<?xml version="1.0" encoding="UTF-8"?>
<testsuites name="Regresyon-eArsiv-eMakbuz" time="2353.807" tests="20" failures="0" errors="0">
   <testsuite name="Regresyon-eArsiv-eMakbuz" tests="20" failures="0" errors="0" time="2353.807" skipped="0" timestamp="2021-10-21 14:06:07" hostname="DELL - DESKTOP-QBVMTUG" id="">
      <properties>
         <property name="deviceName" value=""/>
         <property name="devicePlatform" value=""/>
         <property name="logFolder" value="C:\\Users\\DELL\\Downloads\\EES_Katalon-main\\Reports\\20211021_140437\\Suite Repository\\Regresyon-eArsiv-eMakbuz\\20211021_140449"/>
         <property name="logFiles" value="C:\\Users\\DELL\\Downloads\\EES_Katalon-main\\Reports\\20211021_140437\\Suite Repository\\Regresyon-eArsiv-eMakbuz\\20211021_140449\\execution0.log, C:\\Users\\DELL\\Downloads\\EES_Katalon-main\\Reports\\20211021_140437\\Suite Repository\\Regresyon-eArsiv-eMakbuz\\20211021_140449\\execution1.log, C:\\Users\\DELL\\Downloads\\EES_Katalon-main\\Reports\\20211021_140437\\Suite Repository\\Regresyon-eArsiv-eMakbuz\\20211021_140449\\execution2.log"/>
         <property name="attachments" value=""/>
         <property name="hostName" value="DELL - DESKTOP-QBVMTUG"/>
         <property name="os" value="Windows 10 64bit"/>
         <property name="katalonVersion" value="8.0.5.208"/>
         <property name="browser" value="Chrome 95.0.4638.54"/>
         <property name="hostAddress" value="192.168.1.20"/>
         <property name="sessionId" value="83d4c53a6e9793ee4808f31a6f69f1cb"/>
         <property name="seleniumVersion" value="3.141.59"/>
         <property name="proxyInformation" value="ProxyInformation { proxyOption=NO_PROXY, proxyServerType=HTTP, username=, password=********, proxyServerAddress=, proxyServerPort=0, executionList=&quot;&quot;, isApplyToDesiredCapabilities=true }"/>
         <property name="platform" value="Windows 10"/>
      </properties>
      <testcase name="Test Cases/Case Repository/Regresyon/e-Arsiv/VKN-Elektronik-Hal Komisyoncu" time="149.642" classname="Test Cases/Case Repository/Regresyon/e-Arsiv/VKN-Elektronik-Hal Komisyoncu" status="PASSED">
         <system-out><![CDATA[2021-10-21 14:06:08 - [TEST_CASE][PASSED] - Test Cases/Case Repository/Regresyon/e-Arsiv/VKN-Elektronik-Hal Komisyoncu: Test Cases/Case Repository/Regresyon/e-Arsiv/VKN-Elektronik-Hal Komisyoncu

2021-10-21 14:06:08 - [TEST_STEP][PASSED] - Start listener action : sampleBeforeTestSuite: Invoke 'com.kms.katalon.core.annotation.BeforeTestCase' method: 'Listener.sampleBeforeTestSuite(...)' completed.

2021-10-21 14:06:08 - [MESSAGE][INFO] - Starting invoke 'com.kms.katalon.core.annotation.BeforeTestCase' method: 'Listener.sampleBeforeTestSuite(...)'

2021-10-21 14:06:08 - [TEST_STEP][PASSED] - openBrowser(baseUrl): Browser is opened with url: 'https://efatura-stage.elogo.com.tr/'

2021-10-21 14:06:10 - [MESSAGE][INFO] - Opening browser

2021-10-21 14:06:10 - [MESSAGE][INFO] - Starting 'Chrome' driver

2021-10-21 14:06:10 - [MESSAGE][INFO] - User set preference: ['prefs', '{download.default_directory=C:\otomasyondownfiles}']

2021-10-21 14:06:10 - [MESSAGE][INFO] - Action delay is set to 0 milliseconds

2021-10-21 14:06:15 - [MESSAGE][INFO] - Navigating browser to: 'https://efatura-stage.elogo.com.tr/'

2021-10-21 14:06:20 - [MESSAGE][PASSED] - Browser is opened with url: 'https://efatura-stage.elogo.com.tr/'

2021-10-21 14:06:20 - [TEST_STEP][PASSED] - maximizeWindow(): Invoke 'com.kms.katalon.core.annotation.BeforeTestCase' method: 'Listener.sampleBeforeTestSuite(...)' completed.

2021-10-21 14:06:20 - [MESSAGE][INFO] - Maximizing current window

2021-10-21 14:06:20 - [MESSAGE][PASSED] - Current window maximized

2021-10-21 14:06:20 - [MESSAGE][INFO] - Invoke 'com.kms.katalon.core.annotation.BeforeTestCase' method: 'Listener.sampleBeforeTestSuite(...)' completed.

2021-10-21 14:06:21 - [TEST_STEP][PASSED] - runFeatureFile("Include/features/Regresyon/e-Arsiv/VKN-Elektronik-Hal Komisyoncu.feature"): Feature file: 'Include/features/Regresyon/e-Arsiv/VKN-Elektronik-Hal Komisyoncu.feature' was passed

2021-10-21 14:06:21 - [MESSAGE][INFO] - Starting run keyword runFeatureFile: 'Include/features/Regresyon/e-Arsiv/VKN-Elektronik-Hal Komisyoncu.feature' and extract report to folder: 'C:\Users\DELL\Downloads\EES_Katalon-main\Reports\20211021_140437\Suite Repository\Regresyon-eArsiv-eMakbuz\20211021_140449/cucumber_report/1634814381132'...

2021-10-21 14:06:21 - [MESSAGE][INFO] - Glue: []

2021-10-21 14:06:23 - [MESSAGE][INFO] - Checking called Test Case

2021-10-21 14:06:23 - [MESSAGE][INFO] - Starting to call Test Case 'Test Cases/Sayfalar/Giris_Sayfasi/Login'

2021-10-21 14:06:23 - [TEST_CASE][PASSED] - Test Cases/Sayfalar/Giris_Sayfasi/Login: Test Cases/Sayfalar/Giris_Sayfasi/Login

2021-10-21 14:06:24 - [TEST_STEP][PASSED] - Sayfa_Basligi = getWindowTitle(): Current window's title is: 'LOGO e-Fatura'

2021-10-21 14:06:24 - [MESSAGE][INFO] - Getting current window's title

2021-10-21 14:06:24 - [MESSAGE][PASSED] - Current window's title is: 'LOGO e-Fatura'

2021-10-21 14:06:24 - [TEST_STEP][PASSED] - verifyMatch(Sayfa_Basligi, "LOGO e-Fatura", false): Actual text 'LOGO e-Fatura' and expected text 'LOGO e-Fatura' are matched 

2021-10-21 14:06:24 - [MESSAGE][INFO] - Matching actual text 'LOGO e-Fatura' with expected text 'LOGO e-Fatura'

2021-10-21 14:06:24 - [MESSAGE][PASSED] - Actual text 'LOGO e-Fatura' and expected text 'LOGO e-Fatura' are matched 

2021-10-21 14:06:24 - [TEST_STEP][PASSED] - sendKeys(findTestObject("Sayfalar/Giris_Sayfasi/Firma_Kodu"), KullaniciAdi): Keys 'HALKOMIS' sent to object: 'Object Repository/Sayfalar/Giris_Sayfasi/Firma_Kodu'

2021-10-21 14:06:24 - [MESSAGE][INFO] - Finding Test Object 'Object Repository/Sayfalar/Giris_Sayfasi/Firma_Kodu'

2021-10-21 14:06:25 - [MESSAGE][INFO] - Sending keys 'HALKOMIS' to object: 'Object Repository/Sayfalar/Giris_Sayfasi/Firma_Kodu'

2021-10-21 14:06:25 - [MESSAGE][INFO] - Finding web element from Test Object's properties

2021-10-21 14:06:25 - [MESSAGE][INFO] - Checking timeout

2021-10-21 14:06:25 - [MESSAGE][INFO] - Finding web element with id: 'Object Repository/Sayfalar/Giris_Sayfasi/Firma_Kodu' located by 'By.xpath: //*[@id = 'AccountName']' in '30' second(s)

2021-10-21 14:06:25 - [MESSAGE][INFO] - Smart Wait Function is triggered

2021-10-21 14:06:26 - [MESSAGE][INFO] - Found 1 web elements with id: 'Object Repository/Sayfalar/Giris_Sayfasi/Firma_Kodu' located by 'By.xpath: //*[@id = 'AccountName']' in '30' second(s)

2021-10-21 14:06:26 - [MESSAGE][PASSED] - Keys 'HALKOMIS' sent to object: 'Object Repository/Sayfalar/Giris_Sayfasi/Firma_Kodu'

2021-10-21 14:06:26 - [TEST_STEP][PASSED] - sendKeys(findTestObject("Sayfalar/Giris_Sayfasi/Sifre"), Sifre): Keys 'test1234' sent to object: 'Object Repository/Sayfalar/Giris_Sayfasi/Sifre'

2021-10-21 14:06:26 - [MESSAGE][INFO] - Finding Test Object 'Object Repository/Sayfalar/Giris_Sayfasi/Sifre'

2021-10-21 14:06:26 - [MESSAGE][INFO] - Sending keys 'test1234' to object: 'Object Repository/Sayfalar/Giris_Sayfasi/Sifre'

2021-10-21 14:06:26 - [MESSAGE][INFO] - Finding web element from Test Object's properties

2021-10-21 14:06:26 - [MESSAGE][INFO] - Checking timeout

2021-10-21 14:06:26 - [MESSAGE][INFO] - Finding web element with id: 'Object Repository/Sayfalar/Giris_Sayfasi/Sifre' located by 'By.xpath: //*[@id = 'Password']' in '30' second(s)

2021-10-21 14:06:26 - [MESSAGE][INFO] - Smart Wait Function is triggered

2021-10-21 14:06:27 - [MESSAGE][INFO] - Found 1 web elements with id: 'Object Repository/Sayfalar/Giris_Sayfasi/Sifre' located by 'By.xpath: //*[@id = 'Password']' in '30' second(s)

2021-10-21 14:06:27 - [MESSAGE][PASSED] - Keys 'test1234' sent to object: 'Object Repository/Sayfalar/Giris_Sayfasi/Sifre'

2021-10-21 14:06:27 - [TEST_STEP][PASSED] - findWebElement(findTestObject("Sayfalar/Giris_Sayfasi/Giris_Butonu")).click(): Found 1 web elements with id: 'Object Repository/Sayfalar/Giris_Sayfasi/Giris_Butonu' located by 'By.cssSelector: #btnLogin' in '30' second(s)

2021-10-21 14:06:27 - [MESSAGE][INFO] - Finding Test Object 'Object Repository/Sayfalar/Giris_Sayfasi/Giris_Butonu'

2021-10-21 14:06:27 - [MESSAGE][INFO] - Finding web element from Test Object's properties

2021-10-21 14:06:27 - [MESSAGE][INFO] - Checking timeout

2021-10-21 14:06:27 - [MESSAGE][INFO] - Finding web element with id: 'Object Repository/Sayfalar/Giris_Sayfasi/Giris_Butonu' located by 'By.cssSelector: #btnLogin' in '30' second(s)

2021-10-21 14:06:27 - [MESSAGE][INFO] - Smart Wait Function is triggered

2021-10-21 14:06:28 - [MESSAGE][INFO] - Found 1 web elements with id: 'Object Repository/Sayfalar/Giris_Sayfasi/Giris_Butonu' located by 'By.cssSelector: #btnLogin' in '30' second(s)

2021-10-21 14:06:32 - [TEST_STEP][PASSED] - if (verifyElementPresent(findTestObject("Object Repository/Sayfalar/Giris_Sayfasi/RetveTamam_Butonu"), 5, OPTIONAL)): null

2021-10-21 14:06:32 - [MESSAGE][INFO] - Finding Test Object 'Object Repository/Sayfalar/Giris_Sayfasi/RetveTamam_Butonu'

2021-10-21 14:06:32 - [MESSAGE][INFO] - Checking object

2021-10-21 14:06:32 - [MESSAGE][INFO] - Finding web element from Test Object's properties

2021-10-21 14:06:32 - [MESSAGE][INFO] - Checking timeout

2021-10-21 14:06:32 - [MESSAGE][INFO] - Finding web element with id: 'Object Repository/Sayfalar/Giris_Sayfasi/RetveTamam_Butonu' located by 'By.xpath: //*[@class = 'btn btn-default']' in '5' second(s)

2021-10-21 14:06:32 - [MESSAGE][INFO] - Smart Wait Function is triggered

2021-10-21 14:06:33 - [MESSAGE][INFO] - Found 1 web elements with id: 'Object Repository/Sayfalar/Giris_Sayfasi/RetveTamam_Butonu' located by 'By.xpath: //*[@class = 'btn btn-default']' in '5' second(s)

2021-10-21 14:06:33 - [MESSAGE][PASSED] - Object 'Object Repository/Sayfalar/Giris_Sayfasi/RetveTamam_Butonu' is present

2021-10-21 14:06:33 - [TEST_STEP][PASSED] - click(findTestObject("Object Repository/Sayfalar/Giris_Sayfasi/RetveTamam_Butonu")): Object: 'Object Repository/Sayfalar/Giris_Sayfasi/RetveTamam_Butonu' is clicked on

2021-10-21 14:06:33 - [MESSAGE][INFO] - Finding Test Object 'Object Repository/Sayfalar/Giris_Sayfasi/RetveTamam_Butonu'

2021-10-21 14:06:33 - [MESSAGE][INFO] - Checking object

2021-10-21 14:06:33 - [MESSAGE][INFO] - Finding web element from Test Object's properties

2021-10-21 14:06:33 - [MESSAGE][INFO] - Checking timeout

2021-10-21 14:06:33 - [MESSAGE][INFO] - Finding web element with id: 'Object Repository/Sayfalar/Giris_Sayfasi/RetveTamam_Butonu' located by 'By.xpath: //*[@class = 'btn btn-default']' in '30' second(s)

2021-10-21 14:06:33 - [MESSAGE][INFO] - Smart Wait Function is triggered

2021-10-21 14:06:33 - [MESSAGE][INFO] - Found 1 web elements with id: 'Object Repository/Sayfalar/Giris_Sayfasi/RetveTamam_Butonu' located by 'By.xpath: //*[@class = 'btn btn-default']' in '30' second(s)

2021-10-21 14:06:33 - [MESSAGE][INFO] - Clicking on object: 'Object Repository/Sayfalar/Giris_Sayfasi/RetveTamam_Butonu'

2021-10-21 14:06:33 - [MESSAGE][PASSED] - Object: 'Object Repository/Sayfalar/Giris_Sayfasi/RetveTamam_Butonu' is clicked on

2021-10-21 14:06:33 - [TEST_STEP][PASSED] - click(findTestObject("Object Repository/Sayfalar/Giris_Sayfasi/RetveTamam_Butonu")): Object: 'Object Repository/Sayfalar/Giris_Sayfasi/RetveTamam_Butonu' is clicked on

2021-10-21 14:06:33 - [MESSAGE][INFO] - Finding Test Object 'Object Repository/Sayfalar/Giris_Sayfasi/RetveTamam_Butonu'

2021-10-21 14:06:33 - [MESSAGE][INFO] - Checking object

2021-10-21 14:06:33 - [MESSAGE][INFO] - Finding web element from Test Object's properties

2021-10-21 14:06:33 - [MESSAGE][INFO] - Checking timeout

2021-10-21 14:06:33 - [MESSAGE][INFO] - Finding web element with id: 'Object Repository/Sayfalar/Giris_Sayfasi/RetveTamam_Butonu' located by 'By.xpath: //*[@class = 'btn btn-default']' in '30' second(s)

2021-10-21 14:06:33 - [MESSAGE][INFO] - Smart Wait Function is triggered

2021-10-21 14:06:35 - [MESSAGE][INFO] - Found 1 web elements with id: 'Object Repository/Sayfalar/Giris_Sayfasi/RetveTamam_Butonu' located by 'By.xpath: //*[@class = 'btn btn-default']' in '30' second(s)

2021-10-21 14:06:35 - [MESSAGE][INFO] - Clicking on object: 'Object Repository/Sayfalar/Giris_Sayfasi/RetveTamam_Butonu'

2021-10-21 14:06:35 - [MESSAGE][PASSED] - Object: 'Object Repository/Sayfalar/Giris_Sayfasi/RetveTamam_Butonu' is clicked on

2021-10-21 14:06:35 - [TEST_STEP][PASSED] - if (verifyElementPresent(findTestObject("Sayfalar/Giris_Sayfasi/PopupOK"), 5, OPTIONAL)): null

2021-10-21 14:06:35 - [MESSAGE][INFO] - Finding Test Object 'Object Repository/Sayfalar/Giris_Sayfasi/PopupOK'

2021-10-21 14:06:35 - [MESSAGE][INFO] - Checking object

2021-10-21 14:06:35 - [MESSAGE][INFO] - Finding web element from Test Object's properties

2021-10-21 14:06:35 - [MESSAGE][INFO] - Checking timeout

2021-10-21 14:06:35 - [MESSAGE][INFO] - Finding web element with id: 'Object Repository/Sayfalar/Giris_Sayfasi/PopupOK' located by 'By.cssSelector: .btn.btn-success' in '5' second(s)

2021-10-21 14:06:35 - [MESSAGE][INFO] - Smart Wait Function is triggered

2021-10-21 14:06:36 - [MESSAGE][INFO] - Found 1 web elements with id: 'Object Repository/Sayfalar/Giris_Sayfasi/PopupOK' located by 'By.cssSelector: .btn.btn-success' in '5' second(s)

2021-10-21 14:06:36 - [MESSAGE][PASSED] - Object 'Object Repository/Sayfalar/Giris_Sayfasi/PopupOK' is present

2021-10-21 14:06:36 - [TEST_STEP][PASSED] - click(findTestObject("Object Repository/Sayfalar/Giris_Sayfasi/PopupCarpiGiris")): Object: 'Object Repository/Sayfalar/Giris_Sayfasi/PopupCarpiGiris' is clicked on

2021-10-21 14:06:36 - [MESSAGE][INFO] - Finding Test Object 'Object Repository/Sayfalar/Giris_Sayfasi/PopupCarpiGiris'

2021-10-21 14:06:36 - [MESSAGE][INFO] - Checking object

2021-10-21 14:06:36 - [MESSAGE][INFO] - Finding web element from Test Object's properties

2021-10-21 14:06:36 - [MESSAGE][INFO] - Checking timeout

2021-10-21 14:06:36 - [MESSAGE][INFO] - Finding web element with id: 'Object Repository/Sayfalar/Giris_Sayfasi/PopupCarpiGiris' located by 'By.cssSelector: .bootbox-close-button.close' in '30' second(s)

2021-10-21 14:06:36 - [MESSAGE][INFO] - Smart Wait Function is triggered

2021-10-21 14:06:36 - [MESSAGE][INFO] - Found 1 web elements with id: 'Object Repository/Sayfalar/Giris_Sayfasi/PopupCarpiGiris' located by 'By.cssSelector: .bootbox-close-button.close' in '30' second(s)

2021-10-21 14:06:36 - [MESSAGE][INFO] - Clicking on object: 'Object Repository/Sayfalar/Giris_Sayfasi/PopupCarpiGiris'

2021-10-21 14:06:36 - [MESSAGE][PASSED] - Object: 'Object Repository/Sayfalar/Giris_Sayfasi/PopupCarpiGiris' is clicked on

2021-10-21 14:06:36 - [TEST_STEP][PASSED] - verifyElementVisible(findTestObject("Object Repository/Kullanici_Islemleri/KullaniciIslemleri")): Object 'Object Repository/Kullanici_Islemleri/KullaniciIslemleri' is visible

2021-10-21 14:06:36 - [MESSAGE][INFO] - Finding Test Object 'Object Repository/Kullanici_Islemleri/KullaniciIslemleri'

2021-10-21 14:06:36 - [MESSAGE][INFO] - Checking object

2021-10-21 14:06:36 - [MESSAGE][INFO] - Finding web element from Test Object's properties

2021-10-21 14:06:36 - [MESSAGE][INFO] - Checking timeout

2021-10-21 14:06:36 - [MESSAGE][INFO] - Finding web element with id: 'Object Repository/Kullanici_Islemleri/KullaniciIslemleri' located by 'By.cssSelector: .dropdown>a>img' in '30' second(s)

2021-10-21 14:06:36 - [MESSAGE][INFO] - Smart Wait Function is triggered

2021-10-21 14:06:37 - [MESSAGE][INFO] - Found 1 web elements with id: 'Object Repository/Kullanici_Islemleri/KullaniciIslemleri' located by 'By.cssSelector: .dropdown>a>img' in '30' second(s)

2021-10-21 14:06:37 - [MESSAGE][PASSED] - Object 'Object Repository/Kullanici_Islemleri/KullaniciIslemleri' is visible

2021-10-21 14:06:37 - [MESSAGE][PASSED] - Call Test Case 'Test Cases/Sayfalar/Giris_Sayfasi/Login' successfully

2021-10-21 14:06:37 - [MESSAGE][INFO] - Checking called Test Case

2021-10-21 14:06:37 - [MESSAGE][INFO] - Starting to call Test Case 'Test Cases/Menu/AnaMenuSecimi'

2021-10-21 14:06:37 - [TEST_CASE][PASSED] - Test Cases/Menu/AnaMenuSecimi: Test Cases/Menu/AnaMenuSecimi

2021-10-21 14:06:38 - [TEST_STEP][PASSED] - Method.TextDegerineEsitElementeTikla(findTestObject("Menu/Ana_Menu"), Ana_Menu): Method.TextDegerineEsitElementeTikla is PASSED

2021-10-21 14:06:38 - [MESSAGE][INFO] - Finding Test Object 'Object Repository/Menu/Ana_Menu'

2021-10-21 14:06:38 - [MESSAGE][INFO] - Checking timeout

2021-10-21 14:06:38 - [MESSAGE][INFO] - Finding web element with id: 'Object Repository/Menu/Ana_Menu' located by 'By.xpath: //*[@class = 'dropdown-toggle']' in '10' second(s)

2021-10-21 14:06:38 - [MESSAGE][INFO] - Smart Wait Function is triggered

2021-10-21 14:06:38 - [MESSAGE][INFO] - Found 13 web elements with id: 'Object Repository/Menu/Ana_Menu' located by 'By.xpath: //*[@class = 'dropdown-toggle']' in '10' second(s)

2021-10-21 14:06:38 - [MESSAGE][PASSED] - Method.TextDegerineEsitElementeTikla is PASSED

2021-10-21 14:06:38 - [MESSAGE][PASSED] - Call Test Case 'Test Cases/Menu/AnaMenuSecimi' successfully

2021-10-21 14:06:38 - [MESSAGE][INFO] - Checking called Test Case

2021-10-21 14:06:38 - [MESSAGE][INFO] - Starting to call Test Case 'Test Cases/Menu/BasligaGoreAltMenuSecimi'

2021-10-21 14:06:38 - [TEST_CASE][PASSED] - Test Cases/Menu/BasligaGoreAltMenuSecimi: Test Cases/Menu/BasligaGoreAltMenuSecimi

2021-10-21 14:06:39 - [TEST_STEP][PASSED] - Method.TextDegerineEsitElementinAltindakiTextDegerineEsitOlanaTikla(findTestObject("Menu/Menu_Basligi"), findTestObject("Menu/Basliga_Gore_Alt_Menu"), Baslik, Alt_Menu): Method.TextDegerineEsitElementinAltindakiTextDegerineEsitOlanaTikla is PASSED

2021-10-21 14:06:39 - [MESSAGE][INFO] - Finding Test Object 'Object Repository/Menu/Menu_Basligi'

2021-10-21 14:06:39 - [MESSAGE][INFO] - Finding Test Object 'Object Repository/Menu/Basliga_Gore_Alt_Menu'

2021-10-21 14:06:39 - [MESSAGE][INFO] - Checking timeout

2021-10-21 14:06:39 - [MESSAGE][INFO] - Finding web element with id: 'Object Repository/Menu/Menu_Basligi' located by 'By.xpath: //li[@class='dropdown dropdown-large open']//li[@class='dropdown-header']' in '10' second(s)

2021-10-21 14:06:39 - [MESSAGE][INFO] - Smart Wait Function is triggered

2021-10-21 14:06:40 - [MESSAGE][INFO] - Found 2 web elements with id: 'Object Repository/Menu/Menu_Basligi' located by 'By.xpath: //li[@class='dropdown dropdown-large open']//li[@class='dropdown-header']' in '10' second(s)

2021-10-21 14:06:40 - [MESSAGE][INFO] - Smart Wait Function is triggered

2021-10-21 14:06:45 - [MESSAGE][PASSED] - Method.TextDegerineEsitElementinAltindakiTextDegerineEsitOlanaTikla is PASSED

2021-10-21 14:06:45 - [MESSAGE][PASSED] - Call Test Case 'Test Cases/Menu/BasligaGoreAltMenuSecimi' successfully

2021-10-21 14:06:45 - [MESSAGE][INFO] - Checking called Test Case

2021-10-21 14:06:45 - [MESSAGE][INFO] - Starting to call Test Case 'Test Cases/Tablo/Olusturma Tarihi'

2021-10-21 14:06:45 - [TEST_CASE][PASSED] - Test Cases/Tablo/Olusturma Tarihi: Test Cases/Tablo/Olusturma Tarihi

2021-10-21 14:06:45 - [TEST_STEP][PASSED] - if (verifyTextNotPresent("Görüntülenecek veri yok", true, OPTIONAL)): null

2021-10-21 14:06:45 - [MESSAGE][INFO] - Checking text present  using regular expression

2021-10-21 14:06:45 - [MESSAGE][INFO] - Smart Wait Function is triggered

2021-10-21 14:06:46 - [MESSAGE][INFO] - Finding text 'Görüntülenecek veri yok' on page  using regular expression

2021-10-21 14:06:46 - [MESSAGE][PASSED] - Text 'Görüntülenecek veri yok' is not present on page using regular expression

2021-10-21 14:06:46 - [TEST_STEP][PASSED] - click(findTestObject("Temizle/Olusturma_Tarihi_CheckBox")): Object: 'Object Repository/Temizle/Olusturma_Tarihi_CheckBox' is clicked on

2021-10-21 14:06:46 - [MESSAGE][INFO] - Finding Test Object 'Object Repository/Temizle/Olusturma_Tarihi_CheckBox'

2021-10-21 14:06:46 - [MESSAGE][INFO] - Checking object

2021-10-21 14:06:46 - [MESSAGE][INFO] - Finding web element from Test Object's properties

2021-10-21 14:06:46 - [MESSAGE][INFO] - Checking timeout

2021-10-21 14:06:46 - [MESSAGE][INFO] - Finding web element with id: 'Object Repository/Temizle/Olusturma_Tarihi_CheckBox' located by 'By.xpath: //*[@title = 'Bu sayfadaki tüm satırları Seç']' in '30' second(s)

2021-10-21 14:06:46 - [MESSAGE][INFO] - Smart Wait Function is triggered

2021-10-21 14:06:46 - [MESSAGE][INFO] - Found 1 web elements with id: 'Object Repository/Temizle/Olusturma_Tarihi_CheckBox' located by 'By.xpath: //*[@title = 'Bu sayfadaki tüm satırları Seç']' in '30' second(s)

2021-10-21 14:06:46 - [MESSAGE][INFO] - Clicking on object: 'Object Repository/Temizle/Olusturma_Tarihi_CheckBox'

2021-10-21 14:06:46 - [MESSAGE][PASSED] - Object: 'Object Repository/Temizle/Olusturma_Tarihi_CheckBox' is clicked on

2021-10-21 14:06:46 - [TEST_STEP][PASSED] - Method.TextDegerineEsitElementeTiklaEquals(findTestObject("Butonlar/Butonlar"), "Sil"): Method.TextDegerineEsitElementeTiklaEquals is PASSED

2021-10-21 14:06:46 - [MESSAGE][INFO] - Finding Test Object 'Object Repository/Butonlar/Butonlar'

2021-10-21 14:06:46 - [MESSAGE][INFO] - Checking timeout

2021-10-21 14:06:46 - [MESSAGE][INFO] - Finding web element with id: 'Object Repository/Butonlar/Butonlar' located by 'By.cssSelector: .panel.panel-default.text-center.footerPanel .btn,.btn.btn-primary.btnControls' in '10' second(s)

2021-10-21 14:06:46 - [MESSAGE][INFO] - Smart Wait Function is triggered

2021-10-21 14:06:47 - [MESSAGE][INFO] - Found 10 web elements with id: 'Object Repository/Butonlar/Butonlar' located by 'By.cssSelector: .panel.panel-default.text-center.footerPanel .btn,.btn.btn-primary.btnControls' in '10' second(s)

2021-10-21 14:06:47 - [MESSAGE][PASSED] - Method.TextDegerineEsitElementeTiklaEquals is PASSED

2021-10-21 14:06:47 - [TEST_STEP][PASSED] - Method.TextDegerineEsitElementeTikla(findTestObject("Popup/Popup_Butons"), "Evet"): Method.TextDegerineEsitElementeTikla is PASSED

2021-10-21 14:06:47 - [MESSAGE][INFO] - Finding Test Object 'Object Repository/Popup/Popup_Butons'

2021-10-21 14:06:47 - [MESSAGE][INFO] - Checking timeout

2021-10-21 14:06:47 - [MESSAGE][INFO] - Finding web element with id: 'Object Repository/Popup/Popup_Butons' located by 'By.cssSelector: .modal-footer>button' in '10' second(s)

2021-10-21 14:06:47 - [MESSAGE][INFO] - Smart Wait Function is triggered

2021-10-21 14:06:48 - [MESSAGE][INFO] - Found 2 web elements with id: 'Object Repository/Popup/Popup_Butons' located by 'By.cssSelector: .modal-footer>button' in '10' second(s)

2021-10-21 14:06:48 - [MESSAGE][PASSED] - Method.TextDegerineEsitElementeTikla is PASSED

2021-10-21 14:06:48 - [TEST_STEP][PASSED] - Method.TextDegerineEsitElementeTikla(findTestObject("Popup/Popup_Butons"), "Tamam"): Method.TextDegerineEsitElementeTikla is PASSED

2021-10-21 14:06:48 - [MESSAGE][INFO] - Finding Test Object 'Object Repository/Popup/Popup_Butons'

2021-10-21 14:06:48 - [MESSAGE][INFO] - Checking timeout

2021-10-21 14:06:48 - [MESSAGE][INFO] - Finding web element with id: 'Object Repository/Popup/Popup_Butons' located by 'By.cssSelector: .modal-footer>button' in '10' second(s)

2021-10-21 14:06:48 - [MESSAGE][INFO] - Smart Wait Function is triggered

2021-10-21 14:06:49 - [MESSAGE][INFO] - Found 1 web elements with id: 'Object Repository/Popup/Popup_Butons' located by 'By.cssSelector: .modal-footer>button' in '10' second(s)

2021-10-21 14:06:49 - [MESSAGE][PASSED] - Method.TextDegerineEsitElementeTikla is PASSED

2021-10-21 14:06:49 - [MESSAGE][PASSED] - Call Test Case 'Test Cases/Tablo/Olusturma Tarihi' successfully

2021-10-21 14:06:49 - [MESSAGE][INFO] - Checking called Test Case

2021-10-21 14:06:49 - [MESSAGE][INFO] - Starting to call Test Case 'Test Cases/Butonlar/ButonaTikla'

2021-10-21 14:06:49 - [TEST_CASE][PASSED] - Test Cases/Butonlar/ButonaTikla: Test Cases/Butonlar/ButonaTikla

2021-10-21 14:06:49 - [TEST_STEP][PASSED] - Method.TextDegerineEsitElementeTiklaEquals(findTestObject("Butonlar/Butonlar"), Buton_Adi): Method.TextDegerineEsitElementeTiklaEquals is PASSED

2021-10-21 14:06:49 - [MESSAGE][INFO] - Finding Test Object 'Object Repository/Butonlar/Butonlar'

2021-10-21 14:06:49 - [MESSAGE][INFO] - Checking timeout

2021-10-21 14:06:49 - [MESSAGE][INFO] - Finding web element with id: 'Object Repository/Butonlar/Butonlar' located by 'By.cssSelector: .panel.panel-default.text-center.footerPanel .btn,.btn.btn-primary.btnControls' in '10' second(s)

2021-10-21 14:06:49 - [MESSAGE][INFO] - Smart Wait Function is triggered

2021-10-21 14:06:50 - [MESSAGE][INFO] - Found 10 web elements with id: 'Object Repository/Butonlar/Butonlar' located by 'By.cssSelector: .panel.panel-default.text-center.footerPanel .btn,.btn.btn-primary.btnControls' in '10' second(s)

2021-10-21 14:06:50 - [MESSAGE][PASSED] - Method.TextDegerineEsitElementeTiklaEquals is PASSED

2021-10-21 14:06:50 - [MESSAGE][PASSED] - Call Test Case 'Test Cases/Butonlar/ButonaTikla' successfully

2021-10-21 14:06:50 - [MESSAGE][INFO] - Checking called Test Case

2021-10-21 14:06:50 - [MESSAGE][INFO] - Starting to call Test Case 'Test Cases/Olusturma/Genel/GorselTasarimSayfasıBasligiIceriyorMu'

2021-10-21 14:06:50 - [TEST_CASE][PASSED] - Test Cases/Olusturma/Genel/GorselTasarimSayfasıBasligiIceriyorMu: Test Cases/Olusturma/Genel/GorselTasarimSayfasıBasligiIceriyorMu

2021-10-21 14:06:50 - [TEST_STEP][PASSED] - verifyElementText(findTestObject("Object Repository/Olusturma/Genel/GorselTasarimBaslik"), Baslik): Actual text and expected text of test object 'Object Repository/Olusturma/Genel/GorselTasarimBaslik' are matched.

2021-10-21 14:06:50 - [MESSAGE][INFO] - Finding Test Object 'Object Repository/Olusturma/Genel/GorselTasarimBaslik'

2021-10-21 14:06:50 - [MESSAGE][INFO] - Checking object

2021-10-21 14:06:50 - [MESSAGE][INFO] - Finding web element from Test Object's properties

2021-10-21 14:06:50 - [MESSAGE][INFO] - Checking timeout

2021-10-21 14:06:50 - [MESSAGE][INFO] - Finding web element with id: 'Object Repository/Olusturma/Genel/GorselTasarimBaslik' located by 'By.cssSelector: #flAlici_0>div>span' in '30' second(s)

2021-10-21 14:06:50 - [MESSAGE][INFO] - Smart Wait Function is triggered

2021-10-21 14:06:56 - [MESSAGE][INFO] - Found 1 web elements with id: 'Object Repository/Olusturma/Genel/GorselTasarimBaslik' located by 'By.cssSelector: #flAlici_0>div>span' in '30' second(s)

2021-10-21 14:06:56 - [MESSAGE][PASSED] - Actual text and expected text of test object 'Object Repository/Olusturma/Genel/GorselTasarimBaslik' are matched.

2021-10-21 14:06:56 - [MESSAGE][PASSED] - Call Test Case 'Test Cases/Olusturma/Genel/GorselTasarimSayfasıBasligiIceriyorMu' successfully

2021-10-21 14:06:56 - [MESSAGE][INFO] - Checking called Test Case

2021-10-21 14:06:56 - [MESSAGE][INFO] - Starting to call Test Case 'Test Cases/Olusturma/Genel/AliciSecilir'

2021-10-21 14:06:56 - [TEST_CASE][PASSED] - Test Cases/Olusturma/Genel/AliciSecilir: Test Cases/Olusturma/Genel/AliciSecilir

2021-10-21 14:06:57 - [TEST_STEP][PASSED] - click(findTestObject("Olusturma/Genel/AliciBilgisi/Alici_Ara")): Object: 'Object Repository/Olusturma/Genel/AliciBilgisi/Alici_Ara' is clicked on

2021-10-21 14:06:57 - [MESSAGE][INFO] - Finding Test Object 'Object Repository/Olusturma/Genel/AliciBilgisi/Alici_Ara'

2021-10-21 14:06:57 - [MESSAGE][INFO] - Checking object

2021-10-21 14:06:57 - [MESSAGE][INFO] - Finding web element from Test Object's properties

2021-10-21 14:06:57 - [MESSAGE][INFO] - Checking timeout

2021-10-21 14:06:57 - [MESSAGE][INFO] - Finding web element with id: 'Object Repository/Olusturma/Genel/AliciBilgisi/Alici_Ara' located by 'By.xpath: //td[@id='txtCustomerText_B-1']' in '30' second(s)

2021-10-21 14:06:57 - [MESSAGE][INFO] - Smart Wait Function is triggered

2021-10-21 14:06:57 - [MESSAGE][INFO] - Found 1 web elements with id: 'Object Repository/Olusturma/Genel/AliciBilgisi/Alici_Ara' located by 'By.xpath: //td[@id='txtCustomerText_B-1']' in '30' second(s)

2021-10-21 14:06:57 - [MESSAGE][INFO] - Clicking on object: 'Object Repository/Olusturma/Genel/AliciBilgisi/Alici_Ara'

2021-10-21 14:06:57 - [MESSAGE][PASSED] - Object: 'Object Repository/Olusturma/Genel/AliciBilgisi/Alici_Ara' is clicked on

2021-10-21 14:06:57 - [TEST_STEP][PASSED] - click(findTestObject("Olusturma/Genel/AliciBilgisi/Alici_Bilgisi")): Object: 'Object Repository/Olusturma/Genel/AliciBilgisi/Alici_Bilgisi' is clicked on

2021-10-21 14:06:57 - [MESSAGE][INFO] - Finding Test Object 'Object Repository/Olusturma/Genel/AliciBilgisi/Alici_Bilgisi'

2021-10-21 14:06:57 - [MESSAGE][INFO] - Checking object

2021-10-21 14:06:57 - [MESSAGE][INFO] - Finding web element from Test Object's properties

2021-10-21 14:06:57 - [MESSAGE][INFO] - Checking timeout

2021-10-21 14:06:57 - [MESSAGE][INFO] - Finding web element with id: 'Object Repository/Olusturma/Genel/AliciBilgisi/Alici_Bilgisi' located by 'By.xpath: //iframe[@id='customerselectiframe']' in '30' second(s)

2021-10-21 14:06:57 - [MESSAGE][INFO] - Smart Wait Function is triggered

2021-10-21 14:06:58 - [MESSAGE][INFO] - Found 1 web elements with id: 'Object Repository/Olusturma/Genel/AliciBilgisi/Alici_Bilgisi' located by 'By.xpath: //iframe[@id='customerselectiframe']' in '30' second(s)

2021-10-21 14:06:58 - [MESSAGE][INFO] - Clicking on object: 'Object Repository/Olusturma/Genel/AliciBilgisi/Alici_Bilgisi'

2021-10-21 14:06:58 - [MESSAGE][PASSED] - Object: 'Object Repository/Olusturma/Genel/AliciBilgisi/Alici_Bilgisi' is clicked on

2021-10-21 14:06:58 - [TEST_STEP][PASSED] - setText(findTestObject("Olusturma/Genel/AliciBilgisi/Alici_Gir"), Alici_Adi): Switching to default content

2021-10-21 14:06:58 - [MESSAGE][INFO] - Finding Test Object 'Object Repository/Olusturma/Genel/AliciBilgisi/Alici_Gir'

2021-10-21 14:06:58 - [MESSAGE][INFO] - Finding Test Object 'Object Repository/Olusturma/Genel/AliciBilgisi/Alici_Bilgisi'

2021-10-21 14:06:58 - [MESSAGE][INFO] - Checking object

2021-10-21 14:06:58 - [MESSAGE][INFO] - Checking text

2021-10-21 14:06:58 - [MESSAGE][INFO] - Object: 'Object Repository/Olusturma/Genel/AliciBilgisi/Alici_Gir' has parent object(s)

2021-10-21 14:06:58 - [MESSAGE][INFO] - Switching to iframe: 'Object Repository/Olusturma/Genel/AliciBilgisi/Alici_Bilgisi'

2021-10-21 14:06:58 - [MESSAGE][INFO] - Finding web element from Test Object's properties

2021-10-21 14:06:58 - [MESSAGE][INFO] - Checking timeout

2021-10-21 14:06:58 - [MESSAGE][INFO] - Finding web element with id: 'Object Repository/Olusturma/Genel/AliciBilgisi/Alici_Bilgisi' located by 'By.xpath: //iframe[@id='customerselectiframe']' in '30' second(s)

2021-10-21 14:06:58 - [MESSAGE][INFO] - Smart Wait Function is triggered

2021-10-21 14:06:58 - [MESSAGE][INFO] - Found 1 web elements with id: 'Object Repository/Olusturma/Genel/AliciBilgisi/Alici_Bilgisi' located by 'By.xpath: //iframe[@id='customerselectiframe']' in '30' second(s)

2021-10-21 14:06:58 - [MESSAGE][INFO] - Switched to iframe: 'Object Repository/Olusturma/Genel/AliciBilgisi/Alici_Bilgisi'

2021-10-21 14:06:58 - [MESSAGE][INFO] - Finding web element from Test Object's properties

2021-10-21 14:06:58 - [MESSAGE][INFO] - Checking timeout

2021-10-21 14:06:58 - [MESSAGE][INFO] - Finding web element with id: 'Object Repository/Olusturma/Genel/AliciBilgisi/Alici_Gir' located by 'By.xpath: //input[@id='GridViewCustomer_DXFREditorcol1_I']' in '30' second(s)

2021-10-21 14:06:58 - [MESSAGE][INFO] - Smart Wait Function is triggered

2021-10-21 14:06:58 - [MESSAGE][INFO] - Found 1 web elements with id: 'Object Repository/Olusturma/Genel/AliciBilgisi/Alici_Gir' located by 'By.xpath: //input[@id='GridViewCustomer_DXFREditorcol1_I']' in '30' second(s)

2021-10-21 14:06:58 - [MESSAGE][INFO] - Clearing text of object 'Object Repository/Olusturma/Genel/AliciBilgisi/Alici_Gir'

2021-10-21 14:06:58 - [MESSAGE][INFO] - Finding web element from Test Object's properties

2021-10-21 14:06:58 - [MESSAGE][INFO] - Checking timeout

2021-10-21 14:06:58 - [MESSAGE][INFO] - Finding web element with id: 'Object Repository/Olusturma/Genel/AliciBilgisi/Alici_Gir' located by 'By.xpath: //input[@id='GridViewCustomer_DXFREditorcol1_I']' in '30' second(s)

2021-10-21 14:06:58 - [MESSAGE][INFO] - Smart Wait Function is triggered

2021-10-21 14:06:58 - [MESSAGE][INFO] - Found 1 web elements with id: 'Object Repository/Olusturma/Genel/AliciBilgisi/Alici_Gir' located by 'By.xpath: //input[@id='GridViewCustomer_DXFREditorcol1_I']' in '30' second(s)

2021-10-21 14:06:58 - [MESSAGE][INFO] - Setting text of object 'Object Repository/Olusturma/Genel/AliciBilgisi/Alici_Gir' to value 'UC0001'

2021-10-21 14:06:58 - [MESSAGE][PASSED] - Text 'UC0001' is set on object 'Object Repository/Olusturma/Genel/AliciBilgisi/Alici_Gir'

2021-10-21 14:06:58 - [MESSAGE][INFO] - Switching to default content

2021-10-21 14:06:59 - [TEST_STEP][PASSED] - waitForElementClickable(findTestObject("Olusturma/Genel/AliciBilgisi/Alici_Adi"), 10): Switching to default content

2021-10-21 14:06:59 - [MESSAGE][INFO] - Finding Test Object 'Object Repository/Olusturma/Genel/AliciBilgisi/Alici_Adi'

2021-10-21 14:06:59 - [MESSAGE][INFO] - Finding Test Object 'Object Repository/Olusturma/Genel/AliciBilgisi/iframe_Alc Bilgisi_customerselectiframe'

2021-10-21 14:06:59 - [MESSAGE][INFO] - Checking object

2021-10-21 14:06:59 - [MESSAGE][INFO] - Checking timeout

2021-10-21 14:06:59 - [MESSAGE][INFO] - Object: 'Object Repository/Olusturma/Genel/AliciBilgisi/Alici_Adi' has parent object(s)

2021-10-21 14:06:59 - [MESSAGE][INFO] - Switching to iframe: 'Object Repository/Olusturma/Genel/AliciBilgisi/iframe_Alc Bilgisi_customerselectiframe'

2021-10-21 14:06:59 - [MESSAGE][INFO] - Finding web element from Test Object's properties

2021-10-21 14:06:59 - [MESSAGE][INFO] - Checking timeout

2021-10-21 14:06:59 - [MESSAGE][INFO] - Finding web element with id: 'Object Repository/Olusturma/Genel/AliciBilgisi/iframe_Alc Bilgisi_customerselectiframe' located by 'By.xpath: //iframe[@id='customerselectiframe']' in '10' second(s)

2021-10-21 14:06:59 - [MESSAGE][INFO] - Smart Wait Function is triggered

2021-10-21 14:06:59 - [MESSAGE][INFO] - Found 1 web elements with id: 'Object Repository/Olusturma/Genel/AliciBilgisi/iframe_Alc Bilgisi_customerselectiframe' located by 'By.xpath: //iframe[@id='customerselectiframe']' in '10' second(s)

2021-10-21 14:06:59 - [MESSAGE][INFO] - Switched to iframe: 'Object Repository/Olusturma/Genel/AliciBilgisi/iframe_Alc Bilgisi_customerselectiframe'

2021-10-21 14:06:59 - [MESSAGE][INFO] - Finding web element from Test Object's properties

2021-10-21 14:06:59 - [MESSAGE][INFO] - Checking timeout

2021-10-21 14:06:59 - [MESSAGE][INFO] - Finding web element with id: 'Object Repository/Olusturma/Genel/AliciBilgisi/Alici_Adi' located by 'By.xpath: //tr[@id='GridViewCustomer_DXDataRow0']/td[2]' in '10' second(s)

2021-10-21 14:06:59 - [MESSAGE][INFO] - Smart Wait Function is triggered

2021-10-21 14:06:59 - [MESSAGE][INFO] - Found 1 web elements with id: 'Object Repository/Olusturma/Genel/AliciBilgisi/Alici_Adi' located by 'By.xpath: //tr[@id='GridViewCustomer_DXDataRow0']/td[2]' in '10' second(s)

2021-10-21 14:06:59 - [MESSAGE][PASSED] - Object 'Object Repository/Olusturma/Genel/AliciBilgisi/Alici_Adi' is clickable

2021-10-21 14:06:59 - [MESSAGE][INFO] - Switching to default content

2021-10-21 14:06:59 - [TEST_STEP][PASSED] - click(findTestObject("Olusturma/Genel/AliciBilgisi/frame")): Switching to default content

2021-10-21 14:06:59 - [MESSAGE][INFO] - Finding Test Object 'Object Repository/Olusturma/Genel/AliciBilgisi/frame'

2021-10-21 14:06:59 - [MESSAGE][INFO] - Finding Test Object 'Object Repository/Olusturma/Genel/AliciBilgisi/iframe_Alc Bilgisi_customerselectiframe'

2021-10-21 14:06:59 - [MESSAGE][INFO] - Checking object

2021-10-21 14:06:59 - [MESSAGE][INFO] - Object: 'Object Repository/Olusturma/Genel/AliciBilgisi/frame' has parent object(s)

2021-10-21 14:06:59 - [MESSAGE][INFO] - Switching to iframe: 'Object Repository/Olusturma/Genel/AliciBilgisi/iframe_Alc Bilgisi_customerselectiframe'

2021-10-21 14:06:59 - [MESSAGE][INFO] - Finding web element from Test Object's properties

2021-10-21 14:06:59 - [MESSAGE][INFO] - Checking timeout

2021-10-21 14:06:59 - [MESSAGE][INFO] - Finding web element with id: 'Object Repository/Olusturma/Genel/AliciBilgisi/iframe_Alc Bilgisi_customerselectiframe' located by 'By.xpath: //iframe[@id='customerselectiframe']' in '30' second(s)

2021-10-21 14:06:59 - [MESSAGE][INFO] - Smart Wait Function is triggered

2021-10-21 14:07:00 - [MESSAGE][INFO] - Found 1 web elements with id: 'Object Repository/Olusturma/Genel/AliciBilgisi/iframe_Alc Bilgisi_customerselectiframe' located by 'By.xpath: //iframe[@id='customerselectiframe']' in '30' second(s)

2021-10-21 14:07:00 - [MESSAGE][INFO] - Switched to iframe: 'Object Repository/Olusturma/Genel/AliciBilgisi/iframe_Alc Bilgisi_customerselectiframe'

2021-10-21 14:07:00 - [MESSAGE][INFO] - Finding web element from Test Object's properties

2021-10-21 14:07:00 - [MESSAGE][INFO] - Checking timeout

2021-10-21 14:07:00 - [MESSAGE][INFO] - Finding web element with id: 'Object Repository/Olusturma/Genel/AliciBilgisi/frame' located by 'By.xpath: //*/text()[normalize-space(.)='']/parent::*' in '30' second(s)

2021-10-21 14:07:00 - [MESSAGE][INFO] - Smart Wait Function is triggered

2021-10-21 14:07:00 - [MESSAGE][INFO] - Found 66 web elements with id: 'Object Repository/Olusturma/Genel/AliciBilgisi/frame' located by 'By.xpath: //*/text()[normalize-space(.)='']/parent::*' in '30' second(s)

2021-10-21 14:07:00 - [MESSAGE][INFO] - Clicking on object: 'Object Repository/Olusturma/Genel/AliciBilgisi/frame'

2021-10-21 14:07:00 - [MESSAGE][PASSED] - Object: 'Object Repository/Olusturma/Genel/AliciBilgisi/frame' is clicked on

2021-10-21 14:07:00 - [MESSAGE][INFO] - Switching to default content

2021-10-21 14:07:00 - [TEST_STEP][PASSED] - click(findTestObject("Olusturma/Genel/AliciBilgisi/Alici_Adi")): Switching to default content

2021-10-21 14:07:00 - [MESSAGE][INFO] - Finding Test Object 'Object Repository/Olusturma/Genel/AliciBilgisi/Alici_Adi'

2021-10-21 14:07:00 - [MESSAGE][INFO] - Finding Test Object 'Object Repository/Olusturma/Genel/AliciBilgisi/iframe_Alc Bilgisi_customerselectiframe'

2021-10-21 14:07:00 - [MESSAGE][INFO] - Checking object

2021-10-21 14:07:00 - [MESSAGE][INFO] - Object: 'Object Repository/Olusturma/Genel/AliciBilgisi/Alici_Adi' has parent object(s)

2021-10-21 14:07:00 - [MESSAGE][INFO] - Switching to iframe: 'Object Repository/Olusturma/Genel/AliciBilgisi/iframe_Alc Bilgisi_customerselectiframe'

2021-10-21 14:07:00 - [MESSAGE][INFO] - Finding web element from Test Object's properties

2021-10-21 14:07:00 - [MESSAGE][INFO] - Checking timeout

2021-10-21 14:07:00 - [MESSAGE][INFO] - Finding web element with id: 'Object Repository/Olusturma/Genel/AliciBilgisi/iframe_Alc Bilgisi_customerselectiframe' located by 'By.xpath: //iframe[@id='customerselectiframe']' in '30' second(s)

2021-10-21 14:07:00 - [MESSAGE][INFO] - Smart Wait Function is triggered

2021-10-21 14:07:01 - [MESSAGE][INFO] - Found 1 web elements with id: 'Object Repository/Olusturma/Genel/AliciBilgisi/iframe_Alc Bilgisi_customerselectiframe' located by 'By.xpath: //iframe[@id='customerselectiframe']' in '30' second(s)

2021-10-21 14:07:01 - [MESSAGE][INFO] - Switched to iframe: 'Object Repository/Olusturma/Genel/AliciBilgisi/iframe_Alc Bilgisi_customerselectiframe'

2021-10-21 14:07:01 - [MESSAGE][INFO] - Finding web element from Test Object's properties

2021-10-21 14:07:01 - [MESSAGE][INFO] - Checking timeout

2021-10-21 14:07:01 - [MESSAGE][INFO] - Finding web element with id: 'Object Repository/Olusturma/Genel/AliciBilgisi/Alici_Adi' located by 'By.xpath: //tr[@id='GridViewCustomer_DXDataRow0']/td[2]' in '30' second(s)

2021-10-21 14:07:01 - [MESSAGE][INFO] - Smart Wait Function is triggered

2021-10-21 14:07:01 - [MESSAGE][INFO] - Found 1 web elements with id: 'Object Repository/Olusturma/Genel/AliciBilgisi/Alici_Adi' located by 'By.xpath: //tr[@id='GridViewCustomer_DXDataRow0']/td[2]' in '30' second(s)

2021-10-21 14:07:01 - [MESSAGE][INFO] - Clicking on object: 'Object Repository/Olusturma/Genel/AliciBilgisi/Alici_Adi'

2021-10-21 14:07:01 - [MESSAGE][PASSED] - Object: 'Object Repository/Olusturma/Genel/AliciBilgisi/Alici_Adi' is clicked on

2021-10-21 14:07:01 - [MESSAGE][INFO] - Switching to default content

2021-10-21 14:07:01 - [TEST_STEP][PASSED] - click(findTestObject("Olusturma/Genel/AliciBilgisi/Tamam_Bosluk")): Switching to default content

2021-10-21 14:07:01 - [MESSAGE][INFO] - Finding Test Object 'Object Repository/Olusturma/Genel/AliciBilgisi/Tamam_Bosluk'

2021-10-21 14:07:01 - [MESSAGE][INFO] - Finding Test Object 'Object Repository/Olusturma/Genel/AliciBilgisi/Alici_Bilgisi'

2021-10-21 14:07:01 - [MESSAGE][INFO] - Checking object

2021-10-21 14:07:01 - [MESSAGE][INFO] - Object: 'Object Repository/Olusturma/Genel/AliciBilgisi/Tamam_Bosluk' has parent object(s)

2021-10-21 14:07:01 - [MESSAGE][INFO] - Switching to iframe: 'Object Repository/Olusturma/Genel/AliciBilgisi/Alici_Bilgisi'

2021-10-21 14:07:01 - [MESSAGE][INFO] - Finding web element from Test Object's properties

2021-10-21 14:07:01 - [MESSAGE][INFO] - Checking timeout

2021-10-21 14:07:01 - [MESSAGE][INFO] - Finding web element with id: 'Object Repository/Olusturma/Genel/AliciBilgisi/Alici_Bilgisi' located by 'By.xpath: //iframe[@id='customerselectiframe']' in '30' second(s)

2021-10-21 14:07:01 - [MESSAGE][INFO] - Smart Wait Function is triggered

2021-10-21 14:07:01 - [MESSAGE][INFO] - Found 1 web elements with id: 'Object Repository/Olusturma/Genel/AliciBilgisi/Alici_Bilgisi' located by 'By.xpath: //iframe[@id='customerselectiframe']' in '30' second(s)

2021-10-21 14:07:01 - [MESSAGE][INFO] - Switched to iframe: 'Object Repository/Olusturma/Genel/AliciBilgisi/Alici_Bilgisi'

2021-10-21 14:07:01 - [MESSAGE][INFO] - Finding web element from Test Object's properties

2021-10-21 14:07:01 - [MESSAGE][INFO] - Checking timeout

2021-10-21 14:07:01 - [MESSAGE][INFO] - Finding web element with id: 'Object Repository/Olusturma/Genel/AliciBilgisi/Tamam_Bosluk' located by 'By.xpath: (.//*[normalize-space(text()) and normalize-space(.)='Sayfa Boyutu:'])[1]/following::div[7]' in '30' second(s)

2021-10-21 14:07:01 - [MESSAGE][INFO] - Smart Wait Function is triggered

2021-10-21 14:07:01 - [MESSAGE][INFO] - Found 1 web elements with id: 'Object Repository/Olusturma/Genel/AliciBilgisi/Tamam_Bosluk' located by 'By.xpath: (.//*[normalize-space(text()) and normalize-space(.)='Sayfa Boyutu:'])[1]/following::div[7]' in '30' second(s)

2021-10-21 14:07:01 - [MESSAGE][INFO] - Clicking on object: 'Object Repository/Olusturma/Genel/AliciBilgisi/Tamam_Bosluk'

2021-10-21 14:07:01 - [MESSAGE][PASSED] - Object: 'Object Repository/Olusturma/Genel/AliciBilgisi/Tamam_Bosluk' is clicked on

2021-10-21 14:07:01 - [MESSAGE][INFO] - Switching to default content

2021-10-21 14:07:01 - [TEST_STEP][PASSED] - waitForElementClickable(findTestObject("Olusturma/Genel/AliciBilgisi/Tamam_Butonu"), 10): Switching to default content

2021-10-21 14:07:01 - [MESSAGE][INFO] - Finding Test Object 'Object Repository/Olusturma/Genel/AliciBilgisi/Tamam_Butonu'

2021-10-21 14:07:02 - [MESSAGE][INFO] - Finding Test Object 'Object Repository/Olusturma/Genel/AliciBilgisi/Alici_Bilgisi'

2021-10-21 14:07:02 - [MESSAGE][INFO] - Checking object

2021-10-21 14:07:02 - [MESSAGE][INFO] - Checking timeout

2021-10-21 14:07:02 - [MESSAGE][INFO] - Object: 'Object Repository/Olusturma/Genel/AliciBilgisi/Tamam_Butonu' has parent object(s)

2021-10-21 14:07:02 - [MESSAGE][INFO] - Switching to iframe: 'Object Repository/Olusturma/Genel/AliciBilgisi/Alici_Bilgisi'

2021-10-21 14:07:02 - [MESSAGE][INFO] - Finding web element from Test Object's properties

2021-10-21 14:07:02 - [MESSAGE][INFO] - Checking timeout

2021-10-21 14:07:02 - [MESSAGE][INFO] - Finding web element with id: 'Object Repository/Olusturma/Genel/AliciBilgisi/Alici_Bilgisi' located by 'By.xpath: //iframe[@id='customerselectiframe']' in '10' second(s)

2021-10-21 14:07:02 - [MESSAGE][INFO] - Smart Wait Function is triggered

2021-10-21 14:07:02 - [MESSAGE][INFO] - Found 1 web elements with id: 'Object Repository/Olusturma/Genel/AliciBilgisi/Alici_Bilgisi' located by 'By.xpath: //iframe[@id='customerselectiframe']' in '10' second(s)

2021-10-21 14:07:02 - [MESSAGE][INFO] - Switched to iframe: 'Object Repository/Olusturma/Genel/AliciBilgisi/Alici_Bilgisi'

2021-10-21 14:07:02 - [MESSAGE][INFO] - Finding web element from Test Object's properties

2021-10-21 14:07:02 - [MESSAGE][INFO] - Checking timeout

2021-10-21 14:07:02 - [MESSAGE][INFO] - Finding web element with id: 'Object Repository/Olusturma/Genel/AliciBilgisi/Tamam_Butonu' located by 'By.xpath: //div[@id='btnSelectCustomer_CD']/span' in '10' second(s)

2021-10-21 14:07:02 - [MESSAGE][INFO] - Smart Wait Function is triggered

2021-10-21 14:07:02 - [MESSAGE][INFO] - Found 1 web elements with id: 'Object Repository/Olusturma/Genel/AliciBilgisi/Tamam_Butonu' located by 'By.xpath: //div[@id='btnSelectCustomer_CD']/span' in '10' second(s)

2021-10-21 14:07:02 - [MESSAGE][PASSED] - Object 'Object Repository/Olusturma/Genel/AliciBilgisi/Tamam_Butonu' is clickable

2021-10-21 14:07:02 - [MESSAGE][INFO] - Switching to default content

2021-10-21 14:07:02 - [TEST_STEP][PASSED] - click(findTestObject("Olusturma/Genel/AliciBilgisi/Tamam_Butonu")): Switching to default content

2021-10-21 14:07:02 - [MESSAGE][INFO] - Finding Test Object 'Object Repository/Olusturma/Genel/AliciBilgisi/Tamam_Butonu'

2021-10-21 14:07:02 - [MESSAGE][INFO] - Finding Test Object 'Object Repository/Olusturma/Genel/AliciBilgisi/Alici_Bilgisi'

2021-10-21 14:07:02 - [MESSAGE][INFO] - Checking object

2021-10-21 14:07:02 - [MESSAGE][INFO] - Object: 'Object Repository/Olusturma/Genel/AliciBilgisi/Tamam_Butonu' has parent object(s)

2021-10-21 14:07:02 - [MESSAGE][INFO] - Switching to iframe: 'Object Repository/Olusturma/Genel/AliciBilgisi/Alici_Bilgisi'

2021-10-21 14:07:02 - [MESSAGE][INFO] - Finding web element from Test Object's properties

2021-10-21 14:07:02 - [MESSAGE][INFO] - Checking timeout

2021-10-21 14:07:02 - [MESSAGE][INFO] - Finding web element with id: 'Object Repository/Olusturma/Genel/AliciBilgisi/Alici_Bilgisi' located by 'By.xpath: //iframe[@id='customerselectiframe']' in '30' second(s)

2021-10-21 14:07:02 - [MESSAGE][INFO] - Smart Wait Function is triggered

2021-10-21 14:07:03 - [MESSAGE][INFO] - Found 1 web elements with id: 'Object Repository/Olusturma/Genel/AliciBilgisi/Alici_Bilgisi' located by 'By.xpath: //iframe[@id='customerselectiframe']' in '30' second(s)

2021-10-21 14:07:03 - [MESSAGE][INFO] - Switched to iframe: 'Object Repository/Olusturma/Genel/AliciBilgisi/Alici_Bilgisi'

2021-10-21 14:07:03 - [MESSAGE][INFO] - Finding web element from Test Object's properties

2021-10-21 14:07:03 - [MESSAGE][INFO] - Checking timeout

2021-10-21 14:07:03 - [MESSAGE][INFO] - Finding web element with id: 'Object Repository/Olusturma/Genel/AliciBilgisi/Tamam_Butonu' located by 'By.xpath: //div[@id='btnSelectCustomer_CD']/span' in '30' second(s)

2021-10-21 14:07:03 - [MESSAGE][INFO] - Smart Wait Function is triggered

2021-10-21 14:07:03 - [MESSAGE][INFO] - Found 1 web elements with id: 'Object Repository/Olusturma/Genel/AliciBilgisi/Tamam_Butonu' located by 'By.xpath: //div[@id='btnSelectCustomer_CD']/span' in '30' second(s)

2021-10-21 14:07:03 - [MESSAGE][INFO] - Clicking on object: 'Object Repository/Olusturma/Genel/AliciBilgisi/Tamam_Butonu'

2021-10-21 14:07:03 - [MESSAGE][PASSED] - Object: 'Object Repository/Olusturma/Genel/AliciBilgisi/Tamam_Butonu' is clicked on

2021-10-21 14:07:03 - [MESSAGE][INFO] - Switching to default content

2021-10-21 14:07:03 - [TEST_STEP][PASSED] - waitForElementPresent(findTestObject("Olusturma/Genel/AliciBilgisi/VKN-TCKN"), 10): Object 'Object Repository/Olusturma/Genel/AliciBilgisi/VKN-TCKN' is present

2021-10-21 14:07:03 - [MESSAGE][INFO] - Finding Test Object 'Object Repository/Olusturma/Genel/AliciBilgisi/VKN-TCKN'

2021-10-21 14:07:03 - [MESSAGE][INFO] - Checking object

2021-10-21 14:07:03 - [MESSAGE][INFO] - Finding web element from Test Object's properties

2021-10-21 14:07:03 - [MESSAGE][INFO] - Checking timeout

2021-10-21 14:07:03 - [MESSAGE][INFO] - Finding web element with id: 'Object Repository/Olusturma/Genel/AliciBilgisi/VKN-TCKN' located by 'By.xpath: //*[@id = 'txtVknTckn_I']' in '10' second(s)

2021-10-21 14:07:03 - [MESSAGE][INFO] - Smart Wait Function is triggered

2021-10-21 14:07:03 - [MESSAGE][INFO] - Found 1 web elements with id: 'Object Repository/Olusturma/Genel/AliciBilgisi/VKN-TCKN' located by 'By.xpath: //*[@id = 'txtVknTckn_I']' in '10' second(s)

2021-10-21 14:07:03 - [MESSAGE][PASSED] - Object 'Object Repository/Olusturma/Genel/AliciBilgisi/VKN-TCKN' is present

2021-10-21 14:07:03 - [TEST_STEP][PASSED] - text = getAttribute(findTestObject("Olusturma/Genel/AliciBilgisi/VKN-TCKN"), "value"): Attribute 'value' of object 'Object Repository/Olusturma/Genel/AliciBilgisi/VKN-TCKN' is: '5321289071'

2021-10-21 14:07:03 - [MESSAGE][INFO] - Finding Test Object 'Object Repository/Olusturma/Genel/AliciBilgisi/VKN-TCKN'

2021-10-21 14:07:03 - [MESSAGE][INFO] - Checking object

2021-10-21 14:07:03 - [MESSAGE][INFO] - Checking attribute

2021-10-21 14:07:03 - [MESSAGE][INFO] - Finding web element from Test Object's properties

2021-10-21 14:07:03 - [MESSAGE][INFO] - Checking timeout

2021-10-21 14:07:03 - [MESSAGE][INFO] - Finding web element with id: 'Object Repository/Olusturma/Genel/AliciBilgisi/VKN-TCKN' located by 'By.xpath: //*[@id = 'txtVknTckn_I']' in '30' second(s)

2021-10-21 14:07:03 - [MESSAGE][INFO] - Smart Wait Function is triggered

2021-10-21 14:07:04 - [MESSAGE][INFO] - Found 1 web elements with id: 'Object Repository/Olusturma/Genel/AliciBilgisi/VKN-TCKN' located by 'By.xpath: //*[@id = 'txtVknTckn_I']' in '30' second(s)

2021-10-21 14:07:04 - [MESSAGE][INFO] - Getting attribute 'value' of object 'Object Repository/Olusturma/Genel/AliciBilgisi/VKN-TCKN'

2021-10-21 14:07:04 - [MESSAGE][PASSED] - Attribute 'value' of object 'Object Repository/Olusturma/Genel/AliciBilgisi/VKN-TCKN' is: '5321289071'

2021-10-21 14:07:04 - [TEST_STEP][PASSED] - if (text.equals("")): null

2021-10-21 14:07:04 - [MESSAGE][PASSED] - Call Test Case 'Test Cases/Olusturma/Genel/AliciSecilir' successfully

2021-10-21 14:07:04 - [MESSAGE][INFO] - Checking called Test Case

2021-10-21 14:07:04 - [MESSAGE][INFO] - Starting to call Test Case 'Test Cases/Olusturma/Genel/GonderimSekliSecilir'

2021-10-21 14:07:04 - [TEST_CASE][PASSED] - Test Cases/Olusturma/Genel/GonderimSekliSecilir: Test Cases/Olusturma/Genel/GonderimSekliSecilir

2021-10-21 14:07:04 - [TEST_STEP][PASSED] - waitForElementClickable(findTestObject("Object Repository/Olusturma/Genel/GonderimSekli/GonderimSekli"), 10): Object 'Object Repository/Olusturma/Genel/GonderimSekli/GonderimSekli' is clickable

2021-10-21 14:07:04 - [MESSAGE][INFO] - Finding Test Object 'Object Repository/Olusturma/Genel/GonderimSekli/GonderimSekli'

2021-10-21 14:07:04 - [MESSAGE][INFO] - Checking object

2021-10-21 14:07:04 - [MESSAGE][INFO] - Checking timeout

2021-10-21 14:07:04 - [MESSAGE][INFO] - Finding web element from Test Object's properties

2021-10-21 14:07:04 - [MESSAGE][INFO] - Checking timeout

2021-10-21 14:07:04 - [MESSAGE][INFO] - Finding web element with id: 'Object Repository/Olusturma/Genel/GonderimSekli/GonderimSekli' located by 'By.xpath: //*[@id = 'txtGonderimSekil_I']' in '10' second(s)

2021-10-21 14:07:04 - [MESSAGE][INFO] - Smart Wait Function is triggered

2021-10-21 14:07:04 - [MESSAGE][INFO] - Found 1 web elements with id: 'Object Repository/Olusturma/Genel/GonderimSekli/GonderimSekli' located by 'By.xpath: //*[@id = 'txtGonderimSekil_I']' in '10' second(s)

2021-10-21 14:07:04 - [MESSAGE][PASSED] - Object 'Object Repository/Olusturma/Genel/GonderimSekli/GonderimSekli' is clickable

2021-10-21 14:07:04 - [TEST_STEP][PASSED] - click(findTestObject("Object Repository/Olusturma/Genel/GonderimSekli/GonderimSekli")): Object: 'Object Repository/Olusturma/Genel/GonderimSekli/GonderimSekli' is clicked on

2021-10-21 14:07:05 - [MESSAGE][INFO] - Finding Test Object 'Object Repository/Olusturma/Genel/GonderimSekli/GonderimSekli'

2021-10-21 14:07:05 - [MESSAGE][INFO] - Checking object

2021-10-21 14:07:05 - [MESSAGE][INFO] - Finding web element from Test Object's properties

2021-10-21 14:07:05 - [MESSAGE][INFO] - Checking timeout

2021-10-21 14:07:05 - [MESSAGE][INFO] - Finding web element with id: 'Object Repository/Olusturma/Genel/GonderimSekli/GonderimSekli' located by 'By.xpath: //*[@id = 'txtGonderimSekil_I']' in '30' second(s)

2021-10-21 14:07:05 - [MESSAGE][INFO] - Smart Wait Function is triggered

2021-10-21 14:07:05 - [MESSAGE][INFO] - Found 1 web elements with id: 'Object Repository/Olusturma/Genel/GonderimSekli/GonderimSekli' located by 'By.xpath: //*[@id = 'txtGonderimSekil_I']' in '30' second(s)

2021-10-21 14:07:05 - [MESSAGE][INFO] - Clicking on object: 'Object Repository/Olusturma/Genel/GonderimSekli/GonderimSekli'

2021-10-21 14:07:05 - [MESSAGE][PASSED] - Object: 'Object Repository/Olusturma/Genel/GonderimSekli/GonderimSekli' is clicked on

2021-10-21 14:07:05 - [TEST_STEP][PASSED] - Method.TextDegerineEsitElementeTikla(findTestObject("Object Repository/Olusturma/Genel/GonderimSekli/GonderimSekliAdi"), GonderimSekli): Method.TextDegerineEsitElementeTikla is PASSED

2021-10-21 14:07:05 - [MESSAGE][INFO] - Finding Test Object 'Object Repository/Olusturma/Genel/GonderimSekli/GonderimSekliAdi'

2021-10-21 14:07:05 - [MESSAGE][INFO] - Checking timeout

2021-10-21 14:07:05 - [MESSAGE][INFO] - Finding web element with id: 'Object Repository/Olusturma/Genel/GonderimSekli/GonderimSekliAdi' located by 'By.cssSelector: #txtGonderimSekil_DDD_L_LBT td' in '10' second(s)

2021-10-21 14:07:05 - [MESSAGE][INFO] - Smart Wait Function is triggered

2021-10-21 14:07:06 - [MESSAGE][INFO] - Found 2 web elements with id: 'Object Repository/Olusturma/Genel/GonderimSekli/GonderimSekliAdi' located by 'By.cssSelector: #txtGonderimSekil_DDD_L_LBT td' in '10' second(s)

2021-10-21 14:07:06 - [MESSAGE][PASSED] - Method.TextDegerineEsitElementeTikla is PASSED

2021-10-21 14:07:06 - [MESSAGE][PASSED] - Call Test Case 'Test Cases/Olusturma/Genel/GonderimSekliSecilir' successfully

2021-10-21 14:07:06 - [MESSAGE][INFO] - Checking called Test Case

2021-10-21 14:07:06 - [MESSAGE][INFO] - Starting to call Test Case 'Test Cases/Olusturma/Genel/TipSecilir'

2021-10-21 14:07:06 - [TEST_CASE][PASSED] - Test Cases/Olusturma/Genel/TipSecilir: Test Cases/Olusturma/Genel/TipSecilir

2021-10-21 14:07:06 - [TEST_STEP][PASSED] - waitForElementClickable(findTestObject("Olusturma/Genel/TipSecilir/Tip"), 10): Object 'Object Repository/Olusturma/Genel/TipSecilir/Tip' is clickable

2021-10-21 14:07:06 - [MESSAGE][INFO] - Finding Test Object 'Object Repository/Olusturma/Genel/TipSecilir/Tip'

2021-10-21 14:07:06 - [MESSAGE][INFO] - Checking object

2021-10-21 14:07:06 - [MESSAGE][INFO] - Checking timeout

2021-10-21 14:07:06 - [MESSAGE][INFO] - Finding web element from Test Object's properties

2021-10-21 14:07:06 - [MESSAGE][INFO] - Checking timeout

2021-10-21 14:07:06 - [MESSAGE][INFO] - Finding web element with id: 'Object Repository/Olusturma/Genel/TipSecilir/Tip' located by 'By.xpath: //*[@id = 'DocumentTypeCode_I']' in '10' second(s)

2021-10-21 14:07:06 - [MESSAGE][INFO] - Smart Wait Function is triggered

2021-10-21 14:07:07 - [MESSAGE][INFO] - Found 1 web elements with id: 'Object Repository/Olusturma/Genel/TipSecilir/Tip' located by 'By.xpath: //*[@id = 'DocumentTypeCode_I']' in '10' second(s)

2021-10-21 14:07:07 - [MESSAGE][PASSED] - Object 'Object Repository/Olusturma/Genel/TipSecilir/Tip' is clickable

2021-10-21 14:07:07 - [TEST_STEP][PASSED] - click(findTestObject("Olusturma/Genel/TipSecilir/Tip")): Object: 'Object Repository/Olusturma/Genel/TipSecilir/Tip' is clicked on

2021-10-21 14:07:07 - [MESSAGE][INFO] - Finding Test Object 'Object Repository/Olusturma/Genel/TipSecilir/Tip'

2021-10-21 14:07:07 - [MESSAGE][INFO] - Checking object

2021-10-21 14:07:07 - [MESSAGE][INFO] - Finding web element from Test Object's properties

2021-10-21 14:07:07 - [MESSAGE][INFO] - Checking timeout

2021-10-21 14:07:07 - [MESSAGE][INFO] - Finding web element with id: 'Object Repository/Olusturma/Genel/TipSecilir/Tip' located by 'By.xpath: //*[@id = 'DocumentTypeCode_I']' in '30' second(s)

2021-10-21 14:07:07 - [MESSAGE][INFO] - Smart Wait Function is triggered

2021-10-21 14:07:07 - [MESSAGE][INFO] - Found 1 web elements with id: 'Object Repository/Olusturma/Genel/TipSecilir/Tip' located by 'By.xpath: //*[@id = 'DocumentTypeCode_I']' in '30' second(s)

2021-10-21 14:07:07 - [MESSAGE][INFO] - Clicking on object: 'Object Repository/Olusturma/Genel/TipSecilir/Tip'

2021-10-21 14:07:07 - [MESSAGE][PASSED] - Object: 'Object Repository/Olusturma/Genel/TipSecilir/Tip' is clicked on

2021-10-21 14:07:07 - [TEST_STEP][PASSED] - Method.TextDegerineEsitElementeTikla(findTestObject("Object Repository/Olusturma/Genel/TipSecilir/Tip_Adi"), Tip): Method.TextDegerineEsitElementeTikla is PASSED

2021-10-21 14:07:07 - [MESSAGE][INFO] - Finding Test Object 'Object Repository/Olusturma/Genel/TipSecilir/Tip_Adi'

2021-10-21 14:07:07 - [MESSAGE][INFO] - Checking timeout

2021-10-21 14:07:07 - [MESSAGE][INFO] - Finding web element with id: 'Object Repository/Olusturma/Genel/TipSecilir/Tip_Adi' located by 'By.cssSelector: #DocumentTypeCode_DDD_L_LBT td' in '10' second(s)

2021-10-21 14:07:07 - [MESSAGE][INFO] - Smart Wait Function is triggered

2021-10-21 14:07:07 - [MESSAGE][INFO] - Found 9 web elements with id: 'Object Repository/Olusturma/Genel/TipSecilir/Tip_Adi' located by 'By.cssSelector: #DocumentTypeCode_DDD_L_LBT td' in '10' second(s)

2021-10-21 14:07:08 - [MESSAGE][PASSED] - Method.TextDegerineEsitElementeTikla is PASSED

2021-10-21 14:07:08 - [MESSAGE][PASSED] - Call Test Case 'Test Cases/Olusturma/Genel/TipSecilir' successfully

2021-10-21 14:07:08 - [MESSAGE][INFO] - Checking called Test Case

2021-10-21 14:07:08 - [MESSAGE][INFO] - Starting to call Test Case 'Test Cases/Olusturma/Genel/DokumanParaBirimiSecilir'

2021-10-21 14:07:08 - [TEST_CASE][PASSED] - Test Cases/Olusturma/Genel/DokumanParaBirimiSecilir: Test Cases/Olusturma/Genel/DokumanParaBirimiSecilir

2021-10-21 14:07:08 - [TEST_STEP][PASSED] - waitForElementClickable(findTestObject("Object Repository/Olusturma/Genel/DokumanParaBirimiSecilir/Para"), 10): Object 'Object Repository/Olusturma/Genel/DokumanParaBirimiSecilir/Para' is clickable

2021-10-21 14:07:08 - [MESSAGE][INFO] - Finding Test Object 'Object Repository/Olusturma/Genel/DokumanParaBirimiSecilir/Para'

2021-10-21 14:07:09 - [MESSAGE][INFO] - Checking object

2021-10-21 14:07:09 - [MESSAGE][INFO] - Checking timeout

2021-10-21 14:07:09 - [MESSAGE][INFO] - Finding web element from Test Object's properties

2021-10-21 14:07:09 - [MESSAGE][INFO] - Checking timeout

2021-10-21 14:07:09 - [MESSAGE][INFO] - Finding web element with id: 'Object Repository/Olusturma/Genel/DokumanParaBirimiSecilir/Para' located by 'By.xpath: //*[@id = 'CurrencyUnit_I']' in '10' second(s)

2021-10-21 14:07:09 - [MESSAGE][INFO] - Smart Wait Function is triggered

2021-10-21 14:07:09 - [MESSAGE][INFO] - Found 1 web elements with id: 'Object Repository/Olusturma/Genel/DokumanParaBirimiSecilir/Para' located by 'By.xpath: //*[@id = 'CurrencyUnit_I']' in '10' second(s)

2021-10-21 14:07:09 - [MESSAGE][PASSED] - Object 'Object Repository/Olusturma/Genel/DokumanParaBirimiSecilir/Para' is clickable

2021-10-21 14:07:09 - [TEST_STEP][PASSED] - click(findTestObject("Object Repository/Olusturma/Genel/DokumanParaBirimiSecilir/Para")): Object: 'Object Repository/Olusturma/Genel/DokumanParaBirimiSecilir/Para' is clicked on

2021-10-21 14:07:09 - [MESSAGE][INFO] - Finding Test Object 'Object Repository/Olusturma/Genel/DokumanParaBirimiSecilir/Para'

2021-10-21 14:07:09 - [MESSAGE][INFO] - Checking object

2021-10-21 14:07:09 - [MESSAGE][INFO] - Finding web element from Test Object's properties

2021-10-21 14:07:09 - [MESSAGE][INFO] - Checking timeout

2021-10-21 14:07:09 - [MESSAGE][INFO] - Finding web element with id: 'Object Repository/Olusturma/Genel/DokumanParaBirimiSecilir/Para' located by 'By.xpath: //*[@id = 'CurrencyUnit_I']' in '30' second(s)

2021-10-21 14:07:09 - [MESSAGE][INFO] - Smart Wait Function is triggered

2021-10-21 14:07:10 - [MESSAGE][INFO] - Found 1 web elements with id: 'Object Repository/Olusturma/Genel/DokumanParaBirimiSecilir/Para' located by 'By.xpath: //*[@id = 'CurrencyUnit_I']' in '30' second(s)

2021-10-21 14:07:10 - [MESSAGE][INFO] - Clicking on object: 'Object Repository/Olusturma/Genel/DokumanParaBirimiSecilir/Para'

2021-10-21 14:07:10 - [MESSAGE][PASSED] - Object: 'Object Repository/Olusturma/Genel/DokumanParaBirimiSecilir/Para' is clicked on

2021-10-21 14:07:10 - [TEST_STEP][PASSED] - Method.TextDegerineEsitElementeTikla(findTestObject("Object Repository/Olusturma/Genel/DokumanParaBirimiSecilir/Para_Adi"), Para): Method.TextDegerineEsitElementeTikla is PASSED

2021-10-21 14:07:10 - [MESSAGE][INFO] - Finding Test Object 'Object Repository/Olusturma/Genel/DokumanParaBirimiSecilir/Para_Adi'

2021-10-21 14:07:10 - [MESSAGE][INFO] - Checking timeout

2021-10-21 14:07:10 - [MESSAGE][INFO] - Finding web element with id: 'Object Repository/Olusturma/Genel/DokumanParaBirimiSecilir/Para_Adi' located by 'By.cssSelector: #CurrencyUnit_DDD_L_LBT td' in '10' second(s)

2021-10-21 14:07:10 - [MESSAGE][INFO] - Smart Wait Function is triggered

2021-10-21 14:07:10 - [MESSAGE][INFO] - Found 203 web elements with id: 'Object Repository/Olusturma/Genel/DokumanParaBirimiSecilir/Para_Adi' located by 'By.cssSelector: #CurrencyUnit_DDD_L_LBT td' in '10' second(s)

2021-10-21 14:07:15 - [MESSAGE][PASSED] - Method.TextDegerineEsitElementeTikla is PASSED

2021-10-21 14:07:15 - [MESSAGE][PASSED] - Call Test Case 'Test Cases/Olusturma/Genel/DokumanParaBirimiSecilir' successfully

2021-10-21 14:07:15 - [MESSAGE][INFO] - Checking called Test Case

2021-10-21 14:07:15 - [MESSAGE][INFO] - Starting to call Test Case 'Test Cases/Olusturma/Genel/OnEkSecilir'

2021-10-21 14:07:15 - [TEST_CASE][PASSED] - Test Cases/Olusturma/Genel/OnEkSecilir: Test Cases/Olusturma/Genel/OnEkSecilir

2021-10-21 14:07:16 - [TEST_STEP][PASSED] - waitForElementClickable(findTestObject("Object Repository/Olusturma/Genel/OnEkSecilir/OnEk"), 10): Object 'Object Repository/Olusturma/Genel/OnEkSecilir/OnEk' is clickable

2021-10-21 14:07:16 - [MESSAGE][INFO] - Finding Test Object 'Object Repository/Olusturma/Genel/OnEkSecilir/OnEk'

2021-10-21 14:07:16 - [MESSAGE][INFO] - Checking object

2021-10-21 14:07:16 - [MESSAGE][INFO] - Checking timeout

2021-10-21 14:07:16 - [MESSAGE][INFO] - Finding web element from Test Object's properties

2021-10-21 14:07:16 - [MESSAGE][INFO] - Checking timeout

2021-10-21 14:07:16 - [MESSAGE][INFO] - Finding web element with id: 'Object Repository/Olusturma/Genel/OnEkSecilir/OnEk' located by 'By.xpath: //*[@id = 'InvoicePrefix_I']' in '10' second(s)

2021-10-21 14:07:16 - [MESSAGE][INFO] - Smart Wait Function is triggered

2021-10-21 14:07:16 - [MESSAGE][INFO] - Found 1 web elements with id: 'Object Repository/Olusturma/Genel/OnEkSecilir/OnEk' located by 'By.xpath: //*[@id = 'InvoicePrefix_I']' in '10' second(s)

2021-10-21 14:07:16 - [MESSAGE][PASSED] - Object 'Object Repository/Olusturma/Genel/OnEkSecilir/OnEk' is clickable

2021-10-21 14:07:16 - [TEST_STEP][PASSED] - click(findTestObject("Object Repository/Olusturma/Genel/OnEkSecilir/OnEk")): Object: 'Object Repository/Olusturma/Genel/OnEkSecilir/OnEk' is clicked on

2021-10-21 14:07:16 - [MESSAGE][INFO] - Finding Test Object 'Object Repository/Olusturma/Genel/OnEkSecilir/OnEk'

2021-10-21 14:07:16 - [MESSAGE][INFO] - Checking object

2021-10-21 14:07:16 - [MESSAGE][INFO] - Finding web element from Test Object's properties

2021-10-21 14:07:16 - [MESSAGE][INFO] - Checking timeout

2021-10-21 14:07:16 - [MESSAGE][INFO] - Finding web element with id: 'Object Repository/Olusturma/Genel/OnEkSecilir/OnEk' located by 'By.xpath: //*[@id = 'InvoicePrefix_I']' in '30' second(s)

2021-10-21 14:07:16 - [MESSAGE][INFO] - Smart Wait Function is triggered

2021-10-21 14:07:17 - [MESSAGE][INFO] - Found 1 web elements with id: 'Object Repository/Olusturma/Genel/OnEkSecilir/OnEk' located by 'By.xpath: //*[@id = 'InvoicePrefix_I']' in '30' second(s)

2021-10-21 14:07:17 - [MESSAGE][INFO] - Clicking on object: 'Object Repository/Olusturma/Genel/OnEkSecilir/OnEk'

2021-10-21 14:07:17 - [MESSAGE][PASSED] - Object: 'Object Repository/Olusturma/Genel/OnEkSecilir/OnEk' is clicked on

2021-10-21 14:07:17 - [TEST_STEP][PASSED] - Method.TextDegerineEsitElementeTiklaEquals(findTestObject("Object Repository/Olusturma/Genel/OnEkSecilir/OnEkAdi"), Ek): Method.TextDegerineEsitElementeTiklaEquals is PASSED

2021-10-21 14:07:17 - [MESSAGE][INFO] - Finding Test Object 'Object Repository/Olusturma/Genel/OnEkSecilir/OnEkAdi'

2021-10-21 14:07:17 - [MESSAGE][INFO] - Checking timeout

2021-10-21 14:07:17 - [MESSAGE][INFO] - Finding web element with id: 'Object Repository/Olusturma/Genel/OnEkSecilir/OnEkAdi' located by 'By.cssSelector: #InvoicePrefix_DDD_L_LBT td' in '10' second(s)

2021-10-21 14:07:17 - [MESSAGE][INFO] - Smart Wait Function is triggered

2021-10-21 14:07:17 - [MESSAGE][INFO] - Found 1 web elements with id: 'Object Repository/Olusturma/Genel/OnEkSecilir/OnEkAdi' located by 'By.cssSelector: #InvoicePrefix_DDD_L_LBT td' in '10' second(s)

2021-10-21 14:07:17 - [MESSAGE][PASSED] - Method.TextDegerineEsitElementeTiklaEquals is PASSED

2021-10-21 14:07:17 - [MESSAGE][PASSED] - Call Test Case 'Test Cases/Olusturma/Genel/OnEkSecilir' successfully

2021-10-21 14:07:17 - [MESSAGE][INFO] - Checking called Test Case

2021-10-21 14:07:17 - [MESSAGE][INFO] - Starting to call Test Case 'Test Cases/Olusturma/Genel/TasarimSecilir'

2021-10-21 14:07:17 - [TEST_CASE][PASSED] - Test Cases/Olusturma/Genel/TasarimSecilir: Test Cases/Olusturma/Genel/TasarimSecilir

2021-10-21 14:07:18 - [TEST_STEP][PASSED] - waitForElementClickable(findTestObject("Object Repository/Olusturma/Genel/TasarimSecilir/Tasarim"), 10): Object 'Object Repository/Olusturma/Genel/TasarimSecilir/Tasarim' is clickable

2021-10-21 14:07:18 - [MESSAGE][INFO] - Finding Test Object 'Object Repository/Olusturma/Genel/TasarimSecilir/Tasarim'

2021-10-21 14:07:18 - [MESSAGE][INFO] - Checking object

2021-10-21 14:07:18 - [MESSAGE][INFO] - Checking timeout

2021-10-21 14:07:18 - [MESSAGE][INFO] - Finding web element from Test Object's properties

2021-10-21 14:07:18 - [MESSAGE][INFO] - Checking timeout

2021-10-21 14:07:18 - [MESSAGE][INFO] - Finding web element with id: 'Object Repository/Olusturma/Genel/TasarimSecilir/Tasarim' located by 'By.xpath: //*[@id = 'DesignId_I']' in '10' second(s)

2021-10-21 14:07:18 - [MESSAGE][INFO] - Smart Wait Function is triggered

2021-10-21 14:07:18 - [MESSAGE][INFO] - Found 1 web elements with id: 'Object Repository/Olusturma/Genel/TasarimSecilir/Tasarim' located by 'By.xpath: //*[@id = 'DesignId_I']' in '10' second(s)

2021-10-21 14:07:18 - [MESSAGE][PASSED] - Object 'Object Repository/Olusturma/Genel/TasarimSecilir/Tasarim' is clickable

2021-10-21 14:07:18 - [TEST_STEP][PASSED] - click(findTestObject("Object Repository/Olusturma/Genel/TasarimSecilir/Tasarim")): Object: 'Object Repository/Olusturma/Genel/TasarimSecilir/Tasarim' is clicked on

2021-10-21 14:07:18 - [MESSAGE][INFO] - Finding Test Object 'Object Repository/Olusturma/Genel/TasarimSecilir/Tasarim'

2021-10-21 14:07:18 - [MESSAGE][INFO] - Checking object

2021-10-21 14:07:18 - [MESSAGE][INFO] - Finding web element from Test Object's properties

2021-10-21 14:07:18 - [MESSAGE][INFO] - Checking timeout

2021-10-21 14:07:18 - [MESSAGE][INFO] - Finding web element with id: 'Object Repository/Olusturma/Genel/TasarimSecilir/Tasarim' located by 'By.xpath: //*[@id = 'DesignId_I']' in '30' second(s)

2021-10-21 14:07:18 - [MESSAGE][INFO] - Smart Wait Function is triggered

2021-10-21 14:07:19 - [MESSAGE][INFO] - Found 1 web elements with id: 'Object Repository/Olusturma/Genel/TasarimSecilir/Tasarim' located by 'By.xpath: //*[@id = 'DesignId_I']' in '30' second(s)

2021-10-21 14:07:19 - [MESSAGE][INFO] - Clicking on object: 'Object Repository/Olusturma/Genel/TasarimSecilir/Tasarim'

2021-10-21 14:07:19 - [MESSAGE][PASSED] - Object: 'Object Repository/Olusturma/Genel/TasarimSecilir/Tasarim' is clicked on

2021-10-21 14:07:19 - [TEST_STEP][PASSED] - Method.TextDegerineEsitElementeTikla(findTestObject("Object Repository/Olusturma/Genel/TasarimSecilir/Tasarim_Adi"), Tasarim): Method.TextDegerineEsitElementeTikla is PASSED

2021-10-21 14:07:19 - [MESSAGE][INFO] - Finding Test Object 'Object Repository/Olusturma/Genel/TasarimSecilir/Tasarim_Adi'

2021-10-21 14:07:19 - [MESSAGE][INFO] - Checking timeout

2021-10-21 14:07:19 - [MESSAGE][INFO] - Finding web element with id: 'Object Repository/Olusturma/Genel/TasarimSecilir/Tasarim_Adi' located by 'By.cssSelector: #DesignId_DDD_L_LBT td' in '10' second(s)

2021-10-21 14:07:19 - [MESSAGE][INFO] - Smart Wait Function is triggered

2021-10-21 14:07:19 - [MESSAGE][INFO] - Found 1 web elements with id: 'Object Repository/Olusturma/Genel/TasarimSecilir/Tasarim_Adi' located by 'By.cssSelector: #DesignId_DDD_L_LBT td' in '10' second(s)

2021-10-21 14:07:19 - [MESSAGE][PASSED] - Method.TextDegerineEsitElementeTikla is PASSED

2021-10-21 14:07:19 - [MESSAGE][PASSED] - Call Test Case 'Test Cases/Olusturma/Genel/TasarimSecilir' successfully

2021-10-21 14:07:19 - [MESSAGE][INFO] - Checking called Test Case

2021-10-21 14:07:19 - [MESSAGE][INFO] - Starting to call Test Case 'Test Cases/Olusturma/Genel/Kutular/SiparisBilgileriGirilir'

2021-10-21 14:07:19 - [TEST_CASE][PASSED] - Test Cases/Olusturma/Genel/Kutular/SiparisBilgileriGirilir: Test Cases/Olusturma/Genel/Kutular/SiparisBilgileriGirilir

2021-10-21 14:07:20 - [TEST_STEP][PASSED] - Method.TextDegerineEsitElementeTikla(findTestObject("Olusturma/Genel/Kutular/KapaliKutular"), "Sipariş Bilgileri"): Method.TextDegerineEsitElementeTikla is PASSED

2021-10-21 14:07:20 - [MESSAGE][INFO] - Finding Test Object 'Object Repository/Olusturma/Genel/Kutular/KapaliKutular'

2021-10-21 14:07:20 - [MESSAGE][INFO] - Checking timeout

2021-10-21 14:07:20 - [MESSAGE][INFO] - Finding web element with id: 'Object Repository/Olusturma/Genel/Kutular/KapaliKutular' located by 'By.cssSelector: .dxnb-headerCollapsed>span' in '10' second(s)

2021-10-21 14:07:20 - [MESSAGE][INFO] - Smart Wait Function is triggered

2021-10-21 14:07:20 - [MESSAGE][INFO] - Found 8 web elements with id: 'Object Repository/Olusturma/Genel/Kutular/KapaliKutular' located by 'By.cssSelector: .dxnb-headerCollapsed>span' in '10' second(s)

2021-10-21 14:07:21 - [MESSAGE][PASSED] - Method.TextDegerineEsitElementeTikla is PASSED

2021-10-21 14:07:21 - [TEST_STEP][PASSED] - waitForElementPresent(findTestObject("Object Repository/Olusturma/Genel/Kutular/SiparisBilgileri/SiparisNo"), 10): Object 'Object Repository/Olusturma/Genel/Kutular/SiparisBilgileri/SiparisNo' is present

2021-10-21 14:07:21 - [MESSAGE][INFO] - Finding Test Object 'Object Repository/Olusturma/Genel/Kutular/SiparisBilgileri/SiparisNo'

2021-10-21 14:07:21 - [MESSAGE][INFO] - Checking object

2021-10-21 14:07:21 - [MESSAGE][INFO] - Finding web element from Test Object's properties

2021-10-21 14:07:21 - [MESSAGE][INFO] - Checking timeout

2021-10-21 14:07:21 - [MESSAGE][INFO] - Finding web element with id: 'Object Repository/Olusturma/Genel/Kutular/SiparisBilgileri/SiparisNo' located by 'By.xpath: //*[@id = 'txtSiparisNo_I']' in '10' second(s)

2021-10-21 14:07:21 - [MESSAGE][INFO] - Smart Wait Function is triggered

2021-10-21 14:07:21 - [MESSAGE][INFO] - Found 1 web elements with id: 'Object Repository/Olusturma/Genel/Kutular/SiparisBilgileri/SiparisNo' located by 'By.xpath: //*[@id = 'txtSiparisNo_I']' in '10' second(s)

2021-10-21 14:07:21 - [MESSAGE][PASSED] - Object 'Object Repository/Olusturma/Genel/Kutular/SiparisBilgileri/SiparisNo' is present

2021-10-21 14:07:21 - [TEST_STEP][PASSED] - clearText(findTestObject("Object Repository/Olusturma/Genel/Kutular/SiparisBilgileri/SiparisNo")): Text of object 'Object Repository/Olusturma/Genel/Kutular/SiparisBilgileri/SiparisNo' is cleared

2021-10-21 14:07:21 - [MESSAGE][INFO] - Finding Test Object 'Object Repository/Olusturma/Genel/Kutular/SiparisBilgileri/SiparisNo'

2021-10-21 14:07:21 - [MESSAGE][INFO] - Checking object

2021-10-21 14:07:21 - [MESSAGE][INFO] - Finding web element from Test Object's properties

2021-10-21 14:07:21 - [MESSAGE][INFO] - Checking timeout

2021-10-21 14:07:21 - [MESSAGE][INFO] - Finding web element with id: 'Object Repository/Olusturma/Genel/Kutular/SiparisBilgileri/SiparisNo' located by 'By.xpath: //*[@id = 'txtSiparisNo_I']' in '30' second(s)

2021-10-21 14:07:21 - [MESSAGE][INFO] - Smart Wait Function is triggered

2021-10-21 14:07:22 - [MESSAGE][INFO] - Found 1 web elements with id: 'Object Repository/Olusturma/Genel/Kutular/SiparisBilgileri/SiparisNo' located by 'By.xpath: //*[@id = 'txtSiparisNo_I']' in '30' second(s)

2021-10-21 14:07:22 - [MESSAGE][INFO] - Clearing text of object 'Object Repository/Olusturma/Genel/Kutular/SiparisBilgileri/SiparisNo'

2021-10-21 14:07:22 - [MESSAGE][PASSED] - Text of object 'Object Repository/Olusturma/Genel/Kutular/SiparisBilgileri/SiparisNo' is cleared

2021-10-21 14:07:22 - [TEST_STEP][PASSED] - sendKeys(findTestObject("Object Repository/Olusturma/Genel/Kutular/SiparisBilgileri/SiparisNo"), SiparisNo): Keys 'UUC-SAT-1200001' sent to object: 'Object Repository/Olusturma/Genel/Kutular/SiparisBilgileri/SiparisNo'

2021-10-21 14:07:22 - [MESSAGE][INFO] - Finding Test Object 'Object Repository/Olusturma/Genel/Kutular/SiparisBilgileri/SiparisNo'

2021-10-21 14:07:22 - [MESSAGE][INFO] - Sending keys 'UUC-SAT-1200001' to object: 'Object Repository/Olusturma/Genel/Kutular/SiparisBilgileri/SiparisNo'

2021-10-21 14:07:22 - [MESSAGE][INFO] - Finding web element from Test Object's properties

2021-10-21 14:07:22 - [MESSAGE][INFO] - Checking timeout

2021-10-21 14:07:22 - [MESSAGE][INFO] - Finding web element with id: 'Object Repository/Olusturma/Genel/Kutular/SiparisBilgileri/SiparisNo' located by 'By.xpath: //*[@id = 'txtSiparisNo_I']' in '30' second(s)

2021-10-21 14:07:22 - [MESSAGE][INFO] - Smart Wait Function is triggered

2021-10-21 14:07:22 - [MESSAGE][INFO] - Found 1 web elements with id: 'Object Repository/Olusturma/Genel/Kutular/SiparisBilgileri/SiparisNo' located by 'By.xpath: //*[@id = 'txtSiparisNo_I']' in '30' second(s)

2021-10-21 14:07:22 - [MESSAGE][PASSED] - Keys 'UUC-SAT-1200001' sent to object: 'Object Repository/Olusturma/Genel/Kutular/SiparisBilgileri/SiparisNo'

2021-10-21 14:07:22 - [TEST_STEP][PASSED] - waitForElementClickable(findTestObject("Object Repository/Olusturma/Genel/Kutular/SiparisBilgileri/SiparisTarihiImage"), 10): Object 'Object Repository/Olusturma/Genel/Kutular/SiparisBilgileri/SiparisTarihiImage' is clickable

2021-10-21 14:07:22 - [MESSAGE][INFO] - Finding Test Object 'Object Repository/Olusturma/Genel/Kutular/SiparisBilgileri/SiparisTarihiImage'

2021-10-21 14:07:22 - [MESSAGE][INFO] - Checking object

2021-10-21 14:07:22 - [MESSAGE][INFO] - Checking timeout

2021-10-21 14:07:22 - [MESSAGE][INFO] - Finding web element from Test Object's properties

2021-10-21 14:07:22 - [MESSAGE][INFO] - Checking timeout

2021-10-21 14:07:22 - [MESSAGE][INFO] - Finding web element with id: 'Object Repository/Olusturma/Genel/Kutular/SiparisBilgileri/SiparisTarihiImage' located by 'By.cssSelector: #dateSiparisTarih img' in '10' second(s)

2021-10-21 14:07:22 - [MESSAGE][INFO] - Smart Wait Function is triggered

2021-10-21 14:07:23 - [MESSAGE][INFO] - Found 1 web elements with id: 'Object Repository/Olusturma/Genel/Kutular/SiparisBilgileri/SiparisTarihiImage' located by 'By.cssSelector: #dateSiparisTarih img' in '10' second(s)

2021-10-21 14:07:23 - [MESSAGE][PASSED] - Object 'Object Repository/Olusturma/Genel/Kutular/SiparisBilgileri/SiparisTarihiImage' is clickable

2021-10-21 14:07:23 - [TEST_STEP][PASSED] - click(findTestObject("Object Repository/Olusturma/Genel/Kutular/SiparisBilgileri/SiparisTarihiImage")): Object: 'Object Repository/Olusturma/Genel/Kutular/SiparisBilgileri/SiparisTarihiImage' is clicked on

2021-10-21 14:07:23 - [MESSAGE][INFO] - Finding Test Object 'Object Repository/Olusturma/Genel/Kutular/SiparisBilgileri/SiparisTarihiImage'

2021-10-21 14:07:23 - [MESSAGE][INFO] - Checking object

2021-10-21 14:07:23 - [MESSAGE][INFO] - Finding web element from Test Object's properties

2021-10-21 14:07:23 - [MESSAGE][INFO] - Checking timeout

2021-10-21 14:07:23 - [MESSAGE][INFO] - Finding web element with id: 'Object Repository/Olusturma/Genel/Kutular/SiparisBilgileri/SiparisTarihiImage' located by 'By.cssSelector: #dateSiparisTarih img' in '30' second(s)

2021-10-21 14:07:23 - [MESSAGE][INFO] - Smart Wait Function is triggered

2021-10-21 14:07:23 - [MESSAGE][INFO] - Found 1 web elements with id: 'Object Repository/Olusturma/Genel/Kutular/SiparisBilgileri/SiparisTarihiImage' located by 'By.cssSelector: #dateSiparisTarih img' in '30' second(s)

2021-10-21 14:07:23 - [MESSAGE][INFO] - Clicking on object: 'Object Repository/Olusturma/Genel/Kutular/SiparisBilgileri/SiparisTarihiImage'

2021-10-21 14:07:23 - [MESSAGE][PASSED] - Object: 'Object Repository/Olusturma/Genel/Kutular/SiparisBilgileri/SiparisTarihiImage' is clicked on

2021-10-21 14:07:23 - [TEST_STEP][PASSED] - waitForElementPresent(findTestObject("Object Repository/Olusturma/Genel/Kutular/SiparisBilgileri/SiparisTarihi"), 10): Object 'Object Repository/Olusturma/Genel/Kutular/SiparisBilgileri/SiparisTarihi' is present

2021-10-21 14:07:23 - [MESSAGE][INFO] - Finding Test Object 'Object Repository/Olusturma/Genel/Kutular/SiparisBilgileri/SiparisTarihi'

2021-10-21 14:07:23 - [MESSAGE][INFO] - Checking object

2021-10-21 14:07:23 - [MESSAGE][INFO] - Finding web element from Test Object's properties

2021-10-21 14:07:23 - [MESSAGE][INFO] - Checking timeout

2021-10-21 14:07:23 - [MESSAGE][INFO] - Finding web element with id: 'Object Repository/Olusturma/Genel/Kutular/SiparisBilgileri/SiparisTarihi' located by 'By.xpath: //*[@id = 'dateSiparisTarih_I']' in '10' second(s)

2021-10-21 14:07:23 - [MESSAGE][INFO] - Smart Wait Function is triggered

2021-10-21 14:07:24 - [MESSAGE][INFO] - Found 1 web elements with id: 'Object Repository/Olusturma/Genel/Kutular/SiparisBilgileri/SiparisTarihi' located by 'By.xpath: //*[@id = 'dateSiparisTarih_I']' in '10' second(s)

2021-10-21 14:07:24 - [MESSAGE][PASSED] - Object 'Object Repository/Olusturma/Genel/Kutular/SiparisBilgileri/SiparisTarihi' is present

2021-10-21 14:07:24 - [TEST_STEP][PASSED] - clearText(findTestObject("Object Repository/Olusturma/Genel/Kutular/SiparisBilgileri/SiparisTarihi")): Text of object 'Object Repository/Olusturma/Genel/Kutular/SiparisBilgileri/SiparisTarihi' is cleared

2021-10-21 14:07:24 - [MESSAGE][INFO] - Finding Test Object 'Object Repository/Olusturma/Genel/Kutular/SiparisBilgileri/SiparisTarihi'

2021-10-21 14:07:24 - [MESSAGE][INFO] - Checking object

2021-10-21 14:07:24 - [MESSAGE][INFO] - Finding web element from Test Object's properties

2021-10-21 14:07:24 - [MESSAGE][INFO] - Checking timeout

2021-10-21 14:07:24 - [MESSAGE][INFO] - Finding web element with id: 'Object Repository/Olusturma/Genel/Kutular/SiparisBilgileri/SiparisTarihi' located by 'By.xpath: //*[@id = 'dateSiparisTarih_I']' in '30' second(s)

2021-10-21 14:07:24 - [MESSAGE][INFO] - Smart Wait Function is triggered

2021-10-21 14:07:24 - [MESSAGE][INFO] - Found 1 web elements with id: 'Object Repository/Olusturma/Genel/Kutular/SiparisBilgileri/SiparisTarihi' located by 'By.xpath: //*[@id = 'dateSiparisTarih_I']' in '30' second(s)

2021-10-21 14:07:24 - [MESSAGE][INFO] - Clearing text of object 'Object Repository/Olusturma/Genel/Kutular/SiparisBilgileri/SiparisTarihi'

2021-10-21 14:07:24 - [MESSAGE][PASSED] - Text of object 'Object Repository/Olusturma/Genel/Kutular/SiparisBilgileri/SiparisTarihi' is cleared

2021-10-21 14:07:24 - [TEST_STEP][PASSED] - sendKeys(findTestObject("Object Repository/Olusturma/Genel/Kutular/SiparisBilgileri/SiparisTarihi"), Tarih): Keys '30.04.2020' sent to object: 'Object Repository/Olusturma/Genel/Kutular/SiparisBilgileri/SiparisTarihi'

2021-10-21 14:07:24 - [MESSAGE][INFO] - Finding Test Object 'Object Repository/Olusturma/Genel/Kutular/SiparisBilgileri/SiparisTarihi'

2021-10-21 14:07:24 - [MESSAGE][INFO] - Sending keys '30.04.2020' to object: 'Object Repository/Olusturma/Genel/Kutular/SiparisBilgileri/SiparisTarihi'

2021-10-21 14:07:24 - [MESSAGE][INFO] - Finding web element from Test Object's properties

2021-10-21 14:07:24 - [MESSAGE][INFO] - Checking timeout

2021-10-21 14:07:24 - [MESSAGE][INFO] - Finding web element with id: 'Object Repository/Olusturma/Genel/Kutular/SiparisBilgileri/SiparisTarihi' located by 'By.xpath: //*[@id = 'dateSiparisTarih_I']' in '30' second(s)

2021-10-21 14:07:24 - [MESSAGE][INFO] - Smart Wait Function is triggered

2021-10-21 14:07:25 - [MESSAGE][INFO] - Found 1 web elements with id: 'Object Repository/Olusturma/Genel/Kutular/SiparisBilgileri/SiparisTarihi' located by 'By.xpath: //*[@id = 'dateSiparisTarih_I']' in '30' second(s)

2021-10-21 14:07:25 - [MESSAGE][PASSED] - Keys '30.04.2020' sent to object: 'Object Repository/Olusturma/Genel/Kutular/SiparisBilgileri/SiparisTarihi'

2021-10-21 14:07:25 - [MESSAGE][PASSED] - Call Test Case 'Test Cases/Olusturma/Genel/Kutular/SiparisBilgileriGirilir' successfully

2021-10-21 14:07:25 - [MESSAGE][INFO] - Checking called Test Case

2021-10-21 14:07:25 - [MESSAGE][INFO] - Starting to call Test Case 'Test Cases/Olusturma/Genel/Kutular/IrsaliyeBilgileri'

2021-10-21 14:07:25 - [TEST_CASE][PASSED] - Test Cases/Olusturma/Genel/Kutular/IrsaliyeBilgileri: Test Cases/Olusturma/Genel/Kutular/IrsaliyeBilgileri

2021-10-21 14:07:25 - [TEST_STEP][PASSED] - Method.TextDegerineEsitElementeTikla(findTestObject("Olusturma/Genel/Kutular/KapaliKutular"), "İrsaliye Bilgileri"): Method.TextDegerineEsitElementeTikla is PASSED

2021-10-21 14:07:25 - [MESSAGE][INFO] - Finding Test Object 'Object Repository/Olusturma/Genel/Kutular/KapaliKutular'

2021-10-21 14:07:25 - [MESSAGE][INFO] - Checking timeout

2021-10-21 14:07:25 - [MESSAGE][INFO] - Finding web element with id: 'Object Repository/Olusturma/Genel/Kutular/KapaliKutular' located by 'By.cssSelector: .dxnb-headerCollapsed>span' in '10' second(s)

2021-10-21 14:07:25 - [MESSAGE][INFO] - Smart Wait Function is triggered

2021-10-21 14:07:26 - [MESSAGE][INFO] - Found 8 web elements with id: 'Object Repository/Olusturma/Genel/Kutular/KapaliKutular' located by 'By.cssSelector: .dxnb-headerCollapsed>span' in '10' second(s)

2021-10-21 14:07:26 - [MESSAGE][PASSED] - Method.TextDegerineEsitElementeTikla is PASSED

2021-10-21 14:07:26 - [TEST_STEP][PASSED] - waitForElementClickable(findTestObject("Olusturma/Genel/Kutular/IrsaliyeBilgileri/Ekle"), 10): Object 'Object Repository/Olusturma/Genel/Kutular/IrsaliyeBilgileri/Ekle' is clickable

2021-10-21 14:07:26 - [MESSAGE][INFO] - Finding Test Object 'Object Repository/Olusturma/Genel/Kutular/IrsaliyeBilgileri/Ekle'

2021-10-21 14:07:26 - [MESSAGE][INFO] - Checking object

2021-10-21 14:07:26 - [MESSAGE][INFO] - Checking timeout

2021-10-21 14:07:26 - [MESSAGE][INFO] - Finding web element from Test Object's properties

2021-10-21 14:07:26 - [MESSAGE][INFO] - Checking timeout

2021-10-21 14:07:26 - [MESSAGE][INFO] - Finding web element with id: 'Object Repository/Olusturma/Genel/Kutular/IrsaliyeBilgileri/Ekle' located by 'By.xpath: //*[@id = 'DXEditorgvUserInvoiceBillsNewRowBtn']' in '10' second(s)

2021-10-21 14:07:26 - [MESSAGE][INFO] - Smart Wait Function is triggered

2021-10-21 14:07:26 - [MESSAGE][INFO] - Found 1 web elements with id: 'Object Repository/Olusturma/Genel/Kutular/IrsaliyeBilgileri/Ekle' located by 'By.xpath: //*[@id = 'DXEditorgvUserInvoiceBillsNewRowBtn']' in '10' second(s)

2021-10-21 14:07:26 - [MESSAGE][PASSED] - Object 'Object Repository/Olusturma/Genel/Kutular/IrsaliyeBilgileri/Ekle' is clickable

2021-10-21 14:07:26 - [TEST_STEP][PASSED] - click(findTestObject("Olusturma/Genel/Kutular/IrsaliyeBilgileri/Ekle")): Object: 'Object Repository/Olusturma/Genel/Kutular/IrsaliyeBilgileri/Ekle' is clicked on

2021-10-21 14:07:26 - [MESSAGE][INFO] - Finding Test Object 'Object Repository/Olusturma/Genel/Kutular/IrsaliyeBilgileri/Ekle'

2021-10-21 14:07:26 - [MESSAGE][INFO] - Checking object

2021-10-21 14:07:26 - [MESSAGE][INFO] - Finding web element from Test Object's properties

2021-10-21 14:07:26 - [MESSAGE][INFO] - Checking timeout

2021-10-21 14:07:26 - [MESSAGE][INFO] - Finding web element with id: 'Object Repository/Olusturma/Genel/Kutular/IrsaliyeBilgileri/Ekle' located by 'By.xpath: //*[@id = 'DXEditorgvUserInvoiceBillsNewRowBtn']' in '30' second(s)

2021-10-21 14:07:26 - [MESSAGE][INFO] - Smart Wait Function is triggered

2021-10-21 14:07:27 - [MESSAGE][INFO] - Found 1 web elements with id: 'Object Repository/Olusturma/Genel/Kutular/IrsaliyeBilgileri/Ekle' located by 'By.xpath: //*[@id = 'DXEditorgvUserInvoiceBillsNewRowBtn']' in '30' second(s)

2021-10-21 14:07:27 - [MESSAGE][INFO] - Clicking on object: 'Object Repository/Olusturma/Genel/Kutular/IrsaliyeBilgileri/Ekle'

2021-10-21 14:07:27 - [MESSAGE][PASSED] - Object: 'Object Repository/Olusturma/Genel/Kutular/IrsaliyeBilgileri/Ekle' is clicked on

2021-10-21 14:07:27 - [TEST_STEP][PASSED] - waitForElementPresent(findTestObject("Object Repository/Olusturma/Genel/Kutular/IrsaliyeBilgileri/IrsaliyeNumarasi"), 10): Object 'Object Repository/Olusturma/Genel/Kutular/IrsaliyeBilgileri/IrsaliyeNumarasi' is present

2021-10-21 14:07:27 - [MESSAGE][INFO] - Finding Test Object 'Object Repository/Olusturma/Genel/Kutular/IrsaliyeBilgileri/IrsaliyeNumarasi'

2021-10-21 14:07:27 - [MESSAGE][INFO] - Checking object

2021-10-21 14:07:27 - [MESSAGE][INFO] - Finding web element from Test Object's properties

2021-10-21 14:07:27 - [MESSAGE][INFO] - Checking timeout

2021-10-21 14:07:27 - [MESSAGE][INFO] - Finding web element with id: 'Object Repository/Olusturma/Genel/Kutular/IrsaliyeBilgileri/IrsaliyeNumarasi' located by 'By.xpath: //*[@id = 'gvUserInvoiceBills_DXEditor1_I']' in '10' second(s)

2021-10-21 14:07:27 - [MESSAGE][INFO] - Smart Wait Function is triggered

2021-10-21 14:07:27 - [MESSAGE][INFO] - Smart Wait Function is triggered

2021-10-21 14:07:28 - [MESSAGE][INFO] - Found 1 web elements with id: 'Object Repository/Olusturma/Genel/Kutular/IrsaliyeBilgileri/IrsaliyeNumarasi' located by 'By.xpath: //*[@id = 'gvUserInvoiceBills_DXEditor1_I']' in '10' second(s)

2021-10-21 14:07:28 - [MESSAGE][PASSED] - Object 'Object Repository/Olusturma/Genel/Kutular/IrsaliyeBilgileri/IrsaliyeNumarasi' is present

2021-10-21 14:07:28 - [TEST_STEP][PASSED] - clearText(findTestObject("Object Repository/Olusturma/Genel/Kutular/IrsaliyeBilgileri/IrsaliyeNumarasi")): Text of object 'Object Repository/Olusturma/Genel/Kutular/IrsaliyeBilgileri/IrsaliyeNumarasi' is cleared

2021-10-21 14:07:28 - [MESSAGE][INFO] - Finding Test Object 'Object Repository/Olusturma/Genel/Kutular/IrsaliyeBilgileri/IrsaliyeNumarasi'

2021-10-21 14:07:28 - [MESSAGE][INFO] - Checking object

2021-10-21 14:07:28 - [MESSAGE][INFO] - Finding web element from Test Object's properties

2021-10-21 14:07:28 - [MESSAGE][INFO] - Checking timeout

2021-10-21 14:07:28 - [MESSAGE][INFO] - Finding web element with id: 'Object Repository/Olusturma/Genel/Kutular/IrsaliyeBilgileri/IrsaliyeNumarasi' located by 'By.xpath: //*[@id = 'gvUserInvoiceBills_DXEditor1_I']' in '30' second(s)

2021-10-21 14:07:28 - [MESSAGE][INFO] - Smart Wait Function is triggered

2021-10-21 14:07:28 - [MESSAGE][INFO] - Found 1 web elements with id: 'Object Repository/Olusturma/Genel/Kutular/IrsaliyeBilgileri/IrsaliyeNumarasi' located by 'By.xpath: //*[@id = 'gvUserInvoiceBills_DXEditor1_I']' in '30' second(s)

2021-10-21 14:07:28 - [MESSAGE][INFO] - Clearing text of object 'Object Repository/Olusturma/Genel/Kutular/IrsaliyeBilgileri/IrsaliyeNumarasi'

2021-10-21 14:07:29 - [MESSAGE][PASSED] - Text of object 'Object Repository/Olusturma/Genel/Kutular/IrsaliyeBilgileri/IrsaliyeNumarasi' is cleared

2021-10-21 14:07:29 - [TEST_STEP][PASSED] - sendKeys(findTestObject("Object Repository/Olusturma/Genel/Kutular/IrsaliyeBilgileri/IrsaliyeNumarasi"), Numara): Keys 'AAAAAAAAAA' sent to object: 'Object Repository/Olusturma/Genel/Kutular/IrsaliyeBilgileri/IrsaliyeNumarasi'

2021-10-21 14:07:29 - [MESSAGE][INFO] - Finding Test Object 'Object Repository/Olusturma/Genel/Kutular/IrsaliyeBilgileri/IrsaliyeNumarasi'

2021-10-21 14:07:29 - [MESSAGE][INFO] - Sending keys 'AAAAAAAAAA' to object: 'Object Repository/Olusturma/Genel/Kutular/IrsaliyeBilgileri/IrsaliyeNumarasi'

2021-10-21 14:07:29 - [MESSAGE][INFO] - Finding web element from Test Object's properties

2021-10-21 14:07:29 - [MESSAGE][INFO] - Checking timeout

2021-10-21 14:07:29 - [MESSAGE][INFO] - Finding web element with id: 'Object Repository/Olusturma/Genel/Kutular/IrsaliyeBilgileri/IrsaliyeNumarasi' located by 'By.xpath: //*[@id = 'gvUserInvoiceBills_DXEditor1_I']' in '30' second(s)

2021-10-21 14:07:29 - [MESSAGE][INFO] - Smart Wait Function is triggered

2021-10-21 14:07:29 - [MESSAGE][INFO] - Found 1 web elements with id: 'Object Repository/Olusturma/Genel/Kutular/IrsaliyeBilgileri/IrsaliyeNumarasi' located by 'By.xpath: //*[@id = 'gvUserInvoiceBills_DXEditor1_I']' in '30' second(s)

2021-10-21 14:07:29 - [MESSAGE][PASSED] - Keys 'AAAAAAAAAA' sent to object: 'Object Repository/Olusturma/Genel/Kutular/IrsaliyeBilgileri/IrsaliyeNumarasi'

2021-10-21 14:07:29 - [TEST_STEP][PASSED] - waitForElementClickable(findTestObject("Object Repository/Olusturma/Genel/Kutular/IrsaliyeBilgileri/IrsaliyeTarihi"), 10): Object 'Object Repository/Olusturma/Genel/Kutular/IrsaliyeBilgileri/IrsaliyeTarihi' is clickable

2021-10-21 14:07:29 - [MESSAGE][INFO] - Finding Test Object 'Object Repository/Olusturma/Genel/Kutular/IrsaliyeBilgileri/IrsaliyeTarihi'

2021-10-21 14:07:29 - [MESSAGE][INFO] - Checking object

2021-10-21 14:07:29 - [MESSAGE][INFO] - Checking timeout

2021-10-21 14:07:29 - [MESSAGE][INFO] - Finding web element from Test Object's properties

2021-10-21 14:07:29 - [MESSAGE][INFO] - Checking timeout

2021-10-21 14:07:29 - [MESSAGE][INFO] - Finding web element with id: 'Object Repository/Olusturma/Genel/Kutular/IrsaliyeBilgileri/IrsaliyeTarihi' located by 'By.xpath: //*[@id = 'gvUserInvoiceBills_DXEditor2_I']' in '10' second(s)

2021-10-21 14:07:29 - [MESSAGE][INFO] - Smart Wait Function is triggered

2021-10-21 14:07:29 - [MESSAGE][INFO] - Found 1 web elements with id: 'Object Repository/Olusturma/Genel/Kutular/IrsaliyeBilgileri/IrsaliyeTarihi' located by 'By.xpath: //*[@id = 'gvUserInvoiceBills_DXEditor2_I']' in '10' second(s)

2021-10-21 14:07:29 - [MESSAGE][PASSED] - Object 'Object Repository/Olusturma/Genel/Kutular/IrsaliyeBilgileri/IrsaliyeTarihi' is clickable

2021-10-21 14:07:29 - [TEST_STEP][PASSED] - click(findTestObject("Object Repository/Olusturma/Genel/Kutular/IrsaliyeBilgileri/IrsaliyeTarihi")): Object: 'Object Repository/Olusturma/Genel/Kutular/IrsaliyeBilgileri/IrsaliyeTarihi' is clicked on

2021-10-21 14:07:29 - [MESSAGE][INFO] - Finding Test Object 'Object Repository/Olusturma/Genel/Kutular/IrsaliyeBilgileri/IrsaliyeTarihi'

2021-10-21 14:07:30 - [MESSAGE][INFO] - Checking object

2021-10-21 14:07:30 - [MESSAGE][INFO] - Finding web element from Test Object's properties

2021-10-21 14:07:30 - [MESSAGE][INFO] - Checking timeout

2021-10-21 14:07:30 - [MESSAGE][INFO] - Finding web element with id: 'Object Repository/Olusturma/Genel/Kutular/IrsaliyeBilgileri/IrsaliyeTarihi' located by 'By.xpath: //*[@id = 'gvUserInvoiceBills_DXEditor2_I']' in '30' second(s)

2021-10-21 14:07:30 - [MESSAGE][INFO] - Smart Wait Function is triggered

2021-10-21 14:07:30 - [MESSAGE][INFO] - Found 1 web elements with id: 'Object Repository/Olusturma/Genel/Kutular/IrsaliyeBilgileri/IrsaliyeTarihi' located by 'By.xpath: //*[@id = 'gvUserInvoiceBills_DXEditor2_I']' in '30' second(s)

2021-10-21 14:07:30 - [MESSAGE][INFO] - Clicking on object: 'Object Repository/Olusturma/Genel/Kutular/IrsaliyeBilgileri/IrsaliyeTarihi'

2021-10-21 14:07:30 - [MESSAGE][PASSED] - Object: 'Object Repository/Olusturma/Genel/Kutular/IrsaliyeBilgileri/IrsaliyeTarihi' is clicked on

2021-10-21 14:07:30 - [TEST_STEP][PASSED] - sendKeys(findTestObject("Object Repository/Olusturma/Genel/Kutular/IrsaliyeBilgileri/IrsaliyeTarihi"), Tarih): Keys '31.04.2020' sent to object: 'Object Repository/Olusturma/Genel/Kutular/IrsaliyeBilgileri/IrsaliyeTarihi'

2021-10-21 14:07:30 - [MESSAGE][INFO] - Finding Test Object 'Object Repository/Olusturma/Genel/Kutular/IrsaliyeBilgileri/IrsaliyeTarihi'

2021-10-21 14:07:30 - [MESSAGE][INFO] - Sending keys '31.04.2020' to object: 'Object Repository/Olusturma/Genel/Kutular/IrsaliyeBilgileri/IrsaliyeTarihi'

2021-10-21 14:07:30 - [MESSAGE][INFO] - Finding web element from Test Object's properties

2021-10-21 14:07:30 - [MESSAGE][INFO] - Checking timeout

2021-10-21 14:07:30 - [MESSAGE][INFO] - Finding web element with id: 'Object Repository/Olusturma/Genel/Kutular/IrsaliyeBilgileri/IrsaliyeTarihi' located by 'By.xpath: //*[@id = 'gvUserInvoiceBills_DXEditor2_I']' in '30' second(s)

2021-10-21 14:07:30 - [MESSAGE][INFO] - Smart Wait Function is triggered

2021-10-21 14:07:30 - [MESSAGE][INFO] - Found 1 web elements with id: 'Object Repository/Olusturma/Genel/Kutular/IrsaliyeBilgileri/IrsaliyeTarihi' located by 'By.xpath: //*[@id = 'gvUserInvoiceBills_DXEditor2_I']' in '30' second(s)

2021-10-21 14:07:31 - [MESSAGE][PASSED] - Keys '31.04.2020' sent to object: 'Object Repository/Olusturma/Genel/Kutular/IrsaliyeBilgileri/IrsaliyeTarihi'

2021-10-21 14:07:31 - [MESSAGE][PASSED] - Call Test Case 'Test Cases/Olusturma/Genel/Kutular/IrsaliyeBilgileri' successfully

2021-10-21 14:07:31 - [MESSAGE][INFO] - Checking called Test Case

2021-10-21 14:07:31 - [MESSAGE][INFO] - Starting to call Test Case 'Test Cases/Olusturma/Genel/EkleButonunaBasilir'

2021-10-21 14:07:31 - [TEST_CASE][PASSED] - Test Cases/Olusturma/Genel/EkleButonunaBasilir: Test Cases/Olusturma/Genel/EkleButonunaBasilir

2021-10-21 14:07:31 - [TEST_STEP][PASSED] - waitForElementClickable(findTestObject("Object Repository/Olusturma/Genel/Olusturma/Ekle"), 10): Object 'Object Repository/Olusturma/Genel/Olusturma/Ekle' is clickable

2021-10-21 14:07:31 - [MESSAGE][INFO] - Finding Test Object 'Object Repository/Olusturma/Genel/Olusturma/Ekle'

2021-10-21 14:07:31 - [MESSAGE][INFO] - Checking object

2021-10-21 14:07:31 - [MESSAGE][INFO] - Checking timeout

2021-10-21 14:07:31 - [MESSAGE][INFO] - Finding web element from Test Object's properties

2021-10-21 14:07:31 - [MESSAGE][INFO] - Checking timeout

2021-10-21 14:07:31 - [MESSAGE][INFO] - Finding web element with id: 'Object Repository/Olusturma/Genel/Olusturma/Ekle' located by 'By.cssSelector: #divmalhizmet i.fa.fa-plus.fa-lg.text-muted' in '10' second(s)

2021-10-21 14:07:31 - [MESSAGE][INFO] - Smart Wait Function is triggered

2021-10-21 14:07:32 - [MESSAGE][INFO] - Found 1 web elements with id: 'Object Repository/Olusturma/Genel/Olusturma/Ekle' located by 'By.cssSelector: #divmalhizmet i.fa.fa-plus.fa-lg.text-muted' in '10' second(s)

2021-10-21 14:07:32 - [MESSAGE][PASSED] - Object 'Object Repository/Olusturma/Genel/Olusturma/Ekle' is clickable

2021-10-21 14:07:32 - [TEST_STEP][PASSED] - click(findTestObject("Object Repository/Olusturma/Genel/Olusturma/Ekle")): Object: 'Object Repository/Olusturma/Genel/Olusturma/Ekle' is clicked on

2021-10-21 14:07:32 - [MESSAGE][INFO] - Finding Test Object 'Object Repository/Olusturma/Genel/Olusturma/Ekle'

2021-10-21 14:07:32 - [MESSAGE][INFO] - Checking object

2021-10-21 14:07:32 - [MESSAGE][INFO] - Finding web element from Test Object's properties

2021-10-21 14:07:32 - [MESSAGE][INFO] - Checking timeout

2021-10-21 14:07:32 - [MESSAGE][INFO] - Finding web element with id: 'Object Repository/Olusturma/Genel/Olusturma/Ekle' located by 'By.cssSelector: #divmalhizmet i.fa.fa-plus.fa-lg.text-muted' in '30' second(s)

2021-10-21 14:07:32 - [MESSAGE][INFO] - Smart Wait Function is triggered

2021-10-21 14:07:32 - [MESSAGE][INFO] - Found 1 web elements with id: 'Object Repository/Olusturma/Genel/Olusturma/Ekle' located by 'By.cssSelector: #divmalhizmet i.fa.fa-plus.fa-lg.text-muted' in '30' second(s)

2021-10-21 14:07:32 - [MESSAGE][INFO] - Clicking on object: 'Object Repository/Olusturma/Genel/Olusturma/Ekle'

2021-10-21 14:07:32 - [MESSAGE][PASSED] - Object: 'Object Repository/Olusturma/Genel/Olusturma/Ekle' is clicked on

2021-10-21 14:07:32 - [TEST_STEP][PASSED] - waitForElementClickable(findTestObject("Olusturma/Genel/Olusturma/EklenenSatirCarpiImage"), 10): Object 'Object Repository/Olusturma/Genel/Olusturma/EklenenSatirCarpiImage' is clickable

2021-10-21 14:07:32 - [MESSAGE][INFO] - Finding Test Object 'Object Repository/Olusturma/Genel/Olusturma/EklenenSatirCarpiImage'

2021-10-21 14:07:32 - [MESSAGE][INFO] - Checking object

2021-10-21 14:07:32 - [MESSAGE][INFO] - Checking timeout

2021-10-21 14:07:32 - [MESSAGE][INFO] - Finding web element from Test Object's properties

2021-10-21 14:07:32 - [MESSAGE][INFO] - Checking timeout

2021-10-21 14:07:32 - [MESSAGE][INFO] - Finding web element with id: 'Object Repository/Olusturma/Genel/Olusturma/EklenenSatirCarpiImage' located by 'By.cssSelector: .fa.fa-times.fa-lg.text-primary' in '10' second(s)

2021-10-21 14:07:32 - [MESSAGE][INFO] - Smart Wait Function is triggered

2021-10-21 14:07:33 - [MESSAGE][INFO] - Found 1 web elements with id: 'Object Repository/Olusturma/Genel/Olusturma/EklenenSatirCarpiImage' located by 'By.cssSelector: .fa.fa-times.fa-lg.text-primary' in '10' second(s)

2021-10-21 14:07:33 - [MESSAGE][PASSED] - Object 'Object Repository/Olusturma/Genel/Olusturma/EklenenSatirCarpiImage' is clickable

2021-10-21 14:07:33 - [MESSAGE][PASSED] - Call Test Case 'Test Cases/Olusturma/Genel/EkleButonunaBasilir' successfully

2021-10-21 14:07:33 - [MESSAGE][INFO] - Checking called Test Case

2021-10-21 14:07:33 - [MESSAGE][INFO] - Starting to call Test Case 'Test Cases/Olusturma/Genel/Olusturma'

2021-10-21 14:07:33 - [TEST_CASE][PASSED] - Test Cases/Olusturma/Genel/Olusturma: Test Cases/Olusturma/Genel/Olusturma

2021-10-21 14:07:33 - [TEST_STEP][PASSED] - driver = getWebDriver(): null

2021-10-21 14:07:33 - [TEST_STEP][PASSED] - action = new org.openqa.selenium.interactions.Actions(driver): null

2021-10-21 14:07:33 - [TEST_STEP][PASSED] - baslikElement = <not implemented yet for class: org.codehaus.groovy.ast.expr.EmptyExpression>: null

2021-10-21 14:07:33 - [TEST_STEP][PASSED] - sonElement = <not implemented yet for class: org.codehaus.groovy.ast.expr.EmptyExpression>: null

2021-10-21 14:07:33 - [TEST_STEP][PASSED] - attr = <not implemented yet for class: org.codehaus.groovy.ast.expr.EmptyExpression>: null

2021-10-21 14:07:33 - [TEST_STEP][PASSED] - a = 0: null

2021-10-21 14:07:33 - [TEST_STEP][PASSED] - elements = findWebElements(findTestObject("Object Repository/Olusturma/Genel/Olusturma/TabloBasliklari"), 10): Found 14 web elements with id: 'Object Repository/Olusturma/Genel/Olusturma/TabloBasliklari' located by 'By.cssSelector: div#divmalhizmet .dxgvTable_LECustomTheme td.dxgvHeader_LECustomTheme tr>td:nth-child(1)' in '10' second(s)

2021-10-21 14:07:33 - [MESSAGE][INFO] - Finding Test Object 'Object Repository/Olusturma/Genel/Olusturma/TabloBasliklari'

2021-10-21 14:07:34 - [MESSAGE][INFO] - Checking timeout

2021-10-21 14:07:34 - [MESSAGE][INFO] - Finding web element with id: 'Object Repository/Olusturma/Genel/Olusturma/TabloBasliklari' located by 'By.cssSelector: div#divmalhizmet .dxgvTable_LECustomTheme td.dxgvHeader_LECustomTheme tr>td:nth-child(1)' in '10' second(s)

2021-10-21 14:07:34 - [MESSAGE][INFO] - Smart Wait Function is triggered

2021-10-21 14:07:34 - [MESSAGE][INFO] - Found 14 web elements with id: 'Object Repository/Olusturma/Genel/Olusturma/TabloBasliklari' located by 'By.cssSelector: div#divmalhizmet .dxgvTable_LECustomTheme td.dxgvHeader_LECustomTheme tr>td:nth-child(1)' in '10' second(s)

2021-10-21 14:07:34 - [TEST_STEP][PASSED] - for (def element : elements): null

2021-10-21 14:07:34 - [TEST_STEP][PASSED] - build().perform(): null

2021-10-21 14:07:34 - [TEST_STEP][PASSED] - if (getText().equals(Baslik)): null

2021-10-21 14:07:34 - [TEST_STEP][PASSED] - baslikElement = element.findElement(By.xpath("../../../..")): Smart Wait Function is triggered

2021-10-21 14:07:34 - [MESSAGE][INFO] - Smart Wait Function is triggered

2021-10-21 14:07:34 - [TEST_STEP][PASSED] - attr = baslikElement.getAttribute("id"): null

2021-10-21 14:07:34 - [TEST_STEP][PASSED] - println("girdi ve idsini aldı = " + attr): null

2021-10-21 14:07:34 - [TEST_STEP][PASSED] - break: null

2021-10-21 14:07:34 - [TEST_STEP][PASSED] - countElement = baslikElement.findElements(By.xpath("../td")): Smart Wait Function is triggered

2021-10-21 14:07:34 - [MESSAGE][INFO] - Smart Wait Function is triggered

2021-10-21 14:07:35 - [TEST_STEP][PASSED] - for (def element : countElement): null

2021-10-21 14:07:35 - [TEST_STEP][PASSED] - if (toString().equals(attr.toString())): null

2021-10-21 14:07:35 - [TEST_STEP][PASSED] - (a++): null

2021-10-21 14:07:35 - [TEST_STEP][PASSED] - if (toString().equals(attr.toString())): null

2021-10-21 14:07:35 - [TEST_STEP][PASSED] - break: null

2021-10-21 14:07:35 - [TEST_STEP][PASSED] - son = findWebElement(findTestObject("Object Repository/Olusturma/Genel/Olusturma/EklenenSatir")).findElement(By.xpath("td[@class='dxgvInlineEditCell_LECustomTheme dxgv'][" + a + "]//td[@class='dxic']/input")): Smart Wait Function is triggered

2021-10-21 14:07:35 - [MESSAGE][INFO] - Finding Test Object 'Object Repository/Olusturma/Genel/Olusturma/EklenenSatir'

2021-10-21 14:07:35 - [MESSAGE][INFO] - Finding web element from Test Object's properties

2021-10-21 14:07:35 - [MESSAGE][INFO] - Checking timeout

2021-10-21 14:07:35 - [MESSAGE][INFO] - Finding web element with id: 'Object Repository/Olusturma/Genel/Olusturma/EklenenSatir' located by 'By.cssSelector: #divmalhizmet .dxgvInlineEditRow_LECustomTheme' in '30' second(s)

2021-10-21 14:07:35 - [MESSAGE][INFO] - Smart Wait Function is triggered

2021-10-21 14:07:35 - [MESSAGE][INFO] - Found 1 web elements with id: 'Object Repository/Olusturma/Genel/Olusturma/EklenenSatir' located by 'By.cssSelector: #divmalhizmet .dxgvInlineEditRow_LECustomTheme' in '30' second(s)

2021-10-21 14:07:35 - [MESSAGE][INFO] - Smart Wait Function is triggered

2021-10-21 14:07:35 - [TEST_STEP][PASSED] - if (!(getAttribute("value").contains("Vkn"))): null

2021-10-21 14:07:35 - [TEST_STEP][PASSED] - son.clear(): null

2021-10-21 14:07:35 - [TEST_STEP][PASSED] - son.sendKeys(Deger): null

2021-10-21 14:07:36 - [MESSAGE][PASSED] - Call Test Case 'Test Cases/Olusturma/Genel/Olusturma' successfully

2021-10-21 14:07:36 - [MESSAGE][INFO] - Checking called Test Case

2021-10-21 14:07:36 - [MESSAGE][INFO] - Starting to call Test Case 'Test Cases/Olusturma/Genel/Olusturma'

2021-10-21 14:07:36 - [TEST_CASE][PASSED] - Test Cases/Olusturma/Genel/Olusturma: Test Cases/Olusturma/Genel/Olusturma

2021-10-21 14:07:36 - [TEST_STEP][PASSED] - driver = getWebDriver(): null

2021-10-21 14:07:36 - [TEST_STEP][PASSED] - action = new org.openqa.selenium.interactions.Actions(driver): null

2021-10-21 14:07:36 - [TEST_STEP][PASSED] - baslikElement = <not implemented yet for class: org.codehaus.groovy.ast.expr.EmptyExpression>: null

2021-10-21 14:07:36 - [TEST_STEP][PASSED] - sonElement = <not implemented yet for class: org.codehaus.groovy.ast.expr.EmptyExpression>: null

2021-10-21 14:07:36 - [TEST_STEP][PASSED] - attr = <not implemented yet for class: org.codehaus.groovy.ast.expr.EmptyExpression>: null

2021-10-21 14:07:36 - [TEST_STEP][PASSED] - a = 0: null

2021-10-21 14:07:36 - [TEST_STEP][PASSED] - elements = findWebElements(findTestObject("Object Repository/Olusturma/Genel/Olusturma/TabloBasliklari"), 10): Found 14 web elements with id: 'Object Repository/Olusturma/Genel/Olusturma/TabloBasliklari' located by 'By.cssSelector: div#divmalhizmet .dxgvTable_LECustomTheme td.dxgvHeader_LECustomTheme tr>td:nth-child(1)' in '10' second(s)

2021-10-21 14:07:36 - [MESSAGE][INFO] - Finding Test Object 'Object Repository/Olusturma/Genel/Olusturma/TabloBasliklari'

2021-10-21 14:07:36 - [MESSAGE][INFO] - Checking timeout

2021-10-21 14:07:36 - [MESSAGE][INFO] - Finding web element with id: 'Object Repository/Olusturma/Genel/Olusturma/TabloBasliklari' located by 'By.cssSelector: div#divmalhizmet .dxgvTable_LECustomTheme td.dxgvHeader_LECustomTheme tr>td:nth-child(1)' in '10' second(s)

2021-10-21 14:07:36 - [MESSAGE][INFO] - Smart Wait Function is triggered

2021-10-21 14:07:36 - [MESSAGE][INFO] - Found 14 web elements with id: 'Object Repository/Olusturma/Genel/Olusturma/TabloBasliklari' located by 'By.cssSelector: div#divmalhizmet .dxgvTable_LECustomTheme td.dxgvHeader_LECustomTheme tr>td:nth-child(1)' in '10' second(s)

2021-10-21 14:07:36 - [TEST_STEP][PASSED] - for (def element : elements): null

2021-10-21 14:07:36 - [TEST_STEP][PASSED] - build().perform(): null

2021-10-21 14:07:36 - [TEST_STEP][PASSED] - if (getText().equals(Baslik)): null

2021-10-21 14:07:36 - [TEST_STEP][PASSED] - build().perform(): null

2021-10-21 14:07:36 - [TEST_STEP][PASSED] - if (getText().equals(Baslik)): null

2021-10-21 14:07:36 - [TEST_STEP][PASSED] - baslikElement = element.findElement(By.xpath("../../../..")): Smart Wait Function is triggered

2021-10-21 14:07:36 - [MESSAGE][INFO] - Smart Wait Function is triggered

2021-10-21 14:07:37 - [TEST_STEP][PASSED] - attr = baslikElement.getAttribute("id"): null

2021-10-21 14:07:37 - [TEST_STEP][PASSED] - println("girdi ve idsini aldı = " + attr): null

2021-10-21 14:07:37 - [TEST_STEP][PASSED] - break: null

2021-10-21 14:07:37 - [TEST_STEP][PASSED] - countElement = baslikElement.findElements(By.xpath("../td")): Smart Wait Function is triggered

2021-10-21 14:07:37 - [MESSAGE][INFO] - Smart Wait Function is triggered

2021-10-21 14:07:37 - [TEST_STEP][PASSED] - for (def element : countElement): null

2021-10-21 14:07:37 - [TEST_STEP][PASSED] - if (toString().equals(attr.toString())): null

2021-10-21 14:07:37 - [TEST_STEP][PASSED] - (a++): null

2021-10-21 14:07:37 - [TEST_STEP][PASSED] - if (toString().equals(attr.toString())): null

2021-10-21 14:07:37 - [TEST_STEP][PASSED] - (a++): null

2021-10-21 14:07:37 - [TEST_STEP][PASSED] - if (toString().equals(attr.toString())): null

2021-10-21 14:07:37 - [TEST_STEP][PASSED] - break: null

2021-10-21 14:07:37 - [TEST_STEP][PASSED] - son = findWebElement(findTestObject("Object Repository/Olusturma/Genel/Olusturma/EklenenSatir")).findElement(By.xpath("td[@class='dxgvInlineEditCell_LECustomTheme dxgv'][" + a + "]//td[@class='dxic']/input")): Smart Wait Function is triggered

2021-10-21 14:07:37 - [MESSAGE][INFO] - Finding Test Object 'Object Repository/Olusturma/Genel/Olusturma/EklenenSatir'

2021-10-21 14:07:37 - [MESSAGE][INFO] - Finding web element from Test Object's properties

2021-10-21 14:07:37 - [MESSAGE][INFO] - Checking timeout

2021-10-21 14:07:37 - [MESSAGE][INFO] - Finding web element with id: 'Object Repository/Olusturma/Genel/Olusturma/EklenenSatir' located by 'By.cssSelector: #divmalhizmet .dxgvInlineEditRow_LECustomTheme' in '30' second(s)

2021-10-21 14:07:37 - [MESSAGE][INFO] - Smart Wait Function is triggered

2021-10-21 14:07:37 - [MESSAGE][INFO] - Found 1 web elements with id: 'Object Repository/Olusturma/Genel/Olusturma/EklenenSatir' located by 'By.cssSelector: #divmalhizmet .dxgvInlineEditRow_LECustomTheme' in '30' second(s)

2021-10-21 14:07:37 - [MESSAGE][INFO] - Smart Wait Function is triggered

2021-10-21 14:07:38 - [TEST_STEP][PASSED] - if (!(getAttribute("value").contains("Vkn"))): null

2021-10-21 14:07:38 - [TEST_STEP][PASSED] - son.clear(): null

2021-10-21 14:07:38 - [TEST_STEP][PASSED] - son.sendKeys(Deger): null

2021-10-21 14:07:38 - [MESSAGE][PASSED] - Call Test Case 'Test Cases/Olusturma/Genel/Olusturma' successfully

2021-10-21 14:07:38 - [MESSAGE][INFO] - Checking called Test Case

2021-10-21 14:07:38 - [MESSAGE][INFO] - Starting to call Test Case 'Test Cases/Olusturma/Genel/Olusturma'

2021-10-21 14:07:38 - [TEST_CASE][PASSED] - Test Cases/Olusturma/Genel/Olusturma: Test Cases/Olusturma/Genel/Olusturma

2021-10-21 14:07:38 - [TEST_STEP][PASSED] - driver = getWebDriver(): null

2021-10-21 14:07:38 - [TEST_STEP][PASSED] - action = new org.openqa.selenium.interactions.Actions(driver): null

2021-10-21 14:07:38 - [TEST_STEP][PASSED] - baslikElement = <not implemented yet for class: org.codehaus.groovy.ast.expr.EmptyExpression>: null

2021-10-21 14:07:38 - [TEST_STEP][PASSED] - sonElement = <not implemented yet for class: org.codehaus.groovy.ast.expr.EmptyExpression>: null

2021-10-21 14:07:38 - [TEST_STEP][PASSED] - attr = <not implemented yet for class: org.codehaus.groovy.ast.expr.EmptyExpression>: null

2021-10-21 14:07:38 - [TEST_STEP][PASSED] - a = 0: null

2021-10-21 14:07:38 - [TEST_STEP][PASSED] - elements = findWebElements(findTestObject("Object Repository/Olusturma/Genel/Olusturma/TabloBasliklari"), 10): Found 14 web elements with id: 'Object Repository/Olusturma/Genel/Olusturma/TabloBasliklari' located by 'By.cssSelector: div#divmalhizmet .dxgvTable_LECustomTheme td.dxgvHeader_LECustomTheme tr>td:nth-child(1)' in '10' second(s)

2021-10-21 14:07:38 - [MESSAGE][INFO] - Finding Test Object 'Object Repository/Olusturma/Genel/Olusturma/TabloBasliklari'

2021-10-21 14:07:38 - [MESSAGE][INFO] - Checking timeout

2021-10-21 14:07:38 - [MESSAGE][INFO] - Finding web element with id: 'Object Repository/Olusturma/Genel/Olusturma/TabloBasliklari' located by 'By.cssSelector: div#divmalhizmet .dxgvTable_LECustomTheme td.dxgvHeader_LECustomTheme tr>td:nth-child(1)' in '10' second(s)

2021-10-21 14:07:38 - [MESSAGE][INFO] - Smart Wait Function is triggered

2021-10-21 14:07:38 - [MESSAGE][INFO] - Found 14 web elements with id: 'Object Repository/Olusturma/Genel/Olusturma/TabloBasliklari' located by 'By.cssSelector: div#divmalhizmet .dxgvTable_LECustomTheme td.dxgvHeader_LECustomTheme tr>td:nth-child(1)' in '10' second(s)

2021-10-21 14:07:38 - [TEST_STEP][PASSED] - for (def element : elements): null

2021-10-21 14:07:38 - [TEST_STEP][PASSED] - build().perform(): null

2021-10-21 14:07:38 - [TEST_STEP][PASSED] - if (getText().equals(Baslik)): null

2021-10-21 14:07:38 - [TEST_STEP][PASSED] - build().perform(): null

2021-10-21 14:07:39 - [TEST_STEP][PASSED] - if (getText().equals(Baslik)): null

2021-10-21 14:07:39 - [TEST_STEP][PASSED] - build().perform(): null

2021-10-21 14:07:39 - [TEST_STEP][PASSED] - if (getText().equals(Baslik)): null

2021-10-21 14:07:39 - [TEST_STEP][PASSED] - build().perform(): null

2021-10-21 14:07:39 - [TEST_STEP][PASSED] - if (getText().equals(Baslik)): null

2021-10-21 14:07:39 - [TEST_STEP][PASSED] - baslikElement = element.findElement(By.xpath("../../../..")): Smart Wait Function is triggered

2021-10-21 14:07:39 - [MESSAGE][INFO] - Smart Wait Function is triggered

2021-10-21 14:07:39 - [TEST_STEP][PASSED] - attr = baslikElement.getAttribute("id"): null

2021-10-21 14:07:39 - [TEST_STEP][PASSED] - println("girdi ve idsini aldı = " + attr): null

2021-10-21 14:07:39 - [TEST_STEP][PASSED] - break: null

2021-10-21 14:07:39 - [TEST_STEP][PASSED] - countElement = baslikElement.findElements(By.xpath("../td")): Smart Wait Function is triggered

2021-10-21 14:07:39 - [MESSAGE][INFO] - Smart Wait Function is triggered

2021-10-21 14:07:39 - [TEST_STEP][PASSED] - for (def element : countElement): null

2021-10-21 14:07:39 - [TEST_STEP][PASSED] - if (toString().equals(attr.toString())): null

2021-10-21 14:07:39 - [TEST_STEP][PASSED] - (a++): null

2021-10-21 14:07:39 - [TEST_STEP][PASSED] - if (toString().equals(attr.toString())): null

2021-10-21 14:07:39 - [TEST_STEP][PASSED] - (a++): null

2021-10-21 14:07:39 - [TEST_STEP][PASSED] - if (toString().equals(attr.toString())): null

2021-10-21 14:07:40 - [TEST_STEP][PASSED] - (a++): null

2021-10-21 14:07:40 - [TEST_STEP][PASSED] - if (toString().equals(attr.toString())): null

2021-10-21 14:07:40 - [TEST_STEP][PASSED] - (a++): null

2021-10-21 14:07:40 - [TEST_STEP][PASSED] - if (toString().equals(attr.toString())): null

2021-10-21 14:07:40 - [TEST_STEP][PASSED] - break: null

2021-10-21 14:07:40 - [TEST_STEP][PASSED] - son = findWebElement(findTestObject("Object Repository/Olusturma/Genel/Olusturma/EklenenSatir")).findElement(By.xpath("td[@class='dxgvInlineEditCell_LECustomTheme dxgv'][" + a + "]//td[@class='dxic']/input")): Smart Wait Function is triggered

2021-10-21 14:07:40 - [MESSAGE][INFO] - Finding Test Object 'Object Repository/Olusturma/Genel/Olusturma/EklenenSatir'

2021-10-21 14:07:40 - [MESSAGE][INFO] - Finding web element from Test Object's properties

2021-10-21 14:07:40 - [MESSAGE][INFO] - Checking timeout

2021-10-21 14:07:40 - [MESSAGE][INFO] - Finding web element with id: 'Object Repository/Olusturma/Genel/Olusturma/EklenenSatir' located by 'By.cssSelector: #divmalhizmet .dxgvInlineEditRow_LECustomTheme' in '30' second(s)

2021-10-21 14:07:40 - [MESSAGE][INFO] - Smart Wait Function is triggered

2021-10-21 14:07:40 - [MESSAGE][INFO] - Found 1 web elements with id: 'Object Repository/Olusturma/Genel/Olusturma/EklenenSatir' located by 'By.cssSelector: #divmalhizmet .dxgvInlineEditRow_LECustomTheme' in '30' second(s)

2021-10-21 14:07:40 - [MESSAGE][INFO] - Smart Wait Function is triggered

2021-10-21 14:07:40 - [TEST_STEP][PASSED] - if (!(getAttribute("value").contains("Vkn"))): null

2021-10-21 14:07:40 - [TEST_STEP][PASSED] - son.clear(): null

2021-10-21 14:07:40 - [TEST_STEP][PASSED] - son.sendKeys(Deger): null

2021-10-21 14:07:40 - [MESSAGE][PASSED] - Call Test Case 'Test Cases/Olusturma/Genel/Olusturma' successfully

2021-10-21 14:07:40 - [MESSAGE][INFO] - Checking called Test Case

2021-10-21 14:07:40 - [MESSAGE][INFO] - Starting to call Test Case 'Test Cases/Olusturma/Genel/Olusturma'

2021-10-21 14:07:41 - [TEST_CASE][PASSED] - Test Cases/Olusturma/Genel/Olusturma: Test Cases/Olusturma/Genel/Olusturma

2021-10-21 14:07:41 - [TEST_STEP][PASSED] - driver = getWebDriver(): null

2021-10-21 14:07:41 - [TEST_STEP][PASSED] - action = new org.openqa.selenium.interactions.Actions(driver): null

2021-10-21 14:07:41 - [TEST_STEP][PASSED] - baslikElement = <not implemented yet for class: org.codehaus.groovy.ast.expr.EmptyExpression>: null

2021-10-21 14:07:41 - [TEST_STEP][PASSED] - sonElement = <not implemented yet for class: org.codehaus.groovy.ast.expr.EmptyExpression>: null

2021-10-21 14:07:41 - [TEST_STEP][PASSED] - attr = <not implemented yet for class: org.codehaus.groovy.ast.expr.EmptyExpression>: null

2021-10-21 14:07:41 - [TEST_STEP][PASSED] - a = 0: null

2021-10-21 14:07:41 - [TEST_STEP][PASSED] - elements = findWebElements(findTestObject("Object Repository/Olusturma/Genel/Olusturma/TabloBasliklari"), 10): Found 14 web elements with id: 'Object Repository/Olusturma/Genel/Olusturma/TabloBasliklari' located by 'By.cssSelector: div#divmalhizmet .dxgvTable_LECustomTheme td.dxgvHeader_LECustomTheme tr>td:nth-child(1)' in '10' second(s)

2021-10-21 14:07:41 - [MESSAGE][INFO] - Finding Test Object 'Object Repository/Olusturma/Genel/Olusturma/TabloBasliklari'

2021-10-21 14:07:41 - [MESSAGE][INFO] - Checking timeout

2021-10-21 14:07:41 - [MESSAGE][INFO] - Finding web element with id: 'Object Repository/Olusturma/Genel/Olusturma/TabloBasliklari' located by 'By.cssSelector: div#divmalhizmet .dxgvTable_LECustomTheme td.dxgvHeader_LECustomTheme tr>td:nth-child(1)' in '10' second(s)

2021-10-21 14:07:41 - [MESSAGE][INFO] - Smart Wait Function is triggered

2021-10-21 14:07:41 - [MESSAGE][INFO] - Found 14 web elements with id: 'Object Repository/Olusturma/Genel/Olusturma/TabloBasliklari' located by 'By.cssSelector: div#divmalhizmet .dxgvTable_LECustomTheme td.dxgvHeader_LECustomTheme tr>td:nth-child(1)' in '10' second(s)

2021-10-21 14:07:41 - [TEST_STEP][PASSED] - for (def element : elements): null

2021-10-21 14:07:41 - [TEST_STEP][PASSED] - build().perform(): null

2021-10-21 14:07:41 - [TEST_STEP][PASSED] - if (getText().equals(Baslik)): null

2021-10-21 14:07:41 - [TEST_STEP][PASSED] - build().perform(): null

2021-10-21 14:07:41 - [TEST_STEP][PASSED] - if (getText().equals(Baslik)): null

2021-10-21 14:07:41 - [TEST_STEP][PASSED] - build().perform(): null

2021-10-21 14:07:41 - [TEST_STEP][PASSED] - if (getText().equals(Baslik)): null

2021-10-21 14:07:41 - [TEST_STEP][PASSED] - build().perform(): null

2021-10-21 14:07:41 - [TEST_STEP][PASSED] - if (getText().equals(Baslik)): null

2021-10-21 14:07:41 - [TEST_STEP][PASSED] - build().perform(): null

2021-10-21 14:07:42 - [TEST_STEP][PASSED] - if (getText().equals(Baslik)): null

2021-10-21 14:07:42 - [TEST_STEP][PASSED] - baslikElement = element.findElement(By.xpath("../../../..")): Smart Wait Function is triggered

2021-10-21 14:07:42 - [MESSAGE][INFO] - Smart Wait Function is triggered

2021-10-21 14:07:42 - [TEST_STEP][PASSED] - attr = baslikElement.getAttribute("id"): null

2021-10-21 14:07:42 - [TEST_STEP][PASSED] - println("girdi ve idsini aldı = " + attr): null

2021-10-21 14:07:42 - [TEST_STEP][PASSED] - break: null

2021-10-21 14:07:42 - [TEST_STEP][PASSED] - countElement = baslikElement.findElements(By.xpath("../td")): Smart Wait Function is triggered

2021-10-21 14:07:42 - [MESSAGE][INFO] - Smart Wait Function is triggered

2021-10-21 14:07:42 - [TEST_STEP][PASSED] - for (def element : countElement): null

2021-10-21 14:07:42 - [TEST_STEP][PASSED] - if (toString().equals(attr.toString())): null

2021-10-21 14:07:42 - [TEST_STEP][PASSED] - (a++): null

2021-10-21 14:07:42 - [TEST_STEP][PASSED] - if (toString().equals(attr.toString())): null

2021-10-21 14:07:42 - [TEST_STEP][PASSED] - (a++): null

2021-10-21 14:07:42 - [TEST_STEP][PASSED] - if (toString().equals(attr.toString())): null

2021-10-21 14:07:42 - [TEST_STEP][PASSED] - (a++): null

2021-10-21 14:07:42 - [TEST_STEP][PASSED] - if (toString().equals(attr.toString())): null

2021-10-21 14:07:42 - [TEST_STEP][PASSED] - (a++): null

2021-10-21 14:07:42 - [TEST_STEP][PASSED] - if (toString().equals(attr.toString())): null

2021-10-21 14:07:42 - [TEST_STEP][PASSED] - (a++): null

2021-10-21 14:07:42 - [TEST_STEP][PASSED] - if (toString().equals(attr.toString())): null

2021-10-21 14:07:42 - [TEST_STEP][PASSED] - break: null

2021-10-21 14:07:42 - [TEST_STEP][PASSED] - son = findWebElement(findTestObject("Object Repository/Olusturma/Genel/Olusturma/EklenenSatir")).findElement(By.xpath("td[@class='dxgvInlineEditCell_LECustomTheme dxgv'][" + a + "]//td[@class='dxic']/input")): Smart Wait Function is triggered

2021-10-21 14:07:42 - [MESSAGE][INFO] - Finding Test Object 'Object Repository/Olusturma/Genel/Olusturma/EklenenSatir'

2021-10-21 14:07:42 - [MESSAGE][INFO] - Finding web element from Test Object's properties

2021-10-21 14:07:42 - [MESSAGE][INFO] - Checking timeout

2021-10-21 14:07:42 - [MESSAGE][INFO] - Finding web element with id: 'Object Repository/Olusturma/Genel/Olusturma/EklenenSatir' located by 'By.cssSelector: #divmalhizmet .dxgvInlineEditRow_LECustomTheme' in '30' second(s)

2021-10-21 14:07:42 - [MESSAGE][INFO] - Smart Wait Function is triggered

2021-10-21 14:07:43 - [MESSAGE][INFO] - Found 1 web elements with id: 'Object Repository/Olusturma/Genel/Olusturma/EklenenSatir' located by 'By.cssSelector: #divmalhizmet .dxgvInlineEditRow_LECustomTheme' in '30' second(s)

2021-10-21 14:07:43 - [MESSAGE][INFO] - Smart Wait Function is triggered

2021-10-21 14:07:43 - [TEST_STEP][PASSED] - if (!(getAttribute("value").contains("Vkn"))): null

2021-10-21 14:07:43 - [TEST_STEP][PASSED] - son.clear(): null

2021-10-21 14:07:43 - [TEST_STEP][PASSED] - son.sendKeys(Deger): null

2021-10-21 14:07:43 - [MESSAGE][PASSED] - Call Test Case 'Test Cases/Olusturma/Genel/Olusturma' successfully

2021-10-21 14:07:43 - [MESSAGE][INFO] - Checking called Test Case

2021-10-21 14:07:43 - [MESSAGE][INFO] - Starting to call Test Case 'Test Cases/Olusturma/Genel/Olusturma'

2021-10-21 14:07:43 - [TEST_CASE][PASSED] - Test Cases/Olusturma/Genel/Olusturma: Test Cases/Olusturma/Genel/Olusturma

2021-10-21 14:07:43 - [TEST_STEP][PASSED] - driver = getWebDriver(): null

2021-10-21 14:07:43 - [TEST_STEP][PASSED] - action = new org.openqa.selenium.interactions.Actions(driver): null

2021-10-21 14:07:43 - [TEST_STEP][PASSED] - baslikElement = <not implemented yet for class: org.codehaus.groovy.ast.expr.EmptyExpression>: null

2021-10-21 14:07:43 - [TEST_STEP][PASSED] - sonElement = <not implemented yet for class: org.codehaus.groovy.ast.expr.EmptyExpression>: null

2021-10-21 14:07:43 - [TEST_STEP][PASSED] - attr = <not implemented yet for class: org.codehaus.groovy.ast.expr.EmptyExpression>: null

2021-10-21 14:07:43 - [TEST_STEP][PASSED] - a = 0: null

2021-10-21 14:07:43 - [TEST_STEP][PASSED] - elements = findWebElements(findTestObject("Object Repository/Olusturma/Genel/Olusturma/TabloBasliklari"), 10): Found 14 web elements with id: 'Object Repository/Olusturma/Genel/Olusturma/TabloBasliklari' located by 'By.cssSelector: div#divmalhizmet .dxgvTable_LECustomTheme td.dxgvHeader_LECustomTheme tr>td:nth-child(1)' in '10' second(s)

2021-10-21 14:07:43 - [MESSAGE][INFO] - Finding Test Object 'Object Repository/Olusturma/Genel/Olusturma/TabloBasliklari'

2021-10-21 14:07:43 - [MESSAGE][INFO] - Checking timeout

2021-10-21 14:07:43 - [MESSAGE][INFO] - Finding web element with id: 'Object Repository/Olusturma/Genel/Olusturma/TabloBasliklari' located by 'By.cssSelector: div#divmalhizmet .dxgvTable_LECustomTheme td.dxgvHeader_LECustomTheme tr>td:nth-child(1)' in '10' second(s)

2021-10-21 14:07:43 - [MESSAGE][INFO] - Smart Wait Function is triggered

2021-10-21 14:07:44 - [MESSAGE][INFO] - Found 14 web elements with id: 'Object Repository/Olusturma/Genel/Olusturma/TabloBasliklari' located by 'By.cssSelector: div#divmalhizmet .dxgvTable_LECustomTheme td.dxgvHeader_LECustomTheme tr>td:nth-child(1)' in '10' second(s)

2021-10-21 14:07:44 - [TEST_STEP][PASSED] - for (def element : elements): null

2021-10-21 14:07:44 - [TEST_STEP][PASSED] - build().perform(): null

2021-10-21 14:07:44 - [TEST_STEP][PASSED] - if (getText().equals(Baslik)): null

2021-10-21 14:07:44 - [TEST_STEP][PASSED] - build().perform(): null

2021-10-21 14:07:44 - [TEST_STEP][PASSED] - if (getText().equals(Baslik)): null

2021-10-21 14:07:44 - [TEST_STEP][PASSED] - build().perform(): null

2021-10-21 14:07:44 - [TEST_STEP][PASSED] - if (getText().equals(Baslik)): null

2021-10-21 14:07:44 - [TEST_STEP][PASSED] - build().perform(): null

2021-10-21 14:07:44 - [TEST_STEP][PASSED] - if (getText().equals(Baslik)): null

2021-10-21 14:07:44 - [TEST_STEP][PASSED] - build().perform(): null

2021-10-21 14:07:44 - [TEST_STEP][PASSED] - if (getText().equals(Baslik)): null

2021-10-21 14:07:44 - [TEST_STEP][PASSED] - build().perform(): null

2021-10-21 14:07:45 - [TEST_STEP][PASSED] - if (getText().equals(Baslik)): null

2021-10-21 14:07:45 - [TEST_STEP][PASSED] - build().perform(): null

2021-10-21 14:07:45 - [TEST_STEP][PASSED] - if (getText().equals(Baslik)): null

2021-10-21 14:07:45 - [TEST_STEP][PASSED] - baslikElement = element.findElement(By.xpath("../../../..")): Smart Wait Function is triggered

2021-10-21 14:07:45 - [MESSAGE][INFO] - Smart Wait Function is triggered

2021-10-21 14:07:45 - [TEST_STEP][PASSED] - attr = baslikElement.getAttribute("id"): null

2021-10-21 14:07:45 - [TEST_STEP][PASSED] - println("girdi ve idsini aldı = " + attr): null

2021-10-21 14:07:45 - [TEST_STEP][PASSED] - break: null

2021-10-21 14:07:45 - [TEST_STEP][PASSED] - countElement = baslikElement.findElements(By.xpath("../td")): Smart Wait Function is triggered

2021-10-21 14:07:45 - [MESSAGE][INFO] - Smart Wait Function is triggered

2021-10-21 14:07:45 - [TEST_STEP][PASSED] - for (def element : countElement): null

2021-10-21 14:07:45 - [TEST_STEP][PASSED] - if (toString().equals(attr.toString())): null

2021-10-21 14:07:45 - [TEST_STEP][PASSED] - (a++): null

2021-10-21 14:07:45 - [TEST_STEP][PASSED] - if (toString().equals(attr.toString())): null

2021-10-21 14:07:45 - [TEST_STEP][PASSED] - (a++): null

2021-10-21 14:07:45 - [TEST_STEP][PASSED] - if (toString().equals(attr.toString())): null

2021-10-21 14:07:45 - [TEST_STEP][PASSED] - (a++): null

2021-10-21 14:07:45 - [TEST_STEP][PASSED] - if (toString().equals(attr.toString())): null

2021-10-21 14:07:45 - [TEST_STEP][PASSED] - (a++): null

2021-10-21 14:07:45 - [TEST_STEP][PASSED] - if (toString().equals(attr.toString())): null

2021-10-21 14:07:45 - [TEST_STEP][PASSED] - (a++): null

2021-10-21 14:07:45 - [TEST_STEP][PASSED] - if (toString().equals(attr.toString())): null

2021-10-21 14:07:45 - [TEST_STEP][PASSED] - (a++): null

2021-10-21 14:07:45 - [TEST_STEP][PASSED] - if (toString().equals(attr.toString())): null

2021-10-21 14:07:45 - [TEST_STEP][PASSED] - (a++): null

2021-10-21 14:07:45 - [TEST_STEP][PASSED] - if (toString().equals(attr.toString())): null

2021-10-21 14:07:45 - [TEST_STEP][PASSED] - break: null

2021-10-21 14:07:45 - [TEST_STEP][PASSED] - son = findWebElement(findTestObject("Object Repository/Olusturma/Genel/Olusturma/EklenenSatir")).findElement(By.xpath("td[@class='dxgvInlineEditCell_LECustomTheme dxgv'][" + a + "]//td[@class='dxic']/input")): Smart Wait Function is triggered

2021-10-21 14:07:45 - [MESSAGE][INFO] - Finding Test Object 'Object Repository/Olusturma/Genel/Olusturma/EklenenSatir'

2021-10-21 14:07:46 - [MESSAGE][INFO] - Finding web element from Test Object's properties

2021-10-21 14:07:46 - [MESSAGE][INFO] - Checking timeout

2021-10-21 14:07:46 - [MESSAGE][INFO] - Finding web element with id: 'Object Repository/Olusturma/Genel/Olusturma/EklenenSatir' located by 'By.cssSelector: #divmalhizmet .dxgvInlineEditRow_LECustomTheme' in '30' second(s)

2021-10-21 14:07:46 - [MESSAGE][INFO] - Smart Wait Function is triggered

2021-10-21 14:07:46 - [MESSAGE][INFO] - Found 1 web elements with id: 'Object Repository/Olusturma/Genel/Olusturma/EklenenSatir' located by 'By.cssSelector: #divmalhizmet .dxgvInlineEditRow_LECustomTheme' in '30' second(s)

2021-10-21 14:07:46 - [MESSAGE][INFO] - Smart Wait Function is triggered

2021-10-21 14:07:46 - [TEST_STEP][PASSED] - if (!(getAttribute("value").contains("Vkn"))): null

2021-10-21 14:07:46 - [TEST_STEP][PASSED] - son.clear(): null

2021-10-21 14:07:46 - [TEST_STEP][PASSED] - son.sendKeys(Deger): null

2021-10-21 14:07:47 - [MESSAGE][PASSED] - Call Test Case 'Test Cases/Olusturma/Genel/Olusturma' successfully

2021-10-21 14:07:47 - [MESSAGE][INFO] - Checking called Test Case

2021-10-21 14:07:47 - [MESSAGE][INFO] - Starting to call Test Case 'Test Cases/Olusturma/Genel/Kutular/MasrafBilgileriEkleButonu'

2021-10-21 14:07:47 - [TEST_CASE][PASSED] - Test Cases/Olusturma/Genel/Kutular/MasrafBilgileriEkleButonu: Test Cases/Olusturma/Genel/Kutular/MasrafBilgileriEkleButonu

2021-10-21 14:07:47 - [TEST_STEP][PASSED] - waitForElementClickable(findTestObject("Object Repository/Olusturma/Genel/Kutular/MasrafBilgileri/Ekle"), 10): Object 'Object Repository/Olusturma/Genel/Kutular/MasrafBilgileri/Ekle' is clickable

2021-10-21 14:07:47 - [MESSAGE][INFO] - Finding Test Object 'Object Repository/Olusturma/Genel/Kutular/MasrafBilgileri/Ekle'

2021-10-21 14:07:47 - [MESSAGE][INFO] - Checking object

2021-10-21 14:07:47 - [MESSAGE][INFO] - Checking timeout

2021-10-21 14:07:47 - [MESSAGE][INFO] - Finding web element from Test Object's properties

2021-10-21 14:07:47 - [MESSAGE][INFO] - Checking timeout

2021-10-21 14:07:47 - [MESSAGE][INFO] - Finding web element with id: 'Object Repository/Olusturma/Genel/Kutular/MasrafBilgileri/Ekle' located by 'By.xpath: //*[@id = 'DXEditorgvAllowanceChargeNewRowBtn']' in '10' second(s)

2021-10-21 14:07:47 - [MESSAGE][INFO] - Smart Wait Function is triggered

2021-10-21 14:07:48 - [MESSAGE][INFO] - Found 1 web elements with id: 'Object Repository/Olusturma/Genel/Kutular/MasrafBilgileri/Ekle' located by 'By.xpath: //*[@id = 'DXEditorgvAllowanceChargeNewRowBtn']' in '10' second(s)

2021-10-21 14:07:48 - [MESSAGE][PASSED] - Object 'Object Repository/Olusturma/Genel/Kutular/MasrafBilgileri/Ekle' is clickable

2021-10-21 14:07:48 - [TEST_STEP][PASSED] - click(findTestObject("Object Repository/Olusturma/Genel/Kutular/MasrafBilgileri/Ekle")): Object: 'Object Repository/Olusturma/Genel/Kutular/MasrafBilgileri/Ekle' is clicked on

2021-10-21 14:07:48 - [MESSAGE][INFO] - Finding Test Object 'Object Repository/Olusturma/Genel/Kutular/MasrafBilgileri/Ekle'

2021-10-21 14:07:48 - [MESSAGE][INFO] - Checking object

2021-10-21 14:07:48 - [MESSAGE][INFO] - Finding web element from Test Object's properties

2021-10-21 14:07:48 - [MESSAGE][INFO] - Checking timeout

2021-10-21 14:07:48 - [MESSAGE][INFO] - Finding web element with id: 'Object Repository/Olusturma/Genel/Kutular/MasrafBilgileri/Ekle' located by 'By.xpath: //*[@id = 'DXEditorgvAllowanceChargeNewRowBtn']' in '30' second(s)

2021-10-21 14:07:48 - [MESSAGE][INFO] - Smart Wait Function is triggered

2021-10-21 14:07:48 - [MESSAGE][INFO] - Found 1 web elements with id: 'Object Repository/Olusturma/Genel/Kutular/MasrafBilgileri/Ekle' located by 'By.xpath: //*[@id = 'DXEditorgvAllowanceChargeNewRowBtn']' in '30' second(s)

2021-10-21 14:07:48 - [MESSAGE][INFO] - Clicking on object: 'Object Repository/Olusturma/Genel/Kutular/MasrafBilgileri/Ekle'

2021-10-21 14:07:48 - [MESSAGE][PASSED] - Object: 'Object Repository/Olusturma/Genel/Kutular/MasrafBilgileri/Ekle' is clicked on

2021-10-21 14:07:48 - [TEST_STEP][PASSED] - waitForElementClickable(findTestObject("Object Repository/Olusturma/Genel/Kutular/MasrafBilgileri/EklenenSatirCarpiImage"), 10): Object 'Object Repository/Olusturma/Genel/Kutular/MasrafBilgileri/EklenenSatirCarpiImage' is clickable

2021-10-21 14:07:48 - [MESSAGE][INFO] - Finding Test Object 'Object Repository/Olusturma/Genel/Kutular/MasrafBilgileri/EklenenSatirCarpiImage'

2021-10-21 14:07:48 - [MESSAGE][INFO] - Checking object

2021-10-21 14:07:48 - [MESSAGE][INFO] - Checking timeout

2021-10-21 14:07:48 - [MESSAGE][INFO] - Finding web element from Test Object's properties

2021-10-21 14:07:48 - [MESSAGE][INFO] - Checking timeout

2021-10-21 14:07:48 - [MESSAGE][INFO] - Finding web element with id: 'Object Repository/Olusturma/Genel/Kutular/MasrafBilgileri/EklenenSatirCarpiImage' located by 'By.xpath: //*[@id = 'DXEditorgvAllowanceChargeCancelEditBtn']' in '10' second(s)

2021-10-21 14:07:48 - [MESSAGE][INFO] - Smart Wait Function is triggered

2021-10-21 14:07:48 - [MESSAGE][INFO] - Smart Wait Function is triggered

2021-10-21 14:07:50 - [MESSAGE][INFO] - Found 1 web elements with id: 'Object Repository/Olusturma/Genel/Kutular/MasrafBilgileri/EklenenSatirCarpiImage' located by 'By.xpath: //*[@id = 'DXEditorgvAllowanceChargeCancelEditBtn']' in '10' second(s)

2021-10-21 14:07:50 - [MESSAGE][PASSED] - Object 'Object Repository/Olusturma/Genel/Kutular/MasrafBilgileri/EklenenSatirCarpiImage' is clickable

2021-10-21 14:07:50 - [MESSAGE][PASSED] - Call Test Case 'Test Cases/Olusturma/Genel/Kutular/MasrafBilgileriEkleButonu' successfully

2021-10-21 14:07:50 - [MESSAGE][INFO] - Checking called Test Case

2021-10-21 14:07:50 - [MESSAGE][INFO] - Starting to call Test Case 'Test Cases/Olusturma/Genel/Kutular/MasrafBilgileriGirilir'

2021-10-21 14:07:50 - [TEST_CASE][PASSED] - Test Cases/Olusturma/Genel/Kutular/MasrafBilgileriGirilir: Test Cases/Olusturma/Genel/Kutular/MasrafBilgileriGirilir

2021-10-21 14:07:50 - [TEST_STEP][PASSED] - driver = getWebDriver(): null

2021-10-21 14:07:50 - [TEST_STEP][PASSED] - action = new org.openqa.selenium.interactions.Actions(driver): null

2021-10-21 14:07:50 - [TEST_STEP][PASSED] - baslikElement = <not implemented yet for class: org.codehaus.groovy.ast.expr.EmptyExpression>: null

2021-10-21 14:07:50 - [TEST_STEP][PASSED] - sonElement = <not implemented yet for class: org.codehaus.groovy.ast.expr.EmptyExpression>: null

2021-10-21 14:07:50 - [TEST_STEP][PASSED] - attr = <not implemented yet for class: org.codehaus.groovy.ast.expr.EmptyExpression>: null

2021-10-21 14:07:50 - [TEST_STEP][PASSED] - a = 0: null

2021-10-21 14:07:50 - [TEST_STEP][PASSED] - elements = findWebElements(findTestObject("Object Repository/Olusturma/Genel/Kutular/MasrafBilgileri/TabloBasliklari"), 10): Found 7 web elements with id: 'Object Repository/Olusturma/Genel/Kutular/MasrafBilgileri/TabloBasliklari' located by 'By.cssSelector: #divhal .dxgvTable_LECustomTheme td.dxgvHeader_LECustomTheme tr>td:nth-child(1)' in '10' second(s)

2021-10-21 14:07:50 - [MESSAGE][INFO] - Finding Test Object 'Object Repository/Olusturma/Genel/Kutular/MasrafBilgileri/TabloBasliklari'

2021-10-21 14:07:50 - [MESSAGE][INFO] - Checking timeout

2021-10-21 14:07:50 - [MESSAGE][INFO] - Finding web element with id: 'Object Repository/Olusturma/Genel/Kutular/MasrafBilgileri/TabloBasliklari' located by 'By.cssSelector: #divhal .dxgvTable_LECustomTheme td.dxgvHeader_LECustomTheme tr>td:nth-child(1)' in '10' second(s)

2021-10-21 14:07:50 - [MESSAGE][INFO] - Smart Wait Function is triggered

2021-10-21 14:07:51 - [MESSAGE][INFO] - Found 7 web elements with id: 'Object Repository/Olusturma/Genel/Kutular/MasrafBilgileri/TabloBasliklari' located by 'By.cssSelector: #divhal .dxgvTable_LECustomTheme td.dxgvHeader_LECustomTheme tr>td:nth-child(1)' in '10' second(s)

2021-10-21 14:07:51 - [TEST_STEP][PASSED] - for (def element : elements): null

2021-10-21 14:07:51 - [TEST_STEP][PASSED] - build().perform(): null

2021-10-21 14:07:51 - [TEST_STEP][PASSED] - if (getText().equals(Baslik)): null

2021-10-21 14:07:51 - [TEST_STEP][PASSED] - baslikElement = element.findElement(By.xpath("../../../..")): Smart Wait Function is triggered

2021-10-21 14:07:51 - [MESSAGE][INFO] - Smart Wait Function is triggered

2021-10-21 14:07:51 - [TEST_STEP][PASSED] - attr = baslikElement.getAttribute("id"): null

2021-10-21 14:07:51 - [TEST_STEP][PASSED] - break: null

2021-10-21 14:07:51 - [TEST_STEP][PASSED] - countElement = baslikElement.findElements(By.xpath("../td")): Smart Wait Function is triggered

2021-10-21 14:07:51 - [MESSAGE][INFO] - Smart Wait Function is triggered

2021-10-21 14:07:51 - [TEST_STEP][PASSED] - for (def element : countElement): null

2021-10-21 14:07:51 - [TEST_STEP][PASSED] - if (toString().equals(attr.toString())): null

2021-10-21 14:07:51 - [TEST_STEP][PASSED] - (a++): null

2021-10-21 14:07:51 - [TEST_STEP][PASSED] - if (toString().equals(attr.toString())): null

2021-10-21 14:07:51 - [TEST_STEP][PASSED] - break: null

2021-10-21 14:07:51 - [TEST_STEP][PASSED] - son = findWebElement(findTestObject("Object Repository/Olusturma/Genel/Kutular/MasrafBilgileri/EklenenSatir")).findElement(By.xpath("td[@class='dxgvInlineEditCell_LECustomTheme dxgv'][" + a + "]//td[@class='dxic']/input")): Smart Wait Function is triggered

2021-10-21 14:07:51 - [MESSAGE][INFO] - Finding Test Object 'Object Repository/Olusturma/Genel/Kutular/MasrafBilgileri/EklenenSatir'

2021-10-21 14:07:52 - [MESSAGE][INFO] - Finding web element from Test Object's properties

2021-10-21 14:07:52 - [MESSAGE][INFO] - Checking timeout

2021-10-21 14:07:52 - [MESSAGE][INFO] - Finding web element with id: 'Object Repository/Olusturma/Genel/Kutular/MasrafBilgileri/EklenenSatir' located by 'By.cssSelector: #divhal .dxgvInlineEditRow_LECustomTheme' in '30' second(s)

2021-10-21 14:07:52 - [MESSAGE][INFO] - Smart Wait Function is triggered

2021-10-21 14:07:52 - [MESSAGE][INFO] - Found 1 web elements with id: 'Object Repository/Olusturma/Genel/Kutular/MasrafBilgileri/EklenenSatir' located by 'By.cssSelector: #divhal .dxgvInlineEditRow_LECustomTheme' in '30' second(s)

2021-10-21 14:07:52 - [MESSAGE][INFO] - Smart Wait Function is triggered

2021-10-21 14:07:52 - [TEST_STEP][PASSED] - son.sendKeys(Keys.chord(CONTROL, "a")): null

2021-10-21 14:07:52 - [TEST_STEP][PASSED] - son.sendKeys(Deger): null

2021-10-21 14:07:52 - [MESSAGE][PASSED] - Call Test Case 'Test Cases/Olusturma/Genel/Kutular/MasrafBilgileriGirilir' successfully

2021-10-21 14:07:52 - [MESSAGE][INFO] - Checking called Test Case

2021-10-21 14:07:52 - [MESSAGE][INFO] - Starting to call Test Case 'Test Cases/Olusturma/Genel/Kutular/MasrafBilgileriGirilir'

2021-10-21 14:07:52 - [TEST_CASE][PASSED] - Test Cases/Olusturma/Genel/Kutular/MasrafBilgileriGirilir: Test Cases/Olusturma/Genel/Kutular/MasrafBilgileriGirilir

2021-10-21 14:07:52 - [TEST_STEP][PASSED] - driver = getWebDriver(): null

2021-10-21 14:07:52 - [TEST_STEP][PASSED] - action = new org.openqa.selenium.interactions.Actions(driver): null

2021-10-21 14:07:52 - [TEST_STEP][PASSED] - baslikElement = <not implemented yet for class: org.codehaus.groovy.ast.expr.EmptyExpression>: null

2021-10-21 14:07:52 - [TEST_STEP][PASSED] - sonElement = <not implemented yet for class: org.codehaus.groovy.ast.expr.EmptyExpression>: null

2021-10-21 14:07:52 - [TEST_STEP][PASSED] - attr = <not implemented yet for class: org.codehaus.groovy.ast.expr.EmptyExpression>: null

2021-10-21 14:07:52 - [TEST_STEP][PASSED] - a = 0: null

2021-10-21 14:07:52 - [TEST_STEP][PASSED] - elements = findWebElements(findTestObject("Object Repository/Olusturma/Genel/Kutular/MasrafBilgileri/TabloBasliklari"), 10): Found 7 web elements with id: 'Object Repository/Olusturma/Genel/Kutular/MasrafBilgileri/TabloBasliklari' located by 'By.cssSelector: #divhal .dxgvTable_LECustomTheme td.dxgvHeader_LECustomTheme tr>td:nth-child(1)' in '10' second(s)

2021-10-21 14:07:52 - [MESSAGE][INFO] - Finding Test Object 'Object Repository/Olusturma/Genel/Kutular/MasrafBilgileri/TabloBasliklari'

2021-10-21 14:07:53 - [MESSAGE][INFO] - Checking timeout

2021-10-21 14:07:53 - [MESSAGE][INFO] - Finding web element with id: 'Object Repository/Olusturma/Genel/Kutular/MasrafBilgileri/TabloBasliklari' located by 'By.cssSelector: #divhal .dxgvTable_LECustomTheme td.dxgvHeader_LECustomTheme tr>td:nth-child(1)' in '10' second(s)

2021-10-21 14:07:53 - [MESSAGE][INFO] - Smart Wait Function is triggered

2021-10-21 14:07:53 - [MESSAGE][INFO] - Found 7 web elements with id: 'Object Repository/Olusturma/Genel/Kutular/MasrafBilgileri/TabloBasliklari' located by 'By.cssSelector: #divhal .dxgvTable_LECustomTheme td.dxgvHeader_LECustomTheme tr>td:nth-child(1)' in '10' second(s)

2021-10-21 14:07:53 - [TEST_STEP][PASSED] - for (def element : elements): null

2021-10-21 14:07:53 - [TEST_STEP][PASSED] - build().perform(): null

2021-10-21 14:07:53 - [TEST_STEP][PASSED] - if (getText().equals(Baslik)): null

2021-10-21 14:07:53 - [TEST_STEP][PASSED] - build().perform(): null

2021-10-21 14:07:53 - [TEST_STEP][PASSED] - if (getText().equals(Baslik)): null

2021-10-21 14:07:53 - [TEST_STEP][PASSED] - build().perform(): null

2021-10-21 14:07:53 - [TEST_STEP][PASSED] - if (getText().equals(Baslik)): null

2021-10-21 14:07:53 - [TEST_STEP][PASSED] - baslikElement = element.findElement(By.xpath("../../../..")): Smart Wait Function is triggered

2021-10-21 14:07:53 - [MESSAGE][INFO] - Smart Wait Function is triggered

2021-10-21 14:07:54 - [TEST_STEP][PASSED] - attr = baslikElement.getAttribute("id"): null

2021-10-21 14:07:54 - [TEST_STEP][PASSED] - break: null

2021-10-21 14:07:54 - [TEST_STEP][PASSED] - countElement = baslikElement.findElements(By.xpath("../td")): Smart Wait Function is triggered

2021-10-21 14:07:54 - [MESSAGE][INFO] - Smart Wait Function is triggered

2021-10-21 14:07:54 - [TEST_STEP][PASSED] - for (def element : countElement): null

2021-10-21 14:07:54 - [TEST_STEP][PASSED] - if (toString().equals(attr.toString())): null

2021-10-21 14:07:54 - [TEST_STEP][PASSED] - (a++): null

2021-10-21 14:07:54 - [TEST_STEP][PASSED] - if (toString().equals(attr.toString())): null

2021-10-21 14:07:54 - [TEST_STEP][PASSED] - (a++): null

2021-10-21 14:07:54 - [TEST_STEP][PASSED] - if (toString().equals(attr.toString())): null

2021-10-21 14:07:54 - [TEST_STEP][PASSED] - (a++): null

2021-10-21 14:07:54 - [TEST_STEP][PASSED] - if (toString().equals(attr.toString())): null

2021-10-21 14:07:54 - [TEST_STEP][PASSED] - break: null

2021-10-21 14:07:54 - [TEST_STEP][PASSED] - son = findWebElement(findTestObject("Object Repository/Olusturma/Genel/Kutular/MasrafBilgileri/EklenenSatir")).findElement(By.xpath("td[@class='dxgvInlineEditCell_LECustomTheme dxgv'][" + a + "]//td[@class='dxic']/input")): Smart Wait Function is triggered

2021-10-21 14:07:54 - [MESSAGE][INFO] - Finding Test Object 'Object Repository/Olusturma/Genel/Kutular/MasrafBilgileri/EklenenSatir'

2021-10-21 14:07:54 - [MESSAGE][INFO] - Finding web element from Test Object's properties

2021-10-21 14:07:54 - [MESSAGE][INFO] - Checking timeout

2021-10-21 14:07:54 - [MESSAGE][INFO] - Finding web element with id: 'Object Repository/Olusturma/Genel/Kutular/MasrafBilgileri/EklenenSatir' located by 'By.cssSelector: #divhal .dxgvInlineEditRow_LECustomTheme' in '30' second(s)

2021-10-21 14:07:54 - [MESSAGE][INFO] - Smart Wait Function is triggered

2021-10-21 14:07:54 - [MESSAGE][INFO] - Found 1 web elements with id: 'Object Repository/Olusturma/Genel/Kutular/MasrafBilgileri/EklenenSatir' located by 'By.cssSelector: #divhal .dxgvInlineEditRow_LECustomTheme' in '30' second(s)

2021-10-21 14:07:54 - [MESSAGE][INFO] - Smart Wait Function is triggered

2021-10-21 14:07:55 - [TEST_STEP][PASSED] - son.sendKeys(Keys.chord(CONTROL, "a")): null

2021-10-21 14:07:55 - [TEST_STEP][PASSED] - son.sendKeys(Deger): null

2021-10-21 14:07:55 - [MESSAGE][PASSED] - Call Test Case 'Test Cases/Olusturma/Genel/Kutular/MasrafBilgileriGirilir' successfully

2021-10-21 14:07:55 - [MESSAGE][INFO] - Checking called Test Case

2021-10-21 14:07:55 - [MESSAGE][INFO] - Starting to call Test Case 'Test Cases/Olusturma/Genel/NotGirilir'

2021-10-21 14:07:55 - [TEST_CASE][PASSED] - Test Cases/Olusturma/Genel/NotGirilir: Test Cases/Olusturma/Genel/NotGirilir

2021-10-21 14:07:55 - [TEST_STEP][PASSED] - i = 0: null

2021-10-21 14:07:55 - [TEST_STEP][PASSED] - waitForElementClickable(findTestObject("Olusturma/Genel/Not/Notlar"), 10): Object 'Object Repository/Olusturma/Genel/Not/Notlar' is clickable

2021-10-21 14:07:55 - [MESSAGE][INFO] - Finding Test Object 'Object Repository/Olusturma/Genel/Not/Notlar'

2021-10-21 14:07:56 - [MESSAGE][INFO] - Checking object

2021-10-21 14:07:56 - [MESSAGE][INFO] - Checking timeout

2021-10-21 14:07:56 - [MESSAGE][INFO] - Finding web element from Test Object's properties

2021-10-21 14:07:56 - [MESSAGE][INFO] - Checking timeout

2021-10-21 14:07:56 - [MESSAGE][INFO] - Finding web element with id: 'Object Repository/Olusturma/Genel/Not/Notlar' located by 'By.xpath: //*[@id = 'txtNote_I']' in '10' second(s)

2021-10-21 14:07:56 - [MESSAGE][INFO] - Smart Wait Function is triggered

2021-10-21 14:07:56 - [MESSAGE][INFO] - Found 1 web elements with id: 'Object Repository/Olusturma/Genel/Not/Notlar' located by 'By.xpath: //*[@id = 'txtNote_I']' in '10' second(s)

2021-10-21 14:07:56 - [MESSAGE][PASSED] - Object 'Object Repository/Olusturma/Genel/Not/Notlar' is clickable

2021-10-21 14:07:56 - [TEST_STEP][PASSED] - clearText(findTestObject("Olusturma/Genel/Not/Notlar")): Text of object 'Object Repository/Olusturma/Genel/Not/Notlar' is cleared

2021-10-21 14:07:56 - [MESSAGE][INFO] - Finding Test Object 'Object Repository/Olusturma/Genel/Not/Notlar'

2021-10-21 14:07:56 - [MESSAGE][INFO] - Checking object

2021-10-21 14:07:56 - [MESSAGE][INFO] - Finding web element from Test Object's properties

2021-10-21 14:07:56 - [MESSAGE][INFO] - Checking timeout

2021-10-21 14:07:56 - [MESSAGE][INFO] - Finding web element with id: 'Object Repository/Olusturma/Genel/Not/Notlar' located by 'By.xpath: //*[@id = 'txtNote_I']' in '30' second(s)

2021-10-21 14:07:56 - [MESSAGE][INFO] - Smart Wait Function is triggered

2021-10-21 14:07:56 - [MESSAGE][INFO] - Found 1 web elements with id: 'Object Repository/Olusturma/Genel/Not/Notlar' located by 'By.xpath: //*[@id = 'txtNote_I']' in '30' second(s)

2021-10-21 14:07:56 - [MESSAGE][INFO] - Clearing text of object 'Object Repository/Olusturma/Genel/Not/Notlar'

2021-10-21 14:07:56 - [MESSAGE][PASSED] - Text of object 'Object Repository/Olusturma/Genel/Not/Notlar' is cleared

2021-10-21 14:07:56 - [TEST_STEP][PASSED] - click(findTestObject("Olusturma/Genel/Not/Notlar")): Object: 'Object Repository/Olusturma/Genel/Not/Notlar' is clicked on

2021-10-21 14:07:56 - [MESSAGE][INFO] - Finding Test Object 'Object Repository/Olusturma/Genel/Not/Notlar'

2021-10-21 14:07:56 - [MESSAGE][INFO] - Checking object

2021-10-21 14:07:56 - [MESSAGE][INFO] - Finding web element from Test Object's properties

2021-10-21 14:07:56 - [MESSAGE][INFO] - Checking timeout

2021-10-21 14:07:56 - [MESSAGE][INFO] - Finding web element with id: 'Object Repository/Olusturma/Genel/Not/Notlar' located by 'By.xpath: //*[@id = 'txtNote_I']' in '30' second(s)

2021-10-21 14:07:56 - [MESSAGE][INFO] - Smart Wait Function is triggered

2021-10-21 14:07:57 - [MESSAGE][INFO] - Found 1 web elements with id: 'Object Repository/Olusturma/Genel/Not/Notlar' located by 'By.xpath: //*[@id = 'txtNote_I']' in '30' second(s)

2021-10-21 14:07:57 - [MESSAGE][INFO] - Clicking on object: 'Object Repository/Olusturma/Genel/Not/Notlar'

2021-10-21 14:07:57 - [MESSAGE][PASSED] - Object: 'Object Repository/Olusturma/Genel/Not/Notlar' is clicked on

2021-10-21 14:07:57 - [TEST_STEP][PASSED] - while (true): null

2021-10-21 14:07:57 - [TEST_STEP][PASSED] - delay(1): Delayed 1 second(s)

2021-10-21 14:07:57 - [MESSAGE][INFO] - Delaying browser in 1 second(s)

2021-10-21 14:07:58 - [MESSAGE][PASSED] - Delayed 1 second(s)

2021-10-21 14:07:58 - [TEST_STEP][PASSED] - ajaxIsComplete = executeJavaScript("return jQuery.active == 0", null): Execute JavaScript 'return jQuery.active == 0' successfully

2021-10-21 14:07:58 - [MESSAGE][PASSED] - Execute JavaScript 'return jQuery.active == 0' successfully

2021-10-21 14:07:58 - [TEST_STEP][PASSED] - if (ajaxIsComplete): null

2021-10-21 14:07:58 - [TEST_STEP][PASSED] - if (i > 10): null

2021-10-21 14:07:58 - [TEST_STEP][PASSED] - (i++): null

2021-10-21 14:07:58 - [TEST_STEP][PASSED] - delay(1): Delayed 1 second(s)

2021-10-21 14:07:58 - [MESSAGE][INFO] - Delaying browser in 1 second(s)

2021-10-21 14:07:59 - [MESSAGE][PASSED] - Delayed 1 second(s)

2021-10-21 14:07:59 - [TEST_STEP][PASSED] - ajaxIsComplete = executeJavaScript("return jQuery.active == 0", null): Execute JavaScript 'return jQuery.active == 0' successfully

2021-10-21 14:07:59 - [MESSAGE][PASSED] - Execute JavaScript 'return jQuery.active == 0' successfully

2021-10-21 14:07:59 - [TEST_STEP][PASSED] - if (ajaxIsComplete): null

2021-10-21 14:07:59 - [TEST_STEP][PASSED] - break: null

2021-10-21 14:07:59 - [TEST_STEP][PASSED] - sendKeys(findTestObject("Olusturma/Genel/Not/Notlar"), Not): Keys 'Otomasyon Not' sent to object: 'Object Repository/Olusturma/Genel/Not/Notlar'

2021-10-21 14:07:59 - [MESSAGE][INFO] - Finding Test Object 'Object Repository/Olusturma/Genel/Not/Notlar'

2021-10-21 14:07:59 - [MESSAGE][INFO] - Sending keys 'Otomasyon Not' to object: 'Object Repository/Olusturma/Genel/Not/Notlar'

2021-10-21 14:07:59 - [MESSAGE][INFO] - Finding web element from Test Object's properties

2021-10-21 14:07:59 - [MESSAGE][INFO] - Checking timeout

2021-10-21 14:07:59 - [MESSAGE][INFO] - Finding web element with id: 'Object Repository/Olusturma/Genel/Not/Notlar' located by 'By.xpath: //*[@id = 'txtNote_I']' in '30' second(s)

2021-10-21 14:07:59 - [MESSAGE][INFO] - Smart Wait Function is triggered

2021-10-21 14:07:59 - [MESSAGE][INFO] - Found 1 web elements with id: 'Object Repository/Olusturma/Genel/Not/Notlar' located by 'By.xpath: //*[@id = 'txtNote_I']' in '30' second(s)

2021-10-21 14:07:59 - [MESSAGE][PASSED] - Keys 'Otomasyon Not' sent to object: 'Object Repository/Olusturma/Genel/Not/Notlar'

2021-10-21 14:07:59 - [MESSAGE][PASSED] - Call Test Case 'Test Cases/Olusturma/Genel/NotGirilir' successfully

2021-10-21 14:07:59 - [MESSAGE][INFO] - Checking called Test Case

2021-10-21 14:07:59 - [MESSAGE][INFO] - Starting to call Test Case 'Test Cases/Olusturma/Genel/EttnBilgisiKayitEdilir'

2021-10-21 14:07:59 - [TEST_CASE][PASSED] - Test Cases/Olusturma/Genel/EttnBilgisiKayitEdilir: Test Cases/Olusturma/Genel/EttnBilgisiKayitEdilir

2021-10-21 14:08:00 - [TEST_STEP][PASSED] - verifyElementPresent(findTestObject("Object Repository/Olusturma/Genel/Olusturma/eArsivEttnBilgisi"), 7): Object 'Object Repository/Olusturma/Genel/Olusturma/eArsivEttnBilgisi' is present

2021-10-21 14:08:00 - [MESSAGE][INFO] - Finding Test Object 'Object Repository/Olusturma/Genel/Olusturma/eArsivEttnBilgisi'

2021-10-21 14:08:00 - [MESSAGE][INFO] - Checking object

2021-10-21 14:08:00 - [MESSAGE][INFO] - Finding web element from Test Object's properties

2021-10-21 14:08:00 - [MESSAGE][INFO] - Checking timeout

2021-10-21 14:08:00 - [MESSAGE][INFO] - Finding web element with id: 'Object Repository/Olusturma/Genel/Olusturma/eArsivEttnBilgisi' located by 'By.xpath: //*[@id = 'Uuid_I']' in '7' second(s)

2021-10-21 14:08:00 - [MESSAGE][INFO] - Smart Wait Function is triggered

2021-10-21 14:08:00 - [MESSAGE][INFO] - Found 1 web elements with id: 'Object Repository/Olusturma/Genel/Olusturma/eArsivEttnBilgisi' located by 'By.xpath: //*[@id = 'Uuid_I']' in '7' second(s)

2021-10-21 14:08:00 - [MESSAGE][PASSED] - Object 'Object Repository/Olusturma/Genel/Olusturma/eArsivEttnBilgisi' is present

2021-10-21 14:08:00 - [TEST_STEP][PASSED] - ettn = getAttribute(findTestObject("Object Repository/Olusturma/Genel/Olusturma/eArsivEttnBilgisi"), "value"): Attribute 'value' of object 'Object Repository/Olusturma/Genel/Olusturma/eArsivEttnBilgisi' is: 'ff10c4d4-e4b2-4b8c-8395-a878793c9da3'

2021-10-21 14:08:00 - [MESSAGE][INFO] - Finding Test Object 'Object Repository/Olusturma/Genel/Olusturma/eArsivEttnBilgisi'

2021-10-21 14:08:01 - [MESSAGE][INFO] - Checking object

2021-10-21 14:08:01 - [MESSAGE][INFO] - Checking attribute

2021-10-21 14:08:01 - [MESSAGE][INFO] - Finding web element from Test Object's properties

2021-10-21 14:08:01 - [MESSAGE][INFO] - Checking timeout

2021-10-21 14:08:01 - [MESSAGE][INFO] - Finding web element with id: 'Object Repository/Olusturma/Genel/Olusturma/eArsivEttnBilgisi' located by 'By.xpath: //*[@id = 'Uuid_I']' in '30' second(s)

2021-10-21 14:08:01 - [MESSAGE][INFO] - Smart Wait Function is triggered

2021-10-21 14:08:01 - [MESSAGE][INFO] - Found 1 web elements with id: 'Object Repository/Olusturma/Genel/Olusturma/eArsivEttnBilgisi' located by 'By.xpath: //*[@id = 'Uuid_I']' in '30' second(s)

2021-10-21 14:08:01 - [MESSAGE][INFO] - Getting attribute 'value' of object 'Object Repository/Olusturma/Genel/Olusturma/eArsivEttnBilgisi'

2021-10-21 14:08:01 - [MESSAGE][PASSED] - Attribute 'value' of object 'Object Repository/Olusturma/Genel/Olusturma/eArsivEttnBilgisi' is: 'ff10c4d4-e4b2-4b8c-8395-a878793c9da3'

2021-10-21 14:08:01 - [MESSAGE][PASSED] - Call Test Case 'Test Cases/Olusturma/Genel/EttnBilgisiKayitEdilir' successfully

2021-10-21 14:08:01 - [MESSAGE][INFO] - Checking called Test Case

2021-10-21 14:08:01 - [MESSAGE][INFO] - Starting to call Test Case 'Test Cases/Olusturma/Genel/KaydetButonunaTiklanir'

2021-10-21 14:08:01 - [TEST_CASE][PASSED] - Test Cases/Olusturma/Genel/KaydetButonunaTiklanir: Test Cases/Olusturma/Genel/KaydetButonunaTiklanir

2021-10-21 14:08:02 - [TEST_STEP][PASSED] - i = 0: null

2021-10-21 14:08:02 - [TEST_STEP][PASSED] - waitForElementPresent(findTestObject("Olusturma/Genel/Not/Notlar"), 10): Object 'Object Repository/Olusturma/Genel/Not/Notlar' is present

2021-10-21 14:08:02 - [MESSAGE][INFO] - Finding Test Object 'Object Repository/Olusturma/Genel/Not/Notlar'

2021-10-21 14:08:02 - [MESSAGE][INFO] - Checking object

2021-10-21 14:08:02 - [MESSAGE][INFO] - Finding web element from Test Object's properties

2021-10-21 14:08:02 - [MESSAGE][INFO] - Checking timeout

2021-10-21 14:08:02 - [MESSAGE][INFO] - Finding web element with id: 'Object Repository/Olusturma/Genel/Not/Notlar' located by 'By.xpath: //*[@id = 'txtNote_I']' in '10' second(s)

2021-10-21 14:08:02 - [MESSAGE][INFO] - Smart Wait Function is triggered

2021-10-21 14:08:02 - [MESSAGE][INFO] - Found 1 web elements with id: 'Object Repository/Olusturma/Genel/Not/Notlar' located by 'By.xpath: //*[@id = 'txtNote_I']' in '10' second(s)

2021-10-21 14:08:02 - [MESSAGE][PASSED] - Object 'Object Repository/Olusturma/Genel/Not/Notlar' is present

2021-10-21 14:08:02 - [TEST_STEP][PASSED] - click(findTestObject("Olusturma/Genel/Not/Notlar")): Object: 'Object Repository/Olusturma/Genel/Not/Notlar' is clicked on

2021-10-21 14:08:02 - [MESSAGE][INFO] - Finding Test Object 'Object Repository/Olusturma/Genel/Not/Notlar'

2021-10-21 14:08:02 - [MESSAGE][INFO] - Checking object

2021-10-21 14:08:02 - [MESSAGE][INFO] - Finding web element from Test Object's properties

2021-10-21 14:08:02 - [MESSAGE][INFO] - Checking timeout

2021-10-21 14:08:02 - [MESSAGE][INFO] - Finding web element with id: 'Object Repository/Olusturma/Genel/Not/Notlar' located by 'By.xpath: //*[@id = 'txtNote_I']' in '30' second(s)

2021-10-21 14:08:02 - [MESSAGE][INFO] - Smart Wait Function is triggered

2021-10-21 14:08:02 - [MESSAGE][INFO] - Found 1 web elements with id: 'Object Repository/Olusturma/Genel/Not/Notlar' located by 'By.xpath: //*[@id = 'txtNote_I']' in '30' second(s)

2021-10-21 14:08:02 - [MESSAGE][INFO] - Clicking on object: 'Object Repository/Olusturma/Genel/Not/Notlar'

2021-10-21 14:08:02 - [MESSAGE][PASSED] - Object: 'Object Repository/Olusturma/Genel/Not/Notlar' is clicked on

2021-10-21 14:08:02 - [TEST_STEP][PASSED] - while (true): null

2021-10-21 14:08:02 - [TEST_STEP][PASSED] - delay(1): Delayed 1 second(s)

2021-10-21 14:08:02 - [MESSAGE][INFO] - Delaying browser in 1 second(s)

2021-10-21 14:08:03 - [MESSAGE][PASSED] - Delayed 1 second(s)

2021-10-21 14:08:03 - [TEST_STEP][PASSED] - ajaxIsComplete = executeJavaScript("return jQuery.active == 0", null): Execute JavaScript 'return jQuery.active == 0' successfully

2021-10-21 14:08:03 - [MESSAGE][PASSED] - Execute JavaScript 'return jQuery.active == 0' successfully

2021-10-21 14:08:03 - [TEST_STEP][PASSED] - if (ajaxIsComplete): null

2021-10-21 14:08:03 - [TEST_STEP][PASSED] - break: null

2021-10-21 14:08:03 - [TEST_STEP][PASSED] - waitForElementClickable(findTestObject("Object Repository/Olusturma/Genel/Buton"), 10): Object 'Object Repository/Olusturma/Genel/Buton' is clickable

2021-10-21 14:08:03 - [MESSAGE][INFO] - Finding Test Object 'Object Repository/Olusturma/Genel/Buton'

2021-10-21 14:08:04 - [MESSAGE][INFO] - Checking object

2021-10-21 14:08:04 - [MESSAGE][INFO] - Checking timeout

2021-10-21 14:08:04 - [MESSAGE][INFO] - Finding web element from Test Object's properties

2021-10-21 14:08:04 - [MESSAGE][INFO] - Checking timeout

2021-10-21 14:08:04 - [MESSAGE][INFO] - Finding web element with id: 'Object Repository/Olusturma/Genel/Buton' located by 'By.xpath: //*[@id = 'btnKaydet']' in '10' second(s)

2021-10-21 14:08:04 - [MESSAGE][INFO] - Smart Wait Function is triggered

2021-10-21 14:08:04 - [MESSAGE][INFO] - Found 1 web elements with id: 'Object Repository/Olusturma/Genel/Buton' located by 'By.xpath: //*[@id = 'btnKaydet']' in '10' second(s)

2021-10-21 14:08:04 - [MESSAGE][PASSED] - Object 'Object Repository/Olusturma/Genel/Buton' is clickable

2021-10-21 14:08:04 - [TEST_STEP][PASSED] - click(findTestObject("Object Repository/Olusturma/Genel/Buton")): Object: 'Object Repository/Olusturma/Genel/Buton' is clicked on

2021-10-21 14:08:04 - [MESSAGE][INFO] - Finding Test Object 'Object Repository/Olusturma/Genel/Buton'

2021-10-21 14:08:04 - [MESSAGE][INFO] - Checking object

2021-10-21 14:08:04 - [MESSAGE][INFO] - Finding web element from Test Object's properties

2021-10-21 14:08:04 - [MESSAGE][INFO] - Checking timeout

2021-10-21 14:08:04 - [MESSAGE][INFO] - Finding web element with id: 'Object Repository/Olusturma/Genel/Buton' located by 'By.xpath: //*[@id = 'btnKaydet']' in '30' second(s)

2021-10-21 14:08:04 - [MESSAGE][INFO] - Smart Wait Function is triggered

2021-10-21 14:08:04 - [MESSAGE][INFO] - Found 1 web elements with id: 'Object Repository/Olusturma/Genel/Buton' located by 'By.xpath: //*[@id = 'btnKaydet']' in '30' second(s)

2021-10-21 14:08:04 - [MESSAGE][INFO] - Clicking on object: 'Object Repository/Olusturma/Genel/Buton'

2021-10-21 14:08:07 - [MESSAGE][PASSED] - Object: 'Object Repository/Olusturma/Genel/Buton' is clicked on

2021-10-21 14:08:07 - [MESSAGE][PASSED] - Call Test Case 'Test Cases/Olusturma/Genel/KaydetButonunaTiklanir' successfully

2021-10-21 14:08:07 - [MESSAGE][INFO] - Checking called Test Case

2021-10-21 14:08:07 - [MESSAGE][INFO] - Starting to call Test Case 'Test Cases/Tablo/TablodaEttnliVeriOlusturulduMu'

2021-10-21 14:08:07 - [TEST_CASE][PASSED] - Test Cases/Tablo/TablodaEttnliVeriOlusturulduMu: Test Cases/Tablo/TablodaEttnliVeriOlusturulduMu

2021-10-21 14:08:07 - [TEST_STEP][PASSED] - Method.TextDegerineEsitElementVarMi(findTestObject("Tablo/OlusturulanVeri"), ettn): Method.TextDegerineEsitElementVarMi is PASSED

2021-10-21 14:08:07 - [MESSAGE][INFO] - Finding Test Object 'Object Repository/Tablo/OlusturulanVeri'

2021-10-21 14:08:07 - [MESSAGE][INFO] - Checking timeout

2021-10-21 14:08:07 - [MESSAGE][INFO] - Finding web element with id: 'Object Repository/Tablo/OlusturulanVeri' located by 'By.cssSelector: table.dxgvTable_LECustomTheme>tbody>tr:nth-child(3)>td.dxgv b,table.dxgvTable_LECustomTheme>tbody>tr:nth-child(3)>td.dxgv' in '10' second(s)

2021-10-21 14:08:07 - [MESSAGE][INFO] - Smart Wait Function is triggered

2021-10-21 14:08:08 - [MESSAGE][INFO] - Found 14 web elements with id: 'Object Repository/Tablo/OlusturulanVeri' located by 'By.cssSelector: table.dxgvTable_LECustomTheme>tbody>tr:nth-child(3)>td.dxgv b,table.dxgvTable_LECustomTheme>tbody>tr:nth-child(3)>td.dxgv' in '10' second(s)

2021-10-21 14:08:08 - [MESSAGE][PASSED] - Method.TextDegerineEsitElementVarMi is PASSED

2021-10-21 14:08:08 - [MESSAGE][PASSED] - Call Test Case 'Test Cases/Tablo/TablodaEttnliVeriOlusturulduMu' successfully

2021-10-21 14:08:08 - [MESSAGE][INFO] - Checking called Test Case

2021-10-21 14:08:08 - [MESSAGE][INFO] - Starting to call Test Case 'Test Cases/Tablo/TablodanEttnliVeriSec'

2021-10-21 14:08:08 - [TEST_CASE][PASSED] - Test Cases/Tablo/TablodanEttnliVeriSec: Test Cases/Tablo/TablodanEttnliVeriSec

2021-10-21 14:08:08 - [TEST_STEP][PASSED] - Method.TextDegerineEsitElementinAltindakineTikla(findTestObject("Tablo/Veriler"), findTestObject("Tablo/VerininCheckBoxi"), ettn): Method.TextDegerineEsitElementinAltindakineTikla is PASSED

2021-10-21 14:08:08 - [MESSAGE][INFO] - Finding Test Object 'Object Repository/Tablo/Veriler'

2021-10-21 14:08:08 - [MESSAGE][INFO] - Finding Test Object 'Object Repository/Tablo/VerininCheckBoxi'

2021-10-21 14:08:08 - [MESSAGE][INFO] - Checking timeout

2021-10-21 14:08:08 - [MESSAGE][INFO] - Finding web element with id: 'Object Repository/Tablo/Veriler' located by 'By.cssSelector: td.dxgv b ,td.dxgv' in '10' second(s)

2021-10-21 14:08:08 - [MESSAGE][INFO] - Smart Wait Function is triggered

2021-10-21 14:08:09 - [MESSAGE][INFO] - Found 70 web elements with id: 'Object Repository/Tablo/Veriler' located by 'By.cssSelector: td.dxgv b ,td.dxgv' in '10' second(s)

2021-10-21 14:08:09 - [MESSAGE][INFO] - Smart Wait Function is triggered

2021-10-21 14:08:09 - [MESSAGE][PASSED] - Method.TextDegerineEsitElementinAltindakineTikla is PASSED

2021-10-21 14:08:09 - [MESSAGE][PASSED] - Call Test Case 'Test Cases/Tablo/TablodanEttnliVeriSec' successfully

2021-10-21 14:08:09 - [MESSAGE][INFO] - Checking called Test Case

2021-10-21 14:08:09 - [MESSAGE][INFO] - Starting to call Test Case 'Test Cases/Butonlar/ButonaTikla'

2021-10-21 14:08:09 - [TEST_CASE][PASSED] - Test Cases/Butonlar/ButonaTikla: Test Cases/Butonlar/ButonaTikla

2021-10-21 14:08:09 - [TEST_STEP][PASSED] - Method.TextDegerineEsitElementeTiklaEquals(findTestObject("Butonlar/Butonlar"), Buton_Adi): Method.TextDegerineEsitElementeTiklaEquals is PASSED

2021-10-21 14:08:09 - [MESSAGE][INFO] - Finding Test Object 'Object Repository/Butonlar/Butonlar'

2021-10-21 14:08:09 - [MESSAGE][INFO] - Checking timeout

2021-10-21 14:08:09 - [MESSAGE][INFO] - Finding web element with id: 'Object Repository/Butonlar/Butonlar' located by 'By.cssSelector: .panel.panel-default.text-center.footerPanel .btn,.btn.btn-primary.btnControls' in '10' second(s)

2021-10-21 14:08:09 - [MESSAGE][INFO] - Smart Wait Function is triggered

2021-10-21 14:08:10 - [MESSAGE][INFO] - Found 10 web elements with id: 'Object Repository/Butonlar/Butonlar' located by 'By.cssSelector: .panel.panel-default.text-center.footerPanel .btn,.btn.btn-primary.btnControls' in '10' second(s)

2021-10-21 14:08:10 - [MESSAGE][PASSED] - Method.TextDegerineEsitElementeTiklaEquals is PASSED

2021-10-21 14:08:10 - [MESSAGE][PASSED] - Call Test Case 'Test Cases/Butonlar/ButonaTikla' successfully

2021-10-21 14:08:10 - [MESSAGE][INFO] - Checking called Test Case

2021-10-21 14:08:10 - [MESSAGE][INFO] - Starting to call Test Case 'Test Cases/Popup/PopupMesajiIceriyorMu'

2021-10-21 14:08:10 - [TEST_CASE][PASSED] - Test Cases/Popup/PopupMesajiIceriyorMu: Test Cases/Popup/PopupMesajiIceriyorMu

2021-10-21 14:08:11 - [TEST_STEP][PASSED] - waitForElementVisible(findTestObject("Popup/Popup"), 10): Object 'Object Repository/Popup/Popup' is visible

2021-10-21 14:08:11 - [MESSAGE][INFO] - Finding Test Object 'Object Repository/Popup/Popup'

2021-10-21 14:08:11 - [MESSAGE][INFO] - Checking object

2021-10-21 14:08:11 - [MESSAGE][INFO] - Checking timeout

2021-10-21 14:08:11 - [MESSAGE][INFO] - Finding web element from Test Object's properties

2021-10-21 14:08:11 - [MESSAGE][INFO] - Checking timeout

2021-10-21 14:08:11 - [MESSAGE][INFO] - Finding web element with id: 'Object Repository/Popup/Popup' located by 'By.cssSelector: .bootbox-body' in '10' second(s)

2021-10-21 14:08:11 - [MESSAGE][INFO] - Smart Wait Function is triggered

2021-10-21 14:08:11 - [MESSAGE][INFO] - Found 1 web elements with id: 'Object Repository/Popup/Popup' located by 'By.cssSelector: .bootbox-body' in '10' second(s)

2021-10-21 14:08:11 - [MESSAGE][PASSED] - Object 'Object Repository/Popup/Popup' is visible

2021-10-21 14:08:11 - [TEST_STEP][PASSED] - if (!(getText(findTestObject("Popup/Popup")).contains(Mesaj))): Text of object 'Object Repository/Popup/Popup' is: 'Oluşturulacak fatura numarası : FGX2021000000422 Fatura numarası oluşturulduktan sonra fatura silinemez. Fatura numarası, tarihi ve ön eki değiştirilemez. Devam etmek istiyor musunuz?'

2021-10-21 14:08:11 - [MESSAGE][INFO] - Finding Test Object 'Object Repository/Popup/Popup'

2021-10-21 14:08:11 - [MESSAGE][INFO] - Checking object

2021-10-21 14:08:11 - [MESSAGE][INFO] - Finding web element from Test Object's properties

2021-10-21 14:08:11 - [MESSAGE][INFO] - Checking timeout

2021-10-21 14:08:11 - [MESSAGE][INFO] - Finding web element with id: 'Object Repository/Popup/Popup' located by 'By.cssSelector: .bootbox-body' in '30' second(s)

2021-10-21 14:08:11 - [MESSAGE][INFO] - Smart Wait Function is triggered

2021-10-21 14:08:12 - [MESSAGE][INFO] - Found 1 web elements with id: 'Object Repository/Popup/Popup' located by 'By.cssSelector: .bootbox-body' in '30' second(s)

2021-10-21 14:08:12 - [MESSAGE][INFO] - Getting text of object 'Object Repository/Popup/Popup'

2021-10-21 14:08:12 - [MESSAGE][PASSED] - Text of object 'Object Repository/Popup/Popup' is: 'Oluşturulacak fatura numarası : FGX2021000000422 Fatura numarası oluşturulduktan sonra fatura silinemez. Fatura numarası, tarihi ve ön eki değiştirilemez. Devam etmek istiyor musunuz?'

2021-10-21 14:08:12 - [TEST_STEP][PASSED] - RaporNo = getText(findTestObject("Popup/Popup")).substring(0, 6): Text of object 'Object Repository/Popup/Popup' is: 'Oluşturulacak fatura numarası : FGX2021000000422 Fatura numarası oluşturulduktan sonra fatura silinemez. Fatura numarası, tarihi ve ön eki değiştirilemez. Devam etmek istiyor musunuz?'

2021-10-21 14:08:12 - [MESSAGE][INFO] - Finding Test Object 'Object Repository/Popup/Popup'

2021-10-21 14:08:12 - [MESSAGE][INFO] - Checking object

2021-10-21 14:08:12 - [MESSAGE][INFO] - Finding web element from Test Object's properties

2021-10-21 14:08:12 - [MESSAGE][INFO] - Checking timeout

2021-10-21 14:08:12 - [MESSAGE][INFO] - Finding web element with id: 'Object Repository/Popup/Popup' located by 'By.cssSelector: .bootbox-body' in '30' second(s)

2021-10-21 14:08:12 - [MESSAGE][INFO] - Smart Wait Function is triggered

2021-10-21 14:08:12 - [MESSAGE][INFO] - Found 1 web elements with id: 'Object Repository/Popup/Popup' located by 'By.cssSelector: .bootbox-body' in '30' second(s)

2021-10-21 14:08:12 - [MESSAGE][INFO] - Getting text of object 'Object Repository/Popup/Popup'

2021-10-21 14:08:12 - [MESSAGE][PASSED] - Text of object 'Object Repository/Popup/Popup' is: 'Oluşturulacak fatura numarası : FGX2021000000422 Fatura numarası oluşturulduktan sonra fatura silinemez. Fatura numarası, tarihi ve ön eki değiştirilemez. Devam etmek istiyor musunuz?'

2021-10-21 14:08:12 - [TEST_STEP][PASSED] - Console.println(RaporNo): null

2021-10-21 14:08:12 - [MESSAGE][PASSED] - Call Test Case 'Test Cases/Popup/PopupMesajiIceriyorMu' successfully

2021-10-21 14:08:12 - [MESSAGE][INFO] - Checking called Test Case

2021-10-21 14:08:12 - [MESSAGE][INFO] - Starting to call Test Case 'Test Cases/Popup/PopupButonSecilir'

2021-10-21 14:08:12 - [TEST_CASE][PASSED] - Test Cases/Popup/PopupButonSecilir: Test Cases/Popup/PopupButonSecilir

2021-10-21 14:08:13 - [TEST_STEP][PASSED] - Method.TextDegerineEsitElementeTikla(findTestObject("Popup/Popup_Butons"), Buton): Method.TextDegerineEsitElementeTikla is PASSED

2021-10-21 14:08:13 - [MESSAGE][INFO] - Finding Test Object 'Object Repository/Popup/Popup_Butons'

2021-10-21 14:08:13 - [MESSAGE][INFO] - Checking timeout

2021-10-21 14:08:13 - [MESSAGE][INFO] - Finding web element with id: 'Object Repository/Popup/Popup_Butons' located by 'By.cssSelector: .modal-footer>button' in '10' second(s)

2021-10-21 14:08:13 - [MESSAGE][INFO] - Smart Wait Function is triggered

2021-10-21 14:08:13 - [MESSAGE][INFO] - Found 2 web elements with id: 'Object Repository/Popup/Popup_Butons' located by 'By.cssSelector: .modal-footer>button' in '10' second(s)

2021-10-21 14:08:13 - [MESSAGE][PASSED] - Method.TextDegerineEsitElementeTikla is PASSED

2021-10-21 14:08:13 - [MESSAGE][PASSED] - Call Test Case 'Test Cases/Popup/PopupButonSecilir' successfully

2021-10-21 14:08:13 - [MESSAGE][INFO] - Checking called Test Case

2021-10-21 14:08:13 - [MESSAGE][INFO] - Starting to call Test Case 'Test Cases/Popup/PopupMesajiIceriyorMu'

2021-10-21 14:08:13 - [TEST_CASE][PASSED] - Test Cases/Popup/PopupMesajiIceriyorMu: Test Cases/Popup/PopupMesajiIceriyorMu

2021-10-21 14:08:13 - [TEST_STEP][PASSED] - waitForElementVisible(findTestObject("Popup/Popup"), 10): Object 'Object Repository/Popup/Popup' is visible

2021-10-21 14:08:13 - [MESSAGE][INFO] - Finding Test Object 'Object Repository/Popup/Popup'

2021-10-21 14:08:13 - [MESSAGE][INFO] - Checking object

2021-10-21 14:08:13 - [MESSAGE][INFO] - Checking timeout

2021-10-21 14:08:13 - [MESSAGE][INFO] - Finding web element from Test Object's properties

2021-10-21 14:08:13 - [MESSAGE][INFO] - Checking timeout

2021-10-21 14:08:13 - [MESSAGE][INFO] - Finding web element with id: 'Object Repository/Popup/Popup' located by 'By.cssSelector: .bootbox-body' in '10' second(s)

2021-10-21 14:08:13 - [MESSAGE][INFO] - Smart Wait Function is triggered

2021-10-21 14:08:15 - [MESSAGE][INFO] - Found 1 web elements with id: 'Object Repository/Popup/Popup' located by 'By.cssSelector: .bootbox-body' in '10' second(s)

2021-10-21 14:08:15 - [MESSAGE][PASSED] - Object 'Object Repository/Popup/Popup' is visible

2021-10-21 14:08:15 - [TEST_STEP][PASSED] - if (!(getText(findTestObject("Popup/Popup")).contains(Mesaj))): Text of object 'Object Repository/Popup/Popup' is: 'Fatura numaranız FGX2021000000422 olarak oluşmuştur.'

2021-10-21 14:08:15 - [MESSAGE][INFO] - Finding Test Object 'Object Repository/Popup/Popup'

2021-10-21 14:08:15 - [MESSAGE][INFO] - Checking object

2021-10-21 14:08:15 - [MESSAGE][INFO] - Finding web element from Test Object's properties

2021-10-21 14:08:15 - [MESSAGE][INFO] - Checking timeout

2021-10-21 14:08:15 - [MESSAGE][INFO] - Finding web element with id: 'Object Repository/Popup/Popup' located by 'By.cssSelector: .bootbox-body' in '30' second(s)

2021-10-21 14:08:15 - [MESSAGE][INFO] - Smart Wait Function is triggered

2021-10-21 14:08:16 - [MESSAGE][INFO] - Found 1 web elements with id: 'Object Repository/Popup/Popup' located by 'By.cssSelector: .bootbox-body' in '30' second(s)

2021-10-21 14:08:16 - [MESSAGE][INFO] - Getting text of object 'Object Repository/Popup/Popup'

2021-10-21 14:08:16 - [MESSAGE][PASSED] - Text of object 'Object Repository/Popup/Popup' is: 'Fatura numaranız FGX2021000000422 olarak oluşmuştur.'

2021-10-21 14:08:16 - [TEST_STEP][PASSED] - RaporNo = getText(findTestObject("Popup/Popup")).substring(0, 6): Text of object 'Object Repository/Popup/Popup' is: 'Fatura numaranız FGX2021000000422 olarak oluşmuştur.'

2021-10-21 14:08:16 - [MESSAGE][INFO] - Finding Test Object 'Object Repository/Popup/Popup'

2021-10-21 14:08:16 - [MESSAGE][INFO] - Checking object

2021-10-21 14:08:16 - [MESSAGE][INFO] - Finding web element from Test Object's properties

2021-10-21 14:08:16 - [MESSAGE][INFO] - Checking timeout

2021-10-21 14:08:16 - [MESSAGE][INFO] - Finding web element with id: 'Object Repository/Popup/Popup' located by 'By.cssSelector: .bootbox-body' in '30' second(s)

2021-10-21 14:08:16 - [MESSAGE][INFO] - Smart Wait Function is triggered

2021-10-21 14:08:16 - [MESSAGE][INFO] - Found 1 web elements with id: 'Object Repository/Popup/Popup' located by 'By.cssSelector: .bootbox-body' in '30' second(s)

2021-10-21 14:08:16 - [MESSAGE][INFO] - Getting text of object 'Object Repository/Popup/Popup'

2021-10-21 14:08:16 - [MESSAGE][PASSED] - Text of object 'Object Repository/Popup/Popup' is: 'Fatura numaranız FGX2021000000422 olarak oluşmuştur.'

2021-10-21 14:08:16 - [TEST_STEP][PASSED] - Console.println(RaporNo): null

2021-10-21 14:08:16 - [MESSAGE][PASSED] - Call Test Case 'Test Cases/Popup/PopupMesajiIceriyorMu' successfully

2021-10-21 14:08:16 - [MESSAGE][INFO] - Checking called Test Case

2021-10-21 14:08:16 - [MESSAGE][INFO] - Starting to call Test Case 'Test Cases/Popup/PopupButonSecilir'

2021-10-21 14:08:16 - [TEST_CASE][PASSED] - Test Cases/Popup/PopupButonSecilir: Test Cases/Popup/PopupButonSecilir

2021-10-21 14:08:16 - [TEST_STEP][PASSED] - Method.TextDegerineEsitElementeTikla(findTestObject("Popup/Popup_Butons"), Buton): Method.TextDegerineEsitElementeTikla is PASSED

2021-10-21 14:08:16 - [MESSAGE][INFO] - Finding Test Object 'Object Repository/Popup/Popup_Butons'

2021-10-21 14:08:16 - [MESSAGE][INFO] - Checking timeout

2021-10-21 14:08:16 - [MESSAGE][INFO] - Finding web element with id: 'Object Repository/Popup/Popup_Butons' located by 'By.cssSelector: .modal-footer>button' in '10' second(s)

2021-10-21 14:08:16 - [MESSAGE][INFO] - Smart Wait Function is triggered

2021-10-21 14:08:16 - [MESSAGE][INFO] - Found 1 web elements with id: 'Object Repository/Popup/Popup_Butons' located by 'By.cssSelector: .modal-footer>button' in '10' second(s)

2021-10-21 14:08:16 - [MESSAGE][PASSED] - Method.TextDegerineEsitElementeTikla is PASSED

2021-10-21 14:08:16 - [MESSAGE][PASSED] - Call Test Case 'Test Cases/Popup/PopupButonSecilir' successfully

2021-10-21 14:08:16 - [MESSAGE][INFO] - Checking called Test Case

2021-10-21 14:08:16 - [MESSAGE][INFO] - Starting to call Test Case 'Test Cases/Tablo/TablodanEttnliVeriSec'

2021-10-21 14:08:16 - [TEST_CASE][PASSED] - Test Cases/Tablo/TablodanEttnliVeriSec: Test Cases/Tablo/TablodanEttnliVeriSec

2021-10-21 14:08:16 - [TEST_STEP][PASSED] - Method.TextDegerineEsitElementinAltindakineTikla(findTestObject("Tablo/Veriler"), findTestObject("Tablo/VerininCheckBoxi"), ettn): Method.TextDegerineEsitElementinAltindakineTikla is PASSED

2021-10-21 14:08:16 - [MESSAGE][INFO] - Finding Test Object 'Object Repository/Tablo/Veriler'

2021-10-21 14:08:17 - [MESSAGE][INFO] - Finding Test Object 'Object Repository/Tablo/VerininCheckBoxi'

2021-10-21 14:08:17 - [MESSAGE][INFO] - Checking timeout

2021-10-21 14:08:17 - [MESSAGE][INFO] - Finding web element with id: 'Object Repository/Tablo/Veriler' located by 'By.cssSelector: td.dxgv b ,td.dxgv' in '10' second(s)

2021-10-21 14:08:17 - [MESSAGE][INFO] - Smart Wait Function is triggered

2021-10-21 14:08:17 - [MESSAGE][INFO] - Found 70 web elements with id: 'Object Repository/Tablo/Veriler' located by 'By.cssSelector: td.dxgv b ,td.dxgv' in '10' second(s)

2021-10-21 14:08:17 - [MESSAGE][INFO] - Smart Wait Function is triggered

2021-10-21 14:08:18 - [MESSAGE][PASSED] - Method.TextDegerineEsitElementinAltindakineTikla is PASSED

2021-10-21 14:08:18 - [MESSAGE][PASSED] - Call Test Case 'Test Cases/Tablo/TablodanEttnliVeriSec' successfully

2021-10-21 14:08:18 - [MESSAGE][INFO] - Checking called Test Case

2021-10-21 14:08:18 - [MESSAGE][INFO] - Starting to call Test Case 'Test Cases/Butonlar/ButonaTikla'

2021-10-21 14:08:18 - [TEST_CASE][PASSED] - Test Cases/Butonlar/ButonaTikla: Test Cases/Butonlar/ButonaTikla

2021-10-21 14:08:18 - [TEST_STEP][PASSED] - Method.TextDegerineEsitElementeTiklaEquals(findTestObject("Butonlar/Butonlar"), Buton_Adi): Method.TextDegerineEsitElementeTiklaEquals is PASSED

2021-10-21 14:08:18 - [MESSAGE][INFO] - Finding Test Object 'Object Repository/Butonlar/Butonlar'

2021-10-21 14:08:18 - [MESSAGE][INFO] - Checking timeout

2021-10-21 14:08:18 - [MESSAGE][INFO] - Finding web element with id: 'Object Repository/Butonlar/Butonlar' located by 'By.cssSelector: .panel.panel-default.text-center.footerPanel .btn,.btn.btn-primary.btnControls' in '10' second(s)

2021-10-21 14:08:18 - [MESSAGE][INFO] - Smart Wait Function is triggered

2021-10-21 14:08:18 - [MESSAGE][INFO] - Found 10 web elements with id: 'Object Repository/Butonlar/Butonlar' located by 'By.cssSelector: .panel.panel-default.text-center.footerPanel .btn,.btn.btn-primary.btnControls' in '10' second(s)

2021-10-21 14:08:19 - [MESSAGE][PASSED] - Method.TextDegerineEsitElementeTiklaEquals is PASSED

2021-10-21 14:08:19 - [MESSAGE][PASSED] - Call Test Case 'Test Cases/Butonlar/ButonaTikla' successfully

2021-10-21 14:08:19 - [MESSAGE][INFO] - Checking called Test Case

2021-10-21 14:08:19 - [MESSAGE][INFO] - Starting to call Test Case 'Test Cases/Popup/PopupMesajiIceriyorMu'

2021-10-21 14:08:19 - [TEST_CASE][PASSED] - Test Cases/Popup/PopupMesajiIceriyorMu: Test Cases/Popup/PopupMesajiIceriyorMu

2021-10-21 14:08:19 - [TEST_STEP][PASSED] - waitForElementVisible(findTestObject("Popup/Popup"), 10): Object 'Object Repository/Popup/Popup' is visible

2021-10-21 14:08:19 - [MESSAGE][INFO] - Finding Test Object 'Object Repository/Popup/Popup'

2021-10-21 14:08:19 - [MESSAGE][INFO] - Checking object

2021-10-21 14:08:19 - [MESSAGE][INFO] - Checking timeout

2021-10-21 14:08:19 - [MESSAGE][INFO] - Finding web element from Test Object's properties

2021-10-21 14:08:19 - [MESSAGE][INFO] - Checking timeout

2021-10-21 14:08:19 - [MESSAGE][INFO] - Finding web element with id: 'Object Repository/Popup/Popup' located by 'By.cssSelector: .bootbox-body' in '10' second(s)

2021-10-21 14:08:19 - [MESSAGE][INFO] - Smart Wait Function is triggered

2021-10-21 14:08:19 - [MESSAGE][INFO] - Found 1 web elements with id: 'Object Repository/Popup/Popup' located by 'By.cssSelector: .bootbox-body' in '10' second(s)

2021-10-21 14:08:19 - [MESSAGE][PASSED] - Object 'Object Repository/Popup/Popup' is visible

2021-10-21 14:08:19 - [TEST_STEP][PASSED] - if (!(getText(findTestObject("Popup/Popup")).contains(Mesaj))): Text of object 'Object Repository/Popup/Popup' is: 'Seçilen faturalarınız onaylanacaktır. Onaylanan faturalar üzerinde değişiklik yapılamaz. Devam etmek istiyor musunuz?'

2021-10-21 14:08:19 - [MESSAGE][INFO] - Finding Test Object 'Object Repository/Popup/Popup'

2021-10-21 14:08:20 - [MESSAGE][INFO] - Checking object

2021-10-21 14:08:20 - [MESSAGE][INFO] - Finding web element from Test Object's properties

2021-10-21 14:08:20 - [MESSAGE][INFO] - Checking timeout

2021-10-21 14:08:20 - [MESSAGE][INFO] - Finding web element with id: 'Object Repository/Popup/Popup' located by 'By.cssSelector: .bootbox-body' in '30' second(s)

2021-10-21 14:08:20 - [MESSAGE][INFO] - Smart Wait Function is triggered

2021-10-21 14:08:20 - [MESSAGE][INFO] - Found 1 web elements with id: 'Object Repository/Popup/Popup' located by 'By.cssSelector: .bootbox-body' in '30' second(s)

2021-10-21 14:08:20 - [MESSAGE][INFO] - Getting text of object 'Object Repository/Popup/Popup'

2021-10-21 14:08:20 - [MESSAGE][PASSED] - Text of object 'Object Repository/Popup/Popup' is: 'Seçilen faturalarınız onaylanacaktır. Onaylanan faturalar üzerinde değişiklik yapılamaz. Devam etmek istiyor musunuz?'

2021-10-21 14:08:20 - [TEST_STEP][PASSED] - RaporNo = getText(findTestObject("Popup/Popup")).substring(0, 6): Text of object 'Object Repository/Popup/Popup' is: 'Seçilen faturalarınız onaylanacaktır. Onaylanan faturalar üzerinde değişiklik yapılamaz. Devam etmek istiyor musunuz?'

2021-10-21 14:08:20 - [MESSAGE][INFO] - Finding Test Object 'Object Repository/Popup/Popup'

2021-10-21 14:08:20 - [MESSAGE][INFO] - Checking object

2021-10-21 14:08:20 - [MESSAGE][INFO] - Finding web element from Test Object's properties

2021-10-21 14:08:20 - [MESSAGE][INFO] - Checking timeout

2021-10-21 14:08:20 - [MESSAGE][INFO] - Finding web element with id: 'Object Repository/Popup/Popup' located by 'By.cssSelector: .bootbox-body' in '30' second(s)

2021-10-21 14:08:20 - [MESSAGE][INFO] - Smart Wait Function is triggered

2021-10-21 14:08:20 - [MESSAGE][INFO] - Found 1 web elements with id: 'Object Repository/Popup/Popup' located by 'By.cssSelector: .bootbox-body' in '30' second(s)

2021-10-21 14:08:20 - [MESSAGE][INFO] - Getting text of object 'Object Repository/Popup/Popup'

2021-10-21 14:08:20 - [MESSAGE][PASSED] - Text of object 'Object Repository/Popup/Popup' is: 'Seçilen faturalarınız onaylanacaktır. Onaylanan faturalar üzerinde değişiklik yapılamaz. Devam etmek istiyor musunuz?'

2021-10-21 14:08:20 - [TEST_STEP][PASSED] - Console.println(RaporNo): null

2021-10-21 14:08:20 - [MESSAGE][PASSED] - Call Test Case 'Test Cases/Popup/PopupMesajiIceriyorMu' successfully

2021-10-21 14:08:20 - [MESSAGE][INFO] - Checking called Test Case

2021-10-21 14:08:20 - [MESSAGE][INFO] - Starting to call Test Case 'Test Cases/Popup/PopupButonSecilir'

2021-10-21 14:08:20 - [TEST_CASE][PASSED] - Test Cases/Popup/PopupButonSecilir: Test Cases/Popup/PopupButonSecilir

2021-10-21 14:08:20 - [TEST_STEP][PASSED] - Method.TextDegerineEsitElementeTikla(findTestObject("Popup/Popup_Butons"), Buton): Method.TextDegerineEsitElementeTikla is PASSED

2021-10-21 14:08:20 - [MESSAGE][INFO] - Finding Test Object 'Object Repository/Popup/Popup_Butons'

2021-10-21 14:08:20 - [MESSAGE][INFO] - Checking timeout

2021-10-21 14:08:20 - [MESSAGE][INFO] - Finding web element with id: 'Object Repository/Popup/Popup_Butons' located by 'By.cssSelector: .modal-footer>button' in '10' second(s)

2021-10-21 14:08:20 - [MESSAGE][INFO] - Smart Wait Function is triggered

2021-10-21 14:08:21 - [MESSAGE][INFO] - Found 2 web elements with id: 'Object Repository/Popup/Popup_Butons' located by 'By.cssSelector: .modal-footer>button' in '10' second(s)

2021-10-21 14:08:21 - [MESSAGE][PASSED] - Method.TextDegerineEsitElementeTikla is PASSED

2021-10-21 14:08:21 - [MESSAGE][PASSED] - Call Test Case 'Test Cases/Popup/PopupButonSecilir' successfully

2021-10-21 14:08:21 - [MESSAGE][INFO] - Checking called Test Case

2021-10-21 14:08:21 - [MESSAGE][INFO] - Starting to call Test Case 'Test Cases/Menu/AnaMenuSecimi'

2021-10-21 14:08:21 - [TEST_CASE][PASSED] - Test Cases/Menu/AnaMenuSecimi: Test Cases/Menu/AnaMenuSecimi

2021-10-21 14:08:21 - [TEST_STEP][PASSED] - Method.TextDegerineEsitElementeTikla(findTestObject("Menu/Ana_Menu"), Ana_Menu): Method.TextDegerineEsitElementeTikla is PASSED

2021-10-21 14:08:21 - [MESSAGE][INFO] - Finding Test Object 'Object Repository/Menu/Ana_Menu'

2021-10-21 14:08:21 - [MESSAGE][INFO] - Checking timeout

2021-10-21 14:08:21 - [MESSAGE][INFO] - Finding web element with id: 'Object Repository/Menu/Ana_Menu' located by 'By.xpath: //*[@class = 'dropdown-toggle']' in '10' second(s)

2021-10-21 14:08:21 - [MESSAGE][INFO] - Smart Wait Function is triggered

2021-10-21 14:08:24 - [MESSAGE][INFO] - Found 13 web elements with id: 'Object Repository/Menu/Ana_Menu' located by 'By.xpath: //*[@class = 'dropdown-toggle']' in '10' second(s)

2021-10-21 14:08:24 - [MESSAGE][PASSED] - Method.TextDegerineEsitElementeTikla is PASSED

2021-10-21 14:08:24 - [MESSAGE][PASSED] - Call Test Case 'Test Cases/Menu/AnaMenuSecimi' successfully

2021-10-21 14:08:24 - [MESSAGE][INFO] - Checking called Test Case

2021-10-21 14:08:24 - [MESSAGE][INFO] - Starting to call Test Case 'Test Cases/Menu/BasligaGoreAltMenuSecimi'

2021-10-21 14:08:24 - [TEST_CASE][PASSED] - Test Cases/Menu/BasligaGoreAltMenuSecimi: Test Cases/Menu/BasligaGoreAltMenuSecimi

2021-10-21 14:08:24 - [TEST_STEP][PASSED] - Method.TextDegerineEsitElementinAltindakiTextDegerineEsitOlanaTikla(findTestObject("Menu/Menu_Basligi"), findTestObject("Menu/Basliga_Gore_Alt_Menu"), Baslik, Alt_Menu): Method.TextDegerineEsitElementinAltindakiTextDegerineEsitOlanaTikla is PASSED

2021-10-21 14:08:24 - [MESSAGE][INFO] - Finding Test Object 'Object Repository/Menu/Menu_Basligi'

2021-10-21 14:08:25 - [MESSAGE][INFO] - Finding Test Object 'Object Repository/Menu/Basliga_Gore_Alt_Menu'

2021-10-21 14:08:25 - [MESSAGE][INFO] - Checking timeout

2021-10-21 14:08:25 - [MESSAGE][INFO] - Finding web element with id: 'Object Repository/Menu/Menu_Basligi' located by 'By.xpath: //li[@class='dropdown dropdown-large open']//li[@class='dropdown-header']' in '10' second(s)

2021-10-21 14:08:25 - [MESSAGE][INFO] - Smart Wait Function is triggered

2021-10-21 14:08:25 - [MESSAGE][INFO] - Found 2 web elements with id: 'Object Repository/Menu/Menu_Basligi' located by 'By.xpath: //li[@class='dropdown dropdown-large open']//li[@class='dropdown-header']' in '10' second(s)

2021-10-21 14:08:25 - [MESSAGE][INFO] - Smart Wait Function is triggered

2021-10-21 14:08:27 - [MESSAGE][PASSED] - Method.TextDegerineEsitElementinAltindakiTextDegerineEsitOlanaTikla is PASSED

2021-10-21 14:08:27 - [MESSAGE][PASSED] - Call Test Case 'Test Cases/Menu/BasligaGoreAltMenuSecimi' successfully

2021-10-21 14:08:28 - [MESSAGE][INFO] - Checking called Test Case

2021-10-21 14:08:28 - [MESSAGE][INFO] - Starting to call Test Case 'Test Cases/Filtreler/EttnYaz'

2021-10-21 14:08:28 - [TEST_CASE][PASSED] - Test Cases/Filtreler/EttnYaz: Test Cases/Filtreler/EttnYaz

2021-10-21 14:08:28 - [TEST_STEP][PASSED] - Method.TextDegerineEsitElementinAltindakiTextboxtaYaz(findTestObject("Filtreler/Basliklar"), findTestObject("Filtreler/Basliga_Gore_Textbox"), "ETTN", ettn): Method.TextDegerineEsitElementinAltindakiTextboxtaYaz is PASSED

2021-10-21 14:08:28 - [MESSAGE][INFO] - Finding Test Object 'Object Repository/Filtreler/Basliklar'

2021-10-21 14:08:28 - [MESSAGE][INFO] - Finding Test Object 'Object Repository/Filtreler/Basliga_Gore_Textbox'

2021-10-21 14:08:28 - [MESSAGE][INFO] - Checking timeout

2021-10-21 14:08:28 - [MESSAGE][INFO] - Finding web element with id: 'Object Repository/Filtreler/Basliklar' located by 'By.cssSelector: .control-label.col-sm-4.paddingMarginRLC' in '10' second(s)

2021-10-21 14:08:28 - [MESSAGE][INFO] - Smart Wait Function is triggered

2021-10-21 14:08:29 - [MESSAGE][INFO] - Found 19 web elements with id: 'Object Repository/Filtreler/Basliklar' located by 'By.cssSelector: .control-label.col-sm-4.paddingMarginRLC' in '10' second(s)

2021-10-21 14:08:29 - [MESSAGE][INFO] - Smart Wait Function is triggered

2021-10-21 14:08:29 - [MESSAGE][PASSED] - Method.TextDegerineEsitElementinAltindakiTextboxtaYaz is PASSED

2021-10-21 14:08:29 - [MESSAGE][PASSED] - Call Test Case 'Test Cases/Filtreler/EttnYaz' successfully

2021-10-21 14:08:29 - [MESSAGE][INFO] - Checking called Test Case

2021-10-21 14:08:29 - [MESSAGE][INFO] - Starting to call Test Case 'Test Cases/Filtreler/ButonaTikla'

2021-10-21 14:08:29 - [TEST_CASE][PASSED] - Test Cases/Filtreler/ButonaTikla: Test Cases/Filtreler/ButonaTikla

2021-10-21 14:08:30 - [TEST_STEP][PASSED] - Method.TextDegerineEsitElementeTikla(findTestObject("Filtreler/Butonlar"), Filtre_Buton): Method.TextDegerineEsitElementeTikla is PASSED

2021-10-21 14:08:30 - [MESSAGE][INFO] - Finding Test Object 'Object Repository/Filtreler/Butonlar'

2021-10-21 14:08:30 - [MESSAGE][INFO] - Checking timeout

2021-10-21 14:08:30 - [MESSAGE][INFO] - Finding web element with id: 'Object Repository/Filtreler/Butonlar' located by 'By.cssSelector: .dxb>span' in '10' second(s)

2021-10-21 14:08:30 - [MESSAGE][INFO] - Smart Wait Function is triggered

2021-10-21 14:08:30 - [MESSAGE][INFO] - Found 3 web elements with id: 'Object Repository/Filtreler/Butonlar' located by 'By.cssSelector: .dxb>span' in '10' second(s)

2021-10-21 14:08:30 - [MESSAGE][PASSED] - Method.TextDegerineEsitElementeTikla is PASSED

2021-10-21 14:08:30 - [MESSAGE][PASSED] - Call Test Case 'Test Cases/Filtreler/ButonaTikla' successfully

2021-10-21 14:08:30 - [MESSAGE][INFO] - Checking called Test Case

2021-10-21 14:08:30 - [MESSAGE][INFO] - Starting to call Test Case 'Test Cases/Tablo/TablodaVeriVarMi'

2021-10-21 14:08:30 - [TEST_CASE][PASSED] - Test Cases/Tablo/TablodaVeriVarMi: Test Cases/Tablo/TablodaVeriVarMi

2021-10-21 14:08:31 - [TEST_STEP][PASSED] - verifyTextNotPresent("Görüntülenecek veri yok", true): Text 'Görüntülenecek veri yok' is not present on page using regular expression

2021-10-21 14:08:31 - [MESSAGE][INFO] - Checking text present  using regular expression

2021-10-21 14:08:31 - [MESSAGE][INFO] - Smart Wait Function is triggered

2021-10-21 14:08:31 - [MESSAGE][INFO] - Finding text 'Görüntülenecek veri yok' on page  using regular expression

2021-10-21 14:08:31 - [MESSAGE][PASSED] - Text 'Görüntülenecek veri yok' is not present on page using regular expression

2021-10-21 14:08:31 - [MESSAGE][PASSED] - Call Test Case 'Test Cases/Tablo/TablodaVeriVarMi' successfully

2021-10-21 14:08:31 - [MESSAGE][INFO] - Checking called Test Case

2021-10-21 14:08:31 - [MESSAGE][INFO] - Starting to call Test Case 'Test Cases/Tablo/TablodaVeriBasariliMiArsiv'

2021-10-21 14:08:31 - [TEST_CASE][PASSED] - Test Cases/Tablo/TablodaVeriBasariliMiArsiv: Test Cases/Tablo/TablodaVeriBasariliMiArsiv

2021-10-21 14:08:32 - [TEST_STEP][PASSED] - sayac = 80: null

2021-10-21 14:08:32 - [TEST_STEP][PASSED] - while (verifyElementText(findTestObject("Object Repository/Tablo/DurumBilgisiArsiv"), "Henüz Sonuçlanmadı", OPTIONAL)): Actual text 'Başarılı' and expected text 'Henüz Sonuçlanmadı' of test object 'Object Repository/Tablo/DurumBilgisiArsiv' are NOT matched. (Root cause: com.kms.katalon.core.exception.StepFailedException: Actual text 'Başarılı' and expected text 'Henüz Sonuçlanmadı' of test object 'Object Repository/Tablo/DurumBilgisiArsiv' are NOT matched.
	at com.kms.katalon.core.webui.keyword.internal.WebUIKeywordMain.stepFailed(WebUIKeywordMain.groovy:64)
	at com.kms.katalon.core.webui.keyword.builtin.VerifyElementTextKeyword$_verifyElementText_closure1.doCall(VerifyElementTextKeyword.groovy:57)
	at com.kms.katalon.core.webui.keyword.builtin.VerifyElementTextKeyword$_verifyElementText_closure1.call(VerifyElementTextKeyword.groovy)
	at com.kms.katalon.core.webui.keyword.internal.WebUIKeywordMain.runKeyword(WebUIKeywordMain.groovy:20)
	at com.kms.katalon.core.webui.keyword.builtin.VerifyElementTextKeyword.verifyElementText(VerifyElementTextKeyword.groovy:72)
	at com.kms.katalon.core.webui.keyword.builtin.VerifyElementTextKeyword.execute(VerifyElementTextKeyword.groovy:40)
	at com.kms.katalon.core.keyword.internal.KeywordExecutor.executeKeywordForPlatform(KeywordExecutor.groovy:73)
	at com.kms.katalon.core.webui.keyword.WebUiBuiltInKeywords.verifyElementText(WebUiBuiltInKeywords.groovy:4733)
	at com.kms.katalon.core.webui.keyword.WebUiBuiltInKeywords$verifyElementText$20.call(Unknown Source)
	at TablodaVeriBasariliMiArsiv.run(TablodaVeriBasariliMiArsiv:22)
	at com.kms.katalon.core.main.ScriptEngine.run(ScriptEngine.java:194)
	at com.kms.katalon.core.main.ScriptEngine.runScriptAsRawText(ScriptEngine.java:119)
	at com.kms.katalon.core.main.TestCaseExecutor.runScript(TestCaseExecutor.java:369)
	at com.kms.katalon.core.main.TestCaseExecutor.doExecute(TestCaseExecutor.java:360)
	at com.kms.katalon.core.main.TestCaseExecutor.processExecutionPhase(TestCaseExecutor.java:339)
	at com.kms.katalon.core.main.TestCaseExecutor.accessMainPhase(TestCaseExecutor.java:331)
	at com.kms.katalon.core.main.TestCaseExecutor.execute(TestCaseExecutor.java:248)
	at com.kms.katalon.core.main.TestCaseMain.runTestCase(TestCaseMain.java:138)
	at com.kms.katalon.core.keyword.builtin.CallTestCaseKeyword$_callTestCase_closure1.doCall(CallTestCaseKeyword.groovy:59)
	at com.kms.katalon.core.keyword.builtin.CallTestCaseKeyword$_callTestCase_closure1.call(CallTestCaseKeyword.groovy)
	at com.kms.katalon.core.keyword.internal.KeywordMain.runKeyword(KeywordMain.groovy:68)
	at com.kms.katalon.core.keyword.builtin.CallTestCaseKeyword.callTestCase(CallTestCaseKeyword.groovy:81)
	at com.kms.katalon.core.keyword.builtin.CallTestCaseKeyword.execute(CallTestCaseKeyword.groovy:44)
	at com.kms.katalon.core.keyword.internal.KeywordExecutor.executeKeywordForPlatform(KeywordExecutor.groovy:73)
	at com.kms.katalon.core.keyword.BuiltinKeywords.callTestCase(BuiltinKeywords.groovy:334)
	at tablo.tablo.tablodaVeriBasariliMiArsiv(tablo.groovy:95)
	at cucumber.runtime.Utils$1.call(Utils.java:26)
	at cucumber.runtime.Timeout.timeout(Timeout.java:16)
	at cucumber.runtime.Utils.invoke(Utils.java:20)
	at cucumber.runtime.java.JavaStepDefinition.execute(JavaStepDefinition.java:49)
	at cucumber.runner.PickleStepDefinitionMatch.runStep(PickleStepDefinitionMatch.java:50)
	at cucumber.runner.TestStep.executeStep(TestStep.java:63)
	at cucumber.runner.TestStep.run(TestStep.java:49)
	at cucumber.runner.PickleStepTestStep.run(PickleStepTestStep.java:43)
	at cucumber.runner.TestCase.run(TestCase.java:44)
	at cucumber.runner.Runner.runPickle(Runner.java:40)
	at cucumber.runtime.Runtime$1.run(Runtime.java:84)
	at cucumber.runtime.Runtime$SameThreadExecutorService.execute(Runtime.java:220)
	at cucumber.runtime.Runtime.run(Runtime.java:81)
	at cucumber.api.cli.Main.run(Main.java:26)
	at cucumber.api.cli.Main$run.call(Unknown Source)
	at com.kms.katalon.core.cucumber.keyword.CucumberBuiltinKeywords$_runFeatureFile_closure1.doCall(CucumberBuiltinKeywords.groovy:106)
	at com.kms.katalon.core.cucumber.keyword.CucumberBuiltinKeywords$_runFeatureFile_closure1.doCall(CucumberBuiltinKeywords.groovy)
	at com.kms.katalon.core.keyword.internal.KeywordMain.runKeyword(KeywordMain.groovy:68)
	at com.kms.katalon.core.keyword.internal.KeywordMain$runKeyword.call(Unknown Source)
	at com.kms.katalon.core.cucumber.keyword.CucumberBuiltinKeywords.runFeatureFile(CucumberBuiltinKeywords.groovy:73)
	at com.kms.katalon.core.cucumber.keyword.CucumberBuiltinKeywords$runFeatureFile$0.callStatic(Unknown Source)
	at com.kms.katalon.core.cucumber.keyword.CucumberBuiltinKeywords.runFeatureFile(CucumberBuiltinKeywords.groovy:246)
	at com.kms.katalon.core.cucumber.keyword.CucumberBuiltinKeywords$runFeatureFile.call(Unknown Source)
	at VKN-Elektronik-Hal Komisyoncu.run(VKN-Elektronik-Hal Komisyoncu:19)
	at com.kms.katalon.core.main.ScriptEngine.run(ScriptEngine.java:194)
	at com.kms.katalon.core.main.ScriptEngine.runScriptAsRawText(ScriptEngine.java:119)
	at com.kms.katalon.core.main.TestCaseExecutor.runScript(TestCaseExecutor.java:369)
	at com.kms.katalon.core.main.TestCaseExecutor.doExecute(TestCaseExecutor.java:360)
	at com.kms.katalon.core.main.TestCaseExecutor.processExecutionPhase(TestCaseExecutor.java:339)
	at com.kms.katalon.core.main.TestCaseExecutor.accessMainPhase(TestCaseExecutor.java:331)
	at com.kms.katalon.core.main.TestCaseExecutor.execute(TestCaseExecutor.java:248)
	at com.kms.katalon.core.main.TestSuiteExecutor.accessTestCaseMainPhase(TestSuiteExecutor.java:191)
	at com.kms.katalon.core.main.TestSuiteExecutor.accessTestSuiteMainPhase(TestSuiteExecutor.java:140)
	at com.kms.katalon.core.main.TestSuiteExecutor.execute(TestSuiteExecutor.java:89)
	at com.kms.katalon.core.main.TestCaseMain.startTestSuite(TestCaseMain.java:181)
	at com.kms.katalon.core.main.TestCaseMain$startTestSuite$0.call(Unknown Source)
	at TempTestSuite1634814289741.run(TempTestSuite1634814289741.groovy:39)
)

2021-10-21 14:08:32 - [MESSAGE][INFO] - Finding Test Object 'Object Repository/Tablo/DurumBilgisiArsiv'

2021-10-21 14:08:32 - [MESSAGE][INFO] - Checking object

2021-10-21 14:08:32 - [MESSAGE][INFO] - Finding web element from Test Object's properties

2021-10-21 14:08:32 - [MESSAGE][INFO] - Checking timeout

2021-10-21 14:08:32 - [MESSAGE][INFO] - Finding web element with id: 'Object Repository/Tablo/DurumBilgisiArsiv' located by 'By.xpath: //*[@id = 'GridViewEArchiveInvoices_tccell0_9']' in '30' second(s)

2021-10-21 14:08:32 - [MESSAGE][INFO] - Smart Wait Function is triggered

2021-10-21 14:08:32 - [MESSAGE][INFO] - Found 1 web elements with id: 'Object Repository/Tablo/DurumBilgisiArsiv' located by 'By.xpath: //*[@id = 'GridViewEArchiveInvoices_tccell0_9']' in '30' second(s)

2021-10-21 14:08:32 - [MESSAGE][WARNING] - Actual text 'Başarılı' and expected text 'Henüz Sonuçlanmadı' of test object 'Object Repository/Tablo/DurumBilgisiArsiv' are NOT matched. (Root cause: com.kms.katalon.core.exception.StepFailedException: Actual text 'Başarılı' and expected text 'Henüz Sonuçlanmadı' of test object 'Object Repository/Tablo/DurumBilgisiArsiv' are NOT matched.
	at com.kms.katalon.core.webui.keyword.internal.WebUIKeywordMain.stepFailed(WebUIKeywordMain.groovy:64)
	at com.kms.katalon.core.webui.keyword.builtin.VerifyElementTextKeyword$_verifyElementText_closure1.doCall(VerifyElementTextKeyword.groovy:57)
	at com.kms.katalon.core.webui.keyword.builtin.VerifyElementTextKeyword$_verifyElementText_closure1.call(VerifyElementTextKeyword.groovy)
	at com.kms.katalon.core.webui.keyword.internal.WebUIKeywordMain.runKeyword(WebUIKeywordMain.groovy:20)
	at com.kms.katalon.core.webui.keyword.builtin.VerifyElementTextKeyword.verifyElementText(VerifyElementTextKeyword.groovy:72)
	at com.kms.katalon.core.webui.keyword.builtin.VerifyElementTextKeyword.execute(VerifyElementTextKeyword.groovy:40)
	at com.kms.katalon.core.keyword.internal.KeywordExecutor.executeKeywordForPlatform(KeywordExecutor.groovy:73)
	at com.kms.katalon.core.webui.keyword.WebUiBuiltInKeywords.verifyElementText(WebUiBuiltInKeywords.groovy:4733)
	at com.kms.katalon.core.webui.keyword.WebUiBuiltInKeywords$verifyElementText$20.call(Unknown Source)
	at TablodaVeriBasariliMiArsiv.run(TablodaVeriBasariliMiArsiv:22)
	at com.kms.katalon.core.main.ScriptEngine.run(ScriptEngine.java:194)
	at com.kms.katalon.core.main.ScriptEngine.runScriptAsRawText(ScriptEngine.java:119)
	at com.kms.katalon.core.main.TestCaseExecutor.runScript(TestCaseExecutor.java:369)
	at com.kms.katalon.core.main.TestCaseExecutor.doExecute(TestCaseExecutor.java:360)
	at com.kms.katalon.core.main.TestCaseExecutor.processExecutionPhase(TestCaseExecutor.java:339)
	at com.kms.katalon.core.main.TestCaseExecutor.accessMainPhase(TestCaseExecutor.java:331)
	at com.kms.katalon.core.main.TestCaseExecutor.execute(TestCaseExecutor.java:248)
	at com.kms.katalon.core.main.TestCaseMain.runTestCase(TestCaseMain.java:138)
	at com.kms.katalon.core.keyword.builtin.CallTestCaseKeyword$_callTestCase_closure1.doCall(CallTestCaseKeyword.groovy:59)
	at com.kms.katalon.core.keyword.builtin.CallTestCaseKeyword$_callTestCase_closure1.call(CallTestCaseKeyword.groovy)
	at com.kms.katalon.core.keyword.internal.KeywordMain.runKeyword(KeywordMain.groovy:68)
	at com.kms.katalon.core.keyword.builtin.CallTestCaseKeyword.callTestCase(CallTestCaseKeyword.groovy:81)
	at com.kms.katalon.core.keyword.builtin.CallTestCaseKeyword.execute(CallTestCaseKeyword.groovy:44)
	at com.kms.katalon.core.keyword.internal.KeywordExecutor.executeKeywordForPlatform(KeywordExecutor.groovy:73)
	at com.kms.katalon.core.keyword.BuiltinKeywords.callTestCase(BuiltinKeywords.groovy:334)
	at tablo.tablo.tablodaVeriBasariliMiArsiv(tablo.groovy:95)
	at cucumber.runtime.Utils$1.call(Utils.java:26)
	at cucumber.runtime.Timeout.timeout(Timeout.java:16)
	at cucumber.runtime.Utils.invoke(Utils.java:20)
	at cucumber.runtime.java.JavaStepDefinition.execute(JavaStepDefinition.java:49)
	at cucumber.runner.PickleStepDefinitionMatch.runStep(PickleStepDefinitionMatch.java:50)
	at cucumber.runner.TestStep.executeStep(TestStep.java:63)
	at cucumber.runner.TestStep.run(TestStep.java:49)
	at cucumber.runner.PickleStepTestStep.run(PickleStepTestStep.java:43)
	at cucumber.runner.TestCase.run(TestCase.java:44)
	at cucumber.runner.Runner.runPickle(Runner.java:40)
	at cucumber.runtime.Runtime$1.run(Runtime.java:84)
	at cucumber.runtime.Runtime$SameThreadExecutorService.execute(Runtime.java:220)
	at cucumber.runtime.Runtime.run(Runtime.java:81)
	at cucumber.api.cli.Main.run(Main.java:26)
	at cucumber.api.cli.Main$run.call(Unknown Source)
	at com.kms.katalon.core.cucumber.keyword.CucumberBuiltinKeywords$_runFeatureFile_closure1.doCall(CucumberBuiltinKeywords.groovy:106)
	at com.kms.katalon.core.cucumber.keyword.CucumberBuiltinKeywords$_runFeatureFile_closure1.doCall(CucumberBuiltinKeywords.groovy)
	at com.kms.katalon.core.keyword.internal.KeywordMain.runKeyword(KeywordMain.groovy:68)
	at com.kms.katalon.core.keyword.internal.KeywordMain$runKeyword.call(Unknown Source)
	at com.kms.katalon.core.cucumber.keyword.CucumberBuiltinKeywords.runFeatureFile(CucumberBuiltinKeywords.groovy:73)
	at com.kms.katalon.core.cucumber.keyword.CucumberBuiltinKeywords$runFeatureFile$0.callStatic(Unknown Source)
	at com.kms.katalon.core.cucumber.keyword.CucumberBuiltinKeywords.runFeatureFile(CucumberBuiltinKeywords.groovy:246)
	at com.kms.katalon.core.cucumber.keyword.CucumberBuiltinKeywords$runFeatureFile.call(Unknown Source)
	at VKN-Elektronik-Hal Komisyoncu.run(VKN-Elektronik-Hal Komisyoncu:19)
	at com.kms.katalon.core.main.ScriptEngine.run(ScriptEngine.java:194)
	at com.kms.katalon.core.main.ScriptEngine.runScriptAsRawText(ScriptEngine.java:119)
	at com.kms.katalon.core.main.TestCaseExecutor.runScript(TestCaseExecutor.java:369)
	at com.kms.katalon.core.main.TestCaseExecutor.doExecute(TestCaseExecutor.java:360)
	at com.kms.katalon.core.main.TestCaseExecutor.processExecutionPhase(TestCaseExecutor.java:339)
	at com.kms.katalon.core.main.TestCaseExecutor.accessMainPhase(TestCaseExecutor.java:331)
	at com.kms.katalon.core.main.TestCaseExecutor.execute(TestCaseExecutor.java:248)
	at com.kms.katalon.core.main.TestSuiteExecutor.accessTestCaseMainPhase(TestSuiteExecutor.java:191)
	at com.kms.katalon.core.main.TestSuiteExecutor.accessTestSuiteMainPhase(TestSuiteExecutor.java:140)
	at com.kms.katalon.core.main.TestSuiteExecutor.execute(TestSuiteExecutor.java:89)
	at com.kms.katalon.core.main.TestCaseMain.startTestSuite(TestCaseMain.java:181)
	at com.kms.katalon.core.main.TestCaseMain$startTestSuite$0.call(Unknown Source)
	at TempTestSuite1634814289741.run(TempTestSuite1634814289741.groovy:39)
)

2021-10-21 14:08:32 - [TEST_STEP][PASSED] - Method.TextDegerineEsitElementVarMi(findTestObject("Object Repository/Tablo/DurumBilgisiArsiv"), "Başarılı"): Method.TextDegerineEsitElementVarMi is PASSED

2021-10-21 14:08:32 - [MESSAGE][INFO] - Finding Test Object 'Object Repository/Tablo/DurumBilgisiArsiv'

2021-10-21 14:08:32 - [MESSAGE][INFO] - Checking timeout

2021-10-21 14:08:32 - [MESSAGE][INFO] - Finding web element with id: 'Object Repository/Tablo/DurumBilgisiArsiv' located by 'By.xpath: //*[@id = 'GridViewEArchiveInvoices_tccell0_9']' in '10' second(s)

2021-10-21 14:08:32 - [MESSAGE][INFO] - Smart Wait Function is triggered

2021-10-21 14:08:32 - [MESSAGE][INFO] - Found 1 web elements with id: 'Object Repository/Tablo/DurumBilgisiArsiv' located by 'By.xpath: //*[@id = 'GridViewEArchiveInvoices_tccell0_9']' in '10' second(s)

2021-10-21 14:08:32 - [MESSAGE][PASSED] - Method.TextDegerineEsitElementVarMi is PASSED

2021-10-21 14:08:32 - [MESSAGE][PASSED] - Call Test Case 'Test Cases/Tablo/TablodaVeriBasariliMiArsiv' successfully

2021-10-21 14:08:32 - [MESSAGE][INFO] - Checking called Test Case

2021-10-21 14:08:32 - [MESSAGE][INFO] - Starting to call Test Case 'Test Cases/Kullanici_Islemleri/KullaniciIslemlerindenSecimYapilir'

2021-10-21 14:08:32 - [TEST_CASE][PASSED] - Test Cases/Kullanici_Islemleri/KullaniciIslemlerindenSecimYapilir: Test Cases/Kullanici_Islemleri/KullaniciIslemlerindenSecimYapilir

2021-10-21 14:08:33 - [TEST_STEP][PASSED] - waitForElementClickable(findTestObject("Object Repository/Kullanici_Islemleri/KullaniciIslemleri"), 10): Object 'Object Repository/Kullanici_Islemleri/KullaniciIslemleri' is clickable

2021-10-21 14:08:33 - [MESSAGE][INFO] - Finding Test Object 'Object Repository/Kullanici_Islemleri/KullaniciIslemleri'

2021-10-21 14:08:33 - [MESSAGE][INFO] - Checking object

2021-10-21 14:08:33 - [MESSAGE][INFO] - Checking timeout

2021-10-21 14:08:33 - [MESSAGE][INFO] - Finding web element from Test Object's properties

2021-10-21 14:08:33 - [MESSAGE][INFO] - Checking timeout

2021-10-21 14:08:33 - [MESSAGE][INFO] - Finding web element with id: 'Object Repository/Kullanici_Islemleri/KullaniciIslemleri' located by 'By.cssSelector: .dropdown>a>img' in '10' second(s)

2021-10-21 14:08:33 - [MESSAGE][INFO] - Smart Wait Function is triggered

2021-10-21 14:08:33 - [MESSAGE][INFO] - Found 1 web elements with id: 'Object Repository/Kullanici_Islemleri/KullaniciIslemleri' located by 'By.cssSelector: .dropdown>a>img' in '10' second(s)

2021-10-21 14:08:33 - [MESSAGE][PASSED] - Object 'Object Repository/Kullanici_Islemleri/KullaniciIslemleri' is clickable

2021-10-21 14:08:33 - [TEST_STEP][PASSED] - click(findTestObject("Object Repository/Kullanici_Islemleri/KullaniciIslemleri")): Object: 'Object Repository/Kullanici_Islemleri/KullaniciIslemleri' is clicked on

2021-10-21 14:08:33 - [MESSAGE][INFO] - Finding Test Object 'Object Repository/Kullanici_Islemleri/KullaniciIslemleri'

2021-10-21 14:08:33 - [MESSAGE][INFO] - Checking object

2021-10-21 14:08:33 - [MESSAGE][INFO] - Finding web element from Test Object's properties

2021-10-21 14:08:33 - [MESSAGE][INFO] - Checking timeout

2021-10-21 14:08:33 - [MESSAGE][INFO] - Finding web element with id: 'Object Repository/Kullanici_Islemleri/KullaniciIslemleri' located by 'By.cssSelector: .dropdown>a>img' in '30' second(s)

2021-10-21 14:08:33 - [MESSAGE][INFO] - Smart Wait Function is triggered

2021-10-21 14:08:34 - [MESSAGE][INFO] - Found 1 web elements with id: 'Object Repository/Kullanici_Islemleri/KullaniciIslemleri' located by 'By.cssSelector: .dropdown>a>img' in '30' second(s)

2021-10-21 14:08:34 - [MESSAGE][INFO] - Clicking on object: 'Object Repository/Kullanici_Islemleri/KullaniciIslemleri'

2021-10-21 14:08:34 - [MESSAGE][PASSED] - Object: 'Object Repository/Kullanici_Islemleri/KullaniciIslemleri' is clicked on

2021-10-21 14:08:34 - [TEST_STEP][PASSED] - Method.TextDegerineEsitElementeTikla(findTestObject("Object Repository/Kullanici_Islemleri/Secenekler"), Islem): Method.TextDegerineEsitElementeTikla is PASSED

2021-10-21 14:08:34 - [MESSAGE][INFO] - Finding Test Object 'Object Repository/Kullanici_Islemleri/Secenekler'

2021-10-21 14:08:34 - [MESSAGE][INFO] - Checking timeout

2021-10-21 14:08:34 - [MESSAGE][INFO] - Finding web element with id: 'Object Repository/Kullanici_Islemleri/Secenekler' located by 'By.cssSelector: .nav.navbar-nav.navbar-right li a' in '10' second(s)

2021-10-21 14:08:34 - [MESSAGE][INFO] - Smart Wait Function is triggered

2021-10-21 14:08:34 - [MESSAGE][INFO] - Found 22 web elements with id: 'Object Repository/Kullanici_Islemleri/Secenekler' located by 'By.cssSelector: .nav.navbar-nav.navbar-right li a' in '10' second(s)

2021-10-21 14:08:36 - [MESSAGE][PASSED] - Method.TextDegerineEsitElementeTikla is PASSED

2021-10-21 14:08:36 - [TEST_STEP][PASSED] - verifyElementNotPresent(findTestObject("Object Repository/Kullanici_Islemleri/Secenekler"), 10): Web element with id: 'Object Repository/Kullanici_Islemleri/Secenekler' located by 'By.cssSelector: .nav.navbar-nav.navbar-right li a' is not present after '10' second(s)

2021-10-21 14:08:36 - [MESSAGE][INFO] - Finding Test Object 'Object Repository/Kullanici_Islemleri/Secenekler'

2021-10-21 14:08:36 - [MESSAGE][INFO] - Checking object

2021-10-21 14:08:36 - [MESSAGE][INFO] - Checking timeout

2021-10-21 14:08:36 - [MESSAGE][INFO] - Finding web element with id: 'Object Repository/Kullanici_Islemleri/Secenekler' located by 'By.cssSelector: .nav.navbar-nav.navbar-right li a' in '10' second(s)

2021-10-21 14:08:36 - [MESSAGE][INFO] - Smart Wait Function is triggered

2021-10-21 14:08:36 - [MESSAGE][PASSED] - Web element with id: 'Object Repository/Kullanici_Islemleri/Secenekler' located by 'By.cssSelector: .nav.navbar-nav.navbar-right li a' is not present after '10' second(s)

2021-10-21 14:08:36 - [MESSAGE][PASSED] - Call Test Case 'Test Cases/Kullanici_Islemleri/KullaniciIslemlerindenSecimYapilir' successfully

2021-10-21 14:08:36 - [TEST_CASE][PASSED] - Start Test Case : SCENARIO Gonderim tipi Kagit ve Hal Komisyoncu tipinde e-Arsiv faturasi olusturulmasi: SCENARIO Gonderim tipi Kagit ve Hal Komisyoncu tipinde e-Arsiv faturasi olusturulmasi

2021-10-21 14:08:36 - [TEST_STEP][PASSED] - Kullanıcı adı HALKOMIS ve Şifre test1234 olarak giriş yapılır: Kullanıcı adı HALKOMIS ve Şifre test1234 olarak giriş yapılır

2021-10-21 14:08:36 - [MESSAGE][PASSED] - Kullanıcı adı HALKOMIS ve Şifre test1234 olarak giriş yapılır

2021-10-21 14:08:36 - [TEST_STEP][PASSED] - Ana menüden e-Arşiv seçilir: Ana menüden e-Arşiv seçilir

2021-10-21 14:08:36 - [MESSAGE][PASSED] - Ana menüden e-Arşiv seçilir

2021-10-21 14:08:36 - [TEST_STEP][PASSED] - Alt menü e-Arşiv Araçları başlığı altındaki e-Arşiv Fatura Oluşturma seçilir: Alt menü e-Arşiv Araçları başlığı altındaki e-Arşiv Fatura Oluşturma seçilir

2021-10-21 14:08:36 - [MESSAGE][PASSED] - Alt menü e-Arşiv Araçları başlığı altındaki e-Arşiv Fatura Oluşturma seçilir

2021-10-21 14:08:36 - [TEST_STEP][PASSED] - Tablodaki tüm veriler silinir: Tablodaki tüm veriler silinir

2021-10-21 14:08:36 - [MESSAGE][PASSED] - Tablodaki tüm veriler silinir

2021-10-21 14:08:36 - [TEST_STEP][PASSED] - Butonlardan Ekle isimli butona tıklanır: Butonlardan Ekle isimli butona tıklanır

2021-10-21 14:08:36 - [MESSAGE][PASSED] - Butonlardan Ekle isimli butona tıklanır

2021-10-21 14:08:36 - [TEST_STEP][PASSED] - Görsel tasarım sayfasının e-Arşiv Fatura Bilgileri başlığını içerdiği kontrol edilir: Görsel tasarım sayfasının e-Arşiv Fatura Bilgileri başlığını içerdiği kontrol edilir

2021-10-21 14:08:36 - [MESSAGE][PASSED] - Görsel tasarım sayfasının e-Arşiv Fatura Bilgileri başlığını içerdiği kontrol edilir

2021-10-21 14:08:36 - [TEST_STEP][PASSED] - Alıcı adı alanına UC0001 girilir: Alıcı adı alanına UC0001 girilir

2021-10-21 14:08:36 - [MESSAGE][PASSED] - Alıcı adı alanına UC0001 girilir

2021-10-21 14:08:36 - [TEST_STEP][PASSED] - Gönderim Şekli Elektronik olarak seçilir: Gönderim Şekli Elektronik olarak seçilir

2021-10-21 14:08:36 - [MESSAGE][PASSED] - Gönderim Şekli Elektronik olarak seçilir

2021-10-21 14:08:36 - [TEST_STEP][PASSED] - Tip alanından Hal Komisyoncu seçilir: Tip alanından Hal Komisyoncu seçilir

2021-10-21 14:08:36 - [MESSAGE][PASSED] - Tip alanından Hal Komisyoncu seçilir

2021-10-21 14:08:36 - [TEST_STEP][PASSED] - Döküman Para Birimi alanından Türk Lirası seçilir: Döküman Para Birimi alanından Türk Lirası seçilir

2021-10-21 14:08:36 - [MESSAGE][PASSED] - Döküman Para Birimi alanından Türk Lirası seçilir

2021-10-21 14:08:36 - [TEST_STEP][PASSED] - Ön Ek FGX olarak seçilir: Ön Ek FGX olarak seçilir

2021-10-21 14:08:36 - [MESSAGE][PASSED] - Ön Ek FGX olarak seçilir

2021-10-21 14:08:36 - [TEST_STEP][PASSED] - Tasarım alanından Otomasyon seçilir: Tasarım alanından Otomasyon seçilir

2021-10-21 14:08:36 - [MESSAGE][PASSED] - Tasarım alanından Otomasyon seçilir

2021-10-21 14:08:36 - [TEST_STEP][PASSED] - Sipariş bilgileri UUC-SAT-1200001 ve 30.04.2020 olarak girilir: Sipariş bilgileri UUC-SAT-1200001 ve 30.04.2020 olarak girilir

2021-10-21 14:08:36 - [MESSAGE][PASSED] - Sipariş bilgileri UUC-SAT-1200001 ve 30.04.2020 olarak girilir

2021-10-21 14:08:36 - [TEST_STEP][PASSED] - İrsaliye Bilgileri AAAAAAAAAA,31.04.2020 olarak girilir: İrsaliye Bilgileri AAAAAAAAAA,31.04.2020 olarak girilir

2021-10-21 14:08:36 - [MESSAGE][PASSED] - İrsaliye Bilgileri AAAAAAAAAA,31.04.2020 olarak girilir

2021-10-21 14:08:36 - [TEST_STEP][PASSED] - Ekle butonuna basılır: Ekle butonuna basılır

2021-10-21 14:08:36 - [MESSAGE][PASSED] - Ekle butonuna basılır

2021-10-21 14:08:36 - [TEST_STEP][PASSED] - Ürün ekleme alanında Mal/Hizmet başlığına Otomasyon girilir: Ürün ekleme alanında Mal/Hizmet başlığına Otomasyon girilir

2021-10-21 14:08:36 - [MESSAGE][PASSED] - Ürün ekleme alanında Mal/Hizmet başlığına Otomasyon girilir

2021-10-21 14:08:36 - [TEST_STEP][PASSED] - Ürün ekleme alanında Açıklaması başlığına Virgosol girilir: Ürün ekleme alanında Açıklaması başlığına Virgosol girilir

2021-10-21 14:08:36 - [MESSAGE][PASSED] - Ürün ekleme alanında Açıklaması başlığına Virgosol girilir

2021-10-21 14:08:36 - [TEST_STEP][PASSED] - Ürün ekleme alanında Künye Numarası başlığına 1234567890123456789 girilir: Ürün ekleme alanında Künye Numarası başlığına 1234567890123456789 girilir

2021-10-21 14:08:36 - [MESSAGE][PASSED] - Ürün ekleme alanında Künye Numarası başlığına 1234567890123456789 girilir

2021-10-21 14:08:36 - [TEST_STEP][PASSED] - Ürün ekleme alanında Miktarı başlığına 400 girilir: Ürün ekleme alanında Miktarı başlığına 400 girilir

2021-10-21 14:08:36 - [MESSAGE][PASSED] - Ürün ekleme alanında Miktarı başlığına 400 girilir

2021-10-21 14:08:36 - [TEST_STEP][PASSED] - Ürün ekleme alanında Birim Fiyat başlığına 100 girilir: Ürün ekleme alanında Birim Fiyat başlığına 100 girilir

2021-10-21 14:08:36 - [MESSAGE][PASSED] - Ürün ekleme alanında Birim Fiyat başlığına 100 girilir

2021-10-21 14:08:36 - [TEST_STEP][PASSED] - Masraf Bilgileri Ekle butonuna basılır: Masraf Bilgileri Ekle butonuna basılır

2021-10-21 14:08:36 - [MESSAGE][PASSED] - Masraf Bilgileri Ekle butonuna basılır

2021-10-21 14:08:36 - [TEST_STEP][PASSED] - Masraf Bilgileri alanında Masraf Türü başlığına Komisyon girilir: Masraf Bilgileri alanında Masraf Türü başlığına Komisyon girilir

2021-10-21 14:08:36 - [MESSAGE][PASSED] - Masraf Bilgileri alanında Masraf Türü başlığına Komisyon girilir

2021-10-21 14:08:36 - [TEST_STEP][PASSED] - Masraf Bilgileri alanında Masraf Oranı % başlığına 10 girilir: Masraf Bilgileri alanında Masraf Oranı % başlığına 10 girilir

2021-10-21 14:08:36 - [MESSAGE][PASSED] - Masraf Bilgileri alanında Masraf Oranı % başlığına 10 girilir

2021-10-21 14:08:36 - [TEST_STEP][PASSED] - Notlar alanına Otomasyon Not girilir: Notlar alanına Otomasyon Not girilir

2021-10-21 14:08:36 - [MESSAGE][PASSED] - Notlar alanına Otomasyon Not girilir

2021-10-21 14:08:36 - [TEST_STEP][PASSED] - Ettn bilgisi kayıt edilir: Ettn bilgisi kayıt edilir

2021-10-21 14:08:36 - [MESSAGE][PASSED] - Ettn bilgisi kayıt edilir

2021-10-21 14:08:36 - [TEST_STEP][PASSED] - Kaydet butonu seçilir: Kaydet butonu seçilir

2021-10-21 14:08:36 - [MESSAGE][PASSED] - Kaydet butonu seçilir

2021-10-21 14:08:36 - [TEST_STEP][PASSED] - Tabloda Ettn bilgisi kaydedilen veri oluşturuldu mu: Tabloda Ettn bilgisi kaydedilen veri oluşturuldu mu

2021-10-21 14:08:36 - [MESSAGE][PASSED] - Tabloda Ettn bilgisi kaydedilen veri oluşturuldu mu

2021-10-21 14:08:36 - [TEST_STEP][PASSED] - Tablodan Ettn bilgisi kaydedilen veri seçilir: Tablodan Ettn bilgisi kaydedilen veri seçilir

2021-10-21 14:08:36 - [MESSAGE][PASSED] - Tablodan Ettn bilgisi kaydedilen veri seçilir

2021-10-21 14:08:36 - [TEST_STEP][PASSED] - Butonlardan Numara Oluştur isimli butona tıklanır: Butonlardan Numara Oluştur isimli butona tıklanır

2021-10-21 14:08:36 - [MESSAGE][PASSED] - Butonlardan Numara Oluştur isimli butona tıklanır

2021-10-21 14:08:36 - [TEST_STEP][PASSED] - Popup mesajı Devam etmek istiyor musunuz içeriyor mu: Popup mesajı Devam etmek istiyor musunuz içeriyor mu

2021-10-21 14:08:36 - [MESSAGE][PASSED] - Popup mesajı Devam etmek istiyor musunuz içeriyor mu

2021-10-21 14:08:36 - [TEST_STEP][PASSED] - Yönetim popupında Evet seçilir: Yönetim popupında Evet seçilir

2021-10-21 14:08:36 - [MESSAGE][PASSED] - Yönetim popupında Evet seçilir

2021-10-21 14:08:36 - [TEST_STEP][PASSED] - Popup mesajı oluşmuştur içeriyor mu: Popup mesajı oluşmuştur içeriyor mu

2021-10-21 14:08:36 - [MESSAGE][PASSED] - Popup mesajı oluşmuştur içeriyor mu

2021-10-21 14:08:36 - [TEST_STEP][PASSED] - Yönetim popupında Tamam seçilir: Yönetim popupında Tamam seçilir

2021-10-21 14:08:36 - [MESSAGE][PASSED] - Yönetim popupında Tamam seçilir

2021-10-21 14:08:36 - [TEST_STEP][PASSED] - Tablodan Ettn bilgisi kaydedilen veri seçilir: Tablodan Ettn bilgisi kaydedilen veri seçilir

2021-10-21 14:08:36 - [MESSAGE][PASSED] - Tablodan Ettn bilgisi kaydedilen veri seçilir

2021-10-21 14:08:36 - [TEST_STEP][PASSED] - Butonlardan Gönder isimli butona tıklanır: Butonlardan Gönder isimli butona tıklanır

2021-10-21 14:08:36 - [MESSAGE][PASSED] - Butonlardan Gönder isimli butona tıklanır

2021-10-21 14:08:36 - [TEST_STEP][PASSED] - Popup mesajı Devam etmek istiyor musunuz içeriyor mu: Popup mesajı Devam etmek istiyor musunuz içeriyor mu

2021-10-21 14:08:36 - [MESSAGE][PASSED] - Popup mesajı Devam etmek istiyor musunuz içeriyor mu

2021-10-21 14:08:36 - [TEST_STEP][PASSED] - Yönetim popupında Evet seçilir: Yönetim popupında Evet seçilir

2021-10-21 14:08:36 - [MESSAGE][PASSED] - Yönetim popupında Evet seçilir

2021-10-21 14:08:36 - [TEST_STEP][PASSED] - Ana menüden e-Arşiv seçilir: Ana menüden e-Arşiv seçilir

2021-10-21 14:08:36 - [MESSAGE][PASSED] - Ana menüden e-Arşiv seçilir

2021-10-21 14:08:36 - [TEST_STEP][PASSED] - Alt menü e-Arşiv Hareketleri başlığı altındaki e-Arşiv Faturaları seçilir: Alt menü e-Arşiv Hareketleri başlığı altındaki e-Arşiv Faturaları seçilir

2021-10-21 14:08:36 - [MESSAGE][PASSED] - Alt menü e-Arşiv Hareketleri başlığı altındaki e-Arşiv Faturaları seçilir

2021-10-21 14:08:36 - [TEST_STEP][PASSED] - Filtrelerden Ettn filtresine Ettn bilgisi yaz: Filtrelerden Ettn filtresine Ettn bilgisi yaz

2021-10-21 14:08:36 - [MESSAGE][PASSED] - Filtrelerden Ettn filtresine Ettn bilgisi yaz

2021-10-21 14:08:36 - [TEST_STEP][PASSED] - Filtre butonlarından Listele seçilir: Filtre butonlarından Listele seçilir

2021-10-21 14:08:36 - [MESSAGE][PASSED] - Filtre butonlarından Listele seçilir

2021-10-21 14:08:36 - [TEST_STEP][PASSED] - Tabloda veri var mı kontrol edilir: Tabloda veri var mı kontrol edilir

2021-10-21 14:08:36 - [MESSAGE][PASSED] - Tabloda veri var mı kontrol edilir

2021-10-21 14:08:36 - [TEST_STEP][PASSED] - Tabloda yeni oluşturulan eArsiv verisi başarılı mı: Tabloda yeni oluşturulan eArsiv verisi başarılı mı

2021-10-21 14:08:36 - [MESSAGE][PASSED] - Tabloda yeni oluşturulan eArsiv verisi başarılı mı

2021-10-21 14:08:36 - [TEST_STEP][PASSED] - Kullanıcı işlemlerinden Çıkış seçilir: Kullanıcı işlemlerinden Çıkış seçilir

2021-10-21 14:08:36 - [MESSAGE][PASSED] - Kullanıcı işlemlerinden Çıkış seçilir

2021-10-21 14:08:36 - [MESSAGE][PASSED] - Feature file: 'Include/features/Regresyon/e-Arsiv/VKN-Elektronik-Hal Komisyoncu.feature' was passed

2021-10-21 14:08:36 - [TEST_STEP][PASSED] - Start listener action : sampleAfterTestSuite: Invoke 'com.kms.katalon.core.annotation.AfterTestCase' method: 'Listener.sampleAfterTestSuite(...)' completed.

2021-10-21 14:08:36 - [MESSAGE][INFO] - Starting invoke 'com.kms.katalon.core.annotation.AfterTestCase' method: 'Listener.sampleAfterTestSuite(...)'

2021-10-21 14:08:36 - [TEST_STEP][PASSED] - closeBrowser(): Invoke 'com.kms.katalon.core.annotation.AfterTestCase' method: 'Listener.sampleAfterTestSuite(...)' completed.

2021-10-21 14:08:36 - [MESSAGE][INFO] - Closing browser

2021-10-21 14:08:37 - [MESSAGE][PASSED] - Browser is closed

2021-10-21 14:08:37 - [MESSAGE][INFO] - Invoke 'com.kms.katalon.core.annotation.AfterTestCase' method: 'Listener.sampleAfterTestSuite(...)' completed.]]></system-out>
         <system-err><![CDATA[]]></system-err>
      </testcase>
      <testcase name="Test Cases/Case Repository/Regresyon/e-Arsiv/VKN-Elektronik-Hal Satis" time="126.969" classname="Test Cases/Case Repository/Regresyon/e-Arsiv/VKN-Elektronik-Hal Satis" status="PASSED">
         <system-out><![CDATA[2021-10-21 14:08:37 - [TEST_CASE][PASSED] - Test Cases/Case Repository/Regresyon/e-Arsiv/VKN-Elektronik-Hal Satis: Test Cases/Case Repository/Regresyon/e-Arsiv/VKN-Elektronik-Hal Satis

2021-10-21 14:08:37 - [TEST_STEP][PASSED] - Start listener action : sampleBeforeTestSuite: Invoke 'com.kms.katalon.core.annotation.BeforeTestCase' method: 'Listener.sampleBeforeTestSuite(...)' completed.

2021-10-21 14:08:37 - [MESSAGE][INFO] - Starting invoke 'com.kms.katalon.core.annotation.BeforeTestCase' method: 'Listener.sampleBeforeTestSuite(...)'

2021-10-21 14:08:37 - [TEST_STEP][PASSED] - openBrowser(baseUrl): Browser is opened with url: 'https://efatura-stage.elogo.com.tr/'

2021-10-21 14:08:37 - [MESSAGE][INFO] - Opening browser

2021-10-21 14:08:37 - [MESSAGE][INFO] - Starting 'Chrome' driver

2021-10-21 14:08:37 - [MESSAGE][INFO] - User set preference: ['prefs', '{download.default_directory=C:\otomasyondownfiles}']

2021-10-21 14:08:37 - [MESSAGE][INFO] - Action delay is set to 0 milliseconds

2021-10-21 14:08:39 - [MESSAGE][INFO] - Navigating browser to: 'https://efatura-stage.elogo.com.tr/'

2021-10-21 14:08:42 - [MESSAGE][PASSED] - Browser is opened with url: 'https://efatura-stage.elogo.com.tr/'

2021-10-21 14:08:42 - [TEST_STEP][PASSED] - maximizeWindow(): Invoke 'com.kms.katalon.core.annotation.BeforeTestCase' method: 'Listener.sampleBeforeTestSuite(...)' completed.

2021-10-21 14:08:42 - [MESSAGE][INFO] - Maximizing current window

2021-10-21 14:08:42 - [MESSAGE][PASSED] - Current window maximized

2021-10-21 14:08:42 - [MESSAGE][INFO] - Invoke 'com.kms.katalon.core.annotation.BeforeTestCase' method: 'Listener.sampleBeforeTestSuite(...)' completed.

2021-10-21 14:08:42 - [TEST_STEP][PASSED] - runFeatureFile("Include/features/Regresyon/e-Arsiv/VKN-Elektronik-Hal Satis.feature"): Feature file: 'Include/features/Regresyon/e-Arsiv/VKN-Elektronik-Hal Satis.feature' was passed

2021-10-21 14:08:42 - [MESSAGE][INFO] - Starting run keyword runFeatureFile: 'Include/features/Regresyon/e-Arsiv/VKN-Elektronik-Hal Satis.feature' and extract report to folder: 'C:\Users\DELL\Downloads\EES_Katalon-main\Reports\20211021_140437\Suite Repository\Regresyon-eArsiv-eMakbuz\20211021_140449/cucumber_report/1634814522982'...

2021-10-21 14:08:42 - [MESSAGE][INFO] - Glue: []

2021-10-21 14:08:43 - [MESSAGE][INFO] - Checking called Test Case

2021-10-21 14:08:43 - [MESSAGE][INFO] - Starting to call Test Case 'Test Cases/Sayfalar/Giris_Sayfasi/Login'

2021-10-21 14:08:43 - [TEST_CASE][PASSED] - Test Cases/Sayfalar/Giris_Sayfasi/Login: Test Cases/Sayfalar/Giris_Sayfasi/Login

2021-10-21 14:08:43 - [TEST_STEP][PASSED] - Sayfa_Basligi = getWindowTitle(): Current window's title is: 'LOGO e-Fatura'

2021-10-21 14:08:43 - [MESSAGE][INFO] - Getting current window's title

2021-10-21 14:08:43 - [MESSAGE][PASSED] - Current window's title is: 'LOGO e-Fatura'

2021-10-21 14:08:43 - [TEST_STEP][PASSED] - verifyMatch(Sayfa_Basligi, "LOGO e-Fatura", false): Actual text 'LOGO e-Fatura' and expected text 'LOGO e-Fatura' are matched 

2021-10-21 14:08:43 - [MESSAGE][INFO] - Matching actual text 'LOGO e-Fatura' with expected text 'LOGO e-Fatura'

2021-10-21 14:08:43 - [MESSAGE][PASSED] - Actual text 'LOGO e-Fatura' and expected text 'LOGO e-Fatura' are matched 

2021-10-21 14:08:43 - [TEST_STEP][PASSED] - sendKeys(findTestObject("Sayfalar/Giris_Sayfasi/Firma_Kodu"), KullaniciAdi): Keys 'HALSATIS' sent to object: 'Object Repository/Sayfalar/Giris_Sayfasi/Firma_Kodu'

2021-10-21 14:08:43 - [MESSAGE][INFO] - Finding Test Object 'Object Repository/Sayfalar/Giris_Sayfasi/Firma_Kodu'

2021-10-21 14:08:44 - [MESSAGE][INFO] - Sending keys 'HALSATIS' to object: 'Object Repository/Sayfalar/Giris_Sayfasi/Firma_Kodu'

2021-10-21 14:08:44 - [MESSAGE][INFO] - Finding web element from Test Object's properties

2021-10-21 14:08:44 - [MESSAGE][INFO] - Checking timeout

2021-10-21 14:08:44 - [MESSAGE][INFO] - Finding web element with id: 'Object Repository/Sayfalar/Giris_Sayfasi/Firma_Kodu' located by 'By.xpath: //*[@id = 'AccountName']' in '30' second(s)

2021-10-21 14:08:44 - [MESSAGE][INFO] - Smart Wait Function is triggered

2021-10-21 14:08:44 - [MESSAGE][INFO] - Found 1 web elements with id: 'Object Repository/Sayfalar/Giris_Sayfasi/Firma_Kodu' located by 'By.xpath: //*[@id = 'AccountName']' in '30' second(s)

2021-10-21 14:08:44 - [MESSAGE][PASSED] - Keys 'HALSATIS' sent to object: 'Object Repository/Sayfalar/Giris_Sayfasi/Firma_Kodu'

2021-10-21 14:08:44 - [TEST_STEP][PASSED] - sendKeys(findTestObject("Sayfalar/Giris_Sayfasi/Sifre"), Sifre): Keys 'test1234' sent to object: 'Object Repository/Sayfalar/Giris_Sayfasi/Sifre'

2021-10-21 14:08:44 - [MESSAGE][INFO] - Finding Test Object 'Object Repository/Sayfalar/Giris_Sayfasi/Sifre'

2021-10-21 14:08:44 - [MESSAGE][INFO] - Sending keys 'test1234' to object: 'Object Repository/Sayfalar/Giris_Sayfasi/Sifre'

2021-10-21 14:08:44 - [MESSAGE][INFO] - Finding web element from Test Object's properties

2021-10-21 14:08:44 - [MESSAGE][INFO] - Checking timeout

2021-10-21 14:08:44 - [MESSAGE][INFO] - Finding web element with id: 'Object Repository/Sayfalar/Giris_Sayfasi/Sifre' located by 'By.xpath: //*[@id = 'Password']' in '30' second(s)

2021-10-21 14:08:44 - [MESSAGE][INFO] - Smart Wait Function is triggered

2021-10-21 14:08:44 - [MESSAGE][INFO] - Found 1 web elements with id: 'Object Repository/Sayfalar/Giris_Sayfasi/Sifre' located by 'By.xpath: //*[@id = 'Password']' in '30' second(s)

2021-10-21 14:08:44 - [MESSAGE][PASSED] - Keys 'test1234' sent to object: 'Object Repository/Sayfalar/Giris_Sayfasi/Sifre'

2021-10-21 14:08:44 - [TEST_STEP][PASSED] - findWebElement(findTestObject("Sayfalar/Giris_Sayfasi/Giris_Butonu")).click(): Found 1 web elements with id: 'Object Repository/Sayfalar/Giris_Sayfasi/Giris_Butonu' located by 'By.cssSelector: #btnLogin' in '30' second(s)

2021-10-21 14:08:44 - [MESSAGE][INFO] - Finding Test Object 'Object Repository/Sayfalar/Giris_Sayfasi/Giris_Butonu'

2021-10-21 14:08:45 - [MESSAGE][INFO] - Finding web element from Test Object's properties

2021-10-21 14:08:45 - [MESSAGE][INFO] - Checking timeout

2021-10-21 14:08:45 - [MESSAGE][INFO] - Finding web element with id: 'Object Repository/Sayfalar/Giris_Sayfasi/Giris_Butonu' located by 'By.cssSelector: #btnLogin' in '30' second(s)

2021-10-21 14:08:45 - [MESSAGE][INFO] - Smart Wait Function is triggered

2021-10-21 14:08:45 - [MESSAGE][INFO] - Found 1 web elements with id: 'Object Repository/Sayfalar/Giris_Sayfasi/Giris_Butonu' located by 'By.cssSelector: #btnLogin' in '30' second(s)

2021-10-21 14:08:47 - [TEST_STEP][PASSED] - if (verifyElementPresent(findTestObject("Object Repository/Sayfalar/Giris_Sayfasi/RetveTamam_Butonu"), 5, OPTIONAL)): null

2021-10-21 14:08:47 - [MESSAGE][INFO] - Finding Test Object 'Object Repository/Sayfalar/Giris_Sayfasi/RetveTamam_Butonu'

2021-10-21 14:08:47 - [MESSAGE][INFO] - Checking object

2021-10-21 14:08:47 - [MESSAGE][INFO] - Finding web element from Test Object's properties

2021-10-21 14:08:47 - [MESSAGE][INFO] - Checking timeout

2021-10-21 14:08:47 - [MESSAGE][INFO] - Finding web element with id: 'Object Repository/Sayfalar/Giris_Sayfasi/RetveTamam_Butonu' located by 'By.xpath: //*[@class = 'btn btn-default']' in '5' second(s)

2021-10-21 14:08:47 - [MESSAGE][INFO] - Smart Wait Function is triggered

2021-10-21 14:08:47 - [MESSAGE][INFO] - Found 1 web elements with id: 'Object Repository/Sayfalar/Giris_Sayfasi/RetveTamam_Butonu' located by 'By.xpath: //*[@class = 'btn btn-default']' in '5' second(s)

2021-10-21 14:08:47 - [MESSAGE][PASSED] - Object 'Object Repository/Sayfalar/Giris_Sayfasi/RetveTamam_Butonu' is present

2021-10-21 14:08:47 - [TEST_STEP][PASSED] - click(findTestObject("Object Repository/Sayfalar/Giris_Sayfasi/RetveTamam_Butonu")): Object: 'Object Repository/Sayfalar/Giris_Sayfasi/RetveTamam_Butonu' is clicked on

2021-10-21 14:08:47 - [MESSAGE][INFO] - Finding Test Object 'Object Repository/Sayfalar/Giris_Sayfasi/RetveTamam_Butonu'

2021-10-21 14:08:47 - [MESSAGE][INFO] - Checking object

2021-10-21 14:08:47 - [MESSAGE][INFO] - Finding web element from Test Object's properties

2021-10-21 14:08:47 - [MESSAGE][INFO] - Checking timeout

2021-10-21 14:08:47 - [MESSAGE][INFO] - Finding web element with id: 'Object Repository/Sayfalar/Giris_Sayfasi/RetveTamam_Butonu' located by 'By.xpath: //*[@class = 'btn btn-default']' in '30' second(s)

2021-10-21 14:08:47 - [MESSAGE][INFO] - Smart Wait Function is triggered

2021-10-21 14:08:48 - [MESSAGE][INFO] - Found 1 web elements with id: 'Object Repository/Sayfalar/Giris_Sayfasi/RetveTamam_Butonu' located by 'By.xpath: //*[@class = 'btn btn-default']' in '30' second(s)

2021-10-21 14:08:48 - [MESSAGE][INFO] - Clicking on object: 'Object Repository/Sayfalar/Giris_Sayfasi/RetveTamam_Butonu'

2021-10-21 14:08:48 - [MESSAGE][PASSED] - Object: 'Object Repository/Sayfalar/Giris_Sayfasi/RetveTamam_Butonu' is clicked on

2021-10-21 14:08:48 - [TEST_STEP][PASSED] - click(findTestObject("Object Repository/Sayfalar/Giris_Sayfasi/RetveTamam_Butonu")): Object: 'Object Repository/Sayfalar/Giris_Sayfasi/RetveTamam_Butonu' is clicked on

2021-10-21 14:08:48 - [MESSAGE][INFO] - Finding Test Object 'Object Repository/Sayfalar/Giris_Sayfasi/RetveTamam_Butonu'

2021-10-21 14:08:48 - [MESSAGE][INFO] - Checking object

2021-10-21 14:08:48 - [MESSAGE][INFO] - Finding web element from Test Object's properties

2021-10-21 14:08:48 - [MESSAGE][INFO] - Checking timeout

2021-10-21 14:08:48 - [MESSAGE][INFO] - Finding web element with id: 'Object Repository/Sayfalar/Giris_Sayfasi/RetveTamam_Butonu' located by 'By.xpath: //*[@class = 'btn btn-default']' in '30' second(s)

2021-10-21 14:08:48 - [MESSAGE][INFO] - Smart Wait Function is triggered

2021-10-21 14:08:51 - [MESSAGE][INFO] - Found 1 web elements with id: 'Object Repository/Sayfalar/Giris_Sayfasi/RetveTamam_Butonu' located by 'By.xpath: //*[@class = 'btn btn-default']' in '30' second(s)

2021-10-21 14:08:51 - [MESSAGE][INFO] - Clicking on object: 'Object Repository/Sayfalar/Giris_Sayfasi/RetveTamam_Butonu'

2021-10-21 14:08:51 - [MESSAGE][PASSED] - Object: 'Object Repository/Sayfalar/Giris_Sayfasi/RetveTamam_Butonu' is clicked on

2021-10-21 14:08:51 - [TEST_STEP][PASSED] - if (verifyElementPresent(findTestObject("Sayfalar/Giris_Sayfasi/PopupOK"), 5, OPTIONAL)): null

2021-10-21 14:08:51 - [MESSAGE][INFO] - Finding Test Object 'Object Repository/Sayfalar/Giris_Sayfasi/PopupOK'

2021-10-21 14:08:51 - [MESSAGE][INFO] - Checking object

2021-10-21 14:08:51 - [MESSAGE][INFO] - Finding web element from Test Object's properties

2021-10-21 14:08:51 - [MESSAGE][INFO] - Checking timeout

2021-10-21 14:08:51 - [MESSAGE][INFO] - Finding web element with id: 'Object Repository/Sayfalar/Giris_Sayfasi/PopupOK' located by 'By.cssSelector: .btn.btn-success' in '5' second(s)

2021-10-21 14:08:51 - [MESSAGE][INFO] - Smart Wait Function is triggered

2021-10-21 14:08:52 - [MESSAGE][INFO] - Found 1 web elements with id: 'Object Repository/Sayfalar/Giris_Sayfasi/PopupOK' located by 'By.cssSelector: .btn.btn-success' in '5' second(s)

2021-10-21 14:08:52 - [MESSAGE][PASSED] - Object 'Object Repository/Sayfalar/Giris_Sayfasi/PopupOK' is present

2021-10-21 14:08:52 - [TEST_STEP][PASSED] - click(findTestObject("Object Repository/Sayfalar/Giris_Sayfasi/PopupCarpiGiris")): Object: 'Object Repository/Sayfalar/Giris_Sayfasi/PopupCarpiGiris' is clicked on

2021-10-21 14:08:52 - [MESSAGE][INFO] - Finding Test Object 'Object Repository/Sayfalar/Giris_Sayfasi/PopupCarpiGiris'

2021-10-21 14:08:52 - [MESSAGE][INFO] - Checking object

2021-10-21 14:08:52 - [MESSAGE][INFO] - Finding web element from Test Object's properties

2021-10-21 14:08:52 - [MESSAGE][INFO] - Checking timeout

2021-10-21 14:08:52 - [MESSAGE][INFO] - Finding web element with id: 'Object Repository/Sayfalar/Giris_Sayfasi/PopupCarpiGiris' located by 'By.cssSelector: .bootbox-close-button.close' in '30' second(s)

2021-10-21 14:08:52 - [MESSAGE][INFO] - Smart Wait Function is triggered

2021-10-21 14:08:52 - [MESSAGE][INFO] - Found 1 web elements with id: 'Object Repository/Sayfalar/Giris_Sayfasi/PopupCarpiGiris' located by 'By.cssSelector: .bootbox-close-button.close' in '30' second(s)

2021-10-21 14:08:52 - [MESSAGE][INFO] - Clicking on object: 'Object Repository/Sayfalar/Giris_Sayfasi/PopupCarpiGiris'

2021-10-21 14:08:52 - [MESSAGE][PASSED] - Object: 'Object Repository/Sayfalar/Giris_Sayfasi/PopupCarpiGiris' is clicked on

2021-10-21 14:08:52 - [TEST_STEP][PASSED] - verifyElementVisible(findTestObject("Object Repository/Kullanici_Islemleri/KullaniciIslemleri")): Object 'Object Repository/Kullanici_Islemleri/KullaniciIslemleri' is visible

2021-10-21 14:08:52 - [MESSAGE][INFO] - Finding Test Object 'Object Repository/Kullanici_Islemleri/KullaniciIslemleri'

2021-10-21 14:08:53 - [MESSAGE][INFO] - Checking object

2021-10-21 14:08:53 - [MESSAGE][INFO] - Finding web element from Test Object's properties

2021-10-21 14:08:53 - [MESSAGE][INFO] - Checking timeout

2021-10-21 14:08:53 - [MESSAGE][INFO] - Finding web element with id: 'Object Repository/Kullanici_Islemleri/KullaniciIslemleri' located by 'By.cssSelector: .dropdown>a>img' in '30' second(s)

2021-10-21 14:08:53 - [MESSAGE][INFO] - Smart Wait Function is triggered

2021-10-21 14:08:53 - [MESSAGE][INFO] - Found 1 web elements with id: 'Object Repository/Kullanici_Islemleri/KullaniciIslemleri' located by 'By.cssSelector: .dropdown>a>img' in '30' second(s)

2021-10-21 14:08:53 - [MESSAGE][PASSED] - Object 'Object Repository/Kullanici_Islemleri/KullaniciIslemleri' is visible

2021-10-21 14:08:53 - [MESSAGE][PASSED] - Call Test Case 'Test Cases/Sayfalar/Giris_Sayfasi/Login' successfully

2021-10-21 14:08:53 - [MESSAGE][INFO] - Checking called Test Case

2021-10-21 14:08:53 - [MESSAGE][INFO] - Starting to call Test Case 'Test Cases/Menu/AnaMenuSecimi'

2021-10-21 14:08:53 - [TEST_CASE][PASSED] - Test Cases/Menu/AnaMenuSecimi: Test Cases/Menu/AnaMenuSecimi

2021-10-21 14:08:53 - [TEST_STEP][PASSED] - Method.TextDegerineEsitElementeTikla(findTestObject("Menu/Ana_Menu"), Ana_Menu): Method.TextDegerineEsitElementeTikla is PASSED

2021-10-21 14:08:53 - [MESSAGE][INFO] - Finding Test Object 'Object Repository/Menu/Ana_Menu'

2021-10-21 14:08:53 - [MESSAGE][INFO] - Checking timeout

2021-10-21 14:08:53 - [MESSAGE][INFO] - Finding web element with id: 'Object Repository/Menu/Ana_Menu' located by 'By.xpath: //*[@class = 'dropdown-toggle']' in '10' second(s)

2021-10-21 14:08:53 - [MESSAGE][INFO] - Smart Wait Function is triggered

2021-10-21 14:08:54 - [MESSAGE][INFO] - Found 13 web elements with id: 'Object Repository/Menu/Ana_Menu' located by 'By.xpath: //*[@class = 'dropdown-toggle']' in '10' second(s)

2021-10-21 14:08:54 - [MESSAGE][PASSED] - Method.TextDegerineEsitElementeTikla is PASSED

2021-10-21 14:08:54 - [MESSAGE][PASSED] - Call Test Case 'Test Cases/Menu/AnaMenuSecimi' successfully

2021-10-21 14:08:54 - [MESSAGE][INFO] - Checking called Test Case

2021-10-21 14:08:54 - [MESSAGE][INFO] - Starting to call Test Case 'Test Cases/Menu/BasligaGoreAltMenuSecimi'

2021-10-21 14:08:54 - [TEST_CASE][PASSED] - Test Cases/Menu/BasligaGoreAltMenuSecimi: Test Cases/Menu/BasligaGoreAltMenuSecimi

2021-10-21 14:08:54 - [TEST_STEP][PASSED] - Method.TextDegerineEsitElementinAltindakiTextDegerineEsitOlanaTikla(findTestObject("Menu/Menu_Basligi"), findTestObject("Menu/Basliga_Gore_Alt_Menu"), Baslik, Alt_Menu): Method.TextDegerineEsitElementinAltindakiTextDegerineEsitOlanaTikla is PASSED

2021-10-21 14:08:54 - [MESSAGE][INFO] - Finding Test Object 'Object Repository/Menu/Menu_Basligi'

2021-10-21 14:08:54 - [MESSAGE][INFO] - Finding Test Object 'Object Repository/Menu/Basliga_Gore_Alt_Menu'

2021-10-21 14:08:54 - [MESSAGE][INFO] - Checking timeout

2021-10-21 14:08:54 - [MESSAGE][INFO] - Finding web element with id: 'Object Repository/Menu/Menu_Basligi' located by 'By.xpath: //li[@class='dropdown dropdown-large open']//li[@class='dropdown-header']' in '10' second(s)

2021-10-21 14:08:54 - [MESSAGE][INFO] - Smart Wait Function is triggered

2021-10-21 14:08:54 - [MESSAGE][INFO] - Found 2 web elements with id: 'Object Repository/Menu/Menu_Basligi' located by 'By.xpath: //li[@class='dropdown dropdown-large open']//li[@class='dropdown-header']' in '10' second(s)

2021-10-21 14:08:54 - [MESSAGE][INFO] - Smart Wait Function is triggered

2021-10-21 14:08:58 - [MESSAGE][PASSED] - Method.TextDegerineEsitElementinAltindakiTextDegerineEsitOlanaTikla is PASSED

2021-10-21 14:08:58 - [MESSAGE][PASSED] - Call Test Case 'Test Cases/Menu/BasligaGoreAltMenuSecimi' successfully

2021-10-21 14:08:58 - [MESSAGE][INFO] - Checking called Test Case

2021-10-21 14:08:58 - [MESSAGE][INFO] - Starting to call Test Case 'Test Cases/Tablo/Olusturma Tarihi'

2021-10-21 14:08:58 - [TEST_CASE][PASSED] - Test Cases/Tablo/Olusturma Tarihi: Test Cases/Tablo/Olusturma Tarihi

2021-10-21 14:08:58 - [TEST_STEP][PASSED] - if (verifyTextNotPresent("Görüntülenecek veri yok", true, OPTIONAL)): null

2021-10-21 14:08:58 - [MESSAGE][INFO] - Checking text present  using regular expression

2021-10-21 14:08:58 - [MESSAGE][INFO] - Smart Wait Function is triggered

2021-10-21 14:08:58 - [MESSAGE][INFO] - Finding text 'Görüntülenecek veri yok' on page  using regular expression

2021-10-21 14:08:58 - [MESSAGE][PASSED] - Text 'Görüntülenecek veri yok' is not present on page using regular expression

2021-10-21 14:08:58 - [TEST_STEP][PASSED] - click(findTestObject("Temizle/Olusturma_Tarihi_CheckBox")): Object: 'Object Repository/Temizle/Olusturma_Tarihi_CheckBox' is clicked on

2021-10-21 14:08:58 - [MESSAGE][INFO] - Finding Test Object 'Object Repository/Temizle/Olusturma_Tarihi_CheckBox'

2021-10-21 14:08:58 - [MESSAGE][INFO] - Checking object

2021-10-21 14:08:58 - [MESSAGE][INFO] - Finding web element from Test Object's properties

2021-10-21 14:08:58 - [MESSAGE][INFO] - Checking timeout

2021-10-21 14:08:58 - [MESSAGE][INFO] - Finding web element with id: 'Object Repository/Temizle/Olusturma_Tarihi_CheckBox' located by 'By.xpath: //*[@title = 'Bu sayfadaki tüm satırları Seç']' in '30' second(s)

2021-10-21 14:08:58 - [MESSAGE][INFO] - Smart Wait Function is triggered

2021-10-21 14:08:59 - [MESSAGE][INFO] - Found 1 web elements with id: 'Object Repository/Temizle/Olusturma_Tarihi_CheckBox' located by 'By.xpath: //*[@title = 'Bu sayfadaki tüm satırları Seç']' in '30' second(s)

2021-10-21 14:08:59 - [MESSAGE][INFO] - Clicking on object: 'Object Repository/Temizle/Olusturma_Tarihi_CheckBox'

2021-10-21 14:08:59 - [MESSAGE][PASSED] - Object: 'Object Repository/Temizle/Olusturma_Tarihi_CheckBox' is clicked on

2021-10-21 14:08:59 - [TEST_STEP][PASSED] - Method.TextDegerineEsitElementeTiklaEquals(findTestObject("Butonlar/Butonlar"), "Sil"): Method.TextDegerineEsitElementeTiklaEquals is PASSED

2021-10-21 14:08:59 - [MESSAGE][INFO] - Finding Test Object 'Object Repository/Butonlar/Butonlar'

2021-10-21 14:08:59 - [MESSAGE][INFO] - Checking timeout

2021-10-21 14:08:59 - [MESSAGE][INFO] - Finding web element with id: 'Object Repository/Butonlar/Butonlar' located by 'By.cssSelector: .panel.panel-default.text-center.footerPanel .btn,.btn.btn-primary.btnControls' in '10' second(s)

2021-10-21 14:08:59 - [MESSAGE][INFO] - Smart Wait Function is triggered

2021-10-21 14:08:59 - [MESSAGE][INFO] - Found 10 web elements with id: 'Object Repository/Butonlar/Butonlar' located by 'By.cssSelector: .panel.panel-default.text-center.footerPanel .btn,.btn.btn-primary.btnControls' in '10' second(s)

2021-10-21 14:08:59 - [MESSAGE][PASSED] - Method.TextDegerineEsitElementeTiklaEquals is PASSED

2021-10-21 14:08:59 - [TEST_STEP][PASSED] - Method.TextDegerineEsitElementeTikla(findTestObject("Popup/Popup_Butons"), "Evet"): Method.TextDegerineEsitElementeTikla is PASSED

2021-10-21 14:08:59 - [MESSAGE][INFO] - Finding Test Object 'Object Repository/Popup/Popup_Butons'

2021-10-21 14:08:59 - [MESSAGE][INFO] - Checking timeout

2021-10-21 14:08:59 - [MESSAGE][INFO] - Finding web element with id: 'Object Repository/Popup/Popup_Butons' located by 'By.cssSelector: .modal-footer>button' in '10' second(s)

2021-10-21 14:08:59 - [MESSAGE][INFO] - Smart Wait Function is triggered

2021-10-21 14:09:00 - [MESSAGE][INFO] - Found 2 web elements with id: 'Object Repository/Popup/Popup_Butons' located by 'By.cssSelector: .modal-footer>button' in '10' second(s)

2021-10-21 14:09:00 - [MESSAGE][PASSED] - Method.TextDegerineEsitElementeTikla is PASSED

2021-10-21 14:09:01 - [TEST_STEP][PASSED] - Method.TextDegerineEsitElementeTikla(findTestObject("Popup/Popup_Butons"), "Tamam"): Method.TextDegerineEsitElementeTikla is PASSED

2021-10-21 14:09:01 - [MESSAGE][INFO] - Finding Test Object 'Object Repository/Popup/Popup_Butons'

2021-10-21 14:09:01 - [MESSAGE][INFO] - Checking timeout

2021-10-21 14:09:01 - [MESSAGE][INFO] - Finding web element with id: 'Object Repository/Popup/Popup_Butons' located by 'By.cssSelector: .modal-footer>button' in '10' second(s)

2021-10-21 14:09:01 - [MESSAGE][INFO] - Smart Wait Function is triggered

2021-10-21 14:09:01 - [MESSAGE][INFO] - Found 1 web elements with id: 'Object Repository/Popup/Popup_Butons' located by 'By.cssSelector: .modal-footer>button' in '10' second(s)

2021-10-21 14:09:01 - [MESSAGE][PASSED] - Method.TextDegerineEsitElementeTikla is PASSED

2021-10-21 14:09:01 - [MESSAGE][PASSED] - Call Test Case 'Test Cases/Tablo/Olusturma Tarihi' successfully

2021-10-21 14:09:01 - [MESSAGE][INFO] - Checking called Test Case

2021-10-21 14:09:01 - [MESSAGE][INFO] - Starting to call Test Case 'Test Cases/Butonlar/ButonaTikla'

2021-10-21 14:09:01 - [TEST_CASE][PASSED] - Test Cases/Butonlar/ButonaTikla: Test Cases/Butonlar/ButonaTikla

2021-10-21 14:09:01 - [TEST_STEP][PASSED] - Method.TextDegerineEsitElementeTiklaEquals(findTestObject("Butonlar/Butonlar"), Buton_Adi): Method.TextDegerineEsitElementeTiklaEquals is PASSED

2021-10-21 14:09:01 - [MESSAGE][INFO] - Finding Test Object 'Object Repository/Butonlar/Butonlar'

2021-10-21 14:09:02 - [MESSAGE][INFO] - Checking timeout

2021-10-21 14:09:02 - [MESSAGE][INFO] - Finding web element with id: 'Object Repository/Butonlar/Butonlar' located by 'By.cssSelector: .panel.panel-default.text-center.footerPanel .btn,.btn.btn-primary.btnControls' in '10' second(s)

2021-10-21 14:09:02 - [MESSAGE][INFO] - Smart Wait Function is triggered

2021-10-21 14:09:02 - [MESSAGE][INFO] - Found 10 web elements with id: 'Object Repository/Butonlar/Butonlar' located by 'By.cssSelector: .panel.panel-default.text-center.footerPanel .btn,.btn.btn-primary.btnControls' in '10' second(s)

2021-10-21 14:09:02 - [MESSAGE][PASSED] - Method.TextDegerineEsitElementeTiklaEquals is PASSED

2021-10-21 14:09:02 - [MESSAGE][PASSED] - Call Test Case 'Test Cases/Butonlar/ButonaTikla' successfully

2021-10-21 14:09:02 - [MESSAGE][INFO] - Checking called Test Case

2021-10-21 14:09:02 - [MESSAGE][INFO] - Starting to call Test Case 'Test Cases/Olusturma/Genel/GorselTasarimSayfasıBasligiIceriyorMu'

2021-10-21 14:09:02 - [TEST_CASE][PASSED] - Test Cases/Olusturma/Genel/GorselTasarimSayfasıBasligiIceriyorMu: Test Cases/Olusturma/Genel/GorselTasarimSayfasıBasligiIceriyorMu

2021-10-21 14:09:02 - [TEST_STEP][PASSED] - verifyElementText(findTestObject("Object Repository/Olusturma/Genel/GorselTasarimBaslik"), Baslik): Actual text and expected text of test object 'Object Repository/Olusturma/Genel/GorselTasarimBaslik' are matched.

2021-10-21 14:09:02 - [MESSAGE][INFO] - Finding Test Object 'Object Repository/Olusturma/Genel/GorselTasarimBaslik'

2021-10-21 14:09:02 - [MESSAGE][INFO] - Checking object

2021-10-21 14:09:02 - [MESSAGE][INFO] - Finding web element from Test Object's properties

2021-10-21 14:09:02 - [MESSAGE][INFO] - Checking timeout

2021-10-21 14:09:02 - [MESSAGE][INFO] - Finding web element with id: 'Object Repository/Olusturma/Genel/GorselTasarimBaslik' located by 'By.cssSelector: #flAlici_0>div>span' in '30' second(s)

2021-10-21 14:09:02 - [MESSAGE][INFO] - Smart Wait Function is triggered

2021-10-21 14:09:08 - [MESSAGE][INFO] - Found 1 web elements with id: 'Object Repository/Olusturma/Genel/GorselTasarimBaslik' located by 'By.cssSelector: #flAlici_0>div>span' in '30' second(s)

2021-10-21 14:09:08 - [MESSAGE][PASSED] - Actual text and expected text of test object 'Object Repository/Olusturma/Genel/GorselTasarimBaslik' are matched.

2021-10-21 14:09:08 - [MESSAGE][PASSED] - Call Test Case 'Test Cases/Olusturma/Genel/GorselTasarimSayfasıBasligiIceriyorMu' successfully

2021-10-21 14:09:08 - [MESSAGE][INFO] - Checking called Test Case

2021-10-21 14:09:08 - [MESSAGE][INFO] - Starting to call Test Case 'Test Cases/Olusturma/Genel/AliciSecilir'

2021-10-21 14:09:08 - [TEST_CASE][PASSED] - Test Cases/Olusturma/Genel/AliciSecilir: Test Cases/Olusturma/Genel/AliciSecilir

2021-10-21 14:09:08 - [TEST_STEP][PASSED] - click(findTestObject("Olusturma/Genel/AliciBilgisi/Alici_Ara")): Object: 'Object Repository/Olusturma/Genel/AliciBilgisi/Alici_Ara' is clicked on

2021-10-21 14:09:08 - [MESSAGE][INFO] - Finding Test Object 'Object Repository/Olusturma/Genel/AliciBilgisi/Alici_Ara'

2021-10-21 14:09:08 - [MESSAGE][INFO] - Checking object

2021-10-21 14:09:08 - [MESSAGE][INFO] - Finding web element from Test Object's properties

2021-10-21 14:09:08 - [MESSAGE][INFO] - Checking timeout

2021-10-21 14:09:08 - [MESSAGE][INFO] - Finding web element with id: 'Object Repository/Olusturma/Genel/AliciBilgisi/Alici_Ara' located by 'By.xpath: //td[@id='txtCustomerText_B-1']' in '30' second(s)

2021-10-21 14:09:08 - [MESSAGE][INFO] - Smart Wait Function is triggered

2021-10-21 14:09:08 - [MESSAGE][INFO] - Found 1 web elements with id: 'Object Repository/Olusturma/Genel/AliciBilgisi/Alici_Ara' located by 'By.xpath: //td[@id='txtCustomerText_B-1']' in '30' second(s)

2021-10-21 14:09:08 - [MESSAGE][INFO] - Clicking on object: 'Object Repository/Olusturma/Genel/AliciBilgisi/Alici_Ara'

2021-10-21 14:09:08 - [MESSAGE][PASSED] - Object: 'Object Repository/Olusturma/Genel/AliciBilgisi/Alici_Ara' is clicked on

2021-10-21 14:09:08 - [TEST_STEP][PASSED] - click(findTestObject("Olusturma/Genel/AliciBilgisi/Alici_Bilgisi")): Object: 'Object Repository/Olusturma/Genel/AliciBilgisi/Alici_Bilgisi' is clicked on

2021-10-21 14:09:08 - [MESSAGE][INFO] - Finding Test Object 'Object Repository/Olusturma/Genel/AliciBilgisi/Alici_Bilgisi'

2021-10-21 14:09:08 - [MESSAGE][INFO] - Checking object

2021-10-21 14:09:08 - [MESSAGE][INFO] - Finding web element from Test Object's properties

2021-10-21 14:09:08 - [MESSAGE][INFO] - Checking timeout

2021-10-21 14:09:08 - [MESSAGE][INFO] - Finding web element with id: 'Object Repository/Olusturma/Genel/AliciBilgisi/Alici_Bilgisi' located by 'By.xpath: //iframe[@id='customerselectiframe']' in '30' second(s)

2021-10-21 14:09:08 - [MESSAGE][INFO] - Smart Wait Function is triggered

2021-10-21 14:09:09 - [MESSAGE][INFO] - Found 1 web elements with id: 'Object Repository/Olusturma/Genel/AliciBilgisi/Alici_Bilgisi' located by 'By.xpath: //iframe[@id='customerselectiframe']' in '30' second(s)

2021-10-21 14:09:09 - [MESSAGE][INFO] - Clicking on object: 'Object Repository/Olusturma/Genel/AliciBilgisi/Alici_Bilgisi'

2021-10-21 14:09:09 - [MESSAGE][PASSED] - Object: 'Object Repository/Olusturma/Genel/AliciBilgisi/Alici_Bilgisi' is clicked on

2021-10-21 14:09:09 - [TEST_STEP][PASSED] - setText(findTestObject("Olusturma/Genel/AliciBilgisi/Alici_Gir"), Alici_Adi): Switching to default content

2021-10-21 14:09:09 - [MESSAGE][INFO] - Finding Test Object 'Object Repository/Olusturma/Genel/AliciBilgisi/Alici_Gir'

2021-10-21 14:09:09 - [MESSAGE][INFO] - Finding Test Object 'Object Repository/Olusturma/Genel/AliciBilgisi/Alici_Bilgisi'

2021-10-21 14:09:09 - [MESSAGE][INFO] - Checking object

2021-10-21 14:09:09 - [MESSAGE][INFO] - Checking text

2021-10-21 14:09:09 - [MESSAGE][INFO] - Object: 'Object Repository/Olusturma/Genel/AliciBilgisi/Alici_Gir' has parent object(s)

2021-10-21 14:09:09 - [MESSAGE][INFO] - Switching to iframe: 'Object Repository/Olusturma/Genel/AliciBilgisi/Alici_Bilgisi'

2021-10-21 14:09:09 - [MESSAGE][INFO] - Finding web element from Test Object's properties

2021-10-21 14:09:09 - [MESSAGE][INFO] - Checking timeout

2021-10-21 14:09:09 - [MESSAGE][INFO] - Finding web element with id: 'Object Repository/Olusturma/Genel/AliciBilgisi/Alici_Bilgisi' located by 'By.xpath: //iframe[@id='customerselectiframe']' in '30' second(s)

2021-10-21 14:09:09 - [MESSAGE][INFO] - Smart Wait Function is triggered

2021-10-21 14:09:09 - [MESSAGE][INFO] - Found 1 web elements with id: 'Object Repository/Olusturma/Genel/AliciBilgisi/Alici_Bilgisi' located by 'By.xpath: //iframe[@id='customerselectiframe']' in '30' second(s)

2021-10-21 14:09:09 - [MESSAGE][INFO] - Switched to iframe: 'Object Repository/Olusturma/Genel/AliciBilgisi/Alici_Bilgisi'

2021-10-21 14:09:09 - [MESSAGE][INFO] - Finding web element from Test Object's properties

2021-10-21 14:09:09 - [MESSAGE][INFO] - Checking timeout

2021-10-21 14:09:09 - [MESSAGE][INFO] - Finding web element with id: 'Object Repository/Olusturma/Genel/AliciBilgisi/Alici_Gir' located by 'By.xpath: //input[@id='GridViewCustomer_DXFREditorcol1_I']' in '30' second(s)

2021-10-21 14:09:09 - [MESSAGE][INFO] - Smart Wait Function is triggered

2021-10-21 14:09:09 - [MESSAGE][INFO] - Found 1 web elements with id: 'Object Repository/Olusturma/Genel/AliciBilgisi/Alici_Gir' located by 'By.xpath: //input[@id='GridViewCustomer_DXFREditorcol1_I']' in '30' second(s)

2021-10-21 14:09:09 - [MESSAGE][INFO] - Clearing text of object 'Object Repository/Olusturma/Genel/AliciBilgisi/Alici_Gir'

2021-10-21 14:09:09 - [MESSAGE][INFO] - Finding web element from Test Object's properties

2021-10-21 14:09:09 - [MESSAGE][INFO] - Checking timeout

2021-10-21 14:09:09 - [MESSAGE][INFO] - Finding web element with id: 'Object Repository/Olusturma/Genel/AliciBilgisi/Alici_Gir' located by 'By.xpath: //input[@id='GridViewCustomer_DXFREditorcol1_I']' in '30' second(s)

2021-10-21 14:09:09 - [MESSAGE][INFO] - Smart Wait Function is triggered

2021-10-21 14:09:09 - [MESSAGE][INFO] - Found 1 web elements with id: 'Object Repository/Olusturma/Genel/AliciBilgisi/Alici_Gir' located by 'By.xpath: //input[@id='GridViewCustomer_DXFREditorcol1_I']' in '30' second(s)

2021-10-21 14:09:09 - [MESSAGE][INFO] - Setting text of object 'Object Repository/Olusturma/Genel/AliciBilgisi/Alici_Gir' to value 'UC0002'

2021-10-21 14:09:10 - [MESSAGE][PASSED] - Text 'UC0002' is set on object 'Object Repository/Olusturma/Genel/AliciBilgisi/Alici_Gir'

2021-10-21 14:09:10 - [MESSAGE][INFO] - Switching to default content

2021-10-21 14:09:10 - [TEST_STEP][PASSED] - waitForElementClickable(findTestObject("Olusturma/Genel/AliciBilgisi/Alici_Adi"), 10): Switching to default content

2021-10-21 14:09:10 - [MESSAGE][INFO] - Finding Test Object 'Object Repository/Olusturma/Genel/AliciBilgisi/Alici_Adi'

2021-10-21 14:09:10 - [MESSAGE][INFO] - Finding Test Object 'Object Repository/Olusturma/Genel/AliciBilgisi/iframe_Alc Bilgisi_customerselectiframe'

2021-10-21 14:09:10 - [MESSAGE][INFO] - Checking object

2021-10-21 14:09:10 - [MESSAGE][INFO] - Checking timeout

2021-10-21 14:09:10 - [MESSAGE][INFO] - Object: 'Object Repository/Olusturma/Genel/AliciBilgisi/Alici_Adi' has parent object(s)

2021-10-21 14:09:10 - [MESSAGE][INFO] - Switching to iframe: 'Object Repository/Olusturma/Genel/AliciBilgisi/iframe_Alc Bilgisi_customerselectiframe'

2021-10-21 14:09:10 - [MESSAGE][INFO] - Finding web element from Test Object's properties

2021-10-21 14:09:10 - [MESSAGE][INFO] - Checking timeout

2021-10-21 14:09:10 - [MESSAGE][INFO] - Finding web element with id: 'Object Repository/Olusturma/Genel/AliciBilgisi/iframe_Alc Bilgisi_customerselectiframe' located by 'By.xpath: //iframe[@id='customerselectiframe']' in '10' second(s)

2021-10-21 14:09:10 - [MESSAGE][INFO] - Smart Wait Function is triggered

2021-10-21 14:09:10 - [MESSAGE][INFO] - Found 1 web elements with id: 'Object Repository/Olusturma/Genel/AliciBilgisi/iframe_Alc Bilgisi_customerselectiframe' located by 'By.xpath: //iframe[@id='customerselectiframe']' in '10' second(s)

2021-10-21 14:09:10 - [MESSAGE][INFO] - Switched to iframe: 'Object Repository/Olusturma/Genel/AliciBilgisi/iframe_Alc Bilgisi_customerselectiframe'

2021-10-21 14:09:10 - [MESSAGE][INFO] - Finding web element from Test Object's properties

2021-10-21 14:09:10 - [MESSAGE][INFO] - Checking timeout

2021-10-21 14:09:10 - [MESSAGE][INFO] - Finding web element with id: 'Object Repository/Olusturma/Genel/AliciBilgisi/Alici_Adi' located by 'By.xpath: //tr[@id='GridViewCustomer_DXDataRow0']/td[2]' in '10' second(s)

2021-10-21 14:09:10 - [MESSAGE][INFO] - Smart Wait Function is triggered

2021-10-21 14:09:10 - [MESSAGE][INFO] - Found 1 web elements with id: 'Object Repository/Olusturma/Genel/AliciBilgisi/Alici_Adi' located by 'By.xpath: //tr[@id='GridViewCustomer_DXDataRow0']/td[2]' in '10' second(s)

2021-10-21 14:09:10 - [MESSAGE][PASSED] - Object 'Object Repository/Olusturma/Genel/AliciBilgisi/Alici_Adi' is clickable

2021-10-21 14:09:10 - [MESSAGE][INFO] - Switching to default content

2021-10-21 14:09:10 - [TEST_STEP][PASSED] - click(findTestObject("Olusturma/Genel/AliciBilgisi/frame")): Switching to default content

2021-10-21 14:09:10 - [MESSAGE][INFO] - Finding Test Object 'Object Repository/Olusturma/Genel/AliciBilgisi/frame'

2021-10-21 14:09:10 - [MESSAGE][INFO] - Finding Test Object 'Object Repository/Olusturma/Genel/AliciBilgisi/iframe_Alc Bilgisi_customerselectiframe'

2021-10-21 14:09:10 - [MESSAGE][INFO] - Checking object

2021-10-21 14:09:10 - [MESSAGE][INFO] - Object: 'Object Repository/Olusturma/Genel/AliciBilgisi/frame' has parent object(s)

2021-10-21 14:09:10 - [MESSAGE][INFO] - Switching to iframe: 'Object Repository/Olusturma/Genel/AliciBilgisi/iframe_Alc Bilgisi_customerselectiframe'

2021-10-21 14:09:10 - [MESSAGE][INFO] - Finding web element from Test Object's properties

2021-10-21 14:09:10 - [MESSAGE][INFO] - Checking timeout

2021-10-21 14:09:10 - [MESSAGE][INFO] - Finding web element with id: 'Object Repository/Olusturma/Genel/AliciBilgisi/iframe_Alc Bilgisi_customerselectiframe' located by 'By.xpath: //iframe[@id='customerselectiframe']' in '30' second(s)

2021-10-21 14:09:10 - [MESSAGE][INFO] - Smart Wait Function is triggered

2021-10-21 14:09:11 - [MESSAGE][INFO] - Found 1 web elements with id: 'Object Repository/Olusturma/Genel/AliciBilgisi/iframe_Alc Bilgisi_customerselectiframe' located by 'By.xpath: //iframe[@id='customerselectiframe']' in '30' second(s)

2021-10-21 14:09:11 - [MESSAGE][INFO] - Switched to iframe: 'Object Repository/Olusturma/Genel/AliciBilgisi/iframe_Alc Bilgisi_customerselectiframe'

2021-10-21 14:09:11 - [MESSAGE][INFO] - Finding web element from Test Object's properties

2021-10-21 14:09:11 - [MESSAGE][INFO] - Checking timeout

2021-10-21 14:09:11 - [MESSAGE][INFO] - Finding web element with id: 'Object Repository/Olusturma/Genel/AliciBilgisi/frame' located by 'By.xpath: //*/text()[normalize-space(.)='']/parent::*' in '30' second(s)

2021-10-21 14:09:11 - [MESSAGE][INFO] - Smart Wait Function is triggered

2021-10-21 14:09:11 - [MESSAGE][INFO] - Found 65 web elements with id: 'Object Repository/Olusturma/Genel/AliciBilgisi/frame' located by 'By.xpath: //*/text()[normalize-space(.)='']/parent::*' in '30' second(s)

2021-10-21 14:09:11 - [MESSAGE][INFO] - Clicking on object: 'Object Repository/Olusturma/Genel/AliciBilgisi/frame'

2021-10-21 14:09:11 - [MESSAGE][PASSED] - Object: 'Object Repository/Olusturma/Genel/AliciBilgisi/frame' is clicked on

2021-10-21 14:09:11 - [MESSAGE][INFO] - Switching to default content

2021-10-21 14:09:11 - [TEST_STEP][PASSED] - click(findTestObject("Olusturma/Genel/AliciBilgisi/Alici_Adi")): Switching to default content

2021-10-21 14:09:11 - [MESSAGE][INFO] - Finding Test Object 'Object Repository/Olusturma/Genel/AliciBilgisi/Alici_Adi'

2021-10-21 14:09:11 - [MESSAGE][INFO] - Finding Test Object 'Object Repository/Olusturma/Genel/AliciBilgisi/iframe_Alc Bilgisi_customerselectiframe'

2021-10-21 14:09:11 - [MESSAGE][INFO] - Checking object

2021-10-21 14:09:11 - [MESSAGE][INFO] - Object: 'Object Repository/Olusturma/Genel/AliciBilgisi/Alici_Adi' has parent object(s)

2021-10-21 14:09:11 - [MESSAGE][INFO] - Switching to iframe: 'Object Repository/Olusturma/Genel/AliciBilgisi/iframe_Alc Bilgisi_customerselectiframe'

2021-10-21 14:09:11 - [MESSAGE][INFO] - Finding web element from Test Object's properties

2021-10-21 14:09:11 - [MESSAGE][INFO] - Checking timeout

2021-10-21 14:09:11 - [MESSAGE][INFO] - Finding web element with id: 'Object Repository/Olusturma/Genel/AliciBilgisi/iframe_Alc Bilgisi_customerselectiframe' located by 'By.xpath: //iframe[@id='customerselectiframe']' in '30' second(s)

2021-10-21 14:09:11 - [MESSAGE][INFO] - Smart Wait Function is triggered

2021-10-21 14:09:11 - [MESSAGE][INFO] - Found 1 web elements with id: 'Object Repository/Olusturma/Genel/AliciBilgisi/iframe_Alc Bilgisi_customerselectiframe' located by 'By.xpath: //iframe[@id='customerselectiframe']' in '30' second(s)

2021-10-21 14:09:11 - [MESSAGE][INFO] - Switched to iframe: 'Object Repository/Olusturma/Genel/AliciBilgisi/iframe_Alc Bilgisi_customerselectiframe'

2021-10-21 14:09:11 - [MESSAGE][INFO] - Finding web element from Test Object's properties

2021-10-21 14:09:11 - [MESSAGE][INFO] - Checking timeout

2021-10-21 14:09:11 - [MESSAGE][INFO] - Finding web element with id: 'Object Repository/Olusturma/Genel/AliciBilgisi/Alici_Adi' located by 'By.xpath: //tr[@id='GridViewCustomer_DXDataRow0']/td[2]' in '30' second(s)

2021-10-21 14:09:11 - [MESSAGE][INFO] - Smart Wait Function is triggered

2021-10-21 14:09:11 - [MESSAGE][INFO] - Found 1 web elements with id: 'Object Repository/Olusturma/Genel/AliciBilgisi/Alici_Adi' located by 'By.xpath: //tr[@id='GridViewCustomer_DXDataRow0']/td[2]' in '30' second(s)

2021-10-21 14:09:11 - [MESSAGE][INFO] - Clicking on object: 'Object Repository/Olusturma/Genel/AliciBilgisi/Alici_Adi'

2021-10-21 14:09:11 - [MESSAGE][PASSED] - Object: 'Object Repository/Olusturma/Genel/AliciBilgisi/Alici_Adi' is clicked on

2021-10-21 14:09:11 - [MESSAGE][INFO] - Switching to default content

2021-10-21 14:09:11 - [TEST_STEP][PASSED] - click(findTestObject("Olusturma/Genel/AliciBilgisi/Tamam_Bosluk")): Switching to default content

2021-10-21 14:09:11 - [MESSAGE][INFO] - Finding Test Object 'Object Repository/Olusturma/Genel/AliciBilgisi/Tamam_Bosluk'

2021-10-21 14:09:12 - [MESSAGE][INFO] - Finding Test Object 'Object Repository/Olusturma/Genel/AliciBilgisi/Alici_Bilgisi'

2021-10-21 14:09:12 - [MESSAGE][INFO] - Checking object

2021-10-21 14:09:12 - [MESSAGE][INFO] - Object: 'Object Repository/Olusturma/Genel/AliciBilgisi/Tamam_Bosluk' has parent object(s)

2021-10-21 14:09:12 - [MESSAGE][INFO] - Switching to iframe: 'Object Repository/Olusturma/Genel/AliciBilgisi/Alici_Bilgisi'

2021-10-21 14:09:12 - [MESSAGE][INFO] - Finding web element from Test Object's properties

2021-10-21 14:09:12 - [MESSAGE][INFO] - Checking timeout

2021-10-21 14:09:12 - [MESSAGE][INFO] - Finding web element with id: 'Object Repository/Olusturma/Genel/AliciBilgisi/Alici_Bilgisi' located by 'By.xpath: //iframe[@id='customerselectiframe']' in '30' second(s)

2021-10-21 14:09:12 - [MESSAGE][INFO] - Smart Wait Function is triggered

2021-10-21 14:09:12 - [MESSAGE][INFO] - Found 1 web elements with id: 'Object Repository/Olusturma/Genel/AliciBilgisi/Alici_Bilgisi' located by 'By.xpath: //iframe[@id='customerselectiframe']' in '30' second(s)

2021-10-21 14:09:12 - [MESSAGE][INFO] - Switched to iframe: 'Object Repository/Olusturma/Genel/AliciBilgisi/Alici_Bilgisi'

2021-10-21 14:09:12 - [MESSAGE][INFO] - Finding web element from Test Object's properties

2021-10-21 14:09:12 - [MESSAGE][INFO] - Checking timeout

2021-10-21 14:09:12 - [MESSAGE][INFO] - Finding web element with id: 'Object Repository/Olusturma/Genel/AliciBilgisi/Tamam_Bosluk' located by 'By.xpath: (.//*[normalize-space(text()) and normalize-space(.)='Sayfa Boyutu:'])[1]/following::div[7]' in '30' second(s)

2021-10-21 14:09:12 - [MESSAGE][INFO] - Smart Wait Function is triggered

2021-10-21 14:09:12 - [MESSAGE][INFO] - Found 1 web elements with id: 'Object Repository/Olusturma/Genel/AliciBilgisi/Tamam_Bosluk' located by 'By.xpath: (.//*[normalize-space(text()) and normalize-space(.)='Sayfa Boyutu:'])[1]/following::div[7]' in '30' second(s)

2021-10-21 14:09:12 - [MESSAGE][INFO] - Clicking on object: 'Object Repository/Olusturma/Genel/AliciBilgisi/Tamam_Bosluk'

2021-10-21 14:09:12 - [MESSAGE][PASSED] - Object: 'Object Repository/Olusturma/Genel/AliciBilgisi/Tamam_Bosluk' is clicked on

2021-10-21 14:09:12 - [MESSAGE][INFO] - Switching to default content

2021-10-21 14:09:12 - [TEST_STEP][PASSED] - waitForElementClickable(findTestObject("Olusturma/Genel/AliciBilgisi/Tamam_Butonu"), 10): Switching to default content

2021-10-21 14:09:12 - [MESSAGE][INFO] - Finding Test Object 'Object Repository/Olusturma/Genel/AliciBilgisi/Tamam_Butonu'

2021-10-21 14:09:12 - [MESSAGE][INFO] - Finding Test Object 'Object Repository/Olusturma/Genel/AliciBilgisi/Alici_Bilgisi'

2021-10-21 14:09:12 - [MESSAGE][INFO] - Checking object

2021-10-21 14:09:12 - [MESSAGE][INFO] - Checking timeout

2021-10-21 14:09:12 - [MESSAGE][INFO] - Object: 'Object Repository/Olusturma/Genel/AliciBilgisi/Tamam_Butonu' has parent object(s)

2021-10-21 14:09:12 - [MESSAGE][INFO] - Switching to iframe: 'Object Repository/Olusturma/Genel/AliciBilgisi/Alici_Bilgisi'

2021-10-21 14:09:12 - [MESSAGE][INFO] - Finding web element from Test Object's properties

2021-10-21 14:09:12 - [MESSAGE][INFO] - Checking timeout

2021-10-21 14:09:12 - [MESSAGE][INFO] - Finding web element with id: 'Object Repository/Olusturma/Genel/AliciBilgisi/Alici_Bilgisi' located by 'By.xpath: //iframe[@id='customerselectiframe']' in '10' second(s)

2021-10-21 14:09:12 - [MESSAGE][INFO] - Smart Wait Function is triggered

2021-10-21 14:09:13 - [MESSAGE][INFO] - Found 1 web elements with id: 'Object Repository/Olusturma/Genel/AliciBilgisi/Alici_Bilgisi' located by 'By.xpath: //iframe[@id='customerselectiframe']' in '10' second(s)

2021-10-21 14:09:13 - [MESSAGE][INFO] - Switched to iframe: 'Object Repository/Olusturma/Genel/AliciBilgisi/Alici_Bilgisi'

2021-10-21 14:09:13 - [MESSAGE][INFO] - Finding web element from Test Object's properties

2021-10-21 14:09:13 - [MESSAGE][INFO] - Checking timeout

2021-10-21 14:09:13 - [MESSAGE][INFO] - Finding web element with id: 'Object Repository/Olusturma/Genel/AliciBilgisi/Tamam_Butonu' located by 'By.xpath: //div[@id='btnSelectCustomer_CD']/span' in '10' second(s)

2021-10-21 14:09:13 - [MESSAGE][INFO] - Smart Wait Function is triggered

2021-10-21 14:09:13 - [MESSAGE][INFO] - Found 1 web elements with id: 'Object Repository/Olusturma/Genel/AliciBilgisi/Tamam_Butonu' located by 'By.xpath: //div[@id='btnSelectCustomer_CD']/span' in '10' second(s)

2021-10-21 14:09:13 - [MESSAGE][PASSED] - Object 'Object Repository/Olusturma/Genel/AliciBilgisi/Tamam_Butonu' is clickable

2021-10-21 14:09:13 - [MESSAGE][INFO] - Switching to default content

2021-10-21 14:09:13 - [TEST_STEP][PASSED] - click(findTestObject("Olusturma/Genel/AliciBilgisi/Tamam_Butonu")): Switching to default content

2021-10-21 14:09:13 - [MESSAGE][INFO] - Finding Test Object 'Object Repository/Olusturma/Genel/AliciBilgisi/Tamam_Butonu'

2021-10-21 14:09:13 - [MESSAGE][INFO] - Finding Test Object 'Object Repository/Olusturma/Genel/AliciBilgisi/Alici_Bilgisi'

2021-10-21 14:09:13 - [MESSAGE][INFO] - Checking object

2021-10-21 14:09:13 - [MESSAGE][INFO] - Object: 'Object Repository/Olusturma/Genel/AliciBilgisi/Tamam_Butonu' has parent object(s)

2021-10-21 14:09:13 - [MESSAGE][INFO] - Switching to iframe: 'Object Repository/Olusturma/Genel/AliciBilgisi/Alici_Bilgisi'

2021-10-21 14:09:13 - [MESSAGE][INFO] - Finding web element from Test Object's properties

2021-10-21 14:09:13 - [MESSAGE][INFO] - Checking timeout

2021-10-21 14:09:13 - [MESSAGE][INFO] - Finding web element with id: 'Object Repository/Olusturma/Genel/AliciBilgisi/Alici_Bilgisi' located by 'By.xpath: //iframe[@id='customerselectiframe']' in '30' second(s)

2021-10-21 14:09:13 - [MESSAGE][INFO] - Smart Wait Function is triggered

2021-10-21 14:09:13 - [MESSAGE][INFO] - Found 1 web elements with id: 'Object Repository/Olusturma/Genel/AliciBilgisi/Alici_Bilgisi' located by 'By.xpath: //iframe[@id='customerselectiframe']' in '30' second(s)

2021-10-21 14:09:13 - [MESSAGE][INFO] - Switched to iframe: 'Object Repository/Olusturma/Genel/AliciBilgisi/Alici_Bilgisi'

2021-10-21 14:09:13 - [MESSAGE][INFO] - Finding web element from Test Object's properties

2021-10-21 14:09:13 - [MESSAGE][INFO] - Checking timeout

2021-10-21 14:09:13 - [MESSAGE][INFO] - Finding web element with id: 'Object Repository/Olusturma/Genel/AliciBilgisi/Tamam_Butonu' located by 'By.xpath: //div[@id='btnSelectCustomer_CD']/span' in '30' second(s)

2021-10-21 14:09:13 - [MESSAGE][INFO] - Smart Wait Function is triggered

2021-10-21 14:09:13 - [MESSAGE][INFO] - Found 1 web elements with id: 'Object Repository/Olusturma/Genel/AliciBilgisi/Tamam_Butonu' located by 'By.xpath: //div[@id='btnSelectCustomer_CD']/span' in '30' second(s)

2021-10-21 14:09:13 - [MESSAGE][INFO] - Clicking on object: 'Object Repository/Olusturma/Genel/AliciBilgisi/Tamam_Butonu'

2021-10-21 14:09:13 - [MESSAGE][PASSED] - Object: 'Object Repository/Olusturma/Genel/AliciBilgisi/Tamam_Butonu' is clicked on

2021-10-21 14:09:13 - [MESSAGE][INFO] - Switching to default content

2021-10-21 14:09:13 - [TEST_STEP][PASSED] - waitForElementPresent(findTestObject("Olusturma/Genel/AliciBilgisi/VKN-TCKN"), 10): Object 'Object Repository/Olusturma/Genel/AliciBilgisi/VKN-TCKN' is present

2021-10-21 14:09:13 - [MESSAGE][INFO] - Finding Test Object 'Object Repository/Olusturma/Genel/AliciBilgisi/VKN-TCKN'

2021-10-21 14:09:13 - [MESSAGE][INFO] - Checking object

2021-10-21 14:09:13 - [MESSAGE][INFO] - Finding web element from Test Object's properties

2021-10-21 14:09:13 - [MESSAGE][INFO] - Checking timeout

2021-10-21 14:09:13 - [MESSAGE][INFO] - Finding web element with id: 'Object Repository/Olusturma/Genel/AliciBilgisi/VKN-TCKN' located by 'By.xpath: //*[@id = 'txtVknTckn_I']' in '10' second(s)

2021-10-21 14:09:13 - [MESSAGE][INFO] - Smart Wait Function is triggered

2021-10-21 14:09:14 - [MESSAGE][INFO] - Found 1 web elements with id: 'Object Repository/Olusturma/Genel/AliciBilgisi/VKN-TCKN' located by 'By.xpath: //*[@id = 'txtVknTckn_I']' in '10' second(s)

2021-10-21 14:09:14 - [MESSAGE][PASSED] - Object 'Object Repository/Olusturma/Genel/AliciBilgisi/VKN-TCKN' is present

2021-10-21 14:09:14 - [TEST_STEP][PASSED] - text = getAttribute(findTestObject("Olusturma/Genel/AliciBilgisi/VKN-TCKN"), "value"): Attribute 'value' of object 'Object Repository/Olusturma/Genel/AliciBilgisi/VKN-TCKN' is: '5325240898'

2021-10-21 14:09:14 - [MESSAGE][INFO] - Finding Test Object 'Object Repository/Olusturma/Genel/AliciBilgisi/VKN-TCKN'

2021-10-21 14:09:14 - [MESSAGE][INFO] - Checking object

2021-10-21 14:09:14 - [MESSAGE][INFO] - Checking attribute

2021-10-21 14:09:14 - [MESSAGE][INFO] - Finding web element from Test Object's properties

2021-10-21 14:09:14 - [MESSAGE][INFO] - Checking timeout

2021-10-21 14:09:14 - [MESSAGE][INFO] - Finding web element with id: 'Object Repository/Olusturma/Genel/AliciBilgisi/VKN-TCKN' located by 'By.xpath: //*[@id = 'txtVknTckn_I']' in '30' second(s)

2021-10-21 14:09:14 - [MESSAGE][INFO] - Smart Wait Function is triggered

2021-10-21 14:09:14 - [MESSAGE][INFO] - Found 1 web elements with id: 'Object Repository/Olusturma/Genel/AliciBilgisi/VKN-TCKN' located by 'By.xpath: //*[@id = 'txtVknTckn_I']' in '30' second(s)

2021-10-21 14:09:14 - [MESSAGE][INFO] - Getting attribute 'value' of object 'Object Repository/Olusturma/Genel/AliciBilgisi/VKN-TCKN'

2021-10-21 14:09:14 - [MESSAGE][PASSED] - Attribute 'value' of object 'Object Repository/Olusturma/Genel/AliciBilgisi/VKN-TCKN' is: '5325240898'

2021-10-21 14:09:14 - [TEST_STEP][PASSED] - if (text.equals("")): null

2021-10-21 14:09:14 - [MESSAGE][PASSED] - Call Test Case 'Test Cases/Olusturma/Genel/AliciSecilir' successfully

2021-10-21 14:09:14 - [MESSAGE][INFO] - Checking called Test Case

2021-10-21 14:09:14 - [MESSAGE][INFO] - Starting to call Test Case 'Test Cases/Olusturma/Genel/GonderimSekliSecilir'

2021-10-21 14:09:14 - [TEST_CASE][PASSED] - Test Cases/Olusturma/Genel/GonderimSekliSecilir: Test Cases/Olusturma/Genel/GonderimSekliSecilir

2021-10-21 14:09:14 - [TEST_STEP][PASSED] - waitForElementClickable(findTestObject("Object Repository/Olusturma/Genel/GonderimSekli/GonderimSekli"), 10): Object 'Object Repository/Olusturma/Genel/GonderimSekli/GonderimSekli' is clickable

2021-10-21 14:09:14 - [MESSAGE][INFO] - Finding Test Object 'Object Repository/Olusturma/Genel/GonderimSekli/GonderimSekli'

2021-10-21 14:09:14 - [MESSAGE][INFO] - Checking object

2021-10-21 14:09:14 - [MESSAGE][INFO] - Checking timeout

2021-10-21 14:09:14 - [MESSAGE][INFO] - Finding web element from Test Object's properties

2021-10-21 14:09:14 - [MESSAGE][INFO] - Checking timeout

2021-10-21 14:09:14 - [MESSAGE][INFO] - Finding web element with id: 'Object Repository/Olusturma/Genel/GonderimSekli/GonderimSekli' located by 'By.xpath: //*[@id = 'txtGonderimSekil_I']' in '10' second(s)

2021-10-21 14:09:14 - [MESSAGE][INFO] - Smart Wait Function is triggered

2021-10-21 14:09:15 - [MESSAGE][INFO] - Found 1 web elements with id: 'Object Repository/Olusturma/Genel/GonderimSekli/GonderimSekli' located by 'By.xpath: //*[@id = 'txtGonderimSekil_I']' in '10' second(s)

2021-10-21 14:09:15 - [MESSAGE][PASSED] - Object 'Object Repository/Olusturma/Genel/GonderimSekli/GonderimSekli' is clickable

2021-10-21 14:09:15 - [TEST_STEP][PASSED] - click(findTestObject("Object Repository/Olusturma/Genel/GonderimSekli/GonderimSekli")): Object: 'Object Repository/Olusturma/Genel/GonderimSekli/GonderimSekli' is clicked on

2021-10-21 14:09:15 - [MESSAGE][INFO] - Finding Test Object 'Object Repository/Olusturma/Genel/GonderimSekli/GonderimSekli'

2021-10-21 14:09:15 - [MESSAGE][INFO] - Checking object

2021-10-21 14:09:15 - [MESSAGE][INFO] - Finding web element from Test Object's properties

2021-10-21 14:09:15 - [MESSAGE][INFO] - Checking timeout

2021-10-21 14:09:15 - [MESSAGE][INFO] - Finding web element with id: 'Object Repository/Olusturma/Genel/GonderimSekli/GonderimSekli' located by 'By.xpath: //*[@id = 'txtGonderimSekil_I']' in '30' second(s)

2021-10-21 14:09:15 - [MESSAGE][INFO] - Smart Wait Function is triggered

2021-10-21 14:09:15 - [MESSAGE][INFO] - Found 1 web elements with id: 'Object Repository/Olusturma/Genel/GonderimSekli/GonderimSekli' located by 'By.xpath: //*[@id = 'txtGonderimSekil_I']' in '30' second(s)

2021-10-21 14:09:15 - [MESSAGE][INFO] - Clicking on object: 'Object Repository/Olusturma/Genel/GonderimSekli/GonderimSekli'

2021-10-21 14:09:15 - [MESSAGE][PASSED] - Object: 'Object Repository/Olusturma/Genel/GonderimSekli/GonderimSekli' is clicked on

2021-10-21 14:09:15 - [TEST_STEP][PASSED] - Method.TextDegerineEsitElementeTikla(findTestObject("Object Repository/Olusturma/Genel/GonderimSekli/GonderimSekliAdi"), GonderimSekli): Method.TextDegerineEsitElementeTikla is PASSED

2021-10-21 14:09:15 - [MESSAGE][INFO] - Finding Test Object 'Object Repository/Olusturma/Genel/GonderimSekli/GonderimSekliAdi'

2021-10-21 14:09:15 - [MESSAGE][INFO] - Checking timeout

2021-10-21 14:09:15 - [MESSAGE][INFO] - Finding web element with id: 'Object Repository/Olusturma/Genel/GonderimSekli/GonderimSekliAdi' located by 'By.cssSelector: #txtGonderimSekil_DDD_L_LBT td' in '10' second(s)

2021-10-21 14:09:15 - [MESSAGE][INFO] - Smart Wait Function is triggered

2021-10-21 14:09:16 - [MESSAGE][INFO] - Found 2 web elements with id: 'Object Repository/Olusturma/Genel/GonderimSekli/GonderimSekliAdi' located by 'By.cssSelector: #txtGonderimSekil_DDD_L_LBT td' in '10' second(s)

2021-10-21 14:09:16 - [MESSAGE][PASSED] - Method.TextDegerineEsitElementeTikla is PASSED

2021-10-21 14:09:16 - [MESSAGE][PASSED] - Call Test Case 'Test Cases/Olusturma/Genel/GonderimSekliSecilir' successfully

2021-10-21 14:09:16 - [MESSAGE][INFO] - Checking called Test Case

2021-10-21 14:09:16 - [MESSAGE][INFO] - Starting to call Test Case 'Test Cases/Olusturma/Genel/TipSecilir'

2021-10-21 14:09:16 - [TEST_CASE][PASSED] - Test Cases/Olusturma/Genel/TipSecilir: Test Cases/Olusturma/Genel/TipSecilir

2021-10-21 14:09:16 - [TEST_STEP][PASSED] - waitForElementClickable(findTestObject("Olusturma/Genel/TipSecilir/Tip"), 10): Object 'Object Repository/Olusturma/Genel/TipSecilir/Tip' is clickable

2021-10-21 14:09:16 - [MESSAGE][INFO] - Finding Test Object 'Object Repository/Olusturma/Genel/TipSecilir/Tip'

2021-10-21 14:09:16 - [MESSAGE][INFO] - Checking object

2021-10-21 14:09:16 - [MESSAGE][INFO] - Checking timeout

2021-10-21 14:09:16 - [MESSAGE][INFO] - Finding web element from Test Object's properties

2021-10-21 14:09:16 - [MESSAGE][INFO] - Checking timeout

2021-10-21 14:09:16 - [MESSAGE][INFO] - Finding web element with id: 'Object Repository/Olusturma/Genel/TipSecilir/Tip' located by 'By.xpath: //*[@id = 'DocumentTypeCode_I']' in '10' second(s)

2021-10-21 14:09:16 - [MESSAGE][INFO] - Smart Wait Function is triggered

2021-10-21 14:09:16 - [MESSAGE][INFO] - Found 1 web elements with id: 'Object Repository/Olusturma/Genel/TipSecilir/Tip' located by 'By.xpath: //*[@id = 'DocumentTypeCode_I']' in '10' second(s)

2021-10-21 14:09:16 - [MESSAGE][PASSED] - Object 'Object Repository/Olusturma/Genel/TipSecilir/Tip' is clickable

2021-10-21 14:09:16 - [TEST_STEP][PASSED] - click(findTestObject("Olusturma/Genel/TipSecilir/Tip")): Object: 'Object Repository/Olusturma/Genel/TipSecilir/Tip' is clicked on

2021-10-21 14:09:16 - [MESSAGE][INFO] - Finding Test Object 'Object Repository/Olusturma/Genel/TipSecilir/Tip'

2021-10-21 14:09:16 - [MESSAGE][INFO] - Checking object

2021-10-21 14:09:16 - [MESSAGE][INFO] - Finding web element from Test Object's properties

2021-10-21 14:09:16 - [MESSAGE][INFO] - Checking timeout

2021-10-21 14:09:16 - [MESSAGE][INFO] - Finding web element with id: 'Object Repository/Olusturma/Genel/TipSecilir/Tip' located by 'By.xpath: //*[@id = 'DocumentTypeCode_I']' in '30' second(s)

2021-10-21 14:09:16 - [MESSAGE][INFO] - Smart Wait Function is triggered

2021-10-21 14:09:17 - [MESSAGE][INFO] - Found 1 web elements with id: 'Object Repository/Olusturma/Genel/TipSecilir/Tip' located by 'By.xpath: //*[@id = 'DocumentTypeCode_I']' in '30' second(s)

2021-10-21 14:09:17 - [MESSAGE][INFO] - Clicking on object: 'Object Repository/Olusturma/Genel/TipSecilir/Tip'

2021-10-21 14:09:17 - [MESSAGE][PASSED] - Object: 'Object Repository/Olusturma/Genel/TipSecilir/Tip' is clicked on

2021-10-21 14:09:17 - [TEST_STEP][PASSED] - Method.TextDegerineEsitElementeTikla(findTestObject("Object Repository/Olusturma/Genel/TipSecilir/Tip_Adi"), Tip): Method.TextDegerineEsitElementeTikla is PASSED

2021-10-21 14:09:17 - [MESSAGE][INFO] - Finding Test Object 'Object Repository/Olusturma/Genel/TipSecilir/Tip_Adi'

2021-10-21 14:09:17 - [MESSAGE][INFO] - Checking timeout

2021-10-21 14:09:17 - [MESSAGE][INFO] - Finding web element with id: 'Object Repository/Olusturma/Genel/TipSecilir/Tip_Adi' located by 'By.cssSelector: #DocumentTypeCode_DDD_L_LBT td' in '10' second(s)

2021-10-21 14:09:17 - [MESSAGE][INFO] - Smart Wait Function is triggered

2021-10-21 14:09:17 - [MESSAGE][INFO] - Found 9 web elements with id: 'Object Repository/Olusturma/Genel/TipSecilir/Tip_Adi' located by 'By.cssSelector: #DocumentTypeCode_DDD_L_LBT td' in '10' second(s)

2021-10-21 14:09:18 - [MESSAGE][PASSED] - Method.TextDegerineEsitElementeTikla is PASSED

2021-10-21 14:09:18 - [MESSAGE][PASSED] - Call Test Case 'Test Cases/Olusturma/Genel/TipSecilir' successfully

2021-10-21 14:09:18 - [MESSAGE][INFO] - Checking called Test Case

2021-10-21 14:09:18 - [MESSAGE][INFO] - Starting to call Test Case 'Test Cases/Olusturma/Genel/DokumanParaBirimiSecilir'

2021-10-21 14:09:18 - [TEST_CASE][PASSED] - Test Cases/Olusturma/Genel/DokumanParaBirimiSecilir: Test Cases/Olusturma/Genel/DokumanParaBirimiSecilir

2021-10-21 14:09:18 - [TEST_STEP][PASSED] - waitForElementClickable(findTestObject("Object Repository/Olusturma/Genel/DokumanParaBirimiSecilir/Para"), 10): Object 'Object Repository/Olusturma/Genel/DokumanParaBirimiSecilir/Para' is clickable

2021-10-21 14:09:18 - [MESSAGE][INFO] - Finding Test Object 'Object Repository/Olusturma/Genel/DokumanParaBirimiSecilir/Para'

2021-10-21 14:09:18 - [MESSAGE][INFO] - Checking object

2021-10-21 14:09:18 - [MESSAGE][INFO] - Checking timeout

2021-10-21 14:09:18 - [MESSAGE][INFO] - Finding web element from Test Object's properties

2021-10-21 14:09:18 - [MESSAGE][INFO] - Checking timeout

2021-10-21 14:09:18 - [MESSAGE][INFO] - Finding web element with id: 'Object Repository/Olusturma/Genel/DokumanParaBirimiSecilir/Para' located by 'By.xpath: //*[@id = 'CurrencyUnit_I']' in '10' second(s)

2021-10-21 14:09:18 - [MESSAGE][INFO] - Smart Wait Function is triggered

2021-10-21 14:09:19 - [MESSAGE][INFO] - Found 1 web elements with id: 'Object Repository/Olusturma/Genel/DokumanParaBirimiSecilir/Para' located by 'By.xpath: //*[@id = 'CurrencyUnit_I']' in '10' second(s)

2021-10-21 14:09:19 - [MESSAGE][PASSED] - Object 'Object Repository/Olusturma/Genel/DokumanParaBirimiSecilir/Para' is clickable

2021-10-21 14:09:19 - [TEST_STEP][PASSED] - click(findTestObject("Object Repository/Olusturma/Genel/DokumanParaBirimiSecilir/Para")): Object: 'Object Repository/Olusturma/Genel/DokumanParaBirimiSecilir/Para' is clicked on

2021-10-21 14:09:19 - [MESSAGE][INFO] - Finding Test Object 'Object Repository/Olusturma/Genel/DokumanParaBirimiSecilir/Para'

2021-10-21 14:09:20 - [MESSAGE][INFO] - Checking object

2021-10-21 14:09:20 - [MESSAGE][INFO] - Finding web element from Test Object's properties

2021-10-21 14:09:20 - [MESSAGE][INFO] - Checking timeout

2021-10-21 14:09:20 - [MESSAGE][INFO] - Finding web element with id: 'Object Repository/Olusturma/Genel/DokumanParaBirimiSecilir/Para' located by 'By.xpath: //*[@id = 'CurrencyUnit_I']' in '30' second(s)

2021-10-21 14:09:20 - [MESSAGE][INFO] - Smart Wait Function is triggered

2021-10-21 14:09:20 - [MESSAGE][INFO] - Found 1 web elements with id: 'Object Repository/Olusturma/Genel/DokumanParaBirimiSecilir/Para' located by 'By.xpath: //*[@id = 'CurrencyUnit_I']' in '30' second(s)

2021-10-21 14:09:20 - [MESSAGE][INFO] - Clicking on object: 'Object Repository/Olusturma/Genel/DokumanParaBirimiSecilir/Para'

2021-10-21 14:09:20 - [MESSAGE][PASSED] - Object: 'Object Repository/Olusturma/Genel/DokumanParaBirimiSecilir/Para' is clicked on

2021-10-21 14:09:20 - [TEST_STEP][PASSED] - Method.TextDegerineEsitElementeTikla(findTestObject("Object Repository/Olusturma/Genel/DokumanParaBirimiSecilir/Para_Adi"), Para): Method.TextDegerineEsitElementeTikla is PASSED

2021-10-21 14:09:20 - [MESSAGE][INFO] - Finding Test Object 'Object Repository/Olusturma/Genel/DokumanParaBirimiSecilir/Para_Adi'

2021-10-21 14:09:20 - [MESSAGE][INFO] - Checking timeout

2021-10-21 14:09:20 - [MESSAGE][INFO] - Finding web element with id: 'Object Repository/Olusturma/Genel/DokumanParaBirimiSecilir/Para_Adi' located by 'By.cssSelector: #CurrencyUnit_DDD_L_LBT td' in '10' second(s)

2021-10-21 14:09:20 - [MESSAGE][INFO] - Smart Wait Function is triggered

2021-10-21 14:09:20 - [MESSAGE][INFO] - Found 203 web elements with id: 'Object Repository/Olusturma/Genel/DokumanParaBirimiSecilir/Para_Adi' located by 'By.cssSelector: #CurrencyUnit_DDD_L_LBT td' in '10' second(s)

2021-10-21 14:09:26 - [MESSAGE][PASSED] - Method.TextDegerineEsitElementeTikla is PASSED

2021-10-21 14:09:26 - [MESSAGE][PASSED] - Call Test Case 'Test Cases/Olusturma/Genel/DokumanParaBirimiSecilir' successfully

2021-10-21 14:09:26 - [MESSAGE][INFO] - Checking called Test Case

2021-10-21 14:09:26 - [MESSAGE][INFO] - Starting to call Test Case 'Test Cases/Olusturma/Genel/OnEkSecilir'

2021-10-21 14:09:26 - [TEST_CASE][PASSED] - Test Cases/Olusturma/Genel/OnEkSecilir: Test Cases/Olusturma/Genel/OnEkSecilir

2021-10-21 14:09:26 - [TEST_STEP][PASSED] - waitForElementClickable(findTestObject("Object Repository/Olusturma/Genel/OnEkSecilir/OnEk"), 10): Object 'Object Repository/Olusturma/Genel/OnEkSecilir/OnEk' is clickable

2021-10-21 14:09:26 - [MESSAGE][INFO] - Finding Test Object 'Object Repository/Olusturma/Genel/OnEkSecilir/OnEk'

2021-10-21 14:09:26 - [MESSAGE][INFO] - Checking object

2021-10-21 14:09:26 - [MESSAGE][INFO] - Checking timeout

2021-10-21 14:09:26 - [MESSAGE][INFO] - Finding web element from Test Object's properties

2021-10-21 14:09:26 - [MESSAGE][INFO] - Checking timeout

2021-10-21 14:09:26 - [MESSAGE][INFO] - Finding web element with id: 'Object Repository/Olusturma/Genel/OnEkSecilir/OnEk' located by 'By.xpath: //*[@id = 'InvoicePrefix_I']' in '10' second(s)

2021-10-21 14:09:26 - [MESSAGE][INFO] - Smart Wait Function is triggered

2021-10-21 14:09:26 - [MESSAGE][INFO] - Found 1 web elements with id: 'Object Repository/Olusturma/Genel/OnEkSecilir/OnEk' located by 'By.xpath: //*[@id = 'InvoicePrefix_I']' in '10' second(s)

2021-10-21 14:09:26 - [MESSAGE][PASSED] - Object 'Object Repository/Olusturma/Genel/OnEkSecilir/OnEk' is clickable

2021-10-21 14:09:26 - [TEST_STEP][PASSED] - click(findTestObject("Object Repository/Olusturma/Genel/OnEkSecilir/OnEk")): Object: 'Object Repository/Olusturma/Genel/OnEkSecilir/OnEk' is clicked on

2021-10-21 14:09:26 - [MESSAGE][INFO] - Finding Test Object 'Object Repository/Olusturma/Genel/OnEkSecilir/OnEk'

2021-10-21 14:09:26 - [MESSAGE][INFO] - Checking object

2021-10-21 14:09:26 - [MESSAGE][INFO] - Finding web element from Test Object's properties

2021-10-21 14:09:26 - [MESSAGE][INFO] - Checking timeout

2021-10-21 14:09:26 - [MESSAGE][INFO] - Finding web element with id: 'Object Repository/Olusturma/Genel/OnEkSecilir/OnEk' located by 'By.xpath: //*[@id = 'InvoicePrefix_I']' in '30' second(s)

2021-10-21 14:09:26 - [MESSAGE][INFO] - Smart Wait Function is triggered

2021-10-21 14:09:27 - [MESSAGE][INFO] - Found 1 web elements with id: 'Object Repository/Olusturma/Genel/OnEkSecilir/OnEk' located by 'By.xpath: //*[@id = 'InvoicePrefix_I']' in '30' second(s)

2021-10-21 14:09:27 - [MESSAGE][INFO] - Clicking on object: 'Object Repository/Olusturma/Genel/OnEkSecilir/OnEk'

2021-10-21 14:09:27 - [MESSAGE][PASSED] - Object: 'Object Repository/Olusturma/Genel/OnEkSecilir/OnEk' is clicked on

2021-10-21 14:09:27 - [TEST_STEP][PASSED] - Method.TextDegerineEsitElementeTiklaEquals(findTestObject("Object Repository/Olusturma/Genel/OnEkSecilir/OnEkAdi"), Ek): Method.TextDegerineEsitElementeTiklaEquals is PASSED

2021-10-21 14:09:27 - [MESSAGE][INFO] - Finding Test Object 'Object Repository/Olusturma/Genel/OnEkSecilir/OnEkAdi'

2021-10-21 14:09:27 - [MESSAGE][INFO] - Checking timeout

2021-10-21 14:09:27 - [MESSAGE][INFO] - Finding web element with id: 'Object Repository/Olusturma/Genel/OnEkSecilir/OnEkAdi' located by 'By.cssSelector: #InvoicePrefix_DDD_L_LBT td' in '10' second(s)

2021-10-21 14:09:27 - [MESSAGE][INFO] - Smart Wait Function is triggered

2021-10-21 14:09:27 - [MESSAGE][INFO] - Found 1 web elements with id: 'Object Repository/Olusturma/Genel/OnEkSecilir/OnEkAdi' located by 'By.cssSelector: #InvoicePrefix_DDD_L_LBT td' in '10' second(s)

2021-10-21 14:09:27 - [MESSAGE][PASSED] - Method.TextDegerineEsitElementeTiklaEquals is PASSED

2021-10-21 14:09:27 - [MESSAGE][PASSED] - Call Test Case 'Test Cases/Olusturma/Genel/OnEkSecilir' successfully

2021-10-21 14:09:27 - [MESSAGE][INFO] - Checking called Test Case

2021-10-21 14:09:27 - [MESSAGE][INFO] - Starting to call Test Case 'Test Cases/Olusturma/Genel/TasarimSecilir'

2021-10-21 14:09:27 - [TEST_CASE][PASSED] - Test Cases/Olusturma/Genel/TasarimSecilir: Test Cases/Olusturma/Genel/TasarimSecilir

2021-10-21 14:09:27 - [TEST_STEP][PASSED] - waitForElementClickable(findTestObject("Object Repository/Olusturma/Genel/TasarimSecilir/Tasarim"), 10): Object 'Object Repository/Olusturma/Genel/TasarimSecilir/Tasarim' is clickable

2021-10-21 14:09:27 - [MESSAGE][INFO] - Finding Test Object 'Object Repository/Olusturma/Genel/TasarimSecilir/Tasarim'

2021-10-21 14:09:27 - [MESSAGE][INFO] - Checking object

2021-10-21 14:09:27 - [MESSAGE][INFO] - Checking timeout

2021-10-21 14:09:27 - [MESSAGE][INFO] - Finding web element from Test Object's properties

2021-10-21 14:09:27 - [MESSAGE][INFO] - Checking timeout

2021-10-21 14:09:27 - [MESSAGE][INFO] - Finding web element with id: 'Object Repository/Olusturma/Genel/TasarimSecilir/Tasarim' located by 'By.xpath: //*[@id = 'DesignId_I']' in '10' second(s)

2021-10-21 14:09:27 - [MESSAGE][INFO] - Smart Wait Function is triggered

2021-10-21 14:09:28 - [MESSAGE][INFO] - Found 1 web elements with id: 'Object Repository/Olusturma/Genel/TasarimSecilir/Tasarim' located by 'By.xpath: //*[@id = 'DesignId_I']' in '10' second(s)

2021-10-21 14:09:28 - [MESSAGE][PASSED] - Object 'Object Repository/Olusturma/Genel/TasarimSecilir/Tasarim' is clickable

2021-10-21 14:09:28 - [TEST_STEP][PASSED] - click(findTestObject("Object Repository/Olusturma/Genel/TasarimSecilir/Tasarim")): Object: 'Object Repository/Olusturma/Genel/TasarimSecilir/Tasarim' is clicked on

2021-10-21 14:09:28 - [MESSAGE][INFO] - Finding Test Object 'Object Repository/Olusturma/Genel/TasarimSecilir/Tasarim'

2021-10-21 14:09:28 - [MESSAGE][INFO] - Checking object

2021-10-21 14:09:28 - [MESSAGE][INFO] - Finding web element from Test Object's properties

2021-10-21 14:09:28 - [MESSAGE][INFO] - Checking timeout

2021-10-21 14:09:28 - [MESSAGE][INFO] - Finding web element with id: 'Object Repository/Olusturma/Genel/TasarimSecilir/Tasarim' located by 'By.xpath: //*[@id = 'DesignId_I']' in '30' second(s)

2021-10-21 14:09:28 - [MESSAGE][INFO] - Smart Wait Function is triggered

2021-10-21 14:09:28 - [MESSAGE][INFO] - Found 1 web elements with id: 'Object Repository/Olusturma/Genel/TasarimSecilir/Tasarim' located by 'By.xpath: //*[@id = 'DesignId_I']' in '30' second(s)

2021-10-21 14:09:28 - [MESSAGE][INFO] - Clicking on object: 'Object Repository/Olusturma/Genel/TasarimSecilir/Tasarim'

2021-10-21 14:09:28 - [MESSAGE][PASSED] - Object: 'Object Repository/Olusturma/Genel/TasarimSecilir/Tasarim' is clicked on

2021-10-21 14:09:28 - [TEST_STEP][PASSED] - Method.TextDegerineEsitElementeTikla(findTestObject("Object Repository/Olusturma/Genel/TasarimSecilir/Tasarim_Adi"), Tasarim): Method.TextDegerineEsitElementeTikla is PASSED

2021-10-21 14:09:28 - [MESSAGE][INFO] - Finding Test Object 'Object Repository/Olusturma/Genel/TasarimSecilir/Tasarim_Adi'

2021-10-21 14:09:28 - [MESSAGE][INFO] - Checking timeout

2021-10-21 14:09:28 - [MESSAGE][INFO] - Finding web element with id: 'Object Repository/Olusturma/Genel/TasarimSecilir/Tasarim_Adi' located by 'By.cssSelector: #DesignId_DDD_L_LBT td' in '10' second(s)

2021-10-21 14:09:28 - [MESSAGE][INFO] - Smart Wait Function is triggered

2021-10-21 14:09:29 - [MESSAGE][INFO] - Found 1 web elements with id: 'Object Repository/Olusturma/Genel/TasarimSecilir/Tasarim_Adi' located by 'By.cssSelector: #DesignId_DDD_L_LBT td' in '10' second(s)

2021-10-21 14:09:29 - [MESSAGE][PASSED] - Method.TextDegerineEsitElementeTikla is PASSED

2021-10-21 14:09:29 - [MESSAGE][PASSED] - Call Test Case 'Test Cases/Olusturma/Genel/TasarimSecilir' successfully

2021-10-21 14:09:29 - [MESSAGE][INFO] - Checking called Test Case

2021-10-21 14:09:29 - [MESSAGE][INFO] - Starting to call Test Case 'Test Cases/Olusturma/Genel/Kutular/SiparisBilgileriGirilir'

2021-10-21 14:09:29 - [TEST_CASE][PASSED] - Test Cases/Olusturma/Genel/Kutular/SiparisBilgileriGirilir: Test Cases/Olusturma/Genel/Kutular/SiparisBilgileriGirilir

2021-10-21 14:09:29 - [TEST_STEP][PASSED] - Method.TextDegerineEsitElementeTikla(findTestObject("Olusturma/Genel/Kutular/KapaliKutular"), "Sipariş Bilgileri"): Method.TextDegerineEsitElementeTikla is PASSED

2021-10-21 14:09:29 - [MESSAGE][INFO] - Finding Test Object 'Object Repository/Olusturma/Genel/Kutular/KapaliKutular'

2021-10-21 14:09:29 - [MESSAGE][INFO] - Checking timeout

2021-10-21 14:09:29 - [MESSAGE][INFO] - Finding web element with id: 'Object Repository/Olusturma/Genel/Kutular/KapaliKutular' located by 'By.cssSelector: .dxnb-headerCollapsed>span' in '10' second(s)

2021-10-21 14:09:29 - [MESSAGE][INFO] - Smart Wait Function is triggered

2021-10-21 14:09:29 - [MESSAGE][INFO] - Found 8 web elements with id: 'Object Repository/Olusturma/Genel/Kutular/KapaliKutular' located by 'By.cssSelector: .dxnb-headerCollapsed>span' in '10' second(s)

2021-10-21 14:09:29 - [MESSAGE][PASSED] - Method.TextDegerineEsitElementeTikla is PASSED

2021-10-21 14:09:29 - [TEST_STEP][PASSED] - waitForElementPresent(findTestObject("Object Repository/Olusturma/Genel/Kutular/SiparisBilgileri/SiparisNo"), 10): Object 'Object Repository/Olusturma/Genel/Kutular/SiparisBilgileri/SiparisNo' is present

2021-10-21 14:09:29 - [MESSAGE][INFO] - Finding Test Object 'Object Repository/Olusturma/Genel/Kutular/SiparisBilgileri/SiparisNo'

2021-10-21 14:09:29 - [MESSAGE][INFO] - Checking object

2021-10-21 14:09:29 - [MESSAGE][INFO] - Finding web element from Test Object's properties

2021-10-21 14:09:29 - [MESSAGE][INFO] - Checking timeout

2021-10-21 14:09:29 - [MESSAGE][INFO] - Finding web element with id: 'Object Repository/Olusturma/Genel/Kutular/SiparisBilgileri/SiparisNo' located by 'By.xpath: //*[@id = 'txtSiparisNo_I']' in '10' second(s)

2021-10-21 14:09:29 - [MESSAGE][INFO] - Smart Wait Function is triggered

2021-10-21 14:09:30 - [MESSAGE][INFO] - Found 1 web elements with id: 'Object Repository/Olusturma/Genel/Kutular/SiparisBilgileri/SiparisNo' located by 'By.xpath: //*[@id = 'txtSiparisNo_I']' in '10' second(s)

2021-10-21 14:09:30 - [MESSAGE][PASSED] - Object 'Object Repository/Olusturma/Genel/Kutular/SiparisBilgileri/SiparisNo' is present

2021-10-21 14:09:30 - [TEST_STEP][PASSED] - clearText(findTestObject("Object Repository/Olusturma/Genel/Kutular/SiparisBilgileri/SiparisNo")): Text of object 'Object Repository/Olusturma/Genel/Kutular/SiparisBilgileri/SiparisNo' is cleared

2021-10-21 14:09:30 - [MESSAGE][INFO] - Finding Test Object 'Object Repository/Olusturma/Genel/Kutular/SiparisBilgileri/SiparisNo'

2021-10-21 14:09:30 - [MESSAGE][INFO] - Checking object

2021-10-21 14:09:30 - [MESSAGE][INFO] - Finding web element from Test Object's properties

2021-10-21 14:09:30 - [MESSAGE][INFO] - Checking timeout

2021-10-21 14:09:30 - [MESSAGE][INFO] - Finding web element with id: 'Object Repository/Olusturma/Genel/Kutular/SiparisBilgileri/SiparisNo' located by 'By.xpath: //*[@id = 'txtSiparisNo_I']' in '30' second(s)

2021-10-21 14:09:30 - [MESSAGE][INFO] - Smart Wait Function is triggered

2021-10-21 14:09:30 - [MESSAGE][INFO] - Found 1 web elements with id: 'Object Repository/Olusturma/Genel/Kutular/SiparisBilgileri/SiparisNo' located by 'By.xpath: //*[@id = 'txtSiparisNo_I']' in '30' second(s)

2021-10-21 14:09:30 - [MESSAGE][INFO] - Clearing text of object 'Object Repository/Olusturma/Genel/Kutular/SiparisBilgileri/SiparisNo'

2021-10-21 14:09:30 - [MESSAGE][PASSED] - Text of object 'Object Repository/Olusturma/Genel/Kutular/SiparisBilgileri/SiparisNo' is cleared

2021-10-21 14:09:30 - [TEST_STEP][PASSED] - sendKeys(findTestObject("Object Repository/Olusturma/Genel/Kutular/SiparisBilgileri/SiparisNo"), SiparisNo): Keys 'UUC-SAT-1200001' sent to object: 'Object Repository/Olusturma/Genel/Kutular/SiparisBilgileri/SiparisNo'

2021-10-21 14:09:30 - [MESSAGE][INFO] - Finding Test Object 'Object Repository/Olusturma/Genel/Kutular/SiparisBilgileri/SiparisNo'

2021-10-21 14:09:31 - [MESSAGE][INFO] - Sending keys 'UUC-SAT-1200001' to object: 'Object Repository/Olusturma/Genel/Kutular/SiparisBilgileri/SiparisNo'

2021-10-21 14:09:31 - [MESSAGE][INFO] - Finding web element from Test Object's properties

2021-10-21 14:09:31 - [MESSAGE][INFO] - Checking timeout

2021-10-21 14:09:31 - [MESSAGE][INFO] - Finding web element with id: 'Object Repository/Olusturma/Genel/Kutular/SiparisBilgileri/SiparisNo' located by 'By.xpath: //*[@id = 'txtSiparisNo_I']' in '30' second(s)

2021-10-21 14:09:31 - [MESSAGE][INFO] - Smart Wait Function is triggered

2021-10-21 14:09:31 - [MESSAGE][INFO] - Found 1 web elements with id: 'Object Repository/Olusturma/Genel/Kutular/SiparisBilgileri/SiparisNo' located by 'By.xpath: //*[@id = 'txtSiparisNo_I']' in '30' second(s)

2021-10-21 14:09:31 - [MESSAGE][PASSED] - Keys 'UUC-SAT-1200001' sent to object: 'Object Repository/Olusturma/Genel/Kutular/SiparisBilgileri/SiparisNo'

2021-10-21 14:09:31 - [TEST_STEP][PASSED] - waitForElementClickable(findTestObject("Object Repository/Olusturma/Genel/Kutular/SiparisBilgileri/SiparisTarihiImage"), 10): Object 'Object Repository/Olusturma/Genel/Kutular/SiparisBilgileri/SiparisTarihiImage' is clickable

2021-10-21 14:09:31 - [MESSAGE][INFO] - Finding Test Object 'Object Repository/Olusturma/Genel/Kutular/SiparisBilgileri/SiparisTarihiImage'

2021-10-21 14:09:31 - [MESSAGE][INFO] - Checking object

2021-10-21 14:09:31 - [MESSAGE][INFO] - Checking timeout

2021-10-21 14:09:31 - [MESSAGE][INFO] - Finding web element from Test Object's properties

2021-10-21 14:09:31 - [MESSAGE][INFO] - Checking timeout

2021-10-21 14:09:31 - [MESSAGE][INFO] - Finding web element with id: 'Object Repository/Olusturma/Genel/Kutular/SiparisBilgileri/SiparisTarihiImage' located by 'By.cssSelector: #dateSiparisTarih img' in '10' second(s)

2021-10-21 14:09:31 - [MESSAGE][INFO] - Smart Wait Function is triggered

2021-10-21 14:09:31 - [MESSAGE][INFO] - Found 1 web elements with id: 'Object Repository/Olusturma/Genel/Kutular/SiparisBilgileri/SiparisTarihiImage' located by 'By.cssSelector: #dateSiparisTarih img' in '10' second(s)

2021-10-21 14:09:31 - [MESSAGE][PASSED] - Object 'Object Repository/Olusturma/Genel/Kutular/SiparisBilgileri/SiparisTarihiImage' is clickable

2021-10-21 14:09:31 - [TEST_STEP][PASSED] - click(findTestObject("Object Repository/Olusturma/Genel/Kutular/SiparisBilgileri/SiparisTarihiImage")): Object: 'Object Repository/Olusturma/Genel/Kutular/SiparisBilgileri/SiparisTarihiImage' is clicked on

2021-10-21 14:09:31 - [MESSAGE][INFO] - Finding Test Object 'Object Repository/Olusturma/Genel/Kutular/SiparisBilgileri/SiparisTarihiImage'

2021-10-21 14:09:31 - [MESSAGE][INFO] - Checking object

2021-10-21 14:09:31 - [MESSAGE][INFO] - Finding web element from Test Object's properties

2021-10-21 14:09:31 - [MESSAGE][INFO] - Checking timeout

2021-10-21 14:09:31 - [MESSAGE][INFO] - Finding web element with id: 'Object Repository/Olusturma/Genel/Kutular/SiparisBilgileri/SiparisTarihiImage' located by 'By.cssSelector: #dateSiparisTarih img' in '30' second(s)

2021-10-21 14:09:31 - [MESSAGE][INFO] - Smart Wait Function is triggered

2021-10-21 14:09:32 - [MESSAGE][INFO] - Found 1 web elements with id: 'Object Repository/Olusturma/Genel/Kutular/SiparisBilgileri/SiparisTarihiImage' located by 'By.cssSelector: #dateSiparisTarih img' in '30' second(s)

2021-10-21 14:09:32 - [MESSAGE][INFO] - Clicking on object: 'Object Repository/Olusturma/Genel/Kutular/SiparisBilgileri/SiparisTarihiImage'

2021-10-21 14:09:32 - [MESSAGE][PASSED] - Object: 'Object Repository/Olusturma/Genel/Kutular/SiparisBilgileri/SiparisTarihiImage' is clicked on

2021-10-21 14:09:32 - [TEST_STEP][PASSED] - waitForElementPresent(findTestObject("Object Repository/Olusturma/Genel/Kutular/SiparisBilgileri/SiparisTarihi"), 10): Object 'Object Repository/Olusturma/Genel/Kutular/SiparisBilgileri/SiparisTarihi' is present

2021-10-21 14:09:32 - [MESSAGE][INFO] - Finding Test Object 'Object Repository/Olusturma/Genel/Kutular/SiparisBilgileri/SiparisTarihi'

2021-10-21 14:09:32 - [MESSAGE][INFO] - Checking object

2021-10-21 14:09:32 - [MESSAGE][INFO] - Finding web element from Test Object's properties

2021-10-21 14:09:32 - [MESSAGE][INFO] - Checking timeout

2021-10-21 14:09:32 - [MESSAGE][INFO] - Finding web element with id: 'Object Repository/Olusturma/Genel/Kutular/SiparisBilgileri/SiparisTarihi' located by 'By.xpath: //*[@id = 'dateSiparisTarih_I']' in '10' second(s)

2021-10-21 14:09:32 - [MESSAGE][INFO] - Smart Wait Function is triggered

2021-10-21 14:09:33 - [MESSAGE][INFO] - Found 1 web elements with id: 'Object Repository/Olusturma/Genel/Kutular/SiparisBilgileri/SiparisTarihi' located by 'By.xpath: //*[@id = 'dateSiparisTarih_I']' in '10' second(s)

2021-10-21 14:09:33 - [MESSAGE][PASSED] - Object 'Object Repository/Olusturma/Genel/Kutular/SiparisBilgileri/SiparisTarihi' is present

2021-10-21 14:09:33 - [TEST_STEP][PASSED] - clearText(findTestObject("Object Repository/Olusturma/Genel/Kutular/SiparisBilgileri/SiparisTarihi")): Text of object 'Object Repository/Olusturma/Genel/Kutular/SiparisBilgileri/SiparisTarihi' is cleared

2021-10-21 14:09:33 - [MESSAGE][INFO] - Finding Test Object 'Object Repository/Olusturma/Genel/Kutular/SiparisBilgileri/SiparisTarihi'

2021-10-21 14:09:33 - [MESSAGE][INFO] - Checking object

2021-10-21 14:09:33 - [MESSAGE][INFO] - Finding web element from Test Object's properties

2021-10-21 14:09:33 - [MESSAGE][INFO] - Checking timeout

2021-10-21 14:09:33 - [MESSAGE][INFO] - Finding web element with id: 'Object Repository/Olusturma/Genel/Kutular/SiparisBilgileri/SiparisTarihi' located by 'By.xpath: //*[@id = 'dateSiparisTarih_I']' in '30' second(s)

2021-10-21 14:09:33 - [MESSAGE][INFO] - Smart Wait Function is triggered

2021-10-21 14:09:33 - [MESSAGE][INFO] - Found 1 web elements with id: 'Object Repository/Olusturma/Genel/Kutular/SiparisBilgileri/SiparisTarihi' located by 'By.xpath: //*[@id = 'dateSiparisTarih_I']' in '30' second(s)

2021-10-21 14:09:33 - [MESSAGE][INFO] - Clearing text of object 'Object Repository/Olusturma/Genel/Kutular/SiparisBilgileri/SiparisTarihi'

2021-10-21 14:09:33 - [MESSAGE][PASSED] - Text of object 'Object Repository/Olusturma/Genel/Kutular/SiparisBilgileri/SiparisTarihi' is cleared

2021-10-21 14:09:33 - [TEST_STEP][PASSED] - sendKeys(findTestObject("Object Repository/Olusturma/Genel/Kutular/SiparisBilgileri/SiparisTarihi"), Tarih): Keys '30.04.2020' sent to object: 'Object Repository/Olusturma/Genel/Kutular/SiparisBilgileri/SiparisTarihi'

2021-10-21 14:09:33 - [MESSAGE][INFO] - Finding Test Object 'Object Repository/Olusturma/Genel/Kutular/SiparisBilgileri/SiparisTarihi'

2021-10-21 14:09:33 - [MESSAGE][INFO] - Sending keys '30.04.2020' to object: 'Object Repository/Olusturma/Genel/Kutular/SiparisBilgileri/SiparisTarihi'

2021-10-21 14:09:33 - [MESSAGE][INFO] - Finding web element from Test Object's properties

2021-10-21 14:09:33 - [MESSAGE][INFO] - Checking timeout

2021-10-21 14:09:33 - [MESSAGE][INFO] - Finding web element with id: 'Object Repository/Olusturma/Genel/Kutular/SiparisBilgileri/SiparisTarihi' located by 'By.xpath: //*[@id = 'dateSiparisTarih_I']' in '30' second(s)

2021-10-21 14:09:33 - [MESSAGE][INFO] - Smart Wait Function is triggered

2021-10-21 14:09:33 - [MESSAGE][INFO] - Found 1 web elements with id: 'Object Repository/Olusturma/Genel/Kutular/SiparisBilgileri/SiparisTarihi' located by 'By.xpath: //*[@id = 'dateSiparisTarih_I']' in '30' second(s)

2021-10-21 14:09:33 - [MESSAGE][PASSED] - Keys '30.04.2020' sent to object: 'Object Repository/Olusturma/Genel/Kutular/SiparisBilgileri/SiparisTarihi'

2021-10-21 14:09:33 - [MESSAGE][PASSED] - Call Test Case 'Test Cases/Olusturma/Genel/Kutular/SiparisBilgileriGirilir' successfully

2021-10-21 14:09:33 - [MESSAGE][INFO] - Checking called Test Case

2021-10-21 14:09:33 - [MESSAGE][INFO] - Starting to call Test Case 'Test Cases/Olusturma/Genel/Kutular/IrsaliyeBilgileri'

2021-10-21 14:09:33 - [TEST_CASE][PASSED] - Test Cases/Olusturma/Genel/Kutular/IrsaliyeBilgileri: Test Cases/Olusturma/Genel/Kutular/IrsaliyeBilgileri

2021-10-21 14:09:34 - [TEST_STEP][PASSED] - Method.TextDegerineEsitElementeTikla(findTestObject("Olusturma/Genel/Kutular/KapaliKutular"), "İrsaliye Bilgileri"): Method.TextDegerineEsitElementeTikla is PASSED

2021-10-21 14:09:34 - [MESSAGE][INFO] - Finding Test Object 'Object Repository/Olusturma/Genel/Kutular/KapaliKutular'

2021-10-21 14:09:34 - [MESSAGE][INFO] - Checking timeout

2021-10-21 14:09:34 - [MESSAGE][INFO] - Finding web element with id: 'Object Repository/Olusturma/Genel/Kutular/KapaliKutular' located by 'By.cssSelector: .dxnb-headerCollapsed>span' in '10' second(s)

2021-10-21 14:09:34 - [MESSAGE][INFO] - Smart Wait Function is triggered

2021-10-21 14:09:34 - [MESSAGE][INFO] - Found 8 web elements with id: 'Object Repository/Olusturma/Genel/Kutular/KapaliKutular' located by 'By.cssSelector: .dxnb-headerCollapsed>span' in '10' second(s)

2021-10-21 14:09:34 - [MESSAGE][PASSED] - Method.TextDegerineEsitElementeTikla is PASSED

2021-10-21 14:09:34 - [TEST_STEP][PASSED] - waitForElementClickable(findTestObject("Olusturma/Genel/Kutular/IrsaliyeBilgileri/Ekle"), 10): Object 'Object Repository/Olusturma/Genel/Kutular/IrsaliyeBilgileri/Ekle' is clickable

2021-10-21 14:09:34 - [MESSAGE][INFO] - Finding Test Object 'Object Repository/Olusturma/Genel/Kutular/IrsaliyeBilgileri/Ekle'

2021-10-21 14:09:34 - [MESSAGE][INFO] - Checking object

2021-10-21 14:09:34 - [MESSAGE][INFO] - Checking timeout

2021-10-21 14:09:34 - [MESSAGE][INFO] - Finding web element from Test Object's properties

2021-10-21 14:09:34 - [MESSAGE][INFO] - Checking timeout

2021-10-21 14:09:34 - [MESSAGE][INFO] - Finding web element with id: 'Object Repository/Olusturma/Genel/Kutular/IrsaliyeBilgileri/Ekle' located by 'By.xpath: //*[@id = 'DXEditorgvUserInvoiceBillsNewRowBtn']' in '10' second(s)

2021-10-21 14:09:34 - [MESSAGE][INFO] - Smart Wait Function is triggered

2021-10-21 14:09:34 - [MESSAGE][INFO] - Found 1 web elements with id: 'Object Repository/Olusturma/Genel/Kutular/IrsaliyeBilgileri/Ekle' located by 'By.xpath: //*[@id = 'DXEditorgvUserInvoiceBillsNewRowBtn']' in '10' second(s)

2021-10-21 14:09:34 - [MESSAGE][PASSED] - Object 'Object Repository/Olusturma/Genel/Kutular/IrsaliyeBilgileri/Ekle' is clickable

2021-10-21 14:09:34 - [TEST_STEP][PASSED] - click(findTestObject("Olusturma/Genel/Kutular/IrsaliyeBilgileri/Ekle")): Object: 'Object Repository/Olusturma/Genel/Kutular/IrsaliyeBilgileri/Ekle' is clicked on

2021-10-21 14:09:34 - [MESSAGE][INFO] - Finding Test Object 'Object Repository/Olusturma/Genel/Kutular/IrsaliyeBilgileri/Ekle'

2021-10-21 14:09:35 - [MESSAGE][INFO] - Checking object

2021-10-21 14:09:35 - [MESSAGE][INFO] - Finding web element from Test Object's properties

2021-10-21 14:09:35 - [MESSAGE][INFO] - Checking timeout

2021-10-21 14:09:35 - [MESSAGE][INFO] - Finding web element with id: 'Object Repository/Olusturma/Genel/Kutular/IrsaliyeBilgileri/Ekle' located by 'By.xpath: //*[@id = 'DXEditorgvUserInvoiceBillsNewRowBtn']' in '30' second(s)

2021-10-21 14:09:35 - [MESSAGE][INFO] - Smart Wait Function is triggered

2021-10-21 14:09:35 - [MESSAGE][INFO] - Found 1 web elements with id: 'Object Repository/Olusturma/Genel/Kutular/IrsaliyeBilgileri/Ekle' located by 'By.xpath: //*[@id = 'DXEditorgvUserInvoiceBillsNewRowBtn']' in '30' second(s)

2021-10-21 14:09:35 - [MESSAGE][INFO] - Clicking on object: 'Object Repository/Olusturma/Genel/Kutular/IrsaliyeBilgileri/Ekle'

2021-10-21 14:09:35 - [MESSAGE][PASSED] - Object: 'Object Repository/Olusturma/Genel/Kutular/IrsaliyeBilgileri/Ekle' is clicked on

2021-10-21 14:09:35 - [TEST_STEP][PASSED] - waitForElementPresent(findTestObject("Object Repository/Olusturma/Genel/Kutular/IrsaliyeBilgileri/IrsaliyeNumarasi"), 10): Object 'Object Repository/Olusturma/Genel/Kutular/IrsaliyeBilgileri/IrsaliyeNumarasi' is present

2021-10-21 14:09:35 - [MESSAGE][INFO] - Finding Test Object 'Object Repository/Olusturma/Genel/Kutular/IrsaliyeBilgileri/IrsaliyeNumarasi'

2021-10-21 14:09:35 - [MESSAGE][INFO] - Checking object

2021-10-21 14:09:35 - [MESSAGE][INFO] - Finding web element from Test Object's properties

2021-10-21 14:09:35 - [MESSAGE][INFO] - Checking timeout

2021-10-21 14:09:35 - [MESSAGE][INFO] - Finding web element with id: 'Object Repository/Olusturma/Genel/Kutular/IrsaliyeBilgileri/IrsaliyeNumarasi' located by 'By.xpath: //*[@id = 'gvUserInvoiceBills_DXEditor1_I']' in '10' second(s)

2021-10-21 14:09:35 - [MESSAGE][INFO] - Smart Wait Function is triggered

2021-10-21 14:09:35 - [MESSAGE][INFO] - Smart Wait Function is triggered

2021-10-21 14:09:36 - [MESSAGE][INFO] - Found 1 web elements with id: 'Object Repository/Olusturma/Genel/Kutular/IrsaliyeBilgileri/IrsaliyeNumarasi' located by 'By.xpath: //*[@id = 'gvUserInvoiceBills_DXEditor1_I']' in '10' second(s)

2021-10-21 14:09:36 - [MESSAGE][PASSED] - Object 'Object Repository/Olusturma/Genel/Kutular/IrsaliyeBilgileri/IrsaliyeNumarasi' is present

2021-10-21 14:09:36 - [TEST_STEP][PASSED] - clearText(findTestObject("Object Repository/Olusturma/Genel/Kutular/IrsaliyeBilgileri/IrsaliyeNumarasi")): Text of object 'Object Repository/Olusturma/Genel/Kutular/IrsaliyeBilgileri/IrsaliyeNumarasi' is cleared

2021-10-21 14:09:36 - [MESSAGE][INFO] - Finding Test Object 'Object Repository/Olusturma/Genel/Kutular/IrsaliyeBilgileri/IrsaliyeNumarasi'

2021-10-21 14:09:36 - [MESSAGE][INFO] - Checking object

2021-10-21 14:09:36 - [MESSAGE][INFO] - Finding web element from Test Object's properties

2021-10-21 14:09:36 - [MESSAGE][INFO] - Checking timeout

2021-10-21 14:09:36 - [MESSAGE][INFO] - Finding web element with id: 'Object Repository/Olusturma/Genel/Kutular/IrsaliyeBilgileri/IrsaliyeNumarasi' located by 'By.xpath: //*[@id = 'gvUserInvoiceBills_DXEditor1_I']' in '30' second(s)

2021-10-21 14:09:36 - [MESSAGE][INFO] - Smart Wait Function is triggered

2021-10-21 14:09:37 - [MESSAGE][INFO] - Found 1 web elements with id: 'Object Repository/Olusturma/Genel/Kutular/IrsaliyeBilgileri/IrsaliyeNumarasi' located by 'By.xpath: //*[@id = 'gvUserInvoiceBills_DXEditor1_I']' in '30' second(s)

2021-10-21 14:09:37 - [MESSAGE][INFO] - Clearing text of object 'Object Repository/Olusturma/Genel/Kutular/IrsaliyeBilgileri/IrsaliyeNumarasi'

2021-10-21 14:09:37 - [MESSAGE][PASSED] - Text of object 'Object Repository/Olusturma/Genel/Kutular/IrsaliyeBilgileri/IrsaliyeNumarasi' is cleared

2021-10-21 14:09:37 - [TEST_STEP][PASSED] - sendKeys(findTestObject("Object Repository/Olusturma/Genel/Kutular/IrsaliyeBilgileri/IrsaliyeNumarasi"), Numara): Keys 'AAAAAAAAAA' sent to object: 'Object Repository/Olusturma/Genel/Kutular/IrsaliyeBilgileri/IrsaliyeNumarasi'

2021-10-21 14:09:37 - [MESSAGE][INFO] - Finding Test Object 'Object Repository/Olusturma/Genel/Kutular/IrsaliyeBilgileri/IrsaliyeNumarasi'

2021-10-21 14:09:37 - [MESSAGE][INFO] - Sending keys 'AAAAAAAAAA' to object: 'Object Repository/Olusturma/Genel/Kutular/IrsaliyeBilgileri/IrsaliyeNumarasi'

2021-10-21 14:09:37 - [MESSAGE][INFO] - Finding web element from Test Object's properties

2021-10-21 14:09:37 - [MESSAGE][INFO] - Checking timeout

2021-10-21 14:09:37 - [MESSAGE][INFO] - Finding web element with id: 'Object Repository/Olusturma/Genel/Kutular/IrsaliyeBilgileri/IrsaliyeNumarasi' located by 'By.xpath: //*[@id = 'gvUserInvoiceBills_DXEditor1_I']' in '30' second(s)

2021-10-21 14:09:37 - [MESSAGE][INFO] - Smart Wait Function is triggered

2021-10-21 14:09:37 - [MESSAGE][INFO] - Found 1 web elements with id: 'Object Repository/Olusturma/Genel/Kutular/IrsaliyeBilgileri/IrsaliyeNumarasi' located by 'By.xpath: //*[@id = 'gvUserInvoiceBills_DXEditor1_I']' in '30' second(s)

2021-10-21 14:09:37 - [MESSAGE][PASSED] - Keys 'AAAAAAAAAA' sent to object: 'Object Repository/Olusturma/Genel/Kutular/IrsaliyeBilgileri/IrsaliyeNumarasi'

2021-10-21 14:09:37 - [TEST_STEP][PASSED] - waitForElementClickable(findTestObject("Object Repository/Olusturma/Genel/Kutular/IrsaliyeBilgileri/IrsaliyeTarihi"), 10): Object 'Object Repository/Olusturma/Genel/Kutular/IrsaliyeBilgileri/IrsaliyeTarihi' is clickable

2021-10-21 14:09:37 - [MESSAGE][INFO] - Finding Test Object 'Object Repository/Olusturma/Genel/Kutular/IrsaliyeBilgileri/IrsaliyeTarihi'

2021-10-21 14:09:37 - [MESSAGE][INFO] - Checking object

2021-10-21 14:09:37 - [MESSAGE][INFO] - Checking timeout

2021-10-21 14:09:37 - [MESSAGE][INFO] - Finding web element from Test Object's properties

2021-10-21 14:09:37 - [MESSAGE][INFO] - Checking timeout

2021-10-21 14:09:37 - [MESSAGE][INFO] - Finding web element with id: 'Object Repository/Olusturma/Genel/Kutular/IrsaliyeBilgileri/IrsaliyeTarihi' located by 'By.xpath: //*[@id = 'gvUserInvoiceBills_DXEditor2_I']' in '10' second(s)

2021-10-21 14:09:37 - [MESSAGE][INFO] - Smart Wait Function is triggered

2021-10-21 14:09:38 - [MESSAGE][INFO] - Found 1 web elements with id: 'Object Repository/Olusturma/Genel/Kutular/IrsaliyeBilgileri/IrsaliyeTarihi' located by 'By.xpath: //*[@id = 'gvUserInvoiceBills_DXEditor2_I']' in '10' second(s)

2021-10-21 14:09:38 - [MESSAGE][PASSED] - Object 'Object Repository/Olusturma/Genel/Kutular/IrsaliyeBilgileri/IrsaliyeTarihi' is clickable

2021-10-21 14:09:38 - [TEST_STEP][PASSED] - click(findTestObject("Object Repository/Olusturma/Genel/Kutular/IrsaliyeBilgileri/IrsaliyeTarihi")): Object: 'Object Repository/Olusturma/Genel/Kutular/IrsaliyeBilgileri/IrsaliyeTarihi' is clicked on

2021-10-21 14:09:38 - [MESSAGE][INFO] - Finding Test Object 'Object Repository/Olusturma/Genel/Kutular/IrsaliyeBilgileri/IrsaliyeTarihi'

2021-10-21 14:09:38 - [MESSAGE][INFO] - Checking object

2021-10-21 14:09:38 - [MESSAGE][INFO] - Finding web element from Test Object's properties

2021-10-21 14:09:38 - [MESSAGE][INFO] - Checking timeout

2021-10-21 14:09:38 - [MESSAGE][INFO] - Finding web element with id: 'Object Repository/Olusturma/Genel/Kutular/IrsaliyeBilgileri/IrsaliyeTarihi' located by 'By.xpath: //*[@id = 'gvUserInvoiceBills_DXEditor2_I']' in '30' second(s)

2021-10-21 14:09:38 - [MESSAGE][INFO] - Smart Wait Function is triggered

2021-10-21 14:09:38 - [MESSAGE][INFO] - Found 1 web elements with id: 'Object Repository/Olusturma/Genel/Kutular/IrsaliyeBilgileri/IrsaliyeTarihi' located by 'By.xpath: //*[@id = 'gvUserInvoiceBills_DXEditor2_I']' in '30' second(s)

2021-10-21 14:09:38 - [MESSAGE][INFO] - Clicking on object: 'Object Repository/Olusturma/Genel/Kutular/IrsaliyeBilgileri/IrsaliyeTarihi'

2021-10-21 14:09:38 - [MESSAGE][PASSED] - Object: 'Object Repository/Olusturma/Genel/Kutular/IrsaliyeBilgileri/IrsaliyeTarihi' is clicked on

2021-10-21 14:09:38 - [TEST_STEP][PASSED] - sendKeys(findTestObject("Object Repository/Olusturma/Genel/Kutular/IrsaliyeBilgileri/IrsaliyeTarihi"), Tarih): Keys '30.04.2020' sent to object: 'Object Repository/Olusturma/Genel/Kutular/IrsaliyeBilgileri/IrsaliyeTarihi'

2021-10-21 14:09:38 - [MESSAGE][INFO] - Finding Test Object 'Object Repository/Olusturma/Genel/Kutular/IrsaliyeBilgileri/IrsaliyeTarihi'

2021-10-21 14:09:38 - [MESSAGE][INFO] - Sending keys '30.04.2020' to object: 'Object Repository/Olusturma/Genel/Kutular/IrsaliyeBilgileri/IrsaliyeTarihi'

2021-10-21 14:09:38 - [MESSAGE][INFO] - Finding web element from Test Object's properties

2021-10-21 14:09:38 - [MESSAGE][INFO] - Checking timeout

2021-10-21 14:09:38 - [MESSAGE][INFO] - Finding web element with id: 'Object Repository/Olusturma/Genel/Kutular/IrsaliyeBilgileri/IrsaliyeTarihi' located by 'By.xpath: //*[@id = 'gvUserInvoiceBills_DXEditor2_I']' in '30' second(s)

2021-10-21 14:09:38 - [MESSAGE][INFO] - Smart Wait Function is triggered

2021-10-21 14:09:39 - [MESSAGE][INFO] - Found 1 web elements with id: 'Object Repository/Olusturma/Genel/Kutular/IrsaliyeBilgileri/IrsaliyeTarihi' located by 'By.xpath: //*[@id = 'gvUserInvoiceBills_DXEditor2_I']' in '30' second(s)

2021-10-21 14:09:39 - [MESSAGE][PASSED] - Keys '30.04.2020' sent to object: 'Object Repository/Olusturma/Genel/Kutular/IrsaliyeBilgileri/IrsaliyeTarihi'

2021-10-21 14:09:39 - [MESSAGE][PASSED] - Call Test Case 'Test Cases/Olusturma/Genel/Kutular/IrsaliyeBilgileri' successfully

2021-10-21 14:09:39 - [MESSAGE][INFO] - Checking called Test Case

2021-10-21 14:09:39 - [MESSAGE][INFO] - Starting to call Test Case 'Test Cases/Olusturma/Genel/EkleButonunaBasilir'

2021-10-21 14:09:39 - [TEST_CASE][PASSED] - Test Cases/Olusturma/Genel/EkleButonunaBasilir: Test Cases/Olusturma/Genel/EkleButonunaBasilir

2021-10-21 14:09:39 - [TEST_STEP][PASSED] - waitForElementClickable(findTestObject("Object Repository/Olusturma/Genel/Olusturma/Ekle"), 10): Object 'Object Repository/Olusturma/Genel/Olusturma/Ekle' is clickable

2021-10-21 14:09:39 - [MESSAGE][INFO] - Finding Test Object 'Object Repository/Olusturma/Genel/Olusturma/Ekle'

2021-10-21 14:09:39 - [MESSAGE][INFO] - Checking object

2021-10-21 14:09:39 - [MESSAGE][INFO] - Checking timeout

2021-10-21 14:09:39 - [MESSAGE][INFO] - Finding web element from Test Object's properties

2021-10-21 14:09:39 - [MESSAGE][INFO] - Checking timeout

2021-10-21 14:09:39 - [MESSAGE][INFO] - Finding web element with id: 'Object Repository/Olusturma/Genel/Olusturma/Ekle' located by 'By.cssSelector: #divmalhizmet i.fa.fa-plus.fa-lg.text-muted' in '10' second(s)

2021-10-21 14:09:39 - [MESSAGE][INFO] - Smart Wait Function is triggered

2021-10-21 14:09:39 - [MESSAGE][INFO] - Found 1 web elements with id: 'Object Repository/Olusturma/Genel/Olusturma/Ekle' located by 'By.cssSelector: #divmalhizmet i.fa.fa-plus.fa-lg.text-muted' in '10' second(s)

2021-10-21 14:09:39 - [MESSAGE][PASSED] - Object 'Object Repository/Olusturma/Genel/Olusturma/Ekle' is clickable

2021-10-21 14:09:39 - [TEST_STEP][PASSED] - click(findTestObject("Object Repository/Olusturma/Genel/Olusturma/Ekle")): Object: 'Object Repository/Olusturma/Genel/Olusturma/Ekle' is clicked on

2021-10-21 14:09:39 - [MESSAGE][INFO] - Finding Test Object 'Object Repository/Olusturma/Genel/Olusturma/Ekle'

2021-10-21 14:09:39 - [MESSAGE][INFO] - Checking object

2021-10-21 14:09:39 - [MESSAGE][INFO] - Finding web element from Test Object's properties

2021-10-21 14:09:39 - [MESSAGE][INFO] - Checking timeout

2021-10-21 14:09:39 - [MESSAGE][INFO] - Finding web element with id: 'Object Repository/Olusturma/Genel/Olusturma/Ekle' located by 'By.cssSelector: #divmalhizmet i.fa.fa-plus.fa-lg.text-muted' in '30' second(s)

2021-10-21 14:09:39 - [MESSAGE][INFO] - Smart Wait Function is triggered

2021-10-21 14:09:40 - [MESSAGE][INFO] - Found 1 web elements with id: 'Object Repository/Olusturma/Genel/Olusturma/Ekle' located by 'By.cssSelector: #divmalhizmet i.fa.fa-plus.fa-lg.text-muted' in '30' second(s)

2021-10-21 14:09:40 - [MESSAGE][INFO] - Clicking on object: 'Object Repository/Olusturma/Genel/Olusturma/Ekle'

2021-10-21 14:09:40 - [MESSAGE][PASSED] - Object: 'Object Repository/Olusturma/Genel/Olusturma/Ekle' is clicked on

2021-10-21 14:09:40 - [TEST_STEP][PASSED] - waitForElementClickable(findTestObject("Olusturma/Genel/Olusturma/EklenenSatirCarpiImage"), 10): Object 'Object Repository/Olusturma/Genel/Olusturma/EklenenSatirCarpiImage' is clickable

2021-10-21 14:09:40 - [MESSAGE][INFO] - Finding Test Object 'Object Repository/Olusturma/Genel/Olusturma/EklenenSatirCarpiImage'

2021-10-21 14:09:40 - [MESSAGE][INFO] - Checking object

2021-10-21 14:09:40 - [MESSAGE][INFO] - Checking timeout

2021-10-21 14:09:40 - [MESSAGE][INFO] - Finding web element from Test Object's properties

2021-10-21 14:09:40 - [MESSAGE][INFO] - Checking timeout

2021-10-21 14:09:40 - [MESSAGE][INFO] - Finding web element with id: 'Object Repository/Olusturma/Genel/Olusturma/EklenenSatirCarpiImage' located by 'By.cssSelector: .fa.fa-times.fa-lg.text-primary' in '10' second(s)

2021-10-21 14:09:40 - [MESSAGE][INFO] - Smart Wait Function is triggered

2021-10-21 14:09:40 - [MESSAGE][INFO] - Found 1 web elements with id: 'Object Repository/Olusturma/Genel/Olusturma/EklenenSatirCarpiImage' located by 'By.cssSelector: .fa.fa-times.fa-lg.text-primary' in '10' second(s)

2021-10-21 14:09:40 - [MESSAGE][PASSED] - Object 'Object Repository/Olusturma/Genel/Olusturma/EklenenSatirCarpiImage' is clickable

2021-10-21 14:09:40 - [MESSAGE][PASSED] - Call Test Case 'Test Cases/Olusturma/Genel/EkleButonunaBasilir' successfully

2021-10-21 14:09:40 - [MESSAGE][INFO] - Checking called Test Case

2021-10-21 14:09:40 - [MESSAGE][INFO] - Starting to call Test Case 'Test Cases/Olusturma/Genel/Olusturma'

2021-10-21 14:09:40 - [TEST_CASE][PASSED] - Test Cases/Olusturma/Genel/Olusturma: Test Cases/Olusturma/Genel/Olusturma

2021-10-21 14:09:40 - [TEST_STEP][PASSED] - driver = getWebDriver(): null

2021-10-21 14:09:40 - [TEST_STEP][PASSED] - action = new org.openqa.selenium.interactions.Actions(driver): null

2021-10-21 14:09:40 - [TEST_STEP][PASSED] - baslikElement = <not implemented yet for class: org.codehaus.groovy.ast.expr.EmptyExpression>: null

2021-10-21 14:09:40 - [TEST_STEP][PASSED] - sonElement = <not implemented yet for class: org.codehaus.groovy.ast.expr.EmptyExpression>: null

2021-10-21 14:09:40 - [TEST_STEP][PASSED] - attr = <not implemented yet for class: org.codehaus.groovy.ast.expr.EmptyExpression>: null

2021-10-21 14:09:40 - [TEST_STEP][PASSED] - a = 0: null

2021-10-21 14:09:40 - [TEST_STEP][PASSED] - elements = findWebElements(findTestObject("Object Repository/Olusturma/Genel/Olusturma/TabloBasliklari"), 10): Found 16 web elements with id: 'Object Repository/Olusturma/Genel/Olusturma/TabloBasliklari' located by 'By.cssSelector: div#divmalhizmet .dxgvTable_LECustomTheme td.dxgvHeader_LECustomTheme tr>td:nth-child(1)' in '10' second(s)

2021-10-21 14:09:40 - [MESSAGE][INFO] - Finding Test Object 'Object Repository/Olusturma/Genel/Olusturma/TabloBasliklari'

2021-10-21 14:09:40 - [MESSAGE][INFO] - Checking timeout

2021-10-21 14:09:40 - [MESSAGE][INFO] - Finding web element with id: 'Object Repository/Olusturma/Genel/Olusturma/TabloBasliklari' located by 'By.cssSelector: div#divmalhizmet .dxgvTable_LECustomTheme td.dxgvHeader_LECustomTheme tr>td:nth-child(1)' in '10' second(s)

2021-10-21 14:09:40 - [MESSAGE][INFO] - Smart Wait Function is triggered

2021-10-21 14:09:41 - [MESSAGE][INFO] - Found 16 web elements with id: 'Object Repository/Olusturma/Genel/Olusturma/TabloBasliklari' located by 'By.cssSelector: div#divmalhizmet .dxgvTable_LECustomTheme td.dxgvHeader_LECustomTheme tr>td:nth-child(1)' in '10' second(s)

2021-10-21 14:09:41 - [TEST_STEP][PASSED] - for (def element : elements): null

2021-10-21 14:09:41 - [TEST_STEP][PASSED] - build().perform(): null

2021-10-21 14:09:42 - [TEST_STEP][PASSED] - if (getText().equals(Baslik)): null

2021-10-21 14:09:42 - [TEST_STEP][PASSED] - baslikElement = element.findElement(By.xpath("../../../..")): Smart Wait Function is triggered

2021-10-21 14:09:42 - [MESSAGE][INFO] - Smart Wait Function is triggered

2021-10-21 14:09:42 - [TEST_STEP][PASSED] - attr = baslikElement.getAttribute("id"): null

2021-10-21 14:09:42 - [TEST_STEP][PASSED] - println("girdi ve idsini aldı = " + attr): null

2021-10-21 14:09:42 - [TEST_STEP][PASSED] - break: null

2021-10-21 14:09:42 - [TEST_STEP][PASSED] - countElement = baslikElement.findElements(By.xpath("../td")): Smart Wait Function is triggered

2021-10-21 14:09:42 - [MESSAGE][INFO] - Smart Wait Function is triggered

2021-10-21 14:09:42 - [TEST_STEP][PASSED] - for (def element : countElement): null

2021-10-21 14:09:42 - [TEST_STEP][PASSED] - if (toString().equals(attr.toString())): null

2021-10-21 14:09:42 - [TEST_STEP][PASSED] - (a++): null

2021-10-21 14:09:42 - [TEST_STEP][PASSED] - if (toString().equals(attr.toString())): null

2021-10-21 14:09:42 - [TEST_STEP][PASSED] - break: null

2021-10-21 14:09:42 - [TEST_STEP][PASSED] - son = findWebElement(findTestObject("Object Repository/Olusturma/Genel/Olusturma/EklenenSatir")).findElement(By.xpath("td[@class='dxgvInlineEditCell_LECustomTheme dxgv'][" + a + "]//td[@class='dxic']/input")): Smart Wait Function is triggered

2021-10-21 14:09:42 - [MESSAGE][INFO] - Finding Test Object 'Object Repository/Olusturma/Genel/Olusturma/EklenenSatir'

2021-10-21 14:09:42 - [MESSAGE][INFO] - Finding web element from Test Object's properties

2021-10-21 14:09:42 - [MESSAGE][INFO] - Checking timeout

2021-10-21 14:09:42 - [MESSAGE][INFO] - Finding web element with id: 'Object Repository/Olusturma/Genel/Olusturma/EklenenSatir' located by 'By.cssSelector: #divmalhizmet .dxgvInlineEditRow_LECustomTheme' in '30' second(s)

2021-10-21 14:09:42 - [MESSAGE][INFO] - Smart Wait Function is triggered

2021-10-21 14:09:43 - [MESSAGE][INFO] - Found 1 web elements with id: 'Object Repository/Olusturma/Genel/Olusturma/EklenenSatir' located by 'By.cssSelector: #divmalhizmet .dxgvInlineEditRow_LECustomTheme' in '30' second(s)

2021-10-21 14:09:43 - [MESSAGE][INFO] - Smart Wait Function is triggered

2021-10-21 14:09:43 - [TEST_STEP][PASSED] - if (!(getAttribute("value").contains("Vkn"))): null

2021-10-21 14:09:43 - [TEST_STEP][PASSED] - son.clear(): null

2021-10-21 14:09:43 - [TEST_STEP][PASSED] - son.sendKeys(Deger): null

2021-10-21 14:09:43 - [MESSAGE][PASSED] - Call Test Case 'Test Cases/Olusturma/Genel/Olusturma' successfully

2021-10-21 14:09:43 - [MESSAGE][INFO] - Checking called Test Case

2021-10-21 14:09:43 - [MESSAGE][INFO] - Starting to call Test Case 'Test Cases/Olusturma/Genel/Olusturma'

2021-10-21 14:09:43 - [TEST_CASE][PASSED] - Test Cases/Olusturma/Genel/Olusturma: Test Cases/Olusturma/Genel/Olusturma

2021-10-21 14:09:43 - [TEST_STEP][PASSED] - driver = getWebDriver(): null

2021-10-21 14:09:43 - [TEST_STEP][PASSED] - action = new org.openqa.selenium.interactions.Actions(driver): null

2021-10-21 14:09:43 - [TEST_STEP][PASSED] - baslikElement = <not implemented yet for class: org.codehaus.groovy.ast.expr.EmptyExpression>: null

2021-10-21 14:09:43 - [TEST_STEP][PASSED] - sonElement = <not implemented yet for class: org.codehaus.groovy.ast.expr.EmptyExpression>: null

2021-10-21 14:09:43 - [TEST_STEP][PASSED] - attr = <not implemented yet for class: org.codehaus.groovy.ast.expr.EmptyExpression>: null

2021-10-21 14:09:43 - [TEST_STEP][PASSED] - a = 0: null

2021-10-21 14:09:43 - [TEST_STEP][PASSED] - elements = findWebElements(findTestObject("Object Repository/Olusturma/Genel/Olusturma/TabloBasliklari"), 10): Found 16 web elements with id: 'Object Repository/Olusturma/Genel/Olusturma/TabloBasliklari' located by 'By.cssSelector: div#divmalhizmet .dxgvTable_LECustomTheme td.dxgvHeader_LECustomTheme tr>td:nth-child(1)' in '10' second(s)

2021-10-21 14:09:43 - [MESSAGE][INFO] - Finding Test Object 'Object Repository/Olusturma/Genel/Olusturma/TabloBasliklari'

2021-10-21 14:09:43 - [MESSAGE][INFO] - Checking timeout

2021-10-21 14:09:43 - [MESSAGE][INFO] - Finding web element with id: 'Object Repository/Olusturma/Genel/Olusturma/TabloBasliklari' located by 'By.cssSelector: div#divmalhizmet .dxgvTable_LECustomTheme td.dxgvHeader_LECustomTheme tr>td:nth-child(1)' in '10' second(s)

2021-10-21 14:09:43 - [MESSAGE][INFO] - Smart Wait Function is triggered

2021-10-21 14:09:43 - [MESSAGE][INFO] - Found 16 web elements with id: 'Object Repository/Olusturma/Genel/Olusturma/TabloBasliklari' located by 'By.cssSelector: div#divmalhizmet .dxgvTable_LECustomTheme td.dxgvHeader_LECustomTheme tr>td:nth-child(1)' in '10' second(s)

2021-10-21 14:09:43 - [TEST_STEP][PASSED] - for (def element : elements): null

2021-10-21 14:09:43 - [TEST_STEP][PASSED] - build().perform(): null

2021-10-21 14:09:44 - [TEST_STEP][PASSED] - if (getText().equals(Baslik)): null

2021-10-21 14:09:44 - [TEST_STEP][PASSED] - build().perform(): null

2021-10-21 14:09:44 - [TEST_STEP][PASSED] - if (getText().equals(Baslik)): null

2021-10-21 14:09:44 - [TEST_STEP][PASSED] - baslikElement = element.findElement(By.xpath("../../../..")): Smart Wait Function is triggered

2021-10-21 14:09:44 - [MESSAGE][INFO] - Smart Wait Function is triggered

2021-10-21 14:09:44 - [TEST_STEP][PASSED] - attr = baslikElement.getAttribute("id"): null

2021-10-21 14:09:44 - [TEST_STEP][PASSED] - println("girdi ve idsini aldı = " + attr): null

2021-10-21 14:09:44 - [TEST_STEP][PASSED] - break: null

2021-10-21 14:09:44 - [TEST_STEP][PASSED] - countElement = baslikElement.findElements(By.xpath("../td")): Smart Wait Function is triggered

2021-10-21 14:09:44 - [MESSAGE][INFO] - Smart Wait Function is triggered

2021-10-21 14:09:44 - [TEST_STEP][PASSED] - for (def element : countElement): null

2021-10-21 14:09:44 - [TEST_STEP][PASSED] - if (toString().equals(attr.toString())): null

2021-10-21 14:09:44 - [TEST_STEP][PASSED] - (a++): null

2021-10-21 14:09:44 - [TEST_STEP][PASSED] - if (toString().equals(attr.toString())): null

2021-10-21 14:09:44 - [TEST_STEP][PASSED] - (a++): null

2021-10-21 14:09:44 - [TEST_STEP][PASSED] - if (toString().equals(attr.toString())): null

2021-10-21 14:09:44 - [TEST_STEP][PASSED] - break: null

2021-10-21 14:09:44 - [TEST_STEP][PASSED] - son = findWebElement(findTestObject("Object Repository/Olusturma/Genel/Olusturma/EklenenSatir")).findElement(By.xpath("td[@class='dxgvInlineEditCell_LECustomTheme dxgv'][" + a + "]//td[@class='dxic']/input")): Smart Wait Function is triggered

2021-10-21 14:09:44 - [MESSAGE][INFO] - Finding Test Object 'Object Repository/Olusturma/Genel/Olusturma/EklenenSatir'

2021-10-21 14:09:44 - [MESSAGE][INFO] - Finding web element from Test Object's properties

2021-10-21 14:09:44 - [MESSAGE][INFO] - Checking timeout

2021-10-21 14:09:44 - [MESSAGE][INFO] - Finding web element with id: 'Object Repository/Olusturma/Genel/Olusturma/EklenenSatir' located by 'By.cssSelector: #divmalhizmet .dxgvInlineEditRow_LECustomTheme' in '30' second(s)

2021-10-21 14:09:44 - [MESSAGE][INFO] - Smart Wait Function is triggered

2021-10-21 14:09:45 - [MESSAGE][INFO] - Found 1 web elements with id: 'Object Repository/Olusturma/Genel/Olusturma/EklenenSatir' located by 'By.cssSelector: #divmalhizmet .dxgvInlineEditRow_LECustomTheme' in '30' second(s)

2021-10-21 14:09:45 - [MESSAGE][INFO] - Smart Wait Function is triggered

2021-10-21 14:09:45 - [TEST_STEP][PASSED] - if (!(getAttribute("value").contains("Vkn"))): null

2021-10-21 14:09:45 - [TEST_STEP][PASSED] - son.clear(): null

2021-10-21 14:09:45 - [TEST_STEP][PASSED] - son.sendKeys(Deger): null

2021-10-21 14:09:45 - [MESSAGE][PASSED] - Call Test Case 'Test Cases/Olusturma/Genel/Olusturma' successfully

2021-10-21 14:09:45 - [MESSAGE][INFO] - Checking called Test Case

2021-10-21 14:09:45 - [MESSAGE][INFO] - Starting to call Test Case 'Test Cases/Olusturma/Genel/Olusturma'

2021-10-21 14:09:45 - [TEST_CASE][PASSED] - Test Cases/Olusturma/Genel/Olusturma: Test Cases/Olusturma/Genel/Olusturma

2021-10-21 14:09:45 - [TEST_STEP][PASSED] - driver = getWebDriver(): null

2021-10-21 14:09:45 - [TEST_STEP][PASSED] - action = new org.openqa.selenium.interactions.Actions(driver): null

2021-10-21 14:09:45 - [TEST_STEP][PASSED] - baslikElement = <not implemented yet for class: org.codehaus.groovy.ast.expr.EmptyExpression>: null

2021-10-21 14:09:45 - [TEST_STEP][PASSED] - sonElement = <not implemented yet for class: org.codehaus.groovy.ast.expr.EmptyExpression>: null

2021-10-21 14:09:45 - [TEST_STEP][PASSED] - attr = <not implemented yet for class: org.codehaus.groovy.ast.expr.EmptyExpression>: null

2021-10-21 14:09:45 - [TEST_STEP][PASSED] - a = 0: null

2021-10-21 14:09:45 - [TEST_STEP][PASSED] - elements = findWebElements(findTestObject("Object Repository/Olusturma/Genel/Olusturma/TabloBasliklari"), 10): Found 16 web elements with id: 'Object Repository/Olusturma/Genel/Olusturma/TabloBasliklari' located by 'By.cssSelector: div#divmalhizmet .dxgvTable_LECustomTheme td.dxgvHeader_LECustomTheme tr>td:nth-child(1)' in '10' second(s)

2021-10-21 14:09:45 - [MESSAGE][INFO] - Finding Test Object 'Object Repository/Olusturma/Genel/Olusturma/TabloBasliklari'

2021-10-21 14:09:45 - [MESSAGE][INFO] - Checking timeout

2021-10-21 14:09:45 - [MESSAGE][INFO] - Finding web element with id: 'Object Repository/Olusturma/Genel/Olusturma/TabloBasliklari' located by 'By.cssSelector: div#divmalhizmet .dxgvTable_LECustomTheme td.dxgvHeader_LECustomTheme tr>td:nth-child(1)' in '10' second(s)

2021-10-21 14:09:45 - [MESSAGE][INFO] - Smart Wait Function is triggered

2021-10-21 14:09:46 - [MESSAGE][INFO] - Found 16 web elements with id: 'Object Repository/Olusturma/Genel/Olusturma/TabloBasliklari' located by 'By.cssSelector: div#divmalhizmet .dxgvTable_LECustomTheme td.dxgvHeader_LECustomTheme tr>td:nth-child(1)' in '10' second(s)

2021-10-21 14:09:46 - [TEST_STEP][PASSED] - for (def element : elements): null

2021-10-21 14:09:46 - [TEST_STEP][PASSED] - build().perform(): null

2021-10-21 14:09:46 - [TEST_STEP][PASSED] - if (getText().equals(Baslik)): null

2021-10-21 14:09:46 - [TEST_STEP][PASSED] - build().perform(): null

2021-10-21 14:09:46 - [TEST_STEP][PASSED] - if (getText().equals(Baslik)): null

2021-10-21 14:09:46 - [TEST_STEP][PASSED] - build().perform(): null

2021-10-21 14:09:46 - [TEST_STEP][PASSED] - if (getText().equals(Baslik)): null

2021-10-21 14:09:46 - [TEST_STEP][PASSED] - build().perform(): null

2021-10-21 14:09:46 - [TEST_STEP][PASSED] - if (getText().equals(Baslik)): null

2021-10-21 14:09:46 - [TEST_STEP][PASSED] - baslikElement = element.findElement(By.xpath("../../../..")): Smart Wait Function is triggered

2021-10-21 14:09:46 - [MESSAGE][INFO] - Smart Wait Function is triggered

2021-10-21 14:09:47 - [TEST_STEP][PASSED] - attr = baslikElement.getAttribute("id"): null

2021-10-21 14:09:47 - [TEST_STEP][PASSED] - println("girdi ve idsini aldı = " + attr): null

2021-10-21 14:09:47 - [TEST_STEP][PASSED] - break: null

2021-10-21 14:09:47 - [TEST_STEP][PASSED] - countElement = baslikElement.findElements(By.xpath("../td")): Smart Wait Function is triggered

2021-10-21 14:09:47 - [MESSAGE][INFO] - Smart Wait Function is triggered

2021-10-21 14:09:47 - [TEST_STEP][PASSED] - for (def element : countElement): null

2021-10-21 14:09:47 - [TEST_STEP][PASSED] - if (toString().equals(attr.toString())): null

2021-10-21 14:09:47 - [TEST_STEP][PASSED] - (a++): null

2021-10-21 14:09:47 - [TEST_STEP][PASSED] - if (toString().equals(attr.toString())): null

2021-10-21 14:09:47 - [TEST_STEP][PASSED] - (a++): null

2021-10-21 14:09:47 - [TEST_STEP][PASSED] - if (toString().equals(attr.toString())): null

2021-10-21 14:09:47 - [TEST_STEP][PASSED] - (a++): null

2021-10-21 14:09:47 - [TEST_STEP][PASSED] - if (toString().equals(attr.toString())): null

2021-10-21 14:09:47 - [TEST_STEP][PASSED] - (a++): null

2021-10-21 14:09:47 - [TEST_STEP][PASSED] - if (toString().equals(attr.toString())): null

2021-10-21 14:09:47 - [TEST_STEP][PASSED] - break: null

2021-10-21 14:09:47 - [TEST_STEP][PASSED] - son = findWebElement(findTestObject("Object Repository/Olusturma/Genel/Olusturma/EklenenSatir")).findElement(By.xpath("td[@class='dxgvInlineEditCell_LECustomTheme dxgv'][" + a + "]//td[@class='dxic']/input")): Smart Wait Function is triggered

2021-10-21 14:09:47 - [MESSAGE][INFO] - Finding Test Object 'Object Repository/Olusturma/Genel/Olusturma/EklenenSatir'

2021-10-21 14:09:47 - [MESSAGE][INFO] - Finding web element from Test Object's properties

2021-10-21 14:09:47 - [MESSAGE][INFO] - Checking timeout

2021-10-21 14:09:47 - [MESSAGE][INFO] - Finding web element with id: 'Object Repository/Olusturma/Genel/Olusturma/EklenenSatir' located by 'By.cssSelector: #divmalhizmet .dxgvInlineEditRow_LECustomTheme' in '30' second(s)

2021-10-21 14:09:47 - [MESSAGE][INFO] - Smart Wait Function is triggered

2021-10-21 14:09:47 - [MESSAGE][INFO] - Found 1 web elements with id: 'Object Repository/Olusturma/Genel/Olusturma/EklenenSatir' located by 'By.cssSelector: #divmalhizmet .dxgvInlineEditRow_LECustomTheme' in '30' second(s)

2021-10-21 14:09:47 - [MESSAGE][INFO] - Smart Wait Function is triggered

2021-10-21 14:09:48 - [TEST_STEP][PASSED] - if (!(getAttribute("value").contains("Vkn"))): null

2021-10-21 14:09:48 - [TEST_STEP][PASSED] - son.clear(): null

2021-10-21 14:09:48 - [TEST_STEP][PASSED] - son.sendKeys(Deger): null

2021-10-21 14:09:48 - [MESSAGE][PASSED] - Call Test Case 'Test Cases/Olusturma/Genel/Olusturma' successfully

2021-10-21 14:09:48 - [MESSAGE][INFO] - Checking called Test Case

2021-10-21 14:09:48 - [MESSAGE][INFO] - Starting to call Test Case 'Test Cases/Olusturma/Genel/Olusturma'

2021-10-21 14:09:48 - [TEST_CASE][PASSED] - Test Cases/Olusturma/Genel/Olusturma: Test Cases/Olusturma/Genel/Olusturma

2021-10-21 14:09:48 - [TEST_STEP][PASSED] - driver = getWebDriver(): null

2021-10-21 14:09:48 - [TEST_STEP][PASSED] - action = new org.openqa.selenium.interactions.Actions(driver): null

2021-10-21 14:09:48 - [TEST_STEP][PASSED] - baslikElement = <not implemented yet for class: org.codehaus.groovy.ast.expr.EmptyExpression>: null

2021-10-21 14:09:48 - [TEST_STEP][PASSED] - sonElement = <not implemented yet for class: org.codehaus.groovy.ast.expr.EmptyExpression>: null

2021-10-21 14:09:48 - [TEST_STEP][PASSED] - attr = <not implemented yet for class: org.codehaus.groovy.ast.expr.EmptyExpression>: null

2021-10-21 14:09:48 - [TEST_STEP][PASSED] - a = 0: null

2021-10-21 14:09:48 - [TEST_STEP][PASSED] - elements = findWebElements(findTestObject("Object Repository/Olusturma/Genel/Olusturma/TabloBasliklari"), 10): Found 16 web elements with id: 'Object Repository/Olusturma/Genel/Olusturma/TabloBasliklari' located by 'By.cssSelector: div#divmalhizmet .dxgvTable_LECustomTheme td.dxgvHeader_LECustomTheme tr>td:nth-child(1)' in '10' second(s)

2021-10-21 14:09:48 - [MESSAGE][INFO] - Finding Test Object 'Object Repository/Olusturma/Genel/Olusturma/TabloBasliklari'

2021-10-21 14:09:48 - [MESSAGE][INFO] - Checking timeout

2021-10-21 14:09:48 - [MESSAGE][INFO] - Finding web element with id: 'Object Repository/Olusturma/Genel/Olusturma/TabloBasliklari' located by 'By.cssSelector: div#divmalhizmet .dxgvTable_LECustomTheme td.dxgvHeader_LECustomTheme tr>td:nth-child(1)' in '10' second(s)

2021-10-21 14:09:48 - [MESSAGE][INFO] - Smart Wait Function is triggered

2021-10-21 14:09:48 - [MESSAGE][INFO] - Found 16 web elements with id: 'Object Repository/Olusturma/Genel/Olusturma/TabloBasliklari' located by 'By.cssSelector: div#divmalhizmet .dxgvTable_LECustomTheme td.dxgvHeader_LECustomTheme tr>td:nth-child(1)' in '10' second(s)

2021-10-21 14:09:48 - [TEST_STEP][PASSED] - for (def element : elements): null

2021-10-21 14:09:48 - [TEST_STEP][PASSED] - build().perform(): null

2021-10-21 14:09:49 - [TEST_STEP][PASSED] - if (getText().equals(Baslik)): null

2021-10-21 14:09:49 - [TEST_STEP][PASSED] - build().perform(): null

2021-10-21 14:09:49 - [TEST_STEP][PASSED] - if (getText().equals(Baslik)): null

2021-10-21 14:09:49 - [TEST_STEP][PASSED] - build().perform(): null

2021-10-21 14:09:49 - [TEST_STEP][PASSED] - if (getText().equals(Baslik)): null

2021-10-21 14:09:49 - [TEST_STEP][PASSED] - build().perform(): null

2021-10-21 14:09:49 - [TEST_STEP][PASSED] - if (getText().equals(Baslik)): null

2021-10-21 14:09:49 - [TEST_STEP][PASSED] - build().perform(): null

2021-10-21 14:09:49 - [TEST_STEP][PASSED] - if (getText().equals(Baslik)): null

2021-10-21 14:09:49 - [TEST_STEP][PASSED] - baslikElement = element.findElement(By.xpath("../../../..")): Smart Wait Function is triggered

2021-10-21 14:09:49 - [MESSAGE][INFO] - Smart Wait Function is triggered

2021-10-21 14:09:49 - [TEST_STEP][PASSED] - attr = baslikElement.getAttribute("id"): null

2021-10-21 14:09:49 - [TEST_STEP][PASSED] - println("girdi ve idsini aldı = " + attr): null

2021-10-21 14:09:49 - [TEST_STEP][PASSED] - break: null

2021-10-21 14:09:49 - [TEST_STEP][PASSED] - countElement = baslikElement.findElements(By.xpath("../td")): Smart Wait Function is triggered

2021-10-21 14:09:49 - [MESSAGE][INFO] - Smart Wait Function is triggered

2021-10-21 14:09:50 - [TEST_STEP][PASSED] - for (def element : countElement): null

2021-10-21 14:09:50 - [TEST_STEP][PASSED] - if (toString().equals(attr.toString())): null

2021-10-21 14:09:50 - [TEST_STEP][PASSED] - (a++): null

2021-10-21 14:09:50 - [TEST_STEP][PASSED] - if (toString().equals(attr.toString())): null

2021-10-21 14:09:50 - [TEST_STEP][PASSED] - (a++): null

2021-10-21 14:09:50 - [TEST_STEP][PASSED] - if (toString().equals(attr.toString())): null

2021-10-21 14:09:50 - [TEST_STEP][PASSED] - (a++): null

2021-10-21 14:09:50 - [TEST_STEP][PASSED] - if (toString().equals(attr.toString())): null

2021-10-21 14:09:50 - [TEST_STEP][PASSED] - (a++): null

2021-10-21 14:09:50 - [TEST_STEP][PASSED] - if (toString().equals(attr.toString())): null

2021-10-21 14:09:50 - [TEST_STEP][PASSED] - (a++): null

2021-10-21 14:09:50 - [TEST_STEP][PASSED] - if (toString().equals(attr.toString())): null

2021-10-21 14:09:50 - [TEST_STEP][PASSED] - break: null

2021-10-21 14:09:50 - [TEST_STEP][PASSED] - son = findWebElement(findTestObject("Object Repository/Olusturma/Genel/Olusturma/EklenenSatir")).findElement(By.xpath("td[@class='dxgvInlineEditCell_LECustomTheme dxgv'][" + a + "]//td[@class='dxic']/input")): Smart Wait Function is triggered

2021-10-21 14:09:50 - [MESSAGE][INFO] - Finding Test Object 'Object Repository/Olusturma/Genel/Olusturma/EklenenSatir'

2021-10-21 14:09:50 - [MESSAGE][INFO] - Finding web element from Test Object's properties

2021-10-21 14:09:50 - [MESSAGE][INFO] - Checking timeout

2021-10-21 14:09:50 - [MESSAGE][INFO] - Finding web element with id: 'Object Repository/Olusturma/Genel/Olusturma/EklenenSatir' located by 'By.cssSelector: #divmalhizmet .dxgvInlineEditRow_LECustomTheme' in '30' second(s)

2021-10-21 14:09:50 - [MESSAGE][INFO] - Smart Wait Function is triggered

2021-10-21 14:09:50 - [MESSAGE][INFO] - Found 1 web elements with id: 'Object Repository/Olusturma/Genel/Olusturma/EklenenSatir' located by 'By.cssSelector: #divmalhizmet .dxgvInlineEditRow_LECustomTheme' in '30' second(s)

2021-10-21 14:09:50 - [MESSAGE][INFO] - Smart Wait Function is triggered

2021-10-21 14:09:51 - [TEST_STEP][PASSED] - if (!(getAttribute("value").contains("Vkn"))): null

2021-10-21 14:09:51 - [TEST_STEP][PASSED] - else: null

2021-10-21 14:09:51 - [TEST_STEP][PASSED] - son.click(): null

2021-10-21 14:09:51 - [TEST_STEP][PASSED] - son.sendKeys(Deger): null

2021-10-21 14:09:51 - [MESSAGE][PASSED] - Call Test Case 'Test Cases/Olusturma/Genel/Olusturma' successfully

2021-10-21 14:09:51 - [MESSAGE][INFO] - Checking called Test Case

2021-10-21 14:09:51 - [MESSAGE][INFO] - Starting to call Test Case 'Test Cases/Olusturma/Genel/Olusturma'

2021-10-21 14:09:51 - [TEST_CASE][PASSED] - Test Cases/Olusturma/Genel/Olusturma: Test Cases/Olusturma/Genel/Olusturma

2021-10-21 14:09:51 - [TEST_STEP][PASSED] - driver = getWebDriver(): null

2021-10-21 14:09:51 - [TEST_STEP][PASSED] - action = new org.openqa.selenium.interactions.Actions(driver): null

2021-10-21 14:09:51 - [TEST_STEP][PASSED] - baslikElement = <not implemented yet for class: org.codehaus.groovy.ast.expr.EmptyExpression>: null

2021-10-21 14:09:51 - [TEST_STEP][PASSED] - sonElement = <not implemented yet for class: org.codehaus.groovy.ast.expr.EmptyExpression>: null

2021-10-21 14:09:51 - [TEST_STEP][PASSED] - attr = <not implemented yet for class: org.codehaus.groovy.ast.expr.EmptyExpression>: null

2021-10-21 14:09:51 - [TEST_STEP][PASSED] - a = 0: null

2021-10-21 14:09:51 - [TEST_STEP][PASSED] - elements = findWebElements(findTestObject("Object Repository/Olusturma/Genel/Olusturma/TabloBasliklari"), 10): Found 16 web elements with id: 'Object Repository/Olusturma/Genel/Olusturma/TabloBasliklari' located by 'By.cssSelector: div#divmalhizmet .dxgvTable_LECustomTheme td.dxgvHeader_LECustomTheme tr>td:nth-child(1)' in '10' second(s)

2021-10-21 14:09:51 - [MESSAGE][INFO] - Finding Test Object 'Object Repository/Olusturma/Genel/Olusturma/TabloBasliklari'

2021-10-21 14:09:51 - [MESSAGE][INFO] - Checking timeout

2021-10-21 14:09:51 - [MESSAGE][INFO] - Finding web element with id: 'Object Repository/Olusturma/Genel/Olusturma/TabloBasliklari' located by 'By.cssSelector: div#divmalhizmet .dxgvTable_LECustomTheme td.dxgvHeader_LECustomTheme tr>td:nth-child(1)' in '10' second(s)

2021-10-21 14:09:51 - [MESSAGE][INFO] - Smart Wait Function is triggered

2021-10-21 14:09:52 - [MESSAGE][INFO] - Found 16 web elements with id: 'Object Repository/Olusturma/Genel/Olusturma/TabloBasliklari' located by 'By.cssSelector: div#divmalhizmet .dxgvTable_LECustomTheme td.dxgvHeader_LECustomTheme tr>td:nth-child(1)' in '10' second(s)

2021-10-21 14:09:52 - [TEST_STEP][PASSED] - for (def element : elements): null

2021-10-21 14:09:52 - [TEST_STEP][PASSED] - build().perform(): null

2021-10-21 14:09:52 - [TEST_STEP][PASSED] - if (getText().equals(Baslik)): null

2021-10-21 14:09:52 - [TEST_STEP][PASSED] - build().perform(): null

2021-10-21 14:09:52 - [TEST_STEP][PASSED] - if (getText().equals(Baslik)): null

2021-10-21 14:09:52 - [TEST_STEP][PASSED] - build().perform(): null

2021-10-21 14:09:53 - [TEST_STEP][PASSED] - if (getText().equals(Baslik)): null

2021-10-21 14:09:53 - [TEST_STEP][PASSED] - build().perform(): null

2021-10-21 14:09:53 - [TEST_STEP][PASSED] - if (getText().equals(Baslik)): null

2021-10-21 14:09:53 - [TEST_STEP][PASSED] - build().perform(): null

2021-10-21 14:09:53 - [TEST_STEP][PASSED] - if (getText().equals(Baslik)): null

2021-10-21 14:09:53 - [TEST_STEP][PASSED] - build().perform(): null

2021-10-21 14:09:53 - [TEST_STEP][PASSED] - if (getText().equals(Baslik)): null

2021-10-21 14:09:53 - [TEST_STEP][PASSED] - baslikElement = element.findElement(By.xpath("../../../..")): Smart Wait Function is triggered

2021-10-21 14:09:53 - [MESSAGE][INFO] - Smart Wait Function is triggered

2021-10-21 14:09:53 - [TEST_STEP][PASSED] - attr = baslikElement.getAttribute("id"): null

2021-10-21 14:09:53 - [TEST_STEP][PASSED] - println("girdi ve idsini aldı = " + attr): null

2021-10-21 14:09:53 - [TEST_STEP][PASSED] - break: null

2021-10-21 14:09:53 - [TEST_STEP][PASSED] - countElement = baslikElement.findElements(By.xpath("../td")): Smart Wait Function is triggered

2021-10-21 14:09:53 - [MESSAGE][INFO] - Smart Wait Function is triggered

2021-10-21 14:09:54 - [TEST_STEP][PASSED] - for (def element : countElement): null

2021-10-21 14:09:54 - [TEST_STEP][PASSED] - if (toString().equals(attr.toString())): null

2021-10-21 14:09:54 - [TEST_STEP][PASSED] - (a++): null

2021-10-21 14:09:54 - [TEST_STEP][PASSED] - if (toString().equals(attr.toString())): null

2021-10-21 14:09:54 - [TEST_STEP][PASSED] - (a++): null

2021-10-21 14:09:54 - [TEST_STEP][PASSED] - if (toString().equals(attr.toString())): null

2021-10-21 14:09:54 - [TEST_STEP][PASSED] - (a++): null

2021-10-21 14:09:54 - [TEST_STEP][PASSED] - if (toString().equals(attr.toString())): null

2021-10-21 14:09:54 - [TEST_STEP][PASSED] - (a++): null

2021-10-21 14:09:54 - [TEST_STEP][PASSED] - if (toString().equals(attr.toString())): null

2021-10-21 14:09:54 - [TEST_STEP][PASSED] - (a++): null

2021-10-21 14:09:54 - [TEST_STEP][PASSED] - if (toString().equals(attr.toString())): null

2021-10-21 14:09:54 - [TEST_STEP][PASSED] - (a++): null

2021-10-21 14:09:54 - [TEST_STEP][PASSED] - if (toString().equals(attr.toString())): null

2021-10-21 14:09:54 - [TEST_STEP][PASSED] - break: null

2021-10-21 14:09:54 - [TEST_STEP][PASSED] - son = findWebElement(findTestObject("Object Repository/Olusturma/Genel/Olusturma/EklenenSatir")).findElement(By.xpath("td[@class='dxgvInlineEditCell_LECustomTheme dxgv'][" + a + "]//td[@class='dxic']/input")): Smart Wait Function is triggered

2021-10-21 14:09:54 - [MESSAGE][INFO] - Finding Test Object 'Object Repository/Olusturma/Genel/Olusturma/EklenenSatir'

2021-10-21 14:09:54 - [MESSAGE][INFO] - Finding web element from Test Object's properties

2021-10-21 14:09:54 - [MESSAGE][INFO] - Checking timeout

2021-10-21 14:09:54 - [MESSAGE][INFO] - Finding web element with id: 'Object Repository/Olusturma/Genel/Olusturma/EklenenSatir' located by 'By.cssSelector: #divmalhizmet .dxgvInlineEditRow_LECustomTheme' in '30' second(s)

2021-10-21 14:09:54 - [MESSAGE][INFO] - Smart Wait Function is triggered

2021-10-21 14:09:54 - [MESSAGE][INFO] - Found 1 web elements with id: 'Object Repository/Olusturma/Genel/Olusturma/EklenenSatir' located by 'By.cssSelector: #divmalhizmet .dxgvInlineEditRow_LECustomTheme' in '30' second(s)

2021-10-21 14:09:54 - [MESSAGE][INFO] - Smart Wait Function is triggered

2021-10-21 14:09:54 - [TEST_STEP][PASSED] - if (!(getAttribute("value").contains("Vkn"))): null

2021-10-21 14:09:55 - [TEST_STEP][PASSED] - son.clear(): null

2021-10-21 14:09:55 - [TEST_STEP][PASSED] - son.sendKeys(Deger): null

2021-10-21 14:09:55 - [MESSAGE][PASSED] - Call Test Case 'Test Cases/Olusturma/Genel/Olusturma' successfully

2021-10-21 14:09:55 - [MESSAGE][INFO] - Checking called Test Case

2021-10-21 14:09:55 - [MESSAGE][INFO] - Starting to call Test Case 'Test Cases/Olusturma/Genel/Olusturma'

2021-10-21 14:09:55 - [TEST_CASE][PASSED] - Test Cases/Olusturma/Genel/Olusturma: Test Cases/Olusturma/Genel/Olusturma

2021-10-21 14:09:55 - [TEST_STEP][PASSED] - driver = getWebDriver(): null

2021-10-21 14:09:55 - [TEST_STEP][PASSED] - action = new org.openqa.selenium.interactions.Actions(driver): null

2021-10-21 14:09:55 - [TEST_STEP][PASSED] - baslikElement = <not implemented yet for class: org.codehaus.groovy.ast.expr.EmptyExpression>: null

2021-10-21 14:09:55 - [TEST_STEP][PASSED] - sonElement = <not implemented yet for class: org.codehaus.groovy.ast.expr.EmptyExpression>: null

2021-10-21 14:09:55 - [TEST_STEP][PASSED] - attr = <not implemented yet for class: org.codehaus.groovy.ast.expr.EmptyExpression>: null

2021-10-21 14:09:55 - [TEST_STEP][PASSED] - a = 0: null

2021-10-21 14:09:55 - [TEST_STEP][PASSED] - elements = findWebElements(findTestObject("Object Repository/Olusturma/Genel/Olusturma/TabloBasliklari"), 10): Found 16 web elements with id: 'Object Repository/Olusturma/Genel/Olusturma/TabloBasliklari' located by 'By.cssSelector: div#divmalhizmet .dxgvTable_LECustomTheme td.dxgvHeader_LECustomTheme tr>td:nth-child(1)' in '10' second(s)

2021-10-21 14:09:55 - [MESSAGE][INFO] - Finding Test Object 'Object Repository/Olusturma/Genel/Olusturma/TabloBasliklari'

2021-10-21 14:09:55 - [MESSAGE][INFO] - Checking timeout

2021-10-21 14:09:55 - [MESSAGE][INFO] - Finding web element with id: 'Object Repository/Olusturma/Genel/Olusturma/TabloBasliklari' located by 'By.cssSelector: div#divmalhizmet .dxgvTable_LECustomTheme td.dxgvHeader_LECustomTheme tr>td:nth-child(1)' in '10' second(s)

2021-10-21 14:09:55 - [MESSAGE][INFO] - Smart Wait Function is triggered

2021-10-21 14:09:55 - [MESSAGE][INFO] - Found 16 web elements with id: 'Object Repository/Olusturma/Genel/Olusturma/TabloBasliklari' located by 'By.cssSelector: div#divmalhizmet .dxgvTable_LECustomTheme td.dxgvHeader_LECustomTheme tr>td:nth-child(1)' in '10' second(s)

2021-10-21 14:09:55 - [TEST_STEP][PASSED] - for (def element : elements): null

2021-10-21 14:09:55 - [TEST_STEP][PASSED] - build().perform(): null

2021-10-21 14:09:55 - [TEST_STEP][PASSED] - if (getText().equals(Baslik)): null

2021-10-21 14:09:55 - [TEST_STEP][PASSED] - build().perform(): null

2021-10-21 14:09:56 - [TEST_STEP][PASSED] - if (getText().equals(Baslik)): null

2021-10-21 14:09:56 - [TEST_STEP][PASSED] - build().perform(): null

2021-10-21 14:09:56 - [TEST_STEP][PASSED] - if (getText().equals(Baslik)): null

2021-10-21 14:09:56 - [TEST_STEP][PASSED] - build().perform(): null

2021-10-21 14:09:56 - [TEST_STEP][PASSED] - if (getText().equals(Baslik)): null

2021-10-21 14:09:56 - [TEST_STEP][PASSED] - build().perform(): null

2021-10-21 14:09:56 - [TEST_STEP][PASSED] - if (getText().equals(Baslik)): null

2021-10-21 14:09:56 - [TEST_STEP][PASSED] - build().perform(): null

2021-10-21 14:09:56 - [TEST_STEP][PASSED] - if (getText().equals(Baslik)): null

2021-10-21 14:09:56 - [TEST_STEP][PASSED] - build().perform(): null

2021-10-21 14:09:56 - [TEST_STEP][PASSED] - if (getText().equals(Baslik)): null

2021-10-21 14:09:56 - [TEST_STEP][PASSED] - baslikElement = element.findElement(By.xpath("../../../..")): Smart Wait Function is triggered

2021-10-21 14:09:56 - [MESSAGE][INFO] - Smart Wait Function is triggered

2021-10-21 14:09:57 - [TEST_STEP][PASSED] - attr = baslikElement.getAttribute("id"): null

2021-10-21 14:09:57 - [TEST_STEP][PASSED] - println("girdi ve idsini aldı = " + attr): null

2021-10-21 14:09:57 - [TEST_STEP][PASSED] - break: null

2021-10-21 14:09:57 - [TEST_STEP][PASSED] - countElement = baslikElement.findElements(By.xpath("../td")): Smart Wait Function is triggered

2021-10-21 14:09:57 - [MESSAGE][INFO] - Smart Wait Function is triggered

2021-10-21 14:09:57 - [TEST_STEP][PASSED] - for (def element : countElement): null

2021-10-21 14:09:57 - [TEST_STEP][PASSED] - if (toString().equals(attr.toString())): null

2021-10-21 14:09:57 - [TEST_STEP][PASSED] - (a++): null

2021-10-21 14:09:57 - [TEST_STEP][PASSED] - if (toString().equals(attr.toString())): null

2021-10-21 14:09:57 - [TEST_STEP][PASSED] - (a++): null

2021-10-21 14:09:57 - [TEST_STEP][PASSED] - if (toString().equals(attr.toString())): null

2021-10-21 14:09:57 - [TEST_STEP][PASSED] - (a++): null

2021-10-21 14:09:57 - [TEST_STEP][PASSED] - if (toString().equals(attr.toString())): null

2021-10-21 14:09:57 - [TEST_STEP][PASSED] - (a++): null

2021-10-21 14:09:57 - [TEST_STEP][PASSED] - if (toString().equals(attr.toString())): null

2021-10-21 14:09:57 - [TEST_STEP][PASSED] - (a++): null

2021-10-21 14:09:57 - [TEST_STEP][PASSED] - if (toString().equals(attr.toString())): null

2021-10-21 14:09:57 - [TEST_STEP][PASSED] - (a++): null

2021-10-21 14:09:57 - [TEST_STEP][PASSED] - if (toString().equals(attr.toString())): null

2021-10-21 14:09:57 - [TEST_STEP][PASSED] - (a++): null

2021-10-21 14:09:57 - [TEST_STEP][PASSED] - if (toString().equals(attr.toString())): null

2021-10-21 14:09:57 - [TEST_STEP][PASSED] - break: null

2021-10-21 14:09:57 - [TEST_STEP][PASSED] - son = findWebElement(findTestObject("Object Repository/Olusturma/Genel/Olusturma/EklenenSatir")).findElement(By.xpath("td[@class='dxgvInlineEditCell_LECustomTheme dxgv'][" + a + "]//td[@class='dxic']/input")): Smart Wait Function is triggered

2021-10-21 14:09:57 - [MESSAGE][INFO] - Finding Test Object 'Object Repository/Olusturma/Genel/Olusturma/EklenenSatir'

2021-10-21 14:09:57 - [MESSAGE][INFO] - Finding web element from Test Object's properties

2021-10-21 14:09:57 - [MESSAGE][INFO] - Checking timeout

2021-10-21 14:09:57 - [MESSAGE][INFO] - Finding web element with id: 'Object Repository/Olusturma/Genel/Olusturma/EklenenSatir' located by 'By.cssSelector: #divmalhizmet .dxgvInlineEditRow_LECustomTheme' in '30' second(s)

2021-10-21 14:09:57 - [MESSAGE][INFO] - Smart Wait Function is triggered

2021-10-21 14:09:58 - [MESSAGE][INFO] - Found 1 web elements with id: 'Object Repository/Olusturma/Genel/Olusturma/EklenenSatir' located by 'By.cssSelector: #divmalhizmet .dxgvInlineEditRow_LECustomTheme' in '30' second(s)

2021-10-21 14:09:58 - [MESSAGE][INFO] - Smart Wait Function is triggered

2021-10-21 14:09:58 - [TEST_STEP][PASSED] - if (!(getAttribute("value").contains("Vkn"))): null

2021-10-21 14:09:58 - [TEST_STEP][PASSED] - son.clear(): null

2021-10-21 14:09:58 - [TEST_STEP][PASSED] - son.sendKeys(Deger): null

2021-10-21 14:09:58 - [MESSAGE][PASSED] - Call Test Case 'Test Cases/Olusturma/Genel/Olusturma' successfully

2021-10-21 14:09:58 - [MESSAGE][INFO] - Checking called Test Case

2021-10-21 14:09:58 - [MESSAGE][INFO] - Starting to call Test Case 'Test Cases/Olusturma/Genel/Olusturma'

2021-10-21 14:09:58 - [TEST_CASE][PASSED] - Test Cases/Olusturma/Genel/Olusturma: Test Cases/Olusturma/Genel/Olusturma

2021-10-21 14:09:58 - [TEST_STEP][PASSED] - driver = getWebDriver(): null

2021-10-21 14:09:58 - [TEST_STEP][PASSED] - action = new org.openqa.selenium.interactions.Actions(driver): null

2021-10-21 14:09:58 - [TEST_STEP][PASSED] - baslikElement = <not implemented yet for class: org.codehaus.groovy.ast.expr.EmptyExpression>: null

2021-10-21 14:09:58 - [TEST_STEP][PASSED] - sonElement = <not implemented yet for class: org.codehaus.groovy.ast.expr.EmptyExpression>: null

2021-10-21 14:09:58 - [TEST_STEP][PASSED] - attr = <not implemented yet for class: org.codehaus.groovy.ast.expr.EmptyExpression>: null

2021-10-21 14:09:58 - [TEST_STEP][PASSED] - a = 0: null

2021-10-21 14:09:58 - [TEST_STEP][PASSED] - elements = findWebElements(findTestObject("Object Repository/Olusturma/Genel/Olusturma/TabloBasliklari"), 10): Found 16 web elements with id: 'Object Repository/Olusturma/Genel/Olusturma/TabloBasliklari' located by 'By.cssSelector: div#divmalhizmet .dxgvTable_LECustomTheme td.dxgvHeader_LECustomTheme tr>td:nth-child(1)' in '10' second(s)

2021-10-21 14:09:58 - [MESSAGE][INFO] - Finding Test Object 'Object Repository/Olusturma/Genel/Olusturma/TabloBasliklari'

2021-10-21 14:09:59 - [MESSAGE][INFO] - Checking timeout

2021-10-21 14:09:59 - [MESSAGE][INFO] - Finding web element with id: 'Object Repository/Olusturma/Genel/Olusturma/TabloBasliklari' located by 'By.cssSelector: div#divmalhizmet .dxgvTable_LECustomTheme td.dxgvHeader_LECustomTheme tr>td:nth-child(1)' in '10' second(s)

2021-10-21 14:09:59 - [MESSAGE][INFO] - Smart Wait Function is triggered

2021-10-21 14:09:59 - [MESSAGE][INFO] - Found 16 web elements with id: 'Object Repository/Olusturma/Genel/Olusturma/TabloBasliklari' located by 'By.cssSelector: div#divmalhizmet .dxgvTable_LECustomTheme td.dxgvHeader_LECustomTheme tr>td:nth-child(1)' in '10' second(s)

2021-10-21 14:09:59 - [TEST_STEP][PASSED] - for (def element : elements): null

2021-10-21 14:09:59 - [TEST_STEP][PASSED] - build().perform(): null

2021-10-21 14:09:59 - [TEST_STEP][PASSED] - if (getText().equals(Baslik)): null

2021-10-21 14:09:59 - [TEST_STEP][PASSED] - build().perform(): null

2021-10-21 14:09:59 - [TEST_STEP][PASSED] - if (getText().equals(Baslik)): null

2021-10-21 14:09:59 - [TEST_STEP][PASSED] - build().perform(): null

2021-10-21 14:10:00 - [TEST_STEP][PASSED] - if (getText().equals(Baslik)): null

2021-10-21 14:10:00 - [TEST_STEP][PASSED] - build().perform(): null

2021-10-21 14:10:00 - [TEST_STEP][PASSED] - if (getText().equals(Baslik)): null

2021-10-21 14:10:00 - [TEST_STEP][PASSED] - build().perform(): null

2021-10-21 14:10:00 - [TEST_STEP][PASSED] - if (getText().equals(Baslik)): null

2021-10-21 14:10:00 - [TEST_STEP][PASSED] - build().perform(): null

2021-10-21 14:10:00 - [TEST_STEP][PASSED] - if (getText().equals(Baslik)): null

2021-10-21 14:10:00 - [TEST_STEP][PASSED] - build().perform(): null

2021-10-21 14:10:00 - [TEST_STEP][PASSED] - if (getText().equals(Baslik)): null

2021-10-21 14:10:00 - [TEST_STEP][PASSED] - build().perform(): null

2021-10-21 14:10:00 - [TEST_STEP][PASSED] - if (getText().equals(Baslik)): null

2021-10-21 14:10:00 - [TEST_STEP][PASSED] - build().perform(): null

2021-10-21 14:10:01 - [TEST_STEP][PASSED] - if (getText().equals(Baslik)): null

2021-10-21 14:10:01 - [TEST_STEP][PASSED] - baslikElement = element.findElement(By.xpath("../../../..")): Smart Wait Function is triggered

2021-10-21 14:10:01 - [MESSAGE][INFO] - Smart Wait Function is triggered

2021-10-21 14:10:01 - [TEST_STEP][PASSED] - attr = baslikElement.getAttribute("id"): null

2021-10-21 14:10:01 - [TEST_STEP][PASSED] - println("girdi ve idsini aldı = " + attr): null

2021-10-21 14:10:01 - [TEST_STEP][PASSED] - break: null

2021-10-21 14:10:01 - [TEST_STEP][PASSED] - countElement = baslikElement.findElements(By.xpath("../td")): Smart Wait Function is triggered

2021-10-21 14:10:01 - [MESSAGE][INFO] - Smart Wait Function is triggered

2021-10-21 14:10:01 - [TEST_STEP][PASSED] - for (def element : countElement): null

2021-10-21 14:10:01 - [TEST_STEP][PASSED] - if (toString().equals(attr.toString())): null

2021-10-21 14:10:01 - [TEST_STEP][PASSED] - (a++): null

2021-10-21 14:10:01 - [TEST_STEP][PASSED] - if (toString().equals(attr.toString())): null

2021-10-21 14:10:01 - [TEST_STEP][PASSED] - (a++): null

2021-10-21 14:10:01 - [TEST_STEP][PASSED] - if (toString().equals(attr.toString())): null

2021-10-21 14:10:01 - [TEST_STEP][PASSED] - (a++): null

2021-10-21 14:10:01 - [TEST_STEP][PASSED] - if (toString().equals(attr.toString())): null

2021-10-21 14:10:01 - [TEST_STEP][PASSED] - (a++): null

2021-10-21 14:10:01 - [TEST_STEP][PASSED] - if (toString().equals(attr.toString())): null

2021-10-21 14:10:01 - [TEST_STEP][PASSED] - (a++): null

2021-10-21 14:10:01 - [TEST_STEP][PASSED] - if (toString().equals(attr.toString())): null

2021-10-21 14:10:01 - [TEST_STEP][PASSED] - (a++): null

2021-10-21 14:10:01 - [TEST_STEP][PASSED] - if (toString().equals(attr.toString())): null

2021-10-21 14:10:01 - [TEST_STEP][PASSED] - (a++): null

2021-10-21 14:10:01 - [TEST_STEP][PASSED] - if (toString().equals(attr.toString())): null

2021-10-21 14:10:01 - [TEST_STEP][PASSED] - (a++): null

2021-10-21 14:10:01 - [TEST_STEP][PASSED] - if (toString().equals(attr.toString())): null

2021-10-21 14:10:01 - [TEST_STEP][PASSED] - (a++): null

2021-10-21 14:10:01 - [TEST_STEP][PASSED] - if (toString().equals(attr.toString())): null

2021-10-21 14:10:01 - [TEST_STEP][PASSED] - break: null

2021-10-21 14:10:01 - [TEST_STEP][PASSED] - son = findWebElement(findTestObject("Object Repository/Olusturma/Genel/Olusturma/EklenenSatir")).findElement(By.xpath("td[@class='dxgvInlineEditCell_LECustomTheme dxgv'][" + a + "]//td[@class='dxic']/input")): Smart Wait Function is triggered

2021-10-21 14:10:01 - [MESSAGE][INFO] - Finding Test Object 'Object Repository/Olusturma/Genel/Olusturma/EklenenSatir'

2021-10-21 14:10:01 - [MESSAGE][INFO] - Finding web element from Test Object's properties

2021-10-21 14:10:01 - [MESSAGE][INFO] - Checking timeout

2021-10-21 14:10:01 - [MESSAGE][INFO] - Finding web element with id: 'Object Repository/Olusturma/Genel/Olusturma/EklenenSatir' located by 'By.cssSelector: #divmalhizmet .dxgvInlineEditRow_LECustomTheme' in '30' second(s)

2021-10-21 14:10:01 - [MESSAGE][INFO] - Smart Wait Function is triggered

2021-10-21 14:10:02 - [MESSAGE][INFO] - Found 1 web elements with id: 'Object Repository/Olusturma/Genel/Olusturma/EklenenSatir' located by 'By.cssSelector: #divmalhizmet .dxgvInlineEditRow_LECustomTheme' in '30' second(s)

2021-10-21 14:10:02 - [MESSAGE][INFO] - Smart Wait Function is triggered

2021-10-21 14:10:02 - [TEST_STEP][PASSED] - if (!(getAttribute("value").contains("Vkn"))): null

2021-10-21 14:10:02 - [TEST_STEP][PASSED] - son.clear(): null

2021-10-21 14:10:02 - [TEST_STEP][PASSED] - son.sendKeys(Deger): null

2021-10-21 14:10:03 - [MESSAGE][PASSED] - Call Test Case 'Test Cases/Olusturma/Genel/Olusturma' successfully

2021-10-21 14:10:03 - [MESSAGE][INFO] - Checking called Test Case

2021-10-21 14:10:03 - [MESSAGE][INFO] - Starting to call Test Case 'Test Cases/Olusturma/Genel/Olusturma'

2021-10-21 14:10:03 - [TEST_CASE][PASSED] - Test Cases/Olusturma/Genel/Olusturma: Test Cases/Olusturma/Genel/Olusturma

2021-10-21 14:10:03 - [TEST_STEP][PASSED] - driver = getWebDriver(): null

2021-10-21 14:10:03 - [TEST_STEP][PASSED] - action = new org.openqa.selenium.interactions.Actions(driver): null

2021-10-21 14:10:03 - [TEST_STEP][PASSED] - baslikElement = <not implemented yet for class: org.codehaus.groovy.ast.expr.EmptyExpression>: null

2021-10-21 14:10:03 - [TEST_STEP][PASSED] - sonElement = <not implemented yet for class: org.codehaus.groovy.ast.expr.EmptyExpression>: null

2021-10-21 14:10:03 - [TEST_STEP][PASSED] - attr = <not implemented yet for class: org.codehaus.groovy.ast.expr.EmptyExpression>: null

2021-10-21 14:10:03 - [TEST_STEP][PASSED] - a = 0: null

2021-10-21 14:10:03 - [TEST_STEP][PASSED] - elements = findWebElements(findTestObject("Object Repository/Olusturma/Genel/Olusturma/TabloBasliklari"), 10): Found 16 web elements with id: 'Object Repository/Olusturma/Genel/Olusturma/TabloBasliklari' located by 'By.cssSelector: div#divmalhizmet .dxgvTable_LECustomTheme td.dxgvHeader_LECustomTheme tr>td:nth-child(1)' in '10' second(s)

2021-10-21 14:10:03 - [MESSAGE][INFO] - Finding Test Object 'Object Repository/Olusturma/Genel/Olusturma/TabloBasliklari'

2021-10-21 14:10:03 - [MESSAGE][INFO] - Checking timeout

2021-10-21 14:10:03 - [MESSAGE][INFO] - Finding web element with id: 'Object Repository/Olusturma/Genel/Olusturma/TabloBasliklari' located by 'By.cssSelector: div#divmalhizmet .dxgvTable_LECustomTheme td.dxgvHeader_LECustomTheme tr>td:nth-child(1)' in '10' second(s)

2021-10-21 14:10:03 - [MESSAGE][INFO] - Smart Wait Function is triggered

2021-10-21 14:10:03 - [MESSAGE][INFO] - Found 16 web elements with id: 'Object Repository/Olusturma/Genel/Olusturma/TabloBasliklari' located by 'By.cssSelector: div#divmalhizmet .dxgvTable_LECustomTheme td.dxgvHeader_LECustomTheme tr>td:nth-child(1)' in '10' second(s)

2021-10-21 14:10:03 - [TEST_STEP][PASSED] - for (def element : elements): null

2021-10-21 14:10:03 - [TEST_STEP][PASSED] - build().perform(): null

2021-10-21 14:10:03 - [TEST_STEP][PASSED] - if (getText().equals(Baslik)): null

2021-10-21 14:10:03 - [TEST_STEP][PASSED] - build().perform(): null

2021-10-21 14:10:03 - [TEST_STEP][PASSED] - if (getText().equals(Baslik)): null

2021-10-21 14:10:03 - [TEST_STEP][PASSED] - build().perform(): null

2021-10-21 14:10:04 - [TEST_STEP][PASSED] - if (getText().equals(Baslik)): null

2021-10-21 14:10:04 - [TEST_STEP][PASSED] - build().perform(): null

2021-10-21 14:10:04 - [TEST_STEP][PASSED] - if (getText().equals(Baslik)): null

2021-10-21 14:10:04 - [TEST_STEP][PASSED] - build().perform(): null

2021-10-21 14:10:04 - [TEST_STEP][PASSED] - if (getText().equals(Baslik)): null

2021-10-21 14:10:04 - [TEST_STEP][PASSED] - build().perform(): null

2021-10-21 14:10:04 - [TEST_STEP][PASSED] - if (getText().equals(Baslik)): null

2021-10-21 14:10:04 - [TEST_STEP][PASSED] - build().perform(): null

2021-10-21 14:10:04 - [TEST_STEP][PASSED] - if (getText().equals(Baslik)): null

2021-10-21 14:10:04 - [TEST_STEP][PASSED] - build().perform(): null

2021-10-21 14:10:04 - [TEST_STEP][PASSED] - if (getText().equals(Baslik)): null

2021-10-21 14:10:04 - [TEST_STEP][PASSED] - build().perform(): null

2021-10-21 14:10:04 - [TEST_STEP][PASSED] - if (getText().equals(Baslik)): null

2021-10-21 14:10:04 - [TEST_STEP][PASSED] - build().perform(): null

2021-10-21 14:10:05 - [TEST_STEP][PASSED] - if (getText().equals(Baslik)): null

2021-10-21 14:10:05 - [TEST_STEP][PASSED] - baslikElement = element.findElement(By.xpath("../../../..")): Smart Wait Function is triggered

2021-10-21 14:10:05 - [MESSAGE][INFO] - Smart Wait Function is triggered

2021-10-21 14:10:05 - [TEST_STEP][PASSED] - attr = baslikElement.getAttribute("id"): null

2021-10-21 14:10:05 - [TEST_STEP][PASSED] - println("girdi ve idsini aldı = " + attr): null

2021-10-21 14:10:05 - [TEST_STEP][PASSED] - break: null

2021-10-21 14:10:05 - [TEST_STEP][PASSED] - countElement = baslikElement.findElements(By.xpath("../td")): Smart Wait Function is triggered

2021-10-21 14:10:05 - [MESSAGE][INFO] - Smart Wait Function is triggered

2021-10-21 14:10:05 - [TEST_STEP][PASSED] - for (def element : countElement): null

2021-10-21 14:10:05 - [TEST_STEP][PASSED] - if (toString().equals(attr.toString())): null

2021-10-21 14:10:05 - [TEST_STEP][PASSED] - (a++): null

2021-10-21 14:10:05 - [TEST_STEP][PASSED] - if (toString().equals(attr.toString())): null

2021-10-21 14:10:05 - [TEST_STEP][PASSED] - (a++): null

2021-10-21 14:10:05 - [TEST_STEP][PASSED] - if (toString().equals(attr.toString())): null

2021-10-21 14:10:05 - [TEST_STEP][PASSED] - (a++): null

2021-10-21 14:10:05 - [TEST_STEP][PASSED] - if (toString().equals(attr.toString())): null

2021-10-21 14:10:05 - [TEST_STEP][PASSED] - (a++): null

2021-10-21 14:10:05 - [TEST_STEP][PASSED] - if (toString().equals(attr.toString())): null

2021-10-21 14:10:05 - [TEST_STEP][PASSED] - (a++): null

2021-10-21 14:10:05 - [TEST_STEP][PASSED] - if (toString().equals(attr.toString())): null

2021-10-21 14:10:05 - [TEST_STEP][PASSED] - (a++): null

2021-10-21 14:10:05 - [TEST_STEP][PASSED] - if (toString().equals(attr.toString())): null

2021-10-21 14:10:05 - [TEST_STEP][PASSED] - (a++): null

2021-10-21 14:10:05 - [TEST_STEP][PASSED] - if (toString().equals(attr.toString())): null

2021-10-21 14:10:05 - [TEST_STEP][PASSED] - (a++): null

2021-10-21 14:10:05 - [TEST_STEP][PASSED] - if (toString().equals(attr.toString())): null

2021-10-21 14:10:05 - [TEST_STEP][PASSED] - (a++): null

2021-10-21 14:10:05 - [TEST_STEP][PASSED] - if (toString().equals(attr.toString())): null

2021-10-21 14:10:05 - [TEST_STEP][PASSED] - (a++): null

2021-10-21 14:10:05 - [TEST_STEP][PASSED] - if (toString().equals(attr.toString())): null

2021-10-21 14:10:05 - [TEST_STEP][PASSED] - break: null

2021-10-21 14:10:05 - [TEST_STEP][PASSED] - son = findWebElement(findTestObject("Object Repository/Olusturma/Genel/Olusturma/EklenenSatir")).findElement(By.xpath("td[@class='dxgvInlineEditCell_LECustomTheme dxgv'][" + a + "]//td[@class='dxic']/input")): Smart Wait Function is triggered

2021-10-21 14:10:05 - [MESSAGE][INFO] - Finding Test Object 'Object Repository/Olusturma/Genel/Olusturma/EklenenSatir'

2021-10-21 14:10:05 - [MESSAGE][INFO] - Finding web element from Test Object's properties

2021-10-21 14:10:05 - [MESSAGE][INFO] - Checking timeout

2021-10-21 14:10:05 - [MESSAGE][INFO] - Finding web element with id: 'Object Repository/Olusturma/Genel/Olusturma/EklenenSatir' located by 'By.cssSelector: #divmalhizmet .dxgvInlineEditRow_LECustomTheme' in '30' second(s)

2021-10-21 14:10:05 - [MESSAGE][INFO] - Smart Wait Function is triggered

2021-10-21 14:10:06 - [MESSAGE][INFO] - Found 1 web elements with id: 'Object Repository/Olusturma/Genel/Olusturma/EklenenSatir' located by 'By.cssSelector: #divmalhizmet .dxgvInlineEditRow_LECustomTheme' in '30' second(s)

2021-10-21 14:10:06 - [MESSAGE][INFO] - Smart Wait Function is triggered

2021-10-21 14:10:06 - [TEST_STEP][PASSED] - if (!(getAttribute("value").contains("Vkn"))): null

2021-10-21 14:10:06 - [TEST_STEP][PASSED] - son.clear(): null

2021-10-21 14:10:06 - [TEST_STEP][PASSED] - son.sendKeys(Deger): null

2021-10-21 14:10:06 - [MESSAGE][PASSED] - Call Test Case 'Test Cases/Olusturma/Genel/Olusturma' successfully

2021-10-21 14:10:06 - [MESSAGE][INFO] - Checking called Test Case

2021-10-21 14:10:06 - [MESSAGE][INFO] - Starting to call Test Case 'Test Cases/Olusturma/Genel/NotGirilir'

2021-10-21 14:10:06 - [TEST_CASE][PASSED] - Test Cases/Olusturma/Genel/NotGirilir: Test Cases/Olusturma/Genel/NotGirilir

2021-10-21 14:10:06 - [TEST_STEP][PASSED] - i = 0: null

2021-10-21 14:10:06 - [TEST_STEP][PASSED] - waitForElementClickable(findTestObject("Olusturma/Genel/Not/Notlar"), 10): Object 'Object Repository/Olusturma/Genel/Not/Notlar' is clickable

2021-10-21 14:10:06 - [MESSAGE][INFO] - Finding Test Object 'Object Repository/Olusturma/Genel/Not/Notlar'

2021-10-21 14:10:06 - [MESSAGE][INFO] - Checking object

2021-10-21 14:10:06 - [MESSAGE][INFO] - Checking timeout

2021-10-21 14:10:06 - [MESSAGE][INFO] - Finding web element from Test Object's properties

2021-10-21 14:10:06 - [MESSAGE][INFO] - Checking timeout

2021-10-21 14:10:06 - [MESSAGE][INFO] - Finding web element with id: 'Object Repository/Olusturma/Genel/Not/Notlar' located by 'By.xpath: //*[@id = 'txtNote_I']' in '10' second(s)

2021-10-21 14:10:06 - [MESSAGE][INFO] - Smart Wait Function is triggered

2021-10-21 14:10:07 - [MESSAGE][INFO] - Found 1 web elements with id: 'Object Repository/Olusturma/Genel/Not/Notlar' located by 'By.xpath: //*[@id = 'txtNote_I']' in '10' second(s)

2021-10-21 14:10:07 - [MESSAGE][PASSED] - Object 'Object Repository/Olusturma/Genel/Not/Notlar' is clickable

2021-10-21 14:10:07 - [TEST_STEP][PASSED] - clearText(findTestObject("Olusturma/Genel/Not/Notlar")): Text of object 'Object Repository/Olusturma/Genel/Not/Notlar' is cleared

2021-10-21 14:10:07 - [MESSAGE][INFO] - Finding Test Object 'Object Repository/Olusturma/Genel/Not/Notlar'

2021-10-21 14:10:07 - [MESSAGE][INFO] - Checking object

2021-10-21 14:10:07 - [MESSAGE][INFO] - Finding web element from Test Object's properties

2021-10-21 14:10:07 - [MESSAGE][INFO] - Checking timeout

2021-10-21 14:10:07 - [MESSAGE][INFO] - Finding web element with id: 'Object Repository/Olusturma/Genel/Not/Notlar' located by 'By.xpath: //*[@id = 'txtNote_I']' in '30' second(s)

2021-10-21 14:10:07 - [MESSAGE][INFO] - Smart Wait Function is triggered

2021-10-21 14:10:07 - [MESSAGE][INFO] - Found 1 web elements with id: 'Object Repository/Olusturma/Genel/Not/Notlar' located by 'By.xpath: //*[@id = 'txtNote_I']' in '30' second(s)

2021-10-21 14:10:07 - [MESSAGE][INFO] - Clearing text of object 'Object Repository/Olusturma/Genel/Not/Notlar'

2021-10-21 14:10:07 - [MESSAGE][PASSED] - Text of object 'Object Repository/Olusturma/Genel/Not/Notlar' is cleared

2021-10-21 14:10:07 - [TEST_STEP][PASSED] - click(findTestObject("Olusturma/Genel/Not/Notlar")): Object: 'Object Repository/Olusturma/Genel/Not/Notlar' is clicked on

2021-10-21 14:10:07 - [MESSAGE][INFO] - Finding Test Object 'Object Repository/Olusturma/Genel/Not/Notlar'

2021-10-21 14:10:07 - [MESSAGE][INFO] - Checking object

2021-10-21 14:10:07 - [MESSAGE][INFO] - Finding web element from Test Object's properties

2021-10-21 14:10:07 - [MESSAGE][INFO] - Checking timeout

2021-10-21 14:10:07 - [MESSAGE][INFO] - Finding web element with id: 'Object Repository/Olusturma/Genel/Not/Notlar' located by 'By.xpath: //*[@id = 'txtNote_I']' in '30' second(s)

2021-10-21 14:10:07 - [MESSAGE][INFO] - Smart Wait Function is triggered

2021-10-21 14:10:08 - [MESSAGE][INFO] - Found 1 web elements with id: 'Object Repository/Olusturma/Genel/Not/Notlar' located by 'By.xpath: //*[@id = 'txtNote_I']' in '30' second(s)

2021-10-21 14:10:08 - [MESSAGE][INFO] - Clicking on object: 'Object Repository/Olusturma/Genel/Not/Notlar'

2021-10-21 14:10:08 - [MESSAGE][PASSED] - Object: 'Object Repository/Olusturma/Genel/Not/Notlar' is clicked on

2021-10-21 14:10:08 - [TEST_STEP][PASSED] - while (true): null

2021-10-21 14:10:08 - [TEST_STEP][PASSED] - delay(1): Delayed 1 second(s)

2021-10-21 14:10:08 - [MESSAGE][INFO] - Delaying browser in 1 second(s)

2021-10-21 14:10:09 - [MESSAGE][PASSED] - Delayed 1 second(s)

2021-10-21 14:10:09 - [TEST_STEP][PASSED] - ajaxIsComplete = executeJavaScript("return jQuery.active == 0", null): Execute JavaScript 'return jQuery.active == 0' successfully

2021-10-21 14:10:09 - [MESSAGE][PASSED] - Execute JavaScript 'return jQuery.active == 0' successfully

2021-10-21 14:10:09 - [TEST_STEP][PASSED] - if (ajaxIsComplete): null

2021-10-21 14:10:09 - [TEST_STEP][PASSED] - if (i > 10): null

2021-10-21 14:10:09 - [TEST_STEP][PASSED] - (i++): null

2021-10-21 14:10:09 - [TEST_STEP][PASSED] - delay(1): Delayed 1 second(s)

2021-10-21 14:10:09 - [MESSAGE][INFO] - Delaying browser in 1 second(s)

2021-10-21 14:10:10 - [MESSAGE][PASSED] - Delayed 1 second(s)

2021-10-21 14:10:10 - [TEST_STEP][PASSED] - ajaxIsComplete = executeJavaScript("return jQuery.active == 0", null): Execute JavaScript 'return jQuery.active == 0' successfully

2021-10-21 14:10:10 - [MESSAGE][PASSED] - Execute JavaScript 'return jQuery.active == 0' successfully

2021-10-21 14:10:10 - [TEST_STEP][PASSED] - if (ajaxIsComplete): null

2021-10-21 14:10:10 - [TEST_STEP][PASSED] - break: null

2021-10-21 14:10:10 - [TEST_STEP][PASSED] - sendKeys(findTestObject("Olusturma/Genel/Not/Notlar"), Not): Keys 'Otomasyon Not' sent to object: 'Object Repository/Olusturma/Genel/Not/Notlar'

2021-10-21 14:10:10 - [MESSAGE][INFO] - Finding Test Object 'Object Repository/Olusturma/Genel/Not/Notlar'

2021-10-21 14:10:10 - [MESSAGE][INFO] - Sending keys 'Otomasyon Not' to object: 'Object Repository/Olusturma/Genel/Not/Notlar'

2021-10-21 14:10:10 - [MESSAGE][INFO] - Finding web element from Test Object's properties

2021-10-21 14:10:10 - [MESSAGE][INFO] - Checking timeout

2021-10-21 14:10:10 - [MESSAGE][INFO] - Finding web element with id: 'Object Repository/Olusturma/Genel/Not/Notlar' located by 'By.xpath: //*[@id = 'txtNote_I']' in '30' second(s)

2021-10-21 14:10:10 - [MESSAGE][INFO] - Smart Wait Function is triggered

2021-10-21 14:10:10 - [MESSAGE][INFO] - Found 1 web elements with id: 'Object Repository/Olusturma/Genel/Not/Notlar' located by 'By.xpath: //*[@id = 'txtNote_I']' in '30' second(s)

2021-10-21 14:10:10 - [MESSAGE][PASSED] - Keys 'Otomasyon Not' sent to object: 'Object Repository/Olusturma/Genel/Not/Notlar'

2021-10-21 14:10:10 - [MESSAGE][PASSED] - Call Test Case 'Test Cases/Olusturma/Genel/NotGirilir' successfully

2021-10-21 14:10:10 - [MESSAGE][INFO] - Checking called Test Case

2021-10-21 14:10:10 - [MESSAGE][INFO] - Starting to call Test Case 'Test Cases/Olusturma/Genel/EttnBilgisiKayitEdilir'

2021-10-21 14:10:11 - [TEST_CASE][PASSED] - Test Cases/Olusturma/Genel/EttnBilgisiKayitEdilir: Test Cases/Olusturma/Genel/EttnBilgisiKayitEdilir

2021-10-21 14:10:11 - [TEST_STEP][PASSED] - verifyElementPresent(findTestObject("Object Repository/Olusturma/Genel/Olusturma/eArsivEttnBilgisi"), 7): Object 'Object Repository/Olusturma/Genel/Olusturma/eArsivEttnBilgisi' is present

2021-10-21 14:10:11 - [MESSAGE][INFO] - Finding Test Object 'Object Repository/Olusturma/Genel/Olusturma/eArsivEttnBilgisi'

2021-10-21 14:10:11 - [MESSAGE][INFO] - Checking object

2021-10-21 14:10:11 - [MESSAGE][INFO] - Finding web element from Test Object's properties

2021-10-21 14:10:11 - [MESSAGE][INFO] - Checking timeout

2021-10-21 14:10:11 - [MESSAGE][INFO] - Finding web element with id: 'Object Repository/Olusturma/Genel/Olusturma/eArsivEttnBilgisi' located by 'By.xpath: //*[@id = 'Uuid_I']' in '7' second(s)

2021-10-21 14:10:11 - [MESSAGE][INFO] - Smart Wait Function is triggered

2021-10-21 14:10:11 - [MESSAGE][INFO] - Found 1 web elements with id: 'Object Repository/Olusturma/Genel/Olusturma/eArsivEttnBilgisi' located by 'By.xpath: //*[@id = 'Uuid_I']' in '7' second(s)

2021-10-21 14:10:11 - [MESSAGE][PASSED] - Object 'Object Repository/Olusturma/Genel/Olusturma/eArsivEttnBilgisi' is present

2021-10-21 14:10:11 - [TEST_STEP][PASSED] - ettn = getAttribute(findTestObject("Object Repository/Olusturma/Genel/Olusturma/eArsivEttnBilgisi"), "value"): Attribute 'value' of object 'Object Repository/Olusturma/Genel/Olusturma/eArsivEttnBilgisi' is: '3f7f3171-3a9e-45ba-8280-4dadd1b6fe14'

2021-10-21 14:10:11 - [MESSAGE][INFO] - Finding Test Object 'Object Repository/Olusturma/Genel/Olusturma/eArsivEttnBilgisi'

2021-10-21 14:10:11 - [MESSAGE][INFO] - Checking object

2021-10-21 14:10:11 - [MESSAGE][INFO] - Checking attribute

2021-10-21 14:10:11 - [MESSAGE][INFO] - Finding web element from Test Object's properties

2021-10-21 14:10:11 - [MESSAGE][INFO] - Checking timeout

2021-10-21 14:10:11 - [MESSAGE][INFO] - Finding web element with id: 'Object Repository/Olusturma/Genel/Olusturma/eArsivEttnBilgisi' located by 'By.xpath: //*[@id = 'Uuid_I']' in '30' second(s)

2021-10-21 14:10:11 - [MESSAGE][INFO] - Smart Wait Function is triggered

2021-10-21 14:10:11 - [MESSAGE][INFO] - Found 1 web elements with id: 'Object Repository/Olusturma/Genel/Olusturma/eArsivEttnBilgisi' located by 'By.xpath: //*[@id = 'Uuid_I']' in '30' second(s)

2021-10-21 14:10:11 - [MESSAGE][INFO] - Getting attribute 'value' of object 'Object Repository/Olusturma/Genel/Olusturma/eArsivEttnBilgisi'

2021-10-21 14:10:11 - [MESSAGE][PASSED] - Attribute 'value' of object 'Object Repository/Olusturma/Genel/Olusturma/eArsivEttnBilgisi' is: '3f7f3171-3a9e-45ba-8280-4dadd1b6fe14'

2021-10-21 14:10:11 - [MESSAGE][PASSED] - Call Test Case 'Test Cases/Olusturma/Genel/EttnBilgisiKayitEdilir' successfully

2021-10-21 14:10:11 - [MESSAGE][INFO] - Checking called Test Case

2021-10-21 14:10:11 - [MESSAGE][INFO] - Starting to call Test Case 'Test Cases/Olusturma/Genel/KaydetButonunaTiklanir'

2021-10-21 14:10:11 - [TEST_CASE][PASSED] - Test Cases/Olusturma/Genel/KaydetButonunaTiklanir: Test Cases/Olusturma/Genel/KaydetButonunaTiklanir

2021-10-21 14:10:11 - [TEST_STEP][PASSED] - i = 0: null

2021-10-21 14:10:11 - [TEST_STEP][PASSED] - waitForElementPresent(findTestObject("Olusturma/Genel/Not/Notlar"), 10): Object 'Object Repository/Olusturma/Genel/Not/Notlar' is present

2021-10-21 14:10:11 - [MESSAGE][INFO] - Finding Test Object 'Object Repository/Olusturma/Genel/Not/Notlar'

2021-10-21 14:10:12 - [MESSAGE][INFO] - Checking object

2021-10-21 14:10:12 - [MESSAGE][INFO] - Finding web element from Test Object's properties

2021-10-21 14:10:12 - [MESSAGE][INFO] - Checking timeout

2021-10-21 14:10:12 - [MESSAGE][INFO] - Finding web element with id: 'Object Repository/Olusturma/Genel/Not/Notlar' located by 'By.xpath: //*[@id = 'txtNote_I']' in '10' second(s)

2021-10-21 14:10:12 - [MESSAGE][INFO] - Smart Wait Function is triggered

2021-10-21 14:10:12 - [MESSAGE][INFO] - Found 1 web elements with id: 'Object Repository/Olusturma/Genel/Not/Notlar' located by 'By.xpath: //*[@id = 'txtNote_I']' in '10' second(s)

2021-10-21 14:10:12 - [MESSAGE][PASSED] - Object 'Object Repository/Olusturma/Genel/Not/Notlar' is present

2021-10-21 14:10:12 - [TEST_STEP][PASSED] - click(findTestObject("Olusturma/Genel/Not/Notlar")): Object: 'Object Repository/Olusturma/Genel/Not/Notlar' is clicked on

2021-10-21 14:10:12 - [MESSAGE][INFO] - Finding Test Object 'Object Repository/Olusturma/Genel/Not/Notlar'

2021-10-21 14:10:12 - [MESSAGE][INFO] - Checking object

2021-10-21 14:10:12 - [MESSAGE][INFO] - Finding web element from Test Object's properties

2021-10-21 14:10:12 - [MESSAGE][INFO] - Checking timeout

2021-10-21 14:10:12 - [MESSAGE][INFO] - Finding web element with id: 'Object Repository/Olusturma/Genel/Not/Notlar' located by 'By.xpath: //*[@id = 'txtNote_I']' in '30' second(s)

2021-10-21 14:10:12 - [MESSAGE][INFO] - Smart Wait Function is triggered

2021-10-21 14:10:12 - [MESSAGE][INFO] - Found 1 web elements with id: 'Object Repository/Olusturma/Genel/Not/Notlar' located by 'By.xpath: //*[@id = 'txtNote_I']' in '30' second(s)

2021-10-21 14:10:12 - [MESSAGE][INFO] - Clicking on object: 'Object Repository/Olusturma/Genel/Not/Notlar'

2021-10-21 14:10:12 - [MESSAGE][PASSED] - Object: 'Object Repository/Olusturma/Genel/Not/Notlar' is clicked on

2021-10-21 14:10:12 - [TEST_STEP][PASSED] - while (true): null

2021-10-21 14:10:12 - [TEST_STEP][PASSED] - delay(1): Delayed 1 second(s)

2021-10-21 14:10:12 - [MESSAGE][INFO] - Delaying browser in 1 second(s)

2021-10-21 14:10:13 - [MESSAGE][PASSED] - Delayed 1 second(s)

2021-10-21 14:10:13 - [TEST_STEP][PASSED] - ajaxIsComplete = executeJavaScript("return jQuery.active == 0", null): Execute JavaScript 'return jQuery.active == 0' successfully

2021-10-21 14:10:13 - [MESSAGE][PASSED] - Execute JavaScript 'return jQuery.active == 0' successfully

2021-10-21 14:10:13 - [TEST_STEP][PASSED] - if (ajaxIsComplete): null

2021-10-21 14:10:13 - [TEST_STEP][PASSED] - break: null

2021-10-21 14:10:13 - [TEST_STEP][PASSED] - waitForElementClickable(findTestObject("Object Repository/Olusturma/Genel/Buton"), 10): Object 'Object Repository/Olusturma/Genel/Buton' is clickable

2021-10-21 14:10:13 - [MESSAGE][INFO] - Finding Test Object 'Object Repository/Olusturma/Genel/Buton'

2021-10-21 14:10:13 - [MESSAGE][INFO] - Checking object

2021-10-21 14:10:13 - [MESSAGE][INFO] - Checking timeout

2021-10-21 14:10:13 - [MESSAGE][INFO] - Finding web element from Test Object's properties

2021-10-21 14:10:13 - [MESSAGE][INFO] - Checking timeout

2021-10-21 14:10:13 - [MESSAGE][INFO] - Finding web element with id: 'Object Repository/Olusturma/Genel/Buton' located by 'By.xpath: //*[@id = 'btnKaydet']' in '10' second(s)

2021-10-21 14:10:13 - [MESSAGE][INFO] - Smart Wait Function is triggered

2021-10-21 14:10:14 - [MESSAGE][INFO] - Found 1 web elements with id: 'Object Repository/Olusturma/Genel/Buton' located by 'By.xpath: //*[@id = 'btnKaydet']' in '10' second(s)

2021-10-21 14:10:14 - [MESSAGE][PASSED] - Object 'Object Repository/Olusturma/Genel/Buton' is clickable

2021-10-21 14:10:14 - [TEST_STEP][PASSED] - click(findTestObject("Object Repository/Olusturma/Genel/Buton")): Object: 'Object Repository/Olusturma/Genel/Buton' is clicked on

2021-10-21 14:10:14 - [MESSAGE][INFO] - Finding Test Object 'Object Repository/Olusturma/Genel/Buton'

2021-10-21 14:10:14 - [MESSAGE][INFO] - Checking object

2021-10-21 14:10:14 - [MESSAGE][INFO] - Finding web element from Test Object's properties

2021-10-21 14:10:14 - [MESSAGE][INFO] - Checking timeout

2021-10-21 14:10:14 - [MESSAGE][INFO] - Finding web element with id: 'Object Repository/Olusturma/Genel/Buton' located by 'By.xpath: //*[@id = 'btnKaydet']' in '30' second(s)

2021-10-21 14:10:14 - [MESSAGE][INFO] - Smart Wait Function is triggered

2021-10-21 14:10:14 - [MESSAGE][INFO] - Found 1 web elements with id: 'Object Repository/Olusturma/Genel/Buton' located by 'By.xpath: //*[@id = 'btnKaydet']' in '30' second(s)

2021-10-21 14:10:14 - [MESSAGE][INFO] - Clicking on object: 'Object Repository/Olusturma/Genel/Buton'

2021-10-21 14:10:17 - [MESSAGE][PASSED] - Object: 'Object Repository/Olusturma/Genel/Buton' is clicked on

2021-10-21 14:10:17 - [MESSAGE][PASSED] - Call Test Case 'Test Cases/Olusturma/Genel/KaydetButonunaTiklanir' successfully

2021-10-21 14:10:17 - [MESSAGE][INFO] - Checking called Test Case

2021-10-21 14:10:17 - [MESSAGE][INFO] - Starting to call Test Case 'Test Cases/Tablo/TablodaEttnliVeriOlusturulduMu'

2021-10-21 14:10:17 - [TEST_CASE][PASSED] - Test Cases/Tablo/TablodaEttnliVeriOlusturulduMu: Test Cases/Tablo/TablodaEttnliVeriOlusturulduMu

2021-10-21 14:10:17 - [TEST_STEP][PASSED] - Method.TextDegerineEsitElementVarMi(findTestObject("Tablo/OlusturulanVeri"), ettn): Method.TextDegerineEsitElementVarMi is PASSED

2021-10-21 14:10:17 - [MESSAGE][INFO] - Finding Test Object 'Object Repository/Tablo/OlusturulanVeri'

2021-10-21 14:10:17 - [MESSAGE][INFO] - Checking timeout

2021-10-21 14:10:17 - [MESSAGE][INFO] - Finding web element with id: 'Object Repository/Tablo/OlusturulanVeri' located by 'By.cssSelector: table.dxgvTable_LECustomTheme>tbody>tr:nth-child(3)>td.dxgv b,table.dxgvTable_LECustomTheme>tbody>tr:nth-child(3)>td.dxgv' in '10' second(s)

2021-10-21 14:10:17 - [MESSAGE][INFO] - Smart Wait Function is triggered

2021-10-21 14:10:18 - [MESSAGE][INFO] - Found 14 web elements with id: 'Object Repository/Tablo/OlusturulanVeri' located by 'By.cssSelector: table.dxgvTable_LECustomTheme>tbody>tr:nth-child(3)>td.dxgv b,table.dxgvTable_LECustomTheme>tbody>tr:nth-child(3)>td.dxgv' in '10' second(s)

2021-10-21 14:10:18 - [MESSAGE][PASSED] - Method.TextDegerineEsitElementVarMi is PASSED

2021-10-21 14:10:18 - [MESSAGE][PASSED] - Call Test Case 'Test Cases/Tablo/TablodaEttnliVeriOlusturulduMu' successfully

2021-10-21 14:10:18 - [MESSAGE][INFO] - Checking called Test Case

2021-10-21 14:10:18 - [MESSAGE][INFO] - Starting to call Test Case 'Test Cases/Tablo/TablodanEttnliVeriSec'

2021-10-21 14:10:18 - [TEST_CASE][PASSED] - Test Cases/Tablo/TablodanEttnliVeriSec: Test Cases/Tablo/TablodanEttnliVeriSec

2021-10-21 14:10:18 - [TEST_STEP][PASSED] - Method.TextDegerineEsitElementinAltindakineTikla(findTestObject("Tablo/Veriler"), findTestObject("Tablo/VerininCheckBoxi"), ettn): Method.TextDegerineEsitElementinAltindakineTikla is PASSED

2021-10-21 14:10:18 - [MESSAGE][INFO] - Finding Test Object 'Object Repository/Tablo/Veriler'

2021-10-21 14:10:18 - [MESSAGE][INFO] - Finding Test Object 'Object Repository/Tablo/VerininCheckBoxi'

2021-10-21 14:10:18 - [MESSAGE][INFO] - Checking timeout

2021-10-21 14:10:18 - [MESSAGE][INFO] - Finding web element with id: 'Object Repository/Tablo/Veriler' located by 'By.cssSelector: td.dxgv b ,td.dxgv' in '10' second(s)

2021-10-21 14:10:18 - [MESSAGE][INFO] - Smart Wait Function is triggered

2021-10-21 14:10:19 - [MESSAGE][INFO] - Found 112 web elements with id: 'Object Repository/Tablo/Veriler' located by 'By.cssSelector: td.dxgv b ,td.dxgv' in '10' second(s)

2021-10-21 14:10:19 - [MESSAGE][INFO] - Smart Wait Function is triggered

2021-10-21 14:10:19 - [MESSAGE][PASSED] - Method.TextDegerineEsitElementinAltindakineTikla is PASSED

2021-10-21 14:10:19 - [MESSAGE][PASSED] - Call Test Case 'Test Cases/Tablo/TablodanEttnliVeriSec' successfully

2021-10-21 14:10:19 - [MESSAGE][INFO] - Checking called Test Case

2021-10-21 14:10:19 - [MESSAGE][INFO] - Starting to call Test Case 'Test Cases/Butonlar/ButonaTikla'

2021-10-21 14:10:19 - [TEST_CASE][PASSED] - Test Cases/Butonlar/ButonaTikla: Test Cases/Butonlar/ButonaTikla

2021-10-21 14:10:19 - [TEST_STEP][PASSED] - Method.TextDegerineEsitElementeTiklaEquals(findTestObject("Butonlar/Butonlar"), Buton_Adi): Method.TextDegerineEsitElementeTiklaEquals is PASSED

2021-10-21 14:10:19 - [MESSAGE][INFO] - Finding Test Object 'Object Repository/Butonlar/Butonlar'

2021-10-21 14:10:19 - [MESSAGE][INFO] - Checking timeout

2021-10-21 14:10:19 - [MESSAGE][INFO] - Finding web element with id: 'Object Repository/Butonlar/Butonlar' located by 'By.cssSelector: .panel.panel-default.text-center.footerPanel .btn,.btn.btn-primary.btnControls' in '10' second(s)

2021-10-21 14:10:19 - [MESSAGE][INFO] - Smart Wait Function is triggered

2021-10-21 14:10:20 - [MESSAGE][INFO] - Found 10 web elements with id: 'Object Repository/Butonlar/Butonlar' located by 'By.cssSelector: .panel.panel-default.text-center.footerPanel .btn,.btn.btn-primary.btnControls' in '10' second(s)

2021-10-21 14:10:20 - [MESSAGE][PASSED] - Method.TextDegerineEsitElementeTiklaEquals is PASSED

2021-10-21 14:10:20 - [MESSAGE][PASSED] - Call Test Case 'Test Cases/Butonlar/ButonaTikla' successfully

2021-10-21 14:10:20 - [MESSAGE][INFO] - Checking called Test Case

2021-10-21 14:10:20 - [MESSAGE][INFO] - Starting to call Test Case 'Test Cases/Popup/PopupMesajiIceriyorMu'

2021-10-21 14:10:20 - [TEST_CASE][PASSED] - Test Cases/Popup/PopupMesajiIceriyorMu: Test Cases/Popup/PopupMesajiIceriyorMu

2021-10-21 14:10:20 - [TEST_STEP][PASSED] - waitForElementVisible(findTestObject("Popup/Popup"), 10): Object 'Object Repository/Popup/Popup' is visible

2021-10-21 14:10:20 - [MESSAGE][INFO] - Finding Test Object 'Object Repository/Popup/Popup'

2021-10-21 14:10:21 - [MESSAGE][INFO] - Checking object

2021-10-21 14:10:21 - [MESSAGE][INFO] - Checking timeout

2021-10-21 14:10:21 - [MESSAGE][INFO] - Finding web element from Test Object's properties

2021-10-21 14:10:21 - [MESSAGE][INFO] - Checking timeout

2021-10-21 14:10:21 - [MESSAGE][INFO] - Finding web element with id: 'Object Repository/Popup/Popup' located by 'By.cssSelector: .bootbox-body' in '10' second(s)

2021-10-21 14:10:21 - [MESSAGE][INFO] - Smart Wait Function is triggered

2021-10-21 14:10:21 - [MESSAGE][INFO] - Found 1 web elements with id: 'Object Repository/Popup/Popup' located by 'By.cssSelector: .bootbox-body' in '10' second(s)

2021-10-21 14:10:21 - [MESSAGE][PASSED] - Object 'Object Repository/Popup/Popup' is visible

2021-10-21 14:10:21 - [TEST_STEP][PASSED] - if (!(getText(findTestObject("Popup/Popup")).contains(Mesaj))): Text of object 'Object Repository/Popup/Popup' is: 'Oluşturulacak fatura numarası : YIG2021000000411 Fatura numarası oluşturulduktan sonra fatura silinemez. Fatura numarası, tarihi ve ön eki değiştirilemez. Devam etmek istiyor musunuz?'

2021-10-21 14:10:21 - [MESSAGE][INFO] - Finding Test Object 'Object Repository/Popup/Popup'

2021-10-21 14:10:22 - [MESSAGE][INFO] - Checking object

2021-10-21 14:10:22 - [MESSAGE][INFO] - Finding web element from Test Object's properties

2021-10-21 14:10:22 - [MESSAGE][INFO] - Checking timeout

2021-10-21 14:10:22 - [MESSAGE][INFO] - Finding web element with id: 'Object Repository/Popup/Popup' located by 'By.cssSelector: .bootbox-body' in '30' second(s)

2021-10-21 14:10:22 - [MESSAGE][INFO] - Smart Wait Function is triggered

2021-10-21 14:10:22 - [MESSAGE][INFO] - Found 1 web elements with id: 'Object Repository/Popup/Popup' located by 'By.cssSelector: .bootbox-body' in '30' second(s)

2021-10-21 14:10:22 - [MESSAGE][INFO] - Getting text of object 'Object Repository/Popup/Popup'

2021-10-21 14:10:22 - [MESSAGE][PASSED] - Text of object 'Object Repository/Popup/Popup' is: 'Oluşturulacak fatura numarası : YIG2021000000411 Fatura numarası oluşturulduktan sonra fatura silinemez. Fatura numarası, tarihi ve ön eki değiştirilemez. Devam etmek istiyor musunuz?'

2021-10-21 14:10:22 - [TEST_STEP][PASSED] - RaporNo = getText(findTestObject("Popup/Popup")).substring(0, 6): Text of object 'Object Repository/Popup/Popup' is: 'Oluşturulacak fatura numarası : YIG2021000000411 Fatura numarası oluşturulduktan sonra fatura silinemez. Fatura numarası, tarihi ve ön eki değiştirilemez. Devam etmek istiyor musunuz?'

2021-10-21 14:10:22 - [MESSAGE][INFO] - Finding Test Object 'Object Repository/Popup/Popup'

2021-10-21 14:10:22 - [MESSAGE][INFO] - Checking object

2021-10-21 14:10:22 - [MESSAGE][INFO] - Finding web element from Test Object's properties

2021-10-21 14:10:22 - [MESSAGE][INFO] - Checking timeout

2021-10-21 14:10:22 - [MESSAGE][INFO] - Finding web element with id: 'Object Repository/Popup/Popup' located by 'By.cssSelector: .bootbox-body' in '30' second(s)

2021-10-21 14:10:22 - [MESSAGE][INFO] - Smart Wait Function is triggered

2021-10-21 14:10:22 - [MESSAGE][INFO] - Found 1 web elements with id: 'Object Repository/Popup/Popup' located by 'By.cssSelector: .bootbox-body' in '30' second(s)

2021-10-21 14:10:22 - [MESSAGE][INFO] - Getting text of object 'Object Repository/Popup/Popup'

2021-10-21 14:10:22 - [MESSAGE][PASSED] - Text of object 'Object Repository/Popup/Popup' is: 'Oluşturulacak fatura numarası : YIG2021000000411 Fatura numarası oluşturulduktan sonra fatura silinemez. Fatura numarası, tarihi ve ön eki değiştirilemez. Devam etmek istiyor musunuz?'

2021-10-21 14:10:22 - [TEST_STEP][PASSED] - Console.println(RaporNo): null

2021-10-21 14:10:22 - [MESSAGE][PASSED] - Call Test Case 'Test Cases/Popup/PopupMesajiIceriyorMu' successfully

2021-10-21 14:10:22 - [MESSAGE][INFO] - Checking called Test Case

2021-10-21 14:10:22 - [MESSAGE][INFO] - Starting to call Test Case 'Test Cases/Popup/PopupButonSecilir'

2021-10-21 14:10:22 - [TEST_CASE][PASSED] - Test Cases/Popup/PopupButonSecilir: Test Cases/Popup/PopupButonSecilir

2021-10-21 14:10:22 - [TEST_STEP][PASSED] - Method.TextDegerineEsitElementeTikla(findTestObject("Popup/Popup_Butons"), Buton): Method.TextDegerineEsitElementeTikla is PASSED

2021-10-21 14:10:22 - [MESSAGE][INFO] - Finding Test Object 'Object Repository/Popup/Popup_Butons'

2021-10-21 14:10:22 - [MESSAGE][INFO] - Checking timeout

2021-10-21 14:10:22 - [MESSAGE][INFO] - Finding web element with id: 'Object Repository/Popup/Popup_Butons' located by 'By.cssSelector: .modal-footer>button' in '10' second(s)

2021-10-21 14:10:22 - [MESSAGE][INFO] - Smart Wait Function is triggered

2021-10-21 14:10:23 - [MESSAGE][INFO] - Found 2 web elements with id: 'Object Repository/Popup/Popup_Butons' located by 'By.cssSelector: .modal-footer>button' in '10' second(s)

2021-10-21 14:10:23 - [MESSAGE][PASSED] - Method.TextDegerineEsitElementeTikla is PASSED

2021-10-21 14:10:23 - [MESSAGE][PASSED] - Call Test Case 'Test Cases/Popup/PopupButonSecilir' successfully

2021-10-21 14:10:23 - [MESSAGE][INFO] - Checking called Test Case

2021-10-21 14:10:23 - [MESSAGE][INFO] - Starting to call Test Case 'Test Cases/Popup/PopupMesajiIceriyorMu'

2021-10-21 14:10:23 - [TEST_CASE][PASSED] - Test Cases/Popup/PopupMesajiIceriyorMu: Test Cases/Popup/PopupMesajiIceriyorMu

2021-10-21 14:10:23 - [TEST_STEP][PASSED] - waitForElementVisible(findTestObject("Popup/Popup"), 10): Object 'Object Repository/Popup/Popup' is visible

2021-10-21 14:10:23 - [MESSAGE][INFO] - Finding Test Object 'Object Repository/Popup/Popup'

2021-10-21 14:10:23 - [MESSAGE][INFO] - Checking object

2021-10-21 14:10:23 - [MESSAGE][INFO] - Checking timeout

2021-10-21 14:10:23 - [MESSAGE][INFO] - Finding web element from Test Object's properties

2021-10-21 14:10:23 - [MESSAGE][INFO] - Checking timeout

2021-10-21 14:10:23 - [MESSAGE][INFO] - Finding web element with id: 'Object Repository/Popup/Popup' located by 'By.cssSelector: .bootbox-body' in '10' second(s)

2021-10-21 14:10:23 - [MESSAGE][INFO] - Smart Wait Function is triggered

2021-10-21 14:10:24 - [MESSAGE][INFO] - Found 1 web elements with id: 'Object Repository/Popup/Popup' located by 'By.cssSelector: .bootbox-body' in '10' second(s)

2021-10-21 14:10:24 - [MESSAGE][PASSED] - Object 'Object Repository/Popup/Popup' is visible

2021-10-21 14:10:24 - [TEST_STEP][PASSED] - if (!(getText(findTestObject("Popup/Popup")).contains(Mesaj))): Text of object 'Object Repository/Popup/Popup' is: 'Fatura numaranız YIG2021000000411 olarak oluşmuştur.'

2021-10-21 14:10:24 - [MESSAGE][INFO] - Finding Test Object 'Object Repository/Popup/Popup'

2021-10-21 14:10:24 - [MESSAGE][INFO] - Checking object

2021-10-21 14:10:24 - [MESSAGE][INFO] - Finding web element from Test Object's properties

2021-10-21 14:10:24 - [MESSAGE][INFO] - Checking timeout

2021-10-21 14:10:24 - [MESSAGE][INFO] - Finding web element with id: 'Object Repository/Popup/Popup' located by 'By.cssSelector: .bootbox-body' in '30' second(s)

2021-10-21 14:10:24 - [MESSAGE][INFO] - Smart Wait Function is triggered

2021-10-21 14:10:24 - [MESSAGE][INFO] - Found 1 web elements with id: 'Object Repository/Popup/Popup' located by 'By.cssSelector: .bootbox-body' in '30' second(s)

2021-10-21 14:10:24 - [MESSAGE][INFO] - Getting text of object 'Object Repository/Popup/Popup'

2021-10-21 14:10:24 - [MESSAGE][PASSED] - Text of object 'Object Repository/Popup/Popup' is: 'Fatura numaranız YIG2021000000411 olarak oluşmuştur.'

2021-10-21 14:10:24 - [TEST_STEP][PASSED] - RaporNo = getText(findTestObject("Popup/Popup")).substring(0, 6): Text of object 'Object Repository/Popup/Popup' is: 'Fatura numaranız YIG2021000000411 olarak oluşmuştur.'

2021-10-21 14:10:24 - [MESSAGE][INFO] - Finding Test Object 'Object Repository/Popup/Popup'

2021-10-21 14:10:24 - [MESSAGE][INFO] - Checking object

2021-10-21 14:10:24 - [MESSAGE][INFO] - Finding web element from Test Object's properties

2021-10-21 14:10:24 - [MESSAGE][INFO] - Checking timeout

2021-10-21 14:10:24 - [MESSAGE][INFO] - Finding web element with id: 'Object Repository/Popup/Popup' located by 'By.cssSelector: .bootbox-body' in '30' second(s)

2021-10-21 14:10:24 - [MESSAGE][INFO] - Smart Wait Function is triggered

2021-10-21 14:10:24 - [MESSAGE][INFO] - Found 1 web elements with id: 'Object Repository/Popup/Popup' located by 'By.cssSelector: .bootbox-body' in '30' second(s)

2021-10-21 14:10:24 - [MESSAGE][INFO] - Getting text of object 'Object Repository/Popup/Popup'

2021-10-21 14:10:24 - [MESSAGE][PASSED] - Text of object 'Object Repository/Popup/Popup' is: 'Fatura numaranız YIG2021000000411 olarak oluşmuştur.'

2021-10-21 14:10:24 - [TEST_STEP][PASSED] - Console.println(RaporNo): null

2021-10-21 14:10:24 - [MESSAGE][PASSED] - Call Test Case 'Test Cases/Popup/PopupMesajiIceriyorMu' successfully

2021-10-21 14:10:24 - [MESSAGE][INFO] - Checking called Test Case

2021-10-21 14:10:24 - [MESSAGE][INFO] - Starting to call Test Case 'Test Cases/Popup/PopupButonSecilir'

2021-10-21 14:10:25 - [TEST_CASE][PASSED] - Test Cases/Popup/PopupButonSecilir: Test Cases/Popup/PopupButonSecilir

2021-10-21 14:10:25 - [TEST_STEP][PASSED] - Method.TextDegerineEsitElementeTikla(findTestObject("Popup/Popup_Butons"), Buton): Method.TextDegerineEsitElementeTikla is PASSED

2021-10-21 14:10:25 - [MESSAGE][INFO] - Finding Test Object 'Object Repository/Popup/Popup_Butons'

2021-10-21 14:10:25 - [MESSAGE][INFO] - Checking timeout

2021-10-21 14:10:25 - [MESSAGE][INFO] - Finding web element with id: 'Object Repository/Popup/Popup_Butons' located by 'By.cssSelector: .modal-footer>button' in '10' second(s)

2021-10-21 14:10:25 - [MESSAGE][INFO] - Smart Wait Function is triggered

2021-10-21 14:10:25 - [MESSAGE][INFO] - Found 1 web elements with id: 'Object Repository/Popup/Popup_Butons' located by 'By.cssSelector: .modal-footer>button' in '10' second(s)

2021-10-21 14:10:25 - [MESSAGE][PASSED] - Method.TextDegerineEsitElementeTikla is PASSED

2021-10-21 14:10:25 - [MESSAGE][PASSED] - Call Test Case 'Test Cases/Popup/PopupButonSecilir' successfully

2021-10-21 14:10:25 - [MESSAGE][INFO] - Checking called Test Case

2021-10-21 14:10:25 - [MESSAGE][INFO] - Starting to call Test Case 'Test Cases/Tablo/TablodanEttnliVeriSec'

2021-10-21 14:10:25 - [TEST_CASE][PASSED] - Test Cases/Tablo/TablodanEttnliVeriSec: Test Cases/Tablo/TablodanEttnliVeriSec

2021-10-21 14:10:25 - [TEST_STEP][PASSED] - Method.TextDegerineEsitElementinAltindakineTikla(findTestObject("Tablo/Veriler"), findTestObject("Tablo/VerininCheckBoxi"), ettn): Method.TextDegerineEsitElementinAltindakineTikla is PASSED

2021-10-21 14:10:25 - [MESSAGE][INFO] - Finding Test Object 'Object Repository/Tablo/Veriler'

2021-10-21 14:10:25 - [MESSAGE][INFO] - Finding Test Object 'Object Repository/Tablo/VerininCheckBoxi'

2021-10-21 14:10:25 - [MESSAGE][INFO] - Checking timeout

2021-10-21 14:10:25 - [MESSAGE][INFO] - Finding web element with id: 'Object Repository/Tablo/Veriler' located by 'By.cssSelector: td.dxgv b ,td.dxgv' in '10' second(s)

2021-10-21 14:10:25 - [MESSAGE][INFO] - Smart Wait Function is triggered

2021-10-21 14:10:26 - [MESSAGE][INFO] - Found 112 web elements with id: 'Object Repository/Tablo/Veriler' located by 'By.cssSelector: td.dxgv b ,td.dxgv' in '10' second(s)

2021-10-21 14:10:26 - [MESSAGE][INFO] - Smart Wait Function is triggered

2021-10-21 14:10:26 - [MESSAGE][PASSED] - Method.TextDegerineEsitElementinAltindakineTikla is PASSED

2021-10-21 14:10:26 - [MESSAGE][PASSED] - Call Test Case 'Test Cases/Tablo/TablodanEttnliVeriSec' successfully

2021-10-21 14:10:26 - [MESSAGE][INFO] - Checking called Test Case

2021-10-21 14:10:26 - [MESSAGE][INFO] - Starting to call Test Case 'Test Cases/Butonlar/ButonaTikla'

2021-10-21 14:10:26 - [TEST_CASE][PASSED] - Test Cases/Butonlar/ButonaTikla: Test Cases/Butonlar/ButonaTikla

2021-10-21 14:10:26 - [TEST_STEP][PASSED] - Method.TextDegerineEsitElementeTiklaEquals(findTestObject("Butonlar/Butonlar"), Buton_Adi): Method.TextDegerineEsitElementeTiklaEquals is PASSED

2021-10-21 14:10:26 - [MESSAGE][INFO] - Finding Test Object 'Object Repository/Butonlar/Butonlar'

2021-10-21 14:10:27 - [MESSAGE][INFO] - Checking timeout

2021-10-21 14:10:27 - [MESSAGE][INFO] - Finding web element with id: 'Object Repository/Butonlar/Butonlar' located by 'By.cssSelector: .panel.panel-default.text-center.footerPanel .btn,.btn.btn-primary.btnControls' in '10' second(s)

2021-10-21 14:10:27 - [MESSAGE][INFO] - Smart Wait Function is triggered

2021-10-21 14:10:27 - [MESSAGE][INFO] - Found 10 web elements with id: 'Object Repository/Butonlar/Butonlar' located by 'By.cssSelector: .panel.panel-default.text-center.footerPanel .btn,.btn.btn-primary.btnControls' in '10' second(s)

2021-10-21 14:10:28 - [MESSAGE][PASSED] - Method.TextDegerineEsitElementeTiklaEquals is PASSED

2021-10-21 14:10:28 - [MESSAGE][PASSED] - Call Test Case 'Test Cases/Butonlar/ButonaTikla' successfully

2021-10-21 14:10:28 - [MESSAGE][INFO] - Checking called Test Case

2021-10-21 14:10:28 - [MESSAGE][INFO] - Starting to call Test Case 'Test Cases/Popup/PopupMesajiIceriyorMu'

2021-10-21 14:10:28 - [TEST_CASE][PASSED] - Test Cases/Popup/PopupMesajiIceriyorMu: Test Cases/Popup/PopupMesajiIceriyorMu

2021-10-21 14:10:28 - [TEST_STEP][PASSED] - waitForElementVisible(findTestObject("Popup/Popup"), 10): Object 'Object Repository/Popup/Popup' is visible

2021-10-21 14:10:28 - [MESSAGE][INFO] - Finding Test Object 'Object Repository/Popup/Popup'

2021-10-21 14:10:28 - [MESSAGE][INFO] - Checking object

2021-10-21 14:10:28 - [MESSAGE][INFO] - Checking timeout

2021-10-21 14:10:28 - [MESSAGE][INFO] - Finding web element from Test Object's properties

2021-10-21 14:10:28 - [MESSAGE][INFO] - Checking timeout

2021-10-21 14:10:28 - [MESSAGE][INFO] - Finding web element with id: 'Object Repository/Popup/Popup' located by 'By.cssSelector: .bootbox-body' in '10' second(s)

2021-10-21 14:10:28 - [MESSAGE][INFO] - Smart Wait Function is triggered

2021-10-21 14:10:28 - [MESSAGE][INFO] - Found 1 web elements with id: 'Object Repository/Popup/Popup' located by 'By.cssSelector: .bootbox-body' in '10' second(s)

2021-10-21 14:10:28 - [MESSAGE][PASSED] - Object 'Object Repository/Popup/Popup' is visible

2021-10-21 14:10:28 - [TEST_STEP][PASSED] - if (!(getText(findTestObject("Popup/Popup")).contains(Mesaj))): Text of object 'Object Repository/Popup/Popup' is: 'Seçilen faturalarınız onaylanacaktır. Onaylanan faturalar üzerinde değişiklik yapılamaz. Devam etmek istiyor musunuz?'

2021-10-21 14:10:28 - [MESSAGE][INFO] - Finding Test Object 'Object Repository/Popup/Popup'

2021-10-21 14:10:29 - [MESSAGE][INFO] - Checking object

2021-10-21 14:10:29 - [MESSAGE][INFO] - Finding web element from Test Object's properties

2021-10-21 14:10:29 - [MESSAGE][INFO] - Checking timeout

2021-10-21 14:10:29 - [MESSAGE][INFO] - Finding web element with id: 'Object Repository/Popup/Popup' located by 'By.cssSelector: .bootbox-body' in '30' second(s)

2021-10-21 14:10:29 - [MESSAGE][INFO] - Smart Wait Function is triggered

2021-10-21 14:10:29 - [MESSAGE][INFO] - Found 1 web elements with id: 'Object Repository/Popup/Popup' located by 'By.cssSelector: .bootbox-body' in '30' second(s)

2021-10-21 14:10:29 - [MESSAGE][INFO] - Getting text of object 'Object Repository/Popup/Popup'

2021-10-21 14:10:29 - [MESSAGE][PASSED] - Text of object 'Object Repository/Popup/Popup' is: 'Seçilen faturalarınız onaylanacaktır. Onaylanan faturalar üzerinde değişiklik yapılamaz. Devam etmek istiyor musunuz?'

2021-10-21 14:10:29 - [TEST_STEP][PASSED] - RaporNo = getText(findTestObject("Popup/Popup")).substring(0, 6): Text of object 'Object Repository/Popup/Popup' is: 'Seçilen faturalarınız onaylanacaktır. Onaylanan faturalar üzerinde değişiklik yapılamaz. Devam etmek istiyor musunuz?'

2021-10-21 14:10:29 - [MESSAGE][INFO] - Finding Test Object 'Object Repository/Popup/Popup'

2021-10-21 14:10:29 - [MESSAGE][INFO] - Checking object

2021-10-21 14:10:29 - [MESSAGE][INFO] - Finding web element from Test Object's properties

2021-10-21 14:10:29 - [MESSAGE][INFO] - Checking timeout

2021-10-21 14:10:29 - [MESSAGE][INFO] - Finding web element with id: 'Object Repository/Popup/Popup' located by 'By.cssSelector: .bootbox-body' in '30' second(s)

2021-10-21 14:10:29 - [MESSAGE][INFO] - Smart Wait Function is triggered

2021-10-21 14:10:29 - [MESSAGE][INFO] - Found 1 web elements with id: 'Object Repository/Popup/Popup' located by 'By.cssSelector: .bootbox-body' in '30' second(s)

2021-10-21 14:10:29 - [MESSAGE][INFO] - Getting text of object 'Object Repository/Popup/Popup'

2021-10-21 14:10:29 - [MESSAGE][PASSED] - Text of object 'Object Repository/Popup/Popup' is: 'Seçilen faturalarınız onaylanacaktır. Onaylanan faturalar üzerinde değişiklik yapılamaz. Devam etmek istiyor musunuz?'

2021-10-21 14:10:29 - [TEST_STEP][PASSED] - Console.println(RaporNo): null

2021-10-21 14:10:29 - [MESSAGE][PASSED] - Call Test Case 'Test Cases/Popup/PopupMesajiIceriyorMu' successfully

2021-10-21 14:10:29 - [MESSAGE][INFO] - Checking called Test Case

2021-10-21 14:10:29 - [MESSAGE][INFO] - Starting to call Test Case 'Test Cases/Popup/PopupButonSecilir'

2021-10-21 14:10:29 - [TEST_CASE][PASSED] - Test Cases/Popup/PopupButonSecilir: Test Cases/Popup/PopupButonSecilir

2021-10-21 14:10:29 - [TEST_STEP][PASSED] - Method.TextDegerineEsitElementeTikla(findTestObject("Popup/Popup_Butons"), Buton): Method.TextDegerineEsitElementeTikla is PASSED

2021-10-21 14:10:29 - [MESSAGE][INFO] - Finding Test Object 'Object Repository/Popup/Popup_Butons'

2021-10-21 14:10:29 - [MESSAGE][INFO] - Checking timeout

2021-10-21 14:10:29 - [MESSAGE][INFO] - Finding web element with id: 'Object Repository/Popup/Popup_Butons' located by 'By.cssSelector: .modal-footer>button' in '10' second(s)

2021-10-21 14:10:29 - [MESSAGE][INFO] - Smart Wait Function is triggered

2021-10-21 14:10:30 - [MESSAGE][INFO] - Found 2 web elements with id: 'Object Repository/Popup/Popup_Butons' located by 'By.cssSelector: .modal-footer>button' in '10' second(s)

2021-10-21 14:10:30 - [MESSAGE][PASSED] - Method.TextDegerineEsitElementeTikla is PASSED

2021-10-21 14:10:30 - [MESSAGE][PASSED] - Call Test Case 'Test Cases/Popup/PopupButonSecilir' successfully

2021-10-21 14:10:30 - [MESSAGE][INFO] - Checking called Test Case

2021-10-21 14:10:30 - [MESSAGE][INFO] - Starting to call Test Case 'Test Cases/Menu/AnaMenuSecimi'

2021-10-21 14:10:30 - [TEST_CASE][PASSED] - Test Cases/Menu/AnaMenuSecimi: Test Cases/Menu/AnaMenuSecimi

2021-10-21 14:10:30 - [TEST_STEP][PASSED] - Method.TextDegerineEsitElementeTikla(findTestObject("Menu/Ana_Menu"), Ana_Menu): Method.TextDegerineEsitElementeTikla is PASSED

2021-10-21 14:10:30 - [MESSAGE][INFO] - Finding Test Object 'Object Repository/Menu/Ana_Menu'

2021-10-21 14:10:30 - [MESSAGE][INFO] - Checking timeout

2021-10-21 14:10:30 - [MESSAGE][INFO] - Finding web element with id: 'Object Repository/Menu/Ana_Menu' located by 'By.xpath: //*[@class = 'dropdown-toggle']' in '10' second(s)

2021-10-21 14:10:30 - [MESSAGE][INFO] - Smart Wait Function is triggered

2021-10-21 14:10:31 - [MESSAGE][INFO] - Found 13 web elements with id: 'Object Repository/Menu/Ana_Menu' located by 'By.xpath: //*[@class = 'dropdown-toggle']' in '10' second(s)

2021-10-21 14:10:31 - [MESSAGE][PASSED] - Method.TextDegerineEsitElementeTikla is PASSED

2021-10-21 14:10:31 - [MESSAGE][PASSED] - Call Test Case 'Test Cases/Menu/AnaMenuSecimi' successfully

2021-10-21 14:10:31 - [MESSAGE][INFO] - Checking called Test Case

2021-10-21 14:10:31 - [MESSAGE][INFO] - Starting to call Test Case 'Test Cases/Menu/BasligaGoreAltMenuSecimi'

2021-10-21 14:10:31 - [TEST_CASE][PASSED] - Test Cases/Menu/BasligaGoreAltMenuSecimi: Test Cases/Menu/BasligaGoreAltMenuSecimi

2021-10-21 14:10:31 - [TEST_STEP][PASSED] - Method.TextDegerineEsitElementinAltindakiTextDegerineEsitOlanaTikla(findTestObject("Menu/Menu_Basligi"), findTestObject("Menu/Basliga_Gore_Alt_Menu"), Baslik, Alt_Menu): Method.TextDegerineEsitElementinAltindakiTextDegerineEsitOlanaTikla is PASSED

2021-10-21 14:10:31 - [MESSAGE][INFO] - Finding Test Object 'Object Repository/Menu/Menu_Basligi'

2021-10-21 14:10:32 - [MESSAGE][INFO] - Finding Test Object 'Object Repository/Menu/Basliga_Gore_Alt_Menu'

2021-10-21 14:10:32 - [MESSAGE][INFO] - Checking timeout

2021-10-21 14:10:32 - [MESSAGE][INFO] - Finding web element with id: 'Object Repository/Menu/Menu_Basligi' located by 'By.xpath: //li[@class='dropdown dropdown-large open']//li[@class='dropdown-header']' in '10' second(s)

2021-10-21 14:10:32 - [MESSAGE][INFO] - Smart Wait Function is triggered

2021-10-21 14:10:32 - [MESSAGE][INFO] - Found 2 web elements with id: 'Object Repository/Menu/Menu_Basligi' located by 'By.xpath: //li[@class='dropdown dropdown-large open']//li[@class='dropdown-header']' in '10' second(s)

2021-10-21 14:10:32 - [MESSAGE][INFO] - Smart Wait Function is triggered

2021-10-21 14:10:36 - [MESSAGE][PASSED] - Method.TextDegerineEsitElementinAltindakiTextDegerineEsitOlanaTikla is PASSED

2021-10-21 14:10:36 - [MESSAGE][PASSED] - Call Test Case 'Test Cases/Menu/BasligaGoreAltMenuSecimi' successfully

2021-10-21 14:10:36 - [MESSAGE][INFO] - Checking called Test Case

2021-10-21 14:10:36 - [MESSAGE][INFO] - Starting to call Test Case 'Test Cases/Filtreler/EttnYaz'

2021-10-21 14:10:36 - [TEST_CASE][PASSED] - Test Cases/Filtreler/EttnYaz: Test Cases/Filtreler/EttnYaz

2021-10-21 14:10:36 - [TEST_STEP][PASSED] - Method.TextDegerineEsitElementinAltindakiTextboxtaYaz(findTestObject("Filtreler/Basliklar"), findTestObject("Filtreler/Basliga_Gore_Textbox"), "ETTN", ettn): Method.TextDegerineEsitElementinAltindakiTextboxtaYaz is PASSED

2021-10-21 14:10:36 - [MESSAGE][INFO] - Finding Test Object 'Object Repository/Filtreler/Basliklar'

2021-10-21 14:10:36 - [MESSAGE][INFO] - Finding Test Object 'Object Repository/Filtreler/Basliga_Gore_Textbox'

2021-10-21 14:10:36 - [MESSAGE][INFO] - Checking timeout

2021-10-21 14:10:36 - [MESSAGE][INFO] - Finding web element with id: 'Object Repository/Filtreler/Basliklar' located by 'By.cssSelector: .control-label.col-sm-4.paddingMarginRLC' in '10' second(s)

2021-10-21 14:10:36 - [MESSAGE][INFO] - Smart Wait Function is triggered

2021-10-21 14:10:36 - [MESSAGE][INFO] - Found 19 web elements with id: 'Object Repository/Filtreler/Basliklar' located by 'By.cssSelector: .control-label.col-sm-4.paddingMarginRLC' in '10' second(s)

2021-10-21 14:10:37 - [MESSAGE][INFO] - Smart Wait Function is triggered

2021-10-21 14:10:37 - [MESSAGE][PASSED] - Method.TextDegerineEsitElementinAltindakiTextboxtaYaz is PASSED

2021-10-21 14:10:37 - [MESSAGE][PASSED] - Call Test Case 'Test Cases/Filtreler/EttnYaz' successfully

2021-10-21 14:10:37 - [MESSAGE][INFO] - Checking called Test Case

2021-10-21 14:10:37 - [MESSAGE][INFO] - Starting to call Test Case 'Test Cases/Filtreler/ButonaTikla'

2021-10-21 14:10:37 - [TEST_CASE][PASSED] - Test Cases/Filtreler/ButonaTikla: Test Cases/Filtreler/ButonaTikla

2021-10-21 14:10:37 - [TEST_STEP][PASSED] - Method.TextDegerineEsitElementeTikla(findTestObject("Filtreler/Butonlar"), Filtre_Buton): Method.TextDegerineEsitElementeTikla is PASSED

2021-10-21 14:10:37 - [MESSAGE][INFO] - Finding Test Object 'Object Repository/Filtreler/Butonlar'

2021-10-21 14:10:38 - [MESSAGE][INFO] - Checking timeout

2021-10-21 14:10:38 - [MESSAGE][INFO] - Finding web element with id: 'Object Repository/Filtreler/Butonlar' located by 'By.cssSelector: .dxb>span' in '10' second(s)

2021-10-21 14:10:38 - [MESSAGE][INFO] - Smart Wait Function is triggered

2021-10-21 14:10:38 - [MESSAGE][INFO] - Found 3 web elements with id: 'Object Repository/Filtreler/Butonlar' located by 'By.cssSelector: .dxb>span' in '10' second(s)

2021-10-21 14:10:38 - [MESSAGE][PASSED] - Method.TextDegerineEsitElementeTikla is PASSED

2021-10-21 14:10:38 - [MESSAGE][PASSED] - Call Test Case 'Test Cases/Filtreler/ButonaTikla' successfully

2021-10-21 14:10:38 - [MESSAGE][INFO] - Checking called Test Case

2021-10-21 14:10:38 - [MESSAGE][INFO] - Starting to call Test Case 'Test Cases/Tablo/TablodaVeriVarMi'

2021-10-21 14:10:38 - [TEST_CASE][PASSED] - Test Cases/Tablo/TablodaVeriVarMi: Test Cases/Tablo/TablodaVeriVarMi

2021-10-21 14:10:38 - [TEST_STEP][PASSED] - verifyTextNotPresent("Görüntülenecek veri yok", true): Text 'Görüntülenecek veri yok' is not present on page using regular expression

2021-10-21 14:10:38 - [MESSAGE][INFO] - Checking text present  using regular expression

2021-10-21 14:10:38 - [MESSAGE][INFO] - Smart Wait Function is triggered

2021-10-21 14:10:39 - [MESSAGE][INFO] - Finding text 'Görüntülenecek veri yok' on page  using regular expression

2021-10-21 14:10:39 - [MESSAGE][PASSED] - Text 'Görüntülenecek veri yok' is not present on page using regular expression

2021-10-21 14:10:39 - [MESSAGE][PASSED] - Call Test Case 'Test Cases/Tablo/TablodaVeriVarMi' successfully

2021-10-21 14:10:39 - [MESSAGE][INFO] - Checking called Test Case

2021-10-21 14:10:39 - [MESSAGE][INFO] - Starting to call Test Case 'Test Cases/Tablo/TablodaVeriBasariliMiArsiv'

2021-10-21 14:10:39 - [TEST_CASE][PASSED] - Test Cases/Tablo/TablodaVeriBasariliMiArsiv: Test Cases/Tablo/TablodaVeriBasariliMiArsiv

2021-10-21 14:10:39 - [TEST_STEP][PASSED] - sayac = 80: null

2021-10-21 14:10:39 - [TEST_STEP][PASSED] - while (verifyElementText(findTestObject("Object Repository/Tablo/DurumBilgisiArsiv"), "Henüz Sonuçlanmadı", OPTIONAL)): Actual text 'Başarılı' and expected text 'Henüz Sonuçlanmadı' of test object 'Object Repository/Tablo/DurumBilgisiArsiv' are NOT matched. (Root cause: com.kms.katalon.core.exception.StepFailedException: Actual text 'Başarılı' and expected text 'Henüz Sonuçlanmadı' of test object 'Object Repository/Tablo/DurumBilgisiArsiv' are NOT matched.
	at com.kms.katalon.core.webui.keyword.internal.WebUIKeywordMain.stepFailed(WebUIKeywordMain.groovy:64)
	at com.kms.katalon.core.webui.keyword.builtin.VerifyElementTextKeyword$_verifyElementText_closure1.doCall(VerifyElementTextKeyword.groovy:57)
	at com.kms.katalon.core.webui.keyword.builtin.VerifyElementTextKeyword$_verifyElementText_closure1.call(VerifyElementTextKeyword.groovy)
	at com.kms.katalon.core.webui.keyword.internal.WebUIKeywordMain.runKeyword(WebUIKeywordMain.groovy:20)
	at com.kms.katalon.core.webui.keyword.builtin.VerifyElementTextKeyword.verifyElementText(VerifyElementTextKeyword.groovy:72)
	at com.kms.katalon.core.webui.keyword.builtin.VerifyElementTextKeyword.execute(VerifyElementTextKeyword.groovy:40)
	at com.kms.katalon.core.keyword.internal.KeywordExecutor.executeKeywordForPlatform(KeywordExecutor.groovy:73)
	at com.kms.katalon.core.webui.keyword.WebUiBuiltInKeywords.verifyElementText(WebUiBuiltInKeywords.groovy:4733)
	at com.kms.katalon.core.webui.keyword.WebUiBuiltInKeywords$verifyElementText$20.call(Unknown Source)
	at TablodaVeriBasariliMiArsiv.run(TablodaVeriBasariliMiArsiv:22)
	at com.kms.katalon.core.main.ScriptEngine.run(ScriptEngine.java:194)
	at com.kms.katalon.core.main.ScriptEngine.runScriptAsRawText(ScriptEngine.java:119)
	at com.kms.katalon.core.main.TestCaseExecutor.runScript(TestCaseExecutor.java:369)
	at com.kms.katalon.core.main.TestCaseExecutor.doExecute(TestCaseExecutor.java:360)
	at com.kms.katalon.core.main.TestCaseExecutor.processExecutionPhase(TestCaseExecutor.java:339)
	at com.kms.katalon.core.main.TestCaseExecutor.accessMainPhase(TestCaseExecutor.java:331)
	at com.kms.katalon.core.main.TestCaseExecutor.execute(TestCaseExecutor.java:248)
	at com.kms.katalon.core.main.TestCaseMain.runTestCase(TestCaseMain.java:138)
	at com.kms.katalon.core.keyword.builtin.CallTestCaseKeyword$_callTestCase_closure1.doCall(CallTestCaseKeyword.groovy:59)
	at com.kms.katalon.core.keyword.builtin.CallTestCaseKeyword$_callTestCase_closure1.call(CallTestCaseKeyword.groovy)
	at com.kms.katalon.core.keyword.internal.KeywordMain.runKeyword(KeywordMain.groovy:68)
	at com.kms.katalon.core.keyword.builtin.CallTestCaseKeyword.callTestCase(CallTestCaseKeyword.groovy:81)
	at com.kms.katalon.core.keyword.builtin.CallTestCaseKeyword.execute(CallTestCaseKeyword.groovy:44)
	at com.kms.katalon.core.keyword.internal.KeywordExecutor.executeKeywordForPlatform(KeywordExecutor.groovy:73)
	at com.kms.katalon.core.keyword.BuiltinKeywords.callTestCase(BuiltinKeywords.groovy:334)
	at tablo.tablo.tablodaVeriBasariliMiArsiv(tablo.groovy:95)
	at cucumber.runtime.Utils$1.call(Utils.java:26)
	at cucumber.runtime.Timeout.timeout(Timeout.java:16)
	at cucumber.runtime.Utils.invoke(Utils.java:20)
	at cucumber.runtime.java.JavaStepDefinition.execute(JavaStepDefinition.java:49)
	at cucumber.runner.PickleStepDefinitionMatch.runStep(PickleStepDefinitionMatch.java:50)
	at cucumber.runner.TestStep.executeStep(TestStep.java:63)
	at cucumber.runner.TestStep.run(TestStep.java:49)
	at cucumber.runner.PickleStepTestStep.run(PickleStepTestStep.java:43)
	at cucumber.runner.TestCase.run(TestCase.java:44)
	at cucumber.runner.Runner.runPickle(Runner.java:40)
	at cucumber.runtime.Runtime$1.run(Runtime.java:84)
	at cucumber.runtime.Runtime$SameThreadExecutorService.execute(Runtime.java:220)
	at cucumber.runtime.Runtime.run(Runtime.java:81)
	at cucumber.api.cli.Main.run(Main.java:26)
	at cucumber.api.cli.Main$run.call(Unknown Source)
	at com.kms.katalon.core.cucumber.keyword.CucumberBuiltinKeywords$_runFeatureFile_closure1.doCall(CucumberBuiltinKeywords.groovy:106)
	at com.kms.katalon.core.cucumber.keyword.CucumberBuiltinKeywords$_runFeatureFile_closure1.doCall(CucumberBuiltinKeywords.groovy)
	at com.kms.katalon.core.keyword.internal.KeywordMain.runKeyword(KeywordMain.groovy:68)
	at com.kms.katalon.core.keyword.internal.KeywordMain$runKeyword.call(Unknown Source)
	at com.kms.katalon.core.cucumber.keyword.CucumberBuiltinKeywords.runFeatureFile(CucumberBuiltinKeywords.groovy:73)
	at com.kms.katalon.core.cucumber.keyword.CucumberBuiltinKeywords$runFeatureFile$0.callStatic(Unknown Source)
	at com.kms.katalon.core.cucumber.keyword.CucumberBuiltinKeywords.runFeatureFile(CucumberBuiltinKeywords.groovy:246)
	at com.kms.katalon.core.cucumber.keyword.CucumberBuiltinKeywords$runFeatureFile.call(Unknown Source)
	at VKN-Elektronik-Hal Satis.run(VKN-Elektronik-Hal Satis:19)
	at com.kms.katalon.core.main.ScriptEngine.run(ScriptEngine.java:194)
	at com.kms.katalon.core.main.ScriptEngine.runScriptAsRawText(ScriptEngine.java:119)
	at com.kms.katalon.core.main.TestCaseExecutor.runScript(TestCaseExecutor.java:369)
	at com.kms.katalon.core.main.TestCaseExecutor.doExecute(TestCaseExecutor.java:360)
	at com.kms.katalon.core.main.TestCaseExecutor.processExecutionPhase(TestCaseExecutor.java:339)
	at com.kms.katalon.core.main.TestCaseExecutor.accessMainPhase(TestCaseExecutor.java:331)
	at com.kms.katalon.core.main.TestCaseExecutor.execute(TestCaseExecutor.java:248)
	at com.kms.katalon.core.main.TestSuiteExecutor.accessTestCaseMainPhase(TestSuiteExecutor.java:191)
	at com.kms.katalon.core.main.TestSuiteExecutor.accessTestSuiteMainPhase(TestSuiteExecutor.java:140)
	at com.kms.katalon.core.main.TestSuiteExecutor.execute(TestSuiteExecutor.java:89)
	at com.kms.katalon.core.main.TestCaseMain.startTestSuite(TestCaseMain.java:181)
	at com.kms.katalon.core.main.TestCaseMain$startTestSuite$0.call(Unknown Source)
	at TempTestSuite1634814289741.run(TempTestSuite1634814289741.groovy:39)
)

2021-10-21 14:10:39 - [MESSAGE][INFO] - Finding Test Object 'Object Repository/Tablo/DurumBilgisiArsiv'

2021-10-21 14:10:39 - [MESSAGE][INFO] - Checking object

2021-10-21 14:10:39 - [MESSAGE][INFO] - Finding web element from Test Object's properties

2021-10-21 14:10:39 - [MESSAGE][INFO] - Checking timeout

2021-10-21 14:10:39 - [MESSAGE][INFO] - Finding web element with id: 'Object Repository/Tablo/DurumBilgisiArsiv' located by 'By.xpath: //*[@id = 'GridViewEArchiveInvoices_tccell0_9']' in '30' second(s)

2021-10-21 14:10:39 - [MESSAGE][INFO] - Smart Wait Function is triggered

2021-10-21 14:10:39 - [MESSAGE][INFO] - Found 1 web elements with id: 'Object Repository/Tablo/DurumBilgisiArsiv' located by 'By.xpath: //*[@id = 'GridViewEArchiveInvoices_tccell0_9']' in '30' second(s)

2021-10-21 14:10:39 - [MESSAGE][WARNING] - Actual text 'Başarılı' and expected text 'Henüz Sonuçlanmadı' of test object 'Object Repository/Tablo/DurumBilgisiArsiv' are NOT matched. (Root cause: com.kms.katalon.core.exception.StepFailedException: Actual text 'Başarılı' and expected text 'Henüz Sonuçlanmadı' of test object 'Object Repository/Tablo/DurumBilgisiArsiv' are NOT matched.
	at com.kms.katalon.core.webui.keyword.internal.WebUIKeywordMain.stepFailed(WebUIKeywordMain.groovy:64)
	at com.kms.katalon.core.webui.keyword.builtin.VerifyElementTextKeyword$_verifyElementText_closure1.doCall(VerifyElementTextKeyword.groovy:57)
	at com.kms.katalon.core.webui.keyword.builtin.VerifyElementTextKeyword$_verifyElementText_closure1.call(VerifyElementTextKeyword.groovy)
	at com.kms.katalon.core.webui.keyword.internal.WebUIKeywordMain.runKeyword(WebUIKeywordMain.groovy:20)
	at com.kms.katalon.core.webui.keyword.builtin.VerifyElementTextKeyword.verifyElementText(VerifyElementTextKeyword.groovy:72)
	at com.kms.katalon.core.webui.keyword.builtin.VerifyElementTextKeyword.execute(VerifyElementTextKeyword.groovy:40)
	at com.kms.katalon.core.keyword.internal.KeywordExecutor.executeKeywordForPlatform(KeywordExecutor.groovy:73)
	at com.kms.katalon.core.webui.keyword.WebUiBuiltInKeywords.verifyElementText(WebUiBuiltInKeywords.groovy:4733)
	at com.kms.katalon.core.webui.keyword.WebUiBuiltInKeywords$verifyElementText$20.call(Unknown Source)
	at TablodaVeriBasariliMiArsiv.run(TablodaVeriBasariliMiArsiv:22)
	at com.kms.katalon.core.main.ScriptEngine.run(ScriptEngine.java:194)
	at com.kms.katalon.core.main.ScriptEngine.runScriptAsRawText(ScriptEngine.java:119)
	at com.kms.katalon.core.main.TestCaseExecutor.runScript(TestCaseExecutor.java:369)
	at com.kms.katalon.core.main.TestCaseExecutor.doExecute(TestCaseExecutor.java:360)
	at com.kms.katalon.core.main.TestCaseExecutor.processExecutionPhase(TestCaseExecutor.java:339)
	at com.kms.katalon.core.main.TestCaseExecutor.accessMainPhase(TestCaseExecutor.java:331)
	at com.kms.katalon.core.main.TestCaseExecutor.execute(TestCaseExecutor.java:248)
	at com.kms.katalon.core.main.TestCaseMain.runTestCase(TestCaseMain.java:138)
	at com.kms.katalon.core.keyword.builtin.CallTestCaseKeyword$_callTestCase_closure1.doCall(CallTestCaseKeyword.groovy:59)
	at com.kms.katalon.core.keyword.builtin.CallTestCaseKeyword$_callTestCase_closure1.call(CallTestCaseKeyword.groovy)
	at com.kms.katalon.core.keyword.internal.KeywordMain.runKeyword(KeywordMain.groovy:68)
	at com.kms.katalon.core.keyword.builtin.CallTestCaseKeyword.callTestCase(CallTestCaseKeyword.groovy:81)
	at com.kms.katalon.core.keyword.builtin.CallTestCaseKeyword.execute(CallTestCaseKeyword.groovy:44)
	at com.kms.katalon.core.keyword.internal.KeywordExecutor.executeKeywordForPlatform(KeywordExecutor.groovy:73)
	at com.kms.katalon.core.keyword.BuiltinKeywords.callTestCase(BuiltinKeywords.groovy:334)
	at tablo.tablo.tablodaVeriBasariliMiArsiv(tablo.groovy:95)
	at cucumber.runtime.Utils$1.call(Utils.java:26)
	at cucumber.runtime.Timeout.timeout(Timeout.java:16)
	at cucumber.runtime.Utils.invoke(Utils.java:20)
	at cucumber.runtime.java.JavaStepDefinition.execute(JavaStepDefinition.java:49)
	at cucumber.runner.PickleStepDefinitionMatch.runStep(PickleStepDefinitionMatch.java:50)
	at cucumber.runner.TestStep.executeStep(TestStep.java:63)
	at cucumber.runner.TestStep.run(TestStep.java:49)
	at cucumber.runner.PickleStepTestStep.run(PickleStepTestStep.java:43)
	at cucumber.runner.TestCase.run(TestCase.java:44)
	at cucumber.runner.Runner.runPickle(Runner.java:40)
	at cucumber.runtime.Runtime$1.run(Runtime.java:84)
	at cucumber.runtime.Runtime$SameThreadExecutorService.execute(Runtime.java:220)
	at cucumber.runtime.Runtime.run(Runtime.java:81)
	at cucumber.api.cli.Main.run(Main.java:26)
	at cucumber.api.cli.Main$run.call(Unknown Source)
	at com.kms.katalon.core.cucumber.keyword.CucumberBuiltinKeywords$_runFeatureFile_closure1.doCall(CucumberBuiltinKeywords.groovy:106)
	at com.kms.katalon.core.cucumber.keyword.CucumberBuiltinKeywords$_runFeatureFile_closure1.doCall(CucumberBuiltinKeywords.groovy)
	at com.kms.katalon.core.keyword.internal.KeywordMain.runKeyword(KeywordMain.groovy:68)
	at com.kms.katalon.core.keyword.internal.KeywordMain$runKeyword.call(Unknown Source)
	at com.kms.katalon.core.cucumber.keyword.CucumberBuiltinKeywords.runFeatureFile(CucumberBuiltinKeywords.groovy:73)
	at com.kms.katalon.core.cucumber.keyword.CucumberBuiltinKeywords$runFeatureFile$0.callStatic(Unknown Source)
	at com.kms.katalon.core.cucumber.keyword.CucumberBuiltinKeywords.runFeatureFile(CucumberBuiltinKeywords.groovy:246)
	at com.kms.katalon.core.cucumber.keyword.CucumberBuiltinKeywords$runFeatureFile.call(Unknown Source)
	at VKN-Elektronik-Hal Satis.run(VKN-Elektronik-Hal Satis:19)
	at com.kms.katalon.core.main.ScriptEngine.run(ScriptEngine.java:194)
	at com.kms.katalon.core.main.ScriptEngine.runScriptAsRawText(ScriptEngine.java:119)
	at com.kms.katalon.core.main.TestCaseExecutor.runScript(TestCaseExecutor.java:369)
	at com.kms.katalon.core.main.TestCaseExecutor.doExecute(TestCaseExecutor.java:360)
	at com.kms.katalon.core.main.TestCaseExecutor.processExecutionPhase(TestCaseExecutor.java:339)
	at com.kms.katalon.core.main.TestCaseExecutor.accessMainPhase(TestCaseExecutor.java:331)
	at com.kms.katalon.core.main.TestCaseExecutor.execute(TestCaseExecutor.java:248)
	at com.kms.katalon.core.main.TestSuiteExecutor.accessTestCaseMainPhase(TestSuiteExecutor.java:191)
	at com.kms.katalon.core.main.TestSuiteExecutor.accessTestSuiteMainPhase(TestSuiteExecutor.java:140)
	at com.kms.katalon.core.main.TestSuiteExecutor.execute(TestSuiteExecutor.java:89)
	at com.kms.katalon.core.main.TestCaseMain.startTestSuite(TestCaseMain.java:181)
	at com.kms.katalon.core.main.TestCaseMain$startTestSuite$0.call(Unknown Source)
	at TempTestSuite1634814289741.run(TempTestSuite1634814289741.groovy:39)
)

2021-10-21 14:10:39 - [TEST_STEP][PASSED] - Method.TextDegerineEsitElementVarMi(findTestObject("Object Repository/Tablo/DurumBilgisiArsiv"), "Başarılı"): Method.TextDegerineEsitElementVarMi is PASSED

2021-10-21 14:10:39 - [MESSAGE][INFO] - Finding Test Object 'Object Repository/Tablo/DurumBilgisiArsiv'

2021-10-21 14:10:39 - [MESSAGE][INFO] - Checking timeout

2021-10-21 14:10:39 - [MESSAGE][INFO] - Finding web element with id: 'Object Repository/Tablo/DurumBilgisiArsiv' located by 'By.xpath: //*[@id = 'GridViewEArchiveInvoices_tccell0_9']' in '10' second(s)

2021-10-21 14:10:39 - [MESSAGE][INFO] - Smart Wait Function is triggered

2021-10-21 14:10:40 - [MESSAGE][INFO] - Found 1 web elements with id: 'Object Repository/Tablo/DurumBilgisiArsiv' located by 'By.xpath: //*[@id = 'GridViewEArchiveInvoices_tccell0_9']' in '10' second(s)

2021-10-21 14:10:40 - [MESSAGE][PASSED] - Method.TextDegerineEsitElementVarMi is PASSED

2021-10-21 14:10:40 - [MESSAGE][PASSED] - Call Test Case 'Test Cases/Tablo/TablodaVeriBasariliMiArsiv' successfully

2021-10-21 14:10:40 - [MESSAGE][INFO] - Checking called Test Case

2021-10-21 14:10:40 - [MESSAGE][INFO] - Starting to call Test Case 'Test Cases/Kullanici_Islemleri/KullaniciIslemlerindenSecimYapilir'

2021-10-21 14:10:40 - [TEST_CASE][PASSED] - Test Cases/Kullanici_Islemleri/KullaniciIslemlerindenSecimYapilir: Test Cases/Kullanici_Islemleri/KullaniciIslemlerindenSecimYapilir

2021-10-21 14:10:40 - [TEST_STEP][PASSED] - waitForElementClickable(findTestObject("Object Repository/Kullanici_Islemleri/KullaniciIslemleri"), 10): Object 'Object Repository/Kullanici_Islemleri/KullaniciIslemleri' is clickable

2021-10-21 14:10:40 - [MESSAGE][INFO] - Finding Test Object 'Object Repository/Kullanici_Islemleri/KullaniciIslemleri'

2021-10-21 14:10:40 - [MESSAGE][INFO] - Checking object

2021-10-21 14:10:40 - [MESSAGE][INFO] - Checking timeout

2021-10-21 14:10:40 - [MESSAGE][INFO] - Finding web element from Test Object's properties

2021-10-21 14:10:40 - [MESSAGE][INFO] - Checking timeout

2021-10-21 14:10:40 - [MESSAGE][INFO] - Finding web element with id: 'Object Repository/Kullanici_Islemleri/KullaniciIslemleri' located by 'By.cssSelector: .dropdown>a>img' in '10' second(s)

2021-10-21 14:10:40 - [MESSAGE][INFO] - Smart Wait Function is triggered

2021-10-21 14:10:40 - [MESSAGE][INFO] - Found 1 web elements with id: 'Object Repository/Kullanici_Islemleri/KullaniciIslemleri' located by 'By.cssSelector: .dropdown>a>img' in '10' second(s)

2021-10-21 14:10:40 - [MESSAGE][PASSED] - Object 'Object Repository/Kullanici_Islemleri/KullaniciIslemleri' is clickable

2021-10-21 14:10:40 - [TEST_STEP][PASSED] - click(findTestObject("Object Repository/Kullanici_Islemleri/KullaniciIslemleri")): Object: 'Object Repository/Kullanici_Islemleri/KullaniciIslemleri' is clicked on

2021-10-21 14:10:40 - [MESSAGE][INFO] - Finding Test Object 'Object Repository/Kullanici_Islemleri/KullaniciIslemleri'

2021-10-21 14:10:40 - [MESSAGE][INFO] - Checking object

2021-10-21 14:10:40 - [MESSAGE][INFO] - Finding web element from Test Object's properties

2021-10-21 14:10:40 - [MESSAGE][INFO] - Checking timeout

2021-10-21 14:10:40 - [MESSAGE][INFO] - Finding web element with id: 'Object Repository/Kullanici_Islemleri/KullaniciIslemleri' located by 'By.cssSelector: .dropdown>a>img' in '30' second(s)

2021-10-21 14:10:40 - [MESSAGE][INFO] - Smart Wait Function is triggered

2021-10-21 14:10:41 - [MESSAGE][INFO] - Found 1 web elements with id: 'Object Repository/Kullanici_Islemleri/KullaniciIslemleri' located by 'By.cssSelector: .dropdown>a>img' in '30' second(s)

2021-10-21 14:10:41 - [MESSAGE][INFO] - Clicking on object: 'Object Repository/Kullanici_Islemleri/KullaniciIslemleri'

2021-10-21 14:10:41 - [MESSAGE][PASSED] - Object: 'Object Repository/Kullanici_Islemleri/KullaniciIslemleri' is clicked on

2021-10-21 14:10:41 - [TEST_STEP][PASSED] - Method.TextDegerineEsitElementeTikla(findTestObject("Object Repository/Kullanici_Islemleri/Secenekler"), Islem): Method.TextDegerineEsitElementeTikla is PASSED

2021-10-21 14:10:41 - [MESSAGE][INFO] - Finding Test Object 'Object Repository/Kullanici_Islemleri/Secenekler'

2021-10-21 14:10:41 - [MESSAGE][INFO] - Checking timeout

2021-10-21 14:10:41 - [MESSAGE][INFO] - Finding web element with id: 'Object Repository/Kullanici_Islemleri/Secenekler' located by 'By.cssSelector: .nav.navbar-nav.navbar-right li a' in '10' second(s)

2021-10-21 14:10:41 - [MESSAGE][INFO] - Smart Wait Function is triggered

2021-10-21 14:10:41 - [MESSAGE][INFO] - Found 22 web elements with id: 'Object Repository/Kullanici_Islemleri/Secenekler' located by 'By.cssSelector: .nav.navbar-nav.navbar-right li a' in '10' second(s)

2021-10-21 14:10:43 - [MESSAGE][PASSED] - Method.TextDegerineEsitElementeTikla is PASSED

2021-10-21 14:10:43 - [TEST_STEP][PASSED] - verifyElementNotPresent(findTestObject("Object Repository/Kullanici_Islemleri/Secenekler"), 10): Web element with id: 'Object Repository/Kullanici_Islemleri/Secenekler' located by 'By.cssSelector: .nav.navbar-nav.navbar-right li a' is not present after '10' second(s)

2021-10-21 14:10:43 - [MESSAGE][INFO] - Finding Test Object 'Object Repository/Kullanici_Islemleri/Secenekler'

2021-10-21 14:10:43 - [MESSAGE][INFO] - Checking object

2021-10-21 14:10:43 - [MESSAGE][INFO] - Checking timeout

2021-10-21 14:10:43 - [MESSAGE][INFO] - Finding web element with id: 'Object Repository/Kullanici_Islemleri/Secenekler' located by 'By.cssSelector: .nav.navbar-nav.navbar-right li a' in '10' second(s)

2021-10-21 14:10:43 - [MESSAGE][INFO] - Smart Wait Function is triggered

2021-10-21 14:10:43 - [MESSAGE][PASSED] - Web element with id: 'Object Repository/Kullanici_Islemleri/Secenekler' located by 'By.cssSelector: .nav.navbar-nav.navbar-right li a' is not present after '10' second(s)

2021-10-21 14:10:43 - [MESSAGE][PASSED] - Call Test Case 'Test Cases/Kullanici_Islemleri/KullaniciIslemlerindenSecimYapilir' successfully

2021-10-21 14:10:43 - [TEST_CASE][PASSED] - Start Test Case : SCENARIO Gonderim tipi Kagit ve Hal Satis tipinde e-Arsiv faturasi olusturulmasi: SCENARIO Gonderim tipi Kagit ve Hal Satis tipinde e-Arsiv faturasi olusturulmasi

2021-10-21 14:10:43 - [TEST_STEP][PASSED] - Kullanıcı adı HALSATIS ve Şifre test1234 olarak giriş yapılır: Kullanıcı adı HALSATIS ve Şifre test1234 olarak giriş yapılır

2021-10-21 14:10:43 - [MESSAGE][PASSED] - Kullanıcı adı HALSATIS ve Şifre test1234 olarak giriş yapılır

2021-10-21 14:10:43 - [TEST_STEP][PASSED] - Ana menüden e-Arşiv seçilir: Ana menüden e-Arşiv seçilir

2021-10-21 14:10:43 - [MESSAGE][PASSED] - Ana menüden e-Arşiv seçilir

2021-10-21 14:10:43 - [TEST_STEP][PASSED] - Alt menü e-Arşiv Araçları başlığı altındaki e-Arşiv Fatura Oluşturma seçilir: Alt menü e-Arşiv Araçları başlığı altındaki e-Arşiv Fatura Oluşturma seçilir

2021-10-21 14:10:43 - [MESSAGE][PASSED] - Alt menü e-Arşiv Araçları başlığı altındaki e-Arşiv Fatura Oluşturma seçilir

2021-10-21 14:10:43 - [TEST_STEP][PASSED] - Tablodaki tüm veriler silinir: Tablodaki tüm veriler silinir

2021-10-21 14:10:43 - [MESSAGE][PASSED] - Tablodaki tüm veriler silinir

2021-10-21 14:10:43 - [TEST_STEP][PASSED] - Butonlardan Ekle isimli butona tıklanır: Butonlardan Ekle isimli butona tıklanır

2021-10-21 14:10:43 - [MESSAGE][PASSED] - Butonlardan Ekle isimli butona tıklanır

2021-10-21 14:10:43 - [TEST_STEP][PASSED] - Görsel tasarım sayfasının e-Arşiv Fatura Bilgileri başlığını içerdiği kontrol edilir: Görsel tasarım sayfasının e-Arşiv Fatura Bilgileri başlığını içerdiği kontrol edilir

2021-10-21 14:10:43 - [MESSAGE][PASSED] - Görsel tasarım sayfasının e-Arşiv Fatura Bilgileri başlığını içerdiği kontrol edilir

2021-10-21 14:10:43 - [TEST_STEP][PASSED] - Alıcı adı alanına UC0002 girilir: Alıcı adı alanına UC0002 girilir

2021-10-21 14:10:43 - [MESSAGE][PASSED] - Alıcı adı alanına UC0002 girilir

2021-10-21 14:10:43 - [TEST_STEP][PASSED] - Gönderim Şekli Elektronik olarak seçilir: Gönderim Şekli Elektronik olarak seçilir

2021-10-21 14:10:43 - [MESSAGE][PASSED] - Gönderim Şekli Elektronik olarak seçilir

2021-10-21 14:10:43 - [TEST_STEP][PASSED] - Tip alanından Hal Satış seçilir: Tip alanından Hal Satış seçilir

2021-10-21 14:10:43 - [MESSAGE][PASSED] - Tip alanından Hal Satış seçilir

2021-10-21 14:10:43 - [TEST_STEP][PASSED] - Döküman Para Birimi alanından Türk Lirası seçilir: Döküman Para Birimi alanından Türk Lirası seçilir

2021-10-21 14:10:43 - [MESSAGE][PASSED] - Döküman Para Birimi alanından Türk Lirası seçilir

2021-10-21 14:10:43 - [TEST_STEP][PASSED] - Ön Ek YIG olarak seçilir: Ön Ek YIG olarak seçilir

2021-10-21 14:10:43 - [MESSAGE][PASSED] - Ön Ek YIG olarak seçilir

2021-10-21 14:10:43 - [TEST_STEP][PASSED] - Tasarım alanından Otomasyon seçilir: Tasarım alanından Otomasyon seçilir

2021-10-21 14:10:43 - [MESSAGE][PASSED] - Tasarım alanından Otomasyon seçilir

2021-10-21 14:10:43 - [TEST_STEP][PASSED] - Sipariş bilgileri UUC-SAT-1200001 ve 30.04.2020 olarak girilir: Sipariş bilgileri UUC-SAT-1200001 ve 30.04.2020 olarak girilir

2021-10-21 14:10:43 - [MESSAGE][PASSED] - Sipariş bilgileri UUC-SAT-1200001 ve 30.04.2020 olarak girilir

2021-10-21 14:10:43 - [TEST_STEP][PASSED] - İrsaliye Bilgileri AAAAAAAAAA,30.04.2020 olarak girilir: İrsaliye Bilgileri AAAAAAAAAA,30.04.2020 olarak girilir

2021-10-21 14:10:43 - [MESSAGE][PASSED] - İrsaliye Bilgileri AAAAAAAAAA,30.04.2020 olarak girilir

2021-10-21 14:10:43 - [TEST_STEP][PASSED] - Ekle butonuna basılır: Ekle butonuna basılır

2021-10-21 14:10:43 - [MESSAGE][PASSED] - Ekle butonuna basılır

2021-10-21 14:10:43 - [TEST_STEP][PASSED] - Ürün ekleme alanında Mal/Hizmet başlığına Otomasyon girilir: Ürün ekleme alanında Mal/Hizmet başlığına Otomasyon girilir

2021-10-21 14:10:43 - [MESSAGE][PASSED] - Ürün ekleme alanında Mal/Hizmet başlığına Otomasyon girilir

2021-10-21 14:10:43 - [TEST_STEP][PASSED] - Ürün ekleme alanında Açıklaması başlığına Virgosol girilir: Ürün ekleme alanında Açıklaması başlığına Virgosol girilir

2021-10-21 14:10:43 - [MESSAGE][PASSED] - Ürün ekleme alanında Açıklaması başlığına Virgosol girilir

2021-10-21 14:10:43 - [TEST_STEP][PASSED] - Ürün ekleme alanında Künye Numarası başlığına 1234567890123456789 girilir: Ürün ekleme alanında Künye Numarası başlığına 1234567890123456789 girilir

2021-10-21 14:10:43 - [MESSAGE][PASSED] - Ürün ekleme alanında Künye Numarası başlığına 1234567890123456789 girilir

2021-10-21 14:10:43 - [TEST_STEP][PASSED] - Ürün ekleme alanında Vkn/Tckn başlığına 11111111110 girilir: Ürün ekleme alanında Vkn/Tckn başlığına 11111111110 girilir

2021-10-21 14:10:43 - [MESSAGE][PASSED] - Ürün ekleme alanında Vkn/Tckn başlığına 11111111110 girilir

2021-10-21 14:10:43 - [TEST_STEP][PASSED] - Ürün ekleme alanında Mal Sahibi başlığına AAAAAAAAA girilir: Ürün ekleme alanında Mal Sahibi başlığına AAAAAAAAA girilir

2021-10-21 14:10:43 - [MESSAGE][PASSED] - Ürün ekleme alanında Mal Sahibi başlığına AAAAAAAAA girilir

2021-10-21 14:10:43 - [TEST_STEP][PASSED] - Ürün ekleme alanında Miktarı başlığına 400 girilir: Ürün ekleme alanında Miktarı başlığına 400 girilir

2021-10-21 14:10:43 - [MESSAGE][PASSED] - Ürün ekleme alanında Miktarı başlığına 400 girilir

2021-10-21 14:10:43 - [TEST_STEP][PASSED] - Ürün ekleme alanında Birim Fiyat başlığına 100 girilir: Ürün ekleme alanında Birim Fiyat başlığına 100 girilir

2021-10-21 14:10:43 - [MESSAGE][PASSED] - Ürün ekleme alanında Birim Fiyat başlığına 100 girilir

2021-10-21 14:10:43 - [TEST_STEP][PASSED] - Ürün ekleme alanında İskonto Oranı % başlığına 10 girilir: Ürün ekleme alanında İskonto Oranı % başlığına 10 girilir

2021-10-21 14:10:43 - [MESSAGE][PASSED] - Ürün ekleme alanında İskonto Oranı % başlığına 10 girilir

2021-10-21 14:10:43 - [TEST_STEP][PASSED] - Notlar alanına Otomasyon Not girilir: Notlar alanına Otomasyon Not girilir

2021-10-21 14:10:43 - [MESSAGE][PASSED] - Notlar alanına Otomasyon Not girilir

2021-10-21 14:10:43 - [TEST_STEP][PASSED] - Ettn bilgisi kayıt edilir: Ettn bilgisi kayıt edilir

2021-10-21 14:10:43 - [MESSAGE][PASSED] - Ettn bilgisi kayıt edilir

2021-10-21 14:10:43 - [TEST_STEP][PASSED] - Kaydet butonu seçilir: Kaydet butonu seçilir

2021-10-21 14:10:43 - [MESSAGE][PASSED] - Kaydet butonu seçilir

2021-10-21 14:10:43 - [TEST_STEP][PASSED] - Tabloda Ettn bilgisi kaydedilen veri oluşturuldu mu: Tabloda Ettn bilgisi kaydedilen veri oluşturuldu mu

2021-10-21 14:10:43 - [MESSAGE][PASSED] - Tabloda Ettn bilgisi kaydedilen veri oluşturuldu mu

2021-10-21 14:10:43 - [TEST_STEP][PASSED] - Tablodan Ettn bilgisi kaydedilen veri seçilir: Tablodan Ettn bilgisi kaydedilen veri seçilir

2021-10-21 14:10:43 - [MESSAGE][PASSED] - Tablodan Ettn bilgisi kaydedilen veri seçilir

2021-10-21 14:10:43 - [TEST_STEP][PASSED] - Butonlardan Numara Oluştur isimli butona tıklanır: Butonlardan Numara Oluştur isimli butona tıklanır

2021-10-21 14:10:43 - [MESSAGE][PASSED] - Butonlardan Numara Oluştur isimli butona tıklanır

2021-10-21 14:10:43 - [TEST_STEP][PASSED] - Popup mesajı Devam etmek istiyor musunuz içeriyor mu: Popup mesajı Devam etmek istiyor musunuz içeriyor mu

2021-10-21 14:10:43 - [MESSAGE][PASSED] - Popup mesajı Devam etmek istiyor musunuz içeriyor mu

2021-10-21 14:10:43 - [TEST_STEP][PASSED] - Yönetim popupında Evet seçilir: Yönetim popupında Evet seçilir

2021-10-21 14:10:43 - [MESSAGE][PASSED] - Yönetim popupında Evet seçilir

2021-10-21 14:10:43 - [TEST_STEP][PASSED] - Popup mesajı oluşmuştur içeriyor mu: Popup mesajı oluşmuştur içeriyor mu

2021-10-21 14:10:43 - [MESSAGE][PASSED] - Popup mesajı oluşmuştur içeriyor mu

2021-10-21 14:10:43 - [TEST_STEP][PASSED] - Yönetim popupında Tamam seçilir: Yönetim popupında Tamam seçilir

2021-10-21 14:10:43 - [MESSAGE][PASSED] - Yönetim popupında Tamam seçilir

2021-10-21 14:10:43 - [TEST_STEP][PASSED] - Tablodan Ettn bilgisi kaydedilen veri seçilir: Tablodan Ettn bilgisi kaydedilen veri seçilir

2021-10-21 14:10:43 - [MESSAGE][PASSED] - Tablodan Ettn bilgisi kaydedilen veri seçilir

2021-10-21 14:10:43 - [TEST_STEP][PASSED] - Butonlardan Gönder isimli butona tıklanır: Butonlardan Gönder isimli butona tıklanır

2021-10-21 14:10:43 - [MESSAGE][PASSED] - Butonlardan Gönder isimli butona tıklanır

2021-10-21 14:10:43 - [TEST_STEP][PASSED] - Popup mesajı Devam etmek istiyor musunuz içeriyor mu: Popup mesajı Devam etmek istiyor musunuz içeriyor mu

2021-10-21 14:10:43 - [MESSAGE][PASSED] - Popup mesajı Devam etmek istiyor musunuz içeriyor mu

2021-10-21 14:10:43 - [TEST_STEP][PASSED] - Yönetim popupında Evet seçilir: Yönetim popupında Evet seçilir

2021-10-21 14:10:43 - [MESSAGE][PASSED] - Yönetim popupında Evet seçilir

2021-10-21 14:10:43 - [TEST_STEP][PASSED] - Ana menüden e-Arşiv seçilir: Ana menüden e-Arşiv seçilir

2021-10-21 14:10:43 - [MESSAGE][PASSED] - Ana menüden e-Arşiv seçilir

2021-10-21 14:10:43 - [TEST_STEP][PASSED] - Alt menü e-Arşiv Hareketleri başlığı altındaki e-Arşiv Faturaları seçilir: Alt menü e-Arşiv Hareketleri başlığı altındaki e-Arşiv Faturaları seçilir

2021-10-21 14:10:43 - [MESSAGE][PASSED] - Alt menü e-Arşiv Hareketleri başlığı altındaki e-Arşiv Faturaları seçilir

2021-10-21 14:10:43 - [TEST_STEP][PASSED] - Filtrelerden Ettn filtresine Ettn bilgisi yaz: Filtrelerden Ettn filtresine Ettn bilgisi yaz

2021-10-21 14:10:43 - [MESSAGE][PASSED] - Filtrelerden Ettn filtresine Ettn bilgisi yaz

2021-10-21 14:10:43 - [TEST_STEP][PASSED] - Filtre butonlarından Listele seçilir: Filtre butonlarından Listele seçilir

2021-10-21 14:10:43 - [MESSAGE][PASSED] - Filtre butonlarından Listele seçilir

2021-10-21 14:10:43 - [TEST_STEP][PASSED] - Tabloda veri var mı kontrol edilir: Tabloda veri var mı kontrol edilir

2021-10-21 14:10:43 - [MESSAGE][PASSED] - Tabloda veri var mı kontrol edilir

2021-10-21 14:10:43 - [TEST_STEP][PASSED] - Tabloda yeni oluşturulan eArsiv verisi başarılı mı: Tabloda yeni oluşturulan eArsiv verisi başarılı mı

2021-10-21 14:10:43 - [MESSAGE][PASSED] - Tabloda yeni oluşturulan eArsiv verisi başarılı mı

2021-10-21 14:10:43 - [TEST_STEP][PASSED] - Kullanıcı işlemlerinden Çıkış seçilir: Kullanıcı işlemlerinden Çıkış seçilir

2021-10-21 14:10:43 - [MESSAGE][PASSED] - Kullanıcı işlemlerinden Çıkış seçilir

2021-10-21 14:10:44 - [MESSAGE][PASSED] - Feature file: 'Include/features/Regresyon/e-Arsiv/VKN-Elektronik-Hal Satis.feature' was passed

2021-10-21 14:10:44 - [TEST_STEP][PASSED] - Start listener action : sampleAfterTestSuite: Invoke 'com.kms.katalon.core.annotation.AfterTestCase' method: 'Listener.sampleAfterTestSuite(...)' completed.

2021-10-21 14:10:44 - [MESSAGE][INFO] - Starting invoke 'com.kms.katalon.core.annotation.AfterTestCase' method: 'Listener.sampleAfterTestSuite(...)'

2021-10-21 14:10:44 - [TEST_STEP][PASSED] - closeBrowser(): Invoke 'com.kms.katalon.core.annotation.AfterTestCase' method: 'Listener.sampleAfterTestSuite(...)' completed.

2021-10-21 14:10:44 - [MESSAGE][INFO] - Closing browser

2021-10-21 14:10:44 - [MESSAGE][PASSED] - Browser is closed

2021-10-21 14:10:44 - [MESSAGE][INFO] - Invoke 'com.kms.katalon.core.annotation.AfterTestCase' method: 'Listener.sampleAfterTestSuite(...)' completed.]]></system-out>
         <system-err><![CDATA[]]></system-err>
      </testcase>
      <testcase name="Test Cases/Case Repository/Regresyon/e-Arsiv/VKN-Elektronik-Iade" time="115.245" classname="Test Cases/Case Repository/Regresyon/e-Arsiv/VKN-Elektronik-Iade" status="PASSED">
         <system-out><![CDATA[2021-10-21 14:10:44 - [TEST_CASE][PASSED] - Test Cases/Case Repository/Regresyon/e-Arsiv/VKN-Elektronik-Iade: Test Cases/Case Repository/Regresyon/e-Arsiv/VKN-Elektronik-Iade

2021-10-21 14:10:44 - [TEST_STEP][PASSED] - Start listener action : sampleBeforeTestSuite: Invoke 'com.kms.katalon.core.annotation.BeforeTestCase' method: 'Listener.sampleBeforeTestSuite(...)' completed.

2021-10-21 14:10:44 - [MESSAGE][INFO] - Starting invoke 'com.kms.katalon.core.annotation.BeforeTestCase' method: 'Listener.sampleBeforeTestSuite(...)'

2021-10-21 14:10:44 - [TEST_STEP][PASSED] - openBrowser(baseUrl): Browser is opened with url: 'https://efatura-stage.elogo.com.tr/'

2021-10-21 14:10:44 - [MESSAGE][INFO] - Opening browser

2021-10-21 14:10:44 - [MESSAGE][INFO] - Starting 'Chrome' driver

2021-10-21 14:10:44 - [MESSAGE][INFO] - User set preference: ['prefs', '{download.default_directory=C:\otomasyondownfiles}']

2021-10-21 14:10:44 - [MESSAGE][INFO] - Action delay is set to 0 milliseconds

2021-10-21 14:10:46 - [MESSAGE][INFO] - Navigating browser to: 'https://efatura-stage.elogo.com.tr/'

2021-10-21 14:10:48 - [MESSAGE][PASSED] - Browser is opened with url: 'https://efatura-stage.elogo.com.tr/'

2021-10-21 14:10:48 - [TEST_STEP][PASSED] - maximizeWindow(): Invoke 'com.kms.katalon.core.annotation.BeforeTestCase' method: 'Listener.sampleBeforeTestSuite(...)' completed.

2021-10-21 14:10:48 - [MESSAGE][INFO] - Maximizing current window

2021-10-21 14:10:48 - [MESSAGE][PASSED] - Current window maximized

2021-10-21 14:10:48 - [MESSAGE][INFO] - Invoke 'com.kms.katalon.core.annotation.BeforeTestCase' method: 'Listener.sampleBeforeTestSuite(...)' completed.

2021-10-21 14:10:49 - [TEST_STEP][PASSED] - runFeatureFile("Include/features/Regresyon/e-Arsiv/VKN-Elektronik-Iade.feature"): Feature file: 'Include/features/Regresyon/e-Arsiv/VKN-Elektronik-Iade.feature' was passed

2021-10-21 14:10:49 - [MESSAGE][INFO] - Starting run keyword runFeatureFile: 'Include/features/Regresyon/e-Arsiv/VKN-Elektronik-Iade.feature' and extract report to folder: 'C:\Users\DELL\Downloads\EES_Katalon-main\Reports\20211021_140437\Suite Repository\Regresyon-eArsiv-eMakbuz\20211021_140449/cucumber_report/1634814649248'...

2021-10-21 14:10:49 - [MESSAGE][INFO] - Glue: []

2021-10-21 14:10:50 - [MESSAGE][INFO] - Checking called Test Case

2021-10-21 14:10:50 - [MESSAGE][INFO] - Starting to call Test Case 'Test Cases/Sayfalar/Giris_Sayfasi/Login'

2021-10-21 14:10:50 - [TEST_CASE][PASSED] - Test Cases/Sayfalar/Giris_Sayfasi/Login: Test Cases/Sayfalar/Giris_Sayfasi/Login

2021-10-21 14:10:50 - [TEST_STEP][PASSED] - Sayfa_Basligi = getWindowTitle(): Current window's title is: 'LOGO e-Fatura'

2021-10-21 14:10:50 - [MESSAGE][INFO] - Getting current window's title

2021-10-21 14:10:50 - [MESSAGE][PASSED] - Current window's title is: 'LOGO e-Fatura'

2021-10-21 14:10:50 - [TEST_STEP][PASSED] - verifyMatch(Sayfa_Basligi, "LOGO e-Fatura", false): Actual text 'LOGO e-Fatura' and expected text 'LOGO e-Fatura' are matched 

2021-10-21 14:10:50 - [MESSAGE][INFO] - Matching actual text 'LOGO e-Fatura' with expected text 'LOGO e-Fatura'

2021-10-21 14:10:50 - [MESSAGE][PASSED] - Actual text 'LOGO e-Fatura' and expected text 'LOGO e-Fatura' are matched 

2021-10-21 14:10:50 - [TEST_STEP][PASSED] - sendKeys(findTestObject("Sayfalar/Giris_Sayfasi/Firma_Kodu"), KullaniciAdi): Keys 'EARIADE' sent to object: 'Object Repository/Sayfalar/Giris_Sayfasi/Firma_Kodu'

2021-10-21 14:10:50 - [MESSAGE][INFO] - Finding Test Object 'Object Repository/Sayfalar/Giris_Sayfasi/Firma_Kodu'

2021-10-21 14:10:50 - [MESSAGE][INFO] - Sending keys 'EARIADE' to object: 'Object Repository/Sayfalar/Giris_Sayfasi/Firma_Kodu'

2021-10-21 14:10:50 - [MESSAGE][INFO] - Finding web element from Test Object's properties

2021-10-21 14:10:50 - [MESSAGE][INFO] - Checking timeout

2021-10-21 14:10:50 - [MESSAGE][INFO] - Finding web element with id: 'Object Repository/Sayfalar/Giris_Sayfasi/Firma_Kodu' located by 'By.xpath: //*[@id = 'AccountName']' in '30' second(s)

2021-10-21 14:10:50 - [MESSAGE][INFO] - Smart Wait Function is triggered

2021-10-21 14:10:50 - [MESSAGE][INFO] - Found 1 web elements with id: 'Object Repository/Sayfalar/Giris_Sayfasi/Firma_Kodu' located by 'By.xpath: //*[@id = 'AccountName']' in '30' second(s)

2021-10-21 14:10:51 - [MESSAGE][PASSED] - Keys 'EARIADE' sent to object: 'Object Repository/Sayfalar/Giris_Sayfasi/Firma_Kodu'

2021-10-21 14:10:51 - [TEST_STEP][PASSED] - sendKeys(findTestObject("Sayfalar/Giris_Sayfasi/Sifre"), Sifre): Keys 'test1234' sent to object: 'Object Repository/Sayfalar/Giris_Sayfasi/Sifre'

2021-10-21 14:10:51 - [MESSAGE][INFO] - Finding Test Object 'Object Repository/Sayfalar/Giris_Sayfasi/Sifre'

2021-10-21 14:10:51 - [MESSAGE][INFO] - Sending keys 'test1234' to object: 'Object Repository/Sayfalar/Giris_Sayfasi/Sifre'

2021-10-21 14:10:51 - [MESSAGE][INFO] - Finding web element from Test Object's properties

2021-10-21 14:10:51 - [MESSAGE][INFO] - Checking timeout

2021-10-21 14:10:51 - [MESSAGE][INFO] - Finding web element with id: 'Object Repository/Sayfalar/Giris_Sayfasi/Sifre' located by 'By.xpath: //*[@id = 'Password']' in '30' second(s)

2021-10-21 14:10:51 - [MESSAGE][INFO] - Smart Wait Function is triggered

2021-10-21 14:10:51 - [MESSAGE][INFO] - Found 1 web elements with id: 'Object Repository/Sayfalar/Giris_Sayfasi/Sifre' located by 'By.xpath: //*[@id = 'Password']' in '30' second(s)

2021-10-21 14:10:51 - [MESSAGE][PASSED] - Keys 'test1234' sent to object: 'Object Repository/Sayfalar/Giris_Sayfasi/Sifre'

2021-10-21 14:10:51 - [TEST_STEP][PASSED] - findWebElement(findTestObject("Sayfalar/Giris_Sayfasi/Giris_Butonu")).click(): Found 1 web elements with id: 'Object Repository/Sayfalar/Giris_Sayfasi/Giris_Butonu' located by 'By.cssSelector: #btnLogin' in '30' second(s)

2021-10-21 14:10:51 - [MESSAGE][INFO] - Finding Test Object 'Object Repository/Sayfalar/Giris_Sayfasi/Giris_Butonu'

2021-10-21 14:10:51 - [MESSAGE][INFO] - Finding web element from Test Object's properties

2021-10-21 14:10:51 - [MESSAGE][INFO] - Checking timeout

2021-10-21 14:10:51 - [MESSAGE][INFO] - Finding web element with id: 'Object Repository/Sayfalar/Giris_Sayfasi/Giris_Butonu' located by 'By.cssSelector: #btnLogin' in '30' second(s)

2021-10-21 14:10:51 - [MESSAGE][INFO] - Smart Wait Function is triggered

2021-10-21 14:10:51 - [MESSAGE][INFO] - Found 1 web elements with id: 'Object Repository/Sayfalar/Giris_Sayfasi/Giris_Butonu' located by 'By.cssSelector: #btnLogin' in '30' second(s)

2021-10-21 14:10:53 - [TEST_STEP][PASSED] - if (verifyElementPresent(findTestObject("Object Repository/Sayfalar/Giris_Sayfasi/RetveTamam_Butonu"), 5, OPTIONAL)): null

2021-10-21 14:10:53 - [MESSAGE][INFO] - Finding Test Object 'Object Repository/Sayfalar/Giris_Sayfasi/RetveTamam_Butonu'

2021-10-21 14:10:53 - [MESSAGE][INFO] - Checking object

2021-10-21 14:10:53 - [MESSAGE][INFO] - Finding web element from Test Object's properties

2021-10-21 14:10:53 - [MESSAGE][INFO] - Checking timeout

2021-10-21 14:10:53 - [MESSAGE][INFO] - Finding web element with id: 'Object Repository/Sayfalar/Giris_Sayfasi/RetveTamam_Butonu' located by 'By.xpath: //*[@class = 'btn btn-default']' in '5' second(s)

2021-10-21 14:10:53 - [MESSAGE][INFO] - Smart Wait Function is triggered

2021-10-21 14:10:54 - [MESSAGE][INFO] - Found 1 web elements with id: 'Object Repository/Sayfalar/Giris_Sayfasi/RetveTamam_Butonu' located by 'By.xpath: //*[@class = 'btn btn-default']' in '5' second(s)

2021-10-21 14:10:54 - [MESSAGE][PASSED] - Object 'Object Repository/Sayfalar/Giris_Sayfasi/RetveTamam_Butonu' is present

2021-10-21 14:10:54 - [TEST_STEP][PASSED] - click(findTestObject("Object Repository/Sayfalar/Giris_Sayfasi/RetveTamam_Butonu")): Object: 'Object Repository/Sayfalar/Giris_Sayfasi/RetveTamam_Butonu' is clicked on

2021-10-21 14:10:54 - [MESSAGE][INFO] - Finding Test Object 'Object Repository/Sayfalar/Giris_Sayfasi/RetveTamam_Butonu'

2021-10-21 14:10:54 - [MESSAGE][INFO] - Checking object

2021-10-21 14:10:54 - [MESSAGE][INFO] - Finding web element from Test Object's properties

2021-10-21 14:10:54 - [MESSAGE][INFO] - Checking timeout

2021-10-21 14:10:54 - [MESSAGE][INFO] - Finding web element with id: 'Object Repository/Sayfalar/Giris_Sayfasi/RetveTamam_Butonu' located by 'By.xpath: //*[@class = 'btn btn-default']' in '30' second(s)

2021-10-21 14:10:54 - [MESSAGE][INFO] - Smart Wait Function is triggered

2021-10-21 14:10:54 - [MESSAGE][INFO] - Found 1 web elements with id: 'Object Repository/Sayfalar/Giris_Sayfasi/RetveTamam_Butonu' located by 'By.xpath: //*[@class = 'btn btn-default']' in '30' second(s)

2021-10-21 14:10:54 - [MESSAGE][INFO] - Clicking on object: 'Object Repository/Sayfalar/Giris_Sayfasi/RetveTamam_Butonu'

2021-10-21 14:10:54 - [MESSAGE][PASSED] - Object: 'Object Repository/Sayfalar/Giris_Sayfasi/RetveTamam_Butonu' is clicked on

2021-10-21 14:10:54 - [TEST_STEP][PASSED] - click(findTestObject("Object Repository/Sayfalar/Giris_Sayfasi/RetveTamam_Butonu")): Object: 'Object Repository/Sayfalar/Giris_Sayfasi/RetveTamam_Butonu' is clicked on

2021-10-21 14:10:54 - [MESSAGE][INFO] - Finding Test Object 'Object Repository/Sayfalar/Giris_Sayfasi/RetveTamam_Butonu'

2021-10-21 14:10:54 - [MESSAGE][INFO] - Checking object

2021-10-21 14:10:54 - [MESSAGE][INFO] - Finding web element from Test Object's properties

2021-10-21 14:10:54 - [MESSAGE][INFO] - Checking timeout

2021-10-21 14:10:54 - [MESSAGE][INFO] - Finding web element with id: 'Object Repository/Sayfalar/Giris_Sayfasi/RetveTamam_Butonu' located by 'By.xpath: //*[@class = 'btn btn-default']' in '30' second(s)

2021-10-21 14:10:54 - [MESSAGE][INFO] - Smart Wait Function is triggered

2021-10-21 14:10:56 - [MESSAGE][INFO] - Found 1 web elements with id: 'Object Repository/Sayfalar/Giris_Sayfasi/RetveTamam_Butonu' located by 'By.xpath: //*[@class = 'btn btn-default']' in '30' second(s)

2021-10-21 14:10:56 - [MESSAGE][INFO] - Clicking on object: 'Object Repository/Sayfalar/Giris_Sayfasi/RetveTamam_Butonu'

2021-10-21 14:10:56 - [MESSAGE][PASSED] - Object: 'Object Repository/Sayfalar/Giris_Sayfasi/RetveTamam_Butonu' is clicked on

2021-10-21 14:10:56 - [TEST_STEP][PASSED] - if (verifyElementPresent(findTestObject("Sayfalar/Giris_Sayfasi/PopupOK"), 5, OPTIONAL)): com.kms.katalon.core.webui.exception.WebElementNotFoundException: Web element with id: 'Object Repository/Sayfalar/Giris_Sayfasi/PopupOK' located by '.btn.btn-success' not found (Root cause: com.kms.katalon.core.exception.StepFailedException: com.kms.katalon.core.webui.exception.WebElementNotFoundException: Web element with id: 'Object Repository/Sayfalar/Giris_Sayfasi/PopupOK' located by '.btn.btn-success' not found
	at com.kms.katalon.core.webui.keyword.internal.WebUIKeywordMain.stepFailed(WebUIKeywordMain.groovy:64)
	at com.kms.katalon.core.webui.keyword.builtin.VerifyElementPresentKeyword$_verifyElementPresent_closure1.doCall(VerifyElementPresentKeyword.groovy:85)
	at com.kms.katalon.core.webui.keyword.builtin.VerifyElementPresentKeyword$_verifyElementPresent_closure1.call(VerifyElementPresentKeyword.groovy)
	at com.kms.katalon.core.webui.keyword.internal.WebUIKeywordMain.runKeyword(WebUIKeywordMain.groovy:20)
	at com.kms.katalon.core.webui.keyword.builtin.VerifyElementPresentKeyword.verifyElementPresent(VerifyElementPresentKeyword.groovy:92)
	at com.kms.katalon.core.webui.keyword.builtin.VerifyElementPresentKeyword.execute(VerifyElementPresentKeyword.groovy:68)
	at com.kms.katalon.core.keyword.internal.KeywordExecutor.executeKeywordForPlatform(KeywordExecutor.groovy:73)
	at com.kms.katalon.core.webui.keyword.WebUiBuiltInKeywords.verifyElementPresent(WebUiBuiltInKeywords.groovy:1448)
	at com.kms.katalon.core.webui.keyword.WebUiBuiltInKeywords$verifyElementPresent$4.call(Unknown Source)
	at Login.run(Login:40)
	at com.kms.katalon.core.main.ScriptEngine.run(ScriptEngine.java:194)
	at com.kms.katalon.core.main.ScriptEngine.runScriptAsRawText(ScriptEngine.java:119)
	at com.kms.katalon.core.main.TestCaseExecutor.runScript(TestCaseExecutor.java:369)
	at com.kms.katalon.core.main.TestCaseExecutor.doExecute(TestCaseExecutor.java:360)
	at com.kms.katalon.core.main.TestCaseExecutor.processExecutionPhase(TestCaseExecutor.java:339)
	at com.kms.katalon.core.main.TestCaseExecutor.accessMainPhase(TestCaseExecutor.java:331)
	at com.kms.katalon.core.main.TestCaseExecutor.execute(TestCaseExecutor.java:248)
	at com.kms.katalon.core.main.TestCaseMain.runTestCase(TestCaseMain.java:138)
	at com.kms.katalon.core.keyword.builtin.CallTestCaseKeyword$_callTestCase_closure1.doCall(CallTestCaseKeyword.groovy:59)
	at com.kms.katalon.core.keyword.builtin.CallTestCaseKeyword$_callTestCase_closure1.call(CallTestCaseKeyword.groovy)
	at com.kms.katalon.core.keyword.internal.KeywordMain.runKeyword(KeywordMain.groovy:68)
	at com.kms.katalon.core.keyword.builtin.CallTestCaseKeyword.callTestCase(CallTestCaseKeyword.groovy:81)
	at com.kms.katalon.core.keyword.builtin.CallTestCaseKeyword.execute(CallTestCaseKeyword.groovy:44)
	at com.kms.katalon.core.keyword.internal.KeywordExecutor.executeKeywordForPlatform(KeywordExecutor.groovy:73)
	at com.kms.katalon.core.keyword.BuiltinKeywords.callTestCase(BuiltinKeywords.groovy:334)
	at sayfalar.girisSayfasi.login(girisSayfasi.groovy:50)
	at cucumber.runtime.Utils$1.call(Utils.java:26)
	at cucumber.runtime.Timeout.timeout(Timeout.java:16)
	at cucumber.runtime.Utils.invoke(Utils.java:20)
	at cucumber.runtime.java.JavaStepDefinition.execute(JavaStepDefinition.java:49)
	at cucumber.runner.PickleStepDefinitionMatch.runStep(PickleStepDefinitionMatch.java:50)
	at cucumber.runner.TestStep.executeStep(TestStep.java:63)
	at cucumber.runner.TestStep.run(TestStep.java:49)
	at cucumber.runner.PickleStepTestStep.run(PickleStepTestStep.java:43)
	at cucumber.runner.TestCase.run(TestCase.java:44)
	at cucumber.runner.Runner.runPickle(Runner.java:40)
	at cucumber.runtime.Runtime$1.run(Runtime.java:84)
	at cucumber.runtime.Runtime$SameThreadExecutorService.execute(Runtime.java:220)
	at cucumber.runtime.Runtime.run(Runtime.java:81)
	at cucumber.api.cli.Main.run(Main.java:26)
	at cucumber.api.cli.Main$run.call(Unknown Source)
	at com.kms.katalon.core.cucumber.keyword.CucumberBuiltinKeywords$_runFeatureFile_closure1.doCall(CucumberBuiltinKeywords.groovy:106)
	at com.kms.katalon.core.cucumber.keyword.CucumberBuiltinKeywords$_runFeatureFile_closure1.doCall(CucumberBuiltinKeywords.groovy)
	at com.kms.katalon.core.keyword.internal.KeywordMain.runKeyword(KeywordMain.groovy:68)
	at com.kms.katalon.core.keyword.internal.KeywordMain$runKeyword.call(Unknown Source)
	at com.kms.katalon.core.cucumber.keyword.CucumberBuiltinKeywords.runFeatureFile(CucumberBuiltinKeywords.groovy:73)
	at com.kms.katalon.core.cucumber.keyword.CucumberBuiltinKeywords$runFeatureFile$0.callStatic(Unknown Source)
	at com.kms.katalon.core.cucumber.keyword.CucumberBuiltinKeywords.runFeatureFile(CucumberBuiltinKeywords.groovy:246)
	at com.kms.katalon.core.cucumber.keyword.CucumberBuiltinKeywords$runFeatureFile.call(Unknown Source)
	at VKN-Elektronik-Iade.run(VKN-Elektronik-Iade:19)
	at com.kms.katalon.core.main.ScriptEngine.run(ScriptEngine.java:194)
	at com.kms.katalon.core.main.ScriptEngine.runScriptAsRawText(ScriptEngine.java:119)
	at com.kms.katalon.core.main.TestCaseExecutor.runScript(TestCaseExecutor.java:369)
	at com.kms.katalon.core.main.TestCaseExecutor.doExecute(TestCaseExecutor.java:360)
	at com.kms.katalon.core.main.TestCaseExecutor.processExecutionPhase(TestCaseExecutor.java:339)
	at com.kms.katalon.core.main.TestCaseExecutor.accessMainPhase(TestCaseExecutor.java:331)
	at com.kms.katalon.core.main.TestCaseExecutor.execute(TestCaseExecutor.java:248)
	at com.kms.katalon.core.main.TestSuiteExecutor.accessTestCaseMainPhase(TestSuiteExecutor.java:191)
	at com.kms.katalon.core.main.TestSuiteExecutor.accessTestSuiteMainPhase(TestSuiteExecutor.java:140)
	at com.kms.katalon.core.main.TestSuiteExecutor.execute(TestSuiteExecutor.java:89)
	at com.kms.katalon.core.main.TestCaseMain.startTestSuite(TestCaseMain.java:181)
	at com.kms.katalon.core.main.TestCaseMain$startTestSuite$0.call(Unknown Source)
	at TempTestSuite1634814289741.run(TempTestSuite1634814289741.groovy:39)
)

2021-10-21 14:10:56 - [MESSAGE][INFO] - Finding Test Object 'Object Repository/Sayfalar/Giris_Sayfasi/PopupOK'

2021-10-21 14:10:57 - [MESSAGE][INFO] - Checking object

2021-10-21 14:10:57 - [MESSAGE][INFO] - Finding web element from Test Object's properties

2021-10-21 14:10:57 - [MESSAGE][INFO] - Checking timeout

2021-10-21 14:10:57 - [MESSAGE][INFO] - Finding web element with id: 'Object Repository/Sayfalar/Giris_Sayfasi/PopupOK' located by 'By.cssSelector: .btn.btn-success' in '5' second(s)

2021-10-21 14:10:57 - [MESSAGE][INFO] - Smart Wait Function is triggered

2021-10-21 14:10:57 - [MESSAGE][INFO] - Smart Wait Function is triggered

2021-10-21 14:10:57 - [MESSAGE][INFO] - Smart Wait Function is triggered

2021-10-21 14:10:58 - [MESSAGE][INFO] - Smart Wait Function is triggered

2021-10-21 14:10:58 - [MESSAGE][INFO] - Smart Wait Function is triggered

2021-10-21 14:10:58 - [MESSAGE][INFO] - Smart Wait Function is triggered

2021-10-21 14:10:59 - [MESSAGE][INFO] - Smart Wait Function is triggered

2021-10-21 14:10:59 - [MESSAGE][INFO] - Smart Wait Function is triggered

2021-10-21 14:10:59 - [MESSAGE][INFO] - Smart Wait Function is triggered

2021-10-21 14:10:59 - [MESSAGE][INFO] - Smart Wait Function is triggered

2021-10-21 14:11:00 - [MESSAGE][INFO] - Smart Wait Function is triggered

2021-10-21 14:11:00 - [MESSAGE][INFO] - Smart Wait Function is triggered

2021-10-21 14:11:00 - [MESSAGE][INFO] - Smart Wait Function is triggered

2021-10-21 14:11:00 - [MESSAGE][INFO] - Smart Wait Function is triggered

2021-10-21 14:11:01 - [MESSAGE][INFO] - Smart Wait Function is triggered

2021-10-21 14:11:01 - [MESSAGE][INFO] - Smart Wait Function is triggered

2021-10-21 14:11:01 - [MESSAGE][INFO] - Smart Wait Function is triggered

2021-10-21 14:11:02 - [MESSAGE][INFO] - Smart Wait Function is triggered

2021-10-21 14:11:02 - [MESSAGE][INFO] - Smart Wait Function is triggered

2021-10-21 14:11:02 - [MESSAGE][INFO] - Smart Wait Function is triggered

2021-10-21 14:11:03 - [MESSAGE][INFO] - Unable to find the element located by 'By.cssSelector: .btn.btn-success'. Please recheck the objects properties to make sure the desired element is located. 

2021-10-21 14:11:03 - [MESSAGE][WARNING] - com.kms.katalon.core.webui.exception.WebElementNotFoundException: Web element with id: 'Object Repository/Sayfalar/Giris_Sayfasi/PopupOK' located by '.btn.btn-success' not found (Root cause: com.kms.katalon.core.exception.StepFailedException: com.kms.katalon.core.webui.exception.WebElementNotFoundException: Web element with id: 'Object Repository/Sayfalar/Giris_Sayfasi/PopupOK' located by '.btn.btn-success' not found
	at com.kms.katalon.core.webui.keyword.internal.WebUIKeywordMain.stepFailed(WebUIKeywordMain.groovy:64)
	at com.kms.katalon.core.webui.keyword.builtin.VerifyElementPresentKeyword$_verifyElementPresent_closure1.doCall(VerifyElementPresentKeyword.groovy:85)
	at com.kms.katalon.core.webui.keyword.builtin.VerifyElementPresentKeyword$_verifyElementPresent_closure1.call(VerifyElementPresentKeyword.groovy)
	at com.kms.katalon.core.webui.keyword.internal.WebUIKeywordMain.runKeyword(WebUIKeywordMain.groovy:20)
	at com.kms.katalon.core.webui.keyword.builtin.VerifyElementPresentKeyword.verifyElementPresent(VerifyElementPresentKeyword.groovy:92)
	at com.kms.katalon.core.webui.keyword.builtin.VerifyElementPresentKeyword.execute(VerifyElementPresentKeyword.groovy:68)
	at com.kms.katalon.core.keyword.internal.KeywordExecutor.executeKeywordForPlatform(KeywordExecutor.groovy:73)
	at com.kms.katalon.core.webui.keyword.WebUiBuiltInKeywords.verifyElementPresent(WebUiBuiltInKeywords.groovy:1448)
	at com.kms.katalon.core.webui.keyword.WebUiBuiltInKeywords$verifyElementPresent$4.call(Unknown Source)
	at Login.run(Login:40)
	at com.kms.katalon.core.main.ScriptEngine.run(ScriptEngine.java:194)
	at com.kms.katalon.core.main.ScriptEngine.runScriptAsRawText(ScriptEngine.java:119)
	at com.kms.katalon.core.main.TestCaseExecutor.runScript(TestCaseExecutor.java:369)
	at com.kms.katalon.core.main.TestCaseExecutor.doExecute(TestCaseExecutor.java:360)
	at com.kms.katalon.core.main.TestCaseExecutor.processExecutionPhase(TestCaseExecutor.java:339)
	at com.kms.katalon.core.main.TestCaseExecutor.accessMainPhase(TestCaseExecutor.java:331)
	at com.kms.katalon.core.main.TestCaseExecutor.execute(TestCaseExecutor.java:248)
	at com.kms.katalon.core.main.TestCaseMain.runTestCase(TestCaseMain.java:138)
	at com.kms.katalon.core.keyword.builtin.CallTestCaseKeyword$_callTestCase_closure1.doCall(CallTestCaseKeyword.groovy:59)
	at com.kms.katalon.core.keyword.builtin.CallTestCaseKeyword$_callTestCase_closure1.call(CallTestCaseKeyword.groovy)
	at com.kms.katalon.core.keyword.internal.KeywordMain.runKeyword(KeywordMain.groovy:68)
	at com.kms.katalon.core.keyword.builtin.CallTestCaseKeyword.callTestCase(CallTestCaseKeyword.groovy:81)
	at com.kms.katalon.core.keyword.builtin.CallTestCaseKeyword.execute(CallTestCaseKeyword.groovy:44)
	at com.kms.katalon.core.keyword.internal.KeywordExecutor.executeKeywordForPlatform(KeywordExecutor.groovy:73)
	at com.kms.katalon.core.keyword.BuiltinKeywords.callTestCase(BuiltinKeywords.groovy:334)
	at sayfalar.girisSayfasi.login(girisSayfasi.groovy:50)
	at cucumber.runtime.Utils$1.call(Utils.java:26)
	at cucumber.runtime.Timeout.timeout(Timeout.java:16)
	at cucumber.runtime.Utils.invoke(Utils.java:20)
	at cucumber.runtime.java.JavaStepDefinition.execute(JavaStepDefinition.java:49)
	at cucumber.runner.PickleStepDefinitionMatch.runStep(PickleStepDefinitionMatch.java:50)
	at cucumber.runner.TestStep.executeStep(TestStep.java:63)
	at cucumber.runner.TestStep.run(TestStep.java:49)
	at cucumber.runner.PickleStepTestStep.run(PickleStepTestStep.java:43)
	at cucumber.runner.TestCase.run(TestCase.java:44)
	at cucumber.runner.Runner.runPickle(Runner.java:40)
	at cucumber.runtime.Runtime$1.run(Runtime.java:84)
	at cucumber.runtime.Runtime$SameThreadExecutorService.execute(Runtime.java:220)
	at cucumber.runtime.Runtime.run(Runtime.java:81)
	at cucumber.api.cli.Main.run(Main.java:26)
	at cucumber.api.cli.Main$run.call(Unknown Source)
	at com.kms.katalon.core.cucumber.keyword.CucumberBuiltinKeywords$_runFeatureFile_closure1.doCall(CucumberBuiltinKeywords.groovy:106)
	at com.kms.katalon.core.cucumber.keyword.CucumberBuiltinKeywords$_runFeatureFile_closure1.doCall(CucumberBuiltinKeywords.groovy)
	at com.kms.katalon.core.keyword.internal.KeywordMain.runKeyword(KeywordMain.groovy:68)
	at com.kms.katalon.core.keyword.internal.KeywordMain$runKeyword.call(Unknown Source)
	at com.kms.katalon.core.cucumber.keyword.CucumberBuiltinKeywords.runFeatureFile(CucumberBuiltinKeywords.groovy:73)
	at com.kms.katalon.core.cucumber.keyword.CucumberBuiltinKeywords$runFeatureFile$0.callStatic(Unknown Source)
	at com.kms.katalon.core.cucumber.keyword.CucumberBuiltinKeywords.runFeatureFile(CucumberBuiltinKeywords.groovy:246)
	at com.kms.katalon.core.cucumber.keyword.CucumberBuiltinKeywords$runFeatureFile.call(Unknown Source)
	at VKN-Elektronik-Iade.run(VKN-Elektronik-Iade:19)
	at com.kms.katalon.core.main.ScriptEngine.run(ScriptEngine.java:194)
	at com.kms.katalon.core.main.ScriptEngine.runScriptAsRawText(ScriptEngine.java:119)
	at com.kms.katalon.core.main.TestCaseExecutor.runScript(TestCaseExecutor.java:369)
	at com.kms.katalon.core.main.TestCaseExecutor.doExecute(TestCaseExecutor.java:360)
	at com.kms.katalon.core.main.TestCaseExecutor.processExecutionPhase(TestCaseExecutor.java:339)
	at com.kms.katalon.core.main.TestCaseExecutor.accessMainPhase(TestCaseExecutor.java:331)
	at com.kms.katalon.core.main.TestCaseExecutor.execute(TestCaseExecutor.java:248)
	at com.kms.katalon.core.main.TestSuiteExecutor.accessTestCaseMainPhase(TestSuiteExecutor.java:191)
	at com.kms.katalon.core.main.TestSuiteExecutor.accessTestSuiteMainPhase(TestSuiteExecutor.java:140)
	at com.kms.katalon.core.main.TestSuiteExecutor.execute(TestSuiteExecutor.java:89)
	at com.kms.katalon.core.main.TestCaseMain.startTestSuite(TestCaseMain.java:181)
	at com.kms.katalon.core.main.TestCaseMain$startTestSuite$0.call(Unknown Source)
	at TempTestSuite1634814289741.run(TempTestSuite1634814289741.groovy:39)
)

2021-10-21 14:11:03 - [TEST_STEP][PASSED] - verifyElementVisible(findTestObject("Object Repository/Kullanici_Islemleri/KullaniciIslemleri")): Object 'Object Repository/Kullanici_Islemleri/KullaniciIslemleri' is visible

2021-10-21 14:11:03 - [MESSAGE][INFO] - Finding Test Object 'Object Repository/Kullanici_Islemleri/KullaniciIslemleri'

2021-10-21 14:11:03 - [MESSAGE][INFO] - Checking object

2021-10-21 14:11:03 - [MESSAGE][INFO] - Finding web element from Test Object's properties

2021-10-21 14:11:03 - [MESSAGE][INFO] - Checking timeout

2021-10-21 14:11:03 - [MESSAGE][INFO] - Finding web element with id: 'Object Repository/Kullanici_Islemleri/KullaniciIslemleri' located by 'By.cssSelector: .dropdown>a>img' in '30' second(s)

2021-10-21 14:11:03 - [MESSAGE][INFO] - Smart Wait Function is triggered

2021-10-21 14:11:03 - [MESSAGE][INFO] - Found 1 web elements with id: 'Object Repository/Kullanici_Islemleri/KullaniciIslemleri' located by 'By.cssSelector: .dropdown>a>img' in '30' second(s)

2021-10-21 14:11:03 - [MESSAGE][PASSED] - Object 'Object Repository/Kullanici_Islemleri/KullaniciIslemleri' is visible

2021-10-21 14:11:03 - [MESSAGE][PASSED] - Call Test Case 'Test Cases/Sayfalar/Giris_Sayfasi/Login' successfully

2021-10-21 14:11:03 - [MESSAGE][INFO] - Checking called Test Case

2021-10-21 14:11:03 - [MESSAGE][INFO] - Starting to call Test Case 'Test Cases/Menu/AnaMenuSecimi'

2021-10-21 14:11:03 - [TEST_CASE][PASSED] - Test Cases/Menu/AnaMenuSecimi: Test Cases/Menu/AnaMenuSecimi

2021-10-21 14:11:03 - [TEST_STEP][PASSED] - Method.TextDegerineEsitElementeTikla(findTestObject("Menu/Ana_Menu"), Ana_Menu): Method.TextDegerineEsitElementeTikla is PASSED

2021-10-21 14:11:03 - [MESSAGE][INFO] - Finding Test Object 'Object Repository/Menu/Ana_Menu'

2021-10-21 14:11:03 - [MESSAGE][INFO] - Checking timeout

2021-10-21 14:11:03 - [MESSAGE][INFO] - Finding web element with id: 'Object Repository/Menu/Ana_Menu' located by 'By.xpath: //*[@class = 'dropdown-toggle']' in '10' second(s)

2021-10-21 14:11:03 - [MESSAGE][INFO] - Smart Wait Function is triggered

2021-10-21 14:11:04 - [MESSAGE][INFO] - Found 13 web elements with id: 'Object Repository/Menu/Ana_Menu' located by 'By.xpath: //*[@class = 'dropdown-toggle']' in '10' second(s)

2021-10-21 14:11:04 - [MESSAGE][PASSED] - Method.TextDegerineEsitElementeTikla is PASSED

2021-10-21 14:11:04 - [MESSAGE][PASSED] - Call Test Case 'Test Cases/Menu/AnaMenuSecimi' successfully

2021-10-21 14:11:04 - [MESSAGE][INFO] - Checking called Test Case

2021-10-21 14:11:04 - [MESSAGE][INFO] - Starting to call Test Case 'Test Cases/Menu/BasligaGoreAltMenuSecimi'

2021-10-21 14:11:04 - [TEST_CASE][PASSED] - Test Cases/Menu/BasligaGoreAltMenuSecimi: Test Cases/Menu/BasligaGoreAltMenuSecimi

2021-10-21 14:11:04 - [TEST_STEP][PASSED] - Method.TextDegerineEsitElementinAltindakiTextDegerineEsitOlanaTikla(findTestObject("Menu/Menu_Basligi"), findTestObject("Menu/Basliga_Gore_Alt_Menu"), Baslik, Alt_Menu): Method.TextDegerineEsitElementinAltindakiTextDegerineEsitOlanaTikla is PASSED

2021-10-21 14:11:04 - [MESSAGE][INFO] - Finding Test Object 'Object Repository/Menu/Menu_Basligi'

2021-10-21 14:11:05 - [MESSAGE][INFO] - Finding Test Object 'Object Repository/Menu/Basliga_Gore_Alt_Menu'

2021-10-21 14:11:05 - [MESSAGE][INFO] - Checking timeout

2021-10-21 14:11:05 - [MESSAGE][INFO] - Finding web element with id: 'Object Repository/Menu/Menu_Basligi' located by 'By.xpath: //li[@class='dropdown dropdown-large open']//li[@class='dropdown-header']' in '10' second(s)

2021-10-21 14:11:05 - [MESSAGE][INFO] - Smart Wait Function is triggered

2021-10-21 14:11:05 - [MESSAGE][INFO] - Found 2 web elements with id: 'Object Repository/Menu/Menu_Basligi' located by 'By.xpath: //li[@class='dropdown dropdown-large open']//li[@class='dropdown-header']' in '10' second(s)

2021-10-21 14:11:05 - [MESSAGE][INFO] - Smart Wait Function is triggered

2021-10-21 14:11:08 - [MESSAGE][PASSED] - Method.TextDegerineEsitElementinAltindakiTextDegerineEsitOlanaTikla is PASSED

2021-10-21 14:11:08 - [MESSAGE][PASSED] - Call Test Case 'Test Cases/Menu/BasligaGoreAltMenuSecimi' successfully

2021-10-21 14:11:08 - [MESSAGE][INFO] - Checking called Test Case

2021-10-21 14:11:08 - [MESSAGE][INFO] - Starting to call Test Case 'Test Cases/Tablo/Olusturma Tarihi'

2021-10-21 14:11:08 - [TEST_CASE][PASSED] - Test Cases/Tablo/Olusturma Tarihi: Test Cases/Tablo/Olusturma Tarihi

2021-10-21 14:11:08 - [TEST_STEP][PASSED] - if (verifyTextNotPresent("Görüntülenecek veri yok", true, OPTIONAL)): null

2021-10-21 14:11:08 - [MESSAGE][INFO] - Checking text present  using regular expression

2021-10-21 14:11:08 - [MESSAGE][INFO] - Smart Wait Function is triggered

2021-10-21 14:11:08 - [MESSAGE][INFO] - Finding text 'Görüntülenecek veri yok' on page  using regular expression

2021-10-21 14:11:08 - [MESSAGE][PASSED] - Text 'Görüntülenecek veri yok' is not present on page using regular expression

2021-10-21 14:11:08 - [TEST_STEP][PASSED] - click(findTestObject("Temizle/Olusturma_Tarihi_CheckBox")): Object: 'Object Repository/Temizle/Olusturma_Tarihi_CheckBox' is clicked on

2021-10-21 14:11:08 - [MESSAGE][INFO] - Finding Test Object 'Object Repository/Temizle/Olusturma_Tarihi_CheckBox'

2021-10-21 14:11:09 - [MESSAGE][INFO] - Checking object

2021-10-21 14:11:09 - [MESSAGE][INFO] - Finding web element from Test Object's properties

2021-10-21 14:11:09 - [MESSAGE][INFO] - Checking timeout

2021-10-21 14:11:09 - [MESSAGE][INFO] - Finding web element with id: 'Object Repository/Temizle/Olusturma_Tarihi_CheckBox' located by 'By.xpath: //*[@title = 'Bu sayfadaki tüm satırları Seç']' in '30' second(s)

2021-10-21 14:11:09 - [MESSAGE][INFO] - Smart Wait Function is triggered

2021-10-21 14:11:09 - [MESSAGE][INFO] - Found 1 web elements with id: 'Object Repository/Temizle/Olusturma_Tarihi_CheckBox' located by 'By.xpath: //*[@title = 'Bu sayfadaki tüm satırları Seç']' in '30' second(s)

2021-10-21 14:11:09 - [MESSAGE][INFO] - Clicking on object: 'Object Repository/Temizle/Olusturma_Tarihi_CheckBox'

2021-10-21 14:11:09 - [MESSAGE][PASSED] - Object: 'Object Repository/Temizle/Olusturma_Tarihi_CheckBox' is clicked on

2021-10-21 14:11:09 - [TEST_STEP][PASSED] - Method.TextDegerineEsitElementeTiklaEquals(findTestObject("Butonlar/Butonlar"), "Sil"): Method.TextDegerineEsitElementeTiklaEquals is PASSED

2021-10-21 14:11:09 - [MESSAGE][INFO] - Finding Test Object 'Object Repository/Butonlar/Butonlar'

2021-10-21 14:11:09 - [MESSAGE][INFO] - Checking timeout

2021-10-21 14:11:09 - [MESSAGE][INFO] - Finding web element with id: 'Object Repository/Butonlar/Butonlar' located by 'By.cssSelector: .panel.panel-default.text-center.footerPanel .btn,.btn.btn-primary.btnControls' in '10' second(s)

2021-10-21 14:11:09 - [MESSAGE][INFO] - Smart Wait Function is triggered

2021-10-21 14:11:09 - [MESSAGE][INFO] - Found 10 web elements with id: 'Object Repository/Butonlar/Butonlar' located by 'By.cssSelector: .panel.panel-default.text-center.footerPanel .btn,.btn.btn-primary.btnControls' in '10' second(s)

2021-10-21 14:11:09 - [MESSAGE][PASSED] - Method.TextDegerineEsitElementeTiklaEquals is PASSED

2021-10-21 14:11:09 - [TEST_STEP][PASSED] - Method.TextDegerineEsitElementeTikla(findTestObject("Popup/Popup_Butons"), "Evet"): Method.TextDegerineEsitElementeTikla is PASSED

2021-10-21 14:11:09 - [MESSAGE][INFO] - Finding Test Object 'Object Repository/Popup/Popup_Butons'

2021-10-21 14:11:10 - [MESSAGE][INFO] - Checking timeout

2021-10-21 14:11:10 - [MESSAGE][INFO] - Finding web element with id: 'Object Repository/Popup/Popup_Butons' located by 'By.cssSelector: .modal-footer>button' in '10' second(s)

2021-10-21 14:11:10 - [MESSAGE][INFO] - Smart Wait Function is triggered

2021-10-21 14:11:10 - [MESSAGE][INFO] - Found 2 web elements with id: 'Object Repository/Popup/Popup_Butons' located by 'By.cssSelector: .modal-footer>button' in '10' second(s)

2021-10-21 14:11:11 - [MESSAGE][PASSED] - Method.TextDegerineEsitElementeTikla is PASSED

2021-10-21 14:11:11 - [TEST_STEP][PASSED] - Method.TextDegerineEsitElementeTikla(findTestObject("Popup/Popup_Butons"), "Tamam"): Method.TextDegerineEsitElementeTikla is PASSED

2021-10-21 14:11:11 - [MESSAGE][INFO] - Finding Test Object 'Object Repository/Popup/Popup_Butons'

2021-10-21 14:11:11 - [MESSAGE][INFO] - Checking timeout

2021-10-21 14:11:11 - [MESSAGE][INFO] - Finding web element with id: 'Object Repository/Popup/Popup_Butons' located by 'By.cssSelector: .modal-footer>button' in '10' second(s)

2021-10-21 14:11:11 - [MESSAGE][INFO] - Smart Wait Function is triggered

2021-10-21 14:11:11 - [MESSAGE][INFO] - Found 1 web elements with id: 'Object Repository/Popup/Popup_Butons' located by 'By.cssSelector: .modal-footer>button' in '10' second(s)

2021-10-21 14:11:12 - [MESSAGE][PASSED] - Method.TextDegerineEsitElementeTikla is PASSED

2021-10-21 14:11:12 - [MESSAGE][PASSED] - Call Test Case 'Test Cases/Tablo/Olusturma Tarihi' successfully

2021-10-21 14:11:12 - [MESSAGE][INFO] - Checking called Test Case

2021-10-21 14:11:12 - [MESSAGE][INFO] - Starting to call Test Case 'Test Cases/Butonlar/ButonaTikla'

2021-10-21 14:11:12 - [TEST_CASE][PASSED] - Test Cases/Butonlar/ButonaTikla: Test Cases/Butonlar/ButonaTikla

2021-10-21 14:11:12 - [TEST_STEP][PASSED] - Method.TextDegerineEsitElementeTiklaEquals(findTestObject("Butonlar/Butonlar"), Buton_Adi): Method.TextDegerineEsitElementeTiklaEquals is PASSED

2021-10-21 14:11:12 - [MESSAGE][INFO] - Finding Test Object 'Object Repository/Butonlar/Butonlar'

2021-10-21 14:11:12 - [MESSAGE][INFO] - Checking timeout

2021-10-21 14:11:12 - [MESSAGE][INFO] - Finding web element with id: 'Object Repository/Butonlar/Butonlar' located by 'By.cssSelector: .panel.panel-default.text-center.footerPanel .btn,.btn.btn-primary.btnControls' in '10' second(s)

2021-10-21 14:11:12 - [MESSAGE][INFO] - Smart Wait Function is triggered

2021-10-21 14:11:12 - [MESSAGE][INFO] - Found 10 web elements with id: 'Object Repository/Butonlar/Butonlar' located by 'By.cssSelector: .panel.panel-default.text-center.footerPanel .btn,.btn.btn-primary.btnControls' in '10' second(s)

2021-10-21 14:11:12 - [MESSAGE][PASSED] - Method.TextDegerineEsitElementeTiklaEquals is PASSED

2021-10-21 14:11:12 - [MESSAGE][PASSED] - Call Test Case 'Test Cases/Butonlar/ButonaTikla' successfully

2021-10-21 14:11:12 - [MESSAGE][INFO] - Checking called Test Case

2021-10-21 14:11:12 - [MESSAGE][INFO] - Starting to call Test Case 'Test Cases/Olusturma/Genel/GorselTasarimSayfasıBasligiIceriyorMu'

2021-10-21 14:11:12 - [TEST_CASE][PASSED] - Test Cases/Olusturma/Genel/GorselTasarimSayfasıBasligiIceriyorMu: Test Cases/Olusturma/Genel/GorselTasarimSayfasıBasligiIceriyorMu

2021-10-21 14:11:12 - [TEST_STEP][PASSED] - verifyElementText(findTestObject("Object Repository/Olusturma/Genel/GorselTasarimBaslik"), Baslik): Actual text and expected text of test object 'Object Repository/Olusturma/Genel/GorselTasarimBaslik' are matched.

2021-10-21 14:11:12 - [MESSAGE][INFO] - Finding Test Object 'Object Repository/Olusturma/Genel/GorselTasarimBaslik'

2021-10-21 14:11:13 - [MESSAGE][INFO] - Checking object

2021-10-21 14:11:13 - [MESSAGE][INFO] - Finding web element from Test Object's properties

2021-10-21 14:11:13 - [MESSAGE][INFO] - Checking timeout

2021-10-21 14:11:13 - [MESSAGE][INFO] - Finding web element with id: 'Object Repository/Olusturma/Genel/GorselTasarimBaslik' located by 'By.cssSelector: #flAlici_0>div>span' in '30' second(s)

2021-10-21 14:11:13 - [MESSAGE][INFO] - Smart Wait Function is triggered

2021-10-21 14:11:19 - [MESSAGE][INFO] - Found 1 web elements with id: 'Object Repository/Olusturma/Genel/GorselTasarimBaslik' located by 'By.cssSelector: #flAlici_0>div>span' in '30' second(s)

2021-10-21 14:11:19 - [MESSAGE][PASSED] - Actual text and expected text of test object 'Object Repository/Olusturma/Genel/GorselTasarimBaslik' are matched.

2021-10-21 14:11:19 - [MESSAGE][PASSED] - Call Test Case 'Test Cases/Olusturma/Genel/GorselTasarimSayfasıBasligiIceriyorMu' successfully

2021-10-21 14:11:19 - [MESSAGE][INFO] - Checking called Test Case

2021-10-21 14:11:19 - [MESSAGE][INFO] - Starting to call Test Case 'Test Cases/Olusturma/Genel/AliciSecilir'

2021-10-21 14:11:19 - [TEST_CASE][PASSED] - Test Cases/Olusturma/Genel/AliciSecilir: Test Cases/Olusturma/Genel/AliciSecilir

2021-10-21 14:11:19 - [TEST_STEP][PASSED] - click(findTestObject("Olusturma/Genel/AliciBilgisi/Alici_Ara")): Object: 'Object Repository/Olusturma/Genel/AliciBilgisi/Alici_Ara' is clicked on

2021-10-21 14:11:19 - [MESSAGE][INFO] - Finding Test Object 'Object Repository/Olusturma/Genel/AliciBilgisi/Alici_Ara'

2021-10-21 14:11:19 - [MESSAGE][INFO] - Checking object

2021-10-21 14:11:19 - [MESSAGE][INFO] - Finding web element from Test Object's properties

2021-10-21 14:11:19 - [MESSAGE][INFO] - Checking timeout

2021-10-21 14:11:19 - [MESSAGE][INFO] - Finding web element with id: 'Object Repository/Olusturma/Genel/AliciBilgisi/Alici_Ara' located by 'By.xpath: //td[@id='txtCustomerText_B-1']' in '30' second(s)

2021-10-21 14:11:19 - [MESSAGE][INFO] - Smart Wait Function is triggered

2021-10-21 14:11:19 - [MESSAGE][INFO] - Found 1 web elements with id: 'Object Repository/Olusturma/Genel/AliciBilgisi/Alici_Ara' located by 'By.xpath: //td[@id='txtCustomerText_B-1']' in '30' second(s)

2021-10-21 14:11:19 - [MESSAGE][INFO] - Clicking on object: 'Object Repository/Olusturma/Genel/AliciBilgisi/Alici_Ara'

2021-10-21 14:11:20 - [MESSAGE][PASSED] - Object: 'Object Repository/Olusturma/Genel/AliciBilgisi/Alici_Ara' is clicked on

2021-10-21 14:11:20 - [TEST_STEP][PASSED] - click(findTestObject("Olusturma/Genel/AliciBilgisi/Alici_Bilgisi")): Object: 'Object Repository/Olusturma/Genel/AliciBilgisi/Alici_Bilgisi' is clicked on

2021-10-21 14:11:20 - [MESSAGE][INFO] - Finding Test Object 'Object Repository/Olusturma/Genel/AliciBilgisi/Alici_Bilgisi'

2021-10-21 14:11:20 - [MESSAGE][INFO] - Checking object

2021-10-21 14:11:20 - [MESSAGE][INFO] - Finding web element from Test Object's properties

2021-10-21 14:11:20 - [MESSAGE][INFO] - Checking timeout

2021-10-21 14:11:20 - [MESSAGE][INFO] - Finding web element with id: 'Object Repository/Olusturma/Genel/AliciBilgisi/Alici_Bilgisi' located by 'By.xpath: //iframe[@id='customerselectiframe']' in '30' second(s)

2021-10-21 14:11:20 - [MESSAGE][INFO] - Smart Wait Function is triggered

2021-10-21 14:11:20 - [MESSAGE][INFO] - Found 1 web elements with id: 'Object Repository/Olusturma/Genel/AliciBilgisi/Alici_Bilgisi' located by 'By.xpath: //iframe[@id='customerselectiframe']' in '30' second(s)

2021-10-21 14:11:20 - [MESSAGE][INFO] - Clicking on object: 'Object Repository/Olusturma/Genel/AliciBilgisi/Alici_Bilgisi'

2021-10-21 14:11:20 - [MESSAGE][PASSED] - Object: 'Object Repository/Olusturma/Genel/AliciBilgisi/Alici_Bilgisi' is clicked on

2021-10-21 14:11:20 - [TEST_STEP][PASSED] - setText(findTestObject("Olusturma/Genel/AliciBilgisi/Alici_Gir"), Alici_Adi): Switching to default content

2021-10-21 14:11:20 - [MESSAGE][INFO] - Finding Test Object 'Object Repository/Olusturma/Genel/AliciBilgisi/Alici_Gir'

2021-10-21 14:11:20 - [MESSAGE][INFO] - Finding Test Object 'Object Repository/Olusturma/Genel/AliciBilgisi/Alici_Bilgisi'

2021-10-21 14:11:20 - [MESSAGE][INFO] - Checking object

2021-10-21 14:11:20 - [MESSAGE][INFO] - Checking text

2021-10-21 14:11:20 - [MESSAGE][INFO] - Object: 'Object Repository/Olusturma/Genel/AliciBilgisi/Alici_Gir' has parent object(s)

2021-10-21 14:11:20 - [MESSAGE][INFO] - Switching to iframe: 'Object Repository/Olusturma/Genel/AliciBilgisi/Alici_Bilgisi'

2021-10-21 14:11:20 - [MESSAGE][INFO] - Finding web element from Test Object's properties

2021-10-21 14:11:20 - [MESSAGE][INFO] - Checking timeout

2021-10-21 14:11:20 - [MESSAGE][INFO] - Finding web element with id: 'Object Repository/Olusturma/Genel/AliciBilgisi/Alici_Bilgisi' located by 'By.xpath: //iframe[@id='customerselectiframe']' in '30' second(s)

2021-10-21 14:11:20 - [MESSAGE][INFO] - Smart Wait Function is triggered

2021-10-21 14:11:21 - [MESSAGE][INFO] - Found 1 web elements with id: 'Object Repository/Olusturma/Genel/AliciBilgisi/Alici_Bilgisi' located by 'By.xpath: //iframe[@id='customerselectiframe']' in '30' second(s)

2021-10-21 14:11:21 - [MESSAGE][INFO] - Switched to iframe: 'Object Repository/Olusturma/Genel/AliciBilgisi/Alici_Bilgisi'

2021-10-21 14:11:21 - [MESSAGE][INFO] - Finding web element from Test Object's properties

2021-10-21 14:11:21 - [MESSAGE][INFO] - Checking timeout

2021-10-21 14:11:21 - [MESSAGE][INFO] - Finding web element with id: 'Object Repository/Olusturma/Genel/AliciBilgisi/Alici_Gir' located by 'By.xpath: //input[@id='GridViewCustomer_DXFREditorcol1_I']' in '30' second(s)

2021-10-21 14:11:21 - [MESSAGE][INFO] - Smart Wait Function is triggered

2021-10-21 14:11:21 - [MESSAGE][INFO] - Found 1 web elements with id: 'Object Repository/Olusturma/Genel/AliciBilgisi/Alici_Gir' located by 'By.xpath: //input[@id='GridViewCustomer_DXFREditorcol1_I']' in '30' second(s)

2021-10-21 14:11:21 - [MESSAGE][INFO] - Clearing text of object 'Object Repository/Olusturma/Genel/AliciBilgisi/Alici_Gir'

2021-10-21 14:11:21 - [MESSAGE][INFO] - Finding web element from Test Object's properties

2021-10-21 14:11:21 - [MESSAGE][INFO] - Checking timeout

2021-10-21 14:11:21 - [MESSAGE][INFO] - Finding web element with id: 'Object Repository/Olusturma/Genel/AliciBilgisi/Alici_Gir' located by 'By.xpath: //input[@id='GridViewCustomer_DXFREditorcol1_I']' in '30' second(s)

2021-10-21 14:11:21 - [MESSAGE][INFO] - Smart Wait Function is triggered

2021-10-21 14:11:21 - [MESSAGE][INFO] - Found 1 web elements with id: 'Object Repository/Olusturma/Genel/AliciBilgisi/Alici_Gir' located by 'By.xpath: //input[@id='GridViewCustomer_DXFREditorcol1_I']' in '30' second(s)

2021-10-21 14:11:21 - [MESSAGE][INFO] - Setting text of object 'Object Repository/Olusturma/Genel/AliciBilgisi/Alici_Gir' to value 'UC0003'

2021-10-21 14:11:21 - [MESSAGE][PASSED] - Text 'UC0003' is set on object 'Object Repository/Olusturma/Genel/AliciBilgisi/Alici_Gir'

2021-10-21 14:11:21 - [MESSAGE][INFO] - Switching to default content

2021-10-21 14:11:21 - [TEST_STEP][PASSED] - waitForElementClickable(findTestObject("Olusturma/Genel/AliciBilgisi/Alici_Adi"), 10): Switching to default content

2021-10-21 14:11:21 - [MESSAGE][INFO] - Finding Test Object 'Object Repository/Olusturma/Genel/AliciBilgisi/Alici_Adi'

2021-10-21 14:11:21 - [MESSAGE][INFO] - Finding Test Object 'Object Repository/Olusturma/Genel/AliciBilgisi/iframe_Alc Bilgisi_customerselectiframe'

2021-10-21 14:11:21 - [MESSAGE][INFO] - Checking object

2021-10-21 14:11:21 - [MESSAGE][INFO] - Checking timeout

2021-10-21 14:11:21 - [MESSAGE][INFO] - Object: 'Object Repository/Olusturma/Genel/AliciBilgisi/Alici_Adi' has parent object(s)

2021-10-21 14:11:21 - [MESSAGE][INFO] - Switching to iframe: 'Object Repository/Olusturma/Genel/AliciBilgisi/iframe_Alc Bilgisi_customerselectiframe'

2021-10-21 14:11:21 - [MESSAGE][INFO] - Finding web element from Test Object's properties

2021-10-21 14:11:21 - [MESSAGE][INFO] - Checking timeout

2021-10-21 14:11:21 - [MESSAGE][INFO] - Finding web element with id: 'Object Repository/Olusturma/Genel/AliciBilgisi/iframe_Alc Bilgisi_customerselectiframe' located by 'By.xpath: //iframe[@id='customerselectiframe']' in '10' second(s)

2021-10-21 14:11:21 - [MESSAGE][INFO] - Smart Wait Function is triggered

2021-10-21 14:11:21 - [MESSAGE][INFO] - Found 1 web elements with id: 'Object Repository/Olusturma/Genel/AliciBilgisi/iframe_Alc Bilgisi_customerselectiframe' located by 'By.xpath: //iframe[@id='customerselectiframe']' in '10' second(s)

2021-10-21 14:11:21 - [MESSAGE][INFO] - Switched to iframe: 'Object Repository/Olusturma/Genel/AliciBilgisi/iframe_Alc Bilgisi_customerselectiframe'

2021-10-21 14:11:21 - [MESSAGE][INFO] - Finding web element from Test Object's properties

2021-10-21 14:11:21 - [MESSAGE][INFO] - Checking timeout

2021-10-21 14:11:21 - [MESSAGE][INFO] - Finding web element with id: 'Object Repository/Olusturma/Genel/AliciBilgisi/Alici_Adi' located by 'By.xpath: //tr[@id='GridViewCustomer_DXDataRow0']/td[2]' in '10' second(s)

2021-10-21 14:11:21 - [MESSAGE][INFO] - Smart Wait Function is triggered

2021-10-21 14:11:21 - [MESSAGE][INFO] - Found 1 web elements with id: 'Object Repository/Olusturma/Genel/AliciBilgisi/Alici_Adi' located by 'By.xpath: //tr[@id='GridViewCustomer_DXDataRow0']/td[2]' in '10' second(s)

2021-10-21 14:11:21 - [MESSAGE][PASSED] - Object 'Object Repository/Olusturma/Genel/AliciBilgisi/Alici_Adi' is clickable

2021-10-21 14:11:21 - [MESSAGE][INFO] - Switching to default content

2021-10-21 14:11:21 - [TEST_STEP][PASSED] - click(findTestObject("Olusturma/Genel/AliciBilgisi/frame")): Switching to default content

2021-10-21 14:11:21 - [MESSAGE][INFO] - Finding Test Object 'Object Repository/Olusturma/Genel/AliciBilgisi/frame'

2021-10-21 14:11:22 - [MESSAGE][INFO] - Finding Test Object 'Object Repository/Olusturma/Genel/AliciBilgisi/iframe_Alc Bilgisi_customerselectiframe'

2021-10-21 14:11:22 - [MESSAGE][INFO] - Checking object

2021-10-21 14:11:22 - [MESSAGE][INFO] - Object: 'Object Repository/Olusturma/Genel/AliciBilgisi/frame' has parent object(s)

2021-10-21 14:11:22 - [MESSAGE][INFO] - Switching to iframe: 'Object Repository/Olusturma/Genel/AliciBilgisi/iframe_Alc Bilgisi_customerselectiframe'

2021-10-21 14:11:22 - [MESSAGE][INFO] - Finding web element from Test Object's properties

2021-10-21 14:11:22 - [MESSAGE][INFO] - Checking timeout

2021-10-21 14:11:22 - [MESSAGE][INFO] - Finding web element with id: 'Object Repository/Olusturma/Genel/AliciBilgisi/iframe_Alc Bilgisi_customerselectiframe' located by 'By.xpath: //iframe[@id='customerselectiframe']' in '30' second(s)

2021-10-21 14:11:22 - [MESSAGE][INFO] - Smart Wait Function is triggered

2021-10-21 14:11:22 - [MESSAGE][INFO] - Found 1 web elements with id: 'Object Repository/Olusturma/Genel/AliciBilgisi/iframe_Alc Bilgisi_customerselectiframe' located by 'By.xpath: //iframe[@id='customerselectiframe']' in '30' second(s)

2021-10-21 14:11:22 - [MESSAGE][INFO] - Switched to iframe: 'Object Repository/Olusturma/Genel/AliciBilgisi/iframe_Alc Bilgisi_customerselectiframe'

2021-10-21 14:11:22 - [MESSAGE][INFO] - Finding web element from Test Object's properties

2021-10-21 14:11:22 - [MESSAGE][INFO] - Checking timeout

2021-10-21 14:11:22 - [MESSAGE][INFO] - Finding web element with id: 'Object Repository/Olusturma/Genel/AliciBilgisi/frame' located by 'By.xpath: //*/text()[normalize-space(.)='']/parent::*' in '30' second(s)

2021-10-21 14:11:22 - [MESSAGE][INFO] - Smart Wait Function is triggered

2021-10-21 14:11:22 - [MESSAGE][INFO] - Found 66 web elements with id: 'Object Repository/Olusturma/Genel/AliciBilgisi/frame' located by 'By.xpath: //*/text()[normalize-space(.)='']/parent::*' in '30' second(s)

2021-10-21 14:11:22 - [MESSAGE][INFO] - Clicking on object: 'Object Repository/Olusturma/Genel/AliciBilgisi/frame'

2021-10-21 14:11:22 - [MESSAGE][PASSED] - Object: 'Object Repository/Olusturma/Genel/AliciBilgisi/frame' is clicked on

2021-10-21 14:11:22 - [MESSAGE][INFO] - Switching to default content

2021-10-21 14:11:22 - [TEST_STEP][PASSED] - click(findTestObject("Olusturma/Genel/AliciBilgisi/Alici_Adi")): Switching to default content

2021-10-21 14:11:22 - [MESSAGE][INFO] - Finding Test Object 'Object Repository/Olusturma/Genel/AliciBilgisi/Alici_Adi'

2021-10-21 14:11:22 - [MESSAGE][INFO] - Finding Test Object 'Object Repository/Olusturma/Genel/AliciBilgisi/iframe_Alc Bilgisi_customerselectiframe'

2021-10-21 14:11:22 - [MESSAGE][INFO] - Checking object

2021-10-21 14:11:22 - [MESSAGE][INFO] - Object: 'Object Repository/Olusturma/Genel/AliciBilgisi/Alici_Adi' has parent object(s)

2021-10-21 14:11:22 - [MESSAGE][INFO] - Switching to iframe: 'Object Repository/Olusturma/Genel/AliciBilgisi/iframe_Alc Bilgisi_customerselectiframe'

2021-10-21 14:11:22 - [MESSAGE][INFO] - Finding web element from Test Object's properties

2021-10-21 14:11:22 - [MESSAGE][INFO] - Checking timeout

2021-10-21 14:11:22 - [MESSAGE][INFO] - Finding web element with id: 'Object Repository/Olusturma/Genel/AliciBilgisi/iframe_Alc Bilgisi_customerselectiframe' located by 'By.xpath: //iframe[@id='customerselectiframe']' in '30' second(s)

2021-10-21 14:11:22 - [MESSAGE][INFO] - Smart Wait Function is triggered

2021-10-21 14:11:22 - [MESSAGE][INFO] - Found 1 web elements with id: 'Object Repository/Olusturma/Genel/AliciBilgisi/iframe_Alc Bilgisi_customerselectiframe' located by 'By.xpath: //iframe[@id='customerselectiframe']' in '30' second(s)

2021-10-21 14:11:22 - [MESSAGE][INFO] - Switched to iframe: 'Object Repository/Olusturma/Genel/AliciBilgisi/iframe_Alc Bilgisi_customerselectiframe'

2021-10-21 14:11:22 - [MESSAGE][INFO] - Finding web element from Test Object's properties

2021-10-21 14:11:22 - [MESSAGE][INFO] - Checking timeout

2021-10-21 14:11:22 - [MESSAGE][INFO] - Finding web element with id: 'Object Repository/Olusturma/Genel/AliciBilgisi/Alici_Adi' located by 'By.xpath: //tr[@id='GridViewCustomer_DXDataRow0']/td[2]' in '30' second(s)

2021-10-21 14:11:22 - [MESSAGE][INFO] - Smart Wait Function is triggered

2021-10-21 14:11:22 - [MESSAGE][INFO] - Found 1 web elements with id: 'Object Repository/Olusturma/Genel/AliciBilgisi/Alici_Adi' located by 'By.xpath: //tr[@id='GridViewCustomer_DXDataRow0']/td[2]' in '30' second(s)

2021-10-21 14:11:22 - [MESSAGE][INFO] - Clicking on object: 'Object Repository/Olusturma/Genel/AliciBilgisi/Alici_Adi'

2021-10-21 14:11:23 - [MESSAGE][PASSED] - Object: 'Object Repository/Olusturma/Genel/AliciBilgisi/Alici_Adi' is clicked on

2021-10-21 14:11:23 - [MESSAGE][INFO] - Switching to default content

2021-10-21 14:11:23 - [TEST_STEP][PASSED] - click(findTestObject("Olusturma/Genel/AliciBilgisi/Tamam_Bosluk")): Switching to default content

2021-10-21 14:11:23 - [MESSAGE][INFO] - Finding Test Object 'Object Repository/Olusturma/Genel/AliciBilgisi/Tamam_Bosluk'

2021-10-21 14:11:23 - [MESSAGE][INFO] - Finding Test Object 'Object Repository/Olusturma/Genel/AliciBilgisi/Alici_Bilgisi'

2021-10-21 14:11:23 - [MESSAGE][INFO] - Checking object

2021-10-21 14:11:23 - [MESSAGE][INFO] - Object: 'Object Repository/Olusturma/Genel/AliciBilgisi/Tamam_Bosluk' has parent object(s)

2021-10-21 14:11:23 - [MESSAGE][INFO] - Switching to iframe: 'Object Repository/Olusturma/Genel/AliciBilgisi/Alici_Bilgisi'

2021-10-21 14:11:23 - [MESSAGE][INFO] - Finding web element from Test Object's properties

2021-10-21 14:11:23 - [MESSAGE][INFO] - Checking timeout

2021-10-21 14:11:23 - [MESSAGE][INFO] - Finding web element with id: 'Object Repository/Olusturma/Genel/AliciBilgisi/Alici_Bilgisi' located by 'By.xpath: //iframe[@id='customerselectiframe']' in '30' second(s)

2021-10-21 14:11:23 - [MESSAGE][INFO] - Smart Wait Function is triggered

2021-10-21 14:11:23 - [MESSAGE][INFO] - Found 1 web elements with id: 'Object Repository/Olusturma/Genel/AliciBilgisi/Alici_Bilgisi' located by 'By.xpath: //iframe[@id='customerselectiframe']' in '30' second(s)

2021-10-21 14:11:23 - [MESSAGE][INFO] - Switched to iframe: 'Object Repository/Olusturma/Genel/AliciBilgisi/Alici_Bilgisi'

2021-10-21 14:11:23 - [MESSAGE][INFO] - Finding web element from Test Object's properties

2021-10-21 14:11:23 - [MESSAGE][INFO] - Checking timeout

2021-10-21 14:11:23 - [MESSAGE][INFO] - Finding web element with id: 'Object Repository/Olusturma/Genel/AliciBilgisi/Tamam_Bosluk' located by 'By.xpath: (.//*[normalize-space(text()) and normalize-space(.)='Sayfa Boyutu:'])[1]/following::div[7]' in '30' second(s)

2021-10-21 14:11:23 - [MESSAGE][INFO] - Smart Wait Function is triggered

2021-10-21 14:11:23 - [MESSAGE][INFO] - Found 1 web elements with id: 'Object Repository/Olusturma/Genel/AliciBilgisi/Tamam_Bosluk' located by 'By.xpath: (.//*[normalize-space(text()) and normalize-space(.)='Sayfa Boyutu:'])[1]/following::div[7]' in '30' second(s)

2021-10-21 14:11:23 - [MESSAGE][INFO] - Clicking on object: 'Object Repository/Olusturma/Genel/AliciBilgisi/Tamam_Bosluk'

2021-10-21 14:11:23 - [MESSAGE][PASSED] - Object: 'Object Repository/Olusturma/Genel/AliciBilgisi/Tamam_Bosluk' is clicked on

2021-10-21 14:11:23 - [MESSAGE][INFO] - Switching to default content

2021-10-21 14:11:23 - [TEST_STEP][PASSED] - waitForElementClickable(findTestObject("Olusturma/Genel/AliciBilgisi/Tamam_Butonu"), 10): Switching to default content

2021-10-21 14:11:23 - [MESSAGE][INFO] - Finding Test Object 'Object Repository/Olusturma/Genel/AliciBilgisi/Tamam_Butonu'

2021-10-21 14:11:23 - [MESSAGE][INFO] - Finding Test Object 'Object Repository/Olusturma/Genel/AliciBilgisi/Alici_Bilgisi'

2021-10-21 14:11:23 - [MESSAGE][INFO] - Checking object

2021-10-21 14:11:23 - [MESSAGE][INFO] - Checking timeout

2021-10-21 14:11:23 - [MESSAGE][INFO] - Object: 'Object Repository/Olusturma/Genel/AliciBilgisi/Tamam_Butonu' has parent object(s)

2021-10-21 14:11:23 - [MESSAGE][INFO] - Switching to iframe: 'Object Repository/Olusturma/Genel/AliciBilgisi/Alici_Bilgisi'

2021-10-21 14:11:23 - [MESSAGE][INFO] - Finding web element from Test Object's properties

2021-10-21 14:11:23 - [MESSAGE][INFO] - Checking timeout

2021-10-21 14:11:23 - [MESSAGE][INFO] - Finding web element with id: 'Object Repository/Olusturma/Genel/AliciBilgisi/Alici_Bilgisi' located by 'By.xpath: //iframe[@id='customerselectiframe']' in '10' second(s)

2021-10-21 14:11:23 - [MESSAGE][INFO] - Smart Wait Function is triggered

2021-10-21 14:11:24 - [MESSAGE][INFO] - Found 1 web elements with id: 'Object Repository/Olusturma/Genel/AliciBilgisi/Alici_Bilgisi' located by 'By.xpath: //iframe[@id='customerselectiframe']' in '10' second(s)

2021-10-21 14:11:24 - [MESSAGE][INFO] - Switched to iframe: 'Object Repository/Olusturma/Genel/AliciBilgisi/Alici_Bilgisi'

2021-10-21 14:11:24 - [MESSAGE][INFO] - Finding web element from Test Object's properties

2021-10-21 14:11:24 - [MESSAGE][INFO] - Checking timeout

2021-10-21 14:11:24 - [MESSAGE][INFO] - Finding web element with id: 'Object Repository/Olusturma/Genel/AliciBilgisi/Tamam_Butonu' located by 'By.xpath: //div[@id='btnSelectCustomer_CD']/span' in '10' second(s)

2021-10-21 14:11:24 - [MESSAGE][INFO] - Smart Wait Function is triggered

2021-10-21 14:11:24 - [MESSAGE][INFO] - Found 1 web elements with id: 'Object Repository/Olusturma/Genel/AliciBilgisi/Tamam_Butonu' located by 'By.xpath: //div[@id='btnSelectCustomer_CD']/span' in '10' second(s)

2021-10-21 14:11:24 - [MESSAGE][PASSED] - Object 'Object Repository/Olusturma/Genel/AliciBilgisi/Tamam_Butonu' is clickable

2021-10-21 14:11:24 - [MESSAGE][INFO] - Switching to default content

2021-10-21 14:11:24 - [TEST_STEP][PASSED] - click(findTestObject("Olusturma/Genel/AliciBilgisi/Tamam_Butonu")): Switching to default content

2021-10-21 14:11:24 - [MESSAGE][INFO] - Finding Test Object 'Object Repository/Olusturma/Genel/AliciBilgisi/Tamam_Butonu'

2021-10-21 14:11:24 - [MESSAGE][INFO] - Finding Test Object 'Object Repository/Olusturma/Genel/AliciBilgisi/Alici_Bilgisi'

2021-10-21 14:11:24 - [MESSAGE][INFO] - Checking object

2021-10-21 14:11:24 - [MESSAGE][INFO] - Object: 'Object Repository/Olusturma/Genel/AliciBilgisi/Tamam_Butonu' has parent object(s)

2021-10-21 14:11:24 - [MESSAGE][INFO] - Switching to iframe: 'Object Repository/Olusturma/Genel/AliciBilgisi/Alici_Bilgisi'

2021-10-21 14:11:24 - [MESSAGE][INFO] - Finding web element from Test Object's properties

2021-10-21 14:11:24 - [MESSAGE][INFO] - Checking timeout

2021-10-21 14:11:24 - [MESSAGE][INFO] - Finding web element with id: 'Object Repository/Olusturma/Genel/AliciBilgisi/Alici_Bilgisi' located by 'By.xpath: //iframe[@id='customerselectiframe']' in '30' second(s)

2021-10-21 14:11:24 - [MESSAGE][INFO] - Smart Wait Function is triggered

2021-10-21 14:11:24 - [MESSAGE][INFO] - Found 1 web elements with id: 'Object Repository/Olusturma/Genel/AliciBilgisi/Alici_Bilgisi' located by 'By.xpath: //iframe[@id='customerselectiframe']' in '30' second(s)

2021-10-21 14:11:24 - [MESSAGE][INFO] - Switched to iframe: 'Object Repository/Olusturma/Genel/AliciBilgisi/Alici_Bilgisi'

2021-10-21 14:11:24 - [MESSAGE][INFO] - Finding web element from Test Object's properties

2021-10-21 14:11:24 - [MESSAGE][INFO] - Checking timeout

2021-10-21 14:11:24 - [MESSAGE][INFO] - Finding web element with id: 'Object Repository/Olusturma/Genel/AliciBilgisi/Tamam_Butonu' located by 'By.xpath: //div[@id='btnSelectCustomer_CD']/span' in '30' second(s)

2021-10-21 14:11:24 - [MESSAGE][INFO] - Smart Wait Function is triggered

2021-10-21 14:11:24 - [MESSAGE][INFO] - Found 1 web elements with id: 'Object Repository/Olusturma/Genel/AliciBilgisi/Tamam_Butonu' located by 'By.xpath: //div[@id='btnSelectCustomer_CD']/span' in '30' second(s)

2021-10-21 14:11:24 - [MESSAGE][INFO] - Clicking on object: 'Object Repository/Olusturma/Genel/AliciBilgisi/Tamam_Butonu'

2021-10-21 14:11:24 - [MESSAGE][PASSED] - Object: 'Object Repository/Olusturma/Genel/AliciBilgisi/Tamam_Butonu' is clicked on

2021-10-21 14:11:24 - [MESSAGE][INFO] - Switching to default content

2021-10-21 14:11:24 - [TEST_STEP][PASSED] - waitForElementPresent(findTestObject("Olusturma/Genel/AliciBilgisi/VKN-TCKN"), 10): Object 'Object Repository/Olusturma/Genel/AliciBilgisi/VKN-TCKN' is present

2021-10-21 14:11:24 - [MESSAGE][INFO] - Finding Test Object 'Object Repository/Olusturma/Genel/AliciBilgisi/VKN-TCKN'

2021-10-21 14:11:24 - [MESSAGE][INFO] - Checking object

2021-10-21 14:11:24 - [MESSAGE][INFO] - Finding web element from Test Object's properties

2021-10-21 14:11:24 - [MESSAGE][INFO] - Checking timeout

2021-10-21 14:11:24 - [MESSAGE][INFO] - Finding web element with id: 'Object Repository/Olusturma/Genel/AliciBilgisi/VKN-TCKN' located by 'By.xpath: //*[@id = 'txtVknTckn_I']' in '10' second(s)

2021-10-21 14:11:24 - [MESSAGE][INFO] - Smart Wait Function is triggered

2021-10-21 14:11:25 - [MESSAGE][INFO] - Found 1 web elements with id: 'Object Repository/Olusturma/Genel/AliciBilgisi/VKN-TCKN' located by 'By.xpath: //*[@id = 'txtVknTckn_I']' in '10' second(s)

2021-10-21 14:11:25 - [MESSAGE][PASSED] - Object 'Object Repository/Olusturma/Genel/AliciBilgisi/VKN-TCKN' is present

2021-10-21 14:11:25 - [TEST_STEP][PASSED] - text = getAttribute(findTestObject("Olusturma/Genel/AliciBilgisi/VKN-TCKN"), "value"): Attribute 'value' of object 'Object Repository/Olusturma/Genel/AliciBilgisi/VKN-TCKN' is: '5324544750'

2021-10-21 14:11:25 - [MESSAGE][INFO] - Finding Test Object 'Object Repository/Olusturma/Genel/AliciBilgisi/VKN-TCKN'

2021-10-21 14:11:25 - [MESSAGE][INFO] - Checking object

2021-10-21 14:11:25 - [MESSAGE][INFO] - Checking attribute

2021-10-21 14:11:25 - [MESSAGE][INFO] - Finding web element from Test Object's properties

2021-10-21 14:11:25 - [MESSAGE][INFO] - Checking timeout

2021-10-21 14:11:25 - [MESSAGE][INFO] - Finding web element with id: 'Object Repository/Olusturma/Genel/AliciBilgisi/VKN-TCKN' located by 'By.xpath: //*[@id = 'txtVknTckn_I']' in '30' second(s)

2021-10-21 14:11:25 - [MESSAGE][INFO] - Smart Wait Function is triggered

2021-10-21 14:11:25 - [MESSAGE][INFO] - Found 1 web elements with id: 'Object Repository/Olusturma/Genel/AliciBilgisi/VKN-TCKN' located by 'By.xpath: //*[@id = 'txtVknTckn_I']' in '30' second(s)

2021-10-21 14:11:25 - [MESSAGE][INFO] - Getting attribute 'value' of object 'Object Repository/Olusturma/Genel/AliciBilgisi/VKN-TCKN'

2021-10-21 14:11:25 - [MESSAGE][PASSED] - Attribute 'value' of object 'Object Repository/Olusturma/Genel/AliciBilgisi/VKN-TCKN' is: '5324544750'

2021-10-21 14:11:25 - [TEST_STEP][PASSED] - if (text.equals("")): null

2021-10-21 14:11:25 - [MESSAGE][PASSED] - Call Test Case 'Test Cases/Olusturma/Genel/AliciSecilir' successfully

2021-10-21 14:11:25 - [MESSAGE][INFO] - Checking called Test Case

2021-10-21 14:11:25 - [MESSAGE][INFO] - Starting to call Test Case 'Test Cases/Olusturma/Genel/GonderimSekliSecilir'

2021-10-21 14:11:25 - [TEST_CASE][PASSED] - Test Cases/Olusturma/Genel/GonderimSekliSecilir: Test Cases/Olusturma/Genel/GonderimSekliSecilir

2021-10-21 14:11:25 - [TEST_STEP][PASSED] - waitForElementClickable(findTestObject("Object Repository/Olusturma/Genel/GonderimSekli/GonderimSekli"), 10): Object 'Object Repository/Olusturma/Genel/GonderimSekli/GonderimSekli' is clickable

2021-10-21 14:11:25 - [MESSAGE][INFO] - Finding Test Object 'Object Repository/Olusturma/Genel/GonderimSekli/GonderimSekli'

2021-10-21 14:11:25 - [MESSAGE][INFO] - Checking object

2021-10-21 14:11:25 - [MESSAGE][INFO] - Checking timeout

2021-10-21 14:11:25 - [MESSAGE][INFO] - Finding web element from Test Object's properties

2021-10-21 14:11:25 - [MESSAGE][INFO] - Checking timeout

2021-10-21 14:11:25 - [MESSAGE][INFO] - Finding web element with id: 'Object Repository/Olusturma/Genel/GonderimSekli/GonderimSekli' located by 'By.xpath: //*[@id = 'txtGonderimSekil_I']' in '10' second(s)

2021-10-21 14:11:25 - [MESSAGE][INFO] - Smart Wait Function is triggered

2021-10-21 14:11:26 - [MESSAGE][INFO] - Found 1 web elements with id: 'Object Repository/Olusturma/Genel/GonderimSekli/GonderimSekli' located by 'By.xpath: //*[@id = 'txtGonderimSekil_I']' in '10' second(s)

2021-10-21 14:11:26 - [MESSAGE][PASSED] - Object 'Object Repository/Olusturma/Genel/GonderimSekli/GonderimSekli' is clickable

2021-10-21 14:11:26 - [TEST_STEP][PASSED] - click(findTestObject("Object Repository/Olusturma/Genel/GonderimSekli/GonderimSekli")): Object: 'Object Repository/Olusturma/Genel/GonderimSekli/GonderimSekli' is clicked on

2021-10-21 14:11:26 - [MESSAGE][INFO] - Finding Test Object 'Object Repository/Olusturma/Genel/GonderimSekli/GonderimSekli'

2021-10-21 14:11:26 - [MESSAGE][INFO] - Checking object

2021-10-21 14:11:26 - [MESSAGE][INFO] - Finding web element from Test Object's properties

2021-10-21 14:11:26 - [MESSAGE][INFO] - Checking timeout

2021-10-21 14:11:26 - [MESSAGE][INFO] - Finding web element with id: 'Object Repository/Olusturma/Genel/GonderimSekli/GonderimSekli' located by 'By.xpath: //*[@id = 'txtGonderimSekil_I']' in '30' second(s)

2021-10-21 14:11:26 - [MESSAGE][INFO] - Smart Wait Function is triggered

2021-10-21 14:11:26 - [MESSAGE][INFO] - Found 1 web elements with id: 'Object Repository/Olusturma/Genel/GonderimSekli/GonderimSekli' located by 'By.xpath: //*[@id = 'txtGonderimSekil_I']' in '30' second(s)

2021-10-21 14:11:26 - [MESSAGE][INFO] - Clicking on object: 'Object Repository/Olusturma/Genel/GonderimSekli/GonderimSekli'

2021-10-21 14:11:26 - [MESSAGE][PASSED] - Object: 'Object Repository/Olusturma/Genel/GonderimSekli/GonderimSekli' is clicked on

2021-10-21 14:11:26 - [TEST_STEP][PASSED] - Method.TextDegerineEsitElementeTikla(findTestObject("Object Repository/Olusturma/Genel/GonderimSekli/GonderimSekliAdi"), GonderimSekli): Method.TextDegerineEsitElementeTikla is PASSED

2021-10-21 14:11:26 - [MESSAGE][INFO] - Finding Test Object 'Object Repository/Olusturma/Genel/GonderimSekli/GonderimSekliAdi'

2021-10-21 14:11:26 - [MESSAGE][INFO] - Checking timeout

2021-10-21 14:11:26 - [MESSAGE][INFO] - Finding web element with id: 'Object Repository/Olusturma/Genel/GonderimSekli/GonderimSekliAdi' located by 'By.cssSelector: #txtGonderimSekil_DDD_L_LBT td' in '10' second(s)

2021-10-21 14:11:26 - [MESSAGE][INFO] - Smart Wait Function is triggered

2021-10-21 14:11:27 - [MESSAGE][INFO] - Found 2 web elements with id: 'Object Repository/Olusturma/Genel/GonderimSekli/GonderimSekliAdi' located by 'By.cssSelector: #txtGonderimSekil_DDD_L_LBT td' in '10' second(s)

2021-10-21 14:11:27 - [MESSAGE][PASSED] - Method.TextDegerineEsitElementeTikla is PASSED

2021-10-21 14:11:27 - [MESSAGE][PASSED] - Call Test Case 'Test Cases/Olusturma/Genel/GonderimSekliSecilir' successfully

2021-10-21 14:11:27 - [MESSAGE][INFO] - Checking called Test Case

2021-10-21 14:11:27 - [MESSAGE][INFO] - Starting to call Test Case 'Test Cases/Olusturma/Genel/TipSecilir'

2021-10-21 14:11:27 - [TEST_CASE][PASSED] - Test Cases/Olusturma/Genel/TipSecilir: Test Cases/Olusturma/Genel/TipSecilir

2021-10-21 14:11:27 - [TEST_STEP][PASSED] - waitForElementClickable(findTestObject("Olusturma/Genel/TipSecilir/Tip"), 10): Object 'Object Repository/Olusturma/Genel/TipSecilir/Tip' is clickable

2021-10-21 14:11:27 - [MESSAGE][INFO] - Finding Test Object 'Object Repository/Olusturma/Genel/TipSecilir/Tip'

2021-10-21 14:11:27 - [MESSAGE][INFO] - Checking object

2021-10-21 14:11:27 - [MESSAGE][INFO] - Checking timeout

2021-10-21 14:11:27 - [MESSAGE][INFO] - Finding web element from Test Object's properties

2021-10-21 14:11:27 - [MESSAGE][INFO] - Checking timeout

2021-10-21 14:11:27 - [MESSAGE][INFO] - Finding web element with id: 'Object Repository/Olusturma/Genel/TipSecilir/Tip' located by 'By.xpath: //*[@id = 'DocumentTypeCode_I']' in '10' second(s)

2021-10-21 14:11:27 - [MESSAGE][INFO] - Smart Wait Function is triggered

2021-10-21 14:11:27 - [MESSAGE][INFO] - Found 1 web elements with id: 'Object Repository/Olusturma/Genel/TipSecilir/Tip' located by 'By.xpath: //*[@id = 'DocumentTypeCode_I']' in '10' second(s)

2021-10-21 14:11:27 - [MESSAGE][PASSED] - Object 'Object Repository/Olusturma/Genel/TipSecilir/Tip' is clickable

2021-10-21 14:11:27 - [TEST_STEP][PASSED] - click(findTestObject("Olusturma/Genel/TipSecilir/Tip")): Object: 'Object Repository/Olusturma/Genel/TipSecilir/Tip' is clicked on

2021-10-21 14:11:27 - [MESSAGE][INFO] - Finding Test Object 'Object Repository/Olusturma/Genel/TipSecilir/Tip'

2021-10-21 14:11:27 - [MESSAGE][INFO] - Checking object

2021-10-21 14:11:27 - [MESSAGE][INFO] - Finding web element from Test Object's properties

2021-10-21 14:11:27 - [MESSAGE][INFO] - Checking timeout

2021-10-21 14:11:27 - [MESSAGE][INFO] - Finding web element with id: 'Object Repository/Olusturma/Genel/TipSecilir/Tip' located by 'By.xpath: //*[@id = 'DocumentTypeCode_I']' in '30' second(s)

2021-10-21 14:11:27 - [MESSAGE][INFO] - Smart Wait Function is triggered

2021-10-21 14:11:28 - [MESSAGE][INFO] - Found 1 web elements with id: 'Object Repository/Olusturma/Genel/TipSecilir/Tip' located by 'By.xpath: //*[@id = 'DocumentTypeCode_I']' in '30' second(s)

2021-10-21 14:11:28 - [MESSAGE][INFO] - Clicking on object: 'Object Repository/Olusturma/Genel/TipSecilir/Tip'

2021-10-21 14:11:28 - [MESSAGE][PASSED] - Object: 'Object Repository/Olusturma/Genel/TipSecilir/Tip' is clicked on

2021-10-21 14:11:28 - [TEST_STEP][PASSED] - Method.TextDegerineEsitElementeTikla(findTestObject("Object Repository/Olusturma/Genel/TipSecilir/Tip_Adi"), Tip): Method.TextDegerineEsitElementeTikla is PASSED

2021-10-21 14:11:28 - [MESSAGE][INFO] - Finding Test Object 'Object Repository/Olusturma/Genel/TipSecilir/Tip_Adi'

2021-10-21 14:11:28 - [MESSAGE][INFO] - Checking timeout

2021-10-21 14:11:28 - [MESSAGE][INFO] - Finding web element with id: 'Object Repository/Olusturma/Genel/TipSecilir/Tip_Adi' located by 'By.cssSelector: #DocumentTypeCode_DDD_L_LBT td' in '10' second(s)

2021-10-21 14:11:28 - [MESSAGE][INFO] - Smart Wait Function is triggered

2021-10-21 14:11:28 - [MESSAGE][INFO] - Found 9 web elements with id: 'Object Repository/Olusturma/Genel/TipSecilir/Tip_Adi' located by 'By.cssSelector: #DocumentTypeCode_DDD_L_LBT td' in '10' second(s)

2021-10-21 14:11:29 - [MESSAGE][PASSED] - Method.TextDegerineEsitElementeTikla is PASSED

2021-10-21 14:11:29 - [MESSAGE][PASSED] - Call Test Case 'Test Cases/Olusturma/Genel/TipSecilir' successfully

2021-10-21 14:11:29 - [MESSAGE][INFO] - Checking called Test Case

2021-10-21 14:11:29 - [MESSAGE][INFO] - Starting to call Test Case 'Test Cases/Olusturma/Genel/DokumanParaBirimiSecilir'

2021-10-21 14:11:29 - [TEST_CASE][PASSED] - Test Cases/Olusturma/Genel/DokumanParaBirimiSecilir: Test Cases/Olusturma/Genel/DokumanParaBirimiSecilir

2021-10-21 14:11:29 - [TEST_STEP][PASSED] - waitForElementClickable(findTestObject("Object Repository/Olusturma/Genel/DokumanParaBirimiSecilir/Para"), 10): Object 'Object Repository/Olusturma/Genel/DokumanParaBirimiSecilir/Para' is clickable

2021-10-21 14:11:29 - [MESSAGE][INFO] - Finding Test Object 'Object Repository/Olusturma/Genel/DokumanParaBirimiSecilir/Para'

2021-10-21 14:11:29 - [MESSAGE][INFO] - Checking object

2021-10-21 14:11:29 - [MESSAGE][INFO] - Checking timeout

2021-10-21 14:11:29 - [MESSAGE][INFO] - Finding web element from Test Object's properties

2021-10-21 14:11:29 - [MESSAGE][INFO] - Checking timeout

2021-10-21 14:11:29 - [MESSAGE][INFO] - Finding web element with id: 'Object Repository/Olusturma/Genel/DokumanParaBirimiSecilir/Para' located by 'By.xpath: //*[@id = 'CurrencyUnit_I']' in '10' second(s)

2021-10-21 14:11:29 - [MESSAGE][INFO] - Smart Wait Function is triggered

2021-10-21 14:11:30 - [MESSAGE][INFO] - Found 1 web elements with id: 'Object Repository/Olusturma/Genel/DokumanParaBirimiSecilir/Para' located by 'By.xpath: //*[@id = 'CurrencyUnit_I']' in '10' second(s)

2021-10-21 14:11:30 - [MESSAGE][PASSED] - Object 'Object Repository/Olusturma/Genel/DokumanParaBirimiSecilir/Para' is clickable

2021-10-21 14:11:30 - [TEST_STEP][PASSED] - click(findTestObject("Object Repository/Olusturma/Genel/DokumanParaBirimiSecilir/Para")): Object: 'Object Repository/Olusturma/Genel/DokumanParaBirimiSecilir/Para' is clicked on

2021-10-21 14:11:30 - [MESSAGE][INFO] - Finding Test Object 'Object Repository/Olusturma/Genel/DokumanParaBirimiSecilir/Para'

2021-10-21 14:11:31 - [MESSAGE][INFO] - Checking object

2021-10-21 14:11:31 - [MESSAGE][INFO] - Finding web element from Test Object's properties

2021-10-21 14:11:31 - [MESSAGE][INFO] - Checking timeout

2021-10-21 14:11:31 - [MESSAGE][INFO] - Finding web element with id: 'Object Repository/Olusturma/Genel/DokumanParaBirimiSecilir/Para' located by 'By.xpath: //*[@id = 'CurrencyUnit_I']' in '30' second(s)

2021-10-21 14:11:31 - [MESSAGE][INFO] - Smart Wait Function is triggered

2021-10-21 14:11:31 - [MESSAGE][INFO] - Found 1 web elements with id: 'Object Repository/Olusturma/Genel/DokumanParaBirimiSecilir/Para' located by 'By.xpath: //*[@id = 'CurrencyUnit_I']' in '30' second(s)

2021-10-21 14:11:31 - [MESSAGE][INFO] - Clicking on object: 'Object Repository/Olusturma/Genel/DokumanParaBirimiSecilir/Para'

2021-10-21 14:11:31 - [MESSAGE][PASSED] - Object: 'Object Repository/Olusturma/Genel/DokumanParaBirimiSecilir/Para' is clicked on

2021-10-21 14:11:31 - [TEST_STEP][PASSED] - Method.TextDegerineEsitElementeTikla(findTestObject("Object Repository/Olusturma/Genel/DokumanParaBirimiSecilir/Para_Adi"), Para): Method.TextDegerineEsitElementeTikla is PASSED

2021-10-21 14:11:31 - [MESSAGE][INFO] - Finding Test Object 'Object Repository/Olusturma/Genel/DokumanParaBirimiSecilir/Para_Adi'

2021-10-21 14:11:31 - [MESSAGE][INFO] - Checking timeout

2021-10-21 14:11:31 - [MESSAGE][INFO] - Finding web element with id: 'Object Repository/Olusturma/Genel/DokumanParaBirimiSecilir/Para_Adi' located by 'By.cssSelector: #CurrencyUnit_DDD_L_LBT td' in '10' second(s)

2021-10-21 14:11:31 - [MESSAGE][INFO] - Smart Wait Function is triggered

2021-10-21 14:11:31 - [MESSAGE][INFO] - Found 203 web elements with id: 'Object Repository/Olusturma/Genel/DokumanParaBirimiSecilir/Para_Adi' located by 'By.cssSelector: #CurrencyUnit_DDD_L_LBT td' in '10' second(s)

2021-10-21 14:11:38 - [MESSAGE][PASSED] - Method.TextDegerineEsitElementeTikla is PASSED

2021-10-21 14:11:38 - [MESSAGE][PASSED] - Call Test Case 'Test Cases/Olusturma/Genel/DokumanParaBirimiSecilir' successfully

2021-10-21 14:11:38 - [MESSAGE][INFO] - Checking called Test Case

2021-10-21 14:11:38 - [MESSAGE][INFO] - Starting to call Test Case 'Test Cases/Olusturma/Genel/OnEkSecilir'

2021-10-21 14:11:38 - [TEST_CASE][PASSED] - Test Cases/Olusturma/Genel/OnEkSecilir: Test Cases/Olusturma/Genel/OnEkSecilir

2021-10-21 14:11:38 - [TEST_STEP][PASSED] - waitForElementClickable(findTestObject("Object Repository/Olusturma/Genel/OnEkSecilir/OnEk"), 10): Object 'Object Repository/Olusturma/Genel/OnEkSecilir/OnEk' is clickable

2021-10-21 14:11:38 - [MESSAGE][INFO] - Finding Test Object 'Object Repository/Olusturma/Genel/OnEkSecilir/OnEk'

2021-10-21 14:11:38 - [MESSAGE][INFO] - Checking object

2021-10-21 14:11:38 - [MESSAGE][INFO] - Checking timeout

2021-10-21 14:11:38 - [MESSAGE][INFO] - Finding web element from Test Object's properties

2021-10-21 14:11:38 - [MESSAGE][INFO] - Checking timeout

2021-10-21 14:11:38 - [MESSAGE][INFO] - Finding web element with id: 'Object Repository/Olusturma/Genel/OnEkSecilir/OnEk' located by 'By.xpath: //*[@id = 'InvoicePrefix_I']' in '10' second(s)

2021-10-21 14:11:38 - [MESSAGE][INFO] - Smart Wait Function is triggered

2021-10-21 14:11:39 - [MESSAGE][INFO] - Found 1 web elements with id: 'Object Repository/Olusturma/Genel/OnEkSecilir/OnEk' located by 'By.xpath: //*[@id = 'InvoicePrefix_I']' in '10' second(s)

2021-10-21 14:11:39 - [MESSAGE][PASSED] - Object 'Object Repository/Olusturma/Genel/OnEkSecilir/OnEk' is clickable

2021-10-21 14:11:39 - [TEST_STEP][PASSED] - click(findTestObject("Object Repository/Olusturma/Genel/OnEkSecilir/OnEk")): Object: 'Object Repository/Olusturma/Genel/OnEkSecilir/OnEk' is clicked on

2021-10-21 14:11:39 - [MESSAGE][INFO] - Finding Test Object 'Object Repository/Olusturma/Genel/OnEkSecilir/OnEk'

2021-10-21 14:11:39 - [MESSAGE][INFO] - Checking object

2021-10-21 14:11:39 - [MESSAGE][INFO] - Finding web element from Test Object's properties

2021-10-21 14:11:39 - [MESSAGE][INFO] - Checking timeout

2021-10-21 14:11:39 - [MESSAGE][INFO] - Finding web element with id: 'Object Repository/Olusturma/Genel/OnEkSecilir/OnEk' located by 'By.xpath: //*[@id = 'InvoicePrefix_I']' in '30' second(s)

2021-10-21 14:11:39 - [MESSAGE][INFO] - Smart Wait Function is triggered

2021-10-21 14:11:39 - [MESSAGE][INFO] - Found 1 web elements with id: 'Object Repository/Olusturma/Genel/OnEkSecilir/OnEk' located by 'By.xpath: //*[@id = 'InvoicePrefix_I']' in '30' second(s)

2021-10-21 14:11:39 - [MESSAGE][INFO] - Clicking on object: 'Object Repository/Olusturma/Genel/OnEkSecilir/OnEk'

2021-10-21 14:11:39 - [MESSAGE][PASSED] - Object: 'Object Repository/Olusturma/Genel/OnEkSecilir/OnEk' is clicked on

2021-10-21 14:11:39 - [TEST_STEP][PASSED] - Method.TextDegerineEsitElementeTiklaEquals(findTestObject("Object Repository/Olusturma/Genel/OnEkSecilir/OnEkAdi"), Ek): Method.TextDegerineEsitElementeTiklaEquals is PASSED

2021-10-21 14:11:39 - [MESSAGE][INFO] - Finding Test Object 'Object Repository/Olusturma/Genel/OnEkSecilir/OnEkAdi'

2021-10-21 14:11:40 - [MESSAGE][INFO] - Checking timeout

2021-10-21 14:11:40 - [MESSAGE][INFO] - Finding web element with id: 'Object Repository/Olusturma/Genel/OnEkSecilir/OnEkAdi' located by 'By.cssSelector: #InvoicePrefix_DDD_L_LBT td' in '10' second(s)

2021-10-21 14:11:40 - [MESSAGE][INFO] - Smart Wait Function is triggered

2021-10-21 14:11:40 - [MESSAGE][INFO] - Found 1 web elements with id: 'Object Repository/Olusturma/Genel/OnEkSecilir/OnEkAdi' located by 'By.cssSelector: #InvoicePrefix_DDD_L_LBT td' in '10' second(s)

2021-10-21 14:11:40 - [MESSAGE][PASSED] - Method.TextDegerineEsitElementeTiklaEquals is PASSED

2021-10-21 14:11:40 - [MESSAGE][PASSED] - Call Test Case 'Test Cases/Olusturma/Genel/OnEkSecilir' successfully

2021-10-21 14:11:40 - [MESSAGE][INFO] - Checking called Test Case

2021-10-21 14:11:40 - [MESSAGE][INFO] - Starting to call Test Case 'Test Cases/Olusturma/Genel/TasarimSecilir'

2021-10-21 14:11:40 - [TEST_CASE][PASSED] - Test Cases/Olusturma/Genel/TasarimSecilir: Test Cases/Olusturma/Genel/TasarimSecilir

2021-10-21 14:11:40 - [TEST_STEP][PASSED] - waitForElementClickable(findTestObject("Object Repository/Olusturma/Genel/TasarimSecilir/Tasarim"), 10): Object 'Object Repository/Olusturma/Genel/TasarimSecilir/Tasarim' is clickable

2021-10-21 14:11:40 - [MESSAGE][INFO] - Finding Test Object 'Object Repository/Olusturma/Genel/TasarimSecilir/Tasarim'

2021-10-21 14:11:40 - [MESSAGE][INFO] - Checking object

2021-10-21 14:11:40 - [MESSAGE][INFO] - Checking timeout

2021-10-21 14:11:40 - [MESSAGE][INFO] - Finding web element from Test Object's properties

2021-10-21 14:11:40 - [MESSAGE][INFO] - Checking timeout

2021-10-21 14:11:40 - [MESSAGE][INFO] - Finding web element with id: 'Object Repository/Olusturma/Genel/TasarimSecilir/Tasarim' located by 'By.xpath: //*[@id = 'DesignId_I']' in '10' second(s)

2021-10-21 14:11:40 - [MESSAGE][INFO] - Smart Wait Function is triggered

2021-10-21 14:11:41 - [MESSAGE][INFO] - Found 1 web elements with id: 'Object Repository/Olusturma/Genel/TasarimSecilir/Tasarim' located by 'By.xpath: //*[@id = 'DesignId_I']' in '10' second(s)

2021-10-21 14:11:41 - [MESSAGE][PASSED] - Object 'Object Repository/Olusturma/Genel/TasarimSecilir/Tasarim' is clickable

2021-10-21 14:11:41 - [TEST_STEP][PASSED] - click(findTestObject("Object Repository/Olusturma/Genel/TasarimSecilir/Tasarim")): Object: 'Object Repository/Olusturma/Genel/TasarimSecilir/Tasarim' is clicked on

2021-10-21 14:11:41 - [MESSAGE][INFO] - Finding Test Object 'Object Repository/Olusturma/Genel/TasarimSecilir/Tasarim'

2021-10-21 14:11:41 - [MESSAGE][INFO] - Checking object

2021-10-21 14:11:41 - [MESSAGE][INFO] - Finding web element from Test Object's properties

2021-10-21 14:11:41 - [MESSAGE][INFO] - Checking timeout

2021-10-21 14:11:41 - [MESSAGE][INFO] - Finding web element with id: 'Object Repository/Olusturma/Genel/TasarimSecilir/Tasarim' located by 'By.xpath: //*[@id = 'DesignId_I']' in '30' second(s)

2021-10-21 14:11:41 - [MESSAGE][INFO] - Smart Wait Function is triggered

2021-10-21 14:11:41 - [MESSAGE][INFO] - Found 1 web elements with id: 'Object Repository/Olusturma/Genel/TasarimSecilir/Tasarim' located by 'By.xpath: //*[@id = 'DesignId_I']' in '30' second(s)

2021-10-21 14:11:41 - [MESSAGE][INFO] - Clicking on object: 'Object Repository/Olusturma/Genel/TasarimSecilir/Tasarim'

2021-10-21 14:11:42 - [MESSAGE][PASSED] - Object: 'Object Repository/Olusturma/Genel/TasarimSecilir/Tasarim' is clicked on

2021-10-21 14:11:42 - [TEST_STEP][PASSED] - Method.TextDegerineEsitElementeTikla(findTestObject("Object Repository/Olusturma/Genel/TasarimSecilir/Tasarim_Adi"), Tasarim): Method.TextDegerineEsitElementeTikla is PASSED

2021-10-21 14:11:42 - [MESSAGE][INFO] - Finding Test Object 'Object Repository/Olusturma/Genel/TasarimSecilir/Tasarim_Adi'

2021-10-21 14:11:42 - [MESSAGE][INFO] - Checking timeout

2021-10-21 14:11:42 - [MESSAGE][INFO] - Finding web element with id: 'Object Repository/Olusturma/Genel/TasarimSecilir/Tasarim_Adi' located by 'By.cssSelector: #DesignId_DDD_L_LBT td' in '10' second(s)

2021-10-21 14:11:42 - [MESSAGE][INFO] - Smart Wait Function is triggered

2021-10-21 14:11:42 - [MESSAGE][INFO] - Found 1 web elements with id: 'Object Repository/Olusturma/Genel/TasarimSecilir/Tasarim_Adi' located by 'By.cssSelector: #DesignId_DDD_L_LBT td' in '10' second(s)

2021-10-21 14:11:42 - [MESSAGE][PASSED] - Method.TextDegerineEsitElementeTikla is PASSED

2021-10-21 14:11:42 - [MESSAGE][PASSED] - Call Test Case 'Test Cases/Olusturma/Genel/TasarimSecilir' successfully

2021-10-21 14:11:42 - [MESSAGE][INFO] - Checking called Test Case

2021-10-21 14:11:42 - [MESSAGE][INFO] - Starting to call Test Case 'Test Cases/Olusturma/Genel/Kutular/SiparisBilgileriGirilir'

2021-10-21 14:11:42 - [TEST_CASE][PASSED] - Test Cases/Olusturma/Genel/Kutular/SiparisBilgileriGirilir: Test Cases/Olusturma/Genel/Kutular/SiparisBilgileriGirilir

2021-10-21 14:11:42 - [TEST_STEP][PASSED] - Method.TextDegerineEsitElementeTikla(findTestObject("Olusturma/Genel/Kutular/KapaliKutular"), "Sipariş Bilgileri"): Method.TextDegerineEsitElementeTikla is PASSED

2021-10-21 14:11:42 - [MESSAGE][INFO] - Finding Test Object 'Object Repository/Olusturma/Genel/Kutular/KapaliKutular'

2021-10-21 14:11:42 - [MESSAGE][INFO] - Checking timeout

2021-10-21 14:11:42 - [MESSAGE][INFO] - Finding web element with id: 'Object Repository/Olusturma/Genel/Kutular/KapaliKutular' located by 'By.cssSelector: .dxnb-headerCollapsed>span' in '10' second(s)

2021-10-21 14:11:42 - [MESSAGE][INFO] - Smart Wait Function is triggered

2021-10-21 14:11:43 - [MESSAGE][INFO] - Found 8 web elements with id: 'Object Repository/Olusturma/Genel/Kutular/KapaliKutular' located by 'By.cssSelector: .dxnb-headerCollapsed>span' in '10' second(s)

2021-10-21 14:11:43 - [MESSAGE][PASSED] - Method.TextDegerineEsitElementeTikla is PASSED

2021-10-21 14:11:43 - [TEST_STEP][PASSED] - waitForElementPresent(findTestObject("Object Repository/Olusturma/Genel/Kutular/SiparisBilgileri/SiparisNo"), 10): Object 'Object Repository/Olusturma/Genel/Kutular/SiparisBilgileri/SiparisNo' is present

2021-10-21 14:11:43 - [MESSAGE][INFO] - Finding Test Object 'Object Repository/Olusturma/Genel/Kutular/SiparisBilgileri/SiparisNo'

2021-10-21 14:11:43 - [MESSAGE][INFO] - Checking object

2021-10-21 14:11:43 - [MESSAGE][INFO] - Finding web element from Test Object's properties

2021-10-21 14:11:43 - [MESSAGE][INFO] - Checking timeout

2021-10-21 14:11:43 - [MESSAGE][INFO] - Finding web element with id: 'Object Repository/Olusturma/Genel/Kutular/SiparisBilgileri/SiparisNo' located by 'By.xpath: //*[@id = 'txtSiparisNo_I']' in '10' second(s)

2021-10-21 14:11:43 - [MESSAGE][INFO] - Smart Wait Function is triggered

2021-10-21 14:11:43 - [MESSAGE][INFO] - Found 1 web elements with id: 'Object Repository/Olusturma/Genel/Kutular/SiparisBilgileri/SiparisNo' located by 'By.xpath: //*[@id = 'txtSiparisNo_I']' in '10' second(s)

2021-10-21 14:11:43 - [MESSAGE][PASSED] - Object 'Object Repository/Olusturma/Genel/Kutular/SiparisBilgileri/SiparisNo' is present

2021-10-21 14:11:43 - [TEST_STEP][PASSED] - clearText(findTestObject("Object Repository/Olusturma/Genel/Kutular/SiparisBilgileri/SiparisNo")): Text of object 'Object Repository/Olusturma/Genel/Kutular/SiparisBilgileri/SiparisNo' is cleared

2021-10-21 14:11:43 - [MESSAGE][INFO] - Finding Test Object 'Object Repository/Olusturma/Genel/Kutular/SiparisBilgileri/SiparisNo'

2021-10-21 14:11:43 - [MESSAGE][INFO] - Checking object

2021-10-21 14:11:43 - [MESSAGE][INFO] - Finding web element from Test Object's properties

2021-10-21 14:11:43 - [MESSAGE][INFO] - Checking timeout

2021-10-21 14:11:43 - [MESSAGE][INFO] - Finding web element with id: 'Object Repository/Olusturma/Genel/Kutular/SiparisBilgileri/SiparisNo' located by 'By.xpath: //*[@id = 'txtSiparisNo_I']' in '30' second(s)

2021-10-21 14:11:43 - [MESSAGE][INFO] - Smart Wait Function is triggered

2021-10-21 14:11:44 - [MESSAGE][INFO] - Found 1 web elements with id: 'Object Repository/Olusturma/Genel/Kutular/SiparisBilgileri/SiparisNo' located by 'By.xpath: //*[@id = 'txtSiparisNo_I']' in '30' second(s)

2021-10-21 14:11:44 - [MESSAGE][INFO] - Clearing text of object 'Object Repository/Olusturma/Genel/Kutular/SiparisBilgileri/SiparisNo'

2021-10-21 14:11:44 - [MESSAGE][PASSED] - Text of object 'Object Repository/Olusturma/Genel/Kutular/SiparisBilgileri/SiparisNo' is cleared

2021-10-21 14:11:44 - [TEST_STEP][PASSED] - sendKeys(findTestObject("Object Repository/Olusturma/Genel/Kutular/SiparisBilgileri/SiparisNo"), SiparisNo): Keys 'UUC-SAT-1200001' sent to object: 'Object Repository/Olusturma/Genel/Kutular/SiparisBilgileri/SiparisNo'

2021-10-21 14:11:44 - [MESSAGE][INFO] - Finding Test Object 'Object Repository/Olusturma/Genel/Kutular/SiparisBilgileri/SiparisNo'

2021-10-21 14:11:44 - [MESSAGE][INFO] - Sending keys 'UUC-SAT-1200001' to object: 'Object Repository/Olusturma/Genel/Kutular/SiparisBilgileri/SiparisNo'

2021-10-21 14:11:44 - [MESSAGE][INFO] - Finding web element from Test Object's properties

2021-10-21 14:11:44 - [MESSAGE][INFO] - Checking timeout

2021-10-21 14:11:44 - [MESSAGE][INFO] - Finding web element with id: 'Object Repository/Olusturma/Genel/Kutular/SiparisBilgileri/SiparisNo' located by 'By.xpath: //*[@id = 'txtSiparisNo_I']' in '30' second(s)

2021-10-21 14:11:44 - [MESSAGE][INFO] - Smart Wait Function is triggered

2021-10-21 14:11:44 - [MESSAGE][INFO] - Found 1 web elements with id: 'Object Repository/Olusturma/Genel/Kutular/SiparisBilgileri/SiparisNo' located by 'By.xpath: //*[@id = 'txtSiparisNo_I']' in '30' second(s)

2021-10-21 14:11:44 - [MESSAGE][PASSED] - Keys 'UUC-SAT-1200001' sent to object: 'Object Repository/Olusturma/Genel/Kutular/SiparisBilgileri/SiparisNo'

2021-10-21 14:11:44 - [TEST_STEP][PASSED] - waitForElementClickable(findTestObject("Object Repository/Olusturma/Genel/Kutular/SiparisBilgileri/SiparisTarihiImage"), 10): Object 'Object Repository/Olusturma/Genel/Kutular/SiparisBilgileri/SiparisTarihiImage' is clickable

2021-10-21 14:11:44 - [MESSAGE][INFO] - Finding Test Object 'Object Repository/Olusturma/Genel/Kutular/SiparisBilgileri/SiparisTarihiImage'

2021-10-21 14:11:44 - [MESSAGE][INFO] - Checking object

2021-10-21 14:11:44 - [MESSAGE][INFO] - Checking timeout

2021-10-21 14:11:44 - [MESSAGE][INFO] - Finding web element from Test Object's properties

2021-10-21 14:11:44 - [MESSAGE][INFO] - Checking timeout

2021-10-21 14:11:44 - [MESSAGE][INFO] - Finding web element with id: 'Object Repository/Olusturma/Genel/Kutular/SiparisBilgileri/SiparisTarihiImage' located by 'By.cssSelector: #dateSiparisTarih img' in '10' second(s)

2021-10-21 14:11:44 - [MESSAGE][INFO] - Smart Wait Function is triggered

2021-10-21 14:11:45 - [MESSAGE][INFO] - Found 1 web elements with id: 'Object Repository/Olusturma/Genel/Kutular/SiparisBilgileri/SiparisTarihiImage' located by 'By.cssSelector: #dateSiparisTarih img' in '10' second(s)

2021-10-21 14:11:45 - [MESSAGE][PASSED] - Object 'Object Repository/Olusturma/Genel/Kutular/SiparisBilgileri/SiparisTarihiImage' is clickable

2021-10-21 14:11:45 - [TEST_STEP][PASSED] - click(findTestObject("Object Repository/Olusturma/Genel/Kutular/SiparisBilgileri/SiparisTarihiImage")): Object: 'Object Repository/Olusturma/Genel/Kutular/SiparisBilgileri/SiparisTarihiImage' is clicked on

2021-10-21 14:11:45 - [MESSAGE][INFO] - Finding Test Object 'Object Repository/Olusturma/Genel/Kutular/SiparisBilgileri/SiparisTarihiImage'

2021-10-21 14:11:45 - [MESSAGE][INFO] - Checking object

2021-10-21 14:11:45 - [MESSAGE][INFO] - Finding web element from Test Object's properties

2021-10-21 14:11:45 - [MESSAGE][INFO] - Checking timeout

2021-10-21 14:11:45 - [MESSAGE][INFO] - Finding web element with id: 'Object Repository/Olusturma/Genel/Kutular/SiparisBilgileri/SiparisTarihiImage' located by 'By.cssSelector: #dateSiparisTarih img' in '30' second(s)

2021-10-21 14:11:45 - [MESSAGE][INFO] - Smart Wait Function is triggered

2021-10-21 14:11:45 - [MESSAGE][INFO] - Found 1 web elements with id: 'Object Repository/Olusturma/Genel/Kutular/SiparisBilgileri/SiparisTarihiImage' located by 'By.cssSelector: #dateSiparisTarih img' in '30' second(s)

2021-10-21 14:11:45 - [MESSAGE][INFO] - Clicking on object: 'Object Repository/Olusturma/Genel/Kutular/SiparisBilgileri/SiparisTarihiImage'

2021-10-21 14:11:45 - [MESSAGE][PASSED] - Object: 'Object Repository/Olusturma/Genel/Kutular/SiparisBilgileri/SiparisTarihiImage' is clicked on

2021-10-21 14:11:45 - [TEST_STEP][PASSED] - waitForElementPresent(findTestObject("Object Repository/Olusturma/Genel/Kutular/SiparisBilgileri/SiparisTarihi"), 10): Object 'Object Repository/Olusturma/Genel/Kutular/SiparisBilgileri/SiparisTarihi' is present

2021-10-21 14:11:45 - [MESSAGE][INFO] - Finding Test Object 'Object Repository/Olusturma/Genel/Kutular/SiparisBilgileri/SiparisTarihi'

2021-10-21 14:11:45 - [MESSAGE][INFO] - Checking object

2021-10-21 14:11:45 - [MESSAGE][INFO] - Finding web element from Test Object's properties

2021-10-21 14:11:45 - [MESSAGE][INFO] - Checking timeout

2021-10-21 14:11:45 - [MESSAGE][INFO] - Finding web element with id: 'Object Repository/Olusturma/Genel/Kutular/SiparisBilgileri/SiparisTarihi' located by 'By.xpath: //*[@id = 'dateSiparisTarih_I']' in '10' second(s)

2021-10-21 14:11:45 - [MESSAGE][INFO] - Smart Wait Function is triggered

2021-10-21 14:11:46 - [MESSAGE][INFO] - Found 1 web elements with id: 'Object Repository/Olusturma/Genel/Kutular/SiparisBilgileri/SiparisTarihi' located by 'By.xpath: //*[@id = 'dateSiparisTarih_I']' in '10' second(s)

2021-10-21 14:11:46 - [MESSAGE][PASSED] - Object 'Object Repository/Olusturma/Genel/Kutular/SiparisBilgileri/SiparisTarihi' is present

2021-10-21 14:11:46 - [TEST_STEP][PASSED] - clearText(findTestObject("Object Repository/Olusturma/Genel/Kutular/SiparisBilgileri/SiparisTarihi")): Text of object 'Object Repository/Olusturma/Genel/Kutular/SiparisBilgileri/SiparisTarihi' is cleared

2021-10-21 14:11:46 - [MESSAGE][INFO] - Finding Test Object 'Object Repository/Olusturma/Genel/Kutular/SiparisBilgileri/SiparisTarihi'

2021-10-21 14:11:46 - [MESSAGE][INFO] - Checking object

2021-10-21 14:11:46 - [MESSAGE][INFO] - Finding web element from Test Object's properties

2021-10-21 14:11:46 - [MESSAGE][INFO] - Checking timeout

2021-10-21 14:11:46 - [MESSAGE][INFO] - Finding web element with id: 'Object Repository/Olusturma/Genel/Kutular/SiparisBilgileri/SiparisTarihi' located by 'By.xpath: //*[@id = 'dateSiparisTarih_I']' in '30' second(s)

2021-10-21 14:11:46 - [MESSAGE][INFO] - Smart Wait Function is triggered

2021-10-21 14:11:46 - [MESSAGE][INFO] - Found 1 web elements with id: 'Object Repository/Olusturma/Genel/Kutular/SiparisBilgileri/SiparisTarihi' located by 'By.xpath: //*[@id = 'dateSiparisTarih_I']' in '30' second(s)

2021-10-21 14:11:46 - [MESSAGE][INFO] - Clearing text of object 'Object Repository/Olusturma/Genel/Kutular/SiparisBilgileri/SiparisTarihi'

2021-10-21 14:11:46 - [MESSAGE][PASSED] - Text of object 'Object Repository/Olusturma/Genel/Kutular/SiparisBilgileri/SiparisTarihi' is cleared

2021-10-21 14:11:46 - [TEST_STEP][PASSED] - sendKeys(findTestObject("Object Repository/Olusturma/Genel/Kutular/SiparisBilgileri/SiparisTarihi"), Tarih): Keys '31.04.2020' sent to object: 'Object Repository/Olusturma/Genel/Kutular/SiparisBilgileri/SiparisTarihi'

2021-10-21 14:11:46 - [MESSAGE][INFO] - Finding Test Object 'Object Repository/Olusturma/Genel/Kutular/SiparisBilgileri/SiparisTarihi'

2021-10-21 14:11:46 - [MESSAGE][INFO] - Sending keys '31.04.2020' to object: 'Object Repository/Olusturma/Genel/Kutular/SiparisBilgileri/SiparisTarihi'

2021-10-21 14:11:46 - [MESSAGE][INFO] - Finding web element from Test Object's properties

2021-10-21 14:11:46 - [MESSAGE][INFO] - Checking timeout

2021-10-21 14:11:46 - [MESSAGE][INFO] - Finding web element with id: 'Object Repository/Olusturma/Genel/Kutular/SiparisBilgileri/SiparisTarihi' located by 'By.xpath: //*[@id = 'dateSiparisTarih_I']' in '30' second(s)

2021-10-21 14:11:46 - [MESSAGE][INFO] - Smart Wait Function is triggered

2021-10-21 14:11:46 - [MESSAGE][INFO] - Found 1 web elements with id: 'Object Repository/Olusturma/Genel/Kutular/SiparisBilgileri/SiparisTarihi' located by 'By.xpath: //*[@id = 'dateSiparisTarih_I']' in '30' second(s)

2021-10-21 14:11:47 - [MESSAGE][PASSED] - Keys '31.04.2020' sent to object: 'Object Repository/Olusturma/Genel/Kutular/SiparisBilgileri/SiparisTarihi'

2021-10-21 14:11:47 - [MESSAGE][PASSED] - Call Test Case 'Test Cases/Olusturma/Genel/Kutular/SiparisBilgileriGirilir' successfully

2021-10-21 14:11:47 - [MESSAGE][INFO] - Checking called Test Case

2021-10-21 14:11:47 - [MESSAGE][INFO] - Starting to call Test Case 'Test Cases/Olusturma/Genel/Kutular/IrsaliyeBilgileri'

2021-10-21 14:11:47 - [TEST_CASE][PASSED] - Test Cases/Olusturma/Genel/Kutular/IrsaliyeBilgileri: Test Cases/Olusturma/Genel/Kutular/IrsaliyeBilgileri

2021-10-21 14:11:47 - [TEST_STEP][PASSED] - Method.TextDegerineEsitElementeTikla(findTestObject("Olusturma/Genel/Kutular/KapaliKutular"), "İrsaliye Bilgileri"): Method.TextDegerineEsitElementeTikla is PASSED

2021-10-21 14:11:47 - [MESSAGE][INFO] - Finding Test Object 'Object Repository/Olusturma/Genel/Kutular/KapaliKutular'

2021-10-21 14:11:47 - [MESSAGE][INFO] - Checking timeout

2021-10-21 14:11:47 - [MESSAGE][INFO] - Finding web element with id: 'Object Repository/Olusturma/Genel/Kutular/KapaliKutular' located by 'By.cssSelector: .dxnb-headerCollapsed>span' in '10' second(s)

2021-10-21 14:11:47 - [MESSAGE][INFO] - Smart Wait Function is triggered

2021-10-21 14:11:47 - [MESSAGE][INFO] - Found 8 web elements with id: 'Object Repository/Olusturma/Genel/Kutular/KapaliKutular' located by 'By.cssSelector: .dxnb-headerCollapsed>span' in '10' second(s)

2021-10-21 14:11:47 - [MESSAGE][PASSED] - Method.TextDegerineEsitElementeTikla is PASSED

2021-10-21 14:11:47 - [TEST_STEP][PASSED] - waitForElementClickable(findTestObject("Olusturma/Genel/Kutular/IrsaliyeBilgileri/Ekle"), 10): Object 'Object Repository/Olusturma/Genel/Kutular/IrsaliyeBilgileri/Ekle' is clickable

2021-10-21 14:11:47 - [MESSAGE][INFO] - Finding Test Object 'Object Repository/Olusturma/Genel/Kutular/IrsaliyeBilgileri/Ekle'

2021-10-21 14:11:47 - [MESSAGE][INFO] - Checking object

2021-10-21 14:11:47 - [MESSAGE][INFO] - Checking timeout

2021-10-21 14:11:47 - [MESSAGE][INFO] - Finding web element from Test Object's properties

2021-10-21 14:11:47 - [MESSAGE][INFO] - Checking timeout

2021-10-21 14:11:47 - [MESSAGE][INFO] - Finding web element with id: 'Object Repository/Olusturma/Genel/Kutular/IrsaliyeBilgileri/Ekle' located by 'By.xpath: //*[@id = 'DXEditorgvUserInvoiceBillsNewRowBtn']' in '10' second(s)

2021-10-21 14:11:47 - [MESSAGE][INFO] - Smart Wait Function is triggered

2021-10-21 14:11:48 - [MESSAGE][INFO] - Found 1 web elements with id: 'Object Repository/Olusturma/Genel/Kutular/IrsaliyeBilgileri/Ekle' located by 'By.xpath: //*[@id = 'DXEditorgvUserInvoiceBillsNewRowBtn']' in '10' second(s)

2021-10-21 14:11:48 - [MESSAGE][PASSED] - Object 'Object Repository/Olusturma/Genel/Kutular/IrsaliyeBilgileri/Ekle' is clickable

2021-10-21 14:11:48 - [TEST_STEP][PASSED] - click(findTestObject("Olusturma/Genel/Kutular/IrsaliyeBilgileri/Ekle")): Object: 'Object Repository/Olusturma/Genel/Kutular/IrsaliyeBilgileri/Ekle' is clicked on

2021-10-21 14:11:48 - [MESSAGE][INFO] - Finding Test Object 'Object Repository/Olusturma/Genel/Kutular/IrsaliyeBilgileri/Ekle'

2021-10-21 14:11:48 - [MESSAGE][INFO] - Checking object

2021-10-21 14:11:48 - [MESSAGE][INFO] - Finding web element from Test Object's properties

2021-10-21 14:11:48 - [MESSAGE][INFO] - Checking timeout

2021-10-21 14:11:48 - [MESSAGE][INFO] - Finding web element with id: 'Object Repository/Olusturma/Genel/Kutular/IrsaliyeBilgileri/Ekle' located by 'By.xpath: //*[@id = 'DXEditorgvUserInvoiceBillsNewRowBtn']' in '30' second(s)

2021-10-21 14:11:48 - [MESSAGE][INFO] - Smart Wait Function is triggered

2021-10-21 14:11:48 - [MESSAGE][INFO] - Found 1 web elements with id: 'Object Repository/Olusturma/Genel/Kutular/IrsaliyeBilgileri/Ekle' located by 'By.xpath: //*[@id = 'DXEditorgvUserInvoiceBillsNewRowBtn']' in '30' second(s)

2021-10-21 14:11:48 - [MESSAGE][INFO] - Clicking on object: 'Object Repository/Olusturma/Genel/Kutular/IrsaliyeBilgileri/Ekle'

2021-10-21 14:11:48 - [MESSAGE][PASSED] - Object: 'Object Repository/Olusturma/Genel/Kutular/IrsaliyeBilgileri/Ekle' is clicked on

2021-10-21 14:11:48 - [TEST_STEP][PASSED] - waitForElementPresent(findTestObject("Object Repository/Olusturma/Genel/Kutular/IrsaliyeBilgileri/IrsaliyeNumarasi"), 10): Object 'Object Repository/Olusturma/Genel/Kutular/IrsaliyeBilgileri/IrsaliyeNumarasi' is present

2021-10-21 14:11:48 - [MESSAGE][INFO] - Finding Test Object 'Object Repository/Olusturma/Genel/Kutular/IrsaliyeBilgileri/IrsaliyeNumarasi'

2021-10-21 14:11:48 - [MESSAGE][INFO] - Checking object

2021-10-21 14:11:48 - [MESSAGE][INFO] - Finding web element from Test Object's properties

2021-10-21 14:11:48 - [MESSAGE][INFO] - Checking timeout

2021-10-21 14:11:48 - [MESSAGE][INFO] - Finding web element with id: 'Object Repository/Olusturma/Genel/Kutular/IrsaliyeBilgileri/IrsaliyeNumarasi' located by 'By.xpath: //*[@id = 'gvUserInvoiceBills_DXEditor1_I']' in '10' second(s)

2021-10-21 14:11:48 - [MESSAGE][INFO] - Smart Wait Function is triggered

2021-10-21 14:11:48 - [MESSAGE][INFO] - Smart Wait Function is triggered

2021-10-21 14:11:49 - [MESSAGE][INFO] - Found 1 web elements with id: 'Object Repository/Olusturma/Genel/Kutular/IrsaliyeBilgileri/IrsaliyeNumarasi' located by 'By.xpath: //*[@id = 'gvUserInvoiceBills_DXEditor1_I']' in '10' second(s)

2021-10-21 14:11:49 - [MESSAGE][PASSED] - Object 'Object Repository/Olusturma/Genel/Kutular/IrsaliyeBilgileri/IrsaliyeNumarasi' is present

2021-10-21 14:11:49 - [TEST_STEP][PASSED] - clearText(findTestObject("Object Repository/Olusturma/Genel/Kutular/IrsaliyeBilgileri/IrsaliyeNumarasi")): Text of object 'Object Repository/Olusturma/Genel/Kutular/IrsaliyeBilgileri/IrsaliyeNumarasi' is cleared

2021-10-21 14:11:49 - [MESSAGE][INFO] - Finding Test Object 'Object Repository/Olusturma/Genel/Kutular/IrsaliyeBilgileri/IrsaliyeNumarasi'

2021-10-21 14:11:50 - [MESSAGE][INFO] - Checking object

2021-10-21 14:11:50 - [MESSAGE][INFO] - Finding web element from Test Object's properties

2021-10-21 14:11:50 - [MESSAGE][INFO] - Checking timeout

2021-10-21 14:11:50 - [MESSAGE][INFO] - Finding web element with id: 'Object Repository/Olusturma/Genel/Kutular/IrsaliyeBilgileri/IrsaliyeNumarasi' located by 'By.xpath: //*[@id = 'gvUserInvoiceBills_DXEditor1_I']' in '30' second(s)

2021-10-21 14:11:50 - [MESSAGE][INFO] - Smart Wait Function is triggered

2021-10-21 14:11:50 - [MESSAGE][INFO] - Found 1 web elements with id: 'Object Repository/Olusturma/Genel/Kutular/IrsaliyeBilgileri/IrsaliyeNumarasi' located by 'By.xpath: //*[@id = 'gvUserInvoiceBills_DXEditor1_I']' in '30' second(s)

2021-10-21 14:11:50 - [MESSAGE][INFO] - Clearing text of object 'Object Repository/Olusturma/Genel/Kutular/IrsaliyeBilgileri/IrsaliyeNumarasi'

2021-10-21 14:11:50 - [MESSAGE][PASSED] - Text of object 'Object Repository/Olusturma/Genel/Kutular/IrsaliyeBilgileri/IrsaliyeNumarasi' is cleared

2021-10-21 14:11:50 - [TEST_STEP][PASSED] - sendKeys(findTestObject("Object Repository/Olusturma/Genel/Kutular/IrsaliyeBilgileri/IrsaliyeNumarasi"), Numara): Keys 'AAAAAAAAAA' sent to object: 'Object Repository/Olusturma/Genel/Kutular/IrsaliyeBilgileri/IrsaliyeNumarasi'

2021-10-21 14:11:50 - [MESSAGE][INFO] - Finding Test Object 'Object Repository/Olusturma/Genel/Kutular/IrsaliyeBilgileri/IrsaliyeNumarasi'

2021-10-21 14:11:50 - [MESSAGE][INFO] - Sending keys 'AAAAAAAAAA' to object: 'Object Repository/Olusturma/Genel/Kutular/IrsaliyeBilgileri/IrsaliyeNumarasi'

2021-10-21 14:11:50 - [MESSAGE][INFO] - Finding web element from Test Object's properties

2021-10-21 14:11:50 - [MESSAGE][INFO] - Checking timeout

2021-10-21 14:11:50 - [MESSAGE][INFO] - Finding web element with id: 'Object Repository/Olusturma/Genel/Kutular/IrsaliyeBilgileri/IrsaliyeNumarasi' located by 'By.xpath: //*[@id = 'gvUserInvoiceBills_DXEditor1_I']' in '30' second(s)

2021-10-21 14:11:50 - [MESSAGE][INFO] - Smart Wait Function is triggered

2021-10-21 14:11:50 - [MESSAGE][INFO] - Found 1 web elements with id: 'Object Repository/Olusturma/Genel/Kutular/IrsaliyeBilgileri/IrsaliyeNumarasi' located by 'By.xpath: //*[@id = 'gvUserInvoiceBills_DXEditor1_I']' in '30' second(s)

2021-10-21 14:11:50 - [MESSAGE][PASSED] - Keys 'AAAAAAAAAA' sent to object: 'Object Repository/Olusturma/Genel/Kutular/IrsaliyeBilgileri/IrsaliyeNumarasi'

2021-10-21 14:11:50 - [TEST_STEP][PASSED] - waitForElementClickable(findTestObject("Object Repository/Olusturma/Genel/Kutular/IrsaliyeBilgileri/IrsaliyeTarihi"), 10): Object 'Object Repository/Olusturma/Genel/Kutular/IrsaliyeBilgileri/IrsaliyeTarihi' is clickable

2021-10-21 14:11:50 - [MESSAGE][INFO] - Finding Test Object 'Object Repository/Olusturma/Genel/Kutular/IrsaliyeBilgileri/IrsaliyeTarihi'

2021-10-21 14:11:50 - [MESSAGE][INFO] - Checking object

2021-10-21 14:11:50 - [MESSAGE][INFO] - Checking timeout

2021-10-21 14:11:50 - [MESSAGE][INFO] - Finding web element from Test Object's properties

2021-10-21 14:11:50 - [MESSAGE][INFO] - Checking timeout

2021-10-21 14:11:50 - [MESSAGE][INFO] - Finding web element with id: 'Object Repository/Olusturma/Genel/Kutular/IrsaliyeBilgileri/IrsaliyeTarihi' located by 'By.xpath: //*[@id = 'gvUserInvoiceBills_DXEditor2_I']' in '10' second(s)

2021-10-21 14:11:50 - [MESSAGE][INFO] - Smart Wait Function is triggered

2021-10-21 14:11:51 - [MESSAGE][INFO] - Found 1 web elements with id: 'Object Repository/Olusturma/Genel/Kutular/IrsaliyeBilgileri/IrsaliyeTarihi' located by 'By.xpath: //*[@id = 'gvUserInvoiceBills_DXEditor2_I']' in '10' second(s)

2021-10-21 14:11:51 - [MESSAGE][PASSED] - Object 'Object Repository/Olusturma/Genel/Kutular/IrsaliyeBilgileri/IrsaliyeTarihi' is clickable

2021-10-21 14:11:51 - [TEST_STEP][PASSED] - click(findTestObject("Object Repository/Olusturma/Genel/Kutular/IrsaliyeBilgileri/IrsaliyeTarihi")): Object: 'Object Repository/Olusturma/Genel/Kutular/IrsaliyeBilgileri/IrsaliyeTarihi' is clicked on

2021-10-21 14:11:51 - [MESSAGE][INFO] - Finding Test Object 'Object Repository/Olusturma/Genel/Kutular/IrsaliyeBilgileri/IrsaliyeTarihi'

2021-10-21 14:11:51 - [MESSAGE][INFO] - Checking object

2021-10-21 14:11:51 - [MESSAGE][INFO] - Finding web element from Test Object's properties

2021-10-21 14:11:51 - [MESSAGE][INFO] - Checking timeout

2021-10-21 14:11:51 - [MESSAGE][INFO] - Finding web element with id: 'Object Repository/Olusturma/Genel/Kutular/IrsaliyeBilgileri/IrsaliyeTarihi' located by 'By.xpath: //*[@id = 'gvUserInvoiceBills_DXEditor2_I']' in '30' second(s)

2021-10-21 14:11:51 - [MESSAGE][INFO] - Smart Wait Function is triggered

2021-10-21 14:11:51 - [MESSAGE][INFO] - Found 1 web elements with id: 'Object Repository/Olusturma/Genel/Kutular/IrsaliyeBilgileri/IrsaliyeTarihi' located by 'By.xpath: //*[@id = 'gvUserInvoiceBills_DXEditor2_I']' in '30' second(s)

2021-10-21 14:11:51 - [MESSAGE][INFO] - Clicking on object: 'Object Repository/Olusturma/Genel/Kutular/IrsaliyeBilgileri/IrsaliyeTarihi'

2021-10-21 14:11:51 - [MESSAGE][PASSED] - Object: 'Object Repository/Olusturma/Genel/Kutular/IrsaliyeBilgileri/IrsaliyeTarihi' is clicked on

2021-10-21 14:11:51 - [TEST_STEP][PASSED] - sendKeys(findTestObject("Object Repository/Olusturma/Genel/Kutular/IrsaliyeBilgileri/IrsaliyeTarihi"), Tarih): Keys '31.04.2020' sent to object: 'Object Repository/Olusturma/Genel/Kutular/IrsaliyeBilgileri/IrsaliyeTarihi'

2021-10-21 14:11:51 - [MESSAGE][INFO] - Finding Test Object 'Object Repository/Olusturma/Genel/Kutular/IrsaliyeBilgileri/IrsaliyeTarihi'

2021-10-21 14:11:51 - [MESSAGE][INFO] - Sending keys '31.04.2020' to object: 'Object Repository/Olusturma/Genel/Kutular/IrsaliyeBilgileri/IrsaliyeTarihi'

2021-10-21 14:11:51 - [MESSAGE][INFO] - Finding web element from Test Object's properties

2021-10-21 14:11:51 - [MESSAGE][INFO] - Checking timeout

2021-10-21 14:11:51 - [MESSAGE][INFO] - Finding web element with id: 'Object Repository/Olusturma/Genel/Kutular/IrsaliyeBilgileri/IrsaliyeTarihi' located by 'By.xpath: //*[@id = 'gvUserInvoiceBills_DXEditor2_I']' in '30' second(s)

2021-10-21 14:11:51 - [MESSAGE][INFO] - Smart Wait Function is triggered

2021-10-21 14:11:51 - [MESSAGE][INFO] - Found 1 web elements with id: 'Object Repository/Olusturma/Genel/Kutular/IrsaliyeBilgileri/IrsaliyeTarihi' located by 'By.xpath: //*[@id = 'gvUserInvoiceBills_DXEditor2_I']' in '30' second(s)

2021-10-21 14:11:52 - [MESSAGE][PASSED] - Keys '31.04.2020' sent to object: 'Object Repository/Olusturma/Genel/Kutular/IrsaliyeBilgileri/IrsaliyeTarihi'

2021-10-21 14:11:52 - [MESSAGE][PASSED] - Call Test Case 'Test Cases/Olusturma/Genel/Kutular/IrsaliyeBilgileri' successfully

2021-10-21 14:11:52 - [MESSAGE][INFO] - Checking called Test Case

2021-10-21 14:11:52 - [MESSAGE][INFO] - Starting to call Test Case 'Test Cases/Olusturma/Genel/EkleButonunaBasilir'

2021-10-21 14:11:52 - [TEST_CASE][PASSED] - Test Cases/Olusturma/Genel/EkleButonunaBasilir: Test Cases/Olusturma/Genel/EkleButonunaBasilir

2021-10-21 14:11:52 - [TEST_STEP][PASSED] - waitForElementClickable(findTestObject("Object Repository/Olusturma/Genel/Olusturma/Ekle"), 10): Object 'Object Repository/Olusturma/Genel/Olusturma/Ekle' is clickable

2021-10-21 14:11:52 - [MESSAGE][INFO] - Finding Test Object 'Object Repository/Olusturma/Genel/Olusturma/Ekle'

2021-10-21 14:11:52 - [MESSAGE][INFO] - Checking object

2021-10-21 14:11:52 - [MESSAGE][INFO] - Checking timeout

2021-10-21 14:11:52 - [MESSAGE][INFO] - Finding web element from Test Object's properties

2021-10-21 14:11:52 - [MESSAGE][INFO] - Checking timeout

2021-10-21 14:11:52 - [MESSAGE][INFO] - Finding web element with id: 'Object Repository/Olusturma/Genel/Olusturma/Ekle' located by 'By.cssSelector: #divmalhizmet i.fa.fa-plus.fa-lg.text-muted' in '10' second(s)

2021-10-21 14:11:52 - [MESSAGE][INFO] - Smart Wait Function is triggered

2021-10-21 14:11:52 - [MESSAGE][INFO] - Found 1 web elements with id: 'Object Repository/Olusturma/Genel/Olusturma/Ekle' located by 'By.cssSelector: #divmalhizmet i.fa.fa-plus.fa-lg.text-muted' in '10' second(s)

2021-10-21 14:11:52 - [MESSAGE][PASSED] - Object 'Object Repository/Olusturma/Genel/Olusturma/Ekle' is clickable

2021-10-21 14:11:52 - [TEST_STEP][PASSED] - click(findTestObject("Object Repository/Olusturma/Genel/Olusturma/Ekle")): Object: 'Object Repository/Olusturma/Genel/Olusturma/Ekle' is clicked on

2021-10-21 14:11:52 - [MESSAGE][INFO] - Finding Test Object 'Object Repository/Olusturma/Genel/Olusturma/Ekle'

2021-10-21 14:11:52 - [MESSAGE][INFO] - Checking object

2021-10-21 14:11:52 - [MESSAGE][INFO] - Finding web element from Test Object's properties

2021-10-21 14:11:52 - [MESSAGE][INFO] - Checking timeout

2021-10-21 14:11:52 - [MESSAGE][INFO] - Finding web element with id: 'Object Repository/Olusturma/Genel/Olusturma/Ekle' located by 'By.cssSelector: #divmalhizmet i.fa.fa-plus.fa-lg.text-muted' in '30' second(s)

2021-10-21 14:11:52 - [MESSAGE][INFO] - Smart Wait Function is triggered

2021-10-21 14:11:52 - [MESSAGE][INFO] - Found 1 web elements with id: 'Object Repository/Olusturma/Genel/Olusturma/Ekle' located by 'By.cssSelector: #divmalhizmet i.fa.fa-plus.fa-lg.text-muted' in '30' second(s)

2021-10-21 14:11:52 - [MESSAGE][INFO] - Clicking on object: 'Object Repository/Olusturma/Genel/Olusturma/Ekle'

2021-10-21 14:11:53 - [MESSAGE][PASSED] - Object: 'Object Repository/Olusturma/Genel/Olusturma/Ekle' is clicked on

2021-10-21 14:11:53 - [TEST_STEP][PASSED] - waitForElementClickable(findTestObject("Olusturma/Genel/Olusturma/EklenenSatirCarpiImage"), 10): Object 'Object Repository/Olusturma/Genel/Olusturma/EklenenSatirCarpiImage' is clickable

2021-10-21 14:11:53 - [MESSAGE][INFO] - Finding Test Object 'Object Repository/Olusturma/Genel/Olusturma/EklenenSatirCarpiImage'

2021-10-21 14:11:53 - [MESSAGE][INFO] - Checking object

2021-10-21 14:11:53 - [MESSAGE][INFO] - Checking timeout

2021-10-21 14:11:53 - [MESSAGE][INFO] - Finding web element from Test Object's properties

2021-10-21 14:11:53 - [MESSAGE][INFO] - Checking timeout

2021-10-21 14:11:53 - [MESSAGE][INFO] - Finding web element with id: 'Object Repository/Olusturma/Genel/Olusturma/EklenenSatirCarpiImage' located by 'By.cssSelector: .fa.fa-times.fa-lg.text-primary' in '10' second(s)

2021-10-21 14:11:53 - [MESSAGE][INFO] - Smart Wait Function is triggered

2021-10-21 14:11:53 - [MESSAGE][INFO] - Found 1 web elements with id: 'Object Repository/Olusturma/Genel/Olusturma/EklenenSatirCarpiImage' located by 'By.cssSelector: .fa.fa-times.fa-lg.text-primary' in '10' second(s)

2021-10-21 14:11:53 - [MESSAGE][PASSED] - Object 'Object Repository/Olusturma/Genel/Olusturma/EklenenSatirCarpiImage' is clickable

2021-10-21 14:11:53 - [MESSAGE][PASSED] - Call Test Case 'Test Cases/Olusturma/Genel/EkleButonunaBasilir' successfully

2021-10-21 14:11:53 - [MESSAGE][INFO] - Checking called Test Case

2021-10-21 14:11:53 - [MESSAGE][INFO] - Starting to call Test Case 'Test Cases/Olusturma/Genel/Olusturma'

2021-10-21 14:11:53 - [TEST_CASE][PASSED] - Test Cases/Olusturma/Genel/Olusturma: Test Cases/Olusturma/Genel/Olusturma

2021-10-21 14:11:53 - [TEST_STEP][PASSED] - driver = getWebDriver(): null

2021-10-21 14:11:53 - [TEST_STEP][PASSED] - action = new org.openqa.selenium.interactions.Actions(driver): null

2021-10-21 14:11:53 - [TEST_STEP][PASSED] - baslikElement = <not implemented yet for class: org.codehaus.groovy.ast.expr.EmptyExpression>: null

2021-10-21 14:11:53 - [TEST_STEP][PASSED] - sonElement = <not implemented yet for class: org.codehaus.groovy.ast.expr.EmptyExpression>: null

2021-10-21 14:11:53 - [TEST_STEP][PASSED] - attr = <not implemented yet for class: org.codehaus.groovy.ast.expr.EmptyExpression>: null

2021-10-21 14:11:53 - [TEST_STEP][PASSED] - a = 0: null

2021-10-21 14:11:53 - [TEST_STEP][PASSED] - elements = findWebElements(findTestObject("Object Repository/Olusturma/Genel/Olusturma/TabloBasliklari"), 10): Found 13 web elements with id: 'Object Repository/Olusturma/Genel/Olusturma/TabloBasliklari' located by 'By.cssSelector: div#divmalhizmet .dxgvTable_LECustomTheme td.dxgvHeader_LECustomTheme tr>td:nth-child(1)' in '10' second(s)

2021-10-21 14:11:53 - [MESSAGE][INFO] - Finding Test Object 'Object Repository/Olusturma/Genel/Olusturma/TabloBasliklari'

2021-10-21 14:11:53 - [MESSAGE][INFO] - Checking timeout

2021-10-21 14:11:53 - [MESSAGE][INFO] - Finding web element with id: 'Object Repository/Olusturma/Genel/Olusturma/TabloBasliklari' located by 'By.cssSelector: div#divmalhizmet .dxgvTable_LECustomTheme td.dxgvHeader_LECustomTheme tr>td:nth-child(1)' in '10' second(s)

2021-10-21 14:11:53 - [MESSAGE][INFO] - Smart Wait Function is triggered

2021-10-21 14:11:54 - [MESSAGE][INFO] - Found 13 web elements with id: 'Object Repository/Olusturma/Genel/Olusturma/TabloBasliklari' located by 'By.cssSelector: div#divmalhizmet .dxgvTable_LECustomTheme td.dxgvHeader_LECustomTheme tr>td:nth-child(1)' in '10' second(s)

2021-10-21 14:11:54 - [TEST_STEP][PASSED] - for (def element : elements): null

2021-10-21 14:11:54 - [TEST_STEP][PASSED] - build().perform(): null

2021-10-21 14:11:54 - [TEST_STEP][PASSED] - if (getText().equals(Baslik)): null

2021-10-21 14:11:54 - [TEST_STEP][PASSED] - baslikElement = element.findElement(By.xpath("../../../..")): Smart Wait Function is triggered

2021-10-21 14:11:54 - [MESSAGE][INFO] - Smart Wait Function is triggered

2021-10-21 14:11:55 - [TEST_STEP][PASSED] - attr = baslikElement.getAttribute("id"): null

2021-10-21 14:11:55 - [TEST_STEP][PASSED] - println("girdi ve idsini aldı = " + attr): null

2021-10-21 14:11:55 - [TEST_STEP][PASSED] - break: null

2021-10-21 14:11:55 - [TEST_STEP][PASSED] - countElement = baslikElement.findElements(By.xpath("../td")): Smart Wait Function is triggered

2021-10-21 14:11:55 - [MESSAGE][INFO] - Smart Wait Function is triggered

2021-10-21 14:11:55 - [TEST_STEP][PASSED] - for (def element : countElement): null

2021-10-21 14:11:55 - [TEST_STEP][PASSED] - if (toString().equals(attr.toString())): null

2021-10-21 14:11:55 - [TEST_STEP][PASSED] - (a++): null

2021-10-21 14:11:55 - [TEST_STEP][PASSED] - if (toString().equals(attr.toString())): null

2021-10-21 14:11:55 - [TEST_STEP][PASSED] - break: null

2021-10-21 14:11:55 - [TEST_STEP][PASSED] - son = findWebElement(findTestObject("Object Repository/Olusturma/Genel/Olusturma/EklenenSatir")).findElement(By.xpath("td[@class='dxgvInlineEditCell_LECustomTheme dxgv'][" + a + "]//td[@class='dxic']/input")): Smart Wait Function is triggered

2021-10-21 14:11:55 - [MESSAGE][INFO] - Finding Test Object 'Object Repository/Olusturma/Genel/Olusturma/EklenenSatir'

2021-10-21 14:11:55 - [MESSAGE][INFO] - Finding web element from Test Object's properties

2021-10-21 14:11:55 - [MESSAGE][INFO] - Checking timeout

2021-10-21 14:11:55 - [MESSAGE][INFO] - Finding web element with id: 'Object Repository/Olusturma/Genel/Olusturma/EklenenSatir' located by 'By.cssSelector: #divmalhizmet .dxgvInlineEditRow_LECustomTheme' in '30' second(s)

2021-10-21 14:11:55 - [MESSAGE][INFO] - Smart Wait Function is triggered

2021-10-21 14:11:55 - [MESSAGE][INFO] - Found 1 web elements with id: 'Object Repository/Olusturma/Genel/Olusturma/EklenenSatir' located by 'By.cssSelector: #divmalhizmet .dxgvInlineEditRow_LECustomTheme' in '30' second(s)

2021-10-21 14:11:55 - [MESSAGE][INFO] - Smart Wait Function is triggered

2021-10-21 14:11:56 - [TEST_STEP][PASSED] - if (!(getAttribute("value").contains("Vkn"))): null

2021-10-21 14:11:56 - [TEST_STEP][PASSED] - son.clear(): null

2021-10-21 14:11:56 - [TEST_STEP][PASSED] - son.sendKeys(Deger): null

2021-10-21 14:11:56 - [MESSAGE][PASSED] - Call Test Case 'Test Cases/Olusturma/Genel/Olusturma' successfully

2021-10-21 14:11:56 - [MESSAGE][INFO] - Checking called Test Case

2021-10-21 14:11:56 - [MESSAGE][INFO] - Starting to call Test Case 'Test Cases/Olusturma/Genel/Olusturma'

2021-10-21 14:11:56 - [TEST_CASE][PASSED] - Test Cases/Olusturma/Genel/Olusturma: Test Cases/Olusturma/Genel/Olusturma

2021-10-21 14:11:56 - [TEST_STEP][PASSED] - driver = getWebDriver(): null

2021-10-21 14:11:56 - [TEST_STEP][PASSED] - action = new org.openqa.selenium.interactions.Actions(driver): null

2021-10-21 14:11:56 - [TEST_STEP][PASSED] - baslikElement = <not implemented yet for class: org.codehaus.groovy.ast.expr.EmptyExpression>: null

2021-10-21 14:11:56 - [TEST_STEP][PASSED] - sonElement = <not implemented yet for class: org.codehaus.groovy.ast.expr.EmptyExpression>: null

2021-10-21 14:11:56 - [TEST_STEP][PASSED] - attr = <not implemented yet for class: org.codehaus.groovy.ast.expr.EmptyExpression>: null

2021-10-21 14:11:56 - [TEST_STEP][PASSED] - a = 0: null

2021-10-21 14:11:56 - [TEST_STEP][PASSED] - elements = findWebElements(findTestObject("Object Repository/Olusturma/Genel/Olusturma/TabloBasliklari"), 10): Found 13 web elements with id: 'Object Repository/Olusturma/Genel/Olusturma/TabloBasliklari' located by 'By.cssSelector: div#divmalhizmet .dxgvTable_LECustomTheme td.dxgvHeader_LECustomTheme tr>td:nth-child(1)' in '10' second(s)

2021-10-21 14:11:56 - [MESSAGE][INFO] - Finding Test Object 'Object Repository/Olusturma/Genel/Olusturma/TabloBasliklari'

2021-10-21 14:11:56 - [MESSAGE][INFO] - Checking timeout

2021-10-21 14:11:56 - [MESSAGE][INFO] - Finding web element with id: 'Object Repository/Olusturma/Genel/Olusturma/TabloBasliklari' located by 'By.cssSelector: div#divmalhizmet .dxgvTable_LECustomTheme td.dxgvHeader_LECustomTheme tr>td:nth-child(1)' in '10' second(s)

2021-10-21 14:11:56 - [MESSAGE][INFO] - Smart Wait Function is triggered

2021-10-21 14:11:56 - [MESSAGE][INFO] - Found 13 web elements with id: 'Object Repository/Olusturma/Genel/Olusturma/TabloBasliklari' located by 'By.cssSelector: div#divmalhizmet .dxgvTable_LECustomTheme td.dxgvHeader_LECustomTheme tr>td:nth-child(1)' in '10' second(s)

2021-10-21 14:11:56 - [TEST_STEP][PASSED] - for (def element : elements): null

2021-10-21 14:11:56 - [TEST_STEP][PASSED] - build().perform(): null

2021-10-21 14:11:56 - [TEST_STEP][PASSED] - if (getText().equals(Baslik)): null

2021-10-21 14:11:56 - [TEST_STEP][PASSED] - build().perform(): null

2021-10-21 14:11:56 - [TEST_STEP][PASSED] - if (getText().equals(Baslik)): null

2021-10-21 14:11:56 - [TEST_STEP][PASSED] - baslikElement = element.findElement(By.xpath("../../../..")): Smart Wait Function is triggered

2021-10-21 14:11:56 - [MESSAGE][INFO] - Smart Wait Function is triggered

2021-10-21 14:11:57 - [TEST_STEP][PASSED] - attr = baslikElement.getAttribute("id"): null

2021-10-21 14:11:57 - [TEST_STEP][PASSED] - println("girdi ve idsini aldı = " + attr): null

2021-10-21 14:11:57 - [TEST_STEP][PASSED] - break: null

2021-10-21 14:11:57 - [TEST_STEP][PASSED] - countElement = baslikElement.findElements(By.xpath("../td")): Smart Wait Function is triggered

2021-10-21 14:11:57 - [MESSAGE][INFO] - Smart Wait Function is triggered

2021-10-21 14:11:57 - [TEST_STEP][PASSED] - for (def element : countElement): null

2021-10-21 14:11:57 - [TEST_STEP][PASSED] - if (toString().equals(attr.toString())): null

2021-10-21 14:11:57 - [TEST_STEP][PASSED] - (a++): null

2021-10-21 14:11:57 - [TEST_STEP][PASSED] - if (toString().equals(attr.toString())): null

2021-10-21 14:11:57 - [TEST_STEP][PASSED] - (a++): null

2021-10-21 14:11:57 - [TEST_STEP][PASSED] - if (toString().equals(attr.toString())): null

2021-10-21 14:11:57 - [TEST_STEP][PASSED] - break: null

2021-10-21 14:11:57 - [TEST_STEP][PASSED] - son = findWebElement(findTestObject("Object Repository/Olusturma/Genel/Olusturma/EklenenSatir")).findElement(By.xpath("td[@class='dxgvInlineEditCell_LECustomTheme dxgv'][" + a + "]//td[@class='dxic']/input")): Smart Wait Function is triggered

2021-10-21 14:11:57 - [MESSAGE][INFO] - Finding Test Object 'Object Repository/Olusturma/Genel/Olusturma/EklenenSatir'

2021-10-21 14:11:57 - [MESSAGE][INFO] - Finding web element from Test Object's properties

2021-10-21 14:11:57 - [MESSAGE][INFO] - Checking timeout

2021-10-21 14:11:57 - [MESSAGE][INFO] - Finding web element with id: 'Object Repository/Olusturma/Genel/Olusturma/EklenenSatir' located by 'By.cssSelector: #divmalhizmet .dxgvInlineEditRow_LECustomTheme' in '30' second(s)

2021-10-21 14:11:57 - [MESSAGE][INFO] - Smart Wait Function is triggered

2021-10-21 14:11:58 - [MESSAGE][INFO] - Found 1 web elements with id: 'Object Repository/Olusturma/Genel/Olusturma/EklenenSatir' located by 'By.cssSelector: #divmalhizmet .dxgvInlineEditRow_LECustomTheme' in '30' second(s)

2021-10-21 14:11:58 - [MESSAGE][INFO] - Smart Wait Function is triggered

2021-10-21 14:11:58 - [TEST_STEP][PASSED] - if (!(getAttribute("value").contains("Vkn"))): null

2021-10-21 14:11:58 - [TEST_STEP][PASSED] - son.clear(): null

2021-10-21 14:11:58 - [TEST_STEP][PASSED] - son.sendKeys(Deger): null

2021-10-21 14:11:58 - [MESSAGE][PASSED] - Call Test Case 'Test Cases/Olusturma/Genel/Olusturma' successfully

2021-10-21 14:11:58 - [MESSAGE][INFO] - Checking called Test Case

2021-10-21 14:11:58 - [MESSAGE][INFO] - Starting to call Test Case 'Test Cases/Olusturma/Genel/Olusturma'

2021-10-21 14:11:58 - [TEST_CASE][PASSED] - Test Cases/Olusturma/Genel/Olusturma: Test Cases/Olusturma/Genel/Olusturma

2021-10-21 14:11:58 - [TEST_STEP][PASSED] - driver = getWebDriver(): null

2021-10-21 14:11:58 - [TEST_STEP][PASSED] - action = new org.openqa.selenium.interactions.Actions(driver): null

2021-10-21 14:11:58 - [TEST_STEP][PASSED] - baslikElement = <not implemented yet for class: org.codehaus.groovy.ast.expr.EmptyExpression>: null

2021-10-21 14:11:58 - [TEST_STEP][PASSED] - sonElement = <not implemented yet for class: org.codehaus.groovy.ast.expr.EmptyExpression>: null

2021-10-21 14:11:58 - [TEST_STEP][PASSED] - attr = <not implemented yet for class: org.codehaus.groovy.ast.expr.EmptyExpression>: null

2021-10-21 14:11:58 - [TEST_STEP][PASSED] - a = 0: null

2021-10-21 14:11:58 - [TEST_STEP][PASSED] - elements = findWebElements(findTestObject("Object Repository/Olusturma/Genel/Olusturma/TabloBasliklari"), 10): Found 13 web elements with id: 'Object Repository/Olusturma/Genel/Olusturma/TabloBasliklari' located by 'By.cssSelector: div#divmalhizmet .dxgvTable_LECustomTheme td.dxgvHeader_LECustomTheme tr>td:nth-child(1)' in '10' second(s)

2021-10-21 14:11:58 - [MESSAGE][INFO] - Finding Test Object 'Object Repository/Olusturma/Genel/Olusturma/TabloBasliklari'

2021-10-21 14:11:58 - [MESSAGE][INFO] - Checking timeout

2021-10-21 14:11:58 - [MESSAGE][INFO] - Finding web element with id: 'Object Repository/Olusturma/Genel/Olusturma/TabloBasliklari' located by 'By.cssSelector: div#divmalhizmet .dxgvTable_LECustomTheme td.dxgvHeader_LECustomTheme tr>td:nth-child(1)' in '10' second(s)

2021-10-21 14:11:58 - [MESSAGE][INFO] - Smart Wait Function is triggered

2021-10-21 14:11:59 - [MESSAGE][INFO] - Found 13 web elements with id: 'Object Repository/Olusturma/Genel/Olusturma/TabloBasliklari' located by 'By.cssSelector: div#divmalhizmet .dxgvTable_LECustomTheme td.dxgvHeader_LECustomTheme tr>td:nth-child(1)' in '10' second(s)

2021-10-21 14:11:59 - [TEST_STEP][PASSED] - for (def element : elements): null

2021-10-21 14:11:59 - [TEST_STEP][PASSED] - build().perform(): null

2021-10-21 14:11:59 - [TEST_STEP][PASSED] - if (getText().equals(Baslik)): null

2021-10-21 14:11:59 - [TEST_STEP][PASSED] - build().perform(): null

2021-10-21 14:11:59 - [TEST_STEP][PASSED] - if (getText().equals(Baslik)): null

2021-10-21 14:11:59 - [TEST_STEP][PASSED] - build().perform(): null

2021-10-21 14:11:59 - [TEST_STEP][PASSED] - if (getText().equals(Baslik)): null

2021-10-21 14:11:59 - [TEST_STEP][PASSED] - build().perform(): null

2021-10-21 14:11:59 - [TEST_STEP][PASSED] - if (getText().equals(Baslik)): null

2021-10-21 14:11:59 - [TEST_STEP][PASSED] - baslikElement = element.findElement(By.xpath("../../../..")): Smart Wait Function is triggered

2021-10-21 14:11:59 - [MESSAGE][INFO] - Smart Wait Function is triggered

2021-10-21 14:11:59 - [TEST_STEP][PASSED] - attr = baslikElement.getAttribute("id"): null

2021-10-21 14:11:59 - [TEST_STEP][PASSED] - println("girdi ve idsini aldı = " + attr): null

2021-10-21 14:11:59 - [TEST_STEP][PASSED] - break: null

2021-10-21 14:11:59 - [TEST_STEP][PASSED] - countElement = baslikElement.findElements(By.xpath("../td")): Smart Wait Function is triggered

2021-10-21 14:11:59 - [MESSAGE][INFO] - Smart Wait Function is triggered

2021-10-21 14:12:00 - [TEST_STEP][PASSED] - for (def element : countElement): null

2021-10-21 14:12:00 - [TEST_STEP][PASSED] - if (toString().equals(attr.toString())): null

2021-10-21 14:12:00 - [TEST_STEP][PASSED] - (a++): null

2021-10-21 14:12:00 - [TEST_STEP][PASSED] - if (toString().equals(attr.toString())): null

2021-10-21 14:12:00 - [TEST_STEP][PASSED] - (a++): null

2021-10-21 14:12:00 - [TEST_STEP][PASSED] - if (toString().equals(attr.toString())): null

2021-10-21 14:12:00 - [TEST_STEP][PASSED] - (a++): null

2021-10-21 14:12:00 - [TEST_STEP][PASSED] - if (toString().equals(attr.toString())): null

2021-10-21 14:12:00 - [TEST_STEP][PASSED] - (a++): null

2021-10-21 14:12:00 - [TEST_STEP][PASSED] - if (toString().equals(attr.toString())): null

2021-10-21 14:12:00 - [TEST_STEP][PASSED] - break: null

2021-10-21 14:12:00 - [TEST_STEP][PASSED] - son = findWebElement(findTestObject("Object Repository/Olusturma/Genel/Olusturma/EklenenSatir")).findElement(By.xpath("td[@class='dxgvInlineEditCell_LECustomTheme dxgv'][" + a + "]//td[@class='dxic']/input")): Smart Wait Function is triggered

2021-10-21 14:12:00 - [MESSAGE][INFO] - Finding Test Object 'Object Repository/Olusturma/Genel/Olusturma/EklenenSatir'

2021-10-21 14:12:00 - [MESSAGE][INFO] - Finding web element from Test Object's properties

2021-10-21 14:12:00 - [MESSAGE][INFO] - Checking timeout

2021-10-21 14:12:00 - [MESSAGE][INFO] - Finding web element with id: 'Object Repository/Olusturma/Genel/Olusturma/EklenenSatir' located by 'By.cssSelector: #divmalhizmet .dxgvInlineEditRow_LECustomTheme' in '30' second(s)

2021-10-21 14:12:00 - [MESSAGE][INFO] - Smart Wait Function is triggered

2021-10-21 14:12:00 - [MESSAGE][INFO] - Found 1 web elements with id: 'Object Repository/Olusturma/Genel/Olusturma/EklenenSatir' located by 'By.cssSelector: #divmalhizmet .dxgvInlineEditRow_LECustomTheme' in '30' second(s)

2021-10-21 14:12:00 - [MESSAGE][INFO] - Smart Wait Function is triggered

2021-10-21 14:12:00 - [TEST_STEP][PASSED] - if (!(getAttribute("value").contains("Vkn"))): null

2021-10-21 14:12:00 - [TEST_STEP][PASSED] - son.clear(): null

2021-10-21 14:12:01 - [TEST_STEP][PASSED] - son.sendKeys(Deger): null

2021-10-21 14:12:01 - [MESSAGE][PASSED] - Call Test Case 'Test Cases/Olusturma/Genel/Olusturma' successfully

2021-10-21 14:12:01 - [MESSAGE][INFO] - Checking called Test Case

2021-10-21 14:12:01 - [MESSAGE][INFO] - Starting to call Test Case 'Test Cases/Olusturma/Genel/Olusturma'

2021-10-21 14:12:01 - [TEST_CASE][PASSED] - Test Cases/Olusturma/Genel/Olusturma: Test Cases/Olusturma/Genel/Olusturma

2021-10-21 14:12:01 - [TEST_STEP][PASSED] - driver = getWebDriver(): null

2021-10-21 14:12:01 - [TEST_STEP][PASSED] - action = new org.openqa.selenium.interactions.Actions(driver): null

2021-10-21 14:12:01 - [TEST_STEP][PASSED] - baslikElement = <not implemented yet for class: org.codehaus.groovy.ast.expr.EmptyExpression>: null

2021-10-21 14:12:01 - [TEST_STEP][PASSED] - sonElement = <not implemented yet for class: org.codehaus.groovy.ast.expr.EmptyExpression>: null

2021-10-21 14:12:01 - [TEST_STEP][PASSED] - attr = <not implemented yet for class: org.codehaus.groovy.ast.expr.EmptyExpression>: null

2021-10-21 14:12:01 - [TEST_STEP][PASSED] - a = 0: null

2021-10-21 14:12:01 - [TEST_STEP][PASSED] - elements = findWebElements(findTestObject("Object Repository/Olusturma/Genel/Olusturma/TabloBasliklari"), 10): Found 13 web elements with id: 'Object Repository/Olusturma/Genel/Olusturma/TabloBasliklari' located by 'By.cssSelector: div#divmalhizmet .dxgvTable_LECustomTheme td.dxgvHeader_LECustomTheme tr>td:nth-child(1)' in '10' second(s)

2021-10-21 14:12:01 - [MESSAGE][INFO] - Finding Test Object 'Object Repository/Olusturma/Genel/Olusturma/TabloBasliklari'

2021-10-21 14:12:01 - [MESSAGE][INFO] - Checking timeout

2021-10-21 14:12:01 - [MESSAGE][INFO] - Finding web element with id: 'Object Repository/Olusturma/Genel/Olusturma/TabloBasliklari' located by 'By.cssSelector: div#divmalhizmet .dxgvTable_LECustomTheme td.dxgvHeader_LECustomTheme tr>td:nth-child(1)' in '10' second(s)

2021-10-21 14:12:01 - [MESSAGE][INFO] - Smart Wait Function is triggered

2021-10-21 14:12:01 - [MESSAGE][INFO] - Found 13 web elements with id: 'Object Repository/Olusturma/Genel/Olusturma/TabloBasliklari' located by 'By.cssSelector: div#divmalhizmet .dxgvTable_LECustomTheme td.dxgvHeader_LECustomTheme tr>td:nth-child(1)' in '10' second(s)

2021-10-21 14:12:01 - [TEST_STEP][PASSED] - for (def element : elements): null

2021-10-21 14:12:01 - [TEST_STEP][PASSED] - build().perform(): null

2021-10-21 14:12:01 - [TEST_STEP][PASSED] - if (getText().equals(Baslik)): null

2021-10-21 14:12:01 - [TEST_STEP][PASSED] - build().perform(): null

2021-10-21 14:12:01 - [TEST_STEP][PASSED] - if (getText().equals(Baslik)): null

2021-10-21 14:12:01 - [TEST_STEP][PASSED] - build().perform(): null

2021-10-21 14:12:02 - [TEST_STEP][PASSED] - if (getText().equals(Baslik)): null

2021-10-21 14:12:02 - [TEST_STEP][PASSED] - build().perform(): null

2021-10-21 14:12:02 - [TEST_STEP][PASSED] - if (getText().equals(Baslik)): null

2021-10-21 14:12:02 - [TEST_STEP][PASSED] - build().perform(): null

2021-10-21 14:12:02 - [TEST_STEP][PASSED] - if (getText().equals(Baslik)): null

2021-10-21 14:12:02 - [TEST_STEP][PASSED] - build().perform(): null

2021-10-21 14:12:02 - [TEST_STEP][PASSED] - if (getText().equals(Baslik)): null

2021-10-21 14:12:02 - [TEST_STEP][PASSED] - baslikElement = element.findElement(By.xpath("../../../..")): Smart Wait Function is triggered

2021-10-21 14:12:02 - [MESSAGE][INFO] - Smart Wait Function is triggered

2021-10-21 14:12:02 - [TEST_STEP][PASSED] - attr = baslikElement.getAttribute("id"): null

2021-10-21 14:12:02 - [TEST_STEP][PASSED] - println("girdi ve idsini aldı = " + attr): null

2021-10-21 14:12:02 - [TEST_STEP][PASSED] - break: null

2021-10-21 14:12:02 - [TEST_STEP][PASSED] - countElement = baslikElement.findElements(By.xpath("../td")): Smart Wait Function is triggered

2021-10-21 14:12:02 - [MESSAGE][INFO] - Smart Wait Function is triggered

2021-10-21 14:12:03 - [TEST_STEP][PASSED] - for (def element : countElement): null

2021-10-21 14:12:03 - [TEST_STEP][PASSED] - if (toString().equals(attr.toString())): null

2021-10-21 14:12:03 - [TEST_STEP][PASSED] - (a++): null

2021-10-21 14:12:03 - [TEST_STEP][PASSED] - if (toString().equals(attr.toString())): null

2021-10-21 14:12:03 - [TEST_STEP][PASSED] - (a++): null

2021-10-21 14:12:03 - [TEST_STEP][PASSED] - if (toString().equals(attr.toString())): null

2021-10-21 14:12:03 - [TEST_STEP][PASSED] - (a++): null

2021-10-21 14:12:03 - [TEST_STEP][PASSED] - if (toString().equals(attr.toString())): null

2021-10-21 14:12:03 - [TEST_STEP][PASSED] - (a++): null

2021-10-21 14:12:03 - [TEST_STEP][PASSED] - if (toString().equals(attr.toString())): null

2021-10-21 14:12:03 - [TEST_STEP][PASSED] - (a++): null

2021-10-21 14:12:03 - [TEST_STEP][PASSED] - if (toString().equals(attr.toString())): null

2021-10-21 14:12:03 - [TEST_STEP][PASSED] - (a++): null

2021-10-21 14:12:03 - [TEST_STEP][PASSED] - if (toString().equals(attr.toString())): null

2021-10-21 14:12:03 - [TEST_STEP][PASSED] - break: null

2021-10-21 14:12:03 - [TEST_STEP][PASSED] - son = findWebElement(findTestObject("Object Repository/Olusturma/Genel/Olusturma/EklenenSatir")).findElement(By.xpath("td[@class='dxgvInlineEditCell_LECustomTheme dxgv'][" + a + "]//td[@class='dxic']/input")): Smart Wait Function is triggered

2021-10-21 14:12:03 - [MESSAGE][INFO] - Finding Test Object 'Object Repository/Olusturma/Genel/Olusturma/EklenenSatir'

2021-10-21 14:12:03 - [MESSAGE][INFO] - Finding web element from Test Object's properties

2021-10-21 14:12:03 - [MESSAGE][INFO] - Checking timeout

2021-10-21 14:12:03 - [MESSAGE][INFO] - Finding web element with id: 'Object Repository/Olusturma/Genel/Olusturma/EklenenSatir' located by 'By.cssSelector: #divmalhizmet .dxgvInlineEditRow_LECustomTheme' in '30' second(s)

2021-10-21 14:12:03 - [MESSAGE][INFO] - Smart Wait Function is triggered

2021-10-21 14:12:03 - [MESSAGE][INFO] - Found 1 web elements with id: 'Object Repository/Olusturma/Genel/Olusturma/EklenenSatir' located by 'By.cssSelector: #divmalhizmet .dxgvInlineEditRow_LECustomTheme' in '30' second(s)

2021-10-21 14:12:03 - [MESSAGE][INFO] - Smart Wait Function is triggered

2021-10-21 14:12:03 - [TEST_STEP][PASSED] - if (!(getAttribute("value").contains("Vkn"))): null

2021-10-21 14:12:03 - [TEST_STEP][PASSED] - son.clear(): null

2021-10-21 14:12:03 - [TEST_STEP][PASSED] - son.sendKeys(Deger): null

2021-10-21 14:12:04 - [MESSAGE][PASSED] - Call Test Case 'Test Cases/Olusturma/Genel/Olusturma' successfully

2021-10-21 14:12:04 - [MESSAGE][INFO] - Checking called Test Case

2021-10-21 14:12:04 - [MESSAGE][INFO] - Starting to call Test Case 'Test Cases/Olusturma/Genel/Olusturma'

2021-10-21 14:12:04 - [TEST_CASE][PASSED] - Test Cases/Olusturma/Genel/Olusturma: Test Cases/Olusturma/Genel/Olusturma

2021-10-21 14:12:04 - [TEST_STEP][PASSED] - driver = getWebDriver(): null

2021-10-21 14:12:04 - [TEST_STEP][PASSED] - action = new org.openqa.selenium.interactions.Actions(driver): null

2021-10-21 14:12:04 - [TEST_STEP][PASSED] - baslikElement = <not implemented yet for class: org.codehaus.groovy.ast.expr.EmptyExpression>: null

2021-10-21 14:12:04 - [TEST_STEP][PASSED] - sonElement = <not implemented yet for class: org.codehaus.groovy.ast.expr.EmptyExpression>: null

2021-10-21 14:12:04 - [TEST_STEP][PASSED] - attr = <not implemented yet for class: org.codehaus.groovy.ast.expr.EmptyExpression>: null

2021-10-21 14:12:04 - [TEST_STEP][PASSED] - a = 0: null

2021-10-21 14:12:04 - [TEST_STEP][PASSED] - elements = findWebElements(findTestObject("Object Repository/Olusturma/Genel/Olusturma/TabloBasliklari"), 10): Found 13 web elements with id: 'Object Repository/Olusturma/Genel/Olusturma/TabloBasliklari' located by 'By.cssSelector: div#divmalhizmet .dxgvTable_LECustomTheme td.dxgvHeader_LECustomTheme tr>td:nth-child(1)' in '10' second(s)

2021-10-21 14:12:04 - [MESSAGE][INFO] - Finding Test Object 'Object Repository/Olusturma/Genel/Olusturma/TabloBasliklari'

2021-10-21 14:12:04 - [MESSAGE][INFO] - Checking timeout

2021-10-21 14:12:04 - [MESSAGE][INFO] - Finding web element with id: 'Object Repository/Olusturma/Genel/Olusturma/TabloBasliklari' located by 'By.cssSelector: div#divmalhizmet .dxgvTable_LECustomTheme td.dxgvHeader_LECustomTheme tr>td:nth-child(1)' in '10' second(s)

2021-10-21 14:12:04 - [MESSAGE][INFO] - Smart Wait Function is triggered

2021-10-21 14:12:04 - [MESSAGE][INFO] - Found 13 web elements with id: 'Object Repository/Olusturma/Genel/Olusturma/TabloBasliklari' located by 'By.cssSelector: div#divmalhizmet .dxgvTable_LECustomTheme td.dxgvHeader_LECustomTheme tr>td:nth-child(1)' in '10' second(s)

2021-10-21 14:12:04 - [TEST_STEP][PASSED] - for (def element : elements): null

2021-10-21 14:12:04 - [TEST_STEP][PASSED] - build().perform(): null

2021-10-21 14:12:04 - [TEST_STEP][PASSED] - if (getText().equals(Baslik)): null

2021-10-21 14:12:04 - [TEST_STEP][PASSED] - build().perform(): null

2021-10-21 14:12:04 - [TEST_STEP][PASSED] - if (getText().equals(Baslik)): null

2021-10-21 14:12:04 - [TEST_STEP][PASSED] - build().perform(): null

2021-10-21 14:12:04 - [TEST_STEP][PASSED] - if (getText().equals(Baslik)): null

2021-10-21 14:12:05 - [TEST_STEP][PASSED] - build().perform(): null

2021-10-21 14:12:05 - [TEST_STEP][PASSED] - if (getText().equals(Baslik)): null

2021-10-21 14:12:05 - [TEST_STEP][PASSED] - build().perform(): null

2021-10-21 14:12:05 - [TEST_STEP][PASSED] - if (getText().equals(Baslik)): null

2021-10-21 14:12:05 - [TEST_STEP][PASSED] - build().perform(): null

2021-10-21 14:12:05 - [TEST_STEP][PASSED] - if (getText().equals(Baslik)): null

2021-10-21 14:12:05 - [TEST_STEP][PASSED] - build().perform(): null

2021-10-21 14:12:05 - [TEST_STEP][PASSED] - if (getText().equals(Baslik)): null

2021-10-21 14:12:05 - [TEST_STEP][PASSED] - baslikElement = element.findElement(By.xpath("../../../..")): Smart Wait Function is triggered

2021-10-21 14:12:05 - [MESSAGE][INFO] - Smart Wait Function is triggered

2021-10-21 14:12:05 - [TEST_STEP][PASSED] - attr = baslikElement.getAttribute("id"): null

2021-10-21 14:12:05 - [TEST_STEP][PASSED] - println("girdi ve idsini aldı = " + attr): null

2021-10-21 14:12:05 - [TEST_STEP][PASSED] - break: null

2021-10-21 14:12:05 - [TEST_STEP][PASSED] - countElement = baslikElement.findElements(By.xpath("../td")): Smart Wait Function is triggered

2021-10-21 14:12:05 - [MESSAGE][INFO] - Smart Wait Function is triggered

2021-10-21 14:12:06 - [TEST_STEP][PASSED] - for (def element : countElement): null

2021-10-21 14:12:06 - [TEST_STEP][PASSED] - if (toString().equals(attr.toString())): null

2021-10-21 14:12:06 - [TEST_STEP][PASSED] - (a++): null

2021-10-21 14:12:06 - [TEST_STEP][PASSED] - if (toString().equals(attr.toString())): null

2021-10-21 14:12:06 - [TEST_STEP][PASSED] - (a++): null

2021-10-21 14:12:06 - [TEST_STEP][PASSED] - if (toString().equals(attr.toString())): null

2021-10-21 14:12:06 - [TEST_STEP][PASSED] - (a++): null

2021-10-21 14:12:06 - [TEST_STEP][PASSED] - if (toString().equals(attr.toString())): null

2021-10-21 14:12:06 - [TEST_STEP][PASSED] - (a++): null

2021-10-21 14:12:06 - [TEST_STEP][PASSED] - if (toString().equals(attr.toString())): null

2021-10-21 14:12:06 - [TEST_STEP][PASSED] - (a++): null

2021-10-21 14:12:06 - [TEST_STEP][PASSED] - if (toString().equals(attr.toString())): null

2021-10-21 14:12:06 - [TEST_STEP][PASSED] - (a++): null

2021-10-21 14:12:06 - [TEST_STEP][PASSED] - if (toString().equals(attr.toString())): null

2021-10-21 14:12:06 - [TEST_STEP][PASSED] - (a++): null

2021-10-21 14:12:06 - [TEST_STEP][PASSED] - if (toString().equals(attr.toString())): null

2021-10-21 14:12:06 - [TEST_STEP][PASSED] - break: null

2021-10-21 14:12:06 - [TEST_STEP][PASSED] - son = findWebElement(findTestObject("Object Repository/Olusturma/Genel/Olusturma/EklenenSatir")).findElement(By.xpath("td[@class='dxgvInlineEditCell_LECustomTheme dxgv'][" + a + "]//td[@class='dxic']/input")): Smart Wait Function is triggered

2021-10-21 14:12:06 - [MESSAGE][INFO] - Finding Test Object 'Object Repository/Olusturma/Genel/Olusturma/EklenenSatir'

2021-10-21 14:12:06 - [MESSAGE][INFO] - Finding web element from Test Object's properties

2021-10-21 14:12:06 - [MESSAGE][INFO] - Checking timeout

2021-10-21 14:12:06 - [MESSAGE][INFO] - Finding web element with id: 'Object Repository/Olusturma/Genel/Olusturma/EklenenSatir' located by 'By.cssSelector: #divmalhizmet .dxgvInlineEditRow_LECustomTheme' in '30' second(s)

2021-10-21 14:12:06 - [MESSAGE][INFO] - Smart Wait Function is triggered

2021-10-21 14:12:06 - [MESSAGE][INFO] - Found 1 web elements with id: 'Object Repository/Olusturma/Genel/Olusturma/EklenenSatir' located by 'By.cssSelector: #divmalhizmet .dxgvInlineEditRow_LECustomTheme' in '30' second(s)

2021-10-21 14:12:06 - [MESSAGE][INFO] - Smart Wait Function is triggered

2021-10-21 14:12:06 - [TEST_STEP][PASSED] - if (!(getAttribute("value").contains("Vkn"))): null

2021-10-21 14:12:06 - [TEST_STEP][PASSED] - son.clear(): null

2021-10-21 14:12:06 - [TEST_STEP][PASSED] - son.sendKeys(Deger): null

2021-10-21 14:12:07 - [MESSAGE][PASSED] - Call Test Case 'Test Cases/Olusturma/Genel/Olusturma' successfully

2021-10-21 14:12:07 - [MESSAGE][INFO] - Checking called Test Case

2021-10-21 14:12:07 - [MESSAGE][INFO] - Starting to call Test Case 'Test Cases/Olusturma/Genel/NotGirilir'

2021-10-21 14:12:07 - [TEST_CASE][PASSED] - Test Cases/Olusturma/Genel/NotGirilir: Test Cases/Olusturma/Genel/NotGirilir

2021-10-21 14:12:07 - [TEST_STEP][PASSED] - i = 0: null

2021-10-21 14:12:07 - [TEST_STEP][PASSED] - waitForElementClickable(findTestObject("Olusturma/Genel/Not/Notlar"), 10): Object 'Object Repository/Olusturma/Genel/Not/Notlar' is clickable

2021-10-21 14:12:07 - [MESSAGE][INFO] - Finding Test Object 'Object Repository/Olusturma/Genel/Not/Notlar'

2021-10-21 14:12:07 - [MESSAGE][INFO] - Checking object

2021-10-21 14:12:07 - [MESSAGE][INFO] - Checking timeout

2021-10-21 14:12:07 - [MESSAGE][INFO] - Finding web element from Test Object's properties

2021-10-21 14:12:07 - [MESSAGE][INFO] - Checking timeout

2021-10-21 14:12:07 - [MESSAGE][INFO] - Finding web element with id: 'Object Repository/Olusturma/Genel/Not/Notlar' located by 'By.xpath: //*[@id = 'txtNote_I']' in '10' second(s)

2021-10-21 14:12:07 - [MESSAGE][INFO] - Smart Wait Function is triggered

2021-10-21 14:12:07 - [MESSAGE][INFO] - Found 1 web elements with id: 'Object Repository/Olusturma/Genel/Not/Notlar' located by 'By.xpath: //*[@id = 'txtNote_I']' in '10' second(s)

2021-10-21 14:12:07 - [MESSAGE][PASSED] - Object 'Object Repository/Olusturma/Genel/Not/Notlar' is clickable

2021-10-21 14:12:07 - [TEST_STEP][PASSED] - clearText(findTestObject("Olusturma/Genel/Not/Notlar")): Text of object 'Object Repository/Olusturma/Genel/Not/Notlar' is cleared

2021-10-21 14:12:07 - [MESSAGE][INFO] - Finding Test Object 'Object Repository/Olusturma/Genel/Not/Notlar'

2021-10-21 14:12:07 - [MESSAGE][INFO] - Checking object

2021-10-21 14:12:07 - [MESSAGE][INFO] - Finding web element from Test Object's properties

2021-10-21 14:12:07 - [MESSAGE][INFO] - Checking timeout

2021-10-21 14:12:07 - [MESSAGE][INFO] - Finding web element with id: 'Object Repository/Olusturma/Genel/Not/Notlar' located by 'By.xpath: //*[@id = 'txtNote_I']' in '30' second(s)

2021-10-21 14:12:07 - [MESSAGE][INFO] - Smart Wait Function is triggered

2021-10-21 14:12:07 - [MESSAGE][INFO] - Found 1 web elements with id: 'Object Repository/Olusturma/Genel/Not/Notlar' located by 'By.xpath: //*[@id = 'txtNote_I']' in '30' second(s)

2021-10-21 14:12:07 - [MESSAGE][INFO] - Clearing text of object 'Object Repository/Olusturma/Genel/Not/Notlar'

2021-10-21 14:12:07 - [MESSAGE][PASSED] - Text of object 'Object Repository/Olusturma/Genel/Not/Notlar' is cleared

2021-10-21 14:12:07 - [TEST_STEP][PASSED] - click(findTestObject("Olusturma/Genel/Not/Notlar")): Object: 'Object Repository/Olusturma/Genel/Not/Notlar' is clicked on

2021-10-21 14:12:07 - [MESSAGE][INFO] - Finding Test Object 'Object Repository/Olusturma/Genel/Not/Notlar'

2021-10-21 14:12:08 - [MESSAGE][INFO] - Checking object

2021-10-21 14:12:08 - [MESSAGE][INFO] - Finding web element from Test Object's properties

2021-10-21 14:12:08 - [MESSAGE][INFO] - Checking timeout

2021-10-21 14:12:08 - [MESSAGE][INFO] - Finding web element with id: 'Object Repository/Olusturma/Genel/Not/Notlar' located by 'By.xpath: //*[@id = 'txtNote_I']' in '30' second(s)

2021-10-21 14:12:08 - [MESSAGE][INFO] - Smart Wait Function is triggered

2021-10-21 14:12:08 - [MESSAGE][INFO] - Found 1 web elements with id: 'Object Repository/Olusturma/Genel/Not/Notlar' located by 'By.xpath: //*[@id = 'txtNote_I']' in '30' second(s)

2021-10-21 14:12:08 - [MESSAGE][INFO] - Clicking on object: 'Object Repository/Olusturma/Genel/Not/Notlar'

2021-10-21 14:12:08 - [MESSAGE][PASSED] - Object: 'Object Repository/Olusturma/Genel/Not/Notlar' is clicked on

2021-10-21 14:12:08 - [TEST_STEP][PASSED] - while (true): null

2021-10-21 14:12:08 - [TEST_STEP][PASSED] - delay(1): Delayed 1 second(s)

2021-10-21 14:12:08 - [MESSAGE][INFO] - Delaying browser in 1 second(s)

2021-10-21 14:12:09 - [MESSAGE][PASSED] - Delayed 1 second(s)

2021-10-21 14:12:09 - [TEST_STEP][PASSED] - ajaxIsComplete = executeJavaScript("return jQuery.active == 0", null): Execute JavaScript 'return jQuery.active == 0' successfully

2021-10-21 14:12:09 - [MESSAGE][PASSED] - Execute JavaScript 'return jQuery.active == 0' successfully

2021-10-21 14:12:09 - [TEST_STEP][PASSED] - if (ajaxIsComplete): null

2021-10-21 14:12:09 - [TEST_STEP][PASSED] - break: null

2021-10-21 14:12:09 - [TEST_STEP][PASSED] - sendKeys(findTestObject("Olusturma/Genel/Not/Notlar"), Not): Keys 'Otomasyon Not' sent to object: 'Object Repository/Olusturma/Genel/Not/Notlar'

2021-10-21 14:12:09 - [MESSAGE][INFO] - Finding Test Object 'Object Repository/Olusturma/Genel/Not/Notlar'

2021-10-21 14:12:09 - [MESSAGE][INFO] - Sending keys 'Otomasyon Not' to object: 'Object Repository/Olusturma/Genel/Not/Notlar'

2021-10-21 14:12:09 - [MESSAGE][INFO] - Finding web element from Test Object's properties

2021-10-21 14:12:09 - [MESSAGE][INFO] - Checking timeout

2021-10-21 14:12:09 - [MESSAGE][INFO] - Finding web element with id: 'Object Repository/Olusturma/Genel/Not/Notlar' located by 'By.xpath: //*[@id = 'txtNote_I']' in '30' second(s)

2021-10-21 14:12:09 - [MESSAGE][INFO] - Smart Wait Function is triggered

2021-10-21 14:12:09 - [MESSAGE][INFO] - Found 1 web elements with id: 'Object Repository/Olusturma/Genel/Not/Notlar' located by 'By.xpath: //*[@id = 'txtNote_I']' in '30' second(s)

2021-10-21 14:12:09 - [MESSAGE][PASSED] - Keys 'Otomasyon Not' sent to object: 'Object Repository/Olusturma/Genel/Not/Notlar'

2021-10-21 14:12:09 - [MESSAGE][PASSED] - Call Test Case 'Test Cases/Olusturma/Genel/NotGirilir' successfully

2021-10-21 14:12:10 - [MESSAGE][INFO] - Checking called Test Case

2021-10-21 14:12:10 - [MESSAGE][INFO] - Starting to call Test Case 'Test Cases/Olusturma/Genel/EttnBilgisiKayitEdilir'

2021-10-21 14:12:10 - [TEST_CASE][PASSED] - Test Cases/Olusturma/Genel/EttnBilgisiKayitEdilir: Test Cases/Olusturma/Genel/EttnBilgisiKayitEdilir

2021-10-21 14:12:10 - [TEST_STEP][PASSED] - verifyElementPresent(findTestObject("Object Repository/Olusturma/Genel/Olusturma/eArsivEttnBilgisi"), 7): Object 'Object Repository/Olusturma/Genel/Olusturma/eArsivEttnBilgisi' is present

2021-10-21 14:12:10 - [MESSAGE][INFO] - Finding Test Object 'Object Repository/Olusturma/Genel/Olusturma/eArsivEttnBilgisi'

2021-10-21 14:12:10 - [MESSAGE][INFO] - Checking object

2021-10-21 14:12:10 - [MESSAGE][INFO] - Finding web element from Test Object's properties

2021-10-21 14:12:10 - [MESSAGE][INFO] - Checking timeout

2021-10-21 14:12:10 - [MESSAGE][INFO] - Finding web element with id: 'Object Repository/Olusturma/Genel/Olusturma/eArsivEttnBilgisi' located by 'By.xpath: //*[@id = 'Uuid_I']' in '7' second(s)

2021-10-21 14:12:10 - [MESSAGE][INFO] - Smart Wait Function is triggered

2021-10-21 14:12:10 - [MESSAGE][INFO] - Found 1 web elements with id: 'Object Repository/Olusturma/Genel/Olusturma/eArsivEttnBilgisi' located by 'By.xpath: //*[@id = 'Uuid_I']' in '7' second(s)

2021-10-21 14:12:10 - [MESSAGE][PASSED] - Object 'Object Repository/Olusturma/Genel/Olusturma/eArsivEttnBilgisi' is present

2021-10-21 14:12:10 - [TEST_STEP][PASSED] - ettn = getAttribute(findTestObject("Object Repository/Olusturma/Genel/Olusturma/eArsivEttnBilgisi"), "value"): Attribute 'value' of object 'Object Repository/Olusturma/Genel/Olusturma/eArsivEttnBilgisi' is: '447b452f-9376-46cd-923f-e403706797d8'

2021-10-21 14:12:10 - [MESSAGE][INFO] - Finding Test Object 'Object Repository/Olusturma/Genel/Olusturma/eArsivEttnBilgisi'

2021-10-21 14:12:10 - [MESSAGE][INFO] - Checking object

2021-10-21 14:12:10 - [MESSAGE][INFO] - Checking attribute

2021-10-21 14:12:10 - [MESSAGE][INFO] - Finding web element from Test Object's properties

2021-10-21 14:12:10 - [MESSAGE][INFO] - Checking timeout

2021-10-21 14:12:10 - [MESSAGE][INFO] - Finding web element with id: 'Object Repository/Olusturma/Genel/Olusturma/eArsivEttnBilgisi' located by 'By.xpath: //*[@id = 'Uuid_I']' in '30' second(s)

2021-10-21 14:12:10 - [MESSAGE][INFO] - Smart Wait Function is triggered

2021-10-21 14:12:10 - [MESSAGE][INFO] - Found 1 web elements with id: 'Object Repository/Olusturma/Genel/Olusturma/eArsivEttnBilgisi' located by 'By.xpath: //*[@id = 'Uuid_I']' in '30' second(s)

2021-10-21 14:12:10 - [MESSAGE][INFO] - Getting attribute 'value' of object 'Object Repository/Olusturma/Genel/Olusturma/eArsivEttnBilgisi'

2021-10-21 14:12:10 - [MESSAGE][PASSED] - Attribute 'value' of object 'Object Repository/Olusturma/Genel/Olusturma/eArsivEttnBilgisi' is: '447b452f-9376-46cd-923f-e403706797d8'

2021-10-21 14:12:10 - [MESSAGE][PASSED] - Call Test Case 'Test Cases/Olusturma/Genel/EttnBilgisiKayitEdilir' successfully

2021-10-21 14:12:11 - [MESSAGE][INFO] - Checking called Test Case

2021-10-21 14:12:11 - [MESSAGE][INFO] - Starting to call Test Case 'Test Cases/Olusturma/Genel/KaydetButonunaTiklanir'

2021-10-21 14:12:11 - [TEST_CASE][PASSED] - Test Cases/Olusturma/Genel/KaydetButonunaTiklanir: Test Cases/Olusturma/Genel/KaydetButonunaTiklanir

2021-10-21 14:12:11 - [TEST_STEP][PASSED] - i = 0: null

2021-10-21 14:12:11 - [TEST_STEP][PASSED] - waitForElementPresent(findTestObject("Olusturma/Genel/Not/Notlar"), 10): Object 'Object Repository/Olusturma/Genel/Not/Notlar' is present

2021-10-21 14:12:11 - [MESSAGE][INFO] - Finding Test Object 'Object Repository/Olusturma/Genel/Not/Notlar'

2021-10-21 14:12:11 - [MESSAGE][INFO] - Checking object

2021-10-21 14:12:11 - [MESSAGE][INFO] - Finding web element from Test Object's properties

2021-10-21 14:12:11 - [MESSAGE][INFO] - Checking timeout

2021-10-21 14:12:11 - [MESSAGE][INFO] - Finding web element with id: 'Object Repository/Olusturma/Genel/Not/Notlar' located by 'By.xpath: //*[@id = 'txtNote_I']' in '10' second(s)

2021-10-21 14:12:11 - [MESSAGE][INFO] - Smart Wait Function is triggered

2021-10-21 14:12:11 - [MESSAGE][INFO] - Found 1 web elements with id: 'Object Repository/Olusturma/Genel/Not/Notlar' located by 'By.xpath: //*[@id = 'txtNote_I']' in '10' second(s)

2021-10-21 14:12:11 - [MESSAGE][PASSED] - Object 'Object Repository/Olusturma/Genel/Not/Notlar' is present

2021-10-21 14:12:11 - [TEST_STEP][PASSED] - click(findTestObject("Olusturma/Genel/Not/Notlar")): Object: 'Object Repository/Olusturma/Genel/Not/Notlar' is clicked on

2021-10-21 14:12:11 - [MESSAGE][INFO] - Finding Test Object 'Object Repository/Olusturma/Genel/Not/Notlar'

2021-10-21 14:12:11 - [MESSAGE][INFO] - Checking object

2021-10-21 14:12:11 - [MESSAGE][INFO] - Finding web element from Test Object's properties

2021-10-21 14:12:11 - [MESSAGE][INFO] - Checking timeout

2021-10-21 14:12:11 - [MESSAGE][INFO] - Finding web element with id: 'Object Repository/Olusturma/Genel/Not/Notlar' located by 'By.xpath: //*[@id = 'txtNote_I']' in '30' second(s)

2021-10-21 14:12:11 - [MESSAGE][INFO] - Smart Wait Function is triggered

2021-10-21 14:12:11 - [MESSAGE][INFO] - Found 1 web elements with id: 'Object Repository/Olusturma/Genel/Not/Notlar' located by 'By.xpath: //*[@id = 'txtNote_I']' in '30' second(s)

2021-10-21 14:12:11 - [MESSAGE][INFO] - Clicking on object: 'Object Repository/Olusturma/Genel/Not/Notlar'

2021-10-21 14:12:11 - [MESSAGE][PASSED] - Object: 'Object Repository/Olusturma/Genel/Not/Notlar' is clicked on

2021-10-21 14:12:11 - [TEST_STEP][PASSED] - while (true): null

2021-10-21 14:12:11 - [TEST_STEP][PASSED] - delay(1): Delayed 1 second(s)

2021-10-21 14:12:11 - [MESSAGE][INFO] - Delaying browser in 1 second(s)

2021-10-21 14:12:12 - [MESSAGE][PASSED] - Delayed 1 second(s)

2021-10-21 14:12:12 - [TEST_STEP][PASSED] - ajaxIsComplete = executeJavaScript("return jQuery.active == 0", null): Execute JavaScript 'return jQuery.active == 0' successfully

2021-10-21 14:12:13 - [MESSAGE][PASSED] - Execute JavaScript 'return jQuery.active == 0' successfully

2021-10-21 14:12:13 - [TEST_STEP][PASSED] - if (ajaxIsComplete): null

2021-10-21 14:12:13 - [TEST_STEP][PASSED] - break: null

2021-10-21 14:12:13 - [TEST_STEP][PASSED] - waitForElementClickable(findTestObject("Object Repository/Olusturma/Genel/Buton"), 10): Object 'Object Repository/Olusturma/Genel/Buton' is clickable

2021-10-21 14:12:13 - [MESSAGE][INFO] - Finding Test Object 'Object Repository/Olusturma/Genel/Buton'

2021-10-21 14:12:13 - [MESSAGE][INFO] - Checking object

2021-10-21 14:12:13 - [MESSAGE][INFO] - Checking timeout

2021-10-21 14:12:13 - [MESSAGE][INFO] - Finding web element from Test Object's properties

2021-10-21 14:12:13 - [MESSAGE][INFO] - Checking timeout

2021-10-21 14:12:13 - [MESSAGE][INFO] - Finding web element with id: 'Object Repository/Olusturma/Genel/Buton' located by 'By.xpath: //*[@id = 'btnKaydet']' in '10' second(s)

2021-10-21 14:12:13 - [MESSAGE][INFO] - Smart Wait Function is triggered

2021-10-21 14:12:13 - [MESSAGE][INFO] - Found 1 web elements with id: 'Object Repository/Olusturma/Genel/Buton' located by 'By.xpath: //*[@id = 'btnKaydet']' in '10' second(s)

2021-10-21 14:12:13 - [MESSAGE][PASSED] - Object 'Object Repository/Olusturma/Genel/Buton' is clickable

2021-10-21 14:12:13 - [TEST_STEP][PASSED] - click(findTestObject("Object Repository/Olusturma/Genel/Buton")): Object: 'Object Repository/Olusturma/Genel/Buton' is clicked on

2021-10-21 14:12:13 - [MESSAGE][INFO] - Finding Test Object 'Object Repository/Olusturma/Genel/Buton'

2021-10-21 14:12:13 - [MESSAGE][INFO] - Checking object

2021-10-21 14:12:13 - [MESSAGE][INFO] - Finding web element from Test Object's properties

2021-10-21 14:12:13 - [MESSAGE][INFO] - Checking timeout

2021-10-21 14:12:13 - [MESSAGE][INFO] - Finding web element with id: 'Object Repository/Olusturma/Genel/Buton' located by 'By.xpath: //*[@id = 'btnKaydet']' in '30' second(s)

2021-10-21 14:12:13 - [MESSAGE][INFO] - Smart Wait Function is triggered

2021-10-21 14:12:13 - [MESSAGE][INFO] - Found 1 web elements with id: 'Object Repository/Olusturma/Genel/Buton' located by 'By.xpath: //*[@id = 'btnKaydet']' in '30' second(s)

2021-10-21 14:12:13 - [MESSAGE][INFO] - Clicking on object: 'Object Repository/Olusturma/Genel/Buton'

2021-10-21 14:12:15 - [MESSAGE][PASSED] - Object: 'Object Repository/Olusturma/Genel/Buton' is clicked on

2021-10-21 14:12:15 - [MESSAGE][PASSED] - Call Test Case 'Test Cases/Olusturma/Genel/KaydetButonunaTiklanir' successfully

2021-10-21 14:12:15 - [MESSAGE][INFO] - Checking called Test Case

2021-10-21 14:12:15 - [MESSAGE][INFO] - Starting to call Test Case 'Test Cases/Tablo/TablodaEttnliVeriOlusturulduMu'

2021-10-21 14:12:16 - [TEST_CASE][PASSED] - Test Cases/Tablo/TablodaEttnliVeriOlusturulduMu: Test Cases/Tablo/TablodaEttnliVeriOlusturulduMu

2021-10-21 14:12:16 - [TEST_STEP][PASSED] - Method.TextDegerineEsitElementVarMi(findTestObject("Tablo/OlusturulanVeri"), ettn): Method.TextDegerineEsitElementVarMi is PASSED

2021-10-21 14:12:16 - [MESSAGE][INFO] - Finding Test Object 'Object Repository/Tablo/OlusturulanVeri'

2021-10-21 14:12:16 - [MESSAGE][INFO] - Checking timeout

2021-10-21 14:12:16 - [MESSAGE][INFO] - Finding web element with id: 'Object Repository/Tablo/OlusturulanVeri' located by 'By.cssSelector: table.dxgvTable_LECustomTheme>tbody>tr:nth-child(3)>td.dxgv b,table.dxgvTable_LECustomTheme>tbody>tr:nth-child(3)>td.dxgv' in '10' second(s)

2021-10-21 14:12:16 - [MESSAGE][INFO] - Smart Wait Function is triggered

2021-10-21 14:12:16 - [MESSAGE][INFO] - Found 14 web elements with id: 'Object Repository/Tablo/OlusturulanVeri' located by 'By.cssSelector: table.dxgvTable_LECustomTheme>tbody>tr:nth-child(3)>td.dxgv b,table.dxgvTable_LECustomTheme>tbody>tr:nth-child(3)>td.dxgv' in '10' second(s)

2021-10-21 14:12:16 - [MESSAGE][PASSED] - Method.TextDegerineEsitElementVarMi is PASSED

2021-10-21 14:12:16 - [MESSAGE][PASSED] - Call Test Case 'Test Cases/Tablo/TablodaEttnliVeriOlusturulduMu' successfully

2021-10-21 14:12:16 - [MESSAGE][INFO] - Checking called Test Case

2021-10-21 14:12:16 - [MESSAGE][INFO] - Starting to call Test Case 'Test Cases/Tablo/TablodanEttnliVeriSec'

2021-10-21 14:12:16 - [TEST_CASE][PASSED] - Test Cases/Tablo/TablodanEttnliVeriSec: Test Cases/Tablo/TablodanEttnliVeriSec

2021-10-21 14:12:16 - [TEST_STEP][PASSED] - Method.TextDegerineEsitElementinAltindakineTikla(findTestObject("Tablo/Veriler"), findTestObject("Tablo/VerininCheckBoxi"), ettn): Method.TextDegerineEsitElementinAltindakineTikla is PASSED

2021-10-21 14:12:16 - [MESSAGE][INFO] - Finding Test Object 'Object Repository/Tablo/Veriler'

2021-10-21 14:12:16 - [MESSAGE][INFO] - Finding Test Object 'Object Repository/Tablo/VerininCheckBoxi'

2021-10-21 14:12:16 - [MESSAGE][INFO] - Checking timeout

2021-10-21 14:12:16 - [MESSAGE][INFO] - Finding web element with id: 'Object Repository/Tablo/Veriler' located by 'By.cssSelector: td.dxgv b ,td.dxgv' in '10' second(s)

2021-10-21 14:12:16 - [MESSAGE][INFO] - Smart Wait Function is triggered

2021-10-21 14:12:17 - [MESSAGE][INFO] - Found 84 web elements with id: 'Object Repository/Tablo/Veriler' located by 'By.cssSelector: td.dxgv b ,td.dxgv' in '10' second(s)

2021-10-21 14:12:17 - [MESSAGE][INFO] - Smart Wait Function is triggered

2021-10-21 14:12:17 - [MESSAGE][PASSED] - Method.TextDegerineEsitElementinAltindakineTikla is PASSED

2021-10-21 14:12:17 - [MESSAGE][PASSED] - Call Test Case 'Test Cases/Tablo/TablodanEttnliVeriSec' successfully

2021-10-21 14:12:17 - [MESSAGE][INFO] - Checking called Test Case

2021-10-21 14:12:17 - [MESSAGE][INFO] - Starting to call Test Case 'Test Cases/Butonlar/ButonaTikla'

2021-10-21 14:12:17 - [TEST_CASE][PASSED] - Test Cases/Butonlar/ButonaTikla: Test Cases/Butonlar/ButonaTikla

2021-10-21 14:12:17 - [TEST_STEP][PASSED] - Method.TextDegerineEsitElementeTiklaEquals(findTestObject("Butonlar/Butonlar"), Buton_Adi): Method.TextDegerineEsitElementeTiklaEquals is PASSED

2021-10-21 14:12:17 - [MESSAGE][INFO] - Finding Test Object 'Object Repository/Butonlar/Butonlar'

2021-10-21 14:12:17 - [MESSAGE][INFO] - Checking timeout

2021-10-21 14:12:17 - [MESSAGE][INFO] - Finding web element with id: 'Object Repository/Butonlar/Butonlar' located by 'By.cssSelector: .panel.panel-default.text-center.footerPanel .btn,.btn.btn-primary.btnControls' in '10' second(s)

2021-10-21 14:12:17 - [MESSAGE][INFO] - Smart Wait Function is triggered

2021-10-21 14:12:18 - [MESSAGE][INFO] - Found 10 web elements with id: 'Object Repository/Butonlar/Butonlar' located by 'By.cssSelector: .panel.panel-default.text-center.footerPanel .btn,.btn.btn-primary.btnControls' in '10' second(s)

2021-10-21 14:12:18 - [MESSAGE][PASSED] - Method.TextDegerineEsitElementeTiklaEquals is PASSED

2021-10-21 14:12:18 - [MESSAGE][PASSED] - Call Test Case 'Test Cases/Butonlar/ButonaTikla' successfully

2021-10-21 14:12:18 - [MESSAGE][INFO] - Checking called Test Case

2021-10-21 14:12:18 - [MESSAGE][INFO] - Starting to call Test Case 'Test Cases/Popup/PopupMesajiIceriyorMu'

2021-10-21 14:12:18 - [TEST_CASE][PASSED] - Test Cases/Popup/PopupMesajiIceriyorMu: Test Cases/Popup/PopupMesajiIceriyorMu

2021-10-21 14:12:18 - [TEST_STEP][PASSED] - waitForElementVisible(findTestObject("Popup/Popup"), 10): Object 'Object Repository/Popup/Popup' is visible

2021-10-21 14:12:18 - [MESSAGE][INFO] - Finding Test Object 'Object Repository/Popup/Popup'

2021-10-21 14:12:18 - [MESSAGE][INFO] - Checking object

2021-10-21 14:12:18 - [MESSAGE][INFO] - Checking timeout

2021-10-21 14:12:18 - [MESSAGE][INFO] - Finding web element from Test Object's properties

2021-10-21 14:12:18 - [MESSAGE][INFO] - Checking timeout

2021-10-21 14:12:18 - [MESSAGE][INFO] - Finding web element with id: 'Object Repository/Popup/Popup' located by 'By.cssSelector: .bootbox-body' in '10' second(s)

2021-10-21 14:12:18 - [MESSAGE][INFO] - Smart Wait Function is triggered

2021-10-21 14:12:19 - [MESSAGE][INFO] - Found 1 web elements with id: 'Object Repository/Popup/Popup' located by 'By.cssSelector: .bootbox-body' in '10' second(s)

2021-10-21 14:12:19 - [MESSAGE][PASSED] - Object 'Object Repository/Popup/Popup' is visible

2021-10-21 14:12:19 - [TEST_STEP][PASSED] - if (!(getText(findTestObject("Popup/Popup")).contains(Mesaj))): Text of object 'Object Repository/Popup/Popup' is: 'Oluşturulacak fatura numarası : EAR2021000000413 Fatura numarası oluşturulduktan sonra fatura silinemez. Fatura numarası, tarihi ve ön eki değiştirilemez. Devam etmek istiyor musunuz?'

2021-10-21 14:12:19 - [MESSAGE][INFO] - Finding Test Object 'Object Repository/Popup/Popup'

2021-10-21 14:12:19 - [MESSAGE][INFO] - Checking object

2021-10-21 14:12:19 - [MESSAGE][INFO] - Finding web element from Test Object's properties

2021-10-21 14:12:19 - [MESSAGE][INFO] - Checking timeout

2021-10-21 14:12:19 - [MESSAGE][INFO] - Finding web element with id: 'Object Repository/Popup/Popup' located by 'By.cssSelector: .bootbox-body' in '30' second(s)

2021-10-21 14:12:19 - [MESSAGE][INFO] - Smart Wait Function is triggered

2021-10-21 14:12:19 - [MESSAGE][INFO] - Found 1 web elements with id: 'Object Repository/Popup/Popup' located by 'By.cssSelector: .bootbox-body' in '30' second(s)

2021-10-21 14:12:19 - [MESSAGE][INFO] - Getting text of object 'Object Repository/Popup/Popup'

2021-10-21 14:12:19 - [MESSAGE][PASSED] - Text of object 'Object Repository/Popup/Popup' is: 'Oluşturulacak fatura numarası : EAR2021000000413 Fatura numarası oluşturulduktan sonra fatura silinemez. Fatura numarası, tarihi ve ön eki değiştirilemez. Devam etmek istiyor musunuz?'

2021-10-21 14:12:19 - [TEST_STEP][PASSED] - RaporNo = getText(findTestObject("Popup/Popup")).substring(0, 6): Text of object 'Object Repository/Popup/Popup' is: 'Oluşturulacak fatura numarası : EAR2021000000413 Fatura numarası oluşturulduktan sonra fatura silinemez. Fatura numarası, tarihi ve ön eki değiştirilemez. Devam etmek istiyor musunuz?'

2021-10-21 14:12:19 - [MESSAGE][INFO] - Finding Test Object 'Object Repository/Popup/Popup'

2021-10-21 14:12:19 - [MESSAGE][INFO] - Checking object

2021-10-21 14:12:19 - [MESSAGE][INFO] - Finding web element from Test Object's properties

2021-10-21 14:12:19 - [MESSAGE][INFO] - Checking timeout

2021-10-21 14:12:19 - [MESSAGE][INFO] - Finding web element with id: 'Object Repository/Popup/Popup' located by 'By.cssSelector: .bootbox-body' in '30' second(s)

2021-10-21 14:12:19 - [MESSAGE][INFO] - Smart Wait Function is triggered

2021-10-21 14:12:20 - [MESSAGE][INFO] - Found 1 web elements with id: 'Object Repository/Popup/Popup' located by 'By.cssSelector: .bootbox-body' in '30' second(s)

2021-10-21 14:12:20 - [MESSAGE][INFO] - Getting text of object 'Object Repository/Popup/Popup'

2021-10-21 14:12:20 - [MESSAGE][PASSED] - Text of object 'Object Repository/Popup/Popup' is: 'Oluşturulacak fatura numarası : EAR2021000000413 Fatura numarası oluşturulduktan sonra fatura silinemez. Fatura numarası, tarihi ve ön eki değiştirilemez. Devam etmek istiyor musunuz?'

2021-10-21 14:12:20 - [TEST_STEP][PASSED] - Console.println(RaporNo): null

2021-10-21 14:12:20 - [MESSAGE][PASSED] - Call Test Case 'Test Cases/Popup/PopupMesajiIceriyorMu' successfully

2021-10-21 14:12:20 - [MESSAGE][INFO] - Checking called Test Case

2021-10-21 14:12:20 - [MESSAGE][INFO] - Starting to call Test Case 'Test Cases/Popup/PopupButonSecilir'

2021-10-21 14:12:20 - [TEST_CASE][PASSED] - Test Cases/Popup/PopupButonSecilir: Test Cases/Popup/PopupButonSecilir

2021-10-21 14:12:20 - [TEST_STEP][PASSED] - Method.TextDegerineEsitElementeTikla(findTestObject("Popup/Popup_Butons"), Buton): Method.TextDegerineEsitElementeTikla is PASSED

2021-10-21 14:12:20 - [MESSAGE][INFO] - Finding Test Object 'Object Repository/Popup/Popup_Butons'

2021-10-21 14:12:20 - [MESSAGE][INFO] - Checking timeout

2021-10-21 14:12:20 - [MESSAGE][INFO] - Finding web element with id: 'Object Repository/Popup/Popup_Butons' located by 'By.cssSelector: .modal-footer>button' in '10' second(s)

2021-10-21 14:12:20 - [MESSAGE][INFO] - Smart Wait Function is triggered

2021-10-21 14:12:20 - [MESSAGE][INFO] - Found 2 web elements with id: 'Object Repository/Popup/Popup_Butons' located by 'By.cssSelector: .modal-footer>button' in '10' second(s)

2021-10-21 14:12:21 - [MESSAGE][PASSED] - Method.TextDegerineEsitElementeTikla is PASSED

2021-10-21 14:12:21 - [MESSAGE][PASSED] - Call Test Case 'Test Cases/Popup/PopupButonSecilir' successfully

2021-10-21 14:12:21 - [MESSAGE][INFO] - Checking called Test Case

2021-10-21 14:12:21 - [MESSAGE][INFO] - Starting to call Test Case 'Test Cases/Popup/PopupMesajiIceriyorMu'

2021-10-21 14:12:21 - [TEST_CASE][PASSED] - Test Cases/Popup/PopupMesajiIceriyorMu: Test Cases/Popup/PopupMesajiIceriyorMu

2021-10-21 14:12:21 - [TEST_STEP][PASSED] - waitForElementVisible(findTestObject("Popup/Popup"), 10): Object 'Object Repository/Popup/Popup' is visible

2021-10-21 14:12:21 - [MESSAGE][INFO] - Finding Test Object 'Object Repository/Popup/Popup'

2021-10-21 14:12:21 - [MESSAGE][INFO] - Checking object

2021-10-21 14:12:21 - [MESSAGE][INFO] - Checking timeout

2021-10-21 14:12:21 - [MESSAGE][INFO] - Finding web element from Test Object's properties

2021-10-21 14:12:21 - [MESSAGE][INFO] - Checking timeout

2021-10-21 14:12:21 - [MESSAGE][INFO] - Finding web element with id: 'Object Repository/Popup/Popup' located by 'By.cssSelector: .bootbox-body' in '10' second(s)

2021-10-21 14:12:21 - [MESSAGE][INFO] - Smart Wait Function is triggered

2021-10-21 14:12:21 - [MESSAGE][INFO] - Found 1 web elements with id: 'Object Repository/Popup/Popup' located by 'By.cssSelector: .bootbox-body' in '10' second(s)

2021-10-21 14:12:21 - [MESSAGE][PASSED] - Object 'Object Repository/Popup/Popup' is visible

2021-10-21 14:12:21 - [TEST_STEP][PASSED] - if (!(getText(findTestObject("Popup/Popup")).contains(Mesaj))): Text of object 'Object Repository/Popup/Popup' is: 'Fatura numaranız EAR2021000000413 olarak oluşmuştur.'

2021-10-21 14:12:21 - [MESSAGE][INFO] - Finding Test Object 'Object Repository/Popup/Popup'

2021-10-21 14:12:22 - [MESSAGE][INFO] - Checking object

2021-10-21 14:12:22 - [MESSAGE][INFO] - Finding web element from Test Object's properties

2021-10-21 14:12:22 - [MESSAGE][INFO] - Checking timeout

2021-10-21 14:12:22 - [MESSAGE][INFO] - Finding web element with id: 'Object Repository/Popup/Popup' located by 'By.cssSelector: .bootbox-body' in '30' second(s)

2021-10-21 14:12:22 - [MESSAGE][INFO] - Smart Wait Function is triggered

2021-10-21 14:12:22 - [MESSAGE][INFO] - Found 1 web elements with id: 'Object Repository/Popup/Popup' located by 'By.cssSelector: .bootbox-body' in '30' second(s)

2021-10-21 14:12:22 - [MESSAGE][INFO] - Getting text of object 'Object Repository/Popup/Popup'

2021-10-21 14:12:22 - [MESSAGE][PASSED] - Text of object 'Object Repository/Popup/Popup' is: 'Fatura numaranız EAR2021000000413 olarak oluşmuştur.'

2021-10-21 14:12:22 - [TEST_STEP][PASSED] - RaporNo = getText(findTestObject("Popup/Popup")).substring(0, 6): Text of object 'Object Repository/Popup/Popup' is: 'Fatura numaranız EAR2021000000413 olarak oluşmuştur.'

2021-10-21 14:12:22 - [MESSAGE][INFO] - Finding Test Object 'Object Repository/Popup/Popup'

2021-10-21 14:12:22 - [MESSAGE][INFO] - Checking object

2021-10-21 14:12:22 - [MESSAGE][INFO] - Finding web element from Test Object's properties

2021-10-21 14:12:22 - [MESSAGE][INFO] - Checking timeout

2021-10-21 14:12:22 - [MESSAGE][INFO] - Finding web element with id: 'Object Repository/Popup/Popup' located by 'By.cssSelector: .bootbox-body' in '30' second(s)

2021-10-21 14:12:22 - [MESSAGE][INFO] - Smart Wait Function is triggered

2021-10-21 14:12:22 - [MESSAGE][INFO] - Found 1 web elements with id: 'Object Repository/Popup/Popup' located by 'By.cssSelector: .bootbox-body' in '30' second(s)

2021-10-21 14:12:22 - [MESSAGE][INFO] - Getting text of object 'Object Repository/Popup/Popup'

2021-10-21 14:12:22 - [MESSAGE][PASSED] - Text of object 'Object Repository/Popup/Popup' is: 'Fatura numaranız EAR2021000000413 olarak oluşmuştur.'

2021-10-21 14:12:22 - [TEST_STEP][PASSED] - Console.println(RaporNo): null

2021-10-21 14:12:22 - [MESSAGE][PASSED] - Call Test Case 'Test Cases/Popup/PopupMesajiIceriyorMu' successfully

2021-10-21 14:12:22 - [MESSAGE][INFO] - Checking called Test Case

2021-10-21 14:12:22 - [MESSAGE][INFO] - Starting to call Test Case 'Test Cases/Popup/PopupButonSecilir'

2021-10-21 14:12:22 - [TEST_CASE][PASSED] - Test Cases/Popup/PopupButonSecilir: Test Cases/Popup/PopupButonSecilir

2021-10-21 14:12:22 - [TEST_STEP][PASSED] - Method.TextDegerineEsitElementeTikla(findTestObject("Popup/Popup_Butons"), Buton): Method.TextDegerineEsitElementeTikla is PASSED

2021-10-21 14:12:22 - [MESSAGE][INFO] - Finding Test Object 'Object Repository/Popup/Popup_Butons'

2021-10-21 14:12:22 - [MESSAGE][INFO] - Checking timeout

2021-10-21 14:12:22 - [MESSAGE][INFO] - Finding web element with id: 'Object Repository/Popup/Popup_Butons' located by 'By.cssSelector: .modal-footer>button' in '10' second(s)

2021-10-21 14:12:22 - [MESSAGE][INFO] - Smart Wait Function is triggered

2021-10-21 14:12:23 - [MESSAGE][INFO] - Found 1 web elements with id: 'Object Repository/Popup/Popup_Butons' located by 'By.cssSelector: .modal-footer>button' in '10' second(s)

2021-10-21 14:12:23 - [MESSAGE][PASSED] - Method.TextDegerineEsitElementeTikla is PASSED

2021-10-21 14:12:23 - [MESSAGE][PASSED] - Call Test Case 'Test Cases/Popup/PopupButonSecilir' successfully

2021-10-21 14:12:23 - [MESSAGE][INFO] - Checking called Test Case

2021-10-21 14:12:23 - [MESSAGE][INFO] - Starting to call Test Case 'Test Cases/Tablo/TablodanEttnliVeriSec'

2021-10-21 14:12:23 - [TEST_CASE][PASSED] - Test Cases/Tablo/TablodanEttnliVeriSec: Test Cases/Tablo/TablodanEttnliVeriSec

2021-10-21 14:12:23 - [TEST_STEP][PASSED] - Method.TextDegerineEsitElementinAltindakineTikla(findTestObject("Tablo/Veriler"), findTestObject("Tablo/VerininCheckBoxi"), ettn): Method.TextDegerineEsitElementinAltindakineTikla is PASSED

2021-10-21 14:12:23 - [MESSAGE][INFO] - Finding Test Object 'Object Repository/Tablo/Veriler'

2021-10-21 14:12:23 - [MESSAGE][INFO] - Finding Test Object 'Object Repository/Tablo/VerininCheckBoxi'

2021-10-21 14:12:23 - [MESSAGE][INFO] - Checking timeout

2021-10-21 14:12:23 - [MESSAGE][INFO] - Finding web element with id: 'Object Repository/Tablo/Veriler' located by 'By.cssSelector: td.dxgv b ,td.dxgv' in '10' second(s)

2021-10-21 14:12:23 - [MESSAGE][INFO] - Smart Wait Function is triggered

2021-10-21 14:12:24 - [MESSAGE][INFO] - Found 84 web elements with id: 'Object Repository/Tablo/Veriler' located by 'By.cssSelector: td.dxgv b ,td.dxgv' in '10' second(s)

2021-10-21 14:12:24 - [MESSAGE][INFO] - Smart Wait Function is triggered

2021-10-21 14:12:24 - [MESSAGE][PASSED] - Method.TextDegerineEsitElementinAltindakineTikla is PASSED

2021-10-21 14:12:24 - [MESSAGE][PASSED] - Call Test Case 'Test Cases/Tablo/TablodanEttnliVeriSec' successfully

2021-10-21 14:12:24 - [MESSAGE][INFO] - Checking called Test Case

2021-10-21 14:12:24 - [MESSAGE][INFO] - Starting to call Test Case 'Test Cases/Butonlar/ButonaTikla'

2021-10-21 14:12:24 - [TEST_CASE][PASSED] - Test Cases/Butonlar/ButonaTikla: Test Cases/Butonlar/ButonaTikla

2021-10-21 14:12:24 - [TEST_STEP][PASSED] - Method.TextDegerineEsitElementeTiklaEquals(findTestObject("Butonlar/Butonlar"), Buton_Adi): Method.TextDegerineEsitElementeTiklaEquals is PASSED

2021-10-21 14:12:24 - [MESSAGE][INFO] - Finding Test Object 'Object Repository/Butonlar/Butonlar'

2021-10-21 14:12:24 - [MESSAGE][INFO] - Checking timeout

2021-10-21 14:12:24 - [MESSAGE][INFO] - Finding web element with id: 'Object Repository/Butonlar/Butonlar' located by 'By.cssSelector: .panel.panel-default.text-center.footerPanel .btn,.btn.btn-primary.btnControls' in '10' second(s)

2021-10-21 14:12:24 - [MESSAGE][INFO] - Smart Wait Function is triggered

2021-10-21 14:12:25 - [MESSAGE][INFO] - Found 10 web elements with id: 'Object Repository/Butonlar/Butonlar' located by 'By.cssSelector: .panel.panel-default.text-center.footerPanel .btn,.btn.btn-primary.btnControls' in '10' second(s)

2021-10-21 14:12:25 - [MESSAGE][PASSED] - Method.TextDegerineEsitElementeTiklaEquals is PASSED

2021-10-21 14:12:25 - [MESSAGE][PASSED] - Call Test Case 'Test Cases/Butonlar/ButonaTikla' successfully

2021-10-21 14:12:25 - [MESSAGE][INFO] - Checking called Test Case

2021-10-21 14:12:25 - [MESSAGE][INFO] - Starting to call Test Case 'Test Cases/Popup/PopupMesajiIceriyorMu'

2021-10-21 14:12:25 - [TEST_CASE][PASSED] - Test Cases/Popup/PopupMesajiIceriyorMu: Test Cases/Popup/PopupMesajiIceriyorMu

2021-10-21 14:12:25 - [TEST_STEP][PASSED] - waitForElementVisible(findTestObject("Popup/Popup"), 10): Object 'Object Repository/Popup/Popup' is visible

2021-10-21 14:12:25 - [MESSAGE][INFO] - Finding Test Object 'Object Repository/Popup/Popup'

2021-10-21 14:12:26 - [MESSAGE][INFO] - Checking object

2021-10-21 14:12:26 - [MESSAGE][INFO] - Checking timeout

2021-10-21 14:12:26 - [MESSAGE][INFO] - Finding web element from Test Object's properties

2021-10-21 14:12:26 - [MESSAGE][INFO] - Checking timeout

2021-10-21 14:12:26 - [MESSAGE][INFO] - Finding web element with id: 'Object Repository/Popup/Popup' located by 'By.cssSelector: .bootbox-body' in '10' second(s)

2021-10-21 14:12:26 - [MESSAGE][INFO] - Smart Wait Function is triggered

2021-10-21 14:12:26 - [MESSAGE][INFO] - Found 1 web elements with id: 'Object Repository/Popup/Popup' located by 'By.cssSelector: .bootbox-body' in '10' second(s)

2021-10-21 14:12:26 - [MESSAGE][PASSED] - Object 'Object Repository/Popup/Popup' is visible

2021-10-21 14:12:26 - [TEST_STEP][PASSED] - if (!(getText(findTestObject("Popup/Popup")).contains(Mesaj))): Text of object 'Object Repository/Popup/Popup' is: 'EAR serisi için onaylanmamış belge(leri)niz bulunmaktadır.
Devam etmek istiyor musunuz?'

2021-10-21 14:12:26 - [MESSAGE][INFO] - Finding Test Object 'Object Repository/Popup/Popup'

2021-10-21 14:12:26 - [MESSAGE][INFO] - Checking object

2021-10-21 14:12:26 - [MESSAGE][INFO] - Finding web element from Test Object's properties

2021-10-21 14:12:26 - [MESSAGE][INFO] - Checking timeout

2021-10-21 14:12:26 - [MESSAGE][INFO] - Finding web element with id: 'Object Repository/Popup/Popup' located by 'By.cssSelector: .bootbox-body' in '30' second(s)

2021-10-21 14:12:26 - [MESSAGE][INFO] - Smart Wait Function is triggered

2021-10-21 14:12:26 - [MESSAGE][INFO] - Found 1 web elements with id: 'Object Repository/Popup/Popup' located by 'By.cssSelector: .bootbox-body' in '30' second(s)

2021-10-21 14:12:26 - [MESSAGE][INFO] - Getting text of object 'Object Repository/Popup/Popup'

2021-10-21 14:12:27 - [MESSAGE][PASSED] - Text of object 'Object Repository/Popup/Popup' is: 'EAR serisi için onaylanmamış belge(leri)niz bulunmaktadır.
Devam etmek istiyor musunuz?'

2021-10-21 14:12:27 - [TEST_STEP][PASSED] - RaporNo = getText(findTestObject("Popup/Popup")).substring(0, 6): Text of object 'Object Repository/Popup/Popup' is: 'EAR serisi için onaylanmamış belge(leri)niz bulunmaktadır.
Devam etmek istiyor musunuz?'

2021-10-21 14:12:27 - [MESSAGE][INFO] - Finding Test Object 'Object Repository/Popup/Popup'

2021-10-21 14:12:27 - [MESSAGE][INFO] - Checking object

2021-10-21 14:12:27 - [MESSAGE][INFO] - Finding web element from Test Object's properties

2021-10-21 14:12:27 - [MESSAGE][INFO] - Checking timeout

2021-10-21 14:12:27 - [MESSAGE][INFO] - Finding web element with id: 'Object Repository/Popup/Popup' located by 'By.cssSelector: .bootbox-body' in '30' second(s)

2021-10-21 14:12:27 - [MESSAGE][INFO] - Smart Wait Function is triggered

2021-10-21 14:12:27 - [MESSAGE][INFO] - Found 1 web elements with id: 'Object Repository/Popup/Popup' located by 'By.cssSelector: .bootbox-body' in '30' second(s)

2021-10-21 14:12:27 - [MESSAGE][INFO] - Getting text of object 'Object Repository/Popup/Popup'

2021-10-21 14:12:27 - [MESSAGE][PASSED] - Text of object 'Object Repository/Popup/Popup' is: 'EAR serisi için onaylanmamış belge(leri)niz bulunmaktadır.
Devam etmek istiyor musunuz?'

2021-10-21 14:12:27 - [TEST_STEP][PASSED] - Console.println(RaporNo): null

2021-10-21 14:12:27 - [MESSAGE][PASSED] - Call Test Case 'Test Cases/Popup/PopupMesajiIceriyorMu' successfully

2021-10-21 14:12:27 - [MESSAGE][INFO] - Checking called Test Case

2021-10-21 14:12:27 - [MESSAGE][INFO] - Starting to call Test Case 'Test Cases/Popup/PopupButonSecilir'

2021-10-21 14:12:27 - [TEST_CASE][PASSED] - Test Cases/Popup/PopupButonSecilir: Test Cases/Popup/PopupButonSecilir

2021-10-21 14:12:27 - [TEST_STEP][PASSED] - Method.TextDegerineEsitElementeTikla(findTestObject("Popup/Popup_Butons"), Buton): Method.TextDegerineEsitElementeTikla is PASSED

2021-10-21 14:12:27 - [MESSAGE][INFO] - Finding Test Object 'Object Repository/Popup/Popup_Butons'

2021-10-21 14:12:27 - [MESSAGE][INFO] - Checking timeout

2021-10-21 14:12:27 - [MESSAGE][INFO] - Finding web element with id: 'Object Repository/Popup/Popup_Butons' located by 'By.cssSelector: .modal-footer>button' in '10' second(s)

2021-10-21 14:12:27 - [MESSAGE][INFO] - Smart Wait Function is triggered

2021-10-21 14:12:27 - [MESSAGE][INFO] - Found 2 web elements with id: 'Object Repository/Popup/Popup_Butons' located by 'By.cssSelector: .modal-footer>button' in '10' second(s)

2021-10-21 14:12:28 - [MESSAGE][PASSED] - Method.TextDegerineEsitElementeTikla is PASSED

2021-10-21 14:12:28 - [MESSAGE][PASSED] - Call Test Case 'Test Cases/Popup/PopupButonSecilir' successfully

2021-10-21 14:12:28 - [MESSAGE][INFO] - Checking called Test Case

2021-10-21 14:12:28 - [MESSAGE][INFO] - Starting to call Test Case 'Test Cases/Menu/AnaMenuSecimi'

2021-10-21 14:12:28 - [TEST_CASE][PASSED] - Test Cases/Menu/AnaMenuSecimi: Test Cases/Menu/AnaMenuSecimi

2021-10-21 14:12:28 - [TEST_STEP][PASSED] - Method.TextDegerineEsitElementeTikla(findTestObject("Menu/Ana_Menu"), Ana_Menu): Method.TextDegerineEsitElementeTikla is PASSED

2021-10-21 14:12:28 - [MESSAGE][INFO] - Finding Test Object 'Object Repository/Menu/Ana_Menu'

2021-10-21 14:12:28 - [MESSAGE][INFO] - Checking timeout

2021-10-21 14:12:28 - [MESSAGE][INFO] - Finding web element with id: 'Object Repository/Menu/Ana_Menu' located by 'By.xpath: //*[@class = 'dropdown-toggle']' in '10' second(s)

2021-10-21 14:12:28 - [MESSAGE][INFO] - Smart Wait Function is triggered

2021-10-21 14:12:29 - [MESSAGE][INFO] - Found 13 web elements with id: 'Object Repository/Menu/Ana_Menu' located by 'By.xpath: //*[@class = 'dropdown-toggle']' in '10' second(s)

2021-10-21 14:12:29 - [MESSAGE][PASSED] - Method.TextDegerineEsitElementeTikla is PASSED

2021-10-21 14:12:29 - [MESSAGE][PASSED] - Call Test Case 'Test Cases/Menu/AnaMenuSecimi' successfully

2021-10-21 14:12:29 - [MESSAGE][INFO] - Checking called Test Case

2021-10-21 14:12:29 - [MESSAGE][INFO] - Starting to call Test Case 'Test Cases/Menu/BasligaGoreAltMenuSecimi'

2021-10-21 14:12:29 - [TEST_CASE][PASSED] - Test Cases/Menu/BasligaGoreAltMenuSecimi: Test Cases/Menu/BasligaGoreAltMenuSecimi

2021-10-21 14:12:29 - [TEST_STEP][PASSED] - Method.TextDegerineEsitElementinAltindakiTextDegerineEsitOlanaTikla(findTestObject("Menu/Menu_Basligi"), findTestObject("Menu/Basliga_Gore_Alt_Menu"), Baslik, Alt_Menu): Method.TextDegerineEsitElementinAltindakiTextDegerineEsitOlanaTikla is PASSED

2021-10-21 14:12:29 - [MESSAGE][INFO] - Finding Test Object 'Object Repository/Menu/Menu_Basligi'

2021-10-21 14:12:29 - [MESSAGE][INFO] - Finding Test Object 'Object Repository/Menu/Basliga_Gore_Alt_Menu'

2021-10-21 14:12:29 - [MESSAGE][INFO] - Checking timeout

2021-10-21 14:12:29 - [MESSAGE][INFO] - Finding web element with id: 'Object Repository/Menu/Menu_Basligi' located by 'By.xpath: //li[@class='dropdown dropdown-large open']//li[@class='dropdown-header']' in '10' second(s)

2021-10-21 14:12:29 - [MESSAGE][INFO] - Smart Wait Function is triggered

2021-10-21 14:12:30 - [MESSAGE][INFO] - Found 2 web elements with id: 'Object Repository/Menu/Menu_Basligi' located by 'By.xpath: //li[@class='dropdown dropdown-large open']//li[@class='dropdown-header']' in '10' second(s)

2021-10-21 14:12:30 - [MESSAGE][INFO] - Smart Wait Function is triggered

2021-10-21 14:12:32 - [MESSAGE][PASSED] - Method.TextDegerineEsitElementinAltindakiTextDegerineEsitOlanaTikla is PASSED

2021-10-21 14:12:32 - [MESSAGE][PASSED] - Call Test Case 'Test Cases/Menu/BasligaGoreAltMenuSecimi' successfully

2021-10-21 14:12:32 - [MESSAGE][INFO] - Checking called Test Case

2021-10-21 14:12:32 - [MESSAGE][INFO] - Starting to call Test Case 'Test Cases/Filtreler/EttnYaz'

2021-10-21 14:12:32 - [TEST_CASE][PASSED] - Test Cases/Filtreler/EttnYaz: Test Cases/Filtreler/EttnYaz

2021-10-21 14:12:32 - [TEST_STEP][PASSED] - Method.TextDegerineEsitElementinAltindakiTextboxtaYaz(findTestObject("Filtreler/Basliklar"), findTestObject("Filtreler/Basliga_Gore_Textbox"), "ETTN", ettn): Method.TextDegerineEsitElementinAltindakiTextboxtaYaz is PASSED

2021-10-21 14:12:32 - [MESSAGE][INFO] - Finding Test Object 'Object Repository/Filtreler/Basliklar'

2021-10-21 14:12:32 - [MESSAGE][INFO] - Finding Test Object 'Object Repository/Filtreler/Basliga_Gore_Textbox'

2021-10-21 14:12:32 - [MESSAGE][INFO] - Checking timeout

2021-10-21 14:12:32 - [MESSAGE][INFO] - Finding web element with id: 'Object Repository/Filtreler/Basliklar' located by 'By.cssSelector: .control-label.col-sm-4.paddingMarginRLC' in '10' second(s)

2021-10-21 14:12:32 - [MESSAGE][INFO] - Smart Wait Function is triggered

2021-10-21 14:12:32 - [MESSAGE][INFO] - Found 19 web elements with id: 'Object Repository/Filtreler/Basliklar' located by 'By.cssSelector: .control-label.col-sm-4.paddingMarginRLC' in '10' second(s)

2021-10-21 14:12:32 - [MESSAGE][INFO] - Smart Wait Function is triggered

2021-10-21 14:12:33 - [MESSAGE][PASSED] - Method.TextDegerineEsitElementinAltindakiTextboxtaYaz is PASSED

2021-10-21 14:12:33 - [MESSAGE][PASSED] - Call Test Case 'Test Cases/Filtreler/EttnYaz' successfully

2021-10-21 14:12:33 - [MESSAGE][INFO] - Checking called Test Case

2021-10-21 14:12:33 - [MESSAGE][INFO] - Starting to call Test Case 'Test Cases/Filtreler/ButonaTikla'

2021-10-21 14:12:33 - [TEST_CASE][PASSED] - Test Cases/Filtreler/ButonaTikla: Test Cases/Filtreler/ButonaTikla

2021-10-21 14:12:33 - [TEST_STEP][PASSED] - Method.TextDegerineEsitElementeTikla(findTestObject("Filtreler/Butonlar"), Filtre_Buton): Method.TextDegerineEsitElementeTikla is PASSED

2021-10-21 14:12:33 - [MESSAGE][INFO] - Finding Test Object 'Object Repository/Filtreler/Butonlar'

2021-10-21 14:12:33 - [MESSAGE][INFO] - Checking timeout

2021-10-21 14:12:33 - [MESSAGE][INFO] - Finding web element with id: 'Object Repository/Filtreler/Butonlar' located by 'By.cssSelector: .dxb>span' in '10' second(s)

2021-10-21 14:12:33 - [MESSAGE][INFO] - Smart Wait Function is triggered

2021-10-21 14:12:33 - [MESSAGE][INFO] - Found 3 web elements with id: 'Object Repository/Filtreler/Butonlar' located by 'By.cssSelector: .dxb>span' in '10' second(s)

2021-10-21 14:12:33 - [MESSAGE][PASSED] - Method.TextDegerineEsitElementeTikla is PASSED

2021-10-21 14:12:33 - [MESSAGE][PASSED] - Call Test Case 'Test Cases/Filtreler/ButonaTikla' successfully

2021-10-21 14:12:33 - [MESSAGE][INFO] - Checking called Test Case

2021-10-21 14:12:33 - [MESSAGE][INFO] - Starting to call Test Case 'Test Cases/Tablo/TablodaVeriVarMi'

2021-10-21 14:12:34 - [TEST_CASE][PASSED] - Test Cases/Tablo/TablodaVeriVarMi: Test Cases/Tablo/TablodaVeriVarMi

2021-10-21 14:12:34 - [TEST_STEP][PASSED] - verifyTextNotPresent("Görüntülenecek veri yok", true): Text 'Görüntülenecek veri yok' is not present on page using regular expression

2021-10-21 14:12:34 - [MESSAGE][INFO] - Checking text present  using regular expression

2021-10-21 14:12:34 - [MESSAGE][INFO] - Smart Wait Function is triggered

2021-10-21 14:12:34 - [MESSAGE][INFO] - Finding text 'Görüntülenecek veri yok' on page  using regular expression

2021-10-21 14:12:34 - [MESSAGE][PASSED] - Text 'Görüntülenecek veri yok' is not present on page using regular expression

2021-10-21 14:12:34 - [MESSAGE][PASSED] - Call Test Case 'Test Cases/Tablo/TablodaVeriVarMi' successfully

2021-10-21 14:12:34 - [MESSAGE][INFO] - Checking called Test Case

2021-10-21 14:12:34 - [MESSAGE][INFO] - Starting to call Test Case 'Test Cases/Tablo/TablodaVeriBasariliMiArsiv'

2021-10-21 14:12:34 - [TEST_CASE][PASSED] - Test Cases/Tablo/TablodaVeriBasariliMiArsiv: Test Cases/Tablo/TablodaVeriBasariliMiArsiv

2021-10-21 14:12:34 - [TEST_STEP][PASSED] - sayac = 80: null

2021-10-21 14:12:34 - [TEST_STEP][PASSED] - while (verifyElementText(findTestObject("Object Repository/Tablo/DurumBilgisiArsiv"), "Henüz Sonuçlanmadı", OPTIONAL)): Actual text 'Başarılı' and expected text 'Henüz Sonuçlanmadı' of test object 'Object Repository/Tablo/DurumBilgisiArsiv' are NOT matched. (Root cause: com.kms.katalon.core.exception.StepFailedException: Actual text 'Başarılı' and expected text 'Henüz Sonuçlanmadı' of test object 'Object Repository/Tablo/DurumBilgisiArsiv' are NOT matched.
	at com.kms.katalon.core.webui.keyword.internal.WebUIKeywordMain.stepFailed(WebUIKeywordMain.groovy:64)
	at com.kms.katalon.core.webui.keyword.builtin.VerifyElementTextKeyword$_verifyElementText_closure1.doCall(VerifyElementTextKeyword.groovy:57)
	at com.kms.katalon.core.webui.keyword.builtin.VerifyElementTextKeyword$_verifyElementText_closure1.call(VerifyElementTextKeyword.groovy)
	at com.kms.katalon.core.webui.keyword.internal.WebUIKeywordMain.runKeyword(WebUIKeywordMain.groovy:20)
	at com.kms.katalon.core.webui.keyword.builtin.VerifyElementTextKeyword.verifyElementText(VerifyElementTextKeyword.groovy:72)
	at com.kms.katalon.core.webui.keyword.builtin.VerifyElementTextKeyword.execute(VerifyElementTextKeyword.groovy:40)
	at com.kms.katalon.core.keyword.internal.KeywordExecutor.executeKeywordForPlatform(KeywordExecutor.groovy:73)
	at com.kms.katalon.core.webui.keyword.WebUiBuiltInKeywords.verifyElementText(WebUiBuiltInKeywords.groovy:4733)
	at com.kms.katalon.core.webui.keyword.WebUiBuiltInKeywords$verifyElementText$20.call(Unknown Source)
	at TablodaVeriBasariliMiArsiv.run(TablodaVeriBasariliMiArsiv:22)
	at com.kms.katalon.core.main.ScriptEngine.run(ScriptEngine.java:194)
	at com.kms.katalon.core.main.ScriptEngine.runScriptAsRawText(ScriptEngine.java:119)
	at com.kms.katalon.core.main.TestCaseExecutor.runScript(TestCaseExecutor.java:369)
	at com.kms.katalon.core.main.TestCaseExecutor.doExecute(TestCaseExecutor.java:360)
	at com.kms.katalon.core.main.TestCaseExecutor.processExecutionPhase(TestCaseExecutor.java:339)
	at com.kms.katalon.core.main.TestCaseExecutor.accessMainPhase(TestCaseExecutor.java:331)
	at com.kms.katalon.core.main.TestCaseExecutor.execute(TestCaseExecutor.java:248)
	at com.kms.katalon.core.main.TestCaseMain.runTestCase(TestCaseMain.java:138)
	at com.kms.katalon.core.keyword.builtin.CallTestCaseKeyword$_callTestCase_closure1.doCall(CallTestCaseKeyword.groovy:59)
	at com.kms.katalon.core.keyword.builtin.CallTestCaseKeyword$_callTestCase_closure1.call(CallTestCaseKeyword.groovy)
	at com.kms.katalon.core.keyword.internal.KeywordMain.runKeyword(KeywordMain.groovy:68)
	at com.kms.katalon.core.keyword.builtin.CallTestCaseKeyword.callTestCase(CallTestCaseKeyword.groovy:81)
	at com.kms.katalon.core.keyword.builtin.CallTestCaseKeyword.execute(CallTestCaseKeyword.groovy:44)
	at com.kms.katalon.core.keyword.internal.KeywordExecutor.executeKeywordForPlatform(KeywordExecutor.groovy:73)
	at com.kms.katalon.core.keyword.BuiltinKeywords.callTestCase(BuiltinKeywords.groovy:334)
	at tablo.tablo.tablodaVeriBasariliMiArsiv(tablo.groovy:95)
	at cucumber.runtime.Utils$1.call(Utils.java:26)
	at cucumber.runtime.Timeout.timeout(Timeout.java:16)
	at cucumber.runtime.Utils.invoke(Utils.java:20)
	at cucumber.runtime.java.JavaStepDefinition.execute(JavaStepDefinition.java:49)
	at cucumber.runner.PickleStepDefinitionMatch.runStep(PickleStepDefinitionMatch.java:50)
	at cucumber.runner.TestStep.executeStep(TestStep.java:63)
	at cucumber.runner.TestStep.run(TestStep.java:49)
	at cucumber.runner.PickleStepTestStep.run(PickleStepTestStep.java:43)
	at cucumber.runner.TestCase.run(TestCase.java:44)
	at cucumber.runner.Runner.runPickle(Runner.java:40)
	at cucumber.runtime.Runtime$1.run(Runtime.java:84)
	at cucumber.runtime.Runtime$SameThreadExecutorService.execute(Runtime.java:220)
	at cucumber.runtime.Runtime.run(Runtime.java:81)
	at cucumber.api.cli.Main.run(Main.java:26)
	at cucumber.api.cli.Main$run.call(Unknown Source)
	at com.kms.katalon.core.cucumber.keyword.CucumberBuiltinKeywords$_runFeatureFile_closure1.doCall(CucumberBuiltinKeywords.groovy:106)
	at com.kms.katalon.core.cucumber.keyword.CucumberBuiltinKeywords$_runFeatureFile_closure1.doCall(CucumberBuiltinKeywords.groovy)
	at com.kms.katalon.core.keyword.internal.KeywordMain.runKeyword(KeywordMain.groovy:68)
	at com.kms.katalon.core.keyword.internal.KeywordMain$runKeyword.call(Unknown Source)
	at com.kms.katalon.core.cucumber.keyword.CucumberBuiltinKeywords.runFeatureFile(CucumberBuiltinKeywords.groovy:73)
	at com.kms.katalon.core.cucumber.keyword.CucumberBuiltinKeywords$runFeatureFile$0.callStatic(Unknown Source)
	at com.kms.katalon.core.cucumber.keyword.CucumberBuiltinKeywords.runFeatureFile(CucumberBuiltinKeywords.groovy:246)
	at com.kms.katalon.core.cucumber.keyword.CucumberBuiltinKeywords$runFeatureFile.call(Unknown Source)
	at VKN-Elektronik-Iade.run(VKN-Elektronik-Iade:19)
	at com.kms.katalon.core.main.ScriptEngine.run(ScriptEngine.java:194)
	at com.kms.katalon.core.main.ScriptEngine.runScriptAsRawText(ScriptEngine.java:119)
	at com.kms.katalon.core.main.TestCaseExecutor.runScript(TestCaseExecutor.java:369)
	at com.kms.katalon.core.main.TestCaseExecutor.doExecute(TestCaseExecutor.java:360)
	at com.kms.katalon.core.main.TestCaseExecutor.processExecutionPhase(TestCaseExecutor.java:339)
	at com.kms.katalon.core.main.TestCaseExecutor.accessMainPhase(TestCaseExecutor.java:331)
	at com.kms.katalon.core.main.TestCaseExecutor.execute(TestCaseExecutor.java:248)
	at com.kms.katalon.core.main.TestSuiteExecutor.accessTestCaseMainPhase(TestSuiteExecutor.java:191)
	at com.kms.katalon.core.main.TestSuiteExecutor.accessTestSuiteMainPhase(TestSuiteExecutor.java:140)
	at com.kms.katalon.core.main.TestSuiteExecutor.execute(TestSuiteExecutor.java:89)
	at com.kms.katalon.core.main.TestCaseMain.startTestSuite(TestCaseMain.java:181)
	at com.kms.katalon.core.main.TestCaseMain$startTestSuite$0.call(Unknown Source)
	at TempTestSuite1634814289741.run(TempTestSuite1634814289741.groovy:39)
)

2021-10-21 14:12:34 - [MESSAGE][INFO] - Finding Test Object 'Object Repository/Tablo/DurumBilgisiArsiv'

2021-10-21 14:12:35 - [MESSAGE][INFO] - Checking object

2021-10-21 14:12:35 - [MESSAGE][INFO] - Finding web element from Test Object's properties

2021-10-21 14:12:35 - [MESSAGE][INFO] - Checking timeout

2021-10-21 14:12:35 - [MESSAGE][INFO] - Finding web element with id: 'Object Repository/Tablo/DurumBilgisiArsiv' located by 'By.xpath: //*[@id = 'GridViewEArchiveInvoices_tccell0_9']' in '30' second(s)

2021-10-21 14:12:35 - [MESSAGE][INFO] - Smart Wait Function is triggered

2021-10-21 14:12:35 - [MESSAGE][INFO] - Found 1 web elements with id: 'Object Repository/Tablo/DurumBilgisiArsiv' located by 'By.xpath: //*[@id = 'GridViewEArchiveInvoices_tccell0_9']' in '30' second(s)

2021-10-21 14:12:35 - [MESSAGE][WARNING] - Actual text 'Başarılı' and expected text 'Henüz Sonuçlanmadı' of test object 'Object Repository/Tablo/DurumBilgisiArsiv' are NOT matched. (Root cause: com.kms.katalon.core.exception.StepFailedException: Actual text 'Başarılı' and expected text 'Henüz Sonuçlanmadı' of test object 'Object Repository/Tablo/DurumBilgisiArsiv' are NOT matched.
	at com.kms.katalon.core.webui.keyword.internal.WebUIKeywordMain.stepFailed(WebUIKeywordMain.groovy:64)
	at com.kms.katalon.core.webui.keyword.builtin.VerifyElementTextKeyword$_verifyElementText_closure1.doCall(VerifyElementTextKeyword.groovy:57)
	at com.kms.katalon.core.webui.keyword.builtin.VerifyElementTextKeyword$_verifyElementText_closure1.call(VerifyElementTextKeyword.groovy)
	at com.kms.katalon.core.webui.keyword.internal.WebUIKeywordMain.runKeyword(WebUIKeywordMain.groovy:20)
	at com.kms.katalon.core.webui.keyword.builtin.VerifyElementTextKeyword.verifyElementText(VerifyElementTextKeyword.groovy:72)
	at com.kms.katalon.core.webui.keyword.builtin.VerifyElementTextKeyword.execute(VerifyElementTextKeyword.groovy:40)
	at com.kms.katalon.core.keyword.internal.KeywordExecutor.executeKeywordForPlatform(KeywordExecutor.groovy:73)
	at com.kms.katalon.core.webui.keyword.WebUiBuiltInKeywords.verifyElementText(WebUiBuiltInKeywords.groovy:4733)
	at com.kms.katalon.core.webui.keyword.WebUiBuiltInKeywords$verifyElementText$20.call(Unknown Source)
	at TablodaVeriBasariliMiArsiv.run(TablodaVeriBasariliMiArsiv:22)
	at com.kms.katalon.core.main.ScriptEngine.run(ScriptEngine.java:194)
	at com.kms.katalon.core.main.ScriptEngine.runScriptAsRawText(ScriptEngine.java:119)
	at com.kms.katalon.core.main.TestCaseExecutor.runScript(TestCaseExecutor.java:369)
	at com.kms.katalon.core.main.TestCaseExecutor.doExecute(TestCaseExecutor.java:360)
	at com.kms.katalon.core.main.TestCaseExecutor.processExecutionPhase(TestCaseExecutor.java:339)
	at com.kms.katalon.core.main.TestCaseExecutor.accessMainPhase(TestCaseExecutor.java:331)
	at com.kms.katalon.core.main.TestCaseExecutor.execute(TestCaseExecutor.java:248)
	at com.kms.katalon.core.main.TestCaseMain.runTestCase(TestCaseMain.java:138)
	at com.kms.katalon.core.keyword.builtin.CallTestCaseKeyword$_callTestCase_closure1.doCall(CallTestCaseKeyword.groovy:59)
	at com.kms.katalon.core.keyword.builtin.CallTestCaseKeyword$_callTestCase_closure1.call(CallTestCaseKeyword.groovy)
	at com.kms.katalon.core.keyword.internal.KeywordMain.runKeyword(KeywordMain.groovy:68)
	at com.kms.katalon.core.keyword.builtin.CallTestCaseKeyword.callTestCase(CallTestCaseKeyword.groovy:81)
	at com.kms.katalon.core.keyword.builtin.CallTestCaseKeyword.execute(CallTestCaseKeyword.groovy:44)
	at com.kms.katalon.core.keyword.internal.KeywordExecutor.executeKeywordForPlatform(KeywordExecutor.groovy:73)
	at com.kms.katalon.core.keyword.BuiltinKeywords.callTestCase(BuiltinKeywords.groovy:334)
	at tablo.tablo.tablodaVeriBasariliMiArsiv(tablo.groovy:95)
	at cucumber.runtime.Utils$1.call(Utils.java:26)
	at cucumber.runtime.Timeout.timeout(Timeout.java:16)
	at cucumber.runtime.Utils.invoke(Utils.java:20)
	at cucumber.runtime.java.JavaStepDefinition.execute(JavaStepDefinition.java:49)
	at cucumber.runner.PickleStepDefinitionMatch.runStep(PickleStepDefinitionMatch.java:50)
	at cucumber.runner.TestStep.executeStep(TestStep.java:63)
	at cucumber.runner.TestStep.run(TestStep.java:49)
	at cucumber.runner.PickleStepTestStep.run(PickleStepTestStep.java:43)
	at cucumber.runner.TestCase.run(TestCase.java:44)
	at cucumber.runner.Runner.runPickle(Runner.java:40)
	at cucumber.runtime.Runtime$1.run(Runtime.java:84)
	at cucumber.runtime.Runtime$SameThreadExecutorService.execute(Runtime.java:220)
	at cucumber.runtime.Runtime.run(Runtime.java:81)
	at cucumber.api.cli.Main.run(Main.java:26)
	at cucumber.api.cli.Main$run.call(Unknown Source)
	at com.kms.katalon.core.cucumber.keyword.CucumberBuiltinKeywords$_runFeatureFile_closure1.doCall(CucumberBuiltinKeywords.groovy:106)
	at com.kms.katalon.core.cucumber.keyword.CucumberBuiltinKeywords$_runFeatureFile_closure1.doCall(CucumberBuiltinKeywords.groovy)
	at com.kms.katalon.core.keyword.internal.KeywordMain.runKeyword(KeywordMain.groovy:68)
	at com.kms.katalon.core.keyword.internal.KeywordMain$runKeyword.call(Unknown Source)
	at com.kms.katalon.core.cucumber.keyword.CucumberBuiltinKeywords.runFeatureFile(CucumberBuiltinKeywords.groovy:73)
	at com.kms.katalon.core.cucumber.keyword.CucumberBuiltinKeywords$runFeatureFile$0.callStatic(Unknown Source)
	at com.kms.katalon.core.cucumber.keyword.CucumberBuiltinKeywords.runFeatureFile(CucumberBuiltinKeywords.groovy:246)
	at com.kms.katalon.core.cucumber.keyword.CucumberBuiltinKeywords$runFeatureFile.call(Unknown Source)
	at VKN-Elektronik-Iade.run(VKN-Elektronik-Iade:19)
	at com.kms.katalon.core.main.ScriptEngine.run(ScriptEngine.java:194)
	at com.kms.katalon.core.main.ScriptEngine.runScriptAsRawText(ScriptEngine.java:119)
	at com.kms.katalon.core.main.TestCaseExecutor.runScript(TestCaseExecutor.java:369)
	at com.kms.katalon.core.main.TestCaseExecutor.doExecute(TestCaseExecutor.java:360)
	at com.kms.katalon.core.main.TestCaseExecutor.processExecutionPhase(TestCaseExecutor.java:339)
	at com.kms.katalon.core.main.TestCaseExecutor.accessMainPhase(TestCaseExecutor.java:331)
	at com.kms.katalon.core.main.TestCaseExecutor.execute(TestCaseExecutor.java:248)
	at com.kms.katalon.core.main.TestSuiteExecutor.accessTestCaseMainPhase(TestSuiteExecutor.java:191)
	at com.kms.katalon.core.main.TestSuiteExecutor.accessTestSuiteMainPhase(TestSuiteExecutor.java:140)
	at com.kms.katalon.core.main.TestSuiteExecutor.execute(TestSuiteExecutor.java:89)
	at com.kms.katalon.core.main.TestCaseMain.startTestSuite(TestCaseMain.java:181)
	at com.kms.katalon.core.main.TestCaseMain$startTestSuite$0.call(Unknown Source)
	at TempTestSuite1634814289741.run(TempTestSuite1634814289741.groovy:39)
)

2021-10-21 14:12:35 - [TEST_STEP][PASSED] - Method.TextDegerineEsitElementVarMi(findTestObject("Object Repository/Tablo/DurumBilgisiArsiv"), "Başarılı"): Method.TextDegerineEsitElementVarMi is PASSED

2021-10-21 14:12:35 - [MESSAGE][INFO] - Finding Test Object 'Object Repository/Tablo/DurumBilgisiArsiv'

2021-10-21 14:12:35 - [MESSAGE][INFO] - Checking timeout

2021-10-21 14:12:35 - [MESSAGE][INFO] - Finding web element with id: 'Object Repository/Tablo/DurumBilgisiArsiv' located by 'By.xpath: //*[@id = 'GridViewEArchiveInvoices_tccell0_9']' in '10' second(s)

2021-10-21 14:12:35 - [MESSAGE][INFO] - Smart Wait Function is triggered

2021-10-21 14:12:35 - [MESSAGE][INFO] - Found 1 web elements with id: 'Object Repository/Tablo/DurumBilgisiArsiv' located by 'By.xpath: //*[@id = 'GridViewEArchiveInvoices_tccell0_9']' in '10' second(s)

2021-10-21 14:12:35 - [MESSAGE][PASSED] - Method.TextDegerineEsitElementVarMi is PASSED

2021-10-21 14:12:35 - [MESSAGE][PASSED] - Call Test Case 'Test Cases/Tablo/TablodaVeriBasariliMiArsiv' successfully

2021-10-21 14:12:35 - [MESSAGE][INFO] - Checking called Test Case

2021-10-21 14:12:35 - [MESSAGE][INFO] - Starting to call Test Case 'Test Cases/Kullanici_Islemleri/KullaniciIslemlerindenSecimYapilir'

2021-10-21 14:12:35 - [TEST_CASE][PASSED] - Test Cases/Kullanici_Islemleri/KullaniciIslemlerindenSecimYapilir: Test Cases/Kullanici_Islemleri/KullaniciIslemlerindenSecimYapilir

2021-10-21 14:12:35 - [TEST_STEP][PASSED] - waitForElementClickable(findTestObject("Object Repository/Kullanici_Islemleri/KullaniciIslemleri"), 10): Object 'Object Repository/Kullanici_Islemleri/KullaniciIslemleri' is clickable

2021-10-21 14:12:35 - [MESSAGE][INFO] - Finding Test Object 'Object Repository/Kullanici_Islemleri/KullaniciIslemleri'

2021-10-21 14:12:35 - [MESSAGE][INFO] - Checking object

2021-10-21 14:12:35 - [MESSAGE][INFO] - Checking timeout

2021-10-21 14:12:35 - [MESSAGE][INFO] - Finding web element from Test Object's properties

2021-10-21 14:12:35 - [MESSAGE][INFO] - Checking timeout

2021-10-21 14:12:35 - [MESSAGE][INFO] - Finding web element with id: 'Object Repository/Kullanici_Islemleri/KullaniciIslemleri' located by 'By.cssSelector: .dropdown>a>img' in '10' second(s)

2021-10-21 14:12:35 - [MESSAGE][INFO] - Smart Wait Function is triggered

2021-10-21 14:12:36 - [MESSAGE][INFO] - Found 1 web elements with id: 'Object Repository/Kullanici_Islemleri/KullaniciIslemleri' located by 'By.cssSelector: .dropdown>a>img' in '10' second(s)

2021-10-21 14:12:36 - [MESSAGE][PASSED] - Object 'Object Repository/Kullanici_Islemleri/KullaniciIslemleri' is clickable

2021-10-21 14:12:36 - [TEST_STEP][PASSED] - click(findTestObject("Object Repository/Kullanici_Islemleri/KullaniciIslemleri")): Object: 'Object Repository/Kullanici_Islemleri/KullaniciIslemleri' is clicked on

2021-10-21 14:12:36 - [MESSAGE][INFO] - Finding Test Object 'Object Repository/Kullanici_Islemleri/KullaniciIslemleri'

2021-10-21 14:12:36 - [MESSAGE][INFO] - Checking object

2021-10-21 14:12:36 - [MESSAGE][INFO] - Finding web element from Test Object's properties

2021-10-21 14:12:36 - [MESSAGE][INFO] - Checking timeout

2021-10-21 14:12:36 - [MESSAGE][INFO] - Finding web element with id: 'Object Repository/Kullanici_Islemleri/KullaniciIslemleri' located by 'By.cssSelector: .dropdown>a>img' in '30' second(s)

2021-10-21 14:12:36 - [MESSAGE][INFO] - Smart Wait Function is triggered

2021-10-21 14:12:36 - [MESSAGE][INFO] - Found 1 web elements with id: 'Object Repository/Kullanici_Islemleri/KullaniciIslemleri' located by 'By.cssSelector: .dropdown>a>img' in '30' second(s)

2021-10-21 14:12:36 - [MESSAGE][INFO] - Clicking on object: 'Object Repository/Kullanici_Islemleri/KullaniciIslemleri'

2021-10-21 14:12:36 - [MESSAGE][PASSED] - Object: 'Object Repository/Kullanici_Islemleri/KullaniciIslemleri' is clicked on

2021-10-21 14:12:36 - [TEST_STEP][PASSED] - Method.TextDegerineEsitElementeTikla(findTestObject("Object Repository/Kullanici_Islemleri/Secenekler"), Islem): Method.TextDegerineEsitElementeTikla is PASSED

2021-10-21 14:12:36 - [MESSAGE][INFO] - Finding Test Object 'Object Repository/Kullanici_Islemleri/Secenekler'

2021-10-21 14:12:36 - [MESSAGE][INFO] - Checking timeout

2021-10-21 14:12:36 - [MESSAGE][INFO] - Finding web element with id: 'Object Repository/Kullanici_Islemleri/Secenekler' located by 'By.cssSelector: .nav.navbar-nav.navbar-right li a' in '10' second(s)

2021-10-21 14:12:36 - [MESSAGE][INFO] - Smart Wait Function is triggered

2021-10-21 14:12:36 - [MESSAGE][INFO] - Found 20 web elements with id: 'Object Repository/Kullanici_Islemleri/Secenekler' located by 'By.cssSelector: .nav.navbar-nav.navbar-right li a' in '10' second(s)

2021-10-21 14:12:38 - [MESSAGE][PASSED] - Method.TextDegerineEsitElementeTikla is PASSED

2021-10-21 14:12:38 - [TEST_STEP][PASSED] - verifyElementNotPresent(findTestObject("Object Repository/Kullanici_Islemleri/Secenekler"), 10): Web element with id: 'Object Repository/Kullanici_Islemleri/Secenekler' located by 'By.cssSelector: .nav.navbar-nav.navbar-right li a' is not present after '10' second(s)

2021-10-21 14:12:38 - [MESSAGE][INFO] - Finding Test Object 'Object Repository/Kullanici_Islemleri/Secenekler'

2021-10-21 14:12:38 - [MESSAGE][INFO] - Checking object

2021-10-21 14:12:38 - [MESSAGE][INFO] - Checking timeout

2021-10-21 14:12:38 - [MESSAGE][INFO] - Finding web element with id: 'Object Repository/Kullanici_Islemleri/Secenekler' located by 'By.cssSelector: .nav.navbar-nav.navbar-right li a' in '10' second(s)

2021-10-21 14:12:38 - [MESSAGE][INFO] - Smart Wait Function is triggered

2021-10-21 14:12:39 - [MESSAGE][PASSED] - Web element with id: 'Object Repository/Kullanici_Islemleri/Secenekler' located by 'By.cssSelector: .nav.navbar-nav.navbar-right li a' is not present after '10' second(s)

2021-10-21 14:12:39 - [MESSAGE][PASSED] - Call Test Case 'Test Cases/Kullanici_Islemleri/KullaniciIslemlerindenSecimYapilir' successfully

2021-10-21 14:12:39 - [TEST_CASE][PASSED] - Start Test Case : SCENARIO Gonderim tipi Kagit ve Iade tipinde e-Arsiv faturasi olusturulmasi: SCENARIO Gonderim tipi Kagit ve Iade tipinde e-Arsiv faturasi olusturulmasi

2021-10-21 14:12:39 - [TEST_STEP][PASSED] - Kullanıcı adı EARIADE ve Şifre test1234 olarak giriş yapılır: Kullanıcı adı EARIADE ve Şifre test1234 olarak giriş yapılır

2021-10-21 14:12:39 - [MESSAGE][PASSED] - Kullanıcı adı EARIADE ve Şifre test1234 olarak giriş yapılır

2021-10-21 14:12:39 - [TEST_STEP][PASSED] - Ana menüden e-Arşiv seçilir: Ana menüden e-Arşiv seçilir

2021-10-21 14:12:39 - [MESSAGE][PASSED] - Ana menüden e-Arşiv seçilir

2021-10-21 14:12:39 - [TEST_STEP][PASSED] - Alt menü e-Arşiv Araçları başlığı altındaki e-Arşiv Fatura Oluşturma seçilir: Alt menü e-Arşiv Araçları başlığı altındaki e-Arşiv Fatura Oluşturma seçilir

2021-10-21 14:12:39 - [MESSAGE][PASSED] - Alt menü e-Arşiv Araçları başlığı altındaki e-Arşiv Fatura Oluşturma seçilir

2021-10-21 14:12:39 - [TEST_STEP][PASSED] - Tablodaki tüm veriler silinir: Tablodaki tüm veriler silinir

2021-10-21 14:12:39 - [MESSAGE][PASSED] - Tablodaki tüm veriler silinir

2021-10-21 14:12:39 - [TEST_STEP][PASSED] - Butonlardan Ekle isimli butona tıklanır: Butonlardan Ekle isimli butona tıklanır

2021-10-21 14:12:39 - [MESSAGE][PASSED] - Butonlardan Ekle isimli butona tıklanır

2021-10-21 14:12:39 - [TEST_STEP][PASSED] - Görsel tasarım sayfasının e-Arşiv Fatura Bilgileri başlığını içerdiği kontrol edilir: Görsel tasarım sayfasının e-Arşiv Fatura Bilgileri başlığını içerdiği kontrol edilir

2021-10-21 14:12:39 - [MESSAGE][PASSED] - Görsel tasarım sayfasının e-Arşiv Fatura Bilgileri başlığını içerdiği kontrol edilir

2021-10-21 14:12:39 - [TEST_STEP][PASSED] - Alıcı adı alanına UC0003 girilir: Alıcı adı alanına UC0003 girilir

2021-10-21 14:12:39 - [MESSAGE][PASSED] - Alıcı adı alanına UC0003 girilir

2021-10-21 14:12:39 - [TEST_STEP][PASSED] - Gönderim Şekli Elektronik olarak seçilir: Gönderim Şekli Elektronik olarak seçilir

2021-10-21 14:12:39 - [MESSAGE][PASSED] - Gönderim Şekli Elektronik olarak seçilir

2021-10-21 14:12:39 - [TEST_STEP][PASSED] - Tip alanından İade seçilir: Tip alanından İade seçilir

2021-10-21 14:12:39 - [MESSAGE][PASSED] - Tip alanından İade seçilir

2021-10-21 14:12:39 - [TEST_STEP][PASSED] - Döküman Para Birimi alanından Türk Lirası seçilir: Döküman Para Birimi alanından Türk Lirası seçilir

2021-10-21 14:12:39 - [MESSAGE][PASSED] - Döküman Para Birimi alanından Türk Lirası seçilir

2021-10-21 14:12:39 - [TEST_STEP][PASSED] - Ön Ek EAR olarak seçilir: Ön Ek EAR olarak seçilir

2021-10-21 14:12:39 - [MESSAGE][PASSED] - Ön Ek EAR olarak seçilir

2021-10-21 14:12:39 - [TEST_STEP][PASSED] - Tasarım alanından Otomasyon seçilir: Tasarım alanından Otomasyon seçilir

2021-10-21 14:12:39 - [MESSAGE][PASSED] - Tasarım alanından Otomasyon seçilir

2021-10-21 14:12:39 - [TEST_STEP][PASSED] - Sipariş bilgileri UUC-SAT-1200001 ve 31.04.2020 olarak girilir: Sipariş bilgileri UUC-SAT-1200001 ve 31.04.2020 olarak girilir

2021-10-21 14:12:39 - [MESSAGE][PASSED] - Sipariş bilgileri UUC-SAT-1200001 ve 31.04.2020 olarak girilir

2021-10-21 14:12:39 - [TEST_STEP][PASSED] - İrsaliye Bilgileri AAAAAAAAAA,31.04.2020 olarak girilir: İrsaliye Bilgileri AAAAAAAAAA,31.04.2020 olarak girilir

2021-10-21 14:12:39 - [MESSAGE][PASSED] - İrsaliye Bilgileri AAAAAAAAAA,31.04.2020 olarak girilir

2021-10-21 14:12:39 - [TEST_STEP][PASSED] - Ekle butonuna basılır: Ekle butonuna basılır

2021-10-21 14:12:39 - [MESSAGE][PASSED] - Ekle butonuna basılır

2021-10-21 14:12:39 - [TEST_STEP][PASSED] - Ürün ekleme alanında Mal/Hizmet başlığına Otomasyon girilir: Ürün ekleme alanında Mal/Hizmet başlığına Otomasyon girilir

2021-10-21 14:12:39 - [MESSAGE][PASSED] - Ürün ekleme alanında Mal/Hizmet başlığına Otomasyon girilir

2021-10-21 14:12:39 - [TEST_STEP][PASSED] - Ürün ekleme alanında Açıklaması başlığına Virgosol girilir: Ürün ekleme alanında Açıklaması başlığına Virgosol girilir

2021-10-21 14:12:39 - [MESSAGE][PASSED] - Ürün ekleme alanında Açıklaması başlığına Virgosol girilir

2021-10-21 14:12:39 - [TEST_STEP][PASSED] - Ürün ekleme alanında Miktarı başlığına 400 girilir: Ürün ekleme alanında Miktarı başlığına 400 girilir

2021-10-21 14:12:39 - [MESSAGE][PASSED] - Ürün ekleme alanında Miktarı başlığına 400 girilir

2021-10-21 14:12:39 - [TEST_STEP][PASSED] - Ürün ekleme alanında Birim Fiyat başlığına 100 girilir: Ürün ekleme alanında Birim Fiyat başlığına 100 girilir

2021-10-21 14:12:39 - [MESSAGE][PASSED] - Ürün ekleme alanında Birim Fiyat başlığına 100 girilir

2021-10-21 14:12:39 - [TEST_STEP][PASSED] - Ürün ekleme alanında İskonto Oranı % başlığına 10 girilir: Ürün ekleme alanında İskonto Oranı % başlığına 10 girilir

2021-10-21 14:12:39 - [MESSAGE][PASSED] - Ürün ekleme alanında İskonto Oranı % başlığına 10 girilir

2021-10-21 14:12:39 - [TEST_STEP][PASSED] - Notlar alanına Otomasyon Not girilir: Notlar alanına Otomasyon Not girilir

2021-10-21 14:12:39 - [MESSAGE][PASSED] - Notlar alanına Otomasyon Not girilir

2021-10-21 14:12:39 - [TEST_STEP][PASSED] - Ettn bilgisi kayıt edilir: Ettn bilgisi kayıt edilir

2021-10-21 14:12:39 - [MESSAGE][PASSED] - Ettn bilgisi kayıt edilir

2021-10-21 14:12:39 - [TEST_STEP][PASSED] - Kaydet butonu seçilir: Kaydet butonu seçilir

2021-10-21 14:12:39 - [MESSAGE][PASSED] - Kaydet butonu seçilir

2021-10-21 14:12:39 - [TEST_STEP][PASSED] - Tabloda Ettn bilgisi kaydedilen veri oluşturuldu mu: Tabloda Ettn bilgisi kaydedilen veri oluşturuldu mu

2021-10-21 14:12:39 - [MESSAGE][PASSED] - Tabloda Ettn bilgisi kaydedilen veri oluşturuldu mu

2021-10-21 14:12:39 - [TEST_STEP][PASSED] - Tablodan Ettn bilgisi kaydedilen veri seçilir: Tablodan Ettn bilgisi kaydedilen veri seçilir

2021-10-21 14:12:39 - [MESSAGE][PASSED] - Tablodan Ettn bilgisi kaydedilen veri seçilir

2021-10-21 14:12:39 - [TEST_STEP][PASSED] - Butonlardan Numara Oluştur isimli butona tıklanır: Butonlardan Numara Oluştur isimli butona tıklanır

2021-10-21 14:12:39 - [MESSAGE][PASSED] - Butonlardan Numara Oluştur isimli butona tıklanır

2021-10-21 14:12:39 - [TEST_STEP][PASSED] - Popup mesajı Devam etmek istiyor musunuz içeriyor mu: Popup mesajı Devam etmek istiyor musunuz içeriyor mu

2021-10-21 14:12:39 - [MESSAGE][PASSED] - Popup mesajı Devam etmek istiyor musunuz içeriyor mu

2021-10-21 14:12:39 - [TEST_STEP][PASSED] - Yönetim popupında Evet seçilir: Yönetim popupında Evet seçilir

2021-10-21 14:12:39 - [MESSAGE][PASSED] - Yönetim popupında Evet seçilir

2021-10-21 14:12:39 - [TEST_STEP][PASSED] - Popup mesajı oluşmuştur içeriyor mu: Popup mesajı oluşmuştur içeriyor mu

2021-10-21 14:12:39 - [MESSAGE][PASSED] - Popup mesajı oluşmuştur içeriyor mu

2021-10-21 14:12:39 - [TEST_STEP][PASSED] - Yönetim popupında Tamam seçilir: Yönetim popupında Tamam seçilir

2021-10-21 14:12:39 - [MESSAGE][PASSED] - Yönetim popupında Tamam seçilir

2021-10-21 14:12:39 - [TEST_STEP][PASSED] - Tablodan Ettn bilgisi kaydedilen veri seçilir: Tablodan Ettn bilgisi kaydedilen veri seçilir

2021-10-21 14:12:39 - [MESSAGE][PASSED] - Tablodan Ettn bilgisi kaydedilen veri seçilir

2021-10-21 14:12:39 - [TEST_STEP][PASSED] - Butonlardan Gönder isimli butona tıklanır: Butonlardan Gönder isimli butona tıklanır

2021-10-21 14:12:39 - [MESSAGE][PASSED] - Butonlardan Gönder isimli butona tıklanır

2021-10-21 14:12:39 - [TEST_STEP][PASSED] - Popup mesajı Devam etmek istiyor musunuz içeriyor mu: Popup mesajı Devam etmek istiyor musunuz içeriyor mu

2021-10-21 14:12:39 - [MESSAGE][PASSED] - Popup mesajı Devam etmek istiyor musunuz içeriyor mu

2021-10-21 14:12:39 - [TEST_STEP][PASSED] - Yönetim popupında Evet seçilir: Yönetim popupında Evet seçilir

2021-10-21 14:12:39 - [MESSAGE][PASSED] - Yönetim popupında Evet seçilir

2021-10-21 14:12:39 - [TEST_STEP][PASSED] - Ana menüden e-Arşiv seçilir: Ana menüden e-Arşiv seçilir

2021-10-21 14:12:39 - [MESSAGE][PASSED] - Ana menüden e-Arşiv seçilir

2021-10-21 14:12:39 - [TEST_STEP][PASSED] - Alt menü e-Arşiv Hareketleri başlığı altındaki e-Arşiv Faturaları seçilir: Alt menü e-Arşiv Hareketleri başlığı altındaki e-Arşiv Faturaları seçilir

2021-10-21 14:12:39 - [MESSAGE][PASSED] - Alt menü e-Arşiv Hareketleri başlığı altındaki e-Arşiv Faturaları seçilir

2021-10-21 14:12:39 - [TEST_STEP][PASSED] - Filtrelerden Ettn filtresine Ettn bilgisi yaz: Filtrelerden Ettn filtresine Ettn bilgisi yaz

2021-10-21 14:12:39 - [MESSAGE][PASSED] - Filtrelerden Ettn filtresine Ettn bilgisi yaz

2021-10-21 14:12:39 - [TEST_STEP][PASSED] - Filtre butonlarından Listele seçilir: Filtre butonlarından Listele seçilir

2021-10-21 14:12:39 - [MESSAGE][PASSED] - Filtre butonlarından Listele seçilir

2021-10-21 14:12:39 - [TEST_STEP][PASSED] - Tabloda veri var mı kontrol edilir: Tabloda veri var mı kontrol edilir

2021-10-21 14:12:39 - [MESSAGE][PASSED] - Tabloda veri var mı kontrol edilir

2021-10-21 14:12:39 - [TEST_STEP][PASSED] - Tabloda yeni oluşturulan eArsiv verisi başarılı mı: Tabloda yeni oluşturulan eArsiv verisi başarılı mı

2021-10-21 14:12:39 - [MESSAGE][PASSED] - Tabloda yeni oluşturulan eArsiv verisi başarılı mı

2021-10-21 14:12:39 - [TEST_STEP][PASSED] - Kullanıcı işlemlerinden Çıkış seçilir: Kullanıcı işlemlerinden Çıkış seçilir

2021-10-21 14:12:39 - [MESSAGE][PASSED] - Kullanıcı işlemlerinden Çıkış seçilir

2021-10-21 14:12:39 - [MESSAGE][PASSED] - Feature file: 'Include/features/Regresyon/e-Arsiv/VKN-Elektronik-Iade.feature' was passed

2021-10-21 14:12:39 - [TEST_STEP][PASSED] - Start listener action : sampleAfterTestSuite: Invoke 'com.kms.katalon.core.annotation.AfterTestCase' method: 'Listener.sampleAfterTestSuite(...)' completed.

2021-10-21 14:12:39 - [MESSAGE][INFO] - Starting invoke 'com.kms.katalon.core.annotation.AfterTestCase' method: 'Listener.sampleAfterTestSuite(...)'

2021-10-21 14:12:39 - [TEST_STEP][PASSED] - closeBrowser(): Invoke 'com.kms.katalon.core.annotation.AfterTestCase' method: 'Listener.sampleAfterTestSuite(...)' completed.

2021-10-21 14:12:39 - [MESSAGE][INFO] - Closing browser

2021-10-21 14:12:39 - [MESSAGE][PASSED] - Browser is closed

2021-10-21 14:12:39 - [MESSAGE][INFO] - Invoke 'com.kms.katalon.core.annotation.AfterTestCase' method: 'Listener.sampleAfterTestSuite(...)' completed.]]></system-out>
         <system-err><![CDATA[]]></system-err>
      </testcase>
      <testcase name="Test Cases/Case Repository/Regresyon/e-Arsiv/VKN-Elektronik-Ihrac Kayitli" time="117.115" classname="Test Cases/Case Repository/Regresyon/e-Arsiv/VKN-Elektronik-Ihrac Kayitli" status="PASSED">
         <system-out><![CDATA[2021-10-21 14:12:40 - [TEST_CASE][PASSED] - Test Cases/Case Repository/Regresyon/e-Arsiv/VKN-Elektronik-Ihrac Kayitli: Test Cases/Case Repository/Regresyon/e-Arsiv/VKN-Elektronik-Ihrac Kayitli

2021-10-21 14:12:40 - [TEST_STEP][PASSED] - Start listener action : sampleBeforeTestSuite: Invoke 'com.kms.katalon.core.annotation.BeforeTestCase' method: 'Listener.sampleBeforeTestSuite(...)' completed.

2021-10-21 14:12:40 - [MESSAGE][INFO] - Starting invoke 'com.kms.katalon.core.annotation.BeforeTestCase' method: 'Listener.sampleBeforeTestSuite(...)'

2021-10-21 14:12:40 - [TEST_STEP][PASSED] - openBrowser(baseUrl): Browser is opened with url: 'https://efatura-stage.elogo.com.tr/'

2021-10-21 14:12:40 - [MESSAGE][INFO] - Opening browser

2021-10-21 14:12:40 - [MESSAGE][INFO] - Starting 'Chrome' driver

2021-10-21 14:12:40 - [MESSAGE][INFO] - User set preference: ['prefs', '{download.default_directory=C:\otomasyondownfiles}']

2021-10-21 14:12:40 - [MESSAGE][INFO] - Action delay is set to 0 milliseconds

2021-10-21 14:12:41 - [MESSAGE][INFO] - Navigating browser to: 'https://efatura-stage.elogo.com.tr/'

2021-10-21 14:12:44 - [MESSAGE][PASSED] - Browser is opened with url: 'https://efatura-stage.elogo.com.tr/'

2021-10-21 14:12:44 - [TEST_STEP][PASSED] - maximizeWindow(): Invoke 'com.kms.katalon.core.annotation.BeforeTestCase' method: 'Listener.sampleBeforeTestSuite(...)' completed.

2021-10-21 14:12:44 - [MESSAGE][INFO] - Maximizing current window

2021-10-21 14:12:44 - [MESSAGE][PASSED] - Current window maximized

2021-10-21 14:12:44 - [MESSAGE][INFO] - Invoke 'com.kms.katalon.core.annotation.BeforeTestCase' method: 'Listener.sampleBeforeTestSuite(...)' completed.

2021-10-21 14:12:44 - [TEST_STEP][PASSED] - runFeatureFile("Include/features/Regresyon/e-Arsiv/VKN-Elektronik-Ihrac Kayitli.feature"): Feature file: 'Include/features/Regresyon/e-Arsiv/VKN-Elektronik-Ihrac Kayitli.feature' was passed

2021-10-21 14:12:44 - [MESSAGE][INFO] - Starting run keyword runFeatureFile: 'Include/features/Regresyon/e-Arsiv/VKN-Elektronik-Ihrac Kayitli.feature' and extract report to folder: 'C:\Users\DELL\Downloads\EES_Katalon-main\Reports\20211021_140437\Suite Repository\Regresyon-eArsiv-eMakbuz\20211021_140449/cucumber_report/1634814764825'...

2021-10-21 14:12:44 - [MESSAGE][INFO] - Glue: []

2021-10-21 14:12:45 - [MESSAGE][INFO] - Checking called Test Case

2021-10-21 14:12:45 - [MESSAGE][INFO] - Starting to call Test Case 'Test Cases/Sayfalar/Giris_Sayfasi/Login'

2021-10-21 14:12:45 - [TEST_CASE][PASSED] - Test Cases/Sayfalar/Giris_Sayfasi/Login: Test Cases/Sayfalar/Giris_Sayfasi/Login

2021-10-21 14:12:45 - [TEST_STEP][PASSED] - Sayfa_Basligi = getWindowTitle(): Current window's title is: 'LOGO e-Fatura'

2021-10-21 14:12:45 - [MESSAGE][INFO] - Getting current window's title

2021-10-21 14:12:45 - [MESSAGE][PASSED] - Current window's title is: 'LOGO e-Fatura'

2021-10-21 14:12:45 - [TEST_STEP][PASSED] - verifyMatch(Sayfa_Basligi, "LOGO e-Fatura", false): Actual text 'LOGO e-Fatura' and expected text 'LOGO e-Fatura' are matched 

2021-10-21 14:12:45 - [MESSAGE][INFO] - Matching actual text 'LOGO e-Fatura' with expected text 'LOGO e-Fatura'

2021-10-21 14:12:45 - [MESSAGE][PASSED] - Actual text 'LOGO e-Fatura' and expected text 'LOGO e-Fatura' are matched 

2021-10-21 14:12:45 - [TEST_STEP][PASSED] - sendKeys(findTestObject("Sayfalar/Giris_Sayfasi/Firma_Kodu"), KullaniciAdi): Keys 'EARIHRAC' sent to object: 'Object Repository/Sayfalar/Giris_Sayfasi/Firma_Kodu'

2021-10-21 14:12:45 - [MESSAGE][INFO] - Finding Test Object 'Object Repository/Sayfalar/Giris_Sayfasi/Firma_Kodu'

2021-10-21 14:12:45 - [MESSAGE][INFO] - Sending keys 'EARIHRAC' to object: 'Object Repository/Sayfalar/Giris_Sayfasi/Firma_Kodu'

2021-10-21 14:12:45 - [MESSAGE][INFO] - Finding web element from Test Object's properties

2021-10-21 14:12:45 - [MESSAGE][INFO] - Checking timeout

2021-10-21 14:12:45 - [MESSAGE][INFO] - Finding web element with id: 'Object Repository/Sayfalar/Giris_Sayfasi/Firma_Kodu' located by 'By.xpath: //*[@id = 'AccountName']' in '30' second(s)

2021-10-21 14:12:45 - [MESSAGE][INFO] - Smart Wait Function is triggered

2021-10-21 14:12:46 - [MESSAGE][INFO] - Found 1 web elements with id: 'Object Repository/Sayfalar/Giris_Sayfasi/Firma_Kodu' located by 'By.xpath: //*[@id = 'AccountName']' in '30' second(s)

2021-10-21 14:12:46 - [MESSAGE][PASSED] - Keys 'EARIHRAC' sent to object: 'Object Repository/Sayfalar/Giris_Sayfasi/Firma_Kodu'

2021-10-21 14:12:46 - [TEST_STEP][PASSED] - sendKeys(findTestObject("Sayfalar/Giris_Sayfasi/Sifre"), Sifre): Keys 'test1234' sent to object: 'Object Repository/Sayfalar/Giris_Sayfasi/Sifre'

2021-10-21 14:12:46 - [MESSAGE][INFO] - Finding Test Object 'Object Repository/Sayfalar/Giris_Sayfasi/Sifre'

2021-10-21 14:12:46 - [MESSAGE][INFO] - Sending keys 'test1234' to object: 'Object Repository/Sayfalar/Giris_Sayfasi/Sifre'

2021-10-21 14:12:46 - [MESSAGE][INFO] - Finding web element from Test Object's properties

2021-10-21 14:12:46 - [MESSAGE][INFO] - Checking timeout

2021-10-21 14:12:46 - [MESSAGE][INFO] - Finding web element with id: 'Object Repository/Sayfalar/Giris_Sayfasi/Sifre' located by 'By.xpath: //*[@id = 'Password']' in '30' second(s)

2021-10-21 14:12:46 - [MESSAGE][INFO] - Smart Wait Function is triggered

2021-10-21 14:12:46 - [MESSAGE][INFO] - Found 1 web elements with id: 'Object Repository/Sayfalar/Giris_Sayfasi/Sifre' located by 'By.xpath: //*[@id = 'Password']' in '30' second(s)

2021-10-21 14:12:46 - [MESSAGE][PASSED] - Keys 'test1234' sent to object: 'Object Repository/Sayfalar/Giris_Sayfasi/Sifre'

2021-10-21 14:12:46 - [TEST_STEP][PASSED] - findWebElement(findTestObject("Sayfalar/Giris_Sayfasi/Giris_Butonu")).click(): Found 1 web elements with id: 'Object Repository/Sayfalar/Giris_Sayfasi/Giris_Butonu' located by 'By.cssSelector: #btnLogin' in '30' second(s)

2021-10-21 14:12:46 - [MESSAGE][INFO] - Finding Test Object 'Object Repository/Sayfalar/Giris_Sayfasi/Giris_Butonu'

2021-10-21 14:12:47 - [MESSAGE][INFO] - Finding web element from Test Object's properties

2021-10-21 14:12:47 - [MESSAGE][INFO] - Checking timeout

2021-10-21 14:12:47 - [MESSAGE][INFO] - Finding web element with id: 'Object Repository/Sayfalar/Giris_Sayfasi/Giris_Butonu' located by 'By.cssSelector: #btnLogin' in '30' second(s)

2021-10-21 14:12:47 - [MESSAGE][INFO] - Smart Wait Function is triggered

2021-10-21 14:12:47 - [MESSAGE][INFO] - Found 1 web elements with id: 'Object Repository/Sayfalar/Giris_Sayfasi/Giris_Butonu' located by 'By.cssSelector: #btnLogin' in '30' second(s)

2021-10-21 14:12:48 - [TEST_STEP][PASSED] - if (verifyElementPresent(findTestObject("Object Repository/Sayfalar/Giris_Sayfasi/RetveTamam_Butonu"), 5, OPTIONAL)): null

2021-10-21 14:12:48 - [MESSAGE][INFO] - Finding Test Object 'Object Repository/Sayfalar/Giris_Sayfasi/RetveTamam_Butonu'

2021-10-21 14:12:49 - [MESSAGE][INFO] - Checking object

2021-10-21 14:12:49 - [MESSAGE][INFO] - Finding web element from Test Object's properties

2021-10-21 14:12:49 - [MESSAGE][INFO] - Checking timeout

2021-10-21 14:12:49 - [MESSAGE][INFO] - Finding web element with id: 'Object Repository/Sayfalar/Giris_Sayfasi/RetveTamam_Butonu' located by 'By.xpath: //*[@class = 'btn btn-default']' in '5' second(s)

2021-10-21 14:12:49 - [MESSAGE][INFO] - Smart Wait Function is triggered

2021-10-21 14:12:49 - [MESSAGE][INFO] - Found 1 web elements with id: 'Object Repository/Sayfalar/Giris_Sayfasi/RetveTamam_Butonu' located by 'By.xpath: //*[@class = 'btn btn-default']' in '5' second(s)

2021-10-21 14:12:49 - [MESSAGE][PASSED] - Object 'Object Repository/Sayfalar/Giris_Sayfasi/RetveTamam_Butonu' is present

2021-10-21 14:12:49 - [TEST_STEP][PASSED] - click(findTestObject("Object Repository/Sayfalar/Giris_Sayfasi/RetveTamam_Butonu")): Object: 'Object Repository/Sayfalar/Giris_Sayfasi/RetveTamam_Butonu' is clicked on

2021-10-21 14:12:49 - [MESSAGE][INFO] - Finding Test Object 'Object Repository/Sayfalar/Giris_Sayfasi/RetveTamam_Butonu'

2021-10-21 14:12:49 - [MESSAGE][INFO] - Checking object

2021-10-21 14:12:49 - [MESSAGE][INFO] - Finding web element from Test Object's properties

2021-10-21 14:12:49 - [MESSAGE][INFO] - Checking timeout

2021-10-21 14:12:49 - [MESSAGE][INFO] - Finding web element with id: 'Object Repository/Sayfalar/Giris_Sayfasi/RetveTamam_Butonu' located by 'By.xpath: //*[@class = 'btn btn-default']' in '30' second(s)

2021-10-21 14:12:49 - [MESSAGE][INFO] - Smart Wait Function is triggered

2021-10-21 14:12:49 - [MESSAGE][INFO] - Found 1 web elements with id: 'Object Repository/Sayfalar/Giris_Sayfasi/RetveTamam_Butonu' located by 'By.xpath: //*[@class = 'btn btn-default']' in '30' second(s)

2021-10-21 14:12:49 - [MESSAGE][INFO] - Clicking on object: 'Object Repository/Sayfalar/Giris_Sayfasi/RetveTamam_Butonu'

2021-10-21 14:12:49 - [MESSAGE][PASSED] - Object: 'Object Repository/Sayfalar/Giris_Sayfasi/RetveTamam_Butonu' is clicked on

2021-10-21 14:12:49 - [TEST_STEP][PASSED] - click(findTestObject("Object Repository/Sayfalar/Giris_Sayfasi/RetveTamam_Butonu")): Object: 'Object Repository/Sayfalar/Giris_Sayfasi/RetveTamam_Butonu' is clicked on

2021-10-21 14:12:49 - [MESSAGE][INFO] - Finding Test Object 'Object Repository/Sayfalar/Giris_Sayfasi/RetveTamam_Butonu'

2021-10-21 14:12:49 - [MESSAGE][INFO] - Checking object

2021-10-21 14:12:49 - [MESSAGE][INFO] - Finding web element from Test Object's properties

2021-10-21 14:12:49 - [MESSAGE][INFO] - Checking timeout

2021-10-21 14:12:49 - [MESSAGE][INFO] - Finding web element with id: 'Object Repository/Sayfalar/Giris_Sayfasi/RetveTamam_Butonu' located by 'By.xpath: //*[@class = 'btn btn-default']' in '30' second(s)

2021-10-21 14:12:49 - [MESSAGE][INFO] - Smart Wait Function is triggered

2021-10-21 14:12:52 - [MESSAGE][INFO] - Found 1 web elements with id: 'Object Repository/Sayfalar/Giris_Sayfasi/RetveTamam_Butonu' located by 'By.xpath: //*[@class = 'btn btn-default']' in '30' second(s)

2021-10-21 14:12:52 - [MESSAGE][INFO] - Clicking on object: 'Object Repository/Sayfalar/Giris_Sayfasi/RetveTamam_Butonu'

2021-10-21 14:12:53 - [MESSAGE][PASSED] - Object: 'Object Repository/Sayfalar/Giris_Sayfasi/RetveTamam_Butonu' is clicked on

2021-10-21 14:12:53 - [TEST_STEP][PASSED] - if (verifyElementPresent(findTestObject("Sayfalar/Giris_Sayfasi/PopupOK"), 5, OPTIONAL)): com.kms.katalon.core.webui.exception.WebElementNotFoundException: Web element with id: 'Object Repository/Sayfalar/Giris_Sayfasi/PopupOK' located by '.btn.btn-success' not found (Root cause: com.kms.katalon.core.exception.StepFailedException: com.kms.katalon.core.webui.exception.WebElementNotFoundException: Web element with id: 'Object Repository/Sayfalar/Giris_Sayfasi/PopupOK' located by '.btn.btn-success' not found
	at com.kms.katalon.core.webui.keyword.internal.WebUIKeywordMain.stepFailed(WebUIKeywordMain.groovy:64)
	at com.kms.katalon.core.webui.keyword.builtin.VerifyElementPresentKeyword$_verifyElementPresent_closure1.doCall(VerifyElementPresentKeyword.groovy:85)
	at com.kms.katalon.core.webui.keyword.builtin.VerifyElementPresentKeyword$_verifyElementPresent_closure1.call(VerifyElementPresentKeyword.groovy)
	at com.kms.katalon.core.webui.keyword.internal.WebUIKeywordMain.runKeyword(WebUIKeywordMain.groovy:20)
	at com.kms.katalon.core.webui.keyword.builtin.VerifyElementPresentKeyword.verifyElementPresent(VerifyElementPresentKeyword.groovy:92)
	at com.kms.katalon.core.webui.keyword.builtin.VerifyElementPresentKeyword.execute(VerifyElementPresentKeyword.groovy:68)
	at com.kms.katalon.core.keyword.internal.KeywordExecutor.executeKeywordForPlatform(KeywordExecutor.groovy:73)
	at com.kms.katalon.core.webui.keyword.WebUiBuiltInKeywords.verifyElementPresent(WebUiBuiltInKeywords.groovy:1448)
	at com.kms.katalon.core.webui.keyword.WebUiBuiltInKeywords$verifyElementPresent$4.call(Unknown Source)
	at Login.run(Login:40)
	at com.kms.katalon.core.main.ScriptEngine.run(ScriptEngine.java:194)
	at com.kms.katalon.core.main.ScriptEngine.runScriptAsRawText(ScriptEngine.java:119)
	at com.kms.katalon.core.main.TestCaseExecutor.runScript(TestCaseExecutor.java:369)
	at com.kms.katalon.core.main.TestCaseExecutor.doExecute(TestCaseExecutor.java:360)
	at com.kms.katalon.core.main.TestCaseExecutor.processExecutionPhase(TestCaseExecutor.java:339)
	at com.kms.katalon.core.main.TestCaseExecutor.accessMainPhase(TestCaseExecutor.java:331)
	at com.kms.katalon.core.main.TestCaseExecutor.execute(TestCaseExecutor.java:248)
	at com.kms.katalon.core.main.TestCaseMain.runTestCase(TestCaseMain.java:138)
	at com.kms.katalon.core.keyword.builtin.CallTestCaseKeyword$_callTestCase_closure1.doCall(CallTestCaseKeyword.groovy:59)
	at com.kms.katalon.core.keyword.builtin.CallTestCaseKeyword$_callTestCase_closure1.call(CallTestCaseKeyword.groovy)
	at com.kms.katalon.core.keyword.internal.KeywordMain.runKeyword(KeywordMain.groovy:68)
	at com.kms.katalon.core.keyword.builtin.CallTestCaseKeyword.callTestCase(CallTestCaseKeyword.groovy:81)
	at com.kms.katalon.core.keyword.builtin.CallTestCaseKeyword.execute(CallTestCaseKeyword.groovy:44)
	at com.kms.katalon.core.keyword.internal.KeywordExecutor.executeKeywordForPlatform(KeywordExecutor.groovy:73)
	at com.kms.katalon.core.keyword.BuiltinKeywords.callTestCase(BuiltinKeywords.groovy:334)
	at sayfalar.girisSayfasi.login(girisSayfasi.groovy:50)
	at cucumber.runtime.Utils$1.call(Utils.java:26)
	at cucumber.runtime.Timeout.timeout(Timeout.java:16)
	at cucumber.runtime.Utils.invoke(Utils.java:20)
	at cucumber.runtime.java.JavaStepDefinition.execute(JavaStepDefinition.java:49)
	at cucumber.runner.PickleStepDefinitionMatch.runStep(PickleStepDefinitionMatch.java:50)
	at cucumber.runner.TestStep.executeStep(TestStep.java:63)
	at cucumber.runner.TestStep.run(TestStep.java:49)
	at cucumber.runner.PickleStepTestStep.run(PickleStepTestStep.java:43)
	at cucumber.runner.TestCase.run(TestCase.java:44)
	at cucumber.runner.Runner.runPickle(Runner.java:40)
	at cucumber.runtime.Runtime$1.run(Runtime.java:84)
	at cucumber.runtime.Runtime$SameThreadExecutorService.execute(Runtime.java:220)
	at cucumber.runtime.Runtime.run(Runtime.java:81)
	at cucumber.api.cli.Main.run(Main.java:26)
	at cucumber.api.cli.Main$run.call(Unknown Source)
	at com.kms.katalon.core.cucumber.keyword.CucumberBuiltinKeywords$_runFeatureFile_closure1.doCall(CucumberBuiltinKeywords.groovy:106)
	at com.kms.katalon.core.cucumber.keyword.CucumberBuiltinKeywords$_runFeatureFile_closure1.doCall(CucumberBuiltinKeywords.groovy)
	at com.kms.katalon.core.keyword.internal.KeywordMain.runKeyword(KeywordMain.groovy:68)
	at com.kms.katalon.core.keyword.internal.KeywordMain$runKeyword.call(Unknown Source)
	at com.kms.katalon.core.cucumber.keyword.CucumberBuiltinKeywords.runFeatureFile(CucumberBuiltinKeywords.groovy:73)
	at com.kms.katalon.core.cucumber.keyword.CucumberBuiltinKeywords$runFeatureFile$0.callStatic(Unknown Source)
	at com.kms.katalon.core.cucumber.keyword.CucumberBuiltinKeywords.runFeatureFile(CucumberBuiltinKeywords.groovy:246)
	at com.kms.katalon.core.cucumber.keyword.CucumberBuiltinKeywords$runFeatureFile.call(Unknown Source)
	at VKN-Elektronik-Ihrac Kayitli.run(VKN-Elektronik-Ihrac Kayitli:19)
	at com.kms.katalon.core.main.ScriptEngine.run(ScriptEngine.java:194)
	at com.kms.katalon.core.main.ScriptEngine.runScriptAsRawText(ScriptEngine.java:119)
	at com.kms.katalon.core.main.TestCaseExecutor.runScript(TestCaseExecutor.java:369)
	at com.kms.katalon.core.main.TestCaseExecutor.doExecute(TestCaseExecutor.java:360)
	at com.kms.katalon.core.main.TestCaseExecutor.processExecutionPhase(TestCaseExecutor.java:339)
	at com.kms.katalon.core.main.TestCaseExecutor.accessMainPhase(TestCaseExecutor.java:331)
	at com.kms.katalon.core.main.TestCaseExecutor.execute(TestCaseExecutor.java:248)
	at com.kms.katalon.core.main.TestSuiteExecutor.accessTestCaseMainPhase(TestSuiteExecutor.java:191)
	at com.kms.katalon.core.main.TestSuiteExecutor.accessTestSuiteMainPhase(TestSuiteExecutor.java:140)
	at com.kms.katalon.core.main.TestSuiteExecutor.execute(TestSuiteExecutor.java:89)
	at com.kms.katalon.core.main.TestCaseMain.startTestSuite(TestCaseMain.java:181)
	at com.kms.katalon.core.main.TestCaseMain$startTestSuite$0.call(Unknown Source)
	at TempTestSuite1634814289741.run(TempTestSuite1634814289741.groovy:39)
)

2021-10-21 14:12:53 - [MESSAGE][INFO] - Finding Test Object 'Object Repository/Sayfalar/Giris_Sayfasi/PopupOK'

2021-10-21 14:12:53 - [MESSAGE][INFO] - Checking object

2021-10-21 14:12:53 - [MESSAGE][INFO] - Finding web element from Test Object's properties

2021-10-21 14:12:53 - [MESSAGE][INFO] - Checking timeout

2021-10-21 14:12:53 - [MESSAGE][INFO] - Finding web element with id: 'Object Repository/Sayfalar/Giris_Sayfasi/PopupOK' located by 'By.cssSelector: .btn.btn-success' in '5' second(s)

2021-10-21 14:12:53 - [MESSAGE][INFO] - Smart Wait Function is triggered

2021-10-21 14:12:53 - [MESSAGE][INFO] - Smart Wait Function is triggered

2021-10-21 14:12:54 - [MESSAGE][INFO] - Smart Wait Function is triggered

2021-10-21 14:12:54 - [MESSAGE][INFO] - Smart Wait Function is triggered

2021-10-21 14:12:54 - [MESSAGE][INFO] - Smart Wait Function is triggered

2021-10-21 14:12:55 - [MESSAGE][INFO] - Smart Wait Function is triggered

2021-10-21 14:12:55 - [MESSAGE][INFO] - Smart Wait Function is triggered

2021-10-21 14:12:55 - [MESSAGE][INFO] - Smart Wait Function is triggered

2021-10-21 14:12:55 - [MESSAGE][INFO] - Smart Wait Function is triggered

2021-10-21 14:12:56 - [MESSAGE][INFO] - Smart Wait Function is triggered

2021-10-21 14:12:56 - [MESSAGE][INFO] - Smart Wait Function is triggered

2021-10-21 14:12:56 - [MESSAGE][INFO] - Smart Wait Function is triggered

2021-10-21 14:12:56 - [MESSAGE][INFO] - Smart Wait Function is triggered

2021-10-21 14:12:57 - [MESSAGE][INFO] - Smart Wait Function is triggered

2021-10-21 14:12:57 - [MESSAGE][INFO] - Smart Wait Function is triggered

2021-10-21 14:12:57 - [MESSAGE][INFO] - Smart Wait Function is triggered

2021-10-21 14:12:57 - [MESSAGE][INFO] - Smart Wait Function is triggered

2021-10-21 14:12:58 - [MESSAGE][INFO] - Smart Wait Function is triggered

2021-10-21 14:12:58 - [MESSAGE][INFO] - Smart Wait Function is triggered

2021-10-21 14:12:58 - [MESSAGE][INFO] - Smart Wait Function is triggered

2021-10-21 14:12:59 - [MESSAGE][INFO] - Smart Wait Function is triggered

2021-10-21 14:12:59 - [MESSAGE][INFO] - Unable to find the element located by 'By.cssSelector: .btn.btn-success'. Please recheck the objects properties to make sure the desired element is located. 

2021-10-21 14:12:59 - [MESSAGE][WARNING] - com.kms.katalon.core.webui.exception.WebElementNotFoundException: Web element with id: 'Object Repository/Sayfalar/Giris_Sayfasi/PopupOK' located by '.btn.btn-success' not found (Root cause: com.kms.katalon.core.exception.StepFailedException: com.kms.katalon.core.webui.exception.WebElementNotFoundException: Web element with id: 'Object Repository/Sayfalar/Giris_Sayfasi/PopupOK' located by '.btn.btn-success' not found
	at com.kms.katalon.core.webui.keyword.internal.WebUIKeywordMain.stepFailed(WebUIKeywordMain.groovy:64)
	at com.kms.katalon.core.webui.keyword.builtin.VerifyElementPresentKeyword$_verifyElementPresent_closure1.doCall(VerifyElementPresentKeyword.groovy:85)
	at com.kms.katalon.core.webui.keyword.builtin.VerifyElementPresentKeyword$_verifyElementPresent_closure1.call(VerifyElementPresentKeyword.groovy)
	at com.kms.katalon.core.webui.keyword.internal.WebUIKeywordMain.runKeyword(WebUIKeywordMain.groovy:20)
	at com.kms.katalon.core.webui.keyword.builtin.VerifyElementPresentKeyword.verifyElementPresent(VerifyElementPresentKeyword.groovy:92)
	at com.kms.katalon.core.webui.keyword.builtin.VerifyElementPresentKeyword.execute(VerifyElementPresentKeyword.groovy:68)
	at com.kms.katalon.core.keyword.internal.KeywordExecutor.executeKeywordForPlatform(KeywordExecutor.groovy:73)
	at com.kms.katalon.core.webui.keyword.WebUiBuiltInKeywords.verifyElementPresent(WebUiBuiltInKeywords.groovy:1448)
	at com.kms.katalon.core.webui.keyword.WebUiBuiltInKeywords$verifyElementPresent$4.call(Unknown Source)
	at Login.run(Login:40)
	at com.kms.katalon.core.main.ScriptEngine.run(ScriptEngine.java:194)
	at com.kms.katalon.core.main.ScriptEngine.runScriptAsRawText(ScriptEngine.java:119)
	at com.kms.katalon.core.main.TestCaseExecutor.runScript(TestCaseExecutor.java:369)
	at com.kms.katalon.core.main.TestCaseExecutor.doExecute(TestCaseExecutor.java:360)
	at com.kms.katalon.core.main.TestCaseExecutor.processExecutionPhase(TestCaseExecutor.java:339)
	at com.kms.katalon.core.main.TestCaseExecutor.accessMainPhase(TestCaseExecutor.java:331)
	at com.kms.katalon.core.main.TestCaseExecutor.execute(TestCaseExecutor.java:248)
	at com.kms.katalon.core.main.TestCaseMain.runTestCase(TestCaseMain.java:138)
	at com.kms.katalon.core.keyword.builtin.CallTestCaseKeyword$_callTestCase_closure1.doCall(CallTestCaseKeyword.groovy:59)
	at com.kms.katalon.core.keyword.builtin.CallTestCaseKeyword$_callTestCase_closure1.call(CallTestCaseKeyword.groovy)
	at com.kms.katalon.core.keyword.internal.KeywordMain.runKeyword(KeywordMain.groovy:68)
	at com.kms.katalon.core.keyword.builtin.CallTestCaseKeyword.callTestCase(CallTestCaseKeyword.groovy:81)
	at com.kms.katalon.core.keyword.builtin.CallTestCaseKeyword.execute(CallTestCaseKeyword.groovy:44)
	at com.kms.katalon.core.keyword.internal.KeywordExecutor.executeKeywordForPlatform(KeywordExecutor.groovy:73)
	at com.kms.katalon.core.keyword.BuiltinKeywords.callTestCase(BuiltinKeywords.groovy:334)
	at sayfalar.girisSayfasi.login(girisSayfasi.groovy:50)
	at cucumber.runtime.Utils$1.call(Utils.java:26)
	at cucumber.runtime.Timeout.timeout(Timeout.java:16)
	at cucumber.runtime.Utils.invoke(Utils.java:20)
	at cucumber.runtime.java.JavaStepDefinition.execute(JavaStepDefinition.java:49)
	at cucumber.runner.PickleStepDefinitionMatch.runStep(PickleStepDefinitionMatch.java:50)
	at cucumber.runner.TestStep.executeStep(TestStep.java:63)
	at cucumber.runner.TestStep.run(TestStep.java:49)
	at cucumber.runner.PickleStepTestStep.run(PickleStepTestStep.java:43)
	at cucumber.runner.TestCase.run(TestCase.java:44)
	at cucumber.runner.Runner.runPickle(Runner.java:40)
	at cucumber.runtime.Runtime$1.run(Runtime.java:84)
	at cucumber.runtime.Runtime$SameThreadExecutorService.execute(Runtime.java:220)
	at cucumber.runtime.Runtime.run(Runtime.java:81)
	at cucumber.api.cli.Main.run(Main.java:26)
	at cucumber.api.cli.Main$run.call(Unknown Source)
	at com.kms.katalon.core.cucumber.keyword.CucumberBuiltinKeywords$_runFeatureFile_closure1.doCall(CucumberBuiltinKeywords.groovy:106)
	at com.kms.katalon.core.cucumber.keyword.CucumberBuiltinKeywords$_runFeatureFile_closure1.doCall(CucumberBuiltinKeywords.groovy)
	at com.kms.katalon.core.keyword.internal.KeywordMain.runKeyword(KeywordMain.groovy:68)
	at com.kms.katalon.core.keyword.internal.KeywordMain$runKeyword.call(Unknown Source)
	at com.kms.katalon.core.cucumber.keyword.CucumberBuiltinKeywords.runFeatureFile(CucumberBuiltinKeywords.groovy:73)
	at com.kms.katalon.core.cucumber.keyword.CucumberBuiltinKeywords$runFeatureFile$0.callStatic(Unknown Source)
	at com.kms.katalon.core.cucumber.keyword.CucumberBuiltinKeywords.runFeatureFile(CucumberBuiltinKeywords.groovy:246)
	at com.kms.katalon.core.cucumber.keyword.CucumberBuiltinKeywords$runFeatureFile.call(Unknown Source)
	at VKN-Elektronik-Ihrac Kayitli.run(VKN-Elektronik-Ihrac Kayitli:19)
	at com.kms.katalon.core.main.ScriptEngine.run(ScriptEngine.java:194)
	at com.kms.katalon.core.main.ScriptEngine.runScriptAsRawText(ScriptEngine.java:119)
	at com.kms.katalon.core.main.TestCaseExecutor.runScript(TestCaseExecutor.java:369)
	at com.kms.katalon.core.main.TestCaseExecutor.doExecute(TestCaseExecutor.java:360)
	at com.kms.katalon.core.main.TestCaseExecutor.processExecutionPhase(TestCaseExecutor.java:339)
	at com.kms.katalon.core.main.TestCaseExecutor.accessMainPhase(TestCaseExecutor.java:331)
	at com.kms.katalon.core.main.TestCaseExecutor.execute(TestCaseExecutor.java:248)
	at com.kms.katalon.core.main.TestSuiteExecutor.accessTestCaseMainPhase(TestSuiteExecutor.java:191)
	at com.kms.katalon.core.main.TestSuiteExecutor.accessTestSuiteMainPhase(TestSuiteExecutor.java:140)
	at com.kms.katalon.core.main.TestSuiteExecutor.execute(TestSuiteExecutor.java:89)
	at com.kms.katalon.core.main.TestCaseMain.startTestSuite(TestCaseMain.java:181)
	at com.kms.katalon.core.main.TestCaseMain$startTestSuite$0.call(Unknown Source)
	at TempTestSuite1634814289741.run(TempTestSuite1634814289741.groovy:39)
)

2021-10-21 14:12:59 - [TEST_STEP][PASSED] - verifyElementVisible(findTestObject("Object Repository/Kullanici_Islemleri/KullaniciIslemleri")): Object 'Object Repository/Kullanici_Islemleri/KullaniciIslemleri' is visible

2021-10-21 14:12:59 - [MESSAGE][INFO] - Finding Test Object 'Object Repository/Kullanici_Islemleri/KullaniciIslemleri'

2021-10-21 14:12:59 - [MESSAGE][INFO] - Checking object

2021-10-21 14:12:59 - [MESSAGE][INFO] - Finding web element from Test Object's properties

2021-10-21 14:12:59 - [MESSAGE][INFO] - Checking timeout

2021-10-21 14:12:59 - [MESSAGE][INFO] - Finding web element with id: 'Object Repository/Kullanici_Islemleri/KullaniciIslemleri' located by 'By.cssSelector: .dropdown>a>img' in '30' second(s)

2021-10-21 14:12:59 - [MESSAGE][INFO] - Smart Wait Function is triggered

2021-10-21 14:12:59 - [MESSAGE][INFO] - Found 1 web elements with id: 'Object Repository/Kullanici_Islemleri/KullaniciIslemleri' located by 'By.cssSelector: .dropdown>a>img' in '30' second(s)

2021-10-21 14:12:59 - [MESSAGE][PASSED] - Object 'Object Repository/Kullanici_Islemleri/KullaniciIslemleri' is visible

2021-10-21 14:12:59 - [MESSAGE][PASSED] - Call Test Case 'Test Cases/Sayfalar/Giris_Sayfasi/Login' successfully

2021-10-21 14:12:59 - [MESSAGE][INFO] - Checking called Test Case

2021-10-21 14:12:59 - [MESSAGE][INFO] - Starting to call Test Case 'Test Cases/Menu/AnaMenuSecimi'

2021-10-21 14:12:59 - [TEST_CASE][PASSED] - Test Cases/Menu/AnaMenuSecimi: Test Cases/Menu/AnaMenuSecimi

2021-10-21 14:12:59 - [TEST_STEP][PASSED] - Method.TextDegerineEsitElementeTikla(findTestObject("Menu/Ana_Menu"), Ana_Menu): Method.TextDegerineEsitElementeTikla is PASSED

2021-10-21 14:12:59 - [MESSAGE][INFO] - Finding Test Object 'Object Repository/Menu/Ana_Menu'

2021-10-21 14:13:00 - [MESSAGE][INFO] - Checking timeout

2021-10-21 14:13:00 - [MESSAGE][INFO] - Finding web element with id: 'Object Repository/Menu/Ana_Menu' located by 'By.xpath: //*[@class = 'dropdown-toggle']' in '10' second(s)

2021-10-21 14:13:00 - [MESSAGE][INFO] - Smart Wait Function is triggered

2021-10-21 14:13:00 - [MESSAGE][INFO] - Found 13 web elements with id: 'Object Repository/Menu/Ana_Menu' located by 'By.xpath: //*[@class = 'dropdown-toggle']' in '10' second(s)

2021-10-21 14:13:00 - [MESSAGE][PASSED] - Method.TextDegerineEsitElementeTikla is PASSED

2021-10-21 14:13:00 - [MESSAGE][PASSED] - Call Test Case 'Test Cases/Menu/AnaMenuSecimi' successfully

2021-10-21 14:13:00 - [MESSAGE][INFO] - Checking called Test Case

2021-10-21 14:13:00 - [MESSAGE][INFO] - Starting to call Test Case 'Test Cases/Menu/BasligaGoreAltMenuSecimi'

2021-10-21 14:13:00 - [TEST_CASE][PASSED] - Test Cases/Menu/BasligaGoreAltMenuSecimi: Test Cases/Menu/BasligaGoreAltMenuSecimi

2021-10-21 14:13:00 - [TEST_STEP][PASSED] - Method.TextDegerineEsitElementinAltindakiTextDegerineEsitOlanaTikla(findTestObject("Menu/Menu_Basligi"), findTestObject("Menu/Basliga_Gore_Alt_Menu"), Baslik, Alt_Menu): Method.TextDegerineEsitElementinAltindakiTextDegerineEsitOlanaTikla is PASSED

2021-10-21 14:13:00 - [MESSAGE][INFO] - Finding Test Object 'Object Repository/Menu/Menu_Basligi'

2021-10-21 14:13:00 - [MESSAGE][INFO] - Finding Test Object 'Object Repository/Menu/Basliga_Gore_Alt_Menu'

2021-10-21 14:13:00 - [MESSAGE][INFO] - Checking timeout

2021-10-21 14:13:00 - [MESSAGE][INFO] - Finding web element with id: 'Object Repository/Menu/Menu_Basligi' located by 'By.xpath: //li[@class='dropdown dropdown-large open']//li[@class='dropdown-header']' in '10' second(s)

2021-10-21 14:13:00 - [MESSAGE][INFO] - Smart Wait Function is triggered

2021-10-21 14:13:01 - [MESSAGE][INFO] - Found 2 web elements with id: 'Object Repository/Menu/Menu_Basligi' located by 'By.xpath: //li[@class='dropdown dropdown-large open']//li[@class='dropdown-header']' in '10' second(s)

2021-10-21 14:13:01 - [MESSAGE][INFO] - Smart Wait Function is triggered

2021-10-21 14:13:03 - [MESSAGE][PASSED] - Method.TextDegerineEsitElementinAltindakiTextDegerineEsitOlanaTikla is PASSED

2021-10-21 14:13:03 - [MESSAGE][PASSED] - Call Test Case 'Test Cases/Menu/BasligaGoreAltMenuSecimi' successfully

2021-10-21 14:13:03 - [MESSAGE][INFO] - Checking called Test Case

2021-10-21 14:13:03 - [MESSAGE][INFO] - Starting to call Test Case 'Test Cases/Tablo/Olusturma Tarihi'

2021-10-21 14:13:03 - [TEST_CASE][PASSED] - Test Cases/Tablo/Olusturma Tarihi: Test Cases/Tablo/Olusturma Tarihi

2021-10-21 14:13:03 - [TEST_STEP][PASSED] - if (verifyTextNotPresent("Görüntülenecek veri yok", true, OPTIONAL)): null

2021-10-21 14:13:03 - [MESSAGE][INFO] - Checking text present  using regular expression

2021-10-21 14:13:03 - [MESSAGE][INFO] - Smart Wait Function is triggered

2021-10-21 14:13:04 - [MESSAGE][INFO] - Finding text 'Görüntülenecek veri yok' on page  using regular expression

2021-10-21 14:13:04 - [MESSAGE][PASSED] - Text 'Görüntülenecek veri yok' is not present on page using regular expression

2021-10-21 14:13:04 - [TEST_STEP][PASSED] - click(findTestObject("Temizle/Olusturma_Tarihi_CheckBox")): Object: 'Object Repository/Temizle/Olusturma_Tarihi_CheckBox' is clicked on

2021-10-21 14:13:04 - [MESSAGE][INFO] - Finding Test Object 'Object Repository/Temizle/Olusturma_Tarihi_CheckBox'

2021-10-21 14:13:04 - [MESSAGE][INFO] - Checking object

2021-10-21 14:13:04 - [MESSAGE][INFO] - Finding web element from Test Object's properties

2021-10-21 14:13:04 - [MESSAGE][INFO] - Checking timeout

2021-10-21 14:13:04 - [MESSAGE][INFO] - Finding web element with id: 'Object Repository/Temizle/Olusturma_Tarihi_CheckBox' located by 'By.xpath: //*[@title = 'Bu sayfadaki tüm satırları Seç']' in '30' second(s)

2021-10-21 14:13:04 - [MESSAGE][INFO] - Smart Wait Function is triggered

2021-10-21 14:13:04 - [MESSAGE][INFO] - Found 1 web elements with id: 'Object Repository/Temizle/Olusturma_Tarihi_CheckBox' located by 'By.xpath: //*[@title = 'Bu sayfadaki tüm satırları Seç']' in '30' second(s)

2021-10-21 14:13:04 - [MESSAGE][INFO] - Clicking on object: 'Object Repository/Temizle/Olusturma_Tarihi_CheckBox'

2021-10-21 14:13:04 - [MESSAGE][PASSED] - Object: 'Object Repository/Temizle/Olusturma_Tarihi_CheckBox' is clicked on

2021-10-21 14:13:04 - [TEST_STEP][PASSED] - Method.TextDegerineEsitElementeTiklaEquals(findTestObject("Butonlar/Butonlar"), "Sil"): Method.TextDegerineEsitElementeTiklaEquals is PASSED

2021-10-21 14:13:04 - [MESSAGE][INFO] - Finding Test Object 'Object Repository/Butonlar/Butonlar'

2021-10-21 14:13:05 - [MESSAGE][INFO] - Checking timeout

2021-10-21 14:13:05 - [MESSAGE][INFO] - Finding web element with id: 'Object Repository/Butonlar/Butonlar' located by 'By.cssSelector: .panel.panel-default.text-center.footerPanel .btn,.btn.btn-primary.btnControls' in '10' second(s)

2021-10-21 14:13:05 - [MESSAGE][INFO] - Smart Wait Function is triggered

2021-10-21 14:13:05 - [MESSAGE][INFO] - Found 10 web elements with id: 'Object Repository/Butonlar/Butonlar' located by 'By.cssSelector: .panel.panel-default.text-center.footerPanel .btn,.btn.btn-primary.btnControls' in '10' second(s)

2021-10-21 14:13:05 - [MESSAGE][PASSED] - Method.TextDegerineEsitElementeTiklaEquals is PASSED

2021-10-21 14:13:05 - [TEST_STEP][PASSED] - Method.TextDegerineEsitElementeTikla(findTestObject("Popup/Popup_Butons"), "Evet"): Method.TextDegerineEsitElementeTikla is PASSED

2021-10-21 14:13:05 - [MESSAGE][INFO] - Finding Test Object 'Object Repository/Popup/Popup_Butons'

2021-10-21 14:13:05 - [MESSAGE][INFO] - Checking timeout

2021-10-21 14:13:05 - [MESSAGE][INFO] - Finding web element with id: 'Object Repository/Popup/Popup_Butons' located by 'By.cssSelector: .modal-footer>button' in '10' second(s)

2021-10-21 14:13:05 - [MESSAGE][INFO] - Smart Wait Function is triggered

2021-10-21 14:13:06 - [MESSAGE][INFO] - Found 2 web elements with id: 'Object Repository/Popup/Popup_Butons' located by 'By.cssSelector: .modal-footer>button' in '10' second(s)

2021-10-21 14:13:06 - [MESSAGE][PASSED] - Method.TextDegerineEsitElementeTikla is PASSED

2021-10-21 14:13:06 - [TEST_STEP][PASSED] - Method.TextDegerineEsitElementeTikla(findTestObject("Popup/Popup_Butons"), "Tamam"): Method.TextDegerineEsitElementeTikla is PASSED

2021-10-21 14:13:06 - [MESSAGE][INFO] - Finding Test Object 'Object Repository/Popup/Popup_Butons'

2021-10-21 14:13:06 - [MESSAGE][INFO] - Checking timeout

2021-10-21 14:13:06 - [MESSAGE][INFO] - Finding web element with id: 'Object Repository/Popup/Popup_Butons' located by 'By.cssSelector: .modal-footer>button' in '10' second(s)

2021-10-21 14:13:06 - [MESSAGE][INFO] - Smart Wait Function is triggered

2021-10-21 14:13:07 - [MESSAGE][INFO] - Found 1 web elements with id: 'Object Repository/Popup/Popup_Butons' located by 'By.cssSelector: .modal-footer>button' in '10' second(s)

2021-10-21 14:13:07 - [MESSAGE][PASSED] - Method.TextDegerineEsitElementeTikla is PASSED

2021-10-21 14:13:07 - [MESSAGE][PASSED] - Call Test Case 'Test Cases/Tablo/Olusturma Tarihi' successfully

2021-10-21 14:13:07 - [MESSAGE][INFO] - Checking called Test Case

2021-10-21 14:13:07 - [MESSAGE][INFO] - Starting to call Test Case 'Test Cases/Butonlar/ButonaTikla'

2021-10-21 14:13:07 - [TEST_CASE][PASSED] - Test Cases/Butonlar/ButonaTikla: Test Cases/Butonlar/ButonaTikla

2021-10-21 14:13:07 - [TEST_STEP][PASSED] - Method.TextDegerineEsitElementeTiklaEquals(findTestObject("Butonlar/Butonlar"), Buton_Adi): Method.TextDegerineEsitElementeTiklaEquals is PASSED

2021-10-21 14:13:07 - [MESSAGE][INFO] - Finding Test Object 'Object Repository/Butonlar/Butonlar'

2021-10-21 14:13:07 - [MESSAGE][INFO] - Checking timeout

2021-10-21 14:13:07 - [MESSAGE][INFO] - Finding web element with id: 'Object Repository/Butonlar/Butonlar' located by 'By.cssSelector: .panel.panel-default.text-center.footerPanel .btn,.btn.btn-primary.btnControls' in '10' second(s)

2021-10-21 14:13:07 - [MESSAGE][INFO] - Smart Wait Function is triggered

2021-10-21 14:13:08 - [MESSAGE][INFO] - Found 10 web elements with id: 'Object Repository/Butonlar/Butonlar' located by 'By.cssSelector: .panel.panel-default.text-center.footerPanel .btn,.btn.btn-primary.btnControls' in '10' second(s)

2021-10-21 14:13:08 - [MESSAGE][PASSED] - Method.TextDegerineEsitElementeTiklaEquals is PASSED

2021-10-21 14:13:08 - [MESSAGE][PASSED] - Call Test Case 'Test Cases/Butonlar/ButonaTikla' successfully

2021-10-21 14:13:08 - [MESSAGE][INFO] - Checking called Test Case

2021-10-21 14:13:08 - [MESSAGE][INFO] - Starting to call Test Case 'Test Cases/Olusturma/Genel/GorselTasarimSayfasıBasligiIceriyorMu'

2021-10-21 14:13:08 - [TEST_CASE][PASSED] - Test Cases/Olusturma/Genel/GorselTasarimSayfasıBasligiIceriyorMu: Test Cases/Olusturma/Genel/GorselTasarimSayfasıBasligiIceriyorMu

2021-10-21 14:13:08 - [TEST_STEP][PASSED] - verifyElementText(findTestObject("Object Repository/Olusturma/Genel/GorselTasarimBaslik"), Baslik): Actual text and expected text of test object 'Object Repository/Olusturma/Genel/GorselTasarimBaslik' are matched.

2021-10-21 14:13:08 - [MESSAGE][INFO] - Finding Test Object 'Object Repository/Olusturma/Genel/GorselTasarimBaslik'

2021-10-21 14:13:08 - [MESSAGE][INFO] - Checking object

2021-10-21 14:13:08 - [MESSAGE][INFO] - Finding web element from Test Object's properties

2021-10-21 14:13:08 - [MESSAGE][INFO] - Checking timeout

2021-10-21 14:13:08 - [MESSAGE][INFO] - Finding web element with id: 'Object Repository/Olusturma/Genel/GorselTasarimBaslik' located by 'By.cssSelector: #flAlici_0>div>span' in '30' second(s)

2021-10-21 14:13:08 - [MESSAGE][INFO] - Smart Wait Function is triggered

2021-10-21 14:13:13 - [MESSAGE][INFO] - Found 1 web elements with id: 'Object Repository/Olusturma/Genel/GorselTasarimBaslik' located by 'By.cssSelector: #flAlici_0>div>span' in '30' second(s)

2021-10-21 14:13:14 - [MESSAGE][PASSED] - Actual text and expected text of test object 'Object Repository/Olusturma/Genel/GorselTasarimBaslik' are matched.

2021-10-21 14:13:14 - [MESSAGE][PASSED] - Call Test Case 'Test Cases/Olusturma/Genel/GorselTasarimSayfasıBasligiIceriyorMu' successfully

2021-10-21 14:13:14 - [MESSAGE][INFO] - Checking called Test Case

2021-10-21 14:13:14 - [MESSAGE][INFO] - Starting to call Test Case 'Test Cases/Olusturma/Genel/AliciSecilir'

2021-10-21 14:13:14 - [TEST_CASE][PASSED] - Test Cases/Olusturma/Genel/AliciSecilir: Test Cases/Olusturma/Genel/AliciSecilir

2021-10-21 14:13:14 - [TEST_STEP][PASSED] - click(findTestObject("Olusturma/Genel/AliciBilgisi/Alici_Ara")): Object: 'Object Repository/Olusturma/Genel/AliciBilgisi/Alici_Ara' is clicked on

2021-10-21 14:13:14 - [MESSAGE][INFO] - Finding Test Object 'Object Repository/Olusturma/Genel/AliciBilgisi/Alici_Ara'

2021-10-21 14:13:14 - [MESSAGE][INFO] - Checking object

2021-10-21 14:13:14 - [MESSAGE][INFO] - Finding web element from Test Object's properties

2021-10-21 14:13:14 - [MESSAGE][INFO] - Checking timeout

2021-10-21 14:13:14 - [MESSAGE][INFO] - Finding web element with id: 'Object Repository/Olusturma/Genel/AliciBilgisi/Alici_Ara' located by 'By.xpath: //td[@id='txtCustomerText_B-1']' in '30' second(s)

2021-10-21 14:13:14 - [MESSAGE][INFO] - Smart Wait Function is triggered

2021-10-21 14:13:14 - [MESSAGE][INFO] - Found 1 web elements with id: 'Object Repository/Olusturma/Genel/AliciBilgisi/Alici_Ara' located by 'By.xpath: //td[@id='txtCustomerText_B-1']' in '30' second(s)

2021-10-21 14:13:14 - [MESSAGE][INFO] - Clicking on object: 'Object Repository/Olusturma/Genel/AliciBilgisi/Alici_Ara'

2021-10-21 14:13:14 - [MESSAGE][PASSED] - Object: 'Object Repository/Olusturma/Genel/AliciBilgisi/Alici_Ara' is clicked on

2021-10-21 14:13:14 - [TEST_STEP][PASSED] - click(findTestObject("Olusturma/Genel/AliciBilgisi/Alici_Bilgisi")): Object: 'Object Repository/Olusturma/Genel/AliciBilgisi/Alici_Bilgisi' is clicked on

2021-10-21 14:13:14 - [MESSAGE][INFO] - Finding Test Object 'Object Repository/Olusturma/Genel/AliciBilgisi/Alici_Bilgisi'

2021-10-21 14:13:14 - [MESSAGE][INFO] - Checking object

2021-10-21 14:13:14 - [MESSAGE][INFO] - Finding web element from Test Object's properties

2021-10-21 14:13:14 - [MESSAGE][INFO] - Checking timeout

2021-10-21 14:13:14 - [MESSAGE][INFO] - Finding web element with id: 'Object Repository/Olusturma/Genel/AliciBilgisi/Alici_Bilgisi' located by 'By.xpath: //iframe[@id='customerselectiframe']' in '30' second(s)

2021-10-21 14:13:14 - [MESSAGE][INFO] - Smart Wait Function is triggered

2021-10-21 14:13:15 - [MESSAGE][INFO] - Found 1 web elements with id: 'Object Repository/Olusturma/Genel/AliciBilgisi/Alici_Bilgisi' located by 'By.xpath: //iframe[@id='customerselectiframe']' in '30' second(s)

2021-10-21 14:13:15 - [MESSAGE][INFO] - Clicking on object: 'Object Repository/Olusturma/Genel/AliciBilgisi/Alici_Bilgisi'

2021-10-21 14:13:15 - [MESSAGE][PASSED] - Object: 'Object Repository/Olusturma/Genel/AliciBilgisi/Alici_Bilgisi' is clicked on

2021-10-21 14:13:15 - [TEST_STEP][PASSED] - setText(findTestObject("Olusturma/Genel/AliciBilgisi/Alici_Gir"), Alici_Adi): Switching to default content

2021-10-21 14:13:15 - [MESSAGE][INFO] - Finding Test Object 'Object Repository/Olusturma/Genel/AliciBilgisi/Alici_Gir'

2021-10-21 14:13:15 - [MESSAGE][INFO] - Finding Test Object 'Object Repository/Olusturma/Genel/AliciBilgisi/Alici_Bilgisi'

2021-10-21 14:13:15 - [MESSAGE][INFO] - Checking object

2021-10-21 14:13:15 - [MESSAGE][INFO] - Checking text

2021-10-21 14:13:15 - [MESSAGE][INFO] - Object: 'Object Repository/Olusturma/Genel/AliciBilgisi/Alici_Gir' has parent object(s)

2021-10-21 14:13:15 - [MESSAGE][INFO] - Switching to iframe: 'Object Repository/Olusturma/Genel/AliciBilgisi/Alici_Bilgisi'

2021-10-21 14:13:15 - [MESSAGE][INFO] - Finding web element from Test Object's properties

2021-10-21 14:13:15 - [MESSAGE][INFO] - Checking timeout

2021-10-21 14:13:15 - [MESSAGE][INFO] - Finding web element with id: 'Object Repository/Olusturma/Genel/AliciBilgisi/Alici_Bilgisi' located by 'By.xpath: //iframe[@id='customerselectiframe']' in '30' second(s)

2021-10-21 14:13:15 - [MESSAGE][INFO] - Smart Wait Function is triggered

2021-10-21 14:13:15 - [MESSAGE][INFO] - Found 1 web elements with id: 'Object Repository/Olusturma/Genel/AliciBilgisi/Alici_Bilgisi' located by 'By.xpath: //iframe[@id='customerselectiframe']' in '30' second(s)

2021-10-21 14:13:15 - [MESSAGE][INFO] - Switched to iframe: 'Object Repository/Olusturma/Genel/AliciBilgisi/Alici_Bilgisi'

2021-10-21 14:13:15 - [MESSAGE][INFO] - Finding web element from Test Object's properties

2021-10-21 14:13:15 - [MESSAGE][INFO] - Checking timeout

2021-10-21 14:13:15 - [MESSAGE][INFO] - Finding web element with id: 'Object Repository/Olusturma/Genel/AliciBilgisi/Alici_Gir' located by 'By.xpath: //input[@id='GridViewCustomer_DXFREditorcol1_I']' in '30' second(s)

2021-10-21 14:13:15 - [MESSAGE][INFO] - Smart Wait Function is triggered

2021-10-21 14:13:15 - [MESSAGE][INFO] - Found 1 web elements with id: 'Object Repository/Olusturma/Genel/AliciBilgisi/Alici_Gir' located by 'By.xpath: //input[@id='GridViewCustomer_DXFREditorcol1_I']' in '30' second(s)

2021-10-21 14:13:15 - [MESSAGE][INFO] - Clearing text of object 'Object Repository/Olusturma/Genel/AliciBilgisi/Alici_Gir'

2021-10-21 14:13:15 - [MESSAGE][INFO] - Finding web element from Test Object's properties

2021-10-21 14:13:15 - [MESSAGE][INFO] - Checking timeout

2021-10-21 14:13:15 - [MESSAGE][INFO] - Finding web element with id: 'Object Repository/Olusturma/Genel/AliciBilgisi/Alici_Gir' located by 'By.xpath: //input[@id='GridViewCustomer_DXFREditorcol1_I']' in '30' second(s)

2021-10-21 14:13:15 - [MESSAGE][INFO] - Smart Wait Function is triggered

2021-10-21 14:13:15 - [MESSAGE][INFO] - Found 1 web elements with id: 'Object Repository/Olusturma/Genel/AliciBilgisi/Alici_Gir' located by 'By.xpath: //input[@id='GridViewCustomer_DXFREditorcol1_I']' in '30' second(s)

2021-10-21 14:13:15 - [MESSAGE][INFO] - Setting text of object 'Object Repository/Olusturma/Genel/AliciBilgisi/Alici_Gir' to value 'UC0004'

2021-10-21 14:13:15 - [MESSAGE][PASSED] - Text 'UC0004' is set on object 'Object Repository/Olusturma/Genel/AliciBilgisi/Alici_Gir'

2021-10-21 14:13:15 - [MESSAGE][INFO] - Switching to default content

2021-10-21 14:13:15 - [TEST_STEP][PASSED] - waitForElementClickable(findTestObject("Olusturma/Genel/AliciBilgisi/Alici_Adi"), 10): Switching to default content

2021-10-21 14:13:15 - [MESSAGE][INFO] - Finding Test Object 'Object Repository/Olusturma/Genel/AliciBilgisi/Alici_Adi'

2021-10-21 14:13:16 - [MESSAGE][INFO] - Finding Test Object 'Object Repository/Olusturma/Genel/AliciBilgisi/iframe_Alc Bilgisi_customerselectiframe'

2021-10-21 14:13:16 - [MESSAGE][INFO] - Checking object

2021-10-21 14:13:16 - [MESSAGE][INFO] - Checking timeout

2021-10-21 14:13:16 - [MESSAGE][INFO] - Object: 'Object Repository/Olusturma/Genel/AliciBilgisi/Alici_Adi' has parent object(s)

2021-10-21 14:13:16 - [MESSAGE][INFO] - Switching to iframe: 'Object Repository/Olusturma/Genel/AliciBilgisi/iframe_Alc Bilgisi_customerselectiframe'

2021-10-21 14:13:16 - [MESSAGE][INFO] - Finding web element from Test Object's properties

2021-10-21 14:13:16 - [MESSAGE][INFO] - Checking timeout

2021-10-21 14:13:16 - [MESSAGE][INFO] - Finding web element with id: 'Object Repository/Olusturma/Genel/AliciBilgisi/iframe_Alc Bilgisi_customerselectiframe' located by 'By.xpath: //iframe[@id='customerselectiframe']' in '10' second(s)

2021-10-21 14:13:16 - [MESSAGE][INFO] - Smart Wait Function is triggered

2021-10-21 14:13:16 - [MESSAGE][INFO] - Found 1 web elements with id: 'Object Repository/Olusturma/Genel/AliciBilgisi/iframe_Alc Bilgisi_customerselectiframe' located by 'By.xpath: //iframe[@id='customerselectiframe']' in '10' second(s)

2021-10-21 14:13:16 - [MESSAGE][INFO] - Switched to iframe: 'Object Repository/Olusturma/Genel/AliciBilgisi/iframe_Alc Bilgisi_customerselectiframe'

2021-10-21 14:13:16 - [MESSAGE][INFO] - Finding web element from Test Object's properties

2021-10-21 14:13:16 - [MESSAGE][INFO] - Checking timeout

2021-10-21 14:13:16 - [MESSAGE][INFO] - Finding web element with id: 'Object Repository/Olusturma/Genel/AliciBilgisi/Alici_Adi' located by 'By.xpath: //tr[@id='GridViewCustomer_DXDataRow0']/td[2]' in '10' second(s)

2021-10-21 14:13:16 - [MESSAGE][INFO] - Smart Wait Function is triggered

2021-10-21 14:13:16 - [MESSAGE][INFO] - Found 1 web elements with id: 'Object Repository/Olusturma/Genel/AliciBilgisi/Alici_Adi' located by 'By.xpath: //tr[@id='GridViewCustomer_DXDataRow0']/td[2]' in '10' second(s)

2021-10-21 14:13:16 - [MESSAGE][PASSED] - Object 'Object Repository/Olusturma/Genel/AliciBilgisi/Alici_Adi' is clickable

2021-10-21 14:13:16 - [MESSAGE][INFO] - Switching to default content

2021-10-21 14:13:16 - [TEST_STEP][PASSED] - click(findTestObject("Olusturma/Genel/AliciBilgisi/frame")): Switching to default content

2021-10-21 14:13:16 - [MESSAGE][INFO] - Finding Test Object 'Object Repository/Olusturma/Genel/AliciBilgisi/frame'

2021-10-21 14:13:16 - [MESSAGE][INFO] - Finding Test Object 'Object Repository/Olusturma/Genel/AliciBilgisi/iframe_Alc Bilgisi_customerselectiframe'

2021-10-21 14:13:16 - [MESSAGE][INFO] - Checking object

2021-10-21 14:13:16 - [MESSAGE][INFO] - Object: 'Object Repository/Olusturma/Genel/AliciBilgisi/frame' has parent object(s)

2021-10-21 14:13:16 - [MESSAGE][INFO] - Switching to iframe: 'Object Repository/Olusturma/Genel/AliciBilgisi/iframe_Alc Bilgisi_customerselectiframe'

2021-10-21 14:13:16 - [MESSAGE][INFO] - Finding web element from Test Object's properties

2021-10-21 14:13:16 - [MESSAGE][INFO] - Checking timeout

2021-10-21 14:13:16 - [MESSAGE][INFO] - Finding web element with id: 'Object Repository/Olusturma/Genel/AliciBilgisi/iframe_Alc Bilgisi_customerselectiframe' located by 'By.xpath: //iframe[@id='customerselectiframe']' in '30' second(s)

2021-10-21 14:13:16 - [MESSAGE][INFO] - Smart Wait Function is triggered

2021-10-21 14:13:17 - [MESSAGE][INFO] - Found 1 web elements with id: 'Object Repository/Olusturma/Genel/AliciBilgisi/iframe_Alc Bilgisi_customerselectiframe' located by 'By.xpath: //iframe[@id='customerselectiframe']' in '30' second(s)

2021-10-21 14:13:17 - [MESSAGE][INFO] - Switched to iframe: 'Object Repository/Olusturma/Genel/AliciBilgisi/iframe_Alc Bilgisi_customerselectiframe'

2021-10-21 14:13:17 - [MESSAGE][INFO] - Finding web element from Test Object's properties

2021-10-21 14:13:17 - [MESSAGE][INFO] - Checking timeout

2021-10-21 14:13:17 - [MESSAGE][INFO] - Finding web element with id: 'Object Repository/Olusturma/Genel/AliciBilgisi/frame' located by 'By.xpath: //*/text()[normalize-space(.)='']/parent::*' in '30' second(s)

2021-10-21 14:13:17 - [MESSAGE][INFO] - Smart Wait Function is triggered

2021-10-21 14:13:17 - [MESSAGE][INFO] - Found 66 web elements with id: 'Object Repository/Olusturma/Genel/AliciBilgisi/frame' located by 'By.xpath: //*/text()[normalize-space(.)='']/parent::*' in '30' second(s)

2021-10-21 14:13:17 - [MESSAGE][INFO] - Clicking on object: 'Object Repository/Olusturma/Genel/AliciBilgisi/frame'

2021-10-21 14:13:17 - [MESSAGE][PASSED] - Object: 'Object Repository/Olusturma/Genel/AliciBilgisi/frame' is clicked on

2021-10-21 14:13:17 - [MESSAGE][INFO] - Switching to default content

2021-10-21 14:13:17 - [TEST_STEP][PASSED] - click(findTestObject("Olusturma/Genel/AliciBilgisi/Alici_Adi")): Switching to default content

2021-10-21 14:13:17 - [MESSAGE][INFO] - Finding Test Object 'Object Repository/Olusturma/Genel/AliciBilgisi/Alici_Adi'

2021-10-21 14:13:17 - [MESSAGE][INFO] - Finding Test Object 'Object Repository/Olusturma/Genel/AliciBilgisi/iframe_Alc Bilgisi_customerselectiframe'

2021-10-21 14:13:17 - [MESSAGE][INFO] - Checking object

2021-10-21 14:13:17 - [MESSAGE][INFO] - Object: 'Object Repository/Olusturma/Genel/AliciBilgisi/Alici_Adi' has parent object(s)

2021-10-21 14:13:17 - [MESSAGE][INFO] - Switching to iframe: 'Object Repository/Olusturma/Genel/AliciBilgisi/iframe_Alc Bilgisi_customerselectiframe'

2021-10-21 14:13:17 - [MESSAGE][INFO] - Finding web element from Test Object's properties

2021-10-21 14:13:17 - [MESSAGE][INFO] - Checking timeout

2021-10-21 14:13:17 - [MESSAGE][INFO] - Finding web element with id: 'Object Repository/Olusturma/Genel/AliciBilgisi/iframe_Alc Bilgisi_customerselectiframe' located by 'By.xpath: //iframe[@id='customerselectiframe']' in '30' second(s)

2021-10-21 14:13:17 - [MESSAGE][INFO] - Smart Wait Function is triggered

2021-10-21 14:13:17 - [MESSAGE][INFO] - Found 1 web elements with id: 'Object Repository/Olusturma/Genel/AliciBilgisi/iframe_Alc Bilgisi_customerselectiframe' located by 'By.xpath: //iframe[@id='customerselectiframe']' in '30' second(s)

2021-10-21 14:13:17 - [MESSAGE][INFO] - Switched to iframe: 'Object Repository/Olusturma/Genel/AliciBilgisi/iframe_Alc Bilgisi_customerselectiframe'

2021-10-21 14:13:17 - [MESSAGE][INFO] - Finding web element from Test Object's properties

2021-10-21 14:13:17 - [MESSAGE][INFO] - Checking timeout

2021-10-21 14:13:17 - [MESSAGE][INFO] - Finding web element with id: 'Object Repository/Olusturma/Genel/AliciBilgisi/Alici_Adi' located by 'By.xpath: //tr[@id='GridViewCustomer_DXDataRow0']/td[2]' in '30' second(s)

2021-10-21 14:13:17 - [MESSAGE][INFO] - Smart Wait Function is triggered

2021-10-21 14:13:17 - [MESSAGE][INFO] - Found 1 web elements with id: 'Object Repository/Olusturma/Genel/AliciBilgisi/Alici_Adi' located by 'By.xpath: //tr[@id='GridViewCustomer_DXDataRow0']/td[2]' in '30' second(s)

2021-10-21 14:13:17 - [MESSAGE][INFO] - Clicking on object: 'Object Repository/Olusturma/Genel/AliciBilgisi/Alici_Adi'

2021-10-21 14:13:17 - [MESSAGE][PASSED] - Object: 'Object Repository/Olusturma/Genel/AliciBilgisi/Alici_Adi' is clicked on

2021-10-21 14:13:17 - [MESSAGE][INFO] - Switching to default content

2021-10-21 14:13:17 - [TEST_STEP][PASSED] - click(findTestObject("Olusturma/Genel/AliciBilgisi/Tamam_Bosluk")): Switching to default content

2021-10-21 14:13:17 - [MESSAGE][INFO] - Finding Test Object 'Object Repository/Olusturma/Genel/AliciBilgisi/Tamam_Bosluk'

2021-10-21 14:13:17 - [MESSAGE][INFO] - Finding Test Object 'Object Repository/Olusturma/Genel/AliciBilgisi/Alici_Bilgisi'

2021-10-21 14:13:18 - [MESSAGE][INFO] - Checking object

2021-10-21 14:13:18 - [MESSAGE][INFO] - Object: 'Object Repository/Olusturma/Genel/AliciBilgisi/Tamam_Bosluk' has parent object(s)

2021-10-21 14:13:18 - [MESSAGE][INFO] - Switching to iframe: 'Object Repository/Olusturma/Genel/AliciBilgisi/Alici_Bilgisi'

2021-10-21 14:13:18 - [MESSAGE][INFO] - Finding web element from Test Object's properties

2021-10-21 14:13:18 - [MESSAGE][INFO] - Checking timeout

2021-10-21 14:13:18 - [MESSAGE][INFO] - Finding web element with id: 'Object Repository/Olusturma/Genel/AliciBilgisi/Alici_Bilgisi' located by 'By.xpath: //iframe[@id='customerselectiframe']' in '30' second(s)

2021-10-21 14:13:18 - [MESSAGE][INFO] - Smart Wait Function is triggered

2021-10-21 14:13:18 - [MESSAGE][INFO] - Found 1 web elements with id: 'Object Repository/Olusturma/Genel/AliciBilgisi/Alici_Bilgisi' located by 'By.xpath: //iframe[@id='customerselectiframe']' in '30' second(s)

2021-10-21 14:13:18 - [MESSAGE][INFO] - Switched to iframe: 'Object Repository/Olusturma/Genel/AliciBilgisi/Alici_Bilgisi'

2021-10-21 14:13:18 - [MESSAGE][INFO] - Finding web element from Test Object's properties

2021-10-21 14:13:18 - [MESSAGE][INFO] - Checking timeout

2021-10-21 14:13:18 - [MESSAGE][INFO] - Finding web element with id: 'Object Repository/Olusturma/Genel/AliciBilgisi/Tamam_Bosluk' located by 'By.xpath: (.//*[normalize-space(text()) and normalize-space(.)='Sayfa Boyutu:'])[1]/following::div[7]' in '30' second(s)

2021-10-21 14:13:18 - [MESSAGE][INFO] - Smart Wait Function is triggered

2021-10-21 14:13:18 - [MESSAGE][INFO] - Found 1 web elements with id: 'Object Repository/Olusturma/Genel/AliciBilgisi/Tamam_Bosluk' located by 'By.xpath: (.//*[normalize-space(text()) and normalize-space(.)='Sayfa Boyutu:'])[1]/following::div[7]' in '30' second(s)

2021-10-21 14:13:18 - [MESSAGE][INFO] - Clicking on object: 'Object Repository/Olusturma/Genel/AliciBilgisi/Tamam_Bosluk'

2021-10-21 14:13:18 - [MESSAGE][PASSED] - Object: 'Object Repository/Olusturma/Genel/AliciBilgisi/Tamam_Bosluk' is clicked on

2021-10-21 14:13:18 - [MESSAGE][INFO] - Switching to default content

2021-10-21 14:13:18 - [TEST_STEP][PASSED] - waitForElementClickable(findTestObject("Olusturma/Genel/AliciBilgisi/Tamam_Butonu"), 10): Switching to default content

2021-10-21 14:13:18 - [MESSAGE][INFO] - Finding Test Object 'Object Repository/Olusturma/Genel/AliciBilgisi/Tamam_Butonu'

2021-10-21 14:13:18 - [MESSAGE][INFO] - Finding Test Object 'Object Repository/Olusturma/Genel/AliciBilgisi/Alici_Bilgisi'

2021-10-21 14:13:18 - [MESSAGE][INFO] - Checking object

2021-10-21 14:13:18 - [MESSAGE][INFO] - Checking timeout

2021-10-21 14:13:18 - [MESSAGE][INFO] - Object: 'Object Repository/Olusturma/Genel/AliciBilgisi/Tamam_Butonu' has parent object(s)

2021-10-21 14:13:18 - [MESSAGE][INFO] - Switching to iframe: 'Object Repository/Olusturma/Genel/AliciBilgisi/Alici_Bilgisi'

2021-10-21 14:13:18 - [MESSAGE][INFO] - Finding web element from Test Object's properties

2021-10-21 14:13:18 - [MESSAGE][INFO] - Checking timeout

2021-10-21 14:13:18 - [MESSAGE][INFO] - Finding web element with id: 'Object Repository/Olusturma/Genel/AliciBilgisi/Alici_Bilgisi' located by 'By.xpath: //iframe[@id='customerselectiframe']' in '10' second(s)

2021-10-21 14:13:18 - [MESSAGE][INFO] - Smart Wait Function is triggered

2021-10-21 14:13:18 - [MESSAGE][INFO] - Found 1 web elements with id: 'Object Repository/Olusturma/Genel/AliciBilgisi/Alici_Bilgisi' located by 'By.xpath: //iframe[@id='customerselectiframe']' in '10' second(s)

2021-10-21 14:13:18 - [MESSAGE][INFO] - Switched to iframe: 'Object Repository/Olusturma/Genel/AliciBilgisi/Alici_Bilgisi'

2021-10-21 14:13:18 - [MESSAGE][INFO] - Finding web element from Test Object's properties

2021-10-21 14:13:18 - [MESSAGE][INFO] - Checking timeout

2021-10-21 14:13:18 - [MESSAGE][INFO] - Finding web element with id: 'Object Repository/Olusturma/Genel/AliciBilgisi/Tamam_Butonu' located by 'By.xpath: //div[@id='btnSelectCustomer_CD']/span' in '10' second(s)

2021-10-21 14:13:18 - [MESSAGE][INFO] - Smart Wait Function is triggered

2021-10-21 14:13:18 - [MESSAGE][INFO] - Found 1 web elements with id: 'Object Repository/Olusturma/Genel/AliciBilgisi/Tamam_Butonu' located by 'By.xpath: //div[@id='btnSelectCustomer_CD']/span' in '10' second(s)

2021-10-21 14:13:19 - [MESSAGE][PASSED] - Object 'Object Repository/Olusturma/Genel/AliciBilgisi/Tamam_Butonu' is clickable

2021-10-21 14:13:19 - [MESSAGE][INFO] - Switching to default content

2021-10-21 14:13:19 - [TEST_STEP][PASSED] - click(findTestObject("Olusturma/Genel/AliciBilgisi/Tamam_Butonu")): Switching to default content

2021-10-21 14:13:19 - [MESSAGE][INFO] - Finding Test Object 'Object Repository/Olusturma/Genel/AliciBilgisi/Tamam_Butonu'

2021-10-21 14:13:19 - [MESSAGE][INFO] - Finding Test Object 'Object Repository/Olusturma/Genel/AliciBilgisi/Alici_Bilgisi'

2021-10-21 14:13:19 - [MESSAGE][INFO] - Checking object

2021-10-21 14:13:19 - [MESSAGE][INFO] - Object: 'Object Repository/Olusturma/Genel/AliciBilgisi/Tamam_Butonu' has parent object(s)

2021-10-21 14:13:19 - [MESSAGE][INFO] - Switching to iframe: 'Object Repository/Olusturma/Genel/AliciBilgisi/Alici_Bilgisi'

2021-10-21 14:13:19 - [MESSAGE][INFO] - Finding web element from Test Object's properties

2021-10-21 14:13:19 - [MESSAGE][INFO] - Checking timeout

2021-10-21 14:13:19 - [MESSAGE][INFO] - Finding web element with id: 'Object Repository/Olusturma/Genel/AliciBilgisi/Alici_Bilgisi' located by 'By.xpath: //iframe[@id='customerselectiframe']' in '30' second(s)

2021-10-21 14:13:19 - [MESSAGE][INFO] - Smart Wait Function is triggered

2021-10-21 14:13:19 - [MESSAGE][INFO] - Found 1 web elements with id: 'Object Repository/Olusturma/Genel/AliciBilgisi/Alici_Bilgisi' located by 'By.xpath: //iframe[@id='customerselectiframe']' in '30' second(s)

2021-10-21 14:13:19 - [MESSAGE][INFO] - Switched to iframe: 'Object Repository/Olusturma/Genel/AliciBilgisi/Alici_Bilgisi'

2021-10-21 14:13:19 - [MESSAGE][INFO] - Finding web element from Test Object's properties

2021-10-21 14:13:19 - [MESSAGE][INFO] - Checking timeout

2021-10-21 14:13:19 - [MESSAGE][INFO] - Finding web element with id: 'Object Repository/Olusturma/Genel/AliciBilgisi/Tamam_Butonu' located by 'By.xpath: //div[@id='btnSelectCustomer_CD']/span' in '30' second(s)

2021-10-21 14:13:19 - [MESSAGE][INFO] - Smart Wait Function is triggered

2021-10-21 14:13:19 - [MESSAGE][INFO] - Found 1 web elements with id: 'Object Repository/Olusturma/Genel/AliciBilgisi/Tamam_Butonu' located by 'By.xpath: //div[@id='btnSelectCustomer_CD']/span' in '30' second(s)

2021-10-21 14:13:19 - [MESSAGE][INFO] - Clicking on object: 'Object Repository/Olusturma/Genel/AliciBilgisi/Tamam_Butonu'

2021-10-21 14:13:19 - [MESSAGE][PASSED] - Object: 'Object Repository/Olusturma/Genel/AliciBilgisi/Tamam_Butonu' is clicked on

2021-10-21 14:13:19 - [MESSAGE][INFO] - Switching to default content

2021-10-21 14:13:19 - [TEST_STEP][PASSED] - waitForElementPresent(findTestObject("Olusturma/Genel/AliciBilgisi/VKN-TCKN"), 10): Object 'Object Repository/Olusturma/Genel/AliciBilgisi/VKN-TCKN' is present

2021-10-21 14:13:19 - [MESSAGE][INFO] - Finding Test Object 'Object Repository/Olusturma/Genel/AliciBilgisi/VKN-TCKN'

2021-10-21 14:13:19 - [MESSAGE][INFO] - Checking object

2021-10-21 14:13:19 - [MESSAGE][INFO] - Finding web element from Test Object's properties

2021-10-21 14:13:19 - [MESSAGE][INFO] - Checking timeout

2021-10-21 14:13:19 - [MESSAGE][INFO] - Finding web element with id: 'Object Repository/Olusturma/Genel/AliciBilgisi/VKN-TCKN' located by 'By.xpath: //*[@id = 'txtVknTckn_I']' in '10' second(s)

2021-10-21 14:13:19 - [MESSAGE][INFO] - Smart Wait Function is triggered

2021-10-21 14:13:20 - [MESSAGE][INFO] - Found 1 web elements with id: 'Object Repository/Olusturma/Genel/AliciBilgisi/VKN-TCKN' located by 'By.xpath: //*[@id = 'txtVknTckn_I']' in '10' second(s)

2021-10-21 14:13:20 - [MESSAGE][PASSED] - Object 'Object Repository/Olusturma/Genel/AliciBilgisi/VKN-TCKN' is present

2021-10-21 14:13:20 - [TEST_STEP][PASSED] - text = getAttribute(findTestObject("Olusturma/Genel/AliciBilgisi/VKN-TCKN"), "value"): Attribute 'value' of object 'Object Repository/Olusturma/Genel/AliciBilgisi/VKN-TCKN' is: '5327841420'

2021-10-21 14:13:20 - [MESSAGE][INFO] - Finding Test Object 'Object Repository/Olusturma/Genel/AliciBilgisi/VKN-TCKN'

2021-10-21 14:13:20 - [MESSAGE][INFO] - Checking object

2021-10-21 14:13:20 - [MESSAGE][INFO] - Checking attribute

2021-10-21 14:13:20 - [MESSAGE][INFO] - Finding web element from Test Object's properties

2021-10-21 14:13:20 - [MESSAGE][INFO] - Checking timeout

2021-10-21 14:13:20 - [MESSAGE][INFO] - Finding web element with id: 'Object Repository/Olusturma/Genel/AliciBilgisi/VKN-TCKN' located by 'By.xpath: //*[@id = 'txtVknTckn_I']' in '30' second(s)

2021-10-21 14:13:20 - [MESSAGE][INFO] - Smart Wait Function is triggered

2021-10-21 14:13:20 - [MESSAGE][INFO] - Found 1 web elements with id: 'Object Repository/Olusturma/Genel/AliciBilgisi/VKN-TCKN' located by 'By.xpath: //*[@id = 'txtVknTckn_I']' in '30' second(s)

2021-10-21 14:13:20 - [MESSAGE][INFO] - Getting attribute 'value' of object 'Object Repository/Olusturma/Genel/AliciBilgisi/VKN-TCKN'

2021-10-21 14:13:20 - [MESSAGE][PASSED] - Attribute 'value' of object 'Object Repository/Olusturma/Genel/AliciBilgisi/VKN-TCKN' is: '5327841420'

2021-10-21 14:13:20 - [TEST_STEP][PASSED] - if (text.equals("")): null

2021-10-21 14:13:20 - [MESSAGE][PASSED] - Call Test Case 'Test Cases/Olusturma/Genel/AliciSecilir' successfully

2021-10-21 14:13:20 - [MESSAGE][INFO] - Checking called Test Case

2021-10-21 14:13:20 - [MESSAGE][INFO] - Starting to call Test Case 'Test Cases/Olusturma/Genel/GonderimSekliSecilir'

2021-10-21 14:13:20 - [TEST_CASE][PASSED] - Test Cases/Olusturma/Genel/GonderimSekliSecilir: Test Cases/Olusturma/Genel/GonderimSekliSecilir

2021-10-21 14:13:20 - [TEST_STEP][PASSED] - waitForElementClickable(findTestObject("Object Repository/Olusturma/Genel/GonderimSekli/GonderimSekli"), 10): Object 'Object Repository/Olusturma/Genel/GonderimSekli/GonderimSekli' is clickable

2021-10-21 14:13:20 - [MESSAGE][INFO] - Finding Test Object 'Object Repository/Olusturma/Genel/GonderimSekli/GonderimSekli'

2021-10-21 14:13:20 - [MESSAGE][INFO] - Checking object

2021-10-21 14:13:20 - [MESSAGE][INFO] - Checking timeout

2021-10-21 14:13:20 - [MESSAGE][INFO] - Finding web element from Test Object's properties

2021-10-21 14:13:20 - [MESSAGE][INFO] - Checking timeout

2021-10-21 14:13:20 - [MESSAGE][INFO] - Finding web element with id: 'Object Repository/Olusturma/Genel/GonderimSekli/GonderimSekli' located by 'By.xpath: //*[@id = 'txtGonderimSekil_I']' in '10' second(s)

2021-10-21 14:13:20 - [MESSAGE][INFO] - Smart Wait Function is triggered

2021-10-21 14:13:21 - [MESSAGE][INFO] - Found 1 web elements with id: 'Object Repository/Olusturma/Genel/GonderimSekli/GonderimSekli' located by 'By.xpath: //*[@id = 'txtGonderimSekil_I']' in '10' second(s)

2021-10-21 14:13:21 - [MESSAGE][PASSED] - Object 'Object Repository/Olusturma/Genel/GonderimSekli/GonderimSekli' is clickable

2021-10-21 14:13:21 - [TEST_STEP][PASSED] - click(findTestObject("Object Repository/Olusturma/Genel/GonderimSekli/GonderimSekli")): Object: 'Object Repository/Olusturma/Genel/GonderimSekli/GonderimSekli' is clicked on

2021-10-21 14:13:21 - [MESSAGE][INFO] - Finding Test Object 'Object Repository/Olusturma/Genel/GonderimSekli/GonderimSekli'

2021-10-21 14:13:21 - [MESSAGE][INFO] - Checking object

2021-10-21 14:13:21 - [MESSAGE][INFO] - Finding web element from Test Object's properties

2021-10-21 14:13:21 - [MESSAGE][INFO] - Checking timeout

2021-10-21 14:13:21 - [MESSAGE][INFO] - Finding web element with id: 'Object Repository/Olusturma/Genel/GonderimSekli/GonderimSekli' located by 'By.xpath: //*[@id = 'txtGonderimSekil_I']' in '30' second(s)

2021-10-21 14:13:21 - [MESSAGE][INFO] - Smart Wait Function is triggered

2021-10-21 14:13:21 - [MESSAGE][INFO] - Found 1 web elements with id: 'Object Repository/Olusturma/Genel/GonderimSekli/GonderimSekli' located by 'By.xpath: //*[@id = 'txtGonderimSekil_I']' in '30' second(s)

2021-10-21 14:13:21 - [MESSAGE][INFO] - Clicking on object: 'Object Repository/Olusturma/Genel/GonderimSekli/GonderimSekli'

2021-10-21 14:13:21 - [MESSAGE][PASSED] - Object: 'Object Repository/Olusturma/Genel/GonderimSekli/GonderimSekli' is clicked on

2021-10-21 14:13:21 - [TEST_STEP][PASSED] - Method.TextDegerineEsitElementeTikla(findTestObject("Object Repository/Olusturma/Genel/GonderimSekli/GonderimSekliAdi"), GonderimSekli): Method.TextDegerineEsitElementeTikla is PASSED

2021-10-21 14:13:21 - [MESSAGE][INFO] - Finding Test Object 'Object Repository/Olusturma/Genel/GonderimSekli/GonderimSekliAdi'

2021-10-21 14:13:21 - [MESSAGE][INFO] - Checking timeout

2021-10-21 14:13:21 - [MESSAGE][INFO] - Finding web element with id: 'Object Repository/Olusturma/Genel/GonderimSekli/GonderimSekliAdi' located by 'By.cssSelector: #txtGonderimSekil_DDD_L_LBT td' in '10' second(s)

2021-10-21 14:13:21 - [MESSAGE][INFO] - Smart Wait Function is triggered

2021-10-21 14:13:22 - [MESSAGE][INFO] - Found 2 web elements with id: 'Object Repository/Olusturma/Genel/GonderimSekli/GonderimSekliAdi' located by 'By.cssSelector: #txtGonderimSekil_DDD_L_LBT td' in '10' second(s)

2021-10-21 14:13:22 - [MESSAGE][PASSED] - Method.TextDegerineEsitElementeTikla is PASSED

2021-10-21 14:13:22 - [MESSAGE][PASSED] - Call Test Case 'Test Cases/Olusturma/Genel/GonderimSekliSecilir' successfully

2021-10-21 14:13:22 - [MESSAGE][INFO] - Checking called Test Case

2021-10-21 14:13:22 - [MESSAGE][INFO] - Starting to call Test Case 'Test Cases/Olusturma/Genel/TipSecilir'

2021-10-21 14:13:22 - [TEST_CASE][PASSED] - Test Cases/Olusturma/Genel/TipSecilir: Test Cases/Olusturma/Genel/TipSecilir

2021-10-21 14:13:22 - [TEST_STEP][PASSED] - waitForElementClickable(findTestObject("Olusturma/Genel/TipSecilir/Tip"), 10): Object 'Object Repository/Olusturma/Genel/TipSecilir/Tip' is clickable

2021-10-21 14:13:22 - [MESSAGE][INFO] - Finding Test Object 'Object Repository/Olusturma/Genel/TipSecilir/Tip'

2021-10-21 14:13:22 - [MESSAGE][INFO] - Checking object

2021-10-21 14:13:22 - [MESSAGE][INFO] - Checking timeout

2021-10-21 14:13:22 - [MESSAGE][INFO] - Finding web element from Test Object's properties

2021-10-21 14:13:22 - [MESSAGE][INFO] - Checking timeout

2021-10-21 14:13:22 - [MESSAGE][INFO] - Finding web element with id: 'Object Repository/Olusturma/Genel/TipSecilir/Tip' located by 'By.xpath: //*[@id = 'DocumentTypeCode_I']' in '10' second(s)

2021-10-21 14:13:22 - [MESSAGE][INFO] - Smart Wait Function is triggered

2021-10-21 14:13:22 - [MESSAGE][INFO] - Found 1 web elements with id: 'Object Repository/Olusturma/Genel/TipSecilir/Tip' located by 'By.xpath: //*[@id = 'DocumentTypeCode_I']' in '10' second(s)

2021-10-21 14:13:22 - [MESSAGE][PASSED] - Object 'Object Repository/Olusturma/Genel/TipSecilir/Tip' is clickable

2021-10-21 14:13:22 - [TEST_STEP][PASSED] - click(findTestObject("Olusturma/Genel/TipSecilir/Tip")): Object: 'Object Repository/Olusturma/Genel/TipSecilir/Tip' is clicked on

2021-10-21 14:13:22 - [MESSAGE][INFO] - Finding Test Object 'Object Repository/Olusturma/Genel/TipSecilir/Tip'

2021-10-21 14:13:23 - [MESSAGE][INFO] - Checking object

2021-10-21 14:13:23 - [MESSAGE][INFO] - Finding web element from Test Object's properties

2021-10-21 14:13:23 - [MESSAGE][INFO] - Checking timeout

2021-10-21 14:13:23 - [MESSAGE][INFO] - Finding web element with id: 'Object Repository/Olusturma/Genel/TipSecilir/Tip' located by 'By.xpath: //*[@id = 'DocumentTypeCode_I']' in '30' second(s)

2021-10-21 14:13:23 - [MESSAGE][INFO] - Smart Wait Function is triggered

2021-10-21 14:13:23 - [MESSAGE][INFO] - Found 1 web elements with id: 'Object Repository/Olusturma/Genel/TipSecilir/Tip' located by 'By.xpath: //*[@id = 'DocumentTypeCode_I']' in '30' second(s)

2021-10-21 14:13:23 - [MESSAGE][INFO] - Clicking on object: 'Object Repository/Olusturma/Genel/TipSecilir/Tip'

2021-10-21 14:13:23 - [MESSAGE][PASSED] - Object: 'Object Repository/Olusturma/Genel/TipSecilir/Tip' is clicked on

2021-10-21 14:13:23 - [TEST_STEP][PASSED] - Method.TextDegerineEsitElementeTikla(findTestObject("Object Repository/Olusturma/Genel/TipSecilir/Tip_Adi"), Tip): Method.TextDegerineEsitElementeTikla is PASSED

2021-10-21 14:13:23 - [MESSAGE][INFO] - Finding Test Object 'Object Repository/Olusturma/Genel/TipSecilir/Tip_Adi'

2021-10-21 14:13:23 - [MESSAGE][INFO] - Checking timeout

2021-10-21 14:13:23 - [MESSAGE][INFO] - Finding web element with id: 'Object Repository/Olusturma/Genel/TipSecilir/Tip_Adi' located by 'By.cssSelector: #DocumentTypeCode_DDD_L_LBT td' in '10' second(s)

2021-10-21 14:13:23 - [MESSAGE][INFO] - Smart Wait Function is triggered

2021-10-21 14:13:24 - [MESSAGE][INFO] - Found 9 web elements with id: 'Object Repository/Olusturma/Genel/TipSecilir/Tip_Adi' located by 'By.cssSelector: #DocumentTypeCode_DDD_L_LBT td' in '10' second(s)

2021-10-21 14:13:24 - [MESSAGE][PASSED] - Method.TextDegerineEsitElementeTikla is PASSED

2021-10-21 14:13:24 - [MESSAGE][PASSED] - Call Test Case 'Test Cases/Olusturma/Genel/TipSecilir' successfully

2021-10-21 14:13:24 - [MESSAGE][INFO] - Checking called Test Case

2021-10-21 14:13:24 - [MESSAGE][INFO] - Starting to call Test Case 'Test Cases/Olusturma/Genel/DokumanParaBirimiSecilir'

2021-10-21 14:13:24 - [TEST_CASE][PASSED] - Test Cases/Olusturma/Genel/DokumanParaBirimiSecilir: Test Cases/Olusturma/Genel/DokumanParaBirimiSecilir

2021-10-21 14:13:24 - [TEST_STEP][PASSED] - waitForElementClickable(findTestObject("Object Repository/Olusturma/Genel/DokumanParaBirimiSecilir/Para"), 10): Object 'Object Repository/Olusturma/Genel/DokumanParaBirimiSecilir/Para' is clickable

2021-10-21 14:13:24 - [MESSAGE][INFO] - Finding Test Object 'Object Repository/Olusturma/Genel/DokumanParaBirimiSecilir/Para'

2021-10-21 14:13:24 - [MESSAGE][INFO] - Checking object

2021-10-21 14:13:24 - [MESSAGE][INFO] - Checking timeout

2021-10-21 14:13:24 - [MESSAGE][INFO] - Finding web element from Test Object's properties

2021-10-21 14:13:24 - [MESSAGE][INFO] - Checking timeout

2021-10-21 14:13:24 - [MESSAGE][INFO] - Finding web element with id: 'Object Repository/Olusturma/Genel/DokumanParaBirimiSecilir/Para' located by 'By.xpath: //*[@id = 'CurrencyUnit_I']' in '10' second(s)

2021-10-21 14:13:24 - [MESSAGE][INFO] - Smart Wait Function is triggered

2021-10-21 14:13:25 - [MESSAGE][INFO] - Found 1 web elements with id: 'Object Repository/Olusturma/Genel/DokumanParaBirimiSecilir/Para' located by 'By.xpath: //*[@id = 'CurrencyUnit_I']' in '10' second(s)

2021-10-21 14:13:25 - [MESSAGE][PASSED] - Object 'Object Repository/Olusturma/Genel/DokumanParaBirimiSecilir/Para' is clickable

2021-10-21 14:13:25 - [TEST_STEP][PASSED] - click(findTestObject("Object Repository/Olusturma/Genel/DokumanParaBirimiSecilir/Para")): Object: 'Object Repository/Olusturma/Genel/DokumanParaBirimiSecilir/Para' is clicked on

2021-10-21 14:13:25 - [MESSAGE][INFO] - Finding Test Object 'Object Repository/Olusturma/Genel/DokumanParaBirimiSecilir/Para'

2021-10-21 14:13:25 - [MESSAGE][INFO] - Checking object

2021-10-21 14:13:25 - [MESSAGE][INFO] - Finding web element from Test Object's properties

2021-10-21 14:13:25 - [MESSAGE][INFO] - Checking timeout

2021-10-21 14:13:25 - [MESSAGE][INFO] - Finding web element with id: 'Object Repository/Olusturma/Genel/DokumanParaBirimiSecilir/Para' located by 'By.xpath: //*[@id = 'CurrencyUnit_I']' in '30' second(s)

2021-10-21 14:13:25 - [MESSAGE][INFO] - Smart Wait Function is triggered

2021-10-21 14:13:26 - [MESSAGE][INFO] - Found 1 web elements with id: 'Object Repository/Olusturma/Genel/DokumanParaBirimiSecilir/Para' located by 'By.xpath: //*[@id = 'CurrencyUnit_I']' in '30' second(s)

2021-10-21 14:13:26 - [MESSAGE][INFO] - Clicking on object: 'Object Repository/Olusturma/Genel/DokumanParaBirimiSecilir/Para'

2021-10-21 14:13:26 - [MESSAGE][PASSED] - Object: 'Object Repository/Olusturma/Genel/DokumanParaBirimiSecilir/Para' is clicked on

2021-10-21 14:13:26 - [TEST_STEP][PASSED] - Method.TextDegerineEsitElementeTikla(findTestObject("Object Repository/Olusturma/Genel/DokumanParaBirimiSecilir/Para_Adi"), Para): Method.TextDegerineEsitElementeTikla is PASSED

2021-10-21 14:13:26 - [MESSAGE][INFO] - Finding Test Object 'Object Repository/Olusturma/Genel/DokumanParaBirimiSecilir/Para_Adi'

2021-10-21 14:13:26 - [MESSAGE][INFO] - Checking timeout

2021-10-21 14:13:26 - [MESSAGE][INFO] - Finding web element with id: 'Object Repository/Olusturma/Genel/DokumanParaBirimiSecilir/Para_Adi' located by 'By.cssSelector: #CurrencyUnit_DDD_L_LBT td' in '10' second(s)

2021-10-21 14:13:26 - [MESSAGE][INFO] - Smart Wait Function is triggered

2021-10-21 14:13:26 - [MESSAGE][INFO] - Found 203 web elements with id: 'Object Repository/Olusturma/Genel/DokumanParaBirimiSecilir/Para_Adi' located by 'By.cssSelector: #CurrencyUnit_DDD_L_LBT td' in '10' second(s)

2021-10-21 14:13:32 - [MESSAGE][PASSED] - Method.TextDegerineEsitElementeTikla is PASSED

2021-10-21 14:13:32 - [MESSAGE][PASSED] - Call Test Case 'Test Cases/Olusturma/Genel/DokumanParaBirimiSecilir' successfully

2021-10-21 14:13:32 - [MESSAGE][INFO] - Checking called Test Case

2021-10-21 14:13:32 - [MESSAGE][INFO] - Starting to call Test Case 'Test Cases/Olusturma/Genel/OnEkSecilir'

2021-10-21 14:13:32 - [TEST_CASE][PASSED] - Test Cases/Olusturma/Genel/OnEkSecilir: Test Cases/Olusturma/Genel/OnEkSecilir

2021-10-21 14:13:32 - [TEST_STEP][PASSED] - waitForElementClickable(findTestObject("Object Repository/Olusturma/Genel/OnEkSecilir/OnEk"), 10): Object 'Object Repository/Olusturma/Genel/OnEkSecilir/OnEk' is clickable

2021-10-21 14:13:32 - [MESSAGE][INFO] - Finding Test Object 'Object Repository/Olusturma/Genel/OnEkSecilir/OnEk'

2021-10-21 14:13:32 - [MESSAGE][INFO] - Checking object

2021-10-21 14:13:32 - [MESSAGE][INFO] - Checking timeout

2021-10-21 14:13:32 - [MESSAGE][INFO] - Finding web element from Test Object's properties

2021-10-21 14:13:32 - [MESSAGE][INFO] - Checking timeout

2021-10-21 14:13:32 - [MESSAGE][INFO] - Finding web element with id: 'Object Repository/Olusturma/Genel/OnEkSecilir/OnEk' located by 'By.xpath: //*[@id = 'InvoicePrefix_I']' in '10' second(s)

2021-10-21 14:13:32 - [MESSAGE][INFO] - Smart Wait Function is triggered

2021-10-21 14:13:32 - [MESSAGE][INFO] - Found 1 web elements with id: 'Object Repository/Olusturma/Genel/OnEkSecilir/OnEk' located by 'By.xpath: //*[@id = 'InvoicePrefix_I']' in '10' second(s)

2021-10-21 14:13:32 - [MESSAGE][PASSED] - Object 'Object Repository/Olusturma/Genel/OnEkSecilir/OnEk' is clickable

2021-10-21 14:13:32 - [TEST_STEP][PASSED] - click(findTestObject("Object Repository/Olusturma/Genel/OnEkSecilir/OnEk")): Object: 'Object Repository/Olusturma/Genel/OnEkSecilir/OnEk' is clicked on

2021-10-21 14:13:32 - [MESSAGE][INFO] - Finding Test Object 'Object Repository/Olusturma/Genel/OnEkSecilir/OnEk'

2021-10-21 14:13:33 - [MESSAGE][INFO] - Checking object

2021-10-21 14:13:33 - [MESSAGE][INFO] - Finding web element from Test Object's properties

2021-10-21 14:13:33 - [MESSAGE][INFO] - Checking timeout

2021-10-21 14:13:33 - [MESSAGE][INFO] - Finding web element with id: 'Object Repository/Olusturma/Genel/OnEkSecilir/OnEk' located by 'By.xpath: //*[@id = 'InvoicePrefix_I']' in '30' second(s)

2021-10-21 14:13:33 - [MESSAGE][INFO] - Smart Wait Function is triggered

2021-10-21 14:13:33 - [MESSAGE][INFO] - Found 1 web elements with id: 'Object Repository/Olusturma/Genel/OnEkSecilir/OnEk' located by 'By.xpath: //*[@id = 'InvoicePrefix_I']' in '30' second(s)

2021-10-21 14:13:33 - [MESSAGE][INFO] - Clicking on object: 'Object Repository/Olusturma/Genel/OnEkSecilir/OnEk'

2021-10-21 14:13:33 - [MESSAGE][PASSED] - Object: 'Object Repository/Olusturma/Genel/OnEkSecilir/OnEk' is clicked on

2021-10-21 14:13:33 - [TEST_STEP][PASSED] - Method.TextDegerineEsitElementeTiklaEquals(findTestObject("Object Repository/Olusturma/Genel/OnEkSecilir/OnEkAdi"), Ek): Method.TextDegerineEsitElementeTiklaEquals is PASSED

2021-10-21 14:13:33 - [MESSAGE][INFO] - Finding Test Object 'Object Repository/Olusturma/Genel/OnEkSecilir/OnEkAdi'

2021-10-21 14:13:33 - [MESSAGE][INFO] - Checking timeout

2021-10-21 14:13:33 - [MESSAGE][INFO] - Finding web element with id: 'Object Repository/Olusturma/Genel/OnEkSecilir/OnEkAdi' located by 'By.cssSelector: #InvoicePrefix_DDD_L_LBT td' in '10' second(s)

2021-10-21 14:13:33 - [MESSAGE][INFO] - Smart Wait Function is triggered

2021-10-21 14:13:33 - [MESSAGE][INFO] - Found 1 web elements with id: 'Object Repository/Olusturma/Genel/OnEkSecilir/OnEkAdi' located by 'By.cssSelector: #InvoicePrefix_DDD_L_LBT td' in '10' second(s)

2021-10-21 14:13:34 - [MESSAGE][PASSED] - Method.TextDegerineEsitElementeTiklaEquals is PASSED

2021-10-21 14:13:34 - [MESSAGE][PASSED] - Call Test Case 'Test Cases/Olusturma/Genel/OnEkSecilir' successfully

2021-10-21 14:13:34 - [MESSAGE][INFO] - Checking called Test Case

2021-10-21 14:13:34 - [MESSAGE][INFO] - Starting to call Test Case 'Test Cases/Olusturma/Genel/TasarimSecilir'

2021-10-21 14:13:34 - [TEST_CASE][PASSED] - Test Cases/Olusturma/Genel/TasarimSecilir: Test Cases/Olusturma/Genel/TasarimSecilir

2021-10-21 14:13:34 - [TEST_STEP][PASSED] - waitForElementClickable(findTestObject("Object Repository/Olusturma/Genel/TasarimSecilir/Tasarim"), 10): Object 'Object Repository/Olusturma/Genel/TasarimSecilir/Tasarim' is clickable

2021-10-21 14:13:34 - [MESSAGE][INFO] - Finding Test Object 'Object Repository/Olusturma/Genel/TasarimSecilir/Tasarim'

2021-10-21 14:13:34 - [MESSAGE][INFO] - Checking object

2021-10-21 14:13:34 - [MESSAGE][INFO] - Checking timeout

2021-10-21 14:13:34 - [MESSAGE][INFO] - Finding web element from Test Object's properties

2021-10-21 14:13:34 - [MESSAGE][INFO] - Checking timeout

2021-10-21 14:13:34 - [MESSAGE][INFO] - Finding web element with id: 'Object Repository/Olusturma/Genel/TasarimSecilir/Tasarim' located by 'By.xpath: //*[@id = 'DesignId_I']' in '10' second(s)

2021-10-21 14:13:34 - [MESSAGE][INFO] - Smart Wait Function is triggered

2021-10-21 14:13:34 - [MESSAGE][INFO] - Found 1 web elements with id: 'Object Repository/Olusturma/Genel/TasarimSecilir/Tasarim' located by 'By.xpath: //*[@id = 'DesignId_I']' in '10' second(s)

2021-10-21 14:13:34 - [MESSAGE][PASSED] - Object 'Object Repository/Olusturma/Genel/TasarimSecilir/Tasarim' is clickable

2021-10-21 14:13:34 - [TEST_STEP][PASSED] - click(findTestObject("Object Repository/Olusturma/Genel/TasarimSecilir/Tasarim")): Object: 'Object Repository/Olusturma/Genel/TasarimSecilir/Tasarim' is clicked on

2021-10-21 14:13:34 - [MESSAGE][INFO] - Finding Test Object 'Object Repository/Olusturma/Genel/TasarimSecilir/Tasarim'

2021-10-21 14:13:34 - [MESSAGE][INFO] - Checking object

2021-10-21 14:13:34 - [MESSAGE][INFO] - Finding web element from Test Object's properties

2021-10-21 14:13:34 - [MESSAGE][INFO] - Checking timeout

2021-10-21 14:13:34 - [MESSAGE][INFO] - Finding web element with id: 'Object Repository/Olusturma/Genel/TasarimSecilir/Tasarim' located by 'By.xpath: //*[@id = 'DesignId_I']' in '30' second(s)

2021-10-21 14:13:34 - [MESSAGE][INFO] - Smart Wait Function is triggered

2021-10-21 14:13:35 - [MESSAGE][INFO] - Found 1 web elements with id: 'Object Repository/Olusturma/Genel/TasarimSecilir/Tasarim' located by 'By.xpath: //*[@id = 'DesignId_I']' in '30' second(s)

2021-10-21 14:13:35 - [MESSAGE][INFO] - Clicking on object: 'Object Repository/Olusturma/Genel/TasarimSecilir/Tasarim'

2021-10-21 14:13:35 - [MESSAGE][PASSED] - Object: 'Object Repository/Olusturma/Genel/TasarimSecilir/Tasarim' is clicked on

2021-10-21 14:13:35 - [TEST_STEP][PASSED] - Method.TextDegerineEsitElementeTikla(findTestObject("Object Repository/Olusturma/Genel/TasarimSecilir/Tasarim_Adi"), Tasarim): Method.TextDegerineEsitElementeTikla is PASSED

2021-10-21 14:13:35 - [MESSAGE][INFO] - Finding Test Object 'Object Repository/Olusturma/Genel/TasarimSecilir/Tasarim_Adi'

2021-10-21 14:13:35 - [MESSAGE][INFO] - Checking timeout

2021-10-21 14:13:35 - [MESSAGE][INFO] - Finding web element with id: 'Object Repository/Olusturma/Genel/TasarimSecilir/Tasarim_Adi' located by 'By.cssSelector: #DesignId_DDD_L_LBT td' in '10' second(s)

2021-10-21 14:13:35 - [MESSAGE][INFO] - Smart Wait Function is triggered

2021-10-21 14:13:35 - [MESSAGE][INFO] - Found 1 web elements with id: 'Object Repository/Olusturma/Genel/TasarimSecilir/Tasarim_Adi' located by 'By.cssSelector: #DesignId_DDD_L_LBT td' in '10' second(s)

2021-10-21 14:13:36 - [MESSAGE][PASSED] - Method.TextDegerineEsitElementeTikla is PASSED

2021-10-21 14:13:36 - [MESSAGE][PASSED] - Call Test Case 'Test Cases/Olusturma/Genel/TasarimSecilir' successfully

2021-10-21 14:13:36 - [MESSAGE][INFO] - Checking called Test Case

2021-10-21 14:13:36 - [MESSAGE][INFO] - Starting to call Test Case 'Test Cases/Olusturma/Genel/Kutular/SiparisBilgileriGirilir'

2021-10-21 14:13:36 - [TEST_CASE][PASSED] - Test Cases/Olusturma/Genel/Kutular/SiparisBilgileriGirilir: Test Cases/Olusturma/Genel/Kutular/SiparisBilgileriGirilir

2021-10-21 14:13:36 - [TEST_STEP][PASSED] - Method.TextDegerineEsitElementeTikla(findTestObject("Olusturma/Genel/Kutular/KapaliKutular"), "Sipariş Bilgileri"): Method.TextDegerineEsitElementeTikla is PASSED

2021-10-21 14:13:36 - [MESSAGE][INFO] - Finding Test Object 'Object Repository/Olusturma/Genel/Kutular/KapaliKutular'

2021-10-21 14:13:36 - [MESSAGE][INFO] - Checking timeout

2021-10-21 14:13:36 - [MESSAGE][INFO] - Finding web element with id: 'Object Repository/Olusturma/Genel/Kutular/KapaliKutular' located by 'By.cssSelector: .dxnb-headerCollapsed>span' in '10' second(s)

2021-10-21 14:13:36 - [MESSAGE][INFO] - Smart Wait Function is triggered

2021-10-21 14:13:36 - [MESSAGE][INFO] - Found 8 web elements with id: 'Object Repository/Olusturma/Genel/Kutular/KapaliKutular' located by 'By.cssSelector: .dxnb-headerCollapsed>span' in '10' second(s)

2021-10-21 14:13:36 - [MESSAGE][PASSED] - Method.TextDegerineEsitElementeTikla is PASSED

2021-10-21 14:13:36 - [TEST_STEP][PASSED] - waitForElementPresent(findTestObject("Object Repository/Olusturma/Genel/Kutular/SiparisBilgileri/SiparisNo"), 10): Object 'Object Repository/Olusturma/Genel/Kutular/SiparisBilgileri/SiparisNo' is present

2021-10-21 14:13:36 - [MESSAGE][INFO] - Finding Test Object 'Object Repository/Olusturma/Genel/Kutular/SiparisBilgileri/SiparisNo'

2021-10-21 14:13:36 - [MESSAGE][INFO] - Checking object

2021-10-21 14:13:36 - [MESSAGE][INFO] - Finding web element from Test Object's properties

2021-10-21 14:13:36 - [MESSAGE][INFO] - Checking timeout

2021-10-21 14:13:36 - [MESSAGE][INFO] - Finding web element with id: 'Object Repository/Olusturma/Genel/Kutular/SiparisBilgileri/SiparisNo' located by 'By.xpath: //*[@id = 'txtSiparisNo_I']' in '10' second(s)

2021-10-21 14:13:36 - [MESSAGE][INFO] - Smart Wait Function is triggered

2021-10-21 14:13:37 - [MESSAGE][INFO] - Found 1 web elements with id: 'Object Repository/Olusturma/Genel/Kutular/SiparisBilgileri/SiparisNo' located by 'By.xpath: //*[@id = 'txtSiparisNo_I']' in '10' second(s)

2021-10-21 14:13:37 - [MESSAGE][PASSED] - Object 'Object Repository/Olusturma/Genel/Kutular/SiparisBilgileri/SiparisNo' is present

2021-10-21 14:13:37 - [TEST_STEP][PASSED] - clearText(findTestObject("Object Repository/Olusturma/Genel/Kutular/SiparisBilgileri/SiparisNo")): Text of object 'Object Repository/Olusturma/Genel/Kutular/SiparisBilgileri/SiparisNo' is cleared

2021-10-21 14:13:37 - [MESSAGE][INFO] - Finding Test Object 'Object Repository/Olusturma/Genel/Kutular/SiparisBilgileri/SiparisNo'

2021-10-21 14:13:37 - [MESSAGE][INFO] - Checking object

2021-10-21 14:13:37 - [MESSAGE][INFO] - Finding web element from Test Object's properties

2021-10-21 14:13:37 - [MESSAGE][INFO] - Checking timeout

2021-10-21 14:13:37 - [MESSAGE][INFO] - Finding web element with id: 'Object Repository/Olusturma/Genel/Kutular/SiparisBilgileri/SiparisNo' located by 'By.xpath: //*[@id = 'txtSiparisNo_I']' in '30' second(s)

2021-10-21 14:13:37 - [MESSAGE][INFO] - Smart Wait Function is triggered

2021-10-21 14:13:37 - [MESSAGE][INFO] - Found 1 web elements with id: 'Object Repository/Olusturma/Genel/Kutular/SiparisBilgileri/SiparisNo' located by 'By.xpath: //*[@id = 'txtSiparisNo_I']' in '30' second(s)

2021-10-21 14:13:37 - [MESSAGE][INFO] - Clearing text of object 'Object Repository/Olusturma/Genel/Kutular/SiparisBilgileri/SiparisNo'

2021-10-21 14:13:37 - [MESSAGE][PASSED] - Text of object 'Object Repository/Olusturma/Genel/Kutular/SiparisBilgileri/SiparisNo' is cleared

2021-10-21 14:13:37 - [TEST_STEP][PASSED] - sendKeys(findTestObject("Object Repository/Olusturma/Genel/Kutular/SiparisBilgileri/SiparisNo"), SiparisNo): Keys 'UUC-SAT-1200001' sent to object: 'Object Repository/Olusturma/Genel/Kutular/SiparisBilgileri/SiparisNo'

2021-10-21 14:13:37 - [MESSAGE][INFO] - Finding Test Object 'Object Repository/Olusturma/Genel/Kutular/SiparisBilgileri/SiparisNo'

2021-10-21 14:13:37 - [MESSAGE][INFO] - Sending keys 'UUC-SAT-1200001' to object: 'Object Repository/Olusturma/Genel/Kutular/SiparisBilgileri/SiparisNo'

2021-10-21 14:13:37 - [MESSAGE][INFO] - Finding web element from Test Object's properties

2021-10-21 14:13:37 - [MESSAGE][INFO] - Checking timeout

2021-10-21 14:13:37 - [MESSAGE][INFO] - Finding web element with id: 'Object Repository/Olusturma/Genel/Kutular/SiparisBilgileri/SiparisNo' located by 'By.xpath: //*[@id = 'txtSiparisNo_I']' in '30' second(s)

2021-10-21 14:13:37 - [MESSAGE][INFO] - Smart Wait Function is triggered

2021-10-21 14:13:38 - [MESSAGE][INFO] - Found 1 web elements with id: 'Object Repository/Olusturma/Genel/Kutular/SiparisBilgileri/SiparisNo' located by 'By.xpath: //*[@id = 'txtSiparisNo_I']' in '30' second(s)

2021-10-21 14:13:38 - [MESSAGE][PASSED] - Keys 'UUC-SAT-1200001' sent to object: 'Object Repository/Olusturma/Genel/Kutular/SiparisBilgileri/SiparisNo'

2021-10-21 14:13:38 - [TEST_STEP][PASSED] - waitForElementClickable(findTestObject("Object Repository/Olusturma/Genel/Kutular/SiparisBilgileri/SiparisTarihiImage"), 10): Object 'Object Repository/Olusturma/Genel/Kutular/SiparisBilgileri/SiparisTarihiImage' is clickable

2021-10-21 14:13:38 - [MESSAGE][INFO] - Finding Test Object 'Object Repository/Olusturma/Genel/Kutular/SiparisBilgileri/SiparisTarihiImage'

2021-10-21 14:13:38 - [MESSAGE][INFO] - Checking object

2021-10-21 14:13:38 - [MESSAGE][INFO] - Checking timeout

2021-10-21 14:13:38 - [MESSAGE][INFO] - Finding web element from Test Object's properties

2021-10-21 14:13:38 - [MESSAGE][INFO] - Checking timeout

2021-10-21 14:13:38 - [MESSAGE][INFO] - Finding web element with id: 'Object Repository/Olusturma/Genel/Kutular/SiparisBilgileri/SiparisTarihiImage' located by 'By.cssSelector: #dateSiparisTarih img' in '10' second(s)

2021-10-21 14:13:38 - [MESSAGE][INFO] - Smart Wait Function is triggered

2021-10-21 14:13:38 - [MESSAGE][INFO] - Found 1 web elements with id: 'Object Repository/Olusturma/Genel/Kutular/SiparisBilgileri/SiparisTarihiImage' located by 'By.cssSelector: #dateSiparisTarih img' in '10' second(s)

2021-10-21 14:13:38 - [MESSAGE][PASSED] - Object 'Object Repository/Olusturma/Genel/Kutular/SiparisBilgileri/SiparisTarihiImage' is clickable

2021-10-21 14:13:38 - [TEST_STEP][PASSED] - click(findTestObject("Object Repository/Olusturma/Genel/Kutular/SiparisBilgileri/SiparisTarihiImage")): Object: 'Object Repository/Olusturma/Genel/Kutular/SiparisBilgileri/SiparisTarihiImage' is clicked on

2021-10-21 14:13:38 - [MESSAGE][INFO] - Finding Test Object 'Object Repository/Olusturma/Genel/Kutular/SiparisBilgileri/SiparisTarihiImage'

2021-10-21 14:13:38 - [MESSAGE][INFO] - Checking object

2021-10-21 14:13:38 - [MESSAGE][INFO] - Finding web element from Test Object's properties

2021-10-21 14:13:38 - [MESSAGE][INFO] - Checking timeout

2021-10-21 14:13:38 - [MESSAGE][INFO] - Finding web element with id: 'Object Repository/Olusturma/Genel/Kutular/SiparisBilgileri/SiparisTarihiImage' located by 'By.cssSelector: #dateSiparisTarih img' in '30' second(s)

2021-10-21 14:13:38 - [MESSAGE][INFO] - Smart Wait Function is triggered

2021-10-21 14:13:39 - [MESSAGE][INFO] - Found 1 web elements with id: 'Object Repository/Olusturma/Genel/Kutular/SiparisBilgileri/SiparisTarihiImage' located by 'By.cssSelector: #dateSiparisTarih img' in '30' second(s)

2021-10-21 14:13:39 - [MESSAGE][INFO] - Clicking on object: 'Object Repository/Olusturma/Genel/Kutular/SiparisBilgileri/SiparisTarihiImage'

2021-10-21 14:13:39 - [MESSAGE][PASSED] - Object: 'Object Repository/Olusturma/Genel/Kutular/SiparisBilgileri/SiparisTarihiImage' is clicked on

2021-10-21 14:13:39 - [TEST_STEP][PASSED] - waitForElementPresent(findTestObject("Object Repository/Olusturma/Genel/Kutular/SiparisBilgileri/SiparisTarihi"), 10): Object 'Object Repository/Olusturma/Genel/Kutular/SiparisBilgileri/SiparisTarihi' is present

2021-10-21 14:13:39 - [MESSAGE][INFO] - Finding Test Object 'Object Repository/Olusturma/Genel/Kutular/SiparisBilgileri/SiparisTarihi'

2021-10-21 14:13:39 - [MESSAGE][INFO] - Checking object

2021-10-21 14:13:39 - [MESSAGE][INFO] - Finding web element from Test Object's properties

2021-10-21 14:13:39 - [MESSAGE][INFO] - Checking timeout

2021-10-21 14:13:39 - [MESSAGE][INFO] - Finding web element with id: 'Object Repository/Olusturma/Genel/Kutular/SiparisBilgileri/SiparisTarihi' located by 'By.xpath: //*[@id = 'dateSiparisTarih_I']' in '10' second(s)

2021-10-21 14:13:39 - [MESSAGE][INFO] - Smart Wait Function is triggered

2021-10-21 14:13:39 - [MESSAGE][INFO] - Found 1 web elements with id: 'Object Repository/Olusturma/Genel/Kutular/SiparisBilgileri/SiparisTarihi' located by 'By.xpath: //*[@id = 'dateSiparisTarih_I']' in '10' second(s)

2021-10-21 14:13:39 - [MESSAGE][PASSED] - Object 'Object Repository/Olusturma/Genel/Kutular/SiparisBilgileri/SiparisTarihi' is present

2021-10-21 14:13:39 - [TEST_STEP][PASSED] - clearText(findTestObject("Object Repository/Olusturma/Genel/Kutular/SiparisBilgileri/SiparisTarihi")): Text of object 'Object Repository/Olusturma/Genel/Kutular/SiparisBilgileri/SiparisTarihi' is cleared

2021-10-21 14:13:39 - [MESSAGE][INFO] - Finding Test Object 'Object Repository/Olusturma/Genel/Kutular/SiparisBilgileri/SiparisTarihi'

2021-10-21 14:13:39 - [MESSAGE][INFO] - Checking object

2021-10-21 14:13:39 - [MESSAGE][INFO] - Finding web element from Test Object's properties

2021-10-21 14:13:39 - [MESSAGE][INFO] - Checking timeout

2021-10-21 14:13:39 - [MESSAGE][INFO] - Finding web element with id: 'Object Repository/Olusturma/Genel/Kutular/SiparisBilgileri/SiparisTarihi' located by 'By.xpath: //*[@id = 'dateSiparisTarih_I']' in '30' second(s)

2021-10-21 14:13:39 - [MESSAGE][INFO] - Smart Wait Function is triggered

2021-10-21 14:13:40 - [MESSAGE][INFO] - Found 1 web elements with id: 'Object Repository/Olusturma/Genel/Kutular/SiparisBilgileri/SiparisTarihi' located by 'By.xpath: //*[@id = 'dateSiparisTarih_I']' in '30' second(s)

2021-10-21 14:13:40 - [MESSAGE][INFO] - Clearing text of object 'Object Repository/Olusturma/Genel/Kutular/SiparisBilgileri/SiparisTarihi'

2021-10-21 14:13:40 - [MESSAGE][PASSED] - Text of object 'Object Repository/Olusturma/Genel/Kutular/SiparisBilgileri/SiparisTarihi' is cleared

2021-10-21 14:13:40 - [TEST_STEP][PASSED] - sendKeys(findTestObject("Object Repository/Olusturma/Genel/Kutular/SiparisBilgileri/SiparisTarihi"), Tarih): Keys '31.04.2020' sent to object: 'Object Repository/Olusturma/Genel/Kutular/SiparisBilgileri/SiparisTarihi'

2021-10-21 14:13:40 - [MESSAGE][INFO] - Finding Test Object 'Object Repository/Olusturma/Genel/Kutular/SiparisBilgileri/SiparisTarihi'

2021-10-21 14:13:40 - [MESSAGE][INFO] - Sending keys '31.04.2020' to object: 'Object Repository/Olusturma/Genel/Kutular/SiparisBilgileri/SiparisTarihi'

2021-10-21 14:13:40 - [MESSAGE][INFO] - Finding web element from Test Object's properties

2021-10-21 14:13:40 - [MESSAGE][INFO] - Checking timeout

2021-10-21 14:13:40 - [MESSAGE][INFO] - Finding web element with id: 'Object Repository/Olusturma/Genel/Kutular/SiparisBilgileri/SiparisTarihi' located by 'By.xpath: //*[@id = 'dateSiparisTarih_I']' in '30' second(s)

2021-10-21 14:13:40 - [MESSAGE][INFO] - Smart Wait Function is triggered

2021-10-21 14:13:40 - [MESSAGE][INFO] - Found 1 web elements with id: 'Object Repository/Olusturma/Genel/Kutular/SiparisBilgileri/SiparisTarihi' located by 'By.xpath: //*[@id = 'dateSiparisTarih_I']' in '30' second(s)

2021-10-21 14:13:40 - [MESSAGE][PASSED] - Keys '31.04.2020' sent to object: 'Object Repository/Olusturma/Genel/Kutular/SiparisBilgileri/SiparisTarihi'

2021-10-21 14:13:40 - [MESSAGE][PASSED] - Call Test Case 'Test Cases/Olusturma/Genel/Kutular/SiparisBilgileriGirilir' successfully

2021-10-21 14:13:40 - [MESSAGE][INFO] - Checking called Test Case

2021-10-21 14:13:40 - [MESSAGE][INFO] - Starting to call Test Case 'Test Cases/Olusturma/Genel/Kutular/IrsaliyeBilgileri'

2021-10-21 14:13:40 - [TEST_CASE][PASSED] - Test Cases/Olusturma/Genel/Kutular/IrsaliyeBilgileri: Test Cases/Olusturma/Genel/Kutular/IrsaliyeBilgileri

2021-10-21 14:13:40 - [TEST_STEP][PASSED] - Method.TextDegerineEsitElementeTikla(findTestObject("Olusturma/Genel/Kutular/KapaliKutular"), "İrsaliye Bilgileri"): Method.TextDegerineEsitElementeTikla is PASSED

2021-10-21 14:13:40 - [MESSAGE][INFO] - Finding Test Object 'Object Repository/Olusturma/Genel/Kutular/KapaliKutular'

2021-10-21 14:13:40 - [MESSAGE][INFO] - Checking timeout

2021-10-21 14:13:40 - [MESSAGE][INFO] - Finding web element with id: 'Object Repository/Olusturma/Genel/Kutular/KapaliKutular' located by 'By.cssSelector: .dxnb-headerCollapsed>span' in '10' second(s)

2021-10-21 14:13:40 - [MESSAGE][INFO] - Smart Wait Function is triggered

2021-10-21 14:13:41 - [MESSAGE][INFO] - Found 8 web elements with id: 'Object Repository/Olusturma/Genel/Kutular/KapaliKutular' located by 'By.cssSelector: .dxnb-headerCollapsed>span' in '10' second(s)

2021-10-21 14:13:41 - [MESSAGE][PASSED] - Method.TextDegerineEsitElementeTikla is PASSED

2021-10-21 14:13:41 - [TEST_STEP][PASSED] - waitForElementClickable(findTestObject("Olusturma/Genel/Kutular/IrsaliyeBilgileri/Ekle"), 10): Object 'Object Repository/Olusturma/Genel/Kutular/IrsaliyeBilgileri/Ekle' is clickable

2021-10-21 14:13:41 - [MESSAGE][INFO] - Finding Test Object 'Object Repository/Olusturma/Genel/Kutular/IrsaliyeBilgileri/Ekle'

2021-10-21 14:13:41 - [MESSAGE][INFO] - Checking object

2021-10-21 14:13:41 - [MESSAGE][INFO] - Checking timeout

2021-10-21 14:13:41 - [MESSAGE][INFO] - Finding web element from Test Object's properties

2021-10-21 14:13:41 - [MESSAGE][INFO] - Checking timeout

2021-10-21 14:13:41 - [MESSAGE][INFO] - Finding web element with id: 'Object Repository/Olusturma/Genel/Kutular/IrsaliyeBilgileri/Ekle' located by 'By.xpath: //*[@id = 'DXEditorgvUserInvoiceBillsNewRowBtn']' in '10' second(s)

2021-10-21 14:13:41 - [MESSAGE][INFO] - Smart Wait Function is triggered

2021-10-21 14:13:41 - [MESSAGE][INFO] - Found 1 web elements with id: 'Object Repository/Olusturma/Genel/Kutular/IrsaliyeBilgileri/Ekle' located by 'By.xpath: //*[@id = 'DXEditorgvUserInvoiceBillsNewRowBtn']' in '10' second(s)

2021-10-21 14:13:41 - [MESSAGE][PASSED] - Object 'Object Repository/Olusturma/Genel/Kutular/IrsaliyeBilgileri/Ekle' is clickable

2021-10-21 14:13:41 - [TEST_STEP][PASSED] - click(findTestObject("Olusturma/Genel/Kutular/IrsaliyeBilgileri/Ekle")): Object: 'Object Repository/Olusturma/Genel/Kutular/IrsaliyeBilgileri/Ekle' is clicked on

2021-10-21 14:13:41 - [MESSAGE][INFO] - Finding Test Object 'Object Repository/Olusturma/Genel/Kutular/IrsaliyeBilgileri/Ekle'

2021-10-21 14:13:42 - [MESSAGE][INFO] - Checking object

2021-10-21 14:13:42 - [MESSAGE][INFO] - Finding web element from Test Object's properties

2021-10-21 14:13:42 - [MESSAGE][INFO] - Checking timeout

2021-10-21 14:13:42 - [MESSAGE][INFO] - Finding web element with id: 'Object Repository/Olusturma/Genel/Kutular/IrsaliyeBilgileri/Ekle' located by 'By.xpath: //*[@id = 'DXEditorgvUserInvoiceBillsNewRowBtn']' in '30' second(s)

2021-10-21 14:13:42 - [MESSAGE][INFO] - Smart Wait Function is triggered

2021-10-21 14:13:42 - [MESSAGE][INFO] - Found 1 web elements with id: 'Object Repository/Olusturma/Genel/Kutular/IrsaliyeBilgileri/Ekle' located by 'By.xpath: //*[@id = 'DXEditorgvUserInvoiceBillsNewRowBtn']' in '30' second(s)

2021-10-21 14:13:42 - [MESSAGE][INFO] - Clicking on object: 'Object Repository/Olusturma/Genel/Kutular/IrsaliyeBilgileri/Ekle'

2021-10-21 14:13:42 - [MESSAGE][PASSED] - Object: 'Object Repository/Olusturma/Genel/Kutular/IrsaliyeBilgileri/Ekle' is clicked on

2021-10-21 14:13:42 - [TEST_STEP][PASSED] - waitForElementPresent(findTestObject("Object Repository/Olusturma/Genel/Kutular/IrsaliyeBilgileri/IrsaliyeNumarasi"), 10): Object 'Object Repository/Olusturma/Genel/Kutular/IrsaliyeBilgileri/IrsaliyeNumarasi' is present

2021-10-21 14:13:42 - [MESSAGE][INFO] - Finding Test Object 'Object Repository/Olusturma/Genel/Kutular/IrsaliyeBilgileri/IrsaliyeNumarasi'

2021-10-21 14:13:42 - [MESSAGE][INFO] - Checking object

2021-10-21 14:13:42 - [MESSAGE][INFO] - Finding web element from Test Object's properties

2021-10-21 14:13:42 - [MESSAGE][INFO] - Checking timeout

2021-10-21 14:13:42 - [MESSAGE][INFO] - Finding web element with id: 'Object Repository/Olusturma/Genel/Kutular/IrsaliyeBilgileri/IrsaliyeNumarasi' located by 'By.xpath: //*[@id = 'gvUserInvoiceBills_DXEditor1_I']' in '10' second(s)

2021-10-21 14:13:42 - [MESSAGE][INFO] - Smart Wait Function is triggered

2021-10-21 14:13:42 - [MESSAGE][INFO] - Smart Wait Function is triggered

2021-10-21 14:13:43 - [MESSAGE][INFO] - Found 1 web elements with id: 'Object Repository/Olusturma/Genel/Kutular/IrsaliyeBilgileri/IrsaliyeNumarasi' located by 'By.xpath: //*[@id = 'gvUserInvoiceBills_DXEditor1_I']' in '10' second(s)

2021-10-21 14:13:43 - [MESSAGE][PASSED] - Object 'Object Repository/Olusturma/Genel/Kutular/IrsaliyeBilgileri/IrsaliyeNumarasi' is present

2021-10-21 14:13:43 - [TEST_STEP][PASSED] - clearText(findTestObject("Object Repository/Olusturma/Genel/Kutular/IrsaliyeBilgileri/IrsaliyeNumarasi")): Text of object 'Object Repository/Olusturma/Genel/Kutular/IrsaliyeBilgileri/IrsaliyeNumarasi' is cleared

2021-10-21 14:13:43 - [MESSAGE][INFO] - Finding Test Object 'Object Repository/Olusturma/Genel/Kutular/IrsaliyeBilgileri/IrsaliyeNumarasi'

2021-10-21 14:13:44 - [MESSAGE][INFO] - Checking object

2021-10-21 14:13:44 - [MESSAGE][INFO] - Finding web element from Test Object's properties

2021-10-21 14:13:44 - [MESSAGE][INFO] - Checking timeout

2021-10-21 14:13:44 - [MESSAGE][INFO] - Finding web element with id: 'Object Repository/Olusturma/Genel/Kutular/IrsaliyeBilgileri/IrsaliyeNumarasi' located by 'By.xpath: //*[@id = 'gvUserInvoiceBills_DXEditor1_I']' in '30' second(s)

2021-10-21 14:13:44 - [MESSAGE][INFO] - Smart Wait Function is triggered

2021-10-21 14:13:44 - [MESSAGE][INFO] - Found 1 web elements with id: 'Object Repository/Olusturma/Genel/Kutular/IrsaliyeBilgileri/IrsaliyeNumarasi' located by 'By.xpath: //*[@id = 'gvUserInvoiceBills_DXEditor1_I']' in '30' second(s)

2021-10-21 14:13:44 - [MESSAGE][INFO] - Clearing text of object 'Object Repository/Olusturma/Genel/Kutular/IrsaliyeBilgileri/IrsaliyeNumarasi'

2021-10-21 14:13:44 - [MESSAGE][PASSED] - Text of object 'Object Repository/Olusturma/Genel/Kutular/IrsaliyeBilgileri/IrsaliyeNumarasi' is cleared

2021-10-21 14:13:44 - [TEST_STEP][PASSED] - sendKeys(findTestObject("Object Repository/Olusturma/Genel/Kutular/IrsaliyeBilgileri/IrsaliyeNumarasi"), Numara): Keys 'AAAAAAAAAA' sent to object: 'Object Repository/Olusturma/Genel/Kutular/IrsaliyeBilgileri/IrsaliyeNumarasi'

2021-10-21 14:13:44 - [MESSAGE][INFO] - Finding Test Object 'Object Repository/Olusturma/Genel/Kutular/IrsaliyeBilgileri/IrsaliyeNumarasi'

2021-10-21 14:13:44 - [MESSAGE][INFO] - Sending keys 'AAAAAAAAAA' to object: 'Object Repository/Olusturma/Genel/Kutular/IrsaliyeBilgileri/IrsaliyeNumarasi'

2021-10-21 14:13:44 - [MESSAGE][INFO] - Finding web element from Test Object's properties

2021-10-21 14:13:44 - [MESSAGE][INFO] - Checking timeout

2021-10-21 14:13:44 - [MESSAGE][INFO] - Finding web element with id: 'Object Repository/Olusturma/Genel/Kutular/IrsaliyeBilgileri/IrsaliyeNumarasi' located by 'By.xpath: //*[@id = 'gvUserInvoiceBills_DXEditor1_I']' in '30' second(s)

2021-10-21 14:13:44 - [MESSAGE][INFO] - Smart Wait Function is triggered

2021-10-21 14:13:44 - [MESSAGE][INFO] - Found 1 web elements with id: 'Object Repository/Olusturma/Genel/Kutular/IrsaliyeBilgileri/IrsaliyeNumarasi' located by 'By.xpath: //*[@id = 'gvUserInvoiceBills_DXEditor1_I']' in '30' second(s)

2021-10-21 14:13:44 - [MESSAGE][PASSED] - Keys 'AAAAAAAAAA' sent to object: 'Object Repository/Olusturma/Genel/Kutular/IrsaliyeBilgileri/IrsaliyeNumarasi'

2021-10-21 14:13:44 - [TEST_STEP][PASSED] - waitForElementClickable(findTestObject("Object Repository/Olusturma/Genel/Kutular/IrsaliyeBilgileri/IrsaliyeTarihi"), 10): Object 'Object Repository/Olusturma/Genel/Kutular/IrsaliyeBilgileri/IrsaliyeTarihi' is clickable

2021-10-21 14:13:44 - [MESSAGE][INFO] - Finding Test Object 'Object Repository/Olusturma/Genel/Kutular/IrsaliyeBilgileri/IrsaliyeTarihi'

2021-10-21 14:13:45 - [MESSAGE][INFO] - Checking object

2021-10-21 14:13:45 - [MESSAGE][INFO] - Checking timeout

2021-10-21 14:13:45 - [MESSAGE][INFO] - Finding web element from Test Object's properties

2021-10-21 14:13:45 - [MESSAGE][INFO] - Checking timeout

2021-10-21 14:13:45 - [MESSAGE][INFO] - Finding web element with id: 'Object Repository/Olusturma/Genel/Kutular/IrsaliyeBilgileri/IrsaliyeTarihi' located by 'By.xpath: //*[@id = 'gvUserInvoiceBills_DXEditor2_I']' in '10' second(s)

2021-10-21 14:13:45 - [MESSAGE][INFO] - Smart Wait Function is triggered

2021-10-21 14:13:45 - [MESSAGE][INFO] - Found 1 web elements with id: 'Object Repository/Olusturma/Genel/Kutular/IrsaliyeBilgileri/IrsaliyeTarihi' located by 'By.xpath: //*[@id = 'gvUserInvoiceBills_DXEditor2_I']' in '10' second(s)

2021-10-21 14:13:45 - [MESSAGE][PASSED] - Object 'Object Repository/Olusturma/Genel/Kutular/IrsaliyeBilgileri/IrsaliyeTarihi' is clickable

2021-10-21 14:13:45 - [TEST_STEP][PASSED] - click(findTestObject("Object Repository/Olusturma/Genel/Kutular/IrsaliyeBilgileri/IrsaliyeTarihi")): Object: 'Object Repository/Olusturma/Genel/Kutular/IrsaliyeBilgileri/IrsaliyeTarihi' is clicked on

2021-10-21 14:13:45 - [MESSAGE][INFO] - Finding Test Object 'Object Repository/Olusturma/Genel/Kutular/IrsaliyeBilgileri/IrsaliyeTarihi'

2021-10-21 14:13:45 - [MESSAGE][INFO] - Checking object

2021-10-21 14:13:45 - [MESSAGE][INFO] - Finding web element from Test Object's properties

2021-10-21 14:13:45 - [MESSAGE][INFO] - Checking timeout

2021-10-21 14:13:45 - [MESSAGE][INFO] - Finding web element with id: 'Object Repository/Olusturma/Genel/Kutular/IrsaliyeBilgileri/IrsaliyeTarihi' located by 'By.xpath: //*[@id = 'gvUserInvoiceBills_DXEditor2_I']' in '30' second(s)

2021-10-21 14:13:45 - [MESSAGE][INFO] - Smart Wait Function is triggered

2021-10-21 14:13:45 - [MESSAGE][INFO] - Found 1 web elements with id: 'Object Repository/Olusturma/Genel/Kutular/IrsaliyeBilgileri/IrsaliyeTarihi' located by 'By.xpath: //*[@id = 'gvUserInvoiceBills_DXEditor2_I']' in '30' second(s)

2021-10-21 14:13:45 - [MESSAGE][INFO] - Clicking on object: 'Object Repository/Olusturma/Genel/Kutular/IrsaliyeBilgileri/IrsaliyeTarihi'

2021-10-21 14:13:45 - [MESSAGE][PASSED] - Object: 'Object Repository/Olusturma/Genel/Kutular/IrsaliyeBilgileri/IrsaliyeTarihi' is clicked on

2021-10-21 14:13:45 - [TEST_STEP][PASSED] - sendKeys(findTestObject("Object Repository/Olusturma/Genel/Kutular/IrsaliyeBilgileri/IrsaliyeTarihi"), Tarih): Keys '31.04.2020' sent to object: 'Object Repository/Olusturma/Genel/Kutular/IrsaliyeBilgileri/IrsaliyeTarihi'

2021-10-21 14:13:45 - [MESSAGE][INFO] - Finding Test Object 'Object Repository/Olusturma/Genel/Kutular/IrsaliyeBilgileri/IrsaliyeTarihi'

2021-10-21 14:13:46 - [MESSAGE][INFO] - Sending keys '31.04.2020' to object: 'Object Repository/Olusturma/Genel/Kutular/IrsaliyeBilgileri/IrsaliyeTarihi'

2021-10-21 14:13:46 - [MESSAGE][INFO] - Finding web element from Test Object's properties

2021-10-21 14:13:46 - [MESSAGE][INFO] - Checking timeout

2021-10-21 14:13:46 - [MESSAGE][INFO] - Finding web element with id: 'Object Repository/Olusturma/Genel/Kutular/IrsaliyeBilgileri/IrsaliyeTarihi' located by 'By.xpath: //*[@id = 'gvUserInvoiceBills_DXEditor2_I']' in '30' second(s)

2021-10-21 14:13:46 - [MESSAGE][INFO] - Smart Wait Function is triggered

2021-10-21 14:13:46 - [MESSAGE][INFO] - Found 1 web elements with id: 'Object Repository/Olusturma/Genel/Kutular/IrsaliyeBilgileri/IrsaliyeTarihi' located by 'By.xpath: //*[@id = 'gvUserInvoiceBills_DXEditor2_I']' in '30' second(s)

2021-10-21 14:13:46 - [MESSAGE][PASSED] - Keys '31.04.2020' sent to object: 'Object Repository/Olusturma/Genel/Kutular/IrsaliyeBilgileri/IrsaliyeTarihi'

2021-10-21 14:13:46 - [MESSAGE][PASSED] - Call Test Case 'Test Cases/Olusturma/Genel/Kutular/IrsaliyeBilgileri' successfully

2021-10-21 14:13:46 - [MESSAGE][INFO] - Checking called Test Case

2021-10-21 14:13:46 - [MESSAGE][INFO] - Starting to call Test Case 'Test Cases/Olusturma/Genel/EkleButonunaBasilir'

2021-10-21 14:13:46 - [TEST_CASE][PASSED] - Test Cases/Olusturma/Genel/EkleButonunaBasilir: Test Cases/Olusturma/Genel/EkleButonunaBasilir

2021-10-21 14:13:46 - [TEST_STEP][PASSED] - waitForElementClickable(findTestObject("Object Repository/Olusturma/Genel/Olusturma/Ekle"), 10): Object 'Object Repository/Olusturma/Genel/Olusturma/Ekle' is clickable

2021-10-21 14:13:46 - [MESSAGE][INFO] - Finding Test Object 'Object Repository/Olusturma/Genel/Olusturma/Ekle'

2021-10-21 14:13:46 - [MESSAGE][INFO] - Checking object

2021-10-21 14:13:46 - [MESSAGE][INFO] - Checking timeout

2021-10-21 14:13:46 - [MESSAGE][INFO] - Finding web element from Test Object's properties

2021-10-21 14:13:46 - [MESSAGE][INFO] - Checking timeout

2021-10-21 14:13:46 - [MESSAGE][INFO] - Finding web element with id: 'Object Repository/Olusturma/Genel/Olusturma/Ekle' located by 'By.cssSelector: #divmalhizmet i.fa.fa-plus.fa-lg.text-muted' in '10' second(s)

2021-10-21 14:13:46 - [MESSAGE][INFO] - Smart Wait Function is triggered

2021-10-21 14:13:47 - [MESSAGE][INFO] - Found 1 web elements with id: 'Object Repository/Olusturma/Genel/Olusturma/Ekle' located by 'By.cssSelector: #divmalhizmet i.fa.fa-plus.fa-lg.text-muted' in '10' second(s)

2021-10-21 14:13:47 - [MESSAGE][PASSED] - Object 'Object Repository/Olusturma/Genel/Olusturma/Ekle' is clickable

2021-10-21 14:13:47 - [TEST_STEP][PASSED] - click(findTestObject("Object Repository/Olusturma/Genel/Olusturma/Ekle")): Object: 'Object Repository/Olusturma/Genel/Olusturma/Ekle' is clicked on

2021-10-21 14:13:47 - [MESSAGE][INFO] - Finding Test Object 'Object Repository/Olusturma/Genel/Olusturma/Ekle'

2021-10-21 14:13:47 - [MESSAGE][INFO] - Checking object

2021-10-21 14:13:47 - [MESSAGE][INFO] - Finding web element from Test Object's properties

2021-10-21 14:13:47 - [MESSAGE][INFO] - Checking timeout

2021-10-21 14:13:47 - [MESSAGE][INFO] - Finding web element with id: 'Object Repository/Olusturma/Genel/Olusturma/Ekle' located by 'By.cssSelector: #divmalhizmet i.fa.fa-plus.fa-lg.text-muted' in '30' second(s)

2021-10-21 14:13:47 - [MESSAGE][INFO] - Smart Wait Function is triggered

2021-10-21 14:13:47 - [MESSAGE][INFO] - Found 1 web elements with id: 'Object Repository/Olusturma/Genel/Olusturma/Ekle' located by 'By.cssSelector: #divmalhizmet i.fa.fa-plus.fa-lg.text-muted' in '30' second(s)

2021-10-21 14:13:47 - [MESSAGE][INFO] - Clicking on object: 'Object Repository/Olusturma/Genel/Olusturma/Ekle'

2021-10-21 14:13:47 - [MESSAGE][PASSED] - Object: 'Object Repository/Olusturma/Genel/Olusturma/Ekle' is clicked on

2021-10-21 14:13:47 - [TEST_STEP][PASSED] - waitForElementClickable(findTestObject("Olusturma/Genel/Olusturma/EklenenSatirCarpiImage"), 10): Object 'Object Repository/Olusturma/Genel/Olusturma/EklenenSatirCarpiImage' is clickable

2021-10-21 14:13:47 - [MESSAGE][INFO] - Finding Test Object 'Object Repository/Olusturma/Genel/Olusturma/EklenenSatirCarpiImage'

2021-10-21 14:13:47 - [MESSAGE][INFO] - Checking object

2021-10-21 14:13:47 - [MESSAGE][INFO] - Checking timeout

2021-10-21 14:13:47 - [MESSAGE][INFO] - Finding web element from Test Object's properties

2021-10-21 14:13:47 - [MESSAGE][INFO] - Checking timeout

2021-10-21 14:13:47 - [MESSAGE][INFO] - Finding web element with id: 'Object Repository/Olusturma/Genel/Olusturma/EklenenSatirCarpiImage' located by 'By.cssSelector: .fa.fa-times.fa-lg.text-primary' in '10' second(s)

2021-10-21 14:13:47 - [MESSAGE][INFO] - Smart Wait Function is triggered

2021-10-21 14:13:48 - [MESSAGE][INFO] - Found 1 web elements with id: 'Object Repository/Olusturma/Genel/Olusturma/EklenenSatirCarpiImage' located by 'By.cssSelector: .fa.fa-times.fa-lg.text-primary' in '10' second(s)

2021-10-21 14:13:48 - [MESSAGE][PASSED] - Object 'Object Repository/Olusturma/Genel/Olusturma/EklenenSatirCarpiImage' is clickable

2021-10-21 14:13:48 - [MESSAGE][PASSED] - Call Test Case 'Test Cases/Olusturma/Genel/EkleButonunaBasilir' successfully

2021-10-21 14:13:48 - [MESSAGE][INFO] - Checking called Test Case

2021-10-21 14:13:48 - [MESSAGE][INFO] - Starting to call Test Case 'Test Cases/Olusturma/Genel/Olusturma'

2021-10-21 14:13:48 - [TEST_CASE][PASSED] - Test Cases/Olusturma/Genel/Olusturma: Test Cases/Olusturma/Genel/Olusturma

2021-10-21 14:13:48 - [TEST_STEP][PASSED] - driver = getWebDriver(): null

2021-10-21 14:13:48 - [TEST_STEP][PASSED] - action = new org.openqa.selenium.interactions.Actions(driver): null

2021-10-21 14:13:48 - [TEST_STEP][PASSED] - baslikElement = <not implemented yet for class: org.codehaus.groovy.ast.expr.EmptyExpression>: null

2021-10-21 14:13:48 - [TEST_STEP][PASSED] - sonElement = <not implemented yet for class: org.codehaus.groovy.ast.expr.EmptyExpression>: null

2021-10-21 14:13:48 - [TEST_STEP][PASSED] - attr = <not implemented yet for class: org.codehaus.groovy.ast.expr.EmptyExpression>: null

2021-10-21 14:13:48 - [TEST_STEP][PASSED] - a = 0: null

2021-10-21 14:13:48 - [TEST_STEP][PASSED] - elements = findWebElements(findTestObject("Object Repository/Olusturma/Genel/Olusturma/TabloBasliklari"), 10): Found 13 web elements with id: 'Object Repository/Olusturma/Genel/Olusturma/TabloBasliklari' located by 'By.cssSelector: div#divmalhizmet .dxgvTable_LECustomTheme td.dxgvHeader_LECustomTheme tr>td:nth-child(1)' in '10' second(s)

2021-10-21 14:13:48 - [MESSAGE][INFO] - Finding Test Object 'Object Repository/Olusturma/Genel/Olusturma/TabloBasliklari'

2021-10-21 14:13:48 - [MESSAGE][INFO] - Checking timeout

2021-10-21 14:13:48 - [MESSAGE][INFO] - Finding web element with id: 'Object Repository/Olusturma/Genel/Olusturma/TabloBasliklari' located by 'By.cssSelector: div#divmalhizmet .dxgvTable_LECustomTheme td.dxgvHeader_LECustomTheme tr>td:nth-child(1)' in '10' second(s)

2021-10-21 14:13:48 - [MESSAGE][INFO] - Smart Wait Function is triggered

2021-10-21 14:13:49 - [MESSAGE][INFO] - Found 13 web elements with id: 'Object Repository/Olusturma/Genel/Olusturma/TabloBasliklari' located by 'By.cssSelector: div#divmalhizmet .dxgvTable_LECustomTheme td.dxgvHeader_LECustomTheme tr>td:nth-child(1)' in '10' second(s)

2021-10-21 14:13:49 - [TEST_STEP][PASSED] - for (def element : elements): null

2021-10-21 14:13:49 - [TEST_STEP][PASSED] - build().perform(): null

2021-10-21 14:13:49 - [TEST_STEP][PASSED] - if (getText().equals(Baslik)): null

2021-10-21 14:13:49 - [TEST_STEP][PASSED] - baslikElement = element.findElement(By.xpath("../../../..")): Smart Wait Function is triggered

2021-10-21 14:13:49 - [MESSAGE][INFO] - Smart Wait Function is triggered

2021-10-21 14:13:49 - [TEST_STEP][PASSED] - attr = baslikElement.getAttribute("id"): null

2021-10-21 14:13:49 - [TEST_STEP][PASSED] - println("girdi ve idsini aldı = " + attr): null

2021-10-21 14:13:49 - [TEST_STEP][PASSED] - break: null

2021-10-21 14:13:49 - [TEST_STEP][PASSED] - countElement = baslikElement.findElements(By.xpath("../td")): Smart Wait Function is triggered

2021-10-21 14:13:49 - [MESSAGE][INFO] - Smart Wait Function is triggered

2021-10-21 14:13:50 - [TEST_STEP][PASSED] - for (def element : countElement): null

2021-10-21 14:13:50 - [TEST_STEP][PASSED] - if (toString().equals(attr.toString())): null

2021-10-21 14:13:50 - [TEST_STEP][PASSED] - (a++): null

2021-10-21 14:13:50 - [TEST_STEP][PASSED] - if (toString().equals(attr.toString())): null

2021-10-21 14:13:50 - [TEST_STEP][PASSED] - break: null

2021-10-21 14:13:50 - [TEST_STEP][PASSED] - son = findWebElement(findTestObject("Object Repository/Olusturma/Genel/Olusturma/EklenenSatir")).findElement(By.xpath("td[@class='dxgvInlineEditCell_LECustomTheme dxgv'][" + a + "]//td[@class='dxic']/input")): Smart Wait Function is triggered

2021-10-21 14:13:50 - [MESSAGE][INFO] - Finding Test Object 'Object Repository/Olusturma/Genel/Olusturma/EklenenSatir'

2021-10-21 14:13:50 - [MESSAGE][INFO] - Finding web element from Test Object's properties

2021-10-21 14:13:50 - [MESSAGE][INFO] - Checking timeout

2021-10-21 14:13:50 - [MESSAGE][INFO] - Finding web element with id: 'Object Repository/Olusturma/Genel/Olusturma/EklenenSatir' located by 'By.cssSelector: #divmalhizmet .dxgvInlineEditRow_LECustomTheme' in '30' second(s)

2021-10-21 14:13:50 - [MESSAGE][INFO] - Smart Wait Function is triggered

2021-10-21 14:13:50 - [MESSAGE][INFO] - Found 1 web elements with id: 'Object Repository/Olusturma/Genel/Olusturma/EklenenSatir' located by 'By.cssSelector: #divmalhizmet .dxgvInlineEditRow_LECustomTheme' in '30' second(s)

2021-10-21 14:13:50 - [MESSAGE][INFO] - Smart Wait Function is triggered

2021-10-21 14:13:50 - [TEST_STEP][PASSED] - if (!(getAttribute("value").contains("Vkn"))): null

2021-10-21 14:13:50 - [TEST_STEP][PASSED] - son.clear(): null

2021-10-21 14:13:50 - [TEST_STEP][PASSED] - son.sendKeys(Deger): null

2021-10-21 14:13:51 - [MESSAGE][PASSED] - Call Test Case 'Test Cases/Olusturma/Genel/Olusturma' successfully

2021-10-21 14:13:51 - [MESSAGE][INFO] - Checking called Test Case

2021-10-21 14:13:51 - [MESSAGE][INFO] - Starting to call Test Case 'Test Cases/Olusturma/Genel/Olusturma'

2021-10-21 14:13:51 - [TEST_CASE][PASSED] - Test Cases/Olusturma/Genel/Olusturma: Test Cases/Olusturma/Genel/Olusturma

2021-10-21 14:13:51 - [TEST_STEP][PASSED] - driver = getWebDriver(): null

2021-10-21 14:13:51 - [TEST_STEP][PASSED] - action = new org.openqa.selenium.interactions.Actions(driver): null

2021-10-21 14:13:51 - [TEST_STEP][PASSED] - baslikElement = <not implemented yet for class: org.codehaus.groovy.ast.expr.EmptyExpression>: null

2021-10-21 14:13:51 - [TEST_STEP][PASSED] - sonElement = <not implemented yet for class: org.codehaus.groovy.ast.expr.EmptyExpression>: null

2021-10-21 14:13:51 - [TEST_STEP][PASSED] - attr = <not implemented yet for class: org.codehaus.groovy.ast.expr.EmptyExpression>: null

2021-10-21 14:13:51 - [TEST_STEP][PASSED] - a = 0: null

2021-10-21 14:13:51 - [TEST_STEP][PASSED] - elements = findWebElements(findTestObject("Object Repository/Olusturma/Genel/Olusturma/TabloBasliklari"), 10): Found 13 web elements with id: 'Object Repository/Olusturma/Genel/Olusturma/TabloBasliklari' located by 'By.cssSelector: div#divmalhizmet .dxgvTable_LECustomTheme td.dxgvHeader_LECustomTheme tr>td:nth-child(1)' in '10' second(s)

2021-10-21 14:13:51 - [MESSAGE][INFO] - Finding Test Object 'Object Repository/Olusturma/Genel/Olusturma/TabloBasliklari'

2021-10-21 14:13:51 - [MESSAGE][INFO] - Checking timeout

2021-10-21 14:13:51 - [MESSAGE][INFO] - Finding web element with id: 'Object Repository/Olusturma/Genel/Olusturma/TabloBasliklari' located by 'By.cssSelector: div#divmalhizmet .dxgvTable_LECustomTheme td.dxgvHeader_LECustomTheme tr>td:nth-child(1)' in '10' second(s)

2021-10-21 14:13:51 - [MESSAGE][INFO] - Smart Wait Function is triggered

2021-10-21 14:13:51 - [MESSAGE][INFO] - Found 13 web elements with id: 'Object Repository/Olusturma/Genel/Olusturma/TabloBasliklari' located by 'By.cssSelector: div#divmalhizmet .dxgvTable_LECustomTheme td.dxgvHeader_LECustomTheme tr>td:nth-child(1)' in '10' second(s)

2021-10-21 14:13:51 - [TEST_STEP][PASSED] - for (def element : elements): null

2021-10-21 14:13:51 - [TEST_STEP][PASSED] - build().perform(): null

2021-10-21 14:13:51 - [TEST_STEP][PASSED] - if (getText().equals(Baslik)): null

2021-10-21 14:13:51 - [TEST_STEP][PASSED] - build().perform(): null

2021-10-21 14:13:51 - [TEST_STEP][PASSED] - if (getText().equals(Baslik)): null

2021-10-21 14:13:52 - [TEST_STEP][PASSED] - baslikElement = element.findElement(By.xpath("../../../..")): Smart Wait Function is triggered

2021-10-21 14:13:52 - [MESSAGE][INFO] - Smart Wait Function is triggered

2021-10-21 14:13:52 - [TEST_STEP][PASSED] - attr = baslikElement.getAttribute("id"): null

2021-10-21 14:13:52 - [TEST_STEP][PASSED] - println("girdi ve idsini aldı = " + attr): null

2021-10-21 14:13:52 - [TEST_STEP][PASSED] - break: null

2021-10-21 14:13:52 - [TEST_STEP][PASSED] - countElement = baslikElement.findElements(By.xpath("../td")): Smart Wait Function is triggered

2021-10-21 14:13:52 - [MESSAGE][INFO] - Smart Wait Function is triggered

2021-10-21 14:13:52 - [TEST_STEP][PASSED] - for (def element : countElement): null

2021-10-21 14:13:52 - [TEST_STEP][PASSED] - if (toString().equals(attr.toString())): null

2021-10-21 14:13:52 - [TEST_STEP][PASSED] - (a++): null

2021-10-21 14:13:52 - [TEST_STEP][PASSED] - if (toString().equals(attr.toString())): null

2021-10-21 14:13:52 - [TEST_STEP][PASSED] - (a++): null

2021-10-21 14:13:52 - [TEST_STEP][PASSED] - if (toString().equals(attr.toString())): null

2021-10-21 14:13:52 - [TEST_STEP][PASSED] - break: null

2021-10-21 14:13:52 - [TEST_STEP][PASSED] - son = findWebElement(findTestObject("Object Repository/Olusturma/Genel/Olusturma/EklenenSatir")).findElement(By.xpath("td[@class='dxgvInlineEditCell_LECustomTheme dxgv'][" + a + "]//td[@class='dxic']/input")): Smart Wait Function is triggered

2021-10-21 14:13:52 - [MESSAGE][INFO] - Finding Test Object 'Object Repository/Olusturma/Genel/Olusturma/EklenenSatir'

2021-10-21 14:13:52 - [MESSAGE][INFO] - Finding web element from Test Object's properties

2021-10-21 14:13:52 - [MESSAGE][INFO] - Checking timeout

2021-10-21 14:13:52 - [MESSAGE][INFO] - Finding web element with id: 'Object Repository/Olusturma/Genel/Olusturma/EklenenSatir' located by 'By.cssSelector: #divmalhizmet .dxgvInlineEditRow_LECustomTheme' in '30' second(s)

2021-10-21 14:13:52 - [MESSAGE][INFO] - Smart Wait Function is triggered

2021-10-21 14:13:52 - [MESSAGE][INFO] - Found 1 web elements with id: 'Object Repository/Olusturma/Genel/Olusturma/EklenenSatir' located by 'By.cssSelector: #divmalhizmet .dxgvInlineEditRow_LECustomTheme' in '30' second(s)

2021-10-21 14:13:52 - [MESSAGE][INFO] - Smart Wait Function is triggered

2021-10-21 14:13:53 - [TEST_STEP][PASSED] - if (!(getAttribute("value").contains("Vkn"))): null

2021-10-21 14:13:53 - [TEST_STEP][PASSED] - son.clear(): null

2021-10-21 14:13:53 - [TEST_STEP][PASSED] - son.sendKeys(Deger): null

2021-10-21 14:13:53 - [MESSAGE][PASSED] - Call Test Case 'Test Cases/Olusturma/Genel/Olusturma' successfully

2021-10-21 14:13:53 - [MESSAGE][INFO] - Checking called Test Case

2021-10-21 14:13:53 - [MESSAGE][INFO] - Starting to call Test Case 'Test Cases/Olusturma/Genel/Olusturma'

2021-10-21 14:13:53 - [TEST_CASE][PASSED] - Test Cases/Olusturma/Genel/Olusturma: Test Cases/Olusturma/Genel/Olusturma

2021-10-21 14:13:53 - [TEST_STEP][PASSED] - driver = getWebDriver(): null

2021-10-21 14:13:53 - [TEST_STEP][PASSED] - action = new org.openqa.selenium.interactions.Actions(driver): null

2021-10-21 14:13:53 - [TEST_STEP][PASSED] - baslikElement = <not implemented yet for class: org.codehaus.groovy.ast.expr.EmptyExpression>: null

2021-10-21 14:13:53 - [TEST_STEP][PASSED] - sonElement = <not implemented yet for class: org.codehaus.groovy.ast.expr.EmptyExpression>: null

2021-10-21 14:13:53 - [TEST_STEP][PASSED] - attr = <not implemented yet for class: org.codehaus.groovy.ast.expr.EmptyExpression>: null

2021-10-21 14:13:53 - [TEST_STEP][PASSED] - a = 0: null

2021-10-21 14:13:53 - [TEST_STEP][PASSED] - elements = findWebElements(findTestObject("Object Repository/Olusturma/Genel/Olusturma/TabloBasliklari"), 10): Found 13 web elements with id: 'Object Repository/Olusturma/Genel/Olusturma/TabloBasliklari' located by 'By.cssSelector: div#divmalhizmet .dxgvTable_LECustomTheme td.dxgvHeader_LECustomTheme tr>td:nth-child(1)' in '10' second(s)

2021-10-21 14:13:53 - [MESSAGE][INFO] - Finding Test Object 'Object Repository/Olusturma/Genel/Olusturma/TabloBasliklari'

2021-10-21 14:13:53 - [MESSAGE][INFO] - Checking timeout

2021-10-21 14:13:53 - [MESSAGE][INFO] - Finding web element with id: 'Object Repository/Olusturma/Genel/Olusturma/TabloBasliklari' located by 'By.cssSelector: div#divmalhizmet .dxgvTable_LECustomTheme td.dxgvHeader_LECustomTheme tr>td:nth-child(1)' in '10' second(s)

2021-10-21 14:13:53 - [MESSAGE][INFO] - Smart Wait Function is triggered

2021-10-21 14:13:54 - [MESSAGE][INFO] - Found 13 web elements with id: 'Object Repository/Olusturma/Genel/Olusturma/TabloBasliklari' located by 'By.cssSelector: div#divmalhizmet .dxgvTable_LECustomTheme td.dxgvHeader_LECustomTheme tr>td:nth-child(1)' in '10' second(s)

2021-10-21 14:13:54 - [TEST_STEP][PASSED] - for (def element : elements): null

2021-10-21 14:13:54 - [TEST_STEP][PASSED] - build().perform(): null

2021-10-21 14:13:54 - [TEST_STEP][PASSED] - if (getText().equals(Baslik)): null

2021-10-21 14:13:54 - [TEST_STEP][PASSED] - build().perform(): null

2021-10-21 14:13:54 - [TEST_STEP][PASSED] - if (getText().equals(Baslik)): null

2021-10-21 14:13:54 - [TEST_STEP][PASSED] - build().perform(): null

2021-10-21 14:13:54 - [TEST_STEP][PASSED] - if (getText().equals(Baslik)): null

2021-10-21 14:13:54 - [TEST_STEP][PASSED] - build().perform(): null

2021-10-21 14:13:54 - [TEST_STEP][PASSED] - if (getText().equals(Baslik)): null

2021-10-21 14:13:54 - [TEST_STEP][PASSED] - baslikElement = element.findElement(By.xpath("../../../..")): Smart Wait Function is triggered

2021-10-21 14:13:54 - [MESSAGE][INFO] - Smart Wait Function is triggered

2021-10-21 14:13:54 - [TEST_STEP][PASSED] - attr = baslikElement.getAttribute("id"): null

2021-10-21 14:13:54 - [TEST_STEP][PASSED] - println("girdi ve idsini aldı = " + attr): null

2021-10-21 14:13:54 - [TEST_STEP][PASSED] - break: null

2021-10-21 14:13:54 - [TEST_STEP][PASSED] - countElement = baslikElement.findElements(By.xpath("../td")): Smart Wait Function is triggered

2021-10-21 14:13:54 - [MESSAGE][INFO] - Smart Wait Function is triggered

2021-10-21 14:13:55 - [TEST_STEP][PASSED] - for (def element : countElement): null

2021-10-21 14:13:55 - [TEST_STEP][PASSED] - if (toString().equals(attr.toString())): null

2021-10-21 14:13:55 - [TEST_STEP][PASSED] - (a++): null

2021-10-21 14:13:55 - [TEST_STEP][PASSED] - if (toString().equals(attr.toString())): null

2021-10-21 14:13:55 - [TEST_STEP][PASSED] - (a++): null

2021-10-21 14:13:55 - [TEST_STEP][PASSED] - if (toString().equals(attr.toString())): null

2021-10-21 14:13:55 - [TEST_STEP][PASSED] - (a++): null

2021-10-21 14:13:55 - [TEST_STEP][PASSED] - if (toString().equals(attr.toString())): null

2021-10-21 14:13:55 - [TEST_STEP][PASSED] - (a++): null

2021-10-21 14:13:55 - [TEST_STEP][PASSED] - if (toString().equals(attr.toString())): null

2021-10-21 14:13:55 - [TEST_STEP][PASSED] - break: null

2021-10-21 14:13:55 - [TEST_STEP][PASSED] - son = findWebElement(findTestObject("Object Repository/Olusturma/Genel/Olusturma/EklenenSatir")).findElement(By.xpath("td[@class='dxgvInlineEditCell_LECustomTheme dxgv'][" + a + "]//td[@class='dxic']/input")): Smart Wait Function is triggered

2021-10-21 14:13:55 - [MESSAGE][INFO] - Finding Test Object 'Object Repository/Olusturma/Genel/Olusturma/EklenenSatir'

2021-10-21 14:13:55 - [MESSAGE][INFO] - Finding web element from Test Object's properties

2021-10-21 14:13:55 - [MESSAGE][INFO] - Checking timeout

2021-10-21 14:13:55 - [MESSAGE][INFO] - Finding web element with id: 'Object Repository/Olusturma/Genel/Olusturma/EklenenSatir' located by 'By.cssSelector: #divmalhizmet .dxgvInlineEditRow_LECustomTheme' in '30' second(s)

2021-10-21 14:13:55 - [MESSAGE][INFO] - Smart Wait Function is triggered

2021-10-21 14:13:55 - [MESSAGE][INFO] - Found 1 web elements with id: 'Object Repository/Olusturma/Genel/Olusturma/EklenenSatir' located by 'By.cssSelector: #divmalhizmet .dxgvInlineEditRow_LECustomTheme' in '30' second(s)

2021-10-21 14:13:55 - [MESSAGE][INFO] - Smart Wait Function is triggered

2021-10-21 14:13:55 - [TEST_STEP][PASSED] - if (!(getAttribute("value").contains("Vkn"))): null

2021-10-21 14:13:56 - [TEST_STEP][PASSED] - son.clear(): null

2021-10-21 14:13:56 - [TEST_STEP][PASSED] - son.sendKeys(Deger): null

2021-10-21 14:13:56 - [MESSAGE][PASSED] - Call Test Case 'Test Cases/Olusturma/Genel/Olusturma' successfully

2021-10-21 14:13:56 - [MESSAGE][INFO] - Checking called Test Case

2021-10-21 14:13:56 - [MESSAGE][INFO] - Starting to call Test Case 'Test Cases/Olusturma/Genel/Olusturma'

2021-10-21 14:13:56 - [TEST_CASE][PASSED] - Test Cases/Olusturma/Genel/Olusturma: Test Cases/Olusturma/Genel/Olusturma

2021-10-21 14:13:56 - [TEST_STEP][PASSED] - driver = getWebDriver(): null

2021-10-21 14:13:56 - [TEST_STEP][PASSED] - action = new org.openqa.selenium.interactions.Actions(driver): null

2021-10-21 14:13:56 - [TEST_STEP][PASSED] - baslikElement = <not implemented yet for class: org.codehaus.groovy.ast.expr.EmptyExpression>: null

2021-10-21 14:13:56 - [TEST_STEP][PASSED] - sonElement = <not implemented yet for class: org.codehaus.groovy.ast.expr.EmptyExpression>: null

2021-10-21 14:13:56 - [TEST_STEP][PASSED] - attr = <not implemented yet for class: org.codehaus.groovy.ast.expr.EmptyExpression>: null

2021-10-21 14:13:56 - [TEST_STEP][PASSED] - a = 0: null

2021-10-21 14:13:56 - [TEST_STEP][PASSED] - elements = findWebElements(findTestObject("Object Repository/Olusturma/Genel/Olusturma/TabloBasliklari"), 10): Found 13 web elements with id: 'Object Repository/Olusturma/Genel/Olusturma/TabloBasliklari' located by 'By.cssSelector: div#divmalhizmet .dxgvTable_LECustomTheme td.dxgvHeader_LECustomTheme tr>td:nth-child(1)' in '10' second(s)

2021-10-21 14:13:56 - [MESSAGE][INFO] - Finding Test Object 'Object Repository/Olusturma/Genel/Olusturma/TabloBasliklari'

2021-10-21 14:13:56 - [MESSAGE][INFO] - Checking timeout

2021-10-21 14:13:56 - [MESSAGE][INFO] - Finding web element with id: 'Object Repository/Olusturma/Genel/Olusturma/TabloBasliklari' located by 'By.cssSelector: div#divmalhizmet .dxgvTable_LECustomTheme td.dxgvHeader_LECustomTheme tr>td:nth-child(1)' in '10' second(s)

2021-10-21 14:13:56 - [MESSAGE][INFO] - Smart Wait Function is triggered

2021-10-21 14:13:56 - [MESSAGE][INFO] - Found 13 web elements with id: 'Object Repository/Olusturma/Genel/Olusturma/TabloBasliklari' located by 'By.cssSelector: div#divmalhizmet .dxgvTable_LECustomTheme td.dxgvHeader_LECustomTheme tr>td:nth-child(1)' in '10' second(s)

2021-10-21 14:13:56 - [TEST_STEP][PASSED] - for (def element : elements): null

2021-10-21 14:13:56 - [TEST_STEP][PASSED] - build().perform(): null

2021-10-21 14:13:56 - [TEST_STEP][PASSED] - if (getText().equals(Baslik)): null

2021-10-21 14:13:56 - [TEST_STEP][PASSED] - build().perform(): null

2021-10-21 14:13:57 - [TEST_STEP][PASSED] - if (getText().equals(Baslik)): null

2021-10-21 14:13:57 - [TEST_STEP][PASSED] - build().perform(): null

2021-10-21 14:13:57 - [TEST_STEP][PASSED] - if (getText().equals(Baslik)): null

2021-10-21 14:13:57 - [TEST_STEP][PASSED] - build().perform(): null

2021-10-21 14:13:57 - [TEST_STEP][PASSED] - if (getText().equals(Baslik)): null

2021-10-21 14:13:57 - [TEST_STEP][PASSED] - build().perform(): null

2021-10-21 14:13:57 - [TEST_STEP][PASSED] - if (getText().equals(Baslik)): null

2021-10-21 14:13:57 - [TEST_STEP][PASSED] - build().perform(): null

2021-10-21 14:13:57 - [TEST_STEP][PASSED] - if (getText().equals(Baslik)): null

2021-10-21 14:13:57 - [TEST_STEP][PASSED] - baslikElement = element.findElement(By.xpath("../../../..")): Smart Wait Function is triggered

2021-10-21 14:13:57 - [MESSAGE][INFO] - Smart Wait Function is triggered

2021-10-21 14:13:58 - [TEST_STEP][PASSED] - attr = baslikElement.getAttribute("id"): null

2021-10-21 14:13:58 - [TEST_STEP][PASSED] - println("girdi ve idsini aldı = " + attr): null

2021-10-21 14:13:58 - [TEST_STEP][PASSED] - break: null

2021-10-21 14:13:58 - [TEST_STEP][PASSED] - countElement = baslikElement.findElements(By.xpath("../td")): Smart Wait Function is triggered

2021-10-21 14:13:58 - [MESSAGE][INFO] - Smart Wait Function is triggered

2021-10-21 14:13:58 - [TEST_STEP][PASSED] - for (def element : countElement): null

2021-10-21 14:13:58 - [TEST_STEP][PASSED] - if (toString().equals(attr.toString())): null

2021-10-21 14:13:58 - [TEST_STEP][PASSED] - (a++): null

2021-10-21 14:13:58 - [TEST_STEP][PASSED] - if (toString().equals(attr.toString())): null

2021-10-21 14:13:58 - [TEST_STEP][PASSED] - (a++): null

2021-10-21 14:13:58 - [TEST_STEP][PASSED] - if (toString().equals(attr.toString())): null

2021-10-21 14:13:58 - [TEST_STEP][PASSED] - (a++): null

2021-10-21 14:13:58 - [TEST_STEP][PASSED] - if (toString().equals(attr.toString())): null

2021-10-21 14:13:58 - [TEST_STEP][PASSED] - (a++): null

2021-10-21 14:13:58 - [TEST_STEP][PASSED] - if (toString().equals(attr.toString())): null

2021-10-21 14:13:58 - [TEST_STEP][PASSED] - (a++): null

2021-10-21 14:13:58 - [TEST_STEP][PASSED] - if (toString().equals(attr.toString())): null

2021-10-21 14:13:58 - [TEST_STEP][PASSED] - (a++): null

2021-10-21 14:13:58 - [TEST_STEP][PASSED] - if (toString().equals(attr.toString())): null

2021-10-21 14:13:58 - [TEST_STEP][PASSED] - break: null

2021-10-21 14:13:58 - [TEST_STEP][PASSED] - son = findWebElement(findTestObject("Object Repository/Olusturma/Genel/Olusturma/EklenenSatir")).findElement(By.xpath("td[@class='dxgvInlineEditCell_LECustomTheme dxgv'][" + a + "]//td[@class='dxic']/input")): Smart Wait Function is triggered

2021-10-21 14:13:58 - [MESSAGE][INFO] - Finding Test Object 'Object Repository/Olusturma/Genel/Olusturma/EklenenSatir'

2021-10-21 14:13:58 - [MESSAGE][INFO] - Finding web element from Test Object's properties

2021-10-21 14:13:58 - [MESSAGE][INFO] - Checking timeout

2021-10-21 14:13:58 - [MESSAGE][INFO] - Finding web element with id: 'Object Repository/Olusturma/Genel/Olusturma/EklenenSatir' located by 'By.cssSelector: #divmalhizmet .dxgvInlineEditRow_LECustomTheme' in '30' second(s)

2021-10-21 14:13:58 - [MESSAGE][INFO] - Smart Wait Function is triggered

2021-10-21 14:13:59 - [MESSAGE][INFO] - Found 1 web elements with id: 'Object Repository/Olusturma/Genel/Olusturma/EklenenSatir' located by 'By.cssSelector: #divmalhizmet .dxgvInlineEditRow_LECustomTheme' in '30' second(s)

2021-10-21 14:13:59 - [MESSAGE][INFO] - Smart Wait Function is triggered

2021-10-21 14:13:59 - [TEST_STEP][PASSED] - if (!(getAttribute("value").contains("Vkn"))): null

2021-10-21 14:13:59 - [TEST_STEP][PASSED] - son.clear(): null

2021-10-21 14:13:59 - [TEST_STEP][PASSED] - son.sendKeys(Deger): null

2021-10-21 14:13:59 - [MESSAGE][PASSED] - Call Test Case 'Test Cases/Olusturma/Genel/Olusturma' successfully

2021-10-21 14:13:59 - [MESSAGE][INFO] - Checking called Test Case

2021-10-21 14:13:59 - [MESSAGE][INFO] - Starting to call Test Case 'Test Cases/Olusturma/Genel/Olusturma'

2021-10-21 14:13:59 - [TEST_CASE][PASSED] - Test Cases/Olusturma/Genel/Olusturma: Test Cases/Olusturma/Genel/Olusturma

2021-10-21 14:13:59 - [TEST_STEP][PASSED] - driver = getWebDriver(): null

2021-10-21 14:13:59 - [TEST_STEP][PASSED] - action = new org.openqa.selenium.interactions.Actions(driver): null

2021-10-21 14:13:59 - [TEST_STEP][PASSED] - baslikElement = <not implemented yet for class: org.codehaus.groovy.ast.expr.EmptyExpression>: null

2021-10-21 14:13:59 - [TEST_STEP][PASSED] - sonElement = <not implemented yet for class: org.codehaus.groovy.ast.expr.EmptyExpression>: null

2021-10-21 14:13:59 - [TEST_STEP][PASSED] - attr = <not implemented yet for class: org.codehaus.groovy.ast.expr.EmptyExpression>: null

2021-10-21 14:13:59 - [TEST_STEP][PASSED] - a = 0: null

2021-10-21 14:13:59 - [TEST_STEP][PASSED] - elements = findWebElements(findTestObject("Object Repository/Olusturma/Genel/Olusturma/TabloBasliklari"), 10): Found 13 web elements with id: 'Object Repository/Olusturma/Genel/Olusturma/TabloBasliklari' located by 'By.cssSelector: div#divmalhizmet .dxgvTable_LECustomTheme td.dxgvHeader_LECustomTheme tr>td:nth-child(1)' in '10' second(s)

2021-10-21 14:13:59 - [MESSAGE][INFO] - Finding Test Object 'Object Repository/Olusturma/Genel/Olusturma/TabloBasliklari'

2021-10-21 14:13:59 - [MESSAGE][INFO] - Checking timeout

2021-10-21 14:13:59 - [MESSAGE][INFO] - Finding web element with id: 'Object Repository/Olusturma/Genel/Olusturma/TabloBasliklari' located by 'By.cssSelector: div#divmalhizmet .dxgvTable_LECustomTheme td.dxgvHeader_LECustomTheme tr>td:nth-child(1)' in '10' second(s)

2021-10-21 14:13:59 - [MESSAGE][INFO] - Smart Wait Function is triggered

2021-10-21 14:14:00 - [MESSAGE][INFO] - Found 13 web elements with id: 'Object Repository/Olusturma/Genel/Olusturma/TabloBasliklari' located by 'By.cssSelector: div#divmalhizmet .dxgvTable_LECustomTheme td.dxgvHeader_LECustomTheme tr>td:nth-child(1)' in '10' second(s)

2021-10-21 14:14:00 - [TEST_STEP][PASSED] - for (def element : elements): null

2021-10-21 14:14:00 - [TEST_STEP][PASSED] - build().perform(): null

2021-10-21 14:14:00 - [TEST_STEP][PASSED] - if (getText().equals(Baslik)): null

2021-10-21 14:14:00 - [TEST_STEP][PASSED] - build().perform(): null

2021-10-21 14:14:00 - [TEST_STEP][PASSED] - if (getText().equals(Baslik)): null

2021-10-21 14:14:00 - [TEST_STEP][PASSED] - build().perform(): null

2021-10-21 14:14:00 - [TEST_STEP][PASSED] - if (getText().equals(Baslik)): null

2021-10-21 14:14:00 - [TEST_STEP][PASSED] - build().perform(): null

2021-10-21 14:14:00 - [TEST_STEP][PASSED] - if (getText().equals(Baslik)): null

2021-10-21 14:14:00 - [TEST_STEP][PASSED] - build().perform(): null

2021-10-21 14:14:00 - [TEST_STEP][PASSED] - if (getText().equals(Baslik)): null

2021-10-21 14:14:01 - [TEST_STEP][PASSED] - build().perform(): null

2021-10-21 14:14:01 - [TEST_STEP][PASSED] - if (getText().equals(Baslik)): null

2021-10-21 14:14:01 - [TEST_STEP][PASSED] - build().perform(): null

2021-10-21 14:14:01 - [TEST_STEP][PASSED] - if (getText().equals(Baslik)): null

2021-10-21 14:14:01 - [TEST_STEP][PASSED] - baslikElement = element.findElement(By.xpath("../../../..")): Smart Wait Function is triggered

2021-10-21 14:14:01 - [MESSAGE][INFO] - Smart Wait Function is triggered

2021-10-21 14:14:01 - [TEST_STEP][PASSED] - attr = baslikElement.getAttribute("id"): null

2021-10-21 14:14:01 - [TEST_STEP][PASSED] - println("girdi ve idsini aldı = " + attr): null

2021-10-21 14:14:01 - [TEST_STEP][PASSED] - break: null

2021-10-21 14:14:01 - [TEST_STEP][PASSED] - countElement = baslikElement.findElements(By.xpath("../td")): Smart Wait Function is triggered

2021-10-21 14:14:01 - [MESSAGE][INFO] - Smart Wait Function is triggered

2021-10-21 14:14:01 - [TEST_STEP][PASSED] - for (def element : countElement): null

2021-10-21 14:14:01 - [TEST_STEP][PASSED] - if (toString().equals(attr.toString())): null

2021-10-21 14:14:01 - [TEST_STEP][PASSED] - (a++): null

2021-10-21 14:14:01 - [TEST_STEP][PASSED] - if (toString().equals(attr.toString())): null

2021-10-21 14:14:02 - [TEST_STEP][PASSED] - (a++): null

2021-10-21 14:14:02 - [TEST_STEP][PASSED] - if (toString().equals(attr.toString())): null

2021-10-21 14:14:02 - [TEST_STEP][PASSED] - (a++): null

2021-10-21 14:14:02 - [TEST_STEP][PASSED] - if (toString().equals(attr.toString())): null

2021-10-21 14:14:02 - [TEST_STEP][PASSED] - (a++): null

2021-10-21 14:14:02 - [TEST_STEP][PASSED] - if (toString().equals(attr.toString())): null

2021-10-21 14:14:02 - [TEST_STEP][PASSED] - (a++): null

2021-10-21 14:14:02 - [TEST_STEP][PASSED] - if (toString().equals(attr.toString())): null

2021-10-21 14:14:02 - [TEST_STEP][PASSED] - (a++): null

2021-10-21 14:14:02 - [TEST_STEP][PASSED] - if (toString().equals(attr.toString())): null

2021-10-21 14:14:02 - [TEST_STEP][PASSED] - (a++): null

2021-10-21 14:14:02 - [TEST_STEP][PASSED] - if (toString().equals(attr.toString())): null

2021-10-21 14:14:02 - [TEST_STEP][PASSED] - break: null

2021-10-21 14:14:02 - [TEST_STEP][PASSED] - son = findWebElement(findTestObject("Object Repository/Olusturma/Genel/Olusturma/EklenenSatir")).findElement(By.xpath("td[@class='dxgvInlineEditCell_LECustomTheme dxgv'][" + a + "]//td[@class='dxic']/input")): Smart Wait Function is triggered

2021-10-21 14:14:02 - [MESSAGE][INFO] - Finding Test Object 'Object Repository/Olusturma/Genel/Olusturma/EklenenSatir'

2021-10-21 14:14:02 - [MESSAGE][INFO] - Finding web element from Test Object's properties

2021-10-21 14:14:02 - [MESSAGE][INFO] - Checking timeout

2021-10-21 14:14:02 - [MESSAGE][INFO] - Finding web element with id: 'Object Repository/Olusturma/Genel/Olusturma/EklenenSatir' located by 'By.cssSelector: #divmalhizmet .dxgvInlineEditRow_LECustomTheme' in '30' second(s)

2021-10-21 14:14:02 - [MESSAGE][INFO] - Smart Wait Function is triggered

2021-10-21 14:14:02 - [MESSAGE][INFO] - Found 1 web elements with id: 'Object Repository/Olusturma/Genel/Olusturma/EklenenSatir' located by 'By.cssSelector: #divmalhizmet .dxgvInlineEditRow_LECustomTheme' in '30' second(s)

2021-10-21 14:14:02 - [MESSAGE][INFO] - Smart Wait Function is triggered

2021-10-21 14:14:02 - [TEST_STEP][PASSED] - if (!(getAttribute("value").contains("Vkn"))): null

2021-10-21 14:14:02 - [TEST_STEP][PASSED] - son.clear(): null

2021-10-21 14:14:02 - [TEST_STEP][PASSED] - son.sendKeys(Deger): null

2021-10-21 14:14:03 - [MESSAGE][PASSED] - Call Test Case 'Test Cases/Olusturma/Genel/Olusturma' successfully

2021-10-21 14:14:03 - [MESSAGE][INFO] - Checking called Test Case

2021-10-21 14:14:03 - [MESSAGE][INFO] - Starting to call Test Case 'Test Cases/Olusturma/Genel/NotGirilir'

2021-10-21 14:14:03 - [TEST_CASE][PASSED] - Test Cases/Olusturma/Genel/NotGirilir: Test Cases/Olusturma/Genel/NotGirilir

2021-10-21 14:14:03 - [TEST_STEP][PASSED] - i = 0: null

2021-10-21 14:14:03 - [TEST_STEP][PASSED] - waitForElementClickable(findTestObject("Olusturma/Genel/Not/Notlar"), 10): Object 'Object Repository/Olusturma/Genel/Not/Notlar' is clickable

2021-10-21 14:14:03 - [MESSAGE][INFO] - Finding Test Object 'Object Repository/Olusturma/Genel/Not/Notlar'

2021-10-21 14:14:03 - [MESSAGE][INFO] - Checking object

2021-10-21 14:14:03 - [MESSAGE][INFO] - Checking timeout

2021-10-21 14:14:03 - [MESSAGE][INFO] - Finding web element from Test Object's properties

2021-10-21 14:14:03 - [MESSAGE][INFO] - Checking timeout

2021-10-21 14:14:03 - [MESSAGE][INFO] - Finding web element with id: 'Object Repository/Olusturma/Genel/Not/Notlar' located by 'By.xpath: //*[@id = 'txtNote_I']' in '10' second(s)

2021-10-21 14:14:03 - [MESSAGE][INFO] - Smart Wait Function is triggered

2021-10-21 14:14:03 - [MESSAGE][INFO] - Found 1 web elements with id: 'Object Repository/Olusturma/Genel/Not/Notlar' located by 'By.xpath: //*[@id = 'txtNote_I']' in '10' second(s)

2021-10-21 14:14:03 - [MESSAGE][PASSED] - Object 'Object Repository/Olusturma/Genel/Not/Notlar' is clickable

2021-10-21 14:14:03 - [TEST_STEP][PASSED] - clearText(findTestObject("Olusturma/Genel/Not/Notlar")): Text of object 'Object Repository/Olusturma/Genel/Not/Notlar' is cleared

2021-10-21 14:14:03 - [MESSAGE][INFO] - Finding Test Object 'Object Repository/Olusturma/Genel/Not/Notlar'

2021-10-21 14:14:03 - [MESSAGE][INFO] - Checking object

2021-10-21 14:14:03 - [MESSAGE][INFO] - Finding web element from Test Object's properties

2021-10-21 14:14:03 - [MESSAGE][INFO] - Checking timeout

2021-10-21 14:14:03 - [MESSAGE][INFO] - Finding web element with id: 'Object Repository/Olusturma/Genel/Not/Notlar' located by 'By.xpath: //*[@id = 'txtNote_I']' in '30' second(s)

2021-10-21 14:14:03 - [MESSAGE][INFO] - Smart Wait Function is triggered

2021-10-21 14:14:04 - [MESSAGE][INFO] - Found 1 web elements with id: 'Object Repository/Olusturma/Genel/Not/Notlar' located by 'By.xpath: //*[@id = 'txtNote_I']' in '30' second(s)

2021-10-21 14:14:04 - [MESSAGE][INFO] - Clearing text of object 'Object Repository/Olusturma/Genel/Not/Notlar'

2021-10-21 14:14:04 - [MESSAGE][PASSED] - Text of object 'Object Repository/Olusturma/Genel/Not/Notlar' is cleared

2021-10-21 14:14:04 - [TEST_STEP][PASSED] - click(findTestObject("Olusturma/Genel/Not/Notlar")): Object: 'Object Repository/Olusturma/Genel/Not/Notlar' is clicked on

2021-10-21 14:14:04 - [MESSAGE][INFO] - Finding Test Object 'Object Repository/Olusturma/Genel/Not/Notlar'

2021-10-21 14:14:04 - [MESSAGE][INFO] - Checking object

2021-10-21 14:14:04 - [MESSAGE][INFO] - Finding web element from Test Object's properties

2021-10-21 14:14:04 - [MESSAGE][INFO] - Checking timeout

2021-10-21 14:14:04 - [MESSAGE][INFO] - Finding web element with id: 'Object Repository/Olusturma/Genel/Not/Notlar' located by 'By.xpath: //*[@id = 'txtNote_I']' in '30' second(s)

2021-10-21 14:14:04 - [MESSAGE][INFO] - Smart Wait Function is triggered

2021-10-21 14:14:04 - [MESSAGE][INFO] - Found 1 web elements with id: 'Object Repository/Olusturma/Genel/Not/Notlar' located by 'By.xpath: //*[@id = 'txtNote_I']' in '30' second(s)

2021-10-21 14:14:04 - [MESSAGE][INFO] - Clicking on object: 'Object Repository/Olusturma/Genel/Not/Notlar'

2021-10-21 14:14:04 - [MESSAGE][PASSED] - Object: 'Object Repository/Olusturma/Genel/Not/Notlar' is clicked on

2021-10-21 14:14:04 - [TEST_STEP][PASSED] - while (true): null

2021-10-21 14:14:04 - [TEST_STEP][PASSED] - delay(1): Delayed 1 second(s)

2021-10-21 14:14:04 - [MESSAGE][INFO] - Delaying browser in 1 second(s)

2021-10-21 14:14:05 - [MESSAGE][PASSED] - Delayed 1 second(s)

2021-10-21 14:14:05 - [TEST_STEP][PASSED] - ajaxIsComplete = executeJavaScript("return jQuery.active == 0", null): Execute JavaScript 'return jQuery.active == 0' successfully

2021-10-21 14:14:05 - [MESSAGE][PASSED] - Execute JavaScript 'return jQuery.active == 0' successfully

2021-10-21 14:14:05 - [TEST_STEP][PASSED] - if (ajaxIsComplete): null

2021-10-21 14:14:05 - [TEST_STEP][PASSED] - if (i > 10): null

2021-10-21 14:14:05 - [TEST_STEP][PASSED] - (i++): null

2021-10-21 14:14:05 - [TEST_STEP][PASSED] - delay(1): Delayed 1 second(s)

2021-10-21 14:14:05 - [MESSAGE][INFO] - Delaying browser in 1 second(s)

2021-10-21 14:14:06 - [MESSAGE][PASSED] - Delayed 1 second(s)

2021-10-21 14:14:06 - [TEST_STEP][PASSED] - ajaxIsComplete = executeJavaScript("return jQuery.active == 0", null): Execute JavaScript 'return jQuery.active == 0' successfully

2021-10-21 14:14:06 - [MESSAGE][PASSED] - Execute JavaScript 'return jQuery.active == 0' successfully

2021-10-21 14:14:06 - [TEST_STEP][PASSED] - if (ajaxIsComplete): null

2021-10-21 14:14:06 - [TEST_STEP][PASSED] - break: null

2021-10-21 14:14:06 - [TEST_STEP][PASSED] - sendKeys(findTestObject("Olusturma/Genel/Not/Notlar"), Not): Keys 'Otomasyon Not' sent to object: 'Object Repository/Olusturma/Genel/Not/Notlar'

2021-10-21 14:14:06 - [MESSAGE][INFO] - Finding Test Object 'Object Repository/Olusturma/Genel/Not/Notlar'

2021-10-21 14:14:06 - [MESSAGE][INFO] - Sending keys 'Otomasyon Not' to object: 'Object Repository/Olusturma/Genel/Not/Notlar'

2021-10-21 14:14:06 - [MESSAGE][INFO] - Finding web element from Test Object's properties

2021-10-21 14:14:06 - [MESSAGE][INFO] - Checking timeout

2021-10-21 14:14:06 - [MESSAGE][INFO] - Finding web element with id: 'Object Repository/Olusturma/Genel/Not/Notlar' located by 'By.xpath: //*[@id = 'txtNote_I']' in '30' second(s)

2021-10-21 14:14:06 - [MESSAGE][INFO] - Smart Wait Function is triggered

2021-10-21 14:14:07 - [MESSAGE][INFO] - Found 1 web elements with id: 'Object Repository/Olusturma/Genel/Not/Notlar' located by 'By.xpath: //*[@id = 'txtNote_I']' in '30' second(s)

2021-10-21 14:14:07 - [MESSAGE][PASSED] - Keys 'Otomasyon Not' sent to object: 'Object Repository/Olusturma/Genel/Not/Notlar'

2021-10-21 14:14:07 - [MESSAGE][PASSED] - Call Test Case 'Test Cases/Olusturma/Genel/NotGirilir' successfully

2021-10-21 14:14:07 - [MESSAGE][INFO] - Checking called Test Case

2021-10-21 14:14:07 - [MESSAGE][INFO] - Starting to call Test Case 'Test Cases/Olusturma/Genel/EttnBilgisiKayitEdilir'

2021-10-21 14:14:07 - [TEST_CASE][PASSED] - Test Cases/Olusturma/Genel/EttnBilgisiKayitEdilir: Test Cases/Olusturma/Genel/EttnBilgisiKayitEdilir

2021-10-21 14:14:07 - [TEST_STEP][PASSED] - verifyElementPresent(findTestObject("Object Repository/Olusturma/Genel/Olusturma/eArsivEttnBilgisi"), 7): Object 'Object Repository/Olusturma/Genel/Olusturma/eArsivEttnBilgisi' is present

2021-10-21 14:14:07 - [MESSAGE][INFO] - Finding Test Object 'Object Repository/Olusturma/Genel/Olusturma/eArsivEttnBilgisi'

2021-10-21 14:14:07 - [MESSAGE][INFO] - Checking object

2021-10-21 14:14:07 - [MESSAGE][INFO] - Finding web element from Test Object's properties

2021-10-21 14:14:07 - [MESSAGE][INFO] - Checking timeout

2021-10-21 14:14:07 - [MESSAGE][INFO] - Finding web element with id: 'Object Repository/Olusturma/Genel/Olusturma/eArsivEttnBilgisi' located by 'By.xpath: //*[@id = 'Uuid_I']' in '7' second(s)

2021-10-21 14:14:07 - [MESSAGE][INFO] - Smart Wait Function is triggered

2021-10-21 14:14:07 - [MESSAGE][INFO] - Found 1 web elements with id: 'Object Repository/Olusturma/Genel/Olusturma/eArsivEttnBilgisi' located by 'By.xpath: //*[@id = 'Uuid_I']' in '7' second(s)

2021-10-21 14:14:07 - [MESSAGE][PASSED] - Object 'Object Repository/Olusturma/Genel/Olusturma/eArsivEttnBilgisi' is present

2021-10-21 14:14:07 - [TEST_STEP][PASSED] - ettn = getAttribute(findTestObject("Object Repository/Olusturma/Genel/Olusturma/eArsivEttnBilgisi"), "value"): Attribute 'value' of object 'Object Repository/Olusturma/Genel/Olusturma/eArsivEttnBilgisi' is: 'c545947b-7c00-4b54-89bb-ef33ba361831'

2021-10-21 14:14:07 - [MESSAGE][INFO] - Finding Test Object 'Object Repository/Olusturma/Genel/Olusturma/eArsivEttnBilgisi'

2021-10-21 14:14:07 - [MESSAGE][INFO] - Checking object

2021-10-21 14:14:07 - [MESSAGE][INFO] - Checking attribute

2021-10-21 14:14:07 - [MESSAGE][INFO] - Finding web element from Test Object's properties

2021-10-21 14:14:07 - [MESSAGE][INFO] - Checking timeout

2021-10-21 14:14:07 - [MESSAGE][INFO] - Finding web element with id: 'Object Repository/Olusturma/Genel/Olusturma/eArsivEttnBilgisi' located by 'By.xpath: //*[@id = 'Uuid_I']' in '30' second(s)

2021-10-21 14:14:07 - [MESSAGE][INFO] - Smart Wait Function is triggered

2021-10-21 14:14:08 - [MESSAGE][INFO] - Found 1 web elements with id: 'Object Repository/Olusturma/Genel/Olusturma/eArsivEttnBilgisi' located by 'By.xpath: //*[@id = 'Uuid_I']' in '30' second(s)

2021-10-21 14:14:08 - [MESSAGE][INFO] - Getting attribute 'value' of object 'Object Repository/Olusturma/Genel/Olusturma/eArsivEttnBilgisi'

2021-10-21 14:14:08 - [MESSAGE][PASSED] - Attribute 'value' of object 'Object Repository/Olusturma/Genel/Olusturma/eArsivEttnBilgisi' is: 'c545947b-7c00-4b54-89bb-ef33ba361831'

2021-10-21 14:14:08 - [MESSAGE][PASSED] - Call Test Case 'Test Cases/Olusturma/Genel/EttnBilgisiKayitEdilir' successfully

2021-10-21 14:14:08 - [MESSAGE][INFO] - Checking called Test Case

2021-10-21 14:14:08 - [MESSAGE][INFO] - Starting to call Test Case 'Test Cases/Olusturma/Genel/KaydetButonunaTiklanir'

2021-10-21 14:14:08 - [TEST_CASE][PASSED] - Test Cases/Olusturma/Genel/KaydetButonunaTiklanir: Test Cases/Olusturma/Genel/KaydetButonunaTiklanir

2021-10-21 14:14:08 - [TEST_STEP][PASSED] - i = 0: null

2021-10-21 14:14:08 - [TEST_STEP][PASSED] - waitForElementPresent(findTestObject("Olusturma/Genel/Not/Notlar"), 10): Object 'Object Repository/Olusturma/Genel/Not/Notlar' is present

2021-10-21 14:14:08 - [MESSAGE][INFO] - Finding Test Object 'Object Repository/Olusturma/Genel/Not/Notlar'

2021-10-21 14:14:08 - [MESSAGE][INFO] - Checking object

2021-10-21 14:14:08 - [MESSAGE][INFO] - Finding web element from Test Object's properties

2021-10-21 14:14:08 - [MESSAGE][INFO] - Checking timeout

2021-10-21 14:14:08 - [MESSAGE][INFO] - Finding web element with id: 'Object Repository/Olusturma/Genel/Not/Notlar' located by 'By.xpath: //*[@id = 'txtNote_I']' in '10' second(s)

2021-10-21 14:14:08 - [MESSAGE][INFO] - Smart Wait Function is triggered

2021-10-21 14:14:09 - [MESSAGE][INFO] - Found 1 web elements with id: 'Object Repository/Olusturma/Genel/Not/Notlar' located by 'By.xpath: //*[@id = 'txtNote_I']' in '10' second(s)

2021-10-21 14:14:09 - [MESSAGE][PASSED] - Object 'Object Repository/Olusturma/Genel/Not/Notlar' is present

2021-10-21 14:14:09 - [TEST_STEP][PASSED] - click(findTestObject("Olusturma/Genel/Not/Notlar")): Object: 'Object Repository/Olusturma/Genel/Not/Notlar' is clicked on

2021-10-21 14:14:09 - [MESSAGE][INFO] - Finding Test Object 'Object Repository/Olusturma/Genel/Not/Notlar'

2021-10-21 14:14:09 - [MESSAGE][INFO] - Checking object

2021-10-21 14:14:09 - [MESSAGE][INFO] - Finding web element from Test Object's properties

2021-10-21 14:14:09 - [MESSAGE][INFO] - Checking timeout

2021-10-21 14:14:09 - [MESSAGE][INFO] - Finding web element with id: 'Object Repository/Olusturma/Genel/Not/Notlar' located by 'By.xpath: //*[@id = 'txtNote_I']' in '30' second(s)

2021-10-21 14:14:09 - [MESSAGE][INFO] - Smart Wait Function is triggered

2021-10-21 14:14:09 - [MESSAGE][INFO] - Found 1 web elements with id: 'Object Repository/Olusturma/Genel/Not/Notlar' located by 'By.xpath: //*[@id = 'txtNote_I']' in '30' second(s)

2021-10-21 14:14:09 - [MESSAGE][INFO] - Clicking on object: 'Object Repository/Olusturma/Genel/Not/Notlar'

2021-10-21 14:14:09 - [MESSAGE][PASSED] - Object: 'Object Repository/Olusturma/Genel/Not/Notlar' is clicked on

2021-10-21 14:14:09 - [TEST_STEP][PASSED] - while (true): null

2021-10-21 14:14:09 - [TEST_STEP][PASSED] - delay(1): Delayed 1 second(s)

2021-10-21 14:14:09 - [MESSAGE][INFO] - Delaying browser in 1 second(s)

2021-10-21 14:14:10 - [MESSAGE][PASSED] - Delayed 1 second(s)

2021-10-21 14:14:10 - [TEST_STEP][PASSED] - ajaxIsComplete = executeJavaScript("return jQuery.active == 0", null): Execute JavaScript 'return jQuery.active == 0' successfully

2021-10-21 14:14:10 - [MESSAGE][PASSED] - Execute JavaScript 'return jQuery.active == 0' successfully

2021-10-21 14:14:10 - [TEST_STEP][PASSED] - if (ajaxIsComplete): null

2021-10-21 14:14:10 - [TEST_STEP][PASSED] - break: null

2021-10-21 14:14:10 - [TEST_STEP][PASSED] - waitForElementClickable(findTestObject("Object Repository/Olusturma/Genel/Buton"), 10): Object 'Object Repository/Olusturma/Genel/Buton' is clickable

2021-10-21 14:14:10 - [MESSAGE][INFO] - Finding Test Object 'Object Repository/Olusturma/Genel/Buton'

2021-10-21 14:14:10 - [MESSAGE][INFO] - Checking object

2021-10-21 14:14:10 - [MESSAGE][INFO] - Checking timeout

2021-10-21 14:14:10 - [MESSAGE][INFO] - Finding web element from Test Object's properties

2021-10-21 14:14:10 - [MESSAGE][INFO] - Checking timeout

2021-10-21 14:14:10 - [MESSAGE][INFO] - Finding web element with id: 'Object Repository/Olusturma/Genel/Buton' located by 'By.xpath: //*[@id = 'btnKaydet']' in '10' second(s)

2021-10-21 14:14:10 - [MESSAGE][INFO] - Smart Wait Function is triggered

2021-10-21 14:14:11 - [MESSAGE][INFO] - Found 1 web elements with id: 'Object Repository/Olusturma/Genel/Buton' located by 'By.xpath: //*[@id = 'btnKaydet']' in '10' second(s)

2021-10-21 14:14:11 - [MESSAGE][PASSED] - Object 'Object Repository/Olusturma/Genel/Buton' is clickable

2021-10-21 14:14:11 - [TEST_STEP][PASSED] - click(findTestObject("Object Repository/Olusturma/Genel/Buton")): Object: 'Object Repository/Olusturma/Genel/Buton' is clicked on

2021-10-21 14:14:11 - [MESSAGE][INFO] - Finding Test Object 'Object Repository/Olusturma/Genel/Buton'

2021-10-21 14:14:11 - [MESSAGE][INFO] - Checking object

2021-10-21 14:14:11 - [MESSAGE][INFO] - Finding web element from Test Object's properties

2021-10-21 14:14:11 - [MESSAGE][INFO] - Checking timeout

2021-10-21 14:14:11 - [MESSAGE][INFO] - Finding web element with id: 'Object Repository/Olusturma/Genel/Buton' located by 'By.xpath: //*[@id = 'btnKaydet']' in '30' second(s)

2021-10-21 14:14:11 - [MESSAGE][INFO] - Smart Wait Function is triggered

2021-10-21 14:14:11 - [MESSAGE][INFO] - Found 1 web elements with id: 'Object Repository/Olusturma/Genel/Buton' located by 'By.xpath: //*[@id = 'btnKaydet']' in '30' second(s)

2021-10-21 14:14:11 - [MESSAGE][INFO] - Clicking on object: 'Object Repository/Olusturma/Genel/Buton'

2021-10-21 14:14:13 - [MESSAGE][PASSED] - Object: 'Object Repository/Olusturma/Genel/Buton' is clicked on

2021-10-21 14:14:13 - [MESSAGE][PASSED] - Call Test Case 'Test Cases/Olusturma/Genel/KaydetButonunaTiklanir' successfully

2021-10-21 14:14:13 - [MESSAGE][INFO] - Checking called Test Case

2021-10-21 14:14:13 - [MESSAGE][INFO] - Starting to call Test Case 'Test Cases/Tablo/TablodaEttnliVeriOlusturulduMu'

2021-10-21 14:14:14 - [TEST_CASE][PASSED] - Test Cases/Tablo/TablodaEttnliVeriOlusturulduMu: Test Cases/Tablo/TablodaEttnliVeriOlusturulduMu

2021-10-21 14:14:14 - [TEST_STEP][PASSED] - Method.TextDegerineEsitElementVarMi(findTestObject("Tablo/OlusturulanVeri"), ettn): Method.TextDegerineEsitElementVarMi is PASSED

2021-10-21 14:14:14 - [MESSAGE][INFO] - Finding Test Object 'Object Repository/Tablo/OlusturulanVeri'

2021-10-21 14:14:14 - [MESSAGE][INFO] - Checking timeout

2021-10-21 14:14:14 - [MESSAGE][INFO] - Finding web element with id: 'Object Repository/Tablo/OlusturulanVeri' located by 'By.cssSelector: table.dxgvTable_LECustomTheme>tbody>tr:nth-child(3)>td.dxgv b,table.dxgvTable_LECustomTheme>tbody>tr:nth-child(3)>td.dxgv' in '10' second(s)

2021-10-21 14:14:14 - [MESSAGE][INFO] - Smart Wait Function is triggered

2021-10-21 14:14:14 - [MESSAGE][INFO] - Found 14 web elements with id: 'Object Repository/Tablo/OlusturulanVeri' located by 'By.cssSelector: table.dxgvTable_LECustomTheme>tbody>tr:nth-child(3)>td.dxgv b,table.dxgvTable_LECustomTheme>tbody>tr:nth-child(3)>td.dxgv' in '10' second(s)

2021-10-21 14:14:14 - [MESSAGE][PASSED] - Method.TextDegerineEsitElementVarMi is PASSED

2021-10-21 14:14:14 - [MESSAGE][PASSED] - Call Test Case 'Test Cases/Tablo/TablodaEttnliVeriOlusturulduMu' successfully

2021-10-21 14:14:14 - [MESSAGE][INFO] - Checking called Test Case

2021-10-21 14:14:14 - [MESSAGE][INFO] - Starting to call Test Case 'Test Cases/Tablo/TablodanEttnliVeriSec'

2021-10-21 14:14:14 - [TEST_CASE][PASSED] - Test Cases/Tablo/TablodanEttnliVeriSec: Test Cases/Tablo/TablodanEttnliVeriSec

2021-10-21 14:14:14 - [TEST_STEP][PASSED] - Method.TextDegerineEsitElementinAltindakineTikla(findTestObject("Tablo/Veriler"), findTestObject("Tablo/VerininCheckBoxi"), ettn): Method.TextDegerineEsitElementinAltindakineTikla is PASSED

2021-10-21 14:14:14 - [MESSAGE][INFO] - Finding Test Object 'Object Repository/Tablo/Veriler'

2021-10-21 14:14:14 - [MESSAGE][INFO] - Finding Test Object 'Object Repository/Tablo/VerininCheckBoxi'

2021-10-21 14:14:15 - [MESSAGE][INFO] - Checking timeout

2021-10-21 14:14:15 - [MESSAGE][INFO] - Finding web element with id: 'Object Repository/Tablo/Veriler' located by 'By.cssSelector: td.dxgv b ,td.dxgv' in '10' second(s)

2021-10-21 14:14:15 - [MESSAGE][INFO] - Smart Wait Function is triggered

2021-10-21 14:14:15 - [MESSAGE][INFO] - Found 70 web elements with id: 'Object Repository/Tablo/Veriler' located by 'By.cssSelector: td.dxgv b ,td.dxgv' in '10' second(s)

2021-10-21 14:14:15 - [MESSAGE][INFO] - Smart Wait Function is triggered

2021-10-21 14:14:15 - [MESSAGE][PASSED] - Method.TextDegerineEsitElementinAltindakineTikla is PASSED

2021-10-21 14:14:15 - [MESSAGE][PASSED] - Call Test Case 'Test Cases/Tablo/TablodanEttnliVeriSec' successfully

2021-10-21 14:14:15 - [MESSAGE][INFO] - Checking called Test Case

2021-10-21 14:14:15 - [MESSAGE][INFO] - Starting to call Test Case 'Test Cases/Butonlar/ButonaTikla'

2021-10-21 14:14:15 - [TEST_CASE][PASSED] - Test Cases/Butonlar/ButonaTikla: Test Cases/Butonlar/ButonaTikla

2021-10-21 14:14:15 - [TEST_STEP][PASSED] - Method.TextDegerineEsitElementeTiklaEquals(findTestObject("Butonlar/Butonlar"), Buton_Adi): Method.TextDegerineEsitElementeTiklaEquals is PASSED

2021-10-21 14:14:15 - [MESSAGE][INFO] - Finding Test Object 'Object Repository/Butonlar/Butonlar'

2021-10-21 14:14:15 - [MESSAGE][INFO] - Checking timeout

2021-10-21 14:14:15 - [MESSAGE][INFO] - Finding web element with id: 'Object Repository/Butonlar/Butonlar' located by 'By.cssSelector: .panel.panel-default.text-center.footerPanel .btn,.btn.btn-primary.btnControls' in '10' second(s)

2021-10-21 14:14:15 - [MESSAGE][INFO] - Smart Wait Function is triggered

2021-10-21 14:14:16 - [MESSAGE][INFO] - Found 10 web elements with id: 'Object Repository/Butonlar/Butonlar' located by 'By.cssSelector: .panel.panel-default.text-center.footerPanel .btn,.btn.btn-primary.btnControls' in '10' second(s)

2021-10-21 14:14:16 - [MESSAGE][PASSED] - Method.TextDegerineEsitElementeTiklaEquals is PASSED

2021-10-21 14:14:16 - [MESSAGE][PASSED] - Call Test Case 'Test Cases/Butonlar/ButonaTikla' successfully

2021-10-21 14:14:16 - [MESSAGE][INFO] - Checking called Test Case

2021-10-21 14:14:16 - [MESSAGE][INFO] - Starting to call Test Case 'Test Cases/Popup/PopupMesajiIceriyorMu'

2021-10-21 14:14:16 - [TEST_CASE][PASSED] - Test Cases/Popup/PopupMesajiIceriyorMu: Test Cases/Popup/PopupMesajiIceriyorMu

2021-10-21 14:14:16 - [TEST_STEP][PASSED] - waitForElementVisible(findTestObject("Popup/Popup"), 10): Object 'Object Repository/Popup/Popup' is visible

2021-10-21 14:14:16 - [MESSAGE][INFO] - Finding Test Object 'Object Repository/Popup/Popup'

2021-10-21 14:14:16 - [MESSAGE][INFO] - Checking object

2021-10-21 14:14:16 - [MESSAGE][INFO] - Checking timeout

2021-10-21 14:14:16 - [MESSAGE][INFO] - Finding web element from Test Object's properties

2021-10-21 14:14:16 - [MESSAGE][INFO] - Checking timeout

2021-10-21 14:14:16 - [MESSAGE][INFO] - Finding web element with id: 'Object Repository/Popup/Popup' located by 'By.cssSelector: .bootbox-body' in '10' second(s)

2021-10-21 14:14:16 - [MESSAGE][INFO] - Smart Wait Function is triggered

2021-10-21 14:14:17 - [MESSAGE][INFO] - Found 1 web elements with id: 'Object Repository/Popup/Popup' located by 'By.cssSelector: .bootbox-body' in '10' second(s)

2021-10-21 14:14:17 - [MESSAGE][PASSED] - Object 'Object Repository/Popup/Popup' is visible

2021-10-21 14:14:17 - [TEST_STEP][PASSED] - if (!(getText(findTestObject("Popup/Popup")).contains(Mesaj))): Text of object 'Object Repository/Popup/Popup' is: 'Oluşturulacak fatura numarası : EAR2021000000403 Fatura numarası oluşturulduktan sonra fatura silinemez. Fatura numarası, tarihi ve ön eki değiştirilemez. Devam etmek istiyor musunuz?'

2021-10-21 14:14:17 - [MESSAGE][INFO] - Finding Test Object 'Object Repository/Popup/Popup'

2021-10-21 14:14:17 - [MESSAGE][INFO] - Checking object

2021-10-21 14:14:17 - [MESSAGE][INFO] - Finding web element from Test Object's properties

2021-10-21 14:14:17 - [MESSAGE][INFO] - Checking timeout

2021-10-21 14:14:17 - [MESSAGE][INFO] - Finding web element with id: 'Object Repository/Popup/Popup' located by 'By.cssSelector: .bootbox-body' in '30' second(s)

2021-10-21 14:14:17 - [MESSAGE][INFO] - Smart Wait Function is triggered

2021-10-21 14:14:17 - [MESSAGE][INFO] - Found 1 web elements with id: 'Object Repository/Popup/Popup' located by 'By.cssSelector: .bootbox-body' in '30' second(s)

2021-10-21 14:14:17 - [MESSAGE][INFO] - Getting text of object 'Object Repository/Popup/Popup'

2021-10-21 14:14:17 - [MESSAGE][PASSED] - Text of object 'Object Repository/Popup/Popup' is: 'Oluşturulacak fatura numarası : EAR2021000000403 Fatura numarası oluşturulduktan sonra fatura silinemez. Fatura numarası, tarihi ve ön eki değiştirilemez. Devam etmek istiyor musunuz?'

2021-10-21 14:14:17 - [TEST_STEP][PASSED] - RaporNo = getText(findTestObject("Popup/Popup")).substring(0, 6): Text of object 'Object Repository/Popup/Popup' is: 'Oluşturulacak fatura numarası : EAR2021000000403 Fatura numarası oluşturulduktan sonra fatura silinemez. Fatura numarası, tarihi ve ön eki değiştirilemez. Devam etmek istiyor musunuz?'

2021-10-21 14:14:17 - [MESSAGE][INFO] - Finding Test Object 'Object Repository/Popup/Popup'

2021-10-21 14:14:18 - [MESSAGE][INFO] - Checking object

2021-10-21 14:14:18 - [MESSAGE][INFO] - Finding web element from Test Object's properties

2021-10-21 14:14:18 - [MESSAGE][INFO] - Checking timeout

2021-10-21 14:14:18 - [MESSAGE][INFO] - Finding web element with id: 'Object Repository/Popup/Popup' located by 'By.cssSelector: .bootbox-body' in '30' second(s)

2021-10-21 14:14:18 - [MESSAGE][INFO] - Smart Wait Function is triggered

2021-10-21 14:14:18 - [MESSAGE][INFO] - Found 1 web elements with id: 'Object Repository/Popup/Popup' located by 'By.cssSelector: .bootbox-body' in '30' second(s)

2021-10-21 14:14:18 - [MESSAGE][INFO] - Getting text of object 'Object Repository/Popup/Popup'

2021-10-21 14:14:18 - [MESSAGE][PASSED] - Text of object 'Object Repository/Popup/Popup' is: 'Oluşturulacak fatura numarası : EAR2021000000403 Fatura numarası oluşturulduktan sonra fatura silinemez. Fatura numarası, tarihi ve ön eki değiştirilemez. Devam etmek istiyor musunuz?'

2021-10-21 14:14:18 - [TEST_STEP][PASSED] - Console.println(RaporNo): null

2021-10-21 14:14:18 - [MESSAGE][PASSED] - Call Test Case 'Test Cases/Popup/PopupMesajiIceriyorMu' successfully

2021-10-21 14:14:18 - [MESSAGE][INFO] - Checking called Test Case

2021-10-21 14:14:18 - [MESSAGE][INFO] - Starting to call Test Case 'Test Cases/Popup/PopupButonSecilir'

2021-10-21 14:14:18 - [TEST_CASE][PASSED] - Test Cases/Popup/PopupButonSecilir: Test Cases/Popup/PopupButonSecilir

2021-10-21 14:14:18 - [TEST_STEP][PASSED] - Method.TextDegerineEsitElementeTikla(findTestObject("Popup/Popup_Butons"), Buton): Method.TextDegerineEsitElementeTikla is PASSED

2021-10-21 14:14:18 - [MESSAGE][INFO] - Finding Test Object 'Object Repository/Popup/Popup_Butons'

2021-10-21 14:14:18 - [MESSAGE][INFO] - Checking timeout

2021-10-21 14:14:18 - [MESSAGE][INFO] - Finding web element with id: 'Object Repository/Popup/Popup_Butons' located by 'By.cssSelector: .modal-footer>button' in '10' second(s)

2021-10-21 14:14:18 - [MESSAGE][INFO] - Smart Wait Function is triggered

2021-10-21 14:14:18 - [MESSAGE][INFO] - Found 2 web elements with id: 'Object Repository/Popup/Popup_Butons' located by 'By.cssSelector: .modal-footer>button' in '10' second(s)

2021-10-21 14:14:19 - [MESSAGE][PASSED] - Method.TextDegerineEsitElementeTikla is PASSED

2021-10-21 14:14:19 - [MESSAGE][PASSED] - Call Test Case 'Test Cases/Popup/PopupButonSecilir' successfully

2021-10-21 14:14:19 - [MESSAGE][INFO] - Checking called Test Case

2021-10-21 14:14:19 - [MESSAGE][INFO] - Starting to call Test Case 'Test Cases/Popup/PopupMesajiIceriyorMu'

2021-10-21 14:14:19 - [TEST_CASE][PASSED] - Test Cases/Popup/PopupMesajiIceriyorMu: Test Cases/Popup/PopupMesajiIceriyorMu

2021-10-21 14:14:19 - [TEST_STEP][PASSED] - waitForElementVisible(findTestObject("Popup/Popup"), 10): Object 'Object Repository/Popup/Popup' is visible

2021-10-21 14:14:19 - [MESSAGE][INFO] - Finding Test Object 'Object Repository/Popup/Popup'

2021-10-21 14:14:19 - [MESSAGE][INFO] - Checking object

2021-10-21 14:14:19 - [MESSAGE][INFO] - Checking timeout

2021-10-21 14:14:19 - [MESSAGE][INFO] - Finding web element from Test Object's properties

2021-10-21 14:14:19 - [MESSAGE][INFO] - Checking timeout

2021-10-21 14:14:19 - [MESSAGE][INFO] - Finding web element with id: 'Object Repository/Popup/Popup' located by 'By.cssSelector: .bootbox-body' in '10' second(s)

2021-10-21 14:14:19 - [MESSAGE][INFO] - Smart Wait Function is triggered

2021-10-21 14:14:20 - [MESSAGE][INFO] - Found 1 web elements with id: 'Object Repository/Popup/Popup' located by 'By.cssSelector: .bootbox-body' in '10' second(s)

2021-10-21 14:14:20 - [MESSAGE][PASSED] - Object 'Object Repository/Popup/Popup' is visible

2021-10-21 14:14:20 - [TEST_STEP][PASSED] - if (!(getText(findTestObject("Popup/Popup")).contains(Mesaj))): Text of object 'Object Repository/Popup/Popup' is: 'Fatura numaranız EAR2021000000403 olarak oluşmuştur.'

2021-10-21 14:14:20 - [MESSAGE][INFO] - Finding Test Object 'Object Repository/Popup/Popup'

2021-10-21 14:14:20 - [MESSAGE][INFO] - Checking object

2021-10-21 14:14:20 - [MESSAGE][INFO] - Finding web element from Test Object's properties

2021-10-21 14:14:20 - [MESSAGE][INFO] - Checking timeout

2021-10-21 14:14:20 - [MESSAGE][INFO] - Finding web element with id: 'Object Repository/Popup/Popup' located by 'By.cssSelector: .bootbox-body' in '30' second(s)

2021-10-21 14:14:20 - [MESSAGE][INFO] - Smart Wait Function is triggered

2021-10-21 14:14:20 - [MESSAGE][INFO] - Found 1 web elements with id: 'Object Repository/Popup/Popup' located by 'By.cssSelector: .bootbox-body' in '30' second(s)

2021-10-21 14:14:20 - [MESSAGE][INFO] - Getting text of object 'Object Repository/Popup/Popup'

2021-10-21 14:14:20 - [MESSAGE][PASSED] - Text of object 'Object Repository/Popup/Popup' is: 'Fatura numaranız EAR2021000000403 olarak oluşmuştur.'

2021-10-21 14:14:20 - [TEST_STEP][PASSED] - RaporNo = getText(findTestObject("Popup/Popup")).substring(0, 6): Text of object 'Object Repository/Popup/Popup' is: 'Fatura numaranız EAR2021000000403 olarak oluşmuştur.'

2021-10-21 14:14:20 - [MESSAGE][INFO] - Finding Test Object 'Object Repository/Popup/Popup'

2021-10-21 14:14:20 - [MESSAGE][INFO] - Checking object

2021-10-21 14:14:20 - [MESSAGE][INFO] - Finding web element from Test Object's properties

2021-10-21 14:14:20 - [MESSAGE][INFO] - Checking timeout

2021-10-21 14:14:20 - [MESSAGE][INFO] - Finding web element with id: 'Object Repository/Popup/Popup' located by 'By.cssSelector: .bootbox-body' in '30' second(s)

2021-10-21 14:14:20 - [MESSAGE][INFO] - Smart Wait Function is triggered

2021-10-21 14:14:20 - [MESSAGE][INFO] - Found 1 web elements with id: 'Object Repository/Popup/Popup' located by 'By.cssSelector: .bootbox-body' in '30' second(s)

2021-10-21 14:14:20 - [MESSAGE][INFO] - Getting text of object 'Object Repository/Popup/Popup'

2021-10-21 14:14:20 - [MESSAGE][PASSED] - Text of object 'Object Repository/Popup/Popup' is: 'Fatura numaranız EAR2021000000403 olarak oluşmuştur.'

2021-10-21 14:14:20 - [TEST_STEP][PASSED] - Console.println(RaporNo): null

2021-10-21 14:14:20 - [MESSAGE][PASSED] - Call Test Case 'Test Cases/Popup/PopupMesajiIceriyorMu' successfully

2021-10-21 14:14:20 - [MESSAGE][INFO] - Checking called Test Case

2021-10-21 14:14:20 - [MESSAGE][INFO] - Starting to call Test Case 'Test Cases/Popup/PopupButonSecilir'

2021-10-21 14:14:20 - [TEST_CASE][PASSED] - Test Cases/Popup/PopupButonSecilir: Test Cases/Popup/PopupButonSecilir

2021-10-21 14:14:20 - [TEST_STEP][PASSED] - Method.TextDegerineEsitElementeTikla(findTestObject("Popup/Popup_Butons"), Buton): Method.TextDegerineEsitElementeTikla is PASSED

2021-10-21 14:14:20 - [MESSAGE][INFO] - Finding Test Object 'Object Repository/Popup/Popup_Butons'

2021-10-21 14:14:20 - [MESSAGE][INFO] - Checking timeout

2021-10-21 14:14:20 - [MESSAGE][INFO] - Finding web element with id: 'Object Repository/Popup/Popup_Butons' located by 'By.cssSelector: .modal-footer>button' in '10' second(s)

2021-10-21 14:14:20 - [MESSAGE][INFO] - Smart Wait Function is triggered

2021-10-21 14:14:21 - [MESSAGE][INFO] - Found 1 web elements with id: 'Object Repository/Popup/Popup_Butons' located by 'By.cssSelector: .modal-footer>button' in '10' second(s)

2021-10-21 14:14:21 - [MESSAGE][PASSED] - Method.TextDegerineEsitElementeTikla is PASSED

2021-10-21 14:14:21 - [MESSAGE][PASSED] - Call Test Case 'Test Cases/Popup/PopupButonSecilir' successfully

2021-10-21 14:14:21 - [MESSAGE][INFO] - Checking called Test Case

2021-10-21 14:14:21 - [MESSAGE][INFO] - Starting to call Test Case 'Test Cases/Tablo/TablodanEttnliVeriSec'

2021-10-21 14:14:21 - [TEST_CASE][PASSED] - Test Cases/Tablo/TablodanEttnliVeriSec: Test Cases/Tablo/TablodanEttnliVeriSec

2021-10-21 14:14:21 - [TEST_STEP][PASSED] - Method.TextDegerineEsitElementinAltindakineTikla(findTestObject("Tablo/Veriler"), findTestObject("Tablo/VerininCheckBoxi"), ettn): Method.TextDegerineEsitElementinAltindakineTikla is PASSED

2021-10-21 14:14:21 - [MESSAGE][INFO] - Finding Test Object 'Object Repository/Tablo/Veriler'

2021-10-21 14:14:21 - [MESSAGE][INFO] - Finding Test Object 'Object Repository/Tablo/VerininCheckBoxi'

2021-10-21 14:14:21 - [MESSAGE][INFO] - Checking timeout

2021-10-21 14:14:21 - [MESSAGE][INFO] - Finding web element with id: 'Object Repository/Tablo/Veriler' located by 'By.cssSelector: td.dxgv b ,td.dxgv' in '10' second(s)

2021-10-21 14:14:21 - [MESSAGE][INFO] - Smart Wait Function is triggered

2021-10-21 14:14:22 - [MESSAGE][INFO] - Found 70 web elements with id: 'Object Repository/Tablo/Veriler' located by 'By.cssSelector: td.dxgv b ,td.dxgv' in '10' second(s)

2021-10-21 14:14:22 - [MESSAGE][INFO] - Smart Wait Function is triggered

2021-10-21 14:14:22 - [MESSAGE][PASSED] - Method.TextDegerineEsitElementinAltindakineTikla is PASSED

2021-10-21 14:14:22 - [MESSAGE][PASSED] - Call Test Case 'Test Cases/Tablo/TablodanEttnliVeriSec' successfully

2021-10-21 14:14:22 - [MESSAGE][INFO] - Checking called Test Case

2021-10-21 14:14:22 - [MESSAGE][INFO] - Starting to call Test Case 'Test Cases/Butonlar/ButonaTikla'

2021-10-21 14:14:22 - [TEST_CASE][PASSED] - Test Cases/Butonlar/ButonaTikla: Test Cases/Butonlar/ButonaTikla

2021-10-21 14:14:22 - [TEST_STEP][PASSED] - Method.TextDegerineEsitElementeTiklaEquals(findTestObject("Butonlar/Butonlar"), Buton_Adi): Method.TextDegerineEsitElementeTiklaEquals is PASSED

2021-10-21 14:14:22 - [MESSAGE][INFO] - Finding Test Object 'Object Repository/Butonlar/Butonlar'

2021-10-21 14:14:22 - [MESSAGE][INFO] - Checking timeout

2021-10-21 14:14:22 - [MESSAGE][INFO] - Finding web element with id: 'Object Repository/Butonlar/Butonlar' located by 'By.cssSelector: .panel.panel-default.text-center.footerPanel .btn,.btn.btn-primary.btnControls' in '10' second(s)

2021-10-21 14:14:22 - [MESSAGE][INFO] - Smart Wait Function is triggered

2021-10-21 14:14:23 - [MESSAGE][INFO] - Found 10 web elements with id: 'Object Repository/Butonlar/Butonlar' located by 'By.cssSelector: .panel.panel-default.text-center.footerPanel .btn,.btn.btn-primary.btnControls' in '10' second(s)

2021-10-21 14:14:23 - [MESSAGE][PASSED] - Method.TextDegerineEsitElementeTiklaEquals is PASSED

2021-10-21 14:14:23 - [MESSAGE][PASSED] - Call Test Case 'Test Cases/Butonlar/ButonaTikla' successfully

2021-10-21 14:14:23 - [MESSAGE][INFO] - Checking called Test Case

2021-10-21 14:14:23 - [MESSAGE][INFO] - Starting to call Test Case 'Test Cases/Popup/PopupMesajiIceriyorMu'

2021-10-21 14:14:23 - [TEST_CASE][PASSED] - Test Cases/Popup/PopupMesajiIceriyorMu: Test Cases/Popup/PopupMesajiIceriyorMu

2021-10-21 14:14:23 - [TEST_STEP][PASSED] - waitForElementVisible(findTestObject("Popup/Popup"), 10): Object 'Object Repository/Popup/Popup' is visible

2021-10-21 14:14:23 - [MESSAGE][INFO] - Finding Test Object 'Object Repository/Popup/Popup'

2021-10-21 14:14:23 - [MESSAGE][INFO] - Checking object

2021-10-21 14:14:23 - [MESSAGE][INFO] - Checking timeout

2021-10-21 14:14:23 - [MESSAGE][INFO] - Finding web element from Test Object's properties

2021-10-21 14:14:23 - [MESSAGE][INFO] - Checking timeout

2021-10-21 14:14:23 - [MESSAGE][INFO] - Finding web element with id: 'Object Repository/Popup/Popup' located by 'By.cssSelector: .bootbox-body' in '10' second(s)

2021-10-21 14:14:23 - [MESSAGE][INFO] - Smart Wait Function is triggered

2021-10-21 14:14:24 - [MESSAGE][INFO] - Found 1 web elements with id: 'Object Repository/Popup/Popup' located by 'By.cssSelector: .bootbox-body' in '10' second(s)

2021-10-21 14:14:24 - [MESSAGE][PASSED] - Object 'Object Repository/Popup/Popup' is visible

2021-10-21 14:14:24 - [TEST_STEP][PASSED] - if (!(getText(findTestObject("Popup/Popup")).contains(Mesaj))): Text of object 'Object Repository/Popup/Popup' is: 'Seçilen faturalarınız onaylanacaktır. Onaylanan faturalar üzerinde değişiklik yapılamaz. Devam etmek istiyor musunuz?'

2021-10-21 14:14:24 - [MESSAGE][INFO] - Finding Test Object 'Object Repository/Popup/Popup'

2021-10-21 14:14:24 - [MESSAGE][INFO] - Checking object

2021-10-21 14:14:24 - [MESSAGE][INFO] - Finding web element from Test Object's properties

2021-10-21 14:14:24 - [MESSAGE][INFO] - Checking timeout

2021-10-21 14:14:24 - [MESSAGE][INFO] - Finding web element with id: 'Object Repository/Popup/Popup' located by 'By.cssSelector: .bootbox-body' in '30' second(s)

2021-10-21 14:14:24 - [MESSAGE][INFO] - Smart Wait Function is triggered

2021-10-21 14:14:24 - [MESSAGE][INFO] - Found 1 web elements with id: 'Object Repository/Popup/Popup' located by 'By.cssSelector: .bootbox-body' in '30' second(s)

2021-10-21 14:14:24 - [MESSAGE][INFO] - Getting text of object 'Object Repository/Popup/Popup'

2021-10-21 14:14:24 - [MESSAGE][PASSED] - Text of object 'Object Repository/Popup/Popup' is: 'Seçilen faturalarınız onaylanacaktır. Onaylanan faturalar üzerinde değişiklik yapılamaz. Devam etmek istiyor musunuz?'

2021-10-21 14:14:24 - [TEST_STEP][PASSED] - RaporNo = getText(findTestObject("Popup/Popup")).substring(0, 6): Text of object 'Object Repository/Popup/Popup' is: 'Seçilen faturalarınız onaylanacaktır. Onaylanan faturalar üzerinde değişiklik yapılamaz. Devam etmek istiyor musunuz?'

2021-10-21 14:14:24 - [MESSAGE][INFO] - Finding Test Object 'Object Repository/Popup/Popup'

2021-10-21 14:14:24 - [MESSAGE][INFO] - Checking object

2021-10-21 14:14:24 - [MESSAGE][INFO] - Finding web element from Test Object's properties

2021-10-21 14:14:24 - [MESSAGE][INFO] - Checking timeout

2021-10-21 14:14:24 - [MESSAGE][INFO] - Finding web element with id: 'Object Repository/Popup/Popup' located by 'By.cssSelector: .bootbox-body' in '30' second(s)

2021-10-21 14:14:24 - [MESSAGE][INFO] - Smart Wait Function is triggered

2021-10-21 14:14:25 - [MESSAGE][INFO] - Found 1 web elements with id: 'Object Repository/Popup/Popup' located by 'By.cssSelector: .bootbox-body' in '30' second(s)

2021-10-21 14:14:25 - [MESSAGE][INFO] - Getting text of object 'Object Repository/Popup/Popup'

2021-10-21 14:14:25 - [MESSAGE][PASSED] - Text of object 'Object Repository/Popup/Popup' is: 'Seçilen faturalarınız onaylanacaktır. Onaylanan faturalar üzerinde değişiklik yapılamaz. Devam etmek istiyor musunuz?'

2021-10-21 14:14:25 - [TEST_STEP][PASSED] - Console.println(RaporNo): null

2021-10-21 14:14:25 - [MESSAGE][PASSED] - Call Test Case 'Test Cases/Popup/PopupMesajiIceriyorMu' successfully

2021-10-21 14:14:25 - [MESSAGE][INFO] - Checking called Test Case

2021-10-21 14:14:25 - [MESSAGE][INFO] - Starting to call Test Case 'Test Cases/Popup/PopupButonSecilir'

2021-10-21 14:14:25 - [TEST_CASE][PASSED] - Test Cases/Popup/PopupButonSecilir: Test Cases/Popup/PopupButonSecilir

2021-10-21 14:14:25 - [TEST_STEP][PASSED] - Method.TextDegerineEsitElementeTikla(findTestObject("Popup/Popup_Butons"), Buton): Method.TextDegerineEsitElementeTikla is PASSED

2021-10-21 14:14:25 - [MESSAGE][INFO] - Finding Test Object 'Object Repository/Popup/Popup_Butons'

2021-10-21 14:14:25 - [MESSAGE][INFO] - Checking timeout

2021-10-21 14:14:25 - [MESSAGE][INFO] - Finding web element with id: 'Object Repository/Popup/Popup_Butons' located by 'By.cssSelector: .modal-footer>button' in '10' second(s)

2021-10-21 14:14:25 - [MESSAGE][INFO] - Smart Wait Function is triggered

2021-10-21 14:14:25 - [MESSAGE][INFO] - Found 2 web elements with id: 'Object Repository/Popup/Popup_Butons' located by 'By.cssSelector: .modal-footer>button' in '10' second(s)

2021-10-21 14:14:25 - [MESSAGE][PASSED] - Method.TextDegerineEsitElementeTikla is PASSED

2021-10-21 14:14:25 - [MESSAGE][PASSED] - Call Test Case 'Test Cases/Popup/PopupButonSecilir' successfully

2021-10-21 14:14:25 - [MESSAGE][INFO] - Checking called Test Case

2021-10-21 14:14:25 - [MESSAGE][INFO] - Starting to call Test Case 'Test Cases/Menu/AnaMenuSecimi'

2021-10-21 14:14:25 - [TEST_CASE][PASSED] - Test Cases/Menu/AnaMenuSecimi: Test Cases/Menu/AnaMenuSecimi

2021-10-21 14:14:25 - [TEST_STEP][PASSED] - Method.TextDegerineEsitElementeTikla(findTestObject("Menu/Ana_Menu"), Ana_Menu): Method.TextDegerineEsitElementeTikla is PASSED

2021-10-21 14:14:25 - [MESSAGE][INFO] - Finding Test Object 'Object Repository/Menu/Ana_Menu'

2021-10-21 14:14:25 - [MESSAGE][INFO] - Checking timeout

2021-10-21 14:14:25 - [MESSAGE][INFO] - Finding web element with id: 'Object Repository/Menu/Ana_Menu' located by 'By.xpath: //*[@class = 'dropdown-toggle']' in '10' second(s)

2021-10-21 14:14:25 - [MESSAGE][INFO] - Smart Wait Function is triggered

2021-10-21 14:14:26 - [MESSAGE][INFO] - Found 13 web elements with id: 'Object Repository/Menu/Ana_Menu' located by 'By.xpath: //*[@class = 'dropdown-toggle']' in '10' second(s)

2021-10-21 14:14:26 - [MESSAGE][PASSED] - Method.TextDegerineEsitElementeTikla is PASSED

2021-10-21 14:14:26 - [MESSAGE][PASSED] - Call Test Case 'Test Cases/Menu/AnaMenuSecimi' successfully

2021-10-21 14:14:26 - [MESSAGE][INFO] - Checking called Test Case

2021-10-21 14:14:26 - [MESSAGE][INFO] - Starting to call Test Case 'Test Cases/Menu/BasligaGoreAltMenuSecimi'

2021-10-21 14:14:27 - [TEST_CASE][PASSED] - Test Cases/Menu/BasligaGoreAltMenuSecimi: Test Cases/Menu/BasligaGoreAltMenuSecimi

2021-10-21 14:14:27 - [TEST_STEP][PASSED] - Method.TextDegerineEsitElementinAltindakiTextDegerineEsitOlanaTikla(findTestObject("Menu/Menu_Basligi"), findTestObject("Menu/Basliga_Gore_Alt_Menu"), Baslik, Alt_Menu): Method.TextDegerineEsitElementinAltindakiTextDegerineEsitOlanaTikla is PASSED

2021-10-21 14:14:27 - [MESSAGE][INFO] - Finding Test Object 'Object Repository/Menu/Menu_Basligi'

2021-10-21 14:14:27 - [MESSAGE][INFO] - Finding Test Object 'Object Repository/Menu/Basliga_Gore_Alt_Menu'

2021-10-21 14:14:27 - [MESSAGE][INFO] - Checking timeout

2021-10-21 14:14:27 - [MESSAGE][INFO] - Finding web element with id: 'Object Repository/Menu/Menu_Basligi' located by 'By.xpath: //li[@class='dropdown dropdown-large open']//li[@class='dropdown-header']' in '10' second(s)

2021-10-21 14:14:27 - [MESSAGE][INFO] - Smart Wait Function is triggered

2021-10-21 14:14:27 - [MESSAGE][INFO] - Found 2 web elements with id: 'Object Repository/Menu/Menu_Basligi' located by 'By.xpath: //li[@class='dropdown dropdown-large open']//li[@class='dropdown-header']' in '10' second(s)

2021-10-21 14:14:27 - [MESSAGE][INFO] - Smart Wait Function is triggered

2021-10-21 14:14:29 - [MESSAGE][PASSED] - Method.TextDegerineEsitElementinAltindakiTextDegerineEsitOlanaTikla is PASSED

2021-10-21 14:14:29 - [MESSAGE][PASSED] - Call Test Case 'Test Cases/Menu/BasligaGoreAltMenuSecimi' successfully

2021-10-21 14:14:29 - [MESSAGE][INFO] - Checking called Test Case

2021-10-21 14:14:29 - [MESSAGE][INFO] - Starting to call Test Case 'Test Cases/Filtreler/EttnYaz'

2021-10-21 14:14:29 - [TEST_CASE][PASSED] - Test Cases/Filtreler/EttnYaz: Test Cases/Filtreler/EttnYaz

2021-10-21 14:14:29 - [TEST_STEP][PASSED] - Method.TextDegerineEsitElementinAltindakiTextboxtaYaz(findTestObject("Filtreler/Basliklar"), findTestObject("Filtreler/Basliga_Gore_Textbox"), "ETTN", ettn): Method.TextDegerineEsitElementinAltindakiTextboxtaYaz is PASSED

2021-10-21 14:14:29 - [MESSAGE][INFO] - Finding Test Object 'Object Repository/Filtreler/Basliklar'

2021-10-21 14:14:29 - [MESSAGE][INFO] - Finding Test Object 'Object Repository/Filtreler/Basliga_Gore_Textbox'

2021-10-21 14:14:29 - [MESSAGE][INFO] - Checking timeout

2021-10-21 14:14:29 - [MESSAGE][INFO] - Finding web element with id: 'Object Repository/Filtreler/Basliklar' located by 'By.cssSelector: .control-label.col-sm-4.paddingMarginRLC' in '10' second(s)

2021-10-21 14:14:29 - [MESSAGE][INFO] - Smart Wait Function is triggered

2021-10-21 14:14:30 - [MESSAGE][INFO] - Found 19 web elements with id: 'Object Repository/Filtreler/Basliklar' located by 'By.cssSelector: .control-label.col-sm-4.paddingMarginRLC' in '10' second(s)

2021-10-21 14:14:30 - [MESSAGE][INFO] - Smart Wait Function is triggered

2021-10-21 14:14:30 - [MESSAGE][PASSED] - Method.TextDegerineEsitElementinAltindakiTextboxtaYaz is PASSED

2021-10-21 14:14:30 - [MESSAGE][PASSED] - Call Test Case 'Test Cases/Filtreler/EttnYaz' successfully

2021-10-21 14:14:30 - [MESSAGE][INFO] - Checking called Test Case

2021-10-21 14:14:30 - [MESSAGE][INFO] - Starting to call Test Case 'Test Cases/Filtreler/ButonaTikla'

2021-10-21 14:14:30 - [TEST_CASE][PASSED] - Test Cases/Filtreler/ButonaTikla: Test Cases/Filtreler/ButonaTikla

2021-10-21 14:14:30 - [TEST_STEP][PASSED] - Method.TextDegerineEsitElementeTikla(findTestObject("Filtreler/Butonlar"), Filtre_Buton): Method.TextDegerineEsitElementeTikla is PASSED

2021-10-21 14:14:30 - [MESSAGE][INFO] - Finding Test Object 'Object Repository/Filtreler/Butonlar'

2021-10-21 14:14:30 - [MESSAGE][INFO] - Checking timeout

2021-10-21 14:14:30 - [MESSAGE][INFO] - Finding web element with id: 'Object Repository/Filtreler/Butonlar' located by 'By.cssSelector: .dxb>span' in '10' second(s)

2021-10-21 14:14:30 - [MESSAGE][INFO] - Smart Wait Function is triggered

2021-10-21 14:14:31 - [MESSAGE][INFO] - Found 3 web elements with id: 'Object Repository/Filtreler/Butonlar' located by 'By.cssSelector: .dxb>span' in '10' second(s)

2021-10-21 14:14:31 - [MESSAGE][PASSED] - Method.TextDegerineEsitElementeTikla is PASSED

2021-10-21 14:14:31 - [MESSAGE][PASSED] - Call Test Case 'Test Cases/Filtreler/ButonaTikla' successfully

2021-10-21 14:14:31 - [MESSAGE][INFO] - Checking called Test Case

2021-10-21 14:14:31 - [MESSAGE][INFO] - Starting to call Test Case 'Test Cases/Tablo/TablodaVeriVarMi'

2021-10-21 14:14:31 - [TEST_CASE][PASSED] - Test Cases/Tablo/TablodaVeriVarMi: Test Cases/Tablo/TablodaVeriVarMi

2021-10-21 14:14:31 - [TEST_STEP][PASSED] - verifyTextNotPresent("Görüntülenecek veri yok", true): Text 'Görüntülenecek veri yok' is not present on page using regular expression

2021-10-21 14:14:31 - [MESSAGE][INFO] - Checking text present  using regular expression

2021-10-21 14:14:31 - [MESSAGE][INFO] - Smart Wait Function is triggered

2021-10-21 14:14:32 - [MESSAGE][INFO] - Finding text 'Görüntülenecek veri yok' on page  using regular expression

2021-10-21 14:14:32 - [MESSAGE][PASSED] - Text 'Görüntülenecek veri yok' is not present on page using regular expression

2021-10-21 14:14:32 - [MESSAGE][PASSED] - Call Test Case 'Test Cases/Tablo/TablodaVeriVarMi' successfully

2021-10-21 14:14:32 - [MESSAGE][INFO] - Checking called Test Case

2021-10-21 14:14:32 - [MESSAGE][INFO] - Starting to call Test Case 'Test Cases/Tablo/TablodaVeriBasariliMiArsiv'

2021-10-21 14:14:32 - [TEST_CASE][PASSED] - Test Cases/Tablo/TablodaVeriBasariliMiArsiv: Test Cases/Tablo/TablodaVeriBasariliMiArsiv

2021-10-21 14:14:32 - [TEST_STEP][PASSED] - sayac = 80: null

2021-10-21 14:14:32 - [TEST_STEP][PASSED] - while (verifyElementText(findTestObject("Object Repository/Tablo/DurumBilgisiArsiv"), "Henüz Sonuçlanmadı", OPTIONAL)): Actual text 'Başarılı' and expected text 'Henüz Sonuçlanmadı' of test object 'Object Repository/Tablo/DurumBilgisiArsiv' are NOT matched. (Root cause: com.kms.katalon.core.exception.StepFailedException: Actual text 'Başarılı' and expected text 'Henüz Sonuçlanmadı' of test object 'Object Repository/Tablo/DurumBilgisiArsiv' are NOT matched.
	at com.kms.katalon.core.webui.keyword.internal.WebUIKeywordMain.stepFailed(WebUIKeywordMain.groovy:64)
	at com.kms.katalon.core.webui.keyword.builtin.VerifyElementTextKeyword$_verifyElementText_closure1.doCall(VerifyElementTextKeyword.groovy:57)
	at com.kms.katalon.core.webui.keyword.builtin.VerifyElementTextKeyword$_verifyElementText_closure1.call(VerifyElementTextKeyword.groovy)
	at com.kms.katalon.core.webui.keyword.internal.WebUIKeywordMain.runKeyword(WebUIKeywordMain.groovy:20)
	at com.kms.katalon.core.webui.keyword.builtin.VerifyElementTextKeyword.verifyElementText(VerifyElementTextKeyword.groovy:72)
	at com.kms.katalon.core.webui.keyword.builtin.VerifyElementTextKeyword.execute(VerifyElementTextKeyword.groovy:40)
	at com.kms.katalon.core.keyword.internal.KeywordExecutor.executeKeywordForPlatform(KeywordExecutor.groovy:73)
	at com.kms.katalon.core.webui.keyword.WebUiBuiltInKeywords.verifyElementText(WebUiBuiltInKeywords.groovy:4733)
	at com.kms.katalon.core.webui.keyword.WebUiBuiltInKeywords$verifyElementText$20.call(Unknown Source)
	at TablodaVeriBasariliMiArsiv.run(TablodaVeriBasariliMiArsiv:22)
	at com.kms.katalon.core.main.ScriptEngine.run(ScriptEngine.java:194)
	at com.kms.katalon.core.main.ScriptEngine.runScriptAsRawText(ScriptEngine.java:119)
	at com.kms.katalon.core.main.TestCaseExecutor.runScript(TestCaseExecutor.java:369)
	at com.kms.katalon.core.main.TestCaseExecutor.doExecute(TestCaseExecutor.java:360)
	at com.kms.katalon.core.main.TestCaseExecutor.processExecutionPhase(TestCaseExecutor.java:339)
	at com.kms.katalon.core.main.TestCaseExecutor.accessMainPhase(TestCaseExecutor.java:331)
	at com.kms.katalon.core.main.TestCaseExecutor.execute(TestCaseExecutor.java:248)
	at com.kms.katalon.core.main.TestCaseMain.runTestCase(TestCaseMain.java:138)
	at com.kms.katalon.core.keyword.builtin.CallTestCaseKeyword$_callTestCase_closure1.doCall(CallTestCaseKeyword.groovy:59)
	at com.kms.katalon.core.keyword.builtin.CallTestCaseKeyword$_callTestCase_closure1.call(CallTestCaseKeyword.groovy)
	at com.kms.katalon.core.keyword.internal.KeywordMain.runKeyword(KeywordMain.groovy:68)
	at com.kms.katalon.core.keyword.builtin.CallTestCaseKeyword.callTestCase(CallTestCaseKeyword.groovy:81)
	at com.kms.katalon.core.keyword.builtin.CallTestCaseKeyword.execute(CallTestCaseKeyword.groovy:44)
	at com.kms.katalon.core.keyword.internal.KeywordExecutor.executeKeywordForPlatform(KeywordExecutor.groovy:73)
	at com.kms.katalon.core.keyword.BuiltinKeywords.callTestCase(BuiltinKeywords.groovy:334)
	at tablo.tablo.tablodaVeriBasariliMiArsiv(tablo.groovy:95)
	at cucumber.runtime.Utils$1.call(Utils.java:26)
	at cucumber.runtime.Timeout.timeout(Timeout.java:16)
	at cucumber.runtime.Utils.invoke(Utils.java:20)
	at cucumber.runtime.java.JavaStepDefinition.execute(JavaStepDefinition.java:49)
	at cucumber.runner.PickleStepDefinitionMatch.runStep(PickleStepDefinitionMatch.java:50)
	at cucumber.runner.TestStep.executeStep(TestStep.java:63)
	at cucumber.runner.TestStep.run(TestStep.java:49)
	at cucumber.runner.PickleStepTestStep.run(PickleStepTestStep.java:43)
	at cucumber.runner.TestCase.run(TestCase.java:44)
	at cucumber.runner.Runner.runPickle(Runner.java:40)
	at cucumber.runtime.Runtime$1.run(Runtime.java:84)
	at cucumber.runtime.Runtime$SameThreadExecutorService.execute(Runtime.java:220)
	at cucumber.runtime.Runtime.run(Runtime.java:81)
	at cucumber.api.cli.Main.run(Main.java:26)
	at cucumber.api.cli.Main$run.call(Unknown Source)
	at com.kms.katalon.core.cucumber.keyword.CucumberBuiltinKeywords$_runFeatureFile_closure1.doCall(CucumberBuiltinKeywords.groovy:106)
	at com.kms.katalon.core.cucumber.keyword.CucumberBuiltinKeywords$_runFeatureFile_closure1.doCall(CucumberBuiltinKeywords.groovy)
	at com.kms.katalon.core.keyword.internal.KeywordMain.runKeyword(KeywordMain.groovy:68)
	at com.kms.katalon.core.keyword.internal.KeywordMain$runKeyword.call(Unknown Source)
	at com.kms.katalon.core.cucumber.keyword.CucumberBuiltinKeywords.runFeatureFile(CucumberBuiltinKeywords.groovy:73)
	at com.kms.katalon.core.cucumber.keyword.CucumberBuiltinKeywords$runFeatureFile$0.callStatic(Unknown Source)
	at com.kms.katalon.core.cucumber.keyword.CucumberBuiltinKeywords.runFeatureFile(CucumberBuiltinKeywords.groovy:246)
	at com.kms.katalon.core.cucumber.keyword.CucumberBuiltinKeywords$runFeatureFile.call(Unknown Source)
	at VKN-Elektronik-Ihrac Kayitli.run(VKN-Elektronik-Ihrac Kayitli:19)
	at com.kms.katalon.core.main.ScriptEngine.run(ScriptEngine.java:194)
	at com.kms.katalon.core.main.ScriptEngine.runScriptAsRawText(ScriptEngine.java:119)
	at com.kms.katalon.core.main.TestCaseExecutor.runScript(TestCaseExecutor.java:369)
	at com.kms.katalon.core.main.TestCaseExecutor.doExecute(TestCaseExecutor.java:360)
	at com.kms.katalon.core.main.TestCaseExecutor.processExecutionPhase(TestCaseExecutor.java:339)
	at com.kms.katalon.core.main.TestCaseExecutor.accessMainPhase(TestCaseExecutor.java:331)
	at com.kms.katalon.core.main.TestCaseExecutor.execute(TestCaseExecutor.java:248)
	at com.kms.katalon.core.main.TestSuiteExecutor.accessTestCaseMainPhase(TestSuiteExecutor.java:191)
	at com.kms.katalon.core.main.TestSuiteExecutor.accessTestSuiteMainPhase(TestSuiteExecutor.java:140)
	at com.kms.katalon.core.main.TestSuiteExecutor.execute(TestSuiteExecutor.java:89)
	at com.kms.katalon.core.main.TestCaseMain.startTestSuite(TestCaseMain.java:181)
	at com.kms.katalon.core.main.TestCaseMain$startTestSuite$0.call(Unknown Source)
	at TempTestSuite1634814289741.run(TempTestSuite1634814289741.groovy:39)
)

2021-10-21 14:14:32 - [MESSAGE][INFO] - Finding Test Object 'Object Repository/Tablo/DurumBilgisiArsiv'

2021-10-21 14:14:32 - [MESSAGE][INFO] - Checking object

2021-10-21 14:14:32 - [MESSAGE][INFO] - Finding web element from Test Object's properties

2021-10-21 14:14:32 - [MESSAGE][INFO] - Checking timeout

2021-10-21 14:14:32 - [MESSAGE][INFO] - Finding web element with id: 'Object Repository/Tablo/DurumBilgisiArsiv' located by 'By.xpath: //*[@id = 'GridViewEArchiveInvoices_tccell0_9']' in '30' second(s)

2021-10-21 14:14:32 - [MESSAGE][INFO] - Smart Wait Function is triggered

2021-10-21 14:14:32 - [MESSAGE][INFO] - Found 1 web elements with id: 'Object Repository/Tablo/DurumBilgisiArsiv' located by 'By.xpath: //*[@id = 'GridViewEArchiveInvoices_tccell0_9']' in '30' second(s)

2021-10-21 14:14:32 - [MESSAGE][WARNING] - Actual text 'Başarılı' and expected text 'Henüz Sonuçlanmadı' of test object 'Object Repository/Tablo/DurumBilgisiArsiv' are NOT matched. (Root cause: com.kms.katalon.core.exception.StepFailedException: Actual text 'Başarılı' and expected text 'Henüz Sonuçlanmadı' of test object 'Object Repository/Tablo/DurumBilgisiArsiv' are NOT matched.
	at com.kms.katalon.core.webui.keyword.internal.WebUIKeywordMain.stepFailed(WebUIKeywordMain.groovy:64)
	at com.kms.katalon.core.webui.keyword.builtin.VerifyElementTextKeyword$_verifyElementText_closure1.doCall(VerifyElementTextKeyword.groovy:57)
	at com.kms.katalon.core.webui.keyword.builtin.VerifyElementTextKeyword$_verifyElementText_closure1.call(VerifyElementTextKeyword.groovy)
	at com.kms.katalon.core.webui.keyword.internal.WebUIKeywordMain.runKeyword(WebUIKeywordMain.groovy:20)
	at com.kms.katalon.core.webui.keyword.builtin.VerifyElementTextKeyword.verifyElementText(VerifyElementTextKeyword.groovy:72)
	at com.kms.katalon.core.webui.keyword.builtin.VerifyElementTextKeyword.execute(VerifyElementTextKeyword.groovy:40)
	at com.kms.katalon.core.keyword.internal.KeywordExecutor.executeKeywordForPlatform(KeywordExecutor.groovy:73)
	at com.kms.katalon.core.webui.keyword.WebUiBuiltInKeywords.verifyElementText(WebUiBuiltInKeywords.groovy:4733)
	at com.kms.katalon.core.webui.keyword.WebUiBuiltInKeywords$verifyElementText$20.call(Unknown Source)
	at TablodaVeriBasariliMiArsiv.run(TablodaVeriBasariliMiArsiv:22)
	at com.kms.katalon.core.main.ScriptEngine.run(ScriptEngine.java:194)
	at com.kms.katalon.core.main.ScriptEngine.runScriptAsRawText(ScriptEngine.java:119)
	at com.kms.katalon.core.main.TestCaseExecutor.runScript(TestCaseExecutor.java:369)
	at com.kms.katalon.core.main.TestCaseExecutor.doExecute(TestCaseExecutor.java:360)
	at com.kms.katalon.core.main.TestCaseExecutor.processExecutionPhase(TestCaseExecutor.java:339)
	at com.kms.katalon.core.main.TestCaseExecutor.accessMainPhase(TestCaseExecutor.java:331)
	at com.kms.katalon.core.main.TestCaseExecutor.execute(TestCaseExecutor.java:248)
	at com.kms.katalon.core.main.TestCaseMain.runTestCase(TestCaseMain.java:138)
	at com.kms.katalon.core.keyword.builtin.CallTestCaseKeyword$_callTestCase_closure1.doCall(CallTestCaseKeyword.groovy:59)
	at com.kms.katalon.core.keyword.builtin.CallTestCaseKeyword$_callTestCase_closure1.call(CallTestCaseKeyword.groovy)
	at com.kms.katalon.core.keyword.internal.KeywordMain.runKeyword(KeywordMain.groovy:68)
	at com.kms.katalon.core.keyword.builtin.CallTestCaseKeyword.callTestCase(CallTestCaseKeyword.groovy:81)
	at com.kms.katalon.core.keyword.builtin.CallTestCaseKeyword.execute(CallTestCaseKeyword.groovy:44)
	at com.kms.katalon.core.keyword.internal.KeywordExecutor.executeKeywordForPlatform(KeywordExecutor.groovy:73)
	at com.kms.katalon.core.keyword.BuiltinKeywords.callTestCase(BuiltinKeywords.groovy:334)
	at tablo.tablo.tablodaVeriBasariliMiArsiv(tablo.groovy:95)
	at cucumber.runtime.Utils$1.call(Utils.java:26)
	at cucumber.runtime.Timeout.timeout(Timeout.java:16)
	at cucumber.runtime.Utils.invoke(Utils.java:20)
	at cucumber.runtime.java.JavaStepDefinition.execute(JavaStepDefinition.java:49)
	at cucumber.runner.PickleStepDefinitionMatch.runStep(PickleStepDefinitionMatch.java:50)
	at cucumber.runner.TestStep.executeStep(TestStep.java:63)
	at cucumber.runner.TestStep.run(TestStep.java:49)
	at cucumber.runner.PickleStepTestStep.run(PickleStepTestStep.java:43)
	at cucumber.runner.TestCase.run(TestCase.java:44)
	at cucumber.runner.Runner.runPickle(Runner.java:40)
	at cucumber.runtime.Runtime$1.run(Runtime.java:84)
	at cucumber.runtime.Runtime$SameThreadExecutorService.execute(Runtime.java:220)
	at cucumber.runtime.Runtime.run(Runtime.java:81)
	at cucumber.api.cli.Main.run(Main.java:26)
	at cucumber.api.cli.Main$run.call(Unknown Source)
	at com.kms.katalon.core.cucumber.keyword.CucumberBuiltinKeywords$_runFeatureFile_closure1.doCall(CucumberBuiltinKeywords.groovy:106)
	at com.kms.katalon.core.cucumber.keyword.CucumberBuiltinKeywords$_runFeatureFile_closure1.doCall(CucumberBuiltinKeywords.groovy)
	at com.kms.katalon.core.keyword.internal.KeywordMain.runKeyword(KeywordMain.groovy:68)
	at com.kms.katalon.core.keyword.internal.KeywordMain$runKeyword.call(Unknown Source)
	at com.kms.katalon.core.cucumber.keyword.CucumberBuiltinKeywords.runFeatureFile(CucumberBuiltinKeywords.groovy:73)
	at com.kms.katalon.core.cucumber.keyword.CucumberBuiltinKeywords$runFeatureFile$0.callStatic(Unknown Source)
	at com.kms.katalon.core.cucumber.keyword.CucumberBuiltinKeywords.runFeatureFile(CucumberBuiltinKeywords.groovy:246)
	at com.kms.katalon.core.cucumber.keyword.CucumberBuiltinKeywords$runFeatureFile.call(Unknown Source)
	at VKN-Elektronik-Ihrac Kayitli.run(VKN-Elektronik-Ihrac Kayitli:19)
	at com.kms.katalon.core.main.ScriptEngine.run(ScriptEngine.java:194)
	at com.kms.katalon.core.main.ScriptEngine.runScriptAsRawText(ScriptEngine.java:119)
	at com.kms.katalon.core.main.TestCaseExecutor.runScript(TestCaseExecutor.java:369)
	at com.kms.katalon.core.main.TestCaseExecutor.doExecute(TestCaseExecutor.java:360)
	at com.kms.katalon.core.main.TestCaseExecutor.processExecutionPhase(TestCaseExecutor.java:339)
	at com.kms.katalon.core.main.TestCaseExecutor.accessMainPhase(TestCaseExecutor.java:331)
	at com.kms.katalon.core.main.TestCaseExecutor.execute(TestCaseExecutor.java:248)
	at com.kms.katalon.core.main.TestSuiteExecutor.accessTestCaseMainPhase(TestSuiteExecutor.java:191)
	at com.kms.katalon.core.main.TestSuiteExecutor.accessTestSuiteMainPhase(TestSuiteExecutor.java:140)
	at com.kms.katalon.core.main.TestSuiteExecutor.execute(TestSuiteExecutor.java:89)
	at com.kms.katalon.core.main.TestCaseMain.startTestSuite(TestCaseMain.java:181)
	at com.kms.katalon.core.main.TestCaseMain$startTestSuite$0.call(Unknown Source)
	at TempTestSuite1634814289741.run(TempTestSuite1634814289741.groovy:39)
)

2021-10-21 14:14:32 - [TEST_STEP][PASSED] - Method.TextDegerineEsitElementVarMi(findTestObject("Object Repository/Tablo/DurumBilgisiArsiv"), "Başarılı"): Method.TextDegerineEsitElementVarMi is PASSED

2021-10-21 14:14:32 - [MESSAGE][INFO] - Finding Test Object 'Object Repository/Tablo/DurumBilgisiArsiv'

2021-10-21 14:14:32 - [MESSAGE][INFO] - Checking timeout

2021-10-21 14:14:32 - [MESSAGE][INFO] - Finding web element with id: 'Object Repository/Tablo/DurumBilgisiArsiv' located by 'By.xpath: //*[@id = 'GridViewEArchiveInvoices_tccell0_9']' in '10' second(s)

2021-10-21 14:14:32 - [MESSAGE][INFO] - Smart Wait Function is triggered

2021-10-21 14:14:33 - [MESSAGE][INFO] - Found 1 web elements with id: 'Object Repository/Tablo/DurumBilgisiArsiv' located by 'By.xpath: //*[@id = 'GridViewEArchiveInvoices_tccell0_9']' in '10' second(s)

2021-10-21 14:14:33 - [MESSAGE][PASSED] - Method.TextDegerineEsitElementVarMi is PASSED

2021-10-21 14:14:33 - [MESSAGE][PASSED] - Call Test Case 'Test Cases/Tablo/TablodaVeriBasariliMiArsiv' successfully

2021-10-21 14:14:33 - [MESSAGE][INFO] - Checking called Test Case

2021-10-21 14:14:33 - [MESSAGE][INFO] - Starting to call Test Case 'Test Cases/Kullanici_Islemleri/KullaniciIslemlerindenSecimYapilir'

2021-10-21 14:14:33 - [TEST_CASE][PASSED] - Test Cases/Kullanici_Islemleri/KullaniciIslemlerindenSecimYapilir: Test Cases/Kullanici_Islemleri/KullaniciIslemlerindenSecimYapilir

2021-10-21 14:14:33 - [TEST_STEP][PASSED] - waitForElementClickable(findTestObject("Object Repository/Kullanici_Islemleri/KullaniciIslemleri"), 10): Object 'Object Repository/Kullanici_Islemleri/KullaniciIslemleri' is clickable

2021-10-21 14:14:33 - [MESSAGE][INFO] - Finding Test Object 'Object Repository/Kullanici_Islemleri/KullaniciIslemleri'

2021-10-21 14:14:33 - [MESSAGE][INFO] - Checking object

2021-10-21 14:14:33 - [MESSAGE][INFO] - Checking timeout

2021-10-21 14:14:33 - [MESSAGE][INFO] - Finding web element from Test Object's properties

2021-10-21 14:14:33 - [MESSAGE][INFO] - Checking timeout

2021-10-21 14:14:33 - [MESSAGE][INFO] - Finding web element with id: 'Object Repository/Kullanici_Islemleri/KullaniciIslemleri' located by 'By.cssSelector: .dropdown>a>img' in '10' second(s)

2021-10-21 14:14:33 - [MESSAGE][INFO] - Smart Wait Function is triggered

2021-10-21 14:14:33 - [MESSAGE][INFO] - Found 1 web elements with id: 'Object Repository/Kullanici_Islemleri/KullaniciIslemleri' located by 'By.cssSelector: .dropdown>a>img' in '10' second(s)

2021-10-21 14:14:33 - [MESSAGE][PASSED] - Object 'Object Repository/Kullanici_Islemleri/KullaniciIslemleri' is clickable

2021-10-21 14:14:33 - [TEST_STEP][PASSED] - click(findTestObject("Object Repository/Kullanici_Islemleri/KullaniciIslemleri")): Object: 'Object Repository/Kullanici_Islemleri/KullaniciIslemleri' is clicked on

2021-10-21 14:14:33 - [MESSAGE][INFO] - Finding Test Object 'Object Repository/Kullanici_Islemleri/KullaniciIslemleri'

2021-10-21 14:14:33 - [MESSAGE][INFO] - Checking object

2021-10-21 14:14:33 - [MESSAGE][INFO] - Finding web element from Test Object's properties

2021-10-21 14:14:33 - [MESSAGE][INFO] - Checking timeout

2021-10-21 14:14:33 - [MESSAGE][INFO] - Finding web element with id: 'Object Repository/Kullanici_Islemleri/KullaniciIslemleri' located by 'By.cssSelector: .dropdown>a>img' in '30' second(s)

2021-10-21 14:14:33 - [MESSAGE][INFO] - Smart Wait Function is triggered

2021-10-21 14:14:33 - [MESSAGE][INFO] - Found 1 web elements with id: 'Object Repository/Kullanici_Islemleri/KullaniciIslemleri' located by 'By.cssSelector: .dropdown>a>img' in '30' second(s)

2021-10-21 14:14:33 - [MESSAGE][INFO] - Clicking on object: 'Object Repository/Kullanici_Islemleri/KullaniciIslemleri'

2021-10-21 14:14:33 - [MESSAGE][PASSED] - Object: 'Object Repository/Kullanici_Islemleri/KullaniciIslemleri' is clicked on

2021-10-21 14:14:33 - [TEST_STEP][PASSED] - Method.TextDegerineEsitElementeTikla(findTestObject("Object Repository/Kullanici_Islemleri/Secenekler"), Islem): Method.TextDegerineEsitElementeTikla is PASSED

2021-10-21 14:14:33 - [MESSAGE][INFO] - Finding Test Object 'Object Repository/Kullanici_Islemleri/Secenekler'

2021-10-21 14:14:34 - [MESSAGE][INFO] - Checking timeout

2021-10-21 14:14:34 - [MESSAGE][INFO] - Finding web element with id: 'Object Repository/Kullanici_Islemleri/Secenekler' located by 'By.cssSelector: .nav.navbar-nav.navbar-right li a' in '10' second(s)

2021-10-21 14:14:34 - [MESSAGE][INFO] - Smart Wait Function is triggered

2021-10-21 14:14:34 - [MESSAGE][INFO] - Found 20 web elements with id: 'Object Repository/Kullanici_Islemleri/Secenekler' located by 'By.cssSelector: .nav.navbar-nav.navbar-right li a' in '10' second(s)

2021-10-21 14:14:35 - [MESSAGE][PASSED] - Method.TextDegerineEsitElementeTikla is PASSED

2021-10-21 14:14:35 - [TEST_STEP][PASSED] - verifyElementNotPresent(findTestObject("Object Repository/Kullanici_Islemleri/Secenekler"), 10): Web element with id: 'Object Repository/Kullanici_Islemleri/Secenekler' located by 'By.cssSelector: .nav.navbar-nav.navbar-right li a' is not present after '10' second(s)

2021-10-21 14:14:35 - [MESSAGE][INFO] - Finding Test Object 'Object Repository/Kullanici_Islemleri/Secenekler'

2021-10-21 14:14:35 - [MESSAGE][INFO] - Checking object

2021-10-21 14:14:35 - [MESSAGE][INFO] - Checking timeout

2021-10-21 14:14:35 - [MESSAGE][INFO] - Finding web element with id: 'Object Repository/Kullanici_Islemleri/Secenekler' located by 'By.cssSelector: .nav.navbar-nav.navbar-right li a' in '10' second(s)

2021-10-21 14:14:35 - [MESSAGE][INFO] - Smart Wait Function is triggered

2021-10-21 14:14:36 - [MESSAGE][PASSED] - Web element with id: 'Object Repository/Kullanici_Islemleri/Secenekler' located by 'By.cssSelector: .nav.navbar-nav.navbar-right li a' is not present after '10' second(s)

2021-10-21 14:14:36 - [MESSAGE][PASSED] - Call Test Case 'Test Cases/Kullanici_Islemleri/KullaniciIslemlerindenSecimYapilir' successfully

2021-10-21 14:14:36 - [TEST_CASE][PASSED] - Start Test Case : SCENARIO Gonderim tipi Kagit ve Ihrac Kayitli tipinde e-Arsiv faturasi olusturulmasi: SCENARIO Gonderim tipi Kagit ve Ihrac Kayitli tipinde e-Arsiv faturasi olusturulmasi

2021-10-21 14:14:36 - [TEST_STEP][PASSED] - Kullanıcı adı EARIHRAC ve Şifre test1234 olarak giriş yapılır: Kullanıcı adı EARIHRAC ve Şifre test1234 olarak giriş yapılır

2021-10-21 14:14:36 - [MESSAGE][PASSED] - Kullanıcı adı EARIHRAC ve Şifre test1234 olarak giriş yapılır

2021-10-21 14:14:36 - [TEST_STEP][PASSED] - Ana menüden e-Arşiv seçilir: Ana menüden e-Arşiv seçilir

2021-10-21 14:14:36 - [MESSAGE][PASSED] - Ana menüden e-Arşiv seçilir

2021-10-21 14:14:36 - [TEST_STEP][PASSED] - Alt menü e-Arşiv Araçları başlığı altındaki e-Arşiv Fatura Oluşturma seçilir: Alt menü e-Arşiv Araçları başlığı altındaki e-Arşiv Fatura Oluşturma seçilir

2021-10-21 14:14:36 - [MESSAGE][PASSED] - Alt menü e-Arşiv Araçları başlığı altındaki e-Arşiv Fatura Oluşturma seçilir

2021-10-21 14:14:36 - [TEST_STEP][PASSED] - Tablodaki tüm veriler silinir: Tablodaki tüm veriler silinir

2021-10-21 14:14:36 - [MESSAGE][PASSED] - Tablodaki tüm veriler silinir

2021-10-21 14:14:36 - [TEST_STEP][PASSED] - Butonlardan Ekle isimli butona tıklanır: Butonlardan Ekle isimli butona tıklanır

2021-10-21 14:14:36 - [MESSAGE][PASSED] - Butonlardan Ekle isimli butona tıklanır

2021-10-21 14:14:36 - [TEST_STEP][PASSED] - Görsel tasarım sayfasının e-Arşiv Fatura Bilgileri başlığını içerdiği kontrol edilir: Görsel tasarım sayfasının e-Arşiv Fatura Bilgileri başlığını içerdiği kontrol edilir

2021-10-21 14:14:36 - [MESSAGE][PASSED] - Görsel tasarım sayfasının e-Arşiv Fatura Bilgileri başlığını içerdiği kontrol edilir

2021-10-21 14:14:36 - [TEST_STEP][PASSED] - Alıcı adı alanına UC0004 girilir: Alıcı adı alanına UC0004 girilir

2021-10-21 14:14:36 - [MESSAGE][PASSED] - Alıcı adı alanına UC0004 girilir

2021-10-21 14:14:36 - [TEST_STEP][PASSED] - Gönderim Şekli Elektronik olarak seçilir: Gönderim Şekli Elektronik olarak seçilir

2021-10-21 14:14:36 - [MESSAGE][PASSED] - Gönderim Şekli Elektronik olarak seçilir

2021-10-21 14:14:36 - [TEST_STEP][PASSED] - Tip alanından İhraç Kayıtlı seçilir: Tip alanından İhraç Kayıtlı seçilir

2021-10-21 14:14:36 - [MESSAGE][PASSED] - Tip alanından İhraç Kayıtlı seçilir

2021-10-21 14:14:36 - [TEST_STEP][PASSED] - Döküman Para Birimi alanından Türk Lirası seçilir: Döküman Para Birimi alanından Türk Lirası seçilir

2021-10-21 14:14:36 - [MESSAGE][PASSED] - Döküman Para Birimi alanından Türk Lirası seçilir

2021-10-21 14:14:36 - [TEST_STEP][PASSED] - Ön Ek EAR olarak seçilir: Ön Ek EAR olarak seçilir

2021-10-21 14:14:36 - [MESSAGE][PASSED] - Ön Ek EAR olarak seçilir

2021-10-21 14:14:36 - [TEST_STEP][PASSED] - Tasarım alanından Otomasyon seçilir: Tasarım alanından Otomasyon seçilir

2021-10-21 14:14:36 - [MESSAGE][PASSED] - Tasarım alanından Otomasyon seçilir

2021-10-21 14:14:36 - [TEST_STEP][PASSED] - Sipariş bilgileri UUC-SAT-1200001 ve 31.04.2020 olarak girilir: Sipariş bilgileri UUC-SAT-1200001 ve 31.04.2020 olarak girilir

2021-10-21 14:14:36 - [MESSAGE][PASSED] - Sipariş bilgileri UUC-SAT-1200001 ve 31.04.2020 olarak girilir

2021-10-21 14:14:36 - [TEST_STEP][PASSED] - İrsaliye Bilgileri AAAAAAAAAA,31.04.2020 olarak girilir: İrsaliye Bilgileri AAAAAAAAAA,31.04.2020 olarak girilir

2021-10-21 14:14:36 - [MESSAGE][PASSED] - İrsaliye Bilgileri AAAAAAAAAA,31.04.2020 olarak girilir

2021-10-21 14:14:36 - [TEST_STEP][PASSED] - Ekle butonuna basılır: Ekle butonuna basılır

2021-10-21 14:14:36 - [MESSAGE][PASSED] - Ekle butonuna basılır

2021-10-21 14:14:36 - [TEST_STEP][PASSED] - Ürün ekleme alanında Mal/Hizmet başlığına Otomasyon girilir: Ürün ekleme alanında Mal/Hizmet başlığına Otomasyon girilir

2021-10-21 14:14:36 - [MESSAGE][PASSED] - Ürün ekleme alanında Mal/Hizmet başlığına Otomasyon girilir

2021-10-21 14:14:36 - [TEST_STEP][PASSED] - Ürün ekleme alanında Açıklaması başlığına Virgosol girilir: Ürün ekleme alanında Açıklaması başlığına Virgosol girilir

2021-10-21 14:14:36 - [MESSAGE][PASSED] - Ürün ekleme alanında Açıklaması başlığına Virgosol girilir

2021-10-21 14:14:36 - [TEST_STEP][PASSED] - Ürün ekleme alanında Miktarı başlığına 400 girilir: Ürün ekleme alanında Miktarı başlığına 400 girilir

2021-10-21 14:14:36 - [MESSAGE][PASSED] - Ürün ekleme alanında Miktarı başlığına 400 girilir

2021-10-21 14:14:36 - [TEST_STEP][PASSED] - Ürün ekleme alanında Birim Fiyat başlığına 100 girilir: Ürün ekleme alanında Birim Fiyat başlığına 100 girilir

2021-10-21 14:14:36 - [MESSAGE][PASSED] - Ürün ekleme alanında Birim Fiyat başlığına 100 girilir

2021-10-21 14:14:36 - [TEST_STEP][PASSED] - Ürün ekleme alanında İskonto Oranı % başlığına 10 girilir: Ürün ekleme alanında İskonto Oranı % başlığına 10 girilir

2021-10-21 14:14:36 - [MESSAGE][PASSED] - Ürün ekleme alanında İskonto Oranı % başlığına 10 girilir

2021-10-21 14:14:36 - [TEST_STEP][PASSED] - Notlar alanına Otomasyon Not girilir: Notlar alanına Otomasyon Not girilir

2021-10-21 14:14:36 - [MESSAGE][PASSED] - Notlar alanına Otomasyon Not girilir

2021-10-21 14:14:36 - [TEST_STEP][PASSED] - Ettn bilgisi kayıt edilir: Ettn bilgisi kayıt edilir

2021-10-21 14:14:36 - [MESSAGE][PASSED] - Ettn bilgisi kayıt edilir

2021-10-21 14:14:36 - [TEST_STEP][PASSED] - Kaydet butonu seçilir: Kaydet butonu seçilir

2021-10-21 14:14:36 - [MESSAGE][PASSED] - Kaydet butonu seçilir

2021-10-21 14:14:36 - [TEST_STEP][PASSED] - Tabloda Ettn bilgisi kaydedilen veri oluşturuldu mu: Tabloda Ettn bilgisi kaydedilen veri oluşturuldu mu

2021-10-21 14:14:36 - [MESSAGE][PASSED] - Tabloda Ettn bilgisi kaydedilen veri oluşturuldu mu

2021-10-21 14:14:36 - [TEST_STEP][PASSED] - Tablodan Ettn bilgisi kaydedilen veri seçilir: Tablodan Ettn bilgisi kaydedilen veri seçilir

2021-10-21 14:14:36 - [MESSAGE][PASSED] - Tablodan Ettn bilgisi kaydedilen veri seçilir

2021-10-21 14:14:36 - [TEST_STEP][PASSED] - Butonlardan Numara Oluştur isimli butona tıklanır: Butonlardan Numara Oluştur isimli butona tıklanır

2021-10-21 14:14:36 - [MESSAGE][PASSED] - Butonlardan Numara Oluştur isimli butona tıklanır

2021-10-21 14:14:36 - [TEST_STEP][PASSED] - Popup mesajı Devam etmek istiyor musunuz içeriyor mu: Popup mesajı Devam etmek istiyor musunuz içeriyor mu

2021-10-21 14:14:36 - [MESSAGE][PASSED] - Popup mesajı Devam etmek istiyor musunuz içeriyor mu

2021-10-21 14:14:36 - [TEST_STEP][PASSED] - Yönetim popupında Evet seçilir: Yönetim popupında Evet seçilir

2021-10-21 14:14:36 - [MESSAGE][PASSED] - Yönetim popupında Evet seçilir

2021-10-21 14:14:36 - [TEST_STEP][PASSED] - Popup mesajı oluşmuştur içeriyor mu: Popup mesajı oluşmuştur içeriyor mu

2021-10-21 14:14:36 - [MESSAGE][PASSED] - Popup mesajı oluşmuştur içeriyor mu

2021-10-21 14:14:36 - [TEST_STEP][PASSED] - Yönetim popupında Tamam seçilir: Yönetim popupında Tamam seçilir

2021-10-21 14:14:36 - [MESSAGE][PASSED] - Yönetim popupında Tamam seçilir

2021-10-21 14:14:36 - [TEST_STEP][PASSED] - Tablodan Ettn bilgisi kaydedilen veri seçilir: Tablodan Ettn bilgisi kaydedilen veri seçilir

2021-10-21 14:14:36 - [MESSAGE][PASSED] - Tablodan Ettn bilgisi kaydedilen veri seçilir

2021-10-21 14:14:36 - [TEST_STEP][PASSED] - Butonlardan Gönder isimli butona tıklanır: Butonlardan Gönder isimli butona tıklanır

2021-10-21 14:14:36 - [MESSAGE][PASSED] - Butonlardan Gönder isimli butona tıklanır

2021-10-21 14:14:36 - [TEST_STEP][PASSED] - Popup mesajı Devam etmek istiyor musunuz içeriyor mu: Popup mesajı Devam etmek istiyor musunuz içeriyor mu

2021-10-21 14:14:36 - [MESSAGE][PASSED] - Popup mesajı Devam etmek istiyor musunuz içeriyor mu

2021-10-21 14:14:36 - [TEST_STEP][PASSED] - Yönetim popupında Evet seçilir: Yönetim popupında Evet seçilir

2021-10-21 14:14:36 - [MESSAGE][PASSED] - Yönetim popupında Evet seçilir

2021-10-21 14:14:36 - [TEST_STEP][PASSED] - Ana menüden e-Arşiv seçilir: Ana menüden e-Arşiv seçilir

2021-10-21 14:14:36 - [MESSAGE][PASSED] - Ana menüden e-Arşiv seçilir

2021-10-21 14:14:36 - [TEST_STEP][PASSED] - Alt menü e-Arşiv Hareketleri başlığı altındaki e-Arşiv Faturaları seçilir: Alt menü e-Arşiv Hareketleri başlığı altındaki e-Arşiv Faturaları seçilir

2021-10-21 14:14:36 - [MESSAGE][PASSED] - Alt menü e-Arşiv Hareketleri başlığı altındaki e-Arşiv Faturaları seçilir

2021-10-21 14:14:36 - [TEST_STEP][PASSED] - Filtrelerden Ettn filtresine Ettn bilgisi yaz: Filtrelerden Ettn filtresine Ettn bilgisi yaz

2021-10-21 14:14:36 - [MESSAGE][PASSED] - Filtrelerden Ettn filtresine Ettn bilgisi yaz

2021-10-21 14:14:36 - [TEST_STEP][PASSED] - Filtre butonlarından Listele seçilir: Filtre butonlarından Listele seçilir

2021-10-21 14:14:36 - [MESSAGE][PASSED] - Filtre butonlarından Listele seçilir

2021-10-21 14:14:36 - [TEST_STEP][PASSED] - Tabloda veri var mı kontrol edilir: Tabloda veri var mı kontrol edilir

2021-10-21 14:14:36 - [MESSAGE][PASSED] - Tabloda veri var mı kontrol edilir

2021-10-21 14:14:36 - [TEST_STEP][PASSED] - Tabloda yeni oluşturulan eArsiv verisi başarılı mı: Tabloda yeni oluşturulan eArsiv verisi başarılı mı

2021-10-21 14:14:36 - [MESSAGE][PASSED] - Tabloda yeni oluşturulan eArsiv verisi başarılı mı

2021-10-21 14:14:36 - [TEST_STEP][PASSED] - Kullanıcı işlemlerinden Çıkış seçilir: Kullanıcı işlemlerinden Çıkış seçilir

2021-10-21 14:14:36 - [MESSAGE][PASSED] - Kullanıcı işlemlerinden Çıkış seçilir

2021-10-21 14:14:36 - [MESSAGE][PASSED] - Feature file: 'Include/features/Regresyon/e-Arsiv/VKN-Elektronik-Ihrac Kayitli.feature' was passed

2021-10-21 14:14:36 - [TEST_STEP][PASSED] - Start listener action : sampleAfterTestSuite: Invoke 'com.kms.katalon.core.annotation.AfterTestCase' method: 'Listener.sampleAfterTestSuite(...)' completed.

2021-10-21 14:14:36 - [MESSAGE][INFO] - Starting invoke 'com.kms.katalon.core.annotation.AfterTestCase' method: 'Listener.sampleAfterTestSuite(...)'

2021-10-21 14:14:36 - [TEST_STEP][PASSED] - closeBrowser(): Invoke 'com.kms.katalon.core.annotation.AfterTestCase' method: 'Listener.sampleAfterTestSuite(...)' completed.

2021-10-21 14:14:36 - [MESSAGE][INFO] - Closing browser

2021-10-21 14:14:37 - [MESSAGE][PASSED] - Browser is closed

2021-10-21 14:14:37 - [MESSAGE][INFO] - Invoke 'com.kms.katalon.core.annotation.AfterTestCase' method: 'Listener.sampleAfterTestSuite(...)' completed.]]></system-out>
         <system-err><![CDATA[]]></system-err>
      </testcase>
      <testcase name="Test Cases/Case Repository/Regresyon/e-Arsiv/VKN-Elektronik-Istisna" time="125.57" classname="Test Cases/Case Repository/Regresyon/e-Arsiv/VKN-Elektronik-Istisna" status="PASSED">
         <system-out><![CDATA[2021-10-21 14:14:37 - [TEST_CASE][PASSED] - Test Cases/Case Repository/Regresyon/e-Arsiv/VKN-Elektronik-Istisna: Test Cases/Case Repository/Regresyon/e-Arsiv/VKN-Elektronik-Istisna

2021-10-21 14:14:37 - [TEST_STEP][PASSED] - Start listener action : sampleBeforeTestSuite: Invoke 'com.kms.katalon.core.annotation.BeforeTestCase' method: 'Listener.sampleBeforeTestSuite(...)' completed.

2021-10-21 14:14:37 - [MESSAGE][INFO] - Starting invoke 'com.kms.katalon.core.annotation.BeforeTestCase' method: 'Listener.sampleBeforeTestSuite(...)'

2021-10-21 14:14:37 - [TEST_STEP][PASSED] - openBrowser(baseUrl): Browser is opened with url: 'https://efatura-stage.elogo.com.tr/'

2021-10-21 14:14:37 - [MESSAGE][INFO] - Opening browser

2021-10-21 14:14:37 - [MESSAGE][INFO] - Starting 'Chrome' driver

2021-10-21 14:14:37 - [MESSAGE][INFO] - User set preference: ['prefs', '{download.default_directory=C:\otomasyondownfiles}']

2021-10-21 14:14:37 - [MESSAGE][INFO] - Action delay is set to 0 milliseconds

2021-10-21 14:14:38 - [MESSAGE][INFO] - Navigating browser to: 'https://efatura-stage.elogo.com.tr/'

2021-10-21 14:14:40 - [MESSAGE][PASSED] - Browser is opened with url: 'https://efatura-stage.elogo.com.tr/'

2021-10-21 14:14:40 - [TEST_STEP][PASSED] - maximizeWindow(): Invoke 'com.kms.katalon.core.annotation.BeforeTestCase' method: 'Listener.sampleBeforeTestSuite(...)' completed.

2021-10-21 14:14:40 - [MESSAGE][INFO] - Maximizing current window

2021-10-21 14:14:40 - [MESSAGE][PASSED] - Current window maximized

2021-10-21 14:14:40 - [MESSAGE][INFO] - Invoke 'com.kms.katalon.core.annotation.BeforeTestCase' method: 'Listener.sampleBeforeTestSuite(...)' completed.

2021-10-21 14:14:41 - [TEST_STEP][PASSED] - runFeatureFile("Include/features/Regresyon/e-Arsiv/VKN-Elektronik-Istisna.feature"): Feature file: 'Include/features/Regresyon/e-Arsiv/VKN-Elektronik-Istisna.feature' was passed

2021-10-21 14:14:41 - [MESSAGE][INFO] - Starting run keyword runFeatureFile: 'Include/features/Regresyon/e-Arsiv/VKN-Elektronik-Istisna.feature' and extract report to folder: 'C:\Users\DELL\Downloads\EES_Katalon-main\Reports\20211021_140437\Suite Repository\Regresyon-eArsiv-eMakbuz\20211021_140449/cucumber_report/1634814881516'...

2021-10-21 14:14:41 - [MESSAGE][INFO] - Glue: []

2021-10-21 14:14:42 - [MESSAGE][INFO] - Checking called Test Case

2021-10-21 14:14:42 - [MESSAGE][INFO] - Starting to call Test Case 'Test Cases/Sayfalar/Giris_Sayfasi/Login'

2021-10-21 14:14:43 - [TEST_CASE][PASSED] - Test Cases/Sayfalar/Giris_Sayfasi/Login: Test Cases/Sayfalar/Giris_Sayfasi/Login

2021-10-21 14:14:43 - [TEST_STEP][PASSED] - Sayfa_Basligi = getWindowTitle(): Current window's title is: 'LOGO e-Fatura'

2021-10-21 14:14:43 - [MESSAGE][INFO] - Getting current window's title

2021-10-21 14:14:43 - [MESSAGE][PASSED] - Current window's title is: 'LOGO e-Fatura'

2021-10-21 14:14:43 - [TEST_STEP][PASSED] - verifyMatch(Sayfa_Basligi, "LOGO e-Fatura", false): Actual text 'LOGO e-Fatura' and expected text 'LOGO e-Fatura' are matched 

2021-10-21 14:14:43 - [MESSAGE][INFO] - Matching actual text 'LOGO e-Fatura' with expected text 'LOGO e-Fatura'

2021-10-21 14:14:43 - [MESSAGE][PASSED] - Actual text 'LOGO e-Fatura' and expected text 'LOGO e-Fatura' are matched 

2021-10-21 14:14:43 - [TEST_STEP][PASSED] - sendKeys(findTestObject("Sayfalar/Giris_Sayfasi/Firma_Kodu"), KullaniciAdi): Keys 'EARISTISNA' sent to object: 'Object Repository/Sayfalar/Giris_Sayfasi/Firma_Kodu'

2021-10-21 14:14:43 - [MESSAGE][INFO] - Finding Test Object 'Object Repository/Sayfalar/Giris_Sayfasi/Firma_Kodu'

2021-10-21 14:14:43 - [MESSAGE][INFO] - Sending keys 'EARISTISNA' to object: 'Object Repository/Sayfalar/Giris_Sayfasi/Firma_Kodu'

2021-10-21 14:14:43 - [MESSAGE][INFO] - Finding web element from Test Object's properties

2021-10-21 14:14:43 - [MESSAGE][INFO] - Checking timeout

2021-10-21 14:14:43 - [MESSAGE][INFO] - Finding web element with id: 'Object Repository/Sayfalar/Giris_Sayfasi/Firma_Kodu' located by 'By.xpath: //*[@id = 'AccountName']' in '30' second(s)

2021-10-21 14:14:43 - [MESSAGE][INFO] - Smart Wait Function is triggered

2021-10-21 14:14:43 - [MESSAGE][INFO] - Found 1 web elements with id: 'Object Repository/Sayfalar/Giris_Sayfasi/Firma_Kodu' located by 'By.xpath: //*[@id = 'AccountName']' in '30' second(s)

2021-10-21 14:14:43 - [MESSAGE][PASSED] - Keys 'EARISTISNA' sent to object: 'Object Repository/Sayfalar/Giris_Sayfasi/Firma_Kodu'

2021-10-21 14:14:43 - [TEST_STEP][PASSED] - sendKeys(findTestObject("Sayfalar/Giris_Sayfasi/Sifre"), Sifre): Keys 'test1234' sent to object: 'Object Repository/Sayfalar/Giris_Sayfasi/Sifre'

2021-10-21 14:14:43 - [MESSAGE][INFO] - Finding Test Object 'Object Repository/Sayfalar/Giris_Sayfasi/Sifre'

2021-10-21 14:14:43 - [MESSAGE][INFO] - Sending keys 'test1234' to object: 'Object Repository/Sayfalar/Giris_Sayfasi/Sifre'

2021-10-21 14:14:43 - [MESSAGE][INFO] - Finding web element from Test Object's properties

2021-10-21 14:14:43 - [MESSAGE][INFO] - Checking timeout

2021-10-21 14:14:43 - [MESSAGE][INFO] - Finding web element with id: 'Object Repository/Sayfalar/Giris_Sayfasi/Sifre' located by 'By.xpath: //*[@id = 'Password']' in '30' second(s)

2021-10-21 14:14:43 - [MESSAGE][INFO] - Smart Wait Function is triggered

2021-10-21 14:14:44 - [MESSAGE][INFO] - Found 1 web elements with id: 'Object Repository/Sayfalar/Giris_Sayfasi/Sifre' located by 'By.xpath: //*[@id = 'Password']' in '30' second(s)

2021-10-21 14:14:44 - [MESSAGE][PASSED] - Keys 'test1234' sent to object: 'Object Repository/Sayfalar/Giris_Sayfasi/Sifre'

2021-10-21 14:14:44 - [TEST_STEP][PASSED] - findWebElement(findTestObject("Sayfalar/Giris_Sayfasi/Giris_Butonu")).click(): Found 1 web elements with id: 'Object Repository/Sayfalar/Giris_Sayfasi/Giris_Butonu' located by 'By.cssSelector: #btnLogin' in '30' second(s)

2021-10-21 14:14:44 - [MESSAGE][INFO] - Finding Test Object 'Object Repository/Sayfalar/Giris_Sayfasi/Giris_Butonu'

2021-10-21 14:14:44 - [MESSAGE][INFO] - Finding web element from Test Object's properties

2021-10-21 14:14:44 - [MESSAGE][INFO] - Checking timeout

2021-10-21 14:14:44 - [MESSAGE][INFO] - Finding web element with id: 'Object Repository/Sayfalar/Giris_Sayfasi/Giris_Butonu' located by 'By.cssSelector: #btnLogin' in '30' second(s)

2021-10-21 14:14:44 - [MESSAGE][INFO] - Smart Wait Function is triggered

2021-10-21 14:14:44 - [MESSAGE][INFO] - Found 1 web elements with id: 'Object Repository/Sayfalar/Giris_Sayfasi/Giris_Butonu' located by 'By.cssSelector: #btnLogin' in '30' second(s)

2021-10-21 14:14:46 - [TEST_STEP][PASSED] - if (verifyElementPresent(findTestObject("Object Repository/Sayfalar/Giris_Sayfasi/RetveTamam_Butonu"), 5, OPTIONAL)): null

2021-10-21 14:14:46 - [MESSAGE][INFO] - Finding Test Object 'Object Repository/Sayfalar/Giris_Sayfasi/RetveTamam_Butonu'

2021-10-21 14:14:46 - [MESSAGE][INFO] - Checking object

2021-10-21 14:14:46 - [MESSAGE][INFO] - Finding web element from Test Object's properties

2021-10-21 14:14:46 - [MESSAGE][INFO] - Checking timeout

2021-10-21 14:14:46 - [MESSAGE][INFO] - Finding web element with id: 'Object Repository/Sayfalar/Giris_Sayfasi/RetveTamam_Butonu' located by 'By.xpath: //*[@class = 'btn btn-default']' in '5' second(s)

2021-10-21 14:14:46 - [MESSAGE][INFO] - Smart Wait Function is triggered

2021-10-21 14:14:46 - [MESSAGE][INFO] - Found 1 web elements with id: 'Object Repository/Sayfalar/Giris_Sayfasi/RetveTamam_Butonu' located by 'By.xpath: //*[@class = 'btn btn-default']' in '5' second(s)

2021-10-21 14:14:46 - [MESSAGE][PASSED] - Object 'Object Repository/Sayfalar/Giris_Sayfasi/RetveTamam_Butonu' is present

2021-10-21 14:14:46 - [TEST_STEP][PASSED] - click(findTestObject("Object Repository/Sayfalar/Giris_Sayfasi/RetveTamam_Butonu")): Object: 'Object Repository/Sayfalar/Giris_Sayfasi/RetveTamam_Butonu' is clicked on

2021-10-21 14:14:46 - [MESSAGE][INFO] - Finding Test Object 'Object Repository/Sayfalar/Giris_Sayfasi/RetveTamam_Butonu'

2021-10-21 14:14:46 - [MESSAGE][INFO] - Checking object

2021-10-21 14:14:46 - [MESSAGE][INFO] - Finding web element from Test Object's properties

2021-10-21 14:14:46 - [MESSAGE][INFO] - Checking timeout

2021-10-21 14:14:46 - [MESSAGE][INFO] - Finding web element with id: 'Object Repository/Sayfalar/Giris_Sayfasi/RetveTamam_Butonu' located by 'By.xpath: //*[@class = 'btn btn-default']' in '30' second(s)

2021-10-21 14:14:46 - [MESSAGE][INFO] - Smart Wait Function is triggered

2021-10-21 14:14:47 - [MESSAGE][INFO] - Found 1 web elements with id: 'Object Repository/Sayfalar/Giris_Sayfasi/RetveTamam_Butonu' located by 'By.xpath: //*[@class = 'btn btn-default']' in '30' second(s)

2021-10-21 14:14:47 - [MESSAGE][INFO] - Clicking on object: 'Object Repository/Sayfalar/Giris_Sayfasi/RetveTamam_Butonu'

2021-10-21 14:14:47 - [MESSAGE][PASSED] - Object: 'Object Repository/Sayfalar/Giris_Sayfasi/RetveTamam_Butonu' is clicked on

2021-10-21 14:14:47 - [TEST_STEP][PASSED] - click(findTestObject("Object Repository/Sayfalar/Giris_Sayfasi/RetveTamam_Butonu")): Object: 'Object Repository/Sayfalar/Giris_Sayfasi/RetveTamam_Butonu' is clicked on

2021-10-21 14:14:47 - [MESSAGE][INFO] - Finding Test Object 'Object Repository/Sayfalar/Giris_Sayfasi/RetveTamam_Butonu'

2021-10-21 14:14:47 - [MESSAGE][INFO] - Checking object

2021-10-21 14:14:47 - [MESSAGE][INFO] - Finding web element from Test Object's properties

2021-10-21 14:14:47 - [MESSAGE][INFO] - Checking timeout

2021-10-21 14:14:47 - [MESSAGE][INFO] - Finding web element with id: 'Object Repository/Sayfalar/Giris_Sayfasi/RetveTamam_Butonu' located by 'By.xpath: //*[@class = 'btn btn-default']' in '30' second(s)

2021-10-21 14:14:47 - [MESSAGE][INFO] - Smart Wait Function is triggered

2021-10-21 14:14:55 - [MESSAGE][INFO] - Found 1 web elements with id: 'Object Repository/Sayfalar/Giris_Sayfasi/RetveTamam_Butonu' located by 'By.xpath: //*[@class = 'btn btn-default']' in '30' second(s)

2021-10-21 14:14:55 - [MESSAGE][INFO] - Clicking on object: 'Object Repository/Sayfalar/Giris_Sayfasi/RetveTamam_Butonu'

2021-10-21 14:14:55 - [MESSAGE][PASSED] - Object: 'Object Repository/Sayfalar/Giris_Sayfasi/RetveTamam_Butonu' is clicked on

2021-10-21 14:14:55 - [TEST_STEP][PASSED] - if (verifyElementPresent(findTestObject("Sayfalar/Giris_Sayfasi/PopupOK"), 5, OPTIONAL)): com.kms.katalon.core.webui.exception.WebElementNotFoundException: Web element with id: 'Object Repository/Sayfalar/Giris_Sayfasi/PopupOK' located by '.btn.btn-success' not found (Root cause: com.kms.katalon.core.exception.StepFailedException: com.kms.katalon.core.webui.exception.WebElementNotFoundException: Web element with id: 'Object Repository/Sayfalar/Giris_Sayfasi/PopupOK' located by '.btn.btn-success' not found
	at com.kms.katalon.core.webui.keyword.internal.WebUIKeywordMain.stepFailed(WebUIKeywordMain.groovy:64)
	at com.kms.katalon.core.webui.keyword.builtin.VerifyElementPresentKeyword$_verifyElementPresent_closure1.doCall(VerifyElementPresentKeyword.groovy:85)
	at com.kms.katalon.core.webui.keyword.builtin.VerifyElementPresentKeyword$_verifyElementPresent_closure1.call(VerifyElementPresentKeyword.groovy)
	at com.kms.katalon.core.webui.keyword.internal.WebUIKeywordMain.runKeyword(WebUIKeywordMain.groovy:20)
	at com.kms.katalon.core.webui.keyword.builtin.VerifyElementPresentKeyword.verifyElementPresent(VerifyElementPresentKeyword.groovy:92)
	at com.kms.katalon.core.webui.keyword.builtin.VerifyElementPresentKeyword.execute(VerifyElementPresentKeyword.groovy:68)
	at com.kms.katalon.core.keyword.internal.KeywordExecutor.executeKeywordForPlatform(KeywordExecutor.groovy:73)
	at com.kms.katalon.core.webui.keyword.WebUiBuiltInKeywords.verifyElementPresent(WebUiBuiltInKeywords.groovy:1448)
	at com.kms.katalon.core.webui.keyword.WebUiBuiltInKeywords$verifyElementPresent$4.call(Unknown Source)
	at Login.run(Login:40)
	at com.kms.katalon.core.main.ScriptEngine.run(ScriptEngine.java:194)
	at com.kms.katalon.core.main.ScriptEngine.runScriptAsRawText(ScriptEngine.java:119)
	at com.kms.katalon.core.main.TestCaseExecutor.runScript(TestCaseExecutor.java:369)
	at com.kms.katalon.core.main.TestCaseExecutor.doExecute(TestCaseExecutor.java:360)
	at com.kms.katalon.core.main.TestCaseExecutor.processExecutionPhase(TestCaseExecutor.java:339)
	at com.kms.katalon.core.main.TestCaseExecutor.accessMainPhase(TestCaseExecutor.java:331)
	at com.kms.katalon.core.main.TestCaseExecutor.execute(TestCaseExecutor.java:248)
	at com.kms.katalon.core.main.TestCaseMain.runTestCase(TestCaseMain.java:138)
	at com.kms.katalon.core.keyword.builtin.CallTestCaseKeyword$_callTestCase_closure1.doCall(CallTestCaseKeyword.groovy:59)
	at com.kms.katalon.core.keyword.builtin.CallTestCaseKeyword$_callTestCase_closure1.call(CallTestCaseKeyword.groovy)
	at com.kms.katalon.core.keyword.internal.KeywordMain.runKeyword(KeywordMain.groovy:68)
	at com.kms.katalon.core.keyword.builtin.CallTestCaseKeyword.callTestCase(CallTestCaseKeyword.groovy:81)
	at com.kms.katalon.core.keyword.builtin.CallTestCaseKeyword.execute(CallTestCaseKeyword.groovy:44)
	at com.kms.katalon.core.keyword.internal.KeywordExecutor.executeKeywordForPlatform(KeywordExecutor.groovy:73)
	at com.kms.katalon.core.keyword.BuiltinKeywords.callTestCase(BuiltinKeywords.groovy:334)
	at sayfalar.girisSayfasi.login(girisSayfasi.groovy:50)
	at cucumber.runtime.Utils$1.call(Utils.java:26)
	at cucumber.runtime.Timeout.timeout(Timeout.java:16)
	at cucumber.runtime.Utils.invoke(Utils.java:20)
	at cucumber.runtime.java.JavaStepDefinition.execute(JavaStepDefinition.java:49)
	at cucumber.runner.PickleStepDefinitionMatch.runStep(PickleStepDefinitionMatch.java:50)
	at cucumber.runner.TestStep.executeStep(TestStep.java:63)
	at cucumber.runner.TestStep.run(TestStep.java:49)
	at cucumber.runner.PickleStepTestStep.run(PickleStepTestStep.java:43)
	at cucumber.runner.TestCase.run(TestCase.java:44)
	at cucumber.runner.Runner.runPickle(Runner.java:40)
	at cucumber.runtime.Runtime$1.run(Runtime.java:84)
	at cucumber.runtime.Runtime$SameThreadExecutorService.execute(Runtime.java:220)
	at cucumber.runtime.Runtime.run(Runtime.java:81)
	at cucumber.api.cli.Main.run(Main.java:26)
	at cucumber.api.cli.Main$run.call(Unknown Source)
	at com.kms.katalon.core.cucumber.keyword.CucumberBuiltinKeywords$_runFeatureFile_closure1.doCall(CucumberBuiltinKeywords.groovy:106)
	at com.kms.katalon.core.cucumber.keyword.CucumberBuiltinKeywords$_runFeatureFile_closure1.doCall(CucumberBuiltinKeywords.groovy)
	at com.kms.katalon.core.keyword.internal.KeywordMain.runKeyword(KeywordMain.groovy:68)
	at com.kms.katalon.core.keyword.internal.KeywordMain$runKeyword.call(Unknown Source)
	at com.kms.katalon.core.cucumber.keyword.CucumberBuiltinKeywords.runFeatureFile(CucumberBuiltinKeywords.groovy:73)
	at com.kms.katalon.core.cucumber.keyword.CucumberBuiltinKeywords$runFeatureFile$0.callStatic(Unknown Source)
	at com.kms.katalon.core.cucumber.keyword.CucumberBuiltinKeywords.runFeatureFile(CucumberBuiltinKeywords.groovy:246)
	at com.kms.katalon.core.cucumber.keyword.CucumberBuiltinKeywords$runFeatureFile.call(Unknown Source)
	at VKN-Elektronik-Istisna.run(VKN-Elektronik-Istisna:19)
	at com.kms.katalon.core.main.ScriptEngine.run(ScriptEngine.java:194)
	at com.kms.katalon.core.main.ScriptEngine.runScriptAsRawText(ScriptEngine.java:119)
	at com.kms.katalon.core.main.TestCaseExecutor.runScript(TestCaseExecutor.java:369)
	at com.kms.katalon.core.main.TestCaseExecutor.doExecute(TestCaseExecutor.java:360)
	at com.kms.katalon.core.main.TestCaseExecutor.processExecutionPhase(TestCaseExecutor.java:339)
	at com.kms.katalon.core.main.TestCaseExecutor.accessMainPhase(TestCaseExecutor.java:331)
	at com.kms.katalon.core.main.TestCaseExecutor.execute(TestCaseExecutor.java:248)
	at com.kms.katalon.core.main.TestSuiteExecutor.accessTestCaseMainPhase(TestSuiteExecutor.java:191)
	at com.kms.katalon.core.main.TestSuiteExecutor.accessTestSuiteMainPhase(TestSuiteExecutor.java:140)
	at com.kms.katalon.core.main.TestSuiteExecutor.execute(TestSuiteExecutor.java:89)
	at com.kms.katalon.core.main.TestCaseMain.startTestSuite(TestCaseMain.java:181)
	at com.kms.katalon.core.main.TestCaseMain$startTestSuite$0.call(Unknown Source)
	at TempTestSuite1634814289741.run(TempTestSuite1634814289741.groovy:39)
)

2021-10-21 14:14:55 - [MESSAGE][INFO] - Finding Test Object 'Object Repository/Sayfalar/Giris_Sayfasi/PopupOK'

2021-10-21 14:14:55 - [MESSAGE][INFO] - Checking object

2021-10-21 14:14:55 - [MESSAGE][INFO] - Finding web element from Test Object's properties

2021-10-21 14:14:55 - [MESSAGE][INFO] - Checking timeout

2021-10-21 14:14:55 - [MESSAGE][INFO] - Finding web element with id: 'Object Repository/Sayfalar/Giris_Sayfasi/PopupOK' located by 'By.cssSelector: .btn.btn-success' in '5' second(s)

2021-10-21 14:14:55 - [MESSAGE][INFO] - Smart Wait Function is triggered

2021-10-21 14:14:56 - [MESSAGE][INFO] - Smart Wait Function is triggered

2021-10-21 14:14:56 - [MESSAGE][INFO] - Smart Wait Function is triggered

2021-10-21 14:14:56 - [MESSAGE][INFO] - Smart Wait Function is triggered

2021-10-21 14:14:57 - [MESSAGE][INFO] - Smart Wait Function is triggered

2021-10-21 14:14:57 - [MESSAGE][INFO] - Smart Wait Function is triggered

2021-10-21 14:14:57 - [MESSAGE][INFO] - Smart Wait Function is triggered

2021-10-21 14:14:58 - [MESSAGE][INFO] - Smart Wait Function is triggered

2021-10-21 14:14:58 - [MESSAGE][INFO] - Smart Wait Function is triggered

2021-10-21 14:14:58 - [MESSAGE][INFO] - Smart Wait Function is triggered

2021-10-21 14:14:58 - [MESSAGE][INFO] - Smart Wait Function is triggered

2021-10-21 14:14:59 - [MESSAGE][INFO] - Smart Wait Function is triggered

2021-10-21 14:14:59 - [MESSAGE][INFO] - Smart Wait Function is triggered

2021-10-21 14:14:59 - [MESSAGE][INFO] - Smart Wait Function is triggered

2021-10-21 14:14:59 - [MESSAGE][INFO] - Smart Wait Function is triggered

2021-10-21 14:15:00 - [MESSAGE][INFO] - Smart Wait Function is triggered

2021-10-21 14:15:00 - [MESSAGE][INFO] - Smart Wait Function is triggered

2021-10-21 14:15:00 - [MESSAGE][INFO] - Smart Wait Function is triggered

2021-10-21 14:15:00 - [MESSAGE][INFO] - Smart Wait Function is triggered

2021-10-21 14:15:01 - [MESSAGE][INFO] - Smart Wait Function is triggered

2021-10-21 14:15:01 - [MESSAGE][INFO] - Smart Wait Function is triggered

2021-10-21 14:15:01 - [MESSAGE][INFO] - Unable to find the element located by 'By.cssSelector: .btn.btn-success'. Please recheck the objects properties to make sure the desired element is located. 

2021-10-21 14:15:01 - [MESSAGE][WARNING] - com.kms.katalon.core.webui.exception.WebElementNotFoundException: Web element with id: 'Object Repository/Sayfalar/Giris_Sayfasi/PopupOK' located by '.btn.btn-success' not found (Root cause: com.kms.katalon.core.exception.StepFailedException: com.kms.katalon.core.webui.exception.WebElementNotFoundException: Web element with id: 'Object Repository/Sayfalar/Giris_Sayfasi/PopupOK' located by '.btn.btn-success' not found
	at com.kms.katalon.core.webui.keyword.internal.WebUIKeywordMain.stepFailed(WebUIKeywordMain.groovy:64)
	at com.kms.katalon.core.webui.keyword.builtin.VerifyElementPresentKeyword$_verifyElementPresent_closure1.doCall(VerifyElementPresentKeyword.groovy:85)
	at com.kms.katalon.core.webui.keyword.builtin.VerifyElementPresentKeyword$_verifyElementPresent_closure1.call(VerifyElementPresentKeyword.groovy)
	at com.kms.katalon.core.webui.keyword.internal.WebUIKeywordMain.runKeyword(WebUIKeywordMain.groovy:20)
	at com.kms.katalon.core.webui.keyword.builtin.VerifyElementPresentKeyword.verifyElementPresent(VerifyElementPresentKeyword.groovy:92)
	at com.kms.katalon.core.webui.keyword.builtin.VerifyElementPresentKeyword.execute(VerifyElementPresentKeyword.groovy:68)
	at com.kms.katalon.core.keyword.internal.KeywordExecutor.executeKeywordForPlatform(KeywordExecutor.groovy:73)
	at com.kms.katalon.core.webui.keyword.WebUiBuiltInKeywords.verifyElementPresent(WebUiBuiltInKeywords.groovy:1448)
	at com.kms.katalon.core.webui.keyword.WebUiBuiltInKeywords$verifyElementPresent$4.call(Unknown Source)
	at Login.run(Login:40)
	at com.kms.katalon.core.main.ScriptEngine.run(ScriptEngine.java:194)
	at com.kms.katalon.core.main.ScriptEngine.runScriptAsRawText(ScriptEngine.java:119)
	at com.kms.katalon.core.main.TestCaseExecutor.runScript(TestCaseExecutor.java:369)
	at com.kms.katalon.core.main.TestCaseExecutor.doExecute(TestCaseExecutor.java:360)
	at com.kms.katalon.core.main.TestCaseExecutor.processExecutionPhase(TestCaseExecutor.java:339)
	at com.kms.katalon.core.main.TestCaseExecutor.accessMainPhase(TestCaseExecutor.java:331)
	at com.kms.katalon.core.main.TestCaseExecutor.execute(TestCaseExecutor.java:248)
	at com.kms.katalon.core.main.TestCaseMain.runTestCase(TestCaseMain.java:138)
	at com.kms.katalon.core.keyword.builtin.CallTestCaseKeyword$_callTestCase_closure1.doCall(CallTestCaseKeyword.groovy:59)
	at com.kms.katalon.core.keyword.builtin.CallTestCaseKeyword$_callTestCase_closure1.call(CallTestCaseKeyword.groovy)
	at com.kms.katalon.core.keyword.internal.KeywordMain.runKeyword(KeywordMain.groovy:68)
	at com.kms.katalon.core.keyword.builtin.CallTestCaseKeyword.callTestCase(CallTestCaseKeyword.groovy:81)
	at com.kms.katalon.core.keyword.builtin.CallTestCaseKeyword.execute(CallTestCaseKeyword.groovy:44)
	at com.kms.katalon.core.keyword.internal.KeywordExecutor.executeKeywordForPlatform(KeywordExecutor.groovy:73)
	at com.kms.katalon.core.keyword.BuiltinKeywords.callTestCase(BuiltinKeywords.groovy:334)
	at sayfalar.girisSayfasi.login(girisSayfasi.groovy:50)
	at cucumber.runtime.Utils$1.call(Utils.java:26)
	at cucumber.runtime.Timeout.timeout(Timeout.java:16)
	at cucumber.runtime.Utils.invoke(Utils.java:20)
	at cucumber.runtime.java.JavaStepDefinition.execute(JavaStepDefinition.java:49)
	at cucumber.runner.PickleStepDefinitionMatch.runStep(PickleStepDefinitionMatch.java:50)
	at cucumber.runner.TestStep.executeStep(TestStep.java:63)
	at cucumber.runner.TestStep.run(TestStep.java:49)
	at cucumber.runner.PickleStepTestStep.run(PickleStepTestStep.java:43)
	at cucumber.runner.TestCase.run(TestCase.java:44)
	at cucumber.runner.Runner.runPickle(Runner.java:40)
	at cucumber.runtime.Runtime$1.run(Runtime.java:84)
	at cucumber.runtime.Runtime$SameThreadExecutorService.execute(Runtime.java:220)
	at cucumber.runtime.Runtime.run(Runtime.java:81)
	at cucumber.api.cli.Main.run(Main.java:26)
	at cucumber.api.cli.Main$run.call(Unknown Source)
	at com.kms.katalon.core.cucumber.keyword.CucumberBuiltinKeywords$_runFeatureFile_closure1.doCall(CucumberBuiltinKeywords.groovy:106)
	at com.kms.katalon.core.cucumber.keyword.CucumberBuiltinKeywords$_runFeatureFile_closure1.doCall(CucumberBuiltinKeywords.groovy)
	at com.kms.katalon.core.keyword.internal.KeywordMain.runKeyword(KeywordMain.groovy:68)
	at com.kms.katalon.core.keyword.internal.KeywordMain$runKeyword.call(Unknown Source)
	at com.kms.katalon.core.cucumber.keyword.CucumberBuiltinKeywords.runFeatureFile(CucumberBuiltinKeywords.groovy:73)
	at com.kms.katalon.core.cucumber.keyword.CucumberBuiltinKeywords$runFeatureFile$0.callStatic(Unknown Source)
	at com.kms.katalon.core.cucumber.keyword.CucumberBuiltinKeywords.runFeatureFile(CucumberBuiltinKeywords.groovy:246)
	at com.kms.katalon.core.cucumber.keyword.CucumberBuiltinKeywords$runFeatureFile.call(Unknown Source)
	at VKN-Elektronik-Istisna.run(VKN-Elektronik-Istisna:19)
	at com.kms.katalon.core.main.ScriptEngine.run(ScriptEngine.java:194)
	at com.kms.katalon.core.main.ScriptEngine.runScriptAsRawText(ScriptEngine.java:119)
	at com.kms.katalon.core.main.TestCaseExecutor.runScript(TestCaseExecutor.java:369)
	at com.kms.katalon.core.main.TestCaseExecutor.doExecute(TestCaseExecutor.java:360)
	at com.kms.katalon.core.main.TestCaseExecutor.processExecutionPhase(TestCaseExecutor.java:339)
	at com.kms.katalon.core.main.TestCaseExecutor.accessMainPhase(TestCaseExecutor.java:331)
	at com.kms.katalon.core.main.TestCaseExecutor.execute(TestCaseExecutor.java:248)
	at com.kms.katalon.core.main.TestSuiteExecutor.accessTestCaseMainPhase(TestSuiteExecutor.java:191)
	at com.kms.katalon.core.main.TestSuiteExecutor.accessTestSuiteMainPhase(TestSuiteExecutor.java:140)
	at com.kms.katalon.core.main.TestSuiteExecutor.execute(TestSuiteExecutor.java:89)
	at com.kms.katalon.core.main.TestCaseMain.startTestSuite(TestCaseMain.java:181)
	at com.kms.katalon.core.main.TestCaseMain$startTestSuite$0.call(Unknown Source)
	at TempTestSuite1634814289741.run(TempTestSuite1634814289741.groovy:39)
)

2021-10-21 14:15:01 - [TEST_STEP][PASSED] - verifyElementVisible(findTestObject("Object Repository/Kullanici_Islemleri/KullaniciIslemleri")): Object 'Object Repository/Kullanici_Islemleri/KullaniciIslemleri' is visible

2021-10-21 14:15:01 - [MESSAGE][INFO] - Finding Test Object 'Object Repository/Kullanici_Islemleri/KullaniciIslemleri'

2021-10-21 14:15:01 - [MESSAGE][INFO] - Checking object

2021-10-21 14:15:01 - [MESSAGE][INFO] - Finding web element from Test Object's properties

2021-10-21 14:15:01 - [MESSAGE][INFO] - Checking timeout

2021-10-21 14:15:01 - [MESSAGE][INFO] - Finding web element with id: 'Object Repository/Kullanici_Islemleri/KullaniciIslemleri' located by 'By.cssSelector: .dropdown>a>img' in '30' second(s)

2021-10-21 14:15:01 - [MESSAGE][INFO] - Smart Wait Function is triggered

2021-10-21 14:15:02 - [MESSAGE][INFO] - Found 1 web elements with id: 'Object Repository/Kullanici_Islemleri/KullaniciIslemleri' located by 'By.cssSelector: .dropdown>a>img' in '30' second(s)

2021-10-21 14:15:02 - [MESSAGE][PASSED] - Object 'Object Repository/Kullanici_Islemleri/KullaniciIslemleri' is visible

2021-10-21 14:15:02 - [MESSAGE][PASSED] - Call Test Case 'Test Cases/Sayfalar/Giris_Sayfasi/Login' successfully

2021-10-21 14:15:02 - [MESSAGE][INFO] - Checking called Test Case

2021-10-21 14:15:02 - [MESSAGE][INFO] - Starting to call Test Case 'Test Cases/Menu/AnaMenuSecimi'

2021-10-21 14:15:02 - [TEST_CASE][PASSED] - Test Cases/Menu/AnaMenuSecimi: Test Cases/Menu/AnaMenuSecimi

2021-10-21 14:15:02 - [TEST_STEP][PASSED] - Method.TextDegerineEsitElementeTikla(findTestObject("Menu/Ana_Menu"), Ana_Menu): Method.TextDegerineEsitElementeTikla is PASSED

2021-10-21 14:15:02 - [MESSAGE][INFO] - Finding Test Object 'Object Repository/Menu/Ana_Menu'

2021-10-21 14:15:02 - [MESSAGE][INFO] - Checking timeout

2021-10-21 14:15:02 - [MESSAGE][INFO] - Finding web element with id: 'Object Repository/Menu/Ana_Menu' located by 'By.xpath: //*[@class = 'dropdown-toggle']' in '10' second(s)

2021-10-21 14:15:02 - [MESSAGE][INFO] - Smart Wait Function is triggered

2021-10-21 14:15:02 - [MESSAGE][INFO] - Found 14 web elements with id: 'Object Repository/Menu/Ana_Menu' located by 'By.xpath: //*[@class = 'dropdown-toggle']' in '10' second(s)

2021-10-21 14:15:02 - [MESSAGE][PASSED] - Method.TextDegerineEsitElementeTikla is PASSED

2021-10-21 14:15:02 - [MESSAGE][PASSED] - Call Test Case 'Test Cases/Menu/AnaMenuSecimi' successfully

2021-10-21 14:15:02 - [MESSAGE][INFO] - Checking called Test Case

2021-10-21 14:15:02 - [MESSAGE][INFO] - Starting to call Test Case 'Test Cases/Menu/BasligaGoreAltMenuSecimi'

2021-10-21 14:15:02 - [TEST_CASE][PASSED] - Test Cases/Menu/BasligaGoreAltMenuSecimi: Test Cases/Menu/BasligaGoreAltMenuSecimi

2021-10-21 14:15:02 - [TEST_STEP][PASSED] - Method.TextDegerineEsitElementinAltindakiTextDegerineEsitOlanaTikla(findTestObject("Menu/Menu_Basligi"), findTestObject("Menu/Basliga_Gore_Alt_Menu"), Baslik, Alt_Menu): Method.TextDegerineEsitElementinAltindakiTextDegerineEsitOlanaTikla is PASSED

2021-10-21 14:15:02 - [MESSAGE][INFO] - Finding Test Object 'Object Repository/Menu/Menu_Basligi'

2021-10-21 14:15:02 - [MESSAGE][INFO] - Finding Test Object 'Object Repository/Menu/Basliga_Gore_Alt_Menu'

2021-10-21 14:15:03 - [MESSAGE][INFO] - Checking timeout

2021-10-21 14:15:03 - [MESSAGE][INFO] - Finding web element with id: 'Object Repository/Menu/Menu_Basligi' located by 'By.xpath: //li[@class='dropdown dropdown-large open']//li[@class='dropdown-header']' in '10' second(s)

2021-10-21 14:15:03 - [MESSAGE][INFO] - Smart Wait Function is triggered

2021-10-21 14:15:03 - [MESSAGE][INFO] - Found 2 web elements with id: 'Object Repository/Menu/Menu_Basligi' located by 'By.xpath: //li[@class='dropdown dropdown-large open']//li[@class='dropdown-header']' in '10' second(s)

2021-10-21 14:15:03 - [MESSAGE][INFO] - Smart Wait Function is triggered

2021-10-21 14:15:07 - [MESSAGE][PASSED] - Method.TextDegerineEsitElementinAltindakiTextDegerineEsitOlanaTikla is PASSED

2021-10-21 14:15:07 - [MESSAGE][PASSED] - Call Test Case 'Test Cases/Menu/BasligaGoreAltMenuSecimi' successfully

2021-10-21 14:15:07 - [MESSAGE][INFO] - Checking called Test Case

2021-10-21 14:15:07 - [MESSAGE][INFO] - Starting to call Test Case 'Test Cases/Tablo/Olusturma Tarihi'

2021-10-21 14:15:07 - [TEST_CASE][PASSED] - Test Cases/Tablo/Olusturma Tarihi: Test Cases/Tablo/Olusturma Tarihi

2021-10-21 14:15:07 - [TEST_STEP][PASSED] - if (verifyTextNotPresent("Görüntülenecek veri yok", true, OPTIONAL)): null

2021-10-21 14:15:07 - [MESSAGE][INFO] - Checking text present  using regular expression

2021-10-21 14:15:07 - [MESSAGE][INFO] - Smart Wait Function is triggered

2021-10-21 14:15:08 - [MESSAGE][INFO] - Finding text 'Görüntülenecek veri yok' on page  using regular expression

2021-10-21 14:15:08 - [MESSAGE][PASSED] - Text 'Görüntülenecek veri yok' is not present on page using regular expression

2021-10-21 14:15:08 - [TEST_STEP][PASSED] - click(findTestObject("Temizle/Olusturma_Tarihi_CheckBox")): Object: 'Object Repository/Temizle/Olusturma_Tarihi_CheckBox' is clicked on

2021-10-21 14:15:08 - [MESSAGE][INFO] - Finding Test Object 'Object Repository/Temizle/Olusturma_Tarihi_CheckBox'

2021-10-21 14:15:08 - [MESSAGE][INFO] - Checking object

2021-10-21 14:15:08 - [MESSAGE][INFO] - Finding web element from Test Object's properties

2021-10-21 14:15:08 - [MESSAGE][INFO] - Checking timeout

2021-10-21 14:15:08 - [MESSAGE][INFO] - Finding web element with id: 'Object Repository/Temizle/Olusturma_Tarihi_CheckBox' located by 'By.xpath: //*[@title = 'Bu sayfadaki tüm satırları Seç']' in '30' second(s)

2021-10-21 14:15:08 - [MESSAGE][INFO] - Smart Wait Function is triggered

2021-10-21 14:15:08 - [MESSAGE][INFO] - Found 1 web elements with id: 'Object Repository/Temizle/Olusturma_Tarihi_CheckBox' located by 'By.xpath: //*[@title = 'Bu sayfadaki tüm satırları Seç']' in '30' second(s)

2021-10-21 14:15:08 - [MESSAGE][INFO] - Clicking on object: 'Object Repository/Temizle/Olusturma_Tarihi_CheckBox'

2021-10-21 14:15:08 - [MESSAGE][PASSED] - Object: 'Object Repository/Temizle/Olusturma_Tarihi_CheckBox' is clicked on

2021-10-21 14:15:08 - [TEST_STEP][PASSED] - Method.TextDegerineEsitElementeTiklaEquals(findTestObject("Butonlar/Butonlar"), "Sil"): Method.TextDegerineEsitElementeTiklaEquals is PASSED

2021-10-21 14:15:08 - [MESSAGE][INFO] - Finding Test Object 'Object Repository/Butonlar/Butonlar'

2021-10-21 14:15:08 - [MESSAGE][INFO] - Checking timeout

2021-10-21 14:15:08 - [MESSAGE][INFO] - Finding web element with id: 'Object Repository/Butonlar/Butonlar' located by 'By.cssSelector: .panel.panel-default.text-center.footerPanel .btn,.btn.btn-primary.btnControls' in '10' second(s)

2021-10-21 14:15:08 - [MESSAGE][INFO] - Smart Wait Function is triggered

2021-10-21 14:15:08 - [MESSAGE][INFO] - Found 10 web elements with id: 'Object Repository/Butonlar/Butonlar' located by 'By.cssSelector: .panel.panel-default.text-center.footerPanel .btn,.btn.btn-primary.btnControls' in '10' second(s)

2021-10-21 14:15:09 - [MESSAGE][PASSED] - Method.TextDegerineEsitElementeTiklaEquals is PASSED

2021-10-21 14:15:09 - [TEST_STEP][PASSED] - Method.TextDegerineEsitElementeTikla(findTestObject("Popup/Popup_Butons"), "Evet"): Method.TextDegerineEsitElementeTikla is PASSED

2021-10-21 14:15:09 - [MESSAGE][INFO] - Finding Test Object 'Object Repository/Popup/Popup_Butons'

2021-10-21 14:15:09 - [MESSAGE][INFO] - Checking timeout

2021-10-21 14:15:09 - [MESSAGE][INFO] - Finding web element with id: 'Object Repository/Popup/Popup_Butons' located by 'By.cssSelector: .modal-footer>button' in '10' second(s)

2021-10-21 14:15:09 - [MESSAGE][INFO] - Smart Wait Function is triggered

2021-10-21 14:15:10 - [MESSAGE][INFO] - Found 2 web elements with id: 'Object Repository/Popup/Popup_Butons' located by 'By.cssSelector: .modal-footer>button' in '10' second(s)

2021-10-21 14:15:10 - [MESSAGE][PASSED] - Method.TextDegerineEsitElementeTikla is PASSED

2021-10-21 14:15:10 - [TEST_STEP][PASSED] - Method.TextDegerineEsitElementeTikla(findTestObject("Popup/Popup_Butons"), "Tamam"): Method.TextDegerineEsitElementeTikla is PASSED

2021-10-21 14:15:10 - [MESSAGE][INFO] - Finding Test Object 'Object Repository/Popup/Popup_Butons'

2021-10-21 14:15:10 - [MESSAGE][INFO] - Checking timeout

2021-10-21 14:15:10 - [MESSAGE][INFO] - Finding web element with id: 'Object Repository/Popup/Popup_Butons' located by 'By.cssSelector: .modal-footer>button' in '10' second(s)

2021-10-21 14:15:10 - [MESSAGE][INFO] - Smart Wait Function is triggered

2021-10-21 14:15:11 - [MESSAGE][INFO] - Found 1 web elements with id: 'Object Repository/Popup/Popup_Butons' located by 'By.cssSelector: .modal-footer>button' in '10' second(s)

2021-10-21 14:15:11 - [MESSAGE][PASSED] - Method.TextDegerineEsitElementeTikla is PASSED

2021-10-21 14:15:11 - [MESSAGE][PASSED] - Call Test Case 'Test Cases/Tablo/Olusturma Tarihi' successfully

2021-10-21 14:15:11 - [MESSAGE][INFO] - Checking called Test Case

2021-10-21 14:15:11 - [MESSAGE][INFO] - Starting to call Test Case 'Test Cases/Butonlar/ButonaTikla'

2021-10-21 14:15:11 - [TEST_CASE][PASSED] - Test Cases/Butonlar/ButonaTikla: Test Cases/Butonlar/ButonaTikla

2021-10-21 14:15:11 - [TEST_STEP][PASSED] - Method.TextDegerineEsitElementeTiklaEquals(findTestObject("Butonlar/Butonlar"), Buton_Adi): Method.TextDegerineEsitElementeTiklaEquals is PASSED

2021-10-21 14:15:11 - [MESSAGE][INFO] - Finding Test Object 'Object Repository/Butonlar/Butonlar'

2021-10-21 14:15:11 - [MESSAGE][INFO] - Checking timeout

2021-10-21 14:15:11 - [MESSAGE][INFO] - Finding web element with id: 'Object Repository/Butonlar/Butonlar' located by 'By.cssSelector: .panel.panel-default.text-center.footerPanel .btn,.btn.btn-primary.btnControls' in '10' second(s)

2021-10-21 14:15:11 - [MESSAGE][INFO] - Smart Wait Function is triggered

2021-10-21 14:15:11 - [MESSAGE][INFO] - Found 10 web elements with id: 'Object Repository/Butonlar/Butonlar' located by 'By.cssSelector: .panel.panel-default.text-center.footerPanel .btn,.btn.btn-primary.btnControls' in '10' second(s)

2021-10-21 14:15:12 - [MESSAGE][PASSED] - Method.TextDegerineEsitElementeTiklaEquals is PASSED

2021-10-21 14:15:12 - [MESSAGE][PASSED] - Call Test Case 'Test Cases/Butonlar/ButonaTikla' successfully

2021-10-21 14:15:12 - [MESSAGE][INFO] - Checking called Test Case

2021-10-21 14:15:12 - [MESSAGE][INFO] - Starting to call Test Case 'Test Cases/Olusturma/Genel/GorselTasarimSayfasıBasligiIceriyorMu'

2021-10-21 14:15:12 - [TEST_CASE][PASSED] - Test Cases/Olusturma/Genel/GorselTasarimSayfasıBasligiIceriyorMu: Test Cases/Olusturma/Genel/GorselTasarimSayfasıBasligiIceriyorMu

2021-10-21 14:15:12 - [TEST_STEP][PASSED] - verifyElementText(findTestObject("Object Repository/Olusturma/Genel/GorselTasarimBaslik"), Baslik): Actual text and expected text of test object 'Object Repository/Olusturma/Genel/GorselTasarimBaslik' are matched.

2021-10-21 14:15:12 - [MESSAGE][INFO] - Finding Test Object 'Object Repository/Olusturma/Genel/GorselTasarimBaslik'

2021-10-21 14:15:12 - [MESSAGE][INFO] - Checking object

2021-10-21 14:15:12 - [MESSAGE][INFO] - Finding web element from Test Object's properties

2021-10-21 14:15:12 - [MESSAGE][INFO] - Checking timeout

2021-10-21 14:15:12 - [MESSAGE][INFO] - Finding web element with id: 'Object Repository/Olusturma/Genel/GorselTasarimBaslik' located by 'By.cssSelector: #flAlici_0>div>span' in '30' second(s)

2021-10-21 14:15:12 - [MESSAGE][INFO] - Smart Wait Function is triggered

2021-10-21 14:15:18 - [MESSAGE][INFO] - Found 1 web elements with id: 'Object Repository/Olusturma/Genel/GorselTasarimBaslik' located by 'By.cssSelector: #flAlici_0>div>span' in '30' second(s)

2021-10-21 14:15:18 - [MESSAGE][PASSED] - Actual text and expected text of test object 'Object Repository/Olusturma/Genel/GorselTasarimBaslik' are matched.

2021-10-21 14:15:18 - [MESSAGE][PASSED] - Call Test Case 'Test Cases/Olusturma/Genel/GorselTasarimSayfasıBasligiIceriyorMu' successfully

2021-10-21 14:15:18 - [MESSAGE][INFO] - Checking called Test Case

2021-10-21 14:15:18 - [MESSAGE][INFO] - Starting to call Test Case 'Test Cases/Olusturma/Genel/AliciSecilir'

2021-10-21 14:15:18 - [TEST_CASE][PASSED] - Test Cases/Olusturma/Genel/AliciSecilir: Test Cases/Olusturma/Genel/AliciSecilir

2021-10-21 14:15:18 - [TEST_STEP][PASSED] - click(findTestObject("Olusturma/Genel/AliciBilgisi/Alici_Ara")): Object: 'Object Repository/Olusturma/Genel/AliciBilgisi/Alici_Ara' is clicked on

2021-10-21 14:15:18 - [MESSAGE][INFO] - Finding Test Object 'Object Repository/Olusturma/Genel/AliciBilgisi/Alici_Ara'

2021-10-21 14:15:18 - [MESSAGE][INFO] - Checking object

2021-10-21 14:15:18 - [MESSAGE][INFO] - Finding web element from Test Object's properties

2021-10-21 14:15:18 - [MESSAGE][INFO] - Checking timeout

2021-10-21 14:15:18 - [MESSAGE][INFO] - Finding web element with id: 'Object Repository/Olusturma/Genel/AliciBilgisi/Alici_Ara' located by 'By.xpath: //td[@id='txtCustomerText_B-1']' in '30' second(s)

2021-10-21 14:15:18 - [MESSAGE][INFO] - Smart Wait Function is triggered

2021-10-21 14:15:19 - [MESSAGE][INFO] - Found 1 web elements with id: 'Object Repository/Olusturma/Genel/AliciBilgisi/Alici_Ara' located by 'By.xpath: //td[@id='txtCustomerText_B-1']' in '30' second(s)

2021-10-21 14:15:19 - [MESSAGE][INFO] - Clicking on object: 'Object Repository/Olusturma/Genel/AliciBilgisi/Alici_Ara'

2021-10-21 14:15:19 - [MESSAGE][PASSED] - Object: 'Object Repository/Olusturma/Genel/AliciBilgisi/Alici_Ara' is clicked on

2021-10-21 14:15:19 - [TEST_STEP][PASSED] - click(findTestObject("Olusturma/Genel/AliciBilgisi/Alici_Bilgisi")): Object: 'Object Repository/Olusturma/Genel/AliciBilgisi/Alici_Bilgisi' is clicked on

2021-10-21 14:15:19 - [MESSAGE][INFO] - Finding Test Object 'Object Repository/Olusturma/Genel/AliciBilgisi/Alici_Bilgisi'

2021-10-21 14:15:19 - [MESSAGE][INFO] - Checking object

2021-10-21 14:15:19 - [MESSAGE][INFO] - Finding web element from Test Object's properties

2021-10-21 14:15:19 - [MESSAGE][INFO] - Checking timeout

2021-10-21 14:15:19 - [MESSAGE][INFO] - Finding web element with id: 'Object Repository/Olusturma/Genel/AliciBilgisi/Alici_Bilgisi' located by 'By.xpath: //iframe[@id='customerselectiframe']' in '30' second(s)

2021-10-21 14:15:19 - [MESSAGE][INFO] - Smart Wait Function is triggered

2021-10-21 14:15:19 - [MESSAGE][INFO] - Found 1 web elements with id: 'Object Repository/Olusturma/Genel/AliciBilgisi/Alici_Bilgisi' located by 'By.xpath: //iframe[@id='customerselectiframe']' in '30' second(s)

2021-10-21 14:15:19 - [MESSAGE][INFO] - Clicking on object: 'Object Repository/Olusturma/Genel/AliciBilgisi/Alici_Bilgisi'

2021-10-21 14:15:19 - [MESSAGE][PASSED] - Object: 'Object Repository/Olusturma/Genel/AliciBilgisi/Alici_Bilgisi' is clicked on

2021-10-21 14:15:19 - [TEST_STEP][PASSED] - setText(findTestObject("Olusturma/Genel/AliciBilgisi/Alici_Gir"), Alici_Adi): Switching to default content

2021-10-21 14:15:19 - [MESSAGE][INFO] - Finding Test Object 'Object Repository/Olusturma/Genel/AliciBilgisi/Alici_Gir'

2021-10-21 14:15:19 - [MESSAGE][INFO] - Finding Test Object 'Object Repository/Olusturma/Genel/AliciBilgisi/Alici_Bilgisi'

2021-10-21 14:15:19 - [MESSAGE][INFO] - Checking object

2021-10-21 14:15:19 - [MESSAGE][INFO] - Checking text

2021-10-21 14:15:19 - [MESSAGE][INFO] - Object: 'Object Repository/Olusturma/Genel/AliciBilgisi/Alici_Gir' has parent object(s)

2021-10-21 14:15:19 - [MESSAGE][INFO] - Switching to iframe: 'Object Repository/Olusturma/Genel/AliciBilgisi/Alici_Bilgisi'

2021-10-21 14:15:19 - [MESSAGE][INFO] - Finding web element from Test Object's properties

2021-10-21 14:15:19 - [MESSAGE][INFO] - Checking timeout

2021-10-21 14:15:19 - [MESSAGE][INFO] - Finding web element with id: 'Object Repository/Olusturma/Genel/AliciBilgisi/Alici_Bilgisi' located by 'By.xpath: //iframe[@id='customerselectiframe']' in '30' second(s)

2021-10-21 14:15:19 - [MESSAGE][INFO] - Smart Wait Function is triggered

2021-10-21 14:15:20 - [MESSAGE][INFO] - Found 1 web elements with id: 'Object Repository/Olusturma/Genel/AliciBilgisi/Alici_Bilgisi' located by 'By.xpath: //iframe[@id='customerselectiframe']' in '30' second(s)

2021-10-21 14:15:20 - [MESSAGE][INFO] - Switched to iframe: 'Object Repository/Olusturma/Genel/AliciBilgisi/Alici_Bilgisi'

2021-10-21 14:15:20 - [MESSAGE][INFO] - Finding web element from Test Object's properties

2021-10-21 14:15:20 - [MESSAGE][INFO] - Checking timeout

2021-10-21 14:15:20 - [MESSAGE][INFO] - Finding web element with id: 'Object Repository/Olusturma/Genel/AliciBilgisi/Alici_Gir' located by 'By.xpath: //input[@id='GridViewCustomer_DXFREditorcol1_I']' in '30' second(s)

2021-10-21 14:15:20 - [MESSAGE][INFO] - Smart Wait Function is triggered

2021-10-21 14:15:20 - [MESSAGE][INFO] - Found 1 web elements with id: 'Object Repository/Olusturma/Genel/AliciBilgisi/Alici_Gir' located by 'By.xpath: //input[@id='GridViewCustomer_DXFREditorcol1_I']' in '30' second(s)

2021-10-21 14:15:20 - [MESSAGE][INFO] - Clearing text of object 'Object Repository/Olusturma/Genel/AliciBilgisi/Alici_Gir'

2021-10-21 14:15:20 - [MESSAGE][INFO] - Finding web element from Test Object's properties

2021-10-21 14:15:20 - [MESSAGE][INFO] - Checking timeout

2021-10-21 14:15:20 - [MESSAGE][INFO] - Finding web element with id: 'Object Repository/Olusturma/Genel/AliciBilgisi/Alici_Gir' located by 'By.xpath: //input[@id='GridViewCustomer_DXFREditorcol1_I']' in '30' second(s)

2021-10-21 14:15:20 - [MESSAGE][INFO] - Smart Wait Function is triggered

2021-10-21 14:15:20 - [MESSAGE][INFO] - Found 1 web elements with id: 'Object Repository/Olusturma/Genel/AliciBilgisi/Alici_Gir' located by 'By.xpath: //input[@id='GridViewCustomer_DXFREditorcol1_I']' in '30' second(s)

2021-10-21 14:15:20 - [MESSAGE][INFO] - Setting text of object 'Object Repository/Olusturma/Genel/AliciBilgisi/Alici_Gir' to value 'UC0005'

2021-10-21 14:15:20 - [MESSAGE][PASSED] - Text 'UC0005' is set on object 'Object Repository/Olusturma/Genel/AliciBilgisi/Alici_Gir'

2021-10-21 14:15:20 - [MESSAGE][INFO] - Switching to default content

2021-10-21 14:15:20 - [TEST_STEP][PASSED] - waitForElementClickable(findTestObject("Olusturma/Genel/AliciBilgisi/Alici_Adi"), 10): Switching to default content

2021-10-21 14:15:20 - [MESSAGE][INFO] - Finding Test Object 'Object Repository/Olusturma/Genel/AliciBilgisi/Alici_Adi'

2021-10-21 14:15:20 - [MESSAGE][INFO] - Finding Test Object 'Object Repository/Olusturma/Genel/AliciBilgisi/iframe_Alc Bilgisi_customerselectiframe'

2021-10-21 14:15:20 - [MESSAGE][INFO] - Checking object

2021-10-21 14:15:20 - [MESSAGE][INFO] - Checking timeout

2021-10-21 14:15:20 - [MESSAGE][INFO] - Object: 'Object Repository/Olusturma/Genel/AliciBilgisi/Alici_Adi' has parent object(s)

2021-10-21 14:15:20 - [MESSAGE][INFO] - Switching to iframe: 'Object Repository/Olusturma/Genel/AliciBilgisi/iframe_Alc Bilgisi_customerselectiframe'

2021-10-21 14:15:20 - [MESSAGE][INFO] - Finding web element from Test Object's properties

2021-10-21 14:15:20 - [MESSAGE][INFO] - Checking timeout

2021-10-21 14:15:20 - [MESSAGE][INFO] - Finding web element with id: 'Object Repository/Olusturma/Genel/AliciBilgisi/iframe_Alc Bilgisi_customerselectiframe' located by 'By.xpath: //iframe[@id='customerselectiframe']' in '10' second(s)

2021-10-21 14:15:20 - [MESSAGE][INFO] - Smart Wait Function is triggered

2021-10-21 14:15:20 - [MESSAGE][INFO] - Found 1 web elements with id: 'Object Repository/Olusturma/Genel/AliciBilgisi/iframe_Alc Bilgisi_customerselectiframe' located by 'By.xpath: //iframe[@id='customerselectiframe']' in '10' second(s)

2021-10-21 14:15:20 - [MESSAGE][INFO] - Switched to iframe: 'Object Repository/Olusturma/Genel/AliciBilgisi/iframe_Alc Bilgisi_customerselectiframe'

2021-10-21 14:15:20 - [MESSAGE][INFO] - Finding web element from Test Object's properties

2021-10-21 14:15:20 - [MESSAGE][INFO] - Checking timeout

2021-10-21 14:15:20 - [MESSAGE][INFO] - Finding web element with id: 'Object Repository/Olusturma/Genel/AliciBilgisi/Alici_Adi' located by 'By.xpath: //tr[@id='GridViewCustomer_DXDataRow0']/td[2]' in '10' second(s)

2021-10-21 14:15:20 - [MESSAGE][INFO] - Smart Wait Function is triggered

2021-10-21 14:15:21 - [MESSAGE][INFO] - Found 1 web elements with id: 'Object Repository/Olusturma/Genel/AliciBilgisi/Alici_Adi' located by 'By.xpath: //tr[@id='GridViewCustomer_DXDataRow0']/td[2]' in '10' second(s)

2021-10-21 14:15:21 - [MESSAGE][PASSED] - Object 'Object Repository/Olusturma/Genel/AliciBilgisi/Alici_Adi' is clickable

2021-10-21 14:15:21 - [MESSAGE][INFO] - Switching to default content

2021-10-21 14:15:21 - [TEST_STEP][PASSED] - click(findTestObject("Olusturma/Genel/AliciBilgisi/frame")): Switching to default content

2021-10-21 14:15:21 - [MESSAGE][INFO] - Finding Test Object 'Object Repository/Olusturma/Genel/AliciBilgisi/frame'

2021-10-21 14:15:21 - [MESSAGE][INFO] - Finding Test Object 'Object Repository/Olusturma/Genel/AliciBilgisi/iframe_Alc Bilgisi_customerselectiframe'

2021-10-21 14:15:21 - [MESSAGE][INFO] - Checking object

2021-10-21 14:15:21 - [MESSAGE][INFO] - Object: 'Object Repository/Olusturma/Genel/AliciBilgisi/frame' has parent object(s)

2021-10-21 14:15:21 - [MESSAGE][INFO] - Switching to iframe: 'Object Repository/Olusturma/Genel/AliciBilgisi/iframe_Alc Bilgisi_customerselectiframe'

2021-10-21 14:15:21 - [MESSAGE][INFO] - Finding web element from Test Object's properties

2021-10-21 14:15:21 - [MESSAGE][INFO] - Checking timeout

2021-10-21 14:15:21 - [MESSAGE][INFO] - Finding web element with id: 'Object Repository/Olusturma/Genel/AliciBilgisi/iframe_Alc Bilgisi_customerselectiframe' located by 'By.xpath: //iframe[@id='customerselectiframe']' in '30' second(s)

2021-10-21 14:15:21 - [MESSAGE][INFO] - Smart Wait Function is triggered

2021-10-21 14:15:21 - [MESSAGE][INFO] - Found 1 web elements with id: 'Object Repository/Olusturma/Genel/AliciBilgisi/iframe_Alc Bilgisi_customerselectiframe' located by 'By.xpath: //iframe[@id='customerselectiframe']' in '30' second(s)

2021-10-21 14:15:21 - [MESSAGE][INFO] - Switched to iframe: 'Object Repository/Olusturma/Genel/AliciBilgisi/iframe_Alc Bilgisi_customerselectiframe'

2021-10-21 14:15:21 - [MESSAGE][INFO] - Finding web element from Test Object's properties

2021-10-21 14:15:21 - [MESSAGE][INFO] - Checking timeout

2021-10-21 14:15:21 - [MESSAGE][INFO] - Finding web element with id: 'Object Repository/Olusturma/Genel/AliciBilgisi/frame' located by 'By.xpath: //*/text()[normalize-space(.)='']/parent::*' in '30' second(s)

2021-10-21 14:15:21 - [MESSAGE][INFO] - Smart Wait Function is triggered

2021-10-21 14:15:21 - [MESSAGE][INFO] - Found 64 web elements with id: 'Object Repository/Olusturma/Genel/AliciBilgisi/frame' located by 'By.xpath: //*/text()[normalize-space(.)='']/parent::*' in '30' second(s)

2021-10-21 14:15:21 - [MESSAGE][INFO] - Clicking on object: 'Object Repository/Olusturma/Genel/AliciBilgisi/frame'

2021-10-21 14:15:22 - [MESSAGE][PASSED] - Object: 'Object Repository/Olusturma/Genel/AliciBilgisi/frame' is clicked on

2021-10-21 14:15:22 - [MESSAGE][INFO] - Switching to default content

2021-10-21 14:15:22 - [TEST_STEP][PASSED] - click(findTestObject("Olusturma/Genel/AliciBilgisi/Alici_Adi")): Switching to default content

2021-10-21 14:15:22 - [MESSAGE][INFO] - Finding Test Object 'Object Repository/Olusturma/Genel/AliciBilgisi/Alici_Adi'

2021-10-21 14:15:22 - [MESSAGE][INFO] - Finding Test Object 'Object Repository/Olusturma/Genel/AliciBilgisi/iframe_Alc Bilgisi_customerselectiframe'

2021-10-21 14:15:22 - [MESSAGE][INFO] - Checking object

2021-10-21 14:15:22 - [MESSAGE][INFO] - Object: 'Object Repository/Olusturma/Genel/AliciBilgisi/Alici_Adi' has parent object(s)

2021-10-21 14:15:22 - [MESSAGE][INFO] - Switching to iframe: 'Object Repository/Olusturma/Genel/AliciBilgisi/iframe_Alc Bilgisi_customerselectiframe'

2021-10-21 14:15:22 - [MESSAGE][INFO] - Finding web element from Test Object's properties

2021-10-21 14:15:22 - [MESSAGE][INFO] - Checking timeout

2021-10-21 14:15:22 - [MESSAGE][INFO] - Finding web element with id: 'Object Repository/Olusturma/Genel/AliciBilgisi/iframe_Alc Bilgisi_customerselectiframe' located by 'By.xpath: //iframe[@id='customerselectiframe']' in '30' second(s)

2021-10-21 14:15:22 - [MESSAGE][INFO] - Smart Wait Function is triggered

2021-10-21 14:15:22 - [MESSAGE][INFO] - Found 1 web elements with id: 'Object Repository/Olusturma/Genel/AliciBilgisi/iframe_Alc Bilgisi_customerselectiframe' located by 'By.xpath: //iframe[@id='customerselectiframe']' in '30' second(s)

2021-10-21 14:15:22 - [MESSAGE][INFO] - Switched to iframe: 'Object Repository/Olusturma/Genel/AliciBilgisi/iframe_Alc Bilgisi_customerselectiframe'

2021-10-21 14:15:22 - [MESSAGE][INFO] - Finding web element from Test Object's properties

2021-10-21 14:15:22 - [MESSAGE][INFO] - Checking timeout

2021-10-21 14:15:22 - [MESSAGE][INFO] - Finding web element with id: 'Object Repository/Olusturma/Genel/AliciBilgisi/Alici_Adi' located by 'By.xpath: //tr[@id='GridViewCustomer_DXDataRow0']/td[2]' in '30' second(s)

2021-10-21 14:15:22 - [MESSAGE][INFO] - Smart Wait Function is triggered

2021-10-21 14:15:22 - [MESSAGE][INFO] - Found 1 web elements with id: 'Object Repository/Olusturma/Genel/AliciBilgisi/Alici_Adi' located by 'By.xpath: //tr[@id='GridViewCustomer_DXDataRow0']/td[2]' in '30' second(s)

2021-10-21 14:15:22 - [MESSAGE][INFO] - Clicking on object: 'Object Repository/Olusturma/Genel/AliciBilgisi/Alici_Adi'

2021-10-21 14:15:22 - [MESSAGE][PASSED] - Object: 'Object Repository/Olusturma/Genel/AliciBilgisi/Alici_Adi' is clicked on

2021-10-21 14:15:22 - [MESSAGE][INFO] - Switching to default content

2021-10-21 14:15:22 - [TEST_STEP][PASSED] - click(findTestObject("Olusturma/Genel/AliciBilgisi/Tamam_Bosluk")): Switching to default content

2021-10-21 14:15:22 - [MESSAGE][INFO] - Finding Test Object 'Object Repository/Olusturma/Genel/AliciBilgisi/Tamam_Bosluk'

2021-10-21 14:15:22 - [MESSAGE][INFO] - Finding Test Object 'Object Repository/Olusturma/Genel/AliciBilgisi/Alici_Bilgisi'

2021-10-21 14:15:23 - [MESSAGE][INFO] - Checking object

2021-10-21 14:15:23 - [MESSAGE][INFO] - Object: 'Object Repository/Olusturma/Genel/AliciBilgisi/Tamam_Bosluk' has parent object(s)

2021-10-21 14:15:23 - [MESSAGE][INFO] - Switching to iframe: 'Object Repository/Olusturma/Genel/AliciBilgisi/Alici_Bilgisi'

2021-10-21 14:15:23 - [MESSAGE][INFO] - Finding web element from Test Object's properties

2021-10-21 14:15:23 - [MESSAGE][INFO] - Checking timeout

2021-10-21 14:15:23 - [MESSAGE][INFO] - Finding web element with id: 'Object Repository/Olusturma/Genel/AliciBilgisi/Alici_Bilgisi' located by 'By.xpath: //iframe[@id='customerselectiframe']' in '30' second(s)

2021-10-21 14:15:23 - [MESSAGE][INFO] - Smart Wait Function is triggered

2021-10-21 14:15:23 - [MESSAGE][INFO] - Found 1 web elements with id: 'Object Repository/Olusturma/Genel/AliciBilgisi/Alici_Bilgisi' located by 'By.xpath: //iframe[@id='customerselectiframe']' in '30' second(s)

2021-10-21 14:15:23 - [MESSAGE][INFO] - Switched to iframe: 'Object Repository/Olusturma/Genel/AliciBilgisi/Alici_Bilgisi'

2021-10-21 14:15:23 - [MESSAGE][INFO] - Finding web element from Test Object's properties

2021-10-21 14:15:23 - [MESSAGE][INFO] - Checking timeout

2021-10-21 14:15:23 - [MESSAGE][INFO] - Finding web element with id: 'Object Repository/Olusturma/Genel/AliciBilgisi/Tamam_Bosluk' located by 'By.xpath: (.//*[normalize-space(text()) and normalize-space(.)='Sayfa Boyutu:'])[1]/following::div[7]' in '30' second(s)

2021-10-21 14:15:23 - [MESSAGE][INFO] - Smart Wait Function is triggered

2021-10-21 14:15:23 - [MESSAGE][INFO] - Found 1 web elements with id: 'Object Repository/Olusturma/Genel/AliciBilgisi/Tamam_Bosluk' located by 'By.xpath: (.//*[normalize-space(text()) and normalize-space(.)='Sayfa Boyutu:'])[1]/following::div[7]' in '30' second(s)

2021-10-21 14:15:23 - [MESSAGE][INFO] - Clicking on object: 'Object Repository/Olusturma/Genel/AliciBilgisi/Tamam_Bosluk'

2021-10-21 14:15:23 - [MESSAGE][PASSED] - Object: 'Object Repository/Olusturma/Genel/AliciBilgisi/Tamam_Bosluk' is clicked on

2021-10-21 14:15:23 - [MESSAGE][INFO] - Switching to default content

2021-10-21 14:15:23 - [TEST_STEP][PASSED] - waitForElementClickable(findTestObject("Olusturma/Genel/AliciBilgisi/Tamam_Butonu"), 10): Switching to default content

2021-10-21 14:15:23 - [MESSAGE][INFO] - Finding Test Object 'Object Repository/Olusturma/Genel/AliciBilgisi/Tamam_Butonu'

2021-10-21 14:15:23 - [MESSAGE][INFO] - Finding Test Object 'Object Repository/Olusturma/Genel/AliciBilgisi/Alici_Bilgisi'

2021-10-21 14:15:23 - [MESSAGE][INFO] - Checking object

2021-10-21 14:15:23 - [MESSAGE][INFO] - Checking timeout

2021-10-21 14:15:23 - [MESSAGE][INFO] - Object: 'Object Repository/Olusturma/Genel/AliciBilgisi/Tamam_Butonu' has parent object(s)

2021-10-21 14:15:23 - [MESSAGE][INFO] - Switching to iframe: 'Object Repository/Olusturma/Genel/AliciBilgisi/Alici_Bilgisi'

2021-10-21 14:15:23 - [MESSAGE][INFO] - Finding web element from Test Object's properties

2021-10-21 14:15:23 - [MESSAGE][INFO] - Checking timeout

2021-10-21 14:15:23 - [MESSAGE][INFO] - Finding web element with id: 'Object Repository/Olusturma/Genel/AliciBilgisi/Alici_Bilgisi' located by 'By.xpath: //iframe[@id='customerselectiframe']' in '10' second(s)

2021-10-21 14:15:23 - [MESSAGE][INFO] - Smart Wait Function is triggered

2021-10-21 14:15:23 - [MESSAGE][INFO] - Found 1 web elements with id: 'Object Repository/Olusturma/Genel/AliciBilgisi/Alici_Bilgisi' located by 'By.xpath: //iframe[@id='customerselectiframe']' in '10' second(s)

2021-10-21 14:15:24 - [MESSAGE][INFO] - Switched to iframe: 'Object Repository/Olusturma/Genel/AliciBilgisi/Alici_Bilgisi'

2021-10-21 14:15:24 - [MESSAGE][INFO] - Finding web element from Test Object's properties

2021-10-21 14:15:24 - [MESSAGE][INFO] - Checking timeout

2021-10-21 14:15:24 - [MESSAGE][INFO] - Finding web element with id: 'Object Repository/Olusturma/Genel/AliciBilgisi/Tamam_Butonu' located by 'By.xpath: //div[@id='btnSelectCustomer_CD']/span' in '10' second(s)

2021-10-21 14:15:24 - [MESSAGE][INFO] - Smart Wait Function is triggered

2021-10-21 14:15:24 - [MESSAGE][INFO] - Found 1 web elements with id: 'Object Repository/Olusturma/Genel/AliciBilgisi/Tamam_Butonu' located by 'By.xpath: //div[@id='btnSelectCustomer_CD']/span' in '10' second(s)

2021-10-21 14:15:24 - [MESSAGE][PASSED] - Object 'Object Repository/Olusturma/Genel/AliciBilgisi/Tamam_Butonu' is clickable

2021-10-21 14:15:24 - [MESSAGE][INFO] - Switching to default content

2021-10-21 14:15:24 - [TEST_STEP][PASSED] - click(findTestObject("Olusturma/Genel/AliciBilgisi/Tamam_Butonu")): Switching to default content

2021-10-21 14:15:24 - [MESSAGE][INFO] - Finding Test Object 'Object Repository/Olusturma/Genel/AliciBilgisi/Tamam_Butonu'

2021-10-21 14:15:24 - [MESSAGE][INFO] - Finding Test Object 'Object Repository/Olusturma/Genel/AliciBilgisi/Alici_Bilgisi'

2021-10-21 14:15:24 - [MESSAGE][INFO] - Checking object

2021-10-21 14:15:24 - [MESSAGE][INFO] - Object: 'Object Repository/Olusturma/Genel/AliciBilgisi/Tamam_Butonu' has parent object(s)

2021-10-21 14:15:24 - [MESSAGE][INFO] - Switching to iframe: 'Object Repository/Olusturma/Genel/AliciBilgisi/Alici_Bilgisi'

2021-10-21 14:15:24 - [MESSAGE][INFO] - Finding web element from Test Object's properties

2021-10-21 14:15:24 - [MESSAGE][INFO] - Checking timeout

2021-10-21 14:15:24 - [MESSAGE][INFO] - Finding web element with id: 'Object Repository/Olusturma/Genel/AliciBilgisi/Alici_Bilgisi' located by 'By.xpath: //iframe[@id='customerselectiframe']' in '30' second(s)

2021-10-21 14:15:24 - [MESSAGE][INFO] - Smart Wait Function is triggered

2021-10-21 14:15:24 - [MESSAGE][INFO] - Found 1 web elements with id: 'Object Repository/Olusturma/Genel/AliciBilgisi/Alici_Bilgisi' located by 'By.xpath: //iframe[@id='customerselectiframe']' in '30' second(s)

2021-10-21 14:15:24 - [MESSAGE][INFO] - Switched to iframe: 'Object Repository/Olusturma/Genel/AliciBilgisi/Alici_Bilgisi'

2021-10-21 14:15:24 - [MESSAGE][INFO] - Finding web element from Test Object's properties

2021-10-21 14:15:24 - [MESSAGE][INFO] - Checking timeout

2021-10-21 14:15:24 - [MESSAGE][INFO] - Finding web element with id: 'Object Repository/Olusturma/Genel/AliciBilgisi/Tamam_Butonu' located by 'By.xpath: //div[@id='btnSelectCustomer_CD']/span' in '30' second(s)

2021-10-21 14:15:24 - [MESSAGE][INFO] - Smart Wait Function is triggered

2021-10-21 14:15:24 - [MESSAGE][INFO] - Found 1 web elements with id: 'Object Repository/Olusturma/Genel/AliciBilgisi/Tamam_Butonu' located by 'By.xpath: //div[@id='btnSelectCustomer_CD']/span' in '30' second(s)

2021-10-21 14:15:24 - [MESSAGE][INFO] - Clicking on object: 'Object Repository/Olusturma/Genel/AliciBilgisi/Tamam_Butonu'

2021-10-21 14:15:24 - [MESSAGE][PASSED] - Object: 'Object Repository/Olusturma/Genel/AliciBilgisi/Tamam_Butonu' is clicked on

2021-10-21 14:15:24 - [MESSAGE][INFO] - Switching to default content

2021-10-21 14:15:24 - [TEST_STEP][PASSED] - waitForElementPresent(findTestObject("Olusturma/Genel/AliciBilgisi/VKN-TCKN"), 10): Object 'Object Repository/Olusturma/Genel/AliciBilgisi/VKN-TCKN' is present

2021-10-21 14:15:24 - [MESSAGE][INFO] - Finding Test Object 'Object Repository/Olusturma/Genel/AliciBilgisi/VKN-TCKN'

2021-10-21 14:15:24 - [MESSAGE][INFO] - Checking object

2021-10-21 14:15:24 - [MESSAGE][INFO] - Finding web element from Test Object's properties

2021-10-21 14:15:24 - [MESSAGE][INFO] - Checking timeout

2021-10-21 14:15:24 - [MESSAGE][INFO] - Finding web element with id: 'Object Repository/Olusturma/Genel/AliciBilgisi/VKN-TCKN' located by 'By.xpath: //*[@id = 'txtVknTckn_I']' in '10' second(s)

2021-10-21 14:15:24 - [MESSAGE][INFO] - Smart Wait Function is triggered

2021-10-21 14:15:25 - [MESSAGE][INFO] - Found 1 web elements with id: 'Object Repository/Olusturma/Genel/AliciBilgisi/VKN-TCKN' located by 'By.xpath: //*[@id = 'txtVknTckn_I']' in '10' second(s)

2021-10-21 14:15:25 - [MESSAGE][PASSED] - Object 'Object Repository/Olusturma/Genel/AliciBilgisi/VKN-TCKN' is present

2021-10-21 14:15:25 - [TEST_STEP][PASSED] - text = getAttribute(findTestObject("Olusturma/Genel/AliciBilgisi/VKN-TCKN"), "value"): Attribute 'value' of object 'Object Repository/Olusturma/Genel/AliciBilgisi/VKN-TCKN' is: '5324497444'

2021-10-21 14:15:25 - [MESSAGE][INFO] - Finding Test Object 'Object Repository/Olusturma/Genel/AliciBilgisi/VKN-TCKN'

2021-10-21 14:15:25 - [MESSAGE][INFO] - Checking object

2021-10-21 14:15:25 - [MESSAGE][INFO] - Checking attribute

2021-10-21 14:15:25 - [MESSAGE][INFO] - Finding web element from Test Object's properties

2021-10-21 14:15:25 - [MESSAGE][INFO] - Checking timeout

2021-10-21 14:15:25 - [MESSAGE][INFO] - Finding web element with id: 'Object Repository/Olusturma/Genel/AliciBilgisi/VKN-TCKN' located by 'By.xpath: //*[@id = 'txtVknTckn_I']' in '30' second(s)

2021-10-21 14:15:25 - [MESSAGE][INFO] - Smart Wait Function is triggered

2021-10-21 14:15:25 - [MESSAGE][INFO] - Found 1 web elements with id: 'Object Repository/Olusturma/Genel/AliciBilgisi/VKN-TCKN' located by 'By.xpath: //*[@id = 'txtVknTckn_I']' in '30' second(s)

2021-10-21 14:15:25 - [MESSAGE][INFO] - Getting attribute 'value' of object 'Object Repository/Olusturma/Genel/AliciBilgisi/VKN-TCKN'

2021-10-21 14:15:25 - [MESSAGE][PASSED] - Attribute 'value' of object 'Object Repository/Olusturma/Genel/AliciBilgisi/VKN-TCKN' is: '5324497444'

2021-10-21 14:15:25 - [TEST_STEP][PASSED] - if (text.equals("")): null

2021-10-21 14:15:25 - [MESSAGE][PASSED] - Call Test Case 'Test Cases/Olusturma/Genel/AliciSecilir' successfully

2021-10-21 14:15:25 - [MESSAGE][INFO] - Checking called Test Case

2021-10-21 14:15:25 - [MESSAGE][INFO] - Starting to call Test Case 'Test Cases/Olusturma/Genel/GonderimSekliSecilir'

2021-10-21 14:15:25 - [TEST_CASE][PASSED] - Test Cases/Olusturma/Genel/GonderimSekliSecilir: Test Cases/Olusturma/Genel/GonderimSekliSecilir

2021-10-21 14:15:25 - [TEST_STEP][PASSED] - waitForElementClickable(findTestObject("Object Repository/Olusturma/Genel/GonderimSekli/GonderimSekli"), 10): Object 'Object Repository/Olusturma/Genel/GonderimSekli/GonderimSekli' is clickable

2021-10-21 14:15:25 - [MESSAGE][INFO] - Finding Test Object 'Object Repository/Olusturma/Genel/GonderimSekli/GonderimSekli'

2021-10-21 14:15:25 - [MESSAGE][INFO] - Checking object

2021-10-21 14:15:25 - [MESSAGE][INFO] - Checking timeout

2021-10-21 14:15:25 - [MESSAGE][INFO] - Finding web element from Test Object's properties

2021-10-21 14:15:25 - [MESSAGE][INFO] - Checking timeout

2021-10-21 14:15:25 - [MESSAGE][INFO] - Finding web element with id: 'Object Repository/Olusturma/Genel/GonderimSekli/GonderimSekli' located by 'By.xpath: //*[@id = 'txtGonderimSekil_I']' in '10' second(s)

2021-10-21 14:15:25 - [MESSAGE][INFO] - Smart Wait Function is triggered

2021-10-21 14:15:26 - [MESSAGE][INFO] - Found 1 web elements with id: 'Object Repository/Olusturma/Genel/GonderimSekli/GonderimSekli' located by 'By.xpath: //*[@id = 'txtGonderimSekil_I']' in '10' second(s)

2021-10-21 14:15:26 - [MESSAGE][PASSED] - Object 'Object Repository/Olusturma/Genel/GonderimSekli/GonderimSekli' is clickable

2021-10-21 14:15:26 - [TEST_STEP][PASSED] - click(findTestObject("Object Repository/Olusturma/Genel/GonderimSekli/GonderimSekli")): Object: 'Object Repository/Olusturma/Genel/GonderimSekli/GonderimSekli' is clicked on

2021-10-21 14:15:26 - [MESSAGE][INFO] - Finding Test Object 'Object Repository/Olusturma/Genel/GonderimSekli/GonderimSekli'

2021-10-21 14:15:26 - [MESSAGE][INFO] - Checking object

2021-10-21 14:15:26 - [MESSAGE][INFO] - Finding web element from Test Object's properties

2021-10-21 14:15:26 - [MESSAGE][INFO] - Checking timeout

2021-10-21 14:15:26 - [MESSAGE][INFO] - Finding web element with id: 'Object Repository/Olusturma/Genel/GonderimSekli/GonderimSekli' located by 'By.xpath: //*[@id = 'txtGonderimSekil_I']' in '30' second(s)

2021-10-21 14:15:26 - [MESSAGE][INFO] - Smart Wait Function is triggered

2021-10-21 14:15:26 - [MESSAGE][INFO] - Found 1 web elements with id: 'Object Repository/Olusturma/Genel/GonderimSekli/GonderimSekli' located by 'By.xpath: //*[@id = 'txtGonderimSekil_I']' in '30' second(s)

2021-10-21 14:15:26 - [MESSAGE][INFO] - Clicking on object: 'Object Repository/Olusturma/Genel/GonderimSekli/GonderimSekli'

2021-10-21 14:15:26 - [MESSAGE][PASSED] - Object: 'Object Repository/Olusturma/Genel/GonderimSekli/GonderimSekli' is clicked on

2021-10-21 14:15:26 - [TEST_STEP][PASSED] - Method.TextDegerineEsitElementeTikla(findTestObject("Object Repository/Olusturma/Genel/GonderimSekli/GonderimSekliAdi"), GonderimSekli): Method.TextDegerineEsitElementeTikla is PASSED

2021-10-21 14:15:26 - [MESSAGE][INFO] - Finding Test Object 'Object Repository/Olusturma/Genel/GonderimSekli/GonderimSekliAdi'

2021-10-21 14:15:27 - [MESSAGE][INFO] - Checking timeout

2021-10-21 14:15:27 - [MESSAGE][INFO] - Finding web element with id: 'Object Repository/Olusturma/Genel/GonderimSekli/GonderimSekliAdi' located by 'By.cssSelector: #txtGonderimSekil_DDD_L_LBT td' in '10' second(s)

2021-10-21 14:15:27 - [MESSAGE][INFO] - Smart Wait Function is triggered

2021-10-21 14:15:27 - [MESSAGE][INFO] - Found 2 web elements with id: 'Object Repository/Olusturma/Genel/GonderimSekli/GonderimSekliAdi' located by 'By.cssSelector: #txtGonderimSekil_DDD_L_LBT td' in '10' second(s)

2021-10-21 14:15:27 - [MESSAGE][PASSED] - Method.TextDegerineEsitElementeTikla is PASSED

2021-10-21 14:15:27 - [MESSAGE][PASSED] - Call Test Case 'Test Cases/Olusturma/Genel/GonderimSekliSecilir' successfully

2021-10-21 14:15:27 - [MESSAGE][INFO] - Checking called Test Case

2021-10-21 14:15:27 - [MESSAGE][INFO] - Starting to call Test Case 'Test Cases/Olusturma/Genel/TipSecilir'

2021-10-21 14:15:27 - [TEST_CASE][PASSED] - Test Cases/Olusturma/Genel/TipSecilir: Test Cases/Olusturma/Genel/TipSecilir

2021-10-21 14:15:27 - [TEST_STEP][PASSED] - waitForElementClickable(findTestObject("Olusturma/Genel/TipSecilir/Tip"), 10): Object 'Object Repository/Olusturma/Genel/TipSecilir/Tip' is clickable

2021-10-21 14:15:27 - [MESSAGE][INFO] - Finding Test Object 'Object Repository/Olusturma/Genel/TipSecilir/Tip'

2021-10-21 14:15:27 - [MESSAGE][INFO] - Checking object

2021-10-21 14:15:27 - [MESSAGE][INFO] - Checking timeout

2021-10-21 14:15:27 - [MESSAGE][INFO] - Finding web element from Test Object's properties

2021-10-21 14:15:27 - [MESSAGE][INFO] - Checking timeout

2021-10-21 14:15:27 - [MESSAGE][INFO] - Finding web element with id: 'Object Repository/Olusturma/Genel/TipSecilir/Tip' located by 'By.xpath: //*[@id = 'DocumentTypeCode_I']' in '10' second(s)

2021-10-21 14:15:27 - [MESSAGE][INFO] - Smart Wait Function is triggered

2021-10-21 14:15:28 - [MESSAGE][INFO] - Found 1 web elements with id: 'Object Repository/Olusturma/Genel/TipSecilir/Tip' located by 'By.xpath: //*[@id = 'DocumentTypeCode_I']' in '10' second(s)

2021-10-21 14:15:28 - [MESSAGE][PASSED] - Object 'Object Repository/Olusturma/Genel/TipSecilir/Tip' is clickable

2021-10-21 14:15:28 - [TEST_STEP][PASSED] - click(findTestObject("Olusturma/Genel/TipSecilir/Tip")): Object: 'Object Repository/Olusturma/Genel/TipSecilir/Tip' is clicked on

2021-10-21 14:15:28 - [MESSAGE][INFO] - Finding Test Object 'Object Repository/Olusturma/Genel/TipSecilir/Tip'

2021-10-21 14:15:28 - [MESSAGE][INFO] - Checking object

2021-10-21 14:15:28 - [MESSAGE][INFO] - Finding web element from Test Object's properties

2021-10-21 14:15:28 - [MESSAGE][INFO] - Checking timeout

2021-10-21 14:15:28 - [MESSAGE][INFO] - Finding web element with id: 'Object Repository/Olusturma/Genel/TipSecilir/Tip' located by 'By.xpath: //*[@id = 'DocumentTypeCode_I']' in '30' second(s)

2021-10-21 14:15:28 - [MESSAGE][INFO] - Smart Wait Function is triggered

2021-10-21 14:15:28 - [MESSAGE][INFO] - Found 1 web elements with id: 'Object Repository/Olusturma/Genel/TipSecilir/Tip' located by 'By.xpath: //*[@id = 'DocumentTypeCode_I']' in '30' second(s)

2021-10-21 14:15:28 - [MESSAGE][INFO] - Clicking on object: 'Object Repository/Olusturma/Genel/TipSecilir/Tip'

2021-10-21 14:15:28 - [MESSAGE][PASSED] - Object: 'Object Repository/Olusturma/Genel/TipSecilir/Tip' is clicked on

2021-10-21 14:15:28 - [TEST_STEP][PASSED] - Method.TextDegerineEsitElementeTikla(findTestObject("Object Repository/Olusturma/Genel/TipSecilir/Tip_Adi"), Tip): Method.TextDegerineEsitElementeTikla is PASSED

2021-10-21 14:15:28 - [MESSAGE][INFO] - Finding Test Object 'Object Repository/Olusturma/Genel/TipSecilir/Tip_Adi'

2021-10-21 14:15:28 - [MESSAGE][INFO] - Checking timeout

2021-10-21 14:15:28 - [MESSAGE][INFO] - Finding web element with id: 'Object Repository/Olusturma/Genel/TipSecilir/Tip_Adi' located by 'By.cssSelector: #DocumentTypeCode_DDD_L_LBT td' in '10' second(s)

2021-10-21 14:15:28 - [MESSAGE][INFO] - Smart Wait Function is triggered

2021-10-21 14:15:29 - [MESSAGE][INFO] - Found 9 web elements with id: 'Object Repository/Olusturma/Genel/TipSecilir/Tip_Adi' located by 'By.cssSelector: #DocumentTypeCode_DDD_L_LBT td' in '10' second(s)

2021-10-21 14:15:29 - [MESSAGE][PASSED] - Method.TextDegerineEsitElementeTikla is PASSED

2021-10-21 14:15:29 - [MESSAGE][PASSED] - Call Test Case 'Test Cases/Olusturma/Genel/TipSecilir' successfully

2021-10-21 14:15:29 - [MESSAGE][INFO] - Checking called Test Case

2021-10-21 14:15:29 - [MESSAGE][INFO] - Starting to call Test Case 'Test Cases/Olusturma/Genel/DokumanParaBirimiSecilir'

2021-10-21 14:15:29 - [TEST_CASE][PASSED] - Test Cases/Olusturma/Genel/DokumanParaBirimiSecilir: Test Cases/Olusturma/Genel/DokumanParaBirimiSecilir

2021-10-21 14:15:29 - [TEST_STEP][PASSED] - waitForElementClickable(findTestObject("Object Repository/Olusturma/Genel/DokumanParaBirimiSecilir/Para"), 10): Object 'Object Repository/Olusturma/Genel/DokumanParaBirimiSecilir/Para' is clickable

2021-10-21 14:15:29 - [MESSAGE][INFO] - Finding Test Object 'Object Repository/Olusturma/Genel/DokumanParaBirimiSecilir/Para'

2021-10-21 14:15:29 - [MESSAGE][INFO] - Checking object

2021-10-21 14:15:29 - [MESSAGE][INFO] - Checking timeout

2021-10-21 14:15:29 - [MESSAGE][INFO] - Finding web element from Test Object's properties

2021-10-21 14:15:29 - [MESSAGE][INFO] - Checking timeout

2021-10-21 14:15:29 - [MESSAGE][INFO] - Finding web element with id: 'Object Repository/Olusturma/Genel/DokumanParaBirimiSecilir/Para' located by 'By.xpath: //*[@id = 'CurrencyUnit_I']' in '10' second(s)

2021-10-21 14:15:29 - [MESSAGE][INFO] - Smart Wait Function is triggered

2021-10-21 14:15:31 - [MESSAGE][INFO] - Found 1 web elements with id: 'Object Repository/Olusturma/Genel/DokumanParaBirimiSecilir/Para' located by 'By.xpath: //*[@id = 'CurrencyUnit_I']' in '10' second(s)

2021-10-21 14:15:31 - [MESSAGE][PASSED] - Object 'Object Repository/Olusturma/Genel/DokumanParaBirimiSecilir/Para' is clickable

2021-10-21 14:15:31 - [TEST_STEP][PASSED] - click(findTestObject("Object Repository/Olusturma/Genel/DokumanParaBirimiSecilir/Para")): Object: 'Object Repository/Olusturma/Genel/DokumanParaBirimiSecilir/Para' is clicked on

2021-10-21 14:15:31 - [MESSAGE][INFO] - Finding Test Object 'Object Repository/Olusturma/Genel/DokumanParaBirimiSecilir/Para'

2021-10-21 14:15:31 - [MESSAGE][INFO] - Checking object

2021-10-21 14:15:31 - [MESSAGE][INFO] - Finding web element from Test Object's properties

2021-10-21 14:15:31 - [MESSAGE][INFO] - Checking timeout

2021-10-21 14:15:31 - [MESSAGE][INFO] - Finding web element with id: 'Object Repository/Olusturma/Genel/DokumanParaBirimiSecilir/Para' located by 'By.xpath: //*[@id = 'CurrencyUnit_I']' in '30' second(s)

2021-10-21 14:15:31 - [MESSAGE][INFO] - Smart Wait Function is triggered

2021-10-21 14:15:31 - [MESSAGE][INFO] - Found 1 web elements with id: 'Object Repository/Olusturma/Genel/DokumanParaBirimiSecilir/Para' located by 'By.xpath: //*[@id = 'CurrencyUnit_I']' in '30' second(s)

2021-10-21 14:15:31 - [MESSAGE][INFO] - Clicking on object: 'Object Repository/Olusturma/Genel/DokumanParaBirimiSecilir/Para'

2021-10-21 14:15:32 - [MESSAGE][PASSED] - Object: 'Object Repository/Olusturma/Genel/DokumanParaBirimiSecilir/Para' is clicked on

2021-10-21 14:15:32 - [TEST_STEP][PASSED] - Method.TextDegerineEsitElementeTikla(findTestObject("Object Repository/Olusturma/Genel/DokumanParaBirimiSecilir/Para_Adi"), Para): Method.TextDegerineEsitElementeTikla is PASSED

2021-10-21 14:15:32 - [MESSAGE][INFO] - Finding Test Object 'Object Repository/Olusturma/Genel/DokumanParaBirimiSecilir/Para_Adi'

2021-10-21 14:15:32 - [MESSAGE][INFO] - Checking timeout

2021-10-21 14:15:32 - [MESSAGE][INFO] - Finding web element with id: 'Object Repository/Olusturma/Genel/DokumanParaBirimiSecilir/Para_Adi' located by 'By.cssSelector: #CurrencyUnit_DDD_L_LBT td' in '10' second(s)

2021-10-21 14:15:32 - [MESSAGE][INFO] - Smart Wait Function is triggered

2021-10-21 14:15:32 - [MESSAGE][INFO] - Found 203 web elements with id: 'Object Repository/Olusturma/Genel/DokumanParaBirimiSecilir/Para_Adi' located by 'By.cssSelector: #CurrencyUnit_DDD_L_LBT td' in '10' second(s)

2021-10-21 14:15:38 - [MESSAGE][PASSED] - Method.TextDegerineEsitElementeTikla is PASSED

2021-10-21 14:15:38 - [MESSAGE][PASSED] - Call Test Case 'Test Cases/Olusturma/Genel/DokumanParaBirimiSecilir' successfully

2021-10-21 14:15:38 - [MESSAGE][INFO] - Checking called Test Case

2021-10-21 14:15:38 - [MESSAGE][INFO] - Starting to call Test Case 'Test Cases/Olusturma/Genel/OnEkSecilir'

2021-10-21 14:15:38 - [TEST_CASE][PASSED] - Test Cases/Olusturma/Genel/OnEkSecilir: Test Cases/Olusturma/Genel/OnEkSecilir

2021-10-21 14:15:38 - [TEST_STEP][PASSED] - waitForElementClickable(findTestObject("Object Repository/Olusturma/Genel/OnEkSecilir/OnEk"), 10): Object 'Object Repository/Olusturma/Genel/OnEkSecilir/OnEk' is clickable

2021-10-21 14:15:38 - [MESSAGE][INFO] - Finding Test Object 'Object Repository/Olusturma/Genel/OnEkSecilir/OnEk'

2021-10-21 14:15:38 - [MESSAGE][INFO] - Checking object

2021-10-21 14:15:38 - [MESSAGE][INFO] - Checking timeout

2021-10-21 14:15:38 - [MESSAGE][INFO] - Finding web element from Test Object's properties

2021-10-21 14:15:38 - [MESSAGE][INFO] - Checking timeout

2021-10-21 14:15:38 - [MESSAGE][INFO] - Finding web element with id: 'Object Repository/Olusturma/Genel/OnEkSecilir/OnEk' located by 'By.xpath: //*[@id = 'InvoicePrefix_I']' in '10' second(s)

2021-10-21 14:15:38 - [MESSAGE][INFO] - Smart Wait Function is triggered

2021-10-21 14:15:39 - [MESSAGE][INFO] - Found 1 web elements with id: 'Object Repository/Olusturma/Genel/OnEkSecilir/OnEk' located by 'By.xpath: //*[@id = 'InvoicePrefix_I']' in '10' second(s)

2021-10-21 14:15:39 - [MESSAGE][PASSED] - Object 'Object Repository/Olusturma/Genel/OnEkSecilir/OnEk' is clickable

2021-10-21 14:15:39 - [TEST_STEP][PASSED] - click(findTestObject("Object Repository/Olusturma/Genel/OnEkSecilir/OnEk")): Object: 'Object Repository/Olusturma/Genel/OnEkSecilir/OnEk' is clicked on

2021-10-21 14:15:39 - [MESSAGE][INFO] - Finding Test Object 'Object Repository/Olusturma/Genel/OnEkSecilir/OnEk'

2021-10-21 14:15:39 - [MESSAGE][INFO] - Checking object

2021-10-21 14:15:39 - [MESSAGE][INFO] - Finding web element from Test Object's properties

2021-10-21 14:15:39 - [MESSAGE][INFO] - Checking timeout

2021-10-21 14:15:39 - [MESSAGE][INFO] - Finding web element with id: 'Object Repository/Olusturma/Genel/OnEkSecilir/OnEk' located by 'By.xpath: //*[@id = 'InvoicePrefix_I']' in '30' second(s)

2021-10-21 14:15:39 - [MESSAGE][INFO] - Smart Wait Function is triggered

2021-10-21 14:15:39 - [MESSAGE][INFO] - Found 1 web elements with id: 'Object Repository/Olusturma/Genel/OnEkSecilir/OnEk' located by 'By.xpath: //*[@id = 'InvoicePrefix_I']' in '30' second(s)

2021-10-21 14:15:39 - [MESSAGE][INFO] - Clicking on object: 'Object Repository/Olusturma/Genel/OnEkSecilir/OnEk'

2021-10-21 14:15:39 - [MESSAGE][PASSED] - Object: 'Object Repository/Olusturma/Genel/OnEkSecilir/OnEk' is clicked on

2021-10-21 14:15:39 - [TEST_STEP][PASSED] - Method.TextDegerineEsitElementeTiklaEquals(findTestObject("Object Repository/Olusturma/Genel/OnEkSecilir/OnEkAdi"), Ek): Method.TextDegerineEsitElementeTiklaEquals is PASSED

2021-10-21 14:15:39 - [MESSAGE][INFO] - Finding Test Object 'Object Repository/Olusturma/Genel/OnEkSecilir/OnEkAdi'

2021-10-21 14:15:39 - [MESSAGE][INFO] - Checking timeout

2021-10-21 14:15:39 - [MESSAGE][INFO] - Finding web element with id: 'Object Repository/Olusturma/Genel/OnEkSecilir/OnEkAdi' located by 'By.cssSelector: #InvoicePrefix_DDD_L_LBT td' in '10' second(s)

2021-10-21 14:15:39 - [MESSAGE][INFO] - Smart Wait Function is triggered

2021-10-21 14:15:39 - [MESSAGE][INFO] - Found 1 web elements with id: 'Object Repository/Olusturma/Genel/OnEkSecilir/OnEkAdi' located by 'By.cssSelector: #InvoicePrefix_DDD_L_LBT td' in '10' second(s)

2021-10-21 14:15:40 - [MESSAGE][PASSED] - Method.TextDegerineEsitElementeTiklaEquals is PASSED

2021-10-21 14:15:40 - [MESSAGE][PASSED] - Call Test Case 'Test Cases/Olusturma/Genel/OnEkSecilir' successfully

2021-10-21 14:15:40 - [MESSAGE][INFO] - Checking called Test Case

2021-10-21 14:15:40 - [MESSAGE][INFO] - Starting to call Test Case 'Test Cases/Olusturma/Genel/TasarimSecilir'

2021-10-21 14:15:40 - [TEST_CASE][PASSED] - Test Cases/Olusturma/Genel/TasarimSecilir: Test Cases/Olusturma/Genel/TasarimSecilir

2021-10-21 14:15:40 - [TEST_STEP][PASSED] - waitForElementClickable(findTestObject("Object Repository/Olusturma/Genel/TasarimSecilir/Tasarim"), 10): Object 'Object Repository/Olusturma/Genel/TasarimSecilir/Tasarim' is clickable

2021-10-21 14:15:40 - [MESSAGE][INFO] - Finding Test Object 'Object Repository/Olusturma/Genel/TasarimSecilir/Tasarim'

2021-10-21 14:15:40 - [MESSAGE][INFO] - Checking object

2021-10-21 14:15:40 - [MESSAGE][INFO] - Checking timeout

2021-10-21 14:15:40 - [MESSAGE][INFO] - Finding web element from Test Object's properties

2021-10-21 14:15:40 - [MESSAGE][INFO] - Checking timeout

2021-10-21 14:15:40 - [MESSAGE][INFO] - Finding web element with id: 'Object Repository/Olusturma/Genel/TasarimSecilir/Tasarim' located by 'By.xpath: //*[@id = 'DesignId_I']' in '10' second(s)

2021-10-21 14:15:40 - [MESSAGE][INFO] - Smart Wait Function is triggered

2021-10-21 14:15:40 - [MESSAGE][INFO] - Found 1 web elements with id: 'Object Repository/Olusturma/Genel/TasarimSecilir/Tasarim' located by 'By.xpath: //*[@id = 'DesignId_I']' in '10' second(s)

2021-10-21 14:15:40 - [MESSAGE][PASSED] - Object 'Object Repository/Olusturma/Genel/TasarimSecilir/Tasarim' is clickable

2021-10-21 14:15:40 - [TEST_STEP][PASSED] - click(findTestObject("Object Repository/Olusturma/Genel/TasarimSecilir/Tasarim")): Object: 'Object Repository/Olusturma/Genel/TasarimSecilir/Tasarim' is clicked on

2021-10-21 14:15:40 - [MESSAGE][INFO] - Finding Test Object 'Object Repository/Olusturma/Genel/TasarimSecilir/Tasarim'

2021-10-21 14:15:40 - [MESSAGE][INFO] - Checking object

2021-10-21 14:15:40 - [MESSAGE][INFO] - Finding web element from Test Object's properties

2021-10-21 14:15:40 - [MESSAGE][INFO] - Checking timeout

2021-10-21 14:15:40 - [MESSAGE][INFO] - Finding web element with id: 'Object Repository/Olusturma/Genel/TasarimSecilir/Tasarim' located by 'By.xpath: //*[@id = 'DesignId_I']' in '30' second(s)

2021-10-21 14:15:40 - [MESSAGE][INFO] - Smart Wait Function is triggered

2021-10-21 14:15:41 - [MESSAGE][INFO] - Found 1 web elements with id: 'Object Repository/Olusturma/Genel/TasarimSecilir/Tasarim' located by 'By.xpath: //*[@id = 'DesignId_I']' in '30' second(s)

2021-10-21 14:15:41 - [MESSAGE][INFO] - Clicking on object: 'Object Repository/Olusturma/Genel/TasarimSecilir/Tasarim'

2021-10-21 14:15:41 - [MESSAGE][PASSED] - Object: 'Object Repository/Olusturma/Genel/TasarimSecilir/Tasarim' is clicked on

2021-10-21 14:15:41 - [TEST_STEP][PASSED] - Method.TextDegerineEsitElementeTikla(findTestObject("Object Repository/Olusturma/Genel/TasarimSecilir/Tasarim_Adi"), Tasarim): Method.TextDegerineEsitElementeTikla is PASSED

2021-10-21 14:15:41 - [MESSAGE][INFO] - Finding Test Object 'Object Repository/Olusturma/Genel/TasarimSecilir/Tasarim_Adi'

2021-10-21 14:15:41 - [MESSAGE][INFO] - Checking timeout

2021-10-21 14:15:41 - [MESSAGE][INFO] - Finding web element with id: 'Object Repository/Olusturma/Genel/TasarimSecilir/Tasarim_Adi' located by 'By.cssSelector: #DesignId_DDD_L_LBT td' in '10' second(s)

2021-10-21 14:15:41 - [MESSAGE][INFO] - Smart Wait Function is triggered

2021-10-21 14:15:41 - [MESSAGE][INFO] - Found 1 web elements with id: 'Object Repository/Olusturma/Genel/TasarimSecilir/Tasarim_Adi' located by 'By.cssSelector: #DesignId_DDD_L_LBT td' in '10' second(s)

2021-10-21 14:15:41 - [MESSAGE][PASSED] - Method.TextDegerineEsitElementeTikla is PASSED

2021-10-21 14:15:41 - [MESSAGE][PASSED] - Call Test Case 'Test Cases/Olusturma/Genel/TasarimSecilir' successfully

2021-10-21 14:15:41 - [MESSAGE][INFO] - Checking called Test Case

2021-10-21 14:15:41 - [MESSAGE][INFO] - Starting to call Test Case 'Test Cases/Olusturma/Genel/Kutular/SiparisBilgileriGirilir'

2021-10-21 14:15:41 - [TEST_CASE][PASSED] - Test Cases/Olusturma/Genel/Kutular/SiparisBilgileriGirilir: Test Cases/Olusturma/Genel/Kutular/SiparisBilgileriGirilir

2021-10-21 14:15:41 - [TEST_STEP][PASSED] - Method.TextDegerineEsitElementeTikla(findTestObject("Olusturma/Genel/Kutular/KapaliKutular"), "Sipariş Bilgileri"): Method.TextDegerineEsitElementeTikla is PASSED

2021-10-21 14:15:41 - [MESSAGE][INFO] - Finding Test Object 'Object Repository/Olusturma/Genel/Kutular/KapaliKutular'

2021-10-21 14:15:41 - [MESSAGE][INFO] - Checking timeout

2021-10-21 14:15:41 - [MESSAGE][INFO] - Finding web element with id: 'Object Repository/Olusturma/Genel/Kutular/KapaliKutular' located by 'By.cssSelector: .dxnb-headerCollapsed>span' in '10' second(s)

2021-10-21 14:15:41 - [MESSAGE][INFO] - Smart Wait Function is triggered

2021-10-21 14:15:42 - [MESSAGE][INFO] - Found 8 web elements with id: 'Object Repository/Olusturma/Genel/Kutular/KapaliKutular' located by 'By.cssSelector: .dxnb-headerCollapsed>span' in '10' second(s)

2021-10-21 14:15:42 - [MESSAGE][PASSED] - Method.TextDegerineEsitElementeTikla is PASSED

2021-10-21 14:15:42 - [TEST_STEP][PASSED] - waitForElementPresent(findTestObject("Object Repository/Olusturma/Genel/Kutular/SiparisBilgileri/SiparisNo"), 10): Object 'Object Repository/Olusturma/Genel/Kutular/SiparisBilgileri/SiparisNo' is present

2021-10-21 14:15:42 - [MESSAGE][INFO] - Finding Test Object 'Object Repository/Olusturma/Genel/Kutular/SiparisBilgileri/SiparisNo'

2021-10-21 14:15:42 - [MESSAGE][INFO] - Checking object

2021-10-21 14:15:42 - [MESSAGE][INFO] - Finding web element from Test Object's properties

2021-10-21 14:15:42 - [MESSAGE][INFO] - Checking timeout

2021-10-21 14:15:42 - [MESSAGE][INFO] - Finding web element with id: 'Object Repository/Olusturma/Genel/Kutular/SiparisBilgileri/SiparisNo' located by 'By.xpath: //*[@id = 'txtSiparisNo_I']' in '10' second(s)

2021-10-21 14:15:42 - [MESSAGE][INFO] - Smart Wait Function is triggered

2021-10-21 14:15:42 - [MESSAGE][INFO] - Found 1 web elements with id: 'Object Repository/Olusturma/Genel/Kutular/SiparisBilgileri/SiparisNo' located by 'By.xpath: //*[@id = 'txtSiparisNo_I']' in '10' second(s)

2021-10-21 14:15:42 - [MESSAGE][PASSED] - Object 'Object Repository/Olusturma/Genel/Kutular/SiparisBilgileri/SiparisNo' is present

2021-10-21 14:15:42 - [TEST_STEP][PASSED] - clearText(findTestObject("Object Repository/Olusturma/Genel/Kutular/SiparisBilgileri/SiparisNo")): Text of object 'Object Repository/Olusturma/Genel/Kutular/SiparisBilgileri/SiparisNo' is cleared

2021-10-21 14:15:42 - [MESSAGE][INFO] - Finding Test Object 'Object Repository/Olusturma/Genel/Kutular/SiparisBilgileri/SiparisNo'

2021-10-21 14:15:42 - [MESSAGE][INFO] - Checking object

2021-10-21 14:15:42 - [MESSAGE][INFO] - Finding web element from Test Object's properties

2021-10-21 14:15:42 - [MESSAGE][INFO] - Checking timeout

2021-10-21 14:15:42 - [MESSAGE][INFO] - Finding web element with id: 'Object Repository/Olusturma/Genel/Kutular/SiparisBilgileri/SiparisNo' located by 'By.xpath: //*[@id = 'txtSiparisNo_I']' in '30' second(s)

2021-10-21 14:15:42 - [MESSAGE][INFO] - Smart Wait Function is triggered

2021-10-21 14:15:43 - [MESSAGE][INFO] - Found 1 web elements with id: 'Object Repository/Olusturma/Genel/Kutular/SiparisBilgileri/SiparisNo' located by 'By.xpath: //*[@id = 'txtSiparisNo_I']' in '30' second(s)

2021-10-21 14:15:43 - [MESSAGE][INFO] - Clearing text of object 'Object Repository/Olusturma/Genel/Kutular/SiparisBilgileri/SiparisNo'

2021-10-21 14:15:43 - [MESSAGE][PASSED] - Text of object 'Object Repository/Olusturma/Genel/Kutular/SiparisBilgileri/SiparisNo' is cleared

2021-10-21 14:15:43 - [TEST_STEP][PASSED] - sendKeys(findTestObject("Object Repository/Olusturma/Genel/Kutular/SiparisBilgileri/SiparisNo"), SiparisNo): Keys 'UUC-SAT-1200001' sent to object: 'Object Repository/Olusturma/Genel/Kutular/SiparisBilgileri/SiparisNo'

2021-10-21 14:15:43 - [MESSAGE][INFO] - Finding Test Object 'Object Repository/Olusturma/Genel/Kutular/SiparisBilgileri/SiparisNo'

2021-10-21 14:15:43 - [MESSAGE][INFO] - Sending keys 'UUC-SAT-1200001' to object: 'Object Repository/Olusturma/Genel/Kutular/SiparisBilgileri/SiparisNo'

2021-10-21 14:15:43 - [MESSAGE][INFO] - Finding web element from Test Object's properties

2021-10-21 14:15:43 - [MESSAGE][INFO] - Checking timeout

2021-10-21 14:15:43 - [MESSAGE][INFO] - Finding web element with id: 'Object Repository/Olusturma/Genel/Kutular/SiparisBilgileri/SiparisNo' located by 'By.xpath: //*[@id = 'txtSiparisNo_I']' in '30' second(s)

2021-10-21 14:15:43 - [MESSAGE][INFO] - Smart Wait Function is triggered

2021-10-21 14:15:43 - [MESSAGE][INFO] - Found 1 web elements with id: 'Object Repository/Olusturma/Genel/Kutular/SiparisBilgileri/SiparisNo' located by 'By.xpath: //*[@id = 'txtSiparisNo_I']' in '30' second(s)

2021-10-21 14:15:43 - [MESSAGE][PASSED] - Keys 'UUC-SAT-1200001' sent to object: 'Object Repository/Olusturma/Genel/Kutular/SiparisBilgileri/SiparisNo'

2021-10-21 14:15:43 - [TEST_STEP][PASSED] - waitForElementClickable(findTestObject("Object Repository/Olusturma/Genel/Kutular/SiparisBilgileri/SiparisTarihiImage"), 10): Object 'Object Repository/Olusturma/Genel/Kutular/SiparisBilgileri/SiparisTarihiImage' is clickable

2021-10-21 14:15:43 - [MESSAGE][INFO] - Finding Test Object 'Object Repository/Olusturma/Genel/Kutular/SiparisBilgileri/SiparisTarihiImage'

2021-10-21 14:15:44 - [MESSAGE][INFO] - Checking object

2021-10-21 14:15:44 - [MESSAGE][INFO] - Checking timeout

2021-10-21 14:15:44 - [MESSAGE][INFO] - Finding web element from Test Object's properties

2021-10-21 14:15:44 - [MESSAGE][INFO] - Checking timeout

2021-10-21 14:15:44 - [MESSAGE][INFO] - Finding web element with id: 'Object Repository/Olusturma/Genel/Kutular/SiparisBilgileri/SiparisTarihiImage' located by 'By.cssSelector: #dateSiparisTarih img' in '10' second(s)

2021-10-21 14:15:44 - [MESSAGE][INFO] - Smart Wait Function is triggered

2021-10-21 14:15:44 - [MESSAGE][INFO] - Found 1 web elements with id: 'Object Repository/Olusturma/Genel/Kutular/SiparisBilgileri/SiparisTarihiImage' located by 'By.cssSelector: #dateSiparisTarih img' in '10' second(s)

2021-10-21 14:15:44 - [MESSAGE][PASSED] - Object 'Object Repository/Olusturma/Genel/Kutular/SiparisBilgileri/SiparisTarihiImage' is clickable

2021-10-21 14:15:44 - [TEST_STEP][PASSED] - click(findTestObject("Object Repository/Olusturma/Genel/Kutular/SiparisBilgileri/SiparisTarihiImage")): Object: 'Object Repository/Olusturma/Genel/Kutular/SiparisBilgileri/SiparisTarihiImage' is clicked on

2021-10-21 14:15:44 - [MESSAGE][INFO] - Finding Test Object 'Object Repository/Olusturma/Genel/Kutular/SiparisBilgileri/SiparisTarihiImage'

2021-10-21 14:15:44 - [MESSAGE][INFO] - Checking object

2021-10-21 14:15:44 - [MESSAGE][INFO] - Finding web element from Test Object's properties

2021-10-21 14:15:44 - [MESSAGE][INFO] - Checking timeout

2021-10-21 14:15:44 - [MESSAGE][INFO] - Finding web element with id: 'Object Repository/Olusturma/Genel/Kutular/SiparisBilgileri/SiparisTarihiImage' located by 'By.cssSelector: #dateSiparisTarih img' in '30' second(s)

2021-10-21 14:15:44 - [MESSAGE][INFO] - Smart Wait Function is triggered

2021-10-21 14:15:44 - [MESSAGE][INFO] - Found 1 web elements with id: 'Object Repository/Olusturma/Genel/Kutular/SiparisBilgileri/SiparisTarihiImage' located by 'By.cssSelector: #dateSiparisTarih img' in '30' second(s)

2021-10-21 14:15:44 - [MESSAGE][INFO] - Clicking on object: 'Object Repository/Olusturma/Genel/Kutular/SiparisBilgileri/SiparisTarihiImage'

2021-10-21 14:15:45 - [MESSAGE][PASSED] - Object: 'Object Repository/Olusturma/Genel/Kutular/SiparisBilgileri/SiparisTarihiImage' is clicked on

2021-10-21 14:15:45 - [TEST_STEP][PASSED] - waitForElementPresent(findTestObject("Object Repository/Olusturma/Genel/Kutular/SiparisBilgileri/SiparisTarihi"), 10): Object 'Object Repository/Olusturma/Genel/Kutular/SiparisBilgileri/SiparisTarihi' is present

2021-10-21 14:15:45 - [MESSAGE][INFO] - Finding Test Object 'Object Repository/Olusturma/Genel/Kutular/SiparisBilgileri/SiparisTarihi'

2021-10-21 14:15:45 - [MESSAGE][INFO] - Checking object

2021-10-21 14:15:45 - [MESSAGE][INFO] - Finding web element from Test Object's properties

2021-10-21 14:15:45 - [MESSAGE][INFO] - Checking timeout

2021-10-21 14:15:45 - [MESSAGE][INFO] - Finding web element with id: 'Object Repository/Olusturma/Genel/Kutular/SiparisBilgileri/SiparisTarihi' located by 'By.xpath: //*[@id = 'dateSiparisTarih_I']' in '10' second(s)

2021-10-21 14:15:45 - [MESSAGE][INFO] - Smart Wait Function is triggered

2021-10-21 14:15:45 - [MESSAGE][INFO] - Found 1 web elements with id: 'Object Repository/Olusturma/Genel/Kutular/SiparisBilgileri/SiparisTarihi' located by 'By.xpath: //*[@id = 'dateSiparisTarih_I']' in '10' second(s)

2021-10-21 14:15:45 - [MESSAGE][PASSED] - Object 'Object Repository/Olusturma/Genel/Kutular/SiparisBilgileri/SiparisTarihi' is present

2021-10-21 14:15:45 - [TEST_STEP][PASSED] - clearText(findTestObject("Object Repository/Olusturma/Genel/Kutular/SiparisBilgileri/SiparisTarihi")): Text of object 'Object Repository/Olusturma/Genel/Kutular/SiparisBilgileri/SiparisTarihi' is cleared

2021-10-21 14:15:45 - [MESSAGE][INFO] - Finding Test Object 'Object Repository/Olusturma/Genel/Kutular/SiparisBilgileri/SiparisTarihi'

2021-10-21 14:15:45 - [MESSAGE][INFO] - Checking object

2021-10-21 14:15:45 - [MESSAGE][INFO] - Finding web element from Test Object's properties

2021-10-21 14:15:45 - [MESSAGE][INFO] - Checking timeout

2021-10-21 14:15:45 - [MESSAGE][INFO] - Finding web element with id: 'Object Repository/Olusturma/Genel/Kutular/SiparisBilgileri/SiparisTarihi' located by 'By.xpath: //*[@id = 'dateSiparisTarih_I']' in '30' second(s)

2021-10-21 14:15:45 - [MESSAGE][INFO] - Smart Wait Function is triggered

2021-10-21 14:15:46 - [MESSAGE][INFO] - Found 1 web elements with id: 'Object Repository/Olusturma/Genel/Kutular/SiparisBilgileri/SiparisTarihi' located by 'By.xpath: //*[@id = 'dateSiparisTarih_I']' in '30' second(s)

2021-10-21 14:15:46 - [MESSAGE][INFO] - Clearing text of object 'Object Repository/Olusturma/Genel/Kutular/SiparisBilgileri/SiparisTarihi'

2021-10-21 14:15:46 - [MESSAGE][PASSED] - Text of object 'Object Repository/Olusturma/Genel/Kutular/SiparisBilgileri/SiparisTarihi' is cleared

2021-10-21 14:15:46 - [TEST_STEP][PASSED] - sendKeys(findTestObject("Object Repository/Olusturma/Genel/Kutular/SiparisBilgileri/SiparisTarihi"), Tarih): Keys '31.04.2020' sent to object: 'Object Repository/Olusturma/Genel/Kutular/SiparisBilgileri/SiparisTarihi'

2021-10-21 14:15:46 - [MESSAGE][INFO] - Finding Test Object 'Object Repository/Olusturma/Genel/Kutular/SiparisBilgileri/SiparisTarihi'

2021-10-21 14:15:46 - [MESSAGE][INFO] - Sending keys '31.04.2020' to object: 'Object Repository/Olusturma/Genel/Kutular/SiparisBilgileri/SiparisTarihi'

2021-10-21 14:15:46 - [MESSAGE][INFO] - Finding web element from Test Object's properties

2021-10-21 14:15:46 - [MESSAGE][INFO] - Checking timeout

2021-10-21 14:15:46 - [MESSAGE][INFO] - Finding web element with id: 'Object Repository/Olusturma/Genel/Kutular/SiparisBilgileri/SiparisTarihi' located by 'By.xpath: //*[@id = 'dateSiparisTarih_I']' in '30' second(s)

2021-10-21 14:15:46 - [MESSAGE][INFO] - Smart Wait Function is triggered

2021-10-21 14:15:46 - [MESSAGE][INFO] - Found 1 web elements with id: 'Object Repository/Olusturma/Genel/Kutular/SiparisBilgileri/SiparisTarihi' located by 'By.xpath: //*[@id = 'dateSiparisTarih_I']' in '30' second(s)

2021-10-21 14:15:46 - [MESSAGE][PASSED] - Keys '31.04.2020' sent to object: 'Object Repository/Olusturma/Genel/Kutular/SiparisBilgileri/SiparisTarihi'

2021-10-21 14:15:46 - [MESSAGE][PASSED] - Call Test Case 'Test Cases/Olusturma/Genel/Kutular/SiparisBilgileriGirilir' successfully

2021-10-21 14:15:46 - [MESSAGE][INFO] - Checking called Test Case

2021-10-21 14:15:46 - [MESSAGE][INFO] - Starting to call Test Case 'Test Cases/Olusturma/Genel/Kutular/IrsaliyeBilgileri'

2021-10-21 14:15:46 - [TEST_CASE][PASSED] - Test Cases/Olusturma/Genel/Kutular/IrsaliyeBilgileri: Test Cases/Olusturma/Genel/Kutular/IrsaliyeBilgileri

2021-10-21 14:15:46 - [TEST_STEP][PASSED] - Method.TextDegerineEsitElementeTikla(findTestObject("Olusturma/Genel/Kutular/KapaliKutular"), "İrsaliye Bilgileri"): Method.TextDegerineEsitElementeTikla is PASSED

2021-10-21 14:15:46 - [MESSAGE][INFO] - Finding Test Object 'Object Repository/Olusturma/Genel/Kutular/KapaliKutular'

2021-10-21 14:15:46 - [MESSAGE][INFO] - Checking timeout

2021-10-21 14:15:46 - [MESSAGE][INFO] - Finding web element with id: 'Object Repository/Olusturma/Genel/Kutular/KapaliKutular' located by 'By.cssSelector: .dxnb-headerCollapsed>span' in '10' second(s)

2021-10-21 14:15:46 - [MESSAGE][INFO] - Smart Wait Function is triggered

2021-10-21 14:15:47 - [MESSAGE][INFO] - Found 8 web elements with id: 'Object Repository/Olusturma/Genel/Kutular/KapaliKutular' located by 'By.cssSelector: .dxnb-headerCollapsed>span' in '10' second(s)

2021-10-21 14:15:47 - [MESSAGE][PASSED] - Method.TextDegerineEsitElementeTikla is PASSED

2021-10-21 14:15:47 - [TEST_STEP][PASSED] - waitForElementClickable(findTestObject("Olusturma/Genel/Kutular/IrsaliyeBilgileri/Ekle"), 10): Object 'Object Repository/Olusturma/Genel/Kutular/IrsaliyeBilgileri/Ekle' is clickable

2021-10-21 14:15:47 - [MESSAGE][INFO] - Finding Test Object 'Object Repository/Olusturma/Genel/Kutular/IrsaliyeBilgileri/Ekle'

2021-10-21 14:15:47 - [MESSAGE][INFO] - Checking object

2021-10-21 14:15:47 - [MESSAGE][INFO] - Checking timeout

2021-10-21 14:15:47 - [MESSAGE][INFO] - Finding web element from Test Object's properties

2021-10-21 14:15:47 - [MESSAGE][INFO] - Checking timeout

2021-10-21 14:15:47 - [MESSAGE][INFO] - Finding web element with id: 'Object Repository/Olusturma/Genel/Kutular/IrsaliyeBilgileri/Ekle' located by 'By.xpath: //*[@id = 'DXEditorgvUserInvoiceBillsNewRowBtn']' in '10' second(s)

2021-10-21 14:15:47 - [MESSAGE][INFO] - Smart Wait Function is triggered

2021-10-21 14:15:47 - [MESSAGE][INFO] - Found 1 web elements with id: 'Object Repository/Olusturma/Genel/Kutular/IrsaliyeBilgileri/Ekle' located by 'By.xpath: //*[@id = 'DXEditorgvUserInvoiceBillsNewRowBtn']' in '10' second(s)

2021-10-21 14:15:47 - [MESSAGE][PASSED] - Object 'Object Repository/Olusturma/Genel/Kutular/IrsaliyeBilgileri/Ekle' is clickable

2021-10-21 14:15:47 - [TEST_STEP][PASSED] - click(findTestObject("Olusturma/Genel/Kutular/IrsaliyeBilgileri/Ekle")): Object: 'Object Repository/Olusturma/Genel/Kutular/IrsaliyeBilgileri/Ekle' is clicked on

2021-10-21 14:15:47 - [MESSAGE][INFO] - Finding Test Object 'Object Repository/Olusturma/Genel/Kutular/IrsaliyeBilgileri/Ekle'

2021-10-21 14:15:48 - [MESSAGE][INFO] - Checking object

2021-10-21 14:15:48 - [MESSAGE][INFO] - Finding web element from Test Object's properties

2021-10-21 14:15:48 - [MESSAGE][INFO] - Checking timeout

2021-10-21 14:15:48 - [MESSAGE][INFO] - Finding web element with id: 'Object Repository/Olusturma/Genel/Kutular/IrsaliyeBilgileri/Ekle' located by 'By.xpath: //*[@id = 'DXEditorgvUserInvoiceBillsNewRowBtn']' in '30' second(s)

2021-10-21 14:15:48 - [MESSAGE][INFO] - Smart Wait Function is triggered

2021-10-21 14:15:48 - [MESSAGE][INFO] - Found 1 web elements with id: 'Object Repository/Olusturma/Genel/Kutular/IrsaliyeBilgileri/Ekle' located by 'By.xpath: //*[@id = 'DXEditorgvUserInvoiceBillsNewRowBtn']' in '30' second(s)

2021-10-21 14:15:48 - [MESSAGE][INFO] - Clicking on object: 'Object Repository/Olusturma/Genel/Kutular/IrsaliyeBilgileri/Ekle'

2021-10-21 14:15:48 - [MESSAGE][PASSED] - Object: 'Object Repository/Olusturma/Genel/Kutular/IrsaliyeBilgileri/Ekle' is clicked on

2021-10-21 14:15:48 - [TEST_STEP][PASSED] - waitForElementPresent(findTestObject("Object Repository/Olusturma/Genel/Kutular/IrsaliyeBilgileri/IrsaliyeNumarasi"), 10): Object 'Object Repository/Olusturma/Genel/Kutular/IrsaliyeBilgileri/IrsaliyeNumarasi' is present

2021-10-21 14:15:48 - [MESSAGE][INFO] - Finding Test Object 'Object Repository/Olusturma/Genel/Kutular/IrsaliyeBilgileri/IrsaliyeNumarasi'

2021-10-21 14:15:48 - [MESSAGE][INFO] - Checking object

2021-10-21 14:15:48 - [MESSAGE][INFO] - Finding web element from Test Object's properties

2021-10-21 14:15:48 - [MESSAGE][INFO] - Checking timeout

2021-10-21 14:15:48 - [MESSAGE][INFO] - Finding web element with id: 'Object Repository/Olusturma/Genel/Kutular/IrsaliyeBilgileri/IrsaliyeNumarasi' located by 'By.xpath: //*[@id = 'gvUserInvoiceBills_DXEditor1_I']' in '10' second(s)

2021-10-21 14:15:48 - [MESSAGE][INFO] - Smart Wait Function is triggered

2021-10-21 14:15:48 - [MESSAGE][INFO] - Smart Wait Function is triggered

2021-10-21 14:15:49 - [MESSAGE][INFO] - Found 1 web elements with id: 'Object Repository/Olusturma/Genel/Kutular/IrsaliyeBilgileri/IrsaliyeNumarasi' located by 'By.xpath: //*[@id = 'gvUserInvoiceBills_DXEditor1_I']' in '10' second(s)

2021-10-21 14:15:49 - [MESSAGE][PASSED] - Object 'Object Repository/Olusturma/Genel/Kutular/IrsaliyeBilgileri/IrsaliyeNumarasi' is present

2021-10-21 14:15:49 - [TEST_STEP][PASSED] - clearText(findTestObject("Object Repository/Olusturma/Genel/Kutular/IrsaliyeBilgileri/IrsaliyeNumarasi")): Text of object 'Object Repository/Olusturma/Genel/Kutular/IrsaliyeBilgileri/IrsaliyeNumarasi' is cleared

2021-10-21 14:15:49 - [MESSAGE][INFO] - Finding Test Object 'Object Repository/Olusturma/Genel/Kutular/IrsaliyeBilgileri/IrsaliyeNumarasi'

2021-10-21 14:15:49 - [MESSAGE][INFO] - Checking object

2021-10-21 14:15:49 - [MESSAGE][INFO] - Finding web element from Test Object's properties

2021-10-21 14:15:49 - [MESSAGE][INFO] - Checking timeout

2021-10-21 14:15:49 - [MESSAGE][INFO] - Finding web element with id: 'Object Repository/Olusturma/Genel/Kutular/IrsaliyeBilgileri/IrsaliyeNumarasi' located by 'By.xpath: //*[@id = 'gvUserInvoiceBills_DXEditor1_I']' in '30' second(s)

2021-10-21 14:15:49 - [MESSAGE][INFO] - Smart Wait Function is triggered

2021-10-21 14:15:49 - [MESSAGE][INFO] - Found 1 web elements with id: 'Object Repository/Olusturma/Genel/Kutular/IrsaliyeBilgileri/IrsaliyeNumarasi' located by 'By.xpath: //*[@id = 'gvUserInvoiceBills_DXEditor1_I']' in '30' second(s)

2021-10-21 14:15:49 - [MESSAGE][INFO] - Clearing text of object 'Object Repository/Olusturma/Genel/Kutular/IrsaliyeBilgileri/IrsaliyeNumarasi'

2021-10-21 14:15:50 - [MESSAGE][PASSED] - Text of object 'Object Repository/Olusturma/Genel/Kutular/IrsaliyeBilgileri/IrsaliyeNumarasi' is cleared

2021-10-21 14:15:50 - [TEST_STEP][PASSED] - sendKeys(findTestObject("Object Repository/Olusturma/Genel/Kutular/IrsaliyeBilgileri/IrsaliyeNumarasi"), Numara): Keys 'AAAAAAAAAA' sent to object: 'Object Repository/Olusturma/Genel/Kutular/IrsaliyeBilgileri/IrsaliyeNumarasi'

2021-10-21 14:15:50 - [MESSAGE][INFO] - Finding Test Object 'Object Repository/Olusturma/Genel/Kutular/IrsaliyeBilgileri/IrsaliyeNumarasi'

2021-10-21 14:15:50 - [MESSAGE][INFO] - Sending keys 'AAAAAAAAAA' to object: 'Object Repository/Olusturma/Genel/Kutular/IrsaliyeBilgileri/IrsaliyeNumarasi'

2021-10-21 14:15:50 - [MESSAGE][INFO] - Finding web element from Test Object's properties

2021-10-21 14:15:50 - [MESSAGE][INFO] - Checking timeout

2021-10-21 14:15:50 - [MESSAGE][INFO] - Finding web element with id: 'Object Repository/Olusturma/Genel/Kutular/IrsaliyeBilgileri/IrsaliyeNumarasi' located by 'By.xpath: //*[@id = 'gvUserInvoiceBills_DXEditor1_I']' in '30' second(s)

2021-10-21 14:15:50 - [MESSAGE][INFO] - Smart Wait Function is triggered

2021-10-21 14:15:50 - [MESSAGE][INFO] - Found 1 web elements with id: 'Object Repository/Olusturma/Genel/Kutular/IrsaliyeBilgileri/IrsaliyeNumarasi' located by 'By.xpath: //*[@id = 'gvUserInvoiceBills_DXEditor1_I']' in '30' second(s)

2021-10-21 14:15:50 - [MESSAGE][PASSED] - Keys 'AAAAAAAAAA' sent to object: 'Object Repository/Olusturma/Genel/Kutular/IrsaliyeBilgileri/IrsaliyeNumarasi'

2021-10-21 14:15:50 - [TEST_STEP][PASSED] - waitForElementClickable(findTestObject("Object Repository/Olusturma/Genel/Kutular/IrsaliyeBilgileri/IrsaliyeTarihi"), 10): Object 'Object Repository/Olusturma/Genel/Kutular/IrsaliyeBilgileri/IrsaliyeTarihi' is clickable

2021-10-21 14:15:50 - [MESSAGE][INFO] - Finding Test Object 'Object Repository/Olusturma/Genel/Kutular/IrsaliyeBilgileri/IrsaliyeTarihi'

2021-10-21 14:15:50 - [MESSAGE][INFO] - Checking object

2021-10-21 14:15:50 - [MESSAGE][INFO] - Checking timeout

2021-10-21 14:15:50 - [MESSAGE][INFO] - Finding web element from Test Object's properties

2021-10-21 14:15:50 - [MESSAGE][INFO] - Checking timeout

2021-10-21 14:15:50 - [MESSAGE][INFO] - Finding web element with id: 'Object Repository/Olusturma/Genel/Kutular/IrsaliyeBilgileri/IrsaliyeTarihi' located by 'By.xpath: //*[@id = 'gvUserInvoiceBills_DXEditor2_I']' in '10' second(s)

2021-10-21 14:15:50 - [MESSAGE][INFO] - Smart Wait Function is triggered

2021-10-21 14:15:51 - [MESSAGE][INFO] - Found 1 web elements with id: 'Object Repository/Olusturma/Genel/Kutular/IrsaliyeBilgileri/IrsaliyeTarihi' located by 'By.xpath: //*[@id = 'gvUserInvoiceBills_DXEditor2_I']' in '10' second(s)

2021-10-21 14:15:51 - [MESSAGE][PASSED] - Object 'Object Repository/Olusturma/Genel/Kutular/IrsaliyeBilgileri/IrsaliyeTarihi' is clickable

2021-10-21 14:15:51 - [TEST_STEP][PASSED] - click(findTestObject("Object Repository/Olusturma/Genel/Kutular/IrsaliyeBilgileri/IrsaliyeTarihi")): Object: 'Object Repository/Olusturma/Genel/Kutular/IrsaliyeBilgileri/IrsaliyeTarihi' is clicked on

2021-10-21 14:15:51 - [MESSAGE][INFO] - Finding Test Object 'Object Repository/Olusturma/Genel/Kutular/IrsaliyeBilgileri/IrsaliyeTarihi'

2021-10-21 14:15:51 - [MESSAGE][INFO] - Checking object

2021-10-21 14:15:51 - [MESSAGE][INFO] - Finding web element from Test Object's properties

2021-10-21 14:15:51 - [MESSAGE][INFO] - Checking timeout

2021-10-21 14:15:51 - [MESSAGE][INFO] - Finding web element with id: 'Object Repository/Olusturma/Genel/Kutular/IrsaliyeBilgileri/IrsaliyeTarihi' located by 'By.xpath: //*[@id = 'gvUserInvoiceBills_DXEditor2_I']' in '30' second(s)

2021-10-21 14:15:51 - [MESSAGE][INFO] - Smart Wait Function is triggered

2021-10-21 14:15:51 - [MESSAGE][INFO] - Found 1 web elements with id: 'Object Repository/Olusturma/Genel/Kutular/IrsaliyeBilgileri/IrsaliyeTarihi' located by 'By.xpath: //*[@id = 'gvUserInvoiceBills_DXEditor2_I']' in '30' second(s)

2021-10-21 14:15:51 - [MESSAGE][INFO] - Clicking on object: 'Object Repository/Olusturma/Genel/Kutular/IrsaliyeBilgileri/IrsaliyeTarihi'

2021-10-21 14:15:51 - [MESSAGE][PASSED] - Object: 'Object Repository/Olusturma/Genel/Kutular/IrsaliyeBilgileri/IrsaliyeTarihi' is clicked on

2021-10-21 14:15:51 - [TEST_STEP][PASSED] - sendKeys(findTestObject("Object Repository/Olusturma/Genel/Kutular/IrsaliyeBilgileri/IrsaliyeTarihi"), Tarih): Keys '31.04.2020' sent to object: 'Object Repository/Olusturma/Genel/Kutular/IrsaliyeBilgileri/IrsaliyeTarihi'

2021-10-21 14:15:51 - [MESSAGE][INFO] - Finding Test Object 'Object Repository/Olusturma/Genel/Kutular/IrsaliyeBilgileri/IrsaliyeTarihi'

2021-10-21 14:15:51 - [MESSAGE][INFO] - Sending keys '31.04.2020' to object: 'Object Repository/Olusturma/Genel/Kutular/IrsaliyeBilgileri/IrsaliyeTarihi'

2021-10-21 14:15:51 - [MESSAGE][INFO] - Finding web element from Test Object's properties

2021-10-21 14:15:51 - [MESSAGE][INFO] - Checking timeout

2021-10-21 14:15:51 - [MESSAGE][INFO] - Finding web element with id: 'Object Repository/Olusturma/Genel/Kutular/IrsaliyeBilgileri/IrsaliyeTarihi' located by 'By.xpath: //*[@id = 'gvUserInvoiceBills_DXEditor2_I']' in '30' second(s)

2021-10-21 14:15:51 - [MESSAGE][INFO] - Smart Wait Function is triggered

2021-10-21 14:15:52 - [MESSAGE][INFO] - Found 1 web elements with id: 'Object Repository/Olusturma/Genel/Kutular/IrsaliyeBilgileri/IrsaliyeTarihi' located by 'By.xpath: //*[@id = 'gvUserInvoiceBills_DXEditor2_I']' in '30' second(s)

2021-10-21 14:15:52 - [MESSAGE][PASSED] - Keys '31.04.2020' sent to object: 'Object Repository/Olusturma/Genel/Kutular/IrsaliyeBilgileri/IrsaliyeTarihi'

2021-10-21 14:15:52 - [MESSAGE][PASSED] - Call Test Case 'Test Cases/Olusturma/Genel/Kutular/IrsaliyeBilgileri' successfully

2021-10-21 14:15:52 - [MESSAGE][INFO] - Checking called Test Case

2021-10-21 14:15:52 - [MESSAGE][INFO] - Starting to call Test Case 'Test Cases/Olusturma/Genel/EkleButonunaBasilir'

2021-10-21 14:15:52 - [TEST_CASE][PASSED] - Test Cases/Olusturma/Genel/EkleButonunaBasilir: Test Cases/Olusturma/Genel/EkleButonunaBasilir

2021-10-21 14:15:52 - [TEST_STEP][PASSED] - waitForElementClickable(findTestObject("Object Repository/Olusturma/Genel/Olusturma/Ekle"), 10): Object 'Object Repository/Olusturma/Genel/Olusturma/Ekle' is clickable

2021-10-21 14:15:52 - [MESSAGE][INFO] - Finding Test Object 'Object Repository/Olusturma/Genel/Olusturma/Ekle'

2021-10-21 14:15:52 - [MESSAGE][INFO] - Checking object

2021-10-21 14:15:52 - [MESSAGE][INFO] - Checking timeout

2021-10-21 14:15:52 - [MESSAGE][INFO] - Finding web element from Test Object's properties

2021-10-21 14:15:52 - [MESSAGE][INFO] - Checking timeout

2021-10-21 14:15:52 - [MESSAGE][INFO] - Finding web element with id: 'Object Repository/Olusturma/Genel/Olusturma/Ekle' located by 'By.cssSelector: #divmalhizmet i.fa.fa-plus.fa-lg.text-muted' in '10' second(s)

2021-10-21 14:15:52 - [MESSAGE][INFO] - Smart Wait Function is triggered

2021-10-21 14:15:52 - [MESSAGE][INFO] - Found 1 web elements with id: 'Object Repository/Olusturma/Genel/Olusturma/Ekle' located by 'By.cssSelector: #divmalhizmet i.fa.fa-plus.fa-lg.text-muted' in '10' second(s)

2021-10-21 14:15:52 - [MESSAGE][PASSED] - Object 'Object Repository/Olusturma/Genel/Olusturma/Ekle' is clickable

2021-10-21 14:15:52 - [TEST_STEP][PASSED] - click(findTestObject("Object Repository/Olusturma/Genel/Olusturma/Ekle")): Object: 'Object Repository/Olusturma/Genel/Olusturma/Ekle' is clicked on

2021-10-21 14:15:52 - [MESSAGE][INFO] - Finding Test Object 'Object Repository/Olusturma/Genel/Olusturma/Ekle'

2021-10-21 14:15:52 - [MESSAGE][INFO] - Checking object

2021-10-21 14:15:52 - [MESSAGE][INFO] - Finding web element from Test Object's properties

2021-10-21 14:15:52 - [MESSAGE][INFO] - Checking timeout

2021-10-21 14:15:52 - [MESSAGE][INFO] - Finding web element with id: 'Object Repository/Olusturma/Genel/Olusturma/Ekle' located by 'By.cssSelector: #divmalhizmet i.fa.fa-plus.fa-lg.text-muted' in '30' second(s)

2021-10-21 14:15:52 - [MESSAGE][INFO] - Smart Wait Function is triggered

2021-10-21 14:15:53 - [MESSAGE][INFO] - Found 1 web elements with id: 'Object Repository/Olusturma/Genel/Olusturma/Ekle' located by 'By.cssSelector: #divmalhizmet i.fa.fa-plus.fa-lg.text-muted' in '30' second(s)

2021-10-21 14:15:53 - [MESSAGE][INFO] - Clicking on object: 'Object Repository/Olusturma/Genel/Olusturma/Ekle'

2021-10-21 14:15:53 - [MESSAGE][PASSED] - Object: 'Object Repository/Olusturma/Genel/Olusturma/Ekle' is clicked on

2021-10-21 14:15:53 - [TEST_STEP][PASSED] - waitForElementClickable(findTestObject("Olusturma/Genel/Olusturma/EklenenSatirCarpiImage"), 10): Object 'Object Repository/Olusturma/Genel/Olusturma/EklenenSatirCarpiImage' is clickable

2021-10-21 14:15:53 - [MESSAGE][INFO] - Finding Test Object 'Object Repository/Olusturma/Genel/Olusturma/EklenenSatirCarpiImage'

2021-10-21 14:15:53 - [MESSAGE][INFO] - Checking object

2021-10-21 14:15:53 - [MESSAGE][INFO] - Checking timeout

2021-10-21 14:15:53 - [MESSAGE][INFO] - Finding web element from Test Object's properties

2021-10-21 14:15:53 - [MESSAGE][INFO] - Checking timeout

2021-10-21 14:15:53 - [MESSAGE][INFO] - Finding web element with id: 'Object Repository/Olusturma/Genel/Olusturma/EklenenSatirCarpiImage' located by 'By.cssSelector: .fa.fa-times.fa-lg.text-primary' in '10' second(s)

2021-10-21 14:15:53 - [MESSAGE][INFO] - Smart Wait Function is triggered

2021-10-21 14:15:53 - [MESSAGE][INFO] - Found 1 web elements with id: 'Object Repository/Olusturma/Genel/Olusturma/EklenenSatirCarpiImage' located by 'By.cssSelector: .fa.fa-times.fa-lg.text-primary' in '10' second(s)

2021-10-21 14:15:53 - [MESSAGE][PASSED] - Object 'Object Repository/Olusturma/Genel/Olusturma/EklenenSatirCarpiImage' is clickable

2021-10-21 14:15:53 - [MESSAGE][PASSED] - Call Test Case 'Test Cases/Olusturma/Genel/EkleButonunaBasilir' successfully

2021-10-21 14:15:53 - [MESSAGE][INFO] - Checking called Test Case

2021-10-21 14:15:53 - [MESSAGE][INFO] - Starting to call Test Case 'Test Cases/Olusturma/Genel/Olusturma'

2021-10-21 14:15:54 - [TEST_CASE][PASSED] - Test Cases/Olusturma/Genel/Olusturma: Test Cases/Olusturma/Genel/Olusturma

2021-10-21 14:15:54 - [TEST_STEP][PASSED] - driver = getWebDriver(): null

2021-10-21 14:15:54 - [TEST_STEP][PASSED] - action = new org.openqa.selenium.interactions.Actions(driver): null

2021-10-21 14:15:54 - [TEST_STEP][PASSED] - baslikElement = <not implemented yet for class: org.codehaus.groovy.ast.expr.EmptyExpression>: null

2021-10-21 14:15:54 - [TEST_STEP][PASSED] - sonElement = <not implemented yet for class: org.codehaus.groovy.ast.expr.EmptyExpression>: null

2021-10-21 14:15:54 - [TEST_STEP][PASSED] - attr = <not implemented yet for class: org.codehaus.groovy.ast.expr.EmptyExpression>: null

2021-10-21 14:15:54 - [TEST_STEP][PASSED] - a = 0: null

2021-10-21 14:15:54 - [TEST_STEP][PASSED] - elements = findWebElements(findTestObject("Object Repository/Olusturma/Genel/Olusturma/TabloBasliklari"), 10): Found 14 web elements with id: 'Object Repository/Olusturma/Genel/Olusturma/TabloBasliklari' located by 'By.cssSelector: div#divmalhizmet .dxgvTable_LECustomTheme td.dxgvHeader_LECustomTheme tr>td:nth-child(1)' in '10' second(s)

2021-10-21 14:15:54 - [MESSAGE][INFO] - Finding Test Object 'Object Repository/Olusturma/Genel/Olusturma/TabloBasliklari'

2021-10-21 14:15:54 - [MESSAGE][INFO] - Checking timeout

2021-10-21 14:15:54 - [MESSAGE][INFO] - Finding web element with id: 'Object Repository/Olusturma/Genel/Olusturma/TabloBasliklari' located by 'By.cssSelector: div#divmalhizmet .dxgvTable_LECustomTheme td.dxgvHeader_LECustomTheme tr>td:nth-child(1)' in '10' second(s)

2021-10-21 14:15:54 - [MESSAGE][INFO] - Smart Wait Function is triggered

2021-10-21 14:15:55 - [MESSAGE][INFO] - Found 14 web elements with id: 'Object Repository/Olusturma/Genel/Olusturma/TabloBasliklari' located by 'By.cssSelector: div#divmalhizmet .dxgvTable_LECustomTheme td.dxgvHeader_LECustomTheme tr>td:nth-child(1)' in '10' second(s)

2021-10-21 14:15:55 - [TEST_STEP][PASSED] - for (def element : elements): null

2021-10-21 14:15:55 - [TEST_STEP][PASSED] - build().perform(): null

2021-10-21 14:15:55 - [TEST_STEP][PASSED] - if (getText().equals(Baslik)): null

2021-10-21 14:15:55 - [TEST_STEP][PASSED] - baslikElement = element.findElement(By.xpath("../../../..")): Smart Wait Function is triggered

2021-10-21 14:15:55 - [MESSAGE][INFO] - Smart Wait Function is triggered

2021-10-21 14:15:55 - [TEST_STEP][PASSED] - attr = baslikElement.getAttribute("id"): null

2021-10-21 14:15:55 - [TEST_STEP][PASSED] - println("girdi ve idsini aldı = " + attr): null

2021-10-21 14:15:55 - [TEST_STEP][PASSED] - break: null

2021-10-21 14:15:55 - [TEST_STEP][PASSED] - countElement = baslikElement.findElements(By.xpath("../td")): Smart Wait Function is triggered

2021-10-21 14:15:55 - [MESSAGE][INFO] - Smart Wait Function is triggered

2021-10-21 14:15:56 - [TEST_STEP][PASSED] - for (def element : countElement): null

2021-10-21 14:15:56 - [TEST_STEP][PASSED] - if (toString().equals(attr.toString())): null

2021-10-21 14:15:56 - [TEST_STEP][PASSED] - (a++): null

2021-10-21 14:15:56 - [TEST_STEP][PASSED] - if (toString().equals(attr.toString())): null

2021-10-21 14:15:56 - [TEST_STEP][PASSED] - break: null

2021-10-21 14:15:56 - [TEST_STEP][PASSED] - son = findWebElement(findTestObject("Object Repository/Olusturma/Genel/Olusturma/EklenenSatir")).findElement(By.xpath("td[@class='dxgvInlineEditCell_LECustomTheme dxgv'][" + a + "]//td[@class='dxic']/input")): Smart Wait Function is triggered

2021-10-21 14:15:56 - [MESSAGE][INFO] - Finding Test Object 'Object Repository/Olusturma/Genel/Olusturma/EklenenSatir'

2021-10-21 14:15:56 - [MESSAGE][INFO] - Finding web element from Test Object's properties

2021-10-21 14:15:56 - [MESSAGE][INFO] - Checking timeout

2021-10-21 14:15:56 - [MESSAGE][INFO] - Finding web element with id: 'Object Repository/Olusturma/Genel/Olusturma/EklenenSatir' located by 'By.cssSelector: #divmalhizmet .dxgvInlineEditRow_LECustomTheme' in '30' second(s)

2021-10-21 14:15:56 - [MESSAGE][INFO] - Smart Wait Function is triggered

2021-10-21 14:15:56 - [MESSAGE][INFO] - Found 1 web elements with id: 'Object Repository/Olusturma/Genel/Olusturma/EklenenSatir' located by 'By.cssSelector: #divmalhizmet .dxgvInlineEditRow_LECustomTheme' in '30' second(s)

2021-10-21 14:15:56 - [MESSAGE][INFO] - Smart Wait Function is triggered

2021-10-21 14:15:56 - [TEST_STEP][PASSED] - if (!(getAttribute("value").contains("Vkn"))): null

2021-10-21 14:15:56 - [TEST_STEP][PASSED] - son.clear(): null

2021-10-21 14:15:56 - [TEST_STEP][PASSED] - son.sendKeys(Deger): null

2021-10-21 14:15:56 - [MESSAGE][PASSED] - Call Test Case 'Test Cases/Olusturma/Genel/Olusturma' successfully

2021-10-21 14:15:56 - [MESSAGE][INFO] - Checking called Test Case

2021-10-21 14:15:56 - [MESSAGE][INFO] - Starting to call Test Case 'Test Cases/Olusturma/Genel/Olusturma'

2021-10-21 14:15:57 - [TEST_CASE][PASSED] - Test Cases/Olusturma/Genel/Olusturma: Test Cases/Olusturma/Genel/Olusturma

2021-10-21 14:15:57 - [TEST_STEP][PASSED] - driver = getWebDriver(): null

2021-10-21 14:15:57 - [TEST_STEP][PASSED] - action = new org.openqa.selenium.interactions.Actions(driver): null

2021-10-21 14:15:57 - [TEST_STEP][PASSED] - baslikElement = <not implemented yet for class: org.codehaus.groovy.ast.expr.EmptyExpression>: null

2021-10-21 14:15:57 - [TEST_STEP][PASSED] - sonElement = <not implemented yet for class: org.codehaus.groovy.ast.expr.EmptyExpression>: null

2021-10-21 14:15:57 - [TEST_STEP][PASSED] - attr = <not implemented yet for class: org.codehaus.groovy.ast.expr.EmptyExpression>: null

2021-10-21 14:15:57 - [TEST_STEP][PASSED] - a = 0: null

2021-10-21 14:15:57 - [TEST_STEP][PASSED] - elements = findWebElements(findTestObject("Object Repository/Olusturma/Genel/Olusturma/TabloBasliklari"), 10): Found 14 web elements with id: 'Object Repository/Olusturma/Genel/Olusturma/TabloBasliklari' located by 'By.cssSelector: div#divmalhizmet .dxgvTable_LECustomTheme td.dxgvHeader_LECustomTheme tr>td:nth-child(1)' in '10' second(s)

2021-10-21 14:15:57 - [MESSAGE][INFO] - Finding Test Object 'Object Repository/Olusturma/Genel/Olusturma/TabloBasliklari'

2021-10-21 14:15:57 - [MESSAGE][INFO] - Checking timeout

2021-10-21 14:15:57 - [MESSAGE][INFO] - Finding web element with id: 'Object Repository/Olusturma/Genel/Olusturma/TabloBasliklari' located by 'By.cssSelector: div#divmalhizmet .dxgvTable_LECustomTheme td.dxgvHeader_LECustomTheme tr>td:nth-child(1)' in '10' second(s)

2021-10-21 14:15:57 - [MESSAGE][INFO] - Smart Wait Function is triggered

2021-10-21 14:15:57 - [MESSAGE][INFO] - Found 14 web elements with id: 'Object Repository/Olusturma/Genel/Olusturma/TabloBasliklari' located by 'By.cssSelector: div#divmalhizmet .dxgvTable_LECustomTheme td.dxgvHeader_LECustomTheme tr>td:nth-child(1)' in '10' second(s)

2021-10-21 14:15:57 - [TEST_STEP][PASSED] - for (def element : elements): null

2021-10-21 14:15:57 - [TEST_STEP][PASSED] - build().perform(): null

2021-10-21 14:15:57 - [TEST_STEP][PASSED] - if (getText().equals(Baslik)): null

2021-10-21 14:15:57 - [TEST_STEP][PASSED] - build().perform(): null

2021-10-21 14:15:57 - [TEST_STEP][PASSED] - if (getText().equals(Baslik)): null

2021-10-21 14:15:57 - [TEST_STEP][PASSED] - baslikElement = element.findElement(By.xpath("../../../..")): Smart Wait Function is triggered

2021-10-21 14:15:57 - [MESSAGE][INFO] - Smart Wait Function is triggered

2021-10-21 14:15:57 - [TEST_STEP][PASSED] - attr = baslikElement.getAttribute("id"): null

2021-10-21 14:15:57 - [TEST_STEP][PASSED] - println("girdi ve idsini aldı = " + attr): null

2021-10-21 14:15:57 - [TEST_STEP][PASSED] - break: null

2021-10-21 14:15:57 - [TEST_STEP][PASSED] - countElement = baslikElement.findElements(By.xpath("../td")): Smart Wait Function is triggered

2021-10-21 14:15:57 - [MESSAGE][INFO] - Smart Wait Function is triggered

2021-10-21 14:15:58 - [TEST_STEP][PASSED] - for (def element : countElement): null

2021-10-21 14:15:58 - [TEST_STEP][PASSED] - if (toString().equals(attr.toString())): null

2021-10-21 14:15:58 - [TEST_STEP][PASSED] - (a++): null

2021-10-21 14:15:58 - [TEST_STEP][PASSED] - if (toString().equals(attr.toString())): null

2021-10-21 14:15:58 - [TEST_STEP][PASSED] - (a++): null

2021-10-21 14:15:58 - [TEST_STEP][PASSED] - if (toString().equals(attr.toString())): null

2021-10-21 14:15:58 - [TEST_STEP][PASSED] - break: null

2021-10-21 14:15:58 - [TEST_STEP][PASSED] - son = findWebElement(findTestObject("Object Repository/Olusturma/Genel/Olusturma/EklenenSatir")).findElement(By.xpath("td[@class='dxgvInlineEditCell_LECustomTheme dxgv'][" + a + "]//td[@class='dxic']/input")): Smart Wait Function is triggered

2021-10-21 14:15:58 - [MESSAGE][INFO] - Finding Test Object 'Object Repository/Olusturma/Genel/Olusturma/EklenenSatir'

2021-10-21 14:15:58 - [MESSAGE][INFO] - Finding web element from Test Object's properties

2021-10-21 14:15:58 - [MESSAGE][INFO] - Checking timeout

2021-10-21 14:15:58 - [MESSAGE][INFO] - Finding web element with id: 'Object Repository/Olusturma/Genel/Olusturma/EklenenSatir' located by 'By.cssSelector: #divmalhizmet .dxgvInlineEditRow_LECustomTheme' in '30' second(s)

2021-10-21 14:15:58 - [MESSAGE][INFO] - Smart Wait Function is triggered

2021-10-21 14:15:58 - [MESSAGE][INFO] - Found 1 web elements with id: 'Object Repository/Olusturma/Genel/Olusturma/EklenenSatir' located by 'By.cssSelector: #divmalhizmet .dxgvInlineEditRow_LECustomTheme' in '30' second(s)

2021-10-21 14:15:58 - [MESSAGE][INFO] - Smart Wait Function is triggered

2021-10-21 14:15:59 - [TEST_STEP][PASSED] - if (!(getAttribute("value").contains("Vkn"))): null

2021-10-21 14:15:59 - [TEST_STEP][PASSED] - son.clear(): null

2021-10-21 14:15:59 - [TEST_STEP][PASSED] - son.sendKeys(Deger): null

2021-10-21 14:15:59 - [MESSAGE][PASSED] - Call Test Case 'Test Cases/Olusturma/Genel/Olusturma' successfully

2021-10-21 14:15:59 - [MESSAGE][INFO] - Checking called Test Case

2021-10-21 14:15:59 - [MESSAGE][INFO] - Starting to call Test Case 'Test Cases/Olusturma/Genel/Olusturma'

2021-10-21 14:15:59 - [TEST_CASE][PASSED] - Test Cases/Olusturma/Genel/Olusturma: Test Cases/Olusturma/Genel/Olusturma

2021-10-21 14:15:59 - [TEST_STEP][PASSED] - driver = getWebDriver(): null

2021-10-21 14:15:59 - [TEST_STEP][PASSED] - action = new org.openqa.selenium.interactions.Actions(driver): null

2021-10-21 14:15:59 - [TEST_STEP][PASSED] - baslikElement = <not implemented yet for class: org.codehaus.groovy.ast.expr.EmptyExpression>: null

2021-10-21 14:15:59 - [TEST_STEP][PASSED] - sonElement = <not implemented yet for class: org.codehaus.groovy.ast.expr.EmptyExpression>: null

2021-10-21 14:15:59 - [TEST_STEP][PASSED] - attr = <not implemented yet for class: org.codehaus.groovy.ast.expr.EmptyExpression>: null

2021-10-21 14:15:59 - [TEST_STEP][PASSED] - a = 0: null

2021-10-21 14:15:59 - [TEST_STEP][PASSED] - elements = findWebElements(findTestObject("Object Repository/Olusturma/Genel/Olusturma/TabloBasliklari"), 10): Found 14 web elements with id: 'Object Repository/Olusturma/Genel/Olusturma/TabloBasliklari' located by 'By.cssSelector: div#divmalhizmet .dxgvTable_LECustomTheme td.dxgvHeader_LECustomTheme tr>td:nth-child(1)' in '10' second(s)

2021-10-21 14:15:59 - [MESSAGE][INFO] - Finding Test Object 'Object Repository/Olusturma/Genel/Olusturma/TabloBasliklari'

2021-10-21 14:15:59 - [MESSAGE][INFO] - Checking timeout

2021-10-21 14:15:59 - [MESSAGE][INFO] - Finding web element with id: 'Object Repository/Olusturma/Genel/Olusturma/TabloBasliklari' located by 'By.cssSelector: div#divmalhizmet .dxgvTable_LECustomTheme td.dxgvHeader_LECustomTheme tr>td:nth-child(1)' in '10' second(s)

2021-10-21 14:15:59 - [MESSAGE][INFO] - Smart Wait Function is triggered

2021-10-21 14:15:59 - [MESSAGE][INFO] - Found 14 web elements with id: 'Object Repository/Olusturma/Genel/Olusturma/TabloBasliklari' located by 'By.cssSelector: div#divmalhizmet .dxgvTable_LECustomTheme td.dxgvHeader_LECustomTheme tr>td:nth-child(1)' in '10' second(s)

2021-10-21 14:15:59 - [TEST_STEP][PASSED] - for (def element : elements): null

2021-10-21 14:15:59 - [TEST_STEP][PASSED] - build().perform(): null

2021-10-21 14:16:00 - [TEST_STEP][PASSED] - if (getText().equals(Baslik)): null

2021-10-21 14:16:00 - [TEST_STEP][PASSED] - build().perform(): null

2021-10-21 14:16:00 - [TEST_STEP][PASSED] - if (getText().equals(Baslik)): null

2021-10-21 14:16:00 - [TEST_STEP][PASSED] - build().perform(): null

2021-10-21 14:16:00 - [TEST_STEP][PASSED] - if (getText().equals(Baslik)): null

2021-10-21 14:16:00 - [TEST_STEP][PASSED] - build().perform(): null

2021-10-21 14:16:00 - [TEST_STEP][PASSED] - if (getText().equals(Baslik)): null

2021-10-21 14:16:00 - [TEST_STEP][PASSED] - baslikElement = element.findElement(By.xpath("../../../..")): Smart Wait Function is triggered

2021-10-21 14:16:00 - [MESSAGE][INFO] - Smart Wait Function is triggered

2021-10-21 14:16:00 - [TEST_STEP][PASSED] - attr = baslikElement.getAttribute("id"): null

2021-10-21 14:16:00 - [TEST_STEP][PASSED] - println("girdi ve idsini aldı = " + attr): null

2021-10-21 14:16:00 - [TEST_STEP][PASSED] - break: null

2021-10-21 14:16:00 - [TEST_STEP][PASSED] - countElement = baslikElement.findElements(By.xpath("../td")): Smart Wait Function is triggered

2021-10-21 14:16:00 - [MESSAGE][INFO] - Smart Wait Function is triggered

2021-10-21 14:16:01 - [TEST_STEP][PASSED] - for (def element : countElement): null

2021-10-21 14:16:01 - [TEST_STEP][PASSED] - if (toString().equals(attr.toString())): null

2021-10-21 14:16:01 - [TEST_STEP][PASSED] - (a++): null

2021-10-21 14:16:01 - [TEST_STEP][PASSED] - if (toString().equals(attr.toString())): null

2021-10-21 14:16:01 - [TEST_STEP][PASSED] - (a++): null

2021-10-21 14:16:01 - [TEST_STEP][PASSED] - if (toString().equals(attr.toString())): null

2021-10-21 14:16:01 - [TEST_STEP][PASSED] - (a++): null

2021-10-21 14:16:01 - [TEST_STEP][PASSED] - if (toString().equals(attr.toString())): null

2021-10-21 14:16:01 - [TEST_STEP][PASSED] - (a++): null

2021-10-21 14:16:01 - [TEST_STEP][PASSED] - if (toString().equals(attr.toString())): null

2021-10-21 14:16:01 - [TEST_STEP][PASSED] - break: null

2021-10-21 14:16:01 - [TEST_STEP][PASSED] - son = findWebElement(findTestObject("Object Repository/Olusturma/Genel/Olusturma/EklenenSatir")).findElement(By.xpath("td[@class='dxgvInlineEditCell_LECustomTheme dxgv'][" + a + "]//td[@class='dxic']/input")): Smart Wait Function is triggered

2021-10-21 14:16:01 - [MESSAGE][INFO] - Finding Test Object 'Object Repository/Olusturma/Genel/Olusturma/EklenenSatir'

2021-10-21 14:16:01 - [MESSAGE][INFO] - Finding web element from Test Object's properties

2021-10-21 14:16:01 - [MESSAGE][INFO] - Checking timeout

2021-10-21 14:16:01 - [MESSAGE][INFO] - Finding web element with id: 'Object Repository/Olusturma/Genel/Olusturma/EklenenSatir' located by 'By.cssSelector: #divmalhizmet .dxgvInlineEditRow_LECustomTheme' in '30' second(s)

2021-10-21 14:16:01 - [MESSAGE][INFO] - Smart Wait Function is triggered

2021-10-21 14:16:01 - [MESSAGE][INFO] - Found 1 web elements with id: 'Object Repository/Olusturma/Genel/Olusturma/EklenenSatir' located by 'By.cssSelector: #divmalhizmet .dxgvInlineEditRow_LECustomTheme' in '30' second(s)

2021-10-21 14:16:01 - [MESSAGE][INFO] - Smart Wait Function is triggered

2021-10-21 14:16:01 - [TEST_STEP][PASSED] - if (!(getAttribute("value").contains("Vkn"))): null

2021-10-21 14:16:01 - [TEST_STEP][PASSED] - son.clear(): null

2021-10-21 14:16:02 - [TEST_STEP][PASSED] - son.sendKeys(Deger): null

2021-10-21 14:16:02 - [MESSAGE][PASSED] - Call Test Case 'Test Cases/Olusturma/Genel/Olusturma' successfully

2021-10-21 14:16:02 - [MESSAGE][INFO] - Checking called Test Case

2021-10-21 14:16:02 - [MESSAGE][INFO] - Starting to call Test Case 'Test Cases/Olusturma/Genel/Olusturma'

2021-10-21 14:16:02 - [TEST_CASE][PASSED] - Test Cases/Olusturma/Genel/Olusturma: Test Cases/Olusturma/Genel/Olusturma

2021-10-21 14:16:02 - [TEST_STEP][PASSED] - driver = getWebDriver(): null

2021-10-21 14:16:02 - [TEST_STEP][PASSED] - action = new org.openqa.selenium.interactions.Actions(driver): null

2021-10-21 14:16:02 - [TEST_STEP][PASSED] - baslikElement = <not implemented yet for class: org.codehaus.groovy.ast.expr.EmptyExpression>: null

2021-10-21 14:16:02 - [TEST_STEP][PASSED] - sonElement = <not implemented yet for class: org.codehaus.groovy.ast.expr.EmptyExpression>: null

2021-10-21 14:16:02 - [TEST_STEP][PASSED] - attr = <not implemented yet for class: org.codehaus.groovy.ast.expr.EmptyExpression>: null

2021-10-21 14:16:02 - [TEST_STEP][PASSED] - a = 0: null

2021-10-21 14:16:02 - [TEST_STEP][PASSED] - elements = findWebElements(findTestObject("Object Repository/Olusturma/Genel/Olusturma/TabloBasliklari"), 10): Found 14 web elements with id: 'Object Repository/Olusturma/Genel/Olusturma/TabloBasliklari' located by 'By.cssSelector: div#divmalhizmet .dxgvTable_LECustomTheme td.dxgvHeader_LECustomTheme tr>td:nth-child(1)' in '10' second(s)

2021-10-21 14:16:02 - [MESSAGE][INFO] - Finding Test Object 'Object Repository/Olusturma/Genel/Olusturma/TabloBasliklari'

2021-10-21 14:16:02 - [MESSAGE][INFO] - Checking timeout

2021-10-21 14:16:02 - [MESSAGE][INFO] - Finding web element with id: 'Object Repository/Olusturma/Genel/Olusturma/TabloBasliklari' located by 'By.cssSelector: div#divmalhizmet .dxgvTable_LECustomTheme td.dxgvHeader_LECustomTheme tr>td:nth-child(1)' in '10' second(s)

2021-10-21 14:16:02 - [MESSAGE][INFO] - Smart Wait Function is triggered

2021-10-21 14:16:02 - [MESSAGE][INFO] - Found 14 web elements with id: 'Object Repository/Olusturma/Genel/Olusturma/TabloBasliklari' located by 'By.cssSelector: div#divmalhizmet .dxgvTable_LECustomTheme td.dxgvHeader_LECustomTheme tr>td:nth-child(1)' in '10' second(s)

2021-10-21 14:16:02 - [TEST_STEP][PASSED] - for (def element : elements): null

2021-10-21 14:16:02 - [TEST_STEP][PASSED] - build().perform(): null

2021-10-21 14:16:02 - [TEST_STEP][PASSED] - if (getText().equals(Baslik)): null

2021-10-21 14:16:02 - [TEST_STEP][PASSED] - build().perform(): null

2021-10-21 14:16:02 - [TEST_STEP][PASSED] - if (getText().equals(Baslik)): null

2021-10-21 14:16:02 - [TEST_STEP][PASSED] - build().perform(): null

2021-10-21 14:16:03 - [TEST_STEP][PASSED] - if (getText().equals(Baslik)): null

2021-10-21 14:16:03 - [TEST_STEP][PASSED] - build().perform(): null

2021-10-21 14:16:03 - [TEST_STEP][PASSED] - if (getText().equals(Baslik)): null

2021-10-21 14:16:03 - [TEST_STEP][PASSED] - build().perform(): null

2021-10-21 14:16:03 - [TEST_STEP][PASSED] - if (getText().equals(Baslik)): null

2021-10-21 14:16:03 - [TEST_STEP][PASSED] - build().perform(): null

2021-10-21 14:16:03 - [TEST_STEP][PASSED] - if (getText().equals(Baslik)): null

2021-10-21 14:16:03 - [TEST_STEP][PASSED] - baslikElement = element.findElement(By.xpath("../../../..")): Smart Wait Function is triggered

2021-10-21 14:16:03 - [MESSAGE][INFO] - Smart Wait Function is triggered

2021-10-21 14:16:03 - [TEST_STEP][PASSED] - attr = baslikElement.getAttribute("id"): null

2021-10-21 14:16:03 - [TEST_STEP][PASSED] - println("girdi ve idsini aldı = " + attr): null

2021-10-21 14:16:03 - [TEST_STEP][PASSED] - break: null

2021-10-21 14:16:03 - [TEST_STEP][PASSED] - countElement = baslikElement.findElements(By.xpath("../td")): Smart Wait Function is triggered

2021-10-21 14:16:03 - [MESSAGE][INFO] - Smart Wait Function is triggered

2021-10-21 14:16:04 - [TEST_STEP][PASSED] - for (def element : countElement): null

2021-10-21 14:16:04 - [TEST_STEP][PASSED] - if (toString().equals(attr.toString())): null

2021-10-21 14:16:04 - [TEST_STEP][PASSED] - (a++): null

2021-10-21 14:16:04 - [TEST_STEP][PASSED] - if (toString().equals(attr.toString())): null

2021-10-21 14:16:04 - [TEST_STEP][PASSED] - (a++): null

2021-10-21 14:16:04 - [TEST_STEP][PASSED] - if (toString().equals(attr.toString())): null

2021-10-21 14:16:04 - [TEST_STEP][PASSED] - (a++): null

2021-10-21 14:16:04 - [TEST_STEP][PASSED] - if (toString().equals(attr.toString())): null

2021-10-21 14:16:04 - [TEST_STEP][PASSED] - (a++): null

2021-10-21 14:16:04 - [TEST_STEP][PASSED] - if (toString().equals(attr.toString())): null

2021-10-21 14:16:04 - [TEST_STEP][PASSED] - (a++): null

2021-10-21 14:16:04 - [TEST_STEP][PASSED] - if (toString().equals(attr.toString())): null

2021-10-21 14:16:04 - [TEST_STEP][PASSED] - (a++): null

2021-10-21 14:16:04 - [TEST_STEP][PASSED] - if (toString().equals(attr.toString())): null

2021-10-21 14:16:04 - [TEST_STEP][PASSED] - break: null

2021-10-21 14:16:04 - [TEST_STEP][PASSED] - son = findWebElement(findTestObject("Object Repository/Olusturma/Genel/Olusturma/EklenenSatir")).findElement(By.xpath("td[@class='dxgvInlineEditCell_LECustomTheme dxgv'][" + a + "]//td[@class='dxic']/input")): Smart Wait Function is triggered

2021-10-21 14:16:04 - [MESSAGE][INFO] - Finding Test Object 'Object Repository/Olusturma/Genel/Olusturma/EklenenSatir'

2021-10-21 14:16:04 - [MESSAGE][INFO] - Finding web element from Test Object's properties

2021-10-21 14:16:04 - [MESSAGE][INFO] - Checking timeout

2021-10-21 14:16:04 - [MESSAGE][INFO] - Finding web element with id: 'Object Repository/Olusturma/Genel/Olusturma/EklenenSatir' located by 'By.cssSelector: #divmalhizmet .dxgvInlineEditRow_LECustomTheme' in '30' second(s)

2021-10-21 14:16:04 - [MESSAGE][INFO] - Smart Wait Function is triggered

2021-10-21 14:16:04 - [MESSAGE][INFO] - Found 1 web elements with id: 'Object Repository/Olusturma/Genel/Olusturma/EklenenSatir' located by 'By.cssSelector: #divmalhizmet .dxgvInlineEditRow_LECustomTheme' in '30' second(s)

2021-10-21 14:16:04 - [MESSAGE][INFO] - Smart Wait Function is triggered

2021-10-21 14:16:04 - [TEST_STEP][PASSED] - if (!(getAttribute("value").contains("Vkn"))): null

2021-10-21 14:16:04 - [TEST_STEP][PASSED] - son.clear(): null

2021-10-21 14:16:05 - [TEST_STEP][PASSED] - son.sendKeys(Deger): null

2021-10-21 14:16:05 - [MESSAGE][PASSED] - Call Test Case 'Test Cases/Olusturma/Genel/Olusturma' successfully

2021-10-21 14:16:05 - [MESSAGE][INFO] - Checking called Test Case

2021-10-21 14:16:05 - [MESSAGE][INFO] - Starting to call Test Case 'Test Cases/Olusturma/Genel/Olusturma'

2021-10-21 14:16:05 - [TEST_CASE][PASSED] - Test Cases/Olusturma/Genel/Olusturma: Test Cases/Olusturma/Genel/Olusturma

2021-10-21 14:16:05 - [TEST_STEP][PASSED] - driver = getWebDriver(): null

2021-10-21 14:16:05 - [TEST_STEP][PASSED] - action = new org.openqa.selenium.interactions.Actions(driver): null

2021-10-21 14:16:05 - [TEST_STEP][PASSED] - baslikElement = <not implemented yet for class: org.codehaus.groovy.ast.expr.EmptyExpression>: null

2021-10-21 14:16:05 - [TEST_STEP][PASSED] - sonElement = <not implemented yet for class: org.codehaus.groovy.ast.expr.EmptyExpression>: null

2021-10-21 14:16:05 - [TEST_STEP][PASSED] - attr = <not implemented yet for class: org.codehaus.groovy.ast.expr.EmptyExpression>: null

2021-10-21 14:16:05 - [TEST_STEP][PASSED] - a = 0: null

2021-10-21 14:16:05 - [TEST_STEP][PASSED] - elements = findWebElements(findTestObject("Object Repository/Olusturma/Genel/Olusturma/TabloBasliklari"), 10): Found 14 web elements with id: 'Object Repository/Olusturma/Genel/Olusturma/TabloBasliklari' located by 'By.cssSelector: div#divmalhizmet .dxgvTable_LECustomTheme td.dxgvHeader_LECustomTheme tr>td:nth-child(1)' in '10' second(s)

2021-10-21 14:16:05 - [MESSAGE][INFO] - Finding Test Object 'Object Repository/Olusturma/Genel/Olusturma/TabloBasliklari'

2021-10-21 14:16:05 - [MESSAGE][INFO] - Checking timeout

2021-10-21 14:16:05 - [MESSAGE][INFO] - Finding web element with id: 'Object Repository/Olusturma/Genel/Olusturma/TabloBasliklari' located by 'By.cssSelector: div#divmalhizmet .dxgvTable_LECustomTheme td.dxgvHeader_LECustomTheme tr>td:nth-child(1)' in '10' second(s)

2021-10-21 14:16:05 - [MESSAGE][INFO] - Smart Wait Function is triggered

2021-10-21 14:16:05 - [MESSAGE][INFO] - Found 14 web elements with id: 'Object Repository/Olusturma/Genel/Olusturma/TabloBasliklari' located by 'By.cssSelector: div#divmalhizmet .dxgvTable_LECustomTheme td.dxgvHeader_LECustomTheme tr>td:nth-child(1)' in '10' second(s)

2021-10-21 14:16:05 - [TEST_STEP][PASSED] - for (def element : elements): null

2021-10-21 14:16:05 - [TEST_STEP][PASSED] - build().perform(): null

2021-10-21 14:16:05 - [TEST_STEP][PASSED] - if (getText().equals(Baslik)): null

2021-10-21 14:16:05 - [TEST_STEP][PASSED] - build().perform(): null

2021-10-21 14:16:05 - [TEST_STEP][PASSED] - if (getText().equals(Baslik)): null

2021-10-21 14:16:05 - [TEST_STEP][PASSED] - build().perform(): null

2021-10-21 14:16:06 - [TEST_STEP][PASSED] - if (getText().equals(Baslik)): null

2021-10-21 14:16:06 - [TEST_STEP][PASSED] - build().perform(): null

2021-10-21 14:16:06 - [TEST_STEP][PASSED] - if (getText().equals(Baslik)): null

2021-10-21 14:16:06 - [TEST_STEP][PASSED] - build().perform(): null

2021-10-21 14:16:06 - [TEST_STEP][PASSED] - if (getText().equals(Baslik)): null

2021-10-21 14:16:06 - [TEST_STEP][PASSED] - build().perform(): null

2021-10-21 14:16:06 - [TEST_STEP][PASSED] - if (getText().equals(Baslik)): null

2021-10-21 14:16:06 - [TEST_STEP][PASSED] - build().perform(): null

2021-10-21 14:16:06 - [TEST_STEP][PASSED] - if (getText().equals(Baslik)): null

2021-10-21 14:16:06 - [TEST_STEP][PASSED] - baslikElement = element.findElement(By.xpath("../../../..")): Smart Wait Function is triggered

2021-10-21 14:16:06 - [MESSAGE][INFO] - Smart Wait Function is triggered

2021-10-21 14:16:06 - [TEST_STEP][PASSED] - attr = baslikElement.getAttribute("id"): null

2021-10-21 14:16:06 - [TEST_STEP][PASSED] - println("girdi ve idsini aldı = " + attr): null

2021-10-21 14:16:06 - [TEST_STEP][PASSED] - break: null

2021-10-21 14:16:06 - [TEST_STEP][PASSED] - countElement = baslikElement.findElements(By.xpath("../td")): Smart Wait Function is triggered

2021-10-21 14:16:06 - [MESSAGE][INFO] - Smart Wait Function is triggered

2021-10-21 14:16:07 - [TEST_STEP][PASSED] - for (def element : countElement): null

2021-10-21 14:16:07 - [TEST_STEP][PASSED] - if (toString().equals(attr.toString())): null

2021-10-21 14:16:07 - [TEST_STEP][PASSED] - (a++): null

2021-10-21 14:16:07 - [TEST_STEP][PASSED] - if (toString().equals(attr.toString())): null

2021-10-21 14:16:07 - [TEST_STEP][PASSED] - (a++): null

2021-10-21 14:16:07 - [TEST_STEP][PASSED] - if (toString().equals(attr.toString())): null

2021-10-21 14:16:07 - [TEST_STEP][PASSED] - (a++): null

2021-10-21 14:16:07 - [TEST_STEP][PASSED] - if (toString().equals(attr.toString())): null

2021-10-21 14:16:07 - [TEST_STEP][PASSED] - (a++): null

2021-10-21 14:16:07 - [TEST_STEP][PASSED] - if (toString().equals(attr.toString())): null

2021-10-21 14:16:07 - [TEST_STEP][PASSED] - (a++): null

2021-10-21 14:16:07 - [TEST_STEP][PASSED] - if (toString().equals(attr.toString())): null

2021-10-21 14:16:07 - [TEST_STEP][PASSED] - (a++): null

2021-10-21 14:16:07 - [TEST_STEP][PASSED] - if (toString().equals(attr.toString())): null

2021-10-21 14:16:07 - [TEST_STEP][PASSED] - (a++): null

2021-10-21 14:16:07 - [TEST_STEP][PASSED] - if (toString().equals(attr.toString())): null

2021-10-21 14:16:07 - [TEST_STEP][PASSED] - break: null

2021-10-21 14:16:07 - [TEST_STEP][PASSED] - son = findWebElement(findTestObject("Object Repository/Olusturma/Genel/Olusturma/EklenenSatir")).findElement(By.xpath("td[@class='dxgvInlineEditCell_LECustomTheme dxgv'][" + a + "]//td[@class='dxic']/input")): Smart Wait Function is triggered

2021-10-21 14:16:07 - [MESSAGE][INFO] - Finding Test Object 'Object Repository/Olusturma/Genel/Olusturma/EklenenSatir'

2021-10-21 14:16:07 - [MESSAGE][INFO] - Finding web element from Test Object's properties

2021-10-21 14:16:07 - [MESSAGE][INFO] - Checking timeout

2021-10-21 14:16:07 - [MESSAGE][INFO] - Finding web element with id: 'Object Repository/Olusturma/Genel/Olusturma/EklenenSatir' located by 'By.cssSelector: #divmalhizmet .dxgvInlineEditRow_LECustomTheme' in '30' second(s)

2021-10-21 14:16:07 - [MESSAGE][INFO] - Smart Wait Function is triggered

2021-10-21 14:16:07 - [MESSAGE][INFO] - Found 1 web elements with id: 'Object Repository/Olusturma/Genel/Olusturma/EklenenSatir' located by 'By.cssSelector: #divmalhizmet .dxgvInlineEditRow_LECustomTheme' in '30' second(s)

2021-10-21 14:16:07 - [MESSAGE][INFO] - Smart Wait Function is triggered

2021-10-21 14:16:08 - [TEST_STEP][PASSED] - if (!(getAttribute("value").contains("Vkn"))): null

2021-10-21 14:16:08 - [TEST_STEP][PASSED] - son.clear(): null

2021-10-21 14:16:08 - [TEST_STEP][PASSED] - son.sendKeys(Deger): null

2021-10-21 14:16:08 - [MESSAGE][PASSED] - Call Test Case 'Test Cases/Olusturma/Genel/Olusturma' successfully

2021-10-21 14:16:08 - [MESSAGE][INFO] - Checking called Test Case

2021-10-21 14:16:08 - [MESSAGE][INFO] - Starting to call Test Case 'Test Cases/Olusturma/Genel/NotGirilir'

2021-10-21 14:16:08 - [TEST_CASE][PASSED] - Test Cases/Olusturma/Genel/NotGirilir: Test Cases/Olusturma/Genel/NotGirilir

2021-10-21 14:16:08 - [TEST_STEP][PASSED] - i = 0: null

2021-10-21 14:16:08 - [TEST_STEP][PASSED] - waitForElementClickable(findTestObject("Olusturma/Genel/Not/Notlar"), 10): Object 'Object Repository/Olusturma/Genel/Not/Notlar' is clickable

2021-10-21 14:16:08 - [MESSAGE][INFO] - Finding Test Object 'Object Repository/Olusturma/Genel/Not/Notlar'

2021-10-21 14:16:08 - [MESSAGE][INFO] - Checking object

2021-10-21 14:16:08 - [MESSAGE][INFO] - Checking timeout

2021-10-21 14:16:08 - [MESSAGE][INFO] - Finding web element from Test Object's properties

2021-10-21 14:16:08 - [MESSAGE][INFO] - Checking timeout

2021-10-21 14:16:08 - [MESSAGE][INFO] - Finding web element with id: 'Object Repository/Olusturma/Genel/Not/Notlar' located by 'By.xpath: //*[@id = 'txtNote_I']' in '10' second(s)

2021-10-21 14:16:08 - [MESSAGE][INFO] - Smart Wait Function is triggered

2021-10-21 14:16:09 - [MESSAGE][INFO] - Found 1 web elements with id: 'Object Repository/Olusturma/Genel/Not/Notlar' located by 'By.xpath: //*[@id = 'txtNote_I']' in '10' second(s)

2021-10-21 14:16:09 - [MESSAGE][PASSED] - Object 'Object Repository/Olusturma/Genel/Not/Notlar' is clickable

2021-10-21 14:16:09 - [TEST_STEP][PASSED] - clearText(findTestObject("Olusturma/Genel/Not/Notlar")): Text of object 'Object Repository/Olusturma/Genel/Not/Notlar' is cleared

2021-10-21 14:16:09 - [MESSAGE][INFO] - Finding Test Object 'Object Repository/Olusturma/Genel/Not/Notlar'

2021-10-21 14:16:09 - [MESSAGE][INFO] - Checking object

2021-10-21 14:16:09 - [MESSAGE][INFO] - Finding web element from Test Object's properties

2021-10-21 14:16:09 - [MESSAGE][INFO] - Checking timeout

2021-10-21 14:16:09 - [MESSAGE][INFO] - Finding web element with id: 'Object Repository/Olusturma/Genel/Not/Notlar' located by 'By.xpath: //*[@id = 'txtNote_I']' in '30' second(s)

2021-10-21 14:16:09 - [MESSAGE][INFO] - Smart Wait Function is triggered

2021-10-21 14:16:09 - [MESSAGE][INFO] - Found 1 web elements with id: 'Object Repository/Olusturma/Genel/Not/Notlar' located by 'By.xpath: //*[@id = 'txtNote_I']' in '30' second(s)

2021-10-21 14:16:09 - [MESSAGE][INFO] - Clearing text of object 'Object Repository/Olusturma/Genel/Not/Notlar'

2021-10-21 14:16:09 - [MESSAGE][PASSED] - Text of object 'Object Repository/Olusturma/Genel/Not/Notlar' is cleared

2021-10-21 14:16:09 - [TEST_STEP][PASSED] - click(findTestObject("Olusturma/Genel/Not/Notlar")): Object: 'Object Repository/Olusturma/Genel/Not/Notlar' is clicked on

2021-10-21 14:16:09 - [MESSAGE][INFO] - Finding Test Object 'Object Repository/Olusturma/Genel/Not/Notlar'

2021-10-21 14:16:09 - [MESSAGE][INFO] - Checking object

2021-10-21 14:16:09 - [MESSAGE][INFO] - Finding web element from Test Object's properties

2021-10-21 14:16:09 - [MESSAGE][INFO] - Checking timeout

2021-10-21 14:16:09 - [MESSAGE][INFO] - Finding web element with id: 'Object Repository/Olusturma/Genel/Not/Notlar' located by 'By.xpath: //*[@id = 'txtNote_I']' in '30' second(s)

2021-10-21 14:16:09 - [MESSAGE][INFO] - Smart Wait Function is triggered

2021-10-21 14:16:10 - [MESSAGE][INFO] - Found 1 web elements with id: 'Object Repository/Olusturma/Genel/Not/Notlar' located by 'By.xpath: //*[@id = 'txtNote_I']' in '30' second(s)

2021-10-21 14:16:10 - [MESSAGE][INFO] - Clicking on object: 'Object Repository/Olusturma/Genel/Not/Notlar'

2021-10-21 14:16:10 - [MESSAGE][PASSED] - Object: 'Object Repository/Olusturma/Genel/Not/Notlar' is clicked on

2021-10-21 14:16:10 - [TEST_STEP][PASSED] - while (true): null

2021-10-21 14:16:10 - [TEST_STEP][PASSED] - delay(1): Delayed 1 second(s)

2021-10-21 14:16:10 - [MESSAGE][INFO] - Delaying browser in 1 second(s)

2021-10-21 14:16:11 - [MESSAGE][PASSED] - Delayed 1 second(s)

2021-10-21 14:16:11 - [TEST_STEP][PASSED] - ajaxIsComplete = executeJavaScript("return jQuery.active == 0", null): Execute JavaScript 'return jQuery.active == 0' successfully

2021-10-21 14:16:11 - [MESSAGE][PASSED] - Execute JavaScript 'return jQuery.active == 0' successfully

2021-10-21 14:16:11 - [TEST_STEP][PASSED] - if (ajaxIsComplete): null

2021-10-21 14:16:11 - [TEST_STEP][PASSED] - break: null

2021-10-21 14:16:11 - [TEST_STEP][PASSED] - sendKeys(findTestObject("Olusturma/Genel/Not/Notlar"), Not): Keys 'Otomasyon Not' sent to object: 'Object Repository/Olusturma/Genel/Not/Notlar'

2021-10-21 14:16:11 - [MESSAGE][INFO] - Finding Test Object 'Object Repository/Olusturma/Genel/Not/Notlar'

2021-10-21 14:16:11 - [MESSAGE][INFO] - Sending keys 'Otomasyon Not' to object: 'Object Repository/Olusturma/Genel/Not/Notlar'

2021-10-21 14:16:11 - [MESSAGE][INFO] - Finding web element from Test Object's properties

2021-10-21 14:16:11 - [MESSAGE][INFO] - Checking timeout

2021-10-21 14:16:11 - [MESSAGE][INFO] - Finding web element with id: 'Object Repository/Olusturma/Genel/Not/Notlar' located by 'By.xpath: //*[@id = 'txtNote_I']' in '30' second(s)

2021-10-21 14:16:11 - [MESSAGE][INFO] - Smart Wait Function is triggered

2021-10-21 14:16:11 - [MESSAGE][INFO] - Found 1 web elements with id: 'Object Repository/Olusturma/Genel/Not/Notlar' located by 'By.xpath: //*[@id = 'txtNote_I']' in '30' second(s)

2021-10-21 14:16:11 - [MESSAGE][PASSED] - Keys 'Otomasyon Not' sent to object: 'Object Repository/Olusturma/Genel/Not/Notlar'

2021-10-21 14:16:11 - [MESSAGE][PASSED] - Call Test Case 'Test Cases/Olusturma/Genel/NotGirilir' successfully

2021-10-21 14:16:11 - [MESSAGE][INFO] - Checking called Test Case

2021-10-21 14:16:11 - [MESSAGE][INFO] - Starting to call Test Case 'Test Cases/Olusturma/Genel/EttnBilgisiKayitEdilir'

2021-10-21 14:16:11 - [TEST_CASE][PASSED] - Test Cases/Olusturma/Genel/EttnBilgisiKayitEdilir: Test Cases/Olusturma/Genel/EttnBilgisiKayitEdilir

2021-10-21 14:16:11 - [TEST_STEP][PASSED] - verifyElementPresent(findTestObject("Object Repository/Olusturma/Genel/Olusturma/eArsivEttnBilgisi"), 7): Object 'Object Repository/Olusturma/Genel/Olusturma/eArsivEttnBilgisi' is present

2021-10-21 14:16:11 - [MESSAGE][INFO] - Finding Test Object 'Object Repository/Olusturma/Genel/Olusturma/eArsivEttnBilgisi'

2021-10-21 14:16:11 - [MESSAGE][INFO] - Checking object

2021-10-21 14:16:11 - [MESSAGE][INFO] - Finding web element from Test Object's properties

2021-10-21 14:16:11 - [MESSAGE][INFO] - Checking timeout

2021-10-21 14:16:11 - [MESSAGE][INFO] - Finding web element with id: 'Object Repository/Olusturma/Genel/Olusturma/eArsivEttnBilgisi' located by 'By.xpath: //*[@id = 'Uuid_I']' in '7' second(s)

2021-10-21 14:16:11 - [MESSAGE][INFO] - Smart Wait Function is triggered

2021-10-21 14:16:12 - [MESSAGE][INFO] - Found 1 web elements with id: 'Object Repository/Olusturma/Genel/Olusturma/eArsivEttnBilgisi' located by 'By.xpath: //*[@id = 'Uuid_I']' in '7' second(s)

2021-10-21 14:16:12 - [MESSAGE][PASSED] - Object 'Object Repository/Olusturma/Genel/Olusturma/eArsivEttnBilgisi' is present

2021-10-21 14:16:12 - [TEST_STEP][PASSED] - ettn = getAttribute(findTestObject("Object Repository/Olusturma/Genel/Olusturma/eArsivEttnBilgisi"), "value"): Attribute 'value' of object 'Object Repository/Olusturma/Genel/Olusturma/eArsivEttnBilgisi' is: '133a3169-1e2b-4824-b0a3-4c0e78458fcc'

2021-10-21 14:16:12 - [MESSAGE][INFO] - Finding Test Object 'Object Repository/Olusturma/Genel/Olusturma/eArsivEttnBilgisi'

2021-10-21 14:16:12 - [MESSAGE][INFO] - Checking object

2021-10-21 14:16:12 - [MESSAGE][INFO] - Checking attribute

2021-10-21 14:16:12 - [MESSAGE][INFO] - Finding web element from Test Object's properties

2021-10-21 14:16:12 - [MESSAGE][INFO] - Checking timeout

2021-10-21 14:16:12 - [MESSAGE][INFO] - Finding web element with id: 'Object Repository/Olusturma/Genel/Olusturma/eArsivEttnBilgisi' located by 'By.xpath: //*[@id = 'Uuid_I']' in '30' second(s)

2021-10-21 14:16:12 - [MESSAGE][INFO] - Smart Wait Function is triggered

2021-10-21 14:16:12 - [MESSAGE][INFO] - Found 1 web elements with id: 'Object Repository/Olusturma/Genel/Olusturma/eArsivEttnBilgisi' located by 'By.xpath: //*[@id = 'Uuid_I']' in '30' second(s)

2021-10-21 14:16:12 - [MESSAGE][INFO] - Getting attribute 'value' of object 'Object Repository/Olusturma/Genel/Olusturma/eArsivEttnBilgisi'

2021-10-21 14:16:12 - [MESSAGE][PASSED] - Attribute 'value' of object 'Object Repository/Olusturma/Genel/Olusturma/eArsivEttnBilgisi' is: '133a3169-1e2b-4824-b0a3-4c0e78458fcc'

2021-10-21 14:16:12 - [MESSAGE][PASSED] - Call Test Case 'Test Cases/Olusturma/Genel/EttnBilgisiKayitEdilir' successfully

2021-10-21 14:16:12 - [MESSAGE][INFO] - Checking called Test Case

2021-10-21 14:16:12 - [MESSAGE][INFO] - Starting to call Test Case 'Test Cases/Olusturma/Genel/KaydetButonunaTiklanir'

2021-10-21 14:16:12 - [TEST_CASE][PASSED] - Test Cases/Olusturma/Genel/KaydetButonunaTiklanir: Test Cases/Olusturma/Genel/KaydetButonunaTiklanir

2021-10-21 14:16:12 - [TEST_STEP][PASSED] - i = 0: null

2021-10-21 14:16:12 - [TEST_STEP][PASSED] - waitForElementPresent(findTestObject("Olusturma/Genel/Not/Notlar"), 10): Object 'Object Repository/Olusturma/Genel/Not/Notlar' is present

2021-10-21 14:16:12 - [MESSAGE][INFO] - Finding Test Object 'Object Repository/Olusturma/Genel/Not/Notlar'

2021-10-21 14:16:12 - [MESSAGE][INFO] - Checking object

2021-10-21 14:16:12 - [MESSAGE][INFO] - Finding web element from Test Object's properties

2021-10-21 14:16:12 - [MESSAGE][INFO] - Checking timeout

2021-10-21 14:16:12 - [MESSAGE][INFO] - Finding web element with id: 'Object Repository/Olusturma/Genel/Not/Notlar' located by 'By.xpath: //*[@id = 'txtNote_I']' in '10' second(s)

2021-10-21 14:16:12 - [MESSAGE][INFO] - Smart Wait Function is triggered

2021-10-21 14:16:13 - [MESSAGE][INFO] - Found 1 web elements with id: 'Object Repository/Olusturma/Genel/Not/Notlar' located by 'By.xpath: //*[@id = 'txtNote_I']' in '10' second(s)

2021-10-21 14:16:13 - [MESSAGE][PASSED] - Object 'Object Repository/Olusturma/Genel/Not/Notlar' is present

2021-10-21 14:16:13 - [TEST_STEP][PASSED] - click(findTestObject("Olusturma/Genel/Not/Notlar")): Object: 'Object Repository/Olusturma/Genel/Not/Notlar' is clicked on

2021-10-21 14:16:13 - [MESSAGE][INFO] - Finding Test Object 'Object Repository/Olusturma/Genel/Not/Notlar'

2021-10-21 14:16:13 - [MESSAGE][INFO] - Checking object

2021-10-21 14:16:13 - [MESSAGE][INFO] - Finding web element from Test Object's properties

2021-10-21 14:16:13 - [MESSAGE][INFO] - Checking timeout

2021-10-21 14:16:13 - [MESSAGE][INFO] - Finding web element with id: 'Object Repository/Olusturma/Genel/Not/Notlar' located by 'By.xpath: //*[@id = 'txtNote_I']' in '30' second(s)

2021-10-21 14:16:13 - [MESSAGE][INFO] - Smart Wait Function is triggered

2021-10-21 14:16:13 - [MESSAGE][INFO] - Found 1 web elements with id: 'Object Repository/Olusturma/Genel/Not/Notlar' located by 'By.xpath: //*[@id = 'txtNote_I']' in '30' second(s)

2021-10-21 14:16:13 - [MESSAGE][INFO] - Clicking on object: 'Object Repository/Olusturma/Genel/Not/Notlar'

2021-10-21 14:16:13 - [MESSAGE][PASSED] - Object: 'Object Repository/Olusturma/Genel/Not/Notlar' is clicked on

2021-10-21 14:16:13 - [TEST_STEP][PASSED] - while (true): null

2021-10-21 14:16:13 - [TEST_STEP][PASSED] - delay(1): Delayed 1 second(s)

2021-10-21 14:16:13 - [MESSAGE][INFO] - Delaying browser in 1 second(s)

2021-10-21 14:16:14 - [MESSAGE][PASSED] - Delayed 1 second(s)

2021-10-21 14:16:14 - [TEST_STEP][PASSED] - ajaxIsComplete = executeJavaScript("return jQuery.active == 0", null): Execute JavaScript 'return jQuery.active == 0' successfully

2021-10-21 14:16:14 - [MESSAGE][PASSED] - Execute JavaScript 'return jQuery.active == 0' successfully

2021-10-21 14:16:14 - [TEST_STEP][PASSED] - if (ajaxIsComplete): null

2021-10-21 14:16:14 - [TEST_STEP][PASSED] - break: null

2021-10-21 14:16:14 - [TEST_STEP][PASSED] - waitForElementClickable(findTestObject("Object Repository/Olusturma/Genel/Buton"), 10): Object 'Object Repository/Olusturma/Genel/Buton' is clickable

2021-10-21 14:16:14 - [MESSAGE][INFO] - Finding Test Object 'Object Repository/Olusturma/Genel/Buton'

2021-10-21 14:16:14 - [MESSAGE][INFO] - Checking object

2021-10-21 14:16:14 - [MESSAGE][INFO] - Checking timeout

2021-10-21 14:16:14 - [MESSAGE][INFO] - Finding web element from Test Object's properties

2021-10-21 14:16:14 - [MESSAGE][INFO] - Checking timeout

2021-10-21 14:16:14 - [MESSAGE][INFO] - Finding web element with id: 'Object Repository/Olusturma/Genel/Buton' located by 'By.xpath: //*[@id = 'btnKaydet']' in '10' second(s)

2021-10-21 14:16:14 - [MESSAGE][INFO] - Smart Wait Function is triggered

2021-10-21 14:16:15 - [MESSAGE][INFO] - Found 1 web elements with id: 'Object Repository/Olusturma/Genel/Buton' located by 'By.xpath: //*[@id = 'btnKaydet']' in '10' second(s)

2021-10-21 14:16:15 - [MESSAGE][PASSED] - Object 'Object Repository/Olusturma/Genel/Buton' is clickable

2021-10-21 14:16:15 - [TEST_STEP][PASSED] - click(findTestObject("Object Repository/Olusturma/Genel/Buton")): Object: 'Object Repository/Olusturma/Genel/Buton' is clicked on

2021-10-21 14:16:15 - [MESSAGE][INFO] - Finding Test Object 'Object Repository/Olusturma/Genel/Buton'

2021-10-21 14:16:15 - [MESSAGE][INFO] - Checking object

2021-10-21 14:16:15 - [MESSAGE][INFO] - Finding web element from Test Object's properties

2021-10-21 14:16:15 - [MESSAGE][INFO] - Checking timeout

2021-10-21 14:16:15 - [MESSAGE][INFO] - Finding web element with id: 'Object Repository/Olusturma/Genel/Buton' located by 'By.xpath: //*[@id = 'btnKaydet']' in '30' second(s)

2021-10-21 14:16:15 - [MESSAGE][INFO] - Smart Wait Function is triggered

2021-10-21 14:16:15 - [MESSAGE][INFO] - Found 1 web elements with id: 'Object Repository/Olusturma/Genel/Buton' located by 'By.xpath: //*[@id = 'btnKaydet']' in '30' second(s)

2021-10-21 14:16:15 - [MESSAGE][INFO] - Clicking on object: 'Object Repository/Olusturma/Genel/Buton'

2021-10-21 14:16:18 - [MESSAGE][PASSED] - Object: 'Object Repository/Olusturma/Genel/Buton' is clicked on

2021-10-21 14:16:18 - [MESSAGE][PASSED] - Call Test Case 'Test Cases/Olusturma/Genel/KaydetButonunaTiklanir' successfully

2021-10-21 14:16:18 - [MESSAGE][INFO] - Checking called Test Case

2021-10-21 14:16:18 - [MESSAGE][INFO] - Starting to call Test Case 'Test Cases/Tablo/TablodaEttnliVeriOlusturulduMu'

2021-10-21 14:16:18 - [TEST_CASE][PASSED] - Test Cases/Tablo/TablodaEttnliVeriOlusturulduMu: Test Cases/Tablo/TablodaEttnliVeriOlusturulduMu

2021-10-21 14:16:18 - [TEST_STEP][PASSED] - Method.TextDegerineEsitElementVarMi(findTestObject("Tablo/OlusturulanVeri"), ettn): Method.TextDegerineEsitElementVarMi is PASSED

2021-10-21 14:16:18 - [MESSAGE][INFO] - Finding Test Object 'Object Repository/Tablo/OlusturulanVeri'

2021-10-21 14:16:18 - [MESSAGE][INFO] - Checking timeout

2021-10-21 14:16:18 - [MESSAGE][INFO] - Finding web element with id: 'Object Repository/Tablo/OlusturulanVeri' located by 'By.cssSelector: table.dxgvTable_LECustomTheme>tbody>tr:nth-child(3)>td.dxgv b,table.dxgvTable_LECustomTheme>tbody>tr:nth-child(3)>td.dxgv' in '10' second(s)

2021-10-21 14:16:18 - [MESSAGE][INFO] - Smart Wait Function is triggered

2021-10-21 14:16:18 - [MESSAGE][INFO] - Found 14 web elements with id: 'Object Repository/Tablo/OlusturulanVeri' located by 'By.cssSelector: table.dxgvTable_LECustomTheme>tbody>tr:nth-child(3)>td.dxgv b,table.dxgvTable_LECustomTheme>tbody>tr:nth-child(3)>td.dxgv' in '10' second(s)

2021-10-21 14:16:19 - [MESSAGE][PASSED] - Method.TextDegerineEsitElementVarMi is PASSED

2021-10-21 14:16:19 - [MESSAGE][PASSED] - Call Test Case 'Test Cases/Tablo/TablodaEttnliVeriOlusturulduMu' successfully

2021-10-21 14:16:19 - [MESSAGE][INFO] - Checking called Test Case

2021-10-21 14:16:19 - [MESSAGE][INFO] - Starting to call Test Case 'Test Cases/Tablo/TablodanEttnliVeriSec'

2021-10-21 14:16:19 - [TEST_CASE][PASSED] - Test Cases/Tablo/TablodanEttnliVeriSec: Test Cases/Tablo/TablodanEttnliVeriSec

2021-10-21 14:16:19 - [TEST_STEP][PASSED] - Method.TextDegerineEsitElementinAltindakineTikla(findTestObject("Tablo/Veriler"), findTestObject("Tablo/VerininCheckBoxi"), ettn): Method.TextDegerineEsitElementinAltindakineTikla is PASSED

2021-10-21 14:16:19 - [MESSAGE][INFO] - Finding Test Object 'Object Repository/Tablo/Veriler'

2021-10-21 14:16:19 - [MESSAGE][INFO] - Finding Test Object 'Object Repository/Tablo/VerininCheckBoxi'

2021-10-21 14:16:19 - [MESSAGE][INFO] - Checking timeout

2021-10-21 14:16:19 - [MESSAGE][INFO] - Finding web element with id: 'Object Repository/Tablo/Veriler' located by 'By.cssSelector: td.dxgv b ,td.dxgv' in '10' second(s)

2021-10-21 14:16:19 - [MESSAGE][INFO] - Smart Wait Function is triggered

2021-10-21 14:16:19 - [MESSAGE][INFO] - Found 84 web elements with id: 'Object Repository/Tablo/Veriler' located by 'By.cssSelector: td.dxgv b ,td.dxgv' in '10' second(s)

2021-10-21 14:16:19 - [MESSAGE][INFO] - Smart Wait Function is triggered

2021-10-21 14:16:19 - [MESSAGE][PASSED] - Method.TextDegerineEsitElementinAltindakineTikla is PASSED

2021-10-21 14:16:19 - [MESSAGE][PASSED] - Call Test Case 'Test Cases/Tablo/TablodanEttnliVeriSec' successfully

2021-10-21 14:16:19 - [MESSAGE][INFO] - Checking called Test Case

2021-10-21 14:16:19 - [MESSAGE][INFO] - Starting to call Test Case 'Test Cases/Butonlar/ButonaTikla'

2021-10-21 14:16:20 - [TEST_CASE][PASSED] - Test Cases/Butonlar/ButonaTikla: Test Cases/Butonlar/ButonaTikla

2021-10-21 14:16:20 - [TEST_STEP][PASSED] - Method.TextDegerineEsitElementeTiklaEquals(findTestObject("Butonlar/Butonlar"), Buton_Adi): Method.TextDegerineEsitElementeTiklaEquals is PASSED

2021-10-21 14:16:20 - [MESSAGE][INFO] - Finding Test Object 'Object Repository/Butonlar/Butonlar'

2021-10-21 14:16:20 - [MESSAGE][INFO] - Checking timeout

2021-10-21 14:16:20 - [MESSAGE][INFO] - Finding web element with id: 'Object Repository/Butonlar/Butonlar' located by 'By.cssSelector: .panel.panel-default.text-center.footerPanel .btn,.btn.btn-primary.btnControls' in '10' second(s)

2021-10-21 14:16:20 - [MESSAGE][INFO] - Smart Wait Function is triggered

2021-10-21 14:16:20 - [MESSAGE][INFO] - Found 10 web elements with id: 'Object Repository/Butonlar/Butonlar' located by 'By.cssSelector: .panel.panel-default.text-center.footerPanel .btn,.btn.btn-primary.btnControls' in '10' second(s)

2021-10-21 14:16:20 - [MESSAGE][PASSED] - Method.TextDegerineEsitElementeTiklaEquals is PASSED

2021-10-21 14:16:20 - [MESSAGE][PASSED] - Call Test Case 'Test Cases/Butonlar/ButonaTikla' successfully

2021-10-21 14:16:20 - [MESSAGE][INFO] - Checking called Test Case

2021-10-21 14:16:20 - [MESSAGE][INFO] - Starting to call Test Case 'Test Cases/Popup/PopupMesajiIceriyorMu'

2021-10-21 14:16:20 - [TEST_CASE][PASSED] - Test Cases/Popup/PopupMesajiIceriyorMu: Test Cases/Popup/PopupMesajiIceriyorMu

2021-10-21 14:16:20 - [TEST_STEP][PASSED] - waitForElementVisible(findTestObject("Popup/Popup"), 10): Object 'Object Repository/Popup/Popup' is visible

2021-10-21 14:16:20 - [MESSAGE][INFO] - Finding Test Object 'Object Repository/Popup/Popup'

2021-10-21 14:16:20 - [MESSAGE][INFO] - Checking object

2021-10-21 14:16:20 - [MESSAGE][INFO] - Checking timeout

2021-10-21 14:16:20 - [MESSAGE][INFO] - Finding web element from Test Object's properties

2021-10-21 14:16:20 - [MESSAGE][INFO] - Checking timeout

2021-10-21 14:16:20 - [MESSAGE][INFO] - Finding web element with id: 'Object Repository/Popup/Popup' located by 'By.cssSelector: .bootbox-body' in '10' second(s)

2021-10-21 14:16:20 - [MESSAGE][INFO] - Smart Wait Function is triggered

2021-10-21 14:16:21 - [MESSAGE][INFO] - Found 1 web elements with id: 'Object Repository/Popup/Popup' located by 'By.cssSelector: .bootbox-body' in '10' second(s)

2021-10-21 14:16:21 - [MESSAGE][PASSED] - Object 'Object Repository/Popup/Popup' is visible

2021-10-21 14:16:21 - [TEST_STEP][PASSED] - if (!(getText(findTestObject("Popup/Popup")).contains(Mesaj))): Text of object 'Object Repository/Popup/Popup' is: 'Oluşturulacak fatura numarası : EAR2021000000404 Fatura numarası oluşturulduktan sonra fatura silinemez. Fatura numarası, tarihi ve ön eki değiştirilemez. Devam etmek istiyor musunuz?'

2021-10-21 14:16:21 - [MESSAGE][INFO] - Finding Test Object 'Object Repository/Popup/Popup'

2021-10-21 14:16:21 - [MESSAGE][INFO] - Checking object

2021-10-21 14:16:21 - [MESSAGE][INFO] - Finding web element from Test Object's properties

2021-10-21 14:16:21 - [MESSAGE][INFO] - Checking timeout

2021-10-21 14:16:21 - [MESSAGE][INFO] - Finding web element with id: 'Object Repository/Popup/Popup' located by 'By.cssSelector: .bootbox-body' in '30' second(s)

2021-10-21 14:16:21 - [MESSAGE][INFO] - Smart Wait Function is triggered

2021-10-21 14:16:22 - [MESSAGE][INFO] - Found 1 web elements with id: 'Object Repository/Popup/Popup' located by 'By.cssSelector: .bootbox-body' in '30' second(s)

2021-10-21 14:16:22 - [MESSAGE][INFO] - Getting text of object 'Object Repository/Popup/Popup'

2021-10-21 14:16:22 - [MESSAGE][PASSED] - Text of object 'Object Repository/Popup/Popup' is: 'Oluşturulacak fatura numarası : EAR2021000000404 Fatura numarası oluşturulduktan sonra fatura silinemez. Fatura numarası, tarihi ve ön eki değiştirilemez. Devam etmek istiyor musunuz?'

2021-10-21 14:16:22 - [TEST_STEP][PASSED] - RaporNo = getText(findTestObject("Popup/Popup")).substring(0, 6): Text of object 'Object Repository/Popup/Popup' is: 'Oluşturulacak fatura numarası : EAR2021000000404 Fatura numarası oluşturulduktan sonra fatura silinemez. Fatura numarası, tarihi ve ön eki değiştirilemez. Devam etmek istiyor musunuz?'

2021-10-21 14:16:22 - [MESSAGE][INFO] - Finding Test Object 'Object Repository/Popup/Popup'

2021-10-21 14:16:22 - [MESSAGE][INFO] - Checking object

2021-10-21 14:16:22 - [MESSAGE][INFO] - Finding web element from Test Object's properties

2021-10-21 14:16:22 - [MESSAGE][INFO] - Checking timeout

2021-10-21 14:16:22 - [MESSAGE][INFO] - Finding web element with id: 'Object Repository/Popup/Popup' located by 'By.cssSelector: .bootbox-body' in '30' second(s)

2021-10-21 14:16:22 - [MESSAGE][INFO] - Smart Wait Function is triggered

2021-10-21 14:16:22 - [MESSAGE][INFO] - Found 1 web elements with id: 'Object Repository/Popup/Popup' located by 'By.cssSelector: .bootbox-body' in '30' second(s)

2021-10-21 14:16:22 - [MESSAGE][INFO] - Getting text of object 'Object Repository/Popup/Popup'

2021-10-21 14:16:22 - [MESSAGE][PASSED] - Text of object 'Object Repository/Popup/Popup' is: 'Oluşturulacak fatura numarası : EAR2021000000404 Fatura numarası oluşturulduktan sonra fatura silinemez. Fatura numarası, tarihi ve ön eki değiştirilemez. Devam etmek istiyor musunuz?'

2021-10-21 14:16:22 - [TEST_STEP][PASSED] - Console.println(RaporNo): null

2021-10-21 14:16:22 - [MESSAGE][PASSED] - Call Test Case 'Test Cases/Popup/PopupMesajiIceriyorMu' successfully

2021-10-21 14:16:22 - [MESSAGE][INFO] - Checking called Test Case

2021-10-21 14:16:22 - [MESSAGE][INFO] - Starting to call Test Case 'Test Cases/Popup/PopupButonSecilir'

2021-10-21 14:16:22 - [TEST_CASE][PASSED] - Test Cases/Popup/PopupButonSecilir: Test Cases/Popup/PopupButonSecilir

2021-10-21 14:16:22 - [TEST_STEP][PASSED] - Method.TextDegerineEsitElementeTikla(findTestObject("Popup/Popup_Butons"), Buton): Method.TextDegerineEsitElementeTikla is PASSED

2021-10-21 14:16:22 - [MESSAGE][INFO] - Finding Test Object 'Object Repository/Popup/Popup_Butons'

2021-10-21 14:16:22 - [MESSAGE][INFO] - Checking timeout

2021-10-21 14:16:22 - [MESSAGE][INFO] - Finding web element with id: 'Object Repository/Popup/Popup_Butons' located by 'By.cssSelector: .modal-footer>button' in '10' second(s)

2021-10-21 14:16:22 - [MESSAGE][INFO] - Smart Wait Function is triggered

2021-10-21 14:16:22 - [MESSAGE][INFO] - Found 2 web elements with id: 'Object Repository/Popup/Popup_Butons' located by 'By.cssSelector: .modal-footer>button' in '10' second(s)

2021-10-21 14:16:23 - [MESSAGE][PASSED] - Method.TextDegerineEsitElementeTikla is PASSED

2021-10-21 14:16:23 - [MESSAGE][PASSED] - Call Test Case 'Test Cases/Popup/PopupButonSecilir' successfully

2021-10-21 14:16:23 - [MESSAGE][INFO] - Checking called Test Case

2021-10-21 14:16:23 - [MESSAGE][INFO] - Starting to call Test Case 'Test Cases/Popup/PopupMesajiIceriyorMu'

2021-10-21 14:16:23 - [TEST_CASE][PASSED] - Test Cases/Popup/PopupMesajiIceriyorMu: Test Cases/Popup/PopupMesajiIceriyorMu

2021-10-21 14:16:23 - [TEST_STEP][PASSED] - waitForElementVisible(findTestObject("Popup/Popup"), 10): Object 'Object Repository/Popup/Popup' is visible

2021-10-21 14:16:23 - [MESSAGE][INFO] - Finding Test Object 'Object Repository/Popup/Popup'

2021-10-21 14:16:23 - [MESSAGE][INFO] - Checking object

2021-10-21 14:16:23 - [MESSAGE][INFO] - Checking timeout

2021-10-21 14:16:23 - [MESSAGE][INFO] - Finding web element from Test Object's properties

2021-10-21 14:16:23 - [MESSAGE][INFO] - Checking timeout

2021-10-21 14:16:23 - [MESSAGE][INFO] - Finding web element with id: 'Object Repository/Popup/Popup' located by 'By.cssSelector: .bootbox-body' in '10' second(s)

2021-10-21 14:16:23 - [MESSAGE][INFO] - Smart Wait Function is triggered

2021-10-21 14:16:24 - [MESSAGE][INFO] - Found 1 web elements with id: 'Object Repository/Popup/Popup' located by 'By.cssSelector: .bootbox-body' in '10' second(s)

2021-10-21 14:16:24 - [MESSAGE][PASSED] - Object 'Object Repository/Popup/Popup' is visible

2021-10-21 14:16:24 - [TEST_STEP][PASSED] - if (!(getText(findTestObject("Popup/Popup")).contains(Mesaj))): Text of object 'Object Repository/Popup/Popup' is: 'Fatura numaranız EAR2021000000404 olarak oluşmuştur.'

2021-10-21 14:16:24 - [MESSAGE][INFO] - Finding Test Object 'Object Repository/Popup/Popup'

2021-10-21 14:16:24 - [MESSAGE][INFO] - Checking object

2021-10-21 14:16:24 - [MESSAGE][INFO] - Finding web element from Test Object's properties

2021-10-21 14:16:24 - [MESSAGE][INFO] - Checking timeout

2021-10-21 14:16:24 - [MESSAGE][INFO] - Finding web element with id: 'Object Repository/Popup/Popup' located by 'By.cssSelector: .bootbox-body' in '30' second(s)

2021-10-21 14:16:24 - [MESSAGE][INFO] - Smart Wait Function is triggered

2021-10-21 14:16:24 - [MESSAGE][INFO] - Found 1 web elements with id: 'Object Repository/Popup/Popup' located by 'By.cssSelector: .bootbox-body' in '30' second(s)

2021-10-21 14:16:24 - [MESSAGE][INFO] - Getting text of object 'Object Repository/Popup/Popup'

2021-10-21 14:16:24 - [MESSAGE][PASSED] - Text of object 'Object Repository/Popup/Popup' is: 'Fatura numaranız EAR2021000000404 olarak oluşmuştur.'

2021-10-21 14:16:24 - [TEST_STEP][PASSED] - RaporNo = getText(findTestObject("Popup/Popup")).substring(0, 6): Text of object 'Object Repository/Popup/Popup' is: 'Fatura numaranız EAR2021000000404 olarak oluşmuştur.'

2021-10-21 14:16:24 - [MESSAGE][INFO] - Finding Test Object 'Object Repository/Popup/Popup'

2021-10-21 14:16:24 - [MESSAGE][INFO] - Checking object

2021-10-21 14:16:24 - [MESSAGE][INFO] - Finding web element from Test Object's properties

2021-10-21 14:16:24 - [MESSAGE][INFO] - Checking timeout

2021-10-21 14:16:24 - [MESSAGE][INFO] - Finding web element with id: 'Object Repository/Popup/Popup' located by 'By.cssSelector: .bootbox-body' in '30' second(s)

2021-10-21 14:16:24 - [MESSAGE][INFO] - Smart Wait Function is triggered

2021-10-21 14:16:24 - [MESSAGE][INFO] - Found 1 web elements with id: 'Object Repository/Popup/Popup' located by 'By.cssSelector: .bootbox-body' in '30' second(s)

2021-10-21 14:16:24 - [MESSAGE][INFO] - Getting text of object 'Object Repository/Popup/Popup'

2021-10-21 14:16:24 - [MESSAGE][PASSED] - Text of object 'Object Repository/Popup/Popup' is: 'Fatura numaranız EAR2021000000404 olarak oluşmuştur.'

2021-10-21 14:16:24 - [TEST_STEP][PASSED] - Console.println(RaporNo): null

2021-10-21 14:16:24 - [MESSAGE][PASSED] - Call Test Case 'Test Cases/Popup/PopupMesajiIceriyorMu' successfully

2021-10-21 14:16:24 - [MESSAGE][INFO] - Checking called Test Case

2021-10-21 14:16:24 - [MESSAGE][INFO] - Starting to call Test Case 'Test Cases/Popup/PopupButonSecilir'

2021-10-21 14:16:25 - [TEST_CASE][PASSED] - Test Cases/Popup/PopupButonSecilir: Test Cases/Popup/PopupButonSecilir

2021-10-21 14:16:25 - [TEST_STEP][PASSED] - Method.TextDegerineEsitElementeTikla(findTestObject("Popup/Popup_Butons"), Buton): Method.TextDegerineEsitElementeTikla is PASSED

2021-10-21 14:16:25 - [MESSAGE][INFO] - Finding Test Object 'Object Repository/Popup/Popup_Butons'

2021-10-21 14:16:25 - [MESSAGE][INFO] - Checking timeout

2021-10-21 14:16:25 - [MESSAGE][INFO] - Finding web element with id: 'Object Repository/Popup/Popup_Butons' located by 'By.cssSelector: .modal-footer>button' in '10' second(s)

2021-10-21 14:16:25 - [MESSAGE][INFO] - Smart Wait Function is triggered

2021-10-21 14:16:25 - [MESSAGE][INFO] - Found 1 web elements with id: 'Object Repository/Popup/Popup_Butons' located by 'By.cssSelector: .modal-footer>button' in '10' second(s)

2021-10-21 14:16:25 - [MESSAGE][PASSED] - Method.TextDegerineEsitElementeTikla is PASSED

2021-10-21 14:16:25 - [MESSAGE][PASSED] - Call Test Case 'Test Cases/Popup/PopupButonSecilir' successfully

2021-10-21 14:16:25 - [MESSAGE][INFO] - Checking called Test Case

2021-10-21 14:16:25 - [MESSAGE][INFO] - Starting to call Test Case 'Test Cases/Tablo/TablodanEttnliVeriSec'

2021-10-21 14:16:25 - [TEST_CASE][PASSED] - Test Cases/Tablo/TablodanEttnliVeriSec: Test Cases/Tablo/TablodanEttnliVeriSec

2021-10-21 14:16:25 - [TEST_STEP][PASSED] - Method.TextDegerineEsitElementinAltindakineTikla(findTestObject("Tablo/Veriler"), findTestObject("Tablo/VerininCheckBoxi"), ettn): Method.TextDegerineEsitElementinAltindakineTikla is PASSED

2021-10-21 14:16:25 - [MESSAGE][INFO] - Finding Test Object 'Object Repository/Tablo/Veriler'

2021-10-21 14:16:25 - [MESSAGE][INFO] - Finding Test Object 'Object Repository/Tablo/VerininCheckBoxi'

2021-10-21 14:16:26 - [MESSAGE][INFO] - Checking timeout

2021-10-21 14:16:26 - [MESSAGE][INFO] - Finding web element with id: 'Object Repository/Tablo/Veriler' located by 'By.cssSelector: td.dxgv b ,td.dxgv' in '10' second(s)

2021-10-21 14:16:26 - [MESSAGE][INFO] - Smart Wait Function is triggered

2021-10-21 14:16:26 - [MESSAGE][INFO] - Found 84 web elements with id: 'Object Repository/Tablo/Veriler' located by 'By.cssSelector: td.dxgv b ,td.dxgv' in '10' second(s)

2021-10-21 14:16:26 - [MESSAGE][INFO] - Smart Wait Function is triggered

2021-10-21 14:16:27 - [MESSAGE][PASSED] - Method.TextDegerineEsitElementinAltindakineTikla is PASSED

2021-10-21 14:16:27 - [MESSAGE][PASSED] - Call Test Case 'Test Cases/Tablo/TablodanEttnliVeriSec' successfully

2021-10-21 14:16:27 - [MESSAGE][INFO] - Checking called Test Case

2021-10-21 14:16:27 - [MESSAGE][INFO] - Starting to call Test Case 'Test Cases/Butonlar/ButonaTikla'

2021-10-21 14:16:27 - [TEST_CASE][PASSED] - Test Cases/Butonlar/ButonaTikla: Test Cases/Butonlar/ButonaTikla

2021-10-21 14:16:27 - [TEST_STEP][PASSED] - Method.TextDegerineEsitElementeTiklaEquals(findTestObject("Butonlar/Butonlar"), Buton_Adi): Method.TextDegerineEsitElementeTiklaEquals is PASSED

2021-10-21 14:16:27 - [MESSAGE][INFO] - Finding Test Object 'Object Repository/Butonlar/Butonlar'

2021-10-21 14:16:27 - [MESSAGE][INFO] - Checking timeout

2021-10-21 14:16:27 - [MESSAGE][INFO] - Finding web element with id: 'Object Repository/Butonlar/Butonlar' located by 'By.cssSelector: .panel.panel-default.text-center.footerPanel .btn,.btn.btn-primary.btnControls' in '10' second(s)

2021-10-21 14:16:27 - [MESSAGE][INFO] - Smart Wait Function is triggered

2021-10-21 14:16:27 - [MESSAGE][INFO] - Found 10 web elements with id: 'Object Repository/Butonlar/Butonlar' located by 'By.cssSelector: .panel.panel-default.text-center.footerPanel .btn,.btn.btn-primary.btnControls' in '10' second(s)

2021-10-21 14:16:28 - [MESSAGE][PASSED] - Method.TextDegerineEsitElementeTiklaEquals is PASSED

2021-10-21 14:16:28 - [MESSAGE][PASSED] - Call Test Case 'Test Cases/Butonlar/ButonaTikla' successfully

2021-10-21 14:16:28 - [MESSAGE][INFO] - Checking called Test Case

2021-10-21 14:16:28 - [MESSAGE][INFO] - Starting to call Test Case 'Test Cases/Popup/PopupMesajiIceriyorMu'

2021-10-21 14:16:28 - [TEST_CASE][PASSED] - Test Cases/Popup/PopupMesajiIceriyorMu: Test Cases/Popup/PopupMesajiIceriyorMu

2021-10-21 14:16:28 - [TEST_STEP][PASSED] - waitForElementVisible(findTestObject("Popup/Popup"), 10): Object 'Object Repository/Popup/Popup' is visible

2021-10-21 14:16:28 - [MESSAGE][INFO] - Finding Test Object 'Object Repository/Popup/Popup'

2021-10-21 14:16:28 - [MESSAGE][INFO] - Checking object

2021-10-21 14:16:28 - [MESSAGE][INFO] - Checking timeout

2021-10-21 14:16:28 - [MESSAGE][INFO] - Finding web element from Test Object's properties

2021-10-21 14:16:28 - [MESSAGE][INFO] - Checking timeout

2021-10-21 14:16:28 - [MESSAGE][INFO] - Finding web element with id: 'Object Repository/Popup/Popup' located by 'By.cssSelector: .bootbox-body' in '10' second(s)

2021-10-21 14:16:28 - [MESSAGE][INFO] - Smart Wait Function is triggered

2021-10-21 14:16:28 - [MESSAGE][INFO] - Found 1 web elements with id: 'Object Repository/Popup/Popup' located by 'By.cssSelector: .bootbox-body' in '10' second(s)

2021-10-21 14:16:28 - [MESSAGE][PASSED] - Object 'Object Repository/Popup/Popup' is visible

2021-10-21 14:16:28 - [TEST_STEP][PASSED] - if (!(getText(findTestObject("Popup/Popup")).contains(Mesaj))): Text of object 'Object Repository/Popup/Popup' is: 'EAR serisi için onaylanmamış belge(leri)niz bulunmaktadır.
Devam etmek istiyor musunuz?'

2021-10-21 14:16:28 - [MESSAGE][INFO] - Finding Test Object 'Object Repository/Popup/Popup'

2021-10-21 14:16:28 - [MESSAGE][INFO] - Checking object

2021-10-21 14:16:28 - [MESSAGE][INFO] - Finding web element from Test Object's properties

2021-10-21 14:16:28 - [MESSAGE][INFO] - Checking timeout

2021-10-21 14:16:28 - [MESSAGE][INFO] - Finding web element with id: 'Object Repository/Popup/Popup' located by 'By.cssSelector: .bootbox-body' in '30' second(s)

2021-10-21 14:16:28 - [MESSAGE][INFO] - Smart Wait Function is triggered

2021-10-21 14:16:29 - [MESSAGE][INFO] - Found 1 web elements with id: 'Object Repository/Popup/Popup' located by 'By.cssSelector: .bootbox-body' in '30' second(s)

2021-10-21 14:16:29 - [MESSAGE][INFO] - Getting text of object 'Object Repository/Popup/Popup'

2021-10-21 14:16:29 - [MESSAGE][PASSED] - Text of object 'Object Repository/Popup/Popup' is: 'EAR serisi için onaylanmamış belge(leri)niz bulunmaktadır.
Devam etmek istiyor musunuz?'

2021-10-21 14:16:29 - [TEST_STEP][PASSED] - RaporNo = getText(findTestObject("Popup/Popup")).substring(0, 6): Text of object 'Object Repository/Popup/Popup' is: 'EAR serisi için onaylanmamış belge(leri)niz bulunmaktadır.
Devam etmek istiyor musunuz?'

2021-10-21 14:16:29 - [MESSAGE][INFO] - Finding Test Object 'Object Repository/Popup/Popup'

2021-10-21 14:16:29 - [MESSAGE][INFO] - Checking object

2021-10-21 14:16:29 - [MESSAGE][INFO] - Finding web element from Test Object's properties

2021-10-21 14:16:29 - [MESSAGE][INFO] - Checking timeout

2021-10-21 14:16:29 - [MESSAGE][INFO] - Finding web element with id: 'Object Repository/Popup/Popup' located by 'By.cssSelector: .bootbox-body' in '30' second(s)

2021-10-21 14:16:29 - [MESSAGE][INFO] - Smart Wait Function is triggered

2021-10-21 14:16:29 - [MESSAGE][INFO] - Found 1 web elements with id: 'Object Repository/Popup/Popup' located by 'By.cssSelector: .bootbox-body' in '30' second(s)

2021-10-21 14:16:29 - [MESSAGE][INFO] - Getting text of object 'Object Repository/Popup/Popup'

2021-10-21 14:16:29 - [MESSAGE][PASSED] - Text of object 'Object Repository/Popup/Popup' is: 'EAR serisi için onaylanmamış belge(leri)niz bulunmaktadır.
Devam etmek istiyor musunuz?'

2021-10-21 14:16:29 - [TEST_STEP][PASSED] - Console.println(RaporNo): null

2021-10-21 14:16:29 - [MESSAGE][PASSED] - Call Test Case 'Test Cases/Popup/PopupMesajiIceriyorMu' successfully

2021-10-21 14:16:29 - [MESSAGE][INFO] - Checking called Test Case

2021-10-21 14:16:29 - [MESSAGE][INFO] - Starting to call Test Case 'Test Cases/Popup/PopupButonSecilir'

2021-10-21 14:16:29 - [TEST_CASE][PASSED] - Test Cases/Popup/PopupButonSecilir: Test Cases/Popup/PopupButonSecilir

2021-10-21 14:16:29 - [TEST_STEP][PASSED] - Method.TextDegerineEsitElementeTikla(findTestObject("Popup/Popup_Butons"), Buton): Method.TextDegerineEsitElementeTikla is PASSED

2021-10-21 14:16:29 - [MESSAGE][INFO] - Finding Test Object 'Object Repository/Popup/Popup_Butons'

2021-10-21 14:16:29 - [MESSAGE][INFO] - Checking timeout

2021-10-21 14:16:29 - [MESSAGE][INFO] - Finding web element with id: 'Object Repository/Popup/Popup_Butons' located by 'By.cssSelector: .modal-footer>button' in '10' second(s)

2021-10-21 14:16:29 - [MESSAGE][INFO] - Smart Wait Function is triggered

2021-10-21 14:16:30 - [MESSAGE][INFO] - Found 2 web elements with id: 'Object Repository/Popup/Popup_Butons' located by 'By.cssSelector: .modal-footer>button' in '10' second(s)

2021-10-21 14:16:30 - [MESSAGE][PASSED] - Method.TextDegerineEsitElementeTikla is PASSED

2021-10-21 14:16:30 - [MESSAGE][PASSED] - Call Test Case 'Test Cases/Popup/PopupButonSecilir' successfully

2021-10-21 14:16:30 - [MESSAGE][INFO] - Checking called Test Case

2021-10-21 14:16:30 - [MESSAGE][INFO] - Starting to call Test Case 'Test Cases/Menu/AnaMenuSecimi'

2021-10-21 14:16:30 - [TEST_CASE][PASSED] - Test Cases/Menu/AnaMenuSecimi: Test Cases/Menu/AnaMenuSecimi

2021-10-21 14:16:30 - [TEST_STEP][PASSED] - Method.TextDegerineEsitElementeTikla(findTestObject("Menu/Ana_Menu"), Ana_Menu): Method.TextDegerineEsitElementeTikla is PASSED

2021-10-21 14:16:30 - [MESSAGE][INFO] - Finding Test Object 'Object Repository/Menu/Ana_Menu'

2021-10-21 14:16:30 - [MESSAGE][INFO] - Checking timeout

2021-10-21 14:16:30 - [MESSAGE][INFO] - Finding web element with id: 'Object Repository/Menu/Ana_Menu' located by 'By.xpath: //*[@class = 'dropdown-toggle']' in '10' second(s)

2021-10-21 14:16:30 - [MESSAGE][INFO] - Smart Wait Function is triggered

2021-10-21 14:16:31 - [MESSAGE][INFO] - Found 14 web elements with id: 'Object Repository/Menu/Ana_Menu' located by 'By.xpath: //*[@class = 'dropdown-toggle']' in '10' second(s)

2021-10-21 14:16:31 - [MESSAGE][PASSED] - Method.TextDegerineEsitElementeTikla is PASSED

2021-10-21 14:16:31 - [MESSAGE][PASSED] - Call Test Case 'Test Cases/Menu/AnaMenuSecimi' successfully

2021-10-21 14:16:31 - [MESSAGE][INFO] - Checking called Test Case

2021-10-21 14:16:31 - [MESSAGE][INFO] - Starting to call Test Case 'Test Cases/Menu/BasligaGoreAltMenuSecimi'

2021-10-21 14:16:31 - [TEST_CASE][PASSED] - Test Cases/Menu/BasligaGoreAltMenuSecimi: Test Cases/Menu/BasligaGoreAltMenuSecimi

2021-10-21 14:16:31 - [TEST_STEP][PASSED] - Method.TextDegerineEsitElementinAltindakiTextDegerineEsitOlanaTikla(findTestObject("Menu/Menu_Basligi"), findTestObject("Menu/Basliga_Gore_Alt_Menu"), Baslik, Alt_Menu): Method.TextDegerineEsitElementinAltindakiTextDegerineEsitOlanaTikla is PASSED

2021-10-21 14:16:31 - [MESSAGE][INFO] - Finding Test Object 'Object Repository/Menu/Menu_Basligi'

2021-10-21 14:16:31 - [MESSAGE][INFO] - Finding Test Object 'Object Repository/Menu/Basliga_Gore_Alt_Menu'

2021-10-21 14:16:31 - [MESSAGE][INFO] - Checking timeout

2021-10-21 14:16:31 - [MESSAGE][INFO] - Finding web element with id: 'Object Repository/Menu/Menu_Basligi' located by 'By.xpath: //li[@class='dropdown dropdown-large open']//li[@class='dropdown-header']' in '10' second(s)

2021-10-21 14:16:31 - [MESSAGE][INFO] - Smart Wait Function is triggered

2021-10-21 14:16:32 - [MESSAGE][INFO] - Found 2 web elements with id: 'Object Repository/Menu/Menu_Basligi' located by 'By.xpath: //li[@class='dropdown dropdown-large open']//li[@class='dropdown-header']' in '10' second(s)

2021-10-21 14:16:32 - [MESSAGE][INFO] - Smart Wait Function is triggered

2021-10-21 14:16:34 - [MESSAGE][PASSED] - Method.TextDegerineEsitElementinAltindakiTextDegerineEsitOlanaTikla is PASSED

2021-10-21 14:16:34 - [MESSAGE][PASSED] - Call Test Case 'Test Cases/Menu/BasligaGoreAltMenuSecimi' successfully

2021-10-21 14:16:34 - [MESSAGE][INFO] - Checking called Test Case

2021-10-21 14:16:34 - [MESSAGE][INFO] - Starting to call Test Case 'Test Cases/Filtreler/EttnYaz'

2021-10-21 14:16:34 - [TEST_CASE][PASSED] - Test Cases/Filtreler/EttnYaz: Test Cases/Filtreler/EttnYaz

2021-10-21 14:16:34 - [TEST_STEP][PASSED] - Method.TextDegerineEsitElementinAltindakiTextboxtaYaz(findTestObject("Filtreler/Basliklar"), findTestObject("Filtreler/Basliga_Gore_Textbox"), "ETTN", ettn): Method.TextDegerineEsitElementinAltindakiTextboxtaYaz is PASSED

2021-10-21 14:16:34 - [MESSAGE][INFO] - Finding Test Object 'Object Repository/Filtreler/Basliklar'

2021-10-21 14:16:34 - [MESSAGE][INFO] - Finding Test Object 'Object Repository/Filtreler/Basliga_Gore_Textbox'

2021-10-21 14:16:34 - [MESSAGE][INFO] - Checking timeout

2021-10-21 14:16:34 - [MESSAGE][INFO] - Finding web element with id: 'Object Repository/Filtreler/Basliklar' located by 'By.cssSelector: .control-label.col-sm-4.paddingMarginRLC' in '10' second(s)

2021-10-21 14:16:34 - [MESSAGE][INFO] - Smart Wait Function is triggered

2021-10-21 14:16:35 - [MESSAGE][INFO] - Found 19 web elements with id: 'Object Repository/Filtreler/Basliklar' located by 'By.cssSelector: .control-label.col-sm-4.paddingMarginRLC' in '10' second(s)

2021-10-21 14:16:35 - [MESSAGE][INFO] - Smart Wait Function is triggered

2021-10-21 14:16:35 - [MESSAGE][PASSED] - Method.TextDegerineEsitElementinAltindakiTextboxtaYaz is PASSED

2021-10-21 14:16:35 - [MESSAGE][PASSED] - Call Test Case 'Test Cases/Filtreler/EttnYaz' successfully

2021-10-21 14:16:35 - [MESSAGE][INFO] - Checking called Test Case

2021-10-21 14:16:35 - [MESSAGE][INFO] - Starting to call Test Case 'Test Cases/Filtreler/ButonaTikla'

2021-10-21 14:16:35 - [TEST_CASE][PASSED] - Test Cases/Filtreler/ButonaTikla: Test Cases/Filtreler/ButonaTikla

2021-10-21 14:16:35 - [TEST_STEP][PASSED] - Method.TextDegerineEsitElementeTikla(findTestObject("Filtreler/Butonlar"), Filtre_Buton): Method.TextDegerineEsitElementeTikla is PASSED

2021-10-21 14:16:35 - [MESSAGE][INFO] - Finding Test Object 'Object Repository/Filtreler/Butonlar'

2021-10-21 14:16:36 - [MESSAGE][INFO] - Checking timeout

2021-10-21 14:16:36 - [MESSAGE][INFO] - Finding web element with id: 'Object Repository/Filtreler/Butonlar' located by 'By.cssSelector: .dxb>span' in '10' second(s)

2021-10-21 14:16:36 - [MESSAGE][INFO] - Smart Wait Function is triggered

2021-10-21 14:16:36 - [MESSAGE][INFO] - Found 3 web elements with id: 'Object Repository/Filtreler/Butonlar' located by 'By.cssSelector: .dxb>span' in '10' second(s)

2021-10-21 14:16:36 - [MESSAGE][PASSED] - Method.TextDegerineEsitElementeTikla is PASSED

2021-10-21 14:16:36 - [MESSAGE][PASSED] - Call Test Case 'Test Cases/Filtreler/ButonaTikla' successfully

2021-10-21 14:16:36 - [MESSAGE][INFO] - Checking called Test Case

2021-10-21 14:16:36 - [MESSAGE][INFO] - Starting to call Test Case 'Test Cases/Tablo/TablodaVeriVarMi'

2021-10-21 14:16:36 - [TEST_CASE][PASSED] - Test Cases/Tablo/TablodaVeriVarMi: Test Cases/Tablo/TablodaVeriVarMi

2021-10-21 14:16:36 - [TEST_STEP][PASSED] - verifyTextNotPresent("Görüntülenecek veri yok", true): Text 'Görüntülenecek veri yok' is not present on page using regular expression

2021-10-21 14:16:36 - [MESSAGE][INFO] - Checking text present  using regular expression

2021-10-21 14:16:36 - [MESSAGE][INFO] - Smart Wait Function is triggered

2021-10-21 14:16:37 - [MESSAGE][INFO] - Finding text 'Görüntülenecek veri yok' on page  using regular expression

2021-10-21 14:16:37 - [MESSAGE][PASSED] - Text 'Görüntülenecek veri yok' is not present on page using regular expression

2021-10-21 14:16:37 - [MESSAGE][PASSED] - Call Test Case 'Test Cases/Tablo/TablodaVeriVarMi' successfully

2021-10-21 14:16:37 - [MESSAGE][INFO] - Checking called Test Case

2021-10-21 14:16:37 - [MESSAGE][INFO] - Starting to call Test Case 'Test Cases/Tablo/TablodaVeriBasariliMiArsiv'

2021-10-21 14:16:37 - [TEST_CASE][PASSED] - Test Cases/Tablo/TablodaVeriBasariliMiArsiv: Test Cases/Tablo/TablodaVeriBasariliMiArsiv

2021-10-21 14:16:37 - [TEST_STEP][PASSED] - sayac = 80: null

2021-10-21 14:16:37 - [TEST_STEP][PASSED] - while (verifyElementText(findTestObject("Object Repository/Tablo/DurumBilgisiArsiv"), "Henüz Sonuçlanmadı", OPTIONAL)): Actual text 'Başarılı' and expected text 'Henüz Sonuçlanmadı' of test object 'Object Repository/Tablo/DurumBilgisiArsiv' are NOT matched. (Root cause: com.kms.katalon.core.exception.StepFailedException: Actual text 'Başarılı' and expected text 'Henüz Sonuçlanmadı' of test object 'Object Repository/Tablo/DurumBilgisiArsiv' are NOT matched.
	at com.kms.katalon.core.webui.keyword.internal.WebUIKeywordMain.stepFailed(WebUIKeywordMain.groovy:64)
	at com.kms.katalon.core.webui.keyword.builtin.VerifyElementTextKeyword$_verifyElementText_closure1.doCall(VerifyElementTextKeyword.groovy:57)
	at com.kms.katalon.core.webui.keyword.builtin.VerifyElementTextKeyword$_verifyElementText_closure1.call(VerifyElementTextKeyword.groovy)
	at com.kms.katalon.core.webui.keyword.internal.WebUIKeywordMain.runKeyword(WebUIKeywordMain.groovy:20)
	at com.kms.katalon.core.webui.keyword.builtin.VerifyElementTextKeyword.verifyElementText(VerifyElementTextKeyword.groovy:72)
	at com.kms.katalon.core.webui.keyword.builtin.VerifyElementTextKeyword.execute(VerifyElementTextKeyword.groovy:40)
	at com.kms.katalon.core.keyword.internal.KeywordExecutor.executeKeywordForPlatform(KeywordExecutor.groovy:73)
	at com.kms.katalon.core.webui.keyword.WebUiBuiltInKeywords.verifyElementText(WebUiBuiltInKeywords.groovy:4733)
	at com.kms.katalon.core.webui.keyword.WebUiBuiltInKeywords$verifyElementText$20.call(Unknown Source)
	at TablodaVeriBasariliMiArsiv.run(TablodaVeriBasariliMiArsiv:22)
	at com.kms.katalon.core.main.ScriptEngine.run(ScriptEngine.java:194)
	at com.kms.katalon.core.main.ScriptEngine.runScriptAsRawText(ScriptEngine.java:119)
	at com.kms.katalon.core.main.TestCaseExecutor.runScript(TestCaseExecutor.java:369)
	at com.kms.katalon.core.main.TestCaseExecutor.doExecute(TestCaseExecutor.java:360)
	at com.kms.katalon.core.main.TestCaseExecutor.processExecutionPhase(TestCaseExecutor.java:339)
	at com.kms.katalon.core.main.TestCaseExecutor.accessMainPhase(TestCaseExecutor.java:331)
	at com.kms.katalon.core.main.TestCaseExecutor.execute(TestCaseExecutor.java:248)
	at com.kms.katalon.core.main.TestCaseMain.runTestCase(TestCaseMain.java:138)
	at com.kms.katalon.core.keyword.builtin.CallTestCaseKeyword$_callTestCase_closure1.doCall(CallTestCaseKeyword.groovy:59)
	at com.kms.katalon.core.keyword.builtin.CallTestCaseKeyword$_callTestCase_closure1.call(CallTestCaseKeyword.groovy)
	at com.kms.katalon.core.keyword.internal.KeywordMain.runKeyword(KeywordMain.groovy:68)
	at com.kms.katalon.core.keyword.builtin.CallTestCaseKeyword.callTestCase(CallTestCaseKeyword.groovy:81)
	at com.kms.katalon.core.keyword.builtin.CallTestCaseKeyword.execute(CallTestCaseKeyword.groovy:44)
	at com.kms.katalon.core.keyword.internal.KeywordExecutor.executeKeywordForPlatform(KeywordExecutor.groovy:73)
	at com.kms.katalon.core.keyword.BuiltinKeywords.callTestCase(BuiltinKeywords.groovy:334)
	at tablo.tablo.tablodaVeriBasariliMiArsiv(tablo.groovy:95)
	at cucumber.runtime.Utils$1.call(Utils.java:26)
	at cucumber.runtime.Timeout.timeout(Timeout.java:16)
	at cucumber.runtime.Utils.invoke(Utils.java:20)
	at cucumber.runtime.java.JavaStepDefinition.execute(JavaStepDefinition.java:49)
	at cucumber.runner.PickleStepDefinitionMatch.runStep(PickleStepDefinitionMatch.java:50)
	at cucumber.runner.TestStep.executeStep(TestStep.java:63)
	at cucumber.runner.TestStep.run(TestStep.java:49)
	at cucumber.runner.PickleStepTestStep.run(PickleStepTestStep.java:43)
	at cucumber.runner.TestCase.run(TestCase.java:44)
	at cucumber.runner.Runner.runPickle(Runner.java:40)
	at cucumber.runtime.Runtime$1.run(Runtime.java:84)
	at cucumber.runtime.Runtime$SameThreadExecutorService.execute(Runtime.java:220)
	at cucumber.runtime.Runtime.run(Runtime.java:81)
	at cucumber.api.cli.Main.run(Main.java:26)
	at cucumber.api.cli.Main$run.call(Unknown Source)
	at com.kms.katalon.core.cucumber.keyword.CucumberBuiltinKeywords$_runFeatureFile_closure1.doCall(CucumberBuiltinKeywords.groovy:106)
	at com.kms.katalon.core.cucumber.keyword.CucumberBuiltinKeywords$_runFeatureFile_closure1.doCall(CucumberBuiltinKeywords.groovy)
	at com.kms.katalon.core.keyword.internal.KeywordMain.runKeyword(KeywordMain.groovy:68)
	at com.kms.katalon.core.keyword.internal.KeywordMain$runKeyword.call(Unknown Source)
	at com.kms.katalon.core.cucumber.keyword.CucumberBuiltinKeywords.runFeatureFile(CucumberBuiltinKeywords.groovy:73)
	at com.kms.katalon.core.cucumber.keyword.CucumberBuiltinKeywords$runFeatureFile$0.callStatic(Unknown Source)
	at com.kms.katalon.core.cucumber.keyword.CucumberBuiltinKeywords.runFeatureFile(CucumberBuiltinKeywords.groovy:246)
	at com.kms.katalon.core.cucumber.keyword.CucumberBuiltinKeywords$runFeatureFile.call(Unknown Source)
	at VKN-Elektronik-Istisna.run(VKN-Elektronik-Istisna:19)
	at com.kms.katalon.core.main.ScriptEngine.run(ScriptEngine.java:194)
	at com.kms.katalon.core.main.ScriptEngine.runScriptAsRawText(ScriptEngine.java:119)
	at com.kms.katalon.core.main.TestCaseExecutor.runScript(TestCaseExecutor.java:369)
	at com.kms.katalon.core.main.TestCaseExecutor.doExecute(TestCaseExecutor.java:360)
	at com.kms.katalon.core.main.TestCaseExecutor.processExecutionPhase(TestCaseExecutor.java:339)
	at com.kms.katalon.core.main.TestCaseExecutor.accessMainPhase(TestCaseExecutor.java:331)
	at com.kms.katalon.core.main.TestCaseExecutor.execute(TestCaseExecutor.java:248)
	at com.kms.katalon.core.main.TestSuiteExecutor.accessTestCaseMainPhase(TestSuiteExecutor.java:191)
	at com.kms.katalon.core.main.TestSuiteExecutor.accessTestSuiteMainPhase(TestSuiteExecutor.java:140)
	at com.kms.katalon.core.main.TestSuiteExecutor.execute(TestSuiteExecutor.java:89)
	at com.kms.katalon.core.main.TestCaseMain.startTestSuite(TestCaseMain.java:181)
	at com.kms.katalon.core.main.TestCaseMain$startTestSuite$0.call(Unknown Source)
	at TempTestSuite1634814289741.run(TempTestSuite1634814289741.groovy:39)
)

2021-10-21 14:16:37 - [MESSAGE][INFO] - Finding Test Object 'Object Repository/Tablo/DurumBilgisiArsiv'

2021-10-21 14:16:37 - [MESSAGE][INFO] - Checking object

2021-10-21 14:16:37 - [MESSAGE][INFO] - Finding web element from Test Object's properties

2021-10-21 14:16:37 - [MESSAGE][INFO] - Checking timeout

2021-10-21 14:16:37 - [MESSAGE][INFO] - Finding web element with id: 'Object Repository/Tablo/DurumBilgisiArsiv' located by 'By.xpath: //*[@id = 'GridViewEArchiveInvoices_tccell0_9']' in '30' second(s)

2021-10-21 14:16:37 - [MESSAGE][INFO] - Smart Wait Function is triggered

2021-10-21 14:16:38 - [MESSAGE][INFO] - Found 1 web elements with id: 'Object Repository/Tablo/DurumBilgisiArsiv' located by 'By.xpath: //*[@id = 'GridViewEArchiveInvoices_tccell0_9']' in '30' second(s)

2021-10-21 14:16:38 - [MESSAGE][WARNING] - Actual text 'Başarılı' and expected text 'Henüz Sonuçlanmadı' of test object 'Object Repository/Tablo/DurumBilgisiArsiv' are NOT matched. (Root cause: com.kms.katalon.core.exception.StepFailedException: Actual text 'Başarılı' and expected text 'Henüz Sonuçlanmadı' of test object 'Object Repository/Tablo/DurumBilgisiArsiv' are NOT matched.
	at com.kms.katalon.core.webui.keyword.internal.WebUIKeywordMain.stepFailed(WebUIKeywordMain.groovy:64)
	at com.kms.katalon.core.webui.keyword.builtin.VerifyElementTextKeyword$_verifyElementText_closure1.doCall(VerifyElementTextKeyword.groovy:57)
	at com.kms.katalon.core.webui.keyword.builtin.VerifyElementTextKeyword$_verifyElementText_closure1.call(VerifyElementTextKeyword.groovy)
	at com.kms.katalon.core.webui.keyword.internal.WebUIKeywordMain.runKeyword(WebUIKeywordMain.groovy:20)
	at com.kms.katalon.core.webui.keyword.builtin.VerifyElementTextKeyword.verifyElementText(VerifyElementTextKeyword.groovy:72)
	at com.kms.katalon.core.webui.keyword.builtin.VerifyElementTextKeyword.execute(VerifyElementTextKeyword.groovy:40)
	at com.kms.katalon.core.keyword.internal.KeywordExecutor.executeKeywordForPlatform(KeywordExecutor.groovy:73)
	at com.kms.katalon.core.webui.keyword.WebUiBuiltInKeywords.verifyElementText(WebUiBuiltInKeywords.groovy:4733)
	at com.kms.katalon.core.webui.keyword.WebUiBuiltInKeywords$verifyElementText$20.call(Unknown Source)
	at TablodaVeriBasariliMiArsiv.run(TablodaVeriBasariliMiArsiv:22)
	at com.kms.katalon.core.main.ScriptEngine.run(ScriptEngine.java:194)
	at com.kms.katalon.core.main.ScriptEngine.runScriptAsRawText(ScriptEngine.java:119)
	at com.kms.katalon.core.main.TestCaseExecutor.runScript(TestCaseExecutor.java:369)
	at com.kms.katalon.core.main.TestCaseExecutor.doExecute(TestCaseExecutor.java:360)
	at com.kms.katalon.core.main.TestCaseExecutor.processExecutionPhase(TestCaseExecutor.java:339)
	at com.kms.katalon.core.main.TestCaseExecutor.accessMainPhase(TestCaseExecutor.java:331)
	at com.kms.katalon.core.main.TestCaseExecutor.execute(TestCaseExecutor.java:248)
	at com.kms.katalon.core.main.TestCaseMain.runTestCase(TestCaseMain.java:138)
	at com.kms.katalon.core.keyword.builtin.CallTestCaseKeyword$_callTestCase_closure1.doCall(CallTestCaseKeyword.groovy:59)
	at com.kms.katalon.core.keyword.builtin.CallTestCaseKeyword$_callTestCase_closure1.call(CallTestCaseKeyword.groovy)
	at com.kms.katalon.core.keyword.internal.KeywordMain.runKeyword(KeywordMain.groovy:68)
	at com.kms.katalon.core.keyword.builtin.CallTestCaseKeyword.callTestCase(CallTestCaseKeyword.groovy:81)
	at com.kms.katalon.core.keyword.builtin.CallTestCaseKeyword.execute(CallTestCaseKeyword.groovy:44)
	at com.kms.katalon.core.keyword.internal.KeywordExecutor.executeKeywordForPlatform(KeywordExecutor.groovy:73)
	at com.kms.katalon.core.keyword.BuiltinKeywords.callTestCase(BuiltinKeywords.groovy:334)
	at tablo.tablo.tablodaVeriBasariliMiArsiv(tablo.groovy:95)
	at cucumber.runtime.Utils$1.call(Utils.java:26)
	at cucumber.runtime.Timeout.timeout(Timeout.java:16)
	at cucumber.runtime.Utils.invoke(Utils.java:20)
	at cucumber.runtime.java.JavaStepDefinition.execute(JavaStepDefinition.java:49)
	at cucumber.runner.PickleStepDefinitionMatch.runStep(PickleStepDefinitionMatch.java:50)
	at cucumber.runner.TestStep.executeStep(TestStep.java:63)
	at cucumber.runner.TestStep.run(TestStep.java:49)
	at cucumber.runner.PickleStepTestStep.run(PickleStepTestStep.java:43)
	at cucumber.runner.TestCase.run(TestCase.java:44)
	at cucumber.runner.Runner.runPickle(Runner.java:40)
	at cucumber.runtime.Runtime$1.run(Runtime.java:84)
	at cucumber.runtime.Runtime$SameThreadExecutorService.execute(Runtime.java:220)
	at cucumber.runtime.Runtime.run(Runtime.java:81)
	at cucumber.api.cli.Main.run(Main.java:26)
	at cucumber.api.cli.Main$run.call(Unknown Source)
	at com.kms.katalon.core.cucumber.keyword.CucumberBuiltinKeywords$_runFeatureFile_closure1.doCall(CucumberBuiltinKeywords.groovy:106)
	at com.kms.katalon.core.cucumber.keyword.CucumberBuiltinKeywords$_runFeatureFile_closure1.doCall(CucumberBuiltinKeywords.groovy)
	at com.kms.katalon.core.keyword.internal.KeywordMain.runKeyword(KeywordMain.groovy:68)
	at com.kms.katalon.core.keyword.internal.KeywordMain$runKeyword.call(Unknown Source)
	at com.kms.katalon.core.cucumber.keyword.CucumberBuiltinKeywords.runFeatureFile(CucumberBuiltinKeywords.groovy:73)
	at com.kms.katalon.core.cucumber.keyword.CucumberBuiltinKeywords$runFeatureFile$0.callStatic(Unknown Source)
	at com.kms.katalon.core.cucumber.keyword.CucumberBuiltinKeywords.runFeatureFile(CucumberBuiltinKeywords.groovy:246)
	at com.kms.katalon.core.cucumber.keyword.CucumberBuiltinKeywords$runFeatureFile.call(Unknown Source)
	at VKN-Elektronik-Istisna.run(VKN-Elektronik-Istisna:19)
	at com.kms.katalon.core.main.ScriptEngine.run(ScriptEngine.java:194)
	at com.kms.katalon.core.main.ScriptEngine.runScriptAsRawText(ScriptEngine.java:119)
	at com.kms.katalon.core.main.TestCaseExecutor.runScript(TestCaseExecutor.java:369)
	at com.kms.katalon.core.main.TestCaseExecutor.doExecute(TestCaseExecutor.java:360)
	at com.kms.katalon.core.main.TestCaseExecutor.processExecutionPhase(TestCaseExecutor.java:339)
	at com.kms.katalon.core.main.TestCaseExecutor.accessMainPhase(TestCaseExecutor.java:331)
	at com.kms.katalon.core.main.TestCaseExecutor.execute(TestCaseExecutor.java:248)
	at com.kms.katalon.core.main.TestSuiteExecutor.accessTestCaseMainPhase(TestSuiteExecutor.java:191)
	at com.kms.katalon.core.main.TestSuiteExecutor.accessTestSuiteMainPhase(TestSuiteExecutor.java:140)
	at com.kms.katalon.core.main.TestSuiteExecutor.execute(TestSuiteExecutor.java:89)
	at com.kms.katalon.core.main.TestCaseMain.startTestSuite(TestCaseMain.java:181)
	at com.kms.katalon.core.main.TestCaseMain$startTestSuite$0.call(Unknown Source)
	at TempTestSuite1634814289741.run(TempTestSuite1634814289741.groovy:39)
)

2021-10-21 14:16:38 - [TEST_STEP][PASSED] - Method.TextDegerineEsitElementVarMi(findTestObject("Object Repository/Tablo/DurumBilgisiArsiv"), "Başarılı"): Method.TextDegerineEsitElementVarMi is PASSED

2021-10-21 14:16:38 - [MESSAGE][INFO] - Finding Test Object 'Object Repository/Tablo/DurumBilgisiArsiv'

2021-10-21 14:16:38 - [MESSAGE][INFO] - Checking timeout

2021-10-21 14:16:38 - [MESSAGE][INFO] - Finding web element with id: 'Object Repository/Tablo/DurumBilgisiArsiv' located by 'By.xpath: //*[@id = 'GridViewEArchiveInvoices_tccell0_9']' in '10' second(s)

2021-10-21 14:16:38 - [MESSAGE][INFO] - Smart Wait Function is triggered

2021-10-21 14:16:38 - [MESSAGE][INFO] - Found 1 web elements with id: 'Object Repository/Tablo/DurumBilgisiArsiv' located by 'By.xpath: //*[@id = 'GridViewEArchiveInvoices_tccell0_9']' in '10' second(s)

2021-10-21 14:16:38 - [MESSAGE][PASSED] - Method.TextDegerineEsitElementVarMi is PASSED

2021-10-21 14:16:38 - [MESSAGE][PASSED] - Call Test Case 'Test Cases/Tablo/TablodaVeriBasariliMiArsiv' successfully

2021-10-21 14:16:38 - [MESSAGE][INFO] - Checking called Test Case

2021-10-21 14:16:38 - [MESSAGE][INFO] - Starting to call Test Case 'Test Cases/Kullanici_Islemleri/KullaniciIslemlerindenSecimYapilir'

2021-10-21 14:16:38 - [TEST_CASE][PASSED] - Test Cases/Kullanici_Islemleri/KullaniciIslemlerindenSecimYapilir: Test Cases/Kullanici_Islemleri/KullaniciIslemlerindenSecimYapilir

2021-10-21 14:16:38 - [TEST_STEP][PASSED] - waitForElementClickable(findTestObject("Object Repository/Kullanici_Islemleri/KullaniciIslemleri"), 10): Object 'Object Repository/Kullanici_Islemleri/KullaniciIslemleri' is clickable

2021-10-21 14:16:38 - [MESSAGE][INFO] - Finding Test Object 'Object Repository/Kullanici_Islemleri/KullaniciIslemleri'

2021-10-21 14:16:38 - [MESSAGE][INFO] - Checking object

2021-10-21 14:16:38 - [MESSAGE][INFO] - Checking timeout

2021-10-21 14:16:38 - [MESSAGE][INFO] - Finding web element from Test Object's properties

2021-10-21 14:16:38 - [MESSAGE][INFO] - Checking timeout

2021-10-21 14:16:38 - [MESSAGE][INFO] - Finding web element with id: 'Object Repository/Kullanici_Islemleri/KullaniciIslemleri' located by 'By.cssSelector: .dropdown>a>img' in '10' second(s)

2021-10-21 14:16:38 - [MESSAGE][INFO] - Smart Wait Function is triggered

2021-10-21 14:16:38 - [MESSAGE][INFO] - Found 1 web elements with id: 'Object Repository/Kullanici_Islemleri/KullaniciIslemleri' located by 'By.cssSelector: .dropdown>a>img' in '10' second(s)

2021-10-21 14:16:38 - [MESSAGE][PASSED] - Object 'Object Repository/Kullanici_Islemleri/KullaniciIslemleri' is clickable

2021-10-21 14:16:38 - [TEST_STEP][PASSED] - click(findTestObject("Object Repository/Kullanici_Islemleri/KullaniciIslemleri")): Object: 'Object Repository/Kullanici_Islemleri/KullaniciIslemleri' is clicked on

2021-10-21 14:16:38 - [MESSAGE][INFO] - Finding Test Object 'Object Repository/Kullanici_Islemleri/KullaniciIslemleri'

2021-10-21 14:16:38 - [MESSAGE][INFO] - Checking object

2021-10-21 14:16:38 - [MESSAGE][INFO] - Finding web element from Test Object's properties

2021-10-21 14:16:38 - [MESSAGE][INFO] - Checking timeout

2021-10-21 14:16:38 - [MESSAGE][INFO] - Finding web element with id: 'Object Repository/Kullanici_Islemleri/KullaniciIslemleri' located by 'By.cssSelector: .dropdown>a>img' in '30' second(s)

2021-10-21 14:16:38 - [MESSAGE][INFO] - Smart Wait Function is triggered

2021-10-21 14:16:39 - [MESSAGE][INFO] - Found 1 web elements with id: 'Object Repository/Kullanici_Islemleri/KullaniciIslemleri' located by 'By.cssSelector: .dropdown>a>img' in '30' second(s)

2021-10-21 14:16:39 - [MESSAGE][INFO] - Clicking on object: 'Object Repository/Kullanici_Islemleri/KullaniciIslemleri'

2021-10-21 14:16:39 - [MESSAGE][PASSED] - Object: 'Object Repository/Kullanici_Islemleri/KullaniciIslemleri' is clicked on

2021-10-21 14:16:39 - [TEST_STEP][PASSED] - Method.TextDegerineEsitElementeTikla(findTestObject("Object Repository/Kullanici_Islemleri/Secenekler"), Islem): Method.TextDegerineEsitElementeTikla is PASSED

2021-10-21 14:16:39 - [MESSAGE][INFO] - Finding Test Object 'Object Repository/Kullanici_Islemleri/Secenekler'

2021-10-21 14:16:39 - [MESSAGE][INFO] - Checking timeout

2021-10-21 14:16:39 - [MESSAGE][INFO] - Finding web element with id: 'Object Repository/Kullanici_Islemleri/Secenekler' located by 'By.cssSelector: .nav.navbar-nav.navbar-right li a' in '10' second(s)

2021-10-21 14:16:39 - [MESSAGE][INFO] - Smart Wait Function is triggered

2021-10-21 14:16:39 - [MESSAGE][INFO] - Found 20 web elements with id: 'Object Repository/Kullanici_Islemleri/Secenekler' located by 'By.cssSelector: .nav.navbar-nav.navbar-right li a' in '10' second(s)

2021-10-21 14:16:41 - [MESSAGE][PASSED] - Method.TextDegerineEsitElementeTikla is PASSED

2021-10-21 14:16:41 - [TEST_STEP][PASSED] - verifyElementNotPresent(findTestObject("Object Repository/Kullanici_Islemleri/Secenekler"), 10): Web element with id: 'Object Repository/Kullanici_Islemleri/Secenekler' located by 'By.cssSelector: .nav.navbar-nav.navbar-right li a' is not present after '10' second(s)

2021-10-21 14:16:41 - [MESSAGE][INFO] - Finding Test Object 'Object Repository/Kullanici_Islemleri/Secenekler'

2021-10-21 14:16:41 - [MESSAGE][INFO] - Checking object

2021-10-21 14:16:41 - [MESSAGE][INFO] - Checking timeout

2021-10-21 14:16:41 - [MESSAGE][INFO] - Finding web element with id: 'Object Repository/Kullanici_Islemleri/Secenekler' located by 'By.cssSelector: .nav.navbar-nav.navbar-right li a' in '10' second(s)

2021-10-21 14:16:41 - [MESSAGE][INFO] - Smart Wait Function is triggered

2021-10-21 14:16:41 - [MESSAGE][PASSED] - Web element with id: 'Object Repository/Kullanici_Islemleri/Secenekler' located by 'By.cssSelector: .nav.navbar-nav.navbar-right li a' is not present after '10' second(s)

2021-10-21 14:16:41 - [MESSAGE][PASSED] - Call Test Case 'Test Cases/Kullanici_Islemleri/KullaniciIslemlerindenSecimYapilir' successfully

2021-10-21 14:16:41 - [TEST_CASE][PASSED] - Start Test Case : SCENARIO Gonderim tipi Kagit ve Istisna tipinde e-Arsiv faturasi olusturulmasi: SCENARIO Gonderim tipi Kagit ve Istisna tipinde e-Arsiv faturasi olusturulmasi

2021-10-21 14:16:41 - [TEST_STEP][PASSED] - Kullanıcı adı EARISTISNA ve Şifre test1234 olarak giriş yapılır: Kullanıcı adı EARISTISNA ve Şifre test1234 olarak giriş yapılır

2021-10-21 14:16:41 - [MESSAGE][PASSED] - Kullanıcı adı EARISTISNA ve Şifre test1234 olarak giriş yapılır

2021-10-21 14:16:41 - [TEST_STEP][PASSED] - Ana menüden e-Arşiv seçilir: Ana menüden e-Arşiv seçilir

2021-10-21 14:16:41 - [MESSAGE][PASSED] - Ana menüden e-Arşiv seçilir

2021-10-21 14:16:41 - [TEST_STEP][PASSED] - Alt menü e-Arşiv Araçları başlığı altındaki e-Arşiv Fatura Oluşturma seçilir: Alt menü e-Arşiv Araçları başlığı altındaki e-Arşiv Fatura Oluşturma seçilir

2021-10-21 14:16:41 - [MESSAGE][PASSED] - Alt menü e-Arşiv Araçları başlığı altındaki e-Arşiv Fatura Oluşturma seçilir

2021-10-21 14:16:41 - [TEST_STEP][PASSED] - Tablodaki tüm veriler silinir: Tablodaki tüm veriler silinir

2021-10-21 14:16:41 - [MESSAGE][PASSED] - Tablodaki tüm veriler silinir

2021-10-21 14:16:41 - [TEST_STEP][PASSED] - Butonlardan Ekle isimli butona tıklanır: Butonlardan Ekle isimli butona tıklanır

2021-10-21 14:16:41 - [MESSAGE][PASSED] - Butonlardan Ekle isimli butona tıklanır

2021-10-21 14:16:41 - [TEST_STEP][PASSED] - Görsel tasarım sayfasının e-Arşiv Fatura Bilgileri başlığını içerdiği kontrol edilir: Görsel tasarım sayfasının e-Arşiv Fatura Bilgileri başlığını içerdiği kontrol edilir

2021-10-21 14:16:42 - [MESSAGE][PASSED] - Görsel tasarım sayfasının e-Arşiv Fatura Bilgileri başlığını içerdiği kontrol edilir

2021-10-21 14:16:42 - [TEST_STEP][PASSED] - Alıcı adı alanına UC0005 girilir: Alıcı adı alanına UC0005 girilir

2021-10-21 14:16:42 - [MESSAGE][PASSED] - Alıcı adı alanına UC0005 girilir

2021-10-21 14:16:42 - [TEST_STEP][PASSED] - Gönderim Şekli Elektronik olarak seçilir: Gönderim Şekli Elektronik olarak seçilir

2021-10-21 14:16:42 - [MESSAGE][PASSED] - Gönderim Şekli Elektronik olarak seçilir

2021-10-21 14:16:42 - [TEST_STEP][PASSED] - Tip alanından İstisna seçilir: Tip alanından İstisna seçilir

2021-10-21 14:16:42 - [MESSAGE][PASSED] - Tip alanından İstisna seçilir

2021-10-21 14:16:42 - [TEST_STEP][PASSED] - Döküman Para Birimi alanından Türk Lirası seçilir: Döküman Para Birimi alanından Türk Lirası seçilir

2021-10-21 14:16:42 - [MESSAGE][PASSED] - Döküman Para Birimi alanından Türk Lirası seçilir

2021-10-21 14:16:42 - [TEST_STEP][PASSED] - Ön Ek EAR olarak seçilir: Ön Ek EAR olarak seçilir

2021-10-21 14:16:42 - [MESSAGE][PASSED] - Ön Ek EAR olarak seçilir

2021-10-21 14:16:42 - [TEST_STEP][PASSED] - Tasarım alanından Otomasyon seçilir: Tasarım alanından Otomasyon seçilir

2021-10-21 14:16:42 - [MESSAGE][PASSED] - Tasarım alanından Otomasyon seçilir

2021-10-21 14:16:42 - [TEST_STEP][PASSED] - Sipariş bilgileri UUC-SAT-1200001 ve 31.04.2020 olarak girilir: Sipariş bilgileri UUC-SAT-1200001 ve 31.04.2020 olarak girilir

2021-10-21 14:16:42 - [MESSAGE][PASSED] - Sipariş bilgileri UUC-SAT-1200001 ve 31.04.2020 olarak girilir

2021-10-21 14:16:42 - [TEST_STEP][PASSED] - İrsaliye Bilgileri AAAAAAAAAA,31.04.2020 olarak girilir: İrsaliye Bilgileri AAAAAAAAAA,31.04.2020 olarak girilir

2021-10-21 14:16:42 - [MESSAGE][PASSED] - İrsaliye Bilgileri AAAAAAAAAA,31.04.2020 olarak girilir

2021-10-21 14:16:42 - [TEST_STEP][PASSED] - Ekle butonuna basılır: Ekle butonuna basılır

2021-10-21 14:16:42 - [MESSAGE][PASSED] - Ekle butonuna basılır

2021-10-21 14:16:42 - [TEST_STEP][PASSED] - Ürün ekleme alanında Mal/Hizmet başlığına Otomasyon girilir: Ürün ekleme alanında Mal/Hizmet başlığına Otomasyon girilir

2021-10-21 14:16:42 - [MESSAGE][PASSED] - Ürün ekleme alanında Mal/Hizmet başlığına Otomasyon girilir

2021-10-21 14:16:42 - [TEST_STEP][PASSED] - Ürün ekleme alanında Açıklaması başlığına Virgosol girilir: Ürün ekleme alanında Açıklaması başlığına Virgosol girilir

2021-10-21 14:16:42 - [MESSAGE][PASSED] - Ürün ekleme alanında Açıklaması başlığına Virgosol girilir

2021-10-21 14:16:42 - [TEST_STEP][PASSED] - Ürün ekleme alanında Miktarı başlığına 400 girilir: Ürün ekleme alanında Miktarı başlığına 400 girilir

2021-10-21 14:16:42 - [MESSAGE][PASSED] - Ürün ekleme alanında Miktarı başlığına 400 girilir

2021-10-21 14:16:42 - [TEST_STEP][PASSED] - Ürün ekleme alanında Birim Fiyat başlığına 100 girilir: Ürün ekleme alanında Birim Fiyat başlığına 100 girilir

2021-10-21 14:16:42 - [MESSAGE][PASSED] - Ürün ekleme alanında Birim Fiyat başlığına 100 girilir

2021-10-21 14:16:42 - [TEST_STEP][PASSED] - Ürün ekleme alanında İskonto Oranı % başlığına 10 girilir: Ürün ekleme alanında İskonto Oranı % başlığına 10 girilir

2021-10-21 14:16:42 - [MESSAGE][PASSED] - Ürün ekleme alanında İskonto Oranı % başlığına 10 girilir

2021-10-21 14:16:42 - [TEST_STEP][PASSED] - Notlar alanına Otomasyon Not girilir: Notlar alanına Otomasyon Not girilir

2021-10-21 14:16:42 - [MESSAGE][PASSED] - Notlar alanına Otomasyon Not girilir

2021-10-21 14:16:42 - [TEST_STEP][PASSED] - Ettn bilgisi kayıt edilir: Ettn bilgisi kayıt edilir

2021-10-21 14:16:42 - [MESSAGE][PASSED] - Ettn bilgisi kayıt edilir

2021-10-21 14:16:42 - [TEST_STEP][PASSED] - Kaydet butonu seçilir: Kaydet butonu seçilir

2021-10-21 14:16:42 - [MESSAGE][PASSED] - Kaydet butonu seçilir

2021-10-21 14:16:42 - [TEST_STEP][PASSED] - Tabloda Ettn bilgisi kaydedilen veri oluşturuldu mu: Tabloda Ettn bilgisi kaydedilen veri oluşturuldu mu

2021-10-21 14:16:42 - [MESSAGE][PASSED] - Tabloda Ettn bilgisi kaydedilen veri oluşturuldu mu

2021-10-21 14:16:42 - [TEST_STEP][PASSED] - Tablodan Ettn bilgisi kaydedilen veri seçilir: Tablodan Ettn bilgisi kaydedilen veri seçilir

2021-10-21 14:16:42 - [MESSAGE][PASSED] - Tablodan Ettn bilgisi kaydedilen veri seçilir

2021-10-21 14:16:42 - [TEST_STEP][PASSED] - Butonlardan Numara Oluştur isimli butona tıklanır: Butonlardan Numara Oluştur isimli butona tıklanır

2021-10-21 14:16:42 - [MESSAGE][PASSED] - Butonlardan Numara Oluştur isimli butona tıklanır

2021-10-21 14:16:42 - [TEST_STEP][PASSED] - Popup mesajı Devam etmek istiyor musunuz içeriyor mu: Popup mesajı Devam etmek istiyor musunuz içeriyor mu

2021-10-21 14:16:42 - [MESSAGE][PASSED] - Popup mesajı Devam etmek istiyor musunuz içeriyor mu

2021-10-21 14:16:42 - [TEST_STEP][PASSED] - Yönetim popupında Evet seçilir: Yönetim popupında Evet seçilir

2021-10-21 14:16:42 - [MESSAGE][PASSED] - Yönetim popupında Evet seçilir

2021-10-21 14:16:42 - [TEST_STEP][PASSED] - Popup mesajı oluşmuştur içeriyor mu: Popup mesajı oluşmuştur içeriyor mu

2021-10-21 14:16:42 - [MESSAGE][PASSED] - Popup mesajı oluşmuştur içeriyor mu

2021-10-21 14:16:42 - [TEST_STEP][PASSED] - Yönetim popupında Tamam seçilir: Yönetim popupında Tamam seçilir

2021-10-21 14:16:42 - [MESSAGE][PASSED] - Yönetim popupında Tamam seçilir

2021-10-21 14:16:42 - [TEST_STEP][PASSED] - Tablodan Ettn bilgisi kaydedilen veri seçilir: Tablodan Ettn bilgisi kaydedilen veri seçilir

2021-10-21 14:16:42 - [MESSAGE][PASSED] - Tablodan Ettn bilgisi kaydedilen veri seçilir

2021-10-21 14:16:42 - [TEST_STEP][PASSED] - Butonlardan Gönder isimli butona tıklanır: Butonlardan Gönder isimli butona tıklanır

2021-10-21 14:16:42 - [MESSAGE][PASSED] - Butonlardan Gönder isimli butona tıklanır

2021-10-21 14:16:42 - [TEST_STEP][PASSED] - Popup mesajı Devam etmek istiyor musunuz içeriyor mu: Popup mesajı Devam etmek istiyor musunuz içeriyor mu

2021-10-21 14:16:42 - [MESSAGE][PASSED] - Popup mesajı Devam etmek istiyor musunuz içeriyor mu

2021-10-21 14:16:42 - [TEST_STEP][PASSED] - Yönetim popupında Evet seçilir: Yönetim popupında Evet seçilir

2021-10-21 14:16:42 - [MESSAGE][PASSED] - Yönetim popupında Evet seçilir

2021-10-21 14:16:42 - [TEST_STEP][PASSED] - Ana menüden e-Arşiv seçilir: Ana menüden e-Arşiv seçilir

2021-10-21 14:16:42 - [MESSAGE][PASSED] - Ana menüden e-Arşiv seçilir

2021-10-21 14:16:42 - [TEST_STEP][PASSED] - Alt menü e-Arşiv Hareketleri başlığı altındaki e-Arşiv Faturaları seçilir: Alt menü e-Arşiv Hareketleri başlığı altındaki e-Arşiv Faturaları seçilir

2021-10-21 14:16:42 - [MESSAGE][PASSED] - Alt menü e-Arşiv Hareketleri başlığı altındaki e-Arşiv Faturaları seçilir

2021-10-21 14:16:42 - [TEST_STEP][PASSED] - Filtrelerden Ettn filtresine Ettn bilgisi yaz: Filtrelerden Ettn filtresine Ettn bilgisi yaz

2021-10-21 14:16:42 - [MESSAGE][PASSED] - Filtrelerden Ettn filtresine Ettn bilgisi yaz

2021-10-21 14:16:42 - [TEST_STEP][PASSED] - Filtre butonlarından Listele seçilir: Filtre butonlarından Listele seçilir

2021-10-21 14:16:42 - [MESSAGE][PASSED] - Filtre butonlarından Listele seçilir

2021-10-21 14:16:42 - [TEST_STEP][PASSED] - Tabloda veri var mı kontrol edilir: Tabloda veri var mı kontrol edilir

2021-10-21 14:16:42 - [MESSAGE][PASSED] - Tabloda veri var mı kontrol edilir

2021-10-21 14:16:42 - [TEST_STEP][PASSED] - Tabloda yeni oluşturulan eArsiv verisi başarılı mı: Tabloda yeni oluşturulan eArsiv verisi başarılı mı

2021-10-21 14:16:42 - [MESSAGE][PASSED] - Tabloda yeni oluşturulan eArsiv verisi başarılı mı

2021-10-21 14:16:42 - [TEST_STEP][PASSED] - Kullanıcı işlemlerinden Çıkış seçilir: Kullanıcı işlemlerinden Çıkış seçilir

2021-10-21 14:16:42 - [MESSAGE][PASSED] - Kullanıcı işlemlerinden Çıkış seçilir

2021-10-21 14:16:42 - [MESSAGE][PASSED] - Feature file: 'Include/features/Regresyon/e-Arsiv/VKN-Elektronik-Istisna.feature' was passed

2021-10-21 14:16:42 - [TEST_STEP][PASSED] - Start listener action : sampleAfterTestSuite: Invoke 'com.kms.katalon.core.annotation.AfterTestCase' method: 'Listener.sampleAfterTestSuite(...)' completed.

2021-10-21 14:16:42 - [MESSAGE][INFO] - Starting invoke 'com.kms.katalon.core.annotation.AfterTestCase' method: 'Listener.sampleAfterTestSuite(...)'

2021-10-21 14:16:42 - [TEST_STEP][PASSED] - closeBrowser(): Invoke 'com.kms.katalon.core.annotation.AfterTestCase' method: 'Listener.sampleAfterTestSuite(...)' completed.

2021-10-21 14:16:42 - [MESSAGE][INFO] - Closing browser

2021-10-21 14:16:42 - [MESSAGE][PASSED] - Browser is closed

2021-10-21 14:16:42 - [MESSAGE][INFO] - Invoke 'com.kms.katalon.core.annotation.AfterTestCase' method: 'Listener.sampleAfterTestSuite(...)' completed.]]></system-out>
         <system-err><![CDATA[]]></system-err>
      </testcase>
      <testcase name="Test Cases/Case Repository/Regresyon/e-Arsiv/VKN-Elektronik-Ozel Matrah" time="121.782" classname="Test Cases/Case Repository/Regresyon/e-Arsiv/VKN-Elektronik-Ozel Matrah" status="PASSED">
         <system-out><![CDATA[2021-10-21 14:16:42 - [TEST_CASE][PASSED] - Test Cases/Case Repository/Regresyon/e-Arsiv/VKN-Elektronik-Ozel Matrah: Test Cases/Case Repository/Regresyon/e-Arsiv/VKN-Elektronik-Ozel Matrah

2021-10-21 14:16:42 - [TEST_STEP][PASSED] - Start listener action : sampleBeforeTestSuite: Invoke 'com.kms.katalon.core.annotation.BeforeTestCase' method: 'Listener.sampleBeforeTestSuite(...)' completed.

2021-10-21 14:16:42 - [MESSAGE][INFO] - Starting invoke 'com.kms.katalon.core.annotation.BeforeTestCase' method: 'Listener.sampleBeforeTestSuite(...)'

2021-10-21 14:16:42 - [TEST_STEP][PASSED] - openBrowser(baseUrl): Browser is opened with url: 'https://efatura-stage.elogo.com.tr/'

2021-10-21 14:16:42 - [MESSAGE][INFO] - Opening browser

2021-10-21 14:16:42 - [MESSAGE][INFO] - Starting 'Chrome' driver

2021-10-21 14:16:42 - [MESSAGE][INFO] - User set preference: ['prefs', '{download.default_directory=C:\otomasyondownfiles}']

2021-10-21 14:16:42 - [MESSAGE][INFO] - Action delay is set to 0 milliseconds

2021-10-21 14:16:44 - [MESSAGE][INFO] - Navigating browser to: 'https://efatura-stage.elogo.com.tr/'

2021-10-21 14:16:47 - [MESSAGE][PASSED] - Browser is opened with url: 'https://efatura-stage.elogo.com.tr/'

2021-10-21 14:16:47 - [TEST_STEP][PASSED] - maximizeWindow(): Invoke 'com.kms.katalon.core.annotation.BeforeTestCase' method: 'Listener.sampleBeforeTestSuite(...)' completed.

2021-10-21 14:16:47 - [MESSAGE][INFO] - Maximizing current window

2021-10-21 14:16:47 - [MESSAGE][PASSED] - Current window maximized

2021-10-21 14:16:47 - [MESSAGE][INFO] - Invoke 'com.kms.katalon.core.annotation.BeforeTestCase' method: 'Listener.sampleBeforeTestSuite(...)' completed.

2021-10-21 14:16:48 - [TEST_STEP][PASSED] - runFeatureFile("Include/features/Regresyon/e-Arsiv/VKN-Elektronik-Ozel Matrah.feature"): Feature file: 'Include/features/Regresyon/e-Arsiv/VKN-Elektronik-Ozel Matrah.feature' was passed

2021-10-21 14:16:48 - [MESSAGE][INFO] - Starting run keyword runFeatureFile: 'Include/features/Regresyon/e-Arsiv/VKN-Elektronik-Ozel Matrah.feature' and extract report to folder: 'C:\Users\DELL\Downloads\EES_Katalon-main\Reports\20211021_140437\Suite Repository\Regresyon-eArsiv-eMakbuz\20211021_140449/cucumber_report/1634815008095'...

2021-10-21 14:16:48 - [MESSAGE][INFO] - Glue: []

2021-10-21 14:16:49 - [MESSAGE][INFO] - Checking called Test Case

2021-10-21 14:16:49 - [MESSAGE][INFO] - Starting to call Test Case 'Test Cases/Sayfalar/Giris_Sayfasi/Login'

2021-10-21 14:16:49 - [TEST_CASE][PASSED] - Test Cases/Sayfalar/Giris_Sayfasi/Login: Test Cases/Sayfalar/Giris_Sayfasi/Login

2021-10-21 14:16:49 - [TEST_STEP][PASSED] - Sayfa_Basligi = getWindowTitle(): Current window's title is: 'LOGO e-Fatura'

2021-10-21 14:16:49 - [MESSAGE][INFO] - Getting current window's title

2021-10-21 14:16:49 - [MESSAGE][PASSED] - Current window's title is: 'LOGO e-Fatura'

2021-10-21 14:16:49 - [TEST_STEP][PASSED] - verifyMatch(Sayfa_Basligi, "LOGO e-Fatura", false): Actual text 'LOGO e-Fatura' and expected text 'LOGO e-Fatura' are matched 

2021-10-21 14:16:49 - [MESSAGE][INFO] - Matching actual text 'LOGO e-Fatura' with expected text 'LOGO e-Fatura'

2021-10-21 14:16:49 - [MESSAGE][PASSED] - Actual text 'LOGO e-Fatura' and expected text 'LOGO e-Fatura' are matched 

2021-10-21 14:16:49 - [TEST_STEP][PASSED] - sendKeys(findTestObject("Sayfalar/Giris_Sayfasi/Firma_Kodu"), KullaniciAdi): Keys 'EARMATRAH' sent to object: 'Object Repository/Sayfalar/Giris_Sayfasi/Firma_Kodu'

2021-10-21 14:16:49 - [MESSAGE][INFO] - Finding Test Object 'Object Repository/Sayfalar/Giris_Sayfasi/Firma_Kodu'

2021-10-21 14:16:49 - [MESSAGE][INFO] - Sending keys 'EARMATRAH' to object: 'Object Repository/Sayfalar/Giris_Sayfasi/Firma_Kodu'

2021-10-21 14:16:49 - [MESSAGE][INFO] - Finding web element from Test Object's properties

2021-10-21 14:16:49 - [MESSAGE][INFO] - Checking timeout

2021-10-21 14:16:49 - [MESSAGE][INFO] - Finding web element with id: 'Object Repository/Sayfalar/Giris_Sayfasi/Firma_Kodu' located by 'By.xpath: //*[@id = 'AccountName']' in '30' second(s)

2021-10-21 14:16:49 - [MESSAGE][INFO] - Smart Wait Function is triggered

2021-10-21 14:16:49 - [MESSAGE][INFO] - Found 1 web elements with id: 'Object Repository/Sayfalar/Giris_Sayfasi/Firma_Kodu' located by 'By.xpath: //*[@id = 'AccountName']' in '30' second(s)

2021-10-21 14:16:49 - [MESSAGE][PASSED] - Keys 'EARMATRAH' sent to object: 'Object Repository/Sayfalar/Giris_Sayfasi/Firma_Kodu'

2021-10-21 14:16:49 - [TEST_STEP][PASSED] - sendKeys(findTestObject("Sayfalar/Giris_Sayfasi/Sifre"), Sifre): Keys 'test1234' sent to object: 'Object Repository/Sayfalar/Giris_Sayfasi/Sifre'

2021-10-21 14:16:49 - [MESSAGE][INFO] - Finding Test Object 'Object Repository/Sayfalar/Giris_Sayfasi/Sifre'

2021-10-21 14:16:50 - [MESSAGE][INFO] - Sending keys 'test1234' to object: 'Object Repository/Sayfalar/Giris_Sayfasi/Sifre'

2021-10-21 14:16:50 - [MESSAGE][INFO] - Finding web element from Test Object's properties

2021-10-21 14:16:50 - [MESSAGE][INFO] - Checking timeout

2021-10-21 14:16:50 - [MESSAGE][INFO] - Finding web element with id: 'Object Repository/Sayfalar/Giris_Sayfasi/Sifre' located by 'By.xpath: //*[@id = 'Password']' in '30' second(s)

2021-10-21 14:16:50 - [MESSAGE][INFO] - Smart Wait Function is triggered

2021-10-21 14:16:50 - [MESSAGE][INFO] - Found 1 web elements with id: 'Object Repository/Sayfalar/Giris_Sayfasi/Sifre' located by 'By.xpath: //*[@id = 'Password']' in '30' second(s)

2021-10-21 14:16:50 - [MESSAGE][PASSED] - Keys 'test1234' sent to object: 'Object Repository/Sayfalar/Giris_Sayfasi/Sifre'

2021-10-21 14:16:50 - [TEST_STEP][PASSED] - findWebElement(findTestObject("Sayfalar/Giris_Sayfasi/Giris_Butonu")).click(): Found 1 web elements with id: 'Object Repository/Sayfalar/Giris_Sayfasi/Giris_Butonu' located by 'By.cssSelector: #btnLogin' in '30' second(s)

2021-10-21 14:16:50 - [MESSAGE][INFO] - Finding Test Object 'Object Repository/Sayfalar/Giris_Sayfasi/Giris_Butonu'

2021-10-21 14:16:50 - [MESSAGE][INFO] - Finding web element from Test Object's properties

2021-10-21 14:16:50 - [MESSAGE][INFO] - Checking timeout

2021-10-21 14:16:50 - [MESSAGE][INFO] - Finding web element with id: 'Object Repository/Sayfalar/Giris_Sayfasi/Giris_Butonu' located by 'By.cssSelector: #btnLogin' in '30' second(s)

2021-10-21 14:16:50 - [MESSAGE][INFO] - Smart Wait Function is triggered

2021-10-21 14:16:50 - [MESSAGE][INFO] - Found 1 web elements with id: 'Object Repository/Sayfalar/Giris_Sayfasi/Giris_Butonu' located by 'By.cssSelector: #btnLogin' in '30' second(s)

2021-10-21 14:16:52 - [TEST_STEP][PASSED] - if (verifyElementPresent(findTestObject("Object Repository/Sayfalar/Giris_Sayfasi/RetveTamam_Butonu"), 5, OPTIONAL)): null

2021-10-21 14:16:52 - [MESSAGE][INFO] - Finding Test Object 'Object Repository/Sayfalar/Giris_Sayfasi/RetveTamam_Butonu'

2021-10-21 14:16:52 - [MESSAGE][INFO] - Checking object

2021-10-21 14:16:52 - [MESSAGE][INFO] - Finding web element from Test Object's properties

2021-10-21 14:16:52 - [MESSAGE][INFO] - Checking timeout

2021-10-21 14:16:52 - [MESSAGE][INFO] - Finding web element with id: 'Object Repository/Sayfalar/Giris_Sayfasi/RetveTamam_Butonu' located by 'By.xpath: //*[@class = 'btn btn-default']' in '5' second(s)

2021-10-21 14:16:52 - [MESSAGE][INFO] - Smart Wait Function is triggered

2021-10-21 14:16:52 - [MESSAGE][INFO] - Found 1 web elements with id: 'Object Repository/Sayfalar/Giris_Sayfasi/RetveTamam_Butonu' located by 'By.xpath: //*[@class = 'btn btn-default']' in '5' second(s)

2021-10-21 14:16:52 - [MESSAGE][PASSED] - Object 'Object Repository/Sayfalar/Giris_Sayfasi/RetveTamam_Butonu' is present

2021-10-21 14:16:52 - [TEST_STEP][PASSED] - click(findTestObject("Object Repository/Sayfalar/Giris_Sayfasi/RetveTamam_Butonu")): Object: 'Object Repository/Sayfalar/Giris_Sayfasi/RetveTamam_Butonu' is clicked on

2021-10-21 14:16:52 - [MESSAGE][INFO] - Finding Test Object 'Object Repository/Sayfalar/Giris_Sayfasi/RetveTamam_Butonu'

2021-10-21 14:16:52 - [MESSAGE][INFO] - Checking object

2021-10-21 14:16:52 - [MESSAGE][INFO] - Finding web element from Test Object's properties

2021-10-21 14:16:52 - [MESSAGE][INFO] - Checking timeout

2021-10-21 14:16:52 - [MESSAGE][INFO] - Finding web element with id: 'Object Repository/Sayfalar/Giris_Sayfasi/RetveTamam_Butonu' located by 'By.xpath: //*[@class = 'btn btn-default']' in '30' second(s)

2021-10-21 14:16:52 - [MESSAGE][INFO] - Smart Wait Function is triggered

2021-10-21 14:16:53 - [MESSAGE][INFO] - Found 1 web elements with id: 'Object Repository/Sayfalar/Giris_Sayfasi/RetveTamam_Butonu' located by 'By.xpath: //*[@class = 'btn btn-default']' in '30' second(s)

2021-10-21 14:16:53 - [MESSAGE][INFO] - Clicking on object: 'Object Repository/Sayfalar/Giris_Sayfasi/RetveTamam_Butonu'

2021-10-21 14:16:53 - [MESSAGE][PASSED] - Object: 'Object Repository/Sayfalar/Giris_Sayfasi/RetveTamam_Butonu' is clicked on

2021-10-21 14:16:53 - [TEST_STEP][PASSED] - click(findTestObject("Object Repository/Sayfalar/Giris_Sayfasi/RetveTamam_Butonu")): Object: 'Object Repository/Sayfalar/Giris_Sayfasi/RetveTamam_Butonu' is clicked on

2021-10-21 14:16:53 - [MESSAGE][INFO] - Finding Test Object 'Object Repository/Sayfalar/Giris_Sayfasi/RetveTamam_Butonu'

2021-10-21 14:16:53 - [MESSAGE][INFO] - Checking object

2021-10-21 14:16:53 - [MESSAGE][INFO] - Finding web element from Test Object's properties

2021-10-21 14:16:53 - [MESSAGE][INFO] - Checking timeout

2021-10-21 14:16:53 - [MESSAGE][INFO] - Finding web element with id: 'Object Repository/Sayfalar/Giris_Sayfasi/RetveTamam_Butonu' located by 'By.xpath: //*[@class = 'btn btn-default']' in '30' second(s)

2021-10-21 14:16:53 - [MESSAGE][INFO] - Smart Wait Function is triggered

2021-10-21 14:17:02 - [MESSAGE][INFO] - Found 1 web elements with id: 'Object Repository/Sayfalar/Giris_Sayfasi/RetveTamam_Butonu' located by 'By.xpath: //*[@class = 'btn btn-default']' in '30' second(s)

2021-10-21 14:17:02 - [MESSAGE][INFO] - Clicking on object: 'Object Repository/Sayfalar/Giris_Sayfasi/RetveTamam_Butonu'

2021-10-21 14:17:02 - [MESSAGE][PASSED] - Object: 'Object Repository/Sayfalar/Giris_Sayfasi/RetveTamam_Butonu' is clicked on

2021-10-21 14:17:02 - [TEST_STEP][PASSED] - if (verifyElementPresent(findTestObject("Sayfalar/Giris_Sayfasi/PopupOK"), 5, OPTIONAL)): com.kms.katalon.core.webui.exception.WebElementNotFoundException: Web element with id: 'Object Repository/Sayfalar/Giris_Sayfasi/PopupOK' located by '.btn.btn-success' not found (Root cause: com.kms.katalon.core.exception.StepFailedException: com.kms.katalon.core.webui.exception.WebElementNotFoundException: Web element with id: 'Object Repository/Sayfalar/Giris_Sayfasi/PopupOK' located by '.btn.btn-success' not found
	at com.kms.katalon.core.webui.keyword.internal.WebUIKeywordMain.stepFailed(WebUIKeywordMain.groovy:64)
	at com.kms.katalon.core.webui.keyword.builtin.VerifyElementPresentKeyword$_verifyElementPresent_closure1.doCall(VerifyElementPresentKeyword.groovy:85)
	at com.kms.katalon.core.webui.keyword.builtin.VerifyElementPresentKeyword$_verifyElementPresent_closure1.call(VerifyElementPresentKeyword.groovy)
	at com.kms.katalon.core.webui.keyword.internal.WebUIKeywordMain.runKeyword(WebUIKeywordMain.groovy:20)
	at com.kms.katalon.core.webui.keyword.builtin.VerifyElementPresentKeyword.verifyElementPresent(VerifyElementPresentKeyword.groovy:92)
	at com.kms.katalon.core.webui.keyword.builtin.VerifyElementPresentKeyword.execute(VerifyElementPresentKeyword.groovy:68)
	at com.kms.katalon.core.keyword.internal.KeywordExecutor.executeKeywordForPlatform(KeywordExecutor.groovy:73)
	at com.kms.katalon.core.webui.keyword.WebUiBuiltInKeywords.verifyElementPresent(WebUiBuiltInKeywords.groovy:1448)
	at com.kms.katalon.core.webui.keyword.WebUiBuiltInKeywords$verifyElementPresent$4.call(Unknown Source)
	at Login.run(Login:40)
	at com.kms.katalon.core.main.ScriptEngine.run(ScriptEngine.java:194)
	at com.kms.katalon.core.main.ScriptEngine.runScriptAsRawText(ScriptEngine.java:119)
	at com.kms.katalon.core.main.TestCaseExecutor.runScript(TestCaseExecutor.java:369)
	at com.kms.katalon.core.main.TestCaseExecutor.doExecute(TestCaseExecutor.java:360)
	at com.kms.katalon.core.main.TestCaseExecutor.processExecutionPhase(TestCaseExecutor.java:339)
	at com.kms.katalon.core.main.TestCaseExecutor.accessMainPhase(TestCaseExecutor.java:331)
	at com.kms.katalon.core.main.TestCaseExecutor.execute(TestCaseExecutor.java:248)
	at com.kms.katalon.core.main.TestCaseMain.runTestCase(TestCaseMain.java:138)
	at com.kms.katalon.core.keyword.builtin.CallTestCaseKeyword$_callTestCase_closure1.doCall(CallTestCaseKeyword.groovy:59)
	at com.kms.katalon.core.keyword.builtin.CallTestCaseKeyword$_callTestCase_closure1.call(CallTestCaseKeyword.groovy)
	at com.kms.katalon.core.keyword.internal.KeywordMain.runKeyword(KeywordMain.groovy:68)
	at com.kms.katalon.core.keyword.builtin.CallTestCaseKeyword.callTestCase(CallTestCaseKeyword.groovy:81)
	at com.kms.katalon.core.keyword.builtin.CallTestCaseKeyword.execute(CallTestCaseKeyword.groovy:44)
	at com.kms.katalon.core.keyword.internal.KeywordExecutor.executeKeywordForPlatform(KeywordExecutor.groovy:73)
	at com.kms.katalon.core.keyword.BuiltinKeywords.callTestCase(BuiltinKeywords.groovy:334)
	at sayfalar.girisSayfasi.login(girisSayfasi.groovy:50)
	at cucumber.runtime.Utils$1.call(Utils.java:26)
	at cucumber.runtime.Timeout.timeout(Timeout.java:16)
	at cucumber.runtime.Utils.invoke(Utils.java:20)
	at cucumber.runtime.java.JavaStepDefinition.execute(JavaStepDefinition.java:49)
	at cucumber.runner.PickleStepDefinitionMatch.runStep(PickleStepDefinitionMatch.java:50)
	at cucumber.runner.TestStep.executeStep(TestStep.java:63)
	at cucumber.runner.TestStep.run(TestStep.java:49)
	at cucumber.runner.PickleStepTestStep.run(PickleStepTestStep.java:43)
	at cucumber.runner.TestCase.run(TestCase.java:44)
	at cucumber.runner.Runner.runPickle(Runner.java:40)
	at cucumber.runtime.Runtime$1.run(Runtime.java:84)
	at cucumber.runtime.Runtime$SameThreadExecutorService.execute(Runtime.java:220)
	at cucumber.runtime.Runtime.run(Runtime.java:81)
	at cucumber.api.cli.Main.run(Main.java:26)
	at cucumber.api.cli.Main$run.call(Unknown Source)
	at com.kms.katalon.core.cucumber.keyword.CucumberBuiltinKeywords$_runFeatureFile_closure1.doCall(CucumberBuiltinKeywords.groovy:106)
	at com.kms.katalon.core.cucumber.keyword.CucumberBuiltinKeywords$_runFeatureFile_closure1.doCall(CucumberBuiltinKeywords.groovy)
	at com.kms.katalon.core.keyword.internal.KeywordMain.runKeyword(KeywordMain.groovy:68)
	at com.kms.katalon.core.keyword.internal.KeywordMain$runKeyword.call(Unknown Source)
	at com.kms.katalon.core.cucumber.keyword.CucumberBuiltinKeywords.runFeatureFile(CucumberBuiltinKeywords.groovy:73)
	at com.kms.katalon.core.cucumber.keyword.CucumberBuiltinKeywords$runFeatureFile$0.callStatic(Unknown Source)
	at com.kms.katalon.core.cucumber.keyword.CucumberBuiltinKeywords.runFeatureFile(CucumberBuiltinKeywords.groovy:246)
	at com.kms.katalon.core.cucumber.keyword.CucumberBuiltinKeywords$runFeatureFile.call(Unknown Source)
	at VKN-Elektronik-Ozel Matrah.run(VKN-Elektronik-Ozel Matrah:19)
	at com.kms.katalon.core.main.ScriptEngine.run(ScriptEngine.java:194)
	at com.kms.katalon.core.main.ScriptEngine.runScriptAsRawText(ScriptEngine.java:119)
	at com.kms.katalon.core.main.TestCaseExecutor.runScript(TestCaseExecutor.java:369)
	at com.kms.katalon.core.main.TestCaseExecutor.doExecute(TestCaseExecutor.java:360)
	at com.kms.katalon.core.main.TestCaseExecutor.processExecutionPhase(TestCaseExecutor.java:339)
	at com.kms.katalon.core.main.TestCaseExecutor.accessMainPhase(TestCaseExecutor.java:331)
	at com.kms.katalon.core.main.TestCaseExecutor.execute(TestCaseExecutor.java:248)
	at com.kms.katalon.core.main.TestSuiteExecutor.accessTestCaseMainPhase(TestSuiteExecutor.java:191)
	at com.kms.katalon.core.main.TestSuiteExecutor.accessTestSuiteMainPhase(TestSuiteExecutor.java:140)
	at com.kms.katalon.core.main.TestSuiteExecutor.execute(TestSuiteExecutor.java:89)
	at com.kms.katalon.core.main.TestCaseMain.startTestSuite(TestCaseMain.java:181)
	at com.kms.katalon.core.main.TestCaseMain$startTestSuite$0.call(Unknown Source)
	at TempTestSuite1634814289741.run(TempTestSuite1634814289741.groovy:39)
)

2021-10-21 14:17:02 - [MESSAGE][INFO] - Finding Test Object 'Object Repository/Sayfalar/Giris_Sayfasi/PopupOK'

2021-10-21 14:17:02 - [MESSAGE][INFO] - Checking object

2021-10-21 14:17:02 - [MESSAGE][INFO] - Finding web element from Test Object's properties

2021-10-21 14:17:02 - [MESSAGE][INFO] - Checking timeout

2021-10-21 14:17:02 - [MESSAGE][INFO] - Finding web element with id: 'Object Repository/Sayfalar/Giris_Sayfasi/PopupOK' located by 'By.cssSelector: .btn.btn-success' in '5' second(s)

2021-10-21 14:17:02 - [MESSAGE][INFO] - Smart Wait Function is triggered

2021-10-21 14:17:03 - [MESSAGE][INFO] - Smart Wait Function is triggered

2021-10-21 14:17:03 - [MESSAGE][INFO] - Smart Wait Function is triggered

2021-10-21 14:17:04 - [MESSAGE][INFO] - Smart Wait Function is triggered

2021-10-21 14:17:04 - [MESSAGE][INFO] - Smart Wait Function is triggered

2021-10-21 14:17:04 - [MESSAGE][INFO] - Smart Wait Function is triggered

2021-10-21 14:17:05 - [MESSAGE][INFO] - Smart Wait Function is triggered

2021-10-21 14:17:05 - [MESSAGE][INFO] - Smart Wait Function is triggered

2021-10-21 14:17:05 - [MESSAGE][INFO] - Smart Wait Function is triggered

2021-10-21 14:17:05 - [MESSAGE][INFO] - Smart Wait Function is triggered

2021-10-21 14:17:06 - [MESSAGE][INFO] - Smart Wait Function is triggered

2021-10-21 14:17:06 - [MESSAGE][INFO] - Smart Wait Function is triggered

2021-10-21 14:17:06 - [MESSAGE][INFO] - Smart Wait Function is triggered

2021-10-21 14:17:07 - [MESSAGE][INFO] - Smart Wait Function is triggered

2021-10-21 14:17:07 - [MESSAGE][INFO] - Smart Wait Function is triggered

2021-10-21 14:17:07 - [MESSAGE][INFO] - Smart Wait Function is triggered

2021-10-21 14:17:07 - [MESSAGE][INFO] - Smart Wait Function is triggered

2021-10-21 14:17:08 - [MESSAGE][INFO] - Smart Wait Function is triggered

2021-10-21 14:17:08 - [MESSAGE][INFO] - Smart Wait Function is triggered

2021-10-21 14:17:08 - [MESSAGE][INFO] - Smart Wait Function is triggered

2021-10-21 14:17:09 - [MESSAGE][INFO] - Unable to find the element located by 'By.cssSelector: .btn.btn-success'. Please recheck the objects properties to make sure the desired element is located. 

2021-10-21 14:17:09 - [MESSAGE][WARNING] - com.kms.katalon.core.webui.exception.WebElementNotFoundException: Web element with id: 'Object Repository/Sayfalar/Giris_Sayfasi/PopupOK' located by '.btn.btn-success' not found (Root cause: com.kms.katalon.core.exception.StepFailedException: com.kms.katalon.core.webui.exception.WebElementNotFoundException: Web element with id: 'Object Repository/Sayfalar/Giris_Sayfasi/PopupOK' located by '.btn.btn-success' not found
	at com.kms.katalon.core.webui.keyword.internal.WebUIKeywordMain.stepFailed(WebUIKeywordMain.groovy:64)
	at com.kms.katalon.core.webui.keyword.builtin.VerifyElementPresentKeyword$_verifyElementPresent_closure1.doCall(VerifyElementPresentKeyword.groovy:85)
	at com.kms.katalon.core.webui.keyword.builtin.VerifyElementPresentKeyword$_verifyElementPresent_closure1.call(VerifyElementPresentKeyword.groovy)
	at com.kms.katalon.core.webui.keyword.internal.WebUIKeywordMain.runKeyword(WebUIKeywordMain.groovy:20)
	at com.kms.katalon.core.webui.keyword.builtin.VerifyElementPresentKeyword.verifyElementPresent(VerifyElementPresentKeyword.groovy:92)
	at com.kms.katalon.core.webui.keyword.builtin.VerifyElementPresentKeyword.execute(VerifyElementPresentKeyword.groovy:68)
	at com.kms.katalon.core.keyword.internal.KeywordExecutor.executeKeywordForPlatform(KeywordExecutor.groovy:73)
	at com.kms.katalon.core.webui.keyword.WebUiBuiltInKeywords.verifyElementPresent(WebUiBuiltInKeywords.groovy:1448)
	at com.kms.katalon.core.webui.keyword.WebUiBuiltInKeywords$verifyElementPresent$4.call(Unknown Source)
	at Login.run(Login:40)
	at com.kms.katalon.core.main.ScriptEngine.run(ScriptEngine.java:194)
	at com.kms.katalon.core.main.ScriptEngine.runScriptAsRawText(ScriptEngine.java:119)
	at com.kms.katalon.core.main.TestCaseExecutor.runScript(TestCaseExecutor.java:369)
	at com.kms.katalon.core.main.TestCaseExecutor.doExecute(TestCaseExecutor.java:360)
	at com.kms.katalon.core.main.TestCaseExecutor.processExecutionPhase(TestCaseExecutor.java:339)
	at com.kms.katalon.core.main.TestCaseExecutor.accessMainPhase(TestCaseExecutor.java:331)
	at com.kms.katalon.core.main.TestCaseExecutor.execute(TestCaseExecutor.java:248)
	at com.kms.katalon.core.main.TestCaseMain.runTestCase(TestCaseMain.java:138)
	at com.kms.katalon.core.keyword.builtin.CallTestCaseKeyword$_callTestCase_closure1.doCall(CallTestCaseKeyword.groovy:59)
	at com.kms.katalon.core.keyword.builtin.CallTestCaseKeyword$_callTestCase_closure1.call(CallTestCaseKeyword.groovy)
	at com.kms.katalon.core.keyword.internal.KeywordMain.runKeyword(KeywordMain.groovy:68)
	at com.kms.katalon.core.keyword.builtin.CallTestCaseKeyword.callTestCase(CallTestCaseKeyword.groovy:81)
	at com.kms.katalon.core.keyword.builtin.CallTestCaseKeyword.execute(CallTestCaseKeyword.groovy:44)
	at com.kms.katalon.core.keyword.internal.KeywordExecutor.executeKeywordForPlatform(KeywordExecutor.groovy:73)
	at com.kms.katalon.core.keyword.BuiltinKeywords.callTestCase(BuiltinKeywords.groovy:334)
	at sayfalar.girisSayfasi.login(girisSayfasi.groovy:50)
	at cucumber.runtime.Utils$1.call(Utils.java:26)
	at cucumber.runtime.Timeout.timeout(Timeout.java:16)
	at cucumber.runtime.Utils.invoke(Utils.java:20)
	at cucumber.runtime.java.JavaStepDefinition.execute(JavaStepDefinition.java:49)
	at cucumber.runner.PickleStepDefinitionMatch.runStep(PickleStepDefinitionMatch.java:50)
	at cucumber.runner.TestStep.executeStep(TestStep.java:63)
	at cucumber.runner.TestStep.run(TestStep.java:49)
	at cucumber.runner.PickleStepTestStep.run(PickleStepTestStep.java:43)
	at cucumber.runner.TestCase.run(TestCase.java:44)
	at cucumber.runner.Runner.runPickle(Runner.java:40)
	at cucumber.runtime.Runtime$1.run(Runtime.java:84)
	at cucumber.runtime.Runtime$SameThreadExecutorService.execute(Runtime.java:220)
	at cucumber.runtime.Runtime.run(Runtime.java:81)
	at cucumber.api.cli.Main.run(Main.java:26)
	at cucumber.api.cli.Main$run.call(Unknown Source)
	at com.kms.katalon.core.cucumber.keyword.CucumberBuiltinKeywords$_runFeatureFile_closure1.doCall(CucumberBuiltinKeywords.groovy:106)
	at com.kms.katalon.core.cucumber.keyword.CucumberBuiltinKeywords$_runFeatureFile_closure1.doCall(CucumberBuiltinKeywords.groovy)
	at com.kms.katalon.core.keyword.internal.KeywordMain.runKeyword(KeywordMain.groovy:68)
	at com.kms.katalon.core.keyword.internal.KeywordMain$runKeyword.call(Unknown Source)
	at com.kms.katalon.core.cucumber.keyword.CucumberBuiltinKeywords.runFeatureFile(CucumberBuiltinKeywords.groovy:73)
	at com.kms.katalon.core.cucumber.keyword.CucumberBuiltinKeywords$runFeatureFile$0.callStatic(Unknown Source)
	at com.kms.katalon.core.cucumber.keyword.CucumberBuiltinKeywords.runFeatureFile(CucumberBuiltinKeywords.groovy:246)
	at com.kms.katalon.core.cucumber.keyword.CucumberBuiltinKeywords$runFeatureFile.call(Unknown Source)
	at VKN-Elektronik-Ozel Matrah.run(VKN-Elektronik-Ozel Matrah:19)
	at com.kms.katalon.core.main.ScriptEngine.run(ScriptEngine.java:194)
	at com.kms.katalon.core.main.ScriptEngine.runScriptAsRawText(ScriptEngine.java:119)
	at com.kms.katalon.core.main.TestCaseExecutor.runScript(TestCaseExecutor.java:369)
	at com.kms.katalon.core.main.TestCaseExecutor.doExecute(TestCaseExecutor.java:360)
	at com.kms.katalon.core.main.TestCaseExecutor.processExecutionPhase(TestCaseExecutor.java:339)
	at com.kms.katalon.core.main.TestCaseExecutor.accessMainPhase(TestCaseExecutor.java:331)
	at com.kms.katalon.core.main.TestCaseExecutor.execute(TestCaseExecutor.java:248)
	at com.kms.katalon.core.main.TestSuiteExecutor.accessTestCaseMainPhase(TestSuiteExecutor.java:191)
	at com.kms.katalon.core.main.TestSuiteExecutor.accessTestSuiteMainPhase(TestSuiteExecutor.java:140)
	at com.kms.katalon.core.main.TestSuiteExecutor.execute(TestSuiteExecutor.java:89)
	at com.kms.katalon.core.main.TestCaseMain.startTestSuite(TestCaseMain.java:181)
	at com.kms.katalon.core.main.TestCaseMain$startTestSuite$0.call(Unknown Source)
	at TempTestSuite1634814289741.run(TempTestSuite1634814289741.groovy:39)
)

2021-10-21 14:17:09 - [TEST_STEP][PASSED] - verifyElementVisible(findTestObject("Object Repository/Kullanici_Islemleri/KullaniciIslemleri")): Object 'Object Repository/Kullanici_Islemleri/KullaniciIslemleri' is visible

2021-10-21 14:17:09 - [MESSAGE][INFO] - Finding Test Object 'Object Repository/Kullanici_Islemleri/KullaniciIslemleri'

2021-10-21 14:17:09 - [MESSAGE][INFO] - Checking object

2021-10-21 14:17:09 - [MESSAGE][INFO] - Finding web element from Test Object's properties

2021-10-21 14:17:09 - [MESSAGE][INFO] - Checking timeout

2021-10-21 14:17:09 - [MESSAGE][INFO] - Finding web element with id: 'Object Repository/Kullanici_Islemleri/KullaniciIslemleri' located by 'By.cssSelector: .dropdown>a>img' in '30' second(s)

2021-10-21 14:17:09 - [MESSAGE][INFO] - Smart Wait Function is triggered

2021-10-21 14:17:09 - [MESSAGE][INFO] - Found 1 web elements with id: 'Object Repository/Kullanici_Islemleri/KullaniciIslemleri' located by 'By.cssSelector: .dropdown>a>img' in '30' second(s)

2021-10-21 14:17:09 - [MESSAGE][PASSED] - Object 'Object Repository/Kullanici_Islemleri/KullaniciIslemleri' is visible

2021-10-21 14:17:09 - [MESSAGE][PASSED] - Call Test Case 'Test Cases/Sayfalar/Giris_Sayfasi/Login' successfully

2021-10-21 14:17:09 - [MESSAGE][INFO] - Checking called Test Case

2021-10-21 14:17:09 - [MESSAGE][INFO] - Starting to call Test Case 'Test Cases/Menu/AnaMenuSecimi'

2021-10-21 14:17:09 - [TEST_CASE][PASSED] - Test Cases/Menu/AnaMenuSecimi: Test Cases/Menu/AnaMenuSecimi

2021-10-21 14:17:09 - [TEST_STEP][PASSED] - Method.TextDegerineEsitElementeTikla(findTestObject("Menu/Ana_Menu"), Ana_Menu): Method.TextDegerineEsitElementeTikla is PASSED

2021-10-21 14:17:09 - [MESSAGE][INFO] - Finding Test Object 'Object Repository/Menu/Ana_Menu'

2021-10-21 14:17:09 - [MESSAGE][INFO] - Checking timeout

2021-10-21 14:17:09 - [MESSAGE][INFO] - Finding web element with id: 'Object Repository/Menu/Ana_Menu' located by 'By.xpath: //*[@class = 'dropdown-toggle']' in '10' second(s)

2021-10-21 14:17:09 - [MESSAGE][INFO] - Smart Wait Function is triggered

2021-10-21 14:17:10 - [MESSAGE][INFO] - Found 13 web elements with id: 'Object Repository/Menu/Ana_Menu' located by 'By.xpath: //*[@class = 'dropdown-toggle']' in '10' second(s)

2021-10-21 14:17:10 - [MESSAGE][PASSED] - Method.TextDegerineEsitElementeTikla is PASSED

2021-10-21 14:17:10 - [MESSAGE][PASSED] - Call Test Case 'Test Cases/Menu/AnaMenuSecimi' successfully

2021-10-21 14:17:10 - [MESSAGE][INFO] - Checking called Test Case

2021-10-21 14:17:10 - [MESSAGE][INFO] - Starting to call Test Case 'Test Cases/Menu/BasligaGoreAltMenuSecimi'

2021-10-21 14:17:10 - [TEST_CASE][PASSED] - Test Cases/Menu/BasligaGoreAltMenuSecimi: Test Cases/Menu/BasligaGoreAltMenuSecimi

2021-10-21 14:17:10 - [TEST_STEP][PASSED] - Method.TextDegerineEsitElementinAltindakiTextDegerineEsitOlanaTikla(findTestObject("Menu/Menu_Basligi"), findTestObject("Menu/Basliga_Gore_Alt_Menu"), Baslik, Alt_Menu): Method.TextDegerineEsitElementinAltindakiTextDegerineEsitOlanaTikla is PASSED

2021-10-21 14:17:10 - [MESSAGE][INFO] - Finding Test Object 'Object Repository/Menu/Menu_Basligi'

2021-10-21 14:17:10 - [MESSAGE][INFO] - Finding Test Object 'Object Repository/Menu/Basliga_Gore_Alt_Menu'

2021-10-21 14:17:10 - [MESSAGE][INFO] - Checking timeout

2021-10-21 14:17:10 - [MESSAGE][INFO] - Finding web element with id: 'Object Repository/Menu/Menu_Basligi' located by 'By.xpath: //li[@class='dropdown dropdown-large open']//li[@class='dropdown-header']' in '10' second(s)

2021-10-21 14:17:10 - [MESSAGE][INFO] - Smart Wait Function is triggered

2021-10-21 14:17:11 - [MESSAGE][INFO] - Found 2 web elements with id: 'Object Repository/Menu/Menu_Basligi' located by 'By.xpath: //li[@class='dropdown dropdown-large open']//li[@class='dropdown-header']' in '10' second(s)

2021-10-21 14:17:11 - [MESSAGE][INFO] - Smart Wait Function is triggered

2021-10-21 14:17:13 - [MESSAGE][PASSED] - Method.TextDegerineEsitElementinAltindakiTextDegerineEsitOlanaTikla is PASSED

2021-10-21 14:17:13 - [MESSAGE][PASSED] - Call Test Case 'Test Cases/Menu/BasligaGoreAltMenuSecimi' successfully

2021-10-21 14:17:13 - [MESSAGE][INFO] - Checking called Test Case

2021-10-21 14:17:13 - [MESSAGE][INFO] - Starting to call Test Case 'Test Cases/Tablo/Olusturma Tarihi'

2021-10-21 14:17:13 - [TEST_CASE][PASSED] - Test Cases/Tablo/Olusturma Tarihi: Test Cases/Tablo/Olusturma Tarihi

2021-10-21 14:17:13 - [TEST_STEP][PASSED] - if (verifyTextNotPresent("Görüntülenecek veri yok", true, OPTIONAL)): null

2021-10-21 14:17:13 - [MESSAGE][INFO] - Checking text present  using regular expression

2021-10-21 14:17:13 - [MESSAGE][INFO] - Smart Wait Function is triggered

2021-10-21 14:17:14 - [MESSAGE][INFO] - Finding text 'Görüntülenecek veri yok' on page  using regular expression

2021-10-21 14:17:14 - [MESSAGE][PASSED] - Text 'Görüntülenecek veri yok' is not present on page using regular expression

2021-10-21 14:17:14 - [TEST_STEP][PASSED] - click(findTestObject("Temizle/Olusturma_Tarihi_CheckBox")): Object: 'Object Repository/Temizle/Olusturma_Tarihi_CheckBox' is clicked on

2021-10-21 14:17:14 - [MESSAGE][INFO] - Finding Test Object 'Object Repository/Temizle/Olusturma_Tarihi_CheckBox'

2021-10-21 14:17:14 - [MESSAGE][INFO] - Checking object

2021-10-21 14:17:14 - [MESSAGE][INFO] - Finding web element from Test Object's properties

2021-10-21 14:17:14 - [MESSAGE][INFO] - Checking timeout

2021-10-21 14:17:14 - [MESSAGE][INFO] - Finding web element with id: 'Object Repository/Temizle/Olusturma_Tarihi_CheckBox' located by 'By.xpath: //*[@title = 'Bu sayfadaki tüm satırları Seç']' in '30' second(s)

2021-10-21 14:17:14 - [MESSAGE][INFO] - Smart Wait Function is triggered

2021-10-21 14:17:15 - [MESSAGE][INFO] - Found 1 web elements with id: 'Object Repository/Temizle/Olusturma_Tarihi_CheckBox' located by 'By.xpath: //*[@title = 'Bu sayfadaki tüm satırları Seç']' in '30' second(s)

2021-10-21 14:17:15 - [MESSAGE][INFO] - Clicking on object: 'Object Repository/Temizle/Olusturma_Tarihi_CheckBox'

2021-10-21 14:17:15 - [MESSAGE][PASSED] - Object: 'Object Repository/Temizle/Olusturma_Tarihi_CheckBox' is clicked on

2021-10-21 14:17:15 - [TEST_STEP][PASSED] - Method.TextDegerineEsitElementeTiklaEquals(findTestObject("Butonlar/Butonlar"), "Sil"): Method.TextDegerineEsitElementeTiklaEquals is PASSED

2021-10-21 14:17:15 - [MESSAGE][INFO] - Finding Test Object 'Object Repository/Butonlar/Butonlar'

2021-10-21 14:17:15 - [MESSAGE][INFO] - Checking timeout

2021-10-21 14:17:15 - [MESSAGE][INFO] - Finding web element with id: 'Object Repository/Butonlar/Butonlar' located by 'By.cssSelector: .panel.panel-default.text-center.footerPanel .btn,.btn.btn-primary.btnControls' in '10' second(s)

2021-10-21 14:17:15 - [MESSAGE][INFO] - Smart Wait Function is triggered

2021-10-21 14:17:15 - [MESSAGE][INFO] - Found 10 web elements with id: 'Object Repository/Butonlar/Butonlar' located by 'By.cssSelector: .panel.panel-default.text-center.footerPanel .btn,.btn.btn-primary.btnControls' in '10' second(s)

2021-10-21 14:17:15 - [MESSAGE][PASSED] - Method.TextDegerineEsitElementeTiklaEquals is PASSED

2021-10-21 14:17:15 - [TEST_STEP][PASSED] - Method.TextDegerineEsitElementeTikla(findTestObject("Popup/Popup_Butons"), "Evet"): Method.TextDegerineEsitElementeTikla is PASSED

2021-10-21 14:17:15 - [MESSAGE][INFO] - Finding Test Object 'Object Repository/Popup/Popup_Butons'

2021-10-21 14:17:15 - [MESSAGE][INFO] - Checking timeout

2021-10-21 14:17:15 - [MESSAGE][INFO] - Finding web element with id: 'Object Repository/Popup/Popup_Butons' located by 'By.cssSelector: .modal-footer>button' in '10' second(s)

2021-10-21 14:17:15 - [MESSAGE][INFO] - Smart Wait Function is triggered

2021-10-21 14:17:16 - [MESSAGE][INFO] - Found 2 web elements with id: 'Object Repository/Popup/Popup_Butons' located by 'By.cssSelector: .modal-footer>button' in '10' second(s)

2021-10-21 14:17:16 - [MESSAGE][PASSED] - Method.TextDegerineEsitElementeTikla is PASSED

2021-10-21 14:17:16 - [TEST_STEP][PASSED] - Method.TextDegerineEsitElementeTikla(findTestObject("Popup/Popup_Butons"), "Tamam"): Method.TextDegerineEsitElementeTikla is PASSED

2021-10-21 14:17:16 - [MESSAGE][INFO] - Finding Test Object 'Object Repository/Popup/Popup_Butons'

2021-10-21 14:17:17 - [MESSAGE][INFO] - Checking timeout

2021-10-21 14:17:17 - [MESSAGE][INFO] - Finding web element with id: 'Object Repository/Popup/Popup_Butons' located by 'By.cssSelector: .modal-footer>button' in '10' second(s)

2021-10-21 14:17:17 - [MESSAGE][INFO] - Smart Wait Function is triggered

2021-10-21 14:17:17 - [MESSAGE][INFO] - Found 1 web elements with id: 'Object Repository/Popup/Popup_Butons' located by 'By.cssSelector: .modal-footer>button' in '10' second(s)

2021-10-21 14:17:17 - [MESSAGE][PASSED] - Method.TextDegerineEsitElementeTikla is PASSED

2021-10-21 14:17:17 - [MESSAGE][PASSED] - Call Test Case 'Test Cases/Tablo/Olusturma Tarihi' successfully

2021-10-21 14:17:17 - [MESSAGE][INFO] - Checking called Test Case

2021-10-21 14:17:17 - [MESSAGE][INFO] - Starting to call Test Case 'Test Cases/Butonlar/ButonaTikla'

2021-10-21 14:17:17 - [TEST_CASE][PASSED] - Test Cases/Butonlar/ButonaTikla: Test Cases/Butonlar/ButonaTikla

2021-10-21 14:17:17 - [TEST_STEP][PASSED] - Method.TextDegerineEsitElementeTiklaEquals(findTestObject("Butonlar/Butonlar"), Buton_Adi): Method.TextDegerineEsitElementeTiklaEquals is PASSED

2021-10-21 14:17:17 - [MESSAGE][INFO] - Finding Test Object 'Object Repository/Butonlar/Butonlar'

2021-10-21 14:17:17 - [MESSAGE][INFO] - Checking timeout

2021-10-21 14:17:17 - [MESSAGE][INFO] - Finding web element with id: 'Object Repository/Butonlar/Butonlar' located by 'By.cssSelector: .panel.panel-default.text-center.footerPanel .btn,.btn.btn-primary.btnControls' in '10' second(s)

2021-10-21 14:17:17 - [MESSAGE][INFO] - Smart Wait Function is triggered

2021-10-21 14:17:18 - [MESSAGE][INFO] - Found 10 web elements with id: 'Object Repository/Butonlar/Butonlar' located by 'By.cssSelector: .panel.panel-default.text-center.footerPanel .btn,.btn.btn-primary.btnControls' in '10' second(s)

2021-10-21 14:17:18 - [MESSAGE][PASSED] - Method.TextDegerineEsitElementeTiklaEquals is PASSED

2021-10-21 14:17:18 - [MESSAGE][PASSED] - Call Test Case 'Test Cases/Butonlar/ButonaTikla' successfully

2021-10-21 14:17:18 - [MESSAGE][INFO] - Checking called Test Case

2021-10-21 14:17:18 - [MESSAGE][INFO] - Starting to call Test Case 'Test Cases/Olusturma/Genel/GorselTasarimSayfasıBasligiIceriyorMu'

2021-10-21 14:17:18 - [TEST_CASE][PASSED] - Test Cases/Olusturma/Genel/GorselTasarimSayfasıBasligiIceriyorMu: Test Cases/Olusturma/Genel/GorselTasarimSayfasıBasligiIceriyorMu

2021-10-21 14:17:18 - [TEST_STEP][PASSED] - verifyElementText(findTestObject("Object Repository/Olusturma/Genel/GorselTasarimBaslik"), Baslik): Actual text and expected text of test object 'Object Repository/Olusturma/Genel/GorselTasarimBaslik' are matched.

2021-10-21 14:17:18 - [MESSAGE][INFO] - Finding Test Object 'Object Repository/Olusturma/Genel/GorselTasarimBaslik'

2021-10-21 14:17:18 - [MESSAGE][INFO] - Checking object

2021-10-21 14:17:18 - [MESSAGE][INFO] - Finding web element from Test Object's properties

2021-10-21 14:17:18 - [MESSAGE][INFO] - Checking timeout

2021-10-21 14:17:18 - [MESSAGE][INFO] - Finding web element with id: 'Object Repository/Olusturma/Genel/GorselTasarimBaslik' located by 'By.cssSelector: #flAlici_0>div>span' in '30' second(s)

2021-10-21 14:17:18 - [MESSAGE][INFO] - Smart Wait Function is triggered

2021-10-21 14:17:23 - [MESSAGE][INFO] - Found 1 web elements with id: 'Object Repository/Olusturma/Genel/GorselTasarimBaslik' located by 'By.cssSelector: #flAlici_0>div>span' in '30' second(s)

2021-10-21 14:17:23 - [MESSAGE][PASSED] - Actual text and expected text of test object 'Object Repository/Olusturma/Genel/GorselTasarimBaslik' are matched.

2021-10-21 14:17:23 - [MESSAGE][PASSED] - Call Test Case 'Test Cases/Olusturma/Genel/GorselTasarimSayfasıBasligiIceriyorMu' successfully

2021-10-21 14:17:23 - [MESSAGE][INFO] - Checking called Test Case

2021-10-21 14:17:23 - [MESSAGE][INFO] - Starting to call Test Case 'Test Cases/Olusturma/Genel/AliciSecilir'

2021-10-21 14:17:23 - [TEST_CASE][PASSED] - Test Cases/Olusturma/Genel/AliciSecilir: Test Cases/Olusturma/Genel/AliciSecilir

2021-10-21 14:17:23 - [TEST_STEP][PASSED] - click(findTestObject("Olusturma/Genel/AliciBilgisi/Alici_Ara")): Object: 'Object Repository/Olusturma/Genel/AliciBilgisi/Alici_Ara' is clicked on

2021-10-21 14:17:23 - [MESSAGE][INFO] - Finding Test Object 'Object Repository/Olusturma/Genel/AliciBilgisi/Alici_Ara'

2021-10-21 14:17:23 - [MESSAGE][INFO] - Checking object

2021-10-21 14:17:23 - [MESSAGE][INFO] - Finding web element from Test Object's properties

2021-10-21 14:17:23 - [MESSAGE][INFO] - Checking timeout

2021-10-21 14:17:23 - [MESSAGE][INFO] - Finding web element with id: 'Object Repository/Olusturma/Genel/AliciBilgisi/Alici_Ara' located by 'By.xpath: //td[@id='txtCustomerText_B-1']' in '30' second(s)

2021-10-21 14:17:23 - [MESSAGE][INFO] - Smart Wait Function is triggered

2021-10-21 14:17:23 - [MESSAGE][INFO] - Found 1 web elements with id: 'Object Repository/Olusturma/Genel/AliciBilgisi/Alici_Ara' located by 'By.xpath: //td[@id='txtCustomerText_B-1']' in '30' second(s)

2021-10-21 14:17:23 - [MESSAGE][INFO] - Clicking on object: 'Object Repository/Olusturma/Genel/AliciBilgisi/Alici_Ara'

2021-10-21 14:17:24 - [MESSAGE][PASSED] - Object: 'Object Repository/Olusturma/Genel/AliciBilgisi/Alici_Ara' is clicked on

2021-10-21 14:17:24 - [TEST_STEP][PASSED] - click(findTestObject("Olusturma/Genel/AliciBilgisi/Alici_Bilgisi")): Object: 'Object Repository/Olusturma/Genel/AliciBilgisi/Alici_Bilgisi' is clicked on

2021-10-21 14:17:24 - [MESSAGE][INFO] - Finding Test Object 'Object Repository/Olusturma/Genel/AliciBilgisi/Alici_Bilgisi'

2021-10-21 14:17:24 - [MESSAGE][INFO] - Checking object

2021-10-21 14:17:24 - [MESSAGE][INFO] - Finding web element from Test Object's properties

2021-10-21 14:17:24 - [MESSAGE][INFO] - Checking timeout

2021-10-21 14:17:24 - [MESSAGE][INFO] - Finding web element with id: 'Object Repository/Olusturma/Genel/AliciBilgisi/Alici_Bilgisi' located by 'By.xpath: //iframe[@id='customerselectiframe']' in '30' second(s)

2021-10-21 14:17:24 - [MESSAGE][INFO] - Smart Wait Function is triggered

2021-10-21 14:17:24 - [MESSAGE][INFO] - Found 1 web elements with id: 'Object Repository/Olusturma/Genel/AliciBilgisi/Alici_Bilgisi' located by 'By.xpath: //iframe[@id='customerselectiframe']' in '30' second(s)

2021-10-21 14:17:24 - [MESSAGE][INFO] - Clicking on object: 'Object Repository/Olusturma/Genel/AliciBilgisi/Alici_Bilgisi'

2021-10-21 14:17:24 - [MESSAGE][PASSED] - Object: 'Object Repository/Olusturma/Genel/AliciBilgisi/Alici_Bilgisi' is clicked on

2021-10-21 14:17:24 - [TEST_STEP][PASSED] - setText(findTestObject("Olusturma/Genel/AliciBilgisi/Alici_Gir"), Alici_Adi): Switching to default content

2021-10-21 14:17:24 - [MESSAGE][INFO] - Finding Test Object 'Object Repository/Olusturma/Genel/AliciBilgisi/Alici_Gir'

2021-10-21 14:17:24 - [MESSAGE][INFO] - Finding Test Object 'Object Repository/Olusturma/Genel/AliciBilgisi/Alici_Bilgisi'

2021-10-21 14:17:24 - [MESSAGE][INFO] - Checking object

2021-10-21 14:17:24 - [MESSAGE][INFO] - Checking text

2021-10-21 14:17:24 - [MESSAGE][INFO] - Object: 'Object Repository/Olusturma/Genel/AliciBilgisi/Alici_Gir' has parent object(s)

2021-10-21 14:17:24 - [MESSAGE][INFO] - Switching to iframe: 'Object Repository/Olusturma/Genel/AliciBilgisi/Alici_Bilgisi'

2021-10-21 14:17:24 - [MESSAGE][INFO] - Finding web element from Test Object's properties

2021-10-21 14:17:24 - [MESSAGE][INFO] - Checking timeout

2021-10-21 14:17:24 - [MESSAGE][INFO] - Finding web element with id: 'Object Repository/Olusturma/Genel/AliciBilgisi/Alici_Bilgisi' located by 'By.xpath: //iframe[@id='customerselectiframe']' in '30' second(s)

2021-10-21 14:17:24 - [MESSAGE][INFO] - Smart Wait Function is triggered

2021-10-21 14:17:25 - [MESSAGE][INFO] - Found 1 web elements with id: 'Object Repository/Olusturma/Genel/AliciBilgisi/Alici_Bilgisi' located by 'By.xpath: //iframe[@id='customerselectiframe']' in '30' second(s)

2021-10-21 14:17:25 - [MESSAGE][INFO] - Switched to iframe: 'Object Repository/Olusturma/Genel/AliciBilgisi/Alici_Bilgisi'

2021-10-21 14:17:25 - [MESSAGE][INFO] - Finding web element from Test Object's properties

2021-10-21 14:17:25 - [MESSAGE][INFO] - Checking timeout

2021-10-21 14:17:25 - [MESSAGE][INFO] - Finding web element with id: 'Object Repository/Olusturma/Genel/AliciBilgisi/Alici_Gir' located by 'By.xpath: //input[@id='GridViewCustomer_DXFREditorcol1_I']' in '30' second(s)

2021-10-21 14:17:25 - [MESSAGE][INFO] - Smart Wait Function is triggered

2021-10-21 14:17:25 - [MESSAGE][INFO] - Found 1 web elements with id: 'Object Repository/Olusturma/Genel/AliciBilgisi/Alici_Gir' located by 'By.xpath: //input[@id='GridViewCustomer_DXFREditorcol1_I']' in '30' second(s)

2021-10-21 14:17:25 - [MESSAGE][INFO] - Clearing text of object 'Object Repository/Olusturma/Genel/AliciBilgisi/Alici_Gir'

2021-10-21 14:17:25 - [MESSAGE][INFO] - Finding web element from Test Object's properties

2021-10-21 14:17:25 - [MESSAGE][INFO] - Checking timeout

2021-10-21 14:17:25 - [MESSAGE][INFO] - Finding web element with id: 'Object Repository/Olusturma/Genel/AliciBilgisi/Alici_Gir' located by 'By.xpath: //input[@id='GridViewCustomer_DXFREditorcol1_I']' in '30' second(s)

2021-10-21 14:17:25 - [MESSAGE][INFO] - Smart Wait Function is triggered

2021-10-21 14:17:25 - [MESSAGE][INFO] - Found 1 web elements with id: 'Object Repository/Olusturma/Genel/AliciBilgisi/Alici_Gir' located by 'By.xpath: //input[@id='GridViewCustomer_DXFREditorcol1_I']' in '30' second(s)

2021-10-21 14:17:25 - [MESSAGE][INFO] - Setting text of object 'Object Repository/Olusturma/Genel/AliciBilgisi/Alici_Gir' to value 'UC0006'

2021-10-21 14:17:25 - [MESSAGE][PASSED] - Text 'UC0006' is set on object 'Object Repository/Olusturma/Genel/AliciBilgisi/Alici_Gir'

2021-10-21 14:17:25 - [MESSAGE][INFO] - Switching to default content

2021-10-21 14:17:25 - [TEST_STEP][PASSED] - waitForElementClickable(findTestObject("Olusturma/Genel/AliciBilgisi/Alici_Adi"), 10): Switching to default content

2021-10-21 14:17:25 - [MESSAGE][INFO] - Finding Test Object 'Object Repository/Olusturma/Genel/AliciBilgisi/Alici_Adi'

2021-10-21 14:17:25 - [MESSAGE][INFO] - Finding Test Object 'Object Repository/Olusturma/Genel/AliciBilgisi/iframe_Alc Bilgisi_customerselectiframe'

2021-10-21 14:17:25 - [MESSAGE][INFO] - Checking object

2021-10-21 14:17:25 - [MESSAGE][INFO] - Checking timeout

2021-10-21 14:17:25 - [MESSAGE][INFO] - Object: 'Object Repository/Olusturma/Genel/AliciBilgisi/Alici_Adi' has parent object(s)

2021-10-21 14:17:25 - [MESSAGE][INFO] - Switching to iframe: 'Object Repository/Olusturma/Genel/AliciBilgisi/iframe_Alc Bilgisi_customerselectiframe'

2021-10-21 14:17:25 - [MESSAGE][INFO] - Finding web element from Test Object's properties

2021-10-21 14:17:25 - [MESSAGE][INFO] - Checking timeout

2021-10-21 14:17:25 - [MESSAGE][INFO] - Finding web element with id: 'Object Repository/Olusturma/Genel/AliciBilgisi/iframe_Alc Bilgisi_customerselectiframe' located by 'By.xpath: //iframe[@id='customerselectiframe']' in '10' second(s)

2021-10-21 14:17:25 - [MESSAGE][INFO] - Smart Wait Function is triggered

2021-10-21 14:17:25 - [MESSAGE][INFO] - Found 1 web elements with id: 'Object Repository/Olusturma/Genel/AliciBilgisi/iframe_Alc Bilgisi_customerselectiframe' located by 'By.xpath: //iframe[@id='customerselectiframe']' in '10' second(s)

2021-10-21 14:17:25 - [MESSAGE][INFO] - Switched to iframe: 'Object Repository/Olusturma/Genel/AliciBilgisi/iframe_Alc Bilgisi_customerselectiframe'

2021-10-21 14:17:25 - [MESSAGE][INFO] - Finding web element from Test Object's properties

2021-10-21 14:17:25 - [MESSAGE][INFO] - Checking timeout

2021-10-21 14:17:25 - [MESSAGE][INFO] - Finding web element with id: 'Object Repository/Olusturma/Genel/AliciBilgisi/Alici_Adi' located by 'By.xpath: //tr[@id='GridViewCustomer_DXDataRow0']/td[2]' in '10' second(s)

2021-10-21 14:17:25 - [MESSAGE][INFO] - Smart Wait Function is triggered

2021-10-21 14:17:25 - [MESSAGE][INFO] - Found 1 web elements with id: 'Object Repository/Olusturma/Genel/AliciBilgisi/Alici_Adi' located by 'By.xpath: //tr[@id='GridViewCustomer_DXDataRow0']/td[2]' in '10' second(s)

2021-10-21 14:17:25 - [MESSAGE][PASSED] - Object 'Object Repository/Olusturma/Genel/AliciBilgisi/Alici_Adi' is clickable

2021-10-21 14:17:25 - [MESSAGE][INFO] - Switching to default content

2021-10-21 14:17:25 - [TEST_STEP][PASSED] - click(findTestObject("Olusturma/Genel/AliciBilgisi/frame")): Switching to default content

2021-10-21 14:17:25 - [MESSAGE][INFO] - Finding Test Object 'Object Repository/Olusturma/Genel/AliciBilgisi/frame'

2021-10-21 14:17:25 - [MESSAGE][INFO] - Finding Test Object 'Object Repository/Olusturma/Genel/AliciBilgisi/iframe_Alc Bilgisi_customerselectiframe'

2021-10-21 14:17:26 - [MESSAGE][INFO] - Checking object

2021-10-21 14:17:26 - [MESSAGE][INFO] - Object: 'Object Repository/Olusturma/Genel/AliciBilgisi/frame' has parent object(s)

2021-10-21 14:17:26 - [MESSAGE][INFO] - Switching to iframe: 'Object Repository/Olusturma/Genel/AliciBilgisi/iframe_Alc Bilgisi_customerselectiframe'

2021-10-21 14:17:26 - [MESSAGE][INFO] - Finding web element from Test Object's properties

2021-10-21 14:17:26 - [MESSAGE][INFO] - Checking timeout

2021-10-21 14:17:26 - [MESSAGE][INFO] - Finding web element with id: 'Object Repository/Olusturma/Genel/AliciBilgisi/iframe_Alc Bilgisi_customerselectiframe' located by 'By.xpath: //iframe[@id='customerselectiframe']' in '30' second(s)

2021-10-21 14:17:26 - [MESSAGE][INFO] - Smart Wait Function is triggered

2021-10-21 14:17:26 - [MESSAGE][INFO] - Found 1 web elements with id: 'Object Repository/Olusturma/Genel/AliciBilgisi/iframe_Alc Bilgisi_customerselectiframe' located by 'By.xpath: //iframe[@id='customerselectiframe']' in '30' second(s)

2021-10-21 14:17:26 - [MESSAGE][INFO] - Switched to iframe: 'Object Repository/Olusturma/Genel/AliciBilgisi/iframe_Alc Bilgisi_customerselectiframe'

2021-10-21 14:17:26 - [MESSAGE][INFO] - Finding web element from Test Object's properties

2021-10-21 14:17:26 - [MESSAGE][INFO] - Checking timeout

2021-10-21 14:17:26 - [MESSAGE][INFO] - Finding web element with id: 'Object Repository/Olusturma/Genel/AliciBilgisi/frame' located by 'By.xpath: //*/text()[normalize-space(.)='']/parent::*' in '30' second(s)

2021-10-21 14:17:26 - [MESSAGE][INFO] - Smart Wait Function is triggered

2021-10-21 14:17:26 - [MESSAGE][INFO] - Found 66 web elements with id: 'Object Repository/Olusturma/Genel/AliciBilgisi/frame' located by 'By.xpath: //*/text()[normalize-space(.)='']/parent::*' in '30' second(s)

2021-10-21 14:17:26 - [MESSAGE][INFO] - Clicking on object: 'Object Repository/Olusturma/Genel/AliciBilgisi/frame'

2021-10-21 14:17:26 - [MESSAGE][PASSED] - Object: 'Object Repository/Olusturma/Genel/AliciBilgisi/frame' is clicked on

2021-10-21 14:17:26 - [MESSAGE][INFO] - Switching to default content

2021-10-21 14:17:26 - [TEST_STEP][PASSED] - click(findTestObject("Olusturma/Genel/AliciBilgisi/Alici_Adi")): Switching to default content

2021-10-21 14:17:26 - [MESSAGE][INFO] - Finding Test Object 'Object Repository/Olusturma/Genel/AliciBilgisi/Alici_Adi'

2021-10-21 14:17:26 - [MESSAGE][INFO] - Finding Test Object 'Object Repository/Olusturma/Genel/AliciBilgisi/iframe_Alc Bilgisi_customerselectiframe'

2021-10-21 14:17:26 - [MESSAGE][INFO] - Checking object

2021-10-21 14:17:26 - [MESSAGE][INFO] - Object: 'Object Repository/Olusturma/Genel/AliciBilgisi/Alici_Adi' has parent object(s)

2021-10-21 14:17:26 - [MESSAGE][INFO] - Switching to iframe: 'Object Repository/Olusturma/Genel/AliciBilgisi/iframe_Alc Bilgisi_customerselectiframe'

2021-10-21 14:17:26 - [MESSAGE][INFO] - Finding web element from Test Object's properties

2021-10-21 14:17:26 - [MESSAGE][INFO] - Checking timeout

2021-10-21 14:17:26 - [MESSAGE][INFO] - Finding web element with id: 'Object Repository/Olusturma/Genel/AliciBilgisi/iframe_Alc Bilgisi_customerselectiframe' located by 'By.xpath: //iframe[@id='customerselectiframe']' in '30' second(s)

2021-10-21 14:17:26 - [MESSAGE][INFO] - Smart Wait Function is triggered

2021-10-21 14:17:26 - [MESSAGE][INFO] - Found 1 web elements with id: 'Object Repository/Olusturma/Genel/AliciBilgisi/iframe_Alc Bilgisi_customerselectiframe' located by 'By.xpath: //iframe[@id='customerselectiframe']' in '30' second(s)

2021-10-21 14:17:26 - [MESSAGE][INFO] - Switched to iframe: 'Object Repository/Olusturma/Genel/AliciBilgisi/iframe_Alc Bilgisi_customerselectiframe'

2021-10-21 14:17:26 - [MESSAGE][INFO] - Finding web element from Test Object's properties

2021-10-21 14:17:26 - [MESSAGE][INFO] - Checking timeout

2021-10-21 14:17:26 - [MESSAGE][INFO] - Finding web element with id: 'Object Repository/Olusturma/Genel/AliciBilgisi/Alici_Adi' located by 'By.xpath: //tr[@id='GridViewCustomer_DXDataRow0']/td[2]' in '30' second(s)

2021-10-21 14:17:26 - [MESSAGE][INFO] - Smart Wait Function is triggered

2021-10-21 14:17:26 - [MESSAGE][INFO] - Found 1 web elements with id: 'Object Repository/Olusturma/Genel/AliciBilgisi/Alici_Adi' located by 'By.xpath: //tr[@id='GridViewCustomer_DXDataRow0']/td[2]' in '30' second(s)

2021-10-21 14:17:26 - [MESSAGE][INFO] - Clicking on object: 'Object Repository/Olusturma/Genel/AliciBilgisi/Alici_Adi'

2021-10-21 14:17:27 - [MESSAGE][PASSED] - Object: 'Object Repository/Olusturma/Genel/AliciBilgisi/Alici_Adi' is clicked on

2021-10-21 14:17:27 - [MESSAGE][INFO] - Switching to default content

2021-10-21 14:17:27 - [TEST_STEP][PASSED] - click(findTestObject("Olusturma/Genel/AliciBilgisi/Tamam_Bosluk")): Switching to default content

2021-10-21 14:17:27 - [MESSAGE][INFO] - Finding Test Object 'Object Repository/Olusturma/Genel/AliciBilgisi/Tamam_Bosluk'

2021-10-21 14:17:27 - [MESSAGE][INFO] - Finding Test Object 'Object Repository/Olusturma/Genel/AliciBilgisi/Alici_Bilgisi'

2021-10-21 14:17:27 - [MESSAGE][INFO] - Checking object

2021-10-21 14:17:27 - [MESSAGE][INFO] - Object: 'Object Repository/Olusturma/Genel/AliciBilgisi/Tamam_Bosluk' has parent object(s)

2021-10-21 14:17:27 - [MESSAGE][INFO] - Switching to iframe: 'Object Repository/Olusturma/Genel/AliciBilgisi/Alici_Bilgisi'

2021-10-21 14:17:27 - [MESSAGE][INFO] - Finding web element from Test Object's properties

2021-10-21 14:17:27 - [MESSAGE][INFO] - Checking timeout

2021-10-21 14:17:27 - [MESSAGE][INFO] - Finding web element with id: 'Object Repository/Olusturma/Genel/AliciBilgisi/Alici_Bilgisi' located by 'By.xpath: //iframe[@id='customerselectiframe']' in '30' second(s)

2021-10-21 14:17:27 - [MESSAGE][INFO] - Smart Wait Function is triggered

2021-10-21 14:17:27 - [MESSAGE][INFO] - Found 1 web elements with id: 'Object Repository/Olusturma/Genel/AliciBilgisi/Alici_Bilgisi' located by 'By.xpath: //iframe[@id='customerselectiframe']' in '30' second(s)

2021-10-21 14:17:27 - [MESSAGE][INFO] - Switched to iframe: 'Object Repository/Olusturma/Genel/AliciBilgisi/Alici_Bilgisi'

2021-10-21 14:17:27 - [MESSAGE][INFO] - Finding web element from Test Object's properties

2021-10-21 14:17:27 - [MESSAGE][INFO] - Checking timeout

2021-10-21 14:17:27 - [MESSAGE][INFO] - Finding web element with id: 'Object Repository/Olusturma/Genel/AliciBilgisi/Tamam_Bosluk' located by 'By.xpath: (.//*[normalize-space(text()) and normalize-space(.)='Sayfa Boyutu:'])[1]/following::div[7]' in '30' second(s)

2021-10-21 14:17:27 - [MESSAGE][INFO] - Smart Wait Function is triggered

2021-10-21 14:17:27 - [MESSAGE][INFO] - Found 1 web elements with id: 'Object Repository/Olusturma/Genel/AliciBilgisi/Tamam_Bosluk' located by 'By.xpath: (.//*[normalize-space(text()) and normalize-space(.)='Sayfa Boyutu:'])[1]/following::div[7]' in '30' second(s)

2021-10-21 14:17:27 - [MESSAGE][INFO] - Clicking on object: 'Object Repository/Olusturma/Genel/AliciBilgisi/Tamam_Bosluk'

2021-10-21 14:17:27 - [MESSAGE][PASSED] - Object: 'Object Repository/Olusturma/Genel/AliciBilgisi/Tamam_Bosluk' is clicked on

2021-10-21 14:17:27 - [MESSAGE][INFO] - Switching to default content

2021-10-21 14:17:27 - [TEST_STEP][PASSED] - waitForElementClickable(findTestObject("Olusturma/Genel/AliciBilgisi/Tamam_Butonu"), 10): Switching to default content

2021-10-21 14:17:27 - [MESSAGE][INFO] - Finding Test Object 'Object Repository/Olusturma/Genel/AliciBilgisi/Tamam_Butonu'

2021-10-21 14:17:27 - [MESSAGE][INFO] - Finding Test Object 'Object Repository/Olusturma/Genel/AliciBilgisi/Alici_Bilgisi'

2021-10-21 14:17:27 - [MESSAGE][INFO] - Checking object

2021-10-21 14:17:27 - [MESSAGE][INFO] - Checking timeout

2021-10-21 14:17:27 - [MESSAGE][INFO] - Object: 'Object Repository/Olusturma/Genel/AliciBilgisi/Tamam_Butonu' has parent object(s)

2021-10-21 14:17:27 - [MESSAGE][INFO] - Switching to iframe: 'Object Repository/Olusturma/Genel/AliciBilgisi/Alici_Bilgisi'

2021-10-21 14:17:27 - [MESSAGE][INFO] - Finding web element from Test Object's properties

2021-10-21 14:17:27 - [MESSAGE][INFO] - Checking timeout

2021-10-21 14:17:27 - [MESSAGE][INFO] - Finding web element with id: 'Object Repository/Olusturma/Genel/AliciBilgisi/Alici_Bilgisi' located by 'By.xpath: //iframe[@id='customerselectiframe']' in '10' second(s)

2021-10-21 14:17:27 - [MESSAGE][INFO] - Smart Wait Function is triggered

2021-10-21 14:17:28 - [MESSAGE][INFO] - Found 1 web elements with id: 'Object Repository/Olusturma/Genel/AliciBilgisi/Alici_Bilgisi' located by 'By.xpath: //iframe[@id='customerselectiframe']' in '10' second(s)

2021-10-21 14:17:28 - [MESSAGE][INFO] - Switched to iframe: 'Object Repository/Olusturma/Genel/AliciBilgisi/Alici_Bilgisi'

2021-10-21 14:17:28 - [MESSAGE][INFO] - Finding web element from Test Object's properties

2021-10-21 14:17:28 - [MESSAGE][INFO] - Checking timeout

2021-10-21 14:17:28 - [MESSAGE][INFO] - Finding web element with id: 'Object Repository/Olusturma/Genel/AliciBilgisi/Tamam_Butonu' located by 'By.xpath: //div[@id='btnSelectCustomer_CD']/span' in '10' second(s)

2021-10-21 14:17:28 - [MESSAGE][INFO] - Smart Wait Function is triggered

2021-10-21 14:17:28 - [MESSAGE][INFO] - Found 1 web elements with id: 'Object Repository/Olusturma/Genel/AliciBilgisi/Tamam_Butonu' located by 'By.xpath: //div[@id='btnSelectCustomer_CD']/span' in '10' second(s)

2021-10-21 14:17:28 - [MESSAGE][PASSED] - Object 'Object Repository/Olusturma/Genel/AliciBilgisi/Tamam_Butonu' is clickable

2021-10-21 14:17:28 - [MESSAGE][INFO] - Switching to default content

2021-10-21 14:17:28 - [TEST_STEP][PASSED] - click(findTestObject("Olusturma/Genel/AliciBilgisi/Tamam_Butonu")): Switching to default content

2021-10-21 14:17:28 - [MESSAGE][INFO] - Finding Test Object 'Object Repository/Olusturma/Genel/AliciBilgisi/Tamam_Butonu'

2021-10-21 14:17:28 - [MESSAGE][INFO] - Finding Test Object 'Object Repository/Olusturma/Genel/AliciBilgisi/Alici_Bilgisi'

2021-10-21 14:17:28 - [MESSAGE][INFO] - Checking object

2021-10-21 14:17:28 - [MESSAGE][INFO] - Object: 'Object Repository/Olusturma/Genel/AliciBilgisi/Tamam_Butonu' has parent object(s)

2021-10-21 14:17:28 - [MESSAGE][INFO] - Switching to iframe: 'Object Repository/Olusturma/Genel/AliciBilgisi/Alici_Bilgisi'

2021-10-21 14:17:28 - [MESSAGE][INFO] - Finding web element from Test Object's properties

2021-10-21 14:17:28 - [MESSAGE][INFO] - Checking timeout

2021-10-21 14:17:28 - [MESSAGE][INFO] - Finding web element with id: 'Object Repository/Olusturma/Genel/AliciBilgisi/Alici_Bilgisi' located by 'By.xpath: //iframe[@id='customerselectiframe']' in '30' second(s)

2021-10-21 14:17:28 - [MESSAGE][INFO] - Smart Wait Function is triggered

2021-10-21 14:17:28 - [MESSAGE][INFO] - Found 1 web elements with id: 'Object Repository/Olusturma/Genel/AliciBilgisi/Alici_Bilgisi' located by 'By.xpath: //iframe[@id='customerselectiframe']' in '30' second(s)

2021-10-21 14:17:28 - [MESSAGE][INFO] - Switched to iframe: 'Object Repository/Olusturma/Genel/AliciBilgisi/Alici_Bilgisi'

2021-10-21 14:17:28 - [MESSAGE][INFO] - Finding web element from Test Object's properties

2021-10-21 14:17:28 - [MESSAGE][INFO] - Checking timeout

2021-10-21 14:17:28 - [MESSAGE][INFO] - Finding web element with id: 'Object Repository/Olusturma/Genel/AliciBilgisi/Tamam_Butonu' located by 'By.xpath: //div[@id='btnSelectCustomer_CD']/span' in '30' second(s)

2021-10-21 14:17:28 - [MESSAGE][INFO] - Smart Wait Function is triggered

2021-10-21 14:17:28 - [MESSAGE][INFO] - Found 1 web elements with id: 'Object Repository/Olusturma/Genel/AliciBilgisi/Tamam_Butonu' located by 'By.xpath: //div[@id='btnSelectCustomer_CD']/span' in '30' second(s)

2021-10-21 14:17:28 - [MESSAGE][INFO] - Clicking on object: 'Object Repository/Olusturma/Genel/AliciBilgisi/Tamam_Butonu'

2021-10-21 14:17:28 - [MESSAGE][PASSED] - Object: 'Object Repository/Olusturma/Genel/AliciBilgisi/Tamam_Butonu' is clicked on

2021-10-21 14:17:28 - [MESSAGE][INFO] - Switching to default content

2021-10-21 14:17:28 - [TEST_STEP][PASSED] - waitForElementPresent(findTestObject("Olusturma/Genel/AliciBilgisi/VKN-TCKN"), 10): Object 'Object Repository/Olusturma/Genel/AliciBilgisi/VKN-TCKN' is present

2021-10-21 14:17:28 - [MESSAGE][INFO] - Finding Test Object 'Object Repository/Olusturma/Genel/AliciBilgisi/VKN-TCKN'

2021-10-21 14:17:28 - [MESSAGE][INFO] - Checking object

2021-10-21 14:17:28 - [MESSAGE][INFO] - Finding web element from Test Object's properties

2021-10-21 14:17:28 - [MESSAGE][INFO] - Checking timeout

2021-10-21 14:17:28 - [MESSAGE][INFO] - Finding web element with id: 'Object Repository/Olusturma/Genel/AliciBilgisi/VKN-TCKN' located by 'By.xpath: //*[@id = 'txtVknTckn_I']' in '10' second(s)

2021-10-21 14:17:28 - [MESSAGE][INFO] - Smart Wait Function is triggered

2021-10-21 14:17:29 - [MESSAGE][INFO] - Found 1 web elements with id: 'Object Repository/Olusturma/Genel/AliciBilgisi/VKN-TCKN' located by 'By.xpath: //*[@id = 'txtVknTckn_I']' in '10' second(s)

2021-10-21 14:17:29 - [MESSAGE][PASSED] - Object 'Object Repository/Olusturma/Genel/AliciBilgisi/VKN-TCKN' is present

2021-10-21 14:17:29 - [TEST_STEP][PASSED] - text = getAttribute(findTestObject("Olusturma/Genel/AliciBilgisi/VKN-TCKN"), "value"): Attribute 'value' of object 'Object Repository/Olusturma/Genel/AliciBilgisi/VKN-TCKN' is: '5321181097'

2021-10-21 14:17:29 - [MESSAGE][INFO] - Finding Test Object 'Object Repository/Olusturma/Genel/AliciBilgisi/VKN-TCKN'

2021-10-21 14:17:29 - [MESSAGE][INFO] - Checking object

2021-10-21 14:17:29 - [MESSAGE][INFO] - Checking attribute

2021-10-21 14:17:29 - [MESSAGE][INFO] - Finding web element from Test Object's properties

2021-10-21 14:17:29 - [MESSAGE][INFO] - Checking timeout

2021-10-21 14:17:29 - [MESSAGE][INFO] - Finding web element with id: 'Object Repository/Olusturma/Genel/AliciBilgisi/VKN-TCKN' located by 'By.xpath: //*[@id = 'txtVknTckn_I']' in '30' second(s)

2021-10-21 14:17:29 - [MESSAGE][INFO] - Smart Wait Function is triggered

2021-10-21 14:17:29 - [MESSAGE][INFO] - Found 1 web elements with id: 'Object Repository/Olusturma/Genel/AliciBilgisi/VKN-TCKN' located by 'By.xpath: //*[@id = 'txtVknTckn_I']' in '30' second(s)

2021-10-21 14:17:29 - [MESSAGE][INFO] - Getting attribute 'value' of object 'Object Repository/Olusturma/Genel/AliciBilgisi/VKN-TCKN'

2021-10-21 14:17:29 - [MESSAGE][PASSED] - Attribute 'value' of object 'Object Repository/Olusturma/Genel/AliciBilgisi/VKN-TCKN' is: '5321181097'

2021-10-21 14:17:29 - [TEST_STEP][PASSED] - if (text.equals("")): null

2021-10-21 14:17:29 - [MESSAGE][PASSED] - Call Test Case 'Test Cases/Olusturma/Genel/AliciSecilir' successfully

2021-10-21 14:17:29 - [MESSAGE][INFO] - Checking called Test Case

2021-10-21 14:17:29 - [MESSAGE][INFO] - Starting to call Test Case 'Test Cases/Olusturma/Genel/GonderimSekliSecilir'

2021-10-21 14:17:29 - [TEST_CASE][PASSED] - Test Cases/Olusturma/Genel/GonderimSekliSecilir: Test Cases/Olusturma/Genel/GonderimSekliSecilir

2021-10-21 14:17:30 - [TEST_STEP][PASSED] - waitForElementClickable(findTestObject("Object Repository/Olusturma/Genel/GonderimSekli/GonderimSekli"), 10): Object 'Object Repository/Olusturma/Genel/GonderimSekli/GonderimSekli' is clickable

2021-10-21 14:17:30 - [MESSAGE][INFO] - Finding Test Object 'Object Repository/Olusturma/Genel/GonderimSekli/GonderimSekli'

2021-10-21 14:17:30 - [MESSAGE][INFO] - Checking object

2021-10-21 14:17:30 - [MESSAGE][INFO] - Checking timeout

2021-10-21 14:17:30 - [MESSAGE][INFO] - Finding web element from Test Object's properties

2021-10-21 14:17:30 - [MESSAGE][INFO] - Checking timeout

2021-10-21 14:17:30 - [MESSAGE][INFO] - Finding web element with id: 'Object Repository/Olusturma/Genel/GonderimSekli/GonderimSekli' located by 'By.xpath: //*[@id = 'txtGonderimSekil_I']' in '10' second(s)

2021-10-21 14:17:30 - [MESSAGE][INFO] - Smart Wait Function is triggered

2021-10-21 14:17:30 - [MESSAGE][INFO] - Found 1 web elements with id: 'Object Repository/Olusturma/Genel/GonderimSekli/GonderimSekli' located by 'By.xpath: //*[@id = 'txtGonderimSekil_I']' in '10' second(s)

2021-10-21 14:17:30 - [MESSAGE][PASSED] - Object 'Object Repository/Olusturma/Genel/GonderimSekli/GonderimSekli' is clickable

2021-10-21 14:17:30 - [TEST_STEP][PASSED] - click(findTestObject("Object Repository/Olusturma/Genel/GonderimSekli/GonderimSekli")): Object: 'Object Repository/Olusturma/Genel/GonderimSekli/GonderimSekli' is clicked on

2021-10-21 14:17:30 - [MESSAGE][INFO] - Finding Test Object 'Object Repository/Olusturma/Genel/GonderimSekli/GonderimSekli'

2021-10-21 14:17:30 - [MESSAGE][INFO] - Checking object

2021-10-21 14:17:30 - [MESSAGE][INFO] - Finding web element from Test Object's properties

2021-10-21 14:17:30 - [MESSAGE][INFO] - Checking timeout

2021-10-21 14:17:30 - [MESSAGE][INFO] - Finding web element with id: 'Object Repository/Olusturma/Genel/GonderimSekli/GonderimSekli' located by 'By.xpath: //*[@id = 'txtGonderimSekil_I']' in '30' second(s)

2021-10-21 14:17:30 - [MESSAGE][INFO] - Smart Wait Function is triggered

2021-10-21 14:17:30 - [MESSAGE][INFO] - Found 1 web elements with id: 'Object Repository/Olusturma/Genel/GonderimSekli/GonderimSekli' located by 'By.xpath: //*[@id = 'txtGonderimSekil_I']' in '30' second(s)

2021-10-21 14:17:30 - [MESSAGE][INFO] - Clicking on object: 'Object Repository/Olusturma/Genel/GonderimSekli/GonderimSekli'

2021-10-21 14:17:30 - [MESSAGE][PASSED] - Object: 'Object Repository/Olusturma/Genel/GonderimSekli/GonderimSekli' is clicked on

2021-10-21 14:17:30 - [TEST_STEP][PASSED] - Method.TextDegerineEsitElementeTikla(findTestObject("Object Repository/Olusturma/Genel/GonderimSekli/GonderimSekliAdi"), GonderimSekli): Method.TextDegerineEsitElementeTikla is PASSED

2021-10-21 14:17:30 - [MESSAGE][INFO] - Finding Test Object 'Object Repository/Olusturma/Genel/GonderimSekli/GonderimSekliAdi'

2021-10-21 14:17:30 - [MESSAGE][INFO] - Checking timeout

2021-10-21 14:17:30 - [MESSAGE][INFO] - Finding web element with id: 'Object Repository/Olusturma/Genel/GonderimSekli/GonderimSekliAdi' located by 'By.cssSelector: #txtGonderimSekil_DDD_L_LBT td' in '10' second(s)

2021-10-21 14:17:30 - [MESSAGE][INFO] - Smart Wait Function is triggered

2021-10-21 14:17:31 - [MESSAGE][INFO] - Found 2 web elements with id: 'Object Repository/Olusturma/Genel/GonderimSekli/GonderimSekliAdi' located by 'By.cssSelector: #txtGonderimSekil_DDD_L_LBT td' in '10' second(s)

2021-10-21 14:17:31 - [MESSAGE][PASSED] - Method.TextDegerineEsitElementeTikla is PASSED

2021-10-21 14:17:31 - [MESSAGE][PASSED] - Call Test Case 'Test Cases/Olusturma/Genel/GonderimSekliSecilir' successfully

2021-10-21 14:17:31 - [MESSAGE][INFO] - Checking called Test Case

2021-10-21 14:17:31 - [MESSAGE][INFO] - Starting to call Test Case 'Test Cases/Olusturma/Genel/TipSecilir'

2021-10-21 14:17:31 - [TEST_CASE][PASSED] - Test Cases/Olusturma/Genel/TipSecilir: Test Cases/Olusturma/Genel/TipSecilir

2021-10-21 14:17:31 - [TEST_STEP][PASSED] - waitForElementClickable(findTestObject("Olusturma/Genel/TipSecilir/Tip"), 10): Object 'Object Repository/Olusturma/Genel/TipSecilir/Tip' is clickable

2021-10-21 14:17:31 - [MESSAGE][INFO] - Finding Test Object 'Object Repository/Olusturma/Genel/TipSecilir/Tip'

2021-10-21 14:17:31 - [MESSAGE][INFO] - Checking object

2021-10-21 14:17:31 - [MESSAGE][INFO] - Checking timeout

2021-10-21 14:17:31 - [MESSAGE][INFO] - Finding web element from Test Object's properties

2021-10-21 14:17:31 - [MESSAGE][INFO] - Checking timeout

2021-10-21 14:17:31 - [MESSAGE][INFO] - Finding web element with id: 'Object Repository/Olusturma/Genel/TipSecilir/Tip' located by 'By.xpath: //*[@id = 'DocumentTypeCode_I']' in '10' second(s)

2021-10-21 14:17:31 - [MESSAGE][INFO] - Smart Wait Function is triggered

2021-10-21 14:17:31 - [MESSAGE][INFO] - Found 1 web elements with id: 'Object Repository/Olusturma/Genel/TipSecilir/Tip' located by 'By.xpath: //*[@id = 'DocumentTypeCode_I']' in '10' second(s)

2021-10-21 14:17:31 - [MESSAGE][PASSED] - Object 'Object Repository/Olusturma/Genel/TipSecilir/Tip' is clickable

2021-10-21 14:17:31 - [TEST_STEP][PASSED] - click(findTestObject("Olusturma/Genel/TipSecilir/Tip")): Object: 'Object Repository/Olusturma/Genel/TipSecilir/Tip' is clicked on

2021-10-21 14:17:31 - [MESSAGE][INFO] - Finding Test Object 'Object Repository/Olusturma/Genel/TipSecilir/Tip'

2021-10-21 14:17:32 - [MESSAGE][INFO] - Checking object

2021-10-21 14:17:32 - [MESSAGE][INFO] - Finding web element from Test Object's properties

2021-10-21 14:17:32 - [MESSAGE][INFO] - Checking timeout

2021-10-21 14:17:32 - [MESSAGE][INFO] - Finding web element with id: 'Object Repository/Olusturma/Genel/TipSecilir/Tip' located by 'By.xpath: //*[@id = 'DocumentTypeCode_I']' in '30' second(s)

2021-10-21 14:17:32 - [MESSAGE][INFO] - Smart Wait Function is triggered

2021-10-21 14:17:32 - [MESSAGE][INFO] - Found 1 web elements with id: 'Object Repository/Olusturma/Genel/TipSecilir/Tip' located by 'By.xpath: //*[@id = 'DocumentTypeCode_I']' in '30' second(s)

2021-10-21 14:17:32 - [MESSAGE][INFO] - Clicking on object: 'Object Repository/Olusturma/Genel/TipSecilir/Tip'

2021-10-21 14:17:32 - [MESSAGE][PASSED] - Object: 'Object Repository/Olusturma/Genel/TipSecilir/Tip' is clicked on

2021-10-21 14:17:32 - [TEST_STEP][PASSED] - Method.TextDegerineEsitElementeTikla(findTestObject("Object Repository/Olusturma/Genel/TipSecilir/Tip_Adi"), Tip): Method.TextDegerineEsitElementeTikla is PASSED

2021-10-21 14:17:32 - [MESSAGE][INFO] - Finding Test Object 'Object Repository/Olusturma/Genel/TipSecilir/Tip_Adi'

2021-10-21 14:17:32 - [MESSAGE][INFO] - Checking timeout

2021-10-21 14:17:32 - [MESSAGE][INFO] - Finding web element with id: 'Object Repository/Olusturma/Genel/TipSecilir/Tip_Adi' located by 'By.cssSelector: #DocumentTypeCode_DDD_L_LBT td' in '10' second(s)

2021-10-21 14:17:32 - [MESSAGE][INFO] - Smart Wait Function is triggered

2021-10-21 14:17:33 - [MESSAGE][INFO] - Found 9 web elements with id: 'Object Repository/Olusturma/Genel/TipSecilir/Tip_Adi' located by 'By.cssSelector: #DocumentTypeCode_DDD_L_LBT td' in '10' second(s)

2021-10-21 14:17:33 - [MESSAGE][PASSED] - Method.TextDegerineEsitElementeTikla is PASSED

2021-10-21 14:17:33 - [MESSAGE][PASSED] - Call Test Case 'Test Cases/Olusturma/Genel/TipSecilir' successfully

2021-10-21 14:17:33 - [MESSAGE][INFO] - Checking called Test Case

2021-10-21 14:17:33 - [MESSAGE][INFO] - Starting to call Test Case 'Test Cases/Olusturma/Genel/DokumanParaBirimiSecilir'

2021-10-21 14:17:33 - [TEST_CASE][PASSED] - Test Cases/Olusturma/Genel/DokumanParaBirimiSecilir: Test Cases/Olusturma/Genel/DokumanParaBirimiSecilir

2021-10-21 14:17:33 - [TEST_STEP][PASSED] - waitForElementClickable(findTestObject("Object Repository/Olusturma/Genel/DokumanParaBirimiSecilir/Para"), 10): Object 'Object Repository/Olusturma/Genel/DokumanParaBirimiSecilir/Para' is clickable

2021-10-21 14:17:33 - [MESSAGE][INFO] - Finding Test Object 'Object Repository/Olusturma/Genel/DokumanParaBirimiSecilir/Para'

2021-10-21 14:17:33 - [MESSAGE][INFO] - Checking object

2021-10-21 14:17:33 - [MESSAGE][INFO] - Checking timeout

2021-10-21 14:17:33 - [MESSAGE][INFO] - Finding web element from Test Object's properties

2021-10-21 14:17:33 - [MESSAGE][INFO] - Checking timeout

2021-10-21 14:17:33 - [MESSAGE][INFO] - Finding web element with id: 'Object Repository/Olusturma/Genel/DokumanParaBirimiSecilir/Para' located by 'By.xpath: //*[@id = 'CurrencyUnit_I']' in '10' second(s)

2021-10-21 14:17:33 - [MESSAGE][INFO] - Smart Wait Function is triggered

2021-10-21 14:17:35 - [MESSAGE][INFO] - Found 1 web elements with id: 'Object Repository/Olusturma/Genel/DokumanParaBirimiSecilir/Para' located by 'By.xpath: //*[@id = 'CurrencyUnit_I']' in '10' second(s)

2021-10-21 14:17:35 - [MESSAGE][PASSED] - Object 'Object Repository/Olusturma/Genel/DokumanParaBirimiSecilir/Para' is clickable

2021-10-21 14:17:35 - [TEST_STEP][PASSED] - click(findTestObject("Object Repository/Olusturma/Genel/DokumanParaBirimiSecilir/Para")): Object: 'Object Repository/Olusturma/Genel/DokumanParaBirimiSecilir/Para' is clicked on

2021-10-21 14:17:35 - [MESSAGE][INFO] - Finding Test Object 'Object Repository/Olusturma/Genel/DokumanParaBirimiSecilir/Para'

2021-10-21 14:17:35 - [MESSAGE][INFO] - Checking object

2021-10-21 14:17:35 - [MESSAGE][INFO] - Finding web element from Test Object's properties

2021-10-21 14:17:35 - [MESSAGE][INFO] - Checking timeout

2021-10-21 14:17:35 - [MESSAGE][INFO] - Finding web element with id: 'Object Repository/Olusturma/Genel/DokumanParaBirimiSecilir/Para' located by 'By.xpath: //*[@id = 'CurrencyUnit_I']' in '30' second(s)

2021-10-21 14:17:35 - [MESSAGE][INFO] - Smart Wait Function is triggered

2021-10-21 14:17:35 - [MESSAGE][INFO] - Found 1 web elements with id: 'Object Repository/Olusturma/Genel/DokumanParaBirimiSecilir/Para' located by 'By.xpath: //*[@id = 'CurrencyUnit_I']' in '30' second(s)

2021-10-21 14:17:35 - [MESSAGE][INFO] - Clicking on object: 'Object Repository/Olusturma/Genel/DokumanParaBirimiSecilir/Para'

2021-10-21 14:17:35 - [MESSAGE][PASSED] - Object: 'Object Repository/Olusturma/Genel/DokumanParaBirimiSecilir/Para' is clicked on

2021-10-21 14:17:35 - [TEST_STEP][PASSED] - Method.TextDegerineEsitElementeTikla(findTestObject("Object Repository/Olusturma/Genel/DokumanParaBirimiSecilir/Para_Adi"), Para): Method.TextDegerineEsitElementeTikla is PASSED

2021-10-21 14:17:35 - [MESSAGE][INFO] - Finding Test Object 'Object Repository/Olusturma/Genel/DokumanParaBirimiSecilir/Para_Adi'

2021-10-21 14:17:35 - [MESSAGE][INFO] - Checking timeout

2021-10-21 14:17:35 - [MESSAGE][INFO] - Finding web element with id: 'Object Repository/Olusturma/Genel/DokumanParaBirimiSecilir/Para_Adi' located by 'By.cssSelector: #CurrencyUnit_DDD_L_LBT td' in '10' second(s)

2021-10-21 14:17:35 - [MESSAGE][INFO] - Smart Wait Function is triggered

2021-10-21 14:17:36 - [MESSAGE][INFO] - Found 203 web elements with id: 'Object Repository/Olusturma/Genel/DokumanParaBirimiSecilir/Para_Adi' located by 'By.cssSelector: #CurrencyUnit_DDD_L_LBT td' in '10' second(s)

2021-10-21 14:17:40 - [MESSAGE][PASSED] - Method.TextDegerineEsitElementeTikla is PASSED

2021-10-21 14:17:40 - [MESSAGE][PASSED] - Call Test Case 'Test Cases/Olusturma/Genel/DokumanParaBirimiSecilir' successfully

2021-10-21 14:17:40 - [MESSAGE][INFO] - Checking called Test Case

2021-10-21 14:17:40 - [MESSAGE][INFO] - Starting to call Test Case 'Test Cases/Olusturma/Genel/OnEkSecilir'

2021-10-21 14:17:40 - [TEST_CASE][PASSED] - Test Cases/Olusturma/Genel/OnEkSecilir: Test Cases/Olusturma/Genel/OnEkSecilir

2021-10-21 14:17:40 - [TEST_STEP][PASSED] - waitForElementClickable(findTestObject("Object Repository/Olusturma/Genel/OnEkSecilir/OnEk"), 10): Object 'Object Repository/Olusturma/Genel/OnEkSecilir/OnEk' is clickable

2021-10-21 14:17:40 - [MESSAGE][INFO] - Finding Test Object 'Object Repository/Olusturma/Genel/OnEkSecilir/OnEk'

2021-10-21 14:17:41 - [MESSAGE][INFO] - Checking object

2021-10-21 14:17:41 - [MESSAGE][INFO] - Checking timeout

2021-10-21 14:17:41 - [MESSAGE][INFO] - Finding web element from Test Object's properties

2021-10-21 14:17:41 - [MESSAGE][INFO] - Checking timeout

2021-10-21 14:17:41 - [MESSAGE][INFO] - Finding web element with id: 'Object Repository/Olusturma/Genel/OnEkSecilir/OnEk' located by 'By.xpath: //*[@id = 'InvoicePrefix_I']' in '10' second(s)

2021-10-21 14:17:41 - [MESSAGE][INFO] - Smart Wait Function is triggered

2021-10-21 14:17:41 - [MESSAGE][INFO] - Found 1 web elements with id: 'Object Repository/Olusturma/Genel/OnEkSecilir/OnEk' located by 'By.xpath: //*[@id = 'InvoicePrefix_I']' in '10' second(s)

2021-10-21 14:17:41 - [MESSAGE][PASSED] - Object 'Object Repository/Olusturma/Genel/OnEkSecilir/OnEk' is clickable

2021-10-21 14:17:41 - [TEST_STEP][PASSED] - click(findTestObject("Object Repository/Olusturma/Genel/OnEkSecilir/OnEk")): Object: 'Object Repository/Olusturma/Genel/OnEkSecilir/OnEk' is clicked on

2021-10-21 14:17:41 - [MESSAGE][INFO] - Finding Test Object 'Object Repository/Olusturma/Genel/OnEkSecilir/OnEk'

2021-10-21 14:17:41 - [MESSAGE][INFO] - Checking object

2021-10-21 14:17:41 - [MESSAGE][INFO] - Finding web element from Test Object's properties

2021-10-21 14:17:41 - [MESSAGE][INFO] - Checking timeout

2021-10-21 14:17:41 - [MESSAGE][INFO] - Finding web element with id: 'Object Repository/Olusturma/Genel/OnEkSecilir/OnEk' located by 'By.xpath: //*[@id = 'InvoicePrefix_I']' in '30' second(s)

2021-10-21 14:17:41 - [MESSAGE][INFO] - Smart Wait Function is triggered

2021-10-21 14:17:41 - [MESSAGE][INFO] - Found 1 web elements with id: 'Object Repository/Olusturma/Genel/OnEkSecilir/OnEk' located by 'By.xpath: //*[@id = 'InvoicePrefix_I']' in '30' second(s)

2021-10-21 14:17:41 - [MESSAGE][INFO] - Clicking on object: 'Object Repository/Olusturma/Genel/OnEkSecilir/OnEk'

2021-10-21 14:17:41 - [MESSAGE][PASSED] - Object: 'Object Repository/Olusturma/Genel/OnEkSecilir/OnEk' is clicked on

2021-10-21 14:17:41 - [TEST_STEP][PASSED] - Method.TextDegerineEsitElementeTiklaEquals(findTestObject("Object Repository/Olusturma/Genel/OnEkSecilir/OnEkAdi"), Ek): Method.TextDegerineEsitElementeTiklaEquals is PASSED

2021-10-21 14:17:41 - [MESSAGE][INFO] - Finding Test Object 'Object Repository/Olusturma/Genel/OnEkSecilir/OnEkAdi'

2021-10-21 14:17:42 - [MESSAGE][INFO] - Checking timeout

2021-10-21 14:17:42 - [MESSAGE][INFO] - Finding web element with id: 'Object Repository/Olusturma/Genel/OnEkSecilir/OnEkAdi' located by 'By.cssSelector: #InvoicePrefix_DDD_L_LBT td' in '10' second(s)

2021-10-21 14:17:42 - [MESSAGE][INFO] - Smart Wait Function is triggered

2021-10-21 14:17:42 - [MESSAGE][INFO] - Found 1 web elements with id: 'Object Repository/Olusturma/Genel/OnEkSecilir/OnEkAdi' located by 'By.cssSelector: #InvoicePrefix_DDD_L_LBT td' in '10' second(s)

2021-10-21 14:17:42 - [MESSAGE][PASSED] - Method.TextDegerineEsitElementeTiklaEquals is PASSED

2021-10-21 14:17:42 - [MESSAGE][PASSED] - Call Test Case 'Test Cases/Olusturma/Genel/OnEkSecilir' successfully

2021-10-21 14:17:42 - [MESSAGE][INFO] - Checking called Test Case

2021-10-21 14:17:42 - [MESSAGE][INFO] - Starting to call Test Case 'Test Cases/Olusturma/Genel/TasarimSecilir'

2021-10-21 14:17:42 - [TEST_CASE][PASSED] - Test Cases/Olusturma/Genel/TasarimSecilir: Test Cases/Olusturma/Genel/TasarimSecilir

2021-10-21 14:17:42 - [TEST_STEP][PASSED] - waitForElementClickable(findTestObject("Object Repository/Olusturma/Genel/TasarimSecilir/Tasarim"), 10): Object 'Object Repository/Olusturma/Genel/TasarimSecilir/Tasarim' is clickable

2021-10-21 14:17:42 - [MESSAGE][INFO] - Finding Test Object 'Object Repository/Olusturma/Genel/TasarimSecilir/Tasarim'

2021-10-21 14:17:42 - [MESSAGE][INFO] - Checking object

2021-10-21 14:17:42 - [MESSAGE][INFO] - Checking timeout

2021-10-21 14:17:42 - [MESSAGE][INFO] - Finding web element from Test Object's properties

2021-10-21 14:17:42 - [MESSAGE][INFO] - Checking timeout

2021-10-21 14:17:42 - [MESSAGE][INFO] - Finding web element with id: 'Object Repository/Olusturma/Genel/TasarimSecilir/Tasarim' located by 'By.xpath: //*[@id = 'DesignId_I']' in '10' second(s)

2021-10-21 14:17:42 - [MESSAGE][INFO] - Smart Wait Function is triggered

2021-10-21 14:17:43 - [MESSAGE][INFO] - Found 1 web elements with id: 'Object Repository/Olusturma/Genel/TasarimSecilir/Tasarim' located by 'By.xpath: //*[@id = 'DesignId_I']' in '10' second(s)

2021-10-21 14:17:43 - [MESSAGE][PASSED] - Object 'Object Repository/Olusturma/Genel/TasarimSecilir/Tasarim' is clickable

2021-10-21 14:17:43 - [TEST_STEP][PASSED] - click(findTestObject("Object Repository/Olusturma/Genel/TasarimSecilir/Tasarim")): Object: 'Object Repository/Olusturma/Genel/TasarimSecilir/Tasarim' is clicked on

2021-10-21 14:17:43 - [MESSAGE][INFO] - Finding Test Object 'Object Repository/Olusturma/Genel/TasarimSecilir/Tasarim'

2021-10-21 14:17:43 - [MESSAGE][INFO] - Checking object

2021-10-21 14:17:43 - [MESSAGE][INFO] - Finding web element from Test Object's properties

2021-10-21 14:17:43 - [MESSAGE][INFO] - Checking timeout

2021-10-21 14:17:43 - [MESSAGE][INFO] - Finding web element with id: 'Object Repository/Olusturma/Genel/TasarimSecilir/Tasarim' located by 'By.xpath: //*[@id = 'DesignId_I']' in '30' second(s)

2021-10-21 14:17:43 - [MESSAGE][INFO] - Smart Wait Function is triggered

2021-10-21 14:17:43 - [MESSAGE][INFO] - Found 1 web elements with id: 'Object Repository/Olusturma/Genel/TasarimSecilir/Tasarim' located by 'By.xpath: //*[@id = 'DesignId_I']' in '30' second(s)

2021-10-21 14:17:43 - [MESSAGE][INFO] - Clicking on object: 'Object Repository/Olusturma/Genel/TasarimSecilir/Tasarim'

2021-10-21 14:17:43 - [MESSAGE][PASSED] - Object: 'Object Repository/Olusturma/Genel/TasarimSecilir/Tasarim' is clicked on

2021-10-21 14:17:43 - [TEST_STEP][PASSED] - Method.TextDegerineEsitElementeTikla(findTestObject("Object Repository/Olusturma/Genel/TasarimSecilir/Tasarim_Adi"), Tasarim): Method.TextDegerineEsitElementeTikla is PASSED

2021-10-21 14:17:43 - [MESSAGE][INFO] - Finding Test Object 'Object Repository/Olusturma/Genel/TasarimSecilir/Tasarim_Adi'

2021-10-21 14:17:44 - [MESSAGE][INFO] - Checking timeout

2021-10-21 14:17:44 - [MESSAGE][INFO] - Finding web element with id: 'Object Repository/Olusturma/Genel/TasarimSecilir/Tasarim_Adi' located by 'By.cssSelector: #DesignId_DDD_L_LBT td' in '10' second(s)

2021-10-21 14:17:44 - [MESSAGE][INFO] - Smart Wait Function is triggered

2021-10-21 14:17:44 - [MESSAGE][INFO] - Found 1 web elements with id: 'Object Repository/Olusturma/Genel/TasarimSecilir/Tasarim_Adi' located by 'By.cssSelector: #DesignId_DDD_L_LBT td' in '10' second(s)

2021-10-21 14:17:44 - [MESSAGE][PASSED] - Method.TextDegerineEsitElementeTikla is PASSED

2021-10-21 14:17:44 - [MESSAGE][PASSED] - Call Test Case 'Test Cases/Olusturma/Genel/TasarimSecilir' successfully

2021-10-21 14:17:44 - [MESSAGE][INFO] - Checking called Test Case

2021-10-21 14:17:44 - [MESSAGE][INFO] - Starting to call Test Case 'Test Cases/Olusturma/Genel/Kutular/SiparisBilgileriGirilir'

2021-10-21 14:17:44 - [TEST_CASE][PASSED] - Test Cases/Olusturma/Genel/Kutular/SiparisBilgileriGirilir: Test Cases/Olusturma/Genel/Kutular/SiparisBilgileriGirilir

2021-10-21 14:17:44 - [TEST_STEP][PASSED] - Method.TextDegerineEsitElementeTikla(findTestObject("Olusturma/Genel/Kutular/KapaliKutular"), "Sipariş Bilgileri"): Method.TextDegerineEsitElementeTikla is PASSED

2021-10-21 14:17:44 - [MESSAGE][INFO] - Finding Test Object 'Object Repository/Olusturma/Genel/Kutular/KapaliKutular'

2021-10-21 14:17:45 - [MESSAGE][INFO] - Checking timeout

2021-10-21 14:17:45 - [MESSAGE][INFO] - Finding web element with id: 'Object Repository/Olusturma/Genel/Kutular/KapaliKutular' located by 'By.cssSelector: .dxnb-headerCollapsed>span' in '10' second(s)

2021-10-21 14:17:45 - [MESSAGE][INFO] - Smart Wait Function is triggered

2021-10-21 14:17:45 - [MESSAGE][INFO] - Found 8 web elements with id: 'Object Repository/Olusturma/Genel/Kutular/KapaliKutular' located by 'By.cssSelector: .dxnb-headerCollapsed>span' in '10' second(s)

2021-10-21 14:17:45 - [MESSAGE][PASSED] - Method.TextDegerineEsitElementeTikla is PASSED

2021-10-21 14:17:45 - [TEST_STEP][PASSED] - waitForElementPresent(findTestObject("Object Repository/Olusturma/Genel/Kutular/SiparisBilgileri/SiparisNo"), 10): Object 'Object Repository/Olusturma/Genel/Kutular/SiparisBilgileri/SiparisNo' is present

2021-10-21 14:17:45 - [MESSAGE][INFO] - Finding Test Object 'Object Repository/Olusturma/Genel/Kutular/SiparisBilgileri/SiparisNo'

2021-10-21 14:17:45 - [MESSAGE][INFO] - Checking object

2021-10-21 14:17:45 - [MESSAGE][INFO] - Finding web element from Test Object's properties

2021-10-21 14:17:45 - [MESSAGE][INFO] - Checking timeout

2021-10-21 14:17:45 - [MESSAGE][INFO] - Finding web element with id: 'Object Repository/Olusturma/Genel/Kutular/SiparisBilgileri/SiparisNo' located by 'By.xpath: //*[@id = 'txtSiparisNo_I']' in '10' second(s)

2021-10-21 14:17:45 - [MESSAGE][INFO] - Smart Wait Function is triggered

2021-10-21 14:17:46 - [MESSAGE][INFO] - Found 1 web elements with id: 'Object Repository/Olusturma/Genel/Kutular/SiparisBilgileri/SiparisNo' located by 'By.xpath: //*[@id = 'txtSiparisNo_I']' in '10' second(s)

2021-10-21 14:17:46 - [MESSAGE][PASSED] - Object 'Object Repository/Olusturma/Genel/Kutular/SiparisBilgileri/SiparisNo' is present

2021-10-21 14:17:46 - [TEST_STEP][PASSED] - clearText(findTestObject("Object Repository/Olusturma/Genel/Kutular/SiparisBilgileri/SiparisNo")): Text of object 'Object Repository/Olusturma/Genel/Kutular/SiparisBilgileri/SiparisNo' is cleared

2021-10-21 14:17:46 - [MESSAGE][INFO] - Finding Test Object 'Object Repository/Olusturma/Genel/Kutular/SiparisBilgileri/SiparisNo'

2021-10-21 14:17:46 - [MESSAGE][INFO] - Checking object

2021-10-21 14:17:46 - [MESSAGE][INFO] - Finding web element from Test Object's properties

2021-10-21 14:17:46 - [MESSAGE][INFO] - Checking timeout

2021-10-21 14:17:46 - [MESSAGE][INFO] - Finding web element with id: 'Object Repository/Olusturma/Genel/Kutular/SiparisBilgileri/SiparisNo' located by 'By.xpath: //*[@id = 'txtSiparisNo_I']' in '30' second(s)

2021-10-21 14:17:46 - [MESSAGE][INFO] - Smart Wait Function is triggered

2021-10-21 14:17:46 - [MESSAGE][INFO] - Found 1 web elements with id: 'Object Repository/Olusturma/Genel/Kutular/SiparisBilgileri/SiparisNo' located by 'By.xpath: //*[@id = 'txtSiparisNo_I']' in '30' second(s)

2021-10-21 14:17:46 - [MESSAGE][INFO] - Clearing text of object 'Object Repository/Olusturma/Genel/Kutular/SiparisBilgileri/SiparisNo'

2021-10-21 14:17:46 - [MESSAGE][PASSED] - Text of object 'Object Repository/Olusturma/Genel/Kutular/SiparisBilgileri/SiparisNo' is cleared

2021-10-21 14:17:46 - [TEST_STEP][PASSED] - sendKeys(findTestObject("Object Repository/Olusturma/Genel/Kutular/SiparisBilgileri/SiparisNo"), SiparisNo): Keys 'UUC-SAT-1200001' sent to object: 'Object Repository/Olusturma/Genel/Kutular/SiparisBilgileri/SiparisNo'

2021-10-21 14:17:46 - [MESSAGE][INFO] - Finding Test Object 'Object Repository/Olusturma/Genel/Kutular/SiparisBilgileri/SiparisNo'

2021-10-21 14:17:46 - [MESSAGE][INFO] - Sending keys 'UUC-SAT-1200001' to object: 'Object Repository/Olusturma/Genel/Kutular/SiparisBilgileri/SiparisNo'

2021-10-21 14:17:46 - [MESSAGE][INFO] - Finding web element from Test Object's properties

2021-10-21 14:17:46 - [MESSAGE][INFO] - Checking timeout

2021-10-21 14:17:46 - [MESSAGE][INFO] - Finding web element with id: 'Object Repository/Olusturma/Genel/Kutular/SiparisBilgileri/SiparisNo' located by 'By.xpath: //*[@id = 'txtSiparisNo_I']' in '30' second(s)

2021-10-21 14:17:46 - [MESSAGE][INFO] - Smart Wait Function is triggered

2021-10-21 14:17:47 - [MESSAGE][INFO] - Found 1 web elements with id: 'Object Repository/Olusturma/Genel/Kutular/SiparisBilgileri/SiparisNo' located by 'By.xpath: //*[@id = 'txtSiparisNo_I']' in '30' second(s)

2021-10-21 14:17:47 - [MESSAGE][PASSED] - Keys 'UUC-SAT-1200001' sent to object: 'Object Repository/Olusturma/Genel/Kutular/SiparisBilgileri/SiparisNo'

2021-10-21 14:17:47 - [TEST_STEP][PASSED] - waitForElementClickable(findTestObject("Object Repository/Olusturma/Genel/Kutular/SiparisBilgileri/SiparisTarihiImage"), 10): Object 'Object Repository/Olusturma/Genel/Kutular/SiparisBilgileri/SiparisTarihiImage' is clickable

2021-10-21 14:17:47 - [MESSAGE][INFO] - Finding Test Object 'Object Repository/Olusturma/Genel/Kutular/SiparisBilgileri/SiparisTarihiImage'

2021-10-21 14:17:47 - [MESSAGE][INFO] - Checking object

2021-10-21 14:17:47 - [MESSAGE][INFO] - Checking timeout

2021-10-21 14:17:47 - [MESSAGE][INFO] - Finding web element from Test Object's properties

2021-10-21 14:17:47 - [MESSAGE][INFO] - Checking timeout

2021-10-21 14:17:47 - [MESSAGE][INFO] - Finding web element with id: 'Object Repository/Olusturma/Genel/Kutular/SiparisBilgileri/SiparisTarihiImage' located by 'By.cssSelector: #dateSiparisTarih img' in '10' second(s)

2021-10-21 14:17:47 - [MESSAGE][INFO] - Smart Wait Function is triggered

2021-10-21 14:17:47 - [MESSAGE][INFO] - Found 1 web elements with id: 'Object Repository/Olusturma/Genel/Kutular/SiparisBilgileri/SiparisTarihiImage' located by 'By.cssSelector: #dateSiparisTarih img' in '10' second(s)

2021-10-21 14:17:47 - [MESSAGE][PASSED] - Object 'Object Repository/Olusturma/Genel/Kutular/SiparisBilgileri/SiparisTarihiImage' is clickable

2021-10-21 14:17:47 - [TEST_STEP][PASSED] - click(findTestObject("Object Repository/Olusturma/Genel/Kutular/SiparisBilgileri/SiparisTarihiImage")): Object: 'Object Repository/Olusturma/Genel/Kutular/SiparisBilgileri/SiparisTarihiImage' is clicked on

2021-10-21 14:17:47 - [MESSAGE][INFO] - Finding Test Object 'Object Repository/Olusturma/Genel/Kutular/SiparisBilgileri/SiparisTarihiImage'

2021-10-21 14:17:47 - [MESSAGE][INFO] - Checking object

2021-10-21 14:17:47 - [MESSAGE][INFO] - Finding web element from Test Object's properties

2021-10-21 14:17:47 - [MESSAGE][INFO] - Checking timeout

2021-10-21 14:17:47 - [MESSAGE][INFO] - Finding web element with id: 'Object Repository/Olusturma/Genel/Kutular/SiparisBilgileri/SiparisTarihiImage' located by 'By.cssSelector: #dateSiparisTarih img' in '30' second(s)

2021-10-21 14:17:47 - [MESSAGE][INFO] - Smart Wait Function is triggered

2021-10-21 14:17:48 - [MESSAGE][INFO] - Found 1 web elements with id: 'Object Repository/Olusturma/Genel/Kutular/SiparisBilgileri/SiparisTarihiImage' located by 'By.cssSelector: #dateSiparisTarih img' in '30' second(s)

2021-10-21 14:17:48 - [MESSAGE][INFO] - Clicking on object: 'Object Repository/Olusturma/Genel/Kutular/SiparisBilgileri/SiparisTarihiImage'

2021-10-21 14:17:48 - [MESSAGE][PASSED] - Object: 'Object Repository/Olusturma/Genel/Kutular/SiparisBilgileri/SiparisTarihiImage' is clicked on

2021-10-21 14:17:48 - [TEST_STEP][PASSED] - waitForElementPresent(findTestObject("Object Repository/Olusturma/Genel/Kutular/SiparisBilgileri/SiparisTarihi"), 10): Object 'Object Repository/Olusturma/Genel/Kutular/SiparisBilgileri/SiparisTarihi' is present

2021-10-21 14:17:48 - [MESSAGE][INFO] - Finding Test Object 'Object Repository/Olusturma/Genel/Kutular/SiparisBilgileri/SiparisTarihi'

2021-10-21 14:17:48 - [MESSAGE][INFO] - Checking object

2021-10-21 14:17:48 - [MESSAGE][INFO] - Finding web element from Test Object's properties

2021-10-21 14:17:48 - [MESSAGE][INFO] - Checking timeout

2021-10-21 14:17:48 - [MESSAGE][INFO] - Finding web element with id: 'Object Repository/Olusturma/Genel/Kutular/SiparisBilgileri/SiparisTarihi' located by 'By.xpath: //*[@id = 'dateSiparisTarih_I']' in '10' second(s)

2021-10-21 14:17:48 - [MESSAGE][INFO] - Smart Wait Function is triggered

2021-10-21 14:17:48 - [MESSAGE][INFO] - Found 1 web elements with id: 'Object Repository/Olusturma/Genel/Kutular/SiparisBilgileri/SiparisTarihi' located by 'By.xpath: //*[@id = 'dateSiparisTarih_I']' in '10' second(s)

2021-10-21 14:17:48 - [MESSAGE][PASSED] - Object 'Object Repository/Olusturma/Genel/Kutular/SiparisBilgileri/SiparisTarihi' is present

2021-10-21 14:17:48 - [TEST_STEP][PASSED] - clearText(findTestObject("Object Repository/Olusturma/Genel/Kutular/SiparisBilgileri/SiparisTarihi")): Text of object 'Object Repository/Olusturma/Genel/Kutular/SiparisBilgileri/SiparisTarihi' is cleared

2021-10-21 14:17:48 - [MESSAGE][INFO] - Finding Test Object 'Object Repository/Olusturma/Genel/Kutular/SiparisBilgileri/SiparisTarihi'

2021-10-21 14:17:48 - [MESSAGE][INFO] - Checking object

2021-10-21 14:17:48 - [MESSAGE][INFO] - Finding web element from Test Object's properties

2021-10-21 14:17:48 - [MESSAGE][INFO] - Checking timeout

2021-10-21 14:17:48 - [MESSAGE][INFO] - Finding web element with id: 'Object Repository/Olusturma/Genel/Kutular/SiparisBilgileri/SiparisTarihi' located by 'By.xpath: //*[@id = 'dateSiparisTarih_I']' in '30' second(s)

2021-10-21 14:17:48 - [MESSAGE][INFO] - Smart Wait Function is triggered

2021-10-21 14:17:49 - [MESSAGE][INFO] - Found 1 web elements with id: 'Object Repository/Olusturma/Genel/Kutular/SiparisBilgileri/SiparisTarihi' located by 'By.xpath: //*[@id = 'dateSiparisTarih_I']' in '30' second(s)

2021-10-21 14:17:49 - [MESSAGE][INFO] - Clearing text of object 'Object Repository/Olusturma/Genel/Kutular/SiparisBilgileri/SiparisTarihi'

2021-10-21 14:17:49 - [MESSAGE][PASSED] - Text of object 'Object Repository/Olusturma/Genel/Kutular/SiparisBilgileri/SiparisTarihi' is cleared

2021-10-21 14:17:49 - [TEST_STEP][PASSED] - sendKeys(findTestObject("Object Repository/Olusturma/Genel/Kutular/SiparisBilgileri/SiparisTarihi"), Tarih): Keys '31.04.2020' sent to object: 'Object Repository/Olusturma/Genel/Kutular/SiparisBilgileri/SiparisTarihi'

2021-10-21 14:17:49 - [MESSAGE][INFO] - Finding Test Object 'Object Repository/Olusturma/Genel/Kutular/SiparisBilgileri/SiparisTarihi'

2021-10-21 14:17:49 - [MESSAGE][INFO] - Sending keys '31.04.2020' to object: 'Object Repository/Olusturma/Genel/Kutular/SiparisBilgileri/SiparisTarihi'

2021-10-21 14:17:49 - [MESSAGE][INFO] - Finding web element from Test Object's properties

2021-10-21 14:17:49 - [MESSAGE][INFO] - Checking timeout

2021-10-21 14:17:49 - [MESSAGE][INFO] - Finding web element with id: 'Object Repository/Olusturma/Genel/Kutular/SiparisBilgileri/SiparisTarihi' located by 'By.xpath: //*[@id = 'dateSiparisTarih_I']' in '30' second(s)

2021-10-21 14:17:49 - [MESSAGE][INFO] - Smart Wait Function is triggered

2021-10-21 14:17:49 - [MESSAGE][INFO] - Found 1 web elements with id: 'Object Repository/Olusturma/Genel/Kutular/SiparisBilgileri/SiparisTarihi' located by 'By.xpath: //*[@id = 'dateSiparisTarih_I']' in '30' second(s)

2021-10-21 14:17:49 - [MESSAGE][PASSED] - Keys '31.04.2020' sent to object: 'Object Repository/Olusturma/Genel/Kutular/SiparisBilgileri/SiparisTarihi'

2021-10-21 14:17:49 - [MESSAGE][PASSED] - Call Test Case 'Test Cases/Olusturma/Genel/Kutular/SiparisBilgileriGirilir' successfully

2021-10-21 14:17:49 - [MESSAGE][INFO] - Checking called Test Case

2021-10-21 14:17:49 - [MESSAGE][INFO] - Starting to call Test Case 'Test Cases/Olusturma/Genel/Kutular/IrsaliyeBilgileri'

2021-10-21 14:17:49 - [TEST_CASE][PASSED] - Test Cases/Olusturma/Genel/Kutular/IrsaliyeBilgileri: Test Cases/Olusturma/Genel/Kutular/IrsaliyeBilgileri

2021-10-21 14:17:49 - [TEST_STEP][PASSED] - Method.TextDegerineEsitElementeTikla(findTestObject("Olusturma/Genel/Kutular/KapaliKutular"), "İrsaliye Bilgileri"): Method.TextDegerineEsitElementeTikla is PASSED

2021-10-21 14:17:49 - [MESSAGE][INFO] - Finding Test Object 'Object Repository/Olusturma/Genel/Kutular/KapaliKutular'

2021-10-21 14:17:49 - [MESSAGE][INFO] - Checking timeout

2021-10-21 14:17:49 - [MESSAGE][INFO] - Finding web element with id: 'Object Repository/Olusturma/Genel/Kutular/KapaliKutular' located by 'By.cssSelector: .dxnb-headerCollapsed>span' in '10' second(s)

2021-10-21 14:17:49 - [MESSAGE][INFO] - Smart Wait Function is triggered

2021-10-21 14:17:50 - [MESSAGE][INFO] - Found 8 web elements with id: 'Object Repository/Olusturma/Genel/Kutular/KapaliKutular' located by 'By.cssSelector: .dxnb-headerCollapsed>span' in '10' second(s)

2021-10-21 14:17:50 - [MESSAGE][PASSED] - Method.TextDegerineEsitElementeTikla is PASSED

2021-10-21 14:17:50 - [TEST_STEP][PASSED] - waitForElementClickable(findTestObject("Olusturma/Genel/Kutular/IrsaliyeBilgileri/Ekle"), 10): Object 'Object Repository/Olusturma/Genel/Kutular/IrsaliyeBilgileri/Ekle' is clickable

2021-10-21 14:17:50 - [MESSAGE][INFO] - Finding Test Object 'Object Repository/Olusturma/Genel/Kutular/IrsaliyeBilgileri/Ekle'

2021-10-21 14:17:50 - [MESSAGE][INFO] - Checking object

2021-10-21 14:17:50 - [MESSAGE][INFO] - Checking timeout

2021-10-21 14:17:50 - [MESSAGE][INFO] - Finding web element from Test Object's properties

2021-10-21 14:17:50 - [MESSAGE][INFO] - Checking timeout

2021-10-21 14:17:50 - [MESSAGE][INFO] - Finding web element with id: 'Object Repository/Olusturma/Genel/Kutular/IrsaliyeBilgileri/Ekle' located by 'By.xpath: //*[@id = 'DXEditorgvUserInvoiceBillsNewRowBtn']' in '10' second(s)

2021-10-21 14:17:50 - [MESSAGE][INFO] - Smart Wait Function is triggered

2021-10-21 14:17:50 - [MESSAGE][INFO] - Found 1 web elements with id: 'Object Repository/Olusturma/Genel/Kutular/IrsaliyeBilgileri/Ekle' located by 'By.xpath: //*[@id = 'DXEditorgvUserInvoiceBillsNewRowBtn']' in '10' second(s)

2021-10-21 14:17:50 - [MESSAGE][PASSED] - Object 'Object Repository/Olusturma/Genel/Kutular/IrsaliyeBilgileri/Ekle' is clickable

2021-10-21 14:17:50 - [TEST_STEP][PASSED] - click(findTestObject("Olusturma/Genel/Kutular/IrsaliyeBilgileri/Ekle")): Object: 'Object Repository/Olusturma/Genel/Kutular/IrsaliyeBilgileri/Ekle' is clicked on

2021-10-21 14:17:50 - [MESSAGE][INFO] - Finding Test Object 'Object Repository/Olusturma/Genel/Kutular/IrsaliyeBilgileri/Ekle'

2021-10-21 14:17:50 - [MESSAGE][INFO] - Checking object

2021-10-21 14:17:50 - [MESSAGE][INFO] - Finding web element from Test Object's properties

2021-10-21 14:17:50 - [MESSAGE][INFO] - Checking timeout

2021-10-21 14:17:50 - [MESSAGE][INFO] - Finding web element with id: 'Object Repository/Olusturma/Genel/Kutular/IrsaliyeBilgileri/Ekle' located by 'By.xpath: //*[@id = 'DXEditorgvUserInvoiceBillsNewRowBtn']' in '30' second(s)

2021-10-21 14:17:50 - [MESSAGE][INFO] - Smart Wait Function is triggered

2021-10-21 14:17:51 - [MESSAGE][INFO] - Found 1 web elements with id: 'Object Repository/Olusturma/Genel/Kutular/IrsaliyeBilgileri/Ekle' located by 'By.xpath: //*[@id = 'DXEditorgvUserInvoiceBillsNewRowBtn']' in '30' second(s)

2021-10-21 14:17:51 - [MESSAGE][INFO] - Clicking on object: 'Object Repository/Olusturma/Genel/Kutular/IrsaliyeBilgileri/Ekle'

2021-10-21 14:17:51 - [MESSAGE][PASSED] - Object: 'Object Repository/Olusturma/Genel/Kutular/IrsaliyeBilgileri/Ekle' is clicked on

2021-10-21 14:17:51 - [TEST_STEP][PASSED] - waitForElementPresent(findTestObject("Object Repository/Olusturma/Genel/Kutular/IrsaliyeBilgileri/IrsaliyeNumarasi"), 10): Object 'Object Repository/Olusturma/Genel/Kutular/IrsaliyeBilgileri/IrsaliyeNumarasi' is present

2021-10-21 14:17:51 - [MESSAGE][INFO] - Finding Test Object 'Object Repository/Olusturma/Genel/Kutular/IrsaliyeBilgileri/IrsaliyeNumarasi'

2021-10-21 14:17:51 - [MESSAGE][INFO] - Checking object

2021-10-21 14:17:51 - [MESSAGE][INFO] - Finding web element from Test Object's properties

2021-10-21 14:17:51 - [MESSAGE][INFO] - Checking timeout

2021-10-21 14:17:51 - [MESSAGE][INFO] - Finding web element with id: 'Object Repository/Olusturma/Genel/Kutular/IrsaliyeBilgileri/IrsaliyeNumarasi' located by 'By.xpath: //*[@id = 'gvUserInvoiceBills_DXEditor1_I']' in '10' second(s)

2021-10-21 14:17:51 - [MESSAGE][INFO] - Smart Wait Function is triggered

2021-10-21 14:17:51 - [MESSAGE][INFO] - Smart Wait Function is triggered

2021-10-21 14:17:52 - [MESSAGE][INFO] - Found 1 web elements with id: 'Object Repository/Olusturma/Genel/Kutular/IrsaliyeBilgileri/IrsaliyeNumarasi' located by 'By.xpath: //*[@id = 'gvUserInvoiceBills_DXEditor1_I']' in '10' second(s)

2021-10-21 14:17:52 - [MESSAGE][PASSED] - Object 'Object Repository/Olusturma/Genel/Kutular/IrsaliyeBilgileri/IrsaliyeNumarasi' is present

2021-10-21 14:17:52 - [TEST_STEP][PASSED] - clearText(findTestObject("Object Repository/Olusturma/Genel/Kutular/IrsaliyeBilgileri/IrsaliyeNumarasi")): Text of object 'Object Repository/Olusturma/Genel/Kutular/IrsaliyeBilgileri/IrsaliyeNumarasi' is cleared

2021-10-21 14:17:52 - [MESSAGE][INFO] - Finding Test Object 'Object Repository/Olusturma/Genel/Kutular/IrsaliyeBilgileri/IrsaliyeNumarasi'

2021-10-21 14:17:52 - [MESSAGE][INFO] - Checking object

2021-10-21 14:17:52 - [MESSAGE][INFO] - Finding web element from Test Object's properties

2021-10-21 14:17:52 - [MESSAGE][INFO] - Checking timeout

2021-10-21 14:17:52 - [MESSAGE][INFO] - Finding web element with id: 'Object Repository/Olusturma/Genel/Kutular/IrsaliyeBilgileri/IrsaliyeNumarasi' located by 'By.xpath: //*[@id = 'gvUserInvoiceBills_DXEditor1_I']' in '30' second(s)

2021-10-21 14:17:52 - [MESSAGE][INFO] - Smart Wait Function is triggered

2021-10-21 14:17:52 - [MESSAGE][INFO] - Found 1 web elements with id: 'Object Repository/Olusturma/Genel/Kutular/IrsaliyeBilgileri/IrsaliyeNumarasi' located by 'By.xpath: //*[@id = 'gvUserInvoiceBills_DXEditor1_I']' in '30' second(s)

2021-10-21 14:17:52 - [MESSAGE][INFO] - Clearing text of object 'Object Repository/Olusturma/Genel/Kutular/IrsaliyeBilgileri/IrsaliyeNumarasi'

2021-10-21 14:17:52 - [MESSAGE][PASSED] - Text of object 'Object Repository/Olusturma/Genel/Kutular/IrsaliyeBilgileri/IrsaliyeNumarasi' is cleared

2021-10-21 14:17:52 - [TEST_STEP][PASSED] - sendKeys(findTestObject("Object Repository/Olusturma/Genel/Kutular/IrsaliyeBilgileri/IrsaliyeNumarasi"), Numara): Keys 'AAAAAAAAAA' sent to object: 'Object Repository/Olusturma/Genel/Kutular/IrsaliyeBilgileri/IrsaliyeNumarasi'

2021-10-21 14:17:52 - [MESSAGE][INFO] - Finding Test Object 'Object Repository/Olusturma/Genel/Kutular/IrsaliyeBilgileri/IrsaliyeNumarasi'

2021-10-21 14:17:53 - [MESSAGE][INFO] - Sending keys 'AAAAAAAAAA' to object: 'Object Repository/Olusturma/Genel/Kutular/IrsaliyeBilgileri/IrsaliyeNumarasi'

2021-10-21 14:17:53 - [MESSAGE][INFO] - Finding web element from Test Object's properties

2021-10-21 14:17:53 - [MESSAGE][INFO] - Checking timeout

2021-10-21 14:17:53 - [MESSAGE][INFO] - Finding web element with id: 'Object Repository/Olusturma/Genel/Kutular/IrsaliyeBilgileri/IrsaliyeNumarasi' located by 'By.xpath: //*[@id = 'gvUserInvoiceBills_DXEditor1_I']' in '30' second(s)

2021-10-21 14:17:53 - [MESSAGE][INFO] - Smart Wait Function is triggered

2021-10-21 14:17:53 - [MESSAGE][INFO] - Found 1 web elements with id: 'Object Repository/Olusturma/Genel/Kutular/IrsaliyeBilgileri/IrsaliyeNumarasi' located by 'By.xpath: //*[@id = 'gvUserInvoiceBills_DXEditor1_I']' in '30' second(s)

2021-10-21 14:17:53 - [MESSAGE][PASSED] - Keys 'AAAAAAAAAA' sent to object: 'Object Repository/Olusturma/Genel/Kutular/IrsaliyeBilgileri/IrsaliyeNumarasi'

2021-10-21 14:17:53 - [TEST_STEP][PASSED] - waitForElementClickable(findTestObject("Object Repository/Olusturma/Genel/Kutular/IrsaliyeBilgileri/IrsaliyeTarihi"), 10): Object 'Object Repository/Olusturma/Genel/Kutular/IrsaliyeBilgileri/IrsaliyeTarihi' is clickable

2021-10-21 14:17:53 - [MESSAGE][INFO] - Finding Test Object 'Object Repository/Olusturma/Genel/Kutular/IrsaliyeBilgileri/IrsaliyeTarihi'

2021-10-21 14:17:53 - [MESSAGE][INFO] - Checking object

2021-10-21 14:17:53 - [MESSAGE][INFO] - Checking timeout

2021-10-21 14:17:53 - [MESSAGE][INFO] - Finding web element from Test Object's properties

2021-10-21 14:17:53 - [MESSAGE][INFO] - Checking timeout

2021-10-21 14:17:53 - [MESSAGE][INFO] - Finding web element with id: 'Object Repository/Olusturma/Genel/Kutular/IrsaliyeBilgileri/IrsaliyeTarihi' located by 'By.xpath: //*[@id = 'gvUserInvoiceBills_DXEditor2_I']' in '10' second(s)

2021-10-21 14:17:53 - [MESSAGE][INFO] - Smart Wait Function is triggered

2021-10-21 14:17:53 - [MESSAGE][INFO] - Found 1 web elements with id: 'Object Repository/Olusturma/Genel/Kutular/IrsaliyeBilgileri/IrsaliyeTarihi' located by 'By.xpath: //*[@id = 'gvUserInvoiceBills_DXEditor2_I']' in '10' second(s)

2021-10-21 14:17:53 - [MESSAGE][PASSED] - Object 'Object Repository/Olusturma/Genel/Kutular/IrsaliyeBilgileri/IrsaliyeTarihi' is clickable

2021-10-21 14:17:53 - [TEST_STEP][PASSED] - click(findTestObject("Object Repository/Olusturma/Genel/Kutular/IrsaliyeBilgileri/IrsaliyeTarihi")): Object: 'Object Repository/Olusturma/Genel/Kutular/IrsaliyeBilgileri/IrsaliyeTarihi' is clicked on

2021-10-21 14:17:53 - [MESSAGE][INFO] - Finding Test Object 'Object Repository/Olusturma/Genel/Kutular/IrsaliyeBilgileri/IrsaliyeTarihi'

2021-10-21 14:17:54 - [MESSAGE][INFO] - Checking object

2021-10-21 14:17:54 - [MESSAGE][INFO] - Finding web element from Test Object's properties

2021-10-21 14:17:54 - [MESSAGE][INFO] - Checking timeout

2021-10-21 14:17:54 - [MESSAGE][INFO] - Finding web element with id: 'Object Repository/Olusturma/Genel/Kutular/IrsaliyeBilgileri/IrsaliyeTarihi' located by 'By.xpath: //*[@id = 'gvUserInvoiceBills_DXEditor2_I']' in '30' second(s)

2021-10-21 14:17:54 - [MESSAGE][INFO] - Smart Wait Function is triggered

2021-10-21 14:17:54 - [MESSAGE][INFO] - Found 1 web elements with id: 'Object Repository/Olusturma/Genel/Kutular/IrsaliyeBilgileri/IrsaliyeTarihi' located by 'By.xpath: //*[@id = 'gvUserInvoiceBills_DXEditor2_I']' in '30' second(s)

2021-10-21 14:17:54 - [MESSAGE][INFO] - Clicking on object: 'Object Repository/Olusturma/Genel/Kutular/IrsaliyeBilgileri/IrsaliyeTarihi'

2021-10-21 14:17:54 - [MESSAGE][PASSED] - Object: 'Object Repository/Olusturma/Genel/Kutular/IrsaliyeBilgileri/IrsaliyeTarihi' is clicked on

2021-10-21 14:17:54 - [TEST_STEP][PASSED] - sendKeys(findTestObject("Object Repository/Olusturma/Genel/Kutular/IrsaliyeBilgileri/IrsaliyeTarihi"), Tarih): Keys '31.04.2020' sent to object: 'Object Repository/Olusturma/Genel/Kutular/IrsaliyeBilgileri/IrsaliyeTarihi'

2021-10-21 14:17:54 - [MESSAGE][INFO] - Finding Test Object 'Object Repository/Olusturma/Genel/Kutular/IrsaliyeBilgileri/IrsaliyeTarihi'

2021-10-21 14:17:54 - [MESSAGE][INFO] - Sending keys '31.04.2020' to object: 'Object Repository/Olusturma/Genel/Kutular/IrsaliyeBilgileri/IrsaliyeTarihi'

2021-10-21 14:17:54 - [MESSAGE][INFO] - Finding web element from Test Object's properties

2021-10-21 14:17:54 - [MESSAGE][INFO] - Checking timeout

2021-10-21 14:17:54 - [MESSAGE][INFO] - Finding web element with id: 'Object Repository/Olusturma/Genel/Kutular/IrsaliyeBilgileri/IrsaliyeTarihi' located by 'By.xpath: //*[@id = 'gvUserInvoiceBills_DXEditor2_I']' in '30' second(s)

2021-10-21 14:17:54 - [MESSAGE][INFO] - Smart Wait Function is triggered

2021-10-21 14:17:54 - [MESSAGE][INFO] - Found 1 web elements with id: 'Object Repository/Olusturma/Genel/Kutular/IrsaliyeBilgileri/IrsaliyeTarihi' located by 'By.xpath: //*[@id = 'gvUserInvoiceBills_DXEditor2_I']' in '30' second(s)

2021-10-21 14:17:55 - [MESSAGE][PASSED] - Keys '31.04.2020' sent to object: 'Object Repository/Olusturma/Genel/Kutular/IrsaliyeBilgileri/IrsaliyeTarihi'

2021-10-21 14:17:55 - [MESSAGE][PASSED] - Call Test Case 'Test Cases/Olusturma/Genel/Kutular/IrsaliyeBilgileri' successfully

2021-10-21 14:17:55 - [MESSAGE][INFO] - Checking called Test Case

2021-10-21 14:17:55 - [MESSAGE][INFO] - Starting to call Test Case 'Test Cases/Olusturma/Genel/EkleButonunaBasilir'

2021-10-21 14:17:55 - [TEST_CASE][PASSED] - Test Cases/Olusturma/Genel/EkleButonunaBasilir: Test Cases/Olusturma/Genel/EkleButonunaBasilir

2021-10-21 14:17:55 - [TEST_STEP][PASSED] - waitForElementClickable(findTestObject("Object Repository/Olusturma/Genel/Olusturma/Ekle"), 10): Object 'Object Repository/Olusturma/Genel/Olusturma/Ekle' is clickable

2021-10-21 14:17:55 - [MESSAGE][INFO] - Finding Test Object 'Object Repository/Olusturma/Genel/Olusturma/Ekle'

2021-10-21 14:17:55 - [MESSAGE][INFO] - Checking object

2021-10-21 14:17:55 - [MESSAGE][INFO] - Checking timeout

2021-10-21 14:17:55 - [MESSAGE][INFO] - Finding web element from Test Object's properties

2021-10-21 14:17:55 - [MESSAGE][INFO] - Checking timeout

2021-10-21 14:17:55 - [MESSAGE][INFO] - Finding web element with id: 'Object Repository/Olusturma/Genel/Olusturma/Ekle' located by 'By.cssSelector: #divmalhizmet i.fa.fa-plus.fa-lg.text-muted' in '10' second(s)

2021-10-21 14:17:55 - [MESSAGE][INFO] - Smart Wait Function is triggered

2021-10-21 14:17:55 - [MESSAGE][INFO] - Found 1 web elements with id: 'Object Repository/Olusturma/Genel/Olusturma/Ekle' located by 'By.cssSelector: #divmalhizmet i.fa.fa-plus.fa-lg.text-muted' in '10' second(s)

2021-10-21 14:17:55 - [MESSAGE][PASSED] - Object 'Object Repository/Olusturma/Genel/Olusturma/Ekle' is clickable

2021-10-21 14:17:55 - [TEST_STEP][PASSED] - click(findTestObject("Object Repository/Olusturma/Genel/Olusturma/Ekle")): Object: 'Object Repository/Olusturma/Genel/Olusturma/Ekle' is clicked on

2021-10-21 14:17:55 - [MESSAGE][INFO] - Finding Test Object 'Object Repository/Olusturma/Genel/Olusturma/Ekle'

2021-10-21 14:17:55 - [MESSAGE][INFO] - Checking object

2021-10-21 14:17:55 - [MESSAGE][INFO] - Finding web element from Test Object's properties

2021-10-21 14:17:55 - [MESSAGE][INFO] - Checking timeout

2021-10-21 14:17:55 - [MESSAGE][INFO] - Finding web element with id: 'Object Repository/Olusturma/Genel/Olusturma/Ekle' located by 'By.cssSelector: #divmalhizmet i.fa.fa-plus.fa-lg.text-muted' in '30' second(s)

2021-10-21 14:17:55 - [MESSAGE][INFO] - Smart Wait Function is triggered

2021-10-21 14:17:55 - [MESSAGE][INFO] - Found 1 web elements with id: 'Object Repository/Olusturma/Genel/Olusturma/Ekle' located by 'By.cssSelector: #divmalhizmet i.fa.fa-plus.fa-lg.text-muted' in '30' second(s)

2021-10-21 14:17:55 - [MESSAGE][INFO] - Clicking on object: 'Object Repository/Olusturma/Genel/Olusturma/Ekle'

2021-10-21 14:17:55 - [MESSAGE][PASSED] - Object: 'Object Repository/Olusturma/Genel/Olusturma/Ekle' is clicked on

2021-10-21 14:17:55 - [TEST_STEP][PASSED] - waitForElementClickable(findTestObject("Olusturma/Genel/Olusturma/EklenenSatirCarpiImage"), 10): Object 'Object Repository/Olusturma/Genel/Olusturma/EklenenSatirCarpiImage' is clickable

2021-10-21 14:17:55 - [MESSAGE][INFO] - Finding Test Object 'Object Repository/Olusturma/Genel/Olusturma/EklenenSatirCarpiImage'

2021-10-21 14:17:55 - [MESSAGE][INFO] - Checking object

2021-10-21 14:17:55 - [MESSAGE][INFO] - Checking timeout

2021-10-21 14:17:55 - [MESSAGE][INFO] - Finding web element from Test Object's properties

2021-10-21 14:17:55 - [MESSAGE][INFO] - Checking timeout

2021-10-21 14:17:55 - [MESSAGE][INFO] - Finding web element with id: 'Object Repository/Olusturma/Genel/Olusturma/EklenenSatirCarpiImage' located by 'By.cssSelector: .fa.fa-times.fa-lg.text-primary' in '10' second(s)

2021-10-21 14:17:55 - [MESSAGE][INFO] - Smart Wait Function is triggered

2021-10-21 14:17:56 - [MESSAGE][INFO] - Found 1 web elements with id: 'Object Repository/Olusturma/Genel/Olusturma/EklenenSatirCarpiImage' located by 'By.cssSelector: .fa.fa-times.fa-lg.text-primary' in '10' second(s)

2021-10-21 14:17:56 - [MESSAGE][PASSED] - Object 'Object Repository/Olusturma/Genel/Olusturma/EklenenSatirCarpiImage' is clickable

2021-10-21 14:17:56 - [MESSAGE][PASSED] - Call Test Case 'Test Cases/Olusturma/Genel/EkleButonunaBasilir' successfully

2021-10-21 14:17:56 - [MESSAGE][INFO] - Checking called Test Case

2021-10-21 14:17:56 - [MESSAGE][INFO] - Starting to call Test Case 'Test Cases/Olusturma/Genel/Olusturma'

2021-10-21 14:17:56 - [TEST_CASE][PASSED] - Test Cases/Olusturma/Genel/Olusturma: Test Cases/Olusturma/Genel/Olusturma

2021-10-21 14:17:56 - [TEST_STEP][PASSED] - driver = getWebDriver(): null

2021-10-21 14:17:56 - [TEST_STEP][PASSED] - action = new org.openqa.selenium.interactions.Actions(driver): null

2021-10-21 14:17:56 - [TEST_STEP][PASSED] - baslikElement = <not implemented yet for class: org.codehaus.groovy.ast.expr.EmptyExpression>: null

2021-10-21 14:17:56 - [TEST_STEP][PASSED] - sonElement = <not implemented yet for class: org.codehaus.groovy.ast.expr.EmptyExpression>: null

2021-10-21 14:17:56 - [TEST_STEP][PASSED] - attr = <not implemented yet for class: org.codehaus.groovy.ast.expr.EmptyExpression>: null

2021-10-21 14:17:56 - [TEST_STEP][PASSED] - a = 0: null

2021-10-21 14:17:56 - [TEST_STEP][PASSED] - elements = findWebElements(findTestObject("Object Repository/Olusturma/Genel/Olusturma/TabloBasliklari"), 10): Found 13 web elements with id: 'Object Repository/Olusturma/Genel/Olusturma/TabloBasliklari' located by 'By.cssSelector: div#divmalhizmet .dxgvTable_LECustomTheme td.dxgvHeader_LECustomTheme tr>td:nth-child(1)' in '10' second(s)

2021-10-21 14:17:56 - [MESSAGE][INFO] - Finding Test Object 'Object Repository/Olusturma/Genel/Olusturma/TabloBasliklari'

2021-10-21 14:17:56 - [MESSAGE][INFO] - Checking timeout

2021-10-21 14:17:56 - [MESSAGE][INFO] - Finding web element with id: 'Object Repository/Olusturma/Genel/Olusturma/TabloBasliklari' located by 'By.cssSelector: div#divmalhizmet .dxgvTable_LECustomTheme td.dxgvHeader_LECustomTheme tr>td:nth-child(1)' in '10' second(s)

2021-10-21 14:17:56 - [MESSAGE][INFO] - Smart Wait Function is triggered

2021-10-21 14:17:57 - [MESSAGE][INFO] - Found 13 web elements with id: 'Object Repository/Olusturma/Genel/Olusturma/TabloBasliklari' located by 'By.cssSelector: div#divmalhizmet .dxgvTable_LECustomTheme td.dxgvHeader_LECustomTheme tr>td:nth-child(1)' in '10' second(s)

2021-10-21 14:17:57 - [TEST_STEP][PASSED] - for (def element : elements): null

2021-10-21 14:17:57 - [TEST_STEP][PASSED] - build().perform(): null

2021-10-21 14:17:57 - [TEST_STEP][PASSED] - if (getText().equals(Baslik)): null

2021-10-21 14:17:57 - [TEST_STEP][PASSED] - baslikElement = element.findElement(By.xpath("../../../..")): Smart Wait Function is triggered

2021-10-21 14:17:57 - [MESSAGE][INFO] - Smart Wait Function is triggered

2021-10-21 14:17:57 - [TEST_STEP][PASSED] - attr = baslikElement.getAttribute("id"): null

2021-10-21 14:17:57 - [TEST_STEP][PASSED] - println("girdi ve idsini aldı = " + attr): null

2021-10-21 14:17:57 - [TEST_STEP][PASSED] - break: null

2021-10-21 14:17:57 - [TEST_STEP][PASSED] - countElement = baslikElement.findElements(By.xpath("../td")): Smart Wait Function is triggered

2021-10-21 14:17:57 - [MESSAGE][INFO] - Smart Wait Function is triggered

2021-10-21 14:17:58 - [TEST_STEP][PASSED] - for (def element : countElement): null

2021-10-21 14:17:58 - [TEST_STEP][PASSED] - if (toString().equals(attr.toString())): null

2021-10-21 14:17:58 - [TEST_STEP][PASSED] - (a++): null

2021-10-21 14:17:58 - [TEST_STEP][PASSED] - if (toString().equals(attr.toString())): null

2021-10-21 14:17:58 - [TEST_STEP][PASSED] - break: null

2021-10-21 14:17:58 - [TEST_STEP][PASSED] - son = findWebElement(findTestObject("Object Repository/Olusturma/Genel/Olusturma/EklenenSatir")).findElement(By.xpath("td[@class='dxgvInlineEditCell_LECustomTheme dxgv'][" + a + "]//td[@class='dxic']/input")): Smart Wait Function is triggered

2021-10-21 14:17:58 - [MESSAGE][INFO] - Finding Test Object 'Object Repository/Olusturma/Genel/Olusturma/EklenenSatir'

2021-10-21 14:17:58 - [MESSAGE][INFO] - Finding web element from Test Object's properties

2021-10-21 14:17:58 - [MESSAGE][INFO] - Checking timeout

2021-10-21 14:17:58 - [MESSAGE][INFO] - Finding web element with id: 'Object Repository/Olusturma/Genel/Olusturma/EklenenSatir' located by 'By.cssSelector: #divmalhizmet .dxgvInlineEditRow_LECustomTheme' in '30' second(s)

2021-10-21 14:17:58 - [MESSAGE][INFO] - Smart Wait Function is triggered

2021-10-21 14:17:58 - [MESSAGE][INFO] - Found 1 web elements with id: 'Object Repository/Olusturma/Genel/Olusturma/EklenenSatir' located by 'By.cssSelector: #divmalhizmet .dxgvInlineEditRow_LECustomTheme' in '30' second(s)

2021-10-21 14:17:58 - [MESSAGE][INFO] - Smart Wait Function is triggered

2021-10-21 14:17:58 - [TEST_STEP][PASSED] - if (!(getAttribute("value").contains("Vkn"))): null

2021-10-21 14:17:58 - [TEST_STEP][PASSED] - son.clear(): null

2021-10-21 14:17:58 - [TEST_STEP][PASSED] - son.sendKeys(Deger): null

2021-10-21 14:17:59 - [MESSAGE][PASSED] - Call Test Case 'Test Cases/Olusturma/Genel/Olusturma' successfully

2021-10-21 14:17:59 - [MESSAGE][INFO] - Checking called Test Case

2021-10-21 14:17:59 - [MESSAGE][INFO] - Starting to call Test Case 'Test Cases/Olusturma/Genel/Olusturma'

2021-10-21 14:17:59 - [TEST_CASE][PASSED] - Test Cases/Olusturma/Genel/Olusturma: Test Cases/Olusturma/Genel/Olusturma

2021-10-21 14:17:59 - [TEST_STEP][PASSED] - driver = getWebDriver(): null

2021-10-21 14:17:59 - [TEST_STEP][PASSED] - action = new org.openqa.selenium.interactions.Actions(driver): null

2021-10-21 14:17:59 - [TEST_STEP][PASSED] - baslikElement = <not implemented yet for class: org.codehaus.groovy.ast.expr.EmptyExpression>: null

2021-10-21 14:17:59 - [TEST_STEP][PASSED] - sonElement = <not implemented yet for class: org.codehaus.groovy.ast.expr.EmptyExpression>: null

2021-10-21 14:17:59 - [TEST_STEP][PASSED] - attr = <not implemented yet for class: org.codehaus.groovy.ast.expr.EmptyExpression>: null

2021-10-21 14:17:59 - [TEST_STEP][PASSED] - a = 0: null

2021-10-21 14:17:59 - [TEST_STEP][PASSED] - elements = findWebElements(findTestObject("Object Repository/Olusturma/Genel/Olusturma/TabloBasliklari"), 10): Found 13 web elements with id: 'Object Repository/Olusturma/Genel/Olusturma/TabloBasliklari' located by 'By.cssSelector: div#divmalhizmet .dxgvTable_LECustomTheme td.dxgvHeader_LECustomTheme tr>td:nth-child(1)' in '10' second(s)

2021-10-21 14:17:59 - [MESSAGE][INFO] - Finding Test Object 'Object Repository/Olusturma/Genel/Olusturma/TabloBasliklari'

2021-10-21 14:17:59 - [MESSAGE][INFO] - Checking timeout

2021-10-21 14:17:59 - [MESSAGE][INFO] - Finding web element with id: 'Object Repository/Olusturma/Genel/Olusturma/TabloBasliklari' located by 'By.cssSelector: div#divmalhizmet .dxgvTable_LECustomTheme td.dxgvHeader_LECustomTheme tr>td:nth-child(1)' in '10' second(s)

2021-10-21 14:17:59 - [MESSAGE][INFO] - Smart Wait Function is triggered

2021-10-21 14:17:59 - [MESSAGE][INFO] - Found 13 web elements with id: 'Object Repository/Olusturma/Genel/Olusturma/TabloBasliklari' located by 'By.cssSelector: div#divmalhizmet .dxgvTable_LECustomTheme td.dxgvHeader_LECustomTheme tr>td:nth-child(1)' in '10' second(s)

2021-10-21 14:17:59 - [TEST_STEP][PASSED] - for (def element : elements): null

2021-10-21 14:17:59 - [TEST_STEP][PASSED] - build().perform(): null

2021-10-21 14:17:59 - [TEST_STEP][PASSED] - if (getText().equals(Baslik)): null

2021-10-21 14:17:59 - [TEST_STEP][PASSED] - build().perform(): null

2021-10-21 14:17:59 - [TEST_STEP][PASSED] - if (getText().equals(Baslik)): null

2021-10-21 14:17:59 - [TEST_STEP][PASSED] - baslikElement = element.findElement(By.xpath("../../../..")): Smart Wait Function is triggered

2021-10-21 14:17:59 - [MESSAGE][INFO] - Smart Wait Function is triggered

2021-10-21 14:18:00 - [TEST_STEP][PASSED] - attr = baslikElement.getAttribute("id"): null

2021-10-21 14:18:00 - [TEST_STEP][PASSED] - println("girdi ve idsini aldı = " + attr): null

2021-10-21 14:18:00 - [TEST_STEP][PASSED] - break: null

2021-10-21 14:18:00 - [TEST_STEP][PASSED] - countElement = baslikElement.findElements(By.xpath("../td")): Smart Wait Function is triggered

2021-10-21 14:18:00 - [MESSAGE][INFO] - Smart Wait Function is triggered

2021-10-21 14:18:00 - [TEST_STEP][PASSED] - for (def element : countElement): null

2021-10-21 14:18:00 - [TEST_STEP][PASSED] - if (toString().equals(attr.toString())): null

2021-10-21 14:18:00 - [TEST_STEP][PASSED] - (a++): null

2021-10-21 14:18:00 - [TEST_STEP][PASSED] - if (toString().equals(attr.toString())): null

2021-10-21 14:18:00 - [TEST_STEP][PASSED] - (a++): null

2021-10-21 14:18:00 - [TEST_STEP][PASSED] - if (toString().equals(attr.toString())): null

2021-10-21 14:18:00 - [TEST_STEP][PASSED] - break: null

2021-10-21 14:18:00 - [TEST_STEP][PASSED] - son = findWebElement(findTestObject("Object Repository/Olusturma/Genel/Olusturma/EklenenSatir")).findElement(By.xpath("td[@class='dxgvInlineEditCell_LECustomTheme dxgv'][" + a + "]//td[@class='dxic']/input")): Smart Wait Function is triggered

2021-10-21 14:18:00 - [MESSAGE][INFO] - Finding Test Object 'Object Repository/Olusturma/Genel/Olusturma/EklenenSatir'

2021-10-21 14:18:00 - [MESSAGE][INFO] - Finding web element from Test Object's properties

2021-10-21 14:18:00 - [MESSAGE][INFO] - Checking timeout

2021-10-21 14:18:00 - [MESSAGE][INFO] - Finding web element with id: 'Object Repository/Olusturma/Genel/Olusturma/EklenenSatir' located by 'By.cssSelector: #divmalhizmet .dxgvInlineEditRow_LECustomTheme' in '30' second(s)

2021-10-21 14:18:00 - [MESSAGE][INFO] - Smart Wait Function is triggered

2021-10-21 14:18:00 - [MESSAGE][INFO] - Found 1 web elements with id: 'Object Repository/Olusturma/Genel/Olusturma/EklenenSatir' located by 'By.cssSelector: #divmalhizmet .dxgvInlineEditRow_LECustomTheme' in '30' second(s)

2021-10-21 14:18:00 - [MESSAGE][INFO] - Smart Wait Function is triggered

2021-10-21 14:18:00 - [TEST_STEP][PASSED] - if (!(getAttribute("value").contains("Vkn"))): null

2021-10-21 14:18:01 - [TEST_STEP][PASSED] - son.clear(): null

2021-10-21 14:18:01 - [TEST_STEP][PASSED] - son.sendKeys(Deger): null

2021-10-21 14:18:01 - [MESSAGE][PASSED] - Call Test Case 'Test Cases/Olusturma/Genel/Olusturma' successfully

2021-10-21 14:18:01 - [MESSAGE][INFO] - Checking called Test Case

2021-10-21 14:18:01 - [MESSAGE][INFO] - Starting to call Test Case 'Test Cases/Olusturma/Genel/Olusturma'

2021-10-21 14:18:01 - [TEST_CASE][PASSED] - Test Cases/Olusturma/Genel/Olusturma: Test Cases/Olusturma/Genel/Olusturma

2021-10-21 14:18:01 - [TEST_STEP][PASSED] - driver = getWebDriver(): null

2021-10-21 14:18:01 - [TEST_STEP][PASSED] - action = new org.openqa.selenium.interactions.Actions(driver): null

2021-10-21 14:18:01 - [TEST_STEP][PASSED] - baslikElement = <not implemented yet for class: org.codehaus.groovy.ast.expr.EmptyExpression>: null

2021-10-21 14:18:01 - [TEST_STEP][PASSED] - sonElement = <not implemented yet for class: org.codehaus.groovy.ast.expr.EmptyExpression>: null

2021-10-21 14:18:01 - [TEST_STEP][PASSED] - attr = <not implemented yet for class: org.codehaus.groovy.ast.expr.EmptyExpression>: null

2021-10-21 14:18:01 - [TEST_STEP][PASSED] - a = 0: null

2021-10-21 14:18:01 - [TEST_STEP][PASSED] - elements = findWebElements(findTestObject("Object Repository/Olusturma/Genel/Olusturma/TabloBasliklari"), 10): Found 13 web elements with id: 'Object Repository/Olusturma/Genel/Olusturma/TabloBasliklari' located by 'By.cssSelector: div#divmalhizmet .dxgvTable_LECustomTheme td.dxgvHeader_LECustomTheme tr>td:nth-child(1)' in '10' second(s)

2021-10-21 14:18:01 - [MESSAGE][INFO] - Finding Test Object 'Object Repository/Olusturma/Genel/Olusturma/TabloBasliklari'

2021-10-21 14:18:01 - [MESSAGE][INFO] - Checking timeout

2021-10-21 14:18:01 - [MESSAGE][INFO] - Finding web element with id: 'Object Repository/Olusturma/Genel/Olusturma/TabloBasliklari' located by 'By.cssSelector: div#divmalhizmet .dxgvTable_LECustomTheme td.dxgvHeader_LECustomTheme tr>td:nth-child(1)' in '10' second(s)

2021-10-21 14:18:01 - [MESSAGE][INFO] - Smart Wait Function is triggered

2021-10-21 14:18:01 - [MESSAGE][INFO] - Found 13 web elements with id: 'Object Repository/Olusturma/Genel/Olusturma/TabloBasliklari' located by 'By.cssSelector: div#divmalhizmet .dxgvTable_LECustomTheme td.dxgvHeader_LECustomTheme tr>td:nth-child(1)' in '10' second(s)

2021-10-21 14:18:01 - [TEST_STEP][PASSED] - for (def element : elements): null

2021-10-21 14:18:01 - [TEST_STEP][PASSED] - build().perform(): null

2021-10-21 14:18:01 - [TEST_STEP][PASSED] - if (getText().equals(Baslik)): null

2021-10-21 14:18:01 - [TEST_STEP][PASSED] - build().perform(): null

2021-10-21 14:18:01 - [TEST_STEP][PASSED] - if (getText().equals(Baslik)): null

2021-10-21 14:18:01 - [TEST_STEP][PASSED] - build().perform(): null

2021-10-21 14:18:02 - [TEST_STEP][PASSED] - if (getText().equals(Baslik)): null

2021-10-21 14:18:02 - [TEST_STEP][PASSED] - build().perform(): null

2021-10-21 14:18:02 - [TEST_STEP][PASSED] - if (getText().equals(Baslik)): null

2021-10-21 14:18:02 - [TEST_STEP][PASSED] - baslikElement = element.findElement(By.xpath("../../../..")): Smart Wait Function is triggered

2021-10-21 14:18:02 - [MESSAGE][INFO] - Smart Wait Function is triggered

2021-10-21 14:18:02 - [TEST_STEP][PASSED] - attr = baslikElement.getAttribute("id"): null

2021-10-21 14:18:02 - [TEST_STEP][PASSED] - println("girdi ve idsini aldı = " + attr): null

2021-10-21 14:18:02 - [TEST_STEP][PASSED] - break: null

2021-10-21 14:18:02 - [TEST_STEP][PASSED] - countElement = baslikElement.findElements(By.xpath("../td")): Smart Wait Function is triggered

2021-10-21 14:18:02 - [MESSAGE][INFO] - Smart Wait Function is triggered

2021-10-21 14:18:02 - [TEST_STEP][PASSED] - for (def element : countElement): null

2021-10-21 14:18:02 - [TEST_STEP][PASSED] - if (toString().equals(attr.toString())): null

2021-10-21 14:18:02 - [TEST_STEP][PASSED] - (a++): null

2021-10-21 14:18:02 - [TEST_STEP][PASSED] - if (toString().equals(attr.toString())): null

2021-10-21 14:18:02 - [TEST_STEP][PASSED] - (a++): null

2021-10-21 14:18:02 - [TEST_STEP][PASSED] - if (toString().equals(attr.toString())): null

2021-10-21 14:18:02 - [TEST_STEP][PASSED] - (a++): null

2021-10-21 14:18:02 - [TEST_STEP][PASSED] - if (toString().equals(attr.toString())): null

2021-10-21 14:18:02 - [TEST_STEP][PASSED] - (a++): null

2021-10-21 14:18:02 - [TEST_STEP][PASSED] - if (toString().equals(attr.toString())): null

2021-10-21 14:18:02 - [TEST_STEP][PASSED] - break: null

2021-10-21 14:18:02 - [TEST_STEP][PASSED] - son = findWebElement(findTestObject("Object Repository/Olusturma/Genel/Olusturma/EklenenSatir")).findElement(By.xpath("td[@class='dxgvInlineEditCell_LECustomTheme dxgv'][" + a + "]//td[@class='dxic']/input")): Smart Wait Function is triggered

2021-10-21 14:18:02 - [MESSAGE][INFO] - Finding Test Object 'Object Repository/Olusturma/Genel/Olusturma/EklenenSatir'

2021-10-21 14:18:03 - [MESSAGE][INFO] - Finding web element from Test Object's properties

2021-10-21 14:18:03 - [MESSAGE][INFO] - Checking timeout

2021-10-21 14:18:03 - [MESSAGE][INFO] - Finding web element with id: 'Object Repository/Olusturma/Genel/Olusturma/EklenenSatir' located by 'By.cssSelector: #divmalhizmet .dxgvInlineEditRow_LECustomTheme' in '30' second(s)

2021-10-21 14:18:03 - [MESSAGE][INFO] - Smart Wait Function is triggered

2021-10-21 14:18:03 - [MESSAGE][INFO] - Found 1 web elements with id: 'Object Repository/Olusturma/Genel/Olusturma/EklenenSatir' located by 'By.cssSelector: #divmalhizmet .dxgvInlineEditRow_LECustomTheme' in '30' second(s)

2021-10-21 14:18:03 - [MESSAGE][INFO] - Smart Wait Function is triggered

2021-10-21 14:18:03 - [TEST_STEP][PASSED] - if (!(getAttribute("value").contains("Vkn"))): null

2021-10-21 14:18:03 - [TEST_STEP][PASSED] - son.clear(): null

2021-10-21 14:18:03 - [TEST_STEP][PASSED] - son.sendKeys(Deger): null

2021-10-21 14:18:03 - [MESSAGE][PASSED] - Call Test Case 'Test Cases/Olusturma/Genel/Olusturma' successfully

2021-10-21 14:18:03 - [MESSAGE][INFO] - Checking called Test Case

2021-10-21 14:18:03 - [MESSAGE][INFO] - Starting to call Test Case 'Test Cases/Olusturma/Genel/Olusturma'

2021-10-21 14:18:03 - [TEST_CASE][PASSED] - Test Cases/Olusturma/Genel/Olusturma: Test Cases/Olusturma/Genel/Olusturma

2021-10-21 14:18:03 - [TEST_STEP][PASSED] - driver = getWebDriver(): null

2021-10-21 14:18:03 - [TEST_STEP][PASSED] - action = new org.openqa.selenium.interactions.Actions(driver): null

2021-10-21 14:18:03 - [TEST_STEP][PASSED] - baslikElement = <not implemented yet for class: org.codehaus.groovy.ast.expr.EmptyExpression>: null

2021-10-21 14:18:03 - [TEST_STEP][PASSED] - sonElement = <not implemented yet for class: org.codehaus.groovy.ast.expr.EmptyExpression>: null

2021-10-21 14:18:03 - [TEST_STEP][PASSED] - attr = <not implemented yet for class: org.codehaus.groovy.ast.expr.EmptyExpression>: null

2021-10-21 14:18:03 - [TEST_STEP][PASSED] - a = 0: null

2021-10-21 14:18:03 - [TEST_STEP][PASSED] - elements = findWebElements(findTestObject("Object Repository/Olusturma/Genel/Olusturma/TabloBasliklari"), 10): Found 13 web elements with id: 'Object Repository/Olusturma/Genel/Olusturma/TabloBasliklari' located by 'By.cssSelector: div#divmalhizmet .dxgvTable_LECustomTheme td.dxgvHeader_LECustomTheme tr>td:nth-child(1)' in '10' second(s)

2021-10-21 14:18:03 - [MESSAGE][INFO] - Finding Test Object 'Object Repository/Olusturma/Genel/Olusturma/TabloBasliklari'

2021-10-21 14:18:03 - [MESSAGE][INFO] - Checking timeout

2021-10-21 14:18:03 - [MESSAGE][INFO] - Finding web element with id: 'Object Repository/Olusturma/Genel/Olusturma/TabloBasliklari' located by 'By.cssSelector: div#divmalhizmet .dxgvTable_LECustomTheme td.dxgvHeader_LECustomTheme tr>td:nth-child(1)' in '10' second(s)

2021-10-21 14:18:03 - [MESSAGE][INFO] - Smart Wait Function is triggered

2021-10-21 14:18:04 - [MESSAGE][INFO] - Found 13 web elements with id: 'Object Repository/Olusturma/Genel/Olusturma/TabloBasliklari' located by 'By.cssSelector: div#divmalhizmet .dxgvTable_LECustomTheme td.dxgvHeader_LECustomTheme tr>td:nth-child(1)' in '10' second(s)

2021-10-21 14:18:04 - [TEST_STEP][PASSED] - for (def element : elements): null

2021-10-21 14:18:04 - [TEST_STEP][PASSED] - build().perform(): null

2021-10-21 14:18:04 - [TEST_STEP][PASSED] - if (getText().equals(Baslik)): null

2021-10-21 14:18:04 - [TEST_STEP][PASSED] - build().perform(): null

2021-10-21 14:18:04 - [TEST_STEP][PASSED] - if (getText().equals(Baslik)): null

2021-10-21 14:18:04 - [TEST_STEP][PASSED] - build().perform(): null

2021-10-21 14:18:04 - [TEST_STEP][PASSED] - if (getText().equals(Baslik)): null

2021-10-21 14:18:04 - [TEST_STEP][PASSED] - build().perform(): null

2021-10-21 14:18:04 - [TEST_STEP][PASSED] - if (getText().equals(Baslik)): null

2021-10-21 14:18:04 - [TEST_STEP][PASSED] - build().perform(): null

2021-10-21 14:18:04 - [TEST_STEP][PASSED] - if (getText().equals(Baslik)): null

2021-10-21 14:18:04 - [TEST_STEP][PASSED] - build().perform(): null

2021-10-21 14:18:04 - [TEST_STEP][PASSED] - if (getText().equals(Baslik)): null

2021-10-21 14:18:04 - [TEST_STEP][PASSED] - baslikElement = element.findElement(By.xpath("../../../..")): Smart Wait Function is triggered

2021-10-21 14:18:04 - [MESSAGE][INFO] - Smart Wait Function is triggered

2021-10-21 14:18:05 - [TEST_STEP][PASSED] - attr = baslikElement.getAttribute("id"): null

2021-10-21 14:18:05 - [TEST_STEP][PASSED] - println("girdi ve idsini aldı = " + attr): null

2021-10-21 14:18:05 - [TEST_STEP][PASSED] - break: null

2021-10-21 14:18:05 - [TEST_STEP][PASSED] - countElement = baslikElement.findElements(By.xpath("../td")): Smart Wait Function is triggered

2021-10-21 14:18:05 - [MESSAGE][INFO] - Smart Wait Function is triggered

2021-10-21 14:18:05 - [TEST_STEP][PASSED] - for (def element : countElement): null

2021-10-21 14:18:05 - [TEST_STEP][PASSED] - if (toString().equals(attr.toString())): null

2021-10-21 14:18:05 - [TEST_STEP][PASSED] - (a++): null

2021-10-21 14:18:05 - [TEST_STEP][PASSED] - if (toString().equals(attr.toString())): null

2021-10-21 14:18:05 - [TEST_STEP][PASSED] - (a++): null

2021-10-21 14:18:05 - [TEST_STEP][PASSED] - if (toString().equals(attr.toString())): null

2021-10-21 14:18:05 - [TEST_STEP][PASSED] - (a++): null

2021-10-21 14:18:05 - [TEST_STEP][PASSED] - if (toString().equals(attr.toString())): null

2021-10-21 14:18:05 - [TEST_STEP][PASSED] - (a++): null

2021-10-21 14:18:05 - [TEST_STEP][PASSED] - if (toString().equals(attr.toString())): null

2021-10-21 14:18:05 - [TEST_STEP][PASSED] - (a++): null

2021-10-21 14:18:05 - [TEST_STEP][PASSED] - if (toString().equals(attr.toString())): null

2021-10-21 14:18:05 - [TEST_STEP][PASSED] - (a++): null

2021-10-21 14:18:05 - [TEST_STEP][PASSED] - if (toString().equals(attr.toString())): null

2021-10-21 14:18:05 - [TEST_STEP][PASSED] - break: null

2021-10-21 14:18:05 - [TEST_STEP][PASSED] - son = findWebElement(findTestObject("Object Repository/Olusturma/Genel/Olusturma/EklenenSatir")).findElement(By.xpath("td[@class='dxgvInlineEditCell_LECustomTheme dxgv'][" + a + "]//td[@class='dxic']/input")): Smart Wait Function is triggered

2021-10-21 14:18:05 - [MESSAGE][INFO] - Finding Test Object 'Object Repository/Olusturma/Genel/Olusturma/EklenenSatir'

2021-10-21 14:18:05 - [MESSAGE][INFO] - Finding web element from Test Object's properties

2021-10-21 14:18:05 - [MESSAGE][INFO] - Checking timeout

2021-10-21 14:18:05 - [MESSAGE][INFO] - Finding web element with id: 'Object Repository/Olusturma/Genel/Olusturma/EklenenSatir' located by 'By.cssSelector: #divmalhizmet .dxgvInlineEditRow_LECustomTheme' in '30' second(s)

2021-10-21 14:18:05 - [MESSAGE][INFO] - Smart Wait Function is triggered

2021-10-21 14:18:06 - [MESSAGE][INFO] - Found 1 web elements with id: 'Object Repository/Olusturma/Genel/Olusturma/EklenenSatir' located by 'By.cssSelector: #divmalhizmet .dxgvInlineEditRow_LECustomTheme' in '30' second(s)

2021-10-21 14:18:06 - [MESSAGE][INFO] - Smart Wait Function is triggered

2021-10-21 14:18:06 - [TEST_STEP][PASSED] - if (!(getAttribute("value").contains("Vkn"))): null

2021-10-21 14:18:06 - [TEST_STEP][PASSED] - son.clear(): null

2021-10-21 14:18:06 - [TEST_STEP][PASSED] - son.sendKeys(Deger): null

2021-10-21 14:18:06 - [MESSAGE][PASSED] - Call Test Case 'Test Cases/Olusturma/Genel/Olusturma' successfully

2021-10-21 14:18:06 - [MESSAGE][INFO] - Checking called Test Case

2021-10-21 14:18:06 - [MESSAGE][INFO] - Starting to call Test Case 'Test Cases/Olusturma/Genel/Olusturma'

2021-10-21 14:18:06 - [TEST_CASE][PASSED] - Test Cases/Olusturma/Genel/Olusturma: Test Cases/Olusturma/Genel/Olusturma

2021-10-21 14:18:06 - [TEST_STEP][PASSED] - driver = getWebDriver(): null

2021-10-21 14:18:06 - [TEST_STEP][PASSED] - action = new org.openqa.selenium.interactions.Actions(driver): null

2021-10-21 14:18:06 - [TEST_STEP][PASSED] - baslikElement = <not implemented yet for class: org.codehaus.groovy.ast.expr.EmptyExpression>: null

2021-10-21 14:18:06 - [TEST_STEP][PASSED] - sonElement = <not implemented yet for class: org.codehaus.groovy.ast.expr.EmptyExpression>: null

2021-10-21 14:18:06 - [TEST_STEP][PASSED] - attr = <not implemented yet for class: org.codehaus.groovy.ast.expr.EmptyExpression>: null

2021-10-21 14:18:06 - [TEST_STEP][PASSED] - a = 0: null

2021-10-21 14:18:06 - [TEST_STEP][PASSED] - elements = findWebElements(findTestObject("Object Repository/Olusturma/Genel/Olusturma/TabloBasliklari"), 10): Found 13 web elements with id: 'Object Repository/Olusturma/Genel/Olusturma/TabloBasliklari' located by 'By.cssSelector: div#divmalhizmet .dxgvTable_LECustomTheme td.dxgvHeader_LECustomTheme tr>td:nth-child(1)' in '10' second(s)

2021-10-21 14:18:06 - [MESSAGE][INFO] - Finding Test Object 'Object Repository/Olusturma/Genel/Olusturma/TabloBasliklari'

2021-10-21 14:18:06 - [MESSAGE][INFO] - Checking timeout

2021-10-21 14:18:06 - [MESSAGE][INFO] - Finding web element with id: 'Object Repository/Olusturma/Genel/Olusturma/TabloBasliklari' located by 'By.cssSelector: div#divmalhizmet .dxgvTable_LECustomTheme td.dxgvHeader_LECustomTheme tr>td:nth-child(1)' in '10' second(s)

2021-10-21 14:18:06 - [MESSAGE][INFO] - Smart Wait Function is triggered

2021-10-21 14:18:07 - [MESSAGE][INFO] - Found 13 web elements with id: 'Object Repository/Olusturma/Genel/Olusturma/TabloBasliklari' located by 'By.cssSelector: div#divmalhizmet .dxgvTable_LECustomTheme td.dxgvHeader_LECustomTheme tr>td:nth-child(1)' in '10' second(s)

2021-10-21 14:18:07 - [TEST_STEP][PASSED] - for (def element : elements): null

2021-10-21 14:18:07 - [TEST_STEP][PASSED] - build().perform(): null

2021-10-21 14:18:07 - [TEST_STEP][PASSED] - if (getText().equals(Baslik)): null

2021-10-21 14:18:07 - [TEST_STEP][PASSED] - build().perform(): null

2021-10-21 14:18:07 - [TEST_STEP][PASSED] - if (getText().equals(Baslik)): null

2021-10-21 14:18:07 - [TEST_STEP][PASSED] - build().perform(): null

2021-10-21 14:18:07 - [TEST_STEP][PASSED] - if (getText().equals(Baslik)): null

2021-10-21 14:18:07 - [TEST_STEP][PASSED] - build().perform(): null

2021-10-21 14:18:07 - [TEST_STEP][PASSED] - if (getText().equals(Baslik)): null

2021-10-21 14:18:07 - [TEST_STEP][PASSED] - build().perform(): null

2021-10-21 14:18:07 - [TEST_STEP][PASSED] - if (getText().equals(Baslik)): null

2021-10-21 14:18:07 - [TEST_STEP][PASSED] - build().perform(): null

2021-10-21 14:18:07 - [TEST_STEP][PASSED] - if (getText().equals(Baslik)): null

2021-10-21 14:18:07 - [TEST_STEP][PASSED] - build().perform(): null

2021-10-21 14:18:08 - [TEST_STEP][PASSED] - if (getText().equals(Baslik)): null

2021-10-21 14:18:08 - [TEST_STEP][PASSED] - baslikElement = element.findElement(By.xpath("../../../..")): Smart Wait Function is triggered

2021-10-21 14:18:08 - [MESSAGE][INFO] - Smart Wait Function is triggered

2021-10-21 14:18:08 - [TEST_STEP][PASSED] - attr = baslikElement.getAttribute("id"): null

2021-10-21 14:18:08 - [TEST_STEP][PASSED] - println("girdi ve idsini aldı = " + attr): null

2021-10-21 14:18:08 - [TEST_STEP][PASSED] - break: null

2021-10-21 14:18:08 - [TEST_STEP][PASSED] - countElement = baslikElement.findElements(By.xpath("../td")): Smart Wait Function is triggered

2021-10-21 14:18:08 - [MESSAGE][INFO] - Smart Wait Function is triggered

2021-10-21 14:18:08 - [TEST_STEP][PASSED] - for (def element : countElement): null

2021-10-21 14:18:08 - [TEST_STEP][PASSED] - if (toString().equals(attr.toString())): null

2021-10-21 14:18:08 - [TEST_STEP][PASSED] - (a++): null

2021-10-21 14:18:08 - [TEST_STEP][PASSED] - if (toString().equals(attr.toString())): null

2021-10-21 14:18:08 - [TEST_STEP][PASSED] - (a++): null

2021-10-21 14:18:08 - [TEST_STEP][PASSED] - if (toString().equals(attr.toString())): null

2021-10-21 14:18:08 - [TEST_STEP][PASSED] - (a++): null

2021-10-21 14:18:08 - [TEST_STEP][PASSED] - if (toString().equals(attr.toString())): null

2021-10-21 14:18:08 - [TEST_STEP][PASSED] - (a++): null

2021-10-21 14:18:08 - [TEST_STEP][PASSED] - if (toString().equals(attr.toString())): null

2021-10-21 14:18:08 - [TEST_STEP][PASSED] - (a++): null

2021-10-21 14:18:08 - [TEST_STEP][PASSED] - if (toString().equals(attr.toString())): null

2021-10-21 14:18:08 - [TEST_STEP][PASSED] - (a++): null

2021-10-21 14:18:08 - [TEST_STEP][PASSED] - if (toString().equals(attr.toString())): null

2021-10-21 14:18:08 - [TEST_STEP][PASSED] - (a++): null

2021-10-21 14:18:08 - [TEST_STEP][PASSED] - if (toString().equals(attr.toString())): null

2021-10-21 14:18:08 - [TEST_STEP][PASSED] - break: null

2021-10-21 14:18:08 - [TEST_STEP][PASSED] - son = findWebElement(findTestObject("Object Repository/Olusturma/Genel/Olusturma/EklenenSatir")).findElement(By.xpath("td[@class='dxgvInlineEditCell_LECustomTheme dxgv'][" + a + "]//td[@class='dxic']/input")): Smart Wait Function is triggered

2021-10-21 14:18:08 - [MESSAGE][INFO] - Finding Test Object 'Object Repository/Olusturma/Genel/Olusturma/EklenenSatir'

2021-10-21 14:18:08 - [MESSAGE][INFO] - Finding web element from Test Object's properties

2021-10-21 14:18:08 - [MESSAGE][INFO] - Checking timeout

2021-10-21 14:18:08 - [MESSAGE][INFO] - Finding web element with id: 'Object Repository/Olusturma/Genel/Olusturma/EklenenSatir' located by 'By.cssSelector: #divmalhizmet .dxgvInlineEditRow_LECustomTheme' in '30' second(s)

2021-10-21 14:18:08 - [MESSAGE][INFO] - Smart Wait Function is triggered

2021-10-21 14:18:09 - [MESSAGE][INFO] - Found 1 web elements with id: 'Object Repository/Olusturma/Genel/Olusturma/EklenenSatir' located by 'By.cssSelector: #divmalhizmet .dxgvInlineEditRow_LECustomTheme' in '30' second(s)

2021-10-21 14:18:09 - [MESSAGE][INFO] - Smart Wait Function is triggered

2021-10-21 14:18:09 - [TEST_STEP][PASSED] - if (!(getAttribute("value").contains("Vkn"))): null

2021-10-21 14:18:09 - [TEST_STEP][PASSED] - son.clear(): null

2021-10-21 14:18:09 - [TEST_STEP][PASSED] - son.sendKeys(Deger): null

2021-10-21 14:18:09 - [MESSAGE][PASSED] - Call Test Case 'Test Cases/Olusturma/Genel/Olusturma' successfully

2021-10-21 14:18:09 - [MESSAGE][INFO] - Checking called Test Case

2021-10-21 14:18:09 - [MESSAGE][INFO] - Starting to call Test Case 'Test Cases/Olusturma/Genel/NotGirilir'

2021-10-21 14:18:09 - [TEST_CASE][PASSED] - Test Cases/Olusturma/Genel/NotGirilir: Test Cases/Olusturma/Genel/NotGirilir

2021-10-21 14:18:09 - [TEST_STEP][PASSED] - i = 0: null

2021-10-21 14:18:09 - [TEST_STEP][PASSED] - waitForElementClickable(findTestObject("Olusturma/Genel/Not/Notlar"), 10): Object 'Object Repository/Olusturma/Genel/Not/Notlar' is clickable

2021-10-21 14:18:09 - [MESSAGE][INFO] - Finding Test Object 'Object Repository/Olusturma/Genel/Not/Notlar'

2021-10-21 14:18:09 - [MESSAGE][INFO] - Checking object

2021-10-21 14:18:09 - [MESSAGE][INFO] - Checking timeout

2021-10-21 14:18:09 - [MESSAGE][INFO] - Finding web element from Test Object's properties

2021-10-21 14:18:09 - [MESSAGE][INFO] - Checking timeout

2021-10-21 14:18:09 - [MESSAGE][INFO] - Finding web element with id: 'Object Repository/Olusturma/Genel/Not/Notlar' located by 'By.xpath: //*[@id = 'txtNote_I']' in '10' second(s)

2021-10-21 14:18:09 - [MESSAGE][INFO] - Smart Wait Function is triggered

2021-10-21 14:18:10 - [MESSAGE][INFO] - Found 1 web elements with id: 'Object Repository/Olusturma/Genel/Not/Notlar' located by 'By.xpath: //*[@id = 'txtNote_I']' in '10' second(s)

2021-10-21 14:18:10 - [MESSAGE][PASSED] - Object 'Object Repository/Olusturma/Genel/Not/Notlar' is clickable

2021-10-21 14:18:10 - [TEST_STEP][PASSED] - clearText(findTestObject("Olusturma/Genel/Not/Notlar")): Text of object 'Object Repository/Olusturma/Genel/Not/Notlar' is cleared

2021-10-21 14:18:10 - [MESSAGE][INFO] - Finding Test Object 'Object Repository/Olusturma/Genel/Not/Notlar'

2021-10-21 14:18:10 - [MESSAGE][INFO] - Checking object

2021-10-21 14:18:10 - [MESSAGE][INFO] - Finding web element from Test Object's properties

2021-10-21 14:18:10 - [MESSAGE][INFO] - Checking timeout

2021-10-21 14:18:10 - [MESSAGE][INFO] - Finding web element with id: 'Object Repository/Olusturma/Genel/Not/Notlar' located by 'By.xpath: //*[@id = 'txtNote_I']' in '30' second(s)

2021-10-21 14:18:10 - [MESSAGE][INFO] - Smart Wait Function is triggered

2021-10-21 14:18:10 - [MESSAGE][INFO] - Found 1 web elements with id: 'Object Repository/Olusturma/Genel/Not/Notlar' located by 'By.xpath: //*[@id = 'txtNote_I']' in '30' second(s)

2021-10-21 14:18:10 - [MESSAGE][INFO] - Clearing text of object 'Object Repository/Olusturma/Genel/Not/Notlar'

2021-10-21 14:18:10 - [MESSAGE][PASSED] - Text of object 'Object Repository/Olusturma/Genel/Not/Notlar' is cleared

2021-10-21 14:18:10 - [TEST_STEP][PASSED] - click(findTestObject("Olusturma/Genel/Not/Notlar")): Object: 'Object Repository/Olusturma/Genel/Not/Notlar' is clicked on

2021-10-21 14:18:10 - [MESSAGE][INFO] - Finding Test Object 'Object Repository/Olusturma/Genel/Not/Notlar'

2021-10-21 14:18:10 - [MESSAGE][INFO] - Checking object

2021-10-21 14:18:10 - [MESSAGE][INFO] - Finding web element from Test Object's properties

2021-10-21 14:18:10 - [MESSAGE][INFO] - Checking timeout

2021-10-21 14:18:10 - [MESSAGE][INFO] - Finding web element with id: 'Object Repository/Olusturma/Genel/Not/Notlar' located by 'By.xpath: //*[@id = 'txtNote_I']' in '30' second(s)

2021-10-21 14:18:10 - [MESSAGE][INFO] - Smart Wait Function is triggered

2021-10-21 14:18:10 - [MESSAGE][INFO] - Found 1 web elements with id: 'Object Repository/Olusturma/Genel/Not/Notlar' located by 'By.xpath: //*[@id = 'txtNote_I']' in '30' second(s)

2021-10-21 14:18:10 - [MESSAGE][INFO] - Clicking on object: 'Object Repository/Olusturma/Genel/Not/Notlar'

2021-10-21 14:18:10 - [MESSAGE][PASSED] - Object: 'Object Repository/Olusturma/Genel/Not/Notlar' is clicked on

2021-10-21 14:18:10 - [TEST_STEP][PASSED] - while (true): null

2021-10-21 14:18:10 - [TEST_STEP][PASSED] - delay(1): Delayed 1 second(s)

2021-10-21 14:18:10 - [MESSAGE][INFO] - Delaying browser in 1 second(s)

2021-10-21 14:18:11 - [MESSAGE][PASSED] - Delayed 1 second(s)

2021-10-21 14:18:11 - [TEST_STEP][PASSED] - ajaxIsComplete = executeJavaScript("return jQuery.active == 0", null): Execute JavaScript 'return jQuery.active == 0' successfully

2021-10-21 14:18:12 - [MESSAGE][PASSED] - Execute JavaScript 'return jQuery.active == 0' successfully

2021-10-21 14:18:12 - [TEST_STEP][PASSED] - if (ajaxIsComplete): null

2021-10-21 14:18:12 - [TEST_STEP][PASSED] - if (i > 10): null

2021-10-21 14:18:12 - [TEST_STEP][PASSED] - (i++): null

2021-10-21 14:18:12 - [TEST_STEP][PASSED] - delay(1): Delayed 1 second(s)

2021-10-21 14:18:12 - [MESSAGE][INFO] - Delaying browser in 1 second(s)

2021-10-21 14:18:13 - [MESSAGE][PASSED] - Delayed 1 second(s)

2021-10-21 14:18:13 - [TEST_STEP][PASSED] - ajaxIsComplete = executeJavaScript("return jQuery.active == 0", null): Execute JavaScript 'return jQuery.active == 0' successfully

2021-10-21 14:18:13 - [MESSAGE][PASSED] - Execute JavaScript 'return jQuery.active == 0' successfully

2021-10-21 14:18:13 - [TEST_STEP][PASSED] - if (ajaxIsComplete): null

2021-10-21 14:18:13 - [TEST_STEP][PASSED] - break: null

2021-10-21 14:18:13 - [TEST_STEP][PASSED] - sendKeys(findTestObject("Olusturma/Genel/Not/Notlar"), Not): Keys 'Otomasyon Not' sent to object: 'Object Repository/Olusturma/Genel/Not/Notlar'

2021-10-21 14:18:13 - [MESSAGE][INFO] - Finding Test Object 'Object Repository/Olusturma/Genel/Not/Notlar'

2021-10-21 14:18:13 - [MESSAGE][INFO] - Sending keys 'Otomasyon Not' to object: 'Object Repository/Olusturma/Genel/Not/Notlar'

2021-10-21 14:18:13 - [MESSAGE][INFO] - Finding web element from Test Object's properties

2021-10-21 14:18:13 - [MESSAGE][INFO] - Checking timeout

2021-10-21 14:18:13 - [MESSAGE][INFO] - Finding web element with id: 'Object Repository/Olusturma/Genel/Not/Notlar' located by 'By.xpath: //*[@id = 'txtNote_I']' in '30' second(s)

2021-10-21 14:18:13 - [MESSAGE][INFO] - Smart Wait Function is triggered

2021-10-21 14:18:13 - [MESSAGE][INFO] - Found 1 web elements with id: 'Object Repository/Olusturma/Genel/Not/Notlar' located by 'By.xpath: //*[@id = 'txtNote_I']' in '30' second(s)

2021-10-21 14:18:13 - [MESSAGE][PASSED] - Keys 'Otomasyon Not' sent to object: 'Object Repository/Olusturma/Genel/Not/Notlar'

2021-10-21 14:18:13 - [MESSAGE][PASSED] - Call Test Case 'Test Cases/Olusturma/Genel/NotGirilir' successfully

2021-10-21 14:18:13 - [MESSAGE][INFO] - Checking called Test Case

2021-10-21 14:18:13 - [MESSAGE][INFO] - Starting to call Test Case 'Test Cases/Olusturma/Genel/EttnBilgisiKayitEdilir'

2021-10-21 14:18:13 - [TEST_CASE][PASSED] - Test Cases/Olusturma/Genel/EttnBilgisiKayitEdilir: Test Cases/Olusturma/Genel/EttnBilgisiKayitEdilir

2021-10-21 14:18:13 - [TEST_STEP][PASSED] - verifyElementPresent(findTestObject("Object Repository/Olusturma/Genel/Olusturma/eArsivEttnBilgisi"), 7): Object 'Object Repository/Olusturma/Genel/Olusturma/eArsivEttnBilgisi' is present

2021-10-21 14:18:13 - [MESSAGE][INFO] - Finding Test Object 'Object Repository/Olusturma/Genel/Olusturma/eArsivEttnBilgisi'

2021-10-21 14:18:13 - [MESSAGE][INFO] - Checking object

2021-10-21 14:18:13 - [MESSAGE][INFO] - Finding web element from Test Object's properties

2021-10-21 14:18:13 - [MESSAGE][INFO] - Checking timeout

2021-10-21 14:18:13 - [MESSAGE][INFO] - Finding web element with id: 'Object Repository/Olusturma/Genel/Olusturma/eArsivEttnBilgisi' located by 'By.xpath: //*[@id = 'Uuid_I']' in '7' second(s)

2021-10-21 14:18:13 - [MESSAGE][INFO] - Smart Wait Function is triggered

2021-10-21 14:18:13 - [MESSAGE][INFO] - Found 1 web elements with id: 'Object Repository/Olusturma/Genel/Olusturma/eArsivEttnBilgisi' located by 'By.xpath: //*[@id = 'Uuid_I']' in '7' second(s)

2021-10-21 14:18:13 - [MESSAGE][PASSED] - Object 'Object Repository/Olusturma/Genel/Olusturma/eArsivEttnBilgisi' is present

2021-10-21 14:18:13 - [TEST_STEP][PASSED] - ettn = getAttribute(findTestObject("Object Repository/Olusturma/Genel/Olusturma/eArsivEttnBilgisi"), "value"): Attribute 'value' of object 'Object Repository/Olusturma/Genel/Olusturma/eArsivEttnBilgisi' is: '46cbde4f-c1d4-490d-986f-c3779515e48b'

2021-10-21 14:18:13 - [MESSAGE][INFO] - Finding Test Object 'Object Repository/Olusturma/Genel/Olusturma/eArsivEttnBilgisi'

2021-10-21 14:18:14 - [MESSAGE][INFO] - Checking object

2021-10-21 14:18:14 - [MESSAGE][INFO] - Checking attribute

2021-10-21 14:18:14 - [MESSAGE][INFO] - Finding web element from Test Object's properties

2021-10-21 14:18:14 - [MESSAGE][INFO] - Checking timeout

2021-10-21 14:18:14 - [MESSAGE][INFO] - Finding web element with id: 'Object Repository/Olusturma/Genel/Olusturma/eArsivEttnBilgisi' located by 'By.xpath: //*[@id = 'Uuid_I']' in '30' second(s)

2021-10-21 14:18:14 - [MESSAGE][INFO] - Smart Wait Function is triggered

2021-10-21 14:18:14 - [MESSAGE][INFO] - Found 1 web elements with id: 'Object Repository/Olusturma/Genel/Olusturma/eArsivEttnBilgisi' located by 'By.xpath: //*[@id = 'Uuid_I']' in '30' second(s)

2021-10-21 14:18:14 - [MESSAGE][INFO] - Getting attribute 'value' of object 'Object Repository/Olusturma/Genel/Olusturma/eArsivEttnBilgisi'

2021-10-21 14:18:14 - [MESSAGE][PASSED] - Attribute 'value' of object 'Object Repository/Olusturma/Genel/Olusturma/eArsivEttnBilgisi' is: '46cbde4f-c1d4-490d-986f-c3779515e48b'

2021-10-21 14:18:14 - [MESSAGE][PASSED] - Call Test Case 'Test Cases/Olusturma/Genel/EttnBilgisiKayitEdilir' successfully

2021-10-21 14:18:14 - [MESSAGE][INFO] - Checking called Test Case

2021-10-21 14:18:14 - [MESSAGE][INFO] - Starting to call Test Case 'Test Cases/Olusturma/Genel/KaydetButonunaTiklanir'

2021-10-21 14:18:14 - [TEST_CASE][PASSED] - Test Cases/Olusturma/Genel/KaydetButonunaTiklanir: Test Cases/Olusturma/Genel/KaydetButonunaTiklanir

2021-10-21 14:18:14 - [TEST_STEP][PASSED] - i = 0: null

2021-10-21 14:18:14 - [TEST_STEP][PASSED] - waitForElementPresent(findTestObject("Olusturma/Genel/Not/Notlar"), 10): Object 'Object Repository/Olusturma/Genel/Not/Notlar' is present

2021-10-21 14:18:14 - [MESSAGE][INFO] - Finding Test Object 'Object Repository/Olusturma/Genel/Not/Notlar'

2021-10-21 14:18:14 - [MESSAGE][INFO] - Checking object

2021-10-21 14:18:14 - [MESSAGE][INFO] - Finding web element from Test Object's properties

2021-10-21 14:18:14 - [MESSAGE][INFO] - Checking timeout

2021-10-21 14:18:14 - [MESSAGE][INFO] - Finding web element with id: 'Object Repository/Olusturma/Genel/Not/Notlar' located by 'By.xpath: //*[@id = 'txtNote_I']' in '10' second(s)

2021-10-21 14:18:14 - [MESSAGE][INFO] - Smart Wait Function is triggered

2021-10-21 14:18:14 - [MESSAGE][INFO] - Found 1 web elements with id: 'Object Repository/Olusturma/Genel/Not/Notlar' located by 'By.xpath: //*[@id = 'txtNote_I']' in '10' second(s)

2021-10-21 14:18:14 - [MESSAGE][PASSED] - Object 'Object Repository/Olusturma/Genel/Not/Notlar' is present

2021-10-21 14:18:14 - [TEST_STEP][PASSED] - click(findTestObject("Olusturma/Genel/Not/Notlar")): Object: 'Object Repository/Olusturma/Genel/Not/Notlar' is clicked on

2021-10-21 14:18:14 - [MESSAGE][INFO] - Finding Test Object 'Object Repository/Olusturma/Genel/Not/Notlar'

2021-10-21 14:18:14 - [MESSAGE][INFO] - Checking object

2021-10-21 14:18:14 - [MESSAGE][INFO] - Finding web element from Test Object's properties

2021-10-21 14:18:14 - [MESSAGE][INFO] - Checking timeout

2021-10-21 14:18:14 - [MESSAGE][INFO] - Finding web element with id: 'Object Repository/Olusturma/Genel/Not/Notlar' located by 'By.xpath: //*[@id = 'txtNote_I']' in '30' second(s)

2021-10-21 14:18:14 - [MESSAGE][INFO] - Smart Wait Function is triggered

2021-10-21 14:18:15 - [MESSAGE][INFO] - Found 1 web elements with id: 'Object Repository/Olusturma/Genel/Not/Notlar' located by 'By.xpath: //*[@id = 'txtNote_I']' in '30' second(s)

2021-10-21 14:18:15 - [MESSAGE][INFO] - Clicking on object: 'Object Repository/Olusturma/Genel/Not/Notlar'

2021-10-21 14:18:15 - [MESSAGE][PASSED] - Object: 'Object Repository/Olusturma/Genel/Not/Notlar' is clicked on

2021-10-21 14:18:15 - [TEST_STEP][PASSED] - while (true): null

2021-10-21 14:18:15 - [TEST_STEP][PASSED] - delay(1): Delayed 1 second(s)

2021-10-21 14:18:15 - [MESSAGE][INFO] - Delaying browser in 1 second(s)

2021-10-21 14:18:16 - [MESSAGE][PASSED] - Delayed 1 second(s)

2021-10-21 14:18:16 - [TEST_STEP][PASSED] - ajaxIsComplete = executeJavaScript("return jQuery.active == 0", null): Execute JavaScript 'return jQuery.active == 0' successfully

2021-10-21 14:18:16 - [MESSAGE][PASSED] - Execute JavaScript 'return jQuery.active == 0' successfully

2021-10-21 14:18:16 - [TEST_STEP][PASSED] - if (ajaxIsComplete): null

2021-10-21 14:18:16 - [TEST_STEP][PASSED] - break: null

2021-10-21 14:18:16 - [TEST_STEP][PASSED] - waitForElementClickable(findTestObject("Object Repository/Olusturma/Genel/Buton"), 10): Object 'Object Repository/Olusturma/Genel/Buton' is clickable

2021-10-21 14:18:16 - [MESSAGE][INFO] - Finding Test Object 'Object Repository/Olusturma/Genel/Buton'

2021-10-21 14:18:16 - [MESSAGE][INFO] - Checking object

2021-10-21 14:18:16 - [MESSAGE][INFO] - Checking timeout

2021-10-21 14:18:16 - [MESSAGE][INFO] - Finding web element from Test Object's properties

2021-10-21 14:18:16 - [MESSAGE][INFO] - Checking timeout

2021-10-21 14:18:16 - [MESSAGE][INFO] - Finding web element with id: 'Object Repository/Olusturma/Genel/Buton' located by 'By.xpath: //*[@id = 'btnKaydet']' in '10' second(s)

2021-10-21 14:18:16 - [MESSAGE][INFO] - Smart Wait Function is triggered

2021-10-21 14:18:16 - [MESSAGE][INFO] - Found 1 web elements with id: 'Object Repository/Olusturma/Genel/Buton' located by 'By.xpath: //*[@id = 'btnKaydet']' in '10' second(s)

2021-10-21 14:18:16 - [MESSAGE][PASSED] - Object 'Object Repository/Olusturma/Genel/Buton' is clickable

2021-10-21 14:18:16 - [TEST_STEP][PASSED] - click(findTestObject("Object Repository/Olusturma/Genel/Buton")): Object: 'Object Repository/Olusturma/Genel/Buton' is clicked on

2021-10-21 14:18:16 - [MESSAGE][INFO] - Finding Test Object 'Object Repository/Olusturma/Genel/Buton'

2021-10-21 14:18:17 - [MESSAGE][INFO] - Checking object

2021-10-21 14:18:17 - [MESSAGE][INFO] - Finding web element from Test Object's properties

2021-10-21 14:18:17 - [MESSAGE][INFO] - Checking timeout

2021-10-21 14:18:17 - [MESSAGE][INFO] - Finding web element with id: 'Object Repository/Olusturma/Genel/Buton' located by 'By.xpath: //*[@id = 'btnKaydet']' in '30' second(s)

2021-10-21 14:18:17 - [MESSAGE][INFO] - Smart Wait Function is triggered

2021-10-21 14:18:17 - [MESSAGE][INFO] - Found 1 web elements with id: 'Object Repository/Olusturma/Genel/Buton' located by 'By.xpath: //*[@id = 'btnKaydet']' in '30' second(s)

2021-10-21 14:18:17 - [MESSAGE][INFO] - Clicking on object: 'Object Repository/Olusturma/Genel/Buton'

2021-10-21 14:18:19 - [MESSAGE][PASSED] - Object: 'Object Repository/Olusturma/Genel/Buton' is clicked on

2021-10-21 14:18:19 - [MESSAGE][PASSED] - Call Test Case 'Test Cases/Olusturma/Genel/KaydetButonunaTiklanir' successfully

2021-10-21 14:18:19 - [MESSAGE][INFO] - Checking called Test Case

2021-10-21 14:18:19 - [MESSAGE][INFO] - Starting to call Test Case 'Test Cases/Tablo/TablodaEttnliVeriOlusturulduMu'

2021-10-21 14:18:19 - [TEST_CASE][PASSED] - Test Cases/Tablo/TablodaEttnliVeriOlusturulduMu: Test Cases/Tablo/TablodaEttnliVeriOlusturulduMu

2021-10-21 14:18:19 - [TEST_STEP][PASSED] - Method.TextDegerineEsitElementVarMi(findTestObject("Tablo/OlusturulanVeri"), ettn): Method.TextDegerineEsitElementVarMi is PASSED

2021-10-21 14:18:19 - [MESSAGE][INFO] - Finding Test Object 'Object Repository/Tablo/OlusturulanVeri'

2021-10-21 14:18:19 - [MESSAGE][INFO] - Checking timeout

2021-10-21 14:18:19 - [MESSAGE][INFO] - Finding web element with id: 'Object Repository/Tablo/OlusturulanVeri' located by 'By.cssSelector: table.dxgvTable_LECustomTheme>tbody>tr:nth-child(3)>td.dxgv b,table.dxgvTable_LECustomTheme>tbody>tr:nth-child(3)>td.dxgv' in '10' second(s)

2021-10-21 14:18:19 - [MESSAGE][INFO] - Smart Wait Function is triggered

2021-10-21 14:18:20 - [MESSAGE][INFO] - Found 14 web elements with id: 'Object Repository/Tablo/OlusturulanVeri' located by 'By.cssSelector: table.dxgvTable_LECustomTheme>tbody>tr:nth-child(3)>td.dxgv b,table.dxgvTable_LECustomTheme>tbody>tr:nth-child(3)>td.dxgv' in '10' second(s)

2021-10-21 14:18:20 - [MESSAGE][PASSED] - Method.TextDegerineEsitElementVarMi is PASSED

2021-10-21 14:18:20 - [MESSAGE][PASSED] - Call Test Case 'Test Cases/Tablo/TablodaEttnliVeriOlusturulduMu' successfully

2021-10-21 14:18:20 - [MESSAGE][INFO] - Checking called Test Case

2021-10-21 14:18:20 - [MESSAGE][INFO] - Starting to call Test Case 'Test Cases/Tablo/TablodanEttnliVeriSec'

2021-10-21 14:18:20 - [TEST_CASE][PASSED] - Test Cases/Tablo/TablodanEttnliVeriSec: Test Cases/Tablo/TablodanEttnliVeriSec

2021-10-21 14:18:20 - [TEST_STEP][PASSED] - Method.TextDegerineEsitElementinAltindakineTikla(findTestObject("Tablo/Veriler"), findTestObject("Tablo/VerininCheckBoxi"), ettn): Method.TextDegerineEsitElementinAltindakineTikla is PASSED

2021-10-21 14:18:20 - [MESSAGE][INFO] - Finding Test Object 'Object Repository/Tablo/Veriler'

2021-10-21 14:18:20 - [MESSAGE][INFO] - Finding Test Object 'Object Repository/Tablo/VerininCheckBoxi'

2021-10-21 14:18:20 - [MESSAGE][INFO] - Checking timeout

2021-10-21 14:18:20 - [MESSAGE][INFO] - Finding web element with id: 'Object Repository/Tablo/Veriler' located by 'By.cssSelector: td.dxgv b ,td.dxgv' in '10' second(s)

2021-10-21 14:18:20 - [MESSAGE][INFO] - Smart Wait Function is triggered

2021-10-21 14:18:21 - [MESSAGE][INFO] - Found 70 web elements with id: 'Object Repository/Tablo/Veriler' located by 'By.cssSelector: td.dxgv b ,td.dxgv' in '10' second(s)

2021-10-21 14:18:21 - [MESSAGE][INFO] - Smart Wait Function is triggered

2021-10-21 14:18:21 - [MESSAGE][PASSED] - Method.TextDegerineEsitElementinAltindakineTikla is PASSED

2021-10-21 14:18:21 - [MESSAGE][PASSED] - Call Test Case 'Test Cases/Tablo/TablodanEttnliVeriSec' successfully

2021-10-21 14:18:21 - [MESSAGE][INFO] - Checking called Test Case

2021-10-21 14:18:21 - [MESSAGE][INFO] - Starting to call Test Case 'Test Cases/Butonlar/ButonaTikla'

2021-10-21 14:18:21 - [TEST_CASE][PASSED] - Test Cases/Butonlar/ButonaTikla: Test Cases/Butonlar/ButonaTikla

2021-10-21 14:18:21 - [TEST_STEP][PASSED] - Method.TextDegerineEsitElementeTiklaEquals(findTestObject("Butonlar/Butonlar"), Buton_Adi): Method.TextDegerineEsitElementeTiklaEquals is PASSED

2021-10-21 14:18:21 - [MESSAGE][INFO] - Finding Test Object 'Object Repository/Butonlar/Butonlar'

2021-10-21 14:18:22 - [MESSAGE][INFO] - Checking timeout

2021-10-21 14:18:22 - [MESSAGE][INFO] - Finding web element with id: 'Object Repository/Butonlar/Butonlar' located by 'By.cssSelector: .panel.panel-default.text-center.footerPanel .btn,.btn.btn-primary.btnControls' in '10' second(s)

2021-10-21 14:18:22 - [MESSAGE][INFO] - Smart Wait Function is triggered

2021-10-21 14:18:22 - [MESSAGE][INFO] - Found 10 web elements with id: 'Object Repository/Butonlar/Butonlar' located by 'By.cssSelector: .panel.panel-default.text-center.footerPanel .btn,.btn.btn-primary.btnControls' in '10' second(s)

2021-10-21 14:18:23 - [MESSAGE][PASSED] - Method.TextDegerineEsitElementeTiklaEquals is PASSED

2021-10-21 14:18:23 - [MESSAGE][PASSED] - Call Test Case 'Test Cases/Butonlar/ButonaTikla' successfully

2021-10-21 14:18:23 - [MESSAGE][INFO] - Checking called Test Case

2021-10-21 14:18:23 - [MESSAGE][INFO] - Starting to call Test Case 'Test Cases/Popup/PopupMesajiIceriyorMu'

2021-10-21 14:18:23 - [TEST_CASE][PASSED] - Test Cases/Popup/PopupMesajiIceriyorMu: Test Cases/Popup/PopupMesajiIceriyorMu

2021-10-21 14:18:23 - [TEST_STEP][PASSED] - waitForElementVisible(findTestObject("Popup/Popup"), 10): Object 'Object Repository/Popup/Popup' is visible

2021-10-21 14:18:23 - [MESSAGE][INFO] - Finding Test Object 'Object Repository/Popup/Popup'

2021-10-21 14:18:23 - [MESSAGE][INFO] - Checking object

2021-10-21 14:18:23 - [MESSAGE][INFO] - Checking timeout

2021-10-21 14:18:23 - [MESSAGE][INFO] - Finding web element from Test Object's properties

2021-10-21 14:18:23 - [MESSAGE][INFO] - Checking timeout

2021-10-21 14:18:23 - [MESSAGE][INFO] - Finding web element with id: 'Object Repository/Popup/Popup' located by 'By.cssSelector: .bootbox-body' in '10' second(s)

2021-10-21 14:18:23 - [MESSAGE][INFO] - Smart Wait Function is triggered

2021-10-21 14:18:23 - [MESSAGE][INFO] - Found 1 web elements with id: 'Object Repository/Popup/Popup' located by 'By.cssSelector: .bootbox-body' in '10' second(s)

2021-10-21 14:18:23 - [MESSAGE][PASSED] - Object 'Object Repository/Popup/Popup' is visible

2021-10-21 14:18:23 - [TEST_STEP][PASSED] - if (!(getText(findTestObject("Popup/Popup")).contains(Mesaj))): Text of object 'Object Repository/Popup/Popup' is: 'Oluşturulacak fatura numarası : EAR2021000000402 Fatura numarası oluşturulduktan sonra fatura silinemez. Fatura numarası, tarihi ve ön eki değiştirilemez. Devam etmek istiyor musunuz?'

2021-10-21 14:18:23 - [MESSAGE][INFO] - Finding Test Object 'Object Repository/Popup/Popup'

2021-10-21 14:18:24 - [MESSAGE][INFO] - Checking object

2021-10-21 14:18:24 - [MESSAGE][INFO] - Finding web element from Test Object's properties

2021-10-21 14:18:24 - [MESSAGE][INFO] - Checking timeout

2021-10-21 14:18:24 - [MESSAGE][INFO] - Finding web element with id: 'Object Repository/Popup/Popup' located by 'By.cssSelector: .bootbox-body' in '30' second(s)

2021-10-21 14:18:24 - [MESSAGE][INFO] - Smart Wait Function is triggered

2021-10-21 14:18:24 - [MESSAGE][INFO] - Found 1 web elements with id: 'Object Repository/Popup/Popup' located by 'By.cssSelector: .bootbox-body' in '30' second(s)

2021-10-21 14:18:24 - [MESSAGE][INFO] - Getting text of object 'Object Repository/Popup/Popup'

2021-10-21 14:18:24 - [MESSAGE][PASSED] - Text of object 'Object Repository/Popup/Popup' is: 'Oluşturulacak fatura numarası : EAR2021000000402 Fatura numarası oluşturulduktan sonra fatura silinemez. Fatura numarası, tarihi ve ön eki değiştirilemez. Devam etmek istiyor musunuz?'

2021-10-21 14:18:24 - [TEST_STEP][PASSED] - RaporNo = getText(findTestObject("Popup/Popup")).substring(0, 6): Text of object 'Object Repository/Popup/Popup' is: 'Oluşturulacak fatura numarası : EAR2021000000402 Fatura numarası oluşturulduktan sonra fatura silinemez. Fatura numarası, tarihi ve ön eki değiştirilemez. Devam etmek istiyor musunuz?'

2021-10-21 14:18:24 - [MESSAGE][INFO] - Finding Test Object 'Object Repository/Popup/Popup'

2021-10-21 14:18:24 - [MESSAGE][INFO] - Checking object

2021-10-21 14:18:24 - [MESSAGE][INFO] - Finding web element from Test Object's properties

2021-10-21 14:18:24 - [MESSAGE][INFO] - Checking timeout

2021-10-21 14:18:24 - [MESSAGE][INFO] - Finding web element with id: 'Object Repository/Popup/Popup' located by 'By.cssSelector: .bootbox-body' in '30' second(s)

2021-10-21 14:18:24 - [MESSAGE][INFO] - Smart Wait Function is triggered

2021-10-21 14:18:24 - [MESSAGE][INFO] - Found 1 web elements with id: 'Object Repository/Popup/Popup' located by 'By.cssSelector: .bootbox-body' in '30' second(s)

2021-10-21 14:18:24 - [MESSAGE][INFO] - Getting text of object 'Object Repository/Popup/Popup'

2021-10-21 14:18:24 - [MESSAGE][PASSED] - Text of object 'Object Repository/Popup/Popup' is: 'Oluşturulacak fatura numarası : EAR2021000000402 Fatura numarası oluşturulduktan sonra fatura silinemez. Fatura numarası, tarihi ve ön eki değiştirilemez. Devam etmek istiyor musunuz?'

2021-10-21 14:18:24 - [TEST_STEP][PASSED] - Console.println(RaporNo): null

2021-10-21 14:18:24 - [MESSAGE][PASSED] - Call Test Case 'Test Cases/Popup/PopupMesajiIceriyorMu' successfully

2021-10-21 14:18:24 - [MESSAGE][INFO] - Checking called Test Case

2021-10-21 14:18:24 - [MESSAGE][INFO] - Starting to call Test Case 'Test Cases/Popup/PopupButonSecilir'

2021-10-21 14:18:25 - [TEST_CASE][PASSED] - Test Cases/Popup/PopupButonSecilir: Test Cases/Popup/PopupButonSecilir

2021-10-21 14:18:25 - [TEST_STEP][PASSED] - Method.TextDegerineEsitElementeTikla(findTestObject("Popup/Popup_Butons"), Buton): Method.TextDegerineEsitElementeTikla is PASSED

2021-10-21 14:18:25 - [MESSAGE][INFO] - Finding Test Object 'Object Repository/Popup/Popup_Butons'

2021-10-21 14:18:25 - [MESSAGE][INFO] - Checking timeout

2021-10-21 14:18:25 - [MESSAGE][INFO] - Finding web element with id: 'Object Repository/Popup/Popup_Butons' located by 'By.cssSelector: .modal-footer>button' in '10' second(s)

2021-10-21 14:18:25 - [MESSAGE][INFO] - Smart Wait Function is triggered

2021-10-21 14:18:25 - [MESSAGE][INFO] - Found 2 web elements with id: 'Object Repository/Popup/Popup_Butons' located by 'By.cssSelector: .modal-footer>button' in '10' second(s)

2021-10-21 14:18:25 - [MESSAGE][PASSED] - Method.TextDegerineEsitElementeTikla is PASSED

2021-10-21 14:18:25 - [MESSAGE][PASSED] - Call Test Case 'Test Cases/Popup/PopupButonSecilir' successfully

2021-10-21 14:18:25 - [MESSAGE][INFO] - Checking called Test Case

2021-10-21 14:18:25 - [MESSAGE][INFO] - Starting to call Test Case 'Test Cases/Popup/PopupMesajiIceriyorMu'

2021-10-21 14:18:25 - [TEST_CASE][PASSED] - Test Cases/Popup/PopupMesajiIceriyorMu: Test Cases/Popup/PopupMesajiIceriyorMu

2021-10-21 14:18:25 - [TEST_STEP][PASSED] - waitForElementVisible(findTestObject("Popup/Popup"), 10): Object 'Object Repository/Popup/Popup' is visible

2021-10-21 14:18:25 - [MESSAGE][INFO] - Finding Test Object 'Object Repository/Popup/Popup'

2021-10-21 14:18:26 - [MESSAGE][INFO] - Checking object

2021-10-21 14:18:26 - [MESSAGE][INFO] - Checking timeout

2021-10-21 14:18:26 - [MESSAGE][INFO] - Finding web element from Test Object's properties

2021-10-21 14:18:26 - [MESSAGE][INFO] - Checking timeout

2021-10-21 14:18:26 - [MESSAGE][INFO] - Finding web element with id: 'Object Repository/Popup/Popup' located by 'By.cssSelector: .bootbox-body' in '10' second(s)

2021-10-21 14:18:26 - [MESSAGE][INFO] - Smart Wait Function is triggered

2021-10-21 14:18:26 - [MESSAGE][INFO] - Found 1 web elements with id: 'Object Repository/Popup/Popup' located by 'By.cssSelector: .bootbox-body' in '10' second(s)

2021-10-21 14:18:26 - [MESSAGE][PASSED] - Object 'Object Repository/Popup/Popup' is visible

2021-10-21 14:18:26 - [TEST_STEP][PASSED] - if (!(getText(findTestObject("Popup/Popup")).contains(Mesaj))): Text of object 'Object Repository/Popup/Popup' is: 'Fatura numaranız EAR2021000000402 olarak oluşmuştur.'

2021-10-21 14:18:26 - [MESSAGE][INFO] - Finding Test Object 'Object Repository/Popup/Popup'

2021-10-21 14:18:26 - [MESSAGE][INFO] - Checking object

2021-10-21 14:18:26 - [MESSAGE][INFO] - Finding web element from Test Object's properties

2021-10-21 14:18:26 - [MESSAGE][INFO] - Checking timeout

2021-10-21 14:18:26 - [MESSAGE][INFO] - Finding web element with id: 'Object Repository/Popup/Popup' located by 'By.cssSelector: .bootbox-body' in '30' second(s)

2021-10-21 14:18:26 - [MESSAGE][INFO] - Smart Wait Function is triggered

2021-10-21 14:18:27 - [MESSAGE][INFO] - Found 1 web elements with id: 'Object Repository/Popup/Popup' located by 'By.cssSelector: .bootbox-body' in '30' second(s)

2021-10-21 14:18:27 - [MESSAGE][INFO] - Getting text of object 'Object Repository/Popup/Popup'

2021-10-21 14:18:27 - [MESSAGE][PASSED] - Text of object 'Object Repository/Popup/Popup' is: 'Fatura numaranız EAR2021000000402 olarak oluşmuştur.'

2021-10-21 14:18:27 - [TEST_STEP][PASSED] - RaporNo = getText(findTestObject("Popup/Popup")).substring(0, 6): Text of object 'Object Repository/Popup/Popup' is: 'Fatura numaranız EAR2021000000402 olarak oluşmuştur.'

2021-10-21 14:18:27 - [MESSAGE][INFO] - Finding Test Object 'Object Repository/Popup/Popup'

2021-10-21 14:18:27 - [MESSAGE][INFO] - Checking object

2021-10-21 14:18:27 - [MESSAGE][INFO] - Finding web element from Test Object's properties

2021-10-21 14:18:27 - [MESSAGE][INFO] - Checking timeout

2021-10-21 14:18:27 - [MESSAGE][INFO] - Finding web element with id: 'Object Repository/Popup/Popup' located by 'By.cssSelector: .bootbox-body' in '30' second(s)

2021-10-21 14:18:27 - [MESSAGE][INFO] - Smart Wait Function is triggered

2021-10-21 14:18:27 - [MESSAGE][INFO] - Found 1 web elements with id: 'Object Repository/Popup/Popup' located by 'By.cssSelector: .bootbox-body' in '30' second(s)

2021-10-21 14:18:27 - [MESSAGE][INFO] - Getting text of object 'Object Repository/Popup/Popup'

2021-10-21 14:18:27 - [MESSAGE][PASSED] - Text of object 'Object Repository/Popup/Popup' is: 'Fatura numaranız EAR2021000000402 olarak oluşmuştur.'

2021-10-21 14:18:27 - [TEST_STEP][PASSED] - Console.println(RaporNo): null

2021-10-21 14:18:27 - [MESSAGE][PASSED] - Call Test Case 'Test Cases/Popup/PopupMesajiIceriyorMu' successfully

2021-10-21 14:18:27 - [MESSAGE][INFO] - Checking called Test Case

2021-10-21 14:18:27 - [MESSAGE][INFO] - Starting to call Test Case 'Test Cases/Popup/PopupButonSecilir'

2021-10-21 14:18:27 - [TEST_CASE][PASSED] - Test Cases/Popup/PopupButonSecilir: Test Cases/Popup/PopupButonSecilir

2021-10-21 14:18:27 - [TEST_STEP][PASSED] - Method.TextDegerineEsitElementeTikla(findTestObject("Popup/Popup_Butons"), Buton): Method.TextDegerineEsitElementeTikla is PASSED

2021-10-21 14:18:27 - [MESSAGE][INFO] - Finding Test Object 'Object Repository/Popup/Popup_Butons'

2021-10-21 14:18:27 - [MESSAGE][INFO] - Checking timeout

2021-10-21 14:18:27 - [MESSAGE][INFO] - Finding web element with id: 'Object Repository/Popup/Popup_Butons' located by 'By.cssSelector: .modal-footer>button' in '10' second(s)

2021-10-21 14:18:27 - [MESSAGE][INFO] - Smart Wait Function is triggered

2021-10-21 14:18:28 - [MESSAGE][INFO] - Found 1 web elements with id: 'Object Repository/Popup/Popup_Butons' located by 'By.cssSelector: .modal-footer>button' in '10' second(s)

2021-10-21 14:18:28 - [MESSAGE][PASSED] - Method.TextDegerineEsitElementeTikla is PASSED

2021-10-21 14:18:28 - [MESSAGE][PASSED] - Call Test Case 'Test Cases/Popup/PopupButonSecilir' successfully

2021-10-21 14:18:28 - [MESSAGE][INFO] - Checking called Test Case

2021-10-21 14:18:28 - [MESSAGE][INFO] - Starting to call Test Case 'Test Cases/Tablo/TablodanEttnliVeriSec'

2021-10-21 14:18:28 - [TEST_CASE][PASSED] - Test Cases/Tablo/TablodanEttnliVeriSec: Test Cases/Tablo/TablodanEttnliVeriSec

2021-10-21 14:18:28 - [TEST_STEP][PASSED] - Method.TextDegerineEsitElementinAltindakineTikla(findTestObject("Tablo/Veriler"), findTestObject("Tablo/VerininCheckBoxi"), ettn): Method.TextDegerineEsitElementinAltindakineTikla is PASSED

2021-10-21 14:18:28 - [MESSAGE][INFO] - Finding Test Object 'Object Repository/Tablo/Veriler'

2021-10-21 14:18:28 - [MESSAGE][INFO] - Finding Test Object 'Object Repository/Tablo/VerininCheckBoxi'

2021-10-21 14:18:28 - [MESSAGE][INFO] - Checking timeout

2021-10-21 14:18:28 - [MESSAGE][INFO] - Finding web element with id: 'Object Repository/Tablo/Veriler' located by 'By.cssSelector: td.dxgv b ,td.dxgv' in '10' second(s)

2021-10-21 14:18:28 - [MESSAGE][INFO] - Smart Wait Function is triggered

2021-10-21 14:18:28 - [MESSAGE][INFO] - Found 70 web elements with id: 'Object Repository/Tablo/Veriler' located by 'By.cssSelector: td.dxgv b ,td.dxgv' in '10' second(s)

2021-10-21 14:18:29 - [MESSAGE][INFO] - Smart Wait Function is triggered

2021-10-21 14:18:29 - [MESSAGE][PASSED] - Method.TextDegerineEsitElementinAltindakineTikla is PASSED

2021-10-21 14:18:29 - [MESSAGE][PASSED] - Call Test Case 'Test Cases/Tablo/TablodanEttnliVeriSec' successfully

2021-10-21 14:18:29 - [MESSAGE][INFO] - Checking called Test Case

2021-10-21 14:18:29 - [MESSAGE][INFO] - Starting to call Test Case 'Test Cases/Butonlar/ButonaTikla'

2021-10-21 14:18:29 - [TEST_CASE][PASSED] - Test Cases/Butonlar/ButonaTikla: Test Cases/Butonlar/ButonaTikla

2021-10-21 14:18:29 - [TEST_STEP][PASSED] - Method.TextDegerineEsitElementeTiklaEquals(findTestObject("Butonlar/Butonlar"), Buton_Adi): Method.TextDegerineEsitElementeTiklaEquals is PASSED

2021-10-21 14:18:29 - [MESSAGE][INFO] - Finding Test Object 'Object Repository/Butonlar/Butonlar'

2021-10-21 14:18:29 - [MESSAGE][INFO] - Checking timeout

2021-10-21 14:18:29 - [MESSAGE][INFO] - Finding web element with id: 'Object Repository/Butonlar/Butonlar' located by 'By.cssSelector: .panel.panel-default.text-center.footerPanel .btn,.btn.btn-primary.btnControls' in '10' second(s)

2021-10-21 14:18:29 - [MESSAGE][INFO] - Smart Wait Function is triggered

2021-10-21 14:18:29 - [MESSAGE][INFO] - Found 10 web elements with id: 'Object Repository/Butonlar/Butonlar' located by 'By.cssSelector: .panel.panel-default.text-center.footerPanel .btn,.btn.btn-primary.btnControls' in '10' second(s)

2021-10-21 14:18:30 - [MESSAGE][PASSED] - Method.TextDegerineEsitElementeTiklaEquals is PASSED

2021-10-21 14:18:30 - [MESSAGE][PASSED] - Call Test Case 'Test Cases/Butonlar/ButonaTikla' successfully

2021-10-21 14:18:30 - [MESSAGE][INFO] - Checking called Test Case

2021-10-21 14:18:30 - [MESSAGE][INFO] - Starting to call Test Case 'Test Cases/Popup/PopupMesajiIceriyorMu'

2021-10-21 14:18:30 - [TEST_CASE][PASSED] - Test Cases/Popup/PopupMesajiIceriyorMu: Test Cases/Popup/PopupMesajiIceriyorMu

2021-10-21 14:18:30 - [TEST_STEP][PASSED] - waitForElementVisible(findTestObject("Popup/Popup"), 10): Object 'Object Repository/Popup/Popup' is visible

2021-10-21 14:18:30 - [MESSAGE][INFO] - Finding Test Object 'Object Repository/Popup/Popup'

2021-10-21 14:18:30 - [MESSAGE][INFO] - Checking object

2021-10-21 14:18:30 - [MESSAGE][INFO] - Checking timeout

2021-10-21 14:18:30 - [MESSAGE][INFO] - Finding web element from Test Object's properties

2021-10-21 14:18:30 - [MESSAGE][INFO] - Checking timeout

2021-10-21 14:18:30 - [MESSAGE][INFO] - Finding web element with id: 'Object Repository/Popup/Popup' located by 'By.cssSelector: .bootbox-body' in '10' second(s)

2021-10-21 14:18:30 - [MESSAGE][INFO] - Smart Wait Function is triggered

2021-10-21 14:18:31 - [MESSAGE][INFO] - Found 1 web elements with id: 'Object Repository/Popup/Popup' located by 'By.cssSelector: .bootbox-body' in '10' second(s)

2021-10-21 14:18:31 - [MESSAGE][PASSED] - Object 'Object Repository/Popup/Popup' is visible

2021-10-21 14:18:31 - [TEST_STEP][PASSED] - if (!(getText(findTestObject("Popup/Popup")).contains(Mesaj))): Text of object 'Object Repository/Popup/Popup' is: 'Seçilen faturalarınız onaylanacaktır. Onaylanan faturalar üzerinde değişiklik yapılamaz. Devam etmek istiyor musunuz?'

2021-10-21 14:18:31 - [MESSAGE][INFO] - Finding Test Object 'Object Repository/Popup/Popup'

2021-10-21 14:18:31 - [MESSAGE][INFO] - Checking object

2021-10-21 14:18:31 - [MESSAGE][INFO] - Finding web element from Test Object's properties

2021-10-21 14:18:31 - [MESSAGE][INFO] - Checking timeout

2021-10-21 14:18:31 - [MESSAGE][INFO] - Finding web element with id: 'Object Repository/Popup/Popup' located by 'By.cssSelector: .bootbox-body' in '30' second(s)

2021-10-21 14:18:31 - [MESSAGE][INFO] - Smart Wait Function is triggered

2021-10-21 14:18:31 - [MESSAGE][INFO] - Found 1 web elements with id: 'Object Repository/Popup/Popup' located by 'By.cssSelector: .bootbox-body' in '30' second(s)

2021-10-21 14:18:31 - [MESSAGE][INFO] - Getting text of object 'Object Repository/Popup/Popup'

2021-10-21 14:18:31 - [MESSAGE][PASSED] - Text of object 'Object Repository/Popup/Popup' is: 'Seçilen faturalarınız onaylanacaktır. Onaylanan faturalar üzerinde değişiklik yapılamaz. Devam etmek istiyor musunuz?'

2021-10-21 14:18:31 - [TEST_STEP][PASSED] - RaporNo = getText(findTestObject("Popup/Popup")).substring(0, 6): Text of object 'Object Repository/Popup/Popup' is: 'Seçilen faturalarınız onaylanacaktır. Onaylanan faturalar üzerinde değişiklik yapılamaz. Devam etmek istiyor musunuz?'

2021-10-21 14:18:31 - [MESSAGE][INFO] - Finding Test Object 'Object Repository/Popup/Popup'

2021-10-21 14:18:31 - [MESSAGE][INFO] - Checking object

2021-10-21 14:18:31 - [MESSAGE][INFO] - Finding web element from Test Object's properties

2021-10-21 14:18:31 - [MESSAGE][INFO] - Checking timeout

2021-10-21 14:18:31 - [MESSAGE][INFO] - Finding web element with id: 'Object Repository/Popup/Popup' located by 'By.cssSelector: .bootbox-body' in '30' second(s)

2021-10-21 14:18:31 - [MESSAGE][INFO] - Smart Wait Function is triggered

2021-10-21 14:18:31 - [MESSAGE][INFO] - Found 1 web elements with id: 'Object Repository/Popup/Popup' located by 'By.cssSelector: .bootbox-body' in '30' second(s)

2021-10-21 14:18:31 - [MESSAGE][INFO] - Getting text of object 'Object Repository/Popup/Popup'

2021-10-21 14:18:32 - [MESSAGE][PASSED] - Text of object 'Object Repository/Popup/Popup' is: 'Seçilen faturalarınız onaylanacaktır. Onaylanan faturalar üzerinde değişiklik yapılamaz. Devam etmek istiyor musunuz?'

2021-10-21 14:18:32 - [TEST_STEP][PASSED] - Console.println(RaporNo): null

2021-10-21 14:18:32 - [MESSAGE][PASSED] - Call Test Case 'Test Cases/Popup/PopupMesajiIceriyorMu' successfully

2021-10-21 14:18:32 - [MESSAGE][INFO] - Checking called Test Case

2021-10-21 14:18:32 - [MESSAGE][INFO] - Starting to call Test Case 'Test Cases/Popup/PopupButonSecilir'

2021-10-21 14:18:32 - [TEST_CASE][PASSED] - Test Cases/Popup/PopupButonSecilir: Test Cases/Popup/PopupButonSecilir

2021-10-21 14:18:32 - [TEST_STEP][PASSED] - Method.TextDegerineEsitElementeTikla(findTestObject("Popup/Popup_Butons"), Buton): Method.TextDegerineEsitElementeTikla is PASSED

2021-10-21 14:18:32 - [MESSAGE][INFO] - Finding Test Object 'Object Repository/Popup/Popup_Butons'

2021-10-21 14:18:32 - [MESSAGE][INFO] - Checking timeout

2021-10-21 14:18:32 - [MESSAGE][INFO] - Finding web element with id: 'Object Repository/Popup/Popup_Butons' located by 'By.cssSelector: .modal-footer>button' in '10' second(s)

2021-10-21 14:18:32 - [MESSAGE][INFO] - Smart Wait Function is triggered

2021-10-21 14:18:32 - [MESSAGE][INFO] - Found 2 web elements with id: 'Object Repository/Popup/Popup_Butons' located by 'By.cssSelector: .modal-footer>button' in '10' second(s)

2021-10-21 14:18:32 - [MESSAGE][PASSED] - Method.TextDegerineEsitElementeTikla is PASSED

2021-10-21 14:18:32 - [MESSAGE][PASSED] - Call Test Case 'Test Cases/Popup/PopupButonSecilir' successfully

2021-10-21 14:18:32 - [MESSAGE][INFO] - Checking called Test Case

2021-10-21 14:18:32 - [MESSAGE][INFO] - Starting to call Test Case 'Test Cases/Menu/AnaMenuSecimi'

2021-10-21 14:18:32 - [TEST_CASE][PASSED] - Test Cases/Menu/AnaMenuSecimi: Test Cases/Menu/AnaMenuSecimi

2021-10-21 14:18:32 - [TEST_STEP][PASSED] - Method.TextDegerineEsitElementeTikla(findTestObject("Menu/Ana_Menu"), Ana_Menu): Method.TextDegerineEsitElementeTikla is PASSED

2021-10-21 14:18:32 - [MESSAGE][INFO] - Finding Test Object 'Object Repository/Menu/Ana_Menu'

2021-10-21 14:18:32 - [MESSAGE][INFO] - Checking timeout

2021-10-21 14:18:32 - [MESSAGE][INFO] - Finding web element with id: 'Object Repository/Menu/Ana_Menu' located by 'By.xpath: //*[@class = 'dropdown-toggle']' in '10' second(s)

2021-10-21 14:18:32 - [MESSAGE][INFO] - Smart Wait Function is triggered

2021-10-21 14:18:33 - [MESSAGE][INFO] - Found 13 web elements with id: 'Object Repository/Menu/Ana_Menu' located by 'By.xpath: //*[@class = 'dropdown-toggle']' in '10' second(s)

2021-10-21 14:18:33 - [MESSAGE][PASSED] - Method.TextDegerineEsitElementeTikla is PASSED

2021-10-21 14:18:33 - [MESSAGE][PASSED] - Call Test Case 'Test Cases/Menu/AnaMenuSecimi' successfully

2021-10-21 14:18:33 - [MESSAGE][INFO] - Checking called Test Case

2021-10-21 14:18:33 - [MESSAGE][INFO] - Starting to call Test Case 'Test Cases/Menu/BasligaGoreAltMenuSecimi'

2021-10-21 14:18:34 - [TEST_CASE][PASSED] - Test Cases/Menu/BasligaGoreAltMenuSecimi: Test Cases/Menu/BasligaGoreAltMenuSecimi

2021-10-21 14:18:34 - [TEST_STEP][PASSED] - Method.TextDegerineEsitElementinAltindakiTextDegerineEsitOlanaTikla(findTestObject("Menu/Menu_Basligi"), findTestObject("Menu/Basliga_Gore_Alt_Menu"), Baslik, Alt_Menu): Method.TextDegerineEsitElementinAltindakiTextDegerineEsitOlanaTikla is PASSED

2021-10-21 14:18:34 - [MESSAGE][INFO] - Finding Test Object 'Object Repository/Menu/Menu_Basligi'

2021-10-21 14:18:34 - [MESSAGE][INFO] - Finding Test Object 'Object Repository/Menu/Basliga_Gore_Alt_Menu'

2021-10-21 14:18:34 - [MESSAGE][INFO] - Checking timeout

2021-10-21 14:18:34 - [MESSAGE][INFO] - Finding web element with id: 'Object Repository/Menu/Menu_Basligi' located by 'By.xpath: //li[@class='dropdown dropdown-large open']//li[@class='dropdown-header']' in '10' second(s)

2021-10-21 14:18:34 - [MESSAGE][INFO] - Smart Wait Function is triggered

2021-10-21 14:18:34 - [MESSAGE][INFO] - Found 2 web elements with id: 'Object Repository/Menu/Menu_Basligi' located by 'By.xpath: //li[@class='dropdown dropdown-large open']//li[@class='dropdown-header']' in '10' second(s)

2021-10-21 14:18:34 - [MESSAGE][INFO] - Smart Wait Function is triggered

2021-10-21 14:18:36 - [MESSAGE][PASSED] - Method.TextDegerineEsitElementinAltindakiTextDegerineEsitOlanaTikla is PASSED

2021-10-21 14:18:36 - [MESSAGE][PASSED] - Call Test Case 'Test Cases/Menu/BasligaGoreAltMenuSecimi' successfully

2021-10-21 14:18:36 - [MESSAGE][INFO] - Checking called Test Case

2021-10-21 14:18:36 - [MESSAGE][INFO] - Starting to call Test Case 'Test Cases/Filtreler/EttnYaz'

2021-10-21 14:18:36 - [TEST_CASE][PASSED] - Test Cases/Filtreler/EttnYaz: Test Cases/Filtreler/EttnYaz

2021-10-21 14:18:36 - [TEST_STEP][PASSED] - Method.TextDegerineEsitElementinAltindakiTextboxtaYaz(findTestObject("Filtreler/Basliklar"), findTestObject("Filtreler/Basliga_Gore_Textbox"), "ETTN", ettn): Method.TextDegerineEsitElementinAltindakiTextboxtaYaz is PASSED

2021-10-21 14:18:36 - [MESSAGE][INFO] - Finding Test Object 'Object Repository/Filtreler/Basliklar'

2021-10-21 14:18:36 - [MESSAGE][INFO] - Finding Test Object 'Object Repository/Filtreler/Basliga_Gore_Textbox'

2021-10-21 14:18:36 - [MESSAGE][INFO] - Checking timeout

2021-10-21 14:18:36 - [MESSAGE][INFO] - Finding web element with id: 'Object Repository/Filtreler/Basliklar' located by 'By.cssSelector: .control-label.col-sm-4.paddingMarginRLC' in '10' second(s)

2021-10-21 14:18:36 - [MESSAGE][INFO] - Smart Wait Function is triggered

2021-10-21 14:18:37 - [MESSAGE][INFO] - Found 19 web elements with id: 'Object Repository/Filtreler/Basliklar' located by 'By.cssSelector: .control-label.col-sm-4.paddingMarginRLC' in '10' second(s)

2021-10-21 14:18:37 - [MESSAGE][INFO] - Smart Wait Function is triggered

2021-10-21 14:18:37 - [MESSAGE][PASSED] - Method.TextDegerineEsitElementinAltindakiTextboxtaYaz is PASSED

2021-10-21 14:18:37 - [MESSAGE][PASSED] - Call Test Case 'Test Cases/Filtreler/EttnYaz' successfully

2021-10-21 14:18:37 - [MESSAGE][INFO] - Checking called Test Case

2021-10-21 14:18:37 - [MESSAGE][INFO] - Starting to call Test Case 'Test Cases/Filtreler/ButonaTikla'

2021-10-21 14:18:37 - [TEST_CASE][PASSED] - Test Cases/Filtreler/ButonaTikla: Test Cases/Filtreler/ButonaTikla

2021-10-21 14:18:37 - [TEST_STEP][PASSED] - Method.TextDegerineEsitElementeTikla(findTestObject("Filtreler/Butonlar"), Filtre_Buton): Method.TextDegerineEsitElementeTikla is PASSED

2021-10-21 14:18:37 - [MESSAGE][INFO] - Finding Test Object 'Object Repository/Filtreler/Butonlar'

2021-10-21 14:18:38 - [MESSAGE][INFO] - Checking timeout

2021-10-21 14:18:38 - [MESSAGE][INFO] - Finding web element with id: 'Object Repository/Filtreler/Butonlar' located by 'By.cssSelector: .dxb>span' in '10' second(s)

2021-10-21 14:18:38 - [MESSAGE][INFO] - Smart Wait Function is triggered

2021-10-21 14:18:38 - [MESSAGE][INFO] - Found 3 web elements with id: 'Object Repository/Filtreler/Butonlar' located by 'By.cssSelector: .dxb>span' in '10' second(s)

2021-10-21 14:18:38 - [MESSAGE][PASSED] - Method.TextDegerineEsitElementeTikla is PASSED

2021-10-21 14:18:38 - [MESSAGE][PASSED] - Call Test Case 'Test Cases/Filtreler/ButonaTikla' successfully

2021-10-21 14:18:38 - [MESSAGE][INFO] - Checking called Test Case

2021-10-21 14:18:38 - [MESSAGE][INFO] - Starting to call Test Case 'Test Cases/Tablo/TablodaVeriVarMi'

2021-10-21 14:18:38 - [TEST_CASE][PASSED] - Test Cases/Tablo/TablodaVeriVarMi: Test Cases/Tablo/TablodaVeriVarMi

2021-10-21 14:18:38 - [TEST_STEP][PASSED] - verifyTextNotPresent("Görüntülenecek veri yok", true): Text 'Görüntülenecek veri yok' is not present on page using regular expression

2021-10-21 14:18:38 - [MESSAGE][INFO] - Checking text present  using regular expression

2021-10-21 14:18:38 - [MESSAGE][INFO] - Smart Wait Function is triggered

2021-10-21 14:18:39 - [MESSAGE][INFO] - Finding text 'Görüntülenecek veri yok' on page  using regular expression

2021-10-21 14:18:39 - [MESSAGE][PASSED] - Text 'Görüntülenecek veri yok' is not present on page using regular expression

2021-10-21 14:18:39 - [MESSAGE][PASSED] - Call Test Case 'Test Cases/Tablo/TablodaVeriVarMi' successfully

2021-10-21 14:18:39 - [MESSAGE][INFO] - Checking called Test Case

2021-10-21 14:18:39 - [MESSAGE][INFO] - Starting to call Test Case 'Test Cases/Tablo/TablodaVeriBasariliMiArsiv'

2021-10-21 14:18:39 - [TEST_CASE][PASSED] - Test Cases/Tablo/TablodaVeriBasariliMiArsiv: Test Cases/Tablo/TablodaVeriBasariliMiArsiv

2021-10-21 14:18:39 - [TEST_STEP][PASSED] - sayac = 80: null

2021-10-21 14:18:39 - [TEST_STEP][PASSED] - while (verifyElementText(findTestObject("Object Repository/Tablo/DurumBilgisiArsiv"), "Henüz Sonuçlanmadı", OPTIONAL)): Actual text 'Başarılı' and expected text 'Henüz Sonuçlanmadı' of test object 'Object Repository/Tablo/DurumBilgisiArsiv' are NOT matched. (Root cause: com.kms.katalon.core.exception.StepFailedException: Actual text 'Başarılı' and expected text 'Henüz Sonuçlanmadı' of test object 'Object Repository/Tablo/DurumBilgisiArsiv' are NOT matched.
	at com.kms.katalon.core.webui.keyword.internal.WebUIKeywordMain.stepFailed(WebUIKeywordMain.groovy:64)
	at com.kms.katalon.core.webui.keyword.builtin.VerifyElementTextKeyword$_verifyElementText_closure1.doCall(VerifyElementTextKeyword.groovy:57)
	at com.kms.katalon.core.webui.keyword.builtin.VerifyElementTextKeyword$_verifyElementText_closure1.call(VerifyElementTextKeyword.groovy)
	at com.kms.katalon.core.webui.keyword.internal.WebUIKeywordMain.runKeyword(WebUIKeywordMain.groovy:20)
	at com.kms.katalon.core.webui.keyword.builtin.VerifyElementTextKeyword.verifyElementText(VerifyElementTextKeyword.groovy:72)
	at com.kms.katalon.core.webui.keyword.builtin.VerifyElementTextKeyword.execute(VerifyElementTextKeyword.groovy:40)
	at com.kms.katalon.core.keyword.internal.KeywordExecutor.executeKeywordForPlatform(KeywordExecutor.groovy:73)
	at com.kms.katalon.core.webui.keyword.WebUiBuiltInKeywords.verifyElementText(WebUiBuiltInKeywords.groovy:4733)
	at com.kms.katalon.core.webui.keyword.WebUiBuiltInKeywords$verifyElementText$20.call(Unknown Source)
	at TablodaVeriBasariliMiArsiv.run(TablodaVeriBasariliMiArsiv:22)
	at com.kms.katalon.core.main.ScriptEngine.run(ScriptEngine.java:194)
	at com.kms.katalon.core.main.ScriptEngine.runScriptAsRawText(ScriptEngine.java:119)
	at com.kms.katalon.core.main.TestCaseExecutor.runScript(TestCaseExecutor.java:369)
	at com.kms.katalon.core.main.TestCaseExecutor.doExecute(TestCaseExecutor.java:360)
	at com.kms.katalon.core.main.TestCaseExecutor.processExecutionPhase(TestCaseExecutor.java:339)
	at com.kms.katalon.core.main.TestCaseExecutor.accessMainPhase(TestCaseExecutor.java:331)
	at com.kms.katalon.core.main.TestCaseExecutor.execute(TestCaseExecutor.java:248)
	at com.kms.katalon.core.main.TestCaseMain.runTestCase(TestCaseMain.java:138)
	at com.kms.katalon.core.keyword.builtin.CallTestCaseKeyword$_callTestCase_closure1.doCall(CallTestCaseKeyword.groovy:59)
	at com.kms.katalon.core.keyword.builtin.CallTestCaseKeyword$_callTestCase_closure1.call(CallTestCaseKeyword.groovy)
	at com.kms.katalon.core.keyword.internal.KeywordMain.runKeyword(KeywordMain.groovy:68)
	at com.kms.katalon.core.keyword.builtin.CallTestCaseKeyword.callTestCase(CallTestCaseKeyword.groovy:81)
	at com.kms.katalon.core.keyword.builtin.CallTestCaseKeyword.execute(CallTestCaseKeyword.groovy:44)
	at com.kms.katalon.core.keyword.internal.KeywordExecutor.executeKeywordForPlatform(KeywordExecutor.groovy:73)
	at com.kms.katalon.core.keyword.BuiltinKeywords.callTestCase(BuiltinKeywords.groovy:334)
	at tablo.tablo.tablodaVeriBasariliMiArsiv(tablo.groovy:95)
	at cucumber.runtime.Utils$1.call(Utils.java:26)
	at cucumber.runtime.Timeout.timeout(Timeout.java:16)
	at cucumber.runtime.Utils.invoke(Utils.java:20)
	at cucumber.runtime.java.JavaStepDefinition.execute(JavaStepDefinition.java:49)
	at cucumber.runner.PickleStepDefinitionMatch.runStep(PickleStepDefinitionMatch.java:50)
	at cucumber.runner.TestStep.executeStep(TestStep.java:63)
	at cucumber.runner.TestStep.run(TestStep.java:49)
	at cucumber.runner.PickleStepTestStep.run(PickleStepTestStep.java:43)
	at cucumber.runner.TestCase.run(TestCase.java:44)
	at cucumber.runner.Runner.runPickle(Runner.java:40)
	at cucumber.runtime.Runtime$1.run(Runtime.java:84)
	at cucumber.runtime.Runtime$SameThreadExecutorService.execute(Runtime.java:220)
	at cucumber.runtime.Runtime.run(Runtime.java:81)
	at cucumber.api.cli.Main.run(Main.java:26)
	at cucumber.api.cli.Main$run.call(Unknown Source)
	at com.kms.katalon.core.cucumber.keyword.CucumberBuiltinKeywords$_runFeatureFile_closure1.doCall(CucumberBuiltinKeywords.groovy:106)
	at com.kms.katalon.core.cucumber.keyword.CucumberBuiltinKeywords$_runFeatureFile_closure1.doCall(CucumberBuiltinKeywords.groovy)
	at com.kms.katalon.core.keyword.internal.KeywordMain.runKeyword(KeywordMain.groovy:68)
	at com.kms.katalon.core.keyword.internal.KeywordMain$runKeyword.call(Unknown Source)
	at com.kms.katalon.core.cucumber.keyword.CucumberBuiltinKeywords.runFeatureFile(CucumberBuiltinKeywords.groovy:73)
	at com.kms.katalon.core.cucumber.keyword.CucumberBuiltinKeywords$runFeatureFile$0.callStatic(Unknown Source)
	at com.kms.katalon.core.cucumber.keyword.CucumberBuiltinKeywords.runFeatureFile(CucumberBuiltinKeywords.groovy:246)
	at com.kms.katalon.core.cucumber.keyword.CucumberBuiltinKeywords$runFeatureFile.call(Unknown Source)
	at VKN-Elektronik-Ozel Matrah.run(VKN-Elektronik-Ozel Matrah:19)
	at com.kms.katalon.core.main.ScriptEngine.run(ScriptEngine.java:194)
	at com.kms.katalon.core.main.ScriptEngine.runScriptAsRawText(ScriptEngine.java:119)
	at com.kms.katalon.core.main.TestCaseExecutor.runScript(TestCaseExecutor.java:369)
	at com.kms.katalon.core.main.TestCaseExecutor.doExecute(TestCaseExecutor.java:360)
	at com.kms.katalon.core.main.TestCaseExecutor.processExecutionPhase(TestCaseExecutor.java:339)
	at com.kms.katalon.core.main.TestCaseExecutor.accessMainPhase(TestCaseExecutor.java:331)
	at com.kms.katalon.core.main.TestCaseExecutor.execute(TestCaseExecutor.java:248)
	at com.kms.katalon.core.main.TestSuiteExecutor.accessTestCaseMainPhase(TestSuiteExecutor.java:191)
	at com.kms.katalon.core.main.TestSuiteExecutor.accessTestSuiteMainPhase(TestSuiteExecutor.java:140)
	at com.kms.katalon.core.main.TestSuiteExecutor.execute(TestSuiteExecutor.java:89)
	at com.kms.katalon.core.main.TestCaseMain.startTestSuite(TestCaseMain.java:181)
	at com.kms.katalon.core.main.TestCaseMain$startTestSuite$0.call(Unknown Source)
	at TempTestSuite1634814289741.run(TempTestSuite1634814289741.groovy:39)
)

2021-10-21 14:18:39 - [MESSAGE][INFO] - Finding Test Object 'Object Repository/Tablo/DurumBilgisiArsiv'

2021-10-21 14:18:39 - [MESSAGE][INFO] - Checking object

2021-10-21 14:18:39 - [MESSAGE][INFO] - Finding web element from Test Object's properties

2021-10-21 14:18:39 - [MESSAGE][INFO] - Checking timeout

2021-10-21 14:18:39 - [MESSAGE][INFO] - Finding web element with id: 'Object Repository/Tablo/DurumBilgisiArsiv' located by 'By.xpath: //*[@id = 'GridViewEArchiveInvoices_tccell0_9']' in '30' second(s)

2021-10-21 14:18:39 - [MESSAGE][INFO] - Smart Wait Function is triggered

2021-10-21 14:18:39 - [MESSAGE][INFO] - Found 1 web elements with id: 'Object Repository/Tablo/DurumBilgisiArsiv' located by 'By.xpath: //*[@id = 'GridViewEArchiveInvoices_tccell0_9']' in '30' second(s)

2021-10-21 14:18:39 - [MESSAGE][WARNING] - Actual text 'Başarılı' and expected text 'Henüz Sonuçlanmadı' of test object 'Object Repository/Tablo/DurumBilgisiArsiv' are NOT matched. (Root cause: com.kms.katalon.core.exception.StepFailedException: Actual text 'Başarılı' and expected text 'Henüz Sonuçlanmadı' of test object 'Object Repository/Tablo/DurumBilgisiArsiv' are NOT matched.
	at com.kms.katalon.core.webui.keyword.internal.WebUIKeywordMain.stepFailed(WebUIKeywordMain.groovy:64)
	at com.kms.katalon.core.webui.keyword.builtin.VerifyElementTextKeyword$_verifyElementText_closure1.doCall(VerifyElementTextKeyword.groovy:57)
	at com.kms.katalon.core.webui.keyword.builtin.VerifyElementTextKeyword$_verifyElementText_closure1.call(VerifyElementTextKeyword.groovy)
	at com.kms.katalon.core.webui.keyword.internal.WebUIKeywordMain.runKeyword(WebUIKeywordMain.groovy:20)
	at com.kms.katalon.core.webui.keyword.builtin.VerifyElementTextKeyword.verifyElementText(VerifyElementTextKeyword.groovy:72)
	at com.kms.katalon.core.webui.keyword.builtin.VerifyElementTextKeyword.execute(VerifyElementTextKeyword.groovy:40)
	at com.kms.katalon.core.keyword.internal.KeywordExecutor.executeKeywordForPlatform(KeywordExecutor.groovy:73)
	at com.kms.katalon.core.webui.keyword.WebUiBuiltInKeywords.verifyElementText(WebUiBuiltInKeywords.groovy:4733)
	at com.kms.katalon.core.webui.keyword.WebUiBuiltInKeywords$verifyElementText$20.call(Unknown Source)
	at TablodaVeriBasariliMiArsiv.run(TablodaVeriBasariliMiArsiv:22)
	at com.kms.katalon.core.main.ScriptEngine.run(ScriptEngine.java:194)
	at com.kms.katalon.core.main.ScriptEngine.runScriptAsRawText(ScriptEngine.java:119)
	at com.kms.katalon.core.main.TestCaseExecutor.runScript(TestCaseExecutor.java:369)
	at com.kms.katalon.core.main.TestCaseExecutor.doExecute(TestCaseExecutor.java:360)
	at com.kms.katalon.core.main.TestCaseExecutor.processExecutionPhase(TestCaseExecutor.java:339)
	at com.kms.katalon.core.main.TestCaseExecutor.accessMainPhase(TestCaseExecutor.java:331)
	at com.kms.katalon.core.main.TestCaseExecutor.execute(TestCaseExecutor.java:248)
	at com.kms.katalon.core.main.TestCaseMain.runTestCase(TestCaseMain.java:138)
	at com.kms.katalon.core.keyword.builtin.CallTestCaseKeyword$_callTestCase_closure1.doCall(CallTestCaseKeyword.groovy:59)
	at com.kms.katalon.core.keyword.builtin.CallTestCaseKeyword$_callTestCase_closure1.call(CallTestCaseKeyword.groovy)
	at com.kms.katalon.core.keyword.internal.KeywordMain.runKeyword(KeywordMain.groovy:68)
	at com.kms.katalon.core.keyword.builtin.CallTestCaseKeyword.callTestCase(CallTestCaseKeyword.groovy:81)
	at com.kms.katalon.core.keyword.builtin.CallTestCaseKeyword.execute(CallTestCaseKeyword.groovy:44)
	at com.kms.katalon.core.keyword.internal.KeywordExecutor.executeKeywordForPlatform(KeywordExecutor.groovy:73)
	at com.kms.katalon.core.keyword.BuiltinKeywords.callTestCase(BuiltinKeywords.groovy:334)
	at tablo.tablo.tablodaVeriBasariliMiArsiv(tablo.groovy:95)
	at cucumber.runtime.Utils$1.call(Utils.java:26)
	at cucumber.runtime.Timeout.timeout(Timeout.java:16)
	at cucumber.runtime.Utils.invoke(Utils.java:20)
	at cucumber.runtime.java.JavaStepDefinition.execute(JavaStepDefinition.java:49)
	at cucumber.runner.PickleStepDefinitionMatch.runStep(PickleStepDefinitionMatch.java:50)
	at cucumber.runner.TestStep.executeStep(TestStep.java:63)
	at cucumber.runner.TestStep.run(TestStep.java:49)
	at cucumber.runner.PickleStepTestStep.run(PickleStepTestStep.java:43)
	at cucumber.runner.TestCase.run(TestCase.java:44)
	at cucumber.runner.Runner.runPickle(Runner.java:40)
	at cucumber.runtime.Runtime$1.run(Runtime.java:84)
	at cucumber.runtime.Runtime$SameThreadExecutorService.execute(Runtime.java:220)
	at cucumber.runtime.Runtime.run(Runtime.java:81)
	at cucumber.api.cli.Main.run(Main.java:26)
	at cucumber.api.cli.Main$run.call(Unknown Source)
	at com.kms.katalon.core.cucumber.keyword.CucumberBuiltinKeywords$_runFeatureFile_closure1.doCall(CucumberBuiltinKeywords.groovy:106)
	at com.kms.katalon.core.cucumber.keyword.CucumberBuiltinKeywords$_runFeatureFile_closure1.doCall(CucumberBuiltinKeywords.groovy)
	at com.kms.katalon.core.keyword.internal.KeywordMain.runKeyword(KeywordMain.groovy:68)
	at com.kms.katalon.core.keyword.internal.KeywordMain$runKeyword.call(Unknown Source)
	at com.kms.katalon.core.cucumber.keyword.CucumberBuiltinKeywords.runFeatureFile(CucumberBuiltinKeywords.groovy:73)
	at com.kms.katalon.core.cucumber.keyword.CucumberBuiltinKeywords$runFeatureFile$0.callStatic(Unknown Source)
	at com.kms.katalon.core.cucumber.keyword.CucumberBuiltinKeywords.runFeatureFile(CucumberBuiltinKeywords.groovy:246)
	at com.kms.katalon.core.cucumber.keyword.CucumberBuiltinKeywords$runFeatureFile.call(Unknown Source)
	at VKN-Elektronik-Ozel Matrah.run(VKN-Elektronik-Ozel Matrah:19)
	at com.kms.katalon.core.main.ScriptEngine.run(ScriptEngine.java:194)
	at com.kms.katalon.core.main.ScriptEngine.runScriptAsRawText(ScriptEngine.java:119)
	at com.kms.katalon.core.main.TestCaseExecutor.runScript(TestCaseExecutor.java:369)
	at com.kms.katalon.core.main.TestCaseExecutor.doExecute(TestCaseExecutor.java:360)
	at com.kms.katalon.core.main.TestCaseExecutor.processExecutionPhase(TestCaseExecutor.java:339)
	at com.kms.katalon.core.main.TestCaseExecutor.accessMainPhase(TestCaseExecutor.java:331)
	at com.kms.katalon.core.main.TestCaseExecutor.execute(TestCaseExecutor.java:248)
	at com.kms.katalon.core.main.TestSuiteExecutor.accessTestCaseMainPhase(TestSuiteExecutor.java:191)
	at com.kms.katalon.core.main.TestSuiteExecutor.accessTestSuiteMainPhase(TestSuiteExecutor.java:140)
	at com.kms.katalon.core.main.TestSuiteExecutor.execute(TestSuiteExecutor.java:89)
	at com.kms.katalon.core.main.TestCaseMain.startTestSuite(TestCaseMain.java:181)
	at com.kms.katalon.core.main.TestCaseMain$startTestSuite$0.call(Unknown Source)
	at TempTestSuite1634814289741.run(TempTestSuite1634814289741.groovy:39)
)

2021-10-21 14:18:39 - [TEST_STEP][PASSED] - Method.TextDegerineEsitElementVarMi(findTestObject("Object Repository/Tablo/DurumBilgisiArsiv"), "Başarılı"): Method.TextDegerineEsitElementVarMi is PASSED

2021-10-21 14:18:39 - [MESSAGE][INFO] - Finding Test Object 'Object Repository/Tablo/DurumBilgisiArsiv'

2021-10-21 14:18:40 - [MESSAGE][INFO] - Checking timeout

2021-10-21 14:18:40 - [MESSAGE][INFO] - Finding web element with id: 'Object Repository/Tablo/DurumBilgisiArsiv' located by 'By.xpath: //*[@id = 'GridViewEArchiveInvoices_tccell0_9']' in '10' second(s)

2021-10-21 14:18:40 - [MESSAGE][INFO] - Smart Wait Function is triggered

2021-10-21 14:18:40 - [MESSAGE][INFO] - Found 1 web elements with id: 'Object Repository/Tablo/DurumBilgisiArsiv' located by 'By.xpath: //*[@id = 'GridViewEArchiveInvoices_tccell0_9']' in '10' second(s)

2021-10-21 14:18:40 - [MESSAGE][PASSED] - Method.TextDegerineEsitElementVarMi is PASSED

2021-10-21 14:18:40 - [MESSAGE][PASSED] - Call Test Case 'Test Cases/Tablo/TablodaVeriBasariliMiArsiv' successfully

2021-10-21 14:18:40 - [MESSAGE][INFO] - Checking called Test Case

2021-10-21 14:18:40 - [MESSAGE][INFO] - Starting to call Test Case 'Test Cases/Kullanici_Islemleri/KullaniciIslemlerindenSecimYapilir'

2021-10-21 14:18:40 - [TEST_CASE][PASSED] - Test Cases/Kullanici_Islemleri/KullaniciIslemlerindenSecimYapilir: Test Cases/Kullanici_Islemleri/KullaniciIslemlerindenSecimYapilir

2021-10-21 14:18:40 - [TEST_STEP][PASSED] - waitForElementClickable(findTestObject("Object Repository/Kullanici_Islemleri/KullaniciIslemleri"), 10): Object 'Object Repository/Kullanici_Islemleri/KullaniciIslemleri' is clickable

2021-10-21 14:18:40 - [MESSAGE][INFO] - Finding Test Object 'Object Repository/Kullanici_Islemleri/KullaniciIslemleri'

2021-10-21 14:18:40 - [MESSAGE][INFO] - Checking object

2021-10-21 14:18:40 - [MESSAGE][INFO] - Checking timeout

2021-10-21 14:18:40 - [MESSAGE][INFO] - Finding web element from Test Object's properties

2021-10-21 14:18:40 - [MESSAGE][INFO] - Checking timeout

2021-10-21 14:18:40 - [MESSAGE][INFO] - Finding web element with id: 'Object Repository/Kullanici_Islemleri/KullaniciIslemleri' located by 'By.cssSelector: .dropdown>a>img' in '10' second(s)

2021-10-21 14:18:40 - [MESSAGE][INFO] - Smart Wait Function is triggered

2021-10-21 14:18:40 - [MESSAGE][INFO] - Found 1 web elements with id: 'Object Repository/Kullanici_Islemleri/KullaniciIslemleri' located by 'By.cssSelector: .dropdown>a>img' in '10' second(s)

2021-10-21 14:18:40 - [MESSAGE][PASSED] - Object 'Object Repository/Kullanici_Islemleri/KullaniciIslemleri' is clickable

2021-10-21 14:18:40 - [TEST_STEP][PASSED] - click(findTestObject("Object Repository/Kullanici_Islemleri/KullaniciIslemleri")): Object: 'Object Repository/Kullanici_Islemleri/KullaniciIslemleri' is clicked on

2021-10-21 14:18:40 - [MESSAGE][INFO] - Finding Test Object 'Object Repository/Kullanici_Islemleri/KullaniciIslemleri'

2021-10-21 14:18:40 - [MESSAGE][INFO] - Checking object

2021-10-21 14:18:40 - [MESSAGE][INFO] - Finding web element from Test Object's properties

2021-10-21 14:18:40 - [MESSAGE][INFO] - Checking timeout

2021-10-21 14:18:40 - [MESSAGE][INFO] - Finding web element with id: 'Object Repository/Kullanici_Islemleri/KullaniciIslemleri' located by 'By.cssSelector: .dropdown>a>img' in '30' second(s)

2021-10-21 14:18:40 - [MESSAGE][INFO] - Smart Wait Function is triggered

2021-10-21 14:18:41 - [MESSAGE][INFO] - Found 1 web elements with id: 'Object Repository/Kullanici_Islemleri/KullaniciIslemleri' located by 'By.cssSelector: .dropdown>a>img' in '30' second(s)

2021-10-21 14:18:41 - [MESSAGE][INFO] - Clicking on object: 'Object Repository/Kullanici_Islemleri/KullaniciIslemleri'

2021-10-21 14:18:41 - [MESSAGE][PASSED] - Object: 'Object Repository/Kullanici_Islemleri/KullaniciIslemleri' is clicked on

2021-10-21 14:18:41 - [TEST_STEP][PASSED] - Method.TextDegerineEsitElementeTikla(findTestObject("Object Repository/Kullanici_Islemleri/Secenekler"), Islem): Method.TextDegerineEsitElementeTikla is PASSED

2021-10-21 14:18:41 - [MESSAGE][INFO] - Finding Test Object 'Object Repository/Kullanici_Islemleri/Secenekler'

2021-10-21 14:18:41 - [MESSAGE][INFO] - Checking timeout

2021-10-21 14:18:41 - [MESSAGE][INFO] - Finding web element with id: 'Object Repository/Kullanici_Islemleri/Secenekler' located by 'By.cssSelector: .nav.navbar-nav.navbar-right li a' in '10' second(s)

2021-10-21 14:18:41 - [MESSAGE][INFO] - Smart Wait Function is triggered

2021-10-21 14:18:41 - [MESSAGE][INFO] - Found 20 web elements with id: 'Object Repository/Kullanici_Islemleri/Secenekler' located by 'By.cssSelector: .nav.navbar-nav.navbar-right li a' in '10' second(s)

2021-10-21 14:18:43 - [MESSAGE][PASSED] - Method.TextDegerineEsitElementeTikla is PASSED

2021-10-21 14:18:43 - [TEST_STEP][PASSED] - verifyElementNotPresent(findTestObject("Object Repository/Kullanici_Islemleri/Secenekler"), 10): Web element with id: 'Object Repository/Kullanici_Islemleri/Secenekler' located by 'By.cssSelector: .nav.navbar-nav.navbar-right li a' is not present after '10' second(s)

2021-10-21 14:18:43 - [MESSAGE][INFO] - Finding Test Object 'Object Repository/Kullanici_Islemleri/Secenekler'

2021-10-21 14:18:43 - [MESSAGE][INFO] - Checking object

2021-10-21 14:18:43 - [MESSAGE][INFO] - Checking timeout

2021-10-21 14:18:43 - [MESSAGE][INFO] - Finding web element with id: 'Object Repository/Kullanici_Islemleri/Secenekler' located by 'By.cssSelector: .nav.navbar-nav.navbar-right li a' in '10' second(s)

2021-10-21 14:18:43 - [MESSAGE][INFO] - Smart Wait Function is triggered

2021-10-21 14:18:43 - [MESSAGE][PASSED] - Web element with id: 'Object Repository/Kullanici_Islemleri/Secenekler' located by 'By.cssSelector: .nav.navbar-nav.navbar-right li a' is not present after '10' second(s)

2021-10-21 14:18:43 - [MESSAGE][PASSED] - Call Test Case 'Test Cases/Kullanici_Islemleri/KullaniciIslemlerindenSecimYapilir' successfully

2021-10-21 14:18:43 - [TEST_CASE][PASSED] - Start Test Case : SCENARIO Gonderim tipi Kagit ve Ozel Matrah tipinde e-Arsiv faturasi olusturulmasi: SCENARIO Gonderim tipi Kagit ve Ozel Matrah tipinde e-Arsiv faturasi olusturulmasi

2021-10-21 14:18:43 - [TEST_STEP][PASSED] - Kullanıcı adı EARMATRAH ve Şifre test1234 olarak giriş yapılır: Kullanıcı adı EARMATRAH ve Şifre test1234 olarak giriş yapılır

2021-10-21 14:18:43 - [MESSAGE][PASSED] - Kullanıcı adı EARMATRAH ve Şifre test1234 olarak giriş yapılır

2021-10-21 14:18:43 - [TEST_STEP][PASSED] - Ana menüden e-Arşiv seçilir: Ana menüden e-Arşiv seçilir

2021-10-21 14:18:43 - [MESSAGE][PASSED] - Ana menüden e-Arşiv seçilir

2021-10-21 14:18:43 - [TEST_STEP][PASSED] - Alt menü e-Arşiv Araçları başlığı altındaki e-Arşiv Fatura Oluşturma seçilir: Alt menü e-Arşiv Araçları başlığı altındaki e-Arşiv Fatura Oluşturma seçilir

2021-10-21 14:18:43 - [MESSAGE][PASSED] - Alt menü e-Arşiv Araçları başlığı altındaki e-Arşiv Fatura Oluşturma seçilir

2021-10-21 14:18:43 - [TEST_STEP][PASSED] - Tablodaki tüm veriler silinir: Tablodaki tüm veriler silinir

2021-10-21 14:18:43 - [MESSAGE][PASSED] - Tablodaki tüm veriler silinir

2021-10-21 14:18:43 - [TEST_STEP][PASSED] - Butonlardan Ekle isimli butona tıklanır: Butonlardan Ekle isimli butona tıklanır

2021-10-21 14:18:43 - [MESSAGE][PASSED] - Butonlardan Ekle isimli butona tıklanır

2021-10-21 14:18:43 - [TEST_STEP][PASSED] - Görsel tasarım sayfasının e-Arşiv Fatura Bilgileri başlığını içerdiği kontrol edilir: Görsel tasarım sayfasının e-Arşiv Fatura Bilgileri başlığını içerdiği kontrol edilir

2021-10-21 14:18:43 - [MESSAGE][PASSED] - Görsel tasarım sayfasının e-Arşiv Fatura Bilgileri başlığını içerdiği kontrol edilir

2021-10-21 14:18:43 - [TEST_STEP][PASSED] - Alıcı adı alanına UC0006 girilir: Alıcı adı alanına UC0006 girilir

2021-10-21 14:18:43 - [MESSAGE][PASSED] - Alıcı adı alanına UC0006 girilir

2021-10-21 14:18:43 - [TEST_STEP][PASSED] - Gönderim Şekli Elektronik olarak seçilir: Gönderim Şekli Elektronik olarak seçilir

2021-10-21 14:18:43 - [MESSAGE][PASSED] - Gönderim Şekli Elektronik olarak seçilir

2021-10-21 14:18:43 - [TEST_STEP][PASSED] - Tip alanından Özel Matrah seçilir: Tip alanından Özel Matrah seçilir

2021-10-21 14:18:43 - [MESSAGE][PASSED] - Tip alanından Özel Matrah seçilir

2021-10-21 14:18:43 - [TEST_STEP][PASSED] - Döküman Para Birimi alanından Türk Lirası seçilir: Döküman Para Birimi alanından Türk Lirası seçilir

2021-10-21 14:18:43 - [MESSAGE][PASSED] - Döküman Para Birimi alanından Türk Lirası seçilir

2021-10-21 14:18:43 - [TEST_STEP][PASSED] - Ön Ek EAR olarak seçilir: Ön Ek EAR olarak seçilir

2021-10-21 14:18:43 - [MESSAGE][PASSED] - Ön Ek EAR olarak seçilir

2021-10-21 14:18:43 - [TEST_STEP][PASSED] - Tasarım alanından Otomasyon seçilir: Tasarım alanından Otomasyon seçilir

2021-10-21 14:18:43 - [MESSAGE][PASSED] - Tasarım alanından Otomasyon seçilir

2021-10-21 14:18:43 - [TEST_STEP][PASSED] - Sipariş bilgileri UUC-SAT-1200001 ve 31.04.2020 olarak girilir: Sipariş bilgileri UUC-SAT-1200001 ve 31.04.2020 olarak girilir

2021-10-21 14:18:43 - [MESSAGE][PASSED] - Sipariş bilgileri UUC-SAT-1200001 ve 31.04.2020 olarak girilir

2021-10-21 14:18:43 - [TEST_STEP][PASSED] - İrsaliye Bilgileri AAAAAAAAAA,31.04.2020 olarak girilir: İrsaliye Bilgileri AAAAAAAAAA,31.04.2020 olarak girilir

2021-10-21 14:18:43 - [MESSAGE][PASSED] - İrsaliye Bilgileri AAAAAAAAAA,31.04.2020 olarak girilir

2021-10-21 14:18:43 - [TEST_STEP][PASSED] - Ekle butonuna basılır: Ekle butonuna basılır

2021-10-21 14:18:43 - [MESSAGE][PASSED] - Ekle butonuna basılır

2021-10-21 14:18:43 - [TEST_STEP][PASSED] - Ürün ekleme alanında Mal/Hizmet başlığına Otomasyon girilir: Ürün ekleme alanında Mal/Hizmet başlığına Otomasyon girilir

2021-10-21 14:18:43 - [MESSAGE][PASSED] - Ürün ekleme alanında Mal/Hizmet başlığına Otomasyon girilir

2021-10-21 14:18:43 - [TEST_STEP][PASSED] - Ürün ekleme alanında Açıklaması başlığına Virgosol girilir: Ürün ekleme alanında Açıklaması başlığına Virgosol girilir

2021-10-21 14:18:43 - [MESSAGE][PASSED] - Ürün ekleme alanında Açıklaması başlığına Virgosol girilir

2021-10-21 14:18:43 - [TEST_STEP][PASSED] - Ürün ekleme alanında Miktarı başlığına 400 girilir: Ürün ekleme alanında Miktarı başlığına 400 girilir

2021-10-21 14:18:43 - [MESSAGE][PASSED] - Ürün ekleme alanında Miktarı başlığına 400 girilir

2021-10-21 14:18:43 - [TEST_STEP][PASSED] - Ürün ekleme alanında Birim Fiyat başlığına 100 girilir: Ürün ekleme alanında Birim Fiyat başlığına 100 girilir

2021-10-21 14:18:43 - [MESSAGE][PASSED] - Ürün ekleme alanında Birim Fiyat başlığına 100 girilir

2021-10-21 14:18:43 - [TEST_STEP][PASSED] - Ürün ekleme alanında İskonto Oranı % başlığına 10 girilir: Ürün ekleme alanında İskonto Oranı % başlığına 10 girilir

2021-10-21 14:18:43 - [MESSAGE][PASSED] - Ürün ekleme alanında İskonto Oranı % başlığına 10 girilir

2021-10-21 14:18:43 - [TEST_STEP][PASSED] - Notlar alanına Otomasyon Not girilir: Notlar alanına Otomasyon Not girilir

2021-10-21 14:18:43 - [MESSAGE][PASSED] - Notlar alanına Otomasyon Not girilir

2021-10-21 14:18:43 - [TEST_STEP][PASSED] - Ettn bilgisi kayıt edilir: Ettn bilgisi kayıt edilir

2021-10-21 14:18:43 - [MESSAGE][PASSED] - Ettn bilgisi kayıt edilir

2021-10-21 14:18:43 - [TEST_STEP][PASSED] - Kaydet butonu seçilir: Kaydet butonu seçilir

2021-10-21 14:18:43 - [MESSAGE][PASSED] - Kaydet butonu seçilir

2021-10-21 14:18:43 - [TEST_STEP][PASSED] - Tabloda Ettn bilgisi kaydedilen veri oluşturuldu mu: Tabloda Ettn bilgisi kaydedilen veri oluşturuldu mu

2021-10-21 14:18:43 - [MESSAGE][PASSED] - Tabloda Ettn bilgisi kaydedilen veri oluşturuldu mu

2021-10-21 14:18:43 - [TEST_STEP][PASSED] - Tablodan Ettn bilgisi kaydedilen veri seçilir: Tablodan Ettn bilgisi kaydedilen veri seçilir

2021-10-21 14:18:43 - [MESSAGE][PASSED] - Tablodan Ettn bilgisi kaydedilen veri seçilir

2021-10-21 14:18:43 - [TEST_STEP][PASSED] - Butonlardan Numara Oluştur isimli butona tıklanır: Butonlardan Numara Oluştur isimli butona tıklanır

2021-10-21 14:18:43 - [MESSAGE][PASSED] - Butonlardan Numara Oluştur isimli butona tıklanır

2021-10-21 14:18:43 - [TEST_STEP][PASSED] - Popup mesajı Devam etmek istiyor musunuz içeriyor mu: Popup mesajı Devam etmek istiyor musunuz içeriyor mu

2021-10-21 14:18:43 - [MESSAGE][PASSED] - Popup mesajı Devam etmek istiyor musunuz içeriyor mu

2021-10-21 14:18:43 - [TEST_STEP][PASSED] - Yönetim popupında Evet seçilir: Yönetim popupında Evet seçilir

2021-10-21 14:18:43 - [MESSAGE][PASSED] - Yönetim popupında Evet seçilir

2021-10-21 14:18:43 - [TEST_STEP][PASSED] - Popup mesajı oluşmuştur içeriyor mu: Popup mesajı oluşmuştur içeriyor mu

2021-10-21 14:18:43 - [MESSAGE][PASSED] - Popup mesajı oluşmuştur içeriyor mu

2021-10-21 14:18:43 - [TEST_STEP][PASSED] - Yönetim popupında Tamam seçilir: Yönetim popupında Tamam seçilir

2021-10-21 14:18:43 - [MESSAGE][PASSED] - Yönetim popupında Tamam seçilir

2021-10-21 14:18:43 - [TEST_STEP][PASSED] - Tablodan Ettn bilgisi kaydedilen veri seçilir: Tablodan Ettn bilgisi kaydedilen veri seçilir

2021-10-21 14:18:43 - [MESSAGE][PASSED] - Tablodan Ettn bilgisi kaydedilen veri seçilir

2021-10-21 14:18:43 - [TEST_STEP][PASSED] - Butonlardan Gönder isimli butona tıklanır: Butonlardan Gönder isimli butona tıklanır

2021-10-21 14:18:43 - [MESSAGE][PASSED] - Butonlardan Gönder isimli butona tıklanır

2021-10-21 14:18:43 - [TEST_STEP][PASSED] - Popup mesajı Devam etmek istiyor musunuz içeriyor mu: Popup mesajı Devam etmek istiyor musunuz içeriyor mu

2021-10-21 14:18:43 - [MESSAGE][PASSED] - Popup mesajı Devam etmek istiyor musunuz içeriyor mu

2021-10-21 14:18:43 - [TEST_STEP][PASSED] - Yönetim popupında Evet seçilir: Yönetim popupında Evet seçilir

2021-10-21 14:18:43 - [MESSAGE][PASSED] - Yönetim popupında Evet seçilir

2021-10-21 14:18:43 - [TEST_STEP][PASSED] - Ana menüden e-Arşiv seçilir: Ana menüden e-Arşiv seçilir

2021-10-21 14:18:43 - [MESSAGE][PASSED] - Ana menüden e-Arşiv seçilir

2021-10-21 14:18:43 - [TEST_STEP][PASSED] - Alt menü e-Arşiv Hareketleri başlığı altındaki e-Arşiv Faturaları seçilir: Alt menü e-Arşiv Hareketleri başlığı altındaki e-Arşiv Faturaları seçilir

2021-10-21 14:18:43 - [MESSAGE][PASSED] - Alt menü e-Arşiv Hareketleri başlığı altındaki e-Arşiv Faturaları seçilir

2021-10-21 14:18:43 - [TEST_STEP][PASSED] - Filtrelerden Ettn filtresine Ettn bilgisi yaz: Filtrelerden Ettn filtresine Ettn bilgisi yaz

2021-10-21 14:18:43 - [MESSAGE][PASSED] - Filtrelerden Ettn filtresine Ettn bilgisi yaz

2021-10-21 14:18:43 - [TEST_STEP][PASSED] - Filtre butonlarından Listele seçilir: Filtre butonlarından Listele seçilir

2021-10-21 14:18:43 - [MESSAGE][PASSED] - Filtre butonlarından Listele seçilir

2021-10-21 14:18:43 - [TEST_STEP][PASSED] - Tabloda veri var mı kontrol edilir: Tabloda veri var mı kontrol edilir

2021-10-21 14:18:43 - [MESSAGE][PASSED] - Tabloda veri var mı kontrol edilir

2021-10-21 14:18:43 - [TEST_STEP][PASSED] - Tabloda yeni oluşturulan eArsiv verisi başarılı mı: Tabloda yeni oluşturulan eArsiv verisi başarılı mı

2021-10-21 14:18:43 - [MESSAGE][PASSED] - Tabloda yeni oluşturulan eArsiv verisi başarılı mı

2021-10-21 14:18:43 - [TEST_STEP][PASSED] - Kullanıcı işlemlerinden Çıkış seçilir: Kullanıcı işlemlerinden Çıkış seçilir

2021-10-21 14:18:43 - [MESSAGE][PASSED] - Kullanıcı işlemlerinden Çıkış seçilir

2021-10-21 14:18:43 - [MESSAGE][PASSED] - Feature file: 'Include/features/Regresyon/e-Arsiv/VKN-Elektronik-Ozel Matrah.feature' was passed

2021-10-21 14:18:43 - [TEST_STEP][PASSED] - Start listener action : sampleAfterTestSuite: Invoke 'com.kms.katalon.core.annotation.AfterTestCase' method: 'Listener.sampleAfterTestSuite(...)' completed.

2021-10-21 14:18:43 - [MESSAGE][INFO] - Starting invoke 'com.kms.katalon.core.annotation.AfterTestCase' method: 'Listener.sampleAfterTestSuite(...)'

2021-10-21 14:18:43 - [TEST_STEP][PASSED] - closeBrowser(): Invoke 'com.kms.katalon.core.annotation.AfterTestCase' method: 'Listener.sampleAfterTestSuite(...)' completed.

2021-10-21 14:18:43 - [MESSAGE][INFO] - Closing browser

2021-10-21 14:18:44 - [MESSAGE][PASSED] - Browser is closed

2021-10-21 14:18:44 - [MESSAGE][INFO] - Invoke 'com.kms.katalon.core.annotation.AfterTestCase' method: 'Listener.sampleAfterTestSuite(...)' completed.]]></system-out>
         <system-err><![CDATA[]]></system-err>
      </testcase>
      <testcase name="Test Cases/Case Repository/Regresyon/e-Arsiv/VKN-Elektronik-Satis" time="113.823" classname="Test Cases/Case Repository/Regresyon/e-Arsiv/VKN-Elektronik-Satis" status="PASSED">
         <system-out><![CDATA[2021-10-21 14:18:44 - [TEST_CASE][PASSED] - Test Cases/Case Repository/Regresyon/e-Arsiv/VKN-Elektronik-Satis: Test Cases/Case Repository/Regresyon/e-Arsiv/VKN-Elektronik-Satis

2021-10-21 14:18:44 - [TEST_STEP][PASSED] - Start listener action : sampleBeforeTestSuite: Invoke 'com.kms.katalon.core.annotation.BeforeTestCase' method: 'Listener.sampleBeforeTestSuite(...)' completed.

2021-10-21 14:18:44 - [MESSAGE][INFO] - Starting invoke 'com.kms.katalon.core.annotation.BeforeTestCase' method: 'Listener.sampleBeforeTestSuite(...)'

2021-10-21 14:18:44 - [TEST_STEP][PASSED] - openBrowser(baseUrl): Browser is opened with url: 'https://efatura-stage.elogo.com.tr/'

2021-10-21 14:18:44 - [MESSAGE][INFO] - Opening browser

2021-10-21 14:18:44 - [MESSAGE][INFO] - Starting 'Chrome' driver

2021-10-21 14:18:44 - [MESSAGE][INFO] - User set preference: ['prefs', '{download.default_directory=C:\otomasyondownfiles}']

2021-10-21 14:18:44 - [MESSAGE][INFO] - Action delay is set to 0 milliseconds

2021-10-21 14:18:45 - [MESSAGE][INFO] - Navigating browser to: 'https://efatura-stage.elogo.com.tr/'

2021-10-21 14:18:48 - [MESSAGE][PASSED] - Browser is opened with url: 'https://efatura-stage.elogo.com.tr/'

2021-10-21 14:18:48 - [TEST_STEP][PASSED] - maximizeWindow(): Invoke 'com.kms.katalon.core.annotation.BeforeTestCase' method: 'Listener.sampleBeforeTestSuite(...)' completed.

2021-10-21 14:18:48 - [MESSAGE][INFO] - Maximizing current window

2021-10-21 14:18:48 - [MESSAGE][PASSED] - Current window maximized

2021-10-21 14:18:48 - [MESSAGE][INFO] - Invoke 'com.kms.katalon.core.annotation.BeforeTestCase' method: 'Listener.sampleBeforeTestSuite(...)' completed.

2021-10-21 14:18:48 - [TEST_STEP][PASSED] - runFeatureFile("Include/features/Regresyon/e-Arsiv/VKN-Elektronik-Satis.feature"): Feature file: 'Include/features/Regresyon/e-Arsiv/VKN-Elektronik-Satis.feature' was passed

2021-10-21 14:18:48 - [MESSAGE][INFO] - Starting run keyword runFeatureFile: 'Include/features/Regresyon/e-Arsiv/VKN-Elektronik-Satis.feature' and extract report to folder: 'C:\Users\DELL\Downloads\EES_Katalon-main\Reports\20211021_140437\Suite Repository\Regresyon-eArsiv-eMakbuz\20211021_140449/cucumber_report/1634815128785'...

2021-10-21 14:18:48 - [MESSAGE][INFO] - Glue: []

2021-10-21 14:18:49 - [MESSAGE][INFO] - Checking called Test Case

2021-10-21 14:18:49 - [MESSAGE][INFO] - Starting to call Test Case 'Test Cases/Sayfalar/Giris_Sayfasi/Login'

2021-10-21 14:18:49 - [TEST_CASE][PASSED] - Test Cases/Sayfalar/Giris_Sayfasi/Login: Test Cases/Sayfalar/Giris_Sayfasi/Login

2021-10-21 14:18:49 - [TEST_STEP][PASSED] - Sayfa_Basligi = getWindowTitle(): Current window's title is: 'LOGO e-Fatura'

2021-10-21 14:18:49 - [MESSAGE][INFO] - Getting current window's title

2021-10-21 14:18:49 - [MESSAGE][PASSED] - Current window's title is: 'LOGO e-Fatura'

2021-10-21 14:18:49 - [TEST_STEP][PASSED] - verifyMatch(Sayfa_Basligi, "LOGO e-Fatura", false): Actual text 'LOGO e-Fatura' and expected text 'LOGO e-Fatura' are matched 

2021-10-21 14:18:49 - [MESSAGE][INFO] - Matching actual text 'LOGO e-Fatura' with expected text 'LOGO e-Fatura'

2021-10-21 14:18:49 - [MESSAGE][PASSED] - Actual text 'LOGO e-Fatura' and expected text 'LOGO e-Fatura' are matched 

2021-10-21 14:18:49 - [TEST_STEP][PASSED] - sendKeys(findTestObject("Sayfalar/Giris_Sayfasi/Firma_Kodu"), KullaniciAdi): Keys 'EARSATIS' sent to object: 'Object Repository/Sayfalar/Giris_Sayfasi/Firma_Kodu'

2021-10-21 14:18:49 - [MESSAGE][INFO] - Finding Test Object 'Object Repository/Sayfalar/Giris_Sayfasi/Firma_Kodu'

2021-10-21 14:18:49 - [MESSAGE][INFO] - Sending keys 'EARSATIS' to object: 'Object Repository/Sayfalar/Giris_Sayfasi/Firma_Kodu'

2021-10-21 14:18:49 - [MESSAGE][INFO] - Finding web element from Test Object's properties

2021-10-21 14:18:49 - [MESSAGE][INFO] - Checking timeout

2021-10-21 14:18:49 - [MESSAGE][INFO] - Finding web element with id: 'Object Repository/Sayfalar/Giris_Sayfasi/Firma_Kodu' located by 'By.xpath: //*[@id = 'AccountName']' in '30' second(s)

2021-10-21 14:18:49 - [MESSAGE][INFO] - Smart Wait Function is triggered

2021-10-21 14:18:50 - [MESSAGE][INFO] - Found 1 web elements with id: 'Object Repository/Sayfalar/Giris_Sayfasi/Firma_Kodu' located by 'By.xpath: //*[@id = 'AccountName']' in '30' second(s)

2021-10-21 14:18:50 - [MESSAGE][PASSED] - Keys 'EARSATIS' sent to object: 'Object Repository/Sayfalar/Giris_Sayfasi/Firma_Kodu'

2021-10-21 14:18:50 - [TEST_STEP][PASSED] - sendKeys(findTestObject("Sayfalar/Giris_Sayfasi/Sifre"), Sifre): Keys 'test1234' sent to object: 'Object Repository/Sayfalar/Giris_Sayfasi/Sifre'

2021-10-21 14:18:50 - [MESSAGE][INFO] - Finding Test Object 'Object Repository/Sayfalar/Giris_Sayfasi/Sifre'

2021-10-21 14:18:50 - [MESSAGE][INFO] - Sending keys 'test1234' to object: 'Object Repository/Sayfalar/Giris_Sayfasi/Sifre'

2021-10-21 14:18:50 - [MESSAGE][INFO] - Finding web element from Test Object's properties

2021-10-21 14:18:50 - [MESSAGE][INFO] - Checking timeout

2021-10-21 14:18:50 - [MESSAGE][INFO] - Finding web element with id: 'Object Repository/Sayfalar/Giris_Sayfasi/Sifre' located by 'By.xpath: //*[@id = 'Password']' in '30' second(s)

2021-10-21 14:18:50 - [MESSAGE][INFO] - Smart Wait Function is triggered

2021-10-21 14:18:50 - [MESSAGE][INFO] - Found 1 web elements with id: 'Object Repository/Sayfalar/Giris_Sayfasi/Sifre' located by 'By.xpath: //*[@id = 'Password']' in '30' second(s)

2021-10-21 14:18:50 - [MESSAGE][PASSED] - Keys 'test1234' sent to object: 'Object Repository/Sayfalar/Giris_Sayfasi/Sifre'

2021-10-21 14:18:50 - [TEST_STEP][PASSED] - findWebElement(findTestObject("Sayfalar/Giris_Sayfasi/Giris_Butonu")).click(): Found 1 web elements with id: 'Object Repository/Sayfalar/Giris_Sayfasi/Giris_Butonu' located by 'By.cssSelector: #btnLogin' in '30' second(s)

2021-10-21 14:18:50 - [MESSAGE][INFO] - Finding Test Object 'Object Repository/Sayfalar/Giris_Sayfasi/Giris_Butonu'

2021-10-21 14:18:50 - [MESSAGE][INFO] - Finding web element from Test Object's properties

2021-10-21 14:18:50 - [MESSAGE][INFO] - Checking timeout

2021-10-21 14:18:50 - [MESSAGE][INFO] - Finding web element with id: 'Object Repository/Sayfalar/Giris_Sayfasi/Giris_Butonu' located by 'By.cssSelector: #btnLogin' in '30' second(s)

2021-10-21 14:18:50 - [MESSAGE][INFO] - Smart Wait Function is triggered

2021-10-21 14:18:51 - [MESSAGE][INFO] - Found 1 web elements with id: 'Object Repository/Sayfalar/Giris_Sayfasi/Giris_Butonu' located by 'By.cssSelector: #btnLogin' in '30' second(s)

2021-10-21 14:18:52 - [TEST_STEP][PASSED] - if (verifyElementPresent(findTestObject("Object Repository/Sayfalar/Giris_Sayfasi/RetveTamam_Butonu"), 5, OPTIONAL)): null

2021-10-21 14:18:52 - [MESSAGE][INFO] - Finding Test Object 'Object Repository/Sayfalar/Giris_Sayfasi/RetveTamam_Butonu'

2021-10-21 14:18:53 - [MESSAGE][INFO] - Checking object

2021-10-21 14:18:53 - [MESSAGE][INFO] - Finding web element from Test Object's properties

2021-10-21 14:18:53 - [MESSAGE][INFO] - Checking timeout

2021-10-21 14:18:53 - [MESSAGE][INFO] - Finding web element with id: 'Object Repository/Sayfalar/Giris_Sayfasi/RetveTamam_Butonu' located by 'By.xpath: //*[@class = 'btn btn-default']' in '5' second(s)

2021-10-21 14:18:53 - [MESSAGE][INFO] - Smart Wait Function is triggered

2021-10-21 14:18:53 - [MESSAGE][INFO] - Found 1 web elements with id: 'Object Repository/Sayfalar/Giris_Sayfasi/RetveTamam_Butonu' located by 'By.xpath: //*[@class = 'btn btn-default']' in '5' second(s)

2021-10-21 14:18:53 - [MESSAGE][PASSED] - Object 'Object Repository/Sayfalar/Giris_Sayfasi/RetveTamam_Butonu' is present

2021-10-21 14:18:53 - [TEST_STEP][PASSED] - click(findTestObject("Object Repository/Sayfalar/Giris_Sayfasi/RetveTamam_Butonu")): Object: 'Object Repository/Sayfalar/Giris_Sayfasi/RetveTamam_Butonu' is clicked on

2021-10-21 14:18:53 - [MESSAGE][INFO] - Finding Test Object 'Object Repository/Sayfalar/Giris_Sayfasi/RetveTamam_Butonu'

2021-10-21 14:18:53 - [MESSAGE][INFO] - Checking object

2021-10-21 14:18:53 - [MESSAGE][INFO] - Finding web element from Test Object's properties

2021-10-21 14:18:53 - [MESSAGE][INFO] - Checking timeout

2021-10-21 14:18:53 - [MESSAGE][INFO] - Finding web element with id: 'Object Repository/Sayfalar/Giris_Sayfasi/RetveTamam_Butonu' located by 'By.xpath: //*[@class = 'btn btn-default']' in '30' second(s)

2021-10-21 14:18:53 - [MESSAGE][INFO] - Smart Wait Function is triggered

2021-10-21 14:18:53 - [MESSAGE][INFO] - Found 1 web elements with id: 'Object Repository/Sayfalar/Giris_Sayfasi/RetveTamam_Butonu' located by 'By.xpath: //*[@class = 'btn btn-default']' in '30' second(s)

2021-10-21 14:18:53 - [MESSAGE][INFO] - Clicking on object: 'Object Repository/Sayfalar/Giris_Sayfasi/RetveTamam_Butonu'

2021-10-21 14:18:53 - [MESSAGE][PASSED] - Object: 'Object Repository/Sayfalar/Giris_Sayfasi/RetveTamam_Butonu' is clicked on

2021-10-21 14:18:53 - [TEST_STEP][PASSED] - click(findTestObject("Object Repository/Sayfalar/Giris_Sayfasi/RetveTamam_Butonu")): Object: 'Object Repository/Sayfalar/Giris_Sayfasi/RetveTamam_Butonu' is clicked on

2021-10-21 14:18:53 - [MESSAGE][INFO] - Finding Test Object 'Object Repository/Sayfalar/Giris_Sayfasi/RetveTamam_Butonu'

2021-10-21 14:18:53 - [MESSAGE][INFO] - Checking object

2021-10-21 14:18:53 - [MESSAGE][INFO] - Finding web element from Test Object's properties

2021-10-21 14:18:53 - [MESSAGE][INFO] - Checking timeout

2021-10-21 14:18:53 - [MESSAGE][INFO] - Finding web element with id: 'Object Repository/Sayfalar/Giris_Sayfasi/RetveTamam_Butonu' located by 'By.xpath: //*[@class = 'btn btn-default']' in '30' second(s)

2021-10-21 14:18:53 - [MESSAGE][INFO] - Smart Wait Function is triggered

2021-10-21 14:18:55 - [MESSAGE][INFO] - Found 1 web elements with id: 'Object Repository/Sayfalar/Giris_Sayfasi/RetveTamam_Butonu' located by 'By.xpath: //*[@class = 'btn btn-default']' in '30' second(s)

2021-10-21 14:18:55 - [MESSAGE][INFO] - Clicking on object: 'Object Repository/Sayfalar/Giris_Sayfasi/RetveTamam_Butonu'

2021-10-21 14:18:55 - [MESSAGE][PASSED] - Object: 'Object Repository/Sayfalar/Giris_Sayfasi/RetveTamam_Butonu' is clicked on

2021-10-21 14:18:55 - [TEST_STEP][PASSED] - if (verifyElementPresent(findTestObject("Sayfalar/Giris_Sayfasi/PopupOK"), 5, OPTIONAL)): com.kms.katalon.core.webui.exception.WebElementNotFoundException: Web element with id: 'Object Repository/Sayfalar/Giris_Sayfasi/PopupOK' located by '.btn.btn-success' not found (Root cause: com.kms.katalon.core.exception.StepFailedException: com.kms.katalon.core.webui.exception.WebElementNotFoundException: Web element with id: 'Object Repository/Sayfalar/Giris_Sayfasi/PopupOK' located by '.btn.btn-success' not found
	at com.kms.katalon.core.webui.keyword.internal.WebUIKeywordMain.stepFailed(WebUIKeywordMain.groovy:64)
	at com.kms.katalon.core.webui.keyword.builtin.VerifyElementPresentKeyword$_verifyElementPresent_closure1.doCall(VerifyElementPresentKeyword.groovy:85)
	at com.kms.katalon.core.webui.keyword.builtin.VerifyElementPresentKeyword$_verifyElementPresent_closure1.call(VerifyElementPresentKeyword.groovy)
	at com.kms.katalon.core.webui.keyword.internal.WebUIKeywordMain.runKeyword(WebUIKeywordMain.groovy:20)
	at com.kms.katalon.core.webui.keyword.builtin.VerifyElementPresentKeyword.verifyElementPresent(VerifyElementPresentKeyword.groovy:92)
	at com.kms.katalon.core.webui.keyword.builtin.VerifyElementPresentKeyword.execute(VerifyElementPresentKeyword.groovy:68)
	at com.kms.katalon.core.keyword.internal.KeywordExecutor.executeKeywordForPlatform(KeywordExecutor.groovy:73)
	at com.kms.katalon.core.webui.keyword.WebUiBuiltInKeywords.verifyElementPresent(WebUiBuiltInKeywords.groovy:1448)
	at com.kms.katalon.core.webui.keyword.WebUiBuiltInKeywords$verifyElementPresent$4.call(Unknown Source)
	at Login.run(Login:40)
	at com.kms.katalon.core.main.ScriptEngine.run(ScriptEngine.java:194)
	at com.kms.katalon.core.main.ScriptEngine.runScriptAsRawText(ScriptEngine.java:119)
	at com.kms.katalon.core.main.TestCaseExecutor.runScript(TestCaseExecutor.java:369)
	at com.kms.katalon.core.main.TestCaseExecutor.doExecute(TestCaseExecutor.java:360)
	at com.kms.katalon.core.main.TestCaseExecutor.processExecutionPhase(TestCaseExecutor.java:339)
	at com.kms.katalon.core.main.TestCaseExecutor.accessMainPhase(TestCaseExecutor.java:331)
	at com.kms.katalon.core.main.TestCaseExecutor.execute(TestCaseExecutor.java:248)
	at com.kms.katalon.core.main.TestCaseMain.runTestCase(TestCaseMain.java:138)
	at com.kms.katalon.core.keyword.builtin.CallTestCaseKeyword$_callTestCase_closure1.doCall(CallTestCaseKeyword.groovy:59)
	at com.kms.katalon.core.keyword.builtin.CallTestCaseKeyword$_callTestCase_closure1.call(CallTestCaseKeyword.groovy)
	at com.kms.katalon.core.keyword.internal.KeywordMain.runKeyword(KeywordMain.groovy:68)
	at com.kms.katalon.core.keyword.builtin.CallTestCaseKeyword.callTestCase(CallTestCaseKeyword.groovy:81)
	at com.kms.katalon.core.keyword.builtin.CallTestCaseKeyword.execute(CallTestCaseKeyword.groovy:44)
	at com.kms.katalon.core.keyword.internal.KeywordExecutor.executeKeywordForPlatform(KeywordExecutor.groovy:73)
	at com.kms.katalon.core.keyword.BuiltinKeywords.callTestCase(BuiltinKeywords.groovy:334)
	at sayfalar.girisSayfasi.login(girisSayfasi.groovy:50)
	at cucumber.runtime.Utils$1.call(Utils.java:26)
	at cucumber.runtime.Timeout.timeout(Timeout.java:16)
	at cucumber.runtime.Utils.invoke(Utils.java:20)
	at cucumber.runtime.java.JavaStepDefinition.execute(JavaStepDefinition.java:49)
	at cucumber.runner.PickleStepDefinitionMatch.runStep(PickleStepDefinitionMatch.java:50)
	at cucumber.runner.TestStep.executeStep(TestStep.java:63)
	at cucumber.runner.TestStep.run(TestStep.java:49)
	at cucumber.runner.PickleStepTestStep.run(PickleStepTestStep.java:43)
	at cucumber.runner.TestCase.run(TestCase.java:44)
	at cucumber.runner.Runner.runPickle(Runner.java:40)
	at cucumber.runtime.Runtime$1.run(Runtime.java:84)
	at cucumber.runtime.Runtime$SameThreadExecutorService.execute(Runtime.java:220)
	at cucumber.runtime.Runtime.run(Runtime.java:81)
	at cucumber.api.cli.Main.run(Main.java:26)
	at cucumber.api.cli.Main$run.call(Unknown Source)
	at com.kms.katalon.core.cucumber.keyword.CucumberBuiltinKeywords$_runFeatureFile_closure1.doCall(CucumberBuiltinKeywords.groovy:106)
	at com.kms.katalon.core.cucumber.keyword.CucumberBuiltinKeywords$_runFeatureFile_closure1.doCall(CucumberBuiltinKeywords.groovy)
	at com.kms.katalon.core.keyword.internal.KeywordMain.runKeyword(KeywordMain.groovy:68)
	at com.kms.katalon.core.keyword.internal.KeywordMain$runKeyword.call(Unknown Source)
	at com.kms.katalon.core.cucumber.keyword.CucumberBuiltinKeywords.runFeatureFile(CucumberBuiltinKeywords.groovy:73)
	at com.kms.katalon.core.cucumber.keyword.CucumberBuiltinKeywords$runFeatureFile$0.callStatic(Unknown Source)
	at com.kms.katalon.core.cucumber.keyword.CucumberBuiltinKeywords.runFeatureFile(CucumberBuiltinKeywords.groovy:246)
	at com.kms.katalon.core.cucumber.keyword.CucumberBuiltinKeywords$runFeatureFile.call(Unknown Source)
	at VKN-Elektronik-Satis.run(VKN-Elektronik-Satis:19)
	at com.kms.katalon.core.main.ScriptEngine.run(ScriptEngine.java:194)
	at com.kms.katalon.core.main.ScriptEngine.runScriptAsRawText(ScriptEngine.java:119)
	at com.kms.katalon.core.main.TestCaseExecutor.runScript(TestCaseExecutor.java:369)
	at com.kms.katalon.core.main.TestCaseExecutor.doExecute(TestCaseExecutor.java:360)
	at com.kms.katalon.core.main.TestCaseExecutor.processExecutionPhase(TestCaseExecutor.java:339)
	at com.kms.katalon.core.main.TestCaseExecutor.accessMainPhase(TestCaseExecutor.java:331)
	at com.kms.katalon.core.main.TestCaseExecutor.execute(TestCaseExecutor.java:248)
	at com.kms.katalon.core.main.TestSuiteExecutor.accessTestCaseMainPhase(TestSuiteExecutor.java:191)
	at com.kms.katalon.core.main.TestSuiteExecutor.accessTestSuiteMainPhase(TestSuiteExecutor.java:140)
	at com.kms.katalon.core.main.TestSuiteExecutor.execute(TestSuiteExecutor.java:89)
	at com.kms.katalon.core.main.TestCaseMain.startTestSuite(TestCaseMain.java:181)
	at com.kms.katalon.core.main.TestCaseMain$startTestSuite$0.call(Unknown Source)
	at TempTestSuite1634814289741.run(TempTestSuite1634814289741.groovy:39)
)

2021-10-21 14:18:55 - [MESSAGE][INFO] - Finding Test Object 'Object Repository/Sayfalar/Giris_Sayfasi/PopupOK'

2021-10-21 14:18:56 - [MESSAGE][INFO] - Checking object

2021-10-21 14:18:56 - [MESSAGE][INFO] - Finding web element from Test Object's properties

2021-10-21 14:18:56 - [MESSAGE][INFO] - Checking timeout

2021-10-21 14:18:56 - [MESSAGE][INFO] - Finding web element with id: 'Object Repository/Sayfalar/Giris_Sayfasi/PopupOK' located by 'By.cssSelector: .btn.btn-success' in '5' second(s)

2021-10-21 14:18:56 - [MESSAGE][INFO] - Smart Wait Function is triggered

2021-10-21 14:18:56 - [MESSAGE][INFO] - Smart Wait Function is triggered

2021-10-21 14:18:56 - [MESSAGE][INFO] - Smart Wait Function is triggered

2021-10-21 14:18:57 - [MESSAGE][INFO] - Smart Wait Function is triggered

2021-10-21 14:18:57 - [MESSAGE][INFO] - Smart Wait Function is triggered

2021-10-21 14:18:57 - [MESSAGE][INFO] - Smart Wait Function is triggered

2021-10-21 14:18:57 - [MESSAGE][INFO] - Smart Wait Function is triggered

2021-10-21 14:18:58 - [MESSAGE][INFO] - Smart Wait Function is triggered

2021-10-21 14:18:58 - [MESSAGE][INFO] - Smart Wait Function is triggered

2021-10-21 14:18:58 - [MESSAGE][INFO] - Smart Wait Function is triggered

2021-10-21 14:18:59 - [MESSAGE][INFO] - Smart Wait Function is triggered

2021-10-21 14:18:59 - [MESSAGE][INFO] - Smart Wait Function is triggered

2021-10-21 14:18:59 - [MESSAGE][INFO] - Smart Wait Function is triggered

2021-10-21 14:18:59 - [MESSAGE][INFO] - Smart Wait Function is triggered

2021-10-21 14:19:00 - [MESSAGE][INFO] - Smart Wait Function is triggered

2021-10-21 14:19:00 - [MESSAGE][INFO] - Smart Wait Function is triggered

2021-10-21 14:19:00 - [MESSAGE][INFO] - Smart Wait Function is triggered

2021-10-21 14:19:01 - [MESSAGE][INFO] - Smart Wait Function is triggered

2021-10-21 14:19:01 - [MESSAGE][INFO] - Smart Wait Function is triggered

2021-10-21 14:19:01 - [MESSAGE][INFO] - Smart Wait Function is triggered

2021-10-21 14:19:01 - [MESSAGE][INFO] - Smart Wait Function is triggered

2021-10-21 14:19:02 - [MESSAGE][INFO] - Unable to find the element located by 'By.cssSelector: .btn.btn-success'. Please recheck the objects properties to make sure the desired element is located. 

2021-10-21 14:19:02 - [MESSAGE][WARNING] - com.kms.katalon.core.webui.exception.WebElementNotFoundException: Web element with id: 'Object Repository/Sayfalar/Giris_Sayfasi/PopupOK' located by '.btn.btn-success' not found (Root cause: com.kms.katalon.core.exception.StepFailedException: com.kms.katalon.core.webui.exception.WebElementNotFoundException: Web element with id: 'Object Repository/Sayfalar/Giris_Sayfasi/PopupOK' located by '.btn.btn-success' not found
	at com.kms.katalon.core.webui.keyword.internal.WebUIKeywordMain.stepFailed(WebUIKeywordMain.groovy:64)
	at com.kms.katalon.core.webui.keyword.builtin.VerifyElementPresentKeyword$_verifyElementPresent_closure1.doCall(VerifyElementPresentKeyword.groovy:85)
	at com.kms.katalon.core.webui.keyword.builtin.VerifyElementPresentKeyword$_verifyElementPresent_closure1.call(VerifyElementPresentKeyword.groovy)
	at com.kms.katalon.core.webui.keyword.internal.WebUIKeywordMain.runKeyword(WebUIKeywordMain.groovy:20)
	at com.kms.katalon.core.webui.keyword.builtin.VerifyElementPresentKeyword.verifyElementPresent(VerifyElementPresentKeyword.groovy:92)
	at com.kms.katalon.core.webui.keyword.builtin.VerifyElementPresentKeyword.execute(VerifyElementPresentKeyword.groovy:68)
	at com.kms.katalon.core.keyword.internal.KeywordExecutor.executeKeywordForPlatform(KeywordExecutor.groovy:73)
	at com.kms.katalon.core.webui.keyword.WebUiBuiltInKeywords.verifyElementPresent(WebUiBuiltInKeywords.groovy:1448)
	at com.kms.katalon.core.webui.keyword.WebUiBuiltInKeywords$verifyElementPresent$4.call(Unknown Source)
	at Login.run(Login:40)
	at com.kms.katalon.core.main.ScriptEngine.run(ScriptEngine.java:194)
	at com.kms.katalon.core.main.ScriptEngine.runScriptAsRawText(ScriptEngine.java:119)
	at com.kms.katalon.core.main.TestCaseExecutor.runScript(TestCaseExecutor.java:369)
	at com.kms.katalon.core.main.TestCaseExecutor.doExecute(TestCaseExecutor.java:360)
	at com.kms.katalon.core.main.TestCaseExecutor.processExecutionPhase(TestCaseExecutor.java:339)
	at com.kms.katalon.core.main.TestCaseExecutor.accessMainPhase(TestCaseExecutor.java:331)
	at com.kms.katalon.core.main.TestCaseExecutor.execute(TestCaseExecutor.java:248)
	at com.kms.katalon.core.main.TestCaseMain.runTestCase(TestCaseMain.java:138)
	at com.kms.katalon.core.keyword.builtin.CallTestCaseKeyword$_callTestCase_closure1.doCall(CallTestCaseKeyword.groovy:59)
	at com.kms.katalon.core.keyword.builtin.CallTestCaseKeyword$_callTestCase_closure1.call(CallTestCaseKeyword.groovy)
	at com.kms.katalon.core.keyword.internal.KeywordMain.runKeyword(KeywordMain.groovy:68)
	at com.kms.katalon.core.keyword.builtin.CallTestCaseKeyword.callTestCase(CallTestCaseKeyword.groovy:81)
	at com.kms.katalon.core.keyword.builtin.CallTestCaseKeyword.execute(CallTestCaseKeyword.groovy:44)
	at com.kms.katalon.core.keyword.internal.KeywordExecutor.executeKeywordForPlatform(KeywordExecutor.groovy:73)
	at com.kms.katalon.core.keyword.BuiltinKeywords.callTestCase(BuiltinKeywords.groovy:334)
	at sayfalar.girisSayfasi.login(girisSayfasi.groovy:50)
	at cucumber.runtime.Utils$1.call(Utils.java:26)
	at cucumber.runtime.Timeout.timeout(Timeout.java:16)
	at cucumber.runtime.Utils.invoke(Utils.java:20)
	at cucumber.runtime.java.JavaStepDefinition.execute(JavaStepDefinition.java:49)
	at cucumber.runner.PickleStepDefinitionMatch.runStep(PickleStepDefinitionMatch.java:50)
	at cucumber.runner.TestStep.executeStep(TestStep.java:63)
	at cucumber.runner.TestStep.run(TestStep.java:49)
	at cucumber.runner.PickleStepTestStep.run(PickleStepTestStep.java:43)
	at cucumber.runner.TestCase.run(TestCase.java:44)
	at cucumber.runner.Runner.runPickle(Runner.java:40)
	at cucumber.runtime.Runtime$1.run(Runtime.java:84)
	at cucumber.runtime.Runtime$SameThreadExecutorService.execute(Runtime.java:220)
	at cucumber.runtime.Runtime.run(Runtime.java:81)
	at cucumber.api.cli.Main.run(Main.java:26)
	at cucumber.api.cli.Main$run.call(Unknown Source)
	at com.kms.katalon.core.cucumber.keyword.CucumberBuiltinKeywords$_runFeatureFile_closure1.doCall(CucumberBuiltinKeywords.groovy:106)
	at com.kms.katalon.core.cucumber.keyword.CucumberBuiltinKeywords$_runFeatureFile_closure1.doCall(CucumberBuiltinKeywords.groovy)
	at com.kms.katalon.core.keyword.internal.KeywordMain.runKeyword(KeywordMain.groovy:68)
	at com.kms.katalon.core.keyword.internal.KeywordMain$runKeyword.call(Unknown Source)
	at com.kms.katalon.core.cucumber.keyword.CucumberBuiltinKeywords.runFeatureFile(CucumberBuiltinKeywords.groovy:73)
	at com.kms.katalon.core.cucumber.keyword.CucumberBuiltinKeywords$runFeatureFile$0.callStatic(Unknown Source)
	at com.kms.katalon.core.cucumber.keyword.CucumberBuiltinKeywords.runFeatureFile(CucumberBuiltinKeywords.groovy:246)
	at com.kms.katalon.core.cucumber.keyword.CucumberBuiltinKeywords$runFeatureFile.call(Unknown Source)
	at VKN-Elektronik-Satis.run(VKN-Elektronik-Satis:19)
	at com.kms.katalon.core.main.ScriptEngine.run(ScriptEngine.java:194)
	at com.kms.katalon.core.main.ScriptEngine.runScriptAsRawText(ScriptEngine.java:119)
	at com.kms.katalon.core.main.TestCaseExecutor.runScript(TestCaseExecutor.java:369)
	at com.kms.katalon.core.main.TestCaseExecutor.doExecute(TestCaseExecutor.java:360)
	at com.kms.katalon.core.main.TestCaseExecutor.processExecutionPhase(TestCaseExecutor.java:339)
	at com.kms.katalon.core.main.TestCaseExecutor.accessMainPhase(TestCaseExecutor.java:331)
	at com.kms.katalon.core.main.TestCaseExecutor.execute(TestCaseExecutor.java:248)
	at com.kms.katalon.core.main.TestSuiteExecutor.accessTestCaseMainPhase(TestSuiteExecutor.java:191)
	at com.kms.katalon.core.main.TestSuiteExecutor.accessTestSuiteMainPhase(TestSuiteExecutor.java:140)
	at com.kms.katalon.core.main.TestSuiteExecutor.execute(TestSuiteExecutor.java:89)
	at com.kms.katalon.core.main.TestCaseMain.startTestSuite(TestCaseMain.java:181)
	at com.kms.katalon.core.main.TestCaseMain$startTestSuite$0.call(Unknown Source)
	at TempTestSuite1634814289741.run(TempTestSuite1634814289741.groovy:39)
)

2021-10-21 14:19:02 - [TEST_STEP][PASSED] - verifyElementVisible(findTestObject("Object Repository/Kullanici_Islemleri/KullaniciIslemleri")): Object 'Object Repository/Kullanici_Islemleri/KullaniciIslemleri' is visible

2021-10-21 14:19:02 - [MESSAGE][INFO] - Finding Test Object 'Object Repository/Kullanici_Islemleri/KullaniciIslemleri'

2021-10-21 14:19:02 - [MESSAGE][INFO] - Checking object

2021-10-21 14:19:02 - [MESSAGE][INFO] - Finding web element from Test Object's properties

2021-10-21 14:19:02 - [MESSAGE][INFO] - Checking timeout

2021-10-21 14:19:02 - [MESSAGE][INFO] - Finding web element with id: 'Object Repository/Kullanici_Islemleri/KullaniciIslemleri' located by 'By.cssSelector: .dropdown>a>img' in '30' second(s)

2021-10-21 14:19:02 - [MESSAGE][INFO] - Smart Wait Function is triggered

2021-10-21 14:19:02 - [MESSAGE][INFO] - Found 1 web elements with id: 'Object Repository/Kullanici_Islemleri/KullaniciIslemleri' located by 'By.cssSelector: .dropdown>a>img' in '30' second(s)

2021-10-21 14:19:02 - [MESSAGE][PASSED] - Object 'Object Repository/Kullanici_Islemleri/KullaniciIslemleri' is visible

2021-10-21 14:19:02 - [MESSAGE][PASSED] - Call Test Case 'Test Cases/Sayfalar/Giris_Sayfasi/Login' successfully

2021-10-21 14:19:02 - [MESSAGE][INFO] - Checking called Test Case

2021-10-21 14:19:02 - [MESSAGE][INFO] - Starting to call Test Case 'Test Cases/Menu/AnaMenuSecimi'

2021-10-21 14:19:02 - [TEST_CASE][PASSED] - Test Cases/Menu/AnaMenuSecimi: Test Cases/Menu/AnaMenuSecimi

2021-10-21 14:19:02 - [TEST_STEP][PASSED] - Method.TextDegerineEsitElementeTikla(findTestObject("Menu/Ana_Menu"), Ana_Menu): Method.TextDegerineEsitElementeTikla is PASSED

2021-10-21 14:19:02 - [MESSAGE][INFO] - Finding Test Object 'Object Repository/Menu/Ana_Menu'

2021-10-21 14:19:03 - [MESSAGE][INFO] - Checking timeout

2021-10-21 14:19:03 - [MESSAGE][INFO] - Finding web element with id: 'Object Repository/Menu/Ana_Menu' located by 'By.xpath: //*[@class = 'dropdown-toggle']' in '10' second(s)

2021-10-21 14:19:03 - [MESSAGE][INFO] - Smart Wait Function is triggered

2021-10-21 14:19:03 - [MESSAGE][INFO] - Found 13 web elements with id: 'Object Repository/Menu/Ana_Menu' located by 'By.xpath: //*[@class = 'dropdown-toggle']' in '10' second(s)

2021-10-21 14:19:03 - [MESSAGE][PASSED] - Method.TextDegerineEsitElementeTikla is PASSED

2021-10-21 14:19:03 - [MESSAGE][PASSED] - Call Test Case 'Test Cases/Menu/AnaMenuSecimi' successfully

2021-10-21 14:19:03 - [MESSAGE][INFO] - Checking called Test Case

2021-10-21 14:19:03 - [MESSAGE][INFO] - Starting to call Test Case 'Test Cases/Menu/BasligaGoreAltMenuSecimi'

2021-10-21 14:19:03 - [TEST_CASE][PASSED] - Test Cases/Menu/BasligaGoreAltMenuSecimi: Test Cases/Menu/BasligaGoreAltMenuSecimi

2021-10-21 14:19:03 - [TEST_STEP][PASSED] - Method.TextDegerineEsitElementinAltindakiTextDegerineEsitOlanaTikla(findTestObject("Menu/Menu_Basligi"), findTestObject("Menu/Basliga_Gore_Alt_Menu"), Baslik, Alt_Menu): Method.TextDegerineEsitElementinAltindakiTextDegerineEsitOlanaTikla is PASSED

2021-10-21 14:19:03 - [MESSAGE][INFO] - Finding Test Object 'Object Repository/Menu/Menu_Basligi'

2021-10-21 14:19:03 - [MESSAGE][INFO] - Finding Test Object 'Object Repository/Menu/Basliga_Gore_Alt_Menu'

2021-10-21 14:19:03 - [MESSAGE][INFO] - Checking timeout

2021-10-21 14:19:03 - [MESSAGE][INFO] - Finding web element with id: 'Object Repository/Menu/Menu_Basligi' located by 'By.xpath: //li[@class='dropdown dropdown-large open']//li[@class='dropdown-header']' in '10' second(s)

2021-10-21 14:19:03 - [MESSAGE][INFO] - Smart Wait Function is triggered

2021-10-21 14:19:04 - [MESSAGE][INFO] - Found 2 web elements with id: 'Object Repository/Menu/Menu_Basligi' located by 'By.xpath: //li[@class='dropdown dropdown-large open']//li[@class='dropdown-header']' in '10' second(s)

2021-10-21 14:19:04 - [MESSAGE][INFO] - Smart Wait Function is triggered

2021-10-21 14:19:07 - [MESSAGE][PASSED] - Method.TextDegerineEsitElementinAltindakiTextDegerineEsitOlanaTikla is PASSED

2021-10-21 14:19:07 - [MESSAGE][PASSED] - Call Test Case 'Test Cases/Menu/BasligaGoreAltMenuSecimi' successfully

2021-10-21 14:19:07 - [MESSAGE][INFO] - Checking called Test Case

2021-10-21 14:19:07 - [MESSAGE][INFO] - Starting to call Test Case 'Test Cases/Tablo/Olusturma Tarihi'

2021-10-21 14:19:07 - [TEST_CASE][PASSED] - Test Cases/Tablo/Olusturma Tarihi: Test Cases/Tablo/Olusturma Tarihi

2021-10-21 14:19:07 - [TEST_STEP][PASSED] - if (verifyTextNotPresent("Görüntülenecek veri yok", true, OPTIONAL)): null

2021-10-21 14:19:07 - [MESSAGE][INFO] - Checking text present  using regular expression

2021-10-21 14:19:07 - [MESSAGE][INFO] - Smart Wait Function is triggered

2021-10-21 14:19:08 - [MESSAGE][INFO] - Finding text 'Görüntülenecek veri yok' on page  using regular expression

2021-10-21 14:19:08 - [MESSAGE][PASSED] - Text 'Görüntülenecek veri yok' is not present on page using regular expression

2021-10-21 14:19:08 - [TEST_STEP][PASSED] - click(findTestObject("Temizle/Olusturma_Tarihi_CheckBox")): Object: 'Object Repository/Temizle/Olusturma_Tarihi_CheckBox' is clicked on

2021-10-21 14:19:08 - [MESSAGE][INFO] - Finding Test Object 'Object Repository/Temizle/Olusturma_Tarihi_CheckBox'

2021-10-21 14:19:08 - [MESSAGE][INFO] - Checking object

2021-10-21 14:19:08 - [MESSAGE][INFO] - Finding web element from Test Object's properties

2021-10-21 14:19:08 - [MESSAGE][INFO] - Checking timeout

2021-10-21 14:19:08 - [MESSAGE][INFO] - Finding web element with id: 'Object Repository/Temizle/Olusturma_Tarihi_CheckBox' located by 'By.xpath: //*[@title = 'Bu sayfadaki tüm satırları Seç']' in '30' second(s)

2021-10-21 14:19:08 - [MESSAGE][INFO] - Smart Wait Function is triggered

2021-10-21 14:19:08 - [MESSAGE][INFO] - Found 1 web elements with id: 'Object Repository/Temizle/Olusturma_Tarihi_CheckBox' located by 'By.xpath: //*[@title = 'Bu sayfadaki tüm satırları Seç']' in '30' second(s)

2021-10-21 14:19:08 - [MESSAGE][INFO] - Clicking on object: 'Object Repository/Temizle/Olusturma_Tarihi_CheckBox'

2021-10-21 14:19:08 - [MESSAGE][PASSED] - Object: 'Object Repository/Temizle/Olusturma_Tarihi_CheckBox' is clicked on

2021-10-21 14:19:08 - [TEST_STEP][PASSED] - Method.TextDegerineEsitElementeTiklaEquals(findTestObject("Butonlar/Butonlar"), "Sil"): Method.TextDegerineEsitElementeTiklaEquals is PASSED

2021-10-21 14:19:08 - [MESSAGE][INFO] - Finding Test Object 'Object Repository/Butonlar/Butonlar'

2021-10-21 14:19:08 - [MESSAGE][INFO] - Checking timeout

2021-10-21 14:19:08 - [MESSAGE][INFO] - Finding web element with id: 'Object Repository/Butonlar/Butonlar' located by 'By.cssSelector: .panel.panel-default.text-center.footerPanel .btn,.btn.btn-primary.btnControls' in '10' second(s)

2021-10-21 14:19:08 - [MESSAGE][INFO] - Smart Wait Function is triggered

2021-10-21 14:19:09 - [MESSAGE][INFO] - Found 10 web elements with id: 'Object Repository/Butonlar/Butonlar' located by 'By.cssSelector: .panel.panel-default.text-center.footerPanel .btn,.btn.btn-primary.btnControls' in '10' second(s)

2021-10-21 14:19:09 - [MESSAGE][PASSED] - Method.TextDegerineEsitElementeTiklaEquals is PASSED

2021-10-21 14:19:09 - [TEST_STEP][PASSED] - Method.TextDegerineEsitElementeTikla(findTestObject("Popup/Popup_Butons"), "Evet"): Method.TextDegerineEsitElementeTikla is PASSED

2021-10-21 14:19:09 - [MESSAGE][INFO] - Finding Test Object 'Object Repository/Popup/Popup_Butons'

2021-10-21 14:19:09 - [MESSAGE][INFO] - Checking timeout

2021-10-21 14:19:09 - [MESSAGE][INFO] - Finding web element with id: 'Object Repository/Popup/Popup_Butons' located by 'By.cssSelector: .modal-footer>button' in '10' second(s)

2021-10-21 14:19:09 - [MESSAGE][INFO] - Smart Wait Function is triggered

2021-10-21 14:19:10 - [MESSAGE][INFO] - Found 2 web elements with id: 'Object Repository/Popup/Popup_Butons' located by 'By.cssSelector: .modal-footer>button' in '10' second(s)

2021-10-21 14:19:10 - [MESSAGE][PASSED] - Method.TextDegerineEsitElementeTikla is PASSED

2021-10-21 14:19:10 - [TEST_STEP][PASSED] - Method.TextDegerineEsitElementeTikla(findTestObject("Popup/Popup_Butons"), "Tamam"): Method.TextDegerineEsitElementeTikla is PASSED

2021-10-21 14:19:10 - [MESSAGE][INFO] - Finding Test Object 'Object Repository/Popup/Popup_Butons'

2021-10-21 14:19:10 - [MESSAGE][INFO] - Checking timeout

2021-10-21 14:19:10 - [MESSAGE][INFO] - Finding web element with id: 'Object Repository/Popup/Popup_Butons' located by 'By.cssSelector: .modal-footer>button' in '10' second(s)

2021-10-21 14:19:10 - [MESSAGE][INFO] - Smart Wait Function is triggered

2021-10-21 14:19:11 - [MESSAGE][INFO] - Found 1 web elements with id: 'Object Repository/Popup/Popup_Butons' located by 'By.cssSelector: .modal-footer>button' in '10' second(s)

2021-10-21 14:19:11 - [MESSAGE][PASSED] - Method.TextDegerineEsitElementeTikla is PASSED

2021-10-21 14:19:11 - [MESSAGE][PASSED] - Call Test Case 'Test Cases/Tablo/Olusturma Tarihi' successfully

2021-10-21 14:19:11 - [MESSAGE][INFO] - Checking called Test Case

2021-10-21 14:19:11 - [MESSAGE][INFO] - Starting to call Test Case 'Test Cases/Butonlar/ButonaTikla'

2021-10-21 14:19:11 - [TEST_CASE][PASSED] - Test Cases/Butonlar/ButonaTikla: Test Cases/Butonlar/ButonaTikla

2021-10-21 14:19:11 - [TEST_STEP][PASSED] - Method.TextDegerineEsitElementeTiklaEquals(findTestObject("Butonlar/Butonlar"), Buton_Adi): Method.TextDegerineEsitElementeTiklaEquals is PASSED

2021-10-21 14:19:11 - [MESSAGE][INFO] - Finding Test Object 'Object Repository/Butonlar/Butonlar'

2021-10-21 14:19:11 - [MESSAGE][INFO] - Checking timeout

2021-10-21 14:19:11 - [MESSAGE][INFO] - Finding web element with id: 'Object Repository/Butonlar/Butonlar' located by 'By.cssSelector: .panel.panel-default.text-center.footerPanel .btn,.btn.btn-primary.btnControls' in '10' second(s)

2021-10-21 14:19:11 - [MESSAGE][INFO] - Smart Wait Function is triggered

2021-10-21 14:19:12 - [MESSAGE][INFO] - Found 10 web elements with id: 'Object Repository/Butonlar/Butonlar' located by 'By.cssSelector: .panel.panel-default.text-center.footerPanel .btn,.btn.btn-primary.btnControls' in '10' second(s)

2021-10-21 14:19:12 - [MESSAGE][PASSED] - Method.TextDegerineEsitElementeTiklaEquals is PASSED

2021-10-21 14:19:12 - [MESSAGE][PASSED] - Call Test Case 'Test Cases/Butonlar/ButonaTikla' successfully

2021-10-21 14:19:12 - [MESSAGE][INFO] - Checking called Test Case

2021-10-21 14:19:12 - [MESSAGE][INFO] - Starting to call Test Case 'Test Cases/Olusturma/Genel/GorselTasarimSayfasıBasligiIceriyorMu'

2021-10-21 14:19:12 - [TEST_CASE][PASSED] - Test Cases/Olusturma/Genel/GorselTasarimSayfasıBasligiIceriyorMu: Test Cases/Olusturma/Genel/GorselTasarimSayfasıBasligiIceriyorMu

2021-10-21 14:19:12 - [TEST_STEP][PASSED] - verifyElementText(findTestObject("Object Repository/Olusturma/Genel/GorselTasarimBaslik"), Baslik): Actual text and expected text of test object 'Object Repository/Olusturma/Genel/GorselTasarimBaslik' are matched.

2021-10-21 14:19:12 - [MESSAGE][INFO] - Finding Test Object 'Object Repository/Olusturma/Genel/GorselTasarimBaslik'

2021-10-21 14:19:12 - [MESSAGE][INFO] - Checking object

2021-10-21 14:19:12 - [MESSAGE][INFO] - Finding web element from Test Object's properties

2021-10-21 14:19:12 - [MESSAGE][INFO] - Checking timeout

2021-10-21 14:19:12 - [MESSAGE][INFO] - Finding web element with id: 'Object Repository/Olusturma/Genel/GorselTasarimBaslik' located by 'By.cssSelector: #flAlici_0>div>span' in '30' second(s)

2021-10-21 14:19:12 - [MESSAGE][INFO] - Smart Wait Function is triggered

2021-10-21 14:19:19 - [MESSAGE][INFO] - Found 1 web elements with id: 'Object Repository/Olusturma/Genel/GorselTasarimBaslik' located by 'By.cssSelector: #flAlici_0>div>span' in '30' second(s)

2021-10-21 14:19:19 - [MESSAGE][PASSED] - Actual text and expected text of test object 'Object Repository/Olusturma/Genel/GorselTasarimBaslik' are matched.

2021-10-21 14:19:19 - [MESSAGE][PASSED] - Call Test Case 'Test Cases/Olusturma/Genel/GorselTasarimSayfasıBasligiIceriyorMu' successfully

2021-10-21 14:19:19 - [MESSAGE][INFO] - Checking called Test Case

2021-10-21 14:19:19 - [MESSAGE][INFO] - Starting to call Test Case 'Test Cases/Olusturma/Genel/AliciSecilir'

2021-10-21 14:19:19 - [TEST_CASE][PASSED] - Test Cases/Olusturma/Genel/AliciSecilir: Test Cases/Olusturma/Genel/AliciSecilir

2021-10-21 14:19:19 - [TEST_STEP][PASSED] - click(findTestObject("Olusturma/Genel/AliciBilgisi/Alici_Ara")): Object: 'Object Repository/Olusturma/Genel/AliciBilgisi/Alici_Ara' is clicked on

2021-10-21 14:19:19 - [MESSAGE][INFO] - Finding Test Object 'Object Repository/Olusturma/Genel/AliciBilgisi/Alici_Ara'

2021-10-21 14:19:19 - [MESSAGE][INFO] - Checking object

2021-10-21 14:19:19 - [MESSAGE][INFO] - Finding web element from Test Object's properties

2021-10-21 14:19:19 - [MESSAGE][INFO] - Checking timeout

2021-10-21 14:19:19 - [MESSAGE][INFO] - Finding web element with id: 'Object Repository/Olusturma/Genel/AliciBilgisi/Alici_Ara' located by 'By.xpath: //td[@id='txtCustomerText_B-1']' in '30' second(s)

2021-10-21 14:19:19 - [MESSAGE][INFO] - Smart Wait Function is triggered

2021-10-21 14:19:19 - [MESSAGE][INFO] - Found 1 web elements with id: 'Object Repository/Olusturma/Genel/AliciBilgisi/Alici_Ara' located by 'By.xpath: //td[@id='txtCustomerText_B-1']' in '30' second(s)

2021-10-21 14:19:19 - [MESSAGE][INFO] - Clicking on object: 'Object Repository/Olusturma/Genel/AliciBilgisi/Alici_Ara'

2021-10-21 14:19:19 - [MESSAGE][PASSED] - Object: 'Object Repository/Olusturma/Genel/AliciBilgisi/Alici_Ara' is clicked on

2021-10-21 14:19:19 - [TEST_STEP][PASSED] - click(findTestObject("Olusturma/Genel/AliciBilgisi/Alici_Bilgisi")): Object: 'Object Repository/Olusturma/Genel/AliciBilgisi/Alici_Bilgisi' is clicked on

2021-10-21 14:19:19 - [MESSAGE][INFO] - Finding Test Object 'Object Repository/Olusturma/Genel/AliciBilgisi/Alici_Bilgisi'

2021-10-21 14:19:19 - [MESSAGE][INFO] - Checking object

2021-10-21 14:19:19 - [MESSAGE][INFO] - Finding web element from Test Object's properties

2021-10-21 14:19:19 - [MESSAGE][INFO] - Checking timeout

2021-10-21 14:19:19 - [MESSAGE][INFO] - Finding web element with id: 'Object Repository/Olusturma/Genel/AliciBilgisi/Alici_Bilgisi' located by 'By.xpath: //iframe[@id='customerselectiframe']' in '30' second(s)

2021-10-21 14:19:19 - [MESSAGE][INFO] - Smart Wait Function is triggered

2021-10-21 14:19:20 - [MESSAGE][INFO] - Found 1 web elements with id: 'Object Repository/Olusturma/Genel/AliciBilgisi/Alici_Bilgisi' located by 'By.xpath: //iframe[@id='customerselectiframe']' in '30' second(s)

2021-10-21 14:19:20 - [MESSAGE][INFO] - Clicking on object: 'Object Repository/Olusturma/Genel/AliciBilgisi/Alici_Bilgisi'

2021-10-21 14:19:20 - [MESSAGE][PASSED] - Object: 'Object Repository/Olusturma/Genel/AliciBilgisi/Alici_Bilgisi' is clicked on

2021-10-21 14:19:20 - [TEST_STEP][PASSED] - setText(findTestObject("Olusturma/Genel/AliciBilgisi/Alici_Gir"), Alici_Adi): Switching to default content

2021-10-21 14:19:20 - [MESSAGE][INFO] - Finding Test Object 'Object Repository/Olusturma/Genel/AliciBilgisi/Alici_Gir'

2021-10-21 14:19:20 - [MESSAGE][INFO] - Finding Test Object 'Object Repository/Olusturma/Genel/AliciBilgisi/Alici_Bilgisi'

2021-10-21 14:19:20 - [MESSAGE][INFO] - Checking object

2021-10-21 14:19:20 - [MESSAGE][INFO] - Checking text

2021-10-21 14:19:20 - [MESSAGE][INFO] - Object: 'Object Repository/Olusturma/Genel/AliciBilgisi/Alici_Gir' has parent object(s)

2021-10-21 14:19:20 - [MESSAGE][INFO] - Switching to iframe: 'Object Repository/Olusturma/Genel/AliciBilgisi/Alici_Bilgisi'

2021-10-21 14:19:20 - [MESSAGE][INFO] - Finding web element from Test Object's properties

2021-10-21 14:19:20 - [MESSAGE][INFO] - Checking timeout

2021-10-21 14:19:20 - [MESSAGE][INFO] - Finding web element with id: 'Object Repository/Olusturma/Genel/AliciBilgisi/Alici_Bilgisi' located by 'By.xpath: //iframe[@id='customerselectiframe']' in '30' second(s)

2021-10-21 14:19:20 - [MESSAGE][INFO] - Smart Wait Function is triggered

2021-10-21 14:19:20 - [MESSAGE][INFO] - Found 1 web elements with id: 'Object Repository/Olusturma/Genel/AliciBilgisi/Alici_Bilgisi' located by 'By.xpath: //iframe[@id='customerselectiframe']' in '30' second(s)

2021-10-21 14:19:20 - [MESSAGE][INFO] - Switched to iframe: 'Object Repository/Olusturma/Genel/AliciBilgisi/Alici_Bilgisi'

2021-10-21 14:19:20 - [MESSAGE][INFO] - Finding web element from Test Object's properties

2021-10-21 14:19:20 - [MESSAGE][INFO] - Checking timeout

2021-10-21 14:19:20 - [MESSAGE][INFO] - Finding web element with id: 'Object Repository/Olusturma/Genel/AliciBilgisi/Alici_Gir' located by 'By.xpath: //input[@id='GridViewCustomer_DXFREditorcol1_I']' in '30' second(s)

2021-10-21 14:19:20 - [MESSAGE][INFO] - Smart Wait Function is triggered

2021-10-21 14:19:20 - [MESSAGE][INFO] - Found 1 web elements with id: 'Object Repository/Olusturma/Genel/AliciBilgisi/Alici_Gir' located by 'By.xpath: //input[@id='GridViewCustomer_DXFREditorcol1_I']' in '30' second(s)

2021-10-21 14:19:20 - [MESSAGE][INFO] - Clearing text of object 'Object Repository/Olusturma/Genel/AliciBilgisi/Alici_Gir'

2021-10-21 14:19:20 - [MESSAGE][INFO] - Finding web element from Test Object's properties

2021-10-21 14:19:20 - [MESSAGE][INFO] - Checking timeout

2021-10-21 14:19:20 - [MESSAGE][INFO] - Finding web element with id: 'Object Repository/Olusturma/Genel/AliciBilgisi/Alici_Gir' located by 'By.xpath: //input[@id='GridViewCustomer_DXFREditorcol1_I']' in '30' second(s)

2021-10-21 14:19:20 - [MESSAGE][INFO] - Smart Wait Function is triggered

2021-10-21 14:19:20 - [MESSAGE][INFO] - Found 1 web elements with id: 'Object Repository/Olusturma/Genel/AliciBilgisi/Alici_Gir' located by 'By.xpath: //input[@id='GridViewCustomer_DXFREditorcol1_I']' in '30' second(s)

2021-10-21 14:19:20 - [MESSAGE][INFO] - Setting text of object 'Object Repository/Olusturma/Genel/AliciBilgisi/Alici_Gir' to value 'UC0007'

2021-10-21 14:19:20 - [MESSAGE][PASSED] - Text 'UC0007' is set on object 'Object Repository/Olusturma/Genel/AliciBilgisi/Alici_Gir'

2021-10-21 14:19:20 - [MESSAGE][INFO] - Switching to default content

2021-10-21 14:19:20 - [TEST_STEP][PASSED] - waitForElementClickable(findTestObject("Olusturma/Genel/AliciBilgisi/Alici_Adi"), 10): Switching to default content

2021-10-21 14:19:20 - [MESSAGE][INFO] - Finding Test Object 'Object Repository/Olusturma/Genel/AliciBilgisi/Alici_Adi'

2021-10-21 14:19:20 - [MESSAGE][INFO] - Finding Test Object 'Object Repository/Olusturma/Genel/AliciBilgisi/iframe_Alc Bilgisi_customerselectiframe'

2021-10-21 14:19:20 - [MESSAGE][INFO] - Checking object

2021-10-21 14:19:20 - [MESSAGE][INFO] - Checking timeout

2021-10-21 14:19:20 - [MESSAGE][INFO] - Object: 'Object Repository/Olusturma/Genel/AliciBilgisi/Alici_Adi' has parent object(s)

2021-10-21 14:19:20 - [MESSAGE][INFO] - Switching to iframe: 'Object Repository/Olusturma/Genel/AliciBilgisi/iframe_Alc Bilgisi_customerselectiframe'

2021-10-21 14:19:20 - [MESSAGE][INFO] - Finding web element from Test Object's properties

2021-10-21 14:19:20 - [MESSAGE][INFO] - Checking timeout

2021-10-21 14:19:20 - [MESSAGE][INFO] - Finding web element with id: 'Object Repository/Olusturma/Genel/AliciBilgisi/iframe_Alc Bilgisi_customerselectiframe' located by 'By.xpath: //iframe[@id='customerselectiframe']' in '10' second(s)

2021-10-21 14:19:20 - [MESSAGE][INFO] - Smart Wait Function is triggered

2021-10-21 14:19:21 - [MESSAGE][INFO] - Found 1 web elements with id: 'Object Repository/Olusturma/Genel/AliciBilgisi/iframe_Alc Bilgisi_customerselectiframe' located by 'By.xpath: //iframe[@id='customerselectiframe']' in '10' second(s)

2021-10-21 14:19:21 - [MESSAGE][INFO] - Switched to iframe: 'Object Repository/Olusturma/Genel/AliciBilgisi/iframe_Alc Bilgisi_customerselectiframe'

2021-10-21 14:19:21 - [MESSAGE][INFO] - Finding web element from Test Object's properties

2021-10-21 14:19:21 - [MESSAGE][INFO] - Checking timeout

2021-10-21 14:19:21 - [MESSAGE][INFO] - Finding web element with id: 'Object Repository/Olusturma/Genel/AliciBilgisi/Alici_Adi' located by 'By.xpath: //tr[@id='GridViewCustomer_DXDataRow0']/td[2]' in '10' second(s)

2021-10-21 14:19:21 - [MESSAGE][INFO] - Smart Wait Function is triggered

2021-10-21 14:19:21 - [MESSAGE][INFO] - Found 1 web elements with id: 'Object Repository/Olusturma/Genel/AliciBilgisi/Alici_Adi' located by 'By.xpath: //tr[@id='GridViewCustomer_DXDataRow0']/td[2]' in '10' second(s)

2021-10-21 14:19:21 - [MESSAGE][PASSED] - Object 'Object Repository/Olusturma/Genel/AliciBilgisi/Alici_Adi' is clickable

2021-10-21 14:19:21 - [MESSAGE][INFO] - Switching to default content

2021-10-21 14:19:21 - [TEST_STEP][PASSED] - click(findTestObject("Olusturma/Genel/AliciBilgisi/frame")): Switching to default content

2021-10-21 14:19:21 - [MESSAGE][INFO] - Finding Test Object 'Object Repository/Olusturma/Genel/AliciBilgisi/frame'

2021-10-21 14:19:21 - [MESSAGE][INFO] - Finding Test Object 'Object Repository/Olusturma/Genel/AliciBilgisi/iframe_Alc Bilgisi_customerselectiframe'

2021-10-21 14:19:21 - [MESSAGE][INFO] - Checking object

2021-10-21 14:19:21 - [MESSAGE][INFO] - Object: 'Object Repository/Olusturma/Genel/AliciBilgisi/frame' has parent object(s)

2021-10-21 14:19:21 - [MESSAGE][INFO] - Switching to iframe: 'Object Repository/Olusturma/Genel/AliciBilgisi/iframe_Alc Bilgisi_customerselectiframe'

2021-10-21 14:19:21 - [MESSAGE][INFO] - Finding web element from Test Object's properties

2021-10-21 14:19:21 - [MESSAGE][INFO] - Checking timeout

2021-10-21 14:19:21 - [MESSAGE][INFO] - Finding web element with id: 'Object Repository/Olusturma/Genel/AliciBilgisi/iframe_Alc Bilgisi_customerselectiframe' located by 'By.xpath: //iframe[@id='customerselectiframe']' in '30' second(s)

2021-10-21 14:19:21 - [MESSAGE][INFO] - Smart Wait Function is triggered

2021-10-21 14:19:21 - [MESSAGE][INFO] - Found 1 web elements with id: 'Object Repository/Olusturma/Genel/AliciBilgisi/iframe_Alc Bilgisi_customerselectiframe' located by 'By.xpath: //iframe[@id='customerselectiframe']' in '30' second(s)

2021-10-21 14:19:21 - [MESSAGE][INFO] - Switched to iframe: 'Object Repository/Olusturma/Genel/AliciBilgisi/iframe_Alc Bilgisi_customerselectiframe'

2021-10-21 14:19:21 - [MESSAGE][INFO] - Finding web element from Test Object's properties

2021-10-21 14:19:21 - [MESSAGE][INFO] - Checking timeout

2021-10-21 14:19:21 - [MESSAGE][INFO] - Finding web element with id: 'Object Repository/Olusturma/Genel/AliciBilgisi/frame' located by 'By.xpath: //*/text()[normalize-space(.)='']/parent::*' in '30' second(s)

2021-10-21 14:19:21 - [MESSAGE][INFO] - Smart Wait Function is triggered

2021-10-21 14:19:21 - [MESSAGE][INFO] - Found 66 web elements with id: 'Object Repository/Olusturma/Genel/AliciBilgisi/frame' located by 'By.xpath: //*/text()[normalize-space(.)='']/parent::*' in '30' second(s)

2021-10-21 14:19:21 - [MESSAGE][INFO] - Clicking on object: 'Object Repository/Olusturma/Genel/AliciBilgisi/frame'

2021-10-21 14:19:21 - [MESSAGE][PASSED] - Object: 'Object Repository/Olusturma/Genel/AliciBilgisi/frame' is clicked on

2021-10-21 14:19:21 - [MESSAGE][INFO] - Switching to default content

2021-10-21 14:19:21 - [TEST_STEP][PASSED] - click(findTestObject("Olusturma/Genel/AliciBilgisi/Alici_Adi")): Switching to default content

2021-10-21 14:19:21 - [MESSAGE][INFO] - Finding Test Object 'Object Repository/Olusturma/Genel/AliciBilgisi/Alici_Adi'

2021-10-21 14:19:22 - [MESSAGE][INFO] - Finding Test Object 'Object Repository/Olusturma/Genel/AliciBilgisi/iframe_Alc Bilgisi_customerselectiframe'

2021-10-21 14:19:22 - [MESSAGE][INFO] - Checking object

2021-10-21 14:19:22 - [MESSAGE][INFO] - Object: 'Object Repository/Olusturma/Genel/AliciBilgisi/Alici_Adi' has parent object(s)

2021-10-21 14:19:22 - [MESSAGE][INFO] - Switching to iframe: 'Object Repository/Olusturma/Genel/AliciBilgisi/iframe_Alc Bilgisi_customerselectiframe'

2021-10-21 14:19:22 - [MESSAGE][INFO] - Finding web element from Test Object's properties

2021-10-21 14:19:22 - [MESSAGE][INFO] - Checking timeout

2021-10-21 14:19:22 - [MESSAGE][INFO] - Finding web element with id: 'Object Repository/Olusturma/Genel/AliciBilgisi/iframe_Alc Bilgisi_customerselectiframe' located by 'By.xpath: //iframe[@id='customerselectiframe']' in '30' second(s)

2021-10-21 14:19:22 - [MESSAGE][INFO] - Smart Wait Function is triggered

2021-10-21 14:19:22 - [MESSAGE][INFO] - Found 1 web elements with id: 'Object Repository/Olusturma/Genel/AliciBilgisi/iframe_Alc Bilgisi_customerselectiframe' located by 'By.xpath: //iframe[@id='customerselectiframe']' in '30' second(s)

2021-10-21 14:19:22 - [MESSAGE][INFO] - Switched to iframe: 'Object Repository/Olusturma/Genel/AliciBilgisi/iframe_Alc Bilgisi_customerselectiframe'

2021-10-21 14:19:22 - [MESSAGE][INFO] - Finding web element from Test Object's properties

2021-10-21 14:19:22 - [MESSAGE][INFO] - Checking timeout

2021-10-21 14:19:22 - [MESSAGE][INFO] - Finding web element with id: 'Object Repository/Olusturma/Genel/AliciBilgisi/Alici_Adi' located by 'By.xpath: //tr[@id='GridViewCustomer_DXDataRow0']/td[2]' in '30' second(s)

2021-10-21 14:19:22 - [MESSAGE][INFO] - Smart Wait Function is triggered

2021-10-21 14:19:22 - [MESSAGE][INFO] - Found 1 web elements with id: 'Object Repository/Olusturma/Genel/AliciBilgisi/Alici_Adi' located by 'By.xpath: //tr[@id='GridViewCustomer_DXDataRow0']/td[2]' in '30' second(s)

2021-10-21 14:19:22 - [MESSAGE][INFO] - Clicking on object: 'Object Repository/Olusturma/Genel/AliciBilgisi/Alici_Adi'

2021-10-21 14:19:22 - [MESSAGE][PASSED] - Object: 'Object Repository/Olusturma/Genel/AliciBilgisi/Alici_Adi' is clicked on

2021-10-21 14:19:22 - [MESSAGE][INFO] - Switching to default content

2021-10-21 14:19:22 - [TEST_STEP][PASSED] - click(findTestObject("Olusturma/Genel/AliciBilgisi/Tamam_Bosluk")): Switching to default content

2021-10-21 14:19:22 - [MESSAGE][INFO] - Finding Test Object 'Object Repository/Olusturma/Genel/AliciBilgisi/Tamam_Bosluk'

2021-10-21 14:19:22 - [MESSAGE][INFO] - Finding Test Object 'Object Repository/Olusturma/Genel/AliciBilgisi/Alici_Bilgisi'

2021-10-21 14:19:22 - [MESSAGE][INFO] - Checking object

2021-10-21 14:19:22 - [MESSAGE][INFO] - Object: 'Object Repository/Olusturma/Genel/AliciBilgisi/Tamam_Bosluk' has parent object(s)

2021-10-21 14:19:22 - [MESSAGE][INFO] - Switching to iframe: 'Object Repository/Olusturma/Genel/AliciBilgisi/Alici_Bilgisi'

2021-10-21 14:19:22 - [MESSAGE][INFO] - Finding web element from Test Object's properties

2021-10-21 14:19:22 - [MESSAGE][INFO] - Checking timeout

2021-10-21 14:19:22 - [MESSAGE][INFO] - Finding web element with id: 'Object Repository/Olusturma/Genel/AliciBilgisi/Alici_Bilgisi' located by 'By.xpath: //iframe[@id='customerselectiframe']' in '30' second(s)

2021-10-21 14:19:22 - [MESSAGE][INFO] - Smart Wait Function is triggered

2021-10-21 14:19:22 - [MESSAGE][INFO] - Found 1 web elements with id: 'Object Repository/Olusturma/Genel/AliciBilgisi/Alici_Bilgisi' located by 'By.xpath: //iframe[@id='customerselectiframe']' in '30' second(s)

2021-10-21 14:19:22 - [MESSAGE][INFO] - Switched to iframe: 'Object Repository/Olusturma/Genel/AliciBilgisi/Alici_Bilgisi'

2021-10-21 14:19:22 - [MESSAGE][INFO] - Finding web element from Test Object's properties

2021-10-21 14:19:22 - [MESSAGE][INFO] - Checking timeout

2021-10-21 14:19:22 - [MESSAGE][INFO] - Finding web element with id: 'Object Repository/Olusturma/Genel/AliciBilgisi/Tamam_Bosluk' located by 'By.xpath: (.//*[normalize-space(text()) and normalize-space(.)='Sayfa Boyutu:'])[1]/following::div[7]' in '30' second(s)

2021-10-21 14:19:22 - [MESSAGE][INFO] - Smart Wait Function is triggered

2021-10-21 14:19:22 - [MESSAGE][INFO] - Found 1 web elements with id: 'Object Repository/Olusturma/Genel/AliciBilgisi/Tamam_Bosluk' located by 'By.xpath: (.//*[normalize-space(text()) and normalize-space(.)='Sayfa Boyutu:'])[1]/following::div[7]' in '30' second(s)

2021-10-21 14:19:22 - [MESSAGE][INFO] - Clicking on object: 'Object Repository/Olusturma/Genel/AliciBilgisi/Tamam_Bosluk'

2021-10-21 14:19:23 - [MESSAGE][PASSED] - Object: 'Object Repository/Olusturma/Genel/AliciBilgisi/Tamam_Bosluk' is clicked on

2021-10-21 14:19:23 - [MESSAGE][INFO] - Switching to default content

2021-10-21 14:19:23 - [TEST_STEP][PASSED] - waitForElementClickable(findTestObject("Olusturma/Genel/AliciBilgisi/Tamam_Butonu"), 10): Switching to default content

2021-10-21 14:19:23 - [MESSAGE][INFO] - Finding Test Object 'Object Repository/Olusturma/Genel/AliciBilgisi/Tamam_Butonu'

2021-10-21 14:19:23 - [MESSAGE][INFO] - Finding Test Object 'Object Repository/Olusturma/Genel/AliciBilgisi/Alici_Bilgisi'

2021-10-21 14:19:23 - [MESSAGE][INFO] - Checking object

2021-10-21 14:19:23 - [MESSAGE][INFO] - Checking timeout

2021-10-21 14:19:23 - [MESSAGE][INFO] - Object: 'Object Repository/Olusturma/Genel/AliciBilgisi/Tamam_Butonu' has parent object(s)

2021-10-21 14:19:23 - [MESSAGE][INFO] - Switching to iframe: 'Object Repository/Olusturma/Genel/AliciBilgisi/Alici_Bilgisi'

2021-10-21 14:19:23 - [MESSAGE][INFO] - Finding web element from Test Object's properties

2021-10-21 14:19:23 - [MESSAGE][INFO] - Checking timeout

2021-10-21 14:19:23 - [MESSAGE][INFO] - Finding web element with id: 'Object Repository/Olusturma/Genel/AliciBilgisi/Alici_Bilgisi' located by 'By.xpath: //iframe[@id='customerselectiframe']' in '10' second(s)

2021-10-21 14:19:23 - [MESSAGE][INFO] - Smart Wait Function is triggered

2021-10-21 14:19:23 - [MESSAGE][INFO] - Found 1 web elements with id: 'Object Repository/Olusturma/Genel/AliciBilgisi/Alici_Bilgisi' located by 'By.xpath: //iframe[@id='customerselectiframe']' in '10' second(s)

2021-10-21 14:19:23 - [MESSAGE][INFO] - Switched to iframe: 'Object Repository/Olusturma/Genel/AliciBilgisi/Alici_Bilgisi'

2021-10-21 14:19:23 - [MESSAGE][INFO] - Finding web element from Test Object's properties

2021-10-21 14:19:23 - [MESSAGE][INFO] - Checking timeout

2021-10-21 14:19:23 - [MESSAGE][INFO] - Finding web element with id: 'Object Repository/Olusturma/Genel/AliciBilgisi/Tamam_Butonu' located by 'By.xpath: //div[@id='btnSelectCustomer_CD']/span' in '10' second(s)

2021-10-21 14:19:23 - [MESSAGE][INFO] - Smart Wait Function is triggered

2021-10-21 14:19:23 - [MESSAGE][INFO] - Found 1 web elements with id: 'Object Repository/Olusturma/Genel/AliciBilgisi/Tamam_Butonu' located by 'By.xpath: //div[@id='btnSelectCustomer_CD']/span' in '10' second(s)

2021-10-21 14:19:23 - [MESSAGE][PASSED] - Object 'Object Repository/Olusturma/Genel/AliciBilgisi/Tamam_Butonu' is clickable

2021-10-21 14:19:23 - [MESSAGE][INFO] - Switching to default content

2021-10-21 14:19:23 - [TEST_STEP][PASSED] - click(findTestObject("Olusturma/Genel/AliciBilgisi/Tamam_Butonu")): Switching to default content

2021-10-21 14:19:23 - [MESSAGE][INFO] - Finding Test Object 'Object Repository/Olusturma/Genel/AliciBilgisi/Tamam_Butonu'

2021-10-21 14:19:23 - [MESSAGE][INFO] - Finding Test Object 'Object Repository/Olusturma/Genel/AliciBilgisi/Alici_Bilgisi'

2021-10-21 14:19:23 - [MESSAGE][INFO] - Checking object

2021-10-21 14:19:23 - [MESSAGE][INFO] - Object: 'Object Repository/Olusturma/Genel/AliciBilgisi/Tamam_Butonu' has parent object(s)

2021-10-21 14:19:23 - [MESSAGE][INFO] - Switching to iframe: 'Object Repository/Olusturma/Genel/AliciBilgisi/Alici_Bilgisi'

2021-10-21 14:19:23 - [MESSAGE][INFO] - Finding web element from Test Object's properties

2021-10-21 14:19:23 - [MESSAGE][INFO] - Checking timeout

2021-10-21 14:19:23 - [MESSAGE][INFO] - Finding web element with id: 'Object Repository/Olusturma/Genel/AliciBilgisi/Alici_Bilgisi' located by 'By.xpath: //iframe[@id='customerselectiframe']' in '30' second(s)

2021-10-21 14:19:23 - [MESSAGE][INFO] - Smart Wait Function is triggered

2021-10-21 14:19:23 - [MESSAGE][INFO] - Found 1 web elements with id: 'Object Repository/Olusturma/Genel/AliciBilgisi/Alici_Bilgisi' located by 'By.xpath: //iframe[@id='customerselectiframe']' in '30' second(s)

2021-10-21 14:19:23 - [MESSAGE][INFO] - Switched to iframe: 'Object Repository/Olusturma/Genel/AliciBilgisi/Alici_Bilgisi'

2021-10-21 14:19:23 - [MESSAGE][INFO] - Finding web element from Test Object's properties

2021-10-21 14:19:23 - [MESSAGE][INFO] - Checking timeout

2021-10-21 14:19:23 - [MESSAGE][INFO] - Finding web element with id: 'Object Repository/Olusturma/Genel/AliciBilgisi/Tamam_Butonu' located by 'By.xpath: //div[@id='btnSelectCustomer_CD']/span' in '30' second(s)

2021-10-21 14:19:23 - [MESSAGE][INFO] - Smart Wait Function is triggered

2021-10-21 14:19:24 - [MESSAGE][INFO] - Found 1 web elements with id: 'Object Repository/Olusturma/Genel/AliciBilgisi/Tamam_Butonu' located by 'By.xpath: //div[@id='btnSelectCustomer_CD']/span' in '30' second(s)

2021-10-21 14:19:24 - [MESSAGE][INFO] - Clicking on object: 'Object Repository/Olusturma/Genel/AliciBilgisi/Tamam_Butonu'

2021-10-21 14:19:24 - [MESSAGE][PASSED] - Object: 'Object Repository/Olusturma/Genel/AliciBilgisi/Tamam_Butonu' is clicked on

2021-10-21 14:19:24 - [MESSAGE][INFO] - Switching to default content

2021-10-21 14:19:24 - [TEST_STEP][PASSED] - waitForElementPresent(findTestObject("Olusturma/Genel/AliciBilgisi/VKN-TCKN"), 10): Object 'Object Repository/Olusturma/Genel/AliciBilgisi/VKN-TCKN' is present

2021-10-21 14:19:24 - [MESSAGE][INFO] - Finding Test Object 'Object Repository/Olusturma/Genel/AliciBilgisi/VKN-TCKN'

2021-10-21 14:19:24 - [MESSAGE][INFO] - Checking object

2021-10-21 14:19:24 - [MESSAGE][INFO] - Finding web element from Test Object's properties

2021-10-21 14:19:24 - [MESSAGE][INFO] - Checking timeout

2021-10-21 14:19:24 - [MESSAGE][INFO] - Finding web element with id: 'Object Repository/Olusturma/Genel/AliciBilgisi/VKN-TCKN' located by 'By.xpath: //*[@id = 'txtVknTckn_I']' in '10' second(s)

2021-10-21 14:19:24 - [MESSAGE][INFO] - Smart Wait Function is triggered

2021-10-21 14:19:24 - [MESSAGE][INFO] - Found 1 web elements with id: 'Object Repository/Olusturma/Genel/AliciBilgisi/VKN-TCKN' located by 'By.xpath: //*[@id = 'txtVknTckn_I']' in '10' second(s)

2021-10-21 14:19:24 - [MESSAGE][PASSED] - Object 'Object Repository/Olusturma/Genel/AliciBilgisi/VKN-TCKN' is present

2021-10-21 14:19:24 - [TEST_STEP][PASSED] - text = getAttribute(findTestObject("Olusturma/Genel/AliciBilgisi/VKN-TCKN"), "value"): Attribute 'value' of object 'Object Repository/Olusturma/Genel/AliciBilgisi/VKN-TCKN' is: '5328391866'

2021-10-21 14:19:24 - [MESSAGE][INFO] - Finding Test Object 'Object Repository/Olusturma/Genel/AliciBilgisi/VKN-TCKN'

2021-10-21 14:19:24 - [MESSAGE][INFO] - Checking object

2021-10-21 14:19:24 - [MESSAGE][INFO] - Checking attribute

2021-10-21 14:19:24 - [MESSAGE][INFO] - Finding web element from Test Object's properties

2021-10-21 14:19:24 - [MESSAGE][INFO] - Checking timeout

2021-10-21 14:19:24 - [MESSAGE][INFO] - Finding web element with id: 'Object Repository/Olusturma/Genel/AliciBilgisi/VKN-TCKN' located by 'By.xpath: //*[@id = 'txtVknTckn_I']' in '30' second(s)

2021-10-21 14:19:24 - [MESSAGE][INFO] - Smart Wait Function is triggered

2021-10-21 14:19:25 - [MESSAGE][INFO] - Found 1 web elements with id: 'Object Repository/Olusturma/Genel/AliciBilgisi/VKN-TCKN' located by 'By.xpath: //*[@id = 'txtVknTckn_I']' in '30' second(s)

2021-10-21 14:19:25 - [MESSAGE][INFO] - Getting attribute 'value' of object 'Object Repository/Olusturma/Genel/AliciBilgisi/VKN-TCKN'

2021-10-21 14:19:25 - [MESSAGE][PASSED] - Attribute 'value' of object 'Object Repository/Olusturma/Genel/AliciBilgisi/VKN-TCKN' is: '5328391866'

2021-10-21 14:19:25 - [TEST_STEP][PASSED] - if (text.equals("")): null

2021-10-21 14:19:25 - [MESSAGE][PASSED] - Call Test Case 'Test Cases/Olusturma/Genel/AliciSecilir' successfully

2021-10-21 14:19:25 - [MESSAGE][INFO] - Checking called Test Case

2021-10-21 14:19:25 - [MESSAGE][INFO] - Starting to call Test Case 'Test Cases/Olusturma/Genel/GonderimSekliSecilir'

2021-10-21 14:19:25 - [TEST_CASE][PASSED] - Test Cases/Olusturma/Genel/GonderimSekliSecilir: Test Cases/Olusturma/Genel/GonderimSekliSecilir

2021-10-21 14:19:25 - [TEST_STEP][PASSED] - waitForElementClickable(findTestObject("Object Repository/Olusturma/Genel/GonderimSekli/GonderimSekli"), 10): Object 'Object Repository/Olusturma/Genel/GonderimSekli/GonderimSekli' is clickable

2021-10-21 14:19:25 - [MESSAGE][INFO] - Finding Test Object 'Object Repository/Olusturma/Genel/GonderimSekli/GonderimSekli'

2021-10-21 14:19:25 - [MESSAGE][INFO] - Checking object

2021-10-21 14:19:25 - [MESSAGE][INFO] - Checking timeout

2021-10-21 14:19:25 - [MESSAGE][INFO] - Finding web element from Test Object's properties

2021-10-21 14:19:25 - [MESSAGE][INFO] - Checking timeout

2021-10-21 14:19:25 - [MESSAGE][INFO] - Finding web element with id: 'Object Repository/Olusturma/Genel/GonderimSekli/GonderimSekli' located by 'By.xpath: //*[@id = 'txtGonderimSekil_I']' in '10' second(s)

2021-10-21 14:19:25 - [MESSAGE][INFO] - Smart Wait Function is triggered

2021-10-21 14:19:25 - [MESSAGE][INFO] - Found 1 web elements with id: 'Object Repository/Olusturma/Genel/GonderimSekli/GonderimSekli' located by 'By.xpath: //*[@id = 'txtGonderimSekil_I']' in '10' second(s)

2021-10-21 14:19:25 - [MESSAGE][PASSED] - Object 'Object Repository/Olusturma/Genel/GonderimSekli/GonderimSekli' is clickable

2021-10-21 14:19:25 - [TEST_STEP][PASSED] - click(findTestObject("Object Repository/Olusturma/Genel/GonderimSekli/GonderimSekli")): Object: 'Object Repository/Olusturma/Genel/GonderimSekli/GonderimSekli' is clicked on

2021-10-21 14:19:25 - [MESSAGE][INFO] - Finding Test Object 'Object Repository/Olusturma/Genel/GonderimSekli/GonderimSekli'

2021-10-21 14:19:25 - [MESSAGE][INFO] - Checking object

2021-10-21 14:19:25 - [MESSAGE][INFO] - Finding web element from Test Object's properties

2021-10-21 14:19:25 - [MESSAGE][INFO] - Checking timeout

2021-10-21 14:19:25 - [MESSAGE][INFO] - Finding web element with id: 'Object Repository/Olusturma/Genel/GonderimSekli/GonderimSekli' located by 'By.xpath: //*[@id = 'txtGonderimSekil_I']' in '30' second(s)

2021-10-21 14:19:25 - [MESSAGE][INFO] - Smart Wait Function is triggered

2021-10-21 14:19:26 - [MESSAGE][INFO] - Found 1 web elements with id: 'Object Repository/Olusturma/Genel/GonderimSekli/GonderimSekli' located by 'By.xpath: //*[@id = 'txtGonderimSekil_I']' in '30' second(s)

2021-10-21 14:19:26 - [MESSAGE][INFO] - Clicking on object: 'Object Repository/Olusturma/Genel/GonderimSekli/GonderimSekli'

2021-10-21 14:19:26 - [MESSAGE][PASSED] - Object: 'Object Repository/Olusturma/Genel/GonderimSekli/GonderimSekli' is clicked on

2021-10-21 14:19:26 - [TEST_STEP][PASSED] - Method.TextDegerineEsitElementeTikla(findTestObject("Object Repository/Olusturma/Genel/GonderimSekli/GonderimSekliAdi"), GonderimSekli): Method.TextDegerineEsitElementeTikla is PASSED

2021-10-21 14:19:26 - [MESSAGE][INFO] - Finding Test Object 'Object Repository/Olusturma/Genel/GonderimSekli/GonderimSekliAdi'

2021-10-21 14:19:26 - [MESSAGE][INFO] - Checking timeout

2021-10-21 14:19:26 - [MESSAGE][INFO] - Finding web element with id: 'Object Repository/Olusturma/Genel/GonderimSekli/GonderimSekliAdi' located by 'By.cssSelector: #txtGonderimSekil_DDD_L_LBT td' in '10' second(s)

2021-10-21 14:19:26 - [MESSAGE][INFO] - Smart Wait Function is triggered

2021-10-21 14:19:26 - [MESSAGE][INFO] - Found 2 web elements with id: 'Object Repository/Olusturma/Genel/GonderimSekli/GonderimSekliAdi' located by 'By.cssSelector: #txtGonderimSekil_DDD_L_LBT td' in '10' second(s)

2021-10-21 14:19:26 - [MESSAGE][PASSED] - Method.TextDegerineEsitElementeTikla is PASSED

2021-10-21 14:19:26 - [MESSAGE][PASSED] - Call Test Case 'Test Cases/Olusturma/Genel/GonderimSekliSecilir' successfully

2021-10-21 14:19:26 - [MESSAGE][INFO] - Checking called Test Case

2021-10-21 14:19:26 - [MESSAGE][INFO] - Starting to call Test Case 'Test Cases/Olusturma/Genel/TipSecilir'

2021-10-21 14:19:26 - [TEST_CASE][PASSED] - Test Cases/Olusturma/Genel/TipSecilir: Test Cases/Olusturma/Genel/TipSecilir

2021-10-21 14:19:26 - [TEST_STEP][PASSED] - waitForElementClickable(findTestObject("Olusturma/Genel/TipSecilir/Tip"), 10): Object 'Object Repository/Olusturma/Genel/TipSecilir/Tip' is clickable

2021-10-21 14:19:26 - [MESSAGE][INFO] - Finding Test Object 'Object Repository/Olusturma/Genel/TipSecilir/Tip'

2021-10-21 14:19:26 - [MESSAGE][INFO] - Checking object

2021-10-21 14:19:26 - [MESSAGE][INFO] - Checking timeout

2021-10-21 14:19:26 - [MESSAGE][INFO] - Finding web element from Test Object's properties

2021-10-21 14:19:26 - [MESSAGE][INFO] - Checking timeout

2021-10-21 14:19:26 - [MESSAGE][INFO] - Finding web element with id: 'Object Repository/Olusturma/Genel/TipSecilir/Tip' located by 'By.xpath: //*[@id = 'DocumentTypeCode_I']' in '10' second(s)

2021-10-21 14:19:26 - [MESSAGE][INFO] - Smart Wait Function is triggered

2021-10-21 14:19:27 - [MESSAGE][INFO] - Found 1 web elements with id: 'Object Repository/Olusturma/Genel/TipSecilir/Tip' located by 'By.xpath: //*[@id = 'DocumentTypeCode_I']' in '10' second(s)

2021-10-21 14:19:27 - [MESSAGE][PASSED] - Object 'Object Repository/Olusturma/Genel/TipSecilir/Tip' is clickable

2021-10-21 14:19:27 - [TEST_STEP][PASSED] - click(findTestObject("Olusturma/Genel/TipSecilir/Tip")): Object: 'Object Repository/Olusturma/Genel/TipSecilir/Tip' is clicked on

2021-10-21 14:19:27 - [MESSAGE][INFO] - Finding Test Object 'Object Repository/Olusturma/Genel/TipSecilir/Tip'

2021-10-21 14:19:27 - [MESSAGE][INFO] - Checking object

2021-10-21 14:19:27 - [MESSAGE][INFO] - Finding web element from Test Object's properties

2021-10-21 14:19:27 - [MESSAGE][INFO] - Checking timeout

2021-10-21 14:19:27 - [MESSAGE][INFO] - Finding web element with id: 'Object Repository/Olusturma/Genel/TipSecilir/Tip' located by 'By.xpath: //*[@id = 'DocumentTypeCode_I']' in '30' second(s)

2021-10-21 14:19:27 - [MESSAGE][INFO] - Smart Wait Function is triggered

2021-10-21 14:19:27 - [MESSAGE][INFO] - Found 1 web elements with id: 'Object Repository/Olusturma/Genel/TipSecilir/Tip' located by 'By.xpath: //*[@id = 'DocumentTypeCode_I']' in '30' second(s)

2021-10-21 14:19:27 - [MESSAGE][INFO] - Clicking on object: 'Object Repository/Olusturma/Genel/TipSecilir/Tip'

2021-10-21 14:19:27 - [MESSAGE][PASSED] - Object: 'Object Repository/Olusturma/Genel/TipSecilir/Tip' is clicked on

2021-10-21 14:19:27 - [TEST_STEP][PASSED] - Method.TextDegerineEsitElementeTikla(findTestObject("Object Repository/Olusturma/Genel/TipSecilir/Tip_Adi"), Tip): Method.TextDegerineEsitElementeTikla is PASSED

2021-10-21 14:19:27 - [MESSAGE][INFO] - Finding Test Object 'Object Repository/Olusturma/Genel/TipSecilir/Tip_Adi'

2021-10-21 14:19:27 - [MESSAGE][INFO] - Checking timeout

2021-10-21 14:19:27 - [MESSAGE][INFO] - Finding web element with id: 'Object Repository/Olusturma/Genel/TipSecilir/Tip_Adi' located by 'By.cssSelector: #DocumentTypeCode_DDD_L_LBT td' in '10' second(s)

2021-10-21 14:19:27 - [MESSAGE][INFO] - Smart Wait Function is triggered

2021-10-21 14:19:28 - [MESSAGE][INFO] - Found 9 web elements with id: 'Object Repository/Olusturma/Genel/TipSecilir/Tip_Adi' located by 'By.cssSelector: #DocumentTypeCode_DDD_L_LBT td' in '10' second(s)

2021-10-21 14:19:28 - [MESSAGE][PASSED] - Method.TextDegerineEsitElementeTikla is PASSED

2021-10-21 14:19:28 - [MESSAGE][PASSED] - Call Test Case 'Test Cases/Olusturma/Genel/TipSecilir' successfully

2021-10-21 14:19:28 - [MESSAGE][INFO] - Checking called Test Case

2021-10-21 14:19:28 - [MESSAGE][INFO] - Starting to call Test Case 'Test Cases/Olusturma/Genel/DokumanParaBirimiSecilir'

2021-10-21 14:19:28 - [TEST_CASE][PASSED] - Test Cases/Olusturma/Genel/DokumanParaBirimiSecilir: Test Cases/Olusturma/Genel/DokumanParaBirimiSecilir

2021-10-21 14:19:28 - [TEST_STEP][PASSED] - waitForElementClickable(findTestObject("Object Repository/Olusturma/Genel/DokumanParaBirimiSecilir/Para"), 10): Object 'Object Repository/Olusturma/Genel/DokumanParaBirimiSecilir/Para' is clickable

2021-10-21 14:19:28 - [MESSAGE][INFO] - Finding Test Object 'Object Repository/Olusturma/Genel/DokumanParaBirimiSecilir/Para'

2021-10-21 14:19:28 - [MESSAGE][INFO] - Checking object

2021-10-21 14:19:28 - [MESSAGE][INFO] - Checking timeout

2021-10-21 14:19:28 - [MESSAGE][INFO] - Finding web element from Test Object's properties

2021-10-21 14:19:28 - [MESSAGE][INFO] - Checking timeout

2021-10-21 14:19:28 - [MESSAGE][INFO] - Finding web element with id: 'Object Repository/Olusturma/Genel/DokumanParaBirimiSecilir/Para' located by 'By.xpath: //*[@id = 'CurrencyUnit_I']' in '10' second(s)

2021-10-21 14:19:28 - [MESSAGE][INFO] - Smart Wait Function is triggered

2021-10-21 14:19:28 - [MESSAGE][INFO] - Found 1 web elements with id: 'Object Repository/Olusturma/Genel/DokumanParaBirimiSecilir/Para' located by 'By.xpath: //*[@id = 'CurrencyUnit_I']' in '10' second(s)

2021-10-21 14:19:28 - [MESSAGE][PASSED] - Object 'Object Repository/Olusturma/Genel/DokumanParaBirimiSecilir/Para' is clickable

2021-10-21 14:19:28 - [TEST_STEP][PASSED] - click(findTestObject("Object Repository/Olusturma/Genel/DokumanParaBirimiSecilir/Para")): Object: 'Object Repository/Olusturma/Genel/DokumanParaBirimiSecilir/Para' is clicked on

2021-10-21 14:19:28 - [MESSAGE][INFO] - Finding Test Object 'Object Repository/Olusturma/Genel/DokumanParaBirimiSecilir/Para'

2021-10-21 14:19:29 - [MESSAGE][INFO] - Checking object

2021-10-21 14:19:29 - [MESSAGE][INFO] - Finding web element from Test Object's properties

2021-10-21 14:19:29 - [MESSAGE][INFO] - Checking timeout

2021-10-21 14:19:29 - [MESSAGE][INFO] - Finding web element with id: 'Object Repository/Olusturma/Genel/DokumanParaBirimiSecilir/Para' located by 'By.xpath: //*[@id = 'CurrencyUnit_I']' in '30' second(s)

2021-10-21 14:19:29 - [MESSAGE][INFO] - Smart Wait Function is triggered

2021-10-21 14:19:29 - [MESSAGE][INFO] - Found 1 web elements with id: 'Object Repository/Olusturma/Genel/DokumanParaBirimiSecilir/Para' located by 'By.xpath: //*[@id = 'CurrencyUnit_I']' in '30' second(s)

2021-10-21 14:19:29 - [MESSAGE][INFO] - Clicking on object: 'Object Repository/Olusturma/Genel/DokumanParaBirimiSecilir/Para'

2021-10-21 14:19:29 - [MESSAGE][PASSED] - Object: 'Object Repository/Olusturma/Genel/DokumanParaBirimiSecilir/Para' is clicked on

2021-10-21 14:19:29 - [TEST_STEP][PASSED] - Method.TextDegerineEsitElementeTikla(findTestObject("Object Repository/Olusturma/Genel/DokumanParaBirimiSecilir/Para_Adi"), Para): Method.TextDegerineEsitElementeTikla is PASSED

2021-10-21 14:19:29 - [MESSAGE][INFO] - Finding Test Object 'Object Repository/Olusturma/Genel/DokumanParaBirimiSecilir/Para_Adi'

2021-10-21 14:19:29 - [MESSAGE][INFO] - Checking timeout

2021-10-21 14:19:29 - [MESSAGE][INFO] - Finding web element with id: 'Object Repository/Olusturma/Genel/DokumanParaBirimiSecilir/Para_Adi' located by 'By.cssSelector: #CurrencyUnit_DDD_L_LBT td' in '10' second(s)

2021-10-21 14:19:29 - [MESSAGE][INFO] - Smart Wait Function is triggered

2021-10-21 14:19:29 - [MESSAGE][INFO] - Found 203 web elements with id: 'Object Repository/Olusturma/Genel/DokumanParaBirimiSecilir/Para_Adi' located by 'By.cssSelector: #CurrencyUnit_DDD_L_LBT td' in '10' second(s)

2021-10-21 14:19:33 - [MESSAGE][PASSED] - Method.TextDegerineEsitElementeTikla is PASSED

2021-10-21 14:19:33 - [MESSAGE][PASSED] - Call Test Case 'Test Cases/Olusturma/Genel/DokumanParaBirimiSecilir' successfully

2021-10-21 14:19:33 - [MESSAGE][INFO] - Checking called Test Case

2021-10-21 14:19:33 - [MESSAGE][INFO] - Starting to call Test Case 'Test Cases/Olusturma/Genel/OnEkSecilir'

2021-10-21 14:19:33 - [TEST_CASE][PASSED] - Test Cases/Olusturma/Genel/OnEkSecilir: Test Cases/Olusturma/Genel/OnEkSecilir

2021-10-21 14:19:33 - [TEST_STEP][PASSED] - waitForElementClickable(findTestObject("Object Repository/Olusturma/Genel/OnEkSecilir/OnEk"), 10): Object 'Object Repository/Olusturma/Genel/OnEkSecilir/OnEk' is clickable

2021-10-21 14:19:33 - [MESSAGE][INFO] - Finding Test Object 'Object Repository/Olusturma/Genel/OnEkSecilir/OnEk'

2021-10-21 14:19:34 - [MESSAGE][INFO] - Checking object

2021-10-21 14:19:34 - [MESSAGE][INFO] - Checking timeout

2021-10-21 14:19:34 - [MESSAGE][INFO] - Finding web element from Test Object's properties

2021-10-21 14:19:34 - [MESSAGE][INFO] - Checking timeout

2021-10-21 14:19:34 - [MESSAGE][INFO] - Finding web element with id: 'Object Repository/Olusturma/Genel/OnEkSecilir/OnEk' located by 'By.xpath: //*[@id = 'InvoicePrefix_I']' in '10' second(s)

2021-10-21 14:19:34 - [MESSAGE][INFO] - Smart Wait Function is triggered

2021-10-21 14:19:34 - [MESSAGE][INFO] - Found 1 web elements with id: 'Object Repository/Olusturma/Genel/OnEkSecilir/OnEk' located by 'By.xpath: //*[@id = 'InvoicePrefix_I']' in '10' second(s)

2021-10-21 14:19:34 - [MESSAGE][PASSED] - Object 'Object Repository/Olusturma/Genel/OnEkSecilir/OnEk' is clickable

2021-10-21 14:19:34 - [TEST_STEP][PASSED] - click(findTestObject("Object Repository/Olusturma/Genel/OnEkSecilir/OnEk")): Object: 'Object Repository/Olusturma/Genel/OnEkSecilir/OnEk' is clicked on

2021-10-21 14:19:34 - [MESSAGE][INFO] - Finding Test Object 'Object Repository/Olusturma/Genel/OnEkSecilir/OnEk'

2021-10-21 14:19:34 - [MESSAGE][INFO] - Checking object

2021-10-21 14:19:34 - [MESSAGE][INFO] - Finding web element from Test Object's properties

2021-10-21 14:19:34 - [MESSAGE][INFO] - Checking timeout

2021-10-21 14:19:34 - [MESSAGE][INFO] - Finding web element with id: 'Object Repository/Olusturma/Genel/OnEkSecilir/OnEk' located by 'By.xpath: //*[@id = 'InvoicePrefix_I']' in '30' second(s)

2021-10-21 14:19:34 - [MESSAGE][INFO] - Smart Wait Function is triggered

2021-10-21 14:19:34 - [MESSAGE][INFO] - Found 1 web elements with id: 'Object Repository/Olusturma/Genel/OnEkSecilir/OnEk' located by 'By.xpath: //*[@id = 'InvoicePrefix_I']' in '30' second(s)

2021-10-21 14:19:34 - [MESSAGE][INFO] - Clicking on object: 'Object Repository/Olusturma/Genel/OnEkSecilir/OnEk'

2021-10-21 14:19:34 - [MESSAGE][PASSED] - Object: 'Object Repository/Olusturma/Genel/OnEkSecilir/OnEk' is clicked on

2021-10-21 14:19:34 - [TEST_STEP][PASSED] - Method.TextDegerineEsitElementeTiklaEquals(findTestObject("Object Repository/Olusturma/Genel/OnEkSecilir/OnEkAdi"), Ek): Method.TextDegerineEsitElementeTiklaEquals is PASSED

2021-10-21 14:19:34 - [MESSAGE][INFO] - Finding Test Object 'Object Repository/Olusturma/Genel/OnEkSecilir/OnEkAdi'

2021-10-21 14:19:34 - [MESSAGE][INFO] - Checking timeout

2021-10-21 14:19:34 - [MESSAGE][INFO] - Finding web element with id: 'Object Repository/Olusturma/Genel/OnEkSecilir/OnEkAdi' located by 'By.cssSelector: #InvoicePrefix_DDD_L_LBT td' in '10' second(s)

2021-10-21 14:19:34 - [MESSAGE][INFO] - Smart Wait Function is triggered

2021-10-21 14:19:35 - [MESSAGE][INFO] - Found 1 web elements with id: 'Object Repository/Olusturma/Genel/OnEkSecilir/OnEkAdi' located by 'By.cssSelector: #InvoicePrefix_DDD_L_LBT td' in '10' second(s)

2021-10-21 14:19:35 - [MESSAGE][PASSED] - Method.TextDegerineEsitElementeTiklaEquals is PASSED

2021-10-21 14:19:35 - [MESSAGE][PASSED] - Call Test Case 'Test Cases/Olusturma/Genel/OnEkSecilir' successfully

2021-10-21 14:19:35 - [MESSAGE][INFO] - Checking called Test Case

2021-10-21 14:19:35 - [MESSAGE][INFO] - Starting to call Test Case 'Test Cases/Olusturma/Genel/TasarimSecilir'

2021-10-21 14:19:35 - [TEST_CASE][PASSED] - Test Cases/Olusturma/Genel/TasarimSecilir: Test Cases/Olusturma/Genel/TasarimSecilir

2021-10-21 14:19:35 - [TEST_STEP][PASSED] - waitForElementClickable(findTestObject("Object Repository/Olusturma/Genel/TasarimSecilir/Tasarim"), 10): Object 'Object Repository/Olusturma/Genel/TasarimSecilir/Tasarim' is clickable

2021-10-21 14:19:35 - [MESSAGE][INFO] - Finding Test Object 'Object Repository/Olusturma/Genel/TasarimSecilir/Tasarim'

2021-10-21 14:19:35 - [MESSAGE][INFO] - Checking object

2021-10-21 14:19:35 - [MESSAGE][INFO] - Checking timeout

2021-10-21 14:19:35 - [MESSAGE][INFO] - Finding web element from Test Object's properties

2021-10-21 14:19:35 - [MESSAGE][INFO] - Checking timeout

2021-10-21 14:19:35 - [MESSAGE][INFO] - Finding web element with id: 'Object Repository/Olusturma/Genel/TasarimSecilir/Tasarim' located by 'By.xpath: //*[@id = 'DesignId_I']' in '10' second(s)

2021-10-21 14:19:35 - [MESSAGE][INFO] - Smart Wait Function is triggered

2021-10-21 14:19:35 - [MESSAGE][INFO] - Found 1 web elements with id: 'Object Repository/Olusturma/Genel/TasarimSecilir/Tasarim' located by 'By.xpath: //*[@id = 'DesignId_I']' in '10' second(s)

2021-10-21 14:19:35 - [MESSAGE][PASSED] - Object 'Object Repository/Olusturma/Genel/TasarimSecilir/Tasarim' is clickable

2021-10-21 14:19:35 - [TEST_STEP][PASSED] - click(findTestObject("Object Repository/Olusturma/Genel/TasarimSecilir/Tasarim")): Object: 'Object Repository/Olusturma/Genel/TasarimSecilir/Tasarim' is clicked on

2021-10-21 14:19:35 - [MESSAGE][INFO] - Finding Test Object 'Object Repository/Olusturma/Genel/TasarimSecilir/Tasarim'

2021-10-21 14:19:36 - [MESSAGE][INFO] - Checking object

2021-10-21 14:19:36 - [MESSAGE][INFO] - Finding web element from Test Object's properties

2021-10-21 14:19:36 - [MESSAGE][INFO] - Checking timeout

2021-10-21 14:19:36 - [MESSAGE][INFO] - Finding web element with id: 'Object Repository/Olusturma/Genel/TasarimSecilir/Tasarim' located by 'By.xpath: //*[@id = 'DesignId_I']' in '30' second(s)

2021-10-21 14:19:36 - [MESSAGE][INFO] - Smart Wait Function is triggered

2021-10-21 14:19:36 - [MESSAGE][INFO] - Found 1 web elements with id: 'Object Repository/Olusturma/Genel/TasarimSecilir/Tasarim' located by 'By.xpath: //*[@id = 'DesignId_I']' in '30' second(s)

2021-10-21 14:19:36 - [MESSAGE][INFO] - Clicking on object: 'Object Repository/Olusturma/Genel/TasarimSecilir/Tasarim'

2021-10-21 14:19:36 - [MESSAGE][PASSED] - Object: 'Object Repository/Olusturma/Genel/TasarimSecilir/Tasarim' is clicked on

2021-10-21 14:19:36 - [TEST_STEP][PASSED] - Method.TextDegerineEsitElementeTikla(findTestObject("Object Repository/Olusturma/Genel/TasarimSecilir/Tasarim_Adi"), Tasarim): Method.TextDegerineEsitElementeTikla is PASSED

2021-10-21 14:19:36 - [MESSAGE][INFO] - Finding Test Object 'Object Repository/Olusturma/Genel/TasarimSecilir/Tasarim_Adi'

2021-10-21 14:19:36 - [MESSAGE][INFO] - Checking timeout

2021-10-21 14:19:36 - [MESSAGE][INFO] - Finding web element with id: 'Object Repository/Olusturma/Genel/TasarimSecilir/Tasarim_Adi' located by 'By.cssSelector: #DesignId_DDD_L_LBT td' in '10' second(s)

2021-10-21 14:19:36 - [MESSAGE][INFO] - Smart Wait Function is triggered

2021-10-21 14:19:36 - [MESSAGE][INFO] - Found 1 web elements with id: 'Object Repository/Olusturma/Genel/TasarimSecilir/Tasarim_Adi' located by 'By.cssSelector: #DesignId_DDD_L_LBT td' in '10' second(s)

2021-10-21 14:19:37 - [MESSAGE][PASSED] - Method.TextDegerineEsitElementeTikla is PASSED

2021-10-21 14:19:37 - [MESSAGE][PASSED] - Call Test Case 'Test Cases/Olusturma/Genel/TasarimSecilir' successfully

2021-10-21 14:19:37 - [MESSAGE][INFO] - Checking called Test Case

2021-10-21 14:19:37 - [MESSAGE][INFO] - Starting to call Test Case 'Test Cases/Olusturma/Genel/Kutular/SiparisBilgileriGirilir'

2021-10-21 14:19:37 - [TEST_CASE][PASSED] - Test Cases/Olusturma/Genel/Kutular/SiparisBilgileriGirilir: Test Cases/Olusturma/Genel/Kutular/SiparisBilgileriGirilir

2021-10-21 14:19:37 - [TEST_STEP][PASSED] - Method.TextDegerineEsitElementeTikla(findTestObject("Olusturma/Genel/Kutular/KapaliKutular"), "Sipariş Bilgileri"): Method.TextDegerineEsitElementeTikla is PASSED

2021-10-21 14:19:37 - [MESSAGE][INFO] - Finding Test Object 'Object Repository/Olusturma/Genel/Kutular/KapaliKutular'

2021-10-21 14:19:37 - [MESSAGE][INFO] - Checking timeout

2021-10-21 14:19:37 - [MESSAGE][INFO] - Finding web element with id: 'Object Repository/Olusturma/Genel/Kutular/KapaliKutular' located by 'By.cssSelector: .dxnb-headerCollapsed>span' in '10' second(s)

2021-10-21 14:19:37 - [MESSAGE][INFO] - Smart Wait Function is triggered

2021-10-21 14:19:37 - [MESSAGE][INFO] - Found 8 web elements with id: 'Object Repository/Olusturma/Genel/Kutular/KapaliKutular' located by 'By.cssSelector: .dxnb-headerCollapsed>span' in '10' second(s)

2021-10-21 14:19:37 - [MESSAGE][PASSED] - Method.TextDegerineEsitElementeTikla is PASSED

2021-10-21 14:19:37 - [TEST_STEP][PASSED] - waitForElementPresent(findTestObject("Object Repository/Olusturma/Genel/Kutular/SiparisBilgileri/SiparisNo"), 10): Object 'Object Repository/Olusturma/Genel/Kutular/SiparisBilgileri/SiparisNo' is present

2021-10-21 14:19:37 - [MESSAGE][INFO] - Finding Test Object 'Object Repository/Olusturma/Genel/Kutular/SiparisBilgileri/SiparisNo'

2021-10-21 14:19:37 - [MESSAGE][INFO] - Checking object

2021-10-21 14:19:37 - [MESSAGE][INFO] - Finding web element from Test Object's properties

2021-10-21 14:19:37 - [MESSAGE][INFO] - Checking timeout

2021-10-21 14:19:37 - [MESSAGE][INFO] - Finding web element with id: 'Object Repository/Olusturma/Genel/Kutular/SiparisBilgileri/SiparisNo' located by 'By.xpath: //*[@id = 'txtSiparisNo_I']' in '10' second(s)

2021-10-21 14:19:37 - [MESSAGE][INFO] - Smart Wait Function is triggered

2021-10-21 14:19:38 - [MESSAGE][INFO] - Found 1 web elements with id: 'Object Repository/Olusturma/Genel/Kutular/SiparisBilgileri/SiparisNo' located by 'By.xpath: //*[@id = 'txtSiparisNo_I']' in '10' second(s)

2021-10-21 14:19:38 - [MESSAGE][PASSED] - Object 'Object Repository/Olusturma/Genel/Kutular/SiparisBilgileri/SiparisNo' is present

2021-10-21 14:19:38 - [TEST_STEP][PASSED] - clearText(findTestObject("Object Repository/Olusturma/Genel/Kutular/SiparisBilgileri/SiparisNo")): Text of object 'Object Repository/Olusturma/Genel/Kutular/SiparisBilgileri/SiparisNo' is cleared

2021-10-21 14:19:38 - [MESSAGE][INFO] - Finding Test Object 'Object Repository/Olusturma/Genel/Kutular/SiparisBilgileri/SiparisNo'

2021-10-21 14:19:38 - [MESSAGE][INFO] - Checking object

2021-10-21 14:19:38 - [MESSAGE][INFO] - Finding web element from Test Object's properties

2021-10-21 14:19:38 - [MESSAGE][INFO] - Checking timeout

2021-10-21 14:19:38 - [MESSAGE][INFO] - Finding web element with id: 'Object Repository/Olusturma/Genel/Kutular/SiparisBilgileri/SiparisNo' located by 'By.xpath: //*[@id = 'txtSiparisNo_I']' in '30' second(s)

2021-10-21 14:19:38 - [MESSAGE][INFO] - Smart Wait Function is triggered

2021-10-21 14:19:38 - [MESSAGE][INFO] - Found 1 web elements with id: 'Object Repository/Olusturma/Genel/Kutular/SiparisBilgileri/SiparisNo' located by 'By.xpath: //*[@id = 'txtSiparisNo_I']' in '30' second(s)

2021-10-21 14:19:38 - [MESSAGE][INFO] - Clearing text of object 'Object Repository/Olusturma/Genel/Kutular/SiparisBilgileri/SiparisNo'

2021-10-21 14:19:38 - [MESSAGE][PASSED] - Text of object 'Object Repository/Olusturma/Genel/Kutular/SiparisBilgileri/SiparisNo' is cleared

2021-10-21 14:19:38 - [TEST_STEP][PASSED] - sendKeys(findTestObject("Object Repository/Olusturma/Genel/Kutular/SiparisBilgileri/SiparisNo"), SiparisNo): Keys 'UUC-SAT-1200001' sent to object: 'Object Repository/Olusturma/Genel/Kutular/SiparisBilgileri/SiparisNo'

2021-10-21 14:19:38 - [MESSAGE][INFO] - Finding Test Object 'Object Repository/Olusturma/Genel/Kutular/SiparisBilgileri/SiparisNo'

2021-10-21 14:19:38 - [MESSAGE][INFO] - Sending keys 'UUC-SAT-1200001' to object: 'Object Repository/Olusturma/Genel/Kutular/SiparisBilgileri/SiparisNo'

2021-10-21 14:19:38 - [MESSAGE][INFO] - Finding web element from Test Object's properties

2021-10-21 14:19:38 - [MESSAGE][INFO] - Checking timeout

2021-10-21 14:19:38 - [MESSAGE][INFO] - Finding web element with id: 'Object Repository/Olusturma/Genel/Kutular/SiparisBilgileri/SiparisNo' located by 'By.xpath: //*[@id = 'txtSiparisNo_I']' in '30' second(s)

2021-10-21 14:19:38 - [MESSAGE][INFO] - Smart Wait Function is triggered

2021-10-21 14:19:38 - [MESSAGE][INFO] - Found 1 web elements with id: 'Object Repository/Olusturma/Genel/Kutular/SiparisBilgileri/SiparisNo' located by 'By.xpath: //*[@id = 'txtSiparisNo_I']' in '30' second(s)

2021-10-21 14:19:39 - [MESSAGE][PASSED] - Keys 'UUC-SAT-1200001' sent to object: 'Object Repository/Olusturma/Genel/Kutular/SiparisBilgileri/SiparisNo'

2021-10-21 14:19:39 - [TEST_STEP][PASSED] - waitForElementClickable(findTestObject("Object Repository/Olusturma/Genel/Kutular/SiparisBilgileri/SiparisTarihiImage"), 10): Object 'Object Repository/Olusturma/Genel/Kutular/SiparisBilgileri/SiparisTarihiImage' is clickable

2021-10-21 14:19:39 - [MESSAGE][INFO] - Finding Test Object 'Object Repository/Olusturma/Genel/Kutular/SiparisBilgileri/SiparisTarihiImage'

2021-10-21 14:19:39 - [MESSAGE][INFO] - Checking object

2021-10-21 14:19:39 - [MESSAGE][INFO] - Checking timeout

2021-10-21 14:19:39 - [MESSAGE][INFO] - Finding web element from Test Object's properties

2021-10-21 14:19:39 - [MESSAGE][INFO] - Checking timeout

2021-10-21 14:19:39 - [MESSAGE][INFO] - Finding web element with id: 'Object Repository/Olusturma/Genel/Kutular/SiparisBilgileri/SiparisTarihiImage' located by 'By.cssSelector: #dateSiparisTarih img' in '10' second(s)

2021-10-21 14:19:39 - [MESSAGE][INFO] - Smart Wait Function is triggered

2021-10-21 14:19:39 - [MESSAGE][INFO] - Found 1 web elements with id: 'Object Repository/Olusturma/Genel/Kutular/SiparisBilgileri/SiparisTarihiImage' located by 'By.cssSelector: #dateSiparisTarih img' in '10' second(s)

2021-10-21 14:19:39 - [MESSAGE][PASSED] - Object 'Object Repository/Olusturma/Genel/Kutular/SiparisBilgileri/SiparisTarihiImage' is clickable

2021-10-21 14:19:39 - [TEST_STEP][PASSED] - click(findTestObject("Object Repository/Olusturma/Genel/Kutular/SiparisBilgileri/SiparisTarihiImage")): Object: 'Object Repository/Olusturma/Genel/Kutular/SiparisBilgileri/SiparisTarihiImage' is clicked on

2021-10-21 14:19:39 - [MESSAGE][INFO] - Finding Test Object 'Object Repository/Olusturma/Genel/Kutular/SiparisBilgileri/SiparisTarihiImage'

2021-10-21 14:19:39 - [MESSAGE][INFO] - Checking object

2021-10-21 14:19:39 - [MESSAGE][INFO] - Finding web element from Test Object's properties

2021-10-21 14:19:39 - [MESSAGE][INFO] - Checking timeout

2021-10-21 14:19:39 - [MESSAGE][INFO] - Finding web element with id: 'Object Repository/Olusturma/Genel/Kutular/SiparisBilgileri/SiparisTarihiImage' located by 'By.cssSelector: #dateSiparisTarih img' in '30' second(s)

2021-10-21 14:19:39 - [MESSAGE][INFO] - Smart Wait Function is triggered

2021-10-21 14:19:39 - [MESSAGE][INFO] - Found 1 web elements with id: 'Object Repository/Olusturma/Genel/Kutular/SiparisBilgileri/SiparisTarihiImage' located by 'By.cssSelector: #dateSiparisTarih img' in '30' second(s)

2021-10-21 14:19:39 - [MESSAGE][INFO] - Clicking on object: 'Object Repository/Olusturma/Genel/Kutular/SiparisBilgileri/SiparisTarihiImage'

2021-10-21 14:19:39 - [MESSAGE][PASSED] - Object: 'Object Repository/Olusturma/Genel/Kutular/SiparisBilgileri/SiparisTarihiImage' is clicked on

2021-10-21 14:19:39 - [TEST_STEP][PASSED] - waitForElementPresent(findTestObject("Object Repository/Olusturma/Genel/Kutular/SiparisBilgileri/SiparisTarihi"), 10): Object 'Object Repository/Olusturma/Genel/Kutular/SiparisBilgileri/SiparisTarihi' is present

2021-10-21 14:19:39 - [MESSAGE][INFO] - Finding Test Object 'Object Repository/Olusturma/Genel/Kutular/SiparisBilgileri/SiparisTarihi'

2021-10-21 14:19:39 - [MESSAGE][INFO] - Checking object

2021-10-21 14:19:39 - [MESSAGE][INFO] - Finding web element from Test Object's properties

2021-10-21 14:19:39 - [MESSAGE][INFO] - Checking timeout

2021-10-21 14:19:39 - [MESSAGE][INFO] - Finding web element with id: 'Object Repository/Olusturma/Genel/Kutular/SiparisBilgileri/SiparisTarihi' located by 'By.xpath: //*[@id = 'dateSiparisTarih_I']' in '10' second(s)

2021-10-21 14:19:39 - [MESSAGE][INFO] - Smart Wait Function is triggered

2021-10-21 14:19:40 - [MESSAGE][INFO] - Found 1 web elements with id: 'Object Repository/Olusturma/Genel/Kutular/SiparisBilgileri/SiparisTarihi' located by 'By.xpath: //*[@id = 'dateSiparisTarih_I']' in '10' second(s)

2021-10-21 14:19:40 - [MESSAGE][PASSED] - Object 'Object Repository/Olusturma/Genel/Kutular/SiparisBilgileri/SiparisTarihi' is present

2021-10-21 14:19:40 - [TEST_STEP][PASSED] - clearText(findTestObject("Object Repository/Olusturma/Genel/Kutular/SiparisBilgileri/SiparisTarihi")): Text of object 'Object Repository/Olusturma/Genel/Kutular/SiparisBilgileri/SiparisTarihi' is cleared

2021-10-21 14:19:40 - [MESSAGE][INFO] - Finding Test Object 'Object Repository/Olusturma/Genel/Kutular/SiparisBilgileri/SiparisTarihi'

2021-10-21 14:19:40 - [MESSAGE][INFO] - Checking object

2021-10-21 14:19:40 - [MESSAGE][INFO] - Finding web element from Test Object's properties

2021-10-21 14:19:40 - [MESSAGE][INFO] - Checking timeout

2021-10-21 14:19:40 - [MESSAGE][INFO] - Finding web element with id: 'Object Repository/Olusturma/Genel/Kutular/SiparisBilgileri/SiparisTarihi' located by 'By.xpath: //*[@id = 'dateSiparisTarih_I']' in '30' second(s)

2021-10-21 14:19:40 - [MESSAGE][INFO] - Smart Wait Function is triggered

2021-10-21 14:19:40 - [MESSAGE][INFO] - Found 1 web elements with id: 'Object Repository/Olusturma/Genel/Kutular/SiparisBilgileri/SiparisTarihi' located by 'By.xpath: //*[@id = 'dateSiparisTarih_I']' in '30' second(s)

2021-10-21 14:19:40 - [MESSAGE][INFO] - Clearing text of object 'Object Repository/Olusturma/Genel/Kutular/SiparisBilgileri/SiparisTarihi'

2021-10-21 14:19:40 - [MESSAGE][PASSED] - Text of object 'Object Repository/Olusturma/Genel/Kutular/SiparisBilgileri/SiparisTarihi' is cleared

2021-10-21 14:19:40 - [TEST_STEP][PASSED] - sendKeys(findTestObject("Object Repository/Olusturma/Genel/Kutular/SiparisBilgileri/SiparisTarihi"), Tarih): Keys '31.04.2020' sent to object: 'Object Repository/Olusturma/Genel/Kutular/SiparisBilgileri/SiparisTarihi'

2021-10-21 14:19:40 - [MESSAGE][INFO] - Finding Test Object 'Object Repository/Olusturma/Genel/Kutular/SiparisBilgileri/SiparisTarihi'

2021-10-21 14:19:40 - [MESSAGE][INFO] - Sending keys '31.04.2020' to object: 'Object Repository/Olusturma/Genel/Kutular/SiparisBilgileri/SiparisTarihi'

2021-10-21 14:19:40 - [MESSAGE][INFO] - Finding web element from Test Object's properties

2021-10-21 14:19:40 - [MESSAGE][INFO] - Checking timeout

2021-10-21 14:19:40 - [MESSAGE][INFO] - Finding web element with id: 'Object Repository/Olusturma/Genel/Kutular/SiparisBilgileri/SiparisTarihi' located by 'By.xpath: //*[@id = 'dateSiparisTarih_I']' in '30' second(s)

2021-10-21 14:19:40 - [MESSAGE][INFO] - Smart Wait Function is triggered

2021-10-21 14:19:41 - [MESSAGE][INFO] - Found 1 web elements with id: 'Object Repository/Olusturma/Genel/Kutular/SiparisBilgileri/SiparisTarihi' located by 'By.xpath: //*[@id = 'dateSiparisTarih_I']' in '30' second(s)

2021-10-21 14:19:41 - [MESSAGE][PASSED] - Keys '31.04.2020' sent to object: 'Object Repository/Olusturma/Genel/Kutular/SiparisBilgileri/SiparisTarihi'

2021-10-21 14:19:41 - [MESSAGE][PASSED] - Call Test Case 'Test Cases/Olusturma/Genel/Kutular/SiparisBilgileriGirilir' successfully

2021-10-21 14:19:41 - [MESSAGE][INFO] - Checking called Test Case

2021-10-21 14:19:41 - [MESSAGE][INFO] - Starting to call Test Case 'Test Cases/Olusturma/Genel/Kutular/IrsaliyeBilgileri'

2021-10-21 14:19:41 - [TEST_CASE][PASSED] - Test Cases/Olusturma/Genel/Kutular/IrsaliyeBilgileri: Test Cases/Olusturma/Genel/Kutular/IrsaliyeBilgileri

2021-10-21 14:19:41 - [TEST_STEP][PASSED] - Method.TextDegerineEsitElementeTikla(findTestObject("Olusturma/Genel/Kutular/KapaliKutular"), "İrsaliye Bilgileri"): Method.TextDegerineEsitElementeTikla is PASSED

2021-10-21 14:19:41 - [MESSAGE][INFO] - Finding Test Object 'Object Repository/Olusturma/Genel/Kutular/KapaliKutular'

2021-10-21 14:19:41 - [MESSAGE][INFO] - Checking timeout

2021-10-21 14:19:41 - [MESSAGE][INFO] - Finding web element with id: 'Object Repository/Olusturma/Genel/Kutular/KapaliKutular' located by 'By.cssSelector: .dxnb-headerCollapsed>span' in '10' second(s)

2021-10-21 14:19:41 - [MESSAGE][INFO] - Smart Wait Function is triggered

2021-10-21 14:19:41 - [MESSAGE][INFO] - Found 8 web elements with id: 'Object Repository/Olusturma/Genel/Kutular/KapaliKutular' located by 'By.cssSelector: .dxnb-headerCollapsed>span' in '10' second(s)

2021-10-21 14:19:42 - [MESSAGE][PASSED] - Method.TextDegerineEsitElementeTikla is PASSED

2021-10-21 14:19:42 - [TEST_STEP][PASSED] - waitForElementClickable(findTestObject("Olusturma/Genel/Kutular/IrsaliyeBilgileri/Ekle"), 10): Object 'Object Repository/Olusturma/Genel/Kutular/IrsaliyeBilgileri/Ekle' is clickable

2021-10-21 14:19:42 - [MESSAGE][INFO] - Finding Test Object 'Object Repository/Olusturma/Genel/Kutular/IrsaliyeBilgileri/Ekle'

2021-10-21 14:19:42 - [MESSAGE][INFO] - Checking object

2021-10-21 14:19:42 - [MESSAGE][INFO] - Checking timeout

2021-10-21 14:19:42 - [MESSAGE][INFO] - Finding web element from Test Object's properties

2021-10-21 14:19:42 - [MESSAGE][INFO] - Checking timeout

2021-10-21 14:19:42 - [MESSAGE][INFO] - Finding web element with id: 'Object Repository/Olusturma/Genel/Kutular/IrsaliyeBilgileri/Ekle' located by 'By.xpath: //*[@id = 'DXEditorgvUserInvoiceBillsNewRowBtn']' in '10' second(s)

2021-10-21 14:19:42 - [MESSAGE][INFO] - Smart Wait Function is triggered

2021-10-21 14:19:42 - [MESSAGE][INFO] - Found 1 web elements with id: 'Object Repository/Olusturma/Genel/Kutular/IrsaliyeBilgileri/Ekle' located by 'By.xpath: //*[@id = 'DXEditorgvUserInvoiceBillsNewRowBtn']' in '10' second(s)

2021-10-21 14:19:42 - [MESSAGE][PASSED] - Object 'Object Repository/Olusturma/Genel/Kutular/IrsaliyeBilgileri/Ekle' is clickable

2021-10-21 14:19:42 - [TEST_STEP][PASSED] - click(findTestObject("Olusturma/Genel/Kutular/IrsaliyeBilgileri/Ekle")): Object: 'Object Repository/Olusturma/Genel/Kutular/IrsaliyeBilgileri/Ekle' is clicked on

2021-10-21 14:19:42 - [MESSAGE][INFO] - Finding Test Object 'Object Repository/Olusturma/Genel/Kutular/IrsaliyeBilgileri/Ekle'

2021-10-21 14:19:42 - [MESSAGE][INFO] - Checking object

2021-10-21 14:19:42 - [MESSAGE][INFO] - Finding web element from Test Object's properties

2021-10-21 14:19:42 - [MESSAGE][INFO] - Checking timeout

2021-10-21 14:19:42 - [MESSAGE][INFO] - Finding web element with id: 'Object Repository/Olusturma/Genel/Kutular/IrsaliyeBilgileri/Ekle' located by 'By.xpath: //*[@id = 'DXEditorgvUserInvoiceBillsNewRowBtn']' in '30' second(s)

2021-10-21 14:19:42 - [MESSAGE][INFO] - Smart Wait Function is triggered

2021-10-21 14:19:43 - [MESSAGE][INFO] - Found 1 web elements with id: 'Object Repository/Olusturma/Genel/Kutular/IrsaliyeBilgileri/Ekle' located by 'By.xpath: //*[@id = 'DXEditorgvUserInvoiceBillsNewRowBtn']' in '30' second(s)

2021-10-21 14:19:43 - [MESSAGE][INFO] - Clicking on object: 'Object Repository/Olusturma/Genel/Kutular/IrsaliyeBilgileri/Ekle'

2021-10-21 14:19:43 - [MESSAGE][PASSED] - Object: 'Object Repository/Olusturma/Genel/Kutular/IrsaliyeBilgileri/Ekle' is clicked on

2021-10-21 14:19:43 - [TEST_STEP][PASSED] - waitForElementPresent(findTestObject("Object Repository/Olusturma/Genel/Kutular/IrsaliyeBilgileri/IrsaliyeNumarasi"), 10): Object 'Object Repository/Olusturma/Genel/Kutular/IrsaliyeBilgileri/IrsaliyeNumarasi' is present

2021-10-21 14:19:43 - [MESSAGE][INFO] - Finding Test Object 'Object Repository/Olusturma/Genel/Kutular/IrsaliyeBilgileri/IrsaliyeNumarasi'

2021-10-21 14:19:43 - [MESSAGE][INFO] - Checking object

2021-10-21 14:19:43 - [MESSAGE][INFO] - Finding web element from Test Object's properties

2021-10-21 14:19:43 - [MESSAGE][INFO] - Checking timeout

2021-10-21 14:19:43 - [MESSAGE][INFO] - Finding web element with id: 'Object Repository/Olusturma/Genel/Kutular/IrsaliyeBilgileri/IrsaliyeNumarasi' located by 'By.xpath: //*[@id = 'gvUserInvoiceBills_DXEditor1_I']' in '10' second(s)

2021-10-21 14:19:43 - [MESSAGE][INFO] - Smart Wait Function is triggered

2021-10-21 14:19:43 - [MESSAGE][INFO] - Smart Wait Function is triggered

2021-10-21 14:19:44 - [MESSAGE][INFO] - Found 1 web elements with id: 'Object Repository/Olusturma/Genel/Kutular/IrsaliyeBilgileri/IrsaliyeNumarasi' located by 'By.xpath: //*[@id = 'gvUserInvoiceBills_DXEditor1_I']' in '10' second(s)

2021-10-21 14:19:44 - [MESSAGE][PASSED] - Object 'Object Repository/Olusturma/Genel/Kutular/IrsaliyeBilgileri/IrsaliyeNumarasi' is present

2021-10-21 14:19:44 - [TEST_STEP][PASSED] - clearText(findTestObject("Object Repository/Olusturma/Genel/Kutular/IrsaliyeBilgileri/IrsaliyeNumarasi")): Text of object 'Object Repository/Olusturma/Genel/Kutular/IrsaliyeBilgileri/IrsaliyeNumarasi' is cleared

2021-10-21 14:19:44 - [MESSAGE][INFO] - Finding Test Object 'Object Repository/Olusturma/Genel/Kutular/IrsaliyeBilgileri/IrsaliyeNumarasi'

2021-10-21 14:19:44 - [MESSAGE][INFO] - Checking object

2021-10-21 14:19:44 - [MESSAGE][INFO] - Finding web element from Test Object's properties

2021-10-21 14:19:44 - [MESSAGE][INFO] - Checking timeout

2021-10-21 14:19:44 - [MESSAGE][INFO] - Finding web element with id: 'Object Repository/Olusturma/Genel/Kutular/IrsaliyeBilgileri/IrsaliyeNumarasi' located by 'By.xpath: //*[@id = 'gvUserInvoiceBills_DXEditor1_I']' in '30' second(s)

2021-10-21 14:19:44 - [MESSAGE][INFO] - Smart Wait Function is triggered

2021-10-21 14:19:44 - [MESSAGE][INFO] - Found 1 web elements with id: 'Object Repository/Olusturma/Genel/Kutular/IrsaliyeBilgileri/IrsaliyeNumarasi' located by 'By.xpath: //*[@id = 'gvUserInvoiceBills_DXEditor1_I']' in '30' second(s)

2021-10-21 14:19:44 - [MESSAGE][INFO] - Clearing text of object 'Object Repository/Olusturma/Genel/Kutular/IrsaliyeBilgileri/IrsaliyeNumarasi'

2021-10-21 14:19:44 - [MESSAGE][PASSED] - Text of object 'Object Repository/Olusturma/Genel/Kutular/IrsaliyeBilgileri/IrsaliyeNumarasi' is cleared

2021-10-21 14:19:44 - [TEST_STEP][PASSED] - sendKeys(findTestObject("Object Repository/Olusturma/Genel/Kutular/IrsaliyeBilgileri/IrsaliyeNumarasi"), Numara): Keys 'AAAAAAAAAA' sent to object: 'Object Repository/Olusturma/Genel/Kutular/IrsaliyeBilgileri/IrsaliyeNumarasi'

2021-10-21 14:19:44 - [MESSAGE][INFO] - Finding Test Object 'Object Repository/Olusturma/Genel/Kutular/IrsaliyeBilgileri/IrsaliyeNumarasi'

2021-10-21 14:19:45 - [MESSAGE][INFO] - Sending keys 'AAAAAAAAAA' to object: 'Object Repository/Olusturma/Genel/Kutular/IrsaliyeBilgileri/IrsaliyeNumarasi'

2021-10-21 14:19:45 - [MESSAGE][INFO] - Finding web element from Test Object's properties

2021-10-21 14:19:45 - [MESSAGE][INFO] - Checking timeout

2021-10-21 14:19:45 - [MESSAGE][INFO] - Finding web element with id: 'Object Repository/Olusturma/Genel/Kutular/IrsaliyeBilgileri/IrsaliyeNumarasi' located by 'By.xpath: //*[@id = 'gvUserInvoiceBills_DXEditor1_I']' in '30' second(s)

2021-10-21 14:19:45 - [MESSAGE][INFO] - Smart Wait Function is triggered

2021-10-21 14:19:45 - [MESSAGE][INFO] - Found 1 web elements with id: 'Object Repository/Olusturma/Genel/Kutular/IrsaliyeBilgileri/IrsaliyeNumarasi' located by 'By.xpath: //*[@id = 'gvUserInvoiceBills_DXEditor1_I']' in '30' second(s)

2021-10-21 14:19:45 - [MESSAGE][PASSED] - Keys 'AAAAAAAAAA' sent to object: 'Object Repository/Olusturma/Genel/Kutular/IrsaliyeBilgileri/IrsaliyeNumarasi'

2021-10-21 14:19:45 - [TEST_STEP][PASSED] - waitForElementClickable(findTestObject("Object Repository/Olusturma/Genel/Kutular/IrsaliyeBilgileri/IrsaliyeTarihi"), 10): Object 'Object Repository/Olusturma/Genel/Kutular/IrsaliyeBilgileri/IrsaliyeTarihi' is clickable

2021-10-21 14:19:45 - [MESSAGE][INFO] - Finding Test Object 'Object Repository/Olusturma/Genel/Kutular/IrsaliyeBilgileri/IrsaliyeTarihi'

2021-10-21 14:19:45 - [MESSAGE][INFO] - Checking object

2021-10-21 14:19:45 - [MESSAGE][INFO] - Checking timeout

2021-10-21 14:19:45 - [MESSAGE][INFO] - Finding web element from Test Object's properties

2021-10-21 14:19:45 - [MESSAGE][INFO] - Checking timeout

2021-10-21 14:19:45 - [MESSAGE][INFO] - Finding web element with id: 'Object Repository/Olusturma/Genel/Kutular/IrsaliyeBilgileri/IrsaliyeTarihi' located by 'By.xpath: //*[@id = 'gvUserInvoiceBills_DXEditor2_I']' in '10' second(s)

2021-10-21 14:19:45 - [MESSAGE][INFO] - Smart Wait Function is triggered

2021-10-21 14:19:46 - [MESSAGE][INFO] - Found 1 web elements with id: 'Object Repository/Olusturma/Genel/Kutular/IrsaliyeBilgileri/IrsaliyeTarihi' located by 'By.xpath: //*[@id = 'gvUserInvoiceBills_DXEditor2_I']' in '10' second(s)

2021-10-21 14:19:46 - [MESSAGE][PASSED] - Object 'Object Repository/Olusturma/Genel/Kutular/IrsaliyeBilgileri/IrsaliyeTarihi' is clickable

2021-10-21 14:19:46 - [TEST_STEP][PASSED] - click(findTestObject("Object Repository/Olusturma/Genel/Kutular/IrsaliyeBilgileri/IrsaliyeTarihi")): Object: 'Object Repository/Olusturma/Genel/Kutular/IrsaliyeBilgileri/IrsaliyeTarihi' is clicked on

2021-10-21 14:19:46 - [MESSAGE][INFO] - Finding Test Object 'Object Repository/Olusturma/Genel/Kutular/IrsaliyeBilgileri/IrsaliyeTarihi'

2021-10-21 14:19:46 - [MESSAGE][INFO] - Checking object

2021-10-21 14:19:46 - [MESSAGE][INFO] - Finding web element from Test Object's properties

2021-10-21 14:19:46 - [MESSAGE][INFO] - Checking timeout

2021-10-21 14:19:46 - [MESSAGE][INFO] - Finding web element with id: 'Object Repository/Olusturma/Genel/Kutular/IrsaliyeBilgileri/IrsaliyeTarihi' located by 'By.xpath: //*[@id = 'gvUserInvoiceBills_DXEditor2_I']' in '30' second(s)

2021-10-21 14:19:46 - [MESSAGE][INFO] - Smart Wait Function is triggered

2021-10-21 14:19:46 - [MESSAGE][INFO] - Found 1 web elements with id: 'Object Repository/Olusturma/Genel/Kutular/IrsaliyeBilgileri/IrsaliyeTarihi' located by 'By.xpath: //*[@id = 'gvUserInvoiceBills_DXEditor2_I']' in '30' second(s)

2021-10-21 14:19:46 - [MESSAGE][INFO] - Clicking on object: 'Object Repository/Olusturma/Genel/Kutular/IrsaliyeBilgileri/IrsaliyeTarihi'

2021-10-21 14:19:46 - [MESSAGE][PASSED] - Object: 'Object Repository/Olusturma/Genel/Kutular/IrsaliyeBilgileri/IrsaliyeTarihi' is clicked on

2021-10-21 14:19:46 - [TEST_STEP][PASSED] - sendKeys(findTestObject("Object Repository/Olusturma/Genel/Kutular/IrsaliyeBilgileri/IrsaliyeTarihi"), Tarih): Keys '31.04.2020' sent to object: 'Object Repository/Olusturma/Genel/Kutular/IrsaliyeBilgileri/IrsaliyeTarihi'

2021-10-21 14:19:46 - [MESSAGE][INFO] - Finding Test Object 'Object Repository/Olusturma/Genel/Kutular/IrsaliyeBilgileri/IrsaliyeTarihi'

2021-10-21 14:19:47 - [MESSAGE][INFO] - Sending keys '31.04.2020' to object: 'Object Repository/Olusturma/Genel/Kutular/IrsaliyeBilgileri/IrsaliyeTarihi'

2021-10-21 14:19:47 - [MESSAGE][INFO] - Finding web element from Test Object's properties

2021-10-21 14:19:47 - [MESSAGE][INFO] - Checking timeout

2021-10-21 14:19:47 - [MESSAGE][INFO] - Finding web element with id: 'Object Repository/Olusturma/Genel/Kutular/IrsaliyeBilgileri/IrsaliyeTarihi' located by 'By.xpath: //*[@id = 'gvUserInvoiceBills_DXEditor2_I']' in '30' second(s)

2021-10-21 14:19:47 - [MESSAGE][INFO] - Smart Wait Function is triggered

2021-10-21 14:19:47 - [MESSAGE][INFO] - Found 1 web elements with id: 'Object Repository/Olusturma/Genel/Kutular/IrsaliyeBilgileri/IrsaliyeTarihi' located by 'By.xpath: //*[@id = 'gvUserInvoiceBills_DXEditor2_I']' in '30' second(s)

2021-10-21 14:19:47 - [MESSAGE][PASSED] - Keys '31.04.2020' sent to object: 'Object Repository/Olusturma/Genel/Kutular/IrsaliyeBilgileri/IrsaliyeTarihi'

2021-10-21 14:19:47 - [MESSAGE][PASSED] - Call Test Case 'Test Cases/Olusturma/Genel/Kutular/IrsaliyeBilgileri' successfully

2021-10-21 14:19:47 - [MESSAGE][INFO] - Checking called Test Case

2021-10-21 14:19:47 - [MESSAGE][INFO] - Starting to call Test Case 'Test Cases/Olusturma/Genel/EkleButonunaBasilir'

2021-10-21 14:19:47 - [TEST_CASE][PASSED] - Test Cases/Olusturma/Genel/EkleButonunaBasilir: Test Cases/Olusturma/Genel/EkleButonunaBasilir

2021-10-21 14:19:47 - [TEST_STEP][PASSED] - waitForElementClickable(findTestObject("Object Repository/Olusturma/Genel/Olusturma/Ekle"), 10): Object 'Object Repository/Olusturma/Genel/Olusturma/Ekle' is clickable

2021-10-21 14:19:47 - [MESSAGE][INFO] - Finding Test Object 'Object Repository/Olusturma/Genel/Olusturma/Ekle'

2021-10-21 14:19:47 - [MESSAGE][INFO] - Checking object

2021-10-21 14:19:47 - [MESSAGE][INFO] - Checking timeout

2021-10-21 14:19:47 - [MESSAGE][INFO] - Finding web element from Test Object's properties

2021-10-21 14:19:47 - [MESSAGE][INFO] - Checking timeout

2021-10-21 14:19:47 - [MESSAGE][INFO] - Finding web element with id: 'Object Repository/Olusturma/Genel/Olusturma/Ekle' located by 'By.cssSelector: #divmalhizmet i.fa.fa-plus.fa-lg.text-muted' in '10' second(s)

2021-10-21 14:19:47 - [MESSAGE][INFO] - Smart Wait Function is triggered

2021-10-21 14:19:47 - [MESSAGE][INFO] - Found 1 web elements with id: 'Object Repository/Olusturma/Genel/Olusturma/Ekle' located by 'By.cssSelector: #divmalhizmet i.fa.fa-plus.fa-lg.text-muted' in '10' second(s)

2021-10-21 14:19:47 - [MESSAGE][PASSED] - Object 'Object Repository/Olusturma/Genel/Olusturma/Ekle' is clickable

2021-10-21 14:19:47 - [TEST_STEP][PASSED] - click(findTestObject("Object Repository/Olusturma/Genel/Olusturma/Ekle")): Object: 'Object Repository/Olusturma/Genel/Olusturma/Ekle' is clicked on

2021-10-21 14:19:47 - [MESSAGE][INFO] - Finding Test Object 'Object Repository/Olusturma/Genel/Olusturma/Ekle'

2021-10-21 14:19:48 - [MESSAGE][INFO] - Checking object

2021-10-21 14:19:48 - [MESSAGE][INFO] - Finding web element from Test Object's properties

2021-10-21 14:19:48 - [MESSAGE][INFO] - Checking timeout

2021-10-21 14:19:48 - [MESSAGE][INFO] - Finding web element with id: 'Object Repository/Olusturma/Genel/Olusturma/Ekle' located by 'By.cssSelector: #divmalhizmet i.fa.fa-plus.fa-lg.text-muted' in '30' second(s)

2021-10-21 14:19:48 - [MESSAGE][INFO] - Smart Wait Function is triggered

2021-10-21 14:19:48 - [MESSAGE][INFO] - Found 1 web elements with id: 'Object Repository/Olusturma/Genel/Olusturma/Ekle' located by 'By.cssSelector: #divmalhizmet i.fa.fa-plus.fa-lg.text-muted' in '30' second(s)

2021-10-21 14:19:48 - [MESSAGE][INFO] - Clicking on object: 'Object Repository/Olusturma/Genel/Olusturma/Ekle'

2021-10-21 14:19:48 - [MESSAGE][PASSED] - Object: 'Object Repository/Olusturma/Genel/Olusturma/Ekle' is clicked on

2021-10-21 14:19:48 - [TEST_STEP][PASSED] - waitForElementClickable(findTestObject("Olusturma/Genel/Olusturma/EklenenSatirCarpiImage"), 10): Object 'Object Repository/Olusturma/Genel/Olusturma/EklenenSatirCarpiImage' is clickable

2021-10-21 14:19:48 - [MESSAGE][INFO] - Finding Test Object 'Object Repository/Olusturma/Genel/Olusturma/EklenenSatirCarpiImage'

2021-10-21 14:19:48 - [MESSAGE][INFO] - Checking object

2021-10-21 14:19:48 - [MESSAGE][INFO] - Checking timeout

2021-10-21 14:19:48 - [MESSAGE][INFO] - Finding web element from Test Object's properties

2021-10-21 14:19:48 - [MESSAGE][INFO] - Checking timeout

2021-10-21 14:19:48 - [MESSAGE][INFO] - Finding web element with id: 'Object Repository/Olusturma/Genel/Olusturma/EklenenSatirCarpiImage' located by 'By.cssSelector: .fa.fa-times.fa-lg.text-primary' in '10' second(s)

2021-10-21 14:19:48 - [MESSAGE][INFO] - Smart Wait Function is triggered

2021-10-21 14:19:48 - [MESSAGE][INFO] - Found 1 web elements with id: 'Object Repository/Olusturma/Genel/Olusturma/EklenenSatirCarpiImage' located by 'By.cssSelector: .fa.fa-times.fa-lg.text-primary' in '10' second(s)

2021-10-21 14:19:48 - [MESSAGE][PASSED] - Object 'Object Repository/Olusturma/Genel/Olusturma/EklenenSatirCarpiImage' is clickable

2021-10-21 14:19:48 - [MESSAGE][PASSED] - Call Test Case 'Test Cases/Olusturma/Genel/EkleButonunaBasilir' successfully

2021-10-21 14:19:48 - [MESSAGE][INFO] - Checking called Test Case

2021-10-21 14:19:48 - [MESSAGE][INFO] - Starting to call Test Case 'Test Cases/Olusturma/Genel/Olusturma'

2021-10-21 14:19:49 - [TEST_CASE][PASSED] - Test Cases/Olusturma/Genel/Olusturma: Test Cases/Olusturma/Genel/Olusturma

2021-10-21 14:19:49 - [TEST_STEP][PASSED] - driver = getWebDriver(): null

2021-10-21 14:19:49 - [TEST_STEP][PASSED] - action = new org.openqa.selenium.interactions.Actions(driver): null

2021-10-21 14:19:49 - [TEST_STEP][PASSED] - baslikElement = <not implemented yet for class: org.codehaus.groovy.ast.expr.EmptyExpression>: null

2021-10-21 14:19:49 - [TEST_STEP][PASSED] - sonElement = <not implemented yet for class: org.codehaus.groovy.ast.expr.EmptyExpression>: null

2021-10-21 14:19:49 - [TEST_STEP][PASSED] - attr = <not implemented yet for class: org.codehaus.groovy.ast.expr.EmptyExpression>: null

2021-10-21 14:19:49 - [TEST_STEP][PASSED] - a = 0: null

2021-10-21 14:19:49 - [TEST_STEP][PASSED] - elements = findWebElements(findTestObject("Object Repository/Olusturma/Genel/Olusturma/TabloBasliklari"), 10): Found 13 web elements with id: 'Object Repository/Olusturma/Genel/Olusturma/TabloBasliklari' located by 'By.cssSelector: div#divmalhizmet .dxgvTable_LECustomTheme td.dxgvHeader_LECustomTheme tr>td:nth-child(1)' in '10' second(s)

2021-10-21 14:19:49 - [MESSAGE][INFO] - Finding Test Object 'Object Repository/Olusturma/Genel/Olusturma/TabloBasliklari'

2021-10-21 14:19:49 - [MESSAGE][INFO] - Checking timeout

2021-10-21 14:19:49 - [MESSAGE][INFO] - Finding web element with id: 'Object Repository/Olusturma/Genel/Olusturma/TabloBasliklari' located by 'By.cssSelector: div#divmalhizmet .dxgvTable_LECustomTheme td.dxgvHeader_LECustomTheme tr>td:nth-child(1)' in '10' second(s)

2021-10-21 14:19:49 - [MESSAGE][INFO] - Smart Wait Function is triggered

2021-10-21 14:19:50 - [MESSAGE][INFO] - Found 13 web elements with id: 'Object Repository/Olusturma/Genel/Olusturma/TabloBasliklari' located by 'By.cssSelector: div#divmalhizmet .dxgvTable_LECustomTheme td.dxgvHeader_LECustomTheme tr>td:nth-child(1)' in '10' second(s)

2021-10-21 14:19:50 - [TEST_STEP][PASSED] - for (def element : elements): null

2021-10-21 14:19:50 - [TEST_STEP][PASSED] - build().perform(): null

2021-10-21 14:19:50 - [TEST_STEP][PASSED] - if (getText().equals(Baslik)): null

2021-10-21 14:19:50 - [TEST_STEP][PASSED] - baslikElement = element.findElement(By.xpath("../../../..")): Smart Wait Function is triggered

2021-10-21 14:19:50 - [MESSAGE][INFO] - Smart Wait Function is triggered

2021-10-21 14:19:50 - [TEST_STEP][PASSED] - attr = baslikElement.getAttribute("id"): null

2021-10-21 14:19:50 - [TEST_STEP][PASSED] - println("girdi ve idsini aldı = " + attr): null

2021-10-21 14:19:50 - [TEST_STEP][PASSED] - break: null

2021-10-21 14:19:50 - [TEST_STEP][PASSED] - countElement = baslikElement.findElements(By.xpath("../td")): Smart Wait Function is triggered

2021-10-21 14:19:50 - [MESSAGE][INFO] - Smart Wait Function is triggered

2021-10-21 14:19:51 - [TEST_STEP][PASSED] - for (def element : countElement): null

2021-10-21 14:19:51 - [TEST_STEP][PASSED] - if (toString().equals(attr.toString())): null

2021-10-21 14:19:51 - [TEST_STEP][PASSED] - (a++): null

2021-10-21 14:19:51 - [TEST_STEP][PASSED] - if (toString().equals(attr.toString())): null

2021-10-21 14:19:51 - [TEST_STEP][PASSED] - break: null

2021-10-21 14:19:51 - [TEST_STEP][PASSED] - son = findWebElement(findTestObject("Object Repository/Olusturma/Genel/Olusturma/EklenenSatir")).findElement(By.xpath("td[@class='dxgvInlineEditCell_LECustomTheme dxgv'][" + a + "]//td[@class='dxic']/input")): Smart Wait Function is triggered

2021-10-21 14:19:51 - [MESSAGE][INFO] - Finding Test Object 'Object Repository/Olusturma/Genel/Olusturma/EklenenSatir'

2021-10-21 14:19:51 - [MESSAGE][INFO] - Finding web element from Test Object's properties

2021-10-21 14:19:51 - [MESSAGE][INFO] - Checking timeout

2021-10-21 14:19:51 - [MESSAGE][INFO] - Finding web element with id: 'Object Repository/Olusturma/Genel/Olusturma/EklenenSatir' located by 'By.cssSelector: #divmalhizmet .dxgvInlineEditRow_LECustomTheme' in '30' second(s)

2021-10-21 14:19:51 - [MESSAGE][INFO] - Smart Wait Function is triggered

2021-10-21 14:19:51 - [MESSAGE][INFO] - Found 1 web elements with id: 'Object Repository/Olusturma/Genel/Olusturma/EklenenSatir' located by 'By.cssSelector: #divmalhizmet .dxgvInlineEditRow_LECustomTheme' in '30' second(s)

2021-10-21 14:19:51 - [MESSAGE][INFO] - Smart Wait Function is triggered

2021-10-21 14:19:52 - [TEST_STEP][PASSED] - if (!(getAttribute("value").contains("Vkn"))): null

2021-10-21 14:19:52 - [TEST_STEP][PASSED] - son.clear(): null

2021-10-21 14:19:52 - [TEST_STEP][PASSED] - son.sendKeys(Deger): null

2021-10-21 14:19:52 - [MESSAGE][PASSED] - Call Test Case 'Test Cases/Olusturma/Genel/Olusturma' successfully

2021-10-21 14:19:52 - [MESSAGE][INFO] - Checking called Test Case

2021-10-21 14:19:52 - [MESSAGE][INFO] - Starting to call Test Case 'Test Cases/Olusturma/Genel/Olusturma'

2021-10-21 14:19:52 - [TEST_CASE][PASSED] - Test Cases/Olusturma/Genel/Olusturma: Test Cases/Olusturma/Genel/Olusturma

2021-10-21 14:19:52 - [TEST_STEP][PASSED] - driver = getWebDriver(): null

2021-10-21 14:19:52 - [TEST_STEP][PASSED] - action = new org.openqa.selenium.interactions.Actions(driver): null

2021-10-21 14:19:52 - [TEST_STEP][PASSED] - baslikElement = <not implemented yet for class: org.codehaus.groovy.ast.expr.EmptyExpression>: null

2021-10-21 14:19:52 - [TEST_STEP][PASSED] - sonElement = <not implemented yet for class: org.codehaus.groovy.ast.expr.EmptyExpression>: null

2021-10-21 14:19:52 - [TEST_STEP][PASSED] - attr = <not implemented yet for class: org.codehaus.groovy.ast.expr.EmptyExpression>: null

2021-10-21 14:19:52 - [TEST_STEP][PASSED] - a = 0: null

2021-10-21 14:19:52 - [TEST_STEP][PASSED] - elements = findWebElements(findTestObject("Object Repository/Olusturma/Genel/Olusturma/TabloBasliklari"), 10): Found 13 web elements with id: 'Object Repository/Olusturma/Genel/Olusturma/TabloBasliklari' located by 'By.cssSelector: div#divmalhizmet .dxgvTable_LECustomTheme td.dxgvHeader_LECustomTheme tr>td:nth-child(1)' in '10' second(s)

2021-10-21 14:19:52 - [MESSAGE][INFO] - Finding Test Object 'Object Repository/Olusturma/Genel/Olusturma/TabloBasliklari'

2021-10-21 14:19:52 - [MESSAGE][INFO] - Checking timeout

2021-10-21 14:19:52 - [MESSAGE][INFO] - Finding web element with id: 'Object Repository/Olusturma/Genel/Olusturma/TabloBasliklari' located by 'By.cssSelector: div#divmalhizmet .dxgvTable_LECustomTheme td.dxgvHeader_LECustomTheme tr>td:nth-child(1)' in '10' second(s)

2021-10-21 14:19:52 - [MESSAGE][INFO] - Smart Wait Function is triggered

2021-10-21 14:19:52 - [MESSAGE][INFO] - Found 13 web elements with id: 'Object Repository/Olusturma/Genel/Olusturma/TabloBasliklari' located by 'By.cssSelector: div#divmalhizmet .dxgvTable_LECustomTheme td.dxgvHeader_LECustomTheme tr>td:nth-child(1)' in '10' second(s)

2021-10-21 14:19:52 - [TEST_STEP][PASSED] - for (def element : elements): null

2021-10-21 14:19:52 - [TEST_STEP][PASSED] - build().perform(): null

2021-10-21 14:19:53 - [TEST_STEP][PASSED] - if (getText().equals(Baslik)): null

2021-10-21 14:19:53 - [TEST_STEP][PASSED] - build().perform(): null

2021-10-21 14:19:53 - [TEST_STEP][PASSED] - if (getText().equals(Baslik)): null

2021-10-21 14:19:53 - [TEST_STEP][PASSED] - baslikElement = element.findElement(By.xpath("../../../..")): Smart Wait Function is triggered

2021-10-21 14:19:53 - [MESSAGE][INFO] - Smart Wait Function is triggered

2021-10-21 14:19:53 - [TEST_STEP][PASSED] - attr = baslikElement.getAttribute("id"): null

2021-10-21 14:19:53 - [TEST_STEP][PASSED] - println("girdi ve idsini aldı = " + attr): null

2021-10-21 14:19:53 - [TEST_STEP][PASSED] - break: null

2021-10-21 14:19:53 - [TEST_STEP][PASSED] - countElement = baslikElement.findElements(By.xpath("../td")): Smart Wait Function is triggered

2021-10-21 14:19:53 - [MESSAGE][INFO] - Smart Wait Function is triggered

2021-10-21 14:19:53 - [TEST_STEP][PASSED] - for (def element : countElement): null

2021-10-21 14:19:53 - [TEST_STEP][PASSED] - if (toString().equals(attr.toString())): null

2021-10-21 14:19:53 - [TEST_STEP][PASSED] - (a++): null

2021-10-21 14:19:53 - [TEST_STEP][PASSED] - if (toString().equals(attr.toString())): null

2021-10-21 14:19:53 - [TEST_STEP][PASSED] - (a++): null

2021-10-21 14:19:53 - [TEST_STEP][PASSED] - if (toString().equals(attr.toString())): null

2021-10-21 14:19:53 - [TEST_STEP][PASSED] - break: null

2021-10-21 14:19:53 - [TEST_STEP][PASSED] - son = findWebElement(findTestObject("Object Repository/Olusturma/Genel/Olusturma/EklenenSatir")).findElement(By.xpath("td[@class='dxgvInlineEditCell_LECustomTheme dxgv'][" + a + "]//td[@class='dxic']/input")): Smart Wait Function is triggered

2021-10-21 14:19:53 - [MESSAGE][INFO] - Finding Test Object 'Object Repository/Olusturma/Genel/Olusturma/EklenenSatir'

2021-10-21 14:19:53 - [MESSAGE][INFO] - Finding web element from Test Object's properties

2021-10-21 14:19:53 - [MESSAGE][INFO] - Checking timeout

2021-10-21 14:19:53 - [MESSAGE][INFO] - Finding web element with id: 'Object Repository/Olusturma/Genel/Olusturma/EklenenSatir' located by 'By.cssSelector: #divmalhizmet .dxgvInlineEditRow_LECustomTheme' in '30' second(s)

2021-10-21 14:19:53 - [MESSAGE][INFO] - Smart Wait Function is triggered

2021-10-21 14:19:54 - [MESSAGE][INFO] - Found 1 web elements with id: 'Object Repository/Olusturma/Genel/Olusturma/EklenenSatir' located by 'By.cssSelector: #divmalhizmet .dxgvInlineEditRow_LECustomTheme' in '30' second(s)

2021-10-21 14:19:54 - [MESSAGE][INFO] - Smart Wait Function is triggered

2021-10-21 14:19:54 - [TEST_STEP][PASSED] - if (!(getAttribute("value").contains("Vkn"))): null

2021-10-21 14:19:54 - [TEST_STEP][PASSED] - son.clear(): null

2021-10-21 14:19:54 - [TEST_STEP][PASSED] - son.sendKeys(Deger): null

2021-10-21 14:19:54 - [MESSAGE][PASSED] - Call Test Case 'Test Cases/Olusturma/Genel/Olusturma' successfully

2021-10-21 14:19:54 - [MESSAGE][INFO] - Checking called Test Case

2021-10-21 14:19:54 - [MESSAGE][INFO] - Starting to call Test Case 'Test Cases/Olusturma/Genel/Olusturma'

2021-10-21 14:19:54 - [TEST_CASE][PASSED] - Test Cases/Olusturma/Genel/Olusturma: Test Cases/Olusturma/Genel/Olusturma

2021-10-21 14:19:54 - [TEST_STEP][PASSED] - driver = getWebDriver(): null

2021-10-21 14:19:54 - [TEST_STEP][PASSED] - action = new org.openqa.selenium.interactions.Actions(driver): null

2021-10-21 14:19:54 - [TEST_STEP][PASSED] - baslikElement = <not implemented yet for class: org.codehaus.groovy.ast.expr.EmptyExpression>: null

2021-10-21 14:19:54 - [TEST_STEP][PASSED] - sonElement = <not implemented yet for class: org.codehaus.groovy.ast.expr.EmptyExpression>: null

2021-10-21 14:19:54 - [TEST_STEP][PASSED] - attr = <not implemented yet for class: org.codehaus.groovy.ast.expr.EmptyExpression>: null

2021-10-21 14:19:54 - [TEST_STEP][PASSED] - a = 0: null

2021-10-21 14:19:54 - [TEST_STEP][PASSED] - elements = findWebElements(findTestObject("Object Repository/Olusturma/Genel/Olusturma/TabloBasliklari"), 10): Found 13 web elements with id: 'Object Repository/Olusturma/Genel/Olusturma/TabloBasliklari' located by 'By.cssSelector: div#divmalhizmet .dxgvTable_LECustomTheme td.dxgvHeader_LECustomTheme tr>td:nth-child(1)' in '10' second(s)

2021-10-21 14:19:54 - [MESSAGE][INFO] - Finding Test Object 'Object Repository/Olusturma/Genel/Olusturma/TabloBasliklari'

2021-10-21 14:19:54 - [MESSAGE][INFO] - Checking timeout

2021-10-21 14:19:54 - [MESSAGE][INFO] - Finding web element with id: 'Object Repository/Olusturma/Genel/Olusturma/TabloBasliklari' located by 'By.cssSelector: div#divmalhizmet .dxgvTable_LECustomTheme td.dxgvHeader_LECustomTheme tr>td:nth-child(1)' in '10' second(s)

2021-10-21 14:19:54 - [MESSAGE][INFO] - Smart Wait Function is triggered

2021-10-21 14:19:55 - [MESSAGE][INFO] - Found 13 web elements with id: 'Object Repository/Olusturma/Genel/Olusturma/TabloBasliklari' located by 'By.cssSelector: div#divmalhizmet .dxgvTable_LECustomTheme td.dxgvHeader_LECustomTheme tr>td:nth-child(1)' in '10' second(s)

2021-10-21 14:19:55 - [TEST_STEP][PASSED] - for (def element : elements): null

2021-10-21 14:19:55 - [TEST_STEP][PASSED] - build().perform(): null

2021-10-21 14:19:55 - [TEST_STEP][PASSED] - if (getText().equals(Baslik)): null

2021-10-21 14:19:55 - [TEST_STEP][PASSED] - build().perform(): null

2021-10-21 14:19:55 - [TEST_STEP][PASSED] - if (getText().equals(Baslik)): null

2021-10-21 14:19:55 - [TEST_STEP][PASSED] - build().perform(): null

2021-10-21 14:19:55 - [TEST_STEP][PASSED] - if (getText().equals(Baslik)): null

2021-10-21 14:19:55 - [TEST_STEP][PASSED] - build().perform(): null

2021-10-21 14:19:55 - [TEST_STEP][PASSED] - if (getText().equals(Baslik)): null

2021-10-21 14:19:55 - [TEST_STEP][PASSED] - baslikElement = element.findElement(By.xpath("../../../..")): Smart Wait Function is triggered

2021-10-21 14:19:55 - [MESSAGE][INFO] - Smart Wait Function is triggered

2021-10-21 14:19:56 - [TEST_STEP][PASSED] - attr = baslikElement.getAttribute("id"): null

2021-10-21 14:19:56 - [TEST_STEP][PASSED] - println("girdi ve idsini aldı = " + attr): null

2021-10-21 14:19:56 - [TEST_STEP][PASSED] - break: null

2021-10-21 14:19:56 - [TEST_STEP][PASSED] - countElement = baslikElement.findElements(By.xpath("../td")): Smart Wait Function is triggered

2021-10-21 14:19:56 - [MESSAGE][INFO] - Smart Wait Function is triggered

2021-10-21 14:19:56 - [TEST_STEP][PASSED] - for (def element : countElement): null

2021-10-21 14:19:56 - [TEST_STEP][PASSED] - if (toString().equals(attr.toString())): null

2021-10-21 14:19:56 - [TEST_STEP][PASSED] - (a++): null

2021-10-21 14:19:56 - [TEST_STEP][PASSED] - if (toString().equals(attr.toString())): null

2021-10-21 14:19:56 - [TEST_STEP][PASSED] - (a++): null

2021-10-21 14:19:56 - [TEST_STEP][PASSED] - if (toString().equals(attr.toString())): null

2021-10-21 14:19:56 - [TEST_STEP][PASSED] - (a++): null

2021-10-21 14:19:56 - [TEST_STEP][PASSED] - if (toString().equals(attr.toString())): null

2021-10-21 14:19:56 - [TEST_STEP][PASSED] - (a++): null

2021-10-21 14:19:56 - [TEST_STEP][PASSED] - if (toString().equals(attr.toString())): null

2021-10-21 14:19:56 - [TEST_STEP][PASSED] - break: null

2021-10-21 14:19:56 - [TEST_STEP][PASSED] - son = findWebElement(findTestObject("Object Repository/Olusturma/Genel/Olusturma/EklenenSatir")).findElement(By.xpath("td[@class='dxgvInlineEditCell_LECustomTheme dxgv'][" + a + "]//td[@class='dxic']/input")): Smart Wait Function is triggered

2021-10-21 14:19:56 - [MESSAGE][INFO] - Finding Test Object 'Object Repository/Olusturma/Genel/Olusturma/EklenenSatir'

2021-10-21 14:19:56 - [MESSAGE][INFO] - Finding web element from Test Object's properties

2021-10-21 14:19:56 - [MESSAGE][INFO] - Checking timeout

2021-10-21 14:19:56 - [MESSAGE][INFO] - Finding web element with id: 'Object Repository/Olusturma/Genel/Olusturma/EklenenSatir' located by 'By.cssSelector: #divmalhizmet .dxgvInlineEditRow_LECustomTheme' in '30' second(s)

2021-10-21 14:19:56 - [MESSAGE][INFO] - Smart Wait Function is triggered

2021-10-21 14:19:56 - [MESSAGE][INFO] - Found 1 web elements with id: 'Object Repository/Olusturma/Genel/Olusturma/EklenenSatir' located by 'By.cssSelector: #divmalhizmet .dxgvInlineEditRow_LECustomTheme' in '30' second(s)

2021-10-21 14:19:56 - [MESSAGE][INFO] - Smart Wait Function is triggered

2021-10-21 14:19:57 - [TEST_STEP][PASSED] - if (!(getAttribute("value").contains("Vkn"))): null

2021-10-21 14:19:57 - [TEST_STEP][PASSED] - son.clear(): null

2021-10-21 14:19:57 - [TEST_STEP][PASSED] - son.sendKeys(Deger): null

2021-10-21 14:19:57 - [MESSAGE][PASSED] - Call Test Case 'Test Cases/Olusturma/Genel/Olusturma' successfully

2021-10-21 14:19:57 - [MESSAGE][INFO] - Checking called Test Case

2021-10-21 14:19:57 - [MESSAGE][INFO] - Starting to call Test Case 'Test Cases/Olusturma/Genel/Olusturma'

2021-10-21 14:19:57 - [TEST_CASE][PASSED] - Test Cases/Olusturma/Genel/Olusturma: Test Cases/Olusturma/Genel/Olusturma

2021-10-21 14:19:57 - [TEST_STEP][PASSED] - driver = getWebDriver(): null

2021-10-21 14:19:57 - [TEST_STEP][PASSED] - action = new org.openqa.selenium.interactions.Actions(driver): null

2021-10-21 14:19:57 - [TEST_STEP][PASSED] - baslikElement = <not implemented yet for class: org.codehaus.groovy.ast.expr.EmptyExpression>: null

2021-10-21 14:19:57 - [TEST_STEP][PASSED] - sonElement = <not implemented yet for class: org.codehaus.groovy.ast.expr.EmptyExpression>: null

2021-10-21 14:19:57 - [TEST_STEP][PASSED] - attr = <not implemented yet for class: org.codehaus.groovy.ast.expr.EmptyExpression>: null

2021-10-21 14:19:57 - [TEST_STEP][PASSED] - a = 0: null

2021-10-21 14:19:57 - [TEST_STEP][PASSED] - elements = findWebElements(findTestObject("Object Repository/Olusturma/Genel/Olusturma/TabloBasliklari"), 10): Found 13 web elements with id: 'Object Repository/Olusturma/Genel/Olusturma/TabloBasliklari' located by 'By.cssSelector: div#divmalhizmet .dxgvTable_LECustomTheme td.dxgvHeader_LECustomTheme tr>td:nth-child(1)' in '10' second(s)

2021-10-21 14:19:57 - [MESSAGE][INFO] - Finding Test Object 'Object Repository/Olusturma/Genel/Olusturma/TabloBasliklari'

2021-10-21 14:19:57 - [MESSAGE][INFO] - Checking timeout

2021-10-21 14:19:57 - [MESSAGE][INFO] - Finding web element with id: 'Object Repository/Olusturma/Genel/Olusturma/TabloBasliklari' located by 'By.cssSelector: div#divmalhizmet .dxgvTable_LECustomTheme td.dxgvHeader_LECustomTheme tr>td:nth-child(1)' in '10' second(s)

2021-10-21 14:19:57 - [MESSAGE][INFO] - Smart Wait Function is triggered

2021-10-21 14:19:57 - [MESSAGE][INFO] - Found 13 web elements with id: 'Object Repository/Olusturma/Genel/Olusturma/TabloBasliklari' located by 'By.cssSelector: div#divmalhizmet .dxgvTable_LECustomTheme td.dxgvHeader_LECustomTheme tr>td:nth-child(1)' in '10' second(s)

2021-10-21 14:19:57 - [TEST_STEP][PASSED] - for (def element : elements): null

2021-10-21 14:19:57 - [TEST_STEP][PASSED] - build().perform(): null

2021-10-21 14:19:57 - [TEST_STEP][PASSED] - if (getText().equals(Baslik)): null

2021-10-21 14:19:57 - [TEST_STEP][PASSED] - build().perform(): null

2021-10-21 14:19:58 - [TEST_STEP][PASSED] - if (getText().equals(Baslik)): null

2021-10-21 14:19:58 - [TEST_STEP][PASSED] - build().perform(): null

2021-10-21 14:19:58 - [TEST_STEP][PASSED] - if (getText().equals(Baslik)): null

2021-10-21 14:19:58 - [TEST_STEP][PASSED] - build().perform(): null

2021-10-21 14:19:58 - [TEST_STEP][PASSED] - if (getText().equals(Baslik)): null

2021-10-21 14:19:58 - [TEST_STEP][PASSED] - build().perform(): null

2021-10-21 14:19:58 - [TEST_STEP][PASSED] - if (getText().equals(Baslik)): null

2021-10-21 14:19:58 - [TEST_STEP][PASSED] - build().perform(): null

2021-10-21 14:19:58 - [TEST_STEP][PASSED] - if (getText().equals(Baslik)): null

2021-10-21 14:19:58 - [TEST_STEP][PASSED] - baslikElement = element.findElement(By.xpath("../../../..")): Smart Wait Function is triggered

2021-10-21 14:19:58 - [MESSAGE][INFO] - Smart Wait Function is triggered

2021-10-21 14:19:58 - [TEST_STEP][PASSED] - attr = baslikElement.getAttribute("id"): null

2021-10-21 14:19:58 - [TEST_STEP][PASSED] - println("girdi ve idsini aldı = " + attr): null

2021-10-21 14:19:58 - [TEST_STEP][PASSED] - break: null

2021-10-21 14:19:58 - [TEST_STEP][PASSED] - countElement = baslikElement.findElements(By.xpath("../td")): Smart Wait Function is triggered

2021-10-21 14:19:58 - [MESSAGE][INFO] - Smart Wait Function is triggered

2021-10-21 14:19:59 - [TEST_STEP][PASSED] - for (def element : countElement): null

2021-10-21 14:19:59 - [TEST_STEP][PASSED] - if (toString().equals(attr.toString())): null

2021-10-21 14:19:59 - [TEST_STEP][PASSED] - (a++): null

2021-10-21 14:19:59 - [TEST_STEP][PASSED] - if (toString().equals(attr.toString())): null

2021-10-21 14:19:59 - [TEST_STEP][PASSED] - (a++): null

2021-10-21 14:19:59 - [TEST_STEP][PASSED] - if (toString().equals(attr.toString())): null

2021-10-21 14:19:59 - [TEST_STEP][PASSED] - (a++): null

2021-10-21 14:19:59 - [TEST_STEP][PASSED] - if (toString().equals(attr.toString())): null

2021-10-21 14:19:59 - [TEST_STEP][PASSED] - (a++): null

2021-10-21 14:19:59 - [TEST_STEP][PASSED] - if (toString().equals(attr.toString())): null

2021-10-21 14:19:59 - [TEST_STEP][PASSED] - (a++): null

2021-10-21 14:19:59 - [TEST_STEP][PASSED] - if (toString().equals(attr.toString())): null

2021-10-21 14:19:59 - [TEST_STEP][PASSED] - (a++): null

2021-10-21 14:19:59 - [TEST_STEP][PASSED] - if (toString().equals(attr.toString())): null

2021-10-21 14:19:59 - [TEST_STEP][PASSED] - break: null

2021-10-21 14:19:59 - [TEST_STEP][PASSED] - son = findWebElement(findTestObject("Object Repository/Olusturma/Genel/Olusturma/EklenenSatir")).findElement(By.xpath("td[@class='dxgvInlineEditCell_LECustomTheme dxgv'][" + a + "]//td[@class='dxic']/input")): Smart Wait Function is triggered

2021-10-21 14:19:59 - [MESSAGE][INFO] - Finding Test Object 'Object Repository/Olusturma/Genel/Olusturma/EklenenSatir'

2021-10-21 14:19:59 - [MESSAGE][INFO] - Finding web element from Test Object's properties

2021-10-21 14:19:59 - [MESSAGE][INFO] - Checking timeout

2021-10-21 14:19:59 - [MESSAGE][INFO] - Finding web element with id: 'Object Repository/Olusturma/Genel/Olusturma/EklenenSatir' located by 'By.cssSelector: #divmalhizmet .dxgvInlineEditRow_LECustomTheme' in '30' second(s)

2021-10-21 14:19:59 - [MESSAGE][INFO] - Smart Wait Function is triggered

2021-10-21 14:19:59 - [MESSAGE][INFO] - Found 1 web elements with id: 'Object Repository/Olusturma/Genel/Olusturma/EklenenSatir' located by 'By.cssSelector: #divmalhizmet .dxgvInlineEditRow_LECustomTheme' in '30' second(s)

2021-10-21 14:19:59 - [MESSAGE][INFO] - Smart Wait Function is triggered

2021-10-21 14:19:59 - [TEST_STEP][PASSED] - if (!(getAttribute("value").contains("Vkn"))): null

2021-10-21 14:19:59 - [TEST_STEP][PASSED] - son.clear(): null

2021-10-21 14:19:59 - [TEST_STEP][PASSED] - son.sendKeys(Deger): null

2021-10-21 14:20:00 - [MESSAGE][PASSED] - Call Test Case 'Test Cases/Olusturma/Genel/Olusturma' successfully

2021-10-21 14:20:00 - [MESSAGE][INFO] - Checking called Test Case

2021-10-21 14:20:00 - [MESSAGE][INFO] - Starting to call Test Case 'Test Cases/Olusturma/Genel/Olusturma'

2021-10-21 14:20:00 - [TEST_CASE][PASSED] - Test Cases/Olusturma/Genel/Olusturma: Test Cases/Olusturma/Genel/Olusturma

2021-10-21 14:20:00 - [TEST_STEP][PASSED] - driver = getWebDriver(): null

2021-10-21 14:20:00 - [TEST_STEP][PASSED] - action = new org.openqa.selenium.interactions.Actions(driver): null

2021-10-21 14:20:00 - [TEST_STEP][PASSED] - baslikElement = <not implemented yet for class: org.codehaus.groovy.ast.expr.EmptyExpression>: null

2021-10-21 14:20:00 - [TEST_STEP][PASSED] - sonElement = <not implemented yet for class: org.codehaus.groovy.ast.expr.EmptyExpression>: null

2021-10-21 14:20:00 - [TEST_STEP][PASSED] - attr = <not implemented yet for class: org.codehaus.groovy.ast.expr.EmptyExpression>: null

2021-10-21 14:20:00 - [TEST_STEP][PASSED] - a = 0: null

2021-10-21 14:20:00 - [TEST_STEP][PASSED] - elements = findWebElements(findTestObject("Object Repository/Olusturma/Genel/Olusturma/TabloBasliklari"), 10): Found 13 web elements with id: 'Object Repository/Olusturma/Genel/Olusturma/TabloBasliklari' located by 'By.cssSelector: div#divmalhizmet .dxgvTable_LECustomTheme td.dxgvHeader_LECustomTheme tr>td:nth-child(1)' in '10' second(s)

2021-10-21 14:20:00 - [MESSAGE][INFO] - Finding Test Object 'Object Repository/Olusturma/Genel/Olusturma/TabloBasliklari'

2021-10-21 14:20:00 - [MESSAGE][INFO] - Checking timeout

2021-10-21 14:20:00 - [MESSAGE][INFO] - Finding web element with id: 'Object Repository/Olusturma/Genel/Olusturma/TabloBasliklari' located by 'By.cssSelector: div#divmalhizmet .dxgvTable_LECustomTheme td.dxgvHeader_LECustomTheme tr>td:nth-child(1)' in '10' second(s)

2021-10-21 14:20:00 - [MESSAGE][INFO] - Smart Wait Function is triggered

2021-10-21 14:20:00 - [MESSAGE][INFO] - Found 13 web elements with id: 'Object Repository/Olusturma/Genel/Olusturma/TabloBasliklari' located by 'By.cssSelector: div#divmalhizmet .dxgvTable_LECustomTheme td.dxgvHeader_LECustomTheme tr>td:nth-child(1)' in '10' second(s)

2021-10-21 14:20:00 - [TEST_STEP][PASSED] - for (def element : elements): null

2021-10-21 14:20:00 - [TEST_STEP][PASSED] - build().perform(): null

2021-10-21 14:20:00 - [TEST_STEP][PASSED] - if (getText().equals(Baslik)): null

2021-10-21 14:20:00 - [TEST_STEP][PASSED] - build().perform(): null

2021-10-21 14:20:00 - [TEST_STEP][PASSED] - if (getText().equals(Baslik)): null

2021-10-21 14:20:00 - [TEST_STEP][PASSED] - build().perform(): null

2021-10-21 14:20:00 - [TEST_STEP][PASSED] - if (getText().equals(Baslik)): null

2021-10-21 14:20:00 - [TEST_STEP][PASSED] - build().perform(): null

2021-10-21 14:20:01 - [TEST_STEP][PASSED] - if (getText().equals(Baslik)): null

2021-10-21 14:20:01 - [TEST_STEP][PASSED] - build().perform(): null

2021-10-21 14:20:01 - [TEST_STEP][PASSED] - if (getText().equals(Baslik)): null

2021-10-21 14:20:01 - [TEST_STEP][PASSED] - build().perform(): null

2021-10-21 14:20:01 - [TEST_STEP][PASSED] - if (getText().equals(Baslik)): null

2021-10-21 14:20:01 - [TEST_STEP][PASSED] - build().perform(): null

2021-10-21 14:20:01 - [TEST_STEP][PASSED] - if (getText().equals(Baslik)): null

2021-10-21 14:20:01 - [TEST_STEP][PASSED] - baslikElement = element.findElement(By.xpath("../../../..")): Smart Wait Function is triggered

2021-10-21 14:20:01 - [MESSAGE][INFO] - Smart Wait Function is triggered

2021-10-21 14:20:01 - [TEST_STEP][PASSED] - attr = baslikElement.getAttribute("id"): null

2021-10-21 14:20:01 - [TEST_STEP][PASSED] - println("girdi ve idsini aldı = " + attr): null

2021-10-21 14:20:01 - [TEST_STEP][PASSED] - break: null

2021-10-21 14:20:01 - [TEST_STEP][PASSED] - countElement = baslikElement.findElements(By.xpath("../td")): Smart Wait Function is triggered

2021-10-21 14:20:01 - [MESSAGE][INFO] - Smart Wait Function is triggered

2021-10-21 14:20:02 - [TEST_STEP][PASSED] - for (def element : countElement): null

2021-10-21 14:20:02 - [TEST_STEP][PASSED] - if (toString().equals(attr.toString())): null

2021-10-21 14:20:02 - [TEST_STEP][PASSED] - (a++): null

2021-10-21 14:20:02 - [TEST_STEP][PASSED] - if (toString().equals(attr.toString())): null

2021-10-21 14:20:02 - [TEST_STEP][PASSED] - (a++): null

2021-10-21 14:20:02 - [TEST_STEP][PASSED] - if (toString().equals(attr.toString())): null

2021-10-21 14:20:02 - [TEST_STEP][PASSED] - (a++): null

2021-10-21 14:20:02 - [TEST_STEP][PASSED] - if (toString().equals(attr.toString())): null

2021-10-21 14:20:02 - [TEST_STEP][PASSED] - (a++): null

2021-10-21 14:20:02 - [TEST_STEP][PASSED] - if (toString().equals(attr.toString())): null

2021-10-21 14:20:02 - [TEST_STEP][PASSED] - (a++): null

2021-10-21 14:20:02 - [TEST_STEP][PASSED] - if (toString().equals(attr.toString())): null

2021-10-21 14:20:02 - [TEST_STEP][PASSED] - (a++): null

2021-10-21 14:20:02 - [TEST_STEP][PASSED] - if (toString().equals(attr.toString())): null

2021-10-21 14:20:02 - [TEST_STEP][PASSED] - (a++): null

2021-10-21 14:20:02 - [TEST_STEP][PASSED] - if (toString().equals(attr.toString())): null

2021-10-21 14:20:02 - [TEST_STEP][PASSED] - break: null

2021-10-21 14:20:02 - [TEST_STEP][PASSED] - son = findWebElement(findTestObject("Object Repository/Olusturma/Genel/Olusturma/EklenenSatir")).findElement(By.xpath("td[@class='dxgvInlineEditCell_LECustomTheme dxgv'][" + a + "]//td[@class='dxic']/input")): Smart Wait Function is triggered

2021-10-21 14:20:02 - [MESSAGE][INFO] - Finding Test Object 'Object Repository/Olusturma/Genel/Olusturma/EklenenSatir'

2021-10-21 14:20:02 - [MESSAGE][INFO] - Finding web element from Test Object's properties

2021-10-21 14:20:02 - [MESSAGE][INFO] - Checking timeout

2021-10-21 14:20:02 - [MESSAGE][INFO] - Finding web element with id: 'Object Repository/Olusturma/Genel/Olusturma/EklenenSatir' located by 'By.cssSelector: #divmalhizmet .dxgvInlineEditRow_LECustomTheme' in '30' second(s)

2021-10-21 14:20:02 - [MESSAGE][INFO] - Smart Wait Function is triggered

2021-10-21 14:20:02 - [MESSAGE][INFO] - Found 1 web elements with id: 'Object Repository/Olusturma/Genel/Olusturma/EklenenSatir' located by 'By.cssSelector: #divmalhizmet .dxgvInlineEditRow_LECustomTheme' in '30' second(s)

2021-10-21 14:20:02 - [MESSAGE][INFO] - Smart Wait Function is triggered

2021-10-21 14:20:02 - [TEST_STEP][PASSED] - if (!(getAttribute("value").contains("Vkn"))): null

2021-10-21 14:20:02 - [TEST_STEP][PASSED] - son.clear(): null

2021-10-21 14:20:02 - [TEST_STEP][PASSED] - son.sendKeys(Deger): null

2021-10-21 14:20:03 - [MESSAGE][PASSED] - Call Test Case 'Test Cases/Olusturma/Genel/Olusturma' successfully

2021-10-21 14:20:03 - [MESSAGE][INFO] - Checking called Test Case

2021-10-21 14:20:03 - [MESSAGE][INFO] - Starting to call Test Case 'Test Cases/Olusturma/Genel/NotGirilir'

2021-10-21 14:20:03 - [TEST_CASE][PASSED] - Test Cases/Olusturma/Genel/NotGirilir: Test Cases/Olusturma/Genel/NotGirilir

2021-10-21 14:20:03 - [TEST_STEP][PASSED] - i = 0: null

2021-10-21 14:20:03 - [TEST_STEP][PASSED] - waitForElementClickable(findTestObject("Olusturma/Genel/Not/Notlar"), 10): Object 'Object Repository/Olusturma/Genel/Not/Notlar' is clickable

2021-10-21 14:20:03 - [MESSAGE][INFO] - Finding Test Object 'Object Repository/Olusturma/Genel/Not/Notlar'

2021-10-21 14:20:03 - [MESSAGE][INFO] - Checking object

2021-10-21 14:20:03 - [MESSAGE][INFO] - Checking timeout

2021-10-21 14:20:03 - [MESSAGE][INFO] - Finding web element from Test Object's properties

2021-10-21 14:20:03 - [MESSAGE][INFO] - Checking timeout

2021-10-21 14:20:03 - [MESSAGE][INFO] - Finding web element with id: 'Object Repository/Olusturma/Genel/Not/Notlar' located by 'By.xpath: //*[@id = 'txtNote_I']' in '10' second(s)

2021-10-21 14:20:03 - [MESSAGE][INFO] - Smart Wait Function is triggered

2021-10-21 14:20:03 - [MESSAGE][INFO] - Found 1 web elements with id: 'Object Repository/Olusturma/Genel/Not/Notlar' located by 'By.xpath: //*[@id = 'txtNote_I']' in '10' second(s)

2021-10-21 14:20:03 - [MESSAGE][PASSED] - Object 'Object Repository/Olusturma/Genel/Not/Notlar' is clickable

2021-10-21 14:20:03 - [TEST_STEP][PASSED] - clearText(findTestObject("Olusturma/Genel/Not/Notlar")): Text of object 'Object Repository/Olusturma/Genel/Not/Notlar' is cleared

2021-10-21 14:20:03 - [MESSAGE][INFO] - Finding Test Object 'Object Repository/Olusturma/Genel/Not/Notlar'

2021-10-21 14:20:03 - [MESSAGE][INFO] - Checking object

2021-10-21 14:20:03 - [MESSAGE][INFO] - Finding web element from Test Object's properties

2021-10-21 14:20:03 - [MESSAGE][INFO] - Checking timeout

2021-10-21 14:20:03 - [MESSAGE][INFO] - Finding web element with id: 'Object Repository/Olusturma/Genel/Not/Notlar' located by 'By.xpath: //*[@id = 'txtNote_I']' in '30' second(s)

2021-10-21 14:20:03 - [MESSAGE][INFO] - Smart Wait Function is triggered

2021-10-21 14:20:03 - [MESSAGE][INFO] - Found 1 web elements with id: 'Object Repository/Olusturma/Genel/Not/Notlar' located by 'By.xpath: //*[@id = 'txtNote_I']' in '30' second(s)

2021-10-21 14:20:03 - [MESSAGE][INFO] - Clearing text of object 'Object Repository/Olusturma/Genel/Not/Notlar'

2021-10-21 14:20:03 - [MESSAGE][PASSED] - Text of object 'Object Repository/Olusturma/Genel/Not/Notlar' is cleared

2021-10-21 14:20:03 - [TEST_STEP][PASSED] - click(findTestObject("Olusturma/Genel/Not/Notlar")): Object: 'Object Repository/Olusturma/Genel/Not/Notlar' is clicked on

2021-10-21 14:20:03 - [MESSAGE][INFO] - Finding Test Object 'Object Repository/Olusturma/Genel/Not/Notlar'

2021-10-21 14:20:04 - [MESSAGE][INFO] - Checking object

2021-10-21 14:20:04 - [MESSAGE][INFO] - Finding web element from Test Object's properties

2021-10-21 14:20:04 - [MESSAGE][INFO] - Checking timeout

2021-10-21 14:20:04 - [MESSAGE][INFO] - Finding web element with id: 'Object Repository/Olusturma/Genel/Not/Notlar' located by 'By.xpath: //*[@id = 'txtNote_I']' in '30' second(s)

2021-10-21 14:20:04 - [MESSAGE][INFO] - Smart Wait Function is triggered

2021-10-21 14:20:04 - [MESSAGE][INFO] - Found 1 web elements with id: 'Object Repository/Olusturma/Genel/Not/Notlar' located by 'By.xpath: //*[@id = 'txtNote_I']' in '30' second(s)

2021-10-21 14:20:04 - [MESSAGE][INFO] - Clicking on object: 'Object Repository/Olusturma/Genel/Not/Notlar'

2021-10-21 14:20:04 - [MESSAGE][PASSED] - Object: 'Object Repository/Olusturma/Genel/Not/Notlar' is clicked on

2021-10-21 14:20:04 - [TEST_STEP][PASSED] - while (true): null

2021-10-21 14:20:04 - [TEST_STEP][PASSED] - delay(1): Delayed 1 second(s)

2021-10-21 14:20:04 - [MESSAGE][INFO] - Delaying browser in 1 second(s)

2021-10-21 14:20:05 - [MESSAGE][PASSED] - Delayed 1 second(s)

2021-10-21 14:20:05 - [TEST_STEP][PASSED] - ajaxIsComplete = executeJavaScript("return jQuery.active == 0", null): Execute JavaScript 'return jQuery.active == 0' successfully

2021-10-21 14:20:05 - [MESSAGE][PASSED] - Execute JavaScript 'return jQuery.active == 0' successfully

2021-10-21 14:20:05 - [TEST_STEP][PASSED] - if (ajaxIsComplete): null

2021-10-21 14:20:05 - [TEST_STEP][PASSED] - break: null

2021-10-21 14:20:05 - [TEST_STEP][PASSED] - sendKeys(findTestObject("Olusturma/Genel/Not/Notlar"), Not): Keys 'Otomasyon Not' sent to object: 'Object Repository/Olusturma/Genel/Not/Notlar'

2021-10-21 14:20:05 - [MESSAGE][INFO] - Finding Test Object 'Object Repository/Olusturma/Genel/Not/Notlar'

2021-10-21 14:20:05 - [MESSAGE][INFO] - Sending keys 'Otomasyon Not' to object: 'Object Repository/Olusturma/Genel/Not/Notlar'

2021-10-21 14:20:05 - [MESSAGE][INFO] - Finding web element from Test Object's properties

2021-10-21 14:20:05 - [MESSAGE][INFO] - Checking timeout

2021-10-21 14:20:05 - [MESSAGE][INFO] - Finding web element with id: 'Object Repository/Olusturma/Genel/Not/Notlar' located by 'By.xpath: //*[@id = 'txtNote_I']' in '30' second(s)

2021-10-21 14:20:05 - [MESSAGE][INFO] - Smart Wait Function is triggered

2021-10-21 14:20:05 - [MESSAGE][INFO] - Found 1 web elements with id: 'Object Repository/Olusturma/Genel/Not/Notlar' located by 'By.xpath: //*[@id = 'txtNote_I']' in '30' second(s)

2021-10-21 14:20:06 - [MESSAGE][PASSED] - Keys 'Otomasyon Not' sent to object: 'Object Repository/Olusturma/Genel/Not/Notlar'

2021-10-21 14:20:06 - [MESSAGE][PASSED] - Call Test Case 'Test Cases/Olusturma/Genel/NotGirilir' successfully

2021-10-21 14:20:06 - [MESSAGE][INFO] - Checking called Test Case

2021-10-21 14:20:06 - [MESSAGE][INFO] - Starting to call Test Case 'Test Cases/Olusturma/Genel/EttnBilgisiKayitEdilir'

2021-10-21 14:20:06 - [TEST_CASE][PASSED] - Test Cases/Olusturma/Genel/EttnBilgisiKayitEdilir: Test Cases/Olusturma/Genel/EttnBilgisiKayitEdilir

2021-10-21 14:20:06 - [TEST_STEP][PASSED] - verifyElementPresent(findTestObject("Object Repository/Olusturma/Genel/Olusturma/eArsivEttnBilgisi"), 7): Object 'Object Repository/Olusturma/Genel/Olusturma/eArsivEttnBilgisi' is present

2021-10-21 14:20:06 - [MESSAGE][INFO] - Finding Test Object 'Object Repository/Olusturma/Genel/Olusturma/eArsivEttnBilgisi'

2021-10-21 14:20:06 - [MESSAGE][INFO] - Checking object

2021-10-21 14:20:06 - [MESSAGE][INFO] - Finding web element from Test Object's properties

2021-10-21 14:20:06 - [MESSAGE][INFO] - Checking timeout

2021-10-21 14:20:06 - [MESSAGE][INFO] - Finding web element with id: 'Object Repository/Olusturma/Genel/Olusturma/eArsivEttnBilgisi' located by 'By.xpath: //*[@id = 'Uuid_I']' in '7' second(s)

2021-10-21 14:20:06 - [MESSAGE][INFO] - Smart Wait Function is triggered

2021-10-21 14:20:06 - [MESSAGE][INFO] - Found 1 web elements with id: 'Object Repository/Olusturma/Genel/Olusturma/eArsivEttnBilgisi' located by 'By.xpath: //*[@id = 'Uuid_I']' in '7' second(s)

2021-10-21 14:20:06 - [MESSAGE][PASSED] - Object 'Object Repository/Olusturma/Genel/Olusturma/eArsivEttnBilgisi' is present

2021-10-21 14:20:06 - [TEST_STEP][PASSED] - ettn = getAttribute(findTestObject("Object Repository/Olusturma/Genel/Olusturma/eArsivEttnBilgisi"), "value"): Attribute 'value' of object 'Object Repository/Olusturma/Genel/Olusturma/eArsivEttnBilgisi' is: 'fabe20f5-0012-4483-b0cd-2ecba5d2f4e0'

2021-10-21 14:20:06 - [MESSAGE][INFO] - Finding Test Object 'Object Repository/Olusturma/Genel/Olusturma/eArsivEttnBilgisi'

2021-10-21 14:20:06 - [MESSAGE][INFO] - Checking object

2021-10-21 14:20:06 - [MESSAGE][INFO] - Checking attribute

2021-10-21 14:20:06 - [MESSAGE][INFO] - Finding web element from Test Object's properties

2021-10-21 14:20:06 - [MESSAGE][INFO] - Checking timeout

2021-10-21 14:20:06 - [MESSAGE][INFO] - Finding web element with id: 'Object Repository/Olusturma/Genel/Olusturma/eArsivEttnBilgisi' located by 'By.xpath: //*[@id = 'Uuid_I']' in '30' second(s)

2021-10-21 14:20:06 - [MESSAGE][INFO] - Smart Wait Function is triggered

2021-10-21 14:20:06 - [MESSAGE][INFO] - Found 1 web elements with id: 'Object Repository/Olusturma/Genel/Olusturma/eArsivEttnBilgisi' located by 'By.xpath: //*[@id = 'Uuid_I']' in '30' second(s)

2021-10-21 14:20:06 - [MESSAGE][INFO] - Getting attribute 'value' of object 'Object Repository/Olusturma/Genel/Olusturma/eArsivEttnBilgisi'

2021-10-21 14:20:07 - [MESSAGE][PASSED] - Attribute 'value' of object 'Object Repository/Olusturma/Genel/Olusturma/eArsivEttnBilgisi' is: 'fabe20f5-0012-4483-b0cd-2ecba5d2f4e0'

2021-10-21 14:20:07 - [MESSAGE][PASSED] - Call Test Case 'Test Cases/Olusturma/Genel/EttnBilgisiKayitEdilir' successfully

2021-10-21 14:20:07 - [MESSAGE][INFO] - Checking called Test Case

2021-10-21 14:20:07 - [MESSAGE][INFO] - Starting to call Test Case 'Test Cases/Olusturma/Genel/KaydetButonunaTiklanir'

2021-10-21 14:20:07 - [TEST_CASE][PASSED] - Test Cases/Olusturma/Genel/KaydetButonunaTiklanir: Test Cases/Olusturma/Genel/KaydetButonunaTiklanir

2021-10-21 14:20:07 - [TEST_STEP][PASSED] - i = 0: null

2021-10-21 14:20:07 - [TEST_STEP][PASSED] - waitForElementPresent(findTestObject("Olusturma/Genel/Not/Notlar"), 10): Object 'Object Repository/Olusturma/Genel/Not/Notlar' is present

2021-10-21 14:20:07 - [MESSAGE][INFO] - Finding Test Object 'Object Repository/Olusturma/Genel/Not/Notlar'

2021-10-21 14:20:07 - [MESSAGE][INFO] - Checking object

2021-10-21 14:20:07 - [MESSAGE][INFO] - Finding web element from Test Object's properties

2021-10-21 14:20:07 - [MESSAGE][INFO] - Checking timeout

2021-10-21 14:20:07 - [MESSAGE][INFO] - Finding web element with id: 'Object Repository/Olusturma/Genel/Not/Notlar' located by 'By.xpath: //*[@id = 'txtNote_I']' in '10' second(s)

2021-10-21 14:20:07 - [MESSAGE][INFO] - Smart Wait Function is triggered

2021-10-21 14:20:07 - [MESSAGE][INFO] - Found 1 web elements with id: 'Object Repository/Olusturma/Genel/Not/Notlar' located by 'By.xpath: //*[@id = 'txtNote_I']' in '10' second(s)

2021-10-21 14:20:07 - [MESSAGE][PASSED] - Object 'Object Repository/Olusturma/Genel/Not/Notlar' is present

2021-10-21 14:20:07 - [TEST_STEP][PASSED] - click(findTestObject("Olusturma/Genel/Not/Notlar")): Object: 'Object Repository/Olusturma/Genel/Not/Notlar' is clicked on

2021-10-21 14:20:07 - [MESSAGE][INFO] - Finding Test Object 'Object Repository/Olusturma/Genel/Not/Notlar'

2021-10-21 14:20:07 - [MESSAGE][INFO] - Checking object

2021-10-21 14:20:07 - [MESSAGE][INFO] - Finding web element from Test Object's properties

2021-10-21 14:20:07 - [MESSAGE][INFO] - Checking timeout

2021-10-21 14:20:07 - [MESSAGE][INFO] - Finding web element with id: 'Object Repository/Olusturma/Genel/Not/Notlar' located by 'By.xpath: //*[@id = 'txtNote_I']' in '30' second(s)

2021-10-21 14:20:07 - [MESSAGE][INFO] - Smart Wait Function is triggered

2021-10-21 14:20:07 - [MESSAGE][INFO] - Found 1 web elements with id: 'Object Repository/Olusturma/Genel/Not/Notlar' located by 'By.xpath: //*[@id = 'txtNote_I']' in '30' second(s)

2021-10-21 14:20:07 - [MESSAGE][INFO] - Clicking on object: 'Object Repository/Olusturma/Genel/Not/Notlar'

2021-10-21 14:20:07 - [MESSAGE][PASSED] - Object: 'Object Repository/Olusturma/Genel/Not/Notlar' is clicked on

2021-10-21 14:20:07 - [TEST_STEP][PASSED] - while (true): null

2021-10-21 14:20:07 - [TEST_STEP][PASSED] - delay(1): Delayed 1 second(s)

2021-10-21 14:20:07 - [MESSAGE][INFO] - Delaying browser in 1 second(s)

2021-10-21 14:20:08 - [MESSAGE][PASSED] - Delayed 1 second(s)

2021-10-21 14:20:08 - [TEST_STEP][PASSED] - ajaxIsComplete = executeJavaScript("return jQuery.active == 0", null): Execute JavaScript 'return jQuery.active == 0' successfully

2021-10-21 14:20:08 - [MESSAGE][PASSED] - Execute JavaScript 'return jQuery.active == 0' successfully

2021-10-21 14:20:08 - [TEST_STEP][PASSED] - if (ajaxIsComplete): null

2021-10-21 14:20:08 - [TEST_STEP][PASSED] - break: null

2021-10-21 14:20:08 - [TEST_STEP][PASSED] - waitForElementClickable(findTestObject("Object Repository/Olusturma/Genel/Buton"), 10): Object 'Object Repository/Olusturma/Genel/Buton' is clickable

2021-10-21 14:20:08 - [MESSAGE][INFO] - Finding Test Object 'Object Repository/Olusturma/Genel/Buton'

2021-10-21 14:20:09 - [MESSAGE][INFO] - Checking object

2021-10-21 14:20:09 - [MESSAGE][INFO] - Checking timeout

2021-10-21 14:20:09 - [MESSAGE][INFO] - Finding web element from Test Object's properties

2021-10-21 14:20:09 - [MESSAGE][INFO] - Checking timeout

2021-10-21 14:20:09 - [MESSAGE][INFO] - Finding web element with id: 'Object Repository/Olusturma/Genel/Buton' located by 'By.xpath: //*[@id = 'btnKaydet']' in '10' second(s)

2021-10-21 14:20:09 - [MESSAGE][INFO] - Smart Wait Function is triggered

2021-10-21 14:20:09 - [MESSAGE][INFO] - Found 1 web elements with id: 'Object Repository/Olusturma/Genel/Buton' located by 'By.xpath: //*[@id = 'btnKaydet']' in '10' second(s)

2021-10-21 14:20:09 - [MESSAGE][PASSED] - Object 'Object Repository/Olusturma/Genel/Buton' is clickable

2021-10-21 14:20:09 - [TEST_STEP][PASSED] - click(findTestObject("Object Repository/Olusturma/Genel/Buton")): Object: 'Object Repository/Olusturma/Genel/Buton' is clicked on

2021-10-21 14:20:09 - [MESSAGE][INFO] - Finding Test Object 'Object Repository/Olusturma/Genel/Buton'

2021-10-21 14:20:09 - [MESSAGE][INFO] - Checking object

2021-10-21 14:20:09 - [MESSAGE][INFO] - Finding web element from Test Object's properties

2021-10-21 14:20:09 - [MESSAGE][INFO] - Checking timeout

2021-10-21 14:20:09 - [MESSAGE][INFO] - Finding web element with id: 'Object Repository/Olusturma/Genel/Buton' located by 'By.xpath: //*[@id = 'btnKaydet']' in '30' second(s)

2021-10-21 14:20:09 - [MESSAGE][INFO] - Smart Wait Function is triggered

2021-10-21 14:20:09 - [MESSAGE][INFO] - Found 1 web elements with id: 'Object Repository/Olusturma/Genel/Buton' located by 'By.xpath: //*[@id = 'btnKaydet']' in '30' second(s)

2021-10-21 14:20:09 - [MESSAGE][INFO] - Clicking on object: 'Object Repository/Olusturma/Genel/Buton'

2021-10-21 14:20:12 - [MESSAGE][PASSED] - Object: 'Object Repository/Olusturma/Genel/Buton' is clicked on

2021-10-21 14:20:12 - [MESSAGE][PASSED] - Call Test Case 'Test Cases/Olusturma/Genel/KaydetButonunaTiklanir' successfully

2021-10-21 14:20:12 - [MESSAGE][INFO] - Checking called Test Case

2021-10-21 14:20:12 - [MESSAGE][INFO] - Starting to call Test Case 'Test Cases/Tablo/TablodaEttnliVeriOlusturulduMu'

2021-10-21 14:20:12 - [TEST_CASE][PASSED] - Test Cases/Tablo/TablodaEttnliVeriOlusturulduMu: Test Cases/Tablo/TablodaEttnliVeriOlusturulduMu

2021-10-21 14:20:12 - [TEST_STEP][PASSED] - Method.TextDegerineEsitElementVarMi(findTestObject("Tablo/OlusturulanVeri"), ettn): Method.TextDegerineEsitElementVarMi is PASSED

2021-10-21 14:20:12 - [MESSAGE][INFO] - Finding Test Object 'Object Repository/Tablo/OlusturulanVeri'

2021-10-21 14:20:12 - [MESSAGE][INFO] - Checking timeout

2021-10-21 14:20:12 - [MESSAGE][INFO] - Finding web element with id: 'Object Repository/Tablo/OlusturulanVeri' located by 'By.cssSelector: table.dxgvTable_LECustomTheme>tbody>tr:nth-child(3)>td.dxgv b,table.dxgvTable_LECustomTheme>tbody>tr:nth-child(3)>td.dxgv' in '10' second(s)

2021-10-21 14:20:12 - [MESSAGE][INFO] - Smart Wait Function is triggered

2021-10-21 14:20:13 - [MESSAGE][INFO] - Found 14 web elements with id: 'Object Repository/Tablo/OlusturulanVeri' located by 'By.cssSelector: table.dxgvTable_LECustomTheme>tbody>tr:nth-child(3)>td.dxgv b,table.dxgvTable_LECustomTheme>tbody>tr:nth-child(3)>td.dxgv' in '10' second(s)

2021-10-21 14:20:13 - [MESSAGE][PASSED] - Method.TextDegerineEsitElementVarMi is PASSED

2021-10-21 14:20:13 - [MESSAGE][PASSED] - Call Test Case 'Test Cases/Tablo/TablodaEttnliVeriOlusturulduMu' successfully

2021-10-21 14:20:13 - [MESSAGE][INFO] - Checking called Test Case

2021-10-21 14:20:13 - [MESSAGE][INFO] - Starting to call Test Case 'Test Cases/Tablo/TablodanEttnliVeriSec'

2021-10-21 14:20:13 - [TEST_CASE][PASSED] - Test Cases/Tablo/TablodanEttnliVeriSec: Test Cases/Tablo/TablodanEttnliVeriSec

2021-10-21 14:20:13 - [TEST_STEP][PASSED] - Method.TextDegerineEsitElementinAltindakineTikla(findTestObject("Tablo/Veriler"), findTestObject("Tablo/VerininCheckBoxi"), ettn): Method.TextDegerineEsitElementinAltindakineTikla is PASSED

2021-10-21 14:20:13 - [MESSAGE][INFO] - Finding Test Object 'Object Repository/Tablo/Veriler'

2021-10-21 14:20:13 - [MESSAGE][INFO] - Finding Test Object 'Object Repository/Tablo/VerininCheckBoxi'

2021-10-21 14:20:13 - [MESSAGE][INFO] - Checking timeout

2021-10-21 14:20:13 - [MESSAGE][INFO] - Finding web element with id: 'Object Repository/Tablo/Veriler' located by 'By.cssSelector: td.dxgv b ,td.dxgv' in '10' second(s)

2021-10-21 14:20:13 - [MESSAGE][INFO] - Smart Wait Function is triggered

2021-10-21 14:20:14 - [MESSAGE][INFO] - Found 70 web elements with id: 'Object Repository/Tablo/Veriler' located by 'By.cssSelector: td.dxgv b ,td.dxgv' in '10' second(s)

2021-10-21 14:20:14 - [MESSAGE][INFO] - Smart Wait Function is triggered

2021-10-21 14:20:14 - [MESSAGE][PASSED] - Method.TextDegerineEsitElementinAltindakineTikla is PASSED

2021-10-21 14:20:14 - [MESSAGE][PASSED] - Call Test Case 'Test Cases/Tablo/TablodanEttnliVeriSec' successfully

2021-10-21 14:20:14 - [MESSAGE][INFO] - Checking called Test Case

2021-10-21 14:20:14 - [MESSAGE][INFO] - Starting to call Test Case 'Test Cases/Butonlar/ButonaTikla'

2021-10-21 14:20:14 - [TEST_CASE][PASSED] - Test Cases/Butonlar/ButonaTikla: Test Cases/Butonlar/ButonaTikla

2021-10-21 14:20:14 - [TEST_STEP][PASSED] - Method.TextDegerineEsitElementeTiklaEquals(findTestObject("Butonlar/Butonlar"), Buton_Adi): Method.TextDegerineEsitElementeTiklaEquals is PASSED

2021-10-21 14:20:14 - [MESSAGE][INFO] - Finding Test Object 'Object Repository/Butonlar/Butonlar'

2021-10-21 14:20:14 - [MESSAGE][INFO] - Checking timeout

2021-10-21 14:20:14 - [MESSAGE][INFO] - Finding web element with id: 'Object Repository/Butonlar/Butonlar' located by 'By.cssSelector: .panel.panel-default.text-center.footerPanel .btn,.btn.btn-primary.btnControls' in '10' second(s)

2021-10-21 14:20:14 - [MESSAGE][INFO] - Smart Wait Function is triggered

2021-10-21 14:20:14 - [MESSAGE][INFO] - Found 10 web elements with id: 'Object Repository/Butonlar/Butonlar' located by 'By.cssSelector: .panel.panel-default.text-center.footerPanel .btn,.btn.btn-primary.btnControls' in '10' second(s)

2021-10-21 14:20:15 - [MESSAGE][PASSED] - Method.TextDegerineEsitElementeTiklaEquals is PASSED

2021-10-21 14:20:15 - [MESSAGE][PASSED] - Call Test Case 'Test Cases/Butonlar/ButonaTikla' successfully

2021-10-21 14:20:15 - [MESSAGE][INFO] - Checking called Test Case

2021-10-21 14:20:15 - [MESSAGE][INFO] - Starting to call Test Case 'Test Cases/Popup/PopupMesajiIceriyorMu'

2021-10-21 14:20:15 - [TEST_CASE][PASSED] - Test Cases/Popup/PopupMesajiIceriyorMu: Test Cases/Popup/PopupMesajiIceriyorMu

2021-10-21 14:20:15 - [TEST_STEP][PASSED] - waitForElementVisible(findTestObject("Popup/Popup"), 10): Object 'Object Repository/Popup/Popup' is visible

2021-10-21 14:20:15 - [MESSAGE][INFO] - Finding Test Object 'Object Repository/Popup/Popup'

2021-10-21 14:20:15 - [MESSAGE][INFO] - Checking object

2021-10-21 14:20:15 - [MESSAGE][INFO] - Checking timeout

2021-10-21 14:20:15 - [MESSAGE][INFO] - Finding web element from Test Object's properties

2021-10-21 14:20:15 - [MESSAGE][INFO] - Checking timeout

2021-10-21 14:20:15 - [MESSAGE][INFO] - Finding web element with id: 'Object Repository/Popup/Popup' located by 'By.cssSelector: .bootbox-body' in '10' second(s)

2021-10-21 14:20:15 - [MESSAGE][INFO] - Smart Wait Function is triggered

2021-10-21 14:20:16 - [MESSAGE][INFO] - Found 1 web elements with id: 'Object Repository/Popup/Popup' located by 'By.cssSelector: .bootbox-body' in '10' second(s)

2021-10-21 14:20:16 - [MESSAGE][PASSED] - Object 'Object Repository/Popup/Popup' is visible

2021-10-21 14:20:16 - [TEST_STEP][PASSED] - if (!(getText(findTestObject("Popup/Popup")).contains(Mesaj))): Text of object 'Object Repository/Popup/Popup' is: 'Oluşturulacak fatura numarası : EAR2021000000401 Fatura numarası oluşturulduktan sonra fatura silinemez. Fatura numarası, tarihi ve ön eki değiştirilemez. Devam etmek istiyor musunuz?'

2021-10-21 14:20:16 - [MESSAGE][INFO] - Finding Test Object 'Object Repository/Popup/Popup'

2021-10-21 14:20:16 - [MESSAGE][INFO] - Checking object

2021-10-21 14:20:16 - [MESSAGE][INFO] - Finding web element from Test Object's properties

2021-10-21 14:20:16 - [MESSAGE][INFO] - Checking timeout

2021-10-21 14:20:16 - [MESSAGE][INFO] - Finding web element with id: 'Object Repository/Popup/Popup' located by 'By.cssSelector: .bootbox-body' in '30' second(s)

2021-10-21 14:20:16 - [MESSAGE][INFO] - Smart Wait Function is triggered

2021-10-21 14:20:16 - [MESSAGE][INFO] - Found 1 web elements with id: 'Object Repository/Popup/Popup' located by 'By.cssSelector: .bootbox-body' in '30' second(s)

2021-10-21 14:20:16 - [MESSAGE][INFO] - Getting text of object 'Object Repository/Popup/Popup'

2021-10-21 14:20:16 - [MESSAGE][PASSED] - Text of object 'Object Repository/Popup/Popup' is: 'Oluşturulacak fatura numarası : EAR2021000000401 Fatura numarası oluşturulduktan sonra fatura silinemez. Fatura numarası, tarihi ve ön eki değiştirilemez. Devam etmek istiyor musunuz?'

2021-10-21 14:20:16 - [TEST_STEP][PASSED] - RaporNo = getText(findTestObject("Popup/Popup")).substring(0, 6): Text of object 'Object Repository/Popup/Popup' is: 'Oluşturulacak fatura numarası : EAR2021000000401 Fatura numarası oluşturulduktan sonra fatura silinemez. Fatura numarası, tarihi ve ön eki değiştirilemez. Devam etmek istiyor musunuz?'

2021-10-21 14:20:16 - [MESSAGE][INFO] - Finding Test Object 'Object Repository/Popup/Popup'

2021-10-21 14:20:16 - [MESSAGE][INFO] - Checking object

2021-10-21 14:20:16 - [MESSAGE][INFO] - Finding web element from Test Object's properties

2021-10-21 14:20:16 - [MESSAGE][INFO] - Checking timeout

2021-10-21 14:20:16 - [MESSAGE][INFO] - Finding web element with id: 'Object Repository/Popup/Popup' located by 'By.cssSelector: .bootbox-body' in '30' second(s)

2021-10-21 14:20:16 - [MESSAGE][INFO] - Smart Wait Function is triggered

2021-10-21 14:20:17 - [MESSAGE][INFO] - Found 1 web elements with id: 'Object Repository/Popup/Popup' located by 'By.cssSelector: .bootbox-body' in '30' second(s)

2021-10-21 14:20:17 - [MESSAGE][INFO] - Getting text of object 'Object Repository/Popup/Popup'

2021-10-21 14:20:17 - [MESSAGE][PASSED] - Text of object 'Object Repository/Popup/Popup' is: 'Oluşturulacak fatura numarası : EAR2021000000401 Fatura numarası oluşturulduktan sonra fatura silinemez. Fatura numarası, tarihi ve ön eki değiştirilemez. Devam etmek istiyor musunuz?'

2021-10-21 14:20:17 - [TEST_STEP][PASSED] - Console.println(RaporNo): null

2021-10-21 14:20:17 - [MESSAGE][PASSED] - Call Test Case 'Test Cases/Popup/PopupMesajiIceriyorMu' successfully

2021-10-21 14:20:17 - [MESSAGE][INFO] - Checking called Test Case

2021-10-21 14:20:17 - [MESSAGE][INFO] - Starting to call Test Case 'Test Cases/Popup/PopupButonSecilir'

2021-10-21 14:20:17 - [TEST_CASE][PASSED] - Test Cases/Popup/PopupButonSecilir: Test Cases/Popup/PopupButonSecilir

2021-10-21 14:20:17 - [TEST_STEP][PASSED] - Method.TextDegerineEsitElementeTikla(findTestObject("Popup/Popup_Butons"), Buton): Method.TextDegerineEsitElementeTikla is PASSED

2021-10-21 14:20:17 - [MESSAGE][INFO] - Finding Test Object 'Object Repository/Popup/Popup_Butons'

2021-10-21 14:20:17 - [MESSAGE][INFO] - Checking timeout

2021-10-21 14:20:17 - [MESSAGE][INFO] - Finding web element with id: 'Object Repository/Popup/Popup_Butons' located by 'By.cssSelector: .modal-footer>button' in '10' second(s)

2021-10-21 14:20:17 - [MESSAGE][INFO] - Smart Wait Function is triggered

2021-10-21 14:20:17 - [MESSAGE][INFO] - Found 2 web elements with id: 'Object Repository/Popup/Popup_Butons' located by 'By.cssSelector: .modal-footer>button' in '10' second(s)

2021-10-21 14:20:17 - [MESSAGE][PASSED] - Method.TextDegerineEsitElementeTikla is PASSED

2021-10-21 14:20:17 - [MESSAGE][PASSED] - Call Test Case 'Test Cases/Popup/PopupButonSecilir' successfully

2021-10-21 14:20:17 - [MESSAGE][INFO] - Checking called Test Case

2021-10-21 14:20:17 - [MESSAGE][INFO] - Starting to call Test Case 'Test Cases/Popup/PopupMesajiIceriyorMu'

2021-10-21 14:20:17 - [TEST_CASE][PASSED] - Test Cases/Popup/PopupMesajiIceriyorMu: Test Cases/Popup/PopupMesajiIceriyorMu

2021-10-21 14:20:17 - [TEST_STEP][PASSED] - waitForElementVisible(findTestObject("Popup/Popup"), 10): Object 'Object Repository/Popup/Popup' is visible

2021-10-21 14:20:17 - [MESSAGE][INFO] - Finding Test Object 'Object Repository/Popup/Popup'

2021-10-21 14:20:17 - [MESSAGE][INFO] - Checking object

2021-10-21 14:20:17 - [MESSAGE][INFO] - Checking timeout

2021-10-21 14:20:17 - [MESSAGE][INFO] - Finding web element from Test Object's properties

2021-10-21 14:20:17 - [MESSAGE][INFO] - Checking timeout

2021-10-21 14:20:17 - [MESSAGE][INFO] - Finding web element with id: 'Object Repository/Popup/Popup' located by 'By.cssSelector: .bootbox-body' in '10' second(s)

2021-10-21 14:20:17 - [MESSAGE][INFO] - Smart Wait Function is triggered

2021-10-21 14:20:18 - [MESSAGE][INFO] - Found 1 web elements with id: 'Object Repository/Popup/Popup' located by 'By.cssSelector: .bootbox-body' in '10' second(s)

2021-10-21 14:20:18 - [MESSAGE][PASSED] - Object 'Object Repository/Popup/Popup' is visible

2021-10-21 14:20:18 - [TEST_STEP][PASSED] - if (!(getText(findTestObject("Popup/Popup")).contains(Mesaj))): Text of object 'Object Repository/Popup/Popup' is: 'Fatura numaranız EAR2021000000401 olarak oluşmuştur.'

2021-10-21 14:20:18 - [MESSAGE][INFO] - Finding Test Object 'Object Repository/Popup/Popup'

2021-10-21 14:20:18 - [MESSAGE][INFO] - Checking object

2021-10-21 14:20:18 - [MESSAGE][INFO] - Finding web element from Test Object's properties

2021-10-21 14:20:18 - [MESSAGE][INFO] - Checking timeout

2021-10-21 14:20:18 - [MESSAGE][INFO] - Finding web element with id: 'Object Repository/Popup/Popup' located by 'By.cssSelector: .bootbox-body' in '30' second(s)

2021-10-21 14:20:18 - [MESSAGE][INFO] - Smart Wait Function is triggered

2021-10-21 14:20:19 - [MESSAGE][INFO] - Found 1 web elements with id: 'Object Repository/Popup/Popup' located by 'By.cssSelector: .bootbox-body' in '30' second(s)

2021-10-21 14:20:19 - [MESSAGE][INFO] - Getting text of object 'Object Repository/Popup/Popup'

2021-10-21 14:20:19 - [MESSAGE][PASSED] - Text of object 'Object Repository/Popup/Popup' is: 'Fatura numaranız EAR2021000000401 olarak oluşmuştur.'

2021-10-21 14:20:19 - [TEST_STEP][PASSED] - RaporNo = getText(findTestObject("Popup/Popup")).substring(0, 6): Text of object 'Object Repository/Popup/Popup' is: 'Fatura numaranız EAR2021000000401 olarak oluşmuştur.'

2021-10-21 14:20:19 - [MESSAGE][INFO] - Finding Test Object 'Object Repository/Popup/Popup'

2021-10-21 14:20:19 - [MESSAGE][INFO] - Checking object

2021-10-21 14:20:19 - [MESSAGE][INFO] - Finding web element from Test Object's properties

2021-10-21 14:20:19 - [MESSAGE][INFO] - Checking timeout

2021-10-21 14:20:19 - [MESSAGE][INFO] - Finding web element with id: 'Object Repository/Popup/Popup' located by 'By.cssSelector: .bootbox-body' in '30' second(s)

2021-10-21 14:20:19 - [MESSAGE][INFO] - Smart Wait Function is triggered

2021-10-21 14:20:19 - [MESSAGE][INFO] - Found 1 web elements with id: 'Object Repository/Popup/Popup' located by 'By.cssSelector: .bootbox-body' in '30' second(s)

2021-10-21 14:20:19 - [MESSAGE][INFO] - Getting text of object 'Object Repository/Popup/Popup'

2021-10-21 14:20:19 - [MESSAGE][PASSED] - Text of object 'Object Repository/Popup/Popup' is: 'Fatura numaranız EAR2021000000401 olarak oluşmuştur.'

2021-10-21 14:20:19 - [TEST_STEP][PASSED] - Console.println(RaporNo): null

2021-10-21 14:20:19 - [MESSAGE][PASSED] - Call Test Case 'Test Cases/Popup/PopupMesajiIceriyorMu' successfully

2021-10-21 14:20:19 - [MESSAGE][INFO] - Checking called Test Case

2021-10-21 14:20:19 - [MESSAGE][INFO] - Starting to call Test Case 'Test Cases/Popup/PopupButonSecilir'

2021-10-21 14:20:19 - [TEST_CASE][PASSED] - Test Cases/Popup/PopupButonSecilir: Test Cases/Popup/PopupButonSecilir

2021-10-21 14:20:19 - [TEST_STEP][PASSED] - Method.TextDegerineEsitElementeTikla(findTestObject("Popup/Popup_Butons"), Buton): Method.TextDegerineEsitElementeTikla is PASSED

2021-10-21 14:20:19 - [MESSAGE][INFO] - Finding Test Object 'Object Repository/Popup/Popup_Butons'

2021-10-21 14:20:19 - [MESSAGE][INFO] - Checking timeout

2021-10-21 14:20:19 - [MESSAGE][INFO] - Finding web element with id: 'Object Repository/Popup/Popup_Butons' located by 'By.cssSelector: .modal-footer>button' in '10' second(s)

2021-10-21 14:20:19 - [MESSAGE][INFO] - Smart Wait Function is triggered

2021-10-21 14:20:19 - [MESSAGE][INFO] - Found 1 web elements with id: 'Object Repository/Popup/Popup_Butons' located by 'By.cssSelector: .modal-footer>button' in '10' second(s)

2021-10-21 14:20:19 - [MESSAGE][PASSED] - Method.TextDegerineEsitElementeTikla is PASSED

2021-10-21 14:20:19 - [MESSAGE][PASSED] - Call Test Case 'Test Cases/Popup/PopupButonSecilir' successfully

2021-10-21 14:20:19 - [MESSAGE][INFO] - Checking called Test Case

2021-10-21 14:20:19 - [MESSAGE][INFO] - Starting to call Test Case 'Test Cases/Tablo/TablodanEttnliVeriSec'

2021-10-21 14:20:20 - [TEST_CASE][PASSED] - Test Cases/Tablo/TablodanEttnliVeriSec: Test Cases/Tablo/TablodanEttnliVeriSec

2021-10-21 14:20:20 - [TEST_STEP][PASSED] - Method.TextDegerineEsitElementinAltindakineTikla(findTestObject("Tablo/Veriler"), findTestObject("Tablo/VerininCheckBoxi"), ettn): Method.TextDegerineEsitElementinAltindakineTikla is PASSED

2021-10-21 14:20:20 - [MESSAGE][INFO] - Finding Test Object 'Object Repository/Tablo/Veriler'

2021-10-21 14:20:20 - [MESSAGE][INFO] - Finding Test Object 'Object Repository/Tablo/VerininCheckBoxi'

2021-10-21 14:20:20 - [MESSAGE][INFO] - Checking timeout

2021-10-21 14:20:20 - [MESSAGE][INFO] - Finding web element with id: 'Object Repository/Tablo/Veriler' located by 'By.cssSelector: td.dxgv b ,td.dxgv' in '10' second(s)

2021-10-21 14:20:20 - [MESSAGE][INFO] - Smart Wait Function is triggered

2021-10-21 14:20:20 - [MESSAGE][INFO] - Found 70 web elements with id: 'Object Repository/Tablo/Veriler' located by 'By.cssSelector: td.dxgv b ,td.dxgv' in '10' second(s)

2021-10-21 14:20:20 - [MESSAGE][INFO] - Smart Wait Function is triggered

2021-10-21 14:20:21 - [MESSAGE][PASSED] - Method.TextDegerineEsitElementinAltindakineTikla is PASSED

2021-10-21 14:20:21 - [MESSAGE][PASSED] - Call Test Case 'Test Cases/Tablo/TablodanEttnliVeriSec' successfully

2021-10-21 14:20:21 - [MESSAGE][INFO] - Checking called Test Case

2021-10-21 14:20:21 - [MESSAGE][INFO] - Starting to call Test Case 'Test Cases/Butonlar/ButonaTikla'

2021-10-21 14:20:21 - [TEST_CASE][PASSED] - Test Cases/Butonlar/ButonaTikla: Test Cases/Butonlar/ButonaTikla

2021-10-21 14:20:21 - [TEST_STEP][PASSED] - Method.TextDegerineEsitElementeTiklaEquals(findTestObject("Butonlar/Butonlar"), Buton_Adi): Method.TextDegerineEsitElementeTiklaEquals is PASSED

2021-10-21 14:20:21 - [MESSAGE][INFO] - Finding Test Object 'Object Repository/Butonlar/Butonlar'

2021-10-21 14:20:21 - [MESSAGE][INFO] - Checking timeout

2021-10-21 14:20:21 - [MESSAGE][INFO] - Finding web element with id: 'Object Repository/Butonlar/Butonlar' located by 'By.cssSelector: .panel.panel-default.text-center.footerPanel .btn,.btn.btn-primary.btnControls' in '10' second(s)

2021-10-21 14:20:21 - [MESSAGE][INFO] - Smart Wait Function is triggered

2021-10-21 14:20:21 - [MESSAGE][INFO] - Found 10 web elements with id: 'Object Repository/Butonlar/Butonlar' located by 'By.cssSelector: .panel.panel-default.text-center.footerPanel .btn,.btn.btn-primary.btnControls' in '10' second(s)

2021-10-21 14:20:22 - [MESSAGE][PASSED] - Method.TextDegerineEsitElementeTiklaEquals is PASSED

2021-10-21 14:20:22 - [MESSAGE][PASSED] - Call Test Case 'Test Cases/Butonlar/ButonaTikla' successfully

2021-10-21 14:20:22 - [MESSAGE][INFO] - Checking called Test Case

2021-10-21 14:20:22 - [MESSAGE][INFO] - Starting to call Test Case 'Test Cases/Popup/PopupMesajiIceriyorMu'

2021-10-21 14:20:22 - [TEST_CASE][PASSED] - Test Cases/Popup/PopupMesajiIceriyorMu: Test Cases/Popup/PopupMesajiIceriyorMu

2021-10-21 14:20:22 - [TEST_STEP][PASSED] - waitForElementVisible(findTestObject("Popup/Popup"), 10): Object 'Object Repository/Popup/Popup' is visible

2021-10-21 14:20:22 - [MESSAGE][INFO] - Finding Test Object 'Object Repository/Popup/Popup'

2021-10-21 14:20:22 - [MESSAGE][INFO] - Checking object

2021-10-21 14:20:22 - [MESSAGE][INFO] - Checking timeout

2021-10-21 14:20:22 - [MESSAGE][INFO] - Finding web element from Test Object's properties

2021-10-21 14:20:22 - [MESSAGE][INFO] - Checking timeout

2021-10-21 14:20:22 - [MESSAGE][INFO] - Finding web element with id: 'Object Repository/Popup/Popup' located by 'By.cssSelector: .bootbox-body' in '10' second(s)

2021-10-21 14:20:22 - [MESSAGE][INFO] - Smart Wait Function is triggered

2021-10-21 14:20:22 - [MESSAGE][INFO] - Found 1 web elements with id: 'Object Repository/Popup/Popup' located by 'By.cssSelector: .bootbox-body' in '10' second(s)

2021-10-21 14:20:22 - [MESSAGE][PASSED] - Object 'Object Repository/Popup/Popup' is visible

2021-10-21 14:20:22 - [TEST_STEP][PASSED] - if (!(getText(findTestObject("Popup/Popup")).contains(Mesaj))): Text of object 'Object Repository/Popup/Popup' is: 'Seçilen faturalarınız onaylanacaktır. Onaylanan faturalar üzerinde değişiklik yapılamaz. Devam etmek istiyor musunuz?'

2021-10-21 14:20:22 - [MESSAGE][INFO] - Finding Test Object 'Object Repository/Popup/Popup'

2021-10-21 14:20:23 - [MESSAGE][INFO] - Checking object

2021-10-21 14:20:23 - [MESSAGE][INFO] - Finding web element from Test Object's properties

2021-10-21 14:20:23 - [MESSAGE][INFO] - Checking timeout

2021-10-21 14:20:23 - [MESSAGE][INFO] - Finding web element with id: 'Object Repository/Popup/Popup' located by 'By.cssSelector: .bootbox-body' in '30' second(s)

2021-10-21 14:20:23 - [MESSAGE][INFO] - Smart Wait Function is triggered

2021-10-21 14:20:23 - [MESSAGE][INFO] - Found 1 web elements with id: 'Object Repository/Popup/Popup' located by 'By.cssSelector: .bootbox-body' in '30' second(s)

2021-10-21 14:20:23 - [MESSAGE][INFO] - Getting text of object 'Object Repository/Popup/Popup'

2021-10-21 14:20:23 - [MESSAGE][PASSED] - Text of object 'Object Repository/Popup/Popup' is: 'Seçilen faturalarınız onaylanacaktır. Onaylanan faturalar üzerinde değişiklik yapılamaz. Devam etmek istiyor musunuz?'

2021-10-21 14:20:23 - [TEST_STEP][PASSED] - RaporNo = getText(findTestObject("Popup/Popup")).substring(0, 6): Text of object 'Object Repository/Popup/Popup' is: 'Seçilen faturalarınız onaylanacaktır. Onaylanan faturalar üzerinde değişiklik yapılamaz. Devam etmek istiyor musunuz?'

2021-10-21 14:20:23 - [MESSAGE][INFO] - Finding Test Object 'Object Repository/Popup/Popup'

2021-10-21 14:20:23 - [MESSAGE][INFO] - Checking object

2021-10-21 14:20:23 - [MESSAGE][INFO] - Finding web element from Test Object's properties

2021-10-21 14:20:23 - [MESSAGE][INFO] - Checking timeout

2021-10-21 14:20:23 - [MESSAGE][INFO] - Finding web element with id: 'Object Repository/Popup/Popup' located by 'By.cssSelector: .bootbox-body' in '30' second(s)

2021-10-21 14:20:23 - [MESSAGE][INFO] - Smart Wait Function is triggered

2021-10-21 14:20:23 - [MESSAGE][INFO] - Found 1 web elements with id: 'Object Repository/Popup/Popup' located by 'By.cssSelector: .bootbox-body' in '30' second(s)

2021-10-21 14:20:23 - [MESSAGE][INFO] - Getting text of object 'Object Repository/Popup/Popup'

2021-10-21 14:20:23 - [MESSAGE][PASSED] - Text of object 'Object Repository/Popup/Popup' is: 'Seçilen faturalarınız onaylanacaktır. Onaylanan faturalar üzerinde değişiklik yapılamaz. Devam etmek istiyor musunuz?'

2021-10-21 14:20:23 - [TEST_STEP][PASSED] - Console.println(RaporNo): null

2021-10-21 14:20:23 - [MESSAGE][PASSED] - Call Test Case 'Test Cases/Popup/PopupMesajiIceriyorMu' successfully

2021-10-21 14:20:23 - [MESSAGE][INFO] - Checking called Test Case

2021-10-21 14:20:23 - [MESSAGE][INFO] - Starting to call Test Case 'Test Cases/Popup/PopupButonSecilir'

2021-10-21 14:20:23 - [TEST_CASE][PASSED] - Test Cases/Popup/PopupButonSecilir: Test Cases/Popup/PopupButonSecilir

2021-10-21 14:20:23 - [TEST_STEP][PASSED] - Method.TextDegerineEsitElementeTikla(findTestObject("Popup/Popup_Butons"), Buton): Method.TextDegerineEsitElementeTikla is PASSED

2021-10-21 14:20:23 - [MESSAGE][INFO] - Finding Test Object 'Object Repository/Popup/Popup_Butons'

2021-10-21 14:20:23 - [MESSAGE][INFO] - Checking timeout

2021-10-21 14:20:23 - [MESSAGE][INFO] - Finding web element with id: 'Object Repository/Popup/Popup_Butons' located by 'By.cssSelector: .modal-footer>button' in '10' second(s)

2021-10-21 14:20:23 - [MESSAGE][INFO] - Smart Wait Function is triggered

2021-10-21 14:20:24 - [MESSAGE][INFO] - Found 2 web elements with id: 'Object Repository/Popup/Popup_Butons' located by 'By.cssSelector: .modal-footer>button' in '10' second(s)

2021-10-21 14:20:24 - [MESSAGE][PASSED] - Method.TextDegerineEsitElementeTikla is PASSED

2021-10-21 14:20:24 - [MESSAGE][PASSED] - Call Test Case 'Test Cases/Popup/PopupButonSecilir' successfully

2021-10-21 14:20:24 - [MESSAGE][INFO] - Checking called Test Case

2021-10-21 14:20:24 - [MESSAGE][INFO] - Starting to call Test Case 'Test Cases/Menu/AnaMenuSecimi'

2021-10-21 14:20:24 - [TEST_CASE][PASSED] - Test Cases/Menu/AnaMenuSecimi: Test Cases/Menu/AnaMenuSecimi

2021-10-21 14:20:24 - [TEST_STEP][PASSED] - Method.TextDegerineEsitElementeTikla(findTestObject("Menu/Ana_Menu"), Ana_Menu): Method.TextDegerineEsitElementeTikla is PASSED

2021-10-21 14:20:24 - [MESSAGE][INFO] - Finding Test Object 'Object Repository/Menu/Ana_Menu'

2021-10-21 14:20:24 - [MESSAGE][INFO] - Checking timeout

2021-10-21 14:20:24 - [MESSAGE][INFO] - Finding web element with id: 'Object Repository/Menu/Ana_Menu' located by 'By.xpath: //*[@class = 'dropdown-toggle']' in '10' second(s)

2021-10-21 14:20:24 - [MESSAGE][INFO] - Smart Wait Function is triggered

2021-10-21 14:20:25 - [MESSAGE][INFO] - Found 13 web elements with id: 'Object Repository/Menu/Ana_Menu' located by 'By.xpath: //*[@class = 'dropdown-toggle']' in '10' second(s)

2021-10-21 14:20:25 - [MESSAGE][PASSED] - Method.TextDegerineEsitElementeTikla is PASSED

2021-10-21 14:20:25 - [MESSAGE][PASSED] - Call Test Case 'Test Cases/Menu/AnaMenuSecimi' successfully

2021-10-21 14:20:25 - [MESSAGE][INFO] - Checking called Test Case

2021-10-21 14:20:25 - [MESSAGE][INFO] - Starting to call Test Case 'Test Cases/Menu/BasligaGoreAltMenuSecimi'

2021-10-21 14:20:25 - [TEST_CASE][PASSED] - Test Cases/Menu/BasligaGoreAltMenuSecimi: Test Cases/Menu/BasligaGoreAltMenuSecimi

2021-10-21 14:20:25 - [TEST_STEP][PASSED] - Method.TextDegerineEsitElementinAltindakiTextDegerineEsitOlanaTikla(findTestObject("Menu/Menu_Basligi"), findTestObject("Menu/Basliga_Gore_Alt_Menu"), Baslik, Alt_Menu): Method.TextDegerineEsitElementinAltindakiTextDegerineEsitOlanaTikla is PASSED

2021-10-21 14:20:25 - [MESSAGE][INFO] - Finding Test Object 'Object Repository/Menu/Menu_Basligi'

2021-10-21 14:20:25 - [MESSAGE][INFO] - Finding Test Object 'Object Repository/Menu/Basliga_Gore_Alt_Menu'

2021-10-21 14:20:25 - [MESSAGE][INFO] - Checking timeout

2021-10-21 14:20:25 - [MESSAGE][INFO] - Finding web element with id: 'Object Repository/Menu/Menu_Basligi' located by 'By.xpath: //li[@class='dropdown dropdown-large open']//li[@class='dropdown-header']' in '10' second(s)

2021-10-21 14:20:25 - [MESSAGE][INFO] - Smart Wait Function is triggered

2021-10-21 14:20:26 - [MESSAGE][INFO] - Found 2 web elements with id: 'Object Repository/Menu/Menu_Basligi' located by 'By.xpath: //li[@class='dropdown dropdown-large open']//li[@class='dropdown-header']' in '10' second(s)

2021-10-21 14:20:26 - [MESSAGE][INFO] - Smart Wait Function is triggered

2021-10-21 14:20:29 - [MESSAGE][PASSED] - Method.TextDegerineEsitElementinAltindakiTextDegerineEsitOlanaTikla is PASSED

2021-10-21 14:20:29 - [MESSAGE][PASSED] - Call Test Case 'Test Cases/Menu/BasligaGoreAltMenuSecimi' successfully

2021-10-21 14:20:29 - [MESSAGE][INFO] - Checking called Test Case

2021-10-21 14:20:29 - [MESSAGE][INFO] - Starting to call Test Case 'Test Cases/Filtreler/EttnYaz'

2021-10-21 14:20:29 - [TEST_CASE][PASSED] - Test Cases/Filtreler/EttnYaz: Test Cases/Filtreler/EttnYaz

2021-10-21 14:20:29 - [TEST_STEP][PASSED] - Method.TextDegerineEsitElementinAltindakiTextboxtaYaz(findTestObject("Filtreler/Basliklar"), findTestObject("Filtreler/Basliga_Gore_Textbox"), "ETTN", ettn): Method.TextDegerineEsitElementinAltindakiTextboxtaYaz is PASSED

2021-10-21 14:20:29 - [MESSAGE][INFO] - Finding Test Object 'Object Repository/Filtreler/Basliklar'

2021-10-21 14:20:29 - [MESSAGE][INFO] - Finding Test Object 'Object Repository/Filtreler/Basliga_Gore_Textbox'

2021-10-21 14:20:29 - [MESSAGE][INFO] - Checking timeout

2021-10-21 14:20:29 - [MESSAGE][INFO] - Finding web element with id: 'Object Repository/Filtreler/Basliklar' located by 'By.cssSelector: .control-label.col-sm-4.paddingMarginRLC' in '10' second(s)

2021-10-21 14:20:29 - [MESSAGE][INFO] - Smart Wait Function is triggered

2021-10-21 14:20:30 - [MESSAGE][INFO] - Found 19 web elements with id: 'Object Repository/Filtreler/Basliklar' located by 'By.cssSelector: .control-label.col-sm-4.paddingMarginRLC' in '10' second(s)

2021-10-21 14:20:30 - [MESSAGE][INFO] - Smart Wait Function is triggered

2021-10-21 14:20:30 - [MESSAGE][PASSED] - Method.TextDegerineEsitElementinAltindakiTextboxtaYaz is PASSED

2021-10-21 14:20:30 - [MESSAGE][PASSED] - Call Test Case 'Test Cases/Filtreler/EttnYaz' successfully

2021-10-21 14:20:30 - [MESSAGE][INFO] - Checking called Test Case

2021-10-21 14:20:30 - [MESSAGE][INFO] - Starting to call Test Case 'Test Cases/Filtreler/ButonaTikla'

2021-10-21 14:20:30 - [TEST_CASE][PASSED] - Test Cases/Filtreler/ButonaTikla: Test Cases/Filtreler/ButonaTikla

2021-10-21 14:20:30 - [TEST_STEP][PASSED] - Method.TextDegerineEsitElementeTikla(findTestObject("Filtreler/Butonlar"), Filtre_Buton): Method.TextDegerineEsitElementeTikla is PASSED

2021-10-21 14:20:30 - [MESSAGE][INFO] - Finding Test Object 'Object Repository/Filtreler/Butonlar'

2021-10-21 14:20:31 - [MESSAGE][INFO] - Checking timeout

2021-10-21 14:20:31 - [MESSAGE][INFO] - Finding web element with id: 'Object Repository/Filtreler/Butonlar' located by 'By.cssSelector: .dxb>span' in '10' second(s)

2021-10-21 14:20:31 - [MESSAGE][INFO] - Smart Wait Function is triggered

2021-10-21 14:20:31 - [MESSAGE][INFO] - Found 3 web elements with id: 'Object Repository/Filtreler/Butonlar' located by 'By.cssSelector: .dxb>span' in '10' second(s)

2021-10-21 14:20:31 - [MESSAGE][PASSED] - Method.TextDegerineEsitElementeTikla is PASSED

2021-10-21 14:20:31 - [MESSAGE][PASSED] - Call Test Case 'Test Cases/Filtreler/ButonaTikla' successfully

2021-10-21 14:20:31 - [MESSAGE][INFO] - Checking called Test Case

2021-10-21 14:20:31 - [MESSAGE][INFO] - Starting to call Test Case 'Test Cases/Tablo/TablodaVeriVarMi'

2021-10-21 14:20:31 - [TEST_CASE][PASSED] - Test Cases/Tablo/TablodaVeriVarMi: Test Cases/Tablo/TablodaVeriVarMi

2021-10-21 14:20:31 - [TEST_STEP][PASSED] - verifyTextNotPresent("Görüntülenecek veri yok", true): Text 'Görüntülenecek veri yok' is not present on page using regular expression

2021-10-21 14:20:31 - [MESSAGE][INFO] - Checking text present  using regular expression

2021-10-21 14:20:31 - [MESSAGE][INFO] - Smart Wait Function is triggered

2021-10-21 14:20:32 - [MESSAGE][INFO] - Finding text 'Görüntülenecek veri yok' on page  using regular expression

2021-10-21 14:20:32 - [MESSAGE][PASSED] - Text 'Görüntülenecek veri yok' is not present on page using regular expression

2021-10-21 14:20:32 - [MESSAGE][PASSED] - Call Test Case 'Test Cases/Tablo/TablodaVeriVarMi' successfully

2021-10-21 14:20:32 - [MESSAGE][INFO] - Checking called Test Case

2021-10-21 14:20:32 - [MESSAGE][INFO] - Starting to call Test Case 'Test Cases/Tablo/TablodaVeriBasariliMiArsiv'

2021-10-21 14:20:32 - [TEST_CASE][PASSED] - Test Cases/Tablo/TablodaVeriBasariliMiArsiv: Test Cases/Tablo/TablodaVeriBasariliMiArsiv

2021-10-21 14:20:32 - [TEST_STEP][PASSED] - sayac = 80: null

2021-10-21 14:20:32 - [TEST_STEP][PASSED] - while (verifyElementText(findTestObject("Object Repository/Tablo/DurumBilgisiArsiv"), "Henüz Sonuçlanmadı", OPTIONAL)): Actual text 'Başarılı' and expected text 'Henüz Sonuçlanmadı' of test object 'Object Repository/Tablo/DurumBilgisiArsiv' are NOT matched. (Root cause: com.kms.katalon.core.exception.StepFailedException: Actual text 'Başarılı' and expected text 'Henüz Sonuçlanmadı' of test object 'Object Repository/Tablo/DurumBilgisiArsiv' are NOT matched.
	at com.kms.katalon.core.webui.keyword.internal.WebUIKeywordMain.stepFailed(WebUIKeywordMain.groovy:64)
	at com.kms.katalon.core.webui.keyword.builtin.VerifyElementTextKeyword$_verifyElementText_closure1.doCall(VerifyElementTextKeyword.groovy:57)
	at com.kms.katalon.core.webui.keyword.builtin.VerifyElementTextKeyword$_verifyElementText_closure1.call(VerifyElementTextKeyword.groovy)
	at com.kms.katalon.core.webui.keyword.internal.WebUIKeywordMain.runKeyword(WebUIKeywordMain.groovy:20)
	at com.kms.katalon.core.webui.keyword.builtin.VerifyElementTextKeyword.verifyElementText(VerifyElementTextKeyword.groovy:72)
	at com.kms.katalon.core.webui.keyword.builtin.VerifyElementTextKeyword.execute(VerifyElementTextKeyword.groovy:40)
	at com.kms.katalon.core.keyword.internal.KeywordExecutor.executeKeywordForPlatform(KeywordExecutor.groovy:73)
	at com.kms.katalon.core.webui.keyword.WebUiBuiltInKeywords.verifyElementText(WebUiBuiltInKeywords.groovy:4733)
	at com.kms.katalon.core.webui.keyword.WebUiBuiltInKeywords$verifyElementText$20.call(Unknown Source)
	at TablodaVeriBasariliMiArsiv.run(TablodaVeriBasariliMiArsiv:22)
	at com.kms.katalon.core.main.ScriptEngine.run(ScriptEngine.java:194)
	at com.kms.katalon.core.main.ScriptEngine.runScriptAsRawText(ScriptEngine.java:119)
	at com.kms.katalon.core.main.TestCaseExecutor.runScript(TestCaseExecutor.java:369)
	at com.kms.katalon.core.main.TestCaseExecutor.doExecute(TestCaseExecutor.java:360)
	at com.kms.katalon.core.main.TestCaseExecutor.processExecutionPhase(TestCaseExecutor.java:339)
	at com.kms.katalon.core.main.TestCaseExecutor.accessMainPhase(TestCaseExecutor.java:331)
	at com.kms.katalon.core.main.TestCaseExecutor.execute(TestCaseExecutor.java:248)
	at com.kms.katalon.core.main.TestCaseMain.runTestCase(TestCaseMain.java:138)
	at com.kms.katalon.core.keyword.builtin.CallTestCaseKeyword$_callTestCase_closure1.doCall(CallTestCaseKeyword.groovy:59)
	at com.kms.katalon.core.keyword.builtin.CallTestCaseKeyword$_callTestCase_closure1.call(CallTestCaseKeyword.groovy)
	at com.kms.katalon.core.keyword.internal.KeywordMain.runKeyword(KeywordMain.groovy:68)
	at com.kms.katalon.core.keyword.builtin.CallTestCaseKeyword.callTestCase(CallTestCaseKeyword.groovy:81)
	at com.kms.katalon.core.keyword.builtin.CallTestCaseKeyword.execute(CallTestCaseKeyword.groovy:44)
	at com.kms.katalon.core.keyword.internal.KeywordExecutor.executeKeywordForPlatform(KeywordExecutor.groovy:73)
	at com.kms.katalon.core.keyword.BuiltinKeywords.callTestCase(BuiltinKeywords.groovy:334)
	at tablo.tablo.tablodaVeriBasariliMiArsiv(tablo.groovy:95)
	at cucumber.runtime.Utils$1.call(Utils.java:26)
	at cucumber.runtime.Timeout.timeout(Timeout.java:16)
	at cucumber.runtime.Utils.invoke(Utils.java:20)
	at cucumber.runtime.java.JavaStepDefinition.execute(JavaStepDefinition.java:49)
	at cucumber.runner.PickleStepDefinitionMatch.runStep(PickleStepDefinitionMatch.java:50)
	at cucumber.runner.TestStep.executeStep(TestStep.java:63)
	at cucumber.runner.TestStep.run(TestStep.java:49)
	at cucumber.runner.PickleStepTestStep.run(PickleStepTestStep.java:43)
	at cucumber.runner.TestCase.run(TestCase.java:44)
	at cucumber.runner.Runner.runPickle(Runner.java:40)
	at cucumber.runtime.Runtime$1.run(Runtime.java:84)
	at cucumber.runtime.Runtime$SameThreadExecutorService.execute(Runtime.java:220)
	at cucumber.runtime.Runtime.run(Runtime.java:81)
	at cucumber.api.cli.Main.run(Main.java:26)
	at cucumber.api.cli.Main$run.call(Unknown Source)
	at com.kms.katalon.core.cucumber.keyword.CucumberBuiltinKeywords$_runFeatureFile_closure1.doCall(CucumberBuiltinKeywords.groovy:106)
	at com.kms.katalon.core.cucumber.keyword.CucumberBuiltinKeywords$_runFeatureFile_closure1.doCall(CucumberBuiltinKeywords.groovy)
	at com.kms.katalon.core.keyword.internal.KeywordMain.runKeyword(KeywordMain.groovy:68)
	at com.kms.katalon.core.keyword.internal.KeywordMain$runKeyword.call(Unknown Source)
	at com.kms.katalon.core.cucumber.keyword.CucumberBuiltinKeywords.runFeatureFile(CucumberBuiltinKeywords.groovy:73)
	at com.kms.katalon.core.cucumber.keyword.CucumberBuiltinKeywords$runFeatureFile$0.callStatic(Unknown Source)
	at com.kms.katalon.core.cucumber.keyword.CucumberBuiltinKeywords.runFeatureFile(CucumberBuiltinKeywords.groovy:246)
	at com.kms.katalon.core.cucumber.keyword.CucumberBuiltinKeywords$runFeatureFile.call(Unknown Source)
	at VKN-Elektronik-Satis.run(VKN-Elektronik-Satis:19)
	at com.kms.katalon.core.main.ScriptEngine.run(ScriptEngine.java:194)
	at com.kms.katalon.core.main.ScriptEngine.runScriptAsRawText(ScriptEngine.java:119)
	at com.kms.katalon.core.main.TestCaseExecutor.runScript(TestCaseExecutor.java:369)
	at com.kms.katalon.core.main.TestCaseExecutor.doExecute(TestCaseExecutor.java:360)
	at com.kms.katalon.core.main.TestCaseExecutor.processExecutionPhase(TestCaseExecutor.java:339)
	at com.kms.katalon.core.main.TestCaseExecutor.accessMainPhase(TestCaseExecutor.java:331)
	at com.kms.katalon.core.main.TestCaseExecutor.execute(TestCaseExecutor.java:248)
	at com.kms.katalon.core.main.TestSuiteExecutor.accessTestCaseMainPhase(TestSuiteExecutor.java:191)
	at com.kms.katalon.core.main.TestSuiteExecutor.accessTestSuiteMainPhase(TestSuiteExecutor.java:140)
	at com.kms.katalon.core.main.TestSuiteExecutor.execute(TestSuiteExecutor.java:89)
	at com.kms.katalon.core.main.TestCaseMain.startTestSuite(TestCaseMain.java:181)
	at com.kms.katalon.core.main.TestCaseMain$startTestSuite$0.call(Unknown Source)
	at TempTestSuite1634814289741.run(TempTestSuite1634814289741.groovy:39)
)

2021-10-21 14:20:32 - [MESSAGE][INFO] - Finding Test Object 'Object Repository/Tablo/DurumBilgisiArsiv'

2021-10-21 14:20:33 - [MESSAGE][INFO] - Checking object

2021-10-21 14:20:33 - [MESSAGE][INFO] - Finding web element from Test Object's properties

2021-10-21 14:20:33 - [MESSAGE][INFO] - Checking timeout

2021-10-21 14:20:33 - [MESSAGE][INFO] - Finding web element with id: 'Object Repository/Tablo/DurumBilgisiArsiv' located by 'By.xpath: //*[@id = 'GridViewEArchiveInvoices_tccell0_9']' in '30' second(s)

2021-10-21 14:20:33 - [MESSAGE][INFO] - Smart Wait Function is triggered

2021-10-21 14:20:33 - [MESSAGE][INFO] - Found 1 web elements with id: 'Object Repository/Tablo/DurumBilgisiArsiv' located by 'By.xpath: //*[@id = 'GridViewEArchiveInvoices_tccell0_9']' in '30' second(s)

2021-10-21 14:20:33 - [MESSAGE][WARNING] - Actual text 'Başarılı' and expected text 'Henüz Sonuçlanmadı' of test object 'Object Repository/Tablo/DurumBilgisiArsiv' are NOT matched. (Root cause: com.kms.katalon.core.exception.StepFailedException: Actual text 'Başarılı' and expected text 'Henüz Sonuçlanmadı' of test object 'Object Repository/Tablo/DurumBilgisiArsiv' are NOT matched.
	at com.kms.katalon.core.webui.keyword.internal.WebUIKeywordMain.stepFailed(WebUIKeywordMain.groovy:64)
	at com.kms.katalon.core.webui.keyword.builtin.VerifyElementTextKeyword$_verifyElementText_closure1.doCall(VerifyElementTextKeyword.groovy:57)
	at com.kms.katalon.core.webui.keyword.builtin.VerifyElementTextKeyword$_verifyElementText_closure1.call(VerifyElementTextKeyword.groovy)
	at com.kms.katalon.core.webui.keyword.internal.WebUIKeywordMain.runKeyword(WebUIKeywordMain.groovy:20)
	at com.kms.katalon.core.webui.keyword.builtin.VerifyElementTextKeyword.verifyElementText(VerifyElementTextKeyword.groovy:72)
	at com.kms.katalon.core.webui.keyword.builtin.VerifyElementTextKeyword.execute(VerifyElementTextKeyword.groovy:40)
	at com.kms.katalon.core.keyword.internal.KeywordExecutor.executeKeywordForPlatform(KeywordExecutor.groovy:73)
	at com.kms.katalon.core.webui.keyword.WebUiBuiltInKeywords.verifyElementText(WebUiBuiltInKeywords.groovy:4733)
	at com.kms.katalon.core.webui.keyword.WebUiBuiltInKeywords$verifyElementText$20.call(Unknown Source)
	at TablodaVeriBasariliMiArsiv.run(TablodaVeriBasariliMiArsiv:22)
	at com.kms.katalon.core.main.ScriptEngine.run(ScriptEngine.java:194)
	at com.kms.katalon.core.main.ScriptEngine.runScriptAsRawText(ScriptEngine.java:119)
	at com.kms.katalon.core.main.TestCaseExecutor.runScript(TestCaseExecutor.java:369)
	at com.kms.katalon.core.main.TestCaseExecutor.doExecute(TestCaseExecutor.java:360)
	at com.kms.katalon.core.main.TestCaseExecutor.processExecutionPhase(TestCaseExecutor.java:339)
	at com.kms.katalon.core.main.TestCaseExecutor.accessMainPhase(TestCaseExecutor.java:331)
	at com.kms.katalon.core.main.TestCaseExecutor.execute(TestCaseExecutor.java:248)
	at com.kms.katalon.core.main.TestCaseMain.runTestCase(TestCaseMain.java:138)
	at com.kms.katalon.core.keyword.builtin.CallTestCaseKeyword$_callTestCase_closure1.doCall(CallTestCaseKeyword.groovy:59)
	at com.kms.katalon.core.keyword.builtin.CallTestCaseKeyword$_callTestCase_closure1.call(CallTestCaseKeyword.groovy)
	at com.kms.katalon.core.keyword.internal.KeywordMain.runKeyword(KeywordMain.groovy:68)
	at com.kms.katalon.core.keyword.builtin.CallTestCaseKeyword.callTestCase(CallTestCaseKeyword.groovy:81)
	at com.kms.katalon.core.keyword.builtin.CallTestCaseKeyword.execute(CallTestCaseKeyword.groovy:44)
	at com.kms.katalon.core.keyword.internal.KeywordExecutor.executeKeywordForPlatform(KeywordExecutor.groovy:73)
	at com.kms.katalon.core.keyword.BuiltinKeywords.callTestCase(BuiltinKeywords.groovy:334)
	at tablo.tablo.tablodaVeriBasariliMiArsiv(tablo.groovy:95)
	at cucumber.runtime.Utils$1.call(Utils.java:26)
	at cucumber.runtime.Timeout.timeout(Timeout.java:16)
	at cucumber.runtime.Utils.invoke(Utils.java:20)
	at cucumber.runtime.java.JavaStepDefinition.execute(JavaStepDefinition.java:49)
	at cucumber.runner.PickleStepDefinitionMatch.runStep(PickleStepDefinitionMatch.java:50)
	at cucumber.runner.TestStep.executeStep(TestStep.java:63)
	at cucumber.runner.TestStep.run(TestStep.java:49)
	at cucumber.runner.PickleStepTestStep.run(PickleStepTestStep.java:43)
	at cucumber.runner.TestCase.run(TestCase.java:44)
	at cucumber.runner.Runner.runPickle(Runner.java:40)
	at cucumber.runtime.Runtime$1.run(Runtime.java:84)
	at cucumber.runtime.Runtime$SameThreadExecutorService.execute(Runtime.java:220)
	at cucumber.runtime.Runtime.run(Runtime.java:81)
	at cucumber.api.cli.Main.run(Main.java:26)
	at cucumber.api.cli.Main$run.call(Unknown Source)
	at com.kms.katalon.core.cucumber.keyword.CucumberBuiltinKeywords$_runFeatureFile_closure1.doCall(CucumberBuiltinKeywords.groovy:106)
	at com.kms.katalon.core.cucumber.keyword.CucumberBuiltinKeywords$_runFeatureFile_closure1.doCall(CucumberBuiltinKeywords.groovy)
	at com.kms.katalon.core.keyword.internal.KeywordMain.runKeyword(KeywordMain.groovy:68)
	at com.kms.katalon.core.keyword.internal.KeywordMain$runKeyword.call(Unknown Source)
	at com.kms.katalon.core.cucumber.keyword.CucumberBuiltinKeywords.runFeatureFile(CucumberBuiltinKeywords.groovy:73)
	at com.kms.katalon.core.cucumber.keyword.CucumberBuiltinKeywords$runFeatureFile$0.callStatic(Unknown Source)
	at com.kms.katalon.core.cucumber.keyword.CucumberBuiltinKeywords.runFeatureFile(CucumberBuiltinKeywords.groovy:246)
	at com.kms.katalon.core.cucumber.keyword.CucumberBuiltinKeywords$runFeatureFile.call(Unknown Source)
	at VKN-Elektronik-Satis.run(VKN-Elektronik-Satis:19)
	at com.kms.katalon.core.main.ScriptEngine.run(ScriptEngine.java:194)
	at com.kms.katalon.core.main.ScriptEngine.runScriptAsRawText(ScriptEngine.java:119)
	at com.kms.katalon.core.main.TestCaseExecutor.runScript(TestCaseExecutor.java:369)
	at com.kms.katalon.core.main.TestCaseExecutor.doExecute(TestCaseExecutor.java:360)
	at com.kms.katalon.core.main.TestCaseExecutor.processExecutionPhase(TestCaseExecutor.java:339)
	at com.kms.katalon.core.main.TestCaseExecutor.accessMainPhase(TestCaseExecutor.java:331)
	at com.kms.katalon.core.main.TestCaseExecutor.execute(TestCaseExecutor.java:248)
	at com.kms.katalon.core.main.TestSuiteExecutor.accessTestCaseMainPhase(TestSuiteExecutor.java:191)
	at com.kms.katalon.core.main.TestSuiteExecutor.accessTestSuiteMainPhase(TestSuiteExecutor.java:140)
	at com.kms.katalon.core.main.TestSuiteExecutor.execute(TestSuiteExecutor.java:89)
	at com.kms.katalon.core.main.TestCaseMain.startTestSuite(TestCaseMain.java:181)
	at com.kms.katalon.core.main.TestCaseMain$startTestSuite$0.call(Unknown Source)
	at TempTestSuite1634814289741.run(TempTestSuite1634814289741.groovy:39)
)

2021-10-21 14:20:33 - [TEST_STEP][PASSED] - Method.TextDegerineEsitElementVarMi(findTestObject("Object Repository/Tablo/DurumBilgisiArsiv"), "Başarılı"): Method.TextDegerineEsitElementVarMi is PASSED

2021-10-21 14:20:33 - [MESSAGE][INFO] - Finding Test Object 'Object Repository/Tablo/DurumBilgisiArsiv'

2021-10-21 14:20:33 - [MESSAGE][INFO] - Checking timeout

2021-10-21 14:20:33 - [MESSAGE][INFO] - Finding web element with id: 'Object Repository/Tablo/DurumBilgisiArsiv' located by 'By.xpath: //*[@id = 'GridViewEArchiveInvoices_tccell0_9']' in '10' second(s)

2021-10-21 14:20:33 - [MESSAGE][INFO] - Smart Wait Function is triggered

2021-10-21 14:20:34 - [MESSAGE][INFO] - Found 1 web elements with id: 'Object Repository/Tablo/DurumBilgisiArsiv' located by 'By.xpath: //*[@id = 'GridViewEArchiveInvoices_tccell0_9']' in '10' second(s)

2021-10-21 14:20:34 - [MESSAGE][PASSED] - Method.TextDegerineEsitElementVarMi is PASSED

2021-10-21 14:20:34 - [MESSAGE][PASSED] - Call Test Case 'Test Cases/Tablo/TablodaVeriBasariliMiArsiv' successfully

2021-10-21 14:20:34 - [MESSAGE][INFO] - Checking called Test Case

2021-10-21 14:20:34 - [MESSAGE][INFO] - Starting to call Test Case 'Test Cases/Kullanici_Islemleri/KullaniciIslemlerindenSecimYapilir'

2021-10-21 14:20:34 - [TEST_CASE][PASSED] - Test Cases/Kullanici_Islemleri/KullaniciIslemlerindenSecimYapilir: Test Cases/Kullanici_Islemleri/KullaniciIslemlerindenSecimYapilir

2021-10-21 14:20:34 - [TEST_STEP][PASSED] - waitForElementClickable(findTestObject("Object Repository/Kullanici_Islemleri/KullaniciIslemleri"), 10): Object 'Object Repository/Kullanici_Islemleri/KullaniciIslemleri' is clickable

2021-10-21 14:20:34 - [MESSAGE][INFO] - Finding Test Object 'Object Repository/Kullanici_Islemleri/KullaniciIslemleri'

2021-10-21 14:20:34 - [MESSAGE][INFO] - Checking object

2021-10-21 14:20:34 - [MESSAGE][INFO] - Checking timeout

2021-10-21 14:20:34 - [MESSAGE][INFO] - Finding web element from Test Object's properties

2021-10-21 14:20:34 - [MESSAGE][INFO] - Checking timeout

2021-10-21 14:20:34 - [MESSAGE][INFO] - Finding web element with id: 'Object Repository/Kullanici_Islemleri/KullaniciIslemleri' located by 'By.cssSelector: .dropdown>a>img' in '10' second(s)

2021-10-21 14:20:34 - [MESSAGE][INFO] - Smart Wait Function is triggered

2021-10-21 14:20:34 - [MESSAGE][INFO] - Found 1 web elements with id: 'Object Repository/Kullanici_Islemleri/KullaniciIslemleri' located by 'By.cssSelector: .dropdown>a>img' in '10' second(s)

2021-10-21 14:20:34 - [MESSAGE][PASSED] - Object 'Object Repository/Kullanici_Islemleri/KullaniciIslemleri' is clickable

2021-10-21 14:20:34 - [TEST_STEP][PASSED] - click(findTestObject("Object Repository/Kullanici_Islemleri/KullaniciIslemleri")): Object: 'Object Repository/Kullanici_Islemleri/KullaniciIslemleri' is clicked on

2021-10-21 14:20:34 - [MESSAGE][INFO] - Finding Test Object 'Object Repository/Kullanici_Islemleri/KullaniciIslemleri'

2021-10-21 14:20:34 - [MESSAGE][INFO] - Checking object

2021-10-21 14:20:34 - [MESSAGE][INFO] - Finding web element from Test Object's properties

2021-10-21 14:20:34 - [MESSAGE][INFO] - Checking timeout

2021-10-21 14:20:34 - [MESSAGE][INFO] - Finding web element with id: 'Object Repository/Kullanici_Islemleri/KullaniciIslemleri' located by 'By.cssSelector: .dropdown>a>img' in '30' second(s)

2021-10-21 14:20:34 - [MESSAGE][INFO] - Smart Wait Function is triggered

2021-10-21 14:20:34 - [MESSAGE][INFO] - Found 1 web elements with id: 'Object Repository/Kullanici_Islemleri/KullaniciIslemleri' located by 'By.cssSelector: .dropdown>a>img' in '30' second(s)

2021-10-21 14:20:34 - [MESSAGE][INFO] - Clicking on object: 'Object Repository/Kullanici_Islemleri/KullaniciIslemleri'

2021-10-21 14:20:34 - [MESSAGE][PASSED] - Object: 'Object Repository/Kullanici_Islemleri/KullaniciIslemleri' is clicked on

2021-10-21 14:20:34 - [TEST_STEP][PASSED] - Method.TextDegerineEsitElementeTikla(findTestObject("Object Repository/Kullanici_Islemleri/Secenekler"), Islem): Method.TextDegerineEsitElementeTikla is PASSED

2021-10-21 14:20:34 - [MESSAGE][INFO] - Finding Test Object 'Object Repository/Kullanici_Islemleri/Secenekler'

2021-10-21 14:20:34 - [MESSAGE][INFO] - Checking timeout

2021-10-21 14:20:34 - [MESSAGE][INFO] - Finding web element with id: 'Object Repository/Kullanici_Islemleri/Secenekler' located by 'By.cssSelector: .nav.navbar-nav.navbar-right li a' in '10' second(s)

2021-10-21 14:20:34 - [MESSAGE][INFO] - Smart Wait Function is triggered

2021-10-21 14:20:35 - [MESSAGE][INFO] - Found 20 web elements with id: 'Object Repository/Kullanici_Islemleri/Secenekler' located by 'By.cssSelector: .nav.navbar-nav.navbar-right li a' in '10' second(s)

2021-10-21 14:20:37 - [MESSAGE][PASSED] - Method.TextDegerineEsitElementeTikla is PASSED

2021-10-21 14:20:37 - [TEST_STEP][PASSED] - verifyElementNotPresent(findTestObject("Object Repository/Kullanici_Islemleri/Secenekler"), 10): Web element with id: 'Object Repository/Kullanici_Islemleri/Secenekler' located by 'By.cssSelector: .nav.navbar-nav.navbar-right li a' is not present after '10' second(s)

2021-10-21 14:20:37 - [MESSAGE][INFO] - Finding Test Object 'Object Repository/Kullanici_Islemleri/Secenekler'

2021-10-21 14:20:37 - [MESSAGE][INFO] - Checking object

2021-10-21 14:20:37 - [MESSAGE][INFO] - Checking timeout

2021-10-21 14:20:37 - [MESSAGE][INFO] - Finding web element with id: 'Object Repository/Kullanici_Islemleri/Secenekler' located by 'By.cssSelector: .nav.navbar-nav.navbar-right li a' in '10' second(s)

2021-10-21 14:20:37 - [MESSAGE][INFO] - Smart Wait Function is triggered

2021-10-21 14:20:37 - [MESSAGE][PASSED] - Web element with id: 'Object Repository/Kullanici_Islemleri/Secenekler' located by 'By.cssSelector: .nav.navbar-nav.navbar-right li a' is not present after '10' second(s)

2021-10-21 14:20:37 - [MESSAGE][PASSED] - Call Test Case 'Test Cases/Kullanici_Islemleri/KullaniciIslemlerindenSecimYapilir' successfully

2021-10-21 14:20:37 - [TEST_CASE][PASSED] - Start Test Case : SCENARIO Gonderim tipi Kagit ve Satis tipinde e-Arsiv faturasi olusturulmasi: SCENARIO Gonderim tipi Kagit ve Satis tipinde e-Arsiv faturasi olusturulmasi

2021-10-21 14:20:37 - [TEST_STEP][PASSED] - Kullanıcı adı EARSATIS ve Şifre test1234 olarak giriş yapılır: Kullanıcı adı EARSATIS ve Şifre test1234 olarak giriş yapılır

2021-10-21 14:20:37 - [MESSAGE][PASSED] - Kullanıcı adı EARSATIS ve Şifre test1234 olarak giriş yapılır

2021-10-21 14:20:37 - [TEST_STEP][PASSED] - Ana menüden e-Arşiv seçilir: Ana menüden e-Arşiv seçilir

2021-10-21 14:20:37 - [MESSAGE][PASSED] - Ana menüden e-Arşiv seçilir

2021-10-21 14:20:37 - [TEST_STEP][PASSED] - Alt menü e-Arşiv Araçları başlığı altındaki e-Arşiv Fatura Oluşturma seçilir: Alt menü e-Arşiv Araçları başlığı altındaki e-Arşiv Fatura Oluşturma seçilir

2021-10-21 14:20:37 - [MESSAGE][PASSED] - Alt menü e-Arşiv Araçları başlığı altındaki e-Arşiv Fatura Oluşturma seçilir

2021-10-21 14:20:37 - [TEST_STEP][PASSED] - Tablodaki tüm veriler silinir: Tablodaki tüm veriler silinir

2021-10-21 14:20:37 - [MESSAGE][PASSED] - Tablodaki tüm veriler silinir

2021-10-21 14:20:37 - [TEST_STEP][PASSED] - Butonlardan Ekle isimli butona tıklanır: Butonlardan Ekle isimli butona tıklanır

2021-10-21 14:20:37 - [MESSAGE][PASSED] - Butonlardan Ekle isimli butona tıklanır

2021-10-21 14:20:37 - [TEST_STEP][PASSED] - Görsel tasarım sayfasının e-Arşiv Fatura Bilgileri başlığını içerdiği kontrol edilir: Görsel tasarım sayfasının e-Arşiv Fatura Bilgileri başlığını içerdiği kontrol edilir

2021-10-21 14:20:37 - [MESSAGE][PASSED] - Görsel tasarım sayfasının e-Arşiv Fatura Bilgileri başlığını içerdiği kontrol edilir

2021-10-21 14:20:37 - [TEST_STEP][PASSED] - Alıcı adı alanına UC0007 girilir: Alıcı adı alanına UC0007 girilir

2021-10-21 14:20:37 - [MESSAGE][PASSED] - Alıcı adı alanına UC0007 girilir

2021-10-21 14:20:37 - [TEST_STEP][PASSED] - Gönderim Şekli Elektronik olarak seçilir: Gönderim Şekli Elektronik olarak seçilir

2021-10-21 14:20:37 - [MESSAGE][PASSED] - Gönderim Şekli Elektronik olarak seçilir

2021-10-21 14:20:37 - [TEST_STEP][PASSED] - Tip alanından Satış seçilir: Tip alanından Satış seçilir

2021-10-21 14:20:37 - [MESSAGE][PASSED] - Tip alanından Satış seçilir

2021-10-21 14:20:37 - [TEST_STEP][PASSED] - Döküman Para Birimi alanından Türk Lirası seçilir: Döküman Para Birimi alanından Türk Lirası seçilir

2021-10-21 14:20:37 - [MESSAGE][PASSED] - Döküman Para Birimi alanından Türk Lirası seçilir

2021-10-21 14:20:37 - [TEST_STEP][PASSED] - Ön Ek EAR olarak seçilir: Ön Ek EAR olarak seçilir

2021-10-21 14:20:37 - [MESSAGE][PASSED] - Ön Ek EAR olarak seçilir

2021-10-21 14:20:37 - [TEST_STEP][PASSED] - Tasarım alanından Otomasyon seçilir: Tasarım alanından Otomasyon seçilir

2021-10-21 14:20:37 - [MESSAGE][PASSED] - Tasarım alanından Otomasyon seçilir

2021-10-21 14:20:37 - [TEST_STEP][PASSED] - Sipariş bilgileri UUC-SAT-1200001 ve 31.04.2020 olarak girilir: Sipariş bilgileri UUC-SAT-1200001 ve 31.04.2020 olarak girilir

2021-10-21 14:20:37 - [MESSAGE][PASSED] - Sipariş bilgileri UUC-SAT-1200001 ve 31.04.2020 olarak girilir

2021-10-21 14:20:37 - [TEST_STEP][PASSED] - İrsaliye Bilgileri AAAAAAAAAA,31.04.2020 olarak girilir: İrsaliye Bilgileri AAAAAAAAAA,31.04.2020 olarak girilir

2021-10-21 14:20:37 - [MESSAGE][PASSED] - İrsaliye Bilgileri AAAAAAAAAA,31.04.2020 olarak girilir

2021-10-21 14:20:37 - [TEST_STEP][PASSED] - Ekle butonuna basılır: Ekle butonuna basılır

2021-10-21 14:20:37 - [MESSAGE][PASSED] - Ekle butonuna basılır

2021-10-21 14:20:37 - [TEST_STEP][PASSED] - Ürün ekleme alanında Mal/Hizmet başlığına Otomasyon girilir: Ürün ekleme alanında Mal/Hizmet başlığına Otomasyon girilir

2021-10-21 14:20:37 - [MESSAGE][PASSED] - Ürün ekleme alanında Mal/Hizmet başlığına Otomasyon girilir

2021-10-21 14:20:37 - [TEST_STEP][PASSED] - Ürün ekleme alanında Açıklaması başlığına Virgosol girilir: Ürün ekleme alanında Açıklaması başlığına Virgosol girilir

2021-10-21 14:20:37 - [MESSAGE][PASSED] - Ürün ekleme alanında Açıklaması başlığına Virgosol girilir

2021-10-21 14:20:37 - [TEST_STEP][PASSED] - Ürün ekleme alanında Miktarı başlığına 400 girilir: Ürün ekleme alanında Miktarı başlığına 400 girilir

2021-10-21 14:20:37 - [MESSAGE][PASSED] - Ürün ekleme alanında Miktarı başlığına 400 girilir

2021-10-21 14:20:37 - [TEST_STEP][PASSED] - Ürün ekleme alanında Birim Fiyat başlığına 100 girilir: Ürün ekleme alanında Birim Fiyat başlığına 100 girilir

2021-10-21 14:20:37 - [MESSAGE][PASSED] - Ürün ekleme alanında Birim Fiyat başlığına 100 girilir

2021-10-21 14:20:37 - [TEST_STEP][PASSED] - Ürün ekleme alanında İskonto Oranı % başlığına 10 girilir: Ürün ekleme alanında İskonto Oranı % başlığına 10 girilir

2021-10-21 14:20:37 - [MESSAGE][PASSED] - Ürün ekleme alanında İskonto Oranı % başlığına 10 girilir

2021-10-21 14:20:37 - [TEST_STEP][PASSED] - Notlar alanına Otomasyon Not girilir: Notlar alanına Otomasyon Not girilir

2021-10-21 14:20:37 - [MESSAGE][PASSED] - Notlar alanına Otomasyon Not girilir

2021-10-21 14:20:37 - [TEST_STEP][PASSED] - Ettn bilgisi kayıt edilir: Ettn bilgisi kayıt edilir

2021-10-21 14:20:37 - [MESSAGE][PASSED] - Ettn bilgisi kayıt edilir

2021-10-21 14:20:37 - [TEST_STEP][PASSED] - Kaydet butonu seçilir: Kaydet butonu seçilir

2021-10-21 14:20:37 - [MESSAGE][PASSED] - Kaydet butonu seçilir

2021-10-21 14:20:37 - [TEST_STEP][PASSED] - Tabloda Ettn bilgisi kaydedilen veri oluşturuldu mu: Tabloda Ettn bilgisi kaydedilen veri oluşturuldu mu

2021-10-21 14:20:37 - [MESSAGE][PASSED] - Tabloda Ettn bilgisi kaydedilen veri oluşturuldu mu

2021-10-21 14:20:37 - [TEST_STEP][PASSED] - Tablodan Ettn bilgisi kaydedilen veri seçilir: Tablodan Ettn bilgisi kaydedilen veri seçilir

2021-10-21 14:20:37 - [MESSAGE][PASSED] - Tablodan Ettn bilgisi kaydedilen veri seçilir

2021-10-21 14:20:37 - [TEST_STEP][PASSED] - Butonlardan Numara Oluştur isimli butona tıklanır: Butonlardan Numara Oluştur isimli butona tıklanır

2021-10-21 14:20:37 - [MESSAGE][PASSED] - Butonlardan Numara Oluştur isimli butona tıklanır

2021-10-21 14:20:37 - [TEST_STEP][PASSED] - Popup mesajı Devam etmek istiyor musunuz içeriyor mu: Popup mesajı Devam etmek istiyor musunuz içeriyor mu

2021-10-21 14:20:37 - [MESSAGE][PASSED] - Popup mesajı Devam etmek istiyor musunuz içeriyor mu

2021-10-21 14:20:37 - [TEST_STEP][PASSED] - Yönetim popupında Evet seçilir: Yönetim popupında Evet seçilir

2021-10-21 14:20:37 - [MESSAGE][PASSED] - Yönetim popupında Evet seçilir

2021-10-21 14:20:37 - [TEST_STEP][PASSED] - Popup mesajı oluşmuştur içeriyor mu: Popup mesajı oluşmuştur içeriyor mu

2021-10-21 14:20:37 - [MESSAGE][PASSED] - Popup mesajı oluşmuştur içeriyor mu

2021-10-21 14:20:37 - [TEST_STEP][PASSED] - Yönetim popupında Tamam seçilir: Yönetim popupında Tamam seçilir

2021-10-21 14:20:37 - [MESSAGE][PASSED] - Yönetim popupında Tamam seçilir

2021-10-21 14:20:37 - [TEST_STEP][PASSED] - Tablodan Ettn bilgisi kaydedilen veri seçilir: Tablodan Ettn bilgisi kaydedilen veri seçilir

2021-10-21 14:20:37 - [MESSAGE][PASSED] - Tablodan Ettn bilgisi kaydedilen veri seçilir

2021-10-21 14:20:37 - [TEST_STEP][PASSED] - Butonlardan Gönder isimli butona tıklanır: Butonlardan Gönder isimli butona tıklanır

2021-10-21 14:20:37 - [MESSAGE][PASSED] - Butonlardan Gönder isimli butona tıklanır

2021-10-21 14:20:37 - [TEST_STEP][PASSED] - Popup mesajı Devam etmek istiyor musunuz içeriyor mu: Popup mesajı Devam etmek istiyor musunuz içeriyor mu

2021-10-21 14:20:37 - [MESSAGE][PASSED] - Popup mesajı Devam etmek istiyor musunuz içeriyor mu

2021-10-21 14:20:37 - [TEST_STEP][PASSED] - Yönetim popupında Evet seçilir: Yönetim popupında Evet seçilir

2021-10-21 14:20:37 - [MESSAGE][PASSED] - Yönetim popupında Evet seçilir

2021-10-21 14:20:37 - [TEST_STEP][PASSED] - Ana menüden e-Arşiv seçilir: Ana menüden e-Arşiv seçilir

2021-10-21 14:20:37 - [MESSAGE][PASSED] - Ana menüden e-Arşiv seçilir

2021-10-21 14:20:37 - [TEST_STEP][PASSED] - Alt menü e-Arşiv Hareketleri başlığı altındaki e-Arşiv Faturaları seçilir: Alt menü e-Arşiv Hareketleri başlığı altındaki e-Arşiv Faturaları seçilir

2021-10-21 14:20:37 - [MESSAGE][PASSED] - Alt menü e-Arşiv Hareketleri başlığı altındaki e-Arşiv Faturaları seçilir

2021-10-21 14:20:37 - [TEST_STEP][PASSED] - Filtrelerden Ettn filtresine Ettn bilgisi yaz: Filtrelerden Ettn filtresine Ettn bilgisi yaz

2021-10-21 14:20:37 - [MESSAGE][PASSED] - Filtrelerden Ettn filtresine Ettn bilgisi yaz

2021-10-21 14:20:37 - [TEST_STEP][PASSED] - Filtre butonlarından Listele seçilir: Filtre butonlarından Listele seçilir

2021-10-21 14:20:37 - [MESSAGE][PASSED] - Filtre butonlarından Listele seçilir

2021-10-21 14:20:37 - [TEST_STEP][PASSED] - Tabloda veri var mı kontrol edilir: Tabloda veri var mı kontrol edilir

2021-10-21 14:20:37 - [MESSAGE][PASSED] - Tabloda veri var mı kontrol edilir

2021-10-21 14:20:37 - [TEST_STEP][PASSED] - Tabloda yeni oluşturulan eArsiv verisi başarılı mı: Tabloda yeni oluşturulan eArsiv verisi başarılı mı

2021-10-21 14:20:37 - [MESSAGE][PASSED] - Tabloda yeni oluşturulan eArsiv verisi başarılı mı

2021-10-21 14:20:37 - [TEST_STEP][PASSED] - Kullanıcı işlemlerinden Çıkış seçilir: Kullanıcı işlemlerinden Çıkış seçilir

2021-10-21 14:20:37 - [MESSAGE][PASSED] - Kullanıcı işlemlerinden Çıkış seçilir

2021-10-21 14:20:37 - [MESSAGE][PASSED] - Feature file: 'Include/features/Regresyon/e-Arsiv/VKN-Elektronik-Satis.feature' was passed

2021-10-21 14:20:37 - [TEST_STEP][PASSED] - Start listener action : sampleAfterTestSuite: Invoke 'com.kms.katalon.core.annotation.AfterTestCase' method: 'Listener.sampleAfterTestSuite(...)' completed.

2021-10-21 14:20:37 - [MESSAGE][INFO] - Starting invoke 'com.kms.katalon.core.annotation.AfterTestCase' method: 'Listener.sampleAfterTestSuite(...)'

2021-10-21 14:20:37 - [TEST_STEP][PASSED] - closeBrowser(): Invoke 'com.kms.katalon.core.annotation.AfterTestCase' method: 'Listener.sampleAfterTestSuite(...)' completed.

2021-10-21 14:20:37 - [MESSAGE][INFO] - Closing browser

2021-10-21 14:20:38 - [MESSAGE][PASSED] - Browser is closed

2021-10-21 14:20:38 - [MESSAGE][INFO] - Invoke 'com.kms.katalon.core.annotation.AfterTestCase' method: 'Listener.sampleAfterTestSuite(...)' completed.]]></system-out>
         <system-err><![CDATA[]]></system-err>
      </testcase>
      <testcase name="Test Cases/Case Repository/Regresyon/e-Arsiv/VKN-Elektronik-Tevkifat" time="132.782" classname="Test Cases/Case Repository/Regresyon/e-Arsiv/VKN-Elektronik-Tevkifat" status="PASSED">
         <system-out><![CDATA[2021-10-21 14:20:38 - [TEST_CASE][PASSED] - Test Cases/Case Repository/Regresyon/e-Arsiv/VKN-Elektronik-Tevkifat: Test Cases/Case Repository/Regresyon/e-Arsiv/VKN-Elektronik-Tevkifat

2021-10-21 14:20:38 - [TEST_STEP][PASSED] - Start listener action : sampleBeforeTestSuite: Invoke 'com.kms.katalon.core.annotation.BeforeTestCase' method: 'Listener.sampleBeforeTestSuite(...)' completed.

2021-10-21 14:20:38 - [MESSAGE][INFO] - Starting invoke 'com.kms.katalon.core.annotation.BeforeTestCase' method: 'Listener.sampleBeforeTestSuite(...)'

2021-10-21 14:20:38 - [TEST_STEP][PASSED] - openBrowser(baseUrl): Browser is opened with url: 'https://efatura-stage.elogo.com.tr/'

2021-10-21 14:20:38 - [MESSAGE][INFO] - Opening browser

2021-10-21 14:20:38 - [MESSAGE][INFO] - Starting 'Chrome' driver

2021-10-21 14:20:38 - [MESSAGE][INFO] - User set preference: ['prefs', '{download.default_directory=C:\otomasyondownfiles}']

2021-10-21 14:20:38 - [MESSAGE][INFO] - Action delay is set to 0 milliseconds

2021-10-21 14:20:39 - [MESSAGE][INFO] - Navigating browser to: 'https://efatura-stage.elogo.com.tr/'

2021-10-21 14:20:44 - [MESSAGE][PASSED] - Browser is opened with url: 'https://efatura-stage.elogo.com.tr/'

2021-10-21 14:20:44 - [TEST_STEP][PASSED] - maximizeWindow(): Invoke 'com.kms.katalon.core.annotation.BeforeTestCase' method: 'Listener.sampleBeforeTestSuite(...)' completed.

2021-10-21 14:20:44 - [MESSAGE][INFO] - Maximizing current window

2021-10-21 14:20:44 - [MESSAGE][PASSED] - Current window maximized

2021-10-21 14:20:44 - [MESSAGE][INFO] - Invoke 'com.kms.katalon.core.annotation.BeforeTestCase' method: 'Listener.sampleBeforeTestSuite(...)' completed.

2021-10-21 14:20:45 - [TEST_STEP][PASSED] - runFeatureFile("Include/features/Regresyon/e-Arsiv/VKN-Elektronik-Tevkifat.feature"): Feature file: 'Include/features/Regresyon/e-Arsiv/VKN-Elektronik-Tevkifat.feature' was passed

2021-10-21 14:20:45 - [MESSAGE][INFO] - Starting run keyword runFeatureFile: 'Include/features/Regresyon/e-Arsiv/VKN-Elektronik-Tevkifat.feature' and extract report to folder: 'C:\Users\DELL\Downloads\EES_Katalon-main\Reports\20211021_140437\Suite Repository\Regresyon-eArsiv-eMakbuz\20211021_140449/cucumber_report/1634815245115'...

2021-10-21 14:20:45 - [MESSAGE][INFO] - Glue: []

2021-10-21 14:20:46 - [MESSAGE][INFO] - Checking called Test Case

2021-10-21 14:20:46 - [MESSAGE][INFO] - Starting to call Test Case 'Test Cases/Sayfalar/Giris_Sayfasi/Login'

2021-10-21 14:20:46 - [TEST_CASE][PASSED] - Test Cases/Sayfalar/Giris_Sayfasi/Login: Test Cases/Sayfalar/Giris_Sayfasi/Login

2021-10-21 14:20:46 - [TEST_STEP][PASSED] - Sayfa_Basligi = getWindowTitle(): Current window's title is: 'LOGO e-Fatura'

2021-10-21 14:20:46 - [MESSAGE][INFO] - Getting current window's title

2021-10-21 14:20:46 - [MESSAGE][PASSED] - Current window's title is: 'LOGO e-Fatura'

2021-10-21 14:20:46 - [TEST_STEP][PASSED] - verifyMatch(Sayfa_Basligi, "LOGO e-Fatura", false): Actual text 'LOGO e-Fatura' and expected text 'LOGO e-Fatura' are matched 

2021-10-21 14:20:46 - [MESSAGE][INFO] - Matching actual text 'LOGO e-Fatura' with expected text 'LOGO e-Fatura'

2021-10-21 14:20:46 - [MESSAGE][PASSED] - Actual text 'LOGO e-Fatura' and expected text 'LOGO e-Fatura' are matched 

2021-10-21 14:20:46 - [TEST_STEP][PASSED] - sendKeys(findTestObject("Sayfalar/Giris_Sayfasi/Firma_Kodu"), KullaniciAdi): Keys 'EARTEVKIFAT' sent to object: 'Object Repository/Sayfalar/Giris_Sayfasi/Firma_Kodu'

2021-10-21 14:20:46 - [MESSAGE][INFO] - Finding Test Object 'Object Repository/Sayfalar/Giris_Sayfasi/Firma_Kodu'

2021-10-21 14:20:46 - [MESSAGE][INFO] - Sending keys 'EARTEVKIFAT' to object: 'Object Repository/Sayfalar/Giris_Sayfasi/Firma_Kodu'

2021-10-21 14:20:46 - [MESSAGE][INFO] - Finding web element from Test Object's properties

2021-10-21 14:20:46 - [MESSAGE][INFO] - Checking timeout

2021-10-21 14:20:46 - [MESSAGE][INFO] - Finding web element with id: 'Object Repository/Sayfalar/Giris_Sayfasi/Firma_Kodu' located by 'By.xpath: //*[@id = 'AccountName']' in '30' second(s)

2021-10-21 14:20:46 - [MESSAGE][INFO] - Smart Wait Function is triggered

2021-10-21 14:20:47 - [MESSAGE][INFO] - Found 1 web elements with id: 'Object Repository/Sayfalar/Giris_Sayfasi/Firma_Kodu' located by 'By.xpath: //*[@id = 'AccountName']' in '30' second(s)

2021-10-21 14:20:47 - [MESSAGE][PASSED] - Keys 'EARTEVKIFAT' sent to object: 'Object Repository/Sayfalar/Giris_Sayfasi/Firma_Kodu'

2021-10-21 14:20:47 - [TEST_STEP][PASSED] - sendKeys(findTestObject("Sayfalar/Giris_Sayfasi/Sifre"), Sifre): Keys 'test1234' sent to object: 'Object Repository/Sayfalar/Giris_Sayfasi/Sifre'

2021-10-21 14:20:47 - [MESSAGE][INFO] - Finding Test Object 'Object Repository/Sayfalar/Giris_Sayfasi/Sifre'

2021-10-21 14:20:47 - [MESSAGE][INFO] - Sending keys 'test1234' to object: 'Object Repository/Sayfalar/Giris_Sayfasi/Sifre'

2021-10-21 14:20:47 - [MESSAGE][INFO] - Finding web element from Test Object's properties

2021-10-21 14:20:47 - [MESSAGE][INFO] - Checking timeout

2021-10-21 14:20:47 - [MESSAGE][INFO] - Finding web element with id: 'Object Repository/Sayfalar/Giris_Sayfasi/Sifre' located by 'By.xpath: //*[@id = 'Password']' in '30' second(s)

2021-10-21 14:20:47 - [MESSAGE][INFO] - Smart Wait Function is triggered

2021-10-21 14:20:47 - [MESSAGE][INFO] - Found 1 web elements with id: 'Object Repository/Sayfalar/Giris_Sayfasi/Sifre' located by 'By.xpath: //*[@id = 'Password']' in '30' second(s)

2021-10-21 14:20:47 - [MESSAGE][PASSED] - Keys 'test1234' sent to object: 'Object Repository/Sayfalar/Giris_Sayfasi/Sifre'

2021-10-21 14:20:47 - [TEST_STEP][PASSED] - findWebElement(findTestObject("Sayfalar/Giris_Sayfasi/Giris_Butonu")).click(): Found 1 web elements with id: 'Object Repository/Sayfalar/Giris_Sayfasi/Giris_Butonu' located by 'By.cssSelector: #btnLogin' in '30' second(s)

2021-10-21 14:20:47 - [MESSAGE][INFO] - Finding Test Object 'Object Repository/Sayfalar/Giris_Sayfasi/Giris_Butonu'

2021-10-21 14:20:47 - [MESSAGE][INFO] - Finding web element from Test Object's properties

2021-10-21 14:20:47 - [MESSAGE][INFO] - Checking timeout

2021-10-21 14:20:47 - [MESSAGE][INFO] - Finding web element with id: 'Object Repository/Sayfalar/Giris_Sayfasi/Giris_Butonu' located by 'By.cssSelector: #btnLogin' in '30' second(s)

2021-10-21 14:20:47 - [MESSAGE][INFO] - Smart Wait Function is triggered

2021-10-21 14:20:48 - [MESSAGE][INFO] - Found 1 web elements with id: 'Object Repository/Sayfalar/Giris_Sayfasi/Giris_Butonu' located by 'By.cssSelector: #btnLogin' in '30' second(s)

2021-10-21 14:20:50 - [TEST_STEP][PASSED] - if (verifyElementPresent(findTestObject("Object Repository/Sayfalar/Giris_Sayfasi/RetveTamam_Butonu"), 5, OPTIONAL)): null

2021-10-21 14:20:50 - [MESSAGE][INFO] - Finding Test Object 'Object Repository/Sayfalar/Giris_Sayfasi/RetveTamam_Butonu'

2021-10-21 14:20:50 - [MESSAGE][INFO] - Checking object

2021-10-21 14:20:50 - [MESSAGE][INFO] - Finding web element from Test Object's properties

2021-10-21 14:20:50 - [MESSAGE][INFO] - Checking timeout

2021-10-21 14:20:50 - [MESSAGE][INFO] - Finding web element with id: 'Object Repository/Sayfalar/Giris_Sayfasi/RetveTamam_Butonu' located by 'By.xpath: //*[@class = 'btn btn-default']' in '5' second(s)

2021-10-21 14:20:50 - [MESSAGE][INFO] - Smart Wait Function is triggered

2021-10-21 14:20:50 - [MESSAGE][INFO] - Found 1 web elements with id: 'Object Repository/Sayfalar/Giris_Sayfasi/RetveTamam_Butonu' located by 'By.xpath: //*[@class = 'btn btn-default']' in '5' second(s)

2021-10-21 14:20:50 - [MESSAGE][PASSED] - Object 'Object Repository/Sayfalar/Giris_Sayfasi/RetveTamam_Butonu' is present

2021-10-21 14:20:50 - [TEST_STEP][PASSED] - click(findTestObject("Object Repository/Sayfalar/Giris_Sayfasi/RetveTamam_Butonu")): Object: 'Object Repository/Sayfalar/Giris_Sayfasi/RetveTamam_Butonu' is clicked on

2021-10-21 14:20:50 - [MESSAGE][INFO] - Finding Test Object 'Object Repository/Sayfalar/Giris_Sayfasi/RetveTamam_Butonu'

2021-10-21 14:20:50 - [MESSAGE][INFO] - Checking object

2021-10-21 14:20:50 - [MESSAGE][INFO] - Finding web element from Test Object's properties

2021-10-21 14:20:50 - [MESSAGE][INFO] - Checking timeout

2021-10-21 14:20:50 - [MESSAGE][INFO] - Finding web element with id: 'Object Repository/Sayfalar/Giris_Sayfasi/RetveTamam_Butonu' located by 'By.xpath: //*[@class = 'btn btn-default']' in '30' second(s)

2021-10-21 14:20:50 - [MESSAGE][INFO] - Smart Wait Function is triggered

2021-10-21 14:20:50 - [MESSAGE][INFO] - Found 1 web elements with id: 'Object Repository/Sayfalar/Giris_Sayfasi/RetveTamam_Butonu' located by 'By.xpath: //*[@class = 'btn btn-default']' in '30' second(s)

2021-10-21 14:20:50 - [MESSAGE][INFO] - Clicking on object: 'Object Repository/Sayfalar/Giris_Sayfasi/RetveTamam_Butonu'

2021-10-21 14:20:50 - [MESSAGE][PASSED] - Object: 'Object Repository/Sayfalar/Giris_Sayfasi/RetveTamam_Butonu' is clicked on

2021-10-21 14:20:50 - [TEST_STEP][PASSED] - click(findTestObject("Object Repository/Sayfalar/Giris_Sayfasi/RetveTamam_Butonu")): Object: 'Object Repository/Sayfalar/Giris_Sayfasi/RetveTamam_Butonu' is clicked on

2021-10-21 14:20:50 - [MESSAGE][INFO] - Finding Test Object 'Object Repository/Sayfalar/Giris_Sayfasi/RetveTamam_Butonu'

2021-10-21 14:20:51 - [MESSAGE][INFO] - Checking object

2021-10-21 14:20:51 - [MESSAGE][INFO] - Finding web element from Test Object's properties

2021-10-21 14:20:51 - [MESSAGE][INFO] - Checking timeout

2021-10-21 14:20:51 - [MESSAGE][INFO] - Finding web element with id: 'Object Repository/Sayfalar/Giris_Sayfasi/RetveTamam_Butonu' located by 'By.xpath: //*[@class = 'btn btn-default']' in '30' second(s)

2021-10-21 14:20:51 - [MESSAGE][INFO] - Smart Wait Function is triggered

2021-10-21 14:20:59 - [MESSAGE][INFO] - Found 1 web elements with id: 'Object Repository/Sayfalar/Giris_Sayfasi/RetveTamam_Butonu' located by 'By.xpath: //*[@class = 'btn btn-default']' in '30' second(s)

2021-10-21 14:20:59 - [MESSAGE][INFO] - Clicking on object: 'Object Repository/Sayfalar/Giris_Sayfasi/RetveTamam_Butonu'

2021-10-21 14:20:59 - [MESSAGE][PASSED] - Object: 'Object Repository/Sayfalar/Giris_Sayfasi/RetveTamam_Butonu' is clicked on

2021-10-21 14:20:59 - [TEST_STEP][PASSED] - if (verifyElementPresent(findTestObject("Sayfalar/Giris_Sayfasi/PopupOK"), 5, OPTIONAL)): com.kms.katalon.core.webui.exception.WebElementNotFoundException: Web element with id: 'Object Repository/Sayfalar/Giris_Sayfasi/PopupOK' located by '.btn.btn-success' not found (Root cause: com.kms.katalon.core.exception.StepFailedException: com.kms.katalon.core.webui.exception.WebElementNotFoundException: Web element with id: 'Object Repository/Sayfalar/Giris_Sayfasi/PopupOK' located by '.btn.btn-success' not found
	at com.kms.katalon.core.webui.keyword.internal.WebUIKeywordMain.stepFailed(WebUIKeywordMain.groovy:64)
	at com.kms.katalon.core.webui.keyword.builtin.VerifyElementPresentKeyword$_verifyElementPresent_closure1.doCall(VerifyElementPresentKeyword.groovy:85)
	at com.kms.katalon.core.webui.keyword.builtin.VerifyElementPresentKeyword$_verifyElementPresent_closure1.call(VerifyElementPresentKeyword.groovy)
	at com.kms.katalon.core.webui.keyword.internal.WebUIKeywordMain.runKeyword(WebUIKeywordMain.groovy:20)
	at com.kms.katalon.core.webui.keyword.builtin.VerifyElementPresentKeyword.verifyElementPresent(VerifyElementPresentKeyword.groovy:92)
	at com.kms.katalon.core.webui.keyword.builtin.VerifyElementPresentKeyword.execute(VerifyElementPresentKeyword.groovy:68)
	at com.kms.katalon.core.keyword.internal.KeywordExecutor.executeKeywordForPlatform(KeywordExecutor.groovy:73)
	at com.kms.katalon.core.webui.keyword.WebUiBuiltInKeywords.verifyElementPresent(WebUiBuiltInKeywords.groovy:1448)
	at com.kms.katalon.core.webui.keyword.WebUiBuiltInKeywords$verifyElementPresent$4.call(Unknown Source)
	at Login.run(Login:40)
	at com.kms.katalon.core.main.ScriptEngine.run(ScriptEngine.java:194)
	at com.kms.katalon.core.main.ScriptEngine.runScriptAsRawText(ScriptEngine.java:119)
	at com.kms.katalon.core.main.TestCaseExecutor.runScript(TestCaseExecutor.java:369)
	at com.kms.katalon.core.main.TestCaseExecutor.doExecute(TestCaseExecutor.java:360)
	at com.kms.katalon.core.main.TestCaseExecutor.processExecutionPhase(TestCaseExecutor.java:339)
	at com.kms.katalon.core.main.TestCaseExecutor.accessMainPhase(TestCaseExecutor.java:331)
	at com.kms.katalon.core.main.TestCaseExecutor.execute(TestCaseExecutor.java:248)
	at com.kms.katalon.core.main.TestCaseMain.runTestCase(TestCaseMain.java:138)
	at com.kms.katalon.core.keyword.builtin.CallTestCaseKeyword$_callTestCase_closure1.doCall(CallTestCaseKeyword.groovy:59)
	at com.kms.katalon.core.keyword.builtin.CallTestCaseKeyword$_callTestCase_closure1.call(CallTestCaseKeyword.groovy)
	at com.kms.katalon.core.keyword.internal.KeywordMain.runKeyword(KeywordMain.groovy:68)
	at com.kms.katalon.core.keyword.builtin.CallTestCaseKeyword.callTestCase(CallTestCaseKeyword.groovy:81)
	at com.kms.katalon.core.keyword.builtin.CallTestCaseKeyword.execute(CallTestCaseKeyword.groovy:44)
	at com.kms.katalon.core.keyword.internal.KeywordExecutor.executeKeywordForPlatform(KeywordExecutor.groovy:73)
	at com.kms.katalon.core.keyword.BuiltinKeywords.callTestCase(BuiltinKeywords.groovy:334)
	at sayfalar.girisSayfasi.login(girisSayfasi.groovy:50)
	at cucumber.runtime.Utils$1.call(Utils.java:26)
	at cucumber.runtime.Timeout.timeout(Timeout.java:16)
	at cucumber.runtime.Utils.invoke(Utils.java:20)
	at cucumber.runtime.java.JavaStepDefinition.execute(JavaStepDefinition.java:49)
	at cucumber.runner.PickleStepDefinitionMatch.runStep(PickleStepDefinitionMatch.java:50)
	at cucumber.runner.TestStep.executeStep(TestStep.java:63)
	at cucumber.runner.TestStep.run(TestStep.java:49)
	at cucumber.runner.PickleStepTestStep.run(PickleStepTestStep.java:43)
	at cucumber.runner.TestCase.run(TestCase.java:44)
	at cucumber.runner.Runner.runPickle(Runner.java:40)
	at cucumber.runtime.Runtime$1.run(Runtime.java:84)
	at cucumber.runtime.Runtime$SameThreadExecutorService.execute(Runtime.java:220)
	at cucumber.runtime.Runtime.run(Runtime.java:81)
	at cucumber.api.cli.Main.run(Main.java:26)
	at cucumber.api.cli.Main$run.call(Unknown Source)
	at com.kms.katalon.core.cucumber.keyword.CucumberBuiltinKeywords$_runFeatureFile_closure1.doCall(CucumberBuiltinKeywords.groovy:106)
	at com.kms.katalon.core.cucumber.keyword.CucumberBuiltinKeywords$_runFeatureFile_closure1.doCall(CucumberBuiltinKeywords.groovy)
	at com.kms.katalon.core.keyword.internal.KeywordMain.runKeyword(KeywordMain.groovy:68)
	at com.kms.katalon.core.keyword.internal.KeywordMain$runKeyword.call(Unknown Source)
	at com.kms.katalon.core.cucumber.keyword.CucumberBuiltinKeywords.runFeatureFile(CucumberBuiltinKeywords.groovy:73)
	at com.kms.katalon.core.cucumber.keyword.CucumberBuiltinKeywords$runFeatureFile$0.callStatic(Unknown Source)
	at com.kms.katalon.core.cucumber.keyword.CucumberBuiltinKeywords.runFeatureFile(CucumberBuiltinKeywords.groovy:246)
	at com.kms.katalon.core.cucumber.keyword.CucumberBuiltinKeywords$runFeatureFile.call(Unknown Source)
	at VKN-Elektronik-Tevkifat.run(VKN-Elektronik-Tevkifat:19)
	at com.kms.katalon.core.main.ScriptEngine.run(ScriptEngine.java:194)
	at com.kms.katalon.core.main.ScriptEngine.runScriptAsRawText(ScriptEngine.java:119)
	at com.kms.katalon.core.main.TestCaseExecutor.runScript(TestCaseExecutor.java:369)
	at com.kms.katalon.core.main.TestCaseExecutor.doExecute(TestCaseExecutor.java:360)
	at com.kms.katalon.core.main.TestCaseExecutor.processExecutionPhase(TestCaseExecutor.java:339)
	at com.kms.katalon.core.main.TestCaseExecutor.accessMainPhase(TestCaseExecutor.java:331)
	at com.kms.katalon.core.main.TestCaseExecutor.execute(TestCaseExecutor.java:248)
	at com.kms.katalon.core.main.TestSuiteExecutor.accessTestCaseMainPhase(TestSuiteExecutor.java:191)
	at com.kms.katalon.core.main.TestSuiteExecutor.accessTestSuiteMainPhase(TestSuiteExecutor.java:140)
	at com.kms.katalon.core.main.TestSuiteExecutor.execute(TestSuiteExecutor.java:89)
	at com.kms.katalon.core.main.TestCaseMain.startTestSuite(TestCaseMain.java:181)
	at com.kms.katalon.core.main.TestCaseMain$startTestSuite$0.call(Unknown Source)
	at TempTestSuite1634814289741.run(TempTestSuite1634814289741.groovy:39)
)

2021-10-21 14:20:59 - [MESSAGE][INFO] - Finding Test Object 'Object Repository/Sayfalar/Giris_Sayfasi/PopupOK'

2021-10-21 14:20:59 - [MESSAGE][INFO] - Checking object

2021-10-21 14:20:59 - [MESSAGE][INFO] - Finding web element from Test Object's properties

2021-10-21 14:20:59 - [MESSAGE][INFO] - Checking timeout

2021-10-21 14:20:59 - [MESSAGE][INFO] - Finding web element with id: 'Object Repository/Sayfalar/Giris_Sayfasi/PopupOK' located by 'By.cssSelector: .btn.btn-success' in '5' second(s)

2021-10-21 14:20:59 - [MESSAGE][INFO] - Smart Wait Function is triggered

2021-10-21 14:21:00 - [MESSAGE][INFO] - Smart Wait Function is triggered

2021-10-21 14:21:00 - [MESSAGE][INFO] - Smart Wait Function is triggered

2021-10-21 14:21:00 - [MESSAGE][INFO] - Smart Wait Function is triggered

2021-10-21 14:21:00 - [MESSAGE][INFO] - Smart Wait Function is triggered

2021-10-21 14:21:01 - [MESSAGE][INFO] - Smart Wait Function is triggered

2021-10-21 14:21:01 - [MESSAGE][INFO] - Smart Wait Function is triggered

2021-10-21 14:21:01 - [MESSAGE][INFO] - Smart Wait Function is triggered

2021-10-21 14:21:02 - [MESSAGE][INFO] - Smart Wait Function is triggered

2021-10-21 14:21:02 - [MESSAGE][INFO] - Smart Wait Function is triggered

2021-10-21 14:21:02 - [MESSAGE][INFO] - Smart Wait Function is triggered

2021-10-21 14:21:02 - [MESSAGE][INFO] - Smart Wait Function is triggered

2021-10-21 14:21:03 - [MESSAGE][INFO] - Smart Wait Function is triggered

2021-10-21 14:21:03 - [MESSAGE][INFO] - Smart Wait Function is triggered

2021-10-21 14:21:03 - [MESSAGE][INFO] - Smart Wait Function is triggered

2021-10-21 14:21:03 - [MESSAGE][INFO] - Smart Wait Function is triggered

2021-10-21 14:21:04 - [MESSAGE][INFO] - Smart Wait Function is triggered

2021-10-21 14:21:04 - [MESSAGE][INFO] - Smart Wait Function is triggered

2021-10-21 14:21:04 - [MESSAGE][INFO] - Smart Wait Function is triggered

2021-10-21 14:21:04 - [MESSAGE][INFO] - Smart Wait Function is triggered

2021-10-21 14:21:05 - [MESSAGE][INFO] - Smart Wait Function is triggered

2021-10-21 14:21:05 - [MESSAGE][INFO] - Unable to find the element located by 'By.cssSelector: .btn.btn-success'. Please recheck the objects properties to make sure the desired element is located. 

2021-10-21 14:21:05 - [MESSAGE][WARNING] - com.kms.katalon.core.webui.exception.WebElementNotFoundException: Web element with id: 'Object Repository/Sayfalar/Giris_Sayfasi/PopupOK' located by '.btn.btn-success' not found (Root cause: com.kms.katalon.core.exception.StepFailedException: com.kms.katalon.core.webui.exception.WebElementNotFoundException: Web element with id: 'Object Repository/Sayfalar/Giris_Sayfasi/PopupOK' located by '.btn.btn-success' not found
	at com.kms.katalon.core.webui.keyword.internal.WebUIKeywordMain.stepFailed(WebUIKeywordMain.groovy:64)
	at com.kms.katalon.core.webui.keyword.builtin.VerifyElementPresentKeyword$_verifyElementPresent_closure1.doCall(VerifyElementPresentKeyword.groovy:85)
	at com.kms.katalon.core.webui.keyword.builtin.VerifyElementPresentKeyword$_verifyElementPresent_closure1.call(VerifyElementPresentKeyword.groovy)
	at com.kms.katalon.core.webui.keyword.internal.WebUIKeywordMain.runKeyword(WebUIKeywordMain.groovy:20)
	at com.kms.katalon.core.webui.keyword.builtin.VerifyElementPresentKeyword.verifyElementPresent(VerifyElementPresentKeyword.groovy:92)
	at com.kms.katalon.core.webui.keyword.builtin.VerifyElementPresentKeyword.execute(VerifyElementPresentKeyword.groovy:68)
	at com.kms.katalon.core.keyword.internal.KeywordExecutor.executeKeywordForPlatform(KeywordExecutor.groovy:73)
	at com.kms.katalon.core.webui.keyword.WebUiBuiltInKeywords.verifyElementPresent(WebUiBuiltInKeywords.groovy:1448)
	at com.kms.katalon.core.webui.keyword.WebUiBuiltInKeywords$verifyElementPresent$4.call(Unknown Source)
	at Login.run(Login:40)
	at com.kms.katalon.core.main.ScriptEngine.run(ScriptEngine.java:194)
	at com.kms.katalon.core.main.ScriptEngine.runScriptAsRawText(ScriptEngine.java:119)
	at com.kms.katalon.core.main.TestCaseExecutor.runScript(TestCaseExecutor.java:369)
	at com.kms.katalon.core.main.TestCaseExecutor.doExecute(TestCaseExecutor.java:360)
	at com.kms.katalon.core.main.TestCaseExecutor.processExecutionPhase(TestCaseExecutor.java:339)
	at com.kms.katalon.core.main.TestCaseExecutor.accessMainPhase(TestCaseExecutor.java:331)
	at com.kms.katalon.core.main.TestCaseExecutor.execute(TestCaseExecutor.java:248)
	at com.kms.katalon.core.main.TestCaseMain.runTestCase(TestCaseMain.java:138)
	at com.kms.katalon.core.keyword.builtin.CallTestCaseKeyword$_callTestCase_closure1.doCall(CallTestCaseKeyword.groovy:59)
	at com.kms.katalon.core.keyword.builtin.CallTestCaseKeyword$_callTestCase_closure1.call(CallTestCaseKeyword.groovy)
	at com.kms.katalon.core.keyword.internal.KeywordMain.runKeyword(KeywordMain.groovy:68)
	at com.kms.katalon.core.keyword.builtin.CallTestCaseKeyword.callTestCase(CallTestCaseKeyword.groovy:81)
	at com.kms.katalon.core.keyword.builtin.CallTestCaseKeyword.execute(CallTestCaseKeyword.groovy:44)
	at com.kms.katalon.core.keyword.internal.KeywordExecutor.executeKeywordForPlatform(KeywordExecutor.groovy:73)
	at com.kms.katalon.core.keyword.BuiltinKeywords.callTestCase(BuiltinKeywords.groovy:334)
	at sayfalar.girisSayfasi.login(girisSayfasi.groovy:50)
	at cucumber.runtime.Utils$1.call(Utils.java:26)
	at cucumber.runtime.Timeout.timeout(Timeout.java:16)
	at cucumber.runtime.Utils.invoke(Utils.java:20)
	at cucumber.runtime.java.JavaStepDefinition.execute(JavaStepDefinition.java:49)
	at cucumber.runner.PickleStepDefinitionMatch.runStep(PickleStepDefinitionMatch.java:50)
	at cucumber.runner.TestStep.executeStep(TestStep.java:63)
	at cucumber.runner.TestStep.run(TestStep.java:49)
	at cucumber.runner.PickleStepTestStep.run(PickleStepTestStep.java:43)
	at cucumber.runner.TestCase.run(TestCase.java:44)
	at cucumber.runner.Runner.runPickle(Runner.java:40)
	at cucumber.runtime.Runtime$1.run(Runtime.java:84)
	at cucumber.runtime.Runtime$SameThreadExecutorService.execute(Runtime.java:220)
	at cucumber.runtime.Runtime.run(Runtime.java:81)
	at cucumber.api.cli.Main.run(Main.java:26)
	at cucumber.api.cli.Main$run.call(Unknown Source)
	at com.kms.katalon.core.cucumber.keyword.CucumberBuiltinKeywords$_runFeatureFile_closure1.doCall(CucumberBuiltinKeywords.groovy:106)
	at com.kms.katalon.core.cucumber.keyword.CucumberBuiltinKeywords$_runFeatureFile_closure1.doCall(CucumberBuiltinKeywords.groovy)
	at com.kms.katalon.core.keyword.internal.KeywordMain.runKeyword(KeywordMain.groovy:68)
	at com.kms.katalon.core.keyword.internal.KeywordMain$runKeyword.call(Unknown Source)
	at com.kms.katalon.core.cucumber.keyword.CucumberBuiltinKeywords.runFeatureFile(CucumberBuiltinKeywords.groovy:73)
	at com.kms.katalon.core.cucumber.keyword.CucumberBuiltinKeywords$runFeatureFile$0.callStatic(Unknown Source)
	at com.kms.katalon.core.cucumber.keyword.CucumberBuiltinKeywords.runFeatureFile(CucumberBuiltinKeywords.groovy:246)
	at com.kms.katalon.core.cucumber.keyword.CucumberBuiltinKeywords$runFeatureFile.call(Unknown Source)
	at VKN-Elektronik-Tevkifat.run(VKN-Elektronik-Tevkifat:19)
	at com.kms.katalon.core.main.ScriptEngine.run(ScriptEngine.java:194)
	at com.kms.katalon.core.main.ScriptEngine.runScriptAsRawText(ScriptEngine.java:119)
	at com.kms.katalon.core.main.TestCaseExecutor.runScript(TestCaseExecutor.java:369)
	at com.kms.katalon.core.main.TestCaseExecutor.doExecute(TestCaseExecutor.java:360)
	at com.kms.katalon.core.main.TestCaseExecutor.processExecutionPhase(TestCaseExecutor.java:339)
	at com.kms.katalon.core.main.TestCaseExecutor.accessMainPhase(TestCaseExecutor.java:331)
	at com.kms.katalon.core.main.TestCaseExecutor.execute(TestCaseExecutor.java:248)
	at com.kms.katalon.core.main.TestSuiteExecutor.accessTestCaseMainPhase(TestSuiteExecutor.java:191)
	at com.kms.katalon.core.main.TestSuiteExecutor.accessTestSuiteMainPhase(TestSuiteExecutor.java:140)
	at com.kms.katalon.core.main.TestSuiteExecutor.execute(TestSuiteExecutor.java:89)
	at com.kms.katalon.core.main.TestCaseMain.startTestSuite(TestCaseMain.java:181)
	at com.kms.katalon.core.main.TestCaseMain$startTestSuite$0.call(Unknown Source)
	at TempTestSuite1634814289741.run(TempTestSuite1634814289741.groovy:39)
)

2021-10-21 14:21:05 - [TEST_STEP][PASSED] - verifyElementVisible(findTestObject("Object Repository/Kullanici_Islemleri/KullaniciIslemleri")): Object 'Object Repository/Kullanici_Islemleri/KullaniciIslemleri' is visible

2021-10-21 14:21:05 - [MESSAGE][INFO] - Finding Test Object 'Object Repository/Kullanici_Islemleri/KullaniciIslemleri'

2021-10-21 14:21:05 - [MESSAGE][INFO] - Checking object

2021-10-21 14:21:05 - [MESSAGE][INFO] - Finding web element from Test Object's properties

2021-10-21 14:21:05 - [MESSAGE][INFO] - Checking timeout

2021-10-21 14:21:05 - [MESSAGE][INFO] - Finding web element with id: 'Object Repository/Kullanici_Islemleri/KullaniciIslemleri' located by 'By.cssSelector: .dropdown>a>img' in '30' second(s)

2021-10-21 14:21:05 - [MESSAGE][INFO] - Smart Wait Function is triggered

2021-10-21 14:21:06 - [MESSAGE][INFO] - Found 1 web elements with id: 'Object Repository/Kullanici_Islemleri/KullaniciIslemleri' located by 'By.cssSelector: .dropdown>a>img' in '30' second(s)

2021-10-21 14:21:06 - [MESSAGE][PASSED] - Object 'Object Repository/Kullanici_Islemleri/KullaniciIslemleri' is visible

2021-10-21 14:21:06 - [MESSAGE][PASSED] - Call Test Case 'Test Cases/Sayfalar/Giris_Sayfasi/Login' successfully

2021-10-21 14:21:06 - [MESSAGE][INFO] - Checking called Test Case

2021-10-21 14:21:06 - [MESSAGE][INFO] - Starting to call Test Case 'Test Cases/Menu/AnaMenuSecimi'

2021-10-21 14:21:06 - [TEST_CASE][PASSED] - Test Cases/Menu/AnaMenuSecimi: Test Cases/Menu/AnaMenuSecimi

2021-10-21 14:21:06 - [TEST_STEP][PASSED] - Method.TextDegerineEsitElementeTikla(findTestObject("Menu/Ana_Menu"), Ana_Menu): Method.TextDegerineEsitElementeTikla is PASSED

2021-10-21 14:21:06 - [MESSAGE][INFO] - Finding Test Object 'Object Repository/Menu/Ana_Menu'

2021-10-21 14:21:06 - [MESSAGE][INFO] - Checking timeout

2021-10-21 14:21:06 - [MESSAGE][INFO] - Finding web element with id: 'Object Repository/Menu/Ana_Menu' located by 'By.xpath: //*[@class = 'dropdown-toggle']' in '10' second(s)

2021-10-21 14:21:06 - [MESSAGE][INFO] - Smart Wait Function is triggered

2021-10-21 14:21:06 - [MESSAGE][INFO] - Found 13 web elements with id: 'Object Repository/Menu/Ana_Menu' located by 'By.xpath: //*[@class = 'dropdown-toggle']' in '10' second(s)

2021-10-21 14:21:06 - [MESSAGE][PASSED] - Method.TextDegerineEsitElementeTikla is PASSED

2021-10-21 14:21:06 - [MESSAGE][PASSED] - Call Test Case 'Test Cases/Menu/AnaMenuSecimi' successfully

2021-10-21 14:21:06 - [MESSAGE][INFO] - Checking called Test Case

2021-10-21 14:21:06 - [MESSAGE][INFO] - Starting to call Test Case 'Test Cases/Menu/BasligaGoreAltMenuSecimi'

2021-10-21 14:21:06 - [TEST_CASE][PASSED] - Test Cases/Menu/BasligaGoreAltMenuSecimi: Test Cases/Menu/BasligaGoreAltMenuSecimi

2021-10-21 14:21:06 - [TEST_STEP][PASSED] - Method.TextDegerineEsitElementinAltindakiTextDegerineEsitOlanaTikla(findTestObject("Menu/Menu_Basligi"), findTestObject("Menu/Basliga_Gore_Alt_Menu"), Baslik, Alt_Menu): Method.TextDegerineEsitElementinAltindakiTextDegerineEsitOlanaTikla is PASSED

2021-10-21 14:21:06 - [MESSAGE][INFO] - Finding Test Object 'Object Repository/Menu/Menu_Basligi'

2021-10-21 14:21:07 - [MESSAGE][INFO] - Finding Test Object 'Object Repository/Menu/Basliga_Gore_Alt_Menu'

2021-10-21 14:21:07 - [MESSAGE][INFO] - Checking timeout

2021-10-21 14:21:07 - [MESSAGE][INFO] - Finding web element with id: 'Object Repository/Menu/Menu_Basligi' located by 'By.xpath: //li[@class='dropdown dropdown-large open']//li[@class='dropdown-header']' in '10' second(s)

2021-10-21 14:21:07 - [MESSAGE][INFO] - Smart Wait Function is triggered

2021-10-21 14:21:07 - [MESSAGE][INFO] - Found 2 web elements with id: 'Object Repository/Menu/Menu_Basligi' located by 'By.xpath: //li[@class='dropdown dropdown-large open']//li[@class='dropdown-header']' in '10' second(s)

2021-10-21 14:21:07 - [MESSAGE][INFO] - Smart Wait Function is triggered

2021-10-21 14:21:10 - [MESSAGE][PASSED] - Method.TextDegerineEsitElementinAltindakiTextDegerineEsitOlanaTikla is PASSED

2021-10-21 14:21:10 - [MESSAGE][PASSED] - Call Test Case 'Test Cases/Menu/BasligaGoreAltMenuSecimi' successfully

2021-10-21 14:21:10 - [MESSAGE][INFO] - Checking called Test Case

2021-10-21 14:21:10 - [MESSAGE][INFO] - Starting to call Test Case 'Test Cases/Tablo/Olusturma Tarihi'

2021-10-21 14:21:10 - [TEST_CASE][PASSED] - Test Cases/Tablo/Olusturma Tarihi: Test Cases/Tablo/Olusturma Tarihi

2021-10-21 14:21:10 - [TEST_STEP][PASSED] - if (verifyTextNotPresent("Görüntülenecek veri yok", true, OPTIONAL)): null

2021-10-21 14:21:10 - [MESSAGE][INFO] - Checking text present  using regular expression

2021-10-21 14:21:10 - [MESSAGE][INFO] - Smart Wait Function is triggered

2021-10-21 14:21:10 - [MESSAGE][INFO] - Finding text 'Görüntülenecek veri yok' on page  using regular expression

2021-10-21 14:21:10 - [MESSAGE][PASSED] - Text 'Görüntülenecek veri yok' is not present on page using regular expression

2021-10-21 14:21:10 - [TEST_STEP][PASSED] - click(findTestObject("Temizle/Olusturma_Tarihi_CheckBox")): Object: 'Object Repository/Temizle/Olusturma_Tarihi_CheckBox' is clicked on

2021-10-21 14:21:10 - [MESSAGE][INFO] - Finding Test Object 'Object Repository/Temizle/Olusturma_Tarihi_CheckBox'

2021-10-21 14:21:11 - [MESSAGE][INFO] - Checking object

2021-10-21 14:21:11 - [MESSAGE][INFO] - Finding web element from Test Object's properties

2021-10-21 14:21:11 - [MESSAGE][INFO] - Checking timeout

2021-10-21 14:21:11 - [MESSAGE][INFO] - Finding web element with id: 'Object Repository/Temizle/Olusturma_Tarihi_CheckBox' located by 'By.xpath: //*[@title = 'Bu sayfadaki tüm satırları Seç']' in '30' second(s)

2021-10-21 14:21:11 - [MESSAGE][INFO] - Smart Wait Function is triggered

2021-10-21 14:21:11 - [MESSAGE][INFO] - Found 1 web elements with id: 'Object Repository/Temizle/Olusturma_Tarihi_CheckBox' located by 'By.xpath: //*[@title = 'Bu sayfadaki tüm satırları Seç']' in '30' second(s)

2021-10-21 14:21:11 - [MESSAGE][INFO] - Clicking on object: 'Object Repository/Temizle/Olusturma_Tarihi_CheckBox'

2021-10-21 14:21:11 - [MESSAGE][PASSED] - Object: 'Object Repository/Temizle/Olusturma_Tarihi_CheckBox' is clicked on

2021-10-21 14:21:11 - [TEST_STEP][PASSED] - Method.TextDegerineEsitElementeTiklaEquals(findTestObject("Butonlar/Butonlar"), "Sil"): Method.TextDegerineEsitElementeTiklaEquals is PASSED

2021-10-21 14:21:11 - [MESSAGE][INFO] - Finding Test Object 'Object Repository/Butonlar/Butonlar'

2021-10-21 14:21:11 - [MESSAGE][INFO] - Checking timeout

2021-10-21 14:21:11 - [MESSAGE][INFO] - Finding web element with id: 'Object Repository/Butonlar/Butonlar' located by 'By.cssSelector: .panel.panel-default.text-center.footerPanel .btn,.btn.btn-primary.btnControls' in '10' second(s)

2021-10-21 14:21:11 - [MESSAGE][INFO] - Smart Wait Function is triggered

2021-10-21 14:21:11 - [MESSAGE][INFO] - Found 10 web elements with id: 'Object Repository/Butonlar/Butonlar' located by 'By.cssSelector: .panel.panel-default.text-center.footerPanel .btn,.btn.btn-primary.btnControls' in '10' second(s)

2021-10-21 14:21:11 - [MESSAGE][PASSED] - Method.TextDegerineEsitElementeTiklaEquals is PASSED

2021-10-21 14:21:11 - [TEST_STEP][PASSED] - Method.TextDegerineEsitElementeTikla(findTestObject("Popup/Popup_Butons"), "Evet"): Method.TextDegerineEsitElementeTikla is PASSED

2021-10-21 14:21:11 - [MESSAGE][INFO] - Finding Test Object 'Object Repository/Popup/Popup_Butons'

2021-10-21 14:21:12 - [MESSAGE][INFO] - Checking timeout

2021-10-21 14:21:12 - [MESSAGE][INFO] - Finding web element with id: 'Object Repository/Popup/Popup_Butons' located by 'By.cssSelector: .modal-footer>button' in '10' second(s)

2021-10-21 14:21:12 - [MESSAGE][INFO] - Smart Wait Function is triggered

2021-10-21 14:21:12 - [MESSAGE][INFO] - Found 2 web elements with id: 'Object Repository/Popup/Popup_Butons' located by 'By.cssSelector: .modal-footer>button' in '10' second(s)

2021-10-21 14:21:13 - [MESSAGE][PASSED] - Method.TextDegerineEsitElementeTikla is PASSED

2021-10-21 14:21:13 - [TEST_STEP][PASSED] - Method.TextDegerineEsitElementeTikla(findTestObject("Popup/Popup_Butons"), "Tamam"): Method.TextDegerineEsitElementeTikla is PASSED

2021-10-21 14:21:13 - [MESSAGE][INFO] - Finding Test Object 'Object Repository/Popup/Popup_Butons'

2021-10-21 14:21:13 - [MESSAGE][INFO] - Checking timeout

2021-10-21 14:21:13 - [MESSAGE][INFO] - Finding web element with id: 'Object Repository/Popup/Popup_Butons' located by 'By.cssSelector: .modal-footer>button' in '10' second(s)

2021-10-21 14:21:13 - [MESSAGE][INFO] - Smart Wait Function is triggered

2021-10-21 14:21:13 - [MESSAGE][INFO] - Found 1 web elements with id: 'Object Repository/Popup/Popup_Butons' located by 'By.cssSelector: .modal-footer>button' in '10' second(s)

2021-10-21 14:21:14 - [MESSAGE][PASSED] - Method.TextDegerineEsitElementeTikla is PASSED

2021-10-21 14:21:14 - [MESSAGE][PASSED] - Call Test Case 'Test Cases/Tablo/Olusturma Tarihi' successfully

2021-10-21 14:21:14 - [MESSAGE][INFO] - Checking called Test Case

2021-10-21 14:21:14 - [MESSAGE][INFO] - Starting to call Test Case 'Test Cases/Butonlar/ButonaTikla'

2021-10-21 14:21:14 - [TEST_CASE][PASSED] - Test Cases/Butonlar/ButonaTikla: Test Cases/Butonlar/ButonaTikla

2021-10-21 14:21:14 - [TEST_STEP][PASSED] - Method.TextDegerineEsitElementeTiklaEquals(findTestObject("Butonlar/Butonlar"), Buton_Adi): Method.TextDegerineEsitElementeTiklaEquals is PASSED

2021-10-21 14:21:14 - [MESSAGE][INFO] - Finding Test Object 'Object Repository/Butonlar/Butonlar'

2021-10-21 14:21:14 - [MESSAGE][INFO] - Checking timeout

2021-10-21 14:21:14 - [MESSAGE][INFO] - Finding web element with id: 'Object Repository/Butonlar/Butonlar' located by 'By.cssSelector: .panel.panel-default.text-center.footerPanel .btn,.btn.btn-primary.btnControls' in '10' second(s)

2021-10-21 14:21:14 - [MESSAGE][INFO] - Smart Wait Function is triggered

2021-10-21 14:21:14 - [MESSAGE][INFO] - Found 10 web elements with id: 'Object Repository/Butonlar/Butonlar' located by 'By.cssSelector: .panel.panel-default.text-center.footerPanel .btn,.btn.btn-primary.btnControls' in '10' second(s)

2021-10-21 14:21:14 - [MESSAGE][PASSED] - Method.TextDegerineEsitElementeTiklaEquals is PASSED

2021-10-21 14:21:14 - [MESSAGE][PASSED] - Call Test Case 'Test Cases/Butonlar/ButonaTikla' successfully

2021-10-21 14:21:14 - [MESSAGE][INFO] - Checking called Test Case

2021-10-21 14:21:14 - [MESSAGE][INFO] - Starting to call Test Case 'Test Cases/Olusturma/Genel/GorselTasarimSayfasıBasligiIceriyorMu'

2021-10-21 14:21:15 - [TEST_CASE][PASSED] - Test Cases/Olusturma/Genel/GorselTasarimSayfasıBasligiIceriyorMu: Test Cases/Olusturma/Genel/GorselTasarimSayfasıBasligiIceriyorMu

2021-10-21 14:21:15 - [TEST_STEP][PASSED] - verifyElementText(findTestObject("Object Repository/Olusturma/Genel/GorselTasarimBaslik"), Baslik): Actual text and expected text of test object 'Object Repository/Olusturma/Genel/GorselTasarimBaslik' are matched.

2021-10-21 14:21:15 - [MESSAGE][INFO] - Finding Test Object 'Object Repository/Olusturma/Genel/GorselTasarimBaslik'

2021-10-21 14:21:15 - [MESSAGE][INFO] - Checking object

2021-10-21 14:21:15 - [MESSAGE][INFO] - Finding web element from Test Object's properties

2021-10-21 14:21:15 - [MESSAGE][INFO] - Checking timeout

2021-10-21 14:21:15 - [MESSAGE][INFO] - Finding web element with id: 'Object Repository/Olusturma/Genel/GorselTasarimBaslik' located by 'By.cssSelector: #flAlici_0>div>span' in '30' second(s)

2021-10-21 14:21:15 - [MESSAGE][INFO] - Smart Wait Function is triggered

2021-10-21 14:21:20 - [MESSAGE][INFO] - Found 1 web elements with id: 'Object Repository/Olusturma/Genel/GorselTasarimBaslik' located by 'By.cssSelector: #flAlici_0>div>span' in '30' second(s)

2021-10-21 14:21:20 - [MESSAGE][PASSED] - Actual text and expected text of test object 'Object Repository/Olusturma/Genel/GorselTasarimBaslik' are matched.

2021-10-21 14:21:20 - [MESSAGE][PASSED] - Call Test Case 'Test Cases/Olusturma/Genel/GorselTasarimSayfasıBasligiIceriyorMu' successfully

2021-10-21 14:21:21 - [MESSAGE][INFO] - Checking called Test Case

2021-10-21 14:21:21 - [MESSAGE][INFO] - Starting to call Test Case 'Test Cases/Olusturma/Genel/AliciSecilir'

2021-10-21 14:21:21 - [TEST_CASE][PASSED] - Test Cases/Olusturma/Genel/AliciSecilir: Test Cases/Olusturma/Genel/AliciSecilir

2021-10-21 14:21:21 - [TEST_STEP][PASSED] - click(findTestObject("Olusturma/Genel/AliciBilgisi/Alici_Ara")): Object: 'Object Repository/Olusturma/Genel/AliciBilgisi/Alici_Ara' is clicked on

2021-10-21 14:21:21 - [MESSAGE][INFO] - Finding Test Object 'Object Repository/Olusturma/Genel/AliciBilgisi/Alici_Ara'

2021-10-21 14:21:21 - [MESSAGE][INFO] - Checking object

2021-10-21 14:21:21 - [MESSAGE][INFO] - Finding web element from Test Object's properties

2021-10-21 14:21:21 - [MESSAGE][INFO] - Checking timeout

2021-10-21 14:21:21 - [MESSAGE][INFO] - Finding web element with id: 'Object Repository/Olusturma/Genel/AliciBilgisi/Alici_Ara' located by 'By.xpath: //td[@id='txtCustomerText_B-1']' in '30' second(s)

2021-10-21 14:21:21 - [MESSAGE][INFO] - Smart Wait Function is triggered

2021-10-21 14:21:21 - [MESSAGE][INFO] - Found 1 web elements with id: 'Object Repository/Olusturma/Genel/AliciBilgisi/Alici_Ara' located by 'By.xpath: //td[@id='txtCustomerText_B-1']' in '30' second(s)

2021-10-21 14:21:21 - [MESSAGE][INFO] - Clicking on object: 'Object Repository/Olusturma/Genel/AliciBilgisi/Alici_Ara'

2021-10-21 14:21:21 - [MESSAGE][PASSED] - Object: 'Object Repository/Olusturma/Genel/AliciBilgisi/Alici_Ara' is clicked on

2021-10-21 14:21:21 - [TEST_STEP][PASSED] - click(findTestObject("Olusturma/Genel/AliciBilgisi/Alici_Bilgisi")): Object: 'Object Repository/Olusturma/Genel/AliciBilgisi/Alici_Bilgisi' is clicked on

2021-10-21 14:21:21 - [MESSAGE][INFO] - Finding Test Object 'Object Repository/Olusturma/Genel/AliciBilgisi/Alici_Bilgisi'

2021-10-21 14:21:21 - [MESSAGE][INFO] - Checking object

2021-10-21 14:21:21 - [MESSAGE][INFO] - Finding web element from Test Object's properties

2021-10-21 14:21:21 - [MESSAGE][INFO] - Checking timeout

2021-10-21 14:21:21 - [MESSAGE][INFO] - Finding web element with id: 'Object Repository/Olusturma/Genel/AliciBilgisi/Alici_Bilgisi' located by 'By.xpath: //iframe[@id='customerselectiframe']' in '30' second(s)

2021-10-21 14:21:21 - [MESSAGE][INFO] - Smart Wait Function is triggered

2021-10-21 14:21:22 - [MESSAGE][INFO] - Found 1 web elements with id: 'Object Repository/Olusturma/Genel/AliciBilgisi/Alici_Bilgisi' located by 'By.xpath: //iframe[@id='customerselectiframe']' in '30' second(s)

2021-10-21 14:21:22 - [MESSAGE][INFO] - Clicking on object: 'Object Repository/Olusturma/Genel/AliciBilgisi/Alici_Bilgisi'

2021-10-21 14:21:22 - [MESSAGE][PASSED] - Object: 'Object Repository/Olusturma/Genel/AliciBilgisi/Alici_Bilgisi' is clicked on

2021-10-21 14:21:22 - [TEST_STEP][PASSED] - setText(findTestObject("Olusturma/Genel/AliciBilgisi/Alici_Gir"), Alici_Adi): Switching to default content

2021-10-21 14:21:22 - [MESSAGE][INFO] - Finding Test Object 'Object Repository/Olusturma/Genel/AliciBilgisi/Alici_Gir'

2021-10-21 14:21:22 - [MESSAGE][INFO] - Finding Test Object 'Object Repository/Olusturma/Genel/AliciBilgisi/Alici_Bilgisi'

2021-10-21 14:21:22 - [MESSAGE][INFO] - Checking object

2021-10-21 14:21:22 - [MESSAGE][INFO] - Checking text

2021-10-21 14:21:22 - [MESSAGE][INFO] - Object: 'Object Repository/Olusturma/Genel/AliciBilgisi/Alici_Gir' has parent object(s)

2021-10-21 14:21:22 - [MESSAGE][INFO] - Switching to iframe: 'Object Repository/Olusturma/Genel/AliciBilgisi/Alici_Bilgisi'

2021-10-21 14:21:22 - [MESSAGE][INFO] - Finding web element from Test Object's properties

2021-10-21 14:21:22 - [MESSAGE][INFO] - Checking timeout

2021-10-21 14:21:22 - [MESSAGE][INFO] - Finding web element with id: 'Object Repository/Olusturma/Genel/AliciBilgisi/Alici_Bilgisi' located by 'By.xpath: //iframe[@id='customerselectiframe']' in '30' second(s)

2021-10-21 14:21:22 - [MESSAGE][INFO] - Smart Wait Function is triggered

2021-10-21 14:21:22 - [MESSAGE][INFO] - Found 1 web elements with id: 'Object Repository/Olusturma/Genel/AliciBilgisi/Alici_Bilgisi' located by 'By.xpath: //iframe[@id='customerselectiframe']' in '30' second(s)

2021-10-21 14:21:22 - [MESSAGE][INFO] - Switched to iframe: 'Object Repository/Olusturma/Genel/AliciBilgisi/Alici_Bilgisi'

2021-10-21 14:21:22 - [MESSAGE][INFO] - Finding web element from Test Object's properties

2021-10-21 14:21:22 - [MESSAGE][INFO] - Checking timeout

2021-10-21 14:21:22 - [MESSAGE][INFO] - Finding web element with id: 'Object Repository/Olusturma/Genel/AliciBilgisi/Alici_Gir' located by 'By.xpath: //input[@id='GridViewCustomer_DXFREditorcol1_I']' in '30' second(s)

2021-10-21 14:21:22 - [MESSAGE][INFO] - Smart Wait Function is triggered

2021-10-21 14:21:22 - [MESSAGE][INFO] - Found 1 web elements with id: 'Object Repository/Olusturma/Genel/AliciBilgisi/Alici_Gir' located by 'By.xpath: //input[@id='GridViewCustomer_DXFREditorcol1_I']' in '30' second(s)

2021-10-21 14:21:22 - [MESSAGE][INFO] - Clearing text of object 'Object Repository/Olusturma/Genel/AliciBilgisi/Alici_Gir'

2021-10-21 14:21:22 - [MESSAGE][INFO] - Finding web element from Test Object's properties

2021-10-21 14:21:22 - [MESSAGE][INFO] - Checking timeout

2021-10-21 14:21:22 - [MESSAGE][INFO] - Finding web element with id: 'Object Repository/Olusturma/Genel/AliciBilgisi/Alici_Gir' located by 'By.xpath: //input[@id='GridViewCustomer_DXFREditorcol1_I']' in '30' second(s)

2021-10-21 14:21:22 - [MESSAGE][INFO] - Smart Wait Function is triggered

2021-10-21 14:21:22 - [MESSAGE][INFO] - Found 1 web elements with id: 'Object Repository/Olusturma/Genel/AliciBilgisi/Alici_Gir' located by 'By.xpath: //input[@id='GridViewCustomer_DXFREditorcol1_I']' in '30' second(s)

2021-10-21 14:21:22 - [MESSAGE][INFO] - Setting text of object 'Object Repository/Olusturma/Genel/AliciBilgisi/Alici_Gir' to value 'UC0008'

2021-10-21 14:21:22 - [MESSAGE][PASSED] - Text 'UC0008' is set on object 'Object Repository/Olusturma/Genel/AliciBilgisi/Alici_Gir'

2021-10-21 14:21:22 - [MESSAGE][INFO] - Switching to default content

2021-10-21 14:21:22 - [TEST_STEP][PASSED] - waitForElementClickable(findTestObject("Olusturma/Genel/AliciBilgisi/Alici_Adi"), 10): Switching to default content

2021-10-21 14:21:22 - [MESSAGE][INFO] - Finding Test Object 'Object Repository/Olusturma/Genel/AliciBilgisi/Alici_Adi'

2021-10-21 14:21:23 - [MESSAGE][INFO] - Finding Test Object 'Object Repository/Olusturma/Genel/AliciBilgisi/iframe_Alc Bilgisi_customerselectiframe'

2021-10-21 14:21:23 - [MESSAGE][INFO] - Checking object

2021-10-21 14:21:23 - [MESSAGE][INFO] - Checking timeout

2021-10-21 14:21:23 - [MESSAGE][INFO] - Object: 'Object Repository/Olusturma/Genel/AliciBilgisi/Alici_Adi' has parent object(s)

2021-10-21 14:21:23 - [MESSAGE][INFO] - Switching to iframe: 'Object Repository/Olusturma/Genel/AliciBilgisi/iframe_Alc Bilgisi_customerselectiframe'

2021-10-21 14:21:23 - [MESSAGE][INFO] - Finding web element from Test Object's properties

2021-10-21 14:21:23 - [MESSAGE][INFO] - Checking timeout

2021-10-21 14:21:23 - [MESSAGE][INFO] - Finding web element with id: 'Object Repository/Olusturma/Genel/AliciBilgisi/iframe_Alc Bilgisi_customerselectiframe' located by 'By.xpath: //iframe[@id='customerselectiframe']' in '10' second(s)

2021-10-21 14:21:23 - [MESSAGE][INFO] - Smart Wait Function is triggered

2021-10-21 14:21:23 - [MESSAGE][INFO] - Found 1 web elements with id: 'Object Repository/Olusturma/Genel/AliciBilgisi/iframe_Alc Bilgisi_customerselectiframe' located by 'By.xpath: //iframe[@id='customerselectiframe']' in '10' second(s)

2021-10-21 14:21:23 - [MESSAGE][INFO] - Switched to iframe: 'Object Repository/Olusturma/Genel/AliciBilgisi/iframe_Alc Bilgisi_customerselectiframe'

2021-10-21 14:21:23 - [MESSAGE][INFO] - Finding web element from Test Object's properties

2021-10-21 14:21:23 - [MESSAGE][INFO] - Checking timeout

2021-10-21 14:21:23 - [MESSAGE][INFO] - Finding web element with id: 'Object Repository/Olusturma/Genel/AliciBilgisi/Alici_Adi' located by 'By.xpath: //tr[@id='GridViewCustomer_DXDataRow0']/td[2]' in '10' second(s)

2021-10-21 14:21:23 - [MESSAGE][INFO] - Smart Wait Function is triggered

2021-10-21 14:21:23 - [MESSAGE][INFO] - Found 1 web elements with id: 'Object Repository/Olusturma/Genel/AliciBilgisi/Alici_Adi' located by 'By.xpath: //tr[@id='GridViewCustomer_DXDataRow0']/td[2]' in '10' second(s)

2021-10-21 14:21:23 - [MESSAGE][PASSED] - Object 'Object Repository/Olusturma/Genel/AliciBilgisi/Alici_Adi' is clickable

2021-10-21 14:21:23 - [MESSAGE][INFO] - Switching to default content

2021-10-21 14:21:23 - [TEST_STEP][PASSED] - click(findTestObject("Olusturma/Genel/AliciBilgisi/frame")): Switching to default content

2021-10-21 14:21:23 - [MESSAGE][INFO] - Finding Test Object 'Object Repository/Olusturma/Genel/AliciBilgisi/frame'

2021-10-21 14:21:23 - [MESSAGE][INFO] - Finding Test Object 'Object Repository/Olusturma/Genel/AliciBilgisi/iframe_Alc Bilgisi_customerselectiframe'

2021-10-21 14:21:23 - [MESSAGE][INFO] - Checking object

2021-10-21 14:21:23 - [MESSAGE][INFO] - Object: 'Object Repository/Olusturma/Genel/AliciBilgisi/frame' has parent object(s)

2021-10-21 14:21:23 - [MESSAGE][INFO] - Switching to iframe: 'Object Repository/Olusturma/Genel/AliciBilgisi/iframe_Alc Bilgisi_customerselectiframe'

2021-10-21 14:21:23 - [MESSAGE][INFO] - Finding web element from Test Object's properties

2021-10-21 14:21:23 - [MESSAGE][INFO] - Checking timeout

2021-10-21 14:21:23 - [MESSAGE][INFO] - Finding web element with id: 'Object Repository/Olusturma/Genel/AliciBilgisi/iframe_Alc Bilgisi_customerselectiframe' located by 'By.xpath: //iframe[@id='customerselectiframe']' in '30' second(s)

2021-10-21 14:21:23 - [MESSAGE][INFO] - Smart Wait Function is triggered

2021-10-21 14:21:23 - [MESSAGE][INFO] - Found 1 web elements with id: 'Object Repository/Olusturma/Genel/AliciBilgisi/iframe_Alc Bilgisi_customerselectiframe' located by 'By.xpath: //iframe[@id='customerselectiframe']' in '30' second(s)

2021-10-21 14:21:23 - [MESSAGE][INFO] - Switched to iframe: 'Object Repository/Olusturma/Genel/AliciBilgisi/iframe_Alc Bilgisi_customerselectiframe'

2021-10-21 14:21:23 - [MESSAGE][INFO] - Finding web element from Test Object's properties

2021-10-21 14:21:23 - [MESSAGE][INFO] - Checking timeout

2021-10-21 14:21:23 - [MESSAGE][INFO] - Finding web element with id: 'Object Repository/Olusturma/Genel/AliciBilgisi/frame' located by 'By.xpath: //*/text()[normalize-space(.)='']/parent::*' in '30' second(s)

2021-10-21 14:21:23 - [MESSAGE][INFO] - Smart Wait Function is triggered

2021-10-21 14:21:24 - [MESSAGE][INFO] - Found 66 web elements with id: 'Object Repository/Olusturma/Genel/AliciBilgisi/frame' located by 'By.xpath: //*/text()[normalize-space(.)='']/parent::*' in '30' second(s)

2021-10-21 14:21:24 - [MESSAGE][INFO] - Clicking on object: 'Object Repository/Olusturma/Genel/AliciBilgisi/frame'

2021-10-21 14:21:24 - [MESSAGE][PASSED] - Object: 'Object Repository/Olusturma/Genel/AliciBilgisi/frame' is clicked on

2021-10-21 14:21:24 - [MESSAGE][INFO] - Switching to default content

2021-10-21 14:21:24 - [TEST_STEP][PASSED] - click(findTestObject("Olusturma/Genel/AliciBilgisi/Alici_Adi")): Switching to default content

2021-10-21 14:21:24 - [MESSAGE][INFO] - Finding Test Object 'Object Repository/Olusturma/Genel/AliciBilgisi/Alici_Adi'

2021-10-21 14:21:24 - [MESSAGE][INFO] - Finding Test Object 'Object Repository/Olusturma/Genel/AliciBilgisi/iframe_Alc Bilgisi_customerselectiframe'

2021-10-21 14:21:24 - [MESSAGE][INFO] - Checking object

2021-10-21 14:21:24 - [MESSAGE][INFO] - Object: 'Object Repository/Olusturma/Genel/AliciBilgisi/Alici_Adi' has parent object(s)

2021-10-21 14:21:24 - [MESSAGE][INFO] - Switching to iframe: 'Object Repository/Olusturma/Genel/AliciBilgisi/iframe_Alc Bilgisi_customerselectiframe'

2021-10-21 14:21:24 - [MESSAGE][INFO] - Finding web element from Test Object's properties

2021-10-21 14:21:24 - [MESSAGE][INFO] - Checking timeout

2021-10-21 14:21:24 - [MESSAGE][INFO] - Finding web element with id: 'Object Repository/Olusturma/Genel/AliciBilgisi/iframe_Alc Bilgisi_customerselectiframe' located by 'By.xpath: //iframe[@id='customerselectiframe']' in '30' second(s)

2021-10-21 14:21:24 - [MESSAGE][INFO] - Smart Wait Function is triggered

2021-10-21 14:21:24 - [MESSAGE][INFO] - Found 1 web elements with id: 'Object Repository/Olusturma/Genel/AliciBilgisi/iframe_Alc Bilgisi_customerselectiframe' located by 'By.xpath: //iframe[@id='customerselectiframe']' in '30' second(s)

2021-10-21 14:21:24 - [MESSAGE][INFO] - Switched to iframe: 'Object Repository/Olusturma/Genel/AliciBilgisi/iframe_Alc Bilgisi_customerselectiframe'

2021-10-21 14:21:24 - [MESSAGE][INFO] - Finding web element from Test Object's properties

2021-10-21 14:21:24 - [MESSAGE][INFO] - Checking timeout

2021-10-21 14:21:24 - [MESSAGE][INFO] - Finding web element with id: 'Object Repository/Olusturma/Genel/AliciBilgisi/Alici_Adi' located by 'By.xpath: //tr[@id='GridViewCustomer_DXDataRow0']/td[2]' in '30' second(s)

2021-10-21 14:21:24 - [MESSAGE][INFO] - Smart Wait Function is triggered

2021-10-21 14:21:24 - [MESSAGE][INFO] - Found 1 web elements with id: 'Object Repository/Olusturma/Genel/AliciBilgisi/Alici_Adi' located by 'By.xpath: //tr[@id='GridViewCustomer_DXDataRow0']/td[2]' in '30' second(s)

2021-10-21 14:21:24 - [MESSAGE][INFO] - Clicking on object: 'Object Repository/Olusturma/Genel/AliciBilgisi/Alici_Adi'

2021-10-21 14:21:24 - [MESSAGE][PASSED] - Object: 'Object Repository/Olusturma/Genel/AliciBilgisi/Alici_Adi' is clicked on

2021-10-21 14:21:24 - [MESSAGE][INFO] - Switching to default content

2021-10-21 14:21:24 - [TEST_STEP][PASSED] - click(findTestObject("Olusturma/Genel/AliciBilgisi/Tamam_Bosluk")): Switching to default content

2021-10-21 14:21:24 - [MESSAGE][INFO] - Finding Test Object 'Object Repository/Olusturma/Genel/AliciBilgisi/Tamam_Bosluk'

2021-10-21 14:21:25 - [MESSAGE][INFO] - Finding Test Object 'Object Repository/Olusturma/Genel/AliciBilgisi/Alici_Bilgisi'

2021-10-21 14:21:25 - [MESSAGE][INFO] - Checking object

2021-10-21 14:21:25 - [MESSAGE][INFO] - Object: 'Object Repository/Olusturma/Genel/AliciBilgisi/Tamam_Bosluk' has parent object(s)

2021-10-21 14:21:25 - [MESSAGE][INFO] - Switching to iframe: 'Object Repository/Olusturma/Genel/AliciBilgisi/Alici_Bilgisi'

2021-10-21 14:21:25 - [MESSAGE][INFO] - Finding web element from Test Object's properties

2021-10-21 14:21:25 - [MESSAGE][INFO] - Checking timeout

2021-10-21 14:21:25 - [MESSAGE][INFO] - Finding web element with id: 'Object Repository/Olusturma/Genel/AliciBilgisi/Alici_Bilgisi' located by 'By.xpath: //iframe[@id='customerselectiframe']' in '30' second(s)

2021-10-21 14:21:25 - [MESSAGE][INFO] - Smart Wait Function is triggered

2021-10-21 14:21:25 - [MESSAGE][INFO] - Found 1 web elements with id: 'Object Repository/Olusturma/Genel/AliciBilgisi/Alici_Bilgisi' located by 'By.xpath: //iframe[@id='customerselectiframe']' in '30' second(s)

2021-10-21 14:21:25 - [MESSAGE][INFO] - Switched to iframe: 'Object Repository/Olusturma/Genel/AliciBilgisi/Alici_Bilgisi'

2021-10-21 14:21:25 - [MESSAGE][INFO] - Finding web element from Test Object's properties

2021-10-21 14:21:25 - [MESSAGE][INFO] - Checking timeout

2021-10-21 14:21:25 - [MESSAGE][INFO] - Finding web element with id: 'Object Repository/Olusturma/Genel/AliciBilgisi/Tamam_Bosluk' located by 'By.xpath: (.//*[normalize-space(text()) and normalize-space(.)='Sayfa Boyutu:'])[1]/following::div[7]' in '30' second(s)

2021-10-21 14:21:25 - [MESSAGE][INFO] - Smart Wait Function is triggered

2021-10-21 14:21:25 - [MESSAGE][INFO] - Found 1 web elements with id: 'Object Repository/Olusturma/Genel/AliciBilgisi/Tamam_Bosluk' located by 'By.xpath: (.//*[normalize-space(text()) and normalize-space(.)='Sayfa Boyutu:'])[1]/following::div[7]' in '30' second(s)

2021-10-21 14:21:25 - [MESSAGE][INFO] - Clicking on object: 'Object Repository/Olusturma/Genel/AliciBilgisi/Tamam_Bosluk'

2021-10-21 14:21:25 - [MESSAGE][PASSED] - Object: 'Object Repository/Olusturma/Genel/AliciBilgisi/Tamam_Bosluk' is clicked on

2021-10-21 14:21:25 - [MESSAGE][INFO] - Switching to default content

2021-10-21 14:21:25 - [TEST_STEP][PASSED] - waitForElementClickable(findTestObject("Olusturma/Genel/AliciBilgisi/Tamam_Butonu"), 10): Switching to default content

2021-10-21 14:21:25 - [MESSAGE][INFO] - Finding Test Object 'Object Repository/Olusturma/Genel/AliciBilgisi/Tamam_Butonu'

2021-10-21 14:21:25 - [MESSAGE][INFO] - Finding Test Object 'Object Repository/Olusturma/Genel/AliciBilgisi/Alici_Bilgisi'

2021-10-21 14:21:26 - [MESSAGE][INFO] - Checking object

2021-10-21 14:21:26 - [MESSAGE][INFO] - Checking timeout

2021-10-21 14:21:26 - [MESSAGE][INFO] - Object: 'Object Repository/Olusturma/Genel/AliciBilgisi/Tamam_Butonu' has parent object(s)

2021-10-21 14:21:26 - [MESSAGE][INFO] - Switching to iframe: 'Object Repository/Olusturma/Genel/AliciBilgisi/Alici_Bilgisi'

2021-10-21 14:21:26 - [MESSAGE][INFO] - Finding web element from Test Object's properties

2021-10-21 14:21:26 - [MESSAGE][INFO] - Checking timeout

2021-10-21 14:21:26 - [MESSAGE][INFO] - Finding web element with id: 'Object Repository/Olusturma/Genel/AliciBilgisi/Alici_Bilgisi' located by 'By.xpath: //iframe[@id='customerselectiframe']' in '10' second(s)

2021-10-21 14:21:26 - [MESSAGE][INFO] - Smart Wait Function is triggered

2021-10-21 14:21:26 - [MESSAGE][INFO] - Found 1 web elements with id: 'Object Repository/Olusturma/Genel/AliciBilgisi/Alici_Bilgisi' located by 'By.xpath: //iframe[@id='customerselectiframe']' in '10' second(s)

2021-10-21 14:21:26 - [MESSAGE][INFO] - Switched to iframe: 'Object Repository/Olusturma/Genel/AliciBilgisi/Alici_Bilgisi'

2021-10-21 14:21:26 - [MESSAGE][INFO] - Finding web element from Test Object's properties

2021-10-21 14:21:26 - [MESSAGE][INFO] - Checking timeout

2021-10-21 14:21:26 - [MESSAGE][INFO] - Finding web element with id: 'Object Repository/Olusturma/Genel/AliciBilgisi/Tamam_Butonu' located by 'By.xpath: //div[@id='btnSelectCustomer_CD']/span' in '10' second(s)

2021-10-21 14:21:26 - [MESSAGE][INFO] - Smart Wait Function is triggered

2021-10-21 14:21:26 - [MESSAGE][INFO] - Found 1 web elements with id: 'Object Repository/Olusturma/Genel/AliciBilgisi/Tamam_Butonu' located by 'By.xpath: //div[@id='btnSelectCustomer_CD']/span' in '10' second(s)

2021-10-21 14:21:26 - [MESSAGE][PASSED] - Object 'Object Repository/Olusturma/Genel/AliciBilgisi/Tamam_Butonu' is clickable

2021-10-21 14:21:26 - [MESSAGE][INFO] - Switching to default content

2021-10-21 14:21:26 - [TEST_STEP][PASSED] - click(findTestObject("Olusturma/Genel/AliciBilgisi/Tamam_Butonu")): Switching to default content

2021-10-21 14:21:26 - [MESSAGE][INFO] - Finding Test Object 'Object Repository/Olusturma/Genel/AliciBilgisi/Tamam_Butonu'

2021-10-21 14:21:26 - [MESSAGE][INFO] - Finding Test Object 'Object Repository/Olusturma/Genel/AliciBilgisi/Alici_Bilgisi'

2021-10-21 14:21:26 - [MESSAGE][INFO] - Checking object

2021-10-21 14:21:26 - [MESSAGE][INFO] - Object: 'Object Repository/Olusturma/Genel/AliciBilgisi/Tamam_Butonu' has parent object(s)

2021-10-21 14:21:26 - [MESSAGE][INFO] - Switching to iframe: 'Object Repository/Olusturma/Genel/AliciBilgisi/Alici_Bilgisi'

2021-10-21 14:21:26 - [MESSAGE][INFO] - Finding web element from Test Object's properties

2021-10-21 14:21:26 - [MESSAGE][INFO] - Checking timeout

2021-10-21 14:21:26 - [MESSAGE][INFO] - Finding web element with id: 'Object Repository/Olusturma/Genel/AliciBilgisi/Alici_Bilgisi' located by 'By.xpath: //iframe[@id='customerselectiframe']' in '30' second(s)

2021-10-21 14:21:26 - [MESSAGE][INFO] - Smart Wait Function is triggered

2021-10-21 14:21:26 - [MESSAGE][INFO] - Found 1 web elements with id: 'Object Repository/Olusturma/Genel/AliciBilgisi/Alici_Bilgisi' located by 'By.xpath: //iframe[@id='customerselectiframe']' in '30' second(s)

2021-10-21 14:21:26 - [MESSAGE][INFO] - Switched to iframe: 'Object Repository/Olusturma/Genel/AliciBilgisi/Alici_Bilgisi'

2021-10-21 14:21:26 - [MESSAGE][INFO] - Finding web element from Test Object's properties

2021-10-21 14:21:26 - [MESSAGE][INFO] - Checking timeout

2021-10-21 14:21:26 - [MESSAGE][INFO] - Finding web element with id: 'Object Repository/Olusturma/Genel/AliciBilgisi/Tamam_Butonu' located by 'By.xpath: //div[@id='btnSelectCustomer_CD']/span' in '30' second(s)

2021-10-21 14:21:26 - [MESSAGE][INFO] - Smart Wait Function is triggered

2021-10-21 14:21:26 - [MESSAGE][INFO] - Found 1 web elements with id: 'Object Repository/Olusturma/Genel/AliciBilgisi/Tamam_Butonu' located by 'By.xpath: //div[@id='btnSelectCustomer_CD']/span' in '30' second(s)

2021-10-21 14:21:26 - [MESSAGE][INFO] - Clicking on object: 'Object Repository/Olusturma/Genel/AliciBilgisi/Tamam_Butonu'

2021-10-21 14:21:27 - [MESSAGE][PASSED] - Object: 'Object Repository/Olusturma/Genel/AliciBilgisi/Tamam_Butonu' is clicked on

2021-10-21 14:21:27 - [MESSAGE][INFO] - Switching to default content

2021-10-21 14:21:27 - [TEST_STEP][PASSED] - waitForElementPresent(findTestObject("Olusturma/Genel/AliciBilgisi/VKN-TCKN"), 10): Object 'Object Repository/Olusturma/Genel/AliciBilgisi/VKN-TCKN' is present

2021-10-21 14:21:27 - [MESSAGE][INFO] - Finding Test Object 'Object Repository/Olusturma/Genel/AliciBilgisi/VKN-TCKN'

2021-10-21 14:21:27 - [MESSAGE][INFO] - Checking object

2021-10-21 14:21:27 - [MESSAGE][INFO] - Finding web element from Test Object's properties

2021-10-21 14:21:27 - [MESSAGE][INFO] - Checking timeout

2021-10-21 14:21:27 - [MESSAGE][INFO] - Finding web element with id: 'Object Repository/Olusturma/Genel/AliciBilgisi/VKN-TCKN' located by 'By.xpath: //*[@id = 'txtVknTckn_I']' in '10' second(s)

2021-10-21 14:21:27 - [MESSAGE][INFO] - Smart Wait Function is triggered

2021-10-21 14:21:27 - [MESSAGE][INFO] - Found 1 web elements with id: 'Object Repository/Olusturma/Genel/AliciBilgisi/VKN-TCKN' located by 'By.xpath: //*[@id = 'txtVknTckn_I']' in '10' second(s)

2021-10-21 14:21:27 - [MESSAGE][PASSED] - Object 'Object Repository/Olusturma/Genel/AliciBilgisi/VKN-TCKN' is present

2021-10-21 14:21:27 - [TEST_STEP][PASSED] - text = getAttribute(findTestObject("Olusturma/Genel/AliciBilgisi/VKN-TCKN"), "value"): Attribute 'value' of object 'Object Repository/Olusturma/Genel/AliciBilgisi/VKN-TCKN' is: '5325232699'

2021-10-21 14:21:27 - [MESSAGE][INFO] - Finding Test Object 'Object Repository/Olusturma/Genel/AliciBilgisi/VKN-TCKN'

2021-10-21 14:21:27 - [MESSAGE][INFO] - Checking object

2021-10-21 14:21:27 - [MESSAGE][INFO] - Checking attribute

2021-10-21 14:21:27 - [MESSAGE][INFO] - Finding web element from Test Object's properties

2021-10-21 14:21:27 - [MESSAGE][INFO] - Checking timeout

2021-10-21 14:21:27 - [MESSAGE][INFO] - Finding web element with id: 'Object Repository/Olusturma/Genel/AliciBilgisi/VKN-TCKN' located by 'By.xpath: //*[@id = 'txtVknTckn_I']' in '30' second(s)

2021-10-21 14:21:27 - [MESSAGE][INFO] - Smart Wait Function is triggered

2021-10-21 14:21:27 - [MESSAGE][INFO] - Found 1 web elements with id: 'Object Repository/Olusturma/Genel/AliciBilgisi/VKN-TCKN' located by 'By.xpath: //*[@id = 'txtVknTckn_I']' in '30' second(s)

2021-10-21 14:21:27 - [MESSAGE][INFO] - Getting attribute 'value' of object 'Object Repository/Olusturma/Genel/AliciBilgisi/VKN-TCKN'

2021-10-21 14:21:27 - [MESSAGE][PASSED] - Attribute 'value' of object 'Object Repository/Olusturma/Genel/AliciBilgisi/VKN-TCKN' is: '5325232699'

2021-10-21 14:21:27 - [TEST_STEP][PASSED] - if (text.equals("")): null

2021-10-21 14:21:27 - [MESSAGE][PASSED] - Call Test Case 'Test Cases/Olusturma/Genel/AliciSecilir' successfully

2021-10-21 14:21:27 - [MESSAGE][INFO] - Checking called Test Case

2021-10-21 14:21:27 - [MESSAGE][INFO] - Starting to call Test Case 'Test Cases/Olusturma/Genel/GonderimSekliSecilir'

2021-10-21 14:21:27 - [TEST_CASE][PASSED] - Test Cases/Olusturma/Genel/GonderimSekliSecilir: Test Cases/Olusturma/Genel/GonderimSekliSecilir

2021-10-21 14:21:27 - [TEST_STEP][PASSED] - waitForElementClickable(findTestObject("Object Repository/Olusturma/Genel/GonderimSekli/GonderimSekli"), 10): Object 'Object Repository/Olusturma/Genel/GonderimSekli/GonderimSekli' is clickable

2021-10-21 14:21:27 - [MESSAGE][INFO] - Finding Test Object 'Object Repository/Olusturma/Genel/GonderimSekli/GonderimSekli'

2021-10-21 14:21:28 - [MESSAGE][INFO] - Checking object

2021-10-21 14:21:28 - [MESSAGE][INFO] - Checking timeout

2021-10-21 14:21:28 - [MESSAGE][INFO] - Finding web element from Test Object's properties

2021-10-21 14:21:28 - [MESSAGE][INFO] - Checking timeout

2021-10-21 14:21:28 - [MESSAGE][INFO] - Finding web element with id: 'Object Repository/Olusturma/Genel/GonderimSekli/GonderimSekli' located by 'By.xpath: //*[@id = 'txtGonderimSekil_I']' in '10' second(s)

2021-10-21 14:21:28 - [MESSAGE][INFO] - Smart Wait Function is triggered

2021-10-21 14:21:28 - [MESSAGE][INFO] - Found 1 web elements with id: 'Object Repository/Olusturma/Genel/GonderimSekli/GonderimSekli' located by 'By.xpath: //*[@id = 'txtGonderimSekil_I']' in '10' second(s)

2021-10-21 14:21:28 - [MESSAGE][PASSED] - Object 'Object Repository/Olusturma/Genel/GonderimSekli/GonderimSekli' is clickable

2021-10-21 14:21:28 - [TEST_STEP][PASSED] - click(findTestObject("Object Repository/Olusturma/Genel/GonderimSekli/GonderimSekli")): Object: 'Object Repository/Olusturma/Genel/GonderimSekli/GonderimSekli' is clicked on

2021-10-21 14:21:28 - [MESSAGE][INFO] - Finding Test Object 'Object Repository/Olusturma/Genel/GonderimSekli/GonderimSekli'

2021-10-21 14:21:28 - [MESSAGE][INFO] - Checking object

2021-10-21 14:21:28 - [MESSAGE][INFO] - Finding web element from Test Object's properties

2021-10-21 14:21:28 - [MESSAGE][INFO] - Checking timeout

2021-10-21 14:21:28 - [MESSAGE][INFO] - Finding web element with id: 'Object Repository/Olusturma/Genel/GonderimSekli/GonderimSekli' located by 'By.xpath: //*[@id = 'txtGonderimSekil_I']' in '30' second(s)

2021-10-21 14:21:28 - [MESSAGE][INFO] - Smart Wait Function is triggered

2021-10-21 14:21:28 - [MESSAGE][INFO] - Found 1 web elements with id: 'Object Repository/Olusturma/Genel/GonderimSekli/GonderimSekli' located by 'By.xpath: //*[@id = 'txtGonderimSekil_I']' in '30' second(s)

2021-10-21 14:21:28 - [MESSAGE][INFO] - Clicking on object: 'Object Repository/Olusturma/Genel/GonderimSekli/GonderimSekli'

2021-10-21 14:21:29 - [MESSAGE][PASSED] - Object: 'Object Repository/Olusturma/Genel/GonderimSekli/GonderimSekli' is clicked on

2021-10-21 14:21:29 - [TEST_STEP][PASSED] - Method.TextDegerineEsitElementeTikla(findTestObject("Object Repository/Olusturma/Genel/GonderimSekli/GonderimSekliAdi"), GonderimSekli): Method.TextDegerineEsitElementeTikla is PASSED

2021-10-21 14:21:29 - [MESSAGE][INFO] - Finding Test Object 'Object Repository/Olusturma/Genel/GonderimSekli/GonderimSekliAdi'

2021-10-21 14:21:29 - [MESSAGE][INFO] - Checking timeout

2021-10-21 14:21:29 - [MESSAGE][INFO] - Finding web element with id: 'Object Repository/Olusturma/Genel/GonderimSekli/GonderimSekliAdi' located by 'By.cssSelector: #txtGonderimSekil_DDD_L_LBT td' in '10' second(s)

2021-10-21 14:21:29 - [MESSAGE][INFO] - Smart Wait Function is triggered

2021-10-21 14:21:29 - [MESSAGE][INFO] - Found 2 web elements with id: 'Object Repository/Olusturma/Genel/GonderimSekli/GonderimSekliAdi' located by 'By.cssSelector: #txtGonderimSekil_DDD_L_LBT td' in '10' second(s)

2021-10-21 14:21:29 - [MESSAGE][PASSED] - Method.TextDegerineEsitElementeTikla is PASSED

2021-10-21 14:21:29 - [MESSAGE][PASSED] - Call Test Case 'Test Cases/Olusturma/Genel/GonderimSekliSecilir' successfully

2021-10-21 14:21:29 - [MESSAGE][INFO] - Checking called Test Case

2021-10-21 14:21:29 - [MESSAGE][INFO] - Starting to call Test Case 'Test Cases/Olusturma/Genel/TipSecilir'

2021-10-21 14:21:29 - [TEST_CASE][PASSED] - Test Cases/Olusturma/Genel/TipSecilir: Test Cases/Olusturma/Genel/TipSecilir

2021-10-21 14:21:29 - [TEST_STEP][PASSED] - waitForElementClickable(findTestObject("Olusturma/Genel/TipSecilir/Tip"), 10): Object 'Object Repository/Olusturma/Genel/TipSecilir/Tip' is clickable

2021-10-21 14:21:29 - [MESSAGE][INFO] - Finding Test Object 'Object Repository/Olusturma/Genel/TipSecilir/Tip'

2021-10-21 14:21:29 - [MESSAGE][INFO] - Checking object

2021-10-21 14:21:29 - [MESSAGE][INFO] - Checking timeout

2021-10-21 14:21:29 - [MESSAGE][INFO] - Finding web element from Test Object's properties

2021-10-21 14:21:29 - [MESSAGE][INFO] - Checking timeout

2021-10-21 14:21:29 - [MESSAGE][INFO] - Finding web element with id: 'Object Repository/Olusturma/Genel/TipSecilir/Tip' located by 'By.xpath: //*[@id = 'DocumentTypeCode_I']' in '10' second(s)

2021-10-21 14:21:29 - [MESSAGE][INFO] - Smart Wait Function is triggered

2021-10-21 14:21:29 - [MESSAGE][INFO] - Found 1 web elements with id: 'Object Repository/Olusturma/Genel/TipSecilir/Tip' located by 'By.xpath: //*[@id = 'DocumentTypeCode_I']' in '10' second(s)

2021-10-21 14:21:30 - [MESSAGE][PASSED] - Object 'Object Repository/Olusturma/Genel/TipSecilir/Tip' is clickable

2021-10-21 14:21:30 - [TEST_STEP][PASSED] - click(findTestObject("Olusturma/Genel/TipSecilir/Tip")): Object: 'Object Repository/Olusturma/Genel/TipSecilir/Tip' is clicked on

2021-10-21 14:21:30 - [MESSAGE][INFO] - Finding Test Object 'Object Repository/Olusturma/Genel/TipSecilir/Tip'

2021-10-21 14:21:30 - [MESSAGE][INFO] - Checking object

2021-10-21 14:21:30 - [MESSAGE][INFO] - Finding web element from Test Object's properties

2021-10-21 14:21:30 - [MESSAGE][INFO] - Checking timeout

2021-10-21 14:21:30 - [MESSAGE][INFO] - Finding web element with id: 'Object Repository/Olusturma/Genel/TipSecilir/Tip' located by 'By.xpath: //*[@id = 'DocumentTypeCode_I']' in '30' second(s)

2021-10-21 14:21:30 - [MESSAGE][INFO] - Smart Wait Function is triggered

2021-10-21 14:21:30 - [MESSAGE][INFO] - Found 1 web elements with id: 'Object Repository/Olusturma/Genel/TipSecilir/Tip' located by 'By.xpath: //*[@id = 'DocumentTypeCode_I']' in '30' second(s)

2021-10-21 14:21:30 - [MESSAGE][INFO] - Clicking on object: 'Object Repository/Olusturma/Genel/TipSecilir/Tip'

2021-10-21 14:21:30 - [MESSAGE][PASSED] - Object: 'Object Repository/Olusturma/Genel/TipSecilir/Tip' is clicked on

2021-10-21 14:21:30 - [TEST_STEP][PASSED] - Method.TextDegerineEsitElementeTikla(findTestObject("Object Repository/Olusturma/Genel/TipSecilir/Tip_Adi"), Tip): Method.TextDegerineEsitElementeTikla is PASSED

2021-10-21 14:21:30 - [MESSAGE][INFO] - Finding Test Object 'Object Repository/Olusturma/Genel/TipSecilir/Tip_Adi'

2021-10-21 14:21:30 - [MESSAGE][INFO] - Checking timeout

2021-10-21 14:21:30 - [MESSAGE][INFO] - Finding web element with id: 'Object Repository/Olusturma/Genel/TipSecilir/Tip_Adi' located by 'By.cssSelector: #DocumentTypeCode_DDD_L_LBT td' in '10' second(s)

2021-10-21 14:21:30 - [MESSAGE][INFO] - Smart Wait Function is triggered

2021-10-21 14:21:30 - [MESSAGE][INFO] - Found 9 web elements with id: 'Object Repository/Olusturma/Genel/TipSecilir/Tip_Adi' located by 'By.cssSelector: #DocumentTypeCode_DDD_L_LBT td' in '10' second(s)

2021-10-21 14:21:31 - [MESSAGE][PASSED] - Method.TextDegerineEsitElementeTikla is PASSED

2021-10-21 14:21:31 - [MESSAGE][PASSED] - Call Test Case 'Test Cases/Olusturma/Genel/TipSecilir' successfully

2021-10-21 14:21:31 - [MESSAGE][INFO] - Checking called Test Case

2021-10-21 14:21:31 - [MESSAGE][INFO] - Starting to call Test Case 'Test Cases/Olusturma/Genel/DokumanParaBirimiSecilir'

2021-10-21 14:21:31 - [TEST_CASE][PASSED] - Test Cases/Olusturma/Genel/DokumanParaBirimiSecilir: Test Cases/Olusturma/Genel/DokumanParaBirimiSecilir

2021-10-21 14:21:31 - [TEST_STEP][PASSED] - waitForElementClickable(findTestObject("Object Repository/Olusturma/Genel/DokumanParaBirimiSecilir/Para"), 10): Object 'Object Repository/Olusturma/Genel/DokumanParaBirimiSecilir/Para' is clickable

2021-10-21 14:21:31 - [MESSAGE][INFO] - Finding Test Object 'Object Repository/Olusturma/Genel/DokumanParaBirimiSecilir/Para'

2021-10-21 14:21:31 - [MESSAGE][INFO] - Checking object

2021-10-21 14:21:31 - [MESSAGE][INFO] - Checking timeout

2021-10-21 14:21:31 - [MESSAGE][INFO] - Finding web element from Test Object's properties

2021-10-21 14:21:31 - [MESSAGE][INFO] - Checking timeout

2021-10-21 14:21:31 - [MESSAGE][INFO] - Finding web element with id: 'Object Repository/Olusturma/Genel/DokumanParaBirimiSecilir/Para' located by 'By.xpath: //*[@id = 'CurrencyUnit_I']' in '10' second(s)

2021-10-21 14:21:31 - [MESSAGE][INFO] - Smart Wait Function is triggered

2021-10-21 14:21:32 - [MESSAGE][INFO] - Found 1 web elements with id: 'Object Repository/Olusturma/Genel/DokumanParaBirimiSecilir/Para' located by 'By.xpath: //*[@id = 'CurrencyUnit_I']' in '10' second(s)

2021-10-21 14:21:32 - [MESSAGE][PASSED] - Object 'Object Repository/Olusturma/Genel/DokumanParaBirimiSecilir/Para' is clickable

2021-10-21 14:21:32 - [TEST_STEP][PASSED] - click(findTestObject("Object Repository/Olusturma/Genel/DokumanParaBirimiSecilir/Para")): Object: 'Object Repository/Olusturma/Genel/DokumanParaBirimiSecilir/Para' is clicked on

2021-10-21 14:21:32 - [MESSAGE][INFO] - Finding Test Object 'Object Repository/Olusturma/Genel/DokumanParaBirimiSecilir/Para'

2021-10-21 14:21:32 - [MESSAGE][INFO] - Checking object

2021-10-21 14:21:32 - [MESSAGE][INFO] - Finding web element from Test Object's properties

2021-10-21 14:21:32 - [MESSAGE][INFO] - Checking timeout

2021-10-21 14:21:32 - [MESSAGE][INFO] - Finding web element with id: 'Object Repository/Olusturma/Genel/DokumanParaBirimiSecilir/Para' located by 'By.xpath: //*[@id = 'CurrencyUnit_I']' in '30' second(s)

2021-10-21 14:21:32 - [MESSAGE][INFO] - Smart Wait Function is triggered

2021-10-21 14:21:33 - [MESSAGE][INFO] - Found 1 web elements with id: 'Object Repository/Olusturma/Genel/DokumanParaBirimiSecilir/Para' located by 'By.xpath: //*[@id = 'CurrencyUnit_I']' in '30' second(s)

2021-10-21 14:21:33 - [MESSAGE][INFO] - Clicking on object: 'Object Repository/Olusturma/Genel/DokumanParaBirimiSecilir/Para'

2021-10-21 14:21:33 - [MESSAGE][PASSED] - Object: 'Object Repository/Olusturma/Genel/DokumanParaBirimiSecilir/Para' is clicked on

2021-10-21 14:21:33 - [TEST_STEP][PASSED] - Method.TextDegerineEsitElementeTikla(findTestObject("Object Repository/Olusturma/Genel/DokumanParaBirimiSecilir/Para_Adi"), Para): Method.TextDegerineEsitElementeTikla is PASSED

2021-10-21 14:21:33 - [MESSAGE][INFO] - Finding Test Object 'Object Repository/Olusturma/Genel/DokumanParaBirimiSecilir/Para_Adi'

2021-10-21 14:21:33 - [MESSAGE][INFO] - Checking timeout

2021-10-21 14:21:33 - [MESSAGE][INFO] - Finding web element with id: 'Object Repository/Olusturma/Genel/DokumanParaBirimiSecilir/Para_Adi' located by 'By.cssSelector: #CurrencyUnit_DDD_L_LBT td' in '10' second(s)

2021-10-21 14:21:33 - [MESSAGE][INFO] - Smart Wait Function is triggered

2021-10-21 14:21:33 - [MESSAGE][INFO] - Found 203 web elements with id: 'Object Repository/Olusturma/Genel/DokumanParaBirimiSecilir/Para_Adi' located by 'By.cssSelector: #CurrencyUnit_DDD_L_LBT td' in '10' second(s)

2021-10-21 14:21:38 - [MESSAGE][PASSED] - Method.TextDegerineEsitElementeTikla is PASSED

2021-10-21 14:21:38 - [MESSAGE][PASSED] - Call Test Case 'Test Cases/Olusturma/Genel/DokumanParaBirimiSecilir' successfully

2021-10-21 14:21:38 - [MESSAGE][INFO] - Checking called Test Case

2021-10-21 14:21:38 - [MESSAGE][INFO] - Starting to call Test Case 'Test Cases/Olusturma/Genel/OnEkSecilir'

2021-10-21 14:21:38 - [TEST_CASE][PASSED] - Test Cases/Olusturma/Genel/OnEkSecilir: Test Cases/Olusturma/Genel/OnEkSecilir

2021-10-21 14:21:38 - [TEST_STEP][PASSED] - waitForElementClickable(findTestObject("Object Repository/Olusturma/Genel/OnEkSecilir/OnEk"), 10): Object 'Object Repository/Olusturma/Genel/OnEkSecilir/OnEk' is clickable

2021-10-21 14:21:38 - [MESSAGE][INFO] - Finding Test Object 'Object Repository/Olusturma/Genel/OnEkSecilir/OnEk'

2021-10-21 14:21:38 - [MESSAGE][INFO] - Checking object

2021-10-21 14:21:38 - [MESSAGE][INFO] - Checking timeout

2021-10-21 14:21:38 - [MESSAGE][INFO] - Finding web element from Test Object's properties

2021-10-21 14:21:38 - [MESSAGE][INFO] - Checking timeout

2021-10-21 14:21:38 - [MESSAGE][INFO] - Finding web element with id: 'Object Repository/Olusturma/Genel/OnEkSecilir/OnEk' located by 'By.xpath: //*[@id = 'InvoicePrefix_I']' in '10' second(s)

2021-10-21 14:21:38 - [MESSAGE][INFO] - Smart Wait Function is triggered

2021-10-21 14:21:38 - [MESSAGE][INFO] - Found 1 web elements with id: 'Object Repository/Olusturma/Genel/OnEkSecilir/OnEk' located by 'By.xpath: //*[@id = 'InvoicePrefix_I']' in '10' second(s)

2021-10-21 14:21:38 - [MESSAGE][PASSED] - Object 'Object Repository/Olusturma/Genel/OnEkSecilir/OnEk' is clickable

2021-10-21 14:21:38 - [TEST_STEP][PASSED] - click(findTestObject("Object Repository/Olusturma/Genel/OnEkSecilir/OnEk")): Object: 'Object Repository/Olusturma/Genel/OnEkSecilir/OnEk' is clicked on

2021-10-21 14:21:38 - [MESSAGE][INFO] - Finding Test Object 'Object Repository/Olusturma/Genel/OnEkSecilir/OnEk'

2021-10-21 14:21:38 - [MESSAGE][INFO] - Checking object

2021-10-21 14:21:38 - [MESSAGE][INFO] - Finding web element from Test Object's properties

2021-10-21 14:21:38 - [MESSAGE][INFO] - Checking timeout

2021-10-21 14:21:38 - [MESSAGE][INFO] - Finding web element with id: 'Object Repository/Olusturma/Genel/OnEkSecilir/OnEk' located by 'By.xpath: //*[@id = 'InvoicePrefix_I']' in '30' second(s)

2021-10-21 14:21:38 - [MESSAGE][INFO] - Smart Wait Function is triggered

2021-10-21 14:21:39 - [MESSAGE][INFO] - Found 1 web elements with id: 'Object Repository/Olusturma/Genel/OnEkSecilir/OnEk' located by 'By.xpath: //*[@id = 'InvoicePrefix_I']' in '30' second(s)

2021-10-21 14:21:39 - [MESSAGE][INFO] - Clicking on object: 'Object Repository/Olusturma/Genel/OnEkSecilir/OnEk'

2021-10-21 14:21:39 - [MESSAGE][PASSED] - Object: 'Object Repository/Olusturma/Genel/OnEkSecilir/OnEk' is clicked on

2021-10-21 14:21:39 - [TEST_STEP][PASSED] - Method.TextDegerineEsitElementeTiklaEquals(findTestObject("Object Repository/Olusturma/Genel/OnEkSecilir/OnEkAdi"), Ek): Method.TextDegerineEsitElementeTiklaEquals is PASSED

2021-10-21 14:21:39 - [MESSAGE][INFO] - Finding Test Object 'Object Repository/Olusturma/Genel/OnEkSecilir/OnEkAdi'

2021-10-21 14:21:39 - [MESSAGE][INFO] - Checking timeout

2021-10-21 14:21:39 - [MESSAGE][INFO] - Finding web element with id: 'Object Repository/Olusturma/Genel/OnEkSecilir/OnEkAdi' located by 'By.cssSelector: #InvoicePrefix_DDD_L_LBT td' in '10' second(s)

2021-10-21 14:21:39 - [MESSAGE][INFO] - Smart Wait Function is triggered

2021-10-21 14:21:39 - [MESSAGE][INFO] - Found 1 web elements with id: 'Object Repository/Olusturma/Genel/OnEkSecilir/OnEkAdi' located by 'By.cssSelector: #InvoicePrefix_DDD_L_LBT td' in '10' second(s)

2021-10-21 14:21:39 - [MESSAGE][PASSED] - Method.TextDegerineEsitElementeTiklaEquals is PASSED

2021-10-21 14:21:39 - [MESSAGE][PASSED] - Call Test Case 'Test Cases/Olusturma/Genel/OnEkSecilir' successfully

2021-10-21 14:21:39 - [MESSAGE][INFO] - Checking called Test Case

2021-10-21 14:21:39 - [MESSAGE][INFO] - Starting to call Test Case 'Test Cases/Olusturma/Genel/TasarimSecilir'

2021-10-21 14:21:39 - [TEST_CASE][PASSED] - Test Cases/Olusturma/Genel/TasarimSecilir: Test Cases/Olusturma/Genel/TasarimSecilir

2021-10-21 14:21:39 - [TEST_STEP][PASSED] - waitForElementClickable(findTestObject("Object Repository/Olusturma/Genel/TasarimSecilir/Tasarim"), 10): Object 'Object Repository/Olusturma/Genel/TasarimSecilir/Tasarim' is clickable

2021-10-21 14:21:39 - [MESSAGE][INFO] - Finding Test Object 'Object Repository/Olusturma/Genel/TasarimSecilir/Tasarim'

2021-10-21 14:21:39 - [MESSAGE][INFO] - Checking object

2021-10-21 14:21:39 - [MESSAGE][INFO] - Checking timeout

2021-10-21 14:21:39 - [MESSAGE][INFO] - Finding web element from Test Object's properties

2021-10-21 14:21:39 - [MESSAGE][INFO] - Checking timeout

2021-10-21 14:21:39 - [MESSAGE][INFO] - Finding web element with id: 'Object Repository/Olusturma/Genel/TasarimSecilir/Tasarim' located by 'By.xpath: //*[@id = 'DesignId_I']' in '10' second(s)

2021-10-21 14:21:39 - [MESSAGE][INFO] - Smart Wait Function is triggered

2021-10-21 14:21:40 - [MESSAGE][INFO] - Found 1 web elements with id: 'Object Repository/Olusturma/Genel/TasarimSecilir/Tasarim' located by 'By.xpath: //*[@id = 'DesignId_I']' in '10' second(s)

2021-10-21 14:21:40 - [MESSAGE][PASSED] - Object 'Object Repository/Olusturma/Genel/TasarimSecilir/Tasarim' is clickable

2021-10-21 14:21:40 - [TEST_STEP][PASSED] - click(findTestObject("Object Repository/Olusturma/Genel/TasarimSecilir/Tasarim")): Object: 'Object Repository/Olusturma/Genel/TasarimSecilir/Tasarim' is clicked on

2021-10-21 14:21:40 - [MESSAGE][INFO] - Finding Test Object 'Object Repository/Olusturma/Genel/TasarimSecilir/Tasarim'

2021-10-21 14:21:40 - [MESSAGE][INFO] - Checking object

2021-10-21 14:21:40 - [MESSAGE][INFO] - Finding web element from Test Object's properties

2021-10-21 14:21:40 - [MESSAGE][INFO] - Checking timeout

2021-10-21 14:21:40 - [MESSAGE][INFO] - Finding web element with id: 'Object Repository/Olusturma/Genel/TasarimSecilir/Tasarim' located by 'By.xpath: //*[@id = 'DesignId_I']' in '30' second(s)

2021-10-21 14:21:40 - [MESSAGE][INFO] - Smart Wait Function is triggered

2021-10-21 14:21:40 - [MESSAGE][INFO] - Found 1 web elements with id: 'Object Repository/Olusturma/Genel/TasarimSecilir/Tasarim' located by 'By.xpath: //*[@id = 'DesignId_I']' in '30' second(s)

2021-10-21 14:21:40 - [MESSAGE][INFO] - Clicking on object: 'Object Repository/Olusturma/Genel/TasarimSecilir/Tasarim'

2021-10-21 14:21:40 - [MESSAGE][PASSED] - Object: 'Object Repository/Olusturma/Genel/TasarimSecilir/Tasarim' is clicked on

2021-10-21 14:21:40 - [TEST_STEP][PASSED] - Method.TextDegerineEsitElementeTikla(findTestObject("Object Repository/Olusturma/Genel/TasarimSecilir/Tasarim_Adi"), Tasarim): Method.TextDegerineEsitElementeTikla is PASSED

2021-10-21 14:21:40 - [MESSAGE][INFO] - Finding Test Object 'Object Repository/Olusturma/Genel/TasarimSecilir/Tasarim_Adi'

2021-10-21 14:21:40 - [MESSAGE][INFO] - Checking timeout

2021-10-21 14:21:40 - [MESSAGE][INFO] - Finding web element with id: 'Object Repository/Olusturma/Genel/TasarimSecilir/Tasarim_Adi' located by 'By.cssSelector: #DesignId_DDD_L_LBT td' in '10' second(s)

2021-10-21 14:21:40 - [MESSAGE][INFO] - Smart Wait Function is triggered

2021-10-21 14:21:41 - [MESSAGE][INFO] - Found 1 web elements with id: 'Object Repository/Olusturma/Genel/TasarimSecilir/Tasarim_Adi' located by 'By.cssSelector: #DesignId_DDD_L_LBT td' in '10' second(s)

2021-10-21 14:21:41 - [MESSAGE][PASSED] - Method.TextDegerineEsitElementeTikla is PASSED

2021-10-21 14:21:41 - [MESSAGE][PASSED] - Call Test Case 'Test Cases/Olusturma/Genel/TasarimSecilir' successfully

2021-10-21 14:21:41 - [MESSAGE][INFO] - Checking called Test Case

2021-10-21 14:21:41 - [MESSAGE][INFO] - Starting to call Test Case 'Test Cases/Olusturma/Genel/Kutular/SiparisBilgileriGirilir'

2021-10-21 14:21:41 - [TEST_CASE][PASSED] - Test Cases/Olusturma/Genel/Kutular/SiparisBilgileriGirilir: Test Cases/Olusturma/Genel/Kutular/SiparisBilgileriGirilir

2021-10-21 14:21:41 - [TEST_STEP][PASSED] - Method.TextDegerineEsitElementeTikla(findTestObject("Olusturma/Genel/Kutular/KapaliKutular"), "Sipariş Bilgileri"): Method.TextDegerineEsitElementeTikla is PASSED

2021-10-21 14:21:41 - [MESSAGE][INFO] - Finding Test Object 'Object Repository/Olusturma/Genel/Kutular/KapaliKutular'

2021-10-21 14:21:41 - [MESSAGE][INFO] - Checking timeout

2021-10-21 14:21:41 - [MESSAGE][INFO] - Finding web element with id: 'Object Repository/Olusturma/Genel/Kutular/KapaliKutular' located by 'By.cssSelector: .dxnb-headerCollapsed>span' in '10' second(s)

2021-10-21 14:21:41 - [MESSAGE][INFO] - Smart Wait Function is triggered

2021-10-21 14:21:41 - [MESSAGE][INFO] - Found 8 web elements with id: 'Object Repository/Olusturma/Genel/Kutular/KapaliKutular' located by 'By.cssSelector: .dxnb-headerCollapsed>span' in '10' second(s)

2021-10-21 14:21:41 - [MESSAGE][PASSED] - Method.TextDegerineEsitElementeTikla is PASSED

2021-10-21 14:21:41 - [TEST_STEP][PASSED] - waitForElementPresent(findTestObject("Object Repository/Olusturma/Genel/Kutular/SiparisBilgileri/SiparisNo"), 10): Object 'Object Repository/Olusturma/Genel/Kutular/SiparisBilgileri/SiparisNo' is present

2021-10-21 14:21:41 - [MESSAGE][INFO] - Finding Test Object 'Object Repository/Olusturma/Genel/Kutular/SiparisBilgileri/SiparisNo'

2021-10-21 14:21:41 - [MESSAGE][INFO] - Checking object

2021-10-21 14:21:41 - [MESSAGE][INFO] - Finding web element from Test Object's properties

2021-10-21 14:21:41 - [MESSAGE][INFO] - Checking timeout

2021-10-21 14:21:41 - [MESSAGE][INFO] - Finding web element with id: 'Object Repository/Olusturma/Genel/Kutular/SiparisBilgileri/SiparisNo' located by 'By.xpath: //*[@id = 'txtSiparisNo_I']' in '10' second(s)

2021-10-21 14:21:41 - [MESSAGE][INFO] - Smart Wait Function is triggered

2021-10-21 14:21:42 - [MESSAGE][INFO] - Found 1 web elements with id: 'Object Repository/Olusturma/Genel/Kutular/SiparisBilgileri/SiparisNo' located by 'By.xpath: //*[@id = 'txtSiparisNo_I']' in '10' second(s)

2021-10-21 14:21:42 - [MESSAGE][PASSED] - Object 'Object Repository/Olusturma/Genel/Kutular/SiparisBilgileri/SiparisNo' is present

2021-10-21 14:21:42 - [TEST_STEP][PASSED] - clearText(findTestObject("Object Repository/Olusturma/Genel/Kutular/SiparisBilgileri/SiparisNo")): Text of object 'Object Repository/Olusturma/Genel/Kutular/SiparisBilgileri/SiparisNo' is cleared

2021-10-21 14:21:42 - [MESSAGE][INFO] - Finding Test Object 'Object Repository/Olusturma/Genel/Kutular/SiparisBilgileri/SiparisNo'

2021-10-21 14:21:42 - [MESSAGE][INFO] - Checking object

2021-10-21 14:21:42 - [MESSAGE][INFO] - Finding web element from Test Object's properties

2021-10-21 14:21:42 - [MESSAGE][INFO] - Checking timeout

2021-10-21 14:21:42 - [MESSAGE][INFO] - Finding web element with id: 'Object Repository/Olusturma/Genel/Kutular/SiparisBilgileri/SiparisNo' located by 'By.xpath: //*[@id = 'txtSiparisNo_I']' in '30' second(s)

2021-10-21 14:21:42 - [MESSAGE][INFO] - Smart Wait Function is triggered

2021-10-21 14:21:42 - [MESSAGE][INFO] - Found 1 web elements with id: 'Object Repository/Olusturma/Genel/Kutular/SiparisBilgileri/SiparisNo' located by 'By.xpath: //*[@id = 'txtSiparisNo_I']' in '30' second(s)

2021-10-21 14:21:42 - [MESSAGE][INFO] - Clearing text of object 'Object Repository/Olusturma/Genel/Kutular/SiparisBilgileri/SiparisNo'

2021-10-21 14:21:42 - [MESSAGE][PASSED] - Text of object 'Object Repository/Olusturma/Genel/Kutular/SiparisBilgileri/SiparisNo' is cleared

2021-10-21 14:21:42 - [TEST_STEP][PASSED] - sendKeys(findTestObject("Object Repository/Olusturma/Genel/Kutular/SiparisBilgileri/SiparisNo"), SiparisNo): Keys 'UUC-SAT-1200001' sent to object: 'Object Repository/Olusturma/Genel/Kutular/SiparisBilgileri/SiparisNo'

2021-10-21 14:21:42 - [MESSAGE][INFO] - Finding Test Object 'Object Repository/Olusturma/Genel/Kutular/SiparisBilgileri/SiparisNo'

2021-10-21 14:21:42 - [MESSAGE][INFO] - Sending keys 'UUC-SAT-1200001' to object: 'Object Repository/Olusturma/Genel/Kutular/SiparisBilgileri/SiparisNo'

2021-10-21 14:21:42 - [MESSAGE][INFO] - Finding web element from Test Object's properties

2021-10-21 14:21:42 - [MESSAGE][INFO] - Checking timeout

2021-10-21 14:21:42 - [MESSAGE][INFO] - Finding web element with id: 'Object Repository/Olusturma/Genel/Kutular/SiparisBilgileri/SiparisNo' located by 'By.xpath: //*[@id = 'txtSiparisNo_I']' in '30' second(s)

2021-10-21 14:21:42 - [MESSAGE][INFO] - Smart Wait Function is triggered

2021-10-21 14:21:43 - [MESSAGE][INFO] - Found 1 web elements with id: 'Object Repository/Olusturma/Genel/Kutular/SiparisBilgileri/SiparisNo' located by 'By.xpath: //*[@id = 'txtSiparisNo_I']' in '30' second(s)

2021-10-21 14:21:43 - [MESSAGE][PASSED] - Keys 'UUC-SAT-1200001' sent to object: 'Object Repository/Olusturma/Genel/Kutular/SiparisBilgileri/SiparisNo'

2021-10-21 14:21:43 - [TEST_STEP][PASSED] - waitForElementClickable(findTestObject("Object Repository/Olusturma/Genel/Kutular/SiparisBilgileri/SiparisTarihiImage"), 10): Object 'Object Repository/Olusturma/Genel/Kutular/SiparisBilgileri/SiparisTarihiImage' is clickable

2021-10-21 14:21:43 - [MESSAGE][INFO] - Finding Test Object 'Object Repository/Olusturma/Genel/Kutular/SiparisBilgileri/SiparisTarihiImage'

2021-10-21 14:21:43 - [MESSAGE][INFO] - Checking object

2021-10-21 14:21:43 - [MESSAGE][INFO] - Checking timeout

2021-10-21 14:21:43 - [MESSAGE][INFO] - Finding web element from Test Object's properties

2021-10-21 14:21:43 - [MESSAGE][INFO] - Checking timeout

2021-10-21 14:21:43 - [MESSAGE][INFO] - Finding web element with id: 'Object Repository/Olusturma/Genel/Kutular/SiparisBilgileri/SiparisTarihiImage' located by 'By.cssSelector: #dateSiparisTarih img' in '10' second(s)

2021-10-21 14:21:43 - [MESSAGE][INFO] - Smart Wait Function is triggered

2021-10-21 14:21:43 - [MESSAGE][INFO] - Found 1 web elements with id: 'Object Repository/Olusturma/Genel/Kutular/SiparisBilgileri/SiparisTarihiImage' located by 'By.cssSelector: #dateSiparisTarih img' in '10' second(s)

2021-10-21 14:21:43 - [MESSAGE][PASSED] - Object 'Object Repository/Olusturma/Genel/Kutular/SiparisBilgileri/SiparisTarihiImage' is clickable

2021-10-21 14:21:43 - [TEST_STEP][PASSED] - click(findTestObject("Object Repository/Olusturma/Genel/Kutular/SiparisBilgileri/SiparisTarihiImage")): Object: 'Object Repository/Olusturma/Genel/Kutular/SiparisBilgileri/SiparisTarihiImage' is clicked on

2021-10-21 14:21:43 - [MESSAGE][INFO] - Finding Test Object 'Object Repository/Olusturma/Genel/Kutular/SiparisBilgileri/SiparisTarihiImage'

2021-10-21 14:21:44 - [MESSAGE][INFO] - Checking object

2021-10-21 14:21:44 - [MESSAGE][INFO] - Finding web element from Test Object's properties

2021-10-21 14:21:44 - [MESSAGE][INFO] - Checking timeout

2021-10-21 14:21:44 - [MESSAGE][INFO] - Finding web element with id: 'Object Repository/Olusturma/Genel/Kutular/SiparisBilgileri/SiparisTarihiImage' located by 'By.cssSelector: #dateSiparisTarih img' in '30' second(s)

2021-10-21 14:21:44 - [MESSAGE][INFO] - Smart Wait Function is triggered

2021-10-21 14:21:44 - [MESSAGE][INFO] - Found 1 web elements with id: 'Object Repository/Olusturma/Genel/Kutular/SiparisBilgileri/SiparisTarihiImage' located by 'By.cssSelector: #dateSiparisTarih img' in '30' second(s)

2021-10-21 14:21:44 - [MESSAGE][INFO] - Clicking on object: 'Object Repository/Olusturma/Genel/Kutular/SiparisBilgileri/SiparisTarihiImage'

2021-10-21 14:21:44 - [MESSAGE][PASSED] - Object: 'Object Repository/Olusturma/Genel/Kutular/SiparisBilgileri/SiparisTarihiImage' is clicked on

2021-10-21 14:21:44 - [TEST_STEP][PASSED] - waitForElementPresent(findTestObject("Object Repository/Olusturma/Genel/Kutular/SiparisBilgileri/SiparisTarihi"), 10): Object 'Object Repository/Olusturma/Genel/Kutular/SiparisBilgileri/SiparisTarihi' is present

2021-10-21 14:21:44 - [MESSAGE][INFO] - Finding Test Object 'Object Repository/Olusturma/Genel/Kutular/SiparisBilgileri/SiparisTarihi'

2021-10-21 14:21:44 - [MESSAGE][INFO] - Checking object

2021-10-21 14:21:44 - [MESSAGE][INFO] - Finding web element from Test Object's properties

2021-10-21 14:21:44 - [MESSAGE][INFO] - Checking timeout

2021-10-21 14:21:44 - [MESSAGE][INFO] - Finding web element with id: 'Object Repository/Olusturma/Genel/Kutular/SiparisBilgileri/SiparisTarihi' located by 'By.xpath: //*[@id = 'dateSiparisTarih_I']' in '10' second(s)

2021-10-21 14:21:44 - [MESSAGE][INFO] - Smart Wait Function is triggered

2021-10-21 14:21:45 - [MESSAGE][INFO] - Found 1 web elements with id: 'Object Repository/Olusturma/Genel/Kutular/SiparisBilgileri/SiparisTarihi' located by 'By.xpath: //*[@id = 'dateSiparisTarih_I']' in '10' second(s)

2021-10-21 14:21:45 - [MESSAGE][PASSED] - Object 'Object Repository/Olusturma/Genel/Kutular/SiparisBilgileri/SiparisTarihi' is present

2021-10-21 14:21:45 - [TEST_STEP][PASSED] - clearText(findTestObject("Object Repository/Olusturma/Genel/Kutular/SiparisBilgileri/SiparisTarihi")): Text of object 'Object Repository/Olusturma/Genel/Kutular/SiparisBilgileri/SiparisTarihi' is cleared

2021-10-21 14:21:45 - [MESSAGE][INFO] - Finding Test Object 'Object Repository/Olusturma/Genel/Kutular/SiparisBilgileri/SiparisTarihi'

2021-10-21 14:21:45 - [MESSAGE][INFO] - Checking object

2021-10-21 14:21:45 - [MESSAGE][INFO] - Finding web element from Test Object's properties

2021-10-21 14:21:45 - [MESSAGE][INFO] - Checking timeout

2021-10-21 14:21:45 - [MESSAGE][INFO] - Finding web element with id: 'Object Repository/Olusturma/Genel/Kutular/SiparisBilgileri/SiparisTarihi' located by 'By.xpath: //*[@id = 'dateSiparisTarih_I']' in '30' second(s)

2021-10-21 14:21:45 - [MESSAGE][INFO] - Smart Wait Function is triggered

2021-10-21 14:21:45 - [MESSAGE][INFO] - Found 1 web elements with id: 'Object Repository/Olusturma/Genel/Kutular/SiparisBilgileri/SiparisTarihi' located by 'By.xpath: //*[@id = 'dateSiparisTarih_I']' in '30' second(s)

2021-10-21 14:21:45 - [MESSAGE][INFO] - Clearing text of object 'Object Repository/Olusturma/Genel/Kutular/SiparisBilgileri/SiparisTarihi'

2021-10-21 14:21:45 - [MESSAGE][PASSED] - Text of object 'Object Repository/Olusturma/Genel/Kutular/SiparisBilgileri/SiparisTarihi' is cleared

2021-10-21 14:21:45 - [TEST_STEP][PASSED] - sendKeys(findTestObject("Object Repository/Olusturma/Genel/Kutular/SiparisBilgileri/SiparisTarihi"), Tarih): Keys '31.04.2020' sent to object: 'Object Repository/Olusturma/Genel/Kutular/SiparisBilgileri/SiparisTarihi'

2021-10-21 14:21:45 - [MESSAGE][INFO] - Finding Test Object 'Object Repository/Olusturma/Genel/Kutular/SiparisBilgileri/SiparisTarihi'

2021-10-21 14:21:45 - [MESSAGE][INFO] - Sending keys '31.04.2020' to object: 'Object Repository/Olusturma/Genel/Kutular/SiparisBilgileri/SiparisTarihi'

2021-10-21 14:21:45 - [MESSAGE][INFO] - Finding web element from Test Object's properties

2021-10-21 14:21:45 - [MESSAGE][INFO] - Checking timeout

2021-10-21 14:21:45 - [MESSAGE][INFO] - Finding web element with id: 'Object Repository/Olusturma/Genel/Kutular/SiparisBilgileri/SiparisTarihi' located by 'By.xpath: //*[@id = 'dateSiparisTarih_I']' in '30' second(s)

2021-10-21 14:21:45 - [MESSAGE][INFO] - Smart Wait Function is triggered

2021-10-21 14:21:45 - [MESSAGE][INFO] - Found 1 web elements with id: 'Object Repository/Olusturma/Genel/Kutular/SiparisBilgileri/SiparisTarihi' located by 'By.xpath: //*[@id = 'dateSiparisTarih_I']' in '30' second(s)

2021-10-21 14:21:45 - [MESSAGE][PASSED] - Keys '31.04.2020' sent to object: 'Object Repository/Olusturma/Genel/Kutular/SiparisBilgileri/SiparisTarihi'

2021-10-21 14:21:45 - [MESSAGE][PASSED] - Call Test Case 'Test Cases/Olusturma/Genel/Kutular/SiparisBilgileriGirilir' successfully

2021-10-21 14:21:46 - [MESSAGE][INFO] - Checking called Test Case

2021-10-21 14:21:46 - [MESSAGE][INFO] - Starting to call Test Case 'Test Cases/Olusturma/Genel/Kutular/IrsaliyeBilgileri'

2021-10-21 14:21:46 - [TEST_CASE][PASSED] - Test Cases/Olusturma/Genel/Kutular/IrsaliyeBilgileri: Test Cases/Olusturma/Genel/Kutular/IrsaliyeBilgileri

2021-10-21 14:21:46 - [TEST_STEP][PASSED] - Method.TextDegerineEsitElementeTikla(findTestObject("Olusturma/Genel/Kutular/KapaliKutular"), "İrsaliye Bilgileri"): Method.TextDegerineEsitElementeTikla is PASSED

2021-10-21 14:21:46 - [MESSAGE][INFO] - Finding Test Object 'Object Repository/Olusturma/Genel/Kutular/KapaliKutular'

2021-10-21 14:21:46 - [MESSAGE][INFO] - Checking timeout

2021-10-21 14:21:46 - [MESSAGE][INFO] - Finding web element with id: 'Object Repository/Olusturma/Genel/Kutular/KapaliKutular' located by 'By.cssSelector: .dxnb-headerCollapsed>span' in '10' second(s)

2021-10-21 14:21:46 - [MESSAGE][INFO] - Smart Wait Function is triggered

2021-10-21 14:21:46 - [MESSAGE][INFO] - Found 8 web elements with id: 'Object Repository/Olusturma/Genel/Kutular/KapaliKutular' located by 'By.cssSelector: .dxnb-headerCollapsed>span' in '10' second(s)

2021-10-21 14:21:46 - [MESSAGE][PASSED] - Method.TextDegerineEsitElementeTikla is PASSED

2021-10-21 14:21:46 - [TEST_STEP][PASSED] - waitForElementClickable(findTestObject("Olusturma/Genel/Kutular/IrsaliyeBilgileri/Ekle"), 10): Object 'Object Repository/Olusturma/Genel/Kutular/IrsaliyeBilgileri/Ekle' is clickable

2021-10-21 14:21:46 - [MESSAGE][INFO] - Finding Test Object 'Object Repository/Olusturma/Genel/Kutular/IrsaliyeBilgileri/Ekle'

2021-10-21 14:21:46 - [MESSAGE][INFO] - Checking object

2021-10-21 14:21:46 - [MESSAGE][INFO] - Checking timeout

2021-10-21 14:21:46 - [MESSAGE][INFO] - Finding web element from Test Object's properties

2021-10-21 14:21:46 - [MESSAGE][INFO] - Checking timeout

2021-10-21 14:21:46 - [MESSAGE][INFO] - Finding web element with id: 'Object Repository/Olusturma/Genel/Kutular/IrsaliyeBilgileri/Ekle' located by 'By.xpath: //*[@id = 'DXEditorgvUserInvoiceBillsNewRowBtn']' in '10' second(s)

2021-10-21 14:21:46 - [MESSAGE][INFO] - Smart Wait Function is triggered

2021-10-21 14:21:47 - [MESSAGE][INFO] - Found 1 web elements with id: 'Object Repository/Olusturma/Genel/Kutular/IrsaliyeBilgileri/Ekle' located by 'By.xpath: //*[@id = 'DXEditorgvUserInvoiceBillsNewRowBtn']' in '10' second(s)

2021-10-21 14:21:47 - [MESSAGE][PASSED] - Object 'Object Repository/Olusturma/Genel/Kutular/IrsaliyeBilgileri/Ekle' is clickable

2021-10-21 14:21:47 - [TEST_STEP][PASSED] - click(findTestObject("Olusturma/Genel/Kutular/IrsaliyeBilgileri/Ekle")): Object: 'Object Repository/Olusturma/Genel/Kutular/IrsaliyeBilgileri/Ekle' is clicked on

2021-10-21 14:21:47 - [MESSAGE][INFO] - Finding Test Object 'Object Repository/Olusturma/Genel/Kutular/IrsaliyeBilgileri/Ekle'

2021-10-21 14:21:47 - [MESSAGE][INFO] - Checking object

2021-10-21 14:21:47 - [MESSAGE][INFO] - Finding web element from Test Object's properties

2021-10-21 14:21:47 - [MESSAGE][INFO] - Checking timeout

2021-10-21 14:21:47 - [MESSAGE][INFO] - Finding web element with id: 'Object Repository/Olusturma/Genel/Kutular/IrsaliyeBilgileri/Ekle' located by 'By.xpath: //*[@id = 'DXEditorgvUserInvoiceBillsNewRowBtn']' in '30' second(s)

2021-10-21 14:21:47 - [MESSAGE][INFO] - Smart Wait Function is triggered

2021-10-21 14:21:47 - [MESSAGE][INFO] - Found 1 web elements with id: 'Object Repository/Olusturma/Genel/Kutular/IrsaliyeBilgileri/Ekle' located by 'By.xpath: //*[@id = 'DXEditorgvUserInvoiceBillsNewRowBtn']' in '30' second(s)

2021-10-21 14:21:47 - [MESSAGE][INFO] - Clicking on object: 'Object Repository/Olusturma/Genel/Kutular/IrsaliyeBilgileri/Ekle'

2021-10-21 14:21:47 - [MESSAGE][PASSED] - Object: 'Object Repository/Olusturma/Genel/Kutular/IrsaliyeBilgileri/Ekle' is clicked on

2021-10-21 14:21:47 - [TEST_STEP][PASSED] - waitForElementPresent(findTestObject("Object Repository/Olusturma/Genel/Kutular/IrsaliyeBilgileri/IrsaliyeNumarasi"), 10): Object 'Object Repository/Olusturma/Genel/Kutular/IrsaliyeBilgileri/IrsaliyeNumarasi' is present

2021-10-21 14:21:47 - [MESSAGE][INFO] - Finding Test Object 'Object Repository/Olusturma/Genel/Kutular/IrsaliyeBilgileri/IrsaliyeNumarasi'

2021-10-21 14:21:47 - [MESSAGE][INFO] - Checking object

2021-10-21 14:21:47 - [MESSAGE][INFO] - Finding web element from Test Object's properties

2021-10-21 14:21:47 - [MESSAGE][INFO] - Checking timeout

2021-10-21 14:21:47 - [MESSAGE][INFO] - Finding web element with id: 'Object Repository/Olusturma/Genel/Kutular/IrsaliyeBilgileri/IrsaliyeNumarasi' located by 'By.xpath: //*[@id = 'gvUserInvoiceBills_DXEditor1_I']' in '10' second(s)

2021-10-21 14:21:47 - [MESSAGE][INFO] - Smart Wait Function is triggered

2021-10-21 14:21:48 - [MESSAGE][INFO] - Smart Wait Function is triggered

2021-10-21 14:21:48 - [MESSAGE][INFO] - Found 1 web elements with id: 'Object Repository/Olusturma/Genel/Kutular/IrsaliyeBilgileri/IrsaliyeNumarasi' located by 'By.xpath: //*[@id = 'gvUserInvoiceBills_DXEditor1_I']' in '10' second(s)

2021-10-21 14:21:48 - [MESSAGE][PASSED] - Object 'Object Repository/Olusturma/Genel/Kutular/IrsaliyeBilgileri/IrsaliyeNumarasi' is present

2021-10-21 14:21:48 - [TEST_STEP][PASSED] - clearText(findTestObject("Object Repository/Olusturma/Genel/Kutular/IrsaliyeBilgileri/IrsaliyeNumarasi")): Text of object 'Object Repository/Olusturma/Genel/Kutular/IrsaliyeBilgileri/IrsaliyeNumarasi' is cleared

2021-10-21 14:21:48 - [MESSAGE][INFO] - Finding Test Object 'Object Repository/Olusturma/Genel/Kutular/IrsaliyeBilgileri/IrsaliyeNumarasi'

2021-10-21 14:21:49 - [MESSAGE][INFO] - Checking object

2021-10-21 14:21:49 - [MESSAGE][INFO] - Finding web element from Test Object's properties

2021-10-21 14:21:49 - [MESSAGE][INFO] - Checking timeout

2021-10-21 14:21:49 - [MESSAGE][INFO] - Finding web element with id: 'Object Repository/Olusturma/Genel/Kutular/IrsaliyeBilgileri/IrsaliyeNumarasi' located by 'By.xpath: //*[@id = 'gvUserInvoiceBills_DXEditor1_I']' in '30' second(s)

2021-10-21 14:21:49 - [MESSAGE][INFO] - Smart Wait Function is triggered

2021-10-21 14:21:49 - [MESSAGE][INFO] - Found 1 web elements with id: 'Object Repository/Olusturma/Genel/Kutular/IrsaliyeBilgileri/IrsaliyeNumarasi' located by 'By.xpath: //*[@id = 'gvUserInvoiceBills_DXEditor1_I']' in '30' second(s)

2021-10-21 14:21:49 - [MESSAGE][INFO] - Clearing text of object 'Object Repository/Olusturma/Genel/Kutular/IrsaliyeBilgileri/IrsaliyeNumarasi'

2021-10-21 14:21:49 - [MESSAGE][PASSED] - Text of object 'Object Repository/Olusturma/Genel/Kutular/IrsaliyeBilgileri/IrsaliyeNumarasi' is cleared

2021-10-21 14:21:49 - [TEST_STEP][PASSED] - sendKeys(findTestObject("Object Repository/Olusturma/Genel/Kutular/IrsaliyeBilgileri/IrsaliyeNumarasi"), Numara): Keys 'AAAAAAAAAA' sent to object: 'Object Repository/Olusturma/Genel/Kutular/IrsaliyeBilgileri/IrsaliyeNumarasi'

2021-10-21 14:21:49 - [MESSAGE][INFO] - Finding Test Object 'Object Repository/Olusturma/Genel/Kutular/IrsaliyeBilgileri/IrsaliyeNumarasi'

2021-10-21 14:21:49 - [MESSAGE][INFO] - Sending keys 'AAAAAAAAAA' to object: 'Object Repository/Olusturma/Genel/Kutular/IrsaliyeBilgileri/IrsaliyeNumarasi'

2021-10-21 14:21:49 - [MESSAGE][INFO] - Finding web element from Test Object's properties

2021-10-21 14:21:49 - [MESSAGE][INFO] - Checking timeout

2021-10-21 14:21:49 - [MESSAGE][INFO] - Finding web element with id: 'Object Repository/Olusturma/Genel/Kutular/IrsaliyeBilgileri/IrsaliyeNumarasi' located by 'By.xpath: //*[@id = 'gvUserInvoiceBills_DXEditor1_I']' in '30' second(s)

2021-10-21 14:21:49 - [MESSAGE][INFO] - Smart Wait Function is triggered

2021-10-21 14:21:49 - [MESSAGE][INFO] - Found 1 web elements with id: 'Object Repository/Olusturma/Genel/Kutular/IrsaliyeBilgileri/IrsaliyeNumarasi' located by 'By.xpath: //*[@id = 'gvUserInvoiceBills_DXEditor1_I']' in '30' second(s)

2021-10-21 14:21:50 - [MESSAGE][PASSED] - Keys 'AAAAAAAAAA' sent to object: 'Object Repository/Olusturma/Genel/Kutular/IrsaliyeBilgileri/IrsaliyeNumarasi'

2021-10-21 14:21:50 - [TEST_STEP][PASSED] - waitForElementClickable(findTestObject("Object Repository/Olusturma/Genel/Kutular/IrsaliyeBilgileri/IrsaliyeTarihi"), 10): Object 'Object Repository/Olusturma/Genel/Kutular/IrsaliyeBilgileri/IrsaliyeTarihi' is clickable

2021-10-21 14:21:50 - [MESSAGE][INFO] - Finding Test Object 'Object Repository/Olusturma/Genel/Kutular/IrsaliyeBilgileri/IrsaliyeTarihi'

2021-10-21 14:21:50 - [MESSAGE][INFO] - Checking object

2021-10-21 14:21:50 - [MESSAGE][INFO] - Checking timeout

2021-10-21 14:21:50 - [MESSAGE][INFO] - Finding web element from Test Object's properties

2021-10-21 14:21:50 - [MESSAGE][INFO] - Checking timeout

2021-10-21 14:21:50 - [MESSAGE][INFO] - Finding web element with id: 'Object Repository/Olusturma/Genel/Kutular/IrsaliyeBilgileri/IrsaliyeTarihi' located by 'By.xpath: //*[@id = 'gvUserInvoiceBills_DXEditor2_I']' in '10' second(s)

2021-10-21 14:21:50 - [MESSAGE][INFO] - Smart Wait Function is triggered

2021-10-21 14:21:50 - [MESSAGE][INFO] - Found 1 web elements with id: 'Object Repository/Olusturma/Genel/Kutular/IrsaliyeBilgileri/IrsaliyeTarihi' located by 'By.xpath: //*[@id = 'gvUserInvoiceBills_DXEditor2_I']' in '10' second(s)

2021-10-21 14:21:50 - [MESSAGE][PASSED] - Object 'Object Repository/Olusturma/Genel/Kutular/IrsaliyeBilgileri/IrsaliyeTarihi' is clickable

2021-10-21 14:21:50 - [TEST_STEP][PASSED] - click(findTestObject("Object Repository/Olusturma/Genel/Kutular/IrsaliyeBilgileri/IrsaliyeTarihi")): Object: 'Object Repository/Olusturma/Genel/Kutular/IrsaliyeBilgileri/IrsaliyeTarihi' is clicked on

2021-10-21 14:21:50 - [MESSAGE][INFO] - Finding Test Object 'Object Repository/Olusturma/Genel/Kutular/IrsaliyeBilgileri/IrsaliyeTarihi'

2021-10-21 14:21:50 - [MESSAGE][INFO] - Checking object

2021-10-21 14:21:50 - [MESSAGE][INFO] - Finding web element from Test Object's properties

2021-10-21 14:21:50 - [MESSAGE][INFO] - Checking timeout

2021-10-21 14:21:50 - [MESSAGE][INFO] - Finding web element with id: 'Object Repository/Olusturma/Genel/Kutular/IrsaliyeBilgileri/IrsaliyeTarihi' located by 'By.xpath: //*[@id = 'gvUserInvoiceBills_DXEditor2_I']' in '30' second(s)

2021-10-21 14:21:50 - [MESSAGE][INFO] - Smart Wait Function is triggered

2021-10-21 14:21:50 - [MESSAGE][INFO] - Found 1 web elements with id: 'Object Repository/Olusturma/Genel/Kutular/IrsaliyeBilgileri/IrsaliyeTarihi' located by 'By.xpath: //*[@id = 'gvUserInvoiceBills_DXEditor2_I']' in '30' second(s)

2021-10-21 14:21:50 - [MESSAGE][INFO] - Clicking on object: 'Object Repository/Olusturma/Genel/Kutular/IrsaliyeBilgileri/IrsaliyeTarihi'

2021-10-21 14:21:51 - [MESSAGE][PASSED] - Object: 'Object Repository/Olusturma/Genel/Kutular/IrsaliyeBilgileri/IrsaliyeTarihi' is clicked on

2021-10-21 14:21:51 - [TEST_STEP][PASSED] - sendKeys(findTestObject("Object Repository/Olusturma/Genel/Kutular/IrsaliyeBilgileri/IrsaliyeTarihi"), Tarih): Keys '31.04.2020' sent to object: 'Object Repository/Olusturma/Genel/Kutular/IrsaliyeBilgileri/IrsaliyeTarihi'

2021-10-21 14:21:51 - [MESSAGE][INFO] - Finding Test Object 'Object Repository/Olusturma/Genel/Kutular/IrsaliyeBilgileri/IrsaliyeTarihi'

2021-10-21 14:21:51 - [MESSAGE][INFO] - Sending keys '31.04.2020' to object: 'Object Repository/Olusturma/Genel/Kutular/IrsaliyeBilgileri/IrsaliyeTarihi'

2021-10-21 14:21:51 - [MESSAGE][INFO] - Finding web element from Test Object's properties

2021-10-21 14:21:51 - [MESSAGE][INFO] - Checking timeout

2021-10-21 14:21:51 - [MESSAGE][INFO] - Finding web element with id: 'Object Repository/Olusturma/Genel/Kutular/IrsaliyeBilgileri/IrsaliyeTarihi' located by 'By.xpath: //*[@id = 'gvUserInvoiceBills_DXEditor2_I']' in '30' second(s)

2021-10-21 14:21:51 - [MESSAGE][INFO] - Smart Wait Function is triggered

2021-10-21 14:21:51 - [MESSAGE][INFO] - Found 1 web elements with id: 'Object Repository/Olusturma/Genel/Kutular/IrsaliyeBilgileri/IrsaliyeTarihi' located by 'By.xpath: //*[@id = 'gvUserInvoiceBills_DXEditor2_I']' in '30' second(s)

2021-10-21 14:21:51 - [MESSAGE][PASSED] - Keys '31.04.2020' sent to object: 'Object Repository/Olusturma/Genel/Kutular/IrsaliyeBilgileri/IrsaliyeTarihi'

2021-10-21 14:21:51 - [MESSAGE][PASSED] - Call Test Case 'Test Cases/Olusturma/Genel/Kutular/IrsaliyeBilgileri' successfully

2021-10-21 14:21:51 - [MESSAGE][INFO] - Checking called Test Case

2021-10-21 14:21:51 - [MESSAGE][INFO] - Starting to call Test Case 'Test Cases/Olusturma/Genel/EkleButonunaBasilir'

2021-10-21 14:21:51 - [TEST_CASE][PASSED] - Test Cases/Olusturma/Genel/EkleButonunaBasilir: Test Cases/Olusturma/Genel/EkleButonunaBasilir

2021-10-21 14:21:51 - [TEST_STEP][PASSED] - waitForElementClickable(findTestObject("Object Repository/Olusturma/Genel/Olusturma/Ekle"), 10): Object 'Object Repository/Olusturma/Genel/Olusturma/Ekle' is clickable

2021-10-21 14:21:51 - [MESSAGE][INFO] - Finding Test Object 'Object Repository/Olusturma/Genel/Olusturma/Ekle'

2021-10-21 14:21:51 - [MESSAGE][INFO] - Checking object

2021-10-21 14:21:51 - [MESSAGE][INFO] - Checking timeout

2021-10-21 14:21:51 - [MESSAGE][INFO] - Finding web element from Test Object's properties

2021-10-21 14:21:51 - [MESSAGE][INFO] - Checking timeout

2021-10-21 14:21:51 - [MESSAGE][INFO] - Finding web element with id: 'Object Repository/Olusturma/Genel/Olusturma/Ekle' located by 'By.cssSelector: #divmalhizmet i.fa.fa-plus.fa-lg.text-muted' in '10' second(s)

2021-10-21 14:21:51 - [MESSAGE][INFO] - Smart Wait Function is triggered

2021-10-21 14:21:52 - [MESSAGE][INFO] - Found 1 web elements with id: 'Object Repository/Olusturma/Genel/Olusturma/Ekle' located by 'By.cssSelector: #divmalhizmet i.fa.fa-plus.fa-lg.text-muted' in '10' second(s)

2021-10-21 14:21:52 - [MESSAGE][PASSED] - Object 'Object Repository/Olusturma/Genel/Olusturma/Ekle' is clickable

2021-10-21 14:21:52 - [TEST_STEP][PASSED] - click(findTestObject("Object Repository/Olusturma/Genel/Olusturma/Ekle")): Object: 'Object Repository/Olusturma/Genel/Olusturma/Ekle' is clicked on

2021-10-21 14:21:52 - [MESSAGE][INFO] - Finding Test Object 'Object Repository/Olusturma/Genel/Olusturma/Ekle'

2021-10-21 14:21:52 - [MESSAGE][INFO] - Checking object

2021-10-21 14:21:52 - [MESSAGE][INFO] - Finding web element from Test Object's properties

2021-10-21 14:21:52 - [MESSAGE][INFO] - Checking timeout

2021-10-21 14:21:52 - [MESSAGE][INFO] - Finding web element with id: 'Object Repository/Olusturma/Genel/Olusturma/Ekle' located by 'By.cssSelector: #divmalhizmet i.fa.fa-plus.fa-lg.text-muted' in '30' second(s)

2021-10-21 14:21:52 - [MESSAGE][INFO] - Smart Wait Function is triggered

2021-10-21 14:21:52 - [MESSAGE][INFO] - Found 1 web elements with id: 'Object Repository/Olusturma/Genel/Olusturma/Ekle' located by 'By.cssSelector: #divmalhizmet i.fa.fa-plus.fa-lg.text-muted' in '30' second(s)

2021-10-21 14:21:52 - [MESSAGE][INFO] - Clicking on object: 'Object Repository/Olusturma/Genel/Olusturma/Ekle'

2021-10-21 14:21:52 - [MESSAGE][PASSED] - Object: 'Object Repository/Olusturma/Genel/Olusturma/Ekle' is clicked on

2021-10-21 14:21:52 - [TEST_STEP][PASSED] - waitForElementClickable(findTestObject("Olusturma/Genel/Olusturma/EklenenSatirCarpiImage"), 10): Object 'Object Repository/Olusturma/Genel/Olusturma/EklenenSatirCarpiImage' is clickable

2021-10-21 14:21:52 - [MESSAGE][INFO] - Finding Test Object 'Object Repository/Olusturma/Genel/Olusturma/EklenenSatirCarpiImage'

2021-10-21 14:21:52 - [MESSAGE][INFO] - Checking object

2021-10-21 14:21:52 - [MESSAGE][INFO] - Checking timeout

2021-10-21 14:21:52 - [MESSAGE][INFO] - Finding web element from Test Object's properties

2021-10-21 14:21:52 - [MESSAGE][INFO] - Checking timeout

2021-10-21 14:21:52 - [MESSAGE][INFO] - Finding web element with id: 'Object Repository/Olusturma/Genel/Olusturma/EklenenSatirCarpiImage' located by 'By.cssSelector: .fa.fa-times.fa-lg.text-primary' in '10' second(s)

2021-10-21 14:21:52 - [MESSAGE][INFO] - Smart Wait Function is triggered

2021-10-21 14:21:53 - [MESSAGE][INFO] - Found 1 web elements with id: 'Object Repository/Olusturma/Genel/Olusturma/EklenenSatirCarpiImage' located by 'By.cssSelector: .fa.fa-times.fa-lg.text-primary' in '10' second(s)

2021-10-21 14:21:53 - [MESSAGE][PASSED] - Object 'Object Repository/Olusturma/Genel/Olusturma/EklenenSatirCarpiImage' is clickable

2021-10-21 14:21:53 - [MESSAGE][PASSED] - Call Test Case 'Test Cases/Olusturma/Genel/EkleButonunaBasilir' successfully

2021-10-21 14:21:53 - [MESSAGE][INFO] - Checking called Test Case

2021-10-21 14:21:53 - [MESSAGE][INFO] - Starting to call Test Case 'Test Cases/Olusturma/Genel/Olusturma'

2021-10-21 14:21:53 - [TEST_CASE][PASSED] - Test Cases/Olusturma/Genel/Olusturma: Test Cases/Olusturma/Genel/Olusturma

2021-10-21 14:21:53 - [TEST_STEP][PASSED] - driver = getWebDriver(): null

2021-10-21 14:21:53 - [TEST_STEP][PASSED] - action = new org.openqa.selenium.interactions.Actions(driver): null

2021-10-21 14:21:53 - [TEST_STEP][PASSED] - baslikElement = <not implemented yet for class: org.codehaus.groovy.ast.expr.EmptyExpression>: null

2021-10-21 14:21:53 - [TEST_STEP][PASSED] - sonElement = <not implemented yet for class: org.codehaus.groovy.ast.expr.EmptyExpression>: null

2021-10-21 14:21:53 - [TEST_STEP][PASSED] - attr = <not implemented yet for class: org.codehaus.groovy.ast.expr.EmptyExpression>: null

2021-10-21 14:21:53 - [TEST_STEP][PASSED] - a = 0: null

2021-10-21 14:21:53 - [TEST_STEP][PASSED] - elements = findWebElements(findTestObject("Object Repository/Olusturma/Genel/Olusturma/TabloBasliklari"), 10): Found 17 web elements with id: 'Object Repository/Olusturma/Genel/Olusturma/TabloBasliklari' located by 'By.cssSelector: div#divmalhizmet .dxgvTable_LECustomTheme td.dxgvHeader_LECustomTheme tr>td:nth-child(1)' in '10' second(s)

2021-10-21 14:21:53 - [MESSAGE][INFO] - Finding Test Object 'Object Repository/Olusturma/Genel/Olusturma/TabloBasliklari'

2021-10-21 14:21:53 - [MESSAGE][INFO] - Checking timeout

2021-10-21 14:21:53 - [MESSAGE][INFO] - Finding web element with id: 'Object Repository/Olusturma/Genel/Olusturma/TabloBasliklari' located by 'By.cssSelector: div#divmalhizmet .dxgvTable_LECustomTheme td.dxgvHeader_LECustomTheme tr>td:nth-child(1)' in '10' second(s)

2021-10-21 14:21:53 - [MESSAGE][INFO] - Smart Wait Function is triggered

2021-10-21 14:21:54 - [MESSAGE][INFO] - Found 17 web elements with id: 'Object Repository/Olusturma/Genel/Olusturma/TabloBasliklari' located by 'By.cssSelector: div#divmalhizmet .dxgvTable_LECustomTheme td.dxgvHeader_LECustomTheme tr>td:nth-child(1)' in '10' second(s)

2021-10-21 14:21:54 - [TEST_STEP][PASSED] - for (def element : elements): null

2021-10-21 14:21:54 - [TEST_STEP][PASSED] - build().perform(): null

2021-10-21 14:21:54 - [TEST_STEP][PASSED] - if (getText().equals(Baslik)): null

2021-10-21 14:21:54 - [TEST_STEP][PASSED] - baslikElement = element.findElement(By.xpath("../../../..")): Smart Wait Function is triggered

2021-10-21 14:21:54 - [MESSAGE][INFO] - Smart Wait Function is triggered

2021-10-21 14:21:54 - [TEST_STEP][PASSED] - attr = baslikElement.getAttribute("id"): null

2021-10-21 14:21:54 - [TEST_STEP][PASSED] - println("girdi ve idsini aldı = " + attr): null

2021-10-21 14:21:54 - [TEST_STEP][PASSED] - break: null

2021-10-21 14:21:54 - [TEST_STEP][PASSED] - countElement = baslikElement.findElements(By.xpath("../td")): Smart Wait Function is triggered

2021-10-21 14:21:54 - [MESSAGE][INFO] - Smart Wait Function is triggered

2021-10-21 14:21:55 - [TEST_STEP][PASSED] - for (def element : countElement): null

2021-10-21 14:21:55 - [TEST_STEP][PASSED] - if (toString().equals(attr.toString())): null

2021-10-21 14:21:55 - [TEST_STEP][PASSED] - (a++): null

2021-10-21 14:21:55 - [TEST_STEP][PASSED] - if (toString().equals(attr.toString())): null

2021-10-21 14:21:55 - [TEST_STEP][PASSED] - break: null

2021-10-21 14:21:55 - [TEST_STEP][PASSED] - son = findWebElement(findTestObject("Object Repository/Olusturma/Genel/Olusturma/EklenenSatir")).findElement(By.xpath("td[@class='dxgvInlineEditCell_LECustomTheme dxgv'][" + a + "]//td[@class='dxic']/input")): Smart Wait Function is triggered

2021-10-21 14:21:55 - [MESSAGE][INFO] - Finding Test Object 'Object Repository/Olusturma/Genel/Olusturma/EklenenSatir'

2021-10-21 14:21:55 - [MESSAGE][INFO] - Finding web element from Test Object's properties

2021-10-21 14:21:55 - [MESSAGE][INFO] - Checking timeout

2021-10-21 14:21:55 - [MESSAGE][INFO] - Finding web element with id: 'Object Repository/Olusturma/Genel/Olusturma/EklenenSatir' located by 'By.cssSelector: #divmalhizmet .dxgvInlineEditRow_LECustomTheme' in '30' second(s)

2021-10-21 14:21:55 - [MESSAGE][INFO] - Smart Wait Function is triggered

2021-10-21 14:21:56 - [MESSAGE][INFO] - Found 1 web elements with id: 'Object Repository/Olusturma/Genel/Olusturma/EklenenSatir' located by 'By.cssSelector: #divmalhizmet .dxgvInlineEditRow_LECustomTheme' in '30' second(s)

2021-10-21 14:21:56 - [MESSAGE][INFO] - Smart Wait Function is triggered

2021-10-21 14:21:56 - [TEST_STEP][PASSED] - if (!(getAttribute("value").contains("Vkn"))): null

2021-10-21 14:21:56 - [TEST_STEP][PASSED] - son.clear(): null

2021-10-21 14:21:56 - [TEST_STEP][PASSED] - son.sendKeys(Deger): null

2021-10-21 14:21:56 - [MESSAGE][PASSED] - Call Test Case 'Test Cases/Olusturma/Genel/Olusturma' successfully

2021-10-21 14:21:56 - [MESSAGE][INFO] - Checking called Test Case

2021-10-21 14:21:56 - [MESSAGE][INFO] - Starting to call Test Case 'Test Cases/Olusturma/Genel/Olusturma'

2021-10-21 14:21:56 - [TEST_CASE][PASSED] - Test Cases/Olusturma/Genel/Olusturma: Test Cases/Olusturma/Genel/Olusturma

2021-10-21 14:21:56 - [TEST_STEP][PASSED] - driver = getWebDriver(): null

2021-10-21 14:21:56 - [TEST_STEP][PASSED] - action = new org.openqa.selenium.interactions.Actions(driver): null

2021-10-21 14:21:56 - [TEST_STEP][PASSED] - baslikElement = <not implemented yet for class: org.codehaus.groovy.ast.expr.EmptyExpression>: null

2021-10-21 14:21:56 - [TEST_STEP][PASSED] - sonElement = <not implemented yet for class: org.codehaus.groovy.ast.expr.EmptyExpression>: null

2021-10-21 14:21:56 - [TEST_STEP][PASSED] - attr = <not implemented yet for class: org.codehaus.groovy.ast.expr.EmptyExpression>: null

2021-10-21 14:21:56 - [TEST_STEP][PASSED] - a = 0: null

2021-10-21 14:21:56 - [TEST_STEP][PASSED] - elements = findWebElements(findTestObject("Object Repository/Olusturma/Genel/Olusturma/TabloBasliklari"), 10): Found 17 web elements with id: 'Object Repository/Olusturma/Genel/Olusturma/TabloBasliklari' located by 'By.cssSelector: div#divmalhizmet .dxgvTable_LECustomTheme td.dxgvHeader_LECustomTheme tr>td:nth-child(1)' in '10' second(s)

2021-10-21 14:21:56 - [MESSAGE][INFO] - Finding Test Object 'Object Repository/Olusturma/Genel/Olusturma/TabloBasliklari'

2021-10-21 14:21:57 - [MESSAGE][INFO] - Checking timeout

2021-10-21 14:21:57 - [MESSAGE][INFO] - Finding web element with id: 'Object Repository/Olusturma/Genel/Olusturma/TabloBasliklari' located by 'By.cssSelector: div#divmalhizmet .dxgvTable_LECustomTheme td.dxgvHeader_LECustomTheme tr>td:nth-child(1)' in '10' second(s)

2021-10-21 14:21:57 - [MESSAGE][INFO] - Smart Wait Function is triggered

2021-10-21 14:21:57 - [MESSAGE][INFO] - Found 17 web elements with id: 'Object Repository/Olusturma/Genel/Olusturma/TabloBasliklari' located by 'By.cssSelector: div#divmalhizmet .dxgvTable_LECustomTheme td.dxgvHeader_LECustomTheme tr>td:nth-child(1)' in '10' second(s)

2021-10-21 14:21:57 - [TEST_STEP][PASSED] - for (def element : elements): null

2021-10-21 14:21:57 - [TEST_STEP][PASSED] - build().perform(): null

2021-10-21 14:21:57 - [TEST_STEP][PASSED] - if (getText().equals(Baslik)): null

2021-10-21 14:21:57 - [TEST_STEP][PASSED] - build().perform(): null

2021-10-21 14:21:57 - [TEST_STEP][PASSED] - if (getText().equals(Baslik)): null

2021-10-21 14:21:57 - [TEST_STEP][PASSED] - baslikElement = element.findElement(By.xpath("../../../..")): Smart Wait Function is triggered

2021-10-21 14:21:57 - [MESSAGE][INFO] - Smart Wait Function is triggered

2021-10-21 14:21:58 - [TEST_STEP][PASSED] - attr = baslikElement.getAttribute("id"): null

2021-10-21 14:21:58 - [TEST_STEP][PASSED] - println("girdi ve idsini aldı = " + attr): null

2021-10-21 14:21:58 - [TEST_STEP][PASSED] - break: null

2021-10-21 14:21:58 - [TEST_STEP][PASSED] - countElement = baslikElement.findElements(By.xpath("../td")): Smart Wait Function is triggered

2021-10-21 14:21:58 - [MESSAGE][INFO] - Smart Wait Function is triggered

2021-10-21 14:21:58 - [TEST_STEP][PASSED] - for (def element : countElement): null

2021-10-21 14:21:58 - [TEST_STEP][PASSED] - if (toString().equals(attr.toString())): null

2021-10-21 14:21:58 - [TEST_STEP][PASSED] - (a++): null

2021-10-21 14:21:58 - [TEST_STEP][PASSED] - if (toString().equals(attr.toString())): null

2021-10-21 14:21:58 - [TEST_STEP][PASSED] - (a++): null

2021-10-21 14:21:58 - [TEST_STEP][PASSED] - if (toString().equals(attr.toString())): null

2021-10-21 14:21:58 - [TEST_STEP][PASSED] - break: null

2021-10-21 14:21:58 - [TEST_STEP][PASSED] - son = findWebElement(findTestObject("Object Repository/Olusturma/Genel/Olusturma/EklenenSatir")).findElement(By.xpath("td[@class='dxgvInlineEditCell_LECustomTheme dxgv'][" + a + "]//td[@class='dxic']/input")): Smart Wait Function is triggered

2021-10-21 14:21:58 - [MESSAGE][INFO] - Finding Test Object 'Object Repository/Olusturma/Genel/Olusturma/EklenenSatir'

2021-10-21 14:21:58 - [MESSAGE][INFO] - Finding web element from Test Object's properties

2021-10-21 14:21:58 - [MESSAGE][INFO] - Checking timeout

2021-10-21 14:21:58 - [MESSAGE][INFO] - Finding web element with id: 'Object Repository/Olusturma/Genel/Olusturma/EklenenSatir' located by 'By.cssSelector: #divmalhizmet .dxgvInlineEditRow_LECustomTheme' in '30' second(s)

2021-10-21 14:21:58 - [MESSAGE][INFO] - Smart Wait Function is triggered

2021-10-21 14:21:58 - [MESSAGE][INFO] - Found 1 web elements with id: 'Object Repository/Olusturma/Genel/Olusturma/EklenenSatir' located by 'By.cssSelector: #divmalhizmet .dxgvInlineEditRow_LECustomTheme' in '30' second(s)

2021-10-21 14:21:58 - [MESSAGE][INFO] - Smart Wait Function is triggered

2021-10-21 14:21:59 - [TEST_STEP][PASSED] - if (!(getAttribute("value").contains("Vkn"))): null

2021-10-21 14:21:59 - [TEST_STEP][PASSED] - son.clear(): null

2021-10-21 14:21:59 - [TEST_STEP][PASSED] - son.sendKeys(Deger): null

2021-10-21 14:21:59 - [MESSAGE][PASSED] - Call Test Case 'Test Cases/Olusturma/Genel/Olusturma' successfully

2021-10-21 14:21:59 - [MESSAGE][INFO] - Checking called Test Case

2021-10-21 14:21:59 - [MESSAGE][INFO] - Starting to call Test Case 'Test Cases/Olusturma/Genel/Olusturma'

2021-10-21 14:21:59 - [TEST_CASE][PASSED] - Test Cases/Olusturma/Genel/Olusturma: Test Cases/Olusturma/Genel/Olusturma

2021-10-21 14:21:59 - [TEST_STEP][PASSED] - driver = getWebDriver(): null

2021-10-21 14:21:59 - [TEST_STEP][PASSED] - action = new org.openqa.selenium.interactions.Actions(driver): null

2021-10-21 14:21:59 - [TEST_STEP][PASSED] - baslikElement = <not implemented yet for class: org.codehaus.groovy.ast.expr.EmptyExpression>: null

2021-10-21 14:21:59 - [TEST_STEP][PASSED] - sonElement = <not implemented yet for class: org.codehaus.groovy.ast.expr.EmptyExpression>: null

2021-10-21 14:21:59 - [TEST_STEP][PASSED] - attr = <not implemented yet for class: org.codehaus.groovy.ast.expr.EmptyExpression>: null

2021-10-21 14:21:59 - [TEST_STEP][PASSED] - a = 0: null

2021-10-21 14:21:59 - [TEST_STEP][PASSED] - elements = findWebElements(findTestObject("Object Repository/Olusturma/Genel/Olusturma/TabloBasliklari"), 10): Found 17 web elements with id: 'Object Repository/Olusturma/Genel/Olusturma/TabloBasliklari' located by 'By.cssSelector: div#divmalhizmet .dxgvTable_LECustomTheme td.dxgvHeader_LECustomTheme tr>td:nth-child(1)' in '10' second(s)

2021-10-21 14:21:59 - [MESSAGE][INFO] - Finding Test Object 'Object Repository/Olusturma/Genel/Olusturma/TabloBasliklari'

2021-10-21 14:21:59 - [MESSAGE][INFO] - Checking timeout

2021-10-21 14:21:59 - [MESSAGE][INFO] - Finding web element with id: 'Object Repository/Olusturma/Genel/Olusturma/TabloBasliklari' located by 'By.cssSelector: div#divmalhizmet .dxgvTable_LECustomTheme td.dxgvHeader_LECustomTheme tr>td:nth-child(1)' in '10' second(s)

2021-10-21 14:21:59 - [MESSAGE][INFO] - Smart Wait Function is triggered

2021-10-21 14:21:59 - [MESSAGE][INFO] - Found 17 web elements with id: 'Object Repository/Olusturma/Genel/Olusturma/TabloBasliklari' located by 'By.cssSelector: div#divmalhizmet .dxgvTable_LECustomTheme td.dxgvHeader_LECustomTheme tr>td:nth-child(1)' in '10' second(s)

2021-10-21 14:21:59 - [TEST_STEP][PASSED] - for (def element : elements): null

2021-10-21 14:21:59 - [TEST_STEP][PASSED] - build().perform(): null

2021-10-21 14:22:00 - [TEST_STEP][PASSED] - if (getText().equals(Baslik)): null

2021-10-21 14:22:00 - [TEST_STEP][PASSED] - build().perform(): null

2021-10-21 14:22:00 - [TEST_STEP][PASSED] - if (getText().equals(Baslik)): null

2021-10-21 14:22:00 - [TEST_STEP][PASSED] - build().perform(): null

2021-10-21 14:22:00 - [TEST_STEP][PASSED] - if (getText().equals(Baslik)): null

2021-10-21 14:22:00 - [TEST_STEP][PASSED] - build().perform(): null

2021-10-21 14:22:00 - [TEST_STEP][PASSED] - if (getText().equals(Baslik)): null

2021-10-21 14:22:00 - [TEST_STEP][PASSED] - baslikElement = element.findElement(By.xpath("../../../..")): Smart Wait Function is triggered

2021-10-21 14:22:00 - [MESSAGE][INFO] - Smart Wait Function is triggered

2021-10-21 14:22:01 - [TEST_STEP][PASSED] - attr = baslikElement.getAttribute("id"): null

2021-10-21 14:22:01 - [TEST_STEP][PASSED] - println("girdi ve idsini aldı = " + attr): null

2021-10-21 14:22:01 - [TEST_STEP][PASSED] - break: null

2021-10-21 14:22:01 - [TEST_STEP][PASSED] - countElement = baslikElement.findElements(By.xpath("../td")): Smart Wait Function is triggered

2021-10-21 14:22:01 - [MESSAGE][INFO] - Smart Wait Function is triggered

2021-10-21 14:22:01 - [TEST_STEP][PASSED] - for (def element : countElement): null

2021-10-21 14:22:01 - [TEST_STEP][PASSED] - if (toString().equals(attr.toString())): null

2021-10-21 14:22:01 - [TEST_STEP][PASSED] - (a++): null

2021-10-21 14:22:01 - [TEST_STEP][PASSED] - if (toString().equals(attr.toString())): null

2021-10-21 14:22:01 - [TEST_STEP][PASSED] - (a++): null

2021-10-21 14:22:01 - [TEST_STEP][PASSED] - if (toString().equals(attr.toString())): null

2021-10-21 14:22:01 - [TEST_STEP][PASSED] - (a++): null

2021-10-21 14:22:01 - [TEST_STEP][PASSED] - if (toString().equals(attr.toString())): null

2021-10-21 14:22:01 - [TEST_STEP][PASSED] - (a++): null

2021-10-21 14:22:01 - [TEST_STEP][PASSED] - if (toString().equals(attr.toString())): null

2021-10-21 14:22:01 - [TEST_STEP][PASSED] - break: null

2021-10-21 14:22:01 - [TEST_STEP][PASSED] - son = findWebElement(findTestObject("Object Repository/Olusturma/Genel/Olusturma/EklenenSatir")).findElement(By.xpath("td[@class='dxgvInlineEditCell_LECustomTheme dxgv'][" + a + "]//td[@class='dxic']/input")): Smart Wait Function is triggered

2021-10-21 14:22:01 - [MESSAGE][INFO] - Finding Test Object 'Object Repository/Olusturma/Genel/Olusturma/EklenenSatir'

2021-10-21 14:22:01 - [MESSAGE][INFO] - Finding web element from Test Object's properties

2021-10-21 14:22:01 - [MESSAGE][INFO] - Checking timeout

2021-10-21 14:22:01 - [MESSAGE][INFO] - Finding web element with id: 'Object Repository/Olusturma/Genel/Olusturma/EklenenSatir' located by 'By.cssSelector: #divmalhizmet .dxgvInlineEditRow_LECustomTheme' in '30' second(s)

2021-10-21 14:22:01 - [MESSAGE][INFO] - Smart Wait Function is triggered

2021-10-21 14:22:02 - [MESSAGE][INFO] - Found 1 web elements with id: 'Object Repository/Olusturma/Genel/Olusturma/EklenenSatir' located by 'By.cssSelector: #divmalhizmet .dxgvInlineEditRow_LECustomTheme' in '30' second(s)

2021-10-21 14:22:02 - [MESSAGE][INFO] - Smart Wait Function is triggered

2021-10-21 14:22:02 - [TEST_STEP][PASSED] - if (!(getAttribute("value").contains("Vkn"))): null

2021-10-21 14:22:02 - [TEST_STEP][PASSED] - son.clear(): null

2021-10-21 14:22:02 - [TEST_STEP][PASSED] - son.sendKeys(Deger): null

2021-10-21 14:22:02 - [MESSAGE][PASSED] - Call Test Case 'Test Cases/Olusturma/Genel/Olusturma' successfully

2021-10-21 14:22:02 - [MESSAGE][INFO] - Checking called Test Case

2021-10-21 14:22:02 - [MESSAGE][INFO] - Starting to call Test Case 'Test Cases/Olusturma/Genel/Olusturma'

2021-10-21 14:22:02 - [TEST_CASE][PASSED] - Test Cases/Olusturma/Genel/Olusturma: Test Cases/Olusturma/Genel/Olusturma

2021-10-21 14:22:02 - [TEST_STEP][PASSED] - driver = getWebDriver(): null

2021-10-21 14:22:02 - [TEST_STEP][PASSED] - action = new org.openqa.selenium.interactions.Actions(driver): null

2021-10-21 14:22:02 - [TEST_STEP][PASSED] - baslikElement = <not implemented yet for class: org.codehaus.groovy.ast.expr.EmptyExpression>: null

2021-10-21 14:22:02 - [TEST_STEP][PASSED] - sonElement = <not implemented yet for class: org.codehaus.groovy.ast.expr.EmptyExpression>: null

2021-10-21 14:22:02 - [TEST_STEP][PASSED] - attr = <not implemented yet for class: org.codehaus.groovy.ast.expr.EmptyExpression>: null

2021-10-21 14:22:02 - [TEST_STEP][PASSED] - a = 0: null

2021-10-21 14:22:02 - [TEST_STEP][PASSED] - elements = findWebElements(findTestObject("Object Repository/Olusturma/Genel/Olusturma/TabloBasliklari"), 10): Found 17 web elements with id: 'Object Repository/Olusturma/Genel/Olusturma/TabloBasliklari' located by 'By.cssSelector: div#divmalhizmet .dxgvTable_LECustomTheme td.dxgvHeader_LECustomTheme tr>td:nth-child(1)' in '10' second(s)

2021-10-21 14:22:02 - [MESSAGE][INFO] - Finding Test Object 'Object Repository/Olusturma/Genel/Olusturma/TabloBasliklari'

2021-10-21 14:22:02 - [MESSAGE][INFO] - Checking timeout

2021-10-21 14:22:02 - [MESSAGE][INFO] - Finding web element with id: 'Object Repository/Olusturma/Genel/Olusturma/TabloBasliklari' located by 'By.cssSelector: div#divmalhizmet .dxgvTable_LECustomTheme td.dxgvHeader_LECustomTheme tr>td:nth-child(1)' in '10' second(s)

2021-10-21 14:22:02 - [MESSAGE][INFO] - Smart Wait Function is triggered

2021-10-21 14:22:03 - [MESSAGE][INFO] - Found 17 web elements with id: 'Object Repository/Olusturma/Genel/Olusturma/TabloBasliklari' located by 'By.cssSelector: div#divmalhizmet .dxgvTable_LECustomTheme td.dxgvHeader_LECustomTheme tr>td:nth-child(1)' in '10' second(s)

2021-10-21 14:22:03 - [TEST_STEP][PASSED] - for (def element : elements): null

2021-10-21 14:22:03 - [TEST_STEP][PASSED] - build().perform(): null

2021-10-21 14:22:03 - [TEST_STEP][PASSED] - if (getText().equals(Baslik)): null

2021-10-21 14:22:03 - [TEST_STEP][PASSED] - build().perform(): null

2021-10-21 14:22:03 - [TEST_STEP][PASSED] - if (getText().equals(Baslik)): null

2021-10-21 14:22:03 - [TEST_STEP][PASSED] - build().perform(): null

2021-10-21 14:22:03 - [TEST_STEP][PASSED] - if (getText().equals(Baslik)): null

2021-10-21 14:22:03 - [TEST_STEP][PASSED] - build().perform(): null

2021-10-21 14:22:03 - [TEST_STEP][PASSED] - if (getText().equals(Baslik)): null

2021-10-21 14:22:03 - [TEST_STEP][PASSED] - build().perform(): null

2021-10-21 14:22:03 - [TEST_STEP][PASSED] - if (getText().equals(Baslik)): null

2021-10-21 14:22:03 - [TEST_STEP][PASSED] - build().perform(): null

2021-10-21 14:22:04 - [TEST_STEP][PASSED] - if (getText().equals(Baslik)): null

2021-10-21 14:22:04 - [TEST_STEP][PASSED] - baslikElement = element.findElement(By.xpath("../../../..")): Smart Wait Function is triggered

2021-10-21 14:22:04 - [MESSAGE][INFO] - Smart Wait Function is triggered

2021-10-21 14:22:04 - [TEST_STEP][PASSED] - attr = baslikElement.getAttribute("id"): null

2021-10-21 14:22:04 - [TEST_STEP][PASSED] - println("girdi ve idsini aldı = " + attr): null

2021-10-21 14:22:04 - [TEST_STEP][PASSED] - break: null

2021-10-21 14:22:04 - [TEST_STEP][PASSED] - countElement = baslikElement.findElements(By.xpath("../td")): Smart Wait Function is triggered

2021-10-21 14:22:04 - [MESSAGE][INFO] - Smart Wait Function is triggered

2021-10-21 14:22:04 - [TEST_STEP][PASSED] - for (def element : countElement): null

2021-10-21 14:22:04 - [TEST_STEP][PASSED] - if (toString().equals(attr.toString())): null

2021-10-21 14:22:04 - [TEST_STEP][PASSED] - (a++): null

2021-10-21 14:22:04 - [TEST_STEP][PASSED] - if (toString().equals(attr.toString())): null

2021-10-21 14:22:04 - [TEST_STEP][PASSED] - (a++): null

2021-10-21 14:22:04 - [TEST_STEP][PASSED] - if (toString().equals(attr.toString())): null

2021-10-21 14:22:04 - [TEST_STEP][PASSED] - (a++): null

2021-10-21 14:22:04 - [TEST_STEP][PASSED] - if (toString().equals(attr.toString())): null

2021-10-21 14:22:04 - [TEST_STEP][PASSED] - (a++): null

2021-10-21 14:22:04 - [TEST_STEP][PASSED] - if (toString().equals(attr.toString())): null

2021-10-21 14:22:04 - [TEST_STEP][PASSED] - (a++): null

2021-10-21 14:22:04 - [TEST_STEP][PASSED] - if (toString().equals(attr.toString())): null

2021-10-21 14:22:04 - [TEST_STEP][PASSED] - (a++): null

2021-10-21 14:22:04 - [TEST_STEP][PASSED] - if (toString().equals(attr.toString())): null

2021-10-21 14:22:04 - [TEST_STEP][PASSED] - break: null

2021-10-21 14:22:04 - [TEST_STEP][PASSED] - son = findWebElement(findTestObject("Object Repository/Olusturma/Genel/Olusturma/EklenenSatir")).findElement(By.xpath("td[@class='dxgvInlineEditCell_LECustomTheme dxgv'][" + a + "]//td[@class='dxic']/input")): Smart Wait Function is triggered

2021-10-21 14:22:04 - [MESSAGE][INFO] - Finding Test Object 'Object Repository/Olusturma/Genel/Olusturma/EklenenSatir'

2021-10-21 14:22:05 - [MESSAGE][INFO] - Finding web element from Test Object's properties

2021-10-21 14:22:05 - [MESSAGE][INFO] - Checking timeout

2021-10-21 14:22:05 - [MESSAGE][INFO] - Finding web element with id: 'Object Repository/Olusturma/Genel/Olusturma/EklenenSatir' located by 'By.cssSelector: #divmalhizmet .dxgvInlineEditRow_LECustomTheme' in '30' second(s)

2021-10-21 14:22:05 - [MESSAGE][INFO] - Smart Wait Function is triggered

2021-10-21 14:22:05 - [MESSAGE][INFO] - Found 1 web elements with id: 'Object Repository/Olusturma/Genel/Olusturma/EklenenSatir' located by 'By.cssSelector: #divmalhizmet .dxgvInlineEditRow_LECustomTheme' in '30' second(s)

2021-10-21 14:22:05 - [MESSAGE][INFO] - Smart Wait Function is triggered

2021-10-21 14:22:05 - [TEST_STEP][PASSED] - if (!(getAttribute("value").contains("Vkn"))): null

2021-10-21 14:22:05 - [TEST_STEP][PASSED] - son.clear(): null

2021-10-21 14:22:05 - [TEST_STEP][PASSED] - son.sendKeys(Deger): null

2021-10-21 14:22:06 - [MESSAGE][PASSED] - Call Test Case 'Test Cases/Olusturma/Genel/Olusturma' successfully

2021-10-21 14:22:06 - [MESSAGE][INFO] - Checking called Test Case

2021-10-21 14:22:06 - [MESSAGE][INFO] - Starting to call Test Case 'Test Cases/Olusturma/Genel/Olusturma'

2021-10-21 14:22:06 - [TEST_CASE][PASSED] - Test Cases/Olusturma/Genel/Olusturma: Test Cases/Olusturma/Genel/Olusturma

2021-10-21 14:22:06 - [TEST_STEP][PASSED] - driver = getWebDriver(): null

2021-10-21 14:22:06 - [TEST_STEP][PASSED] - action = new org.openqa.selenium.interactions.Actions(driver): null

2021-10-21 14:22:06 - [TEST_STEP][PASSED] - baslikElement = <not implemented yet for class: org.codehaus.groovy.ast.expr.EmptyExpression>: null

2021-10-21 14:22:06 - [TEST_STEP][PASSED] - sonElement = <not implemented yet for class: org.codehaus.groovy.ast.expr.EmptyExpression>: null

2021-10-21 14:22:06 - [TEST_STEP][PASSED] - attr = <not implemented yet for class: org.codehaus.groovy.ast.expr.EmptyExpression>: null

2021-10-21 14:22:06 - [TEST_STEP][PASSED] - a = 0: null

2021-10-21 14:22:06 - [TEST_STEP][PASSED] - elements = findWebElements(findTestObject("Object Repository/Olusturma/Genel/Olusturma/TabloBasliklari"), 10): Found 17 web elements with id: 'Object Repository/Olusturma/Genel/Olusturma/TabloBasliklari' located by 'By.cssSelector: div#divmalhizmet .dxgvTable_LECustomTheme td.dxgvHeader_LECustomTheme tr>td:nth-child(1)' in '10' second(s)

2021-10-21 14:22:06 - [MESSAGE][INFO] - Finding Test Object 'Object Repository/Olusturma/Genel/Olusturma/TabloBasliklari'

2021-10-21 14:22:06 - [MESSAGE][INFO] - Checking timeout

2021-10-21 14:22:06 - [MESSAGE][INFO] - Finding web element with id: 'Object Repository/Olusturma/Genel/Olusturma/TabloBasliklari' located by 'By.cssSelector: div#divmalhizmet .dxgvTable_LECustomTheme td.dxgvHeader_LECustomTheme tr>td:nth-child(1)' in '10' second(s)

2021-10-21 14:22:06 - [MESSAGE][INFO] - Smart Wait Function is triggered

2021-10-21 14:22:06 - [MESSAGE][INFO] - Found 17 web elements with id: 'Object Repository/Olusturma/Genel/Olusturma/TabloBasliklari' located by 'By.cssSelector: div#divmalhizmet .dxgvTable_LECustomTheme td.dxgvHeader_LECustomTheme tr>td:nth-child(1)' in '10' second(s)

2021-10-21 14:22:06 - [TEST_STEP][PASSED] - for (def element : elements): null

2021-10-21 14:22:06 - [TEST_STEP][PASSED] - build().perform(): null

2021-10-21 14:22:06 - [TEST_STEP][PASSED] - if (getText().equals(Baslik)): null

2021-10-21 14:22:06 - [TEST_STEP][PASSED] - build().perform(): null

2021-10-21 14:22:07 - [TEST_STEP][PASSED] - if (getText().equals(Baslik)): null

2021-10-21 14:22:07 - [TEST_STEP][PASSED] - build().perform(): null

2021-10-21 14:22:07 - [TEST_STEP][PASSED] - if (getText().equals(Baslik)): null

2021-10-21 14:22:07 - [TEST_STEP][PASSED] - build().perform(): null

2021-10-21 14:22:07 - [TEST_STEP][PASSED] - if (getText().equals(Baslik)): null

2021-10-21 14:22:07 - [TEST_STEP][PASSED] - build().perform(): null

2021-10-21 14:22:07 - [TEST_STEP][PASSED] - if (getText().equals(Baslik)): null

2021-10-21 14:22:07 - [TEST_STEP][PASSED] - build().perform(): null

2021-10-21 14:22:07 - [TEST_STEP][PASSED] - if (getText().equals(Baslik)): null

2021-10-21 14:22:07 - [TEST_STEP][PASSED] - build().perform(): null

2021-10-21 14:22:07 - [TEST_STEP][PASSED] - if (getText().equals(Baslik)): null

2021-10-21 14:22:07 - [TEST_STEP][PASSED] - baslikElement = element.findElement(By.xpath("../../../..")): Smart Wait Function is triggered

2021-10-21 14:22:07 - [MESSAGE][INFO] - Smart Wait Function is triggered

2021-10-21 14:22:08 - [TEST_STEP][PASSED] - attr = baslikElement.getAttribute("id"): null

2021-10-21 14:22:08 - [TEST_STEP][PASSED] - println("girdi ve idsini aldı = " + attr): null

2021-10-21 14:22:08 - [TEST_STEP][PASSED] - break: null

2021-10-21 14:22:08 - [TEST_STEP][PASSED] - countElement = baslikElement.findElements(By.xpath("../td")): Smart Wait Function is triggered

2021-10-21 14:22:08 - [MESSAGE][INFO] - Smart Wait Function is triggered

2021-10-21 14:22:08 - [TEST_STEP][PASSED] - for (def element : countElement): null

2021-10-21 14:22:08 - [TEST_STEP][PASSED] - if (toString().equals(attr.toString())): null

2021-10-21 14:22:08 - [TEST_STEP][PASSED] - (a++): null

2021-10-21 14:22:08 - [TEST_STEP][PASSED] - if (toString().equals(attr.toString())): null

2021-10-21 14:22:08 - [TEST_STEP][PASSED] - (a++): null

2021-10-21 14:22:08 - [TEST_STEP][PASSED] - if (toString().equals(attr.toString())): null

2021-10-21 14:22:08 - [TEST_STEP][PASSED] - (a++): null

2021-10-21 14:22:08 - [TEST_STEP][PASSED] - if (toString().equals(attr.toString())): null

2021-10-21 14:22:08 - [TEST_STEP][PASSED] - (a++): null

2021-10-21 14:22:08 - [TEST_STEP][PASSED] - if (toString().equals(attr.toString())): null

2021-10-21 14:22:08 - [TEST_STEP][PASSED] - (a++): null

2021-10-21 14:22:08 - [TEST_STEP][PASSED] - if (toString().equals(attr.toString())): null

2021-10-21 14:22:08 - [TEST_STEP][PASSED] - (a++): null

2021-10-21 14:22:08 - [TEST_STEP][PASSED] - if (toString().equals(attr.toString())): null

2021-10-21 14:22:08 - [TEST_STEP][PASSED] - (a++): null

2021-10-21 14:22:08 - [TEST_STEP][PASSED] - if (toString().equals(attr.toString())): null

2021-10-21 14:22:08 - [TEST_STEP][PASSED] - break: null

2021-10-21 14:22:08 - [TEST_STEP][PASSED] - son = findWebElement(findTestObject("Object Repository/Olusturma/Genel/Olusturma/EklenenSatir")).findElement(By.xpath("td[@class='dxgvInlineEditCell_LECustomTheme dxgv'][" + a + "]//td[@class='dxic']/input")): Smart Wait Function is triggered

2021-10-21 14:22:08 - [MESSAGE][INFO] - Finding Test Object 'Object Repository/Olusturma/Genel/Olusturma/EklenenSatir'

2021-10-21 14:22:08 - [MESSAGE][INFO] - Finding web element from Test Object's properties

2021-10-21 14:22:08 - [MESSAGE][INFO] - Checking timeout

2021-10-21 14:22:08 - [MESSAGE][INFO] - Finding web element with id: 'Object Repository/Olusturma/Genel/Olusturma/EklenenSatir' located by 'By.cssSelector: #divmalhizmet .dxgvInlineEditRow_LECustomTheme' in '30' second(s)

2021-10-21 14:22:08 - [MESSAGE][INFO] - Smart Wait Function is triggered

2021-10-21 14:22:08 - [MESSAGE][INFO] - Found 1 web elements with id: 'Object Repository/Olusturma/Genel/Olusturma/EklenenSatir' located by 'By.cssSelector: #divmalhizmet .dxgvInlineEditRow_LECustomTheme' in '30' second(s)

2021-10-21 14:22:08 - [MESSAGE][INFO] - Smart Wait Function is triggered

2021-10-21 14:22:09 - [TEST_STEP][PASSED] - if (!(getAttribute("value").contains("Vkn"))): null

2021-10-21 14:22:09 - [TEST_STEP][PASSED] - son.clear(): null

2021-10-21 14:22:09 - [TEST_STEP][PASSED] - son.sendKeys(Deger): null

2021-10-21 14:22:09 - [MESSAGE][PASSED] - Call Test Case 'Test Cases/Olusturma/Genel/Olusturma' successfully

2021-10-21 14:22:09 - [MESSAGE][INFO] - Checking called Test Case

2021-10-21 14:22:09 - [MESSAGE][INFO] - Starting to call Test Case 'Test Cases/Olusturma/Genel/Olusturma'

2021-10-21 14:22:09 - [TEST_CASE][PASSED] - Test Cases/Olusturma/Genel/Olusturma: Test Cases/Olusturma/Genel/Olusturma

2021-10-21 14:22:09 - [TEST_STEP][PASSED] - driver = getWebDriver(): null

2021-10-21 14:22:09 - [TEST_STEP][PASSED] - action = new org.openqa.selenium.interactions.Actions(driver): null

2021-10-21 14:22:09 - [TEST_STEP][PASSED] - baslikElement = <not implemented yet for class: org.codehaus.groovy.ast.expr.EmptyExpression>: null

2021-10-21 14:22:09 - [TEST_STEP][PASSED] - sonElement = <not implemented yet for class: org.codehaus.groovy.ast.expr.EmptyExpression>: null

2021-10-21 14:22:09 - [TEST_STEP][PASSED] - attr = <not implemented yet for class: org.codehaus.groovy.ast.expr.EmptyExpression>: null

2021-10-21 14:22:09 - [TEST_STEP][PASSED] - a = 0: null

2021-10-21 14:22:09 - [TEST_STEP][PASSED] - elements = findWebElements(findTestObject("Object Repository/Olusturma/Genel/Olusturma/TabloBasliklari"), 10): Found 17 web elements with id: 'Object Repository/Olusturma/Genel/Olusturma/TabloBasliklari' located by 'By.cssSelector: div#divmalhizmet .dxgvTable_LECustomTheme td.dxgvHeader_LECustomTheme tr>td:nth-child(1)' in '10' second(s)

2021-10-21 14:22:09 - [MESSAGE][INFO] - Finding Test Object 'Object Repository/Olusturma/Genel/Olusturma/TabloBasliklari'

2021-10-21 14:22:09 - [MESSAGE][INFO] - Checking timeout

2021-10-21 14:22:09 - [MESSAGE][INFO] - Finding web element with id: 'Object Repository/Olusturma/Genel/Olusturma/TabloBasliklari' located by 'By.cssSelector: div#divmalhizmet .dxgvTable_LECustomTheme td.dxgvHeader_LECustomTheme tr>td:nth-child(1)' in '10' second(s)

2021-10-21 14:22:09 - [MESSAGE][INFO] - Smart Wait Function is triggered

2021-10-21 14:22:10 - [MESSAGE][INFO] - Found 17 web elements with id: 'Object Repository/Olusturma/Genel/Olusturma/TabloBasliklari' located by 'By.cssSelector: div#divmalhizmet .dxgvTable_LECustomTheme td.dxgvHeader_LECustomTheme tr>td:nth-child(1)' in '10' second(s)

2021-10-21 14:22:10 - [TEST_STEP][PASSED] - for (def element : elements): null

2021-10-21 14:22:10 - [TEST_STEP][PASSED] - build().perform(): null

2021-10-21 14:22:10 - [TEST_STEP][PASSED] - if (getText().equals(Baslik)): null

2021-10-21 14:22:10 - [TEST_STEP][PASSED] - build().perform(): null

2021-10-21 14:22:10 - [TEST_STEP][PASSED] - if (getText().equals(Baslik)): null

2021-10-21 14:22:10 - [TEST_STEP][PASSED] - build().perform(): null

2021-10-21 14:22:10 - [TEST_STEP][PASSED] - if (getText().equals(Baslik)): null

2021-10-21 14:22:10 - [TEST_STEP][PASSED] - build().perform(): null

2021-10-21 14:22:10 - [TEST_STEP][PASSED] - if (getText().equals(Baslik)): null

2021-10-21 14:22:10 - [TEST_STEP][PASSED] - build().perform(): null

2021-10-21 14:22:10 - [TEST_STEP][PASSED] - if (getText().equals(Baslik)): null

2021-10-21 14:22:10 - [TEST_STEP][PASSED] - build().perform(): null

2021-10-21 14:22:10 - [TEST_STEP][PASSED] - if (getText().equals(Baslik)): null

2021-10-21 14:22:10 - [TEST_STEP][PASSED] - build().perform(): null

2021-10-21 14:22:11 - [TEST_STEP][PASSED] - if (getText().equals(Baslik)): null

2021-10-21 14:22:11 - [TEST_STEP][PASSED] - build().perform(): null

2021-10-21 14:22:11 - [TEST_STEP][PASSED] - if (getText().equals(Baslik)): null

2021-10-21 14:22:11 - [TEST_STEP][PASSED] - build().perform(): null

2021-10-21 14:22:11 - [TEST_STEP][PASSED] - if (getText().equals(Baslik)): null

2021-10-21 14:22:11 - [TEST_STEP][PASSED] - build().perform(): null

2021-10-21 14:22:11 - [TEST_STEP][PASSED] - if (getText().equals(Baslik)): null

2021-10-21 14:22:11 - [TEST_STEP][PASSED] - build().perform(): null

2021-10-21 14:22:11 - [TEST_STEP][PASSED] - if (getText().equals(Baslik)): null

2021-10-21 14:22:11 - [TEST_STEP][PASSED] - build().perform(): null

2021-10-21 14:22:12 - [TEST_STEP][PASSED] - if (getText().equals(Baslik)): null

2021-10-21 14:22:12 - [TEST_STEP][PASSED] - build().perform(): null

2021-10-21 14:22:12 - [TEST_STEP][PASSED] - if (getText().equals(Baslik)): null

2021-10-21 14:22:12 - [TEST_STEP][PASSED] - build().perform(): null

2021-10-21 14:22:12 - [TEST_STEP][PASSED] - if (getText().equals(Baslik)): null

2021-10-21 14:22:12 - [TEST_STEP][PASSED] - build().perform(): null

2021-10-21 14:22:12 - [TEST_STEP][PASSED] - if (getText().equals(Baslik)): null

2021-10-21 14:22:12 - [TEST_STEP][PASSED] - build().perform(): null

2021-10-21 14:22:12 - [TEST_STEP][PASSED] - if (getText().equals(Baslik)): null

2021-10-21 14:22:12 - [TEST_STEP][PASSED] - baslikElement = element.findElement(By.xpath("../../../..")): Smart Wait Function is triggered

2021-10-21 14:22:12 - [MESSAGE][INFO] - Smart Wait Function is triggered

2021-10-21 14:22:13 - [TEST_STEP][PASSED] - attr = baslikElement.getAttribute("id"): null

2021-10-21 14:22:13 - [TEST_STEP][PASSED] - println("girdi ve idsini aldı = " + attr): null

2021-10-21 14:22:13 - [TEST_STEP][PASSED] - break: null

2021-10-21 14:22:13 - [TEST_STEP][PASSED] - countElement = baslikElement.findElements(By.xpath("../td")): Smart Wait Function is triggered

2021-10-21 14:22:13 - [MESSAGE][INFO] - Smart Wait Function is triggered

2021-10-21 14:22:13 - [TEST_STEP][PASSED] - for (def element : countElement): null

2021-10-21 14:22:13 - [TEST_STEP][PASSED] - if (toString().equals(attr.toString())): null

2021-10-21 14:22:13 - [TEST_STEP][PASSED] - (a++): null

2021-10-21 14:22:13 - [TEST_STEP][PASSED] - if (toString().equals(attr.toString())): null

2021-10-21 14:22:13 - [TEST_STEP][PASSED] - (a++): null

2021-10-21 14:22:13 - [TEST_STEP][PASSED] - if (toString().equals(attr.toString())): null

2021-10-21 14:22:13 - [TEST_STEP][PASSED] - (a++): null

2021-10-21 14:22:13 - [TEST_STEP][PASSED] - if (toString().equals(attr.toString())): null

2021-10-21 14:22:13 - [TEST_STEP][PASSED] - (a++): null

2021-10-21 14:22:13 - [TEST_STEP][PASSED] - if (toString().equals(attr.toString())): null

2021-10-21 14:22:13 - [TEST_STEP][PASSED] - (a++): null

2021-10-21 14:22:13 - [TEST_STEP][PASSED] - if (toString().equals(attr.toString())): null

2021-10-21 14:22:13 - [TEST_STEP][PASSED] - (a++): null

2021-10-21 14:22:13 - [TEST_STEP][PASSED] - if (toString().equals(attr.toString())): null

2021-10-21 14:22:13 - [TEST_STEP][PASSED] - (a++): null

2021-10-21 14:22:13 - [TEST_STEP][PASSED] - if (toString().equals(attr.toString())): null

2021-10-21 14:22:13 - [TEST_STEP][PASSED] - (a++): null

2021-10-21 14:22:13 - [TEST_STEP][PASSED] - if (toString().equals(attr.toString())): null

2021-10-21 14:22:13 - [TEST_STEP][PASSED] - (a++): null

2021-10-21 14:22:13 - [TEST_STEP][PASSED] - if (toString().equals(attr.toString())): null

2021-10-21 14:22:13 - [TEST_STEP][PASSED] - (a++): null

2021-10-21 14:22:13 - [TEST_STEP][PASSED] - if (toString().equals(attr.toString())): null

2021-10-21 14:22:13 - [TEST_STEP][PASSED] - (a++): null

2021-10-21 14:22:13 - [TEST_STEP][PASSED] - if (toString().equals(attr.toString())): null

2021-10-21 14:22:13 - [TEST_STEP][PASSED] - (a++): null

2021-10-21 14:22:13 - [TEST_STEP][PASSED] - if (toString().equals(attr.toString())): null

2021-10-21 14:22:13 - [TEST_STEP][PASSED] - (a++): null

2021-10-21 14:22:13 - [TEST_STEP][PASSED] - if (toString().equals(attr.toString())): null

2021-10-21 14:22:13 - [TEST_STEP][PASSED] - (a++): null

2021-10-21 14:22:13 - [TEST_STEP][PASSED] - if (toString().equals(attr.toString())): null

2021-10-21 14:22:13 - [TEST_STEP][PASSED] - (a++): null

2021-10-21 14:22:13 - [TEST_STEP][PASSED] - if (toString().equals(attr.toString())): null

2021-10-21 14:22:13 - [TEST_STEP][PASSED] - (a++): null

2021-10-21 14:22:13 - [TEST_STEP][PASSED] - if (toString().equals(attr.toString())): null

2021-10-21 14:22:13 - [TEST_STEP][PASSED] - break: null

2021-10-21 14:22:13 - [TEST_STEP][PASSED] - son = findWebElement(findTestObject("Object Repository/Olusturma/Genel/Olusturma/EklenenSatir")).findElement(By.xpath("td[@class='dxgvInlineEditCell_LECustomTheme dxgv'][" + a + "]//td[@class='dxic']/input")): Smart Wait Function is triggered

2021-10-21 14:22:13 - [MESSAGE][INFO] - Finding Test Object 'Object Repository/Olusturma/Genel/Olusturma/EklenenSatir'

2021-10-21 14:22:13 - [MESSAGE][INFO] - Finding web element from Test Object's properties

2021-10-21 14:22:13 - [MESSAGE][INFO] - Checking timeout

2021-10-21 14:22:13 - [MESSAGE][INFO] - Finding web element with id: 'Object Repository/Olusturma/Genel/Olusturma/EklenenSatir' located by 'By.cssSelector: #divmalhizmet .dxgvInlineEditRow_LECustomTheme' in '30' second(s)

2021-10-21 14:22:13 - [MESSAGE][INFO] - Smart Wait Function is triggered

2021-10-21 14:22:13 - [MESSAGE][INFO] - Found 1 web elements with id: 'Object Repository/Olusturma/Genel/Olusturma/EklenenSatir' located by 'By.cssSelector: #divmalhizmet .dxgvInlineEditRow_LECustomTheme' in '30' second(s)

2021-10-21 14:22:13 - [MESSAGE][INFO] - Smart Wait Function is triggered

2021-10-21 14:22:14 - [TEST_STEP][PASSED] - if (!(getAttribute("value").contains("Vkn"))): null

2021-10-21 14:22:14 - [TEST_STEP][PASSED] - son.clear(): null

2021-10-21 14:22:14 - [TEST_STEP][PASSED] - son.sendKeys(Deger): null

2021-10-21 14:22:14 - [MESSAGE][PASSED] - Call Test Case 'Test Cases/Olusturma/Genel/Olusturma' successfully

2021-10-21 14:22:14 - [MESSAGE][INFO] - Checking called Test Case

2021-10-21 14:22:14 - [MESSAGE][INFO] - Starting to call Test Case 'Test Cases/Olusturma/Genel/NotGirilir'

2021-10-21 14:22:14 - [TEST_CASE][PASSED] - Test Cases/Olusturma/Genel/NotGirilir: Test Cases/Olusturma/Genel/NotGirilir

2021-10-21 14:22:14 - [TEST_STEP][PASSED] - i = 0: null

2021-10-21 14:22:14 - [TEST_STEP][PASSED] - waitForElementClickable(findTestObject("Olusturma/Genel/Not/Notlar"), 10): Object 'Object Repository/Olusturma/Genel/Not/Notlar' is clickable

2021-10-21 14:22:14 - [MESSAGE][INFO] - Finding Test Object 'Object Repository/Olusturma/Genel/Not/Notlar'

2021-10-21 14:22:14 - [MESSAGE][INFO] - Checking object

2021-10-21 14:22:14 - [MESSAGE][INFO] - Checking timeout

2021-10-21 14:22:14 - [MESSAGE][INFO] - Finding web element from Test Object's properties

2021-10-21 14:22:14 - [MESSAGE][INFO] - Checking timeout

2021-10-21 14:22:14 - [MESSAGE][INFO] - Finding web element with id: 'Object Repository/Olusturma/Genel/Not/Notlar' located by 'By.xpath: //*[@id = 'txtNote_I']' in '10' second(s)

2021-10-21 14:22:14 - [MESSAGE][INFO] - Smart Wait Function is triggered

2021-10-21 14:22:15 - [MESSAGE][INFO] - Found 1 web elements with id: 'Object Repository/Olusturma/Genel/Not/Notlar' located by 'By.xpath: //*[@id = 'txtNote_I']' in '10' second(s)

2021-10-21 14:22:15 - [MESSAGE][PASSED] - Object 'Object Repository/Olusturma/Genel/Not/Notlar' is clickable

2021-10-21 14:22:15 - [TEST_STEP][PASSED] - clearText(findTestObject("Olusturma/Genel/Not/Notlar")): Text of object 'Object Repository/Olusturma/Genel/Not/Notlar' is cleared

2021-10-21 14:22:15 - [MESSAGE][INFO] - Finding Test Object 'Object Repository/Olusturma/Genel/Not/Notlar'

2021-10-21 14:22:15 - [MESSAGE][INFO] - Checking object

2021-10-21 14:22:15 - [MESSAGE][INFO] - Finding web element from Test Object's properties

2021-10-21 14:22:15 - [MESSAGE][INFO] - Checking timeout

2021-10-21 14:22:15 - [MESSAGE][INFO] - Finding web element with id: 'Object Repository/Olusturma/Genel/Not/Notlar' located by 'By.xpath: //*[@id = 'txtNote_I']' in '30' second(s)

2021-10-21 14:22:15 - [MESSAGE][INFO] - Smart Wait Function is triggered

2021-10-21 14:22:15 - [MESSAGE][INFO] - Found 1 web elements with id: 'Object Repository/Olusturma/Genel/Not/Notlar' located by 'By.xpath: //*[@id = 'txtNote_I']' in '30' second(s)

2021-10-21 14:22:15 - [MESSAGE][INFO] - Clearing text of object 'Object Repository/Olusturma/Genel/Not/Notlar'

2021-10-21 14:22:15 - [MESSAGE][PASSED] - Text of object 'Object Repository/Olusturma/Genel/Not/Notlar' is cleared

2021-10-21 14:22:15 - [TEST_STEP][PASSED] - click(findTestObject("Olusturma/Genel/Not/Notlar")): Object: 'Object Repository/Olusturma/Genel/Not/Notlar' is clicked on

2021-10-21 14:22:15 - [MESSAGE][INFO] - Finding Test Object 'Object Repository/Olusturma/Genel/Not/Notlar'

2021-10-21 14:22:15 - [MESSAGE][INFO] - Checking object

2021-10-21 14:22:15 - [MESSAGE][INFO] - Finding web element from Test Object's properties

2021-10-21 14:22:15 - [MESSAGE][INFO] - Checking timeout

2021-10-21 14:22:15 - [MESSAGE][INFO] - Finding web element with id: 'Object Repository/Olusturma/Genel/Not/Notlar' located by 'By.xpath: //*[@id = 'txtNote_I']' in '30' second(s)

2021-10-21 14:22:15 - [MESSAGE][INFO] - Smart Wait Function is triggered

2021-10-21 14:22:16 - [MESSAGE][INFO] - Found 1 web elements with id: 'Object Repository/Olusturma/Genel/Not/Notlar' located by 'By.xpath: //*[@id = 'txtNote_I']' in '30' second(s)

2021-10-21 14:22:16 - [MESSAGE][INFO] - Clicking on object: 'Object Repository/Olusturma/Genel/Not/Notlar'

2021-10-21 14:22:16 - [MESSAGE][PASSED] - Object: 'Object Repository/Olusturma/Genel/Not/Notlar' is clicked on

2021-10-21 14:22:16 - [TEST_STEP][PASSED] - while (true): null

2021-10-21 14:22:16 - [TEST_STEP][PASSED] - delay(1): Delayed 1 second(s)

2021-10-21 14:22:16 - [MESSAGE][INFO] - Delaying browser in 1 second(s)

2021-10-21 14:22:17 - [MESSAGE][PASSED] - Delayed 1 second(s)

2021-10-21 14:22:17 - [TEST_STEP][PASSED] - ajaxIsComplete = executeJavaScript("return jQuery.active == 0", null): Execute JavaScript 'return jQuery.active == 0' successfully

2021-10-21 14:22:17 - [MESSAGE][PASSED] - Execute JavaScript 'return jQuery.active == 0' successfully

2021-10-21 14:22:17 - [TEST_STEP][PASSED] - if (ajaxIsComplete): null

2021-10-21 14:22:17 - [TEST_STEP][PASSED] - if (i > 10): null

2021-10-21 14:22:17 - [TEST_STEP][PASSED] - (i++): null

2021-10-21 14:22:17 - [TEST_STEP][PASSED] - delay(1): Delayed 1 second(s)

2021-10-21 14:22:17 - [MESSAGE][INFO] - Delaying browser in 1 second(s)

2021-10-21 14:22:18 - [MESSAGE][PASSED] - Delayed 1 second(s)

2021-10-21 14:22:18 - [TEST_STEP][PASSED] - ajaxIsComplete = executeJavaScript("return jQuery.active == 0", null): Execute JavaScript 'return jQuery.active == 0' successfully

2021-10-21 14:22:18 - [MESSAGE][PASSED] - Execute JavaScript 'return jQuery.active == 0' successfully

2021-10-21 14:22:18 - [TEST_STEP][PASSED] - if (ajaxIsComplete): null

2021-10-21 14:22:18 - [TEST_STEP][PASSED] - break: null

2021-10-21 14:22:18 - [TEST_STEP][PASSED] - sendKeys(findTestObject("Olusturma/Genel/Not/Notlar"), Not): Keys 'Otomasyon Not' sent to object: 'Object Repository/Olusturma/Genel/Not/Notlar'

2021-10-21 14:22:18 - [MESSAGE][INFO] - Finding Test Object 'Object Repository/Olusturma/Genel/Not/Notlar'

2021-10-21 14:22:18 - [MESSAGE][INFO] - Sending keys 'Otomasyon Not' to object: 'Object Repository/Olusturma/Genel/Not/Notlar'

2021-10-21 14:22:18 - [MESSAGE][INFO] - Finding web element from Test Object's properties

2021-10-21 14:22:18 - [MESSAGE][INFO] - Checking timeout

2021-10-21 14:22:18 - [MESSAGE][INFO] - Finding web element with id: 'Object Repository/Olusturma/Genel/Not/Notlar' located by 'By.xpath: //*[@id = 'txtNote_I']' in '30' second(s)

2021-10-21 14:22:18 - [MESSAGE][INFO] - Smart Wait Function is triggered

2021-10-21 14:22:18 - [MESSAGE][INFO] - Found 1 web elements with id: 'Object Repository/Olusturma/Genel/Not/Notlar' located by 'By.xpath: //*[@id = 'txtNote_I']' in '30' second(s)

2021-10-21 14:22:18 - [MESSAGE][PASSED] - Keys 'Otomasyon Not' sent to object: 'Object Repository/Olusturma/Genel/Not/Notlar'

2021-10-21 14:22:18 - [MESSAGE][PASSED] - Call Test Case 'Test Cases/Olusturma/Genel/NotGirilir' successfully

2021-10-21 14:22:18 - [MESSAGE][INFO] - Checking called Test Case

2021-10-21 14:22:18 - [MESSAGE][INFO] - Starting to call Test Case 'Test Cases/Olusturma/Genel/EttnBilgisiKayitEdilir'

2021-10-21 14:22:18 - [TEST_CASE][PASSED] - Test Cases/Olusturma/Genel/EttnBilgisiKayitEdilir: Test Cases/Olusturma/Genel/EttnBilgisiKayitEdilir

2021-10-21 14:22:18 - [TEST_STEP][PASSED] - verifyElementPresent(findTestObject("Object Repository/Olusturma/Genel/Olusturma/eArsivEttnBilgisi"), 7): Object 'Object Repository/Olusturma/Genel/Olusturma/eArsivEttnBilgisi' is present

2021-10-21 14:22:18 - [MESSAGE][INFO] - Finding Test Object 'Object Repository/Olusturma/Genel/Olusturma/eArsivEttnBilgisi'

2021-10-21 14:22:19 - [MESSAGE][INFO] - Checking object

2021-10-21 14:22:19 - [MESSAGE][INFO] - Finding web element from Test Object's properties

2021-10-21 14:22:19 - [MESSAGE][INFO] - Checking timeout

2021-10-21 14:22:19 - [MESSAGE][INFO] - Finding web element with id: 'Object Repository/Olusturma/Genel/Olusturma/eArsivEttnBilgisi' located by 'By.xpath: //*[@id = 'Uuid_I']' in '7' second(s)

2021-10-21 14:22:19 - [MESSAGE][INFO] - Smart Wait Function is triggered

2021-10-21 14:22:19 - [MESSAGE][INFO] - Found 1 web elements with id: 'Object Repository/Olusturma/Genel/Olusturma/eArsivEttnBilgisi' located by 'By.xpath: //*[@id = 'Uuid_I']' in '7' second(s)

2021-10-21 14:22:19 - [MESSAGE][PASSED] - Object 'Object Repository/Olusturma/Genel/Olusturma/eArsivEttnBilgisi' is present

2021-10-21 14:22:19 - [TEST_STEP][PASSED] - ettn = getAttribute(findTestObject("Object Repository/Olusturma/Genel/Olusturma/eArsivEttnBilgisi"), "value"): Attribute 'value' of object 'Object Repository/Olusturma/Genel/Olusturma/eArsivEttnBilgisi' is: 'a0677418-d7c4-43f8-9618-aed8efb21068'

2021-10-21 14:22:19 - [MESSAGE][INFO] - Finding Test Object 'Object Repository/Olusturma/Genel/Olusturma/eArsivEttnBilgisi'

2021-10-21 14:22:19 - [MESSAGE][INFO] - Checking object

2021-10-21 14:22:19 - [MESSAGE][INFO] - Checking attribute

2021-10-21 14:22:19 - [MESSAGE][INFO] - Finding web element from Test Object's properties

2021-10-21 14:22:19 - [MESSAGE][INFO] - Checking timeout

2021-10-21 14:22:19 - [MESSAGE][INFO] - Finding web element with id: 'Object Repository/Olusturma/Genel/Olusturma/eArsivEttnBilgisi' located by 'By.xpath: //*[@id = 'Uuid_I']' in '30' second(s)

2021-10-21 14:22:19 - [MESSAGE][INFO] - Smart Wait Function is triggered

2021-10-21 14:22:19 - [MESSAGE][INFO] - Found 1 web elements with id: 'Object Repository/Olusturma/Genel/Olusturma/eArsivEttnBilgisi' located by 'By.xpath: //*[@id = 'Uuid_I']' in '30' second(s)

2021-10-21 14:22:19 - [MESSAGE][INFO] - Getting attribute 'value' of object 'Object Repository/Olusturma/Genel/Olusturma/eArsivEttnBilgisi'

2021-10-21 14:22:19 - [MESSAGE][PASSED] - Attribute 'value' of object 'Object Repository/Olusturma/Genel/Olusturma/eArsivEttnBilgisi' is: 'a0677418-d7c4-43f8-9618-aed8efb21068'

2021-10-21 14:22:19 - [MESSAGE][PASSED] - Call Test Case 'Test Cases/Olusturma/Genel/EttnBilgisiKayitEdilir' successfully

2021-10-21 14:22:19 - [MESSAGE][INFO] - Checking called Test Case

2021-10-21 14:22:19 - [MESSAGE][INFO] - Starting to call Test Case 'Test Cases/Olusturma/Genel/KaydetButonunaTiklanir'

2021-10-21 14:22:19 - [TEST_CASE][PASSED] - Test Cases/Olusturma/Genel/KaydetButonunaTiklanir: Test Cases/Olusturma/Genel/KaydetButonunaTiklanir

2021-10-21 14:22:19 - [TEST_STEP][PASSED] - i = 0: null

2021-10-21 14:22:19 - [TEST_STEP][PASSED] - waitForElementPresent(findTestObject("Olusturma/Genel/Not/Notlar"), 10): Object 'Object Repository/Olusturma/Genel/Not/Notlar' is present

2021-10-21 14:22:19 - [MESSAGE][INFO] - Finding Test Object 'Object Repository/Olusturma/Genel/Not/Notlar'

2021-10-21 14:22:20 - [MESSAGE][INFO] - Checking object

2021-10-21 14:22:20 - [MESSAGE][INFO] - Finding web element from Test Object's properties

2021-10-21 14:22:20 - [MESSAGE][INFO] - Checking timeout

2021-10-21 14:22:20 - [MESSAGE][INFO] - Finding web element with id: 'Object Repository/Olusturma/Genel/Not/Notlar' located by 'By.xpath: //*[@id = 'txtNote_I']' in '10' second(s)

2021-10-21 14:22:20 - [MESSAGE][INFO] - Smart Wait Function is triggered

2021-10-21 14:22:20 - [MESSAGE][INFO] - Found 1 web elements with id: 'Object Repository/Olusturma/Genel/Not/Notlar' located by 'By.xpath: //*[@id = 'txtNote_I']' in '10' second(s)

2021-10-21 14:22:20 - [MESSAGE][PASSED] - Object 'Object Repository/Olusturma/Genel/Not/Notlar' is present

2021-10-21 14:22:20 - [TEST_STEP][PASSED] - click(findTestObject("Olusturma/Genel/Not/Notlar")): Object: 'Object Repository/Olusturma/Genel/Not/Notlar' is clicked on

2021-10-21 14:22:20 - [MESSAGE][INFO] - Finding Test Object 'Object Repository/Olusturma/Genel/Not/Notlar'

2021-10-21 14:22:20 - [MESSAGE][INFO] - Checking object

2021-10-21 14:22:20 - [MESSAGE][INFO] - Finding web element from Test Object's properties

2021-10-21 14:22:20 - [MESSAGE][INFO] - Checking timeout

2021-10-21 14:22:20 - [MESSAGE][INFO] - Finding web element with id: 'Object Repository/Olusturma/Genel/Not/Notlar' located by 'By.xpath: //*[@id = 'txtNote_I']' in '30' second(s)

2021-10-21 14:22:20 - [MESSAGE][INFO] - Smart Wait Function is triggered

2021-10-21 14:22:20 - [MESSAGE][INFO] - Found 1 web elements with id: 'Object Repository/Olusturma/Genel/Not/Notlar' located by 'By.xpath: //*[@id = 'txtNote_I']' in '30' second(s)

2021-10-21 14:22:20 - [MESSAGE][INFO] - Clicking on object: 'Object Repository/Olusturma/Genel/Not/Notlar'

2021-10-21 14:22:20 - [MESSAGE][PASSED] - Object: 'Object Repository/Olusturma/Genel/Not/Notlar' is clicked on

2021-10-21 14:22:20 - [TEST_STEP][PASSED] - while (true): null

2021-10-21 14:22:20 - [TEST_STEP][PASSED] - delay(1): Delayed 1 second(s)

2021-10-21 14:22:20 - [MESSAGE][INFO] - Delaying browser in 1 second(s)

2021-10-21 14:22:21 - [MESSAGE][PASSED] - Delayed 1 second(s)

2021-10-21 14:22:21 - [TEST_STEP][PASSED] - ajaxIsComplete = executeJavaScript("return jQuery.active == 0", null): Execute JavaScript 'return jQuery.active == 0' successfully

2021-10-21 14:22:21 - [MESSAGE][PASSED] - Execute JavaScript 'return jQuery.active == 0' successfully

2021-10-21 14:22:21 - [TEST_STEP][PASSED] - if (ajaxIsComplete): null

2021-10-21 14:22:21 - [TEST_STEP][PASSED] - break: null

2021-10-21 14:22:21 - [TEST_STEP][PASSED] - waitForElementClickable(findTestObject("Object Repository/Olusturma/Genel/Buton"), 10): Object 'Object Repository/Olusturma/Genel/Buton' is clickable

2021-10-21 14:22:21 - [MESSAGE][INFO] - Finding Test Object 'Object Repository/Olusturma/Genel/Buton'

2021-10-21 14:22:22 - [MESSAGE][INFO] - Checking object

2021-10-21 14:22:22 - [MESSAGE][INFO] - Checking timeout

2021-10-21 14:22:22 - [MESSAGE][INFO] - Finding web element from Test Object's properties

2021-10-21 14:22:22 - [MESSAGE][INFO] - Checking timeout

2021-10-21 14:22:22 - [MESSAGE][INFO] - Finding web element with id: 'Object Repository/Olusturma/Genel/Buton' located by 'By.xpath: //*[@id = 'btnKaydet']' in '10' second(s)

2021-10-21 14:22:22 - [MESSAGE][INFO] - Smart Wait Function is triggered

2021-10-21 14:22:22 - [MESSAGE][INFO] - Found 1 web elements with id: 'Object Repository/Olusturma/Genel/Buton' located by 'By.xpath: //*[@id = 'btnKaydet']' in '10' second(s)

2021-10-21 14:22:22 - [MESSAGE][PASSED] - Object 'Object Repository/Olusturma/Genel/Buton' is clickable

2021-10-21 14:22:22 - [TEST_STEP][PASSED] - click(findTestObject("Object Repository/Olusturma/Genel/Buton")): Object: 'Object Repository/Olusturma/Genel/Buton' is clicked on

2021-10-21 14:22:22 - [MESSAGE][INFO] - Finding Test Object 'Object Repository/Olusturma/Genel/Buton'

2021-10-21 14:22:22 - [MESSAGE][INFO] - Checking object

2021-10-21 14:22:22 - [MESSAGE][INFO] - Finding web element from Test Object's properties

2021-10-21 14:22:22 - [MESSAGE][INFO] - Checking timeout

2021-10-21 14:22:22 - [MESSAGE][INFO] - Finding web element with id: 'Object Repository/Olusturma/Genel/Buton' located by 'By.xpath: //*[@id = 'btnKaydet']' in '30' second(s)

2021-10-21 14:22:22 - [MESSAGE][INFO] - Smart Wait Function is triggered

2021-10-21 14:22:22 - [MESSAGE][INFO] - Found 1 web elements with id: 'Object Repository/Olusturma/Genel/Buton' located by 'By.xpath: //*[@id = 'btnKaydet']' in '30' second(s)

2021-10-21 14:22:22 - [MESSAGE][INFO] - Clicking on object: 'Object Repository/Olusturma/Genel/Buton'

2021-10-21 14:22:25 - [MESSAGE][PASSED] - Object: 'Object Repository/Olusturma/Genel/Buton' is clicked on

2021-10-21 14:22:25 - [MESSAGE][PASSED] - Call Test Case 'Test Cases/Olusturma/Genel/KaydetButonunaTiklanir' successfully

2021-10-21 14:22:25 - [MESSAGE][INFO] - Checking called Test Case

2021-10-21 14:22:25 - [MESSAGE][INFO] - Starting to call Test Case 'Test Cases/Tablo/TablodaEttnliVeriOlusturulduMu'

2021-10-21 14:22:25 - [TEST_CASE][PASSED] - Test Cases/Tablo/TablodaEttnliVeriOlusturulduMu: Test Cases/Tablo/TablodaEttnliVeriOlusturulduMu

2021-10-21 14:22:25 - [TEST_STEP][PASSED] - Method.TextDegerineEsitElementVarMi(findTestObject("Tablo/OlusturulanVeri"), ettn): Method.TextDegerineEsitElementVarMi is PASSED

2021-10-21 14:22:25 - [MESSAGE][INFO] - Finding Test Object 'Object Repository/Tablo/OlusturulanVeri'

2021-10-21 14:22:25 - [MESSAGE][INFO] - Checking timeout

2021-10-21 14:22:25 - [MESSAGE][INFO] - Finding web element with id: 'Object Repository/Tablo/OlusturulanVeri' located by 'By.cssSelector: table.dxgvTable_LECustomTheme>tbody>tr:nth-child(3)>td.dxgv b,table.dxgvTable_LECustomTheme>tbody>tr:nth-child(3)>td.dxgv' in '10' second(s)

2021-10-21 14:22:25 - [MESSAGE][INFO] - Smart Wait Function is triggered

2021-10-21 14:22:25 - [MESSAGE][INFO] - Found 14 web elements with id: 'Object Repository/Tablo/OlusturulanVeri' located by 'By.cssSelector: table.dxgvTable_LECustomTheme>tbody>tr:nth-child(3)>td.dxgv b,table.dxgvTable_LECustomTheme>tbody>tr:nth-child(3)>td.dxgv' in '10' second(s)

2021-10-21 14:22:25 - [MESSAGE][PASSED] - Method.TextDegerineEsitElementVarMi is PASSED

2021-10-21 14:22:25 - [MESSAGE][PASSED] - Call Test Case 'Test Cases/Tablo/TablodaEttnliVeriOlusturulduMu' successfully

2021-10-21 14:22:25 - [MESSAGE][INFO] - Checking called Test Case

2021-10-21 14:22:25 - [MESSAGE][INFO] - Starting to call Test Case 'Test Cases/Tablo/TablodanEttnliVeriSec'

2021-10-21 14:22:25 - [TEST_CASE][PASSED] - Test Cases/Tablo/TablodanEttnliVeriSec: Test Cases/Tablo/TablodanEttnliVeriSec

2021-10-21 14:22:25 - [TEST_STEP][PASSED] - Method.TextDegerineEsitElementinAltindakineTikla(findTestObject("Tablo/Veriler"), findTestObject("Tablo/VerininCheckBoxi"), ettn): Method.TextDegerineEsitElementinAltindakineTikla is PASSED

2021-10-21 14:22:25 - [MESSAGE][INFO] - Finding Test Object 'Object Repository/Tablo/Veriler'

2021-10-21 14:22:26 - [MESSAGE][INFO] - Finding Test Object 'Object Repository/Tablo/VerininCheckBoxi'

2021-10-21 14:22:26 - [MESSAGE][INFO] - Checking timeout

2021-10-21 14:22:26 - [MESSAGE][INFO] - Finding web element with id: 'Object Repository/Tablo/Veriler' located by 'By.cssSelector: td.dxgv b ,td.dxgv' in '10' second(s)

2021-10-21 14:22:26 - [MESSAGE][INFO] - Smart Wait Function is triggered

2021-10-21 14:22:26 - [MESSAGE][INFO] - Found 70 web elements with id: 'Object Repository/Tablo/Veriler' located by 'By.cssSelector: td.dxgv b ,td.dxgv' in '10' second(s)

2021-10-21 14:22:26 - [MESSAGE][INFO] - Smart Wait Function is triggered

2021-10-21 14:22:26 - [MESSAGE][PASSED] - Method.TextDegerineEsitElementinAltindakineTikla is PASSED

2021-10-21 14:22:26 - [MESSAGE][PASSED] - Call Test Case 'Test Cases/Tablo/TablodanEttnliVeriSec' successfully

2021-10-21 14:22:26 - [MESSAGE][INFO] - Checking called Test Case

2021-10-21 14:22:26 - [MESSAGE][INFO] - Starting to call Test Case 'Test Cases/Butonlar/ButonaTikla'

2021-10-21 14:22:26 - [TEST_CASE][PASSED] - Test Cases/Butonlar/ButonaTikla: Test Cases/Butonlar/ButonaTikla

2021-10-21 14:22:26 - [TEST_STEP][PASSED] - Method.TextDegerineEsitElementeTiklaEquals(findTestObject("Butonlar/Butonlar"), Buton_Adi): Method.TextDegerineEsitElementeTiklaEquals is PASSED

2021-10-21 14:22:26 - [MESSAGE][INFO] - Finding Test Object 'Object Repository/Butonlar/Butonlar'

2021-10-21 14:22:26 - [MESSAGE][INFO] - Checking timeout

2021-10-21 14:22:26 - [MESSAGE][INFO] - Finding web element with id: 'Object Repository/Butonlar/Butonlar' located by 'By.cssSelector: .panel.panel-default.text-center.footerPanel .btn,.btn.btn-primary.btnControls' in '10' second(s)

2021-10-21 14:22:26 - [MESSAGE][INFO] - Smart Wait Function is triggered

2021-10-21 14:22:27 - [MESSAGE][INFO] - Found 10 web elements with id: 'Object Repository/Butonlar/Butonlar' located by 'By.cssSelector: .panel.panel-default.text-center.footerPanel .btn,.btn.btn-primary.btnControls' in '10' second(s)

2021-10-21 14:22:27 - [MESSAGE][PASSED] - Method.TextDegerineEsitElementeTiklaEquals is PASSED

2021-10-21 14:22:27 - [MESSAGE][PASSED] - Call Test Case 'Test Cases/Butonlar/ButonaTikla' successfully

2021-10-21 14:22:27 - [MESSAGE][INFO] - Checking called Test Case

2021-10-21 14:22:27 - [MESSAGE][INFO] - Starting to call Test Case 'Test Cases/Popup/PopupMesajiIceriyorMu'

2021-10-21 14:22:27 - [TEST_CASE][PASSED] - Test Cases/Popup/PopupMesajiIceriyorMu: Test Cases/Popup/PopupMesajiIceriyorMu

2021-10-21 14:22:27 - [TEST_STEP][PASSED] - waitForElementVisible(findTestObject("Popup/Popup"), 10): Object 'Object Repository/Popup/Popup' is visible

2021-10-21 14:22:27 - [MESSAGE][INFO] - Finding Test Object 'Object Repository/Popup/Popup'

2021-10-21 14:22:27 - [MESSAGE][INFO] - Checking object

2021-10-21 14:22:27 - [MESSAGE][INFO] - Checking timeout

2021-10-21 14:22:27 - [MESSAGE][INFO] - Finding web element from Test Object's properties

2021-10-21 14:22:27 - [MESSAGE][INFO] - Checking timeout

2021-10-21 14:22:27 - [MESSAGE][INFO] - Finding web element with id: 'Object Repository/Popup/Popup' located by 'By.cssSelector: .bootbox-body' in '10' second(s)

2021-10-21 14:22:27 - [MESSAGE][INFO] - Smart Wait Function is triggered

2021-10-21 14:22:28 - [MESSAGE][INFO] - Found 1 web elements with id: 'Object Repository/Popup/Popup' located by 'By.cssSelector: .bootbox-body' in '10' second(s)

2021-10-21 14:22:28 - [MESSAGE][PASSED] - Object 'Object Repository/Popup/Popup' is visible

2021-10-21 14:22:28 - [TEST_STEP][PASSED] - if (!(getText(findTestObject("Popup/Popup")).contains(Mesaj))): Text of object 'Object Repository/Popup/Popup' is: 'Oluşturulacak fatura numarası : EAR2021000000397 Fatura numarası oluşturulduktan sonra fatura silinemez. Fatura numarası, tarihi ve ön eki değiştirilemez. Devam etmek istiyor musunuz?'

2021-10-21 14:22:28 - [MESSAGE][INFO] - Finding Test Object 'Object Repository/Popup/Popup'

2021-10-21 14:22:28 - [MESSAGE][INFO] - Checking object

2021-10-21 14:22:28 - [MESSAGE][INFO] - Finding web element from Test Object's properties

2021-10-21 14:22:28 - [MESSAGE][INFO] - Checking timeout

2021-10-21 14:22:28 - [MESSAGE][INFO] - Finding web element with id: 'Object Repository/Popup/Popup' located by 'By.cssSelector: .bootbox-body' in '30' second(s)

2021-10-21 14:22:28 - [MESSAGE][INFO] - Smart Wait Function is triggered

2021-10-21 14:22:28 - [MESSAGE][INFO] - Found 1 web elements with id: 'Object Repository/Popup/Popup' located by 'By.cssSelector: .bootbox-body' in '30' second(s)

2021-10-21 14:22:28 - [MESSAGE][INFO] - Getting text of object 'Object Repository/Popup/Popup'

2021-10-21 14:22:28 - [MESSAGE][PASSED] - Text of object 'Object Repository/Popup/Popup' is: 'Oluşturulacak fatura numarası : EAR2021000000397 Fatura numarası oluşturulduktan sonra fatura silinemez. Fatura numarası, tarihi ve ön eki değiştirilemez. Devam etmek istiyor musunuz?'

2021-10-21 14:22:28 - [TEST_STEP][PASSED] - RaporNo = getText(findTestObject("Popup/Popup")).substring(0, 6): Text of object 'Object Repository/Popup/Popup' is: 'Oluşturulacak fatura numarası : EAR2021000000397 Fatura numarası oluşturulduktan sonra fatura silinemez. Fatura numarası, tarihi ve ön eki değiştirilemez. Devam etmek istiyor musunuz?'

2021-10-21 14:22:28 - [MESSAGE][INFO] - Finding Test Object 'Object Repository/Popup/Popup'

2021-10-21 14:22:28 - [MESSAGE][INFO] - Checking object

2021-10-21 14:22:28 - [MESSAGE][INFO] - Finding web element from Test Object's properties

2021-10-21 14:22:28 - [MESSAGE][INFO] - Checking timeout

2021-10-21 14:22:28 - [MESSAGE][INFO] - Finding web element with id: 'Object Repository/Popup/Popup' located by 'By.cssSelector: .bootbox-body' in '30' second(s)

2021-10-21 14:22:28 - [MESSAGE][INFO] - Smart Wait Function is triggered

2021-10-21 14:22:29 - [MESSAGE][INFO] - Found 1 web elements with id: 'Object Repository/Popup/Popup' located by 'By.cssSelector: .bootbox-body' in '30' second(s)

2021-10-21 14:22:29 - [MESSAGE][INFO] - Getting text of object 'Object Repository/Popup/Popup'

2021-10-21 14:22:29 - [MESSAGE][PASSED] - Text of object 'Object Repository/Popup/Popup' is: 'Oluşturulacak fatura numarası : EAR2021000000397 Fatura numarası oluşturulduktan sonra fatura silinemez. Fatura numarası, tarihi ve ön eki değiştirilemez. Devam etmek istiyor musunuz?'

2021-10-21 14:22:29 - [TEST_STEP][PASSED] - Console.println(RaporNo): null

2021-10-21 14:22:29 - [MESSAGE][PASSED] - Call Test Case 'Test Cases/Popup/PopupMesajiIceriyorMu' successfully

2021-10-21 14:22:29 - [MESSAGE][INFO] - Checking called Test Case

2021-10-21 14:22:29 - [MESSAGE][INFO] - Starting to call Test Case 'Test Cases/Popup/PopupButonSecilir'

2021-10-21 14:22:29 - [TEST_CASE][PASSED] - Test Cases/Popup/PopupButonSecilir: Test Cases/Popup/PopupButonSecilir

2021-10-21 14:22:29 - [TEST_STEP][PASSED] - Method.TextDegerineEsitElementeTikla(findTestObject("Popup/Popup_Butons"), Buton): Method.TextDegerineEsitElementeTikla is PASSED

2021-10-21 14:22:29 - [MESSAGE][INFO] - Finding Test Object 'Object Repository/Popup/Popup_Butons'

2021-10-21 14:22:29 - [MESSAGE][INFO] - Checking timeout

2021-10-21 14:22:29 - [MESSAGE][INFO] - Finding web element with id: 'Object Repository/Popup/Popup_Butons' located by 'By.cssSelector: .modal-footer>button' in '10' second(s)

2021-10-21 14:22:29 - [MESSAGE][INFO] - Smart Wait Function is triggered

2021-10-21 14:22:29 - [MESSAGE][INFO] - Found 2 web elements with id: 'Object Repository/Popup/Popup_Butons' located by 'By.cssSelector: .modal-footer>button' in '10' second(s)

2021-10-21 14:22:29 - [MESSAGE][PASSED] - Method.TextDegerineEsitElementeTikla is PASSED

2021-10-21 14:22:29 - [MESSAGE][PASSED] - Call Test Case 'Test Cases/Popup/PopupButonSecilir' successfully

2021-10-21 14:22:29 - [MESSAGE][INFO] - Checking called Test Case

2021-10-21 14:22:29 - [MESSAGE][INFO] - Starting to call Test Case 'Test Cases/Popup/PopupMesajiIceriyorMu'

2021-10-21 14:22:30 - [TEST_CASE][PASSED] - Test Cases/Popup/PopupMesajiIceriyorMu: Test Cases/Popup/PopupMesajiIceriyorMu

2021-10-21 14:22:30 - [TEST_STEP][PASSED] - waitForElementVisible(findTestObject("Popup/Popup"), 10): Object 'Object Repository/Popup/Popup' is visible

2021-10-21 14:22:30 - [MESSAGE][INFO] - Finding Test Object 'Object Repository/Popup/Popup'

2021-10-21 14:22:30 - [MESSAGE][INFO] - Checking object

2021-10-21 14:22:30 - [MESSAGE][INFO] - Checking timeout

2021-10-21 14:22:30 - [MESSAGE][INFO] - Finding web element from Test Object's properties

2021-10-21 14:22:30 - [MESSAGE][INFO] - Checking timeout

2021-10-21 14:22:30 - [MESSAGE][INFO] - Finding web element with id: 'Object Repository/Popup/Popup' located by 'By.cssSelector: .bootbox-body' in '10' second(s)

2021-10-21 14:22:30 - [MESSAGE][INFO] - Smart Wait Function is triggered

2021-10-21 14:22:30 - [MESSAGE][INFO] - Found 1 web elements with id: 'Object Repository/Popup/Popup' located by 'By.cssSelector: .bootbox-body' in '10' second(s)

2021-10-21 14:22:30 - [MESSAGE][PASSED] - Object 'Object Repository/Popup/Popup' is visible

2021-10-21 14:22:30 - [TEST_STEP][PASSED] - if (!(getText(findTestObject("Popup/Popup")).contains(Mesaj))): Text of object 'Object Repository/Popup/Popup' is: 'Fatura numaranız EAR2021000000397 olarak oluşmuştur.'

2021-10-21 14:22:30 - [MESSAGE][INFO] - Finding Test Object 'Object Repository/Popup/Popup'

2021-10-21 14:22:30 - [MESSAGE][INFO] - Checking object

2021-10-21 14:22:30 - [MESSAGE][INFO] - Finding web element from Test Object's properties

2021-10-21 14:22:30 - [MESSAGE][INFO] - Checking timeout

2021-10-21 14:22:30 - [MESSAGE][INFO] - Finding web element with id: 'Object Repository/Popup/Popup' located by 'By.cssSelector: .bootbox-body' in '30' second(s)

2021-10-21 14:22:30 - [MESSAGE][INFO] - Smart Wait Function is triggered

2021-10-21 14:22:31 - [MESSAGE][INFO] - Found 1 web elements with id: 'Object Repository/Popup/Popup' located by 'By.cssSelector: .bootbox-body' in '30' second(s)

2021-10-21 14:22:31 - [MESSAGE][INFO] - Getting text of object 'Object Repository/Popup/Popup'

2021-10-21 14:22:31 - [MESSAGE][PASSED] - Text of object 'Object Repository/Popup/Popup' is: 'Fatura numaranız EAR2021000000397 olarak oluşmuştur.'

2021-10-21 14:22:31 - [TEST_STEP][PASSED] - RaporNo = getText(findTestObject("Popup/Popup")).substring(0, 6): Text of object 'Object Repository/Popup/Popup' is: 'Fatura numaranız EAR2021000000397 olarak oluşmuştur.'

2021-10-21 14:22:31 - [MESSAGE][INFO] - Finding Test Object 'Object Repository/Popup/Popup'

2021-10-21 14:22:31 - [MESSAGE][INFO] - Checking object

2021-10-21 14:22:31 - [MESSAGE][INFO] - Finding web element from Test Object's properties

2021-10-21 14:22:31 - [MESSAGE][INFO] - Checking timeout

2021-10-21 14:22:31 - [MESSAGE][INFO] - Finding web element with id: 'Object Repository/Popup/Popup' located by 'By.cssSelector: .bootbox-body' in '30' second(s)

2021-10-21 14:22:31 - [MESSAGE][INFO] - Smart Wait Function is triggered

2021-10-21 14:22:31 - [MESSAGE][INFO] - Found 1 web elements with id: 'Object Repository/Popup/Popup' located by 'By.cssSelector: .bootbox-body' in '30' second(s)

2021-10-21 14:22:31 - [MESSAGE][INFO] - Getting text of object 'Object Repository/Popup/Popup'

2021-10-21 14:22:31 - [MESSAGE][PASSED] - Text of object 'Object Repository/Popup/Popup' is: 'Fatura numaranız EAR2021000000397 olarak oluşmuştur.'

2021-10-21 14:22:31 - [TEST_STEP][PASSED] - Console.println(RaporNo): null

2021-10-21 14:22:31 - [MESSAGE][PASSED] - Call Test Case 'Test Cases/Popup/PopupMesajiIceriyorMu' successfully

2021-10-21 14:22:31 - [MESSAGE][INFO] - Checking called Test Case

2021-10-21 14:22:31 - [MESSAGE][INFO] - Starting to call Test Case 'Test Cases/Popup/PopupButonSecilir'

2021-10-21 14:22:31 - [TEST_CASE][PASSED] - Test Cases/Popup/PopupButonSecilir: Test Cases/Popup/PopupButonSecilir

2021-10-21 14:22:31 - [TEST_STEP][PASSED] - Method.TextDegerineEsitElementeTikla(findTestObject("Popup/Popup_Butons"), Buton): Method.TextDegerineEsitElementeTikla is PASSED

2021-10-21 14:22:31 - [MESSAGE][INFO] - Finding Test Object 'Object Repository/Popup/Popup_Butons'

2021-10-21 14:22:31 - [MESSAGE][INFO] - Checking timeout

2021-10-21 14:22:31 - [MESSAGE][INFO] - Finding web element with id: 'Object Repository/Popup/Popup_Butons' located by 'By.cssSelector: .modal-footer>button' in '10' second(s)

2021-10-21 14:22:31 - [MESSAGE][INFO] - Smart Wait Function is triggered

2021-10-21 14:22:31 - [MESSAGE][INFO] - Found 1 web elements with id: 'Object Repository/Popup/Popup_Butons' located by 'By.cssSelector: .modal-footer>button' in '10' second(s)

2021-10-21 14:22:31 - [MESSAGE][PASSED] - Method.TextDegerineEsitElementeTikla is PASSED

2021-10-21 14:22:31 - [MESSAGE][PASSED] - Call Test Case 'Test Cases/Popup/PopupButonSecilir' successfully

2021-10-21 14:22:31 - [MESSAGE][INFO] - Checking called Test Case

2021-10-21 14:22:31 - [MESSAGE][INFO] - Starting to call Test Case 'Test Cases/Tablo/TablodanEttnliVeriSec'

2021-10-21 14:22:32 - [TEST_CASE][PASSED] - Test Cases/Tablo/TablodanEttnliVeriSec: Test Cases/Tablo/TablodanEttnliVeriSec

2021-10-21 14:22:32 - [TEST_STEP][PASSED] - Method.TextDegerineEsitElementinAltindakineTikla(findTestObject("Tablo/Veriler"), findTestObject("Tablo/VerininCheckBoxi"), ettn): Method.TextDegerineEsitElementinAltindakineTikla is PASSED

2021-10-21 14:22:32 - [MESSAGE][INFO] - Finding Test Object 'Object Repository/Tablo/Veriler'

2021-10-21 14:22:32 - [MESSAGE][INFO] - Finding Test Object 'Object Repository/Tablo/VerininCheckBoxi'

2021-10-21 14:22:32 - [MESSAGE][INFO] - Checking timeout

2021-10-21 14:22:32 - [MESSAGE][INFO] - Finding web element with id: 'Object Repository/Tablo/Veriler' located by 'By.cssSelector: td.dxgv b ,td.dxgv' in '10' second(s)

2021-10-21 14:22:32 - [MESSAGE][INFO] - Smart Wait Function is triggered

2021-10-21 14:22:32 - [MESSAGE][INFO] - Found 70 web elements with id: 'Object Repository/Tablo/Veriler' located by 'By.cssSelector: td.dxgv b ,td.dxgv' in '10' second(s)

2021-10-21 14:22:32 - [MESSAGE][INFO] - Smart Wait Function is triggered

2021-10-21 14:22:33 - [MESSAGE][PASSED] - Method.TextDegerineEsitElementinAltindakineTikla is PASSED

2021-10-21 14:22:33 - [MESSAGE][PASSED] - Call Test Case 'Test Cases/Tablo/TablodanEttnliVeriSec' successfully

2021-10-21 14:22:33 - [MESSAGE][INFO] - Checking called Test Case

2021-10-21 14:22:33 - [MESSAGE][INFO] - Starting to call Test Case 'Test Cases/Butonlar/ButonaTikla'

2021-10-21 14:22:33 - [TEST_CASE][PASSED] - Test Cases/Butonlar/ButonaTikla: Test Cases/Butonlar/ButonaTikla

2021-10-21 14:22:33 - [TEST_STEP][PASSED] - Method.TextDegerineEsitElementeTiklaEquals(findTestObject("Butonlar/Butonlar"), Buton_Adi): Method.TextDegerineEsitElementeTiklaEquals is PASSED

2021-10-21 14:22:33 - [MESSAGE][INFO] - Finding Test Object 'Object Repository/Butonlar/Butonlar'

2021-10-21 14:22:33 - [MESSAGE][INFO] - Checking timeout

2021-10-21 14:22:33 - [MESSAGE][INFO] - Finding web element with id: 'Object Repository/Butonlar/Butonlar' located by 'By.cssSelector: .panel.panel-default.text-center.footerPanel .btn,.btn.btn-primary.btnControls' in '10' second(s)

2021-10-21 14:22:33 - [MESSAGE][INFO] - Smart Wait Function is triggered

2021-10-21 14:22:33 - [MESSAGE][INFO] - Found 10 web elements with id: 'Object Repository/Butonlar/Butonlar' located by 'By.cssSelector: .panel.panel-default.text-center.footerPanel .btn,.btn.btn-primary.btnControls' in '10' second(s)

2021-10-21 14:22:34 - [MESSAGE][PASSED] - Method.TextDegerineEsitElementeTiklaEquals is PASSED

2021-10-21 14:22:34 - [MESSAGE][PASSED] - Call Test Case 'Test Cases/Butonlar/ButonaTikla' successfully

2021-10-21 14:22:34 - [MESSAGE][INFO] - Checking called Test Case

2021-10-21 14:22:34 - [MESSAGE][INFO] - Starting to call Test Case 'Test Cases/Popup/PopupMesajiIceriyorMu'

2021-10-21 14:22:34 - [TEST_CASE][PASSED] - Test Cases/Popup/PopupMesajiIceriyorMu: Test Cases/Popup/PopupMesajiIceriyorMu

2021-10-21 14:22:34 - [TEST_STEP][PASSED] - waitForElementVisible(findTestObject("Popup/Popup"), 10): Object 'Object Repository/Popup/Popup' is visible

2021-10-21 14:22:34 - [MESSAGE][INFO] - Finding Test Object 'Object Repository/Popup/Popup'

2021-10-21 14:22:34 - [MESSAGE][INFO] - Checking object

2021-10-21 14:22:34 - [MESSAGE][INFO] - Checking timeout

2021-10-21 14:22:34 - [MESSAGE][INFO] - Finding web element from Test Object's properties

2021-10-21 14:22:34 - [MESSAGE][INFO] - Checking timeout

2021-10-21 14:22:34 - [MESSAGE][INFO] - Finding web element with id: 'Object Repository/Popup/Popup' located by 'By.cssSelector: .bootbox-body' in '10' second(s)

2021-10-21 14:22:34 - [MESSAGE][INFO] - Smart Wait Function is triggered

2021-10-21 14:22:35 - [MESSAGE][INFO] - Found 1 web elements with id: 'Object Repository/Popup/Popup' located by 'By.cssSelector: .bootbox-body' in '10' second(s)

2021-10-21 14:22:35 - [MESSAGE][PASSED] - Object 'Object Repository/Popup/Popup' is visible

2021-10-21 14:22:35 - [TEST_STEP][PASSED] - if (!(getText(findTestObject("Popup/Popup")).contains(Mesaj))): Text of object 'Object Repository/Popup/Popup' is: 'Seçilen faturalarınız onaylanacaktır. Onaylanan faturalar üzerinde değişiklik yapılamaz. Devam etmek istiyor musunuz?'

2021-10-21 14:22:35 - [MESSAGE][INFO] - Finding Test Object 'Object Repository/Popup/Popup'

2021-10-21 14:22:35 - [MESSAGE][INFO] - Checking object

2021-10-21 14:22:35 - [MESSAGE][INFO] - Finding web element from Test Object's properties

2021-10-21 14:22:35 - [MESSAGE][INFO] - Checking timeout

2021-10-21 14:22:35 - [MESSAGE][INFO] - Finding web element with id: 'Object Repository/Popup/Popup' located by 'By.cssSelector: .bootbox-body' in '30' second(s)

2021-10-21 14:22:35 - [MESSAGE][INFO] - Smart Wait Function is triggered

2021-10-21 14:22:35 - [MESSAGE][INFO] - Found 1 web elements with id: 'Object Repository/Popup/Popup' located by 'By.cssSelector: .bootbox-body' in '30' second(s)

2021-10-21 14:22:35 - [MESSAGE][INFO] - Getting text of object 'Object Repository/Popup/Popup'

2021-10-21 14:22:35 - [MESSAGE][PASSED] - Text of object 'Object Repository/Popup/Popup' is: 'Seçilen faturalarınız onaylanacaktır. Onaylanan faturalar üzerinde değişiklik yapılamaz. Devam etmek istiyor musunuz?'

2021-10-21 14:22:35 - [TEST_STEP][PASSED] - RaporNo = getText(findTestObject("Popup/Popup")).substring(0, 6): Text of object 'Object Repository/Popup/Popup' is: 'Seçilen faturalarınız onaylanacaktır. Onaylanan faturalar üzerinde değişiklik yapılamaz. Devam etmek istiyor musunuz?'

2021-10-21 14:22:35 - [MESSAGE][INFO] - Finding Test Object 'Object Repository/Popup/Popup'

2021-10-21 14:22:35 - [MESSAGE][INFO] - Checking object

2021-10-21 14:22:35 - [MESSAGE][INFO] - Finding web element from Test Object's properties

2021-10-21 14:22:35 - [MESSAGE][INFO] - Checking timeout

2021-10-21 14:22:35 - [MESSAGE][INFO] - Finding web element with id: 'Object Repository/Popup/Popup' located by 'By.cssSelector: .bootbox-body' in '30' second(s)

2021-10-21 14:22:35 - [MESSAGE][INFO] - Smart Wait Function is triggered

2021-10-21 14:22:35 - [MESSAGE][INFO] - Found 1 web elements with id: 'Object Repository/Popup/Popup' located by 'By.cssSelector: .bootbox-body' in '30' second(s)

2021-10-21 14:22:35 - [MESSAGE][INFO] - Getting text of object 'Object Repository/Popup/Popup'

2021-10-21 14:22:35 - [MESSAGE][PASSED] - Text of object 'Object Repository/Popup/Popup' is: 'Seçilen faturalarınız onaylanacaktır. Onaylanan faturalar üzerinde değişiklik yapılamaz. Devam etmek istiyor musunuz?'

2021-10-21 14:22:35 - [TEST_STEP][PASSED] - Console.println(RaporNo): null

2021-10-21 14:22:35 - [MESSAGE][PASSED] - Call Test Case 'Test Cases/Popup/PopupMesajiIceriyorMu' successfully

2021-10-21 14:22:35 - [MESSAGE][INFO] - Checking called Test Case

2021-10-21 14:22:35 - [MESSAGE][INFO] - Starting to call Test Case 'Test Cases/Popup/PopupButonSecilir'

2021-10-21 14:22:35 - [TEST_CASE][PASSED] - Test Cases/Popup/PopupButonSecilir: Test Cases/Popup/PopupButonSecilir

2021-10-21 14:22:35 - [TEST_STEP][PASSED] - Method.TextDegerineEsitElementeTikla(findTestObject("Popup/Popup_Butons"), Buton): Method.TextDegerineEsitElementeTikla is PASSED

2021-10-21 14:22:35 - [MESSAGE][INFO] - Finding Test Object 'Object Repository/Popup/Popup_Butons'

2021-10-21 14:22:36 - [MESSAGE][INFO] - Checking timeout

2021-10-21 14:22:36 - [MESSAGE][INFO] - Finding web element with id: 'Object Repository/Popup/Popup_Butons' located by 'By.cssSelector: .modal-footer>button' in '10' second(s)

2021-10-21 14:22:36 - [MESSAGE][INFO] - Smart Wait Function is triggered

2021-10-21 14:22:36 - [MESSAGE][INFO] - Found 2 web elements with id: 'Object Repository/Popup/Popup_Butons' located by 'By.cssSelector: .modal-footer>button' in '10' second(s)

2021-10-21 14:22:36 - [MESSAGE][PASSED] - Method.TextDegerineEsitElementeTikla is PASSED

2021-10-21 14:22:36 - [MESSAGE][PASSED] - Call Test Case 'Test Cases/Popup/PopupButonSecilir' successfully

2021-10-21 14:22:36 - [MESSAGE][INFO] - Checking called Test Case

2021-10-21 14:22:36 - [MESSAGE][INFO] - Starting to call Test Case 'Test Cases/Menu/AnaMenuSecimi'

2021-10-21 14:22:36 - [TEST_CASE][PASSED] - Test Cases/Menu/AnaMenuSecimi: Test Cases/Menu/AnaMenuSecimi

2021-10-21 14:22:36 - [TEST_STEP][PASSED] - Method.TextDegerineEsitElementeTikla(findTestObject("Menu/Ana_Menu"), Ana_Menu): Method.TextDegerineEsitElementeTikla is PASSED

2021-10-21 14:22:36 - [MESSAGE][INFO] - Finding Test Object 'Object Repository/Menu/Ana_Menu'

2021-10-21 14:22:36 - [MESSAGE][INFO] - Checking timeout

2021-10-21 14:22:36 - [MESSAGE][INFO] - Finding web element with id: 'Object Repository/Menu/Ana_Menu' located by 'By.xpath: //*[@class = 'dropdown-toggle']' in '10' second(s)

2021-10-21 14:22:36 - [MESSAGE][INFO] - Smart Wait Function is triggered

2021-10-21 14:22:37 - [MESSAGE][INFO] - Found 13 web elements with id: 'Object Repository/Menu/Ana_Menu' located by 'By.xpath: //*[@class = 'dropdown-toggle']' in '10' second(s)

2021-10-21 14:22:37 - [MESSAGE][PASSED] - Method.TextDegerineEsitElementeTikla is PASSED

2021-10-21 14:22:37 - [MESSAGE][PASSED] - Call Test Case 'Test Cases/Menu/AnaMenuSecimi' successfully

2021-10-21 14:22:37 - [MESSAGE][INFO] - Checking called Test Case

2021-10-21 14:22:37 - [MESSAGE][INFO] - Starting to call Test Case 'Test Cases/Menu/BasligaGoreAltMenuSecimi'

2021-10-21 14:22:37 - [TEST_CASE][PASSED] - Test Cases/Menu/BasligaGoreAltMenuSecimi: Test Cases/Menu/BasligaGoreAltMenuSecimi

2021-10-21 14:22:37 - [TEST_STEP][PASSED] - Method.TextDegerineEsitElementinAltindakiTextDegerineEsitOlanaTikla(findTestObject("Menu/Menu_Basligi"), findTestObject("Menu/Basliga_Gore_Alt_Menu"), Baslik, Alt_Menu): Method.TextDegerineEsitElementinAltindakiTextDegerineEsitOlanaTikla is PASSED

2021-10-21 14:22:37 - [MESSAGE][INFO] - Finding Test Object 'Object Repository/Menu/Menu_Basligi'

2021-10-21 14:22:37 - [MESSAGE][INFO] - Finding Test Object 'Object Repository/Menu/Basliga_Gore_Alt_Menu'

2021-10-21 14:22:38 - [MESSAGE][INFO] - Checking timeout

2021-10-21 14:22:38 - [MESSAGE][INFO] - Finding web element with id: 'Object Repository/Menu/Menu_Basligi' located by 'By.xpath: //li[@class='dropdown dropdown-large open']//li[@class='dropdown-header']' in '10' second(s)

2021-10-21 14:22:38 - [MESSAGE][INFO] - Smart Wait Function is triggered

2021-10-21 14:22:38 - [MESSAGE][INFO] - Found 2 web elements with id: 'Object Repository/Menu/Menu_Basligi' located by 'By.xpath: //li[@class='dropdown dropdown-large open']//li[@class='dropdown-header']' in '10' second(s)

2021-10-21 14:22:38 - [MESSAGE][INFO] - Smart Wait Function is triggered

2021-10-21 14:22:40 - [MESSAGE][PASSED] - Method.TextDegerineEsitElementinAltindakiTextDegerineEsitOlanaTikla is PASSED

2021-10-21 14:22:40 - [MESSAGE][PASSED] - Call Test Case 'Test Cases/Menu/BasligaGoreAltMenuSecimi' successfully

2021-10-21 14:22:40 - [MESSAGE][INFO] - Checking called Test Case

2021-10-21 14:22:40 - [MESSAGE][INFO] - Starting to call Test Case 'Test Cases/Filtreler/EttnYaz'

2021-10-21 14:22:40 - [TEST_CASE][PASSED] - Test Cases/Filtreler/EttnYaz: Test Cases/Filtreler/EttnYaz

2021-10-21 14:22:40 - [TEST_STEP][PASSED] - Method.TextDegerineEsitElementinAltindakiTextboxtaYaz(findTestObject("Filtreler/Basliklar"), findTestObject("Filtreler/Basliga_Gore_Textbox"), "ETTN", ettn): Method.TextDegerineEsitElementinAltindakiTextboxtaYaz is PASSED

2021-10-21 14:22:40 - [MESSAGE][INFO] - Finding Test Object 'Object Repository/Filtreler/Basliklar'

2021-10-21 14:22:41 - [MESSAGE][INFO] - Finding Test Object 'Object Repository/Filtreler/Basliga_Gore_Textbox'

2021-10-21 14:22:41 - [MESSAGE][INFO] - Checking timeout

2021-10-21 14:22:41 - [MESSAGE][INFO] - Finding web element with id: 'Object Repository/Filtreler/Basliklar' located by 'By.cssSelector: .control-label.col-sm-4.paddingMarginRLC' in '10' second(s)

2021-10-21 14:22:41 - [MESSAGE][INFO] - Smart Wait Function is triggered

2021-10-21 14:22:41 - [MESSAGE][INFO] - Found 19 web elements with id: 'Object Repository/Filtreler/Basliklar' located by 'By.cssSelector: .control-label.col-sm-4.paddingMarginRLC' in '10' second(s)

2021-10-21 14:22:41 - [MESSAGE][INFO] - Smart Wait Function is triggered

2021-10-21 14:22:42 - [MESSAGE][PASSED] - Method.TextDegerineEsitElementinAltindakiTextboxtaYaz is PASSED

2021-10-21 14:22:42 - [MESSAGE][PASSED] - Call Test Case 'Test Cases/Filtreler/EttnYaz' successfully

2021-10-21 14:22:42 - [MESSAGE][INFO] - Checking called Test Case

2021-10-21 14:22:42 - [MESSAGE][INFO] - Starting to call Test Case 'Test Cases/Filtreler/ButonaTikla'

2021-10-21 14:22:42 - [TEST_CASE][PASSED] - Test Cases/Filtreler/ButonaTikla: Test Cases/Filtreler/ButonaTikla

2021-10-21 14:22:42 - [TEST_STEP][PASSED] - Method.TextDegerineEsitElementeTikla(findTestObject("Filtreler/Butonlar"), Filtre_Buton): Method.TextDegerineEsitElementeTikla is PASSED

2021-10-21 14:22:42 - [MESSAGE][INFO] - Finding Test Object 'Object Repository/Filtreler/Butonlar'

2021-10-21 14:22:42 - [MESSAGE][INFO] - Checking timeout

2021-10-21 14:22:42 - [MESSAGE][INFO] - Finding web element with id: 'Object Repository/Filtreler/Butonlar' located by 'By.cssSelector: .dxb>span' in '10' second(s)

2021-10-21 14:22:42 - [MESSAGE][INFO] - Smart Wait Function is triggered

2021-10-21 14:22:42 - [MESSAGE][INFO] - Found 3 web elements with id: 'Object Repository/Filtreler/Butonlar' located by 'By.cssSelector: .dxb>span' in '10' second(s)

2021-10-21 14:22:43 - [MESSAGE][PASSED] - Method.TextDegerineEsitElementeTikla is PASSED

2021-10-21 14:22:43 - [MESSAGE][PASSED] - Call Test Case 'Test Cases/Filtreler/ButonaTikla' successfully

2021-10-21 14:22:43 - [MESSAGE][INFO] - Checking called Test Case

2021-10-21 14:22:43 - [MESSAGE][INFO] - Starting to call Test Case 'Test Cases/Tablo/TablodaVeriVarMi'

2021-10-21 14:22:43 - [TEST_CASE][PASSED] - Test Cases/Tablo/TablodaVeriVarMi: Test Cases/Tablo/TablodaVeriVarMi

2021-10-21 14:22:43 - [TEST_STEP][PASSED] - verifyTextNotPresent("Görüntülenecek veri yok", true): Text 'Görüntülenecek veri yok' is not present on page using regular expression

2021-10-21 14:22:43 - [MESSAGE][INFO] - Checking text present  using regular expression

2021-10-21 14:22:43 - [MESSAGE][INFO] - Smart Wait Function is triggered

2021-10-21 14:22:44 - [MESSAGE][INFO] - Finding text 'Görüntülenecek veri yok' on page  using regular expression

2021-10-21 14:22:44 - [MESSAGE][PASSED] - Text 'Görüntülenecek veri yok' is not present on page using regular expression

2021-10-21 14:22:44 - [MESSAGE][PASSED] - Call Test Case 'Test Cases/Tablo/TablodaVeriVarMi' successfully

2021-10-21 14:22:44 - [MESSAGE][INFO] - Checking called Test Case

2021-10-21 14:22:44 - [MESSAGE][INFO] - Starting to call Test Case 'Test Cases/Tablo/TablodaVeriBasariliMiArsiv'

2021-10-21 14:22:44 - [TEST_CASE][PASSED] - Test Cases/Tablo/TablodaVeriBasariliMiArsiv: Test Cases/Tablo/TablodaVeriBasariliMiArsiv

2021-10-21 14:22:44 - [TEST_STEP][PASSED] - sayac = 80: null

2021-10-21 14:22:44 - [TEST_STEP][PASSED] - while (verifyElementText(findTestObject("Object Repository/Tablo/DurumBilgisiArsiv"), "Henüz Sonuçlanmadı", OPTIONAL)): Actual text 'Başarılı' and expected text 'Henüz Sonuçlanmadı' of test object 'Object Repository/Tablo/DurumBilgisiArsiv' are NOT matched. (Root cause: com.kms.katalon.core.exception.StepFailedException: Actual text 'Başarılı' and expected text 'Henüz Sonuçlanmadı' of test object 'Object Repository/Tablo/DurumBilgisiArsiv' are NOT matched.
	at com.kms.katalon.core.webui.keyword.internal.WebUIKeywordMain.stepFailed(WebUIKeywordMain.groovy:64)
	at com.kms.katalon.core.webui.keyword.builtin.VerifyElementTextKeyword$_verifyElementText_closure1.doCall(VerifyElementTextKeyword.groovy:57)
	at com.kms.katalon.core.webui.keyword.builtin.VerifyElementTextKeyword$_verifyElementText_closure1.call(VerifyElementTextKeyword.groovy)
	at com.kms.katalon.core.webui.keyword.internal.WebUIKeywordMain.runKeyword(WebUIKeywordMain.groovy:20)
	at com.kms.katalon.core.webui.keyword.builtin.VerifyElementTextKeyword.verifyElementText(VerifyElementTextKeyword.groovy:72)
	at com.kms.katalon.core.webui.keyword.builtin.VerifyElementTextKeyword.execute(VerifyElementTextKeyword.groovy:40)
	at com.kms.katalon.core.keyword.internal.KeywordExecutor.executeKeywordForPlatform(KeywordExecutor.groovy:73)
	at com.kms.katalon.core.webui.keyword.WebUiBuiltInKeywords.verifyElementText(WebUiBuiltInKeywords.groovy:4733)
	at com.kms.katalon.core.webui.keyword.WebUiBuiltInKeywords$verifyElementText$20.call(Unknown Source)
	at TablodaVeriBasariliMiArsiv.run(TablodaVeriBasariliMiArsiv:22)
	at com.kms.katalon.core.main.ScriptEngine.run(ScriptEngine.java:194)
	at com.kms.katalon.core.main.ScriptEngine.runScriptAsRawText(ScriptEngine.java:119)
	at com.kms.katalon.core.main.TestCaseExecutor.runScript(TestCaseExecutor.java:369)
	at com.kms.katalon.core.main.TestCaseExecutor.doExecute(TestCaseExecutor.java:360)
	at com.kms.katalon.core.main.TestCaseExecutor.processExecutionPhase(TestCaseExecutor.java:339)
	at com.kms.katalon.core.main.TestCaseExecutor.accessMainPhase(TestCaseExecutor.java:331)
	at com.kms.katalon.core.main.TestCaseExecutor.execute(TestCaseExecutor.java:248)
	at com.kms.katalon.core.main.TestCaseMain.runTestCase(TestCaseMain.java:138)
	at com.kms.katalon.core.keyword.builtin.CallTestCaseKeyword$_callTestCase_closure1.doCall(CallTestCaseKeyword.groovy:59)
	at com.kms.katalon.core.keyword.builtin.CallTestCaseKeyword$_callTestCase_closure1.call(CallTestCaseKeyword.groovy)
	at com.kms.katalon.core.keyword.internal.KeywordMain.runKeyword(KeywordMain.groovy:68)
	at com.kms.katalon.core.keyword.builtin.CallTestCaseKeyword.callTestCase(CallTestCaseKeyword.groovy:81)
	at com.kms.katalon.core.keyword.builtin.CallTestCaseKeyword.execute(CallTestCaseKeyword.groovy:44)
	at com.kms.katalon.core.keyword.internal.KeywordExecutor.executeKeywordForPlatform(KeywordExecutor.groovy:73)
	at com.kms.katalon.core.keyword.BuiltinKeywords.callTestCase(BuiltinKeywords.groovy:334)
	at tablo.tablo.tablodaVeriBasariliMiArsiv(tablo.groovy:95)
	at cucumber.runtime.Utils$1.call(Utils.java:26)
	at cucumber.runtime.Timeout.timeout(Timeout.java:16)
	at cucumber.runtime.Utils.invoke(Utils.java:20)
	at cucumber.runtime.java.JavaStepDefinition.execute(JavaStepDefinition.java:49)
	at cucumber.runner.PickleStepDefinitionMatch.runStep(PickleStepDefinitionMatch.java:50)
	at cucumber.runner.TestStep.executeStep(TestStep.java:63)
	at cucumber.runner.TestStep.run(TestStep.java:49)
	at cucumber.runner.PickleStepTestStep.run(PickleStepTestStep.java:43)
	at cucumber.runner.TestCase.run(TestCase.java:44)
	at cucumber.runner.Runner.runPickle(Runner.java:40)
	at cucumber.runtime.Runtime$1.run(Runtime.java:84)
	at cucumber.runtime.Runtime$SameThreadExecutorService.execute(Runtime.java:220)
	at cucumber.runtime.Runtime.run(Runtime.java:81)
	at cucumber.api.cli.Main.run(Main.java:26)
	at cucumber.api.cli.Main$run.call(Unknown Source)
	at com.kms.katalon.core.cucumber.keyword.CucumberBuiltinKeywords$_runFeatureFile_closure1.doCall(CucumberBuiltinKeywords.groovy:106)
	at com.kms.katalon.core.cucumber.keyword.CucumberBuiltinKeywords$_runFeatureFile_closure1.doCall(CucumberBuiltinKeywords.groovy)
	at com.kms.katalon.core.keyword.internal.KeywordMain.runKeyword(KeywordMain.groovy:68)
	at com.kms.katalon.core.keyword.internal.KeywordMain$runKeyword.call(Unknown Source)
	at com.kms.katalon.core.cucumber.keyword.CucumberBuiltinKeywords.runFeatureFile(CucumberBuiltinKeywords.groovy:73)
	at com.kms.katalon.core.cucumber.keyword.CucumberBuiltinKeywords$runFeatureFile$0.callStatic(Unknown Source)
	at com.kms.katalon.core.cucumber.keyword.CucumberBuiltinKeywords.runFeatureFile(CucumberBuiltinKeywords.groovy:246)
	at com.kms.katalon.core.cucumber.keyword.CucumberBuiltinKeywords$runFeatureFile.call(Unknown Source)
	at VKN-Elektronik-Tevkifat.run(VKN-Elektronik-Tevkifat:19)
	at com.kms.katalon.core.main.ScriptEngine.run(ScriptEngine.java:194)
	at com.kms.katalon.core.main.ScriptEngine.runScriptAsRawText(ScriptEngine.java:119)
	at com.kms.katalon.core.main.TestCaseExecutor.runScript(TestCaseExecutor.java:369)
	at com.kms.katalon.core.main.TestCaseExecutor.doExecute(TestCaseExecutor.java:360)
	at com.kms.katalon.core.main.TestCaseExecutor.processExecutionPhase(TestCaseExecutor.java:339)
	at com.kms.katalon.core.main.TestCaseExecutor.accessMainPhase(TestCaseExecutor.java:331)
	at com.kms.katalon.core.main.TestCaseExecutor.execute(TestCaseExecutor.java:248)
	at com.kms.katalon.core.main.TestSuiteExecutor.accessTestCaseMainPhase(TestSuiteExecutor.java:191)
	at com.kms.katalon.core.main.TestSuiteExecutor.accessTestSuiteMainPhase(TestSuiteExecutor.java:140)
	at com.kms.katalon.core.main.TestSuiteExecutor.execute(TestSuiteExecutor.java:89)
	at com.kms.katalon.core.main.TestCaseMain.startTestSuite(TestCaseMain.java:181)
	at com.kms.katalon.core.main.TestCaseMain$startTestSuite$0.call(Unknown Source)
	at TempTestSuite1634814289741.run(TempTestSuite1634814289741.groovy:39)
)

2021-10-21 14:22:44 - [MESSAGE][INFO] - Finding Test Object 'Object Repository/Tablo/DurumBilgisiArsiv'

2021-10-21 14:22:44 - [MESSAGE][INFO] - Checking object

2021-10-21 14:22:44 - [MESSAGE][INFO] - Finding web element from Test Object's properties

2021-10-21 14:22:44 - [MESSAGE][INFO] - Checking timeout

2021-10-21 14:22:44 - [MESSAGE][INFO] - Finding web element with id: 'Object Repository/Tablo/DurumBilgisiArsiv' located by 'By.xpath: //*[@id = 'GridViewEArchiveInvoices_tccell0_9']' in '30' second(s)

2021-10-21 14:22:44 - [MESSAGE][INFO] - Smart Wait Function is triggered

2021-10-21 14:22:44 - [MESSAGE][INFO] - Found 1 web elements with id: 'Object Repository/Tablo/DurumBilgisiArsiv' located by 'By.xpath: //*[@id = 'GridViewEArchiveInvoices_tccell0_9']' in '30' second(s)

2021-10-21 14:22:44 - [MESSAGE][WARNING] - Actual text 'Başarılı' and expected text 'Henüz Sonuçlanmadı' of test object 'Object Repository/Tablo/DurumBilgisiArsiv' are NOT matched. (Root cause: com.kms.katalon.core.exception.StepFailedException: Actual text 'Başarılı' and expected text 'Henüz Sonuçlanmadı' of test object 'Object Repository/Tablo/DurumBilgisiArsiv' are NOT matched.
	at com.kms.katalon.core.webui.keyword.internal.WebUIKeywordMain.stepFailed(WebUIKeywordMain.groovy:64)
	at com.kms.katalon.core.webui.keyword.builtin.VerifyElementTextKeyword$_verifyElementText_closure1.doCall(VerifyElementTextKeyword.groovy:57)
	at com.kms.katalon.core.webui.keyword.builtin.VerifyElementTextKeyword$_verifyElementText_closure1.call(VerifyElementTextKeyword.groovy)
	at com.kms.katalon.core.webui.keyword.internal.WebUIKeywordMain.runKeyword(WebUIKeywordMain.groovy:20)
	at com.kms.katalon.core.webui.keyword.builtin.VerifyElementTextKeyword.verifyElementText(VerifyElementTextKeyword.groovy:72)
	at com.kms.katalon.core.webui.keyword.builtin.VerifyElementTextKeyword.execute(VerifyElementTextKeyword.groovy:40)
	at com.kms.katalon.core.keyword.internal.KeywordExecutor.executeKeywordForPlatform(KeywordExecutor.groovy:73)
	at com.kms.katalon.core.webui.keyword.WebUiBuiltInKeywords.verifyElementText(WebUiBuiltInKeywords.groovy:4733)
	at com.kms.katalon.core.webui.keyword.WebUiBuiltInKeywords$verifyElementText$20.call(Unknown Source)
	at TablodaVeriBasariliMiArsiv.run(TablodaVeriBasariliMiArsiv:22)
	at com.kms.katalon.core.main.ScriptEngine.run(ScriptEngine.java:194)
	at com.kms.katalon.core.main.ScriptEngine.runScriptAsRawText(ScriptEngine.java:119)
	at com.kms.katalon.core.main.TestCaseExecutor.runScript(TestCaseExecutor.java:369)
	at com.kms.katalon.core.main.TestCaseExecutor.doExecute(TestCaseExecutor.java:360)
	at com.kms.katalon.core.main.TestCaseExecutor.processExecutionPhase(TestCaseExecutor.java:339)
	at com.kms.katalon.core.main.TestCaseExecutor.accessMainPhase(TestCaseExecutor.java:331)
	at com.kms.katalon.core.main.TestCaseExecutor.execute(TestCaseExecutor.java:248)
	at com.kms.katalon.core.main.TestCaseMain.runTestCase(TestCaseMain.java:138)
	at com.kms.katalon.core.keyword.builtin.CallTestCaseKeyword$_callTestCase_closure1.doCall(CallTestCaseKeyword.groovy:59)
	at com.kms.katalon.core.keyword.builtin.CallTestCaseKeyword$_callTestCase_closure1.call(CallTestCaseKeyword.groovy)
	at com.kms.katalon.core.keyword.internal.KeywordMain.runKeyword(KeywordMain.groovy:68)
	at com.kms.katalon.core.keyword.builtin.CallTestCaseKeyword.callTestCase(CallTestCaseKeyword.groovy:81)
	at com.kms.katalon.core.keyword.builtin.CallTestCaseKeyword.execute(CallTestCaseKeyword.groovy:44)
	at com.kms.katalon.core.keyword.internal.KeywordExecutor.executeKeywordForPlatform(KeywordExecutor.groovy:73)
	at com.kms.katalon.core.keyword.BuiltinKeywords.callTestCase(BuiltinKeywords.groovy:334)
	at tablo.tablo.tablodaVeriBasariliMiArsiv(tablo.groovy:95)
	at cucumber.runtime.Utils$1.call(Utils.java:26)
	at cucumber.runtime.Timeout.timeout(Timeout.java:16)
	at cucumber.runtime.Utils.invoke(Utils.java:20)
	at cucumber.runtime.java.JavaStepDefinition.execute(JavaStepDefinition.java:49)
	at cucumber.runner.PickleStepDefinitionMatch.runStep(PickleStepDefinitionMatch.java:50)
	at cucumber.runner.TestStep.executeStep(TestStep.java:63)
	at cucumber.runner.TestStep.run(TestStep.java:49)
	at cucumber.runner.PickleStepTestStep.run(PickleStepTestStep.java:43)
	at cucumber.runner.TestCase.run(TestCase.java:44)
	at cucumber.runner.Runner.runPickle(Runner.java:40)
	at cucumber.runtime.Runtime$1.run(Runtime.java:84)
	at cucumber.runtime.Runtime$SameThreadExecutorService.execute(Runtime.java:220)
	at cucumber.runtime.Runtime.run(Runtime.java:81)
	at cucumber.api.cli.Main.run(Main.java:26)
	at cucumber.api.cli.Main$run.call(Unknown Source)
	at com.kms.katalon.core.cucumber.keyword.CucumberBuiltinKeywords$_runFeatureFile_closure1.doCall(CucumberBuiltinKeywords.groovy:106)
	at com.kms.katalon.core.cucumber.keyword.CucumberBuiltinKeywords$_runFeatureFile_closure1.doCall(CucumberBuiltinKeywords.groovy)
	at com.kms.katalon.core.keyword.internal.KeywordMain.runKeyword(KeywordMain.groovy:68)
	at com.kms.katalon.core.keyword.internal.KeywordMain$runKeyword.call(Unknown Source)
	at com.kms.katalon.core.cucumber.keyword.CucumberBuiltinKeywords.runFeatureFile(CucumberBuiltinKeywords.groovy:73)
	at com.kms.katalon.core.cucumber.keyword.CucumberBuiltinKeywords$runFeatureFile$0.callStatic(Unknown Source)
	at com.kms.katalon.core.cucumber.keyword.CucumberBuiltinKeywords.runFeatureFile(CucumberBuiltinKeywords.groovy:246)
	at com.kms.katalon.core.cucumber.keyword.CucumberBuiltinKeywords$runFeatureFile.call(Unknown Source)
	at VKN-Elektronik-Tevkifat.run(VKN-Elektronik-Tevkifat:19)
	at com.kms.katalon.core.main.ScriptEngine.run(ScriptEngine.java:194)
	at com.kms.katalon.core.main.ScriptEngine.runScriptAsRawText(ScriptEngine.java:119)
	at com.kms.katalon.core.main.TestCaseExecutor.runScript(TestCaseExecutor.java:369)
	at com.kms.katalon.core.main.TestCaseExecutor.doExecute(TestCaseExecutor.java:360)
	at com.kms.katalon.core.main.TestCaseExecutor.processExecutionPhase(TestCaseExecutor.java:339)
	at com.kms.katalon.core.main.TestCaseExecutor.accessMainPhase(TestCaseExecutor.java:331)
	at com.kms.katalon.core.main.TestCaseExecutor.execute(TestCaseExecutor.java:248)
	at com.kms.katalon.core.main.TestSuiteExecutor.accessTestCaseMainPhase(TestSuiteExecutor.java:191)
	at com.kms.katalon.core.main.TestSuiteExecutor.accessTestSuiteMainPhase(TestSuiteExecutor.java:140)
	at com.kms.katalon.core.main.TestSuiteExecutor.execute(TestSuiteExecutor.java:89)
	at com.kms.katalon.core.main.TestCaseMain.startTestSuite(TestCaseMain.java:181)
	at com.kms.katalon.core.main.TestCaseMain$startTestSuite$0.call(Unknown Source)
	at TempTestSuite1634814289741.run(TempTestSuite1634814289741.groovy:39)
)

2021-10-21 14:22:44 - [TEST_STEP][PASSED] - Method.TextDegerineEsitElementVarMi(findTestObject("Object Repository/Tablo/DurumBilgisiArsiv"), "Başarılı"): Method.TextDegerineEsitElementVarMi is PASSED

2021-10-21 14:22:44 - [MESSAGE][INFO] - Finding Test Object 'Object Repository/Tablo/DurumBilgisiArsiv'

2021-10-21 14:22:45 - [MESSAGE][INFO] - Checking timeout

2021-10-21 14:22:45 - [MESSAGE][INFO] - Finding web element with id: 'Object Repository/Tablo/DurumBilgisiArsiv' located by 'By.xpath: //*[@id = 'GridViewEArchiveInvoices_tccell0_9']' in '10' second(s)

2021-10-21 14:22:45 - [MESSAGE][INFO] - Smart Wait Function is triggered

2021-10-21 14:22:45 - [MESSAGE][INFO] - Found 1 web elements with id: 'Object Repository/Tablo/DurumBilgisiArsiv' located by 'By.xpath: //*[@id = 'GridViewEArchiveInvoices_tccell0_9']' in '10' second(s)

2021-10-21 14:22:45 - [MESSAGE][PASSED] - Method.TextDegerineEsitElementVarMi is PASSED

2021-10-21 14:22:45 - [MESSAGE][PASSED] - Call Test Case 'Test Cases/Tablo/TablodaVeriBasariliMiArsiv' successfully

2021-10-21 14:22:45 - [MESSAGE][INFO] - Checking called Test Case

2021-10-21 14:22:45 - [MESSAGE][INFO] - Starting to call Test Case 'Test Cases/Kullanici_Islemleri/KullaniciIslemlerindenSecimYapilir'

2021-10-21 14:22:45 - [TEST_CASE][PASSED] - Test Cases/Kullanici_Islemleri/KullaniciIslemlerindenSecimYapilir: Test Cases/Kullanici_Islemleri/KullaniciIslemlerindenSecimYapilir

2021-10-21 14:22:45 - [TEST_STEP][PASSED] - waitForElementClickable(findTestObject("Object Repository/Kullanici_Islemleri/KullaniciIslemleri"), 10): Object 'Object Repository/Kullanici_Islemleri/KullaniciIslemleri' is clickable

2021-10-21 14:22:45 - [MESSAGE][INFO] - Finding Test Object 'Object Repository/Kullanici_Islemleri/KullaniciIslemleri'

2021-10-21 14:22:45 - [MESSAGE][INFO] - Checking object

2021-10-21 14:22:45 - [MESSAGE][INFO] - Checking timeout

2021-10-21 14:22:45 - [MESSAGE][INFO] - Finding web element from Test Object's properties

2021-10-21 14:22:45 - [MESSAGE][INFO] - Checking timeout

2021-10-21 14:22:45 - [MESSAGE][INFO] - Finding web element with id: 'Object Repository/Kullanici_Islemleri/KullaniciIslemleri' located by 'By.cssSelector: .dropdown>a>img' in '10' second(s)

2021-10-21 14:22:45 - [MESSAGE][INFO] - Smart Wait Function is triggered

2021-10-21 14:22:45 - [MESSAGE][INFO] - Found 1 web elements with id: 'Object Repository/Kullanici_Islemleri/KullaniciIslemleri' located by 'By.cssSelector: .dropdown>a>img' in '10' second(s)

2021-10-21 14:22:46 - [MESSAGE][PASSED] - Object 'Object Repository/Kullanici_Islemleri/KullaniciIslemleri' is clickable

2021-10-21 14:22:46 - [TEST_STEP][PASSED] - click(findTestObject("Object Repository/Kullanici_Islemleri/KullaniciIslemleri")): Object: 'Object Repository/Kullanici_Islemleri/KullaniciIslemleri' is clicked on

2021-10-21 14:22:46 - [MESSAGE][INFO] - Finding Test Object 'Object Repository/Kullanici_Islemleri/KullaniciIslemleri'

2021-10-21 14:22:46 - [MESSAGE][INFO] - Checking object

2021-10-21 14:22:46 - [MESSAGE][INFO] - Finding web element from Test Object's properties

2021-10-21 14:22:46 - [MESSAGE][INFO] - Checking timeout

2021-10-21 14:22:46 - [MESSAGE][INFO] - Finding web element with id: 'Object Repository/Kullanici_Islemleri/KullaniciIslemleri' located by 'By.cssSelector: .dropdown>a>img' in '30' second(s)

2021-10-21 14:22:46 - [MESSAGE][INFO] - Smart Wait Function is triggered

2021-10-21 14:22:46 - [MESSAGE][INFO] - Found 1 web elements with id: 'Object Repository/Kullanici_Islemleri/KullaniciIslemleri' located by 'By.cssSelector: .dropdown>a>img' in '30' second(s)

2021-10-21 14:22:46 - [MESSAGE][INFO] - Clicking on object: 'Object Repository/Kullanici_Islemleri/KullaniciIslemleri'

2021-10-21 14:22:46 - [MESSAGE][PASSED] - Object: 'Object Repository/Kullanici_Islemleri/KullaniciIslemleri' is clicked on

2021-10-21 14:22:46 - [TEST_STEP][PASSED] - Method.TextDegerineEsitElementeTikla(findTestObject("Object Repository/Kullanici_Islemleri/Secenekler"), Islem): Method.TextDegerineEsitElementeTikla is PASSED

2021-10-21 14:22:46 - [MESSAGE][INFO] - Finding Test Object 'Object Repository/Kullanici_Islemleri/Secenekler'

2021-10-21 14:22:46 - [MESSAGE][INFO] - Checking timeout

2021-10-21 14:22:46 - [MESSAGE][INFO] - Finding web element with id: 'Object Repository/Kullanici_Islemleri/Secenekler' located by 'By.cssSelector: .nav.navbar-nav.navbar-right li a' in '10' second(s)

2021-10-21 14:22:46 - [MESSAGE][INFO] - Smart Wait Function is triggered

2021-10-21 14:22:46 - [MESSAGE][INFO] - Found 20 web elements with id: 'Object Repository/Kullanici_Islemleri/Secenekler' located by 'By.cssSelector: .nav.navbar-nav.navbar-right li a' in '10' second(s)

2021-10-21 14:22:48 - [MESSAGE][PASSED] - Method.TextDegerineEsitElementeTikla is PASSED

2021-10-21 14:22:48 - [TEST_STEP][PASSED] - verifyElementNotPresent(findTestObject("Object Repository/Kullanici_Islemleri/Secenekler"), 10): Web element with id: 'Object Repository/Kullanici_Islemleri/Secenekler' located by 'By.cssSelector: .nav.navbar-nav.navbar-right li a' is not present after '10' second(s)

2021-10-21 14:22:48 - [MESSAGE][INFO] - Finding Test Object 'Object Repository/Kullanici_Islemleri/Secenekler'

2021-10-21 14:22:49 - [MESSAGE][INFO] - Checking object

2021-10-21 14:22:49 - [MESSAGE][INFO] - Checking timeout

2021-10-21 14:22:49 - [MESSAGE][INFO] - Finding web element with id: 'Object Repository/Kullanici_Islemleri/Secenekler' located by 'By.cssSelector: .nav.navbar-nav.navbar-right li a' in '10' second(s)

2021-10-21 14:22:49 - [MESSAGE][INFO] - Smart Wait Function is triggered

2021-10-21 14:22:49 - [MESSAGE][PASSED] - Web element with id: 'Object Repository/Kullanici_Islemleri/Secenekler' located by 'By.cssSelector: .nav.navbar-nav.navbar-right li a' is not present after '10' second(s)

2021-10-21 14:22:49 - [MESSAGE][PASSED] - Call Test Case 'Test Cases/Kullanici_Islemleri/KullaniciIslemlerindenSecimYapilir' successfully

2021-10-21 14:22:49 - [TEST_CASE][PASSED] - Start Test Case : SCENARIO Gonderim tipi Kagit ve Tevkifat tipinde e-Arsiv faturasi olusturulmasi: SCENARIO Gonderim tipi Kagit ve Tevkifat tipinde e-Arsiv faturasi olusturulmasi

2021-10-21 14:22:49 - [TEST_STEP][PASSED] - Kullanıcı adı EARTEVKIFAT ve Şifre test1234 olarak giriş yapılır: Kullanıcı adı EARTEVKIFAT ve Şifre test1234 olarak giriş yapılır

2021-10-21 14:22:49 - [MESSAGE][PASSED] - Kullanıcı adı EARTEVKIFAT ve Şifre test1234 olarak giriş yapılır

2021-10-21 14:22:49 - [TEST_STEP][PASSED] - Ana menüden e-Arşiv seçilir: Ana menüden e-Arşiv seçilir

2021-10-21 14:22:49 - [MESSAGE][PASSED] - Ana menüden e-Arşiv seçilir

2021-10-21 14:22:49 - [TEST_STEP][PASSED] - Alt menü e-Arşiv Araçları başlığı altındaki e-Arşiv Fatura Oluşturma seçilir: Alt menü e-Arşiv Araçları başlığı altındaki e-Arşiv Fatura Oluşturma seçilir

2021-10-21 14:22:49 - [MESSAGE][PASSED] - Alt menü e-Arşiv Araçları başlığı altındaki e-Arşiv Fatura Oluşturma seçilir

2021-10-21 14:22:49 - [TEST_STEP][PASSED] - Tablodaki tüm veriler silinir: Tablodaki tüm veriler silinir

2021-10-21 14:22:49 - [MESSAGE][PASSED] - Tablodaki tüm veriler silinir

2021-10-21 14:22:49 - [TEST_STEP][PASSED] - Butonlardan Ekle isimli butona tıklanır: Butonlardan Ekle isimli butona tıklanır

2021-10-21 14:22:49 - [MESSAGE][PASSED] - Butonlardan Ekle isimli butona tıklanır

2021-10-21 14:22:49 - [TEST_STEP][PASSED] - Görsel tasarım sayfasının e-Arşiv Fatura Bilgileri başlığını içerdiği kontrol edilir: Görsel tasarım sayfasının e-Arşiv Fatura Bilgileri başlığını içerdiği kontrol edilir

2021-10-21 14:22:49 - [MESSAGE][PASSED] - Görsel tasarım sayfasının e-Arşiv Fatura Bilgileri başlığını içerdiği kontrol edilir

2021-10-21 14:22:49 - [TEST_STEP][PASSED] - Alıcı adı alanına UC0008 girilir: Alıcı adı alanına UC0008 girilir

2021-10-21 14:22:49 - [MESSAGE][PASSED] - Alıcı adı alanına UC0008 girilir

2021-10-21 14:22:49 - [TEST_STEP][PASSED] - Gönderim Şekli Elektronik olarak seçilir: Gönderim Şekli Elektronik olarak seçilir

2021-10-21 14:22:49 - [MESSAGE][PASSED] - Gönderim Şekli Elektronik olarak seçilir

2021-10-21 14:22:49 - [TEST_STEP][PASSED] - Tip alanından Tevkifat seçilir: Tip alanından Tevkifat seçilir

2021-10-21 14:22:49 - [MESSAGE][PASSED] - Tip alanından Tevkifat seçilir

2021-10-21 14:22:49 - [TEST_STEP][PASSED] - Döküman Para Birimi alanından Türk Lirası seçilir: Döküman Para Birimi alanından Türk Lirası seçilir

2021-10-21 14:22:49 - [MESSAGE][PASSED] - Döküman Para Birimi alanından Türk Lirası seçilir

2021-10-21 14:22:49 - [TEST_STEP][PASSED] - Ön Ek EAR olarak seçilir: Ön Ek EAR olarak seçilir

2021-10-21 14:22:49 - [MESSAGE][PASSED] - Ön Ek EAR olarak seçilir

2021-10-21 14:22:49 - [TEST_STEP][PASSED] - Tasarım alanından Otomasyon seçilir: Tasarım alanından Otomasyon seçilir

2021-10-21 14:22:49 - [MESSAGE][PASSED] - Tasarım alanından Otomasyon seçilir

2021-10-21 14:22:49 - [TEST_STEP][PASSED] - Sipariş bilgileri UUC-SAT-1200001 ve 31.04.2020 olarak girilir: Sipariş bilgileri UUC-SAT-1200001 ve 31.04.2020 olarak girilir

2021-10-21 14:22:49 - [MESSAGE][PASSED] - Sipariş bilgileri UUC-SAT-1200001 ve 31.04.2020 olarak girilir

2021-10-21 14:22:49 - [TEST_STEP][PASSED] - İrsaliye Bilgileri AAAAAAAAAA,31.04.2020 olarak girilir: İrsaliye Bilgileri AAAAAAAAAA,31.04.2020 olarak girilir

2021-10-21 14:22:49 - [MESSAGE][PASSED] - İrsaliye Bilgileri AAAAAAAAAA,31.04.2020 olarak girilir

2021-10-21 14:22:49 - [TEST_STEP][PASSED] - Ekle butonuna basılır: Ekle butonuna basılır

2021-10-21 14:22:49 - [MESSAGE][PASSED] - Ekle butonuna basılır

2021-10-21 14:22:49 - [TEST_STEP][PASSED] - Ürün ekleme alanında Mal/Hizmet başlığına Otomasyon girilir: Ürün ekleme alanında Mal/Hizmet başlığına Otomasyon girilir

2021-10-21 14:22:49 - [MESSAGE][PASSED] - Ürün ekleme alanında Mal/Hizmet başlığına Otomasyon girilir

2021-10-21 14:22:49 - [TEST_STEP][PASSED] - Ürün ekleme alanında Açıklaması başlığına Virgosol girilir: Ürün ekleme alanında Açıklaması başlığına Virgosol girilir

2021-10-21 14:22:49 - [MESSAGE][PASSED] - Ürün ekleme alanında Açıklaması başlığına Virgosol girilir

2021-10-21 14:22:49 - [TEST_STEP][PASSED] - Ürün ekleme alanında Miktarı başlığına 400 girilir: Ürün ekleme alanında Miktarı başlığına 400 girilir

2021-10-21 14:22:49 - [MESSAGE][PASSED] - Ürün ekleme alanında Miktarı başlığına 400 girilir

2021-10-21 14:22:49 - [TEST_STEP][PASSED] - Ürün ekleme alanında Birim Fiyat başlığına 100 girilir: Ürün ekleme alanında Birim Fiyat başlığına 100 girilir

2021-10-21 14:22:49 - [MESSAGE][PASSED] - Ürün ekleme alanında Birim Fiyat başlığına 100 girilir

2021-10-21 14:22:49 - [TEST_STEP][PASSED] - Ürün ekleme alanında İskonto Oranı % başlığına 10 girilir: Ürün ekleme alanında İskonto Oranı % başlığına 10 girilir

2021-10-21 14:22:49 - [MESSAGE][PASSED] - Ürün ekleme alanında İskonto Oranı % başlığına 10 girilir

2021-10-21 14:22:49 - [TEST_STEP][PASSED] - Ürün ekleme alanında KDV TEVKİFAT Kodu başlığına 604 - YEMEK SERVİS HİZMETİ girilir: Ürün ekleme alanında KDV TEVKİFAT Kodu başlığına 604 - YEMEK SERVİS HİZMETİ girilir

2021-10-21 14:22:49 - [MESSAGE][PASSED] - Ürün ekleme alanında KDV TEVKİFAT Kodu başlığına 604 - YEMEK SERVİS HİZMETİ girilir

2021-10-21 14:22:49 - [TEST_STEP][PASSED] - Notlar alanına Otomasyon Not girilir: Notlar alanına Otomasyon Not girilir

2021-10-21 14:22:49 - [MESSAGE][PASSED] - Notlar alanına Otomasyon Not girilir

2021-10-21 14:22:49 - [TEST_STEP][PASSED] - Ettn bilgisi kayıt edilir: Ettn bilgisi kayıt edilir

2021-10-21 14:22:49 - [MESSAGE][PASSED] - Ettn bilgisi kayıt edilir

2021-10-21 14:22:49 - [TEST_STEP][PASSED] - Kaydet butonu seçilir: Kaydet butonu seçilir

2021-10-21 14:22:49 - [MESSAGE][PASSED] - Kaydet butonu seçilir

2021-10-21 14:22:49 - [TEST_STEP][PASSED] - Tabloda Ettn bilgisi kaydedilen veri oluşturuldu mu: Tabloda Ettn bilgisi kaydedilen veri oluşturuldu mu

2021-10-21 14:22:49 - [MESSAGE][PASSED] - Tabloda Ettn bilgisi kaydedilen veri oluşturuldu mu

2021-10-21 14:22:49 - [TEST_STEP][PASSED] - Tablodan Ettn bilgisi kaydedilen veri seçilir: Tablodan Ettn bilgisi kaydedilen veri seçilir

2021-10-21 14:22:49 - [MESSAGE][PASSED] - Tablodan Ettn bilgisi kaydedilen veri seçilir

2021-10-21 14:22:49 - [TEST_STEP][PASSED] - Butonlardan Numara Oluştur isimli butona tıklanır: Butonlardan Numara Oluştur isimli butona tıklanır

2021-10-21 14:22:49 - [MESSAGE][PASSED] - Butonlardan Numara Oluştur isimli butona tıklanır

2021-10-21 14:22:49 - [TEST_STEP][PASSED] - Popup mesajı Devam etmek istiyor musunuz içeriyor mu: Popup mesajı Devam etmek istiyor musunuz içeriyor mu

2021-10-21 14:22:49 - [MESSAGE][PASSED] - Popup mesajı Devam etmek istiyor musunuz içeriyor mu

2021-10-21 14:22:49 - [TEST_STEP][PASSED] - Yönetim popupında Evet seçilir: Yönetim popupında Evet seçilir

2021-10-21 14:22:49 - [MESSAGE][PASSED] - Yönetim popupında Evet seçilir

2021-10-21 14:22:49 - [TEST_STEP][PASSED] - Popup mesajı oluşmuştur içeriyor mu: Popup mesajı oluşmuştur içeriyor mu

2021-10-21 14:22:49 - [MESSAGE][PASSED] - Popup mesajı oluşmuştur içeriyor mu

2021-10-21 14:22:49 - [TEST_STEP][PASSED] - Yönetim popupında Tamam seçilir: Yönetim popupında Tamam seçilir

2021-10-21 14:22:49 - [MESSAGE][PASSED] - Yönetim popupında Tamam seçilir

2021-10-21 14:22:49 - [TEST_STEP][PASSED] - Tablodan Ettn bilgisi kaydedilen veri seçilir: Tablodan Ettn bilgisi kaydedilen veri seçilir

2021-10-21 14:22:49 - [MESSAGE][PASSED] - Tablodan Ettn bilgisi kaydedilen veri seçilir

2021-10-21 14:22:49 - [TEST_STEP][PASSED] - Butonlardan Gönder isimli butona tıklanır: Butonlardan Gönder isimli butona tıklanır

2021-10-21 14:22:49 - [MESSAGE][PASSED] - Butonlardan Gönder isimli butona tıklanır

2021-10-21 14:22:49 - [TEST_STEP][PASSED] - Popup mesajı Devam etmek istiyor musunuz içeriyor mu: Popup mesajı Devam etmek istiyor musunuz içeriyor mu

2021-10-21 14:22:49 - [MESSAGE][PASSED] - Popup mesajı Devam etmek istiyor musunuz içeriyor mu

2021-10-21 14:22:49 - [TEST_STEP][PASSED] - Yönetim popupında Evet seçilir: Yönetim popupında Evet seçilir

2021-10-21 14:22:49 - [MESSAGE][PASSED] - Yönetim popupında Evet seçilir

2021-10-21 14:22:49 - [TEST_STEP][PASSED] - Ana menüden e-Arşiv seçilir: Ana menüden e-Arşiv seçilir

2021-10-21 14:22:49 - [MESSAGE][PASSED] - Ana menüden e-Arşiv seçilir

2021-10-21 14:22:49 - [TEST_STEP][PASSED] - Alt menü e-Arşiv Hareketleri başlığı altındaki e-Arşiv Faturaları seçilir: Alt menü e-Arşiv Hareketleri başlığı altındaki e-Arşiv Faturaları seçilir

2021-10-21 14:22:49 - [MESSAGE][PASSED] - Alt menü e-Arşiv Hareketleri başlığı altındaki e-Arşiv Faturaları seçilir

2021-10-21 14:22:49 - [TEST_STEP][PASSED] - Filtrelerden Ettn filtresine Ettn bilgisi yaz: Filtrelerden Ettn filtresine Ettn bilgisi yaz

2021-10-21 14:22:49 - [MESSAGE][PASSED] - Filtrelerden Ettn filtresine Ettn bilgisi yaz

2021-10-21 14:22:49 - [TEST_STEP][PASSED] - Filtre butonlarından Listele seçilir: Filtre butonlarından Listele seçilir

2021-10-21 14:22:49 - [MESSAGE][PASSED] - Filtre butonlarından Listele seçilir

2021-10-21 14:22:49 - [TEST_STEP][PASSED] - Tabloda veri var mı kontrol edilir: Tabloda veri var mı kontrol edilir

2021-10-21 14:22:49 - [MESSAGE][PASSED] - Tabloda veri var mı kontrol edilir

2021-10-21 14:22:49 - [TEST_STEP][PASSED] - Tabloda yeni oluşturulan eArsiv verisi başarılı mı: Tabloda yeni oluşturulan eArsiv verisi başarılı mı

2021-10-21 14:22:49 - [MESSAGE][PASSED] - Tabloda yeni oluşturulan eArsiv verisi başarılı mı

2021-10-21 14:22:49 - [TEST_STEP][PASSED] - Kullanıcı işlemlerinden Çıkış seçilir: Kullanıcı işlemlerinden Çıkış seçilir

2021-10-21 14:22:49 - [MESSAGE][PASSED] - Kullanıcı işlemlerinden Çıkış seçilir

2021-10-21 14:22:49 - [MESSAGE][PASSED] - Feature file: 'Include/features/Regresyon/e-Arsiv/VKN-Elektronik-Tevkifat.feature' was passed

2021-10-21 14:22:49 - [TEST_STEP][PASSED] - Start listener action : sampleAfterTestSuite: Invoke 'com.kms.katalon.core.annotation.AfterTestCase' method: 'Listener.sampleAfterTestSuite(...)' completed.

2021-10-21 14:22:49 - [MESSAGE][INFO] - Starting invoke 'com.kms.katalon.core.annotation.AfterTestCase' method: 'Listener.sampleAfterTestSuite(...)'

2021-10-21 14:22:49 - [TEST_STEP][PASSED] - closeBrowser(): Invoke 'com.kms.katalon.core.annotation.AfterTestCase' method: 'Listener.sampleAfterTestSuite(...)' completed.

2021-10-21 14:22:49 - [MESSAGE][INFO] - Closing browser

2021-10-21 14:22:51 - [MESSAGE][PASSED] - Browser is closed

2021-10-21 14:22:51 - [MESSAGE][INFO] - Invoke 'com.kms.katalon.core.annotation.AfterTestCase' method: 'Listener.sampleAfterTestSuite(...)' completed.]]></system-out>
         <system-err><![CDATA[]]></system-err>
      </testcase>
      <testcase name="Test Cases/Case Repository/Regresyon/e-Arsiv/VKN-Internet" time="126.375" classname="Test Cases/Case Repository/Regresyon/e-Arsiv/VKN-Internet" status="PASSED">
         <system-out><![CDATA[2021-10-21 14:22:51 - [TEST_CASE][PASSED] - Test Cases/Case Repository/Regresyon/e-Arsiv/VKN-Internet: Test Cases/Case Repository/Regresyon/e-Arsiv/VKN-Internet

2021-10-21 14:22:51 - [TEST_STEP][PASSED] - Start listener action : sampleBeforeTestSuite: Invoke 'com.kms.katalon.core.annotation.BeforeTestCase' method: 'Listener.sampleBeforeTestSuite(...)' completed.

2021-10-21 14:22:51 - [MESSAGE][INFO] - Starting invoke 'com.kms.katalon.core.annotation.BeforeTestCase' method: 'Listener.sampleBeforeTestSuite(...)'

2021-10-21 14:22:51 - [TEST_STEP][PASSED] - openBrowser(baseUrl): Browser is opened with url: 'https://efatura-stage.elogo.com.tr/'

2021-10-21 14:22:51 - [MESSAGE][INFO] - Opening browser

2021-10-21 14:22:51 - [MESSAGE][INFO] - Starting 'Chrome' driver

2021-10-21 14:22:51 - [MESSAGE][INFO] - User set preference: ['prefs', '{download.default_directory=C:\otomasyondownfiles}']

2021-10-21 14:22:51 - [MESSAGE][INFO] - Action delay is set to 0 milliseconds

2021-10-21 14:22:53 - [MESSAGE][INFO] - Navigating browser to: 'https://efatura-stage.elogo.com.tr/'

2021-10-21 14:22:55 - [MESSAGE][PASSED] - Browser is opened with url: 'https://efatura-stage.elogo.com.tr/'

2021-10-21 14:22:55 - [TEST_STEP][PASSED] - maximizeWindow(): Invoke 'com.kms.katalon.core.annotation.BeforeTestCase' method: 'Listener.sampleBeforeTestSuite(...)' completed.

2021-10-21 14:22:55 - [MESSAGE][INFO] - Maximizing current window

2021-10-21 14:22:55 - [MESSAGE][PASSED] - Current window maximized

2021-10-21 14:22:55 - [MESSAGE][INFO] - Invoke 'com.kms.katalon.core.annotation.BeforeTestCase' method: 'Listener.sampleBeforeTestSuite(...)' completed.

2021-10-21 14:22:56 - [TEST_STEP][PASSED] - runFeatureFile("Include/features/Regresyon/e-Arsiv/VKN-Internet.feature"): Feature file: 'Include/features/Regresyon/e-Arsiv/VKN-Internet.feature' was passed

2021-10-21 14:22:56 - [MESSAGE][INFO] - Starting run keyword runFeatureFile: 'Include/features/Regresyon/e-Arsiv/VKN-Internet.feature' and extract report to folder: 'C:\Users\DELL\Downloads\EES_Katalon-main\Reports\20211021_140437\Suite Repository\Regresyon-eArsiv-eMakbuz\20211021_140449/cucumber_report/1634815376065'...

2021-10-21 14:22:56 - [MESSAGE][INFO] - Glue: []

2021-10-21 14:22:57 - [MESSAGE][INFO] - Checking called Test Case

2021-10-21 14:22:57 - [MESSAGE][INFO] - Starting to call Test Case 'Test Cases/Sayfalar/Giris_Sayfasi/Login'

2021-10-21 14:22:57 - [TEST_CASE][PASSED] - Test Cases/Sayfalar/Giris_Sayfasi/Login: Test Cases/Sayfalar/Giris_Sayfasi/Login

2021-10-21 14:22:57 - [TEST_STEP][PASSED] - Sayfa_Basligi = getWindowTitle(): Current window's title is: 'LOGO e-Fatura'

2021-10-21 14:22:57 - [MESSAGE][INFO] - Getting current window's title

2021-10-21 14:22:57 - [MESSAGE][PASSED] - Current window's title is: 'LOGO e-Fatura'

2021-10-21 14:22:57 - [TEST_STEP][PASSED] - verifyMatch(Sayfa_Basligi, "LOGO e-Fatura", false): Actual text 'LOGO e-Fatura' and expected text 'LOGO e-Fatura' are matched 

2021-10-21 14:22:57 - [MESSAGE][INFO] - Matching actual text 'LOGO e-Fatura' with expected text 'LOGO e-Fatura'

2021-10-21 14:22:57 - [MESSAGE][PASSED] - Actual text 'LOGO e-Fatura' and expected text 'LOGO e-Fatura' are matched 

2021-10-21 14:22:57 - [TEST_STEP][PASSED] - sendKeys(findTestObject("Sayfalar/Giris_Sayfasi/Firma_Kodu"), KullaniciAdi): Keys 'ELOGO6' sent to object: 'Object Repository/Sayfalar/Giris_Sayfasi/Firma_Kodu'

2021-10-21 14:22:57 - [MESSAGE][INFO] - Finding Test Object 'Object Repository/Sayfalar/Giris_Sayfasi/Firma_Kodu'

2021-10-21 14:22:57 - [MESSAGE][INFO] - Sending keys 'ELOGO6' to object: 'Object Repository/Sayfalar/Giris_Sayfasi/Firma_Kodu'

2021-10-21 14:22:57 - [MESSAGE][INFO] - Finding web element from Test Object's properties

2021-10-21 14:22:57 - [MESSAGE][INFO] - Checking timeout

2021-10-21 14:22:57 - [MESSAGE][INFO] - Finding web element with id: 'Object Repository/Sayfalar/Giris_Sayfasi/Firma_Kodu' located by 'By.xpath: //*[@id = 'AccountName']' in '30' second(s)

2021-10-21 14:22:57 - [MESSAGE][INFO] - Smart Wait Function is triggered

2021-10-21 14:22:57 - [MESSAGE][INFO] - Found 1 web elements with id: 'Object Repository/Sayfalar/Giris_Sayfasi/Firma_Kodu' located by 'By.xpath: //*[@id = 'AccountName']' in '30' second(s)

2021-10-21 14:22:57 - [MESSAGE][PASSED] - Keys 'ELOGO6' sent to object: 'Object Repository/Sayfalar/Giris_Sayfasi/Firma_Kodu'

2021-10-21 14:22:57 - [TEST_STEP][PASSED] - sendKeys(findTestObject("Sayfalar/Giris_Sayfasi/Sifre"), Sifre): Keys '123456' sent to object: 'Object Repository/Sayfalar/Giris_Sayfasi/Sifre'

2021-10-21 14:22:57 - [MESSAGE][INFO] - Finding Test Object 'Object Repository/Sayfalar/Giris_Sayfasi/Sifre'

2021-10-21 14:22:58 - [MESSAGE][INFO] - Sending keys '123456' to object: 'Object Repository/Sayfalar/Giris_Sayfasi/Sifre'

2021-10-21 14:22:58 - [MESSAGE][INFO] - Finding web element from Test Object's properties

2021-10-21 14:22:58 - [MESSAGE][INFO] - Checking timeout

2021-10-21 14:22:58 - [MESSAGE][INFO] - Finding web element with id: 'Object Repository/Sayfalar/Giris_Sayfasi/Sifre' located by 'By.xpath: //*[@id = 'Password']' in '30' second(s)

2021-10-21 14:22:58 - [MESSAGE][INFO] - Smart Wait Function is triggered

2021-10-21 14:22:58 - [MESSAGE][INFO] - Found 1 web elements with id: 'Object Repository/Sayfalar/Giris_Sayfasi/Sifre' located by 'By.xpath: //*[@id = 'Password']' in '30' second(s)

2021-10-21 14:22:58 - [MESSAGE][PASSED] - Keys '123456' sent to object: 'Object Repository/Sayfalar/Giris_Sayfasi/Sifre'

2021-10-21 14:22:58 - [TEST_STEP][PASSED] - findWebElement(findTestObject("Sayfalar/Giris_Sayfasi/Giris_Butonu")).click(): Found 1 web elements with id: 'Object Repository/Sayfalar/Giris_Sayfasi/Giris_Butonu' located by 'By.cssSelector: #btnLogin' in '30' second(s)

2021-10-21 14:22:58 - [MESSAGE][INFO] - Finding Test Object 'Object Repository/Sayfalar/Giris_Sayfasi/Giris_Butonu'

2021-10-21 14:22:58 - [MESSAGE][INFO] - Finding web element from Test Object's properties

2021-10-21 14:22:58 - [MESSAGE][INFO] - Checking timeout

2021-10-21 14:22:58 - [MESSAGE][INFO] - Finding web element with id: 'Object Repository/Sayfalar/Giris_Sayfasi/Giris_Butonu' located by 'By.cssSelector: #btnLogin' in '30' second(s)

2021-10-21 14:22:58 - [MESSAGE][INFO] - Smart Wait Function is triggered

2021-10-21 14:22:58 - [MESSAGE][INFO] - Found 1 web elements with id: 'Object Repository/Sayfalar/Giris_Sayfasi/Giris_Butonu' located by 'By.cssSelector: #btnLogin' in '30' second(s)

2021-10-21 14:23:01 - [TEST_STEP][PASSED] - if (verifyElementPresent(findTestObject("Object Repository/Sayfalar/Giris_Sayfasi/RetveTamam_Butonu"), 5, OPTIONAL)): null

2021-10-21 14:23:01 - [MESSAGE][INFO] - Finding Test Object 'Object Repository/Sayfalar/Giris_Sayfasi/RetveTamam_Butonu'

2021-10-21 14:23:01 - [MESSAGE][INFO] - Checking object

2021-10-21 14:23:01 - [MESSAGE][INFO] - Finding web element from Test Object's properties

2021-10-21 14:23:01 - [MESSAGE][INFO] - Checking timeout

2021-10-21 14:23:01 - [MESSAGE][INFO] - Finding web element with id: 'Object Repository/Sayfalar/Giris_Sayfasi/RetveTamam_Butonu' located by 'By.xpath: //*[@class = 'btn btn-default']' in '5' second(s)

2021-10-21 14:23:01 - [MESSAGE][INFO] - Smart Wait Function is triggered

2021-10-21 14:23:01 - [MESSAGE][INFO] - Found 1 web elements with id: 'Object Repository/Sayfalar/Giris_Sayfasi/RetveTamam_Butonu' located by 'By.xpath: //*[@class = 'btn btn-default']' in '5' second(s)

2021-10-21 14:23:01 - [MESSAGE][PASSED] - Object 'Object Repository/Sayfalar/Giris_Sayfasi/RetveTamam_Butonu' is present

2021-10-21 14:23:01 - [TEST_STEP][PASSED] - click(findTestObject("Object Repository/Sayfalar/Giris_Sayfasi/RetveTamam_Butonu")): Object: 'Object Repository/Sayfalar/Giris_Sayfasi/RetveTamam_Butonu' is clicked on

2021-10-21 14:23:01 - [MESSAGE][INFO] - Finding Test Object 'Object Repository/Sayfalar/Giris_Sayfasi/RetveTamam_Butonu'

2021-10-21 14:23:01 - [MESSAGE][INFO] - Checking object

2021-10-21 14:23:01 - [MESSAGE][INFO] - Finding web element from Test Object's properties

2021-10-21 14:23:01 - [MESSAGE][INFO] - Checking timeout

2021-10-21 14:23:01 - [MESSAGE][INFO] - Finding web element with id: 'Object Repository/Sayfalar/Giris_Sayfasi/RetveTamam_Butonu' located by 'By.xpath: //*[@class = 'btn btn-default']' in '30' second(s)

2021-10-21 14:23:01 - [MESSAGE][INFO] - Smart Wait Function is triggered

2021-10-21 14:23:02 - [MESSAGE][INFO] - Found 1 web elements with id: 'Object Repository/Sayfalar/Giris_Sayfasi/RetveTamam_Butonu' located by 'By.xpath: //*[@class = 'btn btn-default']' in '30' second(s)

2021-10-21 14:23:02 - [MESSAGE][INFO] - Clicking on object: 'Object Repository/Sayfalar/Giris_Sayfasi/RetveTamam_Butonu'

2021-10-21 14:23:02 - [MESSAGE][PASSED] - Object: 'Object Repository/Sayfalar/Giris_Sayfasi/RetveTamam_Butonu' is clicked on

2021-10-21 14:23:02 - [TEST_STEP][PASSED] - click(findTestObject("Object Repository/Sayfalar/Giris_Sayfasi/RetveTamam_Butonu")): Object: 'Object Repository/Sayfalar/Giris_Sayfasi/RetveTamam_Butonu' is clicked on

2021-10-21 14:23:02 - [MESSAGE][INFO] - Finding Test Object 'Object Repository/Sayfalar/Giris_Sayfasi/RetveTamam_Butonu'

2021-10-21 14:23:02 - [MESSAGE][INFO] - Checking object

2021-10-21 14:23:02 - [MESSAGE][INFO] - Finding web element from Test Object's properties

2021-10-21 14:23:02 - [MESSAGE][INFO] - Checking timeout

2021-10-21 14:23:02 - [MESSAGE][INFO] - Finding web element with id: 'Object Repository/Sayfalar/Giris_Sayfasi/RetveTamam_Butonu' located by 'By.xpath: //*[@class = 'btn btn-default']' in '30' second(s)

2021-10-21 14:23:02 - [MESSAGE][INFO] - Smart Wait Function is triggered

2021-10-21 14:23:05 - [MESSAGE][INFO] - Found 1 web elements with id: 'Object Repository/Sayfalar/Giris_Sayfasi/RetveTamam_Butonu' located by 'By.xpath: //*[@class = 'btn btn-default']' in '30' second(s)

2021-10-21 14:23:05 - [MESSAGE][INFO] - Clicking on object: 'Object Repository/Sayfalar/Giris_Sayfasi/RetveTamam_Butonu'

2021-10-21 14:23:05 - [MESSAGE][PASSED] - Object: 'Object Repository/Sayfalar/Giris_Sayfasi/RetveTamam_Butonu' is clicked on

2021-10-21 14:23:05 - [TEST_STEP][PASSED] - if (verifyElementPresent(findTestObject("Sayfalar/Giris_Sayfasi/PopupOK"), 5, OPTIONAL)): null

2021-10-21 14:23:05 - [MESSAGE][INFO] - Finding Test Object 'Object Repository/Sayfalar/Giris_Sayfasi/PopupOK'

2021-10-21 14:23:05 - [MESSAGE][INFO] - Checking object

2021-10-21 14:23:05 - [MESSAGE][INFO] - Finding web element from Test Object's properties

2021-10-21 14:23:05 - [MESSAGE][INFO] - Checking timeout

2021-10-21 14:23:05 - [MESSAGE][INFO] - Finding web element with id: 'Object Repository/Sayfalar/Giris_Sayfasi/PopupOK' located by 'By.cssSelector: .btn.btn-success' in '5' second(s)

2021-10-21 14:23:05 - [MESSAGE][INFO] - Smart Wait Function is triggered

2021-10-21 14:23:06 - [MESSAGE][INFO] - Found 1 web elements with id: 'Object Repository/Sayfalar/Giris_Sayfasi/PopupOK' located by 'By.cssSelector: .btn.btn-success' in '5' second(s)

2021-10-21 14:23:06 - [MESSAGE][PASSED] - Object 'Object Repository/Sayfalar/Giris_Sayfasi/PopupOK' is present

2021-10-21 14:23:06 - [TEST_STEP][PASSED] - click(findTestObject("Object Repository/Sayfalar/Giris_Sayfasi/PopupCarpiGiris")): Object: 'Object Repository/Sayfalar/Giris_Sayfasi/PopupCarpiGiris' is clicked on

2021-10-21 14:23:06 - [MESSAGE][INFO] - Finding Test Object 'Object Repository/Sayfalar/Giris_Sayfasi/PopupCarpiGiris'

2021-10-21 14:23:06 - [MESSAGE][INFO] - Checking object

2021-10-21 14:23:06 - [MESSAGE][INFO] - Finding web element from Test Object's properties

2021-10-21 14:23:06 - [MESSAGE][INFO] - Checking timeout

2021-10-21 14:23:06 - [MESSAGE][INFO] - Finding web element with id: 'Object Repository/Sayfalar/Giris_Sayfasi/PopupCarpiGiris' located by 'By.cssSelector: .bootbox-close-button.close' in '30' second(s)

2021-10-21 14:23:06 - [MESSAGE][INFO] - Smart Wait Function is triggered

2021-10-21 14:23:06 - [MESSAGE][INFO] - Found 1 web elements with id: 'Object Repository/Sayfalar/Giris_Sayfasi/PopupCarpiGiris' located by 'By.cssSelector: .bootbox-close-button.close' in '30' second(s)

2021-10-21 14:23:06 - [MESSAGE][INFO] - Clicking on object: 'Object Repository/Sayfalar/Giris_Sayfasi/PopupCarpiGiris'

2021-10-21 14:23:06 - [MESSAGE][PASSED] - Object: 'Object Repository/Sayfalar/Giris_Sayfasi/PopupCarpiGiris' is clicked on

2021-10-21 14:23:06 - [TEST_STEP][PASSED] - verifyElementVisible(findTestObject("Object Repository/Kullanici_Islemleri/KullaniciIslemleri")): Object 'Object Repository/Kullanici_Islemleri/KullaniciIslemleri' is visible

2021-10-21 14:23:06 - [MESSAGE][INFO] - Finding Test Object 'Object Repository/Kullanici_Islemleri/KullaniciIslemleri'

2021-10-21 14:23:06 - [MESSAGE][INFO] - Checking object

2021-10-21 14:23:06 - [MESSAGE][INFO] - Finding web element from Test Object's properties

2021-10-21 14:23:06 - [MESSAGE][INFO] - Checking timeout

2021-10-21 14:23:06 - [MESSAGE][INFO] - Finding web element with id: 'Object Repository/Kullanici_Islemleri/KullaniciIslemleri' located by 'By.cssSelector: .dropdown>a>img' in '30' second(s)

2021-10-21 14:23:06 - [MESSAGE][INFO] - Smart Wait Function is triggered

2021-10-21 14:23:07 - [MESSAGE][INFO] - Found 1 web elements with id: 'Object Repository/Kullanici_Islemleri/KullaniciIslemleri' located by 'By.cssSelector: .dropdown>a>img' in '30' second(s)

2021-10-21 14:23:07 - [MESSAGE][PASSED] - Object 'Object Repository/Kullanici_Islemleri/KullaniciIslemleri' is visible

2021-10-21 14:23:07 - [MESSAGE][PASSED] - Call Test Case 'Test Cases/Sayfalar/Giris_Sayfasi/Login' successfully

2021-10-21 14:23:07 - [MESSAGE][INFO] - Checking called Test Case

2021-10-21 14:23:07 - [MESSAGE][INFO] - Starting to call Test Case 'Test Cases/Menu/AnaMenuSecimi'

2021-10-21 14:23:07 - [TEST_CASE][PASSED] - Test Cases/Menu/AnaMenuSecimi: Test Cases/Menu/AnaMenuSecimi

2021-10-21 14:23:07 - [TEST_STEP][PASSED] - Method.TextDegerineEsitElementeTikla(findTestObject("Menu/Ana_Menu"), Ana_Menu): Method.TextDegerineEsitElementeTikla is PASSED

2021-10-21 14:23:07 - [MESSAGE][INFO] - Finding Test Object 'Object Repository/Menu/Ana_Menu'

2021-10-21 14:23:07 - [MESSAGE][INFO] - Checking timeout

2021-10-21 14:23:07 - [MESSAGE][INFO] - Finding web element with id: 'Object Repository/Menu/Ana_Menu' located by 'By.xpath: //*[@class = 'dropdown-toggle']' in '10' second(s)

2021-10-21 14:23:07 - [MESSAGE][INFO] - Smart Wait Function is triggered

2021-10-21 14:23:07 - [MESSAGE][INFO] - Found 14 web elements with id: 'Object Repository/Menu/Ana_Menu' located by 'By.xpath: //*[@class = 'dropdown-toggle']' in '10' second(s)

2021-10-21 14:23:07 - [MESSAGE][PASSED] - Method.TextDegerineEsitElementeTikla is PASSED

2021-10-21 14:23:07 - [MESSAGE][PASSED] - Call Test Case 'Test Cases/Menu/AnaMenuSecimi' successfully

2021-10-21 14:23:07 - [MESSAGE][INFO] - Checking called Test Case

2021-10-21 14:23:07 - [MESSAGE][INFO] - Starting to call Test Case 'Test Cases/Menu/BasligaGoreAltMenuSecimi'

2021-10-21 14:23:08 - [TEST_CASE][PASSED] - Test Cases/Menu/BasligaGoreAltMenuSecimi: Test Cases/Menu/BasligaGoreAltMenuSecimi

2021-10-21 14:23:08 - [TEST_STEP][PASSED] - Method.TextDegerineEsitElementinAltindakiTextDegerineEsitOlanaTikla(findTestObject("Menu/Menu_Basligi"), findTestObject("Menu/Basliga_Gore_Alt_Menu"), Baslik, Alt_Menu): Method.TextDegerineEsitElementinAltindakiTextDegerineEsitOlanaTikla is PASSED

2021-10-21 14:23:08 - [MESSAGE][INFO] - Finding Test Object 'Object Repository/Menu/Menu_Basligi'

2021-10-21 14:23:08 - [MESSAGE][INFO] - Finding Test Object 'Object Repository/Menu/Basliga_Gore_Alt_Menu'

2021-10-21 14:23:08 - [MESSAGE][INFO] - Checking timeout

2021-10-21 14:23:08 - [MESSAGE][INFO] - Finding web element with id: 'Object Repository/Menu/Menu_Basligi' located by 'By.xpath: //li[@class='dropdown dropdown-large open']//li[@class='dropdown-header']' in '10' second(s)

2021-10-21 14:23:08 - [MESSAGE][INFO] - Smart Wait Function is triggered

2021-10-21 14:23:08 - [MESSAGE][INFO] - Found 2 web elements with id: 'Object Repository/Menu/Menu_Basligi' located by 'By.xpath: //li[@class='dropdown dropdown-large open']//li[@class='dropdown-header']' in '10' second(s)

2021-10-21 14:23:08 - [MESSAGE][INFO] - Smart Wait Function is triggered

2021-10-21 14:23:11 - [MESSAGE][PASSED] - Method.TextDegerineEsitElementinAltindakiTextDegerineEsitOlanaTikla is PASSED

2021-10-21 14:23:11 - [MESSAGE][PASSED] - Call Test Case 'Test Cases/Menu/BasligaGoreAltMenuSecimi' successfully

2021-10-21 14:23:11 - [MESSAGE][INFO] - Checking called Test Case

2021-10-21 14:23:11 - [MESSAGE][INFO] - Starting to call Test Case 'Test Cases/Tablo/Olusturma Tarihi'

2021-10-21 14:23:11 - [TEST_CASE][PASSED] - Test Cases/Tablo/Olusturma Tarihi: Test Cases/Tablo/Olusturma Tarihi

2021-10-21 14:23:11 - [TEST_STEP][PASSED] - if (verifyTextNotPresent("Görüntülenecek veri yok", true, OPTIONAL)): null

2021-10-21 14:23:11 - [MESSAGE][INFO] - Checking text present  using regular expression

2021-10-21 14:23:11 - [MESSAGE][INFO] - Smart Wait Function is triggered

2021-10-21 14:23:11 - [MESSAGE][INFO] - Finding text 'Görüntülenecek veri yok' on page  using regular expression

2021-10-21 14:23:11 - [MESSAGE][PASSED] - Text 'Görüntülenecek veri yok' is not present on page using regular expression

2021-10-21 14:23:11 - [TEST_STEP][PASSED] - click(findTestObject("Temizle/Olusturma_Tarihi_CheckBox")): Object: 'Object Repository/Temizle/Olusturma_Tarihi_CheckBox' is clicked on

2021-10-21 14:23:11 - [MESSAGE][INFO] - Finding Test Object 'Object Repository/Temizle/Olusturma_Tarihi_CheckBox'

2021-10-21 14:23:11 - [MESSAGE][INFO] - Checking object

2021-10-21 14:23:11 - [MESSAGE][INFO] - Finding web element from Test Object's properties

2021-10-21 14:23:11 - [MESSAGE][INFO] - Checking timeout

2021-10-21 14:23:11 - [MESSAGE][INFO] - Finding web element with id: 'Object Repository/Temizle/Olusturma_Tarihi_CheckBox' located by 'By.xpath: //*[@title = 'Bu sayfadaki tüm satırları Seç']' in '30' second(s)

2021-10-21 14:23:11 - [MESSAGE][INFO] - Smart Wait Function is triggered

2021-10-21 14:23:12 - [MESSAGE][INFO] - Found 1 web elements with id: 'Object Repository/Temizle/Olusturma_Tarihi_CheckBox' located by 'By.xpath: //*[@title = 'Bu sayfadaki tüm satırları Seç']' in '30' second(s)

2021-10-21 14:23:12 - [MESSAGE][INFO] - Clicking on object: 'Object Repository/Temizle/Olusturma_Tarihi_CheckBox'

2021-10-21 14:23:12 - [MESSAGE][PASSED] - Object: 'Object Repository/Temizle/Olusturma_Tarihi_CheckBox' is clicked on

2021-10-21 14:23:12 - [TEST_STEP][PASSED] - Method.TextDegerineEsitElementeTiklaEquals(findTestObject("Butonlar/Butonlar"), "Sil"): Method.TextDegerineEsitElementeTiklaEquals is PASSED

2021-10-21 14:23:12 - [MESSAGE][INFO] - Finding Test Object 'Object Repository/Butonlar/Butonlar'

2021-10-21 14:23:12 - [MESSAGE][INFO] - Checking timeout

2021-10-21 14:23:12 - [MESSAGE][INFO] - Finding web element with id: 'Object Repository/Butonlar/Butonlar' located by 'By.cssSelector: .panel.panel-default.text-center.footerPanel .btn,.btn.btn-primary.btnControls' in '10' second(s)

2021-10-21 14:23:12 - [MESSAGE][INFO] - Smart Wait Function is triggered

2021-10-21 14:23:12 - [MESSAGE][INFO] - Found 10 web elements with id: 'Object Repository/Butonlar/Butonlar' located by 'By.cssSelector: .panel.panel-default.text-center.footerPanel .btn,.btn.btn-primary.btnControls' in '10' second(s)

2021-10-21 14:23:12 - [MESSAGE][PASSED] - Method.TextDegerineEsitElementeTiklaEquals is PASSED

2021-10-21 14:23:12 - [TEST_STEP][PASSED] - Method.TextDegerineEsitElementeTikla(findTestObject("Popup/Popup_Butons"), "Evet"): Method.TextDegerineEsitElementeTikla is PASSED

2021-10-21 14:23:12 - [MESSAGE][INFO] - Finding Test Object 'Object Repository/Popup/Popup_Butons'

2021-10-21 14:23:12 - [MESSAGE][INFO] - Checking timeout

2021-10-21 14:23:12 - [MESSAGE][INFO] - Finding web element with id: 'Object Repository/Popup/Popup_Butons' located by 'By.cssSelector: .modal-footer>button' in '10' second(s)

2021-10-21 14:23:12 - [MESSAGE][INFO] - Smart Wait Function is triggered

2021-10-21 14:23:13 - [MESSAGE][INFO] - Found 2 web elements with id: 'Object Repository/Popup/Popup_Butons' located by 'By.cssSelector: .modal-footer>button' in '10' second(s)

2021-10-21 14:23:13 - [MESSAGE][PASSED] - Method.TextDegerineEsitElementeTikla is PASSED

2021-10-21 14:23:13 - [TEST_STEP][PASSED] - Method.TextDegerineEsitElementeTikla(findTestObject("Popup/Popup_Butons"), "Tamam"): Method.TextDegerineEsitElementeTikla is PASSED

2021-10-21 14:23:13 - [MESSAGE][INFO] - Finding Test Object 'Object Repository/Popup/Popup_Butons'

2021-10-21 14:23:14 - [MESSAGE][INFO] - Checking timeout

2021-10-21 14:23:14 - [MESSAGE][INFO] - Finding web element with id: 'Object Repository/Popup/Popup_Butons' located by 'By.cssSelector: .modal-footer>button' in '10' second(s)

2021-10-21 14:23:14 - [MESSAGE][INFO] - Smart Wait Function is triggered

2021-10-21 14:23:14 - [MESSAGE][INFO] - Found 1 web elements with id: 'Object Repository/Popup/Popup_Butons' located by 'By.cssSelector: .modal-footer>button' in '10' second(s)

2021-10-21 14:23:14 - [MESSAGE][PASSED] - Method.TextDegerineEsitElementeTikla is PASSED

2021-10-21 14:23:14 - [MESSAGE][PASSED] - Call Test Case 'Test Cases/Tablo/Olusturma Tarihi' successfully

2021-10-21 14:23:14 - [MESSAGE][INFO] - Checking called Test Case

2021-10-21 14:23:14 - [MESSAGE][INFO] - Starting to call Test Case 'Test Cases/Filtreler/faturaTipiSec'

2021-10-21 14:23:14 - [TEST_CASE][PASSED] - Test Cases/Filtreler/faturaTipiSec: Test Cases/Filtreler/faturaTipiSec

2021-10-21 14:23:15 - [TEST_STEP][PASSED] - click(findTestObject("Filtreler/Fatura_Tipi"), STOP_ON_FAILURE): Object: 'Object Repository/Filtreler/Fatura_Tipi' is clicked on

2021-10-21 14:23:15 - [MESSAGE][INFO] - Finding Test Object 'Object Repository/Filtreler/Fatura_Tipi'

2021-10-21 14:23:15 - [MESSAGE][INFO] - Checking object

2021-10-21 14:23:15 - [MESSAGE][INFO] - Finding web element from Test Object's properties

2021-10-21 14:23:15 - [MESSAGE][INFO] - Checking timeout

2021-10-21 14:23:15 - [MESSAGE][INFO] - Finding web element with id: 'Object Repository/Filtreler/Fatura_Tipi' located by 'By.cssSelector: #cmbFaturaTip > option:nth-child(2)' in '30' second(s)

2021-10-21 14:23:15 - [MESSAGE][INFO] - Smart Wait Function is triggered

2021-10-21 14:23:16 - [MESSAGE][INFO] - Found 1 web elements with id: 'Object Repository/Filtreler/Fatura_Tipi' located by 'By.cssSelector: #cmbFaturaTip > option:nth-child(2)' in '30' second(s)

2021-10-21 14:23:16 - [MESSAGE][INFO] - Clicking on object: 'Object Repository/Filtreler/Fatura_Tipi'

2021-10-21 14:23:16 - [MESSAGE][PASSED] - Object: 'Object Repository/Filtreler/Fatura_Tipi' is clicked on

2021-10-21 14:23:16 - [MESSAGE][PASSED] - Call Test Case 'Test Cases/Filtreler/faturaTipiSec' successfully

2021-10-21 14:23:16 - [MESSAGE][INFO] - Checking called Test Case

2021-10-21 14:23:16 - [MESSAGE][INFO] - Starting to call Test Case 'Test Cases/Butonlar/ButonaTikla'

2021-10-21 14:23:16 - [TEST_CASE][PASSED] - Test Cases/Butonlar/ButonaTikla: Test Cases/Butonlar/ButonaTikla

2021-10-21 14:23:16 - [TEST_STEP][PASSED] - Method.TextDegerineEsitElementeTiklaEquals(findTestObject("Butonlar/Butonlar"), Buton_Adi): Method.TextDegerineEsitElementeTiklaEquals is PASSED

2021-10-21 14:23:16 - [MESSAGE][INFO] - Finding Test Object 'Object Repository/Butonlar/Butonlar'

2021-10-21 14:23:16 - [MESSAGE][INFO] - Checking timeout

2021-10-21 14:23:16 - [MESSAGE][INFO] - Finding web element with id: 'Object Repository/Butonlar/Butonlar' located by 'By.cssSelector: .panel.panel-default.text-center.footerPanel .btn,.btn.btn-primary.btnControls' in '10' second(s)

2021-10-21 14:23:16 - [MESSAGE][INFO] - Smart Wait Function is triggered

2021-10-21 14:23:16 - [MESSAGE][INFO] - Found 10 web elements with id: 'Object Repository/Butonlar/Butonlar' located by 'By.cssSelector: .panel.panel-default.text-center.footerPanel .btn,.btn.btn-primary.btnControls' in '10' second(s)

2021-10-21 14:23:16 - [MESSAGE][PASSED] - Method.TextDegerineEsitElementeTiklaEquals is PASSED

2021-10-21 14:23:16 - [MESSAGE][PASSED] - Call Test Case 'Test Cases/Butonlar/ButonaTikla' successfully

2021-10-21 14:23:16 - [MESSAGE][INFO] - Checking called Test Case

2021-10-21 14:23:16 - [MESSAGE][INFO] - Starting to call Test Case 'Test Cases/Olusturma/Genel/GorselTasarimSayfasıBasligiIceriyorMu'

2021-10-21 14:23:16 - [TEST_CASE][PASSED] - Test Cases/Olusturma/Genel/GorselTasarimSayfasıBasligiIceriyorMu: Test Cases/Olusturma/Genel/GorselTasarimSayfasıBasligiIceriyorMu

2021-10-21 14:23:16 - [TEST_STEP][PASSED] - verifyElementText(findTestObject("Object Repository/Olusturma/Genel/GorselTasarimBaslik"), Baslik): Actual text and expected text of test object 'Object Repository/Olusturma/Genel/GorselTasarimBaslik' are matched.

2021-10-21 14:23:16 - [MESSAGE][INFO] - Finding Test Object 'Object Repository/Olusturma/Genel/GorselTasarimBaslik'

2021-10-21 14:23:16 - [MESSAGE][INFO] - Checking object

2021-10-21 14:23:16 - [MESSAGE][INFO] - Finding web element from Test Object's properties

2021-10-21 14:23:16 - [MESSAGE][INFO] - Checking timeout

2021-10-21 14:23:16 - [MESSAGE][INFO] - Finding web element with id: 'Object Repository/Olusturma/Genel/GorselTasarimBaslik' located by 'By.cssSelector: #flAlici_0>div>span' in '30' second(s)

2021-10-21 14:23:16 - [MESSAGE][INFO] - Smart Wait Function is triggered

2021-10-21 14:23:22 - [MESSAGE][INFO] - Found 1 web elements with id: 'Object Repository/Olusturma/Genel/GorselTasarimBaslik' located by 'By.cssSelector: #flAlici_0>div>span' in '30' second(s)

2021-10-21 14:23:22 - [MESSAGE][PASSED] - Actual text and expected text of test object 'Object Repository/Olusturma/Genel/GorselTasarimBaslik' are matched.

2021-10-21 14:23:22 - [MESSAGE][PASSED] - Call Test Case 'Test Cases/Olusturma/Genel/GorselTasarimSayfasıBasligiIceriyorMu' successfully

2021-10-21 14:23:22 - [MESSAGE][INFO] - Checking called Test Case

2021-10-21 14:23:22 - [MESSAGE][INFO] - Starting to call Test Case 'Test Cases/Olusturma/Genel/AliciSecilir'

2021-10-21 14:23:22 - [TEST_CASE][PASSED] - Test Cases/Olusturma/Genel/AliciSecilir: Test Cases/Olusturma/Genel/AliciSecilir

2021-10-21 14:23:22 - [TEST_STEP][PASSED] - click(findTestObject("Olusturma/Genel/AliciBilgisi/Alici_Ara")): Object: 'Object Repository/Olusturma/Genel/AliciBilgisi/Alici_Ara' is clicked on

2021-10-21 14:23:22 - [MESSAGE][INFO] - Finding Test Object 'Object Repository/Olusturma/Genel/AliciBilgisi/Alici_Ara'

2021-10-21 14:23:22 - [MESSAGE][INFO] - Checking object

2021-10-21 14:23:22 - [MESSAGE][INFO] - Finding web element from Test Object's properties

2021-10-21 14:23:22 - [MESSAGE][INFO] - Checking timeout

2021-10-21 14:23:22 - [MESSAGE][INFO] - Finding web element with id: 'Object Repository/Olusturma/Genel/AliciBilgisi/Alici_Ara' located by 'By.xpath: //td[@id='txtCustomerText_B-1']' in '30' second(s)

2021-10-21 14:23:22 - [MESSAGE][INFO] - Smart Wait Function is triggered

2021-10-21 14:23:22 - [MESSAGE][INFO] - Found 1 web elements with id: 'Object Repository/Olusturma/Genel/AliciBilgisi/Alici_Ara' located by 'By.xpath: //td[@id='txtCustomerText_B-1']' in '30' second(s)

2021-10-21 14:23:22 - [MESSAGE][INFO] - Clicking on object: 'Object Repository/Olusturma/Genel/AliciBilgisi/Alici_Ara'

2021-10-21 14:23:23 - [MESSAGE][PASSED] - Object: 'Object Repository/Olusturma/Genel/AliciBilgisi/Alici_Ara' is clicked on

2021-10-21 14:23:23 - [TEST_STEP][PASSED] - click(findTestObject("Olusturma/Genel/AliciBilgisi/Alici_Bilgisi")): Object: 'Object Repository/Olusturma/Genel/AliciBilgisi/Alici_Bilgisi' is clicked on

2021-10-21 14:23:23 - [MESSAGE][INFO] - Finding Test Object 'Object Repository/Olusturma/Genel/AliciBilgisi/Alici_Bilgisi'

2021-10-21 14:23:23 - [MESSAGE][INFO] - Checking object

2021-10-21 14:23:23 - [MESSAGE][INFO] - Finding web element from Test Object's properties

2021-10-21 14:23:23 - [MESSAGE][INFO] - Checking timeout

2021-10-21 14:23:23 - [MESSAGE][INFO] - Finding web element with id: 'Object Repository/Olusturma/Genel/AliciBilgisi/Alici_Bilgisi' located by 'By.xpath: //iframe[@id='customerselectiframe']' in '30' second(s)

2021-10-21 14:23:23 - [MESSAGE][INFO] - Smart Wait Function is triggered

2021-10-21 14:23:23 - [MESSAGE][INFO] - Found 1 web elements with id: 'Object Repository/Olusturma/Genel/AliciBilgisi/Alici_Bilgisi' located by 'By.xpath: //iframe[@id='customerselectiframe']' in '30' second(s)

2021-10-21 14:23:23 - [MESSAGE][INFO] - Clicking on object: 'Object Repository/Olusturma/Genel/AliciBilgisi/Alici_Bilgisi'

2021-10-21 14:23:23 - [MESSAGE][PASSED] - Object: 'Object Repository/Olusturma/Genel/AliciBilgisi/Alici_Bilgisi' is clicked on

2021-10-21 14:23:23 - [TEST_STEP][PASSED] - setText(findTestObject("Olusturma/Genel/AliciBilgisi/Alici_Gir"), Alici_Adi): Switching to default content

2021-10-21 14:23:23 - [MESSAGE][INFO] - Finding Test Object 'Object Repository/Olusturma/Genel/AliciBilgisi/Alici_Gir'

2021-10-21 14:23:23 - [MESSAGE][INFO] - Finding Test Object 'Object Repository/Olusturma/Genel/AliciBilgisi/Alici_Bilgisi'

2021-10-21 14:23:23 - [MESSAGE][INFO] - Checking object

2021-10-21 14:23:23 - [MESSAGE][INFO] - Checking text

2021-10-21 14:23:23 - [MESSAGE][INFO] - Object: 'Object Repository/Olusturma/Genel/AliciBilgisi/Alici_Gir' has parent object(s)

2021-10-21 14:23:23 - [MESSAGE][INFO] - Switching to iframe: 'Object Repository/Olusturma/Genel/AliciBilgisi/Alici_Bilgisi'

2021-10-21 14:23:23 - [MESSAGE][INFO] - Finding web element from Test Object's properties

2021-10-21 14:23:23 - [MESSAGE][INFO] - Checking timeout

2021-10-21 14:23:23 - [MESSAGE][INFO] - Finding web element with id: 'Object Repository/Olusturma/Genel/AliciBilgisi/Alici_Bilgisi' located by 'By.xpath: //iframe[@id='customerselectiframe']' in '30' second(s)

2021-10-21 14:23:23 - [MESSAGE][INFO] - Smart Wait Function is triggered

2021-10-21 14:23:24 - [MESSAGE][INFO] - Found 1 web elements with id: 'Object Repository/Olusturma/Genel/AliciBilgisi/Alici_Bilgisi' located by 'By.xpath: //iframe[@id='customerselectiframe']' in '30' second(s)

2021-10-21 14:23:24 - [MESSAGE][INFO] - Switched to iframe: 'Object Repository/Olusturma/Genel/AliciBilgisi/Alici_Bilgisi'

2021-10-21 14:23:24 - [MESSAGE][INFO] - Finding web element from Test Object's properties

2021-10-21 14:23:24 - [MESSAGE][INFO] - Checking timeout

2021-10-21 14:23:24 - [MESSAGE][INFO] - Finding web element with id: 'Object Repository/Olusturma/Genel/AliciBilgisi/Alici_Gir' located by 'By.xpath: //input[@id='GridViewCustomer_DXFREditorcol1_I']' in '30' second(s)

2021-10-21 14:23:24 - [MESSAGE][INFO] - Smart Wait Function is triggered

2021-10-21 14:23:24 - [MESSAGE][INFO] - Found 1 web elements with id: 'Object Repository/Olusturma/Genel/AliciBilgisi/Alici_Gir' located by 'By.xpath: //input[@id='GridViewCustomer_DXFREditorcol1_I']' in '30' second(s)

2021-10-21 14:23:24 - [MESSAGE][INFO] - Clearing text of object 'Object Repository/Olusturma/Genel/AliciBilgisi/Alici_Gir'

2021-10-21 14:23:24 - [MESSAGE][INFO] - Finding web element from Test Object's properties

2021-10-21 14:23:24 - [MESSAGE][INFO] - Checking timeout

2021-10-21 14:23:24 - [MESSAGE][INFO] - Finding web element with id: 'Object Repository/Olusturma/Genel/AliciBilgisi/Alici_Gir' located by 'By.xpath: //input[@id='GridViewCustomer_DXFREditorcol1_I']' in '30' second(s)

2021-10-21 14:23:24 - [MESSAGE][INFO] - Smart Wait Function is triggered

2021-10-21 14:23:24 - [MESSAGE][INFO] - Found 1 web elements with id: 'Object Repository/Olusturma/Genel/AliciBilgisi/Alici_Gir' located by 'By.xpath: //input[@id='GridViewCustomer_DXFREditorcol1_I']' in '30' second(s)

2021-10-21 14:23:24 - [MESSAGE][INFO] - Setting text of object 'Object Repository/Olusturma/Genel/AliciBilgisi/Alici_Gir' to value 'VirgosolArsivVKN'

2021-10-21 14:23:24 - [MESSAGE][PASSED] - Text 'VirgosolArsivVKN' is set on object 'Object Repository/Olusturma/Genel/AliciBilgisi/Alici_Gir'

2021-10-21 14:23:24 - [MESSAGE][INFO] - Switching to default content

2021-10-21 14:23:24 - [TEST_STEP][PASSED] - waitForElementClickable(findTestObject("Olusturma/Genel/AliciBilgisi/Alici_Adi"), 10): Switching to default content

2021-10-21 14:23:24 - [MESSAGE][INFO] - Finding Test Object 'Object Repository/Olusturma/Genel/AliciBilgisi/Alici_Adi'

2021-10-21 14:23:24 - [MESSAGE][INFO] - Finding Test Object 'Object Repository/Olusturma/Genel/AliciBilgisi/iframe_Alc Bilgisi_customerselectiframe'

2021-10-21 14:23:24 - [MESSAGE][INFO] - Checking object

2021-10-21 14:23:24 - [MESSAGE][INFO] - Checking timeout

2021-10-21 14:23:24 - [MESSAGE][INFO] - Object: 'Object Repository/Olusturma/Genel/AliciBilgisi/Alici_Adi' has parent object(s)

2021-10-21 14:23:24 - [MESSAGE][INFO] - Switching to iframe: 'Object Repository/Olusturma/Genel/AliciBilgisi/iframe_Alc Bilgisi_customerselectiframe'

2021-10-21 14:23:24 - [MESSAGE][INFO] - Finding web element from Test Object's properties

2021-10-21 14:23:24 - [MESSAGE][INFO] - Checking timeout

2021-10-21 14:23:24 - [MESSAGE][INFO] - Finding web element with id: 'Object Repository/Olusturma/Genel/AliciBilgisi/iframe_Alc Bilgisi_customerselectiframe' located by 'By.xpath: //iframe[@id='customerselectiframe']' in '10' second(s)

2021-10-21 14:23:24 - [MESSAGE][INFO] - Smart Wait Function is triggered

2021-10-21 14:23:24 - [MESSAGE][INFO] - Found 1 web elements with id: 'Object Repository/Olusturma/Genel/AliciBilgisi/iframe_Alc Bilgisi_customerselectiframe' located by 'By.xpath: //iframe[@id='customerselectiframe']' in '10' second(s)

2021-10-21 14:23:24 - [MESSAGE][INFO] - Switched to iframe: 'Object Repository/Olusturma/Genel/AliciBilgisi/iframe_Alc Bilgisi_customerselectiframe'

2021-10-21 14:23:24 - [MESSAGE][INFO] - Finding web element from Test Object's properties

2021-10-21 14:23:24 - [MESSAGE][INFO] - Checking timeout

2021-10-21 14:23:24 - [MESSAGE][INFO] - Finding web element with id: 'Object Repository/Olusturma/Genel/AliciBilgisi/Alici_Adi' located by 'By.xpath: //tr[@id='GridViewCustomer_DXDataRow0']/td[2]' in '10' second(s)

2021-10-21 14:23:24 - [MESSAGE][INFO] - Smart Wait Function is triggered

2021-10-21 14:23:25 - [MESSAGE][INFO] - Found 1 web elements with id: 'Object Repository/Olusturma/Genel/AliciBilgisi/Alici_Adi' located by 'By.xpath: //tr[@id='GridViewCustomer_DXDataRow0']/td[2]' in '10' second(s)

2021-10-21 14:23:25 - [MESSAGE][PASSED] - Object 'Object Repository/Olusturma/Genel/AliciBilgisi/Alici_Adi' is clickable

2021-10-21 14:23:25 - [MESSAGE][INFO] - Switching to default content

2021-10-21 14:23:25 - [TEST_STEP][PASSED] - click(findTestObject("Olusturma/Genel/AliciBilgisi/frame")): Switching to default content

2021-10-21 14:23:25 - [MESSAGE][INFO] - Finding Test Object 'Object Repository/Olusturma/Genel/AliciBilgisi/frame'

2021-10-21 14:23:25 - [MESSAGE][INFO] - Finding Test Object 'Object Repository/Olusturma/Genel/AliciBilgisi/iframe_Alc Bilgisi_customerselectiframe'

2021-10-21 14:23:25 - [MESSAGE][INFO] - Checking object

2021-10-21 14:23:25 - [MESSAGE][INFO] - Object: 'Object Repository/Olusturma/Genel/AliciBilgisi/frame' has parent object(s)

2021-10-21 14:23:25 - [MESSAGE][INFO] - Switching to iframe: 'Object Repository/Olusturma/Genel/AliciBilgisi/iframe_Alc Bilgisi_customerselectiframe'

2021-10-21 14:23:25 - [MESSAGE][INFO] - Finding web element from Test Object's properties

2021-10-21 14:23:25 - [MESSAGE][INFO] - Checking timeout

2021-10-21 14:23:25 - [MESSAGE][INFO] - Finding web element with id: 'Object Repository/Olusturma/Genel/AliciBilgisi/iframe_Alc Bilgisi_customerselectiframe' located by 'By.xpath: //iframe[@id='customerselectiframe']' in '30' second(s)

2021-10-21 14:23:25 - [MESSAGE][INFO] - Smart Wait Function is triggered

2021-10-21 14:23:25 - [MESSAGE][INFO] - Found 1 web elements with id: 'Object Repository/Olusturma/Genel/AliciBilgisi/iframe_Alc Bilgisi_customerselectiframe' located by 'By.xpath: //iframe[@id='customerselectiframe']' in '30' second(s)

2021-10-21 14:23:25 - [MESSAGE][INFO] - Switched to iframe: 'Object Repository/Olusturma/Genel/AliciBilgisi/iframe_Alc Bilgisi_customerselectiframe'

2021-10-21 14:23:25 - [MESSAGE][INFO] - Finding web element from Test Object's properties

2021-10-21 14:23:25 - [MESSAGE][INFO] - Checking timeout

2021-10-21 14:23:25 - [MESSAGE][INFO] - Finding web element with id: 'Object Repository/Olusturma/Genel/AliciBilgisi/frame' located by 'By.xpath: //*/text()[normalize-space(.)='']/parent::*' in '30' second(s)

2021-10-21 14:23:25 - [MESSAGE][INFO] - Smart Wait Function is triggered

2021-10-21 14:23:25 - [MESSAGE][INFO] - Found 73 web elements with id: 'Object Repository/Olusturma/Genel/AliciBilgisi/frame' located by 'By.xpath: //*/text()[normalize-space(.)='']/parent::*' in '30' second(s)

2021-10-21 14:23:25 - [MESSAGE][INFO] - Clicking on object: 'Object Repository/Olusturma/Genel/AliciBilgisi/frame'

2021-10-21 14:23:25 - [MESSAGE][PASSED] - Object: 'Object Repository/Olusturma/Genel/AliciBilgisi/frame' is clicked on

2021-10-21 14:23:25 - [MESSAGE][INFO] - Switching to default content

2021-10-21 14:23:25 - [TEST_STEP][PASSED] - click(findTestObject("Olusturma/Genel/AliciBilgisi/Alici_Adi")): Switching to default content

2021-10-21 14:23:25 - [MESSAGE][INFO] - Finding Test Object 'Object Repository/Olusturma/Genel/AliciBilgisi/Alici_Adi'

2021-10-21 14:23:25 - [MESSAGE][INFO] - Finding Test Object 'Object Repository/Olusturma/Genel/AliciBilgisi/iframe_Alc Bilgisi_customerselectiframe'

2021-10-21 14:23:25 - [MESSAGE][INFO] - Checking object

2021-10-21 14:23:25 - [MESSAGE][INFO] - Object: 'Object Repository/Olusturma/Genel/AliciBilgisi/Alici_Adi' has parent object(s)

2021-10-21 14:23:25 - [MESSAGE][INFO] - Switching to iframe: 'Object Repository/Olusturma/Genel/AliciBilgisi/iframe_Alc Bilgisi_customerselectiframe'

2021-10-21 14:23:25 - [MESSAGE][INFO] - Finding web element from Test Object's properties

2021-10-21 14:23:25 - [MESSAGE][INFO] - Checking timeout

2021-10-21 14:23:25 - [MESSAGE][INFO] - Finding web element with id: 'Object Repository/Olusturma/Genel/AliciBilgisi/iframe_Alc Bilgisi_customerselectiframe' located by 'By.xpath: //iframe[@id='customerselectiframe']' in '30' second(s)

2021-10-21 14:23:25 - [MESSAGE][INFO] - Smart Wait Function is triggered

2021-10-21 14:23:26 - [MESSAGE][INFO] - Found 1 web elements with id: 'Object Repository/Olusturma/Genel/AliciBilgisi/iframe_Alc Bilgisi_customerselectiframe' located by 'By.xpath: //iframe[@id='customerselectiframe']' in '30' second(s)

2021-10-21 14:23:26 - [MESSAGE][INFO] - Switched to iframe: 'Object Repository/Olusturma/Genel/AliciBilgisi/iframe_Alc Bilgisi_customerselectiframe'

2021-10-21 14:23:26 - [MESSAGE][INFO] - Finding web element from Test Object's properties

2021-10-21 14:23:26 - [MESSAGE][INFO] - Checking timeout

2021-10-21 14:23:26 - [MESSAGE][INFO] - Finding web element with id: 'Object Repository/Olusturma/Genel/AliciBilgisi/Alici_Adi' located by 'By.xpath: //tr[@id='GridViewCustomer_DXDataRow0']/td[2]' in '30' second(s)

2021-10-21 14:23:26 - [MESSAGE][INFO] - Smart Wait Function is triggered

2021-10-21 14:23:26 - [MESSAGE][INFO] - Found 1 web elements with id: 'Object Repository/Olusturma/Genel/AliciBilgisi/Alici_Adi' located by 'By.xpath: //tr[@id='GridViewCustomer_DXDataRow0']/td[2]' in '30' second(s)

2021-10-21 14:23:26 - [MESSAGE][INFO] - Clicking on object: 'Object Repository/Olusturma/Genel/AliciBilgisi/Alici_Adi'

2021-10-21 14:23:26 - [MESSAGE][PASSED] - Object: 'Object Repository/Olusturma/Genel/AliciBilgisi/Alici_Adi' is clicked on

2021-10-21 14:23:26 - [MESSAGE][INFO] - Switching to default content

2021-10-21 14:23:26 - [TEST_STEP][PASSED] - click(findTestObject("Olusturma/Genel/AliciBilgisi/Tamam_Bosluk")): Switching to default content

2021-10-21 14:23:26 - [MESSAGE][INFO] - Finding Test Object 'Object Repository/Olusturma/Genel/AliciBilgisi/Tamam_Bosluk'

2021-10-21 14:23:26 - [MESSAGE][INFO] - Finding Test Object 'Object Repository/Olusturma/Genel/AliciBilgisi/Alici_Bilgisi'

2021-10-21 14:23:26 - [MESSAGE][INFO] - Checking object

2021-10-21 14:23:26 - [MESSAGE][INFO] - Object: 'Object Repository/Olusturma/Genel/AliciBilgisi/Tamam_Bosluk' has parent object(s)

2021-10-21 14:23:26 - [MESSAGE][INFO] - Switching to iframe: 'Object Repository/Olusturma/Genel/AliciBilgisi/Alici_Bilgisi'

2021-10-21 14:23:26 - [MESSAGE][INFO] - Finding web element from Test Object's properties

2021-10-21 14:23:26 - [MESSAGE][INFO] - Checking timeout

2021-10-21 14:23:26 - [MESSAGE][INFO] - Finding web element with id: 'Object Repository/Olusturma/Genel/AliciBilgisi/Alici_Bilgisi' located by 'By.xpath: //iframe[@id='customerselectiframe']' in '30' second(s)

2021-10-21 14:23:26 - [MESSAGE][INFO] - Smart Wait Function is triggered

2021-10-21 14:23:26 - [MESSAGE][INFO] - Found 1 web elements with id: 'Object Repository/Olusturma/Genel/AliciBilgisi/Alici_Bilgisi' located by 'By.xpath: //iframe[@id='customerselectiframe']' in '30' second(s)

2021-10-21 14:23:26 - [MESSAGE][INFO] - Switched to iframe: 'Object Repository/Olusturma/Genel/AliciBilgisi/Alici_Bilgisi'

2021-10-21 14:23:26 - [MESSAGE][INFO] - Finding web element from Test Object's properties

2021-10-21 14:23:26 - [MESSAGE][INFO] - Checking timeout

2021-10-21 14:23:26 - [MESSAGE][INFO] - Finding web element with id: 'Object Repository/Olusturma/Genel/AliciBilgisi/Tamam_Bosluk' located by 'By.xpath: (.//*[normalize-space(text()) and normalize-space(.)='Sayfa Boyutu:'])[1]/following::div[7]' in '30' second(s)

2021-10-21 14:23:26 - [MESSAGE][INFO] - Smart Wait Function is triggered

2021-10-21 14:23:26 - [MESSAGE][INFO] - Found 1 web elements with id: 'Object Repository/Olusturma/Genel/AliciBilgisi/Tamam_Bosluk' located by 'By.xpath: (.//*[normalize-space(text()) and normalize-space(.)='Sayfa Boyutu:'])[1]/following::div[7]' in '30' second(s)

2021-10-21 14:23:26 - [MESSAGE][INFO] - Clicking on object: 'Object Repository/Olusturma/Genel/AliciBilgisi/Tamam_Bosluk'

2021-10-21 14:23:26 - [MESSAGE][PASSED] - Object: 'Object Repository/Olusturma/Genel/AliciBilgisi/Tamam_Bosluk' is clicked on

2021-10-21 14:23:26 - [MESSAGE][INFO] - Switching to default content

2021-10-21 14:23:26 - [TEST_STEP][PASSED] - waitForElementClickable(findTestObject("Olusturma/Genel/AliciBilgisi/Tamam_Butonu"), 10): Switching to default content

2021-10-21 14:23:26 - [MESSAGE][INFO] - Finding Test Object 'Object Repository/Olusturma/Genel/AliciBilgisi/Tamam_Butonu'

2021-10-21 14:23:26 - [MESSAGE][INFO] - Finding Test Object 'Object Repository/Olusturma/Genel/AliciBilgisi/Alici_Bilgisi'

2021-10-21 14:23:26 - [MESSAGE][INFO] - Checking object

2021-10-21 14:23:26 - [MESSAGE][INFO] - Checking timeout

2021-10-21 14:23:26 - [MESSAGE][INFO] - Object: 'Object Repository/Olusturma/Genel/AliciBilgisi/Tamam_Butonu' has parent object(s)

2021-10-21 14:23:26 - [MESSAGE][INFO] - Switching to iframe: 'Object Repository/Olusturma/Genel/AliciBilgisi/Alici_Bilgisi'

2021-10-21 14:23:26 - [MESSAGE][INFO] - Finding web element from Test Object's properties

2021-10-21 14:23:26 - [MESSAGE][INFO] - Checking timeout

2021-10-21 14:23:26 - [MESSAGE][INFO] - Finding web element with id: 'Object Repository/Olusturma/Genel/AliciBilgisi/Alici_Bilgisi' located by 'By.xpath: //iframe[@id='customerselectiframe']' in '10' second(s)

2021-10-21 14:23:26 - [MESSAGE][INFO] - Smart Wait Function is triggered

2021-10-21 14:23:27 - [MESSAGE][INFO] - Found 1 web elements with id: 'Object Repository/Olusturma/Genel/AliciBilgisi/Alici_Bilgisi' located by 'By.xpath: //iframe[@id='customerselectiframe']' in '10' second(s)

2021-10-21 14:23:27 - [MESSAGE][INFO] - Switched to iframe: 'Object Repository/Olusturma/Genel/AliciBilgisi/Alici_Bilgisi'

2021-10-21 14:23:27 - [MESSAGE][INFO] - Finding web element from Test Object's properties

2021-10-21 14:23:27 - [MESSAGE][INFO] - Checking timeout

2021-10-21 14:23:27 - [MESSAGE][INFO] - Finding web element with id: 'Object Repository/Olusturma/Genel/AliciBilgisi/Tamam_Butonu' located by 'By.xpath: //div[@id='btnSelectCustomer_CD']/span' in '10' second(s)

2021-10-21 14:23:27 - [MESSAGE][INFO] - Smart Wait Function is triggered

2021-10-21 14:23:27 - [MESSAGE][INFO] - Found 1 web elements with id: 'Object Repository/Olusturma/Genel/AliciBilgisi/Tamam_Butonu' located by 'By.xpath: //div[@id='btnSelectCustomer_CD']/span' in '10' second(s)

2021-10-21 14:23:27 - [MESSAGE][PASSED] - Object 'Object Repository/Olusturma/Genel/AliciBilgisi/Tamam_Butonu' is clickable

2021-10-21 14:23:27 - [MESSAGE][INFO] - Switching to default content

2021-10-21 14:23:27 - [TEST_STEP][PASSED] - click(findTestObject("Olusturma/Genel/AliciBilgisi/Tamam_Butonu")): Switching to default content

2021-10-21 14:23:27 - [MESSAGE][INFO] - Finding Test Object 'Object Repository/Olusturma/Genel/AliciBilgisi/Tamam_Butonu'

2021-10-21 14:23:27 - [MESSAGE][INFO] - Finding Test Object 'Object Repository/Olusturma/Genel/AliciBilgisi/Alici_Bilgisi'

2021-10-21 14:23:27 - [MESSAGE][INFO] - Checking object

2021-10-21 14:23:27 - [MESSAGE][INFO] - Object: 'Object Repository/Olusturma/Genel/AliciBilgisi/Tamam_Butonu' has parent object(s)

2021-10-21 14:23:27 - [MESSAGE][INFO] - Switching to iframe: 'Object Repository/Olusturma/Genel/AliciBilgisi/Alici_Bilgisi'

2021-10-21 14:23:27 - [MESSAGE][INFO] - Finding web element from Test Object's properties

2021-10-21 14:23:27 - [MESSAGE][INFO] - Checking timeout

2021-10-21 14:23:27 - [MESSAGE][INFO] - Finding web element with id: 'Object Repository/Olusturma/Genel/AliciBilgisi/Alici_Bilgisi' located by 'By.xpath: //iframe[@id='customerselectiframe']' in '30' second(s)

2021-10-21 14:23:27 - [MESSAGE][INFO] - Smart Wait Function is triggered

2021-10-21 14:23:27 - [MESSAGE][INFO] - Found 1 web elements with id: 'Object Repository/Olusturma/Genel/AliciBilgisi/Alici_Bilgisi' located by 'By.xpath: //iframe[@id='customerselectiframe']' in '30' second(s)

2021-10-21 14:23:27 - [MESSAGE][INFO] - Switched to iframe: 'Object Repository/Olusturma/Genel/AliciBilgisi/Alici_Bilgisi'

2021-10-21 14:23:27 - [MESSAGE][INFO] - Finding web element from Test Object's properties

2021-10-21 14:23:27 - [MESSAGE][INFO] - Checking timeout

2021-10-21 14:23:27 - [MESSAGE][INFO] - Finding web element with id: 'Object Repository/Olusturma/Genel/AliciBilgisi/Tamam_Butonu' located by 'By.xpath: //div[@id='btnSelectCustomer_CD']/span' in '30' second(s)

2021-10-21 14:23:27 - [MESSAGE][INFO] - Smart Wait Function is triggered

2021-10-21 14:23:27 - [MESSAGE][INFO] - Found 1 web elements with id: 'Object Repository/Olusturma/Genel/AliciBilgisi/Tamam_Butonu' located by 'By.xpath: //div[@id='btnSelectCustomer_CD']/span' in '30' second(s)

2021-10-21 14:23:27 - [MESSAGE][INFO] - Clicking on object: 'Object Repository/Olusturma/Genel/AliciBilgisi/Tamam_Butonu'

2021-10-21 14:23:27 - [MESSAGE][PASSED] - Object: 'Object Repository/Olusturma/Genel/AliciBilgisi/Tamam_Butonu' is clicked on

2021-10-21 14:23:27 - [MESSAGE][INFO] - Switching to default content

2021-10-21 14:23:27 - [TEST_STEP][PASSED] - waitForElementPresent(findTestObject("Olusturma/Genel/AliciBilgisi/VKN-TCKN"), 10): Object 'Object Repository/Olusturma/Genel/AliciBilgisi/VKN-TCKN' is present

2021-10-21 14:23:27 - [MESSAGE][INFO] - Finding Test Object 'Object Repository/Olusturma/Genel/AliciBilgisi/VKN-TCKN'

2021-10-21 14:23:28 - [MESSAGE][INFO] - Checking object

2021-10-21 14:23:28 - [MESSAGE][INFO] - Finding web element from Test Object's properties

2021-10-21 14:23:28 - [MESSAGE][INFO] - Checking timeout

2021-10-21 14:23:28 - [MESSAGE][INFO] - Finding web element with id: 'Object Repository/Olusturma/Genel/AliciBilgisi/VKN-TCKN' located by 'By.xpath: //*[@id = 'txtVknTckn_I']' in '10' second(s)

2021-10-21 14:23:28 - [MESSAGE][INFO] - Smart Wait Function is triggered

2021-10-21 14:23:28 - [MESSAGE][INFO] - Found 1 web elements with id: 'Object Repository/Olusturma/Genel/AliciBilgisi/VKN-TCKN' located by 'By.xpath: //*[@id = 'txtVknTckn_I']' in '10' second(s)

2021-10-21 14:23:28 - [MESSAGE][PASSED] - Object 'Object Repository/Olusturma/Genel/AliciBilgisi/VKN-TCKN' is present

2021-10-21 14:23:28 - [TEST_STEP][PASSED] - text = getAttribute(findTestObject("Olusturma/Genel/AliciBilgisi/VKN-TCKN"), "value"): Attribute 'value' of object 'Object Repository/Olusturma/Genel/AliciBilgisi/VKN-TCKN' is: '5422405266'

2021-10-21 14:23:28 - [MESSAGE][INFO] - Finding Test Object 'Object Repository/Olusturma/Genel/AliciBilgisi/VKN-TCKN'

2021-10-21 14:23:28 - [MESSAGE][INFO] - Checking object

2021-10-21 14:23:28 - [MESSAGE][INFO] - Checking attribute

2021-10-21 14:23:28 - [MESSAGE][INFO] - Finding web element from Test Object's properties

2021-10-21 14:23:28 - [MESSAGE][INFO] - Checking timeout

2021-10-21 14:23:28 - [MESSAGE][INFO] - Finding web element with id: 'Object Repository/Olusturma/Genel/AliciBilgisi/VKN-TCKN' located by 'By.xpath: //*[@id = 'txtVknTckn_I']' in '30' second(s)

2021-10-21 14:23:28 - [MESSAGE][INFO] - Smart Wait Function is triggered

2021-10-21 14:23:28 - [MESSAGE][INFO] - Found 1 web elements with id: 'Object Repository/Olusturma/Genel/AliciBilgisi/VKN-TCKN' located by 'By.xpath: //*[@id = 'txtVknTckn_I']' in '30' second(s)

2021-10-21 14:23:28 - [MESSAGE][INFO] - Getting attribute 'value' of object 'Object Repository/Olusturma/Genel/AliciBilgisi/VKN-TCKN'

2021-10-21 14:23:28 - [MESSAGE][PASSED] - Attribute 'value' of object 'Object Repository/Olusturma/Genel/AliciBilgisi/VKN-TCKN' is: '5422405266'

2021-10-21 14:23:28 - [TEST_STEP][PASSED] - if (text.equals("")): null

2021-10-21 14:23:28 - [MESSAGE][PASSED] - Call Test Case 'Test Cases/Olusturma/Genel/AliciSecilir' successfully

2021-10-21 14:23:28 - [MESSAGE][INFO] - Checking called Test Case

2021-10-21 14:23:28 - [MESSAGE][INFO] - Starting to call Test Case 'Test Cases/Olusturma/Genel/OnEkSecilir'

2021-10-21 14:23:28 - [TEST_CASE][PASSED] - Test Cases/Olusturma/Genel/OnEkSecilir: Test Cases/Olusturma/Genel/OnEkSecilir

2021-10-21 14:23:28 - [TEST_STEP][PASSED] - waitForElementClickable(findTestObject("Object Repository/Olusturma/Genel/OnEkSecilir/OnEk"), 10): Object 'Object Repository/Olusturma/Genel/OnEkSecilir/OnEk' is clickable

2021-10-21 14:23:28 - [MESSAGE][INFO] - Finding Test Object 'Object Repository/Olusturma/Genel/OnEkSecilir/OnEk'

2021-10-21 14:23:29 - [MESSAGE][INFO] - Checking object

2021-10-21 14:23:29 - [MESSAGE][INFO] - Checking timeout

2021-10-21 14:23:29 - [MESSAGE][INFO] - Finding web element from Test Object's properties

2021-10-21 14:23:29 - [MESSAGE][INFO] - Checking timeout

2021-10-21 14:23:29 - [MESSAGE][INFO] - Finding web element with id: 'Object Repository/Olusturma/Genel/OnEkSecilir/OnEk' located by 'By.xpath: //*[@id = 'InvoicePrefix_I']' in '10' second(s)

2021-10-21 14:23:29 - [MESSAGE][INFO] - Smart Wait Function is triggered

2021-10-21 14:23:29 - [MESSAGE][INFO] - Found 1 web elements with id: 'Object Repository/Olusturma/Genel/OnEkSecilir/OnEk' located by 'By.xpath: //*[@id = 'InvoicePrefix_I']' in '10' second(s)

2021-10-21 14:23:29 - [MESSAGE][PASSED] - Object 'Object Repository/Olusturma/Genel/OnEkSecilir/OnEk' is clickable

2021-10-21 14:23:29 - [TEST_STEP][PASSED] - click(findTestObject("Object Repository/Olusturma/Genel/OnEkSecilir/OnEk")): Object: 'Object Repository/Olusturma/Genel/OnEkSecilir/OnEk' is clicked on

2021-10-21 14:23:29 - [MESSAGE][INFO] - Finding Test Object 'Object Repository/Olusturma/Genel/OnEkSecilir/OnEk'

2021-10-21 14:23:29 - [MESSAGE][INFO] - Checking object

2021-10-21 14:23:29 - [MESSAGE][INFO] - Finding web element from Test Object's properties

2021-10-21 14:23:29 - [MESSAGE][INFO] - Checking timeout

2021-10-21 14:23:29 - [MESSAGE][INFO] - Finding web element with id: 'Object Repository/Olusturma/Genel/OnEkSecilir/OnEk' located by 'By.xpath: //*[@id = 'InvoicePrefix_I']' in '30' second(s)

2021-10-21 14:23:29 - [MESSAGE][INFO] - Smart Wait Function is triggered

2021-10-21 14:23:29 - [MESSAGE][INFO] - Found 1 web elements with id: 'Object Repository/Olusturma/Genel/OnEkSecilir/OnEk' located by 'By.xpath: //*[@id = 'InvoicePrefix_I']' in '30' second(s)

2021-10-21 14:23:29 - [MESSAGE][INFO] - Clicking on object: 'Object Repository/Olusturma/Genel/OnEkSecilir/OnEk'

2021-10-21 14:23:29 - [MESSAGE][PASSED] - Object: 'Object Repository/Olusturma/Genel/OnEkSecilir/OnEk' is clicked on

2021-10-21 14:23:29 - [TEST_STEP][PASSED] - Method.TextDegerineEsitElementeTiklaEquals(findTestObject("Object Repository/Olusturma/Genel/OnEkSecilir/OnEkAdi"), Ek): Method.TextDegerineEsitElementeTiklaEquals is PASSED

2021-10-21 14:23:29 - [MESSAGE][INFO] - Finding Test Object 'Object Repository/Olusturma/Genel/OnEkSecilir/OnEkAdi'

2021-10-21 14:23:30 - [MESSAGE][INFO] - Checking timeout

2021-10-21 14:23:30 - [MESSAGE][INFO] - Finding web element with id: 'Object Repository/Olusturma/Genel/OnEkSecilir/OnEkAdi' located by 'By.cssSelector: #InvoicePrefix_DDD_L_LBT td' in '10' second(s)

2021-10-21 14:23:30 - [MESSAGE][INFO] - Smart Wait Function is triggered

2021-10-21 14:23:30 - [MESSAGE][INFO] - Found 1 web elements with id: 'Object Repository/Olusturma/Genel/OnEkSecilir/OnEkAdi' located by 'By.cssSelector: #InvoicePrefix_DDD_L_LBT td' in '10' second(s)

2021-10-21 14:23:30 - [MESSAGE][PASSED] - Method.TextDegerineEsitElementeTiklaEquals is PASSED

2021-10-21 14:23:30 - [MESSAGE][PASSED] - Call Test Case 'Test Cases/Olusturma/Genel/OnEkSecilir' successfully

2021-10-21 14:23:30 - [MESSAGE][INFO] - Checking called Test Case

2021-10-21 14:23:30 - [MESSAGE][INFO] - Starting to call Test Case 'Test Cases/Olusturma/Genel/GonderimSekliSecilir'

2021-10-21 14:23:30 - [TEST_CASE][PASSED] - Test Cases/Olusturma/Genel/GonderimSekliSecilir: Test Cases/Olusturma/Genel/GonderimSekliSecilir

2021-10-21 14:23:30 - [TEST_STEP][PASSED] - waitForElementClickable(findTestObject("Object Repository/Olusturma/Genel/GonderimSekli/GonderimSekli"), 10): Object 'Object Repository/Olusturma/Genel/GonderimSekli/GonderimSekli' is clickable

2021-10-21 14:23:30 - [MESSAGE][INFO] - Finding Test Object 'Object Repository/Olusturma/Genel/GonderimSekli/GonderimSekli'

2021-10-21 14:23:30 - [MESSAGE][INFO] - Checking object

2021-10-21 14:23:30 - [MESSAGE][INFO] - Checking timeout

2021-10-21 14:23:30 - [MESSAGE][INFO] - Finding web element from Test Object's properties

2021-10-21 14:23:30 - [MESSAGE][INFO] - Checking timeout

2021-10-21 14:23:30 - [MESSAGE][INFO] - Finding web element with id: 'Object Repository/Olusturma/Genel/GonderimSekli/GonderimSekli' located by 'By.xpath: //*[@id = 'txtGonderimSekil_I']' in '10' second(s)

2021-10-21 14:23:30 - [MESSAGE][INFO] - Smart Wait Function is triggered

2021-10-21 14:23:31 - [MESSAGE][INFO] - Found 1 web elements with id: 'Object Repository/Olusturma/Genel/GonderimSekli/GonderimSekli' located by 'By.xpath: //*[@id = 'txtGonderimSekil_I']' in '10' second(s)

2021-10-21 14:23:31 - [MESSAGE][PASSED] - Object 'Object Repository/Olusturma/Genel/GonderimSekli/GonderimSekli' is clickable

2021-10-21 14:23:31 - [TEST_STEP][PASSED] - click(findTestObject("Object Repository/Olusturma/Genel/GonderimSekli/GonderimSekli")): Object: 'Object Repository/Olusturma/Genel/GonderimSekli/GonderimSekli' is clicked on

2021-10-21 14:23:31 - [MESSAGE][INFO] - Finding Test Object 'Object Repository/Olusturma/Genel/GonderimSekli/GonderimSekli'

2021-10-21 14:23:31 - [MESSAGE][INFO] - Checking object

2021-10-21 14:23:31 - [MESSAGE][INFO] - Finding web element from Test Object's properties

2021-10-21 14:23:31 - [MESSAGE][INFO] - Checking timeout

2021-10-21 14:23:31 - [MESSAGE][INFO] - Finding web element with id: 'Object Repository/Olusturma/Genel/GonderimSekli/GonderimSekli' located by 'By.xpath: //*[@id = 'txtGonderimSekil_I']' in '30' second(s)

2021-10-21 14:23:31 - [MESSAGE][INFO] - Smart Wait Function is triggered

2021-10-21 14:23:31 - [MESSAGE][INFO] - Found 1 web elements with id: 'Object Repository/Olusturma/Genel/GonderimSekli/GonderimSekli' located by 'By.xpath: //*[@id = 'txtGonderimSekil_I']' in '30' second(s)

2021-10-21 14:23:31 - [MESSAGE][INFO] - Clicking on object: 'Object Repository/Olusturma/Genel/GonderimSekli/GonderimSekli'

2021-10-21 14:23:31 - [MESSAGE][PASSED] - Object: 'Object Repository/Olusturma/Genel/GonderimSekli/GonderimSekli' is clicked on

2021-10-21 14:23:31 - [TEST_STEP][PASSED] - Method.TextDegerineEsitElementeTikla(findTestObject("Object Repository/Olusturma/Genel/GonderimSekli/GonderimSekliAdi"), GonderimSekli): Method.TextDegerineEsitElementeTikla is PASSED

2021-10-21 14:23:31 - [MESSAGE][INFO] - Finding Test Object 'Object Repository/Olusturma/Genel/GonderimSekli/GonderimSekliAdi'

2021-10-21 14:23:32 - [MESSAGE][INFO] - Checking timeout

2021-10-21 14:23:32 - [MESSAGE][INFO] - Finding web element with id: 'Object Repository/Olusturma/Genel/GonderimSekli/GonderimSekliAdi' located by 'By.cssSelector: #txtGonderimSekil_DDD_L_LBT td' in '10' second(s)

2021-10-21 14:23:32 - [MESSAGE][INFO] - Smart Wait Function is triggered

2021-10-21 14:23:32 - [MESSAGE][INFO] - Found 2 web elements with id: 'Object Repository/Olusturma/Genel/GonderimSekli/GonderimSekliAdi' located by 'By.cssSelector: #txtGonderimSekil_DDD_L_LBT td' in '10' second(s)

2021-10-21 14:23:32 - [MESSAGE][PASSED] - Method.TextDegerineEsitElementeTikla is PASSED

2021-10-21 14:23:32 - [MESSAGE][PASSED] - Call Test Case 'Test Cases/Olusturma/Genel/GonderimSekliSecilir' successfully

2021-10-21 14:23:32 - [MESSAGE][INFO] - Checking called Test Case

2021-10-21 14:23:32 - [MESSAGE][INFO] - Starting to call Test Case 'Test Cases/Olusturma/Genel/TipSecilir'

2021-10-21 14:23:32 - [TEST_CASE][PASSED] - Test Cases/Olusturma/Genel/TipSecilir: Test Cases/Olusturma/Genel/TipSecilir

2021-10-21 14:23:32 - [TEST_STEP][PASSED] - waitForElementClickable(findTestObject("Olusturma/Genel/TipSecilir/Tip"), 10): Object 'Object Repository/Olusturma/Genel/TipSecilir/Tip' is clickable

2021-10-21 14:23:32 - [MESSAGE][INFO] - Finding Test Object 'Object Repository/Olusturma/Genel/TipSecilir/Tip'

2021-10-21 14:23:32 - [MESSAGE][INFO] - Checking object

2021-10-21 14:23:32 - [MESSAGE][INFO] - Checking timeout

2021-10-21 14:23:32 - [MESSAGE][INFO] - Finding web element from Test Object's properties

2021-10-21 14:23:32 - [MESSAGE][INFO] - Checking timeout

2021-10-21 14:23:32 - [MESSAGE][INFO] - Finding web element with id: 'Object Repository/Olusturma/Genel/TipSecilir/Tip' located by 'By.xpath: //*[@id = 'DocumentTypeCode_I']' in '10' second(s)

2021-10-21 14:23:32 - [MESSAGE][INFO] - Smart Wait Function is triggered

2021-10-21 14:23:33 - [MESSAGE][INFO] - Found 1 web elements with id: 'Object Repository/Olusturma/Genel/TipSecilir/Tip' located by 'By.xpath: //*[@id = 'DocumentTypeCode_I']' in '10' second(s)

2021-10-21 14:23:33 - [MESSAGE][PASSED] - Object 'Object Repository/Olusturma/Genel/TipSecilir/Tip' is clickable

2021-10-21 14:23:33 - [TEST_STEP][PASSED] - click(findTestObject("Olusturma/Genel/TipSecilir/Tip")): Object: 'Object Repository/Olusturma/Genel/TipSecilir/Tip' is clicked on

2021-10-21 14:23:33 - [MESSAGE][INFO] - Finding Test Object 'Object Repository/Olusturma/Genel/TipSecilir/Tip'

2021-10-21 14:23:33 - [MESSAGE][INFO] - Checking object

2021-10-21 14:23:33 - [MESSAGE][INFO] - Finding web element from Test Object's properties

2021-10-21 14:23:33 - [MESSAGE][INFO] - Checking timeout

2021-10-21 14:23:33 - [MESSAGE][INFO] - Finding web element with id: 'Object Repository/Olusturma/Genel/TipSecilir/Tip' located by 'By.xpath: //*[@id = 'DocumentTypeCode_I']' in '30' second(s)

2021-10-21 14:23:33 - [MESSAGE][INFO] - Smart Wait Function is triggered

2021-10-21 14:23:33 - [MESSAGE][INFO] - Found 1 web elements with id: 'Object Repository/Olusturma/Genel/TipSecilir/Tip' located by 'By.xpath: //*[@id = 'DocumentTypeCode_I']' in '30' second(s)

2021-10-21 14:23:33 - [MESSAGE][INFO] - Clicking on object: 'Object Repository/Olusturma/Genel/TipSecilir/Tip'

2021-10-21 14:23:33 - [MESSAGE][PASSED] - Object: 'Object Repository/Olusturma/Genel/TipSecilir/Tip' is clicked on

2021-10-21 14:23:33 - [TEST_STEP][PASSED] - Method.TextDegerineEsitElementeTikla(findTestObject("Object Repository/Olusturma/Genel/TipSecilir/Tip_Adi"), Tip): Method.TextDegerineEsitElementeTikla is PASSED

2021-10-21 14:23:33 - [MESSAGE][INFO] - Finding Test Object 'Object Repository/Olusturma/Genel/TipSecilir/Tip_Adi'

2021-10-21 14:23:33 - [MESSAGE][INFO] - Checking timeout

2021-10-21 14:23:33 - [MESSAGE][INFO] - Finding web element with id: 'Object Repository/Olusturma/Genel/TipSecilir/Tip_Adi' located by 'By.cssSelector: #DocumentTypeCode_DDD_L_LBT td' in '10' second(s)

2021-10-21 14:23:33 - [MESSAGE][INFO] - Smart Wait Function is triggered

2021-10-21 14:23:34 - [MESSAGE][INFO] - Found 7 web elements with id: 'Object Repository/Olusturma/Genel/TipSecilir/Tip_Adi' located by 'By.cssSelector: #DocumentTypeCode_DDD_L_LBT td' in '10' second(s)

2021-10-21 14:23:34 - [MESSAGE][PASSED] - Method.TextDegerineEsitElementeTikla is PASSED

2021-10-21 14:23:34 - [MESSAGE][PASSED] - Call Test Case 'Test Cases/Olusturma/Genel/TipSecilir' successfully

2021-10-21 14:23:34 - [MESSAGE][INFO] - Checking called Test Case

2021-10-21 14:23:34 - [MESSAGE][INFO] - Starting to call Test Case 'Test Cases/Olusturma/Genel/DokumanParaBirimiSecilir'

2021-10-21 14:23:34 - [TEST_CASE][PASSED] - Test Cases/Olusturma/Genel/DokumanParaBirimiSecilir: Test Cases/Olusturma/Genel/DokumanParaBirimiSecilir

2021-10-21 14:23:34 - [TEST_STEP][PASSED] - waitForElementClickable(findTestObject("Object Repository/Olusturma/Genel/DokumanParaBirimiSecilir/Para"), 10): Object 'Object Repository/Olusturma/Genel/DokumanParaBirimiSecilir/Para' is clickable

2021-10-21 14:23:34 - [MESSAGE][INFO] - Finding Test Object 'Object Repository/Olusturma/Genel/DokumanParaBirimiSecilir/Para'

2021-10-21 14:23:34 - [MESSAGE][INFO] - Checking object

2021-10-21 14:23:34 - [MESSAGE][INFO] - Checking timeout

2021-10-21 14:23:34 - [MESSAGE][INFO] - Finding web element from Test Object's properties

2021-10-21 14:23:34 - [MESSAGE][INFO] - Checking timeout

2021-10-21 14:23:34 - [MESSAGE][INFO] - Finding web element with id: 'Object Repository/Olusturma/Genel/DokumanParaBirimiSecilir/Para' located by 'By.xpath: //*[@id = 'CurrencyUnit_I']' in '10' second(s)

2021-10-21 14:23:34 - [MESSAGE][INFO] - Smart Wait Function is triggered

2021-10-21 14:23:35 - [MESSAGE][INFO] - Found 1 web elements with id: 'Object Repository/Olusturma/Genel/DokumanParaBirimiSecilir/Para' located by 'By.xpath: //*[@id = 'CurrencyUnit_I']' in '10' second(s)

2021-10-21 14:23:35 - [MESSAGE][PASSED] - Object 'Object Repository/Olusturma/Genel/DokumanParaBirimiSecilir/Para' is clickable

2021-10-21 14:23:35 - [TEST_STEP][PASSED] - click(findTestObject("Object Repository/Olusturma/Genel/DokumanParaBirimiSecilir/Para")): Object: 'Object Repository/Olusturma/Genel/DokumanParaBirimiSecilir/Para' is clicked on

2021-10-21 14:23:35 - [MESSAGE][INFO] - Finding Test Object 'Object Repository/Olusturma/Genel/DokumanParaBirimiSecilir/Para'

2021-10-21 14:23:35 - [MESSAGE][INFO] - Checking object

2021-10-21 14:23:35 - [MESSAGE][INFO] - Finding web element from Test Object's properties

2021-10-21 14:23:35 - [MESSAGE][INFO] - Checking timeout

2021-10-21 14:23:35 - [MESSAGE][INFO] - Finding web element with id: 'Object Repository/Olusturma/Genel/DokumanParaBirimiSecilir/Para' located by 'By.xpath: //*[@id = 'CurrencyUnit_I']' in '30' second(s)

2021-10-21 14:23:35 - [MESSAGE][INFO] - Smart Wait Function is triggered

2021-10-21 14:23:35 - [MESSAGE][INFO] - Found 1 web elements with id: 'Object Repository/Olusturma/Genel/DokumanParaBirimiSecilir/Para' located by 'By.xpath: //*[@id = 'CurrencyUnit_I']' in '30' second(s)

2021-10-21 14:23:35 - [MESSAGE][INFO] - Clicking on object: 'Object Repository/Olusturma/Genel/DokumanParaBirimiSecilir/Para'

2021-10-21 14:23:35 - [MESSAGE][PASSED] - Object: 'Object Repository/Olusturma/Genel/DokumanParaBirimiSecilir/Para' is clicked on

2021-10-21 14:23:35 - [TEST_STEP][PASSED] - Method.TextDegerineEsitElementeTikla(findTestObject("Object Repository/Olusturma/Genel/DokumanParaBirimiSecilir/Para_Adi"), Para): Method.TextDegerineEsitElementeTikla is PASSED

2021-10-21 14:23:35 - [MESSAGE][INFO] - Finding Test Object 'Object Repository/Olusturma/Genel/DokumanParaBirimiSecilir/Para_Adi'

2021-10-21 14:23:36 - [MESSAGE][INFO] - Checking timeout

2021-10-21 14:23:36 - [MESSAGE][INFO] - Finding web element with id: 'Object Repository/Olusturma/Genel/DokumanParaBirimiSecilir/Para_Adi' located by 'By.cssSelector: #CurrencyUnit_DDD_L_LBT td' in '10' second(s)

2021-10-21 14:23:36 - [MESSAGE][INFO] - Smart Wait Function is triggered

2021-10-21 14:23:36 - [MESSAGE][INFO] - Found 203 web elements with id: 'Object Repository/Olusturma/Genel/DokumanParaBirimiSecilir/Para_Adi' located by 'By.cssSelector: #CurrencyUnit_DDD_L_LBT td' in '10' second(s)

2021-10-21 14:23:44 - [MESSAGE][PASSED] - Method.TextDegerineEsitElementeTikla is PASSED

2021-10-21 14:23:44 - [MESSAGE][PASSED] - Call Test Case 'Test Cases/Olusturma/Genel/DokumanParaBirimiSecilir' successfully

2021-10-21 14:23:44 - [MESSAGE][INFO] - Checking called Test Case

2021-10-21 14:23:44 - [MESSAGE][INFO] - Starting to call Test Case 'Test Cases/Olusturma/Genel/TasarimSecilir'

2021-10-21 14:23:44 - [TEST_CASE][PASSED] - Test Cases/Olusturma/Genel/TasarimSecilir: Test Cases/Olusturma/Genel/TasarimSecilir

2021-10-21 14:23:44 - [TEST_STEP][PASSED] - waitForElementClickable(findTestObject("Object Repository/Olusturma/Genel/TasarimSecilir/Tasarim"), 10): Object 'Object Repository/Olusturma/Genel/TasarimSecilir/Tasarim' is clickable

2021-10-21 14:23:44 - [MESSAGE][INFO] - Finding Test Object 'Object Repository/Olusturma/Genel/TasarimSecilir/Tasarim'

2021-10-21 14:23:44 - [MESSAGE][INFO] - Checking object

2021-10-21 14:23:44 - [MESSAGE][INFO] - Checking timeout

2021-10-21 14:23:44 - [MESSAGE][INFO] - Finding web element from Test Object's properties

2021-10-21 14:23:44 - [MESSAGE][INFO] - Checking timeout

2021-10-21 14:23:44 - [MESSAGE][INFO] - Finding web element with id: 'Object Repository/Olusturma/Genel/TasarimSecilir/Tasarim' located by 'By.xpath: //*[@id = 'DesignId_I']' in '10' second(s)

2021-10-21 14:23:44 - [MESSAGE][INFO] - Smart Wait Function is triggered

2021-10-21 14:23:45 - [MESSAGE][INFO] - Found 1 web elements with id: 'Object Repository/Olusturma/Genel/TasarimSecilir/Tasarim' located by 'By.xpath: //*[@id = 'DesignId_I']' in '10' second(s)

2021-10-21 14:23:45 - [MESSAGE][PASSED] - Object 'Object Repository/Olusturma/Genel/TasarimSecilir/Tasarim' is clickable

2021-10-21 14:23:45 - [TEST_STEP][PASSED] - click(findTestObject("Object Repository/Olusturma/Genel/TasarimSecilir/Tasarim")): Object: 'Object Repository/Olusturma/Genel/TasarimSecilir/Tasarim' is clicked on

2021-10-21 14:23:45 - [MESSAGE][INFO] - Finding Test Object 'Object Repository/Olusturma/Genel/TasarimSecilir/Tasarim'

2021-10-21 14:23:45 - [MESSAGE][INFO] - Checking object

2021-10-21 14:23:45 - [MESSAGE][INFO] - Finding web element from Test Object's properties

2021-10-21 14:23:45 - [MESSAGE][INFO] - Checking timeout

2021-10-21 14:23:45 - [MESSAGE][INFO] - Finding web element with id: 'Object Repository/Olusturma/Genel/TasarimSecilir/Tasarim' located by 'By.xpath: //*[@id = 'DesignId_I']' in '30' second(s)

2021-10-21 14:23:45 - [MESSAGE][INFO] - Smart Wait Function is triggered

2021-10-21 14:23:45 - [MESSAGE][INFO] - Found 1 web elements with id: 'Object Repository/Olusturma/Genel/TasarimSecilir/Tasarim' located by 'By.xpath: //*[@id = 'DesignId_I']' in '30' second(s)

2021-10-21 14:23:45 - [MESSAGE][INFO] - Clicking on object: 'Object Repository/Olusturma/Genel/TasarimSecilir/Tasarim'

2021-10-21 14:23:45 - [MESSAGE][PASSED] - Object: 'Object Repository/Olusturma/Genel/TasarimSecilir/Tasarim' is clicked on

2021-10-21 14:23:45 - [TEST_STEP][PASSED] - Method.TextDegerineEsitElementeTikla(findTestObject("Object Repository/Olusturma/Genel/TasarimSecilir/Tasarim_Adi"), Tasarim): Method.TextDegerineEsitElementeTikla is PASSED

2021-10-21 14:23:45 - [MESSAGE][INFO] - Finding Test Object 'Object Repository/Olusturma/Genel/TasarimSecilir/Tasarim_Adi'

2021-10-21 14:23:45 - [MESSAGE][INFO] - Checking timeout

2021-10-21 14:23:45 - [MESSAGE][INFO] - Finding web element with id: 'Object Repository/Olusturma/Genel/TasarimSecilir/Tasarim_Adi' located by 'By.cssSelector: #DesignId_DDD_L_LBT td' in '10' second(s)

2021-10-21 14:23:45 - [MESSAGE][INFO] - Smart Wait Function is triggered

2021-10-21 14:23:46 - [MESSAGE][INFO] - Found 5 web elements with id: 'Object Repository/Olusturma/Genel/TasarimSecilir/Tasarim_Adi' located by 'By.cssSelector: #DesignId_DDD_L_LBT td' in '10' second(s)

2021-10-21 14:23:46 - [MESSAGE][PASSED] - Method.TextDegerineEsitElementeTikla is PASSED

2021-10-21 14:23:46 - [MESSAGE][PASSED] - Call Test Case 'Test Cases/Olusturma/Genel/TasarimSecilir' successfully

2021-10-21 14:23:46 - [MESSAGE][INFO] - Checking called Test Case

2021-10-21 14:23:46 - [MESSAGE][INFO] - Starting to call Test Case 'Test Cases/Olusturma/Genel/Kutular/SiparisBilgileriGirilir'

2021-10-21 14:23:46 - [TEST_CASE][PASSED] - Test Cases/Olusturma/Genel/Kutular/SiparisBilgileriGirilir: Test Cases/Olusturma/Genel/Kutular/SiparisBilgileriGirilir

2021-10-21 14:23:46 - [TEST_STEP][PASSED] - Method.TextDegerineEsitElementeTikla(findTestObject("Olusturma/Genel/Kutular/KapaliKutular"), "Sipariş Bilgileri"): Method.TextDegerineEsitElementeTikla is PASSED

2021-10-21 14:23:46 - [MESSAGE][INFO] - Finding Test Object 'Object Repository/Olusturma/Genel/Kutular/KapaliKutular'

2021-10-21 14:23:46 - [MESSAGE][INFO] - Checking timeout

2021-10-21 14:23:46 - [MESSAGE][INFO] - Finding web element with id: 'Object Repository/Olusturma/Genel/Kutular/KapaliKutular' located by 'By.cssSelector: .dxnb-headerCollapsed>span' in '10' second(s)

2021-10-21 14:23:46 - [MESSAGE][INFO] - Smart Wait Function is triggered

2021-10-21 14:23:46 - [MESSAGE][INFO] - Found 9 web elements with id: 'Object Repository/Olusturma/Genel/Kutular/KapaliKutular' located by 'By.cssSelector: .dxnb-headerCollapsed>span' in '10' second(s)

2021-10-21 14:23:46 - [MESSAGE][PASSED] - Method.TextDegerineEsitElementeTikla is PASSED

2021-10-21 14:23:46 - [TEST_STEP][PASSED] - waitForElementPresent(findTestObject("Object Repository/Olusturma/Genel/Kutular/SiparisBilgileri/SiparisNo"), 10): Object 'Object Repository/Olusturma/Genel/Kutular/SiparisBilgileri/SiparisNo' is present

2021-10-21 14:23:46 - [MESSAGE][INFO] - Finding Test Object 'Object Repository/Olusturma/Genel/Kutular/SiparisBilgileri/SiparisNo'

2021-10-21 14:23:47 - [MESSAGE][INFO] - Checking object

2021-10-21 14:23:47 - [MESSAGE][INFO] - Finding web element from Test Object's properties

2021-10-21 14:23:47 - [MESSAGE][INFO] - Checking timeout

2021-10-21 14:23:47 - [MESSAGE][INFO] - Finding web element with id: 'Object Repository/Olusturma/Genel/Kutular/SiparisBilgileri/SiparisNo' located by 'By.xpath: //*[@id = 'txtSiparisNo_I']' in '10' second(s)

2021-10-21 14:23:47 - [MESSAGE][INFO] - Smart Wait Function is triggered

2021-10-21 14:23:47 - [MESSAGE][INFO] - Found 1 web elements with id: 'Object Repository/Olusturma/Genel/Kutular/SiparisBilgileri/SiparisNo' located by 'By.xpath: //*[@id = 'txtSiparisNo_I']' in '10' second(s)

2021-10-21 14:23:47 - [MESSAGE][PASSED] - Object 'Object Repository/Olusturma/Genel/Kutular/SiparisBilgileri/SiparisNo' is present

2021-10-21 14:23:47 - [TEST_STEP][PASSED] - clearText(findTestObject("Object Repository/Olusturma/Genel/Kutular/SiparisBilgileri/SiparisNo")): Text of object 'Object Repository/Olusturma/Genel/Kutular/SiparisBilgileri/SiparisNo' is cleared

2021-10-21 14:23:47 - [MESSAGE][INFO] - Finding Test Object 'Object Repository/Olusturma/Genel/Kutular/SiparisBilgileri/SiparisNo'

2021-10-21 14:23:47 - [MESSAGE][INFO] - Checking object

2021-10-21 14:23:47 - [MESSAGE][INFO] - Finding web element from Test Object's properties

2021-10-21 14:23:47 - [MESSAGE][INFO] - Checking timeout

2021-10-21 14:23:47 - [MESSAGE][INFO] - Finding web element with id: 'Object Repository/Olusturma/Genel/Kutular/SiparisBilgileri/SiparisNo' located by 'By.xpath: //*[@id = 'txtSiparisNo_I']' in '30' second(s)

2021-10-21 14:23:47 - [MESSAGE][INFO] - Smart Wait Function is triggered

2021-10-21 14:23:47 - [MESSAGE][INFO] - Found 1 web elements with id: 'Object Repository/Olusturma/Genel/Kutular/SiparisBilgileri/SiparisNo' located by 'By.xpath: //*[@id = 'txtSiparisNo_I']' in '30' second(s)

2021-10-21 14:23:47 - [MESSAGE][INFO] - Clearing text of object 'Object Repository/Olusturma/Genel/Kutular/SiparisBilgileri/SiparisNo'

2021-10-21 14:23:47 - [MESSAGE][PASSED] - Text of object 'Object Repository/Olusturma/Genel/Kutular/SiparisBilgileri/SiparisNo' is cleared

2021-10-21 14:23:47 - [TEST_STEP][PASSED] - sendKeys(findTestObject("Object Repository/Olusturma/Genel/Kutular/SiparisBilgileri/SiparisNo"), SiparisNo): Keys 'UUC-SAT-1200001' sent to object: 'Object Repository/Olusturma/Genel/Kutular/SiparisBilgileri/SiparisNo'

2021-10-21 14:23:47 - [MESSAGE][INFO] - Finding Test Object 'Object Repository/Olusturma/Genel/Kutular/SiparisBilgileri/SiparisNo'

2021-10-21 14:23:47 - [MESSAGE][INFO] - Sending keys 'UUC-SAT-1200001' to object: 'Object Repository/Olusturma/Genel/Kutular/SiparisBilgileri/SiparisNo'

2021-10-21 14:23:47 - [MESSAGE][INFO] - Finding web element from Test Object's properties

2021-10-21 14:23:47 - [MESSAGE][INFO] - Checking timeout

2021-10-21 14:23:47 - [MESSAGE][INFO] - Finding web element with id: 'Object Repository/Olusturma/Genel/Kutular/SiparisBilgileri/SiparisNo' located by 'By.xpath: //*[@id = 'txtSiparisNo_I']' in '30' second(s)

2021-10-21 14:23:47 - [MESSAGE][INFO] - Smart Wait Function is triggered

2021-10-21 14:23:48 - [MESSAGE][INFO] - Found 1 web elements with id: 'Object Repository/Olusturma/Genel/Kutular/SiparisBilgileri/SiparisNo' located by 'By.xpath: //*[@id = 'txtSiparisNo_I']' in '30' second(s)

2021-10-21 14:23:48 - [MESSAGE][PASSED] - Keys 'UUC-SAT-1200001' sent to object: 'Object Repository/Olusturma/Genel/Kutular/SiparisBilgileri/SiparisNo'

2021-10-21 14:23:48 - [TEST_STEP][PASSED] - waitForElementClickable(findTestObject("Object Repository/Olusturma/Genel/Kutular/SiparisBilgileri/SiparisTarihiImage"), 10): Object 'Object Repository/Olusturma/Genel/Kutular/SiparisBilgileri/SiparisTarihiImage' is clickable

2021-10-21 14:23:48 - [MESSAGE][INFO] - Finding Test Object 'Object Repository/Olusturma/Genel/Kutular/SiparisBilgileri/SiparisTarihiImage'

2021-10-21 14:23:48 - [MESSAGE][INFO] - Checking object

2021-10-21 14:23:48 - [MESSAGE][INFO] - Checking timeout

2021-10-21 14:23:48 - [MESSAGE][INFO] - Finding web element from Test Object's properties

2021-10-21 14:23:48 - [MESSAGE][INFO] - Checking timeout

2021-10-21 14:23:48 - [MESSAGE][INFO] - Finding web element with id: 'Object Repository/Olusturma/Genel/Kutular/SiparisBilgileri/SiparisTarihiImage' located by 'By.cssSelector: #dateSiparisTarih img' in '10' second(s)

2021-10-21 14:23:48 - [MESSAGE][INFO] - Smart Wait Function is triggered

2021-10-21 14:23:48 - [MESSAGE][INFO] - Found 1 web elements with id: 'Object Repository/Olusturma/Genel/Kutular/SiparisBilgileri/SiparisTarihiImage' located by 'By.cssSelector: #dateSiparisTarih img' in '10' second(s)

2021-10-21 14:23:48 - [MESSAGE][PASSED] - Object 'Object Repository/Olusturma/Genel/Kutular/SiparisBilgileri/SiparisTarihiImage' is clickable

2021-10-21 14:23:48 - [TEST_STEP][PASSED] - click(findTestObject("Object Repository/Olusturma/Genel/Kutular/SiparisBilgileri/SiparisTarihiImage")): Object: 'Object Repository/Olusturma/Genel/Kutular/SiparisBilgileri/SiparisTarihiImage' is clicked on

2021-10-21 14:23:48 - [MESSAGE][INFO] - Finding Test Object 'Object Repository/Olusturma/Genel/Kutular/SiparisBilgileri/SiparisTarihiImage'

2021-10-21 14:23:49 - [MESSAGE][INFO] - Checking object

2021-10-21 14:23:49 - [MESSAGE][INFO] - Finding web element from Test Object's properties

2021-10-21 14:23:49 - [MESSAGE][INFO] - Checking timeout

2021-10-21 14:23:49 - [MESSAGE][INFO] - Finding web element with id: 'Object Repository/Olusturma/Genel/Kutular/SiparisBilgileri/SiparisTarihiImage' located by 'By.cssSelector: #dateSiparisTarih img' in '30' second(s)

2021-10-21 14:23:49 - [MESSAGE][INFO] - Smart Wait Function is triggered

2021-10-21 14:23:49 - [MESSAGE][INFO] - Found 1 web elements with id: 'Object Repository/Olusturma/Genel/Kutular/SiparisBilgileri/SiparisTarihiImage' located by 'By.cssSelector: #dateSiparisTarih img' in '30' second(s)

2021-10-21 14:23:49 - [MESSAGE][INFO] - Clicking on object: 'Object Repository/Olusturma/Genel/Kutular/SiparisBilgileri/SiparisTarihiImage'

2021-10-21 14:23:49 - [MESSAGE][PASSED] - Object: 'Object Repository/Olusturma/Genel/Kutular/SiparisBilgileri/SiparisTarihiImage' is clicked on

2021-10-21 14:23:49 - [TEST_STEP][PASSED] - waitForElementPresent(findTestObject("Object Repository/Olusturma/Genel/Kutular/SiparisBilgileri/SiparisTarihi"), 10): Object 'Object Repository/Olusturma/Genel/Kutular/SiparisBilgileri/SiparisTarihi' is present

2021-10-21 14:23:49 - [MESSAGE][INFO] - Finding Test Object 'Object Repository/Olusturma/Genel/Kutular/SiparisBilgileri/SiparisTarihi'

2021-10-21 14:23:49 - [MESSAGE][INFO] - Checking object

2021-10-21 14:23:49 - [MESSAGE][INFO] - Finding web element from Test Object's properties

2021-10-21 14:23:49 - [MESSAGE][INFO] - Checking timeout

2021-10-21 14:23:49 - [MESSAGE][INFO] - Finding web element with id: 'Object Repository/Olusturma/Genel/Kutular/SiparisBilgileri/SiparisTarihi' located by 'By.xpath: //*[@id = 'dateSiparisTarih_I']' in '10' second(s)

2021-10-21 14:23:49 - [MESSAGE][INFO] - Smart Wait Function is triggered

2021-10-21 14:23:49 - [MESSAGE][INFO] - Found 1 web elements with id: 'Object Repository/Olusturma/Genel/Kutular/SiparisBilgileri/SiparisTarihi' located by 'By.xpath: //*[@id = 'dateSiparisTarih_I']' in '10' second(s)

2021-10-21 14:23:49 - [MESSAGE][PASSED] - Object 'Object Repository/Olusturma/Genel/Kutular/SiparisBilgileri/SiparisTarihi' is present

2021-10-21 14:23:49 - [TEST_STEP][PASSED] - clearText(findTestObject("Object Repository/Olusturma/Genel/Kutular/SiparisBilgileri/SiparisTarihi")): Text of object 'Object Repository/Olusturma/Genel/Kutular/SiparisBilgileri/SiparisTarihi' is cleared

2021-10-21 14:23:49 - [MESSAGE][INFO] - Finding Test Object 'Object Repository/Olusturma/Genel/Kutular/SiparisBilgileri/SiparisTarihi'

2021-10-21 14:23:50 - [MESSAGE][INFO] - Checking object

2021-10-21 14:23:50 - [MESSAGE][INFO] - Finding web element from Test Object's properties

2021-10-21 14:23:50 - [MESSAGE][INFO] - Checking timeout

2021-10-21 14:23:50 - [MESSAGE][INFO] - Finding web element with id: 'Object Repository/Olusturma/Genel/Kutular/SiparisBilgileri/SiparisTarihi' located by 'By.xpath: //*[@id = 'dateSiparisTarih_I']' in '30' second(s)

2021-10-21 14:23:50 - [MESSAGE][INFO] - Smart Wait Function is triggered

2021-10-21 14:23:50 - [MESSAGE][INFO] - Found 1 web elements with id: 'Object Repository/Olusturma/Genel/Kutular/SiparisBilgileri/SiparisTarihi' located by 'By.xpath: //*[@id = 'dateSiparisTarih_I']' in '30' second(s)

2021-10-21 14:23:50 - [MESSAGE][INFO] - Clearing text of object 'Object Repository/Olusturma/Genel/Kutular/SiparisBilgileri/SiparisTarihi'

2021-10-21 14:23:50 - [MESSAGE][PASSED] - Text of object 'Object Repository/Olusturma/Genel/Kutular/SiparisBilgileri/SiparisTarihi' is cleared

2021-10-21 14:23:50 - [TEST_STEP][PASSED] - sendKeys(findTestObject("Object Repository/Olusturma/Genel/Kutular/SiparisBilgileri/SiparisTarihi"), Tarih): Keys '31.06.2021' sent to object: 'Object Repository/Olusturma/Genel/Kutular/SiparisBilgileri/SiparisTarihi'

2021-10-21 14:23:50 - [MESSAGE][INFO] - Finding Test Object 'Object Repository/Olusturma/Genel/Kutular/SiparisBilgileri/SiparisTarihi'

2021-10-21 14:23:50 - [MESSAGE][INFO] - Sending keys '31.06.2021' to object: 'Object Repository/Olusturma/Genel/Kutular/SiparisBilgileri/SiparisTarihi'

2021-10-21 14:23:50 - [MESSAGE][INFO] - Finding web element from Test Object's properties

2021-10-21 14:23:50 - [MESSAGE][INFO] - Checking timeout

2021-10-21 14:23:50 - [MESSAGE][INFO] - Finding web element with id: 'Object Repository/Olusturma/Genel/Kutular/SiparisBilgileri/SiparisTarihi' located by 'By.xpath: //*[@id = 'dateSiparisTarih_I']' in '30' second(s)

2021-10-21 14:23:50 - [MESSAGE][INFO] - Smart Wait Function is triggered

2021-10-21 14:23:50 - [MESSAGE][INFO] - Found 1 web elements with id: 'Object Repository/Olusturma/Genel/Kutular/SiparisBilgileri/SiparisTarihi' located by 'By.xpath: //*[@id = 'dateSiparisTarih_I']' in '30' second(s)

2021-10-21 14:23:50 - [MESSAGE][PASSED] - Keys '31.06.2021' sent to object: 'Object Repository/Olusturma/Genel/Kutular/SiparisBilgileri/SiparisTarihi'

2021-10-21 14:23:50 - [MESSAGE][PASSED] - Call Test Case 'Test Cases/Olusturma/Genel/Kutular/SiparisBilgileriGirilir' successfully

2021-10-21 14:23:50 - [MESSAGE][INFO] - Checking called Test Case

2021-10-21 14:23:50 - [MESSAGE][INFO] - Starting to call Test Case 'Test Cases/Olusturma/Genel/Kutular/IrsaliyeBilgileri'

2021-10-21 14:23:50 - [TEST_CASE][PASSED] - Test Cases/Olusturma/Genel/Kutular/IrsaliyeBilgileri: Test Cases/Olusturma/Genel/Kutular/IrsaliyeBilgileri

2021-10-21 14:23:50 - [TEST_STEP][PASSED] - Method.TextDegerineEsitElementeTikla(findTestObject("Olusturma/Genel/Kutular/KapaliKutular"), "İrsaliye Bilgileri"): Method.TextDegerineEsitElementeTikla is PASSED

2021-10-21 14:23:50 - [MESSAGE][INFO] - Finding Test Object 'Object Repository/Olusturma/Genel/Kutular/KapaliKutular'

2021-10-21 14:23:51 - [MESSAGE][INFO] - Checking timeout

2021-10-21 14:23:51 - [MESSAGE][INFO] - Finding web element with id: 'Object Repository/Olusturma/Genel/Kutular/KapaliKutular' located by 'By.cssSelector: .dxnb-headerCollapsed>span' in '10' second(s)

2021-10-21 14:23:51 - [MESSAGE][INFO] - Smart Wait Function is triggered

2021-10-21 14:23:51 - [MESSAGE][INFO] - Found 9 web elements with id: 'Object Repository/Olusturma/Genel/Kutular/KapaliKutular' located by 'By.cssSelector: .dxnb-headerCollapsed>span' in '10' second(s)

2021-10-21 14:23:51 - [MESSAGE][PASSED] - Method.TextDegerineEsitElementeTikla is PASSED

2021-10-21 14:23:51 - [TEST_STEP][PASSED] - waitForElementClickable(findTestObject("Olusturma/Genel/Kutular/IrsaliyeBilgileri/Ekle"), 10): Object 'Object Repository/Olusturma/Genel/Kutular/IrsaliyeBilgileri/Ekle' is clickable

2021-10-21 14:23:51 - [MESSAGE][INFO] - Finding Test Object 'Object Repository/Olusturma/Genel/Kutular/IrsaliyeBilgileri/Ekle'

2021-10-21 14:23:51 - [MESSAGE][INFO] - Checking object

2021-10-21 14:23:51 - [MESSAGE][INFO] - Checking timeout

2021-10-21 14:23:51 - [MESSAGE][INFO] - Finding web element from Test Object's properties

2021-10-21 14:23:51 - [MESSAGE][INFO] - Checking timeout

2021-10-21 14:23:51 - [MESSAGE][INFO] - Finding web element with id: 'Object Repository/Olusturma/Genel/Kutular/IrsaliyeBilgileri/Ekle' located by 'By.xpath: //*[@id = 'DXEditorgvUserInvoiceBillsNewRowBtn']' in '10' second(s)

2021-10-21 14:23:51 - [MESSAGE][INFO] - Smart Wait Function is triggered

2021-10-21 14:23:52 - [MESSAGE][INFO] - Found 1 web elements with id: 'Object Repository/Olusturma/Genel/Kutular/IrsaliyeBilgileri/Ekle' located by 'By.xpath: //*[@id = 'DXEditorgvUserInvoiceBillsNewRowBtn']' in '10' second(s)

2021-10-21 14:23:52 - [MESSAGE][PASSED] - Object 'Object Repository/Olusturma/Genel/Kutular/IrsaliyeBilgileri/Ekle' is clickable

2021-10-21 14:23:52 - [TEST_STEP][PASSED] - click(findTestObject("Olusturma/Genel/Kutular/IrsaliyeBilgileri/Ekle")): Object: 'Object Repository/Olusturma/Genel/Kutular/IrsaliyeBilgileri/Ekle' is clicked on

2021-10-21 14:23:52 - [MESSAGE][INFO] - Finding Test Object 'Object Repository/Olusturma/Genel/Kutular/IrsaliyeBilgileri/Ekle'

2021-10-21 14:23:52 - [MESSAGE][INFO] - Checking object

2021-10-21 14:23:52 - [MESSAGE][INFO] - Finding web element from Test Object's properties

2021-10-21 14:23:52 - [MESSAGE][INFO] - Checking timeout

2021-10-21 14:23:52 - [MESSAGE][INFO] - Finding web element with id: 'Object Repository/Olusturma/Genel/Kutular/IrsaliyeBilgileri/Ekle' located by 'By.xpath: //*[@id = 'DXEditorgvUserInvoiceBillsNewRowBtn']' in '30' second(s)

2021-10-21 14:23:52 - [MESSAGE][INFO] - Smart Wait Function is triggered

2021-10-21 14:23:52 - [MESSAGE][INFO] - Found 1 web elements with id: 'Object Repository/Olusturma/Genel/Kutular/IrsaliyeBilgileri/Ekle' located by 'By.xpath: //*[@id = 'DXEditorgvUserInvoiceBillsNewRowBtn']' in '30' second(s)

2021-10-21 14:23:52 - [MESSAGE][INFO] - Clicking on object: 'Object Repository/Olusturma/Genel/Kutular/IrsaliyeBilgileri/Ekle'

2021-10-21 14:23:52 - [MESSAGE][PASSED] - Object: 'Object Repository/Olusturma/Genel/Kutular/IrsaliyeBilgileri/Ekle' is clicked on

2021-10-21 14:23:52 - [TEST_STEP][PASSED] - waitForElementPresent(findTestObject("Object Repository/Olusturma/Genel/Kutular/IrsaliyeBilgileri/IrsaliyeNumarasi"), 10): Object 'Object Repository/Olusturma/Genel/Kutular/IrsaliyeBilgileri/IrsaliyeNumarasi' is present

2021-10-21 14:23:52 - [MESSAGE][INFO] - Finding Test Object 'Object Repository/Olusturma/Genel/Kutular/IrsaliyeBilgileri/IrsaliyeNumarasi'

2021-10-21 14:23:52 - [MESSAGE][INFO] - Checking object

2021-10-21 14:23:52 - [MESSAGE][INFO] - Finding web element from Test Object's properties

2021-10-21 14:23:52 - [MESSAGE][INFO] - Checking timeout

2021-10-21 14:23:52 - [MESSAGE][INFO] - Finding web element with id: 'Object Repository/Olusturma/Genel/Kutular/IrsaliyeBilgileri/IrsaliyeNumarasi' located by 'By.xpath: //*[@id = 'gvUserInvoiceBills_DXEditor1_I']' in '10' second(s)

2021-10-21 14:23:52 - [MESSAGE][INFO] - Smart Wait Function is triggered

2021-10-21 14:23:52 - [MESSAGE][INFO] - Smart Wait Function is triggered

2021-10-21 14:23:53 - [MESSAGE][INFO] - Found 1 web elements with id: 'Object Repository/Olusturma/Genel/Kutular/IrsaliyeBilgileri/IrsaliyeNumarasi' located by 'By.xpath: //*[@id = 'gvUserInvoiceBills_DXEditor1_I']' in '10' second(s)

2021-10-21 14:23:53 - [MESSAGE][PASSED] - Object 'Object Repository/Olusturma/Genel/Kutular/IrsaliyeBilgileri/IrsaliyeNumarasi' is present

2021-10-21 14:23:53 - [TEST_STEP][PASSED] - clearText(findTestObject("Object Repository/Olusturma/Genel/Kutular/IrsaliyeBilgileri/IrsaliyeNumarasi")): Text of object 'Object Repository/Olusturma/Genel/Kutular/IrsaliyeBilgileri/IrsaliyeNumarasi' is cleared

2021-10-21 14:23:53 - [MESSAGE][INFO] - Finding Test Object 'Object Repository/Olusturma/Genel/Kutular/IrsaliyeBilgileri/IrsaliyeNumarasi'

2021-10-21 14:23:53 - [MESSAGE][INFO] - Checking object

2021-10-21 14:23:53 - [MESSAGE][INFO] - Finding web element from Test Object's properties

2021-10-21 14:23:53 - [MESSAGE][INFO] - Checking timeout

2021-10-21 14:23:53 - [MESSAGE][INFO] - Finding web element with id: 'Object Repository/Olusturma/Genel/Kutular/IrsaliyeBilgileri/IrsaliyeNumarasi' located by 'By.xpath: //*[@id = 'gvUserInvoiceBills_DXEditor1_I']' in '30' second(s)

2021-10-21 14:23:53 - [MESSAGE][INFO] - Smart Wait Function is triggered

2021-10-21 14:23:54 - [MESSAGE][INFO] - Found 1 web elements with id: 'Object Repository/Olusturma/Genel/Kutular/IrsaliyeBilgileri/IrsaliyeNumarasi' located by 'By.xpath: //*[@id = 'gvUserInvoiceBills_DXEditor1_I']' in '30' second(s)

2021-10-21 14:23:54 - [MESSAGE][INFO] - Clearing text of object 'Object Repository/Olusturma/Genel/Kutular/IrsaliyeBilgileri/IrsaliyeNumarasi'

2021-10-21 14:23:54 - [MESSAGE][PASSED] - Text of object 'Object Repository/Olusturma/Genel/Kutular/IrsaliyeBilgileri/IrsaliyeNumarasi' is cleared

2021-10-21 14:23:54 - [TEST_STEP][PASSED] - sendKeys(findTestObject("Object Repository/Olusturma/Genel/Kutular/IrsaliyeBilgileri/IrsaliyeNumarasi"), Numara): Keys 'AAAAAAAAAA' sent to object: 'Object Repository/Olusturma/Genel/Kutular/IrsaliyeBilgileri/IrsaliyeNumarasi'

2021-10-21 14:23:54 - [MESSAGE][INFO] - Finding Test Object 'Object Repository/Olusturma/Genel/Kutular/IrsaliyeBilgileri/IrsaliyeNumarasi'

2021-10-21 14:23:54 - [MESSAGE][INFO] - Sending keys 'AAAAAAAAAA' to object: 'Object Repository/Olusturma/Genel/Kutular/IrsaliyeBilgileri/IrsaliyeNumarasi'

2021-10-21 14:23:54 - [MESSAGE][INFO] - Finding web element from Test Object's properties

2021-10-21 14:23:54 - [MESSAGE][INFO] - Checking timeout

2021-10-21 14:23:54 - [MESSAGE][INFO] - Finding web element with id: 'Object Repository/Olusturma/Genel/Kutular/IrsaliyeBilgileri/IrsaliyeNumarasi' located by 'By.xpath: //*[@id = 'gvUserInvoiceBills_DXEditor1_I']' in '30' second(s)

2021-10-21 14:23:54 - [MESSAGE][INFO] - Smart Wait Function is triggered

2021-10-21 14:23:54 - [MESSAGE][INFO] - Found 1 web elements with id: 'Object Repository/Olusturma/Genel/Kutular/IrsaliyeBilgileri/IrsaliyeNumarasi' located by 'By.xpath: //*[@id = 'gvUserInvoiceBills_DXEditor1_I']' in '30' second(s)

2021-10-21 14:23:54 - [MESSAGE][PASSED] - Keys 'AAAAAAAAAA' sent to object: 'Object Repository/Olusturma/Genel/Kutular/IrsaliyeBilgileri/IrsaliyeNumarasi'

2021-10-21 14:23:54 - [TEST_STEP][PASSED] - waitForElementClickable(findTestObject("Object Repository/Olusturma/Genel/Kutular/IrsaliyeBilgileri/IrsaliyeTarihi"), 10): Object 'Object Repository/Olusturma/Genel/Kutular/IrsaliyeBilgileri/IrsaliyeTarihi' is clickable

2021-10-21 14:23:54 - [MESSAGE][INFO] - Finding Test Object 'Object Repository/Olusturma/Genel/Kutular/IrsaliyeBilgileri/IrsaliyeTarihi'

2021-10-21 14:23:54 - [MESSAGE][INFO] - Checking object

2021-10-21 14:23:54 - [MESSAGE][INFO] - Checking timeout

2021-10-21 14:23:54 - [MESSAGE][INFO] - Finding web element from Test Object's properties

2021-10-21 14:23:54 - [MESSAGE][INFO] - Checking timeout

2021-10-21 14:23:54 - [MESSAGE][INFO] - Finding web element with id: 'Object Repository/Olusturma/Genel/Kutular/IrsaliyeBilgileri/IrsaliyeTarihi' located by 'By.xpath: //*[@id = 'gvUserInvoiceBills_DXEditor2_I']' in '10' second(s)

2021-10-21 14:23:54 - [MESSAGE][INFO] - Smart Wait Function is triggered

2021-10-21 14:23:55 - [MESSAGE][INFO] - Found 1 web elements with id: 'Object Repository/Olusturma/Genel/Kutular/IrsaliyeBilgileri/IrsaliyeTarihi' located by 'By.xpath: //*[@id = 'gvUserInvoiceBills_DXEditor2_I']' in '10' second(s)

2021-10-21 14:23:55 - [MESSAGE][PASSED] - Object 'Object Repository/Olusturma/Genel/Kutular/IrsaliyeBilgileri/IrsaliyeTarihi' is clickable

2021-10-21 14:23:55 - [TEST_STEP][PASSED] - click(findTestObject("Object Repository/Olusturma/Genel/Kutular/IrsaliyeBilgileri/IrsaliyeTarihi")): Object: 'Object Repository/Olusturma/Genel/Kutular/IrsaliyeBilgileri/IrsaliyeTarihi' is clicked on

2021-10-21 14:23:55 - [MESSAGE][INFO] - Finding Test Object 'Object Repository/Olusturma/Genel/Kutular/IrsaliyeBilgileri/IrsaliyeTarihi'

2021-10-21 14:23:55 - [MESSAGE][INFO] - Checking object

2021-10-21 14:23:55 - [MESSAGE][INFO] - Finding web element from Test Object's properties

2021-10-21 14:23:55 - [MESSAGE][INFO] - Checking timeout

2021-10-21 14:23:55 - [MESSAGE][INFO] - Finding web element with id: 'Object Repository/Olusturma/Genel/Kutular/IrsaliyeBilgileri/IrsaliyeTarihi' located by 'By.xpath: //*[@id = 'gvUserInvoiceBills_DXEditor2_I']' in '30' second(s)

2021-10-21 14:23:55 - [MESSAGE][INFO] - Smart Wait Function is triggered

2021-10-21 14:23:55 - [MESSAGE][INFO] - Found 1 web elements with id: 'Object Repository/Olusturma/Genel/Kutular/IrsaliyeBilgileri/IrsaliyeTarihi' located by 'By.xpath: //*[@id = 'gvUserInvoiceBills_DXEditor2_I']' in '30' second(s)

2021-10-21 14:23:55 - [MESSAGE][INFO] - Clicking on object: 'Object Repository/Olusturma/Genel/Kutular/IrsaliyeBilgileri/IrsaliyeTarihi'

2021-10-21 14:23:55 - [MESSAGE][PASSED] - Object: 'Object Repository/Olusturma/Genel/Kutular/IrsaliyeBilgileri/IrsaliyeTarihi' is clicked on

2021-10-21 14:23:55 - [TEST_STEP][PASSED] - sendKeys(findTestObject("Object Repository/Olusturma/Genel/Kutular/IrsaliyeBilgileri/IrsaliyeTarihi"), Tarih): Keys '31.06.2021' sent to object: 'Object Repository/Olusturma/Genel/Kutular/IrsaliyeBilgileri/IrsaliyeTarihi'

2021-10-21 14:23:55 - [MESSAGE][INFO] - Finding Test Object 'Object Repository/Olusturma/Genel/Kutular/IrsaliyeBilgileri/IrsaliyeTarihi'

2021-10-21 14:23:55 - [MESSAGE][INFO] - Sending keys '31.06.2021' to object: 'Object Repository/Olusturma/Genel/Kutular/IrsaliyeBilgileri/IrsaliyeTarihi'

2021-10-21 14:23:55 - [MESSAGE][INFO] - Finding web element from Test Object's properties

2021-10-21 14:23:55 - [MESSAGE][INFO] - Checking timeout

2021-10-21 14:23:55 - [MESSAGE][INFO] - Finding web element with id: 'Object Repository/Olusturma/Genel/Kutular/IrsaliyeBilgileri/IrsaliyeTarihi' located by 'By.xpath: //*[@id = 'gvUserInvoiceBills_DXEditor2_I']' in '30' second(s)

2021-10-21 14:23:55 - [MESSAGE][INFO] - Smart Wait Function is triggered

2021-10-21 14:23:56 - [MESSAGE][INFO] - Found 1 web elements with id: 'Object Repository/Olusturma/Genel/Kutular/IrsaliyeBilgileri/IrsaliyeTarihi' located by 'By.xpath: //*[@id = 'gvUserInvoiceBills_DXEditor2_I']' in '30' second(s)

2021-10-21 14:23:56 - [MESSAGE][PASSED] - Keys '31.06.2021' sent to object: 'Object Repository/Olusturma/Genel/Kutular/IrsaliyeBilgileri/IrsaliyeTarihi'

2021-10-21 14:23:56 - [MESSAGE][PASSED] - Call Test Case 'Test Cases/Olusturma/Genel/Kutular/IrsaliyeBilgileri' successfully

2021-10-21 14:23:56 - [MESSAGE][INFO] - Checking called Test Case

2021-10-21 14:23:56 - [MESSAGE][INFO] - Starting to call Test Case 'Test Cases/Olusturma/Genel/Kutular/eArsivInternetBilgileriGirilir'

2021-10-21 14:23:56 - [TEST_CASE][PASSED] - Test Cases/Olusturma/Genel/Kutular/eArsivInternetBilgileriGirilir: Test Cases/Olusturma/Genel/Kutular/eArsivInternetBilgileriGirilir

2021-10-21 14:23:57 - [TEST_STEP][PASSED] - waitForElementPresent(findTestObject("Olusturma/Genel/Kutular/eArsivInternetBilgileri/odemeSekli"), 10): Object 'Object Repository/Olusturma/Genel/Kutular/eArsivInternetBilgileri/odemeSekli' is present

2021-10-21 14:23:57 - [MESSAGE][INFO] - Finding Test Object 'Object Repository/Olusturma/Genel/Kutular/eArsivInternetBilgileri/odemeSekli'

2021-10-21 14:23:57 - [MESSAGE][INFO] - Checking object

2021-10-21 14:23:57 - [MESSAGE][INFO] - Finding web element from Test Object's properties

2021-10-21 14:23:57 - [MESSAGE][INFO] - Checking timeout

2021-10-21 14:23:57 - [MESSAGE][INFO] - Finding web element with id: 'Object Repository/Olusturma/Genel/Kutular/eArsivInternetBilgileri/odemeSekli' located by 'By.xpath: //*[@id = 'cmbEArsivInternetOdemeSekli_I']' in '10' second(s)

2021-10-21 14:23:57 - [MESSAGE][INFO] - Smart Wait Function is triggered

2021-10-21 14:23:57 - [MESSAGE][INFO] - Found 1 web elements with id: 'Object Repository/Olusturma/Genel/Kutular/eArsivInternetBilgileri/odemeSekli' located by 'By.xpath: //*[@id = 'cmbEArsivInternetOdemeSekli_I']' in '10' second(s)

2021-10-21 14:23:57 - [MESSAGE][PASSED] - Object 'Object Repository/Olusturma/Genel/Kutular/eArsivInternetBilgileri/odemeSekli' is present

2021-10-21 14:23:57 - [TEST_STEP][PASSED] - sendKeys(findTestObject("Olusturma/Genel/Kutular/eArsivInternetBilgileri/odemeSekli"), Keys.chord(CONTROL, "a", BACK_SPACE)): Keys 'CONTROL + BACK_SPACE + a' sent to object: 'Object Repository/Olusturma/Genel/Kutular/eArsivInternetBilgileri/odemeSekli'

2021-10-21 14:23:57 - [MESSAGE][INFO] - Finding Test Object 'Object Repository/Olusturma/Genel/Kutular/eArsivInternetBilgileri/odemeSekli'

2021-10-21 14:23:57 - [MESSAGE][INFO] - Sending keys 'CONTROL + BACK_SPACE + a' to object: 'Object Repository/Olusturma/Genel/Kutular/eArsivInternetBilgileri/odemeSekli'

2021-10-21 14:23:57 - [MESSAGE][INFO] - Finding web element from Test Object's properties

2021-10-21 14:23:57 - [MESSAGE][INFO] - Checking timeout

2021-10-21 14:23:57 - [MESSAGE][INFO] - Finding web element with id: 'Object Repository/Olusturma/Genel/Kutular/eArsivInternetBilgileri/odemeSekli' located by 'By.xpath: //*[@id = 'cmbEArsivInternetOdemeSekli_I']' in '30' second(s)

2021-10-21 14:23:57 - [MESSAGE][INFO] - Smart Wait Function is triggered

2021-10-21 14:23:58 - [MESSAGE][INFO] - Found 1 web elements with id: 'Object Repository/Olusturma/Genel/Kutular/eArsivInternetBilgileri/odemeSekli' located by 'By.xpath: //*[@id = 'cmbEArsivInternetOdemeSekli_I']' in '30' second(s)

2021-10-21 14:23:58 - [MESSAGE][PASSED] - Keys 'CONTROL + BACK_SPACE + a' sent to object: 'Object Repository/Olusturma/Genel/Kutular/eArsivInternetBilgileri/odemeSekli'

2021-10-21 14:23:58 - [TEST_STEP][PASSED] - sendKeys(findTestObject("Olusturma/Genel/Kutular/eArsivInternetBilgileri/odemeSekli"), OdemeSekli): Keys 'Kredi Kartı / Banka Kartı' sent to object: 'Object Repository/Olusturma/Genel/Kutular/eArsivInternetBilgileri/odemeSekli'

2021-10-21 14:23:58 - [MESSAGE][INFO] - Finding Test Object 'Object Repository/Olusturma/Genel/Kutular/eArsivInternetBilgileri/odemeSekli'

2021-10-21 14:23:58 - [MESSAGE][INFO] - Sending keys 'Kredi Kartı / Banka Kartı' to object: 'Object Repository/Olusturma/Genel/Kutular/eArsivInternetBilgileri/odemeSekli'

2021-10-21 14:23:58 - [MESSAGE][INFO] - Finding web element from Test Object's properties

2021-10-21 14:23:58 - [MESSAGE][INFO] - Checking timeout

2021-10-21 14:23:58 - [MESSAGE][INFO] - Finding web element with id: 'Object Repository/Olusturma/Genel/Kutular/eArsivInternetBilgileri/odemeSekli' located by 'By.xpath: //*[@id = 'cmbEArsivInternetOdemeSekli_I']' in '30' second(s)

2021-10-21 14:23:58 - [MESSAGE][INFO] - Smart Wait Function is triggered

2021-10-21 14:23:58 - [MESSAGE][INFO] - Found 1 web elements with id: 'Object Repository/Olusturma/Genel/Kutular/eArsivInternetBilgileri/odemeSekli' located by 'By.xpath: //*[@id = 'cmbEArsivInternetOdemeSekli_I']' in '30' second(s)

2021-10-21 14:23:58 - [MESSAGE][PASSED] - Keys 'Kredi Kartı / Banka Kartı' sent to object: 'Object Repository/Olusturma/Genel/Kutular/eArsivInternetBilgileri/odemeSekli'

2021-10-21 14:23:58 - [TEST_STEP][PASSED] - sendKeys(findTestObject("Olusturma/Genel/Kutular/eArsivInternetBilgileri/webAdresi"), WebAdresi): Keys 'www.elogo.com' sent to object: 'Object Repository/Olusturma/Genel/Kutular/eArsivInternetBilgileri/webAdresi'

2021-10-21 14:23:58 - [MESSAGE][INFO] - Finding Test Object 'Object Repository/Olusturma/Genel/Kutular/eArsivInternetBilgileri/webAdresi'

2021-10-21 14:23:58 - [MESSAGE][INFO] - Sending keys 'www.elogo.com' to object: 'Object Repository/Olusturma/Genel/Kutular/eArsivInternetBilgileri/webAdresi'

2021-10-21 14:23:58 - [MESSAGE][INFO] - Finding web element from Test Object's properties

2021-10-21 14:23:58 - [MESSAGE][INFO] - Checking timeout

2021-10-21 14:23:58 - [MESSAGE][INFO] - Finding web element with id: 'Object Repository/Olusturma/Genel/Kutular/eArsivInternetBilgileri/webAdresi' located by 'By.xpath: //*[@id = 'txtEArsivInternetWebAdres_I']' in '30' second(s)

2021-10-21 14:23:58 - [MESSAGE][INFO] - Smart Wait Function is triggered

2021-10-21 14:23:59 - [MESSAGE][INFO] - Found 1 web elements with id: 'Object Repository/Olusturma/Genel/Kutular/eArsivInternetBilgileri/webAdresi' located by 'By.xpath: //*[@id = 'txtEArsivInternetWebAdres_I']' in '30' second(s)

2021-10-21 14:23:59 - [MESSAGE][PASSED] - Keys 'www.elogo.com' sent to object: 'Object Repository/Olusturma/Genel/Kutular/eArsivInternetBilgileri/webAdresi'

2021-10-21 14:23:59 - [TEST_STEP][PASSED] - sendKeys(findTestObject("Olusturma/Genel/Kutular/eArsivInternetBilgileri/TasiyiciVkn"), TasiyiciVkn): Keys '1234567806' sent to object: 'Object Repository/Olusturma/Genel/Kutular/eArsivInternetBilgileri/TasiyiciVkn'

2021-10-21 14:23:59 - [MESSAGE][INFO] - Finding Test Object 'Object Repository/Olusturma/Genel/Kutular/eArsivInternetBilgileri/TasiyiciVkn'

2021-10-21 14:23:59 - [MESSAGE][INFO] - Sending keys '1234567806' to object: 'Object Repository/Olusturma/Genel/Kutular/eArsivInternetBilgileri/TasiyiciVkn'

2021-10-21 14:23:59 - [MESSAGE][INFO] - Finding web element from Test Object's properties

2021-10-21 14:23:59 - [MESSAGE][INFO] - Checking timeout

2021-10-21 14:23:59 - [MESSAGE][INFO] - Finding web element with id: 'Object Repository/Olusturma/Genel/Kutular/eArsivInternetBilgileri/TasiyiciVkn' located by 'By.xpath: //*[@id = 'txtEArsivInternetTasiyiciVknTckn_I']' in '30' second(s)

2021-10-21 14:23:59 - [MESSAGE][INFO] - Smart Wait Function is triggered

2021-10-21 14:24:00 - [MESSAGE][INFO] - Found 1 web elements with id: 'Object Repository/Olusturma/Genel/Kutular/eArsivInternetBilgileri/TasiyiciVkn' located by 'By.xpath: //*[@id = 'txtEArsivInternetTasiyiciVknTckn_I']' in '30' second(s)

2021-10-21 14:24:00 - [MESSAGE][PASSED] - Keys '1234567806' sent to object: 'Object Repository/Olusturma/Genel/Kutular/eArsivInternetBilgileri/TasiyiciVkn'

2021-10-21 14:24:00 - [TEST_STEP][PASSED] - sendKeys(findTestObject("Olusturma/Genel/Kutular/eArsivInternetBilgileri/odemeAracisi"), OdemeAracisi): Keys 'elogo' sent to object: 'Object Repository/Olusturma/Genel/Kutular/eArsivInternetBilgileri/odemeAracisi'

2021-10-21 14:24:00 - [MESSAGE][INFO] - Finding Test Object 'Object Repository/Olusturma/Genel/Kutular/eArsivInternetBilgileri/odemeAracisi'

2021-10-21 14:24:00 - [MESSAGE][INFO] - Sending keys 'elogo' to object: 'Object Repository/Olusturma/Genel/Kutular/eArsivInternetBilgileri/odemeAracisi'

2021-10-21 14:24:00 - [MESSAGE][INFO] - Finding web element from Test Object's properties

2021-10-21 14:24:00 - [MESSAGE][INFO] - Checking timeout

2021-10-21 14:24:00 - [MESSAGE][INFO] - Finding web element with id: 'Object Repository/Olusturma/Genel/Kutular/eArsivInternetBilgileri/odemeAracisi' located by 'By.xpath: //*[@id = 'txtEArsivInternetOdemeAracisi_I']' in '30' second(s)

2021-10-21 14:24:00 - [MESSAGE][INFO] - Smart Wait Function is triggered

2021-10-21 14:24:00 - [MESSAGE][INFO] - Found 1 web elements with id: 'Object Repository/Olusturma/Genel/Kutular/eArsivInternetBilgileri/odemeAracisi' located by 'By.xpath: //*[@id = 'txtEArsivInternetOdemeAracisi_I']' in '30' second(s)

2021-10-21 14:24:00 - [MESSAGE][PASSED] - Keys 'elogo' sent to object: 'Object Repository/Olusturma/Genel/Kutular/eArsivInternetBilgileri/odemeAracisi'

2021-10-21 14:24:00 - [TEST_STEP][PASSED] - sendKeys(findTestObject("Olusturma/Genel/Kutular/eArsivInternetBilgileri/TasiyiciAdi"), TasiyiciAdi): Keys 'Virgosol' sent to object: 'Object Repository/Olusturma/Genel/Kutular/eArsivInternetBilgileri/TasiyiciAdi'

2021-10-21 14:24:00 - [MESSAGE][INFO] - Finding Test Object 'Object Repository/Olusturma/Genel/Kutular/eArsivInternetBilgileri/TasiyiciAdi'

2021-10-21 14:24:01 - [MESSAGE][INFO] - Sending keys 'Virgosol' to object: 'Object Repository/Olusturma/Genel/Kutular/eArsivInternetBilgileri/TasiyiciAdi'

2021-10-21 14:24:01 - [MESSAGE][INFO] - Finding web element from Test Object's properties

2021-10-21 14:24:01 - [MESSAGE][INFO] - Checking timeout

2021-10-21 14:24:01 - [MESSAGE][INFO] - Finding web element with id: 'Object Repository/Olusturma/Genel/Kutular/eArsivInternetBilgileri/TasiyiciAdi' located by 'By.xpath: //*[@id = 'txtEArsivInternetTasiyiciAdSoyad_I']' in '30' second(s)

2021-10-21 14:24:01 - [MESSAGE][INFO] - Smart Wait Function is triggered

2021-10-21 14:24:01 - [MESSAGE][INFO] - Found 1 web elements with id: 'Object Repository/Olusturma/Genel/Kutular/eArsivInternetBilgileri/TasiyiciAdi' located by 'By.xpath: //*[@id = 'txtEArsivInternetTasiyiciAdSoyad_I']' in '30' second(s)

2021-10-21 14:24:01 - [MESSAGE][PASSED] - Keys 'Virgosol' sent to object: 'Object Repository/Olusturma/Genel/Kutular/eArsivInternetBilgileri/TasiyiciAdi'

2021-10-21 14:24:01 - [TEST_STEP][PASSED] - scrollToElement(findTestObject("Olusturma/Genel/Kutular/eArsivInternetBilgileri/GonderimTarihi"), 1, STOP_ON_FAILURE): Scroll to object 'Object Repository/Olusturma/Genel/Kutular/eArsivInternetBilgileri/GonderimTarihi' successfully

2021-10-21 14:24:01 - [MESSAGE][INFO] - Finding Test Object 'Object Repository/Olusturma/Genel/Kutular/eArsivInternetBilgileri/GonderimTarihi'

2021-10-21 14:24:01 - [MESSAGE][INFO] - Checking object

2021-10-21 14:24:01 - [MESSAGE][INFO] - Checking timeout

2021-10-21 14:24:01 - [MESSAGE][INFO] - Finding web element from Test Object's properties

2021-10-21 14:24:01 - [MESSAGE][INFO] - Checking timeout

2021-10-21 14:24:01 - [MESSAGE][INFO] - Finding web element with id: 'Object Repository/Olusturma/Genel/Kutular/eArsivInternetBilgileri/GonderimTarihi' located by 'By.xpath: //*[@id = 'dateEArsivInternetGonderimTarih_B-1Img']' in '30' second(s)

2021-10-21 14:24:01 - [MESSAGE][INFO] - Smart Wait Function is triggered

2021-10-21 14:24:02 - [MESSAGE][INFO] - Found 1 web elements with id: 'Object Repository/Olusturma/Genel/Kutular/eArsivInternetBilgileri/GonderimTarihi' located by 'By.xpath: //*[@id = 'dateEArsivInternetGonderimTarih_B-1Img']' in '30' second(s)

2021-10-21 14:24:02 - [MESSAGE][INFO] - Scrolling to object 'Object Repository/Olusturma/Genel/Kutular/eArsivInternetBilgileri/GonderimTarihi'

2021-10-21 14:24:02 - [MESSAGE][PASSED] - Scroll to object 'Object Repository/Olusturma/Genel/Kutular/eArsivInternetBilgileri/GonderimTarihi' successfully

2021-10-21 14:24:02 - [TEST_STEP][PASSED] - click(findTestObject("Olusturma/Genel/Kutular/eArsivInternetBilgileri/GonderimTarihi"), STOP_ON_FAILURE): Object: 'Object Repository/Olusturma/Genel/Kutular/eArsivInternetBilgileri/GonderimTarihi' is clicked on

2021-10-21 14:24:02 - [MESSAGE][INFO] - Finding Test Object 'Object Repository/Olusturma/Genel/Kutular/eArsivInternetBilgileri/GonderimTarihi'

2021-10-21 14:24:02 - [MESSAGE][INFO] - Checking object

2021-10-21 14:24:02 - [MESSAGE][INFO] - Finding web element from Test Object's properties

2021-10-21 14:24:02 - [MESSAGE][INFO] - Checking timeout

2021-10-21 14:24:02 - [MESSAGE][INFO] - Finding web element with id: 'Object Repository/Olusturma/Genel/Kutular/eArsivInternetBilgileri/GonderimTarihi' located by 'By.xpath: //*[@id = 'dateEArsivInternetGonderimTarih_B-1Img']' in '30' second(s)

2021-10-21 14:24:02 - [MESSAGE][INFO] - Smart Wait Function is triggered

2021-10-21 14:24:02 - [MESSAGE][INFO] - Found 1 web elements with id: 'Object Repository/Olusturma/Genel/Kutular/eArsivInternetBilgileri/GonderimTarihi' located by 'By.xpath: //*[@id = 'dateEArsivInternetGonderimTarih_B-1Img']' in '30' second(s)

2021-10-21 14:24:02 - [MESSAGE][INFO] - Clicking on object: 'Object Repository/Olusturma/Genel/Kutular/eArsivInternetBilgileri/GonderimTarihi'

2021-10-21 14:24:02 - [MESSAGE][PASSED] - Object: 'Object Repository/Olusturma/Genel/Kutular/eArsivInternetBilgileri/GonderimTarihi' is clicked on

2021-10-21 14:24:02 - [TEST_STEP][PASSED] - click(findTestObject("Olusturma/Genel/Kutular/eArsivInternetBilgileri/BugunButonu"), STOP_ON_FAILURE): Object: 'Object Repository/Olusturma/Genel/Kutular/eArsivInternetBilgileri/BugunButonu' is clicked on

2021-10-21 14:24:02 - [MESSAGE][INFO] - Finding Test Object 'Object Repository/Olusturma/Genel/Kutular/eArsivInternetBilgileri/BugunButonu'

2021-10-21 14:24:02 - [MESSAGE][INFO] - Checking object

2021-10-21 14:24:02 - [MESSAGE][INFO] - Finding web element from Test Object's properties

2021-10-21 14:24:02 - [MESSAGE][INFO] - Checking timeout

2021-10-21 14:24:02 - [MESSAGE][INFO] - Finding web element with id: 'Object Repository/Olusturma/Genel/Kutular/eArsivInternetBilgileri/BugunButonu' located by 'By.xpath: //*[@id = 'dateEArsivInternetGonderimTarih_DDD_C_BT']' in '30' second(s)

2021-10-21 14:24:02 - [MESSAGE][INFO] - Smart Wait Function is triggered

2021-10-21 14:24:03 - [MESSAGE][INFO] - Found 1 web elements with id: 'Object Repository/Olusturma/Genel/Kutular/eArsivInternetBilgileri/BugunButonu' located by 'By.xpath: //*[@id = 'dateEArsivInternetGonderimTarih_DDD_C_BT']' in '30' second(s)

2021-10-21 14:24:03 - [MESSAGE][INFO] - Clicking on object: 'Object Repository/Olusturma/Genel/Kutular/eArsivInternetBilgileri/BugunButonu'

2021-10-21 14:24:04 - [MESSAGE][PASSED] - Object: 'Object Repository/Olusturma/Genel/Kutular/eArsivInternetBilgileri/BugunButonu' is clicked on

2021-10-21 14:24:04 - [MESSAGE][PASSED] - Call Test Case 'Test Cases/Olusturma/Genel/Kutular/eArsivInternetBilgileriGirilir' successfully

2021-10-21 14:24:04 - [MESSAGE][INFO] - Checking called Test Case

2021-10-21 14:24:04 - [MESSAGE][INFO] - Starting to call Test Case 'Test Cases/Olusturma/Genel/EkleButonunaBasilir'

2021-10-21 14:24:04 - [TEST_CASE][PASSED] - Test Cases/Olusturma/Genel/EkleButonunaBasilir: Test Cases/Olusturma/Genel/EkleButonunaBasilir

2021-10-21 14:24:04 - [TEST_STEP][PASSED] - waitForElementClickable(findTestObject("Object Repository/Olusturma/Genel/Olusturma/Ekle"), 10): Object 'Object Repository/Olusturma/Genel/Olusturma/Ekle' is clickable

2021-10-21 14:24:04 - [MESSAGE][INFO] - Finding Test Object 'Object Repository/Olusturma/Genel/Olusturma/Ekle'

2021-10-21 14:24:04 - [MESSAGE][INFO] - Checking object

2021-10-21 14:24:04 - [MESSAGE][INFO] - Checking timeout

2021-10-21 14:24:04 - [MESSAGE][INFO] - Finding web element from Test Object's properties

2021-10-21 14:24:04 - [MESSAGE][INFO] - Checking timeout

2021-10-21 14:24:04 - [MESSAGE][INFO] - Finding web element with id: 'Object Repository/Olusturma/Genel/Olusturma/Ekle' located by 'By.cssSelector: #divmalhizmet i.fa.fa-plus.fa-lg.text-muted' in '10' second(s)

2021-10-21 14:24:04 - [MESSAGE][INFO] - Smart Wait Function is triggered

2021-10-21 14:24:04 - [MESSAGE][INFO] - Found 1 web elements with id: 'Object Repository/Olusturma/Genel/Olusturma/Ekle' located by 'By.cssSelector: #divmalhizmet i.fa.fa-plus.fa-lg.text-muted' in '10' second(s)

2021-10-21 14:24:04 - [MESSAGE][PASSED] - Object 'Object Repository/Olusturma/Genel/Olusturma/Ekle' is clickable

2021-10-21 14:24:04 - [TEST_STEP][PASSED] - click(findTestObject("Object Repository/Olusturma/Genel/Olusturma/Ekle")): Object: 'Object Repository/Olusturma/Genel/Olusturma/Ekle' is clicked on

2021-10-21 14:24:04 - [MESSAGE][INFO] - Finding Test Object 'Object Repository/Olusturma/Genel/Olusturma/Ekle'

2021-10-21 14:24:04 - [MESSAGE][INFO] - Checking object

2021-10-21 14:24:04 - [MESSAGE][INFO] - Finding web element from Test Object's properties

2021-10-21 14:24:04 - [MESSAGE][INFO] - Checking timeout

2021-10-21 14:24:04 - [MESSAGE][INFO] - Finding web element with id: 'Object Repository/Olusturma/Genel/Olusturma/Ekle' located by 'By.cssSelector: #divmalhizmet i.fa.fa-plus.fa-lg.text-muted' in '30' second(s)

2021-10-21 14:24:04 - [MESSAGE][INFO] - Smart Wait Function is triggered

2021-10-21 14:24:04 - [MESSAGE][INFO] - Found 1 web elements with id: 'Object Repository/Olusturma/Genel/Olusturma/Ekle' located by 'By.cssSelector: #divmalhizmet i.fa.fa-plus.fa-lg.text-muted' in '30' second(s)

2021-10-21 14:24:04 - [MESSAGE][INFO] - Clicking on object: 'Object Repository/Olusturma/Genel/Olusturma/Ekle'

2021-10-21 14:24:05 - [MESSAGE][PASSED] - Object: 'Object Repository/Olusturma/Genel/Olusturma/Ekle' is clicked on

2021-10-21 14:24:05 - [TEST_STEP][PASSED] - waitForElementClickable(findTestObject("Olusturma/Genel/Olusturma/EklenenSatirCarpiImage"), 10): Object 'Object Repository/Olusturma/Genel/Olusturma/EklenenSatirCarpiImage' is clickable

2021-10-21 14:24:05 - [MESSAGE][INFO] - Finding Test Object 'Object Repository/Olusturma/Genel/Olusturma/EklenenSatirCarpiImage'

2021-10-21 14:24:05 - [MESSAGE][INFO] - Checking object

2021-10-21 14:24:05 - [MESSAGE][INFO] - Checking timeout

2021-10-21 14:24:05 - [MESSAGE][INFO] - Finding web element from Test Object's properties

2021-10-21 14:24:05 - [MESSAGE][INFO] - Checking timeout

2021-10-21 14:24:05 - [MESSAGE][INFO] - Finding web element with id: 'Object Repository/Olusturma/Genel/Olusturma/EklenenSatirCarpiImage' located by 'By.cssSelector: .fa.fa-times.fa-lg.text-primary' in '10' second(s)

2021-10-21 14:24:05 - [MESSAGE][INFO] - Smart Wait Function is triggered

2021-10-21 14:24:05 - [MESSAGE][INFO] - Smart Wait Function is triggered

2021-10-21 14:24:08 - [MESSAGE][INFO] - Found 1 web elements with id: 'Object Repository/Olusturma/Genel/Olusturma/EklenenSatirCarpiImage' located by 'By.cssSelector: .fa.fa-times.fa-lg.text-primary' in '10' second(s)

2021-10-21 14:24:08 - [MESSAGE][PASSED] - Object 'Object Repository/Olusturma/Genel/Olusturma/EklenenSatirCarpiImage' is clickable

2021-10-21 14:24:08 - [MESSAGE][PASSED] - Call Test Case 'Test Cases/Olusturma/Genel/EkleButonunaBasilir' successfully

2021-10-21 14:24:08 - [MESSAGE][INFO] - Checking called Test Case

2021-10-21 14:24:08 - [MESSAGE][INFO] - Starting to call Test Case 'Test Cases/Olusturma/Genel/Olusturma'

2021-10-21 14:24:08 - [TEST_CASE][PASSED] - Test Cases/Olusturma/Genel/Olusturma: Test Cases/Olusturma/Genel/Olusturma

2021-10-21 14:24:08 - [TEST_STEP][PASSED] - driver = getWebDriver(): null

2021-10-21 14:24:08 - [TEST_STEP][PASSED] - action = new org.openqa.selenium.interactions.Actions(driver): null

2021-10-21 14:24:08 - [TEST_STEP][PASSED] - baslikElement = <not implemented yet for class: org.codehaus.groovy.ast.expr.EmptyExpression>: null

2021-10-21 14:24:08 - [TEST_STEP][PASSED] - sonElement = <not implemented yet for class: org.codehaus.groovy.ast.expr.EmptyExpression>: null

2021-10-21 14:24:08 - [TEST_STEP][PASSED] - attr = <not implemented yet for class: org.codehaus.groovy.ast.expr.EmptyExpression>: null

2021-10-21 14:24:08 - [TEST_STEP][PASSED] - a = 0: null

2021-10-21 14:24:08 - [TEST_STEP][PASSED] - elements = findWebElements(findTestObject("Object Repository/Olusturma/Genel/Olusturma/TabloBasliklari"), 10): Found 13 web elements with id: 'Object Repository/Olusturma/Genel/Olusturma/TabloBasliklari' located by 'By.cssSelector: div#divmalhizmet .dxgvTable_LECustomTheme td.dxgvHeader_LECustomTheme tr>td:nth-child(1)' in '10' second(s)

2021-10-21 14:24:08 - [MESSAGE][INFO] - Finding Test Object 'Object Repository/Olusturma/Genel/Olusturma/TabloBasliklari'

2021-10-21 14:24:08 - [MESSAGE][INFO] - Checking timeout

2021-10-21 14:24:08 - [MESSAGE][INFO] - Finding web element with id: 'Object Repository/Olusturma/Genel/Olusturma/TabloBasliklari' located by 'By.cssSelector: div#divmalhizmet .dxgvTable_LECustomTheme td.dxgvHeader_LECustomTheme tr>td:nth-child(1)' in '10' second(s)

2021-10-21 14:24:08 - [MESSAGE][INFO] - Smart Wait Function is triggered

2021-10-21 14:24:08 - [MESSAGE][INFO] - Found 13 web elements with id: 'Object Repository/Olusturma/Genel/Olusturma/TabloBasliklari' located by 'By.cssSelector: div#divmalhizmet .dxgvTable_LECustomTheme td.dxgvHeader_LECustomTheme tr>td:nth-child(1)' in '10' second(s)

2021-10-21 14:24:08 - [TEST_STEP][PASSED] - for (def element : elements): null

2021-10-21 14:24:08 - [TEST_STEP][PASSED] - build().perform(): null

2021-10-21 14:24:09 - [TEST_STEP][PASSED] - if (getText().equals(Baslik)): null

2021-10-21 14:24:09 - [TEST_STEP][PASSED] - baslikElement = element.findElement(By.xpath("../../../..")): Smart Wait Function is triggered

2021-10-21 14:24:09 - [MESSAGE][INFO] - Smart Wait Function is triggered

2021-10-21 14:24:09 - [TEST_STEP][PASSED] - attr = baslikElement.getAttribute("id"): null

2021-10-21 14:24:09 - [TEST_STEP][PASSED] - println("girdi ve idsini aldı = " + attr): null

2021-10-21 14:24:09 - [TEST_STEP][PASSED] - break: null

2021-10-21 14:24:09 - [TEST_STEP][PASSED] - countElement = baslikElement.findElements(By.xpath("../td")): Smart Wait Function is triggered

2021-10-21 14:24:09 - [MESSAGE][INFO] - Smart Wait Function is triggered

2021-10-21 14:24:09 - [TEST_STEP][PASSED] - for (def element : countElement): null

2021-10-21 14:24:09 - [TEST_STEP][PASSED] - if (toString().equals(attr.toString())): null

2021-10-21 14:24:09 - [TEST_STEP][PASSED] - (a++): null

2021-10-21 14:24:09 - [TEST_STEP][PASSED] - if (toString().equals(attr.toString())): null

2021-10-21 14:24:09 - [TEST_STEP][PASSED] - break: null

2021-10-21 14:24:09 - [TEST_STEP][PASSED] - son = findWebElement(findTestObject("Object Repository/Olusturma/Genel/Olusturma/EklenenSatir")).findElement(By.xpath("td[@class='dxgvInlineEditCell_LECustomTheme dxgv'][" + a + "]//td[@class='dxic']/input")): Smart Wait Function is triggered

2021-10-21 14:24:09 - [MESSAGE][INFO] - Finding Test Object 'Object Repository/Olusturma/Genel/Olusturma/EklenenSatir'

2021-10-21 14:24:10 - [MESSAGE][INFO] - Finding web element from Test Object's properties

2021-10-21 14:24:10 - [MESSAGE][INFO] - Checking timeout

2021-10-21 14:24:10 - [MESSAGE][INFO] - Finding web element with id: 'Object Repository/Olusturma/Genel/Olusturma/EklenenSatir' located by 'By.cssSelector: #divmalhizmet .dxgvInlineEditRow_LECustomTheme' in '30' second(s)

2021-10-21 14:24:10 - [MESSAGE][INFO] - Smart Wait Function is triggered

2021-10-21 14:24:10 - [MESSAGE][INFO] - Found 1 web elements with id: 'Object Repository/Olusturma/Genel/Olusturma/EklenenSatir' located by 'By.cssSelector: #divmalhizmet .dxgvInlineEditRow_LECustomTheme' in '30' second(s)

2021-10-21 14:24:10 - [MESSAGE][INFO] - Smart Wait Function is triggered

2021-10-21 14:24:10 - [TEST_STEP][PASSED] - if (!(getAttribute("value").contains("Vkn"))): null

2021-10-21 14:24:10 - [TEST_STEP][PASSED] - son.clear(): null

2021-10-21 14:24:10 - [TEST_STEP][PASSED] - son.sendKeys(Deger): null

2021-10-21 14:24:11 - [MESSAGE][PASSED] - Call Test Case 'Test Cases/Olusturma/Genel/Olusturma' successfully

2021-10-21 14:24:11 - [MESSAGE][INFO] - Checking called Test Case

2021-10-21 14:24:11 - [MESSAGE][INFO] - Starting to call Test Case 'Test Cases/Olusturma/Genel/Olusturma'

2021-10-21 14:24:11 - [TEST_CASE][PASSED] - Test Cases/Olusturma/Genel/Olusturma: Test Cases/Olusturma/Genel/Olusturma

2021-10-21 14:24:11 - [TEST_STEP][PASSED] - driver = getWebDriver(): null

2021-10-21 14:24:11 - [TEST_STEP][PASSED] - action = new org.openqa.selenium.interactions.Actions(driver): null

2021-10-21 14:24:11 - [TEST_STEP][PASSED] - baslikElement = <not implemented yet for class: org.codehaus.groovy.ast.expr.EmptyExpression>: null

2021-10-21 14:24:11 - [TEST_STEP][PASSED] - sonElement = <not implemented yet for class: org.codehaus.groovy.ast.expr.EmptyExpression>: null

2021-10-21 14:24:11 - [TEST_STEP][PASSED] - attr = <not implemented yet for class: org.codehaus.groovy.ast.expr.EmptyExpression>: null

2021-10-21 14:24:11 - [TEST_STEP][PASSED] - a = 0: null

2021-10-21 14:24:11 - [TEST_STEP][PASSED] - elements = findWebElements(findTestObject("Object Repository/Olusturma/Genel/Olusturma/TabloBasliklari"), 10): Found 13 web elements with id: 'Object Repository/Olusturma/Genel/Olusturma/TabloBasliklari' located by 'By.cssSelector: div#divmalhizmet .dxgvTable_LECustomTheme td.dxgvHeader_LECustomTheme tr>td:nth-child(1)' in '10' second(s)

2021-10-21 14:24:11 - [MESSAGE][INFO] - Finding Test Object 'Object Repository/Olusturma/Genel/Olusturma/TabloBasliklari'

2021-10-21 14:24:11 - [MESSAGE][INFO] - Checking timeout

2021-10-21 14:24:11 - [MESSAGE][INFO] - Finding web element with id: 'Object Repository/Olusturma/Genel/Olusturma/TabloBasliklari' located by 'By.cssSelector: div#divmalhizmet .dxgvTable_LECustomTheme td.dxgvHeader_LECustomTheme tr>td:nth-child(1)' in '10' second(s)

2021-10-21 14:24:11 - [MESSAGE][INFO] - Smart Wait Function is triggered

2021-10-21 14:24:11 - [MESSAGE][INFO] - Found 13 web elements with id: 'Object Repository/Olusturma/Genel/Olusturma/TabloBasliklari' located by 'By.cssSelector: div#divmalhizmet .dxgvTable_LECustomTheme td.dxgvHeader_LECustomTheme tr>td:nth-child(1)' in '10' second(s)

2021-10-21 14:24:11 - [TEST_STEP][PASSED] - for (def element : elements): null

2021-10-21 14:24:11 - [TEST_STEP][PASSED] - build().perform(): null

2021-10-21 14:24:11 - [TEST_STEP][PASSED] - if (getText().equals(Baslik)): null

2021-10-21 14:24:11 - [TEST_STEP][PASSED] - build().perform(): null

2021-10-21 14:24:11 - [TEST_STEP][PASSED] - if (getText().equals(Baslik)): null

2021-10-21 14:24:11 - [TEST_STEP][PASSED] - baslikElement = element.findElement(By.xpath("../../../..")): Smart Wait Function is triggered

2021-10-21 14:24:11 - [MESSAGE][INFO] - Smart Wait Function is triggered

2021-10-21 14:24:12 - [TEST_STEP][PASSED] - attr = baslikElement.getAttribute("id"): null

2021-10-21 14:24:12 - [TEST_STEP][PASSED] - println("girdi ve idsini aldı = " + attr): null

2021-10-21 14:24:12 - [TEST_STEP][PASSED] - break: null

2021-10-21 14:24:12 - [TEST_STEP][PASSED] - countElement = baslikElement.findElements(By.xpath("../td")): Smart Wait Function is triggered

2021-10-21 14:24:12 - [MESSAGE][INFO] - Smart Wait Function is triggered

2021-10-21 14:24:12 - [TEST_STEP][PASSED] - for (def element : countElement): null

2021-10-21 14:24:12 - [TEST_STEP][PASSED] - if (toString().equals(attr.toString())): null

2021-10-21 14:24:12 - [TEST_STEP][PASSED] - (a++): null

2021-10-21 14:24:12 - [TEST_STEP][PASSED] - if (toString().equals(attr.toString())): null

2021-10-21 14:24:12 - [TEST_STEP][PASSED] - (a++): null

2021-10-21 14:24:12 - [TEST_STEP][PASSED] - if (toString().equals(attr.toString())): null

2021-10-21 14:24:12 - [TEST_STEP][PASSED] - break: null

2021-10-21 14:24:12 - [TEST_STEP][PASSED] - son = findWebElement(findTestObject("Object Repository/Olusturma/Genel/Olusturma/EklenenSatir")).findElement(By.xpath("td[@class='dxgvInlineEditCell_LECustomTheme dxgv'][" + a + "]//td[@class='dxic']/input")): Smart Wait Function is triggered

2021-10-21 14:24:12 - [MESSAGE][INFO] - Finding Test Object 'Object Repository/Olusturma/Genel/Olusturma/EklenenSatir'

2021-10-21 14:24:12 - [MESSAGE][INFO] - Finding web element from Test Object's properties

2021-10-21 14:24:12 - [MESSAGE][INFO] - Checking timeout

2021-10-21 14:24:12 - [MESSAGE][INFO] - Finding web element with id: 'Object Repository/Olusturma/Genel/Olusturma/EklenenSatir' located by 'By.cssSelector: #divmalhizmet .dxgvInlineEditRow_LECustomTheme' in '30' second(s)

2021-10-21 14:24:12 - [MESSAGE][INFO] - Smart Wait Function is triggered

2021-10-21 14:24:12 - [MESSAGE][INFO] - Found 1 web elements with id: 'Object Repository/Olusturma/Genel/Olusturma/EklenenSatir' located by 'By.cssSelector: #divmalhizmet .dxgvInlineEditRow_LECustomTheme' in '30' second(s)

2021-10-21 14:24:12 - [MESSAGE][INFO] - Smart Wait Function is triggered

2021-10-21 14:24:13 - [TEST_STEP][PASSED] - if (!(getAttribute("value").contains("Vkn"))): null

2021-10-21 14:24:13 - [TEST_STEP][PASSED] - son.clear(): null

2021-10-21 14:24:13 - [TEST_STEP][PASSED] - son.sendKeys(Deger): null

2021-10-21 14:24:13 - [MESSAGE][PASSED] - Call Test Case 'Test Cases/Olusturma/Genel/Olusturma' successfully

2021-10-21 14:24:13 - [MESSAGE][INFO] - Checking called Test Case

2021-10-21 14:24:13 - [MESSAGE][INFO] - Starting to call Test Case 'Test Cases/Olusturma/Genel/Olusturma'

2021-10-21 14:24:13 - [TEST_CASE][PASSED] - Test Cases/Olusturma/Genel/Olusturma: Test Cases/Olusturma/Genel/Olusturma

2021-10-21 14:24:13 - [TEST_STEP][PASSED] - driver = getWebDriver(): null

2021-10-21 14:24:13 - [TEST_STEP][PASSED] - action = new org.openqa.selenium.interactions.Actions(driver): null

2021-10-21 14:24:13 - [TEST_STEP][PASSED] - baslikElement = <not implemented yet for class: org.codehaus.groovy.ast.expr.EmptyExpression>: null

2021-10-21 14:24:13 - [TEST_STEP][PASSED] - sonElement = <not implemented yet for class: org.codehaus.groovy.ast.expr.EmptyExpression>: null

2021-10-21 14:24:13 - [TEST_STEP][PASSED] - attr = <not implemented yet for class: org.codehaus.groovy.ast.expr.EmptyExpression>: null

2021-10-21 14:24:13 - [TEST_STEP][PASSED] - a = 0: null

2021-10-21 14:24:13 - [TEST_STEP][PASSED] - elements = findWebElements(findTestObject("Object Repository/Olusturma/Genel/Olusturma/TabloBasliklari"), 10): Found 13 web elements with id: 'Object Repository/Olusturma/Genel/Olusturma/TabloBasliklari' located by 'By.cssSelector: div#divmalhizmet .dxgvTable_LECustomTheme td.dxgvHeader_LECustomTheme tr>td:nth-child(1)' in '10' second(s)

2021-10-21 14:24:13 - [MESSAGE][INFO] - Finding Test Object 'Object Repository/Olusturma/Genel/Olusturma/TabloBasliklari'

2021-10-21 14:24:13 - [MESSAGE][INFO] - Checking timeout

2021-10-21 14:24:13 - [MESSAGE][INFO] - Finding web element with id: 'Object Repository/Olusturma/Genel/Olusturma/TabloBasliklari' located by 'By.cssSelector: div#divmalhizmet .dxgvTable_LECustomTheme td.dxgvHeader_LECustomTheme tr>td:nth-child(1)' in '10' second(s)

2021-10-21 14:24:13 - [MESSAGE][INFO] - Smart Wait Function is triggered

2021-10-21 14:24:14 - [MESSAGE][INFO] - Found 13 web elements with id: 'Object Repository/Olusturma/Genel/Olusturma/TabloBasliklari' located by 'By.cssSelector: div#divmalhizmet .dxgvTable_LECustomTheme td.dxgvHeader_LECustomTheme tr>td:nth-child(1)' in '10' second(s)

2021-10-21 14:24:14 - [TEST_STEP][PASSED] - for (def element : elements): null

2021-10-21 14:24:14 - [TEST_STEP][PASSED] - build().perform(): null

2021-10-21 14:24:14 - [TEST_STEP][PASSED] - if (getText().equals(Baslik)): null

2021-10-21 14:24:14 - [TEST_STEP][PASSED] - build().perform(): null

2021-10-21 14:24:14 - [TEST_STEP][PASSED] - if (getText().equals(Baslik)): null

2021-10-21 14:24:14 - [TEST_STEP][PASSED] - build().perform(): null

2021-10-21 14:24:14 - [TEST_STEP][PASSED] - if (getText().equals(Baslik)): null

2021-10-21 14:24:14 - [TEST_STEP][PASSED] - build().perform(): null

2021-10-21 14:24:14 - [TEST_STEP][PASSED] - if (getText().equals(Baslik)): null

2021-10-21 14:24:14 - [TEST_STEP][PASSED] - baslikElement = element.findElement(By.xpath("../../../..")): Smart Wait Function is triggered

2021-10-21 14:24:14 - [MESSAGE][INFO] - Smart Wait Function is triggered

2021-10-21 14:24:14 - [TEST_STEP][PASSED] - attr = baslikElement.getAttribute("id"): null

2021-10-21 14:24:14 - [TEST_STEP][PASSED] - println("girdi ve idsini aldı = " + attr): null

2021-10-21 14:24:14 - [TEST_STEP][PASSED] - break: null

2021-10-21 14:24:14 - [TEST_STEP][PASSED] - countElement = baslikElement.findElements(By.xpath("../td")): Smart Wait Function is triggered

2021-10-21 14:24:14 - [MESSAGE][INFO] - Smart Wait Function is triggered

2021-10-21 14:24:15 - [TEST_STEP][PASSED] - for (def element : countElement): null

2021-10-21 14:24:15 - [TEST_STEP][PASSED] - if (toString().equals(attr.toString())): null

2021-10-21 14:24:15 - [TEST_STEP][PASSED] - (a++): null

2021-10-21 14:24:15 - [TEST_STEP][PASSED] - if (toString().equals(attr.toString())): null

2021-10-21 14:24:15 - [TEST_STEP][PASSED] - (a++): null

2021-10-21 14:24:15 - [TEST_STEP][PASSED] - if (toString().equals(attr.toString())): null

2021-10-21 14:24:15 - [TEST_STEP][PASSED] - (a++): null

2021-10-21 14:24:15 - [TEST_STEP][PASSED] - if (toString().equals(attr.toString())): null

2021-10-21 14:24:15 - [TEST_STEP][PASSED] - (a++): null

2021-10-21 14:24:15 - [TEST_STEP][PASSED] - if (toString().equals(attr.toString())): null

2021-10-21 14:24:15 - [TEST_STEP][PASSED] - break: null

2021-10-21 14:24:15 - [TEST_STEP][PASSED] - son = findWebElement(findTestObject("Object Repository/Olusturma/Genel/Olusturma/EklenenSatir")).findElement(By.xpath("td[@class='dxgvInlineEditCell_LECustomTheme dxgv'][" + a + "]//td[@class='dxic']/input")): Smart Wait Function is triggered

2021-10-21 14:24:15 - [MESSAGE][INFO] - Finding Test Object 'Object Repository/Olusturma/Genel/Olusturma/EklenenSatir'

2021-10-21 14:24:15 - [MESSAGE][INFO] - Finding web element from Test Object's properties

2021-10-21 14:24:15 - [MESSAGE][INFO] - Checking timeout

2021-10-21 14:24:15 - [MESSAGE][INFO] - Finding web element with id: 'Object Repository/Olusturma/Genel/Olusturma/EklenenSatir' located by 'By.cssSelector: #divmalhizmet .dxgvInlineEditRow_LECustomTheme' in '30' second(s)

2021-10-21 14:24:15 - [MESSAGE][INFO] - Smart Wait Function is triggered

2021-10-21 14:24:15 - [MESSAGE][INFO] - Found 1 web elements with id: 'Object Repository/Olusturma/Genel/Olusturma/EklenenSatir' located by 'By.cssSelector: #divmalhizmet .dxgvInlineEditRow_LECustomTheme' in '30' second(s)

2021-10-21 14:24:15 - [MESSAGE][INFO] - Smart Wait Function is triggered

2021-10-21 14:24:16 - [TEST_STEP][PASSED] - if (!(getAttribute("value").contains("Vkn"))): null

2021-10-21 14:24:16 - [TEST_STEP][PASSED] - son.clear(): null

2021-10-21 14:24:16 - [TEST_STEP][PASSED] - son.sendKeys(Deger): null

2021-10-21 14:24:16 - [MESSAGE][PASSED] - Call Test Case 'Test Cases/Olusturma/Genel/Olusturma' successfully

2021-10-21 14:24:16 - [MESSAGE][INFO] - Checking called Test Case

2021-10-21 14:24:16 - [MESSAGE][INFO] - Starting to call Test Case 'Test Cases/Olusturma/Genel/Olusturma'

2021-10-21 14:24:16 - [TEST_CASE][PASSED] - Test Cases/Olusturma/Genel/Olusturma: Test Cases/Olusturma/Genel/Olusturma

2021-10-21 14:24:16 - [TEST_STEP][PASSED] - driver = getWebDriver(): null

2021-10-21 14:24:16 - [TEST_STEP][PASSED] - action = new org.openqa.selenium.interactions.Actions(driver): null

2021-10-21 14:24:16 - [TEST_STEP][PASSED] - baslikElement = <not implemented yet for class: org.codehaus.groovy.ast.expr.EmptyExpression>: null

2021-10-21 14:24:16 - [TEST_STEP][PASSED] - sonElement = <not implemented yet for class: org.codehaus.groovy.ast.expr.EmptyExpression>: null

2021-10-21 14:24:16 - [TEST_STEP][PASSED] - attr = <not implemented yet for class: org.codehaus.groovy.ast.expr.EmptyExpression>: null

2021-10-21 14:24:16 - [TEST_STEP][PASSED] - a = 0: null

2021-10-21 14:24:16 - [TEST_STEP][PASSED] - elements = findWebElements(findTestObject("Object Repository/Olusturma/Genel/Olusturma/TabloBasliklari"), 10): Found 13 web elements with id: 'Object Repository/Olusturma/Genel/Olusturma/TabloBasliklari' located by 'By.cssSelector: div#divmalhizmet .dxgvTable_LECustomTheme td.dxgvHeader_LECustomTheme tr>td:nth-child(1)' in '10' second(s)

2021-10-21 14:24:16 - [MESSAGE][INFO] - Finding Test Object 'Object Repository/Olusturma/Genel/Olusturma/TabloBasliklari'

2021-10-21 14:24:16 - [MESSAGE][INFO] - Checking timeout

2021-10-21 14:24:16 - [MESSAGE][INFO] - Finding web element with id: 'Object Repository/Olusturma/Genel/Olusturma/TabloBasliklari' located by 'By.cssSelector: div#divmalhizmet .dxgvTable_LECustomTheme td.dxgvHeader_LECustomTheme tr>td:nth-child(1)' in '10' second(s)

2021-10-21 14:24:16 - [MESSAGE][INFO] - Smart Wait Function is triggered

2021-10-21 14:24:16 - [MESSAGE][INFO] - Found 13 web elements with id: 'Object Repository/Olusturma/Genel/Olusturma/TabloBasliklari' located by 'By.cssSelector: div#divmalhizmet .dxgvTable_LECustomTheme td.dxgvHeader_LECustomTheme tr>td:nth-child(1)' in '10' second(s)

2021-10-21 14:24:16 - [TEST_STEP][PASSED] - for (def element : elements): null

2021-10-21 14:24:16 - [TEST_STEP][PASSED] - build().perform(): null

2021-10-21 14:24:16 - [TEST_STEP][PASSED] - if (getText().equals(Baslik)): null

2021-10-21 14:24:16 - [TEST_STEP][PASSED] - build().perform(): null

2021-10-21 14:24:17 - [TEST_STEP][PASSED] - if (getText().equals(Baslik)): null

2021-10-21 14:24:17 - [TEST_STEP][PASSED] - build().perform(): null

2021-10-21 14:24:17 - [TEST_STEP][PASSED] - if (getText().equals(Baslik)): null

2021-10-21 14:24:17 - [TEST_STEP][PASSED] - build().perform(): null

2021-10-21 14:24:17 - [TEST_STEP][PASSED] - if (getText().equals(Baslik)): null

2021-10-21 14:24:17 - [TEST_STEP][PASSED] - build().perform(): null

2021-10-21 14:24:17 - [TEST_STEP][PASSED] - if (getText().equals(Baslik)): null

2021-10-21 14:24:17 - [TEST_STEP][PASSED] - build().perform(): null

2021-10-21 14:24:17 - [TEST_STEP][PASSED] - if (getText().equals(Baslik)): null

2021-10-21 14:24:17 - [TEST_STEP][PASSED] - baslikElement = element.findElement(By.xpath("../../../..")): Smart Wait Function is triggered

2021-10-21 14:24:17 - [MESSAGE][INFO] - Smart Wait Function is triggered

2021-10-21 14:24:17 - [TEST_STEP][PASSED] - attr = baslikElement.getAttribute("id"): null

2021-10-21 14:24:17 - [TEST_STEP][PASSED] - println("girdi ve idsini aldı = " + attr): null

2021-10-21 14:24:17 - [TEST_STEP][PASSED] - break: null

2021-10-21 14:24:17 - [TEST_STEP][PASSED] - countElement = baslikElement.findElements(By.xpath("../td")): Smart Wait Function is triggered

2021-10-21 14:24:17 - [MESSAGE][INFO] - Smart Wait Function is triggered

2021-10-21 14:24:18 - [TEST_STEP][PASSED] - for (def element : countElement): null

2021-10-21 14:24:18 - [TEST_STEP][PASSED] - if (toString().equals(attr.toString())): null

2021-10-21 14:24:18 - [TEST_STEP][PASSED] - (a++): null

2021-10-21 14:24:18 - [TEST_STEP][PASSED] - if (toString().equals(attr.toString())): null

2021-10-21 14:24:18 - [TEST_STEP][PASSED] - (a++): null

2021-10-21 14:24:18 - [TEST_STEP][PASSED] - if (toString().equals(attr.toString())): null

2021-10-21 14:24:18 - [TEST_STEP][PASSED] - (a++): null

2021-10-21 14:24:18 - [TEST_STEP][PASSED] - if (toString().equals(attr.toString())): null

2021-10-21 14:24:18 - [TEST_STEP][PASSED] - (a++): null

2021-10-21 14:24:18 - [TEST_STEP][PASSED] - if (toString().equals(attr.toString())): null

2021-10-21 14:24:18 - [TEST_STEP][PASSED] - (a++): null

2021-10-21 14:24:18 - [TEST_STEP][PASSED] - if (toString().equals(attr.toString())): null

2021-10-21 14:24:18 - [TEST_STEP][PASSED] - (a++): null

2021-10-21 14:24:18 - [TEST_STEP][PASSED] - if (toString().equals(attr.toString())): null

2021-10-21 14:24:18 - [TEST_STEP][PASSED] - break: null

2021-10-21 14:24:18 - [TEST_STEP][PASSED] - son = findWebElement(findTestObject("Object Repository/Olusturma/Genel/Olusturma/EklenenSatir")).findElement(By.xpath("td[@class='dxgvInlineEditCell_LECustomTheme dxgv'][" + a + "]//td[@class='dxic']/input")): Smart Wait Function is triggered

2021-10-21 14:24:18 - [MESSAGE][INFO] - Finding Test Object 'Object Repository/Olusturma/Genel/Olusturma/EklenenSatir'

2021-10-21 14:24:18 - [MESSAGE][INFO] - Finding web element from Test Object's properties

2021-10-21 14:24:18 - [MESSAGE][INFO] - Checking timeout

2021-10-21 14:24:18 - [MESSAGE][INFO] - Finding web element with id: 'Object Repository/Olusturma/Genel/Olusturma/EklenenSatir' located by 'By.cssSelector: #divmalhizmet .dxgvInlineEditRow_LECustomTheme' in '30' second(s)

2021-10-21 14:24:18 - [MESSAGE][INFO] - Smart Wait Function is triggered

2021-10-21 14:24:18 - [MESSAGE][INFO] - Found 1 web elements with id: 'Object Repository/Olusturma/Genel/Olusturma/EklenenSatir' located by 'By.cssSelector: #divmalhizmet .dxgvInlineEditRow_LECustomTheme' in '30' second(s)

2021-10-21 14:24:18 - [MESSAGE][INFO] - Smart Wait Function is triggered

2021-10-21 14:24:19 - [TEST_STEP][PASSED] - if (!(getAttribute("value").contains("Vkn"))): null

2021-10-21 14:24:19 - [TEST_STEP][PASSED] - son.clear(): null

2021-10-21 14:24:19 - [TEST_STEP][PASSED] - son.sendKeys(Deger): null

2021-10-21 14:24:19 - [MESSAGE][PASSED] - Call Test Case 'Test Cases/Olusturma/Genel/Olusturma' successfully

2021-10-21 14:24:19 - [MESSAGE][INFO] - Checking called Test Case

2021-10-21 14:24:19 - [MESSAGE][INFO] - Starting to call Test Case 'Test Cases/Olusturma/Genel/Olusturma'

2021-10-21 14:24:19 - [TEST_CASE][PASSED] - Test Cases/Olusturma/Genel/Olusturma: Test Cases/Olusturma/Genel/Olusturma

2021-10-21 14:24:19 - [TEST_STEP][PASSED] - driver = getWebDriver(): null

2021-10-21 14:24:19 - [TEST_STEP][PASSED] - action = new org.openqa.selenium.interactions.Actions(driver): null

2021-10-21 14:24:19 - [TEST_STEP][PASSED] - baslikElement = <not implemented yet for class: org.codehaus.groovy.ast.expr.EmptyExpression>: null

2021-10-21 14:24:19 - [TEST_STEP][PASSED] - sonElement = <not implemented yet for class: org.codehaus.groovy.ast.expr.EmptyExpression>: null

2021-10-21 14:24:19 - [TEST_STEP][PASSED] - attr = <not implemented yet for class: org.codehaus.groovy.ast.expr.EmptyExpression>: null

2021-10-21 14:24:19 - [TEST_STEP][PASSED] - a = 0: null

2021-10-21 14:24:19 - [TEST_STEP][PASSED] - elements = findWebElements(findTestObject("Object Repository/Olusturma/Genel/Olusturma/TabloBasliklari"), 10): Found 13 web elements with id: 'Object Repository/Olusturma/Genel/Olusturma/TabloBasliklari' located by 'By.cssSelector: div#divmalhizmet .dxgvTable_LECustomTheme td.dxgvHeader_LECustomTheme tr>td:nth-child(1)' in '10' second(s)

2021-10-21 14:24:19 - [MESSAGE][INFO] - Finding Test Object 'Object Repository/Olusturma/Genel/Olusturma/TabloBasliklari'

2021-10-21 14:24:19 - [MESSAGE][INFO] - Checking timeout

2021-10-21 14:24:19 - [MESSAGE][INFO] - Finding web element with id: 'Object Repository/Olusturma/Genel/Olusturma/TabloBasliklari' located by 'By.cssSelector: div#divmalhizmet .dxgvTable_LECustomTheme td.dxgvHeader_LECustomTheme tr>td:nth-child(1)' in '10' second(s)

2021-10-21 14:24:19 - [MESSAGE][INFO] - Smart Wait Function is triggered

2021-10-21 14:24:19 - [MESSAGE][INFO] - Found 13 web elements with id: 'Object Repository/Olusturma/Genel/Olusturma/TabloBasliklari' located by 'By.cssSelector: div#divmalhizmet .dxgvTable_LECustomTheme td.dxgvHeader_LECustomTheme tr>td:nth-child(1)' in '10' second(s)

2021-10-21 14:24:19 - [TEST_STEP][PASSED] - for (def element : elements): null

2021-10-21 14:24:19 - [TEST_STEP][PASSED] - build().perform(): null

2021-10-21 14:24:19 - [TEST_STEP][PASSED] - if (getText().equals(Baslik)): null

2021-10-21 14:24:19 - [TEST_STEP][PASSED] - build().perform(): null

2021-10-21 14:24:20 - [TEST_STEP][PASSED] - if (getText().equals(Baslik)): null

2021-10-21 14:24:20 - [TEST_STEP][PASSED] - build().perform(): null

2021-10-21 14:24:20 - [TEST_STEP][PASSED] - if (getText().equals(Baslik)): null

2021-10-21 14:24:20 - [TEST_STEP][PASSED] - build().perform(): null

2021-10-21 14:24:20 - [TEST_STEP][PASSED] - if (getText().equals(Baslik)): null

2021-10-21 14:24:20 - [TEST_STEP][PASSED] - build().perform(): null

2021-10-21 14:24:20 - [TEST_STEP][PASSED] - if (getText().equals(Baslik)): null

2021-10-21 14:24:20 - [TEST_STEP][PASSED] - build().perform(): null

2021-10-21 14:24:20 - [TEST_STEP][PASSED] - if (getText().equals(Baslik)): null

2021-10-21 14:24:20 - [TEST_STEP][PASSED] - build().perform(): null

2021-10-21 14:24:20 - [TEST_STEP][PASSED] - if (getText().equals(Baslik)): null

2021-10-21 14:24:20 - [TEST_STEP][PASSED] - baslikElement = element.findElement(By.xpath("../../../..")): Smart Wait Function is triggered

2021-10-21 14:24:20 - [MESSAGE][INFO] - Smart Wait Function is triggered

2021-10-21 14:24:21 - [TEST_STEP][PASSED] - attr = baslikElement.getAttribute("id"): null

2021-10-21 14:24:21 - [TEST_STEP][PASSED] - println("girdi ve idsini aldı = " + attr): null

2021-10-21 14:24:21 - [TEST_STEP][PASSED] - break: null

2021-10-21 14:24:21 - [TEST_STEP][PASSED] - countElement = baslikElement.findElements(By.xpath("../td")): Smart Wait Function is triggered

2021-10-21 14:24:21 - [MESSAGE][INFO] - Smart Wait Function is triggered

2021-10-21 14:24:21 - [TEST_STEP][PASSED] - for (def element : countElement): null

2021-10-21 14:24:21 - [TEST_STEP][PASSED] - if (toString().equals(attr.toString())): null

2021-10-21 14:24:21 - [TEST_STEP][PASSED] - (a++): null

2021-10-21 14:24:21 - [TEST_STEP][PASSED] - if (toString().equals(attr.toString())): null

2021-10-21 14:24:21 - [TEST_STEP][PASSED] - (a++): null

2021-10-21 14:24:21 - [TEST_STEP][PASSED] - if (toString().equals(attr.toString())): null

2021-10-21 14:24:21 - [TEST_STEP][PASSED] - (a++): null

2021-10-21 14:24:21 - [TEST_STEP][PASSED] - if (toString().equals(attr.toString())): null

2021-10-21 14:24:21 - [TEST_STEP][PASSED] - (a++): null

2021-10-21 14:24:21 - [TEST_STEP][PASSED] - if (toString().equals(attr.toString())): null

2021-10-21 14:24:21 - [TEST_STEP][PASSED] - (a++): null

2021-10-21 14:24:21 - [TEST_STEP][PASSED] - if (toString().equals(attr.toString())): null

2021-10-21 14:24:21 - [TEST_STEP][PASSED] - (a++): null

2021-10-21 14:24:21 - [TEST_STEP][PASSED] - if (toString().equals(attr.toString())): null

2021-10-21 14:24:21 - [TEST_STEP][PASSED] - (a++): null

2021-10-21 14:24:21 - [TEST_STEP][PASSED] - if (toString().equals(attr.toString())): null

2021-10-21 14:24:21 - [TEST_STEP][PASSED] - break: null

2021-10-21 14:24:21 - [TEST_STEP][PASSED] - son = findWebElement(findTestObject("Object Repository/Olusturma/Genel/Olusturma/EklenenSatir")).findElement(By.xpath("td[@class='dxgvInlineEditCell_LECustomTheme dxgv'][" + a + "]//td[@class='dxic']/input")): Smart Wait Function is triggered

2021-10-21 14:24:21 - [MESSAGE][INFO] - Finding Test Object 'Object Repository/Olusturma/Genel/Olusturma/EklenenSatir'

2021-10-21 14:24:21 - [MESSAGE][INFO] - Finding web element from Test Object's properties

2021-10-21 14:24:21 - [MESSAGE][INFO] - Checking timeout

2021-10-21 14:24:21 - [MESSAGE][INFO] - Finding web element with id: 'Object Repository/Olusturma/Genel/Olusturma/EklenenSatir' located by 'By.cssSelector: #divmalhizmet .dxgvInlineEditRow_LECustomTheme' in '30' second(s)

2021-10-21 14:24:21 - [MESSAGE][INFO] - Smart Wait Function is triggered

2021-10-21 14:24:21 - [MESSAGE][INFO] - Found 1 web elements with id: 'Object Repository/Olusturma/Genel/Olusturma/EklenenSatir' located by 'By.cssSelector: #divmalhizmet .dxgvInlineEditRow_LECustomTheme' in '30' second(s)

2021-10-21 14:24:21 - [MESSAGE][INFO] - Smart Wait Function is triggered

2021-10-21 14:24:22 - [TEST_STEP][PASSED] - if (!(getAttribute("value").contains("Vkn"))): null

2021-10-21 14:24:22 - [TEST_STEP][PASSED] - son.clear(): null

2021-10-21 14:24:22 - [TEST_STEP][PASSED] - son.sendKeys(Deger): null

2021-10-21 14:24:22 - [MESSAGE][PASSED] - Call Test Case 'Test Cases/Olusturma/Genel/Olusturma' successfully

2021-10-21 14:24:22 - [MESSAGE][INFO] - Checking called Test Case

2021-10-21 14:24:22 - [MESSAGE][INFO] - Starting to call Test Case 'Test Cases/Olusturma/Genel/NotGirilir'

2021-10-21 14:24:22 - [TEST_CASE][PASSED] - Test Cases/Olusturma/Genel/NotGirilir: Test Cases/Olusturma/Genel/NotGirilir

2021-10-21 14:24:22 - [TEST_STEP][PASSED] - i = 0: null

2021-10-21 14:24:22 - [TEST_STEP][PASSED] - waitForElementClickable(findTestObject("Olusturma/Genel/Not/Notlar"), 10): Object 'Object Repository/Olusturma/Genel/Not/Notlar' is clickable

2021-10-21 14:24:22 - [MESSAGE][INFO] - Finding Test Object 'Object Repository/Olusturma/Genel/Not/Notlar'

2021-10-21 14:24:22 - [MESSAGE][INFO] - Checking object

2021-10-21 14:24:22 - [MESSAGE][INFO] - Checking timeout

2021-10-21 14:24:22 - [MESSAGE][INFO] - Finding web element from Test Object's properties

2021-10-21 14:24:22 - [MESSAGE][INFO] - Checking timeout

2021-10-21 14:24:22 - [MESSAGE][INFO] - Finding web element with id: 'Object Repository/Olusturma/Genel/Not/Notlar' located by 'By.xpath: //*[@id = 'txtNote_I']' in '10' second(s)

2021-10-21 14:24:22 - [MESSAGE][INFO] - Smart Wait Function is triggered

2021-10-21 14:24:22 - [MESSAGE][INFO] - Found 1 web elements with id: 'Object Repository/Olusturma/Genel/Not/Notlar' located by 'By.xpath: //*[@id = 'txtNote_I']' in '10' second(s)

2021-10-21 14:24:22 - [MESSAGE][PASSED] - Object 'Object Repository/Olusturma/Genel/Not/Notlar' is clickable

2021-10-21 14:24:22 - [TEST_STEP][PASSED] - clearText(findTestObject("Olusturma/Genel/Not/Notlar")): Text of object 'Object Repository/Olusturma/Genel/Not/Notlar' is cleared

2021-10-21 14:24:22 - [MESSAGE][INFO] - Finding Test Object 'Object Repository/Olusturma/Genel/Not/Notlar'

2021-10-21 14:24:22 - [MESSAGE][INFO] - Checking object

2021-10-21 14:24:22 - [MESSAGE][INFO] - Finding web element from Test Object's properties

2021-10-21 14:24:22 - [MESSAGE][INFO] - Checking timeout

2021-10-21 14:24:22 - [MESSAGE][INFO] - Finding web element with id: 'Object Repository/Olusturma/Genel/Not/Notlar' located by 'By.xpath: //*[@id = 'txtNote_I']' in '30' second(s)

2021-10-21 14:24:22 - [MESSAGE][INFO] - Smart Wait Function is triggered

2021-10-21 14:24:23 - [MESSAGE][INFO] - Found 1 web elements with id: 'Object Repository/Olusturma/Genel/Not/Notlar' located by 'By.xpath: //*[@id = 'txtNote_I']' in '30' second(s)

2021-10-21 14:24:23 - [MESSAGE][INFO] - Clearing text of object 'Object Repository/Olusturma/Genel/Not/Notlar'

2021-10-21 14:24:23 - [MESSAGE][PASSED] - Text of object 'Object Repository/Olusturma/Genel/Not/Notlar' is cleared

2021-10-21 14:24:23 - [TEST_STEP][PASSED] - click(findTestObject("Olusturma/Genel/Not/Notlar")): Object: 'Object Repository/Olusturma/Genel/Not/Notlar' is clicked on

2021-10-21 14:24:23 - [MESSAGE][INFO] - Finding Test Object 'Object Repository/Olusturma/Genel/Not/Notlar'

2021-10-21 14:24:23 - [MESSAGE][INFO] - Checking object

2021-10-21 14:24:23 - [MESSAGE][INFO] - Finding web element from Test Object's properties

2021-10-21 14:24:23 - [MESSAGE][INFO] - Checking timeout

2021-10-21 14:24:23 - [MESSAGE][INFO] - Finding web element with id: 'Object Repository/Olusturma/Genel/Not/Notlar' located by 'By.xpath: //*[@id = 'txtNote_I']' in '30' second(s)

2021-10-21 14:24:23 - [MESSAGE][INFO] - Smart Wait Function is triggered

2021-10-21 14:24:23 - [MESSAGE][INFO] - Found 1 web elements with id: 'Object Repository/Olusturma/Genel/Not/Notlar' located by 'By.xpath: //*[@id = 'txtNote_I']' in '30' second(s)

2021-10-21 14:24:23 - [MESSAGE][INFO] - Clicking on object: 'Object Repository/Olusturma/Genel/Not/Notlar'

2021-10-21 14:24:23 - [MESSAGE][PASSED] - Object: 'Object Repository/Olusturma/Genel/Not/Notlar' is clicked on

2021-10-21 14:24:23 - [TEST_STEP][PASSED] - while (true): null

2021-10-21 14:24:23 - [TEST_STEP][PASSED] - delay(1): Delayed 1 second(s)

2021-10-21 14:24:23 - [MESSAGE][INFO] - Delaying browser in 1 second(s)

2021-10-21 14:24:24 - [MESSAGE][PASSED] - Delayed 1 second(s)

2021-10-21 14:24:24 - [TEST_STEP][PASSED] - ajaxIsComplete = executeJavaScript("return jQuery.active == 0", null): Execute JavaScript 'return jQuery.active == 0' successfully

2021-10-21 14:24:24 - [MESSAGE][PASSED] - Execute JavaScript 'return jQuery.active == 0' successfully

2021-10-21 14:24:24 - [TEST_STEP][PASSED] - if (ajaxIsComplete): null

2021-10-21 14:24:24 - [TEST_STEP][PASSED] - break: null

2021-10-21 14:24:24 - [TEST_STEP][PASSED] - sendKeys(findTestObject("Olusturma/Genel/Not/Notlar"), Not): Keys 'Otomasyon Not' sent to object: 'Object Repository/Olusturma/Genel/Not/Notlar'

2021-10-21 14:24:24 - [MESSAGE][INFO] - Finding Test Object 'Object Repository/Olusturma/Genel/Not/Notlar'

2021-10-21 14:24:24 - [MESSAGE][INFO] - Sending keys 'Otomasyon Not' to object: 'Object Repository/Olusturma/Genel/Not/Notlar'

2021-10-21 14:24:24 - [MESSAGE][INFO] - Finding web element from Test Object's properties

2021-10-21 14:24:24 - [MESSAGE][INFO] - Checking timeout

2021-10-21 14:24:24 - [MESSAGE][INFO] - Finding web element with id: 'Object Repository/Olusturma/Genel/Not/Notlar' located by 'By.xpath: //*[@id = 'txtNote_I']' in '30' second(s)

2021-10-21 14:24:24 - [MESSAGE][INFO] - Smart Wait Function is triggered

2021-10-21 14:24:25 - [MESSAGE][INFO] - Found 1 web elements with id: 'Object Repository/Olusturma/Genel/Not/Notlar' located by 'By.xpath: //*[@id = 'txtNote_I']' in '30' second(s)

2021-10-21 14:24:25 - [MESSAGE][PASSED] - Keys 'Otomasyon Not' sent to object: 'Object Repository/Olusturma/Genel/Not/Notlar'

2021-10-21 14:24:25 - [MESSAGE][PASSED] - Call Test Case 'Test Cases/Olusturma/Genel/NotGirilir' successfully

2021-10-21 14:24:25 - [MESSAGE][INFO] - Checking called Test Case

2021-10-21 14:24:25 - [MESSAGE][INFO] - Starting to call Test Case 'Test Cases/Olusturma/Genel/EttnBilgisiKayitEdilir'

2021-10-21 14:24:25 - [TEST_CASE][PASSED] - Test Cases/Olusturma/Genel/EttnBilgisiKayitEdilir: Test Cases/Olusturma/Genel/EttnBilgisiKayitEdilir

2021-10-21 14:24:25 - [TEST_STEP][PASSED] - verifyElementPresent(findTestObject("Object Repository/Olusturma/Genel/Olusturma/eArsivEttnBilgisi"), 7): Object 'Object Repository/Olusturma/Genel/Olusturma/eArsivEttnBilgisi' is present

2021-10-21 14:24:25 - [MESSAGE][INFO] - Finding Test Object 'Object Repository/Olusturma/Genel/Olusturma/eArsivEttnBilgisi'

2021-10-21 14:24:25 - [MESSAGE][INFO] - Checking object

2021-10-21 14:24:25 - [MESSAGE][INFO] - Finding web element from Test Object's properties

2021-10-21 14:24:25 - [MESSAGE][INFO] - Checking timeout

2021-10-21 14:24:25 - [MESSAGE][INFO] - Finding web element with id: 'Object Repository/Olusturma/Genel/Olusturma/eArsivEttnBilgisi' located by 'By.xpath: //*[@id = 'Uuid_I']' in '7' second(s)

2021-10-21 14:24:25 - [MESSAGE][INFO] - Smart Wait Function is triggered

2021-10-21 14:24:25 - [MESSAGE][INFO] - Found 1 web elements with id: 'Object Repository/Olusturma/Genel/Olusturma/eArsivEttnBilgisi' located by 'By.xpath: //*[@id = 'Uuid_I']' in '7' second(s)

2021-10-21 14:24:25 - [MESSAGE][PASSED] - Object 'Object Repository/Olusturma/Genel/Olusturma/eArsivEttnBilgisi' is present

2021-10-21 14:24:25 - [TEST_STEP][PASSED] - ettn = getAttribute(findTestObject("Object Repository/Olusturma/Genel/Olusturma/eArsivEttnBilgisi"), "value"): Attribute 'value' of object 'Object Repository/Olusturma/Genel/Olusturma/eArsivEttnBilgisi' is: 'c2c2f140-7478-4b8a-9500-010e179ce2a6'

2021-10-21 14:24:25 - [MESSAGE][INFO] - Finding Test Object 'Object Repository/Olusturma/Genel/Olusturma/eArsivEttnBilgisi'

2021-10-21 14:24:25 - [MESSAGE][INFO] - Checking object

2021-10-21 14:24:25 - [MESSAGE][INFO] - Checking attribute

2021-10-21 14:24:25 - [MESSAGE][INFO] - Finding web element from Test Object's properties

2021-10-21 14:24:25 - [MESSAGE][INFO] - Checking timeout

2021-10-21 14:24:25 - [MESSAGE][INFO] - Finding web element with id: 'Object Repository/Olusturma/Genel/Olusturma/eArsivEttnBilgisi' located by 'By.xpath: //*[@id = 'Uuid_I']' in '30' second(s)

2021-10-21 14:24:25 - [MESSAGE][INFO] - Smart Wait Function is triggered

2021-10-21 14:24:26 - [MESSAGE][INFO] - Found 1 web elements with id: 'Object Repository/Olusturma/Genel/Olusturma/eArsivEttnBilgisi' located by 'By.xpath: //*[@id = 'Uuid_I']' in '30' second(s)

2021-10-21 14:24:26 - [MESSAGE][INFO] - Getting attribute 'value' of object 'Object Repository/Olusturma/Genel/Olusturma/eArsivEttnBilgisi'

2021-10-21 14:24:26 - [MESSAGE][PASSED] - Attribute 'value' of object 'Object Repository/Olusturma/Genel/Olusturma/eArsivEttnBilgisi' is: 'c2c2f140-7478-4b8a-9500-010e179ce2a6'

2021-10-21 14:24:26 - [MESSAGE][PASSED] - Call Test Case 'Test Cases/Olusturma/Genel/EttnBilgisiKayitEdilir' successfully

2021-10-21 14:24:26 - [MESSAGE][INFO] - Checking called Test Case

2021-10-21 14:24:26 - [MESSAGE][INFO] - Starting to call Test Case 'Test Cases/Olusturma/Genel/KaydetButonunaTiklanir'

2021-10-21 14:24:26 - [TEST_CASE][PASSED] - Test Cases/Olusturma/Genel/KaydetButonunaTiklanir: Test Cases/Olusturma/Genel/KaydetButonunaTiklanir

2021-10-21 14:24:26 - [TEST_STEP][PASSED] - i = 0: null

2021-10-21 14:24:26 - [TEST_STEP][PASSED] - waitForElementPresent(findTestObject("Olusturma/Genel/Not/Notlar"), 10): Object 'Object Repository/Olusturma/Genel/Not/Notlar' is present

2021-10-21 14:24:26 - [MESSAGE][INFO] - Finding Test Object 'Object Repository/Olusturma/Genel/Not/Notlar'

2021-10-21 14:24:26 - [MESSAGE][INFO] - Checking object

2021-10-21 14:24:26 - [MESSAGE][INFO] - Finding web element from Test Object's properties

2021-10-21 14:24:26 - [MESSAGE][INFO] - Checking timeout

2021-10-21 14:24:26 - [MESSAGE][INFO] - Finding web element with id: 'Object Repository/Olusturma/Genel/Not/Notlar' located by 'By.xpath: //*[@id = 'txtNote_I']' in '10' second(s)

2021-10-21 14:24:26 - [MESSAGE][INFO] - Smart Wait Function is triggered

2021-10-21 14:24:26 - [MESSAGE][INFO] - Found 1 web elements with id: 'Object Repository/Olusturma/Genel/Not/Notlar' located by 'By.xpath: //*[@id = 'txtNote_I']' in '10' second(s)

2021-10-21 14:24:26 - [MESSAGE][PASSED] - Object 'Object Repository/Olusturma/Genel/Not/Notlar' is present

2021-10-21 14:24:26 - [TEST_STEP][PASSED] - click(findTestObject("Olusturma/Genel/Not/Notlar")): Object: 'Object Repository/Olusturma/Genel/Not/Notlar' is clicked on

2021-10-21 14:24:26 - [MESSAGE][INFO] - Finding Test Object 'Object Repository/Olusturma/Genel/Not/Notlar'

2021-10-21 14:24:26 - [MESSAGE][INFO] - Checking object

2021-10-21 14:24:26 - [MESSAGE][INFO] - Finding web element from Test Object's properties

2021-10-21 14:24:26 - [MESSAGE][INFO] - Checking timeout

2021-10-21 14:24:26 - [MESSAGE][INFO] - Finding web element with id: 'Object Repository/Olusturma/Genel/Not/Notlar' located by 'By.xpath: //*[@id = 'txtNote_I']' in '30' second(s)

2021-10-21 14:24:26 - [MESSAGE][INFO] - Smart Wait Function is triggered

2021-10-21 14:24:26 - [MESSAGE][INFO] - Found 1 web elements with id: 'Object Repository/Olusturma/Genel/Not/Notlar' located by 'By.xpath: //*[@id = 'txtNote_I']' in '30' second(s)

2021-10-21 14:24:26 - [MESSAGE][INFO] - Clicking on object: 'Object Repository/Olusturma/Genel/Not/Notlar'

2021-10-21 14:24:27 - [MESSAGE][PASSED] - Object: 'Object Repository/Olusturma/Genel/Not/Notlar' is clicked on

2021-10-21 14:24:27 - [TEST_STEP][PASSED] - while (true): null

2021-10-21 14:24:27 - [TEST_STEP][PASSED] - delay(1): Delayed 1 second(s)

2021-10-21 14:24:27 - [MESSAGE][INFO] - Delaying browser in 1 second(s)

2021-10-21 14:24:28 - [MESSAGE][PASSED] - Delayed 1 second(s)

2021-10-21 14:24:28 - [TEST_STEP][PASSED] - ajaxIsComplete = executeJavaScript("return jQuery.active == 0", null): Execute JavaScript 'return jQuery.active == 0' successfully

2021-10-21 14:24:28 - [MESSAGE][PASSED] - Execute JavaScript 'return jQuery.active == 0' successfully

2021-10-21 14:24:28 - [TEST_STEP][PASSED] - if (ajaxIsComplete): null

2021-10-21 14:24:28 - [TEST_STEP][PASSED] - break: null

2021-10-21 14:24:28 - [TEST_STEP][PASSED] - waitForElementClickable(findTestObject("Object Repository/Olusturma/Genel/Buton"), 10): Object 'Object Repository/Olusturma/Genel/Buton' is clickable

2021-10-21 14:24:28 - [MESSAGE][INFO] - Finding Test Object 'Object Repository/Olusturma/Genel/Buton'

2021-10-21 14:24:28 - [MESSAGE][INFO] - Checking object

2021-10-21 14:24:28 - [MESSAGE][INFO] - Checking timeout

2021-10-21 14:24:28 - [MESSAGE][INFO] - Finding web element from Test Object's properties

2021-10-21 14:24:28 - [MESSAGE][INFO] - Checking timeout

2021-10-21 14:24:28 - [MESSAGE][INFO] - Finding web element with id: 'Object Repository/Olusturma/Genel/Buton' located by 'By.xpath: //*[@id = 'btnKaydet']' in '10' second(s)

2021-10-21 14:24:28 - [MESSAGE][INFO] - Smart Wait Function is triggered

2021-10-21 14:24:28 - [MESSAGE][INFO] - Found 1 web elements with id: 'Object Repository/Olusturma/Genel/Buton' located by 'By.xpath: //*[@id = 'btnKaydet']' in '10' second(s)

2021-10-21 14:24:28 - [MESSAGE][PASSED] - Object 'Object Repository/Olusturma/Genel/Buton' is clickable

2021-10-21 14:24:28 - [TEST_STEP][PASSED] - click(findTestObject("Object Repository/Olusturma/Genel/Buton")): Object: 'Object Repository/Olusturma/Genel/Buton' is clicked on

2021-10-21 14:24:28 - [MESSAGE][INFO] - Finding Test Object 'Object Repository/Olusturma/Genel/Buton'

2021-10-21 14:24:28 - [MESSAGE][INFO] - Checking object

2021-10-21 14:24:28 - [MESSAGE][INFO] - Finding web element from Test Object's properties

2021-10-21 14:24:28 - [MESSAGE][INFO] - Checking timeout

2021-10-21 14:24:28 - [MESSAGE][INFO] - Finding web element with id: 'Object Repository/Olusturma/Genel/Buton' located by 'By.xpath: //*[@id = 'btnKaydet']' in '30' second(s)

2021-10-21 14:24:28 - [MESSAGE][INFO] - Smart Wait Function is triggered

2021-10-21 14:24:28 - [MESSAGE][INFO] - Found 1 web elements with id: 'Object Repository/Olusturma/Genel/Buton' located by 'By.xpath: //*[@id = 'btnKaydet']' in '30' second(s)

2021-10-21 14:24:28 - [MESSAGE][INFO] - Clicking on object: 'Object Repository/Olusturma/Genel/Buton'

2021-10-21 14:24:31 - [MESSAGE][PASSED] - Object: 'Object Repository/Olusturma/Genel/Buton' is clicked on

2021-10-21 14:24:31 - [MESSAGE][PASSED] - Call Test Case 'Test Cases/Olusturma/Genel/KaydetButonunaTiklanir' successfully

2021-10-21 14:24:31 - [MESSAGE][INFO] - Checking called Test Case

2021-10-21 14:24:31 - [MESSAGE][INFO] - Starting to call Test Case 'Test Cases/Tablo/TablodaEttnliVeriOlusturulduMu'

2021-10-21 14:24:31 - [TEST_CASE][PASSED] - Test Cases/Tablo/TablodaEttnliVeriOlusturulduMu: Test Cases/Tablo/TablodaEttnliVeriOlusturulduMu

2021-10-21 14:24:31 - [TEST_STEP][PASSED] - Method.TextDegerineEsitElementVarMi(findTestObject("Tablo/OlusturulanVeri"), ettn): Method.TextDegerineEsitElementVarMi is PASSED

2021-10-21 14:24:31 - [MESSAGE][INFO] - Finding Test Object 'Object Repository/Tablo/OlusturulanVeri'

2021-10-21 14:24:31 - [MESSAGE][INFO] - Checking timeout

2021-10-21 14:24:31 - [MESSAGE][INFO] - Finding web element with id: 'Object Repository/Tablo/OlusturulanVeri' located by 'By.cssSelector: table.dxgvTable_LECustomTheme>tbody>tr:nth-child(3)>td.dxgv b,table.dxgvTable_LECustomTheme>tbody>tr:nth-child(3)>td.dxgv' in '10' second(s)

2021-10-21 14:24:31 - [MESSAGE][INFO] - Smart Wait Function is triggered

2021-10-21 14:24:32 - [MESSAGE][INFO] - Found 14 web elements with id: 'Object Repository/Tablo/OlusturulanVeri' located by 'By.cssSelector: table.dxgvTable_LECustomTheme>tbody>tr:nth-child(3)>td.dxgv b,table.dxgvTable_LECustomTheme>tbody>tr:nth-child(3)>td.dxgv' in '10' second(s)

2021-10-21 14:24:32 - [MESSAGE][PASSED] - Method.TextDegerineEsitElementVarMi is PASSED

2021-10-21 14:24:32 - [MESSAGE][PASSED] - Call Test Case 'Test Cases/Tablo/TablodaEttnliVeriOlusturulduMu' successfully

2021-10-21 14:24:32 - [MESSAGE][INFO] - Checking called Test Case

2021-10-21 14:24:32 - [MESSAGE][INFO] - Starting to call Test Case 'Test Cases/Tablo/TablodanEttnliVeriSec'

2021-10-21 14:24:32 - [TEST_CASE][PASSED] - Test Cases/Tablo/TablodanEttnliVeriSec: Test Cases/Tablo/TablodanEttnliVeriSec

2021-10-21 14:24:32 - [TEST_STEP][PASSED] - Method.TextDegerineEsitElementinAltindakineTikla(findTestObject("Tablo/Veriler"), findTestObject("Tablo/VerininCheckBoxi"), ettn): Method.TextDegerineEsitElementinAltindakineTikla is PASSED

2021-10-21 14:24:32 - [MESSAGE][INFO] - Finding Test Object 'Object Repository/Tablo/Veriler'

2021-10-21 14:24:32 - [MESSAGE][INFO] - Finding Test Object 'Object Repository/Tablo/VerininCheckBoxi'

2021-10-21 14:24:32 - [MESSAGE][INFO] - Checking timeout

2021-10-21 14:24:32 - [MESSAGE][INFO] - Finding web element with id: 'Object Repository/Tablo/Veriler' located by 'By.cssSelector: td.dxgv b ,td.dxgv' in '10' second(s)

2021-10-21 14:24:32 - [MESSAGE][INFO] - Smart Wait Function is triggered

2021-10-21 14:24:32 - [MESSAGE][INFO] - Found 140 web elements with id: 'Object Repository/Tablo/Veriler' located by 'By.cssSelector: td.dxgv b ,td.dxgv' in '10' second(s)

2021-10-21 14:24:32 - [MESSAGE][INFO] - Smart Wait Function is triggered

2021-10-21 14:24:33 - [MESSAGE][PASSED] - Method.TextDegerineEsitElementinAltindakineTikla is PASSED

2021-10-21 14:24:33 - [MESSAGE][PASSED] - Call Test Case 'Test Cases/Tablo/TablodanEttnliVeriSec' successfully

2021-10-21 14:24:33 - [MESSAGE][INFO] - Checking called Test Case

2021-10-21 14:24:33 - [MESSAGE][INFO] - Starting to call Test Case 'Test Cases/Butonlar/ButonaTikla'

2021-10-21 14:24:33 - [TEST_CASE][PASSED] - Test Cases/Butonlar/ButonaTikla: Test Cases/Butonlar/ButonaTikla

2021-10-21 14:24:33 - [TEST_STEP][PASSED] - Method.TextDegerineEsitElementeTiklaEquals(findTestObject("Butonlar/Butonlar"), Buton_Adi): Method.TextDegerineEsitElementeTiklaEquals is PASSED

2021-10-21 14:24:33 - [MESSAGE][INFO] - Finding Test Object 'Object Repository/Butonlar/Butonlar'

2021-10-21 14:24:33 - [MESSAGE][INFO] - Checking timeout

2021-10-21 14:24:33 - [MESSAGE][INFO] - Finding web element with id: 'Object Repository/Butonlar/Butonlar' located by 'By.cssSelector: .panel.panel-default.text-center.footerPanel .btn,.btn.btn-primary.btnControls' in '10' second(s)

2021-10-21 14:24:33 - [MESSAGE][INFO] - Smart Wait Function is triggered

2021-10-21 14:24:33 - [MESSAGE][INFO] - Found 10 web elements with id: 'Object Repository/Butonlar/Butonlar' located by 'By.cssSelector: .panel.panel-default.text-center.footerPanel .btn,.btn.btn-primary.btnControls' in '10' second(s)

2021-10-21 14:24:33 - [MESSAGE][PASSED] - Method.TextDegerineEsitElementeTiklaEquals is PASSED

2021-10-21 14:24:33 - [MESSAGE][PASSED] - Call Test Case 'Test Cases/Butonlar/ButonaTikla' successfully

2021-10-21 14:24:33 - [MESSAGE][INFO] - Checking called Test Case

2021-10-21 14:24:33 - [MESSAGE][INFO] - Starting to call Test Case 'Test Cases/Popup/PopupMesajiIceriyorMu'

2021-10-21 14:24:33 - [TEST_CASE][PASSED] - Test Cases/Popup/PopupMesajiIceriyorMu: Test Cases/Popup/PopupMesajiIceriyorMu

2021-10-21 14:24:34 - [TEST_STEP][PASSED] - waitForElementVisible(findTestObject("Popup/Popup"), 10): Object 'Object Repository/Popup/Popup' is visible

2021-10-21 14:24:34 - [MESSAGE][INFO] - Finding Test Object 'Object Repository/Popup/Popup'

2021-10-21 14:24:34 - [MESSAGE][INFO] - Checking object

2021-10-21 14:24:34 - [MESSAGE][INFO] - Checking timeout

2021-10-21 14:24:34 - [MESSAGE][INFO] - Finding web element from Test Object's properties

2021-10-21 14:24:34 - [MESSAGE][INFO] - Checking timeout

2021-10-21 14:24:34 - [MESSAGE][INFO] - Finding web element with id: 'Object Repository/Popup/Popup' located by 'By.cssSelector: .bootbox-body' in '10' second(s)

2021-10-21 14:24:34 - [MESSAGE][INFO] - Smart Wait Function is triggered

2021-10-21 14:24:34 - [MESSAGE][INFO] - Found 1 web elements with id: 'Object Repository/Popup/Popup' located by 'By.cssSelector: .bootbox-body' in '10' second(s)

2021-10-21 14:24:34 - [MESSAGE][PASSED] - Object 'Object Repository/Popup/Popup' is visible

2021-10-21 14:24:34 - [TEST_STEP][PASSED] - if (!(getText(findTestObject("Popup/Popup")).contains(Mesaj))): Text of object 'Object Repository/Popup/Popup' is: 'Oluşturulacak fatura numarası : INT2021000000075 Fatura numarası oluşturulduktan sonra fatura silinemez. Fatura numarası, tarihi ve ön eki değiştirilemez. Devam etmek istiyor musunuz?'

2021-10-21 14:24:34 - [MESSAGE][INFO] - Finding Test Object 'Object Repository/Popup/Popup'

2021-10-21 14:24:34 - [MESSAGE][INFO] - Checking object

2021-10-21 14:24:34 - [MESSAGE][INFO] - Finding web element from Test Object's properties

2021-10-21 14:24:34 - [MESSAGE][INFO] - Checking timeout

2021-10-21 14:24:34 - [MESSAGE][INFO] - Finding web element with id: 'Object Repository/Popup/Popup' located by 'By.cssSelector: .bootbox-body' in '30' second(s)

2021-10-21 14:24:34 - [MESSAGE][INFO] - Smart Wait Function is triggered

2021-10-21 14:24:35 - [MESSAGE][INFO] - Found 1 web elements with id: 'Object Repository/Popup/Popup' located by 'By.cssSelector: .bootbox-body' in '30' second(s)

2021-10-21 14:24:35 - [MESSAGE][INFO] - Getting text of object 'Object Repository/Popup/Popup'

2021-10-21 14:24:35 - [MESSAGE][PASSED] - Text of object 'Object Repository/Popup/Popup' is: 'Oluşturulacak fatura numarası : INT2021000000075 Fatura numarası oluşturulduktan sonra fatura silinemez. Fatura numarası, tarihi ve ön eki değiştirilemez. Devam etmek istiyor musunuz?'

2021-10-21 14:24:35 - [TEST_STEP][PASSED] - RaporNo = getText(findTestObject("Popup/Popup")).substring(0, 6): Text of object 'Object Repository/Popup/Popup' is: 'Oluşturulacak fatura numarası : INT2021000000075 Fatura numarası oluşturulduktan sonra fatura silinemez. Fatura numarası, tarihi ve ön eki değiştirilemez. Devam etmek istiyor musunuz?'

2021-10-21 14:24:35 - [MESSAGE][INFO] - Finding Test Object 'Object Repository/Popup/Popup'

2021-10-21 14:24:35 - [MESSAGE][INFO] - Checking object

2021-10-21 14:24:35 - [MESSAGE][INFO] - Finding web element from Test Object's properties

2021-10-21 14:24:35 - [MESSAGE][INFO] - Checking timeout

2021-10-21 14:24:35 - [MESSAGE][INFO] - Finding web element with id: 'Object Repository/Popup/Popup' located by 'By.cssSelector: .bootbox-body' in '30' second(s)

2021-10-21 14:24:35 - [MESSAGE][INFO] - Smart Wait Function is triggered

2021-10-21 14:24:35 - [MESSAGE][INFO] - Found 1 web elements with id: 'Object Repository/Popup/Popup' located by 'By.cssSelector: .bootbox-body' in '30' second(s)

2021-10-21 14:24:35 - [MESSAGE][INFO] - Getting text of object 'Object Repository/Popup/Popup'

2021-10-21 14:24:35 - [MESSAGE][PASSED] - Text of object 'Object Repository/Popup/Popup' is: 'Oluşturulacak fatura numarası : INT2021000000075 Fatura numarası oluşturulduktan sonra fatura silinemez. Fatura numarası, tarihi ve ön eki değiştirilemez. Devam etmek istiyor musunuz?'

2021-10-21 14:24:35 - [TEST_STEP][PASSED] - Console.println(RaporNo): null

2021-10-21 14:24:35 - [MESSAGE][PASSED] - Call Test Case 'Test Cases/Popup/PopupMesajiIceriyorMu' successfully

2021-10-21 14:24:35 - [MESSAGE][INFO] - Checking called Test Case

2021-10-21 14:24:35 - [MESSAGE][INFO] - Starting to call Test Case 'Test Cases/Popup/PopupButonSecilir'

2021-10-21 14:24:35 - [TEST_CASE][PASSED] - Test Cases/Popup/PopupButonSecilir: Test Cases/Popup/PopupButonSecilir

2021-10-21 14:24:35 - [TEST_STEP][PASSED] - Method.TextDegerineEsitElementeTikla(findTestObject("Popup/Popup_Butons"), Buton): Method.TextDegerineEsitElementeTikla is PASSED

2021-10-21 14:24:35 - [MESSAGE][INFO] - Finding Test Object 'Object Repository/Popup/Popup_Butons'

2021-10-21 14:24:35 - [MESSAGE][INFO] - Checking timeout

2021-10-21 14:24:35 - [MESSAGE][INFO] - Finding web element with id: 'Object Repository/Popup/Popup_Butons' located by 'By.cssSelector: .modal-footer>button' in '10' second(s)

2021-10-21 14:24:35 - [MESSAGE][INFO] - Smart Wait Function is triggered

2021-10-21 14:24:36 - [MESSAGE][INFO] - Found 2 web elements with id: 'Object Repository/Popup/Popup_Butons' located by 'By.cssSelector: .modal-footer>button' in '10' second(s)

2021-10-21 14:24:36 - [MESSAGE][PASSED] - Method.TextDegerineEsitElementeTikla is PASSED

2021-10-21 14:24:36 - [MESSAGE][PASSED] - Call Test Case 'Test Cases/Popup/PopupButonSecilir' successfully

2021-10-21 14:24:36 - [MESSAGE][INFO] - Checking called Test Case

2021-10-21 14:24:36 - [MESSAGE][INFO] - Starting to call Test Case 'Test Cases/Popup/PopupMesajiIceriyorMu'

2021-10-21 14:24:36 - [TEST_CASE][PASSED] - Test Cases/Popup/PopupMesajiIceriyorMu: Test Cases/Popup/PopupMesajiIceriyorMu

2021-10-21 14:24:36 - [TEST_STEP][PASSED] - waitForElementVisible(findTestObject("Popup/Popup"), 10): Object 'Object Repository/Popup/Popup' is visible

2021-10-21 14:24:36 - [MESSAGE][INFO] - Finding Test Object 'Object Repository/Popup/Popup'

2021-10-21 14:24:36 - [MESSAGE][INFO] - Checking object

2021-10-21 14:24:36 - [MESSAGE][INFO] - Checking timeout

2021-10-21 14:24:36 - [MESSAGE][INFO] - Finding web element from Test Object's properties

2021-10-21 14:24:36 - [MESSAGE][INFO] - Checking timeout

2021-10-21 14:24:36 - [MESSAGE][INFO] - Finding web element with id: 'Object Repository/Popup/Popup' located by 'By.cssSelector: .bootbox-body' in '10' second(s)

2021-10-21 14:24:36 - [MESSAGE][INFO] - Smart Wait Function is triggered

2021-10-21 14:24:37 - [MESSAGE][INFO] - Found 1 web elements with id: 'Object Repository/Popup/Popup' located by 'By.cssSelector: .bootbox-body' in '10' second(s)

2021-10-21 14:24:37 - [MESSAGE][PASSED] - Object 'Object Repository/Popup/Popup' is visible

2021-10-21 14:24:37 - [TEST_STEP][PASSED] - if (!(getText(findTestObject("Popup/Popup")).contains(Mesaj))): Text of object 'Object Repository/Popup/Popup' is: 'Fatura numaranız INT2021000000075 olarak oluşmuştur.'

2021-10-21 14:24:37 - [MESSAGE][INFO] - Finding Test Object 'Object Repository/Popup/Popup'

2021-10-21 14:24:37 - [MESSAGE][INFO] - Checking object

2021-10-21 14:24:37 - [MESSAGE][INFO] - Finding web element from Test Object's properties

2021-10-21 14:24:37 - [MESSAGE][INFO] - Checking timeout

2021-10-21 14:24:37 - [MESSAGE][INFO] - Finding web element with id: 'Object Repository/Popup/Popup' located by 'By.cssSelector: .bootbox-body' in '30' second(s)

2021-10-21 14:24:37 - [MESSAGE][INFO] - Smart Wait Function is triggered

2021-10-21 14:24:37 - [MESSAGE][INFO] - Found 1 web elements with id: 'Object Repository/Popup/Popup' located by 'By.cssSelector: .bootbox-body' in '30' second(s)

2021-10-21 14:24:37 - [MESSAGE][INFO] - Getting text of object 'Object Repository/Popup/Popup'

2021-10-21 14:24:37 - [MESSAGE][PASSED] - Text of object 'Object Repository/Popup/Popup' is: 'Fatura numaranız INT2021000000075 olarak oluşmuştur.'

2021-10-21 14:24:37 - [TEST_STEP][PASSED] - RaporNo = getText(findTestObject("Popup/Popup")).substring(0, 6): Text of object 'Object Repository/Popup/Popup' is: 'Fatura numaranız INT2021000000075 olarak oluşmuştur.'

2021-10-21 14:24:37 - [MESSAGE][INFO] - Finding Test Object 'Object Repository/Popup/Popup'

2021-10-21 14:24:37 - [MESSAGE][INFO] - Checking object

2021-10-21 14:24:37 - [MESSAGE][INFO] - Finding web element from Test Object's properties

2021-10-21 14:24:37 - [MESSAGE][INFO] - Checking timeout

2021-10-21 14:24:37 - [MESSAGE][INFO] - Finding web element with id: 'Object Repository/Popup/Popup' located by 'By.cssSelector: .bootbox-body' in '30' second(s)

2021-10-21 14:24:37 - [MESSAGE][INFO] - Smart Wait Function is triggered

2021-10-21 14:24:38 - [MESSAGE][INFO] - Found 1 web elements with id: 'Object Repository/Popup/Popup' located by 'By.cssSelector: .bootbox-body' in '30' second(s)

2021-10-21 14:24:38 - [MESSAGE][INFO] - Getting text of object 'Object Repository/Popup/Popup'

2021-10-21 14:24:38 - [MESSAGE][PASSED] - Text of object 'Object Repository/Popup/Popup' is: 'Fatura numaranız INT2021000000075 olarak oluşmuştur.'

2021-10-21 14:24:38 - [TEST_STEP][PASSED] - Console.println(RaporNo): null

2021-10-21 14:24:38 - [MESSAGE][PASSED] - Call Test Case 'Test Cases/Popup/PopupMesajiIceriyorMu' successfully

2021-10-21 14:24:38 - [MESSAGE][INFO] - Checking called Test Case

2021-10-21 14:24:38 - [MESSAGE][INFO] - Starting to call Test Case 'Test Cases/Popup/PopupButonSecilir'

2021-10-21 14:24:38 - [TEST_CASE][PASSED] - Test Cases/Popup/PopupButonSecilir: Test Cases/Popup/PopupButonSecilir

2021-10-21 14:24:38 - [TEST_STEP][PASSED] - Method.TextDegerineEsitElementeTikla(findTestObject("Popup/Popup_Butons"), Buton): Method.TextDegerineEsitElementeTikla is PASSED

2021-10-21 14:24:38 - [MESSAGE][INFO] - Finding Test Object 'Object Repository/Popup/Popup_Butons'

2021-10-21 14:24:38 - [MESSAGE][INFO] - Checking timeout

2021-10-21 14:24:38 - [MESSAGE][INFO] - Finding web element with id: 'Object Repository/Popup/Popup_Butons' located by 'By.cssSelector: .modal-footer>button' in '10' second(s)

2021-10-21 14:24:38 - [MESSAGE][INFO] - Smart Wait Function is triggered

2021-10-21 14:24:38 - [MESSAGE][INFO] - Found 1 web elements with id: 'Object Repository/Popup/Popup_Butons' located by 'By.cssSelector: .modal-footer>button' in '10' second(s)

2021-10-21 14:24:38 - [MESSAGE][PASSED] - Method.TextDegerineEsitElementeTikla is PASSED

2021-10-21 14:24:38 - [MESSAGE][PASSED] - Call Test Case 'Test Cases/Popup/PopupButonSecilir' successfully

2021-10-21 14:24:38 - [MESSAGE][INFO] - Checking called Test Case

2021-10-21 14:24:38 - [MESSAGE][INFO] - Starting to call Test Case 'Test Cases/Tablo/TablodanEttnliVeriSec'

2021-10-21 14:24:38 - [TEST_CASE][PASSED] - Test Cases/Tablo/TablodanEttnliVeriSec: Test Cases/Tablo/TablodanEttnliVeriSec

2021-10-21 14:24:38 - [TEST_STEP][PASSED] - Method.TextDegerineEsitElementinAltindakineTikla(findTestObject("Tablo/Veriler"), findTestObject("Tablo/VerininCheckBoxi"), ettn): Method.TextDegerineEsitElementinAltindakineTikla is PASSED

2021-10-21 14:24:38 - [MESSAGE][INFO] - Finding Test Object 'Object Repository/Tablo/Veriler'

2021-10-21 14:24:39 - [MESSAGE][INFO] - Finding Test Object 'Object Repository/Tablo/VerininCheckBoxi'

2021-10-21 14:24:39 - [MESSAGE][INFO] - Checking timeout

2021-10-21 14:24:39 - [MESSAGE][INFO] - Finding web element with id: 'Object Repository/Tablo/Veriler' located by 'By.cssSelector: td.dxgv b ,td.dxgv' in '10' second(s)

2021-10-21 14:24:39 - [MESSAGE][INFO] - Smart Wait Function is triggered

2021-10-21 14:24:39 - [MESSAGE][INFO] - Found 140 web elements with id: 'Object Repository/Tablo/Veriler' located by 'By.cssSelector: td.dxgv b ,td.dxgv' in '10' second(s)

2021-10-21 14:24:39 - [MESSAGE][INFO] - Smart Wait Function is triggered

2021-10-21 14:24:40 - [MESSAGE][PASSED] - Method.TextDegerineEsitElementinAltindakineTikla is PASSED

2021-10-21 14:24:40 - [MESSAGE][PASSED] - Call Test Case 'Test Cases/Tablo/TablodanEttnliVeriSec' successfully

2021-10-21 14:24:40 - [MESSAGE][INFO] - Checking called Test Case

2021-10-21 14:24:40 - [MESSAGE][INFO] - Starting to call Test Case 'Test Cases/Butonlar/ButonaTikla'

2021-10-21 14:24:40 - [TEST_CASE][PASSED] - Test Cases/Butonlar/ButonaTikla: Test Cases/Butonlar/ButonaTikla

2021-10-21 14:24:40 - [TEST_STEP][PASSED] - Method.TextDegerineEsitElementeTiklaEquals(findTestObject("Butonlar/Butonlar"), Buton_Adi): Method.TextDegerineEsitElementeTiklaEquals is PASSED

2021-10-21 14:24:40 - [MESSAGE][INFO] - Finding Test Object 'Object Repository/Butonlar/Butonlar'

2021-10-21 14:24:40 - [MESSAGE][INFO] - Checking timeout

2021-10-21 14:24:40 - [MESSAGE][INFO] - Finding web element with id: 'Object Repository/Butonlar/Butonlar' located by 'By.cssSelector: .panel.panel-default.text-center.footerPanel .btn,.btn.btn-primary.btnControls' in '10' second(s)

2021-10-21 14:24:40 - [MESSAGE][INFO] - Smart Wait Function is triggered

2021-10-21 14:24:40 - [MESSAGE][INFO] - Found 10 web elements with id: 'Object Repository/Butonlar/Butonlar' located by 'By.cssSelector: .panel.panel-default.text-center.footerPanel .btn,.btn.btn-primary.btnControls' in '10' second(s)

2021-10-21 14:24:41 - [MESSAGE][PASSED] - Method.TextDegerineEsitElementeTiklaEquals is PASSED

2021-10-21 14:24:41 - [MESSAGE][PASSED] - Call Test Case 'Test Cases/Butonlar/ButonaTikla' successfully

2021-10-21 14:24:41 - [MESSAGE][INFO] - Checking called Test Case

2021-10-21 14:24:41 - [MESSAGE][INFO] - Starting to call Test Case 'Test Cases/Popup/PopupMesajiIceriyorMu'

2021-10-21 14:24:41 - [TEST_CASE][PASSED] - Test Cases/Popup/PopupMesajiIceriyorMu: Test Cases/Popup/PopupMesajiIceriyorMu

2021-10-21 14:24:41 - [TEST_STEP][PASSED] - waitForElementVisible(findTestObject("Popup/Popup"), 10): Object 'Object Repository/Popup/Popup' is visible

2021-10-21 14:24:41 - [MESSAGE][INFO] - Finding Test Object 'Object Repository/Popup/Popup'

2021-10-21 14:24:41 - [MESSAGE][INFO] - Checking object

2021-10-21 14:24:41 - [MESSAGE][INFO] - Checking timeout

2021-10-21 14:24:41 - [MESSAGE][INFO] - Finding web element from Test Object's properties

2021-10-21 14:24:41 - [MESSAGE][INFO] - Checking timeout

2021-10-21 14:24:41 - [MESSAGE][INFO] - Finding web element with id: 'Object Repository/Popup/Popup' located by 'By.cssSelector: .bootbox-body' in '10' second(s)

2021-10-21 14:24:41 - [MESSAGE][INFO] - Smart Wait Function is triggered

2021-10-21 14:24:41 - [MESSAGE][INFO] - Found 1 web elements with id: 'Object Repository/Popup/Popup' located by 'By.cssSelector: .bootbox-body' in '10' second(s)

2021-10-21 14:24:41 - [MESSAGE][PASSED] - Object 'Object Repository/Popup/Popup' is visible

2021-10-21 14:24:41 - [TEST_STEP][PASSED] - if (!(getText(findTestObject("Popup/Popup")).contains(Mesaj))): Text of object 'Object Repository/Popup/Popup' is: 'Seçilen faturalarınız onaylanacaktır. Onaylanan faturalar üzerinde değişiklik yapılamaz. Devam etmek istiyor musunuz?'

2021-10-21 14:24:41 - [MESSAGE][INFO] - Finding Test Object 'Object Repository/Popup/Popup'

2021-10-21 14:24:41 - [MESSAGE][INFO] - Checking object

2021-10-21 14:24:41 - [MESSAGE][INFO] - Finding web element from Test Object's properties

2021-10-21 14:24:41 - [MESSAGE][INFO] - Checking timeout

2021-10-21 14:24:41 - [MESSAGE][INFO] - Finding web element with id: 'Object Repository/Popup/Popup' located by 'By.cssSelector: .bootbox-body' in '30' second(s)

2021-10-21 14:24:41 - [MESSAGE][INFO] - Smart Wait Function is triggered

2021-10-21 14:24:42 - [MESSAGE][INFO] - Found 1 web elements with id: 'Object Repository/Popup/Popup' located by 'By.cssSelector: .bootbox-body' in '30' second(s)

2021-10-21 14:24:42 - [MESSAGE][INFO] - Getting text of object 'Object Repository/Popup/Popup'

2021-10-21 14:24:42 - [MESSAGE][PASSED] - Text of object 'Object Repository/Popup/Popup' is: 'Seçilen faturalarınız onaylanacaktır. Onaylanan faturalar üzerinde değişiklik yapılamaz. Devam etmek istiyor musunuz?'

2021-10-21 14:24:42 - [TEST_STEP][PASSED] - RaporNo = getText(findTestObject("Popup/Popup")).substring(0, 6): Text of object 'Object Repository/Popup/Popup' is: 'Seçilen faturalarınız onaylanacaktır. Onaylanan faturalar üzerinde değişiklik yapılamaz. Devam etmek istiyor musunuz?'

2021-10-21 14:24:42 - [MESSAGE][INFO] - Finding Test Object 'Object Repository/Popup/Popup'

2021-10-21 14:24:42 - [MESSAGE][INFO] - Checking object

2021-10-21 14:24:42 - [MESSAGE][INFO] - Finding web element from Test Object's properties

2021-10-21 14:24:42 - [MESSAGE][INFO] - Checking timeout

2021-10-21 14:24:42 - [MESSAGE][INFO] - Finding web element with id: 'Object Repository/Popup/Popup' located by 'By.cssSelector: .bootbox-body' in '30' second(s)

2021-10-21 14:24:42 - [MESSAGE][INFO] - Smart Wait Function is triggered

2021-10-21 14:24:42 - [MESSAGE][INFO] - Found 1 web elements with id: 'Object Repository/Popup/Popup' located by 'By.cssSelector: .bootbox-body' in '30' second(s)

2021-10-21 14:24:42 - [MESSAGE][INFO] - Getting text of object 'Object Repository/Popup/Popup'

2021-10-21 14:24:42 - [MESSAGE][PASSED] - Text of object 'Object Repository/Popup/Popup' is: 'Seçilen faturalarınız onaylanacaktır. Onaylanan faturalar üzerinde değişiklik yapılamaz. Devam etmek istiyor musunuz?'

2021-10-21 14:24:42 - [TEST_STEP][PASSED] - Console.println(RaporNo): null

2021-10-21 14:24:42 - [MESSAGE][PASSED] - Call Test Case 'Test Cases/Popup/PopupMesajiIceriyorMu' successfully

2021-10-21 14:24:42 - [MESSAGE][INFO] - Checking called Test Case

2021-10-21 14:24:42 - [MESSAGE][INFO] - Starting to call Test Case 'Test Cases/Popup/PopupButonSecilir'

2021-10-21 14:24:42 - [TEST_CASE][PASSED] - Test Cases/Popup/PopupButonSecilir: Test Cases/Popup/PopupButonSecilir

2021-10-21 14:24:42 - [TEST_STEP][PASSED] - Method.TextDegerineEsitElementeTikla(findTestObject("Popup/Popup_Butons"), Buton): Method.TextDegerineEsitElementeTikla is PASSED

2021-10-21 14:24:42 - [MESSAGE][INFO] - Finding Test Object 'Object Repository/Popup/Popup_Butons'

2021-10-21 14:24:42 - [MESSAGE][INFO] - Checking timeout

2021-10-21 14:24:42 - [MESSAGE][INFO] - Finding web element with id: 'Object Repository/Popup/Popup_Butons' located by 'By.cssSelector: .modal-footer>button' in '10' second(s)

2021-10-21 14:24:42 - [MESSAGE][INFO] - Smart Wait Function is triggered

2021-10-21 14:24:43 - [MESSAGE][INFO] - Found 2 web elements with id: 'Object Repository/Popup/Popup_Butons' located by 'By.cssSelector: .modal-footer>button' in '10' second(s)

2021-10-21 14:24:43 - [MESSAGE][PASSED] - Method.TextDegerineEsitElementeTikla is PASSED

2021-10-21 14:24:43 - [MESSAGE][PASSED] - Call Test Case 'Test Cases/Popup/PopupButonSecilir' successfully

2021-10-21 14:24:43 - [MESSAGE][INFO] - Checking called Test Case

2021-10-21 14:24:43 - [MESSAGE][INFO] - Starting to call Test Case 'Test Cases/Menu/AnaMenuSecimi'

2021-10-21 14:24:43 - [TEST_CASE][PASSED] - Test Cases/Menu/AnaMenuSecimi: Test Cases/Menu/AnaMenuSecimi

2021-10-21 14:24:43 - [TEST_STEP][PASSED] - Method.TextDegerineEsitElementeTikla(findTestObject("Menu/Ana_Menu"), Ana_Menu): Method.TextDegerineEsitElementeTikla is PASSED

2021-10-21 14:24:43 - [MESSAGE][INFO] - Finding Test Object 'Object Repository/Menu/Ana_Menu'

2021-10-21 14:24:43 - [MESSAGE][INFO] - Checking timeout

2021-10-21 14:24:43 - [MESSAGE][INFO] - Finding web element with id: 'Object Repository/Menu/Ana_Menu' located by 'By.xpath: //*[@class = 'dropdown-toggle']' in '10' second(s)

2021-10-21 14:24:43 - [MESSAGE][INFO] - Smart Wait Function is triggered

2021-10-21 14:24:44 - [MESSAGE][INFO] - Found 14 web elements with id: 'Object Repository/Menu/Ana_Menu' located by 'By.xpath: //*[@class = 'dropdown-toggle']' in '10' second(s)

2021-10-21 14:24:44 - [MESSAGE][PASSED] - Method.TextDegerineEsitElementeTikla is PASSED

2021-10-21 14:24:44 - [MESSAGE][PASSED] - Call Test Case 'Test Cases/Menu/AnaMenuSecimi' successfully

2021-10-21 14:24:44 - [MESSAGE][INFO] - Checking called Test Case

2021-10-21 14:24:44 - [MESSAGE][INFO] - Starting to call Test Case 'Test Cases/Menu/BasligaGoreAltMenuSecimi'

2021-10-21 14:24:44 - [TEST_CASE][PASSED] - Test Cases/Menu/BasligaGoreAltMenuSecimi: Test Cases/Menu/BasligaGoreAltMenuSecimi

2021-10-21 14:24:44 - [TEST_STEP][PASSED] - Method.TextDegerineEsitElementinAltindakiTextDegerineEsitOlanaTikla(findTestObject("Menu/Menu_Basligi"), findTestObject("Menu/Basliga_Gore_Alt_Menu"), Baslik, Alt_Menu): Method.TextDegerineEsitElementinAltindakiTextDegerineEsitOlanaTikla is PASSED

2021-10-21 14:24:44 - [MESSAGE][INFO] - Finding Test Object 'Object Repository/Menu/Menu_Basligi'

2021-10-21 14:24:44 - [MESSAGE][INFO] - Finding Test Object 'Object Repository/Menu/Basliga_Gore_Alt_Menu'

2021-10-21 14:24:44 - [MESSAGE][INFO] - Checking timeout

2021-10-21 14:24:44 - [MESSAGE][INFO] - Finding web element with id: 'Object Repository/Menu/Menu_Basligi' located by 'By.xpath: //li[@class='dropdown dropdown-large open']//li[@class='dropdown-header']' in '10' second(s)

2021-10-21 14:24:44 - [MESSAGE][INFO] - Smart Wait Function is triggered

2021-10-21 14:24:45 - [MESSAGE][INFO] - Found 2 web elements with id: 'Object Repository/Menu/Menu_Basligi' located by 'By.xpath: //li[@class='dropdown dropdown-large open']//li[@class='dropdown-header']' in '10' second(s)

2021-10-21 14:24:45 - [MESSAGE][INFO] - Smart Wait Function is triggered

2021-10-21 14:24:48 - [MESSAGE][PASSED] - Method.TextDegerineEsitElementinAltindakiTextDegerineEsitOlanaTikla is PASSED

2021-10-21 14:24:48 - [MESSAGE][PASSED] - Call Test Case 'Test Cases/Menu/BasligaGoreAltMenuSecimi' successfully

2021-10-21 14:24:48 - [MESSAGE][INFO] - Checking called Test Case

2021-10-21 14:24:48 - [MESSAGE][INFO] - Starting to call Test Case 'Test Cases/Filtreler/EttnYaz'

2021-10-21 14:24:48 - [TEST_CASE][PASSED] - Test Cases/Filtreler/EttnYaz: Test Cases/Filtreler/EttnYaz

2021-10-21 14:24:49 - [TEST_STEP][PASSED] - Method.TextDegerineEsitElementinAltindakiTextboxtaYaz(findTestObject("Filtreler/Basliklar"), findTestObject("Filtreler/Basliga_Gore_Textbox"), "ETTN", ettn): Method.TextDegerineEsitElementinAltindakiTextboxtaYaz is PASSED

2021-10-21 14:24:49 - [MESSAGE][INFO] - Finding Test Object 'Object Repository/Filtreler/Basliklar'

2021-10-21 14:24:49 - [MESSAGE][INFO] - Finding Test Object 'Object Repository/Filtreler/Basliga_Gore_Textbox'

2021-10-21 14:24:49 - [MESSAGE][INFO] - Checking timeout

2021-10-21 14:24:49 - [MESSAGE][INFO] - Finding web element with id: 'Object Repository/Filtreler/Basliklar' located by 'By.cssSelector: .control-label.col-sm-4.paddingMarginRLC' in '10' second(s)

2021-10-21 14:24:49 - [MESSAGE][INFO] - Smart Wait Function is triggered

2021-10-21 14:24:49 - [MESSAGE][INFO] - Found 19 web elements with id: 'Object Repository/Filtreler/Basliklar' located by 'By.cssSelector: .control-label.col-sm-4.paddingMarginRLC' in '10' second(s)

2021-10-21 14:24:49 - [MESSAGE][INFO] - Smart Wait Function is triggered

2021-10-21 14:24:50 - [MESSAGE][PASSED] - Method.TextDegerineEsitElementinAltindakiTextboxtaYaz is PASSED

2021-10-21 14:24:50 - [MESSAGE][PASSED] - Call Test Case 'Test Cases/Filtreler/EttnYaz' successfully

2021-10-21 14:24:50 - [MESSAGE][INFO] - Checking called Test Case

2021-10-21 14:24:50 - [MESSAGE][INFO] - Starting to call Test Case 'Test Cases/Filtreler/ButonaTikla'

2021-10-21 14:24:50 - [TEST_CASE][PASSED] - Test Cases/Filtreler/ButonaTikla: Test Cases/Filtreler/ButonaTikla

2021-10-21 14:24:50 - [TEST_STEP][PASSED] - Method.TextDegerineEsitElementeTikla(findTestObject("Filtreler/Butonlar"), Filtre_Buton): Method.TextDegerineEsitElementeTikla is PASSED

2021-10-21 14:24:50 - [MESSAGE][INFO] - Finding Test Object 'Object Repository/Filtreler/Butonlar'

2021-10-21 14:24:50 - [MESSAGE][INFO] - Checking timeout

2021-10-21 14:24:50 - [MESSAGE][INFO] - Finding web element with id: 'Object Repository/Filtreler/Butonlar' located by 'By.cssSelector: .dxb>span' in '10' second(s)

2021-10-21 14:24:50 - [MESSAGE][INFO] - Smart Wait Function is triggered

2021-10-21 14:24:51 - [MESSAGE][INFO] - Found 3 web elements with id: 'Object Repository/Filtreler/Butonlar' located by 'By.cssSelector: .dxb>span' in '10' second(s)

2021-10-21 14:24:51 - [MESSAGE][PASSED] - Method.TextDegerineEsitElementeTikla is PASSED

2021-10-21 14:24:51 - [MESSAGE][PASSED] - Call Test Case 'Test Cases/Filtreler/ButonaTikla' successfully

2021-10-21 14:24:51 - [MESSAGE][INFO] - Checking called Test Case

2021-10-21 14:24:51 - [MESSAGE][INFO] - Starting to call Test Case 'Test Cases/Tablo/TablodaVeriVarMi'

2021-10-21 14:24:51 - [TEST_CASE][PASSED] - Test Cases/Tablo/TablodaVeriVarMi: Test Cases/Tablo/TablodaVeriVarMi

2021-10-21 14:24:51 - [TEST_STEP][PASSED] - verifyTextNotPresent("Görüntülenecek veri yok", true): Text 'Görüntülenecek veri yok' is not present on page using regular expression

2021-10-21 14:24:51 - [MESSAGE][INFO] - Checking text present  using regular expression

2021-10-21 14:24:51 - [MESSAGE][INFO] - Smart Wait Function is triggered

2021-10-21 14:24:52 - [MESSAGE][INFO] - Finding text 'Görüntülenecek veri yok' on page  using regular expression

2021-10-21 14:24:52 - [MESSAGE][PASSED] - Text 'Görüntülenecek veri yok' is not present on page using regular expression

2021-10-21 14:24:52 - [MESSAGE][PASSED] - Call Test Case 'Test Cases/Tablo/TablodaVeriVarMi' successfully

2021-10-21 14:24:52 - [MESSAGE][INFO] - Checking called Test Case

2021-10-21 14:24:52 - [MESSAGE][INFO] - Starting to call Test Case 'Test Cases/Tablo/TablodaVeriBasariliMiArsiv'

2021-10-21 14:24:52 - [TEST_CASE][PASSED] - Test Cases/Tablo/TablodaVeriBasariliMiArsiv: Test Cases/Tablo/TablodaVeriBasariliMiArsiv

2021-10-21 14:24:52 - [TEST_STEP][PASSED] - sayac = 80: null

2021-10-21 14:24:52 - [TEST_STEP][PASSED] - while (verifyElementText(findTestObject("Object Repository/Tablo/DurumBilgisiArsiv"), "Henüz Sonuçlanmadı", OPTIONAL)): Actual text 'Başarılı' and expected text 'Henüz Sonuçlanmadı' of test object 'Object Repository/Tablo/DurumBilgisiArsiv' are NOT matched. (Root cause: com.kms.katalon.core.exception.StepFailedException: Actual text 'Başarılı' and expected text 'Henüz Sonuçlanmadı' of test object 'Object Repository/Tablo/DurumBilgisiArsiv' are NOT matched.
	at com.kms.katalon.core.webui.keyword.internal.WebUIKeywordMain.stepFailed(WebUIKeywordMain.groovy:64)
	at com.kms.katalon.core.webui.keyword.builtin.VerifyElementTextKeyword$_verifyElementText_closure1.doCall(VerifyElementTextKeyword.groovy:57)
	at com.kms.katalon.core.webui.keyword.builtin.VerifyElementTextKeyword$_verifyElementText_closure1.call(VerifyElementTextKeyword.groovy)
	at com.kms.katalon.core.webui.keyword.internal.WebUIKeywordMain.runKeyword(WebUIKeywordMain.groovy:20)
	at com.kms.katalon.core.webui.keyword.builtin.VerifyElementTextKeyword.verifyElementText(VerifyElementTextKeyword.groovy:72)
	at com.kms.katalon.core.webui.keyword.builtin.VerifyElementTextKeyword.execute(VerifyElementTextKeyword.groovy:40)
	at com.kms.katalon.core.keyword.internal.KeywordExecutor.executeKeywordForPlatform(KeywordExecutor.groovy:73)
	at com.kms.katalon.core.webui.keyword.WebUiBuiltInKeywords.verifyElementText(WebUiBuiltInKeywords.groovy:4733)
	at com.kms.katalon.core.webui.keyword.WebUiBuiltInKeywords$verifyElementText$20.call(Unknown Source)
	at TablodaVeriBasariliMiArsiv.run(TablodaVeriBasariliMiArsiv:22)
	at com.kms.katalon.core.main.ScriptEngine.run(ScriptEngine.java:194)
	at com.kms.katalon.core.main.ScriptEngine.runScriptAsRawText(ScriptEngine.java:119)
	at com.kms.katalon.core.main.TestCaseExecutor.runScript(TestCaseExecutor.java:369)
	at com.kms.katalon.core.main.TestCaseExecutor.doExecute(TestCaseExecutor.java:360)
	at com.kms.katalon.core.main.TestCaseExecutor.processExecutionPhase(TestCaseExecutor.java:339)
	at com.kms.katalon.core.main.TestCaseExecutor.accessMainPhase(TestCaseExecutor.java:331)
	at com.kms.katalon.core.main.TestCaseExecutor.execute(TestCaseExecutor.java:248)
	at com.kms.katalon.core.main.TestCaseMain.runTestCase(TestCaseMain.java:138)
	at com.kms.katalon.core.keyword.builtin.CallTestCaseKeyword$_callTestCase_closure1.doCall(CallTestCaseKeyword.groovy:59)
	at com.kms.katalon.core.keyword.builtin.CallTestCaseKeyword$_callTestCase_closure1.call(CallTestCaseKeyword.groovy)
	at com.kms.katalon.core.keyword.internal.KeywordMain.runKeyword(KeywordMain.groovy:68)
	at com.kms.katalon.core.keyword.builtin.CallTestCaseKeyword.callTestCase(CallTestCaseKeyword.groovy:81)
	at com.kms.katalon.core.keyword.builtin.CallTestCaseKeyword.execute(CallTestCaseKeyword.groovy:44)
	at com.kms.katalon.core.keyword.internal.KeywordExecutor.executeKeywordForPlatform(KeywordExecutor.groovy:73)
	at com.kms.katalon.core.keyword.BuiltinKeywords.callTestCase(BuiltinKeywords.groovy:334)
	at tablo.tablo.tablodaVeriBasariliMiArsiv(tablo.groovy:95)
	at cucumber.runtime.Utils$1.call(Utils.java:26)
	at cucumber.runtime.Timeout.timeout(Timeout.java:16)
	at cucumber.runtime.Utils.invoke(Utils.java:20)
	at cucumber.runtime.java.JavaStepDefinition.execute(JavaStepDefinition.java:49)
	at cucumber.runner.PickleStepDefinitionMatch.runStep(PickleStepDefinitionMatch.java:50)
	at cucumber.runner.TestStep.executeStep(TestStep.java:63)
	at cucumber.runner.TestStep.run(TestStep.java:49)
	at cucumber.runner.PickleStepTestStep.run(PickleStepTestStep.java:43)
	at cucumber.runner.TestCase.run(TestCase.java:44)
	at cucumber.runner.Runner.runPickle(Runner.java:40)
	at cucumber.runtime.Runtime$1.run(Runtime.java:84)
	at cucumber.runtime.Runtime$SameThreadExecutorService.execute(Runtime.java:220)
	at cucumber.runtime.Runtime.run(Runtime.java:81)
	at cucumber.api.cli.Main.run(Main.java:26)
	at cucumber.api.cli.Main$run.call(Unknown Source)
	at com.kms.katalon.core.cucumber.keyword.CucumberBuiltinKeywords$_runFeatureFile_closure1.doCall(CucumberBuiltinKeywords.groovy:106)
	at com.kms.katalon.core.cucumber.keyword.CucumberBuiltinKeywords$_runFeatureFile_closure1.doCall(CucumberBuiltinKeywords.groovy)
	at com.kms.katalon.core.keyword.internal.KeywordMain.runKeyword(KeywordMain.groovy:68)
	at com.kms.katalon.core.keyword.internal.KeywordMain$runKeyword.call(Unknown Source)
	at com.kms.katalon.core.cucumber.keyword.CucumberBuiltinKeywords.runFeatureFile(CucumberBuiltinKeywords.groovy:73)
	at com.kms.katalon.core.cucumber.keyword.CucumberBuiltinKeywords$runFeatureFile$0.callStatic(Unknown Source)
	at com.kms.katalon.core.cucumber.keyword.CucumberBuiltinKeywords.runFeatureFile(CucumberBuiltinKeywords.groovy:246)
	at com.kms.katalon.core.cucumber.keyword.CucumberBuiltinKeywords$runFeatureFile.call(Unknown Source)
	at VKN-Internet.run(VKN-Internet:20)
	at com.kms.katalon.core.main.ScriptEngine.run(ScriptEngine.java:194)
	at com.kms.katalon.core.main.ScriptEngine.runScriptAsRawText(ScriptEngine.java:119)
	at com.kms.katalon.core.main.TestCaseExecutor.runScript(TestCaseExecutor.java:369)
	at com.kms.katalon.core.main.TestCaseExecutor.doExecute(TestCaseExecutor.java:360)
	at com.kms.katalon.core.main.TestCaseExecutor.processExecutionPhase(TestCaseExecutor.java:339)
	at com.kms.katalon.core.main.TestCaseExecutor.accessMainPhase(TestCaseExecutor.java:331)
	at com.kms.katalon.core.main.TestCaseExecutor.execute(TestCaseExecutor.java:248)
	at com.kms.katalon.core.main.TestSuiteExecutor.accessTestCaseMainPhase(TestSuiteExecutor.java:191)
	at com.kms.katalon.core.main.TestSuiteExecutor.accessTestSuiteMainPhase(TestSuiteExecutor.java:140)
	at com.kms.katalon.core.main.TestSuiteExecutor.execute(TestSuiteExecutor.java:89)
	at com.kms.katalon.core.main.TestCaseMain.startTestSuite(TestCaseMain.java:181)
	at com.kms.katalon.core.main.TestCaseMain$startTestSuite$0.call(Unknown Source)
	at TempTestSuite1634814289741.run(TempTestSuite1634814289741.groovy:39)
)

2021-10-21 14:24:52 - [MESSAGE][INFO] - Finding Test Object 'Object Repository/Tablo/DurumBilgisiArsiv'

2021-10-21 14:24:52 - [MESSAGE][INFO] - Checking object

2021-10-21 14:24:52 - [MESSAGE][INFO] - Finding web element from Test Object's properties

2021-10-21 14:24:52 - [MESSAGE][INFO] - Checking timeout

2021-10-21 14:24:52 - [MESSAGE][INFO] - Finding web element with id: 'Object Repository/Tablo/DurumBilgisiArsiv' located by 'By.xpath: //*[@id = 'GridViewEArchiveInvoices_tccell0_9']' in '30' second(s)

2021-10-21 14:24:52 - [MESSAGE][INFO] - Smart Wait Function is triggered

2021-10-21 14:24:52 - [MESSAGE][INFO] - Found 1 web elements with id: 'Object Repository/Tablo/DurumBilgisiArsiv' located by 'By.xpath: //*[@id = 'GridViewEArchiveInvoices_tccell0_9']' in '30' second(s)

2021-10-21 14:24:52 - [MESSAGE][WARNING] - Actual text 'Başarılı' and expected text 'Henüz Sonuçlanmadı' of test object 'Object Repository/Tablo/DurumBilgisiArsiv' are NOT matched. (Root cause: com.kms.katalon.core.exception.StepFailedException: Actual text 'Başarılı' and expected text 'Henüz Sonuçlanmadı' of test object 'Object Repository/Tablo/DurumBilgisiArsiv' are NOT matched.
	at com.kms.katalon.core.webui.keyword.internal.WebUIKeywordMain.stepFailed(WebUIKeywordMain.groovy:64)
	at com.kms.katalon.core.webui.keyword.builtin.VerifyElementTextKeyword$_verifyElementText_closure1.doCall(VerifyElementTextKeyword.groovy:57)
	at com.kms.katalon.core.webui.keyword.builtin.VerifyElementTextKeyword$_verifyElementText_closure1.call(VerifyElementTextKeyword.groovy)
	at com.kms.katalon.core.webui.keyword.internal.WebUIKeywordMain.runKeyword(WebUIKeywordMain.groovy:20)
	at com.kms.katalon.core.webui.keyword.builtin.VerifyElementTextKeyword.verifyElementText(VerifyElementTextKeyword.groovy:72)
	at com.kms.katalon.core.webui.keyword.builtin.VerifyElementTextKeyword.execute(VerifyElementTextKeyword.groovy:40)
	at com.kms.katalon.core.keyword.internal.KeywordExecutor.executeKeywordForPlatform(KeywordExecutor.groovy:73)
	at com.kms.katalon.core.webui.keyword.WebUiBuiltInKeywords.verifyElementText(WebUiBuiltInKeywords.groovy:4733)
	at com.kms.katalon.core.webui.keyword.WebUiBuiltInKeywords$verifyElementText$20.call(Unknown Source)
	at TablodaVeriBasariliMiArsiv.run(TablodaVeriBasariliMiArsiv:22)
	at com.kms.katalon.core.main.ScriptEngine.run(ScriptEngine.java:194)
	at com.kms.katalon.core.main.ScriptEngine.runScriptAsRawText(ScriptEngine.java:119)
	at com.kms.katalon.core.main.TestCaseExecutor.runScript(TestCaseExecutor.java:369)
	at com.kms.katalon.core.main.TestCaseExecutor.doExecute(TestCaseExecutor.java:360)
	at com.kms.katalon.core.main.TestCaseExecutor.processExecutionPhase(TestCaseExecutor.java:339)
	at com.kms.katalon.core.main.TestCaseExecutor.accessMainPhase(TestCaseExecutor.java:331)
	at com.kms.katalon.core.main.TestCaseExecutor.execute(TestCaseExecutor.java:248)
	at com.kms.katalon.core.main.TestCaseMain.runTestCase(TestCaseMain.java:138)
	at com.kms.katalon.core.keyword.builtin.CallTestCaseKeyword$_callTestCase_closure1.doCall(CallTestCaseKeyword.groovy:59)
	at com.kms.katalon.core.keyword.builtin.CallTestCaseKeyword$_callTestCase_closure1.call(CallTestCaseKeyword.groovy)
	at com.kms.katalon.core.keyword.internal.KeywordMain.runKeyword(KeywordMain.groovy:68)
	at com.kms.katalon.core.keyword.builtin.CallTestCaseKeyword.callTestCase(CallTestCaseKeyword.groovy:81)
	at com.kms.katalon.core.keyword.builtin.CallTestCaseKeyword.execute(CallTestCaseKeyword.groovy:44)
	at com.kms.katalon.core.keyword.internal.KeywordExecutor.executeKeywordForPlatform(KeywordExecutor.groovy:73)
	at com.kms.katalon.core.keyword.BuiltinKeywords.callTestCase(BuiltinKeywords.groovy:334)
	at tablo.tablo.tablodaVeriBasariliMiArsiv(tablo.groovy:95)
	at cucumber.runtime.Utils$1.call(Utils.java:26)
	at cucumber.runtime.Timeout.timeout(Timeout.java:16)
	at cucumber.runtime.Utils.invoke(Utils.java:20)
	at cucumber.runtime.java.JavaStepDefinition.execute(JavaStepDefinition.java:49)
	at cucumber.runner.PickleStepDefinitionMatch.runStep(PickleStepDefinitionMatch.java:50)
	at cucumber.runner.TestStep.executeStep(TestStep.java:63)
	at cucumber.runner.TestStep.run(TestStep.java:49)
	at cucumber.runner.PickleStepTestStep.run(PickleStepTestStep.java:43)
	at cucumber.runner.TestCase.run(TestCase.java:44)
	at cucumber.runner.Runner.runPickle(Runner.java:40)
	at cucumber.runtime.Runtime$1.run(Runtime.java:84)
	at cucumber.runtime.Runtime$SameThreadExecutorService.execute(Runtime.java:220)
	at cucumber.runtime.Runtime.run(Runtime.java:81)
	at cucumber.api.cli.Main.run(Main.java:26)
	at cucumber.api.cli.Main$run.call(Unknown Source)
	at com.kms.katalon.core.cucumber.keyword.CucumberBuiltinKeywords$_runFeatureFile_closure1.doCall(CucumberBuiltinKeywords.groovy:106)
	at com.kms.katalon.core.cucumber.keyword.CucumberBuiltinKeywords$_runFeatureFile_closure1.doCall(CucumberBuiltinKeywords.groovy)
	at com.kms.katalon.core.keyword.internal.KeywordMain.runKeyword(KeywordMain.groovy:68)
	at com.kms.katalon.core.keyword.internal.KeywordMain$runKeyword.call(Unknown Source)
	at com.kms.katalon.core.cucumber.keyword.CucumberBuiltinKeywords.runFeatureFile(CucumberBuiltinKeywords.groovy:73)
	at com.kms.katalon.core.cucumber.keyword.CucumberBuiltinKeywords$runFeatureFile$0.callStatic(Unknown Source)
	at com.kms.katalon.core.cucumber.keyword.CucumberBuiltinKeywords.runFeatureFile(CucumberBuiltinKeywords.groovy:246)
	at com.kms.katalon.core.cucumber.keyword.CucumberBuiltinKeywords$runFeatureFile.call(Unknown Source)
	at VKN-Internet.run(VKN-Internet:20)
	at com.kms.katalon.core.main.ScriptEngine.run(ScriptEngine.java:194)
	at com.kms.katalon.core.main.ScriptEngine.runScriptAsRawText(ScriptEngine.java:119)
	at com.kms.katalon.core.main.TestCaseExecutor.runScript(TestCaseExecutor.java:369)
	at com.kms.katalon.core.main.TestCaseExecutor.doExecute(TestCaseExecutor.java:360)
	at com.kms.katalon.core.main.TestCaseExecutor.processExecutionPhase(TestCaseExecutor.java:339)
	at com.kms.katalon.core.main.TestCaseExecutor.accessMainPhase(TestCaseExecutor.java:331)
	at com.kms.katalon.core.main.TestCaseExecutor.execute(TestCaseExecutor.java:248)
	at com.kms.katalon.core.main.TestSuiteExecutor.accessTestCaseMainPhase(TestSuiteExecutor.java:191)
	at com.kms.katalon.core.main.TestSuiteExecutor.accessTestSuiteMainPhase(TestSuiteExecutor.java:140)
	at com.kms.katalon.core.main.TestSuiteExecutor.execute(TestSuiteExecutor.java:89)
	at com.kms.katalon.core.main.TestCaseMain.startTestSuite(TestCaseMain.java:181)
	at com.kms.katalon.core.main.TestCaseMain$startTestSuite$0.call(Unknown Source)
	at TempTestSuite1634814289741.run(TempTestSuite1634814289741.groovy:39)
)

2021-10-21 14:24:52 - [TEST_STEP][PASSED] - Method.TextDegerineEsitElementVarMi(findTestObject("Object Repository/Tablo/DurumBilgisiArsiv"), "Başarılı"): Method.TextDegerineEsitElementVarMi is PASSED

2021-10-21 14:24:52 - [MESSAGE][INFO] - Finding Test Object 'Object Repository/Tablo/DurumBilgisiArsiv'

2021-10-21 14:24:52 - [MESSAGE][INFO] - Checking timeout

2021-10-21 14:24:52 - [MESSAGE][INFO] - Finding web element with id: 'Object Repository/Tablo/DurumBilgisiArsiv' located by 'By.xpath: //*[@id = 'GridViewEArchiveInvoices_tccell0_9']' in '10' second(s)

2021-10-21 14:24:52 - [MESSAGE][INFO] - Smart Wait Function is triggered

2021-10-21 14:24:52 - [MESSAGE][INFO] - Found 1 web elements with id: 'Object Repository/Tablo/DurumBilgisiArsiv' located by 'By.xpath: //*[@id = 'GridViewEArchiveInvoices_tccell0_9']' in '10' second(s)

2021-10-21 14:24:52 - [MESSAGE][PASSED] - Method.TextDegerineEsitElementVarMi is PASSED

2021-10-21 14:24:52 - [MESSAGE][PASSED] - Call Test Case 'Test Cases/Tablo/TablodaVeriBasariliMiArsiv' successfully

2021-10-21 14:24:52 - [MESSAGE][INFO] - Checking called Test Case

2021-10-21 14:24:52 - [MESSAGE][INFO] - Starting to call Test Case 'Test Cases/Kullanici_Islemleri/KullaniciIslemlerindenSecimYapilir'

2021-10-21 14:24:52 - [TEST_CASE][PASSED] - Test Cases/Kullanici_Islemleri/KullaniciIslemlerindenSecimYapilir: Test Cases/Kullanici_Islemleri/KullaniciIslemlerindenSecimYapilir

2021-10-21 14:24:52 - [TEST_STEP][PASSED] - waitForElementClickable(findTestObject("Object Repository/Kullanici_Islemleri/KullaniciIslemleri"), 10): Object 'Object Repository/Kullanici_Islemleri/KullaniciIslemleri' is clickable

2021-10-21 14:24:52 - [MESSAGE][INFO] - Finding Test Object 'Object Repository/Kullanici_Islemleri/KullaniciIslemleri'

2021-10-21 14:24:53 - [MESSAGE][INFO] - Checking object

2021-10-21 14:24:53 - [MESSAGE][INFO] - Checking timeout

2021-10-21 14:24:53 - [MESSAGE][INFO] - Finding web element from Test Object's properties

2021-10-21 14:24:53 - [MESSAGE][INFO] - Checking timeout

2021-10-21 14:24:53 - [MESSAGE][INFO] - Finding web element with id: 'Object Repository/Kullanici_Islemleri/KullaniciIslemleri' located by 'By.cssSelector: .dropdown>a>img' in '10' second(s)

2021-10-21 14:24:53 - [MESSAGE][INFO] - Smart Wait Function is triggered

2021-10-21 14:24:53 - [MESSAGE][INFO] - Found 1 web elements with id: 'Object Repository/Kullanici_Islemleri/KullaniciIslemleri' located by 'By.cssSelector: .dropdown>a>img' in '10' second(s)

2021-10-21 14:24:53 - [MESSAGE][PASSED] - Object 'Object Repository/Kullanici_Islemleri/KullaniciIslemleri' is clickable

2021-10-21 14:24:53 - [TEST_STEP][PASSED] - click(findTestObject("Object Repository/Kullanici_Islemleri/KullaniciIslemleri")): Object: 'Object Repository/Kullanici_Islemleri/KullaniciIslemleri' is clicked on

2021-10-21 14:24:53 - [MESSAGE][INFO] - Finding Test Object 'Object Repository/Kullanici_Islemleri/KullaniciIslemleri'

2021-10-21 14:24:53 - [MESSAGE][INFO] - Checking object

2021-10-21 14:24:53 - [MESSAGE][INFO] - Finding web element from Test Object's properties

2021-10-21 14:24:53 - [MESSAGE][INFO] - Checking timeout

2021-10-21 14:24:53 - [MESSAGE][INFO] - Finding web element with id: 'Object Repository/Kullanici_Islemleri/KullaniciIslemleri' located by 'By.cssSelector: .dropdown>a>img' in '30' second(s)

2021-10-21 14:24:53 - [MESSAGE][INFO] - Smart Wait Function is triggered

2021-10-21 14:24:53 - [MESSAGE][INFO] - Found 1 web elements with id: 'Object Repository/Kullanici_Islemleri/KullaniciIslemleri' located by 'By.cssSelector: .dropdown>a>img' in '30' second(s)

2021-10-21 14:24:53 - [MESSAGE][INFO] - Clicking on object: 'Object Repository/Kullanici_Islemleri/KullaniciIslemleri'

2021-10-21 14:24:53 - [MESSAGE][PASSED] - Object: 'Object Repository/Kullanici_Islemleri/KullaniciIslemleri' is clicked on

2021-10-21 14:24:53 - [TEST_STEP][PASSED] - Method.TextDegerineEsitElementeTikla(findTestObject("Object Repository/Kullanici_Islemleri/Secenekler"), Islem): Method.TextDegerineEsitElementeTikla is PASSED

2021-10-21 14:24:53 - [MESSAGE][INFO] - Finding Test Object 'Object Repository/Kullanici_Islemleri/Secenekler'

2021-10-21 14:24:53 - [MESSAGE][INFO] - Checking timeout

2021-10-21 14:24:53 - [MESSAGE][INFO] - Finding web element with id: 'Object Repository/Kullanici_Islemleri/Secenekler' located by 'By.cssSelector: .nav.navbar-nav.navbar-right li a' in '10' second(s)

2021-10-21 14:24:53 - [MESSAGE][INFO] - Smart Wait Function is triggered

2021-10-21 14:24:54 - [MESSAGE][INFO] - Found 22 web elements with id: 'Object Repository/Kullanici_Islemleri/Secenekler' located by 'By.cssSelector: .nav.navbar-nav.navbar-right li a' in '10' second(s)

2021-10-21 14:24:56 - [MESSAGE][PASSED] - Method.TextDegerineEsitElementeTikla is PASSED

2021-10-21 14:24:56 - [TEST_STEP][PASSED] - verifyElementNotPresent(findTestObject("Object Repository/Kullanici_Islemleri/Secenekler"), 10): Web element with id: 'Object Repository/Kullanici_Islemleri/Secenekler' located by 'By.cssSelector: .nav.navbar-nav.navbar-right li a' is not present after '10' second(s)

2021-10-21 14:24:56 - [MESSAGE][INFO] - Finding Test Object 'Object Repository/Kullanici_Islemleri/Secenekler'

2021-10-21 14:24:56 - [MESSAGE][INFO] - Checking object

2021-10-21 14:24:56 - [MESSAGE][INFO] - Checking timeout

2021-10-21 14:24:56 - [MESSAGE][INFO] - Finding web element with id: 'Object Repository/Kullanici_Islemleri/Secenekler' located by 'By.cssSelector: .nav.navbar-nav.navbar-right li a' in '10' second(s)

2021-10-21 14:24:56 - [MESSAGE][INFO] - Smart Wait Function is triggered

2021-10-21 14:24:56 - [MESSAGE][PASSED] - Web element with id: 'Object Repository/Kullanici_Islemleri/Secenekler' located by 'By.cssSelector: .nav.navbar-nav.navbar-right li a' is not present after '10' second(s)

2021-10-21 14:24:56 - [MESSAGE][PASSED] - Call Test Case 'Test Cases/Kullanici_Islemleri/KullaniciIslemlerindenSecimYapilir' successfully

2021-10-21 14:24:56 - [TEST_CASE][PASSED] - Start Test Case : SCENARIO Gonderim tipi Internet tipinde e-Arsiv faturasi olusturulmasi: SCENARIO Gonderim tipi Internet tipinde e-Arsiv faturasi olusturulmasi

2021-10-21 14:24:56 - [TEST_STEP][PASSED] - Kullanıcı adı ELOGO6 ve Şifre 123456 olarak giriş yapılır: Kullanıcı adı ELOGO6 ve Şifre 123456 olarak giriş yapılır

2021-10-21 14:24:56 - [MESSAGE][PASSED] - Kullanıcı adı ELOGO6 ve Şifre 123456 olarak giriş yapılır

2021-10-21 14:24:56 - [TEST_STEP][PASSED] - Ana menüden e-Arşiv seçilir: Ana menüden e-Arşiv seçilir

2021-10-21 14:24:56 - [MESSAGE][PASSED] - Ana menüden e-Arşiv seçilir

2021-10-21 14:24:56 - [TEST_STEP][PASSED] - Alt menü e-Arşiv Araçları başlığı altındaki e-Arşiv Fatura Oluşturma seçilir: Alt menü e-Arşiv Araçları başlığı altındaki e-Arşiv Fatura Oluşturma seçilir

2021-10-21 14:24:56 - [MESSAGE][PASSED] - Alt menü e-Arşiv Araçları başlığı altındaki e-Arşiv Fatura Oluşturma seçilir

2021-10-21 14:24:56 - [TEST_STEP][PASSED] - Tablodaki tüm veriler silinir: Tablodaki tüm veriler silinir

2021-10-21 14:24:56 - [MESSAGE][PASSED] - Tablodaki tüm veriler silinir

2021-10-21 14:24:56 - [TEST_STEP][PASSED] - Fatura tipi alanından e-Arşiv İnternet seçilir: Fatura tipi alanından e-Arşiv İnternet seçilir

2021-10-21 14:24:56 - [MESSAGE][PASSED] - Fatura tipi alanından e-Arşiv İnternet seçilir

2021-10-21 14:24:56 - [TEST_STEP][PASSED] - Butonlardan Ekle isimli butona tıklanır: Butonlardan Ekle isimli butona tıklanır

2021-10-21 14:24:56 - [MESSAGE][PASSED] - Butonlardan Ekle isimli butona tıklanır

2021-10-21 14:24:56 - [TEST_STEP][PASSED] - Görsel tasarım sayfasının e-Arşiv Fatura (İnternet) Bilgileri başlığını içerdiği kontrol edilir: Görsel tasarım sayfasının e-Arşiv Fatura (İnternet) Bilgileri başlığını içerdiği kontrol edilir

2021-10-21 14:24:56 - [MESSAGE][PASSED] - Görsel tasarım sayfasının e-Arşiv Fatura (İnternet) Bilgileri başlığını içerdiği kontrol edilir

2021-10-21 14:24:56 - [TEST_STEP][PASSED] - Alıcı adı alanına VirgosolArsivVKN girilir: Alıcı adı alanına VirgosolArsivVKN girilir

2021-10-21 14:24:56 - [MESSAGE][PASSED] - Alıcı adı alanına VirgosolArsivVKN girilir

2021-10-21 14:24:56 - [TEST_STEP][PASSED] - Ön Ek INT olarak seçilir: Ön Ek INT olarak seçilir

2021-10-21 14:24:56 - [MESSAGE][PASSED] - Ön Ek INT olarak seçilir

2021-10-21 14:24:56 - [TEST_STEP][PASSED] - Gönderim Şekli Elektronik olarak seçilir: Gönderim Şekli Elektronik olarak seçilir

2021-10-21 14:24:56 - [MESSAGE][PASSED] - Gönderim Şekli Elektronik olarak seçilir

2021-10-21 14:24:56 - [TEST_STEP][PASSED] - Tip alanından Satış seçilir: Tip alanından Satış seçilir

2021-10-21 14:24:56 - [MESSAGE][PASSED] - Tip alanından Satış seçilir

2021-10-21 14:24:56 - [TEST_STEP][PASSED] - Döküman Para Birimi alanından Türk Lirası seçilir: Döküman Para Birimi alanından Türk Lirası seçilir

2021-10-21 14:24:56 - [MESSAGE][PASSED] - Döküman Para Birimi alanından Türk Lirası seçilir

2021-10-21 14:24:56 - [TEST_STEP][PASSED] - Tasarım alanından e-Arşiv Öndeğer Şablon Tasarım seçilir: Tasarım alanından e-Arşiv Öndeğer Şablon Tasarım seçilir

2021-10-21 14:24:56 - [MESSAGE][PASSED] - Tasarım alanından e-Arşiv Öndeğer Şablon Tasarım seçilir

2021-10-21 14:24:56 - [TEST_STEP][PASSED] - Sipariş bilgileri UUC-SAT-1200001 ve 31.06.2021 olarak girilir: Sipariş bilgileri UUC-SAT-1200001 ve 31.06.2021 olarak girilir

2021-10-21 14:24:56 - [MESSAGE][PASSED] - Sipariş bilgileri UUC-SAT-1200001 ve 31.06.2021 olarak girilir

2021-10-21 14:24:56 - [TEST_STEP][PASSED] - İrsaliye Bilgileri AAAAAAAAAA,31.06.2021 olarak girilir: İrsaliye Bilgileri AAAAAAAAAA,31.06.2021 olarak girilir

2021-10-21 14:24:56 - [MESSAGE][PASSED] - İrsaliye Bilgileri AAAAAAAAAA,31.06.2021 olarak girilir

2021-10-21 14:24:56 - [TEST_STEP][PASSED] - e-Arşiv İnternet Bilgileri Kredi Kartı / Banka Kartı,www.elogo.com,1234567806,elogo,Virgosol olarak girilir: e-Arşiv İnternet Bilgileri Kredi Kartı / Banka Kartı,www.elogo.com,1234567806,elogo,Virgosol olarak girilir

2021-10-21 14:24:56 - [MESSAGE][PASSED] - e-Arşiv İnternet Bilgileri Kredi Kartı / Banka Kartı,www.elogo.com,1234567806,elogo,Virgosol olarak girilir

2021-10-21 14:24:56 - [TEST_STEP][PASSED] - Ekle butonuna basılır: Ekle butonuna basılır

2021-10-21 14:24:56 - [MESSAGE][PASSED] - Ekle butonuna basılır

2021-10-21 14:24:56 - [TEST_STEP][PASSED] - Ürün ekleme alanında Mal/Hizmet başlığına Otomasyon girilir: Ürün ekleme alanında Mal/Hizmet başlığına Otomasyon girilir

2021-10-21 14:24:56 - [MESSAGE][PASSED] - Ürün ekleme alanında Mal/Hizmet başlığına Otomasyon girilir

2021-10-21 14:24:56 - [TEST_STEP][PASSED] - Ürün ekleme alanında Açıklaması başlığına Virgosol girilir: Ürün ekleme alanında Açıklaması başlığına Virgosol girilir

2021-10-21 14:24:56 - [MESSAGE][PASSED] - Ürün ekleme alanında Açıklaması başlığına Virgosol girilir

2021-10-21 14:24:56 - [TEST_STEP][PASSED] - Ürün ekleme alanında Miktarı başlığına 400 girilir: Ürün ekleme alanında Miktarı başlığına 400 girilir

2021-10-21 14:24:56 - [MESSAGE][PASSED] - Ürün ekleme alanında Miktarı başlığına 400 girilir

2021-10-21 14:24:56 - [TEST_STEP][PASSED] - Ürün ekleme alanında Birim Fiyat başlığına 100 girilir: Ürün ekleme alanında Birim Fiyat başlığına 100 girilir

2021-10-21 14:24:56 - [MESSAGE][PASSED] - Ürün ekleme alanında Birim Fiyat başlığına 100 girilir

2021-10-21 14:24:56 - [TEST_STEP][PASSED] - Ürün ekleme alanında İskonto Oranı % başlığına 10 girilir: Ürün ekleme alanında İskonto Oranı % başlığına 10 girilir

2021-10-21 14:24:56 - [MESSAGE][PASSED] - Ürün ekleme alanında İskonto Oranı % başlığına 10 girilir

2021-10-21 14:24:56 - [TEST_STEP][PASSED] - Notlar alanına Otomasyon Not girilir: Notlar alanına Otomasyon Not girilir

2021-10-21 14:24:56 - [MESSAGE][PASSED] - Notlar alanına Otomasyon Not girilir

2021-10-21 14:24:56 - [TEST_STEP][PASSED] - Ettn bilgisi kayıt edilir: Ettn bilgisi kayıt edilir

2021-10-21 14:24:56 - [MESSAGE][PASSED] - Ettn bilgisi kayıt edilir

2021-10-21 14:24:56 - [TEST_STEP][PASSED] - Kaydet butonu seçilir: Kaydet butonu seçilir

2021-10-21 14:24:56 - [MESSAGE][PASSED] - Kaydet butonu seçilir

2021-10-21 14:24:56 - [TEST_STEP][PASSED] - Tabloda Ettn bilgisi kaydedilen veri oluşturuldu mu: Tabloda Ettn bilgisi kaydedilen veri oluşturuldu mu

2021-10-21 14:24:56 - [MESSAGE][PASSED] - Tabloda Ettn bilgisi kaydedilen veri oluşturuldu mu

2021-10-21 14:24:56 - [TEST_STEP][PASSED] - Tablodan Ettn bilgisi kaydedilen veri seçilir: Tablodan Ettn bilgisi kaydedilen veri seçilir

2021-10-21 14:24:56 - [MESSAGE][PASSED] - Tablodan Ettn bilgisi kaydedilen veri seçilir

2021-10-21 14:24:56 - [TEST_STEP][PASSED] - Butonlardan Numara Oluştur isimli butona tıklanır: Butonlardan Numara Oluştur isimli butona tıklanır

2021-10-21 14:24:56 - [MESSAGE][PASSED] - Butonlardan Numara Oluştur isimli butona tıklanır

2021-10-21 14:24:56 - [TEST_STEP][PASSED] - Popup mesajı Devam etmek istiyor musunuz içeriyor mu: Popup mesajı Devam etmek istiyor musunuz içeriyor mu

2021-10-21 14:24:56 - [MESSAGE][PASSED] - Popup mesajı Devam etmek istiyor musunuz içeriyor mu

2021-10-21 14:24:56 - [TEST_STEP][PASSED] - Yönetim popupında Evet seçilir: Yönetim popupında Evet seçilir

2021-10-21 14:24:56 - [MESSAGE][PASSED] - Yönetim popupında Evet seçilir

2021-10-21 14:24:56 - [TEST_STEP][PASSED] - Popup mesajı oluşmuştur içeriyor mu: Popup mesajı oluşmuştur içeriyor mu

2021-10-21 14:24:56 - [MESSAGE][PASSED] - Popup mesajı oluşmuştur içeriyor mu

2021-10-21 14:24:56 - [TEST_STEP][PASSED] - Yönetim popupında Tamam seçilir: Yönetim popupında Tamam seçilir

2021-10-21 14:24:56 - [MESSAGE][PASSED] - Yönetim popupında Tamam seçilir

2021-10-21 14:24:56 - [TEST_STEP][PASSED] - Tablodan Ettn bilgisi kaydedilen veri seçilir: Tablodan Ettn bilgisi kaydedilen veri seçilir

2021-10-21 14:24:56 - [MESSAGE][PASSED] - Tablodan Ettn bilgisi kaydedilen veri seçilir

2021-10-21 14:24:56 - [TEST_STEP][PASSED] - Butonlardan Gönder isimli butona tıklanır: Butonlardan Gönder isimli butona tıklanır

2021-10-21 14:24:56 - [MESSAGE][PASSED] - Butonlardan Gönder isimli butona tıklanır

2021-10-21 14:24:56 - [TEST_STEP][PASSED] - Popup mesajı Devam etmek istiyor musunuz içeriyor mu: Popup mesajı Devam etmek istiyor musunuz içeriyor mu

2021-10-21 14:24:56 - [MESSAGE][PASSED] - Popup mesajı Devam etmek istiyor musunuz içeriyor mu

2021-10-21 14:24:56 - [TEST_STEP][PASSED] - Yönetim popupında Evet seçilir: Yönetim popupında Evet seçilir

2021-10-21 14:24:56 - [MESSAGE][PASSED] - Yönetim popupında Evet seçilir

2021-10-21 14:24:56 - [TEST_STEP][PASSED] - Ana menüden e-Arşiv seçilir: Ana menüden e-Arşiv seçilir

2021-10-21 14:24:56 - [MESSAGE][PASSED] - Ana menüden e-Arşiv seçilir

2021-10-21 14:24:56 - [TEST_STEP][PASSED] - Alt menü e-Arşiv Hareketleri başlığı altındaki e-Arşiv Faturaları seçilir: Alt menü e-Arşiv Hareketleri başlığı altındaki e-Arşiv Faturaları seçilir

2021-10-21 14:24:56 - [MESSAGE][PASSED] - Alt menü e-Arşiv Hareketleri başlığı altındaki e-Arşiv Faturaları seçilir

2021-10-21 14:24:56 - [TEST_STEP][PASSED] - Filtrelerden Ettn filtresine Ettn bilgisi yaz: Filtrelerden Ettn filtresine Ettn bilgisi yaz

2021-10-21 14:24:56 - [MESSAGE][PASSED] - Filtrelerden Ettn filtresine Ettn bilgisi yaz

2021-10-21 14:24:56 - [TEST_STEP][PASSED] - Filtre butonlarından Listele seçilir: Filtre butonlarından Listele seçilir

2021-10-21 14:24:56 - [MESSAGE][PASSED] - Filtre butonlarından Listele seçilir

2021-10-21 14:24:56 - [TEST_STEP][PASSED] - Tabloda veri var mı kontrol edilir: Tabloda veri var mı kontrol edilir

2021-10-21 14:24:56 - [MESSAGE][PASSED] - Tabloda veri var mı kontrol edilir

2021-10-21 14:24:56 - [TEST_STEP][PASSED] - Tabloda yeni oluşturulan eArsiv verisi başarılı mı: Tabloda yeni oluşturulan eArsiv verisi başarılı mı

2021-10-21 14:24:56 - [MESSAGE][PASSED] - Tabloda yeni oluşturulan eArsiv verisi başarılı mı

2021-10-21 14:24:56 - [TEST_STEP][PASSED] - Kullanıcı işlemlerinden Çıkış seçilir: Kullanıcı işlemlerinden Çıkış seçilir

2021-10-21 14:24:56 - [MESSAGE][PASSED] - Kullanıcı işlemlerinden Çıkış seçilir

2021-10-21 14:24:56 - [MESSAGE][PASSED] - Feature file: 'Include/features/Regresyon/e-Arsiv/VKN-Internet.feature' was passed

2021-10-21 14:24:56 - [TEST_STEP][PASSED] - Start listener action : sampleAfterTestSuite: Invoke 'com.kms.katalon.core.annotation.AfterTestCase' method: 'Listener.sampleAfterTestSuite(...)' completed.

2021-10-21 14:24:56 - [MESSAGE][INFO] - Starting invoke 'com.kms.katalon.core.annotation.AfterTestCase' method: 'Listener.sampleAfterTestSuite(...)'

2021-10-21 14:24:56 - [TEST_STEP][PASSED] - closeBrowser(): Invoke 'com.kms.katalon.core.annotation.AfterTestCase' method: 'Listener.sampleAfterTestSuite(...)' completed.

2021-10-21 14:24:56 - [MESSAGE][INFO] - Closing browser

2021-10-21 14:24:57 - [MESSAGE][PASSED] - Browser is closed

2021-10-21 14:24:57 - [MESSAGE][INFO] - Invoke 'com.kms.katalon.core.annotation.AfterTestCase' method: 'Listener.sampleAfterTestSuite(...)' completed.]]></system-out>
         <system-err><![CDATA[]]></system-err>
      </testcase>
      <testcase name="Test Cases/Case Repository/Regresyon/e-Arsiv/VKN-Kagit-Hal Komisyoncu" time="113.064" classname="Test Cases/Case Repository/Regresyon/e-Arsiv/VKN-Kagit-Hal Komisyoncu" status="PASSED">
         <system-out><![CDATA[2021-10-21 14:24:57 - [TEST_CASE][PASSED] - Test Cases/Case Repository/Regresyon/e-Arsiv/VKN-Kagit-Hal Komisyoncu: Test Cases/Case Repository/Regresyon/e-Arsiv/VKN-Kagit-Hal Komisyoncu

2021-10-21 14:24:57 - [TEST_STEP][PASSED] - Start listener action : sampleBeforeTestSuite: Invoke 'com.kms.katalon.core.annotation.BeforeTestCase' method: 'Listener.sampleBeforeTestSuite(...)' completed.

2021-10-21 14:24:57 - [MESSAGE][INFO] - Starting invoke 'com.kms.katalon.core.annotation.BeforeTestCase' method: 'Listener.sampleBeforeTestSuite(...)'

2021-10-21 14:24:57 - [TEST_STEP][PASSED] - openBrowser(baseUrl): Browser is opened with url: 'https://efatura-stage.elogo.com.tr/'

2021-10-21 14:24:57 - [MESSAGE][INFO] - Opening browser

2021-10-21 14:24:57 - [MESSAGE][INFO] - Starting 'Chrome' driver

2021-10-21 14:24:57 - [MESSAGE][INFO] - User set preference: ['prefs', '{download.default_directory=C:\otomasyondownfiles}']

2021-10-21 14:24:57 - [MESSAGE][INFO] - Action delay is set to 0 milliseconds

2021-10-21 14:24:59 - [MESSAGE][INFO] - Navigating browser to: 'https://efatura-stage.elogo.com.tr/'

2021-10-21 14:25:01 - [MESSAGE][PASSED] - Browser is opened with url: 'https://efatura-stage.elogo.com.tr/'

2021-10-21 14:25:01 - [TEST_STEP][PASSED] - maximizeWindow(): Invoke 'com.kms.katalon.core.annotation.BeforeTestCase' method: 'Listener.sampleBeforeTestSuite(...)' completed.

2021-10-21 14:25:01 - [MESSAGE][INFO] - Maximizing current window

2021-10-21 14:25:01 - [MESSAGE][PASSED] - Current window maximized

2021-10-21 14:25:01 - [MESSAGE][INFO] - Invoke 'com.kms.katalon.core.annotation.BeforeTestCase' method: 'Listener.sampleBeforeTestSuite(...)' completed.

2021-10-21 14:25:02 - [TEST_STEP][PASSED] - runFeatureFile("Include/features/Regresyon/e-Arsiv/VKN-Kagit-Hal Komisyoncu.feature"): Feature file: 'Include/features/Regresyon/e-Arsiv/VKN-Kagit-Hal Komisyoncu.feature' was passed

2021-10-21 14:25:02 - [MESSAGE][INFO] - Starting run keyword runFeatureFile: 'Include/features/Regresyon/e-Arsiv/VKN-Kagit-Hal Komisyoncu.feature' and extract report to folder: 'C:\Users\DELL\Downloads\EES_Katalon-main\Reports\20211021_140437\Suite Repository\Regresyon-eArsiv-eMakbuz\20211021_140449/cucumber_report/1634815502048'...

2021-10-21 14:25:02 - [MESSAGE][INFO] - Glue: []

2021-10-21 14:25:03 - [MESSAGE][INFO] - Checking called Test Case

2021-10-21 14:25:03 - [MESSAGE][INFO] - Starting to call Test Case 'Test Cases/Sayfalar/Giris_Sayfasi/Login'

2021-10-21 14:25:03 - [TEST_CASE][PASSED] - Test Cases/Sayfalar/Giris_Sayfasi/Login: Test Cases/Sayfalar/Giris_Sayfasi/Login

2021-10-21 14:25:03 - [TEST_STEP][PASSED] - Sayfa_Basligi = getWindowTitle(): Current window's title is: 'LOGO e-Fatura'

2021-10-21 14:25:03 - [MESSAGE][INFO] - Getting current window's title

2021-10-21 14:25:03 - [MESSAGE][PASSED] - Current window's title is: 'LOGO e-Fatura'

2021-10-21 14:25:03 - [TEST_STEP][PASSED] - verifyMatch(Sayfa_Basligi, "LOGO e-Fatura", false): Actual text 'LOGO e-Fatura' and expected text 'LOGO e-Fatura' are matched 

2021-10-21 14:25:03 - [MESSAGE][INFO] - Matching actual text 'LOGO e-Fatura' with expected text 'LOGO e-Fatura'

2021-10-21 14:25:03 - [MESSAGE][PASSED] - Actual text 'LOGO e-Fatura' and expected text 'LOGO e-Fatura' are matched 

2021-10-21 14:25:03 - [TEST_STEP][PASSED] - sendKeys(findTestObject("Sayfalar/Giris_Sayfasi/Firma_Kodu"), KullaniciAdi): Keys 'HALKOMIS' sent to object: 'Object Repository/Sayfalar/Giris_Sayfasi/Firma_Kodu'

2021-10-21 14:25:03 - [MESSAGE][INFO] - Finding Test Object 'Object Repository/Sayfalar/Giris_Sayfasi/Firma_Kodu'

2021-10-21 14:25:03 - [MESSAGE][INFO] - Sending keys 'HALKOMIS' to object: 'Object Repository/Sayfalar/Giris_Sayfasi/Firma_Kodu'

2021-10-21 14:25:03 - [MESSAGE][INFO] - Finding web element from Test Object's properties

2021-10-21 14:25:03 - [MESSAGE][INFO] - Checking timeout

2021-10-21 14:25:03 - [MESSAGE][INFO] - Finding web element with id: 'Object Repository/Sayfalar/Giris_Sayfasi/Firma_Kodu' located by 'By.xpath: //*[@id = 'AccountName']' in '30' second(s)

2021-10-21 14:25:03 - [MESSAGE][INFO] - Smart Wait Function is triggered

2021-10-21 14:25:03 - [MESSAGE][INFO] - Found 1 web elements with id: 'Object Repository/Sayfalar/Giris_Sayfasi/Firma_Kodu' located by 'By.xpath: //*[@id = 'AccountName']' in '30' second(s)

2021-10-21 14:25:03 - [MESSAGE][PASSED] - Keys 'HALKOMIS' sent to object: 'Object Repository/Sayfalar/Giris_Sayfasi/Firma_Kodu'

2021-10-21 14:25:03 - [TEST_STEP][PASSED] - sendKeys(findTestObject("Sayfalar/Giris_Sayfasi/Sifre"), Sifre): Keys 'test1234' sent to object: 'Object Repository/Sayfalar/Giris_Sayfasi/Sifre'

2021-10-21 14:25:03 - [MESSAGE][INFO] - Finding Test Object 'Object Repository/Sayfalar/Giris_Sayfasi/Sifre'

2021-10-21 14:25:03 - [MESSAGE][INFO] - Sending keys 'test1234' to object: 'Object Repository/Sayfalar/Giris_Sayfasi/Sifre'

2021-10-21 14:25:03 - [MESSAGE][INFO] - Finding web element from Test Object's properties

2021-10-21 14:25:03 - [MESSAGE][INFO] - Checking timeout

2021-10-21 14:25:03 - [MESSAGE][INFO] - Finding web element with id: 'Object Repository/Sayfalar/Giris_Sayfasi/Sifre' located by 'By.xpath: //*[@id = 'Password']' in '30' second(s)

2021-10-21 14:25:03 - [MESSAGE][INFO] - Smart Wait Function is triggered

2021-10-21 14:25:03 - [MESSAGE][INFO] - Found 1 web elements with id: 'Object Repository/Sayfalar/Giris_Sayfasi/Sifre' located by 'By.xpath: //*[@id = 'Password']' in '30' second(s)

2021-10-21 14:25:03 - [MESSAGE][PASSED] - Keys 'test1234' sent to object: 'Object Repository/Sayfalar/Giris_Sayfasi/Sifre'

2021-10-21 14:25:03 - [TEST_STEP][PASSED] - findWebElement(findTestObject("Sayfalar/Giris_Sayfasi/Giris_Butonu")).click(): Found 1 web elements with id: 'Object Repository/Sayfalar/Giris_Sayfasi/Giris_Butonu' located by 'By.cssSelector: #btnLogin' in '30' second(s)

2021-10-21 14:25:03 - [MESSAGE][INFO] - Finding Test Object 'Object Repository/Sayfalar/Giris_Sayfasi/Giris_Butonu'

2021-10-21 14:25:04 - [MESSAGE][INFO] - Finding web element from Test Object's properties

2021-10-21 14:25:04 - [MESSAGE][INFO] - Checking timeout

2021-10-21 14:25:04 - [MESSAGE][INFO] - Finding web element with id: 'Object Repository/Sayfalar/Giris_Sayfasi/Giris_Butonu' located by 'By.cssSelector: #btnLogin' in '30' second(s)

2021-10-21 14:25:04 - [MESSAGE][INFO] - Smart Wait Function is triggered

2021-10-21 14:25:04 - [MESSAGE][INFO] - Found 1 web elements with id: 'Object Repository/Sayfalar/Giris_Sayfasi/Giris_Butonu' located by 'By.cssSelector: #btnLogin' in '30' second(s)

2021-10-21 14:25:06 - [TEST_STEP][PASSED] - if (verifyElementPresent(findTestObject("Object Repository/Sayfalar/Giris_Sayfasi/RetveTamam_Butonu"), 5, OPTIONAL)): null

2021-10-21 14:25:06 - [MESSAGE][INFO] - Finding Test Object 'Object Repository/Sayfalar/Giris_Sayfasi/RetveTamam_Butonu'

2021-10-21 14:25:06 - [MESSAGE][INFO] - Checking object

2021-10-21 14:25:06 - [MESSAGE][INFO] - Finding web element from Test Object's properties

2021-10-21 14:25:06 - [MESSAGE][INFO] - Checking timeout

2021-10-21 14:25:06 - [MESSAGE][INFO] - Finding web element with id: 'Object Repository/Sayfalar/Giris_Sayfasi/RetveTamam_Butonu' located by 'By.xpath: //*[@class = 'btn btn-default']' in '5' second(s)

2021-10-21 14:25:06 - [MESSAGE][INFO] - Smart Wait Function is triggered

2021-10-21 14:25:06 - [MESSAGE][INFO] - Found 1 web elements with id: 'Object Repository/Sayfalar/Giris_Sayfasi/RetveTamam_Butonu' located by 'By.xpath: //*[@class = 'btn btn-default']' in '5' second(s)

2021-10-21 14:25:06 - [MESSAGE][PASSED] - Object 'Object Repository/Sayfalar/Giris_Sayfasi/RetveTamam_Butonu' is present

2021-10-21 14:25:06 - [TEST_STEP][PASSED] - click(findTestObject("Object Repository/Sayfalar/Giris_Sayfasi/RetveTamam_Butonu")): Object: 'Object Repository/Sayfalar/Giris_Sayfasi/RetveTamam_Butonu' is clicked on

2021-10-21 14:25:06 - [MESSAGE][INFO] - Finding Test Object 'Object Repository/Sayfalar/Giris_Sayfasi/RetveTamam_Butonu'

2021-10-21 14:25:07 - [MESSAGE][INFO] - Checking object

2021-10-21 14:25:07 - [MESSAGE][INFO] - Finding web element from Test Object's properties

2021-10-21 14:25:07 - [MESSAGE][INFO] - Checking timeout

2021-10-21 14:25:07 - [MESSAGE][INFO] - Finding web element with id: 'Object Repository/Sayfalar/Giris_Sayfasi/RetveTamam_Butonu' located by 'By.xpath: //*[@class = 'btn btn-default']' in '30' second(s)

2021-10-21 14:25:07 - [MESSAGE][INFO] - Smart Wait Function is triggered

2021-10-21 14:25:07 - [MESSAGE][INFO] - Found 1 web elements with id: 'Object Repository/Sayfalar/Giris_Sayfasi/RetveTamam_Butonu' located by 'By.xpath: //*[@class = 'btn btn-default']' in '30' second(s)

2021-10-21 14:25:07 - [MESSAGE][INFO] - Clicking on object: 'Object Repository/Sayfalar/Giris_Sayfasi/RetveTamam_Butonu'

2021-10-21 14:25:07 - [MESSAGE][PASSED] - Object: 'Object Repository/Sayfalar/Giris_Sayfasi/RetveTamam_Butonu' is clicked on

2021-10-21 14:25:07 - [TEST_STEP][PASSED] - click(findTestObject("Object Repository/Sayfalar/Giris_Sayfasi/RetveTamam_Butonu")): Object: 'Object Repository/Sayfalar/Giris_Sayfasi/RetveTamam_Butonu' is clicked on

2021-10-21 14:25:07 - [MESSAGE][INFO] - Finding Test Object 'Object Repository/Sayfalar/Giris_Sayfasi/RetveTamam_Butonu'

2021-10-21 14:25:07 - [MESSAGE][INFO] - Checking object

2021-10-21 14:25:07 - [MESSAGE][INFO] - Finding web element from Test Object's properties

2021-10-21 14:25:07 - [MESSAGE][INFO] - Checking timeout

2021-10-21 14:25:07 - [MESSAGE][INFO] - Finding web element with id: 'Object Repository/Sayfalar/Giris_Sayfasi/RetveTamam_Butonu' located by 'By.xpath: //*[@class = 'btn btn-default']' in '30' second(s)

2021-10-21 14:25:07 - [MESSAGE][INFO] - Smart Wait Function is triggered

2021-10-21 14:25:10 - [MESSAGE][INFO] - Found 1 web elements with id: 'Object Repository/Sayfalar/Giris_Sayfasi/RetveTamam_Butonu' located by 'By.xpath: //*[@class = 'btn btn-default']' in '30' second(s)

2021-10-21 14:25:10 - [MESSAGE][INFO] - Clicking on object: 'Object Repository/Sayfalar/Giris_Sayfasi/RetveTamam_Butonu'

2021-10-21 14:25:10 - [MESSAGE][PASSED] - Object: 'Object Repository/Sayfalar/Giris_Sayfasi/RetveTamam_Butonu' is clicked on

2021-10-21 14:25:10 - [TEST_STEP][PASSED] - if (verifyElementPresent(findTestObject("Sayfalar/Giris_Sayfasi/PopupOK"), 5, OPTIONAL)): null

2021-10-21 14:25:10 - [MESSAGE][INFO] - Finding Test Object 'Object Repository/Sayfalar/Giris_Sayfasi/PopupOK'

2021-10-21 14:25:10 - [MESSAGE][INFO] - Checking object

2021-10-21 14:25:10 - [MESSAGE][INFO] - Finding web element from Test Object's properties

2021-10-21 14:25:10 - [MESSAGE][INFO] - Checking timeout

2021-10-21 14:25:10 - [MESSAGE][INFO] - Finding web element with id: 'Object Repository/Sayfalar/Giris_Sayfasi/PopupOK' located by 'By.cssSelector: .btn.btn-success' in '5' second(s)

2021-10-21 14:25:10 - [MESSAGE][INFO] - Smart Wait Function is triggered

2021-10-21 14:25:11 - [MESSAGE][INFO] - Found 1 web elements with id: 'Object Repository/Sayfalar/Giris_Sayfasi/PopupOK' located by 'By.cssSelector: .btn.btn-success' in '5' second(s)

2021-10-21 14:25:11 - [MESSAGE][PASSED] - Object 'Object Repository/Sayfalar/Giris_Sayfasi/PopupOK' is present

2021-10-21 14:25:11 - [TEST_STEP][PASSED] - click(findTestObject("Object Repository/Sayfalar/Giris_Sayfasi/PopupCarpiGiris")): Object: 'Object Repository/Sayfalar/Giris_Sayfasi/PopupCarpiGiris' is clicked on

2021-10-21 14:25:11 - [MESSAGE][INFO] - Finding Test Object 'Object Repository/Sayfalar/Giris_Sayfasi/PopupCarpiGiris'

2021-10-21 14:25:11 - [MESSAGE][INFO] - Checking object

2021-10-21 14:25:11 - [MESSAGE][INFO] - Finding web element from Test Object's properties

2021-10-21 14:25:11 - [MESSAGE][INFO] - Checking timeout

2021-10-21 14:25:11 - [MESSAGE][INFO] - Finding web element with id: 'Object Repository/Sayfalar/Giris_Sayfasi/PopupCarpiGiris' located by 'By.cssSelector: .bootbox-close-button.close' in '30' second(s)

2021-10-21 14:25:11 - [MESSAGE][INFO] - Smart Wait Function is triggered

2021-10-21 14:25:11 - [MESSAGE][INFO] - Found 1 web elements with id: 'Object Repository/Sayfalar/Giris_Sayfasi/PopupCarpiGiris' located by 'By.cssSelector: .bootbox-close-button.close' in '30' second(s)

2021-10-21 14:25:11 - [MESSAGE][INFO] - Clicking on object: 'Object Repository/Sayfalar/Giris_Sayfasi/PopupCarpiGiris'

2021-10-21 14:25:11 - [MESSAGE][PASSED] - Object: 'Object Repository/Sayfalar/Giris_Sayfasi/PopupCarpiGiris' is clicked on

2021-10-21 14:25:11 - [TEST_STEP][PASSED] - verifyElementVisible(findTestObject("Object Repository/Kullanici_Islemleri/KullaniciIslemleri")): Object 'Object Repository/Kullanici_Islemleri/KullaniciIslemleri' is visible

2021-10-21 14:25:11 - [MESSAGE][INFO] - Finding Test Object 'Object Repository/Kullanici_Islemleri/KullaniciIslemleri'

2021-10-21 14:25:11 - [MESSAGE][INFO] - Checking object

2021-10-21 14:25:11 - [MESSAGE][INFO] - Finding web element from Test Object's properties

2021-10-21 14:25:11 - [MESSAGE][INFO] - Checking timeout

2021-10-21 14:25:11 - [MESSAGE][INFO] - Finding web element with id: 'Object Repository/Kullanici_Islemleri/KullaniciIslemleri' located by 'By.cssSelector: .dropdown>a>img' in '30' second(s)

2021-10-21 14:25:11 - [MESSAGE][INFO] - Smart Wait Function is triggered

2021-10-21 14:25:12 - [MESSAGE][INFO] - Found 1 web elements with id: 'Object Repository/Kullanici_Islemleri/KullaniciIslemleri' located by 'By.cssSelector: .dropdown>a>img' in '30' second(s)

2021-10-21 14:25:12 - [MESSAGE][PASSED] - Object 'Object Repository/Kullanici_Islemleri/KullaniciIslemleri' is visible

2021-10-21 14:25:12 - [MESSAGE][PASSED] - Call Test Case 'Test Cases/Sayfalar/Giris_Sayfasi/Login' successfully

2021-10-21 14:25:12 - [MESSAGE][INFO] - Checking called Test Case

2021-10-21 14:25:12 - [MESSAGE][INFO] - Starting to call Test Case 'Test Cases/Menu/AnaMenuSecimi'

2021-10-21 14:25:12 - [TEST_CASE][PASSED] - Test Cases/Menu/AnaMenuSecimi: Test Cases/Menu/AnaMenuSecimi

2021-10-21 14:25:12 - [TEST_STEP][PASSED] - Method.TextDegerineEsitElementeTikla(findTestObject("Menu/Ana_Menu"), Ana_Menu): Method.TextDegerineEsitElementeTikla is PASSED

2021-10-21 14:25:12 - [MESSAGE][INFO] - Finding Test Object 'Object Repository/Menu/Ana_Menu'

2021-10-21 14:25:12 - [MESSAGE][INFO] - Checking timeout

2021-10-21 14:25:12 - [MESSAGE][INFO] - Finding web element with id: 'Object Repository/Menu/Ana_Menu' located by 'By.xpath: //*[@class = 'dropdown-toggle']' in '10' second(s)

2021-10-21 14:25:12 - [MESSAGE][INFO] - Smart Wait Function is triggered

2021-10-21 14:25:13 - [MESSAGE][INFO] - Found 13 web elements with id: 'Object Repository/Menu/Ana_Menu' located by 'By.xpath: //*[@class = 'dropdown-toggle']' in '10' second(s)

2021-10-21 14:25:13 - [MESSAGE][PASSED] - Method.TextDegerineEsitElementeTikla is PASSED

2021-10-21 14:25:13 - [MESSAGE][PASSED] - Call Test Case 'Test Cases/Menu/AnaMenuSecimi' successfully

2021-10-21 14:25:13 - [MESSAGE][INFO] - Checking called Test Case

2021-10-21 14:25:13 - [MESSAGE][INFO] - Starting to call Test Case 'Test Cases/Menu/BasligaGoreAltMenuSecimi'

2021-10-21 14:25:13 - [TEST_CASE][PASSED] - Test Cases/Menu/BasligaGoreAltMenuSecimi: Test Cases/Menu/BasligaGoreAltMenuSecimi

2021-10-21 14:25:13 - [TEST_STEP][PASSED] - Method.TextDegerineEsitElementinAltindakiTextDegerineEsitOlanaTikla(findTestObject("Menu/Menu_Basligi"), findTestObject("Menu/Basliga_Gore_Alt_Menu"), Baslik, Alt_Menu): Method.TextDegerineEsitElementinAltindakiTextDegerineEsitOlanaTikla is PASSED

2021-10-21 14:25:13 - [MESSAGE][INFO] - Finding Test Object 'Object Repository/Menu/Menu_Basligi'

2021-10-21 14:25:13 - [MESSAGE][INFO] - Finding Test Object 'Object Repository/Menu/Basliga_Gore_Alt_Menu'

2021-10-21 14:25:13 - [MESSAGE][INFO] - Checking timeout

2021-10-21 14:25:13 - [MESSAGE][INFO] - Finding web element with id: 'Object Repository/Menu/Menu_Basligi' located by 'By.xpath: //li[@class='dropdown dropdown-large open']//li[@class='dropdown-header']' in '10' second(s)

2021-10-21 14:25:13 - [MESSAGE][INFO] - Smart Wait Function is triggered

2021-10-21 14:25:13 - [MESSAGE][INFO] - Found 2 web elements with id: 'Object Repository/Menu/Menu_Basligi' located by 'By.xpath: //li[@class='dropdown dropdown-large open']//li[@class='dropdown-header']' in '10' second(s)

2021-10-21 14:25:13 - [MESSAGE][INFO] - Smart Wait Function is triggered

2021-10-21 14:25:16 - [MESSAGE][PASSED] - Method.TextDegerineEsitElementinAltindakiTextDegerineEsitOlanaTikla is PASSED

2021-10-21 14:25:16 - [MESSAGE][PASSED] - Call Test Case 'Test Cases/Menu/BasligaGoreAltMenuSecimi' successfully

2021-10-21 14:25:16 - [MESSAGE][INFO] - Checking called Test Case

2021-10-21 14:25:16 - [MESSAGE][INFO] - Starting to call Test Case 'Test Cases/Tablo/Olusturma Tarihi'

2021-10-21 14:25:16 - [TEST_CASE][PASSED] - Test Cases/Tablo/Olusturma Tarihi: Test Cases/Tablo/Olusturma Tarihi

2021-10-21 14:25:16 - [TEST_STEP][PASSED] - if (verifyTextNotPresent("Görüntülenecek veri yok", true, OPTIONAL)): null

2021-10-21 14:25:16 - [MESSAGE][INFO] - Checking text present  using regular expression

2021-10-21 14:25:16 - [MESSAGE][INFO] - Smart Wait Function is triggered

2021-10-21 14:25:17 - [MESSAGE][INFO] - Finding text 'Görüntülenecek veri yok' on page  using regular expression

2021-10-21 14:25:17 - [MESSAGE][PASSED] - Text 'Görüntülenecek veri yok' is not present on page using regular expression

2021-10-21 14:25:17 - [TEST_STEP][PASSED] - click(findTestObject("Temizle/Olusturma_Tarihi_CheckBox")): Object: 'Object Repository/Temizle/Olusturma_Tarihi_CheckBox' is clicked on

2021-10-21 14:25:17 - [MESSAGE][INFO] - Finding Test Object 'Object Repository/Temizle/Olusturma_Tarihi_CheckBox'

2021-10-21 14:25:17 - [MESSAGE][INFO] - Checking object

2021-10-21 14:25:17 - [MESSAGE][INFO] - Finding web element from Test Object's properties

2021-10-21 14:25:17 - [MESSAGE][INFO] - Checking timeout

2021-10-21 14:25:17 - [MESSAGE][INFO] - Finding web element with id: 'Object Repository/Temizle/Olusturma_Tarihi_CheckBox' located by 'By.xpath: //*[@title = 'Bu sayfadaki tüm satırları Seç']' in '30' second(s)

2021-10-21 14:25:17 - [MESSAGE][INFO] - Smart Wait Function is triggered

2021-10-21 14:25:17 - [MESSAGE][INFO] - Found 1 web elements with id: 'Object Repository/Temizle/Olusturma_Tarihi_CheckBox' located by 'By.xpath: //*[@title = 'Bu sayfadaki tüm satırları Seç']' in '30' second(s)

2021-10-21 14:25:17 - [MESSAGE][INFO] - Clicking on object: 'Object Repository/Temizle/Olusturma_Tarihi_CheckBox'

2021-10-21 14:25:17 - [MESSAGE][PASSED] - Object: 'Object Repository/Temizle/Olusturma_Tarihi_CheckBox' is clicked on

2021-10-21 14:25:17 - [TEST_STEP][PASSED] - Method.TextDegerineEsitElementeTiklaEquals(findTestObject("Butonlar/Butonlar"), "Sil"): Method.TextDegerineEsitElementeTiklaEquals is PASSED

2021-10-21 14:25:17 - [MESSAGE][INFO] - Finding Test Object 'Object Repository/Butonlar/Butonlar'

2021-10-21 14:25:17 - [MESSAGE][INFO] - Checking timeout

2021-10-21 14:25:17 - [MESSAGE][INFO] - Finding web element with id: 'Object Repository/Butonlar/Butonlar' located by 'By.cssSelector: .panel.panel-default.text-center.footerPanel .btn,.btn.btn-primary.btnControls' in '10' second(s)

2021-10-21 14:25:17 - [MESSAGE][INFO] - Smart Wait Function is triggered

2021-10-21 14:25:18 - [MESSAGE][INFO] - Found 10 web elements with id: 'Object Repository/Butonlar/Butonlar' located by 'By.cssSelector: .panel.panel-default.text-center.footerPanel .btn,.btn.btn-primary.btnControls' in '10' second(s)

2021-10-21 14:25:18 - [MESSAGE][PASSED] - Method.TextDegerineEsitElementeTiklaEquals is PASSED

2021-10-21 14:25:18 - [TEST_STEP][PASSED] - Method.TextDegerineEsitElementeTikla(findTestObject("Popup/Popup_Butons"), "Evet"): Method.TextDegerineEsitElementeTikla is PASSED

2021-10-21 14:25:18 - [MESSAGE][INFO] - Finding Test Object 'Object Repository/Popup/Popup_Butons'

2021-10-21 14:25:18 - [MESSAGE][INFO] - Checking timeout

2021-10-21 14:25:18 - [MESSAGE][INFO] - Finding web element with id: 'Object Repository/Popup/Popup_Butons' located by 'By.cssSelector: .modal-footer>button' in '10' second(s)

2021-10-21 14:25:18 - [MESSAGE][INFO] - Smart Wait Function is triggered

2021-10-21 14:25:19 - [MESSAGE][INFO] - Found 2 web elements with id: 'Object Repository/Popup/Popup_Butons' located by 'By.cssSelector: .modal-footer>button' in '10' second(s)

2021-10-21 14:25:19 - [MESSAGE][PASSED] - Method.TextDegerineEsitElementeTikla is PASSED

2021-10-21 14:25:19 - [TEST_STEP][PASSED] - Method.TextDegerineEsitElementeTikla(findTestObject("Popup/Popup_Butons"), "Tamam"): Method.TextDegerineEsitElementeTikla is PASSED

2021-10-21 14:25:19 - [MESSAGE][INFO] - Finding Test Object 'Object Repository/Popup/Popup_Butons'

2021-10-21 14:25:19 - [MESSAGE][INFO] - Checking timeout

2021-10-21 14:25:19 - [MESSAGE][INFO] - Finding web element with id: 'Object Repository/Popup/Popup_Butons' located by 'By.cssSelector: .modal-footer>button' in '10' second(s)

2021-10-21 14:25:19 - [MESSAGE][INFO] - Smart Wait Function is triggered

2021-10-21 14:25:20 - [MESSAGE][INFO] - Found 1 web elements with id: 'Object Repository/Popup/Popup_Butons' located by 'By.cssSelector: .modal-footer>button' in '10' second(s)

2021-10-21 14:25:20 - [MESSAGE][PASSED] - Method.TextDegerineEsitElementeTikla is PASSED

2021-10-21 14:25:20 - [MESSAGE][PASSED] - Call Test Case 'Test Cases/Tablo/Olusturma Tarihi' successfully

2021-10-21 14:25:20 - [MESSAGE][INFO] - Checking called Test Case

2021-10-21 14:25:20 - [MESSAGE][INFO] - Starting to call Test Case 'Test Cases/Butonlar/ButonaTikla'

2021-10-21 14:25:20 - [TEST_CASE][PASSED] - Test Cases/Butonlar/ButonaTikla: Test Cases/Butonlar/ButonaTikla

2021-10-21 14:25:20 - [TEST_STEP][PASSED] - Method.TextDegerineEsitElementeTiklaEquals(findTestObject("Butonlar/Butonlar"), Buton_Adi): Method.TextDegerineEsitElementeTiklaEquals is PASSED

2021-10-21 14:25:20 - [MESSAGE][INFO] - Finding Test Object 'Object Repository/Butonlar/Butonlar'

2021-10-21 14:25:20 - [MESSAGE][INFO] - Checking timeout

2021-10-21 14:25:20 - [MESSAGE][INFO] - Finding web element with id: 'Object Repository/Butonlar/Butonlar' located by 'By.cssSelector: .panel.panel-default.text-center.footerPanel .btn,.btn.btn-primary.btnControls' in '10' second(s)

2021-10-21 14:25:20 - [MESSAGE][INFO] - Smart Wait Function is triggered

2021-10-21 14:25:21 - [MESSAGE][INFO] - Found 10 web elements with id: 'Object Repository/Butonlar/Butonlar' located by 'By.cssSelector: .panel.panel-default.text-center.footerPanel .btn,.btn.btn-primary.btnControls' in '10' second(s)

2021-10-21 14:25:21 - [MESSAGE][PASSED] - Method.TextDegerineEsitElementeTiklaEquals is PASSED

2021-10-21 14:25:21 - [MESSAGE][PASSED] - Call Test Case 'Test Cases/Butonlar/ButonaTikla' successfully

2021-10-21 14:25:21 - [MESSAGE][INFO] - Checking called Test Case

2021-10-21 14:25:21 - [MESSAGE][INFO] - Starting to call Test Case 'Test Cases/Olusturma/Genel/GorselTasarimSayfasıBasligiIceriyorMu'

2021-10-21 14:25:21 - [TEST_CASE][PASSED] - Test Cases/Olusturma/Genel/GorselTasarimSayfasıBasligiIceriyorMu: Test Cases/Olusturma/Genel/GorselTasarimSayfasıBasligiIceriyorMu

2021-10-21 14:25:21 - [TEST_STEP][PASSED] - verifyElementText(findTestObject("Object Repository/Olusturma/Genel/GorselTasarimBaslik"), Baslik): Actual text and expected text of test object 'Object Repository/Olusturma/Genel/GorselTasarimBaslik' are matched.

2021-10-21 14:25:21 - [MESSAGE][INFO] - Finding Test Object 'Object Repository/Olusturma/Genel/GorselTasarimBaslik'

2021-10-21 14:25:21 - [MESSAGE][INFO] - Checking object

2021-10-21 14:25:21 - [MESSAGE][INFO] - Finding web element from Test Object's properties

2021-10-21 14:25:21 - [MESSAGE][INFO] - Checking timeout

2021-10-21 14:25:21 - [MESSAGE][INFO] - Finding web element with id: 'Object Repository/Olusturma/Genel/GorselTasarimBaslik' located by 'By.cssSelector: #flAlici_0>div>span' in '30' second(s)

2021-10-21 14:25:21 - [MESSAGE][INFO] - Smart Wait Function is triggered

2021-10-21 14:25:26 - [MESSAGE][INFO] - Found 1 web elements with id: 'Object Repository/Olusturma/Genel/GorselTasarimBaslik' located by 'By.cssSelector: #flAlici_0>div>span' in '30' second(s)

2021-10-21 14:25:26 - [MESSAGE][PASSED] - Actual text and expected text of test object 'Object Repository/Olusturma/Genel/GorselTasarimBaslik' are matched.

2021-10-21 14:25:26 - [MESSAGE][PASSED] - Call Test Case 'Test Cases/Olusturma/Genel/GorselTasarimSayfasıBasligiIceriyorMu' successfully

2021-10-21 14:25:26 - [MESSAGE][INFO] - Checking called Test Case

2021-10-21 14:25:26 - [MESSAGE][INFO] - Starting to call Test Case 'Test Cases/Olusturma/Genel/AliciSecilir'

2021-10-21 14:25:27 - [TEST_CASE][PASSED] - Test Cases/Olusturma/Genel/AliciSecilir: Test Cases/Olusturma/Genel/AliciSecilir

2021-10-21 14:25:27 - [TEST_STEP][PASSED] - click(findTestObject("Olusturma/Genel/AliciBilgisi/Alici_Ara")): Object: 'Object Repository/Olusturma/Genel/AliciBilgisi/Alici_Ara' is clicked on

2021-10-21 14:25:27 - [MESSAGE][INFO] - Finding Test Object 'Object Repository/Olusturma/Genel/AliciBilgisi/Alici_Ara'

2021-10-21 14:25:27 - [MESSAGE][INFO] - Checking object

2021-10-21 14:25:27 - [MESSAGE][INFO] - Finding web element from Test Object's properties

2021-10-21 14:25:27 - [MESSAGE][INFO] - Checking timeout

2021-10-21 14:25:27 - [MESSAGE][INFO] - Finding web element with id: 'Object Repository/Olusturma/Genel/AliciBilgisi/Alici_Ara' located by 'By.xpath: //td[@id='txtCustomerText_B-1']' in '30' second(s)

2021-10-21 14:25:27 - [MESSAGE][INFO] - Smart Wait Function is triggered

2021-10-21 14:25:27 - [MESSAGE][INFO] - Found 1 web elements with id: 'Object Repository/Olusturma/Genel/AliciBilgisi/Alici_Ara' located by 'By.xpath: //td[@id='txtCustomerText_B-1']' in '30' second(s)

2021-10-21 14:25:27 - [MESSAGE][INFO] - Clicking on object: 'Object Repository/Olusturma/Genel/AliciBilgisi/Alici_Ara'

2021-10-21 14:25:27 - [MESSAGE][PASSED] - Object: 'Object Repository/Olusturma/Genel/AliciBilgisi/Alici_Ara' is clicked on

2021-10-21 14:25:27 - [TEST_STEP][PASSED] - click(findTestObject("Olusturma/Genel/AliciBilgisi/Alici_Bilgisi")): Object: 'Object Repository/Olusturma/Genel/AliciBilgisi/Alici_Bilgisi' is clicked on

2021-10-21 14:25:27 - [MESSAGE][INFO] - Finding Test Object 'Object Repository/Olusturma/Genel/AliciBilgisi/Alici_Bilgisi'

2021-10-21 14:25:27 - [MESSAGE][INFO] - Checking object

2021-10-21 14:25:27 - [MESSAGE][INFO] - Finding web element from Test Object's properties

2021-10-21 14:25:27 - [MESSAGE][INFO] - Checking timeout

2021-10-21 14:25:27 - [MESSAGE][INFO] - Finding web element with id: 'Object Repository/Olusturma/Genel/AliciBilgisi/Alici_Bilgisi' located by 'By.xpath: //iframe[@id='customerselectiframe']' in '30' second(s)

2021-10-21 14:25:27 - [MESSAGE][INFO] - Smart Wait Function is triggered

2021-10-21 14:25:28 - [MESSAGE][INFO] - Found 1 web elements with id: 'Object Repository/Olusturma/Genel/AliciBilgisi/Alici_Bilgisi' located by 'By.xpath: //iframe[@id='customerselectiframe']' in '30' second(s)

2021-10-21 14:25:28 - [MESSAGE][INFO] - Clicking on object: 'Object Repository/Olusturma/Genel/AliciBilgisi/Alici_Bilgisi'

2021-10-21 14:25:28 - [MESSAGE][PASSED] - Object: 'Object Repository/Olusturma/Genel/AliciBilgisi/Alici_Bilgisi' is clicked on

2021-10-21 14:25:28 - [TEST_STEP][PASSED] - setText(findTestObject("Olusturma/Genel/AliciBilgisi/Alici_Gir"), Alici_Adi): Switching to default content

2021-10-21 14:25:28 - [MESSAGE][INFO] - Finding Test Object 'Object Repository/Olusturma/Genel/AliciBilgisi/Alici_Gir'

2021-10-21 14:25:28 - [MESSAGE][INFO] - Finding Test Object 'Object Repository/Olusturma/Genel/AliciBilgisi/Alici_Bilgisi'

2021-10-21 14:25:28 - [MESSAGE][INFO] - Checking object

2021-10-21 14:25:28 - [MESSAGE][INFO] - Checking text

2021-10-21 14:25:28 - [MESSAGE][INFO] - Object: 'Object Repository/Olusturma/Genel/AliciBilgisi/Alici_Gir' has parent object(s)

2021-10-21 14:25:28 - [MESSAGE][INFO] - Switching to iframe: 'Object Repository/Olusturma/Genel/AliciBilgisi/Alici_Bilgisi'

2021-10-21 14:25:28 - [MESSAGE][INFO] - Finding web element from Test Object's properties

2021-10-21 14:25:28 - [MESSAGE][INFO] - Checking timeout

2021-10-21 14:25:28 - [MESSAGE][INFO] - Finding web element with id: 'Object Repository/Olusturma/Genel/AliciBilgisi/Alici_Bilgisi' located by 'By.xpath: //iframe[@id='customerselectiframe']' in '30' second(s)

2021-10-21 14:25:28 - [MESSAGE][INFO] - Smart Wait Function is triggered

2021-10-21 14:25:28 - [MESSAGE][INFO] - Found 1 web elements with id: 'Object Repository/Olusturma/Genel/AliciBilgisi/Alici_Bilgisi' located by 'By.xpath: //iframe[@id='customerselectiframe']' in '30' second(s)

2021-10-21 14:25:28 - [MESSAGE][INFO] - Switched to iframe: 'Object Repository/Olusturma/Genel/AliciBilgisi/Alici_Bilgisi'

2021-10-21 14:25:28 - [MESSAGE][INFO] - Finding web element from Test Object's properties

2021-10-21 14:25:28 - [MESSAGE][INFO] - Checking timeout

2021-10-21 14:25:28 - [MESSAGE][INFO] - Finding web element with id: 'Object Repository/Olusturma/Genel/AliciBilgisi/Alici_Gir' located by 'By.xpath: //input[@id='GridViewCustomer_DXFREditorcol1_I']' in '30' second(s)

2021-10-21 14:25:28 - [MESSAGE][INFO] - Smart Wait Function is triggered

2021-10-21 14:25:28 - [MESSAGE][INFO] - Found 1 web elements with id: 'Object Repository/Olusturma/Genel/AliciBilgisi/Alici_Gir' located by 'By.xpath: //input[@id='GridViewCustomer_DXFREditorcol1_I']' in '30' second(s)

2021-10-21 14:25:28 - [MESSAGE][INFO] - Clearing text of object 'Object Repository/Olusturma/Genel/AliciBilgisi/Alici_Gir'

2021-10-21 14:25:28 - [MESSAGE][INFO] - Finding web element from Test Object's properties

2021-10-21 14:25:28 - [MESSAGE][INFO] - Checking timeout

2021-10-21 14:25:28 - [MESSAGE][INFO] - Finding web element with id: 'Object Repository/Olusturma/Genel/AliciBilgisi/Alici_Gir' located by 'By.xpath: //input[@id='GridViewCustomer_DXFREditorcol1_I']' in '30' second(s)

2021-10-21 14:25:28 - [MESSAGE][INFO] - Smart Wait Function is triggered

2021-10-21 14:25:28 - [MESSAGE][INFO] - Found 1 web elements with id: 'Object Repository/Olusturma/Genel/AliciBilgisi/Alici_Gir' located by 'By.xpath: //input[@id='GridViewCustomer_DXFREditorcol1_I']' in '30' second(s)

2021-10-21 14:25:28 - [MESSAGE][INFO] - Setting text of object 'Object Repository/Olusturma/Genel/AliciBilgisi/Alici_Gir' to value 'UC0009'

2021-10-21 14:25:28 - [MESSAGE][PASSED] - Text 'UC0009' is set on object 'Object Repository/Olusturma/Genel/AliciBilgisi/Alici_Gir'

2021-10-21 14:25:28 - [MESSAGE][INFO] - Switching to default content

2021-10-21 14:25:28 - [TEST_STEP][PASSED] - waitForElementClickable(findTestObject("Olusturma/Genel/AliciBilgisi/Alici_Adi"), 10): Switching to default content

2021-10-21 14:25:28 - [MESSAGE][INFO] - Finding Test Object 'Object Repository/Olusturma/Genel/AliciBilgisi/Alici_Adi'

2021-10-21 14:25:29 - [MESSAGE][INFO] - Finding Test Object 'Object Repository/Olusturma/Genel/AliciBilgisi/iframe_Alc Bilgisi_customerselectiframe'

2021-10-21 14:25:29 - [MESSAGE][INFO] - Checking object

2021-10-21 14:25:29 - [MESSAGE][INFO] - Checking timeout

2021-10-21 14:25:29 - [MESSAGE][INFO] - Object: 'Object Repository/Olusturma/Genel/AliciBilgisi/Alici_Adi' has parent object(s)

2021-10-21 14:25:29 - [MESSAGE][INFO] - Switching to iframe: 'Object Repository/Olusturma/Genel/AliciBilgisi/iframe_Alc Bilgisi_customerselectiframe'

2021-10-21 14:25:29 - [MESSAGE][INFO] - Finding web element from Test Object's properties

2021-10-21 14:25:29 - [MESSAGE][INFO] - Checking timeout

2021-10-21 14:25:29 - [MESSAGE][INFO] - Finding web element with id: 'Object Repository/Olusturma/Genel/AliciBilgisi/iframe_Alc Bilgisi_customerselectiframe' located by 'By.xpath: //iframe[@id='customerselectiframe']' in '10' second(s)

2021-10-21 14:25:29 - [MESSAGE][INFO] - Smart Wait Function is triggered

2021-10-21 14:25:29 - [MESSAGE][INFO] - Found 1 web elements with id: 'Object Repository/Olusturma/Genel/AliciBilgisi/iframe_Alc Bilgisi_customerselectiframe' located by 'By.xpath: //iframe[@id='customerselectiframe']' in '10' second(s)

2021-10-21 14:25:29 - [MESSAGE][INFO] - Switched to iframe: 'Object Repository/Olusturma/Genel/AliciBilgisi/iframe_Alc Bilgisi_customerselectiframe'

2021-10-21 14:25:29 - [MESSAGE][INFO] - Finding web element from Test Object's properties

2021-10-21 14:25:29 - [MESSAGE][INFO] - Checking timeout

2021-10-21 14:25:29 - [MESSAGE][INFO] - Finding web element with id: 'Object Repository/Olusturma/Genel/AliciBilgisi/Alici_Adi' located by 'By.xpath: //tr[@id='GridViewCustomer_DXDataRow0']/td[2]' in '10' second(s)

2021-10-21 14:25:29 - [MESSAGE][INFO] - Smart Wait Function is triggered

2021-10-21 14:25:29 - [MESSAGE][INFO] - Found 1 web elements with id: 'Object Repository/Olusturma/Genel/AliciBilgisi/Alici_Adi' located by 'By.xpath: //tr[@id='GridViewCustomer_DXDataRow0']/td[2]' in '10' second(s)

2021-10-21 14:25:29 - [MESSAGE][PASSED] - Object 'Object Repository/Olusturma/Genel/AliciBilgisi/Alici_Adi' is clickable

2021-10-21 14:25:29 - [MESSAGE][INFO] - Switching to default content

2021-10-21 14:25:29 - [TEST_STEP][PASSED] - click(findTestObject("Olusturma/Genel/AliciBilgisi/frame")): Switching to default content

2021-10-21 14:25:29 - [MESSAGE][INFO] - Finding Test Object 'Object Repository/Olusturma/Genel/AliciBilgisi/frame'

2021-10-21 14:25:29 - [MESSAGE][INFO] - Finding Test Object 'Object Repository/Olusturma/Genel/AliciBilgisi/iframe_Alc Bilgisi_customerselectiframe'

2021-10-21 14:25:29 - [MESSAGE][INFO] - Checking object

2021-10-21 14:25:29 - [MESSAGE][INFO] - Object: 'Object Repository/Olusturma/Genel/AliciBilgisi/frame' has parent object(s)

2021-10-21 14:25:29 - [MESSAGE][INFO] - Switching to iframe: 'Object Repository/Olusturma/Genel/AliciBilgisi/iframe_Alc Bilgisi_customerselectiframe'

2021-10-21 14:25:29 - [MESSAGE][INFO] - Finding web element from Test Object's properties

2021-10-21 14:25:29 - [MESSAGE][INFO] - Checking timeout

2021-10-21 14:25:29 - [MESSAGE][INFO] - Finding web element with id: 'Object Repository/Olusturma/Genel/AliciBilgisi/iframe_Alc Bilgisi_customerselectiframe' located by 'By.xpath: //iframe[@id='customerselectiframe']' in '30' second(s)

2021-10-21 14:25:29 - [MESSAGE][INFO] - Smart Wait Function is triggered

2021-10-21 14:25:30 - [MESSAGE][INFO] - Found 1 web elements with id: 'Object Repository/Olusturma/Genel/AliciBilgisi/iframe_Alc Bilgisi_customerselectiframe' located by 'By.xpath: //iframe[@id='customerselectiframe']' in '30' second(s)

2021-10-21 14:25:30 - [MESSAGE][INFO] - Switched to iframe: 'Object Repository/Olusturma/Genel/AliciBilgisi/iframe_Alc Bilgisi_customerselectiframe'

2021-10-21 14:25:30 - [MESSAGE][INFO] - Finding web element from Test Object's properties

2021-10-21 14:25:30 - [MESSAGE][INFO] - Checking timeout

2021-10-21 14:25:30 - [MESSAGE][INFO] - Finding web element with id: 'Object Repository/Olusturma/Genel/AliciBilgisi/frame' located by 'By.xpath: //*/text()[normalize-space(.)='']/parent::*' in '30' second(s)

2021-10-21 14:25:30 - [MESSAGE][INFO] - Smart Wait Function is triggered

2021-10-21 14:25:30 - [MESSAGE][INFO] - Found 66 web elements with id: 'Object Repository/Olusturma/Genel/AliciBilgisi/frame' located by 'By.xpath: //*/text()[normalize-space(.)='']/parent::*' in '30' second(s)

2021-10-21 14:25:30 - [MESSAGE][INFO] - Clicking on object: 'Object Repository/Olusturma/Genel/AliciBilgisi/frame'

2021-10-21 14:25:30 - [MESSAGE][PASSED] - Object: 'Object Repository/Olusturma/Genel/AliciBilgisi/frame' is clicked on

2021-10-21 14:25:30 - [MESSAGE][INFO] - Switching to default content

2021-10-21 14:25:30 - [TEST_STEP][PASSED] - click(findTestObject("Olusturma/Genel/AliciBilgisi/Alici_Adi")): Switching to default content

2021-10-21 14:25:30 - [MESSAGE][INFO] - Finding Test Object 'Object Repository/Olusturma/Genel/AliciBilgisi/Alici_Adi'

2021-10-21 14:25:30 - [MESSAGE][INFO] - Finding Test Object 'Object Repository/Olusturma/Genel/AliciBilgisi/iframe_Alc Bilgisi_customerselectiframe'

2021-10-21 14:25:30 - [MESSAGE][INFO] - Checking object

2021-10-21 14:25:30 - [MESSAGE][INFO] - Object: 'Object Repository/Olusturma/Genel/AliciBilgisi/Alici_Adi' has parent object(s)

2021-10-21 14:25:30 - [MESSAGE][INFO] - Switching to iframe: 'Object Repository/Olusturma/Genel/AliciBilgisi/iframe_Alc Bilgisi_customerselectiframe'

2021-10-21 14:25:30 - [MESSAGE][INFO] - Finding web element from Test Object's properties

2021-10-21 14:25:30 - [MESSAGE][INFO] - Checking timeout

2021-10-21 14:25:30 - [MESSAGE][INFO] - Finding web element with id: 'Object Repository/Olusturma/Genel/AliciBilgisi/iframe_Alc Bilgisi_customerselectiframe' located by 'By.xpath: //iframe[@id='customerselectiframe']' in '30' second(s)

2021-10-21 14:25:30 - [MESSAGE][INFO] - Smart Wait Function is triggered

2021-10-21 14:25:30 - [MESSAGE][INFO] - Found 1 web elements with id: 'Object Repository/Olusturma/Genel/AliciBilgisi/iframe_Alc Bilgisi_customerselectiframe' located by 'By.xpath: //iframe[@id='customerselectiframe']' in '30' second(s)

2021-10-21 14:25:31 - [MESSAGE][INFO] - Switched to iframe: 'Object Repository/Olusturma/Genel/AliciBilgisi/iframe_Alc Bilgisi_customerselectiframe'

2021-10-21 14:25:31 - [MESSAGE][INFO] - Finding web element from Test Object's properties

2021-10-21 14:25:31 - [MESSAGE][INFO] - Checking timeout

2021-10-21 14:25:31 - [MESSAGE][INFO] - Finding web element with id: 'Object Repository/Olusturma/Genel/AliciBilgisi/Alici_Adi' located by 'By.xpath: //tr[@id='GridViewCustomer_DXDataRow0']/td[2]' in '30' second(s)

2021-10-21 14:25:31 - [MESSAGE][INFO] - Smart Wait Function is triggered

2021-10-21 14:25:31 - [MESSAGE][INFO] - Found 1 web elements with id: 'Object Repository/Olusturma/Genel/AliciBilgisi/Alici_Adi' located by 'By.xpath: //tr[@id='GridViewCustomer_DXDataRow0']/td[2]' in '30' second(s)

2021-10-21 14:25:31 - [MESSAGE][INFO] - Clicking on object: 'Object Repository/Olusturma/Genel/AliciBilgisi/Alici_Adi'

2021-10-21 14:25:31 - [MESSAGE][PASSED] - Object: 'Object Repository/Olusturma/Genel/AliciBilgisi/Alici_Adi' is clicked on

2021-10-21 14:25:31 - [MESSAGE][INFO] - Switching to default content

2021-10-21 14:25:31 - [TEST_STEP][PASSED] - click(findTestObject("Olusturma/Genel/AliciBilgisi/Tamam_Bosluk")): Switching to default content

2021-10-21 14:25:31 - [MESSAGE][INFO] - Finding Test Object 'Object Repository/Olusturma/Genel/AliciBilgisi/Tamam_Bosluk'

2021-10-21 14:25:31 - [MESSAGE][INFO] - Finding Test Object 'Object Repository/Olusturma/Genel/AliciBilgisi/Alici_Bilgisi'

2021-10-21 14:25:31 - [MESSAGE][INFO] - Checking object

2021-10-21 14:25:31 - [MESSAGE][INFO] - Object: 'Object Repository/Olusturma/Genel/AliciBilgisi/Tamam_Bosluk' has parent object(s)

2021-10-21 14:25:31 - [MESSAGE][INFO] - Switching to iframe: 'Object Repository/Olusturma/Genel/AliciBilgisi/Alici_Bilgisi'

2021-10-21 14:25:31 - [MESSAGE][INFO] - Finding web element from Test Object's properties

2021-10-21 14:25:31 - [MESSAGE][INFO] - Checking timeout

2021-10-21 14:25:31 - [MESSAGE][INFO] - Finding web element with id: 'Object Repository/Olusturma/Genel/AliciBilgisi/Alici_Bilgisi' located by 'By.xpath: //iframe[@id='customerselectiframe']' in '30' second(s)

2021-10-21 14:25:31 - [MESSAGE][INFO] - Smart Wait Function is triggered

2021-10-21 14:25:31 - [MESSAGE][INFO] - Found 1 web elements with id: 'Object Repository/Olusturma/Genel/AliciBilgisi/Alici_Bilgisi' located by 'By.xpath: //iframe[@id='customerselectiframe']' in '30' second(s)

2021-10-21 14:25:31 - [MESSAGE][INFO] - Switched to iframe: 'Object Repository/Olusturma/Genel/AliciBilgisi/Alici_Bilgisi'

2021-10-21 14:25:31 - [MESSAGE][INFO] - Finding web element from Test Object's properties

2021-10-21 14:25:31 - [MESSAGE][INFO] - Checking timeout

2021-10-21 14:25:31 - [MESSAGE][INFO] - Finding web element with id: 'Object Repository/Olusturma/Genel/AliciBilgisi/Tamam_Bosluk' located by 'By.xpath: (.//*[normalize-space(text()) and normalize-space(.)='Sayfa Boyutu:'])[1]/following::div[7]' in '30' second(s)

2021-10-21 14:25:31 - [MESSAGE][INFO] - Smart Wait Function is triggered

2021-10-21 14:25:31 - [MESSAGE][INFO] - Found 1 web elements with id: 'Object Repository/Olusturma/Genel/AliciBilgisi/Tamam_Bosluk' located by 'By.xpath: (.//*[normalize-space(text()) and normalize-space(.)='Sayfa Boyutu:'])[1]/following::div[7]' in '30' second(s)

2021-10-21 14:25:31 - [MESSAGE][INFO] - Clicking on object: 'Object Repository/Olusturma/Genel/AliciBilgisi/Tamam_Bosluk'

2021-10-21 14:25:32 - [MESSAGE][PASSED] - Object: 'Object Repository/Olusturma/Genel/AliciBilgisi/Tamam_Bosluk' is clicked on

2021-10-21 14:25:32 - [MESSAGE][INFO] - Switching to default content

2021-10-21 14:25:32 - [TEST_STEP][PASSED] - waitForElementClickable(findTestObject("Olusturma/Genel/AliciBilgisi/Tamam_Butonu"), 10): Switching to default content

2021-10-21 14:25:32 - [MESSAGE][INFO] - Finding Test Object 'Object Repository/Olusturma/Genel/AliciBilgisi/Tamam_Butonu'

2021-10-21 14:25:32 - [MESSAGE][INFO] - Finding Test Object 'Object Repository/Olusturma/Genel/AliciBilgisi/Alici_Bilgisi'

2021-10-21 14:25:32 - [MESSAGE][INFO] - Checking object

2021-10-21 14:25:32 - [MESSAGE][INFO] - Checking timeout

2021-10-21 14:25:32 - [MESSAGE][INFO] - Object: 'Object Repository/Olusturma/Genel/AliciBilgisi/Tamam_Butonu' has parent object(s)

2021-10-21 14:25:32 - [MESSAGE][INFO] - Switching to iframe: 'Object Repository/Olusturma/Genel/AliciBilgisi/Alici_Bilgisi'

2021-10-21 14:25:32 - [MESSAGE][INFO] - Finding web element from Test Object's properties

2021-10-21 14:25:32 - [MESSAGE][INFO] - Checking timeout

2021-10-21 14:25:32 - [MESSAGE][INFO] - Finding web element with id: 'Object Repository/Olusturma/Genel/AliciBilgisi/Alici_Bilgisi' located by 'By.xpath: //iframe[@id='customerselectiframe']' in '10' second(s)

2021-10-21 14:25:32 - [MESSAGE][INFO] - Smart Wait Function is triggered

2021-10-21 14:25:32 - [MESSAGE][INFO] - Found 1 web elements with id: 'Object Repository/Olusturma/Genel/AliciBilgisi/Alici_Bilgisi' located by 'By.xpath: //iframe[@id='customerselectiframe']' in '10' second(s)

2021-10-21 14:25:32 - [MESSAGE][INFO] - Switched to iframe: 'Object Repository/Olusturma/Genel/AliciBilgisi/Alici_Bilgisi'

2021-10-21 14:25:32 - [MESSAGE][INFO] - Finding web element from Test Object's properties

2021-10-21 14:25:32 - [MESSAGE][INFO] - Checking timeout

2021-10-21 14:25:32 - [MESSAGE][INFO] - Finding web element with id: 'Object Repository/Olusturma/Genel/AliciBilgisi/Tamam_Butonu' located by 'By.xpath: //div[@id='btnSelectCustomer_CD']/span' in '10' second(s)

2021-10-21 14:25:32 - [MESSAGE][INFO] - Smart Wait Function is triggered

2021-10-21 14:25:32 - [MESSAGE][INFO] - Found 1 web elements with id: 'Object Repository/Olusturma/Genel/AliciBilgisi/Tamam_Butonu' located by 'By.xpath: //div[@id='btnSelectCustomer_CD']/span' in '10' second(s)

2021-10-21 14:25:32 - [MESSAGE][PASSED] - Object 'Object Repository/Olusturma/Genel/AliciBilgisi/Tamam_Butonu' is clickable

2021-10-21 14:25:32 - [MESSAGE][INFO] - Switching to default content

2021-10-21 14:25:32 - [TEST_STEP][PASSED] - click(findTestObject("Olusturma/Genel/AliciBilgisi/Tamam_Butonu")): Switching to default content

2021-10-21 14:25:32 - [MESSAGE][INFO] - Finding Test Object 'Object Repository/Olusturma/Genel/AliciBilgisi/Tamam_Butonu'

2021-10-21 14:25:32 - [MESSAGE][INFO] - Finding Test Object 'Object Repository/Olusturma/Genel/AliciBilgisi/Alici_Bilgisi'

2021-10-21 14:25:33 - [MESSAGE][INFO] - Checking object

2021-10-21 14:25:33 - [MESSAGE][INFO] - Object: 'Object Repository/Olusturma/Genel/AliciBilgisi/Tamam_Butonu' has parent object(s)

2021-10-21 14:25:33 - [MESSAGE][INFO] - Switching to iframe: 'Object Repository/Olusturma/Genel/AliciBilgisi/Alici_Bilgisi'

2021-10-21 14:25:33 - [MESSAGE][INFO] - Finding web element from Test Object's properties

2021-10-21 14:25:33 - [MESSAGE][INFO] - Checking timeout

2021-10-21 14:25:33 - [MESSAGE][INFO] - Finding web element with id: 'Object Repository/Olusturma/Genel/AliciBilgisi/Alici_Bilgisi' located by 'By.xpath: //iframe[@id='customerselectiframe']' in '30' second(s)

2021-10-21 14:25:33 - [MESSAGE][INFO] - Smart Wait Function is triggered

2021-10-21 14:25:33 - [MESSAGE][INFO] - Found 1 web elements with id: 'Object Repository/Olusturma/Genel/AliciBilgisi/Alici_Bilgisi' located by 'By.xpath: //iframe[@id='customerselectiframe']' in '30' second(s)

2021-10-21 14:25:33 - [MESSAGE][INFO] - Switched to iframe: 'Object Repository/Olusturma/Genel/AliciBilgisi/Alici_Bilgisi'

2021-10-21 14:25:33 - [MESSAGE][INFO] - Finding web element from Test Object's properties

2021-10-21 14:25:33 - [MESSAGE][INFO] - Checking timeout

2021-10-21 14:25:33 - [MESSAGE][INFO] - Finding web element with id: 'Object Repository/Olusturma/Genel/AliciBilgisi/Tamam_Butonu' located by 'By.xpath: //div[@id='btnSelectCustomer_CD']/span' in '30' second(s)

2021-10-21 14:25:33 - [MESSAGE][INFO] - Smart Wait Function is triggered

2021-10-21 14:25:33 - [MESSAGE][INFO] - Found 1 web elements with id: 'Object Repository/Olusturma/Genel/AliciBilgisi/Tamam_Butonu' located by 'By.xpath: //div[@id='btnSelectCustomer_CD']/span' in '30' second(s)

2021-10-21 14:25:33 - [MESSAGE][INFO] - Clicking on object: 'Object Repository/Olusturma/Genel/AliciBilgisi/Tamam_Butonu'

2021-10-21 14:25:33 - [MESSAGE][PASSED] - Object: 'Object Repository/Olusturma/Genel/AliciBilgisi/Tamam_Butonu' is clicked on

2021-10-21 14:25:33 - [MESSAGE][INFO] - Switching to default content

2021-10-21 14:25:33 - [TEST_STEP][PASSED] - waitForElementPresent(findTestObject("Olusturma/Genel/AliciBilgisi/VKN-TCKN"), 10): Object 'Object Repository/Olusturma/Genel/AliciBilgisi/VKN-TCKN' is present

2021-10-21 14:25:33 - [MESSAGE][INFO] - Finding Test Object 'Object Repository/Olusturma/Genel/AliciBilgisi/VKN-TCKN'

2021-10-21 14:25:33 - [MESSAGE][INFO] - Checking object

2021-10-21 14:25:33 - [MESSAGE][INFO] - Finding web element from Test Object's properties

2021-10-21 14:25:33 - [MESSAGE][INFO] - Checking timeout

2021-10-21 14:25:33 - [MESSAGE][INFO] - Finding web element with id: 'Object Repository/Olusturma/Genel/AliciBilgisi/VKN-TCKN' located by 'By.xpath: //*[@id = 'txtVknTckn_I']' in '10' second(s)

2021-10-21 14:25:33 - [MESSAGE][INFO] - Smart Wait Function is triggered

2021-10-21 14:25:34 - [MESSAGE][INFO] - Found 1 web elements with id: 'Object Repository/Olusturma/Genel/AliciBilgisi/VKN-TCKN' located by 'By.xpath: //*[@id = 'txtVknTckn_I']' in '10' second(s)

2021-10-21 14:25:34 - [MESSAGE][PASSED] - Object 'Object Repository/Olusturma/Genel/AliciBilgisi/VKN-TCKN' is present

2021-10-21 14:25:34 - [TEST_STEP][PASSED] - text = getAttribute(findTestObject("Olusturma/Genel/AliciBilgisi/VKN-TCKN"), "value"): Attribute 'value' of object 'Object Repository/Olusturma/Genel/AliciBilgisi/VKN-TCKN' is: '5325011910'

2021-10-21 14:25:34 - [MESSAGE][INFO] - Finding Test Object 'Object Repository/Olusturma/Genel/AliciBilgisi/VKN-TCKN'

2021-10-21 14:25:34 - [MESSAGE][INFO] - Checking object

2021-10-21 14:25:34 - [MESSAGE][INFO] - Checking attribute

2021-10-21 14:25:34 - [MESSAGE][INFO] - Finding web element from Test Object's properties

2021-10-21 14:25:34 - [MESSAGE][INFO] - Checking timeout

2021-10-21 14:25:34 - [MESSAGE][INFO] - Finding web element with id: 'Object Repository/Olusturma/Genel/AliciBilgisi/VKN-TCKN' located by 'By.xpath: //*[@id = 'txtVknTckn_I']' in '30' second(s)

2021-10-21 14:25:34 - [MESSAGE][INFO] - Smart Wait Function is triggered

2021-10-21 14:25:34 - [MESSAGE][INFO] - Found 1 web elements with id: 'Object Repository/Olusturma/Genel/AliciBilgisi/VKN-TCKN' located by 'By.xpath: //*[@id = 'txtVknTckn_I']' in '30' second(s)

2021-10-21 14:25:34 - [MESSAGE][INFO] - Getting attribute 'value' of object 'Object Repository/Olusturma/Genel/AliciBilgisi/VKN-TCKN'

2021-10-21 14:25:34 - [MESSAGE][PASSED] - Attribute 'value' of object 'Object Repository/Olusturma/Genel/AliciBilgisi/VKN-TCKN' is: '5325011910'

2021-10-21 14:25:34 - [TEST_STEP][PASSED] - if (text.equals("")): null

2021-10-21 14:25:34 - [MESSAGE][PASSED] - Call Test Case 'Test Cases/Olusturma/Genel/AliciSecilir' successfully

2021-10-21 14:25:34 - [MESSAGE][INFO] - Checking called Test Case

2021-10-21 14:25:34 - [MESSAGE][INFO] - Starting to call Test Case 'Test Cases/Olusturma/Genel/GonderimSekliSecilir'

2021-10-21 14:25:34 - [TEST_CASE][PASSED] - Test Cases/Olusturma/Genel/GonderimSekliSecilir: Test Cases/Olusturma/Genel/GonderimSekliSecilir

2021-10-21 14:25:34 - [TEST_STEP][PASSED] - waitForElementClickable(findTestObject("Object Repository/Olusturma/Genel/GonderimSekli/GonderimSekli"), 10): Object 'Object Repository/Olusturma/Genel/GonderimSekli/GonderimSekli' is clickable

2021-10-21 14:25:34 - [MESSAGE][INFO] - Finding Test Object 'Object Repository/Olusturma/Genel/GonderimSekli/GonderimSekli'

2021-10-21 14:25:35 - [MESSAGE][INFO] - Checking object

2021-10-21 14:25:35 - [MESSAGE][INFO] - Checking timeout

2021-10-21 14:25:35 - [MESSAGE][INFO] - Finding web element from Test Object's properties

2021-10-21 14:25:35 - [MESSAGE][INFO] - Checking timeout

2021-10-21 14:25:35 - [MESSAGE][INFO] - Finding web element with id: 'Object Repository/Olusturma/Genel/GonderimSekli/GonderimSekli' located by 'By.xpath: //*[@id = 'txtGonderimSekil_I']' in '10' second(s)

2021-10-21 14:25:35 - [MESSAGE][INFO] - Smart Wait Function is triggered

2021-10-21 14:25:35 - [MESSAGE][INFO] - Found 1 web elements with id: 'Object Repository/Olusturma/Genel/GonderimSekli/GonderimSekli' located by 'By.xpath: //*[@id = 'txtGonderimSekil_I']' in '10' second(s)

2021-10-21 14:25:35 - [MESSAGE][PASSED] - Object 'Object Repository/Olusturma/Genel/GonderimSekli/GonderimSekli' is clickable

2021-10-21 14:25:35 - [TEST_STEP][PASSED] - click(findTestObject("Object Repository/Olusturma/Genel/GonderimSekli/GonderimSekli")): Object: 'Object Repository/Olusturma/Genel/GonderimSekli/GonderimSekli' is clicked on

2021-10-21 14:25:35 - [MESSAGE][INFO] - Finding Test Object 'Object Repository/Olusturma/Genel/GonderimSekli/GonderimSekli'

2021-10-21 14:25:35 - [MESSAGE][INFO] - Checking object

2021-10-21 14:25:35 - [MESSAGE][INFO] - Finding web element from Test Object's properties

2021-10-21 14:25:35 - [MESSAGE][INFO] - Checking timeout

2021-10-21 14:25:35 - [MESSAGE][INFO] - Finding web element with id: 'Object Repository/Olusturma/Genel/GonderimSekli/GonderimSekli' located by 'By.xpath: //*[@id = 'txtGonderimSekil_I']' in '30' second(s)

2021-10-21 14:25:35 - [MESSAGE][INFO] - Smart Wait Function is triggered

2021-10-21 14:25:35 - [MESSAGE][INFO] - Found 1 web elements with id: 'Object Repository/Olusturma/Genel/GonderimSekli/GonderimSekli' located by 'By.xpath: //*[@id = 'txtGonderimSekil_I']' in '30' second(s)

2021-10-21 14:25:35 - [MESSAGE][INFO] - Clicking on object: 'Object Repository/Olusturma/Genel/GonderimSekli/GonderimSekli'

2021-10-21 14:25:35 - [MESSAGE][PASSED] - Object: 'Object Repository/Olusturma/Genel/GonderimSekli/GonderimSekli' is clicked on

2021-10-21 14:25:35 - [TEST_STEP][PASSED] - Method.TextDegerineEsitElementeTikla(findTestObject("Object Repository/Olusturma/Genel/GonderimSekli/GonderimSekliAdi"), GonderimSekli): Method.TextDegerineEsitElementeTikla is PASSED

2021-10-21 14:25:35 - [MESSAGE][INFO] - Finding Test Object 'Object Repository/Olusturma/Genel/GonderimSekli/GonderimSekliAdi'

2021-10-21 14:25:36 - [MESSAGE][INFO] - Checking timeout

2021-10-21 14:25:36 - [MESSAGE][INFO] - Finding web element with id: 'Object Repository/Olusturma/Genel/GonderimSekli/GonderimSekliAdi' located by 'By.cssSelector: #txtGonderimSekil_DDD_L_LBT td' in '10' second(s)

2021-10-21 14:25:36 - [MESSAGE][INFO] - Smart Wait Function is triggered

2021-10-21 14:25:36 - [MESSAGE][INFO] - Found 2 web elements with id: 'Object Repository/Olusturma/Genel/GonderimSekli/GonderimSekliAdi' located by 'By.cssSelector: #txtGonderimSekil_DDD_L_LBT td' in '10' second(s)

2021-10-21 14:25:36 - [MESSAGE][PASSED] - Method.TextDegerineEsitElementeTikla is PASSED

2021-10-21 14:25:36 - [MESSAGE][PASSED] - Call Test Case 'Test Cases/Olusturma/Genel/GonderimSekliSecilir' successfully

2021-10-21 14:25:36 - [MESSAGE][INFO] - Checking called Test Case

2021-10-21 14:25:36 - [MESSAGE][INFO] - Starting to call Test Case 'Test Cases/Olusturma/Genel/TipSecilir'

2021-10-21 14:25:36 - [TEST_CASE][PASSED] - Test Cases/Olusturma/Genel/TipSecilir: Test Cases/Olusturma/Genel/TipSecilir

2021-10-21 14:25:36 - [TEST_STEP][PASSED] - waitForElementClickable(findTestObject("Olusturma/Genel/TipSecilir/Tip"), 10): Object 'Object Repository/Olusturma/Genel/TipSecilir/Tip' is clickable

2021-10-21 14:25:36 - [MESSAGE][INFO] - Finding Test Object 'Object Repository/Olusturma/Genel/TipSecilir/Tip'

2021-10-21 14:25:36 - [MESSAGE][INFO] - Checking object

2021-10-21 14:25:36 - [MESSAGE][INFO] - Checking timeout

2021-10-21 14:25:36 - [MESSAGE][INFO] - Finding web element from Test Object's properties

2021-10-21 14:25:36 - [MESSAGE][INFO] - Checking timeout

2021-10-21 14:25:36 - [MESSAGE][INFO] - Finding web element with id: 'Object Repository/Olusturma/Genel/TipSecilir/Tip' located by 'By.xpath: //*[@id = 'DocumentTypeCode_I']' in '10' second(s)

2021-10-21 14:25:36 - [MESSAGE][INFO] - Smart Wait Function is triggered

2021-10-21 14:25:36 - [MESSAGE][INFO] - Found 1 web elements with id: 'Object Repository/Olusturma/Genel/TipSecilir/Tip' located by 'By.xpath: //*[@id = 'DocumentTypeCode_I']' in '10' second(s)

2021-10-21 14:25:36 - [MESSAGE][PASSED] - Object 'Object Repository/Olusturma/Genel/TipSecilir/Tip' is clickable

2021-10-21 14:25:36 - [TEST_STEP][PASSED] - click(findTestObject("Olusturma/Genel/TipSecilir/Tip")): Object: 'Object Repository/Olusturma/Genel/TipSecilir/Tip' is clicked on

2021-10-21 14:25:36 - [MESSAGE][INFO] - Finding Test Object 'Object Repository/Olusturma/Genel/TipSecilir/Tip'

2021-10-21 14:25:37 - [MESSAGE][INFO] - Checking object

2021-10-21 14:25:37 - [MESSAGE][INFO] - Finding web element from Test Object's properties

2021-10-21 14:25:37 - [MESSAGE][INFO] - Checking timeout

2021-10-21 14:25:37 - [MESSAGE][INFO] - Finding web element with id: 'Object Repository/Olusturma/Genel/TipSecilir/Tip' located by 'By.xpath: //*[@id = 'DocumentTypeCode_I']' in '30' second(s)

2021-10-21 14:25:37 - [MESSAGE][INFO] - Smart Wait Function is triggered

2021-10-21 14:25:37 - [MESSAGE][INFO] - Found 1 web elements with id: 'Object Repository/Olusturma/Genel/TipSecilir/Tip' located by 'By.xpath: //*[@id = 'DocumentTypeCode_I']' in '30' second(s)

2021-10-21 14:25:37 - [MESSAGE][INFO] - Clicking on object: 'Object Repository/Olusturma/Genel/TipSecilir/Tip'

2021-10-21 14:25:37 - [MESSAGE][PASSED] - Object: 'Object Repository/Olusturma/Genel/TipSecilir/Tip' is clicked on

2021-10-21 14:25:37 - [TEST_STEP][PASSED] - Method.TextDegerineEsitElementeTikla(findTestObject("Object Repository/Olusturma/Genel/TipSecilir/Tip_Adi"), Tip): Method.TextDegerineEsitElementeTikla is PASSED

2021-10-21 14:25:37 - [MESSAGE][INFO] - Finding Test Object 'Object Repository/Olusturma/Genel/TipSecilir/Tip_Adi'

2021-10-21 14:25:37 - [MESSAGE][INFO] - Checking timeout

2021-10-21 14:25:37 - [MESSAGE][INFO] - Finding web element with id: 'Object Repository/Olusturma/Genel/TipSecilir/Tip_Adi' located by 'By.cssSelector: #DocumentTypeCode_DDD_L_LBT td' in '10' second(s)

2021-10-21 14:25:37 - [MESSAGE][INFO] - Smart Wait Function is triggered

2021-10-21 14:25:37 - [MESSAGE][INFO] - Found 9 web elements with id: 'Object Repository/Olusturma/Genel/TipSecilir/Tip_Adi' located by 'By.cssSelector: #DocumentTypeCode_DDD_L_LBT td' in '10' second(s)

2021-10-21 14:25:38 - [MESSAGE][PASSED] - Method.TextDegerineEsitElementeTikla is PASSED

2021-10-21 14:25:38 - [MESSAGE][PASSED] - Call Test Case 'Test Cases/Olusturma/Genel/TipSecilir' successfully

2021-10-21 14:25:38 - [MESSAGE][INFO] - Checking called Test Case

2021-10-21 14:25:38 - [MESSAGE][INFO] - Starting to call Test Case 'Test Cases/Olusturma/Genel/DokumanParaBirimiSecilir'

2021-10-21 14:25:38 - [TEST_CASE][PASSED] - Test Cases/Olusturma/Genel/DokumanParaBirimiSecilir: Test Cases/Olusturma/Genel/DokumanParaBirimiSecilir

2021-10-21 14:25:38 - [TEST_STEP][PASSED] - waitForElementClickable(findTestObject("Object Repository/Olusturma/Genel/DokumanParaBirimiSecilir/Para"), 10): Object 'Object Repository/Olusturma/Genel/DokumanParaBirimiSecilir/Para' is clickable

2021-10-21 14:25:38 - [MESSAGE][INFO] - Finding Test Object 'Object Repository/Olusturma/Genel/DokumanParaBirimiSecilir/Para'

2021-10-21 14:25:38 - [MESSAGE][INFO] - Checking object

2021-10-21 14:25:38 - [MESSAGE][INFO] - Checking timeout

2021-10-21 14:25:38 - [MESSAGE][INFO] - Finding web element from Test Object's properties

2021-10-21 14:25:38 - [MESSAGE][INFO] - Checking timeout

2021-10-21 14:25:38 - [MESSAGE][INFO] - Finding web element with id: 'Object Repository/Olusturma/Genel/DokumanParaBirimiSecilir/Para' located by 'By.xpath: //*[@id = 'CurrencyUnit_I']' in '10' second(s)

2021-10-21 14:25:38 - [MESSAGE][INFO] - Smart Wait Function is triggered

2021-10-21 14:25:39 - [MESSAGE][INFO] - Found 1 web elements with id: 'Object Repository/Olusturma/Genel/DokumanParaBirimiSecilir/Para' located by 'By.xpath: //*[@id = 'CurrencyUnit_I']' in '10' second(s)

2021-10-21 14:25:39 - [MESSAGE][PASSED] - Object 'Object Repository/Olusturma/Genel/DokumanParaBirimiSecilir/Para' is clickable

2021-10-21 14:25:39 - [TEST_STEP][PASSED] - click(findTestObject("Object Repository/Olusturma/Genel/DokumanParaBirimiSecilir/Para")): Object: 'Object Repository/Olusturma/Genel/DokumanParaBirimiSecilir/Para' is clicked on

2021-10-21 14:25:39 - [MESSAGE][INFO] - Finding Test Object 'Object Repository/Olusturma/Genel/DokumanParaBirimiSecilir/Para'

2021-10-21 14:25:40 - [MESSAGE][INFO] - Checking object

2021-10-21 14:25:40 - [MESSAGE][INFO] - Finding web element from Test Object's properties

2021-10-21 14:25:40 - [MESSAGE][INFO] - Checking timeout

2021-10-21 14:25:40 - [MESSAGE][INFO] - Finding web element with id: 'Object Repository/Olusturma/Genel/DokumanParaBirimiSecilir/Para' located by 'By.xpath: //*[@id = 'CurrencyUnit_I']' in '30' second(s)

2021-10-21 14:25:40 - [MESSAGE][INFO] - Smart Wait Function is triggered

2021-10-21 14:25:40 - [MESSAGE][INFO] - Found 1 web elements with id: 'Object Repository/Olusturma/Genel/DokumanParaBirimiSecilir/Para' located by 'By.xpath: //*[@id = 'CurrencyUnit_I']' in '30' second(s)

2021-10-21 14:25:40 - [MESSAGE][INFO] - Clicking on object: 'Object Repository/Olusturma/Genel/DokumanParaBirimiSecilir/Para'

2021-10-21 14:25:40 - [MESSAGE][PASSED] - Object: 'Object Repository/Olusturma/Genel/DokumanParaBirimiSecilir/Para' is clicked on

2021-10-21 14:25:40 - [TEST_STEP][PASSED] - Method.TextDegerineEsitElementeTikla(findTestObject("Object Repository/Olusturma/Genel/DokumanParaBirimiSecilir/Para_Adi"), Para): Method.TextDegerineEsitElementeTikla is PASSED

2021-10-21 14:25:40 - [MESSAGE][INFO] - Finding Test Object 'Object Repository/Olusturma/Genel/DokumanParaBirimiSecilir/Para_Adi'

2021-10-21 14:25:40 - [MESSAGE][INFO] - Checking timeout

2021-10-21 14:25:40 - [MESSAGE][INFO] - Finding web element with id: 'Object Repository/Olusturma/Genel/DokumanParaBirimiSecilir/Para_Adi' located by 'By.cssSelector: #CurrencyUnit_DDD_L_LBT td' in '10' second(s)

2021-10-21 14:25:40 - [MESSAGE][INFO] - Smart Wait Function is triggered

2021-10-21 14:25:40 - [MESSAGE][INFO] - Found 203 web elements with id: 'Object Repository/Olusturma/Genel/DokumanParaBirimiSecilir/Para_Adi' located by 'By.cssSelector: #CurrencyUnit_DDD_L_LBT td' in '10' second(s)

2021-10-21 14:25:45 - [MESSAGE][PASSED] - Method.TextDegerineEsitElementeTikla is PASSED

2021-10-21 14:25:45 - [MESSAGE][PASSED] - Call Test Case 'Test Cases/Olusturma/Genel/DokumanParaBirimiSecilir' successfully

2021-10-21 14:25:45 - [MESSAGE][INFO] - Checking called Test Case

2021-10-21 14:25:45 - [MESSAGE][INFO] - Starting to call Test Case 'Test Cases/Olusturma/Genel/OnEkSecilir'

2021-10-21 14:25:45 - [TEST_CASE][PASSED] - Test Cases/Olusturma/Genel/OnEkSecilir: Test Cases/Olusturma/Genel/OnEkSecilir

2021-10-21 14:25:45 - [TEST_STEP][PASSED] - waitForElementClickable(findTestObject("Object Repository/Olusturma/Genel/OnEkSecilir/OnEk"), 10): Object 'Object Repository/Olusturma/Genel/OnEkSecilir/OnEk' is clickable

2021-10-21 14:25:45 - [MESSAGE][INFO] - Finding Test Object 'Object Repository/Olusturma/Genel/OnEkSecilir/OnEk'

2021-10-21 14:25:45 - [MESSAGE][INFO] - Checking object

2021-10-21 14:25:45 - [MESSAGE][INFO] - Checking timeout

2021-10-21 14:25:45 - [MESSAGE][INFO] - Finding web element from Test Object's properties

2021-10-21 14:25:45 - [MESSAGE][INFO] - Checking timeout

2021-10-21 14:25:45 - [MESSAGE][INFO] - Finding web element with id: 'Object Repository/Olusturma/Genel/OnEkSecilir/OnEk' located by 'By.xpath: //*[@id = 'InvoicePrefix_I']' in '10' second(s)

2021-10-21 14:25:45 - [MESSAGE][INFO] - Smart Wait Function is triggered

2021-10-21 14:25:45 - [MESSAGE][INFO] - Found 1 web elements with id: 'Object Repository/Olusturma/Genel/OnEkSecilir/OnEk' located by 'By.xpath: //*[@id = 'InvoicePrefix_I']' in '10' second(s)

2021-10-21 14:25:45 - [MESSAGE][PASSED] - Object 'Object Repository/Olusturma/Genel/OnEkSecilir/OnEk' is clickable

2021-10-21 14:25:45 - [TEST_STEP][PASSED] - click(findTestObject("Object Repository/Olusturma/Genel/OnEkSecilir/OnEk")): Object: 'Object Repository/Olusturma/Genel/OnEkSecilir/OnEk' is clicked on

2021-10-21 14:25:45 - [MESSAGE][INFO] - Finding Test Object 'Object Repository/Olusturma/Genel/OnEkSecilir/OnEk'

2021-10-21 14:25:45 - [MESSAGE][INFO] - Checking object

2021-10-21 14:25:45 - [MESSAGE][INFO] - Finding web element from Test Object's properties

2021-10-21 14:25:45 - [MESSAGE][INFO] - Checking timeout

2021-10-21 14:25:45 - [MESSAGE][INFO] - Finding web element with id: 'Object Repository/Olusturma/Genel/OnEkSecilir/OnEk' located by 'By.xpath: //*[@id = 'InvoicePrefix_I']' in '30' second(s)

2021-10-21 14:25:45 - [MESSAGE][INFO] - Smart Wait Function is triggered

2021-10-21 14:25:46 - [MESSAGE][INFO] - Found 1 web elements with id: 'Object Repository/Olusturma/Genel/OnEkSecilir/OnEk' located by 'By.xpath: //*[@id = 'InvoicePrefix_I']' in '30' second(s)

2021-10-21 14:25:46 - [MESSAGE][INFO] - Clicking on object: 'Object Repository/Olusturma/Genel/OnEkSecilir/OnEk'

2021-10-21 14:25:46 - [MESSAGE][PASSED] - Object: 'Object Repository/Olusturma/Genel/OnEkSecilir/OnEk' is clicked on

2021-10-21 14:25:46 - [TEST_STEP][PASSED] - Method.TextDegerineEsitElementeTiklaEquals(findTestObject("Object Repository/Olusturma/Genel/OnEkSecilir/OnEkAdi"), Ek): Method.TextDegerineEsitElementeTiklaEquals is PASSED

2021-10-21 14:25:46 - [MESSAGE][INFO] - Finding Test Object 'Object Repository/Olusturma/Genel/OnEkSecilir/OnEkAdi'

2021-10-21 14:25:46 - [MESSAGE][INFO] - Checking timeout

2021-10-21 14:25:46 - [MESSAGE][INFO] - Finding web element with id: 'Object Repository/Olusturma/Genel/OnEkSecilir/OnEkAdi' located by 'By.cssSelector: #InvoicePrefix_DDD_L_LBT td' in '10' second(s)

2021-10-21 14:25:46 - [MESSAGE][INFO] - Smart Wait Function is triggered

2021-10-21 14:25:46 - [MESSAGE][INFO] - Found 1 web elements with id: 'Object Repository/Olusturma/Genel/OnEkSecilir/OnEkAdi' located by 'By.cssSelector: #InvoicePrefix_DDD_L_LBT td' in '10' second(s)

2021-10-21 14:25:46 - [MESSAGE][PASSED] - Method.TextDegerineEsitElementeTiklaEquals is PASSED

2021-10-21 14:25:46 - [MESSAGE][PASSED] - Call Test Case 'Test Cases/Olusturma/Genel/OnEkSecilir' successfully

2021-10-21 14:25:46 - [MESSAGE][INFO] - Checking called Test Case

2021-10-21 14:25:46 - [MESSAGE][INFO] - Starting to call Test Case 'Test Cases/Olusturma/Genel/TasarimSecilir'

2021-10-21 14:25:46 - [TEST_CASE][PASSED] - Test Cases/Olusturma/Genel/TasarimSecilir: Test Cases/Olusturma/Genel/TasarimSecilir

2021-10-21 14:25:46 - [TEST_STEP][PASSED] - waitForElementClickable(findTestObject("Object Repository/Olusturma/Genel/TasarimSecilir/Tasarim"), 10): Object 'Object Repository/Olusturma/Genel/TasarimSecilir/Tasarim' is clickable

2021-10-21 14:25:46 - [MESSAGE][INFO] - Finding Test Object 'Object Repository/Olusturma/Genel/TasarimSecilir/Tasarim'

2021-10-21 14:25:46 - [MESSAGE][INFO] - Checking object

2021-10-21 14:25:46 - [MESSAGE][INFO] - Checking timeout

2021-10-21 14:25:46 - [MESSAGE][INFO] - Finding web element from Test Object's properties

2021-10-21 14:25:46 - [MESSAGE][INFO] - Checking timeout

2021-10-21 14:25:46 - [MESSAGE][INFO] - Finding web element with id: 'Object Repository/Olusturma/Genel/TasarimSecilir/Tasarim' located by 'By.xpath: //*[@id = 'DesignId_I']' in '10' second(s)

2021-10-21 14:25:46 - [MESSAGE][INFO] - Smart Wait Function is triggered

2021-10-21 14:25:47 - [MESSAGE][INFO] - Found 1 web elements with id: 'Object Repository/Olusturma/Genel/TasarimSecilir/Tasarim' located by 'By.xpath: //*[@id = 'DesignId_I']' in '10' second(s)

2021-10-21 14:25:47 - [MESSAGE][PASSED] - Object 'Object Repository/Olusturma/Genel/TasarimSecilir/Tasarim' is clickable

2021-10-21 14:25:47 - [TEST_STEP][PASSED] - click(findTestObject("Object Repository/Olusturma/Genel/TasarimSecilir/Tasarim")): Object: 'Object Repository/Olusturma/Genel/TasarimSecilir/Tasarim' is clicked on

2021-10-21 14:25:47 - [MESSAGE][INFO] - Finding Test Object 'Object Repository/Olusturma/Genel/TasarimSecilir/Tasarim'

2021-10-21 14:25:47 - [MESSAGE][INFO] - Checking object

2021-10-21 14:25:47 - [MESSAGE][INFO] - Finding web element from Test Object's properties

2021-10-21 14:25:47 - [MESSAGE][INFO] - Checking timeout

2021-10-21 14:25:47 - [MESSAGE][INFO] - Finding web element with id: 'Object Repository/Olusturma/Genel/TasarimSecilir/Tasarim' located by 'By.xpath: //*[@id = 'DesignId_I']' in '30' second(s)

2021-10-21 14:25:47 - [MESSAGE][INFO] - Smart Wait Function is triggered

2021-10-21 14:25:47 - [MESSAGE][INFO] - Found 1 web elements with id: 'Object Repository/Olusturma/Genel/TasarimSecilir/Tasarim' located by 'By.xpath: //*[@id = 'DesignId_I']' in '30' second(s)

2021-10-21 14:25:47 - [MESSAGE][INFO] - Clicking on object: 'Object Repository/Olusturma/Genel/TasarimSecilir/Tasarim'

2021-10-21 14:25:47 - [MESSAGE][PASSED] - Object: 'Object Repository/Olusturma/Genel/TasarimSecilir/Tasarim' is clicked on

2021-10-21 14:25:47 - [TEST_STEP][PASSED] - Method.TextDegerineEsitElementeTikla(findTestObject("Object Repository/Olusturma/Genel/TasarimSecilir/Tasarim_Adi"), Tasarim): Method.TextDegerineEsitElementeTikla is PASSED

2021-10-21 14:25:47 - [MESSAGE][INFO] - Finding Test Object 'Object Repository/Olusturma/Genel/TasarimSecilir/Tasarim_Adi'

2021-10-21 14:25:47 - [MESSAGE][INFO] - Checking timeout

2021-10-21 14:25:47 - [MESSAGE][INFO] - Finding web element with id: 'Object Repository/Olusturma/Genel/TasarimSecilir/Tasarim_Adi' located by 'By.cssSelector: #DesignId_DDD_L_LBT td' in '10' second(s)

2021-10-21 14:25:47 - [MESSAGE][INFO] - Smart Wait Function is triggered

2021-10-21 14:25:48 - [MESSAGE][INFO] - Found 1 web elements with id: 'Object Repository/Olusturma/Genel/TasarimSecilir/Tasarim_Adi' located by 'By.cssSelector: #DesignId_DDD_L_LBT td' in '10' second(s)

2021-10-21 14:25:48 - [MESSAGE][PASSED] - Method.TextDegerineEsitElementeTikla is PASSED

2021-10-21 14:25:48 - [MESSAGE][PASSED] - Call Test Case 'Test Cases/Olusturma/Genel/TasarimSecilir' successfully

2021-10-21 14:25:48 - [MESSAGE][INFO] - Checking called Test Case

2021-10-21 14:25:48 - [MESSAGE][INFO] - Starting to call Test Case 'Test Cases/Olusturma/Genel/Kutular/SiparisBilgileriGirilir'

2021-10-21 14:25:48 - [TEST_CASE][PASSED] - Test Cases/Olusturma/Genel/Kutular/SiparisBilgileriGirilir: Test Cases/Olusturma/Genel/Kutular/SiparisBilgileriGirilir

2021-10-21 14:25:48 - [TEST_STEP][PASSED] - Method.TextDegerineEsitElementeTikla(findTestObject("Olusturma/Genel/Kutular/KapaliKutular"), "Sipariş Bilgileri"): Method.TextDegerineEsitElementeTikla is PASSED

2021-10-21 14:25:48 - [MESSAGE][INFO] - Finding Test Object 'Object Repository/Olusturma/Genel/Kutular/KapaliKutular'

2021-10-21 14:25:48 - [MESSAGE][INFO] - Checking timeout

2021-10-21 14:25:48 - [MESSAGE][INFO] - Finding web element with id: 'Object Repository/Olusturma/Genel/Kutular/KapaliKutular' located by 'By.cssSelector: .dxnb-headerCollapsed>span' in '10' second(s)

2021-10-21 14:25:48 - [MESSAGE][INFO] - Smart Wait Function is triggered

2021-10-21 14:25:48 - [MESSAGE][INFO] - Found 8 web elements with id: 'Object Repository/Olusturma/Genel/Kutular/KapaliKutular' located by 'By.cssSelector: .dxnb-headerCollapsed>span' in '10' second(s)

2021-10-21 14:25:48 - [MESSAGE][PASSED] - Method.TextDegerineEsitElementeTikla is PASSED

2021-10-21 14:25:48 - [TEST_STEP][PASSED] - waitForElementPresent(findTestObject("Object Repository/Olusturma/Genel/Kutular/SiparisBilgileri/SiparisNo"), 10): Object 'Object Repository/Olusturma/Genel/Kutular/SiparisBilgileri/SiparisNo' is present

2021-10-21 14:25:48 - [MESSAGE][INFO] - Finding Test Object 'Object Repository/Olusturma/Genel/Kutular/SiparisBilgileri/SiparisNo'

2021-10-21 14:25:48 - [MESSAGE][INFO] - Checking object

2021-10-21 14:25:48 - [MESSAGE][INFO] - Finding web element from Test Object's properties

2021-10-21 14:25:48 - [MESSAGE][INFO] - Checking timeout

2021-10-21 14:25:48 - [MESSAGE][INFO] - Finding web element with id: 'Object Repository/Olusturma/Genel/Kutular/SiparisBilgileri/SiparisNo' located by 'By.xpath: //*[@id = 'txtSiparisNo_I']' in '10' second(s)

2021-10-21 14:25:48 - [MESSAGE][INFO] - Smart Wait Function is triggered

2021-10-21 14:25:49 - [MESSAGE][INFO] - Found 1 web elements with id: 'Object Repository/Olusturma/Genel/Kutular/SiparisBilgileri/SiparisNo' located by 'By.xpath: //*[@id = 'txtSiparisNo_I']' in '10' second(s)

2021-10-21 14:25:49 - [MESSAGE][PASSED] - Object 'Object Repository/Olusturma/Genel/Kutular/SiparisBilgileri/SiparisNo' is present

2021-10-21 14:25:49 - [TEST_STEP][PASSED] - clearText(findTestObject("Object Repository/Olusturma/Genel/Kutular/SiparisBilgileri/SiparisNo")): Text of object 'Object Repository/Olusturma/Genel/Kutular/SiparisBilgileri/SiparisNo' is cleared

2021-10-21 14:25:49 - [MESSAGE][INFO] - Finding Test Object 'Object Repository/Olusturma/Genel/Kutular/SiparisBilgileri/SiparisNo'

2021-10-21 14:25:49 - [MESSAGE][INFO] - Checking object

2021-10-21 14:25:49 - [MESSAGE][INFO] - Finding web element from Test Object's properties

2021-10-21 14:25:49 - [MESSAGE][INFO] - Checking timeout

2021-10-21 14:25:49 - [MESSAGE][INFO] - Finding web element with id: 'Object Repository/Olusturma/Genel/Kutular/SiparisBilgileri/SiparisNo' located by 'By.xpath: //*[@id = 'txtSiparisNo_I']' in '30' second(s)

2021-10-21 14:25:49 - [MESSAGE][INFO] - Smart Wait Function is triggered

2021-10-21 14:25:49 - [MESSAGE][INFO] - Found 1 web elements with id: 'Object Repository/Olusturma/Genel/Kutular/SiparisBilgileri/SiparisNo' located by 'By.xpath: //*[@id = 'txtSiparisNo_I']' in '30' second(s)

2021-10-21 14:25:49 - [MESSAGE][INFO] - Clearing text of object 'Object Repository/Olusturma/Genel/Kutular/SiparisBilgileri/SiparisNo'

2021-10-21 14:25:49 - [MESSAGE][PASSED] - Text of object 'Object Repository/Olusturma/Genel/Kutular/SiparisBilgileri/SiparisNo' is cleared

2021-10-21 14:25:49 - [TEST_STEP][PASSED] - sendKeys(findTestObject("Object Repository/Olusturma/Genel/Kutular/SiparisBilgileri/SiparisNo"), SiparisNo): Keys 'UUC-SAT-1200001' sent to object: 'Object Repository/Olusturma/Genel/Kutular/SiparisBilgileri/SiparisNo'

2021-10-21 14:25:49 - [MESSAGE][INFO] - Finding Test Object 'Object Repository/Olusturma/Genel/Kutular/SiparisBilgileri/SiparisNo'

2021-10-21 14:25:49 - [MESSAGE][INFO] - Sending keys 'UUC-SAT-1200001' to object: 'Object Repository/Olusturma/Genel/Kutular/SiparisBilgileri/SiparisNo'

2021-10-21 14:25:49 - [MESSAGE][INFO] - Finding web element from Test Object's properties

2021-10-21 14:25:49 - [MESSAGE][INFO] - Checking timeout

2021-10-21 14:25:49 - [MESSAGE][INFO] - Finding web element with id: 'Object Repository/Olusturma/Genel/Kutular/SiparisBilgileri/SiparisNo' located by 'By.xpath: //*[@id = 'txtSiparisNo_I']' in '30' second(s)

2021-10-21 14:25:49 - [MESSAGE][INFO] - Smart Wait Function is triggered

2021-10-21 14:25:50 - [MESSAGE][INFO] - Found 1 web elements with id: 'Object Repository/Olusturma/Genel/Kutular/SiparisBilgileri/SiparisNo' located by 'By.xpath: //*[@id = 'txtSiparisNo_I']' in '30' second(s)

2021-10-21 14:25:50 - [MESSAGE][PASSED] - Keys 'UUC-SAT-1200001' sent to object: 'Object Repository/Olusturma/Genel/Kutular/SiparisBilgileri/SiparisNo'

2021-10-21 14:25:50 - [TEST_STEP][PASSED] - waitForElementClickable(findTestObject("Object Repository/Olusturma/Genel/Kutular/SiparisBilgileri/SiparisTarihiImage"), 10): Object 'Object Repository/Olusturma/Genel/Kutular/SiparisBilgileri/SiparisTarihiImage' is clickable

2021-10-21 14:25:50 - [MESSAGE][INFO] - Finding Test Object 'Object Repository/Olusturma/Genel/Kutular/SiparisBilgileri/SiparisTarihiImage'

2021-10-21 14:25:50 - [MESSAGE][INFO] - Checking object

2021-10-21 14:25:50 - [MESSAGE][INFO] - Checking timeout

2021-10-21 14:25:50 - [MESSAGE][INFO] - Finding web element from Test Object's properties

2021-10-21 14:25:50 - [MESSAGE][INFO] - Checking timeout

2021-10-21 14:25:50 - [MESSAGE][INFO] - Finding web element with id: 'Object Repository/Olusturma/Genel/Kutular/SiparisBilgileri/SiparisTarihiImage' located by 'By.cssSelector: #dateSiparisTarih img' in '10' second(s)

2021-10-21 14:25:50 - [MESSAGE][INFO] - Smart Wait Function is triggered

2021-10-21 14:25:50 - [MESSAGE][INFO] - Found 1 web elements with id: 'Object Repository/Olusturma/Genel/Kutular/SiparisBilgileri/SiparisTarihiImage' located by 'By.cssSelector: #dateSiparisTarih img' in '10' second(s)

2021-10-21 14:25:50 - [MESSAGE][PASSED] - Object 'Object Repository/Olusturma/Genel/Kutular/SiparisBilgileri/SiparisTarihiImage' is clickable

2021-10-21 14:25:50 - [TEST_STEP][PASSED] - click(findTestObject("Object Repository/Olusturma/Genel/Kutular/SiparisBilgileri/SiparisTarihiImage")): Object: 'Object Repository/Olusturma/Genel/Kutular/SiparisBilgileri/SiparisTarihiImage' is clicked on

2021-10-21 14:25:50 - [MESSAGE][INFO] - Finding Test Object 'Object Repository/Olusturma/Genel/Kutular/SiparisBilgileri/SiparisTarihiImage'

2021-10-21 14:25:50 - [MESSAGE][INFO] - Checking object

2021-10-21 14:25:50 - [MESSAGE][INFO] - Finding web element from Test Object's properties

2021-10-21 14:25:50 - [MESSAGE][INFO] - Checking timeout

2021-10-21 14:25:50 - [MESSAGE][INFO] - Finding web element with id: 'Object Repository/Olusturma/Genel/Kutular/SiparisBilgileri/SiparisTarihiImage' located by 'By.cssSelector: #dateSiparisTarih img' in '30' second(s)

2021-10-21 14:25:50 - [MESSAGE][INFO] - Smart Wait Function is triggered

2021-10-21 14:25:50 - [MESSAGE][INFO] - Found 1 web elements with id: 'Object Repository/Olusturma/Genel/Kutular/SiparisBilgileri/SiparisTarihiImage' located by 'By.cssSelector: #dateSiparisTarih img' in '30' second(s)

2021-10-21 14:25:50 - [MESSAGE][INFO] - Clicking on object: 'Object Repository/Olusturma/Genel/Kutular/SiparisBilgileri/SiparisTarihiImage'

2021-10-21 14:25:50 - [MESSAGE][PASSED] - Object: 'Object Repository/Olusturma/Genel/Kutular/SiparisBilgileri/SiparisTarihiImage' is clicked on

2021-10-21 14:25:50 - [TEST_STEP][PASSED] - waitForElementPresent(findTestObject("Object Repository/Olusturma/Genel/Kutular/SiparisBilgileri/SiparisTarihi"), 10): Object 'Object Repository/Olusturma/Genel/Kutular/SiparisBilgileri/SiparisTarihi' is present

2021-10-21 14:25:50 - [MESSAGE][INFO] - Finding Test Object 'Object Repository/Olusturma/Genel/Kutular/SiparisBilgileri/SiparisTarihi'

2021-10-21 14:25:51 - [MESSAGE][INFO] - Checking object

2021-10-21 14:25:51 - [MESSAGE][INFO] - Finding web element from Test Object's properties

2021-10-21 14:25:51 - [MESSAGE][INFO] - Checking timeout

2021-10-21 14:25:51 - [MESSAGE][INFO] - Finding web element with id: 'Object Repository/Olusturma/Genel/Kutular/SiparisBilgileri/SiparisTarihi' located by 'By.xpath: //*[@id = 'dateSiparisTarih_I']' in '10' second(s)

2021-10-21 14:25:51 - [MESSAGE][INFO] - Smart Wait Function is triggered

2021-10-21 14:25:51 - [MESSAGE][INFO] - Found 1 web elements with id: 'Object Repository/Olusturma/Genel/Kutular/SiparisBilgileri/SiparisTarihi' located by 'By.xpath: //*[@id = 'dateSiparisTarih_I']' in '10' second(s)

2021-10-21 14:25:51 - [MESSAGE][PASSED] - Object 'Object Repository/Olusturma/Genel/Kutular/SiparisBilgileri/SiparisTarihi' is present

2021-10-21 14:25:51 - [TEST_STEP][PASSED] - clearText(findTestObject("Object Repository/Olusturma/Genel/Kutular/SiparisBilgileri/SiparisTarihi")): Text of object 'Object Repository/Olusturma/Genel/Kutular/SiparisBilgileri/SiparisTarihi' is cleared

2021-10-21 14:25:51 - [MESSAGE][INFO] - Finding Test Object 'Object Repository/Olusturma/Genel/Kutular/SiparisBilgileri/SiparisTarihi'

2021-10-21 14:25:51 - [MESSAGE][INFO] - Checking object

2021-10-21 14:25:51 - [MESSAGE][INFO] - Finding web element from Test Object's properties

2021-10-21 14:25:51 - [MESSAGE][INFO] - Checking timeout

2021-10-21 14:25:51 - [MESSAGE][INFO] - Finding web element with id: 'Object Repository/Olusturma/Genel/Kutular/SiparisBilgileri/SiparisTarihi' located by 'By.xpath: //*[@id = 'dateSiparisTarih_I']' in '30' second(s)

2021-10-21 14:25:51 - [MESSAGE][INFO] - Smart Wait Function is triggered

2021-10-21 14:25:51 - [MESSAGE][INFO] - Found 1 web elements with id: 'Object Repository/Olusturma/Genel/Kutular/SiparisBilgileri/SiparisTarihi' located by 'By.xpath: //*[@id = 'dateSiparisTarih_I']' in '30' second(s)

2021-10-21 14:25:51 - [MESSAGE][INFO] - Clearing text of object 'Object Repository/Olusturma/Genel/Kutular/SiparisBilgileri/SiparisTarihi'

2021-10-21 14:25:51 - [MESSAGE][PASSED] - Text of object 'Object Repository/Olusturma/Genel/Kutular/SiparisBilgileri/SiparisTarihi' is cleared

2021-10-21 14:25:51 - [TEST_STEP][PASSED] - sendKeys(findTestObject("Object Repository/Olusturma/Genel/Kutular/SiparisBilgileri/SiparisTarihi"), Tarih): Keys '31.04.2020' sent to object: 'Object Repository/Olusturma/Genel/Kutular/SiparisBilgileri/SiparisTarihi'

2021-10-21 14:25:51 - [MESSAGE][INFO] - Finding Test Object 'Object Repository/Olusturma/Genel/Kutular/SiparisBilgileri/SiparisTarihi'

2021-10-21 14:25:52 - [MESSAGE][INFO] - Sending keys '31.04.2020' to object: 'Object Repository/Olusturma/Genel/Kutular/SiparisBilgileri/SiparisTarihi'

2021-10-21 14:25:52 - [MESSAGE][INFO] - Finding web element from Test Object's properties

2021-10-21 14:25:52 - [MESSAGE][INFO] - Checking timeout

2021-10-21 14:25:52 - [MESSAGE][INFO] - Finding web element with id: 'Object Repository/Olusturma/Genel/Kutular/SiparisBilgileri/SiparisTarihi' located by 'By.xpath: //*[@id = 'dateSiparisTarih_I']' in '30' second(s)

2021-10-21 14:25:52 - [MESSAGE][INFO] - Smart Wait Function is triggered

2021-10-21 14:25:52 - [MESSAGE][INFO] - Found 1 web elements with id: 'Object Repository/Olusturma/Genel/Kutular/SiparisBilgileri/SiparisTarihi' located by 'By.xpath: //*[@id = 'dateSiparisTarih_I']' in '30' second(s)

2021-10-21 14:25:52 - [MESSAGE][PASSED] - Keys '31.04.2020' sent to object: 'Object Repository/Olusturma/Genel/Kutular/SiparisBilgileri/SiparisTarihi'

2021-10-21 14:25:52 - [MESSAGE][PASSED] - Call Test Case 'Test Cases/Olusturma/Genel/Kutular/SiparisBilgileriGirilir' successfully

2021-10-21 14:25:52 - [MESSAGE][INFO] - Checking called Test Case

2021-10-21 14:25:52 - [MESSAGE][INFO] - Starting to call Test Case 'Test Cases/Olusturma/Genel/Kutular/IrsaliyeBilgileri'

2021-10-21 14:25:52 - [TEST_CASE][PASSED] - Test Cases/Olusturma/Genel/Kutular/IrsaliyeBilgileri: Test Cases/Olusturma/Genel/Kutular/IrsaliyeBilgileri

2021-10-21 14:25:52 - [TEST_STEP][PASSED] - Method.TextDegerineEsitElementeTikla(findTestObject("Olusturma/Genel/Kutular/KapaliKutular"), "İrsaliye Bilgileri"): Method.TextDegerineEsitElementeTikla is PASSED

2021-10-21 14:25:52 - [MESSAGE][INFO] - Finding Test Object 'Object Repository/Olusturma/Genel/Kutular/KapaliKutular'

2021-10-21 14:25:52 - [MESSAGE][INFO] - Checking timeout

2021-10-21 14:25:52 - [MESSAGE][INFO] - Finding web element with id: 'Object Repository/Olusturma/Genel/Kutular/KapaliKutular' located by 'By.cssSelector: .dxnb-headerCollapsed>span' in '10' second(s)

2021-10-21 14:25:52 - [MESSAGE][INFO] - Smart Wait Function is triggered

2021-10-21 14:25:52 - [MESSAGE][INFO] - Found 8 web elements with id: 'Object Repository/Olusturma/Genel/Kutular/KapaliKutular' located by 'By.cssSelector: .dxnb-headerCollapsed>span' in '10' second(s)

2021-10-21 14:25:53 - [MESSAGE][PASSED] - Method.TextDegerineEsitElementeTikla is PASSED

2021-10-21 14:25:53 - [TEST_STEP][PASSED] - waitForElementClickable(findTestObject("Olusturma/Genel/Kutular/IrsaliyeBilgileri/Ekle"), 10): Object 'Object Repository/Olusturma/Genel/Kutular/IrsaliyeBilgileri/Ekle' is clickable

2021-10-21 14:25:53 - [MESSAGE][INFO] - Finding Test Object 'Object Repository/Olusturma/Genel/Kutular/IrsaliyeBilgileri/Ekle'

2021-10-21 14:25:53 - [MESSAGE][INFO] - Checking object

2021-10-21 14:25:53 - [MESSAGE][INFO] - Checking timeout

2021-10-21 14:25:53 - [MESSAGE][INFO] - Finding web element from Test Object's properties

2021-10-21 14:25:53 - [MESSAGE][INFO] - Checking timeout

2021-10-21 14:25:53 - [MESSAGE][INFO] - Finding web element with id: 'Object Repository/Olusturma/Genel/Kutular/IrsaliyeBilgileri/Ekle' located by 'By.xpath: //*[@id = 'DXEditorgvUserInvoiceBillsNewRowBtn']' in '10' second(s)

2021-10-21 14:25:53 - [MESSAGE][INFO] - Smart Wait Function is triggered

2021-10-21 14:25:53 - [MESSAGE][INFO] - Found 1 web elements with id: 'Object Repository/Olusturma/Genel/Kutular/IrsaliyeBilgileri/Ekle' located by 'By.xpath: //*[@id = 'DXEditorgvUserInvoiceBillsNewRowBtn']' in '10' second(s)

2021-10-21 14:25:53 - [MESSAGE][PASSED] - Object 'Object Repository/Olusturma/Genel/Kutular/IrsaliyeBilgileri/Ekle' is clickable

2021-10-21 14:25:53 - [TEST_STEP][PASSED] - click(findTestObject("Olusturma/Genel/Kutular/IrsaliyeBilgileri/Ekle")): Object: 'Object Repository/Olusturma/Genel/Kutular/IrsaliyeBilgileri/Ekle' is clicked on

2021-10-21 14:25:53 - [MESSAGE][INFO] - Finding Test Object 'Object Repository/Olusturma/Genel/Kutular/IrsaliyeBilgileri/Ekle'

2021-10-21 14:25:53 - [MESSAGE][INFO] - Checking object

2021-10-21 14:25:53 - [MESSAGE][INFO] - Finding web element from Test Object's properties

2021-10-21 14:25:53 - [MESSAGE][INFO] - Checking timeout

2021-10-21 14:25:53 - [MESSAGE][INFO] - Finding web element with id: 'Object Repository/Olusturma/Genel/Kutular/IrsaliyeBilgileri/Ekle' located by 'By.xpath: //*[@id = 'DXEditorgvUserInvoiceBillsNewRowBtn']' in '30' second(s)

2021-10-21 14:25:53 - [MESSAGE][INFO] - Smart Wait Function is triggered

2021-10-21 14:25:53 - [MESSAGE][INFO] - Found 1 web elements with id: 'Object Repository/Olusturma/Genel/Kutular/IrsaliyeBilgileri/Ekle' located by 'By.xpath: //*[@id = 'DXEditorgvUserInvoiceBillsNewRowBtn']' in '30' second(s)

2021-10-21 14:25:53 - [MESSAGE][INFO] - Clicking on object: 'Object Repository/Olusturma/Genel/Kutular/IrsaliyeBilgileri/Ekle'

2021-10-21 14:25:53 - [MESSAGE][PASSED] - Object: 'Object Repository/Olusturma/Genel/Kutular/IrsaliyeBilgileri/Ekle' is clicked on

2021-10-21 14:25:53 - [TEST_STEP][PASSED] - waitForElementPresent(findTestObject("Object Repository/Olusturma/Genel/Kutular/IrsaliyeBilgileri/IrsaliyeNumarasi"), 10): Object 'Object Repository/Olusturma/Genel/Kutular/IrsaliyeBilgileri/IrsaliyeNumarasi' is present

2021-10-21 14:25:53 - [MESSAGE][INFO] - Finding Test Object 'Object Repository/Olusturma/Genel/Kutular/IrsaliyeBilgileri/IrsaliyeNumarasi'

2021-10-21 14:25:54 - [MESSAGE][INFO] - Checking object

2021-10-21 14:25:54 - [MESSAGE][INFO] - Finding web element from Test Object's properties

2021-10-21 14:25:54 - [MESSAGE][INFO] - Checking timeout

2021-10-21 14:25:54 - [MESSAGE][INFO] - Finding web element with id: 'Object Repository/Olusturma/Genel/Kutular/IrsaliyeBilgileri/IrsaliyeNumarasi' located by 'By.xpath: //*[@id = 'gvUserInvoiceBills_DXEditor1_I']' in '10' second(s)

2021-10-21 14:25:54 - [MESSAGE][INFO] - Smart Wait Function is triggered

2021-10-21 14:25:54 - [MESSAGE][INFO] - Smart Wait Function is triggered

2021-10-21 14:25:55 - [MESSAGE][INFO] - Found 1 web elements with id: 'Object Repository/Olusturma/Genel/Kutular/IrsaliyeBilgileri/IrsaliyeNumarasi' located by 'By.xpath: //*[@id = 'gvUserInvoiceBills_DXEditor1_I']' in '10' second(s)

2021-10-21 14:25:55 - [MESSAGE][PASSED] - Object 'Object Repository/Olusturma/Genel/Kutular/IrsaliyeBilgileri/IrsaliyeNumarasi' is present

2021-10-21 14:25:55 - [TEST_STEP][PASSED] - clearText(findTestObject("Object Repository/Olusturma/Genel/Kutular/IrsaliyeBilgileri/IrsaliyeNumarasi")): Text of object 'Object Repository/Olusturma/Genel/Kutular/IrsaliyeBilgileri/IrsaliyeNumarasi' is cleared

2021-10-21 14:25:55 - [MESSAGE][INFO] - Finding Test Object 'Object Repository/Olusturma/Genel/Kutular/IrsaliyeBilgileri/IrsaliyeNumarasi'

2021-10-21 14:25:55 - [MESSAGE][INFO] - Checking object

2021-10-21 14:25:55 - [MESSAGE][INFO] - Finding web element from Test Object's properties

2021-10-21 14:25:55 - [MESSAGE][INFO] - Checking timeout

2021-10-21 14:25:55 - [MESSAGE][INFO] - Finding web element with id: 'Object Repository/Olusturma/Genel/Kutular/IrsaliyeBilgileri/IrsaliyeNumarasi' located by 'By.xpath: //*[@id = 'gvUserInvoiceBills_DXEditor1_I']' in '30' second(s)

2021-10-21 14:25:55 - [MESSAGE][INFO] - Smart Wait Function is triggered

2021-10-21 14:25:55 - [MESSAGE][INFO] - Found 1 web elements with id: 'Object Repository/Olusturma/Genel/Kutular/IrsaliyeBilgileri/IrsaliyeNumarasi' located by 'By.xpath: //*[@id = 'gvUserInvoiceBills_DXEditor1_I']' in '30' second(s)

2021-10-21 14:25:55 - [MESSAGE][INFO] - Clearing text of object 'Object Repository/Olusturma/Genel/Kutular/IrsaliyeBilgileri/IrsaliyeNumarasi'

2021-10-21 14:25:55 - [MESSAGE][PASSED] - Text of object 'Object Repository/Olusturma/Genel/Kutular/IrsaliyeBilgileri/IrsaliyeNumarasi' is cleared

2021-10-21 14:25:55 - [TEST_STEP][PASSED] - sendKeys(findTestObject("Object Repository/Olusturma/Genel/Kutular/IrsaliyeBilgileri/IrsaliyeNumarasi"), Numara): Keys 'AAAAAAAAAA' sent to object: 'Object Repository/Olusturma/Genel/Kutular/IrsaliyeBilgileri/IrsaliyeNumarasi'

2021-10-21 14:25:55 - [MESSAGE][INFO] - Finding Test Object 'Object Repository/Olusturma/Genel/Kutular/IrsaliyeBilgileri/IrsaliyeNumarasi'

2021-10-21 14:25:55 - [MESSAGE][INFO] - Sending keys 'AAAAAAAAAA' to object: 'Object Repository/Olusturma/Genel/Kutular/IrsaliyeBilgileri/IrsaliyeNumarasi'

2021-10-21 14:25:55 - [MESSAGE][INFO] - Finding web element from Test Object's properties

2021-10-21 14:25:55 - [MESSAGE][INFO] - Checking timeout

2021-10-21 14:25:55 - [MESSAGE][INFO] - Finding web element with id: 'Object Repository/Olusturma/Genel/Kutular/IrsaliyeBilgileri/IrsaliyeNumarasi' located by 'By.xpath: //*[@id = 'gvUserInvoiceBills_DXEditor1_I']' in '30' second(s)

2021-10-21 14:25:55 - [MESSAGE][INFO] - Smart Wait Function is triggered

2021-10-21 14:25:56 - [MESSAGE][INFO] - Found 1 web elements with id: 'Object Repository/Olusturma/Genel/Kutular/IrsaliyeBilgileri/IrsaliyeNumarasi' located by 'By.xpath: //*[@id = 'gvUserInvoiceBills_DXEditor1_I']' in '30' second(s)

2021-10-21 14:25:56 - [MESSAGE][PASSED] - Keys 'AAAAAAAAAA' sent to object: 'Object Repository/Olusturma/Genel/Kutular/IrsaliyeBilgileri/IrsaliyeNumarasi'

2021-10-21 14:25:56 - [TEST_STEP][PASSED] - waitForElementClickable(findTestObject("Object Repository/Olusturma/Genel/Kutular/IrsaliyeBilgileri/IrsaliyeTarihi"), 10): Object 'Object Repository/Olusturma/Genel/Kutular/IrsaliyeBilgileri/IrsaliyeTarihi' is clickable

2021-10-21 14:25:56 - [MESSAGE][INFO] - Finding Test Object 'Object Repository/Olusturma/Genel/Kutular/IrsaliyeBilgileri/IrsaliyeTarihi'

2021-10-21 14:25:56 - [MESSAGE][INFO] - Checking object

2021-10-21 14:25:56 - [MESSAGE][INFO] - Checking timeout

2021-10-21 14:25:56 - [MESSAGE][INFO] - Finding web element from Test Object's properties

2021-10-21 14:25:56 - [MESSAGE][INFO] - Checking timeout

2021-10-21 14:25:56 - [MESSAGE][INFO] - Finding web element with id: 'Object Repository/Olusturma/Genel/Kutular/IrsaliyeBilgileri/IrsaliyeTarihi' located by 'By.xpath: //*[@id = 'gvUserInvoiceBills_DXEditor2_I']' in '10' second(s)

2021-10-21 14:25:56 - [MESSAGE][INFO] - Smart Wait Function is triggered

2021-10-21 14:25:56 - [MESSAGE][INFO] - Found 1 web elements with id: 'Object Repository/Olusturma/Genel/Kutular/IrsaliyeBilgileri/IrsaliyeTarihi' located by 'By.xpath: //*[@id = 'gvUserInvoiceBills_DXEditor2_I']' in '10' second(s)

2021-10-21 14:25:56 - [MESSAGE][PASSED] - Object 'Object Repository/Olusturma/Genel/Kutular/IrsaliyeBilgileri/IrsaliyeTarihi' is clickable

2021-10-21 14:25:56 - [TEST_STEP][PASSED] - click(findTestObject("Object Repository/Olusturma/Genel/Kutular/IrsaliyeBilgileri/IrsaliyeTarihi")): Object: 'Object Repository/Olusturma/Genel/Kutular/IrsaliyeBilgileri/IrsaliyeTarihi' is clicked on

2021-10-21 14:25:56 - [MESSAGE][INFO] - Finding Test Object 'Object Repository/Olusturma/Genel/Kutular/IrsaliyeBilgileri/IrsaliyeTarihi'

2021-10-21 14:25:56 - [MESSAGE][INFO] - Checking object

2021-10-21 14:25:56 - [MESSAGE][INFO] - Finding web element from Test Object's properties

2021-10-21 14:25:56 - [MESSAGE][INFO] - Checking timeout

2021-10-21 14:25:56 - [MESSAGE][INFO] - Finding web element with id: 'Object Repository/Olusturma/Genel/Kutular/IrsaliyeBilgileri/IrsaliyeTarihi' located by 'By.xpath: //*[@id = 'gvUserInvoiceBills_DXEditor2_I']' in '30' second(s)

2021-10-21 14:25:56 - [MESSAGE][INFO] - Smart Wait Function is triggered

2021-10-21 14:25:56 - [MESSAGE][INFO] - Found 1 web elements with id: 'Object Repository/Olusturma/Genel/Kutular/IrsaliyeBilgileri/IrsaliyeTarihi' located by 'By.xpath: //*[@id = 'gvUserInvoiceBills_DXEditor2_I']' in '30' second(s)

2021-10-21 14:25:56 - [MESSAGE][INFO] - Clicking on object: 'Object Repository/Olusturma/Genel/Kutular/IrsaliyeBilgileri/IrsaliyeTarihi'

2021-10-21 14:25:56 - [MESSAGE][PASSED] - Object: 'Object Repository/Olusturma/Genel/Kutular/IrsaliyeBilgileri/IrsaliyeTarihi' is clicked on

2021-10-21 14:25:56 - [TEST_STEP][PASSED] - sendKeys(findTestObject("Object Repository/Olusturma/Genel/Kutular/IrsaliyeBilgileri/IrsaliyeTarihi"), Tarih): Keys '31.04.2020' sent to object: 'Object Repository/Olusturma/Genel/Kutular/IrsaliyeBilgileri/IrsaliyeTarihi'

2021-10-21 14:25:56 - [MESSAGE][INFO] - Finding Test Object 'Object Repository/Olusturma/Genel/Kutular/IrsaliyeBilgileri/IrsaliyeTarihi'

2021-10-21 14:25:57 - [MESSAGE][INFO] - Sending keys '31.04.2020' to object: 'Object Repository/Olusturma/Genel/Kutular/IrsaliyeBilgileri/IrsaliyeTarihi'

2021-10-21 14:25:57 - [MESSAGE][INFO] - Finding web element from Test Object's properties

2021-10-21 14:25:57 - [MESSAGE][INFO] - Checking timeout

2021-10-21 14:25:57 - [MESSAGE][INFO] - Finding web element with id: 'Object Repository/Olusturma/Genel/Kutular/IrsaliyeBilgileri/IrsaliyeTarihi' located by 'By.xpath: //*[@id = 'gvUserInvoiceBills_DXEditor2_I']' in '30' second(s)

2021-10-21 14:25:57 - [MESSAGE][INFO] - Smart Wait Function is triggered

2021-10-21 14:25:57 - [MESSAGE][INFO] - Found 1 web elements with id: 'Object Repository/Olusturma/Genel/Kutular/IrsaliyeBilgileri/IrsaliyeTarihi' located by 'By.xpath: //*[@id = 'gvUserInvoiceBills_DXEditor2_I']' in '30' second(s)

2021-10-21 14:25:57 - [MESSAGE][PASSED] - Keys '31.04.2020' sent to object: 'Object Repository/Olusturma/Genel/Kutular/IrsaliyeBilgileri/IrsaliyeTarihi'

2021-10-21 14:25:57 - [MESSAGE][PASSED] - Call Test Case 'Test Cases/Olusturma/Genel/Kutular/IrsaliyeBilgileri' successfully

2021-10-21 14:25:57 - [MESSAGE][INFO] - Checking called Test Case

2021-10-21 14:25:57 - [MESSAGE][INFO] - Starting to call Test Case 'Test Cases/Olusturma/Genel/EkleButonunaBasilir'

2021-10-21 14:25:57 - [TEST_CASE][PASSED] - Test Cases/Olusturma/Genel/EkleButonunaBasilir: Test Cases/Olusturma/Genel/EkleButonunaBasilir

2021-10-21 14:25:57 - [TEST_STEP][PASSED] - waitForElementClickable(findTestObject("Object Repository/Olusturma/Genel/Olusturma/Ekle"), 10): Object 'Object Repository/Olusturma/Genel/Olusturma/Ekle' is clickable

2021-10-21 14:25:57 - [MESSAGE][INFO] - Finding Test Object 'Object Repository/Olusturma/Genel/Olusturma/Ekle'

2021-10-21 14:25:57 - [MESSAGE][INFO] - Checking object

2021-10-21 14:25:57 - [MESSAGE][INFO] - Checking timeout

2021-10-21 14:25:57 - [MESSAGE][INFO] - Finding web element from Test Object's properties

2021-10-21 14:25:57 - [MESSAGE][INFO] - Checking timeout

2021-10-21 14:25:57 - [MESSAGE][INFO] - Finding web element with id: 'Object Repository/Olusturma/Genel/Olusturma/Ekle' located by 'By.cssSelector: #divmalhizmet i.fa.fa-plus.fa-lg.text-muted' in '10' second(s)

2021-10-21 14:25:57 - [MESSAGE][INFO] - Smart Wait Function is triggered

2021-10-21 14:25:57 - [MESSAGE][INFO] - Found 1 web elements with id: 'Object Repository/Olusturma/Genel/Olusturma/Ekle' located by 'By.cssSelector: #divmalhizmet i.fa.fa-plus.fa-lg.text-muted' in '10' second(s)

2021-10-21 14:25:57 - [MESSAGE][PASSED] - Object 'Object Repository/Olusturma/Genel/Olusturma/Ekle' is clickable

2021-10-21 14:25:57 - [TEST_STEP][PASSED] - click(findTestObject("Object Repository/Olusturma/Genel/Olusturma/Ekle")): Object: 'Object Repository/Olusturma/Genel/Olusturma/Ekle' is clicked on

2021-10-21 14:25:57 - [MESSAGE][INFO] - Finding Test Object 'Object Repository/Olusturma/Genel/Olusturma/Ekle'

2021-10-21 14:25:57 - [MESSAGE][INFO] - Checking object

2021-10-21 14:25:57 - [MESSAGE][INFO] - Finding web element from Test Object's properties

2021-10-21 14:25:57 - [MESSAGE][INFO] - Checking timeout

2021-10-21 14:25:57 - [MESSAGE][INFO] - Finding web element with id: 'Object Repository/Olusturma/Genel/Olusturma/Ekle' located by 'By.cssSelector: #divmalhizmet i.fa.fa-plus.fa-lg.text-muted' in '30' second(s)

2021-10-21 14:25:57 - [MESSAGE][INFO] - Smart Wait Function is triggered

2021-10-21 14:25:58 - [MESSAGE][INFO] - Found 1 web elements with id: 'Object Repository/Olusturma/Genel/Olusturma/Ekle' located by 'By.cssSelector: #divmalhizmet i.fa.fa-plus.fa-lg.text-muted' in '30' second(s)

2021-10-21 14:25:58 - [MESSAGE][INFO] - Clicking on object: 'Object Repository/Olusturma/Genel/Olusturma/Ekle'

2021-10-21 14:25:58 - [MESSAGE][PASSED] - Object: 'Object Repository/Olusturma/Genel/Olusturma/Ekle' is clicked on

2021-10-21 14:25:58 - [TEST_STEP][PASSED] - waitForElementClickable(findTestObject("Olusturma/Genel/Olusturma/EklenenSatirCarpiImage"), 10): Object 'Object Repository/Olusturma/Genel/Olusturma/EklenenSatirCarpiImage' is clickable

2021-10-21 14:25:58 - [MESSAGE][INFO] - Finding Test Object 'Object Repository/Olusturma/Genel/Olusturma/EklenenSatirCarpiImage'

2021-10-21 14:25:58 - [MESSAGE][INFO] - Checking object

2021-10-21 14:25:58 - [MESSAGE][INFO] - Checking timeout

2021-10-21 14:25:58 - [MESSAGE][INFO] - Finding web element from Test Object's properties

2021-10-21 14:25:58 - [MESSAGE][INFO] - Checking timeout

2021-10-21 14:25:58 - [MESSAGE][INFO] - Finding web element with id: 'Object Repository/Olusturma/Genel/Olusturma/EklenenSatirCarpiImage' located by 'By.cssSelector: .fa.fa-times.fa-lg.text-primary' in '10' second(s)

2021-10-21 14:25:58 - [MESSAGE][INFO] - Smart Wait Function is triggered

2021-10-21 14:25:58 - [MESSAGE][INFO] - Found 1 web elements with id: 'Object Repository/Olusturma/Genel/Olusturma/EklenenSatirCarpiImage' located by 'By.cssSelector: .fa.fa-times.fa-lg.text-primary' in '10' second(s)

2021-10-21 14:25:58 - [MESSAGE][PASSED] - Object 'Object Repository/Olusturma/Genel/Olusturma/EklenenSatirCarpiImage' is clickable

2021-10-21 14:25:58 - [MESSAGE][PASSED] - Call Test Case 'Test Cases/Olusturma/Genel/EkleButonunaBasilir' successfully

2021-10-21 14:25:58 - [MESSAGE][INFO] - Checking called Test Case

2021-10-21 14:25:58 - [MESSAGE][INFO] - Starting to call Test Case 'Test Cases/Olusturma/Genel/Olusturma'

2021-10-21 14:25:58 - [TEST_CASE][PASSED] - Test Cases/Olusturma/Genel/Olusturma: Test Cases/Olusturma/Genel/Olusturma

2021-10-21 14:25:58 - [TEST_STEP][PASSED] - driver = getWebDriver(): null

2021-10-21 14:25:58 - [TEST_STEP][PASSED] - action = new org.openqa.selenium.interactions.Actions(driver): null

2021-10-21 14:25:58 - [TEST_STEP][PASSED] - baslikElement = <not implemented yet for class: org.codehaus.groovy.ast.expr.EmptyExpression>: null

2021-10-21 14:25:58 - [TEST_STEP][PASSED] - sonElement = <not implemented yet for class: org.codehaus.groovy.ast.expr.EmptyExpression>: null

2021-10-21 14:25:58 - [TEST_STEP][PASSED] - attr = <not implemented yet for class: org.codehaus.groovy.ast.expr.EmptyExpression>: null

2021-10-21 14:25:58 - [TEST_STEP][PASSED] - a = 0: null

2021-10-21 14:25:58 - [TEST_STEP][PASSED] - elements = findWebElements(findTestObject("Object Repository/Olusturma/Genel/Olusturma/TabloBasliklari"), 10): Found 14 web elements with id: 'Object Repository/Olusturma/Genel/Olusturma/TabloBasliklari' located by 'By.cssSelector: div#divmalhizmet .dxgvTable_LECustomTheme td.dxgvHeader_LECustomTheme tr>td:nth-child(1)' in '10' second(s)

2021-10-21 14:25:58 - [MESSAGE][INFO] - Finding Test Object 'Object Repository/Olusturma/Genel/Olusturma/TabloBasliklari'

2021-10-21 14:25:58 - [MESSAGE][INFO] - Checking timeout

2021-10-21 14:25:58 - [MESSAGE][INFO] - Finding web element with id: 'Object Repository/Olusturma/Genel/Olusturma/TabloBasliklari' located by 'By.cssSelector: div#divmalhizmet .dxgvTable_LECustomTheme td.dxgvHeader_LECustomTheme tr>td:nth-child(1)' in '10' second(s)

2021-10-21 14:25:58 - [MESSAGE][INFO] - Smart Wait Function is triggered

2021-10-21 14:26:00 - [MESSAGE][INFO] - Found 14 web elements with id: 'Object Repository/Olusturma/Genel/Olusturma/TabloBasliklari' located by 'By.cssSelector: div#divmalhizmet .dxgvTable_LECustomTheme td.dxgvHeader_LECustomTheme tr>td:nth-child(1)' in '10' second(s)

2021-10-21 14:26:00 - [TEST_STEP][PASSED] - for (def element : elements): null

2021-10-21 14:26:00 - [TEST_STEP][PASSED] - build().perform(): null

2021-10-21 14:26:00 - [TEST_STEP][PASSED] - if (getText().equals(Baslik)): null

2021-10-21 14:26:00 - [TEST_STEP][PASSED] - baslikElement = element.findElement(By.xpath("../../../..")): Smart Wait Function is triggered

2021-10-21 14:26:00 - [MESSAGE][INFO] - Smart Wait Function is triggered

2021-10-21 14:26:00 - [TEST_STEP][PASSED] - attr = baslikElement.getAttribute("id"): null

2021-10-21 14:26:00 - [TEST_STEP][PASSED] - println("girdi ve idsini aldı = " + attr): null

2021-10-21 14:26:00 - [TEST_STEP][PASSED] - break: null

2021-10-21 14:26:00 - [TEST_STEP][PASSED] - countElement = baslikElement.findElements(By.xpath("../td")): Smart Wait Function is triggered

2021-10-21 14:26:00 - [MESSAGE][INFO] - Smart Wait Function is triggered

2021-10-21 14:26:00 - [TEST_STEP][PASSED] - for (def element : countElement): null

2021-10-21 14:26:00 - [TEST_STEP][PASSED] - if (toString().equals(attr.toString())): null

2021-10-21 14:26:00 - [TEST_STEP][PASSED] - (a++): null

2021-10-21 14:26:00 - [TEST_STEP][PASSED] - if (toString().equals(attr.toString())): null

2021-10-21 14:26:00 - [TEST_STEP][PASSED] - break: null

2021-10-21 14:26:00 - [TEST_STEP][PASSED] - son = findWebElement(findTestObject("Object Repository/Olusturma/Genel/Olusturma/EklenenSatir")).findElement(By.xpath("td[@class='dxgvInlineEditCell_LECustomTheme dxgv'][" + a + "]//td[@class='dxic']/input")): Smart Wait Function is triggered

2021-10-21 14:26:00 - [MESSAGE][INFO] - Finding Test Object 'Object Repository/Olusturma/Genel/Olusturma/EklenenSatir'

2021-10-21 14:26:00 - [MESSAGE][INFO] - Finding web element from Test Object's properties

2021-10-21 14:26:00 - [MESSAGE][INFO] - Checking timeout

2021-10-21 14:26:00 - [MESSAGE][INFO] - Finding web element with id: 'Object Repository/Olusturma/Genel/Olusturma/EklenenSatir' located by 'By.cssSelector: #divmalhizmet .dxgvInlineEditRow_LECustomTheme' in '30' second(s)

2021-10-21 14:26:00 - [MESSAGE][INFO] - Smart Wait Function is triggered

2021-10-21 14:26:01 - [MESSAGE][INFO] - Found 1 web elements with id: 'Object Repository/Olusturma/Genel/Olusturma/EklenenSatir' located by 'By.cssSelector: #divmalhizmet .dxgvInlineEditRow_LECustomTheme' in '30' second(s)

2021-10-21 14:26:01 - [MESSAGE][INFO] - Smart Wait Function is triggered

2021-10-21 14:26:01 - [TEST_STEP][PASSED] - if (!(getAttribute("value").contains("Vkn"))): null

2021-10-21 14:26:01 - [TEST_STEP][PASSED] - son.clear(): null

2021-10-21 14:26:01 - [TEST_STEP][PASSED] - son.sendKeys(Deger): null

2021-10-21 14:26:01 - [MESSAGE][PASSED] - Call Test Case 'Test Cases/Olusturma/Genel/Olusturma' successfully

2021-10-21 14:26:01 - [MESSAGE][INFO] - Checking called Test Case

2021-10-21 14:26:01 - [MESSAGE][INFO] - Starting to call Test Case 'Test Cases/Olusturma/Genel/Olusturma'

2021-10-21 14:26:01 - [TEST_CASE][PASSED] - Test Cases/Olusturma/Genel/Olusturma: Test Cases/Olusturma/Genel/Olusturma

2021-10-21 14:26:01 - [TEST_STEP][PASSED] - driver = getWebDriver(): null

2021-10-21 14:26:01 - [TEST_STEP][PASSED] - action = new org.openqa.selenium.interactions.Actions(driver): null

2021-10-21 14:26:01 - [TEST_STEP][PASSED] - baslikElement = <not implemented yet for class: org.codehaus.groovy.ast.expr.EmptyExpression>: null

2021-10-21 14:26:01 - [TEST_STEP][PASSED] - sonElement = <not implemented yet for class: org.codehaus.groovy.ast.expr.EmptyExpression>: null

2021-10-21 14:26:01 - [TEST_STEP][PASSED] - attr = <not implemented yet for class: org.codehaus.groovy.ast.expr.EmptyExpression>: null

2021-10-21 14:26:01 - [TEST_STEP][PASSED] - a = 0: null

2021-10-21 14:26:01 - [TEST_STEP][PASSED] - elements = findWebElements(findTestObject("Object Repository/Olusturma/Genel/Olusturma/TabloBasliklari"), 10): Found 14 web elements with id: 'Object Repository/Olusturma/Genel/Olusturma/TabloBasliklari' located by 'By.cssSelector: div#divmalhizmet .dxgvTable_LECustomTheme td.dxgvHeader_LECustomTheme tr>td:nth-child(1)' in '10' second(s)

2021-10-21 14:26:01 - [MESSAGE][INFO] - Finding Test Object 'Object Repository/Olusturma/Genel/Olusturma/TabloBasliklari'

2021-10-21 14:26:02 - [MESSAGE][INFO] - Checking timeout

2021-10-21 14:26:02 - [MESSAGE][INFO] - Finding web element with id: 'Object Repository/Olusturma/Genel/Olusturma/TabloBasliklari' located by 'By.cssSelector: div#divmalhizmet .dxgvTable_LECustomTheme td.dxgvHeader_LECustomTheme tr>td:nth-child(1)' in '10' second(s)

2021-10-21 14:26:02 - [MESSAGE][INFO] - Smart Wait Function is triggered

2021-10-21 14:26:02 - [MESSAGE][INFO] - Found 14 web elements with id: 'Object Repository/Olusturma/Genel/Olusturma/TabloBasliklari' located by 'By.cssSelector: div#divmalhizmet .dxgvTable_LECustomTheme td.dxgvHeader_LECustomTheme tr>td:nth-child(1)' in '10' second(s)

2021-10-21 14:26:02 - [TEST_STEP][PASSED] - for (def element : elements): null

2021-10-21 14:26:02 - [TEST_STEP][PASSED] - build().perform(): null

2021-10-21 14:26:02 - [TEST_STEP][PASSED] - if (getText().equals(Baslik)): null

2021-10-21 14:26:02 - [TEST_STEP][PASSED] - build().perform(): null

2021-10-21 14:26:02 - [TEST_STEP][PASSED] - if (getText().equals(Baslik)): null

2021-10-21 14:26:02 - [TEST_STEP][PASSED] - baslikElement = element.findElement(By.xpath("../../../..")): Smart Wait Function is triggered

2021-10-21 14:26:02 - [MESSAGE][INFO] - Smart Wait Function is triggered

2021-10-21 14:26:03 - [TEST_STEP][PASSED] - attr = baslikElement.getAttribute("id"): null

2021-10-21 14:26:03 - [TEST_STEP][PASSED] - println("girdi ve idsini aldı = " + attr): null

2021-10-21 14:26:03 - [TEST_STEP][PASSED] - break: null

2021-10-21 14:26:03 - [TEST_STEP][PASSED] - countElement = baslikElement.findElements(By.xpath("../td")): Smart Wait Function is triggered

2021-10-21 14:26:03 - [MESSAGE][INFO] - Smart Wait Function is triggered

2021-10-21 14:26:03 - [TEST_STEP][PASSED] - for (def element : countElement): null

2021-10-21 14:26:03 - [TEST_STEP][PASSED] - if (toString().equals(attr.toString())): null

2021-10-21 14:26:03 - [TEST_STEP][PASSED] - (a++): null

2021-10-21 14:26:03 - [TEST_STEP][PASSED] - if (toString().equals(attr.toString())): null

2021-10-21 14:26:03 - [TEST_STEP][PASSED] - (a++): null

2021-10-21 14:26:03 - [TEST_STEP][PASSED] - if (toString().equals(attr.toString())): null

2021-10-21 14:26:03 - [TEST_STEP][PASSED] - break: null

2021-10-21 14:26:03 - [TEST_STEP][PASSED] - son = findWebElement(findTestObject("Object Repository/Olusturma/Genel/Olusturma/EklenenSatir")).findElement(By.xpath("td[@class='dxgvInlineEditCell_LECustomTheme dxgv'][" + a + "]//td[@class='dxic']/input")): Smart Wait Function is triggered

2021-10-21 14:26:03 - [MESSAGE][INFO] - Finding Test Object 'Object Repository/Olusturma/Genel/Olusturma/EklenenSatir'

2021-10-21 14:26:03 - [MESSAGE][INFO] - Finding web element from Test Object's properties

2021-10-21 14:26:03 - [MESSAGE][INFO] - Checking timeout

2021-10-21 14:26:03 - [MESSAGE][INFO] - Finding web element with id: 'Object Repository/Olusturma/Genel/Olusturma/EklenenSatir' located by 'By.cssSelector: #divmalhizmet .dxgvInlineEditRow_LECustomTheme' in '30' second(s)

2021-10-21 14:26:03 - [MESSAGE][INFO] - Smart Wait Function is triggered

2021-10-21 14:26:03 - [MESSAGE][INFO] - Found 1 web elements with id: 'Object Repository/Olusturma/Genel/Olusturma/EklenenSatir' located by 'By.cssSelector: #divmalhizmet .dxgvInlineEditRow_LECustomTheme' in '30' second(s)

2021-10-21 14:26:03 - [MESSAGE][INFO] - Smart Wait Function is triggered

2021-10-21 14:26:04 - [TEST_STEP][PASSED] - if (!(getAttribute("value").contains("Vkn"))): null

2021-10-21 14:26:04 - [TEST_STEP][PASSED] - son.clear(): null

2021-10-21 14:26:04 - [TEST_STEP][PASSED] - son.sendKeys(Deger): null

2021-10-21 14:26:04 - [MESSAGE][PASSED] - Call Test Case 'Test Cases/Olusturma/Genel/Olusturma' successfully

2021-10-21 14:26:04 - [MESSAGE][INFO] - Checking called Test Case

2021-10-21 14:26:04 - [MESSAGE][INFO] - Starting to call Test Case 'Test Cases/Olusturma/Genel/Olusturma'

2021-10-21 14:26:04 - [TEST_CASE][PASSED] - Test Cases/Olusturma/Genel/Olusturma: Test Cases/Olusturma/Genel/Olusturma

2021-10-21 14:26:04 - [TEST_STEP][PASSED] - driver = getWebDriver(): null

2021-10-21 14:26:04 - [TEST_STEP][PASSED] - action = new org.openqa.selenium.interactions.Actions(driver): null

2021-10-21 14:26:04 - [TEST_STEP][PASSED] - baslikElement = <not implemented yet for class: org.codehaus.groovy.ast.expr.EmptyExpression>: null

2021-10-21 14:26:04 - [TEST_STEP][PASSED] - sonElement = <not implemented yet for class: org.codehaus.groovy.ast.expr.EmptyExpression>: null

2021-10-21 14:26:04 - [TEST_STEP][PASSED] - attr = <not implemented yet for class: org.codehaus.groovy.ast.expr.EmptyExpression>: null

2021-10-21 14:26:04 - [TEST_STEP][PASSED] - a = 0: null

2021-10-21 14:26:04 - [TEST_STEP][PASSED] - elements = findWebElements(findTestObject("Object Repository/Olusturma/Genel/Olusturma/TabloBasliklari"), 10): Found 14 web elements with id: 'Object Repository/Olusturma/Genel/Olusturma/TabloBasliklari' located by 'By.cssSelector: div#divmalhizmet .dxgvTable_LECustomTheme td.dxgvHeader_LECustomTheme tr>td:nth-child(1)' in '10' second(s)

2021-10-21 14:26:04 - [MESSAGE][INFO] - Finding Test Object 'Object Repository/Olusturma/Genel/Olusturma/TabloBasliklari'

2021-10-21 14:26:04 - [MESSAGE][INFO] - Checking timeout

2021-10-21 14:26:04 - [MESSAGE][INFO] - Finding web element with id: 'Object Repository/Olusturma/Genel/Olusturma/TabloBasliklari' located by 'By.cssSelector: div#divmalhizmet .dxgvTable_LECustomTheme td.dxgvHeader_LECustomTheme tr>td:nth-child(1)' in '10' second(s)

2021-10-21 14:26:04 - [MESSAGE][INFO] - Smart Wait Function is triggered

2021-10-21 14:26:04 - [MESSAGE][INFO] - Found 14 web elements with id: 'Object Repository/Olusturma/Genel/Olusturma/TabloBasliklari' located by 'By.cssSelector: div#divmalhizmet .dxgvTable_LECustomTheme td.dxgvHeader_LECustomTheme tr>td:nth-child(1)' in '10' second(s)

2021-10-21 14:26:04 - [TEST_STEP][PASSED] - for (def element : elements): null

2021-10-21 14:26:04 - [TEST_STEP][PASSED] - build().perform(): null

2021-10-21 14:26:05 - [TEST_STEP][PASSED] - if (getText().equals(Baslik)): null

2021-10-21 14:26:05 - [TEST_STEP][PASSED] - build().perform(): null

2021-10-21 14:26:05 - [TEST_STEP][PASSED] - if (getText().equals(Baslik)): null

2021-10-21 14:26:05 - [TEST_STEP][PASSED] - build().perform(): null

2021-10-21 14:26:05 - [TEST_STEP][PASSED] - if (getText().equals(Baslik)): null

2021-10-21 14:26:05 - [TEST_STEP][PASSED] - build().perform(): null

2021-10-21 14:26:05 - [TEST_STEP][PASSED] - if (getText().equals(Baslik)): null

2021-10-21 14:26:05 - [TEST_STEP][PASSED] - baslikElement = element.findElement(By.xpath("../../../..")): Smart Wait Function is triggered

2021-10-21 14:26:05 - [MESSAGE][INFO] - Smart Wait Function is triggered

2021-10-21 14:26:05 - [TEST_STEP][PASSED] - attr = baslikElement.getAttribute("id"): null

2021-10-21 14:26:05 - [TEST_STEP][PASSED] - println("girdi ve idsini aldı = " + attr): null

2021-10-21 14:26:05 - [TEST_STEP][PASSED] - break: null

2021-10-21 14:26:05 - [TEST_STEP][PASSED] - countElement = baslikElement.findElements(By.xpath("../td")): Smart Wait Function is triggered

2021-10-21 14:26:05 - [MESSAGE][INFO] - Smart Wait Function is triggered

2021-10-21 14:26:06 - [TEST_STEP][PASSED] - for (def element : countElement): null

2021-10-21 14:26:06 - [TEST_STEP][PASSED] - if (toString().equals(attr.toString())): null

2021-10-21 14:26:06 - [TEST_STEP][PASSED] - (a++): null

2021-10-21 14:26:06 - [TEST_STEP][PASSED] - if (toString().equals(attr.toString())): null

2021-10-21 14:26:06 - [TEST_STEP][PASSED] - (a++): null

2021-10-21 14:26:06 - [TEST_STEP][PASSED] - if (toString().equals(attr.toString())): null

2021-10-21 14:26:06 - [TEST_STEP][PASSED] - (a++): null

2021-10-21 14:26:06 - [TEST_STEP][PASSED] - if (toString().equals(attr.toString())): null

2021-10-21 14:26:06 - [TEST_STEP][PASSED] - (a++): null

2021-10-21 14:26:06 - [TEST_STEP][PASSED] - if (toString().equals(attr.toString())): null

2021-10-21 14:26:06 - [TEST_STEP][PASSED] - break: null

2021-10-21 14:26:06 - [TEST_STEP][PASSED] - son = findWebElement(findTestObject("Object Repository/Olusturma/Genel/Olusturma/EklenenSatir")).findElement(By.xpath("td[@class='dxgvInlineEditCell_LECustomTheme dxgv'][" + a + "]//td[@class='dxic']/input")): Smart Wait Function is triggered

2021-10-21 14:26:06 - [MESSAGE][INFO] - Finding Test Object 'Object Repository/Olusturma/Genel/Olusturma/EklenenSatir'

2021-10-21 14:26:06 - [MESSAGE][INFO] - Finding web element from Test Object's properties

2021-10-21 14:26:06 - [MESSAGE][INFO] - Checking timeout

2021-10-21 14:26:06 - [MESSAGE][INFO] - Finding web element with id: 'Object Repository/Olusturma/Genel/Olusturma/EklenenSatir' located by 'By.cssSelector: #divmalhizmet .dxgvInlineEditRow_LECustomTheme' in '30' second(s)

2021-10-21 14:26:06 - [MESSAGE][INFO] - Smart Wait Function is triggered

2021-10-21 14:26:06 - [MESSAGE][INFO] - Found 1 web elements with id: 'Object Repository/Olusturma/Genel/Olusturma/EklenenSatir' located by 'By.cssSelector: #divmalhizmet .dxgvInlineEditRow_LECustomTheme' in '30' second(s)

2021-10-21 14:26:06 - [MESSAGE][INFO] - Smart Wait Function is triggered

2021-10-21 14:26:06 - [TEST_STEP][PASSED] - if (!(getAttribute("value").contains("Vkn"))): null

2021-10-21 14:26:06 - [TEST_STEP][PASSED] - son.clear(): null

2021-10-21 14:26:06 - [TEST_STEP][PASSED] - son.sendKeys(Deger): null

2021-10-21 14:26:07 - [MESSAGE][PASSED] - Call Test Case 'Test Cases/Olusturma/Genel/Olusturma' successfully

2021-10-21 14:26:07 - [MESSAGE][INFO] - Checking called Test Case

2021-10-21 14:26:07 - [MESSAGE][INFO] - Starting to call Test Case 'Test Cases/Olusturma/Genel/Olusturma'

2021-10-21 14:26:07 - [TEST_CASE][PASSED] - Test Cases/Olusturma/Genel/Olusturma: Test Cases/Olusturma/Genel/Olusturma

2021-10-21 14:26:07 - [TEST_STEP][PASSED] - driver = getWebDriver(): null

2021-10-21 14:26:07 - [TEST_STEP][PASSED] - action = new org.openqa.selenium.interactions.Actions(driver): null

2021-10-21 14:26:07 - [TEST_STEP][PASSED] - baslikElement = <not implemented yet for class: org.codehaus.groovy.ast.expr.EmptyExpression>: null

2021-10-21 14:26:07 - [TEST_STEP][PASSED] - sonElement = <not implemented yet for class: org.codehaus.groovy.ast.expr.EmptyExpression>: null

2021-10-21 14:26:07 - [TEST_STEP][PASSED] - attr = <not implemented yet for class: org.codehaus.groovy.ast.expr.EmptyExpression>: null

2021-10-21 14:26:07 - [TEST_STEP][PASSED] - a = 0: null

2021-10-21 14:26:07 - [TEST_STEP][PASSED] - elements = findWebElements(findTestObject("Object Repository/Olusturma/Genel/Olusturma/TabloBasliklari"), 10): Found 14 web elements with id: 'Object Repository/Olusturma/Genel/Olusturma/TabloBasliklari' located by 'By.cssSelector: div#divmalhizmet .dxgvTable_LECustomTheme td.dxgvHeader_LECustomTheme tr>td:nth-child(1)' in '10' second(s)

2021-10-21 14:26:07 - [MESSAGE][INFO] - Finding Test Object 'Object Repository/Olusturma/Genel/Olusturma/TabloBasliklari'

2021-10-21 14:26:07 - [MESSAGE][INFO] - Checking timeout

2021-10-21 14:26:07 - [MESSAGE][INFO] - Finding web element with id: 'Object Repository/Olusturma/Genel/Olusturma/TabloBasliklari' located by 'By.cssSelector: div#divmalhizmet .dxgvTable_LECustomTheme td.dxgvHeader_LECustomTheme tr>td:nth-child(1)' in '10' second(s)

2021-10-21 14:26:07 - [MESSAGE][INFO] - Smart Wait Function is triggered

2021-10-21 14:26:07 - [MESSAGE][INFO] - Found 14 web elements with id: 'Object Repository/Olusturma/Genel/Olusturma/TabloBasliklari' located by 'By.cssSelector: div#divmalhizmet .dxgvTable_LECustomTheme td.dxgvHeader_LECustomTheme tr>td:nth-child(1)' in '10' second(s)

2021-10-21 14:26:07 - [TEST_STEP][PASSED] - for (def element : elements): null

2021-10-21 14:26:07 - [TEST_STEP][PASSED] - build().perform(): null

2021-10-21 14:26:07 - [TEST_STEP][PASSED] - if (getText().equals(Baslik)): null

2021-10-21 14:26:07 - [TEST_STEP][PASSED] - build().perform(): null

2021-10-21 14:26:07 - [TEST_STEP][PASSED] - if (getText().equals(Baslik)): null

2021-10-21 14:26:07 - [TEST_STEP][PASSED] - build().perform(): null

2021-10-21 14:26:07 - [TEST_STEP][PASSED] - if (getText().equals(Baslik)): null

2021-10-21 14:26:07 - [TEST_STEP][PASSED] - build().perform(): null

2021-10-21 14:26:08 - [TEST_STEP][PASSED] - if (getText().equals(Baslik)): null

2021-10-21 14:26:08 - [TEST_STEP][PASSED] - build().perform(): null

2021-10-21 14:26:08 - [TEST_STEP][PASSED] - if (getText().equals(Baslik)): null

2021-10-21 14:26:08 - [TEST_STEP][PASSED] - baslikElement = element.findElement(By.xpath("../../../..")): Smart Wait Function is triggered

2021-10-21 14:26:08 - [MESSAGE][INFO] - Smart Wait Function is triggered

2021-10-21 14:26:08 - [TEST_STEP][PASSED] - attr = baslikElement.getAttribute("id"): null

2021-10-21 14:26:08 - [TEST_STEP][PASSED] - println("girdi ve idsini aldı = " + attr): null

2021-10-21 14:26:08 - [TEST_STEP][PASSED] - break: null

2021-10-21 14:26:08 - [TEST_STEP][PASSED] - countElement = baslikElement.findElements(By.xpath("../td")): Smart Wait Function is triggered

2021-10-21 14:26:08 - [MESSAGE][INFO] - Smart Wait Function is triggered

2021-10-21 14:26:08 - [TEST_STEP][PASSED] - for (def element : countElement): null

2021-10-21 14:26:08 - [TEST_STEP][PASSED] - if (toString().equals(attr.toString())): null

2021-10-21 14:26:08 - [TEST_STEP][PASSED] - (a++): null

2021-10-21 14:26:08 - [TEST_STEP][PASSED] - if (toString().equals(attr.toString())): null

2021-10-21 14:26:08 - [TEST_STEP][PASSED] - (a++): null

2021-10-21 14:26:08 - [TEST_STEP][PASSED] - if (toString().equals(attr.toString())): null

2021-10-21 14:26:08 - [TEST_STEP][PASSED] - (a++): null

2021-10-21 14:26:08 - [TEST_STEP][PASSED] - if (toString().equals(attr.toString())): null

2021-10-21 14:26:08 - [TEST_STEP][PASSED] - (a++): null

2021-10-21 14:26:08 - [TEST_STEP][PASSED] - if (toString().equals(attr.toString())): null

2021-10-21 14:26:08 - [TEST_STEP][PASSED] - (a++): null

2021-10-21 14:26:08 - [TEST_STEP][PASSED] - if (toString().equals(attr.toString())): null

2021-10-21 14:26:08 - [TEST_STEP][PASSED] - break: null

2021-10-21 14:26:08 - [TEST_STEP][PASSED] - son = findWebElement(findTestObject("Object Repository/Olusturma/Genel/Olusturma/EklenenSatir")).findElement(By.xpath("td[@class='dxgvInlineEditCell_LECustomTheme dxgv'][" + a + "]//td[@class='dxic']/input")): Smart Wait Function is triggered

2021-10-21 14:26:08 - [MESSAGE][INFO] - Finding Test Object 'Object Repository/Olusturma/Genel/Olusturma/EklenenSatir'

2021-10-21 14:26:09 - [MESSAGE][INFO] - Finding web element from Test Object's properties

2021-10-21 14:26:09 - [MESSAGE][INFO] - Checking timeout

2021-10-21 14:26:09 - [MESSAGE][INFO] - Finding web element with id: 'Object Repository/Olusturma/Genel/Olusturma/EklenenSatir' located by 'By.cssSelector: #divmalhizmet .dxgvInlineEditRow_LECustomTheme' in '30' second(s)

2021-10-21 14:26:09 - [MESSAGE][INFO] - Smart Wait Function is triggered

2021-10-21 14:26:09 - [MESSAGE][INFO] - Found 1 web elements with id: 'Object Repository/Olusturma/Genel/Olusturma/EklenenSatir' located by 'By.cssSelector: #divmalhizmet .dxgvInlineEditRow_LECustomTheme' in '30' second(s)

2021-10-21 14:26:09 - [MESSAGE][INFO] - Smart Wait Function is triggered

2021-10-21 14:26:09 - [TEST_STEP][PASSED] - if (!(getAttribute("value").contains("Vkn"))): null

2021-10-21 14:26:09 - [TEST_STEP][PASSED] - son.clear(): null

2021-10-21 14:26:09 - [TEST_STEP][PASSED] - son.sendKeys(Deger): null

2021-10-21 14:26:09 - [MESSAGE][PASSED] - Call Test Case 'Test Cases/Olusturma/Genel/Olusturma' successfully

2021-10-21 14:26:09 - [MESSAGE][INFO] - Checking called Test Case

2021-10-21 14:26:09 - [MESSAGE][INFO] - Starting to call Test Case 'Test Cases/Olusturma/Genel/Olusturma'

2021-10-21 14:26:09 - [TEST_CASE][PASSED] - Test Cases/Olusturma/Genel/Olusturma: Test Cases/Olusturma/Genel/Olusturma

2021-10-21 14:26:09 - [TEST_STEP][PASSED] - driver = getWebDriver(): null

2021-10-21 14:26:09 - [TEST_STEP][PASSED] - action = new org.openqa.selenium.interactions.Actions(driver): null

2021-10-21 14:26:09 - [TEST_STEP][PASSED] - baslikElement = <not implemented yet for class: org.codehaus.groovy.ast.expr.EmptyExpression>: null

2021-10-21 14:26:09 - [TEST_STEP][PASSED] - sonElement = <not implemented yet for class: org.codehaus.groovy.ast.expr.EmptyExpression>: null

2021-10-21 14:26:09 - [TEST_STEP][PASSED] - attr = <not implemented yet for class: org.codehaus.groovy.ast.expr.EmptyExpression>: null

2021-10-21 14:26:09 - [TEST_STEP][PASSED] - a = 0: null

2021-10-21 14:26:09 - [TEST_STEP][PASSED] - elements = findWebElements(findTestObject("Object Repository/Olusturma/Genel/Olusturma/TabloBasliklari"), 10): Found 14 web elements with id: 'Object Repository/Olusturma/Genel/Olusturma/TabloBasliklari' located by 'By.cssSelector: div#divmalhizmet .dxgvTable_LECustomTheme td.dxgvHeader_LECustomTheme tr>td:nth-child(1)' in '10' second(s)

2021-10-21 14:26:09 - [MESSAGE][INFO] - Finding Test Object 'Object Repository/Olusturma/Genel/Olusturma/TabloBasliklari'

2021-10-21 14:26:09 - [MESSAGE][INFO] - Checking timeout

2021-10-21 14:26:09 - [MESSAGE][INFO] - Finding web element with id: 'Object Repository/Olusturma/Genel/Olusturma/TabloBasliklari' located by 'By.cssSelector: div#divmalhizmet .dxgvTable_LECustomTheme td.dxgvHeader_LECustomTheme tr>td:nth-child(1)' in '10' second(s)

2021-10-21 14:26:09 - [MESSAGE][INFO] - Smart Wait Function is triggered

2021-10-21 14:26:10 - [MESSAGE][INFO] - Found 14 web elements with id: 'Object Repository/Olusturma/Genel/Olusturma/TabloBasliklari' located by 'By.cssSelector: div#divmalhizmet .dxgvTable_LECustomTheme td.dxgvHeader_LECustomTheme tr>td:nth-child(1)' in '10' second(s)

2021-10-21 14:26:10 - [TEST_STEP][PASSED] - for (def element : elements): null

2021-10-21 14:26:10 - [TEST_STEP][PASSED] - build().perform(): null

2021-10-21 14:26:10 - [TEST_STEP][PASSED] - if (getText().equals(Baslik)): null

2021-10-21 14:26:10 - [TEST_STEP][PASSED] - build().perform(): null

2021-10-21 14:26:10 - [TEST_STEP][PASSED] - if (getText().equals(Baslik)): null

2021-10-21 14:26:10 - [TEST_STEP][PASSED] - build().perform(): null

2021-10-21 14:26:10 - [TEST_STEP][PASSED] - if (getText().equals(Baslik)): null

2021-10-21 14:26:10 - [TEST_STEP][PASSED] - build().perform(): null

2021-10-21 14:26:10 - [TEST_STEP][PASSED] - if (getText().equals(Baslik)): null

2021-10-21 14:26:10 - [TEST_STEP][PASSED] - build().perform(): null

2021-10-21 14:26:10 - [TEST_STEP][PASSED] - if (getText().equals(Baslik)): null

2021-10-21 14:26:10 - [TEST_STEP][PASSED] - build().perform(): null

2021-10-21 14:26:11 - [TEST_STEP][PASSED] - if (getText().equals(Baslik)): null

2021-10-21 14:26:11 - [TEST_STEP][PASSED] - build().perform(): null

2021-10-21 14:26:11 - [TEST_STEP][PASSED] - if (getText().equals(Baslik)): null

2021-10-21 14:26:11 - [TEST_STEP][PASSED] - baslikElement = element.findElement(By.xpath("../../../..")): Smart Wait Function is triggered

2021-10-21 14:26:11 - [MESSAGE][INFO] - Smart Wait Function is triggered

2021-10-21 14:26:11 - [TEST_STEP][PASSED] - attr = baslikElement.getAttribute("id"): null

2021-10-21 14:26:11 - [TEST_STEP][PASSED] - println("girdi ve idsini aldı = " + attr): null

2021-10-21 14:26:11 - [TEST_STEP][PASSED] - break: null

2021-10-21 14:26:11 - [TEST_STEP][PASSED] - countElement = baslikElement.findElements(By.xpath("../td")): Smart Wait Function is triggered

2021-10-21 14:26:11 - [MESSAGE][INFO] - Smart Wait Function is triggered

2021-10-21 14:26:11 - [TEST_STEP][PASSED] - for (def element : countElement): null

2021-10-21 14:26:11 - [TEST_STEP][PASSED] - if (toString().equals(attr.toString())): null

2021-10-21 14:26:11 - [TEST_STEP][PASSED] - (a++): null

2021-10-21 14:26:11 - [TEST_STEP][PASSED] - if (toString().equals(attr.toString())): null

2021-10-21 14:26:11 - [TEST_STEP][PASSED] - (a++): null

2021-10-21 14:26:11 - [TEST_STEP][PASSED] - if (toString().equals(attr.toString())): null

2021-10-21 14:26:11 - [TEST_STEP][PASSED] - (a++): null

2021-10-21 14:26:11 - [TEST_STEP][PASSED] - if (toString().equals(attr.toString())): null

2021-10-21 14:26:11 - [TEST_STEP][PASSED] - (a++): null

2021-10-21 14:26:11 - [TEST_STEP][PASSED] - if (toString().equals(attr.toString())): null

2021-10-21 14:26:11 - [TEST_STEP][PASSED] - (a++): null

2021-10-21 14:26:11 - [TEST_STEP][PASSED] - if (toString().equals(attr.toString())): null

2021-10-21 14:26:11 - [TEST_STEP][PASSED] - (a++): null

2021-10-21 14:26:11 - [TEST_STEP][PASSED] - if (toString().equals(attr.toString())): null

2021-10-21 14:26:11 - [TEST_STEP][PASSED] - (a++): null

2021-10-21 14:26:11 - [TEST_STEP][PASSED] - if (toString().equals(attr.toString())): null

2021-10-21 14:26:11 - [TEST_STEP][PASSED] - break: null

2021-10-21 14:26:11 - [TEST_STEP][PASSED] - son = findWebElement(findTestObject("Object Repository/Olusturma/Genel/Olusturma/EklenenSatir")).findElement(By.xpath("td[@class='dxgvInlineEditCell_LECustomTheme dxgv'][" + a + "]//td[@class='dxic']/input")): Smart Wait Function is triggered

2021-10-21 14:26:11 - [MESSAGE][INFO] - Finding Test Object 'Object Repository/Olusturma/Genel/Olusturma/EklenenSatir'

2021-10-21 14:26:12 - [MESSAGE][INFO] - Finding web element from Test Object's properties

2021-10-21 14:26:12 - [MESSAGE][INFO] - Checking timeout

2021-10-21 14:26:12 - [MESSAGE][INFO] - Finding web element with id: 'Object Repository/Olusturma/Genel/Olusturma/EklenenSatir' located by 'By.cssSelector: #divmalhizmet .dxgvInlineEditRow_LECustomTheme' in '30' second(s)

2021-10-21 14:26:12 - [MESSAGE][INFO] - Smart Wait Function is triggered

2021-10-21 14:26:12 - [MESSAGE][INFO] - Found 1 web elements with id: 'Object Repository/Olusturma/Genel/Olusturma/EklenenSatir' located by 'By.cssSelector: #divmalhizmet .dxgvInlineEditRow_LECustomTheme' in '30' second(s)

2021-10-21 14:26:12 - [MESSAGE][INFO] - Smart Wait Function is triggered

2021-10-21 14:26:12 - [TEST_STEP][PASSED] - if (!(getAttribute("value").contains("Vkn"))): null

2021-10-21 14:26:12 - [TEST_STEP][PASSED] - son.clear(): null

2021-10-21 14:26:12 - [TEST_STEP][PASSED] - son.sendKeys(Deger): null

2021-10-21 14:26:12 - [MESSAGE][PASSED] - Call Test Case 'Test Cases/Olusturma/Genel/Olusturma' successfully

2021-10-21 14:26:12 - [MESSAGE][INFO] - Checking called Test Case

2021-10-21 14:26:12 - [MESSAGE][INFO] - Starting to call Test Case 'Test Cases/Olusturma/Genel/Olusturma'

2021-10-21 14:26:12 - [TEST_CASE][PASSED] - Test Cases/Olusturma/Genel/Olusturma: Test Cases/Olusturma/Genel/Olusturma

2021-10-21 14:26:12 - [TEST_STEP][PASSED] - driver = getWebDriver(): null

2021-10-21 14:26:12 - [TEST_STEP][PASSED] - action = new org.openqa.selenium.interactions.Actions(driver): null

2021-10-21 14:26:12 - [TEST_STEP][PASSED] - baslikElement = <not implemented yet for class: org.codehaus.groovy.ast.expr.EmptyExpression>: null

2021-10-21 14:26:12 - [TEST_STEP][PASSED] - sonElement = <not implemented yet for class: org.codehaus.groovy.ast.expr.EmptyExpression>: null

2021-10-21 14:26:12 - [TEST_STEP][PASSED] - attr = <not implemented yet for class: org.codehaus.groovy.ast.expr.EmptyExpression>: null

2021-10-21 14:26:12 - [TEST_STEP][PASSED] - a = 0: null

2021-10-21 14:26:12 - [TEST_STEP][PASSED] - elements = findWebElements(findTestObject("Object Repository/Olusturma/Genel/Olusturma/TabloBasliklari"), 10): Found 14 web elements with id: 'Object Repository/Olusturma/Genel/Olusturma/TabloBasliklari' located by 'By.cssSelector: div#divmalhizmet .dxgvTable_LECustomTheme td.dxgvHeader_LECustomTheme tr>td:nth-child(1)' in '10' second(s)

2021-10-21 14:26:12 - [MESSAGE][INFO] - Finding Test Object 'Object Repository/Olusturma/Genel/Olusturma/TabloBasliklari'

2021-10-21 14:26:13 - [MESSAGE][INFO] - Checking timeout

2021-10-21 14:26:13 - [MESSAGE][INFO] - Finding web element with id: 'Object Repository/Olusturma/Genel/Olusturma/TabloBasliklari' located by 'By.cssSelector: div#divmalhizmet .dxgvTable_LECustomTheme td.dxgvHeader_LECustomTheme tr>td:nth-child(1)' in '10' second(s)

2021-10-21 14:26:13 - [MESSAGE][INFO] - Smart Wait Function is triggered

2021-10-21 14:26:13 - [MESSAGE][INFO] - Found 14 web elements with id: 'Object Repository/Olusturma/Genel/Olusturma/TabloBasliklari' located by 'By.cssSelector: div#divmalhizmet .dxgvTable_LECustomTheme td.dxgvHeader_LECustomTheme tr>td:nth-child(1)' in '10' second(s)

2021-10-21 14:26:13 - [TEST_STEP][PASSED] - for (def element : elements): null

2021-10-21 14:26:13 - [TEST_STEP][PASSED] - build().perform(): null

2021-10-21 14:26:13 - [TEST_STEP][PASSED] - if (getText().equals(Baslik)): null

2021-10-21 14:26:13 - [TEST_STEP][PASSED] - build().perform(): null

2021-10-21 14:26:13 - [TEST_STEP][PASSED] - if (getText().equals(Baslik)): null

2021-10-21 14:26:13 - [TEST_STEP][PASSED] - build().perform(): null

2021-10-21 14:26:13 - [TEST_STEP][PASSED] - if (getText().equals(Baslik)): null

2021-10-21 14:26:13 - [TEST_STEP][PASSED] - build().perform(): null

2021-10-21 14:26:14 - [TEST_STEP][PASSED] - if (getText().equals(Baslik)): null

2021-10-21 14:26:14 - [TEST_STEP][PASSED] - build().perform(): null

2021-10-21 14:26:14 - [TEST_STEP][PASSED] - if (getText().equals(Baslik)): null

2021-10-21 14:26:14 - [TEST_STEP][PASSED] - build().perform(): null

2021-10-21 14:26:14 - [TEST_STEP][PASSED] - if (getText().equals(Baslik)): null

2021-10-21 14:26:14 - [TEST_STEP][PASSED] - build().perform(): null

2021-10-21 14:26:14 - [TEST_STEP][PASSED] - if (getText().equals(Baslik)): null

2021-10-21 14:26:14 - [TEST_STEP][PASSED] - build().perform(): null

2021-10-21 14:26:14 - [TEST_STEP][PASSED] - if (getText().equals(Baslik)): null

2021-10-21 14:26:14 - [TEST_STEP][PASSED] - baslikElement = element.findElement(By.xpath("../../../..")): Smart Wait Function is triggered

2021-10-21 14:26:14 - [MESSAGE][INFO] - Smart Wait Function is triggered

2021-10-21 14:26:14 - [TEST_STEP][PASSED] - attr = baslikElement.getAttribute("id"): null

2021-10-21 14:26:14 - [TEST_STEP][PASSED] - println("girdi ve idsini aldı = " + attr): null

2021-10-21 14:26:14 - [TEST_STEP][PASSED] - break: null

2021-10-21 14:26:14 - [TEST_STEP][PASSED] - countElement = baslikElement.findElements(By.xpath("../td")): Smart Wait Function is triggered

2021-10-21 14:26:14 - [MESSAGE][INFO] - Smart Wait Function is triggered

2021-10-21 14:26:15 - [TEST_STEP][PASSED] - for (def element : countElement): null

2021-10-21 14:26:15 - [TEST_STEP][PASSED] - if (toString().equals(attr.toString())): null

2021-10-21 14:26:15 - [TEST_STEP][PASSED] - (a++): null

2021-10-21 14:26:15 - [TEST_STEP][PASSED] - if (toString().equals(attr.toString())): null

2021-10-21 14:26:15 - [TEST_STEP][PASSED] - (a++): null

2021-10-21 14:26:15 - [TEST_STEP][PASSED] - if (toString().equals(attr.toString())): null

2021-10-21 14:26:15 - [TEST_STEP][PASSED] - (a++): null

2021-10-21 14:26:15 - [TEST_STEP][PASSED] - if (toString().equals(attr.toString())): null

2021-10-21 14:26:15 - [TEST_STEP][PASSED] - (a++): null

2021-10-21 14:26:15 - [TEST_STEP][PASSED] - if (toString().equals(attr.toString())): null

2021-10-21 14:26:15 - [TEST_STEP][PASSED] - (a++): null

2021-10-21 14:26:15 - [TEST_STEP][PASSED] - if (toString().equals(attr.toString())): null

2021-10-21 14:26:15 - [TEST_STEP][PASSED] - (a++): null

2021-10-21 14:26:15 - [TEST_STEP][PASSED] - if (toString().equals(attr.toString())): null

2021-10-21 14:26:15 - [TEST_STEP][PASSED] - (a++): null

2021-10-21 14:26:15 - [TEST_STEP][PASSED] - if (toString().equals(attr.toString())): null

2021-10-21 14:26:15 - [TEST_STEP][PASSED] - (a++): null

2021-10-21 14:26:15 - [TEST_STEP][PASSED] - if (toString().equals(attr.toString())): null

2021-10-21 14:26:15 - [TEST_STEP][PASSED] - break: null

2021-10-21 14:26:15 - [TEST_STEP][PASSED] - son = findWebElement(findTestObject("Object Repository/Olusturma/Genel/Olusturma/EklenenSatir")).findElement(By.xpath("td[@class='dxgvInlineEditCell_LECustomTheme dxgv'][" + a + "]//td[@class='dxic']/input")): Smart Wait Function is triggered

2021-10-21 14:26:15 - [MESSAGE][INFO] - Finding Test Object 'Object Repository/Olusturma/Genel/Olusturma/EklenenSatir'

2021-10-21 14:26:15 - [MESSAGE][INFO] - Finding web element from Test Object's properties

2021-10-21 14:26:15 - [MESSAGE][INFO] - Checking timeout

2021-10-21 14:26:15 - [MESSAGE][INFO] - Finding web element with id: 'Object Repository/Olusturma/Genel/Olusturma/EklenenSatir' located by 'By.cssSelector: #divmalhizmet .dxgvInlineEditRow_LECustomTheme' in '30' second(s)

2021-10-21 14:26:15 - [MESSAGE][INFO] - Smart Wait Function is triggered

2021-10-21 14:26:15 - [MESSAGE][INFO] - Found 1 web elements with id: 'Object Repository/Olusturma/Genel/Olusturma/EklenenSatir' located by 'By.cssSelector: #divmalhizmet .dxgvInlineEditRow_LECustomTheme' in '30' second(s)

2021-10-21 14:26:15 - [MESSAGE][INFO] - Smart Wait Function is triggered

2021-10-21 14:26:15 - [TEST_STEP][PASSED] - if (!(getAttribute("value").contains("Vkn"))): null

2021-10-21 14:26:15 - [TEST_STEP][PASSED] - son.clear(): null

2021-10-21 14:26:16 - [TEST_STEP][PASSED] - son.sendKeys(Deger): null

2021-10-21 14:26:16 - [MESSAGE][PASSED] - Call Test Case 'Test Cases/Olusturma/Genel/Olusturma' successfully

2021-10-21 14:26:16 - [MESSAGE][INFO] - Checking called Test Case

2021-10-21 14:26:16 - [MESSAGE][INFO] - Starting to call Test Case 'Test Cases/Olusturma/Genel/NotGirilir'

2021-10-21 14:26:16 - [TEST_CASE][PASSED] - Test Cases/Olusturma/Genel/NotGirilir: Test Cases/Olusturma/Genel/NotGirilir

2021-10-21 14:26:16 - [TEST_STEP][PASSED] - i = 0: null

2021-10-21 14:26:16 - [TEST_STEP][PASSED] - waitForElementClickable(findTestObject("Olusturma/Genel/Not/Notlar"), 10): Object 'Object Repository/Olusturma/Genel/Not/Notlar' is clickable

2021-10-21 14:26:16 - [MESSAGE][INFO] - Finding Test Object 'Object Repository/Olusturma/Genel/Not/Notlar'

2021-10-21 14:26:16 - [MESSAGE][INFO] - Checking object

2021-10-21 14:26:16 - [MESSAGE][INFO] - Checking timeout

2021-10-21 14:26:16 - [MESSAGE][INFO] - Finding web element from Test Object's properties

2021-10-21 14:26:16 - [MESSAGE][INFO] - Checking timeout

2021-10-21 14:26:16 - [MESSAGE][INFO] - Finding web element with id: 'Object Repository/Olusturma/Genel/Not/Notlar' located by 'By.xpath: //*[@id = 'txtNote_I']' in '10' second(s)

2021-10-21 14:26:16 - [MESSAGE][INFO] - Smart Wait Function is triggered

2021-10-21 14:26:16 - [MESSAGE][INFO] - Found 1 web elements with id: 'Object Repository/Olusturma/Genel/Not/Notlar' located by 'By.xpath: //*[@id = 'txtNote_I']' in '10' second(s)

2021-10-21 14:26:16 - [MESSAGE][PASSED] - Object 'Object Repository/Olusturma/Genel/Not/Notlar' is clickable

2021-10-21 14:26:16 - [TEST_STEP][PASSED] - clearText(findTestObject("Olusturma/Genel/Not/Notlar")): Text of object 'Object Repository/Olusturma/Genel/Not/Notlar' is cleared

2021-10-21 14:26:16 - [MESSAGE][INFO] - Finding Test Object 'Object Repository/Olusturma/Genel/Not/Notlar'

2021-10-21 14:26:16 - [MESSAGE][INFO] - Checking object

2021-10-21 14:26:16 - [MESSAGE][INFO] - Finding web element from Test Object's properties

2021-10-21 14:26:16 - [MESSAGE][INFO] - Checking timeout

2021-10-21 14:26:16 - [MESSAGE][INFO] - Finding web element with id: 'Object Repository/Olusturma/Genel/Not/Notlar' located by 'By.xpath: //*[@id = 'txtNote_I']' in '30' second(s)

2021-10-21 14:26:16 - [MESSAGE][INFO] - Smart Wait Function is triggered

2021-10-21 14:26:17 - [MESSAGE][INFO] - Found 1 web elements with id: 'Object Repository/Olusturma/Genel/Not/Notlar' located by 'By.xpath: //*[@id = 'txtNote_I']' in '30' second(s)

2021-10-21 14:26:17 - [MESSAGE][INFO] - Clearing text of object 'Object Repository/Olusturma/Genel/Not/Notlar'

2021-10-21 14:26:17 - [MESSAGE][PASSED] - Text of object 'Object Repository/Olusturma/Genel/Not/Notlar' is cleared

2021-10-21 14:26:17 - [TEST_STEP][PASSED] - click(findTestObject("Olusturma/Genel/Not/Notlar")): Object: 'Object Repository/Olusturma/Genel/Not/Notlar' is clicked on

2021-10-21 14:26:17 - [MESSAGE][INFO] - Finding Test Object 'Object Repository/Olusturma/Genel/Not/Notlar'

2021-10-21 14:26:17 - [MESSAGE][INFO] - Checking object

2021-10-21 14:26:17 - [MESSAGE][INFO] - Finding web element from Test Object's properties

2021-10-21 14:26:17 - [MESSAGE][INFO] - Checking timeout

2021-10-21 14:26:17 - [MESSAGE][INFO] - Finding web element with id: 'Object Repository/Olusturma/Genel/Not/Notlar' located by 'By.xpath: //*[@id = 'txtNote_I']' in '30' second(s)

2021-10-21 14:26:17 - [MESSAGE][INFO] - Smart Wait Function is triggered

2021-10-21 14:26:17 - [MESSAGE][INFO] - Found 1 web elements with id: 'Object Repository/Olusturma/Genel/Not/Notlar' located by 'By.xpath: //*[@id = 'txtNote_I']' in '30' second(s)

2021-10-21 14:26:17 - [MESSAGE][INFO] - Clicking on object: 'Object Repository/Olusturma/Genel/Not/Notlar'

2021-10-21 14:26:17 - [MESSAGE][PASSED] - Object: 'Object Repository/Olusturma/Genel/Not/Notlar' is clicked on

2021-10-21 14:26:17 - [TEST_STEP][PASSED] - while (true): null

2021-10-21 14:26:17 - [TEST_STEP][PASSED] - delay(1): Delayed 1 second(s)

2021-10-21 14:26:17 - [MESSAGE][INFO] - Delaying browser in 1 second(s)

2021-10-21 14:26:18 - [MESSAGE][PASSED] - Delayed 1 second(s)

2021-10-21 14:26:18 - [TEST_STEP][PASSED] - ajaxIsComplete = executeJavaScript("return jQuery.active == 0", null): Execute JavaScript 'return jQuery.active == 0' successfully

2021-10-21 14:26:18 - [MESSAGE][PASSED] - Execute JavaScript 'return jQuery.active == 0' successfully

2021-10-21 14:26:18 - [TEST_STEP][PASSED] - if (ajaxIsComplete): null

2021-10-21 14:26:18 - [TEST_STEP][PASSED] - if (i > 10): null

2021-10-21 14:26:18 - [TEST_STEP][PASSED] - (i++): null

2021-10-21 14:26:18 - [TEST_STEP][PASSED] - delay(1): Delayed 1 second(s)

2021-10-21 14:26:18 - [MESSAGE][INFO] - Delaying browser in 1 second(s)

2021-10-21 14:26:19 - [MESSAGE][PASSED] - Delayed 1 second(s)

2021-10-21 14:26:19 - [TEST_STEP][PASSED] - ajaxIsComplete = executeJavaScript("return jQuery.active == 0", null): Execute JavaScript 'return jQuery.active == 0' successfully

2021-10-21 14:26:19 - [MESSAGE][PASSED] - Execute JavaScript 'return jQuery.active == 0' successfully

2021-10-21 14:26:19 - [TEST_STEP][PASSED] - if (ajaxIsComplete): null

2021-10-21 14:26:19 - [TEST_STEP][PASSED] - break: null

2021-10-21 14:26:19 - [TEST_STEP][PASSED] - sendKeys(findTestObject("Olusturma/Genel/Not/Notlar"), Not): Keys 'Otomasyon Not' sent to object: 'Object Repository/Olusturma/Genel/Not/Notlar'

2021-10-21 14:26:19 - [MESSAGE][INFO] - Finding Test Object 'Object Repository/Olusturma/Genel/Not/Notlar'

2021-10-21 14:26:19 - [MESSAGE][INFO] - Sending keys 'Otomasyon Not' to object: 'Object Repository/Olusturma/Genel/Not/Notlar'

2021-10-21 14:26:19 - [MESSAGE][INFO] - Finding web element from Test Object's properties

2021-10-21 14:26:19 - [MESSAGE][INFO] - Checking timeout

2021-10-21 14:26:19 - [MESSAGE][INFO] - Finding web element with id: 'Object Repository/Olusturma/Genel/Not/Notlar' located by 'By.xpath: //*[@id = 'txtNote_I']' in '30' second(s)

2021-10-21 14:26:19 - [MESSAGE][INFO] - Smart Wait Function is triggered

2021-10-21 14:26:20 - [MESSAGE][INFO] - Found 1 web elements with id: 'Object Repository/Olusturma/Genel/Not/Notlar' located by 'By.xpath: //*[@id = 'txtNote_I']' in '30' second(s)

2021-10-21 14:26:20 - [MESSAGE][PASSED] - Keys 'Otomasyon Not' sent to object: 'Object Repository/Olusturma/Genel/Not/Notlar'

2021-10-21 14:26:20 - [MESSAGE][PASSED] - Call Test Case 'Test Cases/Olusturma/Genel/NotGirilir' successfully

2021-10-21 14:26:20 - [MESSAGE][INFO] - Checking called Test Case

2021-10-21 14:26:20 - [MESSAGE][INFO] - Starting to call Test Case 'Test Cases/Olusturma/Genel/EttnBilgisiKayitEdilir'

2021-10-21 14:26:20 - [TEST_CASE][PASSED] - Test Cases/Olusturma/Genel/EttnBilgisiKayitEdilir: Test Cases/Olusturma/Genel/EttnBilgisiKayitEdilir

2021-10-21 14:26:20 - [TEST_STEP][PASSED] - verifyElementPresent(findTestObject("Object Repository/Olusturma/Genel/Olusturma/eArsivEttnBilgisi"), 7): Object 'Object Repository/Olusturma/Genel/Olusturma/eArsivEttnBilgisi' is present

2021-10-21 14:26:20 - [MESSAGE][INFO] - Finding Test Object 'Object Repository/Olusturma/Genel/Olusturma/eArsivEttnBilgisi'

2021-10-21 14:26:20 - [MESSAGE][INFO] - Checking object

2021-10-21 14:26:20 - [MESSAGE][INFO] - Finding web element from Test Object's properties

2021-10-21 14:26:20 - [MESSAGE][INFO] - Checking timeout

2021-10-21 14:26:20 - [MESSAGE][INFO] - Finding web element with id: 'Object Repository/Olusturma/Genel/Olusturma/eArsivEttnBilgisi' located by 'By.xpath: //*[@id = 'Uuid_I']' in '7' second(s)

2021-10-21 14:26:20 - [MESSAGE][INFO] - Smart Wait Function is triggered

2021-10-21 14:26:20 - [MESSAGE][INFO] - Found 1 web elements with id: 'Object Repository/Olusturma/Genel/Olusturma/eArsivEttnBilgisi' located by 'By.xpath: //*[@id = 'Uuid_I']' in '7' second(s)

2021-10-21 14:26:20 - [MESSAGE][PASSED] - Object 'Object Repository/Olusturma/Genel/Olusturma/eArsivEttnBilgisi' is present

2021-10-21 14:26:20 - [TEST_STEP][PASSED] - ettn = getAttribute(findTestObject("Object Repository/Olusturma/Genel/Olusturma/eArsivEttnBilgisi"), "value"): Attribute 'value' of object 'Object Repository/Olusturma/Genel/Olusturma/eArsivEttnBilgisi' is: '722e3b43-e6d6-401a-b84b-f81fa900fa3b'

2021-10-21 14:26:20 - [MESSAGE][INFO] - Finding Test Object 'Object Repository/Olusturma/Genel/Olusturma/eArsivEttnBilgisi'

2021-10-21 14:26:20 - [MESSAGE][INFO] - Checking object

2021-10-21 14:26:20 - [MESSAGE][INFO] - Checking attribute

2021-10-21 14:26:20 - [MESSAGE][INFO] - Finding web element from Test Object's properties

2021-10-21 14:26:20 - [MESSAGE][INFO] - Checking timeout

2021-10-21 14:26:20 - [MESSAGE][INFO] - Finding web element with id: 'Object Repository/Olusturma/Genel/Olusturma/eArsivEttnBilgisi' located by 'By.xpath: //*[@id = 'Uuid_I']' in '30' second(s)

2021-10-21 14:26:20 - [MESSAGE][INFO] - Smart Wait Function is triggered

2021-10-21 14:26:21 - [MESSAGE][INFO] - Found 1 web elements with id: 'Object Repository/Olusturma/Genel/Olusturma/eArsivEttnBilgisi' located by 'By.xpath: //*[@id = 'Uuid_I']' in '30' second(s)

2021-10-21 14:26:21 - [MESSAGE][INFO] - Getting attribute 'value' of object 'Object Repository/Olusturma/Genel/Olusturma/eArsivEttnBilgisi'

2021-10-21 14:26:21 - [MESSAGE][PASSED] - Attribute 'value' of object 'Object Repository/Olusturma/Genel/Olusturma/eArsivEttnBilgisi' is: '722e3b43-e6d6-401a-b84b-f81fa900fa3b'

2021-10-21 14:26:21 - [MESSAGE][PASSED] - Call Test Case 'Test Cases/Olusturma/Genel/EttnBilgisiKayitEdilir' successfully

2021-10-21 14:26:21 - [MESSAGE][INFO] - Checking called Test Case

2021-10-21 14:26:21 - [MESSAGE][INFO] - Starting to call Test Case 'Test Cases/Olusturma/Genel/KaydetButonunaTiklanir'

2021-10-21 14:26:21 - [TEST_CASE][PASSED] - Test Cases/Olusturma/Genel/KaydetButonunaTiklanir: Test Cases/Olusturma/Genel/KaydetButonunaTiklanir

2021-10-21 14:26:21 - [TEST_STEP][PASSED] - i = 0: null

2021-10-21 14:26:21 - [TEST_STEP][PASSED] - waitForElementPresent(findTestObject("Olusturma/Genel/Not/Notlar"), 10): Object 'Object Repository/Olusturma/Genel/Not/Notlar' is present

2021-10-21 14:26:21 - [MESSAGE][INFO] - Finding Test Object 'Object Repository/Olusturma/Genel/Not/Notlar'

2021-10-21 14:26:21 - [MESSAGE][INFO] - Checking object

2021-10-21 14:26:21 - [MESSAGE][INFO] - Finding web element from Test Object's properties

2021-10-21 14:26:21 - [MESSAGE][INFO] - Checking timeout

2021-10-21 14:26:21 - [MESSAGE][INFO] - Finding web element with id: 'Object Repository/Olusturma/Genel/Not/Notlar' located by 'By.xpath: //*[@id = 'txtNote_I']' in '10' second(s)

2021-10-21 14:26:21 - [MESSAGE][INFO] - Smart Wait Function is triggered

2021-10-21 14:26:21 - [MESSAGE][INFO] - Found 1 web elements with id: 'Object Repository/Olusturma/Genel/Not/Notlar' located by 'By.xpath: //*[@id = 'txtNote_I']' in '10' second(s)

2021-10-21 14:26:21 - [MESSAGE][PASSED] - Object 'Object Repository/Olusturma/Genel/Not/Notlar' is present

2021-10-21 14:26:21 - [TEST_STEP][PASSED] - click(findTestObject("Olusturma/Genel/Not/Notlar")): Object: 'Object Repository/Olusturma/Genel/Not/Notlar' is clicked on

2021-10-21 14:26:21 - [MESSAGE][INFO] - Finding Test Object 'Object Repository/Olusturma/Genel/Not/Notlar'

2021-10-21 14:26:21 - [MESSAGE][INFO] - Checking object

2021-10-21 14:26:21 - [MESSAGE][INFO] - Finding web element from Test Object's properties

2021-10-21 14:26:21 - [MESSAGE][INFO] - Checking timeout

2021-10-21 14:26:21 - [MESSAGE][INFO] - Finding web element with id: 'Object Repository/Olusturma/Genel/Not/Notlar' located by 'By.xpath: //*[@id = 'txtNote_I']' in '30' second(s)

2021-10-21 14:26:21 - [MESSAGE][INFO] - Smart Wait Function is triggered

2021-10-21 14:26:22 - [MESSAGE][INFO] - Found 1 web elements with id: 'Object Repository/Olusturma/Genel/Not/Notlar' located by 'By.xpath: //*[@id = 'txtNote_I']' in '30' second(s)

2021-10-21 14:26:22 - [MESSAGE][INFO] - Clicking on object: 'Object Repository/Olusturma/Genel/Not/Notlar'

2021-10-21 14:26:22 - [MESSAGE][PASSED] - Object: 'Object Repository/Olusturma/Genel/Not/Notlar' is clicked on

2021-10-21 14:26:22 - [TEST_STEP][PASSED] - while (true): null

2021-10-21 14:26:22 - [TEST_STEP][PASSED] - delay(1): Delayed 1 second(s)

2021-10-21 14:26:22 - [MESSAGE][INFO] - Delaying browser in 1 second(s)

2021-10-21 14:26:23 - [MESSAGE][PASSED] - Delayed 1 second(s)

2021-10-21 14:26:23 - [TEST_STEP][PASSED] - ajaxIsComplete = executeJavaScript("return jQuery.active == 0", null): Execute JavaScript 'return jQuery.active == 0' successfully

2021-10-21 14:26:23 - [MESSAGE][PASSED] - Execute JavaScript 'return jQuery.active == 0' successfully

2021-10-21 14:26:23 - [TEST_STEP][PASSED] - if (ajaxIsComplete): null

2021-10-21 14:26:23 - [TEST_STEP][PASSED] - break: null

2021-10-21 14:26:23 - [TEST_STEP][PASSED] - waitForElementClickable(findTestObject("Object Repository/Olusturma/Genel/Buton"), 10): Object 'Object Repository/Olusturma/Genel/Buton' is clickable

2021-10-21 14:26:23 - [MESSAGE][INFO] - Finding Test Object 'Object Repository/Olusturma/Genel/Buton'

2021-10-21 14:26:23 - [MESSAGE][INFO] - Checking object

2021-10-21 14:26:23 - [MESSAGE][INFO] - Checking timeout

2021-10-21 14:26:23 - [MESSAGE][INFO] - Finding web element from Test Object's properties

2021-10-21 14:26:23 - [MESSAGE][INFO] - Checking timeout

2021-10-21 14:26:23 - [MESSAGE][INFO] - Finding web element with id: 'Object Repository/Olusturma/Genel/Buton' located by 'By.xpath: //*[@id = 'btnKaydet']' in '10' second(s)

2021-10-21 14:26:23 - [MESSAGE][INFO] - Smart Wait Function is triggered

2021-10-21 14:26:23 - [MESSAGE][INFO] - Found 1 web elements with id: 'Object Repository/Olusturma/Genel/Buton' located by 'By.xpath: //*[@id = 'btnKaydet']' in '10' second(s)

2021-10-21 14:26:23 - [MESSAGE][PASSED] - Object 'Object Repository/Olusturma/Genel/Buton' is clickable

2021-10-21 14:26:23 - [TEST_STEP][PASSED] - click(findTestObject("Object Repository/Olusturma/Genel/Buton")): Object: 'Object Repository/Olusturma/Genel/Buton' is clicked on

2021-10-21 14:26:23 - [MESSAGE][INFO] - Finding Test Object 'Object Repository/Olusturma/Genel/Buton'

2021-10-21 14:26:23 - [MESSAGE][INFO] - Checking object

2021-10-21 14:26:23 - [MESSAGE][INFO] - Finding web element from Test Object's properties

2021-10-21 14:26:23 - [MESSAGE][INFO] - Checking timeout

2021-10-21 14:26:23 - [MESSAGE][INFO] - Finding web element with id: 'Object Repository/Olusturma/Genel/Buton' located by 'By.xpath: //*[@id = 'btnKaydet']' in '30' second(s)

2021-10-21 14:26:23 - [MESSAGE][INFO] - Smart Wait Function is triggered

2021-10-21 14:26:23 - [MESSAGE][INFO] - Found 1 web elements with id: 'Object Repository/Olusturma/Genel/Buton' located by 'By.xpath: //*[@id = 'btnKaydet']' in '30' second(s)

2021-10-21 14:26:23 - [MESSAGE][INFO] - Clicking on object: 'Object Repository/Olusturma/Genel/Buton'

2021-10-21 14:26:26 - [MESSAGE][PASSED] - Object: 'Object Repository/Olusturma/Genel/Buton' is clicked on

2021-10-21 14:26:26 - [MESSAGE][PASSED] - Call Test Case 'Test Cases/Olusturma/Genel/KaydetButonunaTiklanir' successfully

2021-10-21 14:26:26 - [MESSAGE][INFO] - Checking called Test Case

2021-10-21 14:26:26 - [MESSAGE][INFO] - Starting to call Test Case 'Test Cases/Tablo/TablodaEttnliVeriOlusturulduMu'

2021-10-21 14:26:26 - [TEST_CASE][PASSED] - Test Cases/Tablo/TablodaEttnliVeriOlusturulduMu: Test Cases/Tablo/TablodaEttnliVeriOlusturulduMu

2021-10-21 14:26:26 - [TEST_STEP][PASSED] - Method.TextDegerineEsitElementVarMi(findTestObject("Tablo/OlusturulanVeri"), ettn): Method.TextDegerineEsitElementVarMi is PASSED

2021-10-21 14:26:26 - [MESSAGE][INFO] - Finding Test Object 'Object Repository/Tablo/OlusturulanVeri'

2021-10-21 14:26:27 - [MESSAGE][INFO] - Checking timeout

2021-10-21 14:26:27 - [MESSAGE][INFO] - Finding web element with id: 'Object Repository/Tablo/OlusturulanVeri' located by 'By.cssSelector: table.dxgvTable_LECustomTheme>tbody>tr:nth-child(3)>td.dxgv b,table.dxgvTable_LECustomTheme>tbody>tr:nth-child(3)>td.dxgv' in '10' second(s)

2021-10-21 14:26:27 - [MESSAGE][INFO] - Smart Wait Function is triggered

2021-10-21 14:26:27 - [MESSAGE][INFO] - Found 14 web elements with id: 'Object Repository/Tablo/OlusturulanVeri' located by 'By.cssSelector: table.dxgvTable_LECustomTheme>tbody>tr:nth-child(3)>td.dxgv b,table.dxgvTable_LECustomTheme>tbody>tr:nth-child(3)>td.dxgv' in '10' second(s)

2021-10-21 14:26:27 - [MESSAGE][PASSED] - Method.TextDegerineEsitElementVarMi is PASSED

2021-10-21 14:26:27 - [MESSAGE][PASSED] - Call Test Case 'Test Cases/Tablo/TablodaEttnliVeriOlusturulduMu' successfully

2021-10-21 14:26:27 - [MESSAGE][INFO] - Checking called Test Case

2021-10-21 14:26:27 - [MESSAGE][INFO] - Starting to call Test Case 'Test Cases/Tablo/TablodanEttnliVeriSec'

2021-10-21 14:26:27 - [TEST_CASE][PASSED] - Test Cases/Tablo/TablodanEttnliVeriSec: Test Cases/Tablo/TablodanEttnliVeriSec

2021-10-21 14:26:27 - [TEST_STEP][PASSED] - Method.TextDegerineEsitElementinAltindakineTikla(findTestObject("Tablo/Veriler"), findTestObject("Tablo/VerininCheckBoxi"), ettn): Method.TextDegerineEsitElementinAltindakineTikla is PASSED

2021-10-21 14:26:27 - [MESSAGE][INFO] - Finding Test Object 'Object Repository/Tablo/Veriler'

2021-10-21 14:26:27 - [MESSAGE][INFO] - Finding Test Object 'Object Repository/Tablo/VerininCheckBoxi'

2021-10-21 14:26:27 - [MESSAGE][INFO] - Checking timeout

2021-10-21 14:26:27 - [MESSAGE][INFO] - Finding web element with id: 'Object Repository/Tablo/Veriler' located by 'By.cssSelector: td.dxgv b ,td.dxgv' in '10' second(s)

2021-10-21 14:26:27 - [MESSAGE][INFO] - Smart Wait Function is triggered

2021-10-21 14:26:28 - [MESSAGE][INFO] - Found 70 web elements with id: 'Object Repository/Tablo/Veriler' located by 'By.cssSelector: td.dxgv b ,td.dxgv' in '10' second(s)

2021-10-21 14:26:28 - [MESSAGE][INFO] - Smart Wait Function is triggered

2021-10-21 14:26:28 - [MESSAGE][PASSED] - Method.TextDegerineEsitElementinAltindakineTikla is PASSED

2021-10-21 14:26:28 - [MESSAGE][PASSED] - Call Test Case 'Test Cases/Tablo/TablodanEttnliVeriSec' successfully

2021-10-21 14:26:28 - [MESSAGE][INFO] - Checking called Test Case

2021-10-21 14:26:28 - [MESSAGE][INFO] - Starting to call Test Case 'Test Cases/Butonlar/ButonaTikla'

2021-10-21 14:26:28 - [TEST_CASE][PASSED] - Test Cases/Butonlar/ButonaTikla: Test Cases/Butonlar/ButonaTikla

2021-10-21 14:26:28 - [TEST_STEP][PASSED] - Method.TextDegerineEsitElementeTiklaEquals(findTestObject("Butonlar/Butonlar"), Buton_Adi): Method.TextDegerineEsitElementeTiklaEquals is PASSED

2021-10-21 14:26:28 - [MESSAGE][INFO] - Finding Test Object 'Object Repository/Butonlar/Butonlar'

2021-10-21 14:26:28 - [MESSAGE][INFO] - Checking timeout

2021-10-21 14:26:28 - [MESSAGE][INFO] - Finding web element with id: 'Object Repository/Butonlar/Butonlar' located by 'By.cssSelector: .panel.panel-default.text-center.footerPanel .btn,.btn.btn-primary.btnControls' in '10' second(s)

2021-10-21 14:26:28 - [MESSAGE][INFO] - Smart Wait Function is triggered

2021-10-21 14:26:28 - [MESSAGE][INFO] - Found 10 web elements with id: 'Object Repository/Butonlar/Butonlar' located by 'By.cssSelector: .panel.panel-default.text-center.footerPanel .btn,.btn.btn-primary.btnControls' in '10' second(s)

2021-10-21 14:26:29 - [MESSAGE][PASSED] - Method.TextDegerineEsitElementeTiklaEquals is PASSED

2021-10-21 14:26:29 - [MESSAGE][PASSED] - Call Test Case 'Test Cases/Butonlar/ButonaTikla' successfully

2021-10-21 14:26:29 - [MESSAGE][INFO] - Checking called Test Case

2021-10-21 14:26:29 - [MESSAGE][INFO] - Starting to call Test Case 'Test Cases/Popup/PopupMesajiIceriyorMu'

2021-10-21 14:26:29 - [TEST_CASE][PASSED] - Test Cases/Popup/PopupMesajiIceriyorMu: Test Cases/Popup/PopupMesajiIceriyorMu

2021-10-21 14:26:29 - [TEST_STEP][PASSED] - waitForElementVisible(findTestObject("Popup/Popup"), 10): Object 'Object Repository/Popup/Popup' is visible

2021-10-21 14:26:29 - [MESSAGE][INFO] - Finding Test Object 'Object Repository/Popup/Popup'

2021-10-21 14:26:29 - [MESSAGE][INFO] - Checking object

2021-10-21 14:26:29 - [MESSAGE][INFO] - Checking timeout

2021-10-21 14:26:29 - [MESSAGE][INFO] - Finding web element from Test Object's properties

2021-10-21 14:26:29 - [MESSAGE][INFO] - Checking timeout

2021-10-21 14:26:29 - [MESSAGE][INFO] - Finding web element with id: 'Object Repository/Popup/Popup' located by 'By.cssSelector: .bootbox-body' in '10' second(s)

2021-10-21 14:26:29 - [MESSAGE][INFO] - Smart Wait Function is triggered

2021-10-21 14:26:30 - [MESSAGE][INFO] - Found 1 web elements with id: 'Object Repository/Popup/Popup' located by 'By.cssSelector: .bootbox-body' in '10' second(s)

2021-10-21 14:26:30 - [MESSAGE][PASSED] - Object 'Object Repository/Popup/Popup' is visible

2021-10-21 14:26:30 - [TEST_STEP][PASSED] - if (!(getText(findTestObject("Popup/Popup")).contains(Mesaj))): Text of object 'Object Repository/Popup/Popup' is: 'Oluşturulacak fatura numarası : FGX2021000000423 Fatura numarası oluşturulduktan sonra fatura silinemez. Fatura numarası, tarihi ve ön eki değiştirilemez. Devam etmek istiyor musunuz?'

2021-10-21 14:26:30 - [MESSAGE][INFO] - Finding Test Object 'Object Repository/Popup/Popup'

2021-10-21 14:26:30 - [MESSAGE][INFO] - Checking object

2021-10-21 14:26:30 - [MESSAGE][INFO] - Finding web element from Test Object's properties

2021-10-21 14:26:30 - [MESSAGE][INFO] - Checking timeout

2021-10-21 14:26:30 - [MESSAGE][INFO] - Finding web element with id: 'Object Repository/Popup/Popup' located by 'By.cssSelector: .bootbox-body' in '30' second(s)

2021-10-21 14:26:30 - [MESSAGE][INFO] - Smart Wait Function is triggered

2021-10-21 14:26:30 - [MESSAGE][INFO] - Found 1 web elements with id: 'Object Repository/Popup/Popup' located by 'By.cssSelector: .bootbox-body' in '30' second(s)

2021-10-21 14:26:30 - [MESSAGE][INFO] - Getting text of object 'Object Repository/Popup/Popup'

2021-10-21 14:26:30 - [MESSAGE][PASSED] - Text of object 'Object Repository/Popup/Popup' is: 'Oluşturulacak fatura numarası : FGX2021000000423 Fatura numarası oluşturulduktan sonra fatura silinemez. Fatura numarası, tarihi ve ön eki değiştirilemez. Devam etmek istiyor musunuz?'

2021-10-21 14:26:30 - [TEST_STEP][PASSED] - RaporNo = getText(findTestObject("Popup/Popup")).substring(0, 6): Text of object 'Object Repository/Popup/Popup' is: 'Oluşturulacak fatura numarası : FGX2021000000423 Fatura numarası oluşturulduktan sonra fatura silinemez. Fatura numarası, tarihi ve ön eki değiştirilemez. Devam etmek istiyor musunuz?'

2021-10-21 14:26:30 - [MESSAGE][INFO] - Finding Test Object 'Object Repository/Popup/Popup'

2021-10-21 14:26:30 - [MESSAGE][INFO] - Checking object

2021-10-21 14:26:30 - [MESSAGE][INFO] - Finding web element from Test Object's properties

2021-10-21 14:26:30 - [MESSAGE][INFO] - Checking timeout

2021-10-21 14:26:30 - [MESSAGE][INFO] - Finding web element with id: 'Object Repository/Popup/Popup' located by 'By.cssSelector: .bootbox-body' in '30' second(s)

2021-10-21 14:26:30 - [MESSAGE][INFO] - Smart Wait Function is triggered

2021-10-21 14:26:31 - [MESSAGE][INFO] - Found 1 web elements with id: 'Object Repository/Popup/Popup' located by 'By.cssSelector: .bootbox-body' in '30' second(s)

2021-10-21 14:26:31 - [MESSAGE][INFO] - Getting text of object 'Object Repository/Popup/Popup'

2021-10-21 14:26:31 - [MESSAGE][PASSED] - Text of object 'Object Repository/Popup/Popup' is: 'Oluşturulacak fatura numarası : FGX2021000000423 Fatura numarası oluşturulduktan sonra fatura silinemez. Fatura numarası, tarihi ve ön eki değiştirilemez. Devam etmek istiyor musunuz?'

2021-10-21 14:26:31 - [TEST_STEP][PASSED] - Console.println(RaporNo): null

2021-10-21 14:26:31 - [MESSAGE][PASSED] - Call Test Case 'Test Cases/Popup/PopupMesajiIceriyorMu' successfully

2021-10-21 14:26:31 - [MESSAGE][INFO] - Checking called Test Case

2021-10-21 14:26:31 - [MESSAGE][INFO] - Starting to call Test Case 'Test Cases/Popup/PopupButonSecilir'

2021-10-21 14:26:31 - [TEST_CASE][PASSED] - Test Cases/Popup/PopupButonSecilir: Test Cases/Popup/PopupButonSecilir

2021-10-21 14:26:31 - [TEST_STEP][PASSED] - Method.TextDegerineEsitElementeTikla(findTestObject("Popup/Popup_Butons"), Buton): Method.TextDegerineEsitElementeTikla is PASSED

2021-10-21 14:26:31 - [MESSAGE][INFO] - Finding Test Object 'Object Repository/Popup/Popup_Butons'

2021-10-21 14:26:31 - [MESSAGE][INFO] - Checking timeout

2021-10-21 14:26:31 - [MESSAGE][INFO] - Finding web element with id: 'Object Repository/Popup/Popup_Butons' located by 'By.cssSelector: .modal-footer>button' in '10' second(s)

2021-10-21 14:26:31 - [MESSAGE][INFO] - Smart Wait Function is triggered

2021-10-21 14:26:31 - [MESSAGE][INFO] - Found 2 web elements with id: 'Object Repository/Popup/Popup_Butons' located by 'By.cssSelector: .modal-footer>button' in '10' second(s)

2021-10-21 14:26:31 - [MESSAGE][PASSED] - Method.TextDegerineEsitElementeTikla is PASSED

2021-10-21 14:26:31 - [MESSAGE][PASSED] - Call Test Case 'Test Cases/Popup/PopupButonSecilir' successfully

2021-10-21 14:26:31 - [MESSAGE][INFO] - Checking called Test Case

2021-10-21 14:26:31 - [MESSAGE][INFO] - Starting to call Test Case 'Test Cases/Popup/PopupMesajiIceriyorMu'

2021-10-21 14:26:31 - [TEST_CASE][PASSED] - Test Cases/Popup/PopupMesajiIceriyorMu: Test Cases/Popup/PopupMesajiIceriyorMu

2021-10-21 14:26:31 - [TEST_STEP][PASSED] - waitForElementVisible(findTestObject("Popup/Popup"), 10): Object 'Object Repository/Popup/Popup' is visible

2021-10-21 14:26:31 - [MESSAGE][INFO] - Finding Test Object 'Object Repository/Popup/Popup'

2021-10-21 14:26:32 - [MESSAGE][INFO] - Checking object

2021-10-21 14:26:32 - [MESSAGE][INFO] - Checking timeout

2021-10-21 14:26:32 - [MESSAGE][INFO] - Finding web element from Test Object's properties

2021-10-21 14:26:32 - [MESSAGE][INFO] - Checking timeout

2021-10-21 14:26:32 - [MESSAGE][INFO] - Finding web element with id: 'Object Repository/Popup/Popup' located by 'By.cssSelector: .bootbox-body' in '10' second(s)

2021-10-21 14:26:32 - [MESSAGE][INFO] - Smart Wait Function is triggered

2021-10-21 14:26:32 - [MESSAGE][INFO] - Found 1 web elements with id: 'Object Repository/Popup/Popup' located by 'By.cssSelector: .bootbox-body' in '10' second(s)

2021-10-21 14:26:32 - [MESSAGE][PASSED] - Object 'Object Repository/Popup/Popup' is visible

2021-10-21 14:26:32 - [TEST_STEP][PASSED] - if (!(getText(findTestObject("Popup/Popup")).contains(Mesaj))): Text of object 'Object Repository/Popup/Popup' is: 'Fatura numaranız FGX2021000000423 olarak oluşmuştur.'

2021-10-21 14:26:32 - [MESSAGE][INFO] - Finding Test Object 'Object Repository/Popup/Popup'

2021-10-21 14:26:32 - [MESSAGE][INFO] - Checking object

2021-10-21 14:26:32 - [MESSAGE][INFO] - Finding web element from Test Object's properties

2021-10-21 14:26:32 - [MESSAGE][INFO] - Checking timeout

2021-10-21 14:26:32 - [MESSAGE][INFO] - Finding web element with id: 'Object Repository/Popup/Popup' located by 'By.cssSelector: .bootbox-body' in '30' second(s)

2021-10-21 14:26:32 - [MESSAGE][INFO] - Smart Wait Function is triggered

2021-10-21 14:26:33 - [MESSAGE][INFO] - Found 1 web elements with id: 'Object Repository/Popup/Popup' located by 'By.cssSelector: .bootbox-body' in '30' second(s)

2021-10-21 14:26:33 - [MESSAGE][INFO] - Getting text of object 'Object Repository/Popup/Popup'

2021-10-21 14:26:33 - [MESSAGE][PASSED] - Text of object 'Object Repository/Popup/Popup' is: 'Fatura numaranız FGX2021000000423 olarak oluşmuştur.'

2021-10-21 14:26:33 - [TEST_STEP][PASSED] - RaporNo = getText(findTestObject("Popup/Popup")).substring(0, 6): Text of object 'Object Repository/Popup/Popup' is: 'Fatura numaranız FGX2021000000423 olarak oluşmuştur.'

2021-10-21 14:26:33 - [MESSAGE][INFO] - Finding Test Object 'Object Repository/Popup/Popup'

2021-10-21 14:26:33 - [MESSAGE][INFO] - Checking object

2021-10-21 14:26:33 - [MESSAGE][INFO] - Finding web element from Test Object's properties

2021-10-21 14:26:33 - [MESSAGE][INFO] - Checking timeout

2021-10-21 14:26:33 - [MESSAGE][INFO] - Finding web element with id: 'Object Repository/Popup/Popup' located by 'By.cssSelector: .bootbox-body' in '30' second(s)

2021-10-21 14:26:33 - [MESSAGE][INFO] - Smart Wait Function is triggered

2021-10-21 14:26:33 - [MESSAGE][INFO] - Found 1 web elements with id: 'Object Repository/Popup/Popup' located by 'By.cssSelector: .bootbox-body' in '30' second(s)

2021-10-21 14:26:33 - [MESSAGE][INFO] - Getting text of object 'Object Repository/Popup/Popup'

2021-10-21 14:26:33 - [MESSAGE][PASSED] - Text of object 'Object Repository/Popup/Popup' is: 'Fatura numaranız FGX2021000000423 olarak oluşmuştur.'

2021-10-21 14:26:33 - [TEST_STEP][PASSED] - Console.println(RaporNo): null

2021-10-21 14:26:33 - [MESSAGE][PASSED] - Call Test Case 'Test Cases/Popup/PopupMesajiIceriyorMu' successfully

2021-10-21 14:26:33 - [MESSAGE][INFO] - Checking called Test Case

2021-10-21 14:26:33 - [MESSAGE][INFO] - Starting to call Test Case 'Test Cases/Popup/PopupButonSecilir'

2021-10-21 14:26:33 - [TEST_CASE][PASSED] - Test Cases/Popup/PopupButonSecilir: Test Cases/Popup/PopupButonSecilir

2021-10-21 14:26:33 - [TEST_STEP][PASSED] - Method.TextDegerineEsitElementeTikla(findTestObject("Popup/Popup_Butons"), Buton): Method.TextDegerineEsitElementeTikla is PASSED

2021-10-21 14:26:33 - [MESSAGE][INFO] - Finding Test Object 'Object Repository/Popup/Popup_Butons'

2021-10-21 14:26:33 - [MESSAGE][INFO] - Checking timeout

2021-10-21 14:26:33 - [MESSAGE][INFO] - Finding web element with id: 'Object Repository/Popup/Popup_Butons' located by 'By.cssSelector: .modal-footer>button' in '10' second(s)

2021-10-21 14:26:33 - [MESSAGE][INFO] - Smart Wait Function is triggered

2021-10-21 14:26:34 - [MESSAGE][INFO] - Found 1 web elements with id: 'Object Repository/Popup/Popup_Butons' located by 'By.cssSelector: .modal-footer>button' in '10' second(s)

2021-10-21 14:26:34 - [MESSAGE][PASSED] - Method.TextDegerineEsitElementeTikla is PASSED

2021-10-21 14:26:34 - [MESSAGE][PASSED] - Call Test Case 'Test Cases/Popup/PopupButonSecilir' successfully

2021-10-21 14:26:34 - [MESSAGE][INFO] - Checking called Test Case

2021-10-21 14:26:34 - [MESSAGE][INFO] - Starting to call Test Case 'Test Cases/Tablo/TablodanEttnliVeriSec'

2021-10-21 14:26:34 - [TEST_CASE][PASSED] - Test Cases/Tablo/TablodanEttnliVeriSec: Test Cases/Tablo/TablodanEttnliVeriSec

2021-10-21 14:26:34 - [TEST_STEP][PASSED] - Method.TextDegerineEsitElementinAltindakineTikla(findTestObject("Tablo/Veriler"), findTestObject("Tablo/VerininCheckBoxi"), ettn): Method.TextDegerineEsitElementinAltindakineTikla is PASSED

2021-10-21 14:26:34 - [MESSAGE][INFO] - Finding Test Object 'Object Repository/Tablo/Veriler'

2021-10-21 14:26:34 - [MESSAGE][INFO] - Finding Test Object 'Object Repository/Tablo/VerininCheckBoxi'

2021-10-21 14:26:34 - [MESSAGE][INFO] - Checking timeout

2021-10-21 14:26:34 - [MESSAGE][INFO] - Finding web element with id: 'Object Repository/Tablo/Veriler' located by 'By.cssSelector: td.dxgv b ,td.dxgv' in '10' second(s)

2021-10-21 14:26:34 - [MESSAGE][INFO] - Smart Wait Function is triggered

2021-10-21 14:26:35 - [MESSAGE][INFO] - Found 70 web elements with id: 'Object Repository/Tablo/Veriler' located by 'By.cssSelector: td.dxgv b ,td.dxgv' in '10' second(s)

2021-10-21 14:26:35 - [MESSAGE][INFO] - Smart Wait Function is triggered

2021-10-21 14:26:35 - [MESSAGE][PASSED] - Method.TextDegerineEsitElementinAltindakineTikla is PASSED

2021-10-21 14:26:35 - [MESSAGE][PASSED] - Call Test Case 'Test Cases/Tablo/TablodanEttnliVeriSec' successfully

2021-10-21 14:26:35 - [MESSAGE][INFO] - Checking called Test Case

2021-10-21 14:26:35 - [MESSAGE][INFO] - Starting to call Test Case 'Test Cases/Butonlar/ButonaTikla'

2021-10-21 14:26:35 - [TEST_CASE][PASSED] - Test Cases/Butonlar/ButonaTikla: Test Cases/Butonlar/ButonaTikla

2021-10-21 14:26:35 - [TEST_STEP][PASSED] - Method.TextDegerineEsitElementeTiklaEquals(findTestObject("Butonlar/Butonlar"), Buton_Adi): Method.TextDegerineEsitElementeTiklaEquals is PASSED

2021-10-21 14:26:35 - [MESSAGE][INFO] - Finding Test Object 'Object Repository/Butonlar/Butonlar'

2021-10-21 14:26:35 - [MESSAGE][INFO] - Checking timeout

2021-10-21 14:26:35 - [MESSAGE][INFO] - Finding web element with id: 'Object Repository/Butonlar/Butonlar' located by 'By.cssSelector: .panel.panel-default.text-center.footerPanel .btn,.btn.btn-primary.btnControls' in '10' second(s)

2021-10-21 14:26:35 - [MESSAGE][INFO] - Smart Wait Function is triggered

2021-10-21 14:26:36 - [MESSAGE][INFO] - Found 10 web elements with id: 'Object Repository/Butonlar/Butonlar' located by 'By.cssSelector: .panel.panel-default.text-center.footerPanel .btn,.btn.btn-primary.btnControls' in '10' second(s)

2021-10-21 14:26:36 - [MESSAGE][PASSED] - Method.TextDegerineEsitElementeTiklaEquals is PASSED

2021-10-21 14:26:36 - [MESSAGE][PASSED] - Call Test Case 'Test Cases/Butonlar/ButonaTikla' successfully

2021-10-21 14:26:36 - [MESSAGE][INFO] - Checking called Test Case

2021-10-21 14:26:36 - [MESSAGE][INFO] - Starting to call Test Case 'Test Cases/Popup/PopupMesajiIceriyorMu'

2021-10-21 14:26:36 - [TEST_CASE][PASSED] - Test Cases/Popup/PopupMesajiIceriyorMu: Test Cases/Popup/PopupMesajiIceriyorMu

2021-10-21 14:26:36 - [TEST_STEP][PASSED] - waitForElementVisible(findTestObject("Popup/Popup"), 10): Object 'Object Repository/Popup/Popup' is visible

2021-10-21 14:26:36 - [MESSAGE][INFO] - Finding Test Object 'Object Repository/Popup/Popup'

2021-10-21 14:26:37 - [MESSAGE][INFO] - Checking object

2021-10-21 14:26:37 - [MESSAGE][INFO] - Checking timeout

2021-10-21 14:26:37 - [MESSAGE][INFO] - Finding web element from Test Object's properties

2021-10-21 14:26:37 - [MESSAGE][INFO] - Checking timeout

2021-10-21 14:26:37 - [MESSAGE][INFO] - Finding web element with id: 'Object Repository/Popup/Popup' located by 'By.cssSelector: .bootbox-body' in '10' second(s)

2021-10-21 14:26:37 - [MESSAGE][INFO] - Smart Wait Function is triggered

2021-10-21 14:26:37 - [MESSAGE][INFO] - Found 1 web elements with id: 'Object Repository/Popup/Popup' located by 'By.cssSelector: .bootbox-body' in '10' second(s)

2021-10-21 14:26:37 - [MESSAGE][PASSED] - Object 'Object Repository/Popup/Popup' is visible

2021-10-21 14:26:37 - [TEST_STEP][PASSED] - if (!(getText(findTestObject("Popup/Popup")).contains(Mesaj))): Text of object 'Object Repository/Popup/Popup' is: 'Seçilen faturalarınız onaylanacaktır. Onaylanan faturalar üzerinde değişiklik yapılamaz. Devam etmek istiyor musunuz?'

2021-10-21 14:26:37 - [MESSAGE][INFO] - Finding Test Object 'Object Repository/Popup/Popup'

2021-10-21 14:26:37 - [MESSAGE][INFO] - Checking object

2021-10-21 14:26:37 - [MESSAGE][INFO] - Finding web element from Test Object's properties

2021-10-21 14:26:37 - [MESSAGE][INFO] - Checking timeout

2021-10-21 14:26:37 - [MESSAGE][INFO] - Finding web element with id: 'Object Repository/Popup/Popup' located by 'By.cssSelector: .bootbox-body' in '30' second(s)

2021-10-21 14:26:37 - [MESSAGE][INFO] - Smart Wait Function is triggered

2021-10-21 14:26:37 - [MESSAGE][INFO] - Found 1 web elements with id: 'Object Repository/Popup/Popup' located by 'By.cssSelector: .bootbox-body' in '30' second(s)

2021-10-21 14:26:37 - [MESSAGE][INFO] - Getting text of object 'Object Repository/Popup/Popup'

2021-10-21 14:26:37 - [MESSAGE][PASSED] - Text of object 'Object Repository/Popup/Popup' is: 'Seçilen faturalarınız onaylanacaktır. Onaylanan faturalar üzerinde değişiklik yapılamaz. Devam etmek istiyor musunuz?'

2021-10-21 14:26:37 - [TEST_STEP][PASSED] - RaporNo = getText(findTestObject("Popup/Popup")).substring(0, 6): Text of object 'Object Repository/Popup/Popup' is: 'Seçilen faturalarınız onaylanacaktır. Onaylanan faturalar üzerinde değişiklik yapılamaz. Devam etmek istiyor musunuz?'

2021-10-21 14:26:37 - [MESSAGE][INFO] - Finding Test Object 'Object Repository/Popup/Popup'

2021-10-21 14:26:37 - [MESSAGE][INFO] - Checking object

2021-10-21 14:26:37 - [MESSAGE][INFO] - Finding web element from Test Object's properties

2021-10-21 14:26:37 - [MESSAGE][INFO] - Checking timeout

2021-10-21 14:26:37 - [MESSAGE][INFO] - Finding web element with id: 'Object Repository/Popup/Popup' located by 'By.cssSelector: .bootbox-body' in '30' second(s)

2021-10-21 14:26:37 - [MESSAGE][INFO] - Smart Wait Function is triggered

2021-10-21 14:26:38 - [MESSAGE][INFO] - Found 1 web elements with id: 'Object Repository/Popup/Popup' located by 'By.cssSelector: .bootbox-body' in '30' second(s)

2021-10-21 14:26:38 - [MESSAGE][INFO] - Getting text of object 'Object Repository/Popup/Popup'

2021-10-21 14:26:38 - [MESSAGE][PASSED] - Text of object 'Object Repository/Popup/Popup' is: 'Seçilen faturalarınız onaylanacaktır. Onaylanan faturalar üzerinde değişiklik yapılamaz. Devam etmek istiyor musunuz?'

2021-10-21 14:26:38 - [TEST_STEP][PASSED] - Console.println(RaporNo): null

2021-10-21 14:26:38 - [MESSAGE][PASSED] - Call Test Case 'Test Cases/Popup/PopupMesajiIceriyorMu' successfully

2021-10-21 14:26:38 - [MESSAGE][INFO] - Checking called Test Case

2021-10-21 14:26:38 - [MESSAGE][INFO] - Starting to call Test Case 'Test Cases/Popup/PopupButonSecilir'

2021-10-21 14:26:38 - [TEST_CASE][PASSED] - Test Cases/Popup/PopupButonSecilir: Test Cases/Popup/PopupButonSecilir

2021-10-21 14:26:38 - [TEST_STEP][PASSED] - Method.TextDegerineEsitElementeTikla(findTestObject("Popup/Popup_Butons"), Buton): Method.TextDegerineEsitElementeTikla is PASSED

2021-10-21 14:26:38 - [MESSAGE][INFO] - Finding Test Object 'Object Repository/Popup/Popup_Butons'

2021-10-21 14:26:38 - [MESSAGE][INFO] - Checking timeout

2021-10-21 14:26:38 - [MESSAGE][INFO] - Finding web element with id: 'Object Repository/Popup/Popup_Butons' located by 'By.cssSelector: .modal-footer>button' in '10' second(s)

2021-10-21 14:26:38 - [MESSAGE][INFO] - Smart Wait Function is triggered

2021-10-21 14:26:38 - [MESSAGE][INFO] - Found 2 web elements with id: 'Object Repository/Popup/Popup_Butons' located by 'By.cssSelector: .modal-footer>button' in '10' second(s)

2021-10-21 14:26:38 - [MESSAGE][PASSED] - Method.TextDegerineEsitElementeTikla is PASSED

2021-10-21 14:26:38 - [MESSAGE][PASSED] - Call Test Case 'Test Cases/Popup/PopupButonSecilir' successfully

2021-10-21 14:26:38 - [MESSAGE][INFO] - Checking called Test Case

2021-10-21 14:26:38 - [MESSAGE][INFO] - Starting to call Test Case 'Test Cases/Menu/AnaMenuSecimi'

2021-10-21 14:26:38 - [TEST_CASE][PASSED] - Test Cases/Menu/AnaMenuSecimi: Test Cases/Menu/AnaMenuSecimi

2021-10-21 14:26:38 - [TEST_STEP][PASSED] - Method.TextDegerineEsitElementeTikla(findTestObject("Menu/Ana_Menu"), Ana_Menu): Method.TextDegerineEsitElementeTikla is PASSED

2021-10-21 14:26:38 - [MESSAGE][INFO] - Finding Test Object 'Object Repository/Menu/Ana_Menu'

2021-10-21 14:26:38 - [MESSAGE][INFO] - Checking timeout

2021-10-21 14:26:38 - [MESSAGE][INFO] - Finding web element with id: 'Object Repository/Menu/Ana_Menu' located by 'By.xpath: //*[@class = 'dropdown-toggle']' in '10' second(s)

2021-10-21 14:26:38 - [MESSAGE][INFO] - Smart Wait Function is triggered

2021-10-21 14:26:39 - [MESSAGE][INFO] - Found 13 web elements with id: 'Object Repository/Menu/Ana_Menu' located by 'By.xpath: //*[@class = 'dropdown-toggle']' in '10' second(s)

2021-10-21 14:26:39 - [MESSAGE][PASSED] - Method.TextDegerineEsitElementeTikla is PASSED

2021-10-21 14:26:39 - [MESSAGE][PASSED] - Call Test Case 'Test Cases/Menu/AnaMenuSecimi' successfully

2021-10-21 14:26:39 - [MESSAGE][INFO] - Checking called Test Case

2021-10-21 14:26:39 - [MESSAGE][INFO] - Starting to call Test Case 'Test Cases/Menu/BasligaGoreAltMenuSecimi'

2021-10-21 14:26:39 - [TEST_CASE][PASSED] - Test Cases/Menu/BasligaGoreAltMenuSecimi: Test Cases/Menu/BasligaGoreAltMenuSecimi

2021-10-21 14:26:39 - [TEST_STEP][PASSED] - Method.TextDegerineEsitElementinAltindakiTextDegerineEsitOlanaTikla(findTestObject("Menu/Menu_Basligi"), findTestObject("Menu/Basliga_Gore_Alt_Menu"), Baslik, Alt_Menu): Method.TextDegerineEsitElementinAltindakiTextDegerineEsitOlanaTikla is PASSED

2021-10-21 14:26:39 - [MESSAGE][INFO] - Finding Test Object 'Object Repository/Menu/Menu_Basligi'

2021-10-21 14:26:39 - [MESSAGE][INFO] - Finding Test Object 'Object Repository/Menu/Basliga_Gore_Alt_Menu'

2021-10-21 14:26:39 - [MESSAGE][INFO] - Checking timeout

2021-10-21 14:26:39 - [MESSAGE][INFO] - Finding web element with id: 'Object Repository/Menu/Menu_Basligi' located by 'By.xpath: //li[@class='dropdown dropdown-large open']//li[@class='dropdown-header']' in '10' second(s)

2021-10-21 14:26:39 - [MESSAGE][INFO] - Smart Wait Function is triggered

2021-10-21 14:26:40 - [MESSAGE][INFO] - Found 2 web elements with id: 'Object Repository/Menu/Menu_Basligi' located by 'By.xpath: //li[@class='dropdown dropdown-large open']//li[@class='dropdown-header']' in '10' second(s)

2021-10-21 14:26:40 - [MESSAGE][INFO] - Smart Wait Function is triggered

2021-10-21 14:26:43 - [MESSAGE][PASSED] - Method.TextDegerineEsitElementinAltindakiTextDegerineEsitOlanaTikla is PASSED

2021-10-21 14:26:43 - [MESSAGE][PASSED] - Call Test Case 'Test Cases/Menu/BasligaGoreAltMenuSecimi' successfully

2021-10-21 14:26:43 - [MESSAGE][INFO] - Checking called Test Case

2021-10-21 14:26:43 - [MESSAGE][INFO] - Starting to call Test Case 'Test Cases/Filtreler/EttnYaz'

2021-10-21 14:26:43 - [TEST_CASE][PASSED] - Test Cases/Filtreler/EttnYaz: Test Cases/Filtreler/EttnYaz

2021-10-21 14:26:43 - [TEST_STEP][PASSED] - Method.TextDegerineEsitElementinAltindakiTextboxtaYaz(findTestObject("Filtreler/Basliklar"), findTestObject("Filtreler/Basliga_Gore_Textbox"), "ETTN", ettn): Method.TextDegerineEsitElementinAltindakiTextboxtaYaz is PASSED

2021-10-21 14:26:43 - [MESSAGE][INFO] - Finding Test Object 'Object Repository/Filtreler/Basliklar'

2021-10-21 14:26:43 - [MESSAGE][INFO] - Finding Test Object 'Object Repository/Filtreler/Basliga_Gore_Textbox'

2021-10-21 14:26:43 - [MESSAGE][INFO] - Checking timeout

2021-10-21 14:26:43 - [MESSAGE][INFO] - Finding web element with id: 'Object Repository/Filtreler/Basliklar' located by 'By.cssSelector: .control-label.col-sm-4.paddingMarginRLC' in '10' second(s)

2021-10-21 14:26:43 - [MESSAGE][INFO] - Smart Wait Function is triggered

2021-10-21 14:26:43 - [MESSAGE][INFO] - Found 19 web elements with id: 'Object Repository/Filtreler/Basliklar' located by 'By.cssSelector: .control-label.col-sm-4.paddingMarginRLC' in '10' second(s)

2021-10-21 14:26:43 - [MESSAGE][INFO] - Smart Wait Function is triggered

2021-10-21 14:26:44 - [MESSAGE][PASSED] - Method.TextDegerineEsitElementinAltindakiTextboxtaYaz is PASSED

2021-10-21 14:26:44 - [MESSAGE][PASSED] - Call Test Case 'Test Cases/Filtreler/EttnYaz' successfully

2021-10-21 14:26:44 - [MESSAGE][INFO] - Checking called Test Case

2021-10-21 14:26:44 - [MESSAGE][INFO] - Starting to call Test Case 'Test Cases/Filtreler/ButonaTikla'

2021-10-21 14:26:44 - [TEST_CASE][PASSED] - Test Cases/Filtreler/ButonaTikla: Test Cases/Filtreler/ButonaTikla

2021-10-21 14:26:44 - [TEST_STEP][PASSED] - Method.TextDegerineEsitElementeTikla(findTestObject("Filtreler/Butonlar"), Filtre_Buton): Method.TextDegerineEsitElementeTikla is PASSED

2021-10-21 14:26:44 - [MESSAGE][INFO] - Finding Test Object 'Object Repository/Filtreler/Butonlar'

2021-10-21 14:26:44 - [MESSAGE][INFO] - Checking timeout

2021-10-21 14:26:44 - [MESSAGE][INFO] - Finding web element with id: 'Object Repository/Filtreler/Butonlar' located by 'By.cssSelector: .dxb>span' in '10' second(s)

2021-10-21 14:26:44 - [MESSAGE][INFO] - Smart Wait Function is triggered

2021-10-21 14:26:44 - [MESSAGE][INFO] - Found 3 web elements with id: 'Object Repository/Filtreler/Butonlar' located by 'By.cssSelector: .dxb>span' in '10' second(s)

2021-10-21 14:26:45 - [MESSAGE][PASSED] - Method.TextDegerineEsitElementeTikla is PASSED

2021-10-21 14:26:45 - [MESSAGE][PASSED] - Call Test Case 'Test Cases/Filtreler/ButonaTikla' successfully

2021-10-21 14:26:45 - [MESSAGE][INFO] - Checking called Test Case

2021-10-21 14:26:45 - [MESSAGE][INFO] - Starting to call Test Case 'Test Cases/Tablo/TablodaVeriVarMi'

2021-10-21 14:26:45 - [TEST_CASE][PASSED] - Test Cases/Tablo/TablodaVeriVarMi: Test Cases/Tablo/TablodaVeriVarMi

2021-10-21 14:26:45 - [TEST_STEP][PASSED] - verifyTextNotPresent("Görüntülenecek veri yok", true): Text 'Görüntülenecek veri yok' is not present on page using regular expression

2021-10-21 14:26:45 - [MESSAGE][INFO] - Checking text present  using regular expression

2021-10-21 14:26:45 - [MESSAGE][INFO] - Smart Wait Function is triggered

2021-10-21 14:26:45 - [MESSAGE][INFO] - Finding text 'Görüntülenecek veri yok' on page  using regular expression

2021-10-21 14:26:45 - [MESSAGE][PASSED] - Text 'Görüntülenecek veri yok' is not present on page using regular expression

2021-10-21 14:26:45 - [MESSAGE][PASSED] - Call Test Case 'Test Cases/Tablo/TablodaVeriVarMi' successfully

2021-10-21 14:26:45 - [MESSAGE][INFO] - Checking called Test Case

2021-10-21 14:26:45 - [MESSAGE][INFO] - Starting to call Test Case 'Test Cases/Tablo/TablodaVeriBasariliMiArsiv'

2021-10-21 14:26:45 - [TEST_CASE][PASSED] - Test Cases/Tablo/TablodaVeriBasariliMiArsiv: Test Cases/Tablo/TablodaVeriBasariliMiArsiv

2021-10-21 14:26:45 - [TEST_STEP][PASSED] - sayac = 80: null

2021-10-21 14:26:45 - [TEST_STEP][PASSED] - while (verifyElementText(findTestObject("Object Repository/Tablo/DurumBilgisiArsiv"), "Henüz Sonuçlanmadı", OPTIONAL)): Actual text 'Başarılı' and expected text 'Henüz Sonuçlanmadı' of test object 'Object Repository/Tablo/DurumBilgisiArsiv' are NOT matched. (Root cause: com.kms.katalon.core.exception.StepFailedException: Actual text 'Başarılı' and expected text 'Henüz Sonuçlanmadı' of test object 'Object Repository/Tablo/DurumBilgisiArsiv' are NOT matched.
	at com.kms.katalon.core.webui.keyword.internal.WebUIKeywordMain.stepFailed(WebUIKeywordMain.groovy:64)
	at com.kms.katalon.core.webui.keyword.builtin.VerifyElementTextKeyword$_verifyElementText_closure1.doCall(VerifyElementTextKeyword.groovy:57)
	at com.kms.katalon.core.webui.keyword.builtin.VerifyElementTextKeyword$_verifyElementText_closure1.call(VerifyElementTextKeyword.groovy)
	at com.kms.katalon.core.webui.keyword.internal.WebUIKeywordMain.runKeyword(WebUIKeywordMain.groovy:20)
	at com.kms.katalon.core.webui.keyword.builtin.VerifyElementTextKeyword.verifyElementText(VerifyElementTextKeyword.groovy:72)
	at com.kms.katalon.core.webui.keyword.builtin.VerifyElementTextKeyword.execute(VerifyElementTextKeyword.groovy:40)
	at com.kms.katalon.core.keyword.internal.KeywordExecutor.executeKeywordForPlatform(KeywordExecutor.groovy:73)
	at com.kms.katalon.core.webui.keyword.WebUiBuiltInKeywords.verifyElementText(WebUiBuiltInKeywords.groovy:4733)
	at com.kms.katalon.core.webui.keyword.WebUiBuiltInKeywords$verifyElementText$20.call(Unknown Source)
	at TablodaVeriBasariliMiArsiv.run(TablodaVeriBasariliMiArsiv:22)
	at com.kms.katalon.core.main.ScriptEngine.run(ScriptEngine.java:194)
	at com.kms.katalon.core.main.ScriptEngine.runScriptAsRawText(ScriptEngine.java:119)
	at com.kms.katalon.core.main.TestCaseExecutor.runScript(TestCaseExecutor.java:369)
	at com.kms.katalon.core.main.TestCaseExecutor.doExecute(TestCaseExecutor.java:360)
	at com.kms.katalon.core.main.TestCaseExecutor.processExecutionPhase(TestCaseExecutor.java:339)
	at com.kms.katalon.core.main.TestCaseExecutor.accessMainPhase(TestCaseExecutor.java:331)
	at com.kms.katalon.core.main.TestCaseExecutor.execute(TestCaseExecutor.java:248)
	at com.kms.katalon.core.main.TestCaseMain.runTestCase(TestCaseMain.java:138)
	at com.kms.katalon.core.keyword.builtin.CallTestCaseKeyword$_callTestCase_closure1.doCall(CallTestCaseKeyword.groovy:59)
	at com.kms.katalon.core.keyword.builtin.CallTestCaseKeyword$_callTestCase_closure1.call(CallTestCaseKeyword.groovy)
	at com.kms.katalon.core.keyword.internal.KeywordMain.runKeyword(KeywordMain.groovy:68)
	at com.kms.katalon.core.keyword.builtin.CallTestCaseKeyword.callTestCase(CallTestCaseKeyword.groovy:81)
	at com.kms.katalon.core.keyword.builtin.CallTestCaseKeyword.execute(CallTestCaseKeyword.groovy:44)
	at com.kms.katalon.core.keyword.internal.KeywordExecutor.executeKeywordForPlatform(KeywordExecutor.groovy:73)
	at com.kms.katalon.core.keyword.BuiltinKeywords.callTestCase(BuiltinKeywords.groovy:334)
	at tablo.tablo.tablodaVeriBasariliMiArsiv(tablo.groovy:95)
	at cucumber.runtime.Utils$1.call(Utils.java:26)
	at cucumber.runtime.Timeout.timeout(Timeout.java:16)
	at cucumber.runtime.Utils.invoke(Utils.java:20)
	at cucumber.runtime.java.JavaStepDefinition.execute(JavaStepDefinition.java:49)
	at cucumber.runner.PickleStepDefinitionMatch.runStep(PickleStepDefinitionMatch.java:50)
	at cucumber.runner.TestStep.executeStep(TestStep.java:63)
	at cucumber.runner.TestStep.run(TestStep.java:49)
	at cucumber.runner.PickleStepTestStep.run(PickleStepTestStep.java:43)
	at cucumber.runner.TestCase.run(TestCase.java:44)
	at cucumber.runner.Runner.runPickle(Runner.java:40)
	at cucumber.runtime.Runtime$1.run(Runtime.java:84)
	at cucumber.runtime.Runtime$SameThreadExecutorService.execute(Runtime.java:220)
	at cucumber.runtime.Runtime.run(Runtime.java:81)
	at cucumber.api.cli.Main.run(Main.java:26)
	at cucumber.api.cli.Main$run.call(Unknown Source)
	at com.kms.katalon.core.cucumber.keyword.CucumberBuiltinKeywords$_runFeatureFile_closure1.doCall(CucumberBuiltinKeywords.groovy:106)
	at com.kms.katalon.core.cucumber.keyword.CucumberBuiltinKeywords$_runFeatureFile_closure1.doCall(CucumberBuiltinKeywords.groovy)
	at com.kms.katalon.core.keyword.internal.KeywordMain.runKeyword(KeywordMain.groovy:68)
	at com.kms.katalon.core.keyword.internal.KeywordMain$runKeyword.call(Unknown Source)
	at com.kms.katalon.core.cucumber.keyword.CucumberBuiltinKeywords.runFeatureFile(CucumberBuiltinKeywords.groovy:73)
	at com.kms.katalon.core.cucumber.keyword.CucumberBuiltinKeywords$runFeatureFile$0.callStatic(Unknown Source)
	at com.kms.katalon.core.cucumber.keyword.CucumberBuiltinKeywords.runFeatureFile(CucumberBuiltinKeywords.groovy:246)
	at com.kms.katalon.core.cucumber.keyword.CucumberBuiltinKeywords$runFeatureFile.call(Unknown Source)
	at VKN-Kagit-Hal Komisyoncu.run(VKN-Kagit-Hal Komisyoncu:19)
	at com.kms.katalon.core.main.ScriptEngine.run(ScriptEngine.java:194)
	at com.kms.katalon.core.main.ScriptEngine.runScriptAsRawText(ScriptEngine.java:119)
	at com.kms.katalon.core.main.TestCaseExecutor.runScript(TestCaseExecutor.java:369)
	at com.kms.katalon.core.main.TestCaseExecutor.doExecute(TestCaseExecutor.java:360)
	at com.kms.katalon.core.main.TestCaseExecutor.processExecutionPhase(TestCaseExecutor.java:339)
	at com.kms.katalon.core.main.TestCaseExecutor.accessMainPhase(TestCaseExecutor.java:331)
	at com.kms.katalon.core.main.TestCaseExecutor.execute(TestCaseExecutor.java:248)
	at com.kms.katalon.core.main.TestSuiteExecutor.accessTestCaseMainPhase(TestSuiteExecutor.java:191)
	at com.kms.katalon.core.main.TestSuiteExecutor.accessTestSuiteMainPhase(TestSuiteExecutor.java:140)
	at com.kms.katalon.core.main.TestSuiteExecutor.execute(TestSuiteExecutor.java:89)
	at com.kms.katalon.core.main.TestCaseMain.startTestSuite(TestCaseMain.java:181)
	at com.kms.katalon.core.main.TestCaseMain$startTestSuite$0.call(Unknown Source)
	at TempTestSuite1634814289741.run(TempTestSuite1634814289741.groovy:39)
)

2021-10-21 14:26:45 - [MESSAGE][INFO] - Finding Test Object 'Object Repository/Tablo/DurumBilgisiArsiv'

2021-10-21 14:26:46 - [MESSAGE][INFO] - Checking object

2021-10-21 14:26:46 - [MESSAGE][INFO] - Finding web element from Test Object's properties

2021-10-21 14:26:46 - [MESSAGE][INFO] - Checking timeout

2021-10-21 14:26:46 - [MESSAGE][INFO] - Finding web element with id: 'Object Repository/Tablo/DurumBilgisiArsiv' located by 'By.xpath: //*[@id = 'GridViewEArchiveInvoices_tccell0_9']' in '30' second(s)

2021-10-21 14:26:46 - [MESSAGE][INFO] - Smart Wait Function is triggered

2021-10-21 14:26:46 - [MESSAGE][INFO] - Found 1 web elements with id: 'Object Repository/Tablo/DurumBilgisiArsiv' located by 'By.xpath: //*[@id = 'GridViewEArchiveInvoices_tccell0_9']' in '30' second(s)

2021-10-21 14:26:46 - [MESSAGE][WARNING] - Actual text 'Başarılı' and expected text 'Henüz Sonuçlanmadı' of test object 'Object Repository/Tablo/DurumBilgisiArsiv' are NOT matched. (Root cause: com.kms.katalon.core.exception.StepFailedException: Actual text 'Başarılı' and expected text 'Henüz Sonuçlanmadı' of test object 'Object Repository/Tablo/DurumBilgisiArsiv' are NOT matched.
	at com.kms.katalon.core.webui.keyword.internal.WebUIKeywordMain.stepFailed(WebUIKeywordMain.groovy:64)
	at com.kms.katalon.core.webui.keyword.builtin.VerifyElementTextKeyword$_verifyElementText_closure1.doCall(VerifyElementTextKeyword.groovy:57)
	at com.kms.katalon.core.webui.keyword.builtin.VerifyElementTextKeyword$_verifyElementText_closure1.call(VerifyElementTextKeyword.groovy)
	at com.kms.katalon.core.webui.keyword.internal.WebUIKeywordMain.runKeyword(WebUIKeywordMain.groovy:20)
	at com.kms.katalon.core.webui.keyword.builtin.VerifyElementTextKeyword.verifyElementText(VerifyElementTextKeyword.groovy:72)
	at com.kms.katalon.core.webui.keyword.builtin.VerifyElementTextKeyword.execute(VerifyElementTextKeyword.groovy:40)
	at com.kms.katalon.core.keyword.internal.KeywordExecutor.executeKeywordForPlatform(KeywordExecutor.groovy:73)
	at com.kms.katalon.core.webui.keyword.WebUiBuiltInKeywords.verifyElementText(WebUiBuiltInKeywords.groovy:4733)
	at com.kms.katalon.core.webui.keyword.WebUiBuiltInKeywords$verifyElementText$20.call(Unknown Source)
	at TablodaVeriBasariliMiArsiv.run(TablodaVeriBasariliMiArsiv:22)
	at com.kms.katalon.core.main.ScriptEngine.run(ScriptEngine.java:194)
	at com.kms.katalon.core.main.ScriptEngine.runScriptAsRawText(ScriptEngine.java:119)
	at com.kms.katalon.core.main.TestCaseExecutor.runScript(TestCaseExecutor.java:369)
	at com.kms.katalon.core.main.TestCaseExecutor.doExecute(TestCaseExecutor.java:360)
	at com.kms.katalon.core.main.TestCaseExecutor.processExecutionPhase(TestCaseExecutor.java:339)
	at com.kms.katalon.core.main.TestCaseExecutor.accessMainPhase(TestCaseExecutor.java:331)
	at com.kms.katalon.core.main.TestCaseExecutor.execute(TestCaseExecutor.java:248)
	at com.kms.katalon.core.main.TestCaseMain.runTestCase(TestCaseMain.java:138)
	at com.kms.katalon.core.keyword.builtin.CallTestCaseKeyword$_callTestCase_closure1.doCall(CallTestCaseKeyword.groovy:59)
	at com.kms.katalon.core.keyword.builtin.CallTestCaseKeyword$_callTestCase_closure1.call(CallTestCaseKeyword.groovy)
	at com.kms.katalon.core.keyword.internal.KeywordMain.runKeyword(KeywordMain.groovy:68)
	at com.kms.katalon.core.keyword.builtin.CallTestCaseKeyword.callTestCase(CallTestCaseKeyword.groovy:81)
	at com.kms.katalon.core.keyword.builtin.CallTestCaseKeyword.execute(CallTestCaseKeyword.groovy:44)
	at com.kms.katalon.core.keyword.internal.KeywordExecutor.executeKeywordForPlatform(KeywordExecutor.groovy:73)
	at com.kms.katalon.core.keyword.BuiltinKeywords.callTestCase(BuiltinKeywords.groovy:334)
	at tablo.tablo.tablodaVeriBasariliMiArsiv(tablo.groovy:95)
	at cucumber.runtime.Utils$1.call(Utils.java:26)
	at cucumber.runtime.Timeout.timeout(Timeout.java:16)
	at cucumber.runtime.Utils.invoke(Utils.java:20)
	at cucumber.runtime.java.JavaStepDefinition.execute(JavaStepDefinition.java:49)
	at cucumber.runner.PickleStepDefinitionMatch.runStep(PickleStepDefinitionMatch.java:50)
	at cucumber.runner.TestStep.executeStep(TestStep.java:63)
	at cucumber.runner.TestStep.run(TestStep.java:49)
	at cucumber.runner.PickleStepTestStep.run(PickleStepTestStep.java:43)
	at cucumber.runner.TestCase.run(TestCase.java:44)
	at cucumber.runner.Runner.runPickle(Runner.java:40)
	at cucumber.runtime.Runtime$1.run(Runtime.java:84)
	at cucumber.runtime.Runtime$SameThreadExecutorService.execute(Runtime.java:220)
	at cucumber.runtime.Runtime.run(Runtime.java:81)
	at cucumber.api.cli.Main.run(Main.java:26)
	at cucumber.api.cli.Main$run.call(Unknown Source)
	at com.kms.katalon.core.cucumber.keyword.CucumberBuiltinKeywords$_runFeatureFile_closure1.doCall(CucumberBuiltinKeywords.groovy:106)
	at com.kms.katalon.core.cucumber.keyword.CucumberBuiltinKeywords$_runFeatureFile_closure1.doCall(CucumberBuiltinKeywords.groovy)
	at com.kms.katalon.core.keyword.internal.KeywordMain.runKeyword(KeywordMain.groovy:68)
	at com.kms.katalon.core.keyword.internal.KeywordMain$runKeyword.call(Unknown Source)
	at com.kms.katalon.core.cucumber.keyword.CucumberBuiltinKeywords.runFeatureFile(CucumberBuiltinKeywords.groovy:73)
	at com.kms.katalon.core.cucumber.keyword.CucumberBuiltinKeywords$runFeatureFile$0.callStatic(Unknown Source)
	at com.kms.katalon.core.cucumber.keyword.CucumberBuiltinKeywords.runFeatureFile(CucumberBuiltinKeywords.groovy:246)
	at com.kms.katalon.core.cucumber.keyword.CucumberBuiltinKeywords$runFeatureFile.call(Unknown Source)
	at VKN-Kagit-Hal Komisyoncu.run(VKN-Kagit-Hal Komisyoncu:19)
	at com.kms.katalon.core.main.ScriptEngine.run(ScriptEngine.java:194)
	at com.kms.katalon.core.main.ScriptEngine.runScriptAsRawText(ScriptEngine.java:119)
	at com.kms.katalon.core.main.TestCaseExecutor.runScript(TestCaseExecutor.java:369)
	at com.kms.katalon.core.main.TestCaseExecutor.doExecute(TestCaseExecutor.java:360)
	at com.kms.katalon.core.main.TestCaseExecutor.processExecutionPhase(TestCaseExecutor.java:339)
	at com.kms.katalon.core.main.TestCaseExecutor.accessMainPhase(TestCaseExecutor.java:331)
	at com.kms.katalon.core.main.TestCaseExecutor.execute(TestCaseExecutor.java:248)
	at com.kms.katalon.core.main.TestSuiteExecutor.accessTestCaseMainPhase(TestSuiteExecutor.java:191)
	at com.kms.katalon.core.main.TestSuiteExecutor.accessTestSuiteMainPhase(TestSuiteExecutor.java:140)
	at com.kms.katalon.core.main.TestSuiteExecutor.execute(TestSuiteExecutor.java:89)
	at com.kms.katalon.core.main.TestCaseMain.startTestSuite(TestCaseMain.java:181)
	at com.kms.katalon.core.main.TestCaseMain$startTestSuite$0.call(Unknown Source)
	at TempTestSuite1634814289741.run(TempTestSuite1634814289741.groovy:39)
)

2021-10-21 14:26:46 - [TEST_STEP][PASSED] - Method.TextDegerineEsitElementVarMi(findTestObject("Object Repository/Tablo/DurumBilgisiArsiv"), "Başarılı"): Method.TextDegerineEsitElementVarMi is PASSED

2021-10-21 14:26:46 - [MESSAGE][INFO] - Finding Test Object 'Object Repository/Tablo/DurumBilgisiArsiv'

2021-10-21 14:26:46 - [MESSAGE][INFO] - Checking timeout

2021-10-21 14:26:46 - [MESSAGE][INFO] - Finding web element with id: 'Object Repository/Tablo/DurumBilgisiArsiv' located by 'By.xpath: //*[@id = 'GridViewEArchiveInvoices_tccell0_9']' in '10' second(s)

2021-10-21 14:26:46 - [MESSAGE][INFO] - Smart Wait Function is triggered

2021-10-21 14:26:46 - [MESSAGE][INFO] - Found 1 web elements with id: 'Object Repository/Tablo/DurumBilgisiArsiv' located by 'By.xpath: //*[@id = 'GridViewEArchiveInvoices_tccell0_9']' in '10' second(s)

2021-10-21 14:26:46 - [MESSAGE][PASSED] - Method.TextDegerineEsitElementVarMi is PASSED

2021-10-21 14:26:46 - [MESSAGE][PASSED] - Call Test Case 'Test Cases/Tablo/TablodaVeriBasariliMiArsiv' successfully

2021-10-21 14:26:46 - [MESSAGE][INFO] - Checking called Test Case

2021-10-21 14:26:46 - [MESSAGE][INFO] - Starting to call Test Case 'Test Cases/Kullanici_Islemleri/KullaniciIslemlerindenSecimYapilir'

2021-10-21 14:26:46 - [TEST_CASE][PASSED] - Test Cases/Kullanici_Islemleri/KullaniciIslemlerindenSecimYapilir: Test Cases/Kullanici_Islemleri/KullaniciIslemlerindenSecimYapilir

2021-10-21 14:26:46 - [TEST_STEP][PASSED] - waitForElementClickable(findTestObject("Object Repository/Kullanici_Islemleri/KullaniciIslemleri"), 10): Object 'Object Repository/Kullanici_Islemleri/KullaniciIslemleri' is clickable

2021-10-21 14:26:46 - [MESSAGE][INFO] - Finding Test Object 'Object Repository/Kullanici_Islemleri/KullaniciIslemleri'

2021-10-21 14:26:46 - [MESSAGE][INFO] - Checking object

2021-10-21 14:26:46 - [MESSAGE][INFO] - Checking timeout

2021-10-21 14:26:46 - [MESSAGE][INFO] - Finding web element from Test Object's properties

2021-10-21 14:26:46 - [MESSAGE][INFO] - Checking timeout

2021-10-21 14:26:46 - [MESSAGE][INFO] - Finding web element with id: 'Object Repository/Kullanici_Islemleri/KullaniciIslemleri' located by 'By.cssSelector: .dropdown>a>img' in '10' second(s)

2021-10-21 14:26:46 - [MESSAGE][INFO] - Smart Wait Function is triggered

2021-10-21 14:26:47 - [MESSAGE][INFO] - Found 1 web elements with id: 'Object Repository/Kullanici_Islemleri/KullaniciIslemleri' located by 'By.cssSelector: .dropdown>a>img' in '10' second(s)

2021-10-21 14:26:47 - [MESSAGE][PASSED] - Object 'Object Repository/Kullanici_Islemleri/KullaniciIslemleri' is clickable

2021-10-21 14:26:47 - [TEST_STEP][PASSED] - click(findTestObject("Object Repository/Kullanici_Islemleri/KullaniciIslemleri")): Object: 'Object Repository/Kullanici_Islemleri/KullaniciIslemleri' is clicked on

2021-10-21 14:26:47 - [MESSAGE][INFO] - Finding Test Object 'Object Repository/Kullanici_Islemleri/KullaniciIslemleri'

2021-10-21 14:26:47 - [MESSAGE][INFO] - Checking object

2021-10-21 14:26:47 - [MESSAGE][INFO] - Finding web element from Test Object's properties

2021-10-21 14:26:47 - [MESSAGE][INFO] - Checking timeout

2021-10-21 14:26:47 - [MESSAGE][INFO] - Finding web element with id: 'Object Repository/Kullanici_Islemleri/KullaniciIslemleri' located by 'By.cssSelector: .dropdown>a>img' in '30' second(s)

2021-10-21 14:26:47 - [MESSAGE][INFO] - Smart Wait Function is triggered

2021-10-21 14:26:47 - [MESSAGE][INFO] - Found 1 web elements with id: 'Object Repository/Kullanici_Islemleri/KullaniciIslemleri' located by 'By.cssSelector: .dropdown>a>img' in '30' second(s)

2021-10-21 14:26:47 - [MESSAGE][INFO] - Clicking on object: 'Object Repository/Kullanici_Islemleri/KullaniciIslemleri'

2021-10-21 14:26:47 - [MESSAGE][PASSED] - Object: 'Object Repository/Kullanici_Islemleri/KullaniciIslemleri' is clicked on

2021-10-21 14:26:47 - [TEST_STEP][PASSED] - Method.TextDegerineEsitElementeTikla(findTestObject("Object Repository/Kullanici_Islemleri/Secenekler"), Islem): Method.TextDegerineEsitElementeTikla is PASSED

2021-10-21 14:26:47 - [MESSAGE][INFO] - Finding Test Object 'Object Repository/Kullanici_Islemleri/Secenekler'

2021-10-21 14:26:47 - [MESSAGE][INFO] - Checking timeout

2021-10-21 14:26:47 - [MESSAGE][INFO] - Finding web element with id: 'Object Repository/Kullanici_Islemleri/Secenekler' located by 'By.cssSelector: .nav.navbar-nav.navbar-right li a' in '10' second(s)

2021-10-21 14:26:47 - [MESSAGE][INFO] - Smart Wait Function is triggered

2021-10-21 14:26:47 - [MESSAGE][INFO] - Found 22 web elements with id: 'Object Repository/Kullanici_Islemleri/Secenekler' located by 'By.cssSelector: .nav.navbar-nav.navbar-right li a' in '10' second(s)

2021-10-21 14:26:49 - [MESSAGE][PASSED] - Method.TextDegerineEsitElementeTikla is PASSED

2021-10-21 14:26:49 - [TEST_STEP][PASSED] - verifyElementNotPresent(findTestObject("Object Repository/Kullanici_Islemleri/Secenekler"), 10): Web element with id: 'Object Repository/Kullanici_Islemleri/Secenekler' located by 'By.cssSelector: .nav.navbar-nav.navbar-right li a' is not present after '10' second(s)

2021-10-21 14:26:49 - [MESSAGE][INFO] - Finding Test Object 'Object Repository/Kullanici_Islemleri/Secenekler'

2021-10-21 14:26:49 - [MESSAGE][INFO] - Checking object

2021-10-21 14:26:49 - [MESSAGE][INFO] - Checking timeout

2021-10-21 14:26:49 - [MESSAGE][INFO] - Finding web element with id: 'Object Repository/Kullanici_Islemleri/Secenekler' located by 'By.cssSelector: .nav.navbar-nav.navbar-right li a' in '10' second(s)

2021-10-21 14:26:49 - [MESSAGE][INFO] - Smart Wait Function is triggered

2021-10-21 14:26:49 - [MESSAGE][PASSED] - Web element with id: 'Object Repository/Kullanici_Islemleri/Secenekler' located by 'By.cssSelector: .nav.navbar-nav.navbar-right li a' is not present after '10' second(s)

2021-10-21 14:26:49 - [MESSAGE][PASSED] - Call Test Case 'Test Cases/Kullanici_Islemleri/KullaniciIslemlerindenSecimYapilir' successfully

2021-10-21 14:26:49 - [TEST_CASE][PASSED] - Start Test Case : SCENARIO Gonderim tipi Kagit ve Hal Komisyoncu tipinde e-Arsiv faturasi olusturulmasi: SCENARIO Gonderim tipi Kagit ve Hal Komisyoncu tipinde e-Arsiv faturasi olusturulmasi

2021-10-21 14:26:49 - [TEST_STEP][PASSED] - Kullanıcı adı HALKOMIS ve Şifre test1234 olarak giriş yapılır: Kullanıcı adı HALKOMIS ve Şifre test1234 olarak giriş yapılır

2021-10-21 14:26:49 - [MESSAGE][PASSED] - Kullanıcı adı HALKOMIS ve Şifre test1234 olarak giriş yapılır

2021-10-21 14:26:49 - [TEST_STEP][PASSED] - Ana menüden e-Arşiv seçilir: Ana menüden e-Arşiv seçilir

2021-10-21 14:26:49 - [MESSAGE][PASSED] - Ana menüden e-Arşiv seçilir

2021-10-21 14:26:49 - [TEST_STEP][PASSED] - Alt menü e-Arşiv Araçları başlığı altındaki e-Arşiv Fatura Oluşturma seçilir: Alt menü e-Arşiv Araçları başlığı altındaki e-Arşiv Fatura Oluşturma seçilir

2021-10-21 14:26:49 - [MESSAGE][PASSED] - Alt menü e-Arşiv Araçları başlığı altındaki e-Arşiv Fatura Oluşturma seçilir

2021-10-21 14:26:49 - [TEST_STEP][PASSED] - Tablodaki tüm veriler silinir: Tablodaki tüm veriler silinir

2021-10-21 14:26:49 - [MESSAGE][PASSED] - Tablodaki tüm veriler silinir

2021-10-21 14:26:49 - [TEST_STEP][PASSED] - Butonlardan Ekle isimli butona tıklanır: Butonlardan Ekle isimli butona tıklanır

2021-10-21 14:26:49 - [MESSAGE][PASSED] - Butonlardan Ekle isimli butona tıklanır

2021-10-21 14:26:49 - [TEST_STEP][PASSED] - Görsel tasarım sayfasının e-Arşiv Fatura Bilgileri başlığını içerdiği kontrol edilir: Görsel tasarım sayfasının e-Arşiv Fatura Bilgileri başlığını içerdiği kontrol edilir

2021-10-21 14:26:49 - [MESSAGE][PASSED] - Görsel tasarım sayfasının e-Arşiv Fatura Bilgileri başlığını içerdiği kontrol edilir

2021-10-21 14:26:49 - [TEST_STEP][PASSED] - Alıcı adı alanına UC0009 girilir: Alıcı adı alanına UC0009 girilir

2021-10-21 14:26:49 - [MESSAGE][PASSED] - Alıcı adı alanına UC0009 girilir

2021-10-21 14:26:49 - [TEST_STEP][PASSED] - Gönderim Şekli Kağıt olarak seçilir: Gönderim Şekli Kağıt olarak seçilir

2021-10-21 14:26:49 - [MESSAGE][PASSED] - Gönderim Şekli Kağıt olarak seçilir

2021-10-21 14:26:49 - [TEST_STEP][PASSED] - Tip alanından Hal Komisyoncu seçilir: Tip alanından Hal Komisyoncu seçilir

2021-10-21 14:26:49 - [MESSAGE][PASSED] - Tip alanından Hal Komisyoncu seçilir

2021-10-21 14:26:49 - [TEST_STEP][PASSED] - Döküman Para Birimi alanından Türk Lirası seçilir: Döküman Para Birimi alanından Türk Lirası seçilir

2021-10-21 14:26:49 - [MESSAGE][PASSED] - Döküman Para Birimi alanından Türk Lirası seçilir

2021-10-21 14:26:49 - [TEST_STEP][PASSED] - Ön Ek FGX olarak seçilir: Ön Ek FGX olarak seçilir

2021-10-21 14:26:49 - [MESSAGE][PASSED] - Ön Ek FGX olarak seçilir

2021-10-21 14:26:49 - [TEST_STEP][PASSED] - Tasarım alanından Otomasyon seçilir: Tasarım alanından Otomasyon seçilir

2021-10-21 14:26:49 - [MESSAGE][PASSED] - Tasarım alanından Otomasyon seçilir

2021-10-21 14:26:49 - [TEST_STEP][PASSED] - Sipariş bilgileri UUC-SAT-1200001 ve 31.04.2020 olarak girilir: Sipariş bilgileri UUC-SAT-1200001 ve 31.04.2020 olarak girilir

2021-10-21 14:26:49 - [MESSAGE][PASSED] - Sipariş bilgileri UUC-SAT-1200001 ve 31.04.2020 olarak girilir

2021-10-21 14:26:49 - [TEST_STEP][PASSED] - İrsaliye Bilgileri AAAAAAAAAA,31.04.2020 olarak girilir: İrsaliye Bilgileri AAAAAAAAAA,31.04.2020 olarak girilir

2021-10-21 14:26:49 - [MESSAGE][PASSED] - İrsaliye Bilgileri AAAAAAAAAA,31.04.2020 olarak girilir

2021-10-21 14:26:49 - [TEST_STEP][PASSED] - Ekle butonuna basılır: Ekle butonuna basılır

2021-10-21 14:26:49 - [MESSAGE][PASSED] - Ekle butonuna basılır

2021-10-21 14:26:49 - [TEST_STEP][PASSED] - Ürün ekleme alanında Mal/Hizmet başlığına Otomasyon girilir: Ürün ekleme alanında Mal/Hizmet başlığına Otomasyon girilir

2021-10-21 14:26:49 - [MESSAGE][PASSED] - Ürün ekleme alanında Mal/Hizmet başlığına Otomasyon girilir

2021-10-21 14:26:49 - [TEST_STEP][PASSED] - Ürün ekleme alanında Açıklaması başlığına Virgosol girilir: Ürün ekleme alanında Açıklaması başlığına Virgosol girilir

2021-10-21 14:26:49 - [MESSAGE][PASSED] - Ürün ekleme alanında Açıklaması başlığına Virgosol girilir

2021-10-21 14:26:49 - [TEST_STEP][PASSED] - Ürün ekleme alanında Künye Numarası başlığına 1234567890123456789 girilir: Ürün ekleme alanında Künye Numarası başlığına 1234567890123456789 girilir

2021-10-21 14:26:49 - [MESSAGE][PASSED] - Ürün ekleme alanında Künye Numarası başlığına 1234567890123456789 girilir

2021-10-21 14:26:49 - [TEST_STEP][PASSED] - Ürün ekleme alanında Miktarı başlığına 400 girilir: Ürün ekleme alanında Miktarı başlığına 400 girilir

2021-10-21 14:26:49 - [MESSAGE][PASSED] - Ürün ekleme alanında Miktarı başlığına 400 girilir

2021-10-21 14:26:49 - [TEST_STEP][PASSED] - Ürün ekleme alanında Birim Fiyat başlığına 100 girilir: Ürün ekleme alanında Birim Fiyat başlığına 100 girilir

2021-10-21 14:26:49 - [MESSAGE][PASSED] - Ürün ekleme alanında Birim Fiyat başlığına 100 girilir

2021-10-21 14:26:49 - [TEST_STEP][PASSED] - Ürün ekleme alanında İskonto Oranı % başlığına 10 girilir: Ürün ekleme alanında İskonto Oranı % başlığına 10 girilir

2021-10-21 14:26:49 - [MESSAGE][PASSED] - Ürün ekleme alanında İskonto Oranı % başlığına 10 girilir

2021-10-21 14:26:49 - [TEST_STEP][PASSED] - Notlar alanına Otomasyon Not girilir: Notlar alanına Otomasyon Not girilir

2021-10-21 14:26:49 - [MESSAGE][PASSED] - Notlar alanına Otomasyon Not girilir

2021-10-21 14:26:49 - [TEST_STEP][PASSED] - Ettn bilgisi kayıt edilir: Ettn bilgisi kayıt edilir

2021-10-21 14:26:49 - [MESSAGE][PASSED] - Ettn bilgisi kayıt edilir

2021-10-21 14:26:49 - [TEST_STEP][PASSED] - Kaydet butonu seçilir: Kaydet butonu seçilir

2021-10-21 14:26:49 - [MESSAGE][PASSED] - Kaydet butonu seçilir

2021-10-21 14:26:49 - [TEST_STEP][PASSED] - Tabloda Ettn bilgisi kaydedilen veri oluşturuldu mu: Tabloda Ettn bilgisi kaydedilen veri oluşturuldu mu

2021-10-21 14:26:49 - [MESSAGE][PASSED] - Tabloda Ettn bilgisi kaydedilen veri oluşturuldu mu

2021-10-21 14:26:49 - [TEST_STEP][PASSED] - Tablodan Ettn bilgisi kaydedilen veri seçilir: Tablodan Ettn bilgisi kaydedilen veri seçilir

2021-10-21 14:26:49 - [MESSAGE][PASSED] - Tablodan Ettn bilgisi kaydedilen veri seçilir

2021-10-21 14:26:49 - [TEST_STEP][PASSED] - Butonlardan Numara Oluştur isimli butona tıklanır: Butonlardan Numara Oluştur isimli butona tıklanır

2021-10-21 14:26:49 - [MESSAGE][PASSED] - Butonlardan Numara Oluştur isimli butona tıklanır

2021-10-21 14:26:49 - [TEST_STEP][PASSED] - Popup mesajı Devam etmek istiyor musunuz içeriyor mu: Popup mesajı Devam etmek istiyor musunuz içeriyor mu

2021-10-21 14:26:49 - [MESSAGE][PASSED] - Popup mesajı Devam etmek istiyor musunuz içeriyor mu

2021-10-21 14:26:49 - [TEST_STEP][PASSED] - Yönetim popupında Evet seçilir: Yönetim popupında Evet seçilir

2021-10-21 14:26:49 - [MESSAGE][PASSED] - Yönetim popupında Evet seçilir

2021-10-21 14:26:49 - [TEST_STEP][PASSED] - Popup mesajı oluşmuştur içeriyor mu: Popup mesajı oluşmuştur içeriyor mu

2021-10-21 14:26:49 - [MESSAGE][PASSED] - Popup mesajı oluşmuştur içeriyor mu

2021-10-21 14:26:49 - [TEST_STEP][PASSED] - Yönetim popupında Tamam seçilir: Yönetim popupında Tamam seçilir

2021-10-21 14:26:49 - [MESSAGE][PASSED] - Yönetim popupında Tamam seçilir

2021-10-21 14:26:49 - [TEST_STEP][PASSED] - Tablodan Ettn bilgisi kaydedilen veri seçilir: Tablodan Ettn bilgisi kaydedilen veri seçilir

2021-10-21 14:26:49 - [MESSAGE][PASSED] - Tablodan Ettn bilgisi kaydedilen veri seçilir

2021-10-21 14:26:49 - [TEST_STEP][PASSED] - Butonlardan Gönder isimli butona tıklanır: Butonlardan Gönder isimli butona tıklanır

2021-10-21 14:26:49 - [MESSAGE][PASSED] - Butonlardan Gönder isimli butona tıklanır

2021-10-21 14:26:49 - [TEST_STEP][PASSED] - Popup mesajı Devam etmek istiyor musunuz içeriyor mu: Popup mesajı Devam etmek istiyor musunuz içeriyor mu

2021-10-21 14:26:49 - [MESSAGE][PASSED] - Popup mesajı Devam etmek istiyor musunuz içeriyor mu

2021-10-21 14:26:49 - [TEST_STEP][PASSED] - Yönetim popupında Evet seçilir: Yönetim popupında Evet seçilir

2021-10-21 14:26:49 - [MESSAGE][PASSED] - Yönetim popupında Evet seçilir

2021-10-21 14:26:49 - [TEST_STEP][PASSED] - Ana menüden e-Arşiv seçilir: Ana menüden e-Arşiv seçilir

2021-10-21 14:26:49 - [MESSAGE][PASSED] - Ana menüden e-Arşiv seçilir

2021-10-21 14:26:49 - [TEST_STEP][PASSED] - Alt menü e-Arşiv Hareketleri başlığı altındaki e-Arşiv Faturaları seçilir: Alt menü e-Arşiv Hareketleri başlığı altındaki e-Arşiv Faturaları seçilir

2021-10-21 14:26:49 - [MESSAGE][PASSED] - Alt menü e-Arşiv Hareketleri başlığı altındaki e-Arşiv Faturaları seçilir

2021-10-21 14:26:49 - [TEST_STEP][PASSED] - Filtrelerden Ettn filtresine Ettn bilgisi yaz: Filtrelerden Ettn filtresine Ettn bilgisi yaz

2021-10-21 14:26:49 - [MESSAGE][PASSED] - Filtrelerden Ettn filtresine Ettn bilgisi yaz

2021-10-21 14:26:49 - [TEST_STEP][PASSED] - Filtre butonlarından Listele seçilir: Filtre butonlarından Listele seçilir

2021-10-21 14:26:49 - [MESSAGE][PASSED] - Filtre butonlarından Listele seçilir

2021-10-21 14:26:49 - [TEST_STEP][PASSED] - Tabloda veri var mı kontrol edilir: Tabloda veri var mı kontrol edilir

2021-10-21 14:26:49 - [MESSAGE][PASSED] - Tabloda veri var mı kontrol edilir

2021-10-21 14:26:49 - [TEST_STEP][PASSED] - Tabloda yeni oluşturulan eArsiv verisi başarılı mı: Tabloda yeni oluşturulan eArsiv verisi başarılı mı

2021-10-21 14:26:49 - [MESSAGE][PASSED] - Tabloda yeni oluşturulan eArsiv verisi başarılı mı

2021-10-21 14:26:49 - [TEST_STEP][PASSED] - Kullanıcı işlemlerinden Çıkış seçilir: Kullanıcı işlemlerinden Çıkış seçilir

2021-10-21 14:26:49 - [MESSAGE][PASSED] - Kullanıcı işlemlerinden Çıkış seçilir

2021-10-21 14:26:49 - [MESSAGE][PASSED] - Feature file: 'Include/features/Regresyon/e-Arsiv/VKN-Kagit-Hal Komisyoncu.feature' was passed

2021-10-21 14:26:49 - [TEST_STEP][PASSED] - Start listener action : sampleAfterTestSuite: Invoke 'com.kms.katalon.core.annotation.AfterTestCase' method: 'Listener.sampleAfterTestSuite(...)' completed.

2021-10-21 14:26:49 - [MESSAGE][INFO] - Starting invoke 'com.kms.katalon.core.annotation.AfterTestCase' method: 'Listener.sampleAfterTestSuite(...)'

2021-10-21 14:26:49 - [TEST_STEP][PASSED] - closeBrowser(): Invoke 'com.kms.katalon.core.annotation.AfterTestCase' method: 'Listener.sampleAfterTestSuite(...)' completed.

2021-10-21 14:26:49 - [MESSAGE][INFO] - Closing browser

2021-10-21 14:26:50 - [MESSAGE][PASSED] - Browser is closed

2021-10-21 14:26:50 - [MESSAGE][INFO] - Invoke 'com.kms.katalon.core.annotation.AfterTestCase' method: 'Listener.sampleAfterTestSuite(...)' completed.]]></system-out>
         <system-err><![CDATA[]]></system-err>
      </testcase>
      <testcase name="Test Cases/Case Repository/Regresyon/e-Arsiv/VKN-Kagit-Hal Satis" time="116.181" classname="Test Cases/Case Repository/Regresyon/e-Arsiv/VKN-Kagit-Hal Satis" status="PASSED">
         <system-out><![CDATA[2021-10-21 14:26:50 - [TEST_CASE][PASSED] - Test Cases/Case Repository/Regresyon/e-Arsiv/VKN-Kagit-Hal Satis: Test Cases/Case Repository/Regresyon/e-Arsiv/VKN-Kagit-Hal Satis

2021-10-21 14:26:50 - [TEST_STEP][PASSED] - Start listener action : sampleBeforeTestSuite: Invoke 'com.kms.katalon.core.annotation.BeforeTestCase' method: 'Listener.sampleBeforeTestSuite(...)' completed.

2021-10-21 14:26:50 - [MESSAGE][INFO] - Starting invoke 'com.kms.katalon.core.annotation.BeforeTestCase' method: 'Listener.sampleBeforeTestSuite(...)'

2021-10-21 14:26:50 - [TEST_STEP][PASSED] - openBrowser(baseUrl): Browser is opened with url: 'https://efatura-stage.elogo.com.tr/'

2021-10-21 14:26:50 - [MESSAGE][INFO] - Opening browser

2021-10-21 14:26:50 - [MESSAGE][INFO] - Starting 'Chrome' driver

2021-10-21 14:26:50 - [MESSAGE][INFO] - User set preference: ['prefs', '{download.default_directory=C:\otomasyondownfiles}']

2021-10-21 14:26:50 - [MESSAGE][INFO] - Action delay is set to 0 milliseconds

2021-10-21 14:26:51 - [MESSAGE][INFO] - Navigating browser to: 'https://efatura-stage.elogo.com.tr/'

2021-10-21 14:26:54 - [MESSAGE][PASSED] - Browser is opened with url: 'https://efatura-stage.elogo.com.tr/'

2021-10-21 14:26:54 - [TEST_STEP][PASSED] - maximizeWindow(): Invoke 'com.kms.katalon.core.annotation.BeforeTestCase' method: 'Listener.sampleBeforeTestSuite(...)' completed.

2021-10-21 14:26:54 - [MESSAGE][INFO] - Maximizing current window

2021-10-21 14:26:54 - [MESSAGE][PASSED] - Current window maximized

2021-10-21 14:26:54 - [MESSAGE][INFO] - Invoke 'com.kms.katalon.core.annotation.BeforeTestCase' method: 'Listener.sampleBeforeTestSuite(...)' completed.

2021-10-21 14:26:54 - [TEST_STEP][PASSED] - runFeatureFile("Include/features/Regresyon/e-Arsiv/VKN-Kagit-Hal Satis.feature"): Feature file: 'Include/features/Regresyon/e-Arsiv/VKN-Kagit-Hal Satis.feature' was passed

2021-10-21 14:26:54 - [MESSAGE][INFO] - Starting run keyword runFeatureFile: 'Include/features/Regresyon/e-Arsiv/VKN-Kagit-Hal Satis.feature' and extract report to folder: 'C:\Users\DELL\Downloads\EES_Katalon-main\Reports\20211021_140437\Suite Repository\Regresyon-eArsiv-eMakbuz\20211021_140449/cucumber_report/1634815614721'...

2021-10-21 14:26:54 - [MESSAGE][INFO] - Glue: []

2021-10-21 14:26:55 - [MESSAGE][INFO] - Checking called Test Case

2021-10-21 14:26:55 - [MESSAGE][INFO] - Starting to call Test Case 'Test Cases/Sayfalar/Giris_Sayfasi/Login'

2021-10-21 14:26:55 - [TEST_CASE][PASSED] - Test Cases/Sayfalar/Giris_Sayfasi/Login: Test Cases/Sayfalar/Giris_Sayfasi/Login

2021-10-21 14:26:55 - [TEST_STEP][PASSED] - Sayfa_Basligi = getWindowTitle(): Current window's title is: 'LOGO e-Fatura'

2021-10-21 14:26:55 - [MESSAGE][INFO] - Getting current window's title

2021-10-21 14:26:55 - [MESSAGE][PASSED] - Current window's title is: 'LOGO e-Fatura'

2021-10-21 14:26:55 - [TEST_STEP][PASSED] - verifyMatch(Sayfa_Basligi, "LOGO e-Fatura", false): Actual text 'LOGO e-Fatura' and expected text 'LOGO e-Fatura' are matched 

2021-10-21 14:26:55 - [MESSAGE][INFO] - Matching actual text 'LOGO e-Fatura' with expected text 'LOGO e-Fatura'

2021-10-21 14:26:55 - [MESSAGE][PASSED] - Actual text 'LOGO e-Fatura' and expected text 'LOGO e-Fatura' are matched 

2021-10-21 14:26:55 - [TEST_STEP][PASSED] - sendKeys(findTestObject("Sayfalar/Giris_Sayfasi/Firma_Kodu"), KullaniciAdi): Keys 'HALSATIS' sent to object: 'Object Repository/Sayfalar/Giris_Sayfasi/Firma_Kodu'

2021-10-21 14:26:55 - [MESSAGE][INFO] - Finding Test Object 'Object Repository/Sayfalar/Giris_Sayfasi/Firma_Kodu'

2021-10-21 14:26:55 - [MESSAGE][INFO] - Sending keys 'HALSATIS' to object: 'Object Repository/Sayfalar/Giris_Sayfasi/Firma_Kodu'

2021-10-21 14:26:55 - [MESSAGE][INFO] - Finding web element from Test Object's properties

2021-10-21 14:26:55 - [MESSAGE][INFO] - Checking timeout

2021-10-21 14:26:55 - [MESSAGE][INFO] - Finding web element with id: 'Object Repository/Sayfalar/Giris_Sayfasi/Firma_Kodu' located by 'By.xpath: //*[@id = 'AccountName']' in '30' second(s)

2021-10-21 14:26:55 - [MESSAGE][INFO] - Smart Wait Function is triggered

2021-10-21 14:26:56 - [MESSAGE][INFO] - Found 1 web elements with id: 'Object Repository/Sayfalar/Giris_Sayfasi/Firma_Kodu' located by 'By.xpath: //*[@id = 'AccountName']' in '30' second(s)

2021-10-21 14:26:56 - [MESSAGE][PASSED] - Keys 'HALSATIS' sent to object: 'Object Repository/Sayfalar/Giris_Sayfasi/Firma_Kodu'

2021-10-21 14:26:56 - [TEST_STEP][PASSED] - sendKeys(findTestObject("Sayfalar/Giris_Sayfasi/Sifre"), Sifre): Keys 'test1234' sent to object: 'Object Repository/Sayfalar/Giris_Sayfasi/Sifre'

2021-10-21 14:26:56 - [MESSAGE][INFO] - Finding Test Object 'Object Repository/Sayfalar/Giris_Sayfasi/Sifre'

2021-10-21 14:26:56 - [MESSAGE][INFO] - Sending keys 'test1234' to object: 'Object Repository/Sayfalar/Giris_Sayfasi/Sifre'

2021-10-21 14:26:56 - [MESSAGE][INFO] - Finding web element from Test Object's properties

2021-10-21 14:26:56 - [MESSAGE][INFO] - Checking timeout

2021-10-21 14:26:56 - [MESSAGE][INFO] - Finding web element with id: 'Object Repository/Sayfalar/Giris_Sayfasi/Sifre' located by 'By.xpath: //*[@id = 'Password']' in '30' second(s)

2021-10-21 14:26:56 - [MESSAGE][INFO] - Smart Wait Function is triggered

2021-10-21 14:26:56 - [MESSAGE][INFO] - Found 1 web elements with id: 'Object Repository/Sayfalar/Giris_Sayfasi/Sifre' located by 'By.xpath: //*[@id = 'Password']' in '30' second(s)

2021-10-21 14:26:56 - [MESSAGE][PASSED] - Keys 'test1234' sent to object: 'Object Repository/Sayfalar/Giris_Sayfasi/Sifre'

2021-10-21 14:26:56 - [TEST_STEP][PASSED] - findWebElement(findTestObject("Sayfalar/Giris_Sayfasi/Giris_Butonu")).click(): Found 1 web elements with id: 'Object Repository/Sayfalar/Giris_Sayfasi/Giris_Butonu' located by 'By.cssSelector: #btnLogin' in '30' second(s)

2021-10-21 14:26:56 - [MESSAGE][INFO] - Finding Test Object 'Object Repository/Sayfalar/Giris_Sayfasi/Giris_Butonu'

2021-10-21 14:26:57 - [MESSAGE][INFO] - Finding web element from Test Object's properties

2021-10-21 14:26:57 - [MESSAGE][INFO] - Checking timeout

2021-10-21 14:26:57 - [MESSAGE][INFO] - Finding web element with id: 'Object Repository/Sayfalar/Giris_Sayfasi/Giris_Butonu' located by 'By.cssSelector: #btnLogin' in '30' second(s)

2021-10-21 14:26:57 - [MESSAGE][INFO] - Smart Wait Function is triggered

2021-10-21 14:26:57 - [MESSAGE][INFO] - Found 1 web elements with id: 'Object Repository/Sayfalar/Giris_Sayfasi/Giris_Butonu' located by 'By.cssSelector: #btnLogin' in '30' second(s)

2021-10-21 14:26:59 - [TEST_STEP][PASSED] - if (verifyElementPresent(findTestObject("Object Repository/Sayfalar/Giris_Sayfasi/RetveTamam_Butonu"), 5, OPTIONAL)): null

2021-10-21 14:26:59 - [MESSAGE][INFO] - Finding Test Object 'Object Repository/Sayfalar/Giris_Sayfasi/RetveTamam_Butonu'

2021-10-21 14:26:59 - [MESSAGE][INFO] - Checking object

2021-10-21 14:26:59 - [MESSAGE][INFO] - Finding web element from Test Object's properties

2021-10-21 14:26:59 - [MESSAGE][INFO] - Checking timeout

2021-10-21 14:26:59 - [MESSAGE][INFO] - Finding web element with id: 'Object Repository/Sayfalar/Giris_Sayfasi/RetveTamam_Butonu' located by 'By.xpath: //*[@class = 'btn btn-default']' in '5' second(s)

2021-10-21 14:26:59 - [MESSAGE][INFO] - Smart Wait Function is triggered

2021-10-21 14:26:59 - [MESSAGE][INFO] - Found 1 web elements with id: 'Object Repository/Sayfalar/Giris_Sayfasi/RetveTamam_Butonu' located by 'By.xpath: //*[@class = 'btn btn-default']' in '5' second(s)

2021-10-21 14:26:59 - [MESSAGE][PASSED] - Object 'Object Repository/Sayfalar/Giris_Sayfasi/RetveTamam_Butonu' is present

2021-10-21 14:26:59 - [TEST_STEP][PASSED] - click(findTestObject("Object Repository/Sayfalar/Giris_Sayfasi/RetveTamam_Butonu")): Object: 'Object Repository/Sayfalar/Giris_Sayfasi/RetveTamam_Butonu' is clicked on

2021-10-21 14:26:59 - [MESSAGE][INFO] - Finding Test Object 'Object Repository/Sayfalar/Giris_Sayfasi/RetveTamam_Butonu'

2021-10-21 14:26:59 - [MESSAGE][INFO] - Checking object

2021-10-21 14:26:59 - [MESSAGE][INFO] - Finding web element from Test Object's properties

2021-10-21 14:26:59 - [MESSAGE][INFO] - Checking timeout

2021-10-21 14:26:59 - [MESSAGE][INFO] - Finding web element with id: 'Object Repository/Sayfalar/Giris_Sayfasi/RetveTamam_Butonu' located by 'By.xpath: //*[@class = 'btn btn-default']' in '30' second(s)

2021-10-21 14:26:59 - [MESSAGE][INFO] - Smart Wait Function is triggered

2021-10-21 14:27:00 - [MESSAGE][INFO] - Found 1 web elements with id: 'Object Repository/Sayfalar/Giris_Sayfasi/RetveTamam_Butonu' located by 'By.xpath: //*[@class = 'btn btn-default']' in '30' second(s)

2021-10-21 14:27:00 - [MESSAGE][INFO] - Clicking on object: 'Object Repository/Sayfalar/Giris_Sayfasi/RetveTamam_Butonu'

2021-10-21 14:27:00 - [MESSAGE][PASSED] - Object: 'Object Repository/Sayfalar/Giris_Sayfasi/RetveTamam_Butonu' is clicked on

2021-10-21 14:27:00 - [TEST_STEP][PASSED] - click(findTestObject("Object Repository/Sayfalar/Giris_Sayfasi/RetveTamam_Butonu")): Object: 'Object Repository/Sayfalar/Giris_Sayfasi/RetveTamam_Butonu' is clicked on

2021-10-21 14:27:00 - [MESSAGE][INFO] - Finding Test Object 'Object Repository/Sayfalar/Giris_Sayfasi/RetveTamam_Butonu'

2021-10-21 14:27:00 - [MESSAGE][INFO] - Checking object

2021-10-21 14:27:00 - [MESSAGE][INFO] - Finding web element from Test Object's properties

2021-10-21 14:27:00 - [MESSAGE][INFO] - Checking timeout

2021-10-21 14:27:00 - [MESSAGE][INFO] - Finding web element with id: 'Object Repository/Sayfalar/Giris_Sayfasi/RetveTamam_Butonu' located by 'By.xpath: //*[@class = 'btn btn-default']' in '30' second(s)

2021-10-21 14:27:00 - [MESSAGE][INFO] - Smart Wait Function is triggered

2021-10-21 14:27:03 - [MESSAGE][INFO] - Found 1 web elements with id: 'Object Repository/Sayfalar/Giris_Sayfasi/RetveTamam_Butonu' located by 'By.xpath: //*[@class = 'btn btn-default']' in '30' second(s)

2021-10-21 14:27:03 - [MESSAGE][INFO] - Clicking on object: 'Object Repository/Sayfalar/Giris_Sayfasi/RetveTamam_Butonu'

2021-10-21 14:27:03 - [MESSAGE][PASSED] - Object: 'Object Repository/Sayfalar/Giris_Sayfasi/RetveTamam_Butonu' is clicked on

2021-10-21 14:27:03 - [TEST_STEP][PASSED] - if (verifyElementPresent(findTestObject("Sayfalar/Giris_Sayfasi/PopupOK"), 5, OPTIONAL)): null

2021-10-21 14:27:03 - [MESSAGE][INFO] - Finding Test Object 'Object Repository/Sayfalar/Giris_Sayfasi/PopupOK'

2021-10-21 14:27:03 - [MESSAGE][INFO] - Checking object

2021-10-21 14:27:03 - [MESSAGE][INFO] - Finding web element from Test Object's properties

2021-10-21 14:27:03 - [MESSAGE][INFO] - Checking timeout

2021-10-21 14:27:03 - [MESSAGE][INFO] - Finding web element with id: 'Object Repository/Sayfalar/Giris_Sayfasi/PopupOK' located by 'By.cssSelector: .btn.btn-success' in '5' second(s)

2021-10-21 14:27:03 - [MESSAGE][INFO] - Smart Wait Function is triggered

2021-10-21 14:27:04 - [MESSAGE][INFO] - Found 1 web elements with id: 'Object Repository/Sayfalar/Giris_Sayfasi/PopupOK' located by 'By.cssSelector: .btn.btn-success' in '5' second(s)

2021-10-21 14:27:04 - [MESSAGE][PASSED] - Object 'Object Repository/Sayfalar/Giris_Sayfasi/PopupOK' is present

2021-10-21 14:27:04 - [TEST_STEP][PASSED] - click(findTestObject("Object Repository/Sayfalar/Giris_Sayfasi/PopupCarpiGiris")): Object: 'Object Repository/Sayfalar/Giris_Sayfasi/PopupCarpiGiris' is clicked on

2021-10-21 14:27:04 - [MESSAGE][INFO] - Finding Test Object 'Object Repository/Sayfalar/Giris_Sayfasi/PopupCarpiGiris'

2021-10-21 14:27:04 - [MESSAGE][INFO] - Checking object

2021-10-21 14:27:04 - [MESSAGE][INFO] - Finding web element from Test Object's properties

2021-10-21 14:27:04 - [MESSAGE][INFO] - Checking timeout

2021-10-21 14:27:04 - [MESSAGE][INFO] - Finding web element with id: 'Object Repository/Sayfalar/Giris_Sayfasi/PopupCarpiGiris' located by 'By.cssSelector: .bootbox-close-button.close' in '30' second(s)

2021-10-21 14:27:04 - [MESSAGE][INFO] - Smart Wait Function is triggered

2021-10-21 14:27:04 - [MESSAGE][INFO] - Found 1 web elements with id: 'Object Repository/Sayfalar/Giris_Sayfasi/PopupCarpiGiris' located by 'By.cssSelector: .bootbox-close-button.close' in '30' second(s)

2021-10-21 14:27:04 - [MESSAGE][INFO] - Clicking on object: 'Object Repository/Sayfalar/Giris_Sayfasi/PopupCarpiGiris'

2021-10-21 14:27:04 - [MESSAGE][PASSED] - Object: 'Object Repository/Sayfalar/Giris_Sayfasi/PopupCarpiGiris' is clicked on

2021-10-21 14:27:04 - [TEST_STEP][PASSED] - verifyElementVisible(findTestObject("Object Repository/Kullanici_Islemleri/KullaniciIslemleri")): Object 'Object Repository/Kullanici_Islemleri/KullaniciIslemleri' is visible

2021-10-21 14:27:04 - [MESSAGE][INFO] - Finding Test Object 'Object Repository/Kullanici_Islemleri/KullaniciIslemleri'

2021-10-21 14:27:05 - [MESSAGE][INFO] - Checking object

2021-10-21 14:27:05 - [MESSAGE][INFO] - Finding web element from Test Object's properties

2021-10-21 14:27:05 - [MESSAGE][INFO] - Checking timeout

2021-10-21 14:27:05 - [MESSAGE][INFO] - Finding web element with id: 'Object Repository/Kullanici_Islemleri/KullaniciIslemleri' located by 'By.cssSelector: .dropdown>a>img' in '30' second(s)

2021-10-21 14:27:05 - [MESSAGE][INFO] - Smart Wait Function is triggered

2021-10-21 14:27:05 - [MESSAGE][INFO] - Found 1 web elements with id: 'Object Repository/Kullanici_Islemleri/KullaniciIslemleri' located by 'By.cssSelector: .dropdown>a>img' in '30' second(s)

2021-10-21 14:27:05 - [MESSAGE][PASSED] - Object 'Object Repository/Kullanici_Islemleri/KullaniciIslemleri' is visible

2021-10-21 14:27:05 - [MESSAGE][PASSED] - Call Test Case 'Test Cases/Sayfalar/Giris_Sayfasi/Login' successfully

2021-10-21 14:27:05 - [MESSAGE][INFO] - Checking called Test Case

2021-10-21 14:27:05 - [MESSAGE][INFO] - Starting to call Test Case 'Test Cases/Menu/AnaMenuSecimi'

2021-10-21 14:27:05 - [TEST_CASE][PASSED] - Test Cases/Menu/AnaMenuSecimi: Test Cases/Menu/AnaMenuSecimi

2021-10-21 14:27:05 - [TEST_STEP][PASSED] - Method.TextDegerineEsitElementeTikla(findTestObject("Menu/Ana_Menu"), Ana_Menu): Method.TextDegerineEsitElementeTikla is PASSED

2021-10-21 14:27:05 - [MESSAGE][INFO] - Finding Test Object 'Object Repository/Menu/Ana_Menu'

2021-10-21 14:27:05 - [MESSAGE][INFO] - Checking timeout

2021-10-21 14:27:05 - [MESSAGE][INFO] - Finding web element with id: 'Object Repository/Menu/Ana_Menu' located by 'By.xpath: //*[@class = 'dropdown-toggle']' in '10' second(s)

2021-10-21 14:27:05 - [MESSAGE][INFO] - Smart Wait Function is triggered

2021-10-21 14:27:06 - [MESSAGE][INFO] - Found 13 web elements with id: 'Object Repository/Menu/Ana_Menu' located by 'By.xpath: //*[@class = 'dropdown-toggle']' in '10' second(s)

2021-10-21 14:27:06 - [MESSAGE][PASSED] - Method.TextDegerineEsitElementeTikla is PASSED

2021-10-21 14:27:06 - [MESSAGE][PASSED] - Call Test Case 'Test Cases/Menu/AnaMenuSecimi' successfully

2021-10-21 14:27:06 - [MESSAGE][INFO] - Checking called Test Case

2021-10-21 14:27:06 - [MESSAGE][INFO] - Starting to call Test Case 'Test Cases/Menu/BasligaGoreAltMenuSecimi'

2021-10-21 14:27:06 - [TEST_CASE][PASSED] - Test Cases/Menu/BasligaGoreAltMenuSecimi: Test Cases/Menu/BasligaGoreAltMenuSecimi

2021-10-21 14:27:06 - [TEST_STEP][PASSED] - Method.TextDegerineEsitElementinAltindakiTextDegerineEsitOlanaTikla(findTestObject("Menu/Menu_Basligi"), findTestObject("Menu/Basliga_Gore_Alt_Menu"), Baslik, Alt_Menu): Method.TextDegerineEsitElementinAltindakiTextDegerineEsitOlanaTikla is PASSED

2021-10-21 14:27:06 - [MESSAGE][INFO] - Finding Test Object 'Object Repository/Menu/Menu_Basligi'

2021-10-21 14:27:06 - [MESSAGE][INFO] - Finding Test Object 'Object Repository/Menu/Basliga_Gore_Alt_Menu'

2021-10-21 14:27:06 - [MESSAGE][INFO] - Checking timeout

2021-10-21 14:27:06 - [MESSAGE][INFO] - Finding web element with id: 'Object Repository/Menu/Menu_Basligi' located by 'By.xpath: //li[@class='dropdown dropdown-large open']//li[@class='dropdown-header']' in '10' second(s)

2021-10-21 14:27:06 - [MESSAGE][INFO] - Smart Wait Function is triggered

2021-10-21 14:27:06 - [MESSAGE][INFO] - Found 2 web elements with id: 'Object Repository/Menu/Menu_Basligi' located by 'By.xpath: //li[@class='dropdown dropdown-large open']//li[@class='dropdown-header']' in '10' second(s)

2021-10-21 14:27:06 - [MESSAGE][INFO] - Smart Wait Function is triggered

2021-10-21 14:27:09 - [MESSAGE][PASSED] - Method.TextDegerineEsitElementinAltindakiTextDegerineEsitOlanaTikla is PASSED

2021-10-21 14:27:09 - [MESSAGE][PASSED] - Call Test Case 'Test Cases/Menu/BasligaGoreAltMenuSecimi' successfully

2021-10-21 14:27:09 - [MESSAGE][INFO] - Checking called Test Case

2021-10-21 14:27:09 - [MESSAGE][INFO] - Starting to call Test Case 'Test Cases/Tablo/Olusturma Tarihi'

2021-10-21 14:27:09 - [TEST_CASE][PASSED] - Test Cases/Tablo/Olusturma Tarihi: Test Cases/Tablo/Olusturma Tarihi

2021-10-21 14:27:09 - [TEST_STEP][PASSED] - if (verifyTextNotPresent("Görüntülenecek veri yok", true, OPTIONAL)): null

2021-10-21 14:27:09 - [MESSAGE][INFO] - Checking text present  using regular expression

2021-10-21 14:27:09 - [MESSAGE][INFO] - Smart Wait Function is triggered

2021-10-21 14:27:09 - [MESSAGE][INFO] - Finding text 'Görüntülenecek veri yok' on page  using regular expression

2021-10-21 14:27:09 - [MESSAGE][PASSED] - Text 'Görüntülenecek veri yok' is not present on page using regular expression

2021-10-21 14:27:09 - [TEST_STEP][PASSED] - click(findTestObject("Temizle/Olusturma_Tarihi_CheckBox")): Object: 'Object Repository/Temizle/Olusturma_Tarihi_CheckBox' is clicked on

2021-10-21 14:27:09 - [MESSAGE][INFO] - Finding Test Object 'Object Repository/Temizle/Olusturma_Tarihi_CheckBox'

2021-10-21 14:27:09 - [MESSAGE][INFO] - Checking object

2021-10-21 14:27:09 - [MESSAGE][INFO] - Finding web element from Test Object's properties

2021-10-21 14:27:09 - [MESSAGE][INFO] - Checking timeout

2021-10-21 14:27:09 - [MESSAGE][INFO] - Finding web element with id: 'Object Repository/Temizle/Olusturma_Tarihi_CheckBox' located by 'By.xpath: //*[@title = 'Bu sayfadaki tüm satırları Seç']' in '30' second(s)

2021-10-21 14:27:09 - [MESSAGE][INFO] - Smart Wait Function is triggered

2021-10-21 14:27:10 - [MESSAGE][INFO] - Found 1 web elements with id: 'Object Repository/Temizle/Olusturma_Tarihi_CheckBox' located by 'By.xpath: //*[@title = 'Bu sayfadaki tüm satırları Seç']' in '30' second(s)

2021-10-21 14:27:10 - [MESSAGE][INFO] - Clicking on object: 'Object Repository/Temizle/Olusturma_Tarihi_CheckBox'

2021-10-21 14:27:10 - [MESSAGE][PASSED] - Object: 'Object Repository/Temizle/Olusturma_Tarihi_CheckBox' is clicked on

2021-10-21 14:27:10 - [TEST_STEP][PASSED] - Method.TextDegerineEsitElementeTiklaEquals(findTestObject("Butonlar/Butonlar"), "Sil"): Method.TextDegerineEsitElementeTiklaEquals is PASSED

2021-10-21 14:27:10 - [MESSAGE][INFO] - Finding Test Object 'Object Repository/Butonlar/Butonlar'

2021-10-21 14:27:10 - [MESSAGE][INFO] - Checking timeout

2021-10-21 14:27:10 - [MESSAGE][INFO] - Finding web element with id: 'Object Repository/Butonlar/Butonlar' located by 'By.cssSelector: .panel.panel-default.text-center.footerPanel .btn,.btn.btn-primary.btnControls' in '10' second(s)

2021-10-21 14:27:10 - [MESSAGE][INFO] - Smart Wait Function is triggered

2021-10-21 14:27:10 - [MESSAGE][INFO] - Found 10 web elements with id: 'Object Repository/Butonlar/Butonlar' located by 'By.cssSelector: .panel.panel-default.text-center.footerPanel .btn,.btn.btn-primary.btnControls' in '10' second(s)

2021-10-21 14:27:10 - [MESSAGE][PASSED] - Method.TextDegerineEsitElementeTiklaEquals is PASSED

2021-10-21 14:27:10 - [TEST_STEP][PASSED] - Method.TextDegerineEsitElementeTikla(findTestObject("Popup/Popup_Butons"), "Evet"): Method.TextDegerineEsitElementeTikla is PASSED

2021-10-21 14:27:10 - [MESSAGE][INFO] - Finding Test Object 'Object Repository/Popup/Popup_Butons'

2021-10-21 14:27:11 - [MESSAGE][INFO] - Checking timeout

2021-10-21 14:27:11 - [MESSAGE][INFO] - Finding web element with id: 'Object Repository/Popup/Popup_Butons' located by 'By.cssSelector: .modal-footer>button' in '10' second(s)

2021-10-21 14:27:11 - [MESSAGE][INFO] - Smart Wait Function is triggered

2021-10-21 14:27:11 - [MESSAGE][INFO] - Found 2 web elements with id: 'Object Repository/Popup/Popup_Butons' located by 'By.cssSelector: .modal-footer>button' in '10' second(s)

2021-10-21 14:27:12 - [MESSAGE][PASSED] - Method.TextDegerineEsitElementeTikla is PASSED

2021-10-21 14:27:12 - [TEST_STEP][PASSED] - Method.TextDegerineEsitElementeTikla(findTestObject("Popup/Popup_Butons"), "Tamam"): Method.TextDegerineEsitElementeTikla is PASSED

2021-10-21 14:27:12 - [MESSAGE][INFO] - Finding Test Object 'Object Repository/Popup/Popup_Butons'

2021-10-21 14:27:12 - [MESSAGE][INFO] - Checking timeout

2021-10-21 14:27:12 - [MESSAGE][INFO] - Finding web element with id: 'Object Repository/Popup/Popup_Butons' located by 'By.cssSelector: .modal-footer>button' in '10' second(s)

2021-10-21 14:27:12 - [MESSAGE][INFO] - Smart Wait Function is triggered

2021-10-21 14:27:12 - [MESSAGE][INFO] - Found 1 web elements with id: 'Object Repository/Popup/Popup_Butons' located by 'By.cssSelector: .modal-footer>button' in '10' second(s)

2021-10-21 14:27:12 - [MESSAGE][PASSED] - Method.TextDegerineEsitElementeTikla is PASSED

2021-10-21 14:27:12 - [MESSAGE][PASSED] - Call Test Case 'Test Cases/Tablo/Olusturma Tarihi' successfully

2021-10-21 14:27:12 - [MESSAGE][INFO] - Checking called Test Case

2021-10-21 14:27:12 - [MESSAGE][INFO] - Starting to call Test Case 'Test Cases/Butonlar/ButonaTikla'

2021-10-21 14:27:12 - [TEST_CASE][PASSED] - Test Cases/Butonlar/ButonaTikla: Test Cases/Butonlar/ButonaTikla

2021-10-21 14:27:12 - [TEST_STEP][PASSED] - Method.TextDegerineEsitElementeTiklaEquals(findTestObject("Butonlar/Butonlar"), Buton_Adi): Method.TextDegerineEsitElementeTiklaEquals is PASSED

2021-10-21 14:27:12 - [MESSAGE][INFO] - Finding Test Object 'Object Repository/Butonlar/Butonlar'

2021-10-21 14:27:12 - [MESSAGE][INFO] - Checking timeout

2021-10-21 14:27:12 - [MESSAGE][INFO] - Finding web element with id: 'Object Repository/Butonlar/Butonlar' located by 'By.cssSelector: .panel.panel-default.text-center.footerPanel .btn,.btn.btn-primary.btnControls' in '10' second(s)

2021-10-21 14:27:12 - [MESSAGE][INFO] - Smart Wait Function is triggered

2021-10-21 14:27:13 - [MESSAGE][INFO] - Found 10 web elements with id: 'Object Repository/Butonlar/Butonlar' located by 'By.cssSelector: .panel.panel-default.text-center.footerPanel .btn,.btn.btn-primary.btnControls' in '10' second(s)

2021-10-21 14:27:13 - [MESSAGE][PASSED] - Method.TextDegerineEsitElementeTiklaEquals is PASSED

2021-10-21 14:27:13 - [MESSAGE][PASSED] - Call Test Case 'Test Cases/Butonlar/ButonaTikla' successfully

2021-10-21 14:27:13 - [MESSAGE][INFO] - Checking called Test Case

2021-10-21 14:27:13 - [MESSAGE][INFO] - Starting to call Test Case 'Test Cases/Olusturma/Genel/GorselTasarimSayfasıBasligiIceriyorMu'

2021-10-21 14:27:13 - [TEST_CASE][PASSED] - Test Cases/Olusturma/Genel/GorselTasarimSayfasıBasligiIceriyorMu: Test Cases/Olusturma/Genel/GorselTasarimSayfasıBasligiIceriyorMu

2021-10-21 14:27:13 - [TEST_STEP][PASSED] - verifyElementText(findTestObject("Object Repository/Olusturma/Genel/GorselTasarimBaslik"), Baslik): Actual text and expected text of test object 'Object Repository/Olusturma/Genel/GorselTasarimBaslik' are matched.

2021-10-21 14:27:13 - [MESSAGE][INFO] - Finding Test Object 'Object Repository/Olusturma/Genel/GorselTasarimBaslik'

2021-10-21 14:27:13 - [MESSAGE][INFO] - Checking object

2021-10-21 14:27:13 - [MESSAGE][INFO] - Finding web element from Test Object's properties

2021-10-21 14:27:13 - [MESSAGE][INFO] - Checking timeout

2021-10-21 14:27:13 - [MESSAGE][INFO] - Finding web element with id: 'Object Repository/Olusturma/Genel/GorselTasarimBaslik' located by 'By.cssSelector: #flAlici_0>div>span' in '30' second(s)

2021-10-21 14:27:13 - [MESSAGE][INFO] - Smart Wait Function is triggered

2021-10-21 14:27:19 - [MESSAGE][INFO] - Found 1 web elements with id: 'Object Repository/Olusturma/Genel/GorselTasarimBaslik' located by 'By.cssSelector: #flAlici_0>div>span' in '30' second(s)

2021-10-21 14:27:19 - [MESSAGE][PASSED] - Actual text and expected text of test object 'Object Repository/Olusturma/Genel/GorselTasarimBaslik' are matched.

2021-10-21 14:27:19 - [MESSAGE][PASSED] - Call Test Case 'Test Cases/Olusturma/Genel/GorselTasarimSayfasıBasligiIceriyorMu' successfully

2021-10-21 14:27:19 - [MESSAGE][INFO] - Checking called Test Case

2021-10-21 14:27:19 - [MESSAGE][INFO] - Starting to call Test Case 'Test Cases/Olusturma/Genel/AliciSecilir'

2021-10-21 14:27:19 - [TEST_CASE][PASSED] - Test Cases/Olusturma/Genel/AliciSecilir: Test Cases/Olusturma/Genel/AliciSecilir

2021-10-21 14:27:19 - [TEST_STEP][PASSED] - click(findTestObject("Olusturma/Genel/AliciBilgisi/Alici_Ara")): Object: 'Object Repository/Olusturma/Genel/AliciBilgisi/Alici_Ara' is clicked on

2021-10-21 14:27:19 - [MESSAGE][INFO] - Finding Test Object 'Object Repository/Olusturma/Genel/AliciBilgisi/Alici_Ara'

2021-10-21 14:27:19 - [MESSAGE][INFO] - Checking object

2021-10-21 14:27:19 - [MESSAGE][INFO] - Finding web element from Test Object's properties

2021-10-21 14:27:19 - [MESSAGE][INFO] - Checking timeout

2021-10-21 14:27:19 - [MESSAGE][INFO] - Finding web element with id: 'Object Repository/Olusturma/Genel/AliciBilgisi/Alici_Ara' located by 'By.xpath: //td[@id='txtCustomerText_B-1']' in '30' second(s)

2021-10-21 14:27:19 - [MESSAGE][INFO] - Smart Wait Function is triggered

2021-10-21 14:27:19 - [MESSAGE][INFO] - Found 1 web elements with id: 'Object Repository/Olusturma/Genel/AliciBilgisi/Alici_Ara' located by 'By.xpath: //td[@id='txtCustomerText_B-1']' in '30' second(s)

2021-10-21 14:27:19 - [MESSAGE][INFO] - Clicking on object: 'Object Repository/Olusturma/Genel/AliciBilgisi/Alici_Ara'

2021-10-21 14:27:19 - [MESSAGE][PASSED] - Object: 'Object Repository/Olusturma/Genel/AliciBilgisi/Alici_Ara' is clicked on

2021-10-21 14:27:19 - [TEST_STEP][PASSED] - click(findTestObject("Olusturma/Genel/AliciBilgisi/Alici_Bilgisi")): Object: 'Object Repository/Olusturma/Genel/AliciBilgisi/Alici_Bilgisi' is clicked on

2021-10-21 14:27:19 - [MESSAGE][INFO] - Finding Test Object 'Object Repository/Olusturma/Genel/AliciBilgisi/Alici_Bilgisi'

2021-10-21 14:27:19 - [MESSAGE][INFO] - Checking object

2021-10-21 14:27:19 - [MESSAGE][INFO] - Finding web element from Test Object's properties

2021-10-21 14:27:19 - [MESSAGE][INFO] - Checking timeout

2021-10-21 14:27:19 - [MESSAGE][INFO] - Finding web element with id: 'Object Repository/Olusturma/Genel/AliciBilgisi/Alici_Bilgisi' located by 'By.xpath: //iframe[@id='customerselectiframe']' in '30' second(s)

2021-10-21 14:27:19 - [MESSAGE][INFO] - Smart Wait Function is triggered

2021-10-21 14:27:20 - [MESSAGE][INFO] - Found 1 web elements with id: 'Object Repository/Olusturma/Genel/AliciBilgisi/Alici_Bilgisi' located by 'By.xpath: //iframe[@id='customerselectiframe']' in '30' second(s)

2021-10-21 14:27:20 - [MESSAGE][INFO] - Clicking on object: 'Object Repository/Olusturma/Genel/AliciBilgisi/Alici_Bilgisi'

2021-10-21 14:27:20 - [MESSAGE][PASSED] - Object: 'Object Repository/Olusturma/Genel/AliciBilgisi/Alici_Bilgisi' is clicked on

2021-10-21 14:27:20 - [TEST_STEP][PASSED] - setText(findTestObject("Olusturma/Genel/AliciBilgisi/Alici_Gir"), Alici_Adi): Switching to default content

2021-10-21 14:27:20 - [MESSAGE][INFO] - Finding Test Object 'Object Repository/Olusturma/Genel/AliciBilgisi/Alici_Gir'

2021-10-21 14:27:20 - [MESSAGE][INFO] - Finding Test Object 'Object Repository/Olusturma/Genel/AliciBilgisi/Alici_Bilgisi'

2021-10-21 14:27:20 - [MESSAGE][INFO] - Checking object

2021-10-21 14:27:20 - [MESSAGE][INFO] - Checking text

2021-10-21 14:27:20 - [MESSAGE][INFO] - Object: 'Object Repository/Olusturma/Genel/AliciBilgisi/Alici_Gir' has parent object(s)

2021-10-21 14:27:20 - [MESSAGE][INFO] - Switching to iframe: 'Object Repository/Olusturma/Genel/AliciBilgisi/Alici_Bilgisi'

2021-10-21 14:27:20 - [MESSAGE][INFO] - Finding web element from Test Object's properties

2021-10-21 14:27:20 - [MESSAGE][INFO] - Checking timeout

2021-10-21 14:27:20 - [MESSAGE][INFO] - Finding web element with id: 'Object Repository/Olusturma/Genel/AliciBilgisi/Alici_Bilgisi' located by 'By.xpath: //iframe[@id='customerselectiframe']' in '30' second(s)

2021-10-21 14:27:20 - [MESSAGE][INFO] - Smart Wait Function is triggered

2021-10-21 14:27:20 - [MESSAGE][INFO] - Found 1 web elements with id: 'Object Repository/Olusturma/Genel/AliciBilgisi/Alici_Bilgisi' located by 'By.xpath: //iframe[@id='customerselectiframe']' in '30' second(s)

2021-10-21 14:27:20 - [MESSAGE][INFO] - Switched to iframe: 'Object Repository/Olusturma/Genel/AliciBilgisi/Alici_Bilgisi'

2021-10-21 14:27:20 - [MESSAGE][INFO] - Finding web element from Test Object's properties

2021-10-21 14:27:20 - [MESSAGE][INFO] - Checking timeout

2021-10-21 14:27:20 - [MESSAGE][INFO] - Finding web element with id: 'Object Repository/Olusturma/Genel/AliciBilgisi/Alici_Gir' located by 'By.xpath: //input[@id='GridViewCustomer_DXFREditorcol1_I']' in '30' second(s)

2021-10-21 14:27:20 - [MESSAGE][INFO] - Smart Wait Function is triggered

2021-10-21 14:27:20 - [MESSAGE][INFO] - Found 1 web elements with id: 'Object Repository/Olusturma/Genel/AliciBilgisi/Alici_Gir' located by 'By.xpath: //input[@id='GridViewCustomer_DXFREditorcol1_I']' in '30' second(s)

2021-10-21 14:27:20 - [MESSAGE][INFO] - Clearing text of object 'Object Repository/Olusturma/Genel/AliciBilgisi/Alici_Gir'

2021-10-21 14:27:20 - [MESSAGE][INFO] - Finding web element from Test Object's properties

2021-10-21 14:27:20 - [MESSAGE][INFO] - Checking timeout

2021-10-21 14:27:20 - [MESSAGE][INFO] - Finding web element with id: 'Object Repository/Olusturma/Genel/AliciBilgisi/Alici_Gir' located by 'By.xpath: //input[@id='GridViewCustomer_DXFREditorcol1_I']' in '30' second(s)

2021-10-21 14:27:20 - [MESSAGE][INFO] - Smart Wait Function is triggered

2021-10-21 14:27:20 - [MESSAGE][INFO] - Found 1 web elements with id: 'Object Repository/Olusturma/Genel/AliciBilgisi/Alici_Gir' located by 'By.xpath: //input[@id='GridViewCustomer_DXFREditorcol1_I']' in '30' second(s)

2021-10-21 14:27:20 - [MESSAGE][INFO] - Setting text of object 'Object Repository/Olusturma/Genel/AliciBilgisi/Alici_Gir' to value 'UC0010'

2021-10-21 14:27:20 - [MESSAGE][PASSED] - Text 'UC0010' is set on object 'Object Repository/Olusturma/Genel/AliciBilgisi/Alici_Gir'

2021-10-21 14:27:20 - [MESSAGE][INFO] - Switching to default content

2021-10-21 14:27:20 - [TEST_STEP][PASSED] - waitForElementClickable(findTestObject("Olusturma/Genel/AliciBilgisi/Alici_Adi"), 10): Switching to default content

2021-10-21 14:27:20 - [MESSAGE][INFO] - Finding Test Object 'Object Repository/Olusturma/Genel/AliciBilgisi/Alici_Adi'

2021-10-21 14:27:21 - [MESSAGE][INFO] - Finding Test Object 'Object Repository/Olusturma/Genel/AliciBilgisi/iframe_Alc Bilgisi_customerselectiframe'

2021-10-21 14:27:21 - [MESSAGE][INFO] - Checking object

2021-10-21 14:27:21 - [MESSAGE][INFO] - Checking timeout

2021-10-21 14:27:21 - [MESSAGE][INFO] - Object: 'Object Repository/Olusturma/Genel/AliciBilgisi/Alici_Adi' has parent object(s)

2021-10-21 14:27:21 - [MESSAGE][INFO] - Switching to iframe: 'Object Repository/Olusturma/Genel/AliciBilgisi/iframe_Alc Bilgisi_customerselectiframe'

2021-10-21 14:27:21 - [MESSAGE][INFO] - Finding web element from Test Object's properties

2021-10-21 14:27:21 - [MESSAGE][INFO] - Checking timeout

2021-10-21 14:27:21 - [MESSAGE][INFO] - Finding web element with id: 'Object Repository/Olusturma/Genel/AliciBilgisi/iframe_Alc Bilgisi_customerselectiframe' located by 'By.xpath: //iframe[@id='customerselectiframe']' in '10' second(s)

2021-10-21 14:27:21 - [MESSAGE][INFO] - Smart Wait Function is triggered

2021-10-21 14:27:21 - [MESSAGE][INFO] - Found 1 web elements with id: 'Object Repository/Olusturma/Genel/AliciBilgisi/iframe_Alc Bilgisi_customerselectiframe' located by 'By.xpath: //iframe[@id='customerselectiframe']' in '10' second(s)

2021-10-21 14:27:21 - [MESSAGE][INFO] - Switched to iframe: 'Object Repository/Olusturma/Genel/AliciBilgisi/iframe_Alc Bilgisi_customerselectiframe'

2021-10-21 14:27:21 - [MESSAGE][INFO] - Finding web element from Test Object's properties

2021-10-21 14:27:21 - [MESSAGE][INFO] - Checking timeout

2021-10-21 14:27:21 - [MESSAGE][INFO] - Finding web element with id: 'Object Repository/Olusturma/Genel/AliciBilgisi/Alici_Adi' located by 'By.xpath: //tr[@id='GridViewCustomer_DXDataRow0']/td[2]' in '10' second(s)

2021-10-21 14:27:21 - [MESSAGE][INFO] - Smart Wait Function is triggered

2021-10-21 14:27:21 - [MESSAGE][INFO] - Found 1 web elements with id: 'Object Repository/Olusturma/Genel/AliciBilgisi/Alici_Adi' located by 'By.xpath: //tr[@id='GridViewCustomer_DXDataRow0']/td[2]' in '10' second(s)

2021-10-21 14:27:21 - [MESSAGE][PASSED] - Object 'Object Repository/Olusturma/Genel/AliciBilgisi/Alici_Adi' is clickable

2021-10-21 14:27:21 - [MESSAGE][INFO] - Switching to default content

2021-10-21 14:27:21 - [TEST_STEP][PASSED] - click(findTestObject("Olusturma/Genel/AliciBilgisi/frame")): Switching to default content

2021-10-21 14:27:21 - [MESSAGE][INFO] - Finding Test Object 'Object Repository/Olusturma/Genel/AliciBilgisi/frame'

2021-10-21 14:27:21 - [MESSAGE][INFO] - Finding Test Object 'Object Repository/Olusturma/Genel/AliciBilgisi/iframe_Alc Bilgisi_customerselectiframe'

2021-10-21 14:27:21 - [MESSAGE][INFO] - Checking object

2021-10-21 14:27:21 - [MESSAGE][INFO] - Object: 'Object Repository/Olusturma/Genel/AliciBilgisi/frame' has parent object(s)

2021-10-21 14:27:21 - [MESSAGE][INFO] - Switching to iframe: 'Object Repository/Olusturma/Genel/AliciBilgisi/iframe_Alc Bilgisi_customerselectiframe'

2021-10-21 14:27:21 - [MESSAGE][INFO] - Finding web element from Test Object's properties

2021-10-21 14:27:21 - [MESSAGE][INFO] - Checking timeout

2021-10-21 14:27:21 - [MESSAGE][INFO] - Finding web element with id: 'Object Repository/Olusturma/Genel/AliciBilgisi/iframe_Alc Bilgisi_customerselectiframe' located by 'By.xpath: //iframe[@id='customerselectiframe']' in '30' second(s)

2021-10-21 14:27:21 - [MESSAGE][INFO] - Smart Wait Function is triggered

2021-10-21 14:27:21 - [MESSAGE][INFO] - Found 1 web elements with id: 'Object Repository/Olusturma/Genel/AliciBilgisi/iframe_Alc Bilgisi_customerselectiframe' located by 'By.xpath: //iframe[@id='customerselectiframe']' in '30' second(s)

2021-10-21 14:27:21 - [MESSAGE][INFO] - Switched to iframe: 'Object Repository/Olusturma/Genel/AliciBilgisi/iframe_Alc Bilgisi_customerselectiframe'

2021-10-21 14:27:21 - [MESSAGE][INFO] - Finding web element from Test Object's properties

2021-10-21 14:27:21 - [MESSAGE][INFO] - Checking timeout

2021-10-21 14:27:21 - [MESSAGE][INFO] - Finding web element with id: 'Object Repository/Olusturma/Genel/AliciBilgisi/frame' located by 'By.xpath: //*/text()[normalize-space(.)='']/parent::*' in '30' second(s)

2021-10-21 14:27:21 - [MESSAGE][INFO] - Smart Wait Function is triggered

2021-10-21 14:27:21 - [MESSAGE][INFO] - Found 65 web elements with id: 'Object Repository/Olusturma/Genel/AliciBilgisi/frame' located by 'By.xpath: //*/text()[normalize-space(.)='']/parent::*' in '30' second(s)

2021-10-21 14:27:21 - [MESSAGE][INFO] - Clicking on object: 'Object Repository/Olusturma/Genel/AliciBilgisi/frame'

2021-10-21 14:27:22 - [MESSAGE][PASSED] - Object: 'Object Repository/Olusturma/Genel/AliciBilgisi/frame' is clicked on

2021-10-21 14:27:22 - [MESSAGE][INFO] - Switching to default content

2021-10-21 14:27:22 - [TEST_STEP][PASSED] - click(findTestObject("Olusturma/Genel/AliciBilgisi/Alici_Adi")): Switching to default content

2021-10-21 14:27:22 - [MESSAGE][INFO] - Finding Test Object 'Object Repository/Olusturma/Genel/AliciBilgisi/Alici_Adi'

2021-10-21 14:27:22 - [MESSAGE][INFO] - Finding Test Object 'Object Repository/Olusturma/Genel/AliciBilgisi/iframe_Alc Bilgisi_customerselectiframe'

2021-10-21 14:27:22 - [MESSAGE][INFO] - Checking object

2021-10-21 14:27:22 - [MESSAGE][INFO] - Object: 'Object Repository/Olusturma/Genel/AliciBilgisi/Alici_Adi' has parent object(s)

2021-10-21 14:27:22 - [MESSAGE][INFO] - Switching to iframe: 'Object Repository/Olusturma/Genel/AliciBilgisi/iframe_Alc Bilgisi_customerselectiframe'

2021-10-21 14:27:22 - [MESSAGE][INFO] - Finding web element from Test Object's properties

2021-10-21 14:27:22 - [MESSAGE][INFO] - Checking timeout

2021-10-21 14:27:22 - [MESSAGE][INFO] - Finding web element with id: 'Object Repository/Olusturma/Genel/AliciBilgisi/iframe_Alc Bilgisi_customerselectiframe' located by 'By.xpath: //iframe[@id='customerselectiframe']' in '30' second(s)

2021-10-21 14:27:22 - [MESSAGE][INFO] - Smart Wait Function is triggered

2021-10-21 14:27:22 - [MESSAGE][INFO] - Found 1 web elements with id: 'Object Repository/Olusturma/Genel/AliciBilgisi/iframe_Alc Bilgisi_customerselectiframe' located by 'By.xpath: //iframe[@id='customerselectiframe']' in '30' second(s)

2021-10-21 14:27:22 - [MESSAGE][INFO] - Switched to iframe: 'Object Repository/Olusturma/Genel/AliciBilgisi/iframe_Alc Bilgisi_customerselectiframe'

2021-10-21 14:27:22 - [MESSAGE][INFO] - Finding web element from Test Object's properties

2021-10-21 14:27:22 - [MESSAGE][INFO] - Checking timeout

2021-10-21 14:27:22 - [MESSAGE][INFO] - Finding web element with id: 'Object Repository/Olusturma/Genel/AliciBilgisi/Alici_Adi' located by 'By.xpath: //tr[@id='GridViewCustomer_DXDataRow0']/td[2]' in '30' second(s)

2021-10-21 14:27:22 - [MESSAGE][INFO] - Smart Wait Function is triggered

2021-10-21 14:27:22 - [MESSAGE][INFO] - Found 1 web elements with id: 'Object Repository/Olusturma/Genel/AliciBilgisi/Alici_Adi' located by 'By.xpath: //tr[@id='GridViewCustomer_DXDataRow0']/td[2]' in '30' second(s)

2021-10-21 14:27:22 - [MESSAGE][INFO] - Clicking on object: 'Object Repository/Olusturma/Genel/AliciBilgisi/Alici_Adi'

2021-10-21 14:27:22 - [MESSAGE][PASSED] - Object: 'Object Repository/Olusturma/Genel/AliciBilgisi/Alici_Adi' is clicked on

2021-10-21 14:27:22 - [MESSAGE][INFO] - Switching to default content

2021-10-21 14:27:22 - [TEST_STEP][PASSED] - click(findTestObject("Olusturma/Genel/AliciBilgisi/Tamam_Bosluk")): Switching to default content

2021-10-21 14:27:22 - [MESSAGE][INFO] - Finding Test Object 'Object Repository/Olusturma/Genel/AliciBilgisi/Tamam_Bosluk'

2021-10-21 14:27:22 - [MESSAGE][INFO] - Finding Test Object 'Object Repository/Olusturma/Genel/AliciBilgisi/Alici_Bilgisi'

2021-10-21 14:27:22 - [MESSAGE][INFO] - Checking object

2021-10-21 14:27:22 - [MESSAGE][INFO] - Object: 'Object Repository/Olusturma/Genel/AliciBilgisi/Tamam_Bosluk' has parent object(s)

2021-10-21 14:27:22 - [MESSAGE][INFO] - Switching to iframe: 'Object Repository/Olusturma/Genel/AliciBilgisi/Alici_Bilgisi'

2021-10-21 14:27:22 - [MESSAGE][INFO] - Finding web element from Test Object's properties

2021-10-21 14:27:22 - [MESSAGE][INFO] - Checking timeout

2021-10-21 14:27:22 - [MESSAGE][INFO] - Finding web element with id: 'Object Repository/Olusturma/Genel/AliciBilgisi/Alici_Bilgisi' located by 'By.xpath: //iframe[@id='customerselectiframe']' in '30' second(s)

2021-10-21 14:27:22 - [MESSAGE][INFO] - Smart Wait Function is triggered

2021-10-21 14:27:23 - [MESSAGE][INFO] - Found 1 web elements with id: 'Object Repository/Olusturma/Genel/AliciBilgisi/Alici_Bilgisi' located by 'By.xpath: //iframe[@id='customerselectiframe']' in '30' second(s)

2021-10-21 14:27:23 - [MESSAGE][INFO] - Switched to iframe: 'Object Repository/Olusturma/Genel/AliciBilgisi/Alici_Bilgisi'

2021-10-21 14:27:23 - [MESSAGE][INFO] - Finding web element from Test Object's properties

2021-10-21 14:27:23 - [MESSAGE][INFO] - Checking timeout

2021-10-21 14:27:23 - [MESSAGE][INFO] - Finding web element with id: 'Object Repository/Olusturma/Genel/AliciBilgisi/Tamam_Bosluk' located by 'By.xpath: (.//*[normalize-space(text()) and normalize-space(.)='Sayfa Boyutu:'])[1]/following::div[7]' in '30' second(s)

2021-10-21 14:27:23 - [MESSAGE][INFO] - Smart Wait Function is triggered

2021-10-21 14:27:23 - [MESSAGE][INFO] - Found 1 web elements with id: 'Object Repository/Olusturma/Genel/AliciBilgisi/Tamam_Bosluk' located by 'By.xpath: (.//*[normalize-space(text()) and normalize-space(.)='Sayfa Boyutu:'])[1]/following::div[7]' in '30' second(s)

2021-10-21 14:27:23 - [MESSAGE][INFO] - Clicking on object: 'Object Repository/Olusturma/Genel/AliciBilgisi/Tamam_Bosluk'

2021-10-21 14:27:23 - [MESSAGE][PASSED] - Object: 'Object Repository/Olusturma/Genel/AliciBilgisi/Tamam_Bosluk' is clicked on

2021-10-21 14:27:23 - [MESSAGE][INFO] - Switching to default content

2021-10-21 14:27:23 - [TEST_STEP][PASSED] - waitForElementClickable(findTestObject("Olusturma/Genel/AliciBilgisi/Tamam_Butonu"), 10): Switching to default content

2021-10-21 14:27:23 - [MESSAGE][INFO] - Finding Test Object 'Object Repository/Olusturma/Genel/AliciBilgisi/Tamam_Butonu'

2021-10-21 14:27:23 - [MESSAGE][INFO] - Finding Test Object 'Object Repository/Olusturma/Genel/AliciBilgisi/Alici_Bilgisi'

2021-10-21 14:27:23 - [MESSAGE][INFO] - Checking object

2021-10-21 14:27:23 - [MESSAGE][INFO] - Checking timeout

2021-10-21 14:27:23 - [MESSAGE][INFO] - Object: 'Object Repository/Olusturma/Genel/AliciBilgisi/Tamam_Butonu' has parent object(s)

2021-10-21 14:27:23 - [MESSAGE][INFO] - Switching to iframe: 'Object Repository/Olusturma/Genel/AliciBilgisi/Alici_Bilgisi'

2021-10-21 14:27:23 - [MESSAGE][INFO] - Finding web element from Test Object's properties

2021-10-21 14:27:23 - [MESSAGE][INFO] - Checking timeout

2021-10-21 14:27:23 - [MESSAGE][INFO] - Finding web element with id: 'Object Repository/Olusturma/Genel/AliciBilgisi/Alici_Bilgisi' located by 'By.xpath: //iframe[@id='customerselectiframe']' in '10' second(s)

2021-10-21 14:27:23 - [MESSAGE][INFO] - Smart Wait Function is triggered

2021-10-21 14:27:23 - [MESSAGE][INFO] - Found 1 web elements with id: 'Object Repository/Olusturma/Genel/AliciBilgisi/Alici_Bilgisi' located by 'By.xpath: //iframe[@id='customerselectiframe']' in '10' second(s)

2021-10-21 14:27:23 - [MESSAGE][INFO] - Switched to iframe: 'Object Repository/Olusturma/Genel/AliciBilgisi/Alici_Bilgisi'

2021-10-21 14:27:23 - [MESSAGE][INFO] - Finding web element from Test Object's properties

2021-10-21 14:27:23 - [MESSAGE][INFO] - Checking timeout

2021-10-21 14:27:23 - [MESSAGE][INFO] - Finding web element with id: 'Object Repository/Olusturma/Genel/AliciBilgisi/Tamam_Butonu' located by 'By.xpath: //div[@id='btnSelectCustomer_CD']/span' in '10' second(s)

2021-10-21 14:27:23 - [MESSAGE][INFO] - Smart Wait Function is triggered

2021-10-21 14:27:23 - [MESSAGE][INFO] - Found 1 web elements with id: 'Object Repository/Olusturma/Genel/AliciBilgisi/Tamam_Butonu' located by 'By.xpath: //div[@id='btnSelectCustomer_CD']/span' in '10' second(s)

2021-10-21 14:27:23 - [MESSAGE][PASSED] - Object 'Object Repository/Olusturma/Genel/AliciBilgisi/Tamam_Butonu' is clickable

2021-10-21 14:27:23 - [MESSAGE][INFO] - Switching to default content

2021-10-21 14:27:23 - [TEST_STEP][PASSED] - click(findTestObject("Olusturma/Genel/AliciBilgisi/Tamam_Butonu")): Switching to default content

2021-10-21 14:27:23 - [MESSAGE][INFO] - Finding Test Object 'Object Repository/Olusturma/Genel/AliciBilgisi/Tamam_Butonu'

2021-10-21 14:27:23 - [MESSAGE][INFO] - Finding Test Object 'Object Repository/Olusturma/Genel/AliciBilgisi/Alici_Bilgisi'

2021-10-21 14:27:23 - [MESSAGE][INFO] - Checking object

2021-10-21 14:27:23 - [MESSAGE][INFO] - Object: 'Object Repository/Olusturma/Genel/AliciBilgisi/Tamam_Butonu' has parent object(s)

2021-10-21 14:27:23 - [MESSAGE][INFO] - Switching to iframe: 'Object Repository/Olusturma/Genel/AliciBilgisi/Alici_Bilgisi'

2021-10-21 14:27:23 - [MESSAGE][INFO] - Finding web element from Test Object's properties

2021-10-21 14:27:23 - [MESSAGE][INFO] - Checking timeout

2021-10-21 14:27:23 - [MESSAGE][INFO] - Finding web element with id: 'Object Repository/Olusturma/Genel/AliciBilgisi/Alici_Bilgisi' located by 'By.xpath: //iframe[@id='customerselectiframe']' in '30' second(s)

2021-10-21 14:27:23 - [MESSAGE][INFO] - Smart Wait Function is triggered

2021-10-21 14:27:24 - [MESSAGE][INFO] - Found 1 web elements with id: 'Object Repository/Olusturma/Genel/AliciBilgisi/Alici_Bilgisi' located by 'By.xpath: //iframe[@id='customerselectiframe']' in '30' second(s)

2021-10-21 14:27:24 - [MESSAGE][INFO] - Switched to iframe: 'Object Repository/Olusturma/Genel/AliciBilgisi/Alici_Bilgisi'

2021-10-21 14:27:24 - [MESSAGE][INFO] - Finding web element from Test Object's properties

2021-10-21 14:27:24 - [MESSAGE][INFO] - Checking timeout

2021-10-21 14:27:24 - [MESSAGE][INFO] - Finding web element with id: 'Object Repository/Olusturma/Genel/AliciBilgisi/Tamam_Butonu' located by 'By.xpath: //div[@id='btnSelectCustomer_CD']/span' in '30' second(s)

2021-10-21 14:27:24 - [MESSAGE][INFO] - Smart Wait Function is triggered

2021-10-21 14:27:24 - [MESSAGE][INFO] - Found 1 web elements with id: 'Object Repository/Olusturma/Genel/AliciBilgisi/Tamam_Butonu' located by 'By.xpath: //div[@id='btnSelectCustomer_CD']/span' in '30' second(s)

2021-10-21 14:27:24 - [MESSAGE][INFO] - Clicking on object: 'Object Repository/Olusturma/Genel/AliciBilgisi/Tamam_Butonu'

2021-10-21 14:27:24 - [MESSAGE][PASSED] - Object: 'Object Repository/Olusturma/Genel/AliciBilgisi/Tamam_Butonu' is clicked on

2021-10-21 14:27:24 - [MESSAGE][INFO] - Switching to default content

2021-10-21 14:27:24 - [TEST_STEP][PASSED] - waitForElementPresent(findTestObject("Olusturma/Genel/AliciBilgisi/VKN-TCKN"), 10): Object 'Object Repository/Olusturma/Genel/AliciBilgisi/VKN-TCKN' is present

2021-10-21 14:27:24 - [MESSAGE][INFO] - Finding Test Object 'Object Repository/Olusturma/Genel/AliciBilgisi/VKN-TCKN'

2021-10-21 14:27:24 - [MESSAGE][INFO] - Checking object

2021-10-21 14:27:24 - [MESSAGE][INFO] - Finding web element from Test Object's properties

2021-10-21 14:27:24 - [MESSAGE][INFO] - Checking timeout

2021-10-21 14:27:24 - [MESSAGE][INFO] - Finding web element with id: 'Object Repository/Olusturma/Genel/AliciBilgisi/VKN-TCKN' located by 'By.xpath: //*[@id = 'txtVknTckn_I']' in '10' second(s)

2021-10-21 14:27:24 - [MESSAGE][INFO] - Smart Wait Function is triggered

2021-10-21 14:27:24 - [MESSAGE][INFO] - Found 1 web elements with id: 'Object Repository/Olusturma/Genel/AliciBilgisi/VKN-TCKN' located by 'By.xpath: //*[@id = 'txtVknTckn_I']' in '10' second(s)

2021-10-21 14:27:24 - [MESSAGE][PASSED] - Object 'Object Repository/Olusturma/Genel/AliciBilgisi/VKN-TCKN' is present

2021-10-21 14:27:24 - [TEST_STEP][PASSED] - text = getAttribute(findTestObject("Olusturma/Genel/AliciBilgisi/VKN-TCKN"), "value"): Attribute 'value' of object 'Object Repository/Olusturma/Genel/AliciBilgisi/VKN-TCKN' is: '5326376795'

2021-10-21 14:27:24 - [MESSAGE][INFO] - Finding Test Object 'Object Repository/Olusturma/Genel/AliciBilgisi/VKN-TCKN'

2021-10-21 14:27:25 - [MESSAGE][INFO] - Checking object

2021-10-21 14:27:25 - [MESSAGE][INFO] - Checking attribute

2021-10-21 14:27:25 - [MESSAGE][INFO] - Finding web element from Test Object's properties

2021-10-21 14:27:25 - [MESSAGE][INFO] - Checking timeout

2021-10-21 14:27:25 - [MESSAGE][INFO] - Finding web element with id: 'Object Repository/Olusturma/Genel/AliciBilgisi/VKN-TCKN' located by 'By.xpath: //*[@id = 'txtVknTckn_I']' in '30' second(s)

2021-10-21 14:27:25 - [MESSAGE][INFO] - Smart Wait Function is triggered

2021-10-21 14:27:25 - [MESSAGE][INFO] - Found 1 web elements with id: 'Object Repository/Olusturma/Genel/AliciBilgisi/VKN-TCKN' located by 'By.xpath: //*[@id = 'txtVknTckn_I']' in '30' second(s)

2021-10-21 14:27:25 - [MESSAGE][INFO] - Getting attribute 'value' of object 'Object Repository/Olusturma/Genel/AliciBilgisi/VKN-TCKN'

2021-10-21 14:27:25 - [MESSAGE][PASSED] - Attribute 'value' of object 'Object Repository/Olusturma/Genel/AliciBilgisi/VKN-TCKN' is: '5326376795'

2021-10-21 14:27:25 - [TEST_STEP][PASSED] - if (text.equals("")): null

2021-10-21 14:27:25 - [MESSAGE][PASSED] - Call Test Case 'Test Cases/Olusturma/Genel/AliciSecilir' successfully

2021-10-21 14:27:25 - [MESSAGE][INFO] - Checking called Test Case

2021-10-21 14:27:25 - [MESSAGE][INFO] - Starting to call Test Case 'Test Cases/Olusturma/Genel/GonderimSekliSecilir'

2021-10-21 14:27:25 - [TEST_CASE][PASSED] - Test Cases/Olusturma/Genel/GonderimSekliSecilir: Test Cases/Olusturma/Genel/GonderimSekliSecilir

2021-10-21 14:27:25 - [TEST_STEP][PASSED] - waitForElementClickable(findTestObject("Object Repository/Olusturma/Genel/GonderimSekli/GonderimSekli"), 10): Object 'Object Repository/Olusturma/Genel/GonderimSekli/GonderimSekli' is clickable

2021-10-21 14:27:25 - [MESSAGE][INFO] - Finding Test Object 'Object Repository/Olusturma/Genel/GonderimSekli/GonderimSekli'

2021-10-21 14:27:25 - [MESSAGE][INFO] - Checking object

2021-10-21 14:27:25 - [MESSAGE][INFO] - Checking timeout

2021-10-21 14:27:25 - [MESSAGE][INFO] - Finding web element from Test Object's properties

2021-10-21 14:27:25 - [MESSAGE][INFO] - Checking timeout

2021-10-21 14:27:25 - [MESSAGE][INFO] - Finding web element with id: 'Object Repository/Olusturma/Genel/GonderimSekli/GonderimSekli' located by 'By.xpath: //*[@id = 'txtGonderimSekil_I']' in '10' second(s)

2021-10-21 14:27:25 - [MESSAGE][INFO] - Smart Wait Function is triggered

2021-10-21 14:27:25 - [MESSAGE][INFO] - Found 1 web elements with id: 'Object Repository/Olusturma/Genel/GonderimSekli/GonderimSekli' located by 'By.xpath: //*[@id = 'txtGonderimSekil_I']' in '10' second(s)

2021-10-21 14:27:25 - [MESSAGE][PASSED] - Object 'Object Repository/Olusturma/Genel/GonderimSekli/GonderimSekli' is clickable

2021-10-21 14:27:25 - [TEST_STEP][PASSED] - click(findTestObject("Object Repository/Olusturma/Genel/GonderimSekli/GonderimSekli")): Object: 'Object Repository/Olusturma/Genel/GonderimSekli/GonderimSekli' is clicked on

2021-10-21 14:27:25 - [MESSAGE][INFO] - Finding Test Object 'Object Repository/Olusturma/Genel/GonderimSekli/GonderimSekli'

2021-10-21 14:27:26 - [MESSAGE][INFO] - Checking object

2021-10-21 14:27:26 - [MESSAGE][INFO] - Finding web element from Test Object's properties

2021-10-21 14:27:26 - [MESSAGE][INFO] - Checking timeout

2021-10-21 14:27:26 - [MESSAGE][INFO] - Finding web element with id: 'Object Repository/Olusturma/Genel/GonderimSekli/GonderimSekli' located by 'By.xpath: //*[@id = 'txtGonderimSekil_I']' in '30' second(s)

2021-10-21 14:27:26 - [MESSAGE][INFO] - Smart Wait Function is triggered

2021-10-21 14:27:26 - [MESSAGE][INFO] - Found 1 web elements with id: 'Object Repository/Olusturma/Genel/GonderimSekli/GonderimSekli' located by 'By.xpath: //*[@id = 'txtGonderimSekil_I']' in '30' second(s)

2021-10-21 14:27:26 - [MESSAGE][INFO] - Clicking on object: 'Object Repository/Olusturma/Genel/GonderimSekli/GonderimSekli'

2021-10-21 14:27:26 - [MESSAGE][PASSED] - Object: 'Object Repository/Olusturma/Genel/GonderimSekli/GonderimSekli' is clicked on

2021-10-21 14:27:26 - [TEST_STEP][PASSED] - Method.TextDegerineEsitElementeTikla(findTestObject("Object Repository/Olusturma/Genel/GonderimSekli/GonderimSekliAdi"), GonderimSekli): Method.TextDegerineEsitElementeTikla is PASSED

2021-10-21 14:27:26 - [MESSAGE][INFO] - Finding Test Object 'Object Repository/Olusturma/Genel/GonderimSekli/GonderimSekliAdi'

2021-10-21 14:27:26 - [MESSAGE][INFO] - Checking timeout

2021-10-21 14:27:26 - [MESSAGE][INFO] - Finding web element with id: 'Object Repository/Olusturma/Genel/GonderimSekli/GonderimSekliAdi' located by 'By.cssSelector: #txtGonderimSekil_DDD_L_LBT td' in '10' second(s)

2021-10-21 14:27:26 - [MESSAGE][INFO] - Smart Wait Function is triggered

2021-10-21 14:27:26 - [MESSAGE][INFO] - Found 2 web elements with id: 'Object Repository/Olusturma/Genel/GonderimSekli/GonderimSekliAdi' located by 'By.cssSelector: #txtGonderimSekil_DDD_L_LBT td' in '10' second(s)

2021-10-21 14:27:26 - [MESSAGE][PASSED] - Method.TextDegerineEsitElementeTikla is PASSED

2021-10-21 14:27:26 - [MESSAGE][PASSED] - Call Test Case 'Test Cases/Olusturma/Genel/GonderimSekliSecilir' successfully

2021-10-21 14:27:26 - [MESSAGE][INFO] - Checking called Test Case

2021-10-21 14:27:26 - [MESSAGE][INFO] - Starting to call Test Case 'Test Cases/Olusturma/Genel/TipSecilir'

2021-10-21 14:27:27 - [TEST_CASE][PASSED] - Test Cases/Olusturma/Genel/TipSecilir: Test Cases/Olusturma/Genel/TipSecilir

2021-10-21 14:27:27 - [TEST_STEP][PASSED] - waitForElementClickable(findTestObject("Olusturma/Genel/TipSecilir/Tip"), 10): Object 'Object Repository/Olusturma/Genel/TipSecilir/Tip' is clickable

2021-10-21 14:27:27 - [MESSAGE][INFO] - Finding Test Object 'Object Repository/Olusturma/Genel/TipSecilir/Tip'

2021-10-21 14:27:27 - [MESSAGE][INFO] - Checking object

2021-10-21 14:27:27 - [MESSAGE][INFO] - Checking timeout

2021-10-21 14:27:27 - [MESSAGE][INFO] - Finding web element from Test Object's properties

2021-10-21 14:27:27 - [MESSAGE][INFO] - Checking timeout

2021-10-21 14:27:27 - [MESSAGE][INFO] - Finding web element with id: 'Object Repository/Olusturma/Genel/TipSecilir/Tip' located by 'By.xpath: //*[@id = 'DocumentTypeCode_I']' in '10' second(s)

2021-10-21 14:27:27 - [MESSAGE][INFO] - Smart Wait Function is triggered

2021-10-21 14:27:27 - [MESSAGE][INFO] - Found 1 web elements with id: 'Object Repository/Olusturma/Genel/TipSecilir/Tip' located by 'By.xpath: //*[@id = 'DocumentTypeCode_I']' in '10' second(s)

2021-10-21 14:27:27 - [MESSAGE][PASSED] - Object 'Object Repository/Olusturma/Genel/TipSecilir/Tip' is clickable

2021-10-21 14:27:27 - [TEST_STEP][PASSED] - click(findTestObject("Olusturma/Genel/TipSecilir/Tip")): Object: 'Object Repository/Olusturma/Genel/TipSecilir/Tip' is clicked on

2021-10-21 14:27:27 - [MESSAGE][INFO] - Finding Test Object 'Object Repository/Olusturma/Genel/TipSecilir/Tip'

2021-10-21 14:27:27 - [MESSAGE][INFO] - Checking object

2021-10-21 14:27:27 - [MESSAGE][INFO] - Finding web element from Test Object's properties

2021-10-21 14:27:27 - [MESSAGE][INFO] - Checking timeout

2021-10-21 14:27:27 - [MESSAGE][INFO] - Finding web element with id: 'Object Repository/Olusturma/Genel/TipSecilir/Tip' located by 'By.xpath: //*[@id = 'DocumentTypeCode_I']' in '30' second(s)

2021-10-21 14:27:27 - [MESSAGE][INFO] - Smart Wait Function is triggered

2021-10-21 14:27:27 - [MESSAGE][INFO] - Found 1 web elements with id: 'Object Repository/Olusturma/Genel/TipSecilir/Tip' located by 'By.xpath: //*[@id = 'DocumentTypeCode_I']' in '30' second(s)

2021-10-21 14:27:27 - [MESSAGE][INFO] - Clicking on object: 'Object Repository/Olusturma/Genel/TipSecilir/Tip'

2021-10-21 14:27:28 - [MESSAGE][PASSED] - Object: 'Object Repository/Olusturma/Genel/TipSecilir/Tip' is clicked on

2021-10-21 14:27:28 - [TEST_STEP][PASSED] - Method.TextDegerineEsitElementeTikla(findTestObject("Object Repository/Olusturma/Genel/TipSecilir/Tip_Adi"), Tip): Method.TextDegerineEsitElementeTikla is PASSED

2021-10-21 14:27:28 - [MESSAGE][INFO] - Finding Test Object 'Object Repository/Olusturma/Genel/TipSecilir/Tip_Adi'

2021-10-21 14:27:28 - [MESSAGE][INFO] - Checking timeout

2021-10-21 14:27:28 - [MESSAGE][INFO] - Finding web element with id: 'Object Repository/Olusturma/Genel/TipSecilir/Tip_Adi' located by 'By.cssSelector: #DocumentTypeCode_DDD_L_LBT td' in '10' second(s)

2021-10-21 14:27:28 - [MESSAGE][INFO] - Smart Wait Function is triggered

2021-10-21 14:27:28 - [MESSAGE][INFO] - Found 9 web elements with id: 'Object Repository/Olusturma/Genel/TipSecilir/Tip_Adi' located by 'By.cssSelector: #DocumentTypeCode_DDD_L_LBT td' in '10' second(s)

2021-10-21 14:27:28 - [MESSAGE][PASSED] - Method.TextDegerineEsitElementeTikla is PASSED

2021-10-21 14:27:28 - [MESSAGE][PASSED] - Call Test Case 'Test Cases/Olusturma/Genel/TipSecilir' successfully

2021-10-21 14:27:28 - [MESSAGE][INFO] - Checking called Test Case

2021-10-21 14:27:28 - [MESSAGE][INFO] - Starting to call Test Case 'Test Cases/Olusturma/Genel/DokumanParaBirimiSecilir'

2021-10-21 14:27:28 - [TEST_CASE][PASSED] - Test Cases/Olusturma/Genel/DokumanParaBirimiSecilir: Test Cases/Olusturma/Genel/DokumanParaBirimiSecilir

2021-10-21 14:27:28 - [TEST_STEP][PASSED] - waitForElementClickable(findTestObject("Object Repository/Olusturma/Genel/DokumanParaBirimiSecilir/Para"), 10): Object 'Object Repository/Olusturma/Genel/DokumanParaBirimiSecilir/Para' is clickable

2021-10-21 14:27:28 - [MESSAGE][INFO] - Finding Test Object 'Object Repository/Olusturma/Genel/DokumanParaBirimiSecilir/Para'

2021-10-21 14:27:28 - [MESSAGE][INFO] - Checking object

2021-10-21 14:27:28 - [MESSAGE][INFO] - Checking timeout

2021-10-21 14:27:28 - [MESSAGE][INFO] - Finding web element from Test Object's properties

2021-10-21 14:27:28 - [MESSAGE][INFO] - Checking timeout

2021-10-21 14:27:28 - [MESSAGE][INFO] - Finding web element with id: 'Object Repository/Olusturma/Genel/DokumanParaBirimiSecilir/Para' located by 'By.xpath: //*[@id = 'CurrencyUnit_I']' in '10' second(s)

2021-10-21 14:27:28 - [MESSAGE][INFO] - Smart Wait Function is triggered

2021-10-21 14:27:30 - [MESSAGE][INFO] - Found 1 web elements with id: 'Object Repository/Olusturma/Genel/DokumanParaBirimiSecilir/Para' located by 'By.xpath: //*[@id = 'CurrencyUnit_I']' in '10' second(s)

2021-10-21 14:27:30 - [MESSAGE][PASSED] - Object 'Object Repository/Olusturma/Genel/DokumanParaBirimiSecilir/Para' is clickable

2021-10-21 14:27:30 - [TEST_STEP][PASSED] - click(findTestObject("Object Repository/Olusturma/Genel/DokumanParaBirimiSecilir/Para")): Object: 'Object Repository/Olusturma/Genel/DokumanParaBirimiSecilir/Para' is clicked on

2021-10-21 14:27:30 - [MESSAGE][INFO] - Finding Test Object 'Object Repository/Olusturma/Genel/DokumanParaBirimiSecilir/Para'

2021-10-21 14:27:30 - [MESSAGE][INFO] - Checking object

2021-10-21 14:27:30 - [MESSAGE][INFO] - Finding web element from Test Object's properties

2021-10-21 14:27:30 - [MESSAGE][INFO] - Checking timeout

2021-10-21 14:27:30 - [MESSAGE][INFO] - Finding web element with id: 'Object Repository/Olusturma/Genel/DokumanParaBirimiSecilir/Para' located by 'By.xpath: //*[@id = 'CurrencyUnit_I']' in '30' second(s)

2021-10-21 14:27:30 - [MESSAGE][INFO] - Smart Wait Function is triggered

2021-10-21 14:27:30 - [MESSAGE][INFO] - Found 1 web elements with id: 'Object Repository/Olusturma/Genel/DokumanParaBirimiSecilir/Para' located by 'By.xpath: //*[@id = 'CurrencyUnit_I']' in '30' second(s)

2021-10-21 14:27:30 - [MESSAGE][INFO] - Clicking on object: 'Object Repository/Olusturma/Genel/DokumanParaBirimiSecilir/Para'

2021-10-21 14:27:30 - [MESSAGE][PASSED] - Object: 'Object Repository/Olusturma/Genel/DokumanParaBirimiSecilir/Para' is clicked on

2021-10-21 14:27:30 - [TEST_STEP][PASSED] - Method.TextDegerineEsitElementeTikla(findTestObject("Object Repository/Olusturma/Genel/DokumanParaBirimiSecilir/Para_Adi"), Para): Method.TextDegerineEsitElementeTikla is PASSED

2021-10-21 14:27:30 - [MESSAGE][INFO] - Finding Test Object 'Object Repository/Olusturma/Genel/DokumanParaBirimiSecilir/Para_Adi'

2021-10-21 14:27:30 - [MESSAGE][INFO] - Checking timeout

2021-10-21 14:27:30 - [MESSAGE][INFO] - Finding web element with id: 'Object Repository/Olusturma/Genel/DokumanParaBirimiSecilir/Para_Adi' located by 'By.cssSelector: #CurrencyUnit_DDD_L_LBT td' in '10' second(s)

2021-10-21 14:27:30 - [MESSAGE][INFO] - Smart Wait Function is triggered

2021-10-21 14:27:31 - [MESSAGE][INFO] - Found 203 web elements with id: 'Object Repository/Olusturma/Genel/DokumanParaBirimiSecilir/Para_Adi' located by 'By.cssSelector: #CurrencyUnit_DDD_L_LBT td' in '10' second(s)

2021-10-21 14:27:35 - [MESSAGE][PASSED] - Method.TextDegerineEsitElementeTikla is PASSED

2021-10-21 14:27:35 - [MESSAGE][PASSED] - Call Test Case 'Test Cases/Olusturma/Genel/DokumanParaBirimiSecilir' successfully

2021-10-21 14:27:35 - [MESSAGE][INFO] - Checking called Test Case

2021-10-21 14:27:35 - [MESSAGE][INFO] - Starting to call Test Case 'Test Cases/Olusturma/Genel/OnEkSecilir'

2021-10-21 14:27:35 - [TEST_CASE][PASSED] - Test Cases/Olusturma/Genel/OnEkSecilir: Test Cases/Olusturma/Genel/OnEkSecilir

2021-10-21 14:27:35 - [TEST_STEP][PASSED] - waitForElementClickable(findTestObject("Object Repository/Olusturma/Genel/OnEkSecilir/OnEk"), 10): Object 'Object Repository/Olusturma/Genel/OnEkSecilir/OnEk' is clickable

2021-10-21 14:27:35 - [MESSAGE][INFO] - Finding Test Object 'Object Repository/Olusturma/Genel/OnEkSecilir/OnEk'

2021-10-21 14:27:35 - [MESSAGE][INFO] - Checking object

2021-10-21 14:27:35 - [MESSAGE][INFO] - Checking timeout

2021-10-21 14:27:35 - [MESSAGE][INFO] - Finding web element from Test Object's properties

2021-10-21 14:27:35 - [MESSAGE][INFO] - Checking timeout

2021-10-21 14:27:35 - [MESSAGE][INFO] - Finding web element with id: 'Object Repository/Olusturma/Genel/OnEkSecilir/OnEk' located by 'By.xpath: //*[@id = 'InvoicePrefix_I']' in '10' second(s)

2021-10-21 14:27:35 - [MESSAGE][INFO] - Smart Wait Function is triggered

2021-10-21 14:27:35 - [MESSAGE][INFO] - Found 1 web elements with id: 'Object Repository/Olusturma/Genel/OnEkSecilir/OnEk' located by 'By.xpath: //*[@id = 'InvoicePrefix_I']' in '10' second(s)

2021-10-21 14:27:35 - [MESSAGE][PASSED] - Object 'Object Repository/Olusturma/Genel/OnEkSecilir/OnEk' is clickable

2021-10-21 14:27:35 - [TEST_STEP][PASSED] - click(findTestObject("Object Repository/Olusturma/Genel/OnEkSecilir/OnEk")): Object: 'Object Repository/Olusturma/Genel/OnEkSecilir/OnEk' is clicked on

2021-10-21 14:27:35 - [MESSAGE][INFO] - Finding Test Object 'Object Repository/Olusturma/Genel/OnEkSecilir/OnEk'

2021-10-21 14:27:35 - [MESSAGE][INFO] - Checking object

2021-10-21 14:27:35 - [MESSAGE][INFO] - Finding web element from Test Object's properties

2021-10-21 14:27:35 - [MESSAGE][INFO] - Checking timeout

2021-10-21 14:27:35 - [MESSAGE][INFO] - Finding web element with id: 'Object Repository/Olusturma/Genel/OnEkSecilir/OnEk' located by 'By.xpath: //*[@id = 'InvoicePrefix_I']' in '30' second(s)

2021-10-21 14:27:35 - [MESSAGE][INFO] - Smart Wait Function is triggered

2021-10-21 14:27:36 - [MESSAGE][INFO] - Found 1 web elements with id: 'Object Repository/Olusturma/Genel/OnEkSecilir/OnEk' located by 'By.xpath: //*[@id = 'InvoicePrefix_I']' in '30' second(s)

2021-10-21 14:27:36 - [MESSAGE][INFO] - Clicking on object: 'Object Repository/Olusturma/Genel/OnEkSecilir/OnEk'

2021-10-21 14:27:36 - [MESSAGE][PASSED] - Object: 'Object Repository/Olusturma/Genel/OnEkSecilir/OnEk' is clicked on

2021-10-21 14:27:36 - [TEST_STEP][PASSED] - Method.TextDegerineEsitElementeTiklaEquals(findTestObject("Object Repository/Olusturma/Genel/OnEkSecilir/OnEkAdi"), Ek): Method.TextDegerineEsitElementeTiklaEquals is PASSED

2021-10-21 14:27:36 - [MESSAGE][INFO] - Finding Test Object 'Object Repository/Olusturma/Genel/OnEkSecilir/OnEkAdi'

2021-10-21 14:27:36 - [MESSAGE][INFO] - Checking timeout

2021-10-21 14:27:36 - [MESSAGE][INFO] - Finding web element with id: 'Object Repository/Olusturma/Genel/OnEkSecilir/OnEkAdi' located by 'By.cssSelector: #InvoicePrefix_DDD_L_LBT td' in '10' second(s)

2021-10-21 14:27:36 - [MESSAGE][INFO] - Smart Wait Function is triggered

2021-10-21 14:27:36 - [MESSAGE][INFO] - Found 1 web elements with id: 'Object Repository/Olusturma/Genel/OnEkSecilir/OnEkAdi' located by 'By.cssSelector: #InvoicePrefix_DDD_L_LBT td' in '10' second(s)

2021-10-21 14:27:36 - [MESSAGE][PASSED] - Method.TextDegerineEsitElementeTiklaEquals is PASSED

2021-10-21 14:27:36 - [MESSAGE][PASSED] - Call Test Case 'Test Cases/Olusturma/Genel/OnEkSecilir' successfully

2021-10-21 14:27:36 - [MESSAGE][INFO] - Checking called Test Case

2021-10-21 14:27:36 - [MESSAGE][INFO] - Starting to call Test Case 'Test Cases/Olusturma/Genel/TasarimSecilir'

2021-10-21 14:27:36 - [TEST_CASE][PASSED] - Test Cases/Olusturma/Genel/TasarimSecilir: Test Cases/Olusturma/Genel/TasarimSecilir

2021-10-21 14:27:36 - [TEST_STEP][PASSED] - waitForElementClickable(findTestObject("Object Repository/Olusturma/Genel/TasarimSecilir/Tasarim"), 10): Object 'Object Repository/Olusturma/Genel/TasarimSecilir/Tasarim' is clickable

2021-10-21 14:27:36 - [MESSAGE][INFO] - Finding Test Object 'Object Repository/Olusturma/Genel/TasarimSecilir/Tasarim'

2021-10-21 14:27:37 - [MESSAGE][INFO] - Checking object

2021-10-21 14:27:37 - [MESSAGE][INFO] - Checking timeout

2021-10-21 14:27:37 - [MESSAGE][INFO] - Finding web element from Test Object's properties

2021-10-21 14:27:37 - [MESSAGE][INFO] - Checking timeout

2021-10-21 14:27:37 - [MESSAGE][INFO] - Finding web element with id: 'Object Repository/Olusturma/Genel/TasarimSecilir/Tasarim' located by 'By.xpath: //*[@id = 'DesignId_I']' in '10' second(s)

2021-10-21 14:27:37 - [MESSAGE][INFO] - Smart Wait Function is triggered

2021-10-21 14:27:37 - [MESSAGE][INFO] - Found 1 web elements with id: 'Object Repository/Olusturma/Genel/TasarimSecilir/Tasarim' located by 'By.xpath: //*[@id = 'DesignId_I']' in '10' second(s)

2021-10-21 14:27:37 - [MESSAGE][PASSED] - Object 'Object Repository/Olusturma/Genel/TasarimSecilir/Tasarim' is clickable

2021-10-21 14:27:37 - [TEST_STEP][PASSED] - click(findTestObject("Object Repository/Olusturma/Genel/TasarimSecilir/Tasarim")): Object: 'Object Repository/Olusturma/Genel/TasarimSecilir/Tasarim' is clicked on

2021-10-21 14:27:37 - [MESSAGE][INFO] - Finding Test Object 'Object Repository/Olusturma/Genel/TasarimSecilir/Tasarim'

2021-10-21 14:27:37 - [MESSAGE][INFO] - Checking object

2021-10-21 14:27:37 - [MESSAGE][INFO] - Finding web element from Test Object's properties

2021-10-21 14:27:37 - [MESSAGE][INFO] - Checking timeout

2021-10-21 14:27:37 - [MESSAGE][INFO] - Finding web element with id: 'Object Repository/Olusturma/Genel/TasarimSecilir/Tasarim' located by 'By.xpath: //*[@id = 'DesignId_I']' in '30' second(s)

2021-10-21 14:27:37 - [MESSAGE][INFO] - Smart Wait Function is triggered

2021-10-21 14:27:37 - [MESSAGE][INFO] - Found 1 web elements with id: 'Object Repository/Olusturma/Genel/TasarimSecilir/Tasarim' located by 'By.xpath: //*[@id = 'DesignId_I']' in '30' second(s)

2021-10-21 14:27:37 - [MESSAGE][INFO] - Clicking on object: 'Object Repository/Olusturma/Genel/TasarimSecilir/Tasarim'

2021-10-21 14:27:37 - [MESSAGE][PASSED] - Object: 'Object Repository/Olusturma/Genel/TasarimSecilir/Tasarim' is clicked on

2021-10-21 14:27:37 - [TEST_STEP][PASSED] - Method.TextDegerineEsitElementeTikla(findTestObject("Object Repository/Olusturma/Genel/TasarimSecilir/Tasarim_Adi"), Tasarim): Method.TextDegerineEsitElementeTikla is PASSED

2021-10-21 14:27:37 - [MESSAGE][INFO] - Finding Test Object 'Object Repository/Olusturma/Genel/TasarimSecilir/Tasarim_Adi'

2021-10-21 14:27:37 - [MESSAGE][INFO] - Checking timeout

2021-10-21 14:27:37 - [MESSAGE][INFO] - Finding web element with id: 'Object Repository/Olusturma/Genel/TasarimSecilir/Tasarim_Adi' located by 'By.cssSelector: #DesignId_DDD_L_LBT td' in '10' second(s)

2021-10-21 14:27:37 - [MESSAGE][INFO] - Smart Wait Function is triggered

2021-10-21 14:27:38 - [MESSAGE][INFO] - Found 1 web elements with id: 'Object Repository/Olusturma/Genel/TasarimSecilir/Tasarim_Adi' located by 'By.cssSelector: #DesignId_DDD_L_LBT td' in '10' second(s)

2021-10-21 14:27:38 - [MESSAGE][PASSED] - Method.TextDegerineEsitElementeTikla is PASSED

2021-10-21 14:27:38 - [MESSAGE][PASSED] - Call Test Case 'Test Cases/Olusturma/Genel/TasarimSecilir' successfully

2021-10-21 14:27:38 - [MESSAGE][INFO] - Checking called Test Case

2021-10-21 14:27:38 - [MESSAGE][INFO] - Starting to call Test Case 'Test Cases/Olusturma/Genel/Kutular/SiparisBilgileriGirilir'

2021-10-21 14:27:38 - [TEST_CASE][PASSED] - Test Cases/Olusturma/Genel/Kutular/SiparisBilgileriGirilir: Test Cases/Olusturma/Genel/Kutular/SiparisBilgileriGirilir

2021-10-21 14:27:38 - [TEST_STEP][PASSED] - Method.TextDegerineEsitElementeTikla(findTestObject("Olusturma/Genel/Kutular/KapaliKutular"), "Sipariş Bilgileri"): Method.TextDegerineEsitElementeTikla is PASSED

2021-10-21 14:27:38 - [MESSAGE][INFO] - Finding Test Object 'Object Repository/Olusturma/Genel/Kutular/KapaliKutular'

2021-10-21 14:27:38 - [MESSAGE][INFO] - Checking timeout

2021-10-21 14:27:38 - [MESSAGE][INFO] - Finding web element with id: 'Object Repository/Olusturma/Genel/Kutular/KapaliKutular' located by 'By.cssSelector: .dxnb-headerCollapsed>span' in '10' second(s)

2021-10-21 14:27:38 - [MESSAGE][INFO] - Smart Wait Function is triggered

2021-10-21 14:27:38 - [MESSAGE][INFO] - Found 8 web elements with id: 'Object Repository/Olusturma/Genel/Kutular/KapaliKutular' located by 'By.cssSelector: .dxnb-headerCollapsed>span' in '10' second(s)

2021-10-21 14:27:38 - [MESSAGE][PASSED] - Method.TextDegerineEsitElementeTikla is PASSED

2021-10-21 14:27:38 - [TEST_STEP][PASSED] - waitForElementPresent(findTestObject("Object Repository/Olusturma/Genel/Kutular/SiparisBilgileri/SiparisNo"), 10): Object 'Object Repository/Olusturma/Genel/Kutular/SiparisBilgileri/SiparisNo' is present

2021-10-21 14:27:38 - [MESSAGE][INFO] - Finding Test Object 'Object Repository/Olusturma/Genel/Kutular/SiparisBilgileri/SiparisNo'

2021-10-21 14:27:39 - [MESSAGE][INFO] - Checking object

2021-10-21 14:27:39 - [MESSAGE][INFO] - Finding web element from Test Object's properties

2021-10-21 14:27:39 - [MESSAGE][INFO] - Checking timeout

2021-10-21 14:27:39 - [MESSAGE][INFO] - Finding web element with id: 'Object Repository/Olusturma/Genel/Kutular/SiparisBilgileri/SiparisNo' located by 'By.xpath: //*[@id = 'txtSiparisNo_I']' in '10' second(s)

2021-10-21 14:27:39 - [MESSAGE][INFO] - Smart Wait Function is triggered

2021-10-21 14:27:39 - [MESSAGE][INFO] - Found 1 web elements with id: 'Object Repository/Olusturma/Genel/Kutular/SiparisBilgileri/SiparisNo' located by 'By.xpath: //*[@id = 'txtSiparisNo_I']' in '10' second(s)

2021-10-21 14:27:39 - [MESSAGE][PASSED] - Object 'Object Repository/Olusturma/Genel/Kutular/SiparisBilgileri/SiparisNo' is present

2021-10-21 14:27:39 - [TEST_STEP][PASSED] - clearText(findTestObject("Object Repository/Olusturma/Genel/Kutular/SiparisBilgileri/SiparisNo")): Text of object 'Object Repository/Olusturma/Genel/Kutular/SiparisBilgileri/SiparisNo' is cleared

2021-10-21 14:27:39 - [MESSAGE][INFO] - Finding Test Object 'Object Repository/Olusturma/Genel/Kutular/SiparisBilgileri/SiparisNo'

2021-10-21 14:27:39 - [MESSAGE][INFO] - Checking object

2021-10-21 14:27:39 - [MESSAGE][INFO] - Finding web element from Test Object's properties

2021-10-21 14:27:39 - [MESSAGE][INFO] - Checking timeout

2021-10-21 14:27:39 - [MESSAGE][INFO] - Finding web element with id: 'Object Repository/Olusturma/Genel/Kutular/SiparisBilgileri/SiparisNo' located by 'By.xpath: //*[@id = 'txtSiparisNo_I']' in '30' second(s)

2021-10-21 14:27:39 - [MESSAGE][INFO] - Smart Wait Function is triggered

2021-10-21 14:27:39 - [MESSAGE][INFO] - Found 1 web elements with id: 'Object Repository/Olusturma/Genel/Kutular/SiparisBilgileri/SiparisNo' located by 'By.xpath: //*[@id = 'txtSiparisNo_I']' in '30' second(s)

2021-10-21 14:27:39 - [MESSAGE][INFO] - Clearing text of object 'Object Repository/Olusturma/Genel/Kutular/SiparisBilgileri/SiparisNo'

2021-10-21 14:27:39 - [MESSAGE][PASSED] - Text of object 'Object Repository/Olusturma/Genel/Kutular/SiparisBilgileri/SiparisNo' is cleared

2021-10-21 14:27:39 - [TEST_STEP][PASSED] - sendKeys(findTestObject("Object Repository/Olusturma/Genel/Kutular/SiparisBilgileri/SiparisNo"), SiparisNo): Keys 'UUC-SAT-1200001' sent to object: 'Object Repository/Olusturma/Genel/Kutular/SiparisBilgileri/SiparisNo'

2021-10-21 14:27:39 - [MESSAGE][INFO] - Finding Test Object 'Object Repository/Olusturma/Genel/Kutular/SiparisBilgileri/SiparisNo'

2021-10-21 14:27:39 - [MESSAGE][INFO] - Sending keys 'UUC-SAT-1200001' to object: 'Object Repository/Olusturma/Genel/Kutular/SiparisBilgileri/SiparisNo'

2021-10-21 14:27:39 - [MESSAGE][INFO] - Finding web element from Test Object's properties

2021-10-21 14:27:39 - [MESSAGE][INFO] - Checking timeout

2021-10-21 14:27:39 - [MESSAGE][INFO] - Finding web element with id: 'Object Repository/Olusturma/Genel/Kutular/SiparisBilgileri/SiparisNo' located by 'By.xpath: //*[@id = 'txtSiparisNo_I']' in '30' second(s)

2021-10-21 14:27:39 - [MESSAGE][INFO] - Smart Wait Function is triggered

2021-10-21 14:27:40 - [MESSAGE][INFO] - Found 1 web elements with id: 'Object Repository/Olusturma/Genel/Kutular/SiparisBilgileri/SiparisNo' located by 'By.xpath: //*[@id = 'txtSiparisNo_I']' in '30' second(s)

2021-10-21 14:27:40 - [MESSAGE][PASSED] - Keys 'UUC-SAT-1200001' sent to object: 'Object Repository/Olusturma/Genel/Kutular/SiparisBilgileri/SiparisNo'

2021-10-21 14:27:40 - [TEST_STEP][PASSED] - waitForElementClickable(findTestObject("Object Repository/Olusturma/Genel/Kutular/SiparisBilgileri/SiparisTarihiImage"), 10): Object 'Object Repository/Olusturma/Genel/Kutular/SiparisBilgileri/SiparisTarihiImage' is clickable

2021-10-21 14:27:40 - [MESSAGE][INFO] - Finding Test Object 'Object Repository/Olusturma/Genel/Kutular/SiparisBilgileri/SiparisTarihiImage'

2021-10-21 14:27:40 - [MESSAGE][INFO] - Checking object

2021-10-21 14:27:40 - [MESSAGE][INFO] - Checking timeout

2021-10-21 14:27:40 - [MESSAGE][INFO] - Finding web element from Test Object's properties

2021-10-21 14:27:40 - [MESSAGE][INFO] - Checking timeout

2021-10-21 14:27:40 - [MESSAGE][INFO] - Finding web element with id: 'Object Repository/Olusturma/Genel/Kutular/SiparisBilgileri/SiparisTarihiImage' located by 'By.cssSelector: #dateSiparisTarih img' in '10' second(s)

2021-10-21 14:27:40 - [MESSAGE][INFO] - Smart Wait Function is triggered

2021-10-21 14:27:40 - [MESSAGE][INFO] - Found 1 web elements with id: 'Object Repository/Olusturma/Genel/Kutular/SiparisBilgileri/SiparisTarihiImage' located by 'By.cssSelector: #dateSiparisTarih img' in '10' second(s)

2021-10-21 14:27:40 - [MESSAGE][PASSED] - Object 'Object Repository/Olusturma/Genel/Kutular/SiparisBilgileri/SiparisTarihiImage' is clickable

2021-10-21 14:27:40 - [TEST_STEP][PASSED] - click(findTestObject("Object Repository/Olusturma/Genel/Kutular/SiparisBilgileri/SiparisTarihiImage")): Object: 'Object Repository/Olusturma/Genel/Kutular/SiparisBilgileri/SiparisTarihiImage' is clicked on

2021-10-21 14:27:40 - [MESSAGE][INFO] - Finding Test Object 'Object Repository/Olusturma/Genel/Kutular/SiparisBilgileri/SiparisTarihiImage'

2021-10-21 14:27:40 - [MESSAGE][INFO] - Checking object

2021-10-21 14:27:40 - [MESSAGE][INFO] - Finding web element from Test Object's properties

2021-10-21 14:27:40 - [MESSAGE][INFO] - Checking timeout

2021-10-21 14:27:40 - [MESSAGE][INFO] - Finding web element with id: 'Object Repository/Olusturma/Genel/Kutular/SiparisBilgileri/SiparisTarihiImage' located by 'By.cssSelector: #dateSiparisTarih img' in '30' second(s)

2021-10-21 14:27:40 - [MESSAGE][INFO] - Smart Wait Function is triggered

2021-10-21 14:27:41 - [MESSAGE][INFO] - Found 1 web elements with id: 'Object Repository/Olusturma/Genel/Kutular/SiparisBilgileri/SiparisTarihiImage' located by 'By.cssSelector: #dateSiparisTarih img' in '30' second(s)

2021-10-21 14:27:41 - [MESSAGE][INFO] - Clicking on object: 'Object Repository/Olusturma/Genel/Kutular/SiparisBilgileri/SiparisTarihiImage'

2021-10-21 14:27:41 - [MESSAGE][PASSED] - Object: 'Object Repository/Olusturma/Genel/Kutular/SiparisBilgileri/SiparisTarihiImage' is clicked on

2021-10-21 14:27:41 - [TEST_STEP][PASSED] - waitForElementPresent(findTestObject("Object Repository/Olusturma/Genel/Kutular/SiparisBilgileri/SiparisTarihi"), 10): Object 'Object Repository/Olusturma/Genel/Kutular/SiparisBilgileri/SiparisTarihi' is present

2021-10-21 14:27:41 - [MESSAGE][INFO] - Finding Test Object 'Object Repository/Olusturma/Genel/Kutular/SiparisBilgileri/SiparisTarihi'

2021-10-21 14:27:41 - [MESSAGE][INFO] - Checking object

2021-10-21 14:27:41 - [MESSAGE][INFO] - Finding web element from Test Object's properties

2021-10-21 14:27:41 - [MESSAGE][INFO] - Checking timeout

2021-10-21 14:27:41 - [MESSAGE][INFO] - Finding web element with id: 'Object Repository/Olusturma/Genel/Kutular/SiparisBilgileri/SiparisTarihi' located by 'By.xpath: //*[@id = 'dateSiparisTarih_I']' in '10' second(s)

2021-10-21 14:27:41 - [MESSAGE][INFO] - Smart Wait Function is triggered

2021-10-21 14:27:41 - [MESSAGE][INFO] - Found 1 web elements with id: 'Object Repository/Olusturma/Genel/Kutular/SiparisBilgileri/SiparisTarihi' located by 'By.xpath: //*[@id = 'dateSiparisTarih_I']' in '10' second(s)

2021-10-21 14:27:41 - [MESSAGE][PASSED] - Object 'Object Repository/Olusturma/Genel/Kutular/SiparisBilgileri/SiparisTarihi' is present

2021-10-21 14:27:41 - [TEST_STEP][PASSED] - clearText(findTestObject("Object Repository/Olusturma/Genel/Kutular/SiparisBilgileri/SiparisTarihi")): Text of object 'Object Repository/Olusturma/Genel/Kutular/SiparisBilgileri/SiparisTarihi' is cleared

2021-10-21 14:27:41 - [MESSAGE][INFO] - Finding Test Object 'Object Repository/Olusturma/Genel/Kutular/SiparisBilgileri/SiparisTarihi'

2021-10-21 14:27:41 - [MESSAGE][INFO] - Checking object

2021-10-21 14:27:41 - [MESSAGE][INFO] - Finding web element from Test Object's properties

2021-10-21 14:27:41 - [MESSAGE][INFO] - Checking timeout

2021-10-21 14:27:41 - [MESSAGE][INFO] - Finding web element with id: 'Object Repository/Olusturma/Genel/Kutular/SiparisBilgileri/SiparisTarihi' located by 'By.xpath: //*[@id = 'dateSiparisTarih_I']' in '30' second(s)

2021-10-21 14:27:41 - [MESSAGE][INFO] - Smart Wait Function is triggered

2021-10-21 14:27:42 - [MESSAGE][INFO] - Found 1 web elements with id: 'Object Repository/Olusturma/Genel/Kutular/SiparisBilgileri/SiparisTarihi' located by 'By.xpath: //*[@id = 'dateSiparisTarih_I']' in '30' second(s)

2021-10-21 14:27:42 - [MESSAGE][INFO] - Clearing text of object 'Object Repository/Olusturma/Genel/Kutular/SiparisBilgileri/SiparisTarihi'

2021-10-21 14:27:42 - [MESSAGE][PASSED] - Text of object 'Object Repository/Olusturma/Genel/Kutular/SiparisBilgileri/SiparisTarihi' is cleared

2021-10-21 14:27:42 - [TEST_STEP][PASSED] - sendKeys(findTestObject("Object Repository/Olusturma/Genel/Kutular/SiparisBilgileri/SiparisTarihi"), Tarih): Keys '31.04.2020' sent to object: 'Object Repository/Olusturma/Genel/Kutular/SiparisBilgileri/SiparisTarihi'

2021-10-21 14:27:42 - [MESSAGE][INFO] - Finding Test Object 'Object Repository/Olusturma/Genel/Kutular/SiparisBilgileri/SiparisTarihi'

2021-10-21 14:27:42 - [MESSAGE][INFO] - Sending keys '31.04.2020' to object: 'Object Repository/Olusturma/Genel/Kutular/SiparisBilgileri/SiparisTarihi'

2021-10-21 14:27:42 - [MESSAGE][INFO] - Finding web element from Test Object's properties

2021-10-21 14:27:42 - [MESSAGE][INFO] - Checking timeout

2021-10-21 14:27:42 - [MESSAGE][INFO] - Finding web element with id: 'Object Repository/Olusturma/Genel/Kutular/SiparisBilgileri/SiparisTarihi' located by 'By.xpath: //*[@id = 'dateSiparisTarih_I']' in '30' second(s)

2021-10-21 14:27:42 - [MESSAGE][INFO] - Smart Wait Function is triggered

2021-10-21 14:27:42 - [MESSAGE][INFO] - Found 1 web elements with id: 'Object Repository/Olusturma/Genel/Kutular/SiparisBilgileri/SiparisTarihi' located by 'By.xpath: //*[@id = 'dateSiparisTarih_I']' in '30' second(s)

2021-10-21 14:27:42 - [MESSAGE][PASSED] - Keys '31.04.2020' sent to object: 'Object Repository/Olusturma/Genel/Kutular/SiparisBilgileri/SiparisTarihi'

2021-10-21 14:27:42 - [MESSAGE][PASSED] - Call Test Case 'Test Cases/Olusturma/Genel/Kutular/SiparisBilgileriGirilir' successfully

2021-10-21 14:27:42 - [MESSAGE][INFO] - Checking called Test Case

2021-10-21 14:27:42 - [MESSAGE][INFO] - Starting to call Test Case 'Test Cases/Olusturma/Genel/Kutular/IrsaliyeBilgileri'

2021-10-21 14:27:42 - [TEST_CASE][PASSED] - Test Cases/Olusturma/Genel/Kutular/IrsaliyeBilgileri: Test Cases/Olusturma/Genel/Kutular/IrsaliyeBilgileri

2021-10-21 14:27:42 - [TEST_STEP][PASSED] - Method.TextDegerineEsitElementeTikla(findTestObject("Olusturma/Genel/Kutular/KapaliKutular"), "İrsaliye Bilgileri"): Method.TextDegerineEsitElementeTikla is PASSED

2021-10-21 14:27:42 - [MESSAGE][INFO] - Finding Test Object 'Object Repository/Olusturma/Genel/Kutular/KapaliKutular'

2021-10-21 14:27:42 - [MESSAGE][INFO] - Checking timeout

2021-10-21 14:27:42 - [MESSAGE][INFO] - Finding web element with id: 'Object Repository/Olusturma/Genel/Kutular/KapaliKutular' located by 'By.cssSelector: .dxnb-headerCollapsed>span' in '10' second(s)

2021-10-21 14:27:42 - [MESSAGE][INFO] - Smart Wait Function is triggered

2021-10-21 14:27:43 - [MESSAGE][INFO] - Found 8 web elements with id: 'Object Repository/Olusturma/Genel/Kutular/KapaliKutular' located by 'By.cssSelector: .dxnb-headerCollapsed>span' in '10' second(s)

2021-10-21 14:27:43 - [MESSAGE][PASSED] - Method.TextDegerineEsitElementeTikla is PASSED

2021-10-21 14:27:43 - [TEST_STEP][PASSED] - waitForElementClickable(findTestObject("Olusturma/Genel/Kutular/IrsaliyeBilgileri/Ekle"), 10): Object 'Object Repository/Olusturma/Genel/Kutular/IrsaliyeBilgileri/Ekle' is clickable

2021-10-21 14:27:43 - [MESSAGE][INFO] - Finding Test Object 'Object Repository/Olusturma/Genel/Kutular/IrsaliyeBilgileri/Ekle'

2021-10-21 14:27:43 - [MESSAGE][INFO] - Checking object

2021-10-21 14:27:43 - [MESSAGE][INFO] - Checking timeout

2021-10-21 14:27:43 - [MESSAGE][INFO] - Finding web element from Test Object's properties

2021-10-21 14:27:43 - [MESSAGE][INFO] - Checking timeout

2021-10-21 14:27:43 - [MESSAGE][INFO] - Finding web element with id: 'Object Repository/Olusturma/Genel/Kutular/IrsaliyeBilgileri/Ekle' located by 'By.xpath: //*[@id = 'DXEditorgvUserInvoiceBillsNewRowBtn']' in '10' second(s)

2021-10-21 14:27:43 - [MESSAGE][INFO] - Smart Wait Function is triggered

2021-10-21 14:27:43 - [MESSAGE][INFO] - Found 1 web elements with id: 'Object Repository/Olusturma/Genel/Kutular/IrsaliyeBilgileri/Ekle' located by 'By.xpath: //*[@id = 'DXEditorgvUserInvoiceBillsNewRowBtn']' in '10' second(s)

2021-10-21 14:27:43 - [MESSAGE][PASSED] - Object 'Object Repository/Olusturma/Genel/Kutular/IrsaliyeBilgileri/Ekle' is clickable

2021-10-21 14:27:43 - [TEST_STEP][PASSED] - click(findTestObject("Olusturma/Genel/Kutular/IrsaliyeBilgileri/Ekle")): Object: 'Object Repository/Olusturma/Genel/Kutular/IrsaliyeBilgileri/Ekle' is clicked on

2021-10-21 14:27:43 - [MESSAGE][INFO] - Finding Test Object 'Object Repository/Olusturma/Genel/Kutular/IrsaliyeBilgileri/Ekle'

2021-10-21 14:27:43 - [MESSAGE][INFO] - Checking object

2021-10-21 14:27:43 - [MESSAGE][INFO] - Finding web element from Test Object's properties

2021-10-21 14:27:44 - [MESSAGE][INFO] - Checking timeout

2021-10-21 14:27:44 - [MESSAGE][INFO] - Finding web element with id: 'Object Repository/Olusturma/Genel/Kutular/IrsaliyeBilgileri/Ekle' located by 'By.xpath: //*[@id = 'DXEditorgvUserInvoiceBillsNewRowBtn']' in '30' second(s)

2021-10-21 14:27:44 - [MESSAGE][INFO] - Smart Wait Function is triggered

2021-10-21 14:27:44 - [MESSAGE][INFO] - Found 1 web elements with id: 'Object Repository/Olusturma/Genel/Kutular/IrsaliyeBilgileri/Ekle' located by 'By.xpath: //*[@id = 'DXEditorgvUserInvoiceBillsNewRowBtn']' in '30' second(s)

2021-10-21 14:27:44 - [MESSAGE][INFO] - Clicking on object: 'Object Repository/Olusturma/Genel/Kutular/IrsaliyeBilgileri/Ekle'

2021-10-21 14:27:44 - [MESSAGE][PASSED] - Object: 'Object Repository/Olusturma/Genel/Kutular/IrsaliyeBilgileri/Ekle' is clicked on

2021-10-21 14:27:44 - [TEST_STEP][PASSED] - waitForElementPresent(findTestObject("Object Repository/Olusturma/Genel/Kutular/IrsaliyeBilgileri/IrsaliyeNumarasi"), 10): Object 'Object Repository/Olusturma/Genel/Kutular/IrsaliyeBilgileri/IrsaliyeNumarasi' is present

2021-10-21 14:27:44 - [MESSAGE][INFO] - Finding Test Object 'Object Repository/Olusturma/Genel/Kutular/IrsaliyeBilgileri/IrsaliyeNumarasi'

2021-10-21 14:27:44 - [MESSAGE][INFO] - Checking object

2021-10-21 14:27:44 - [MESSAGE][INFO] - Finding web element from Test Object's properties

2021-10-21 14:27:44 - [MESSAGE][INFO] - Checking timeout

2021-10-21 14:27:44 - [MESSAGE][INFO] - Finding web element with id: 'Object Repository/Olusturma/Genel/Kutular/IrsaliyeBilgileri/IrsaliyeNumarasi' located by 'By.xpath: //*[@id = 'gvUserInvoiceBills_DXEditor1_I']' in '10' second(s)

2021-10-21 14:27:44 - [MESSAGE][INFO] - Smart Wait Function is triggered

2021-10-21 14:27:44 - [MESSAGE][INFO] - Smart Wait Function is triggered

2021-10-21 14:27:45 - [MESSAGE][INFO] - Found 1 web elements with id: 'Object Repository/Olusturma/Genel/Kutular/IrsaliyeBilgileri/IrsaliyeNumarasi' located by 'By.xpath: //*[@id = 'gvUserInvoiceBills_DXEditor1_I']' in '10' second(s)

2021-10-21 14:27:45 - [MESSAGE][PASSED] - Object 'Object Repository/Olusturma/Genel/Kutular/IrsaliyeBilgileri/IrsaliyeNumarasi' is present

2021-10-21 14:27:45 - [TEST_STEP][PASSED] - clearText(findTestObject("Object Repository/Olusturma/Genel/Kutular/IrsaliyeBilgileri/IrsaliyeNumarasi")): Text of object 'Object Repository/Olusturma/Genel/Kutular/IrsaliyeBilgileri/IrsaliyeNumarasi' is cleared

2021-10-21 14:27:45 - [MESSAGE][INFO] - Finding Test Object 'Object Repository/Olusturma/Genel/Kutular/IrsaliyeBilgileri/IrsaliyeNumarasi'

2021-10-21 14:27:45 - [MESSAGE][INFO] - Checking object

2021-10-21 14:27:45 - [MESSAGE][INFO] - Finding web element from Test Object's properties

2021-10-21 14:27:45 - [MESSAGE][INFO] - Checking timeout

2021-10-21 14:27:45 - [MESSAGE][INFO] - Finding web element with id: 'Object Repository/Olusturma/Genel/Kutular/IrsaliyeBilgileri/IrsaliyeNumarasi' located by 'By.xpath: //*[@id = 'gvUserInvoiceBills_DXEditor1_I']' in '30' second(s)

2021-10-21 14:27:45 - [MESSAGE][INFO] - Smart Wait Function is triggered

2021-10-21 14:27:46 - [MESSAGE][INFO] - Found 1 web elements with id: 'Object Repository/Olusturma/Genel/Kutular/IrsaliyeBilgileri/IrsaliyeNumarasi' located by 'By.xpath: //*[@id = 'gvUserInvoiceBills_DXEditor1_I']' in '30' second(s)

2021-10-21 14:27:46 - [MESSAGE][INFO] - Clearing text of object 'Object Repository/Olusturma/Genel/Kutular/IrsaliyeBilgileri/IrsaliyeNumarasi'

2021-10-21 14:27:46 - [MESSAGE][PASSED] - Text of object 'Object Repository/Olusturma/Genel/Kutular/IrsaliyeBilgileri/IrsaliyeNumarasi' is cleared

2021-10-21 14:27:46 - [TEST_STEP][PASSED] - sendKeys(findTestObject("Object Repository/Olusturma/Genel/Kutular/IrsaliyeBilgileri/IrsaliyeNumarasi"), Numara): Keys 'AAAAAAAAAA' sent to object: 'Object Repository/Olusturma/Genel/Kutular/IrsaliyeBilgileri/IrsaliyeNumarasi'

2021-10-21 14:27:46 - [MESSAGE][INFO] - Finding Test Object 'Object Repository/Olusturma/Genel/Kutular/IrsaliyeBilgileri/IrsaliyeNumarasi'

2021-10-21 14:27:46 - [MESSAGE][INFO] - Sending keys 'AAAAAAAAAA' to object: 'Object Repository/Olusturma/Genel/Kutular/IrsaliyeBilgileri/IrsaliyeNumarasi'

2021-10-21 14:27:46 - [MESSAGE][INFO] - Finding web element from Test Object's properties

2021-10-21 14:27:46 - [MESSAGE][INFO] - Checking timeout

2021-10-21 14:27:46 - [MESSAGE][INFO] - Finding web element with id: 'Object Repository/Olusturma/Genel/Kutular/IrsaliyeBilgileri/IrsaliyeNumarasi' located by 'By.xpath: //*[@id = 'gvUserInvoiceBills_DXEditor1_I']' in '30' second(s)

2021-10-21 14:27:46 - [MESSAGE][INFO] - Smart Wait Function is triggered

2021-10-21 14:27:46 - [MESSAGE][INFO] - Found 1 web elements with id: 'Object Repository/Olusturma/Genel/Kutular/IrsaliyeBilgileri/IrsaliyeNumarasi' located by 'By.xpath: //*[@id = 'gvUserInvoiceBills_DXEditor1_I']' in '30' second(s)

2021-10-21 14:27:46 - [MESSAGE][PASSED] - Keys 'AAAAAAAAAA' sent to object: 'Object Repository/Olusturma/Genel/Kutular/IrsaliyeBilgileri/IrsaliyeNumarasi'

2021-10-21 14:27:46 - [TEST_STEP][PASSED] - waitForElementClickable(findTestObject("Object Repository/Olusturma/Genel/Kutular/IrsaliyeBilgileri/IrsaliyeTarihi"), 10): Object 'Object Repository/Olusturma/Genel/Kutular/IrsaliyeBilgileri/IrsaliyeTarihi' is clickable

2021-10-21 14:27:46 - [MESSAGE][INFO] - Finding Test Object 'Object Repository/Olusturma/Genel/Kutular/IrsaliyeBilgileri/IrsaliyeTarihi'

2021-10-21 14:27:46 - [MESSAGE][INFO] - Checking object

2021-10-21 14:27:46 - [MESSAGE][INFO] - Checking timeout

2021-10-21 14:27:46 - [MESSAGE][INFO] - Finding web element from Test Object's properties

2021-10-21 14:27:46 - [MESSAGE][INFO] - Checking timeout

2021-10-21 14:27:46 - [MESSAGE][INFO] - Finding web element with id: 'Object Repository/Olusturma/Genel/Kutular/IrsaliyeBilgileri/IrsaliyeTarihi' located by 'By.xpath: //*[@id = 'gvUserInvoiceBills_DXEditor2_I']' in '10' second(s)

2021-10-21 14:27:46 - [MESSAGE][INFO] - Smart Wait Function is triggered

2021-10-21 14:27:47 - [MESSAGE][INFO] - Found 1 web elements with id: 'Object Repository/Olusturma/Genel/Kutular/IrsaliyeBilgileri/IrsaliyeTarihi' located by 'By.xpath: //*[@id = 'gvUserInvoiceBills_DXEditor2_I']' in '10' second(s)

2021-10-21 14:27:47 - [MESSAGE][PASSED] - Object 'Object Repository/Olusturma/Genel/Kutular/IrsaliyeBilgileri/IrsaliyeTarihi' is clickable

2021-10-21 14:27:47 - [TEST_STEP][PASSED] - click(findTestObject("Object Repository/Olusturma/Genel/Kutular/IrsaliyeBilgileri/IrsaliyeTarihi")): Object: 'Object Repository/Olusturma/Genel/Kutular/IrsaliyeBilgileri/IrsaliyeTarihi' is clicked on

2021-10-21 14:27:47 - [MESSAGE][INFO] - Finding Test Object 'Object Repository/Olusturma/Genel/Kutular/IrsaliyeBilgileri/IrsaliyeTarihi'

2021-10-21 14:27:47 - [MESSAGE][INFO] - Checking object

2021-10-21 14:27:47 - [MESSAGE][INFO] - Finding web element from Test Object's properties

2021-10-21 14:27:47 - [MESSAGE][INFO] - Checking timeout

2021-10-21 14:27:47 - [MESSAGE][INFO] - Finding web element with id: 'Object Repository/Olusturma/Genel/Kutular/IrsaliyeBilgileri/IrsaliyeTarihi' located by 'By.xpath: //*[@id = 'gvUserInvoiceBills_DXEditor2_I']' in '30' second(s)

2021-10-21 14:27:47 - [MESSAGE][INFO] - Smart Wait Function is triggered

2021-10-21 14:27:47 - [MESSAGE][INFO] - Found 1 web elements with id: 'Object Repository/Olusturma/Genel/Kutular/IrsaliyeBilgileri/IrsaliyeTarihi' located by 'By.xpath: //*[@id = 'gvUserInvoiceBills_DXEditor2_I']' in '30' second(s)

2021-10-21 14:27:47 - [MESSAGE][INFO] - Clicking on object: 'Object Repository/Olusturma/Genel/Kutular/IrsaliyeBilgileri/IrsaliyeTarihi'

2021-10-21 14:27:47 - [MESSAGE][PASSED] - Object: 'Object Repository/Olusturma/Genel/Kutular/IrsaliyeBilgileri/IrsaliyeTarihi' is clicked on

2021-10-21 14:27:47 - [TEST_STEP][PASSED] - sendKeys(findTestObject("Object Repository/Olusturma/Genel/Kutular/IrsaliyeBilgileri/IrsaliyeTarihi"), Tarih): Keys '31.04.2020' sent to object: 'Object Repository/Olusturma/Genel/Kutular/IrsaliyeBilgileri/IrsaliyeTarihi'

2021-10-21 14:27:47 - [MESSAGE][INFO] - Finding Test Object 'Object Repository/Olusturma/Genel/Kutular/IrsaliyeBilgileri/IrsaliyeTarihi'

2021-10-21 14:27:47 - [MESSAGE][INFO] - Sending keys '31.04.2020' to object: 'Object Repository/Olusturma/Genel/Kutular/IrsaliyeBilgileri/IrsaliyeTarihi'

2021-10-21 14:27:47 - [MESSAGE][INFO] - Finding web element from Test Object's properties

2021-10-21 14:27:47 - [MESSAGE][INFO] - Checking timeout

2021-10-21 14:27:47 - [MESSAGE][INFO] - Finding web element with id: 'Object Repository/Olusturma/Genel/Kutular/IrsaliyeBilgileri/IrsaliyeTarihi' located by 'By.xpath: //*[@id = 'gvUserInvoiceBills_DXEditor2_I']' in '30' second(s)

2021-10-21 14:27:47 - [MESSAGE][INFO] - Smart Wait Function is triggered

2021-10-21 14:27:48 - [MESSAGE][INFO] - Found 1 web elements with id: 'Object Repository/Olusturma/Genel/Kutular/IrsaliyeBilgileri/IrsaliyeTarihi' located by 'By.xpath: //*[@id = 'gvUserInvoiceBills_DXEditor2_I']' in '30' second(s)

2021-10-21 14:27:48 - [MESSAGE][PASSED] - Keys '31.04.2020' sent to object: 'Object Repository/Olusturma/Genel/Kutular/IrsaliyeBilgileri/IrsaliyeTarihi'

2021-10-21 14:27:48 - [MESSAGE][PASSED] - Call Test Case 'Test Cases/Olusturma/Genel/Kutular/IrsaliyeBilgileri' successfully

2021-10-21 14:27:48 - [MESSAGE][INFO] - Checking called Test Case

2021-10-21 14:27:48 - [MESSAGE][INFO] - Starting to call Test Case 'Test Cases/Olusturma/Genel/EkleButonunaBasilir'

2021-10-21 14:27:48 - [TEST_CASE][PASSED] - Test Cases/Olusturma/Genel/EkleButonunaBasilir: Test Cases/Olusturma/Genel/EkleButonunaBasilir

2021-10-21 14:27:48 - [TEST_STEP][PASSED] - waitForElementClickable(findTestObject("Object Repository/Olusturma/Genel/Olusturma/Ekle"), 10): Object 'Object Repository/Olusturma/Genel/Olusturma/Ekle' is clickable

2021-10-21 14:27:48 - [MESSAGE][INFO] - Finding Test Object 'Object Repository/Olusturma/Genel/Olusturma/Ekle'

2021-10-21 14:27:48 - [MESSAGE][INFO] - Checking object

2021-10-21 14:27:48 - [MESSAGE][INFO] - Checking timeout

2021-10-21 14:27:48 - [MESSAGE][INFO] - Finding web element from Test Object's properties

2021-10-21 14:27:48 - [MESSAGE][INFO] - Checking timeout

2021-10-21 14:27:48 - [MESSAGE][INFO] - Finding web element with id: 'Object Repository/Olusturma/Genel/Olusturma/Ekle' located by 'By.cssSelector: #divmalhizmet i.fa.fa-plus.fa-lg.text-muted' in '10' second(s)

2021-10-21 14:27:48 - [MESSAGE][INFO] - Smart Wait Function is triggered

2021-10-21 14:27:48 - [MESSAGE][INFO] - Found 1 web elements with id: 'Object Repository/Olusturma/Genel/Olusturma/Ekle' located by 'By.cssSelector: #divmalhizmet i.fa.fa-plus.fa-lg.text-muted' in '10' second(s)

2021-10-21 14:27:48 - [MESSAGE][PASSED] - Object 'Object Repository/Olusturma/Genel/Olusturma/Ekle' is clickable

2021-10-21 14:27:48 - [TEST_STEP][PASSED] - click(findTestObject("Object Repository/Olusturma/Genel/Olusturma/Ekle")): Object: 'Object Repository/Olusturma/Genel/Olusturma/Ekle' is clicked on

2021-10-21 14:27:48 - [MESSAGE][INFO] - Finding Test Object 'Object Repository/Olusturma/Genel/Olusturma/Ekle'

2021-10-21 14:27:48 - [MESSAGE][INFO] - Checking object

2021-10-21 14:27:48 - [MESSAGE][INFO] - Finding web element from Test Object's properties

2021-10-21 14:27:48 - [MESSAGE][INFO] - Checking timeout

2021-10-21 14:27:48 - [MESSAGE][INFO] - Finding web element with id: 'Object Repository/Olusturma/Genel/Olusturma/Ekle' located by 'By.cssSelector: #divmalhizmet i.fa.fa-plus.fa-lg.text-muted' in '30' second(s)

2021-10-21 14:27:48 - [MESSAGE][INFO] - Smart Wait Function is triggered

2021-10-21 14:27:48 - [MESSAGE][INFO] - Found 1 web elements with id: 'Object Repository/Olusturma/Genel/Olusturma/Ekle' located by 'By.cssSelector: #divmalhizmet i.fa.fa-plus.fa-lg.text-muted' in '30' second(s)

2021-10-21 14:27:48 - [MESSAGE][INFO] - Clicking on object: 'Object Repository/Olusturma/Genel/Olusturma/Ekle'

2021-10-21 14:27:49 - [MESSAGE][PASSED] - Object: 'Object Repository/Olusturma/Genel/Olusturma/Ekle' is clicked on

2021-10-21 14:27:49 - [TEST_STEP][PASSED] - waitForElementClickable(findTestObject("Olusturma/Genel/Olusturma/EklenenSatirCarpiImage"), 10): Object 'Object Repository/Olusturma/Genel/Olusturma/EklenenSatirCarpiImage' is clickable

2021-10-21 14:27:49 - [MESSAGE][INFO] - Finding Test Object 'Object Repository/Olusturma/Genel/Olusturma/EklenenSatirCarpiImage'

2021-10-21 14:27:49 - [MESSAGE][INFO] - Checking object

2021-10-21 14:27:49 - [MESSAGE][INFO] - Checking timeout

2021-10-21 14:27:49 - [MESSAGE][INFO] - Finding web element from Test Object's properties

2021-10-21 14:27:49 - [MESSAGE][INFO] - Checking timeout

2021-10-21 14:27:49 - [MESSAGE][INFO] - Finding web element with id: 'Object Repository/Olusturma/Genel/Olusturma/EklenenSatirCarpiImage' located by 'By.cssSelector: .fa.fa-times.fa-lg.text-primary' in '10' second(s)

2021-10-21 14:27:49 - [MESSAGE][INFO] - Smart Wait Function is triggered

2021-10-21 14:27:49 - [MESSAGE][INFO] - Found 1 web elements with id: 'Object Repository/Olusturma/Genel/Olusturma/EklenenSatirCarpiImage' located by 'By.cssSelector: .fa.fa-times.fa-lg.text-primary' in '10' second(s)

2021-10-21 14:27:49 - [MESSAGE][PASSED] - Object 'Object Repository/Olusturma/Genel/Olusturma/EklenenSatirCarpiImage' is clickable

2021-10-21 14:27:49 - [MESSAGE][PASSED] - Call Test Case 'Test Cases/Olusturma/Genel/EkleButonunaBasilir' successfully

2021-10-21 14:27:49 - [MESSAGE][INFO] - Checking called Test Case

2021-10-21 14:27:49 - [MESSAGE][INFO] - Starting to call Test Case 'Test Cases/Olusturma/Genel/Olusturma'

2021-10-21 14:27:49 - [TEST_CASE][PASSED] - Test Cases/Olusturma/Genel/Olusturma: Test Cases/Olusturma/Genel/Olusturma

2021-10-21 14:27:49 - [TEST_STEP][PASSED] - driver = getWebDriver(): null

2021-10-21 14:27:49 - [TEST_STEP][PASSED] - action = new org.openqa.selenium.interactions.Actions(driver): null

2021-10-21 14:27:49 - [TEST_STEP][PASSED] - baslikElement = <not implemented yet for class: org.codehaus.groovy.ast.expr.EmptyExpression>: null

2021-10-21 14:27:49 - [TEST_STEP][PASSED] - sonElement = <not implemented yet for class: org.codehaus.groovy.ast.expr.EmptyExpression>: null

2021-10-21 14:27:49 - [TEST_STEP][PASSED] - attr = <not implemented yet for class: org.codehaus.groovy.ast.expr.EmptyExpression>: null

2021-10-21 14:27:49 - [TEST_STEP][PASSED] - a = 0: null

2021-10-21 14:27:49 - [TEST_STEP][PASSED] - elements = findWebElements(findTestObject("Object Repository/Olusturma/Genel/Olusturma/TabloBasliklari"), 10): Found 16 web elements with id: 'Object Repository/Olusturma/Genel/Olusturma/TabloBasliklari' located by 'By.cssSelector: div#divmalhizmet .dxgvTable_LECustomTheme td.dxgvHeader_LECustomTheme tr>td:nth-child(1)' in '10' second(s)

2021-10-21 14:27:49 - [MESSAGE][INFO] - Finding Test Object 'Object Repository/Olusturma/Genel/Olusturma/TabloBasliklari'

2021-10-21 14:27:49 - [MESSAGE][INFO] - Checking timeout

2021-10-21 14:27:49 - [MESSAGE][INFO] - Finding web element with id: 'Object Repository/Olusturma/Genel/Olusturma/TabloBasliklari' located by 'By.cssSelector: div#divmalhizmet .dxgvTable_LECustomTheme td.dxgvHeader_LECustomTheme tr>td:nth-child(1)' in '10' second(s)

2021-10-21 14:27:49 - [MESSAGE][INFO] - Smart Wait Function is triggered

2021-10-21 14:27:50 - [MESSAGE][INFO] - Found 16 web elements with id: 'Object Repository/Olusturma/Genel/Olusturma/TabloBasliklari' located by 'By.cssSelector: div#divmalhizmet .dxgvTable_LECustomTheme td.dxgvHeader_LECustomTheme tr>td:nth-child(1)' in '10' second(s)

2021-10-21 14:27:50 - [TEST_STEP][PASSED] - for (def element : elements): null

2021-10-21 14:27:50 - [TEST_STEP][PASSED] - build().perform(): null

2021-10-21 14:27:50 - [TEST_STEP][PASSED] - if (getText().equals(Baslik)): null

2021-10-21 14:27:50 - [TEST_STEP][PASSED] - baslikElement = element.findElement(By.xpath("../../../..")): Smart Wait Function is triggered

2021-10-21 14:27:50 - [MESSAGE][INFO] - Smart Wait Function is triggered

2021-10-21 14:27:50 - [TEST_STEP][PASSED] - attr = baslikElement.getAttribute("id"): null

2021-10-21 14:27:51 - [TEST_STEP][PASSED] - println("girdi ve idsini aldı = " + attr): null

2021-10-21 14:27:51 - [TEST_STEP][PASSED] - break: null

2021-10-21 14:27:51 - [TEST_STEP][PASSED] - countElement = baslikElement.findElements(By.xpath("../td")): Smart Wait Function is triggered

2021-10-21 14:27:51 - [MESSAGE][INFO] - Smart Wait Function is triggered

2021-10-21 14:27:51 - [TEST_STEP][PASSED] - for (def element : countElement): null

2021-10-21 14:27:51 - [TEST_STEP][PASSED] - if (toString().equals(attr.toString())): null

2021-10-21 14:27:51 - [TEST_STEP][PASSED] - (a++): null

2021-10-21 14:27:51 - [TEST_STEP][PASSED] - if (toString().equals(attr.toString())): null

2021-10-21 14:27:51 - [TEST_STEP][PASSED] - break: null

2021-10-21 14:27:51 - [TEST_STEP][PASSED] - son = findWebElement(findTestObject("Object Repository/Olusturma/Genel/Olusturma/EklenenSatir")).findElement(By.xpath("td[@class='dxgvInlineEditCell_LECustomTheme dxgv'][" + a + "]//td[@class='dxic']/input")): Smart Wait Function is triggered

2021-10-21 14:27:51 - [MESSAGE][INFO] - Finding Test Object 'Object Repository/Olusturma/Genel/Olusturma/EklenenSatir'

2021-10-21 14:27:51 - [MESSAGE][INFO] - Finding web element from Test Object's properties

2021-10-21 14:27:51 - [MESSAGE][INFO] - Checking timeout

2021-10-21 14:27:51 - [MESSAGE][INFO] - Finding web element with id: 'Object Repository/Olusturma/Genel/Olusturma/EklenenSatir' located by 'By.cssSelector: #divmalhizmet .dxgvInlineEditRow_LECustomTheme' in '30' second(s)

2021-10-21 14:27:51 - [MESSAGE][INFO] - Smart Wait Function is triggered

2021-10-21 14:27:51 - [MESSAGE][INFO] - Found 1 web elements with id: 'Object Repository/Olusturma/Genel/Olusturma/EklenenSatir' located by 'By.cssSelector: #divmalhizmet .dxgvInlineEditRow_LECustomTheme' in '30' second(s)

2021-10-21 14:27:51 - [MESSAGE][INFO] - Smart Wait Function is triggered

2021-10-21 14:27:51 - [TEST_STEP][PASSED] - if (!(getAttribute("value").contains("Vkn"))): null

2021-10-21 14:27:52 - [TEST_STEP][PASSED] - son.clear(): null

2021-10-21 14:27:52 - [TEST_STEP][PASSED] - son.sendKeys(Deger): null

2021-10-21 14:27:52 - [MESSAGE][PASSED] - Call Test Case 'Test Cases/Olusturma/Genel/Olusturma' successfully

2021-10-21 14:27:52 - [MESSAGE][INFO] - Checking called Test Case

2021-10-21 14:27:52 - [MESSAGE][INFO] - Starting to call Test Case 'Test Cases/Olusturma/Genel/Olusturma'

2021-10-21 14:27:52 - [TEST_CASE][PASSED] - Test Cases/Olusturma/Genel/Olusturma: Test Cases/Olusturma/Genel/Olusturma

2021-10-21 14:27:52 - [TEST_STEP][PASSED] - driver = getWebDriver(): null

2021-10-21 14:27:52 - [TEST_STEP][PASSED] - action = new org.openqa.selenium.interactions.Actions(driver): null

2021-10-21 14:27:52 - [TEST_STEP][PASSED] - baslikElement = <not implemented yet for class: org.codehaus.groovy.ast.expr.EmptyExpression>: null

2021-10-21 14:27:52 - [TEST_STEP][PASSED] - sonElement = <not implemented yet for class: org.codehaus.groovy.ast.expr.EmptyExpression>: null

2021-10-21 14:27:52 - [TEST_STEP][PASSED] - attr = <not implemented yet for class: org.codehaus.groovy.ast.expr.EmptyExpression>: null

2021-10-21 14:27:52 - [TEST_STEP][PASSED] - a = 0: null

2021-10-21 14:27:52 - [TEST_STEP][PASSED] - elements = findWebElements(findTestObject("Object Repository/Olusturma/Genel/Olusturma/TabloBasliklari"), 10): Found 16 web elements with id: 'Object Repository/Olusturma/Genel/Olusturma/TabloBasliklari' located by 'By.cssSelector: div#divmalhizmet .dxgvTable_LECustomTheme td.dxgvHeader_LECustomTheme tr>td:nth-child(1)' in '10' second(s)

2021-10-21 14:27:52 - [MESSAGE][INFO] - Finding Test Object 'Object Repository/Olusturma/Genel/Olusturma/TabloBasliklari'

2021-10-21 14:27:52 - [MESSAGE][INFO] - Checking timeout

2021-10-21 14:27:52 - [MESSAGE][INFO] - Finding web element with id: 'Object Repository/Olusturma/Genel/Olusturma/TabloBasliklari' located by 'By.cssSelector: div#divmalhizmet .dxgvTable_LECustomTheme td.dxgvHeader_LECustomTheme tr>td:nth-child(1)' in '10' second(s)

2021-10-21 14:27:52 - [MESSAGE][INFO] - Smart Wait Function is triggered

2021-10-21 14:27:52 - [MESSAGE][INFO] - Found 16 web elements with id: 'Object Repository/Olusturma/Genel/Olusturma/TabloBasliklari' located by 'By.cssSelector: div#divmalhizmet .dxgvTable_LECustomTheme td.dxgvHeader_LECustomTheme tr>td:nth-child(1)' in '10' second(s)

2021-10-21 14:27:52 - [TEST_STEP][PASSED] - for (def element : elements): null

2021-10-21 14:27:52 - [TEST_STEP][PASSED] - build().perform(): null

2021-10-21 14:27:52 - [TEST_STEP][PASSED] - if (getText().equals(Baslik)): null

2021-10-21 14:27:52 - [TEST_STEP][PASSED] - build().perform(): null

2021-10-21 14:27:53 - [TEST_STEP][PASSED] - if (getText().equals(Baslik)): null

2021-10-21 14:27:53 - [TEST_STEP][PASSED] - baslikElement = element.findElement(By.xpath("../../../..")): Smart Wait Function is triggered

2021-10-21 14:27:53 - [MESSAGE][INFO] - Smart Wait Function is triggered

2021-10-21 14:27:53 - [TEST_STEP][PASSED] - attr = baslikElement.getAttribute("id"): null

2021-10-21 14:27:53 - [TEST_STEP][PASSED] - println("girdi ve idsini aldı = " + attr): null

2021-10-21 14:27:53 - [TEST_STEP][PASSED] - break: null

2021-10-21 14:27:53 - [TEST_STEP][PASSED] - countElement = baslikElement.findElements(By.xpath("../td")): Smart Wait Function is triggered

2021-10-21 14:27:53 - [MESSAGE][INFO] - Smart Wait Function is triggered

2021-10-21 14:27:53 - [TEST_STEP][PASSED] - for (def element : countElement): null

2021-10-21 14:27:53 - [TEST_STEP][PASSED] - if (toString().equals(attr.toString())): null

2021-10-21 14:27:53 - [TEST_STEP][PASSED] - (a++): null

2021-10-21 14:27:53 - [TEST_STEP][PASSED] - if (toString().equals(attr.toString())): null

2021-10-21 14:27:53 - [TEST_STEP][PASSED] - (a++): null

2021-10-21 14:27:53 - [TEST_STEP][PASSED] - if (toString().equals(attr.toString())): null

2021-10-21 14:27:53 - [TEST_STEP][PASSED] - break: null

2021-10-21 14:27:53 - [TEST_STEP][PASSED] - son = findWebElement(findTestObject("Object Repository/Olusturma/Genel/Olusturma/EklenenSatir")).findElement(By.xpath("td[@class='dxgvInlineEditCell_LECustomTheme dxgv'][" + a + "]//td[@class='dxic']/input")): Smart Wait Function is triggered

2021-10-21 14:27:53 - [MESSAGE][INFO] - Finding Test Object 'Object Repository/Olusturma/Genel/Olusturma/EklenenSatir'

2021-10-21 14:27:53 - [MESSAGE][INFO] - Finding web element from Test Object's properties

2021-10-21 14:27:53 - [MESSAGE][INFO] - Checking timeout

2021-10-21 14:27:53 - [MESSAGE][INFO] - Finding web element with id: 'Object Repository/Olusturma/Genel/Olusturma/EklenenSatir' located by 'By.cssSelector: #divmalhizmet .dxgvInlineEditRow_LECustomTheme' in '30' second(s)

2021-10-21 14:27:53 - [MESSAGE][INFO] - Smart Wait Function is triggered

2021-10-21 14:27:54 - [MESSAGE][INFO] - Found 1 web elements with id: 'Object Repository/Olusturma/Genel/Olusturma/EklenenSatir' located by 'By.cssSelector: #divmalhizmet .dxgvInlineEditRow_LECustomTheme' in '30' second(s)

2021-10-21 14:27:54 - [MESSAGE][INFO] - Smart Wait Function is triggered

2021-10-21 14:27:54 - [TEST_STEP][PASSED] - if (!(getAttribute("value").contains("Vkn"))): null

2021-10-21 14:27:54 - [TEST_STEP][PASSED] - son.clear(): null

2021-10-21 14:27:54 - [TEST_STEP][PASSED] - son.sendKeys(Deger): null

2021-10-21 14:27:54 - [MESSAGE][PASSED] - Call Test Case 'Test Cases/Olusturma/Genel/Olusturma' successfully

2021-10-21 14:27:54 - [MESSAGE][INFO] - Checking called Test Case

2021-10-21 14:27:54 - [MESSAGE][INFO] - Starting to call Test Case 'Test Cases/Olusturma/Genel/Olusturma'

2021-10-21 14:27:54 - [TEST_CASE][PASSED] - Test Cases/Olusturma/Genel/Olusturma: Test Cases/Olusturma/Genel/Olusturma

2021-10-21 14:27:54 - [TEST_STEP][PASSED] - driver = getWebDriver(): null

2021-10-21 14:27:54 - [TEST_STEP][PASSED] - action = new org.openqa.selenium.interactions.Actions(driver): null

2021-10-21 14:27:54 - [TEST_STEP][PASSED] - baslikElement = <not implemented yet for class: org.codehaus.groovy.ast.expr.EmptyExpression>: null

2021-10-21 14:27:54 - [TEST_STEP][PASSED] - sonElement = <not implemented yet for class: org.codehaus.groovy.ast.expr.EmptyExpression>: null

2021-10-21 14:27:54 - [TEST_STEP][PASSED] - attr = <not implemented yet for class: org.codehaus.groovy.ast.expr.EmptyExpression>: null

2021-10-21 14:27:54 - [TEST_STEP][PASSED] - a = 0: null

2021-10-21 14:27:54 - [TEST_STEP][PASSED] - elements = findWebElements(findTestObject("Object Repository/Olusturma/Genel/Olusturma/TabloBasliklari"), 10): Found 16 web elements with id: 'Object Repository/Olusturma/Genel/Olusturma/TabloBasliklari' located by 'By.cssSelector: div#divmalhizmet .dxgvTable_LECustomTheme td.dxgvHeader_LECustomTheme tr>td:nth-child(1)' in '10' second(s)

2021-10-21 14:27:54 - [MESSAGE][INFO] - Finding Test Object 'Object Repository/Olusturma/Genel/Olusturma/TabloBasliklari'

2021-10-21 14:27:54 - [MESSAGE][INFO] - Checking timeout

2021-10-21 14:27:54 - [MESSAGE][INFO] - Finding web element with id: 'Object Repository/Olusturma/Genel/Olusturma/TabloBasliklari' located by 'By.cssSelector: div#divmalhizmet .dxgvTable_LECustomTheme td.dxgvHeader_LECustomTheme tr>td:nth-child(1)' in '10' second(s)

2021-10-21 14:27:54 - [MESSAGE][INFO] - Smart Wait Function is triggered

2021-10-21 14:27:55 - [MESSAGE][INFO] - Found 16 web elements with id: 'Object Repository/Olusturma/Genel/Olusturma/TabloBasliklari' located by 'By.cssSelector: div#divmalhizmet .dxgvTable_LECustomTheme td.dxgvHeader_LECustomTheme tr>td:nth-child(1)' in '10' second(s)

2021-10-21 14:27:55 - [TEST_STEP][PASSED] - for (def element : elements): null

2021-10-21 14:27:55 - [TEST_STEP][PASSED] - build().perform(): null

2021-10-21 14:27:55 - [TEST_STEP][PASSED] - if (getText().equals(Baslik)): null

2021-10-21 14:27:55 - [TEST_STEP][PASSED] - build().perform(): null

2021-10-21 14:27:55 - [TEST_STEP][PASSED] - if (getText().equals(Baslik)): null

2021-10-21 14:27:55 - [TEST_STEP][PASSED] - build().perform(): null

2021-10-21 14:27:55 - [TEST_STEP][PASSED] - if (getText().equals(Baslik)): null

2021-10-21 14:27:55 - [TEST_STEP][PASSED] - build().perform(): null

2021-10-21 14:27:55 - [TEST_STEP][PASSED] - if (getText().equals(Baslik)): null

2021-10-21 14:27:55 - [TEST_STEP][PASSED] - baslikElement = element.findElement(By.xpath("../../../..")): Smart Wait Function is triggered

2021-10-21 14:27:55 - [MESSAGE][INFO] - Smart Wait Function is triggered

2021-10-21 14:27:55 - [TEST_STEP][PASSED] - attr = baslikElement.getAttribute("id"): null

2021-10-21 14:27:55 - [TEST_STEP][PASSED] - println("girdi ve idsini aldı = " + attr): null

2021-10-21 14:27:55 - [TEST_STEP][PASSED] - break: null

2021-10-21 14:27:55 - [TEST_STEP][PASSED] - countElement = baslikElement.findElements(By.xpath("../td")): Smart Wait Function is triggered

2021-10-21 14:27:55 - [MESSAGE][INFO] - Smart Wait Function is triggered

2021-10-21 14:27:56 - [TEST_STEP][PASSED] - for (def element : countElement): null

2021-10-21 14:27:56 - [TEST_STEP][PASSED] - if (toString().equals(attr.toString())): null

2021-10-21 14:27:56 - [TEST_STEP][PASSED] - (a++): null

2021-10-21 14:27:56 - [TEST_STEP][PASSED] - if (toString().equals(attr.toString())): null

2021-10-21 14:27:56 - [TEST_STEP][PASSED] - (a++): null

2021-10-21 14:27:56 - [TEST_STEP][PASSED] - if (toString().equals(attr.toString())): null

2021-10-21 14:27:56 - [TEST_STEP][PASSED] - (a++): null

2021-10-21 14:27:56 - [TEST_STEP][PASSED] - if (toString().equals(attr.toString())): null

2021-10-21 14:27:56 - [TEST_STEP][PASSED] - (a++): null

2021-10-21 14:27:56 - [TEST_STEP][PASSED] - if (toString().equals(attr.toString())): null

2021-10-21 14:27:56 - [TEST_STEP][PASSED] - break: null

2021-10-21 14:27:56 - [TEST_STEP][PASSED] - son = findWebElement(findTestObject("Object Repository/Olusturma/Genel/Olusturma/EklenenSatir")).findElement(By.xpath("td[@class='dxgvInlineEditCell_LECustomTheme dxgv'][" + a + "]//td[@class='dxic']/input")): Smart Wait Function is triggered

2021-10-21 14:27:56 - [MESSAGE][INFO] - Finding Test Object 'Object Repository/Olusturma/Genel/Olusturma/EklenenSatir'

2021-10-21 14:27:56 - [MESSAGE][INFO] - Finding web element from Test Object's properties

2021-10-21 14:27:56 - [MESSAGE][INFO] - Checking timeout

2021-10-21 14:27:56 - [MESSAGE][INFO] - Finding web element with id: 'Object Repository/Olusturma/Genel/Olusturma/EklenenSatir' located by 'By.cssSelector: #divmalhizmet .dxgvInlineEditRow_LECustomTheme' in '30' second(s)

2021-10-21 14:27:56 - [MESSAGE][INFO] - Smart Wait Function is triggered

2021-10-21 14:27:56 - [MESSAGE][INFO] - Found 1 web elements with id: 'Object Repository/Olusturma/Genel/Olusturma/EklenenSatir' located by 'By.cssSelector: #divmalhizmet .dxgvInlineEditRow_LECustomTheme' in '30' second(s)

2021-10-21 14:27:56 - [MESSAGE][INFO] - Smart Wait Function is triggered

2021-10-21 14:27:56 - [TEST_STEP][PASSED] - if (!(getAttribute("value").contains("Vkn"))): null

2021-10-21 14:27:56 - [TEST_STEP][PASSED] - son.clear(): null

2021-10-21 14:27:57 - [TEST_STEP][PASSED] - son.sendKeys(Deger): null

2021-10-21 14:27:57 - [MESSAGE][PASSED] - Call Test Case 'Test Cases/Olusturma/Genel/Olusturma' successfully

2021-10-21 14:27:57 - [MESSAGE][INFO] - Checking called Test Case

2021-10-21 14:27:57 - [MESSAGE][INFO] - Starting to call Test Case 'Test Cases/Olusturma/Genel/Olusturma'

2021-10-21 14:27:57 - [TEST_CASE][PASSED] - Test Cases/Olusturma/Genel/Olusturma: Test Cases/Olusturma/Genel/Olusturma

2021-10-21 14:27:57 - [TEST_STEP][PASSED] - driver = getWebDriver(): null

2021-10-21 14:27:57 - [TEST_STEP][PASSED] - action = new org.openqa.selenium.interactions.Actions(driver): null

2021-10-21 14:27:57 - [TEST_STEP][PASSED] - baslikElement = <not implemented yet for class: org.codehaus.groovy.ast.expr.EmptyExpression>: null

2021-10-21 14:27:57 - [TEST_STEP][PASSED] - sonElement = <not implemented yet for class: org.codehaus.groovy.ast.expr.EmptyExpression>: null

2021-10-21 14:27:57 - [TEST_STEP][PASSED] - attr = <not implemented yet for class: org.codehaus.groovy.ast.expr.EmptyExpression>: null

2021-10-21 14:27:57 - [TEST_STEP][PASSED] - a = 0: null

2021-10-21 14:27:57 - [TEST_STEP][PASSED] - elements = findWebElements(findTestObject("Object Repository/Olusturma/Genel/Olusturma/TabloBasliklari"), 10): Found 16 web elements with id: 'Object Repository/Olusturma/Genel/Olusturma/TabloBasliklari' located by 'By.cssSelector: div#divmalhizmet .dxgvTable_LECustomTheme td.dxgvHeader_LECustomTheme tr>td:nth-child(1)' in '10' second(s)

2021-10-21 14:27:57 - [MESSAGE][INFO] - Finding Test Object 'Object Repository/Olusturma/Genel/Olusturma/TabloBasliklari'

2021-10-21 14:27:57 - [MESSAGE][INFO] - Checking timeout

2021-10-21 14:27:57 - [MESSAGE][INFO] - Finding web element with id: 'Object Repository/Olusturma/Genel/Olusturma/TabloBasliklari' located by 'By.cssSelector: div#divmalhizmet .dxgvTable_LECustomTheme td.dxgvHeader_LECustomTheme tr>td:nth-child(1)' in '10' second(s)

2021-10-21 14:27:57 - [MESSAGE][INFO] - Smart Wait Function is triggered

2021-10-21 14:27:57 - [MESSAGE][INFO] - Found 16 web elements with id: 'Object Repository/Olusturma/Genel/Olusturma/TabloBasliklari' located by 'By.cssSelector: div#divmalhizmet .dxgvTable_LECustomTheme td.dxgvHeader_LECustomTheme tr>td:nth-child(1)' in '10' second(s)

2021-10-21 14:27:57 - [TEST_STEP][PASSED] - for (def element : elements): null

2021-10-21 14:27:57 - [TEST_STEP][PASSED] - build().perform(): null

2021-10-21 14:27:57 - [TEST_STEP][PASSED] - if (getText().equals(Baslik)): null

2021-10-21 14:27:57 - [TEST_STEP][PASSED] - build().perform(): null

2021-10-21 14:27:57 - [TEST_STEP][PASSED] - if (getText().equals(Baslik)): null

2021-10-21 14:27:57 - [TEST_STEP][PASSED] - build().perform(): null

2021-10-21 14:27:57 - [TEST_STEP][PASSED] - if (getText().equals(Baslik)): null

2021-10-21 14:27:57 - [TEST_STEP][PASSED] - build().perform(): null

2021-10-21 14:27:58 - [TEST_STEP][PASSED] - if (getText().equals(Baslik)): null

2021-10-21 14:27:58 - [TEST_STEP][PASSED] - build().perform(): null

2021-10-21 14:27:58 - [TEST_STEP][PASSED] - if (getText().equals(Baslik)): null

2021-10-21 14:27:58 - [TEST_STEP][PASSED] - baslikElement = element.findElement(By.xpath("../../../..")): Smart Wait Function is triggered

2021-10-21 14:27:58 - [MESSAGE][INFO] - Smart Wait Function is triggered

2021-10-21 14:27:58 - [TEST_STEP][PASSED] - attr = baslikElement.getAttribute("id"): null

2021-10-21 14:27:58 - [TEST_STEP][PASSED] - println("girdi ve idsini aldı = " + attr): null

2021-10-21 14:27:58 - [TEST_STEP][PASSED] - break: null

2021-10-21 14:27:58 - [TEST_STEP][PASSED] - countElement = baslikElement.findElements(By.xpath("../td")): Smart Wait Function is triggered

2021-10-21 14:27:58 - [MESSAGE][INFO] - Smart Wait Function is triggered

2021-10-21 14:27:58 - [TEST_STEP][PASSED] - for (def element : countElement): null

2021-10-21 14:27:58 - [TEST_STEP][PASSED] - if (toString().equals(attr.toString())): null

2021-10-21 14:27:58 - [TEST_STEP][PASSED] - (a++): null

2021-10-21 14:27:58 - [TEST_STEP][PASSED] - if (toString().equals(attr.toString())): null

2021-10-21 14:27:58 - [TEST_STEP][PASSED] - (a++): null

2021-10-21 14:27:58 - [TEST_STEP][PASSED] - if (toString().equals(attr.toString())): null

2021-10-21 14:27:58 - [TEST_STEP][PASSED] - (a++): null

2021-10-21 14:27:58 - [TEST_STEP][PASSED] - if (toString().equals(attr.toString())): null

2021-10-21 14:27:58 - [TEST_STEP][PASSED] - (a++): null

2021-10-21 14:27:58 - [TEST_STEP][PASSED] - if (toString().equals(attr.toString())): null

2021-10-21 14:27:58 - [TEST_STEP][PASSED] - (a++): null

2021-10-21 14:27:58 - [TEST_STEP][PASSED] - if (toString().equals(attr.toString())): null

2021-10-21 14:27:58 - [TEST_STEP][PASSED] - break: null

2021-10-21 14:27:58 - [TEST_STEP][PASSED] - son = findWebElement(findTestObject("Object Repository/Olusturma/Genel/Olusturma/EklenenSatir")).findElement(By.xpath("td[@class='dxgvInlineEditCell_LECustomTheme dxgv'][" + a + "]//td[@class='dxic']/input")): Smart Wait Function is triggered

2021-10-21 14:27:58 - [MESSAGE][INFO] - Finding Test Object 'Object Repository/Olusturma/Genel/Olusturma/EklenenSatir'

2021-10-21 14:27:59 - [MESSAGE][INFO] - Finding web element from Test Object's properties

2021-10-21 14:27:59 - [MESSAGE][INFO] - Checking timeout

2021-10-21 14:27:59 - [MESSAGE][INFO] - Finding web element with id: 'Object Repository/Olusturma/Genel/Olusturma/EklenenSatir' located by 'By.cssSelector: #divmalhizmet .dxgvInlineEditRow_LECustomTheme' in '30' second(s)

2021-10-21 14:27:59 - [MESSAGE][INFO] - Smart Wait Function is triggered

2021-10-21 14:27:59 - [MESSAGE][INFO] - Found 1 web elements with id: 'Object Repository/Olusturma/Genel/Olusturma/EklenenSatir' located by 'By.cssSelector: #divmalhizmet .dxgvInlineEditRow_LECustomTheme' in '30' second(s)

2021-10-21 14:27:59 - [MESSAGE][INFO] - Smart Wait Function is triggered

2021-10-21 14:27:59 - [TEST_STEP][PASSED] - if (!(getAttribute("value").contains("Vkn"))): null

2021-10-21 14:27:59 - [TEST_STEP][PASSED] - else: null

2021-10-21 14:27:59 - [TEST_STEP][PASSED] - son.click(): null

2021-10-21 14:27:59 - [TEST_STEP][PASSED] - son.sendKeys(Deger): null

2021-10-21 14:27:59 - [MESSAGE][PASSED] - Call Test Case 'Test Cases/Olusturma/Genel/Olusturma' successfully

2021-10-21 14:27:59 - [MESSAGE][INFO] - Checking called Test Case

2021-10-21 14:27:59 - [MESSAGE][INFO] - Starting to call Test Case 'Test Cases/Olusturma/Genel/Olusturma'

2021-10-21 14:27:59 - [TEST_CASE][PASSED] - Test Cases/Olusturma/Genel/Olusturma: Test Cases/Olusturma/Genel/Olusturma

2021-10-21 14:27:59 - [TEST_STEP][PASSED] - driver = getWebDriver(): null

2021-10-21 14:27:59 - [TEST_STEP][PASSED] - action = new org.openqa.selenium.interactions.Actions(driver): null

2021-10-21 14:27:59 - [TEST_STEP][PASSED] - baslikElement = <not implemented yet for class: org.codehaus.groovy.ast.expr.EmptyExpression>: null

2021-10-21 14:27:59 - [TEST_STEP][PASSED] - sonElement = <not implemented yet for class: org.codehaus.groovy.ast.expr.EmptyExpression>: null

2021-10-21 14:27:59 - [TEST_STEP][PASSED] - attr = <not implemented yet for class: org.codehaus.groovy.ast.expr.EmptyExpression>: null

2021-10-21 14:27:59 - [TEST_STEP][PASSED] - a = 0: null

2021-10-21 14:27:59 - [TEST_STEP][PASSED] - elements = findWebElements(findTestObject("Object Repository/Olusturma/Genel/Olusturma/TabloBasliklari"), 10): Found 16 web elements with id: 'Object Repository/Olusturma/Genel/Olusturma/TabloBasliklari' located by 'By.cssSelector: div#divmalhizmet .dxgvTable_LECustomTheme td.dxgvHeader_LECustomTheme tr>td:nth-child(1)' in '10' second(s)

2021-10-21 14:27:59 - [MESSAGE][INFO] - Finding Test Object 'Object Repository/Olusturma/Genel/Olusturma/TabloBasliklari'

2021-10-21 14:27:59 - [MESSAGE][INFO] - Checking timeout

2021-10-21 14:27:59 - [MESSAGE][INFO] - Finding web element with id: 'Object Repository/Olusturma/Genel/Olusturma/TabloBasliklari' located by 'By.cssSelector: div#divmalhizmet .dxgvTable_LECustomTheme td.dxgvHeader_LECustomTheme tr>td:nth-child(1)' in '10' second(s)

2021-10-21 14:27:59 - [MESSAGE][INFO] - Smart Wait Function is triggered

2021-10-21 14:28:00 - [MESSAGE][INFO] - Found 16 web elements with id: 'Object Repository/Olusturma/Genel/Olusturma/TabloBasliklari' located by 'By.cssSelector: div#divmalhizmet .dxgvTable_LECustomTheme td.dxgvHeader_LECustomTheme tr>td:nth-child(1)' in '10' second(s)

2021-10-21 14:28:00 - [TEST_STEP][PASSED] - for (def element : elements): null

2021-10-21 14:28:00 - [TEST_STEP][PASSED] - build().perform(): null

2021-10-21 14:28:00 - [TEST_STEP][PASSED] - if (getText().equals(Baslik)): null

2021-10-21 14:28:00 - [TEST_STEP][PASSED] - build().perform(): null

2021-10-21 14:28:00 - [TEST_STEP][PASSED] - if (getText().equals(Baslik)): null

2021-10-21 14:28:00 - [TEST_STEP][PASSED] - build().perform(): null

2021-10-21 14:28:00 - [TEST_STEP][PASSED] - if (getText().equals(Baslik)): null

2021-10-21 14:28:00 - [TEST_STEP][PASSED] - build().perform(): null

2021-10-21 14:28:00 - [TEST_STEP][PASSED] - if (getText().equals(Baslik)): null

2021-10-21 14:28:00 - [TEST_STEP][PASSED] - build().perform(): null

2021-10-21 14:28:01 - [TEST_STEP][PASSED] - if (getText().equals(Baslik)): null

2021-10-21 14:28:01 - [TEST_STEP][PASSED] - build().perform(): null

2021-10-21 14:28:01 - [TEST_STEP][PASSED] - if (getText().equals(Baslik)): null

2021-10-21 14:28:01 - [TEST_STEP][PASSED] - baslikElement = element.findElement(By.xpath("../../../..")): Smart Wait Function is triggered

2021-10-21 14:28:01 - [MESSAGE][INFO] - Smart Wait Function is triggered

2021-10-21 14:28:01 - [TEST_STEP][PASSED] - attr = baslikElement.getAttribute("id"): null

2021-10-21 14:28:01 - [TEST_STEP][PASSED] - println("girdi ve idsini aldı = " + attr): null

2021-10-21 14:28:01 - [TEST_STEP][PASSED] - break: null

2021-10-21 14:28:01 - [TEST_STEP][PASSED] - countElement = baslikElement.findElements(By.xpath("../td")): Smart Wait Function is triggered

2021-10-21 14:28:01 - [MESSAGE][INFO] - Smart Wait Function is triggered

2021-10-21 14:28:01 - [TEST_STEP][PASSED] - for (def element : countElement): null

2021-10-21 14:28:01 - [TEST_STEP][PASSED] - if (toString().equals(attr.toString())): null

2021-10-21 14:28:01 - [TEST_STEP][PASSED] - (a++): null

2021-10-21 14:28:01 - [TEST_STEP][PASSED] - if (toString().equals(attr.toString())): null

2021-10-21 14:28:01 - [TEST_STEP][PASSED] - (a++): null

2021-10-21 14:28:01 - [TEST_STEP][PASSED] - if (toString().equals(attr.toString())): null

2021-10-21 14:28:01 - [TEST_STEP][PASSED] - (a++): null

2021-10-21 14:28:01 - [TEST_STEP][PASSED] - if (toString().equals(attr.toString())): null

2021-10-21 14:28:01 - [TEST_STEP][PASSED] - (a++): null

2021-10-21 14:28:01 - [TEST_STEP][PASSED] - if (toString().equals(attr.toString())): null

2021-10-21 14:28:02 - [TEST_STEP][PASSED] - (a++): null

2021-10-21 14:28:02 - [TEST_STEP][PASSED] - if (toString().equals(attr.toString())): null

2021-10-21 14:28:02 - [TEST_STEP][PASSED] - (a++): null

2021-10-21 14:28:02 - [TEST_STEP][PASSED] - if (toString().equals(attr.toString())): null

2021-10-21 14:28:02 - [TEST_STEP][PASSED] - break: null

2021-10-21 14:28:02 - [TEST_STEP][PASSED] - son = findWebElement(findTestObject("Object Repository/Olusturma/Genel/Olusturma/EklenenSatir")).findElement(By.xpath("td[@class='dxgvInlineEditCell_LECustomTheme dxgv'][" + a + "]//td[@class='dxic']/input")): Smart Wait Function is triggered

2021-10-21 14:28:02 - [MESSAGE][INFO] - Finding Test Object 'Object Repository/Olusturma/Genel/Olusturma/EklenenSatir'

2021-10-21 14:28:02 - [MESSAGE][INFO] - Finding web element from Test Object's properties

2021-10-21 14:28:02 - [MESSAGE][INFO] - Checking timeout

2021-10-21 14:28:02 - [MESSAGE][INFO] - Finding web element with id: 'Object Repository/Olusturma/Genel/Olusturma/EklenenSatir' located by 'By.cssSelector: #divmalhizmet .dxgvInlineEditRow_LECustomTheme' in '30' second(s)

2021-10-21 14:28:02 - [MESSAGE][INFO] - Smart Wait Function is triggered

2021-10-21 14:28:02 - [MESSAGE][INFO] - Found 1 web elements with id: 'Object Repository/Olusturma/Genel/Olusturma/EklenenSatir' located by 'By.cssSelector: #divmalhizmet .dxgvInlineEditRow_LECustomTheme' in '30' second(s)

2021-10-21 14:28:02 - [MESSAGE][INFO] - Smart Wait Function is triggered

2021-10-21 14:28:02 - [TEST_STEP][PASSED] - if (!(getAttribute("value").contains("Vkn"))): null

2021-10-21 14:28:02 - [TEST_STEP][PASSED] - son.clear(): null

2021-10-21 14:28:02 - [TEST_STEP][PASSED] - son.sendKeys(Deger): null

2021-10-21 14:28:03 - [MESSAGE][PASSED] - Call Test Case 'Test Cases/Olusturma/Genel/Olusturma' successfully

2021-10-21 14:28:03 - [MESSAGE][INFO] - Checking called Test Case

2021-10-21 14:28:03 - [MESSAGE][INFO] - Starting to call Test Case 'Test Cases/Olusturma/Genel/Olusturma'

2021-10-21 14:28:03 - [TEST_CASE][PASSED] - Test Cases/Olusturma/Genel/Olusturma: Test Cases/Olusturma/Genel/Olusturma

2021-10-21 14:28:03 - [TEST_STEP][PASSED] - driver = getWebDriver(): null

2021-10-21 14:28:03 - [TEST_STEP][PASSED] - action = new org.openqa.selenium.interactions.Actions(driver): null

2021-10-21 14:28:03 - [TEST_STEP][PASSED] - baslikElement = <not implemented yet for class: org.codehaus.groovy.ast.expr.EmptyExpression>: null

2021-10-21 14:28:03 - [TEST_STEP][PASSED] - sonElement = <not implemented yet for class: org.codehaus.groovy.ast.expr.EmptyExpression>: null

2021-10-21 14:28:03 - [TEST_STEP][PASSED] - attr = <not implemented yet for class: org.codehaus.groovy.ast.expr.EmptyExpression>: null

2021-10-21 14:28:03 - [TEST_STEP][PASSED] - a = 0: null

2021-10-21 14:28:03 - [TEST_STEP][PASSED] - elements = findWebElements(findTestObject("Object Repository/Olusturma/Genel/Olusturma/TabloBasliklari"), 10): Found 16 web elements with id: 'Object Repository/Olusturma/Genel/Olusturma/TabloBasliklari' located by 'By.cssSelector: div#divmalhizmet .dxgvTable_LECustomTheme td.dxgvHeader_LECustomTheme tr>td:nth-child(1)' in '10' second(s)

2021-10-21 14:28:03 - [MESSAGE][INFO] - Finding Test Object 'Object Repository/Olusturma/Genel/Olusturma/TabloBasliklari'

2021-10-21 14:28:03 - [MESSAGE][INFO] - Checking timeout

2021-10-21 14:28:03 - [MESSAGE][INFO] - Finding web element with id: 'Object Repository/Olusturma/Genel/Olusturma/TabloBasliklari' located by 'By.cssSelector: div#divmalhizmet .dxgvTable_LECustomTheme td.dxgvHeader_LECustomTheme tr>td:nth-child(1)' in '10' second(s)

2021-10-21 14:28:03 - [MESSAGE][INFO] - Smart Wait Function is triggered

2021-10-21 14:28:03 - [MESSAGE][INFO] - Found 16 web elements with id: 'Object Repository/Olusturma/Genel/Olusturma/TabloBasliklari' located by 'By.cssSelector: div#divmalhizmet .dxgvTable_LECustomTheme td.dxgvHeader_LECustomTheme tr>td:nth-child(1)' in '10' second(s)

2021-10-21 14:28:03 - [TEST_STEP][PASSED] - for (def element : elements): null

2021-10-21 14:28:03 - [TEST_STEP][PASSED] - build().perform(): null

2021-10-21 14:28:03 - [TEST_STEP][PASSED] - if (getText().equals(Baslik)): null

2021-10-21 14:28:03 - [TEST_STEP][PASSED] - build().perform(): null

2021-10-21 14:28:03 - [TEST_STEP][PASSED] - if (getText().equals(Baslik)): null

2021-10-21 14:28:03 - [TEST_STEP][PASSED] - build().perform(): null

2021-10-21 14:28:04 - [TEST_STEP][PASSED] - if (getText().equals(Baslik)): null

2021-10-21 14:28:04 - [TEST_STEP][PASSED] - build().perform(): null

2021-10-21 14:28:04 - [TEST_STEP][PASSED] - if (getText().equals(Baslik)): null

2021-10-21 14:28:04 - [TEST_STEP][PASSED] - build().perform(): null

2021-10-21 14:28:04 - [TEST_STEP][PASSED] - if (getText().equals(Baslik)): null

2021-10-21 14:28:04 - [TEST_STEP][PASSED] - build().perform(): null

2021-10-21 14:28:04 - [TEST_STEP][PASSED] - if (getText().equals(Baslik)): null

2021-10-21 14:28:04 - [TEST_STEP][PASSED] - build().perform(): null

2021-10-21 14:28:04 - [TEST_STEP][PASSED] - if (getText().equals(Baslik)): null

2021-10-21 14:28:04 - [TEST_STEP][PASSED] - baslikElement = element.findElement(By.xpath("../../../..")): Smart Wait Function is triggered

2021-10-21 14:28:04 - [MESSAGE][INFO] - Smart Wait Function is triggered

2021-10-21 14:28:04 - [TEST_STEP][PASSED] - attr = baslikElement.getAttribute("id"): null

2021-10-21 14:28:04 - [TEST_STEP][PASSED] - println("girdi ve idsini aldı = " + attr): null

2021-10-21 14:28:04 - [TEST_STEP][PASSED] - break: null

2021-10-21 14:28:04 - [TEST_STEP][PASSED] - countElement = baslikElement.findElements(By.xpath("../td")): Smart Wait Function is triggered

2021-10-21 14:28:04 - [MESSAGE][INFO] - Smart Wait Function is triggered

2021-10-21 14:28:05 - [TEST_STEP][PASSED] - for (def element : countElement): null

2021-10-21 14:28:05 - [TEST_STEP][PASSED] - if (toString().equals(attr.toString())): null

2021-10-21 14:28:05 - [TEST_STEP][PASSED] - (a++): null

2021-10-21 14:28:05 - [TEST_STEP][PASSED] - if (toString().equals(attr.toString())): null

2021-10-21 14:28:05 - [TEST_STEP][PASSED] - (a++): null

2021-10-21 14:28:05 - [TEST_STEP][PASSED] - if (toString().equals(attr.toString())): null

2021-10-21 14:28:05 - [TEST_STEP][PASSED] - (a++): null

2021-10-21 14:28:05 - [TEST_STEP][PASSED] - if (toString().equals(attr.toString())): null

2021-10-21 14:28:05 - [TEST_STEP][PASSED] - (a++): null

2021-10-21 14:28:05 - [TEST_STEP][PASSED] - if (toString().equals(attr.toString())): null

2021-10-21 14:28:05 - [TEST_STEP][PASSED] - (a++): null

2021-10-21 14:28:05 - [TEST_STEP][PASSED] - if (toString().equals(attr.toString())): null

2021-10-21 14:28:05 - [TEST_STEP][PASSED] - (a++): null

2021-10-21 14:28:05 - [TEST_STEP][PASSED] - if (toString().equals(attr.toString())): null

2021-10-21 14:28:05 - [TEST_STEP][PASSED] - (a++): null

2021-10-21 14:28:05 - [TEST_STEP][PASSED] - if (toString().equals(attr.toString())): null

2021-10-21 14:28:05 - [TEST_STEP][PASSED] - break: null

2021-10-21 14:28:05 - [TEST_STEP][PASSED] - son = findWebElement(findTestObject("Object Repository/Olusturma/Genel/Olusturma/EklenenSatir")).findElement(By.xpath("td[@class='dxgvInlineEditCell_LECustomTheme dxgv'][" + a + "]//td[@class='dxic']/input")): Smart Wait Function is triggered

2021-10-21 14:28:05 - [MESSAGE][INFO] - Finding Test Object 'Object Repository/Olusturma/Genel/Olusturma/EklenenSatir'

2021-10-21 14:28:05 - [MESSAGE][INFO] - Finding web element from Test Object's properties

2021-10-21 14:28:05 - [MESSAGE][INFO] - Checking timeout

2021-10-21 14:28:05 - [MESSAGE][INFO] - Finding web element with id: 'Object Repository/Olusturma/Genel/Olusturma/EklenenSatir' located by 'By.cssSelector: #divmalhizmet .dxgvInlineEditRow_LECustomTheme' in '30' second(s)

2021-10-21 14:28:05 - [MESSAGE][INFO] - Smart Wait Function is triggered

2021-10-21 14:28:05 - [MESSAGE][INFO] - Found 1 web elements with id: 'Object Repository/Olusturma/Genel/Olusturma/EklenenSatir' located by 'By.cssSelector: #divmalhizmet .dxgvInlineEditRow_LECustomTheme' in '30' second(s)

2021-10-21 14:28:05 - [MESSAGE][INFO] - Smart Wait Function is triggered

2021-10-21 14:28:05 - [TEST_STEP][PASSED] - if (!(getAttribute("value").contains("Vkn"))): null

2021-10-21 14:28:05 - [TEST_STEP][PASSED] - son.clear(): null

2021-10-21 14:28:05 - [TEST_STEP][PASSED] - son.sendKeys(Deger): null

2021-10-21 14:28:06 - [MESSAGE][PASSED] - Call Test Case 'Test Cases/Olusturma/Genel/Olusturma' successfully

2021-10-21 14:28:06 - [MESSAGE][INFO] - Checking called Test Case

2021-10-21 14:28:06 - [MESSAGE][INFO] - Starting to call Test Case 'Test Cases/Olusturma/Genel/Olusturma'

2021-10-21 14:28:06 - [TEST_CASE][PASSED] - Test Cases/Olusturma/Genel/Olusturma: Test Cases/Olusturma/Genel/Olusturma

2021-10-21 14:28:06 - [TEST_STEP][PASSED] - driver = getWebDriver(): null

2021-10-21 14:28:06 - [TEST_STEP][PASSED] - action = new org.openqa.selenium.interactions.Actions(driver): null

2021-10-21 14:28:06 - [TEST_STEP][PASSED] - baslikElement = <not implemented yet for class: org.codehaus.groovy.ast.expr.EmptyExpression>: null

2021-10-21 14:28:06 - [TEST_STEP][PASSED] - sonElement = <not implemented yet for class: org.codehaus.groovy.ast.expr.EmptyExpression>: null

2021-10-21 14:28:06 - [TEST_STEP][PASSED] - attr = <not implemented yet for class: org.codehaus.groovy.ast.expr.EmptyExpression>: null

2021-10-21 14:28:06 - [TEST_STEP][PASSED] - a = 0: null

2021-10-21 14:28:06 - [TEST_STEP][PASSED] - elements = findWebElements(findTestObject("Object Repository/Olusturma/Genel/Olusturma/TabloBasliklari"), 10): Found 16 web elements with id: 'Object Repository/Olusturma/Genel/Olusturma/TabloBasliklari' located by 'By.cssSelector: div#divmalhizmet .dxgvTable_LECustomTheme td.dxgvHeader_LECustomTheme tr>td:nth-child(1)' in '10' second(s)

2021-10-21 14:28:06 - [MESSAGE][INFO] - Finding Test Object 'Object Repository/Olusturma/Genel/Olusturma/TabloBasliklari'

2021-10-21 14:28:06 - [MESSAGE][INFO] - Checking timeout

2021-10-21 14:28:06 - [MESSAGE][INFO] - Finding web element with id: 'Object Repository/Olusturma/Genel/Olusturma/TabloBasliklari' located by 'By.cssSelector: div#divmalhizmet .dxgvTable_LECustomTheme td.dxgvHeader_LECustomTheme tr>td:nth-child(1)' in '10' second(s)

2021-10-21 14:28:06 - [MESSAGE][INFO] - Smart Wait Function is triggered

2021-10-21 14:28:06 - [MESSAGE][INFO] - Found 16 web elements with id: 'Object Repository/Olusturma/Genel/Olusturma/TabloBasliklari' located by 'By.cssSelector: div#divmalhizmet .dxgvTable_LECustomTheme td.dxgvHeader_LECustomTheme tr>td:nth-child(1)' in '10' second(s)

2021-10-21 14:28:06 - [TEST_STEP][PASSED] - for (def element : elements): null

2021-10-21 14:28:06 - [TEST_STEP][PASSED] - build().perform(): null

2021-10-21 14:28:06 - [TEST_STEP][PASSED] - if (getText().equals(Baslik)): null

2021-10-21 14:28:06 - [TEST_STEP][PASSED] - build().perform(): null

2021-10-21 14:28:06 - [TEST_STEP][PASSED] - if (getText().equals(Baslik)): null

2021-10-21 14:28:06 - [TEST_STEP][PASSED] - build().perform(): null

2021-10-21 14:28:06 - [TEST_STEP][PASSED] - if (getText().equals(Baslik)): null

2021-10-21 14:28:06 - [TEST_STEP][PASSED] - build().perform(): null

2021-10-21 14:28:07 - [TEST_STEP][PASSED] - if (getText().equals(Baslik)): null

2021-10-21 14:28:07 - [TEST_STEP][PASSED] - build().perform(): null

2021-10-21 14:28:07 - [TEST_STEP][PASSED] - if (getText().equals(Baslik)): null

2021-10-21 14:28:07 - [TEST_STEP][PASSED] - build().perform(): null

2021-10-21 14:28:07 - [TEST_STEP][PASSED] - if (getText().equals(Baslik)): null

2021-10-21 14:28:07 - [TEST_STEP][PASSED] - build().perform(): null

2021-10-21 14:28:07 - [TEST_STEP][PASSED] - if (getText().equals(Baslik)): null

2021-10-21 14:28:07 - [TEST_STEP][PASSED] - build().perform(): null

2021-10-21 14:28:07 - [TEST_STEP][PASSED] - if (getText().equals(Baslik)): null

2021-10-21 14:28:07 - [TEST_STEP][PASSED] - build().perform(): null

2021-10-21 14:28:07 - [TEST_STEP][PASSED] - if (getText().equals(Baslik)): null

2021-10-21 14:28:07 - [TEST_STEP][PASSED] - baslikElement = element.findElement(By.xpath("../../../..")): Smart Wait Function is triggered

2021-10-21 14:28:07 - [MESSAGE][INFO] - Smart Wait Function is triggered

2021-10-21 14:28:08 - [TEST_STEP][PASSED] - attr = baslikElement.getAttribute("id"): null

2021-10-21 14:28:08 - [TEST_STEP][PASSED] - println("girdi ve idsini aldı = " + attr): null

2021-10-21 14:28:08 - [TEST_STEP][PASSED] - break: null

2021-10-21 14:28:08 - [TEST_STEP][PASSED] - countElement = baslikElement.findElements(By.xpath("../td")): Smart Wait Function is triggered

2021-10-21 14:28:08 - [MESSAGE][INFO] - Smart Wait Function is triggered

2021-10-21 14:28:08 - [TEST_STEP][PASSED] - for (def element : countElement): null

2021-10-21 14:28:08 - [TEST_STEP][PASSED] - if (toString().equals(attr.toString())): null

2021-10-21 14:28:08 - [TEST_STEP][PASSED] - (a++): null

2021-10-21 14:28:08 - [TEST_STEP][PASSED] - if (toString().equals(attr.toString())): null

2021-10-21 14:28:08 - [TEST_STEP][PASSED] - (a++): null

2021-10-21 14:28:08 - [TEST_STEP][PASSED] - if (toString().equals(attr.toString())): null

2021-10-21 14:28:08 - [TEST_STEP][PASSED] - (a++): null

2021-10-21 14:28:08 - [TEST_STEP][PASSED] - if (toString().equals(attr.toString())): null

2021-10-21 14:28:08 - [TEST_STEP][PASSED] - (a++): null

2021-10-21 14:28:08 - [TEST_STEP][PASSED] - if (toString().equals(attr.toString())): null

2021-10-21 14:28:08 - [TEST_STEP][PASSED] - (a++): null

2021-10-21 14:28:08 - [TEST_STEP][PASSED] - if (toString().equals(attr.toString())): null

2021-10-21 14:28:08 - [TEST_STEP][PASSED] - (a++): null

2021-10-21 14:28:08 - [TEST_STEP][PASSED] - if (toString().equals(attr.toString())): null

2021-10-21 14:28:08 - [TEST_STEP][PASSED] - (a++): null

2021-10-21 14:28:08 - [TEST_STEP][PASSED] - if (toString().equals(attr.toString())): null

2021-10-21 14:28:08 - [TEST_STEP][PASSED] - (a++): null

2021-10-21 14:28:08 - [TEST_STEP][PASSED] - if (toString().equals(attr.toString())): null

2021-10-21 14:28:08 - [TEST_STEP][PASSED] - (a++): null

2021-10-21 14:28:08 - [TEST_STEP][PASSED] - if (toString().equals(attr.toString())): null

2021-10-21 14:28:08 - [TEST_STEP][PASSED] - break: null

2021-10-21 14:28:08 - [TEST_STEP][PASSED] - son = findWebElement(findTestObject("Object Repository/Olusturma/Genel/Olusturma/EklenenSatir")).findElement(By.xpath("td[@class='dxgvInlineEditCell_LECustomTheme dxgv'][" + a + "]//td[@class='dxic']/input")): Smart Wait Function is triggered

2021-10-21 14:28:08 - [MESSAGE][INFO] - Finding Test Object 'Object Repository/Olusturma/Genel/Olusturma/EklenenSatir'

2021-10-21 14:28:08 - [MESSAGE][INFO] - Finding web element from Test Object's properties

2021-10-21 14:28:08 - [MESSAGE][INFO] - Checking timeout

2021-10-21 14:28:08 - [MESSAGE][INFO] - Finding web element with id: 'Object Repository/Olusturma/Genel/Olusturma/EklenenSatir' located by 'By.cssSelector: #divmalhizmet .dxgvInlineEditRow_LECustomTheme' in '30' second(s)

2021-10-21 14:28:08 - [MESSAGE][INFO] - Smart Wait Function is triggered

2021-10-21 14:28:08 - [MESSAGE][INFO] - Found 1 web elements with id: 'Object Repository/Olusturma/Genel/Olusturma/EklenenSatir' located by 'By.cssSelector: #divmalhizmet .dxgvInlineEditRow_LECustomTheme' in '30' second(s)

2021-10-21 14:28:08 - [MESSAGE][INFO] - Smart Wait Function is triggered

2021-10-21 14:28:09 - [TEST_STEP][PASSED] - if (!(getAttribute("value").contains("Vkn"))): null

2021-10-21 14:28:09 - [TEST_STEP][PASSED] - son.clear(): null

2021-10-21 14:28:09 - [TEST_STEP][PASSED] - son.sendKeys(Deger): null

2021-10-21 14:28:09 - [MESSAGE][PASSED] - Call Test Case 'Test Cases/Olusturma/Genel/Olusturma' successfully

2021-10-21 14:28:09 - [MESSAGE][INFO] - Checking called Test Case

2021-10-21 14:28:09 - [MESSAGE][INFO] - Starting to call Test Case 'Test Cases/Olusturma/Genel/Olusturma'

2021-10-21 14:28:09 - [TEST_CASE][PASSED] - Test Cases/Olusturma/Genel/Olusturma: Test Cases/Olusturma/Genel/Olusturma

2021-10-21 14:28:09 - [TEST_STEP][PASSED] - driver = getWebDriver(): null

2021-10-21 14:28:09 - [TEST_STEP][PASSED] - action = new org.openqa.selenium.interactions.Actions(driver): null

2021-10-21 14:28:09 - [TEST_STEP][PASSED] - baslikElement = <not implemented yet for class: org.codehaus.groovy.ast.expr.EmptyExpression>: null

2021-10-21 14:28:09 - [TEST_STEP][PASSED] - sonElement = <not implemented yet for class: org.codehaus.groovy.ast.expr.EmptyExpression>: null

2021-10-21 14:28:09 - [TEST_STEP][PASSED] - attr = <not implemented yet for class: org.codehaus.groovy.ast.expr.EmptyExpression>: null

2021-10-21 14:28:09 - [TEST_STEP][PASSED] - a = 0: null

2021-10-21 14:28:09 - [TEST_STEP][PASSED] - elements = findWebElements(findTestObject("Object Repository/Olusturma/Genel/Olusturma/TabloBasliklari"), 10): Found 16 web elements with id: 'Object Repository/Olusturma/Genel/Olusturma/TabloBasliklari' located by 'By.cssSelector: div#divmalhizmet .dxgvTable_LECustomTheme td.dxgvHeader_LECustomTheme tr>td:nth-child(1)' in '10' second(s)

2021-10-21 14:28:09 - [MESSAGE][INFO] - Finding Test Object 'Object Repository/Olusturma/Genel/Olusturma/TabloBasliklari'

2021-10-21 14:28:09 - [MESSAGE][INFO] - Checking timeout

2021-10-21 14:28:09 - [MESSAGE][INFO] - Finding web element with id: 'Object Repository/Olusturma/Genel/Olusturma/TabloBasliklari' located by 'By.cssSelector: div#divmalhizmet .dxgvTable_LECustomTheme td.dxgvHeader_LECustomTheme tr>td:nth-child(1)' in '10' second(s)

2021-10-21 14:28:09 - [MESSAGE][INFO] - Smart Wait Function is triggered

2021-10-21 14:28:10 - [MESSAGE][INFO] - Found 16 web elements with id: 'Object Repository/Olusturma/Genel/Olusturma/TabloBasliklari' located by 'By.cssSelector: div#divmalhizmet .dxgvTable_LECustomTheme td.dxgvHeader_LECustomTheme tr>td:nth-child(1)' in '10' second(s)

2021-10-21 14:28:10 - [TEST_STEP][PASSED] - for (def element : elements): null

2021-10-21 14:28:10 - [TEST_STEP][PASSED] - build().perform(): null

2021-10-21 14:28:10 - [TEST_STEP][PASSED] - if (getText().equals(Baslik)): null

2021-10-21 14:28:10 - [TEST_STEP][PASSED] - build().perform(): null

2021-10-21 14:28:10 - [TEST_STEP][PASSED] - if (getText().equals(Baslik)): null

2021-10-21 14:28:10 - [TEST_STEP][PASSED] - build().perform(): null

2021-10-21 14:28:10 - [TEST_STEP][PASSED] - if (getText().equals(Baslik)): null

2021-10-21 14:28:10 - [TEST_STEP][PASSED] - build().perform(): null

2021-10-21 14:28:10 - [TEST_STEP][PASSED] - if (getText().equals(Baslik)): null

2021-10-21 14:28:10 - [TEST_STEP][PASSED] - build().perform(): null

2021-10-21 14:28:11 - [TEST_STEP][PASSED] - if (getText().equals(Baslik)): null

2021-10-21 14:28:11 - [TEST_STEP][PASSED] - build().perform(): null

2021-10-21 14:28:11 - [TEST_STEP][PASSED] - if (getText().equals(Baslik)): null

2021-10-21 14:28:11 - [TEST_STEP][PASSED] - build().perform(): null

2021-10-21 14:28:11 - [TEST_STEP][PASSED] - if (getText().equals(Baslik)): null

2021-10-21 14:28:11 - [TEST_STEP][PASSED] - build().perform(): null

2021-10-21 14:28:11 - [TEST_STEP][PASSED] - if (getText().equals(Baslik)): null

2021-10-21 14:28:11 - [TEST_STEP][PASSED] - build().perform(): null

2021-10-21 14:28:11 - [TEST_STEP][PASSED] - if (getText().equals(Baslik)): null

2021-10-21 14:28:11 - [TEST_STEP][PASSED] - build().perform(): null

2021-10-21 14:28:11 - [TEST_STEP][PASSED] - if (getText().equals(Baslik)): null

2021-10-21 14:28:11 - [TEST_STEP][PASSED] - baslikElement = element.findElement(By.xpath("../../../..")): Smart Wait Function is triggered

2021-10-21 14:28:11 - [MESSAGE][INFO] - Smart Wait Function is triggered

2021-10-21 14:28:12 - [TEST_STEP][PASSED] - attr = baslikElement.getAttribute("id"): null

2021-10-21 14:28:12 - [TEST_STEP][PASSED] - println("girdi ve idsini aldı = " + attr): null

2021-10-21 14:28:12 - [TEST_STEP][PASSED] - break: null

2021-10-21 14:28:12 - [TEST_STEP][PASSED] - countElement = baslikElement.findElements(By.xpath("../td")): Smart Wait Function is triggered

2021-10-21 14:28:12 - [MESSAGE][INFO] - Smart Wait Function is triggered

2021-10-21 14:28:12 - [TEST_STEP][PASSED] - for (def element : countElement): null

2021-10-21 14:28:12 - [TEST_STEP][PASSED] - if (toString().equals(attr.toString())): null

2021-10-21 14:28:12 - [TEST_STEP][PASSED] - (a++): null

2021-10-21 14:28:12 - [TEST_STEP][PASSED] - if (toString().equals(attr.toString())): null

2021-10-21 14:28:12 - [TEST_STEP][PASSED] - (a++): null

2021-10-21 14:28:12 - [TEST_STEP][PASSED] - if (toString().equals(attr.toString())): null

2021-10-21 14:28:12 - [TEST_STEP][PASSED] - (a++): null

2021-10-21 14:28:12 - [TEST_STEP][PASSED] - if (toString().equals(attr.toString())): null

2021-10-21 14:28:12 - [TEST_STEP][PASSED] - (a++): null

2021-10-21 14:28:12 - [TEST_STEP][PASSED] - if (toString().equals(attr.toString())): null

2021-10-21 14:28:12 - [TEST_STEP][PASSED] - (a++): null

2021-10-21 14:28:12 - [TEST_STEP][PASSED] - if (toString().equals(attr.toString())): null

2021-10-21 14:28:12 - [TEST_STEP][PASSED] - (a++): null

2021-10-21 14:28:12 - [TEST_STEP][PASSED] - if (toString().equals(attr.toString())): null

2021-10-21 14:28:12 - [TEST_STEP][PASSED] - (a++): null

2021-10-21 14:28:12 - [TEST_STEP][PASSED] - if (toString().equals(attr.toString())): null

2021-10-21 14:28:12 - [TEST_STEP][PASSED] - (a++): null

2021-10-21 14:28:12 - [TEST_STEP][PASSED] - if (toString().equals(attr.toString())): null

2021-10-21 14:28:12 - [TEST_STEP][PASSED] - (a++): null

2021-10-21 14:28:12 - [TEST_STEP][PASSED] - if (toString().equals(attr.toString())): null

2021-10-21 14:28:12 - [TEST_STEP][PASSED] - (a++): null

2021-10-21 14:28:12 - [TEST_STEP][PASSED] - if (toString().equals(attr.toString())): null

2021-10-21 14:28:12 - [TEST_STEP][PASSED] - break: null

2021-10-21 14:28:12 - [TEST_STEP][PASSED] - son = findWebElement(findTestObject("Object Repository/Olusturma/Genel/Olusturma/EklenenSatir")).findElement(By.xpath("td[@class='dxgvInlineEditCell_LECustomTheme dxgv'][" + a + "]//td[@class='dxic']/input")): Smart Wait Function is triggered

2021-10-21 14:28:12 - [MESSAGE][INFO] - Finding Test Object 'Object Repository/Olusturma/Genel/Olusturma/EklenenSatir'

2021-10-21 14:28:12 - [MESSAGE][INFO] - Finding web element from Test Object's properties

2021-10-21 14:28:12 - [MESSAGE][INFO] - Checking timeout

2021-10-21 14:28:12 - [MESSAGE][INFO] - Finding web element with id: 'Object Repository/Olusturma/Genel/Olusturma/EklenenSatir' located by 'By.cssSelector: #divmalhizmet .dxgvInlineEditRow_LECustomTheme' in '30' second(s)

2021-10-21 14:28:12 - [MESSAGE][INFO] - Smart Wait Function is triggered

2021-10-21 14:28:12 - [MESSAGE][INFO] - Found 1 web elements with id: 'Object Repository/Olusturma/Genel/Olusturma/EklenenSatir' located by 'By.cssSelector: #divmalhizmet .dxgvInlineEditRow_LECustomTheme' in '30' second(s)

2021-10-21 14:28:12 - [MESSAGE][INFO] - Smart Wait Function is triggered

2021-10-21 14:28:13 - [TEST_STEP][PASSED] - if (!(getAttribute("value").contains("Vkn"))): null

2021-10-21 14:28:13 - [TEST_STEP][PASSED] - son.clear(): null

2021-10-21 14:28:13 - [TEST_STEP][PASSED] - son.sendKeys(Deger): null

2021-10-21 14:28:13 - [MESSAGE][PASSED] - Call Test Case 'Test Cases/Olusturma/Genel/Olusturma' successfully

2021-10-21 14:28:13 - [MESSAGE][INFO] - Checking called Test Case

2021-10-21 14:28:13 - [MESSAGE][INFO] - Starting to call Test Case 'Test Cases/Olusturma/Genel/NotGirilir'

2021-10-21 14:28:13 - [TEST_CASE][PASSED] - Test Cases/Olusturma/Genel/NotGirilir: Test Cases/Olusturma/Genel/NotGirilir

2021-10-21 14:28:13 - [TEST_STEP][PASSED] - i = 0: null

2021-10-21 14:28:13 - [TEST_STEP][PASSED] - waitForElementClickable(findTestObject("Olusturma/Genel/Not/Notlar"), 10): Object 'Object Repository/Olusturma/Genel/Not/Notlar' is clickable

2021-10-21 14:28:13 - [MESSAGE][INFO] - Finding Test Object 'Object Repository/Olusturma/Genel/Not/Notlar'

2021-10-21 14:28:13 - [MESSAGE][INFO] - Checking object

2021-10-21 14:28:13 - [MESSAGE][INFO] - Checking timeout

2021-10-21 14:28:13 - [MESSAGE][INFO] - Finding web element from Test Object's properties

2021-10-21 14:28:13 - [MESSAGE][INFO] - Checking timeout

2021-10-21 14:28:13 - [MESSAGE][INFO] - Finding web element with id: 'Object Repository/Olusturma/Genel/Not/Notlar' located by 'By.xpath: //*[@id = 'txtNote_I']' in '10' second(s)

2021-10-21 14:28:13 - [MESSAGE][INFO] - Smart Wait Function is triggered

2021-10-21 14:28:13 - [MESSAGE][INFO] - Found 1 web elements with id: 'Object Repository/Olusturma/Genel/Not/Notlar' located by 'By.xpath: //*[@id = 'txtNote_I']' in '10' second(s)

2021-10-21 14:28:13 - [MESSAGE][PASSED] - Object 'Object Repository/Olusturma/Genel/Not/Notlar' is clickable

2021-10-21 14:28:13 - [TEST_STEP][PASSED] - clearText(findTestObject("Olusturma/Genel/Not/Notlar")): Text of object 'Object Repository/Olusturma/Genel/Not/Notlar' is cleared

2021-10-21 14:28:13 - [MESSAGE][INFO] - Finding Test Object 'Object Repository/Olusturma/Genel/Not/Notlar'

2021-10-21 14:28:14 - [MESSAGE][INFO] - Checking object

2021-10-21 14:28:14 - [MESSAGE][INFO] - Finding web element from Test Object's properties

2021-10-21 14:28:14 - [MESSAGE][INFO] - Checking timeout

2021-10-21 14:28:14 - [MESSAGE][INFO] - Finding web element with id: 'Object Repository/Olusturma/Genel/Not/Notlar' located by 'By.xpath: //*[@id = 'txtNote_I']' in '30' second(s)

2021-10-21 14:28:14 - [MESSAGE][INFO] - Smart Wait Function is triggered

2021-10-21 14:28:14 - [MESSAGE][INFO] - Found 1 web elements with id: 'Object Repository/Olusturma/Genel/Not/Notlar' located by 'By.xpath: //*[@id = 'txtNote_I']' in '30' second(s)

2021-10-21 14:28:14 - [MESSAGE][INFO] - Clearing text of object 'Object Repository/Olusturma/Genel/Not/Notlar'

2021-10-21 14:28:14 - [MESSAGE][PASSED] - Text of object 'Object Repository/Olusturma/Genel/Not/Notlar' is cleared

2021-10-21 14:28:14 - [TEST_STEP][PASSED] - click(findTestObject("Olusturma/Genel/Not/Notlar")): Object: 'Object Repository/Olusturma/Genel/Not/Notlar' is clicked on

2021-10-21 14:28:14 - [MESSAGE][INFO] - Finding Test Object 'Object Repository/Olusturma/Genel/Not/Notlar'

2021-10-21 14:28:14 - [MESSAGE][INFO] - Checking object

2021-10-21 14:28:14 - [MESSAGE][INFO] - Finding web element from Test Object's properties

2021-10-21 14:28:14 - [MESSAGE][INFO] - Checking timeout

2021-10-21 14:28:14 - [MESSAGE][INFO] - Finding web element with id: 'Object Repository/Olusturma/Genel/Not/Notlar' located by 'By.xpath: //*[@id = 'txtNote_I']' in '30' second(s)

2021-10-21 14:28:14 - [MESSAGE][INFO] - Smart Wait Function is triggered

2021-10-21 14:28:14 - [MESSAGE][INFO] - Found 1 web elements with id: 'Object Repository/Olusturma/Genel/Not/Notlar' located by 'By.xpath: //*[@id = 'txtNote_I']' in '30' second(s)

2021-10-21 14:28:14 - [MESSAGE][INFO] - Clicking on object: 'Object Repository/Olusturma/Genel/Not/Notlar'

2021-10-21 14:28:14 - [MESSAGE][PASSED] - Object: 'Object Repository/Olusturma/Genel/Not/Notlar' is clicked on

2021-10-21 14:28:14 - [TEST_STEP][PASSED] - while (true): null

2021-10-21 14:28:14 - [TEST_STEP][PASSED] - delay(1): Delayed 1 second(s)

2021-10-21 14:28:14 - [MESSAGE][INFO] - Delaying browser in 1 second(s)

2021-10-21 14:28:15 - [MESSAGE][PASSED] - Delayed 1 second(s)

2021-10-21 14:28:15 - [TEST_STEP][PASSED] - ajaxIsComplete = executeJavaScript("return jQuery.active == 0", null): Execute JavaScript 'return jQuery.active == 0' successfully

2021-10-21 14:28:15 - [MESSAGE][PASSED] - Execute JavaScript 'return jQuery.active == 0' successfully

2021-10-21 14:28:15 - [TEST_STEP][PASSED] - if (ajaxIsComplete): null

2021-10-21 14:28:15 - [TEST_STEP][PASSED] - if (i > 10): null

2021-10-21 14:28:15 - [TEST_STEP][PASSED] - (i++): null

2021-10-21 14:28:15 - [TEST_STEP][PASSED] - delay(1): Delayed 1 second(s)

2021-10-21 14:28:15 - [MESSAGE][INFO] - Delaying browser in 1 second(s)

2021-10-21 14:28:16 - [MESSAGE][PASSED] - Delayed 1 second(s)

2021-10-21 14:28:16 - [TEST_STEP][PASSED] - ajaxIsComplete = executeJavaScript("return jQuery.active == 0", null): Execute JavaScript 'return jQuery.active == 0' successfully

2021-10-21 14:28:16 - [MESSAGE][PASSED] - Execute JavaScript 'return jQuery.active == 0' successfully

2021-10-21 14:28:16 - [TEST_STEP][PASSED] - if (ajaxIsComplete): null

2021-10-21 14:28:16 - [TEST_STEP][PASSED] - break: null

2021-10-21 14:28:16 - [TEST_STEP][PASSED] - sendKeys(findTestObject("Olusturma/Genel/Not/Notlar"), Not): Keys 'Otomasyon Not' sent to object: 'Object Repository/Olusturma/Genel/Not/Notlar'

2021-10-21 14:28:16 - [MESSAGE][INFO] - Finding Test Object 'Object Repository/Olusturma/Genel/Not/Notlar'

2021-10-21 14:28:16 - [MESSAGE][INFO] - Sending keys 'Otomasyon Not' to object: 'Object Repository/Olusturma/Genel/Not/Notlar'

2021-10-21 14:28:17 - [MESSAGE][INFO] - Finding web element from Test Object's properties

2021-10-21 14:28:17 - [MESSAGE][INFO] - Checking timeout

2021-10-21 14:28:17 - [MESSAGE][INFO] - Finding web element with id: 'Object Repository/Olusturma/Genel/Not/Notlar' located by 'By.xpath: //*[@id = 'txtNote_I']' in '30' second(s)

2021-10-21 14:28:17 - [MESSAGE][INFO] - Smart Wait Function is triggered

2021-10-21 14:28:17 - [MESSAGE][INFO] - Found 1 web elements with id: 'Object Repository/Olusturma/Genel/Not/Notlar' located by 'By.xpath: //*[@id = 'txtNote_I']' in '30' second(s)

2021-10-21 14:28:17 - [MESSAGE][PASSED] - Keys 'Otomasyon Not' sent to object: 'Object Repository/Olusturma/Genel/Not/Notlar'

2021-10-21 14:28:17 - [MESSAGE][PASSED] - Call Test Case 'Test Cases/Olusturma/Genel/NotGirilir' successfully

2021-10-21 14:28:17 - [MESSAGE][INFO] - Checking called Test Case

2021-10-21 14:28:17 - [MESSAGE][INFO] - Starting to call Test Case 'Test Cases/Olusturma/Genel/EttnBilgisiKayitEdilir'

2021-10-21 14:28:17 - [TEST_CASE][PASSED] - Test Cases/Olusturma/Genel/EttnBilgisiKayitEdilir: Test Cases/Olusturma/Genel/EttnBilgisiKayitEdilir

2021-10-21 14:28:17 - [TEST_STEP][PASSED] - verifyElementPresent(findTestObject("Object Repository/Olusturma/Genel/Olusturma/eArsivEttnBilgisi"), 7): Object 'Object Repository/Olusturma/Genel/Olusturma/eArsivEttnBilgisi' is present

2021-10-21 14:28:17 - [MESSAGE][INFO] - Finding Test Object 'Object Repository/Olusturma/Genel/Olusturma/eArsivEttnBilgisi'

2021-10-21 14:28:17 - [MESSAGE][INFO] - Checking object

2021-10-21 14:28:17 - [MESSAGE][INFO] - Finding web element from Test Object's properties

2021-10-21 14:28:17 - [MESSAGE][INFO] - Checking timeout

2021-10-21 14:28:17 - [MESSAGE][INFO] - Finding web element with id: 'Object Repository/Olusturma/Genel/Olusturma/eArsivEttnBilgisi' located by 'By.xpath: //*[@id = 'Uuid_I']' in '7' second(s)

2021-10-21 14:28:17 - [MESSAGE][INFO] - Smart Wait Function is triggered

2021-10-21 14:28:17 - [MESSAGE][INFO] - Found 1 web elements with id: 'Object Repository/Olusturma/Genel/Olusturma/eArsivEttnBilgisi' located by 'By.xpath: //*[@id = 'Uuid_I']' in '7' second(s)

2021-10-21 14:28:17 - [MESSAGE][PASSED] - Object 'Object Repository/Olusturma/Genel/Olusturma/eArsivEttnBilgisi' is present

2021-10-21 14:28:17 - [TEST_STEP][PASSED] - ettn = getAttribute(findTestObject("Object Repository/Olusturma/Genel/Olusturma/eArsivEttnBilgisi"), "value"): Attribute 'value' of object 'Object Repository/Olusturma/Genel/Olusturma/eArsivEttnBilgisi' is: '0d4ef334-206c-41ac-8f61-bd40e0b9f9e6'

2021-10-21 14:28:17 - [MESSAGE][INFO] - Finding Test Object 'Object Repository/Olusturma/Genel/Olusturma/eArsivEttnBilgisi'

2021-10-21 14:28:17 - [MESSAGE][INFO] - Checking object

2021-10-21 14:28:17 - [MESSAGE][INFO] - Checking attribute

2021-10-21 14:28:17 - [MESSAGE][INFO] - Finding web element from Test Object's properties

2021-10-21 14:28:17 - [MESSAGE][INFO] - Checking timeout

2021-10-21 14:28:17 - [MESSAGE][INFO] - Finding web element with id: 'Object Repository/Olusturma/Genel/Olusturma/eArsivEttnBilgisi' located by 'By.xpath: //*[@id = 'Uuid_I']' in '30' second(s)

2021-10-21 14:28:17 - [MESSAGE][INFO] - Smart Wait Function is triggered

2021-10-21 14:28:18 - [MESSAGE][INFO] - Found 1 web elements with id: 'Object Repository/Olusturma/Genel/Olusturma/eArsivEttnBilgisi' located by 'By.xpath: //*[@id = 'Uuid_I']' in '30' second(s)

2021-10-21 14:28:18 - [MESSAGE][INFO] - Getting attribute 'value' of object 'Object Repository/Olusturma/Genel/Olusturma/eArsivEttnBilgisi'

2021-10-21 14:28:18 - [MESSAGE][PASSED] - Attribute 'value' of object 'Object Repository/Olusturma/Genel/Olusturma/eArsivEttnBilgisi' is: '0d4ef334-206c-41ac-8f61-bd40e0b9f9e6'

2021-10-21 14:28:18 - [MESSAGE][PASSED] - Call Test Case 'Test Cases/Olusturma/Genel/EttnBilgisiKayitEdilir' successfully

2021-10-21 14:28:18 - [MESSAGE][INFO] - Checking called Test Case

2021-10-21 14:28:18 - [MESSAGE][INFO] - Starting to call Test Case 'Test Cases/Olusturma/Genel/KaydetButonunaTiklanir'

2021-10-21 14:28:18 - [TEST_CASE][PASSED] - Test Cases/Olusturma/Genel/KaydetButonunaTiklanir: Test Cases/Olusturma/Genel/KaydetButonunaTiklanir

2021-10-21 14:28:18 - [TEST_STEP][PASSED] - i = 0: null

2021-10-21 14:28:18 - [TEST_STEP][PASSED] - waitForElementPresent(findTestObject("Olusturma/Genel/Not/Notlar"), 10): Object 'Object Repository/Olusturma/Genel/Not/Notlar' is present

2021-10-21 14:28:18 - [MESSAGE][INFO] - Finding Test Object 'Object Repository/Olusturma/Genel/Not/Notlar'

2021-10-21 14:28:18 - [MESSAGE][INFO] - Checking object

2021-10-21 14:28:18 - [MESSAGE][INFO] - Finding web element from Test Object's properties

2021-10-21 14:28:18 - [MESSAGE][INFO] - Checking timeout

2021-10-21 14:28:18 - [MESSAGE][INFO] - Finding web element with id: 'Object Repository/Olusturma/Genel/Not/Notlar' located by 'By.xpath: //*[@id = 'txtNote_I']' in '10' second(s)

2021-10-21 14:28:18 - [MESSAGE][INFO] - Smart Wait Function is triggered

2021-10-21 14:28:18 - [MESSAGE][INFO] - Found 1 web elements with id: 'Object Repository/Olusturma/Genel/Not/Notlar' located by 'By.xpath: //*[@id = 'txtNote_I']' in '10' second(s)

2021-10-21 14:28:18 - [MESSAGE][PASSED] - Object 'Object Repository/Olusturma/Genel/Not/Notlar' is present

2021-10-21 14:28:18 - [TEST_STEP][PASSED] - click(findTestObject("Olusturma/Genel/Not/Notlar")): Object: 'Object Repository/Olusturma/Genel/Not/Notlar' is clicked on

2021-10-21 14:28:18 - [MESSAGE][INFO] - Finding Test Object 'Object Repository/Olusturma/Genel/Not/Notlar'

2021-10-21 14:28:18 - [MESSAGE][INFO] - Checking object

2021-10-21 14:28:18 - [MESSAGE][INFO] - Finding web element from Test Object's properties

2021-10-21 14:28:18 - [MESSAGE][INFO] - Checking timeout

2021-10-21 14:28:18 - [MESSAGE][INFO] - Finding web element with id: 'Object Repository/Olusturma/Genel/Not/Notlar' located by 'By.xpath: //*[@id = 'txtNote_I']' in '30' second(s)

2021-10-21 14:28:18 - [MESSAGE][INFO] - Smart Wait Function is triggered

2021-10-21 14:28:19 - [MESSAGE][INFO] - Found 1 web elements with id: 'Object Repository/Olusturma/Genel/Not/Notlar' located by 'By.xpath: //*[@id = 'txtNote_I']' in '30' second(s)

2021-10-21 14:28:19 - [MESSAGE][INFO] - Clicking on object: 'Object Repository/Olusturma/Genel/Not/Notlar'

2021-10-21 14:28:19 - [MESSAGE][PASSED] - Object: 'Object Repository/Olusturma/Genel/Not/Notlar' is clicked on

2021-10-21 14:28:19 - [TEST_STEP][PASSED] - while (true): null

2021-10-21 14:28:19 - [TEST_STEP][PASSED] - delay(1): Delayed 1 second(s)

2021-10-21 14:28:19 - [MESSAGE][INFO] - Delaying browser in 1 second(s)

2021-10-21 14:28:20 - [MESSAGE][PASSED] - Delayed 1 second(s)

2021-10-21 14:28:20 - [TEST_STEP][PASSED] - ajaxIsComplete = executeJavaScript("return jQuery.active == 0", null): Execute JavaScript 'return jQuery.active == 0' successfully

2021-10-21 14:28:20 - [MESSAGE][PASSED] - Execute JavaScript 'return jQuery.active == 0' successfully

2021-10-21 14:28:20 - [TEST_STEP][PASSED] - if (ajaxIsComplete): null

2021-10-21 14:28:20 - [TEST_STEP][PASSED] - break: null

2021-10-21 14:28:20 - [TEST_STEP][PASSED] - waitForElementClickable(findTestObject("Object Repository/Olusturma/Genel/Buton"), 10): Object 'Object Repository/Olusturma/Genel/Buton' is clickable

2021-10-21 14:28:20 - [MESSAGE][INFO] - Finding Test Object 'Object Repository/Olusturma/Genel/Buton'

2021-10-21 14:28:20 - [MESSAGE][INFO] - Checking object

2021-10-21 14:28:20 - [MESSAGE][INFO] - Checking timeout

2021-10-21 14:28:20 - [MESSAGE][INFO] - Finding web element from Test Object's properties

2021-10-21 14:28:20 - [MESSAGE][INFO] - Checking timeout

2021-10-21 14:28:20 - [MESSAGE][INFO] - Finding web element with id: 'Object Repository/Olusturma/Genel/Buton' located by 'By.xpath: //*[@id = 'btnKaydet']' in '10' second(s)

2021-10-21 14:28:20 - [MESSAGE][INFO] - Smart Wait Function is triggered

2021-10-21 14:28:20 - [MESSAGE][INFO] - Found 1 web elements with id: 'Object Repository/Olusturma/Genel/Buton' located by 'By.xpath: //*[@id = 'btnKaydet']' in '10' second(s)

2021-10-21 14:28:20 - [MESSAGE][PASSED] - Object 'Object Repository/Olusturma/Genel/Buton' is clickable

2021-10-21 14:28:20 - [TEST_STEP][PASSED] - click(findTestObject("Object Repository/Olusturma/Genel/Buton")): Object: 'Object Repository/Olusturma/Genel/Buton' is clicked on

2021-10-21 14:28:20 - [MESSAGE][INFO] - Finding Test Object 'Object Repository/Olusturma/Genel/Buton'

2021-10-21 14:28:20 - [MESSAGE][INFO] - Checking object

2021-10-21 14:28:20 - [MESSAGE][INFO] - Finding web element from Test Object's properties

2021-10-21 14:28:20 - [MESSAGE][INFO] - Checking timeout

2021-10-21 14:28:20 - [MESSAGE][INFO] - Finding web element with id: 'Object Repository/Olusturma/Genel/Buton' located by 'By.xpath: //*[@id = 'btnKaydet']' in '30' second(s)

2021-10-21 14:28:20 - [MESSAGE][INFO] - Smart Wait Function is triggered

2021-10-21 14:28:21 - [MESSAGE][INFO] - Found 1 web elements with id: 'Object Repository/Olusturma/Genel/Buton' located by 'By.xpath: //*[@id = 'btnKaydet']' in '30' second(s)

2021-10-21 14:28:21 - [MESSAGE][INFO] - Clicking on object: 'Object Repository/Olusturma/Genel/Buton'

2021-10-21 14:28:23 - [MESSAGE][PASSED] - Object: 'Object Repository/Olusturma/Genel/Buton' is clicked on

2021-10-21 14:28:23 - [MESSAGE][PASSED] - Call Test Case 'Test Cases/Olusturma/Genel/KaydetButonunaTiklanir' successfully

2021-10-21 14:28:23 - [MESSAGE][INFO] - Checking called Test Case

2021-10-21 14:28:23 - [MESSAGE][INFO] - Starting to call Test Case 'Test Cases/Tablo/TablodaEttnliVeriOlusturulduMu'

2021-10-21 14:28:23 - [TEST_CASE][PASSED] - Test Cases/Tablo/TablodaEttnliVeriOlusturulduMu: Test Cases/Tablo/TablodaEttnliVeriOlusturulduMu

2021-10-21 14:28:23 - [TEST_STEP][PASSED] - Method.TextDegerineEsitElementVarMi(findTestObject("Tablo/OlusturulanVeri"), ettn): Method.TextDegerineEsitElementVarMi is PASSED

2021-10-21 14:28:23 - [MESSAGE][INFO] - Finding Test Object 'Object Repository/Tablo/OlusturulanVeri'

2021-10-21 14:28:23 - [MESSAGE][INFO] - Checking timeout

2021-10-21 14:28:23 - [MESSAGE][INFO] - Finding web element with id: 'Object Repository/Tablo/OlusturulanVeri' located by 'By.cssSelector: table.dxgvTable_LECustomTheme>tbody>tr:nth-child(3)>td.dxgv b,table.dxgvTable_LECustomTheme>tbody>tr:nth-child(3)>td.dxgv' in '10' second(s)

2021-10-21 14:28:23 - [MESSAGE][INFO] - Smart Wait Function is triggered

2021-10-21 14:28:24 - [MESSAGE][INFO] - Found 14 web elements with id: 'Object Repository/Tablo/OlusturulanVeri' located by 'By.cssSelector: table.dxgvTable_LECustomTheme>tbody>tr:nth-child(3)>td.dxgv b,table.dxgvTable_LECustomTheme>tbody>tr:nth-child(3)>td.dxgv' in '10' second(s)

2021-10-21 14:28:24 - [MESSAGE][PASSED] - Method.TextDegerineEsitElementVarMi is PASSED

2021-10-21 14:28:24 - [MESSAGE][PASSED] - Call Test Case 'Test Cases/Tablo/TablodaEttnliVeriOlusturulduMu' successfully

2021-10-21 14:28:24 - [MESSAGE][INFO] - Checking called Test Case

2021-10-21 14:28:24 - [MESSAGE][INFO] - Starting to call Test Case 'Test Cases/Tablo/TablodanEttnliVeriSec'

2021-10-21 14:28:24 - [TEST_CASE][PASSED] - Test Cases/Tablo/TablodanEttnliVeriSec: Test Cases/Tablo/TablodanEttnliVeriSec

2021-10-21 14:28:24 - [TEST_STEP][PASSED] - Method.TextDegerineEsitElementinAltindakineTikla(findTestObject("Tablo/Veriler"), findTestObject("Tablo/VerininCheckBoxi"), ettn): Method.TextDegerineEsitElementinAltindakineTikla is PASSED

2021-10-21 14:28:24 - [MESSAGE][INFO] - Finding Test Object 'Object Repository/Tablo/Veriler'

2021-10-21 14:28:24 - [MESSAGE][INFO] - Finding Test Object 'Object Repository/Tablo/VerininCheckBoxi'

2021-10-21 14:28:24 - [MESSAGE][INFO] - Checking timeout

2021-10-21 14:28:24 - [MESSAGE][INFO] - Finding web element with id: 'Object Repository/Tablo/Veriler' located by 'By.cssSelector: td.dxgv b ,td.dxgv' in '10' second(s)

2021-10-21 14:28:24 - [MESSAGE][INFO] - Smart Wait Function is triggered

2021-10-21 14:28:24 - [MESSAGE][INFO] - Found 112 web elements with id: 'Object Repository/Tablo/Veriler' located by 'By.cssSelector: td.dxgv b ,td.dxgv' in '10' second(s)

2021-10-21 14:28:24 - [MESSAGE][INFO] - Smart Wait Function is triggered

2021-10-21 14:28:25 - [MESSAGE][PASSED] - Method.TextDegerineEsitElementinAltindakineTikla is PASSED

2021-10-21 14:28:25 - [MESSAGE][PASSED] - Call Test Case 'Test Cases/Tablo/TablodanEttnliVeriSec' successfully

2021-10-21 14:28:25 - [MESSAGE][INFO] - Checking called Test Case

2021-10-21 14:28:25 - [MESSAGE][INFO] - Starting to call Test Case 'Test Cases/Butonlar/ButonaTikla'

2021-10-21 14:28:25 - [TEST_CASE][PASSED] - Test Cases/Butonlar/ButonaTikla: Test Cases/Butonlar/ButonaTikla

2021-10-21 14:28:25 - [TEST_STEP][PASSED] - Method.TextDegerineEsitElementeTiklaEquals(findTestObject("Butonlar/Butonlar"), Buton_Adi): Method.TextDegerineEsitElementeTiklaEquals is PASSED

2021-10-21 14:28:25 - [MESSAGE][INFO] - Finding Test Object 'Object Repository/Butonlar/Butonlar'

2021-10-21 14:28:25 - [MESSAGE][INFO] - Checking timeout

2021-10-21 14:28:25 - [MESSAGE][INFO] - Finding web element with id: 'Object Repository/Butonlar/Butonlar' located by 'By.cssSelector: .panel.panel-default.text-center.footerPanel .btn,.btn.btn-primary.btnControls' in '10' second(s)

2021-10-21 14:28:25 - [MESSAGE][INFO] - Smart Wait Function is triggered

2021-10-21 14:28:25 - [MESSAGE][INFO] - Found 10 web elements with id: 'Object Repository/Butonlar/Butonlar' located by 'By.cssSelector: .panel.panel-default.text-center.footerPanel .btn,.btn.btn-primary.btnControls' in '10' second(s)

2021-10-21 14:28:25 - [MESSAGE][PASSED] - Method.TextDegerineEsitElementeTiklaEquals is PASSED

2021-10-21 14:28:25 - [MESSAGE][PASSED] - Call Test Case 'Test Cases/Butonlar/ButonaTikla' successfully

2021-10-21 14:28:25 - [MESSAGE][INFO] - Checking called Test Case

2021-10-21 14:28:25 - [MESSAGE][INFO] - Starting to call Test Case 'Test Cases/Popup/PopupMesajiIceriyorMu'

2021-10-21 14:28:25 - [TEST_CASE][PASSED] - Test Cases/Popup/PopupMesajiIceriyorMu: Test Cases/Popup/PopupMesajiIceriyorMu

2021-10-21 14:28:26 - [TEST_STEP][PASSED] - waitForElementVisible(findTestObject("Popup/Popup"), 10): Object 'Object Repository/Popup/Popup' is visible

2021-10-21 14:28:26 - [MESSAGE][INFO] - Finding Test Object 'Object Repository/Popup/Popup'

2021-10-21 14:28:26 - [MESSAGE][INFO] - Checking object

2021-10-21 14:28:26 - [MESSAGE][INFO] - Checking timeout

2021-10-21 14:28:26 - [MESSAGE][INFO] - Finding web element from Test Object's properties

2021-10-21 14:28:26 - [MESSAGE][INFO] - Checking timeout

2021-10-21 14:28:26 - [MESSAGE][INFO] - Finding web element with id: 'Object Repository/Popup/Popup' located by 'By.cssSelector: .bootbox-body' in '10' second(s)

2021-10-21 14:28:26 - [MESSAGE][INFO] - Smart Wait Function is triggered

2021-10-21 14:28:26 - [MESSAGE][INFO] - Found 1 web elements with id: 'Object Repository/Popup/Popup' located by 'By.cssSelector: .bootbox-body' in '10' second(s)

2021-10-21 14:28:26 - [MESSAGE][PASSED] - Object 'Object Repository/Popup/Popup' is visible

2021-10-21 14:28:26 - [TEST_STEP][PASSED] - if (!(getText(findTestObject("Popup/Popup")).contains(Mesaj))): Text of object 'Object Repository/Popup/Popup' is: 'Oluşturulacak fatura numarası : YIG2021000000412 Fatura numarası oluşturulduktan sonra fatura silinemez. Fatura numarası, tarihi ve ön eki değiştirilemez. Devam etmek istiyor musunuz?'

2021-10-21 14:28:26 - [MESSAGE][INFO] - Finding Test Object 'Object Repository/Popup/Popup'

2021-10-21 14:28:26 - [MESSAGE][INFO] - Checking object

2021-10-21 14:28:26 - [MESSAGE][INFO] - Finding web element from Test Object's properties

2021-10-21 14:28:26 - [MESSAGE][INFO] - Checking timeout

2021-10-21 14:28:26 - [MESSAGE][INFO] - Finding web element with id: 'Object Repository/Popup/Popup' located by 'By.cssSelector: .bootbox-body' in '30' second(s)

2021-10-21 14:28:26 - [MESSAGE][INFO] - Smart Wait Function is triggered

2021-10-21 14:28:27 - [MESSAGE][INFO] - Found 1 web elements with id: 'Object Repository/Popup/Popup' located by 'By.cssSelector: .bootbox-body' in '30' second(s)

2021-10-21 14:28:27 - [MESSAGE][INFO] - Getting text of object 'Object Repository/Popup/Popup'

2021-10-21 14:28:27 - [MESSAGE][PASSED] - Text of object 'Object Repository/Popup/Popup' is: 'Oluşturulacak fatura numarası : YIG2021000000412 Fatura numarası oluşturulduktan sonra fatura silinemez. Fatura numarası, tarihi ve ön eki değiştirilemez. Devam etmek istiyor musunuz?'

2021-10-21 14:28:27 - [TEST_STEP][PASSED] - RaporNo = getText(findTestObject("Popup/Popup")).substring(0, 6): Text of object 'Object Repository/Popup/Popup' is: 'Oluşturulacak fatura numarası : YIG2021000000412 Fatura numarası oluşturulduktan sonra fatura silinemez. Fatura numarası, tarihi ve ön eki değiştirilemez. Devam etmek istiyor musunuz?'

2021-10-21 14:28:27 - [MESSAGE][INFO] - Finding Test Object 'Object Repository/Popup/Popup'

2021-10-21 14:28:27 - [MESSAGE][INFO] - Checking object

2021-10-21 14:28:27 - [MESSAGE][INFO] - Finding web element from Test Object's properties

2021-10-21 14:28:27 - [MESSAGE][INFO] - Checking timeout

2021-10-21 14:28:27 - [MESSAGE][INFO] - Finding web element with id: 'Object Repository/Popup/Popup' located by 'By.cssSelector: .bootbox-body' in '30' second(s)

2021-10-21 14:28:27 - [MESSAGE][INFO] - Smart Wait Function is triggered

2021-10-21 14:28:27 - [MESSAGE][INFO] - Found 1 web elements with id: 'Object Repository/Popup/Popup' located by 'By.cssSelector: .bootbox-body' in '30' second(s)

2021-10-21 14:28:27 - [MESSAGE][INFO] - Getting text of object 'Object Repository/Popup/Popup'

2021-10-21 14:28:27 - [MESSAGE][PASSED] - Text of object 'Object Repository/Popup/Popup' is: 'Oluşturulacak fatura numarası : YIG2021000000412 Fatura numarası oluşturulduktan sonra fatura silinemez. Fatura numarası, tarihi ve ön eki değiştirilemez. Devam etmek istiyor musunuz?'

2021-10-21 14:28:27 - [TEST_STEP][PASSED] - Console.println(RaporNo): null

2021-10-21 14:28:27 - [MESSAGE][PASSED] - Call Test Case 'Test Cases/Popup/PopupMesajiIceriyorMu' successfully

2021-10-21 14:28:27 - [MESSAGE][INFO] - Checking called Test Case

2021-10-21 14:28:27 - [MESSAGE][INFO] - Starting to call Test Case 'Test Cases/Popup/PopupButonSecilir'

2021-10-21 14:28:27 - [TEST_CASE][PASSED] - Test Cases/Popup/PopupButonSecilir: Test Cases/Popup/PopupButonSecilir

2021-10-21 14:28:27 - [TEST_STEP][PASSED] - Method.TextDegerineEsitElementeTikla(findTestObject("Popup/Popup_Butons"), Buton): Method.TextDegerineEsitElementeTikla is PASSED

2021-10-21 14:28:27 - [MESSAGE][INFO] - Finding Test Object 'Object Repository/Popup/Popup_Butons'

2021-10-21 14:28:27 - [MESSAGE][INFO] - Checking timeout

2021-10-21 14:28:27 - [MESSAGE][INFO] - Finding web element with id: 'Object Repository/Popup/Popup_Butons' located by 'By.cssSelector: .modal-footer>button' in '10' second(s)

2021-10-21 14:28:27 - [MESSAGE][INFO] - Smart Wait Function is triggered

2021-10-21 14:28:28 - [MESSAGE][INFO] - Found 2 web elements with id: 'Object Repository/Popup/Popup_Butons' located by 'By.cssSelector: .modal-footer>button' in '10' second(s)

2021-10-21 14:28:28 - [MESSAGE][PASSED] - Method.TextDegerineEsitElementeTikla is PASSED

2021-10-21 14:28:28 - [MESSAGE][PASSED] - Call Test Case 'Test Cases/Popup/PopupButonSecilir' successfully

2021-10-21 14:28:28 - [MESSAGE][INFO] - Checking called Test Case

2021-10-21 14:28:28 - [MESSAGE][INFO] - Starting to call Test Case 'Test Cases/Popup/PopupMesajiIceriyorMu'

2021-10-21 14:28:28 - [TEST_CASE][PASSED] - Test Cases/Popup/PopupMesajiIceriyorMu: Test Cases/Popup/PopupMesajiIceriyorMu

2021-10-21 14:28:28 - [TEST_STEP][PASSED] - waitForElementVisible(findTestObject("Popup/Popup"), 10): Object 'Object Repository/Popup/Popup' is visible

2021-10-21 14:28:28 - [MESSAGE][INFO] - Finding Test Object 'Object Repository/Popup/Popup'

2021-10-21 14:28:28 - [MESSAGE][INFO] - Checking object

2021-10-21 14:28:28 - [MESSAGE][INFO] - Checking timeout

2021-10-21 14:28:28 - [MESSAGE][INFO] - Finding web element from Test Object's properties

2021-10-21 14:28:28 - [MESSAGE][INFO] - Checking timeout

2021-10-21 14:28:28 - [MESSAGE][INFO] - Finding web element with id: 'Object Repository/Popup/Popup' located by 'By.cssSelector: .bootbox-body' in '10' second(s)

2021-10-21 14:28:28 - [MESSAGE][INFO] - Smart Wait Function is triggered

2021-10-21 14:28:29 - [MESSAGE][INFO] - Found 1 web elements with id: 'Object Repository/Popup/Popup' located by 'By.cssSelector: .bootbox-body' in '10' second(s)

2021-10-21 14:28:29 - [MESSAGE][PASSED] - Object 'Object Repository/Popup/Popup' is visible

2021-10-21 14:28:29 - [TEST_STEP][PASSED] - if (!(getText(findTestObject("Popup/Popup")).contains(Mesaj))): Text of object 'Object Repository/Popup/Popup' is: 'Fatura numaranız YIG2021000000412 olarak oluşmuştur.'

2021-10-21 14:28:29 - [MESSAGE][INFO] - Finding Test Object 'Object Repository/Popup/Popup'

2021-10-21 14:28:29 - [MESSAGE][INFO] - Checking object

2021-10-21 14:28:29 - [MESSAGE][INFO] - Finding web element from Test Object's properties

2021-10-21 14:28:29 - [MESSAGE][INFO] - Checking timeout

2021-10-21 14:28:29 - [MESSAGE][INFO] - Finding web element with id: 'Object Repository/Popup/Popup' located by 'By.cssSelector: .bootbox-body' in '30' second(s)

2021-10-21 14:28:29 - [MESSAGE][INFO] - Smart Wait Function is triggered

2021-10-21 14:28:29 - [MESSAGE][INFO] - Found 1 web elements with id: 'Object Repository/Popup/Popup' located by 'By.cssSelector: .bootbox-body' in '30' second(s)

2021-10-21 14:28:29 - [MESSAGE][INFO] - Getting text of object 'Object Repository/Popup/Popup'

2021-10-21 14:28:29 - [MESSAGE][PASSED] - Text of object 'Object Repository/Popup/Popup' is: 'Fatura numaranız YIG2021000000412 olarak oluşmuştur.'

2021-10-21 14:28:29 - [TEST_STEP][PASSED] - RaporNo = getText(findTestObject("Popup/Popup")).substring(0, 6): Text of object 'Object Repository/Popup/Popup' is: 'Fatura numaranız YIG2021000000412 olarak oluşmuştur.'

2021-10-21 14:28:29 - [MESSAGE][INFO] - Finding Test Object 'Object Repository/Popup/Popup'

2021-10-21 14:28:29 - [MESSAGE][INFO] - Checking object

2021-10-21 14:28:29 - [MESSAGE][INFO] - Finding web element from Test Object's properties

2021-10-21 14:28:29 - [MESSAGE][INFO] - Checking timeout

2021-10-21 14:28:29 - [MESSAGE][INFO] - Finding web element with id: 'Object Repository/Popup/Popup' located by 'By.cssSelector: .bootbox-body' in '30' second(s)

2021-10-21 14:28:29 - [MESSAGE][INFO] - Smart Wait Function is triggered

2021-10-21 14:28:30 - [MESSAGE][INFO] - Found 1 web elements with id: 'Object Repository/Popup/Popup' located by 'By.cssSelector: .bootbox-body' in '30' second(s)

2021-10-21 14:28:30 - [MESSAGE][INFO] - Getting text of object 'Object Repository/Popup/Popup'

2021-10-21 14:28:30 - [MESSAGE][PASSED] - Text of object 'Object Repository/Popup/Popup' is: 'Fatura numaranız YIG2021000000412 olarak oluşmuştur.'

2021-10-21 14:28:30 - [TEST_STEP][PASSED] - Console.println(RaporNo): null

2021-10-21 14:28:30 - [MESSAGE][PASSED] - Call Test Case 'Test Cases/Popup/PopupMesajiIceriyorMu' successfully

2021-10-21 14:28:30 - [MESSAGE][INFO] - Checking called Test Case

2021-10-21 14:28:30 - [MESSAGE][INFO] - Starting to call Test Case 'Test Cases/Popup/PopupButonSecilir'

2021-10-21 14:28:30 - [TEST_CASE][PASSED] - Test Cases/Popup/PopupButonSecilir: Test Cases/Popup/PopupButonSecilir

2021-10-21 14:28:30 - [TEST_STEP][PASSED] - Method.TextDegerineEsitElementeTikla(findTestObject("Popup/Popup_Butons"), Buton): Method.TextDegerineEsitElementeTikla is PASSED

2021-10-21 14:28:30 - [MESSAGE][INFO] - Finding Test Object 'Object Repository/Popup/Popup_Butons'

2021-10-21 14:28:30 - [MESSAGE][INFO] - Checking timeout

2021-10-21 14:28:30 - [MESSAGE][INFO] - Finding web element with id: 'Object Repository/Popup/Popup_Butons' located by 'By.cssSelector: .modal-footer>button' in '10' second(s)

2021-10-21 14:28:30 - [MESSAGE][INFO] - Smart Wait Function is triggered

2021-10-21 14:28:30 - [MESSAGE][INFO] - Found 1 web elements with id: 'Object Repository/Popup/Popup_Butons' located by 'By.cssSelector: .modal-footer>button' in '10' second(s)

2021-10-21 14:28:30 - [MESSAGE][PASSED] - Method.TextDegerineEsitElementeTikla is PASSED

2021-10-21 14:28:30 - [MESSAGE][PASSED] - Call Test Case 'Test Cases/Popup/PopupButonSecilir' successfully

2021-10-21 14:28:30 - [MESSAGE][INFO] - Checking called Test Case

2021-10-21 14:28:30 - [MESSAGE][INFO] - Starting to call Test Case 'Test Cases/Tablo/TablodanEttnliVeriSec'

2021-10-21 14:28:30 - [TEST_CASE][PASSED] - Test Cases/Tablo/TablodanEttnliVeriSec: Test Cases/Tablo/TablodanEttnliVeriSec

2021-10-21 14:28:30 - [TEST_STEP][PASSED] - Method.TextDegerineEsitElementinAltindakineTikla(findTestObject("Tablo/Veriler"), findTestObject("Tablo/VerininCheckBoxi"), ettn): Method.TextDegerineEsitElementinAltindakineTikla is PASSED

2021-10-21 14:28:30 - [MESSAGE][INFO] - Finding Test Object 'Object Repository/Tablo/Veriler'

2021-10-21 14:28:30 - [MESSAGE][INFO] - Finding Test Object 'Object Repository/Tablo/VerininCheckBoxi'

2021-10-21 14:28:30 - [MESSAGE][INFO] - Checking timeout

2021-10-21 14:28:30 - [MESSAGE][INFO] - Finding web element with id: 'Object Repository/Tablo/Veriler' located by 'By.cssSelector: td.dxgv b ,td.dxgv' in '10' second(s)

2021-10-21 14:28:30 - [MESSAGE][INFO] - Smart Wait Function is triggered

2021-10-21 14:28:31 - [MESSAGE][INFO] - Found 112 web elements with id: 'Object Repository/Tablo/Veriler' located by 'By.cssSelector: td.dxgv b ,td.dxgv' in '10' second(s)

2021-10-21 14:28:31 - [MESSAGE][INFO] - Smart Wait Function is triggered

2021-10-21 14:28:32 - [MESSAGE][PASSED] - Method.TextDegerineEsitElementinAltindakineTikla is PASSED

2021-10-21 14:28:32 - [MESSAGE][PASSED] - Call Test Case 'Test Cases/Tablo/TablodanEttnliVeriSec' successfully

2021-10-21 14:28:32 - [MESSAGE][INFO] - Checking called Test Case

2021-10-21 14:28:32 - [MESSAGE][INFO] - Starting to call Test Case 'Test Cases/Butonlar/ButonaTikla'

2021-10-21 14:28:32 - [TEST_CASE][PASSED] - Test Cases/Butonlar/ButonaTikla: Test Cases/Butonlar/ButonaTikla

2021-10-21 14:28:32 - [TEST_STEP][PASSED] - Method.TextDegerineEsitElementeTiklaEquals(findTestObject("Butonlar/Butonlar"), Buton_Adi): Method.TextDegerineEsitElementeTiklaEquals is PASSED

2021-10-21 14:28:32 - [MESSAGE][INFO] - Finding Test Object 'Object Repository/Butonlar/Butonlar'

2021-10-21 14:28:32 - [MESSAGE][INFO] - Checking timeout

2021-10-21 14:28:32 - [MESSAGE][INFO] - Finding web element with id: 'Object Repository/Butonlar/Butonlar' located by 'By.cssSelector: .panel.panel-default.text-center.footerPanel .btn,.btn.btn-primary.btnControls' in '10' second(s)

2021-10-21 14:28:32 - [MESSAGE][INFO] - Smart Wait Function is triggered

2021-10-21 14:28:32 - [MESSAGE][INFO] - Found 10 web elements with id: 'Object Repository/Butonlar/Butonlar' located by 'By.cssSelector: .panel.panel-default.text-center.footerPanel .btn,.btn.btn-primary.btnControls' in '10' second(s)

2021-10-21 14:28:33 - [MESSAGE][PASSED] - Method.TextDegerineEsitElementeTiklaEquals is PASSED

2021-10-21 14:28:33 - [MESSAGE][PASSED] - Call Test Case 'Test Cases/Butonlar/ButonaTikla' successfully

2021-10-21 14:28:33 - [MESSAGE][INFO] - Checking called Test Case

2021-10-21 14:28:33 - [MESSAGE][INFO] - Starting to call Test Case 'Test Cases/Popup/PopupMesajiIceriyorMu'

2021-10-21 14:28:33 - [TEST_CASE][PASSED] - Test Cases/Popup/PopupMesajiIceriyorMu: Test Cases/Popup/PopupMesajiIceriyorMu

2021-10-21 14:28:33 - [TEST_STEP][PASSED] - waitForElementVisible(findTestObject("Popup/Popup"), 10): Object 'Object Repository/Popup/Popup' is visible

2021-10-21 14:28:33 - [MESSAGE][INFO] - Finding Test Object 'Object Repository/Popup/Popup'

2021-10-21 14:28:33 - [MESSAGE][INFO] - Checking object

2021-10-21 14:28:33 - [MESSAGE][INFO] - Checking timeout

2021-10-21 14:28:33 - [MESSAGE][INFO] - Finding web element from Test Object's properties

2021-10-21 14:28:33 - [MESSAGE][INFO] - Checking timeout

2021-10-21 14:28:33 - [MESSAGE][INFO] - Finding web element with id: 'Object Repository/Popup/Popup' located by 'By.cssSelector: .bootbox-body' in '10' second(s)

2021-10-21 14:28:33 - [MESSAGE][INFO] - Smart Wait Function is triggered

2021-10-21 14:28:33 - [MESSAGE][INFO] - Found 1 web elements with id: 'Object Repository/Popup/Popup' located by 'By.cssSelector: .bootbox-body' in '10' second(s)

2021-10-21 14:28:33 - [MESSAGE][PASSED] - Object 'Object Repository/Popup/Popup' is visible

2021-10-21 14:28:33 - [TEST_STEP][PASSED] - if (!(getText(findTestObject("Popup/Popup")).contains(Mesaj))): Text of object 'Object Repository/Popup/Popup' is: 'Seçilen faturalarınız onaylanacaktır. Onaylanan faturalar üzerinde değişiklik yapılamaz. Devam etmek istiyor musunuz?'

2021-10-21 14:28:33 - [MESSAGE][INFO] - Finding Test Object 'Object Repository/Popup/Popup'

2021-10-21 14:28:33 - [MESSAGE][INFO] - Checking object

2021-10-21 14:28:33 - [MESSAGE][INFO] - Finding web element from Test Object's properties

2021-10-21 14:28:33 - [MESSAGE][INFO] - Checking timeout

2021-10-21 14:28:33 - [MESSAGE][INFO] - Finding web element with id: 'Object Repository/Popup/Popup' located by 'By.cssSelector: .bootbox-body' in '30' second(s)

2021-10-21 14:28:33 - [MESSAGE][INFO] - Smart Wait Function is triggered

2021-10-21 14:28:33 - [MESSAGE][INFO] - Found 1 web elements with id: 'Object Repository/Popup/Popup' located by 'By.cssSelector: .bootbox-body' in '30' second(s)

2021-10-21 14:28:33 - [MESSAGE][INFO] - Getting text of object 'Object Repository/Popup/Popup'

2021-10-21 14:28:34 - [MESSAGE][PASSED] - Text of object 'Object Repository/Popup/Popup' is: 'Seçilen faturalarınız onaylanacaktır. Onaylanan faturalar üzerinde değişiklik yapılamaz. Devam etmek istiyor musunuz?'

2021-10-21 14:28:34 - [TEST_STEP][PASSED] - RaporNo = getText(findTestObject("Popup/Popup")).substring(0, 6): Text of object 'Object Repository/Popup/Popup' is: 'Seçilen faturalarınız onaylanacaktır. Onaylanan faturalar üzerinde değişiklik yapılamaz. Devam etmek istiyor musunuz?'

2021-10-21 14:28:34 - [MESSAGE][INFO] - Finding Test Object 'Object Repository/Popup/Popup'

2021-10-21 14:28:34 - [MESSAGE][INFO] - Checking object

2021-10-21 14:28:34 - [MESSAGE][INFO] - Finding web element from Test Object's properties

2021-10-21 14:28:34 - [MESSAGE][INFO] - Checking timeout

2021-10-21 14:28:34 - [MESSAGE][INFO] - Finding web element with id: 'Object Repository/Popup/Popup' located by 'By.cssSelector: .bootbox-body' in '30' second(s)

2021-10-21 14:28:34 - [MESSAGE][INFO] - Smart Wait Function is triggered

2021-10-21 14:28:34 - [MESSAGE][INFO] - Found 1 web elements with id: 'Object Repository/Popup/Popup' located by 'By.cssSelector: .bootbox-body' in '30' second(s)

2021-10-21 14:28:34 - [MESSAGE][INFO] - Getting text of object 'Object Repository/Popup/Popup'

2021-10-21 14:28:34 - [MESSAGE][PASSED] - Text of object 'Object Repository/Popup/Popup' is: 'Seçilen faturalarınız onaylanacaktır. Onaylanan faturalar üzerinde değişiklik yapılamaz. Devam etmek istiyor musunuz?'

2021-10-21 14:28:34 - [TEST_STEP][PASSED] - Console.println(RaporNo): null

2021-10-21 14:28:34 - [MESSAGE][PASSED] - Call Test Case 'Test Cases/Popup/PopupMesajiIceriyorMu' successfully

2021-10-21 14:28:34 - [MESSAGE][INFO] - Checking called Test Case

2021-10-21 14:28:34 - [MESSAGE][INFO] - Starting to call Test Case 'Test Cases/Popup/PopupButonSecilir'

2021-10-21 14:28:34 - [TEST_CASE][PASSED] - Test Cases/Popup/PopupButonSecilir: Test Cases/Popup/PopupButonSecilir

2021-10-21 14:28:34 - [TEST_STEP][PASSED] - Method.TextDegerineEsitElementeTikla(findTestObject("Popup/Popup_Butons"), Buton): Method.TextDegerineEsitElementeTikla is PASSED

2021-10-21 14:28:34 - [MESSAGE][INFO] - Finding Test Object 'Object Repository/Popup/Popup_Butons'

2021-10-21 14:28:34 - [MESSAGE][INFO] - Checking timeout

2021-10-21 14:28:34 - [MESSAGE][INFO] - Finding web element with id: 'Object Repository/Popup/Popup_Butons' located by 'By.cssSelector: .modal-footer>button' in '10' second(s)

2021-10-21 14:28:34 - [MESSAGE][INFO] - Smart Wait Function is triggered

2021-10-21 14:28:34 - [MESSAGE][INFO] - Found 2 web elements with id: 'Object Repository/Popup/Popup_Butons' located by 'By.cssSelector: .modal-footer>button' in '10' second(s)

2021-10-21 14:28:34 - [MESSAGE][PASSED] - Method.TextDegerineEsitElementeTikla is PASSED

2021-10-21 14:28:34 - [MESSAGE][PASSED] - Call Test Case 'Test Cases/Popup/PopupButonSecilir' successfully

2021-10-21 14:28:34 - [MESSAGE][INFO] - Checking called Test Case

2021-10-21 14:28:34 - [MESSAGE][INFO] - Starting to call Test Case 'Test Cases/Menu/AnaMenuSecimi'

2021-10-21 14:28:34 - [TEST_CASE][PASSED] - Test Cases/Menu/AnaMenuSecimi: Test Cases/Menu/AnaMenuSecimi

2021-10-21 14:28:34 - [TEST_STEP][PASSED] - Method.TextDegerineEsitElementeTikla(findTestObject("Menu/Ana_Menu"), Ana_Menu): Method.TextDegerineEsitElementeTikla is PASSED

2021-10-21 14:28:34 - [MESSAGE][INFO] - Finding Test Object 'Object Repository/Menu/Ana_Menu'

2021-10-21 14:28:35 - [MESSAGE][INFO] - Checking timeout

2021-10-21 14:28:35 - [MESSAGE][INFO] - Finding web element with id: 'Object Repository/Menu/Ana_Menu' located by 'By.xpath: //*[@class = 'dropdown-toggle']' in '10' second(s)

2021-10-21 14:28:35 - [MESSAGE][INFO] - Smart Wait Function is triggered

2021-10-21 14:28:36 - [MESSAGE][INFO] - Found 13 web elements with id: 'Object Repository/Menu/Ana_Menu' located by 'By.xpath: //*[@class = 'dropdown-toggle']' in '10' second(s)

2021-10-21 14:28:36 - [MESSAGE][PASSED] - Method.TextDegerineEsitElementeTikla is PASSED

2021-10-21 14:28:36 - [MESSAGE][PASSED] - Call Test Case 'Test Cases/Menu/AnaMenuSecimi' successfully

2021-10-21 14:28:36 - [MESSAGE][INFO] - Checking called Test Case

2021-10-21 14:28:36 - [MESSAGE][INFO] - Starting to call Test Case 'Test Cases/Menu/BasligaGoreAltMenuSecimi'

2021-10-21 14:28:36 - [TEST_CASE][PASSED] - Test Cases/Menu/BasligaGoreAltMenuSecimi: Test Cases/Menu/BasligaGoreAltMenuSecimi

2021-10-21 14:28:36 - [TEST_STEP][PASSED] - Method.TextDegerineEsitElementinAltindakiTextDegerineEsitOlanaTikla(findTestObject("Menu/Menu_Basligi"), findTestObject("Menu/Basliga_Gore_Alt_Menu"), Baslik, Alt_Menu): Method.TextDegerineEsitElementinAltindakiTextDegerineEsitOlanaTikla is PASSED

2021-10-21 14:28:36 - [MESSAGE][INFO] - Finding Test Object 'Object Repository/Menu/Menu_Basligi'

2021-10-21 14:28:36 - [MESSAGE][INFO] - Finding Test Object 'Object Repository/Menu/Basliga_Gore_Alt_Menu'

2021-10-21 14:28:36 - [MESSAGE][INFO] - Checking timeout

2021-10-21 14:28:36 - [MESSAGE][INFO] - Finding web element with id: 'Object Repository/Menu/Menu_Basligi' located by 'By.xpath: //li[@class='dropdown dropdown-large open']//li[@class='dropdown-header']' in '10' second(s)

2021-10-21 14:28:36 - [MESSAGE][INFO] - Smart Wait Function is triggered

2021-10-21 14:28:36 - [MESSAGE][INFO] - Found 2 web elements with id: 'Object Repository/Menu/Menu_Basligi' located by 'By.xpath: //li[@class='dropdown dropdown-large open']//li[@class='dropdown-header']' in '10' second(s)

2021-10-21 14:28:36 - [MESSAGE][INFO] - Smart Wait Function is triggered

2021-10-21 14:28:39 - [MESSAGE][PASSED] - Method.TextDegerineEsitElementinAltindakiTextDegerineEsitOlanaTikla is PASSED

2021-10-21 14:28:39 - [MESSAGE][PASSED] - Call Test Case 'Test Cases/Menu/BasligaGoreAltMenuSecimi' successfully

2021-10-21 14:28:39 - [MESSAGE][INFO] - Checking called Test Case

2021-10-21 14:28:39 - [MESSAGE][INFO] - Starting to call Test Case 'Test Cases/Filtreler/EttnYaz'

2021-10-21 14:28:39 - [TEST_CASE][PASSED] - Test Cases/Filtreler/EttnYaz: Test Cases/Filtreler/EttnYaz

2021-10-21 14:28:39 - [TEST_STEP][PASSED] - Method.TextDegerineEsitElementinAltindakiTextboxtaYaz(findTestObject("Filtreler/Basliklar"), findTestObject("Filtreler/Basliga_Gore_Textbox"), "ETTN", ettn): Method.TextDegerineEsitElementinAltindakiTextboxtaYaz is PASSED

2021-10-21 14:28:39 - [MESSAGE][INFO] - Finding Test Object 'Object Repository/Filtreler/Basliklar'

2021-10-21 14:28:39 - [MESSAGE][INFO] - Finding Test Object 'Object Repository/Filtreler/Basliga_Gore_Textbox'

2021-10-21 14:28:39 - [MESSAGE][INFO] - Checking timeout

2021-10-21 14:28:39 - [MESSAGE][INFO] - Finding web element with id: 'Object Repository/Filtreler/Basliklar' located by 'By.cssSelector: .control-label.col-sm-4.paddingMarginRLC' in '10' second(s)

2021-10-21 14:28:39 - [MESSAGE][INFO] - Smart Wait Function is triggered

2021-10-21 14:28:40 - [MESSAGE][INFO] - Found 19 web elements with id: 'Object Repository/Filtreler/Basliklar' located by 'By.cssSelector: .control-label.col-sm-4.paddingMarginRLC' in '10' second(s)

2021-10-21 14:28:40 - [MESSAGE][INFO] - Smart Wait Function is triggered

2021-10-21 14:28:40 - [MESSAGE][PASSED] - Method.TextDegerineEsitElementinAltindakiTextboxtaYaz is PASSED

2021-10-21 14:28:40 - [MESSAGE][PASSED] - Call Test Case 'Test Cases/Filtreler/EttnYaz' successfully

2021-10-21 14:28:40 - [MESSAGE][INFO] - Checking called Test Case

2021-10-21 14:28:40 - [MESSAGE][INFO] - Starting to call Test Case 'Test Cases/Filtreler/ButonaTikla'

2021-10-21 14:28:40 - [TEST_CASE][PASSED] - Test Cases/Filtreler/ButonaTikla: Test Cases/Filtreler/ButonaTikla

2021-10-21 14:28:40 - [TEST_STEP][PASSED] - Method.TextDegerineEsitElementeTikla(findTestObject("Filtreler/Butonlar"), Filtre_Buton): Method.TextDegerineEsitElementeTikla is PASSED

2021-10-21 14:28:40 - [MESSAGE][INFO] - Finding Test Object 'Object Repository/Filtreler/Butonlar'

2021-10-21 14:28:40 - [MESSAGE][INFO] - Checking timeout

2021-10-21 14:28:40 - [MESSAGE][INFO] - Finding web element with id: 'Object Repository/Filtreler/Butonlar' located by 'By.cssSelector: .dxb>span' in '10' second(s)

2021-10-21 14:28:40 - [MESSAGE][INFO] - Smart Wait Function is triggered

2021-10-21 14:28:41 - [MESSAGE][INFO] - Found 3 web elements with id: 'Object Repository/Filtreler/Butonlar' located by 'By.cssSelector: .dxb>span' in '10' second(s)

2021-10-21 14:28:41 - [MESSAGE][PASSED] - Method.TextDegerineEsitElementeTikla is PASSED

2021-10-21 14:28:41 - [MESSAGE][PASSED] - Call Test Case 'Test Cases/Filtreler/ButonaTikla' successfully

2021-10-21 14:28:41 - [MESSAGE][INFO] - Checking called Test Case

2021-10-21 14:28:41 - [MESSAGE][INFO] - Starting to call Test Case 'Test Cases/Tablo/TablodaVeriVarMi'

2021-10-21 14:28:41 - [TEST_CASE][PASSED] - Test Cases/Tablo/TablodaVeriVarMi: Test Cases/Tablo/TablodaVeriVarMi

2021-10-21 14:28:41 - [TEST_STEP][PASSED] - verifyTextNotPresent("Görüntülenecek veri yok", true): Text 'Görüntülenecek veri yok' is not present on page using regular expression

2021-10-21 14:28:41 - [MESSAGE][INFO] - Checking text present  using regular expression

2021-10-21 14:28:41 - [MESSAGE][INFO] - Smart Wait Function is triggered

2021-10-21 14:28:42 - [MESSAGE][INFO] - Finding text 'Görüntülenecek veri yok' on page  using regular expression

2021-10-21 14:28:42 - [MESSAGE][PASSED] - Text 'Görüntülenecek veri yok' is not present on page using regular expression

2021-10-21 14:28:42 - [MESSAGE][PASSED] - Call Test Case 'Test Cases/Tablo/TablodaVeriVarMi' successfully

2021-10-21 14:28:42 - [MESSAGE][INFO] - Checking called Test Case

2021-10-21 14:28:42 - [MESSAGE][INFO] - Starting to call Test Case 'Test Cases/Tablo/TablodaVeriBasariliMiArsiv'

2021-10-21 14:28:42 - [TEST_CASE][PASSED] - Test Cases/Tablo/TablodaVeriBasariliMiArsiv: Test Cases/Tablo/TablodaVeriBasariliMiArsiv

2021-10-21 14:28:42 - [TEST_STEP][PASSED] - sayac = 80: null

2021-10-21 14:28:42 - [TEST_STEP][PASSED] - while (verifyElementText(findTestObject("Object Repository/Tablo/DurumBilgisiArsiv"), "Henüz Sonuçlanmadı", OPTIONAL)): Actual text 'Başarılı' and expected text 'Henüz Sonuçlanmadı' of test object 'Object Repository/Tablo/DurumBilgisiArsiv' are NOT matched. (Root cause: com.kms.katalon.core.exception.StepFailedException: Actual text 'Başarılı' and expected text 'Henüz Sonuçlanmadı' of test object 'Object Repository/Tablo/DurumBilgisiArsiv' are NOT matched.
	at com.kms.katalon.core.webui.keyword.internal.WebUIKeywordMain.stepFailed(WebUIKeywordMain.groovy:64)
	at com.kms.katalon.core.webui.keyword.builtin.VerifyElementTextKeyword$_verifyElementText_closure1.doCall(VerifyElementTextKeyword.groovy:57)
	at com.kms.katalon.core.webui.keyword.builtin.VerifyElementTextKeyword$_verifyElementText_closure1.call(VerifyElementTextKeyword.groovy)
	at com.kms.katalon.core.webui.keyword.internal.WebUIKeywordMain.runKeyword(WebUIKeywordMain.groovy:20)
	at com.kms.katalon.core.webui.keyword.builtin.VerifyElementTextKeyword.verifyElementText(VerifyElementTextKeyword.groovy:72)
	at com.kms.katalon.core.webui.keyword.builtin.VerifyElementTextKeyword.execute(VerifyElementTextKeyword.groovy:40)
	at com.kms.katalon.core.keyword.internal.KeywordExecutor.executeKeywordForPlatform(KeywordExecutor.groovy:73)
	at com.kms.katalon.core.webui.keyword.WebUiBuiltInKeywords.verifyElementText(WebUiBuiltInKeywords.groovy:4733)
	at com.kms.katalon.core.webui.keyword.WebUiBuiltInKeywords$verifyElementText$20.call(Unknown Source)
	at TablodaVeriBasariliMiArsiv.run(TablodaVeriBasariliMiArsiv:22)
	at com.kms.katalon.core.main.ScriptEngine.run(ScriptEngine.java:194)
	at com.kms.katalon.core.main.ScriptEngine.runScriptAsRawText(ScriptEngine.java:119)
	at com.kms.katalon.core.main.TestCaseExecutor.runScript(TestCaseExecutor.java:369)
	at com.kms.katalon.core.main.TestCaseExecutor.doExecute(TestCaseExecutor.java:360)
	at com.kms.katalon.core.main.TestCaseExecutor.processExecutionPhase(TestCaseExecutor.java:339)
	at com.kms.katalon.core.main.TestCaseExecutor.accessMainPhase(TestCaseExecutor.java:331)
	at com.kms.katalon.core.main.TestCaseExecutor.execute(TestCaseExecutor.java:248)
	at com.kms.katalon.core.main.TestCaseMain.runTestCase(TestCaseMain.java:138)
	at com.kms.katalon.core.keyword.builtin.CallTestCaseKeyword$_callTestCase_closure1.doCall(CallTestCaseKeyword.groovy:59)
	at com.kms.katalon.core.keyword.builtin.CallTestCaseKeyword$_callTestCase_closure1.call(CallTestCaseKeyword.groovy)
	at com.kms.katalon.core.keyword.internal.KeywordMain.runKeyword(KeywordMain.groovy:68)
	at com.kms.katalon.core.keyword.builtin.CallTestCaseKeyword.callTestCase(CallTestCaseKeyword.groovy:81)
	at com.kms.katalon.core.keyword.builtin.CallTestCaseKeyword.execute(CallTestCaseKeyword.groovy:44)
	at com.kms.katalon.core.keyword.internal.KeywordExecutor.executeKeywordForPlatform(KeywordExecutor.groovy:73)
	at com.kms.katalon.core.keyword.BuiltinKeywords.callTestCase(BuiltinKeywords.groovy:334)
	at tablo.tablo.tablodaVeriBasariliMiArsiv(tablo.groovy:95)
	at cucumber.runtime.Utils$1.call(Utils.java:26)
	at cucumber.runtime.Timeout.timeout(Timeout.java:16)
	at cucumber.runtime.Utils.invoke(Utils.java:20)
	at cucumber.runtime.java.JavaStepDefinition.execute(JavaStepDefinition.java:49)
	at cucumber.runner.PickleStepDefinitionMatch.runStep(PickleStepDefinitionMatch.java:50)
	at cucumber.runner.TestStep.executeStep(TestStep.java:63)
	at cucumber.runner.TestStep.run(TestStep.java:49)
	at cucumber.runner.PickleStepTestStep.run(PickleStepTestStep.java:43)
	at cucumber.runner.TestCase.run(TestCase.java:44)
	at cucumber.runner.Runner.runPickle(Runner.java:40)
	at cucumber.runtime.Runtime$1.run(Runtime.java:84)
	at cucumber.runtime.Runtime$SameThreadExecutorService.execute(Runtime.java:220)
	at cucumber.runtime.Runtime.run(Runtime.java:81)
	at cucumber.api.cli.Main.run(Main.java:26)
	at cucumber.api.cli.Main$run.call(Unknown Source)
	at com.kms.katalon.core.cucumber.keyword.CucumberBuiltinKeywords$_runFeatureFile_closure1.doCall(CucumberBuiltinKeywords.groovy:106)
	at com.kms.katalon.core.cucumber.keyword.CucumberBuiltinKeywords$_runFeatureFile_closure1.doCall(CucumberBuiltinKeywords.groovy)
	at com.kms.katalon.core.keyword.internal.KeywordMain.runKeyword(KeywordMain.groovy:68)
	at com.kms.katalon.core.keyword.internal.KeywordMain$runKeyword.call(Unknown Source)
	at com.kms.katalon.core.cucumber.keyword.CucumberBuiltinKeywords.runFeatureFile(CucumberBuiltinKeywords.groovy:73)
	at com.kms.katalon.core.cucumber.keyword.CucumberBuiltinKeywords$runFeatureFile$0.callStatic(Unknown Source)
	at com.kms.katalon.core.cucumber.keyword.CucumberBuiltinKeywords.runFeatureFile(CucumberBuiltinKeywords.groovy:246)
	at com.kms.katalon.core.cucumber.keyword.CucumberBuiltinKeywords$runFeatureFile.call(Unknown Source)
	at VKN-Kagit-Hal Satis.run(VKN-Kagit-Hal Satis:19)
	at com.kms.katalon.core.main.ScriptEngine.run(ScriptEngine.java:194)
	at com.kms.katalon.core.main.ScriptEngine.runScriptAsRawText(ScriptEngine.java:119)
	at com.kms.katalon.core.main.TestCaseExecutor.runScript(TestCaseExecutor.java:369)
	at com.kms.katalon.core.main.TestCaseExecutor.doExecute(TestCaseExecutor.java:360)
	at com.kms.katalon.core.main.TestCaseExecutor.processExecutionPhase(TestCaseExecutor.java:339)
	at com.kms.katalon.core.main.TestCaseExecutor.accessMainPhase(TestCaseExecutor.java:331)
	at com.kms.katalon.core.main.TestCaseExecutor.execute(TestCaseExecutor.java:248)
	at com.kms.katalon.core.main.TestSuiteExecutor.accessTestCaseMainPhase(TestSuiteExecutor.java:191)
	at com.kms.katalon.core.main.TestSuiteExecutor.accessTestSuiteMainPhase(TestSuiteExecutor.java:140)
	at com.kms.katalon.core.main.TestSuiteExecutor.execute(TestSuiteExecutor.java:89)
	at com.kms.katalon.core.main.TestCaseMain.startTestSuite(TestCaseMain.java:181)
	at com.kms.katalon.core.main.TestCaseMain$startTestSuite$0.call(Unknown Source)
	at TempTestSuite1634814289741.run(TempTestSuite1634814289741.groovy:39)
)

2021-10-21 14:28:42 - [MESSAGE][INFO] - Finding Test Object 'Object Repository/Tablo/DurumBilgisiArsiv'

2021-10-21 14:28:42 - [MESSAGE][INFO] - Checking object

2021-10-21 14:28:42 - [MESSAGE][INFO] - Finding web element from Test Object's properties

2021-10-21 14:28:42 - [MESSAGE][INFO] - Checking timeout

2021-10-21 14:28:42 - [MESSAGE][INFO] - Finding web element with id: 'Object Repository/Tablo/DurumBilgisiArsiv' located by 'By.xpath: //*[@id = 'GridViewEArchiveInvoices_tccell0_9']' in '30' second(s)

2021-10-21 14:28:42 - [MESSAGE][INFO] - Smart Wait Function is triggered

2021-10-21 14:28:42 - [MESSAGE][INFO] - Found 1 web elements with id: 'Object Repository/Tablo/DurumBilgisiArsiv' located by 'By.xpath: //*[@id = 'GridViewEArchiveInvoices_tccell0_9']' in '30' second(s)

2021-10-21 14:28:42 - [MESSAGE][WARNING] - Actual text 'Başarılı' and expected text 'Henüz Sonuçlanmadı' of test object 'Object Repository/Tablo/DurumBilgisiArsiv' are NOT matched. (Root cause: com.kms.katalon.core.exception.StepFailedException: Actual text 'Başarılı' and expected text 'Henüz Sonuçlanmadı' of test object 'Object Repository/Tablo/DurumBilgisiArsiv' are NOT matched.
	at com.kms.katalon.core.webui.keyword.internal.WebUIKeywordMain.stepFailed(WebUIKeywordMain.groovy:64)
	at com.kms.katalon.core.webui.keyword.builtin.VerifyElementTextKeyword$_verifyElementText_closure1.doCall(VerifyElementTextKeyword.groovy:57)
	at com.kms.katalon.core.webui.keyword.builtin.VerifyElementTextKeyword$_verifyElementText_closure1.call(VerifyElementTextKeyword.groovy)
	at com.kms.katalon.core.webui.keyword.internal.WebUIKeywordMain.runKeyword(WebUIKeywordMain.groovy:20)
	at com.kms.katalon.core.webui.keyword.builtin.VerifyElementTextKeyword.verifyElementText(VerifyElementTextKeyword.groovy:72)
	at com.kms.katalon.core.webui.keyword.builtin.VerifyElementTextKeyword.execute(VerifyElementTextKeyword.groovy:40)
	at com.kms.katalon.core.keyword.internal.KeywordExecutor.executeKeywordForPlatform(KeywordExecutor.groovy:73)
	at com.kms.katalon.core.webui.keyword.WebUiBuiltInKeywords.verifyElementText(WebUiBuiltInKeywords.groovy:4733)
	at com.kms.katalon.core.webui.keyword.WebUiBuiltInKeywords$verifyElementText$20.call(Unknown Source)
	at TablodaVeriBasariliMiArsiv.run(TablodaVeriBasariliMiArsiv:22)
	at com.kms.katalon.core.main.ScriptEngine.run(ScriptEngine.java:194)
	at com.kms.katalon.core.main.ScriptEngine.runScriptAsRawText(ScriptEngine.java:119)
	at com.kms.katalon.core.main.TestCaseExecutor.runScript(TestCaseExecutor.java:369)
	at com.kms.katalon.core.main.TestCaseExecutor.doExecute(TestCaseExecutor.java:360)
	at com.kms.katalon.core.main.TestCaseExecutor.processExecutionPhase(TestCaseExecutor.java:339)
	at com.kms.katalon.core.main.TestCaseExecutor.accessMainPhase(TestCaseExecutor.java:331)
	at com.kms.katalon.core.main.TestCaseExecutor.execute(TestCaseExecutor.java:248)
	at com.kms.katalon.core.main.TestCaseMain.runTestCase(TestCaseMain.java:138)
	at com.kms.katalon.core.keyword.builtin.CallTestCaseKeyword$_callTestCase_closure1.doCall(CallTestCaseKeyword.groovy:59)
	at com.kms.katalon.core.keyword.builtin.CallTestCaseKeyword$_callTestCase_closure1.call(CallTestCaseKeyword.groovy)
	at com.kms.katalon.core.keyword.internal.KeywordMain.runKeyword(KeywordMain.groovy:68)
	at com.kms.katalon.core.keyword.builtin.CallTestCaseKeyword.callTestCase(CallTestCaseKeyword.groovy:81)
	at com.kms.katalon.core.keyword.builtin.CallTestCaseKeyword.execute(CallTestCaseKeyword.groovy:44)
	at com.kms.katalon.core.keyword.internal.KeywordExecutor.executeKeywordForPlatform(KeywordExecutor.groovy:73)
	at com.kms.katalon.core.keyword.BuiltinKeywords.callTestCase(BuiltinKeywords.groovy:334)
	at tablo.tablo.tablodaVeriBasariliMiArsiv(tablo.groovy:95)
	at cucumber.runtime.Utils$1.call(Utils.java:26)
	at cucumber.runtime.Timeout.timeout(Timeout.java:16)
	at cucumber.runtime.Utils.invoke(Utils.java:20)
	at cucumber.runtime.java.JavaStepDefinition.execute(JavaStepDefinition.java:49)
	at cucumber.runner.PickleStepDefinitionMatch.runStep(PickleStepDefinitionMatch.java:50)
	at cucumber.runner.TestStep.executeStep(TestStep.java:63)
	at cucumber.runner.TestStep.run(TestStep.java:49)
	at cucumber.runner.PickleStepTestStep.run(PickleStepTestStep.java:43)
	at cucumber.runner.TestCase.run(TestCase.java:44)
	at cucumber.runner.Runner.runPickle(Runner.java:40)
	at cucumber.runtime.Runtime$1.run(Runtime.java:84)
	at cucumber.runtime.Runtime$SameThreadExecutorService.execute(Runtime.java:220)
	at cucumber.runtime.Runtime.run(Runtime.java:81)
	at cucumber.api.cli.Main.run(Main.java:26)
	at cucumber.api.cli.Main$run.call(Unknown Source)
	at com.kms.katalon.core.cucumber.keyword.CucumberBuiltinKeywords$_runFeatureFile_closure1.doCall(CucumberBuiltinKeywords.groovy:106)
	at com.kms.katalon.core.cucumber.keyword.CucumberBuiltinKeywords$_runFeatureFile_closure1.doCall(CucumberBuiltinKeywords.groovy)
	at com.kms.katalon.core.keyword.internal.KeywordMain.runKeyword(KeywordMain.groovy:68)
	at com.kms.katalon.core.keyword.internal.KeywordMain$runKeyword.call(Unknown Source)
	at com.kms.katalon.core.cucumber.keyword.CucumberBuiltinKeywords.runFeatureFile(CucumberBuiltinKeywords.groovy:73)
	at com.kms.katalon.core.cucumber.keyword.CucumberBuiltinKeywords$runFeatureFile$0.callStatic(Unknown Source)
	at com.kms.katalon.core.cucumber.keyword.CucumberBuiltinKeywords.runFeatureFile(CucumberBuiltinKeywords.groovy:246)
	at com.kms.katalon.core.cucumber.keyword.CucumberBuiltinKeywords$runFeatureFile.call(Unknown Source)
	at VKN-Kagit-Hal Satis.run(VKN-Kagit-Hal Satis:19)
	at com.kms.katalon.core.main.ScriptEngine.run(ScriptEngine.java:194)
	at com.kms.katalon.core.main.ScriptEngine.runScriptAsRawText(ScriptEngine.java:119)
	at com.kms.katalon.core.main.TestCaseExecutor.runScript(TestCaseExecutor.java:369)
	at com.kms.katalon.core.main.TestCaseExecutor.doExecute(TestCaseExecutor.java:360)
	at com.kms.katalon.core.main.TestCaseExecutor.processExecutionPhase(TestCaseExecutor.java:339)
	at com.kms.katalon.core.main.TestCaseExecutor.accessMainPhase(TestCaseExecutor.java:331)
	at com.kms.katalon.core.main.TestCaseExecutor.execute(TestCaseExecutor.java:248)
	at com.kms.katalon.core.main.TestSuiteExecutor.accessTestCaseMainPhase(TestSuiteExecutor.java:191)
	at com.kms.katalon.core.main.TestSuiteExecutor.accessTestSuiteMainPhase(TestSuiteExecutor.java:140)
	at com.kms.katalon.core.main.TestSuiteExecutor.execute(TestSuiteExecutor.java:89)
	at com.kms.katalon.core.main.TestCaseMain.startTestSuite(TestCaseMain.java:181)
	at com.kms.katalon.core.main.TestCaseMain$startTestSuite$0.call(Unknown Source)
	at TempTestSuite1634814289741.run(TempTestSuite1634814289741.groovy:39)
)

2021-10-21 14:28:42 - [TEST_STEP][PASSED] - Method.TextDegerineEsitElementVarMi(findTestObject("Object Repository/Tablo/DurumBilgisiArsiv"), "Başarılı"): Method.TextDegerineEsitElementVarMi is PASSED

2021-10-21 14:28:42 - [MESSAGE][INFO] - Finding Test Object 'Object Repository/Tablo/DurumBilgisiArsiv'

2021-10-21 14:28:42 - [MESSAGE][INFO] - Checking timeout

2021-10-21 14:28:42 - [MESSAGE][INFO] - Finding web element with id: 'Object Repository/Tablo/DurumBilgisiArsiv' located by 'By.xpath: //*[@id = 'GridViewEArchiveInvoices_tccell0_9']' in '10' second(s)

2021-10-21 14:28:42 - [MESSAGE][INFO] - Smart Wait Function is triggered

2021-10-21 14:28:42 - [MESSAGE][INFO] - Found 1 web elements with id: 'Object Repository/Tablo/DurumBilgisiArsiv' located by 'By.xpath: //*[@id = 'GridViewEArchiveInvoices_tccell0_9']' in '10' second(s)

2021-10-21 14:28:42 - [MESSAGE][PASSED] - Method.TextDegerineEsitElementVarMi is PASSED

2021-10-21 14:28:42 - [MESSAGE][PASSED] - Call Test Case 'Test Cases/Tablo/TablodaVeriBasariliMiArsiv' successfully

2021-10-21 14:28:42 - [MESSAGE][INFO] - Checking called Test Case

2021-10-21 14:28:42 - [MESSAGE][INFO] - Starting to call Test Case 'Test Cases/Kullanici_Islemleri/KullaniciIslemlerindenSecimYapilir'

2021-10-21 14:28:43 - [TEST_CASE][PASSED] - Test Cases/Kullanici_Islemleri/KullaniciIslemlerindenSecimYapilir: Test Cases/Kullanici_Islemleri/KullaniciIslemlerindenSecimYapilir

2021-10-21 14:28:43 - [TEST_STEP][PASSED] - waitForElementClickable(findTestObject("Object Repository/Kullanici_Islemleri/KullaniciIslemleri"), 10): Object 'Object Repository/Kullanici_Islemleri/KullaniciIslemleri' is clickable

2021-10-21 14:28:43 - [MESSAGE][INFO] - Finding Test Object 'Object Repository/Kullanici_Islemleri/KullaniciIslemleri'

2021-10-21 14:28:43 - [MESSAGE][INFO] - Checking object

2021-10-21 14:28:43 - [MESSAGE][INFO] - Checking timeout

2021-10-21 14:28:43 - [MESSAGE][INFO] - Finding web element from Test Object's properties

2021-10-21 14:28:43 - [MESSAGE][INFO] - Checking timeout

2021-10-21 14:28:43 - [MESSAGE][INFO] - Finding web element with id: 'Object Repository/Kullanici_Islemleri/KullaniciIslemleri' located by 'By.cssSelector: .dropdown>a>img' in '10' second(s)

2021-10-21 14:28:43 - [MESSAGE][INFO] - Smart Wait Function is triggered

2021-10-21 14:28:43 - [MESSAGE][INFO] - Found 1 web elements with id: 'Object Repository/Kullanici_Islemleri/KullaniciIslemleri' located by 'By.cssSelector: .dropdown>a>img' in '10' second(s)

2021-10-21 14:28:43 - [MESSAGE][PASSED] - Object 'Object Repository/Kullanici_Islemleri/KullaniciIslemleri' is clickable

2021-10-21 14:28:43 - [TEST_STEP][PASSED] - click(findTestObject("Object Repository/Kullanici_Islemleri/KullaniciIslemleri")): Object: 'Object Repository/Kullanici_Islemleri/KullaniciIslemleri' is clicked on

2021-10-21 14:28:43 - [MESSAGE][INFO] - Finding Test Object 'Object Repository/Kullanici_Islemleri/KullaniciIslemleri'

2021-10-21 14:28:43 - [MESSAGE][INFO] - Checking object

2021-10-21 14:28:43 - [MESSAGE][INFO] - Finding web element from Test Object's properties

2021-10-21 14:28:43 - [MESSAGE][INFO] - Checking timeout

2021-10-21 14:28:43 - [MESSAGE][INFO] - Finding web element with id: 'Object Repository/Kullanici_Islemleri/KullaniciIslemleri' located by 'By.cssSelector: .dropdown>a>img' in '30' second(s)

2021-10-21 14:28:43 - [MESSAGE][INFO] - Smart Wait Function is triggered

2021-10-21 14:28:43 - [MESSAGE][INFO] - Found 1 web elements with id: 'Object Repository/Kullanici_Islemleri/KullaniciIslemleri' located by 'By.cssSelector: .dropdown>a>img' in '30' second(s)

2021-10-21 14:28:43 - [MESSAGE][INFO] - Clicking on object: 'Object Repository/Kullanici_Islemleri/KullaniciIslemleri'

2021-10-21 14:28:43 - [MESSAGE][PASSED] - Object: 'Object Repository/Kullanici_Islemleri/KullaniciIslemleri' is clicked on

2021-10-21 14:28:43 - [TEST_STEP][PASSED] - Method.TextDegerineEsitElementeTikla(findTestObject("Object Repository/Kullanici_Islemleri/Secenekler"), Islem): Method.TextDegerineEsitElementeTikla is PASSED

2021-10-21 14:28:43 - [MESSAGE][INFO] - Finding Test Object 'Object Repository/Kullanici_Islemleri/Secenekler'

2021-10-21 14:28:43 - [MESSAGE][INFO] - Checking timeout

2021-10-21 14:28:43 - [MESSAGE][INFO] - Finding web element with id: 'Object Repository/Kullanici_Islemleri/Secenekler' located by 'By.cssSelector: .nav.navbar-nav.navbar-right li a' in '10' second(s)

2021-10-21 14:28:43 - [MESSAGE][INFO] - Smart Wait Function is triggered

2021-10-21 14:28:44 - [MESSAGE][INFO] - Found 22 web elements with id: 'Object Repository/Kullanici_Islemleri/Secenekler' located by 'By.cssSelector: .nav.navbar-nav.navbar-right li a' in '10' second(s)

2021-10-21 14:28:45 - [MESSAGE][PASSED] - Method.TextDegerineEsitElementeTikla is PASSED

2021-10-21 14:28:45 - [TEST_STEP][PASSED] - verifyElementNotPresent(findTestObject("Object Repository/Kullanici_Islemleri/Secenekler"), 10): Web element with id: 'Object Repository/Kullanici_Islemleri/Secenekler' located by 'By.cssSelector: .nav.navbar-nav.navbar-right li a' is not present after '10' second(s)

2021-10-21 14:28:45 - [MESSAGE][INFO] - Finding Test Object 'Object Repository/Kullanici_Islemleri/Secenekler'

2021-10-21 14:28:45 - [MESSAGE][INFO] - Checking object

2021-10-21 14:28:45 - [MESSAGE][INFO] - Checking timeout

2021-10-21 14:28:45 - [MESSAGE][INFO] - Finding web element with id: 'Object Repository/Kullanici_Islemleri/Secenekler' located by 'By.cssSelector: .nav.navbar-nav.navbar-right li a' in '10' second(s)

2021-10-21 14:28:45 - [MESSAGE][INFO] - Smart Wait Function is triggered

2021-10-21 14:28:46 - [MESSAGE][PASSED] - Web element with id: 'Object Repository/Kullanici_Islemleri/Secenekler' located by 'By.cssSelector: .nav.navbar-nav.navbar-right li a' is not present after '10' second(s)

2021-10-21 14:28:46 - [MESSAGE][PASSED] - Call Test Case 'Test Cases/Kullanici_Islemleri/KullaniciIslemlerindenSecimYapilir' successfully

2021-10-21 14:28:46 - [TEST_CASE][PASSED] - Start Test Case : SCENARIO Gonderim tipi Kagit ve Hal Satis tipinde e-Arsiv faturasi olusturulmasi: SCENARIO Gonderim tipi Kagit ve Hal Satis tipinde e-Arsiv faturasi olusturulmasi

2021-10-21 14:28:46 - [TEST_STEP][PASSED] - Kullanıcı adı HALSATIS ve Şifre test1234 olarak giriş yapılır: Kullanıcı adı HALSATIS ve Şifre test1234 olarak giriş yapılır

2021-10-21 14:28:46 - [MESSAGE][PASSED] - Kullanıcı adı HALSATIS ve Şifre test1234 olarak giriş yapılır

2021-10-21 14:28:46 - [TEST_STEP][PASSED] - Ana menüden e-Arşiv seçilir: Ana menüden e-Arşiv seçilir

2021-10-21 14:28:46 - [MESSAGE][PASSED] - Ana menüden e-Arşiv seçilir

2021-10-21 14:28:46 - [TEST_STEP][PASSED] - Alt menü e-Arşiv Araçları başlığı altındaki e-Arşiv Fatura Oluşturma seçilir: Alt menü e-Arşiv Araçları başlığı altındaki e-Arşiv Fatura Oluşturma seçilir

2021-10-21 14:28:46 - [MESSAGE][PASSED] - Alt menü e-Arşiv Araçları başlığı altındaki e-Arşiv Fatura Oluşturma seçilir

2021-10-21 14:28:46 - [TEST_STEP][PASSED] - Tablodaki tüm veriler silinir: Tablodaki tüm veriler silinir

2021-10-21 14:28:46 - [MESSAGE][PASSED] - Tablodaki tüm veriler silinir

2021-10-21 14:28:46 - [TEST_STEP][PASSED] - Butonlardan Ekle isimli butona tıklanır: Butonlardan Ekle isimli butona tıklanır

2021-10-21 14:28:46 - [MESSAGE][PASSED] - Butonlardan Ekle isimli butona tıklanır

2021-10-21 14:28:46 - [TEST_STEP][PASSED] - Görsel tasarım sayfasının e-Arşiv Fatura Bilgileri başlığını içerdiği kontrol edilir: Görsel tasarım sayfasının e-Arşiv Fatura Bilgileri başlığını içerdiği kontrol edilir

2021-10-21 14:28:46 - [MESSAGE][PASSED] - Görsel tasarım sayfasının e-Arşiv Fatura Bilgileri başlığını içerdiği kontrol edilir

2021-10-21 14:28:46 - [TEST_STEP][PASSED] - Alıcı adı alanına UC0010 girilir: Alıcı adı alanına UC0010 girilir

2021-10-21 14:28:46 - [MESSAGE][PASSED] - Alıcı adı alanına UC0010 girilir

2021-10-21 14:28:46 - [TEST_STEP][PASSED] - Gönderim Şekli Kağıt olarak seçilir: Gönderim Şekli Kağıt olarak seçilir

2021-10-21 14:28:46 - [MESSAGE][PASSED] - Gönderim Şekli Kağıt olarak seçilir

2021-10-21 14:28:46 - [TEST_STEP][PASSED] - Tip alanından Hal Satış seçilir: Tip alanından Hal Satış seçilir

2021-10-21 14:28:46 - [MESSAGE][PASSED] - Tip alanından Hal Satış seçilir

2021-10-21 14:28:46 - [TEST_STEP][PASSED] - Döküman Para Birimi alanından Türk Lirası seçilir: Döküman Para Birimi alanından Türk Lirası seçilir

2021-10-21 14:28:46 - [MESSAGE][PASSED] - Döküman Para Birimi alanından Türk Lirası seçilir

2021-10-21 14:28:46 - [TEST_STEP][PASSED] - Ön Ek YIG olarak seçilir: Ön Ek YIG olarak seçilir

2021-10-21 14:28:46 - [MESSAGE][PASSED] - Ön Ek YIG olarak seçilir

2021-10-21 14:28:46 - [TEST_STEP][PASSED] - Tasarım alanından Otomasyon seçilir: Tasarım alanından Otomasyon seçilir

2021-10-21 14:28:46 - [MESSAGE][PASSED] - Tasarım alanından Otomasyon seçilir

2021-10-21 14:28:46 - [TEST_STEP][PASSED] - Sipariş bilgileri UUC-SAT-1200001 ve 31.04.2020 olarak girilir: Sipariş bilgileri UUC-SAT-1200001 ve 31.04.2020 olarak girilir

2021-10-21 14:28:46 - [MESSAGE][PASSED] - Sipariş bilgileri UUC-SAT-1200001 ve 31.04.2020 olarak girilir

2021-10-21 14:28:46 - [TEST_STEP][PASSED] - İrsaliye Bilgileri AAAAAAAAAA,31.04.2020 olarak girilir: İrsaliye Bilgileri AAAAAAAAAA,31.04.2020 olarak girilir

2021-10-21 14:28:46 - [MESSAGE][PASSED] - İrsaliye Bilgileri AAAAAAAAAA,31.04.2020 olarak girilir

2021-10-21 14:28:46 - [TEST_STEP][PASSED] - Ekle butonuna basılır: Ekle butonuna basılır

2021-10-21 14:28:46 - [MESSAGE][PASSED] - Ekle butonuna basılır

2021-10-21 14:28:46 - [TEST_STEP][PASSED] - Ürün ekleme alanında Mal/Hizmet başlığına Otomasyon girilir: Ürün ekleme alanında Mal/Hizmet başlığına Otomasyon girilir

2021-10-21 14:28:46 - [MESSAGE][PASSED] - Ürün ekleme alanında Mal/Hizmet başlığına Otomasyon girilir

2021-10-21 14:28:46 - [TEST_STEP][PASSED] - Ürün ekleme alanında Açıklaması başlığına Virgosol girilir: Ürün ekleme alanında Açıklaması başlığına Virgosol girilir

2021-10-21 14:28:46 - [MESSAGE][PASSED] - Ürün ekleme alanında Açıklaması başlığına Virgosol girilir

2021-10-21 14:28:46 - [TEST_STEP][PASSED] - Ürün ekleme alanında Künye Numarası başlığına 1234567890123456789 girilir: Ürün ekleme alanında Künye Numarası başlığına 1234567890123456789 girilir

2021-10-21 14:28:46 - [MESSAGE][PASSED] - Ürün ekleme alanında Künye Numarası başlığına 1234567890123456789 girilir

2021-10-21 14:28:46 - [TEST_STEP][PASSED] - Ürün ekleme alanında Vkn/Tckn başlığına 24647325036 girilir: Ürün ekleme alanında Vkn/Tckn başlığına 24647325036 girilir

2021-10-21 14:28:46 - [MESSAGE][PASSED] - Ürün ekleme alanında Vkn/Tckn başlığına 24647325036 girilir

2021-10-21 14:28:46 - [TEST_STEP][PASSED] - Ürün ekleme alanında Mal Sahibi başlığına AAAAAAAAA girilir: Ürün ekleme alanında Mal Sahibi başlığına AAAAAAAAA girilir

2021-10-21 14:28:46 - [MESSAGE][PASSED] - Ürün ekleme alanında Mal Sahibi başlığına AAAAAAAAA girilir

2021-10-21 14:28:46 - [TEST_STEP][PASSED] - Ürün ekleme alanında Miktarı başlığına 400 girilir: Ürün ekleme alanında Miktarı başlığına 400 girilir

2021-10-21 14:28:46 - [MESSAGE][PASSED] - Ürün ekleme alanında Miktarı başlığına 400 girilir

2021-10-21 14:28:46 - [TEST_STEP][PASSED] - Ürün ekleme alanında Birim Fiyat başlığına 100 girilir: Ürün ekleme alanında Birim Fiyat başlığına 100 girilir

2021-10-21 14:28:46 - [MESSAGE][PASSED] - Ürün ekleme alanında Birim Fiyat başlığına 100 girilir

2021-10-21 14:28:46 - [TEST_STEP][PASSED] - Ürün ekleme alanında İskonto Oranı % başlığına 10 girilir: Ürün ekleme alanında İskonto Oranı % başlığına 10 girilir

2021-10-21 14:28:46 - [MESSAGE][PASSED] - Ürün ekleme alanında İskonto Oranı % başlığına 10 girilir

2021-10-21 14:28:46 - [TEST_STEP][PASSED] - Notlar alanına Otomasyon Not girilir: Notlar alanına Otomasyon Not girilir

2021-10-21 14:28:46 - [MESSAGE][PASSED] - Notlar alanına Otomasyon Not girilir

2021-10-21 14:28:46 - [TEST_STEP][PASSED] - Ettn bilgisi kayıt edilir: Ettn bilgisi kayıt edilir

2021-10-21 14:28:46 - [MESSAGE][PASSED] - Ettn bilgisi kayıt edilir

2021-10-21 14:28:46 - [TEST_STEP][PASSED] - Kaydet butonu seçilir: Kaydet butonu seçilir

2021-10-21 14:28:46 - [MESSAGE][PASSED] - Kaydet butonu seçilir

2021-10-21 14:28:46 - [TEST_STEP][PASSED] - Tabloda Ettn bilgisi kaydedilen veri oluşturuldu mu: Tabloda Ettn bilgisi kaydedilen veri oluşturuldu mu

2021-10-21 14:28:46 - [MESSAGE][PASSED] - Tabloda Ettn bilgisi kaydedilen veri oluşturuldu mu

2021-10-21 14:28:46 - [TEST_STEP][PASSED] - Tablodan Ettn bilgisi kaydedilen veri seçilir: Tablodan Ettn bilgisi kaydedilen veri seçilir

2021-10-21 14:28:46 - [MESSAGE][PASSED] - Tablodan Ettn bilgisi kaydedilen veri seçilir

2021-10-21 14:28:46 - [TEST_STEP][PASSED] - Butonlardan Numara Oluştur isimli butona tıklanır: Butonlardan Numara Oluştur isimli butona tıklanır

2021-10-21 14:28:46 - [MESSAGE][PASSED] - Butonlardan Numara Oluştur isimli butona tıklanır

2021-10-21 14:28:46 - [TEST_STEP][PASSED] - Popup mesajı Devam etmek istiyor musunuz içeriyor mu: Popup mesajı Devam etmek istiyor musunuz içeriyor mu

2021-10-21 14:28:46 - [MESSAGE][PASSED] - Popup mesajı Devam etmek istiyor musunuz içeriyor mu

2021-10-21 14:28:46 - [TEST_STEP][PASSED] - Yönetim popupında Evet seçilir: Yönetim popupında Evet seçilir

2021-10-21 14:28:46 - [MESSAGE][PASSED] - Yönetim popupında Evet seçilir

2021-10-21 14:28:46 - [TEST_STEP][PASSED] - Popup mesajı oluşmuştur içeriyor mu: Popup mesajı oluşmuştur içeriyor mu

2021-10-21 14:28:46 - [MESSAGE][PASSED] - Popup mesajı oluşmuştur içeriyor mu

2021-10-21 14:28:46 - [TEST_STEP][PASSED] - Yönetim popupında Tamam seçilir: Yönetim popupında Tamam seçilir

2021-10-21 14:28:46 - [MESSAGE][PASSED] - Yönetim popupında Tamam seçilir

2021-10-21 14:28:46 - [TEST_STEP][PASSED] - Tablodan Ettn bilgisi kaydedilen veri seçilir: Tablodan Ettn bilgisi kaydedilen veri seçilir

2021-10-21 14:28:46 - [MESSAGE][PASSED] - Tablodan Ettn bilgisi kaydedilen veri seçilir

2021-10-21 14:28:46 - [TEST_STEP][PASSED] - Butonlardan Gönder isimli butona tıklanır: Butonlardan Gönder isimli butona tıklanır

2021-10-21 14:28:46 - [MESSAGE][PASSED] - Butonlardan Gönder isimli butona tıklanır

2021-10-21 14:28:46 - [TEST_STEP][PASSED] - Popup mesajı Devam etmek istiyor musunuz içeriyor mu: Popup mesajı Devam etmek istiyor musunuz içeriyor mu

2021-10-21 14:28:46 - [MESSAGE][PASSED] - Popup mesajı Devam etmek istiyor musunuz içeriyor mu

2021-10-21 14:28:46 - [TEST_STEP][PASSED] - Yönetim popupında Evet seçilir: Yönetim popupında Evet seçilir

2021-10-21 14:28:46 - [MESSAGE][PASSED] - Yönetim popupında Evet seçilir

2021-10-21 14:28:46 - [TEST_STEP][PASSED] - Ana menüden e-Arşiv seçilir: Ana menüden e-Arşiv seçilir

2021-10-21 14:28:46 - [MESSAGE][PASSED] - Ana menüden e-Arşiv seçilir

2021-10-21 14:28:46 - [TEST_STEP][PASSED] - Alt menü e-Arşiv Hareketleri başlığı altındaki e-Arşiv Faturaları seçilir: Alt menü e-Arşiv Hareketleri başlığı altındaki e-Arşiv Faturaları seçilir

2021-10-21 14:28:46 - [MESSAGE][PASSED] - Alt menü e-Arşiv Hareketleri başlığı altındaki e-Arşiv Faturaları seçilir

2021-10-21 14:28:46 - [TEST_STEP][PASSED] - Filtrelerden Ettn filtresine Ettn bilgisi yaz: Filtrelerden Ettn filtresine Ettn bilgisi yaz

2021-10-21 14:28:46 - [MESSAGE][PASSED] - Filtrelerden Ettn filtresine Ettn bilgisi yaz

2021-10-21 14:28:46 - [TEST_STEP][PASSED] - Filtre butonlarından Listele seçilir: Filtre butonlarından Listele seçilir

2021-10-21 14:28:46 - [MESSAGE][PASSED] - Filtre butonlarından Listele seçilir

2021-10-21 14:28:46 - [TEST_STEP][PASSED] - Tabloda veri var mı kontrol edilir: Tabloda veri var mı kontrol edilir

2021-10-21 14:28:46 - [MESSAGE][PASSED] - Tabloda veri var mı kontrol edilir

2021-10-21 14:28:46 - [TEST_STEP][PASSED] - Tabloda yeni oluşturulan eArsiv verisi başarılı mı: Tabloda yeni oluşturulan eArsiv verisi başarılı mı

2021-10-21 14:28:46 - [MESSAGE][PASSED] - Tabloda yeni oluşturulan eArsiv verisi başarılı mı

2021-10-21 14:28:46 - [TEST_STEP][PASSED] - Kullanıcı işlemlerinden Çıkış seçilir: Kullanıcı işlemlerinden Çıkış seçilir

2021-10-21 14:28:46 - [MESSAGE][PASSED] - Kullanıcı işlemlerinden Çıkış seçilir

2021-10-21 14:28:46 - [MESSAGE][PASSED] - Feature file: 'Include/features/Regresyon/e-Arsiv/VKN-Kagit-Hal Satis.feature' was passed

2021-10-21 14:28:46 - [TEST_STEP][PASSED] - Start listener action : sampleAfterTestSuite: Invoke 'com.kms.katalon.core.annotation.AfterTestCase' method: 'Listener.sampleAfterTestSuite(...)' completed.

2021-10-21 14:28:46 - [MESSAGE][INFO] - Starting invoke 'com.kms.katalon.core.annotation.AfterTestCase' method: 'Listener.sampleAfterTestSuite(...)'

2021-10-21 14:28:46 - [TEST_STEP][PASSED] - closeBrowser(): Invoke 'com.kms.katalon.core.annotation.AfterTestCase' method: 'Listener.sampleAfterTestSuite(...)' completed.

2021-10-21 14:28:46 - [MESSAGE][INFO] - Closing browser

2021-10-21 14:28:46 - [MESSAGE][PASSED] - Browser is closed

2021-10-21 14:28:46 - [MESSAGE][INFO] - Invoke 'com.kms.katalon.core.annotation.AfterTestCase' method: 'Listener.sampleAfterTestSuite(...)' completed.]]></system-out>
         <system-err><![CDATA[]]></system-err>
      </testcase>
      <testcase name="Test Cases/Case Repository/Regresyon/e-Arsiv/VKN-Kagit-Iade" time="117.935" classname="Test Cases/Case Repository/Regresyon/e-Arsiv/VKN-Kagit-Iade" status="PASSED">
         <system-out><![CDATA[2021-10-21 14:28:46 - [TEST_CASE][PASSED] - Test Cases/Case Repository/Regresyon/e-Arsiv/VKN-Kagit-Iade: Test Cases/Case Repository/Regresyon/e-Arsiv/VKN-Kagit-Iade

2021-10-21 14:28:46 - [TEST_STEP][PASSED] - Start listener action : sampleBeforeTestSuite: Invoke 'com.kms.katalon.core.annotation.BeforeTestCase' method: 'Listener.sampleBeforeTestSuite(...)' completed.

2021-10-21 14:28:46 - [MESSAGE][INFO] - Starting invoke 'com.kms.katalon.core.annotation.BeforeTestCase' method: 'Listener.sampleBeforeTestSuite(...)'

2021-10-21 14:28:46 - [TEST_STEP][PASSED] - openBrowser(baseUrl): Browser is opened with url: 'https://efatura-stage.elogo.com.tr/'

2021-10-21 14:28:46 - [MESSAGE][INFO] - Opening browser

2021-10-21 14:28:46 - [MESSAGE][INFO] - Starting 'Chrome' driver

2021-10-21 14:28:46 - [MESSAGE][INFO] - User set preference: ['prefs', '{download.default_directory=C:\otomasyondownfiles}']

2021-10-21 14:28:46 - [MESSAGE][INFO] - Action delay is set to 0 milliseconds

2021-10-21 14:28:48 - [MESSAGE][INFO] - Navigating browser to: 'https://efatura-stage.elogo.com.tr/'

2021-10-21 14:28:51 - [MESSAGE][PASSED] - Browser is opened with url: 'https://efatura-stage.elogo.com.tr/'

2021-10-21 14:28:51 - [TEST_STEP][PASSED] - maximizeWindow(): Invoke 'com.kms.katalon.core.annotation.BeforeTestCase' method: 'Listener.sampleBeforeTestSuite(...)' completed.

2021-10-21 14:28:51 - [MESSAGE][INFO] - Maximizing current window

2021-10-21 14:28:51 - [MESSAGE][PASSED] - Current window maximized

2021-10-21 14:28:51 - [MESSAGE][INFO] - Invoke 'com.kms.katalon.core.annotation.BeforeTestCase' method: 'Listener.sampleBeforeTestSuite(...)' completed.

2021-10-21 14:28:51 - [TEST_STEP][PASSED] - runFeatureFile("Include/features/Regresyon/e-Arsiv/VKN-Kagit-Iade.feature"): Feature file: 'Include/features/Regresyon/e-Arsiv/VKN-Kagit-Iade.feature' was passed

2021-10-21 14:28:51 - [MESSAGE][INFO] - Starting run keyword runFeatureFile: 'Include/features/Regresyon/e-Arsiv/VKN-Kagit-Iade.feature' and extract report to folder: 'C:\Users\DELL\Downloads\EES_Katalon-main\Reports\20211021_140437\Suite Repository\Regresyon-eArsiv-eMakbuz\20211021_140449/cucumber_report/1634815731916'...

2021-10-21 14:28:51 - [MESSAGE][INFO] - Glue: []

2021-10-21 14:28:53 - [MESSAGE][INFO] - Checking called Test Case

2021-10-21 14:28:53 - [MESSAGE][INFO] - Starting to call Test Case 'Test Cases/Sayfalar/Giris_Sayfasi/Login'

2021-10-21 14:28:53 - [TEST_CASE][PASSED] - Test Cases/Sayfalar/Giris_Sayfasi/Login: Test Cases/Sayfalar/Giris_Sayfasi/Login

2021-10-21 14:28:53 - [TEST_STEP][PASSED] - Sayfa_Basligi = getWindowTitle(): Current window's title is: 'LOGO e-Fatura'

2021-10-21 14:28:53 - [MESSAGE][INFO] - Getting current window's title

2021-10-21 14:28:53 - [MESSAGE][PASSED] - Current window's title is: 'LOGO e-Fatura'

2021-10-21 14:28:53 - [TEST_STEP][PASSED] - verifyMatch(Sayfa_Basligi, "LOGO e-Fatura", false): Actual text 'LOGO e-Fatura' and expected text 'LOGO e-Fatura' are matched 

2021-10-21 14:28:53 - [MESSAGE][INFO] - Matching actual text 'LOGO e-Fatura' with expected text 'LOGO e-Fatura'

2021-10-21 14:28:53 - [MESSAGE][PASSED] - Actual text 'LOGO e-Fatura' and expected text 'LOGO e-Fatura' are matched 

2021-10-21 14:28:53 - [TEST_STEP][PASSED] - sendKeys(findTestObject("Sayfalar/Giris_Sayfasi/Firma_Kodu"), KullaniciAdi): Keys 'EARIADE' sent to object: 'Object Repository/Sayfalar/Giris_Sayfasi/Firma_Kodu'

2021-10-21 14:28:53 - [MESSAGE][INFO] - Finding Test Object 'Object Repository/Sayfalar/Giris_Sayfasi/Firma_Kodu'

2021-10-21 14:28:53 - [MESSAGE][INFO] - Sending keys 'EARIADE' to object: 'Object Repository/Sayfalar/Giris_Sayfasi/Firma_Kodu'

2021-10-21 14:28:53 - [MESSAGE][INFO] - Finding web element from Test Object's properties

2021-10-21 14:28:53 - [MESSAGE][INFO] - Checking timeout

2021-10-21 14:28:53 - [MESSAGE][INFO] - Finding web element with id: 'Object Repository/Sayfalar/Giris_Sayfasi/Firma_Kodu' located by 'By.xpath: //*[@id = 'AccountName']' in '30' second(s)

2021-10-21 14:28:53 - [MESSAGE][INFO] - Smart Wait Function is triggered

2021-10-21 14:28:54 - [MESSAGE][INFO] - Found 1 web elements with id: 'Object Repository/Sayfalar/Giris_Sayfasi/Firma_Kodu' located by 'By.xpath: //*[@id = 'AccountName']' in '30' second(s)

2021-10-21 14:28:54 - [MESSAGE][PASSED] - Keys 'EARIADE' sent to object: 'Object Repository/Sayfalar/Giris_Sayfasi/Firma_Kodu'

2021-10-21 14:28:54 - [TEST_STEP][PASSED] - sendKeys(findTestObject("Sayfalar/Giris_Sayfasi/Sifre"), Sifre): Keys 'test1234' sent to object: 'Object Repository/Sayfalar/Giris_Sayfasi/Sifre'

2021-10-21 14:28:54 - [MESSAGE][INFO] - Finding Test Object 'Object Repository/Sayfalar/Giris_Sayfasi/Sifre'

2021-10-21 14:28:54 - [MESSAGE][INFO] - Sending keys 'test1234' to object: 'Object Repository/Sayfalar/Giris_Sayfasi/Sifre'

2021-10-21 14:28:54 - [MESSAGE][INFO] - Finding web element from Test Object's properties

2021-10-21 14:28:54 - [MESSAGE][INFO] - Checking timeout

2021-10-21 14:28:54 - [MESSAGE][INFO] - Finding web element with id: 'Object Repository/Sayfalar/Giris_Sayfasi/Sifre' located by 'By.xpath: //*[@id = 'Password']' in '30' second(s)

2021-10-21 14:28:54 - [MESSAGE][INFO] - Smart Wait Function is triggered

2021-10-21 14:28:54 - [MESSAGE][INFO] - Found 1 web elements with id: 'Object Repository/Sayfalar/Giris_Sayfasi/Sifre' located by 'By.xpath: //*[@id = 'Password']' in '30' second(s)

2021-10-21 14:28:54 - [MESSAGE][PASSED] - Keys 'test1234' sent to object: 'Object Repository/Sayfalar/Giris_Sayfasi/Sifre'

2021-10-21 14:28:54 - [TEST_STEP][PASSED] - findWebElement(findTestObject("Sayfalar/Giris_Sayfasi/Giris_Butonu")).click(): Found 1 web elements with id: 'Object Repository/Sayfalar/Giris_Sayfasi/Giris_Butonu' located by 'By.cssSelector: #btnLogin' in '30' second(s)

2021-10-21 14:28:54 - [MESSAGE][INFO] - Finding Test Object 'Object Repository/Sayfalar/Giris_Sayfasi/Giris_Butonu'

2021-10-21 14:28:55 - [MESSAGE][INFO] - Finding web element from Test Object's properties

2021-10-21 14:28:55 - [MESSAGE][INFO] - Checking timeout

2021-10-21 14:28:55 - [MESSAGE][INFO] - Finding web element with id: 'Object Repository/Sayfalar/Giris_Sayfasi/Giris_Butonu' located by 'By.cssSelector: #btnLogin' in '30' second(s)

2021-10-21 14:28:55 - [MESSAGE][INFO] - Smart Wait Function is triggered

2021-10-21 14:28:55 - [MESSAGE][INFO] - Found 1 web elements with id: 'Object Repository/Sayfalar/Giris_Sayfasi/Giris_Butonu' located by 'By.cssSelector: #btnLogin' in '30' second(s)

2021-10-21 14:28:57 - [TEST_STEP][PASSED] - if (verifyElementPresent(findTestObject("Object Repository/Sayfalar/Giris_Sayfasi/RetveTamam_Butonu"), 5, OPTIONAL)): null

2021-10-21 14:28:57 - [MESSAGE][INFO] - Finding Test Object 'Object Repository/Sayfalar/Giris_Sayfasi/RetveTamam_Butonu'

2021-10-21 14:28:57 - [MESSAGE][INFO] - Checking object

2021-10-21 14:28:57 - [MESSAGE][INFO] - Finding web element from Test Object's properties

2021-10-21 14:28:57 - [MESSAGE][INFO] - Checking timeout

2021-10-21 14:28:57 - [MESSAGE][INFO] - Finding web element with id: 'Object Repository/Sayfalar/Giris_Sayfasi/RetveTamam_Butonu' located by 'By.xpath: //*[@class = 'btn btn-default']' in '5' second(s)

2021-10-21 14:28:57 - [MESSAGE][INFO] - Smart Wait Function is triggered

2021-10-21 14:28:57 - [MESSAGE][INFO] - Found 1 web elements with id: 'Object Repository/Sayfalar/Giris_Sayfasi/RetveTamam_Butonu' located by 'By.xpath: //*[@class = 'btn btn-default']' in '5' second(s)

2021-10-21 14:28:57 - [MESSAGE][PASSED] - Object 'Object Repository/Sayfalar/Giris_Sayfasi/RetveTamam_Butonu' is present

2021-10-21 14:28:57 - [TEST_STEP][PASSED] - click(findTestObject("Object Repository/Sayfalar/Giris_Sayfasi/RetveTamam_Butonu")): Object: 'Object Repository/Sayfalar/Giris_Sayfasi/RetveTamam_Butonu' is clicked on

2021-10-21 14:28:57 - [MESSAGE][INFO] - Finding Test Object 'Object Repository/Sayfalar/Giris_Sayfasi/RetveTamam_Butonu'

2021-10-21 14:28:57 - [MESSAGE][INFO] - Checking object

2021-10-21 14:28:57 - [MESSAGE][INFO] - Finding web element from Test Object's properties

2021-10-21 14:28:57 - [MESSAGE][INFO] - Checking timeout

2021-10-21 14:28:57 - [MESSAGE][INFO] - Finding web element with id: 'Object Repository/Sayfalar/Giris_Sayfasi/RetveTamam_Butonu' located by 'By.xpath: //*[@class = 'btn btn-default']' in '30' second(s)

2021-10-21 14:28:57 - [MESSAGE][INFO] - Smart Wait Function is triggered

2021-10-21 14:28:58 - [MESSAGE][INFO] - Found 1 web elements with id: 'Object Repository/Sayfalar/Giris_Sayfasi/RetveTamam_Butonu' located by 'By.xpath: //*[@class = 'btn btn-default']' in '30' second(s)

2021-10-21 14:28:58 - [MESSAGE][INFO] - Clicking on object: 'Object Repository/Sayfalar/Giris_Sayfasi/RetveTamam_Butonu'

2021-10-21 14:28:58 - [MESSAGE][PASSED] - Object: 'Object Repository/Sayfalar/Giris_Sayfasi/RetveTamam_Butonu' is clicked on

2021-10-21 14:28:58 - [TEST_STEP][PASSED] - click(findTestObject("Object Repository/Sayfalar/Giris_Sayfasi/RetveTamam_Butonu")): Object: 'Object Repository/Sayfalar/Giris_Sayfasi/RetveTamam_Butonu' is clicked on

2021-10-21 14:28:58 - [MESSAGE][INFO] - Finding Test Object 'Object Repository/Sayfalar/Giris_Sayfasi/RetveTamam_Butonu'

2021-10-21 14:28:58 - [MESSAGE][INFO] - Checking object

2021-10-21 14:28:58 - [MESSAGE][INFO] - Finding web element from Test Object's properties

2021-10-21 14:28:58 - [MESSAGE][INFO] - Checking timeout

2021-10-21 14:28:58 - [MESSAGE][INFO] - Finding web element with id: 'Object Repository/Sayfalar/Giris_Sayfasi/RetveTamam_Butonu' located by 'By.xpath: //*[@class = 'btn btn-default']' in '30' second(s)

2021-10-21 14:28:58 - [MESSAGE][INFO] - Smart Wait Function is triggered

2021-10-21 14:29:01 - [MESSAGE][INFO] - Found 1 web elements with id: 'Object Repository/Sayfalar/Giris_Sayfasi/RetveTamam_Butonu' located by 'By.xpath: //*[@class = 'btn btn-default']' in '30' second(s)

2021-10-21 14:29:01 - [MESSAGE][INFO] - Clicking on object: 'Object Repository/Sayfalar/Giris_Sayfasi/RetveTamam_Butonu'

2021-10-21 14:29:01 - [MESSAGE][PASSED] - Object: 'Object Repository/Sayfalar/Giris_Sayfasi/RetveTamam_Butonu' is clicked on

2021-10-21 14:29:01 - [TEST_STEP][PASSED] - if (verifyElementPresent(findTestObject("Sayfalar/Giris_Sayfasi/PopupOK"), 5, OPTIONAL)): com.kms.katalon.core.webui.exception.WebElementNotFoundException: Web element with id: 'Object Repository/Sayfalar/Giris_Sayfasi/PopupOK' located by '.btn.btn-success' not found (Root cause: com.kms.katalon.core.exception.StepFailedException: com.kms.katalon.core.webui.exception.WebElementNotFoundException: Web element with id: 'Object Repository/Sayfalar/Giris_Sayfasi/PopupOK' located by '.btn.btn-success' not found
	at com.kms.katalon.core.webui.keyword.internal.WebUIKeywordMain.stepFailed(WebUIKeywordMain.groovy:64)
	at com.kms.katalon.core.webui.keyword.builtin.VerifyElementPresentKeyword$_verifyElementPresent_closure1.doCall(VerifyElementPresentKeyword.groovy:85)
	at com.kms.katalon.core.webui.keyword.builtin.VerifyElementPresentKeyword$_verifyElementPresent_closure1.call(VerifyElementPresentKeyword.groovy)
	at com.kms.katalon.core.webui.keyword.internal.WebUIKeywordMain.runKeyword(WebUIKeywordMain.groovy:20)
	at com.kms.katalon.core.webui.keyword.builtin.VerifyElementPresentKeyword.verifyElementPresent(VerifyElementPresentKeyword.groovy:92)
	at com.kms.katalon.core.webui.keyword.builtin.VerifyElementPresentKeyword.execute(VerifyElementPresentKeyword.groovy:68)
	at com.kms.katalon.core.keyword.internal.KeywordExecutor.executeKeywordForPlatform(KeywordExecutor.groovy:73)
	at com.kms.katalon.core.webui.keyword.WebUiBuiltInKeywords.verifyElementPresent(WebUiBuiltInKeywords.groovy:1448)
	at com.kms.katalon.core.webui.keyword.WebUiBuiltInKeywords$verifyElementPresent$4.call(Unknown Source)
	at Login.run(Login:40)
	at com.kms.katalon.core.main.ScriptEngine.run(ScriptEngine.java:194)
	at com.kms.katalon.core.main.ScriptEngine.runScriptAsRawText(ScriptEngine.java:119)
	at com.kms.katalon.core.main.TestCaseExecutor.runScript(TestCaseExecutor.java:369)
	at com.kms.katalon.core.main.TestCaseExecutor.doExecute(TestCaseExecutor.java:360)
	at com.kms.katalon.core.main.TestCaseExecutor.processExecutionPhase(TestCaseExecutor.java:339)
	at com.kms.katalon.core.main.TestCaseExecutor.accessMainPhase(TestCaseExecutor.java:331)
	at com.kms.katalon.core.main.TestCaseExecutor.execute(TestCaseExecutor.java:248)
	at com.kms.katalon.core.main.TestCaseMain.runTestCase(TestCaseMain.java:138)
	at com.kms.katalon.core.keyword.builtin.CallTestCaseKeyword$_callTestCase_closure1.doCall(CallTestCaseKeyword.groovy:59)
	at com.kms.katalon.core.keyword.builtin.CallTestCaseKeyword$_callTestCase_closure1.call(CallTestCaseKeyword.groovy)
	at com.kms.katalon.core.keyword.internal.KeywordMain.runKeyword(KeywordMain.groovy:68)
	at com.kms.katalon.core.keyword.builtin.CallTestCaseKeyword.callTestCase(CallTestCaseKeyword.groovy:81)
	at com.kms.katalon.core.keyword.builtin.CallTestCaseKeyword.execute(CallTestCaseKeyword.groovy:44)
	at com.kms.katalon.core.keyword.internal.KeywordExecutor.executeKeywordForPlatform(KeywordExecutor.groovy:73)
	at com.kms.katalon.core.keyword.BuiltinKeywords.callTestCase(BuiltinKeywords.groovy:334)
	at sayfalar.girisSayfasi.login(girisSayfasi.groovy:50)
	at cucumber.runtime.Utils$1.call(Utils.java:26)
	at cucumber.runtime.Timeout.timeout(Timeout.java:16)
	at cucumber.runtime.Utils.invoke(Utils.java:20)
	at cucumber.runtime.java.JavaStepDefinition.execute(JavaStepDefinition.java:49)
	at cucumber.runner.PickleStepDefinitionMatch.runStep(PickleStepDefinitionMatch.java:50)
	at cucumber.runner.TestStep.executeStep(TestStep.java:63)
	at cucumber.runner.TestStep.run(TestStep.java:49)
	at cucumber.runner.PickleStepTestStep.run(PickleStepTestStep.java:43)
	at cucumber.runner.TestCase.run(TestCase.java:44)
	at cucumber.runner.Runner.runPickle(Runner.java:40)
	at cucumber.runtime.Runtime$1.run(Runtime.java:84)
	at cucumber.runtime.Runtime$SameThreadExecutorService.execute(Runtime.java:220)
	at cucumber.runtime.Runtime.run(Runtime.java:81)
	at cucumber.api.cli.Main.run(Main.java:26)
	at cucumber.api.cli.Main$run.call(Unknown Source)
	at com.kms.katalon.core.cucumber.keyword.CucumberBuiltinKeywords$_runFeatureFile_closure1.doCall(CucumberBuiltinKeywords.groovy:106)
	at com.kms.katalon.core.cucumber.keyword.CucumberBuiltinKeywords$_runFeatureFile_closure1.doCall(CucumberBuiltinKeywords.groovy)
	at com.kms.katalon.core.keyword.internal.KeywordMain.runKeyword(KeywordMain.groovy:68)
	at com.kms.katalon.core.keyword.internal.KeywordMain$runKeyword.call(Unknown Source)
	at com.kms.katalon.core.cucumber.keyword.CucumberBuiltinKeywords.runFeatureFile(CucumberBuiltinKeywords.groovy:73)
	at com.kms.katalon.core.cucumber.keyword.CucumberBuiltinKeywords$runFeatureFile$0.callStatic(Unknown Source)
	at com.kms.katalon.core.cucumber.keyword.CucumberBuiltinKeywords.runFeatureFile(CucumberBuiltinKeywords.groovy:246)
	at com.kms.katalon.core.cucumber.keyword.CucumberBuiltinKeywords$runFeatureFile.call(Unknown Source)
	at VKN-Kagit-Iade.run(VKN-Kagit-Iade:19)
	at com.kms.katalon.core.main.ScriptEngine.run(ScriptEngine.java:194)
	at com.kms.katalon.core.main.ScriptEngine.runScriptAsRawText(ScriptEngine.java:119)
	at com.kms.katalon.core.main.TestCaseExecutor.runScript(TestCaseExecutor.java:369)
	at com.kms.katalon.core.main.TestCaseExecutor.doExecute(TestCaseExecutor.java:360)
	at com.kms.katalon.core.main.TestCaseExecutor.processExecutionPhase(TestCaseExecutor.java:339)
	at com.kms.katalon.core.main.TestCaseExecutor.accessMainPhase(TestCaseExecutor.java:331)
	at com.kms.katalon.core.main.TestCaseExecutor.execute(TestCaseExecutor.java:248)
	at com.kms.katalon.core.main.TestSuiteExecutor.accessTestCaseMainPhase(TestSuiteExecutor.java:191)
	at com.kms.katalon.core.main.TestSuiteExecutor.accessTestSuiteMainPhase(TestSuiteExecutor.java:140)
	at com.kms.katalon.core.main.TestSuiteExecutor.execute(TestSuiteExecutor.java:89)
	at com.kms.katalon.core.main.TestCaseMain.startTestSuite(TestCaseMain.java:181)
	at com.kms.katalon.core.main.TestCaseMain$startTestSuite$0.call(Unknown Source)
	at TempTestSuite1634814289741.run(TempTestSuite1634814289741.groovy:39)
)

2021-10-21 14:29:01 - [MESSAGE][INFO] - Finding Test Object 'Object Repository/Sayfalar/Giris_Sayfasi/PopupOK'

2021-10-21 14:29:01 - [MESSAGE][INFO] - Checking object

2021-10-21 14:29:01 - [MESSAGE][INFO] - Finding web element from Test Object's properties

2021-10-21 14:29:01 - [MESSAGE][INFO] - Checking timeout

2021-10-21 14:29:01 - [MESSAGE][INFO] - Finding web element with id: 'Object Repository/Sayfalar/Giris_Sayfasi/PopupOK' located by 'By.cssSelector: .btn.btn-success' in '5' second(s)

2021-10-21 14:29:01 - [MESSAGE][INFO] - Smart Wait Function is triggered

2021-10-21 14:29:02 - [MESSAGE][INFO] - Smart Wait Function is triggered

2021-10-21 14:29:02 - [MESSAGE][INFO] - Smart Wait Function is triggered

2021-10-21 14:29:03 - [MESSAGE][INFO] - Smart Wait Function is triggered

2021-10-21 14:29:03 - [MESSAGE][INFO] - Smart Wait Function is triggered

2021-10-21 14:29:04 - [MESSAGE][INFO] - Smart Wait Function is triggered

2021-10-21 14:29:04 - [MESSAGE][INFO] - Smart Wait Function is triggered

2021-10-21 14:29:04 - [MESSAGE][INFO] - Smart Wait Function is triggered

2021-10-21 14:29:05 - [MESSAGE][INFO] - Smart Wait Function is triggered

2021-10-21 14:29:05 - [MESSAGE][INFO] - Smart Wait Function is triggered

2021-10-21 14:29:05 - [MESSAGE][INFO] - Smart Wait Function is triggered

2021-10-21 14:29:05 - [MESSAGE][INFO] - Smart Wait Function is triggered

2021-10-21 14:29:06 - [MESSAGE][INFO] - Smart Wait Function is triggered

2021-10-21 14:29:06 - [MESSAGE][INFO] - Smart Wait Function is triggered

2021-10-21 14:29:07 - [MESSAGE][INFO] - Smart Wait Function is triggered

2021-10-21 14:29:07 - [MESSAGE][INFO] - Smart Wait Function is triggered

2021-10-21 14:29:07 - [MESSAGE][INFO] - Unable to find the element located by 'By.cssSelector: .btn.btn-success'. Please recheck the objects properties to make sure the desired element is located. 

2021-10-21 14:29:07 - [MESSAGE][WARNING] - com.kms.katalon.core.webui.exception.WebElementNotFoundException: Web element with id: 'Object Repository/Sayfalar/Giris_Sayfasi/PopupOK' located by '.btn.btn-success' not found (Root cause: com.kms.katalon.core.exception.StepFailedException: com.kms.katalon.core.webui.exception.WebElementNotFoundException: Web element with id: 'Object Repository/Sayfalar/Giris_Sayfasi/PopupOK' located by '.btn.btn-success' not found
	at com.kms.katalon.core.webui.keyword.internal.WebUIKeywordMain.stepFailed(WebUIKeywordMain.groovy:64)
	at com.kms.katalon.core.webui.keyword.builtin.VerifyElementPresentKeyword$_verifyElementPresent_closure1.doCall(VerifyElementPresentKeyword.groovy:85)
	at com.kms.katalon.core.webui.keyword.builtin.VerifyElementPresentKeyword$_verifyElementPresent_closure1.call(VerifyElementPresentKeyword.groovy)
	at com.kms.katalon.core.webui.keyword.internal.WebUIKeywordMain.runKeyword(WebUIKeywordMain.groovy:20)
	at com.kms.katalon.core.webui.keyword.builtin.VerifyElementPresentKeyword.verifyElementPresent(VerifyElementPresentKeyword.groovy:92)
	at com.kms.katalon.core.webui.keyword.builtin.VerifyElementPresentKeyword.execute(VerifyElementPresentKeyword.groovy:68)
	at com.kms.katalon.core.keyword.internal.KeywordExecutor.executeKeywordForPlatform(KeywordExecutor.groovy:73)
	at com.kms.katalon.core.webui.keyword.WebUiBuiltInKeywords.verifyElementPresent(WebUiBuiltInKeywords.groovy:1448)
	at com.kms.katalon.core.webui.keyword.WebUiBuiltInKeywords$verifyElementPresent$4.call(Unknown Source)
	at Login.run(Login:40)
	at com.kms.katalon.core.main.ScriptEngine.run(ScriptEngine.java:194)
	at com.kms.katalon.core.main.ScriptEngine.runScriptAsRawText(ScriptEngine.java:119)
	at com.kms.katalon.core.main.TestCaseExecutor.runScript(TestCaseExecutor.java:369)
	at com.kms.katalon.core.main.TestCaseExecutor.doExecute(TestCaseExecutor.java:360)
	at com.kms.katalon.core.main.TestCaseExecutor.processExecutionPhase(TestCaseExecutor.java:339)
	at com.kms.katalon.core.main.TestCaseExecutor.accessMainPhase(TestCaseExecutor.java:331)
	at com.kms.katalon.core.main.TestCaseExecutor.execute(TestCaseExecutor.java:248)
	at com.kms.katalon.core.main.TestCaseMain.runTestCase(TestCaseMain.java:138)
	at com.kms.katalon.core.keyword.builtin.CallTestCaseKeyword$_callTestCase_closure1.doCall(CallTestCaseKeyword.groovy:59)
	at com.kms.katalon.core.keyword.builtin.CallTestCaseKeyword$_callTestCase_closure1.call(CallTestCaseKeyword.groovy)
	at com.kms.katalon.core.keyword.internal.KeywordMain.runKeyword(KeywordMain.groovy:68)
	at com.kms.katalon.core.keyword.builtin.CallTestCaseKeyword.callTestCase(CallTestCaseKeyword.groovy:81)
	at com.kms.katalon.core.keyword.builtin.CallTestCaseKeyword.execute(CallTestCaseKeyword.groovy:44)
	at com.kms.katalon.core.keyword.internal.KeywordExecutor.executeKeywordForPlatform(KeywordExecutor.groovy:73)
	at com.kms.katalon.core.keyword.BuiltinKeywords.callTestCase(BuiltinKeywords.groovy:334)
	at sayfalar.girisSayfasi.login(girisSayfasi.groovy:50)
	at cucumber.runtime.Utils$1.call(Utils.java:26)
	at cucumber.runtime.Timeout.timeout(Timeout.java:16)
	at cucumber.runtime.Utils.invoke(Utils.java:20)
	at cucumber.runtime.java.JavaStepDefinition.execute(JavaStepDefinition.java:49)
	at cucumber.runner.PickleStepDefinitionMatch.runStep(PickleStepDefinitionMatch.java:50)
	at cucumber.runner.TestStep.executeStep(TestStep.java:63)
	at cucumber.runner.TestStep.run(TestStep.java:49)
	at cucumber.runner.PickleStepTestStep.run(PickleStepTestStep.java:43)
	at cucumber.runner.TestCase.run(TestCase.java:44)
	at cucumber.runner.Runner.runPickle(Runner.java:40)
	at cucumber.runtime.Runtime$1.run(Runtime.java:84)
	at cucumber.runtime.Runtime$SameThreadExecutorService.execute(Runtime.java:220)
	at cucumber.runtime.Runtime.run(Runtime.java:81)
	at cucumber.api.cli.Main.run(Main.java:26)
	at cucumber.api.cli.Main$run.call(Unknown Source)
	at com.kms.katalon.core.cucumber.keyword.CucumberBuiltinKeywords$_runFeatureFile_closure1.doCall(CucumberBuiltinKeywords.groovy:106)
	at com.kms.katalon.core.cucumber.keyword.CucumberBuiltinKeywords$_runFeatureFile_closure1.doCall(CucumberBuiltinKeywords.groovy)
	at com.kms.katalon.core.keyword.internal.KeywordMain.runKeyword(KeywordMain.groovy:68)
	at com.kms.katalon.core.keyword.internal.KeywordMain$runKeyword.call(Unknown Source)
	at com.kms.katalon.core.cucumber.keyword.CucumberBuiltinKeywords.runFeatureFile(CucumberBuiltinKeywords.groovy:73)
	at com.kms.katalon.core.cucumber.keyword.CucumberBuiltinKeywords$runFeatureFile$0.callStatic(Unknown Source)
	at com.kms.katalon.core.cucumber.keyword.CucumberBuiltinKeywords.runFeatureFile(CucumberBuiltinKeywords.groovy:246)
	at com.kms.katalon.core.cucumber.keyword.CucumberBuiltinKeywords$runFeatureFile.call(Unknown Source)
	at VKN-Kagit-Iade.run(VKN-Kagit-Iade:19)
	at com.kms.katalon.core.main.ScriptEngine.run(ScriptEngine.java:194)
	at com.kms.katalon.core.main.ScriptEngine.runScriptAsRawText(ScriptEngine.java:119)
	at com.kms.katalon.core.main.TestCaseExecutor.runScript(TestCaseExecutor.java:369)
	at com.kms.katalon.core.main.TestCaseExecutor.doExecute(TestCaseExecutor.java:360)
	at com.kms.katalon.core.main.TestCaseExecutor.processExecutionPhase(TestCaseExecutor.java:339)
	at com.kms.katalon.core.main.TestCaseExecutor.accessMainPhase(TestCaseExecutor.java:331)
	at com.kms.katalon.core.main.TestCaseExecutor.execute(TestCaseExecutor.java:248)
	at com.kms.katalon.core.main.TestSuiteExecutor.accessTestCaseMainPhase(TestSuiteExecutor.java:191)
	at com.kms.katalon.core.main.TestSuiteExecutor.accessTestSuiteMainPhase(TestSuiteExecutor.java:140)
	at com.kms.katalon.core.main.TestSuiteExecutor.execute(TestSuiteExecutor.java:89)
	at com.kms.katalon.core.main.TestCaseMain.startTestSuite(TestCaseMain.java:181)
	at com.kms.katalon.core.main.TestCaseMain$startTestSuite$0.call(Unknown Source)
	at TempTestSuite1634814289741.run(TempTestSuite1634814289741.groovy:39)
)

2021-10-21 14:29:07 - [TEST_STEP][PASSED] - verifyElementVisible(findTestObject("Object Repository/Kullanici_Islemleri/KullaniciIslemleri")): Object 'Object Repository/Kullanici_Islemleri/KullaniciIslemleri' is visible

2021-10-21 14:29:07 - [MESSAGE][INFO] - Finding Test Object 'Object Repository/Kullanici_Islemleri/KullaniciIslemleri'

2021-10-21 14:29:08 - [MESSAGE][INFO] - Checking object

2021-10-21 14:29:08 - [MESSAGE][INFO] - Finding web element from Test Object's properties

2021-10-21 14:29:08 - [MESSAGE][INFO] - Checking timeout

2021-10-21 14:29:08 - [MESSAGE][INFO] - Finding web element with id: 'Object Repository/Kullanici_Islemleri/KullaniciIslemleri' located by 'By.cssSelector: .dropdown>a>img' in '30' second(s)

2021-10-21 14:29:08 - [MESSAGE][INFO] - Smart Wait Function is triggered

2021-10-21 14:29:08 - [MESSAGE][INFO] - Found 1 web elements with id: 'Object Repository/Kullanici_Islemleri/KullaniciIslemleri' located by 'By.cssSelector: .dropdown>a>img' in '30' second(s)

2021-10-21 14:29:08 - [MESSAGE][PASSED] - Object 'Object Repository/Kullanici_Islemleri/KullaniciIslemleri' is visible

2021-10-21 14:29:08 - [MESSAGE][PASSED] - Call Test Case 'Test Cases/Sayfalar/Giris_Sayfasi/Login' successfully

2021-10-21 14:29:08 - [MESSAGE][INFO] - Checking called Test Case

2021-10-21 14:29:08 - [MESSAGE][INFO] - Starting to call Test Case 'Test Cases/Menu/AnaMenuSecimi'

2021-10-21 14:29:08 - [TEST_CASE][PASSED] - Test Cases/Menu/AnaMenuSecimi: Test Cases/Menu/AnaMenuSecimi

2021-10-21 14:29:08 - [TEST_STEP][PASSED] - Method.TextDegerineEsitElementeTikla(findTestObject("Menu/Ana_Menu"), Ana_Menu): Method.TextDegerineEsitElementeTikla is PASSED

2021-10-21 14:29:08 - [MESSAGE][INFO] - Finding Test Object 'Object Repository/Menu/Ana_Menu'

2021-10-21 14:29:08 - [MESSAGE][INFO] - Checking timeout

2021-10-21 14:29:08 - [MESSAGE][INFO] - Finding web element with id: 'Object Repository/Menu/Ana_Menu' located by 'By.xpath: //*[@class = 'dropdown-toggle']' in '10' second(s)

2021-10-21 14:29:08 - [MESSAGE][INFO] - Smart Wait Function is triggered

2021-10-21 14:29:09 - [MESSAGE][INFO] - Found 13 web elements with id: 'Object Repository/Menu/Ana_Menu' located by 'By.xpath: //*[@class = 'dropdown-toggle']' in '10' second(s)

2021-10-21 14:29:09 - [MESSAGE][PASSED] - Method.TextDegerineEsitElementeTikla is PASSED

2021-10-21 14:29:09 - [MESSAGE][PASSED] - Call Test Case 'Test Cases/Menu/AnaMenuSecimi' successfully

2021-10-21 14:29:09 - [MESSAGE][INFO] - Checking called Test Case

2021-10-21 14:29:09 - [MESSAGE][INFO] - Starting to call Test Case 'Test Cases/Menu/BasligaGoreAltMenuSecimi'

2021-10-21 14:29:09 - [TEST_CASE][PASSED] - Test Cases/Menu/BasligaGoreAltMenuSecimi: Test Cases/Menu/BasligaGoreAltMenuSecimi

2021-10-21 14:29:09 - [TEST_STEP][PASSED] - Method.TextDegerineEsitElementinAltindakiTextDegerineEsitOlanaTikla(findTestObject("Menu/Menu_Basligi"), findTestObject("Menu/Basliga_Gore_Alt_Menu"), Baslik, Alt_Menu): Method.TextDegerineEsitElementinAltindakiTextDegerineEsitOlanaTikla is PASSED

2021-10-21 14:29:09 - [MESSAGE][INFO] - Finding Test Object 'Object Repository/Menu/Menu_Basligi'

2021-10-21 14:29:09 - [MESSAGE][INFO] - Finding Test Object 'Object Repository/Menu/Basliga_Gore_Alt_Menu'

2021-10-21 14:29:09 - [MESSAGE][INFO] - Checking timeout

2021-10-21 14:29:09 - [MESSAGE][INFO] - Finding web element with id: 'Object Repository/Menu/Menu_Basligi' located by 'By.xpath: //li[@class='dropdown dropdown-large open']//li[@class='dropdown-header']' in '10' second(s)

2021-10-21 14:29:09 - [MESSAGE][INFO] - Smart Wait Function is triggered

2021-10-21 14:29:09 - [MESSAGE][INFO] - Found 2 web elements with id: 'Object Repository/Menu/Menu_Basligi' located by 'By.xpath: //li[@class='dropdown dropdown-large open']//li[@class='dropdown-header']' in '10' second(s)

2021-10-21 14:29:09 - [MESSAGE][INFO] - Smart Wait Function is triggered

2021-10-21 14:29:12 - [MESSAGE][PASSED] - Method.TextDegerineEsitElementinAltindakiTextDegerineEsitOlanaTikla is PASSED

2021-10-21 14:29:12 - [MESSAGE][PASSED] - Call Test Case 'Test Cases/Menu/BasligaGoreAltMenuSecimi' successfully

2021-10-21 14:29:12 - [MESSAGE][INFO] - Checking called Test Case

2021-10-21 14:29:12 - [MESSAGE][INFO] - Starting to call Test Case 'Test Cases/Tablo/Olusturma Tarihi'

2021-10-21 14:29:12 - [TEST_CASE][PASSED] - Test Cases/Tablo/Olusturma Tarihi: Test Cases/Tablo/Olusturma Tarihi

2021-10-21 14:29:12 - [TEST_STEP][PASSED] - if (verifyTextNotPresent("Görüntülenecek veri yok", true, OPTIONAL)): null

2021-10-21 14:29:12 - [MESSAGE][INFO] - Checking text present  using regular expression

2021-10-21 14:29:12 - [MESSAGE][INFO] - Smart Wait Function is triggered

2021-10-21 14:29:13 - [MESSAGE][INFO] - Finding text 'Görüntülenecek veri yok' on page  using regular expression

2021-10-21 14:29:13 - [MESSAGE][PASSED] - Text 'Görüntülenecek veri yok' is not present on page using regular expression

2021-10-21 14:29:13 - [TEST_STEP][PASSED] - click(findTestObject("Temizle/Olusturma_Tarihi_CheckBox")): Object: 'Object Repository/Temizle/Olusturma_Tarihi_CheckBox' is clicked on

2021-10-21 14:29:13 - [MESSAGE][INFO] - Finding Test Object 'Object Repository/Temizle/Olusturma_Tarihi_CheckBox'

2021-10-21 14:29:13 - [MESSAGE][INFO] - Checking object

2021-10-21 14:29:13 - [MESSAGE][INFO] - Finding web element from Test Object's properties

2021-10-21 14:29:13 - [MESSAGE][INFO] - Checking timeout

2021-10-21 14:29:13 - [MESSAGE][INFO] - Finding web element with id: 'Object Repository/Temizle/Olusturma_Tarihi_CheckBox' located by 'By.xpath: //*[@title = 'Bu sayfadaki tüm satırları Seç']' in '30' second(s)

2021-10-21 14:29:13 - [MESSAGE][INFO] - Smart Wait Function is triggered

2021-10-21 14:29:13 - [MESSAGE][INFO] - Found 1 web elements with id: 'Object Repository/Temizle/Olusturma_Tarihi_CheckBox' located by 'By.xpath: //*[@title = 'Bu sayfadaki tüm satırları Seç']' in '30' second(s)

2021-10-21 14:29:13 - [MESSAGE][INFO] - Clicking on object: 'Object Repository/Temizle/Olusturma_Tarihi_CheckBox'

2021-10-21 14:29:13 - [MESSAGE][PASSED] - Object: 'Object Repository/Temizle/Olusturma_Tarihi_CheckBox' is clicked on

2021-10-21 14:29:13 - [TEST_STEP][PASSED] - Method.TextDegerineEsitElementeTiklaEquals(findTestObject("Butonlar/Butonlar"), "Sil"): Method.TextDegerineEsitElementeTiklaEquals is PASSED

2021-10-21 14:29:13 - [MESSAGE][INFO] - Finding Test Object 'Object Repository/Butonlar/Butonlar'

2021-10-21 14:29:13 - [MESSAGE][INFO] - Checking timeout

2021-10-21 14:29:13 - [MESSAGE][INFO] - Finding web element with id: 'Object Repository/Butonlar/Butonlar' located by 'By.cssSelector: .panel.panel-default.text-center.footerPanel .btn,.btn.btn-primary.btnControls' in '10' second(s)

2021-10-21 14:29:13 - [MESSAGE][INFO] - Smart Wait Function is triggered

2021-10-21 14:29:14 - [MESSAGE][INFO] - Found 10 web elements with id: 'Object Repository/Butonlar/Butonlar' located by 'By.cssSelector: .panel.panel-default.text-center.footerPanel .btn,.btn.btn-primary.btnControls' in '10' second(s)

2021-10-21 14:29:14 - [MESSAGE][PASSED] - Method.TextDegerineEsitElementeTiklaEquals is PASSED

2021-10-21 14:29:14 - [TEST_STEP][PASSED] - Method.TextDegerineEsitElementeTikla(findTestObject("Popup/Popup_Butons"), "Evet"): Method.TextDegerineEsitElementeTikla is PASSED

2021-10-21 14:29:14 - [MESSAGE][INFO] - Finding Test Object 'Object Repository/Popup/Popup_Butons'

2021-10-21 14:29:14 - [MESSAGE][INFO] - Checking timeout

2021-10-21 14:29:14 - [MESSAGE][INFO] - Finding web element with id: 'Object Repository/Popup/Popup_Butons' located by 'By.cssSelector: .modal-footer>button' in '10' second(s)

2021-10-21 14:29:14 - [MESSAGE][INFO] - Smart Wait Function is triggered

2021-10-21 14:29:15 - [MESSAGE][INFO] - Found 2 web elements with id: 'Object Repository/Popup/Popup_Butons' located by 'By.cssSelector: .modal-footer>button' in '10' second(s)

2021-10-21 14:29:15 - [MESSAGE][PASSED] - Method.TextDegerineEsitElementeTikla is PASSED

2021-10-21 14:29:15 - [TEST_STEP][PASSED] - Method.TextDegerineEsitElementeTikla(findTestObject("Popup/Popup_Butons"), "Tamam"): Method.TextDegerineEsitElementeTikla is PASSED

2021-10-21 14:29:15 - [MESSAGE][INFO] - Finding Test Object 'Object Repository/Popup/Popup_Butons'

2021-10-21 14:29:15 - [MESSAGE][INFO] - Checking timeout

2021-10-21 14:29:15 - [MESSAGE][INFO] - Finding web element with id: 'Object Repository/Popup/Popup_Butons' located by 'By.cssSelector: .modal-footer>button' in '10' second(s)

2021-10-21 14:29:15 - [MESSAGE][INFO] - Smart Wait Function is triggered

2021-10-21 14:29:16 - [MESSAGE][INFO] - Found 1 web elements with id: 'Object Repository/Popup/Popup_Butons' located by 'By.cssSelector: .modal-footer>button' in '10' second(s)

2021-10-21 14:29:16 - [MESSAGE][PASSED] - Method.TextDegerineEsitElementeTikla is PASSED

2021-10-21 14:29:16 - [MESSAGE][PASSED] - Call Test Case 'Test Cases/Tablo/Olusturma Tarihi' successfully

2021-10-21 14:29:16 - [MESSAGE][INFO] - Checking called Test Case

2021-10-21 14:29:16 - [MESSAGE][INFO] - Starting to call Test Case 'Test Cases/Butonlar/ButonaTikla'

2021-10-21 14:29:16 - [TEST_CASE][PASSED] - Test Cases/Butonlar/ButonaTikla: Test Cases/Butonlar/ButonaTikla

2021-10-21 14:29:16 - [TEST_STEP][PASSED] - Method.TextDegerineEsitElementeTiklaEquals(findTestObject("Butonlar/Butonlar"), Buton_Adi): Method.TextDegerineEsitElementeTiklaEquals is PASSED

2021-10-21 14:29:16 - [MESSAGE][INFO] - Finding Test Object 'Object Repository/Butonlar/Butonlar'

2021-10-21 14:29:16 - [MESSAGE][INFO] - Checking timeout

2021-10-21 14:29:16 - [MESSAGE][INFO] - Finding web element with id: 'Object Repository/Butonlar/Butonlar' located by 'By.cssSelector: .panel.panel-default.text-center.footerPanel .btn,.btn.btn-primary.btnControls' in '10' second(s)

2021-10-21 14:29:16 - [MESSAGE][INFO] - Smart Wait Function is triggered

2021-10-21 14:29:17 - [MESSAGE][INFO] - Found 10 web elements with id: 'Object Repository/Butonlar/Butonlar' located by 'By.cssSelector: .panel.panel-default.text-center.footerPanel .btn,.btn.btn-primary.btnControls' in '10' second(s)

2021-10-21 14:29:17 - [MESSAGE][PASSED] - Method.TextDegerineEsitElementeTiklaEquals is PASSED

2021-10-21 14:29:17 - [MESSAGE][PASSED] - Call Test Case 'Test Cases/Butonlar/ButonaTikla' successfully

2021-10-21 14:29:17 - [MESSAGE][INFO] - Checking called Test Case

2021-10-21 14:29:17 - [MESSAGE][INFO] - Starting to call Test Case 'Test Cases/Olusturma/Genel/GorselTasarimSayfasıBasligiIceriyorMu'

2021-10-21 14:29:17 - [TEST_CASE][PASSED] - Test Cases/Olusturma/Genel/GorselTasarimSayfasıBasligiIceriyorMu: Test Cases/Olusturma/Genel/GorselTasarimSayfasıBasligiIceriyorMu

2021-10-21 14:29:17 - [TEST_STEP][PASSED] - verifyElementText(findTestObject("Object Repository/Olusturma/Genel/GorselTasarimBaslik"), Baslik): Actual text and expected text of test object 'Object Repository/Olusturma/Genel/GorselTasarimBaslik' are matched.

2021-10-21 14:29:17 - [MESSAGE][INFO] - Finding Test Object 'Object Repository/Olusturma/Genel/GorselTasarimBaslik'

2021-10-21 14:29:17 - [MESSAGE][INFO] - Checking object

2021-10-21 14:29:17 - [MESSAGE][INFO] - Finding web element from Test Object's properties

2021-10-21 14:29:17 - [MESSAGE][INFO] - Checking timeout

2021-10-21 14:29:17 - [MESSAGE][INFO] - Finding web element with id: 'Object Repository/Olusturma/Genel/GorselTasarimBaslik' located by 'By.cssSelector: #flAlici_0>div>span' in '30' second(s)

2021-10-21 14:29:17 - [MESSAGE][INFO] - Smart Wait Function is triggered

2021-10-21 14:29:23 - [MESSAGE][INFO] - Found 1 web elements with id: 'Object Repository/Olusturma/Genel/GorselTasarimBaslik' located by 'By.cssSelector: #flAlici_0>div>span' in '30' second(s)

2021-10-21 14:29:23 - [MESSAGE][PASSED] - Actual text and expected text of test object 'Object Repository/Olusturma/Genel/GorselTasarimBaslik' are matched.

2021-10-21 14:29:23 - [MESSAGE][PASSED] - Call Test Case 'Test Cases/Olusturma/Genel/GorselTasarimSayfasıBasligiIceriyorMu' successfully

2021-10-21 14:29:23 - [MESSAGE][INFO] - Checking called Test Case

2021-10-21 14:29:23 - [MESSAGE][INFO] - Starting to call Test Case 'Test Cases/Olusturma/Genel/AliciSecilir'

2021-10-21 14:29:23 - [TEST_CASE][PASSED] - Test Cases/Olusturma/Genel/AliciSecilir: Test Cases/Olusturma/Genel/AliciSecilir

2021-10-21 14:29:23 - [TEST_STEP][PASSED] - click(findTestObject("Olusturma/Genel/AliciBilgisi/Alici_Ara")): Object: 'Object Repository/Olusturma/Genel/AliciBilgisi/Alici_Ara' is clicked on

2021-10-21 14:29:23 - [MESSAGE][INFO] - Finding Test Object 'Object Repository/Olusturma/Genel/AliciBilgisi/Alici_Ara'

2021-10-21 14:29:23 - [MESSAGE][INFO] - Checking object

2021-10-21 14:29:23 - [MESSAGE][INFO] - Finding web element from Test Object's properties

2021-10-21 14:29:23 - [MESSAGE][INFO] - Checking timeout

2021-10-21 14:29:23 - [MESSAGE][INFO] - Finding web element with id: 'Object Repository/Olusturma/Genel/AliciBilgisi/Alici_Ara' located by 'By.xpath: //td[@id='txtCustomerText_B-1']' in '30' second(s)

2021-10-21 14:29:23 - [MESSAGE][INFO] - Smart Wait Function is triggered

2021-10-21 14:29:24 - [MESSAGE][INFO] - Found 1 web elements with id: 'Object Repository/Olusturma/Genel/AliciBilgisi/Alici_Ara' located by 'By.xpath: //td[@id='txtCustomerText_B-1']' in '30' second(s)

2021-10-21 14:29:24 - [MESSAGE][INFO] - Clicking on object: 'Object Repository/Olusturma/Genel/AliciBilgisi/Alici_Ara'

2021-10-21 14:29:24 - [MESSAGE][PASSED] - Object: 'Object Repository/Olusturma/Genel/AliciBilgisi/Alici_Ara' is clicked on

2021-10-21 14:29:24 - [TEST_STEP][PASSED] - click(findTestObject("Olusturma/Genel/AliciBilgisi/Alici_Bilgisi")): Object: 'Object Repository/Olusturma/Genel/AliciBilgisi/Alici_Bilgisi' is clicked on

2021-10-21 14:29:24 - [MESSAGE][INFO] - Finding Test Object 'Object Repository/Olusturma/Genel/AliciBilgisi/Alici_Bilgisi'

2021-10-21 14:29:24 - [MESSAGE][INFO] - Checking object

2021-10-21 14:29:24 - [MESSAGE][INFO] - Finding web element from Test Object's properties

2021-10-21 14:29:24 - [MESSAGE][INFO] - Checking timeout

2021-10-21 14:29:24 - [MESSAGE][INFO] - Finding web element with id: 'Object Repository/Olusturma/Genel/AliciBilgisi/Alici_Bilgisi' located by 'By.xpath: //iframe[@id='customerselectiframe']' in '30' second(s)

2021-10-21 14:29:24 - [MESSAGE][INFO] - Smart Wait Function is triggered

2021-10-21 14:29:24 - [MESSAGE][INFO] - Found 1 web elements with id: 'Object Repository/Olusturma/Genel/AliciBilgisi/Alici_Bilgisi' located by 'By.xpath: //iframe[@id='customerselectiframe']' in '30' second(s)

2021-10-21 14:29:24 - [MESSAGE][INFO] - Clicking on object: 'Object Repository/Olusturma/Genel/AliciBilgisi/Alici_Bilgisi'

2021-10-21 14:29:24 - [MESSAGE][PASSED] - Object: 'Object Repository/Olusturma/Genel/AliciBilgisi/Alici_Bilgisi' is clicked on

2021-10-21 14:29:24 - [TEST_STEP][PASSED] - setText(findTestObject("Olusturma/Genel/AliciBilgisi/Alici_Gir"), Alici_Adi): Switching to default content

2021-10-21 14:29:24 - [MESSAGE][INFO] - Finding Test Object 'Object Repository/Olusturma/Genel/AliciBilgisi/Alici_Gir'

2021-10-21 14:29:24 - [MESSAGE][INFO] - Finding Test Object 'Object Repository/Olusturma/Genel/AliciBilgisi/Alici_Bilgisi'

2021-10-21 14:29:25 - [MESSAGE][INFO] - Checking object

2021-10-21 14:29:25 - [MESSAGE][INFO] - Checking text

2021-10-21 14:29:25 - [MESSAGE][INFO] - Object: 'Object Repository/Olusturma/Genel/AliciBilgisi/Alici_Gir' has parent object(s)

2021-10-21 14:29:25 - [MESSAGE][INFO] - Switching to iframe: 'Object Repository/Olusturma/Genel/AliciBilgisi/Alici_Bilgisi'

2021-10-21 14:29:25 - [MESSAGE][INFO] - Finding web element from Test Object's properties

2021-10-21 14:29:25 - [MESSAGE][INFO] - Checking timeout

2021-10-21 14:29:25 - [MESSAGE][INFO] - Finding web element with id: 'Object Repository/Olusturma/Genel/AliciBilgisi/Alici_Bilgisi' located by 'By.xpath: //iframe[@id='customerselectiframe']' in '30' second(s)

2021-10-21 14:29:25 - [MESSAGE][INFO] - Smart Wait Function is triggered

2021-10-21 14:29:25 - [MESSAGE][INFO] - Found 1 web elements with id: 'Object Repository/Olusturma/Genel/AliciBilgisi/Alici_Bilgisi' located by 'By.xpath: //iframe[@id='customerselectiframe']' in '30' second(s)

2021-10-21 14:29:25 - [MESSAGE][INFO] - Switched to iframe: 'Object Repository/Olusturma/Genel/AliciBilgisi/Alici_Bilgisi'

2021-10-21 14:29:25 - [MESSAGE][INFO] - Finding web element from Test Object's properties

2021-10-21 14:29:25 - [MESSAGE][INFO] - Checking timeout

2021-10-21 14:29:25 - [MESSAGE][INFO] - Finding web element with id: 'Object Repository/Olusturma/Genel/AliciBilgisi/Alici_Gir' located by 'By.xpath: //input[@id='GridViewCustomer_DXFREditorcol1_I']' in '30' second(s)

2021-10-21 14:29:25 - [MESSAGE][INFO] - Smart Wait Function is triggered

2021-10-21 14:29:25 - [MESSAGE][INFO] - Found 1 web elements with id: 'Object Repository/Olusturma/Genel/AliciBilgisi/Alici_Gir' located by 'By.xpath: //input[@id='GridViewCustomer_DXFREditorcol1_I']' in '30' second(s)

2021-10-21 14:29:25 - [MESSAGE][INFO] - Clearing text of object 'Object Repository/Olusturma/Genel/AliciBilgisi/Alici_Gir'

2021-10-21 14:29:25 - [MESSAGE][INFO] - Finding web element from Test Object's properties

2021-10-21 14:29:25 - [MESSAGE][INFO] - Checking timeout

2021-10-21 14:29:25 - [MESSAGE][INFO] - Finding web element with id: 'Object Repository/Olusturma/Genel/AliciBilgisi/Alici_Gir' located by 'By.xpath: //input[@id='GridViewCustomer_DXFREditorcol1_I']' in '30' second(s)

2021-10-21 14:29:25 - [MESSAGE][INFO] - Smart Wait Function is triggered

2021-10-21 14:29:25 - [MESSAGE][INFO] - Found 1 web elements with id: 'Object Repository/Olusturma/Genel/AliciBilgisi/Alici_Gir' located by 'By.xpath: //input[@id='GridViewCustomer_DXFREditorcol1_I']' in '30' second(s)

2021-10-21 14:29:25 - [MESSAGE][INFO] - Setting text of object 'Object Repository/Olusturma/Genel/AliciBilgisi/Alici_Gir' to value 'UC0011'

2021-10-21 14:29:25 - [MESSAGE][PASSED] - Text 'UC0011' is set on object 'Object Repository/Olusturma/Genel/AliciBilgisi/Alici_Gir'

2021-10-21 14:29:25 - [MESSAGE][INFO] - Switching to default content

2021-10-21 14:29:25 - [TEST_STEP][PASSED] - waitForElementClickable(findTestObject("Olusturma/Genel/AliciBilgisi/Alici_Adi"), 10): Switching to default content

2021-10-21 14:29:25 - [MESSAGE][INFO] - Finding Test Object 'Object Repository/Olusturma/Genel/AliciBilgisi/Alici_Adi'

2021-10-21 14:29:25 - [MESSAGE][INFO] - Finding Test Object 'Object Repository/Olusturma/Genel/AliciBilgisi/iframe_Alc Bilgisi_customerselectiframe'

2021-10-21 14:29:25 - [MESSAGE][INFO] - Checking object

2021-10-21 14:29:25 - [MESSAGE][INFO] - Checking timeout

2021-10-21 14:29:25 - [MESSAGE][INFO] - Object: 'Object Repository/Olusturma/Genel/AliciBilgisi/Alici_Adi' has parent object(s)

2021-10-21 14:29:25 - [MESSAGE][INFO] - Switching to iframe: 'Object Repository/Olusturma/Genel/AliciBilgisi/iframe_Alc Bilgisi_customerselectiframe'

2021-10-21 14:29:25 - [MESSAGE][INFO] - Finding web element from Test Object's properties

2021-10-21 14:29:25 - [MESSAGE][INFO] - Checking timeout

2021-10-21 14:29:25 - [MESSAGE][INFO] - Finding web element with id: 'Object Repository/Olusturma/Genel/AliciBilgisi/iframe_Alc Bilgisi_customerselectiframe' located by 'By.xpath: //iframe[@id='customerselectiframe']' in '10' second(s)

2021-10-21 14:29:25 - [MESSAGE][INFO] - Smart Wait Function is triggered

2021-10-21 14:29:25 - [MESSAGE][INFO] - Found 1 web elements with id: 'Object Repository/Olusturma/Genel/AliciBilgisi/iframe_Alc Bilgisi_customerselectiframe' located by 'By.xpath: //iframe[@id='customerselectiframe']' in '10' second(s)

2021-10-21 14:29:26 - [MESSAGE][INFO] - Switched to iframe: 'Object Repository/Olusturma/Genel/AliciBilgisi/iframe_Alc Bilgisi_customerselectiframe'

2021-10-21 14:29:26 - [MESSAGE][INFO] - Finding web element from Test Object's properties

2021-10-21 14:29:26 - [MESSAGE][INFO] - Checking timeout

2021-10-21 14:29:26 - [MESSAGE][INFO] - Finding web element with id: 'Object Repository/Olusturma/Genel/AliciBilgisi/Alici_Adi' located by 'By.xpath: //tr[@id='GridViewCustomer_DXDataRow0']/td[2]' in '10' second(s)

2021-10-21 14:29:26 - [MESSAGE][INFO] - Smart Wait Function is triggered

2021-10-21 14:29:26 - [MESSAGE][INFO] - Found 1 web elements with id: 'Object Repository/Olusturma/Genel/AliciBilgisi/Alici_Adi' located by 'By.xpath: //tr[@id='GridViewCustomer_DXDataRow0']/td[2]' in '10' second(s)

2021-10-21 14:29:26 - [MESSAGE][PASSED] - Object 'Object Repository/Olusturma/Genel/AliciBilgisi/Alici_Adi' is clickable

2021-10-21 14:29:26 - [MESSAGE][INFO] - Switching to default content

2021-10-21 14:29:26 - [TEST_STEP][PASSED] - click(findTestObject("Olusturma/Genel/AliciBilgisi/frame")): Switching to default content

2021-10-21 14:29:26 - [MESSAGE][INFO] - Finding Test Object 'Object Repository/Olusturma/Genel/AliciBilgisi/frame'

2021-10-21 14:29:26 - [MESSAGE][INFO] - Finding Test Object 'Object Repository/Olusturma/Genel/AliciBilgisi/iframe_Alc Bilgisi_customerselectiframe'

2021-10-21 14:29:26 - [MESSAGE][INFO] - Checking object

2021-10-21 14:29:26 - [MESSAGE][INFO] - Object: 'Object Repository/Olusturma/Genel/AliciBilgisi/frame' has parent object(s)

2021-10-21 14:29:26 - [MESSAGE][INFO] - Switching to iframe: 'Object Repository/Olusturma/Genel/AliciBilgisi/iframe_Alc Bilgisi_customerselectiframe'

2021-10-21 14:29:26 - [MESSAGE][INFO] - Finding web element from Test Object's properties

2021-10-21 14:29:26 - [MESSAGE][INFO] - Checking timeout

2021-10-21 14:29:26 - [MESSAGE][INFO] - Finding web element with id: 'Object Repository/Olusturma/Genel/AliciBilgisi/iframe_Alc Bilgisi_customerselectiframe' located by 'By.xpath: //iframe[@id='customerselectiframe']' in '30' second(s)

2021-10-21 14:29:26 - [MESSAGE][INFO] - Smart Wait Function is triggered

2021-10-21 14:29:26 - [MESSAGE][INFO] - Found 1 web elements with id: 'Object Repository/Olusturma/Genel/AliciBilgisi/iframe_Alc Bilgisi_customerselectiframe' located by 'By.xpath: //iframe[@id='customerselectiframe']' in '30' second(s)

2021-10-21 14:29:26 - [MESSAGE][INFO] - Switched to iframe: 'Object Repository/Olusturma/Genel/AliciBilgisi/iframe_Alc Bilgisi_customerselectiframe'

2021-10-21 14:29:26 - [MESSAGE][INFO] - Finding web element from Test Object's properties

2021-10-21 14:29:26 - [MESSAGE][INFO] - Checking timeout

2021-10-21 14:29:26 - [MESSAGE][INFO] - Finding web element with id: 'Object Repository/Olusturma/Genel/AliciBilgisi/frame' located by 'By.xpath: //*/text()[normalize-space(.)='']/parent::*' in '30' second(s)

2021-10-21 14:29:26 - [MESSAGE][INFO] - Smart Wait Function is triggered

2021-10-21 14:29:26 - [MESSAGE][INFO] - Found 66 web elements with id: 'Object Repository/Olusturma/Genel/AliciBilgisi/frame' located by 'By.xpath: //*/text()[normalize-space(.)='']/parent::*' in '30' second(s)

2021-10-21 14:29:26 - [MESSAGE][INFO] - Clicking on object: 'Object Repository/Olusturma/Genel/AliciBilgisi/frame'

2021-10-21 14:29:26 - [MESSAGE][PASSED] - Object: 'Object Repository/Olusturma/Genel/AliciBilgisi/frame' is clicked on

2021-10-21 14:29:26 - [MESSAGE][INFO] - Switching to default content

2021-10-21 14:29:26 - [TEST_STEP][PASSED] - click(findTestObject("Olusturma/Genel/AliciBilgisi/Alici_Adi")): Switching to default content

2021-10-21 14:29:26 - [MESSAGE][INFO] - Finding Test Object 'Object Repository/Olusturma/Genel/AliciBilgisi/Alici_Adi'

2021-10-21 14:29:26 - [MESSAGE][INFO] - Finding Test Object 'Object Repository/Olusturma/Genel/AliciBilgisi/iframe_Alc Bilgisi_customerselectiframe'

2021-10-21 14:29:27 - [MESSAGE][INFO] - Checking object

2021-10-21 14:29:27 - [MESSAGE][INFO] - Object: 'Object Repository/Olusturma/Genel/AliciBilgisi/Alici_Adi' has parent object(s)

2021-10-21 14:29:27 - [MESSAGE][INFO] - Switching to iframe: 'Object Repository/Olusturma/Genel/AliciBilgisi/iframe_Alc Bilgisi_customerselectiframe'

2021-10-21 14:29:27 - [MESSAGE][INFO] - Finding web element from Test Object's properties

2021-10-21 14:29:27 - [MESSAGE][INFO] - Checking timeout

2021-10-21 14:29:27 - [MESSAGE][INFO] - Finding web element with id: 'Object Repository/Olusturma/Genel/AliciBilgisi/iframe_Alc Bilgisi_customerselectiframe' located by 'By.xpath: //iframe[@id='customerselectiframe']' in '30' second(s)

2021-10-21 14:29:27 - [MESSAGE][INFO] - Smart Wait Function is triggered

2021-10-21 14:29:27 - [MESSAGE][INFO] - Found 1 web elements with id: 'Object Repository/Olusturma/Genel/AliciBilgisi/iframe_Alc Bilgisi_customerselectiframe' located by 'By.xpath: //iframe[@id='customerselectiframe']' in '30' second(s)

2021-10-21 14:29:27 - [MESSAGE][INFO] - Switched to iframe: 'Object Repository/Olusturma/Genel/AliciBilgisi/iframe_Alc Bilgisi_customerselectiframe'

2021-10-21 14:29:27 - [MESSAGE][INFO] - Finding web element from Test Object's properties

2021-10-21 14:29:27 - [MESSAGE][INFO] - Checking timeout

2021-10-21 14:29:27 - [MESSAGE][INFO] - Finding web element with id: 'Object Repository/Olusturma/Genel/AliciBilgisi/Alici_Adi' located by 'By.xpath: //tr[@id='GridViewCustomer_DXDataRow0']/td[2]' in '30' second(s)

2021-10-21 14:29:27 - [MESSAGE][INFO] - Smart Wait Function is triggered

2021-10-21 14:29:27 - [MESSAGE][INFO] - Found 1 web elements with id: 'Object Repository/Olusturma/Genel/AliciBilgisi/Alici_Adi' located by 'By.xpath: //tr[@id='GridViewCustomer_DXDataRow0']/td[2]' in '30' second(s)

2021-10-21 14:29:27 - [MESSAGE][INFO] - Clicking on object: 'Object Repository/Olusturma/Genel/AliciBilgisi/Alici_Adi'

2021-10-21 14:29:27 - [MESSAGE][PASSED] - Object: 'Object Repository/Olusturma/Genel/AliciBilgisi/Alici_Adi' is clicked on

2021-10-21 14:29:27 - [MESSAGE][INFO] - Switching to default content

2021-10-21 14:29:27 - [TEST_STEP][PASSED] - click(findTestObject("Olusturma/Genel/AliciBilgisi/Tamam_Bosluk")): Switching to default content

2021-10-21 14:29:27 - [MESSAGE][INFO] - Finding Test Object 'Object Repository/Olusturma/Genel/AliciBilgisi/Tamam_Bosluk'

2021-10-21 14:29:27 - [MESSAGE][INFO] - Finding Test Object 'Object Repository/Olusturma/Genel/AliciBilgisi/Alici_Bilgisi'

2021-10-21 14:29:27 - [MESSAGE][INFO] - Checking object

2021-10-21 14:29:27 - [MESSAGE][INFO] - Object: 'Object Repository/Olusturma/Genel/AliciBilgisi/Tamam_Bosluk' has parent object(s)

2021-10-21 14:29:27 - [MESSAGE][INFO] - Switching to iframe: 'Object Repository/Olusturma/Genel/AliciBilgisi/Alici_Bilgisi'

2021-10-21 14:29:27 - [MESSAGE][INFO] - Finding web element from Test Object's properties

2021-10-21 14:29:27 - [MESSAGE][INFO] - Checking timeout

2021-10-21 14:29:27 - [MESSAGE][INFO] - Finding web element with id: 'Object Repository/Olusturma/Genel/AliciBilgisi/Alici_Bilgisi' located by 'By.xpath: //iframe[@id='customerselectiframe']' in '30' second(s)

2021-10-21 14:29:27 - [MESSAGE][INFO] - Smart Wait Function is triggered

2021-10-21 14:29:28 - [MESSAGE][INFO] - Found 1 web elements with id: 'Object Repository/Olusturma/Genel/AliciBilgisi/Alici_Bilgisi' located by 'By.xpath: //iframe[@id='customerselectiframe']' in '30' second(s)

2021-10-21 14:29:28 - [MESSAGE][INFO] - Switched to iframe: 'Object Repository/Olusturma/Genel/AliciBilgisi/Alici_Bilgisi'

2021-10-21 14:29:28 - [MESSAGE][INFO] - Finding web element from Test Object's properties

2021-10-21 14:29:28 - [MESSAGE][INFO] - Checking timeout

2021-10-21 14:29:28 - [MESSAGE][INFO] - Finding web element with id: 'Object Repository/Olusturma/Genel/AliciBilgisi/Tamam_Bosluk' located by 'By.xpath: (.//*[normalize-space(text()) and normalize-space(.)='Sayfa Boyutu:'])[1]/following::div[7]' in '30' second(s)

2021-10-21 14:29:28 - [MESSAGE][INFO] - Smart Wait Function is triggered

2021-10-21 14:29:28 - [MESSAGE][INFO] - Found 1 web elements with id: 'Object Repository/Olusturma/Genel/AliciBilgisi/Tamam_Bosluk' located by 'By.xpath: (.//*[normalize-space(text()) and normalize-space(.)='Sayfa Boyutu:'])[1]/following::div[7]' in '30' second(s)

2021-10-21 14:29:28 - [MESSAGE][INFO] - Clicking on object: 'Object Repository/Olusturma/Genel/AliciBilgisi/Tamam_Bosluk'

2021-10-21 14:29:28 - [MESSAGE][PASSED] - Object: 'Object Repository/Olusturma/Genel/AliciBilgisi/Tamam_Bosluk' is clicked on

2021-10-21 14:29:28 - [MESSAGE][INFO] - Switching to default content

2021-10-21 14:29:28 - [TEST_STEP][PASSED] - waitForElementClickable(findTestObject("Olusturma/Genel/AliciBilgisi/Tamam_Butonu"), 10): Switching to default content

2021-10-21 14:29:28 - [MESSAGE][INFO] - Finding Test Object 'Object Repository/Olusturma/Genel/AliciBilgisi/Tamam_Butonu'

2021-10-21 14:29:28 - [MESSAGE][INFO] - Finding Test Object 'Object Repository/Olusturma/Genel/AliciBilgisi/Alici_Bilgisi'

2021-10-21 14:29:28 - [MESSAGE][INFO] - Checking object

2021-10-21 14:29:28 - [MESSAGE][INFO] - Checking timeout

2021-10-21 14:29:28 - [MESSAGE][INFO] - Object: 'Object Repository/Olusturma/Genel/AliciBilgisi/Tamam_Butonu' has parent object(s)

2021-10-21 14:29:28 - [MESSAGE][INFO] - Switching to iframe: 'Object Repository/Olusturma/Genel/AliciBilgisi/Alici_Bilgisi'

2021-10-21 14:29:28 - [MESSAGE][INFO] - Finding web element from Test Object's properties

2021-10-21 14:29:28 - [MESSAGE][INFO] - Checking timeout

2021-10-21 14:29:28 - [MESSAGE][INFO] - Finding web element with id: 'Object Repository/Olusturma/Genel/AliciBilgisi/Alici_Bilgisi' located by 'By.xpath: //iframe[@id='customerselectiframe']' in '10' second(s)

2021-10-21 14:29:28 - [MESSAGE][INFO] - Smart Wait Function is triggered

2021-10-21 14:29:28 - [MESSAGE][INFO] - Found 1 web elements with id: 'Object Repository/Olusturma/Genel/AliciBilgisi/Alici_Bilgisi' located by 'By.xpath: //iframe[@id='customerselectiframe']' in '10' second(s)

2021-10-21 14:29:28 - [MESSAGE][INFO] - Switched to iframe: 'Object Repository/Olusturma/Genel/AliciBilgisi/Alici_Bilgisi'

2021-10-21 14:29:28 - [MESSAGE][INFO] - Finding web element from Test Object's properties

2021-10-21 14:29:28 - [MESSAGE][INFO] - Checking timeout

2021-10-21 14:29:28 - [MESSAGE][INFO] - Finding web element with id: 'Object Repository/Olusturma/Genel/AliciBilgisi/Tamam_Butonu' located by 'By.xpath: //div[@id='btnSelectCustomer_CD']/span' in '10' second(s)

2021-10-21 14:29:28 - [MESSAGE][INFO] - Smart Wait Function is triggered

2021-10-21 14:29:28 - [MESSAGE][INFO] - Found 1 web elements with id: 'Object Repository/Olusturma/Genel/AliciBilgisi/Tamam_Butonu' located by 'By.xpath: //div[@id='btnSelectCustomer_CD']/span' in '10' second(s)

2021-10-21 14:29:28 - [MESSAGE][PASSED] - Object 'Object Repository/Olusturma/Genel/AliciBilgisi/Tamam_Butonu' is clickable

2021-10-21 14:29:28 - [MESSAGE][INFO] - Switching to default content

2021-10-21 14:29:28 - [TEST_STEP][PASSED] - click(findTestObject("Olusturma/Genel/AliciBilgisi/Tamam_Butonu")): Switching to default content

2021-10-21 14:29:28 - [MESSAGE][INFO] - Finding Test Object 'Object Repository/Olusturma/Genel/AliciBilgisi/Tamam_Butonu'

2021-10-21 14:29:29 - [MESSAGE][INFO] - Finding Test Object 'Object Repository/Olusturma/Genel/AliciBilgisi/Alici_Bilgisi'

2021-10-21 14:29:29 - [MESSAGE][INFO] - Checking object

2021-10-21 14:29:29 - [MESSAGE][INFO] - Object: 'Object Repository/Olusturma/Genel/AliciBilgisi/Tamam_Butonu' has parent object(s)

2021-10-21 14:29:29 - [MESSAGE][INFO] - Switching to iframe: 'Object Repository/Olusturma/Genel/AliciBilgisi/Alici_Bilgisi'

2021-10-21 14:29:29 - [MESSAGE][INFO] - Finding web element from Test Object's properties

2021-10-21 14:29:29 - [MESSAGE][INFO] - Checking timeout

2021-10-21 14:29:29 - [MESSAGE][INFO] - Finding web element with id: 'Object Repository/Olusturma/Genel/AliciBilgisi/Alici_Bilgisi' located by 'By.xpath: //iframe[@id='customerselectiframe']' in '30' second(s)

2021-10-21 14:29:29 - [MESSAGE][INFO] - Smart Wait Function is triggered

2021-10-21 14:29:29 - [MESSAGE][INFO] - Found 1 web elements with id: 'Object Repository/Olusturma/Genel/AliciBilgisi/Alici_Bilgisi' located by 'By.xpath: //iframe[@id='customerselectiframe']' in '30' second(s)

2021-10-21 14:29:29 - [MESSAGE][INFO] - Switched to iframe: 'Object Repository/Olusturma/Genel/AliciBilgisi/Alici_Bilgisi'

2021-10-21 14:29:29 - [MESSAGE][INFO] - Finding web element from Test Object's properties

2021-10-21 14:29:29 - [MESSAGE][INFO] - Checking timeout

2021-10-21 14:29:29 - [MESSAGE][INFO] - Finding web element with id: 'Object Repository/Olusturma/Genel/AliciBilgisi/Tamam_Butonu' located by 'By.xpath: //div[@id='btnSelectCustomer_CD']/span' in '30' second(s)

2021-10-21 14:29:29 - [MESSAGE][INFO] - Smart Wait Function is triggered

2021-10-21 14:29:29 - [MESSAGE][INFO] - Found 1 web elements with id: 'Object Repository/Olusturma/Genel/AliciBilgisi/Tamam_Butonu' located by 'By.xpath: //div[@id='btnSelectCustomer_CD']/span' in '30' second(s)

2021-10-21 14:29:29 - [MESSAGE][INFO] - Clicking on object: 'Object Repository/Olusturma/Genel/AliciBilgisi/Tamam_Butonu'

2021-10-21 14:29:29 - [MESSAGE][PASSED] - Object: 'Object Repository/Olusturma/Genel/AliciBilgisi/Tamam_Butonu' is clicked on

2021-10-21 14:29:29 - [MESSAGE][INFO] - Switching to default content

2021-10-21 14:29:29 - [TEST_STEP][PASSED] - waitForElementPresent(findTestObject("Olusturma/Genel/AliciBilgisi/VKN-TCKN"), 10): Object 'Object Repository/Olusturma/Genel/AliciBilgisi/VKN-TCKN' is present

2021-10-21 14:29:29 - [MESSAGE][INFO] - Finding Test Object 'Object Repository/Olusturma/Genel/AliciBilgisi/VKN-TCKN'

2021-10-21 14:29:29 - [MESSAGE][INFO] - Checking object

2021-10-21 14:29:29 - [MESSAGE][INFO] - Finding web element from Test Object's properties

2021-10-21 14:29:29 - [MESSAGE][INFO] - Checking timeout

2021-10-21 14:29:29 - [MESSAGE][INFO] - Finding web element with id: 'Object Repository/Olusturma/Genel/AliciBilgisi/VKN-TCKN' located by 'By.xpath: //*[@id = 'txtVknTckn_I']' in '10' second(s)

2021-10-21 14:29:29 - [MESSAGE][INFO] - Smart Wait Function is triggered

2021-10-21 14:29:30 - [MESSAGE][INFO] - Found 1 web elements with id: 'Object Repository/Olusturma/Genel/AliciBilgisi/VKN-TCKN' located by 'By.xpath: //*[@id = 'txtVknTckn_I']' in '10' second(s)

2021-10-21 14:29:30 - [MESSAGE][PASSED] - Object 'Object Repository/Olusturma/Genel/AliciBilgisi/VKN-TCKN' is present

2021-10-21 14:29:30 - [TEST_STEP][PASSED] - text = getAttribute(findTestObject("Olusturma/Genel/AliciBilgisi/VKN-TCKN"), "value"): Attribute 'value' of object 'Object Repository/Olusturma/Genel/AliciBilgisi/VKN-TCKN' is: '5323383845'

2021-10-21 14:29:30 - [MESSAGE][INFO] - Finding Test Object 'Object Repository/Olusturma/Genel/AliciBilgisi/VKN-TCKN'

2021-10-21 14:29:30 - [MESSAGE][INFO] - Checking object

2021-10-21 14:29:30 - [MESSAGE][INFO] - Checking attribute

2021-10-21 14:29:30 - [MESSAGE][INFO] - Finding web element from Test Object's properties

2021-10-21 14:29:30 - [MESSAGE][INFO] - Checking timeout

2021-10-21 14:29:30 - [MESSAGE][INFO] - Finding web element with id: 'Object Repository/Olusturma/Genel/AliciBilgisi/VKN-TCKN' located by 'By.xpath: //*[@id = 'txtVknTckn_I']' in '30' second(s)

2021-10-21 14:29:30 - [MESSAGE][INFO] - Smart Wait Function is triggered

2021-10-21 14:29:30 - [MESSAGE][INFO] - Found 1 web elements with id: 'Object Repository/Olusturma/Genel/AliciBilgisi/VKN-TCKN' located by 'By.xpath: //*[@id = 'txtVknTckn_I']' in '30' second(s)

2021-10-21 14:29:30 - [MESSAGE][INFO] - Getting attribute 'value' of object 'Object Repository/Olusturma/Genel/AliciBilgisi/VKN-TCKN'

2021-10-21 14:29:30 - [MESSAGE][PASSED] - Attribute 'value' of object 'Object Repository/Olusturma/Genel/AliciBilgisi/VKN-TCKN' is: '5323383845'

2021-10-21 14:29:30 - [TEST_STEP][PASSED] - if (text.equals("")): null

2021-10-21 14:29:30 - [MESSAGE][PASSED] - Call Test Case 'Test Cases/Olusturma/Genel/AliciSecilir' successfully

2021-10-21 14:29:30 - [MESSAGE][INFO] - Checking called Test Case

2021-10-21 14:29:30 - [MESSAGE][INFO] - Starting to call Test Case 'Test Cases/Olusturma/Genel/GonderimSekliSecilir'

2021-10-21 14:29:30 - [TEST_CASE][PASSED] - Test Cases/Olusturma/Genel/GonderimSekliSecilir: Test Cases/Olusturma/Genel/GonderimSekliSecilir

2021-10-21 14:29:30 - [TEST_STEP][PASSED] - waitForElementClickable(findTestObject("Object Repository/Olusturma/Genel/GonderimSekli/GonderimSekli"), 10): Object 'Object Repository/Olusturma/Genel/GonderimSekli/GonderimSekli' is clickable

2021-10-21 14:29:30 - [MESSAGE][INFO] - Finding Test Object 'Object Repository/Olusturma/Genel/GonderimSekli/GonderimSekli'

2021-10-21 14:29:30 - [MESSAGE][INFO] - Checking object

2021-10-21 14:29:30 - [MESSAGE][INFO] - Checking timeout

2021-10-21 14:29:30 - [MESSAGE][INFO] - Finding web element from Test Object's properties

2021-10-21 14:29:30 - [MESSAGE][INFO] - Checking timeout

2021-10-21 14:29:30 - [MESSAGE][INFO] - Finding web element with id: 'Object Repository/Olusturma/Genel/GonderimSekli/GonderimSekli' located by 'By.xpath: //*[@id = 'txtGonderimSekil_I']' in '10' second(s)

2021-10-21 14:29:30 - [MESSAGE][INFO] - Smart Wait Function is triggered

2021-10-21 14:29:31 - [MESSAGE][INFO] - Found 1 web elements with id: 'Object Repository/Olusturma/Genel/GonderimSekli/GonderimSekli' located by 'By.xpath: //*[@id = 'txtGonderimSekil_I']' in '10' second(s)

2021-10-21 14:29:31 - [MESSAGE][PASSED] - Object 'Object Repository/Olusturma/Genel/GonderimSekli/GonderimSekli' is clickable

2021-10-21 14:29:31 - [TEST_STEP][PASSED] - click(findTestObject("Object Repository/Olusturma/Genel/GonderimSekli/GonderimSekli")): Object: 'Object Repository/Olusturma/Genel/GonderimSekli/GonderimSekli' is clicked on

2021-10-21 14:29:31 - [MESSAGE][INFO] - Finding Test Object 'Object Repository/Olusturma/Genel/GonderimSekli/GonderimSekli'

2021-10-21 14:29:31 - [MESSAGE][INFO] - Checking object

2021-10-21 14:29:31 - [MESSAGE][INFO] - Finding web element from Test Object's properties

2021-10-21 14:29:31 - [MESSAGE][INFO] - Checking timeout

2021-10-21 14:29:31 - [MESSAGE][INFO] - Finding web element with id: 'Object Repository/Olusturma/Genel/GonderimSekli/GonderimSekli' located by 'By.xpath: //*[@id = 'txtGonderimSekil_I']' in '30' second(s)

2021-10-21 14:29:31 - [MESSAGE][INFO] - Smart Wait Function is triggered

2021-10-21 14:29:31 - [MESSAGE][INFO] - Found 1 web elements with id: 'Object Repository/Olusturma/Genel/GonderimSekli/GonderimSekli' located by 'By.xpath: //*[@id = 'txtGonderimSekil_I']' in '30' second(s)

2021-10-21 14:29:31 - [MESSAGE][INFO] - Clicking on object: 'Object Repository/Olusturma/Genel/GonderimSekli/GonderimSekli'

2021-10-21 14:29:31 - [MESSAGE][PASSED] - Object: 'Object Repository/Olusturma/Genel/GonderimSekli/GonderimSekli' is clicked on

2021-10-21 14:29:31 - [TEST_STEP][PASSED] - Method.TextDegerineEsitElementeTikla(findTestObject("Object Repository/Olusturma/Genel/GonderimSekli/GonderimSekliAdi"), GonderimSekli): Method.TextDegerineEsitElementeTikla is PASSED

2021-10-21 14:29:31 - [MESSAGE][INFO] - Finding Test Object 'Object Repository/Olusturma/Genel/GonderimSekli/GonderimSekliAdi'

2021-10-21 14:29:31 - [MESSAGE][INFO] - Checking timeout

2021-10-21 14:29:31 - [MESSAGE][INFO] - Finding web element with id: 'Object Repository/Olusturma/Genel/GonderimSekli/GonderimSekliAdi' located by 'By.cssSelector: #txtGonderimSekil_DDD_L_LBT td' in '10' second(s)

2021-10-21 14:29:31 - [MESSAGE][INFO] - Smart Wait Function is triggered

2021-10-21 14:29:32 - [MESSAGE][INFO] - Found 2 web elements with id: 'Object Repository/Olusturma/Genel/GonderimSekli/GonderimSekliAdi' located by 'By.cssSelector: #txtGonderimSekil_DDD_L_LBT td' in '10' second(s)

2021-10-21 14:29:32 - [MESSAGE][PASSED] - Method.TextDegerineEsitElementeTikla is PASSED

2021-10-21 14:29:32 - [MESSAGE][PASSED] - Call Test Case 'Test Cases/Olusturma/Genel/GonderimSekliSecilir' successfully

2021-10-21 14:29:32 - [MESSAGE][INFO] - Checking called Test Case

2021-10-21 14:29:32 - [MESSAGE][INFO] - Starting to call Test Case 'Test Cases/Olusturma/Genel/TipSecilir'

2021-10-21 14:29:32 - [TEST_CASE][PASSED] - Test Cases/Olusturma/Genel/TipSecilir: Test Cases/Olusturma/Genel/TipSecilir

2021-10-21 14:29:32 - [TEST_STEP][PASSED] - waitForElementClickable(findTestObject("Olusturma/Genel/TipSecilir/Tip"), 10): Object 'Object Repository/Olusturma/Genel/TipSecilir/Tip' is clickable

2021-10-21 14:29:32 - [MESSAGE][INFO] - Finding Test Object 'Object Repository/Olusturma/Genel/TipSecilir/Tip'

2021-10-21 14:29:32 - [MESSAGE][INFO] - Checking object

2021-10-21 14:29:32 - [MESSAGE][INFO] - Checking timeout

2021-10-21 14:29:32 - [MESSAGE][INFO] - Finding web element from Test Object's properties

2021-10-21 14:29:32 - [MESSAGE][INFO] - Checking timeout

2021-10-21 14:29:32 - [MESSAGE][INFO] - Finding web element with id: 'Object Repository/Olusturma/Genel/TipSecilir/Tip' located by 'By.xpath: //*[@id = 'DocumentTypeCode_I']' in '10' second(s)

2021-10-21 14:29:32 - [MESSAGE][INFO] - Smart Wait Function is triggered

2021-10-21 14:29:32 - [MESSAGE][INFO] - Found 1 web elements with id: 'Object Repository/Olusturma/Genel/TipSecilir/Tip' located by 'By.xpath: //*[@id = 'DocumentTypeCode_I']' in '10' second(s)

2021-10-21 14:29:32 - [MESSAGE][PASSED] - Object 'Object Repository/Olusturma/Genel/TipSecilir/Tip' is clickable

2021-10-21 14:29:32 - [TEST_STEP][PASSED] - click(findTestObject("Olusturma/Genel/TipSecilir/Tip")): Object: 'Object Repository/Olusturma/Genel/TipSecilir/Tip' is clicked on

2021-10-21 14:29:32 - [MESSAGE][INFO] - Finding Test Object 'Object Repository/Olusturma/Genel/TipSecilir/Tip'

2021-10-21 14:29:32 - [MESSAGE][INFO] - Checking object

2021-10-21 14:29:32 - [MESSAGE][INFO] - Finding web element from Test Object's properties

2021-10-21 14:29:32 - [MESSAGE][INFO] - Checking timeout

2021-10-21 14:29:32 - [MESSAGE][INFO] - Finding web element with id: 'Object Repository/Olusturma/Genel/TipSecilir/Tip' located by 'By.xpath: //*[@id = 'DocumentTypeCode_I']' in '30' second(s)

2021-10-21 14:29:32 - [MESSAGE][INFO] - Smart Wait Function is triggered

2021-10-21 14:29:33 - [MESSAGE][INFO] - Found 1 web elements with id: 'Object Repository/Olusturma/Genel/TipSecilir/Tip' located by 'By.xpath: //*[@id = 'DocumentTypeCode_I']' in '30' second(s)

2021-10-21 14:29:33 - [MESSAGE][INFO] - Clicking on object: 'Object Repository/Olusturma/Genel/TipSecilir/Tip'

2021-10-21 14:29:33 - [MESSAGE][PASSED] - Object: 'Object Repository/Olusturma/Genel/TipSecilir/Tip' is clicked on

2021-10-21 14:29:33 - [TEST_STEP][PASSED] - Method.TextDegerineEsitElementeTikla(findTestObject("Object Repository/Olusturma/Genel/TipSecilir/Tip_Adi"), Tip): Method.TextDegerineEsitElementeTikla is PASSED

2021-10-21 14:29:33 - [MESSAGE][INFO] - Finding Test Object 'Object Repository/Olusturma/Genel/TipSecilir/Tip_Adi'

2021-10-21 14:29:33 - [MESSAGE][INFO] - Checking timeout

2021-10-21 14:29:33 - [MESSAGE][INFO] - Finding web element with id: 'Object Repository/Olusturma/Genel/TipSecilir/Tip_Adi' located by 'By.cssSelector: #DocumentTypeCode_DDD_L_LBT td' in '10' second(s)

2021-10-21 14:29:33 - [MESSAGE][INFO] - Smart Wait Function is triggered

2021-10-21 14:29:33 - [MESSAGE][INFO] - Found 9 web elements with id: 'Object Repository/Olusturma/Genel/TipSecilir/Tip_Adi' located by 'By.cssSelector: #DocumentTypeCode_DDD_L_LBT td' in '10' second(s)

2021-10-21 14:29:33 - [MESSAGE][PASSED] - Method.TextDegerineEsitElementeTikla is PASSED

2021-10-21 14:29:33 - [MESSAGE][PASSED] - Call Test Case 'Test Cases/Olusturma/Genel/TipSecilir' successfully

2021-10-21 14:29:33 - [MESSAGE][INFO] - Checking called Test Case

2021-10-21 14:29:33 - [MESSAGE][INFO] - Starting to call Test Case 'Test Cases/Olusturma/Genel/DokumanParaBirimiSecilir'

2021-10-21 14:29:33 - [TEST_CASE][PASSED] - Test Cases/Olusturma/Genel/DokumanParaBirimiSecilir: Test Cases/Olusturma/Genel/DokumanParaBirimiSecilir

2021-10-21 14:29:33 - [TEST_STEP][PASSED] - waitForElementClickable(findTestObject("Object Repository/Olusturma/Genel/DokumanParaBirimiSecilir/Para"), 10): Object 'Object Repository/Olusturma/Genel/DokumanParaBirimiSecilir/Para' is clickable

2021-10-21 14:29:33 - [MESSAGE][INFO] - Finding Test Object 'Object Repository/Olusturma/Genel/DokumanParaBirimiSecilir/Para'

2021-10-21 14:29:34 - [MESSAGE][INFO] - Checking object

2021-10-21 14:29:34 - [MESSAGE][INFO] - Checking timeout

2021-10-21 14:29:34 - [MESSAGE][INFO] - Finding web element from Test Object's properties

2021-10-21 14:29:34 - [MESSAGE][INFO] - Checking timeout

2021-10-21 14:29:34 - [MESSAGE][INFO] - Finding web element with id: 'Object Repository/Olusturma/Genel/DokumanParaBirimiSecilir/Para' located by 'By.xpath: //*[@id = 'CurrencyUnit_I']' in '10' second(s)

2021-10-21 14:29:34 - [MESSAGE][INFO] - Smart Wait Function is triggered

2021-10-21 14:29:35 - [MESSAGE][INFO] - Found 1 web elements with id: 'Object Repository/Olusturma/Genel/DokumanParaBirimiSecilir/Para' located by 'By.xpath: //*[@id = 'CurrencyUnit_I']' in '10' second(s)

2021-10-21 14:29:35 - [MESSAGE][PASSED] - Object 'Object Repository/Olusturma/Genel/DokumanParaBirimiSecilir/Para' is clickable

2021-10-21 14:29:35 - [TEST_STEP][PASSED] - click(findTestObject("Object Repository/Olusturma/Genel/DokumanParaBirimiSecilir/Para")): Object: 'Object Repository/Olusturma/Genel/DokumanParaBirimiSecilir/Para' is clicked on

2021-10-21 14:29:35 - [MESSAGE][INFO] - Finding Test Object 'Object Repository/Olusturma/Genel/DokumanParaBirimiSecilir/Para'

2021-10-21 14:29:35 - [MESSAGE][INFO] - Checking object

2021-10-21 14:29:35 - [MESSAGE][INFO] - Finding web element from Test Object's properties

2021-10-21 14:29:35 - [MESSAGE][INFO] - Checking timeout

2021-10-21 14:29:35 - [MESSAGE][INFO] - Finding web element with id: 'Object Repository/Olusturma/Genel/DokumanParaBirimiSecilir/Para' located by 'By.xpath: //*[@id = 'CurrencyUnit_I']' in '30' second(s)

2021-10-21 14:29:35 - [MESSAGE][INFO] - Smart Wait Function is triggered

2021-10-21 14:29:36 - [MESSAGE][INFO] - Found 1 web elements with id: 'Object Repository/Olusturma/Genel/DokumanParaBirimiSecilir/Para' located by 'By.xpath: //*[@id = 'CurrencyUnit_I']' in '30' second(s)

2021-10-21 14:29:36 - [MESSAGE][INFO] - Clicking on object: 'Object Repository/Olusturma/Genel/DokumanParaBirimiSecilir/Para'

2021-10-21 14:29:36 - [MESSAGE][PASSED] - Object: 'Object Repository/Olusturma/Genel/DokumanParaBirimiSecilir/Para' is clicked on

2021-10-21 14:29:36 - [TEST_STEP][PASSED] - Method.TextDegerineEsitElementeTikla(findTestObject("Object Repository/Olusturma/Genel/DokumanParaBirimiSecilir/Para_Adi"), Para): Method.TextDegerineEsitElementeTikla is PASSED

2021-10-21 14:29:36 - [MESSAGE][INFO] - Finding Test Object 'Object Repository/Olusturma/Genel/DokumanParaBirimiSecilir/Para_Adi'

2021-10-21 14:29:36 - [MESSAGE][INFO] - Checking timeout

2021-10-21 14:29:36 - [MESSAGE][INFO] - Finding web element with id: 'Object Repository/Olusturma/Genel/DokumanParaBirimiSecilir/Para_Adi' located by 'By.cssSelector: #CurrencyUnit_DDD_L_LBT td' in '10' second(s)

2021-10-21 14:29:36 - [MESSAGE][INFO] - Smart Wait Function is triggered

2021-10-21 14:29:36 - [MESSAGE][INFO] - Found 203 web elements with id: 'Object Repository/Olusturma/Genel/DokumanParaBirimiSecilir/Para_Adi' located by 'By.cssSelector: #CurrencyUnit_DDD_L_LBT td' in '10' second(s)

2021-10-21 14:29:41 - [MESSAGE][PASSED] - Method.TextDegerineEsitElementeTikla is PASSED

2021-10-21 14:29:41 - [MESSAGE][PASSED] - Call Test Case 'Test Cases/Olusturma/Genel/DokumanParaBirimiSecilir' successfully

2021-10-21 14:29:41 - [MESSAGE][INFO] - Checking called Test Case

2021-10-21 14:29:41 - [MESSAGE][INFO] - Starting to call Test Case 'Test Cases/Olusturma/Genel/OnEkSecilir'

2021-10-21 14:29:41 - [TEST_CASE][PASSED] - Test Cases/Olusturma/Genel/OnEkSecilir: Test Cases/Olusturma/Genel/OnEkSecilir

2021-10-21 14:29:41 - [TEST_STEP][PASSED] - waitForElementClickable(findTestObject("Object Repository/Olusturma/Genel/OnEkSecilir/OnEk"), 10): Object 'Object Repository/Olusturma/Genel/OnEkSecilir/OnEk' is clickable

2021-10-21 14:29:41 - [MESSAGE][INFO] - Finding Test Object 'Object Repository/Olusturma/Genel/OnEkSecilir/OnEk'

2021-10-21 14:29:41 - [MESSAGE][INFO] - Checking object

2021-10-21 14:29:41 - [MESSAGE][INFO] - Checking timeout

2021-10-21 14:29:41 - [MESSAGE][INFO] - Finding web element from Test Object's properties

2021-10-21 14:29:41 - [MESSAGE][INFO] - Checking timeout

2021-10-21 14:29:41 - [MESSAGE][INFO] - Finding web element with id: 'Object Repository/Olusturma/Genel/OnEkSecilir/OnEk' located by 'By.xpath: //*[@id = 'InvoicePrefix_I']' in '10' second(s)

2021-10-21 14:29:41 - [MESSAGE][INFO] - Smart Wait Function is triggered

2021-10-21 14:29:42 - [MESSAGE][INFO] - Found 1 web elements with id: 'Object Repository/Olusturma/Genel/OnEkSecilir/OnEk' located by 'By.xpath: //*[@id = 'InvoicePrefix_I']' in '10' second(s)

2021-10-21 14:29:42 - [MESSAGE][PASSED] - Object 'Object Repository/Olusturma/Genel/OnEkSecilir/OnEk' is clickable

2021-10-21 14:29:42 - [TEST_STEP][PASSED] - click(findTestObject("Object Repository/Olusturma/Genel/OnEkSecilir/OnEk")): Object: 'Object Repository/Olusturma/Genel/OnEkSecilir/OnEk' is clicked on

2021-10-21 14:29:42 - [MESSAGE][INFO] - Finding Test Object 'Object Repository/Olusturma/Genel/OnEkSecilir/OnEk'

2021-10-21 14:29:42 - [MESSAGE][INFO] - Checking object

2021-10-21 14:29:42 - [MESSAGE][INFO] - Finding web element from Test Object's properties

2021-10-21 14:29:42 - [MESSAGE][INFO] - Checking timeout

2021-10-21 14:29:42 - [MESSAGE][INFO] - Finding web element with id: 'Object Repository/Olusturma/Genel/OnEkSecilir/OnEk' located by 'By.xpath: //*[@id = 'InvoicePrefix_I']' in '30' second(s)

2021-10-21 14:29:42 - [MESSAGE][INFO] - Smart Wait Function is triggered

2021-10-21 14:29:42 - [MESSAGE][INFO] - Found 1 web elements with id: 'Object Repository/Olusturma/Genel/OnEkSecilir/OnEk' located by 'By.xpath: //*[@id = 'InvoicePrefix_I']' in '30' second(s)

2021-10-21 14:29:42 - [MESSAGE][INFO] - Clicking on object: 'Object Repository/Olusturma/Genel/OnEkSecilir/OnEk'

2021-10-21 14:29:42 - [MESSAGE][PASSED] - Object: 'Object Repository/Olusturma/Genel/OnEkSecilir/OnEk' is clicked on

2021-10-21 14:29:42 - [TEST_STEP][PASSED] - Method.TextDegerineEsitElementeTiklaEquals(findTestObject("Object Repository/Olusturma/Genel/OnEkSecilir/OnEkAdi"), Ek): Method.TextDegerineEsitElementeTiklaEquals is PASSED

2021-10-21 14:29:42 - [MESSAGE][INFO] - Finding Test Object 'Object Repository/Olusturma/Genel/OnEkSecilir/OnEkAdi'

2021-10-21 14:29:42 - [MESSAGE][INFO] - Checking timeout

2021-10-21 14:29:42 - [MESSAGE][INFO] - Finding web element with id: 'Object Repository/Olusturma/Genel/OnEkSecilir/OnEkAdi' located by 'By.cssSelector: #InvoicePrefix_DDD_L_LBT td' in '10' second(s)

2021-10-21 14:29:42 - [MESSAGE][INFO] - Smart Wait Function is triggered

2021-10-21 14:29:43 - [MESSAGE][INFO] - Found 1 web elements with id: 'Object Repository/Olusturma/Genel/OnEkSecilir/OnEkAdi' located by 'By.cssSelector: #InvoicePrefix_DDD_L_LBT td' in '10' second(s)

2021-10-21 14:29:43 - [MESSAGE][PASSED] - Method.TextDegerineEsitElementeTiklaEquals is PASSED

2021-10-21 14:29:43 - [MESSAGE][PASSED] - Call Test Case 'Test Cases/Olusturma/Genel/OnEkSecilir' successfully

2021-10-21 14:29:43 - [MESSAGE][INFO] - Checking called Test Case

2021-10-21 14:29:43 - [MESSAGE][INFO] - Starting to call Test Case 'Test Cases/Olusturma/Genel/TasarimSecilir'

2021-10-21 14:29:43 - [TEST_CASE][PASSED] - Test Cases/Olusturma/Genel/TasarimSecilir: Test Cases/Olusturma/Genel/TasarimSecilir

2021-10-21 14:29:43 - [TEST_STEP][PASSED] - waitForElementClickable(findTestObject("Object Repository/Olusturma/Genel/TasarimSecilir/Tasarim"), 10): Object 'Object Repository/Olusturma/Genel/TasarimSecilir/Tasarim' is clickable

2021-10-21 14:29:43 - [MESSAGE][INFO] - Finding Test Object 'Object Repository/Olusturma/Genel/TasarimSecilir/Tasarim'

2021-10-21 14:29:43 - [MESSAGE][INFO] - Checking object

2021-10-21 14:29:43 - [MESSAGE][INFO] - Checking timeout

2021-10-21 14:29:43 - [MESSAGE][INFO] - Finding web element from Test Object's properties

2021-10-21 14:29:43 - [MESSAGE][INFO] - Checking timeout

2021-10-21 14:29:43 - [MESSAGE][INFO] - Finding web element with id: 'Object Repository/Olusturma/Genel/TasarimSecilir/Tasarim' located by 'By.xpath: //*[@id = 'DesignId_I']' in '10' second(s)

2021-10-21 14:29:43 - [MESSAGE][INFO] - Smart Wait Function is triggered

2021-10-21 14:29:43 - [MESSAGE][INFO] - Found 1 web elements with id: 'Object Repository/Olusturma/Genel/TasarimSecilir/Tasarim' located by 'By.xpath: //*[@id = 'DesignId_I']' in '10' second(s)

2021-10-21 14:29:43 - [MESSAGE][PASSED] - Object 'Object Repository/Olusturma/Genel/TasarimSecilir/Tasarim' is clickable

2021-10-21 14:29:43 - [TEST_STEP][PASSED] - click(findTestObject("Object Repository/Olusturma/Genel/TasarimSecilir/Tasarim")): Object: 'Object Repository/Olusturma/Genel/TasarimSecilir/Tasarim' is clicked on

2021-10-21 14:29:43 - [MESSAGE][INFO] - Finding Test Object 'Object Repository/Olusturma/Genel/TasarimSecilir/Tasarim'

2021-10-21 14:29:43 - [MESSAGE][INFO] - Checking object

2021-10-21 14:29:43 - [MESSAGE][INFO] - Finding web element from Test Object's properties

2021-10-21 14:29:43 - [MESSAGE][INFO] - Checking timeout

2021-10-21 14:29:43 - [MESSAGE][INFO] - Finding web element with id: 'Object Repository/Olusturma/Genel/TasarimSecilir/Tasarim' located by 'By.xpath: //*[@id = 'DesignId_I']' in '30' second(s)

2021-10-21 14:29:43 - [MESSAGE][INFO] - Smart Wait Function is triggered

2021-10-21 14:29:44 - [MESSAGE][INFO] - Found 1 web elements with id: 'Object Repository/Olusturma/Genel/TasarimSecilir/Tasarim' located by 'By.xpath: //*[@id = 'DesignId_I']' in '30' second(s)

2021-10-21 14:29:44 - [MESSAGE][INFO] - Clicking on object: 'Object Repository/Olusturma/Genel/TasarimSecilir/Tasarim'

2021-10-21 14:29:44 - [MESSAGE][PASSED] - Object: 'Object Repository/Olusturma/Genel/TasarimSecilir/Tasarim' is clicked on

2021-10-21 14:29:44 - [TEST_STEP][PASSED] - Method.TextDegerineEsitElementeTikla(findTestObject("Object Repository/Olusturma/Genel/TasarimSecilir/Tasarim_Adi"), Tasarim): Method.TextDegerineEsitElementeTikla is PASSED

2021-10-21 14:29:44 - [MESSAGE][INFO] - Finding Test Object 'Object Repository/Olusturma/Genel/TasarimSecilir/Tasarim_Adi'

2021-10-21 14:29:44 - [MESSAGE][INFO] - Checking timeout

2021-10-21 14:29:44 - [MESSAGE][INFO] - Finding web element with id: 'Object Repository/Olusturma/Genel/TasarimSecilir/Tasarim_Adi' located by 'By.cssSelector: #DesignId_DDD_L_LBT td' in '10' second(s)

2021-10-21 14:29:44 - [MESSAGE][INFO] - Smart Wait Function is triggered

2021-10-21 14:29:44 - [MESSAGE][INFO] - Found 1 web elements with id: 'Object Repository/Olusturma/Genel/TasarimSecilir/Tasarim_Adi' located by 'By.cssSelector: #DesignId_DDD_L_LBT td' in '10' second(s)

2021-10-21 14:29:44 - [MESSAGE][PASSED] - Method.TextDegerineEsitElementeTikla is PASSED

2021-10-21 14:29:44 - [MESSAGE][PASSED] - Call Test Case 'Test Cases/Olusturma/Genel/TasarimSecilir' successfully

2021-10-21 14:29:44 - [MESSAGE][INFO] - Checking called Test Case

2021-10-21 14:29:44 - [MESSAGE][INFO] - Starting to call Test Case 'Test Cases/Olusturma/Genel/Kutular/SiparisBilgileriGirilir'

2021-10-21 14:29:44 - [TEST_CASE][PASSED] - Test Cases/Olusturma/Genel/Kutular/SiparisBilgileriGirilir: Test Cases/Olusturma/Genel/Kutular/SiparisBilgileriGirilir

2021-10-21 14:29:44 - [TEST_STEP][PASSED] - Method.TextDegerineEsitElementeTikla(findTestObject("Olusturma/Genel/Kutular/KapaliKutular"), "Sipariş Bilgileri"): Method.TextDegerineEsitElementeTikla is PASSED

2021-10-21 14:29:44 - [MESSAGE][INFO] - Finding Test Object 'Object Repository/Olusturma/Genel/Kutular/KapaliKutular'

2021-10-21 14:29:44 - [MESSAGE][INFO] - Checking timeout

2021-10-21 14:29:44 - [MESSAGE][INFO] - Finding web element with id: 'Object Repository/Olusturma/Genel/Kutular/KapaliKutular' located by 'By.cssSelector: .dxnb-headerCollapsed>span' in '10' second(s)

2021-10-21 14:29:44 - [MESSAGE][INFO] - Smart Wait Function is triggered

2021-10-21 14:29:45 - [MESSAGE][INFO] - Found 8 web elements with id: 'Object Repository/Olusturma/Genel/Kutular/KapaliKutular' located by 'By.cssSelector: .dxnb-headerCollapsed>span' in '10' second(s)

2021-10-21 14:29:45 - [MESSAGE][PASSED] - Method.TextDegerineEsitElementeTikla is PASSED

2021-10-21 14:29:45 - [TEST_STEP][PASSED] - waitForElementPresent(findTestObject("Object Repository/Olusturma/Genel/Kutular/SiparisBilgileri/SiparisNo"), 10): Object 'Object Repository/Olusturma/Genel/Kutular/SiparisBilgileri/SiparisNo' is present

2021-10-21 14:29:45 - [MESSAGE][INFO] - Finding Test Object 'Object Repository/Olusturma/Genel/Kutular/SiparisBilgileri/SiparisNo'

2021-10-21 14:29:45 - [MESSAGE][INFO] - Checking object

2021-10-21 14:29:45 - [MESSAGE][INFO] - Finding web element from Test Object's properties

2021-10-21 14:29:45 - [MESSAGE][INFO] - Checking timeout

2021-10-21 14:29:45 - [MESSAGE][INFO] - Finding web element with id: 'Object Repository/Olusturma/Genel/Kutular/SiparisBilgileri/SiparisNo' located by 'By.xpath: //*[@id = 'txtSiparisNo_I']' in '10' second(s)

2021-10-21 14:29:45 - [MESSAGE][INFO] - Smart Wait Function is triggered

2021-10-21 14:29:45 - [MESSAGE][INFO] - Found 1 web elements with id: 'Object Repository/Olusturma/Genel/Kutular/SiparisBilgileri/SiparisNo' located by 'By.xpath: //*[@id = 'txtSiparisNo_I']' in '10' second(s)

2021-10-21 14:29:45 - [MESSAGE][PASSED] - Object 'Object Repository/Olusturma/Genel/Kutular/SiparisBilgileri/SiparisNo' is present

2021-10-21 14:29:45 - [TEST_STEP][PASSED] - clearText(findTestObject("Object Repository/Olusturma/Genel/Kutular/SiparisBilgileri/SiparisNo")): Text of object 'Object Repository/Olusturma/Genel/Kutular/SiparisBilgileri/SiparisNo' is cleared

2021-10-21 14:29:45 - [MESSAGE][INFO] - Finding Test Object 'Object Repository/Olusturma/Genel/Kutular/SiparisBilgileri/SiparisNo'

2021-10-21 14:29:45 - [MESSAGE][INFO] - Checking object

2021-10-21 14:29:45 - [MESSAGE][INFO] - Finding web element from Test Object's properties

2021-10-21 14:29:45 - [MESSAGE][INFO] - Checking timeout

2021-10-21 14:29:45 - [MESSAGE][INFO] - Finding web element with id: 'Object Repository/Olusturma/Genel/Kutular/SiparisBilgileri/SiparisNo' located by 'By.xpath: //*[@id = 'txtSiparisNo_I']' in '30' second(s)

2021-10-21 14:29:45 - [MESSAGE][INFO] - Smart Wait Function is triggered

2021-10-21 14:29:46 - [MESSAGE][INFO] - Found 1 web elements with id: 'Object Repository/Olusturma/Genel/Kutular/SiparisBilgileri/SiparisNo' located by 'By.xpath: //*[@id = 'txtSiparisNo_I']' in '30' second(s)

2021-10-21 14:29:46 - [MESSAGE][INFO] - Clearing text of object 'Object Repository/Olusturma/Genel/Kutular/SiparisBilgileri/SiparisNo'

2021-10-21 14:29:46 - [MESSAGE][PASSED] - Text of object 'Object Repository/Olusturma/Genel/Kutular/SiparisBilgileri/SiparisNo' is cleared

2021-10-21 14:29:46 - [TEST_STEP][PASSED] - sendKeys(findTestObject("Object Repository/Olusturma/Genel/Kutular/SiparisBilgileri/SiparisNo"), SiparisNo): Keys 'UUC-SAT-1200001' sent to object: 'Object Repository/Olusturma/Genel/Kutular/SiparisBilgileri/SiparisNo'

2021-10-21 14:29:46 - [MESSAGE][INFO] - Finding Test Object 'Object Repository/Olusturma/Genel/Kutular/SiparisBilgileri/SiparisNo'

2021-10-21 14:29:46 - [MESSAGE][INFO] - Sending keys 'UUC-SAT-1200001' to object: 'Object Repository/Olusturma/Genel/Kutular/SiparisBilgileri/SiparisNo'

2021-10-21 14:29:46 - [MESSAGE][INFO] - Finding web element from Test Object's properties

2021-10-21 14:29:46 - [MESSAGE][INFO] - Checking timeout

2021-10-21 14:29:46 - [MESSAGE][INFO] - Finding web element with id: 'Object Repository/Olusturma/Genel/Kutular/SiparisBilgileri/SiparisNo' located by 'By.xpath: //*[@id = 'txtSiparisNo_I']' in '30' second(s)

2021-10-21 14:29:46 - [MESSAGE][INFO] - Smart Wait Function is triggered

2021-10-21 14:29:46 - [MESSAGE][INFO] - Found 1 web elements with id: 'Object Repository/Olusturma/Genel/Kutular/SiparisBilgileri/SiparisNo' located by 'By.xpath: //*[@id = 'txtSiparisNo_I']' in '30' second(s)

2021-10-21 14:29:46 - [MESSAGE][PASSED] - Keys 'UUC-SAT-1200001' sent to object: 'Object Repository/Olusturma/Genel/Kutular/SiparisBilgileri/SiparisNo'

2021-10-21 14:29:46 - [TEST_STEP][PASSED] - waitForElementClickable(findTestObject("Object Repository/Olusturma/Genel/Kutular/SiparisBilgileri/SiparisTarihiImage"), 10): Object 'Object Repository/Olusturma/Genel/Kutular/SiparisBilgileri/SiparisTarihiImage' is clickable

2021-10-21 14:29:46 - [MESSAGE][INFO] - Finding Test Object 'Object Repository/Olusturma/Genel/Kutular/SiparisBilgileri/SiparisTarihiImage'

2021-10-21 14:29:46 - [MESSAGE][INFO] - Checking object

2021-10-21 14:29:46 - [MESSAGE][INFO] - Checking timeout

2021-10-21 14:29:46 - [MESSAGE][INFO] - Finding web element from Test Object's properties

2021-10-21 14:29:46 - [MESSAGE][INFO] - Checking timeout

2021-10-21 14:29:46 - [MESSAGE][INFO] - Finding web element with id: 'Object Repository/Olusturma/Genel/Kutular/SiparisBilgileri/SiparisTarihiImage' located by 'By.cssSelector: #dateSiparisTarih img' in '10' second(s)

2021-10-21 14:29:46 - [MESSAGE][INFO] - Smart Wait Function is triggered

2021-10-21 14:29:47 - [MESSAGE][INFO] - Found 1 web elements with id: 'Object Repository/Olusturma/Genel/Kutular/SiparisBilgileri/SiparisTarihiImage' located by 'By.cssSelector: #dateSiparisTarih img' in '10' second(s)

2021-10-21 14:29:47 - [MESSAGE][PASSED] - Object 'Object Repository/Olusturma/Genel/Kutular/SiparisBilgileri/SiparisTarihiImage' is clickable

2021-10-21 14:29:47 - [TEST_STEP][PASSED] - click(findTestObject("Object Repository/Olusturma/Genel/Kutular/SiparisBilgileri/SiparisTarihiImage")): Object: 'Object Repository/Olusturma/Genel/Kutular/SiparisBilgileri/SiparisTarihiImage' is clicked on

2021-10-21 14:29:47 - [MESSAGE][INFO] - Finding Test Object 'Object Repository/Olusturma/Genel/Kutular/SiparisBilgileri/SiparisTarihiImage'

2021-10-21 14:29:47 - [MESSAGE][INFO] - Checking object

2021-10-21 14:29:47 - [MESSAGE][INFO] - Finding web element from Test Object's properties

2021-10-21 14:29:47 - [MESSAGE][INFO] - Checking timeout

2021-10-21 14:29:47 - [MESSAGE][INFO] - Finding web element with id: 'Object Repository/Olusturma/Genel/Kutular/SiparisBilgileri/SiparisTarihiImage' located by 'By.cssSelector: #dateSiparisTarih img' in '30' second(s)

2021-10-21 14:29:47 - [MESSAGE][INFO] - Smart Wait Function is triggered

2021-10-21 14:29:47 - [MESSAGE][INFO] - Found 1 web elements with id: 'Object Repository/Olusturma/Genel/Kutular/SiparisBilgileri/SiparisTarihiImage' located by 'By.cssSelector: #dateSiparisTarih img' in '30' second(s)

2021-10-21 14:29:47 - [MESSAGE][INFO] - Clicking on object: 'Object Repository/Olusturma/Genel/Kutular/SiparisBilgileri/SiparisTarihiImage'

2021-10-21 14:29:47 - [MESSAGE][PASSED] - Object: 'Object Repository/Olusturma/Genel/Kutular/SiparisBilgileri/SiparisTarihiImage' is clicked on

2021-10-21 14:29:47 - [TEST_STEP][PASSED] - waitForElementPresent(findTestObject("Object Repository/Olusturma/Genel/Kutular/SiparisBilgileri/SiparisTarihi"), 10): Object 'Object Repository/Olusturma/Genel/Kutular/SiparisBilgileri/SiparisTarihi' is present

2021-10-21 14:29:47 - [MESSAGE][INFO] - Finding Test Object 'Object Repository/Olusturma/Genel/Kutular/SiparisBilgileri/SiparisTarihi'

2021-10-21 14:29:47 - [MESSAGE][INFO] - Checking object

2021-10-21 14:29:47 - [MESSAGE][INFO] - Finding web element from Test Object's properties

2021-10-21 14:29:47 - [MESSAGE][INFO] - Checking timeout

2021-10-21 14:29:47 - [MESSAGE][INFO] - Finding web element with id: 'Object Repository/Olusturma/Genel/Kutular/SiparisBilgileri/SiparisTarihi' located by 'By.xpath: //*[@id = 'dateSiparisTarih_I']' in '10' second(s)

2021-10-21 14:29:47 - [MESSAGE][INFO] - Smart Wait Function is triggered

2021-10-21 14:29:48 - [MESSAGE][INFO] - Found 1 web elements with id: 'Object Repository/Olusturma/Genel/Kutular/SiparisBilgileri/SiparisTarihi' located by 'By.xpath: //*[@id = 'dateSiparisTarih_I']' in '10' second(s)

2021-10-21 14:29:48 - [MESSAGE][PASSED] - Object 'Object Repository/Olusturma/Genel/Kutular/SiparisBilgileri/SiparisTarihi' is present

2021-10-21 14:29:48 - [TEST_STEP][PASSED] - clearText(findTestObject("Object Repository/Olusturma/Genel/Kutular/SiparisBilgileri/SiparisTarihi")): Text of object 'Object Repository/Olusturma/Genel/Kutular/SiparisBilgileri/SiparisTarihi' is cleared

2021-10-21 14:29:48 - [MESSAGE][INFO] - Finding Test Object 'Object Repository/Olusturma/Genel/Kutular/SiparisBilgileri/SiparisTarihi'

2021-10-21 14:29:48 - [MESSAGE][INFO] - Checking object

2021-10-21 14:29:48 - [MESSAGE][INFO] - Finding web element from Test Object's properties

2021-10-21 14:29:48 - [MESSAGE][INFO] - Checking timeout

2021-10-21 14:29:48 - [MESSAGE][INFO] - Finding web element with id: 'Object Repository/Olusturma/Genel/Kutular/SiparisBilgileri/SiparisTarihi' located by 'By.xpath: //*[@id = 'dateSiparisTarih_I']' in '30' second(s)

2021-10-21 14:29:48 - [MESSAGE][INFO] - Smart Wait Function is triggered

2021-10-21 14:29:48 - [MESSAGE][INFO] - Found 1 web elements with id: 'Object Repository/Olusturma/Genel/Kutular/SiparisBilgileri/SiparisTarihi' located by 'By.xpath: //*[@id = 'dateSiparisTarih_I']' in '30' second(s)

2021-10-21 14:29:48 - [MESSAGE][INFO] - Clearing text of object 'Object Repository/Olusturma/Genel/Kutular/SiparisBilgileri/SiparisTarihi'

2021-10-21 14:29:48 - [MESSAGE][PASSED] - Text of object 'Object Repository/Olusturma/Genel/Kutular/SiparisBilgileri/SiparisTarihi' is cleared

2021-10-21 14:29:48 - [TEST_STEP][PASSED] - sendKeys(findTestObject("Object Repository/Olusturma/Genel/Kutular/SiparisBilgileri/SiparisTarihi"), Tarih): Keys '31.04.2020' sent to object: 'Object Repository/Olusturma/Genel/Kutular/SiparisBilgileri/SiparisTarihi'

2021-10-21 14:29:48 - [MESSAGE][INFO] - Finding Test Object 'Object Repository/Olusturma/Genel/Kutular/SiparisBilgileri/SiparisTarihi'

2021-10-21 14:29:48 - [MESSAGE][INFO] - Sending keys '31.04.2020' to object: 'Object Repository/Olusturma/Genel/Kutular/SiparisBilgileri/SiparisTarihi'

2021-10-21 14:29:48 - [MESSAGE][INFO] - Finding web element from Test Object's properties

2021-10-21 14:29:48 - [MESSAGE][INFO] - Checking timeout

2021-10-21 14:29:48 - [MESSAGE][INFO] - Finding web element with id: 'Object Repository/Olusturma/Genel/Kutular/SiparisBilgileri/SiparisTarihi' located by 'By.xpath: //*[@id = 'dateSiparisTarih_I']' in '30' second(s)

2021-10-21 14:29:48 - [MESSAGE][INFO] - Smart Wait Function is triggered

2021-10-21 14:29:49 - [MESSAGE][INFO] - Found 1 web elements with id: 'Object Repository/Olusturma/Genel/Kutular/SiparisBilgileri/SiparisTarihi' located by 'By.xpath: //*[@id = 'dateSiparisTarih_I']' in '30' second(s)

2021-10-21 14:29:49 - [MESSAGE][PASSED] - Keys '31.04.2020' sent to object: 'Object Repository/Olusturma/Genel/Kutular/SiparisBilgileri/SiparisTarihi'

2021-10-21 14:29:49 - [MESSAGE][PASSED] - Call Test Case 'Test Cases/Olusturma/Genel/Kutular/SiparisBilgileriGirilir' successfully

2021-10-21 14:29:49 - [MESSAGE][INFO] - Checking called Test Case

2021-10-21 14:29:49 - [MESSAGE][INFO] - Starting to call Test Case 'Test Cases/Olusturma/Genel/Kutular/IrsaliyeBilgileri'

2021-10-21 14:29:49 - [TEST_CASE][PASSED] - Test Cases/Olusturma/Genel/Kutular/IrsaliyeBilgileri: Test Cases/Olusturma/Genel/Kutular/IrsaliyeBilgileri

2021-10-21 14:29:49 - [TEST_STEP][PASSED] - Method.TextDegerineEsitElementeTikla(findTestObject("Olusturma/Genel/Kutular/KapaliKutular"), "İrsaliye Bilgileri"): Method.TextDegerineEsitElementeTikla is PASSED

2021-10-21 14:29:49 - [MESSAGE][INFO] - Finding Test Object 'Object Repository/Olusturma/Genel/Kutular/KapaliKutular'

2021-10-21 14:29:49 - [MESSAGE][INFO] - Checking timeout

2021-10-21 14:29:49 - [MESSAGE][INFO] - Finding web element with id: 'Object Repository/Olusturma/Genel/Kutular/KapaliKutular' located by 'By.cssSelector: .dxnb-headerCollapsed>span' in '10' second(s)

2021-10-21 14:29:49 - [MESSAGE][INFO] - Smart Wait Function is triggered

2021-10-21 14:29:49 - [MESSAGE][INFO] - Found 8 web elements with id: 'Object Repository/Olusturma/Genel/Kutular/KapaliKutular' located by 'By.cssSelector: .dxnb-headerCollapsed>span' in '10' second(s)

2021-10-21 14:29:49 - [MESSAGE][PASSED] - Method.TextDegerineEsitElementeTikla is PASSED

2021-10-21 14:29:49 - [TEST_STEP][PASSED] - waitForElementClickable(findTestObject("Olusturma/Genel/Kutular/IrsaliyeBilgileri/Ekle"), 10): Object 'Object Repository/Olusturma/Genel/Kutular/IrsaliyeBilgileri/Ekle' is clickable

2021-10-21 14:29:49 - [MESSAGE][INFO] - Finding Test Object 'Object Repository/Olusturma/Genel/Kutular/IrsaliyeBilgileri/Ekle'

2021-10-21 14:29:49 - [MESSAGE][INFO] - Checking object

2021-10-21 14:29:49 - [MESSAGE][INFO] - Checking timeout

2021-10-21 14:29:49 - [MESSAGE][INFO] - Finding web element from Test Object's properties

2021-10-21 14:29:49 - [MESSAGE][INFO] - Checking timeout

2021-10-21 14:29:49 - [MESSAGE][INFO] - Finding web element with id: 'Object Repository/Olusturma/Genel/Kutular/IrsaliyeBilgileri/Ekle' located by 'By.xpath: //*[@id = 'DXEditorgvUserInvoiceBillsNewRowBtn']' in '10' second(s)

2021-10-21 14:29:49 - [MESSAGE][INFO] - Smart Wait Function is triggered

2021-10-21 14:29:50 - [MESSAGE][INFO] - Found 1 web elements with id: 'Object Repository/Olusturma/Genel/Kutular/IrsaliyeBilgileri/Ekle' located by 'By.xpath: //*[@id = 'DXEditorgvUserInvoiceBillsNewRowBtn']' in '10' second(s)

2021-10-21 14:29:50 - [MESSAGE][PASSED] - Object 'Object Repository/Olusturma/Genel/Kutular/IrsaliyeBilgileri/Ekle' is clickable

2021-10-21 14:29:50 - [TEST_STEP][PASSED] - click(findTestObject("Olusturma/Genel/Kutular/IrsaliyeBilgileri/Ekle")): Object: 'Object Repository/Olusturma/Genel/Kutular/IrsaliyeBilgileri/Ekle' is clicked on

2021-10-21 14:29:50 - [MESSAGE][INFO] - Finding Test Object 'Object Repository/Olusturma/Genel/Kutular/IrsaliyeBilgileri/Ekle'

2021-10-21 14:29:50 - [MESSAGE][INFO] - Checking object

2021-10-21 14:29:50 - [MESSAGE][INFO] - Finding web element from Test Object's properties

2021-10-21 14:29:50 - [MESSAGE][INFO] - Checking timeout

2021-10-21 14:29:50 - [MESSAGE][INFO] - Finding web element with id: 'Object Repository/Olusturma/Genel/Kutular/IrsaliyeBilgileri/Ekle' located by 'By.xpath: //*[@id = 'DXEditorgvUserInvoiceBillsNewRowBtn']' in '30' second(s)

2021-10-21 14:29:50 - [MESSAGE][INFO] - Smart Wait Function is triggered

2021-10-21 14:29:50 - [MESSAGE][INFO] - Found 1 web elements with id: 'Object Repository/Olusturma/Genel/Kutular/IrsaliyeBilgileri/Ekle' located by 'By.xpath: //*[@id = 'DXEditorgvUserInvoiceBillsNewRowBtn']' in '30' second(s)

2021-10-21 14:29:50 - [MESSAGE][INFO] - Clicking on object: 'Object Repository/Olusturma/Genel/Kutular/IrsaliyeBilgileri/Ekle'

2021-10-21 14:29:50 - [MESSAGE][PASSED] - Object: 'Object Repository/Olusturma/Genel/Kutular/IrsaliyeBilgileri/Ekle' is clicked on

2021-10-21 14:29:50 - [TEST_STEP][PASSED] - waitForElementPresent(findTestObject("Object Repository/Olusturma/Genel/Kutular/IrsaliyeBilgileri/IrsaliyeNumarasi"), 10): Object 'Object Repository/Olusturma/Genel/Kutular/IrsaliyeBilgileri/IrsaliyeNumarasi' is present

2021-10-21 14:29:50 - [MESSAGE][INFO] - Finding Test Object 'Object Repository/Olusturma/Genel/Kutular/IrsaliyeBilgileri/IrsaliyeNumarasi'

2021-10-21 14:29:50 - [MESSAGE][INFO] - Checking object

2021-10-21 14:29:50 - [MESSAGE][INFO] - Finding web element from Test Object's properties

2021-10-21 14:29:50 - [MESSAGE][INFO] - Checking timeout

2021-10-21 14:29:50 - [MESSAGE][INFO] - Finding web element with id: 'Object Repository/Olusturma/Genel/Kutular/IrsaliyeBilgileri/IrsaliyeNumarasi' located by 'By.xpath: //*[@id = 'gvUserInvoiceBills_DXEditor1_I']' in '10' second(s)

2021-10-21 14:29:50 - [MESSAGE][INFO] - Smart Wait Function is triggered

2021-10-21 14:29:51 - [MESSAGE][INFO] - Smart Wait Function is triggered

2021-10-21 14:29:52 - [MESSAGE][INFO] - Found 1 web elements with id: 'Object Repository/Olusturma/Genel/Kutular/IrsaliyeBilgileri/IrsaliyeNumarasi' located by 'By.xpath: //*[@id = 'gvUserInvoiceBills_DXEditor1_I']' in '10' second(s)

2021-10-21 14:29:52 - [MESSAGE][PASSED] - Object 'Object Repository/Olusturma/Genel/Kutular/IrsaliyeBilgileri/IrsaliyeNumarasi' is present

2021-10-21 14:29:52 - [TEST_STEP][PASSED] - clearText(findTestObject("Object Repository/Olusturma/Genel/Kutular/IrsaliyeBilgileri/IrsaliyeNumarasi")): Text of object 'Object Repository/Olusturma/Genel/Kutular/IrsaliyeBilgileri/IrsaliyeNumarasi' is cleared

2021-10-21 14:29:52 - [MESSAGE][INFO] - Finding Test Object 'Object Repository/Olusturma/Genel/Kutular/IrsaliyeBilgileri/IrsaliyeNumarasi'

2021-10-21 14:29:52 - [MESSAGE][INFO] - Checking object

2021-10-21 14:29:52 - [MESSAGE][INFO] - Finding web element from Test Object's properties

2021-10-21 14:29:52 - [MESSAGE][INFO] - Checking timeout

2021-10-21 14:29:52 - [MESSAGE][INFO] - Finding web element with id: 'Object Repository/Olusturma/Genel/Kutular/IrsaliyeBilgileri/IrsaliyeNumarasi' located by 'By.xpath: //*[@id = 'gvUserInvoiceBills_DXEditor1_I']' in '30' second(s)

2021-10-21 14:29:52 - [MESSAGE][INFO] - Smart Wait Function is triggered

2021-10-21 14:29:52 - [MESSAGE][INFO] - Found 1 web elements with id: 'Object Repository/Olusturma/Genel/Kutular/IrsaliyeBilgileri/IrsaliyeNumarasi' located by 'By.xpath: //*[@id = 'gvUserInvoiceBills_DXEditor1_I']' in '30' second(s)

2021-10-21 14:29:52 - [MESSAGE][INFO] - Clearing text of object 'Object Repository/Olusturma/Genel/Kutular/IrsaliyeBilgileri/IrsaliyeNumarasi'

2021-10-21 14:29:52 - [MESSAGE][PASSED] - Text of object 'Object Repository/Olusturma/Genel/Kutular/IrsaliyeBilgileri/IrsaliyeNumarasi' is cleared

2021-10-21 14:29:52 - [TEST_STEP][PASSED] - sendKeys(findTestObject("Object Repository/Olusturma/Genel/Kutular/IrsaliyeBilgileri/IrsaliyeNumarasi"), Numara): Keys 'AAAAAAAAAA' sent to object: 'Object Repository/Olusturma/Genel/Kutular/IrsaliyeBilgileri/IrsaliyeNumarasi'

2021-10-21 14:29:52 - [MESSAGE][INFO] - Finding Test Object 'Object Repository/Olusturma/Genel/Kutular/IrsaliyeBilgileri/IrsaliyeNumarasi'

2021-10-21 14:29:52 - [MESSAGE][INFO] - Sending keys 'AAAAAAAAAA' to object: 'Object Repository/Olusturma/Genel/Kutular/IrsaliyeBilgileri/IrsaliyeNumarasi'

2021-10-21 14:29:52 - [MESSAGE][INFO] - Finding web element from Test Object's properties

2021-10-21 14:29:52 - [MESSAGE][INFO] - Checking timeout

2021-10-21 14:29:52 - [MESSAGE][INFO] - Finding web element with id: 'Object Repository/Olusturma/Genel/Kutular/IrsaliyeBilgileri/IrsaliyeNumarasi' located by 'By.xpath: //*[@id = 'gvUserInvoiceBills_DXEditor1_I']' in '30' second(s)

2021-10-21 14:29:52 - [MESSAGE][INFO] - Smart Wait Function is triggered

2021-10-21 14:29:52 - [MESSAGE][INFO] - Found 1 web elements with id: 'Object Repository/Olusturma/Genel/Kutular/IrsaliyeBilgileri/IrsaliyeNumarasi' located by 'By.xpath: //*[@id = 'gvUserInvoiceBills_DXEditor1_I']' in '30' second(s)

2021-10-21 14:29:53 - [MESSAGE][PASSED] - Keys 'AAAAAAAAAA' sent to object: 'Object Repository/Olusturma/Genel/Kutular/IrsaliyeBilgileri/IrsaliyeNumarasi'

2021-10-21 14:29:53 - [TEST_STEP][PASSED] - waitForElementClickable(findTestObject("Object Repository/Olusturma/Genel/Kutular/IrsaliyeBilgileri/IrsaliyeTarihi"), 10): Object 'Object Repository/Olusturma/Genel/Kutular/IrsaliyeBilgileri/IrsaliyeTarihi' is clickable

2021-10-21 14:29:53 - [MESSAGE][INFO] - Finding Test Object 'Object Repository/Olusturma/Genel/Kutular/IrsaliyeBilgileri/IrsaliyeTarihi'

2021-10-21 14:29:53 - [MESSAGE][INFO] - Checking object

2021-10-21 14:29:53 - [MESSAGE][INFO] - Checking timeout

2021-10-21 14:29:53 - [MESSAGE][INFO] - Finding web element from Test Object's properties

2021-10-21 14:29:53 - [MESSAGE][INFO] - Checking timeout

2021-10-21 14:29:53 - [MESSAGE][INFO] - Finding web element with id: 'Object Repository/Olusturma/Genel/Kutular/IrsaliyeBilgileri/IrsaliyeTarihi' located by 'By.xpath: //*[@id = 'gvUserInvoiceBills_DXEditor2_I']' in '10' second(s)

2021-10-21 14:29:53 - [MESSAGE][INFO] - Smart Wait Function is triggered

2021-10-21 14:29:53 - [MESSAGE][INFO] - Found 1 web elements with id: 'Object Repository/Olusturma/Genel/Kutular/IrsaliyeBilgileri/IrsaliyeTarihi' located by 'By.xpath: //*[@id = 'gvUserInvoiceBills_DXEditor2_I']' in '10' second(s)

2021-10-21 14:29:53 - [MESSAGE][PASSED] - Object 'Object Repository/Olusturma/Genel/Kutular/IrsaliyeBilgileri/IrsaliyeTarihi' is clickable

2021-10-21 14:29:53 - [TEST_STEP][PASSED] - click(findTestObject("Object Repository/Olusturma/Genel/Kutular/IrsaliyeBilgileri/IrsaliyeTarihi")): Object: 'Object Repository/Olusturma/Genel/Kutular/IrsaliyeBilgileri/IrsaliyeTarihi' is clicked on

2021-10-21 14:29:53 - [MESSAGE][INFO] - Finding Test Object 'Object Repository/Olusturma/Genel/Kutular/IrsaliyeBilgileri/IrsaliyeTarihi'

2021-10-21 14:29:53 - [MESSAGE][INFO] - Checking object

2021-10-21 14:29:53 - [MESSAGE][INFO] - Finding web element from Test Object's properties

2021-10-21 14:29:53 - [MESSAGE][INFO] - Checking timeout

2021-10-21 14:29:53 - [MESSAGE][INFO] - Finding web element with id: 'Object Repository/Olusturma/Genel/Kutular/IrsaliyeBilgileri/IrsaliyeTarihi' located by 'By.xpath: //*[@id = 'gvUserInvoiceBills_DXEditor2_I']' in '30' second(s)

2021-10-21 14:29:53 - [MESSAGE][INFO] - Smart Wait Function is triggered

2021-10-21 14:29:54 - [MESSAGE][INFO] - Found 1 web elements with id: 'Object Repository/Olusturma/Genel/Kutular/IrsaliyeBilgileri/IrsaliyeTarihi' located by 'By.xpath: //*[@id = 'gvUserInvoiceBills_DXEditor2_I']' in '30' second(s)

2021-10-21 14:29:54 - [MESSAGE][INFO] - Clicking on object: 'Object Repository/Olusturma/Genel/Kutular/IrsaliyeBilgileri/IrsaliyeTarihi'

2021-10-21 14:29:54 - [MESSAGE][PASSED] - Object: 'Object Repository/Olusturma/Genel/Kutular/IrsaliyeBilgileri/IrsaliyeTarihi' is clicked on

2021-10-21 14:29:54 - [TEST_STEP][PASSED] - sendKeys(findTestObject("Object Repository/Olusturma/Genel/Kutular/IrsaliyeBilgileri/IrsaliyeTarihi"), Tarih): Keys '31.04.2020' sent to object: 'Object Repository/Olusturma/Genel/Kutular/IrsaliyeBilgileri/IrsaliyeTarihi'

2021-10-21 14:29:54 - [MESSAGE][INFO] - Finding Test Object 'Object Repository/Olusturma/Genel/Kutular/IrsaliyeBilgileri/IrsaliyeTarihi'

2021-10-21 14:29:54 - [MESSAGE][INFO] - Sending keys '31.04.2020' to object: 'Object Repository/Olusturma/Genel/Kutular/IrsaliyeBilgileri/IrsaliyeTarihi'

2021-10-21 14:29:54 - [MESSAGE][INFO] - Finding web element from Test Object's properties

2021-10-21 14:29:54 - [MESSAGE][INFO] - Checking timeout

2021-10-21 14:29:54 - [MESSAGE][INFO] - Finding web element with id: 'Object Repository/Olusturma/Genel/Kutular/IrsaliyeBilgileri/IrsaliyeTarihi' located by 'By.xpath: //*[@id = 'gvUserInvoiceBills_DXEditor2_I']' in '30' second(s)

2021-10-21 14:29:54 - [MESSAGE][INFO] - Smart Wait Function is triggered

2021-10-21 14:29:54 - [MESSAGE][INFO] - Found 1 web elements with id: 'Object Repository/Olusturma/Genel/Kutular/IrsaliyeBilgileri/IrsaliyeTarihi' located by 'By.xpath: //*[@id = 'gvUserInvoiceBills_DXEditor2_I']' in '30' second(s)

2021-10-21 14:29:54 - [MESSAGE][PASSED] - Keys '31.04.2020' sent to object: 'Object Repository/Olusturma/Genel/Kutular/IrsaliyeBilgileri/IrsaliyeTarihi'

2021-10-21 14:29:54 - [MESSAGE][PASSED] - Call Test Case 'Test Cases/Olusturma/Genel/Kutular/IrsaliyeBilgileri' successfully

2021-10-21 14:29:54 - [MESSAGE][INFO] - Checking called Test Case

2021-10-21 14:29:54 - [MESSAGE][INFO] - Starting to call Test Case 'Test Cases/Olusturma/Genel/EkleButonunaBasilir'

2021-10-21 14:29:54 - [TEST_CASE][PASSED] - Test Cases/Olusturma/Genel/EkleButonunaBasilir: Test Cases/Olusturma/Genel/EkleButonunaBasilir

2021-10-21 14:29:54 - [TEST_STEP][PASSED] - waitForElementClickable(findTestObject("Object Repository/Olusturma/Genel/Olusturma/Ekle"), 10): Object 'Object Repository/Olusturma/Genel/Olusturma/Ekle' is clickable

2021-10-21 14:29:54 - [MESSAGE][INFO] - Finding Test Object 'Object Repository/Olusturma/Genel/Olusturma/Ekle'

2021-10-21 14:29:54 - [MESSAGE][INFO] - Checking object

2021-10-21 14:29:54 - [MESSAGE][INFO] - Checking timeout

2021-10-21 14:29:54 - [MESSAGE][INFO] - Finding web element from Test Object's properties

2021-10-21 14:29:54 - [MESSAGE][INFO] - Checking timeout

2021-10-21 14:29:54 - [MESSAGE][INFO] - Finding web element with id: 'Object Repository/Olusturma/Genel/Olusturma/Ekle' located by 'By.cssSelector: #divmalhizmet i.fa.fa-plus.fa-lg.text-muted' in '10' second(s)

2021-10-21 14:29:54 - [MESSAGE][INFO] - Smart Wait Function is triggered

2021-10-21 14:29:55 - [MESSAGE][INFO] - Found 1 web elements with id: 'Object Repository/Olusturma/Genel/Olusturma/Ekle' located by 'By.cssSelector: #divmalhizmet i.fa.fa-plus.fa-lg.text-muted' in '10' second(s)

2021-10-21 14:29:55 - [MESSAGE][PASSED] - Object 'Object Repository/Olusturma/Genel/Olusturma/Ekle' is clickable

2021-10-21 14:29:55 - [TEST_STEP][PASSED] - click(findTestObject("Object Repository/Olusturma/Genel/Olusturma/Ekle")): Object: 'Object Repository/Olusturma/Genel/Olusturma/Ekle' is clicked on

2021-10-21 14:29:55 - [MESSAGE][INFO] - Finding Test Object 'Object Repository/Olusturma/Genel/Olusturma/Ekle'

2021-10-21 14:29:55 - [MESSAGE][INFO] - Checking object

2021-10-21 14:29:55 - [MESSAGE][INFO] - Finding web element from Test Object's properties

2021-10-21 14:29:55 - [MESSAGE][INFO] - Checking timeout

2021-10-21 14:29:55 - [MESSAGE][INFO] - Finding web element with id: 'Object Repository/Olusturma/Genel/Olusturma/Ekle' located by 'By.cssSelector: #divmalhizmet i.fa.fa-plus.fa-lg.text-muted' in '30' second(s)

2021-10-21 14:29:55 - [MESSAGE][INFO] - Smart Wait Function is triggered

2021-10-21 14:29:55 - [MESSAGE][INFO] - Found 1 web elements with id: 'Object Repository/Olusturma/Genel/Olusturma/Ekle' located by 'By.cssSelector: #divmalhizmet i.fa.fa-plus.fa-lg.text-muted' in '30' second(s)

2021-10-21 14:29:55 - [MESSAGE][INFO] - Clicking on object: 'Object Repository/Olusturma/Genel/Olusturma/Ekle'

2021-10-21 14:29:55 - [MESSAGE][PASSED] - Object: 'Object Repository/Olusturma/Genel/Olusturma/Ekle' is clicked on

2021-10-21 14:29:55 - [TEST_STEP][PASSED] - waitForElementClickable(findTestObject("Olusturma/Genel/Olusturma/EklenenSatirCarpiImage"), 10): Object 'Object Repository/Olusturma/Genel/Olusturma/EklenenSatirCarpiImage' is clickable

2021-10-21 14:29:55 - [MESSAGE][INFO] - Finding Test Object 'Object Repository/Olusturma/Genel/Olusturma/EklenenSatirCarpiImage'

2021-10-21 14:29:55 - [MESSAGE][INFO] - Checking object

2021-10-21 14:29:55 - [MESSAGE][INFO] - Checking timeout

2021-10-21 14:29:55 - [MESSAGE][INFO] - Finding web element from Test Object's properties

2021-10-21 14:29:55 - [MESSAGE][INFO] - Checking timeout

2021-10-21 14:29:55 - [MESSAGE][INFO] - Finding web element with id: 'Object Repository/Olusturma/Genel/Olusturma/EklenenSatirCarpiImage' located by 'By.cssSelector: .fa.fa-times.fa-lg.text-primary' in '10' second(s)

2021-10-21 14:29:55 - [MESSAGE][INFO] - Smart Wait Function is triggered

2021-10-21 14:29:56 - [MESSAGE][INFO] - Found 1 web elements with id: 'Object Repository/Olusturma/Genel/Olusturma/EklenenSatirCarpiImage' located by 'By.cssSelector: .fa.fa-times.fa-lg.text-primary' in '10' second(s)

2021-10-21 14:29:56 - [MESSAGE][PASSED] - Object 'Object Repository/Olusturma/Genel/Olusturma/EklenenSatirCarpiImage' is clickable

2021-10-21 14:29:56 - [MESSAGE][PASSED] - Call Test Case 'Test Cases/Olusturma/Genel/EkleButonunaBasilir' successfully

2021-10-21 14:29:56 - [MESSAGE][INFO] - Checking called Test Case

2021-10-21 14:29:56 - [MESSAGE][INFO] - Starting to call Test Case 'Test Cases/Olusturma/Genel/Olusturma'

2021-10-21 14:29:56 - [TEST_CASE][PASSED] - Test Cases/Olusturma/Genel/Olusturma: Test Cases/Olusturma/Genel/Olusturma

2021-10-21 14:29:56 - [TEST_STEP][PASSED] - driver = getWebDriver(): null

2021-10-21 14:29:56 - [TEST_STEP][PASSED] - action = new org.openqa.selenium.interactions.Actions(driver): null

2021-10-21 14:29:56 - [TEST_STEP][PASSED] - baslikElement = <not implemented yet for class: org.codehaus.groovy.ast.expr.EmptyExpression>: null

2021-10-21 14:29:56 - [TEST_STEP][PASSED] - sonElement = <not implemented yet for class: org.codehaus.groovy.ast.expr.EmptyExpression>: null

2021-10-21 14:29:56 - [TEST_STEP][PASSED] - attr = <not implemented yet for class: org.codehaus.groovy.ast.expr.EmptyExpression>: null

2021-10-21 14:29:56 - [TEST_STEP][PASSED] - a = 0: null

2021-10-21 14:29:56 - [TEST_STEP][PASSED] - elements = findWebElements(findTestObject("Object Repository/Olusturma/Genel/Olusturma/TabloBasliklari"), 10): Found 13 web elements with id: 'Object Repository/Olusturma/Genel/Olusturma/TabloBasliklari' located by 'By.cssSelector: div#divmalhizmet .dxgvTable_LECustomTheme td.dxgvHeader_LECustomTheme tr>td:nth-child(1)' in '10' second(s)

2021-10-21 14:29:56 - [MESSAGE][INFO] - Finding Test Object 'Object Repository/Olusturma/Genel/Olusturma/TabloBasliklari'

2021-10-21 14:29:56 - [MESSAGE][INFO] - Checking timeout

2021-10-21 14:29:56 - [MESSAGE][INFO] - Finding web element with id: 'Object Repository/Olusturma/Genel/Olusturma/TabloBasliklari' located by 'By.cssSelector: div#divmalhizmet .dxgvTable_LECustomTheme td.dxgvHeader_LECustomTheme tr>td:nth-child(1)' in '10' second(s)

2021-10-21 14:29:56 - [MESSAGE][INFO] - Smart Wait Function is triggered

2021-10-21 14:29:57 - [MESSAGE][INFO] - Found 13 web elements with id: 'Object Repository/Olusturma/Genel/Olusturma/TabloBasliklari' located by 'By.cssSelector: div#divmalhizmet .dxgvTable_LECustomTheme td.dxgvHeader_LECustomTheme tr>td:nth-child(1)' in '10' second(s)

2021-10-21 14:29:57 - [TEST_STEP][PASSED] - for (def element : elements): null

2021-10-21 14:29:57 - [TEST_STEP][PASSED] - build().perform(): null

2021-10-21 14:29:57 - [TEST_STEP][PASSED] - if (getText().equals(Baslik)): null

2021-10-21 14:29:57 - [TEST_STEP][PASSED] - baslikElement = element.findElement(By.xpath("../../../..")): Smart Wait Function is triggered

2021-10-21 14:29:57 - [MESSAGE][INFO] - Smart Wait Function is triggered

2021-10-21 14:29:57 - [TEST_STEP][PASSED] - attr = baslikElement.getAttribute("id"): null

2021-10-21 14:29:57 - [TEST_STEP][PASSED] - println("girdi ve idsini aldı = " + attr): null

2021-10-21 14:29:57 - [TEST_STEP][PASSED] - break: null

2021-10-21 14:29:57 - [TEST_STEP][PASSED] - countElement = baslikElement.findElements(By.xpath("../td")): Smart Wait Function is triggered

2021-10-21 14:29:57 - [MESSAGE][INFO] - Smart Wait Function is triggered

2021-10-21 14:29:58 - [TEST_STEP][PASSED] - for (def element : countElement): null

2021-10-21 14:29:58 - [TEST_STEP][PASSED] - if (toString().equals(attr.toString())): null

2021-10-21 14:29:58 - [TEST_STEP][PASSED] - (a++): null

2021-10-21 14:29:58 - [TEST_STEP][PASSED] - if (toString().equals(attr.toString())): null

2021-10-21 14:29:58 - [TEST_STEP][PASSED] - break: null

2021-10-21 14:29:58 - [TEST_STEP][PASSED] - son = findWebElement(findTestObject("Object Repository/Olusturma/Genel/Olusturma/EklenenSatir")).findElement(By.xpath("td[@class='dxgvInlineEditCell_LECustomTheme dxgv'][" + a + "]//td[@class='dxic']/input")): Smart Wait Function is triggered

2021-10-21 14:29:58 - [MESSAGE][INFO] - Finding Test Object 'Object Repository/Olusturma/Genel/Olusturma/EklenenSatir'

2021-10-21 14:29:58 - [MESSAGE][INFO] - Finding web element from Test Object's properties

2021-10-21 14:29:58 - [MESSAGE][INFO] - Checking timeout

2021-10-21 14:29:58 - [MESSAGE][INFO] - Finding web element with id: 'Object Repository/Olusturma/Genel/Olusturma/EklenenSatir' located by 'By.cssSelector: #divmalhizmet .dxgvInlineEditRow_LECustomTheme' in '30' second(s)

2021-10-21 14:29:58 - [MESSAGE][INFO] - Smart Wait Function is triggered

2021-10-21 14:29:58 - [MESSAGE][INFO] - Found 1 web elements with id: 'Object Repository/Olusturma/Genel/Olusturma/EklenenSatir' located by 'By.cssSelector: #divmalhizmet .dxgvInlineEditRow_LECustomTheme' in '30' second(s)

2021-10-21 14:29:58 - [MESSAGE][INFO] - Smart Wait Function is triggered

2021-10-21 14:29:58 - [TEST_STEP][PASSED] - if (!(getAttribute("value").contains("Vkn"))): null

2021-10-21 14:29:58 - [TEST_STEP][PASSED] - son.clear(): null

2021-10-21 14:29:58 - [TEST_STEP][PASSED] - son.sendKeys(Deger): null

2021-10-21 14:29:59 - [MESSAGE][PASSED] - Call Test Case 'Test Cases/Olusturma/Genel/Olusturma' successfully

2021-10-21 14:29:59 - [MESSAGE][INFO] - Checking called Test Case

2021-10-21 14:29:59 - [MESSAGE][INFO] - Starting to call Test Case 'Test Cases/Olusturma/Genel/Olusturma'

2021-10-21 14:29:59 - [TEST_CASE][PASSED] - Test Cases/Olusturma/Genel/Olusturma: Test Cases/Olusturma/Genel/Olusturma

2021-10-21 14:29:59 - [TEST_STEP][PASSED] - driver = getWebDriver(): null

2021-10-21 14:29:59 - [TEST_STEP][PASSED] - action = new org.openqa.selenium.interactions.Actions(driver): null

2021-10-21 14:29:59 - [TEST_STEP][PASSED] - baslikElement = <not implemented yet for class: org.codehaus.groovy.ast.expr.EmptyExpression>: null

2021-10-21 14:29:59 - [TEST_STEP][PASSED] - sonElement = <not implemented yet for class: org.codehaus.groovy.ast.expr.EmptyExpression>: null

2021-10-21 14:29:59 - [TEST_STEP][PASSED] - attr = <not implemented yet for class: org.codehaus.groovy.ast.expr.EmptyExpression>: null

2021-10-21 14:29:59 - [TEST_STEP][PASSED] - a = 0: null

2021-10-21 14:29:59 - [TEST_STEP][PASSED] - elements = findWebElements(findTestObject("Object Repository/Olusturma/Genel/Olusturma/TabloBasliklari"), 10): Found 13 web elements with id: 'Object Repository/Olusturma/Genel/Olusturma/TabloBasliklari' located by 'By.cssSelector: div#divmalhizmet .dxgvTable_LECustomTheme td.dxgvHeader_LECustomTheme tr>td:nth-child(1)' in '10' second(s)

2021-10-21 14:29:59 - [MESSAGE][INFO] - Finding Test Object 'Object Repository/Olusturma/Genel/Olusturma/TabloBasliklari'

2021-10-21 14:29:59 - [MESSAGE][INFO] - Checking timeout

2021-10-21 14:29:59 - [MESSAGE][INFO] - Finding web element with id: 'Object Repository/Olusturma/Genel/Olusturma/TabloBasliklari' located by 'By.cssSelector: div#divmalhizmet .dxgvTable_LECustomTheme td.dxgvHeader_LECustomTheme tr>td:nth-child(1)' in '10' second(s)

2021-10-21 14:29:59 - [MESSAGE][INFO] - Smart Wait Function is triggered

2021-10-21 14:29:59 - [MESSAGE][INFO] - Found 13 web elements with id: 'Object Repository/Olusturma/Genel/Olusturma/TabloBasliklari' located by 'By.cssSelector: div#divmalhizmet .dxgvTable_LECustomTheme td.dxgvHeader_LECustomTheme tr>td:nth-child(1)' in '10' second(s)

2021-10-21 14:29:59 - [TEST_STEP][PASSED] - for (def element : elements): null

2021-10-21 14:29:59 - [TEST_STEP][PASSED] - build().perform(): null

2021-10-21 14:29:59 - [TEST_STEP][PASSED] - if (getText().equals(Baslik)): null

2021-10-21 14:29:59 - [TEST_STEP][PASSED] - build().perform(): null

2021-10-21 14:29:59 - [TEST_STEP][PASSED] - if (getText().equals(Baslik)): null

2021-10-21 14:29:59 - [TEST_STEP][PASSED] - baslikElement = element.findElement(By.xpath("../../../..")): Smart Wait Function is triggered

2021-10-21 14:29:59 - [MESSAGE][INFO] - Smart Wait Function is triggered

2021-10-21 14:30:00 - [TEST_STEP][PASSED] - attr = baslikElement.getAttribute("id"): null

2021-10-21 14:30:00 - [TEST_STEP][PASSED] - println("girdi ve idsini aldı = " + attr): null

2021-10-21 14:30:00 - [TEST_STEP][PASSED] - break: null

2021-10-21 14:30:00 - [TEST_STEP][PASSED] - countElement = baslikElement.findElements(By.xpath("../td")): Smart Wait Function is triggered

2021-10-21 14:30:00 - [MESSAGE][INFO] - Smart Wait Function is triggered

2021-10-21 14:30:00 - [TEST_STEP][PASSED] - for (def element : countElement): null

2021-10-21 14:30:00 - [TEST_STEP][PASSED] - if (toString().equals(attr.toString())): null

2021-10-21 14:30:00 - [TEST_STEP][PASSED] - (a++): null

2021-10-21 14:30:00 - [TEST_STEP][PASSED] - if (toString().equals(attr.toString())): null

2021-10-21 14:30:00 - [TEST_STEP][PASSED] - (a++): null

2021-10-21 14:30:00 - [TEST_STEP][PASSED] - if (toString().equals(attr.toString())): null

2021-10-21 14:30:00 - [TEST_STEP][PASSED] - break: null

2021-10-21 14:30:00 - [TEST_STEP][PASSED] - son = findWebElement(findTestObject("Object Repository/Olusturma/Genel/Olusturma/EklenenSatir")).findElement(By.xpath("td[@class='dxgvInlineEditCell_LECustomTheme dxgv'][" + a + "]//td[@class='dxic']/input")): Smart Wait Function is triggered

2021-10-21 14:30:00 - [MESSAGE][INFO] - Finding Test Object 'Object Repository/Olusturma/Genel/Olusturma/EklenenSatir'

2021-10-21 14:30:00 - [MESSAGE][INFO] - Finding web element from Test Object's properties

2021-10-21 14:30:00 - [MESSAGE][INFO] - Checking timeout

2021-10-21 14:30:00 - [MESSAGE][INFO] - Finding web element with id: 'Object Repository/Olusturma/Genel/Olusturma/EklenenSatir' located by 'By.cssSelector: #divmalhizmet .dxgvInlineEditRow_LECustomTheme' in '30' second(s)

2021-10-21 14:30:00 - [MESSAGE][INFO] - Smart Wait Function is triggered

2021-10-21 14:30:00 - [MESSAGE][INFO] - Found 1 web elements with id: 'Object Repository/Olusturma/Genel/Olusturma/EklenenSatir' located by 'By.cssSelector: #divmalhizmet .dxgvInlineEditRow_LECustomTheme' in '30' second(s)

2021-10-21 14:30:00 - [MESSAGE][INFO] - Smart Wait Function is triggered

2021-10-21 14:30:01 - [TEST_STEP][PASSED] - if (!(getAttribute("value").contains("Vkn"))): null

2021-10-21 14:30:01 - [TEST_STEP][PASSED] - son.clear(): null

2021-10-21 14:30:01 - [TEST_STEP][PASSED] - son.sendKeys(Deger): null

2021-10-21 14:30:01 - [MESSAGE][PASSED] - Call Test Case 'Test Cases/Olusturma/Genel/Olusturma' successfully

2021-10-21 14:30:01 - [MESSAGE][INFO] - Checking called Test Case

2021-10-21 14:30:01 - [MESSAGE][INFO] - Starting to call Test Case 'Test Cases/Olusturma/Genel/Olusturma'

2021-10-21 14:30:01 - [TEST_CASE][PASSED] - Test Cases/Olusturma/Genel/Olusturma: Test Cases/Olusturma/Genel/Olusturma

2021-10-21 14:30:01 - [TEST_STEP][PASSED] - driver = getWebDriver(): null

2021-10-21 14:30:01 - [TEST_STEP][PASSED] - action = new org.openqa.selenium.interactions.Actions(driver): null

2021-10-21 14:30:01 - [TEST_STEP][PASSED] - baslikElement = <not implemented yet for class: org.codehaus.groovy.ast.expr.EmptyExpression>: null

2021-10-21 14:30:01 - [TEST_STEP][PASSED] - sonElement = <not implemented yet for class: org.codehaus.groovy.ast.expr.EmptyExpression>: null

2021-10-21 14:30:01 - [TEST_STEP][PASSED] - attr = <not implemented yet for class: org.codehaus.groovy.ast.expr.EmptyExpression>: null

2021-10-21 14:30:01 - [TEST_STEP][PASSED] - a = 0: null

2021-10-21 14:30:01 - [TEST_STEP][PASSED] - elements = findWebElements(findTestObject("Object Repository/Olusturma/Genel/Olusturma/TabloBasliklari"), 10): Found 13 web elements with id: 'Object Repository/Olusturma/Genel/Olusturma/TabloBasliklari' located by 'By.cssSelector: div#divmalhizmet .dxgvTable_LECustomTheme td.dxgvHeader_LECustomTheme tr>td:nth-child(1)' in '10' second(s)

2021-10-21 14:30:01 - [MESSAGE][INFO] - Finding Test Object 'Object Repository/Olusturma/Genel/Olusturma/TabloBasliklari'

2021-10-21 14:30:01 - [MESSAGE][INFO] - Checking timeout

2021-10-21 14:30:01 - [MESSAGE][INFO] - Finding web element with id: 'Object Repository/Olusturma/Genel/Olusturma/TabloBasliklari' located by 'By.cssSelector: div#divmalhizmet .dxgvTable_LECustomTheme td.dxgvHeader_LECustomTheme tr>td:nth-child(1)' in '10' second(s)

2021-10-21 14:30:01 - [MESSAGE][INFO] - Smart Wait Function is triggered

2021-10-21 14:30:01 - [MESSAGE][INFO] - Found 13 web elements with id: 'Object Repository/Olusturma/Genel/Olusturma/TabloBasliklari' located by 'By.cssSelector: div#divmalhizmet .dxgvTable_LECustomTheme td.dxgvHeader_LECustomTheme tr>td:nth-child(1)' in '10' second(s)

2021-10-21 14:30:01 - [TEST_STEP][PASSED] - for (def element : elements): null

2021-10-21 14:30:01 - [TEST_STEP][PASSED] - build().perform(): null

2021-10-21 14:30:02 - [TEST_STEP][PASSED] - if (getText().equals(Baslik)): null

2021-10-21 14:30:02 - [TEST_STEP][PASSED] - build().perform(): null

2021-10-21 14:30:02 - [TEST_STEP][PASSED] - if (getText().equals(Baslik)): null

2021-10-21 14:30:02 - [TEST_STEP][PASSED] - build().perform(): null

2021-10-21 14:30:02 - [TEST_STEP][PASSED] - if (getText().equals(Baslik)): null

2021-10-21 14:30:02 - [TEST_STEP][PASSED] - build().perform(): null

2021-10-21 14:30:02 - [TEST_STEP][PASSED] - if (getText().equals(Baslik)): null

2021-10-21 14:30:02 - [TEST_STEP][PASSED] - baslikElement = element.findElement(By.xpath("../../../..")): Smart Wait Function is triggered

2021-10-21 14:30:02 - [MESSAGE][INFO] - Smart Wait Function is triggered

2021-10-21 14:30:02 - [TEST_STEP][PASSED] - attr = baslikElement.getAttribute("id"): null

2021-10-21 14:30:02 - [TEST_STEP][PASSED] - println("girdi ve idsini aldı = " + attr): null

2021-10-21 14:30:02 - [TEST_STEP][PASSED] - break: null

2021-10-21 14:30:02 - [TEST_STEP][PASSED] - countElement = baslikElement.findElements(By.xpath("../td")): Smart Wait Function is triggered

2021-10-21 14:30:02 - [MESSAGE][INFO] - Smart Wait Function is triggered

2021-10-21 14:30:03 - [TEST_STEP][PASSED] - for (def element : countElement): null

2021-10-21 14:30:03 - [TEST_STEP][PASSED] - if (toString().equals(attr.toString())): null

2021-10-21 14:30:03 - [TEST_STEP][PASSED] - (a++): null

2021-10-21 14:30:03 - [TEST_STEP][PASSED] - if (toString().equals(attr.toString())): null

2021-10-21 14:30:03 - [TEST_STEP][PASSED] - (a++): null

2021-10-21 14:30:03 - [TEST_STEP][PASSED] - if (toString().equals(attr.toString())): null

2021-10-21 14:30:03 - [TEST_STEP][PASSED] - (a++): null

2021-10-21 14:30:03 - [TEST_STEP][PASSED] - if (toString().equals(attr.toString())): null

2021-10-21 14:30:03 - [TEST_STEP][PASSED] - (a++): null

2021-10-21 14:30:03 - [TEST_STEP][PASSED] - if (toString().equals(attr.toString())): null

2021-10-21 14:30:03 - [TEST_STEP][PASSED] - break: null

2021-10-21 14:30:03 - [TEST_STEP][PASSED] - son = findWebElement(findTestObject("Object Repository/Olusturma/Genel/Olusturma/EklenenSatir")).findElement(By.xpath("td[@class='dxgvInlineEditCell_LECustomTheme dxgv'][" + a + "]//td[@class='dxic']/input")): Smart Wait Function is triggered

2021-10-21 14:30:03 - [MESSAGE][INFO] - Finding Test Object 'Object Repository/Olusturma/Genel/Olusturma/EklenenSatir'

2021-10-21 14:30:03 - [MESSAGE][INFO] - Finding web element from Test Object's properties

2021-10-21 14:30:03 - [MESSAGE][INFO] - Checking timeout

2021-10-21 14:30:03 - [MESSAGE][INFO] - Finding web element with id: 'Object Repository/Olusturma/Genel/Olusturma/EklenenSatir' located by 'By.cssSelector: #divmalhizmet .dxgvInlineEditRow_LECustomTheme' in '30' second(s)

2021-10-21 14:30:03 - [MESSAGE][INFO] - Smart Wait Function is triggered

2021-10-21 14:30:03 - [MESSAGE][INFO] - Found 1 web elements with id: 'Object Repository/Olusturma/Genel/Olusturma/EklenenSatir' located by 'By.cssSelector: #divmalhizmet .dxgvInlineEditRow_LECustomTheme' in '30' second(s)

2021-10-21 14:30:03 - [MESSAGE][INFO] - Smart Wait Function is triggered

2021-10-21 14:30:03 - [TEST_STEP][PASSED] - if (!(getAttribute("value").contains("Vkn"))): null

2021-10-21 14:30:03 - [TEST_STEP][PASSED] - son.clear(): null

2021-10-21 14:30:04 - [TEST_STEP][PASSED] - son.sendKeys(Deger): null

2021-10-21 14:30:04 - [MESSAGE][PASSED] - Call Test Case 'Test Cases/Olusturma/Genel/Olusturma' successfully

2021-10-21 14:30:04 - [MESSAGE][INFO] - Checking called Test Case

2021-10-21 14:30:04 - [MESSAGE][INFO] - Starting to call Test Case 'Test Cases/Olusturma/Genel/Olusturma'

2021-10-21 14:30:04 - [TEST_CASE][PASSED] - Test Cases/Olusturma/Genel/Olusturma: Test Cases/Olusturma/Genel/Olusturma

2021-10-21 14:30:04 - [TEST_STEP][PASSED] - driver = getWebDriver(): null

2021-10-21 14:30:04 - [TEST_STEP][PASSED] - action = new org.openqa.selenium.interactions.Actions(driver): null

2021-10-21 14:30:04 - [TEST_STEP][PASSED] - baslikElement = <not implemented yet for class: org.codehaus.groovy.ast.expr.EmptyExpression>: null

2021-10-21 14:30:04 - [TEST_STEP][PASSED] - sonElement = <not implemented yet for class: org.codehaus.groovy.ast.expr.EmptyExpression>: null

2021-10-21 14:30:04 - [TEST_STEP][PASSED] - attr = <not implemented yet for class: org.codehaus.groovy.ast.expr.EmptyExpression>: null

2021-10-21 14:30:04 - [TEST_STEP][PASSED] - a = 0: null

2021-10-21 14:30:04 - [TEST_STEP][PASSED] - elements = findWebElements(findTestObject("Object Repository/Olusturma/Genel/Olusturma/TabloBasliklari"), 10): Found 13 web elements with id: 'Object Repository/Olusturma/Genel/Olusturma/TabloBasliklari' located by 'By.cssSelector: div#divmalhizmet .dxgvTable_LECustomTheme td.dxgvHeader_LECustomTheme tr>td:nth-child(1)' in '10' second(s)

2021-10-21 14:30:04 - [MESSAGE][INFO] - Finding Test Object 'Object Repository/Olusturma/Genel/Olusturma/TabloBasliklari'

2021-10-21 14:30:04 - [MESSAGE][INFO] - Checking timeout

2021-10-21 14:30:04 - [MESSAGE][INFO] - Finding web element with id: 'Object Repository/Olusturma/Genel/Olusturma/TabloBasliklari' located by 'By.cssSelector: div#divmalhizmet .dxgvTable_LECustomTheme td.dxgvHeader_LECustomTheme tr>td:nth-child(1)' in '10' second(s)

2021-10-21 14:30:04 - [MESSAGE][INFO] - Smart Wait Function is triggered

2021-10-21 14:30:04 - [MESSAGE][INFO] - Found 13 web elements with id: 'Object Repository/Olusturma/Genel/Olusturma/TabloBasliklari' located by 'By.cssSelector: div#divmalhizmet .dxgvTable_LECustomTheme td.dxgvHeader_LECustomTheme tr>td:nth-child(1)' in '10' second(s)

2021-10-21 14:30:04 - [TEST_STEP][PASSED] - for (def element : elements): null

2021-10-21 14:30:04 - [TEST_STEP][PASSED] - build().perform(): null

2021-10-21 14:30:04 - [TEST_STEP][PASSED] - if (getText().equals(Baslik)): null

2021-10-21 14:30:04 - [TEST_STEP][PASSED] - build().perform(): null

2021-10-21 14:30:04 - [TEST_STEP][PASSED] - if (getText().equals(Baslik)): null

2021-10-21 14:30:04 - [TEST_STEP][PASSED] - build().perform(): null

2021-10-21 14:30:05 - [TEST_STEP][PASSED] - if (getText().equals(Baslik)): null

2021-10-21 14:30:05 - [TEST_STEP][PASSED] - build().perform(): null

2021-10-21 14:30:05 - [TEST_STEP][PASSED] - if (getText().equals(Baslik)): null

2021-10-21 14:30:05 - [TEST_STEP][PASSED] - build().perform(): null

2021-10-21 14:30:05 - [TEST_STEP][PASSED] - if (getText().equals(Baslik)): null

2021-10-21 14:30:05 - [TEST_STEP][PASSED] - build().perform(): null

2021-10-21 14:30:05 - [TEST_STEP][PASSED] - if (getText().equals(Baslik)): null

2021-10-21 14:30:05 - [TEST_STEP][PASSED] - baslikElement = element.findElement(By.xpath("../../../..")): Smart Wait Function is triggered

2021-10-21 14:30:05 - [MESSAGE][INFO] - Smart Wait Function is triggered

2021-10-21 14:30:05 - [TEST_STEP][PASSED] - attr = baslikElement.getAttribute("id"): null

2021-10-21 14:30:05 - [TEST_STEP][PASSED] - println("girdi ve idsini aldı = " + attr): null

2021-10-21 14:30:05 - [TEST_STEP][PASSED] - break: null

2021-10-21 14:30:05 - [TEST_STEP][PASSED] - countElement = baslikElement.findElements(By.xpath("../td")): Smart Wait Function is triggered

2021-10-21 14:30:05 - [MESSAGE][INFO] - Smart Wait Function is triggered

2021-10-21 14:30:06 - [TEST_STEP][PASSED] - for (def element : countElement): null

2021-10-21 14:30:06 - [TEST_STEP][PASSED] - if (toString().equals(attr.toString())): null

2021-10-21 14:30:06 - [TEST_STEP][PASSED] - (a++): null

2021-10-21 14:30:06 - [TEST_STEP][PASSED] - if (toString().equals(attr.toString())): null

2021-10-21 14:30:06 - [TEST_STEP][PASSED] - (a++): null

2021-10-21 14:30:06 - [TEST_STEP][PASSED] - if (toString().equals(attr.toString())): null

2021-10-21 14:30:06 - [TEST_STEP][PASSED] - (a++): null

2021-10-21 14:30:06 - [TEST_STEP][PASSED] - if (toString().equals(attr.toString())): null

2021-10-21 14:30:06 - [TEST_STEP][PASSED] - (a++): null

2021-10-21 14:30:06 - [TEST_STEP][PASSED] - if (toString().equals(attr.toString())): null

2021-10-21 14:30:06 - [TEST_STEP][PASSED] - (a++): null

2021-10-21 14:30:06 - [TEST_STEP][PASSED] - if (toString().equals(attr.toString())): null

2021-10-21 14:30:06 - [TEST_STEP][PASSED] - (a++): null

2021-10-21 14:30:06 - [TEST_STEP][PASSED] - if (toString().equals(attr.toString())): null

2021-10-21 14:30:06 - [TEST_STEP][PASSED] - break: null

2021-10-21 14:30:06 - [TEST_STEP][PASSED] - son = findWebElement(findTestObject("Object Repository/Olusturma/Genel/Olusturma/EklenenSatir")).findElement(By.xpath("td[@class='dxgvInlineEditCell_LECustomTheme dxgv'][" + a + "]//td[@class='dxic']/input")): Smart Wait Function is triggered

2021-10-21 14:30:06 - [MESSAGE][INFO] - Finding Test Object 'Object Repository/Olusturma/Genel/Olusturma/EklenenSatir'

2021-10-21 14:30:06 - [MESSAGE][INFO] - Finding web element from Test Object's properties

2021-10-21 14:30:06 - [MESSAGE][INFO] - Checking timeout

2021-10-21 14:30:06 - [MESSAGE][INFO] - Finding web element with id: 'Object Repository/Olusturma/Genel/Olusturma/EklenenSatir' located by 'By.cssSelector: #divmalhizmet .dxgvInlineEditRow_LECustomTheme' in '30' second(s)

2021-10-21 14:30:06 - [MESSAGE][INFO] - Smart Wait Function is triggered

2021-10-21 14:30:06 - [MESSAGE][INFO] - Found 1 web elements with id: 'Object Repository/Olusturma/Genel/Olusturma/EklenenSatir' located by 'By.cssSelector: #divmalhizmet .dxgvInlineEditRow_LECustomTheme' in '30' second(s)

2021-10-21 14:30:06 - [MESSAGE][INFO] - Smart Wait Function is triggered

2021-10-21 14:30:07 - [TEST_STEP][PASSED] - if (!(getAttribute("value").contains("Vkn"))): null

2021-10-21 14:30:07 - [TEST_STEP][PASSED] - son.clear(): null

2021-10-21 14:30:07 - [TEST_STEP][PASSED] - son.sendKeys(Deger): null

2021-10-21 14:30:07 - [MESSAGE][PASSED] - Call Test Case 'Test Cases/Olusturma/Genel/Olusturma' successfully

2021-10-21 14:30:07 - [MESSAGE][INFO] - Checking called Test Case

2021-10-21 14:30:07 - [MESSAGE][INFO] - Starting to call Test Case 'Test Cases/Olusturma/Genel/Olusturma'

2021-10-21 14:30:07 - [TEST_CASE][PASSED] - Test Cases/Olusturma/Genel/Olusturma: Test Cases/Olusturma/Genel/Olusturma

2021-10-21 14:30:07 - [TEST_STEP][PASSED] - driver = getWebDriver(): null

2021-10-21 14:30:07 - [TEST_STEP][PASSED] - action = new org.openqa.selenium.interactions.Actions(driver): null

2021-10-21 14:30:07 - [TEST_STEP][PASSED] - baslikElement = <not implemented yet for class: org.codehaus.groovy.ast.expr.EmptyExpression>: null

2021-10-21 14:30:07 - [TEST_STEP][PASSED] - sonElement = <not implemented yet for class: org.codehaus.groovy.ast.expr.EmptyExpression>: null

2021-10-21 14:30:07 - [TEST_STEP][PASSED] - attr = <not implemented yet for class: org.codehaus.groovy.ast.expr.EmptyExpression>: null

2021-10-21 14:30:07 - [TEST_STEP][PASSED] - a = 0: null

2021-10-21 14:30:07 - [TEST_STEP][PASSED] - elements = findWebElements(findTestObject("Object Repository/Olusturma/Genel/Olusturma/TabloBasliklari"), 10): Found 13 web elements with id: 'Object Repository/Olusturma/Genel/Olusturma/TabloBasliklari' located by 'By.cssSelector: div#divmalhizmet .dxgvTable_LECustomTheme td.dxgvHeader_LECustomTheme tr>td:nth-child(1)' in '10' second(s)

2021-10-21 14:30:07 - [MESSAGE][INFO] - Finding Test Object 'Object Repository/Olusturma/Genel/Olusturma/TabloBasliklari'

2021-10-21 14:30:07 - [MESSAGE][INFO] - Checking timeout

2021-10-21 14:30:07 - [MESSAGE][INFO] - Finding web element with id: 'Object Repository/Olusturma/Genel/Olusturma/TabloBasliklari' located by 'By.cssSelector: div#divmalhizmet .dxgvTable_LECustomTheme td.dxgvHeader_LECustomTheme tr>td:nth-child(1)' in '10' second(s)

2021-10-21 14:30:07 - [MESSAGE][INFO] - Smart Wait Function is triggered

2021-10-21 14:30:07 - [MESSAGE][INFO] - Found 13 web elements with id: 'Object Repository/Olusturma/Genel/Olusturma/TabloBasliklari' located by 'By.cssSelector: div#divmalhizmet .dxgvTable_LECustomTheme td.dxgvHeader_LECustomTheme tr>td:nth-child(1)' in '10' second(s)

2021-10-21 14:30:07 - [TEST_STEP][PASSED] - for (def element : elements): null

2021-10-21 14:30:07 - [TEST_STEP][PASSED] - build().perform(): null

2021-10-21 14:30:07 - [TEST_STEP][PASSED] - if (getText().equals(Baslik)): null

2021-10-21 14:30:07 - [TEST_STEP][PASSED] - build().perform(): null

2021-10-21 14:30:08 - [TEST_STEP][PASSED] - if (getText().equals(Baslik)): null

2021-10-21 14:30:08 - [TEST_STEP][PASSED] - build().perform(): null

2021-10-21 14:30:08 - [TEST_STEP][PASSED] - if (getText().equals(Baslik)): null

2021-10-21 14:30:08 - [TEST_STEP][PASSED] - build().perform(): null

2021-10-21 14:30:08 - [TEST_STEP][PASSED] - if (getText().equals(Baslik)): null

2021-10-21 14:30:08 - [TEST_STEP][PASSED] - build().perform(): null

2021-10-21 14:30:08 - [TEST_STEP][PASSED] - if (getText().equals(Baslik)): null

2021-10-21 14:30:08 - [TEST_STEP][PASSED] - build().perform(): null

2021-10-21 14:30:08 - [TEST_STEP][PASSED] - if (getText().equals(Baslik)): null

2021-10-21 14:30:08 - [TEST_STEP][PASSED] - build().perform(): null

2021-10-21 14:30:08 - [TEST_STEP][PASSED] - if (getText().equals(Baslik)): null

2021-10-21 14:30:08 - [TEST_STEP][PASSED] - baslikElement = element.findElement(By.xpath("../../../..")): Smart Wait Function is triggered

2021-10-21 14:30:08 - [MESSAGE][INFO] - Smart Wait Function is triggered

2021-10-21 14:30:09 - [TEST_STEP][PASSED] - attr = baslikElement.getAttribute("id"): null

2021-10-21 14:30:09 - [TEST_STEP][PASSED] - println("girdi ve idsini aldı = " + attr): null

2021-10-21 14:30:09 - [TEST_STEP][PASSED] - break: null

2021-10-21 14:30:09 - [TEST_STEP][PASSED] - countElement = baslikElement.findElements(By.xpath("../td")): Smart Wait Function is triggered

2021-10-21 14:30:09 - [MESSAGE][INFO] - Smart Wait Function is triggered

2021-10-21 14:30:09 - [TEST_STEP][PASSED] - for (def element : countElement): null

2021-10-21 14:30:09 - [TEST_STEP][PASSED] - if (toString().equals(attr.toString())): null

2021-10-21 14:30:09 - [TEST_STEP][PASSED] - (a++): null

2021-10-21 14:30:09 - [TEST_STEP][PASSED] - if (toString().equals(attr.toString())): null

2021-10-21 14:30:09 - [TEST_STEP][PASSED] - (a++): null

2021-10-21 14:30:09 - [TEST_STEP][PASSED] - if (toString().equals(attr.toString())): null

2021-10-21 14:30:09 - [TEST_STEP][PASSED] - (a++): null

2021-10-21 14:30:09 - [TEST_STEP][PASSED] - if (toString().equals(attr.toString())): null

2021-10-21 14:30:09 - [TEST_STEP][PASSED] - (a++): null

2021-10-21 14:30:09 - [TEST_STEP][PASSED] - if (toString().equals(attr.toString())): null

2021-10-21 14:30:09 - [TEST_STEP][PASSED] - (a++): null

2021-10-21 14:30:09 - [TEST_STEP][PASSED] - if (toString().equals(attr.toString())): null

2021-10-21 14:30:09 - [TEST_STEP][PASSED] - (a++): null

2021-10-21 14:30:09 - [TEST_STEP][PASSED] - if (toString().equals(attr.toString())): null

2021-10-21 14:30:09 - [TEST_STEP][PASSED] - (a++): null

2021-10-21 14:30:09 - [TEST_STEP][PASSED] - if (toString().equals(attr.toString())): null

2021-10-21 14:30:09 - [TEST_STEP][PASSED] - break: null

2021-10-21 14:30:09 - [TEST_STEP][PASSED] - son = findWebElement(findTestObject("Object Repository/Olusturma/Genel/Olusturma/EklenenSatir")).findElement(By.xpath("td[@class='dxgvInlineEditCell_LECustomTheme dxgv'][" + a + "]//td[@class='dxic']/input")): Smart Wait Function is triggered

2021-10-21 14:30:09 - [MESSAGE][INFO] - Finding Test Object 'Object Repository/Olusturma/Genel/Olusturma/EklenenSatir'

2021-10-21 14:30:09 - [MESSAGE][INFO] - Finding web element from Test Object's properties

2021-10-21 14:30:09 - [MESSAGE][INFO] - Checking timeout

2021-10-21 14:30:09 - [MESSAGE][INFO] - Finding web element with id: 'Object Repository/Olusturma/Genel/Olusturma/EklenenSatir' located by 'By.cssSelector: #divmalhizmet .dxgvInlineEditRow_LECustomTheme' in '30' second(s)

2021-10-21 14:30:09 - [MESSAGE][INFO] - Smart Wait Function is triggered

2021-10-21 14:30:09 - [MESSAGE][INFO] - Found 1 web elements with id: 'Object Repository/Olusturma/Genel/Olusturma/EklenenSatir' located by 'By.cssSelector: #divmalhizmet .dxgvInlineEditRow_LECustomTheme' in '30' second(s)

2021-10-21 14:30:09 - [MESSAGE][INFO] - Smart Wait Function is triggered

2021-10-21 14:30:10 - [TEST_STEP][PASSED] - if (!(getAttribute("value").contains("Vkn"))): null

2021-10-21 14:30:10 - [TEST_STEP][PASSED] - son.clear(): null

2021-10-21 14:30:10 - [TEST_STEP][PASSED] - son.sendKeys(Deger): null

2021-10-21 14:30:10 - [MESSAGE][PASSED] - Call Test Case 'Test Cases/Olusturma/Genel/Olusturma' successfully

2021-10-21 14:30:10 - [MESSAGE][INFO] - Checking called Test Case

2021-10-21 14:30:10 - [MESSAGE][INFO] - Starting to call Test Case 'Test Cases/Olusturma/Genel/NotGirilir'

2021-10-21 14:30:10 - [TEST_CASE][PASSED] - Test Cases/Olusturma/Genel/NotGirilir: Test Cases/Olusturma/Genel/NotGirilir

2021-10-21 14:30:10 - [TEST_STEP][PASSED] - i = 0: null

2021-10-21 14:30:10 - [TEST_STEP][PASSED] - waitForElementClickable(findTestObject("Olusturma/Genel/Not/Notlar"), 10): Object 'Object Repository/Olusturma/Genel/Not/Notlar' is clickable

2021-10-21 14:30:10 - [MESSAGE][INFO] - Finding Test Object 'Object Repository/Olusturma/Genel/Not/Notlar'

2021-10-21 14:30:10 - [MESSAGE][INFO] - Checking object

2021-10-21 14:30:10 - [MESSAGE][INFO] - Checking timeout

2021-10-21 14:30:10 - [MESSAGE][INFO] - Finding web element from Test Object's properties

2021-10-21 14:30:10 - [MESSAGE][INFO] - Checking timeout

2021-10-21 14:30:10 - [MESSAGE][INFO] - Finding web element with id: 'Object Repository/Olusturma/Genel/Not/Notlar' located by 'By.xpath: //*[@id = 'txtNote_I']' in '10' second(s)

2021-10-21 14:30:10 - [MESSAGE][INFO] - Smart Wait Function is triggered

2021-10-21 14:30:10 - [MESSAGE][INFO] - Found 1 web elements with id: 'Object Repository/Olusturma/Genel/Not/Notlar' located by 'By.xpath: //*[@id = 'txtNote_I']' in '10' second(s)

2021-10-21 14:30:10 - [MESSAGE][PASSED] - Object 'Object Repository/Olusturma/Genel/Not/Notlar' is clickable

2021-10-21 14:30:10 - [TEST_STEP][PASSED] - clearText(findTestObject("Olusturma/Genel/Not/Notlar")): Text of object 'Object Repository/Olusturma/Genel/Not/Notlar' is cleared

2021-10-21 14:30:10 - [MESSAGE][INFO] - Finding Test Object 'Object Repository/Olusturma/Genel/Not/Notlar'

2021-10-21 14:30:10 - [MESSAGE][INFO] - Checking object

2021-10-21 14:30:10 - [MESSAGE][INFO] - Finding web element from Test Object's properties

2021-10-21 14:30:10 - [MESSAGE][INFO] - Checking timeout

2021-10-21 14:30:10 - [MESSAGE][INFO] - Finding web element with id: 'Object Repository/Olusturma/Genel/Not/Notlar' located by 'By.xpath: //*[@id = 'txtNote_I']' in '30' second(s)

2021-10-21 14:30:10 - [MESSAGE][INFO] - Smart Wait Function is triggered

2021-10-21 14:30:11 - [MESSAGE][INFO] - Found 1 web elements with id: 'Object Repository/Olusturma/Genel/Not/Notlar' located by 'By.xpath: //*[@id = 'txtNote_I']' in '30' second(s)

2021-10-21 14:30:11 - [MESSAGE][INFO] - Clearing text of object 'Object Repository/Olusturma/Genel/Not/Notlar'

2021-10-21 14:30:11 - [MESSAGE][PASSED] - Text of object 'Object Repository/Olusturma/Genel/Not/Notlar' is cleared

2021-10-21 14:30:11 - [TEST_STEP][PASSED] - click(findTestObject("Olusturma/Genel/Not/Notlar")): Object: 'Object Repository/Olusturma/Genel/Not/Notlar' is clicked on

2021-10-21 14:30:11 - [MESSAGE][INFO] - Finding Test Object 'Object Repository/Olusturma/Genel/Not/Notlar'

2021-10-21 14:30:11 - [MESSAGE][INFO] - Checking object

2021-10-21 14:30:11 - [MESSAGE][INFO] - Finding web element from Test Object's properties

2021-10-21 14:30:11 - [MESSAGE][INFO] - Checking timeout

2021-10-21 14:30:11 - [MESSAGE][INFO] - Finding web element with id: 'Object Repository/Olusturma/Genel/Not/Notlar' located by 'By.xpath: //*[@id = 'txtNote_I']' in '30' second(s)

2021-10-21 14:30:11 - [MESSAGE][INFO] - Smart Wait Function is triggered

2021-10-21 14:30:11 - [MESSAGE][INFO] - Found 1 web elements with id: 'Object Repository/Olusturma/Genel/Not/Notlar' located by 'By.xpath: //*[@id = 'txtNote_I']' in '30' second(s)

2021-10-21 14:30:11 - [MESSAGE][INFO] - Clicking on object: 'Object Repository/Olusturma/Genel/Not/Notlar'

2021-10-21 14:30:11 - [MESSAGE][PASSED] - Object: 'Object Repository/Olusturma/Genel/Not/Notlar' is clicked on

2021-10-21 14:30:11 - [TEST_STEP][PASSED] - while (true): null

2021-10-21 14:30:11 - [TEST_STEP][PASSED] - delay(1): Delayed 1 second(s)

2021-10-21 14:30:11 - [MESSAGE][INFO] - Delaying browser in 1 second(s)

2021-10-21 14:30:12 - [MESSAGE][PASSED] - Delayed 1 second(s)

2021-10-21 14:30:12 - [TEST_STEP][PASSED] - ajaxIsComplete = executeJavaScript("return jQuery.active == 0", null): Execute JavaScript 'return jQuery.active == 0' successfully

2021-10-21 14:30:12 - [MESSAGE][PASSED] - Execute JavaScript 'return jQuery.active == 0' successfully

2021-10-21 14:30:12 - [TEST_STEP][PASSED] - if (ajaxIsComplete): null

2021-10-21 14:30:12 - [TEST_STEP][PASSED] - break: null

2021-10-21 14:30:12 - [TEST_STEP][PASSED] - sendKeys(findTestObject("Olusturma/Genel/Not/Notlar"), Not): Keys 'Otomasyon Not' sent to object: 'Object Repository/Olusturma/Genel/Not/Notlar'

2021-10-21 14:30:12 - [MESSAGE][INFO] - Finding Test Object 'Object Repository/Olusturma/Genel/Not/Notlar'

2021-10-21 14:30:12 - [MESSAGE][INFO] - Sending keys 'Otomasyon Not' to object: 'Object Repository/Olusturma/Genel/Not/Notlar'

2021-10-21 14:30:12 - [MESSAGE][INFO] - Finding web element from Test Object's properties

2021-10-21 14:30:12 - [MESSAGE][INFO] - Checking timeout

2021-10-21 14:30:12 - [MESSAGE][INFO] - Finding web element with id: 'Object Repository/Olusturma/Genel/Not/Notlar' located by 'By.xpath: //*[@id = 'txtNote_I']' in '30' second(s)

2021-10-21 14:30:12 - [MESSAGE][INFO] - Smart Wait Function is triggered

2021-10-21 14:30:13 - [MESSAGE][INFO] - Found 1 web elements with id: 'Object Repository/Olusturma/Genel/Not/Notlar' located by 'By.xpath: //*[@id = 'txtNote_I']' in '30' second(s)

2021-10-21 14:30:13 - [MESSAGE][PASSED] - Keys 'Otomasyon Not' sent to object: 'Object Repository/Olusturma/Genel/Not/Notlar'

2021-10-21 14:30:13 - [MESSAGE][PASSED] - Call Test Case 'Test Cases/Olusturma/Genel/NotGirilir' successfully

2021-10-21 14:30:13 - [MESSAGE][INFO] - Checking called Test Case

2021-10-21 14:30:13 - [MESSAGE][INFO] - Starting to call Test Case 'Test Cases/Olusturma/Genel/EttnBilgisiKayitEdilir'

2021-10-21 14:30:13 - [TEST_CASE][PASSED] - Test Cases/Olusturma/Genel/EttnBilgisiKayitEdilir: Test Cases/Olusturma/Genel/EttnBilgisiKayitEdilir

2021-10-21 14:30:13 - [TEST_STEP][PASSED] - verifyElementPresent(findTestObject("Object Repository/Olusturma/Genel/Olusturma/eArsivEttnBilgisi"), 7): Object 'Object Repository/Olusturma/Genel/Olusturma/eArsivEttnBilgisi' is present

2021-10-21 14:30:13 - [MESSAGE][INFO] - Finding Test Object 'Object Repository/Olusturma/Genel/Olusturma/eArsivEttnBilgisi'

2021-10-21 14:30:13 - [MESSAGE][INFO] - Checking object

2021-10-21 14:30:13 - [MESSAGE][INFO] - Finding web element from Test Object's properties

2021-10-21 14:30:13 - [MESSAGE][INFO] - Checking timeout

2021-10-21 14:30:13 - [MESSAGE][INFO] - Finding web element with id: 'Object Repository/Olusturma/Genel/Olusturma/eArsivEttnBilgisi' located by 'By.xpath: //*[@id = 'Uuid_I']' in '7' second(s)

2021-10-21 14:30:13 - [MESSAGE][INFO] - Smart Wait Function is triggered

2021-10-21 14:30:13 - [MESSAGE][INFO] - Found 1 web elements with id: 'Object Repository/Olusturma/Genel/Olusturma/eArsivEttnBilgisi' located by 'By.xpath: //*[@id = 'Uuid_I']' in '7' second(s)

2021-10-21 14:30:13 - [MESSAGE][PASSED] - Object 'Object Repository/Olusturma/Genel/Olusturma/eArsivEttnBilgisi' is present

2021-10-21 14:30:13 - [TEST_STEP][PASSED] - ettn = getAttribute(findTestObject("Object Repository/Olusturma/Genel/Olusturma/eArsivEttnBilgisi"), "value"): Attribute 'value' of object 'Object Repository/Olusturma/Genel/Olusturma/eArsivEttnBilgisi' is: '02304c53-cd55-4322-b04c-499548d6d6b0'

2021-10-21 14:30:13 - [MESSAGE][INFO] - Finding Test Object 'Object Repository/Olusturma/Genel/Olusturma/eArsivEttnBilgisi'

2021-10-21 14:30:13 - [MESSAGE][INFO] - Checking object

2021-10-21 14:30:13 - [MESSAGE][INFO] - Checking attribute

2021-10-21 14:30:13 - [MESSAGE][INFO] - Finding web element from Test Object's properties

2021-10-21 14:30:13 - [MESSAGE][INFO] - Checking timeout

2021-10-21 14:30:13 - [MESSAGE][INFO] - Finding web element with id: 'Object Repository/Olusturma/Genel/Olusturma/eArsivEttnBilgisi' located by 'By.xpath: //*[@id = 'Uuid_I']' in '30' second(s)

2021-10-21 14:30:13 - [MESSAGE][INFO] - Smart Wait Function is triggered

2021-10-21 14:30:14 - [MESSAGE][INFO] - Found 1 web elements with id: 'Object Repository/Olusturma/Genel/Olusturma/eArsivEttnBilgisi' located by 'By.xpath: //*[@id = 'Uuid_I']' in '30' second(s)

2021-10-21 14:30:14 - [MESSAGE][INFO] - Getting attribute 'value' of object 'Object Repository/Olusturma/Genel/Olusturma/eArsivEttnBilgisi'

2021-10-21 14:30:14 - [MESSAGE][PASSED] - Attribute 'value' of object 'Object Repository/Olusturma/Genel/Olusturma/eArsivEttnBilgisi' is: '02304c53-cd55-4322-b04c-499548d6d6b0'

2021-10-21 14:30:14 - [MESSAGE][PASSED] - Call Test Case 'Test Cases/Olusturma/Genel/EttnBilgisiKayitEdilir' successfully

2021-10-21 14:30:14 - [MESSAGE][INFO] - Checking called Test Case

2021-10-21 14:30:14 - [MESSAGE][INFO] - Starting to call Test Case 'Test Cases/Olusturma/Genel/KaydetButonunaTiklanir'

2021-10-21 14:30:14 - [TEST_CASE][PASSED] - Test Cases/Olusturma/Genel/KaydetButonunaTiklanir: Test Cases/Olusturma/Genel/KaydetButonunaTiklanir

2021-10-21 14:30:14 - [TEST_STEP][PASSED] - i = 0: null

2021-10-21 14:30:14 - [TEST_STEP][PASSED] - waitForElementPresent(findTestObject("Olusturma/Genel/Not/Notlar"), 10): Object 'Object Repository/Olusturma/Genel/Not/Notlar' is present

2021-10-21 14:30:14 - [MESSAGE][INFO] - Finding Test Object 'Object Repository/Olusturma/Genel/Not/Notlar'

2021-10-21 14:30:14 - [MESSAGE][INFO] - Checking object

2021-10-21 14:30:14 - [MESSAGE][INFO] - Finding web element from Test Object's properties

2021-10-21 14:30:14 - [MESSAGE][INFO] - Checking timeout

2021-10-21 14:30:14 - [MESSAGE][INFO] - Finding web element with id: 'Object Repository/Olusturma/Genel/Not/Notlar' located by 'By.xpath: //*[@id = 'txtNote_I']' in '10' second(s)

2021-10-21 14:30:14 - [MESSAGE][INFO] - Smart Wait Function is triggered

2021-10-21 14:30:14 - [MESSAGE][INFO] - Found 1 web elements with id: 'Object Repository/Olusturma/Genel/Not/Notlar' located by 'By.xpath: //*[@id = 'txtNote_I']' in '10' second(s)

2021-10-21 14:30:14 - [MESSAGE][PASSED] - Object 'Object Repository/Olusturma/Genel/Not/Notlar' is present

2021-10-21 14:30:14 - [TEST_STEP][PASSED] - click(findTestObject("Olusturma/Genel/Not/Notlar")): Object: 'Object Repository/Olusturma/Genel/Not/Notlar' is clicked on

2021-10-21 14:30:14 - [MESSAGE][INFO] - Finding Test Object 'Object Repository/Olusturma/Genel/Not/Notlar'

2021-10-21 14:30:14 - [MESSAGE][INFO] - Checking object

2021-10-21 14:30:14 - [MESSAGE][INFO] - Finding web element from Test Object's properties

2021-10-21 14:30:14 - [MESSAGE][INFO] - Checking timeout

2021-10-21 14:30:14 - [MESSAGE][INFO] - Finding web element with id: 'Object Repository/Olusturma/Genel/Not/Notlar' located by 'By.xpath: //*[@id = 'txtNote_I']' in '30' second(s)

2021-10-21 14:30:14 - [MESSAGE][INFO] - Smart Wait Function is triggered

2021-10-21 14:30:15 - [MESSAGE][INFO] - Found 1 web elements with id: 'Object Repository/Olusturma/Genel/Not/Notlar' located by 'By.xpath: //*[@id = 'txtNote_I']' in '30' second(s)

2021-10-21 14:30:15 - [MESSAGE][INFO] - Clicking on object: 'Object Repository/Olusturma/Genel/Not/Notlar'

2021-10-21 14:30:15 - [MESSAGE][PASSED] - Object: 'Object Repository/Olusturma/Genel/Not/Notlar' is clicked on

2021-10-21 14:30:15 - [TEST_STEP][PASSED] - while (true): null

2021-10-21 14:30:15 - [TEST_STEP][PASSED] - delay(1): Delayed 1 second(s)

2021-10-21 14:30:15 - [MESSAGE][INFO] - Delaying browser in 1 second(s)

2021-10-21 14:30:16 - [MESSAGE][PASSED] - Delayed 1 second(s)

2021-10-21 14:30:16 - [TEST_STEP][PASSED] - ajaxIsComplete = executeJavaScript("return jQuery.active == 0", null): Execute JavaScript 'return jQuery.active == 0' successfully

2021-10-21 14:30:16 - [MESSAGE][PASSED] - Execute JavaScript 'return jQuery.active == 0' successfully

2021-10-21 14:30:16 - [TEST_STEP][PASSED] - if (ajaxIsComplete): null

2021-10-21 14:30:16 - [TEST_STEP][PASSED] - break: null

2021-10-21 14:30:16 - [TEST_STEP][PASSED] - waitForElementClickable(findTestObject("Object Repository/Olusturma/Genel/Buton"), 10): Object 'Object Repository/Olusturma/Genel/Buton' is clickable

2021-10-21 14:30:16 - [MESSAGE][INFO] - Finding Test Object 'Object Repository/Olusturma/Genel/Buton'

2021-10-21 14:30:16 - [MESSAGE][INFO] - Checking object

2021-10-21 14:30:16 - [MESSAGE][INFO] - Checking timeout

2021-10-21 14:30:16 - [MESSAGE][INFO] - Finding web element from Test Object's properties

2021-10-21 14:30:16 - [MESSAGE][INFO] - Checking timeout

2021-10-21 14:30:16 - [MESSAGE][INFO] - Finding web element with id: 'Object Repository/Olusturma/Genel/Buton' located by 'By.xpath: //*[@id = 'btnKaydet']' in '10' second(s)

2021-10-21 14:30:16 - [MESSAGE][INFO] - Smart Wait Function is triggered

2021-10-21 14:30:16 - [MESSAGE][INFO] - Found 1 web elements with id: 'Object Repository/Olusturma/Genel/Buton' located by 'By.xpath: //*[@id = 'btnKaydet']' in '10' second(s)

2021-10-21 14:30:16 - [MESSAGE][PASSED] - Object 'Object Repository/Olusturma/Genel/Buton' is clickable

2021-10-21 14:30:16 - [TEST_STEP][PASSED] - click(findTestObject("Object Repository/Olusturma/Genel/Buton")): Object: 'Object Repository/Olusturma/Genel/Buton' is clicked on

2021-10-21 14:30:16 - [MESSAGE][INFO] - Finding Test Object 'Object Repository/Olusturma/Genel/Buton'

2021-10-21 14:30:16 - [MESSAGE][INFO] - Checking object

2021-10-21 14:30:16 - [MESSAGE][INFO] - Finding web element from Test Object's properties

2021-10-21 14:30:16 - [MESSAGE][INFO] - Checking timeout

2021-10-21 14:30:16 - [MESSAGE][INFO] - Finding web element with id: 'Object Repository/Olusturma/Genel/Buton' located by 'By.xpath: //*[@id = 'btnKaydet']' in '30' second(s)

2021-10-21 14:30:16 - [MESSAGE][INFO] - Smart Wait Function is triggered

2021-10-21 14:30:17 - [MESSAGE][INFO] - Found 1 web elements with id: 'Object Repository/Olusturma/Genel/Buton' located by 'By.xpath: //*[@id = 'btnKaydet']' in '30' second(s)

2021-10-21 14:30:17 - [MESSAGE][INFO] - Clicking on object: 'Object Repository/Olusturma/Genel/Buton'

2021-10-21 14:30:19 - [MESSAGE][PASSED] - Object: 'Object Repository/Olusturma/Genel/Buton' is clicked on

2021-10-21 14:30:19 - [MESSAGE][PASSED] - Call Test Case 'Test Cases/Olusturma/Genel/KaydetButonunaTiklanir' successfully

2021-10-21 14:30:19 - [MESSAGE][INFO] - Checking called Test Case

2021-10-21 14:30:19 - [MESSAGE][INFO] - Starting to call Test Case 'Test Cases/Tablo/TablodaEttnliVeriOlusturulduMu'

2021-10-21 14:30:19 - [TEST_CASE][PASSED] - Test Cases/Tablo/TablodaEttnliVeriOlusturulduMu: Test Cases/Tablo/TablodaEttnliVeriOlusturulduMu

2021-10-21 14:30:19 - [TEST_STEP][PASSED] - Method.TextDegerineEsitElementVarMi(findTestObject("Tablo/OlusturulanVeri"), ettn): Method.TextDegerineEsitElementVarMi is PASSED

2021-10-21 14:30:19 - [MESSAGE][INFO] - Finding Test Object 'Object Repository/Tablo/OlusturulanVeri'

2021-10-21 14:30:19 - [MESSAGE][INFO] - Checking timeout

2021-10-21 14:30:19 - [MESSAGE][INFO] - Finding web element with id: 'Object Repository/Tablo/OlusturulanVeri' located by 'By.cssSelector: table.dxgvTable_LECustomTheme>tbody>tr:nth-child(3)>td.dxgv b,table.dxgvTable_LECustomTheme>tbody>tr:nth-child(3)>td.dxgv' in '10' second(s)

2021-10-21 14:30:19 - [MESSAGE][INFO] - Smart Wait Function is triggered

2021-10-21 14:30:20 - [MESSAGE][INFO] - Found 14 web elements with id: 'Object Repository/Tablo/OlusturulanVeri' located by 'By.cssSelector: table.dxgvTable_LECustomTheme>tbody>tr:nth-child(3)>td.dxgv b,table.dxgvTable_LECustomTheme>tbody>tr:nth-child(3)>td.dxgv' in '10' second(s)

2021-10-21 14:30:20 - [MESSAGE][PASSED] - Method.TextDegerineEsitElementVarMi is PASSED

2021-10-21 14:30:20 - [MESSAGE][PASSED] - Call Test Case 'Test Cases/Tablo/TablodaEttnliVeriOlusturulduMu' successfully

2021-10-21 14:30:20 - [MESSAGE][INFO] - Checking called Test Case

2021-10-21 14:30:20 - [MESSAGE][INFO] - Starting to call Test Case 'Test Cases/Tablo/TablodanEttnliVeriSec'

2021-10-21 14:30:20 - [TEST_CASE][PASSED] - Test Cases/Tablo/TablodanEttnliVeriSec: Test Cases/Tablo/TablodanEttnliVeriSec

2021-10-21 14:30:20 - [TEST_STEP][PASSED] - Method.TextDegerineEsitElementinAltindakineTikla(findTestObject("Tablo/Veriler"), findTestObject("Tablo/VerininCheckBoxi"), ettn): Method.TextDegerineEsitElementinAltindakineTikla is PASSED

2021-10-21 14:30:20 - [MESSAGE][INFO] - Finding Test Object 'Object Repository/Tablo/Veriler'

2021-10-21 14:30:20 - [MESSAGE][INFO] - Finding Test Object 'Object Repository/Tablo/VerininCheckBoxi'

2021-10-21 14:30:20 - [MESSAGE][INFO] - Checking timeout

2021-10-21 14:30:20 - [MESSAGE][INFO] - Finding web element with id: 'Object Repository/Tablo/Veriler' located by 'By.cssSelector: td.dxgv b ,td.dxgv' in '10' second(s)

2021-10-21 14:30:20 - [MESSAGE][INFO] - Smart Wait Function is triggered

2021-10-21 14:30:20 - [MESSAGE][INFO] - Found 84 web elements with id: 'Object Repository/Tablo/Veriler' located by 'By.cssSelector: td.dxgv b ,td.dxgv' in '10' second(s)

2021-10-21 14:30:20 - [MESSAGE][INFO] - Smart Wait Function is triggered

2021-10-21 14:30:21 - [MESSAGE][PASSED] - Method.TextDegerineEsitElementinAltindakineTikla is PASSED

2021-10-21 14:30:21 - [MESSAGE][PASSED] - Call Test Case 'Test Cases/Tablo/TablodanEttnliVeriSec' successfully

2021-10-21 14:30:21 - [MESSAGE][INFO] - Checking called Test Case

2021-10-21 14:30:21 - [MESSAGE][INFO] - Starting to call Test Case 'Test Cases/Butonlar/ButonaTikla'

2021-10-21 14:30:21 - [TEST_CASE][PASSED] - Test Cases/Butonlar/ButonaTikla: Test Cases/Butonlar/ButonaTikla

2021-10-21 14:30:21 - [TEST_STEP][PASSED] - Method.TextDegerineEsitElementeTiklaEquals(findTestObject("Butonlar/Butonlar"), Buton_Adi): Method.TextDegerineEsitElementeTiklaEquals is PASSED

2021-10-21 14:30:21 - [MESSAGE][INFO] - Finding Test Object 'Object Repository/Butonlar/Butonlar'

2021-10-21 14:30:21 - [MESSAGE][INFO] - Checking timeout

2021-10-21 14:30:21 - [MESSAGE][INFO] - Finding web element with id: 'Object Repository/Butonlar/Butonlar' located by 'By.cssSelector: .panel.panel-default.text-center.footerPanel .btn,.btn.btn-primary.btnControls' in '10' second(s)

2021-10-21 14:30:21 - [MESSAGE][INFO] - Smart Wait Function is triggered

2021-10-21 14:30:21 - [MESSAGE][INFO] - Found 10 web elements with id: 'Object Repository/Butonlar/Butonlar' located by 'By.cssSelector: .panel.panel-default.text-center.footerPanel .btn,.btn.btn-primary.btnControls' in '10' second(s)

2021-10-21 14:30:22 - [MESSAGE][PASSED] - Method.TextDegerineEsitElementeTiklaEquals is PASSED

2021-10-21 14:30:22 - [MESSAGE][PASSED] - Call Test Case 'Test Cases/Butonlar/ButonaTikla' successfully

2021-10-21 14:30:22 - [MESSAGE][INFO] - Checking called Test Case

2021-10-21 14:30:22 - [MESSAGE][INFO] - Starting to call Test Case 'Test Cases/Popup/PopupMesajiIceriyorMu'

2021-10-21 14:30:22 - [TEST_CASE][PASSED] - Test Cases/Popup/PopupMesajiIceriyorMu: Test Cases/Popup/PopupMesajiIceriyorMu

2021-10-21 14:30:22 - [TEST_STEP][PASSED] - waitForElementVisible(findTestObject("Popup/Popup"), 10): Object 'Object Repository/Popup/Popup' is visible

2021-10-21 14:30:22 - [MESSAGE][INFO] - Finding Test Object 'Object Repository/Popup/Popup'

2021-10-21 14:30:22 - [MESSAGE][INFO] - Checking object

2021-10-21 14:30:22 - [MESSAGE][INFO] - Checking timeout

2021-10-21 14:30:22 - [MESSAGE][INFO] - Finding web element from Test Object's properties

2021-10-21 14:30:22 - [MESSAGE][INFO] - Checking timeout

2021-10-21 14:30:22 - [MESSAGE][INFO] - Finding web element with id: 'Object Repository/Popup/Popup' located by 'By.cssSelector: .bootbox-body' in '10' second(s)

2021-10-21 14:30:22 - [MESSAGE][INFO] - Smart Wait Function is triggered

2021-10-21 14:30:23 - [MESSAGE][INFO] - Found 1 web elements with id: 'Object Repository/Popup/Popup' located by 'By.cssSelector: .bootbox-body' in '10' second(s)

2021-10-21 14:30:23 - [MESSAGE][PASSED] - Object 'Object Repository/Popup/Popup' is visible

2021-10-21 14:30:23 - [TEST_STEP][PASSED] - if (!(getText(findTestObject("Popup/Popup")).contains(Mesaj))): Text of object 'Object Repository/Popup/Popup' is: 'Oluşturulacak fatura numarası : EAR2021000000414 Fatura numarası oluşturulduktan sonra fatura silinemez. Fatura numarası, tarihi ve ön eki değiştirilemez. Devam etmek istiyor musunuz?'

2021-10-21 14:30:23 - [MESSAGE][INFO] - Finding Test Object 'Object Repository/Popup/Popup'

2021-10-21 14:30:23 - [MESSAGE][INFO] - Checking object

2021-10-21 14:30:23 - [MESSAGE][INFO] - Finding web element from Test Object's properties

2021-10-21 14:30:23 - [MESSAGE][INFO] - Checking timeout

2021-10-21 14:30:23 - [MESSAGE][INFO] - Finding web element with id: 'Object Repository/Popup/Popup' located by 'By.cssSelector: .bootbox-body' in '30' second(s)

2021-10-21 14:30:23 - [MESSAGE][INFO] - Smart Wait Function is triggered

2021-10-21 14:30:23 - [MESSAGE][INFO] - Found 1 web elements with id: 'Object Repository/Popup/Popup' located by 'By.cssSelector: .bootbox-body' in '30' second(s)

2021-10-21 14:30:23 - [MESSAGE][INFO] - Getting text of object 'Object Repository/Popup/Popup'

2021-10-21 14:30:23 - [MESSAGE][PASSED] - Text of object 'Object Repository/Popup/Popup' is: 'Oluşturulacak fatura numarası : EAR2021000000414 Fatura numarası oluşturulduktan sonra fatura silinemez. Fatura numarası, tarihi ve ön eki değiştirilemez. Devam etmek istiyor musunuz?'

2021-10-21 14:30:23 - [TEST_STEP][PASSED] - RaporNo = getText(findTestObject("Popup/Popup")).substring(0, 6): Text of object 'Object Repository/Popup/Popup' is: 'Oluşturulacak fatura numarası : EAR2021000000414 Fatura numarası oluşturulduktan sonra fatura silinemez. Fatura numarası, tarihi ve ön eki değiştirilemez. Devam etmek istiyor musunuz?'

2021-10-21 14:30:23 - [MESSAGE][INFO] - Finding Test Object 'Object Repository/Popup/Popup'

2021-10-21 14:30:23 - [MESSAGE][INFO] - Checking object

2021-10-21 14:30:23 - [MESSAGE][INFO] - Finding web element from Test Object's properties

2021-10-21 14:30:23 - [MESSAGE][INFO] - Checking timeout

2021-10-21 14:30:23 - [MESSAGE][INFO] - Finding web element with id: 'Object Repository/Popup/Popup' located by 'By.cssSelector: .bootbox-body' in '30' second(s)

2021-10-21 14:30:23 - [MESSAGE][INFO] - Smart Wait Function is triggered

2021-10-21 14:30:24 - [MESSAGE][INFO] - Found 1 web elements with id: 'Object Repository/Popup/Popup' located by 'By.cssSelector: .bootbox-body' in '30' second(s)

2021-10-21 14:30:24 - [MESSAGE][INFO] - Getting text of object 'Object Repository/Popup/Popup'

2021-10-21 14:30:24 - [MESSAGE][PASSED] - Text of object 'Object Repository/Popup/Popup' is: 'Oluşturulacak fatura numarası : EAR2021000000414 Fatura numarası oluşturulduktan sonra fatura silinemez. Fatura numarası, tarihi ve ön eki değiştirilemez. Devam etmek istiyor musunuz?'

2021-10-21 14:30:24 - [TEST_STEP][PASSED] - Console.println(RaporNo): null

2021-10-21 14:30:24 - [MESSAGE][PASSED] - Call Test Case 'Test Cases/Popup/PopupMesajiIceriyorMu' successfully

2021-10-21 14:30:24 - [MESSAGE][INFO] - Checking called Test Case

2021-10-21 14:30:24 - [MESSAGE][INFO] - Starting to call Test Case 'Test Cases/Popup/PopupButonSecilir'

2021-10-21 14:30:24 - [TEST_CASE][PASSED] - Test Cases/Popup/PopupButonSecilir: Test Cases/Popup/PopupButonSecilir

2021-10-21 14:30:24 - [TEST_STEP][PASSED] - Method.TextDegerineEsitElementeTikla(findTestObject("Popup/Popup_Butons"), Buton): Method.TextDegerineEsitElementeTikla is PASSED

2021-10-21 14:30:24 - [MESSAGE][INFO] - Finding Test Object 'Object Repository/Popup/Popup_Butons'

2021-10-21 14:30:24 - [MESSAGE][INFO] - Checking timeout

2021-10-21 14:30:24 - [MESSAGE][INFO] - Finding web element with id: 'Object Repository/Popup/Popup_Butons' located by 'By.cssSelector: .modal-footer>button' in '10' second(s)

2021-10-21 14:30:24 - [MESSAGE][INFO] - Smart Wait Function is triggered

2021-10-21 14:30:24 - [MESSAGE][INFO] - Found 2 web elements with id: 'Object Repository/Popup/Popup_Butons' located by 'By.cssSelector: .modal-footer>button' in '10' second(s)

2021-10-21 14:30:24 - [MESSAGE][PASSED] - Method.TextDegerineEsitElementeTikla is PASSED

2021-10-21 14:30:24 - [MESSAGE][PASSED] - Call Test Case 'Test Cases/Popup/PopupButonSecilir' successfully

2021-10-21 14:30:24 - [MESSAGE][INFO] - Checking called Test Case

2021-10-21 14:30:24 - [MESSAGE][INFO] - Starting to call Test Case 'Test Cases/Popup/PopupMesajiIceriyorMu'

2021-10-21 14:30:24 - [TEST_CASE][PASSED] - Test Cases/Popup/PopupMesajiIceriyorMu: Test Cases/Popup/PopupMesajiIceriyorMu

2021-10-21 14:30:24 - [TEST_STEP][PASSED] - waitForElementVisible(findTestObject("Popup/Popup"), 10): Object 'Object Repository/Popup/Popup' is visible

2021-10-21 14:30:24 - [MESSAGE][INFO] - Finding Test Object 'Object Repository/Popup/Popup'

2021-10-21 14:30:25 - [MESSAGE][INFO] - Checking object

2021-10-21 14:30:25 - [MESSAGE][INFO] - Checking timeout

2021-10-21 14:30:25 - [MESSAGE][INFO] - Finding web element from Test Object's properties

2021-10-21 14:30:25 - [MESSAGE][INFO] - Checking timeout

2021-10-21 14:30:25 - [MESSAGE][INFO] - Finding web element with id: 'Object Repository/Popup/Popup' located by 'By.cssSelector: .bootbox-body' in '10' second(s)

2021-10-21 14:30:25 - [MESSAGE][INFO] - Smart Wait Function is triggered

2021-10-21 14:30:25 - [MESSAGE][INFO] - Found 1 web elements with id: 'Object Repository/Popup/Popup' located by 'By.cssSelector: .bootbox-body' in '10' second(s)

2021-10-21 14:30:25 - [MESSAGE][PASSED] - Object 'Object Repository/Popup/Popup' is visible

2021-10-21 14:30:25 - [TEST_STEP][PASSED] - if (!(getText(findTestObject("Popup/Popup")).contains(Mesaj))): Text of object 'Object Repository/Popup/Popup' is: 'Fatura numaranız EAR2021000000414 olarak oluşmuştur.'

2021-10-21 14:30:25 - [MESSAGE][INFO] - Finding Test Object 'Object Repository/Popup/Popup'

2021-10-21 14:30:25 - [MESSAGE][INFO] - Checking object

2021-10-21 14:30:25 - [MESSAGE][INFO] - Finding web element from Test Object's properties

2021-10-21 14:30:25 - [MESSAGE][INFO] - Checking timeout

2021-10-21 14:30:25 - [MESSAGE][INFO] - Finding web element with id: 'Object Repository/Popup/Popup' located by 'By.cssSelector: .bootbox-body' in '30' second(s)

2021-10-21 14:30:25 - [MESSAGE][INFO] - Smart Wait Function is triggered

2021-10-21 14:30:25 - [MESSAGE][INFO] - Found 1 web elements with id: 'Object Repository/Popup/Popup' located by 'By.cssSelector: .bootbox-body' in '30' second(s)

2021-10-21 14:30:25 - [MESSAGE][INFO] - Getting text of object 'Object Repository/Popup/Popup'

2021-10-21 14:30:25 - [MESSAGE][PASSED] - Text of object 'Object Repository/Popup/Popup' is: 'Fatura numaranız EAR2021000000414 olarak oluşmuştur.'

2021-10-21 14:30:25 - [TEST_STEP][PASSED] - RaporNo = getText(findTestObject("Popup/Popup")).substring(0, 6): Text of object 'Object Repository/Popup/Popup' is: 'Fatura numaranız EAR2021000000414 olarak oluşmuştur.'

2021-10-21 14:30:25 - [MESSAGE][INFO] - Finding Test Object 'Object Repository/Popup/Popup'

2021-10-21 14:30:26 - [MESSAGE][INFO] - Checking object

2021-10-21 14:30:26 - [MESSAGE][INFO] - Finding web element from Test Object's properties

2021-10-21 14:30:26 - [MESSAGE][INFO] - Checking timeout

2021-10-21 14:30:26 - [MESSAGE][INFO] - Finding web element with id: 'Object Repository/Popup/Popup' located by 'By.cssSelector: .bootbox-body' in '30' second(s)

2021-10-21 14:30:26 - [MESSAGE][INFO] - Smart Wait Function is triggered

2021-10-21 14:30:26 - [MESSAGE][INFO] - Found 1 web elements with id: 'Object Repository/Popup/Popup' located by 'By.cssSelector: .bootbox-body' in '30' second(s)

2021-10-21 14:30:26 - [MESSAGE][INFO] - Getting text of object 'Object Repository/Popup/Popup'

2021-10-21 14:30:26 - [MESSAGE][PASSED] - Text of object 'Object Repository/Popup/Popup' is: 'Fatura numaranız EAR2021000000414 olarak oluşmuştur.'

2021-10-21 14:30:26 - [TEST_STEP][PASSED] - Console.println(RaporNo): null

2021-10-21 14:30:26 - [MESSAGE][PASSED] - Call Test Case 'Test Cases/Popup/PopupMesajiIceriyorMu' successfully

2021-10-21 14:30:26 - [MESSAGE][INFO] - Checking called Test Case

2021-10-21 14:30:26 - [MESSAGE][INFO] - Starting to call Test Case 'Test Cases/Popup/PopupButonSecilir'

2021-10-21 14:30:26 - [TEST_CASE][PASSED] - Test Cases/Popup/PopupButonSecilir: Test Cases/Popup/PopupButonSecilir

2021-10-21 14:30:26 - [TEST_STEP][PASSED] - Method.TextDegerineEsitElementeTikla(findTestObject("Popup/Popup_Butons"), Buton): Method.TextDegerineEsitElementeTikla is PASSED

2021-10-21 14:30:26 - [MESSAGE][INFO] - Finding Test Object 'Object Repository/Popup/Popup_Butons'

2021-10-21 14:30:26 - [MESSAGE][INFO] - Checking timeout

2021-10-21 14:30:26 - [MESSAGE][INFO] - Finding web element with id: 'Object Repository/Popup/Popup_Butons' located by 'By.cssSelector: .modal-footer>button' in '10' second(s)

2021-10-21 14:30:26 - [MESSAGE][INFO] - Smart Wait Function is triggered

2021-10-21 14:30:26 - [MESSAGE][INFO] - Found 1 web elements with id: 'Object Repository/Popup/Popup_Butons' located by 'By.cssSelector: .modal-footer>button' in '10' second(s)

2021-10-21 14:30:26 - [MESSAGE][PASSED] - Method.TextDegerineEsitElementeTikla is PASSED

2021-10-21 14:30:26 - [MESSAGE][PASSED] - Call Test Case 'Test Cases/Popup/PopupButonSecilir' successfully

2021-10-21 14:30:26 - [MESSAGE][INFO] - Checking called Test Case

2021-10-21 14:30:26 - [MESSAGE][INFO] - Starting to call Test Case 'Test Cases/Tablo/TablodanEttnliVeriSec'

2021-10-21 14:30:26 - [TEST_CASE][PASSED] - Test Cases/Tablo/TablodanEttnliVeriSec: Test Cases/Tablo/TablodanEttnliVeriSec

2021-10-21 14:30:26 - [TEST_STEP][PASSED] - Method.TextDegerineEsitElementinAltindakineTikla(findTestObject("Tablo/Veriler"), findTestObject("Tablo/VerininCheckBoxi"), ettn): Method.TextDegerineEsitElementinAltindakineTikla is PASSED

2021-10-21 14:30:26 - [MESSAGE][INFO] - Finding Test Object 'Object Repository/Tablo/Veriler'

2021-10-21 14:30:27 - [MESSAGE][INFO] - Finding Test Object 'Object Repository/Tablo/VerininCheckBoxi'

2021-10-21 14:30:27 - [MESSAGE][INFO] - Checking timeout

2021-10-21 14:30:27 - [MESSAGE][INFO] - Finding web element with id: 'Object Repository/Tablo/Veriler' located by 'By.cssSelector: td.dxgv b ,td.dxgv' in '10' second(s)

2021-10-21 14:30:27 - [MESSAGE][INFO] - Smart Wait Function is triggered

2021-10-21 14:30:27 - [MESSAGE][INFO] - Found 84 web elements with id: 'Object Repository/Tablo/Veriler' located by 'By.cssSelector: td.dxgv b ,td.dxgv' in '10' second(s)

2021-10-21 14:30:27 - [MESSAGE][INFO] - Smart Wait Function is triggered

2021-10-21 14:30:28 - [MESSAGE][PASSED] - Method.TextDegerineEsitElementinAltindakineTikla is PASSED

2021-10-21 14:30:28 - [MESSAGE][PASSED] - Call Test Case 'Test Cases/Tablo/TablodanEttnliVeriSec' successfully

2021-10-21 14:30:28 - [MESSAGE][INFO] - Checking called Test Case

2021-10-21 14:30:28 - [MESSAGE][INFO] - Starting to call Test Case 'Test Cases/Butonlar/ButonaTikla'

2021-10-21 14:30:28 - [TEST_CASE][PASSED] - Test Cases/Butonlar/ButonaTikla: Test Cases/Butonlar/ButonaTikla

2021-10-21 14:30:28 - [TEST_STEP][PASSED] - Method.TextDegerineEsitElementeTiklaEquals(findTestObject("Butonlar/Butonlar"), Buton_Adi): Method.TextDegerineEsitElementeTiklaEquals is PASSED

2021-10-21 14:30:28 - [MESSAGE][INFO] - Finding Test Object 'Object Repository/Butonlar/Butonlar'

2021-10-21 14:30:28 - [MESSAGE][INFO] - Checking timeout

2021-10-21 14:30:28 - [MESSAGE][INFO] - Finding web element with id: 'Object Repository/Butonlar/Butonlar' located by 'By.cssSelector: .panel.panel-default.text-center.footerPanel .btn,.btn.btn-primary.btnControls' in '10' second(s)

2021-10-21 14:30:28 - [MESSAGE][INFO] - Smart Wait Function is triggered

2021-10-21 14:30:28 - [MESSAGE][INFO] - Found 10 web elements with id: 'Object Repository/Butonlar/Butonlar' located by 'By.cssSelector: .panel.panel-default.text-center.footerPanel .btn,.btn.btn-primary.btnControls' in '10' second(s)

2021-10-21 14:30:29 - [MESSAGE][PASSED] - Method.TextDegerineEsitElementeTiklaEquals is PASSED

2021-10-21 14:30:29 - [MESSAGE][PASSED] - Call Test Case 'Test Cases/Butonlar/ButonaTikla' successfully

2021-10-21 14:30:29 - [MESSAGE][INFO] - Checking called Test Case

2021-10-21 14:30:29 - [MESSAGE][INFO] - Starting to call Test Case 'Test Cases/Popup/PopupMesajiIceriyorMu'

2021-10-21 14:30:29 - [TEST_CASE][PASSED] - Test Cases/Popup/PopupMesajiIceriyorMu: Test Cases/Popup/PopupMesajiIceriyorMu

2021-10-21 14:30:29 - [TEST_STEP][PASSED] - waitForElementVisible(findTestObject("Popup/Popup"), 10): Object 'Object Repository/Popup/Popup' is visible

2021-10-21 14:30:29 - [MESSAGE][INFO] - Finding Test Object 'Object Repository/Popup/Popup'

2021-10-21 14:30:29 - [MESSAGE][INFO] - Checking object

2021-10-21 14:30:29 - [MESSAGE][INFO] - Checking timeout

2021-10-21 14:30:29 - [MESSAGE][INFO] - Finding web element from Test Object's properties

2021-10-21 14:30:29 - [MESSAGE][INFO] - Checking timeout

2021-10-21 14:30:29 - [MESSAGE][INFO] - Finding web element with id: 'Object Repository/Popup/Popup' located by 'By.cssSelector: .bootbox-body' in '10' second(s)

2021-10-21 14:30:29 - [MESSAGE][INFO] - Smart Wait Function is triggered

2021-10-21 14:30:29 - [MESSAGE][INFO] - Found 1 web elements with id: 'Object Repository/Popup/Popup' located by 'By.cssSelector: .bootbox-body' in '10' second(s)

2021-10-21 14:30:29 - [MESSAGE][PASSED] - Object 'Object Repository/Popup/Popup' is visible

2021-10-21 14:30:29 - [TEST_STEP][PASSED] - if (!(getText(findTestObject("Popup/Popup")).contains(Mesaj))): Text of object 'Object Repository/Popup/Popup' is: 'EAR serisi için onaylanmamış belge(leri)niz bulunmaktadır.
Devam etmek istiyor musunuz?'

2021-10-21 14:30:29 - [MESSAGE][INFO] - Finding Test Object 'Object Repository/Popup/Popup'

2021-10-21 14:30:29 - [MESSAGE][INFO] - Checking object

2021-10-21 14:30:29 - [MESSAGE][INFO] - Finding web element from Test Object's properties

2021-10-21 14:30:29 - [MESSAGE][INFO] - Checking timeout

2021-10-21 14:30:29 - [MESSAGE][INFO] - Finding web element with id: 'Object Repository/Popup/Popup' located by 'By.cssSelector: .bootbox-body' in '30' second(s)

2021-10-21 14:30:29 - [MESSAGE][INFO] - Smart Wait Function is triggered

2021-10-21 14:30:29 - [MESSAGE][INFO] - Found 1 web elements with id: 'Object Repository/Popup/Popup' located by 'By.cssSelector: .bootbox-body' in '30' second(s)

2021-10-21 14:30:29 - [MESSAGE][INFO] - Getting text of object 'Object Repository/Popup/Popup'

2021-10-21 14:30:29 - [MESSAGE][PASSED] - Text of object 'Object Repository/Popup/Popup' is: 'EAR serisi için onaylanmamış belge(leri)niz bulunmaktadır.
Devam etmek istiyor musunuz?'

2021-10-21 14:30:29 - [TEST_STEP][PASSED] - RaporNo = getText(findTestObject("Popup/Popup")).substring(0, 6): Text of object 'Object Repository/Popup/Popup' is: 'EAR serisi için onaylanmamış belge(leri)niz bulunmaktadır.
Devam etmek istiyor musunuz?'

2021-10-21 14:30:29 - [MESSAGE][INFO] - Finding Test Object 'Object Repository/Popup/Popup'

2021-10-21 14:30:30 - [MESSAGE][INFO] - Checking object

2021-10-21 14:30:30 - [MESSAGE][INFO] - Finding web element from Test Object's properties

2021-10-21 14:30:30 - [MESSAGE][INFO] - Checking timeout

2021-10-21 14:30:30 - [MESSAGE][INFO] - Finding web element with id: 'Object Repository/Popup/Popup' located by 'By.cssSelector: .bootbox-body' in '30' second(s)

2021-10-21 14:30:30 - [MESSAGE][INFO] - Smart Wait Function is triggered

2021-10-21 14:30:30 - [MESSAGE][INFO] - Found 1 web elements with id: 'Object Repository/Popup/Popup' located by 'By.cssSelector: .bootbox-body' in '30' second(s)

2021-10-21 14:30:30 - [MESSAGE][INFO] - Getting text of object 'Object Repository/Popup/Popup'

2021-10-21 14:30:30 - [MESSAGE][PASSED] - Text of object 'Object Repository/Popup/Popup' is: 'EAR serisi için onaylanmamış belge(leri)niz bulunmaktadır.
Devam etmek istiyor musunuz?'

2021-10-21 14:30:30 - [TEST_STEP][PASSED] - Console.println(RaporNo): null

2021-10-21 14:30:30 - [MESSAGE][PASSED] - Call Test Case 'Test Cases/Popup/PopupMesajiIceriyorMu' successfully

2021-10-21 14:30:30 - [MESSAGE][INFO] - Checking called Test Case

2021-10-21 14:30:30 - [MESSAGE][INFO] - Starting to call Test Case 'Test Cases/Popup/PopupButonSecilir'

2021-10-21 14:30:30 - [TEST_CASE][PASSED] - Test Cases/Popup/PopupButonSecilir: Test Cases/Popup/PopupButonSecilir

2021-10-21 14:30:30 - [TEST_STEP][PASSED] - Method.TextDegerineEsitElementeTikla(findTestObject("Popup/Popup_Butons"), Buton): Method.TextDegerineEsitElementeTikla is PASSED

2021-10-21 14:30:30 - [MESSAGE][INFO] - Finding Test Object 'Object Repository/Popup/Popup_Butons'

2021-10-21 14:30:30 - [MESSAGE][INFO] - Checking timeout

2021-10-21 14:30:30 - [MESSAGE][INFO] - Finding web element with id: 'Object Repository/Popup/Popup_Butons' located by 'By.cssSelector: .modal-footer>button' in '10' second(s)

2021-10-21 14:30:30 - [MESSAGE][INFO] - Smart Wait Function is triggered

2021-10-21 14:30:30 - [MESSAGE][INFO] - Found 2 web elements with id: 'Object Repository/Popup/Popup_Butons' located by 'By.cssSelector: .modal-footer>button' in '10' second(s)

2021-10-21 14:30:31 - [MESSAGE][PASSED] - Method.TextDegerineEsitElementeTikla is PASSED

2021-10-21 14:30:31 - [MESSAGE][PASSED] - Call Test Case 'Test Cases/Popup/PopupButonSecilir' successfully

2021-10-21 14:30:31 - [MESSAGE][INFO] - Checking called Test Case

2021-10-21 14:30:31 - [MESSAGE][INFO] - Starting to call Test Case 'Test Cases/Menu/AnaMenuSecimi'

2021-10-21 14:30:31 - [TEST_CASE][PASSED] - Test Cases/Menu/AnaMenuSecimi: Test Cases/Menu/AnaMenuSecimi

2021-10-21 14:30:31 - [TEST_STEP][PASSED] - Method.TextDegerineEsitElementeTikla(findTestObject("Menu/Ana_Menu"), Ana_Menu): Method.TextDegerineEsitElementeTikla is PASSED

2021-10-21 14:30:31 - [MESSAGE][INFO] - Finding Test Object 'Object Repository/Menu/Ana_Menu'

2021-10-21 14:30:31 - [MESSAGE][INFO] - Checking timeout

2021-10-21 14:30:31 - [MESSAGE][INFO] - Finding web element with id: 'Object Repository/Menu/Ana_Menu' located by 'By.xpath: //*[@class = 'dropdown-toggle']' in '10' second(s)

2021-10-21 14:30:31 - [MESSAGE][INFO] - Smart Wait Function is triggered

2021-10-21 14:30:32 - [MESSAGE][INFO] - Found 13 web elements with id: 'Object Repository/Menu/Ana_Menu' located by 'By.xpath: //*[@class = 'dropdown-toggle']' in '10' second(s)

2021-10-21 14:30:32 - [MESSAGE][PASSED] - Method.TextDegerineEsitElementeTikla is PASSED

2021-10-21 14:30:32 - [MESSAGE][PASSED] - Call Test Case 'Test Cases/Menu/AnaMenuSecimi' successfully

2021-10-21 14:30:32 - [MESSAGE][INFO] - Checking called Test Case

2021-10-21 14:30:32 - [MESSAGE][INFO] - Starting to call Test Case 'Test Cases/Menu/BasligaGoreAltMenuSecimi'

2021-10-21 14:30:32 - [TEST_CASE][PASSED] - Test Cases/Menu/BasligaGoreAltMenuSecimi: Test Cases/Menu/BasligaGoreAltMenuSecimi

2021-10-21 14:30:32 - [TEST_STEP][PASSED] - Method.TextDegerineEsitElementinAltindakiTextDegerineEsitOlanaTikla(findTestObject("Menu/Menu_Basligi"), findTestObject("Menu/Basliga_Gore_Alt_Menu"), Baslik, Alt_Menu): Method.TextDegerineEsitElementinAltindakiTextDegerineEsitOlanaTikla is PASSED

2021-10-21 14:30:32 - [MESSAGE][INFO] - Finding Test Object 'Object Repository/Menu/Menu_Basligi'

2021-10-21 14:30:32 - [MESSAGE][INFO] - Finding Test Object 'Object Repository/Menu/Basliga_Gore_Alt_Menu'

2021-10-21 14:30:33 - [MESSAGE][INFO] - Checking timeout

2021-10-21 14:30:33 - [MESSAGE][INFO] - Finding web element with id: 'Object Repository/Menu/Menu_Basligi' located by 'By.xpath: //li[@class='dropdown dropdown-large open']//li[@class='dropdown-header']' in '10' second(s)

2021-10-21 14:30:33 - [MESSAGE][INFO] - Smart Wait Function is triggered

2021-10-21 14:30:33 - [MESSAGE][INFO] - Found 2 web elements with id: 'Object Repository/Menu/Menu_Basligi' located by 'By.xpath: //li[@class='dropdown dropdown-large open']//li[@class='dropdown-header']' in '10' second(s)

2021-10-21 14:30:33 - [MESSAGE][INFO] - Smart Wait Function is triggered

2021-10-21 14:30:35 - [MESSAGE][PASSED] - Method.TextDegerineEsitElementinAltindakiTextDegerineEsitOlanaTikla is PASSED

2021-10-21 14:30:35 - [MESSAGE][PASSED] - Call Test Case 'Test Cases/Menu/BasligaGoreAltMenuSecimi' successfully

2021-10-21 14:30:35 - [MESSAGE][INFO] - Checking called Test Case

2021-10-21 14:30:35 - [MESSAGE][INFO] - Starting to call Test Case 'Test Cases/Filtreler/EttnYaz'

2021-10-21 14:30:36 - [TEST_CASE][PASSED] - Test Cases/Filtreler/EttnYaz: Test Cases/Filtreler/EttnYaz

2021-10-21 14:30:36 - [TEST_STEP][PASSED] - Method.TextDegerineEsitElementinAltindakiTextboxtaYaz(findTestObject("Filtreler/Basliklar"), findTestObject("Filtreler/Basliga_Gore_Textbox"), "ETTN", ettn): Method.TextDegerineEsitElementinAltindakiTextboxtaYaz is PASSED

2021-10-21 14:30:36 - [MESSAGE][INFO] - Finding Test Object 'Object Repository/Filtreler/Basliklar'

2021-10-21 14:30:36 - [MESSAGE][INFO] - Finding Test Object 'Object Repository/Filtreler/Basliga_Gore_Textbox'

2021-10-21 14:30:36 - [MESSAGE][INFO] - Checking timeout

2021-10-21 14:30:36 - [MESSAGE][INFO] - Finding web element with id: 'Object Repository/Filtreler/Basliklar' located by 'By.cssSelector: .control-label.col-sm-4.paddingMarginRLC' in '10' second(s)

2021-10-21 14:30:36 - [MESSAGE][INFO] - Smart Wait Function is triggered

2021-10-21 14:30:36 - [MESSAGE][INFO] - Found 19 web elements with id: 'Object Repository/Filtreler/Basliklar' located by 'By.cssSelector: .control-label.col-sm-4.paddingMarginRLC' in '10' second(s)

2021-10-21 14:30:36 - [MESSAGE][INFO] - Smart Wait Function is triggered

2021-10-21 14:30:37 - [MESSAGE][PASSED] - Method.TextDegerineEsitElementinAltindakiTextboxtaYaz is PASSED

2021-10-21 14:30:37 - [MESSAGE][PASSED] - Call Test Case 'Test Cases/Filtreler/EttnYaz' successfully

2021-10-21 14:30:37 - [MESSAGE][INFO] - Checking called Test Case

2021-10-21 14:30:37 - [MESSAGE][INFO] - Starting to call Test Case 'Test Cases/Filtreler/ButonaTikla'

2021-10-21 14:30:37 - [TEST_CASE][PASSED] - Test Cases/Filtreler/ButonaTikla: Test Cases/Filtreler/ButonaTikla

2021-10-21 14:30:37 - [TEST_STEP][PASSED] - Method.TextDegerineEsitElementeTikla(findTestObject("Filtreler/Butonlar"), Filtre_Buton): Method.TextDegerineEsitElementeTikla is PASSED

2021-10-21 14:30:37 - [MESSAGE][INFO] - Finding Test Object 'Object Repository/Filtreler/Butonlar'

2021-10-21 14:30:37 - [MESSAGE][INFO] - Checking timeout

2021-10-21 14:30:37 - [MESSAGE][INFO] - Finding web element with id: 'Object Repository/Filtreler/Butonlar' located by 'By.cssSelector: .dxb>span' in '10' second(s)

2021-10-21 14:30:37 - [MESSAGE][INFO] - Smart Wait Function is triggered

2021-10-21 14:30:37 - [MESSAGE][INFO] - Found 3 web elements with id: 'Object Repository/Filtreler/Butonlar' located by 'By.cssSelector: .dxb>span' in '10' second(s)

2021-10-21 14:30:37 - [MESSAGE][PASSED] - Method.TextDegerineEsitElementeTikla is PASSED

2021-10-21 14:30:37 - [MESSAGE][PASSED] - Call Test Case 'Test Cases/Filtreler/ButonaTikla' successfully

2021-10-21 14:30:37 - [MESSAGE][INFO] - Checking called Test Case

2021-10-21 14:30:37 - [MESSAGE][INFO] - Starting to call Test Case 'Test Cases/Tablo/TablodaVeriVarMi'

2021-10-21 14:30:37 - [TEST_CASE][PASSED] - Test Cases/Tablo/TablodaVeriVarMi: Test Cases/Tablo/TablodaVeriVarMi

2021-10-21 14:30:37 - [TEST_STEP][PASSED] - verifyTextNotPresent("Görüntülenecek veri yok", true): Text 'Görüntülenecek veri yok' is not present on page using regular expression

2021-10-21 14:30:37 - [MESSAGE][INFO] - Checking text present  using regular expression

2021-10-21 14:30:37 - [MESSAGE][INFO] - Smart Wait Function is triggered

2021-10-21 14:30:39 - [MESSAGE][INFO] - Finding text 'Görüntülenecek veri yok' on page  using regular expression

2021-10-21 14:30:39 - [MESSAGE][PASSED] - Text 'Görüntülenecek veri yok' is not present on page using regular expression

2021-10-21 14:30:39 - [MESSAGE][PASSED] - Call Test Case 'Test Cases/Tablo/TablodaVeriVarMi' successfully

2021-10-21 14:30:39 - [MESSAGE][INFO] - Checking called Test Case

2021-10-21 14:30:39 - [MESSAGE][INFO] - Starting to call Test Case 'Test Cases/Tablo/TablodaVeriBasariliMiArsiv'

2021-10-21 14:30:39 - [TEST_CASE][PASSED] - Test Cases/Tablo/TablodaVeriBasariliMiArsiv: Test Cases/Tablo/TablodaVeriBasariliMiArsiv

2021-10-21 14:30:39 - [TEST_STEP][PASSED] - sayac = 80: null

2021-10-21 14:30:39 - [TEST_STEP][PASSED] - while (verifyElementText(findTestObject("Object Repository/Tablo/DurumBilgisiArsiv"), "Henüz Sonuçlanmadı", OPTIONAL)): Actual text 'Başarılı' and expected text 'Henüz Sonuçlanmadı' of test object 'Object Repository/Tablo/DurumBilgisiArsiv' are NOT matched. (Root cause: com.kms.katalon.core.exception.StepFailedException: Actual text 'Başarılı' and expected text 'Henüz Sonuçlanmadı' of test object 'Object Repository/Tablo/DurumBilgisiArsiv' are NOT matched.
	at com.kms.katalon.core.webui.keyword.internal.WebUIKeywordMain.stepFailed(WebUIKeywordMain.groovy:64)
	at com.kms.katalon.core.webui.keyword.builtin.VerifyElementTextKeyword$_verifyElementText_closure1.doCall(VerifyElementTextKeyword.groovy:57)
	at com.kms.katalon.core.webui.keyword.builtin.VerifyElementTextKeyword$_verifyElementText_closure1.call(VerifyElementTextKeyword.groovy)
	at com.kms.katalon.core.webui.keyword.internal.WebUIKeywordMain.runKeyword(WebUIKeywordMain.groovy:20)
	at com.kms.katalon.core.webui.keyword.builtin.VerifyElementTextKeyword.verifyElementText(VerifyElementTextKeyword.groovy:72)
	at com.kms.katalon.core.webui.keyword.builtin.VerifyElementTextKeyword.execute(VerifyElementTextKeyword.groovy:40)
	at com.kms.katalon.core.keyword.internal.KeywordExecutor.executeKeywordForPlatform(KeywordExecutor.groovy:73)
	at com.kms.katalon.core.webui.keyword.WebUiBuiltInKeywords.verifyElementText(WebUiBuiltInKeywords.groovy:4733)
	at com.kms.katalon.core.webui.keyword.WebUiBuiltInKeywords$verifyElementText$20.call(Unknown Source)
	at TablodaVeriBasariliMiArsiv.run(TablodaVeriBasariliMiArsiv:22)
	at com.kms.katalon.core.main.ScriptEngine.run(ScriptEngine.java:194)
	at com.kms.katalon.core.main.ScriptEngine.runScriptAsRawText(ScriptEngine.java:119)
	at com.kms.katalon.core.main.TestCaseExecutor.runScript(TestCaseExecutor.java:369)
	at com.kms.katalon.core.main.TestCaseExecutor.doExecute(TestCaseExecutor.java:360)
	at com.kms.katalon.core.main.TestCaseExecutor.processExecutionPhase(TestCaseExecutor.java:339)
	at com.kms.katalon.core.main.TestCaseExecutor.accessMainPhase(TestCaseExecutor.java:331)
	at com.kms.katalon.core.main.TestCaseExecutor.execute(TestCaseExecutor.java:248)
	at com.kms.katalon.core.main.TestCaseMain.runTestCase(TestCaseMain.java:138)
	at com.kms.katalon.core.keyword.builtin.CallTestCaseKeyword$_callTestCase_closure1.doCall(CallTestCaseKeyword.groovy:59)
	at com.kms.katalon.core.keyword.builtin.CallTestCaseKeyword$_callTestCase_closure1.call(CallTestCaseKeyword.groovy)
	at com.kms.katalon.core.keyword.internal.KeywordMain.runKeyword(KeywordMain.groovy:68)
	at com.kms.katalon.core.keyword.builtin.CallTestCaseKeyword.callTestCase(CallTestCaseKeyword.groovy:81)
	at com.kms.katalon.core.keyword.builtin.CallTestCaseKeyword.execute(CallTestCaseKeyword.groovy:44)
	at com.kms.katalon.core.keyword.internal.KeywordExecutor.executeKeywordForPlatform(KeywordExecutor.groovy:73)
	at com.kms.katalon.core.keyword.BuiltinKeywords.callTestCase(BuiltinKeywords.groovy:334)
	at tablo.tablo.tablodaVeriBasariliMiArsiv(tablo.groovy:95)
	at cucumber.runtime.Utils$1.call(Utils.java:26)
	at cucumber.runtime.Timeout.timeout(Timeout.java:16)
	at cucumber.runtime.Utils.invoke(Utils.java:20)
	at cucumber.runtime.java.JavaStepDefinition.execute(JavaStepDefinition.java:49)
	at cucumber.runner.PickleStepDefinitionMatch.runStep(PickleStepDefinitionMatch.java:50)
	at cucumber.runner.TestStep.executeStep(TestStep.java:63)
	at cucumber.runner.TestStep.run(TestStep.java:49)
	at cucumber.runner.PickleStepTestStep.run(PickleStepTestStep.java:43)
	at cucumber.runner.TestCase.run(TestCase.java:44)
	at cucumber.runner.Runner.runPickle(Runner.java:40)
	at cucumber.runtime.Runtime$1.run(Runtime.java:84)
	at cucumber.runtime.Runtime$SameThreadExecutorService.execute(Runtime.java:220)
	at cucumber.runtime.Runtime.run(Runtime.java:81)
	at cucumber.api.cli.Main.run(Main.java:26)
	at cucumber.api.cli.Main$run.call(Unknown Source)
	at com.kms.katalon.core.cucumber.keyword.CucumberBuiltinKeywords$_runFeatureFile_closure1.doCall(CucumberBuiltinKeywords.groovy:106)
	at com.kms.katalon.core.cucumber.keyword.CucumberBuiltinKeywords$_runFeatureFile_closure1.doCall(CucumberBuiltinKeywords.groovy)
	at com.kms.katalon.core.keyword.internal.KeywordMain.runKeyword(KeywordMain.groovy:68)
	at com.kms.katalon.core.keyword.internal.KeywordMain$runKeyword.call(Unknown Source)
	at com.kms.katalon.core.cucumber.keyword.CucumberBuiltinKeywords.runFeatureFile(CucumberBuiltinKeywords.groovy:73)
	at com.kms.katalon.core.cucumber.keyword.CucumberBuiltinKeywords$runFeatureFile$0.callStatic(Unknown Source)
	at com.kms.katalon.core.cucumber.keyword.CucumberBuiltinKeywords.runFeatureFile(CucumberBuiltinKeywords.groovy:246)
	at com.kms.katalon.core.cucumber.keyword.CucumberBuiltinKeywords$runFeatureFile.call(Unknown Source)
	at VKN-Kagit-Iade.run(VKN-Kagit-Iade:19)
	at com.kms.katalon.core.main.ScriptEngine.run(ScriptEngine.java:194)
	at com.kms.katalon.core.main.ScriptEngine.runScriptAsRawText(ScriptEngine.java:119)
	at com.kms.katalon.core.main.TestCaseExecutor.runScript(TestCaseExecutor.java:369)
	at com.kms.katalon.core.main.TestCaseExecutor.doExecute(TestCaseExecutor.java:360)
	at com.kms.katalon.core.main.TestCaseExecutor.processExecutionPhase(TestCaseExecutor.java:339)
	at com.kms.katalon.core.main.TestCaseExecutor.accessMainPhase(TestCaseExecutor.java:331)
	at com.kms.katalon.core.main.TestCaseExecutor.execute(TestCaseExecutor.java:248)
	at com.kms.katalon.core.main.TestSuiteExecutor.accessTestCaseMainPhase(TestSuiteExecutor.java:191)
	at com.kms.katalon.core.main.TestSuiteExecutor.accessTestSuiteMainPhase(TestSuiteExecutor.java:140)
	at com.kms.katalon.core.main.TestSuiteExecutor.execute(TestSuiteExecutor.java:89)
	at com.kms.katalon.core.main.TestCaseMain.startTestSuite(TestCaseMain.java:181)
	at com.kms.katalon.core.main.TestCaseMain$startTestSuite$0.call(Unknown Source)
	at TempTestSuite1634814289741.run(TempTestSuite1634814289741.groovy:39)
)

2021-10-21 14:30:39 - [MESSAGE][INFO] - Finding Test Object 'Object Repository/Tablo/DurumBilgisiArsiv'

2021-10-21 14:30:39 - [MESSAGE][INFO] - Checking object

2021-10-21 14:30:39 - [MESSAGE][INFO] - Finding web element from Test Object's properties

2021-10-21 14:30:39 - [MESSAGE][INFO] - Checking timeout

2021-10-21 14:30:39 - [MESSAGE][INFO] - Finding web element with id: 'Object Repository/Tablo/DurumBilgisiArsiv' located by 'By.xpath: //*[@id = 'GridViewEArchiveInvoices_tccell0_9']' in '30' second(s)

2021-10-21 14:30:39 - [MESSAGE][INFO] - Smart Wait Function is triggered

2021-10-21 14:30:39 - [MESSAGE][INFO] - Found 1 web elements with id: 'Object Repository/Tablo/DurumBilgisiArsiv' located by 'By.xpath: //*[@id = 'GridViewEArchiveInvoices_tccell0_9']' in '30' second(s)

2021-10-21 14:30:39 - [MESSAGE][WARNING] - Actual text 'Başarılı' and expected text 'Henüz Sonuçlanmadı' of test object 'Object Repository/Tablo/DurumBilgisiArsiv' are NOT matched. (Root cause: com.kms.katalon.core.exception.StepFailedException: Actual text 'Başarılı' and expected text 'Henüz Sonuçlanmadı' of test object 'Object Repository/Tablo/DurumBilgisiArsiv' are NOT matched.
	at com.kms.katalon.core.webui.keyword.internal.WebUIKeywordMain.stepFailed(WebUIKeywordMain.groovy:64)
	at com.kms.katalon.core.webui.keyword.builtin.VerifyElementTextKeyword$_verifyElementText_closure1.doCall(VerifyElementTextKeyword.groovy:57)
	at com.kms.katalon.core.webui.keyword.builtin.VerifyElementTextKeyword$_verifyElementText_closure1.call(VerifyElementTextKeyword.groovy)
	at com.kms.katalon.core.webui.keyword.internal.WebUIKeywordMain.runKeyword(WebUIKeywordMain.groovy:20)
	at com.kms.katalon.core.webui.keyword.builtin.VerifyElementTextKeyword.verifyElementText(VerifyElementTextKeyword.groovy:72)
	at com.kms.katalon.core.webui.keyword.builtin.VerifyElementTextKeyword.execute(VerifyElementTextKeyword.groovy:40)
	at com.kms.katalon.core.keyword.internal.KeywordExecutor.executeKeywordForPlatform(KeywordExecutor.groovy:73)
	at com.kms.katalon.core.webui.keyword.WebUiBuiltInKeywords.verifyElementText(WebUiBuiltInKeywords.groovy:4733)
	at com.kms.katalon.core.webui.keyword.WebUiBuiltInKeywords$verifyElementText$20.call(Unknown Source)
	at TablodaVeriBasariliMiArsiv.run(TablodaVeriBasariliMiArsiv:22)
	at com.kms.katalon.core.main.ScriptEngine.run(ScriptEngine.java:194)
	at com.kms.katalon.core.main.ScriptEngine.runScriptAsRawText(ScriptEngine.java:119)
	at com.kms.katalon.core.main.TestCaseExecutor.runScript(TestCaseExecutor.java:369)
	at com.kms.katalon.core.main.TestCaseExecutor.doExecute(TestCaseExecutor.java:360)
	at com.kms.katalon.core.main.TestCaseExecutor.processExecutionPhase(TestCaseExecutor.java:339)
	at com.kms.katalon.core.main.TestCaseExecutor.accessMainPhase(TestCaseExecutor.java:331)
	at com.kms.katalon.core.main.TestCaseExecutor.execute(TestCaseExecutor.java:248)
	at com.kms.katalon.core.main.TestCaseMain.runTestCase(TestCaseMain.java:138)
	at com.kms.katalon.core.keyword.builtin.CallTestCaseKeyword$_callTestCase_closure1.doCall(CallTestCaseKeyword.groovy:59)
	at com.kms.katalon.core.keyword.builtin.CallTestCaseKeyword$_callTestCase_closure1.call(CallTestCaseKeyword.groovy)
	at com.kms.katalon.core.keyword.internal.KeywordMain.runKeyword(KeywordMain.groovy:68)
	at com.kms.katalon.core.keyword.builtin.CallTestCaseKeyword.callTestCase(CallTestCaseKeyword.groovy:81)
	at com.kms.katalon.core.keyword.builtin.CallTestCaseKeyword.execute(CallTestCaseKeyword.groovy:44)
	at com.kms.katalon.core.keyword.internal.KeywordExecutor.executeKeywordForPlatform(KeywordExecutor.groovy:73)
	at com.kms.katalon.core.keyword.BuiltinKeywords.callTestCase(BuiltinKeywords.groovy:334)
	at tablo.tablo.tablodaVeriBasariliMiArsiv(tablo.groovy:95)
	at cucumber.runtime.Utils$1.call(Utils.java:26)
	at cucumber.runtime.Timeout.timeout(Timeout.java:16)
	at cucumber.runtime.Utils.invoke(Utils.java:20)
	at cucumber.runtime.java.JavaStepDefinition.execute(JavaStepDefinition.java:49)
	at cucumber.runner.PickleStepDefinitionMatch.runStep(PickleStepDefinitionMatch.java:50)
	at cucumber.runner.TestStep.executeStep(TestStep.java:63)
	at cucumber.runner.TestStep.run(TestStep.java:49)
	at cucumber.runner.PickleStepTestStep.run(PickleStepTestStep.java:43)
	at cucumber.runner.TestCase.run(TestCase.java:44)
	at cucumber.runner.Runner.runPickle(Runner.java:40)
	at cucumber.runtime.Runtime$1.run(Runtime.java:84)
	at cucumber.runtime.Runtime$SameThreadExecutorService.execute(Runtime.java:220)
	at cucumber.runtime.Runtime.run(Runtime.java:81)
	at cucumber.api.cli.Main.run(Main.java:26)
	at cucumber.api.cli.Main$run.call(Unknown Source)
	at com.kms.katalon.core.cucumber.keyword.CucumberBuiltinKeywords$_runFeatureFile_closure1.doCall(CucumberBuiltinKeywords.groovy:106)
	at com.kms.katalon.core.cucumber.keyword.CucumberBuiltinKeywords$_runFeatureFile_closure1.doCall(CucumberBuiltinKeywords.groovy)
	at com.kms.katalon.core.keyword.internal.KeywordMain.runKeyword(KeywordMain.groovy:68)
	at com.kms.katalon.core.keyword.internal.KeywordMain$runKeyword.call(Unknown Source)
	at com.kms.katalon.core.cucumber.keyword.CucumberBuiltinKeywords.runFeatureFile(CucumberBuiltinKeywords.groovy:73)
	at com.kms.katalon.core.cucumber.keyword.CucumberBuiltinKeywords$runFeatureFile$0.callStatic(Unknown Source)
	at com.kms.katalon.core.cucumber.keyword.CucumberBuiltinKeywords.runFeatureFile(CucumberBuiltinKeywords.groovy:246)
	at com.kms.katalon.core.cucumber.keyword.CucumberBuiltinKeywords$runFeatureFile.call(Unknown Source)
	at VKN-Kagit-Iade.run(VKN-Kagit-Iade:19)
	at com.kms.katalon.core.main.ScriptEngine.run(ScriptEngine.java:194)
	at com.kms.katalon.core.main.ScriptEngine.runScriptAsRawText(ScriptEngine.java:119)
	at com.kms.katalon.core.main.TestCaseExecutor.runScript(TestCaseExecutor.java:369)
	at com.kms.katalon.core.main.TestCaseExecutor.doExecute(TestCaseExecutor.java:360)
	at com.kms.katalon.core.main.TestCaseExecutor.processExecutionPhase(TestCaseExecutor.java:339)
	at com.kms.katalon.core.main.TestCaseExecutor.accessMainPhase(TestCaseExecutor.java:331)
	at com.kms.katalon.core.main.TestCaseExecutor.execute(TestCaseExecutor.java:248)
	at com.kms.katalon.core.main.TestSuiteExecutor.accessTestCaseMainPhase(TestSuiteExecutor.java:191)
	at com.kms.katalon.core.main.TestSuiteExecutor.accessTestSuiteMainPhase(TestSuiteExecutor.java:140)
	at com.kms.katalon.core.main.TestSuiteExecutor.execute(TestSuiteExecutor.java:89)
	at com.kms.katalon.core.main.TestCaseMain.startTestSuite(TestCaseMain.java:181)
	at com.kms.katalon.core.main.TestCaseMain$startTestSuite$0.call(Unknown Source)
	at TempTestSuite1634814289741.run(TempTestSuite1634814289741.groovy:39)
)

2021-10-21 14:30:39 - [TEST_STEP][PASSED] - Method.TextDegerineEsitElementVarMi(findTestObject("Object Repository/Tablo/DurumBilgisiArsiv"), "Başarılı"): Method.TextDegerineEsitElementVarMi is PASSED

2021-10-21 14:30:39 - [MESSAGE][INFO] - Finding Test Object 'Object Repository/Tablo/DurumBilgisiArsiv'

2021-10-21 14:30:39 - [MESSAGE][INFO] - Checking timeout

2021-10-21 14:30:39 - [MESSAGE][INFO] - Finding web element with id: 'Object Repository/Tablo/DurumBilgisiArsiv' located by 'By.xpath: //*[@id = 'GridViewEArchiveInvoices_tccell0_9']' in '10' second(s)

2021-10-21 14:30:39 - [MESSAGE][INFO] - Smart Wait Function is triggered

2021-10-21 14:30:39 - [MESSAGE][INFO] - Found 1 web elements with id: 'Object Repository/Tablo/DurumBilgisiArsiv' located by 'By.xpath: //*[@id = 'GridViewEArchiveInvoices_tccell0_9']' in '10' second(s)

2021-10-21 14:30:39 - [MESSAGE][PASSED] - Method.TextDegerineEsitElementVarMi is PASSED

2021-10-21 14:30:39 - [MESSAGE][PASSED] - Call Test Case 'Test Cases/Tablo/TablodaVeriBasariliMiArsiv' successfully

2021-10-21 14:30:39 - [MESSAGE][INFO] - Checking called Test Case

2021-10-21 14:30:39 - [MESSAGE][INFO] - Starting to call Test Case 'Test Cases/Kullanici_Islemleri/KullaniciIslemlerindenSecimYapilir'

2021-10-21 14:30:40 - [TEST_CASE][PASSED] - Test Cases/Kullanici_Islemleri/KullaniciIslemlerindenSecimYapilir: Test Cases/Kullanici_Islemleri/KullaniciIslemlerindenSecimYapilir

2021-10-21 14:30:40 - [TEST_STEP][PASSED] - waitForElementClickable(findTestObject("Object Repository/Kullanici_Islemleri/KullaniciIslemleri"), 10): Object 'Object Repository/Kullanici_Islemleri/KullaniciIslemleri' is clickable

2021-10-21 14:30:40 - [MESSAGE][INFO] - Finding Test Object 'Object Repository/Kullanici_Islemleri/KullaniciIslemleri'

2021-10-21 14:30:40 - [MESSAGE][INFO] - Checking object

2021-10-21 14:30:40 - [MESSAGE][INFO] - Checking timeout

2021-10-21 14:30:40 - [MESSAGE][INFO] - Finding web element from Test Object's properties

2021-10-21 14:30:40 - [MESSAGE][INFO] - Checking timeout

2021-10-21 14:30:40 - [MESSAGE][INFO] - Finding web element with id: 'Object Repository/Kullanici_Islemleri/KullaniciIslemleri' located by 'By.cssSelector: .dropdown>a>img' in '10' second(s)

2021-10-21 14:30:40 - [MESSAGE][INFO] - Smart Wait Function is triggered

2021-10-21 14:30:40 - [MESSAGE][INFO] - Found 1 web elements with id: 'Object Repository/Kullanici_Islemleri/KullaniciIslemleri' located by 'By.cssSelector: .dropdown>a>img' in '10' second(s)

2021-10-21 14:30:40 - [MESSAGE][PASSED] - Object 'Object Repository/Kullanici_Islemleri/KullaniciIslemleri' is clickable

2021-10-21 14:30:40 - [TEST_STEP][PASSED] - click(findTestObject("Object Repository/Kullanici_Islemleri/KullaniciIslemleri")): Object: 'Object Repository/Kullanici_Islemleri/KullaniciIslemleri' is clicked on

2021-10-21 14:30:40 - [MESSAGE][INFO] - Finding Test Object 'Object Repository/Kullanici_Islemleri/KullaniciIslemleri'

2021-10-21 14:30:40 - [MESSAGE][INFO] - Checking object

2021-10-21 14:30:40 - [MESSAGE][INFO] - Finding web element from Test Object's properties

2021-10-21 14:30:40 - [MESSAGE][INFO] - Checking timeout

2021-10-21 14:30:40 - [MESSAGE][INFO] - Finding web element with id: 'Object Repository/Kullanici_Islemleri/KullaniciIslemleri' located by 'By.cssSelector: .dropdown>a>img' in '30' second(s)

2021-10-21 14:30:40 - [MESSAGE][INFO] - Smart Wait Function is triggered

2021-10-21 14:30:40 - [MESSAGE][INFO] - Found 1 web elements with id: 'Object Repository/Kullanici_Islemleri/KullaniciIslemleri' located by 'By.cssSelector: .dropdown>a>img' in '30' second(s)

2021-10-21 14:30:40 - [MESSAGE][INFO] - Clicking on object: 'Object Repository/Kullanici_Islemleri/KullaniciIslemleri'

2021-10-21 14:30:41 - [MESSAGE][PASSED] - Object: 'Object Repository/Kullanici_Islemleri/KullaniciIslemleri' is clicked on

2021-10-21 14:30:41 - [TEST_STEP][PASSED] - Method.TextDegerineEsitElementeTikla(findTestObject("Object Repository/Kullanici_Islemleri/Secenekler"), Islem): Method.TextDegerineEsitElementeTikla is PASSED

2021-10-21 14:30:41 - [MESSAGE][INFO] - Finding Test Object 'Object Repository/Kullanici_Islemleri/Secenekler'

2021-10-21 14:30:41 - [MESSAGE][INFO] - Checking timeout

2021-10-21 14:30:41 - [MESSAGE][INFO] - Finding web element with id: 'Object Repository/Kullanici_Islemleri/Secenekler' located by 'By.cssSelector: .nav.navbar-nav.navbar-right li a' in '10' second(s)

2021-10-21 14:30:41 - [MESSAGE][INFO] - Smart Wait Function is triggered

2021-10-21 14:30:41 - [MESSAGE][INFO] - Found 20 web elements with id: 'Object Repository/Kullanici_Islemleri/Secenekler' located by 'By.cssSelector: .nav.navbar-nav.navbar-right li a' in '10' second(s)

2021-10-21 14:30:43 - [MESSAGE][PASSED] - Method.TextDegerineEsitElementeTikla is PASSED

2021-10-21 14:30:43 - [TEST_STEP][PASSED] - verifyElementNotPresent(findTestObject("Object Repository/Kullanici_Islemleri/Secenekler"), 10): Web element with id: 'Object Repository/Kullanici_Islemleri/Secenekler' located by 'By.cssSelector: .nav.navbar-nav.navbar-right li a' is not present after '10' second(s)

2021-10-21 14:30:43 - [MESSAGE][INFO] - Finding Test Object 'Object Repository/Kullanici_Islemleri/Secenekler'

2021-10-21 14:30:43 - [MESSAGE][INFO] - Checking object

2021-10-21 14:30:43 - [MESSAGE][INFO] - Checking timeout

2021-10-21 14:30:43 - [MESSAGE][INFO] - Finding web element with id: 'Object Repository/Kullanici_Islemleri/Secenekler' located by 'By.cssSelector: .nav.navbar-nav.navbar-right li a' in '10' second(s)

2021-10-21 14:30:43 - [MESSAGE][INFO] - Smart Wait Function is triggered

2021-10-21 14:30:44 - [MESSAGE][PASSED] - Web element with id: 'Object Repository/Kullanici_Islemleri/Secenekler' located by 'By.cssSelector: .nav.navbar-nav.navbar-right li a' is not present after '10' second(s)

2021-10-21 14:30:44 - [MESSAGE][PASSED] - Call Test Case 'Test Cases/Kullanici_Islemleri/KullaniciIslemlerindenSecimYapilir' successfully

2021-10-21 14:30:44 - [TEST_CASE][PASSED] - Start Test Case : SCENARIO Gonderim tipi Kagit ve Iade tipinde e-Arsiv faturasi olusturulmasi: SCENARIO Gonderim tipi Kagit ve Iade tipinde e-Arsiv faturasi olusturulmasi

2021-10-21 14:30:44 - [TEST_STEP][PASSED] - Kullanıcı adı EARIADE ve Şifre test1234 olarak giriş yapılır: Kullanıcı adı EARIADE ve Şifre test1234 olarak giriş yapılır

2021-10-21 14:30:44 - [MESSAGE][PASSED] - Kullanıcı adı EARIADE ve Şifre test1234 olarak giriş yapılır

2021-10-21 14:30:44 - [TEST_STEP][PASSED] - Ana menüden e-Arşiv seçilir: Ana menüden e-Arşiv seçilir

2021-10-21 14:30:44 - [MESSAGE][PASSED] - Ana menüden e-Arşiv seçilir

2021-10-21 14:30:44 - [TEST_STEP][PASSED] - Alt menü e-Arşiv Araçları başlığı altındaki e-Arşiv Fatura Oluşturma seçilir: Alt menü e-Arşiv Araçları başlığı altındaki e-Arşiv Fatura Oluşturma seçilir

2021-10-21 14:30:44 - [MESSAGE][PASSED] - Alt menü e-Arşiv Araçları başlığı altındaki e-Arşiv Fatura Oluşturma seçilir

2021-10-21 14:30:44 - [TEST_STEP][PASSED] - Tablodaki tüm veriler silinir: Tablodaki tüm veriler silinir

2021-10-21 14:30:44 - [MESSAGE][PASSED] - Tablodaki tüm veriler silinir

2021-10-21 14:30:44 - [TEST_STEP][PASSED] - Butonlardan Ekle isimli butona tıklanır: Butonlardan Ekle isimli butona tıklanır

2021-10-21 14:30:44 - [MESSAGE][PASSED] - Butonlardan Ekle isimli butona tıklanır

2021-10-21 14:30:44 - [TEST_STEP][PASSED] - Görsel tasarım sayfasının e-Arşiv Fatura Bilgileri başlığını içerdiği kontrol edilir: Görsel tasarım sayfasının e-Arşiv Fatura Bilgileri başlığını içerdiği kontrol edilir

2021-10-21 14:30:44 - [MESSAGE][PASSED] - Görsel tasarım sayfasının e-Arşiv Fatura Bilgileri başlığını içerdiği kontrol edilir

2021-10-21 14:30:44 - [TEST_STEP][PASSED] - Alıcı adı alanına UC0011 girilir: Alıcı adı alanına UC0011 girilir

2021-10-21 14:30:44 - [MESSAGE][PASSED] - Alıcı adı alanına UC0011 girilir

2021-10-21 14:30:44 - [TEST_STEP][PASSED] - Gönderim Şekli Kağıt olarak seçilir: Gönderim Şekli Kağıt olarak seçilir

2021-10-21 14:30:44 - [MESSAGE][PASSED] - Gönderim Şekli Kağıt olarak seçilir

2021-10-21 14:30:44 - [TEST_STEP][PASSED] - Tip alanından İade seçilir: Tip alanından İade seçilir

2021-10-21 14:30:44 - [MESSAGE][PASSED] - Tip alanından İade seçilir

2021-10-21 14:30:44 - [TEST_STEP][PASSED] - Döküman Para Birimi alanından Türk Lirası seçilir: Döküman Para Birimi alanından Türk Lirası seçilir

2021-10-21 14:30:44 - [MESSAGE][PASSED] - Döküman Para Birimi alanından Türk Lirası seçilir

2021-10-21 14:30:44 - [TEST_STEP][PASSED] - Ön Ek EAR olarak seçilir: Ön Ek EAR olarak seçilir

2021-10-21 14:30:44 - [MESSAGE][PASSED] - Ön Ek EAR olarak seçilir

2021-10-21 14:30:44 - [TEST_STEP][PASSED] - Tasarım alanından Otomasyon seçilir: Tasarım alanından Otomasyon seçilir

2021-10-21 14:30:44 - [MESSAGE][PASSED] - Tasarım alanından Otomasyon seçilir

2021-10-21 14:30:44 - [TEST_STEP][PASSED] - Sipariş bilgileri UUC-SAT-1200001 ve 31.04.2020 olarak girilir: Sipariş bilgileri UUC-SAT-1200001 ve 31.04.2020 olarak girilir

2021-10-21 14:30:44 - [MESSAGE][PASSED] - Sipariş bilgileri UUC-SAT-1200001 ve 31.04.2020 olarak girilir

2021-10-21 14:30:44 - [TEST_STEP][PASSED] - İrsaliye Bilgileri AAAAAAAAAA,31.04.2020 olarak girilir: İrsaliye Bilgileri AAAAAAAAAA,31.04.2020 olarak girilir

2021-10-21 14:30:44 - [MESSAGE][PASSED] - İrsaliye Bilgileri AAAAAAAAAA,31.04.2020 olarak girilir

2021-10-21 14:30:44 - [TEST_STEP][PASSED] - Ekle butonuna basılır: Ekle butonuna basılır

2021-10-21 14:30:44 - [MESSAGE][PASSED] - Ekle butonuna basılır

2021-10-21 14:30:44 - [TEST_STEP][PASSED] - Ürün ekleme alanında Mal/Hizmet başlığına Otomasyon girilir: Ürün ekleme alanında Mal/Hizmet başlığına Otomasyon girilir

2021-10-21 14:30:44 - [MESSAGE][PASSED] - Ürün ekleme alanında Mal/Hizmet başlığına Otomasyon girilir

2021-10-21 14:30:44 - [TEST_STEP][PASSED] - Ürün ekleme alanında Açıklaması başlığına Virgosol girilir: Ürün ekleme alanında Açıklaması başlığına Virgosol girilir

2021-10-21 14:30:44 - [MESSAGE][PASSED] - Ürün ekleme alanında Açıklaması başlığına Virgosol girilir

2021-10-21 14:30:44 - [TEST_STEP][PASSED] - Ürün ekleme alanında Miktarı başlığına 400 girilir: Ürün ekleme alanında Miktarı başlığına 400 girilir

2021-10-21 14:30:44 - [MESSAGE][PASSED] - Ürün ekleme alanında Miktarı başlığına 400 girilir

2021-10-21 14:30:44 - [TEST_STEP][PASSED] - Ürün ekleme alanında Birim Fiyat başlığına 100 girilir: Ürün ekleme alanında Birim Fiyat başlığına 100 girilir

2021-10-21 14:30:44 - [MESSAGE][PASSED] - Ürün ekleme alanında Birim Fiyat başlığına 100 girilir

2021-10-21 14:30:44 - [TEST_STEP][PASSED] - Ürün ekleme alanında İskonto Oranı % başlığına 10 girilir: Ürün ekleme alanında İskonto Oranı % başlığına 10 girilir

2021-10-21 14:30:44 - [MESSAGE][PASSED] - Ürün ekleme alanında İskonto Oranı % başlığına 10 girilir

2021-10-21 14:30:44 - [TEST_STEP][PASSED] - Notlar alanına Otomasyon Not girilir: Notlar alanına Otomasyon Not girilir

2021-10-21 14:30:44 - [MESSAGE][PASSED] - Notlar alanına Otomasyon Not girilir

2021-10-21 14:30:44 - [TEST_STEP][PASSED] - Ettn bilgisi kayıt edilir: Ettn bilgisi kayıt edilir

2021-10-21 14:30:44 - [MESSAGE][PASSED] - Ettn bilgisi kayıt edilir

2021-10-21 14:30:44 - [TEST_STEP][PASSED] - Kaydet butonu seçilir: Kaydet butonu seçilir

2021-10-21 14:30:44 - [MESSAGE][PASSED] - Kaydet butonu seçilir

2021-10-21 14:30:44 - [TEST_STEP][PASSED] - Tabloda Ettn bilgisi kaydedilen veri oluşturuldu mu: Tabloda Ettn bilgisi kaydedilen veri oluşturuldu mu

2021-10-21 14:30:44 - [MESSAGE][PASSED] - Tabloda Ettn bilgisi kaydedilen veri oluşturuldu mu

2021-10-21 14:30:44 - [TEST_STEP][PASSED] - Tablodan Ettn bilgisi kaydedilen veri seçilir: Tablodan Ettn bilgisi kaydedilen veri seçilir

2021-10-21 14:30:44 - [MESSAGE][PASSED] - Tablodan Ettn bilgisi kaydedilen veri seçilir

2021-10-21 14:30:44 - [TEST_STEP][PASSED] - Butonlardan Numara Oluştur isimli butona tıklanır: Butonlardan Numara Oluştur isimli butona tıklanır

2021-10-21 14:30:44 - [MESSAGE][PASSED] - Butonlardan Numara Oluştur isimli butona tıklanır

2021-10-21 14:30:44 - [TEST_STEP][PASSED] - Popup mesajı Devam etmek istiyor musunuz içeriyor mu: Popup mesajı Devam etmek istiyor musunuz içeriyor mu

2021-10-21 14:30:44 - [MESSAGE][PASSED] - Popup mesajı Devam etmek istiyor musunuz içeriyor mu

2021-10-21 14:30:44 - [TEST_STEP][PASSED] - Yönetim popupında Evet seçilir: Yönetim popupında Evet seçilir

2021-10-21 14:30:44 - [MESSAGE][PASSED] - Yönetim popupında Evet seçilir

2021-10-21 14:30:44 - [TEST_STEP][PASSED] - Popup mesajı oluşmuştur içeriyor mu: Popup mesajı oluşmuştur içeriyor mu

2021-10-21 14:30:44 - [MESSAGE][PASSED] - Popup mesajı oluşmuştur içeriyor mu

2021-10-21 14:30:44 - [TEST_STEP][PASSED] - Yönetim popupında Tamam seçilir: Yönetim popupında Tamam seçilir

2021-10-21 14:30:44 - [MESSAGE][PASSED] - Yönetim popupında Tamam seçilir

2021-10-21 14:30:44 - [TEST_STEP][PASSED] - Tablodan Ettn bilgisi kaydedilen veri seçilir: Tablodan Ettn bilgisi kaydedilen veri seçilir

2021-10-21 14:30:44 - [MESSAGE][PASSED] - Tablodan Ettn bilgisi kaydedilen veri seçilir

2021-10-21 14:30:44 - [TEST_STEP][PASSED] - Butonlardan Gönder isimli butona tıklanır: Butonlardan Gönder isimli butona tıklanır

2021-10-21 14:30:44 - [MESSAGE][PASSED] - Butonlardan Gönder isimli butona tıklanır

2021-10-21 14:30:44 - [TEST_STEP][PASSED] - Popup mesajı Devam etmek istiyor musunuz içeriyor mu: Popup mesajı Devam etmek istiyor musunuz içeriyor mu

2021-10-21 14:30:44 - [MESSAGE][PASSED] - Popup mesajı Devam etmek istiyor musunuz içeriyor mu

2021-10-21 14:30:44 - [TEST_STEP][PASSED] - Yönetim popupında Evet seçilir: Yönetim popupında Evet seçilir

2021-10-21 14:30:44 - [MESSAGE][PASSED] - Yönetim popupında Evet seçilir

2021-10-21 14:30:44 - [TEST_STEP][PASSED] - Ana menüden e-Arşiv seçilir: Ana menüden e-Arşiv seçilir

2021-10-21 14:30:44 - [MESSAGE][PASSED] - Ana menüden e-Arşiv seçilir

2021-10-21 14:30:44 - [TEST_STEP][PASSED] - Alt menü e-Arşiv Hareketleri başlığı altındaki e-Arşiv Faturaları seçilir: Alt menü e-Arşiv Hareketleri başlığı altındaki e-Arşiv Faturaları seçilir

2021-10-21 14:30:44 - [MESSAGE][PASSED] - Alt menü e-Arşiv Hareketleri başlığı altındaki e-Arşiv Faturaları seçilir

2021-10-21 14:30:44 - [TEST_STEP][PASSED] - Filtrelerden Ettn filtresine Ettn bilgisi yaz: Filtrelerden Ettn filtresine Ettn bilgisi yaz

2021-10-21 14:30:44 - [MESSAGE][PASSED] - Filtrelerden Ettn filtresine Ettn bilgisi yaz

2021-10-21 14:30:44 - [TEST_STEP][PASSED] - Filtre butonlarından Listele seçilir: Filtre butonlarından Listele seçilir

2021-10-21 14:30:44 - [MESSAGE][PASSED] - Filtre butonlarından Listele seçilir

2021-10-21 14:30:44 - [TEST_STEP][PASSED] - Tabloda veri var mı kontrol edilir: Tabloda veri var mı kontrol edilir

2021-10-21 14:30:44 - [MESSAGE][PASSED] - Tabloda veri var mı kontrol edilir

2021-10-21 14:30:44 - [TEST_STEP][PASSED] - Tabloda yeni oluşturulan eArsiv verisi başarılı mı: Tabloda yeni oluşturulan eArsiv verisi başarılı mı

2021-10-21 14:30:44 - [MESSAGE][PASSED] - Tabloda yeni oluşturulan eArsiv verisi başarılı mı

2021-10-21 14:30:44 - [TEST_STEP][PASSED] - Kullanıcı işlemlerinden Çıkış seçilir: Kullanıcı işlemlerinden Çıkış seçilir

2021-10-21 14:30:44 - [MESSAGE][PASSED] - Kullanıcı işlemlerinden Çıkış seçilir

2021-10-21 14:30:44 - [MESSAGE][PASSED] - Feature file: 'Include/features/Regresyon/e-Arsiv/VKN-Kagit-Iade.feature' was passed

2021-10-21 14:30:44 - [TEST_STEP][PASSED] - Start listener action : sampleAfterTestSuite: Invoke 'com.kms.katalon.core.annotation.AfterTestCase' method: 'Listener.sampleAfterTestSuite(...)' completed.

2021-10-21 14:30:44 - [MESSAGE][INFO] - Starting invoke 'com.kms.katalon.core.annotation.AfterTestCase' method: 'Listener.sampleAfterTestSuite(...)'

2021-10-21 14:30:44 - [TEST_STEP][PASSED] - closeBrowser(): Invoke 'com.kms.katalon.core.annotation.AfterTestCase' method: 'Listener.sampleAfterTestSuite(...)' completed.

2021-10-21 14:30:44 - [MESSAGE][INFO] - Closing browser

2021-10-21 14:30:44 - [MESSAGE][PASSED] - Browser is closed

2021-10-21 14:30:44 - [MESSAGE][INFO] - Invoke 'com.kms.katalon.core.annotation.AfterTestCase' method: 'Listener.sampleAfterTestSuite(...)' completed.]]></system-out>
         <system-err><![CDATA[]]></system-err>
      </testcase>
      <testcase name="Test Cases/Case Repository/Regresyon/e-Arsiv/VKN-Kagit-Ihrac Kayitli" time="129.549" classname="Test Cases/Case Repository/Regresyon/e-Arsiv/VKN-Kagit-Ihrac Kayitli" status="PASSED">
         <system-out><![CDATA[2021-10-21 14:30:44 - [TEST_CASE][PASSED] - Test Cases/Case Repository/Regresyon/e-Arsiv/VKN-Kagit-Ihrac Kayitli: Test Cases/Case Repository/Regresyon/e-Arsiv/VKN-Kagit-Ihrac Kayitli

2021-10-21 14:30:44 - [TEST_STEP][PASSED] - Start listener action : sampleBeforeTestSuite: Invoke 'com.kms.katalon.core.annotation.BeforeTestCase' method: 'Listener.sampleBeforeTestSuite(...)' completed.

2021-10-21 14:30:44 - [MESSAGE][INFO] - Starting invoke 'com.kms.katalon.core.annotation.BeforeTestCase' method: 'Listener.sampleBeforeTestSuite(...)'

2021-10-21 14:30:44 - [TEST_STEP][PASSED] - openBrowser(baseUrl): Browser is opened with url: 'https://efatura-stage.elogo.com.tr/'

2021-10-21 14:30:44 - [MESSAGE][INFO] - Opening browser

2021-10-21 14:30:44 - [MESSAGE][INFO] - Starting 'Chrome' driver

2021-10-21 14:30:44 - [MESSAGE][INFO] - User set preference: ['prefs', '{download.default_directory=C:\otomasyondownfiles}']

2021-10-21 14:30:44 - [MESSAGE][INFO] - Action delay is set to 0 milliseconds

2021-10-21 14:30:46 - [MESSAGE][INFO] - Navigating browser to: 'https://efatura-stage.elogo.com.tr/'

2021-10-21 14:30:49 - [MESSAGE][PASSED] - Browser is opened with url: 'https://efatura-stage.elogo.com.tr/'

2021-10-21 14:30:49 - [TEST_STEP][PASSED] - maximizeWindow(): Invoke 'com.kms.katalon.core.annotation.BeforeTestCase' method: 'Listener.sampleBeforeTestSuite(...)' completed.

2021-10-21 14:30:49 - [MESSAGE][INFO] - Maximizing current window

2021-10-21 14:30:49 - [MESSAGE][PASSED] - Current window maximized

2021-10-21 14:30:49 - [MESSAGE][INFO] - Invoke 'com.kms.katalon.core.annotation.BeforeTestCase' method: 'Listener.sampleBeforeTestSuite(...)' completed.

2021-10-21 14:30:50 - [TEST_STEP][PASSED] - runFeatureFile("Include/features/Regresyon/e-Arsiv/VKN-Kagit-Ihrac Kayitli.feature"): Feature file: 'Include/features/Regresyon/e-Arsiv/VKN-Kagit-Ihrac Kayitli.feature' was passed

2021-10-21 14:30:50 - [MESSAGE][INFO] - Starting run keyword runFeatureFile: 'Include/features/Regresyon/e-Arsiv/VKN-Kagit-Ihrac Kayitli.feature' and extract report to folder: 'C:\Users\DELL\Downloads\EES_Katalon-main\Reports\20211021_140437\Suite Repository\Regresyon-eArsiv-eMakbuz\20211021_140449/cucumber_report/1634815850084'...

2021-10-21 14:30:50 - [MESSAGE][INFO] - Glue: []

2021-10-21 14:30:50 - [MESSAGE][INFO] - Checking called Test Case

2021-10-21 14:30:50 - [MESSAGE][INFO] - Starting to call Test Case 'Test Cases/Sayfalar/Giris_Sayfasi/Login'

2021-10-21 14:30:50 - [TEST_CASE][PASSED] - Test Cases/Sayfalar/Giris_Sayfasi/Login: Test Cases/Sayfalar/Giris_Sayfasi/Login

2021-10-21 14:30:50 - [TEST_STEP][PASSED] - Sayfa_Basligi = getWindowTitle(): Current window's title is: 'LOGO e-Fatura'

2021-10-21 14:30:50 - [MESSAGE][INFO] - Getting current window's title

2021-10-21 14:30:50 - [MESSAGE][PASSED] - Current window's title is: 'LOGO e-Fatura'

2021-10-21 14:30:50 - [TEST_STEP][PASSED] - verifyMatch(Sayfa_Basligi, "LOGO e-Fatura", false): Actual text 'LOGO e-Fatura' and expected text 'LOGO e-Fatura' are matched 

2021-10-21 14:30:50 - [MESSAGE][INFO] - Matching actual text 'LOGO e-Fatura' with expected text 'LOGO e-Fatura'

2021-10-21 14:30:50 - [MESSAGE][PASSED] - Actual text 'LOGO e-Fatura' and expected text 'LOGO e-Fatura' are matched 

2021-10-21 14:30:50 - [TEST_STEP][PASSED] - sendKeys(findTestObject("Sayfalar/Giris_Sayfasi/Firma_Kodu"), KullaniciAdi): Keys 'EARIHRAC' sent to object: 'Object Repository/Sayfalar/Giris_Sayfasi/Firma_Kodu'

2021-10-21 14:30:50 - [MESSAGE][INFO] - Finding Test Object 'Object Repository/Sayfalar/Giris_Sayfasi/Firma_Kodu'

2021-10-21 14:30:51 - [MESSAGE][INFO] - Sending keys 'EARIHRAC' to object: 'Object Repository/Sayfalar/Giris_Sayfasi/Firma_Kodu'

2021-10-21 14:30:51 - [MESSAGE][INFO] - Finding web element from Test Object's properties

2021-10-21 14:30:51 - [MESSAGE][INFO] - Checking timeout

2021-10-21 14:30:51 - [MESSAGE][INFO] - Finding web element with id: 'Object Repository/Sayfalar/Giris_Sayfasi/Firma_Kodu' located by 'By.xpath: //*[@id = 'AccountName']' in '30' second(s)

2021-10-21 14:30:51 - [MESSAGE][INFO] - Smart Wait Function is triggered

2021-10-21 14:30:51 - [MESSAGE][INFO] - Found 1 web elements with id: 'Object Repository/Sayfalar/Giris_Sayfasi/Firma_Kodu' located by 'By.xpath: //*[@id = 'AccountName']' in '30' second(s)

2021-10-21 14:30:51 - [MESSAGE][PASSED] - Keys 'EARIHRAC' sent to object: 'Object Repository/Sayfalar/Giris_Sayfasi/Firma_Kodu'

2021-10-21 14:30:51 - [TEST_STEP][PASSED] - sendKeys(findTestObject("Sayfalar/Giris_Sayfasi/Sifre"), Sifre): Keys 'test1234' sent to object: 'Object Repository/Sayfalar/Giris_Sayfasi/Sifre'

2021-10-21 14:30:51 - [MESSAGE][INFO] - Finding Test Object 'Object Repository/Sayfalar/Giris_Sayfasi/Sifre'

2021-10-21 14:30:51 - [MESSAGE][INFO] - Sending keys 'test1234' to object: 'Object Repository/Sayfalar/Giris_Sayfasi/Sifre'

2021-10-21 14:30:51 - [MESSAGE][INFO] - Finding web element from Test Object's properties

2021-10-21 14:30:51 - [MESSAGE][INFO] - Checking timeout

2021-10-21 14:30:51 - [MESSAGE][INFO] - Finding web element with id: 'Object Repository/Sayfalar/Giris_Sayfasi/Sifre' located by 'By.xpath: //*[@id = 'Password']' in '30' second(s)

2021-10-21 14:30:51 - [MESSAGE][INFO] - Smart Wait Function is triggered

2021-10-21 14:30:51 - [MESSAGE][INFO] - Found 1 web elements with id: 'Object Repository/Sayfalar/Giris_Sayfasi/Sifre' located by 'By.xpath: //*[@id = 'Password']' in '30' second(s)

2021-10-21 14:30:51 - [MESSAGE][PASSED] - Keys 'test1234' sent to object: 'Object Repository/Sayfalar/Giris_Sayfasi/Sifre'

2021-10-21 14:30:51 - [TEST_STEP][PASSED] - findWebElement(findTestObject("Sayfalar/Giris_Sayfasi/Giris_Butonu")).click(): Found 1 web elements with id: 'Object Repository/Sayfalar/Giris_Sayfasi/Giris_Butonu' located by 'By.cssSelector: #btnLogin' in '30' second(s)

2021-10-21 14:30:51 - [MESSAGE][INFO] - Finding Test Object 'Object Repository/Sayfalar/Giris_Sayfasi/Giris_Butonu'

2021-10-21 14:30:52 - [MESSAGE][INFO] - Finding web element from Test Object's properties

2021-10-21 14:30:52 - [MESSAGE][INFO] - Checking timeout

2021-10-21 14:30:52 - [MESSAGE][INFO] - Finding web element with id: 'Object Repository/Sayfalar/Giris_Sayfasi/Giris_Butonu' located by 'By.cssSelector: #btnLogin' in '30' second(s)

2021-10-21 14:30:52 - [MESSAGE][INFO] - Smart Wait Function is triggered

2021-10-21 14:30:52 - [MESSAGE][INFO] - Found 1 web elements with id: 'Object Repository/Sayfalar/Giris_Sayfasi/Giris_Butonu' located by 'By.cssSelector: #btnLogin' in '30' second(s)

2021-10-21 14:30:54 - [TEST_STEP][PASSED] - if (verifyElementPresent(findTestObject("Object Repository/Sayfalar/Giris_Sayfasi/RetveTamam_Butonu"), 5, OPTIONAL)): null

2021-10-21 14:30:54 - [MESSAGE][INFO] - Finding Test Object 'Object Repository/Sayfalar/Giris_Sayfasi/RetveTamam_Butonu'

2021-10-21 14:30:54 - [MESSAGE][INFO] - Checking object

2021-10-21 14:30:54 - [MESSAGE][INFO] - Finding web element from Test Object's properties

2021-10-21 14:30:54 - [MESSAGE][INFO] - Checking timeout

2021-10-21 14:30:54 - [MESSAGE][INFO] - Finding web element with id: 'Object Repository/Sayfalar/Giris_Sayfasi/RetveTamam_Butonu' located by 'By.xpath: //*[@class = 'btn btn-default']' in '5' second(s)

2021-10-21 14:30:54 - [MESSAGE][INFO] - Smart Wait Function is triggered

2021-10-21 14:30:54 - [MESSAGE][INFO] - Found 1 web elements with id: 'Object Repository/Sayfalar/Giris_Sayfasi/RetveTamam_Butonu' located by 'By.xpath: //*[@class = 'btn btn-default']' in '5' second(s)

2021-10-21 14:30:54 - [MESSAGE][PASSED] - Object 'Object Repository/Sayfalar/Giris_Sayfasi/RetveTamam_Butonu' is present

2021-10-21 14:30:54 - [TEST_STEP][PASSED] - click(findTestObject("Object Repository/Sayfalar/Giris_Sayfasi/RetveTamam_Butonu")): Object: 'Object Repository/Sayfalar/Giris_Sayfasi/RetveTamam_Butonu' is clicked on

2021-10-21 14:30:54 - [MESSAGE][INFO] - Finding Test Object 'Object Repository/Sayfalar/Giris_Sayfasi/RetveTamam_Butonu'

2021-10-21 14:30:54 - [MESSAGE][INFO] - Checking object

2021-10-21 14:30:54 - [MESSAGE][INFO] - Finding web element from Test Object's properties

2021-10-21 14:30:54 - [MESSAGE][INFO] - Checking timeout

2021-10-21 14:30:54 - [MESSAGE][INFO] - Finding web element with id: 'Object Repository/Sayfalar/Giris_Sayfasi/RetveTamam_Butonu' located by 'By.xpath: //*[@class = 'btn btn-default']' in '30' second(s)

2021-10-21 14:30:54 - [MESSAGE][INFO] - Smart Wait Function is triggered

2021-10-21 14:30:54 - [MESSAGE][INFO] - Found 1 web elements with id: 'Object Repository/Sayfalar/Giris_Sayfasi/RetveTamam_Butonu' located by 'By.xpath: //*[@class = 'btn btn-default']' in '30' second(s)

2021-10-21 14:30:54 - [MESSAGE][INFO] - Clicking on object: 'Object Repository/Sayfalar/Giris_Sayfasi/RetveTamam_Butonu'

2021-10-21 14:30:54 - [MESSAGE][PASSED] - Object: 'Object Repository/Sayfalar/Giris_Sayfasi/RetveTamam_Butonu' is clicked on

2021-10-21 14:30:54 - [TEST_STEP][PASSED] - click(findTestObject("Object Repository/Sayfalar/Giris_Sayfasi/RetveTamam_Butonu")): Object: 'Object Repository/Sayfalar/Giris_Sayfasi/RetveTamam_Butonu' is clicked on

2021-10-21 14:30:54 - [MESSAGE][INFO] - Finding Test Object 'Object Repository/Sayfalar/Giris_Sayfasi/RetveTamam_Butonu'

2021-10-21 14:30:55 - [MESSAGE][INFO] - Checking object

2021-10-21 14:30:55 - [MESSAGE][INFO] - Finding web element from Test Object's properties

2021-10-21 14:30:55 - [MESSAGE][INFO] - Checking timeout

2021-10-21 14:30:55 - [MESSAGE][INFO] - Finding web element with id: 'Object Repository/Sayfalar/Giris_Sayfasi/RetveTamam_Butonu' located by 'By.xpath: //*[@class = 'btn btn-default']' in '30' second(s)

2021-10-21 14:30:55 - [MESSAGE][INFO] - Smart Wait Function is triggered

2021-10-21 14:31:11 - [MESSAGE][INFO] - Found 1 web elements with id: 'Object Repository/Sayfalar/Giris_Sayfasi/RetveTamam_Butonu' located by 'By.xpath: //*[@class = 'btn btn-default']' in '30' second(s)

2021-10-21 14:31:11 - [MESSAGE][INFO] - Clicking on object: 'Object Repository/Sayfalar/Giris_Sayfasi/RetveTamam_Butonu'

2021-10-21 14:31:11 - [MESSAGE][PASSED] - Object: 'Object Repository/Sayfalar/Giris_Sayfasi/RetveTamam_Butonu' is clicked on

2021-10-21 14:31:11 - [TEST_STEP][PASSED] - if (verifyElementPresent(findTestObject("Sayfalar/Giris_Sayfasi/PopupOK"), 5, OPTIONAL)): com.kms.katalon.core.webui.exception.WebElementNotFoundException: Web element with id: 'Object Repository/Sayfalar/Giris_Sayfasi/PopupOK' located by '.btn.btn-success' not found (Root cause: com.kms.katalon.core.exception.StepFailedException: com.kms.katalon.core.webui.exception.WebElementNotFoundException: Web element with id: 'Object Repository/Sayfalar/Giris_Sayfasi/PopupOK' located by '.btn.btn-success' not found
	at com.kms.katalon.core.webui.keyword.internal.WebUIKeywordMain.stepFailed(WebUIKeywordMain.groovy:64)
	at com.kms.katalon.core.webui.keyword.builtin.VerifyElementPresentKeyword$_verifyElementPresent_closure1.doCall(VerifyElementPresentKeyword.groovy:85)
	at com.kms.katalon.core.webui.keyword.builtin.VerifyElementPresentKeyword$_verifyElementPresent_closure1.call(VerifyElementPresentKeyword.groovy)
	at com.kms.katalon.core.webui.keyword.internal.WebUIKeywordMain.runKeyword(WebUIKeywordMain.groovy:20)
	at com.kms.katalon.core.webui.keyword.builtin.VerifyElementPresentKeyword.verifyElementPresent(VerifyElementPresentKeyword.groovy:92)
	at com.kms.katalon.core.webui.keyword.builtin.VerifyElementPresentKeyword.execute(VerifyElementPresentKeyword.groovy:68)
	at com.kms.katalon.core.keyword.internal.KeywordExecutor.executeKeywordForPlatform(KeywordExecutor.groovy:73)
	at com.kms.katalon.core.webui.keyword.WebUiBuiltInKeywords.verifyElementPresent(WebUiBuiltInKeywords.groovy:1448)
	at com.kms.katalon.core.webui.keyword.WebUiBuiltInKeywords$verifyElementPresent$4.call(Unknown Source)
	at Login.run(Login:40)
	at com.kms.katalon.core.main.ScriptEngine.run(ScriptEngine.java:194)
	at com.kms.katalon.core.main.ScriptEngine.runScriptAsRawText(ScriptEngine.java:119)
	at com.kms.katalon.core.main.TestCaseExecutor.runScript(TestCaseExecutor.java:369)
	at com.kms.katalon.core.main.TestCaseExecutor.doExecute(TestCaseExecutor.java:360)
	at com.kms.katalon.core.main.TestCaseExecutor.processExecutionPhase(TestCaseExecutor.java:339)
	at com.kms.katalon.core.main.TestCaseExecutor.accessMainPhase(TestCaseExecutor.java:331)
	at com.kms.katalon.core.main.TestCaseExecutor.execute(TestCaseExecutor.java:248)
	at com.kms.katalon.core.main.TestCaseMain.runTestCase(TestCaseMain.java:138)
	at com.kms.katalon.core.keyword.builtin.CallTestCaseKeyword$_callTestCase_closure1.doCall(CallTestCaseKeyword.groovy:59)
	at com.kms.katalon.core.keyword.builtin.CallTestCaseKeyword$_callTestCase_closure1.call(CallTestCaseKeyword.groovy)
	at com.kms.katalon.core.keyword.internal.KeywordMain.runKeyword(KeywordMain.groovy:68)
	at com.kms.katalon.core.keyword.builtin.CallTestCaseKeyword.callTestCase(CallTestCaseKeyword.groovy:81)
	at com.kms.katalon.core.keyword.builtin.CallTestCaseKeyword.execute(CallTestCaseKeyword.groovy:44)
	at com.kms.katalon.core.keyword.internal.KeywordExecutor.executeKeywordForPlatform(KeywordExecutor.groovy:73)
	at com.kms.katalon.core.keyword.BuiltinKeywords.callTestCase(BuiltinKeywords.groovy:334)
	at sayfalar.girisSayfasi.login(girisSayfasi.groovy:50)
	at cucumber.runtime.Utils$1.call(Utils.java:26)
	at cucumber.runtime.Timeout.timeout(Timeout.java:16)
	at cucumber.runtime.Utils.invoke(Utils.java:20)
	at cucumber.runtime.java.JavaStepDefinition.execute(JavaStepDefinition.java:49)
	at cucumber.runner.PickleStepDefinitionMatch.runStep(PickleStepDefinitionMatch.java:50)
	at cucumber.runner.TestStep.executeStep(TestStep.java:63)
	at cucumber.runner.TestStep.run(TestStep.java:49)
	at cucumber.runner.PickleStepTestStep.run(PickleStepTestStep.java:43)
	at cucumber.runner.TestCase.run(TestCase.java:44)
	at cucumber.runner.Runner.runPickle(Runner.java:40)
	at cucumber.runtime.Runtime$1.run(Runtime.java:84)
	at cucumber.runtime.Runtime$SameThreadExecutorService.execute(Runtime.java:220)
	at cucumber.runtime.Runtime.run(Runtime.java:81)
	at cucumber.api.cli.Main.run(Main.java:26)
	at cucumber.api.cli.Main$run.call(Unknown Source)
	at com.kms.katalon.core.cucumber.keyword.CucumberBuiltinKeywords$_runFeatureFile_closure1.doCall(CucumberBuiltinKeywords.groovy:106)
	at com.kms.katalon.core.cucumber.keyword.CucumberBuiltinKeywords$_runFeatureFile_closure1.doCall(CucumberBuiltinKeywords.groovy)
	at com.kms.katalon.core.keyword.internal.KeywordMain.runKeyword(KeywordMain.groovy:68)
	at com.kms.katalon.core.keyword.internal.KeywordMain$runKeyword.call(Unknown Source)
	at com.kms.katalon.core.cucumber.keyword.CucumberBuiltinKeywords.runFeatureFile(CucumberBuiltinKeywords.groovy:73)
	at com.kms.katalon.core.cucumber.keyword.CucumberBuiltinKeywords$runFeatureFile$0.callStatic(Unknown Source)
	at com.kms.katalon.core.cucumber.keyword.CucumberBuiltinKeywords.runFeatureFile(CucumberBuiltinKeywords.groovy:246)
	at com.kms.katalon.core.cucumber.keyword.CucumberBuiltinKeywords$runFeatureFile.call(Unknown Source)
	at VKN-Kagit-Ihrac Kayitli.run(VKN-Kagit-Ihrac Kayitli:19)
	at com.kms.katalon.core.main.ScriptEngine.run(ScriptEngine.java:194)
	at com.kms.katalon.core.main.ScriptEngine.runScriptAsRawText(ScriptEngine.java:119)
	at com.kms.katalon.core.main.TestCaseExecutor.runScript(TestCaseExecutor.java:369)
	at com.kms.katalon.core.main.TestCaseExecutor.doExecute(TestCaseExecutor.java:360)
	at com.kms.katalon.core.main.TestCaseExecutor.processExecutionPhase(TestCaseExecutor.java:339)
	at com.kms.katalon.core.main.TestCaseExecutor.accessMainPhase(TestCaseExecutor.java:331)
	at com.kms.katalon.core.main.TestCaseExecutor.execute(TestCaseExecutor.java:248)
	at com.kms.katalon.core.main.TestSuiteExecutor.accessTestCaseMainPhase(TestSuiteExecutor.java:191)
	at com.kms.katalon.core.main.TestSuiteExecutor.accessTestSuiteMainPhase(TestSuiteExecutor.java:140)
	at com.kms.katalon.core.main.TestSuiteExecutor.execute(TestSuiteExecutor.java:89)
	at com.kms.katalon.core.main.TestCaseMain.startTestSuite(TestCaseMain.java:181)
	at com.kms.katalon.core.main.TestCaseMain$startTestSuite$0.call(Unknown Source)
	at TempTestSuite1634814289741.run(TempTestSuite1634814289741.groovy:39)
)

2021-10-21 14:31:11 - [MESSAGE][INFO] - Finding Test Object 'Object Repository/Sayfalar/Giris_Sayfasi/PopupOK'

2021-10-21 14:31:11 - [MESSAGE][INFO] - Checking object

2021-10-21 14:31:11 - [MESSAGE][INFO] - Finding web element from Test Object's properties

2021-10-21 14:31:11 - [MESSAGE][INFO] - Checking timeout

2021-10-21 14:31:11 - [MESSAGE][INFO] - Finding web element with id: 'Object Repository/Sayfalar/Giris_Sayfasi/PopupOK' located by 'By.cssSelector: .btn.btn-success' in '5' second(s)

2021-10-21 14:31:11 - [MESSAGE][INFO] - Smart Wait Function is triggered

2021-10-21 14:31:12 - [MESSAGE][INFO] - Smart Wait Function is triggered

2021-10-21 14:31:12 - [MESSAGE][INFO] - Smart Wait Function is triggered

2021-10-21 14:31:13 - [MESSAGE][INFO] - Smart Wait Function is triggered

2021-10-21 14:31:13 - [MESSAGE][INFO] - Smart Wait Function is triggered

2021-10-21 14:31:13 - [MESSAGE][INFO] - Smart Wait Function is triggered

2021-10-21 14:31:13 - [MESSAGE][INFO] - Smart Wait Function is triggered

2021-10-21 14:31:14 - [MESSAGE][INFO] - Smart Wait Function is triggered

2021-10-21 14:31:14 - [MESSAGE][INFO] - Smart Wait Function is triggered

2021-10-21 14:31:14 - [MESSAGE][INFO] - Smart Wait Function is triggered

2021-10-21 14:31:14 - [MESSAGE][INFO] - Smart Wait Function is triggered

2021-10-21 14:31:15 - [MESSAGE][INFO] - Smart Wait Function is triggered

2021-10-21 14:31:15 - [MESSAGE][INFO] - Smart Wait Function is triggered

2021-10-21 14:31:15 - [MESSAGE][INFO] - Smart Wait Function is triggered

2021-10-21 14:31:16 - [MESSAGE][INFO] - Smart Wait Function is triggered

2021-10-21 14:31:16 - [MESSAGE][INFO] - Smart Wait Function is triggered

2021-10-21 14:31:16 - [MESSAGE][INFO] - Smart Wait Function is triggered

2021-10-21 14:31:16 - [MESSAGE][INFO] - Smart Wait Function is triggered

2021-10-21 14:31:17 - [MESSAGE][INFO] - Smart Wait Function is triggered

2021-10-21 14:31:17 - [MESSAGE][INFO] - Smart Wait Function is triggered

2021-10-21 14:31:17 - [MESSAGE][INFO] - Smart Wait Function is triggered

2021-10-21 14:31:17 - [MESSAGE][INFO] - Unable to find the element located by 'By.cssSelector: .btn.btn-success'. Please recheck the objects properties to make sure the desired element is located. 

2021-10-21 14:31:18 - [MESSAGE][WARNING] - com.kms.katalon.core.webui.exception.WebElementNotFoundException: Web element with id: 'Object Repository/Sayfalar/Giris_Sayfasi/PopupOK' located by '.btn.btn-success' not found (Root cause: com.kms.katalon.core.exception.StepFailedException: com.kms.katalon.core.webui.exception.WebElementNotFoundException: Web element with id: 'Object Repository/Sayfalar/Giris_Sayfasi/PopupOK' located by '.btn.btn-success' not found
	at com.kms.katalon.core.webui.keyword.internal.WebUIKeywordMain.stepFailed(WebUIKeywordMain.groovy:64)
	at com.kms.katalon.core.webui.keyword.builtin.VerifyElementPresentKeyword$_verifyElementPresent_closure1.doCall(VerifyElementPresentKeyword.groovy:85)
	at com.kms.katalon.core.webui.keyword.builtin.VerifyElementPresentKeyword$_verifyElementPresent_closure1.call(VerifyElementPresentKeyword.groovy)
	at com.kms.katalon.core.webui.keyword.internal.WebUIKeywordMain.runKeyword(WebUIKeywordMain.groovy:20)
	at com.kms.katalon.core.webui.keyword.builtin.VerifyElementPresentKeyword.verifyElementPresent(VerifyElementPresentKeyword.groovy:92)
	at com.kms.katalon.core.webui.keyword.builtin.VerifyElementPresentKeyword.execute(VerifyElementPresentKeyword.groovy:68)
	at com.kms.katalon.core.keyword.internal.KeywordExecutor.executeKeywordForPlatform(KeywordExecutor.groovy:73)
	at com.kms.katalon.core.webui.keyword.WebUiBuiltInKeywords.verifyElementPresent(WebUiBuiltInKeywords.groovy:1448)
	at com.kms.katalon.core.webui.keyword.WebUiBuiltInKeywords$verifyElementPresent$4.call(Unknown Source)
	at Login.run(Login:40)
	at com.kms.katalon.core.main.ScriptEngine.run(ScriptEngine.java:194)
	at com.kms.katalon.core.main.ScriptEngine.runScriptAsRawText(ScriptEngine.java:119)
	at com.kms.katalon.core.main.TestCaseExecutor.runScript(TestCaseExecutor.java:369)
	at com.kms.katalon.core.main.TestCaseExecutor.doExecute(TestCaseExecutor.java:360)
	at com.kms.katalon.core.main.TestCaseExecutor.processExecutionPhase(TestCaseExecutor.java:339)
	at com.kms.katalon.core.main.TestCaseExecutor.accessMainPhase(TestCaseExecutor.java:331)
	at com.kms.katalon.core.main.TestCaseExecutor.execute(TestCaseExecutor.java:248)
	at com.kms.katalon.core.main.TestCaseMain.runTestCase(TestCaseMain.java:138)
	at com.kms.katalon.core.keyword.builtin.CallTestCaseKeyword$_callTestCase_closure1.doCall(CallTestCaseKeyword.groovy:59)
	at com.kms.katalon.core.keyword.builtin.CallTestCaseKeyword$_callTestCase_closure1.call(CallTestCaseKeyword.groovy)
	at com.kms.katalon.core.keyword.internal.KeywordMain.runKeyword(KeywordMain.groovy:68)
	at com.kms.katalon.core.keyword.builtin.CallTestCaseKeyword.callTestCase(CallTestCaseKeyword.groovy:81)
	at com.kms.katalon.core.keyword.builtin.CallTestCaseKeyword.execute(CallTestCaseKeyword.groovy:44)
	at com.kms.katalon.core.keyword.internal.KeywordExecutor.executeKeywordForPlatform(KeywordExecutor.groovy:73)
	at com.kms.katalon.core.keyword.BuiltinKeywords.callTestCase(BuiltinKeywords.groovy:334)
	at sayfalar.girisSayfasi.login(girisSayfasi.groovy:50)
	at cucumber.runtime.Utils$1.call(Utils.java:26)
	at cucumber.runtime.Timeout.timeout(Timeout.java:16)
	at cucumber.runtime.Utils.invoke(Utils.java:20)
	at cucumber.runtime.java.JavaStepDefinition.execute(JavaStepDefinition.java:49)
	at cucumber.runner.PickleStepDefinitionMatch.runStep(PickleStepDefinitionMatch.java:50)
	at cucumber.runner.TestStep.executeStep(TestStep.java:63)
	at cucumber.runner.TestStep.run(TestStep.java:49)
	at cucumber.runner.PickleStepTestStep.run(PickleStepTestStep.java:43)
	at cucumber.runner.TestCase.run(TestCase.java:44)
	at cucumber.runner.Runner.runPickle(Runner.java:40)
	at cucumber.runtime.Runtime$1.run(Runtime.java:84)
	at cucumber.runtime.Runtime$SameThreadExecutorService.execute(Runtime.java:220)
	at cucumber.runtime.Runtime.run(Runtime.java:81)
	at cucumber.api.cli.Main.run(Main.java:26)
	at cucumber.api.cli.Main$run.call(Unknown Source)
	at com.kms.katalon.core.cucumber.keyword.CucumberBuiltinKeywords$_runFeatureFile_closure1.doCall(CucumberBuiltinKeywords.groovy:106)
	at com.kms.katalon.core.cucumber.keyword.CucumberBuiltinKeywords$_runFeatureFile_closure1.doCall(CucumberBuiltinKeywords.groovy)
	at com.kms.katalon.core.keyword.internal.KeywordMain.runKeyword(KeywordMain.groovy:68)
	at com.kms.katalon.core.keyword.internal.KeywordMain$runKeyword.call(Unknown Source)
	at com.kms.katalon.core.cucumber.keyword.CucumberBuiltinKeywords.runFeatureFile(CucumberBuiltinKeywords.groovy:73)
	at com.kms.katalon.core.cucumber.keyword.CucumberBuiltinKeywords$runFeatureFile$0.callStatic(Unknown Source)
	at com.kms.katalon.core.cucumber.keyword.CucumberBuiltinKeywords.runFeatureFile(CucumberBuiltinKeywords.groovy:246)
	at com.kms.katalon.core.cucumber.keyword.CucumberBuiltinKeywords$runFeatureFile.call(Unknown Source)
	at VKN-Kagit-Ihrac Kayitli.run(VKN-Kagit-Ihrac Kayitli:19)
	at com.kms.katalon.core.main.ScriptEngine.run(ScriptEngine.java:194)
	at com.kms.katalon.core.main.ScriptEngine.runScriptAsRawText(ScriptEngine.java:119)
	at com.kms.katalon.core.main.TestCaseExecutor.runScript(TestCaseExecutor.java:369)
	at com.kms.katalon.core.main.TestCaseExecutor.doExecute(TestCaseExecutor.java:360)
	at com.kms.katalon.core.main.TestCaseExecutor.processExecutionPhase(TestCaseExecutor.java:339)
	at com.kms.katalon.core.main.TestCaseExecutor.accessMainPhase(TestCaseExecutor.java:331)
	at com.kms.katalon.core.main.TestCaseExecutor.execute(TestCaseExecutor.java:248)
	at com.kms.katalon.core.main.TestSuiteExecutor.accessTestCaseMainPhase(TestSuiteExecutor.java:191)
	at com.kms.katalon.core.main.TestSuiteExecutor.accessTestSuiteMainPhase(TestSuiteExecutor.java:140)
	at com.kms.katalon.core.main.TestSuiteExecutor.execute(TestSuiteExecutor.java:89)
	at com.kms.katalon.core.main.TestCaseMain.startTestSuite(TestCaseMain.java:181)
	at com.kms.katalon.core.main.TestCaseMain$startTestSuite$0.call(Unknown Source)
	at TempTestSuite1634814289741.run(TempTestSuite1634814289741.groovy:39)
)

2021-10-21 14:31:18 - [TEST_STEP][PASSED] - verifyElementVisible(findTestObject("Object Repository/Kullanici_Islemleri/KullaniciIslemleri")): Object 'Object Repository/Kullanici_Islemleri/KullaniciIslemleri' is visible

2021-10-21 14:31:18 - [MESSAGE][INFO] - Finding Test Object 'Object Repository/Kullanici_Islemleri/KullaniciIslemleri'

2021-10-21 14:31:18 - [MESSAGE][INFO] - Checking object

2021-10-21 14:31:18 - [MESSAGE][INFO] - Finding web element from Test Object's properties

2021-10-21 14:31:18 - [MESSAGE][INFO] - Checking timeout

2021-10-21 14:31:18 - [MESSAGE][INFO] - Finding web element with id: 'Object Repository/Kullanici_Islemleri/KullaniciIslemleri' located by 'By.cssSelector: .dropdown>a>img' in '30' second(s)

2021-10-21 14:31:18 - [MESSAGE][INFO] - Smart Wait Function is triggered

2021-10-21 14:31:18 - [MESSAGE][INFO] - Found 1 web elements with id: 'Object Repository/Kullanici_Islemleri/KullaniciIslemleri' located by 'By.cssSelector: .dropdown>a>img' in '30' second(s)

2021-10-21 14:31:18 - [MESSAGE][PASSED] - Object 'Object Repository/Kullanici_Islemleri/KullaniciIslemleri' is visible

2021-10-21 14:31:18 - [MESSAGE][PASSED] - Call Test Case 'Test Cases/Sayfalar/Giris_Sayfasi/Login' successfully

2021-10-21 14:31:18 - [MESSAGE][INFO] - Checking called Test Case

2021-10-21 14:31:18 - [MESSAGE][INFO] - Starting to call Test Case 'Test Cases/Menu/AnaMenuSecimi'

2021-10-21 14:31:18 - [TEST_CASE][PASSED] - Test Cases/Menu/AnaMenuSecimi: Test Cases/Menu/AnaMenuSecimi

2021-10-21 14:31:18 - [TEST_STEP][PASSED] - Method.TextDegerineEsitElementeTikla(findTestObject("Menu/Ana_Menu"), Ana_Menu): Method.TextDegerineEsitElementeTikla is PASSED

2021-10-21 14:31:18 - [MESSAGE][INFO] - Finding Test Object 'Object Repository/Menu/Ana_Menu'

2021-10-21 14:31:18 - [MESSAGE][INFO] - Checking timeout

2021-10-21 14:31:18 - [MESSAGE][INFO] - Finding web element with id: 'Object Repository/Menu/Ana_Menu' located by 'By.xpath: //*[@class = 'dropdown-toggle']' in '10' second(s)

2021-10-21 14:31:18 - [MESSAGE][INFO] - Smart Wait Function is triggered

2021-10-21 14:31:19 - [MESSAGE][INFO] - Found 13 web elements with id: 'Object Repository/Menu/Ana_Menu' located by 'By.xpath: //*[@class = 'dropdown-toggle']' in '10' second(s)

2021-10-21 14:31:19 - [MESSAGE][PASSED] - Method.TextDegerineEsitElementeTikla is PASSED

2021-10-21 14:31:19 - [MESSAGE][PASSED] - Call Test Case 'Test Cases/Menu/AnaMenuSecimi' successfully

2021-10-21 14:31:19 - [MESSAGE][INFO] - Checking called Test Case

2021-10-21 14:31:19 - [MESSAGE][INFO] - Starting to call Test Case 'Test Cases/Menu/BasligaGoreAltMenuSecimi'

2021-10-21 14:31:19 - [TEST_CASE][PASSED] - Test Cases/Menu/BasligaGoreAltMenuSecimi: Test Cases/Menu/BasligaGoreAltMenuSecimi

2021-10-21 14:31:19 - [TEST_STEP][PASSED] - Method.TextDegerineEsitElementinAltindakiTextDegerineEsitOlanaTikla(findTestObject("Menu/Menu_Basligi"), findTestObject("Menu/Basliga_Gore_Alt_Menu"), Baslik, Alt_Menu): Method.TextDegerineEsitElementinAltindakiTextDegerineEsitOlanaTikla is PASSED

2021-10-21 14:31:19 - [MESSAGE][INFO] - Finding Test Object 'Object Repository/Menu/Menu_Basligi'

2021-10-21 14:31:19 - [MESSAGE][INFO] - Finding Test Object 'Object Repository/Menu/Basliga_Gore_Alt_Menu'

2021-10-21 14:31:19 - [MESSAGE][INFO] - Checking timeout

2021-10-21 14:31:19 - [MESSAGE][INFO] - Finding web element with id: 'Object Repository/Menu/Menu_Basligi' located by 'By.xpath: //li[@class='dropdown dropdown-large open']//li[@class='dropdown-header']' in '10' second(s)

2021-10-21 14:31:19 - [MESSAGE][INFO] - Smart Wait Function is triggered

2021-10-21 14:31:19 - [MESSAGE][INFO] - Found 2 web elements with id: 'Object Repository/Menu/Menu_Basligi' located by 'By.xpath: //li[@class='dropdown dropdown-large open']//li[@class='dropdown-header']' in '10' second(s)

2021-10-21 14:31:19 - [MESSAGE][INFO] - Smart Wait Function is triggered

2021-10-21 14:31:23 - [MESSAGE][PASSED] - Method.TextDegerineEsitElementinAltindakiTextDegerineEsitOlanaTikla is PASSED

2021-10-21 14:31:23 - [MESSAGE][PASSED] - Call Test Case 'Test Cases/Menu/BasligaGoreAltMenuSecimi' successfully

2021-10-21 14:31:23 - [MESSAGE][INFO] - Checking called Test Case

2021-10-21 14:31:23 - [MESSAGE][INFO] - Starting to call Test Case 'Test Cases/Tablo/Olusturma Tarihi'

2021-10-21 14:31:23 - [TEST_CASE][PASSED] - Test Cases/Tablo/Olusturma Tarihi: Test Cases/Tablo/Olusturma Tarihi

2021-10-21 14:31:23 - [TEST_STEP][PASSED] - if (verifyTextNotPresent("Görüntülenecek veri yok", true, OPTIONAL)): null

2021-10-21 14:31:23 - [MESSAGE][INFO] - Checking text present  using regular expression

2021-10-21 14:31:23 - [MESSAGE][INFO] - Smart Wait Function is triggered

2021-10-21 14:31:24 - [MESSAGE][INFO] - Finding text 'Görüntülenecek veri yok' on page  using regular expression

2021-10-21 14:31:24 - [MESSAGE][PASSED] - Text 'Görüntülenecek veri yok' is not present on page using regular expression

2021-10-21 14:31:24 - [TEST_STEP][PASSED] - click(findTestObject("Temizle/Olusturma_Tarihi_CheckBox")): Object: 'Object Repository/Temizle/Olusturma_Tarihi_CheckBox' is clicked on

2021-10-21 14:31:24 - [MESSAGE][INFO] - Finding Test Object 'Object Repository/Temizle/Olusturma_Tarihi_CheckBox'

2021-10-21 14:31:24 - [MESSAGE][INFO] - Checking object

2021-10-21 14:31:24 - [MESSAGE][INFO] - Finding web element from Test Object's properties

2021-10-21 14:31:24 - [MESSAGE][INFO] - Checking timeout

2021-10-21 14:31:24 - [MESSAGE][INFO] - Finding web element with id: 'Object Repository/Temizle/Olusturma_Tarihi_CheckBox' located by 'By.xpath: //*[@title = 'Bu sayfadaki tüm satırları Seç']' in '30' second(s)

2021-10-21 14:31:24 - [MESSAGE][INFO] - Smart Wait Function is triggered

2021-10-21 14:31:24 - [MESSAGE][INFO] - Found 1 web elements with id: 'Object Repository/Temizle/Olusturma_Tarihi_CheckBox' located by 'By.xpath: //*[@title = 'Bu sayfadaki tüm satırları Seç']' in '30' second(s)

2021-10-21 14:31:24 - [MESSAGE][INFO] - Clicking on object: 'Object Repository/Temizle/Olusturma_Tarihi_CheckBox'

2021-10-21 14:31:25 - [MESSAGE][PASSED] - Object: 'Object Repository/Temizle/Olusturma_Tarihi_CheckBox' is clicked on

2021-10-21 14:31:25 - [TEST_STEP][PASSED] - Method.TextDegerineEsitElementeTiklaEquals(findTestObject("Butonlar/Butonlar"), "Sil"): Method.TextDegerineEsitElementeTiklaEquals is PASSED

2021-10-21 14:31:25 - [MESSAGE][INFO] - Finding Test Object 'Object Repository/Butonlar/Butonlar'

2021-10-21 14:31:25 - [MESSAGE][INFO] - Checking timeout

2021-10-21 14:31:25 - [MESSAGE][INFO] - Finding web element with id: 'Object Repository/Butonlar/Butonlar' located by 'By.cssSelector: .panel.panel-default.text-center.footerPanel .btn,.btn.btn-primary.btnControls' in '10' second(s)

2021-10-21 14:31:25 - [MESSAGE][INFO] - Smart Wait Function is triggered

2021-10-21 14:31:25 - [MESSAGE][INFO] - Found 10 web elements with id: 'Object Repository/Butonlar/Butonlar' located by 'By.cssSelector: .panel.panel-default.text-center.footerPanel .btn,.btn.btn-primary.btnControls' in '10' second(s)

2021-10-21 14:31:25 - [MESSAGE][PASSED] - Method.TextDegerineEsitElementeTiklaEquals is PASSED

2021-10-21 14:31:25 - [TEST_STEP][PASSED] - Method.TextDegerineEsitElementeTikla(findTestObject("Popup/Popup_Butons"), "Evet"): Method.TextDegerineEsitElementeTikla is PASSED

2021-10-21 14:31:25 - [MESSAGE][INFO] - Finding Test Object 'Object Repository/Popup/Popup_Butons'

2021-10-21 14:31:25 - [MESSAGE][INFO] - Checking timeout

2021-10-21 14:31:25 - [MESSAGE][INFO] - Finding web element with id: 'Object Repository/Popup/Popup_Butons' located by 'By.cssSelector: .modal-footer>button' in '10' second(s)

2021-10-21 14:31:25 - [MESSAGE][INFO] - Smart Wait Function is triggered

2021-10-21 14:31:26 - [MESSAGE][INFO] - Found 2 web elements with id: 'Object Repository/Popup/Popup_Butons' located by 'By.cssSelector: .modal-footer>button' in '10' second(s)

2021-10-21 14:31:27 - [MESSAGE][PASSED] - Method.TextDegerineEsitElementeTikla is PASSED

2021-10-21 14:31:27 - [TEST_STEP][PASSED] - Method.TextDegerineEsitElementeTikla(findTestObject("Popup/Popup_Butons"), "Tamam"): Method.TextDegerineEsitElementeTikla is PASSED

2021-10-21 14:31:27 - [MESSAGE][INFO] - Finding Test Object 'Object Repository/Popup/Popup_Butons'

2021-10-21 14:31:27 - [MESSAGE][INFO] - Checking timeout

2021-10-21 14:31:27 - [MESSAGE][INFO] - Finding web element with id: 'Object Repository/Popup/Popup_Butons' located by 'By.cssSelector: .modal-footer>button' in '10' second(s)

2021-10-21 14:31:27 - [MESSAGE][INFO] - Smart Wait Function is triggered

2021-10-21 14:31:27 - [MESSAGE][INFO] - Found 1 web elements with id: 'Object Repository/Popup/Popup_Butons' located by 'By.cssSelector: .modal-footer>button' in '10' second(s)

2021-10-21 14:31:27 - [MESSAGE][PASSED] - Method.TextDegerineEsitElementeTikla is PASSED

2021-10-21 14:31:27 - [MESSAGE][PASSED] - Call Test Case 'Test Cases/Tablo/Olusturma Tarihi' successfully

2021-10-21 14:31:27 - [MESSAGE][INFO] - Checking called Test Case

2021-10-21 14:31:27 - [MESSAGE][INFO] - Starting to call Test Case 'Test Cases/Butonlar/ButonaTikla'

2021-10-21 14:31:28 - [TEST_CASE][PASSED] - Test Cases/Butonlar/ButonaTikla: Test Cases/Butonlar/ButonaTikla

2021-10-21 14:31:28 - [TEST_STEP][PASSED] - Method.TextDegerineEsitElementeTiklaEquals(findTestObject("Butonlar/Butonlar"), Buton_Adi): Method.TextDegerineEsitElementeTiklaEquals is PASSED

2021-10-21 14:31:28 - [MESSAGE][INFO] - Finding Test Object 'Object Repository/Butonlar/Butonlar'

2021-10-21 14:31:28 - [MESSAGE][INFO] - Checking timeout

2021-10-21 14:31:28 - [MESSAGE][INFO] - Finding web element with id: 'Object Repository/Butonlar/Butonlar' located by 'By.cssSelector: .panel.panel-default.text-center.footerPanel .btn,.btn.btn-primary.btnControls' in '10' second(s)

2021-10-21 14:31:28 - [MESSAGE][INFO] - Smart Wait Function is triggered

2021-10-21 14:31:28 - [MESSAGE][INFO] - Found 10 web elements with id: 'Object Repository/Butonlar/Butonlar' located by 'By.cssSelector: .panel.panel-default.text-center.footerPanel .btn,.btn.btn-primary.btnControls' in '10' second(s)

2021-10-21 14:31:29 - [MESSAGE][PASSED] - Method.TextDegerineEsitElementeTiklaEquals is PASSED

2021-10-21 14:31:29 - [MESSAGE][PASSED] - Call Test Case 'Test Cases/Butonlar/ButonaTikla' successfully

2021-10-21 14:31:29 - [MESSAGE][INFO] - Checking called Test Case

2021-10-21 14:31:29 - [MESSAGE][INFO] - Starting to call Test Case 'Test Cases/Olusturma/Genel/GorselTasarimSayfasıBasligiIceriyorMu'

2021-10-21 14:31:29 - [TEST_CASE][PASSED] - Test Cases/Olusturma/Genel/GorselTasarimSayfasıBasligiIceriyorMu: Test Cases/Olusturma/Genel/GorselTasarimSayfasıBasligiIceriyorMu

2021-10-21 14:31:29 - [TEST_STEP][PASSED] - verifyElementText(findTestObject("Object Repository/Olusturma/Genel/GorselTasarimBaslik"), Baslik): Actual text and expected text of test object 'Object Repository/Olusturma/Genel/GorselTasarimBaslik' are matched.

2021-10-21 14:31:29 - [MESSAGE][INFO] - Finding Test Object 'Object Repository/Olusturma/Genel/GorselTasarimBaslik'

2021-10-21 14:31:29 - [MESSAGE][INFO] - Checking object

2021-10-21 14:31:29 - [MESSAGE][INFO] - Finding web element from Test Object's properties

2021-10-21 14:31:29 - [MESSAGE][INFO] - Checking timeout

2021-10-21 14:31:29 - [MESSAGE][INFO] - Finding web element with id: 'Object Repository/Olusturma/Genel/GorselTasarimBaslik' located by 'By.cssSelector: #flAlici_0>div>span' in '30' second(s)

2021-10-21 14:31:29 - [MESSAGE][INFO] - Smart Wait Function is triggered

2021-10-21 14:31:35 - [MESSAGE][INFO] - Found 1 web elements with id: 'Object Repository/Olusturma/Genel/GorselTasarimBaslik' located by 'By.cssSelector: #flAlici_0>div>span' in '30' second(s)

2021-10-21 14:31:35 - [MESSAGE][PASSED] - Actual text and expected text of test object 'Object Repository/Olusturma/Genel/GorselTasarimBaslik' are matched.

2021-10-21 14:31:35 - [MESSAGE][PASSED] - Call Test Case 'Test Cases/Olusturma/Genel/GorselTasarimSayfasıBasligiIceriyorMu' successfully

2021-10-21 14:31:35 - [MESSAGE][INFO] - Checking called Test Case

2021-10-21 14:31:35 - [MESSAGE][INFO] - Starting to call Test Case 'Test Cases/Olusturma/Genel/AliciSecilir'

2021-10-21 14:31:35 - [TEST_CASE][PASSED] - Test Cases/Olusturma/Genel/AliciSecilir: Test Cases/Olusturma/Genel/AliciSecilir

2021-10-21 14:31:35 - [TEST_STEP][PASSED] - click(findTestObject("Olusturma/Genel/AliciBilgisi/Alici_Ara")): Object: 'Object Repository/Olusturma/Genel/AliciBilgisi/Alici_Ara' is clicked on

2021-10-21 14:31:35 - [MESSAGE][INFO] - Finding Test Object 'Object Repository/Olusturma/Genel/AliciBilgisi/Alici_Ara'

2021-10-21 14:31:35 - [MESSAGE][INFO] - Checking object

2021-10-21 14:31:35 - [MESSAGE][INFO] - Finding web element from Test Object's properties

2021-10-21 14:31:35 - [MESSAGE][INFO] - Checking timeout

2021-10-21 14:31:35 - [MESSAGE][INFO] - Finding web element with id: 'Object Repository/Olusturma/Genel/AliciBilgisi/Alici_Ara' located by 'By.xpath: //td[@id='txtCustomerText_B-1']' in '30' second(s)

2021-10-21 14:31:35 - [MESSAGE][INFO] - Smart Wait Function is triggered

2021-10-21 14:31:36 - [MESSAGE][INFO] - Found 1 web elements with id: 'Object Repository/Olusturma/Genel/AliciBilgisi/Alici_Ara' located by 'By.xpath: //td[@id='txtCustomerText_B-1']' in '30' second(s)

2021-10-21 14:31:36 - [MESSAGE][INFO] - Clicking on object: 'Object Repository/Olusturma/Genel/AliciBilgisi/Alici_Ara'

2021-10-21 14:31:36 - [MESSAGE][PASSED] - Object: 'Object Repository/Olusturma/Genel/AliciBilgisi/Alici_Ara' is clicked on

2021-10-21 14:31:36 - [TEST_STEP][PASSED] - click(findTestObject("Olusturma/Genel/AliciBilgisi/Alici_Bilgisi")): Object: 'Object Repository/Olusturma/Genel/AliciBilgisi/Alici_Bilgisi' is clicked on

2021-10-21 14:31:36 - [MESSAGE][INFO] - Finding Test Object 'Object Repository/Olusturma/Genel/AliciBilgisi/Alici_Bilgisi'

2021-10-21 14:31:36 - [MESSAGE][INFO] - Checking object

2021-10-21 14:31:36 - [MESSAGE][INFO] - Finding web element from Test Object's properties

2021-10-21 14:31:36 - [MESSAGE][INFO] - Checking timeout

2021-10-21 14:31:36 - [MESSAGE][INFO] - Finding web element with id: 'Object Repository/Olusturma/Genel/AliciBilgisi/Alici_Bilgisi' located by 'By.xpath: //iframe[@id='customerselectiframe']' in '30' second(s)

2021-10-21 14:31:36 - [MESSAGE][INFO] - Smart Wait Function is triggered

2021-10-21 14:31:36 - [MESSAGE][INFO] - Found 1 web elements with id: 'Object Repository/Olusturma/Genel/AliciBilgisi/Alici_Bilgisi' located by 'By.xpath: //iframe[@id='customerselectiframe']' in '30' second(s)

2021-10-21 14:31:36 - [MESSAGE][INFO] - Clicking on object: 'Object Repository/Olusturma/Genel/AliciBilgisi/Alici_Bilgisi'

2021-10-21 14:31:36 - [MESSAGE][PASSED] - Object: 'Object Repository/Olusturma/Genel/AliciBilgisi/Alici_Bilgisi' is clicked on

2021-10-21 14:31:36 - [TEST_STEP][PASSED] - setText(findTestObject("Olusturma/Genel/AliciBilgisi/Alici_Gir"), Alici_Adi): Switching to default content

2021-10-21 14:31:36 - [MESSAGE][INFO] - Finding Test Object 'Object Repository/Olusturma/Genel/AliciBilgisi/Alici_Gir'

2021-10-21 14:31:36 - [MESSAGE][INFO] - Finding Test Object 'Object Repository/Olusturma/Genel/AliciBilgisi/Alici_Bilgisi'

2021-10-21 14:31:36 - [MESSAGE][INFO] - Checking object

2021-10-21 14:31:36 - [MESSAGE][INFO] - Checking text

2021-10-21 14:31:36 - [MESSAGE][INFO] - Object: 'Object Repository/Olusturma/Genel/AliciBilgisi/Alici_Gir' has parent object(s)

2021-10-21 14:31:36 - [MESSAGE][INFO] - Switching to iframe: 'Object Repository/Olusturma/Genel/AliciBilgisi/Alici_Bilgisi'

2021-10-21 14:31:36 - [MESSAGE][INFO] - Finding web element from Test Object's properties

2021-10-21 14:31:36 - [MESSAGE][INFO] - Checking timeout

2021-10-21 14:31:36 - [MESSAGE][INFO] - Finding web element with id: 'Object Repository/Olusturma/Genel/AliciBilgisi/Alici_Bilgisi' located by 'By.xpath: //iframe[@id='customerselectiframe']' in '30' second(s)

2021-10-21 14:31:36 - [MESSAGE][INFO] - Smart Wait Function is triggered

2021-10-21 14:31:37 - [MESSAGE][INFO] - Found 1 web elements with id: 'Object Repository/Olusturma/Genel/AliciBilgisi/Alici_Bilgisi' located by 'By.xpath: //iframe[@id='customerselectiframe']' in '30' second(s)

2021-10-21 14:31:37 - [MESSAGE][INFO] - Switched to iframe: 'Object Repository/Olusturma/Genel/AliciBilgisi/Alici_Bilgisi'

2021-10-21 14:31:37 - [MESSAGE][INFO] - Finding web element from Test Object's properties

2021-10-21 14:31:37 - [MESSAGE][INFO] - Checking timeout

2021-10-21 14:31:37 - [MESSAGE][INFO] - Finding web element with id: 'Object Repository/Olusturma/Genel/AliciBilgisi/Alici_Gir' located by 'By.xpath: //input[@id='GridViewCustomer_DXFREditorcol1_I']' in '30' second(s)

2021-10-21 14:31:37 - [MESSAGE][INFO] - Smart Wait Function is triggered

2021-10-21 14:31:37 - [MESSAGE][INFO] - Found 1 web elements with id: 'Object Repository/Olusturma/Genel/AliciBilgisi/Alici_Gir' located by 'By.xpath: //input[@id='GridViewCustomer_DXFREditorcol1_I']' in '30' second(s)

2021-10-21 14:31:37 - [MESSAGE][INFO] - Clearing text of object 'Object Repository/Olusturma/Genel/AliciBilgisi/Alici_Gir'

2021-10-21 14:31:37 - [MESSAGE][INFO] - Finding web element from Test Object's properties

2021-10-21 14:31:37 - [MESSAGE][INFO] - Checking timeout

2021-10-21 14:31:37 - [MESSAGE][INFO] - Finding web element with id: 'Object Repository/Olusturma/Genel/AliciBilgisi/Alici_Gir' located by 'By.xpath: //input[@id='GridViewCustomer_DXFREditorcol1_I']' in '30' second(s)

2021-10-21 14:31:37 - [MESSAGE][INFO] - Smart Wait Function is triggered

2021-10-21 14:31:37 - [MESSAGE][INFO] - Found 1 web elements with id: 'Object Repository/Olusturma/Genel/AliciBilgisi/Alici_Gir' located by 'By.xpath: //input[@id='GridViewCustomer_DXFREditorcol1_I']' in '30' second(s)

2021-10-21 14:31:37 - [MESSAGE][INFO] - Setting text of object 'Object Repository/Olusturma/Genel/AliciBilgisi/Alici_Gir' to value 'UC0012'

2021-10-21 14:31:37 - [MESSAGE][PASSED] - Text 'UC0012' is set on object 'Object Repository/Olusturma/Genel/AliciBilgisi/Alici_Gir'

2021-10-21 14:31:37 - [MESSAGE][INFO] - Switching to default content

2021-10-21 14:31:37 - [TEST_STEP][PASSED] - waitForElementClickable(findTestObject("Olusturma/Genel/AliciBilgisi/Alici_Adi"), 10): Switching to default content

2021-10-21 14:31:37 - [MESSAGE][INFO] - Finding Test Object 'Object Repository/Olusturma/Genel/AliciBilgisi/Alici_Adi'

2021-10-21 14:31:37 - [MESSAGE][INFO] - Finding Test Object 'Object Repository/Olusturma/Genel/AliciBilgisi/iframe_Alc Bilgisi_customerselectiframe'

2021-10-21 14:31:37 - [MESSAGE][INFO] - Checking object

2021-10-21 14:31:37 - [MESSAGE][INFO] - Checking timeout

2021-10-21 14:31:37 - [MESSAGE][INFO] - Object: 'Object Repository/Olusturma/Genel/AliciBilgisi/Alici_Adi' has parent object(s)

2021-10-21 14:31:37 - [MESSAGE][INFO] - Switching to iframe: 'Object Repository/Olusturma/Genel/AliciBilgisi/iframe_Alc Bilgisi_customerselectiframe'

2021-10-21 14:31:37 - [MESSAGE][INFO] - Finding web element from Test Object's properties

2021-10-21 14:31:37 - [MESSAGE][INFO] - Checking timeout

2021-10-21 14:31:37 - [MESSAGE][INFO] - Finding web element with id: 'Object Repository/Olusturma/Genel/AliciBilgisi/iframe_Alc Bilgisi_customerselectiframe' located by 'By.xpath: //iframe[@id='customerselectiframe']' in '10' second(s)

2021-10-21 14:31:37 - [MESSAGE][INFO] - Smart Wait Function is triggered

2021-10-21 14:31:37 - [MESSAGE][INFO] - Found 1 web elements with id: 'Object Repository/Olusturma/Genel/AliciBilgisi/iframe_Alc Bilgisi_customerselectiframe' located by 'By.xpath: //iframe[@id='customerselectiframe']' in '10' second(s)

2021-10-21 14:31:37 - [MESSAGE][INFO] - Switched to iframe: 'Object Repository/Olusturma/Genel/AliciBilgisi/iframe_Alc Bilgisi_customerselectiframe'

2021-10-21 14:31:37 - [MESSAGE][INFO] - Finding web element from Test Object's properties

2021-10-21 14:31:37 - [MESSAGE][INFO] - Checking timeout

2021-10-21 14:31:37 - [MESSAGE][INFO] - Finding web element with id: 'Object Repository/Olusturma/Genel/AliciBilgisi/Alici_Adi' located by 'By.xpath: //tr[@id='GridViewCustomer_DXDataRow0']/td[2]' in '10' second(s)

2021-10-21 14:31:37 - [MESSAGE][INFO] - Smart Wait Function is triggered

2021-10-21 14:31:37 - [MESSAGE][INFO] - Found 1 web elements with id: 'Object Repository/Olusturma/Genel/AliciBilgisi/Alici_Adi' located by 'By.xpath: //tr[@id='GridViewCustomer_DXDataRow0']/td[2]' in '10' second(s)

2021-10-21 14:31:37 - [MESSAGE][PASSED] - Object 'Object Repository/Olusturma/Genel/AliciBilgisi/Alici_Adi' is clickable

2021-10-21 14:31:37 - [MESSAGE][INFO] - Switching to default content

2021-10-21 14:31:37 - [TEST_STEP][PASSED] - click(findTestObject("Olusturma/Genel/AliciBilgisi/frame")): Switching to default content

2021-10-21 14:31:37 - [MESSAGE][INFO] - Finding Test Object 'Object Repository/Olusturma/Genel/AliciBilgisi/frame'

2021-10-21 14:31:37 - [MESSAGE][INFO] - Finding Test Object 'Object Repository/Olusturma/Genel/AliciBilgisi/iframe_Alc Bilgisi_customerselectiframe'

2021-10-21 14:31:37 - [MESSAGE][INFO] - Checking object

2021-10-21 14:31:37 - [MESSAGE][INFO] - Object: 'Object Repository/Olusturma/Genel/AliciBilgisi/frame' has parent object(s)

2021-10-21 14:31:37 - [MESSAGE][INFO] - Switching to iframe: 'Object Repository/Olusturma/Genel/AliciBilgisi/iframe_Alc Bilgisi_customerselectiframe'

2021-10-21 14:31:37 - [MESSAGE][INFO] - Finding web element from Test Object's properties

2021-10-21 14:31:37 - [MESSAGE][INFO] - Checking timeout

2021-10-21 14:31:37 - [MESSAGE][INFO] - Finding web element with id: 'Object Repository/Olusturma/Genel/AliciBilgisi/iframe_Alc Bilgisi_customerselectiframe' located by 'By.xpath: //iframe[@id='customerselectiframe']' in '30' second(s)

2021-10-21 14:31:37 - [MESSAGE][INFO] - Smart Wait Function is triggered

2021-10-21 14:31:38 - [MESSAGE][INFO] - Found 1 web elements with id: 'Object Repository/Olusturma/Genel/AliciBilgisi/iframe_Alc Bilgisi_customerselectiframe' located by 'By.xpath: //iframe[@id='customerselectiframe']' in '30' second(s)

2021-10-21 14:31:38 - [MESSAGE][INFO] - Switched to iframe: 'Object Repository/Olusturma/Genel/AliciBilgisi/iframe_Alc Bilgisi_customerselectiframe'

2021-10-21 14:31:38 - [MESSAGE][INFO] - Finding web element from Test Object's properties

2021-10-21 14:31:38 - [MESSAGE][INFO] - Checking timeout

2021-10-21 14:31:38 - [MESSAGE][INFO] - Finding web element with id: 'Object Repository/Olusturma/Genel/AliciBilgisi/frame' located by 'By.xpath: //*/text()[normalize-space(.)='']/parent::*' in '30' second(s)

2021-10-21 14:31:38 - [MESSAGE][INFO] - Smart Wait Function is triggered

2021-10-21 14:31:38 - [MESSAGE][INFO] - Found 66 web elements with id: 'Object Repository/Olusturma/Genel/AliciBilgisi/frame' located by 'By.xpath: //*/text()[normalize-space(.)='']/parent::*' in '30' second(s)

2021-10-21 14:31:38 - [MESSAGE][INFO] - Clicking on object: 'Object Repository/Olusturma/Genel/AliciBilgisi/frame'

2021-10-21 14:31:38 - [MESSAGE][PASSED] - Object: 'Object Repository/Olusturma/Genel/AliciBilgisi/frame' is clicked on

2021-10-21 14:31:38 - [MESSAGE][INFO] - Switching to default content

2021-10-21 14:31:38 - [TEST_STEP][PASSED] - click(findTestObject("Olusturma/Genel/AliciBilgisi/Alici_Adi")): Switching to default content

2021-10-21 14:31:38 - [MESSAGE][INFO] - Finding Test Object 'Object Repository/Olusturma/Genel/AliciBilgisi/Alici_Adi'

2021-10-21 14:31:38 - [MESSAGE][INFO] - Finding Test Object 'Object Repository/Olusturma/Genel/AliciBilgisi/iframe_Alc Bilgisi_customerselectiframe'

2021-10-21 14:31:38 - [MESSAGE][INFO] - Checking object

2021-10-21 14:31:38 - [MESSAGE][INFO] - Object: 'Object Repository/Olusturma/Genel/AliciBilgisi/Alici_Adi' has parent object(s)

2021-10-21 14:31:38 - [MESSAGE][INFO] - Switching to iframe: 'Object Repository/Olusturma/Genel/AliciBilgisi/iframe_Alc Bilgisi_customerselectiframe'

2021-10-21 14:31:38 - [MESSAGE][INFO] - Finding web element from Test Object's properties

2021-10-21 14:31:38 - [MESSAGE][INFO] - Checking timeout

2021-10-21 14:31:38 - [MESSAGE][INFO] - Finding web element with id: 'Object Repository/Olusturma/Genel/AliciBilgisi/iframe_Alc Bilgisi_customerselectiframe' located by 'By.xpath: //iframe[@id='customerselectiframe']' in '30' second(s)

2021-10-21 14:31:38 - [MESSAGE][INFO] - Smart Wait Function is triggered

2021-10-21 14:31:38 - [MESSAGE][INFO] - Found 1 web elements with id: 'Object Repository/Olusturma/Genel/AliciBilgisi/iframe_Alc Bilgisi_customerselectiframe' located by 'By.xpath: //iframe[@id='customerselectiframe']' in '30' second(s)

2021-10-21 14:31:38 - [MESSAGE][INFO] - Switched to iframe: 'Object Repository/Olusturma/Genel/AliciBilgisi/iframe_Alc Bilgisi_customerselectiframe'

2021-10-21 14:31:38 - [MESSAGE][INFO] - Finding web element from Test Object's properties

2021-10-21 14:31:38 - [MESSAGE][INFO] - Checking timeout

2021-10-21 14:31:38 - [MESSAGE][INFO] - Finding web element with id: 'Object Repository/Olusturma/Genel/AliciBilgisi/Alici_Adi' located by 'By.xpath: //tr[@id='GridViewCustomer_DXDataRow0']/td[2]' in '30' second(s)

2021-10-21 14:31:38 - [MESSAGE][INFO] - Smart Wait Function is triggered

2021-10-21 14:31:38 - [MESSAGE][INFO] - Found 1 web elements with id: 'Object Repository/Olusturma/Genel/AliciBilgisi/Alici_Adi' located by 'By.xpath: //tr[@id='GridViewCustomer_DXDataRow0']/td[2]' in '30' second(s)

2021-10-21 14:31:38 - [MESSAGE][INFO] - Clicking on object: 'Object Repository/Olusturma/Genel/AliciBilgisi/Alici_Adi'

2021-10-21 14:31:38 - [MESSAGE][PASSED] - Object: 'Object Repository/Olusturma/Genel/AliciBilgisi/Alici_Adi' is clicked on

2021-10-21 14:31:38 - [MESSAGE][INFO] - Switching to default content

2021-10-21 14:31:38 - [TEST_STEP][PASSED] - click(findTestObject("Olusturma/Genel/AliciBilgisi/Tamam_Bosluk")): Switching to default content

2021-10-21 14:31:38 - [MESSAGE][INFO] - Finding Test Object 'Object Repository/Olusturma/Genel/AliciBilgisi/Tamam_Bosluk'

2021-10-21 14:31:38 - [MESSAGE][INFO] - Finding Test Object 'Object Repository/Olusturma/Genel/AliciBilgisi/Alici_Bilgisi'

2021-10-21 14:31:39 - [MESSAGE][INFO] - Checking object

2021-10-21 14:31:39 - [MESSAGE][INFO] - Object: 'Object Repository/Olusturma/Genel/AliciBilgisi/Tamam_Bosluk' has parent object(s)

2021-10-21 14:31:39 - [MESSAGE][INFO] - Switching to iframe: 'Object Repository/Olusturma/Genel/AliciBilgisi/Alici_Bilgisi'

2021-10-21 14:31:39 - [MESSAGE][INFO] - Finding web element from Test Object's properties

2021-10-21 14:31:39 - [MESSAGE][INFO] - Checking timeout

2021-10-21 14:31:39 - [MESSAGE][INFO] - Finding web element with id: 'Object Repository/Olusturma/Genel/AliciBilgisi/Alici_Bilgisi' located by 'By.xpath: //iframe[@id='customerselectiframe']' in '30' second(s)

2021-10-21 14:31:39 - [MESSAGE][INFO] - Smart Wait Function is triggered

2021-10-21 14:31:39 - [MESSAGE][INFO] - Found 1 web elements with id: 'Object Repository/Olusturma/Genel/AliciBilgisi/Alici_Bilgisi' located by 'By.xpath: //iframe[@id='customerselectiframe']' in '30' second(s)

2021-10-21 14:31:39 - [MESSAGE][INFO] - Switched to iframe: 'Object Repository/Olusturma/Genel/AliciBilgisi/Alici_Bilgisi'

2021-10-21 14:31:39 - [MESSAGE][INFO] - Finding web element from Test Object's properties

2021-10-21 14:31:39 - [MESSAGE][INFO] - Checking timeout

2021-10-21 14:31:39 - [MESSAGE][INFO] - Finding web element with id: 'Object Repository/Olusturma/Genel/AliciBilgisi/Tamam_Bosluk' located by 'By.xpath: (.//*[normalize-space(text()) and normalize-space(.)='Sayfa Boyutu:'])[1]/following::div[7]' in '30' second(s)

2021-10-21 14:31:39 - [MESSAGE][INFO] - Smart Wait Function is triggered

2021-10-21 14:31:39 - [MESSAGE][INFO] - Found 1 web elements with id: 'Object Repository/Olusturma/Genel/AliciBilgisi/Tamam_Bosluk' located by 'By.xpath: (.//*[normalize-space(text()) and normalize-space(.)='Sayfa Boyutu:'])[1]/following::div[7]' in '30' second(s)

2021-10-21 14:31:39 - [MESSAGE][INFO] - Clicking on object: 'Object Repository/Olusturma/Genel/AliciBilgisi/Tamam_Bosluk'

2021-10-21 14:31:39 - [MESSAGE][PASSED] - Object: 'Object Repository/Olusturma/Genel/AliciBilgisi/Tamam_Bosluk' is clicked on

2021-10-21 14:31:39 - [MESSAGE][INFO] - Switching to default content

2021-10-21 14:31:39 - [TEST_STEP][PASSED] - waitForElementClickable(findTestObject("Olusturma/Genel/AliciBilgisi/Tamam_Butonu"), 10): Switching to default content

2021-10-21 14:31:39 - [MESSAGE][INFO] - Finding Test Object 'Object Repository/Olusturma/Genel/AliciBilgisi/Tamam_Butonu'

2021-10-21 14:31:39 - [MESSAGE][INFO] - Finding Test Object 'Object Repository/Olusturma/Genel/AliciBilgisi/Alici_Bilgisi'

2021-10-21 14:31:39 - [MESSAGE][INFO] - Checking object

2021-10-21 14:31:39 - [MESSAGE][INFO] - Checking timeout

2021-10-21 14:31:39 - [MESSAGE][INFO] - Object: 'Object Repository/Olusturma/Genel/AliciBilgisi/Tamam_Butonu' has parent object(s)

2021-10-21 14:31:39 - [MESSAGE][INFO] - Switching to iframe: 'Object Repository/Olusturma/Genel/AliciBilgisi/Alici_Bilgisi'

2021-10-21 14:31:39 - [MESSAGE][INFO] - Finding web element from Test Object's properties

2021-10-21 14:31:39 - [MESSAGE][INFO] - Checking timeout

2021-10-21 14:31:39 - [MESSAGE][INFO] - Finding web element with id: 'Object Repository/Olusturma/Genel/AliciBilgisi/Alici_Bilgisi' located by 'By.xpath: //iframe[@id='customerselectiframe']' in '10' second(s)

2021-10-21 14:31:39 - [MESSAGE][INFO] - Smart Wait Function is triggered

2021-10-21 14:31:39 - [MESSAGE][INFO] - Found 1 web elements with id: 'Object Repository/Olusturma/Genel/AliciBilgisi/Alici_Bilgisi' located by 'By.xpath: //iframe[@id='customerselectiframe']' in '10' second(s)

2021-10-21 14:31:39 - [MESSAGE][INFO] - Switched to iframe: 'Object Repository/Olusturma/Genel/AliciBilgisi/Alici_Bilgisi'

2021-10-21 14:31:39 - [MESSAGE][INFO] - Finding web element from Test Object's properties

2021-10-21 14:31:39 - [MESSAGE][INFO] - Checking timeout

2021-10-21 14:31:39 - [MESSAGE][INFO] - Finding web element with id: 'Object Repository/Olusturma/Genel/AliciBilgisi/Tamam_Butonu' located by 'By.xpath: //div[@id='btnSelectCustomer_CD']/span' in '10' second(s)

2021-10-21 14:31:39 - [MESSAGE][INFO] - Smart Wait Function is triggered

2021-10-21 14:31:39 - [MESSAGE][INFO] - Found 1 web elements with id: 'Object Repository/Olusturma/Genel/AliciBilgisi/Tamam_Butonu' located by 'By.xpath: //div[@id='btnSelectCustomer_CD']/span' in '10' second(s)

2021-10-21 14:31:39 - [MESSAGE][PASSED] - Object 'Object Repository/Olusturma/Genel/AliciBilgisi/Tamam_Butonu' is clickable

2021-10-21 14:31:39 - [MESSAGE][INFO] - Switching to default content

2021-10-21 14:31:39 - [TEST_STEP][PASSED] - click(findTestObject("Olusturma/Genel/AliciBilgisi/Tamam_Butonu")): Switching to default content

2021-10-21 14:31:39 - [MESSAGE][INFO] - Finding Test Object 'Object Repository/Olusturma/Genel/AliciBilgisi/Tamam_Butonu'

2021-10-21 14:31:40 - [MESSAGE][INFO] - Finding Test Object 'Object Repository/Olusturma/Genel/AliciBilgisi/Alici_Bilgisi'

2021-10-21 14:31:40 - [MESSAGE][INFO] - Checking object

2021-10-21 14:31:40 - [MESSAGE][INFO] - Object: 'Object Repository/Olusturma/Genel/AliciBilgisi/Tamam_Butonu' has parent object(s)

2021-10-21 14:31:40 - [MESSAGE][INFO] - Switching to iframe: 'Object Repository/Olusturma/Genel/AliciBilgisi/Alici_Bilgisi'

2021-10-21 14:31:40 - [MESSAGE][INFO] - Finding web element from Test Object's properties

2021-10-21 14:31:40 - [MESSAGE][INFO] - Checking timeout

2021-10-21 14:31:40 - [MESSAGE][INFO] - Finding web element with id: 'Object Repository/Olusturma/Genel/AliciBilgisi/Alici_Bilgisi' located by 'By.xpath: //iframe[@id='customerselectiframe']' in '30' second(s)

2021-10-21 14:31:40 - [MESSAGE][INFO] - Smart Wait Function is triggered

2021-10-21 14:31:40 - [MESSAGE][INFO] - Found 1 web elements with id: 'Object Repository/Olusturma/Genel/AliciBilgisi/Alici_Bilgisi' located by 'By.xpath: //iframe[@id='customerselectiframe']' in '30' second(s)

2021-10-21 14:31:40 - [MESSAGE][INFO] - Switched to iframe: 'Object Repository/Olusturma/Genel/AliciBilgisi/Alici_Bilgisi'

2021-10-21 14:31:40 - [MESSAGE][INFO] - Finding web element from Test Object's properties

2021-10-21 14:31:40 - [MESSAGE][INFO] - Checking timeout

2021-10-21 14:31:40 - [MESSAGE][INFO] - Finding web element with id: 'Object Repository/Olusturma/Genel/AliciBilgisi/Tamam_Butonu' located by 'By.xpath: //div[@id='btnSelectCustomer_CD']/span' in '30' second(s)

2021-10-21 14:31:40 - [MESSAGE][INFO] - Smart Wait Function is triggered

2021-10-21 14:31:40 - [MESSAGE][INFO] - Found 1 web elements with id: 'Object Repository/Olusturma/Genel/AliciBilgisi/Tamam_Butonu' located by 'By.xpath: //div[@id='btnSelectCustomer_CD']/span' in '30' second(s)

2021-10-21 14:31:40 - [MESSAGE][INFO] - Clicking on object: 'Object Repository/Olusturma/Genel/AliciBilgisi/Tamam_Butonu'

2021-10-21 14:31:40 - [MESSAGE][PASSED] - Object: 'Object Repository/Olusturma/Genel/AliciBilgisi/Tamam_Butonu' is clicked on

2021-10-21 14:31:40 - [MESSAGE][INFO] - Switching to default content

2021-10-21 14:31:40 - [TEST_STEP][PASSED] - waitForElementPresent(findTestObject("Olusturma/Genel/AliciBilgisi/VKN-TCKN"), 10): Object 'Object Repository/Olusturma/Genel/AliciBilgisi/VKN-TCKN' is present

2021-10-21 14:31:40 - [MESSAGE][INFO] - Finding Test Object 'Object Repository/Olusturma/Genel/AliciBilgisi/VKN-TCKN'

2021-10-21 14:31:40 - [MESSAGE][INFO] - Checking object

2021-10-21 14:31:40 - [MESSAGE][INFO] - Finding web element from Test Object's properties

2021-10-21 14:31:40 - [MESSAGE][INFO] - Checking timeout

2021-10-21 14:31:40 - [MESSAGE][INFO] - Finding web element with id: 'Object Repository/Olusturma/Genel/AliciBilgisi/VKN-TCKN' located by 'By.xpath: //*[@id = 'txtVknTckn_I']' in '10' second(s)

2021-10-21 14:31:40 - [MESSAGE][INFO] - Smart Wait Function is triggered

2021-10-21 14:31:41 - [MESSAGE][INFO] - Found 1 web elements with id: 'Object Repository/Olusturma/Genel/AliciBilgisi/VKN-TCKN' located by 'By.xpath: //*[@id = 'txtVknTckn_I']' in '10' second(s)

2021-10-21 14:31:41 - [MESSAGE][PASSED] - Object 'Object Repository/Olusturma/Genel/AliciBilgisi/VKN-TCKN' is present

2021-10-21 14:31:41 - [TEST_STEP][PASSED] - text = getAttribute(findTestObject("Olusturma/Genel/AliciBilgisi/VKN-TCKN"), "value"): Attribute 'value' of object 'Object Repository/Olusturma/Genel/AliciBilgisi/VKN-TCKN' is: '5328419252'

2021-10-21 14:31:41 - [MESSAGE][INFO] - Finding Test Object 'Object Repository/Olusturma/Genel/AliciBilgisi/VKN-TCKN'

2021-10-21 14:31:41 - [MESSAGE][INFO] - Checking object

2021-10-21 14:31:41 - [MESSAGE][INFO] - Checking attribute

2021-10-21 14:31:41 - [MESSAGE][INFO] - Finding web element from Test Object's properties

2021-10-21 14:31:41 - [MESSAGE][INFO] - Checking timeout

2021-10-21 14:31:41 - [MESSAGE][INFO] - Finding web element with id: 'Object Repository/Olusturma/Genel/AliciBilgisi/VKN-TCKN' located by 'By.xpath: //*[@id = 'txtVknTckn_I']' in '30' second(s)

2021-10-21 14:31:41 - [MESSAGE][INFO] - Smart Wait Function is triggered

2021-10-21 14:31:41 - [MESSAGE][INFO] - Found 1 web elements with id: 'Object Repository/Olusturma/Genel/AliciBilgisi/VKN-TCKN' located by 'By.xpath: //*[@id = 'txtVknTckn_I']' in '30' second(s)

2021-10-21 14:31:41 - [MESSAGE][INFO] - Getting attribute 'value' of object 'Object Repository/Olusturma/Genel/AliciBilgisi/VKN-TCKN'

2021-10-21 14:31:41 - [MESSAGE][PASSED] - Attribute 'value' of object 'Object Repository/Olusturma/Genel/AliciBilgisi/VKN-TCKN' is: '5328419252'

2021-10-21 14:31:41 - [TEST_STEP][PASSED] - if (text.equals("")): null

2021-10-21 14:31:41 - [MESSAGE][PASSED] - Call Test Case 'Test Cases/Olusturma/Genel/AliciSecilir' successfully

2021-10-21 14:31:41 - [MESSAGE][INFO] - Checking called Test Case

2021-10-21 14:31:41 - [MESSAGE][INFO] - Starting to call Test Case 'Test Cases/Olusturma/Genel/GonderimSekliSecilir'

2021-10-21 14:31:41 - [TEST_CASE][PASSED] - Test Cases/Olusturma/Genel/GonderimSekliSecilir: Test Cases/Olusturma/Genel/GonderimSekliSecilir

2021-10-21 14:31:41 - [TEST_STEP][PASSED] - waitForElementClickable(findTestObject("Object Repository/Olusturma/Genel/GonderimSekli/GonderimSekli"), 10): Object 'Object Repository/Olusturma/Genel/GonderimSekli/GonderimSekli' is clickable

2021-10-21 14:31:41 - [MESSAGE][INFO] - Finding Test Object 'Object Repository/Olusturma/Genel/GonderimSekli/GonderimSekli'

2021-10-21 14:31:41 - [MESSAGE][INFO] - Checking object

2021-10-21 14:31:41 - [MESSAGE][INFO] - Checking timeout

2021-10-21 14:31:41 - [MESSAGE][INFO] - Finding web element from Test Object's properties

2021-10-21 14:31:41 - [MESSAGE][INFO] - Checking timeout

2021-10-21 14:31:41 - [MESSAGE][INFO] - Finding web element with id: 'Object Repository/Olusturma/Genel/GonderimSekli/GonderimSekli' located by 'By.xpath: //*[@id = 'txtGonderimSekil_I']' in '10' second(s)

2021-10-21 14:31:41 - [MESSAGE][INFO] - Smart Wait Function is triggered

2021-10-21 14:31:41 - [MESSAGE][INFO] - Found 1 web elements with id: 'Object Repository/Olusturma/Genel/GonderimSekli/GonderimSekli' located by 'By.xpath: //*[@id = 'txtGonderimSekil_I']' in '10' second(s)

2021-10-21 14:31:41 - [MESSAGE][PASSED] - Object 'Object Repository/Olusturma/Genel/GonderimSekli/GonderimSekli' is clickable

2021-10-21 14:31:41 - [TEST_STEP][PASSED] - click(findTestObject("Object Repository/Olusturma/Genel/GonderimSekli/GonderimSekli")): Object: 'Object Repository/Olusturma/Genel/GonderimSekli/GonderimSekli' is clicked on

2021-10-21 14:31:41 - [MESSAGE][INFO] - Finding Test Object 'Object Repository/Olusturma/Genel/GonderimSekli/GonderimSekli'

2021-10-21 14:31:41 - [MESSAGE][INFO] - Checking object

2021-10-21 14:31:41 - [MESSAGE][INFO] - Finding web element from Test Object's properties

2021-10-21 14:31:41 - [MESSAGE][INFO] - Checking timeout

2021-10-21 14:31:41 - [MESSAGE][INFO] - Finding web element with id: 'Object Repository/Olusturma/Genel/GonderimSekli/GonderimSekli' located by 'By.xpath: //*[@id = 'txtGonderimSekil_I']' in '30' second(s)

2021-10-21 14:31:41 - [MESSAGE][INFO] - Smart Wait Function is triggered

2021-10-21 14:31:42 - [MESSAGE][INFO] - Found 1 web elements with id: 'Object Repository/Olusturma/Genel/GonderimSekli/GonderimSekli' located by 'By.xpath: //*[@id = 'txtGonderimSekil_I']' in '30' second(s)

2021-10-21 14:31:42 - [MESSAGE][INFO] - Clicking on object: 'Object Repository/Olusturma/Genel/GonderimSekli/GonderimSekli'

2021-10-21 14:31:42 - [MESSAGE][PASSED] - Object: 'Object Repository/Olusturma/Genel/GonderimSekli/GonderimSekli' is clicked on

2021-10-21 14:31:42 - [TEST_STEP][PASSED] - Method.TextDegerineEsitElementeTikla(findTestObject("Object Repository/Olusturma/Genel/GonderimSekli/GonderimSekliAdi"), GonderimSekli): Method.TextDegerineEsitElementeTikla is PASSED

2021-10-21 14:31:42 - [MESSAGE][INFO] - Finding Test Object 'Object Repository/Olusturma/Genel/GonderimSekli/GonderimSekliAdi'

2021-10-21 14:31:42 - [MESSAGE][INFO] - Checking timeout

2021-10-21 14:31:42 - [MESSAGE][INFO] - Finding web element with id: 'Object Repository/Olusturma/Genel/GonderimSekli/GonderimSekliAdi' located by 'By.cssSelector: #txtGonderimSekil_DDD_L_LBT td' in '10' second(s)

2021-10-21 14:31:42 - [MESSAGE][INFO] - Smart Wait Function is triggered

2021-10-21 14:31:42 - [MESSAGE][INFO] - Found 2 web elements with id: 'Object Repository/Olusturma/Genel/GonderimSekli/GonderimSekliAdi' located by 'By.cssSelector: #txtGonderimSekil_DDD_L_LBT td' in '10' second(s)

2021-10-21 14:31:42 - [MESSAGE][PASSED] - Method.TextDegerineEsitElementeTikla is PASSED

2021-10-21 14:31:42 - [MESSAGE][PASSED] - Call Test Case 'Test Cases/Olusturma/Genel/GonderimSekliSecilir' successfully

2021-10-21 14:31:42 - [MESSAGE][INFO] - Checking called Test Case

2021-10-21 14:31:42 - [MESSAGE][INFO] - Starting to call Test Case 'Test Cases/Olusturma/Genel/TipSecilir'

2021-10-21 14:31:42 - [TEST_CASE][PASSED] - Test Cases/Olusturma/Genel/TipSecilir: Test Cases/Olusturma/Genel/TipSecilir

2021-10-21 14:31:42 - [TEST_STEP][PASSED] - waitForElementClickable(findTestObject("Olusturma/Genel/TipSecilir/Tip"), 10): Object 'Object Repository/Olusturma/Genel/TipSecilir/Tip' is clickable

2021-10-21 14:31:42 - [MESSAGE][INFO] - Finding Test Object 'Object Repository/Olusturma/Genel/TipSecilir/Tip'

2021-10-21 14:31:42 - [MESSAGE][INFO] - Checking object

2021-10-21 14:31:42 - [MESSAGE][INFO] - Checking timeout

2021-10-21 14:31:42 - [MESSAGE][INFO] - Finding web element from Test Object's properties

2021-10-21 14:31:42 - [MESSAGE][INFO] - Checking timeout

2021-10-21 14:31:42 - [MESSAGE][INFO] - Finding web element with id: 'Object Repository/Olusturma/Genel/TipSecilir/Tip' located by 'By.xpath: //*[@id = 'DocumentTypeCode_I']' in '10' second(s)

2021-10-21 14:31:42 - [MESSAGE][INFO] - Smart Wait Function is triggered

2021-10-21 14:31:43 - [MESSAGE][INFO] - Found 1 web elements with id: 'Object Repository/Olusturma/Genel/TipSecilir/Tip' located by 'By.xpath: //*[@id = 'DocumentTypeCode_I']' in '10' second(s)

2021-10-21 14:31:43 - [MESSAGE][PASSED] - Object 'Object Repository/Olusturma/Genel/TipSecilir/Tip' is clickable

2021-10-21 14:31:43 - [TEST_STEP][PASSED] - click(findTestObject("Olusturma/Genel/TipSecilir/Tip")): Object: 'Object Repository/Olusturma/Genel/TipSecilir/Tip' is clicked on

2021-10-21 14:31:43 - [MESSAGE][INFO] - Finding Test Object 'Object Repository/Olusturma/Genel/TipSecilir/Tip'

2021-10-21 14:31:43 - [MESSAGE][INFO] - Checking object

2021-10-21 14:31:43 - [MESSAGE][INFO] - Finding web element from Test Object's properties

2021-10-21 14:31:43 - [MESSAGE][INFO] - Checking timeout

2021-10-21 14:31:43 - [MESSAGE][INFO] - Finding web element with id: 'Object Repository/Olusturma/Genel/TipSecilir/Tip' located by 'By.xpath: //*[@id = 'DocumentTypeCode_I']' in '30' second(s)

2021-10-21 14:31:43 - [MESSAGE][INFO] - Smart Wait Function is triggered

2021-10-21 14:31:43 - [MESSAGE][INFO] - Found 1 web elements with id: 'Object Repository/Olusturma/Genel/TipSecilir/Tip' located by 'By.xpath: //*[@id = 'DocumentTypeCode_I']' in '30' second(s)

2021-10-21 14:31:43 - [MESSAGE][INFO] - Clicking on object: 'Object Repository/Olusturma/Genel/TipSecilir/Tip'

2021-10-21 14:31:43 - [MESSAGE][PASSED] - Object: 'Object Repository/Olusturma/Genel/TipSecilir/Tip' is clicked on

2021-10-21 14:31:43 - [TEST_STEP][PASSED] - Method.TextDegerineEsitElementeTikla(findTestObject("Object Repository/Olusturma/Genel/TipSecilir/Tip_Adi"), Tip): Method.TextDegerineEsitElementeTikla is PASSED

2021-10-21 14:31:43 - [MESSAGE][INFO] - Finding Test Object 'Object Repository/Olusturma/Genel/TipSecilir/Tip_Adi'

2021-10-21 14:31:43 - [MESSAGE][INFO] - Checking timeout

2021-10-21 14:31:43 - [MESSAGE][INFO] - Finding web element with id: 'Object Repository/Olusturma/Genel/TipSecilir/Tip_Adi' located by 'By.cssSelector: #DocumentTypeCode_DDD_L_LBT td' in '10' second(s)

2021-10-21 14:31:43 - [MESSAGE][INFO] - Smart Wait Function is triggered

2021-10-21 14:31:44 - [MESSAGE][INFO] - Found 9 web elements with id: 'Object Repository/Olusturma/Genel/TipSecilir/Tip_Adi' located by 'By.cssSelector: #DocumentTypeCode_DDD_L_LBT td' in '10' second(s)

2021-10-21 14:31:44 - [MESSAGE][PASSED] - Method.TextDegerineEsitElementeTikla is PASSED

2021-10-21 14:31:44 - [MESSAGE][PASSED] - Call Test Case 'Test Cases/Olusturma/Genel/TipSecilir' successfully

2021-10-21 14:31:44 - [MESSAGE][INFO] - Checking called Test Case

2021-10-21 14:31:44 - [MESSAGE][INFO] - Starting to call Test Case 'Test Cases/Olusturma/Genel/DokumanParaBirimiSecilir'

2021-10-21 14:31:44 - [TEST_CASE][PASSED] - Test Cases/Olusturma/Genel/DokumanParaBirimiSecilir: Test Cases/Olusturma/Genel/DokumanParaBirimiSecilir

2021-10-21 14:31:44 - [TEST_STEP][PASSED] - waitForElementClickable(findTestObject("Object Repository/Olusturma/Genel/DokumanParaBirimiSecilir/Para"), 10): Object 'Object Repository/Olusturma/Genel/DokumanParaBirimiSecilir/Para' is clickable

2021-10-21 14:31:44 - [MESSAGE][INFO] - Finding Test Object 'Object Repository/Olusturma/Genel/DokumanParaBirimiSecilir/Para'

2021-10-21 14:31:44 - [MESSAGE][INFO] - Checking object

2021-10-21 14:31:44 - [MESSAGE][INFO] - Checking timeout

2021-10-21 14:31:44 - [MESSAGE][INFO] - Finding web element from Test Object's properties

2021-10-21 14:31:44 - [MESSAGE][INFO] - Checking timeout

2021-10-21 14:31:44 - [MESSAGE][INFO] - Finding web element with id: 'Object Repository/Olusturma/Genel/DokumanParaBirimiSecilir/Para' located by 'By.xpath: //*[@id = 'CurrencyUnit_I']' in '10' second(s)

2021-10-21 14:31:44 - [MESSAGE][INFO] - Smart Wait Function is triggered

2021-10-21 14:31:45 - [MESSAGE][INFO] - Found 1 web elements with id: 'Object Repository/Olusturma/Genel/DokumanParaBirimiSecilir/Para' located by 'By.xpath: //*[@id = 'CurrencyUnit_I']' in '10' second(s)

2021-10-21 14:31:45 - [MESSAGE][PASSED] - Object 'Object Repository/Olusturma/Genel/DokumanParaBirimiSecilir/Para' is clickable

2021-10-21 14:31:45 - [TEST_STEP][PASSED] - click(findTestObject("Object Repository/Olusturma/Genel/DokumanParaBirimiSecilir/Para")): Object: 'Object Repository/Olusturma/Genel/DokumanParaBirimiSecilir/Para' is clicked on

2021-10-21 14:31:45 - [MESSAGE][INFO] - Finding Test Object 'Object Repository/Olusturma/Genel/DokumanParaBirimiSecilir/Para'

2021-10-21 14:31:45 - [MESSAGE][INFO] - Checking object

2021-10-21 14:31:45 - [MESSAGE][INFO] - Finding web element from Test Object's properties

2021-10-21 14:31:45 - [MESSAGE][INFO] - Checking timeout

2021-10-21 14:31:45 - [MESSAGE][INFO] - Finding web element with id: 'Object Repository/Olusturma/Genel/DokumanParaBirimiSecilir/Para' located by 'By.xpath: //*[@id = 'CurrencyUnit_I']' in '30' second(s)

2021-10-21 14:31:45 - [MESSAGE][INFO] - Smart Wait Function is triggered

2021-10-21 14:31:46 - [MESSAGE][INFO] - Found 1 web elements with id: 'Object Repository/Olusturma/Genel/DokumanParaBirimiSecilir/Para' located by 'By.xpath: //*[@id = 'CurrencyUnit_I']' in '30' second(s)

2021-10-21 14:31:46 - [MESSAGE][INFO] - Clicking on object: 'Object Repository/Olusturma/Genel/DokumanParaBirimiSecilir/Para'

2021-10-21 14:31:46 - [MESSAGE][PASSED] - Object: 'Object Repository/Olusturma/Genel/DokumanParaBirimiSecilir/Para' is clicked on

2021-10-21 14:31:46 - [TEST_STEP][PASSED] - Method.TextDegerineEsitElementeTikla(findTestObject("Object Repository/Olusturma/Genel/DokumanParaBirimiSecilir/Para_Adi"), Para): Method.TextDegerineEsitElementeTikla is PASSED

2021-10-21 14:31:46 - [MESSAGE][INFO] - Finding Test Object 'Object Repository/Olusturma/Genel/DokumanParaBirimiSecilir/Para_Adi'

2021-10-21 14:31:46 - [MESSAGE][INFO] - Checking timeout

2021-10-21 14:31:46 - [MESSAGE][INFO] - Finding web element with id: 'Object Repository/Olusturma/Genel/DokumanParaBirimiSecilir/Para_Adi' located by 'By.cssSelector: #CurrencyUnit_DDD_L_LBT td' in '10' second(s)

2021-10-21 14:31:46 - [MESSAGE][INFO] - Smart Wait Function is triggered

2021-10-21 14:31:46 - [MESSAGE][INFO] - Found 203 web elements with id: 'Object Repository/Olusturma/Genel/DokumanParaBirimiSecilir/Para_Adi' located by 'By.cssSelector: #CurrencyUnit_DDD_L_LBT td' in '10' second(s)

2021-10-21 14:31:51 - [MESSAGE][PASSED] - Method.TextDegerineEsitElementeTikla is PASSED

2021-10-21 14:31:51 - [MESSAGE][PASSED] - Call Test Case 'Test Cases/Olusturma/Genel/DokumanParaBirimiSecilir' successfully

2021-10-21 14:31:51 - [MESSAGE][INFO] - Checking called Test Case

2021-10-21 14:31:51 - [MESSAGE][INFO] - Starting to call Test Case 'Test Cases/Olusturma/Genel/OnEkSecilir'

2021-10-21 14:31:51 - [TEST_CASE][PASSED] - Test Cases/Olusturma/Genel/OnEkSecilir: Test Cases/Olusturma/Genel/OnEkSecilir

2021-10-21 14:31:51 - [TEST_STEP][PASSED] - waitForElementClickable(findTestObject("Object Repository/Olusturma/Genel/OnEkSecilir/OnEk"), 10): Object 'Object Repository/Olusturma/Genel/OnEkSecilir/OnEk' is clickable

2021-10-21 14:31:51 - [MESSAGE][INFO] - Finding Test Object 'Object Repository/Olusturma/Genel/OnEkSecilir/OnEk'

2021-10-21 14:31:51 - [MESSAGE][INFO] - Checking object

2021-10-21 14:31:51 - [MESSAGE][INFO] - Checking timeout

2021-10-21 14:31:51 - [MESSAGE][INFO] - Finding web element from Test Object's properties

2021-10-21 14:31:51 - [MESSAGE][INFO] - Checking timeout

2021-10-21 14:31:51 - [MESSAGE][INFO] - Finding web element with id: 'Object Repository/Olusturma/Genel/OnEkSecilir/OnEk' located by 'By.xpath: //*[@id = 'InvoicePrefix_I']' in '10' second(s)

2021-10-21 14:31:51 - [MESSAGE][INFO] - Smart Wait Function is triggered

2021-10-21 14:31:51 - [MESSAGE][INFO] - Found 1 web elements with id: 'Object Repository/Olusturma/Genel/OnEkSecilir/OnEk' located by 'By.xpath: //*[@id = 'InvoicePrefix_I']' in '10' second(s)

2021-10-21 14:31:51 - [MESSAGE][PASSED] - Object 'Object Repository/Olusturma/Genel/OnEkSecilir/OnEk' is clickable

2021-10-21 14:31:51 - [TEST_STEP][PASSED] - click(findTestObject("Object Repository/Olusturma/Genel/OnEkSecilir/OnEk")): Object: 'Object Repository/Olusturma/Genel/OnEkSecilir/OnEk' is clicked on

2021-10-21 14:31:51 - [MESSAGE][INFO] - Finding Test Object 'Object Repository/Olusturma/Genel/OnEkSecilir/OnEk'

2021-10-21 14:31:52 - [MESSAGE][INFO] - Checking object

2021-10-21 14:31:52 - [MESSAGE][INFO] - Finding web element from Test Object's properties

2021-10-21 14:31:52 - [MESSAGE][INFO] - Checking timeout

2021-10-21 14:31:52 - [MESSAGE][INFO] - Finding web element with id: 'Object Repository/Olusturma/Genel/OnEkSecilir/OnEk' located by 'By.xpath: //*[@id = 'InvoicePrefix_I']' in '30' second(s)

2021-10-21 14:31:52 - [MESSAGE][INFO] - Smart Wait Function is triggered

2021-10-21 14:31:52 - [MESSAGE][INFO] - Found 1 web elements with id: 'Object Repository/Olusturma/Genel/OnEkSecilir/OnEk' located by 'By.xpath: //*[@id = 'InvoicePrefix_I']' in '30' second(s)

2021-10-21 14:31:52 - [MESSAGE][INFO] - Clicking on object: 'Object Repository/Olusturma/Genel/OnEkSecilir/OnEk'

2021-10-21 14:31:52 - [MESSAGE][PASSED] - Object: 'Object Repository/Olusturma/Genel/OnEkSecilir/OnEk' is clicked on

2021-10-21 14:31:52 - [TEST_STEP][PASSED] - Method.TextDegerineEsitElementeTiklaEquals(findTestObject("Object Repository/Olusturma/Genel/OnEkSecilir/OnEkAdi"), Ek): Method.TextDegerineEsitElementeTiklaEquals is PASSED

2021-10-21 14:31:52 - [MESSAGE][INFO] - Finding Test Object 'Object Repository/Olusturma/Genel/OnEkSecilir/OnEkAdi'

2021-10-21 14:31:52 - [MESSAGE][INFO] - Checking timeout

2021-10-21 14:31:52 - [MESSAGE][INFO] - Finding web element with id: 'Object Repository/Olusturma/Genel/OnEkSecilir/OnEkAdi' located by 'By.cssSelector: #InvoicePrefix_DDD_L_LBT td' in '10' second(s)

2021-10-21 14:31:52 - [MESSAGE][INFO] - Smart Wait Function is triggered

2021-10-21 14:31:52 - [MESSAGE][INFO] - Found 1 web elements with id: 'Object Repository/Olusturma/Genel/OnEkSecilir/OnEkAdi' located by 'By.cssSelector: #InvoicePrefix_DDD_L_LBT td' in '10' second(s)

2021-10-21 14:31:53 - [MESSAGE][PASSED] - Method.TextDegerineEsitElementeTiklaEquals is PASSED

2021-10-21 14:31:53 - [MESSAGE][PASSED] - Call Test Case 'Test Cases/Olusturma/Genel/OnEkSecilir' successfully

2021-10-21 14:31:53 - [MESSAGE][INFO] - Checking called Test Case

2021-10-21 14:31:53 - [MESSAGE][INFO] - Starting to call Test Case 'Test Cases/Olusturma/Genel/TasarimSecilir'

2021-10-21 14:31:53 - [TEST_CASE][PASSED] - Test Cases/Olusturma/Genel/TasarimSecilir: Test Cases/Olusturma/Genel/TasarimSecilir

2021-10-21 14:31:53 - [TEST_STEP][PASSED] - waitForElementClickable(findTestObject("Object Repository/Olusturma/Genel/TasarimSecilir/Tasarim"), 10): Object 'Object Repository/Olusturma/Genel/TasarimSecilir/Tasarim' is clickable

2021-10-21 14:31:53 - [MESSAGE][INFO] - Finding Test Object 'Object Repository/Olusturma/Genel/TasarimSecilir/Tasarim'

2021-10-21 14:31:53 - [MESSAGE][INFO] - Checking object

2021-10-21 14:31:53 - [MESSAGE][INFO] - Checking timeout

2021-10-21 14:31:53 - [MESSAGE][INFO] - Finding web element from Test Object's properties

2021-10-21 14:31:53 - [MESSAGE][INFO] - Checking timeout

2021-10-21 14:31:53 - [MESSAGE][INFO] - Finding web element with id: 'Object Repository/Olusturma/Genel/TasarimSecilir/Tasarim' located by 'By.xpath: //*[@id = 'DesignId_I']' in '10' second(s)

2021-10-21 14:31:53 - [MESSAGE][INFO] - Smart Wait Function is triggered

2021-10-21 14:31:53 - [MESSAGE][INFO] - Found 1 web elements with id: 'Object Repository/Olusturma/Genel/TasarimSecilir/Tasarim' located by 'By.xpath: //*[@id = 'DesignId_I']' in '10' second(s)

2021-10-21 14:31:53 - [MESSAGE][PASSED] - Object 'Object Repository/Olusturma/Genel/TasarimSecilir/Tasarim' is clickable

2021-10-21 14:31:53 - [TEST_STEP][PASSED] - click(findTestObject("Object Repository/Olusturma/Genel/TasarimSecilir/Tasarim")): Object: 'Object Repository/Olusturma/Genel/TasarimSecilir/Tasarim' is clicked on

2021-10-21 14:31:53 - [MESSAGE][INFO] - Finding Test Object 'Object Repository/Olusturma/Genel/TasarimSecilir/Tasarim'

2021-10-21 14:31:53 - [MESSAGE][INFO] - Checking object

2021-10-21 14:31:53 - [MESSAGE][INFO] - Finding web element from Test Object's properties

2021-10-21 14:31:53 - [MESSAGE][INFO] - Checking timeout

2021-10-21 14:31:53 - [MESSAGE][INFO] - Finding web element with id: 'Object Repository/Olusturma/Genel/TasarimSecilir/Tasarim' located by 'By.xpath: //*[@id = 'DesignId_I']' in '30' second(s)

2021-10-21 14:31:53 - [MESSAGE][INFO] - Smart Wait Function is triggered

2021-10-21 14:31:53 - [MESSAGE][INFO] - Found 1 web elements with id: 'Object Repository/Olusturma/Genel/TasarimSecilir/Tasarim' located by 'By.xpath: //*[@id = 'DesignId_I']' in '30' second(s)

2021-10-21 14:31:53 - [MESSAGE][INFO] - Clicking on object: 'Object Repository/Olusturma/Genel/TasarimSecilir/Tasarim'

2021-10-21 14:31:54 - [MESSAGE][PASSED] - Object: 'Object Repository/Olusturma/Genel/TasarimSecilir/Tasarim' is clicked on

2021-10-21 14:31:54 - [TEST_STEP][PASSED] - Method.TextDegerineEsitElementeTikla(findTestObject("Object Repository/Olusturma/Genel/TasarimSecilir/Tasarim_Adi"), Tasarim): Method.TextDegerineEsitElementeTikla is PASSED

2021-10-21 14:31:54 - [MESSAGE][INFO] - Finding Test Object 'Object Repository/Olusturma/Genel/TasarimSecilir/Tasarim_Adi'

2021-10-21 14:31:54 - [MESSAGE][INFO] - Checking timeout

2021-10-21 14:31:54 - [MESSAGE][INFO] - Finding web element with id: 'Object Repository/Olusturma/Genel/TasarimSecilir/Tasarim_Adi' located by 'By.cssSelector: #DesignId_DDD_L_LBT td' in '10' second(s)

2021-10-21 14:31:54 - [MESSAGE][INFO] - Smart Wait Function is triggered

2021-10-21 14:31:54 - [MESSAGE][INFO] - Found 1 web elements with id: 'Object Repository/Olusturma/Genel/TasarimSecilir/Tasarim_Adi' located by 'By.cssSelector: #DesignId_DDD_L_LBT td' in '10' second(s)

2021-10-21 14:31:54 - [MESSAGE][PASSED] - Method.TextDegerineEsitElementeTikla is PASSED

2021-10-21 14:31:54 - [MESSAGE][PASSED] - Call Test Case 'Test Cases/Olusturma/Genel/TasarimSecilir' successfully

2021-10-21 14:31:54 - [MESSAGE][INFO] - Checking called Test Case

2021-10-21 14:31:54 - [MESSAGE][INFO] - Starting to call Test Case 'Test Cases/Olusturma/Genel/Kutular/SiparisBilgileriGirilir'

2021-10-21 14:31:54 - [TEST_CASE][PASSED] - Test Cases/Olusturma/Genel/Kutular/SiparisBilgileriGirilir: Test Cases/Olusturma/Genel/Kutular/SiparisBilgileriGirilir

2021-10-21 14:31:54 - [TEST_STEP][PASSED] - Method.TextDegerineEsitElementeTikla(findTestObject("Olusturma/Genel/Kutular/KapaliKutular"), "Sipariş Bilgileri"): Method.TextDegerineEsitElementeTikla is PASSED

2021-10-21 14:31:54 - [MESSAGE][INFO] - Finding Test Object 'Object Repository/Olusturma/Genel/Kutular/KapaliKutular'

2021-10-21 14:31:54 - [MESSAGE][INFO] - Checking timeout

2021-10-21 14:31:54 - [MESSAGE][INFO] - Finding web element with id: 'Object Repository/Olusturma/Genel/Kutular/KapaliKutular' located by 'By.cssSelector: .dxnb-headerCollapsed>span' in '10' second(s)

2021-10-21 14:31:54 - [MESSAGE][INFO] - Smart Wait Function is triggered

2021-10-21 14:31:55 - [MESSAGE][INFO] - Found 8 web elements with id: 'Object Repository/Olusturma/Genel/Kutular/KapaliKutular' located by 'By.cssSelector: .dxnb-headerCollapsed>span' in '10' second(s)

2021-10-21 14:31:55 - [MESSAGE][PASSED] - Method.TextDegerineEsitElementeTikla is PASSED

2021-10-21 14:31:55 - [TEST_STEP][PASSED] - waitForElementPresent(findTestObject("Object Repository/Olusturma/Genel/Kutular/SiparisBilgileri/SiparisNo"), 10): Object 'Object Repository/Olusturma/Genel/Kutular/SiparisBilgileri/SiparisNo' is present

2021-10-21 14:31:55 - [MESSAGE][INFO] - Finding Test Object 'Object Repository/Olusturma/Genel/Kutular/SiparisBilgileri/SiparisNo'

2021-10-21 14:31:55 - [MESSAGE][INFO] - Checking object

2021-10-21 14:31:55 - [MESSAGE][INFO] - Finding web element from Test Object's properties

2021-10-21 14:31:55 - [MESSAGE][INFO] - Checking timeout

2021-10-21 14:31:55 - [MESSAGE][INFO] - Finding web element with id: 'Object Repository/Olusturma/Genel/Kutular/SiparisBilgileri/SiparisNo' located by 'By.xpath: //*[@id = 'txtSiparisNo_I']' in '10' second(s)

2021-10-21 14:31:55 - [MESSAGE][INFO] - Smart Wait Function is triggered

2021-10-21 14:31:55 - [MESSAGE][INFO] - Found 1 web elements with id: 'Object Repository/Olusturma/Genel/Kutular/SiparisBilgileri/SiparisNo' located by 'By.xpath: //*[@id = 'txtSiparisNo_I']' in '10' second(s)

2021-10-21 14:31:55 - [MESSAGE][PASSED] - Object 'Object Repository/Olusturma/Genel/Kutular/SiparisBilgileri/SiparisNo' is present

2021-10-21 14:31:55 - [TEST_STEP][PASSED] - clearText(findTestObject("Object Repository/Olusturma/Genel/Kutular/SiparisBilgileri/SiparisNo")): Text of object 'Object Repository/Olusturma/Genel/Kutular/SiparisBilgileri/SiparisNo' is cleared

2021-10-21 14:31:55 - [MESSAGE][INFO] - Finding Test Object 'Object Repository/Olusturma/Genel/Kutular/SiparisBilgileri/SiparisNo'

2021-10-21 14:31:55 - [MESSAGE][INFO] - Checking object

2021-10-21 14:31:55 - [MESSAGE][INFO] - Finding web element from Test Object's properties

2021-10-21 14:31:55 - [MESSAGE][INFO] - Checking timeout

2021-10-21 14:31:55 - [MESSAGE][INFO] - Finding web element with id: 'Object Repository/Olusturma/Genel/Kutular/SiparisBilgileri/SiparisNo' located by 'By.xpath: //*[@id = 'txtSiparisNo_I']' in '30' second(s)

2021-10-21 14:31:55 - [MESSAGE][INFO] - Smart Wait Function is triggered

2021-10-21 14:31:55 - [MESSAGE][INFO] - Found 1 web elements with id: 'Object Repository/Olusturma/Genel/Kutular/SiparisBilgileri/SiparisNo' located by 'By.xpath: //*[@id = 'txtSiparisNo_I']' in '30' second(s)

2021-10-21 14:31:55 - [MESSAGE][INFO] - Clearing text of object 'Object Repository/Olusturma/Genel/Kutular/SiparisBilgileri/SiparisNo'

2021-10-21 14:31:56 - [MESSAGE][PASSED] - Text of object 'Object Repository/Olusturma/Genel/Kutular/SiparisBilgileri/SiparisNo' is cleared

2021-10-21 14:31:56 - [TEST_STEP][PASSED] - sendKeys(findTestObject("Object Repository/Olusturma/Genel/Kutular/SiparisBilgileri/SiparisNo"), SiparisNo): Keys 'UUC-SAT-1200001' sent to object: 'Object Repository/Olusturma/Genel/Kutular/SiparisBilgileri/SiparisNo'

2021-10-21 14:31:56 - [MESSAGE][INFO] - Finding Test Object 'Object Repository/Olusturma/Genel/Kutular/SiparisBilgileri/SiparisNo'

2021-10-21 14:31:56 - [MESSAGE][INFO] - Sending keys 'UUC-SAT-1200001' to object: 'Object Repository/Olusturma/Genel/Kutular/SiparisBilgileri/SiparisNo'

2021-10-21 14:31:56 - [MESSAGE][INFO] - Finding web element from Test Object's properties

2021-10-21 14:31:56 - [MESSAGE][INFO] - Checking timeout

2021-10-21 14:31:56 - [MESSAGE][INFO] - Finding web element with id: 'Object Repository/Olusturma/Genel/Kutular/SiparisBilgileri/SiparisNo' located by 'By.xpath: //*[@id = 'txtSiparisNo_I']' in '30' second(s)

2021-10-21 14:31:56 - [MESSAGE][INFO] - Smart Wait Function is triggered

2021-10-21 14:31:56 - [MESSAGE][INFO] - Found 1 web elements with id: 'Object Repository/Olusturma/Genel/Kutular/SiparisBilgileri/SiparisNo' located by 'By.xpath: //*[@id = 'txtSiparisNo_I']' in '30' second(s)

2021-10-21 14:31:57 - [MESSAGE][PASSED] - Keys 'UUC-SAT-1200001' sent to object: 'Object Repository/Olusturma/Genel/Kutular/SiparisBilgileri/SiparisNo'

2021-10-21 14:31:57 - [TEST_STEP][PASSED] - waitForElementClickable(findTestObject("Object Repository/Olusturma/Genel/Kutular/SiparisBilgileri/SiparisTarihiImage"), 10): Object 'Object Repository/Olusturma/Genel/Kutular/SiparisBilgileri/SiparisTarihiImage' is clickable

2021-10-21 14:31:57 - [MESSAGE][INFO] - Finding Test Object 'Object Repository/Olusturma/Genel/Kutular/SiparisBilgileri/SiparisTarihiImage'

2021-10-21 14:31:57 - [MESSAGE][INFO] - Checking object

2021-10-21 14:31:57 - [MESSAGE][INFO] - Checking timeout

2021-10-21 14:31:57 - [MESSAGE][INFO] - Finding web element from Test Object's properties

2021-10-21 14:31:57 - [MESSAGE][INFO] - Checking timeout

2021-10-21 14:31:57 - [MESSAGE][INFO] - Finding web element with id: 'Object Repository/Olusturma/Genel/Kutular/SiparisBilgileri/SiparisTarihiImage' located by 'By.cssSelector: #dateSiparisTarih img' in '10' second(s)

2021-10-21 14:31:57 - [MESSAGE][INFO] - Smart Wait Function is triggered

2021-10-21 14:31:57 - [MESSAGE][INFO] - Found 1 web elements with id: 'Object Repository/Olusturma/Genel/Kutular/SiparisBilgileri/SiparisTarihiImage' located by 'By.cssSelector: #dateSiparisTarih img' in '10' second(s)

2021-10-21 14:31:57 - [MESSAGE][PASSED] - Object 'Object Repository/Olusturma/Genel/Kutular/SiparisBilgileri/SiparisTarihiImage' is clickable

2021-10-21 14:31:57 - [TEST_STEP][PASSED] - click(findTestObject("Object Repository/Olusturma/Genel/Kutular/SiparisBilgileri/SiparisTarihiImage")): Object: 'Object Repository/Olusturma/Genel/Kutular/SiparisBilgileri/SiparisTarihiImage' is clicked on

2021-10-21 14:31:57 - [MESSAGE][INFO] - Finding Test Object 'Object Repository/Olusturma/Genel/Kutular/SiparisBilgileri/SiparisTarihiImage'

2021-10-21 14:31:57 - [MESSAGE][INFO] - Checking object

2021-10-21 14:31:57 - [MESSAGE][INFO] - Finding web element from Test Object's properties

2021-10-21 14:31:57 - [MESSAGE][INFO] - Checking timeout

2021-10-21 14:31:57 - [MESSAGE][INFO] - Finding web element with id: 'Object Repository/Olusturma/Genel/Kutular/SiparisBilgileri/SiparisTarihiImage' located by 'By.cssSelector: #dateSiparisTarih img' in '30' second(s)

2021-10-21 14:31:57 - [MESSAGE][INFO] - Smart Wait Function is triggered

2021-10-21 14:31:57 - [MESSAGE][INFO] - Found 1 web elements with id: 'Object Repository/Olusturma/Genel/Kutular/SiparisBilgileri/SiparisTarihiImage' located by 'By.cssSelector: #dateSiparisTarih img' in '30' second(s)

2021-10-21 14:31:57 - [MESSAGE][INFO] - Clicking on object: 'Object Repository/Olusturma/Genel/Kutular/SiparisBilgileri/SiparisTarihiImage'

2021-10-21 14:31:57 - [MESSAGE][PASSED] - Object: 'Object Repository/Olusturma/Genel/Kutular/SiparisBilgileri/SiparisTarihiImage' is clicked on

2021-10-21 14:31:57 - [TEST_STEP][PASSED] - waitForElementPresent(findTestObject("Object Repository/Olusturma/Genel/Kutular/SiparisBilgileri/SiparisTarihi"), 10): Object 'Object Repository/Olusturma/Genel/Kutular/SiparisBilgileri/SiparisTarihi' is present

2021-10-21 14:31:57 - [MESSAGE][INFO] - Finding Test Object 'Object Repository/Olusturma/Genel/Kutular/SiparisBilgileri/SiparisTarihi'

2021-10-21 14:31:58 - [MESSAGE][INFO] - Checking object

2021-10-21 14:31:58 - [MESSAGE][INFO] - Finding web element from Test Object's properties

2021-10-21 14:31:58 - [MESSAGE][INFO] - Checking timeout

2021-10-21 14:31:58 - [MESSAGE][INFO] - Finding web element with id: 'Object Repository/Olusturma/Genel/Kutular/SiparisBilgileri/SiparisTarihi' located by 'By.xpath: //*[@id = 'dateSiparisTarih_I']' in '10' second(s)

2021-10-21 14:31:58 - [MESSAGE][INFO] - Smart Wait Function is triggered

2021-10-21 14:31:58 - [MESSAGE][INFO] - Found 1 web elements with id: 'Object Repository/Olusturma/Genel/Kutular/SiparisBilgileri/SiparisTarihi' located by 'By.xpath: //*[@id = 'dateSiparisTarih_I']' in '10' second(s)

2021-10-21 14:31:58 - [MESSAGE][PASSED] - Object 'Object Repository/Olusturma/Genel/Kutular/SiparisBilgileri/SiparisTarihi' is present

2021-10-21 14:31:58 - [TEST_STEP][PASSED] - clearText(findTestObject("Object Repository/Olusturma/Genel/Kutular/SiparisBilgileri/SiparisTarihi")): Text of object 'Object Repository/Olusturma/Genel/Kutular/SiparisBilgileri/SiparisTarihi' is cleared

2021-10-21 14:31:58 - [MESSAGE][INFO] - Finding Test Object 'Object Repository/Olusturma/Genel/Kutular/SiparisBilgileri/SiparisTarihi'

2021-10-21 14:31:58 - [MESSAGE][INFO] - Checking object

2021-10-21 14:31:58 - [MESSAGE][INFO] - Finding web element from Test Object's properties

2021-10-21 14:31:58 - [MESSAGE][INFO] - Checking timeout

2021-10-21 14:31:58 - [MESSAGE][INFO] - Finding web element with id: 'Object Repository/Olusturma/Genel/Kutular/SiparisBilgileri/SiparisTarihi' located by 'By.xpath: //*[@id = 'dateSiparisTarih_I']' in '30' second(s)

2021-10-21 14:31:58 - [MESSAGE][INFO] - Smart Wait Function is triggered

2021-10-21 14:31:58 - [MESSAGE][INFO] - Found 1 web elements with id: 'Object Repository/Olusturma/Genel/Kutular/SiparisBilgileri/SiparisTarihi' located by 'By.xpath: //*[@id = 'dateSiparisTarih_I']' in '30' second(s)

2021-10-21 14:31:58 - [MESSAGE][INFO] - Clearing text of object 'Object Repository/Olusturma/Genel/Kutular/SiparisBilgileri/SiparisTarihi'

2021-10-21 14:31:58 - [MESSAGE][PASSED] - Text of object 'Object Repository/Olusturma/Genel/Kutular/SiparisBilgileri/SiparisTarihi' is cleared

2021-10-21 14:31:58 - [TEST_STEP][PASSED] - sendKeys(findTestObject("Object Repository/Olusturma/Genel/Kutular/SiparisBilgileri/SiparisTarihi"), Tarih): Keys '31.04.2020' sent to object: 'Object Repository/Olusturma/Genel/Kutular/SiparisBilgileri/SiparisTarihi'

2021-10-21 14:31:58 - [MESSAGE][INFO] - Finding Test Object 'Object Repository/Olusturma/Genel/Kutular/SiparisBilgileri/SiparisTarihi'

2021-10-21 14:31:59 - [MESSAGE][INFO] - Sending keys '31.04.2020' to object: 'Object Repository/Olusturma/Genel/Kutular/SiparisBilgileri/SiparisTarihi'

2021-10-21 14:31:59 - [MESSAGE][INFO] - Finding web element from Test Object's properties

2021-10-21 14:31:59 - [MESSAGE][INFO] - Checking timeout

2021-10-21 14:31:59 - [MESSAGE][INFO] - Finding web element with id: 'Object Repository/Olusturma/Genel/Kutular/SiparisBilgileri/SiparisTarihi' located by 'By.xpath: //*[@id = 'dateSiparisTarih_I']' in '30' second(s)

2021-10-21 14:31:59 - [MESSAGE][INFO] - Smart Wait Function is triggered

2021-10-21 14:31:59 - [MESSAGE][INFO] - Found 1 web elements with id: 'Object Repository/Olusturma/Genel/Kutular/SiparisBilgileri/SiparisTarihi' located by 'By.xpath: //*[@id = 'dateSiparisTarih_I']' in '30' second(s)

2021-10-21 14:31:59 - [MESSAGE][PASSED] - Keys '31.04.2020' sent to object: 'Object Repository/Olusturma/Genel/Kutular/SiparisBilgileri/SiparisTarihi'

2021-10-21 14:31:59 - [MESSAGE][PASSED] - Call Test Case 'Test Cases/Olusturma/Genel/Kutular/SiparisBilgileriGirilir' successfully

2021-10-21 14:31:59 - [MESSAGE][INFO] - Checking called Test Case

2021-10-21 14:31:59 - [MESSAGE][INFO] - Starting to call Test Case 'Test Cases/Olusturma/Genel/Kutular/IrsaliyeBilgileri'

2021-10-21 14:31:59 - [TEST_CASE][PASSED] - Test Cases/Olusturma/Genel/Kutular/IrsaliyeBilgileri: Test Cases/Olusturma/Genel/Kutular/IrsaliyeBilgileri

2021-10-21 14:31:59 - [TEST_STEP][PASSED] - Method.TextDegerineEsitElementeTikla(findTestObject("Olusturma/Genel/Kutular/KapaliKutular"), "İrsaliye Bilgileri"): Method.TextDegerineEsitElementeTikla is PASSED

2021-10-21 14:31:59 - [MESSAGE][INFO] - Finding Test Object 'Object Repository/Olusturma/Genel/Kutular/KapaliKutular'

2021-10-21 14:31:59 - [MESSAGE][INFO] - Checking timeout

2021-10-21 14:31:59 - [MESSAGE][INFO] - Finding web element with id: 'Object Repository/Olusturma/Genel/Kutular/KapaliKutular' located by 'By.cssSelector: .dxnb-headerCollapsed>span' in '10' second(s)

2021-10-21 14:31:59 - [MESSAGE][INFO] - Smart Wait Function is triggered

2021-10-21 14:32:00 - [MESSAGE][INFO] - Found 8 web elements with id: 'Object Repository/Olusturma/Genel/Kutular/KapaliKutular' located by 'By.cssSelector: .dxnb-headerCollapsed>span' in '10' second(s)

2021-10-21 14:32:00 - [MESSAGE][PASSED] - Method.TextDegerineEsitElementeTikla is PASSED

2021-10-21 14:32:00 - [TEST_STEP][PASSED] - waitForElementClickable(findTestObject("Olusturma/Genel/Kutular/IrsaliyeBilgileri/Ekle"), 10): Object 'Object Repository/Olusturma/Genel/Kutular/IrsaliyeBilgileri/Ekle' is clickable

2021-10-21 14:32:00 - [MESSAGE][INFO] - Finding Test Object 'Object Repository/Olusturma/Genel/Kutular/IrsaliyeBilgileri/Ekle'

2021-10-21 14:32:00 - [MESSAGE][INFO] - Checking object

2021-10-21 14:32:00 - [MESSAGE][INFO] - Checking timeout

2021-10-21 14:32:00 - [MESSAGE][INFO] - Finding web element from Test Object's properties

2021-10-21 14:32:00 - [MESSAGE][INFO] - Checking timeout

2021-10-21 14:32:00 - [MESSAGE][INFO] - Finding web element with id: 'Object Repository/Olusturma/Genel/Kutular/IrsaliyeBilgileri/Ekle' located by 'By.xpath: //*[@id = 'DXEditorgvUserInvoiceBillsNewRowBtn']' in '10' second(s)

2021-10-21 14:32:00 - [MESSAGE][INFO] - Smart Wait Function is triggered

2021-10-21 14:32:00 - [MESSAGE][INFO] - Found 1 web elements with id: 'Object Repository/Olusturma/Genel/Kutular/IrsaliyeBilgileri/Ekle' located by 'By.xpath: //*[@id = 'DXEditorgvUserInvoiceBillsNewRowBtn']' in '10' second(s)

2021-10-21 14:32:00 - [MESSAGE][PASSED] - Object 'Object Repository/Olusturma/Genel/Kutular/IrsaliyeBilgileri/Ekle' is clickable

2021-10-21 14:32:00 - [TEST_STEP][PASSED] - click(findTestObject("Olusturma/Genel/Kutular/IrsaliyeBilgileri/Ekle")): Object: 'Object Repository/Olusturma/Genel/Kutular/IrsaliyeBilgileri/Ekle' is clicked on

2021-10-21 14:32:00 - [MESSAGE][INFO] - Finding Test Object 'Object Repository/Olusturma/Genel/Kutular/IrsaliyeBilgileri/Ekle'

2021-10-21 14:32:01 - [MESSAGE][INFO] - Checking object

2021-10-21 14:32:01 - [MESSAGE][INFO] - Finding web element from Test Object's properties

2021-10-21 14:32:01 - [MESSAGE][INFO] - Checking timeout

2021-10-21 14:32:01 - [MESSAGE][INFO] - Finding web element with id: 'Object Repository/Olusturma/Genel/Kutular/IrsaliyeBilgileri/Ekle' located by 'By.xpath: //*[@id = 'DXEditorgvUserInvoiceBillsNewRowBtn']' in '30' second(s)

2021-10-21 14:32:01 - [MESSAGE][INFO] - Smart Wait Function is triggered

2021-10-21 14:32:01 - [MESSAGE][INFO] - Found 1 web elements with id: 'Object Repository/Olusturma/Genel/Kutular/IrsaliyeBilgileri/Ekle' located by 'By.xpath: //*[@id = 'DXEditorgvUserInvoiceBillsNewRowBtn']' in '30' second(s)

2021-10-21 14:32:01 - [MESSAGE][INFO] - Clicking on object: 'Object Repository/Olusturma/Genel/Kutular/IrsaliyeBilgileri/Ekle'

2021-10-21 14:32:01 - [MESSAGE][PASSED] - Object: 'Object Repository/Olusturma/Genel/Kutular/IrsaliyeBilgileri/Ekle' is clicked on

2021-10-21 14:32:01 - [TEST_STEP][PASSED] - waitForElementPresent(findTestObject("Object Repository/Olusturma/Genel/Kutular/IrsaliyeBilgileri/IrsaliyeNumarasi"), 10): Object 'Object Repository/Olusturma/Genel/Kutular/IrsaliyeBilgileri/IrsaliyeNumarasi' is present

2021-10-21 14:32:01 - [MESSAGE][INFO] - Finding Test Object 'Object Repository/Olusturma/Genel/Kutular/IrsaliyeBilgileri/IrsaliyeNumarasi'

2021-10-21 14:32:01 - [MESSAGE][INFO] - Checking object

2021-10-21 14:32:01 - [MESSAGE][INFO] - Finding web element from Test Object's properties

2021-10-21 14:32:01 - [MESSAGE][INFO] - Checking timeout

2021-10-21 14:32:01 - [MESSAGE][INFO] - Finding web element with id: 'Object Repository/Olusturma/Genel/Kutular/IrsaliyeBilgileri/IrsaliyeNumarasi' located by 'By.xpath: //*[@id = 'gvUserInvoiceBills_DXEditor1_I']' in '10' second(s)

2021-10-21 14:32:01 - [MESSAGE][INFO] - Smart Wait Function is triggered

2021-10-21 14:32:01 - [MESSAGE][INFO] - Smart Wait Function is triggered

2021-10-21 14:32:02 - [MESSAGE][INFO] - Found 1 web elements with id: 'Object Repository/Olusturma/Genel/Kutular/IrsaliyeBilgileri/IrsaliyeNumarasi' located by 'By.xpath: //*[@id = 'gvUserInvoiceBills_DXEditor1_I']' in '10' second(s)

2021-10-21 14:32:02 - [MESSAGE][PASSED] - Object 'Object Repository/Olusturma/Genel/Kutular/IrsaliyeBilgileri/IrsaliyeNumarasi' is present

2021-10-21 14:32:02 - [TEST_STEP][PASSED] - clearText(findTestObject("Object Repository/Olusturma/Genel/Kutular/IrsaliyeBilgileri/IrsaliyeNumarasi")): Text of object 'Object Repository/Olusturma/Genel/Kutular/IrsaliyeBilgileri/IrsaliyeNumarasi' is cleared

2021-10-21 14:32:02 - [MESSAGE][INFO] - Finding Test Object 'Object Repository/Olusturma/Genel/Kutular/IrsaliyeBilgileri/IrsaliyeNumarasi'

2021-10-21 14:32:02 - [MESSAGE][INFO] - Checking object

2021-10-21 14:32:02 - [MESSAGE][INFO] - Finding web element from Test Object's properties

2021-10-21 14:32:02 - [MESSAGE][INFO] - Checking timeout

2021-10-21 14:32:02 - [MESSAGE][INFO] - Finding web element with id: 'Object Repository/Olusturma/Genel/Kutular/IrsaliyeBilgileri/IrsaliyeNumarasi' located by 'By.xpath: //*[@id = 'gvUserInvoiceBills_DXEditor1_I']' in '30' second(s)

2021-10-21 14:32:02 - [MESSAGE][INFO] - Smart Wait Function is triggered

2021-10-21 14:32:03 - [MESSAGE][INFO] - Found 1 web elements with id: 'Object Repository/Olusturma/Genel/Kutular/IrsaliyeBilgileri/IrsaliyeNumarasi' located by 'By.xpath: //*[@id = 'gvUserInvoiceBills_DXEditor1_I']' in '30' second(s)

2021-10-21 14:32:03 - [MESSAGE][INFO] - Clearing text of object 'Object Repository/Olusturma/Genel/Kutular/IrsaliyeBilgileri/IrsaliyeNumarasi'

2021-10-21 14:32:03 - [MESSAGE][PASSED] - Text of object 'Object Repository/Olusturma/Genel/Kutular/IrsaliyeBilgileri/IrsaliyeNumarasi' is cleared

2021-10-21 14:32:03 - [TEST_STEP][PASSED] - sendKeys(findTestObject("Object Repository/Olusturma/Genel/Kutular/IrsaliyeBilgileri/IrsaliyeNumarasi"), Numara): Keys 'AAAAAAAAAA' sent to object: 'Object Repository/Olusturma/Genel/Kutular/IrsaliyeBilgileri/IrsaliyeNumarasi'

2021-10-21 14:32:03 - [MESSAGE][INFO] - Finding Test Object 'Object Repository/Olusturma/Genel/Kutular/IrsaliyeBilgileri/IrsaliyeNumarasi'

2021-10-21 14:32:03 - [MESSAGE][INFO] - Sending keys 'AAAAAAAAAA' to object: 'Object Repository/Olusturma/Genel/Kutular/IrsaliyeBilgileri/IrsaliyeNumarasi'

2021-10-21 14:32:03 - [MESSAGE][INFO] - Finding web element from Test Object's properties

2021-10-21 14:32:03 - [MESSAGE][INFO] - Checking timeout

2021-10-21 14:32:03 - [MESSAGE][INFO] - Finding web element with id: 'Object Repository/Olusturma/Genel/Kutular/IrsaliyeBilgileri/IrsaliyeNumarasi' located by 'By.xpath: //*[@id = 'gvUserInvoiceBills_DXEditor1_I']' in '30' second(s)

2021-10-21 14:32:03 - [MESSAGE][INFO] - Smart Wait Function is triggered

2021-10-21 14:32:03 - [MESSAGE][INFO] - Found 1 web elements with id: 'Object Repository/Olusturma/Genel/Kutular/IrsaliyeBilgileri/IrsaliyeNumarasi' located by 'By.xpath: //*[@id = 'gvUserInvoiceBills_DXEditor1_I']' in '30' second(s)

2021-10-21 14:32:03 - [MESSAGE][PASSED] - Keys 'AAAAAAAAAA' sent to object: 'Object Repository/Olusturma/Genel/Kutular/IrsaliyeBilgileri/IrsaliyeNumarasi'

2021-10-21 14:32:03 - [TEST_STEP][PASSED] - waitForElementClickable(findTestObject("Object Repository/Olusturma/Genel/Kutular/IrsaliyeBilgileri/IrsaliyeTarihi"), 10): Object 'Object Repository/Olusturma/Genel/Kutular/IrsaliyeBilgileri/IrsaliyeTarihi' is clickable

2021-10-21 14:32:03 - [MESSAGE][INFO] - Finding Test Object 'Object Repository/Olusturma/Genel/Kutular/IrsaliyeBilgileri/IrsaliyeTarihi'

2021-10-21 14:32:03 - [MESSAGE][INFO] - Checking object

2021-10-21 14:32:03 - [MESSAGE][INFO] - Checking timeout

2021-10-21 14:32:03 - [MESSAGE][INFO] - Finding web element from Test Object's properties

2021-10-21 14:32:03 - [MESSAGE][INFO] - Checking timeout

2021-10-21 14:32:03 - [MESSAGE][INFO] - Finding web element with id: 'Object Repository/Olusturma/Genel/Kutular/IrsaliyeBilgileri/IrsaliyeTarihi' located by 'By.xpath: //*[@id = 'gvUserInvoiceBills_DXEditor2_I']' in '10' second(s)

2021-10-21 14:32:03 - [MESSAGE][INFO] - Smart Wait Function is triggered

2021-10-21 14:32:04 - [MESSAGE][INFO] - Found 1 web elements with id: 'Object Repository/Olusturma/Genel/Kutular/IrsaliyeBilgileri/IrsaliyeTarihi' located by 'By.xpath: //*[@id = 'gvUserInvoiceBills_DXEditor2_I']' in '10' second(s)

2021-10-21 14:32:04 - [MESSAGE][PASSED] - Object 'Object Repository/Olusturma/Genel/Kutular/IrsaliyeBilgileri/IrsaliyeTarihi' is clickable

2021-10-21 14:32:04 - [TEST_STEP][PASSED] - click(findTestObject("Object Repository/Olusturma/Genel/Kutular/IrsaliyeBilgileri/IrsaliyeTarihi")): Object: 'Object Repository/Olusturma/Genel/Kutular/IrsaliyeBilgileri/IrsaliyeTarihi' is clicked on

2021-10-21 14:32:04 - [MESSAGE][INFO] - Finding Test Object 'Object Repository/Olusturma/Genel/Kutular/IrsaliyeBilgileri/IrsaliyeTarihi'

2021-10-21 14:32:04 - [MESSAGE][INFO] - Checking object

2021-10-21 14:32:04 - [MESSAGE][INFO] - Finding web element from Test Object's properties

2021-10-21 14:32:04 - [MESSAGE][INFO] - Checking timeout

2021-10-21 14:32:04 - [MESSAGE][INFO] - Finding web element with id: 'Object Repository/Olusturma/Genel/Kutular/IrsaliyeBilgileri/IrsaliyeTarihi' located by 'By.xpath: //*[@id = 'gvUserInvoiceBills_DXEditor2_I']' in '30' second(s)

2021-10-21 14:32:04 - [MESSAGE][INFO] - Smart Wait Function is triggered

2021-10-21 14:32:04 - [MESSAGE][INFO] - Found 1 web elements with id: 'Object Repository/Olusturma/Genel/Kutular/IrsaliyeBilgileri/IrsaliyeTarihi' located by 'By.xpath: //*[@id = 'gvUserInvoiceBills_DXEditor2_I']' in '30' second(s)

2021-10-21 14:32:04 - [MESSAGE][INFO] - Clicking on object: 'Object Repository/Olusturma/Genel/Kutular/IrsaliyeBilgileri/IrsaliyeTarihi'

2021-10-21 14:32:04 - [MESSAGE][PASSED] - Object: 'Object Repository/Olusturma/Genel/Kutular/IrsaliyeBilgileri/IrsaliyeTarihi' is clicked on

2021-10-21 14:32:04 - [TEST_STEP][PASSED] - sendKeys(findTestObject("Object Repository/Olusturma/Genel/Kutular/IrsaliyeBilgileri/IrsaliyeTarihi"), Tarih): Keys '31.04.2020' sent to object: 'Object Repository/Olusturma/Genel/Kutular/IrsaliyeBilgileri/IrsaliyeTarihi'

2021-10-21 14:32:04 - [MESSAGE][INFO] - Finding Test Object 'Object Repository/Olusturma/Genel/Kutular/IrsaliyeBilgileri/IrsaliyeTarihi'

2021-10-21 14:32:04 - [MESSAGE][INFO] - Sending keys '31.04.2020' to object: 'Object Repository/Olusturma/Genel/Kutular/IrsaliyeBilgileri/IrsaliyeTarihi'

2021-10-21 14:32:04 - [MESSAGE][INFO] - Finding web element from Test Object's properties

2021-10-21 14:32:04 - [MESSAGE][INFO] - Checking timeout

2021-10-21 14:32:04 - [MESSAGE][INFO] - Finding web element with id: 'Object Repository/Olusturma/Genel/Kutular/IrsaliyeBilgileri/IrsaliyeTarihi' located by 'By.xpath: //*[@id = 'gvUserInvoiceBills_DXEditor2_I']' in '30' second(s)

2021-10-21 14:32:04 - [MESSAGE][INFO] - Smart Wait Function is triggered

2021-10-21 14:32:05 - [MESSAGE][INFO] - Found 1 web elements with id: 'Object Repository/Olusturma/Genel/Kutular/IrsaliyeBilgileri/IrsaliyeTarihi' located by 'By.xpath: //*[@id = 'gvUserInvoiceBills_DXEditor2_I']' in '30' second(s)

2021-10-21 14:32:05 - [MESSAGE][PASSED] - Keys '31.04.2020' sent to object: 'Object Repository/Olusturma/Genel/Kutular/IrsaliyeBilgileri/IrsaliyeTarihi'

2021-10-21 14:32:05 - [MESSAGE][PASSED] - Call Test Case 'Test Cases/Olusturma/Genel/Kutular/IrsaliyeBilgileri' successfully

2021-10-21 14:32:05 - [MESSAGE][INFO] - Checking called Test Case

2021-10-21 14:32:05 - [MESSAGE][INFO] - Starting to call Test Case 'Test Cases/Olusturma/Genel/EkleButonunaBasilir'

2021-10-21 14:32:05 - [TEST_CASE][PASSED] - Test Cases/Olusturma/Genel/EkleButonunaBasilir: Test Cases/Olusturma/Genel/EkleButonunaBasilir

2021-10-21 14:32:05 - [TEST_STEP][PASSED] - waitForElementClickable(findTestObject("Object Repository/Olusturma/Genel/Olusturma/Ekle"), 10): Object 'Object Repository/Olusturma/Genel/Olusturma/Ekle' is clickable

2021-10-21 14:32:05 - [MESSAGE][INFO] - Finding Test Object 'Object Repository/Olusturma/Genel/Olusturma/Ekle'

2021-10-21 14:32:05 - [MESSAGE][INFO] - Checking object

2021-10-21 14:32:05 - [MESSAGE][INFO] - Checking timeout

2021-10-21 14:32:05 - [MESSAGE][INFO] - Finding web element from Test Object's properties

2021-10-21 14:32:05 - [MESSAGE][INFO] - Checking timeout

2021-10-21 14:32:05 - [MESSAGE][INFO] - Finding web element with id: 'Object Repository/Olusturma/Genel/Olusturma/Ekle' located by 'By.cssSelector: #divmalhizmet i.fa.fa-plus.fa-lg.text-muted' in '10' second(s)

2021-10-21 14:32:05 - [MESSAGE][INFO] - Smart Wait Function is triggered

2021-10-21 14:32:05 - [MESSAGE][INFO] - Found 1 web elements with id: 'Object Repository/Olusturma/Genel/Olusturma/Ekle' located by 'By.cssSelector: #divmalhizmet i.fa.fa-plus.fa-lg.text-muted' in '10' second(s)

2021-10-21 14:32:05 - [MESSAGE][PASSED] - Object 'Object Repository/Olusturma/Genel/Olusturma/Ekle' is clickable

2021-10-21 14:32:05 - [TEST_STEP][PASSED] - click(findTestObject("Object Repository/Olusturma/Genel/Olusturma/Ekle")): Object: 'Object Repository/Olusturma/Genel/Olusturma/Ekle' is clicked on

2021-10-21 14:32:05 - [MESSAGE][INFO] - Finding Test Object 'Object Repository/Olusturma/Genel/Olusturma/Ekle'

2021-10-21 14:32:05 - [MESSAGE][INFO] - Checking object

2021-10-21 14:32:05 - [MESSAGE][INFO] - Finding web element from Test Object's properties

2021-10-21 14:32:05 - [MESSAGE][INFO] - Checking timeout

2021-10-21 14:32:05 - [MESSAGE][INFO] - Finding web element with id: 'Object Repository/Olusturma/Genel/Olusturma/Ekle' located by 'By.cssSelector: #divmalhizmet i.fa.fa-plus.fa-lg.text-muted' in '30' second(s)

2021-10-21 14:32:05 - [MESSAGE][INFO] - Smart Wait Function is triggered

2021-10-21 14:32:06 - [MESSAGE][INFO] - Found 1 web elements with id: 'Object Repository/Olusturma/Genel/Olusturma/Ekle' located by 'By.cssSelector: #divmalhizmet i.fa.fa-plus.fa-lg.text-muted' in '30' second(s)

2021-10-21 14:32:06 - [MESSAGE][INFO] - Clicking on object: 'Object Repository/Olusturma/Genel/Olusturma/Ekle'

2021-10-21 14:32:06 - [MESSAGE][PASSED] - Object: 'Object Repository/Olusturma/Genel/Olusturma/Ekle' is clicked on

2021-10-21 14:32:06 - [TEST_STEP][PASSED] - waitForElementClickable(findTestObject("Olusturma/Genel/Olusturma/EklenenSatirCarpiImage"), 10): Object 'Object Repository/Olusturma/Genel/Olusturma/EklenenSatirCarpiImage' is clickable

2021-10-21 14:32:06 - [MESSAGE][INFO] - Finding Test Object 'Object Repository/Olusturma/Genel/Olusturma/EklenenSatirCarpiImage'

2021-10-21 14:32:06 - [MESSAGE][INFO] - Checking object

2021-10-21 14:32:06 - [MESSAGE][INFO] - Checking timeout

2021-10-21 14:32:06 - [MESSAGE][INFO] - Finding web element from Test Object's properties

2021-10-21 14:32:06 - [MESSAGE][INFO] - Checking timeout

2021-10-21 14:32:06 - [MESSAGE][INFO] - Finding web element with id: 'Object Repository/Olusturma/Genel/Olusturma/EklenenSatirCarpiImage' located by 'By.cssSelector: .fa.fa-times.fa-lg.text-primary' in '10' second(s)

2021-10-21 14:32:06 - [MESSAGE][INFO] - Smart Wait Function is triggered

2021-10-21 14:32:06 - [MESSAGE][INFO] - Found 1 web elements with id: 'Object Repository/Olusturma/Genel/Olusturma/EklenenSatirCarpiImage' located by 'By.cssSelector: .fa.fa-times.fa-lg.text-primary' in '10' second(s)

2021-10-21 14:32:06 - [MESSAGE][PASSED] - Object 'Object Repository/Olusturma/Genel/Olusturma/EklenenSatirCarpiImage' is clickable

2021-10-21 14:32:06 - [MESSAGE][PASSED] - Call Test Case 'Test Cases/Olusturma/Genel/EkleButonunaBasilir' successfully

2021-10-21 14:32:06 - [MESSAGE][INFO] - Checking called Test Case

2021-10-21 14:32:06 - [MESSAGE][INFO] - Starting to call Test Case 'Test Cases/Olusturma/Genel/Olusturma'

2021-10-21 14:32:06 - [TEST_CASE][PASSED] - Test Cases/Olusturma/Genel/Olusturma: Test Cases/Olusturma/Genel/Olusturma

2021-10-21 14:32:06 - [TEST_STEP][PASSED] - driver = getWebDriver(): null

2021-10-21 14:32:06 - [TEST_STEP][PASSED] - action = new org.openqa.selenium.interactions.Actions(driver): null

2021-10-21 14:32:06 - [TEST_STEP][PASSED] - baslikElement = <not implemented yet for class: org.codehaus.groovy.ast.expr.EmptyExpression>: null

2021-10-21 14:32:06 - [TEST_STEP][PASSED] - sonElement = <not implemented yet for class: org.codehaus.groovy.ast.expr.EmptyExpression>: null

2021-10-21 14:32:06 - [TEST_STEP][PASSED] - attr = <not implemented yet for class: org.codehaus.groovy.ast.expr.EmptyExpression>: null

2021-10-21 14:32:06 - [TEST_STEP][PASSED] - a = 0: null

2021-10-21 14:32:06 - [TEST_STEP][PASSED] - elements = findWebElements(findTestObject("Object Repository/Olusturma/Genel/Olusturma/TabloBasliklari"), 10): Found 13 web elements with id: 'Object Repository/Olusturma/Genel/Olusturma/TabloBasliklari' located by 'By.cssSelector: div#divmalhizmet .dxgvTable_LECustomTheme td.dxgvHeader_LECustomTheme tr>td:nth-child(1)' in '10' second(s)

2021-10-21 14:32:06 - [MESSAGE][INFO] - Finding Test Object 'Object Repository/Olusturma/Genel/Olusturma/TabloBasliklari'

2021-10-21 14:32:06 - [MESSAGE][INFO] - Checking timeout

2021-10-21 14:32:06 - [MESSAGE][INFO] - Finding web element with id: 'Object Repository/Olusturma/Genel/Olusturma/TabloBasliklari' located by 'By.cssSelector: div#divmalhizmet .dxgvTable_LECustomTheme td.dxgvHeader_LECustomTheme tr>td:nth-child(1)' in '10' second(s)

2021-10-21 14:32:06 - [MESSAGE][INFO] - Smart Wait Function is triggered

2021-10-21 14:32:07 - [MESSAGE][INFO] - Found 13 web elements with id: 'Object Repository/Olusturma/Genel/Olusturma/TabloBasliklari' located by 'By.cssSelector: div#divmalhizmet .dxgvTable_LECustomTheme td.dxgvHeader_LECustomTheme tr>td:nth-child(1)' in '10' second(s)

2021-10-21 14:32:07 - [TEST_STEP][PASSED] - for (def element : elements): null

2021-10-21 14:32:07 - [TEST_STEP][PASSED] - build().perform(): null

2021-10-21 14:32:08 - [TEST_STEP][PASSED] - if (getText().equals(Baslik)): null

2021-10-21 14:32:08 - [TEST_STEP][PASSED] - baslikElement = element.findElement(By.xpath("../../../..")): Smart Wait Function is triggered

2021-10-21 14:32:08 - [MESSAGE][INFO] - Smart Wait Function is triggered

2021-10-21 14:32:08 - [TEST_STEP][PASSED] - attr = baslikElement.getAttribute("id"): null

2021-10-21 14:32:08 - [TEST_STEP][PASSED] - println("girdi ve idsini aldı = " + attr): null

2021-10-21 14:32:08 - [TEST_STEP][PASSED] - break: null

2021-10-21 14:32:08 - [TEST_STEP][PASSED] - countElement = baslikElement.findElements(By.xpath("../td")): Smart Wait Function is triggered

2021-10-21 14:32:08 - [MESSAGE][INFO] - Smart Wait Function is triggered

2021-10-21 14:32:08 - [TEST_STEP][PASSED] - for (def element : countElement): null

2021-10-21 14:32:08 - [TEST_STEP][PASSED] - if (toString().equals(attr.toString())): null

2021-10-21 14:32:08 - [TEST_STEP][PASSED] - (a++): null

2021-10-21 14:32:08 - [TEST_STEP][PASSED] - if (toString().equals(attr.toString())): null

2021-10-21 14:32:08 - [TEST_STEP][PASSED] - break: null

2021-10-21 14:32:08 - [TEST_STEP][PASSED] - son = findWebElement(findTestObject("Object Repository/Olusturma/Genel/Olusturma/EklenenSatir")).findElement(By.xpath("td[@class='dxgvInlineEditCell_LECustomTheme dxgv'][" + a + "]//td[@class='dxic']/input")): Smart Wait Function is triggered

2021-10-21 14:32:08 - [MESSAGE][INFO] - Finding Test Object 'Object Repository/Olusturma/Genel/Olusturma/EklenenSatir'

2021-10-21 14:32:08 - [MESSAGE][INFO] - Finding web element from Test Object's properties

2021-10-21 14:32:08 - [MESSAGE][INFO] - Checking timeout

2021-10-21 14:32:08 - [MESSAGE][INFO] - Finding web element with id: 'Object Repository/Olusturma/Genel/Olusturma/EklenenSatir' located by 'By.cssSelector: #divmalhizmet .dxgvInlineEditRow_LECustomTheme' in '30' second(s)

2021-10-21 14:32:08 - [MESSAGE][INFO] - Smart Wait Function is triggered

2021-10-21 14:32:09 - [MESSAGE][INFO] - Found 1 web elements with id: 'Object Repository/Olusturma/Genel/Olusturma/EklenenSatir' located by 'By.cssSelector: #divmalhizmet .dxgvInlineEditRow_LECustomTheme' in '30' second(s)

2021-10-21 14:32:09 - [MESSAGE][INFO] - Smart Wait Function is triggered

2021-10-21 14:32:09 - [TEST_STEP][PASSED] - if (!(getAttribute("value").contains("Vkn"))): null

2021-10-21 14:32:09 - [TEST_STEP][PASSED] - son.clear(): null

2021-10-21 14:32:09 - [TEST_STEP][PASSED] - son.sendKeys(Deger): null

2021-10-21 14:32:09 - [MESSAGE][PASSED] - Call Test Case 'Test Cases/Olusturma/Genel/Olusturma' successfully

2021-10-21 14:32:09 - [MESSAGE][INFO] - Checking called Test Case

2021-10-21 14:32:09 - [MESSAGE][INFO] - Starting to call Test Case 'Test Cases/Olusturma/Genel/Olusturma'

2021-10-21 14:32:09 - [TEST_CASE][PASSED] - Test Cases/Olusturma/Genel/Olusturma: Test Cases/Olusturma/Genel/Olusturma

2021-10-21 14:32:09 - [TEST_STEP][PASSED] - driver = getWebDriver(): null

2021-10-21 14:32:09 - [TEST_STEP][PASSED] - action = new org.openqa.selenium.interactions.Actions(driver): null

2021-10-21 14:32:09 - [TEST_STEP][PASSED] - baslikElement = <not implemented yet for class: org.codehaus.groovy.ast.expr.EmptyExpression>: null

2021-10-21 14:32:09 - [TEST_STEP][PASSED] - sonElement = <not implemented yet for class: org.codehaus.groovy.ast.expr.EmptyExpression>: null

2021-10-21 14:32:09 - [TEST_STEP][PASSED] - attr = <not implemented yet for class: org.codehaus.groovy.ast.expr.EmptyExpression>: null

2021-10-21 14:32:09 - [TEST_STEP][PASSED] - a = 0: null

2021-10-21 14:32:09 - [TEST_STEP][PASSED] - elements = findWebElements(findTestObject("Object Repository/Olusturma/Genel/Olusturma/TabloBasliklari"), 10): Found 13 web elements with id: 'Object Repository/Olusturma/Genel/Olusturma/TabloBasliklari' located by 'By.cssSelector: div#divmalhizmet .dxgvTable_LECustomTheme td.dxgvHeader_LECustomTheme tr>td:nth-child(1)' in '10' second(s)

2021-10-21 14:32:09 - [MESSAGE][INFO] - Finding Test Object 'Object Repository/Olusturma/Genel/Olusturma/TabloBasliklari'

2021-10-21 14:32:09 - [MESSAGE][INFO] - Checking timeout

2021-10-21 14:32:09 - [MESSAGE][INFO] - Finding web element with id: 'Object Repository/Olusturma/Genel/Olusturma/TabloBasliklari' located by 'By.cssSelector: div#divmalhizmet .dxgvTable_LECustomTheme td.dxgvHeader_LECustomTheme tr>td:nth-child(1)' in '10' second(s)

2021-10-21 14:32:09 - [MESSAGE][INFO] - Smart Wait Function is triggered

2021-10-21 14:32:09 - [MESSAGE][INFO] - Found 13 web elements with id: 'Object Repository/Olusturma/Genel/Olusturma/TabloBasliklari' located by 'By.cssSelector: div#divmalhizmet .dxgvTable_LECustomTheme td.dxgvHeader_LECustomTheme tr>td:nth-child(1)' in '10' second(s)

2021-10-21 14:32:09 - [TEST_STEP][PASSED] - for (def element : elements): null

2021-10-21 14:32:09 - [TEST_STEP][PASSED] - build().perform(): null

2021-10-21 14:32:10 - [TEST_STEP][PASSED] - if (getText().equals(Baslik)): null

2021-10-21 14:32:10 - [TEST_STEP][PASSED] - build().perform(): null

2021-10-21 14:32:10 - [TEST_STEP][PASSED] - if (getText().equals(Baslik)): null

2021-10-21 14:32:10 - [TEST_STEP][PASSED] - baslikElement = element.findElement(By.xpath("../../../..")): Smart Wait Function is triggered

2021-10-21 14:32:10 - [MESSAGE][INFO] - Smart Wait Function is triggered

2021-10-21 14:32:10 - [TEST_STEP][PASSED] - attr = baslikElement.getAttribute("id"): null

2021-10-21 14:32:10 - [TEST_STEP][PASSED] - println("girdi ve idsini aldı = " + attr): null

2021-10-21 14:32:10 - [TEST_STEP][PASSED] - break: null

2021-10-21 14:32:10 - [TEST_STEP][PASSED] - countElement = baslikElement.findElements(By.xpath("../td")): Smart Wait Function is triggered

2021-10-21 14:32:10 - [MESSAGE][INFO] - Smart Wait Function is triggered

2021-10-21 14:32:10 - [TEST_STEP][PASSED] - for (def element : countElement): null

2021-10-21 14:32:10 - [TEST_STEP][PASSED] - if (toString().equals(attr.toString())): null

2021-10-21 14:32:10 - [TEST_STEP][PASSED] - (a++): null

2021-10-21 14:32:10 - [TEST_STEP][PASSED] - if (toString().equals(attr.toString())): null

2021-10-21 14:32:10 - [TEST_STEP][PASSED] - (a++): null

2021-10-21 14:32:10 - [TEST_STEP][PASSED] - if (toString().equals(attr.toString())): null

2021-10-21 14:32:10 - [TEST_STEP][PASSED] - break: null

2021-10-21 14:32:10 - [TEST_STEP][PASSED] - son = findWebElement(findTestObject("Object Repository/Olusturma/Genel/Olusturma/EklenenSatir")).findElement(By.xpath("td[@class='dxgvInlineEditCell_LECustomTheme dxgv'][" + a + "]//td[@class='dxic']/input")): Smart Wait Function is triggered

2021-10-21 14:32:10 - [MESSAGE][INFO] - Finding Test Object 'Object Repository/Olusturma/Genel/Olusturma/EklenenSatir'

2021-10-21 14:32:10 - [MESSAGE][INFO] - Finding web element from Test Object's properties

2021-10-21 14:32:10 - [MESSAGE][INFO] - Checking timeout

2021-10-21 14:32:10 - [MESSAGE][INFO] - Finding web element with id: 'Object Repository/Olusturma/Genel/Olusturma/EklenenSatir' located by 'By.cssSelector: #divmalhizmet .dxgvInlineEditRow_LECustomTheme' in '30' second(s)

2021-10-21 14:32:10 - [MESSAGE][INFO] - Smart Wait Function is triggered

2021-10-21 14:32:11 - [MESSAGE][INFO] - Found 1 web elements with id: 'Object Repository/Olusturma/Genel/Olusturma/EklenenSatir' located by 'By.cssSelector: #divmalhizmet .dxgvInlineEditRow_LECustomTheme' in '30' second(s)

2021-10-21 14:32:11 - [MESSAGE][INFO] - Smart Wait Function is triggered

2021-10-21 14:32:11 - [TEST_STEP][PASSED] - if (!(getAttribute("value").contains("Vkn"))): null

2021-10-21 14:32:11 - [TEST_STEP][PASSED] - son.clear(): null

2021-10-21 14:32:11 - [TEST_STEP][PASSED] - son.sendKeys(Deger): null

2021-10-21 14:32:11 - [MESSAGE][PASSED] - Call Test Case 'Test Cases/Olusturma/Genel/Olusturma' successfully

2021-10-21 14:32:11 - [MESSAGE][INFO] - Checking called Test Case

2021-10-21 14:32:11 - [MESSAGE][INFO] - Starting to call Test Case 'Test Cases/Olusturma/Genel/Olusturma'

2021-10-21 14:32:11 - [TEST_CASE][PASSED] - Test Cases/Olusturma/Genel/Olusturma: Test Cases/Olusturma/Genel/Olusturma

2021-10-21 14:32:11 - [TEST_STEP][PASSED] - driver = getWebDriver(): null

2021-10-21 14:32:11 - [TEST_STEP][PASSED] - action = new org.openqa.selenium.interactions.Actions(driver): null

2021-10-21 14:32:11 - [TEST_STEP][PASSED] - baslikElement = <not implemented yet for class: org.codehaus.groovy.ast.expr.EmptyExpression>: null

2021-10-21 14:32:11 - [TEST_STEP][PASSED] - sonElement = <not implemented yet for class: org.codehaus.groovy.ast.expr.EmptyExpression>: null

2021-10-21 14:32:11 - [TEST_STEP][PASSED] - attr = <not implemented yet for class: org.codehaus.groovy.ast.expr.EmptyExpression>: null

2021-10-21 14:32:11 - [TEST_STEP][PASSED] - a = 0: null

2021-10-21 14:32:11 - [TEST_STEP][PASSED] - elements = findWebElements(findTestObject("Object Repository/Olusturma/Genel/Olusturma/TabloBasliklari"), 10): Found 13 web elements with id: 'Object Repository/Olusturma/Genel/Olusturma/TabloBasliklari' located by 'By.cssSelector: div#divmalhizmet .dxgvTable_LECustomTheme td.dxgvHeader_LECustomTheme tr>td:nth-child(1)' in '10' second(s)

2021-10-21 14:32:11 - [MESSAGE][INFO] - Finding Test Object 'Object Repository/Olusturma/Genel/Olusturma/TabloBasliklari'

2021-10-21 14:32:11 - [MESSAGE][INFO] - Checking timeout

2021-10-21 14:32:11 - [MESSAGE][INFO] - Finding web element with id: 'Object Repository/Olusturma/Genel/Olusturma/TabloBasliklari' located by 'By.cssSelector: div#divmalhizmet .dxgvTable_LECustomTheme td.dxgvHeader_LECustomTheme tr>td:nth-child(1)' in '10' second(s)

2021-10-21 14:32:11 - [MESSAGE][INFO] - Smart Wait Function is triggered

2021-10-21 14:32:12 - [MESSAGE][INFO] - Found 13 web elements with id: 'Object Repository/Olusturma/Genel/Olusturma/TabloBasliklari' located by 'By.cssSelector: div#divmalhizmet .dxgvTable_LECustomTheme td.dxgvHeader_LECustomTheme tr>td:nth-child(1)' in '10' second(s)

2021-10-21 14:32:12 - [TEST_STEP][PASSED] - for (def element : elements): null

2021-10-21 14:32:12 - [TEST_STEP][PASSED] - build().perform(): null

2021-10-21 14:32:12 - [TEST_STEP][PASSED] - if (getText().equals(Baslik)): null

2021-10-21 14:32:12 - [TEST_STEP][PASSED] - build().perform(): null

2021-10-21 14:32:12 - [TEST_STEP][PASSED] - if (getText().equals(Baslik)): null

2021-10-21 14:32:12 - [TEST_STEP][PASSED] - build().perform(): null

2021-10-21 14:32:12 - [TEST_STEP][PASSED] - if (getText().equals(Baslik)): null

2021-10-21 14:32:12 - [TEST_STEP][PASSED] - build().perform(): null

2021-10-21 14:32:12 - [TEST_STEP][PASSED] - if (getText().equals(Baslik)): null

2021-10-21 14:32:12 - [TEST_STEP][PASSED] - baslikElement = element.findElement(By.xpath("../../../..")): Smart Wait Function is triggered

2021-10-21 14:32:12 - [MESSAGE][INFO] - Smart Wait Function is triggered

2021-10-21 14:32:13 - [TEST_STEP][PASSED] - attr = baslikElement.getAttribute("id"): null

2021-10-21 14:32:13 - [TEST_STEP][PASSED] - println("girdi ve idsini aldı = " + attr): null

2021-10-21 14:32:13 - [TEST_STEP][PASSED] - break: null

2021-10-21 14:32:13 - [TEST_STEP][PASSED] - countElement = baslikElement.findElements(By.xpath("../td")): Smart Wait Function is triggered

2021-10-21 14:32:13 - [MESSAGE][INFO] - Smart Wait Function is triggered

2021-10-21 14:32:13 - [TEST_STEP][PASSED] - for (def element : countElement): null

2021-10-21 14:32:13 - [TEST_STEP][PASSED] - if (toString().equals(attr.toString())): null

2021-10-21 14:32:13 - [TEST_STEP][PASSED] - (a++): null

2021-10-21 14:32:13 - [TEST_STEP][PASSED] - if (toString().equals(attr.toString())): null

2021-10-21 14:32:13 - [TEST_STEP][PASSED] - (a++): null

2021-10-21 14:32:13 - [TEST_STEP][PASSED] - if (toString().equals(attr.toString())): null

2021-10-21 14:32:13 - [TEST_STEP][PASSED] - (a++): null

2021-10-21 14:32:13 - [TEST_STEP][PASSED] - if (toString().equals(attr.toString())): null

2021-10-21 14:32:13 - [TEST_STEP][PASSED] - (a++): null

2021-10-21 14:32:13 - [TEST_STEP][PASSED] - if (toString().equals(attr.toString())): null

2021-10-21 14:32:13 - [TEST_STEP][PASSED] - break: null

2021-10-21 14:32:13 - [TEST_STEP][PASSED] - son = findWebElement(findTestObject("Object Repository/Olusturma/Genel/Olusturma/EklenenSatir")).findElement(By.xpath("td[@class='dxgvInlineEditCell_LECustomTheme dxgv'][" + a + "]//td[@class='dxic']/input")): Smart Wait Function is triggered

2021-10-21 14:32:13 - [MESSAGE][INFO] - Finding Test Object 'Object Repository/Olusturma/Genel/Olusturma/EklenenSatir'

2021-10-21 14:32:13 - [MESSAGE][INFO] - Finding web element from Test Object's properties

2021-10-21 14:32:13 - [MESSAGE][INFO] - Checking timeout

2021-10-21 14:32:13 - [MESSAGE][INFO] - Finding web element with id: 'Object Repository/Olusturma/Genel/Olusturma/EklenenSatir' located by 'By.cssSelector: #divmalhizmet .dxgvInlineEditRow_LECustomTheme' in '30' second(s)

2021-10-21 14:32:13 - [MESSAGE][INFO] - Smart Wait Function is triggered

2021-10-21 14:32:13 - [MESSAGE][INFO] - Found 1 web elements with id: 'Object Repository/Olusturma/Genel/Olusturma/EklenenSatir' located by 'By.cssSelector: #divmalhizmet .dxgvInlineEditRow_LECustomTheme' in '30' second(s)

2021-10-21 14:32:13 - [MESSAGE][INFO] - Smart Wait Function is triggered

2021-10-21 14:32:14 - [TEST_STEP][PASSED] - if (!(getAttribute("value").contains("Vkn"))): null

2021-10-21 14:32:14 - [TEST_STEP][PASSED] - son.clear(): null

2021-10-21 14:32:14 - [TEST_STEP][PASSED] - son.sendKeys(Deger): null

2021-10-21 14:32:14 - [MESSAGE][PASSED] - Call Test Case 'Test Cases/Olusturma/Genel/Olusturma' successfully

2021-10-21 14:32:14 - [MESSAGE][INFO] - Checking called Test Case

2021-10-21 14:32:14 - [MESSAGE][INFO] - Starting to call Test Case 'Test Cases/Olusturma/Genel/Olusturma'

2021-10-21 14:32:14 - [TEST_CASE][PASSED] - Test Cases/Olusturma/Genel/Olusturma: Test Cases/Olusturma/Genel/Olusturma

2021-10-21 14:32:14 - [TEST_STEP][PASSED] - driver = getWebDriver(): null

2021-10-21 14:32:14 - [TEST_STEP][PASSED] - action = new org.openqa.selenium.interactions.Actions(driver): null

2021-10-21 14:32:14 - [TEST_STEP][PASSED] - baslikElement = <not implemented yet for class: org.codehaus.groovy.ast.expr.EmptyExpression>: null

2021-10-21 14:32:14 - [TEST_STEP][PASSED] - sonElement = <not implemented yet for class: org.codehaus.groovy.ast.expr.EmptyExpression>: null

2021-10-21 14:32:14 - [TEST_STEP][PASSED] - attr = <not implemented yet for class: org.codehaus.groovy.ast.expr.EmptyExpression>: null

2021-10-21 14:32:14 - [TEST_STEP][PASSED] - a = 0: null

2021-10-21 14:32:14 - [TEST_STEP][PASSED] - elements = findWebElements(findTestObject("Object Repository/Olusturma/Genel/Olusturma/TabloBasliklari"), 10): Found 13 web elements with id: 'Object Repository/Olusturma/Genel/Olusturma/TabloBasliklari' located by 'By.cssSelector: div#divmalhizmet .dxgvTable_LECustomTheme td.dxgvHeader_LECustomTheme tr>td:nth-child(1)' in '10' second(s)

2021-10-21 14:32:14 - [MESSAGE][INFO] - Finding Test Object 'Object Repository/Olusturma/Genel/Olusturma/TabloBasliklari'

2021-10-21 14:32:14 - [MESSAGE][INFO] - Checking timeout

2021-10-21 14:32:14 - [MESSAGE][INFO] - Finding web element with id: 'Object Repository/Olusturma/Genel/Olusturma/TabloBasliklari' located by 'By.cssSelector: div#divmalhizmet .dxgvTable_LECustomTheme td.dxgvHeader_LECustomTheme tr>td:nth-child(1)' in '10' second(s)

2021-10-21 14:32:14 - [MESSAGE][INFO] - Smart Wait Function is triggered

2021-10-21 14:32:14 - [MESSAGE][INFO] - Found 13 web elements with id: 'Object Repository/Olusturma/Genel/Olusturma/TabloBasliklari' located by 'By.cssSelector: div#divmalhizmet .dxgvTable_LECustomTheme td.dxgvHeader_LECustomTheme tr>td:nth-child(1)' in '10' second(s)

2021-10-21 14:32:14 - [TEST_STEP][PASSED] - for (def element : elements): null

2021-10-21 14:32:14 - [TEST_STEP][PASSED] - build().perform(): null

2021-10-21 14:32:15 - [TEST_STEP][PASSED] - if (getText().equals(Baslik)): null

2021-10-21 14:32:15 - [TEST_STEP][PASSED] - build().perform(): null

2021-10-21 14:32:15 - [TEST_STEP][PASSED] - if (getText().equals(Baslik)): null

2021-10-21 14:32:15 - [TEST_STEP][PASSED] - build().perform(): null

2021-10-21 14:32:15 - [TEST_STEP][PASSED] - if (getText().equals(Baslik)): null

2021-10-21 14:32:15 - [TEST_STEP][PASSED] - build().perform(): null

2021-10-21 14:32:15 - [TEST_STEP][PASSED] - if (getText().equals(Baslik)): null

2021-10-21 14:32:15 - [TEST_STEP][PASSED] - build().perform(): null

2021-10-21 14:32:15 - [TEST_STEP][PASSED] - if (getText().equals(Baslik)): null

2021-10-21 14:32:15 - [TEST_STEP][PASSED] - build().perform(): null

2021-10-21 14:32:15 - [TEST_STEP][PASSED] - if (getText().equals(Baslik)): null

2021-10-21 14:32:15 - [TEST_STEP][PASSED] - baslikElement = element.findElement(By.xpath("../../../..")): Smart Wait Function is triggered

2021-10-21 14:32:15 - [MESSAGE][INFO] - Smart Wait Function is triggered

2021-10-21 14:32:16 - [TEST_STEP][PASSED] - attr = baslikElement.getAttribute("id"): null

2021-10-21 14:32:16 - [TEST_STEP][PASSED] - println("girdi ve idsini aldı = " + attr): null

2021-10-21 14:32:16 - [TEST_STEP][PASSED] - break: null

2021-10-21 14:32:16 - [TEST_STEP][PASSED] - countElement = baslikElement.findElements(By.xpath("../td")): Smart Wait Function is triggered

2021-10-21 14:32:16 - [MESSAGE][INFO] - Smart Wait Function is triggered

2021-10-21 14:32:16 - [TEST_STEP][PASSED] - for (def element : countElement): null

2021-10-21 14:32:16 - [TEST_STEP][PASSED] - if (toString().equals(attr.toString())): null

2021-10-21 14:32:16 - [TEST_STEP][PASSED] - (a++): null

2021-10-21 14:32:16 - [TEST_STEP][PASSED] - if (toString().equals(attr.toString())): null

2021-10-21 14:32:16 - [TEST_STEP][PASSED] - (a++): null

2021-10-21 14:32:16 - [TEST_STEP][PASSED] - if (toString().equals(attr.toString())): null

2021-10-21 14:32:16 - [TEST_STEP][PASSED] - (a++): null

2021-10-21 14:32:16 - [TEST_STEP][PASSED] - if (toString().equals(attr.toString())): null

2021-10-21 14:32:16 - [TEST_STEP][PASSED] - (a++): null

2021-10-21 14:32:16 - [TEST_STEP][PASSED] - if (toString().equals(attr.toString())): null

2021-10-21 14:32:16 - [TEST_STEP][PASSED] - (a++): null

2021-10-21 14:32:16 - [TEST_STEP][PASSED] - if (toString().equals(attr.toString())): null

2021-10-21 14:32:16 - [TEST_STEP][PASSED] - (a++): null

2021-10-21 14:32:16 - [TEST_STEP][PASSED] - if (toString().equals(attr.toString())): null

2021-10-21 14:32:16 - [TEST_STEP][PASSED] - break: null

2021-10-21 14:32:16 - [TEST_STEP][PASSED] - son = findWebElement(findTestObject("Object Repository/Olusturma/Genel/Olusturma/EklenenSatir")).findElement(By.xpath("td[@class='dxgvInlineEditCell_LECustomTheme dxgv'][" + a + "]//td[@class='dxic']/input")): Smart Wait Function is triggered

2021-10-21 14:32:16 - [MESSAGE][INFO] - Finding Test Object 'Object Repository/Olusturma/Genel/Olusturma/EklenenSatir'

2021-10-21 14:32:16 - [MESSAGE][INFO] - Finding web element from Test Object's properties

2021-10-21 14:32:16 - [MESSAGE][INFO] - Checking timeout

2021-10-21 14:32:16 - [MESSAGE][INFO] - Finding web element with id: 'Object Repository/Olusturma/Genel/Olusturma/EklenenSatir' located by 'By.cssSelector: #divmalhizmet .dxgvInlineEditRow_LECustomTheme' in '30' second(s)

2021-10-21 14:32:16 - [MESSAGE][INFO] - Smart Wait Function is triggered

2021-10-21 14:32:17 - [MESSAGE][INFO] - Found 1 web elements with id: 'Object Repository/Olusturma/Genel/Olusturma/EklenenSatir' located by 'By.cssSelector: #divmalhizmet .dxgvInlineEditRow_LECustomTheme' in '30' second(s)

2021-10-21 14:32:17 - [MESSAGE][INFO] - Smart Wait Function is triggered

2021-10-21 14:32:17 - [TEST_STEP][PASSED] - if (!(getAttribute("value").contains("Vkn"))): null

2021-10-21 14:32:17 - [TEST_STEP][PASSED] - son.clear(): null

2021-10-21 14:32:17 - [TEST_STEP][PASSED] - son.sendKeys(Deger): null

2021-10-21 14:32:17 - [MESSAGE][PASSED] - Call Test Case 'Test Cases/Olusturma/Genel/Olusturma' successfully

2021-10-21 14:32:17 - [MESSAGE][INFO] - Checking called Test Case

2021-10-21 14:32:17 - [MESSAGE][INFO] - Starting to call Test Case 'Test Cases/Olusturma/Genel/Olusturma'

2021-10-21 14:32:17 - [TEST_CASE][PASSED] - Test Cases/Olusturma/Genel/Olusturma: Test Cases/Olusturma/Genel/Olusturma

2021-10-21 14:32:17 - [TEST_STEP][PASSED] - driver = getWebDriver(): null

2021-10-21 14:32:17 - [TEST_STEP][PASSED] - action = new org.openqa.selenium.interactions.Actions(driver): null

2021-10-21 14:32:17 - [TEST_STEP][PASSED] - baslikElement = <not implemented yet for class: org.codehaus.groovy.ast.expr.EmptyExpression>: null

2021-10-21 14:32:17 - [TEST_STEP][PASSED] - sonElement = <not implemented yet for class: org.codehaus.groovy.ast.expr.EmptyExpression>: null

2021-10-21 14:32:17 - [TEST_STEP][PASSED] - attr = <not implemented yet for class: org.codehaus.groovy.ast.expr.EmptyExpression>: null

2021-10-21 14:32:17 - [TEST_STEP][PASSED] - a = 0: null

2021-10-21 14:32:17 - [TEST_STEP][PASSED] - elements = findWebElements(findTestObject("Object Repository/Olusturma/Genel/Olusturma/TabloBasliklari"), 10): Found 13 web elements with id: 'Object Repository/Olusturma/Genel/Olusturma/TabloBasliklari' located by 'By.cssSelector: div#divmalhizmet .dxgvTable_LECustomTheme td.dxgvHeader_LECustomTheme tr>td:nth-child(1)' in '10' second(s)

2021-10-21 14:32:17 - [MESSAGE][INFO] - Finding Test Object 'Object Repository/Olusturma/Genel/Olusturma/TabloBasliklari'

2021-10-21 14:32:17 - [MESSAGE][INFO] - Checking timeout

2021-10-21 14:32:17 - [MESSAGE][INFO] - Finding web element with id: 'Object Repository/Olusturma/Genel/Olusturma/TabloBasliklari' located by 'By.cssSelector: div#divmalhizmet .dxgvTable_LECustomTheme td.dxgvHeader_LECustomTheme tr>td:nth-child(1)' in '10' second(s)

2021-10-21 14:32:17 - [MESSAGE][INFO] - Smart Wait Function is triggered

2021-10-21 14:32:18 - [MESSAGE][INFO] - Found 13 web elements with id: 'Object Repository/Olusturma/Genel/Olusturma/TabloBasliklari' located by 'By.cssSelector: div#divmalhizmet .dxgvTable_LECustomTheme td.dxgvHeader_LECustomTheme tr>td:nth-child(1)' in '10' second(s)

2021-10-21 14:32:18 - [TEST_STEP][PASSED] - for (def element : elements): null

2021-10-21 14:32:18 - [TEST_STEP][PASSED] - build().perform(): null

2021-10-21 14:32:18 - [TEST_STEP][PASSED] - if (getText().equals(Baslik)): null

2021-10-21 14:32:18 - [TEST_STEP][PASSED] - build().perform(): null

2021-10-21 14:32:18 - [TEST_STEP][PASSED] - if (getText().equals(Baslik)): null

2021-10-21 14:32:18 - [TEST_STEP][PASSED] - build().perform(): null

2021-10-21 14:32:18 - [TEST_STEP][PASSED] - if (getText().equals(Baslik)): null

2021-10-21 14:32:18 - [TEST_STEP][PASSED] - build().perform(): null

2021-10-21 14:32:18 - [TEST_STEP][PASSED] - if (getText().equals(Baslik)): null

2021-10-21 14:32:18 - [TEST_STEP][PASSED] - build().perform(): null

2021-10-21 14:32:18 - [TEST_STEP][PASSED] - if (getText().equals(Baslik)): null

2021-10-21 14:32:18 - [TEST_STEP][PASSED] - build().perform(): null

2021-10-21 14:32:18 - [TEST_STEP][PASSED] - if (getText().equals(Baslik)): null

2021-10-21 14:32:18 - [TEST_STEP][PASSED] - build().perform(): null

2021-10-21 14:32:19 - [TEST_STEP][PASSED] - if (getText().equals(Baslik)): null

2021-10-21 14:32:19 - [TEST_STEP][PASSED] - baslikElement = element.findElement(By.xpath("../../../..")): Smart Wait Function is triggered

2021-10-21 14:32:19 - [MESSAGE][INFO] - Smart Wait Function is triggered

2021-10-21 14:32:19 - [TEST_STEP][PASSED] - attr = baslikElement.getAttribute("id"): null

2021-10-21 14:32:19 - [TEST_STEP][PASSED] - println("girdi ve idsini aldı = " + attr): null

2021-10-21 14:32:19 - [TEST_STEP][PASSED] - break: null

2021-10-21 14:32:19 - [TEST_STEP][PASSED] - countElement = baslikElement.findElements(By.xpath("../td")): Smart Wait Function is triggered

2021-10-21 14:32:19 - [MESSAGE][INFO] - Smart Wait Function is triggered

2021-10-21 14:32:19 - [TEST_STEP][PASSED] - for (def element : countElement): null

2021-10-21 14:32:19 - [TEST_STEP][PASSED] - if (toString().equals(attr.toString())): null

2021-10-21 14:32:19 - [TEST_STEP][PASSED] - (a++): null

2021-10-21 14:32:19 - [TEST_STEP][PASSED] - if (toString().equals(attr.toString())): null

2021-10-21 14:32:19 - [TEST_STEP][PASSED] - (a++): null

2021-10-21 14:32:19 - [TEST_STEP][PASSED] - if (toString().equals(attr.toString())): null

2021-10-21 14:32:19 - [TEST_STEP][PASSED] - (a++): null

2021-10-21 14:32:19 - [TEST_STEP][PASSED] - if (toString().equals(attr.toString())): null

2021-10-21 14:32:19 - [TEST_STEP][PASSED] - (a++): null

2021-10-21 14:32:19 - [TEST_STEP][PASSED] - if (toString().equals(attr.toString())): null

2021-10-21 14:32:19 - [TEST_STEP][PASSED] - (a++): null

2021-10-21 14:32:19 - [TEST_STEP][PASSED] - if (toString().equals(attr.toString())): null

2021-10-21 14:32:19 - [TEST_STEP][PASSED] - (a++): null

2021-10-21 14:32:19 - [TEST_STEP][PASSED] - if (toString().equals(attr.toString())): null

2021-10-21 14:32:19 - [TEST_STEP][PASSED] - (a++): null

2021-10-21 14:32:19 - [TEST_STEP][PASSED] - if (toString().equals(attr.toString())): null

2021-10-21 14:32:19 - [TEST_STEP][PASSED] - break: null

2021-10-21 14:32:19 - [TEST_STEP][PASSED] - son = findWebElement(findTestObject("Object Repository/Olusturma/Genel/Olusturma/EklenenSatir")).findElement(By.xpath("td[@class='dxgvInlineEditCell_LECustomTheme dxgv'][" + a + "]//td[@class='dxic']/input")): Smart Wait Function is triggered

2021-10-21 14:32:19 - [MESSAGE][INFO] - Finding Test Object 'Object Repository/Olusturma/Genel/Olusturma/EklenenSatir'

2021-10-21 14:32:19 - [MESSAGE][INFO] - Finding web element from Test Object's properties

2021-10-21 14:32:19 - [MESSAGE][INFO] - Checking timeout

2021-10-21 14:32:19 - [MESSAGE][INFO] - Finding web element with id: 'Object Repository/Olusturma/Genel/Olusturma/EklenenSatir' located by 'By.cssSelector: #divmalhizmet .dxgvInlineEditRow_LECustomTheme' in '30' second(s)

2021-10-21 14:32:19 - [MESSAGE][INFO] - Smart Wait Function is triggered

2021-10-21 14:32:20 - [MESSAGE][INFO] - Found 1 web elements with id: 'Object Repository/Olusturma/Genel/Olusturma/EklenenSatir' located by 'By.cssSelector: #divmalhizmet .dxgvInlineEditRow_LECustomTheme' in '30' second(s)

2021-10-21 14:32:20 - [MESSAGE][INFO] - Smart Wait Function is triggered

2021-10-21 14:32:20 - [TEST_STEP][PASSED] - if (!(getAttribute("value").contains("Vkn"))): null

2021-10-21 14:32:20 - [TEST_STEP][PASSED] - son.clear(): null

2021-10-21 14:32:20 - [TEST_STEP][PASSED] - son.sendKeys(Deger): null

2021-10-21 14:32:20 - [MESSAGE][PASSED] - Call Test Case 'Test Cases/Olusturma/Genel/Olusturma' successfully

2021-10-21 14:32:20 - [MESSAGE][INFO] - Checking called Test Case

2021-10-21 14:32:20 - [MESSAGE][INFO] - Starting to call Test Case 'Test Cases/Olusturma/Genel/NotGirilir'

2021-10-21 14:32:20 - [TEST_CASE][PASSED] - Test Cases/Olusturma/Genel/NotGirilir: Test Cases/Olusturma/Genel/NotGirilir

2021-10-21 14:32:20 - [TEST_STEP][PASSED] - i = 0: null

2021-10-21 14:32:20 - [TEST_STEP][PASSED] - waitForElementClickable(findTestObject("Olusturma/Genel/Not/Notlar"), 10): Object 'Object Repository/Olusturma/Genel/Not/Notlar' is clickable

2021-10-21 14:32:20 - [MESSAGE][INFO] - Finding Test Object 'Object Repository/Olusturma/Genel/Not/Notlar'

2021-10-21 14:32:21 - [MESSAGE][INFO] - Checking object

2021-10-21 14:32:21 - [MESSAGE][INFO] - Checking timeout

2021-10-21 14:32:21 - [MESSAGE][INFO] - Finding web element from Test Object's properties

2021-10-21 14:32:21 - [MESSAGE][INFO] - Checking timeout

2021-10-21 14:32:21 - [MESSAGE][INFO] - Finding web element with id: 'Object Repository/Olusturma/Genel/Not/Notlar' located by 'By.xpath: //*[@id = 'txtNote_I']' in '10' second(s)

2021-10-21 14:32:21 - [MESSAGE][INFO] - Smart Wait Function is triggered

2021-10-21 14:32:21 - [MESSAGE][INFO] - Found 1 web elements with id: 'Object Repository/Olusturma/Genel/Not/Notlar' located by 'By.xpath: //*[@id = 'txtNote_I']' in '10' second(s)

2021-10-21 14:32:21 - [MESSAGE][PASSED] - Object 'Object Repository/Olusturma/Genel/Not/Notlar' is clickable

2021-10-21 14:32:21 - [TEST_STEP][PASSED] - clearText(findTestObject("Olusturma/Genel/Not/Notlar")): Text of object 'Object Repository/Olusturma/Genel/Not/Notlar' is cleared

2021-10-21 14:32:21 - [MESSAGE][INFO] - Finding Test Object 'Object Repository/Olusturma/Genel/Not/Notlar'

2021-10-21 14:32:21 - [MESSAGE][INFO] - Checking object

2021-10-21 14:32:21 - [MESSAGE][INFO] - Finding web element from Test Object's properties

2021-10-21 14:32:21 - [MESSAGE][INFO] - Checking timeout

2021-10-21 14:32:21 - [MESSAGE][INFO] - Finding web element with id: 'Object Repository/Olusturma/Genel/Not/Notlar' located by 'By.xpath: //*[@id = 'txtNote_I']' in '30' second(s)

2021-10-21 14:32:21 - [MESSAGE][INFO] - Smart Wait Function is triggered

2021-10-21 14:32:21 - [MESSAGE][INFO] - Found 1 web elements with id: 'Object Repository/Olusturma/Genel/Not/Notlar' located by 'By.xpath: //*[@id = 'txtNote_I']' in '30' second(s)

2021-10-21 14:32:21 - [MESSAGE][INFO] - Clearing text of object 'Object Repository/Olusturma/Genel/Not/Notlar'

2021-10-21 14:32:21 - [MESSAGE][PASSED] - Text of object 'Object Repository/Olusturma/Genel/Not/Notlar' is cleared

2021-10-21 14:32:21 - [TEST_STEP][PASSED] - click(findTestObject("Olusturma/Genel/Not/Notlar")): Object: 'Object Repository/Olusturma/Genel/Not/Notlar' is clicked on

2021-10-21 14:32:21 - [MESSAGE][INFO] - Finding Test Object 'Object Repository/Olusturma/Genel/Not/Notlar'

2021-10-21 14:32:21 - [MESSAGE][INFO] - Checking object

2021-10-21 14:32:21 - [MESSAGE][INFO] - Finding web element from Test Object's properties

2021-10-21 14:32:21 - [MESSAGE][INFO] - Checking timeout

2021-10-21 14:32:21 - [MESSAGE][INFO] - Finding web element with id: 'Object Repository/Olusturma/Genel/Not/Notlar' located by 'By.xpath: //*[@id = 'txtNote_I']' in '30' second(s)

2021-10-21 14:32:21 - [MESSAGE][INFO] - Smart Wait Function is triggered

2021-10-21 14:32:22 - [MESSAGE][INFO] - Found 1 web elements with id: 'Object Repository/Olusturma/Genel/Not/Notlar' located by 'By.xpath: //*[@id = 'txtNote_I']' in '30' second(s)

2021-10-21 14:32:22 - [MESSAGE][INFO] - Clicking on object: 'Object Repository/Olusturma/Genel/Not/Notlar'

2021-10-21 14:32:22 - [MESSAGE][PASSED] - Object: 'Object Repository/Olusturma/Genel/Not/Notlar' is clicked on

2021-10-21 14:32:22 - [TEST_STEP][PASSED] - while (true): null

2021-10-21 14:32:22 - [TEST_STEP][PASSED] - delay(1): Delayed 1 second(s)

2021-10-21 14:32:22 - [MESSAGE][INFO] - Delaying browser in 1 second(s)

2021-10-21 14:32:23 - [MESSAGE][PASSED] - Delayed 1 second(s)

2021-10-21 14:32:23 - [TEST_STEP][PASSED] - ajaxIsComplete = executeJavaScript("return jQuery.active == 0", null): Execute JavaScript 'return jQuery.active == 0' successfully

2021-10-21 14:32:23 - [MESSAGE][PASSED] - Execute JavaScript 'return jQuery.active == 0' successfully

2021-10-21 14:32:23 - [TEST_STEP][PASSED] - if (ajaxIsComplete): null

2021-10-21 14:32:23 - [TEST_STEP][PASSED] - if (i > 10): null

2021-10-21 14:32:23 - [TEST_STEP][PASSED] - (i++): null

2021-10-21 14:32:23 - [TEST_STEP][PASSED] - delay(1): Delayed 1 second(s)

2021-10-21 14:32:23 - [MESSAGE][INFO] - Delaying browser in 1 second(s)

2021-10-21 14:32:24 - [MESSAGE][PASSED] - Delayed 1 second(s)

2021-10-21 14:32:24 - [TEST_STEP][PASSED] - ajaxIsComplete = executeJavaScript("return jQuery.active == 0", null): Execute JavaScript 'return jQuery.active == 0' successfully

2021-10-21 14:32:24 - [MESSAGE][PASSED] - Execute JavaScript 'return jQuery.active == 0' successfully

2021-10-21 14:32:24 - [TEST_STEP][PASSED] - if (ajaxIsComplete): null

2021-10-21 14:32:24 - [TEST_STEP][PASSED] - break: null

2021-10-21 14:32:24 - [TEST_STEP][PASSED] - sendKeys(findTestObject("Olusturma/Genel/Not/Notlar"), Not): Keys 'Otomasyon Not' sent to object: 'Object Repository/Olusturma/Genel/Not/Notlar'

2021-10-21 14:32:24 - [MESSAGE][INFO] - Finding Test Object 'Object Repository/Olusturma/Genel/Not/Notlar'

2021-10-21 14:32:24 - [MESSAGE][INFO] - Sending keys 'Otomasyon Not' to object: 'Object Repository/Olusturma/Genel/Not/Notlar'

2021-10-21 14:32:24 - [MESSAGE][INFO] - Finding web element from Test Object's properties

2021-10-21 14:32:24 - [MESSAGE][INFO] - Checking timeout

2021-10-21 14:32:24 - [MESSAGE][INFO] - Finding web element with id: 'Object Repository/Olusturma/Genel/Not/Notlar' located by 'By.xpath: //*[@id = 'txtNote_I']' in '30' second(s)

2021-10-21 14:32:24 - [MESSAGE][INFO] - Smart Wait Function is triggered

2021-10-21 14:32:24 - [MESSAGE][INFO] - Found 1 web elements with id: 'Object Repository/Olusturma/Genel/Not/Notlar' located by 'By.xpath: //*[@id = 'txtNote_I']' in '30' second(s)

2021-10-21 14:32:24 - [MESSAGE][PASSED] - Keys 'Otomasyon Not' sent to object: 'Object Repository/Olusturma/Genel/Not/Notlar'

2021-10-21 14:32:24 - [MESSAGE][PASSED] - Call Test Case 'Test Cases/Olusturma/Genel/NotGirilir' successfully

2021-10-21 14:32:24 - [MESSAGE][INFO] - Checking called Test Case

2021-10-21 14:32:24 - [MESSAGE][INFO] - Starting to call Test Case 'Test Cases/Olusturma/Genel/EttnBilgisiKayitEdilir'

2021-10-21 14:32:24 - [TEST_CASE][PASSED] - Test Cases/Olusturma/Genel/EttnBilgisiKayitEdilir: Test Cases/Olusturma/Genel/EttnBilgisiKayitEdilir

2021-10-21 14:32:24 - [TEST_STEP][PASSED] - verifyElementPresent(findTestObject("Object Repository/Olusturma/Genel/Olusturma/eArsivEttnBilgisi"), 7): Object 'Object Repository/Olusturma/Genel/Olusturma/eArsivEttnBilgisi' is present

2021-10-21 14:32:24 - [MESSAGE][INFO] - Finding Test Object 'Object Repository/Olusturma/Genel/Olusturma/eArsivEttnBilgisi'

2021-10-21 14:32:25 - [MESSAGE][INFO] - Checking object

2021-10-21 14:32:25 - [MESSAGE][INFO] - Finding web element from Test Object's properties

2021-10-21 14:32:25 - [MESSAGE][INFO] - Checking timeout

2021-10-21 14:32:25 - [MESSAGE][INFO] - Finding web element with id: 'Object Repository/Olusturma/Genel/Olusturma/eArsivEttnBilgisi' located by 'By.xpath: //*[@id = 'Uuid_I']' in '7' second(s)

2021-10-21 14:32:25 - [MESSAGE][INFO] - Smart Wait Function is triggered

2021-10-21 14:32:25 - [MESSAGE][INFO] - Found 1 web elements with id: 'Object Repository/Olusturma/Genel/Olusturma/eArsivEttnBilgisi' located by 'By.xpath: //*[@id = 'Uuid_I']' in '7' second(s)

2021-10-21 14:32:25 - [MESSAGE][PASSED] - Object 'Object Repository/Olusturma/Genel/Olusturma/eArsivEttnBilgisi' is present

2021-10-21 14:32:25 - [TEST_STEP][PASSED] - ettn = getAttribute(findTestObject("Object Repository/Olusturma/Genel/Olusturma/eArsivEttnBilgisi"), "value"): Attribute 'value' of object 'Object Repository/Olusturma/Genel/Olusturma/eArsivEttnBilgisi' is: '96572efd-61d3-4cf1-9301-7363208cbaee'

2021-10-21 14:32:25 - [MESSAGE][INFO] - Finding Test Object 'Object Repository/Olusturma/Genel/Olusturma/eArsivEttnBilgisi'

2021-10-21 14:32:25 - [MESSAGE][INFO] - Checking object

2021-10-21 14:32:25 - [MESSAGE][INFO] - Checking attribute

2021-10-21 14:32:25 - [MESSAGE][INFO] - Finding web element from Test Object's properties

2021-10-21 14:32:25 - [MESSAGE][INFO] - Checking timeout

2021-10-21 14:32:25 - [MESSAGE][INFO] - Finding web element with id: 'Object Repository/Olusturma/Genel/Olusturma/eArsivEttnBilgisi' located by 'By.xpath: //*[@id = 'Uuid_I']' in '30' second(s)

2021-10-21 14:32:25 - [MESSAGE][INFO] - Smart Wait Function is triggered

2021-10-21 14:32:25 - [MESSAGE][INFO] - Found 1 web elements with id: 'Object Repository/Olusturma/Genel/Olusturma/eArsivEttnBilgisi' located by 'By.xpath: //*[@id = 'Uuid_I']' in '30' second(s)

2021-10-21 14:32:25 - [MESSAGE][INFO] - Getting attribute 'value' of object 'Object Repository/Olusturma/Genel/Olusturma/eArsivEttnBilgisi'

2021-10-21 14:32:25 - [MESSAGE][PASSED] - Attribute 'value' of object 'Object Repository/Olusturma/Genel/Olusturma/eArsivEttnBilgisi' is: '96572efd-61d3-4cf1-9301-7363208cbaee'

2021-10-21 14:32:25 - [MESSAGE][PASSED] - Call Test Case 'Test Cases/Olusturma/Genel/EttnBilgisiKayitEdilir' successfully

2021-10-21 14:32:25 - [MESSAGE][INFO] - Checking called Test Case

2021-10-21 14:32:25 - [MESSAGE][INFO] - Starting to call Test Case 'Test Cases/Olusturma/Genel/KaydetButonunaTiklanir'

2021-10-21 14:32:25 - [TEST_CASE][PASSED] - Test Cases/Olusturma/Genel/KaydetButonunaTiklanir: Test Cases/Olusturma/Genel/KaydetButonunaTiklanir

2021-10-21 14:32:25 - [TEST_STEP][PASSED] - i = 0: null

2021-10-21 14:32:25 - [TEST_STEP][PASSED] - waitForElementPresent(findTestObject("Olusturma/Genel/Not/Notlar"), 10): Object 'Object Repository/Olusturma/Genel/Not/Notlar' is present

2021-10-21 14:32:25 - [MESSAGE][INFO] - Finding Test Object 'Object Repository/Olusturma/Genel/Not/Notlar'

2021-10-21 14:32:26 - [MESSAGE][INFO] - Checking object

2021-10-21 14:32:26 - [MESSAGE][INFO] - Finding web element from Test Object's properties

2021-10-21 14:32:26 - [MESSAGE][INFO] - Checking timeout

2021-10-21 14:32:26 - [MESSAGE][INFO] - Finding web element with id: 'Object Repository/Olusturma/Genel/Not/Notlar' located by 'By.xpath: //*[@id = 'txtNote_I']' in '10' second(s)

2021-10-21 14:32:26 - [MESSAGE][INFO] - Smart Wait Function is triggered

2021-10-21 14:32:26 - [MESSAGE][INFO] - Found 1 web elements with id: 'Object Repository/Olusturma/Genel/Not/Notlar' located by 'By.xpath: //*[@id = 'txtNote_I']' in '10' second(s)

2021-10-21 14:32:26 - [MESSAGE][PASSED] - Object 'Object Repository/Olusturma/Genel/Not/Notlar' is present

2021-10-21 14:32:26 - [TEST_STEP][PASSED] - click(findTestObject("Olusturma/Genel/Not/Notlar")): Object: 'Object Repository/Olusturma/Genel/Not/Notlar' is clicked on

2021-10-21 14:32:26 - [MESSAGE][INFO] - Finding Test Object 'Object Repository/Olusturma/Genel/Not/Notlar'

2021-10-21 14:32:26 - [MESSAGE][INFO] - Checking object

2021-10-21 14:32:26 - [MESSAGE][INFO] - Finding web element from Test Object's properties

2021-10-21 14:32:26 - [MESSAGE][INFO] - Checking timeout

2021-10-21 14:32:26 - [MESSAGE][INFO] - Finding web element with id: 'Object Repository/Olusturma/Genel/Not/Notlar' located by 'By.xpath: //*[@id = 'txtNote_I']' in '30' second(s)

2021-10-21 14:32:26 - [MESSAGE][INFO] - Smart Wait Function is triggered

2021-10-21 14:32:26 - [MESSAGE][INFO] - Found 1 web elements with id: 'Object Repository/Olusturma/Genel/Not/Notlar' located by 'By.xpath: //*[@id = 'txtNote_I']' in '30' second(s)

2021-10-21 14:32:26 - [MESSAGE][INFO] - Clicking on object: 'Object Repository/Olusturma/Genel/Not/Notlar'

2021-10-21 14:32:26 - [MESSAGE][PASSED] - Object: 'Object Repository/Olusturma/Genel/Not/Notlar' is clicked on

2021-10-21 14:32:26 - [TEST_STEP][PASSED] - while (true): null

2021-10-21 14:32:26 - [TEST_STEP][PASSED] - delay(1): Delayed 1 second(s)

2021-10-21 14:32:26 - [MESSAGE][INFO] - Delaying browser in 1 second(s)

2021-10-21 14:32:27 - [MESSAGE][PASSED] - Delayed 1 second(s)

2021-10-21 14:32:27 - [TEST_STEP][PASSED] - ajaxIsComplete = executeJavaScript("return jQuery.active == 0", null): Execute JavaScript 'return jQuery.active == 0' successfully

2021-10-21 14:32:27 - [MESSAGE][PASSED] - Execute JavaScript 'return jQuery.active == 0' successfully

2021-10-21 14:32:27 - [TEST_STEP][PASSED] - if (ajaxIsComplete): null

2021-10-21 14:32:27 - [TEST_STEP][PASSED] - break: null

2021-10-21 14:32:27 - [TEST_STEP][PASSED] - waitForElementClickable(findTestObject("Object Repository/Olusturma/Genel/Buton"), 10): Object 'Object Repository/Olusturma/Genel/Buton' is clickable

2021-10-21 14:32:27 - [MESSAGE][INFO] - Finding Test Object 'Object Repository/Olusturma/Genel/Buton'

2021-10-21 14:32:28 - [MESSAGE][INFO] - Checking object

2021-10-21 14:32:28 - [MESSAGE][INFO] - Checking timeout

2021-10-21 14:32:28 - [MESSAGE][INFO] - Finding web element from Test Object's properties

2021-10-21 14:32:28 - [MESSAGE][INFO] - Checking timeout

2021-10-21 14:32:28 - [MESSAGE][INFO] - Finding web element with id: 'Object Repository/Olusturma/Genel/Buton' located by 'By.xpath: //*[@id = 'btnKaydet']' in '10' second(s)

2021-10-21 14:32:28 - [MESSAGE][INFO] - Smart Wait Function is triggered

2021-10-21 14:32:28 - [MESSAGE][INFO] - Found 1 web elements with id: 'Object Repository/Olusturma/Genel/Buton' located by 'By.xpath: //*[@id = 'btnKaydet']' in '10' second(s)

2021-10-21 14:32:28 - [MESSAGE][PASSED] - Object 'Object Repository/Olusturma/Genel/Buton' is clickable

2021-10-21 14:32:28 - [TEST_STEP][PASSED] - click(findTestObject("Object Repository/Olusturma/Genel/Buton")): Object: 'Object Repository/Olusturma/Genel/Buton' is clicked on

2021-10-21 14:32:28 - [MESSAGE][INFO] - Finding Test Object 'Object Repository/Olusturma/Genel/Buton'

2021-10-21 14:32:28 - [MESSAGE][INFO] - Checking object

2021-10-21 14:32:28 - [MESSAGE][INFO] - Finding web element from Test Object's properties

2021-10-21 14:32:28 - [MESSAGE][INFO] - Checking timeout

2021-10-21 14:32:28 - [MESSAGE][INFO] - Finding web element with id: 'Object Repository/Olusturma/Genel/Buton' located by 'By.xpath: //*[@id = 'btnKaydet']' in '30' second(s)

2021-10-21 14:32:28 - [MESSAGE][INFO] - Smart Wait Function is triggered

2021-10-21 14:32:28 - [MESSAGE][INFO] - Found 1 web elements with id: 'Object Repository/Olusturma/Genel/Buton' located by 'By.xpath: //*[@id = 'btnKaydet']' in '30' second(s)

2021-10-21 14:32:28 - [MESSAGE][INFO] - Clicking on object: 'Object Repository/Olusturma/Genel/Buton'

2021-10-21 14:32:31 - [MESSAGE][PASSED] - Object: 'Object Repository/Olusturma/Genel/Buton' is clicked on

2021-10-21 14:32:31 - [MESSAGE][PASSED] - Call Test Case 'Test Cases/Olusturma/Genel/KaydetButonunaTiklanir' successfully

2021-10-21 14:32:31 - [MESSAGE][INFO] - Checking called Test Case

2021-10-21 14:32:31 - [MESSAGE][INFO] - Starting to call Test Case 'Test Cases/Tablo/TablodaEttnliVeriOlusturulduMu'

2021-10-21 14:32:31 - [TEST_CASE][PASSED] - Test Cases/Tablo/TablodaEttnliVeriOlusturulduMu: Test Cases/Tablo/TablodaEttnliVeriOlusturulduMu

2021-10-21 14:32:31 - [TEST_STEP][PASSED] - Method.TextDegerineEsitElementVarMi(findTestObject("Tablo/OlusturulanVeri"), ettn): Method.TextDegerineEsitElementVarMi is PASSED

2021-10-21 14:32:31 - [MESSAGE][INFO] - Finding Test Object 'Object Repository/Tablo/OlusturulanVeri'

2021-10-21 14:32:31 - [MESSAGE][INFO] - Checking timeout

2021-10-21 14:32:31 - [MESSAGE][INFO] - Finding web element with id: 'Object Repository/Tablo/OlusturulanVeri' located by 'By.cssSelector: table.dxgvTable_LECustomTheme>tbody>tr:nth-child(3)>td.dxgv b,table.dxgvTable_LECustomTheme>tbody>tr:nth-child(3)>td.dxgv' in '10' second(s)

2021-10-21 14:32:31 - [MESSAGE][INFO] - Smart Wait Function is triggered

2021-10-21 14:32:31 - [MESSAGE][INFO] - Found 14 web elements with id: 'Object Repository/Tablo/OlusturulanVeri' located by 'By.cssSelector: table.dxgvTable_LECustomTheme>tbody>tr:nth-child(3)>td.dxgv b,table.dxgvTable_LECustomTheme>tbody>tr:nth-child(3)>td.dxgv' in '10' second(s)

2021-10-21 14:32:32 - [MESSAGE][PASSED] - Method.TextDegerineEsitElementVarMi is PASSED

2021-10-21 14:32:32 - [MESSAGE][PASSED] - Call Test Case 'Test Cases/Tablo/TablodaEttnliVeriOlusturulduMu' successfully

2021-10-21 14:32:32 - [MESSAGE][INFO] - Checking called Test Case

2021-10-21 14:32:32 - [MESSAGE][INFO] - Starting to call Test Case 'Test Cases/Tablo/TablodanEttnliVeriSec'

2021-10-21 14:32:32 - [TEST_CASE][PASSED] - Test Cases/Tablo/TablodanEttnliVeriSec: Test Cases/Tablo/TablodanEttnliVeriSec

2021-10-21 14:32:32 - [TEST_STEP][PASSED] - Method.TextDegerineEsitElementinAltindakineTikla(findTestObject("Tablo/Veriler"), findTestObject("Tablo/VerininCheckBoxi"), ettn): Method.TextDegerineEsitElementinAltindakineTikla is PASSED

2021-10-21 14:32:32 - [MESSAGE][INFO] - Finding Test Object 'Object Repository/Tablo/Veriler'

2021-10-21 14:32:32 - [MESSAGE][INFO] - Finding Test Object 'Object Repository/Tablo/VerininCheckBoxi'

2021-10-21 14:32:32 - [MESSAGE][INFO] - Checking timeout

2021-10-21 14:32:32 - [MESSAGE][INFO] - Finding web element with id: 'Object Repository/Tablo/Veriler' located by 'By.cssSelector: td.dxgv b ,td.dxgv' in '10' second(s)

2021-10-21 14:32:32 - [MESSAGE][INFO] - Smart Wait Function is triggered

2021-10-21 14:32:32 - [MESSAGE][INFO] - Found 70 web elements with id: 'Object Repository/Tablo/Veriler' located by 'By.cssSelector: td.dxgv b ,td.dxgv' in '10' second(s)

2021-10-21 14:32:32 - [MESSAGE][INFO] - Smart Wait Function is triggered

2021-10-21 14:32:33 - [MESSAGE][PASSED] - Method.TextDegerineEsitElementinAltindakineTikla is PASSED

2021-10-21 14:32:33 - [MESSAGE][PASSED] - Call Test Case 'Test Cases/Tablo/TablodanEttnliVeriSec' successfully

2021-10-21 14:32:33 - [MESSAGE][INFO] - Checking called Test Case

2021-10-21 14:32:33 - [MESSAGE][INFO] - Starting to call Test Case 'Test Cases/Butonlar/ButonaTikla'

2021-10-21 14:32:33 - [TEST_CASE][PASSED] - Test Cases/Butonlar/ButonaTikla: Test Cases/Butonlar/ButonaTikla

2021-10-21 14:32:33 - [TEST_STEP][PASSED] - Method.TextDegerineEsitElementeTiklaEquals(findTestObject("Butonlar/Butonlar"), Buton_Adi): Method.TextDegerineEsitElementeTiklaEquals is PASSED

2021-10-21 14:32:33 - [MESSAGE][INFO] - Finding Test Object 'Object Repository/Butonlar/Butonlar'

2021-10-21 14:32:33 - [MESSAGE][INFO] - Checking timeout

2021-10-21 14:32:33 - [MESSAGE][INFO] - Finding web element with id: 'Object Repository/Butonlar/Butonlar' located by 'By.cssSelector: .panel.panel-default.text-center.footerPanel .btn,.btn.btn-primary.btnControls' in '10' second(s)

2021-10-21 14:32:33 - [MESSAGE][INFO] - Smart Wait Function is triggered

2021-10-21 14:32:33 - [MESSAGE][INFO] - Found 10 web elements with id: 'Object Repository/Butonlar/Butonlar' located by 'By.cssSelector: .panel.panel-default.text-center.footerPanel .btn,.btn.btn-primary.btnControls' in '10' second(s)

2021-10-21 14:32:33 - [MESSAGE][PASSED] - Method.TextDegerineEsitElementeTiklaEquals is PASSED

2021-10-21 14:32:33 - [MESSAGE][PASSED] - Call Test Case 'Test Cases/Butonlar/ButonaTikla' successfully

2021-10-21 14:32:33 - [MESSAGE][INFO] - Checking called Test Case

2021-10-21 14:32:33 - [MESSAGE][INFO] - Starting to call Test Case 'Test Cases/Popup/PopupMesajiIceriyorMu'

2021-10-21 14:32:34 - [TEST_CASE][PASSED] - Test Cases/Popup/PopupMesajiIceriyorMu: Test Cases/Popup/PopupMesajiIceriyorMu

2021-10-21 14:32:34 - [TEST_STEP][PASSED] - waitForElementVisible(findTestObject("Popup/Popup"), 10): Object 'Object Repository/Popup/Popup' is visible

2021-10-21 14:32:34 - [MESSAGE][INFO] - Finding Test Object 'Object Repository/Popup/Popup'

2021-10-21 14:32:34 - [MESSAGE][INFO] - Checking object

2021-10-21 14:32:34 - [MESSAGE][INFO] - Checking timeout

2021-10-21 14:32:34 - [MESSAGE][INFO] - Finding web element from Test Object's properties

2021-10-21 14:32:34 - [MESSAGE][INFO] - Checking timeout

2021-10-21 14:32:34 - [MESSAGE][INFO] - Finding web element with id: 'Object Repository/Popup/Popup' located by 'By.cssSelector: .bootbox-body' in '10' second(s)

2021-10-21 14:32:34 - [MESSAGE][INFO] - Smart Wait Function is triggered

2021-10-21 14:32:34 - [MESSAGE][INFO] - Found 1 web elements with id: 'Object Repository/Popup/Popup' located by 'By.cssSelector: .bootbox-body' in '10' second(s)

2021-10-21 14:32:34 - [MESSAGE][PASSED] - Object 'Object Repository/Popup/Popup' is visible

2021-10-21 14:32:34 - [TEST_STEP][PASSED] - if (!(getText(findTestObject("Popup/Popup")).contains(Mesaj))): Text of object 'Object Repository/Popup/Popup' is: 'Oluşturulacak fatura numarası : EAR2021000000404 Fatura numarası oluşturulduktan sonra fatura silinemez. Fatura numarası, tarihi ve ön eki değiştirilemez. Devam etmek istiyor musunuz?'

2021-10-21 14:32:34 - [MESSAGE][INFO] - Finding Test Object 'Object Repository/Popup/Popup'

2021-10-21 14:32:35 - [MESSAGE][INFO] - Checking object

2021-10-21 14:32:35 - [MESSAGE][INFO] - Finding web element from Test Object's properties

2021-10-21 14:32:35 - [MESSAGE][INFO] - Checking timeout

2021-10-21 14:32:35 - [MESSAGE][INFO] - Finding web element with id: 'Object Repository/Popup/Popup' located by 'By.cssSelector: .bootbox-body' in '30' second(s)

2021-10-21 14:32:35 - [MESSAGE][INFO] - Smart Wait Function is triggered

2021-10-21 14:32:35 - [MESSAGE][INFO] - Found 1 web elements with id: 'Object Repository/Popup/Popup' located by 'By.cssSelector: .bootbox-body' in '30' second(s)

2021-10-21 14:32:35 - [MESSAGE][INFO] - Getting text of object 'Object Repository/Popup/Popup'

2021-10-21 14:32:35 - [MESSAGE][PASSED] - Text of object 'Object Repository/Popup/Popup' is: 'Oluşturulacak fatura numarası : EAR2021000000404 Fatura numarası oluşturulduktan sonra fatura silinemez. Fatura numarası, tarihi ve ön eki değiştirilemez. Devam etmek istiyor musunuz?'

2021-10-21 14:32:35 - [TEST_STEP][PASSED] - RaporNo = getText(findTestObject("Popup/Popup")).substring(0, 6): Text of object 'Object Repository/Popup/Popup' is: 'Oluşturulacak fatura numarası : EAR2021000000404 Fatura numarası oluşturulduktan sonra fatura silinemez. Fatura numarası, tarihi ve ön eki değiştirilemez. Devam etmek istiyor musunuz?'

2021-10-21 14:32:35 - [MESSAGE][INFO] - Finding Test Object 'Object Repository/Popup/Popup'

2021-10-21 14:32:35 - [MESSAGE][INFO] - Checking object

2021-10-21 14:32:35 - [MESSAGE][INFO] - Finding web element from Test Object's properties

2021-10-21 14:32:35 - [MESSAGE][INFO] - Checking timeout

2021-10-21 14:32:35 - [MESSAGE][INFO] - Finding web element with id: 'Object Repository/Popup/Popup' located by 'By.cssSelector: .bootbox-body' in '30' second(s)

2021-10-21 14:32:35 - [MESSAGE][INFO] - Smart Wait Function is triggered

2021-10-21 14:32:35 - [MESSAGE][INFO] - Found 1 web elements with id: 'Object Repository/Popup/Popup' located by 'By.cssSelector: .bootbox-body' in '30' second(s)

2021-10-21 14:32:35 - [MESSAGE][INFO] - Getting text of object 'Object Repository/Popup/Popup'

2021-10-21 14:32:35 - [MESSAGE][PASSED] - Text of object 'Object Repository/Popup/Popup' is: 'Oluşturulacak fatura numarası : EAR2021000000404 Fatura numarası oluşturulduktan sonra fatura silinemez. Fatura numarası, tarihi ve ön eki değiştirilemez. Devam etmek istiyor musunuz?'

2021-10-21 14:32:35 - [TEST_STEP][PASSED] - Console.println(RaporNo): null

2021-10-21 14:32:35 - [MESSAGE][PASSED] - Call Test Case 'Test Cases/Popup/PopupMesajiIceriyorMu' successfully

2021-10-21 14:32:35 - [MESSAGE][INFO] - Checking called Test Case

2021-10-21 14:32:35 - [MESSAGE][INFO] - Starting to call Test Case 'Test Cases/Popup/PopupButonSecilir'

2021-10-21 14:32:35 - [TEST_CASE][PASSED] - Test Cases/Popup/PopupButonSecilir: Test Cases/Popup/PopupButonSecilir

2021-10-21 14:32:35 - [TEST_STEP][PASSED] - Method.TextDegerineEsitElementeTikla(findTestObject("Popup/Popup_Butons"), Buton): Method.TextDegerineEsitElementeTikla is PASSED

2021-10-21 14:32:35 - [MESSAGE][INFO] - Finding Test Object 'Object Repository/Popup/Popup_Butons'

2021-10-21 14:32:35 - [MESSAGE][INFO] - Checking timeout

2021-10-21 14:32:35 - [MESSAGE][INFO] - Finding web element with id: 'Object Repository/Popup/Popup_Butons' located by 'By.cssSelector: .modal-footer>button' in '10' second(s)

2021-10-21 14:32:35 - [MESSAGE][INFO] - Smart Wait Function is triggered

2021-10-21 14:32:36 - [MESSAGE][INFO] - Found 2 web elements with id: 'Object Repository/Popup/Popup_Butons' located by 'By.cssSelector: .modal-footer>button' in '10' second(s)

2021-10-21 14:32:36 - [MESSAGE][PASSED] - Method.TextDegerineEsitElementeTikla is PASSED

2021-10-21 14:32:36 - [MESSAGE][PASSED] - Call Test Case 'Test Cases/Popup/PopupButonSecilir' successfully

2021-10-21 14:32:36 - [MESSAGE][INFO] - Checking called Test Case

2021-10-21 14:32:36 - [MESSAGE][INFO] - Starting to call Test Case 'Test Cases/Popup/PopupMesajiIceriyorMu'

2021-10-21 14:32:36 - [TEST_CASE][PASSED] - Test Cases/Popup/PopupMesajiIceriyorMu: Test Cases/Popup/PopupMesajiIceriyorMu

2021-10-21 14:32:36 - [TEST_STEP][PASSED] - waitForElementVisible(findTestObject("Popup/Popup"), 10): Object 'Object Repository/Popup/Popup' is visible

2021-10-21 14:32:36 - [MESSAGE][INFO] - Finding Test Object 'Object Repository/Popup/Popup'

2021-10-21 14:32:36 - [MESSAGE][INFO] - Checking object

2021-10-21 14:32:36 - [MESSAGE][INFO] - Checking timeout

2021-10-21 14:32:36 - [MESSAGE][INFO] - Finding web element from Test Object's properties

2021-10-21 14:32:36 - [MESSAGE][INFO] - Checking timeout

2021-10-21 14:32:36 - [MESSAGE][INFO] - Finding web element with id: 'Object Repository/Popup/Popup' located by 'By.cssSelector: .bootbox-body' in '10' second(s)

2021-10-21 14:32:36 - [MESSAGE][INFO] - Smart Wait Function is triggered

2021-10-21 14:32:37 - [MESSAGE][INFO] - Found 1 web elements with id: 'Object Repository/Popup/Popup' located by 'By.cssSelector: .bootbox-body' in '10' second(s)

2021-10-21 14:32:37 - [MESSAGE][PASSED] - Object 'Object Repository/Popup/Popup' is visible

2021-10-21 14:32:37 - [TEST_STEP][PASSED] - if (!(getText(findTestObject("Popup/Popup")).contains(Mesaj))): Text of object 'Object Repository/Popup/Popup' is: 'Fatura numaranız EAR2021000000404 olarak oluşmuştur.'

2021-10-21 14:32:37 - [MESSAGE][INFO] - Finding Test Object 'Object Repository/Popup/Popup'

2021-10-21 14:32:37 - [MESSAGE][INFO] - Checking object

2021-10-21 14:32:37 - [MESSAGE][INFO] - Finding web element from Test Object's properties

2021-10-21 14:32:37 - [MESSAGE][INFO] - Checking timeout

2021-10-21 14:32:37 - [MESSAGE][INFO] - Finding web element with id: 'Object Repository/Popup/Popup' located by 'By.cssSelector: .bootbox-body' in '30' second(s)

2021-10-21 14:32:37 - [MESSAGE][INFO] - Smart Wait Function is triggered

2021-10-21 14:32:37 - [MESSAGE][INFO] - Found 1 web elements with id: 'Object Repository/Popup/Popup' located by 'By.cssSelector: .bootbox-body' in '30' second(s)

2021-10-21 14:32:37 - [MESSAGE][INFO] - Getting text of object 'Object Repository/Popup/Popup'

2021-10-21 14:32:37 - [MESSAGE][PASSED] - Text of object 'Object Repository/Popup/Popup' is: 'Fatura numaranız EAR2021000000404 olarak oluşmuştur.'

2021-10-21 14:32:37 - [TEST_STEP][PASSED] - RaporNo = getText(findTestObject("Popup/Popup")).substring(0, 6): Text of object 'Object Repository/Popup/Popup' is: 'Fatura numaranız EAR2021000000404 olarak oluşmuştur.'

2021-10-21 14:32:37 - [MESSAGE][INFO] - Finding Test Object 'Object Repository/Popup/Popup'

2021-10-21 14:32:37 - [MESSAGE][INFO] - Checking object

2021-10-21 14:32:37 - [MESSAGE][INFO] - Finding web element from Test Object's properties

2021-10-21 14:32:37 - [MESSAGE][INFO] - Checking timeout

2021-10-21 14:32:37 - [MESSAGE][INFO] - Finding web element with id: 'Object Repository/Popup/Popup' located by 'By.cssSelector: .bootbox-body' in '30' second(s)

2021-10-21 14:32:37 - [MESSAGE][INFO] - Smart Wait Function is triggered

2021-10-21 14:32:37 - [MESSAGE][INFO] - Found 1 web elements with id: 'Object Repository/Popup/Popup' located by 'By.cssSelector: .bootbox-body' in '30' second(s)

2021-10-21 14:32:37 - [MESSAGE][INFO] - Getting text of object 'Object Repository/Popup/Popup'

2021-10-21 14:32:37 - [MESSAGE][PASSED] - Text of object 'Object Repository/Popup/Popup' is: 'Fatura numaranız EAR2021000000404 olarak oluşmuştur.'

2021-10-21 14:32:37 - [TEST_STEP][PASSED] - Console.println(RaporNo): null

2021-10-21 14:32:37 - [MESSAGE][PASSED] - Call Test Case 'Test Cases/Popup/PopupMesajiIceriyorMu' successfully

2021-10-21 14:32:37 - [MESSAGE][INFO] - Checking called Test Case

2021-10-21 14:32:37 - [MESSAGE][INFO] - Starting to call Test Case 'Test Cases/Popup/PopupButonSecilir'

2021-10-21 14:32:38 - [TEST_CASE][PASSED] - Test Cases/Popup/PopupButonSecilir: Test Cases/Popup/PopupButonSecilir

2021-10-21 14:32:38 - [TEST_STEP][PASSED] - Method.TextDegerineEsitElementeTikla(findTestObject("Popup/Popup_Butons"), Buton): Method.TextDegerineEsitElementeTikla is PASSED

2021-10-21 14:32:38 - [MESSAGE][INFO] - Finding Test Object 'Object Repository/Popup/Popup_Butons'

2021-10-21 14:32:38 - [MESSAGE][INFO] - Checking timeout

2021-10-21 14:32:38 - [MESSAGE][INFO] - Finding web element with id: 'Object Repository/Popup/Popup_Butons' located by 'By.cssSelector: .modal-footer>button' in '10' second(s)

2021-10-21 14:32:38 - [MESSAGE][INFO] - Smart Wait Function is triggered

2021-10-21 14:32:38 - [MESSAGE][INFO] - Found 1 web elements with id: 'Object Repository/Popup/Popup_Butons' located by 'By.cssSelector: .modal-footer>button' in '10' second(s)

2021-10-21 14:32:38 - [MESSAGE][PASSED] - Method.TextDegerineEsitElementeTikla is PASSED

2021-10-21 14:32:38 - [MESSAGE][PASSED] - Call Test Case 'Test Cases/Popup/PopupButonSecilir' successfully

2021-10-21 14:32:38 - [MESSAGE][INFO] - Checking called Test Case

2021-10-21 14:32:38 - [MESSAGE][INFO] - Starting to call Test Case 'Test Cases/Tablo/TablodanEttnliVeriSec'

2021-10-21 14:32:38 - [TEST_CASE][PASSED] - Test Cases/Tablo/TablodanEttnliVeriSec: Test Cases/Tablo/TablodanEttnliVeriSec

2021-10-21 14:32:38 - [TEST_STEP][PASSED] - Method.TextDegerineEsitElementinAltindakineTikla(findTestObject("Tablo/Veriler"), findTestObject("Tablo/VerininCheckBoxi"), ettn): Method.TextDegerineEsitElementinAltindakineTikla is PASSED

2021-10-21 14:32:38 - [MESSAGE][INFO] - Finding Test Object 'Object Repository/Tablo/Veriler'

2021-10-21 14:32:38 - [MESSAGE][INFO] - Finding Test Object 'Object Repository/Tablo/VerininCheckBoxi'

2021-10-21 14:32:38 - [MESSAGE][INFO] - Checking timeout

2021-10-21 14:32:38 - [MESSAGE][INFO] - Finding web element with id: 'Object Repository/Tablo/Veriler' located by 'By.cssSelector: td.dxgv b ,td.dxgv' in '10' second(s)

2021-10-21 14:32:38 - [MESSAGE][INFO] - Smart Wait Function is triggered

2021-10-21 14:32:39 - [MESSAGE][INFO] - Found 70 web elements with id: 'Object Repository/Tablo/Veriler' located by 'By.cssSelector: td.dxgv b ,td.dxgv' in '10' second(s)

2021-10-21 14:32:39 - [MESSAGE][INFO] - Smart Wait Function is triggered

2021-10-21 14:32:39 - [MESSAGE][PASSED] - Method.TextDegerineEsitElementinAltindakineTikla is PASSED

2021-10-21 14:32:39 - [MESSAGE][PASSED] - Call Test Case 'Test Cases/Tablo/TablodanEttnliVeriSec' successfully

2021-10-21 14:32:39 - [MESSAGE][INFO] - Checking called Test Case

2021-10-21 14:32:39 - [MESSAGE][INFO] - Starting to call Test Case 'Test Cases/Butonlar/ButonaTikla'

2021-10-21 14:32:39 - [TEST_CASE][PASSED] - Test Cases/Butonlar/ButonaTikla: Test Cases/Butonlar/ButonaTikla

2021-10-21 14:32:39 - [TEST_STEP][PASSED] - Method.TextDegerineEsitElementeTiklaEquals(findTestObject("Butonlar/Butonlar"), Buton_Adi): Method.TextDegerineEsitElementeTiklaEquals is PASSED

2021-10-21 14:32:39 - [MESSAGE][INFO] - Finding Test Object 'Object Repository/Butonlar/Butonlar'

2021-10-21 14:32:40 - [MESSAGE][INFO] - Checking timeout

2021-10-21 14:32:40 - [MESSAGE][INFO] - Finding web element with id: 'Object Repository/Butonlar/Butonlar' located by 'By.cssSelector: .panel.panel-default.text-center.footerPanel .btn,.btn.btn-primary.btnControls' in '10' second(s)

2021-10-21 14:32:40 - [MESSAGE][INFO] - Smart Wait Function is triggered

2021-10-21 14:32:40 - [MESSAGE][INFO] - Found 10 web elements with id: 'Object Repository/Butonlar/Butonlar' located by 'By.cssSelector: .panel.panel-default.text-center.footerPanel .btn,.btn.btn-primary.btnControls' in '10' second(s)

2021-10-21 14:32:40 - [MESSAGE][PASSED] - Method.TextDegerineEsitElementeTiklaEquals is PASSED

2021-10-21 14:32:40 - [MESSAGE][PASSED] - Call Test Case 'Test Cases/Butonlar/ButonaTikla' successfully

2021-10-21 14:32:40 - [MESSAGE][INFO] - Checking called Test Case

2021-10-21 14:32:40 - [MESSAGE][INFO] - Starting to call Test Case 'Test Cases/Popup/PopupMesajiIceriyorMu'

2021-10-21 14:32:41 - [TEST_CASE][PASSED] - Test Cases/Popup/PopupMesajiIceriyorMu: Test Cases/Popup/PopupMesajiIceriyorMu

2021-10-21 14:32:41 - [TEST_STEP][PASSED] - waitForElementVisible(findTestObject("Popup/Popup"), 10): Object 'Object Repository/Popup/Popup' is visible

2021-10-21 14:32:41 - [MESSAGE][INFO] - Finding Test Object 'Object Repository/Popup/Popup'

2021-10-21 14:32:41 - [MESSAGE][INFO] - Checking object

2021-10-21 14:32:41 - [MESSAGE][INFO] - Checking timeout

2021-10-21 14:32:41 - [MESSAGE][INFO] - Finding web element from Test Object's properties

2021-10-21 14:32:41 - [MESSAGE][INFO] - Checking timeout

2021-10-21 14:32:41 - [MESSAGE][INFO] - Finding web element with id: 'Object Repository/Popup/Popup' located by 'By.cssSelector: .bootbox-body' in '10' second(s)

2021-10-21 14:32:41 - [MESSAGE][INFO] - Smart Wait Function is triggered

2021-10-21 14:32:41 - [MESSAGE][INFO] - Found 1 web elements with id: 'Object Repository/Popup/Popup' located by 'By.cssSelector: .bootbox-body' in '10' second(s)

2021-10-21 14:32:41 - [MESSAGE][PASSED] - Object 'Object Repository/Popup/Popup' is visible

2021-10-21 14:32:41 - [TEST_STEP][PASSED] - if (!(getText(findTestObject("Popup/Popup")).contains(Mesaj))): Text of object 'Object Repository/Popup/Popup' is: 'Seçilen faturalarınız onaylanacaktır. Onaylanan faturalar üzerinde değişiklik yapılamaz. Devam etmek istiyor musunuz?'

2021-10-21 14:32:41 - [MESSAGE][INFO] - Finding Test Object 'Object Repository/Popup/Popup'

2021-10-21 14:32:41 - [MESSAGE][INFO] - Checking object

2021-10-21 14:32:41 - [MESSAGE][INFO] - Finding web element from Test Object's properties

2021-10-21 14:32:41 - [MESSAGE][INFO] - Checking timeout

2021-10-21 14:32:41 - [MESSAGE][INFO] - Finding web element with id: 'Object Repository/Popup/Popup' located by 'By.cssSelector: .bootbox-body' in '30' second(s)

2021-10-21 14:32:41 - [MESSAGE][INFO] - Smart Wait Function is triggered

2021-10-21 14:32:41 - [MESSAGE][INFO] - Found 1 web elements with id: 'Object Repository/Popup/Popup' located by 'By.cssSelector: .bootbox-body' in '30' second(s)

2021-10-21 14:32:41 - [MESSAGE][INFO] - Getting text of object 'Object Repository/Popup/Popup'

2021-10-21 14:32:41 - [MESSAGE][PASSED] - Text of object 'Object Repository/Popup/Popup' is: 'Seçilen faturalarınız onaylanacaktır. Onaylanan faturalar üzerinde değişiklik yapılamaz. Devam etmek istiyor musunuz?'

2021-10-21 14:32:41 - [TEST_STEP][PASSED] - RaporNo = getText(findTestObject("Popup/Popup")).substring(0, 6): Text of object 'Object Repository/Popup/Popup' is: 'Seçilen faturalarınız onaylanacaktır. Onaylanan faturalar üzerinde değişiklik yapılamaz. Devam etmek istiyor musunuz?'

2021-10-21 14:32:41 - [MESSAGE][INFO] - Finding Test Object 'Object Repository/Popup/Popup'

2021-10-21 14:32:41 - [MESSAGE][INFO] - Checking object

2021-10-21 14:32:41 - [MESSAGE][INFO] - Finding web element from Test Object's properties

2021-10-21 14:32:41 - [MESSAGE][INFO] - Checking timeout

2021-10-21 14:32:41 - [MESSAGE][INFO] - Finding web element with id: 'Object Repository/Popup/Popup' located by 'By.cssSelector: .bootbox-body' in '30' second(s)

2021-10-21 14:32:41 - [MESSAGE][INFO] - Smart Wait Function is triggered

2021-10-21 14:32:42 - [MESSAGE][INFO] - Found 1 web elements with id: 'Object Repository/Popup/Popup' located by 'By.cssSelector: .bootbox-body' in '30' second(s)

2021-10-21 14:32:42 - [MESSAGE][INFO] - Getting text of object 'Object Repository/Popup/Popup'

2021-10-21 14:32:42 - [MESSAGE][PASSED] - Text of object 'Object Repository/Popup/Popup' is: 'Seçilen faturalarınız onaylanacaktır. Onaylanan faturalar üzerinde değişiklik yapılamaz. Devam etmek istiyor musunuz?'

2021-10-21 14:32:42 - [TEST_STEP][PASSED] - Console.println(RaporNo): null

2021-10-21 14:32:42 - [MESSAGE][PASSED] - Call Test Case 'Test Cases/Popup/PopupMesajiIceriyorMu' successfully

2021-10-21 14:32:42 - [MESSAGE][INFO] - Checking called Test Case

2021-10-21 14:32:42 - [MESSAGE][INFO] - Starting to call Test Case 'Test Cases/Popup/PopupButonSecilir'

2021-10-21 14:32:42 - [TEST_CASE][PASSED] - Test Cases/Popup/PopupButonSecilir: Test Cases/Popup/PopupButonSecilir

2021-10-21 14:32:42 - [TEST_STEP][PASSED] - Method.TextDegerineEsitElementeTikla(findTestObject("Popup/Popup_Butons"), Buton): Method.TextDegerineEsitElementeTikla is PASSED

2021-10-21 14:32:42 - [MESSAGE][INFO] - Finding Test Object 'Object Repository/Popup/Popup_Butons'

2021-10-21 14:32:42 - [MESSAGE][INFO] - Checking timeout

2021-10-21 14:32:42 - [MESSAGE][INFO] - Finding web element with id: 'Object Repository/Popup/Popup_Butons' located by 'By.cssSelector: .modal-footer>button' in '10' second(s)

2021-10-21 14:32:42 - [MESSAGE][INFO] - Smart Wait Function is triggered

2021-10-21 14:32:42 - [MESSAGE][INFO] - Found 2 web elements with id: 'Object Repository/Popup/Popup_Butons' located by 'By.cssSelector: .modal-footer>button' in '10' second(s)

2021-10-21 14:32:42 - [MESSAGE][PASSED] - Method.TextDegerineEsitElementeTikla is PASSED

2021-10-21 14:32:42 - [MESSAGE][PASSED] - Call Test Case 'Test Cases/Popup/PopupButonSecilir' successfully

2021-10-21 14:32:42 - [MESSAGE][INFO] - Checking called Test Case

2021-10-21 14:32:42 - [MESSAGE][INFO] - Starting to call Test Case 'Test Cases/Menu/AnaMenuSecimi'

2021-10-21 14:32:42 - [TEST_CASE][PASSED] - Test Cases/Menu/AnaMenuSecimi: Test Cases/Menu/AnaMenuSecimi

2021-10-21 14:32:42 - [TEST_STEP][PASSED] - Method.TextDegerineEsitElementeTikla(findTestObject("Menu/Ana_Menu"), Ana_Menu): Method.TextDegerineEsitElementeTikla is PASSED

2021-10-21 14:32:42 - [MESSAGE][INFO] - Finding Test Object 'Object Repository/Menu/Ana_Menu'

2021-10-21 14:32:42 - [MESSAGE][INFO] - Checking timeout

2021-10-21 14:32:42 - [MESSAGE][INFO] - Finding web element with id: 'Object Repository/Menu/Ana_Menu' located by 'By.xpath: //*[@class = 'dropdown-toggle']' in '10' second(s)

2021-10-21 14:32:42 - [MESSAGE][INFO] - Smart Wait Function is triggered

2021-10-21 14:32:43 - [MESSAGE][INFO] - Found 13 web elements with id: 'Object Repository/Menu/Ana_Menu' located by 'By.xpath: //*[@class = 'dropdown-toggle']' in '10' second(s)

2021-10-21 14:32:43 - [MESSAGE][PASSED] - Method.TextDegerineEsitElementeTikla is PASSED

2021-10-21 14:32:43 - [MESSAGE][PASSED] - Call Test Case 'Test Cases/Menu/AnaMenuSecimi' successfully

2021-10-21 14:32:43 - [MESSAGE][INFO] - Checking called Test Case

2021-10-21 14:32:43 - [MESSAGE][INFO] - Starting to call Test Case 'Test Cases/Menu/BasligaGoreAltMenuSecimi'

2021-10-21 14:32:43 - [TEST_CASE][PASSED] - Test Cases/Menu/BasligaGoreAltMenuSecimi: Test Cases/Menu/BasligaGoreAltMenuSecimi

2021-10-21 14:32:43 - [TEST_STEP][PASSED] - Method.TextDegerineEsitElementinAltindakiTextDegerineEsitOlanaTikla(findTestObject("Menu/Menu_Basligi"), findTestObject("Menu/Basliga_Gore_Alt_Menu"), Baslik, Alt_Menu): Method.TextDegerineEsitElementinAltindakiTextDegerineEsitOlanaTikla is PASSED

2021-10-21 14:32:43 - [MESSAGE][INFO] - Finding Test Object 'Object Repository/Menu/Menu_Basligi'

2021-10-21 14:32:43 - [MESSAGE][INFO] - Finding Test Object 'Object Repository/Menu/Basliga_Gore_Alt_Menu'

2021-10-21 14:32:44 - [MESSAGE][INFO] - Checking timeout

2021-10-21 14:32:44 - [MESSAGE][INFO] - Finding web element with id: 'Object Repository/Menu/Menu_Basligi' located by 'By.xpath: //li[@class='dropdown dropdown-large open']//li[@class='dropdown-header']' in '10' second(s)

2021-10-21 14:32:44 - [MESSAGE][INFO] - Smart Wait Function is triggered

2021-10-21 14:32:44 - [MESSAGE][INFO] - Found 2 web elements with id: 'Object Repository/Menu/Menu_Basligi' located by 'By.xpath: //li[@class='dropdown dropdown-large open']//li[@class='dropdown-header']' in '10' second(s)

2021-10-21 14:32:44 - [MESSAGE][INFO] - Smart Wait Function is triggered

2021-10-21 14:32:46 - [MESSAGE][PASSED] - Method.TextDegerineEsitElementinAltindakiTextDegerineEsitOlanaTikla is PASSED

2021-10-21 14:32:46 - [MESSAGE][PASSED] - Call Test Case 'Test Cases/Menu/BasligaGoreAltMenuSecimi' successfully

2021-10-21 14:32:46 - [MESSAGE][INFO] - Checking called Test Case

2021-10-21 14:32:46 - [MESSAGE][INFO] - Starting to call Test Case 'Test Cases/Filtreler/EttnYaz'

2021-10-21 14:32:46 - [TEST_CASE][PASSED] - Test Cases/Filtreler/EttnYaz: Test Cases/Filtreler/EttnYaz

2021-10-21 14:32:46 - [TEST_STEP][PASSED] - Method.TextDegerineEsitElementinAltindakiTextboxtaYaz(findTestObject("Filtreler/Basliklar"), findTestObject("Filtreler/Basliga_Gore_Textbox"), "ETTN", ettn): Method.TextDegerineEsitElementinAltindakiTextboxtaYaz is PASSED

2021-10-21 14:32:46 - [MESSAGE][INFO] - Finding Test Object 'Object Repository/Filtreler/Basliklar'

2021-10-21 14:32:46 - [MESSAGE][INFO] - Finding Test Object 'Object Repository/Filtreler/Basliga_Gore_Textbox'

2021-10-21 14:32:46 - [MESSAGE][INFO] - Checking timeout

2021-10-21 14:32:46 - [MESSAGE][INFO] - Finding web element with id: 'Object Repository/Filtreler/Basliklar' located by 'By.cssSelector: .control-label.col-sm-4.paddingMarginRLC' in '10' second(s)

2021-10-21 14:32:46 - [MESSAGE][INFO] - Smart Wait Function is triggered

2021-10-21 14:32:47 - [MESSAGE][INFO] - Found 19 web elements with id: 'Object Repository/Filtreler/Basliklar' located by 'By.cssSelector: .control-label.col-sm-4.paddingMarginRLC' in '10' second(s)

2021-10-21 14:32:47 - [MESSAGE][INFO] - Smart Wait Function is triggered

2021-10-21 14:32:47 - [MESSAGE][PASSED] - Method.TextDegerineEsitElementinAltindakiTextboxtaYaz is PASSED

2021-10-21 14:32:47 - [MESSAGE][PASSED] - Call Test Case 'Test Cases/Filtreler/EttnYaz' successfully

2021-10-21 14:32:47 - [MESSAGE][INFO] - Checking called Test Case

2021-10-21 14:32:47 - [MESSAGE][INFO] - Starting to call Test Case 'Test Cases/Filtreler/ButonaTikla'

2021-10-21 14:32:47 - [TEST_CASE][PASSED] - Test Cases/Filtreler/ButonaTikla: Test Cases/Filtreler/ButonaTikla

2021-10-21 14:32:47 - [TEST_STEP][PASSED] - Method.TextDegerineEsitElementeTikla(findTestObject("Filtreler/Butonlar"), Filtre_Buton): Method.TextDegerineEsitElementeTikla is PASSED

2021-10-21 14:32:47 - [MESSAGE][INFO] - Finding Test Object 'Object Repository/Filtreler/Butonlar'

2021-10-21 14:32:47 - [MESSAGE][INFO] - Checking timeout

2021-10-21 14:32:47 - [MESSAGE][INFO] - Finding web element with id: 'Object Repository/Filtreler/Butonlar' located by 'By.cssSelector: .dxb>span' in '10' second(s)

2021-10-21 14:32:47 - [MESSAGE][INFO] - Smart Wait Function is triggered

2021-10-21 14:32:48 - [MESSAGE][INFO] - Found 3 web elements with id: 'Object Repository/Filtreler/Butonlar' located by 'By.cssSelector: .dxb>span' in '10' second(s)

2021-10-21 14:32:48 - [MESSAGE][PASSED] - Method.TextDegerineEsitElementeTikla is PASSED

2021-10-21 14:32:48 - [MESSAGE][PASSED] - Call Test Case 'Test Cases/Filtreler/ButonaTikla' successfully

2021-10-21 14:32:48 - [MESSAGE][INFO] - Checking called Test Case

2021-10-21 14:32:48 - [MESSAGE][INFO] - Starting to call Test Case 'Test Cases/Tablo/TablodaVeriVarMi'

2021-10-21 14:32:48 - [TEST_CASE][PASSED] - Test Cases/Tablo/TablodaVeriVarMi: Test Cases/Tablo/TablodaVeriVarMi

2021-10-21 14:32:48 - [TEST_STEP][PASSED] - verifyTextNotPresent("Görüntülenecek veri yok", true): Text 'Görüntülenecek veri yok' is not present on page using regular expression

2021-10-21 14:32:48 - [MESSAGE][INFO] - Checking text present  using regular expression

2021-10-21 14:32:48 - [MESSAGE][INFO] - Smart Wait Function is triggered

2021-10-21 14:32:49 - [MESSAGE][INFO] - Finding text 'Görüntülenecek veri yok' on page  using regular expression

2021-10-21 14:32:49 - [MESSAGE][PASSED] - Text 'Görüntülenecek veri yok' is not present on page using regular expression

2021-10-21 14:32:49 - [MESSAGE][PASSED] - Call Test Case 'Test Cases/Tablo/TablodaVeriVarMi' successfully

2021-10-21 14:32:49 - [MESSAGE][INFO] - Checking called Test Case

2021-10-21 14:32:49 - [MESSAGE][INFO] - Starting to call Test Case 'Test Cases/Tablo/TablodaVeriBasariliMiArsiv'

2021-10-21 14:32:49 - [TEST_CASE][PASSED] - Test Cases/Tablo/TablodaVeriBasariliMiArsiv: Test Cases/Tablo/TablodaVeriBasariliMiArsiv

2021-10-21 14:32:49 - [TEST_STEP][PASSED] - sayac = 80: null

2021-10-21 14:32:49 - [TEST_STEP][PASSED] - while (verifyElementText(findTestObject("Object Repository/Tablo/DurumBilgisiArsiv"), "Henüz Sonuçlanmadı", OPTIONAL)): Actual text 'Başarılı' and expected text 'Henüz Sonuçlanmadı' of test object 'Object Repository/Tablo/DurumBilgisiArsiv' are NOT matched. (Root cause: com.kms.katalon.core.exception.StepFailedException: Actual text 'Başarılı' and expected text 'Henüz Sonuçlanmadı' of test object 'Object Repository/Tablo/DurumBilgisiArsiv' are NOT matched.
	at com.kms.katalon.core.webui.keyword.internal.WebUIKeywordMain.stepFailed(WebUIKeywordMain.groovy:64)
	at com.kms.katalon.core.webui.keyword.builtin.VerifyElementTextKeyword$_verifyElementText_closure1.doCall(VerifyElementTextKeyword.groovy:57)
	at com.kms.katalon.core.webui.keyword.builtin.VerifyElementTextKeyword$_verifyElementText_closure1.call(VerifyElementTextKeyword.groovy)
	at com.kms.katalon.core.webui.keyword.internal.WebUIKeywordMain.runKeyword(WebUIKeywordMain.groovy:20)
	at com.kms.katalon.core.webui.keyword.builtin.VerifyElementTextKeyword.verifyElementText(VerifyElementTextKeyword.groovy:72)
	at com.kms.katalon.core.webui.keyword.builtin.VerifyElementTextKeyword.execute(VerifyElementTextKeyword.groovy:40)
	at com.kms.katalon.core.keyword.internal.KeywordExecutor.executeKeywordForPlatform(KeywordExecutor.groovy:73)
	at com.kms.katalon.core.webui.keyword.WebUiBuiltInKeywords.verifyElementText(WebUiBuiltInKeywords.groovy:4733)
	at com.kms.katalon.core.webui.keyword.WebUiBuiltInKeywords$verifyElementText$20.call(Unknown Source)
	at TablodaVeriBasariliMiArsiv.run(TablodaVeriBasariliMiArsiv:22)
	at com.kms.katalon.core.main.ScriptEngine.run(ScriptEngine.java:194)
	at com.kms.katalon.core.main.ScriptEngine.runScriptAsRawText(ScriptEngine.java:119)
	at com.kms.katalon.core.main.TestCaseExecutor.runScript(TestCaseExecutor.java:369)
	at com.kms.katalon.core.main.TestCaseExecutor.doExecute(TestCaseExecutor.java:360)
	at com.kms.katalon.core.main.TestCaseExecutor.processExecutionPhase(TestCaseExecutor.java:339)
	at com.kms.katalon.core.main.TestCaseExecutor.accessMainPhase(TestCaseExecutor.java:331)
	at com.kms.katalon.core.main.TestCaseExecutor.execute(TestCaseExecutor.java:248)
	at com.kms.katalon.core.main.TestCaseMain.runTestCase(TestCaseMain.java:138)
	at com.kms.katalon.core.keyword.builtin.CallTestCaseKeyword$_callTestCase_closure1.doCall(CallTestCaseKeyword.groovy:59)
	at com.kms.katalon.core.keyword.builtin.CallTestCaseKeyword$_callTestCase_closure1.call(CallTestCaseKeyword.groovy)
	at com.kms.katalon.core.keyword.internal.KeywordMain.runKeyword(KeywordMain.groovy:68)
	at com.kms.katalon.core.keyword.builtin.CallTestCaseKeyword.callTestCase(CallTestCaseKeyword.groovy:81)
	at com.kms.katalon.core.keyword.builtin.CallTestCaseKeyword.execute(CallTestCaseKeyword.groovy:44)
	at com.kms.katalon.core.keyword.internal.KeywordExecutor.executeKeywordForPlatform(KeywordExecutor.groovy:73)
	at com.kms.katalon.core.keyword.BuiltinKeywords.callTestCase(BuiltinKeywords.groovy:334)
	at tablo.tablo.tablodaVeriBasariliMiArsiv(tablo.groovy:95)
	at cucumber.runtime.Utils$1.call(Utils.java:26)
	at cucumber.runtime.Timeout.timeout(Timeout.java:16)
	at cucumber.runtime.Utils.invoke(Utils.java:20)
	at cucumber.runtime.java.JavaStepDefinition.execute(JavaStepDefinition.java:49)
	at cucumber.runner.PickleStepDefinitionMatch.runStep(PickleStepDefinitionMatch.java:50)
	at cucumber.runner.TestStep.executeStep(TestStep.java:63)
	at cucumber.runner.TestStep.run(TestStep.java:49)
	at cucumber.runner.PickleStepTestStep.run(PickleStepTestStep.java:43)
	at cucumber.runner.TestCase.run(TestCase.java:44)
	at cucumber.runner.Runner.runPickle(Runner.java:40)
	at cucumber.runtime.Runtime$1.run(Runtime.java:84)
	at cucumber.runtime.Runtime$SameThreadExecutorService.execute(Runtime.java:220)
	at cucumber.runtime.Runtime.run(Runtime.java:81)
	at cucumber.api.cli.Main.run(Main.java:26)
	at cucumber.api.cli.Main$run.call(Unknown Source)
	at com.kms.katalon.core.cucumber.keyword.CucumberBuiltinKeywords$_runFeatureFile_closure1.doCall(CucumberBuiltinKeywords.groovy:106)
	at com.kms.katalon.core.cucumber.keyword.CucumberBuiltinKeywords$_runFeatureFile_closure1.doCall(CucumberBuiltinKeywords.groovy)
	at com.kms.katalon.core.keyword.internal.KeywordMain.runKeyword(KeywordMain.groovy:68)
	at com.kms.katalon.core.keyword.internal.KeywordMain$runKeyword.call(Unknown Source)
	at com.kms.katalon.core.cucumber.keyword.CucumberBuiltinKeywords.runFeatureFile(CucumberBuiltinKeywords.groovy:73)
	at com.kms.katalon.core.cucumber.keyword.CucumberBuiltinKeywords$runFeatureFile$0.callStatic(Unknown Source)
	at com.kms.katalon.core.cucumber.keyword.CucumberBuiltinKeywords.runFeatureFile(CucumberBuiltinKeywords.groovy:246)
	at com.kms.katalon.core.cucumber.keyword.CucumberBuiltinKeywords$runFeatureFile.call(Unknown Source)
	at VKN-Kagit-Ihrac Kayitli.run(VKN-Kagit-Ihrac Kayitli:19)
	at com.kms.katalon.core.main.ScriptEngine.run(ScriptEngine.java:194)
	at com.kms.katalon.core.main.ScriptEngine.runScriptAsRawText(ScriptEngine.java:119)
	at com.kms.katalon.core.main.TestCaseExecutor.runScript(TestCaseExecutor.java:369)
	at com.kms.katalon.core.main.TestCaseExecutor.doExecute(TestCaseExecutor.java:360)
	at com.kms.katalon.core.main.TestCaseExecutor.processExecutionPhase(TestCaseExecutor.java:339)
	at com.kms.katalon.core.main.TestCaseExecutor.accessMainPhase(TestCaseExecutor.java:331)
	at com.kms.katalon.core.main.TestCaseExecutor.execute(TestCaseExecutor.java:248)
	at com.kms.katalon.core.main.TestSuiteExecutor.accessTestCaseMainPhase(TestSuiteExecutor.java:191)
	at com.kms.katalon.core.main.TestSuiteExecutor.accessTestSuiteMainPhase(TestSuiteExecutor.java:140)
	at com.kms.katalon.core.main.TestSuiteExecutor.execute(TestSuiteExecutor.java:89)
	at com.kms.katalon.core.main.TestCaseMain.startTestSuite(TestCaseMain.java:181)
	at com.kms.katalon.core.main.TestCaseMain$startTestSuite$0.call(Unknown Source)
	at TempTestSuite1634814289741.run(TempTestSuite1634814289741.groovy:39)
)

2021-10-21 14:32:49 - [MESSAGE][INFO] - Finding Test Object 'Object Repository/Tablo/DurumBilgisiArsiv'

2021-10-21 14:32:49 - [MESSAGE][INFO] - Checking object

2021-10-21 14:32:49 - [MESSAGE][INFO] - Finding web element from Test Object's properties

2021-10-21 14:32:49 - [MESSAGE][INFO] - Checking timeout

2021-10-21 14:32:49 - [MESSAGE][INFO] - Finding web element with id: 'Object Repository/Tablo/DurumBilgisiArsiv' located by 'By.xpath: //*[@id = 'GridViewEArchiveInvoices_tccell0_9']' in '30' second(s)

2021-10-21 14:32:49 - [MESSAGE][INFO] - Smart Wait Function is triggered

2021-10-21 14:32:49 - [MESSAGE][INFO] - Found 1 web elements with id: 'Object Repository/Tablo/DurumBilgisiArsiv' located by 'By.xpath: //*[@id = 'GridViewEArchiveInvoices_tccell0_9']' in '30' second(s)

2021-10-21 14:32:49 - [MESSAGE][WARNING] - Actual text 'Başarılı' and expected text 'Henüz Sonuçlanmadı' of test object 'Object Repository/Tablo/DurumBilgisiArsiv' are NOT matched. (Root cause: com.kms.katalon.core.exception.StepFailedException: Actual text 'Başarılı' and expected text 'Henüz Sonuçlanmadı' of test object 'Object Repository/Tablo/DurumBilgisiArsiv' are NOT matched.
	at com.kms.katalon.core.webui.keyword.internal.WebUIKeywordMain.stepFailed(WebUIKeywordMain.groovy:64)
	at com.kms.katalon.core.webui.keyword.builtin.VerifyElementTextKeyword$_verifyElementText_closure1.doCall(VerifyElementTextKeyword.groovy:57)
	at com.kms.katalon.core.webui.keyword.builtin.VerifyElementTextKeyword$_verifyElementText_closure1.call(VerifyElementTextKeyword.groovy)
	at com.kms.katalon.core.webui.keyword.internal.WebUIKeywordMain.runKeyword(WebUIKeywordMain.groovy:20)
	at com.kms.katalon.core.webui.keyword.builtin.VerifyElementTextKeyword.verifyElementText(VerifyElementTextKeyword.groovy:72)
	at com.kms.katalon.core.webui.keyword.builtin.VerifyElementTextKeyword.execute(VerifyElementTextKeyword.groovy:40)
	at com.kms.katalon.core.keyword.internal.KeywordExecutor.executeKeywordForPlatform(KeywordExecutor.groovy:73)
	at com.kms.katalon.core.webui.keyword.WebUiBuiltInKeywords.verifyElementText(WebUiBuiltInKeywords.groovy:4733)
	at com.kms.katalon.core.webui.keyword.WebUiBuiltInKeywords$verifyElementText$20.call(Unknown Source)
	at TablodaVeriBasariliMiArsiv.run(TablodaVeriBasariliMiArsiv:22)
	at com.kms.katalon.core.main.ScriptEngine.run(ScriptEngine.java:194)
	at com.kms.katalon.core.main.ScriptEngine.runScriptAsRawText(ScriptEngine.java:119)
	at com.kms.katalon.core.main.TestCaseExecutor.runScript(TestCaseExecutor.java:369)
	at com.kms.katalon.core.main.TestCaseExecutor.doExecute(TestCaseExecutor.java:360)
	at com.kms.katalon.core.main.TestCaseExecutor.processExecutionPhase(TestCaseExecutor.java:339)
	at com.kms.katalon.core.main.TestCaseExecutor.accessMainPhase(TestCaseExecutor.java:331)
	at com.kms.katalon.core.main.TestCaseExecutor.execute(TestCaseExecutor.java:248)
	at com.kms.katalon.core.main.TestCaseMain.runTestCase(TestCaseMain.java:138)
	at com.kms.katalon.core.keyword.builtin.CallTestCaseKeyword$_callTestCase_closure1.doCall(CallTestCaseKeyword.groovy:59)
	at com.kms.katalon.core.keyword.builtin.CallTestCaseKeyword$_callTestCase_closure1.call(CallTestCaseKeyword.groovy)
	at com.kms.katalon.core.keyword.internal.KeywordMain.runKeyword(KeywordMain.groovy:68)
	at com.kms.katalon.core.keyword.builtin.CallTestCaseKeyword.callTestCase(CallTestCaseKeyword.groovy:81)
	at com.kms.katalon.core.keyword.builtin.CallTestCaseKeyword.execute(CallTestCaseKeyword.groovy:44)
	at com.kms.katalon.core.keyword.internal.KeywordExecutor.executeKeywordForPlatform(KeywordExecutor.groovy:73)
	at com.kms.katalon.core.keyword.BuiltinKeywords.callTestCase(BuiltinKeywords.groovy:334)
	at tablo.tablo.tablodaVeriBasariliMiArsiv(tablo.groovy:95)
	at cucumber.runtime.Utils$1.call(Utils.java:26)
	at cucumber.runtime.Timeout.timeout(Timeout.java:16)
	at cucumber.runtime.Utils.invoke(Utils.java:20)
	at cucumber.runtime.java.JavaStepDefinition.execute(JavaStepDefinition.java:49)
	at cucumber.runner.PickleStepDefinitionMatch.runStep(PickleStepDefinitionMatch.java:50)
	at cucumber.runner.TestStep.executeStep(TestStep.java:63)
	at cucumber.runner.TestStep.run(TestStep.java:49)
	at cucumber.runner.PickleStepTestStep.run(PickleStepTestStep.java:43)
	at cucumber.runner.TestCase.run(TestCase.java:44)
	at cucumber.runner.Runner.runPickle(Runner.java:40)
	at cucumber.runtime.Runtime$1.run(Runtime.java:84)
	at cucumber.runtime.Runtime$SameThreadExecutorService.execute(Runtime.java:220)
	at cucumber.runtime.Runtime.run(Runtime.java:81)
	at cucumber.api.cli.Main.run(Main.java:26)
	at cucumber.api.cli.Main$run.call(Unknown Source)
	at com.kms.katalon.core.cucumber.keyword.CucumberBuiltinKeywords$_runFeatureFile_closure1.doCall(CucumberBuiltinKeywords.groovy:106)
	at com.kms.katalon.core.cucumber.keyword.CucumberBuiltinKeywords$_runFeatureFile_closure1.doCall(CucumberBuiltinKeywords.groovy)
	at com.kms.katalon.core.keyword.internal.KeywordMain.runKeyword(KeywordMain.groovy:68)
	at com.kms.katalon.core.keyword.internal.KeywordMain$runKeyword.call(Unknown Source)
	at com.kms.katalon.core.cucumber.keyword.CucumberBuiltinKeywords.runFeatureFile(CucumberBuiltinKeywords.groovy:73)
	at com.kms.katalon.core.cucumber.keyword.CucumberBuiltinKeywords$runFeatureFile$0.callStatic(Unknown Source)
	at com.kms.katalon.core.cucumber.keyword.CucumberBuiltinKeywords.runFeatureFile(CucumberBuiltinKeywords.groovy:246)
	at com.kms.katalon.core.cucumber.keyword.CucumberBuiltinKeywords$runFeatureFile.call(Unknown Source)
	at VKN-Kagit-Ihrac Kayitli.run(VKN-Kagit-Ihrac Kayitli:19)
	at com.kms.katalon.core.main.ScriptEngine.run(ScriptEngine.java:194)
	at com.kms.katalon.core.main.ScriptEngine.runScriptAsRawText(ScriptEngine.java:119)
	at com.kms.katalon.core.main.TestCaseExecutor.runScript(TestCaseExecutor.java:369)
	at com.kms.katalon.core.main.TestCaseExecutor.doExecute(TestCaseExecutor.java:360)
	at com.kms.katalon.core.main.TestCaseExecutor.processExecutionPhase(TestCaseExecutor.java:339)
	at com.kms.katalon.core.main.TestCaseExecutor.accessMainPhase(TestCaseExecutor.java:331)
	at com.kms.katalon.core.main.TestCaseExecutor.execute(TestCaseExecutor.java:248)
	at com.kms.katalon.core.main.TestSuiteExecutor.accessTestCaseMainPhase(TestSuiteExecutor.java:191)
	at com.kms.katalon.core.main.TestSuiteExecutor.accessTestSuiteMainPhase(TestSuiteExecutor.java:140)
	at com.kms.katalon.core.main.TestSuiteExecutor.execute(TestSuiteExecutor.java:89)
	at com.kms.katalon.core.main.TestCaseMain.startTestSuite(TestCaseMain.java:181)
	at com.kms.katalon.core.main.TestCaseMain$startTestSuite$0.call(Unknown Source)
	at TempTestSuite1634814289741.run(TempTestSuite1634814289741.groovy:39)
)

2021-10-21 14:32:49 - [TEST_STEP][PASSED] - Method.TextDegerineEsitElementVarMi(findTestObject("Object Repository/Tablo/DurumBilgisiArsiv"), "Başarılı"): Method.TextDegerineEsitElementVarMi is PASSED

2021-10-21 14:32:49 - [MESSAGE][INFO] - Finding Test Object 'Object Repository/Tablo/DurumBilgisiArsiv'

2021-10-21 14:32:49 - [MESSAGE][INFO] - Checking timeout

2021-10-21 14:32:49 - [MESSAGE][INFO] - Finding web element with id: 'Object Repository/Tablo/DurumBilgisiArsiv' located by 'By.xpath: //*[@id = 'GridViewEArchiveInvoices_tccell0_9']' in '10' second(s)

2021-10-21 14:32:49 - [MESSAGE][INFO] - Smart Wait Function is triggered

2021-10-21 14:32:49 - [MESSAGE][INFO] - Found 1 web elements with id: 'Object Repository/Tablo/DurumBilgisiArsiv' located by 'By.xpath: //*[@id = 'GridViewEArchiveInvoices_tccell0_9']' in '10' second(s)

2021-10-21 14:32:49 - [MESSAGE][PASSED] - Method.TextDegerineEsitElementVarMi is PASSED

2021-10-21 14:32:49 - [MESSAGE][PASSED] - Call Test Case 'Test Cases/Tablo/TablodaVeriBasariliMiArsiv' successfully

2021-10-21 14:32:50 - [MESSAGE][INFO] - Checking called Test Case

2021-10-21 14:32:50 - [MESSAGE][INFO] - Starting to call Test Case 'Test Cases/Kullanici_Islemleri/KullaniciIslemlerindenSecimYapilir'

2021-10-21 14:32:50 - [TEST_CASE][PASSED] - Test Cases/Kullanici_Islemleri/KullaniciIslemlerindenSecimYapilir: Test Cases/Kullanici_Islemleri/KullaniciIslemlerindenSecimYapilir

2021-10-21 14:32:50 - [TEST_STEP][PASSED] - waitForElementClickable(findTestObject("Object Repository/Kullanici_Islemleri/KullaniciIslemleri"), 10): Object 'Object Repository/Kullanici_Islemleri/KullaniciIslemleri' is clickable

2021-10-21 14:32:50 - [MESSAGE][INFO] - Finding Test Object 'Object Repository/Kullanici_Islemleri/KullaniciIslemleri'

2021-10-21 14:32:50 - [MESSAGE][INFO] - Checking object

2021-10-21 14:32:50 - [MESSAGE][INFO] - Checking timeout

2021-10-21 14:32:50 - [MESSAGE][INFO] - Finding web element from Test Object's properties

2021-10-21 14:32:50 - [MESSAGE][INFO] - Checking timeout

2021-10-21 14:32:50 - [MESSAGE][INFO] - Finding web element with id: 'Object Repository/Kullanici_Islemleri/KullaniciIslemleri' located by 'By.cssSelector: .dropdown>a>img' in '10' second(s)

2021-10-21 14:32:50 - [MESSAGE][INFO] - Smart Wait Function is triggered

2021-10-21 14:32:50 - [MESSAGE][INFO] - Found 1 web elements with id: 'Object Repository/Kullanici_Islemleri/KullaniciIslemleri' located by 'By.cssSelector: .dropdown>a>img' in '10' second(s)

2021-10-21 14:32:50 - [MESSAGE][PASSED] - Object 'Object Repository/Kullanici_Islemleri/KullaniciIslemleri' is clickable

2021-10-21 14:32:50 - [TEST_STEP][PASSED] - click(findTestObject("Object Repository/Kullanici_Islemleri/KullaniciIslemleri")): Object: 'Object Repository/Kullanici_Islemleri/KullaniciIslemleri' is clicked on

2021-10-21 14:32:50 - [MESSAGE][INFO] - Finding Test Object 'Object Repository/Kullanici_Islemleri/KullaniciIslemleri'

2021-10-21 14:32:50 - [MESSAGE][INFO] - Checking object

2021-10-21 14:32:50 - [MESSAGE][INFO] - Finding web element from Test Object's properties

2021-10-21 14:32:50 - [MESSAGE][INFO] - Checking timeout

2021-10-21 14:32:50 - [MESSAGE][INFO] - Finding web element with id: 'Object Repository/Kullanici_Islemleri/KullaniciIslemleri' located by 'By.cssSelector: .dropdown>a>img' in '30' second(s)

2021-10-21 14:32:50 - [MESSAGE][INFO] - Smart Wait Function is triggered

2021-10-21 14:32:50 - [MESSAGE][INFO] - Found 1 web elements with id: 'Object Repository/Kullanici_Islemleri/KullaniciIslemleri' located by 'By.cssSelector: .dropdown>a>img' in '30' second(s)

2021-10-21 14:32:50 - [MESSAGE][INFO] - Clicking on object: 'Object Repository/Kullanici_Islemleri/KullaniciIslemleri'

2021-10-21 14:32:51 - [MESSAGE][PASSED] - Object: 'Object Repository/Kullanici_Islemleri/KullaniciIslemleri' is clicked on

2021-10-21 14:32:51 - [TEST_STEP][PASSED] - Method.TextDegerineEsitElementeTikla(findTestObject("Object Repository/Kullanici_Islemleri/Secenekler"), Islem): Method.TextDegerineEsitElementeTikla is PASSED

2021-10-21 14:32:51 - [MESSAGE][INFO] - Finding Test Object 'Object Repository/Kullanici_Islemleri/Secenekler'

2021-10-21 14:32:51 - [MESSAGE][INFO] - Checking timeout

2021-10-21 14:32:51 - [MESSAGE][INFO] - Finding web element with id: 'Object Repository/Kullanici_Islemleri/Secenekler' located by 'By.cssSelector: .nav.navbar-nav.navbar-right li a' in '10' second(s)

2021-10-21 14:32:51 - [MESSAGE][INFO] - Smart Wait Function is triggered

2021-10-21 14:32:51 - [MESSAGE][INFO] - Found 20 web elements with id: 'Object Repository/Kullanici_Islemleri/Secenekler' located by 'By.cssSelector: .nav.navbar-nav.navbar-right li a' in '10' second(s)

2021-10-21 14:32:53 - [MESSAGE][PASSED] - Method.TextDegerineEsitElementeTikla is PASSED

2021-10-21 14:32:53 - [TEST_STEP][PASSED] - verifyElementNotPresent(findTestObject("Object Repository/Kullanici_Islemleri/Secenekler"), 10): Web element with id: 'Object Repository/Kullanici_Islemleri/Secenekler' located by 'By.cssSelector: .nav.navbar-nav.navbar-right li a' is not present after '10' second(s)

2021-10-21 14:32:53 - [MESSAGE][INFO] - Finding Test Object 'Object Repository/Kullanici_Islemleri/Secenekler'

2021-10-21 14:32:53 - [MESSAGE][INFO] - Checking object

2021-10-21 14:32:53 - [MESSAGE][INFO] - Checking timeout

2021-10-21 14:32:53 - [MESSAGE][INFO] - Finding web element with id: 'Object Repository/Kullanici_Islemleri/Secenekler' located by 'By.cssSelector: .nav.navbar-nav.navbar-right li a' in '10' second(s)

2021-10-21 14:32:53 - [MESSAGE][INFO] - Smart Wait Function is triggered

2021-10-21 14:32:53 - [MESSAGE][PASSED] - Web element with id: 'Object Repository/Kullanici_Islemleri/Secenekler' located by 'By.cssSelector: .nav.navbar-nav.navbar-right li a' is not present after '10' second(s)

2021-10-21 14:32:53 - [MESSAGE][PASSED] - Call Test Case 'Test Cases/Kullanici_Islemleri/KullaniciIslemlerindenSecimYapilir' successfully

2021-10-21 14:32:53 - [TEST_CASE][PASSED] - Start Test Case : SCENARIO Gonderim tipi Kagit ve Ihrac Kayitli tipinde e-Arsiv faturasi olusturulmasi: SCENARIO Gonderim tipi Kagit ve Ihrac Kayitli tipinde e-Arsiv faturasi olusturulmasi

2021-10-21 14:32:53 - [TEST_STEP][PASSED] - Kullanıcı adı EARIHRAC ve Şifre test1234 olarak giriş yapılır: Kullanıcı adı EARIHRAC ve Şifre test1234 olarak giriş yapılır

2021-10-21 14:32:53 - [MESSAGE][PASSED] - Kullanıcı adı EARIHRAC ve Şifre test1234 olarak giriş yapılır

2021-10-21 14:32:53 - [TEST_STEP][PASSED] - Ana menüden e-Arşiv seçilir: Ana menüden e-Arşiv seçilir

2021-10-21 14:32:53 - [MESSAGE][PASSED] - Ana menüden e-Arşiv seçilir

2021-10-21 14:32:53 - [TEST_STEP][PASSED] - Alt menü e-Arşiv Araçları başlığı altındaki e-Arşiv Fatura Oluşturma seçilir: Alt menü e-Arşiv Araçları başlığı altındaki e-Arşiv Fatura Oluşturma seçilir

2021-10-21 14:32:53 - [MESSAGE][PASSED] - Alt menü e-Arşiv Araçları başlığı altındaki e-Arşiv Fatura Oluşturma seçilir

2021-10-21 14:32:53 - [TEST_STEP][PASSED] - Tablodaki tüm veriler silinir: Tablodaki tüm veriler silinir

2021-10-21 14:32:53 - [MESSAGE][PASSED] - Tablodaki tüm veriler silinir

2021-10-21 14:32:53 - [TEST_STEP][PASSED] - Butonlardan Ekle isimli butona tıklanır: Butonlardan Ekle isimli butona tıklanır

2021-10-21 14:32:53 - [MESSAGE][PASSED] - Butonlardan Ekle isimli butona tıklanır

2021-10-21 14:32:53 - [TEST_STEP][PASSED] - Görsel tasarım sayfasının e-Arşiv Fatura Bilgileri başlığını içerdiği kontrol edilir: Görsel tasarım sayfasının e-Arşiv Fatura Bilgileri başlığını içerdiği kontrol edilir

2021-10-21 14:32:53 - [MESSAGE][PASSED] - Görsel tasarım sayfasının e-Arşiv Fatura Bilgileri başlığını içerdiği kontrol edilir

2021-10-21 14:32:53 - [TEST_STEP][PASSED] - Alıcı adı alanına UC0012 girilir: Alıcı adı alanına UC0012 girilir

2021-10-21 14:32:53 - [MESSAGE][PASSED] - Alıcı adı alanına UC0012 girilir

2021-10-21 14:32:53 - [TEST_STEP][PASSED] - Gönderim Şekli Kağıt olarak seçilir: Gönderim Şekli Kağıt olarak seçilir

2021-10-21 14:32:53 - [MESSAGE][PASSED] - Gönderim Şekli Kağıt olarak seçilir

2021-10-21 14:32:53 - [TEST_STEP][PASSED] - Tip alanından İhraç Kayıtlı seçilir: Tip alanından İhraç Kayıtlı seçilir

2021-10-21 14:32:53 - [MESSAGE][PASSED] - Tip alanından İhraç Kayıtlı seçilir

2021-10-21 14:32:53 - [TEST_STEP][PASSED] - Döküman Para Birimi alanından Türk Lirası seçilir: Döküman Para Birimi alanından Türk Lirası seçilir

2021-10-21 14:32:53 - [MESSAGE][PASSED] - Döküman Para Birimi alanından Türk Lirası seçilir

2021-10-21 14:32:53 - [TEST_STEP][PASSED] - Ön Ek EAR olarak seçilir: Ön Ek EAR olarak seçilir

2021-10-21 14:32:53 - [MESSAGE][PASSED] - Ön Ek EAR olarak seçilir

2021-10-21 14:32:53 - [TEST_STEP][PASSED] - Tasarım alanından Otomasyon seçilir: Tasarım alanından Otomasyon seçilir

2021-10-21 14:32:53 - [MESSAGE][PASSED] - Tasarım alanından Otomasyon seçilir

2021-10-21 14:32:53 - [TEST_STEP][PASSED] - Sipariş bilgileri UUC-SAT-1200001 ve 31.04.2020 olarak girilir: Sipariş bilgileri UUC-SAT-1200001 ve 31.04.2020 olarak girilir

2021-10-21 14:32:53 - [MESSAGE][PASSED] - Sipariş bilgileri UUC-SAT-1200001 ve 31.04.2020 olarak girilir

2021-10-21 14:32:53 - [TEST_STEP][PASSED] - İrsaliye Bilgileri AAAAAAAAAA,31.04.2020 olarak girilir: İrsaliye Bilgileri AAAAAAAAAA,31.04.2020 olarak girilir

2021-10-21 14:32:53 - [MESSAGE][PASSED] - İrsaliye Bilgileri AAAAAAAAAA,31.04.2020 olarak girilir

2021-10-21 14:32:53 - [TEST_STEP][PASSED] - Ekle butonuna basılır: Ekle butonuna basılır

2021-10-21 14:32:53 - [MESSAGE][PASSED] - Ekle butonuna basılır

2021-10-21 14:32:53 - [TEST_STEP][PASSED] - Ürün ekleme alanında Mal/Hizmet başlığına Otomasyon girilir: Ürün ekleme alanında Mal/Hizmet başlığına Otomasyon girilir

2021-10-21 14:32:53 - [MESSAGE][PASSED] - Ürün ekleme alanında Mal/Hizmet başlığına Otomasyon girilir

2021-10-21 14:32:53 - [TEST_STEP][PASSED] - Ürün ekleme alanında Açıklaması başlığına Virgosol girilir: Ürün ekleme alanında Açıklaması başlığına Virgosol girilir

2021-10-21 14:32:53 - [MESSAGE][PASSED] - Ürün ekleme alanında Açıklaması başlığına Virgosol girilir

2021-10-21 14:32:53 - [TEST_STEP][PASSED] - Ürün ekleme alanında Miktarı başlığına 400 girilir: Ürün ekleme alanında Miktarı başlığına 400 girilir

2021-10-21 14:32:53 - [MESSAGE][PASSED] - Ürün ekleme alanında Miktarı başlığına 400 girilir

2021-10-21 14:32:53 - [TEST_STEP][PASSED] - Ürün ekleme alanında Birim Fiyat başlığına 100 girilir: Ürün ekleme alanında Birim Fiyat başlığına 100 girilir

2021-10-21 14:32:53 - [MESSAGE][PASSED] - Ürün ekleme alanında Birim Fiyat başlığına 100 girilir

2021-10-21 14:32:53 - [TEST_STEP][PASSED] - Ürün ekleme alanında İskonto Oranı % başlığına 10 girilir: Ürün ekleme alanında İskonto Oranı % başlığına 10 girilir

2021-10-21 14:32:53 - [MESSAGE][PASSED] - Ürün ekleme alanında İskonto Oranı % başlığına 10 girilir

2021-10-21 14:32:53 - [TEST_STEP][PASSED] - Notlar alanına Otomasyon Not girilir: Notlar alanına Otomasyon Not girilir

2021-10-21 14:32:53 - [MESSAGE][PASSED] - Notlar alanına Otomasyon Not girilir

2021-10-21 14:32:53 - [TEST_STEP][PASSED] - Ettn bilgisi kayıt edilir: Ettn bilgisi kayıt edilir

2021-10-21 14:32:53 - [MESSAGE][PASSED] - Ettn bilgisi kayıt edilir

2021-10-21 14:32:53 - [TEST_STEP][PASSED] - Kaydet butonu seçilir: Kaydet butonu seçilir

2021-10-21 14:32:53 - [MESSAGE][PASSED] - Kaydet butonu seçilir

2021-10-21 14:32:53 - [TEST_STEP][PASSED] - Tabloda Ettn bilgisi kaydedilen veri oluşturuldu mu: Tabloda Ettn bilgisi kaydedilen veri oluşturuldu mu

2021-10-21 14:32:53 - [MESSAGE][PASSED] - Tabloda Ettn bilgisi kaydedilen veri oluşturuldu mu

2021-10-21 14:32:53 - [TEST_STEP][PASSED] - Tablodan Ettn bilgisi kaydedilen veri seçilir: Tablodan Ettn bilgisi kaydedilen veri seçilir

2021-10-21 14:32:53 - [MESSAGE][PASSED] - Tablodan Ettn bilgisi kaydedilen veri seçilir

2021-10-21 14:32:53 - [TEST_STEP][PASSED] - Butonlardan Numara Oluştur isimli butona tıklanır: Butonlardan Numara Oluştur isimli butona tıklanır

2021-10-21 14:32:53 - [MESSAGE][PASSED] - Butonlardan Numara Oluştur isimli butona tıklanır

2021-10-21 14:32:53 - [TEST_STEP][PASSED] - Popup mesajı Devam etmek istiyor musunuz içeriyor mu: Popup mesajı Devam etmek istiyor musunuz içeriyor mu

2021-10-21 14:32:53 - [MESSAGE][PASSED] - Popup mesajı Devam etmek istiyor musunuz içeriyor mu

2021-10-21 14:32:53 - [TEST_STEP][PASSED] - Yönetim popupında Evet seçilir: Yönetim popupında Evet seçilir

2021-10-21 14:32:53 - [MESSAGE][PASSED] - Yönetim popupında Evet seçilir

2021-10-21 14:32:53 - [TEST_STEP][PASSED] - Popup mesajı oluşmuştur içeriyor mu: Popup mesajı oluşmuştur içeriyor mu

2021-10-21 14:32:53 - [MESSAGE][PASSED] - Popup mesajı oluşmuştur içeriyor mu

2021-10-21 14:32:53 - [TEST_STEP][PASSED] - Yönetim popupında Tamam seçilir: Yönetim popupında Tamam seçilir

2021-10-21 14:32:53 - [MESSAGE][PASSED] - Yönetim popupında Tamam seçilir

2021-10-21 14:32:53 - [TEST_STEP][PASSED] - Tablodan Ettn bilgisi kaydedilen veri seçilir: Tablodan Ettn bilgisi kaydedilen veri seçilir

2021-10-21 14:32:53 - [MESSAGE][PASSED] - Tablodan Ettn bilgisi kaydedilen veri seçilir

2021-10-21 14:32:53 - [TEST_STEP][PASSED] - Butonlardan Gönder isimli butona tıklanır: Butonlardan Gönder isimli butona tıklanır

2021-10-21 14:32:53 - [MESSAGE][PASSED] - Butonlardan Gönder isimli butona tıklanır

2021-10-21 14:32:53 - [TEST_STEP][PASSED] - Popup mesajı Devam etmek istiyor musunuz içeriyor mu: Popup mesajı Devam etmek istiyor musunuz içeriyor mu

2021-10-21 14:32:53 - [MESSAGE][PASSED] - Popup mesajı Devam etmek istiyor musunuz içeriyor mu

2021-10-21 14:32:53 - [TEST_STEP][PASSED] - Yönetim popupında Evet seçilir: Yönetim popupında Evet seçilir

2021-10-21 14:32:53 - [MESSAGE][PASSED] - Yönetim popupında Evet seçilir

2021-10-21 14:32:53 - [TEST_STEP][PASSED] - Ana menüden e-Arşiv seçilir: Ana menüden e-Arşiv seçilir

2021-10-21 14:32:53 - [MESSAGE][PASSED] - Ana menüden e-Arşiv seçilir

2021-10-21 14:32:53 - [TEST_STEP][PASSED] - Alt menü e-Arşiv Hareketleri başlığı altındaki e-Arşiv Faturaları seçilir: Alt menü e-Arşiv Hareketleri başlığı altındaki e-Arşiv Faturaları seçilir

2021-10-21 14:32:53 - [MESSAGE][PASSED] - Alt menü e-Arşiv Hareketleri başlığı altındaki e-Arşiv Faturaları seçilir

2021-10-21 14:32:53 - [TEST_STEP][PASSED] - Filtrelerden Ettn filtresine Ettn bilgisi yaz: Filtrelerden Ettn filtresine Ettn bilgisi yaz

2021-10-21 14:32:53 - [MESSAGE][PASSED] - Filtrelerden Ettn filtresine Ettn bilgisi yaz

2021-10-21 14:32:53 - [TEST_STEP][PASSED] - Filtre butonlarından Listele seçilir: Filtre butonlarından Listele seçilir

2021-10-21 14:32:53 - [MESSAGE][PASSED] - Filtre butonlarından Listele seçilir

2021-10-21 14:32:53 - [TEST_STEP][PASSED] - Tabloda veri var mı kontrol edilir: Tabloda veri var mı kontrol edilir

2021-10-21 14:32:53 - [MESSAGE][PASSED] - Tabloda veri var mı kontrol edilir

2021-10-21 14:32:53 - [TEST_STEP][PASSED] - Tabloda yeni oluşturulan eArsiv verisi başarılı mı: Tabloda yeni oluşturulan eArsiv verisi başarılı mı

2021-10-21 14:32:53 - [MESSAGE][PASSED] - Tabloda yeni oluşturulan eArsiv verisi başarılı mı

2021-10-21 14:32:53 - [TEST_STEP][PASSED] - Kullanıcı işlemlerinden Çıkış seçilir: Kullanıcı işlemlerinden Çıkış seçilir

2021-10-21 14:32:53 - [MESSAGE][PASSED] - Kullanıcı işlemlerinden Çıkış seçilir

2021-10-21 14:32:53 - [MESSAGE][PASSED] - Feature file: 'Include/features/Regresyon/e-Arsiv/VKN-Kagit-Ihrac Kayitli.feature' was passed

2021-10-21 14:32:53 - [TEST_STEP][PASSED] - Start listener action : sampleAfterTestSuite: Invoke 'com.kms.katalon.core.annotation.AfterTestCase' method: 'Listener.sampleAfterTestSuite(...)' completed.

2021-10-21 14:32:53 - [MESSAGE][INFO] - Starting invoke 'com.kms.katalon.core.annotation.AfterTestCase' method: 'Listener.sampleAfterTestSuite(...)'

2021-10-21 14:32:53 - [TEST_STEP][PASSED] - closeBrowser(): Invoke 'com.kms.katalon.core.annotation.AfterTestCase' method: 'Listener.sampleAfterTestSuite(...)' completed.

2021-10-21 14:32:53 - [MESSAGE][INFO] - Closing browser

2021-10-21 14:32:54 - [MESSAGE][PASSED] - Browser is closed

2021-10-21 14:32:54 - [MESSAGE][INFO] - Invoke 'com.kms.katalon.core.annotation.AfterTestCase' method: 'Listener.sampleAfterTestSuite(...)' completed.]]></system-out>
         <system-err><![CDATA[]]></system-err>
      </testcase>
      <testcase name="Test Cases/Case Repository/Regresyon/e-Arsiv/VKN-Kagit-Istisna" time="116.941" classname="Test Cases/Case Repository/Regresyon/e-Arsiv/VKN-Kagit-Istisna" status="PASSED">
         <system-out><![CDATA[2021-10-21 14:32:54 - [TEST_CASE][PASSED] - Test Cases/Case Repository/Regresyon/e-Arsiv/VKN-Kagit-Istisna: Test Cases/Case Repository/Regresyon/e-Arsiv/VKN-Kagit-Istisna

2021-10-21 14:32:54 - [TEST_STEP][PASSED] - Start listener action : sampleBeforeTestSuite: Invoke 'com.kms.katalon.core.annotation.BeforeTestCase' method: 'Listener.sampleBeforeTestSuite(...)' completed.

2021-10-21 14:32:54 - [MESSAGE][INFO] - Starting invoke 'com.kms.katalon.core.annotation.BeforeTestCase' method: 'Listener.sampleBeforeTestSuite(...)'

2021-10-21 14:32:54 - [TEST_STEP][PASSED] - openBrowser(baseUrl): Browser is opened with url: 'https://efatura-stage.elogo.com.tr/'

2021-10-21 14:32:54 - [MESSAGE][INFO] - Opening browser

2021-10-21 14:32:54 - [MESSAGE][INFO] - Starting 'Chrome' driver

2021-10-21 14:32:54 - [MESSAGE][INFO] - User set preference: ['prefs', '{download.default_directory=C:\otomasyondownfiles}']

2021-10-21 14:32:54 - [MESSAGE][INFO] - Action delay is set to 0 milliseconds

2021-10-21 14:32:55 - [MESSAGE][INFO] - Navigating browser to: 'https://efatura-stage.elogo.com.tr/'

2021-10-21 14:32:57 - [MESSAGE][PASSED] - Browser is opened with url: 'https://efatura-stage.elogo.com.tr/'

2021-10-21 14:32:57 - [TEST_STEP][PASSED] - maximizeWindow(): Invoke 'com.kms.katalon.core.annotation.BeforeTestCase' method: 'Listener.sampleBeforeTestSuite(...)' completed.

2021-10-21 14:32:57 - [MESSAGE][INFO] - Maximizing current window

2021-10-21 14:32:58 - [MESSAGE][PASSED] - Current window maximized

2021-10-21 14:32:58 - [MESSAGE][INFO] - Invoke 'com.kms.katalon.core.annotation.BeforeTestCase' method: 'Listener.sampleBeforeTestSuite(...)' completed.

2021-10-21 14:32:58 - [TEST_STEP][PASSED] - runFeatureFile("Include/features/Regresyon/e-Arsiv/VKN-Kagit-Istisna.feature"): Feature file: 'Include/features/Regresyon/e-Arsiv/VKN-Kagit-Istisna.feature' was passed

2021-10-21 14:32:58 - [MESSAGE][INFO] - Starting run keyword runFeatureFile: 'Include/features/Regresyon/e-Arsiv/VKN-Kagit-Istisna.feature' and extract report to folder: 'C:\Users\DELL\Downloads\EES_Katalon-main\Reports\20211021_140437\Suite Repository\Regresyon-eArsiv-eMakbuz\20211021_140449/cucumber_report/1634815978602'...

2021-10-21 14:32:58 - [MESSAGE][INFO] - Glue: []

2021-10-21 14:32:59 - [MESSAGE][INFO] - Checking called Test Case

2021-10-21 14:32:59 - [MESSAGE][INFO] - Starting to call Test Case 'Test Cases/Sayfalar/Giris_Sayfasi/Login'

2021-10-21 14:32:59 - [TEST_CASE][PASSED] - Test Cases/Sayfalar/Giris_Sayfasi/Login: Test Cases/Sayfalar/Giris_Sayfasi/Login

2021-10-21 14:32:59 - [TEST_STEP][PASSED] - Sayfa_Basligi = getWindowTitle(): Current window's title is: 'LOGO e-Fatura'

2021-10-21 14:32:59 - [MESSAGE][INFO] - Getting current window's title

2021-10-21 14:32:59 - [MESSAGE][PASSED] - Current window's title is: 'LOGO e-Fatura'

2021-10-21 14:32:59 - [TEST_STEP][PASSED] - verifyMatch(Sayfa_Basligi, "LOGO e-Fatura", false): Actual text 'LOGO e-Fatura' and expected text 'LOGO e-Fatura' are matched 

2021-10-21 14:32:59 - [MESSAGE][INFO] - Matching actual text 'LOGO e-Fatura' with expected text 'LOGO e-Fatura'

2021-10-21 14:32:59 - [MESSAGE][PASSED] - Actual text 'LOGO e-Fatura' and expected text 'LOGO e-Fatura' are matched 

2021-10-21 14:32:59 - [TEST_STEP][PASSED] - sendKeys(findTestObject("Sayfalar/Giris_Sayfasi/Firma_Kodu"), KullaniciAdi): Keys 'EARISTISNA' sent to object: 'Object Repository/Sayfalar/Giris_Sayfasi/Firma_Kodu'

2021-10-21 14:32:59 - [MESSAGE][INFO] - Finding Test Object 'Object Repository/Sayfalar/Giris_Sayfasi/Firma_Kodu'

2021-10-21 14:32:59 - [MESSAGE][INFO] - Sending keys 'EARISTISNA' to object: 'Object Repository/Sayfalar/Giris_Sayfasi/Firma_Kodu'

2021-10-21 14:32:59 - [MESSAGE][INFO] - Finding web element from Test Object's properties

2021-10-21 14:32:59 - [MESSAGE][INFO] - Checking timeout

2021-10-21 14:32:59 - [MESSAGE][INFO] - Finding web element with id: 'Object Repository/Sayfalar/Giris_Sayfasi/Firma_Kodu' located by 'By.xpath: //*[@id = 'AccountName']' in '30' second(s)

2021-10-21 14:32:59 - [MESSAGE][INFO] - Smart Wait Function is triggered

2021-10-21 14:33:00 - [MESSAGE][INFO] - Found 1 web elements with id: 'Object Repository/Sayfalar/Giris_Sayfasi/Firma_Kodu' located by 'By.xpath: //*[@id = 'AccountName']' in '30' second(s)

2021-10-21 14:33:00 - [MESSAGE][PASSED] - Keys 'EARISTISNA' sent to object: 'Object Repository/Sayfalar/Giris_Sayfasi/Firma_Kodu'

2021-10-21 14:33:00 - [TEST_STEP][PASSED] - sendKeys(findTestObject("Sayfalar/Giris_Sayfasi/Sifre"), Sifre): Keys 'test1234' sent to object: 'Object Repository/Sayfalar/Giris_Sayfasi/Sifre'

2021-10-21 14:33:00 - [MESSAGE][INFO] - Finding Test Object 'Object Repository/Sayfalar/Giris_Sayfasi/Sifre'

2021-10-21 14:33:00 - [MESSAGE][INFO] - Sending keys 'test1234' to object: 'Object Repository/Sayfalar/Giris_Sayfasi/Sifre'

2021-10-21 14:33:00 - [MESSAGE][INFO] - Finding web element from Test Object's properties

2021-10-21 14:33:00 - [MESSAGE][INFO] - Checking timeout

2021-10-21 14:33:00 - [MESSAGE][INFO] - Finding web element with id: 'Object Repository/Sayfalar/Giris_Sayfasi/Sifre' located by 'By.xpath: //*[@id = 'Password']' in '30' second(s)

2021-10-21 14:33:00 - [MESSAGE][INFO] - Smart Wait Function is triggered

2021-10-21 14:33:00 - [MESSAGE][INFO] - Found 1 web elements with id: 'Object Repository/Sayfalar/Giris_Sayfasi/Sifre' located by 'By.xpath: //*[@id = 'Password']' in '30' second(s)

2021-10-21 14:33:01 - [MESSAGE][PASSED] - Keys 'test1234' sent to object: 'Object Repository/Sayfalar/Giris_Sayfasi/Sifre'

2021-10-21 14:33:01 - [TEST_STEP][PASSED] - findWebElement(findTestObject("Sayfalar/Giris_Sayfasi/Giris_Butonu")).click(): Found 1 web elements with id: 'Object Repository/Sayfalar/Giris_Sayfasi/Giris_Butonu' located by 'By.cssSelector: #btnLogin' in '30' second(s)

2021-10-21 14:33:01 - [MESSAGE][INFO] - Finding Test Object 'Object Repository/Sayfalar/Giris_Sayfasi/Giris_Butonu'

2021-10-21 14:33:01 - [MESSAGE][INFO] - Finding web element from Test Object's properties

2021-10-21 14:33:01 - [MESSAGE][INFO] - Checking timeout

2021-10-21 14:33:01 - [MESSAGE][INFO] - Finding web element with id: 'Object Repository/Sayfalar/Giris_Sayfasi/Giris_Butonu' located by 'By.cssSelector: #btnLogin' in '30' second(s)

2021-10-21 14:33:01 - [MESSAGE][INFO] - Smart Wait Function is triggered

2021-10-21 14:33:01 - [MESSAGE][INFO] - Found 1 web elements with id: 'Object Repository/Sayfalar/Giris_Sayfasi/Giris_Butonu' located by 'By.cssSelector: #btnLogin' in '30' second(s)

2021-10-21 14:33:03 - [TEST_STEP][PASSED] - if (verifyElementPresent(findTestObject("Object Repository/Sayfalar/Giris_Sayfasi/RetveTamam_Butonu"), 5, OPTIONAL)): null

2021-10-21 14:33:03 - [MESSAGE][INFO] - Finding Test Object 'Object Repository/Sayfalar/Giris_Sayfasi/RetveTamam_Butonu'

2021-10-21 14:33:03 - [MESSAGE][INFO] - Checking object

2021-10-21 14:33:03 - [MESSAGE][INFO] - Finding web element from Test Object's properties

2021-10-21 14:33:03 - [MESSAGE][INFO] - Checking timeout

2021-10-21 14:33:03 - [MESSAGE][INFO] - Finding web element with id: 'Object Repository/Sayfalar/Giris_Sayfasi/RetveTamam_Butonu' located by 'By.xpath: //*[@class = 'btn btn-default']' in '5' second(s)

2021-10-21 14:33:03 - [MESSAGE][INFO] - Smart Wait Function is triggered

2021-10-21 14:33:03 - [MESSAGE][INFO] - Found 1 web elements with id: 'Object Repository/Sayfalar/Giris_Sayfasi/RetveTamam_Butonu' located by 'By.xpath: //*[@class = 'btn btn-default']' in '5' second(s)

2021-10-21 14:33:03 - [MESSAGE][PASSED] - Object 'Object Repository/Sayfalar/Giris_Sayfasi/RetveTamam_Butonu' is present

2021-10-21 14:33:03 - [TEST_STEP][PASSED] - click(findTestObject("Object Repository/Sayfalar/Giris_Sayfasi/RetveTamam_Butonu")): Object: 'Object Repository/Sayfalar/Giris_Sayfasi/RetveTamam_Butonu' is clicked on

2021-10-21 14:33:03 - [MESSAGE][INFO] - Finding Test Object 'Object Repository/Sayfalar/Giris_Sayfasi/RetveTamam_Butonu'

2021-10-21 14:33:03 - [MESSAGE][INFO] - Checking object

2021-10-21 14:33:03 - [MESSAGE][INFO] - Finding web element from Test Object's properties

2021-10-21 14:33:03 - [MESSAGE][INFO] - Checking timeout

2021-10-21 14:33:03 - [MESSAGE][INFO] - Finding web element with id: 'Object Repository/Sayfalar/Giris_Sayfasi/RetveTamam_Butonu' located by 'By.xpath: //*[@class = 'btn btn-default']' in '30' second(s)

2021-10-21 14:33:03 - [MESSAGE][INFO] - Smart Wait Function is triggered

2021-10-21 14:33:04 - [MESSAGE][INFO] - Found 1 web elements with id: 'Object Repository/Sayfalar/Giris_Sayfasi/RetveTamam_Butonu' located by 'By.xpath: //*[@class = 'btn btn-default']' in '30' second(s)

2021-10-21 14:33:04 - [MESSAGE][INFO] - Clicking on object: 'Object Repository/Sayfalar/Giris_Sayfasi/RetveTamam_Butonu'

2021-10-21 14:33:04 - [MESSAGE][PASSED] - Object: 'Object Repository/Sayfalar/Giris_Sayfasi/RetveTamam_Butonu' is clicked on

2021-10-21 14:33:04 - [TEST_STEP][PASSED] - click(findTestObject("Object Repository/Sayfalar/Giris_Sayfasi/RetveTamam_Butonu")): Object: 'Object Repository/Sayfalar/Giris_Sayfasi/RetveTamam_Butonu' is clicked on

2021-10-21 14:33:04 - [MESSAGE][INFO] - Finding Test Object 'Object Repository/Sayfalar/Giris_Sayfasi/RetveTamam_Butonu'

2021-10-21 14:33:04 - [MESSAGE][INFO] - Checking object

2021-10-21 14:33:04 - [MESSAGE][INFO] - Finding web element from Test Object's properties

2021-10-21 14:33:04 - [MESSAGE][INFO] - Checking timeout

2021-10-21 14:33:04 - [MESSAGE][INFO] - Finding web element with id: 'Object Repository/Sayfalar/Giris_Sayfasi/RetveTamam_Butonu' located by 'By.xpath: //*[@class = 'btn btn-default']' in '30' second(s)

2021-10-21 14:33:04 - [MESSAGE][INFO] - Smart Wait Function is triggered

2021-10-21 14:33:08 - [MESSAGE][INFO] - Found 1 web elements with id: 'Object Repository/Sayfalar/Giris_Sayfasi/RetveTamam_Butonu' located by 'By.xpath: //*[@class = 'btn btn-default']' in '30' second(s)

2021-10-21 14:33:08 - [MESSAGE][INFO] - Clicking on object: 'Object Repository/Sayfalar/Giris_Sayfasi/RetveTamam_Butonu'

2021-10-21 14:33:08 - [MESSAGE][PASSED] - Object: 'Object Repository/Sayfalar/Giris_Sayfasi/RetveTamam_Butonu' is clicked on

2021-10-21 14:33:08 - [TEST_STEP][PASSED] - if (verifyElementPresent(findTestObject("Sayfalar/Giris_Sayfasi/PopupOK"), 5, OPTIONAL)): com.kms.katalon.core.webui.exception.WebElementNotFoundException: Web element with id: 'Object Repository/Sayfalar/Giris_Sayfasi/PopupOK' located by '.btn.btn-success' not found (Root cause: com.kms.katalon.core.exception.StepFailedException: com.kms.katalon.core.webui.exception.WebElementNotFoundException: Web element with id: 'Object Repository/Sayfalar/Giris_Sayfasi/PopupOK' located by '.btn.btn-success' not found
	at com.kms.katalon.core.webui.keyword.internal.WebUIKeywordMain.stepFailed(WebUIKeywordMain.groovy:64)
	at com.kms.katalon.core.webui.keyword.builtin.VerifyElementPresentKeyword$_verifyElementPresent_closure1.doCall(VerifyElementPresentKeyword.groovy:85)
	at com.kms.katalon.core.webui.keyword.builtin.VerifyElementPresentKeyword$_verifyElementPresent_closure1.call(VerifyElementPresentKeyword.groovy)
	at com.kms.katalon.core.webui.keyword.internal.WebUIKeywordMain.runKeyword(WebUIKeywordMain.groovy:20)
	at com.kms.katalon.core.webui.keyword.builtin.VerifyElementPresentKeyword.verifyElementPresent(VerifyElementPresentKeyword.groovy:92)
	at com.kms.katalon.core.webui.keyword.builtin.VerifyElementPresentKeyword.execute(VerifyElementPresentKeyword.groovy:68)
	at com.kms.katalon.core.keyword.internal.KeywordExecutor.executeKeywordForPlatform(KeywordExecutor.groovy:73)
	at com.kms.katalon.core.webui.keyword.WebUiBuiltInKeywords.verifyElementPresent(WebUiBuiltInKeywords.groovy:1448)
	at com.kms.katalon.core.webui.keyword.WebUiBuiltInKeywords$verifyElementPresent$4.call(Unknown Source)
	at Login.run(Login:40)
	at com.kms.katalon.core.main.ScriptEngine.run(ScriptEngine.java:194)
	at com.kms.katalon.core.main.ScriptEngine.runScriptAsRawText(ScriptEngine.java:119)
	at com.kms.katalon.core.main.TestCaseExecutor.runScript(TestCaseExecutor.java:369)
	at com.kms.katalon.core.main.TestCaseExecutor.doExecute(TestCaseExecutor.java:360)
	at com.kms.katalon.core.main.TestCaseExecutor.processExecutionPhase(TestCaseExecutor.java:339)
	at com.kms.katalon.core.main.TestCaseExecutor.accessMainPhase(TestCaseExecutor.java:331)
	at com.kms.katalon.core.main.TestCaseExecutor.execute(TestCaseExecutor.java:248)
	at com.kms.katalon.core.main.TestCaseMain.runTestCase(TestCaseMain.java:138)
	at com.kms.katalon.core.keyword.builtin.CallTestCaseKeyword$_callTestCase_closure1.doCall(CallTestCaseKeyword.groovy:59)
	at com.kms.katalon.core.keyword.builtin.CallTestCaseKeyword$_callTestCase_closure1.call(CallTestCaseKeyword.groovy)
	at com.kms.katalon.core.keyword.internal.KeywordMain.runKeyword(KeywordMain.groovy:68)
	at com.kms.katalon.core.keyword.builtin.CallTestCaseKeyword.callTestCase(CallTestCaseKeyword.groovy:81)
	at com.kms.katalon.core.keyword.builtin.CallTestCaseKeyword.execute(CallTestCaseKeyword.groovy:44)
	at com.kms.katalon.core.keyword.internal.KeywordExecutor.executeKeywordForPlatform(KeywordExecutor.groovy:73)
	at com.kms.katalon.core.keyword.BuiltinKeywords.callTestCase(BuiltinKeywords.groovy:334)
	at sayfalar.girisSayfasi.login(girisSayfasi.groovy:50)
	at cucumber.runtime.Utils$1.call(Utils.java:26)
	at cucumber.runtime.Timeout.timeout(Timeout.java:16)
	at cucumber.runtime.Utils.invoke(Utils.java:20)
	at cucumber.runtime.java.JavaStepDefinition.execute(JavaStepDefinition.java:49)
	at cucumber.runner.PickleStepDefinitionMatch.runStep(PickleStepDefinitionMatch.java:50)
	at cucumber.runner.TestStep.executeStep(TestStep.java:63)
	at cucumber.runner.TestStep.run(TestStep.java:49)
	at cucumber.runner.PickleStepTestStep.run(PickleStepTestStep.java:43)
	at cucumber.runner.TestCase.run(TestCase.java:44)
	at cucumber.runner.Runner.runPickle(Runner.java:40)
	at cucumber.runtime.Runtime$1.run(Runtime.java:84)
	at cucumber.runtime.Runtime$SameThreadExecutorService.execute(Runtime.java:220)
	at cucumber.runtime.Runtime.run(Runtime.java:81)
	at cucumber.api.cli.Main.run(Main.java:26)
	at cucumber.api.cli.Main$run.call(Unknown Source)
	at com.kms.katalon.core.cucumber.keyword.CucumberBuiltinKeywords$_runFeatureFile_closure1.doCall(CucumberBuiltinKeywords.groovy:106)
	at com.kms.katalon.core.cucumber.keyword.CucumberBuiltinKeywords$_runFeatureFile_closure1.doCall(CucumberBuiltinKeywords.groovy)
	at com.kms.katalon.core.keyword.internal.KeywordMain.runKeyword(KeywordMain.groovy:68)
	at com.kms.katalon.core.keyword.internal.KeywordMain$runKeyword.call(Unknown Source)
	at com.kms.katalon.core.cucumber.keyword.CucumberBuiltinKeywords.runFeatureFile(CucumberBuiltinKeywords.groovy:73)
	at com.kms.katalon.core.cucumber.keyword.CucumberBuiltinKeywords$runFeatureFile$0.callStatic(Unknown Source)
	at com.kms.katalon.core.cucumber.keyword.CucumberBuiltinKeywords.runFeatureFile(CucumberBuiltinKeywords.groovy:246)
	at com.kms.katalon.core.cucumber.keyword.CucumberBuiltinKeywords$runFeatureFile.call(Unknown Source)
	at VKN-Kagit-Istisna.run(VKN-Kagit-Istisna:19)
	at com.kms.katalon.core.main.ScriptEngine.run(ScriptEngine.java:194)
	at com.kms.katalon.core.main.ScriptEngine.runScriptAsRawText(ScriptEngine.java:119)
	at com.kms.katalon.core.main.TestCaseExecutor.runScript(TestCaseExecutor.java:369)
	at com.kms.katalon.core.main.TestCaseExecutor.doExecute(TestCaseExecutor.java:360)
	at com.kms.katalon.core.main.TestCaseExecutor.processExecutionPhase(TestCaseExecutor.java:339)
	at com.kms.katalon.core.main.TestCaseExecutor.accessMainPhase(TestCaseExecutor.java:331)
	at com.kms.katalon.core.main.TestCaseExecutor.execute(TestCaseExecutor.java:248)
	at com.kms.katalon.core.main.TestSuiteExecutor.accessTestCaseMainPhase(TestSuiteExecutor.java:191)
	at com.kms.katalon.core.main.TestSuiteExecutor.accessTestSuiteMainPhase(TestSuiteExecutor.java:140)
	at com.kms.katalon.core.main.TestSuiteExecutor.execute(TestSuiteExecutor.java:89)
	at com.kms.katalon.core.main.TestCaseMain.startTestSuite(TestCaseMain.java:181)
	at com.kms.katalon.core.main.TestCaseMain$startTestSuite$0.call(Unknown Source)
	at TempTestSuite1634814289741.run(TempTestSuite1634814289741.groovy:39)
)

2021-10-21 14:33:08 - [MESSAGE][INFO] - Finding Test Object 'Object Repository/Sayfalar/Giris_Sayfasi/PopupOK'

2021-10-21 14:33:08 - [MESSAGE][INFO] - Checking object

2021-10-21 14:33:08 - [MESSAGE][INFO] - Finding web element from Test Object's properties

2021-10-21 14:33:08 - [MESSAGE][INFO] - Checking timeout

2021-10-21 14:33:08 - [MESSAGE][INFO] - Finding web element with id: 'Object Repository/Sayfalar/Giris_Sayfasi/PopupOK' located by 'By.cssSelector: .btn.btn-success' in '5' second(s)

2021-10-21 14:33:08 - [MESSAGE][INFO] - Smart Wait Function is triggered

2021-10-21 14:33:09 - [MESSAGE][INFO] - Smart Wait Function is triggered

2021-10-21 14:33:09 - [MESSAGE][INFO] - Smart Wait Function is triggered

2021-10-21 14:33:09 - [MESSAGE][INFO] - Smart Wait Function is triggered

2021-10-21 14:33:10 - [MESSAGE][INFO] - Smart Wait Function is triggered

2021-10-21 14:33:10 - [MESSAGE][INFO] - Smart Wait Function is triggered

2021-10-21 14:33:10 - [MESSAGE][INFO] - Smart Wait Function is triggered

2021-10-21 14:33:10 - [MESSAGE][INFO] - Smart Wait Function is triggered

2021-10-21 14:33:11 - [MESSAGE][INFO] - Smart Wait Function is triggered

2021-10-21 14:33:11 - [MESSAGE][INFO] - Smart Wait Function is triggered

2021-10-21 14:33:11 - [MESSAGE][INFO] - Smart Wait Function is triggered

2021-10-21 14:33:11 - [MESSAGE][INFO] - Smart Wait Function is triggered

2021-10-21 14:33:12 - [MESSAGE][INFO] - Smart Wait Function is triggered

2021-10-21 14:33:12 - [MESSAGE][INFO] - Smart Wait Function is triggered

2021-10-21 14:33:12 - [MESSAGE][INFO] - Smart Wait Function is triggered

2021-10-21 14:33:13 - [MESSAGE][INFO] - Smart Wait Function is triggered

2021-10-21 14:33:13 - [MESSAGE][INFO] - Smart Wait Function is triggered

2021-10-21 14:33:13 - [MESSAGE][INFO] - Smart Wait Function is triggered

2021-10-21 14:33:13 - [MESSAGE][INFO] - Smart Wait Function is triggered

2021-10-21 14:33:14 - [MESSAGE][INFO] - Smart Wait Function is triggered

2021-10-21 14:33:14 - [MESSAGE][INFO] - Unable to find the element located by 'By.cssSelector: .btn.btn-success'. Please recheck the objects properties to make sure the desired element is located. 

2021-10-21 14:33:14 - [MESSAGE][WARNING] - com.kms.katalon.core.webui.exception.WebElementNotFoundException: Web element with id: 'Object Repository/Sayfalar/Giris_Sayfasi/PopupOK' located by '.btn.btn-success' not found (Root cause: com.kms.katalon.core.exception.StepFailedException: com.kms.katalon.core.webui.exception.WebElementNotFoundException: Web element with id: 'Object Repository/Sayfalar/Giris_Sayfasi/PopupOK' located by '.btn.btn-success' not found
	at com.kms.katalon.core.webui.keyword.internal.WebUIKeywordMain.stepFailed(WebUIKeywordMain.groovy:64)
	at com.kms.katalon.core.webui.keyword.builtin.VerifyElementPresentKeyword$_verifyElementPresent_closure1.doCall(VerifyElementPresentKeyword.groovy:85)
	at com.kms.katalon.core.webui.keyword.builtin.VerifyElementPresentKeyword$_verifyElementPresent_closure1.call(VerifyElementPresentKeyword.groovy)
	at com.kms.katalon.core.webui.keyword.internal.WebUIKeywordMain.runKeyword(WebUIKeywordMain.groovy:20)
	at com.kms.katalon.core.webui.keyword.builtin.VerifyElementPresentKeyword.verifyElementPresent(VerifyElementPresentKeyword.groovy:92)
	at com.kms.katalon.core.webui.keyword.builtin.VerifyElementPresentKeyword.execute(VerifyElementPresentKeyword.groovy:68)
	at com.kms.katalon.core.keyword.internal.KeywordExecutor.executeKeywordForPlatform(KeywordExecutor.groovy:73)
	at com.kms.katalon.core.webui.keyword.WebUiBuiltInKeywords.verifyElementPresent(WebUiBuiltInKeywords.groovy:1448)
	at com.kms.katalon.core.webui.keyword.WebUiBuiltInKeywords$verifyElementPresent$4.call(Unknown Source)
	at Login.run(Login:40)
	at com.kms.katalon.core.main.ScriptEngine.run(ScriptEngine.java:194)
	at com.kms.katalon.core.main.ScriptEngine.runScriptAsRawText(ScriptEngine.java:119)
	at com.kms.katalon.core.main.TestCaseExecutor.runScript(TestCaseExecutor.java:369)
	at com.kms.katalon.core.main.TestCaseExecutor.doExecute(TestCaseExecutor.java:360)
	at com.kms.katalon.core.main.TestCaseExecutor.processExecutionPhase(TestCaseExecutor.java:339)
	at com.kms.katalon.core.main.TestCaseExecutor.accessMainPhase(TestCaseExecutor.java:331)
	at com.kms.katalon.core.main.TestCaseExecutor.execute(TestCaseExecutor.java:248)
	at com.kms.katalon.core.main.TestCaseMain.runTestCase(TestCaseMain.java:138)
	at com.kms.katalon.core.keyword.builtin.CallTestCaseKeyword$_callTestCase_closure1.doCall(CallTestCaseKeyword.groovy:59)
	at com.kms.katalon.core.keyword.builtin.CallTestCaseKeyword$_callTestCase_closure1.call(CallTestCaseKeyword.groovy)
	at com.kms.katalon.core.keyword.internal.KeywordMain.runKeyword(KeywordMain.groovy:68)
	at com.kms.katalon.core.keyword.builtin.CallTestCaseKeyword.callTestCase(CallTestCaseKeyword.groovy:81)
	at com.kms.katalon.core.keyword.builtin.CallTestCaseKeyword.execute(CallTestCaseKeyword.groovy:44)
	at com.kms.katalon.core.keyword.internal.KeywordExecutor.executeKeywordForPlatform(KeywordExecutor.groovy:73)
	at com.kms.katalon.core.keyword.BuiltinKeywords.callTestCase(BuiltinKeywords.groovy:334)
	at sayfalar.girisSayfasi.login(girisSayfasi.groovy:50)
	at cucumber.runtime.Utils$1.call(Utils.java:26)
	at cucumber.runtime.Timeout.timeout(Timeout.java:16)
	at cucumber.runtime.Utils.invoke(Utils.java:20)
	at cucumber.runtime.java.JavaStepDefinition.execute(JavaStepDefinition.java:49)
	at cucumber.runner.PickleStepDefinitionMatch.runStep(PickleStepDefinitionMatch.java:50)
	at cucumber.runner.TestStep.executeStep(TestStep.java:63)
	at cucumber.runner.TestStep.run(TestStep.java:49)
	at cucumber.runner.PickleStepTestStep.run(PickleStepTestStep.java:43)
	at cucumber.runner.TestCase.run(TestCase.java:44)
	at cucumber.runner.Runner.runPickle(Runner.java:40)
	at cucumber.runtime.Runtime$1.run(Runtime.java:84)
	at cucumber.runtime.Runtime$SameThreadExecutorService.execute(Runtime.java:220)
	at cucumber.runtime.Runtime.run(Runtime.java:81)
	at cucumber.api.cli.Main.run(Main.java:26)
	at cucumber.api.cli.Main$run.call(Unknown Source)
	at com.kms.katalon.core.cucumber.keyword.CucumberBuiltinKeywords$_runFeatureFile_closure1.doCall(CucumberBuiltinKeywords.groovy:106)
	at com.kms.katalon.core.cucumber.keyword.CucumberBuiltinKeywords$_runFeatureFile_closure1.doCall(CucumberBuiltinKeywords.groovy)
	at com.kms.katalon.core.keyword.internal.KeywordMain.runKeyword(KeywordMain.groovy:68)
	at com.kms.katalon.core.keyword.internal.KeywordMain$runKeyword.call(Unknown Source)
	at com.kms.katalon.core.cucumber.keyword.CucumberBuiltinKeywords.runFeatureFile(CucumberBuiltinKeywords.groovy:73)
	at com.kms.katalon.core.cucumber.keyword.CucumberBuiltinKeywords$runFeatureFile$0.callStatic(Unknown Source)
	at com.kms.katalon.core.cucumber.keyword.CucumberBuiltinKeywords.runFeatureFile(CucumberBuiltinKeywords.groovy:246)
	at com.kms.katalon.core.cucumber.keyword.CucumberBuiltinKeywords$runFeatureFile.call(Unknown Source)
	at VKN-Kagit-Istisna.run(VKN-Kagit-Istisna:19)
	at com.kms.katalon.core.main.ScriptEngine.run(ScriptEngine.java:194)
	at com.kms.katalon.core.main.ScriptEngine.runScriptAsRawText(ScriptEngine.java:119)
	at com.kms.katalon.core.main.TestCaseExecutor.runScript(TestCaseExecutor.java:369)
	at com.kms.katalon.core.main.TestCaseExecutor.doExecute(TestCaseExecutor.java:360)
	at com.kms.katalon.core.main.TestCaseExecutor.processExecutionPhase(TestCaseExecutor.java:339)
	at com.kms.katalon.core.main.TestCaseExecutor.accessMainPhase(TestCaseExecutor.java:331)
	at com.kms.katalon.core.main.TestCaseExecutor.execute(TestCaseExecutor.java:248)
	at com.kms.katalon.core.main.TestSuiteExecutor.accessTestCaseMainPhase(TestSuiteExecutor.java:191)
	at com.kms.katalon.core.main.TestSuiteExecutor.accessTestSuiteMainPhase(TestSuiteExecutor.java:140)
	at com.kms.katalon.core.main.TestSuiteExecutor.execute(TestSuiteExecutor.java:89)
	at com.kms.katalon.core.main.TestCaseMain.startTestSuite(TestCaseMain.java:181)
	at com.kms.katalon.core.main.TestCaseMain$startTestSuite$0.call(Unknown Source)
	at TempTestSuite1634814289741.run(TempTestSuite1634814289741.groovy:39)
)

2021-10-21 14:33:14 - [TEST_STEP][PASSED] - verifyElementVisible(findTestObject("Object Repository/Kullanici_Islemleri/KullaniciIslemleri")): Object 'Object Repository/Kullanici_Islemleri/KullaniciIslemleri' is visible

2021-10-21 14:33:14 - [MESSAGE][INFO] - Finding Test Object 'Object Repository/Kullanici_Islemleri/KullaniciIslemleri'

2021-10-21 14:33:14 - [MESSAGE][INFO] - Checking object

2021-10-21 14:33:14 - [MESSAGE][INFO] - Finding web element from Test Object's properties

2021-10-21 14:33:14 - [MESSAGE][INFO] - Checking timeout

2021-10-21 14:33:14 - [MESSAGE][INFO] - Finding web element with id: 'Object Repository/Kullanici_Islemleri/KullaniciIslemleri' located by 'By.cssSelector: .dropdown>a>img' in '30' second(s)

2021-10-21 14:33:14 - [MESSAGE][INFO] - Smart Wait Function is triggered

2021-10-21 14:33:15 - [MESSAGE][INFO] - Found 1 web elements with id: 'Object Repository/Kullanici_Islemleri/KullaniciIslemleri' located by 'By.cssSelector: .dropdown>a>img' in '30' second(s)

2021-10-21 14:33:15 - [MESSAGE][PASSED] - Object 'Object Repository/Kullanici_Islemleri/KullaniciIslemleri' is visible

2021-10-21 14:33:15 - [MESSAGE][PASSED] - Call Test Case 'Test Cases/Sayfalar/Giris_Sayfasi/Login' successfully

2021-10-21 14:33:15 - [MESSAGE][INFO] - Checking called Test Case

2021-10-21 14:33:15 - [MESSAGE][INFO] - Starting to call Test Case 'Test Cases/Menu/AnaMenuSecimi'

2021-10-21 14:33:15 - [TEST_CASE][PASSED] - Test Cases/Menu/AnaMenuSecimi: Test Cases/Menu/AnaMenuSecimi

2021-10-21 14:33:15 - [TEST_STEP][PASSED] - Method.TextDegerineEsitElementeTikla(findTestObject("Menu/Ana_Menu"), Ana_Menu): Method.TextDegerineEsitElementeTikla is PASSED

2021-10-21 14:33:15 - [MESSAGE][INFO] - Finding Test Object 'Object Repository/Menu/Ana_Menu'

2021-10-21 14:33:15 - [MESSAGE][INFO] - Checking timeout

2021-10-21 14:33:15 - [MESSAGE][INFO] - Finding web element with id: 'Object Repository/Menu/Ana_Menu' located by 'By.xpath: //*[@class = 'dropdown-toggle']' in '10' second(s)

2021-10-21 14:33:15 - [MESSAGE][INFO] - Smart Wait Function is triggered

2021-10-21 14:33:15 - [MESSAGE][INFO] - Found 14 web elements with id: 'Object Repository/Menu/Ana_Menu' located by 'By.xpath: //*[@class = 'dropdown-toggle']' in '10' second(s)

2021-10-21 14:33:15 - [MESSAGE][PASSED] - Method.TextDegerineEsitElementeTikla is PASSED

2021-10-21 14:33:15 - [MESSAGE][PASSED] - Call Test Case 'Test Cases/Menu/AnaMenuSecimi' successfully

2021-10-21 14:33:15 - [MESSAGE][INFO] - Checking called Test Case

2021-10-21 14:33:15 - [MESSAGE][INFO] - Starting to call Test Case 'Test Cases/Menu/BasligaGoreAltMenuSecimi'

2021-10-21 14:33:15 - [TEST_CASE][PASSED] - Test Cases/Menu/BasligaGoreAltMenuSecimi: Test Cases/Menu/BasligaGoreAltMenuSecimi

2021-10-21 14:33:15 - [TEST_STEP][PASSED] - Method.TextDegerineEsitElementinAltindakiTextDegerineEsitOlanaTikla(findTestObject("Menu/Menu_Basligi"), findTestObject("Menu/Basliga_Gore_Alt_Menu"), Baslik, Alt_Menu): Method.TextDegerineEsitElementinAltindakiTextDegerineEsitOlanaTikla is PASSED

2021-10-21 14:33:15 - [MESSAGE][INFO] - Finding Test Object 'Object Repository/Menu/Menu_Basligi'

2021-10-21 14:33:16 - [MESSAGE][INFO] - Finding Test Object 'Object Repository/Menu/Basliga_Gore_Alt_Menu'

2021-10-21 14:33:16 - [MESSAGE][INFO] - Checking timeout

2021-10-21 14:33:16 - [MESSAGE][INFO] - Finding web element with id: 'Object Repository/Menu/Menu_Basligi' located by 'By.xpath: //li[@class='dropdown dropdown-large open']//li[@class='dropdown-header']' in '10' second(s)

2021-10-21 14:33:16 - [MESSAGE][INFO] - Smart Wait Function is triggered

2021-10-21 14:33:16 - [MESSAGE][INFO] - Found 2 web elements with id: 'Object Repository/Menu/Menu_Basligi' located by 'By.xpath: //li[@class='dropdown dropdown-large open']//li[@class='dropdown-header']' in '10' second(s)

2021-10-21 14:33:16 - [MESSAGE][INFO] - Smart Wait Function is triggered

2021-10-21 14:33:19 - [MESSAGE][PASSED] - Method.TextDegerineEsitElementinAltindakiTextDegerineEsitOlanaTikla is PASSED

2021-10-21 14:33:19 - [MESSAGE][PASSED] - Call Test Case 'Test Cases/Menu/BasligaGoreAltMenuSecimi' successfully

2021-10-21 14:33:19 - [MESSAGE][INFO] - Checking called Test Case

2021-10-21 14:33:19 - [MESSAGE][INFO] - Starting to call Test Case 'Test Cases/Tablo/Olusturma Tarihi'

2021-10-21 14:33:19 - [TEST_CASE][PASSED] - Test Cases/Tablo/Olusturma Tarihi: Test Cases/Tablo/Olusturma Tarihi

2021-10-21 14:33:19 - [TEST_STEP][PASSED] - if (verifyTextNotPresent("Görüntülenecek veri yok", true, OPTIONAL)): null

2021-10-21 14:33:19 - [MESSAGE][INFO] - Checking text present  using regular expression

2021-10-21 14:33:19 - [MESSAGE][INFO] - Smart Wait Function is triggered

2021-10-21 14:33:20 - [MESSAGE][INFO] - Finding text 'Görüntülenecek veri yok' on page  using regular expression

2021-10-21 14:33:20 - [MESSAGE][PASSED] - Text 'Görüntülenecek veri yok' is not present on page using regular expression

2021-10-21 14:33:20 - [TEST_STEP][PASSED] - click(findTestObject("Temizle/Olusturma_Tarihi_CheckBox")): Object: 'Object Repository/Temizle/Olusturma_Tarihi_CheckBox' is clicked on

2021-10-21 14:33:20 - [MESSAGE][INFO] - Finding Test Object 'Object Repository/Temizle/Olusturma_Tarihi_CheckBox'

2021-10-21 14:33:20 - [MESSAGE][INFO] - Checking object

2021-10-21 14:33:20 - [MESSAGE][INFO] - Finding web element from Test Object's properties

2021-10-21 14:33:20 - [MESSAGE][INFO] - Checking timeout

2021-10-21 14:33:20 - [MESSAGE][INFO] - Finding web element with id: 'Object Repository/Temizle/Olusturma_Tarihi_CheckBox' located by 'By.xpath: //*[@title = 'Bu sayfadaki tüm satırları Seç']' in '30' second(s)

2021-10-21 14:33:20 - [MESSAGE][INFO] - Smart Wait Function is triggered

2021-10-21 14:33:20 - [MESSAGE][INFO] - Found 1 web elements with id: 'Object Repository/Temizle/Olusturma_Tarihi_CheckBox' located by 'By.xpath: //*[@title = 'Bu sayfadaki tüm satırları Seç']' in '30' second(s)

2021-10-21 14:33:20 - [MESSAGE][INFO] - Clicking on object: 'Object Repository/Temizle/Olusturma_Tarihi_CheckBox'

2021-10-21 14:33:20 - [MESSAGE][PASSED] - Object: 'Object Repository/Temizle/Olusturma_Tarihi_CheckBox' is clicked on

2021-10-21 14:33:20 - [TEST_STEP][PASSED] - Method.TextDegerineEsitElementeTiklaEquals(findTestObject("Butonlar/Butonlar"), "Sil"): Method.TextDegerineEsitElementeTiklaEquals is PASSED

2021-10-21 14:33:20 - [MESSAGE][INFO] - Finding Test Object 'Object Repository/Butonlar/Butonlar'

2021-10-21 14:33:20 - [MESSAGE][INFO] - Checking timeout

2021-10-21 14:33:20 - [MESSAGE][INFO] - Finding web element with id: 'Object Repository/Butonlar/Butonlar' located by 'By.cssSelector: .panel.panel-default.text-center.footerPanel .btn,.btn.btn-primary.btnControls' in '10' second(s)

2021-10-21 14:33:20 - [MESSAGE][INFO] - Smart Wait Function is triggered

2021-10-21 14:33:21 - [MESSAGE][INFO] - Found 10 web elements with id: 'Object Repository/Butonlar/Butonlar' located by 'By.cssSelector: .panel.panel-default.text-center.footerPanel .btn,.btn.btn-primary.btnControls' in '10' second(s)

2021-10-21 14:33:21 - [MESSAGE][PASSED] - Method.TextDegerineEsitElementeTiklaEquals is PASSED

2021-10-21 14:33:21 - [TEST_STEP][PASSED] - Method.TextDegerineEsitElementeTikla(findTestObject("Popup/Popup_Butons"), "Evet"): Method.TextDegerineEsitElementeTikla is PASSED

2021-10-21 14:33:21 - [MESSAGE][INFO] - Finding Test Object 'Object Repository/Popup/Popup_Butons'

2021-10-21 14:33:21 - [MESSAGE][INFO] - Checking timeout

2021-10-21 14:33:21 - [MESSAGE][INFO] - Finding web element with id: 'Object Repository/Popup/Popup_Butons' located by 'By.cssSelector: .modal-footer>button' in '10' second(s)

2021-10-21 14:33:21 - [MESSAGE][INFO] - Smart Wait Function is triggered

2021-10-21 14:33:22 - [MESSAGE][INFO] - Found 2 web elements with id: 'Object Repository/Popup/Popup_Butons' located by 'By.cssSelector: .modal-footer>button' in '10' second(s)

2021-10-21 14:33:22 - [MESSAGE][PASSED] - Method.TextDegerineEsitElementeTikla is PASSED

2021-10-21 14:33:22 - [TEST_STEP][PASSED] - Method.TextDegerineEsitElementeTikla(findTestObject("Popup/Popup_Butons"), "Tamam"): Method.TextDegerineEsitElementeTikla is PASSED

2021-10-21 14:33:22 - [MESSAGE][INFO] - Finding Test Object 'Object Repository/Popup/Popup_Butons'

2021-10-21 14:33:23 - [MESSAGE][INFO] - Checking timeout

2021-10-21 14:33:23 - [MESSAGE][INFO] - Finding web element with id: 'Object Repository/Popup/Popup_Butons' located by 'By.cssSelector: .modal-footer>button' in '10' second(s)

2021-10-21 14:33:23 - [MESSAGE][INFO] - Smart Wait Function is triggered

2021-10-21 14:33:23 - [MESSAGE][INFO] - Found 1 web elements with id: 'Object Repository/Popup/Popup_Butons' located by 'By.cssSelector: .modal-footer>button' in '10' second(s)

2021-10-21 14:33:23 - [MESSAGE][PASSED] - Method.TextDegerineEsitElementeTikla is PASSED

2021-10-21 14:33:23 - [MESSAGE][PASSED] - Call Test Case 'Test Cases/Tablo/Olusturma Tarihi' successfully

2021-10-21 14:33:23 - [MESSAGE][INFO] - Checking called Test Case

2021-10-21 14:33:23 - [MESSAGE][INFO] - Starting to call Test Case 'Test Cases/Butonlar/ButonaTikla'

2021-10-21 14:33:23 - [TEST_CASE][PASSED] - Test Cases/Butonlar/ButonaTikla: Test Cases/Butonlar/ButonaTikla

2021-10-21 14:33:23 - [TEST_STEP][PASSED] - Method.TextDegerineEsitElementeTiklaEquals(findTestObject("Butonlar/Butonlar"), Buton_Adi): Method.TextDegerineEsitElementeTiklaEquals is PASSED

2021-10-21 14:33:23 - [MESSAGE][INFO] - Finding Test Object 'Object Repository/Butonlar/Butonlar'

2021-10-21 14:33:24 - [MESSAGE][INFO] - Checking timeout

2021-10-21 14:33:24 - [MESSAGE][INFO] - Finding web element with id: 'Object Repository/Butonlar/Butonlar' located by 'By.cssSelector: .panel.panel-default.text-center.footerPanel .btn,.btn.btn-primary.btnControls' in '10' second(s)

2021-10-21 14:33:24 - [MESSAGE][INFO] - Smart Wait Function is triggered

2021-10-21 14:33:24 - [MESSAGE][INFO] - Found 10 web elements with id: 'Object Repository/Butonlar/Butonlar' located by 'By.cssSelector: .panel.panel-default.text-center.footerPanel .btn,.btn.btn-primary.btnControls' in '10' second(s)

2021-10-21 14:33:25 - [MESSAGE][PASSED] - Method.TextDegerineEsitElementeTiklaEquals is PASSED

2021-10-21 14:33:25 - [MESSAGE][PASSED] - Call Test Case 'Test Cases/Butonlar/ButonaTikla' successfully

2021-10-21 14:33:25 - [MESSAGE][INFO] - Checking called Test Case

2021-10-21 14:33:25 - [MESSAGE][INFO] - Starting to call Test Case 'Test Cases/Olusturma/Genel/GorselTasarimSayfasıBasligiIceriyorMu'

2021-10-21 14:33:25 - [TEST_CASE][PASSED] - Test Cases/Olusturma/Genel/GorselTasarimSayfasıBasligiIceriyorMu: Test Cases/Olusturma/Genel/GorselTasarimSayfasıBasligiIceriyorMu

2021-10-21 14:33:25 - [TEST_STEP][PASSED] - verifyElementText(findTestObject("Object Repository/Olusturma/Genel/GorselTasarimBaslik"), Baslik): Actual text and expected text of test object 'Object Repository/Olusturma/Genel/GorselTasarimBaslik' are matched.

2021-10-21 14:33:25 - [MESSAGE][INFO] - Finding Test Object 'Object Repository/Olusturma/Genel/GorselTasarimBaslik'

2021-10-21 14:33:25 - [MESSAGE][INFO] - Checking object

2021-10-21 14:33:25 - [MESSAGE][INFO] - Finding web element from Test Object's properties

2021-10-21 14:33:25 - [MESSAGE][INFO] - Checking timeout

2021-10-21 14:33:25 - [MESSAGE][INFO] - Finding web element with id: 'Object Repository/Olusturma/Genel/GorselTasarimBaslik' located by 'By.cssSelector: #flAlici_0>div>span' in '30' second(s)

2021-10-21 14:33:25 - [MESSAGE][INFO] - Smart Wait Function is triggered

2021-10-21 14:33:30 - [MESSAGE][INFO] - Found 1 web elements with id: 'Object Repository/Olusturma/Genel/GorselTasarimBaslik' located by 'By.cssSelector: #flAlici_0>div>span' in '30' second(s)

2021-10-21 14:33:31 - [MESSAGE][PASSED] - Actual text and expected text of test object 'Object Repository/Olusturma/Genel/GorselTasarimBaslik' are matched.

2021-10-21 14:33:31 - [MESSAGE][PASSED] - Call Test Case 'Test Cases/Olusturma/Genel/GorselTasarimSayfasıBasligiIceriyorMu' successfully

2021-10-21 14:33:31 - [MESSAGE][INFO] - Checking called Test Case

2021-10-21 14:33:31 - [MESSAGE][INFO] - Starting to call Test Case 'Test Cases/Olusturma/Genel/AliciSecilir'

2021-10-21 14:33:31 - [TEST_CASE][PASSED] - Test Cases/Olusturma/Genel/AliciSecilir: Test Cases/Olusturma/Genel/AliciSecilir

2021-10-21 14:33:31 - [TEST_STEP][PASSED] - click(findTestObject("Olusturma/Genel/AliciBilgisi/Alici_Ara")): Object: 'Object Repository/Olusturma/Genel/AliciBilgisi/Alici_Ara' is clicked on

2021-10-21 14:33:31 - [MESSAGE][INFO] - Finding Test Object 'Object Repository/Olusturma/Genel/AliciBilgisi/Alici_Ara'

2021-10-21 14:33:31 - [MESSAGE][INFO] - Checking object

2021-10-21 14:33:31 - [MESSAGE][INFO] - Finding web element from Test Object's properties

2021-10-21 14:33:31 - [MESSAGE][INFO] - Checking timeout

2021-10-21 14:33:31 - [MESSAGE][INFO] - Finding web element with id: 'Object Repository/Olusturma/Genel/AliciBilgisi/Alici_Ara' located by 'By.xpath: //td[@id='txtCustomerText_B-1']' in '30' second(s)

2021-10-21 14:33:31 - [MESSAGE][INFO] - Smart Wait Function is triggered

2021-10-21 14:33:31 - [MESSAGE][INFO] - Found 1 web elements with id: 'Object Repository/Olusturma/Genel/AliciBilgisi/Alici_Ara' located by 'By.xpath: //td[@id='txtCustomerText_B-1']' in '30' second(s)

2021-10-21 14:33:31 - [MESSAGE][INFO] - Clicking on object: 'Object Repository/Olusturma/Genel/AliciBilgisi/Alici_Ara'

2021-10-21 14:33:31 - [MESSAGE][PASSED] - Object: 'Object Repository/Olusturma/Genel/AliciBilgisi/Alici_Ara' is clicked on

2021-10-21 14:33:31 - [TEST_STEP][PASSED] - click(findTestObject("Olusturma/Genel/AliciBilgisi/Alici_Bilgisi")): Object: 'Object Repository/Olusturma/Genel/AliciBilgisi/Alici_Bilgisi' is clicked on

2021-10-21 14:33:31 - [MESSAGE][INFO] - Finding Test Object 'Object Repository/Olusturma/Genel/AliciBilgisi/Alici_Bilgisi'

2021-10-21 14:33:32 - [MESSAGE][INFO] - Checking object

2021-10-21 14:33:32 - [MESSAGE][INFO] - Finding web element from Test Object's properties

2021-10-21 14:33:32 - [MESSAGE][INFO] - Checking timeout

2021-10-21 14:33:32 - [MESSAGE][INFO] - Finding web element with id: 'Object Repository/Olusturma/Genel/AliciBilgisi/Alici_Bilgisi' located by 'By.xpath: //iframe[@id='customerselectiframe']' in '30' second(s)

2021-10-21 14:33:32 - [MESSAGE][INFO] - Smart Wait Function is triggered

2021-10-21 14:33:32 - [MESSAGE][INFO] - Found 1 web elements with id: 'Object Repository/Olusturma/Genel/AliciBilgisi/Alici_Bilgisi' located by 'By.xpath: //iframe[@id='customerselectiframe']' in '30' second(s)

2021-10-21 14:33:32 - [MESSAGE][INFO] - Clicking on object: 'Object Repository/Olusturma/Genel/AliciBilgisi/Alici_Bilgisi'

2021-10-21 14:33:32 - [MESSAGE][PASSED] - Object: 'Object Repository/Olusturma/Genel/AliciBilgisi/Alici_Bilgisi' is clicked on

2021-10-21 14:33:32 - [TEST_STEP][PASSED] - setText(findTestObject("Olusturma/Genel/AliciBilgisi/Alici_Gir"), Alici_Adi): Switching to default content

2021-10-21 14:33:32 - [MESSAGE][INFO] - Finding Test Object 'Object Repository/Olusturma/Genel/AliciBilgisi/Alici_Gir'

2021-10-21 14:33:33 - [MESSAGE][INFO] - Finding Test Object 'Object Repository/Olusturma/Genel/AliciBilgisi/Alici_Bilgisi'

2021-10-21 14:33:33 - [MESSAGE][INFO] - Checking object

2021-10-21 14:33:33 - [MESSAGE][INFO] - Checking text

2021-10-21 14:33:33 - [MESSAGE][INFO] - Object: 'Object Repository/Olusturma/Genel/AliciBilgisi/Alici_Gir' has parent object(s)

2021-10-21 14:33:33 - [MESSAGE][INFO] - Switching to iframe: 'Object Repository/Olusturma/Genel/AliciBilgisi/Alici_Bilgisi'

2021-10-21 14:33:33 - [MESSAGE][INFO] - Finding web element from Test Object's properties

2021-10-21 14:33:33 - [MESSAGE][INFO] - Checking timeout

2021-10-21 14:33:33 - [MESSAGE][INFO] - Finding web element with id: 'Object Repository/Olusturma/Genel/AliciBilgisi/Alici_Bilgisi' located by 'By.xpath: //iframe[@id='customerselectiframe']' in '30' second(s)

2021-10-21 14:33:33 - [MESSAGE][INFO] - Smart Wait Function is triggered

2021-10-21 14:33:33 - [MESSAGE][INFO] - Found 1 web elements with id: 'Object Repository/Olusturma/Genel/AliciBilgisi/Alici_Bilgisi' located by 'By.xpath: //iframe[@id='customerselectiframe']' in '30' second(s)

2021-10-21 14:33:33 - [MESSAGE][INFO] - Switched to iframe: 'Object Repository/Olusturma/Genel/AliciBilgisi/Alici_Bilgisi'

2021-10-21 14:33:33 - [MESSAGE][INFO] - Finding web element from Test Object's properties

2021-10-21 14:33:33 - [MESSAGE][INFO] - Checking timeout

2021-10-21 14:33:33 - [MESSAGE][INFO] - Finding web element with id: 'Object Repository/Olusturma/Genel/AliciBilgisi/Alici_Gir' located by 'By.xpath: //input[@id='GridViewCustomer_DXFREditorcol1_I']' in '30' second(s)

2021-10-21 14:33:33 - [MESSAGE][INFO] - Smart Wait Function is triggered

2021-10-21 14:33:33 - [MESSAGE][INFO] - Found 1 web elements with id: 'Object Repository/Olusturma/Genel/AliciBilgisi/Alici_Gir' located by 'By.xpath: //input[@id='GridViewCustomer_DXFREditorcol1_I']' in '30' second(s)

2021-10-21 14:33:33 - [MESSAGE][INFO] - Clearing text of object 'Object Repository/Olusturma/Genel/AliciBilgisi/Alici_Gir'

2021-10-21 14:33:33 - [MESSAGE][INFO] - Finding web element from Test Object's properties

2021-10-21 14:33:33 - [MESSAGE][INFO] - Checking timeout

2021-10-21 14:33:33 - [MESSAGE][INFO] - Finding web element with id: 'Object Repository/Olusturma/Genel/AliciBilgisi/Alici_Gir' located by 'By.xpath: //input[@id='GridViewCustomer_DXFREditorcol1_I']' in '30' second(s)

2021-10-21 14:33:33 - [MESSAGE][INFO] - Smart Wait Function is triggered

2021-10-21 14:33:33 - [MESSAGE][INFO] - Found 1 web elements with id: 'Object Repository/Olusturma/Genel/AliciBilgisi/Alici_Gir' located by 'By.xpath: //input[@id='GridViewCustomer_DXFREditorcol1_I']' in '30' second(s)

2021-10-21 14:33:33 - [MESSAGE][INFO] - Setting text of object 'Object Repository/Olusturma/Genel/AliciBilgisi/Alici_Gir' to value 'UC0013'

2021-10-21 14:33:33 - [MESSAGE][PASSED] - Text 'UC0013' is set on object 'Object Repository/Olusturma/Genel/AliciBilgisi/Alici_Gir'

2021-10-21 14:33:33 - [MESSAGE][INFO] - Switching to default content

2021-10-21 14:33:33 - [TEST_STEP][PASSED] - waitForElementClickable(findTestObject("Olusturma/Genel/AliciBilgisi/Alici_Adi"), 10): Switching to default content

2021-10-21 14:33:33 - [MESSAGE][INFO] - Finding Test Object 'Object Repository/Olusturma/Genel/AliciBilgisi/Alici_Adi'

2021-10-21 14:33:33 - [MESSAGE][INFO] - Finding Test Object 'Object Repository/Olusturma/Genel/AliciBilgisi/iframe_Alc Bilgisi_customerselectiframe'

2021-10-21 14:33:33 - [MESSAGE][INFO] - Checking object

2021-10-21 14:33:33 - [MESSAGE][INFO] - Checking timeout

2021-10-21 14:33:33 - [MESSAGE][INFO] - Object: 'Object Repository/Olusturma/Genel/AliciBilgisi/Alici_Adi' has parent object(s)

2021-10-21 14:33:33 - [MESSAGE][INFO] - Switching to iframe: 'Object Repository/Olusturma/Genel/AliciBilgisi/iframe_Alc Bilgisi_customerselectiframe'

2021-10-21 14:33:33 - [MESSAGE][INFO] - Finding web element from Test Object's properties

2021-10-21 14:33:33 - [MESSAGE][INFO] - Checking timeout

2021-10-21 14:33:33 - [MESSAGE][INFO] - Finding web element with id: 'Object Repository/Olusturma/Genel/AliciBilgisi/iframe_Alc Bilgisi_customerselectiframe' located by 'By.xpath: //iframe[@id='customerselectiframe']' in '10' second(s)

2021-10-21 14:33:33 - [MESSAGE][INFO] - Smart Wait Function is triggered

2021-10-21 14:33:34 - [MESSAGE][INFO] - Found 1 web elements with id: 'Object Repository/Olusturma/Genel/AliciBilgisi/iframe_Alc Bilgisi_customerselectiframe' located by 'By.xpath: //iframe[@id='customerselectiframe']' in '10' second(s)

2021-10-21 14:33:34 - [MESSAGE][INFO] - Switched to iframe: 'Object Repository/Olusturma/Genel/AliciBilgisi/iframe_Alc Bilgisi_customerselectiframe'

2021-10-21 14:33:34 - [MESSAGE][INFO] - Finding web element from Test Object's properties

2021-10-21 14:33:34 - [MESSAGE][INFO] - Checking timeout

2021-10-21 14:33:34 - [MESSAGE][INFO] - Finding web element with id: 'Object Repository/Olusturma/Genel/AliciBilgisi/Alici_Adi' located by 'By.xpath: //tr[@id='GridViewCustomer_DXDataRow0']/td[2]' in '10' second(s)

2021-10-21 14:33:34 - [MESSAGE][INFO] - Smart Wait Function is triggered

2021-10-21 14:33:34 - [MESSAGE][INFO] - Found 1 web elements with id: 'Object Repository/Olusturma/Genel/AliciBilgisi/Alici_Adi' located by 'By.xpath: //tr[@id='GridViewCustomer_DXDataRow0']/td[2]' in '10' second(s)

2021-10-21 14:33:34 - [MESSAGE][PASSED] - Object 'Object Repository/Olusturma/Genel/AliciBilgisi/Alici_Adi' is clickable

2021-10-21 14:33:34 - [MESSAGE][INFO] - Switching to default content

2021-10-21 14:33:34 - [TEST_STEP][PASSED] - click(findTestObject("Olusturma/Genel/AliciBilgisi/frame")): Switching to default content

2021-10-21 14:33:34 - [MESSAGE][INFO] - Finding Test Object 'Object Repository/Olusturma/Genel/AliciBilgisi/frame'

2021-10-21 14:33:34 - [MESSAGE][INFO] - Finding Test Object 'Object Repository/Olusturma/Genel/AliciBilgisi/iframe_Alc Bilgisi_customerselectiframe'

2021-10-21 14:33:34 - [MESSAGE][INFO] - Checking object

2021-10-21 14:33:34 - [MESSAGE][INFO] - Object: 'Object Repository/Olusturma/Genel/AliciBilgisi/frame' has parent object(s)

2021-10-21 14:33:34 - [MESSAGE][INFO] - Switching to iframe: 'Object Repository/Olusturma/Genel/AliciBilgisi/iframe_Alc Bilgisi_customerselectiframe'

2021-10-21 14:33:34 - [MESSAGE][INFO] - Finding web element from Test Object's properties

2021-10-21 14:33:34 - [MESSAGE][INFO] - Checking timeout

2021-10-21 14:33:34 - [MESSAGE][INFO] - Finding web element with id: 'Object Repository/Olusturma/Genel/AliciBilgisi/iframe_Alc Bilgisi_customerselectiframe' located by 'By.xpath: //iframe[@id='customerselectiframe']' in '30' second(s)

2021-10-21 14:33:34 - [MESSAGE][INFO] - Smart Wait Function is triggered

2021-10-21 14:33:34 - [MESSAGE][INFO] - Found 1 web elements with id: 'Object Repository/Olusturma/Genel/AliciBilgisi/iframe_Alc Bilgisi_customerselectiframe' located by 'By.xpath: //iframe[@id='customerselectiframe']' in '30' second(s)

2021-10-21 14:33:34 - [MESSAGE][INFO] - Switched to iframe: 'Object Repository/Olusturma/Genel/AliciBilgisi/iframe_Alc Bilgisi_customerselectiframe'

2021-10-21 14:33:34 - [MESSAGE][INFO] - Finding web element from Test Object's properties

2021-10-21 14:33:34 - [MESSAGE][INFO] - Checking timeout

2021-10-21 14:33:34 - [MESSAGE][INFO] - Finding web element with id: 'Object Repository/Olusturma/Genel/AliciBilgisi/frame' located by 'By.xpath: //*/text()[normalize-space(.)='']/parent::*' in '30' second(s)

2021-10-21 14:33:34 - [MESSAGE][INFO] - Smart Wait Function is triggered

2021-10-21 14:33:34 - [MESSAGE][INFO] - Found 66 web elements with id: 'Object Repository/Olusturma/Genel/AliciBilgisi/frame' located by 'By.xpath: //*/text()[normalize-space(.)='']/parent::*' in '30' second(s)

2021-10-21 14:33:34 - [MESSAGE][INFO] - Clicking on object: 'Object Repository/Olusturma/Genel/AliciBilgisi/frame'

2021-10-21 14:33:35 - [MESSAGE][PASSED] - Object: 'Object Repository/Olusturma/Genel/AliciBilgisi/frame' is clicked on

2021-10-21 14:33:35 - [MESSAGE][INFO] - Switching to default content

2021-10-21 14:33:35 - [TEST_STEP][PASSED] - click(findTestObject("Olusturma/Genel/AliciBilgisi/Alici_Adi")): Switching to default content

2021-10-21 14:33:35 - [MESSAGE][INFO] - Finding Test Object 'Object Repository/Olusturma/Genel/AliciBilgisi/Alici_Adi'

2021-10-21 14:33:35 - [MESSAGE][INFO] - Finding Test Object 'Object Repository/Olusturma/Genel/AliciBilgisi/iframe_Alc Bilgisi_customerselectiframe'

2021-10-21 14:33:35 - [MESSAGE][INFO] - Checking object

2021-10-21 14:33:35 - [MESSAGE][INFO] - Object: 'Object Repository/Olusturma/Genel/AliciBilgisi/Alici_Adi' has parent object(s)

2021-10-21 14:33:35 - [MESSAGE][INFO] - Switching to iframe: 'Object Repository/Olusturma/Genel/AliciBilgisi/iframe_Alc Bilgisi_customerselectiframe'

2021-10-21 14:33:35 - [MESSAGE][INFO] - Finding web element from Test Object's properties

2021-10-21 14:33:35 - [MESSAGE][INFO] - Checking timeout

2021-10-21 14:33:35 - [MESSAGE][INFO] - Finding web element with id: 'Object Repository/Olusturma/Genel/AliciBilgisi/iframe_Alc Bilgisi_customerselectiframe' located by 'By.xpath: //iframe[@id='customerselectiframe']' in '30' second(s)

2021-10-21 14:33:35 - [MESSAGE][INFO] - Smart Wait Function is triggered

2021-10-21 14:33:35 - [MESSAGE][INFO] - Found 1 web elements with id: 'Object Repository/Olusturma/Genel/AliciBilgisi/iframe_Alc Bilgisi_customerselectiframe' located by 'By.xpath: //iframe[@id='customerselectiframe']' in '30' second(s)

2021-10-21 14:33:35 - [MESSAGE][INFO] - Switched to iframe: 'Object Repository/Olusturma/Genel/AliciBilgisi/iframe_Alc Bilgisi_customerselectiframe'

2021-10-21 14:33:35 - [MESSAGE][INFO] - Finding web element from Test Object's properties

2021-10-21 14:33:35 - [MESSAGE][INFO] - Checking timeout

2021-10-21 14:33:35 - [MESSAGE][INFO] - Finding web element with id: 'Object Repository/Olusturma/Genel/AliciBilgisi/Alici_Adi' located by 'By.xpath: //tr[@id='GridViewCustomer_DXDataRow0']/td[2]' in '30' second(s)

2021-10-21 14:33:35 - [MESSAGE][INFO] - Smart Wait Function is triggered

2021-10-21 14:33:35 - [MESSAGE][INFO] - Found 1 web elements with id: 'Object Repository/Olusturma/Genel/AliciBilgisi/Alici_Adi' located by 'By.xpath: //tr[@id='GridViewCustomer_DXDataRow0']/td[2]' in '30' second(s)

2021-10-21 14:33:35 - [MESSAGE][INFO] - Clicking on object: 'Object Repository/Olusturma/Genel/AliciBilgisi/Alici_Adi'

2021-10-21 14:33:35 - [MESSAGE][PASSED] - Object: 'Object Repository/Olusturma/Genel/AliciBilgisi/Alici_Adi' is clicked on

2021-10-21 14:33:35 - [MESSAGE][INFO] - Switching to default content

2021-10-21 14:33:35 - [TEST_STEP][PASSED] - click(findTestObject("Olusturma/Genel/AliciBilgisi/Tamam_Bosluk")): Switching to default content

2021-10-21 14:33:35 - [MESSAGE][INFO] - Finding Test Object 'Object Repository/Olusturma/Genel/AliciBilgisi/Tamam_Bosluk'

2021-10-21 14:33:35 - [MESSAGE][INFO] - Finding Test Object 'Object Repository/Olusturma/Genel/AliciBilgisi/Alici_Bilgisi'

2021-10-21 14:33:36 - [MESSAGE][INFO] - Checking object

2021-10-21 14:33:36 - [MESSAGE][INFO] - Object: 'Object Repository/Olusturma/Genel/AliciBilgisi/Tamam_Bosluk' has parent object(s)

2021-10-21 14:33:36 - [MESSAGE][INFO] - Switching to iframe: 'Object Repository/Olusturma/Genel/AliciBilgisi/Alici_Bilgisi'

2021-10-21 14:33:36 - [MESSAGE][INFO] - Finding web element from Test Object's properties

2021-10-21 14:33:36 - [MESSAGE][INFO] - Checking timeout

2021-10-21 14:33:36 - [MESSAGE][INFO] - Finding web element with id: 'Object Repository/Olusturma/Genel/AliciBilgisi/Alici_Bilgisi' located by 'By.xpath: //iframe[@id='customerselectiframe']' in '30' second(s)

2021-10-21 14:33:36 - [MESSAGE][INFO] - Smart Wait Function is triggered

2021-10-21 14:33:36 - [MESSAGE][INFO] - Found 1 web elements with id: 'Object Repository/Olusturma/Genel/AliciBilgisi/Alici_Bilgisi' located by 'By.xpath: //iframe[@id='customerselectiframe']' in '30' second(s)

2021-10-21 14:33:36 - [MESSAGE][INFO] - Switched to iframe: 'Object Repository/Olusturma/Genel/AliciBilgisi/Alici_Bilgisi'

2021-10-21 14:33:36 - [MESSAGE][INFO] - Finding web element from Test Object's properties

2021-10-21 14:33:36 - [MESSAGE][INFO] - Checking timeout

2021-10-21 14:33:36 - [MESSAGE][INFO] - Finding web element with id: 'Object Repository/Olusturma/Genel/AliciBilgisi/Tamam_Bosluk' located by 'By.xpath: (.//*[normalize-space(text()) and normalize-space(.)='Sayfa Boyutu:'])[1]/following::div[7]' in '30' second(s)

2021-10-21 14:33:36 - [MESSAGE][INFO] - Smart Wait Function is triggered

2021-10-21 14:33:36 - [MESSAGE][INFO] - Found 1 web elements with id: 'Object Repository/Olusturma/Genel/AliciBilgisi/Tamam_Bosluk' located by 'By.xpath: (.//*[normalize-space(text()) and normalize-space(.)='Sayfa Boyutu:'])[1]/following::div[7]' in '30' second(s)

2021-10-21 14:33:36 - [MESSAGE][INFO] - Clicking on object: 'Object Repository/Olusturma/Genel/AliciBilgisi/Tamam_Bosluk'

2021-10-21 14:33:36 - [MESSAGE][PASSED] - Object: 'Object Repository/Olusturma/Genel/AliciBilgisi/Tamam_Bosluk' is clicked on

2021-10-21 14:33:36 - [MESSAGE][INFO] - Switching to default content

2021-10-21 14:33:36 - [TEST_STEP][PASSED] - waitForElementClickable(findTestObject("Olusturma/Genel/AliciBilgisi/Tamam_Butonu"), 10): Switching to default content

2021-10-21 14:33:36 - [MESSAGE][INFO] - Finding Test Object 'Object Repository/Olusturma/Genel/AliciBilgisi/Tamam_Butonu'

2021-10-21 14:33:36 - [MESSAGE][INFO] - Finding Test Object 'Object Repository/Olusturma/Genel/AliciBilgisi/Alici_Bilgisi'

2021-10-21 14:33:36 - [MESSAGE][INFO] - Checking object

2021-10-21 14:33:36 - [MESSAGE][INFO] - Checking timeout

2021-10-21 14:33:36 - [MESSAGE][INFO] - Object: 'Object Repository/Olusturma/Genel/AliciBilgisi/Tamam_Butonu' has parent object(s)

2021-10-21 14:33:36 - [MESSAGE][INFO] - Switching to iframe: 'Object Repository/Olusturma/Genel/AliciBilgisi/Alici_Bilgisi'

2021-10-21 14:33:36 - [MESSAGE][INFO] - Finding web element from Test Object's properties

2021-10-21 14:33:36 - [MESSAGE][INFO] - Checking timeout

2021-10-21 14:33:36 - [MESSAGE][INFO] - Finding web element with id: 'Object Repository/Olusturma/Genel/AliciBilgisi/Alici_Bilgisi' located by 'By.xpath: //iframe[@id='customerselectiframe']' in '10' second(s)

2021-10-21 14:33:36 - [MESSAGE][INFO] - Smart Wait Function is triggered

2021-10-21 14:33:37 - [MESSAGE][INFO] - Found 1 web elements with id: 'Object Repository/Olusturma/Genel/AliciBilgisi/Alici_Bilgisi' located by 'By.xpath: //iframe[@id='customerselectiframe']' in '10' second(s)

2021-10-21 14:33:37 - [MESSAGE][INFO] - Switched to iframe: 'Object Repository/Olusturma/Genel/AliciBilgisi/Alici_Bilgisi'

2021-10-21 14:33:37 - [MESSAGE][INFO] - Finding web element from Test Object's properties

2021-10-21 14:33:37 - [MESSAGE][INFO] - Checking timeout

2021-10-21 14:33:37 - [MESSAGE][INFO] - Finding web element with id: 'Object Repository/Olusturma/Genel/AliciBilgisi/Tamam_Butonu' located by 'By.xpath: //div[@id='btnSelectCustomer_CD']/span' in '10' second(s)

2021-10-21 14:33:37 - [MESSAGE][INFO] - Smart Wait Function is triggered

2021-10-21 14:33:37 - [MESSAGE][INFO] - Found 1 web elements with id: 'Object Repository/Olusturma/Genel/AliciBilgisi/Tamam_Butonu' located by 'By.xpath: //div[@id='btnSelectCustomer_CD']/span' in '10' second(s)

2021-10-21 14:33:37 - [MESSAGE][PASSED] - Object 'Object Repository/Olusturma/Genel/AliciBilgisi/Tamam_Butonu' is clickable

2021-10-21 14:33:37 - [MESSAGE][INFO] - Switching to default content

2021-10-21 14:33:37 - [TEST_STEP][PASSED] - click(findTestObject("Olusturma/Genel/AliciBilgisi/Tamam_Butonu")): Switching to default content

2021-10-21 14:33:37 - [MESSAGE][INFO] - Finding Test Object 'Object Repository/Olusturma/Genel/AliciBilgisi/Tamam_Butonu'

2021-10-21 14:33:37 - [MESSAGE][INFO] - Finding Test Object 'Object Repository/Olusturma/Genel/AliciBilgisi/Alici_Bilgisi'

2021-10-21 14:33:37 - [MESSAGE][INFO] - Checking object

2021-10-21 14:33:37 - [MESSAGE][INFO] - Object: 'Object Repository/Olusturma/Genel/AliciBilgisi/Tamam_Butonu' has parent object(s)

2021-10-21 14:33:37 - [MESSAGE][INFO] - Switching to iframe: 'Object Repository/Olusturma/Genel/AliciBilgisi/Alici_Bilgisi'

2021-10-21 14:33:37 - [MESSAGE][INFO] - Finding web element from Test Object's properties

2021-10-21 14:33:37 - [MESSAGE][INFO] - Checking timeout

2021-10-21 14:33:37 - [MESSAGE][INFO] - Finding web element with id: 'Object Repository/Olusturma/Genel/AliciBilgisi/Alici_Bilgisi' located by 'By.xpath: //iframe[@id='customerselectiframe']' in '30' second(s)

2021-10-21 14:33:37 - [MESSAGE][INFO] - Smart Wait Function is triggered

2021-10-21 14:33:37 - [MESSAGE][INFO] - Found 1 web elements with id: 'Object Repository/Olusturma/Genel/AliciBilgisi/Alici_Bilgisi' located by 'By.xpath: //iframe[@id='customerselectiframe']' in '30' second(s)

2021-10-21 14:33:37 - [MESSAGE][INFO] - Switched to iframe: 'Object Repository/Olusturma/Genel/AliciBilgisi/Alici_Bilgisi'

2021-10-21 14:33:37 - [MESSAGE][INFO] - Finding web element from Test Object's properties

2021-10-21 14:33:37 - [MESSAGE][INFO] - Checking timeout

2021-10-21 14:33:37 - [MESSAGE][INFO] - Finding web element with id: 'Object Repository/Olusturma/Genel/AliciBilgisi/Tamam_Butonu' located by 'By.xpath: //div[@id='btnSelectCustomer_CD']/span' in '30' second(s)

2021-10-21 14:33:37 - [MESSAGE][INFO] - Smart Wait Function is triggered

2021-10-21 14:33:37 - [MESSAGE][INFO] - Found 1 web elements with id: 'Object Repository/Olusturma/Genel/AliciBilgisi/Tamam_Butonu' located by 'By.xpath: //div[@id='btnSelectCustomer_CD']/span' in '30' second(s)

2021-10-21 14:33:37 - [MESSAGE][INFO] - Clicking on object: 'Object Repository/Olusturma/Genel/AliciBilgisi/Tamam_Butonu'

2021-10-21 14:33:37 - [MESSAGE][PASSED] - Object: 'Object Repository/Olusturma/Genel/AliciBilgisi/Tamam_Butonu' is clicked on

2021-10-21 14:33:37 - [MESSAGE][INFO] - Switching to default content

2021-10-21 14:33:37 - [TEST_STEP][PASSED] - waitForElementPresent(findTestObject("Olusturma/Genel/AliciBilgisi/VKN-TCKN"), 10): Object 'Object Repository/Olusturma/Genel/AliciBilgisi/VKN-TCKN' is present

2021-10-21 14:33:37 - [MESSAGE][INFO] - Finding Test Object 'Object Repository/Olusturma/Genel/AliciBilgisi/VKN-TCKN'

2021-10-21 14:33:37 - [MESSAGE][INFO] - Checking object

2021-10-21 14:33:37 - [MESSAGE][INFO] - Finding web element from Test Object's properties

2021-10-21 14:33:37 - [MESSAGE][INFO] - Checking timeout

2021-10-21 14:33:37 - [MESSAGE][INFO] - Finding web element with id: 'Object Repository/Olusturma/Genel/AliciBilgisi/VKN-TCKN' located by 'By.xpath: //*[@id = 'txtVknTckn_I']' in '10' second(s)

2021-10-21 14:33:37 - [MESSAGE][INFO] - Smart Wait Function is triggered

2021-10-21 14:33:38 - [MESSAGE][INFO] - Found 1 web elements with id: 'Object Repository/Olusturma/Genel/AliciBilgisi/VKN-TCKN' located by 'By.xpath: //*[@id = 'txtVknTckn_I']' in '10' second(s)

2021-10-21 14:33:38 - [MESSAGE][PASSED] - Object 'Object Repository/Olusturma/Genel/AliciBilgisi/VKN-TCKN' is present

2021-10-21 14:33:38 - [TEST_STEP][PASSED] - text = getAttribute(findTestObject("Olusturma/Genel/AliciBilgisi/VKN-TCKN"), "value"): Attribute 'value' of object 'Object Repository/Olusturma/Genel/AliciBilgisi/VKN-TCKN' is: '5328440227'

2021-10-21 14:33:38 - [MESSAGE][INFO] - Finding Test Object 'Object Repository/Olusturma/Genel/AliciBilgisi/VKN-TCKN'

2021-10-21 14:33:38 - [MESSAGE][INFO] - Checking object

2021-10-21 14:33:38 - [MESSAGE][INFO] - Checking attribute

2021-10-21 14:33:38 - [MESSAGE][INFO] - Finding web element from Test Object's properties

2021-10-21 14:33:38 - [MESSAGE][INFO] - Checking timeout

2021-10-21 14:33:38 - [MESSAGE][INFO] - Finding web element with id: 'Object Repository/Olusturma/Genel/AliciBilgisi/VKN-TCKN' located by 'By.xpath: //*[@id = 'txtVknTckn_I']' in '30' second(s)

2021-10-21 14:33:38 - [MESSAGE][INFO] - Smart Wait Function is triggered

2021-10-21 14:33:38 - [MESSAGE][INFO] - Found 1 web elements with id: 'Object Repository/Olusturma/Genel/AliciBilgisi/VKN-TCKN' located by 'By.xpath: //*[@id = 'txtVknTckn_I']' in '30' second(s)

2021-10-21 14:33:38 - [MESSAGE][INFO] - Getting attribute 'value' of object 'Object Repository/Olusturma/Genel/AliciBilgisi/VKN-TCKN'

2021-10-21 14:33:38 - [MESSAGE][PASSED] - Attribute 'value' of object 'Object Repository/Olusturma/Genel/AliciBilgisi/VKN-TCKN' is: '5328440227'

2021-10-21 14:33:38 - [TEST_STEP][PASSED] - if (text.equals("")): null

2021-10-21 14:33:38 - [MESSAGE][PASSED] - Call Test Case 'Test Cases/Olusturma/Genel/AliciSecilir' successfully

2021-10-21 14:33:38 - [MESSAGE][INFO] - Checking called Test Case

2021-10-21 14:33:38 - [MESSAGE][INFO] - Starting to call Test Case 'Test Cases/Olusturma/Genel/GonderimSekliSecilir'

2021-10-21 14:33:38 - [TEST_CASE][PASSED] - Test Cases/Olusturma/Genel/GonderimSekliSecilir: Test Cases/Olusturma/Genel/GonderimSekliSecilir

2021-10-21 14:33:38 - [TEST_STEP][PASSED] - waitForElementClickable(findTestObject("Object Repository/Olusturma/Genel/GonderimSekli/GonderimSekli"), 10): Object 'Object Repository/Olusturma/Genel/GonderimSekli/GonderimSekli' is clickable

2021-10-21 14:33:38 - [MESSAGE][INFO] - Finding Test Object 'Object Repository/Olusturma/Genel/GonderimSekli/GonderimSekli'

2021-10-21 14:33:38 - [MESSAGE][INFO] - Checking object

2021-10-21 14:33:38 - [MESSAGE][INFO] - Checking timeout

2021-10-21 14:33:38 - [MESSAGE][INFO] - Finding web element from Test Object's properties

2021-10-21 14:33:38 - [MESSAGE][INFO] - Checking timeout

2021-10-21 14:33:38 - [MESSAGE][INFO] - Finding web element with id: 'Object Repository/Olusturma/Genel/GonderimSekli/GonderimSekli' located by 'By.xpath: //*[@id = 'txtGonderimSekil_I']' in '10' second(s)

2021-10-21 14:33:38 - [MESSAGE][INFO] - Smart Wait Function is triggered

2021-10-21 14:33:39 - [MESSAGE][INFO] - Found 1 web elements with id: 'Object Repository/Olusturma/Genel/GonderimSekli/GonderimSekli' located by 'By.xpath: //*[@id = 'txtGonderimSekil_I']' in '10' second(s)

2021-10-21 14:33:39 - [MESSAGE][PASSED] - Object 'Object Repository/Olusturma/Genel/GonderimSekli/GonderimSekli' is clickable

2021-10-21 14:33:39 - [TEST_STEP][PASSED] - click(findTestObject("Object Repository/Olusturma/Genel/GonderimSekli/GonderimSekli")): Object: 'Object Repository/Olusturma/Genel/GonderimSekli/GonderimSekli' is clicked on

2021-10-21 14:33:39 - [MESSAGE][INFO] - Finding Test Object 'Object Repository/Olusturma/Genel/GonderimSekli/GonderimSekli'

2021-10-21 14:33:39 - [MESSAGE][INFO] - Checking object

2021-10-21 14:33:39 - [MESSAGE][INFO] - Finding web element from Test Object's properties

2021-10-21 14:33:39 - [MESSAGE][INFO] - Checking timeout

2021-10-21 14:33:39 - [MESSAGE][INFO] - Finding web element with id: 'Object Repository/Olusturma/Genel/GonderimSekli/GonderimSekli' located by 'By.xpath: //*[@id = 'txtGonderimSekil_I']' in '30' second(s)

2021-10-21 14:33:39 - [MESSAGE][INFO] - Smart Wait Function is triggered

2021-10-21 14:33:39 - [MESSAGE][INFO] - Found 1 web elements with id: 'Object Repository/Olusturma/Genel/GonderimSekli/GonderimSekli' located by 'By.xpath: //*[@id = 'txtGonderimSekil_I']' in '30' second(s)

2021-10-21 14:33:39 - [MESSAGE][INFO] - Clicking on object: 'Object Repository/Olusturma/Genel/GonderimSekli/GonderimSekli'

2021-10-21 14:33:39 - [MESSAGE][PASSED] - Object: 'Object Repository/Olusturma/Genel/GonderimSekli/GonderimSekli' is clicked on

2021-10-21 14:33:39 - [TEST_STEP][PASSED] - Method.TextDegerineEsitElementeTikla(findTestObject("Object Repository/Olusturma/Genel/GonderimSekli/GonderimSekliAdi"), GonderimSekli): Method.TextDegerineEsitElementeTikla is PASSED

2021-10-21 14:33:39 - [MESSAGE][INFO] - Finding Test Object 'Object Repository/Olusturma/Genel/GonderimSekli/GonderimSekliAdi'

2021-10-21 14:33:39 - [MESSAGE][INFO] - Checking timeout

2021-10-21 14:33:39 - [MESSAGE][INFO] - Finding web element with id: 'Object Repository/Olusturma/Genel/GonderimSekli/GonderimSekliAdi' located by 'By.cssSelector: #txtGonderimSekil_DDD_L_LBT td' in '10' second(s)

2021-10-21 14:33:39 - [MESSAGE][INFO] - Smart Wait Function is triggered

2021-10-21 14:33:40 - [MESSAGE][INFO] - Found 2 web elements with id: 'Object Repository/Olusturma/Genel/GonderimSekli/GonderimSekliAdi' located by 'By.cssSelector: #txtGonderimSekil_DDD_L_LBT td' in '10' second(s)

2021-10-21 14:33:40 - [MESSAGE][PASSED] - Method.TextDegerineEsitElementeTikla is PASSED

2021-10-21 14:33:40 - [MESSAGE][PASSED] - Call Test Case 'Test Cases/Olusturma/Genel/GonderimSekliSecilir' successfully

2021-10-21 14:33:40 - [MESSAGE][INFO] - Checking called Test Case

2021-10-21 14:33:40 - [MESSAGE][INFO] - Starting to call Test Case 'Test Cases/Olusturma/Genel/TipSecilir'

2021-10-21 14:33:40 - [TEST_CASE][PASSED] - Test Cases/Olusturma/Genel/TipSecilir: Test Cases/Olusturma/Genel/TipSecilir

2021-10-21 14:33:40 - [TEST_STEP][PASSED] - waitForElementClickable(findTestObject("Olusturma/Genel/TipSecilir/Tip"), 10): Object 'Object Repository/Olusturma/Genel/TipSecilir/Tip' is clickable

2021-10-21 14:33:40 - [MESSAGE][INFO] - Finding Test Object 'Object Repository/Olusturma/Genel/TipSecilir/Tip'

2021-10-21 14:33:40 - [MESSAGE][INFO] - Checking object

2021-10-21 14:33:40 - [MESSAGE][INFO] - Checking timeout

2021-10-21 14:33:40 - [MESSAGE][INFO] - Finding web element from Test Object's properties

2021-10-21 14:33:40 - [MESSAGE][INFO] - Checking timeout

2021-10-21 14:33:40 - [MESSAGE][INFO] - Finding web element with id: 'Object Repository/Olusturma/Genel/TipSecilir/Tip' located by 'By.xpath: //*[@id = 'DocumentTypeCode_I']' in '10' second(s)

2021-10-21 14:33:40 - [MESSAGE][INFO] - Smart Wait Function is triggered

2021-10-21 14:33:40 - [MESSAGE][INFO] - Found 1 web elements with id: 'Object Repository/Olusturma/Genel/TipSecilir/Tip' located by 'By.xpath: //*[@id = 'DocumentTypeCode_I']' in '10' second(s)

2021-10-21 14:33:40 - [MESSAGE][PASSED] - Object 'Object Repository/Olusturma/Genel/TipSecilir/Tip' is clickable

2021-10-21 14:33:40 - [TEST_STEP][PASSED] - click(findTestObject("Olusturma/Genel/TipSecilir/Tip")): Object: 'Object Repository/Olusturma/Genel/TipSecilir/Tip' is clicked on

2021-10-21 14:33:40 - [MESSAGE][INFO] - Finding Test Object 'Object Repository/Olusturma/Genel/TipSecilir/Tip'

2021-10-21 14:33:40 - [MESSAGE][INFO] - Checking object

2021-10-21 14:33:40 - [MESSAGE][INFO] - Finding web element from Test Object's properties

2021-10-21 14:33:40 - [MESSAGE][INFO] - Checking timeout

2021-10-21 14:33:40 - [MESSAGE][INFO] - Finding web element with id: 'Object Repository/Olusturma/Genel/TipSecilir/Tip' located by 'By.xpath: //*[@id = 'DocumentTypeCode_I']' in '30' second(s)

2021-10-21 14:33:40 - [MESSAGE][INFO] - Smart Wait Function is triggered

2021-10-21 14:33:41 - [MESSAGE][INFO] - Found 1 web elements with id: 'Object Repository/Olusturma/Genel/TipSecilir/Tip' located by 'By.xpath: //*[@id = 'DocumentTypeCode_I']' in '30' second(s)

2021-10-21 14:33:41 - [MESSAGE][INFO] - Clicking on object: 'Object Repository/Olusturma/Genel/TipSecilir/Tip'

2021-10-21 14:33:41 - [MESSAGE][PASSED] - Object: 'Object Repository/Olusturma/Genel/TipSecilir/Tip' is clicked on

2021-10-21 14:33:41 - [TEST_STEP][PASSED] - Method.TextDegerineEsitElementeTikla(findTestObject("Object Repository/Olusturma/Genel/TipSecilir/Tip_Adi"), Tip): Method.TextDegerineEsitElementeTikla is PASSED

2021-10-21 14:33:41 - [MESSAGE][INFO] - Finding Test Object 'Object Repository/Olusturma/Genel/TipSecilir/Tip_Adi'

2021-10-21 14:33:41 - [MESSAGE][INFO] - Checking timeout

2021-10-21 14:33:41 - [MESSAGE][INFO] - Finding web element with id: 'Object Repository/Olusturma/Genel/TipSecilir/Tip_Adi' located by 'By.cssSelector: #DocumentTypeCode_DDD_L_LBT td' in '10' second(s)

2021-10-21 14:33:41 - [MESSAGE][INFO] - Smart Wait Function is triggered

2021-10-21 14:33:41 - [MESSAGE][INFO] - Found 9 web elements with id: 'Object Repository/Olusturma/Genel/TipSecilir/Tip_Adi' located by 'By.cssSelector: #DocumentTypeCode_DDD_L_LBT td' in '10' second(s)

2021-10-21 14:33:41 - [MESSAGE][PASSED] - Method.TextDegerineEsitElementeTikla is PASSED

2021-10-21 14:33:41 - [MESSAGE][PASSED] - Call Test Case 'Test Cases/Olusturma/Genel/TipSecilir' successfully

2021-10-21 14:33:41 - [MESSAGE][INFO] - Checking called Test Case

2021-10-21 14:33:41 - [MESSAGE][INFO] - Starting to call Test Case 'Test Cases/Olusturma/Genel/DokumanParaBirimiSecilir'

2021-10-21 14:33:41 - [TEST_CASE][PASSED] - Test Cases/Olusturma/Genel/DokumanParaBirimiSecilir: Test Cases/Olusturma/Genel/DokumanParaBirimiSecilir

2021-10-21 14:33:41 - [TEST_STEP][PASSED] - waitForElementClickable(findTestObject("Object Repository/Olusturma/Genel/DokumanParaBirimiSecilir/Para"), 10): Object 'Object Repository/Olusturma/Genel/DokumanParaBirimiSecilir/Para' is clickable

2021-10-21 14:33:41 - [MESSAGE][INFO] - Finding Test Object 'Object Repository/Olusturma/Genel/DokumanParaBirimiSecilir/Para'

2021-10-21 14:33:42 - [MESSAGE][INFO] - Checking object

2021-10-21 14:33:42 - [MESSAGE][INFO] - Checking timeout

2021-10-21 14:33:42 - [MESSAGE][INFO] - Finding web element from Test Object's properties

2021-10-21 14:33:42 - [MESSAGE][INFO] - Checking timeout

2021-10-21 14:33:42 - [MESSAGE][INFO] - Finding web element with id: 'Object Repository/Olusturma/Genel/DokumanParaBirimiSecilir/Para' located by 'By.xpath: //*[@id = 'CurrencyUnit_I']' in '10' second(s)

2021-10-21 14:33:42 - [MESSAGE][INFO] - Smart Wait Function is triggered

2021-10-21 14:33:43 - [MESSAGE][INFO] - Found 1 web elements with id: 'Object Repository/Olusturma/Genel/DokumanParaBirimiSecilir/Para' located by 'By.xpath: //*[@id = 'CurrencyUnit_I']' in '10' second(s)

2021-10-21 14:33:43 - [MESSAGE][PASSED] - Object 'Object Repository/Olusturma/Genel/DokumanParaBirimiSecilir/Para' is clickable

2021-10-21 14:33:43 - [TEST_STEP][PASSED] - click(findTestObject("Object Repository/Olusturma/Genel/DokumanParaBirimiSecilir/Para")): Object: 'Object Repository/Olusturma/Genel/DokumanParaBirimiSecilir/Para' is clicked on

2021-10-21 14:33:43 - [MESSAGE][INFO] - Finding Test Object 'Object Repository/Olusturma/Genel/DokumanParaBirimiSecilir/Para'

2021-10-21 14:33:43 - [MESSAGE][INFO] - Checking object

2021-10-21 14:33:43 - [MESSAGE][INFO] - Finding web element from Test Object's properties

2021-10-21 14:33:43 - [MESSAGE][INFO] - Checking timeout

2021-10-21 14:33:43 - [MESSAGE][INFO] - Finding web element with id: 'Object Repository/Olusturma/Genel/DokumanParaBirimiSecilir/Para' located by 'By.xpath: //*[@id = 'CurrencyUnit_I']' in '30' second(s)

2021-10-21 14:33:43 - [MESSAGE][INFO] - Smart Wait Function is triggered

2021-10-21 14:33:43 - [MESSAGE][INFO] - Found 1 web elements with id: 'Object Repository/Olusturma/Genel/DokumanParaBirimiSecilir/Para' located by 'By.xpath: //*[@id = 'CurrencyUnit_I']' in '30' second(s)

2021-10-21 14:33:43 - [MESSAGE][INFO] - Clicking on object: 'Object Repository/Olusturma/Genel/DokumanParaBirimiSecilir/Para'

2021-10-21 14:33:43 - [MESSAGE][PASSED] - Object: 'Object Repository/Olusturma/Genel/DokumanParaBirimiSecilir/Para' is clicked on

2021-10-21 14:33:43 - [TEST_STEP][PASSED] - Method.TextDegerineEsitElementeTikla(findTestObject("Object Repository/Olusturma/Genel/DokumanParaBirimiSecilir/Para_Adi"), Para): Method.TextDegerineEsitElementeTikla is PASSED

2021-10-21 14:33:43 - [MESSAGE][INFO] - Finding Test Object 'Object Repository/Olusturma/Genel/DokumanParaBirimiSecilir/Para_Adi'

2021-10-21 14:33:44 - [MESSAGE][INFO] - Checking timeout

2021-10-21 14:33:44 - [MESSAGE][INFO] - Finding web element with id: 'Object Repository/Olusturma/Genel/DokumanParaBirimiSecilir/Para_Adi' located by 'By.cssSelector: #CurrencyUnit_DDD_L_LBT td' in '10' second(s)

2021-10-21 14:33:44 - [MESSAGE][INFO] - Smart Wait Function is triggered

2021-10-21 14:33:44 - [MESSAGE][INFO] - Found 203 web elements with id: 'Object Repository/Olusturma/Genel/DokumanParaBirimiSecilir/Para_Adi' located by 'By.cssSelector: #CurrencyUnit_DDD_L_LBT td' in '10' second(s)

2021-10-21 14:33:47 - [MESSAGE][PASSED] - Method.TextDegerineEsitElementeTikla is PASSED

2021-10-21 14:33:47 - [MESSAGE][PASSED] - Call Test Case 'Test Cases/Olusturma/Genel/DokumanParaBirimiSecilir' successfully

2021-10-21 14:33:47 - [MESSAGE][INFO] - Checking called Test Case

2021-10-21 14:33:47 - [MESSAGE][INFO] - Starting to call Test Case 'Test Cases/Olusturma/Genel/OnEkSecilir'

2021-10-21 14:33:47 - [TEST_CASE][PASSED] - Test Cases/Olusturma/Genel/OnEkSecilir: Test Cases/Olusturma/Genel/OnEkSecilir

2021-10-21 14:33:47 - [TEST_STEP][PASSED] - waitForElementClickable(findTestObject("Object Repository/Olusturma/Genel/OnEkSecilir/OnEk"), 10): Object 'Object Repository/Olusturma/Genel/OnEkSecilir/OnEk' is clickable

2021-10-21 14:33:47 - [MESSAGE][INFO] - Finding Test Object 'Object Repository/Olusturma/Genel/OnEkSecilir/OnEk'

2021-10-21 14:33:48 - [MESSAGE][INFO] - Checking object

2021-10-21 14:33:48 - [MESSAGE][INFO] - Checking timeout

2021-10-21 14:33:48 - [MESSAGE][INFO] - Finding web element from Test Object's properties

2021-10-21 14:33:48 - [MESSAGE][INFO] - Checking timeout

2021-10-21 14:33:48 - [MESSAGE][INFO] - Finding web element with id: 'Object Repository/Olusturma/Genel/OnEkSecilir/OnEk' located by 'By.xpath: //*[@id = 'InvoicePrefix_I']' in '10' second(s)

2021-10-21 14:33:48 - [MESSAGE][INFO] - Smart Wait Function is triggered

2021-10-21 14:33:48 - [MESSAGE][INFO] - Found 1 web elements with id: 'Object Repository/Olusturma/Genel/OnEkSecilir/OnEk' located by 'By.xpath: //*[@id = 'InvoicePrefix_I']' in '10' second(s)

2021-10-21 14:33:48 - [MESSAGE][PASSED] - Object 'Object Repository/Olusturma/Genel/OnEkSecilir/OnEk' is clickable

2021-10-21 14:33:48 - [TEST_STEP][PASSED] - click(findTestObject("Object Repository/Olusturma/Genel/OnEkSecilir/OnEk")): Object: 'Object Repository/Olusturma/Genel/OnEkSecilir/OnEk' is clicked on

2021-10-21 14:33:48 - [MESSAGE][INFO] - Finding Test Object 'Object Repository/Olusturma/Genel/OnEkSecilir/OnEk'

2021-10-21 14:33:48 - [MESSAGE][INFO] - Checking object

2021-10-21 14:33:48 - [MESSAGE][INFO] - Finding web element from Test Object's properties

2021-10-21 14:33:48 - [MESSAGE][INFO] - Checking timeout

2021-10-21 14:33:48 - [MESSAGE][INFO] - Finding web element with id: 'Object Repository/Olusturma/Genel/OnEkSecilir/OnEk' located by 'By.xpath: //*[@id = 'InvoicePrefix_I']' in '30' second(s)

2021-10-21 14:33:48 - [MESSAGE][INFO] - Smart Wait Function is triggered

2021-10-21 14:33:48 - [MESSAGE][INFO] - Found 1 web elements with id: 'Object Repository/Olusturma/Genel/OnEkSecilir/OnEk' located by 'By.xpath: //*[@id = 'InvoicePrefix_I']' in '30' second(s)

2021-10-21 14:33:48 - [MESSAGE][INFO] - Clicking on object: 'Object Repository/Olusturma/Genel/OnEkSecilir/OnEk'

2021-10-21 14:33:48 - [MESSAGE][PASSED] - Object: 'Object Repository/Olusturma/Genel/OnEkSecilir/OnEk' is clicked on

2021-10-21 14:33:48 - [TEST_STEP][PASSED] - Method.TextDegerineEsitElementeTiklaEquals(findTestObject("Object Repository/Olusturma/Genel/OnEkSecilir/OnEkAdi"), Ek): Method.TextDegerineEsitElementeTiklaEquals is PASSED

2021-10-21 14:33:48 - [MESSAGE][INFO] - Finding Test Object 'Object Repository/Olusturma/Genel/OnEkSecilir/OnEkAdi'

2021-10-21 14:33:48 - [MESSAGE][INFO] - Checking timeout

2021-10-21 14:33:48 - [MESSAGE][INFO] - Finding web element with id: 'Object Repository/Olusturma/Genel/OnEkSecilir/OnEkAdi' located by 'By.cssSelector: #InvoicePrefix_DDD_L_LBT td' in '10' second(s)

2021-10-21 14:33:48 - [MESSAGE][INFO] - Smart Wait Function is triggered

2021-10-21 14:33:49 - [MESSAGE][INFO] - Found 1 web elements with id: 'Object Repository/Olusturma/Genel/OnEkSecilir/OnEkAdi' located by 'By.cssSelector: #InvoicePrefix_DDD_L_LBT td' in '10' second(s)

2021-10-21 14:33:49 - [MESSAGE][PASSED] - Method.TextDegerineEsitElementeTiklaEquals is PASSED

2021-10-21 14:33:49 - [MESSAGE][PASSED] - Call Test Case 'Test Cases/Olusturma/Genel/OnEkSecilir' successfully

2021-10-21 14:33:49 - [MESSAGE][INFO] - Checking called Test Case

2021-10-21 14:33:49 - [MESSAGE][INFO] - Starting to call Test Case 'Test Cases/Olusturma/Genel/TasarimSecilir'

2021-10-21 14:33:49 - [TEST_CASE][PASSED] - Test Cases/Olusturma/Genel/TasarimSecilir: Test Cases/Olusturma/Genel/TasarimSecilir

2021-10-21 14:33:49 - [TEST_STEP][PASSED] - waitForElementClickable(findTestObject("Object Repository/Olusturma/Genel/TasarimSecilir/Tasarim"), 10): Object 'Object Repository/Olusturma/Genel/TasarimSecilir/Tasarim' is clickable

2021-10-21 14:33:49 - [MESSAGE][INFO] - Finding Test Object 'Object Repository/Olusturma/Genel/TasarimSecilir/Tasarim'

2021-10-21 14:33:49 - [MESSAGE][INFO] - Checking object

2021-10-21 14:33:49 - [MESSAGE][INFO] - Checking timeout

2021-10-21 14:33:49 - [MESSAGE][INFO] - Finding web element from Test Object's properties

2021-10-21 14:33:49 - [MESSAGE][INFO] - Checking timeout

2021-10-21 14:33:49 - [MESSAGE][INFO] - Finding web element with id: 'Object Repository/Olusturma/Genel/TasarimSecilir/Tasarim' located by 'By.xpath: //*[@id = 'DesignId_I']' in '10' second(s)

2021-10-21 14:33:49 - [MESSAGE][INFO] - Smart Wait Function is triggered

2021-10-21 14:33:49 - [MESSAGE][INFO] - Found 1 web elements with id: 'Object Repository/Olusturma/Genel/TasarimSecilir/Tasarim' located by 'By.xpath: //*[@id = 'DesignId_I']' in '10' second(s)

2021-10-21 14:33:49 - [MESSAGE][PASSED] - Object 'Object Repository/Olusturma/Genel/TasarimSecilir/Tasarim' is clickable

2021-10-21 14:33:49 - [TEST_STEP][PASSED] - click(findTestObject("Object Repository/Olusturma/Genel/TasarimSecilir/Tasarim")): Object: 'Object Repository/Olusturma/Genel/TasarimSecilir/Tasarim' is clicked on

2021-10-21 14:33:49 - [MESSAGE][INFO] - Finding Test Object 'Object Repository/Olusturma/Genel/TasarimSecilir/Tasarim'

2021-10-21 14:33:49 - [MESSAGE][INFO] - Checking object

2021-10-21 14:33:49 - [MESSAGE][INFO] - Finding web element from Test Object's properties

2021-10-21 14:33:49 - [MESSAGE][INFO] - Checking timeout

2021-10-21 14:33:49 - [MESSAGE][INFO] - Finding web element with id: 'Object Repository/Olusturma/Genel/TasarimSecilir/Tasarim' located by 'By.xpath: //*[@id = 'DesignId_I']' in '30' second(s)

2021-10-21 14:33:49 - [MESSAGE][INFO] - Smart Wait Function is triggered

2021-10-21 14:33:49 - [MESSAGE][INFO] - Found 1 web elements with id: 'Object Repository/Olusturma/Genel/TasarimSecilir/Tasarim' located by 'By.xpath: //*[@id = 'DesignId_I']' in '30' second(s)

2021-10-21 14:33:49 - [MESSAGE][INFO] - Clicking on object: 'Object Repository/Olusturma/Genel/TasarimSecilir/Tasarim'

2021-10-21 14:33:50 - [MESSAGE][PASSED] - Object: 'Object Repository/Olusturma/Genel/TasarimSecilir/Tasarim' is clicked on

2021-10-21 14:33:50 - [TEST_STEP][PASSED] - Method.TextDegerineEsitElementeTikla(findTestObject("Object Repository/Olusturma/Genel/TasarimSecilir/Tasarim_Adi"), Tasarim): Method.TextDegerineEsitElementeTikla is PASSED

2021-10-21 14:33:50 - [MESSAGE][INFO] - Finding Test Object 'Object Repository/Olusturma/Genel/TasarimSecilir/Tasarim_Adi'

2021-10-21 14:33:50 - [MESSAGE][INFO] - Checking timeout

2021-10-21 14:33:50 - [MESSAGE][INFO] - Finding web element with id: 'Object Repository/Olusturma/Genel/TasarimSecilir/Tasarim_Adi' located by 'By.cssSelector: #DesignId_DDD_L_LBT td' in '10' second(s)

2021-10-21 14:33:50 - [MESSAGE][INFO] - Smart Wait Function is triggered

2021-10-21 14:33:50 - [MESSAGE][INFO] - Found 1 web elements with id: 'Object Repository/Olusturma/Genel/TasarimSecilir/Tasarim_Adi' located by 'By.cssSelector: #DesignId_DDD_L_LBT td' in '10' second(s)

2021-10-21 14:33:50 - [MESSAGE][PASSED] - Method.TextDegerineEsitElementeTikla is PASSED

2021-10-21 14:33:50 - [MESSAGE][PASSED] - Call Test Case 'Test Cases/Olusturma/Genel/TasarimSecilir' successfully

2021-10-21 14:33:50 - [MESSAGE][INFO] - Checking called Test Case

2021-10-21 14:33:50 - [MESSAGE][INFO] - Starting to call Test Case 'Test Cases/Olusturma/Genel/Kutular/SiparisBilgileriGirilir'

2021-10-21 14:33:50 - [TEST_CASE][PASSED] - Test Cases/Olusturma/Genel/Kutular/SiparisBilgileriGirilir: Test Cases/Olusturma/Genel/Kutular/SiparisBilgileriGirilir

2021-10-21 14:33:50 - [TEST_STEP][PASSED] - Method.TextDegerineEsitElementeTikla(findTestObject("Olusturma/Genel/Kutular/KapaliKutular"), "Sipariş Bilgileri"): Method.TextDegerineEsitElementeTikla is PASSED

2021-10-21 14:33:50 - [MESSAGE][INFO] - Finding Test Object 'Object Repository/Olusturma/Genel/Kutular/KapaliKutular'

2021-10-21 14:33:50 - [MESSAGE][INFO] - Checking timeout

2021-10-21 14:33:50 - [MESSAGE][INFO] - Finding web element with id: 'Object Repository/Olusturma/Genel/Kutular/KapaliKutular' located by 'By.cssSelector: .dxnb-headerCollapsed>span' in '10' second(s)

2021-10-21 14:33:50 - [MESSAGE][INFO] - Smart Wait Function is triggered

2021-10-21 14:33:50 - [MESSAGE][INFO] - Found 8 web elements with id: 'Object Repository/Olusturma/Genel/Kutular/KapaliKutular' located by 'By.cssSelector: .dxnb-headerCollapsed>span' in '10' second(s)

2021-10-21 14:33:51 - [MESSAGE][PASSED] - Method.TextDegerineEsitElementeTikla is PASSED

2021-10-21 14:33:51 - [TEST_STEP][PASSED] - waitForElementPresent(findTestObject("Object Repository/Olusturma/Genel/Kutular/SiparisBilgileri/SiparisNo"), 10): Object 'Object Repository/Olusturma/Genel/Kutular/SiparisBilgileri/SiparisNo' is present

2021-10-21 14:33:51 - [MESSAGE][INFO] - Finding Test Object 'Object Repository/Olusturma/Genel/Kutular/SiparisBilgileri/SiparisNo'

2021-10-21 14:33:51 - [MESSAGE][INFO] - Checking object

2021-10-21 14:33:51 - [MESSAGE][INFO] - Finding web element from Test Object's properties

2021-10-21 14:33:51 - [MESSAGE][INFO] - Checking timeout

2021-10-21 14:33:51 - [MESSAGE][INFO] - Finding web element with id: 'Object Repository/Olusturma/Genel/Kutular/SiparisBilgileri/SiparisNo' located by 'By.xpath: //*[@id = 'txtSiparisNo_I']' in '10' second(s)

2021-10-21 14:33:51 - [MESSAGE][INFO] - Smart Wait Function is triggered

2021-10-21 14:33:51 - [MESSAGE][INFO] - Found 1 web elements with id: 'Object Repository/Olusturma/Genel/Kutular/SiparisBilgileri/SiparisNo' located by 'By.xpath: //*[@id = 'txtSiparisNo_I']' in '10' second(s)

2021-10-21 14:33:51 - [MESSAGE][PASSED] - Object 'Object Repository/Olusturma/Genel/Kutular/SiparisBilgileri/SiparisNo' is present

2021-10-21 14:33:51 - [TEST_STEP][PASSED] - clearText(findTestObject("Object Repository/Olusturma/Genel/Kutular/SiparisBilgileri/SiparisNo")): Text of object 'Object Repository/Olusturma/Genel/Kutular/SiparisBilgileri/SiparisNo' is cleared

2021-10-21 14:33:51 - [MESSAGE][INFO] - Finding Test Object 'Object Repository/Olusturma/Genel/Kutular/SiparisBilgileri/SiparisNo'

2021-10-21 14:33:51 - [MESSAGE][INFO] - Checking object

2021-10-21 14:33:51 - [MESSAGE][INFO] - Finding web element from Test Object's properties

2021-10-21 14:33:51 - [MESSAGE][INFO] - Checking timeout

2021-10-21 14:33:51 - [MESSAGE][INFO] - Finding web element with id: 'Object Repository/Olusturma/Genel/Kutular/SiparisBilgileri/SiparisNo' located by 'By.xpath: //*[@id = 'txtSiparisNo_I']' in '30' second(s)

2021-10-21 14:33:51 - [MESSAGE][INFO] - Smart Wait Function is triggered

2021-10-21 14:33:51 - [MESSAGE][INFO] - Found 1 web elements with id: 'Object Repository/Olusturma/Genel/Kutular/SiparisBilgileri/SiparisNo' located by 'By.xpath: //*[@id = 'txtSiparisNo_I']' in '30' second(s)

2021-10-21 14:33:51 - [MESSAGE][INFO] - Clearing text of object 'Object Repository/Olusturma/Genel/Kutular/SiparisBilgileri/SiparisNo'

2021-10-21 14:33:51 - [MESSAGE][PASSED] - Text of object 'Object Repository/Olusturma/Genel/Kutular/SiparisBilgileri/SiparisNo' is cleared

2021-10-21 14:33:51 - [TEST_STEP][PASSED] - sendKeys(findTestObject("Object Repository/Olusturma/Genel/Kutular/SiparisBilgileri/SiparisNo"), SiparisNo): Keys 'UUC-SAT-1200001' sent to object: 'Object Repository/Olusturma/Genel/Kutular/SiparisBilgileri/SiparisNo'

2021-10-21 14:33:51 - [MESSAGE][INFO] - Finding Test Object 'Object Repository/Olusturma/Genel/Kutular/SiparisBilgileri/SiparisNo'

2021-10-21 14:33:51 - [MESSAGE][INFO] - Sending keys 'UUC-SAT-1200001' to object: 'Object Repository/Olusturma/Genel/Kutular/SiparisBilgileri/SiparisNo'

2021-10-21 14:33:52 - [MESSAGE][INFO] - Finding web element from Test Object's properties

2021-10-21 14:33:52 - [MESSAGE][INFO] - Checking timeout

2021-10-21 14:33:52 - [MESSAGE][INFO] - Finding web element with id: 'Object Repository/Olusturma/Genel/Kutular/SiparisBilgileri/SiparisNo' located by 'By.xpath: //*[@id = 'txtSiparisNo_I']' in '30' second(s)

2021-10-21 14:33:52 - [MESSAGE][INFO] - Smart Wait Function is triggered

2021-10-21 14:33:52 - [MESSAGE][INFO] - Found 1 web elements with id: 'Object Repository/Olusturma/Genel/Kutular/SiparisBilgileri/SiparisNo' located by 'By.xpath: //*[@id = 'txtSiparisNo_I']' in '30' second(s)

2021-10-21 14:33:52 - [MESSAGE][PASSED] - Keys 'UUC-SAT-1200001' sent to object: 'Object Repository/Olusturma/Genel/Kutular/SiparisBilgileri/SiparisNo'

2021-10-21 14:33:52 - [TEST_STEP][PASSED] - waitForElementClickable(findTestObject("Object Repository/Olusturma/Genel/Kutular/SiparisBilgileri/SiparisTarihiImage"), 10): Object 'Object Repository/Olusturma/Genel/Kutular/SiparisBilgileri/SiparisTarihiImage' is clickable

2021-10-21 14:33:52 - [MESSAGE][INFO] - Finding Test Object 'Object Repository/Olusturma/Genel/Kutular/SiparisBilgileri/SiparisTarihiImage'

2021-10-21 14:33:52 - [MESSAGE][INFO] - Checking object

2021-10-21 14:33:52 - [MESSAGE][INFO] - Checking timeout

2021-10-21 14:33:52 - [MESSAGE][INFO] - Finding web element from Test Object's properties

2021-10-21 14:33:52 - [MESSAGE][INFO] - Checking timeout

2021-10-21 14:33:52 - [MESSAGE][INFO] - Finding web element with id: 'Object Repository/Olusturma/Genel/Kutular/SiparisBilgileri/SiparisTarihiImage' located by 'By.cssSelector: #dateSiparisTarih img' in '10' second(s)

2021-10-21 14:33:52 - [MESSAGE][INFO] - Smart Wait Function is triggered

2021-10-21 14:33:52 - [MESSAGE][INFO] - Found 1 web elements with id: 'Object Repository/Olusturma/Genel/Kutular/SiparisBilgileri/SiparisTarihiImage' located by 'By.cssSelector: #dateSiparisTarih img' in '10' second(s)

2021-10-21 14:33:52 - [MESSAGE][PASSED] - Object 'Object Repository/Olusturma/Genel/Kutular/SiparisBilgileri/SiparisTarihiImage' is clickable

2021-10-21 14:33:52 - [TEST_STEP][PASSED] - click(findTestObject("Object Repository/Olusturma/Genel/Kutular/SiparisBilgileri/SiparisTarihiImage")): Object: 'Object Repository/Olusturma/Genel/Kutular/SiparisBilgileri/SiparisTarihiImage' is clicked on

2021-10-21 14:33:52 - [MESSAGE][INFO] - Finding Test Object 'Object Repository/Olusturma/Genel/Kutular/SiparisBilgileri/SiparisTarihiImage'

2021-10-21 14:33:52 - [MESSAGE][INFO] - Checking object

2021-10-21 14:33:52 - [MESSAGE][INFO] - Finding web element from Test Object's properties

2021-10-21 14:33:52 - [MESSAGE][INFO] - Checking timeout

2021-10-21 14:33:52 - [MESSAGE][INFO] - Finding web element with id: 'Object Repository/Olusturma/Genel/Kutular/SiparisBilgileri/SiparisTarihiImage' located by 'By.cssSelector: #dateSiparisTarih img' in '30' second(s)

2021-10-21 14:33:52 - [MESSAGE][INFO] - Smart Wait Function is triggered

2021-10-21 14:33:53 - [MESSAGE][INFO] - Found 1 web elements with id: 'Object Repository/Olusturma/Genel/Kutular/SiparisBilgileri/SiparisTarihiImage' located by 'By.cssSelector: #dateSiparisTarih img' in '30' second(s)

2021-10-21 14:33:53 - [MESSAGE][INFO] - Clicking on object: 'Object Repository/Olusturma/Genel/Kutular/SiparisBilgileri/SiparisTarihiImage'

2021-10-21 14:33:53 - [MESSAGE][PASSED] - Object: 'Object Repository/Olusturma/Genel/Kutular/SiparisBilgileri/SiparisTarihiImage' is clicked on

2021-10-21 14:33:53 - [TEST_STEP][PASSED] - waitForElementPresent(findTestObject("Object Repository/Olusturma/Genel/Kutular/SiparisBilgileri/SiparisTarihi"), 10): Object 'Object Repository/Olusturma/Genel/Kutular/SiparisBilgileri/SiparisTarihi' is present

2021-10-21 14:33:53 - [MESSAGE][INFO] - Finding Test Object 'Object Repository/Olusturma/Genel/Kutular/SiparisBilgileri/SiparisTarihi'

2021-10-21 14:33:53 - [MESSAGE][INFO] - Checking object

2021-10-21 14:33:53 - [MESSAGE][INFO] - Finding web element from Test Object's properties

2021-10-21 14:33:53 - [MESSAGE][INFO] - Checking timeout

2021-10-21 14:33:53 - [MESSAGE][INFO] - Finding web element with id: 'Object Repository/Olusturma/Genel/Kutular/SiparisBilgileri/SiparisTarihi' located by 'By.xpath: //*[@id = 'dateSiparisTarih_I']' in '10' second(s)

2021-10-21 14:33:53 - [MESSAGE][INFO] - Smart Wait Function is triggered

2021-10-21 14:33:53 - [MESSAGE][INFO] - Found 1 web elements with id: 'Object Repository/Olusturma/Genel/Kutular/SiparisBilgileri/SiparisTarihi' located by 'By.xpath: //*[@id = 'dateSiparisTarih_I']' in '10' second(s)

2021-10-21 14:33:53 - [MESSAGE][PASSED] - Object 'Object Repository/Olusturma/Genel/Kutular/SiparisBilgileri/SiparisTarihi' is present

2021-10-21 14:33:53 - [TEST_STEP][PASSED] - clearText(findTestObject("Object Repository/Olusturma/Genel/Kutular/SiparisBilgileri/SiparisTarihi")): Text of object 'Object Repository/Olusturma/Genel/Kutular/SiparisBilgileri/SiparisTarihi' is cleared

2021-10-21 14:33:53 - [MESSAGE][INFO] - Finding Test Object 'Object Repository/Olusturma/Genel/Kutular/SiparisBilgileri/SiparisTarihi'

2021-10-21 14:33:53 - [MESSAGE][INFO] - Checking object

2021-10-21 14:33:53 - [MESSAGE][INFO] - Finding web element from Test Object's properties

2021-10-21 14:33:53 - [MESSAGE][INFO] - Checking timeout

2021-10-21 14:33:53 - [MESSAGE][INFO] - Finding web element with id: 'Object Repository/Olusturma/Genel/Kutular/SiparisBilgileri/SiparisTarihi' located by 'By.xpath: //*[@id = 'dateSiparisTarih_I']' in '30' second(s)

2021-10-21 14:33:53 - [MESSAGE][INFO] - Smart Wait Function is triggered

2021-10-21 14:33:54 - [MESSAGE][INFO] - Found 1 web elements with id: 'Object Repository/Olusturma/Genel/Kutular/SiparisBilgileri/SiparisTarihi' located by 'By.xpath: //*[@id = 'dateSiparisTarih_I']' in '30' second(s)

2021-10-21 14:33:54 - [MESSAGE][INFO] - Clearing text of object 'Object Repository/Olusturma/Genel/Kutular/SiparisBilgileri/SiparisTarihi'

2021-10-21 14:33:54 - [MESSAGE][PASSED] - Text of object 'Object Repository/Olusturma/Genel/Kutular/SiparisBilgileri/SiparisTarihi' is cleared

2021-10-21 14:33:54 - [TEST_STEP][PASSED] - sendKeys(findTestObject("Object Repository/Olusturma/Genel/Kutular/SiparisBilgileri/SiparisTarihi"), Tarih): Keys '31.04.2020' sent to object: 'Object Repository/Olusturma/Genel/Kutular/SiparisBilgileri/SiparisTarihi'

2021-10-21 14:33:54 - [MESSAGE][INFO] - Finding Test Object 'Object Repository/Olusturma/Genel/Kutular/SiparisBilgileri/SiparisTarihi'

2021-10-21 14:33:54 - [MESSAGE][INFO] - Sending keys '31.04.2020' to object: 'Object Repository/Olusturma/Genel/Kutular/SiparisBilgileri/SiparisTarihi'

2021-10-21 14:33:54 - [MESSAGE][INFO] - Finding web element from Test Object's properties

2021-10-21 14:33:54 - [MESSAGE][INFO] - Checking timeout

2021-10-21 14:33:54 - [MESSAGE][INFO] - Finding web element with id: 'Object Repository/Olusturma/Genel/Kutular/SiparisBilgileri/SiparisTarihi' located by 'By.xpath: //*[@id = 'dateSiparisTarih_I']' in '30' second(s)

2021-10-21 14:33:54 - [MESSAGE][INFO] - Smart Wait Function is triggered

2021-10-21 14:33:54 - [MESSAGE][INFO] - Found 1 web elements with id: 'Object Repository/Olusturma/Genel/Kutular/SiparisBilgileri/SiparisTarihi' located by 'By.xpath: //*[@id = 'dateSiparisTarih_I']' in '30' second(s)

2021-10-21 14:33:54 - [MESSAGE][PASSED] - Keys '31.04.2020' sent to object: 'Object Repository/Olusturma/Genel/Kutular/SiparisBilgileri/SiparisTarihi'

2021-10-21 14:33:54 - [MESSAGE][PASSED] - Call Test Case 'Test Cases/Olusturma/Genel/Kutular/SiparisBilgileriGirilir' successfully

2021-10-21 14:33:54 - [MESSAGE][INFO] - Checking called Test Case

2021-10-21 14:33:54 - [MESSAGE][INFO] - Starting to call Test Case 'Test Cases/Olusturma/Genel/Kutular/IrsaliyeBilgileri'

2021-10-21 14:33:54 - [TEST_CASE][PASSED] - Test Cases/Olusturma/Genel/Kutular/IrsaliyeBilgileri: Test Cases/Olusturma/Genel/Kutular/IrsaliyeBilgileri

2021-10-21 14:33:54 - [TEST_STEP][PASSED] - Method.TextDegerineEsitElementeTikla(findTestObject("Olusturma/Genel/Kutular/KapaliKutular"), "İrsaliye Bilgileri"): Method.TextDegerineEsitElementeTikla is PASSED

2021-10-21 14:33:54 - [MESSAGE][INFO] - Finding Test Object 'Object Repository/Olusturma/Genel/Kutular/KapaliKutular'

2021-10-21 14:33:54 - [MESSAGE][INFO] - Checking timeout

2021-10-21 14:33:54 - [MESSAGE][INFO] - Finding web element with id: 'Object Repository/Olusturma/Genel/Kutular/KapaliKutular' located by 'By.cssSelector: .dxnb-headerCollapsed>span' in '10' second(s)

2021-10-21 14:33:54 - [MESSAGE][INFO] - Smart Wait Function is triggered

2021-10-21 14:33:55 - [MESSAGE][INFO] - Found 8 web elements with id: 'Object Repository/Olusturma/Genel/Kutular/KapaliKutular' located by 'By.cssSelector: .dxnb-headerCollapsed>span' in '10' second(s)

2021-10-21 14:33:55 - [MESSAGE][PASSED] - Method.TextDegerineEsitElementeTikla is PASSED

2021-10-21 14:33:55 - [TEST_STEP][PASSED] - waitForElementClickable(findTestObject("Olusturma/Genel/Kutular/IrsaliyeBilgileri/Ekle"), 10): Object 'Object Repository/Olusturma/Genel/Kutular/IrsaliyeBilgileri/Ekle' is clickable

2021-10-21 14:33:55 - [MESSAGE][INFO] - Finding Test Object 'Object Repository/Olusturma/Genel/Kutular/IrsaliyeBilgileri/Ekle'

2021-10-21 14:33:55 - [MESSAGE][INFO] - Checking object

2021-10-21 14:33:55 - [MESSAGE][INFO] - Checking timeout

2021-10-21 14:33:55 - [MESSAGE][INFO] - Finding web element from Test Object's properties

2021-10-21 14:33:55 - [MESSAGE][INFO] - Checking timeout

2021-10-21 14:33:55 - [MESSAGE][INFO] - Finding web element with id: 'Object Repository/Olusturma/Genel/Kutular/IrsaliyeBilgileri/Ekle' located by 'By.xpath: //*[@id = 'DXEditorgvUserInvoiceBillsNewRowBtn']' in '10' second(s)

2021-10-21 14:33:55 - [MESSAGE][INFO] - Smart Wait Function is triggered

2021-10-21 14:33:55 - [MESSAGE][INFO] - Found 1 web elements with id: 'Object Repository/Olusturma/Genel/Kutular/IrsaliyeBilgileri/Ekle' located by 'By.xpath: //*[@id = 'DXEditorgvUserInvoiceBillsNewRowBtn']' in '10' second(s)

2021-10-21 14:33:55 - [MESSAGE][PASSED] - Object 'Object Repository/Olusturma/Genel/Kutular/IrsaliyeBilgileri/Ekle' is clickable

2021-10-21 14:33:55 - [TEST_STEP][PASSED] - click(findTestObject("Olusturma/Genel/Kutular/IrsaliyeBilgileri/Ekle")): Object: 'Object Repository/Olusturma/Genel/Kutular/IrsaliyeBilgileri/Ekle' is clicked on

2021-10-21 14:33:55 - [MESSAGE][INFO] - Finding Test Object 'Object Repository/Olusturma/Genel/Kutular/IrsaliyeBilgileri/Ekle'

2021-10-21 14:33:55 - [MESSAGE][INFO] - Checking object

2021-10-21 14:33:55 - [MESSAGE][INFO] - Finding web element from Test Object's properties

2021-10-21 14:33:55 - [MESSAGE][INFO] - Checking timeout

2021-10-21 14:33:55 - [MESSAGE][INFO] - Finding web element with id: 'Object Repository/Olusturma/Genel/Kutular/IrsaliyeBilgileri/Ekle' located by 'By.xpath: //*[@id = 'DXEditorgvUserInvoiceBillsNewRowBtn']' in '30' second(s)

2021-10-21 14:33:55 - [MESSAGE][INFO] - Smart Wait Function is triggered

2021-10-21 14:33:56 - [MESSAGE][INFO] - Found 1 web elements with id: 'Object Repository/Olusturma/Genel/Kutular/IrsaliyeBilgileri/Ekle' located by 'By.xpath: //*[@id = 'DXEditorgvUserInvoiceBillsNewRowBtn']' in '30' second(s)

2021-10-21 14:33:56 - [MESSAGE][INFO] - Clicking on object: 'Object Repository/Olusturma/Genel/Kutular/IrsaliyeBilgileri/Ekle'

2021-10-21 14:33:56 - [MESSAGE][PASSED] - Object: 'Object Repository/Olusturma/Genel/Kutular/IrsaliyeBilgileri/Ekle' is clicked on

2021-10-21 14:33:56 - [TEST_STEP][PASSED] - waitForElementPresent(findTestObject("Object Repository/Olusturma/Genel/Kutular/IrsaliyeBilgileri/IrsaliyeNumarasi"), 10): Object 'Object Repository/Olusturma/Genel/Kutular/IrsaliyeBilgileri/IrsaliyeNumarasi' is present

2021-10-21 14:33:56 - [MESSAGE][INFO] - Finding Test Object 'Object Repository/Olusturma/Genel/Kutular/IrsaliyeBilgileri/IrsaliyeNumarasi'

2021-10-21 14:33:56 - [MESSAGE][INFO] - Checking object

2021-10-21 14:33:56 - [MESSAGE][INFO] - Finding web element from Test Object's properties

2021-10-21 14:33:56 - [MESSAGE][INFO] - Checking timeout

2021-10-21 14:33:56 - [MESSAGE][INFO] - Finding web element with id: 'Object Repository/Olusturma/Genel/Kutular/IrsaliyeBilgileri/IrsaliyeNumarasi' located by 'By.xpath: //*[@id = 'gvUserInvoiceBills_DXEditor1_I']' in '10' second(s)

2021-10-21 14:33:56 - [MESSAGE][INFO] - Smart Wait Function is triggered

2021-10-21 14:33:57 - [MESSAGE][INFO] - Found 1 web elements with id: 'Object Repository/Olusturma/Genel/Kutular/IrsaliyeBilgileri/IrsaliyeNumarasi' located by 'By.xpath: //*[@id = 'gvUserInvoiceBills_DXEditor1_I']' in '10' second(s)

2021-10-21 14:33:57 - [MESSAGE][PASSED] - Object 'Object Repository/Olusturma/Genel/Kutular/IrsaliyeBilgileri/IrsaliyeNumarasi' is present

2021-10-21 14:33:57 - [TEST_STEP][PASSED] - clearText(findTestObject("Object Repository/Olusturma/Genel/Kutular/IrsaliyeBilgileri/IrsaliyeNumarasi")): Text of object 'Object Repository/Olusturma/Genel/Kutular/IrsaliyeBilgileri/IrsaliyeNumarasi' is cleared

2021-10-21 14:33:57 - [MESSAGE][INFO] - Finding Test Object 'Object Repository/Olusturma/Genel/Kutular/IrsaliyeBilgileri/IrsaliyeNumarasi'

2021-10-21 14:33:57 - [MESSAGE][INFO] - Checking object

2021-10-21 14:33:57 - [MESSAGE][INFO] - Finding web element from Test Object's properties

2021-10-21 14:33:57 - [MESSAGE][INFO] - Checking timeout

2021-10-21 14:33:57 - [MESSAGE][INFO] - Finding web element with id: 'Object Repository/Olusturma/Genel/Kutular/IrsaliyeBilgileri/IrsaliyeNumarasi' located by 'By.xpath: //*[@id = 'gvUserInvoiceBills_DXEditor1_I']' in '30' second(s)

2021-10-21 14:33:57 - [MESSAGE][INFO] - Smart Wait Function is triggered

2021-10-21 14:33:57 - [MESSAGE][INFO] - Found 1 web elements with id: 'Object Repository/Olusturma/Genel/Kutular/IrsaliyeBilgileri/IrsaliyeNumarasi' located by 'By.xpath: //*[@id = 'gvUserInvoiceBills_DXEditor1_I']' in '30' second(s)

2021-10-21 14:33:57 - [MESSAGE][INFO] - Clearing text of object 'Object Repository/Olusturma/Genel/Kutular/IrsaliyeBilgileri/IrsaliyeNumarasi'

2021-10-21 14:33:57 - [MESSAGE][PASSED] - Text of object 'Object Repository/Olusturma/Genel/Kutular/IrsaliyeBilgileri/IrsaliyeNumarasi' is cleared

2021-10-21 14:33:57 - [TEST_STEP][PASSED] - sendKeys(findTestObject("Object Repository/Olusturma/Genel/Kutular/IrsaliyeBilgileri/IrsaliyeNumarasi"), Numara): Keys 'AAAAAAAAAA' sent to object: 'Object Repository/Olusturma/Genel/Kutular/IrsaliyeBilgileri/IrsaliyeNumarasi'

2021-10-21 14:33:57 - [MESSAGE][INFO] - Finding Test Object 'Object Repository/Olusturma/Genel/Kutular/IrsaliyeBilgileri/IrsaliyeNumarasi'

2021-10-21 14:33:58 - [MESSAGE][INFO] - Sending keys 'AAAAAAAAAA' to object: 'Object Repository/Olusturma/Genel/Kutular/IrsaliyeBilgileri/IrsaliyeNumarasi'

2021-10-21 14:33:58 - [MESSAGE][INFO] - Finding web element from Test Object's properties

2021-10-21 14:33:58 - [MESSAGE][INFO] - Checking timeout

2021-10-21 14:33:58 - [MESSAGE][INFO] - Finding web element with id: 'Object Repository/Olusturma/Genel/Kutular/IrsaliyeBilgileri/IrsaliyeNumarasi' located by 'By.xpath: //*[@id = 'gvUserInvoiceBills_DXEditor1_I']' in '30' second(s)

2021-10-21 14:33:58 - [MESSAGE][INFO] - Smart Wait Function is triggered

2021-10-21 14:33:58 - [MESSAGE][INFO] - Found 1 web elements with id: 'Object Repository/Olusturma/Genel/Kutular/IrsaliyeBilgileri/IrsaliyeNumarasi' located by 'By.xpath: //*[@id = 'gvUserInvoiceBills_DXEditor1_I']' in '30' second(s)

2021-10-21 14:33:58 - [MESSAGE][PASSED] - Keys 'AAAAAAAAAA' sent to object: 'Object Repository/Olusturma/Genel/Kutular/IrsaliyeBilgileri/IrsaliyeNumarasi'

2021-10-21 14:33:58 - [TEST_STEP][PASSED] - waitForElementClickable(findTestObject("Object Repository/Olusturma/Genel/Kutular/IrsaliyeBilgileri/IrsaliyeTarihi"), 10): Object 'Object Repository/Olusturma/Genel/Kutular/IrsaliyeBilgileri/IrsaliyeTarihi' is clickable

2021-10-21 14:33:58 - [MESSAGE][INFO] - Finding Test Object 'Object Repository/Olusturma/Genel/Kutular/IrsaliyeBilgileri/IrsaliyeTarihi'

2021-10-21 14:33:58 - [MESSAGE][INFO] - Checking object

2021-10-21 14:33:58 - [MESSAGE][INFO] - Checking timeout

2021-10-21 14:33:58 - [MESSAGE][INFO] - Finding web element from Test Object's properties

2021-10-21 14:33:58 - [MESSAGE][INFO] - Checking timeout

2021-10-21 14:33:58 - [MESSAGE][INFO] - Finding web element with id: 'Object Repository/Olusturma/Genel/Kutular/IrsaliyeBilgileri/IrsaliyeTarihi' located by 'By.xpath: //*[@id = 'gvUserInvoiceBills_DXEditor2_I']' in '10' second(s)

2021-10-21 14:33:58 - [MESSAGE][INFO] - Smart Wait Function is triggered

2021-10-21 14:33:58 - [MESSAGE][INFO] - Found 1 web elements with id: 'Object Repository/Olusturma/Genel/Kutular/IrsaliyeBilgileri/IrsaliyeTarihi' located by 'By.xpath: //*[@id = 'gvUserInvoiceBills_DXEditor2_I']' in '10' second(s)

2021-10-21 14:33:58 - [MESSAGE][PASSED] - Object 'Object Repository/Olusturma/Genel/Kutular/IrsaliyeBilgileri/IrsaliyeTarihi' is clickable

2021-10-21 14:33:58 - [TEST_STEP][PASSED] - click(findTestObject("Object Repository/Olusturma/Genel/Kutular/IrsaliyeBilgileri/IrsaliyeTarihi")): Object: 'Object Repository/Olusturma/Genel/Kutular/IrsaliyeBilgileri/IrsaliyeTarihi' is clicked on

2021-10-21 14:33:58 - [MESSAGE][INFO] - Finding Test Object 'Object Repository/Olusturma/Genel/Kutular/IrsaliyeBilgileri/IrsaliyeTarihi'

2021-10-21 14:33:58 - [MESSAGE][INFO] - Checking object

2021-10-21 14:33:58 - [MESSAGE][INFO] - Finding web element from Test Object's properties

2021-10-21 14:33:58 - [MESSAGE][INFO] - Checking timeout

2021-10-21 14:33:58 - [MESSAGE][INFO] - Finding web element with id: 'Object Repository/Olusturma/Genel/Kutular/IrsaliyeBilgileri/IrsaliyeTarihi' located by 'By.xpath: //*[@id = 'gvUserInvoiceBills_DXEditor2_I']' in '30' second(s)

2021-10-21 14:33:58 - [MESSAGE][INFO] - Smart Wait Function is triggered

2021-10-21 14:33:59 - [MESSAGE][INFO] - Found 1 web elements with id: 'Object Repository/Olusturma/Genel/Kutular/IrsaliyeBilgileri/IrsaliyeTarihi' located by 'By.xpath: //*[@id = 'gvUserInvoiceBills_DXEditor2_I']' in '30' second(s)

2021-10-21 14:33:59 - [MESSAGE][INFO] - Clicking on object: 'Object Repository/Olusturma/Genel/Kutular/IrsaliyeBilgileri/IrsaliyeTarihi'

2021-10-21 14:33:59 - [MESSAGE][PASSED] - Object: 'Object Repository/Olusturma/Genel/Kutular/IrsaliyeBilgileri/IrsaliyeTarihi' is clicked on

2021-10-21 14:33:59 - [TEST_STEP][PASSED] - sendKeys(findTestObject("Object Repository/Olusturma/Genel/Kutular/IrsaliyeBilgileri/IrsaliyeTarihi"), Tarih): Keys '31.04.2020' sent to object: 'Object Repository/Olusturma/Genel/Kutular/IrsaliyeBilgileri/IrsaliyeTarihi'

2021-10-21 14:33:59 - [MESSAGE][INFO] - Finding Test Object 'Object Repository/Olusturma/Genel/Kutular/IrsaliyeBilgileri/IrsaliyeTarihi'

2021-10-21 14:33:59 - [MESSAGE][INFO] - Sending keys '31.04.2020' to object: 'Object Repository/Olusturma/Genel/Kutular/IrsaliyeBilgileri/IrsaliyeTarihi'

2021-10-21 14:33:59 - [MESSAGE][INFO] - Finding web element from Test Object's properties

2021-10-21 14:33:59 - [MESSAGE][INFO] - Checking timeout

2021-10-21 14:33:59 - [MESSAGE][INFO] - Finding web element with id: 'Object Repository/Olusturma/Genel/Kutular/IrsaliyeBilgileri/IrsaliyeTarihi' located by 'By.xpath: //*[@id = 'gvUserInvoiceBills_DXEditor2_I']' in '30' second(s)

2021-10-21 14:33:59 - [MESSAGE][INFO] - Smart Wait Function is triggered

2021-10-21 14:33:59 - [MESSAGE][INFO] - Found 1 web elements with id: 'Object Repository/Olusturma/Genel/Kutular/IrsaliyeBilgileri/IrsaliyeTarihi' located by 'By.xpath: //*[@id = 'gvUserInvoiceBills_DXEditor2_I']' in '30' second(s)

2021-10-21 14:33:59 - [MESSAGE][PASSED] - Keys '31.04.2020' sent to object: 'Object Repository/Olusturma/Genel/Kutular/IrsaliyeBilgileri/IrsaliyeTarihi'

2021-10-21 14:33:59 - [MESSAGE][PASSED] - Call Test Case 'Test Cases/Olusturma/Genel/Kutular/IrsaliyeBilgileri' successfully

2021-10-21 14:33:59 - [MESSAGE][INFO] - Checking called Test Case

2021-10-21 14:33:59 - [MESSAGE][INFO] - Starting to call Test Case 'Test Cases/Olusturma/Genel/EkleButonunaBasilir'

2021-10-21 14:33:59 - [TEST_CASE][PASSED] - Test Cases/Olusturma/Genel/EkleButonunaBasilir: Test Cases/Olusturma/Genel/EkleButonunaBasilir

2021-10-21 14:33:59 - [TEST_STEP][PASSED] - waitForElementClickable(findTestObject("Object Repository/Olusturma/Genel/Olusturma/Ekle"), 10): Object 'Object Repository/Olusturma/Genel/Olusturma/Ekle' is clickable

2021-10-21 14:33:59 - [MESSAGE][INFO] - Finding Test Object 'Object Repository/Olusturma/Genel/Olusturma/Ekle'

2021-10-21 14:33:59 - [MESSAGE][INFO] - Checking object

2021-10-21 14:33:59 - [MESSAGE][INFO] - Checking timeout

2021-10-21 14:33:59 - [MESSAGE][INFO] - Finding web element from Test Object's properties

2021-10-21 14:33:59 - [MESSAGE][INFO] - Checking timeout

2021-10-21 14:33:59 - [MESSAGE][INFO] - Finding web element with id: 'Object Repository/Olusturma/Genel/Olusturma/Ekle' located by 'By.cssSelector: #divmalhizmet i.fa.fa-plus.fa-lg.text-muted' in '10' second(s)

2021-10-21 14:33:59 - [MESSAGE][INFO] - Smart Wait Function is triggered

2021-10-21 14:34:00 - [MESSAGE][INFO] - Found 1 web elements with id: 'Object Repository/Olusturma/Genel/Olusturma/Ekle' located by 'By.cssSelector: #divmalhizmet i.fa.fa-plus.fa-lg.text-muted' in '10' second(s)

2021-10-21 14:34:00 - [MESSAGE][PASSED] - Object 'Object Repository/Olusturma/Genel/Olusturma/Ekle' is clickable

2021-10-21 14:34:00 - [TEST_STEP][PASSED] - click(findTestObject("Object Repository/Olusturma/Genel/Olusturma/Ekle")): Object: 'Object Repository/Olusturma/Genel/Olusturma/Ekle' is clicked on

2021-10-21 14:34:00 - [MESSAGE][INFO] - Finding Test Object 'Object Repository/Olusturma/Genel/Olusturma/Ekle'

2021-10-21 14:34:00 - [MESSAGE][INFO] - Checking object

2021-10-21 14:34:00 - [MESSAGE][INFO] - Finding web element from Test Object's properties

2021-10-21 14:34:00 - [MESSAGE][INFO] - Checking timeout

2021-10-21 14:34:00 - [MESSAGE][INFO] - Finding web element with id: 'Object Repository/Olusturma/Genel/Olusturma/Ekle' located by 'By.cssSelector: #divmalhizmet i.fa.fa-plus.fa-lg.text-muted' in '30' second(s)

2021-10-21 14:34:00 - [MESSAGE][INFO] - Smart Wait Function is triggered

2021-10-21 14:34:00 - [MESSAGE][INFO] - Found 1 web elements with id: 'Object Repository/Olusturma/Genel/Olusturma/Ekle' located by 'By.cssSelector: #divmalhizmet i.fa.fa-plus.fa-lg.text-muted' in '30' second(s)

2021-10-21 14:34:00 - [MESSAGE][INFO] - Clicking on object: 'Object Repository/Olusturma/Genel/Olusturma/Ekle'

2021-10-21 14:34:00 - [MESSAGE][PASSED] - Object: 'Object Repository/Olusturma/Genel/Olusturma/Ekle' is clicked on

2021-10-21 14:34:00 - [TEST_STEP][PASSED] - waitForElementClickable(findTestObject("Olusturma/Genel/Olusturma/EklenenSatirCarpiImage"), 10): Object 'Object Repository/Olusturma/Genel/Olusturma/EklenenSatirCarpiImage' is clickable

2021-10-21 14:34:00 - [MESSAGE][INFO] - Finding Test Object 'Object Repository/Olusturma/Genel/Olusturma/EklenenSatirCarpiImage'

2021-10-21 14:34:00 - [MESSAGE][INFO] - Checking object

2021-10-21 14:34:00 - [MESSAGE][INFO] - Checking timeout

2021-10-21 14:34:00 - [MESSAGE][INFO] - Finding web element from Test Object's properties

2021-10-21 14:34:00 - [MESSAGE][INFO] - Checking timeout

2021-10-21 14:34:00 - [MESSAGE][INFO] - Finding web element with id: 'Object Repository/Olusturma/Genel/Olusturma/EklenenSatirCarpiImage' located by 'By.cssSelector: .fa.fa-times.fa-lg.text-primary' in '10' second(s)

2021-10-21 14:34:00 - [MESSAGE][INFO] - Smart Wait Function is triggered

2021-10-21 14:34:01 - [MESSAGE][INFO] - Found 1 web elements with id: 'Object Repository/Olusturma/Genel/Olusturma/EklenenSatirCarpiImage' located by 'By.cssSelector: .fa.fa-times.fa-lg.text-primary' in '10' second(s)

2021-10-21 14:34:01 - [MESSAGE][PASSED] - Object 'Object Repository/Olusturma/Genel/Olusturma/EklenenSatirCarpiImage' is clickable

2021-10-21 14:34:01 - [MESSAGE][PASSED] - Call Test Case 'Test Cases/Olusturma/Genel/EkleButonunaBasilir' successfully

2021-10-21 14:34:01 - [MESSAGE][INFO] - Checking called Test Case

2021-10-21 14:34:01 - [MESSAGE][INFO] - Starting to call Test Case 'Test Cases/Olusturma/Genel/Olusturma'

2021-10-21 14:34:01 - [TEST_CASE][PASSED] - Test Cases/Olusturma/Genel/Olusturma: Test Cases/Olusturma/Genel/Olusturma

2021-10-21 14:34:01 - [TEST_STEP][PASSED] - driver = getWebDriver(): null

2021-10-21 14:34:01 - [TEST_STEP][PASSED] - action = new org.openqa.selenium.interactions.Actions(driver): null

2021-10-21 14:34:01 - [TEST_STEP][PASSED] - baslikElement = <not implemented yet for class: org.codehaus.groovy.ast.expr.EmptyExpression>: null

2021-10-21 14:34:01 - [TEST_STEP][PASSED] - sonElement = <not implemented yet for class: org.codehaus.groovy.ast.expr.EmptyExpression>: null

2021-10-21 14:34:01 - [TEST_STEP][PASSED] - attr = <not implemented yet for class: org.codehaus.groovy.ast.expr.EmptyExpression>: null

2021-10-21 14:34:01 - [TEST_STEP][PASSED] - a = 0: null

2021-10-21 14:34:01 - [TEST_STEP][PASSED] - elements = findWebElements(findTestObject("Object Repository/Olusturma/Genel/Olusturma/TabloBasliklari"), 10): Found 14 web elements with id: 'Object Repository/Olusturma/Genel/Olusturma/TabloBasliklari' located by 'By.cssSelector: div#divmalhizmet .dxgvTable_LECustomTheme td.dxgvHeader_LECustomTheme tr>td:nth-child(1)' in '10' second(s)

2021-10-21 14:34:01 - [MESSAGE][INFO] - Finding Test Object 'Object Repository/Olusturma/Genel/Olusturma/TabloBasliklari'

2021-10-21 14:34:01 - [MESSAGE][INFO] - Checking timeout

2021-10-21 14:34:01 - [MESSAGE][INFO] - Finding web element with id: 'Object Repository/Olusturma/Genel/Olusturma/TabloBasliklari' located by 'By.cssSelector: div#divmalhizmet .dxgvTable_LECustomTheme td.dxgvHeader_LECustomTheme tr>td:nth-child(1)' in '10' second(s)

2021-10-21 14:34:01 - [MESSAGE][INFO] - Smart Wait Function is triggered

2021-10-21 14:34:02 - [MESSAGE][INFO] - Found 14 web elements with id: 'Object Repository/Olusturma/Genel/Olusturma/TabloBasliklari' located by 'By.cssSelector: div#divmalhizmet .dxgvTable_LECustomTheme td.dxgvHeader_LECustomTheme tr>td:nth-child(1)' in '10' second(s)

2021-10-21 14:34:02 - [TEST_STEP][PASSED] - for (def element : elements): null

2021-10-21 14:34:02 - [TEST_STEP][PASSED] - build().perform(): null

2021-10-21 14:34:02 - [TEST_STEP][PASSED] - if (getText().equals(Baslik)): null

2021-10-21 14:34:02 - [TEST_STEP][PASSED] - baslikElement = element.findElement(By.xpath("../../../..")): Smart Wait Function is triggered

2021-10-21 14:34:02 - [MESSAGE][INFO] - Smart Wait Function is triggered

2021-10-21 14:34:03 - [TEST_STEP][PASSED] - attr = baslikElement.getAttribute("id"): null

2021-10-21 14:34:03 - [TEST_STEP][PASSED] - println("girdi ve idsini aldı = " + attr): null

2021-10-21 14:34:03 - [TEST_STEP][PASSED] - break: null

2021-10-21 14:34:03 - [TEST_STEP][PASSED] - countElement = baslikElement.findElements(By.xpath("../td")): Smart Wait Function is triggered

2021-10-21 14:34:03 - [MESSAGE][INFO] - Smart Wait Function is triggered

2021-10-21 14:34:03 - [TEST_STEP][PASSED] - for (def element : countElement): null

2021-10-21 14:34:03 - [TEST_STEP][PASSED] - if (toString().equals(attr.toString())): null

2021-10-21 14:34:03 - [TEST_STEP][PASSED] - (a++): null

2021-10-21 14:34:03 - [TEST_STEP][PASSED] - if (toString().equals(attr.toString())): null

2021-10-21 14:34:03 - [TEST_STEP][PASSED] - break: null

2021-10-21 14:34:03 - [TEST_STEP][PASSED] - son = findWebElement(findTestObject("Object Repository/Olusturma/Genel/Olusturma/EklenenSatir")).findElement(By.xpath("td[@class='dxgvInlineEditCell_LECustomTheme dxgv'][" + a + "]//td[@class='dxic']/input")): Smart Wait Function is triggered

2021-10-21 14:34:03 - [MESSAGE][INFO] - Finding Test Object 'Object Repository/Olusturma/Genel/Olusturma/EklenenSatir'

2021-10-21 14:34:03 - [MESSAGE][INFO] - Finding web element from Test Object's properties

2021-10-21 14:34:03 - [MESSAGE][INFO] - Checking timeout

2021-10-21 14:34:03 - [MESSAGE][INFO] - Finding web element with id: 'Object Repository/Olusturma/Genel/Olusturma/EklenenSatir' located by 'By.cssSelector: #divmalhizmet .dxgvInlineEditRow_LECustomTheme' in '30' second(s)

2021-10-21 14:34:03 - [MESSAGE][INFO] - Smart Wait Function is triggered

2021-10-21 14:34:03 - [MESSAGE][INFO] - Found 1 web elements with id: 'Object Repository/Olusturma/Genel/Olusturma/EklenenSatir' located by 'By.cssSelector: #divmalhizmet .dxgvInlineEditRow_LECustomTheme' in '30' second(s)

2021-10-21 14:34:03 - [MESSAGE][INFO] - Smart Wait Function is triggered

2021-10-21 14:34:04 - [TEST_STEP][PASSED] - if (!(getAttribute("value").contains("Vkn"))): null

2021-10-21 14:34:04 - [TEST_STEP][PASSED] - son.clear(): null

2021-10-21 14:34:04 - [TEST_STEP][PASSED] - son.sendKeys(Deger): null

2021-10-21 14:34:04 - [MESSAGE][PASSED] - Call Test Case 'Test Cases/Olusturma/Genel/Olusturma' successfully

2021-10-21 14:34:04 - [MESSAGE][INFO] - Checking called Test Case

2021-10-21 14:34:04 - [MESSAGE][INFO] - Starting to call Test Case 'Test Cases/Olusturma/Genel/Olusturma'

2021-10-21 14:34:04 - [TEST_CASE][PASSED] - Test Cases/Olusturma/Genel/Olusturma: Test Cases/Olusturma/Genel/Olusturma

2021-10-21 14:34:04 - [TEST_STEP][PASSED] - driver = getWebDriver(): null

2021-10-21 14:34:04 - [TEST_STEP][PASSED] - action = new org.openqa.selenium.interactions.Actions(driver): null

2021-10-21 14:34:04 - [TEST_STEP][PASSED] - baslikElement = <not implemented yet for class: org.codehaus.groovy.ast.expr.EmptyExpression>: null

2021-10-21 14:34:04 - [TEST_STEP][PASSED] - sonElement = <not implemented yet for class: org.codehaus.groovy.ast.expr.EmptyExpression>: null

2021-10-21 14:34:04 - [TEST_STEP][PASSED] - attr = <not implemented yet for class: org.codehaus.groovy.ast.expr.EmptyExpression>: null

2021-10-21 14:34:04 - [TEST_STEP][PASSED] - a = 0: null

2021-10-21 14:34:04 - [TEST_STEP][PASSED] - elements = findWebElements(findTestObject("Object Repository/Olusturma/Genel/Olusturma/TabloBasliklari"), 10): Found 14 web elements with id: 'Object Repository/Olusturma/Genel/Olusturma/TabloBasliklari' located by 'By.cssSelector: div#divmalhizmet .dxgvTable_LECustomTheme td.dxgvHeader_LECustomTheme tr>td:nth-child(1)' in '10' second(s)

2021-10-21 14:34:04 - [MESSAGE][INFO] - Finding Test Object 'Object Repository/Olusturma/Genel/Olusturma/TabloBasliklari'

2021-10-21 14:34:05 - [MESSAGE][INFO] - Checking timeout

2021-10-21 14:34:05 - [MESSAGE][INFO] - Finding web element with id: 'Object Repository/Olusturma/Genel/Olusturma/TabloBasliklari' located by 'By.cssSelector: div#divmalhizmet .dxgvTable_LECustomTheme td.dxgvHeader_LECustomTheme tr>td:nth-child(1)' in '10' second(s)

2021-10-21 14:34:05 - [MESSAGE][INFO] - Smart Wait Function is triggered

2021-10-21 14:34:05 - [MESSAGE][INFO] - Found 14 web elements with id: 'Object Repository/Olusturma/Genel/Olusturma/TabloBasliklari' located by 'By.cssSelector: div#divmalhizmet .dxgvTable_LECustomTheme td.dxgvHeader_LECustomTheme tr>td:nth-child(1)' in '10' second(s)

2021-10-21 14:34:05 - [TEST_STEP][PASSED] - for (def element : elements): null

2021-10-21 14:34:05 - [TEST_STEP][PASSED] - build().perform(): null

2021-10-21 14:34:05 - [TEST_STEP][PASSED] - if (getText().equals(Baslik)): null

2021-10-21 14:34:05 - [TEST_STEP][PASSED] - build().perform(): null

2021-10-21 14:34:05 - [TEST_STEP][PASSED] - if (getText().equals(Baslik)): null

2021-10-21 14:34:05 - [TEST_STEP][PASSED] - baslikElement = element.findElement(By.xpath("../../../..")): Smart Wait Function is triggered

2021-10-21 14:34:05 - [MESSAGE][INFO] - Smart Wait Function is triggered

2021-10-21 14:34:06 - [TEST_STEP][PASSED] - attr = baslikElement.getAttribute("id"): null

2021-10-21 14:34:06 - [TEST_STEP][PASSED] - println("girdi ve idsini aldı = " + attr): null

2021-10-21 14:34:06 - [TEST_STEP][PASSED] - break: null

2021-10-21 14:34:06 - [TEST_STEP][PASSED] - countElement = baslikElement.findElements(By.xpath("../td")): Smart Wait Function is triggered

2021-10-21 14:34:06 - [MESSAGE][INFO] - Smart Wait Function is triggered

2021-10-21 14:34:06 - [TEST_STEP][PASSED] - for (def element : countElement): null

2021-10-21 14:34:06 - [TEST_STEP][PASSED] - if (toString().equals(attr.toString())): null

2021-10-21 14:34:06 - [TEST_STEP][PASSED] - (a++): null

2021-10-21 14:34:06 - [TEST_STEP][PASSED] - if (toString().equals(attr.toString())): null

2021-10-21 14:34:06 - [TEST_STEP][PASSED] - (a++): null

2021-10-21 14:34:06 - [TEST_STEP][PASSED] - if (toString().equals(attr.toString())): null

2021-10-21 14:34:06 - [TEST_STEP][PASSED] - break: null

2021-10-21 14:34:06 - [TEST_STEP][PASSED] - son = findWebElement(findTestObject("Object Repository/Olusturma/Genel/Olusturma/EklenenSatir")).findElement(By.xpath("td[@class='dxgvInlineEditCell_LECustomTheme dxgv'][" + a + "]//td[@class='dxic']/input")): Smart Wait Function is triggered

2021-10-21 14:34:06 - [MESSAGE][INFO] - Finding Test Object 'Object Repository/Olusturma/Genel/Olusturma/EklenenSatir'

2021-10-21 14:34:06 - [MESSAGE][INFO] - Finding web element from Test Object's properties

2021-10-21 14:34:06 - [MESSAGE][INFO] - Checking timeout

2021-10-21 14:34:06 - [MESSAGE][INFO] - Finding web element with id: 'Object Repository/Olusturma/Genel/Olusturma/EklenenSatir' located by 'By.cssSelector: #divmalhizmet .dxgvInlineEditRow_LECustomTheme' in '30' second(s)

2021-10-21 14:34:06 - [MESSAGE][INFO] - Smart Wait Function is triggered

2021-10-21 14:34:06 - [MESSAGE][INFO] - Found 1 web elements with id: 'Object Repository/Olusturma/Genel/Olusturma/EklenenSatir' located by 'By.cssSelector: #divmalhizmet .dxgvInlineEditRow_LECustomTheme' in '30' second(s)

2021-10-21 14:34:06 - [MESSAGE][INFO] - Smart Wait Function is triggered

2021-10-21 14:34:07 - [TEST_STEP][PASSED] - if (!(getAttribute("value").contains("Vkn"))): null

2021-10-21 14:34:07 - [TEST_STEP][PASSED] - son.clear(): null

2021-10-21 14:34:07 - [TEST_STEP][PASSED] - son.sendKeys(Deger): null

2021-10-21 14:34:07 - [MESSAGE][PASSED] - Call Test Case 'Test Cases/Olusturma/Genel/Olusturma' successfully

2021-10-21 14:34:07 - [MESSAGE][INFO] - Checking called Test Case

2021-10-21 14:34:07 - [MESSAGE][INFO] - Starting to call Test Case 'Test Cases/Olusturma/Genel/Olusturma'

2021-10-21 14:34:07 - [TEST_CASE][PASSED] - Test Cases/Olusturma/Genel/Olusturma: Test Cases/Olusturma/Genel/Olusturma

2021-10-21 14:34:07 - [TEST_STEP][PASSED] - driver = getWebDriver(): null

2021-10-21 14:34:07 - [TEST_STEP][PASSED] - action = new org.openqa.selenium.interactions.Actions(driver): null

2021-10-21 14:34:07 - [TEST_STEP][PASSED] - baslikElement = <not implemented yet for class: org.codehaus.groovy.ast.expr.EmptyExpression>: null

2021-10-21 14:34:07 - [TEST_STEP][PASSED] - sonElement = <not implemented yet for class: org.codehaus.groovy.ast.expr.EmptyExpression>: null

2021-10-21 14:34:07 - [TEST_STEP][PASSED] - attr = <not implemented yet for class: org.codehaus.groovy.ast.expr.EmptyExpression>: null

2021-10-21 14:34:07 - [TEST_STEP][PASSED] - a = 0: null

2021-10-21 14:34:07 - [TEST_STEP][PASSED] - elements = findWebElements(findTestObject("Object Repository/Olusturma/Genel/Olusturma/TabloBasliklari"), 10): Found 14 web elements with id: 'Object Repository/Olusturma/Genel/Olusturma/TabloBasliklari' located by 'By.cssSelector: div#divmalhizmet .dxgvTable_LECustomTheme td.dxgvHeader_LECustomTheme tr>td:nth-child(1)' in '10' second(s)

2021-10-21 14:34:07 - [MESSAGE][INFO] - Finding Test Object 'Object Repository/Olusturma/Genel/Olusturma/TabloBasliklari'

2021-10-21 14:34:08 - [MESSAGE][INFO] - Checking timeout

2021-10-21 14:34:08 - [MESSAGE][INFO] - Finding web element with id: 'Object Repository/Olusturma/Genel/Olusturma/TabloBasliklari' located by 'By.cssSelector: div#divmalhizmet .dxgvTable_LECustomTheme td.dxgvHeader_LECustomTheme tr>td:nth-child(1)' in '10' second(s)

2021-10-21 14:34:08 - [MESSAGE][INFO] - Smart Wait Function is triggered

2021-10-21 14:34:08 - [MESSAGE][INFO] - Found 14 web elements with id: 'Object Repository/Olusturma/Genel/Olusturma/TabloBasliklari' located by 'By.cssSelector: div#divmalhizmet .dxgvTable_LECustomTheme td.dxgvHeader_LECustomTheme tr>td:nth-child(1)' in '10' second(s)

2021-10-21 14:34:08 - [TEST_STEP][PASSED] - for (def element : elements): null

2021-10-21 14:34:08 - [TEST_STEP][PASSED] - build().perform(): null

2021-10-21 14:34:08 - [TEST_STEP][PASSED] - if (getText().equals(Baslik)): null

2021-10-21 14:34:08 - [TEST_STEP][PASSED] - build().perform(): null

2021-10-21 14:34:08 - [TEST_STEP][PASSED] - if (getText().equals(Baslik)): null

2021-10-21 14:34:08 - [TEST_STEP][PASSED] - build().perform(): null

2021-10-21 14:34:08 - [TEST_STEP][PASSED] - if (getText().equals(Baslik)): null

2021-10-21 14:34:08 - [TEST_STEP][PASSED] - build().perform(): null

2021-10-21 14:34:08 - [TEST_STEP][PASSED] - if (getText().equals(Baslik)): null

2021-10-21 14:34:08 - [TEST_STEP][PASSED] - baslikElement = element.findElement(By.xpath("../../../..")): Smart Wait Function is triggered

2021-10-21 14:34:08 - [MESSAGE][INFO] - Smart Wait Function is triggered

2021-10-21 14:34:09 - [TEST_STEP][PASSED] - attr = baslikElement.getAttribute("id"): null

2021-10-21 14:34:09 - [TEST_STEP][PASSED] - println("girdi ve idsini aldı = " + attr): null

2021-10-21 14:34:09 - [TEST_STEP][PASSED] - break: null

2021-10-21 14:34:09 - [TEST_STEP][PASSED] - countElement = baslikElement.findElements(By.xpath("../td")): Smart Wait Function is triggered

2021-10-21 14:34:09 - [MESSAGE][INFO] - Smart Wait Function is triggered

2021-10-21 14:34:09 - [TEST_STEP][PASSED] - for (def element : countElement): null

2021-10-21 14:34:09 - [TEST_STEP][PASSED] - if (toString().equals(attr.toString())): null

2021-10-21 14:34:09 - [TEST_STEP][PASSED] - (a++): null

2021-10-21 14:34:09 - [TEST_STEP][PASSED] - if (toString().equals(attr.toString())): null

2021-10-21 14:34:09 - [TEST_STEP][PASSED] - (a++): null

2021-10-21 14:34:09 - [TEST_STEP][PASSED] - if (toString().equals(attr.toString())): null

2021-10-21 14:34:09 - [TEST_STEP][PASSED] - (a++): null

2021-10-21 14:34:09 - [TEST_STEP][PASSED] - if (toString().equals(attr.toString())): null

2021-10-21 14:34:09 - [TEST_STEP][PASSED] - (a++): null

2021-10-21 14:34:09 - [TEST_STEP][PASSED] - if (toString().equals(attr.toString())): null

2021-10-21 14:34:09 - [TEST_STEP][PASSED] - break: null

2021-10-21 14:34:09 - [TEST_STEP][PASSED] - son = findWebElement(findTestObject("Object Repository/Olusturma/Genel/Olusturma/EklenenSatir")).findElement(By.xpath("td[@class='dxgvInlineEditCell_LECustomTheme dxgv'][" + a + "]//td[@class='dxic']/input")): Smart Wait Function is triggered

2021-10-21 14:34:09 - [MESSAGE][INFO] - Finding Test Object 'Object Repository/Olusturma/Genel/Olusturma/EklenenSatir'

2021-10-21 14:34:09 - [MESSAGE][INFO] - Finding web element from Test Object's properties

2021-10-21 14:34:09 - [MESSAGE][INFO] - Checking timeout

2021-10-21 14:34:09 - [MESSAGE][INFO] - Finding web element with id: 'Object Repository/Olusturma/Genel/Olusturma/EklenenSatir' located by 'By.cssSelector: #divmalhizmet .dxgvInlineEditRow_LECustomTheme' in '30' second(s)

2021-10-21 14:34:09 - [MESSAGE][INFO] - Smart Wait Function is triggered

2021-10-21 14:34:10 - [MESSAGE][INFO] - Found 1 web elements with id: 'Object Repository/Olusturma/Genel/Olusturma/EklenenSatir' located by 'By.cssSelector: #divmalhizmet .dxgvInlineEditRow_LECustomTheme' in '30' second(s)

2021-10-21 14:34:10 - [MESSAGE][INFO] - Smart Wait Function is triggered

2021-10-21 14:34:10 - [TEST_STEP][PASSED] - if (!(getAttribute("value").contains("Vkn"))): null

2021-10-21 14:34:10 - [TEST_STEP][PASSED] - son.clear(): null

2021-10-21 14:34:10 - [TEST_STEP][PASSED] - son.sendKeys(Deger): null

2021-10-21 14:34:10 - [MESSAGE][PASSED] - Call Test Case 'Test Cases/Olusturma/Genel/Olusturma' successfully

2021-10-21 14:34:10 - [MESSAGE][INFO] - Checking called Test Case

2021-10-21 14:34:10 - [MESSAGE][INFO] - Starting to call Test Case 'Test Cases/Olusturma/Genel/Olusturma'

2021-10-21 14:34:10 - [TEST_CASE][PASSED] - Test Cases/Olusturma/Genel/Olusturma: Test Cases/Olusturma/Genel/Olusturma

2021-10-21 14:34:10 - [TEST_STEP][PASSED] - driver = getWebDriver(): null

2021-10-21 14:34:10 - [TEST_STEP][PASSED] - action = new org.openqa.selenium.interactions.Actions(driver): null

2021-10-21 14:34:10 - [TEST_STEP][PASSED] - baslikElement = <not implemented yet for class: org.codehaus.groovy.ast.expr.EmptyExpression>: null

2021-10-21 14:34:10 - [TEST_STEP][PASSED] - sonElement = <not implemented yet for class: org.codehaus.groovy.ast.expr.EmptyExpression>: null

2021-10-21 14:34:10 - [TEST_STEP][PASSED] - attr = <not implemented yet for class: org.codehaus.groovy.ast.expr.EmptyExpression>: null

2021-10-21 14:34:10 - [TEST_STEP][PASSED] - a = 0: null

2021-10-21 14:34:10 - [TEST_STEP][PASSED] - elements = findWebElements(findTestObject("Object Repository/Olusturma/Genel/Olusturma/TabloBasliklari"), 10): Found 14 web elements with id: 'Object Repository/Olusturma/Genel/Olusturma/TabloBasliklari' located by 'By.cssSelector: div#divmalhizmet .dxgvTable_LECustomTheme td.dxgvHeader_LECustomTheme tr>td:nth-child(1)' in '10' second(s)

2021-10-21 14:34:10 - [MESSAGE][INFO] - Finding Test Object 'Object Repository/Olusturma/Genel/Olusturma/TabloBasliklari'

2021-10-21 14:34:11 - [MESSAGE][INFO] - Checking timeout

2021-10-21 14:34:11 - [MESSAGE][INFO] - Finding web element with id: 'Object Repository/Olusturma/Genel/Olusturma/TabloBasliklari' located by 'By.cssSelector: div#divmalhizmet .dxgvTable_LECustomTheme td.dxgvHeader_LECustomTheme tr>td:nth-child(1)' in '10' second(s)

2021-10-21 14:34:11 - [MESSAGE][INFO] - Smart Wait Function is triggered

2021-10-21 14:34:11 - [MESSAGE][INFO] - Found 14 web elements with id: 'Object Repository/Olusturma/Genel/Olusturma/TabloBasliklari' located by 'By.cssSelector: div#divmalhizmet .dxgvTable_LECustomTheme td.dxgvHeader_LECustomTheme tr>td:nth-child(1)' in '10' second(s)

2021-10-21 14:34:11 - [TEST_STEP][PASSED] - for (def element : elements): null

2021-10-21 14:34:11 - [TEST_STEP][PASSED] - build().perform(): null

2021-10-21 14:34:11 - [TEST_STEP][PASSED] - if (getText().equals(Baslik)): null

2021-10-21 14:34:11 - [TEST_STEP][PASSED] - build().perform(): null

2021-10-21 14:34:11 - [TEST_STEP][PASSED] - if (getText().equals(Baslik)): null

2021-10-21 14:34:11 - [TEST_STEP][PASSED] - build().perform(): null

2021-10-21 14:34:11 - [TEST_STEP][PASSED] - if (getText().equals(Baslik)): null

2021-10-21 14:34:11 - [TEST_STEP][PASSED] - build().perform(): null

2021-10-21 14:34:11 - [TEST_STEP][PASSED] - if (getText().equals(Baslik)): null

2021-10-21 14:34:11 - [TEST_STEP][PASSED] - build().perform(): null

2021-10-21 14:34:11 - [TEST_STEP][PASSED] - if (getText().equals(Baslik)): null

2021-10-21 14:34:12 - [TEST_STEP][PASSED] - build().perform(): null

2021-10-21 14:34:12 - [TEST_STEP][PASSED] - if (getText().equals(Baslik)): null

2021-10-21 14:34:12 - [TEST_STEP][PASSED] - baslikElement = element.findElement(By.xpath("../../../..")): Smart Wait Function is triggered

2021-10-21 14:34:12 - [MESSAGE][INFO] - Smart Wait Function is triggered

2021-10-21 14:34:12 - [TEST_STEP][PASSED] - attr = baslikElement.getAttribute("id"): null

2021-10-21 14:34:12 - [TEST_STEP][PASSED] - println("girdi ve idsini aldı = " + attr): null

2021-10-21 14:34:12 - [TEST_STEP][PASSED] - break: null

2021-10-21 14:34:12 - [TEST_STEP][PASSED] - countElement = baslikElement.findElements(By.xpath("../td")): Smart Wait Function is triggered

2021-10-21 14:34:12 - [MESSAGE][INFO] - Smart Wait Function is triggered

2021-10-21 14:34:12 - [TEST_STEP][PASSED] - for (def element : countElement): null

2021-10-21 14:34:12 - [TEST_STEP][PASSED] - if (toString().equals(attr.toString())): null

2021-10-21 14:34:12 - [TEST_STEP][PASSED] - (a++): null

2021-10-21 14:34:12 - [TEST_STEP][PASSED] - if (toString().equals(attr.toString())): null

2021-10-21 14:34:12 - [TEST_STEP][PASSED] - (a++): null

2021-10-21 14:34:12 - [TEST_STEP][PASSED] - if (toString().equals(attr.toString())): null

2021-10-21 14:34:12 - [TEST_STEP][PASSED] - (a++): null

2021-10-21 14:34:12 - [TEST_STEP][PASSED] - if (toString().equals(attr.toString())): null

2021-10-21 14:34:12 - [TEST_STEP][PASSED] - (a++): null

2021-10-21 14:34:12 - [TEST_STEP][PASSED] - if (toString().equals(attr.toString())): null

2021-10-21 14:34:12 - [TEST_STEP][PASSED] - (a++): null

2021-10-21 14:34:12 - [TEST_STEP][PASSED] - if (toString().equals(attr.toString())): null

2021-10-21 14:34:12 - [TEST_STEP][PASSED] - (a++): null

2021-10-21 14:34:12 - [TEST_STEP][PASSED] - if (toString().equals(attr.toString())): null

2021-10-21 14:34:12 - [TEST_STEP][PASSED] - break: null

2021-10-21 14:34:12 - [TEST_STEP][PASSED] - son = findWebElement(findTestObject("Object Repository/Olusturma/Genel/Olusturma/EklenenSatir")).findElement(By.xpath("td[@class='dxgvInlineEditCell_LECustomTheme dxgv'][" + a + "]//td[@class='dxic']/input")): Smart Wait Function is triggered

2021-10-21 14:34:12 - [MESSAGE][INFO] - Finding Test Object 'Object Repository/Olusturma/Genel/Olusturma/EklenenSatir'

2021-10-21 14:34:13 - [MESSAGE][INFO] - Finding web element from Test Object's properties

2021-10-21 14:34:13 - [MESSAGE][INFO] - Checking timeout

2021-10-21 14:34:13 - [MESSAGE][INFO] - Finding web element with id: 'Object Repository/Olusturma/Genel/Olusturma/EklenenSatir' located by 'By.cssSelector: #divmalhizmet .dxgvInlineEditRow_LECustomTheme' in '30' second(s)

2021-10-21 14:34:13 - [MESSAGE][INFO] - Smart Wait Function is triggered

2021-10-21 14:34:13 - [MESSAGE][INFO] - Found 1 web elements with id: 'Object Repository/Olusturma/Genel/Olusturma/EklenenSatir' located by 'By.cssSelector: #divmalhizmet .dxgvInlineEditRow_LECustomTheme' in '30' second(s)

2021-10-21 14:34:13 - [MESSAGE][INFO] - Smart Wait Function is triggered

2021-10-21 14:34:13 - [TEST_STEP][PASSED] - if (!(getAttribute("value").contains("Vkn"))): null

2021-10-21 14:34:13 - [TEST_STEP][PASSED] - son.clear(): null

2021-10-21 14:34:13 - [TEST_STEP][PASSED] - son.sendKeys(Deger): null

2021-10-21 14:34:14 - [MESSAGE][PASSED] - Call Test Case 'Test Cases/Olusturma/Genel/Olusturma' successfully

2021-10-21 14:34:14 - [MESSAGE][INFO] - Checking called Test Case

2021-10-21 14:34:14 - [MESSAGE][INFO] - Starting to call Test Case 'Test Cases/Olusturma/Genel/Olusturma'

2021-10-21 14:34:14 - [TEST_CASE][PASSED] - Test Cases/Olusturma/Genel/Olusturma: Test Cases/Olusturma/Genel/Olusturma

2021-10-21 14:34:14 - [TEST_STEP][PASSED] - driver = getWebDriver(): null

2021-10-21 14:34:14 - [TEST_STEP][PASSED] - action = new org.openqa.selenium.interactions.Actions(driver): null

2021-10-21 14:34:14 - [TEST_STEP][PASSED] - baslikElement = <not implemented yet for class: org.codehaus.groovy.ast.expr.EmptyExpression>: null

2021-10-21 14:34:14 - [TEST_STEP][PASSED] - sonElement = <not implemented yet for class: org.codehaus.groovy.ast.expr.EmptyExpression>: null

2021-10-21 14:34:14 - [TEST_STEP][PASSED] - attr = <not implemented yet for class: org.codehaus.groovy.ast.expr.EmptyExpression>: null

2021-10-21 14:34:14 - [TEST_STEP][PASSED] - a = 0: null

2021-10-21 14:34:14 - [TEST_STEP][PASSED] - elements = findWebElements(findTestObject("Object Repository/Olusturma/Genel/Olusturma/TabloBasliklari"), 10): Found 14 web elements with id: 'Object Repository/Olusturma/Genel/Olusturma/TabloBasliklari' located by 'By.cssSelector: div#divmalhizmet .dxgvTable_LECustomTheme td.dxgvHeader_LECustomTheme tr>td:nth-child(1)' in '10' second(s)

2021-10-21 14:34:14 - [MESSAGE][INFO] - Finding Test Object 'Object Repository/Olusturma/Genel/Olusturma/TabloBasliklari'

2021-10-21 14:34:14 - [MESSAGE][INFO] - Checking timeout

2021-10-21 14:34:14 - [MESSAGE][INFO] - Finding web element with id: 'Object Repository/Olusturma/Genel/Olusturma/TabloBasliklari' located by 'By.cssSelector: div#divmalhizmet .dxgvTable_LECustomTheme td.dxgvHeader_LECustomTheme tr>td:nth-child(1)' in '10' second(s)

2021-10-21 14:34:14 - [MESSAGE][INFO] - Smart Wait Function is triggered

2021-10-21 14:34:14 - [MESSAGE][INFO] - Found 14 web elements with id: 'Object Repository/Olusturma/Genel/Olusturma/TabloBasliklari' located by 'By.cssSelector: div#divmalhizmet .dxgvTable_LECustomTheme td.dxgvHeader_LECustomTheme tr>td:nth-child(1)' in '10' second(s)

2021-10-21 14:34:14 - [TEST_STEP][PASSED] - for (def element : elements): null

2021-10-21 14:34:14 - [TEST_STEP][PASSED] - build().perform(): null

2021-10-21 14:34:14 - [TEST_STEP][PASSED] - if (getText().equals(Baslik)): null

2021-10-21 14:34:14 - [TEST_STEP][PASSED] - build().perform(): null

2021-10-21 14:34:14 - [TEST_STEP][PASSED] - if (getText().equals(Baslik)): null

2021-10-21 14:34:14 - [TEST_STEP][PASSED] - build().perform(): null

2021-10-21 14:34:14 - [TEST_STEP][PASSED] - if (getText().equals(Baslik)): null

2021-10-21 14:34:14 - [TEST_STEP][PASSED] - build().perform(): null

2021-10-21 14:34:15 - [TEST_STEP][PASSED] - if (getText().equals(Baslik)): null

2021-10-21 14:34:15 - [TEST_STEP][PASSED] - build().perform(): null

2021-10-21 14:34:15 - [TEST_STEP][PASSED] - if (getText().equals(Baslik)): null

2021-10-21 14:34:15 - [TEST_STEP][PASSED] - build().perform(): null

2021-10-21 14:34:15 - [TEST_STEP][PASSED] - if (getText().equals(Baslik)): null

2021-10-21 14:34:15 - [TEST_STEP][PASSED] - build().perform(): null

2021-10-21 14:34:15 - [TEST_STEP][PASSED] - if (getText().equals(Baslik)): null

2021-10-21 14:34:15 - [TEST_STEP][PASSED] - baslikElement = element.findElement(By.xpath("../../../..")): Smart Wait Function is triggered

2021-10-21 14:34:15 - [MESSAGE][INFO] - Smart Wait Function is triggered

2021-10-21 14:34:15 - [TEST_STEP][PASSED] - attr = baslikElement.getAttribute("id"): null

2021-10-21 14:34:15 - [TEST_STEP][PASSED] - println("girdi ve idsini aldı = " + attr): null

2021-10-21 14:34:15 - [TEST_STEP][PASSED] - break: null

2021-10-21 14:34:15 - [TEST_STEP][PASSED] - countElement = baslikElement.findElements(By.xpath("../td")): Smart Wait Function is triggered

2021-10-21 14:34:15 - [MESSAGE][INFO] - Smart Wait Function is triggered

2021-10-21 14:34:16 - [TEST_STEP][PASSED] - for (def element : countElement): null

2021-10-21 14:34:16 - [TEST_STEP][PASSED] - if (toString().equals(attr.toString())): null

2021-10-21 14:34:16 - [TEST_STEP][PASSED] - (a++): null

2021-10-21 14:34:16 - [TEST_STEP][PASSED] - if (toString().equals(attr.toString())): null

2021-10-21 14:34:16 - [TEST_STEP][PASSED] - (a++): null

2021-10-21 14:34:16 - [TEST_STEP][PASSED] - if (toString().equals(attr.toString())): null

2021-10-21 14:34:16 - [TEST_STEP][PASSED] - (a++): null

2021-10-21 14:34:16 - [TEST_STEP][PASSED] - if (toString().equals(attr.toString())): null

2021-10-21 14:34:16 - [TEST_STEP][PASSED] - (a++): null

2021-10-21 14:34:16 - [TEST_STEP][PASSED] - if (toString().equals(attr.toString())): null

2021-10-21 14:34:16 - [TEST_STEP][PASSED] - (a++): null

2021-10-21 14:34:16 - [TEST_STEP][PASSED] - if (toString().equals(attr.toString())): null

2021-10-21 14:34:16 - [TEST_STEP][PASSED] - (a++): null

2021-10-21 14:34:16 - [TEST_STEP][PASSED] - if (toString().equals(attr.toString())): null

2021-10-21 14:34:16 - [TEST_STEP][PASSED] - (a++): null

2021-10-21 14:34:16 - [TEST_STEP][PASSED] - if (toString().equals(attr.toString())): null

2021-10-21 14:34:16 - [TEST_STEP][PASSED] - break: null

2021-10-21 14:34:16 - [TEST_STEP][PASSED] - son = findWebElement(findTestObject("Object Repository/Olusturma/Genel/Olusturma/EklenenSatir")).findElement(By.xpath("td[@class='dxgvInlineEditCell_LECustomTheme dxgv'][" + a + "]//td[@class='dxic']/input")): Smart Wait Function is triggered

2021-10-21 14:34:16 - [MESSAGE][INFO] - Finding Test Object 'Object Repository/Olusturma/Genel/Olusturma/EklenenSatir'

2021-10-21 14:34:16 - [MESSAGE][INFO] - Finding web element from Test Object's properties

2021-10-21 14:34:16 - [MESSAGE][INFO] - Checking timeout

2021-10-21 14:34:16 - [MESSAGE][INFO] - Finding web element with id: 'Object Repository/Olusturma/Genel/Olusturma/EklenenSatir' located by 'By.cssSelector: #divmalhizmet .dxgvInlineEditRow_LECustomTheme' in '30' second(s)

2021-10-21 14:34:16 - [MESSAGE][INFO] - Smart Wait Function is triggered

2021-10-21 14:34:16 - [MESSAGE][INFO] - Found 1 web elements with id: 'Object Repository/Olusturma/Genel/Olusturma/EklenenSatir' located by 'By.cssSelector: #divmalhizmet .dxgvInlineEditRow_LECustomTheme' in '30' second(s)

2021-10-21 14:34:16 - [MESSAGE][INFO] - Smart Wait Function is triggered

2021-10-21 14:34:16 - [TEST_STEP][PASSED] - if (!(getAttribute("value").contains("Vkn"))): null

2021-10-21 14:34:16 - [TEST_STEP][PASSED] - son.clear(): null

2021-10-21 14:34:17 - [TEST_STEP][PASSED] - son.sendKeys(Deger): null

2021-10-21 14:34:17 - [MESSAGE][PASSED] - Call Test Case 'Test Cases/Olusturma/Genel/Olusturma' successfully

2021-10-21 14:34:17 - [MESSAGE][INFO] - Checking called Test Case

2021-10-21 14:34:17 - [MESSAGE][INFO] - Starting to call Test Case 'Test Cases/Olusturma/Genel/NotGirilir'

2021-10-21 14:34:17 - [TEST_CASE][PASSED] - Test Cases/Olusturma/Genel/NotGirilir: Test Cases/Olusturma/Genel/NotGirilir

2021-10-21 14:34:17 - [TEST_STEP][PASSED] - i = 0: null

2021-10-21 14:34:17 - [TEST_STEP][PASSED] - waitForElementClickable(findTestObject("Olusturma/Genel/Not/Notlar"), 10): Object 'Object Repository/Olusturma/Genel/Not/Notlar' is clickable

2021-10-21 14:34:17 - [MESSAGE][INFO] - Finding Test Object 'Object Repository/Olusturma/Genel/Not/Notlar'

2021-10-21 14:34:17 - [MESSAGE][INFO] - Checking object

2021-10-21 14:34:17 - [MESSAGE][INFO] - Checking timeout

2021-10-21 14:34:17 - [MESSAGE][INFO] - Finding web element from Test Object's properties

2021-10-21 14:34:17 - [MESSAGE][INFO] - Checking timeout

2021-10-21 14:34:17 - [MESSAGE][INFO] - Finding web element with id: 'Object Repository/Olusturma/Genel/Not/Notlar' located by 'By.xpath: //*[@id = 'txtNote_I']' in '10' second(s)

2021-10-21 14:34:17 - [MESSAGE][INFO] - Smart Wait Function is triggered

2021-10-21 14:34:17 - [MESSAGE][INFO] - Found 1 web elements with id: 'Object Repository/Olusturma/Genel/Not/Notlar' located by 'By.xpath: //*[@id = 'txtNote_I']' in '10' second(s)

2021-10-21 14:34:17 - [MESSAGE][PASSED] - Object 'Object Repository/Olusturma/Genel/Not/Notlar' is clickable

2021-10-21 14:34:17 - [TEST_STEP][PASSED] - clearText(findTestObject("Olusturma/Genel/Not/Notlar")): Text of object 'Object Repository/Olusturma/Genel/Not/Notlar' is cleared

2021-10-21 14:34:17 - [MESSAGE][INFO] - Finding Test Object 'Object Repository/Olusturma/Genel/Not/Notlar'

2021-10-21 14:34:17 - [MESSAGE][INFO] - Checking object

2021-10-21 14:34:17 - [MESSAGE][INFO] - Finding web element from Test Object's properties

2021-10-21 14:34:17 - [MESSAGE][INFO] - Checking timeout

2021-10-21 14:34:17 - [MESSAGE][INFO] - Finding web element with id: 'Object Repository/Olusturma/Genel/Not/Notlar' located by 'By.xpath: //*[@id = 'txtNote_I']' in '30' second(s)

2021-10-21 14:34:17 - [MESSAGE][INFO] - Smart Wait Function is triggered

2021-10-21 14:34:18 - [MESSAGE][INFO] - Found 1 web elements with id: 'Object Repository/Olusturma/Genel/Not/Notlar' located by 'By.xpath: //*[@id = 'txtNote_I']' in '30' second(s)

2021-10-21 14:34:18 - [MESSAGE][INFO] - Clearing text of object 'Object Repository/Olusturma/Genel/Not/Notlar'

2021-10-21 14:34:18 - [MESSAGE][PASSED] - Text of object 'Object Repository/Olusturma/Genel/Not/Notlar' is cleared

2021-10-21 14:34:18 - [TEST_STEP][PASSED] - click(findTestObject("Olusturma/Genel/Not/Notlar")): Object: 'Object Repository/Olusturma/Genel/Not/Notlar' is clicked on

2021-10-21 14:34:18 - [MESSAGE][INFO] - Finding Test Object 'Object Repository/Olusturma/Genel/Not/Notlar'

2021-10-21 14:34:18 - [MESSAGE][INFO] - Checking object

2021-10-21 14:34:18 - [MESSAGE][INFO] - Finding web element from Test Object's properties

2021-10-21 14:34:18 - [MESSAGE][INFO] - Checking timeout

2021-10-21 14:34:18 - [MESSAGE][INFO] - Finding web element with id: 'Object Repository/Olusturma/Genel/Not/Notlar' located by 'By.xpath: //*[@id = 'txtNote_I']' in '30' second(s)

2021-10-21 14:34:18 - [MESSAGE][INFO] - Smart Wait Function is triggered

2021-10-21 14:34:18 - [MESSAGE][INFO] - Found 1 web elements with id: 'Object Repository/Olusturma/Genel/Not/Notlar' located by 'By.xpath: //*[@id = 'txtNote_I']' in '30' second(s)

2021-10-21 14:34:18 - [MESSAGE][INFO] - Clicking on object: 'Object Repository/Olusturma/Genel/Not/Notlar'

2021-10-21 14:34:18 - [MESSAGE][PASSED] - Object: 'Object Repository/Olusturma/Genel/Not/Notlar' is clicked on

2021-10-21 14:34:18 - [TEST_STEP][PASSED] - while (true): null

2021-10-21 14:34:18 - [TEST_STEP][PASSED] - delay(1): Delayed 1 second(s)

2021-10-21 14:34:18 - [MESSAGE][INFO] - Delaying browser in 1 second(s)

2021-10-21 14:34:19 - [MESSAGE][PASSED] - Delayed 1 second(s)

2021-10-21 14:34:19 - [TEST_STEP][PASSED] - ajaxIsComplete = executeJavaScript("return jQuery.active == 0", null): Execute JavaScript 'return jQuery.active == 0' successfully

2021-10-21 14:34:19 - [MESSAGE][PASSED] - Execute JavaScript 'return jQuery.active == 0' successfully

2021-10-21 14:34:19 - [TEST_STEP][PASSED] - if (ajaxIsComplete): null

2021-10-21 14:34:19 - [TEST_STEP][PASSED] - if (i > 10): null

2021-10-21 14:34:19 - [TEST_STEP][PASSED] - (i++): null

2021-10-21 14:34:19 - [TEST_STEP][PASSED] - delay(1): Delayed 1 second(s)

2021-10-21 14:34:19 - [MESSAGE][INFO] - Delaying browser in 1 second(s)

2021-10-21 14:34:20 - [MESSAGE][PASSED] - Delayed 1 second(s)

2021-10-21 14:34:20 - [TEST_STEP][PASSED] - ajaxIsComplete = executeJavaScript("return jQuery.active == 0", null): Execute JavaScript 'return jQuery.active == 0' successfully

2021-10-21 14:34:20 - [MESSAGE][PASSED] - Execute JavaScript 'return jQuery.active == 0' successfully

2021-10-21 14:34:20 - [TEST_STEP][PASSED] - if (ajaxIsComplete): null

2021-10-21 14:34:20 - [TEST_STEP][PASSED] - break: null

2021-10-21 14:34:20 - [TEST_STEP][PASSED] - sendKeys(findTestObject("Olusturma/Genel/Not/Notlar"), Not): Keys 'Otomasyon Not' sent to object: 'Object Repository/Olusturma/Genel/Not/Notlar'

2021-10-21 14:34:20 - [MESSAGE][INFO] - Finding Test Object 'Object Repository/Olusturma/Genel/Not/Notlar'

2021-10-21 14:34:20 - [MESSAGE][INFO] - Sending keys 'Otomasyon Not' to object: 'Object Repository/Olusturma/Genel/Not/Notlar'

2021-10-21 14:34:20 - [MESSAGE][INFO] - Finding web element from Test Object's properties

2021-10-21 14:34:20 - [MESSAGE][INFO] - Checking timeout

2021-10-21 14:34:20 - [MESSAGE][INFO] - Finding web element with id: 'Object Repository/Olusturma/Genel/Not/Notlar' located by 'By.xpath: //*[@id = 'txtNote_I']' in '30' second(s)

2021-10-21 14:34:20 - [MESSAGE][INFO] - Smart Wait Function is triggered

2021-10-21 14:34:21 - [MESSAGE][INFO] - Found 1 web elements with id: 'Object Repository/Olusturma/Genel/Not/Notlar' located by 'By.xpath: //*[@id = 'txtNote_I']' in '30' second(s)

2021-10-21 14:34:21 - [MESSAGE][PASSED] - Keys 'Otomasyon Not' sent to object: 'Object Repository/Olusturma/Genel/Not/Notlar'

2021-10-21 14:34:21 - [MESSAGE][PASSED] - Call Test Case 'Test Cases/Olusturma/Genel/NotGirilir' successfully

2021-10-21 14:34:21 - [MESSAGE][INFO] - Checking called Test Case

2021-10-21 14:34:21 - [MESSAGE][INFO] - Starting to call Test Case 'Test Cases/Olusturma/Genel/EttnBilgisiKayitEdilir'

2021-10-21 14:34:21 - [TEST_CASE][PASSED] - Test Cases/Olusturma/Genel/EttnBilgisiKayitEdilir: Test Cases/Olusturma/Genel/EttnBilgisiKayitEdilir

2021-10-21 14:34:21 - [TEST_STEP][PASSED] - verifyElementPresent(findTestObject("Object Repository/Olusturma/Genel/Olusturma/eArsivEttnBilgisi"), 7): Object 'Object Repository/Olusturma/Genel/Olusturma/eArsivEttnBilgisi' is present

2021-10-21 14:34:21 - [MESSAGE][INFO] - Finding Test Object 'Object Repository/Olusturma/Genel/Olusturma/eArsivEttnBilgisi'

2021-10-21 14:34:21 - [MESSAGE][INFO] - Checking object

2021-10-21 14:34:21 - [MESSAGE][INFO] - Finding web element from Test Object's properties

2021-10-21 14:34:21 - [MESSAGE][INFO] - Checking timeout

2021-10-21 14:34:21 - [MESSAGE][INFO] - Finding web element with id: 'Object Repository/Olusturma/Genel/Olusturma/eArsivEttnBilgisi' located by 'By.xpath: //*[@id = 'Uuid_I']' in '7' second(s)

2021-10-21 14:34:21 - [MESSAGE][INFO] - Smart Wait Function is triggered

2021-10-21 14:34:21 - [MESSAGE][INFO] - Found 1 web elements with id: 'Object Repository/Olusturma/Genel/Olusturma/eArsivEttnBilgisi' located by 'By.xpath: //*[@id = 'Uuid_I']' in '7' second(s)

2021-10-21 14:34:21 - [MESSAGE][PASSED] - Object 'Object Repository/Olusturma/Genel/Olusturma/eArsivEttnBilgisi' is present

2021-10-21 14:34:21 - [TEST_STEP][PASSED] - ettn = getAttribute(findTestObject("Object Repository/Olusturma/Genel/Olusturma/eArsivEttnBilgisi"), "value"): Attribute 'value' of object 'Object Repository/Olusturma/Genel/Olusturma/eArsivEttnBilgisi' is: '828bb305-ea56-434e-b67e-693d73d3ce8a'

2021-10-21 14:34:21 - [MESSAGE][INFO] - Finding Test Object 'Object Repository/Olusturma/Genel/Olusturma/eArsivEttnBilgisi'

2021-10-21 14:34:21 - [MESSAGE][INFO] - Checking object

2021-10-21 14:34:21 - [MESSAGE][INFO] - Checking attribute

2021-10-21 14:34:21 - [MESSAGE][INFO] - Finding web element from Test Object's properties

2021-10-21 14:34:21 - [MESSAGE][INFO] - Checking timeout

2021-10-21 14:34:21 - [MESSAGE][INFO] - Finding web element with id: 'Object Repository/Olusturma/Genel/Olusturma/eArsivEttnBilgisi' located by 'By.xpath: //*[@id = 'Uuid_I']' in '30' second(s)

2021-10-21 14:34:21 - [MESSAGE][INFO] - Smart Wait Function is triggered

2021-10-21 14:34:21 - [MESSAGE][INFO] - Found 1 web elements with id: 'Object Repository/Olusturma/Genel/Olusturma/eArsivEttnBilgisi' located by 'By.xpath: //*[@id = 'Uuid_I']' in '30' second(s)

2021-10-21 14:34:21 - [MESSAGE][INFO] - Getting attribute 'value' of object 'Object Repository/Olusturma/Genel/Olusturma/eArsivEttnBilgisi'

2021-10-21 14:34:22 - [MESSAGE][PASSED] - Attribute 'value' of object 'Object Repository/Olusturma/Genel/Olusturma/eArsivEttnBilgisi' is: '828bb305-ea56-434e-b67e-693d73d3ce8a'

2021-10-21 14:34:22 - [MESSAGE][PASSED] - Call Test Case 'Test Cases/Olusturma/Genel/EttnBilgisiKayitEdilir' successfully

2021-10-21 14:34:22 - [MESSAGE][INFO] - Checking called Test Case

2021-10-21 14:34:22 - [MESSAGE][INFO] - Starting to call Test Case 'Test Cases/Olusturma/Genel/KaydetButonunaTiklanir'

2021-10-21 14:34:22 - [TEST_CASE][PASSED] - Test Cases/Olusturma/Genel/KaydetButonunaTiklanir: Test Cases/Olusturma/Genel/KaydetButonunaTiklanir

2021-10-21 14:34:22 - [TEST_STEP][PASSED] - i = 0: null

2021-10-21 14:34:22 - [TEST_STEP][PASSED] - waitForElementPresent(findTestObject("Olusturma/Genel/Not/Notlar"), 10): Object 'Object Repository/Olusturma/Genel/Not/Notlar' is present

2021-10-21 14:34:22 - [MESSAGE][INFO] - Finding Test Object 'Object Repository/Olusturma/Genel/Not/Notlar'

2021-10-21 14:34:22 - [MESSAGE][INFO] - Checking object

2021-10-21 14:34:22 - [MESSAGE][INFO] - Finding web element from Test Object's properties

2021-10-21 14:34:22 - [MESSAGE][INFO] - Checking timeout

2021-10-21 14:34:22 - [MESSAGE][INFO] - Finding web element with id: 'Object Repository/Olusturma/Genel/Not/Notlar' located by 'By.xpath: //*[@id = 'txtNote_I']' in '10' second(s)

2021-10-21 14:34:22 - [MESSAGE][INFO] - Smart Wait Function is triggered

2021-10-21 14:34:22 - [MESSAGE][INFO] - Found 1 web elements with id: 'Object Repository/Olusturma/Genel/Not/Notlar' located by 'By.xpath: //*[@id = 'txtNote_I']' in '10' second(s)

2021-10-21 14:34:22 - [MESSAGE][PASSED] - Object 'Object Repository/Olusturma/Genel/Not/Notlar' is present

2021-10-21 14:34:22 - [TEST_STEP][PASSED] - click(findTestObject("Olusturma/Genel/Not/Notlar")): Object: 'Object Repository/Olusturma/Genel/Not/Notlar' is clicked on

2021-10-21 14:34:22 - [MESSAGE][INFO] - Finding Test Object 'Object Repository/Olusturma/Genel/Not/Notlar'

2021-10-21 14:34:22 - [MESSAGE][INFO] - Checking object

2021-10-21 14:34:22 - [MESSAGE][INFO] - Finding web element from Test Object's properties

2021-10-21 14:34:22 - [MESSAGE][INFO] - Checking timeout

2021-10-21 14:34:22 - [MESSAGE][INFO] - Finding web element with id: 'Object Repository/Olusturma/Genel/Not/Notlar' located by 'By.xpath: //*[@id = 'txtNote_I']' in '30' second(s)

2021-10-21 14:34:22 - [MESSAGE][INFO] - Smart Wait Function is triggered

2021-10-21 14:34:22 - [MESSAGE][INFO] - Found 1 web elements with id: 'Object Repository/Olusturma/Genel/Not/Notlar' located by 'By.xpath: //*[@id = 'txtNote_I']' in '30' second(s)

2021-10-21 14:34:22 - [MESSAGE][INFO] - Clicking on object: 'Object Repository/Olusturma/Genel/Not/Notlar'

2021-10-21 14:34:23 - [MESSAGE][PASSED] - Object: 'Object Repository/Olusturma/Genel/Not/Notlar' is clicked on

2021-10-21 14:34:23 - [TEST_STEP][PASSED] - while (true): null

2021-10-21 14:34:23 - [TEST_STEP][PASSED] - delay(1): Delayed 1 second(s)

2021-10-21 14:34:23 - [MESSAGE][INFO] - Delaying browser in 1 second(s)

2021-10-21 14:34:24 - [MESSAGE][PASSED] - Delayed 1 second(s)

2021-10-21 14:34:24 - [TEST_STEP][PASSED] - ajaxIsComplete = executeJavaScript("return jQuery.active == 0", null): Execute JavaScript 'return jQuery.active == 0' successfully

2021-10-21 14:34:24 - [MESSAGE][PASSED] - Execute JavaScript 'return jQuery.active == 0' successfully

2021-10-21 14:34:24 - [TEST_STEP][PASSED] - if (ajaxIsComplete): null

2021-10-21 14:34:24 - [TEST_STEP][PASSED] - break: null

2021-10-21 14:34:24 - [TEST_STEP][PASSED] - waitForElementClickable(findTestObject("Object Repository/Olusturma/Genel/Buton"), 10): Object 'Object Repository/Olusturma/Genel/Buton' is clickable

2021-10-21 14:34:24 - [MESSAGE][INFO] - Finding Test Object 'Object Repository/Olusturma/Genel/Buton'

2021-10-21 14:34:24 - [MESSAGE][INFO] - Checking object

2021-10-21 14:34:24 - [MESSAGE][INFO] - Checking timeout

2021-10-21 14:34:24 - [MESSAGE][INFO] - Finding web element from Test Object's properties

2021-10-21 14:34:24 - [MESSAGE][INFO] - Checking timeout

2021-10-21 14:34:24 - [MESSAGE][INFO] - Finding web element with id: 'Object Repository/Olusturma/Genel/Buton' located by 'By.xpath: //*[@id = 'btnKaydet']' in '10' second(s)

2021-10-21 14:34:24 - [MESSAGE][INFO] - Smart Wait Function is triggered

2021-10-21 14:34:24 - [MESSAGE][INFO] - Found 1 web elements with id: 'Object Repository/Olusturma/Genel/Buton' located by 'By.xpath: //*[@id = 'btnKaydet']' in '10' second(s)

2021-10-21 14:34:24 - [MESSAGE][PASSED] - Object 'Object Repository/Olusturma/Genel/Buton' is clickable

2021-10-21 14:34:24 - [TEST_STEP][PASSED] - click(findTestObject("Object Repository/Olusturma/Genel/Buton")): Object: 'Object Repository/Olusturma/Genel/Buton' is clicked on

2021-10-21 14:34:24 - [MESSAGE][INFO] - Finding Test Object 'Object Repository/Olusturma/Genel/Buton'

2021-10-21 14:34:24 - [MESSAGE][INFO] - Checking object

2021-10-21 14:34:24 - [MESSAGE][INFO] - Finding web element from Test Object's properties

2021-10-21 14:34:24 - [MESSAGE][INFO] - Checking timeout

2021-10-21 14:34:24 - [MESSAGE][INFO] - Finding web element with id: 'Object Repository/Olusturma/Genel/Buton' located by 'By.xpath: //*[@id = 'btnKaydet']' in '30' second(s)

2021-10-21 14:34:24 - [MESSAGE][INFO] - Smart Wait Function is triggered

2021-10-21 14:34:24 - [MESSAGE][INFO] - Found 1 web elements with id: 'Object Repository/Olusturma/Genel/Buton' located by 'By.xpath: //*[@id = 'btnKaydet']' in '30' second(s)

2021-10-21 14:34:24 - [MESSAGE][INFO] - Clicking on object: 'Object Repository/Olusturma/Genel/Buton'

2021-10-21 14:34:27 - [MESSAGE][PASSED] - Object: 'Object Repository/Olusturma/Genel/Buton' is clicked on

2021-10-21 14:34:27 - [MESSAGE][PASSED] - Call Test Case 'Test Cases/Olusturma/Genel/KaydetButonunaTiklanir' successfully

2021-10-21 14:34:27 - [MESSAGE][INFO] - Checking called Test Case

2021-10-21 14:34:27 - [MESSAGE][INFO] - Starting to call Test Case 'Test Cases/Tablo/TablodaEttnliVeriOlusturulduMu'

2021-10-21 14:34:27 - [TEST_CASE][PASSED] - Test Cases/Tablo/TablodaEttnliVeriOlusturulduMu: Test Cases/Tablo/TablodaEttnliVeriOlusturulduMu

2021-10-21 14:34:27 - [TEST_STEP][PASSED] - Method.TextDegerineEsitElementVarMi(findTestObject("Tablo/OlusturulanVeri"), ettn): Method.TextDegerineEsitElementVarMi is PASSED

2021-10-21 14:34:27 - [MESSAGE][INFO] - Finding Test Object 'Object Repository/Tablo/OlusturulanVeri'

2021-10-21 14:34:27 - [MESSAGE][INFO] - Checking timeout

2021-10-21 14:34:27 - [MESSAGE][INFO] - Finding web element with id: 'Object Repository/Tablo/OlusturulanVeri' located by 'By.cssSelector: table.dxgvTable_LECustomTheme>tbody>tr:nth-child(3)>td.dxgv b,table.dxgvTable_LECustomTheme>tbody>tr:nth-child(3)>td.dxgv' in '10' second(s)

2021-10-21 14:34:27 - [MESSAGE][INFO] - Smart Wait Function is triggered

2021-10-21 14:34:28 - [MESSAGE][INFO] - Found 14 web elements with id: 'Object Repository/Tablo/OlusturulanVeri' located by 'By.cssSelector: table.dxgvTable_LECustomTheme>tbody>tr:nth-child(3)>td.dxgv b,table.dxgvTable_LECustomTheme>tbody>tr:nth-child(3)>td.dxgv' in '10' second(s)

2021-10-21 14:34:28 - [MESSAGE][PASSED] - Method.TextDegerineEsitElementVarMi is PASSED

2021-10-21 14:34:28 - [MESSAGE][PASSED] - Call Test Case 'Test Cases/Tablo/TablodaEttnliVeriOlusturulduMu' successfully

2021-10-21 14:34:28 - [MESSAGE][INFO] - Checking called Test Case

2021-10-21 14:34:28 - [MESSAGE][INFO] - Starting to call Test Case 'Test Cases/Tablo/TablodanEttnliVeriSec'

2021-10-21 14:34:28 - [TEST_CASE][PASSED] - Test Cases/Tablo/TablodanEttnliVeriSec: Test Cases/Tablo/TablodanEttnliVeriSec

2021-10-21 14:34:28 - [TEST_STEP][PASSED] - Method.TextDegerineEsitElementinAltindakineTikla(findTestObject("Tablo/Veriler"), findTestObject("Tablo/VerininCheckBoxi"), ettn): Method.TextDegerineEsitElementinAltindakineTikla is PASSED

2021-10-21 14:34:28 - [MESSAGE][INFO] - Finding Test Object 'Object Repository/Tablo/Veriler'

2021-10-21 14:34:28 - [MESSAGE][INFO] - Finding Test Object 'Object Repository/Tablo/VerininCheckBoxi'

2021-10-21 14:34:28 - [MESSAGE][INFO] - Checking timeout

2021-10-21 14:34:28 - [MESSAGE][INFO] - Finding web element with id: 'Object Repository/Tablo/Veriler' located by 'By.cssSelector: td.dxgv b ,td.dxgv' in '10' second(s)

2021-10-21 14:34:28 - [MESSAGE][INFO] - Smart Wait Function is triggered

2021-10-21 14:34:28 - [MESSAGE][INFO] - Found 84 web elements with id: 'Object Repository/Tablo/Veriler' located by 'By.cssSelector: td.dxgv b ,td.dxgv' in '10' second(s)

2021-10-21 14:34:29 - [MESSAGE][INFO] - Smart Wait Function is triggered

2021-10-21 14:34:29 - [MESSAGE][PASSED] - Method.TextDegerineEsitElementinAltindakineTikla is PASSED

2021-10-21 14:34:29 - [MESSAGE][PASSED] - Call Test Case 'Test Cases/Tablo/TablodanEttnliVeriSec' successfully

2021-10-21 14:34:29 - [MESSAGE][INFO] - Checking called Test Case

2021-10-21 14:34:29 - [MESSAGE][INFO] - Starting to call Test Case 'Test Cases/Butonlar/ButonaTikla'

2021-10-21 14:34:29 - [TEST_CASE][PASSED] - Test Cases/Butonlar/ButonaTikla: Test Cases/Butonlar/ButonaTikla

2021-10-21 14:34:29 - [TEST_STEP][PASSED] - Method.TextDegerineEsitElementeTiklaEquals(findTestObject("Butonlar/Butonlar"), Buton_Adi): Method.TextDegerineEsitElementeTiklaEquals is PASSED

2021-10-21 14:34:29 - [MESSAGE][INFO] - Finding Test Object 'Object Repository/Butonlar/Butonlar'

2021-10-21 14:34:29 - [MESSAGE][INFO] - Checking timeout

2021-10-21 14:34:29 - [MESSAGE][INFO] - Finding web element with id: 'Object Repository/Butonlar/Butonlar' located by 'By.cssSelector: .panel.panel-default.text-center.footerPanel .btn,.btn.btn-primary.btnControls' in '10' second(s)

2021-10-21 14:34:29 - [MESSAGE][INFO] - Smart Wait Function is triggered

2021-10-21 14:34:29 - [MESSAGE][INFO] - Found 10 web elements with id: 'Object Repository/Butonlar/Butonlar' located by 'By.cssSelector: .panel.panel-default.text-center.footerPanel .btn,.btn.btn-primary.btnControls' in '10' second(s)

2021-10-21 14:34:30 - [MESSAGE][PASSED] - Method.TextDegerineEsitElementeTiklaEquals is PASSED

2021-10-21 14:34:30 - [MESSAGE][PASSED] - Call Test Case 'Test Cases/Butonlar/ButonaTikla' successfully

2021-10-21 14:34:30 - [MESSAGE][INFO] - Checking called Test Case

2021-10-21 14:34:30 - [MESSAGE][INFO] - Starting to call Test Case 'Test Cases/Popup/PopupMesajiIceriyorMu'

2021-10-21 14:34:30 - [TEST_CASE][PASSED] - Test Cases/Popup/PopupMesajiIceriyorMu: Test Cases/Popup/PopupMesajiIceriyorMu

2021-10-21 14:34:30 - [TEST_STEP][PASSED] - waitForElementVisible(findTestObject("Popup/Popup"), 10): Object 'Object Repository/Popup/Popup' is visible

2021-10-21 14:34:30 - [MESSAGE][INFO] - Finding Test Object 'Object Repository/Popup/Popup'

2021-10-21 14:34:30 - [MESSAGE][INFO] - Checking object

2021-10-21 14:34:30 - [MESSAGE][INFO] - Checking timeout

2021-10-21 14:34:30 - [MESSAGE][INFO] - Finding web element from Test Object's properties

2021-10-21 14:34:30 - [MESSAGE][INFO] - Checking timeout

2021-10-21 14:34:30 - [MESSAGE][INFO] - Finding web element with id: 'Object Repository/Popup/Popup' located by 'By.cssSelector: .bootbox-body' in '10' second(s)

2021-10-21 14:34:30 - [MESSAGE][INFO] - Smart Wait Function is triggered

2021-10-21 14:34:31 - [MESSAGE][INFO] - Found 1 web elements with id: 'Object Repository/Popup/Popup' located by 'By.cssSelector: .bootbox-body' in '10' second(s)

2021-10-21 14:34:31 - [MESSAGE][PASSED] - Object 'Object Repository/Popup/Popup' is visible

2021-10-21 14:34:31 - [TEST_STEP][PASSED] - if (!(getText(findTestObject("Popup/Popup")).contains(Mesaj))): Text of object 'Object Repository/Popup/Popup' is: 'Oluşturulacak fatura numarası : EAR2021000000405 Fatura numarası oluşturulduktan sonra fatura silinemez. Fatura numarası, tarihi ve ön eki değiştirilemez. Devam etmek istiyor musunuz?'

2021-10-21 14:34:31 - [MESSAGE][INFO] - Finding Test Object 'Object Repository/Popup/Popup'

2021-10-21 14:34:31 - [MESSAGE][INFO] - Checking object

2021-10-21 14:34:31 - [MESSAGE][INFO] - Finding web element from Test Object's properties

2021-10-21 14:34:31 - [MESSAGE][INFO] - Checking timeout

2021-10-21 14:34:31 - [MESSAGE][INFO] - Finding web element with id: 'Object Repository/Popup/Popup' located by 'By.cssSelector: .bootbox-body' in '30' second(s)

2021-10-21 14:34:31 - [MESSAGE][INFO] - Smart Wait Function is triggered

2021-10-21 14:34:31 - [MESSAGE][INFO] - Found 1 web elements with id: 'Object Repository/Popup/Popup' located by 'By.cssSelector: .bootbox-body' in '30' second(s)

2021-10-21 14:34:31 - [MESSAGE][INFO] - Getting text of object 'Object Repository/Popup/Popup'

2021-10-21 14:34:31 - [MESSAGE][PASSED] - Text of object 'Object Repository/Popup/Popup' is: 'Oluşturulacak fatura numarası : EAR2021000000405 Fatura numarası oluşturulduktan sonra fatura silinemez. Fatura numarası, tarihi ve ön eki değiştirilemez. Devam etmek istiyor musunuz?'

2021-10-21 14:34:31 - [TEST_STEP][PASSED] - RaporNo = getText(findTestObject("Popup/Popup")).substring(0, 6): Text of object 'Object Repository/Popup/Popup' is: 'Oluşturulacak fatura numarası : EAR2021000000405 Fatura numarası oluşturulduktan sonra fatura silinemez. Fatura numarası, tarihi ve ön eki değiştirilemez. Devam etmek istiyor musunuz?'

2021-10-21 14:34:31 - [MESSAGE][INFO] - Finding Test Object 'Object Repository/Popup/Popup'

2021-10-21 14:34:31 - [MESSAGE][INFO] - Checking object

2021-10-21 14:34:31 - [MESSAGE][INFO] - Finding web element from Test Object's properties

2021-10-21 14:34:31 - [MESSAGE][INFO] - Checking timeout

2021-10-21 14:34:31 - [MESSAGE][INFO] - Finding web element with id: 'Object Repository/Popup/Popup' located by 'By.cssSelector: .bootbox-body' in '30' second(s)

2021-10-21 14:34:31 - [MESSAGE][INFO] - Smart Wait Function is triggered

2021-10-21 14:34:31 - [MESSAGE][INFO] - Found 1 web elements with id: 'Object Repository/Popup/Popup' located by 'By.cssSelector: .bootbox-body' in '30' second(s)

2021-10-21 14:34:31 - [MESSAGE][INFO] - Getting text of object 'Object Repository/Popup/Popup'

2021-10-21 14:34:31 - [MESSAGE][PASSED] - Text of object 'Object Repository/Popup/Popup' is: 'Oluşturulacak fatura numarası : EAR2021000000405 Fatura numarası oluşturulduktan sonra fatura silinemez. Fatura numarası, tarihi ve ön eki değiştirilemez. Devam etmek istiyor musunuz?'

2021-10-21 14:34:31 - [TEST_STEP][PASSED] - Console.println(RaporNo): null

2021-10-21 14:34:31 - [MESSAGE][PASSED] - Call Test Case 'Test Cases/Popup/PopupMesajiIceriyorMu' successfully

2021-10-21 14:34:31 - [MESSAGE][INFO] - Checking called Test Case

2021-10-21 14:34:31 - [MESSAGE][INFO] - Starting to call Test Case 'Test Cases/Popup/PopupButonSecilir'

2021-10-21 14:34:31 - [TEST_CASE][PASSED] - Test Cases/Popup/PopupButonSecilir: Test Cases/Popup/PopupButonSecilir

2021-10-21 14:34:32 - [TEST_STEP][PASSED] - Method.TextDegerineEsitElementeTikla(findTestObject("Popup/Popup_Butons"), Buton): Method.TextDegerineEsitElementeTikla is PASSED

2021-10-21 14:34:32 - [MESSAGE][INFO] - Finding Test Object 'Object Repository/Popup/Popup_Butons'

2021-10-21 14:34:32 - [MESSAGE][INFO] - Checking timeout

2021-10-21 14:34:32 - [MESSAGE][INFO] - Finding web element with id: 'Object Repository/Popup/Popup_Butons' located by 'By.cssSelector: .modal-footer>button' in '10' second(s)

2021-10-21 14:34:32 - [MESSAGE][INFO] - Smart Wait Function is triggered

2021-10-21 14:34:32 - [MESSAGE][INFO] - Found 2 web elements with id: 'Object Repository/Popup/Popup_Butons' located by 'By.cssSelector: .modal-footer>button' in '10' second(s)

2021-10-21 14:34:32 - [MESSAGE][PASSED] - Method.TextDegerineEsitElementeTikla is PASSED

2021-10-21 14:34:32 - [MESSAGE][PASSED] - Call Test Case 'Test Cases/Popup/PopupButonSecilir' successfully

2021-10-21 14:34:32 - [MESSAGE][INFO] - Checking called Test Case

2021-10-21 14:34:32 - [MESSAGE][INFO] - Starting to call Test Case 'Test Cases/Popup/PopupMesajiIceriyorMu'

2021-10-21 14:34:32 - [TEST_CASE][PASSED] - Test Cases/Popup/PopupMesajiIceriyorMu: Test Cases/Popup/PopupMesajiIceriyorMu

2021-10-21 14:34:32 - [TEST_STEP][PASSED] - waitForElementVisible(findTestObject("Popup/Popup"), 10): Object 'Object Repository/Popup/Popup' is visible

2021-10-21 14:34:32 - [MESSAGE][INFO] - Finding Test Object 'Object Repository/Popup/Popup'

2021-10-21 14:34:33 - [MESSAGE][INFO] - Checking object

2021-10-21 14:34:33 - [MESSAGE][INFO] - Checking timeout

2021-10-21 14:34:33 - [MESSAGE][INFO] - Finding web element from Test Object's properties

2021-10-21 14:34:33 - [MESSAGE][INFO] - Checking timeout

2021-10-21 14:34:33 - [MESSAGE][INFO] - Finding web element with id: 'Object Repository/Popup/Popup' located by 'By.cssSelector: .bootbox-body' in '10' second(s)

2021-10-21 14:34:33 - [MESSAGE][INFO] - Smart Wait Function is triggered

2021-10-21 14:34:33 - [MESSAGE][INFO] - Found 1 web elements with id: 'Object Repository/Popup/Popup' located by 'By.cssSelector: .bootbox-body' in '10' second(s)

2021-10-21 14:34:33 - [MESSAGE][PASSED] - Object 'Object Repository/Popup/Popup' is visible

2021-10-21 14:34:33 - [TEST_STEP][PASSED] - if (!(getText(findTestObject("Popup/Popup")).contains(Mesaj))): Text of object 'Object Repository/Popup/Popup' is: 'Fatura numaranız EAR2021000000405 olarak oluşmuştur.'

2021-10-21 14:34:33 - [MESSAGE][INFO] - Finding Test Object 'Object Repository/Popup/Popup'

2021-10-21 14:34:33 - [MESSAGE][INFO] - Checking object

2021-10-21 14:34:33 - [MESSAGE][INFO] - Finding web element from Test Object's properties

2021-10-21 14:34:33 - [MESSAGE][INFO] - Checking timeout

2021-10-21 14:34:33 - [MESSAGE][INFO] - Finding web element with id: 'Object Repository/Popup/Popup' located by 'By.cssSelector: .bootbox-body' in '30' second(s)

2021-10-21 14:34:33 - [MESSAGE][INFO] - Smart Wait Function is triggered

2021-10-21 14:34:34 - [MESSAGE][INFO] - Found 1 web elements with id: 'Object Repository/Popup/Popup' located by 'By.cssSelector: .bootbox-body' in '30' second(s)

2021-10-21 14:34:34 - [MESSAGE][INFO] - Getting text of object 'Object Repository/Popup/Popup'

2021-10-21 14:34:34 - [MESSAGE][PASSED] - Text of object 'Object Repository/Popup/Popup' is: 'Fatura numaranız EAR2021000000405 olarak oluşmuştur.'

2021-10-21 14:34:34 - [TEST_STEP][PASSED] - RaporNo = getText(findTestObject("Popup/Popup")).substring(0, 6): Text of object 'Object Repository/Popup/Popup' is: 'Fatura numaranız EAR2021000000405 olarak oluşmuştur.'

2021-10-21 14:34:34 - [MESSAGE][INFO] - Finding Test Object 'Object Repository/Popup/Popup'

2021-10-21 14:34:34 - [MESSAGE][INFO] - Checking object

2021-10-21 14:34:34 - [MESSAGE][INFO] - Finding web element from Test Object's properties

2021-10-21 14:34:34 - [MESSAGE][INFO] - Checking timeout

2021-10-21 14:34:34 - [MESSAGE][INFO] - Finding web element with id: 'Object Repository/Popup/Popup' located by 'By.cssSelector: .bootbox-body' in '30' second(s)

2021-10-21 14:34:34 - [MESSAGE][INFO] - Smart Wait Function is triggered

2021-10-21 14:34:34 - [MESSAGE][INFO] - Found 1 web elements with id: 'Object Repository/Popup/Popup' located by 'By.cssSelector: .bootbox-body' in '30' second(s)

2021-10-21 14:34:34 - [MESSAGE][INFO] - Getting text of object 'Object Repository/Popup/Popup'

2021-10-21 14:34:34 - [MESSAGE][PASSED] - Text of object 'Object Repository/Popup/Popup' is: 'Fatura numaranız EAR2021000000405 olarak oluşmuştur.'

2021-10-21 14:34:34 - [TEST_STEP][PASSED] - Console.println(RaporNo): null

2021-10-21 14:34:34 - [MESSAGE][PASSED] - Call Test Case 'Test Cases/Popup/PopupMesajiIceriyorMu' successfully

2021-10-21 14:34:34 - [MESSAGE][INFO] - Checking called Test Case

2021-10-21 14:34:34 - [MESSAGE][INFO] - Starting to call Test Case 'Test Cases/Popup/PopupButonSecilir'

2021-10-21 14:34:34 - [TEST_CASE][PASSED] - Test Cases/Popup/PopupButonSecilir: Test Cases/Popup/PopupButonSecilir

2021-10-21 14:34:34 - [TEST_STEP][PASSED] - Method.TextDegerineEsitElementeTikla(findTestObject("Popup/Popup_Butons"), Buton): Method.TextDegerineEsitElementeTikla is PASSED

2021-10-21 14:34:34 - [MESSAGE][INFO] - Finding Test Object 'Object Repository/Popup/Popup_Butons'

2021-10-21 14:34:34 - [MESSAGE][INFO] - Checking timeout

2021-10-21 14:34:34 - [MESSAGE][INFO] - Finding web element with id: 'Object Repository/Popup/Popup_Butons' located by 'By.cssSelector: .modal-footer>button' in '10' second(s)

2021-10-21 14:34:34 - [MESSAGE][INFO] - Smart Wait Function is triggered

2021-10-21 14:34:34 - [MESSAGE][INFO] - Found 1 web elements with id: 'Object Repository/Popup/Popup_Butons' located by 'By.cssSelector: .modal-footer>button' in '10' second(s)

2021-10-21 14:34:34 - [MESSAGE][PASSED] - Method.TextDegerineEsitElementeTikla is PASSED

2021-10-21 14:34:34 - [MESSAGE][PASSED] - Call Test Case 'Test Cases/Popup/PopupButonSecilir' successfully

2021-10-21 14:34:34 - [MESSAGE][INFO] - Checking called Test Case

2021-10-21 14:34:34 - [MESSAGE][INFO] - Starting to call Test Case 'Test Cases/Tablo/TablodanEttnliVeriSec'

2021-10-21 14:34:35 - [TEST_CASE][PASSED] - Test Cases/Tablo/TablodanEttnliVeriSec: Test Cases/Tablo/TablodanEttnliVeriSec

2021-10-21 14:34:35 - [TEST_STEP][PASSED] - Method.TextDegerineEsitElementinAltindakineTikla(findTestObject("Tablo/Veriler"), findTestObject("Tablo/VerininCheckBoxi"), ettn): Method.TextDegerineEsitElementinAltindakineTikla is PASSED

2021-10-21 14:34:35 - [MESSAGE][INFO] - Finding Test Object 'Object Repository/Tablo/Veriler'

2021-10-21 14:34:35 - [MESSAGE][INFO] - Finding Test Object 'Object Repository/Tablo/VerininCheckBoxi'

2021-10-21 14:34:35 - [MESSAGE][INFO] - Checking timeout

2021-10-21 14:34:35 - [MESSAGE][INFO] - Finding web element with id: 'Object Repository/Tablo/Veriler' located by 'By.cssSelector: td.dxgv b ,td.dxgv' in '10' second(s)

2021-10-21 14:34:35 - [MESSAGE][INFO] - Smart Wait Function is triggered

2021-10-21 14:34:35 - [MESSAGE][INFO] - Found 84 web elements with id: 'Object Repository/Tablo/Veriler' located by 'By.cssSelector: td.dxgv b ,td.dxgv' in '10' second(s)

2021-10-21 14:34:35 - [MESSAGE][INFO] - Smart Wait Function is triggered

2021-10-21 14:34:36 - [MESSAGE][PASSED] - Method.TextDegerineEsitElementinAltindakineTikla is PASSED

2021-10-21 14:34:36 - [MESSAGE][PASSED] - Call Test Case 'Test Cases/Tablo/TablodanEttnliVeriSec' successfully

2021-10-21 14:34:36 - [MESSAGE][INFO] - Checking called Test Case

2021-10-21 14:34:36 - [MESSAGE][INFO] - Starting to call Test Case 'Test Cases/Butonlar/ButonaTikla'

2021-10-21 14:34:36 - [TEST_CASE][PASSED] - Test Cases/Butonlar/ButonaTikla: Test Cases/Butonlar/ButonaTikla

2021-10-21 14:34:36 - [TEST_STEP][PASSED] - Method.TextDegerineEsitElementeTiklaEquals(findTestObject("Butonlar/Butonlar"), Buton_Adi): Method.TextDegerineEsitElementeTiklaEquals is PASSED

2021-10-21 14:34:36 - [MESSAGE][INFO] - Finding Test Object 'Object Repository/Butonlar/Butonlar'

2021-10-21 14:34:36 - [MESSAGE][INFO] - Checking timeout

2021-10-21 14:34:36 - [MESSAGE][INFO] - Finding web element with id: 'Object Repository/Butonlar/Butonlar' located by 'By.cssSelector: .panel.panel-default.text-center.footerPanel .btn,.btn.btn-primary.btnControls' in '10' second(s)

2021-10-21 14:34:36 - [MESSAGE][INFO] - Smart Wait Function is triggered

2021-10-21 14:34:36 - [MESSAGE][INFO] - Found 10 web elements with id: 'Object Repository/Butonlar/Butonlar' located by 'By.cssSelector: .panel.panel-default.text-center.footerPanel .btn,.btn.btn-primary.btnControls' in '10' second(s)

2021-10-21 14:34:37 - [MESSAGE][PASSED] - Method.TextDegerineEsitElementeTiklaEquals is PASSED

2021-10-21 14:34:37 - [MESSAGE][PASSED] - Call Test Case 'Test Cases/Butonlar/ButonaTikla' successfully

2021-10-21 14:34:37 - [MESSAGE][INFO] - Checking called Test Case

2021-10-21 14:34:37 - [MESSAGE][INFO] - Starting to call Test Case 'Test Cases/Popup/PopupMesajiIceriyorMu'

2021-10-21 14:34:37 - [TEST_CASE][PASSED] - Test Cases/Popup/PopupMesajiIceriyorMu: Test Cases/Popup/PopupMesajiIceriyorMu

2021-10-21 14:34:37 - [TEST_STEP][PASSED] - waitForElementVisible(findTestObject("Popup/Popup"), 10): Object 'Object Repository/Popup/Popup' is visible

2021-10-21 14:34:37 - [MESSAGE][INFO] - Finding Test Object 'Object Repository/Popup/Popup'

2021-10-21 14:34:37 - [MESSAGE][INFO] - Checking object

2021-10-21 14:34:37 - [MESSAGE][INFO] - Checking timeout

2021-10-21 14:34:37 - [MESSAGE][INFO] - Finding web element from Test Object's properties

2021-10-21 14:34:37 - [MESSAGE][INFO] - Checking timeout

2021-10-21 14:34:37 - [MESSAGE][INFO] - Finding web element with id: 'Object Repository/Popup/Popup' located by 'By.cssSelector: .bootbox-body' in '10' second(s)

2021-10-21 14:34:37 - [MESSAGE][INFO] - Smart Wait Function is triggered

2021-10-21 14:34:37 - [MESSAGE][INFO] - Found 1 web elements with id: 'Object Repository/Popup/Popup' located by 'By.cssSelector: .bootbox-body' in '10' second(s)

2021-10-21 14:34:37 - [MESSAGE][PASSED] - Object 'Object Repository/Popup/Popup' is visible

2021-10-21 14:34:37 - [TEST_STEP][PASSED] - if (!(getText(findTestObject("Popup/Popup")).contains(Mesaj))): Text of object 'Object Repository/Popup/Popup' is: 'EAR serisi için onaylanmamış belge(leri)niz bulunmaktadır.
Devam etmek istiyor musunuz?'

2021-10-21 14:34:37 - [MESSAGE][INFO] - Finding Test Object 'Object Repository/Popup/Popup'

2021-10-21 14:34:37 - [MESSAGE][INFO] - Checking object

2021-10-21 14:34:37 - [MESSAGE][INFO] - Finding web element from Test Object's properties

2021-10-21 14:34:37 - [MESSAGE][INFO] - Checking timeout

2021-10-21 14:34:37 - [MESSAGE][INFO] - Finding web element with id: 'Object Repository/Popup/Popup' located by 'By.cssSelector: .bootbox-body' in '30' second(s)

2021-10-21 14:34:37 - [MESSAGE][INFO] - Smart Wait Function is triggered

2021-10-21 14:34:38 - [MESSAGE][INFO] - Found 1 web elements with id: 'Object Repository/Popup/Popup' located by 'By.cssSelector: .bootbox-body' in '30' second(s)

2021-10-21 14:34:38 - [MESSAGE][INFO] - Getting text of object 'Object Repository/Popup/Popup'

2021-10-21 14:34:38 - [MESSAGE][PASSED] - Text of object 'Object Repository/Popup/Popup' is: 'EAR serisi için onaylanmamış belge(leri)niz bulunmaktadır.
Devam etmek istiyor musunuz?'

2021-10-21 14:34:38 - [TEST_STEP][PASSED] - RaporNo = getText(findTestObject("Popup/Popup")).substring(0, 6): Text of object 'Object Repository/Popup/Popup' is: 'EAR serisi için onaylanmamış belge(leri)niz bulunmaktadır.
Devam etmek istiyor musunuz?'

2021-10-21 14:34:38 - [MESSAGE][INFO] - Finding Test Object 'Object Repository/Popup/Popup'

2021-10-21 14:34:38 - [MESSAGE][INFO] - Checking object

2021-10-21 14:34:38 - [MESSAGE][INFO] - Finding web element from Test Object's properties

2021-10-21 14:34:38 - [MESSAGE][INFO] - Checking timeout

2021-10-21 14:34:38 - [MESSAGE][INFO] - Finding web element with id: 'Object Repository/Popup/Popup' located by 'By.cssSelector: .bootbox-body' in '30' second(s)

2021-10-21 14:34:38 - [MESSAGE][INFO] - Smart Wait Function is triggered

2021-10-21 14:34:38 - [MESSAGE][INFO] - Found 1 web elements with id: 'Object Repository/Popup/Popup' located by 'By.cssSelector: .bootbox-body' in '30' second(s)

2021-10-21 14:34:38 - [MESSAGE][INFO] - Getting text of object 'Object Repository/Popup/Popup'

2021-10-21 14:34:38 - [MESSAGE][PASSED] - Text of object 'Object Repository/Popup/Popup' is: 'EAR serisi için onaylanmamış belge(leri)niz bulunmaktadır.
Devam etmek istiyor musunuz?'

2021-10-21 14:34:38 - [TEST_STEP][PASSED] - Console.println(RaporNo): null

2021-10-21 14:34:38 - [MESSAGE][PASSED] - Call Test Case 'Test Cases/Popup/PopupMesajiIceriyorMu' successfully

2021-10-21 14:34:38 - [MESSAGE][INFO] - Checking called Test Case

2021-10-21 14:34:38 - [MESSAGE][INFO] - Starting to call Test Case 'Test Cases/Popup/PopupButonSecilir'

2021-10-21 14:34:38 - [TEST_CASE][PASSED] - Test Cases/Popup/PopupButonSecilir: Test Cases/Popup/PopupButonSecilir

2021-10-21 14:34:38 - [TEST_STEP][PASSED] - Method.TextDegerineEsitElementeTikla(findTestObject("Popup/Popup_Butons"), Buton): Method.TextDegerineEsitElementeTikla is PASSED

2021-10-21 14:34:38 - [MESSAGE][INFO] - Finding Test Object 'Object Repository/Popup/Popup_Butons'

2021-10-21 14:34:38 - [MESSAGE][INFO] - Checking timeout

2021-10-21 14:34:38 - [MESSAGE][INFO] - Finding web element with id: 'Object Repository/Popup/Popup_Butons' located by 'By.cssSelector: .modal-footer>button' in '10' second(s)

2021-10-21 14:34:38 - [MESSAGE][INFO] - Smart Wait Function is triggered

2021-10-21 14:34:39 - [MESSAGE][INFO] - Found 2 web elements with id: 'Object Repository/Popup/Popup_Butons' located by 'By.cssSelector: .modal-footer>button' in '10' second(s)

2021-10-21 14:34:39 - [MESSAGE][PASSED] - Method.TextDegerineEsitElementeTikla is PASSED

2021-10-21 14:34:39 - [MESSAGE][PASSED] - Call Test Case 'Test Cases/Popup/PopupButonSecilir' successfully

2021-10-21 14:34:39 - [MESSAGE][INFO] - Checking called Test Case

2021-10-21 14:34:39 - [MESSAGE][INFO] - Starting to call Test Case 'Test Cases/Menu/AnaMenuSecimi'

2021-10-21 14:34:39 - [TEST_CASE][PASSED] - Test Cases/Menu/AnaMenuSecimi: Test Cases/Menu/AnaMenuSecimi

2021-10-21 14:34:39 - [TEST_STEP][PASSED] - Method.TextDegerineEsitElementeTikla(findTestObject("Menu/Ana_Menu"), Ana_Menu): Method.TextDegerineEsitElementeTikla is PASSED

2021-10-21 14:34:39 - [MESSAGE][INFO] - Finding Test Object 'Object Repository/Menu/Ana_Menu'

2021-10-21 14:34:39 - [MESSAGE][INFO] - Checking timeout

2021-10-21 14:34:39 - [MESSAGE][INFO] - Finding web element with id: 'Object Repository/Menu/Ana_Menu' located by 'By.xpath: //*[@class = 'dropdown-toggle']' in '10' second(s)

2021-10-21 14:34:39 - [MESSAGE][INFO] - Smart Wait Function is triggered

2021-10-21 14:34:40 - [MESSAGE][INFO] - Found 14 web elements with id: 'Object Repository/Menu/Ana_Menu' located by 'By.xpath: //*[@class = 'dropdown-toggle']' in '10' second(s)

2021-10-21 14:34:40 - [MESSAGE][PASSED] - Method.TextDegerineEsitElementeTikla is PASSED

2021-10-21 14:34:40 - [MESSAGE][PASSED] - Call Test Case 'Test Cases/Menu/AnaMenuSecimi' successfully

2021-10-21 14:34:40 - [MESSAGE][INFO] - Checking called Test Case

2021-10-21 14:34:40 - [MESSAGE][INFO] - Starting to call Test Case 'Test Cases/Menu/BasligaGoreAltMenuSecimi'

2021-10-21 14:34:40 - [TEST_CASE][PASSED] - Test Cases/Menu/BasligaGoreAltMenuSecimi: Test Cases/Menu/BasligaGoreAltMenuSecimi

2021-10-21 14:34:40 - [TEST_STEP][PASSED] - Method.TextDegerineEsitElementinAltindakiTextDegerineEsitOlanaTikla(findTestObject("Menu/Menu_Basligi"), findTestObject("Menu/Basliga_Gore_Alt_Menu"), Baslik, Alt_Menu): Method.TextDegerineEsitElementinAltindakiTextDegerineEsitOlanaTikla is PASSED

2021-10-21 14:34:40 - [MESSAGE][INFO] - Finding Test Object 'Object Repository/Menu/Menu_Basligi'

2021-10-21 14:34:40 - [MESSAGE][INFO] - Finding Test Object 'Object Repository/Menu/Basliga_Gore_Alt_Menu'

2021-10-21 14:34:40 - [MESSAGE][INFO] - Checking timeout

2021-10-21 14:34:40 - [MESSAGE][INFO] - Finding web element with id: 'Object Repository/Menu/Menu_Basligi' located by 'By.xpath: //li[@class='dropdown dropdown-large open']//li[@class='dropdown-header']' in '10' second(s)

2021-10-21 14:34:40 - [MESSAGE][INFO] - Smart Wait Function is triggered

2021-10-21 14:34:41 - [MESSAGE][INFO] - Found 2 web elements with id: 'Object Repository/Menu/Menu_Basligi' located by 'By.xpath: //li[@class='dropdown dropdown-large open']//li[@class='dropdown-header']' in '10' second(s)

2021-10-21 14:34:41 - [MESSAGE][INFO] - Smart Wait Function is triggered

2021-10-21 14:34:43 - [MESSAGE][PASSED] - Method.TextDegerineEsitElementinAltindakiTextDegerineEsitOlanaTikla is PASSED

2021-10-21 14:34:43 - [MESSAGE][PASSED] - Call Test Case 'Test Cases/Menu/BasligaGoreAltMenuSecimi' successfully

2021-10-21 14:34:43 - [MESSAGE][INFO] - Checking called Test Case

2021-10-21 14:34:43 - [MESSAGE][INFO] - Starting to call Test Case 'Test Cases/Filtreler/EttnYaz'

2021-10-21 14:34:43 - [TEST_CASE][PASSED] - Test Cases/Filtreler/EttnYaz: Test Cases/Filtreler/EttnYaz

2021-10-21 14:34:43 - [TEST_STEP][PASSED] - Method.TextDegerineEsitElementinAltindakiTextboxtaYaz(findTestObject("Filtreler/Basliklar"), findTestObject("Filtreler/Basliga_Gore_Textbox"), "ETTN", ettn): Method.TextDegerineEsitElementinAltindakiTextboxtaYaz is PASSED

2021-10-21 14:34:43 - [MESSAGE][INFO] - Finding Test Object 'Object Repository/Filtreler/Basliklar'

2021-10-21 14:34:43 - [MESSAGE][INFO] - Finding Test Object 'Object Repository/Filtreler/Basliga_Gore_Textbox'

2021-10-21 14:34:43 - [MESSAGE][INFO] - Checking timeout

2021-10-21 14:34:43 - [MESSAGE][INFO] - Finding web element with id: 'Object Repository/Filtreler/Basliklar' located by 'By.cssSelector: .control-label.col-sm-4.paddingMarginRLC' in '10' second(s)

2021-10-21 14:34:43 - [MESSAGE][INFO] - Smart Wait Function is triggered

2021-10-21 14:34:43 - [MESSAGE][INFO] - Found 19 web elements with id: 'Object Repository/Filtreler/Basliklar' located by 'By.cssSelector: .control-label.col-sm-4.paddingMarginRLC' in '10' second(s)

2021-10-21 14:34:44 - [MESSAGE][INFO] - Smart Wait Function is triggered

2021-10-21 14:34:44 - [MESSAGE][PASSED] - Method.TextDegerineEsitElementinAltindakiTextboxtaYaz is PASSED

2021-10-21 14:34:44 - [MESSAGE][PASSED] - Call Test Case 'Test Cases/Filtreler/EttnYaz' successfully

2021-10-21 14:34:44 - [MESSAGE][INFO] - Checking called Test Case

2021-10-21 14:34:44 - [MESSAGE][INFO] - Starting to call Test Case 'Test Cases/Filtreler/ButonaTikla'

2021-10-21 14:34:44 - [TEST_CASE][PASSED] - Test Cases/Filtreler/ButonaTikla: Test Cases/Filtreler/ButonaTikla

2021-10-21 14:34:44 - [TEST_STEP][PASSED] - Method.TextDegerineEsitElementeTikla(findTestObject("Filtreler/Butonlar"), Filtre_Buton): Method.TextDegerineEsitElementeTikla is PASSED

2021-10-21 14:34:44 - [MESSAGE][INFO] - Finding Test Object 'Object Repository/Filtreler/Butonlar'

2021-10-21 14:34:44 - [MESSAGE][INFO] - Checking timeout

2021-10-21 14:34:44 - [MESSAGE][INFO] - Finding web element with id: 'Object Repository/Filtreler/Butonlar' located by 'By.cssSelector: .dxb>span' in '10' second(s)

2021-10-21 14:34:44 - [MESSAGE][INFO] - Smart Wait Function is triggered

2021-10-21 14:34:45 - [MESSAGE][INFO] - Found 3 web elements with id: 'Object Repository/Filtreler/Butonlar' located by 'By.cssSelector: .dxb>span' in '10' second(s)

2021-10-21 14:34:45 - [MESSAGE][PASSED] - Method.TextDegerineEsitElementeTikla is PASSED

2021-10-21 14:34:45 - [MESSAGE][PASSED] - Call Test Case 'Test Cases/Filtreler/ButonaTikla' successfully

2021-10-21 14:34:45 - [MESSAGE][INFO] - Checking called Test Case

2021-10-21 14:34:45 - [MESSAGE][INFO] - Starting to call Test Case 'Test Cases/Tablo/TablodaVeriVarMi'

2021-10-21 14:34:45 - [TEST_CASE][PASSED] - Test Cases/Tablo/TablodaVeriVarMi: Test Cases/Tablo/TablodaVeriVarMi

2021-10-21 14:34:45 - [TEST_STEP][PASSED] - verifyTextNotPresent("Görüntülenecek veri yok", true): Text 'Görüntülenecek veri yok' is not present on page using regular expression

2021-10-21 14:34:45 - [MESSAGE][INFO] - Checking text present  using regular expression

2021-10-21 14:34:45 - [MESSAGE][INFO] - Smart Wait Function is triggered

2021-10-21 14:34:46 - [MESSAGE][INFO] - Finding text 'Görüntülenecek veri yok' on page  using regular expression

2021-10-21 14:34:46 - [MESSAGE][PASSED] - Text 'Görüntülenecek veri yok' is not present on page using regular expression

2021-10-21 14:34:46 - [MESSAGE][PASSED] - Call Test Case 'Test Cases/Tablo/TablodaVeriVarMi' successfully

2021-10-21 14:34:46 - [MESSAGE][INFO] - Checking called Test Case

2021-10-21 14:34:46 - [MESSAGE][INFO] - Starting to call Test Case 'Test Cases/Tablo/TablodaVeriBasariliMiArsiv'

2021-10-21 14:34:46 - [TEST_CASE][PASSED] - Test Cases/Tablo/TablodaVeriBasariliMiArsiv: Test Cases/Tablo/TablodaVeriBasariliMiArsiv

2021-10-21 14:34:46 - [TEST_STEP][PASSED] - sayac = 80: null

2021-10-21 14:34:46 - [TEST_STEP][PASSED] - while (verifyElementText(findTestObject("Object Repository/Tablo/DurumBilgisiArsiv"), "Henüz Sonuçlanmadı", OPTIONAL)): Actual text 'Başarılı' and expected text 'Henüz Sonuçlanmadı' of test object 'Object Repository/Tablo/DurumBilgisiArsiv' are NOT matched. (Root cause: com.kms.katalon.core.exception.StepFailedException: Actual text 'Başarılı' and expected text 'Henüz Sonuçlanmadı' of test object 'Object Repository/Tablo/DurumBilgisiArsiv' are NOT matched.
	at com.kms.katalon.core.webui.keyword.internal.WebUIKeywordMain.stepFailed(WebUIKeywordMain.groovy:64)
	at com.kms.katalon.core.webui.keyword.builtin.VerifyElementTextKeyword$_verifyElementText_closure1.doCall(VerifyElementTextKeyword.groovy:57)
	at com.kms.katalon.core.webui.keyword.builtin.VerifyElementTextKeyword$_verifyElementText_closure1.call(VerifyElementTextKeyword.groovy)
	at com.kms.katalon.core.webui.keyword.internal.WebUIKeywordMain.runKeyword(WebUIKeywordMain.groovy:20)
	at com.kms.katalon.core.webui.keyword.builtin.VerifyElementTextKeyword.verifyElementText(VerifyElementTextKeyword.groovy:72)
	at com.kms.katalon.core.webui.keyword.builtin.VerifyElementTextKeyword.execute(VerifyElementTextKeyword.groovy:40)
	at com.kms.katalon.core.keyword.internal.KeywordExecutor.executeKeywordForPlatform(KeywordExecutor.groovy:73)
	at com.kms.katalon.core.webui.keyword.WebUiBuiltInKeywords.verifyElementText(WebUiBuiltInKeywords.groovy:4733)
	at com.kms.katalon.core.webui.keyword.WebUiBuiltInKeywords$verifyElementText$20.call(Unknown Source)
	at TablodaVeriBasariliMiArsiv.run(TablodaVeriBasariliMiArsiv:22)
	at com.kms.katalon.core.main.ScriptEngine.run(ScriptEngine.java:194)
	at com.kms.katalon.core.main.ScriptEngine.runScriptAsRawText(ScriptEngine.java:119)
	at com.kms.katalon.core.main.TestCaseExecutor.runScript(TestCaseExecutor.java:369)
	at com.kms.katalon.core.main.TestCaseExecutor.doExecute(TestCaseExecutor.java:360)
	at com.kms.katalon.core.main.TestCaseExecutor.processExecutionPhase(TestCaseExecutor.java:339)
	at com.kms.katalon.core.main.TestCaseExecutor.accessMainPhase(TestCaseExecutor.java:331)
	at com.kms.katalon.core.main.TestCaseExecutor.execute(TestCaseExecutor.java:248)
	at com.kms.katalon.core.main.TestCaseMain.runTestCase(TestCaseMain.java:138)
	at com.kms.katalon.core.keyword.builtin.CallTestCaseKeyword$_callTestCase_closure1.doCall(CallTestCaseKeyword.groovy:59)
	at com.kms.katalon.core.keyword.builtin.CallTestCaseKeyword$_callTestCase_closure1.call(CallTestCaseKeyword.groovy)
	at com.kms.katalon.core.keyword.internal.KeywordMain.runKeyword(KeywordMain.groovy:68)
	at com.kms.katalon.core.keyword.builtin.CallTestCaseKeyword.callTestCase(CallTestCaseKeyword.groovy:81)
	at com.kms.katalon.core.keyword.builtin.CallTestCaseKeyword.execute(CallTestCaseKeyword.groovy:44)
	at com.kms.katalon.core.keyword.internal.KeywordExecutor.executeKeywordForPlatform(KeywordExecutor.groovy:73)
	at com.kms.katalon.core.keyword.BuiltinKeywords.callTestCase(BuiltinKeywords.groovy:334)
	at tablo.tablo.tablodaVeriBasariliMiArsiv(tablo.groovy:95)
	at cucumber.runtime.Utils$1.call(Utils.java:26)
	at cucumber.runtime.Timeout.timeout(Timeout.java:16)
	at cucumber.runtime.Utils.invoke(Utils.java:20)
	at cucumber.runtime.java.JavaStepDefinition.execute(JavaStepDefinition.java:49)
	at cucumber.runner.PickleStepDefinitionMatch.runStep(PickleStepDefinitionMatch.java:50)
	at cucumber.runner.TestStep.executeStep(TestStep.java:63)
	at cucumber.runner.TestStep.run(TestStep.java:49)
	at cucumber.runner.PickleStepTestStep.run(PickleStepTestStep.java:43)
	at cucumber.runner.TestCase.run(TestCase.java:44)
	at cucumber.runner.Runner.runPickle(Runner.java:40)
	at cucumber.runtime.Runtime$1.run(Runtime.java:84)
	at cucumber.runtime.Runtime$SameThreadExecutorService.execute(Runtime.java:220)
	at cucumber.runtime.Runtime.run(Runtime.java:81)
	at cucumber.api.cli.Main.run(Main.java:26)
	at cucumber.api.cli.Main$run.call(Unknown Source)
	at com.kms.katalon.core.cucumber.keyword.CucumberBuiltinKeywords$_runFeatureFile_closure1.doCall(CucumberBuiltinKeywords.groovy:106)
	at com.kms.katalon.core.cucumber.keyword.CucumberBuiltinKeywords$_runFeatureFile_closure1.doCall(CucumberBuiltinKeywords.groovy)
	at com.kms.katalon.core.keyword.internal.KeywordMain.runKeyword(KeywordMain.groovy:68)
	at com.kms.katalon.core.keyword.internal.KeywordMain$runKeyword.call(Unknown Source)
	at com.kms.katalon.core.cucumber.keyword.CucumberBuiltinKeywords.runFeatureFile(CucumberBuiltinKeywords.groovy:73)
	at com.kms.katalon.core.cucumber.keyword.CucumberBuiltinKeywords$runFeatureFile$0.callStatic(Unknown Source)
	at com.kms.katalon.core.cucumber.keyword.CucumberBuiltinKeywords.runFeatureFile(CucumberBuiltinKeywords.groovy:246)
	at com.kms.katalon.core.cucumber.keyword.CucumberBuiltinKeywords$runFeatureFile.call(Unknown Source)
	at VKN-Kagit-Istisna.run(VKN-Kagit-Istisna:19)
	at com.kms.katalon.core.main.ScriptEngine.run(ScriptEngine.java:194)
	at com.kms.katalon.core.main.ScriptEngine.runScriptAsRawText(ScriptEngine.java:119)
	at com.kms.katalon.core.main.TestCaseExecutor.runScript(TestCaseExecutor.java:369)
	at com.kms.katalon.core.main.TestCaseExecutor.doExecute(TestCaseExecutor.java:360)
	at com.kms.katalon.core.main.TestCaseExecutor.processExecutionPhase(TestCaseExecutor.java:339)
	at com.kms.katalon.core.main.TestCaseExecutor.accessMainPhase(TestCaseExecutor.java:331)
	at com.kms.katalon.core.main.TestCaseExecutor.execute(TestCaseExecutor.java:248)
	at com.kms.katalon.core.main.TestSuiteExecutor.accessTestCaseMainPhase(TestSuiteExecutor.java:191)
	at com.kms.katalon.core.main.TestSuiteExecutor.accessTestSuiteMainPhase(TestSuiteExecutor.java:140)
	at com.kms.katalon.core.main.TestSuiteExecutor.execute(TestSuiteExecutor.java:89)
	at com.kms.katalon.core.main.TestCaseMain.startTestSuite(TestCaseMain.java:181)
	at com.kms.katalon.core.main.TestCaseMain$startTestSuite$0.call(Unknown Source)
	at TempTestSuite1634814289741.run(TempTestSuite1634814289741.groovy:39)
)

2021-10-21 14:34:46 - [MESSAGE][INFO] - Finding Test Object 'Object Repository/Tablo/DurumBilgisiArsiv'

2021-10-21 14:34:46 - [MESSAGE][INFO] - Checking object

2021-10-21 14:34:46 - [MESSAGE][INFO] - Finding web element from Test Object's properties

2021-10-21 14:34:46 - [MESSAGE][INFO] - Checking timeout

2021-10-21 14:34:46 - [MESSAGE][INFO] - Finding web element with id: 'Object Repository/Tablo/DurumBilgisiArsiv' located by 'By.xpath: //*[@id = 'GridViewEArchiveInvoices_tccell0_9']' in '30' second(s)

2021-10-21 14:34:46 - [MESSAGE][INFO] - Smart Wait Function is triggered

2021-10-21 14:34:46 - [MESSAGE][INFO] - Found 1 web elements with id: 'Object Repository/Tablo/DurumBilgisiArsiv' located by 'By.xpath: //*[@id = 'GridViewEArchiveInvoices_tccell0_9']' in '30' second(s)

2021-10-21 14:34:46 - [MESSAGE][WARNING] - Actual text 'Başarılı' and expected text 'Henüz Sonuçlanmadı' of test object 'Object Repository/Tablo/DurumBilgisiArsiv' are NOT matched. (Root cause: com.kms.katalon.core.exception.StepFailedException: Actual text 'Başarılı' and expected text 'Henüz Sonuçlanmadı' of test object 'Object Repository/Tablo/DurumBilgisiArsiv' are NOT matched.
	at com.kms.katalon.core.webui.keyword.internal.WebUIKeywordMain.stepFailed(WebUIKeywordMain.groovy:64)
	at com.kms.katalon.core.webui.keyword.builtin.VerifyElementTextKeyword$_verifyElementText_closure1.doCall(VerifyElementTextKeyword.groovy:57)
	at com.kms.katalon.core.webui.keyword.builtin.VerifyElementTextKeyword$_verifyElementText_closure1.call(VerifyElementTextKeyword.groovy)
	at com.kms.katalon.core.webui.keyword.internal.WebUIKeywordMain.runKeyword(WebUIKeywordMain.groovy:20)
	at com.kms.katalon.core.webui.keyword.builtin.VerifyElementTextKeyword.verifyElementText(VerifyElementTextKeyword.groovy:72)
	at com.kms.katalon.core.webui.keyword.builtin.VerifyElementTextKeyword.execute(VerifyElementTextKeyword.groovy:40)
	at com.kms.katalon.core.keyword.internal.KeywordExecutor.executeKeywordForPlatform(KeywordExecutor.groovy:73)
	at com.kms.katalon.core.webui.keyword.WebUiBuiltInKeywords.verifyElementText(WebUiBuiltInKeywords.groovy:4733)
	at com.kms.katalon.core.webui.keyword.WebUiBuiltInKeywords$verifyElementText$20.call(Unknown Source)
	at TablodaVeriBasariliMiArsiv.run(TablodaVeriBasariliMiArsiv:22)
	at com.kms.katalon.core.main.ScriptEngine.run(ScriptEngine.java:194)
	at com.kms.katalon.core.main.ScriptEngine.runScriptAsRawText(ScriptEngine.java:119)
	at com.kms.katalon.core.main.TestCaseExecutor.runScript(TestCaseExecutor.java:369)
	at com.kms.katalon.core.main.TestCaseExecutor.doExecute(TestCaseExecutor.java:360)
	at com.kms.katalon.core.main.TestCaseExecutor.processExecutionPhase(TestCaseExecutor.java:339)
	at com.kms.katalon.core.main.TestCaseExecutor.accessMainPhase(TestCaseExecutor.java:331)
	at com.kms.katalon.core.main.TestCaseExecutor.execute(TestCaseExecutor.java:248)
	at com.kms.katalon.core.main.TestCaseMain.runTestCase(TestCaseMain.java:138)
	at com.kms.katalon.core.keyword.builtin.CallTestCaseKeyword$_callTestCase_closure1.doCall(CallTestCaseKeyword.groovy:59)
	at com.kms.katalon.core.keyword.builtin.CallTestCaseKeyword$_callTestCase_closure1.call(CallTestCaseKeyword.groovy)
	at com.kms.katalon.core.keyword.internal.KeywordMain.runKeyword(KeywordMain.groovy:68)
	at com.kms.katalon.core.keyword.builtin.CallTestCaseKeyword.callTestCase(CallTestCaseKeyword.groovy:81)
	at com.kms.katalon.core.keyword.builtin.CallTestCaseKeyword.execute(CallTestCaseKeyword.groovy:44)
	at com.kms.katalon.core.keyword.internal.KeywordExecutor.executeKeywordForPlatform(KeywordExecutor.groovy:73)
	at com.kms.katalon.core.keyword.BuiltinKeywords.callTestCase(BuiltinKeywords.groovy:334)
	at tablo.tablo.tablodaVeriBasariliMiArsiv(tablo.groovy:95)
	at cucumber.runtime.Utils$1.call(Utils.java:26)
	at cucumber.runtime.Timeout.timeout(Timeout.java:16)
	at cucumber.runtime.Utils.invoke(Utils.java:20)
	at cucumber.runtime.java.JavaStepDefinition.execute(JavaStepDefinition.java:49)
	at cucumber.runner.PickleStepDefinitionMatch.runStep(PickleStepDefinitionMatch.java:50)
	at cucumber.runner.TestStep.executeStep(TestStep.java:63)
	at cucumber.runner.TestStep.run(TestStep.java:49)
	at cucumber.runner.PickleStepTestStep.run(PickleStepTestStep.java:43)
	at cucumber.runner.TestCase.run(TestCase.java:44)
	at cucumber.runner.Runner.runPickle(Runner.java:40)
	at cucumber.runtime.Runtime$1.run(Runtime.java:84)
	at cucumber.runtime.Runtime$SameThreadExecutorService.execute(Runtime.java:220)
	at cucumber.runtime.Runtime.run(Runtime.java:81)
	at cucumber.api.cli.Main.run(Main.java:26)
	at cucumber.api.cli.Main$run.call(Unknown Source)
	at com.kms.katalon.core.cucumber.keyword.CucumberBuiltinKeywords$_runFeatureFile_closure1.doCall(CucumberBuiltinKeywords.groovy:106)
	at com.kms.katalon.core.cucumber.keyword.CucumberBuiltinKeywords$_runFeatureFile_closure1.doCall(CucumberBuiltinKeywords.groovy)
	at com.kms.katalon.core.keyword.internal.KeywordMain.runKeyword(KeywordMain.groovy:68)
	at com.kms.katalon.core.keyword.internal.KeywordMain$runKeyword.call(Unknown Source)
	at com.kms.katalon.core.cucumber.keyword.CucumberBuiltinKeywords.runFeatureFile(CucumberBuiltinKeywords.groovy:73)
	at com.kms.katalon.core.cucumber.keyword.CucumberBuiltinKeywords$runFeatureFile$0.callStatic(Unknown Source)
	at com.kms.katalon.core.cucumber.keyword.CucumberBuiltinKeywords.runFeatureFile(CucumberBuiltinKeywords.groovy:246)
	at com.kms.katalon.core.cucumber.keyword.CucumberBuiltinKeywords$runFeatureFile.call(Unknown Source)
	at VKN-Kagit-Istisna.run(VKN-Kagit-Istisna:19)
	at com.kms.katalon.core.main.ScriptEngine.run(ScriptEngine.java:194)
	at com.kms.katalon.core.main.ScriptEngine.runScriptAsRawText(ScriptEngine.java:119)
	at com.kms.katalon.core.main.TestCaseExecutor.runScript(TestCaseExecutor.java:369)
	at com.kms.katalon.core.main.TestCaseExecutor.doExecute(TestCaseExecutor.java:360)
	at com.kms.katalon.core.main.TestCaseExecutor.processExecutionPhase(TestCaseExecutor.java:339)
	at com.kms.katalon.core.main.TestCaseExecutor.accessMainPhase(TestCaseExecutor.java:331)
	at com.kms.katalon.core.main.TestCaseExecutor.execute(TestCaseExecutor.java:248)
	at com.kms.katalon.core.main.TestSuiteExecutor.accessTestCaseMainPhase(TestSuiteExecutor.java:191)
	at com.kms.katalon.core.main.TestSuiteExecutor.accessTestSuiteMainPhase(TestSuiteExecutor.java:140)
	at com.kms.katalon.core.main.TestSuiteExecutor.execute(TestSuiteExecutor.java:89)
	at com.kms.katalon.core.main.TestCaseMain.startTestSuite(TestCaseMain.java:181)
	at com.kms.katalon.core.main.TestCaseMain$startTestSuite$0.call(Unknown Source)
	at TempTestSuite1634814289741.run(TempTestSuite1634814289741.groovy:39)
)

2021-10-21 14:34:46 - [TEST_STEP][PASSED] - Method.TextDegerineEsitElementVarMi(findTestObject("Object Repository/Tablo/DurumBilgisiArsiv"), "Başarılı"): Method.TextDegerineEsitElementVarMi is PASSED

2021-10-21 14:34:46 - [MESSAGE][INFO] - Finding Test Object 'Object Repository/Tablo/DurumBilgisiArsiv'

2021-10-21 14:34:46 - [MESSAGE][INFO] - Checking timeout

2021-10-21 14:34:46 - [MESSAGE][INFO] - Finding web element with id: 'Object Repository/Tablo/DurumBilgisiArsiv' located by 'By.xpath: //*[@id = 'GridViewEArchiveInvoices_tccell0_9']' in '10' second(s)

2021-10-21 14:34:46 - [MESSAGE][INFO] - Smart Wait Function is triggered

2021-10-21 14:34:46 - [MESSAGE][INFO] - Found 1 web elements with id: 'Object Repository/Tablo/DurumBilgisiArsiv' located by 'By.xpath: //*[@id = 'GridViewEArchiveInvoices_tccell0_9']' in '10' second(s)

2021-10-21 14:34:46 - [MESSAGE][PASSED] - Method.TextDegerineEsitElementVarMi is PASSED

2021-10-21 14:34:46 - [MESSAGE][PASSED] - Call Test Case 'Test Cases/Tablo/TablodaVeriBasariliMiArsiv' successfully

2021-10-21 14:34:46 - [MESSAGE][INFO] - Checking called Test Case

2021-10-21 14:34:46 - [MESSAGE][INFO] - Starting to call Test Case 'Test Cases/Kullanici_Islemleri/KullaniciIslemlerindenSecimYapilir'

2021-10-21 14:34:47 - [TEST_CASE][PASSED] - Test Cases/Kullanici_Islemleri/KullaniciIslemlerindenSecimYapilir: Test Cases/Kullanici_Islemleri/KullaniciIslemlerindenSecimYapilir

2021-10-21 14:34:47 - [TEST_STEP][PASSED] - waitForElementClickable(findTestObject("Object Repository/Kullanici_Islemleri/KullaniciIslemleri"), 10): Object 'Object Repository/Kullanici_Islemleri/KullaniciIslemleri' is clickable

2021-10-21 14:34:47 - [MESSAGE][INFO] - Finding Test Object 'Object Repository/Kullanici_Islemleri/KullaniciIslemleri'

2021-10-21 14:34:47 - [MESSAGE][INFO] - Checking object

2021-10-21 14:34:47 - [MESSAGE][INFO] - Checking timeout

2021-10-21 14:34:47 - [MESSAGE][INFO] - Finding web element from Test Object's properties

2021-10-21 14:34:47 - [MESSAGE][INFO] - Checking timeout

2021-10-21 14:34:47 - [MESSAGE][INFO] - Finding web element with id: 'Object Repository/Kullanici_Islemleri/KullaniciIslemleri' located by 'By.cssSelector: .dropdown>a>img' in '10' second(s)

2021-10-21 14:34:47 - [MESSAGE][INFO] - Smart Wait Function is triggered

2021-10-21 14:34:47 - [MESSAGE][INFO] - Found 1 web elements with id: 'Object Repository/Kullanici_Islemleri/KullaniciIslemleri' located by 'By.cssSelector: .dropdown>a>img' in '10' second(s)

2021-10-21 14:34:47 - [MESSAGE][PASSED] - Object 'Object Repository/Kullanici_Islemleri/KullaniciIslemleri' is clickable

2021-10-21 14:34:47 - [TEST_STEP][PASSED] - click(findTestObject("Object Repository/Kullanici_Islemleri/KullaniciIslemleri")): Object: 'Object Repository/Kullanici_Islemleri/KullaniciIslemleri' is clicked on

2021-10-21 14:34:47 - [MESSAGE][INFO] - Finding Test Object 'Object Repository/Kullanici_Islemleri/KullaniciIslemleri'

2021-10-21 14:34:47 - [MESSAGE][INFO] - Checking object

2021-10-21 14:34:47 - [MESSAGE][INFO] - Finding web element from Test Object's properties

2021-10-21 14:34:47 - [MESSAGE][INFO] - Checking timeout

2021-10-21 14:34:47 - [MESSAGE][INFO] - Finding web element with id: 'Object Repository/Kullanici_Islemleri/KullaniciIslemleri' located by 'By.cssSelector: .dropdown>a>img' in '30' second(s)

2021-10-21 14:34:47 - [MESSAGE][INFO] - Smart Wait Function is triggered

2021-10-21 14:34:47 - [MESSAGE][INFO] - Found 1 web elements with id: 'Object Repository/Kullanici_Islemleri/KullaniciIslemleri' located by 'By.cssSelector: .dropdown>a>img' in '30' second(s)

2021-10-21 14:34:47 - [MESSAGE][INFO] - Clicking on object: 'Object Repository/Kullanici_Islemleri/KullaniciIslemleri'

2021-10-21 14:34:47 - [MESSAGE][PASSED] - Object: 'Object Repository/Kullanici_Islemleri/KullaniciIslemleri' is clicked on

2021-10-21 14:34:47 - [TEST_STEP][PASSED] - Method.TextDegerineEsitElementeTikla(findTestObject("Object Repository/Kullanici_Islemleri/Secenekler"), Islem): Method.TextDegerineEsitElementeTikla is PASSED

2021-10-21 14:34:47 - [MESSAGE][INFO] - Finding Test Object 'Object Repository/Kullanici_Islemleri/Secenekler'

2021-10-21 14:34:47 - [MESSAGE][INFO] - Checking timeout

2021-10-21 14:34:47 - [MESSAGE][INFO] - Finding web element with id: 'Object Repository/Kullanici_Islemleri/Secenekler' located by 'By.cssSelector: .nav.navbar-nav.navbar-right li a' in '10' second(s)

2021-10-21 14:34:47 - [MESSAGE][INFO] - Smart Wait Function is triggered

2021-10-21 14:34:48 - [MESSAGE][INFO] - Found 20 web elements with id: 'Object Repository/Kullanici_Islemleri/Secenekler' located by 'By.cssSelector: .nav.navbar-nav.navbar-right li a' in '10' second(s)

2021-10-21 14:34:50 - [MESSAGE][PASSED] - Method.TextDegerineEsitElementeTikla is PASSED

2021-10-21 14:34:50 - [TEST_STEP][PASSED] - verifyElementNotPresent(findTestObject("Object Repository/Kullanici_Islemleri/Secenekler"), 10): Web element with id: 'Object Repository/Kullanici_Islemleri/Secenekler' located by 'By.cssSelector: .nav.navbar-nav.navbar-right li a' is not present after '10' second(s)

2021-10-21 14:34:50 - [MESSAGE][INFO] - Finding Test Object 'Object Repository/Kullanici_Islemleri/Secenekler'

2021-10-21 14:34:50 - [MESSAGE][INFO] - Checking object

2021-10-21 14:34:50 - [MESSAGE][INFO] - Checking timeout

2021-10-21 14:34:50 - [MESSAGE][INFO] - Finding web element with id: 'Object Repository/Kullanici_Islemleri/Secenekler' located by 'By.cssSelector: .nav.navbar-nav.navbar-right li a' in '10' second(s)

2021-10-21 14:34:50 - [MESSAGE][INFO] - Smart Wait Function is triggered

2021-10-21 14:34:50 - [MESSAGE][PASSED] - Web element with id: 'Object Repository/Kullanici_Islemleri/Secenekler' located by 'By.cssSelector: .nav.navbar-nav.navbar-right li a' is not present after '10' second(s)

2021-10-21 14:34:50 - [MESSAGE][PASSED] - Call Test Case 'Test Cases/Kullanici_Islemleri/KullaniciIslemlerindenSecimYapilir' successfully

2021-10-21 14:34:50 - [TEST_CASE][PASSED] - Start Test Case : SCENARIO Gonderim tipi Kagit ve Istisna tipinde e-Arsiv faturasi olusturulmasi: SCENARIO Gonderim tipi Kagit ve Istisna tipinde e-Arsiv faturasi olusturulmasi

2021-10-21 14:34:50 - [TEST_STEP][PASSED] - Kullanıcı adı EARISTISNA ve Şifre test1234 olarak giriş yapılır: Kullanıcı adı EARISTISNA ve Şifre test1234 olarak giriş yapılır

2021-10-21 14:34:50 - [MESSAGE][PASSED] - Kullanıcı adı EARISTISNA ve Şifre test1234 olarak giriş yapılır

2021-10-21 14:34:50 - [TEST_STEP][PASSED] - Ana menüden e-Arşiv seçilir: Ana menüden e-Arşiv seçilir

2021-10-21 14:34:50 - [MESSAGE][PASSED] - Ana menüden e-Arşiv seçilir

2021-10-21 14:34:50 - [TEST_STEP][PASSED] - Alt menü e-Arşiv Araçları başlığı altındaki e-Arşiv Fatura Oluşturma seçilir: Alt menü e-Arşiv Araçları başlığı altındaki e-Arşiv Fatura Oluşturma seçilir

2021-10-21 14:34:50 - [MESSAGE][PASSED] - Alt menü e-Arşiv Araçları başlığı altındaki e-Arşiv Fatura Oluşturma seçilir

2021-10-21 14:34:50 - [TEST_STEP][PASSED] - Tablodaki tüm veriler silinir: Tablodaki tüm veriler silinir

2021-10-21 14:34:50 - [MESSAGE][PASSED] - Tablodaki tüm veriler silinir

2021-10-21 14:34:50 - [TEST_STEP][PASSED] - Butonlardan Ekle isimli butona tıklanır: Butonlardan Ekle isimli butona tıklanır

2021-10-21 14:34:50 - [MESSAGE][PASSED] - Butonlardan Ekle isimli butona tıklanır

2021-10-21 14:34:50 - [TEST_STEP][PASSED] - Görsel tasarım sayfasının e-Arşiv Fatura Bilgileri başlığını içerdiği kontrol edilir: Görsel tasarım sayfasının e-Arşiv Fatura Bilgileri başlığını içerdiği kontrol edilir

2021-10-21 14:34:50 - [MESSAGE][PASSED] - Görsel tasarım sayfasının e-Arşiv Fatura Bilgileri başlığını içerdiği kontrol edilir

2021-10-21 14:34:50 - [TEST_STEP][PASSED] - Alıcı adı alanına UC0013 girilir: Alıcı adı alanına UC0013 girilir

2021-10-21 14:34:50 - [MESSAGE][PASSED] - Alıcı adı alanına UC0013 girilir

2021-10-21 14:34:50 - [TEST_STEP][PASSED] - Gönderim Şekli Kağıt olarak seçilir: Gönderim Şekli Kağıt olarak seçilir

2021-10-21 14:34:50 - [MESSAGE][PASSED] - Gönderim Şekli Kağıt olarak seçilir

2021-10-21 14:34:50 - [TEST_STEP][PASSED] - Tip alanından İstisna seçilir: Tip alanından İstisna seçilir

2021-10-21 14:34:50 - [MESSAGE][PASSED] - Tip alanından İstisna seçilir

2021-10-21 14:34:50 - [TEST_STEP][PASSED] - Döküman Para Birimi alanından Türk Lirası seçilir: Döküman Para Birimi alanından Türk Lirası seçilir

2021-10-21 14:34:50 - [MESSAGE][PASSED] - Döküman Para Birimi alanından Türk Lirası seçilir

2021-10-21 14:34:50 - [TEST_STEP][PASSED] - Ön Ek EAR olarak seçilir: Ön Ek EAR olarak seçilir

2021-10-21 14:34:50 - [MESSAGE][PASSED] - Ön Ek EAR olarak seçilir

2021-10-21 14:34:50 - [TEST_STEP][PASSED] - Tasarım alanından Otomasyon seçilir: Tasarım alanından Otomasyon seçilir

2021-10-21 14:34:50 - [MESSAGE][PASSED] - Tasarım alanından Otomasyon seçilir

2021-10-21 14:34:50 - [TEST_STEP][PASSED] - Sipariş bilgileri UUC-SAT-1200001 ve 31.04.2020 olarak girilir: Sipariş bilgileri UUC-SAT-1200001 ve 31.04.2020 olarak girilir

2021-10-21 14:34:50 - [MESSAGE][PASSED] - Sipariş bilgileri UUC-SAT-1200001 ve 31.04.2020 olarak girilir

2021-10-21 14:34:50 - [TEST_STEP][PASSED] - İrsaliye Bilgileri AAAAAAAAAA,31.04.2020 olarak girilir: İrsaliye Bilgileri AAAAAAAAAA,31.04.2020 olarak girilir

2021-10-21 14:34:50 - [MESSAGE][PASSED] - İrsaliye Bilgileri AAAAAAAAAA,31.04.2020 olarak girilir

2021-10-21 14:34:50 - [TEST_STEP][PASSED] - Ekle butonuna basılır: Ekle butonuna basılır

2021-10-21 14:34:50 - [MESSAGE][PASSED] - Ekle butonuna basılır

2021-10-21 14:34:50 - [TEST_STEP][PASSED] - Ürün ekleme alanında Mal/Hizmet başlığına Otomasyon girilir: Ürün ekleme alanında Mal/Hizmet başlığına Otomasyon girilir

2021-10-21 14:34:50 - [MESSAGE][PASSED] - Ürün ekleme alanında Mal/Hizmet başlığına Otomasyon girilir

2021-10-21 14:34:50 - [TEST_STEP][PASSED] - Ürün ekleme alanında Açıklaması başlığına Virgosol girilir: Ürün ekleme alanında Açıklaması başlığına Virgosol girilir

2021-10-21 14:34:50 - [MESSAGE][PASSED] - Ürün ekleme alanında Açıklaması başlığına Virgosol girilir

2021-10-21 14:34:50 - [TEST_STEP][PASSED] - Ürün ekleme alanında Miktarı başlığına 400 girilir: Ürün ekleme alanında Miktarı başlığına 400 girilir

2021-10-21 14:34:50 - [MESSAGE][PASSED] - Ürün ekleme alanında Miktarı başlığına 400 girilir

2021-10-21 14:34:50 - [TEST_STEP][PASSED] - Ürün ekleme alanında Birim Fiyat başlığına 100 girilir: Ürün ekleme alanında Birim Fiyat başlığına 100 girilir

2021-10-21 14:34:50 - [MESSAGE][PASSED] - Ürün ekleme alanında Birim Fiyat başlığına 100 girilir

2021-10-21 14:34:50 - [TEST_STEP][PASSED] - Ürün ekleme alanında İskonto Oranı % başlığına 10 girilir: Ürün ekleme alanında İskonto Oranı % başlığına 10 girilir

2021-10-21 14:34:50 - [MESSAGE][PASSED] - Ürün ekleme alanında İskonto Oranı % başlığına 10 girilir

2021-10-21 14:34:50 - [TEST_STEP][PASSED] - Notlar alanına Otomasyon Not girilir: Notlar alanına Otomasyon Not girilir

2021-10-21 14:34:50 - [MESSAGE][PASSED] - Notlar alanına Otomasyon Not girilir

2021-10-21 14:34:50 - [TEST_STEP][PASSED] - Ettn bilgisi kayıt edilir: Ettn bilgisi kayıt edilir

2021-10-21 14:34:50 - [MESSAGE][PASSED] - Ettn bilgisi kayıt edilir

2021-10-21 14:34:50 - [TEST_STEP][PASSED] - Kaydet butonu seçilir: Kaydet butonu seçilir

2021-10-21 14:34:50 - [MESSAGE][PASSED] - Kaydet butonu seçilir

2021-10-21 14:34:50 - [TEST_STEP][PASSED] - Tabloda Ettn bilgisi kaydedilen veri oluşturuldu mu: Tabloda Ettn bilgisi kaydedilen veri oluşturuldu mu

2021-10-21 14:34:50 - [MESSAGE][PASSED] - Tabloda Ettn bilgisi kaydedilen veri oluşturuldu mu

2021-10-21 14:34:50 - [TEST_STEP][PASSED] - Tablodan Ettn bilgisi kaydedilen veri seçilir: Tablodan Ettn bilgisi kaydedilen veri seçilir

2021-10-21 14:34:50 - [MESSAGE][PASSED] - Tablodan Ettn bilgisi kaydedilen veri seçilir

2021-10-21 14:34:50 - [TEST_STEP][PASSED] - Butonlardan Numara Oluştur isimli butona tıklanır: Butonlardan Numara Oluştur isimli butona tıklanır

2021-10-21 14:34:50 - [MESSAGE][PASSED] - Butonlardan Numara Oluştur isimli butona tıklanır

2021-10-21 14:34:50 - [TEST_STEP][PASSED] - Popup mesajı Devam etmek istiyor musunuz içeriyor mu: Popup mesajı Devam etmek istiyor musunuz içeriyor mu

2021-10-21 14:34:50 - [MESSAGE][PASSED] - Popup mesajı Devam etmek istiyor musunuz içeriyor mu

2021-10-21 14:34:50 - [TEST_STEP][PASSED] - Yönetim popupında Evet seçilir: Yönetim popupında Evet seçilir

2021-10-21 14:34:50 - [MESSAGE][PASSED] - Yönetim popupında Evet seçilir

2021-10-21 14:34:50 - [TEST_STEP][PASSED] - Popup mesajı oluşmuştur içeriyor mu: Popup mesajı oluşmuştur içeriyor mu

2021-10-21 14:34:50 - [MESSAGE][PASSED] - Popup mesajı oluşmuştur içeriyor mu

2021-10-21 14:34:50 - [TEST_STEP][PASSED] - Yönetim popupında Tamam seçilir: Yönetim popupında Tamam seçilir

2021-10-21 14:34:50 - [MESSAGE][PASSED] - Yönetim popupında Tamam seçilir

2021-10-21 14:34:50 - [TEST_STEP][PASSED] - Tablodan Ettn bilgisi kaydedilen veri seçilir: Tablodan Ettn bilgisi kaydedilen veri seçilir

2021-10-21 14:34:50 - [MESSAGE][PASSED] - Tablodan Ettn bilgisi kaydedilen veri seçilir

2021-10-21 14:34:50 - [TEST_STEP][PASSED] - Butonlardan Gönder isimli butona tıklanır: Butonlardan Gönder isimli butona tıklanır

2021-10-21 14:34:50 - [MESSAGE][PASSED] - Butonlardan Gönder isimli butona tıklanır

2021-10-21 14:34:50 - [TEST_STEP][PASSED] - Popup mesajı Devam etmek istiyor musunuz içeriyor mu: Popup mesajı Devam etmek istiyor musunuz içeriyor mu

2021-10-21 14:34:50 - [MESSAGE][PASSED] - Popup mesajı Devam etmek istiyor musunuz içeriyor mu

2021-10-21 14:34:50 - [TEST_STEP][PASSED] - Yönetim popupında Evet seçilir: Yönetim popupında Evet seçilir

2021-10-21 14:34:50 - [MESSAGE][PASSED] - Yönetim popupında Evet seçilir

2021-10-21 14:34:50 - [TEST_STEP][PASSED] - Ana menüden e-Arşiv seçilir: Ana menüden e-Arşiv seçilir

2021-10-21 14:34:50 - [MESSAGE][PASSED] - Ana menüden e-Arşiv seçilir

2021-10-21 14:34:50 - [TEST_STEP][PASSED] - Alt menü e-Arşiv Hareketleri başlığı altındaki e-Arşiv Faturaları seçilir: Alt menü e-Arşiv Hareketleri başlığı altındaki e-Arşiv Faturaları seçilir

2021-10-21 14:34:50 - [MESSAGE][PASSED] - Alt menü e-Arşiv Hareketleri başlığı altındaki e-Arşiv Faturaları seçilir

2021-10-21 14:34:50 - [TEST_STEP][PASSED] - Filtrelerden Ettn filtresine Ettn bilgisi yaz: Filtrelerden Ettn filtresine Ettn bilgisi yaz

2021-10-21 14:34:50 - [MESSAGE][PASSED] - Filtrelerden Ettn filtresine Ettn bilgisi yaz

2021-10-21 14:34:50 - [TEST_STEP][PASSED] - Filtre butonlarından Listele seçilir: Filtre butonlarından Listele seçilir

2021-10-21 14:34:50 - [MESSAGE][PASSED] - Filtre butonlarından Listele seçilir

2021-10-21 14:34:50 - [TEST_STEP][PASSED] - Tabloda veri var mı kontrol edilir: Tabloda veri var mı kontrol edilir

2021-10-21 14:34:50 - [MESSAGE][PASSED] - Tabloda veri var mı kontrol edilir

2021-10-21 14:34:50 - [TEST_STEP][PASSED] - Tabloda yeni oluşturulan eArsiv verisi başarılı mı: Tabloda yeni oluşturulan eArsiv verisi başarılı mı

2021-10-21 14:34:50 - [MESSAGE][PASSED] - Tabloda yeni oluşturulan eArsiv verisi başarılı mı

2021-10-21 14:34:50 - [TEST_STEP][PASSED] - Kullanıcı işlemlerinden Çıkış seçilir: Kullanıcı işlemlerinden Çıkış seçilir

2021-10-21 14:34:50 - [MESSAGE][PASSED] - Kullanıcı işlemlerinden Çıkış seçilir

2021-10-21 14:34:50 - [MESSAGE][PASSED] - Feature file: 'Include/features/Regresyon/e-Arsiv/VKN-Kagit-Istisna.feature' was passed

2021-10-21 14:34:50 - [TEST_STEP][PASSED] - Start listener action : sampleAfterTestSuite: Invoke 'com.kms.katalon.core.annotation.AfterTestCase' method: 'Listener.sampleAfterTestSuite(...)' completed.

2021-10-21 14:34:50 - [MESSAGE][INFO] - Starting invoke 'com.kms.katalon.core.annotation.AfterTestCase' method: 'Listener.sampleAfterTestSuite(...)'

2021-10-21 14:34:50 - [TEST_STEP][PASSED] - closeBrowser(): Invoke 'com.kms.katalon.core.annotation.AfterTestCase' method: 'Listener.sampleAfterTestSuite(...)' completed.

2021-10-21 14:34:50 - [MESSAGE][INFO] - Closing browser

2021-10-21 14:34:51 - [MESSAGE][PASSED] - Browser is closed

2021-10-21 14:34:51 - [MESSAGE][INFO] - Invoke 'com.kms.katalon.core.annotation.AfterTestCase' method: 'Listener.sampleAfterTestSuite(...)' completed.]]></system-out>
         <system-err><![CDATA[]]></system-err>
      </testcase>
      <testcase name="Test Cases/Case Repository/Regresyon/e-Arsiv/VKN-Kagit-Ozel Matrah" time="119.498" classname="Test Cases/Case Repository/Regresyon/e-Arsiv/VKN-Kagit-Ozel Matrah" status="PASSED">
         <system-out><![CDATA[2021-10-21 14:34:51 - [TEST_CASE][PASSED] - Test Cases/Case Repository/Regresyon/e-Arsiv/VKN-Kagit-Ozel Matrah: Test Cases/Case Repository/Regresyon/e-Arsiv/VKN-Kagit-Ozel Matrah

2021-10-21 14:34:51 - [TEST_STEP][PASSED] - Start listener action : sampleBeforeTestSuite: Invoke 'com.kms.katalon.core.annotation.BeforeTestCase' method: 'Listener.sampleBeforeTestSuite(...)' completed.

2021-10-21 14:34:51 - [MESSAGE][INFO] - Starting invoke 'com.kms.katalon.core.annotation.BeforeTestCase' method: 'Listener.sampleBeforeTestSuite(...)'

2021-10-21 14:34:51 - [TEST_STEP][PASSED] - openBrowser(baseUrl): Browser is opened with url: 'https://efatura-stage.elogo.com.tr/'

2021-10-21 14:34:51 - [MESSAGE][INFO] - Opening browser

2021-10-21 14:34:51 - [MESSAGE][INFO] - Starting 'Chrome' driver

2021-10-21 14:34:51 - [MESSAGE][INFO] - User set preference: ['prefs', '{download.default_directory=C:\otomasyondownfiles}']

2021-10-21 14:34:51 - [MESSAGE][INFO] - Action delay is set to 0 milliseconds

2021-10-21 14:34:53 - [MESSAGE][INFO] - Navigating browser to: 'https://efatura-stage.elogo.com.tr/'

2021-10-21 14:34:55 - [MESSAGE][PASSED] - Browser is opened with url: 'https://efatura-stage.elogo.com.tr/'

2021-10-21 14:34:55 - [TEST_STEP][PASSED] - maximizeWindow(): Invoke 'com.kms.katalon.core.annotation.BeforeTestCase' method: 'Listener.sampleBeforeTestSuite(...)' completed.

2021-10-21 14:34:55 - [MESSAGE][INFO] - Maximizing current window

2021-10-21 14:34:55 - [MESSAGE][PASSED] - Current window maximized

2021-10-21 14:34:55 - [MESSAGE][INFO] - Invoke 'com.kms.katalon.core.annotation.BeforeTestCase' method: 'Listener.sampleBeforeTestSuite(...)' completed.

2021-10-21 14:34:56 - [TEST_STEP][PASSED] - runFeatureFile("Include/features/Regresyon/e-Arsiv/VKN-Kagit-Ozel Matrah.feature"): Feature file: 'Include/features/Regresyon/e-Arsiv/VKN-Kagit-Ozel Matrah.feature' was passed

2021-10-21 14:34:56 - [MESSAGE][INFO] - Starting run keyword runFeatureFile: 'Include/features/Regresyon/e-Arsiv/VKN-Kagit-Ozel Matrah.feature' and extract report to folder: 'C:\Users\DELL\Downloads\EES_Katalon-main\Reports\20211021_140437\Suite Repository\Regresyon-eArsiv-eMakbuz\20211021_140449/cucumber_report/1634816096215'...

2021-10-21 14:34:56 - [MESSAGE][INFO] - Glue: []

2021-10-21 14:34:57 - [MESSAGE][INFO] - Checking called Test Case

2021-10-21 14:34:57 - [MESSAGE][INFO] - Starting to call Test Case 'Test Cases/Sayfalar/Giris_Sayfasi/Login'

2021-10-21 14:34:57 - [TEST_CASE][PASSED] - Test Cases/Sayfalar/Giris_Sayfasi/Login: Test Cases/Sayfalar/Giris_Sayfasi/Login

2021-10-21 14:34:57 - [TEST_STEP][PASSED] - Sayfa_Basligi = getWindowTitle(): Current window's title is: 'LOGO e-Fatura'

2021-10-21 14:34:57 - [MESSAGE][INFO] - Getting current window's title

2021-10-21 14:34:57 - [MESSAGE][PASSED] - Current window's title is: 'LOGO e-Fatura'

2021-10-21 14:34:57 - [TEST_STEP][PASSED] - verifyMatch(Sayfa_Basligi, "LOGO e-Fatura", false): Actual text 'LOGO e-Fatura' and expected text 'LOGO e-Fatura' are matched 

2021-10-21 14:34:57 - [MESSAGE][INFO] - Matching actual text 'LOGO e-Fatura' with expected text 'LOGO e-Fatura'

2021-10-21 14:34:57 - [MESSAGE][PASSED] - Actual text 'LOGO e-Fatura' and expected text 'LOGO e-Fatura' are matched 

2021-10-21 14:34:57 - [TEST_STEP][PASSED] - sendKeys(findTestObject("Sayfalar/Giris_Sayfasi/Firma_Kodu"), KullaniciAdi): Keys 'EARMATRAH' sent to object: 'Object Repository/Sayfalar/Giris_Sayfasi/Firma_Kodu'

2021-10-21 14:34:57 - [MESSAGE][INFO] - Finding Test Object 'Object Repository/Sayfalar/Giris_Sayfasi/Firma_Kodu'

2021-10-21 14:34:57 - [MESSAGE][INFO] - Sending keys 'EARMATRAH' to object: 'Object Repository/Sayfalar/Giris_Sayfasi/Firma_Kodu'

2021-10-21 14:34:57 - [MESSAGE][INFO] - Finding web element from Test Object's properties

2021-10-21 14:34:57 - [MESSAGE][INFO] - Checking timeout

2021-10-21 14:34:57 - [MESSAGE][INFO] - Finding web element with id: 'Object Repository/Sayfalar/Giris_Sayfasi/Firma_Kodu' located by 'By.xpath: //*[@id = 'AccountName']' in '30' second(s)

2021-10-21 14:34:57 - [MESSAGE][INFO] - Smart Wait Function is triggered

2021-10-21 14:34:57 - [MESSAGE][INFO] - Found 1 web elements with id: 'Object Repository/Sayfalar/Giris_Sayfasi/Firma_Kodu' located by 'By.xpath: //*[@id = 'AccountName']' in '30' second(s)

2021-10-21 14:34:57 - [MESSAGE][PASSED] - Keys 'EARMATRAH' sent to object: 'Object Repository/Sayfalar/Giris_Sayfasi/Firma_Kodu'

2021-10-21 14:34:57 - [TEST_STEP][PASSED] - sendKeys(findTestObject("Sayfalar/Giris_Sayfasi/Sifre"), Sifre): Keys 'test1234' sent to object: 'Object Repository/Sayfalar/Giris_Sayfasi/Sifre'

2021-10-21 14:34:57 - [MESSAGE][INFO] - Finding Test Object 'Object Repository/Sayfalar/Giris_Sayfasi/Sifre'

2021-10-21 14:34:57 - [MESSAGE][INFO] - Sending keys 'test1234' to object: 'Object Repository/Sayfalar/Giris_Sayfasi/Sifre'

2021-10-21 14:34:57 - [MESSAGE][INFO] - Finding web element from Test Object's properties

2021-10-21 14:34:57 - [MESSAGE][INFO] - Checking timeout

2021-10-21 14:34:57 - [MESSAGE][INFO] - Finding web element with id: 'Object Repository/Sayfalar/Giris_Sayfasi/Sifre' located by 'By.xpath: //*[@id = 'Password']' in '30' second(s)

2021-10-21 14:34:57 - [MESSAGE][INFO] - Smart Wait Function is triggered

2021-10-21 14:34:58 - [MESSAGE][INFO] - Found 1 web elements with id: 'Object Repository/Sayfalar/Giris_Sayfasi/Sifre' located by 'By.xpath: //*[@id = 'Password']' in '30' second(s)

2021-10-21 14:34:58 - [MESSAGE][PASSED] - Keys 'test1234' sent to object: 'Object Repository/Sayfalar/Giris_Sayfasi/Sifre'

2021-10-21 14:34:58 - [TEST_STEP][PASSED] - findWebElement(findTestObject("Sayfalar/Giris_Sayfasi/Giris_Butonu")).click(): Found 1 web elements with id: 'Object Repository/Sayfalar/Giris_Sayfasi/Giris_Butonu' located by 'By.cssSelector: #btnLogin' in '30' second(s)

2021-10-21 14:34:58 - [MESSAGE][INFO] - Finding Test Object 'Object Repository/Sayfalar/Giris_Sayfasi/Giris_Butonu'

2021-10-21 14:34:58 - [MESSAGE][INFO] - Finding web element from Test Object's properties

2021-10-21 14:34:58 - [MESSAGE][INFO] - Checking timeout

2021-10-21 14:34:58 - [MESSAGE][INFO] - Finding web element with id: 'Object Repository/Sayfalar/Giris_Sayfasi/Giris_Butonu' located by 'By.cssSelector: #btnLogin' in '30' second(s)

2021-10-21 14:34:58 - [MESSAGE][INFO] - Smart Wait Function is triggered

2021-10-21 14:34:58 - [MESSAGE][INFO] - Found 1 web elements with id: 'Object Repository/Sayfalar/Giris_Sayfasi/Giris_Butonu' located by 'By.cssSelector: #btnLogin' in '30' second(s)

2021-10-21 14:35:00 - [TEST_STEP][PASSED] - if (verifyElementPresent(findTestObject("Object Repository/Sayfalar/Giris_Sayfasi/RetveTamam_Butonu"), 5, OPTIONAL)): null

2021-10-21 14:35:00 - [MESSAGE][INFO] - Finding Test Object 'Object Repository/Sayfalar/Giris_Sayfasi/RetveTamam_Butonu'

2021-10-21 14:35:00 - [MESSAGE][INFO] - Checking object

2021-10-21 14:35:00 - [MESSAGE][INFO] - Finding web element from Test Object's properties

2021-10-21 14:35:00 - [MESSAGE][INFO] - Checking timeout

2021-10-21 14:35:00 - [MESSAGE][INFO] - Finding web element with id: 'Object Repository/Sayfalar/Giris_Sayfasi/RetveTamam_Butonu' located by 'By.xpath: //*[@class = 'btn btn-default']' in '5' second(s)

2021-10-21 14:35:00 - [MESSAGE][INFO] - Smart Wait Function is triggered

2021-10-21 14:35:00 - [MESSAGE][INFO] - Found 1 web elements with id: 'Object Repository/Sayfalar/Giris_Sayfasi/RetveTamam_Butonu' located by 'By.xpath: //*[@class = 'btn btn-default']' in '5' second(s)

2021-10-21 14:35:00 - [MESSAGE][PASSED] - Object 'Object Repository/Sayfalar/Giris_Sayfasi/RetveTamam_Butonu' is present

2021-10-21 14:35:00 - [TEST_STEP][PASSED] - click(findTestObject("Object Repository/Sayfalar/Giris_Sayfasi/RetveTamam_Butonu")): Object: 'Object Repository/Sayfalar/Giris_Sayfasi/RetveTamam_Butonu' is clicked on

2021-10-21 14:35:00 - [MESSAGE][INFO] - Finding Test Object 'Object Repository/Sayfalar/Giris_Sayfasi/RetveTamam_Butonu'

2021-10-21 14:35:00 - [MESSAGE][INFO] - Checking object

2021-10-21 14:35:00 - [MESSAGE][INFO] - Finding web element from Test Object's properties

2021-10-21 14:35:00 - [MESSAGE][INFO] - Checking timeout

2021-10-21 14:35:00 - [MESSAGE][INFO] - Finding web element with id: 'Object Repository/Sayfalar/Giris_Sayfasi/RetveTamam_Butonu' located by 'By.xpath: //*[@class = 'btn btn-default']' in '30' second(s)

2021-10-21 14:35:00 - [MESSAGE][INFO] - Smart Wait Function is triggered

2021-10-21 14:35:01 - [MESSAGE][INFO] - Found 1 web elements with id: 'Object Repository/Sayfalar/Giris_Sayfasi/RetveTamam_Butonu' located by 'By.xpath: //*[@class = 'btn btn-default']' in '30' second(s)

2021-10-21 14:35:01 - [MESSAGE][INFO] - Clicking on object: 'Object Repository/Sayfalar/Giris_Sayfasi/RetveTamam_Butonu'

2021-10-21 14:35:01 - [MESSAGE][PASSED] - Object: 'Object Repository/Sayfalar/Giris_Sayfasi/RetveTamam_Butonu' is clicked on

2021-10-21 14:35:01 - [TEST_STEP][PASSED] - click(findTestObject("Object Repository/Sayfalar/Giris_Sayfasi/RetveTamam_Butonu")): Object: 'Object Repository/Sayfalar/Giris_Sayfasi/RetveTamam_Butonu' is clicked on

2021-10-21 14:35:01 - [MESSAGE][INFO] - Finding Test Object 'Object Repository/Sayfalar/Giris_Sayfasi/RetveTamam_Butonu'

2021-10-21 14:35:01 - [MESSAGE][INFO] - Checking object

2021-10-21 14:35:01 - [MESSAGE][INFO] - Finding web element from Test Object's properties

2021-10-21 14:35:01 - [MESSAGE][INFO] - Checking timeout

2021-10-21 14:35:01 - [MESSAGE][INFO] - Finding web element with id: 'Object Repository/Sayfalar/Giris_Sayfasi/RetveTamam_Butonu' located by 'By.xpath: //*[@class = 'btn btn-default']' in '30' second(s)

2021-10-21 14:35:01 - [MESSAGE][INFO] - Smart Wait Function is triggered

2021-10-21 14:35:04 - [MESSAGE][INFO] - Found 1 web elements with id: 'Object Repository/Sayfalar/Giris_Sayfasi/RetveTamam_Butonu' located by 'By.xpath: //*[@class = 'btn btn-default']' in '30' second(s)

2021-10-21 14:35:04 - [MESSAGE][INFO] - Clicking on object: 'Object Repository/Sayfalar/Giris_Sayfasi/RetveTamam_Butonu'

2021-10-21 14:35:04 - [MESSAGE][PASSED] - Object: 'Object Repository/Sayfalar/Giris_Sayfasi/RetveTamam_Butonu' is clicked on

2021-10-21 14:35:04 - [TEST_STEP][PASSED] - if (verifyElementPresent(findTestObject("Sayfalar/Giris_Sayfasi/PopupOK"), 5, OPTIONAL)): com.kms.katalon.core.webui.exception.WebElementNotFoundException: Web element with id: 'Object Repository/Sayfalar/Giris_Sayfasi/PopupOK' located by '.btn.btn-success' not found (Root cause: com.kms.katalon.core.exception.StepFailedException: com.kms.katalon.core.webui.exception.WebElementNotFoundException: Web element with id: 'Object Repository/Sayfalar/Giris_Sayfasi/PopupOK' located by '.btn.btn-success' not found
	at com.kms.katalon.core.webui.keyword.internal.WebUIKeywordMain.stepFailed(WebUIKeywordMain.groovy:64)
	at com.kms.katalon.core.webui.keyword.builtin.VerifyElementPresentKeyword$_verifyElementPresent_closure1.doCall(VerifyElementPresentKeyword.groovy:85)
	at com.kms.katalon.core.webui.keyword.builtin.VerifyElementPresentKeyword$_verifyElementPresent_closure1.call(VerifyElementPresentKeyword.groovy)
	at com.kms.katalon.core.webui.keyword.internal.WebUIKeywordMain.runKeyword(WebUIKeywordMain.groovy:20)
	at com.kms.katalon.core.webui.keyword.builtin.VerifyElementPresentKeyword.verifyElementPresent(VerifyElementPresentKeyword.groovy:92)
	at com.kms.katalon.core.webui.keyword.builtin.VerifyElementPresentKeyword.execute(VerifyElementPresentKeyword.groovy:68)
	at com.kms.katalon.core.keyword.internal.KeywordExecutor.executeKeywordForPlatform(KeywordExecutor.groovy:73)
	at com.kms.katalon.core.webui.keyword.WebUiBuiltInKeywords.verifyElementPresent(WebUiBuiltInKeywords.groovy:1448)
	at com.kms.katalon.core.webui.keyword.WebUiBuiltInKeywords$verifyElementPresent$4.call(Unknown Source)
	at Login.run(Login:40)
	at com.kms.katalon.core.main.ScriptEngine.run(ScriptEngine.java:194)
	at com.kms.katalon.core.main.ScriptEngine.runScriptAsRawText(ScriptEngine.java:119)
	at com.kms.katalon.core.main.TestCaseExecutor.runScript(TestCaseExecutor.java:369)
	at com.kms.katalon.core.main.TestCaseExecutor.doExecute(TestCaseExecutor.java:360)
	at com.kms.katalon.core.main.TestCaseExecutor.processExecutionPhase(TestCaseExecutor.java:339)
	at com.kms.katalon.core.main.TestCaseExecutor.accessMainPhase(TestCaseExecutor.java:331)
	at com.kms.katalon.core.main.TestCaseExecutor.execute(TestCaseExecutor.java:248)
	at com.kms.katalon.core.main.TestCaseMain.runTestCase(TestCaseMain.java:138)
	at com.kms.katalon.core.keyword.builtin.CallTestCaseKeyword$_callTestCase_closure1.doCall(CallTestCaseKeyword.groovy:59)
	at com.kms.katalon.core.keyword.builtin.CallTestCaseKeyword$_callTestCase_closure1.call(CallTestCaseKeyword.groovy)
	at com.kms.katalon.core.keyword.internal.KeywordMain.runKeyword(KeywordMain.groovy:68)
	at com.kms.katalon.core.keyword.builtin.CallTestCaseKeyword.callTestCase(CallTestCaseKeyword.groovy:81)
	at com.kms.katalon.core.keyword.builtin.CallTestCaseKeyword.execute(CallTestCaseKeyword.groovy:44)
	at com.kms.katalon.core.keyword.internal.KeywordExecutor.executeKeywordForPlatform(KeywordExecutor.groovy:73)
	at com.kms.katalon.core.keyword.BuiltinKeywords.callTestCase(BuiltinKeywords.groovy:334)
	at sayfalar.girisSayfasi.login(girisSayfasi.groovy:50)
	at cucumber.runtime.Utils$1.call(Utils.java:26)
	at cucumber.runtime.Timeout.timeout(Timeout.java:16)
	at cucumber.runtime.Utils.invoke(Utils.java:20)
	at cucumber.runtime.java.JavaStepDefinition.execute(JavaStepDefinition.java:49)
	at cucumber.runner.PickleStepDefinitionMatch.runStep(PickleStepDefinitionMatch.java:50)
	at cucumber.runner.TestStep.executeStep(TestStep.java:63)
	at cucumber.runner.TestStep.run(TestStep.java:49)
	at cucumber.runner.PickleStepTestStep.run(PickleStepTestStep.java:43)
	at cucumber.runner.TestCase.run(TestCase.java:44)
	at cucumber.runner.Runner.runPickle(Runner.java:40)
	at cucumber.runtime.Runtime$1.run(Runtime.java:84)
	at cucumber.runtime.Runtime$SameThreadExecutorService.execute(Runtime.java:220)
	at cucumber.runtime.Runtime.run(Runtime.java:81)
	at cucumber.api.cli.Main.run(Main.java:26)
	at cucumber.api.cli.Main$run.call(Unknown Source)
	at com.kms.katalon.core.cucumber.keyword.CucumberBuiltinKeywords$_runFeatureFile_closure1.doCall(CucumberBuiltinKeywords.groovy:106)
	at com.kms.katalon.core.cucumber.keyword.CucumberBuiltinKeywords$_runFeatureFile_closure1.doCall(CucumberBuiltinKeywords.groovy)
	at com.kms.katalon.core.keyword.internal.KeywordMain.runKeyword(KeywordMain.groovy:68)
	at com.kms.katalon.core.keyword.internal.KeywordMain$runKeyword.call(Unknown Source)
	at com.kms.katalon.core.cucumber.keyword.CucumberBuiltinKeywords.runFeatureFile(CucumberBuiltinKeywords.groovy:73)
	at com.kms.katalon.core.cucumber.keyword.CucumberBuiltinKeywords$runFeatureFile$0.callStatic(Unknown Source)
	at com.kms.katalon.core.cucumber.keyword.CucumberBuiltinKeywords.runFeatureFile(CucumberBuiltinKeywords.groovy:246)
	at com.kms.katalon.core.cucumber.keyword.CucumberBuiltinKeywords$runFeatureFile.call(Unknown Source)
	at VKN-Kagit-Ozel Matrah.run(VKN-Kagit-Ozel Matrah:19)
	at com.kms.katalon.core.main.ScriptEngine.run(ScriptEngine.java:194)
	at com.kms.katalon.core.main.ScriptEngine.runScriptAsRawText(ScriptEngine.java:119)
	at com.kms.katalon.core.main.TestCaseExecutor.runScript(TestCaseExecutor.java:369)
	at com.kms.katalon.core.main.TestCaseExecutor.doExecute(TestCaseExecutor.java:360)
	at com.kms.katalon.core.main.TestCaseExecutor.processExecutionPhase(TestCaseExecutor.java:339)
	at com.kms.katalon.core.main.TestCaseExecutor.accessMainPhase(TestCaseExecutor.java:331)
	at com.kms.katalon.core.main.TestCaseExecutor.execute(TestCaseExecutor.java:248)
	at com.kms.katalon.core.main.TestSuiteExecutor.accessTestCaseMainPhase(TestSuiteExecutor.java:191)
	at com.kms.katalon.core.main.TestSuiteExecutor.accessTestSuiteMainPhase(TestSuiteExecutor.java:140)
	at com.kms.katalon.core.main.TestSuiteExecutor.execute(TestSuiteExecutor.java:89)
	at com.kms.katalon.core.main.TestCaseMain.startTestSuite(TestCaseMain.java:181)
	at com.kms.katalon.core.main.TestCaseMain$startTestSuite$0.call(Unknown Source)
	at TempTestSuite1634814289741.run(TempTestSuite1634814289741.groovy:39)
)

2021-10-21 14:35:04 - [MESSAGE][INFO] - Finding Test Object 'Object Repository/Sayfalar/Giris_Sayfasi/PopupOK'

2021-10-21 14:35:04 - [MESSAGE][INFO] - Checking object

2021-10-21 14:35:04 - [MESSAGE][INFO] - Finding web element from Test Object's properties

2021-10-21 14:35:04 - [MESSAGE][INFO] - Checking timeout

2021-10-21 14:35:04 - [MESSAGE][INFO] - Finding web element with id: 'Object Repository/Sayfalar/Giris_Sayfasi/PopupOK' located by 'By.cssSelector: .btn.btn-success' in '5' second(s)

2021-10-21 14:35:04 - [MESSAGE][INFO] - Smart Wait Function is triggered

2021-10-21 14:35:05 - [MESSAGE][INFO] - Smart Wait Function is triggered

2021-10-21 14:35:05 - [MESSAGE][INFO] - Smart Wait Function is triggered

2021-10-21 14:35:05 - [MESSAGE][INFO] - Smart Wait Function is triggered

2021-10-21 14:35:06 - [MESSAGE][INFO] - Smart Wait Function is triggered

2021-10-21 14:35:06 - [MESSAGE][INFO] - Smart Wait Function is triggered

2021-10-21 14:35:06 - [MESSAGE][INFO] - Smart Wait Function is triggered

2021-10-21 14:35:06 - [MESSAGE][INFO] - Smart Wait Function is triggered

2021-10-21 14:35:07 - [MESSAGE][INFO] - Smart Wait Function is triggered

2021-10-21 14:35:07 - [MESSAGE][INFO] - Smart Wait Function is triggered

2021-10-21 14:35:07 - [MESSAGE][INFO] - Smart Wait Function is triggered

2021-10-21 14:35:07 - [MESSAGE][INFO] - Smart Wait Function is triggered

2021-10-21 14:35:08 - [MESSAGE][INFO] - Smart Wait Function is triggered

2021-10-21 14:35:08 - [MESSAGE][INFO] - Smart Wait Function is triggered

2021-10-21 14:35:08 - [MESSAGE][INFO] - Smart Wait Function is triggered

2021-10-21 14:35:09 - [MESSAGE][INFO] - Smart Wait Function is triggered

2021-10-21 14:35:09 - [MESSAGE][INFO] - Smart Wait Function is triggered

2021-10-21 14:35:09 - [MESSAGE][INFO] - Smart Wait Function is triggered

2021-10-21 14:35:09 - [MESSAGE][INFO] - Smart Wait Function is triggered

2021-10-21 14:35:10 - [MESSAGE][INFO] - Smart Wait Function is triggered

2021-10-21 14:35:10 - [MESSAGE][INFO] - Smart Wait Function is triggered

2021-10-21 14:35:10 - [MESSAGE][INFO] - Unable to find the element located by 'By.cssSelector: .btn.btn-success'. Please recheck the objects properties to make sure the desired element is located. 

2021-10-21 14:35:10 - [MESSAGE][WARNING] - com.kms.katalon.core.webui.exception.WebElementNotFoundException: Web element with id: 'Object Repository/Sayfalar/Giris_Sayfasi/PopupOK' located by '.btn.btn-success' not found (Root cause: com.kms.katalon.core.exception.StepFailedException: com.kms.katalon.core.webui.exception.WebElementNotFoundException: Web element with id: 'Object Repository/Sayfalar/Giris_Sayfasi/PopupOK' located by '.btn.btn-success' not found
	at com.kms.katalon.core.webui.keyword.internal.WebUIKeywordMain.stepFailed(WebUIKeywordMain.groovy:64)
	at com.kms.katalon.core.webui.keyword.builtin.VerifyElementPresentKeyword$_verifyElementPresent_closure1.doCall(VerifyElementPresentKeyword.groovy:85)
	at com.kms.katalon.core.webui.keyword.builtin.VerifyElementPresentKeyword$_verifyElementPresent_closure1.call(VerifyElementPresentKeyword.groovy)
	at com.kms.katalon.core.webui.keyword.internal.WebUIKeywordMain.runKeyword(WebUIKeywordMain.groovy:20)
	at com.kms.katalon.core.webui.keyword.builtin.VerifyElementPresentKeyword.verifyElementPresent(VerifyElementPresentKeyword.groovy:92)
	at com.kms.katalon.core.webui.keyword.builtin.VerifyElementPresentKeyword.execute(VerifyElementPresentKeyword.groovy:68)
	at com.kms.katalon.core.keyword.internal.KeywordExecutor.executeKeywordForPlatform(KeywordExecutor.groovy:73)
	at com.kms.katalon.core.webui.keyword.WebUiBuiltInKeywords.verifyElementPresent(WebUiBuiltInKeywords.groovy:1448)
	at com.kms.katalon.core.webui.keyword.WebUiBuiltInKeywords$verifyElementPresent$4.call(Unknown Source)
	at Login.run(Login:40)
	at com.kms.katalon.core.main.ScriptEngine.run(ScriptEngine.java:194)
	at com.kms.katalon.core.main.ScriptEngine.runScriptAsRawText(ScriptEngine.java:119)
	at com.kms.katalon.core.main.TestCaseExecutor.runScript(TestCaseExecutor.java:369)
	at com.kms.katalon.core.main.TestCaseExecutor.doExecute(TestCaseExecutor.java:360)
	at com.kms.katalon.core.main.TestCaseExecutor.processExecutionPhase(TestCaseExecutor.java:339)
	at com.kms.katalon.core.main.TestCaseExecutor.accessMainPhase(TestCaseExecutor.java:331)
	at com.kms.katalon.core.main.TestCaseExecutor.execute(TestCaseExecutor.java:248)
	at com.kms.katalon.core.main.TestCaseMain.runTestCase(TestCaseMain.java:138)
	at com.kms.katalon.core.keyword.builtin.CallTestCaseKeyword$_callTestCase_closure1.doCall(CallTestCaseKeyword.groovy:59)
	at com.kms.katalon.core.keyword.builtin.CallTestCaseKeyword$_callTestCase_closure1.call(CallTestCaseKeyword.groovy)
	at com.kms.katalon.core.keyword.internal.KeywordMain.runKeyword(KeywordMain.groovy:68)
	at com.kms.katalon.core.keyword.builtin.CallTestCaseKeyword.callTestCase(CallTestCaseKeyword.groovy:81)
	at com.kms.katalon.core.keyword.builtin.CallTestCaseKeyword.execute(CallTestCaseKeyword.groovy:44)
	at com.kms.katalon.core.keyword.internal.KeywordExecutor.executeKeywordForPlatform(KeywordExecutor.groovy:73)
	at com.kms.katalon.core.keyword.BuiltinKeywords.callTestCase(BuiltinKeywords.groovy:334)
	at sayfalar.girisSayfasi.login(girisSayfasi.groovy:50)
	at cucumber.runtime.Utils$1.call(Utils.java:26)
	at cucumber.runtime.Timeout.timeout(Timeout.java:16)
	at cucumber.runtime.Utils.invoke(Utils.java:20)
	at cucumber.runtime.java.JavaStepDefinition.execute(JavaStepDefinition.java:49)
	at cucumber.runner.PickleStepDefinitionMatch.runStep(PickleStepDefinitionMatch.java:50)
	at cucumber.runner.TestStep.executeStep(TestStep.java:63)
	at cucumber.runner.TestStep.run(TestStep.java:49)
	at cucumber.runner.PickleStepTestStep.run(PickleStepTestStep.java:43)
	at cucumber.runner.TestCase.run(TestCase.java:44)
	at cucumber.runner.Runner.runPickle(Runner.java:40)
	at cucumber.runtime.Runtime$1.run(Runtime.java:84)
	at cucumber.runtime.Runtime$SameThreadExecutorService.execute(Runtime.java:220)
	at cucumber.runtime.Runtime.run(Runtime.java:81)
	at cucumber.api.cli.Main.run(Main.java:26)
	at cucumber.api.cli.Main$run.call(Unknown Source)
	at com.kms.katalon.core.cucumber.keyword.CucumberBuiltinKeywords$_runFeatureFile_closure1.doCall(CucumberBuiltinKeywords.groovy:106)
	at com.kms.katalon.core.cucumber.keyword.CucumberBuiltinKeywords$_runFeatureFile_closure1.doCall(CucumberBuiltinKeywords.groovy)
	at com.kms.katalon.core.keyword.internal.KeywordMain.runKeyword(KeywordMain.groovy:68)
	at com.kms.katalon.core.keyword.internal.KeywordMain$runKeyword.call(Unknown Source)
	at com.kms.katalon.core.cucumber.keyword.CucumberBuiltinKeywords.runFeatureFile(CucumberBuiltinKeywords.groovy:73)
	at com.kms.katalon.core.cucumber.keyword.CucumberBuiltinKeywords$runFeatureFile$0.callStatic(Unknown Source)
	at com.kms.katalon.core.cucumber.keyword.CucumberBuiltinKeywords.runFeatureFile(CucumberBuiltinKeywords.groovy:246)
	at com.kms.katalon.core.cucumber.keyword.CucumberBuiltinKeywords$runFeatureFile.call(Unknown Source)
	at VKN-Kagit-Ozel Matrah.run(VKN-Kagit-Ozel Matrah:19)
	at com.kms.katalon.core.main.ScriptEngine.run(ScriptEngine.java:194)
	at com.kms.katalon.core.main.ScriptEngine.runScriptAsRawText(ScriptEngine.java:119)
	at com.kms.katalon.core.main.TestCaseExecutor.runScript(TestCaseExecutor.java:369)
	at com.kms.katalon.core.main.TestCaseExecutor.doExecute(TestCaseExecutor.java:360)
	at com.kms.katalon.core.main.TestCaseExecutor.processExecutionPhase(TestCaseExecutor.java:339)
	at com.kms.katalon.core.main.TestCaseExecutor.accessMainPhase(TestCaseExecutor.java:331)
	at com.kms.katalon.core.main.TestCaseExecutor.execute(TestCaseExecutor.java:248)
	at com.kms.katalon.core.main.TestSuiteExecutor.accessTestCaseMainPhase(TestSuiteExecutor.java:191)
	at com.kms.katalon.core.main.TestSuiteExecutor.accessTestSuiteMainPhase(TestSuiteExecutor.java:140)
	at com.kms.katalon.core.main.TestSuiteExecutor.execute(TestSuiteExecutor.java:89)
	at com.kms.katalon.core.main.TestCaseMain.startTestSuite(TestCaseMain.java:181)
	at com.kms.katalon.core.main.TestCaseMain$startTestSuite$0.call(Unknown Source)
	at TempTestSuite1634814289741.run(TempTestSuite1634814289741.groovy:39)
)

2021-10-21 14:35:10 - [TEST_STEP][PASSED] - verifyElementVisible(findTestObject("Object Repository/Kullanici_Islemleri/KullaniciIslemleri")): Object 'Object Repository/Kullanici_Islemleri/KullaniciIslemleri' is visible

2021-10-21 14:35:10 - [MESSAGE][INFO] - Finding Test Object 'Object Repository/Kullanici_Islemleri/KullaniciIslemleri'

2021-10-21 14:35:10 - [MESSAGE][INFO] - Checking object

2021-10-21 14:35:10 - [MESSAGE][INFO] - Finding web element from Test Object's properties

2021-10-21 14:35:10 - [MESSAGE][INFO] - Checking timeout

2021-10-21 14:35:10 - [MESSAGE][INFO] - Finding web element with id: 'Object Repository/Kullanici_Islemleri/KullaniciIslemleri' located by 'By.cssSelector: .dropdown>a>img' in '30' second(s)

2021-10-21 14:35:10 - [MESSAGE][INFO] - Smart Wait Function is triggered

2021-10-21 14:35:11 - [MESSAGE][INFO] - Found 1 web elements with id: 'Object Repository/Kullanici_Islemleri/KullaniciIslemleri' located by 'By.cssSelector: .dropdown>a>img' in '30' second(s)

2021-10-21 14:35:11 - [MESSAGE][PASSED] - Object 'Object Repository/Kullanici_Islemleri/KullaniciIslemleri' is visible

2021-10-21 14:35:11 - [MESSAGE][PASSED] - Call Test Case 'Test Cases/Sayfalar/Giris_Sayfasi/Login' successfully

2021-10-21 14:35:11 - [MESSAGE][INFO] - Checking called Test Case

2021-10-21 14:35:11 - [MESSAGE][INFO] - Starting to call Test Case 'Test Cases/Menu/AnaMenuSecimi'

2021-10-21 14:35:11 - [TEST_CASE][PASSED] - Test Cases/Menu/AnaMenuSecimi: Test Cases/Menu/AnaMenuSecimi

2021-10-21 14:35:11 - [TEST_STEP][PASSED] - Method.TextDegerineEsitElementeTikla(findTestObject("Menu/Ana_Menu"), Ana_Menu): Method.TextDegerineEsitElementeTikla is PASSED

2021-10-21 14:35:11 - [MESSAGE][INFO] - Finding Test Object 'Object Repository/Menu/Ana_Menu'

2021-10-21 14:35:11 - [MESSAGE][INFO] - Checking timeout

2021-10-21 14:35:11 - [MESSAGE][INFO] - Finding web element with id: 'Object Repository/Menu/Ana_Menu' located by 'By.xpath: //*[@class = 'dropdown-toggle']' in '10' second(s)

2021-10-21 14:35:11 - [MESSAGE][INFO] - Smart Wait Function is triggered

2021-10-21 14:35:11 - [MESSAGE][INFO] - Found 13 web elements with id: 'Object Repository/Menu/Ana_Menu' located by 'By.xpath: //*[@class = 'dropdown-toggle']' in '10' second(s)

2021-10-21 14:35:11 - [MESSAGE][PASSED] - Method.TextDegerineEsitElementeTikla is PASSED

2021-10-21 14:35:11 - [MESSAGE][PASSED] - Call Test Case 'Test Cases/Menu/AnaMenuSecimi' successfully

2021-10-21 14:35:11 - [MESSAGE][INFO] - Checking called Test Case

2021-10-21 14:35:11 - [MESSAGE][INFO] - Starting to call Test Case 'Test Cases/Menu/BasligaGoreAltMenuSecimi'

2021-10-21 14:35:11 - [TEST_CASE][PASSED] - Test Cases/Menu/BasligaGoreAltMenuSecimi: Test Cases/Menu/BasligaGoreAltMenuSecimi

2021-10-21 14:35:11 - [TEST_STEP][PASSED] - Method.TextDegerineEsitElementinAltindakiTextDegerineEsitOlanaTikla(findTestObject("Menu/Menu_Basligi"), findTestObject("Menu/Basliga_Gore_Alt_Menu"), Baslik, Alt_Menu): Method.TextDegerineEsitElementinAltindakiTextDegerineEsitOlanaTikla is PASSED

2021-10-21 14:35:11 - [MESSAGE][INFO] - Finding Test Object 'Object Repository/Menu/Menu_Basligi'

2021-10-21 14:35:11 - [MESSAGE][INFO] - Finding Test Object 'Object Repository/Menu/Basliga_Gore_Alt_Menu'

2021-10-21 14:35:12 - [MESSAGE][INFO] - Checking timeout

2021-10-21 14:35:12 - [MESSAGE][INFO] - Finding web element with id: 'Object Repository/Menu/Menu_Basligi' located by 'By.xpath: //li[@class='dropdown dropdown-large open']//li[@class='dropdown-header']' in '10' second(s)

2021-10-21 14:35:12 - [MESSAGE][INFO] - Smart Wait Function is triggered

2021-10-21 14:35:12 - [MESSAGE][INFO] - Found 2 web elements with id: 'Object Repository/Menu/Menu_Basligi' located by 'By.xpath: //li[@class='dropdown dropdown-large open']//li[@class='dropdown-header']' in '10' second(s)

2021-10-21 14:35:12 - [MESSAGE][INFO] - Smart Wait Function is triggered

2021-10-21 14:35:14 - [MESSAGE][PASSED] - Method.TextDegerineEsitElementinAltindakiTextDegerineEsitOlanaTikla is PASSED

2021-10-21 14:35:14 - [MESSAGE][PASSED] - Call Test Case 'Test Cases/Menu/BasligaGoreAltMenuSecimi' successfully

2021-10-21 14:35:14 - [MESSAGE][INFO] - Checking called Test Case

2021-10-21 14:35:14 - [MESSAGE][INFO] - Starting to call Test Case 'Test Cases/Tablo/Olusturma Tarihi'

2021-10-21 14:35:14 - [TEST_CASE][PASSED] - Test Cases/Tablo/Olusturma Tarihi: Test Cases/Tablo/Olusturma Tarihi

2021-10-21 14:35:14 - [TEST_STEP][PASSED] - if (verifyTextNotPresent("Görüntülenecek veri yok", true, OPTIONAL)): null

2021-10-21 14:35:14 - [MESSAGE][INFO] - Checking text present  using regular expression

2021-10-21 14:35:14 - [MESSAGE][INFO] - Smart Wait Function is triggered

2021-10-21 14:35:15 - [MESSAGE][INFO] - Finding text 'Görüntülenecek veri yok' on page  using regular expression

2021-10-21 14:35:15 - [MESSAGE][PASSED] - Text 'Görüntülenecek veri yok' is not present on page using regular expression

2021-10-21 14:35:15 - [TEST_STEP][PASSED] - click(findTestObject("Temizle/Olusturma_Tarihi_CheckBox")): Object: 'Object Repository/Temizle/Olusturma_Tarihi_CheckBox' is clicked on

2021-10-21 14:35:15 - [MESSAGE][INFO] - Finding Test Object 'Object Repository/Temizle/Olusturma_Tarihi_CheckBox'

2021-10-21 14:35:15 - [MESSAGE][INFO] - Checking object

2021-10-21 14:35:15 - [MESSAGE][INFO] - Finding web element from Test Object's properties

2021-10-21 14:35:15 - [MESSAGE][INFO] - Checking timeout

2021-10-21 14:35:15 - [MESSAGE][INFO] - Finding web element with id: 'Object Repository/Temizle/Olusturma_Tarihi_CheckBox' located by 'By.xpath: //*[@title = 'Bu sayfadaki tüm satırları Seç']' in '30' second(s)

2021-10-21 14:35:15 - [MESSAGE][INFO] - Smart Wait Function is triggered

2021-10-21 14:35:15 - [MESSAGE][INFO] - Found 1 web elements with id: 'Object Repository/Temizle/Olusturma_Tarihi_CheckBox' located by 'By.xpath: //*[@title = 'Bu sayfadaki tüm satırları Seç']' in '30' second(s)

2021-10-21 14:35:15 - [MESSAGE][INFO] - Clicking on object: 'Object Repository/Temizle/Olusturma_Tarihi_CheckBox'

2021-10-21 14:35:15 - [MESSAGE][PASSED] - Object: 'Object Repository/Temizle/Olusturma_Tarihi_CheckBox' is clicked on

2021-10-21 14:35:15 - [TEST_STEP][PASSED] - Method.TextDegerineEsitElementeTiklaEquals(findTestObject("Butonlar/Butonlar"), "Sil"): Method.TextDegerineEsitElementeTiklaEquals is PASSED

2021-10-21 14:35:15 - [MESSAGE][INFO] - Finding Test Object 'Object Repository/Butonlar/Butonlar'

2021-10-21 14:35:15 - [MESSAGE][INFO] - Checking timeout

2021-10-21 14:35:15 - [MESSAGE][INFO] - Finding web element with id: 'Object Repository/Butonlar/Butonlar' located by 'By.cssSelector: .panel.panel-default.text-center.footerPanel .btn,.btn.btn-primary.btnControls' in '10' second(s)

2021-10-21 14:35:15 - [MESSAGE][INFO] - Smart Wait Function is triggered

2021-10-21 14:35:15 - [MESSAGE][INFO] - Found 10 web elements with id: 'Object Repository/Butonlar/Butonlar' located by 'By.cssSelector: .panel.panel-default.text-center.footerPanel .btn,.btn.btn-primary.btnControls' in '10' second(s)

2021-10-21 14:35:16 - [MESSAGE][PASSED] - Method.TextDegerineEsitElementeTiklaEquals is PASSED

2021-10-21 14:35:16 - [TEST_STEP][PASSED] - Method.TextDegerineEsitElementeTikla(findTestObject("Popup/Popup_Butons"), "Evet"): Method.TextDegerineEsitElementeTikla is PASSED

2021-10-21 14:35:16 - [MESSAGE][INFO] - Finding Test Object 'Object Repository/Popup/Popup_Butons'

2021-10-21 14:35:16 - [MESSAGE][INFO] - Checking timeout

2021-10-21 14:35:16 - [MESSAGE][INFO] - Finding web element with id: 'Object Repository/Popup/Popup_Butons' located by 'By.cssSelector: .modal-footer>button' in '10' second(s)

2021-10-21 14:35:16 - [MESSAGE][INFO] - Smart Wait Function is triggered

2021-10-21 14:35:17 - [MESSAGE][INFO] - Found 2 web elements with id: 'Object Repository/Popup/Popup_Butons' located by 'By.cssSelector: .modal-footer>button' in '10' second(s)

2021-10-21 14:35:17 - [MESSAGE][PASSED] - Method.TextDegerineEsitElementeTikla is PASSED

2021-10-21 14:35:17 - [TEST_STEP][PASSED] - Method.TextDegerineEsitElementeTikla(findTestObject("Popup/Popup_Butons"), "Tamam"): Method.TextDegerineEsitElementeTikla is PASSED

2021-10-21 14:35:17 - [MESSAGE][INFO] - Finding Test Object 'Object Repository/Popup/Popup_Butons'

2021-10-21 14:35:17 - [MESSAGE][INFO] - Checking timeout

2021-10-21 14:35:17 - [MESSAGE][INFO] - Finding web element with id: 'Object Repository/Popup/Popup_Butons' located by 'By.cssSelector: .modal-footer>button' in '10' second(s)

2021-10-21 14:35:17 - [MESSAGE][INFO] - Smart Wait Function is triggered

2021-10-21 14:35:18 - [MESSAGE][INFO] - Found 1 web elements with id: 'Object Repository/Popup/Popup_Butons' located by 'By.cssSelector: .modal-footer>button' in '10' second(s)

2021-10-21 14:35:18 - [MESSAGE][PASSED] - Method.TextDegerineEsitElementeTikla is PASSED

2021-10-21 14:35:18 - [MESSAGE][PASSED] - Call Test Case 'Test Cases/Tablo/Olusturma Tarihi' successfully

2021-10-21 14:35:18 - [MESSAGE][INFO] - Checking called Test Case

2021-10-21 14:35:18 - [MESSAGE][INFO] - Starting to call Test Case 'Test Cases/Butonlar/ButonaTikla'

2021-10-21 14:35:18 - [TEST_CASE][PASSED] - Test Cases/Butonlar/ButonaTikla: Test Cases/Butonlar/ButonaTikla

2021-10-21 14:35:18 - [TEST_STEP][PASSED] - Method.TextDegerineEsitElementeTiklaEquals(findTestObject("Butonlar/Butonlar"), Buton_Adi): Method.TextDegerineEsitElementeTiklaEquals is PASSED

2021-10-21 14:35:18 - [MESSAGE][INFO] - Finding Test Object 'Object Repository/Butonlar/Butonlar'

2021-10-21 14:35:18 - [MESSAGE][INFO] - Checking timeout

2021-10-21 14:35:18 - [MESSAGE][INFO] - Finding web element with id: 'Object Repository/Butonlar/Butonlar' located by 'By.cssSelector: .panel.panel-default.text-center.footerPanel .btn,.btn.btn-primary.btnControls' in '10' second(s)

2021-10-21 14:35:18 - [MESSAGE][INFO] - Smart Wait Function is triggered

2021-10-21 14:35:19 - [MESSAGE][INFO] - Found 10 web elements with id: 'Object Repository/Butonlar/Butonlar' located by 'By.cssSelector: .panel.panel-default.text-center.footerPanel .btn,.btn.btn-primary.btnControls' in '10' second(s)

2021-10-21 14:35:19 - [MESSAGE][PASSED] - Method.TextDegerineEsitElementeTiklaEquals is PASSED

2021-10-21 14:35:19 - [MESSAGE][PASSED] - Call Test Case 'Test Cases/Butonlar/ButonaTikla' successfully

2021-10-21 14:35:19 - [MESSAGE][INFO] - Checking called Test Case

2021-10-21 14:35:19 - [MESSAGE][INFO] - Starting to call Test Case 'Test Cases/Olusturma/Genel/GorselTasarimSayfasıBasligiIceriyorMu'

2021-10-21 14:35:19 - [TEST_CASE][PASSED] - Test Cases/Olusturma/Genel/GorselTasarimSayfasıBasligiIceriyorMu: Test Cases/Olusturma/Genel/GorselTasarimSayfasıBasligiIceriyorMu

2021-10-21 14:35:19 - [TEST_STEP][PASSED] - verifyElementText(findTestObject("Object Repository/Olusturma/Genel/GorselTasarimBaslik"), Baslik): Actual text and expected text of test object 'Object Repository/Olusturma/Genel/GorselTasarimBaslik' are matched.

2021-10-21 14:35:19 - [MESSAGE][INFO] - Finding Test Object 'Object Repository/Olusturma/Genel/GorselTasarimBaslik'

2021-10-21 14:35:19 - [MESSAGE][INFO] - Checking object

2021-10-21 14:35:19 - [MESSAGE][INFO] - Finding web element from Test Object's properties

2021-10-21 14:35:19 - [MESSAGE][INFO] - Checking timeout

2021-10-21 14:35:19 - [MESSAGE][INFO] - Finding web element with id: 'Object Repository/Olusturma/Genel/GorselTasarimBaslik' located by 'By.cssSelector: #flAlici_0>div>span' in '30' second(s)

2021-10-21 14:35:19 - [MESSAGE][INFO] - Smart Wait Function is triggered

2021-10-21 14:35:24 - [MESSAGE][INFO] - Found 1 web elements with id: 'Object Repository/Olusturma/Genel/GorselTasarimBaslik' located by 'By.cssSelector: #flAlici_0>div>span' in '30' second(s)

2021-10-21 14:35:24 - [MESSAGE][PASSED] - Actual text and expected text of test object 'Object Repository/Olusturma/Genel/GorselTasarimBaslik' are matched.

2021-10-21 14:35:24 - [MESSAGE][PASSED] - Call Test Case 'Test Cases/Olusturma/Genel/GorselTasarimSayfasıBasligiIceriyorMu' successfully

2021-10-21 14:35:24 - [MESSAGE][INFO] - Checking called Test Case

2021-10-21 14:35:24 - [MESSAGE][INFO] - Starting to call Test Case 'Test Cases/Olusturma/Genel/AliciSecilir'

2021-10-21 14:35:24 - [TEST_CASE][PASSED] - Test Cases/Olusturma/Genel/AliciSecilir: Test Cases/Olusturma/Genel/AliciSecilir

2021-10-21 14:35:24 - [TEST_STEP][PASSED] - click(findTestObject("Olusturma/Genel/AliciBilgisi/Alici_Ara")): Object: 'Object Repository/Olusturma/Genel/AliciBilgisi/Alici_Ara' is clicked on

2021-10-21 14:35:24 - [MESSAGE][INFO] - Finding Test Object 'Object Repository/Olusturma/Genel/AliciBilgisi/Alici_Ara'

2021-10-21 14:35:24 - [MESSAGE][INFO] - Checking object

2021-10-21 14:35:24 - [MESSAGE][INFO] - Finding web element from Test Object's properties

2021-10-21 14:35:24 - [MESSAGE][INFO] - Checking timeout

2021-10-21 14:35:24 - [MESSAGE][INFO] - Finding web element with id: 'Object Repository/Olusturma/Genel/AliciBilgisi/Alici_Ara' located by 'By.xpath: //td[@id='txtCustomerText_B-1']' in '30' second(s)

2021-10-21 14:35:24 - [MESSAGE][INFO] - Smart Wait Function is triggered

2021-10-21 14:35:24 - [MESSAGE][INFO] - Found 1 web elements with id: 'Object Repository/Olusturma/Genel/AliciBilgisi/Alici_Ara' located by 'By.xpath: //td[@id='txtCustomerText_B-1']' in '30' second(s)

2021-10-21 14:35:24 - [MESSAGE][INFO] - Clicking on object: 'Object Repository/Olusturma/Genel/AliciBilgisi/Alici_Ara'

2021-10-21 14:35:25 - [MESSAGE][PASSED] - Object: 'Object Repository/Olusturma/Genel/AliciBilgisi/Alici_Ara' is clicked on

2021-10-21 14:35:25 - [TEST_STEP][PASSED] - click(findTestObject("Olusturma/Genel/AliciBilgisi/Alici_Bilgisi")): Object: 'Object Repository/Olusturma/Genel/AliciBilgisi/Alici_Bilgisi' is clicked on

2021-10-21 14:35:25 - [MESSAGE][INFO] - Finding Test Object 'Object Repository/Olusturma/Genel/AliciBilgisi/Alici_Bilgisi'

2021-10-21 14:35:25 - [MESSAGE][INFO] - Checking object

2021-10-21 14:35:25 - [MESSAGE][INFO] - Finding web element from Test Object's properties

2021-10-21 14:35:25 - [MESSAGE][INFO] - Checking timeout

2021-10-21 14:35:25 - [MESSAGE][INFO] - Finding web element with id: 'Object Repository/Olusturma/Genel/AliciBilgisi/Alici_Bilgisi' located by 'By.xpath: //iframe[@id='customerselectiframe']' in '30' second(s)

2021-10-21 14:35:25 - [MESSAGE][INFO] - Smart Wait Function is triggered

2021-10-21 14:35:25 - [MESSAGE][INFO] - Found 1 web elements with id: 'Object Repository/Olusturma/Genel/AliciBilgisi/Alici_Bilgisi' located by 'By.xpath: //iframe[@id='customerselectiframe']' in '30' second(s)

2021-10-21 14:35:25 - [MESSAGE][INFO] - Clicking on object: 'Object Repository/Olusturma/Genel/AliciBilgisi/Alici_Bilgisi'

2021-10-21 14:35:25 - [MESSAGE][PASSED] - Object: 'Object Repository/Olusturma/Genel/AliciBilgisi/Alici_Bilgisi' is clicked on

2021-10-21 14:35:25 - [TEST_STEP][PASSED] - setText(findTestObject("Olusturma/Genel/AliciBilgisi/Alici_Gir"), Alici_Adi): Switching to default content

2021-10-21 14:35:25 - [MESSAGE][INFO] - Finding Test Object 'Object Repository/Olusturma/Genel/AliciBilgisi/Alici_Gir'

2021-10-21 14:35:25 - [MESSAGE][INFO] - Finding Test Object 'Object Repository/Olusturma/Genel/AliciBilgisi/Alici_Bilgisi'

2021-10-21 14:35:25 - [MESSAGE][INFO] - Checking object

2021-10-21 14:35:25 - [MESSAGE][INFO] - Checking text

2021-10-21 14:35:25 - [MESSAGE][INFO] - Object: 'Object Repository/Olusturma/Genel/AliciBilgisi/Alici_Gir' has parent object(s)

2021-10-21 14:35:25 - [MESSAGE][INFO] - Switching to iframe: 'Object Repository/Olusturma/Genel/AliciBilgisi/Alici_Bilgisi'

2021-10-21 14:35:25 - [MESSAGE][INFO] - Finding web element from Test Object's properties

2021-10-21 14:35:25 - [MESSAGE][INFO] - Checking timeout

2021-10-21 14:35:25 - [MESSAGE][INFO] - Finding web element with id: 'Object Repository/Olusturma/Genel/AliciBilgisi/Alici_Bilgisi' located by 'By.xpath: //iframe[@id='customerselectiframe']' in '30' second(s)

2021-10-21 14:35:25 - [MESSAGE][INFO] - Smart Wait Function is triggered

2021-10-21 14:35:26 - [MESSAGE][INFO] - Found 1 web elements with id: 'Object Repository/Olusturma/Genel/AliciBilgisi/Alici_Bilgisi' located by 'By.xpath: //iframe[@id='customerselectiframe']' in '30' second(s)

2021-10-21 14:35:26 - [MESSAGE][INFO] - Switched to iframe: 'Object Repository/Olusturma/Genel/AliciBilgisi/Alici_Bilgisi'

2021-10-21 14:35:26 - [MESSAGE][INFO] - Finding web element from Test Object's properties

2021-10-21 14:35:26 - [MESSAGE][INFO] - Checking timeout

2021-10-21 14:35:26 - [MESSAGE][INFO] - Finding web element with id: 'Object Repository/Olusturma/Genel/AliciBilgisi/Alici_Gir' located by 'By.xpath: //input[@id='GridViewCustomer_DXFREditorcol1_I']' in '30' second(s)

2021-10-21 14:35:26 - [MESSAGE][INFO] - Smart Wait Function is triggered

2021-10-21 14:35:26 - [MESSAGE][INFO] - Found 1 web elements with id: 'Object Repository/Olusturma/Genel/AliciBilgisi/Alici_Gir' located by 'By.xpath: //input[@id='GridViewCustomer_DXFREditorcol1_I']' in '30' second(s)

2021-10-21 14:35:26 - [MESSAGE][INFO] - Clearing text of object 'Object Repository/Olusturma/Genel/AliciBilgisi/Alici_Gir'

2021-10-21 14:35:26 - [MESSAGE][INFO] - Finding web element from Test Object's properties

2021-10-21 14:35:26 - [MESSAGE][INFO] - Checking timeout

2021-10-21 14:35:26 - [MESSAGE][INFO] - Finding web element with id: 'Object Repository/Olusturma/Genel/AliciBilgisi/Alici_Gir' located by 'By.xpath: //input[@id='GridViewCustomer_DXFREditorcol1_I']' in '30' second(s)

2021-10-21 14:35:26 - [MESSAGE][INFO] - Smart Wait Function is triggered

2021-10-21 14:35:26 - [MESSAGE][INFO] - Found 1 web elements with id: 'Object Repository/Olusturma/Genel/AliciBilgisi/Alici_Gir' located by 'By.xpath: //input[@id='GridViewCustomer_DXFREditorcol1_I']' in '30' second(s)

2021-10-21 14:35:26 - [MESSAGE][INFO] - Setting text of object 'Object Repository/Olusturma/Genel/AliciBilgisi/Alici_Gir' to value 'UC0014'

2021-10-21 14:35:26 - [MESSAGE][PASSED] - Text 'UC0014' is set on object 'Object Repository/Olusturma/Genel/AliciBilgisi/Alici_Gir'

2021-10-21 14:35:26 - [MESSAGE][INFO] - Switching to default content

2021-10-21 14:35:26 - [TEST_STEP][PASSED] - waitForElementClickable(findTestObject("Olusturma/Genel/AliciBilgisi/Alici_Adi"), 10): Switching to default content

2021-10-21 14:35:26 - [MESSAGE][INFO] - Finding Test Object 'Object Repository/Olusturma/Genel/AliciBilgisi/Alici_Adi'

2021-10-21 14:35:26 - [MESSAGE][INFO] - Finding Test Object 'Object Repository/Olusturma/Genel/AliciBilgisi/iframe_Alc Bilgisi_customerselectiframe'

2021-10-21 14:35:26 - [MESSAGE][INFO] - Checking object

2021-10-21 14:35:26 - [MESSAGE][INFO] - Checking timeout

2021-10-21 14:35:26 - [MESSAGE][INFO] - Object: 'Object Repository/Olusturma/Genel/AliciBilgisi/Alici_Adi' has parent object(s)

2021-10-21 14:35:26 - [MESSAGE][INFO] - Switching to iframe: 'Object Repository/Olusturma/Genel/AliciBilgisi/iframe_Alc Bilgisi_customerselectiframe'

2021-10-21 14:35:26 - [MESSAGE][INFO] - Finding web element from Test Object's properties

2021-10-21 14:35:26 - [MESSAGE][INFO] - Checking timeout

2021-10-21 14:35:26 - [MESSAGE][INFO] - Finding web element with id: 'Object Repository/Olusturma/Genel/AliciBilgisi/iframe_Alc Bilgisi_customerselectiframe' located by 'By.xpath: //iframe[@id='customerselectiframe']' in '10' second(s)

2021-10-21 14:35:26 - [MESSAGE][INFO] - Smart Wait Function is triggered

2021-10-21 14:35:26 - [MESSAGE][INFO] - Found 1 web elements with id: 'Object Repository/Olusturma/Genel/AliciBilgisi/iframe_Alc Bilgisi_customerselectiframe' located by 'By.xpath: //iframe[@id='customerselectiframe']' in '10' second(s)

2021-10-21 14:35:26 - [MESSAGE][INFO] - Switched to iframe: 'Object Repository/Olusturma/Genel/AliciBilgisi/iframe_Alc Bilgisi_customerselectiframe'

2021-10-21 14:35:26 - [MESSAGE][INFO] - Finding web element from Test Object's properties

2021-10-21 14:35:26 - [MESSAGE][INFO] - Checking timeout

2021-10-21 14:35:26 - [MESSAGE][INFO] - Finding web element with id: 'Object Repository/Olusturma/Genel/AliciBilgisi/Alici_Adi' located by 'By.xpath: //tr[@id='GridViewCustomer_DXDataRow0']/td[2]' in '10' second(s)

2021-10-21 14:35:26 - [MESSAGE][INFO] - Smart Wait Function is triggered

2021-10-21 14:35:26 - [MESSAGE][INFO] - Found 1 web elements with id: 'Object Repository/Olusturma/Genel/AliciBilgisi/Alici_Adi' located by 'By.xpath: //tr[@id='GridViewCustomer_DXDataRow0']/td[2]' in '10' second(s)

2021-10-21 14:35:26 - [MESSAGE][PASSED] - Object 'Object Repository/Olusturma/Genel/AliciBilgisi/Alici_Adi' is clickable

2021-10-21 14:35:26 - [MESSAGE][INFO] - Switching to default content

2021-10-21 14:35:26 - [TEST_STEP][PASSED] - click(findTestObject("Olusturma/Genel/AliciBilgisi/frame")): Switching to default content

2021-10-21 14:35:26 - [MESSAGE][INFO] - Finding Test Object 'Object Repository/Olusturma/Genel/AliciBilgisi/frame'

2021-10-21 14:35:27 - [MESSAGE][INFO] - Finding Test Object 'Object Repository/Olusturma/Genel/AliciBilgisi/iframe_Alc Bilgisi_customerselectiframe'

2021-10-21 14:35:27 - [MESSAGE][INFO] - Checking object

2021-10-21 14:35:27 - [MESSAGE][INFO] - Object: 'Object Repository/Olusturma/Genel/AliciBilgisi/frame' has parent object(s)

2021-10-21 14:35:27 - [MESSAGE][INFO] - Switching to iframe: 'Object Repository/Olusturma/Genel/AliciBilgisi/iframe_Alc Bilgisi_customerselectiframe'

2021-10-21 14:35:27 - [MESSAGE][INFO] - Finding web element from Test Object's properties

2021-10-21 14:35:27 - [MESSAGE][INFO] - Checking timeout

2021-10-21 14:35:27 - [MESSAGE][INFO] - Finding web element with id: 'Object Repository/Olusturma/Genel/AliciBilgisi/iframe_Alc Bilgisi_customerselectiframe' located by 'By.xpath: //iframe[@id='customerselectiframe']' in '30' second(s)

2021-10-21 14:35:27 - [MESSAGE][INFO] - Smart Wait Function is triggered

2021-10-21 14:35:27 - [MESSAGE][INFO] - Found 1 web elements with id: 'Object Repository/Olusturma/Genel/AliciBilgisi/iframe_Alc Bilgisi_customerselectiframe' located by 'By.xpath: //iframe[@id='customerselectiframe']' in '30' second(s)

2021-10-21 14:35:27 - [MESSAGE][INFO] - Switched to iframe: 'Object Repository/Olusturma/Genel/AliciBilgisi/iframe_Alc Bilgisi_customerselectiframe'

2021-10-21 14:35:27 - [MESSAGE][INFO] - Finding web element from Test Object's properties

2021-10-21 14:35:27 - [MESSAGE][INFO] - Checking timeout

2021-10-21 14:35:27 - [MESSAGE][INFO] - Finding web element with id: 'Object Repository/Olusturma/Genel/AliciBilgisi/frame' located by 'By.xpath: //*/text()[normalize-space(.)='']/parent::*' in '30' second(s)

2021-10-21 14:35:27 - [MESSAGE][INFO] - Smart Wait Function is triggered

2021-10-21 14:35:27 - [MESSAGE][INFO] - Found 66 web elements with id: 'Object Repository/Olusturma/Genel/AliciBilgisi/frame' located by 'By.xpath: //*/text()[normalize-space(.)='']/parent::*' in '30' second(s)

2021-10-21 14:35:27 - [MESSAGE][INFO] - Clicking on object: 'Object Repository/Olusturma/Genel/AliciBilgisi/frame'

2021-10-21 14:35:27 - [MESSAGE][PASSED] - Object: 'Object Repository/Olusturma/Genel/AliciBilgisi/frame' is clicked on

2021-10-21 14:35:27 - [MESSAGE][INFO] - Switching to default content

2021-10-21 14:35:27 - [TEST_STEP][PASSED] - click(findTestObject("Olusturma/Genel/AliciBilgisi/Alici_Adi")): Switching to default content

2021-10-21 14:35:27 - [MESSAGE][INFO] - Finding Test Object 'Object Repository/Olusturma/Genel/AliciBilgisi/Alici_Adi'

2021-10-21 14:35:27 - [MESSAGE][INFO] - Finding Test Object 'Object Repository/Olusturma/Genel/AliciBilgisi/iframe_Alc Bilgisi_customerselectiframe'

2021-10-21 14:35:27 - [MESSAGE][INFO] - Checking object

2021-10-21 14:35:27 - [MESSAGE][INFO] - Object: 'Object Repository/Olusturma/Genel/AliciBilgisi/Alici_Adi' has parent object(s)

2021-10-21 14:35:27 - [MESSAGE][INFO] - Switching to iframe: 'Object Repository/Olusturma/Genel/AliciBilgisi/iframe_Alc Bilgisi_customerselectiframe'

2021-10-21 14:35:27 - [MESSAGE][INFO] - Finding web element from Test Object's properties

2021-10-21 14:35:27 - [MESSAGE][INFO] - Checking timeout

2021-10-21 14:35:27 - [MESSAGE][INFO] - Finding web element with id: 'Object Repository/Olusturma/Genel/AliciBilgisi/iframe_Alc Bilgisi_customerselectiframe' located by 'By.xpath: //iframe[@id='customerselectiframe']' in '30' second(s)

2021-10-21 14:35:27 - [MESSAGE][INFO] - Smart Wait Function is triggered

2021-10-21 14:35:28 - [MESSAGE][INFO] - Found 1 web elements with id: 'Object Repository/Olusturma/Genel/AliciBilgisi/iframe_Alc Bilgisi_customerselectiframe' located by 'By.xpath: //iframe[@id='customerselectiframe']' in '30' second(s)

2021-10-21 14:35:28 - [MESSAGE][INFO] - Switched to iframe: 'Object Repository/Olusturma/Genel/AliciBilgisi/iframe_Alc Bilgisi_customerselectiframe'

2021-10-21 14:35:28 - [MESSAGE][INFO] - Finding web element from Test Object's properties

2021-10-21 14:35:28 - [MESSAGE][INFO] - Checking timeout

2021-10-21 14:35:28 - [MESSAGE][INFO] - Finding web element with id: 'Object Repository/Olusturma/Genel/AliciBilgisi/Alici_Adi' located by 'By.xpath: //tr[@id='GridViewCustomer_DXDataRow0']/td[2]' in '30' second(s)

2021-10-21 14:35:28 - [MESSAGE][INFO] - Smart Wait Function is triggered

2021-10-21 14:35:28 - [MESSAGE][INFO] - Found 1 web elements with id: 'Object Repository/Olusturma/Genel/AliciBilgisi/Alici_Adi' located by 'By.xpath: //tr[@id='GridViewCustomer_DXDataRow0']/td[2]' in '30' second(s)

2021-10-21 14:35:28 - [MESSAGE][INFO] - Clicking on object: 'Object Repository/Olusturma/Genel/AliciBilgisi/Alici_Adi'

2021-10-21 14:35:28 - [MESSAGE][PASSED] - Object: 'Object Repository/Olusturma/Genel/AliciBilgisi/Alici_Adi' is clicked on

2021-10-21 14:35:28 - [MESSAGE][INFO] - Switching to default content

2021-10-21 14:35:28 - [TEST_STEP][PASSED] - click(findTestObject("Olusturma/Genel/AliciBilgisi/Tamam_Bosluk")): Switching to default content

2021-10-21 14:35:28 - [MESSAGE][INFO] - Finding Test Object 'Object Repository/Olusturma/Genel/AliciBilgisi/Tamam_Bosluk'

2021-10-21 14:35:28 - [MESSAGE][INFO] - Finding Test Object 'Object Repository/Olusturma/Genel/AliciBilgisi/Alici_Bilgisi'

2021-10-21 14:35:28 - [MESSAGE][INFO] - Checking object

2021-10-21 14:35:28 - [MESSAGE][INFO] - Object: 'Object Repository/Olusturma/Genel/AliciBilgisi/Tamam_Bosluk' has parent object(s)

2021-10-21 14:35:28 - [MESSAGE][INFO] - Switching to iframe: 'Object Repository/Olusturma/Genel/AliciBilgisi/Alici_Bilgisi'

2021-10-21 14:35:28 - [MESSAGE][INFO] - Finding web element from Test Object's properties

2021-10-21 14:35:28 - [MESSAGE][INFO] - Checking timeout

2021-10-21 14:35:28 - [MESSAGE][INFO] - Finding web element with id: 'Object Repository/Olusturma/Genel/AliciBilgisi/Alici_Bilgisi' located by 'By.xpath: //iframe[@id='customerselectiframe']' in '30' second(s)

2021-10-21 14:35:28 - [MESSAGE][INFO] - Smart Wait Function is triggered

2021-10-21 14:35:28 - [MESSAGE][INFO] - Found 1 web elements with id: 'Object Repository/Olusturma/Genel/AliciBilgisi/Alici_Bilgisi' located by 'By.xpath: //iframe[@id='customerselectiframe']' in '30' second(s)

2021-10-21 14:35:28 - [MESSAGE][INFO] - Switched to iframe: 'Object Repository/Olusturma/Genel/AliciBilgisi/Alici_Bilgisi'

2021-10-21 14:35:28 - [MESSAGE][INFO] - Finding web element from Test Object's properties

2021-10-21 14:35:28 - [MESSAGE][INFO] - Checking timeout

2021-10-21 14:35:28 - [MESSAGE][INFO] - Finding web element with id: 'Object Repository/Olusturma/Genel/AliciBilgisi/Tamam_Bosluk' located by 'By.xpath: (.//*[normalize-space(text()) and normalize-space(.)='Sayfa Boyutu:'])[1]/following::div[7]' in '30' second(s)

2021-10-21 14:35:28 - [MESSAGE][INFO] - Smart Wait Function is triggered

2021-10-21 14:35:28 - [MESSAGE][INFO] - Found 1 web elements with id: 'Object Repository/Olusturma/Genel/AliciBilgisi/Tamam_Bosluk' located by 'By.xpath: (.//*[normalize-space(text()) and normalize-space(.)='Sayfa Boyutu:'])[1]/following::div[7]' in '30' second(s)

2021-10-21 14:35:28 - [MESSAGE][INFO] - Clicking on object: 'Object Repository/Olusturma/Genel/AliciBilgisi/Tamam_Bosluk'

2021-10-21 14:35:28 - [MESSAGE][PASSED] - Object: 'Object Repository/Olusturma/Genel/AliciBilgisi/Tamam_Bosluk' is clicked on

2021-10-21 14:35:28 - [MESSAGE][INFO] - Switching to default content

2021-10-21 14:35:28 - [TEST_STEP][PASSED] - waitForElementClickable(findTestObject("Olusturma/Genel/AliciBilgisi/Tamam_Butonu"), 10): Switching to default content

2021-10-21 14:35:28 - [MESSAGE][INFO] - Finding Test Object 'Object Repository/Olusturma/Genel/AliciBilgisi/Tamam_Butonu'

2021-10-21 14:35:29 - [MESSAGE][INFO] - Finding Test Object 'Object Repository/Olusturma/Genel/AliciBilgisi/Alici_Bilgisi'

2021-10-21 14:35:29 - [MESSAGE][INFO] - Checking object

2021-10-21 14:35:29 - [MESSAGE][INFO] - Checking timeout

2021-10-21 14:35:29 - [MESSAGE][INFO] - Object: 'Object Repository/Olusturma/Genel/AliciBilgisi/Tamam_Butonu' has parent object(s)

2021-10-21 14:35:29 - [MESSAGE][INFO] - Switching to iframe: 'Object Repository/Olusturma/Genel/AliciBilgisi/Alici_Bilgisi'

2021-10-21 14:35:29 - [MESSAGE][INFO] - Finding web element from Test Object's properties

2021-10-21 14:35:29 - [MESSAGE][INFO] - Checking timeout

2021-10-21 14:35:29 - [MESSAGE][INFO] - Finding web element with id: 'Object Repository/Olusturma/Genel/AliciBilgisi/Alici_Bilgisi' located by 'By.xpath: //iframe[@id='customerselectiframe']' in '10' second(s)

2021-10-21 14:35:29 - [MESSAGE][INFO] - Smart Wait Function is triggered

2021-10-21 14:35:29 - [MESSAGE][INFO] - Found 1 web elements with id: 'Object Repository/Olusturma/Genel/AliciBilgisi/Alici_Bilgisi' located by 'By.xpath: //iframe[@id='customerselectiframe']' in '10' second(s)

2021-10-21 14:35:29 - [MESSAGE][INFO] - Switched to iframe: 'Object Repository/Olusturma/Genel/AliciBilgisi/Alici_Bilgisi'

2021-10-21 14:35:29 - [MESSAGE][INFO] - Finding web element from Test Object's properties

2021-10-21 14:35:29 - [MESSAGE][INFO] - Checking timeout

2021-10-21 14:35:29 - [MESSAGE][INFO] - Finding web element with id: 'Object Repository/Olusturma/Genel/AliciBilgisi/Tamam_Butonu' located by 'By.xpath: //div[@id='btnSelectCustomer_CD']/span' in '10' second(s)

2021-10-21 14:35:29 - [MESSAGE][INFO] - Smart Wait Function is triggered

2021-10-21 14:35:29 - [MESSAGE][INFO] - Found 1 web elements with id: 'Object Repository/Olusturma/Genel/AliciBilgisi/Tamam_Butonu' located by 'By.xpath: //div[@id='btnSelectCustomer_CD']/span' in '10' second(s)

2021-10-21 14:35:29 - [MESSAGE][PASSED] - Object 'Object Repository/Olusturma/Genel/AliciBilgisi/Tamam_Butonu' is clickable

2021-10-21 14:35:29 - [MESSAGE][INFO] - Switching to default content

2021-10-21 14:35:29 - [TEST_STEP][PASSED] - click(findTestObject("Olusturma/Genel/AliciBilgisi/Tamam_Butonu")): Switching to default content

2021-10-21 14:35:29 - [MESSAGE][INFO] - Finding Test Object 'Object Repository/Olusturma/Genel/AliciBilgisi/Tamam_Butonu'

2021-10-21 14:35:29 - [MESSAGE][INFO] - Finding Test Object 'Object Repository/Olusturma/Genel/AliciBilgisi/Alici_Bilgisi'

2021-10-21 14:35:30 - [MESSAGE][INFO] - Checking object

2021-10-21 14:35:30 - [MESSAGE][INFO] - Object: 'Object Repository/Olusturma/Genel/AliciBilgisi/Tamam_Butonu' has parent object(s)

2021-10-21 14:35:30 - [MESSAGE][INFO] - Switching to iframe: 'Object Repository/Olusturma/Genel/AliciBilgisi/Alici_Bilgisi'

2021-10-21 14:35:30 - [MESSAGE][INFO] - Finding web element from Test Object's properties

2021-10-21 14:35:30 - [MESSAGE][INFO] - Checking timeout

2021-10-21 14:35:30 - [MESSAGE][INFO] - Finding web element with id: 'Object Repository/Olusturma/Genel/AliciBilgisi/Alici_Bilgisi' located by 'By.xpath: //iframe[@id='customerselectiframe']' in '30' second(s)

2021-10-21 14:35:30 - [MESSAGE][INFO] - Smart Wait Function is triggered

2021-10-21 14:35:30 - [MESSAGE][INFO] - Found 1 web elements with id: 'Object Repository/Olusturma/Genel/AliciBilgisi/Alici_Bilgisi' located by 'By.xpath: //iframe[@id='customerselectiframe']' in '30' second(s)

2021-10-21 14:35:30 - [MESSAGE][INFO] - Switched to iframe: 'Object Repository/Olusturma/Genel/AliciBilgisi/Alici_Bilgisi'

2021-10-21 14:35:30 - [MESSAGE][INFO] - Finding web element from Test Object's properties

2021-10-21 14:35:30 - [MESSAGE][INFO] - Checking timeout

2021-10-21 14:35:30 - [MESSAGE][INFO] - Finding web element with id: 'Object Repository/Olusturma/Genel/AliciBilgisi/Tamam_Butonu' located by 'By.xpath: //div[@id='btnSelectCustomer_CD']/span' in '30' second(s)

2021-10-21 14:35:30 - [MESSAGE][INFO] - Smart Wait Function is triggered

2021-10-21 14:35:30 - [MESSAGE][INFO] - Found 1 web elements with id: 'Object Repository/Olusturma/Genel/AliciBilgisi/Tamam_Butonu' located by 'By.xpath: //div[@id='btnSelectCustomer_CD']/span' in '30' second(s)

2021-10-21 14:35:30 - [MESSAGE][INFO] - Clicking on object: 'Object Repository/Olusturma/Genel/AliciBilgisi/Tamam_Butonu'

2021-10-21 14:35:30 - [MESSAGE][PASSED] - Object: 'Object Repository/Olusturma/Genel/AliciBilgisi/Tamam_Butonu' is clicked on

2021-10-21 14:35:30 - [MESSAGE][INFO] - Switching to default content

2021-10-21 14:35:30 - [TEST_STEP][PASSED] - waitForElementPresent(findTestObject("Olusturma/Genel/AliciBilgisi/VKN-TCKN"), 10): Object 'Object Repository/Olusturma/Genel/AliciBilgisi/VKN-TCKN' is present

2021-10-21 14:35:30 - [MESSAGE][INFO] - Finding Test Object 'Object Repository/Olusturma/Genel/AliciBilgisi/VKN-TCKN'

2021-10-21 14:35:30 - [MESSAGE][INFO] - Checking object

2021-10-21 14:35:30 - [MESSAGE][INFO] - Finding web element from Test Object's properties

2021-10-21 14:35:30 - [MESSAGE][INFO] - Checking timeout

2021-10-21 14:35:30 - [MESSAGE][INFO] - Finding web element with id: 'Object Repository/Olusturma/Genel/AliciBilgisi/VKN-TCKN' located by 'By.xpath: //*[@id = 'txtVknTckn_I']' in '10' second(s)

2021-10-21 14:35:30 - [MESSAGE][INFO] - Smart Wait Function is triggered

2021-10-21 14:35:31 - [MESSAGE][INFO] - Found 1 web elements with id: 'Object Repository/Olusturma/Genel/AliciBilgisi/VKN-TCKN' located by 'By.xpath: //*[@id = 'txtVknTckn_I']' in '10' second(s)

2021-10-21 14:35:31 - [MESSAGE][PASSED] - Object 'Object Repository/Olusturma/Genel/AliciBilgisi/VKN-TCKN' is present

2021-10-21 14:35:31 - [TEST_STEP][PASSED] - text = getAttribute(findTestObject("Olusturma/Genel/AliciBilgisi/VKN-TCKN"), "value"): Attribute 'value' of object 'Object Repository/Olusturma/Genel/AliciBilgisi/VKN-TCKN' is: '5323285392'

2021-10-21 14:35:31 - [MESSAGE][INFO] - Finding Test Object 'Object Repository/Olusturma/Genel/AliciBilgisi/VKN-TCKN'

2021-10-21 14:35:31 - [MESSAGE][INFO] - Checking object

2021-10-21 14:35:31 - [MESSAGE][INFO] - Checking attribute

2021-10-21 14:35:31 - [MESSAGE][INFO] - Finding web element from Test Object's properties

2021-10-21 14:35:31 - [MESSAGE][INFO] - Checking timeout

2021-10-21 14:35:31 - [MESSAGE][INFO] - Finding web element with id: 'Object Repository/Olusturma/Genel/AliciBilgisi/VKN-TCKN' located by 'By.xpath: //*[@id = 'txtVknTckn_I']' in '30' second(s)

2021-10-21 14:35:31 - [MESSAGE][INFO] - Smart Wait Function is triggered

2021-10-21 14:35:31 - [MESSAGE][INFO] - Found 1 web elements with id: 'Object Repository/Olusturma/Genel/AliciBilgisi/VKN-TCKN' located by 'By.xpath: //*[@id = 'txtVknTckn_I']' in '30' second(s)

2021-10-21 14:35:31 - [MESSAGE][INFO] - Getting attribute 'value' of object 'Object Repository/Olusturma/Genel/AliciBilgisi/VKN-TCKN'

2021-10-21 14:35:31 - [MESSAGE][PASSED] - Attribute 'value' of object 'Object Repository/Olusturma/Genel/AliciBilgisi/VKN-TCKN' is: '5323285392'

2021-10-21 14:35:31 - [TEST_STEP][PASSED] - if (text.equals("")): null

2021-10-21 14:35:31 - [MESSAGE][PASSED] - Call Test Case 'Test Cases/Olusturma/Genel/AliciSecilir' successfully

2021-10-21 14:35:31 - [MESSAGE][INFO] - Checking called Test Case

2021-10-21 14:35:31 - [MESSAGE][INFO] - Starting to call Test Case 'Test Cases/Olusturma/Genel/GonderimSekliSecilir'

2021-10-21 14:35:31 - [TEST_CASE][PASSED] - Test Cases/Olusturma/Genel/GonderimSekliSecilir: Test Cases/Olusturma/Genel/GonderimSekliSecilir

2021-10-21 14:35:31 - [TEST_STEP][PASSED] - waitForElementClickable(findTestObject("Object Repository/Olusturma/Genel/GonderimSekli/GonderimSekli"), 10): Object 'Object Repository/Olusturma/Genel/GonderimSekli/GonderimSekli' is clickable

2021-10-21 14:35:31 - [MESSAGE][INFO] - Finding Test Object 'Object Repository/Olusturma/Genel/GonderimSekli/GonderimSekli'

2021-10-21 14:35:31 - [MESSAGE][INFO] - Checking object

2021-10-21 14:35:31 - [MESSAGE][INFO] - Checking timeout

2021-10-21 14:35:31 - [MESSAGE][INFO] - Finding web element from Test Object's properties

2021-10-21 14:35:31 - [MESSAGE][INFO] - Checking timeout

2021-10-21 14:35:31 - [MESSAGE][INFO] - Finding web element with id: 'Object Repository/Olusturma/Genel/GonderimSekli/GonderimSekli' located by 'By.xpath: //*[@id = 'txtGonderimSekil_I']' in '10' second(s)

2021-10-21 14:35:31 - [MESSAGE][INFO] - Smart Wait Function is triggered

2021-10-21 14:35:31 - [MESSAGE][INFO] - Found 1 web elements with id: 'Object Repository/Olusturma/Genel/GonderimSekli/GonderimSekli' located by 'By.xpath: //*[@id = 'txtGonderimSekil_I']' in '10' second(s)

2021-10-21 14:35:31 - [MESSAGE][PASSED] - Object 'Object Repository/Olusturma/Genel/GonderimSekli/GonderimSekli' is clickable

2021-10-21 14:35:31 - [TEST_STEP][PASSED] - click(findTestObject("Object Repository/Olusturma/Genel/GonderimSekli/GonderimSekli")): Object: 'Object Repository/Olusturma/Genel/GonderimSekli/GonderimSekli' is clicked on

2021-10-21 14:35:31 - [MESSAGE][INFO] - Finding Test Object 'Object Repository/Olusturma/Genel/GonderimSekli/GonderimSekli'

2021-10-21 14:35:32 - [MESSAGE][INFO] - Checking object

2021-10-21 14:35:32 - [MESSAGE][INFO] - Finding web element from Test Object's properties

2021-10-21 14:35:32 - [MESSAGE][INFO] - Checking timeout

2021-10-21 14:35:32 - [MESSAGE][INFO] - Finding web element with id: 'Object Repository/Olusturma/Genel/GonderimSekli/GonderimSekli' located by 'By.xpath: //*[@id = 'txtGonderimSekil_I']' in '30' second(s)

2021-10-21 14:35:32 - [MESSAGE][INFO] - Smart Wait Function is triggered

2021-10-21 14:35:32 - [MESSAGE][INFO] - Found 1 web elements with id: 'Object Repository/Olusturma/Genel/GonderimSekli/GonderimSekli' located by 'By.xpath: //*[@id = 'txtGonderimSekil_I']' in '30' second(s)

2021-10-21 14:35:32 - [MESSAGE][INFO] - Clicking on object: 'Object Repository/Olusturma/Genel/GonderimSekli/GonderimSekli'

2021-10-21 14:35:32 - [MESSAGE][PASSED] - Object: 'Object Repository/Olusturma/Genel/GonderimSekli/GonderimSekli' is clicked on

2021-10-21 14:35:32 - [TEST_STEP][PASSED] - Method.TextDegerineEsitElementeTikla(findTestObject("Object Repository/Olusturma/Genel/GonderimSekli/GonderimSekliAdi"), GonderimSekli): Method.TextDegerineEsitElementeTikla is PASSED

2021-10-21 14:35:32 - [MESSAGE][INFO] - Finding Test Object 'Object Repository/Olusturma/Genel/GonderimSekli/GonderimSekliAdi'

2021-10-21 14:35:32 - [MESSAGE][INFO] - Checking timeout

2021-10-21 14:35:32 - [MESSAGE][INFO] - Finding web element with id: 'Object Repository/Olusturma/Genel/GonderimSekli/GonderimSekliAdi' located by 'By.cssSelector: #txtGonderimSekil_DDD_L_LBT td' in '10' second(s)

2021-10-21 14:35:32 - [MESSAGE][INFO] - Smart Wait Function is triggered

2021-10-21 14:35:33 - [MESSAGE][INFO] - Found 2 web elements with id: 'Object Repository/Olusturma/Genel/GonderimSekli/GonderimSekliAdi' located by 'By.cssSelector: #txtGonderimSekil_DDD_L_LBT td' in '10' second(s)

2021-10-21 14:35:33 - [MESSAGE][PASSED] - Method.TextDegerineEsitElementeTikla is PASSED

2021-10-21 14:35:33 - [MESSAGE][PASSED] - Call Test Case 'Test Cases/Olusturma/Genel/GonderimSekliSecilir' successfully

2021-10-21 14:35:33 - [MESSAGE][INFO] - Checking called Test Case

2021-10-21 14:35:33 - [MESSAGE][INFO] - Starting to call Test Case 'Test Cases/Olusturma/Genel/TipSecilir'

2021-10-21 14:35:33 - [TEST_CASE][PASSED] - Test Cases/Olusturma/Genel/TipSecilir: Test Cases/Olusturma/Genel/TipSecilir

2021-10-21 14:35:33 - [TEST_STEP][PASSED] - waitForElementClickable(findTestObject("Olusturma/Genel/TipSecilir/Tip"), 10): Object 'Object Repository/Olusturma/Genel/TipSecilir/Tip' is clickable

2021-10-21 14:35:33 - [MESSAGE][INFO] - Finding Test Object 'Object Repository/Olusturma/Genel/TipSecilir/Tip'

2021-10-21 14:35:33 - [MESSAGE][INFO] - Checking object

2021-10-21 14:35:33 - [MESSAGE][INFO] - Checking timeout

2021-10-21 14:35:33 - [MESSAGE][INFO] - Finding web element from Test Object's properties

2021-10-21 14:35:33 - [MESSAGE][INFO] - Checking timeout

2021-10-21 14:35:33 - [MESSAGE][INFO] - Finding web element with id: 'Object Repository/Olusturma/Genel/TipSecilir/Tip' located by 'By.xpath: //*[@id = 'DocumentTypeCode_I']' in '10' second(s)

2021-10-21 14:35:33 - [MESSAGE][INFO] - Smart Wait Function is triggered

2021-10-21 14:35:33 - [MESSAGE][INFO] - Found 1 web elements with id: 'Object Repository/Olusturma/Genel/TipSecilir/Tip' located by 'By.xpath: //*[@id = 'DocumentTypeCode_I']' in '10' second(s)

2021-10-21 14:35:33 - [MESSAGE][PASSED] - Object 'Object Repository/Olusturma/Genel/TipSecilir/Tip' is clickable

2021-10-21 14:35:33 - [TEST_STEP][PASSED] - click(findTestObject("Olusturma/Genel/TipSecilir/Tip")): Object: 'Object Repository/Olusturma/Genel/TipSecilir/Tip' is clicked on

2021-10-21 14:35:33 - [MESSAGE][INFO] - Finding Test Object 'Object Repository/Olusturma/Genel/TipSecilir/Tip'

2021-10-21 14:35:33 - [MESSAGE][INFO] - Checking object

2021-10-21 14:35:33 - [MESSAGE][INFO] - Finding web element from Test Object's properties

2021-10-21 14:35:33 - [MESSAGE][INFO] - Checking timeout

2021-10-21 14:35:33 - [MESSAGE][INFO] - Finding web element with id: 'Object Repository/Olusturma/Genel/TipSecilir/Tip' located by 'By.xpath: //*[@id = 'DocumentTypeCode_I']' in '30' second(s)

2021-10-21 14:35:33 - [MESSAGE][INFO] - Smart Wait Function is triggered

2021-10-21 14:35:34 - [MESSAGE][INFO] - Found 1 web elements with id: 'Object Repository/Olusturma/Genel/TipSecilir/Tip' located by 'By.xpath: //*[@id = 'DocumentTypeCode_I']' in '30' second(s)

2021-10-21 14:35:34 - [MESSAGE][INFO] - Clicking on object: 'Object Repository/Olusturma/Genel/TipSecilir/Tip'

2021-10-21 14:35:34 - [MESSAGE][PASSED] - Object: 'Object Repository/Olusturma/Genel/TipSecilir/Tip' is clicked on

2021-10-21 14:35:34 - [TEST_STEP][PASSED] - Method.TextDegerineEsitElementeTikla(findTestObject("Object Repository/Olusturma/Genel/TipSecilir/Tip_Adi"), Tip): Method.TextDegerineEsitElementeTikla is PASSED

2021-10-21 14:35:34 - [MESSAGE][INFO] - Finding Test Object 'Object Repository/Olusturma/Genel/TipSecilir/Tip_Adi'

2021-10-21 14:35:34 - [MESSAGE][INFO] - Checking timeout

2021-10-21 14:35:34 - [MESSAGE][INFO] - Finding web element with id: 'Object Repository/Olusturma/Genel/TipSecilir/Tip_Adi' located by 'By.cssSelector: #DocumentTypeCode_DDD_L_LBT td' in '10' second(s)

2021-10-21 14:35:34 - [MESSAGE][INFO] - Smart Wait Function is triggered

2021-10-21 14:35:35 - [MESSAGE][INFO] - Found 9 web elements with id: 'Object Repository/Olusturma/Genel/TipSecilir/Tip_Adi' located by 'By.cssSelector: #DocumentTypeCode_DDD_L_LBT td' in '10' second(s)

2021-10-21 14:35:35 - [MESSAGE][PASSED] - Method.TextDegerineEsitElementeTikla is PASSED

2021-10-21 14:35:35 - [MESSAGE][PASSED] - Call Test Case 'Test Cases/Olusturma/Genel/TipSecilir' successfully

2021-10-21 14:35:35 - [MESSAGE][INFO] - Checking called Test Case

2021-10-21 14:35:35 - [MESSAGE][INFO] - Starting to call Test Case 'Test Cases/Olusturma/Genel/DokumanParaBirimiSecilir'

2021-10-21 14:35:35 - [TEST_CASE][PASSED] - Test Cases/Olusturma/Genel/DokumanParaBirimiSecilir: Test Cases/Olusturma/Genel/DokumanParaBirimiSecilir

2021-10-21 14:35:35 - [TEST_STEP][PASSED] - waitForElementClickable(findTestObject("Object Repository/Olusturma/Genel/DokumanParaBirimiSecilir/Para"), 10): Object 'Object Repository/Olusturma/Genel/DokumanParaBirimiSecilir/Para' is clickable

2021-10-21 14:35:35 - [MESSAGE][INFO] - Finding Test Object 'Object Repository/Olusturma/Genel/DokumanParaBirimiSecilir/Para'

2021-10-21 14:35:36 - [MESSAGE][INFO] - Checking object

2021-10-21 14:35:36 - [MESSAGE][INFO] - Checking timeout

2021-10-21 14:35:36 - [MESSAGE][INFO] - Finding web element from Test Object's properties

2021-10-21 14:35:36 - [MESSAGE][INFO] - Checking timeout

2021-10-21 14:35:36 - [MESSAGE][INFO] - Finding web element with id: 'Object Repository/Olusturma/Genel/DokumanParaBirimiSecilir/Para' located by 'By.xpath: //*[@id = 'CurrencyUnit_I']' in '10' second(s)

2021-10-21 14:35:36 - [MESSAGE][INFO] - Smart Wait Function is triggered

2021-10-21 14:35:36 - [MESSAGE][INFO] - Found 1 web elements with id: 'Object Repository/Olusturma/Genel/DokumanParaBirimiSecilir/Para' located by 'By.xpath: //*[@id = 'CurrencyUnit_I']' in '10' second(s)

2021-10-21 14:35:36 - [MESSAGE][PASSED] - Object 'Object Repository/Olusturma/Genel/DokumanParaBirimiSecilir/Para' is clickable

2021-10-21 14:35:36 - [TEST_STEP][PASSED] - click(findTestObject("Object Repository/Olusturma/Genel/DokumanParaBirimiSecilir/Para")): Object: 'Object Repository/Olusturma/Genel/DokumanParaBirimiSecilir/Para' is clicked on

2021-10-21 14:35:36 - [MESSAGE][INFO] - Finding Test Object 'Object Repository/Olusturma/Genel/DokumanParaBirimiSecilir/Para'

2021-10-21 14:35:37 - [MESSAGE][INFO] - Checking object

2021-10-21 14:35:37 - [MESSAGE][INFO] - Finding web element from Test Object's properties

2021-10-21 14:35:37 - [MESSAGE][INFO] - Checking timeout

2021-10-21 14:35:37 - [MESSAGE][INFO] - Finding web element with id: 'Object Repository/Olusturma/Genel/DokumanParaBirimiSecilir/Para' located by 'By.xpath: //*[@id = 'CurrencyUnit_I']' in '30' second(s)

2021-10-21 14:35:37 - [MESSAGE][INFO] - Smart Wait Function is triggered

2021-10-21 14:35:37 - [MESSAGE][INFO] - Found 1 web elements with id: 'Object Repository/Olusturma/Genel/DokumanParaBirimiSecilir/Para' located by 'By.xpath: //*[@id = 'CurrencyUnit_I']' in '30' second(s)

2021-10-21 14:35:37 - [MESSAGE][INFO] - Clicking on object: 'Object Repository/Olusturma/Genel/DokumanParaBirimiSecilir/Para'

2021-10-21 14:35:37 - [MESSAGE][PASSED] - Object: 'Object Repository/Olusturma/Genel/DokumanParaBirimiSecilir/Para' is clicked on

2021-10-21 14:35:37 - [TEST_STEP][PASSED] - Method.TextDegerineEsitElementeTikla(findTestObject("Object Repository/Olusturma/Genel/DokumanParaBirimiSecilir/Para_Adi"), Para): Method.TextDegerineEsitElementeTikla is PASSED

2021-10-21 14:35:37 - [MESSAGE][INFO] - Finding Test Object 'Object Repository/Olusturma/Genel/DokumanParaBirimiSecilir/Para_Adi'

2021-10-21 14:35:37 - [MESSAGE][INFO] - Checking timeout

2021-10-21 14:35:37 - [MESSAGE][INFO] - Finding web element with id: 'Object Repository/Olusturma/Genel/DokumanParaBirimiSecilir/Para_Adi' located by 'By.cssSelector: #CurrencyUnit_DDD_L_LBT td' in '10' second(s)

2021-10-21 14:35:37 - [MESSAGE][INFO] - Smart Wait Function is triggered

2021-10-21 14:35:38 - [MESSAGE][INFO] - Found 203 web elements with id: 'Object Repository/Olusturma/Genel/DokumanParaBirimiSecilir/Para_Adi' located by 'By.cssSelector: #CurrencyUnit_DDD_L_LBT td' in '10' second(s)

2021-10-21 14:35:45 - [MESSAGE][PASSED] - Method.TextDegerineEsitElementeTikla is PASSED

2021-10-21 14:35:45 - [MESSAGE][PASSED] - Call Test Case 'Test Cases/Olusturma/Genel/DokumanParaBirimiSecilir' successfully

2021-10-21 14:35:45 - [MESSAGE][INFO] - Checking called Test Case

2021-10-21 14:35:45 - [MESSAGE][INFO] - Starting to call Test Case 'Test Cases/Olusturma/Genel/OnEkSecilir'

2021-10-21 14:35:45 - [TEST_CASE][PASSED] - Test Cases/Olusturma/Genel/OnEkSecilir: Test Cases/Olusturma/Genel/OnEkSecilir

2021-10-21 14:35:45 - [TEST_STEP][PASSED] - waitForElementClickable(findTestObject("Object Repository/Olusturma/Genel/OnEkSecilir/OnEk"), 10): Object 'Object Repository/Olusturma/Genel/OnEkSecilir/OnEk' is clickable

2021-10-21 14:35:45 - [MESSAGE][INFO] - Finding Test Object 'Object Repository/Olusturma/Genel/OnEkSecilir/OnEk'

2021-10-21 14:35:45 - [MESSAGE][INFO] - Checking object

2021-10-21 14:35:45 - [MESSAGE][INFO] - Checking timeout

2021-10-21 14:35:45 - [MESSAGE][INFO] - Finding web element from Test Object's properties

2021-10-21 14:35:45 - [MESSAGE][INFO] - Checking timeout

2021-10-21 14:35:45 - [MESSAGE][INFO] - Finding web element with id: 'Object Repository/Olusturma/Genel/OnEkSecilir/OnEk' located by 'By.xpath: //*[@id = 'InvoicePrefix_I']' in '10' second(s)

2021-10-21 14:35:45 - [MESSAGE][INFO] - Smart Wait Function is triggered

2021-10-21 14:35:46 - [MESSAGE][INFO] - Found 1 web elements with id: 'Object Repository/Olusturma/Genel/OnEkSecilir/OnEk' located by 'By.xpath: //*[@id = 'InvoicePrefix_I']' in '10' second(s)

2021-10-21 14:35:46 - [MESSAGE][PASSED] - Object 'Object Repository/Olusturma/Genel/OnEkSecilir/OnEk' is clickable

2021-10-21 14:35:46 - [TEST_STEP][PASSED] - click(findTestObject("Object Repository/Olusturma/Genel/OnEkSecilir/OnEk")): Object: 'Object Repository/Olusturma/Genel/OnEkSecilir/OnEk' is clicked on

2021-10-21 14:35:46 - [MESSAGE][INFO] - Finding Test Object 'Object Repository/Olusturma/Genel/OnEkSecilir/OnEk'

2021-10-21 14:35:46 - [MESSAGE][INFO] - Checking object

2021-10-21 14:35:46 - [MESSAGE][INFO] - Finding web element from Test Object's properties

2021-10-21 14:35:46 - [MESSAGE][INFO] - Checking timeout

2021-10-21 14:35:46 - [MESSAGE][INFO] - Finding web element with id: 'Object Repository/Olusturma/Genel/OnEkSecilir/OnEk' located by 'By.xpath: //*[@id = 'InvoicePrefix_I']' in '30' second(s)

2021-10-21 14:35:46 - [MESSAGE][INFO] - Smart Wait Function is triggered

2021-10-21 14:35:46 - [MESSAGE][INFO] - Found 1 web elements with id: 'Object Repository/Olusturma/Genel/OnEkSecilir/OnEk' located by 'By.xpath: //*[@id = 'InvoicePrefix_I']' in '30' second(s)

2021-10-21 14:35:46 - [MESSAGE][INFO] - Clicking on object: 'Object Repository/Olusturma/Genel/OnEkSecilir/OnEk'

2021-10-21 14:35:46 - [MESSAGE][PASSED] - Object: 'Object Repository/Olusturma/Genel/OnEkSecilir/OnEk' is clicked on

2021-10-21 14:35:46 - [TEST_STEP][PASSED] - Method.TextDegerineEsitElementeTiklaEquals(findTestObject("Object Repository/Olusturma/Genel/OnEkSecilir/OnEkAdi"), Ek): Method.TextDegerineEsitElementeTiklaEquals is PASSED

2021-10-21 14:35:46 - [MESSAGE][INFO] - Finding Test Object 'Object Repository/Olusturma/Genel/OnEkSecilir/OnEkAdi'

2021-10-21 14:35:46 - [MESSAGE][INFO] - Checking timeout

2021-10-21 14:35:46 - [MESSAGE][INFO] - Finding web element with id: 'Object Repository/Olusturma/Genel/OnEkSecilir/OnEkAdi' located by 'By.cssSelector: #InvoicePrefix_DDD_L_LBT td' in '10' second(s)

2021-10-21 14:35:46 - [MESSAGE][INFO] - Smart Wait Function is triggered

2021-10-21 14:35:47 - [MESSAGE][INFO] - Found 1 web elements with id: 'Object Repository/Olusturma/Genel/OnEkSecilir/OnEkAdi' located by 'By.cssSelector: #InvoicePrefix_DDD_L_LBT td' in '10' second(s)

2021-10-21 14:35:47 - [MESSAGE][PASSED] - Method.TextDegerineEsitElementeTiklaEquals is PASSED

2021-10-21 14:35:47 - [MESSAGE][PASSED] - Call Test Case 'Test Cases/Olusturma/Genel/OnEkSecilir' successfully

2021-10-21 14:35:47 - [MESSAGE][INFO] - Checking called Test Case

2021-10-21 14:35:47 - [MESSAGE][INFO] - Starting to call Test Case 'Test Cases/Olusturma/Genel/TasarimSecilir'

2021-10-21 14:35:47 - [TEST_CASE][PASSED] - Test Cases/Olusturma/Genel/TasarimSecilir: Test Cases/Olusturma/Genel/TasarimSecilir

2021-10-21 14:35:47 - [TEST_STEP][PASSED] - waitForElementClickable(findTestObject("Object Repository/Olusturma/Genel/TasarimSecilir/Tasarim"), 10): Object 'Object Repository/Olusturma/Genel/TasarimSecilir/Tasarim' is clickable

2021-10-21 14:35:47 - [MESSAGE][INFO] - Finding Test Object 'Object Repository/Olusturma/Genel/TasarimSecilir/Tasarim'

2021-10-21 14:35:47 - [MESSAGE][INFO] - Checking object

2021-10-21 14:35:47 - [MESSAGE][INFO] - Checking timeout

2021-10-21 14:35:47 - [MESSAGE][INFO] - Finding web element from Test Object's properties

2021-10-21 14:35:47 - [MESSAGE][INFO] - Checking timeout

2021-10-21 14:35:47 - [MESSAGE][INFO] - Finding web element with id: 'Object Repository/Olusturma/Genel/TasarimSecilir/Tasarim' located by 'By.xpath: //*[@id = 'DesignId_I']' in '10' second(s)

2021-10-21 14:35:47 - [MESSAGE][INFO] - Smart Wait Function is triggered

2021-10-21 14:35:47 - [MESSAGE][INFO] - Found 1 web elements with id: 'Object Repository/Olusturma/Genel/TasarimSecilir/Tasarim' located by 'By.xpath: //*[@id = 'DesignId_I']' in '10' second(s)

2021-10-21 14:35:47 - [MESSAGE][PASSED] - Object 'Object Repository/Olusturma/Genel/TasarimSecilir/Tasarim' is clickable

2021-10-21 14:35:47 - [TEST_STEP][PASSED] - click(findTestObject("Object Repository/Olusturma/Genel/TasarimSecilir/Tasarim")): Object: 'Object Repository/Olusturma/Genel/TasarimSecilir/Tasarim' is clicked on

2021-10-21 14:35:47 - [MESSAGE][INFO] - Finding Test Object 'Object Repository/Olusturma/Genel/TasarimSecilir/Tasarim'

2021-10-21 14:35:47 - [MESSAGE][INFO] - Checking object

2021-10-21 14:35:47 - [MESSAGE][INFO] - Finding web element from Test Object's properties

2021-10-21 14:35:47 - [MESSAGE][INFO] - Checking timeout

2021-10-21 14:35:47 - [MESSAGE][INFO] - Finding web element with id: 'Object Repository/Olusturma/Genel/TasarimSecilir/Tasarim' located by 'By.xpath: //*[@id = 'DesignId_I']' in '30' second(s)

2021-10-21 14:35:47 - [MESSAGE][INFO] - Smart Wait Function is triggered

2021-10-21 14:35:48 - [MESSAGE][INFO] - Found 1 web elements with id: 'Object Repository/Olusturma/Genel/TasarimSecilir/Tasarim' located by 'By.xpath: //*[@id = 'DesignId_I']' in '30' second(s)

2021-10-21 14:35:48 - [MESSAGE][INFO] - Clicking on object: 'Object Repository/Olusturma/Genel/TasarimSecilir/Tasarim'

2021-10-21 14:35:48 - [MESSAGE][PASSED] - Object: 'Object Repository/Olusturma/Genel/TasarimSecilir/Tasarim' is clicked on

2021-10-21 14:35:48 - [TEST_STEP][PASSED] - Method.TextDegerineEsitElementeTikla(findTestObject("Object Repository/Olusturma/Genel/TasarimSecilir/Tasarim_Adi"), Tasarim): Method.TextDegerineEsitElementeTikla is PASSED

2021-10-21 14:35:48 - [MESSAGE][INFO] - Finding Test Object 'Object Repository/Olusturma/Genel/TasarimSecilir/Tasarim_Adi'

2021-10-21 14:35:48 - [MESSAGE][INFO] - Checking timeout

2021-10-21 14:35:48 - [MESSAGE][INFO] - Finding web element with id: 'Object Repository/Olusturma/Genel/TasarimSecilir/Tasarim_Adi' located by 'By.cssSelector: #DesignId_DDD_L_LBT td' in '10' second(s)

2021-10-21 14:35:48 - [MESSAGE][INFO] - Smart Wait Function is triggered

2021-10-21 14:35:48 - [MESSAGE][INFO] - Found 1 web elements with id: 'Object Repository/Olusturma/Genel/TasarimSecilir/Tasarim_Adi' located by 'By.cssSelector: #DesignId_DDD_L_LBT td' in '10' second(s)

2021-10-21 14:35:48 - [MESSAGE][PASSED] - Method.TextDegerineEsitElementeTikla is PASSED

2021-10-21 14:35:48 - [MESSAGE][PASSED] - Call Test Case 'Test Cases/Olusturma/Genel/TasarimSecilir' successfully

2021-10-21 14:35:48 - [MESSAGE][INFO] - Checking called Test Case

2021-10-21 14:35:48 - [MESSAGE][INFO] - Starting to call Test Case 'Test Cases/Olusturma/Genel/Kutular/SiparisBilgileriGirilir'

2021-10-21 14:35:48 - [TEST_CASE][PASSED] - Test Cases/Olusturma/Genel/Kutular/SiparisBilgileriGirilir: Test Cases/Olusturma/Genel/Kutular/SiparisBilgileriGirilir

2021-10-21 14:35:48 - [TEST_STEP][PASSED] - Method.TextDegerineEsitElementeTikla(findTestObject("Olusturma/Genel/Kutular/KapaliKutular"), "Sipariş Bilgileri"): Method.TextDegerineEsitElementeTikla is PASSED

2021-10-21 14:35:48 - [MESSAGE][INFO] - Finding Test Object 'Object Repository/Olusturma/Genel/Kutular/KapaliKutular'

2021-10-21 14:35:49 - [MESSAGE][INFO] - Checking timeout

2021-10-21 14:35:49 - [MESSAGE][INFO] - Finding web element with id: 'Object Repository/Olusturma/Genel/Kutular/KapaliKutular' located by 'By.cssSelector: .dxnb-headerCollapsed>span' in '10' second(s)

2021-10-21 14:35:49 - [MESSAGE][INFO] - Smart Wait Function is triggered

2021-10-21 14:35:49 - [MESSAGE][INFO] - Found 8 web elements with id: 'Object Repository/Olusturma/Genel/Kutular/KapaliKutular' located by 'By.cssSelector: .dxnb-headerCollapsed>span' in '10' second(s)

2021-10-21 14:35:49 - [MESSAGE][PASSED] - Method.TextDegerineEsitElementeTikla is PASSED

2021-10-21 14:35:49 - [TEST_STEP][PASSED] - waitForElementPresent(findTestObject("Object Repository/Olusturma/Genel/Kutular/SiparisBilgileri/SiparisNo"), 10): Object 'Object Repository/Olusturma/Genel/Kutular/SiparisBilgileri/SiparisNo' is present

2021-10-21 14:35:49 - [MESSAGE][INFO] - Finding Test Object 'Object Repository/Olusturma/Genel/Kutular/SiparisBilgileri/SiparisNo'

2021-10-21 14:35:49 - [MESSAGE][INFO] - Checking object

2021-10-21 14:35:49 - [MESSAGE][INFO] - Finding web element from Test Object's properties

2021-10-21 14:35:49 - [MESSAGE][INFO] - Checking timeout

2021-10-21 14:35:49 - [MESSAGE][INFO] - Finding web element with id: 'Object Repository/Olusturma/Genel/Kutular/SiparisBilgileri/SiparisNo' located by 'By.xpath: //*[@id = 'txtSiparisNo_I']' in '10' second(s)

2021-10-21 14:35:49 - [MESSAGE][INFO] - Smart Wait Function is triggered

2021-10-21 14:35:49 - [MESSAGE][INFO] - Found 1 web elements with id: 'Object Repository/Olusturma/Genel/Kutular/SiparisBilgileri/SiparisNo' located by 'By.xpath: //*[@id = 'txtSiparisNo_I']' in '10' second(s)

2021-10-21 14:35:49 - [MESSAGE][PASSED] - Object 'Object Repository/Olusturma/Genel/Kutular/SiparisBilgileri/SiparisNo' is present

2021-10-21 14:35:49 - [TEST_STEP][PASSED] - clearText(findTestObject("Object Repository/Olusturma/Genel/Kutular/SiparisBilgileri/SiparisNo")): Text of object 'Object Repository/Olusturma/Genel/Kutular/SiparisBilgileri/SiparisNo' is cleared

2021-10-21 14:35:49 - [MESSAGE][INFO] - Finding Test Object 'Object Repository/Olusturma/Genel/Kutular/SiparisBilgileri/SiparisNo'

2021-10-21 14:35:50 - [MESSAGE][INFO] - Checking object

2021-10-21 14:35:50 - [MESSAGE][INFO] - Finding web element from Test Object's properties

2021-10-21 14:35:50 - [MESSAGE][INFO] - Checking timeout

2021-10-21 14:35:50 - [MESSAGE][INFO] - Finding web element with id: 'Object Repository/Olusturma/Genel/Kutular/SiparisBilgileri/SiparisNo' located by 'By.xpath: //*[@id = 'txtSiparisNo_I']' in '30' second(s)

2021-10-21 14:35:50 - [MESSAGE][INFO] - Smart Wait Function is triggered

2021-10-21 14:35:50 - [MESSAGE][INFO] - Found 1 web elements with id: 'Object Repository/Olusturma/Genel/Kutular/SiparisBilgileri/SiparisNo' located by 'By.xpath: //*[@id = 'txtSiparisNo_I']' in '30' second(s)

2021-10-21 14:35:50 - [MESSAGE][INFO] - Clearing text of object 'Object Repository/Olusturma/Genel/Kutular/SiparisBilgileri/SiparisNo'

2021-10-21 14:35:50 - [MESSAGE][PASSED] - Text of object 'Object Repository/Olusturma/Genel/Kutular/SiparisBilgileri/SiparisNo' is cleared

2021-10-21 14:35:50 - [TEST_STEP][PASSED] - sendKeys(findTestObject("Object Repository/Olusturma/Genel/Kutular/SiparisBilgileri/SiparisNo"), SiparisNo): Keys 'UUC-SAT-1200001' sent to object: 'Object Repository/Olusturma/Genel/Kutular/SiparisBilgileri/SiparisNo'

2021-10-21 14:35:50 - [MESSAGE][INFO] - Finding Test Object 'Object Repository/Olusturma/Genel/Kutular/SiparisBilgileri/SiparisNo'

2021-10-21 14:35:50 - [MESSAGE][INFO] - Sending keys 'UUC-SAT-1200001' to object: 'Object Repository/Olusturma/Genel/Kutular/SiparisBilgileri/SiparisNo'

2021-10-21 14:35:50 - [MESSAGE][INFO] - Finding web element from Test Object's properties

2021-10-21 14:35:50 - [MESSAGE][INFO] - Checking timeout

2021-10-21 14:35:50 - [MESSAGE][INFO] - Finding web element with id: 'Object Repository/Olusturma/Genel/Kutular/SiparisBilgileri/SiparisNo' located by 'By.xpath: //*[@id = 'txtSiparisNo_I']' in '30' second(s)

2021-10-21 14:35:50 - [MESSAGE][INFO] - Smart Wait Function is triggered

2021-10-21 14:35:50 - [MESSAGE][INFO] - Found 1 web elements with id: 'Object Repository/Olusturma/Genel/Kutular/SiparisBilgileri/SiparisNo' located by 'By.xpath: //*[@id = 'txtSiparisNo_I']' in '30' second(s)

2021-10-21 14:35:51 - [MESSAGE][PASSED] - Keys 'UUC-SAT-1200001' sent to object: 'Object Repository/Olusturma/Genel/Kutular/SiparisBilgileri/SiparisNo'

2021-10-21 14:35:51 - [TEST_STEP][PASSED] - waitForElementClickable(findTestObject("Object Repository/Olusturma/Genel/Kutular/SiparisBilgileri/SiparisTarihiImage"), 10): Object 'Object Repository/Olusturma/Genel/Kutular/SiparisBilgileri/SiparisTarihiImage' is clickable

2021-10-21 14:35:51 - [MESSAGE][INFO] - Finding Test Object 'Object Repository/Olusturma/Genel/Kutular/SiparisBilgileri/SiparisTarihiImage'

2021-10-21 14:35:51 - [MESSAGE][INFO] - Checking object

2021-10-21 14:35:51 - [MESSAGE][INFO] - Checking timeout

2021-10-21 14:35:51 - [MESSAGE][INFO] - Finding web element from Test Object's properties

2021-10-21 14:35:51 - [MESSAGE][INFO] - Checking timeout

2021-10-21 14:35:51 - [MESSAGE][INFO] - Finding web element with id: 'Object Repository/Olusturma/Genel/Kutular/SiparisBilgileri/SiparisTarihiImage' located by 'By.cssSelector: #dateSiparisTarih img' in '10' second(s)

2021-10-21 14:35:51 - [MESSAGE][INFO] - Smart Wait Function is triggered

2021-10-21 14:35:51 - [MESSAGE][INFO] - Found 1 web elements with id: 'Object Repository/Olusturma/Genel/Kutular/SiparisBilgileri/SiparisTarihiImage' located by 'By.cssSelector: #dateSiparisTarih img' in '10' second(s)

2021-10-21 14:35:51 - [MESSAGE][PASSED] - Object 'Object Repository/Olusturma/Genel/Kutular/SiparisBilgileri/SiparisTarihiImage' is clickable

2021-10-21 14:35:51 - [TEST_STEP][PASSED] - click(findTestObject("Object Repository/Olusturma/Genel/Kutular/SiparisBilgileri/SiparisTarihiImage")): Object: 'Object Repository/Olusturma/Genel/Kutular/SiparisBilgileri/SiparisTarihiImage' is clicked on

2021-10-21 14:35:51 - [MESSAGE][INFO] - Finding Test Object 'Object Repository/Olusturma/Genel/Kutular/SiparisBilgileri/SiparisTarihiImage'

2021-10-21 14:35:51 - [MESSAGE][INFO] - Checking object

2021-10-21 14:35:51 - [MESSAGE][INFO] - Finding web element from Test Object's properties

2021-10-21 14:35:51 - [MESSAGE][INFO] - Checking timeout

2021-10-21 14:35:51 - [MESSAGE][INFO] - Finding web element with id: 'Object Repository/Olusturma/Genel/Kutular/SiparisBilgileri/SiparisTarihiImage' located by 'By.cssSelector: #dateSiparisTarih img' in '30' second(s)

2021-10-21 14:35:51 - [MESSAGE][INFO] - Smart Wait Function is triggered

2021-10-21 14:35:51 - [MESSAGE][INFO] - Found 1 web elements with id: 'Object Repository/Olusturma/Genel/Kutular/SiparisBilgileri/SiparisTarihiImage' located by 'By.cssSelector: #dateSiparisTarih img' in '30' second(s)

2021-10-21 14:35:51 - [MESSAGE][INFO] - Clicking on object: 'Object Repository/Olusturma/Genel/Kutular/SiparisBilgileri/SiparisTarihiImage'

2021-10-21 14:35:52 - [MESSAGE][PASSED] - Object: 'Object Repository/Olusturma/Genel/Kutular/SiparisBilgileri/SiparisTarihiImage' is clicked on

2021-10-21 14:35:52 - [TEST_STEP][PASSED] - waitForElementPresent(findTestObject("Object Repository/Olusturma/Genel/Kutular/SiparisBilgileri/SiparisTarihi"), 10): Object 'Object Repository/Olusturma/Genel/Kutular/SiparisBilgileri/SiparisTarihi' is present

2021-10-21 14:35:52 - [MESSAGE][INFO] - Finding Test Object 'Object Repository/Olusturma/Genel/Kutular/SiparisBilgileri/SiparisTarihi'

2021-10-21 14:35:52 - [MESSAGE][INFO] - Checking object

2021-10-21 14:35:52 - [MESSAGE][INFO] - Finding web element from Test Object's properties

2021-10-21 14:35:52 - [MESSAGE][INFO] - Checking timeout

2021-10-21 14:35:52 - [MESSAGE][INFO] - Finding web element with id: 'Object Repository/Olusturma/Genel/Kutular/SiparisBilgileri/SiparisTarihi' located by 'By.xpath: //*[@id = 'dateSiparisTarih_I']' in '10' second(s)

2021-10-21 14:35:52 - [MESSAGE][INFO] - Smart Wait Function is triggered

2021-10-21 14:35:52 - [MESSAGE][INFO] - Found 1 web elements with id: 'Object Repository/Olusturma/Genel/Kutular/SiparisBilgileri/SiparisTarihi' located by 'By.xpath: //*[@id = 'dateSiparisTarih_I']' in '10' second(s)

2021-10-21 14:35:52 - [MESSAGE][PASSED] - Object 'Object Repository/Olusturma/Genel/Kutular/SiparisBilgileri/SiparisTarihi' is present

2021-10-21 14:35:52 - [TEST_STEP][PASSED] - clearText(findTestObject("Object Repository/Olusturma/Genel/Kutular/SiparisBilgileri/SiparisTarihi")): Text of object 'Object Repository/Olusturma/Genel/Kutular/SiparisBilgileri/SiparisTarihi' is cleared

2021-10-21 14:35:52 - [MESSAGE][INFO] - Finding Test Object 'Object Repository/Olusturma/Genel/Kutular/SiparisBilgileri/SiparisTarihi'

2021-10-21 14:35:52 - [MESSAGE][INFO] - Checking object

2021-10-21 14:35:52 - [MESSAGE][INFO] - Finding web element from Test Object's properties

2021-10-21 14:35:52 - [MESSAGE][INFO] - Checking timeout

2021-10-21 14:35:52 - [MESSAGE][INFO] - Finding web element with id: 'Object Repository/Olusturma/Genel/Kutular/SiparisBilgileri/SiparisTarihi' located by 'By.xpath: //*[@id = 'dateSiparisTarih_I']' in '30' second(s)

2021-10-21 14:35:52 - [MESSAGE][INFO] - Smart Wait Function is triggered

2021-10-21 14:35:53 - [MESSAGE][INFO] - Found 1 web elements with id: 'Object Repository/Olusturma/Genel/Kutular/SiparisBilgileri/SiparisTarihi' located by 'By.xpath: //*[@id = 'dateSiparisTarih_I']' in '30' second(s)

2021-10-21 14:35:53 - [MESSAGE][INFO] - Clearing text of object 'Object Repository/Olusturma/Genel/Kutular/SiparisBilgileri/SiparisTarihi'

2021-10-21 14:35:53 - [MESSAGE][PASSED] - Text of object 'Object Repository/Olusturma/Genel/Kutular/SiparisBilgileri/SiparisTarihi' is cleared

2021-10-21 14:35:53 - [TEST_STEP][PASSED] - sendKeys(findTestObject("Object Repository/Olusturma/Genel/Kutular/SiparisBilgileri/SiparisTarihi"), Tarih): Keys '31.04.2020' sent to object: 'Object Repository/Olusturma/Genel/Kutular/SiparisBilgileri/SiparisTarihi'

2021-10-21 14:35:53 - [MESSAGE][INFO] - Finding Test Object 'Object Repository/Olusturma/Genel/Kutular/SiparisBilgileri/SiparisTarihi'

2021-10-21 14:35:53 - [MESSAGE][INFO] - Sending keys '31.04.2020' to object: 'Object Repository/Olusturma/Genel/Kutular/SiparisBilgileri/SiparisTarihi'

2021-10-21 14:35:53 - [MESSAGE][INFO] - Finding web element from Test Object's properties

2021-10-21 14:35:53 - [MESSAGE][INFO] - Checking timeout

2021-10-21 14:35:53 - [MESSAGE][INFO] - Finding web element with id: 'Object Repository/Olusturma/Genel/Kutular/SiparisBilgileri/SiparisTarihi' located by 'By.xpath: //*[@id = 'dateSiparisTarih_I']' in '30' second(s)

2021-10-21 14:35:53 - [MESSAGE][INFO] - Smart Wait Function is triggered

2021-10-21 14:35:53 - [MESSAGE][INFO] - Found 1 web elements with id: 'Object Repository/Olusturma/Genel/Kutular/SiparisBilgileri/SiparisTarihi' located by 'By.xpath: //*[@id = 'dateSiparisTarih_I']' in '30' second(s)

2021-10-21 14:35:53 - [MESSAGE][PASSED] - Keys '31.04.2020' sent to object: 'Object Repository/Olusturma/Genel/Kutular/SiparisBilgileri/SiparisTarihi'

2021-10-21 14:35:53 - [MESSAGE][PASSED] - Call Test Case 'Test Cases/Olusturma/Genel/Kutular/SiparisBilgileriGirilir' successfully

2021-10-21 14:35:53 - [MESSAGE][INFO] - Checking called Test Case

2021-10-21 14:35:53 - [MESSAGE][INFO] - Starting to call Test Case 'Test Cases/Olusturma/Genel/Kutular/IrsaliyeBilgileri'

2021-10-21 14:35:53 - [TEST_CASE][PASSED] - Test Cases/Olusturma/Genel/Kutular/IrsaliyeBilgileri: Test Cases/Olusturma/Genel/Kutular/IrsaliyeBilgileri

2021-10-21 14:35:53 - [TEST_STEP][PASSED] - Method.TextDegerineEsitElementeTikla(findTestObject("Olusturma/Genel/Kutular/KapaliKutular"), "İrsaliye Bilgileri"): Method.TextDegerineEsitElementeTikla is PASSED

2021-10-21 14:35:53 - [MESSAGE][INFO] - Finding Test Object 'Object Repository/Olusturma/Genel/Kutular/KapaliKutular'

2021-10-21 14:35:54 - [MESSAGE][INFO] - Checking timeout

2021-10-21 14:35:54 - [MESSAGE][INFO] - Finding web element with id: 'Object Repository/Olusturma/Genel/Kutular/KapaliKutular' located by 'By.cssSelector: .dxnb-headerCollapsed>span' in '10' second(s)

2021-10-21 14:35:54 - [MESSAGE][INFO] - Smart Wait Function is triggered

2021-10-21 14:35:54 - [MESSAGE][INFO] - Found 8 web elements with id: 'Object Repository/Olusturma/Genel/Kutular/KapaliKutular' located by 'By.cssSelector: .dxnb-headerCollapsed>span' in '10' second(s)

2021-10-21 14:35:54 - [MESSAGE][PASSED] - Method.TextDegerineEsitElementeTikla is PASSED

2021-10-21 14:35:54 - [TEST_STEP][PASSED] - waitForElementClickable(findTestObject("Olusturma/Genel/Kutular/IrsaliyeBilgileri/Ekle"), 10): Object 'Object Repository/Olusturma/Genel/Kutular/IrsaliyeBilgileri/Ekle' is clickable

2021-10-21 14:35:54 - [MESSAGE][INFO] - Finding Test Object 'Object Repository/Olusturma/Genel/Kutular/IrsaliyeBilgileri/Ekle'

2021-10-21 14:35:54 - [MESSAGE][INFO] - Checking object

2021-10-21 14:35:54 - [MESSAGE][INFO] - Checking timeout

2021-10-21 14:35:54 - [MESSAGE][INFO] - Finding web element from Test Object's properties

2021-10-21 14:35:54 - [MESSAGE][INFO] - Checking timeout

2021-10-21 14:35:54 - [MESSAGE][INFO] - Finding web element with id: 'Object Repository/Olusturma/Genel/Kutular/IrsaliyeBilgileri/Ekle' located by 'By.xpath: //*[@id = 'DXEditorgvUserInvoiceBillsNewRowBtn']' in '10' second(s)

2021-10-21 14:35:54 - [MESSAGE][INFO] - Smart Wait Function is triggered

2021-10-21 14:35:54 - [MESSAGE][INFO] - Found 1 web elements with id: 'Object Repository/Olusturma/Genel/Kutular/IrsaliyeBilgileri/Ekle' located by 'By.xpath: //*[@id = 'DXEditorgvUserInvoiceBillsNewRowBtn']' in '10' second(s)

2021-10-21 14:35:54 - [MESSAGE][PASSED] - Object 'Object Repository/Olusturma/Genel/Kutular/IrsaliyeBilgileri/Ekle' is clickable

2021-10-21 14:35:54 - [TEST_STEP][PASSED] - click(findTestObject("Olusturma/Genel/Kutular/IrsaliyeBilgileri/Ekle")): Object: 'Object Repository/Olusturma/Genel/Kutular/IrsaliyeBilgileri/Ekle' is clicked on

2021-10-21 14:35:54 - [MESSAGE][INFO] - Finding Test Object 'Object Repository/Olusturma/Genel/Kutular/IrsaliyeBilgileri/Ekle'

2021-10-21 14:35:55 - [MESSAGE][INFO] - Checking object

2021-10-21 14:35:55 - [MESSAGE][INFO] - Finding web element from Test Object's properties

2021-10-21 14:35:55 - [MESSAGE][INFO] - Checking timeout

2021-10-21 14:35:55 - [MESSAGE][INFO] - Finding web element with id: 'Object Repository/Olusturma/Genel/Kutular/IrsaliyeBilgileri/Ekle' located by 'By.xpath: //*[@id = 'DXEditorgvUserInvoiceBillsNewRowBtn']' in '30' second(s)

2021-10-21 14:35:55 - [MESSAGE][INFO] - Smart Wait Function is triggered

2021-10-21 14:35:55 - [MESSAGE][INFO] - Found 1 web elements with id: 'Object Repository/Olusturma/Genel/Kutular/IrsaliyeBilgileri/Ekle' located by 'By.xpath: //*[@id = 'DXEditorgvUserInvoiceBillsNewRowBtn']' in '30' second(s)

2021-10-21 14:35:55 - [MESSAGE][INFO] - Clicking on object: 'Object Repository/Olusturma/Genel/Kutular/IrsaliyeBilgileri/Ekle'

2021-10-21 14:35:55 - [MESSAGE][PASSED] - Object: 'Object Repository/Olusturma/Genel/Kutular/IrsaliyeBilgileri/Ekle' is clicked on

2021-10-21 14:35:55 - [TEST_STEP][PASSED] - waitForElementPresent(findTestObject("Object Repository/Olusturma/Genel/Kutular/IrsaliyeBilgileri/IrsaliyeNumarasi"), 10): Object 'Object Repository/Olusturma/Genel/Kutular/IrsaliyeBilgileri/IrsaliyeNumarasi' is present

2021-10-21 14:35:55 - [MESSAGE][INFO] - Finding Test Object 'Object Repository/Olusturma/Genel/Kutular/IrsaliyeBilgileri/IrsaliyeNumarasi'

2021-10-21 14:35:55 - [MESSAGE][INFO] - Checking object

2021-10-21 14:35:55 - [MESSAGE][INFO] - Finding web element from Test Object's properties

2021-10-21 14:35:55 - [MESSAGE][INFO] - Checking timeout

2021-10-21 14:35:55 - [MESSAGE][INFO] - Finding web element with id: 'Object Repository/Olusturma/Genel/Kutular/IrsaliyeBilgileri/IrsaliyeNumarasi' located by 'By.xpath: //*[@id = 'gvUserInvoiceBills_DXEditor1_I']' in '10' second(s)

2021-10-21 14:35:55 - [MESSAGE][INFO] - Smart Wait Function is triggered

2021-10-21 14:35:56 - [MESSAGE][INFO] - Smart Wait Function is triggered

2021-10-21 14:35:56 - [MESSAGE][INFO] - Found 1 web elements with id: 'Object Repository/Olusturma/Genel/Kutular/IrsaliyeBilgileri/IrsaliyeNumarasi' located by 'By.xpath: //*[@id = 'gvUserInvoiceBills_DXEditor1_I']' in '10' second(s)

2021-10-21 14:35:56 - [MESSAGE][PASSED] - Object 'Object Repository/Olusturma/Genel/Kutular/IrsaliyeBilgileri/IrsaliyeNumarasi' is present

2021-10-21 14:35:56 - [TEST_STEP][PASSED] - clearText(findTestObject("Object Repository/Olusturma/Genel/Kutular/IrsaliyeBilgileri/IrsaliyeNumarasi")): Text of object 'Object Repository/Olusturma/Genel/Kutular/IrsaliyeBilgileri/IrsaliyeNumarasi' is cleared

2021-10-21 14:35:56 - [MESSAGE][INFO] - Finding Test Object 'Object Repository/Olusturma/Genel/Kutular/IrsaliyeBilgileri/IrsaliyeNumarasi'

2021-10-21 14:35:56 - [MESSAGE][INFO] - Checking object

2021-10-21 14:35:56 - [MESSAGE][INFO] - Finding web element from Test Object's properties

2021-10-21 14:35:56 - [MESSAGE][INFO] - Checking timeout

2021-10-21 14:35:56 - [MESSAGE][INFO] - Finding web element with id: 'Object Repository/Olusturma/Genel/Kutular/IrsaliyeBilgileri/IrsaliyeNumarasi' located by 'By.xpath: //*[@id = 'gvUserInvoiceBills_DXEditor1_I']' in '30' second(s)

2021-10-21 14:35:56 - [MESSAGE][INFO] - Smart Wait Function is triggered

2021-10-21 14:35:57 - [MESSAGE][INFO] - Found 1 web elements with id: 'Object Repository/Olusturma/Genel/Kutular/IrsaliyeBilgileri/IrsaliyeNumarasi' located by 'By.xpath: //*[@id = 'gvUserInvoiceBills_DXEditor1_I']' in '30' second(s)

2021-10-21 14:35:57 - [MESSAGE][INFO] - Clearing text of object 'Object Repository/Olusturma/Genel/Kutular/IrsaliyeBilgileri/IrsaliyeNumarasi'

2021-10-21 14:35:57 - [MESSAGE][PASSED] - Text of object 'Object Repository/Olusturma/Genel/Kutular/IrsaliyeBilgileri/IrsaliyeNumarasi' is cleared

2021-10-21 14:35:57 - [TEST_STEP][PASSED] - sendKeys(findTestObject("Object Repository/Olusturma/Genel/Kutular/IrsaliyeBilgileri/IrsaliyeNumarasi"), Numara): Keys 'AAAAAAAAAA' sent to object: 'Object Repository/Olusturma/Genel/Kutular/IrsaliyeBilgileri/IrsaliyeNumarasi'

2021-10-21 14:35:57 - [MESSAGE][INFO] - Finding Test Object 'Object Repository/Olusturma/Genel/Kutular/IrsaliyeBilgileri/IrsaliyeNumarasi'

2021-10-21 14:35:57 - [MESSAGE][INFO] - Sending keys 'AAAAAAAAAA' to object: 'Object Repository/Olusturma/Genel/Kutular/IrsaliyeBilgileri/IrsaliyeNumarasi'

2021-10-21 14:35:57 - [MESSAGE][INFO] - Finding web element from Test Object's properties

2021-10-21 14:35:57 - [MESSAGE][INFO] - Checking timeout

2021-10-21 14:35:57 - [MESSAGE][INFO] - Finding web element with id: 'Object Repository/Olusturma/Genel/Kutular/IrsaliyeBilgileri/IrsaliyeNumarasi' located by 'By.xpath: //*[@id = 'gvUserInvoiceBills_DXEditor1_I']' in '30' second(s)

2021-10-21 14:35:57 - [MESSAGE][INFO] - Smart Wait Function is triggered

2021-10-21 14:35:57 - [MESSAGE][INFO] - Found 1 web elements with id: 'Object Repository/Olusturma/Genel/Kutular/IrsaliyeBilgileri/IrsaliyeNumarasi' located by 'By.xpath: //*[@id = 'gvUserInvoiceBills_DXEditor1_I']' in '30' second(s)

2021-10-21 14:35:57 - [MESSAGE][PASSED] - Keys 'AAAAAAAAAA' sent to object: 'Object Repository/Olusturma/Genel/Kutular/IrsaliyeBilgileri/IrsaliyeNumarasi'

2021-10-21 14:35:57 - [TEST_STEP][PASSED] - waitForElementClickable(findTestObject("Object Repository/Olusturma/Genel/Kutular/IrsaliyeBilgileri/IrsaliyeTarihi"), 10): Object 'Object Repository/Olusturma/Genel/Kutular/IrsaliyeBilgileri/IrsaliyeTarihi' is clickable

2021-10-21 14:35:57 - [MESSAGE][INFO] - Finding Test Object 'Object Repository/Olusturma/Genel/Kutular/IrsaliyeBilgileri/IrsaliyeTarihi'

2021-10-21 14:35:58 - [MESSAGE][INFO] - Checking object

2021-10-21 14:35:58 - [MESSAGE][INFO] - Checking timeout

2021-10-21 14:35:58 - [MESSAGE][INFO] - Finding web element from Test Object's properties

2021-10-21 14:35:58 - [MESSAGE][INFO] - Checking timeout

2021-10-21 14:35:58 - [MESSAGE][INFO] - Finding web element with id: 'Object Repository/Olusturma/Genel/Kutular/IrsaliyeBilgileri/IrsaliyeTarihi' located by 'By.xpath: //*[@id = 'gvUserInvoiceBills_DXEditor2_I']' in '10' second(s)

2021-10-21 14:35:58 - [MESSAGE][INFO] - Smart Wait Function is triggered

2021-10-21 14:35:58 - [MESSAGE][INFO] - Found 1 web elements with id: 'Object Repository/Olusturma/Genel/Kutular/IrsaliyeBilgileri/IrsaliyeTarihi' located by 'By.xpath: //*[@id = 'gvUserInvoiceBills_DXEditor2_I']' in '10' second(s)

2021-10-21 14:35:58 - [MESSAGE][PASSED] - Object 'Object Repository/Olusturma/Genel/Kutular/IrsaliyeBilgileri/IrsaliyeTarihi' is clickable

2021-10-21 14:35:58 - [TEST_STEP][PASSED] - click(findTestObject("Object Repository/Olusturma/Genel/Kutular/IrsaliyeBilgileri/IrsaliyeTarihi")): Object: 'Object Repository/Olusturma/Genel/Kutular/IrsaliyeBilgileri/IrsaliyeTarihi' is clicked on

2021-10-21 14:35:58 - [MESSAGE][INFO] - Finding Test Object 'Object Repository/Olusturma/Genel/Kutular/IrsaliyeBilgileri/IrsaliyeTarihi'

2021-10-21 14:35:58 - [MESSAGE][INFO] - Checking object

2021-10-21 14:35:58 - [MESSAGE][INFO] - Finding web element from Test Object's properties

2021-10-21 14:35:58 - [MESSAGE][INFO] - Checking timeout

2021-10-21 14:35:58 - [MESSAGE][INFO] - Finding web element with id: 'Object Repository/Olusturma/Genel/Kutular/IrsaliyeBilgileri/IrsaliyeTarihi' located by 'By.xpath: //*[@id = 'gvUserInvoiceBills_DXEditor2_I']' in '30' second(s)

2021-10-21 14:35:58 - [MESSAGE][INFO] - Smart Wait Function is triggered

2021-10-21 14:35:59 - [MESSAGE][INFO] - Found 1 web elements with id: 'Object Repository/Olusturma/Genel/Kutular/IrsaliyeBilgileri/IrsaliyeTarihi' located by 'By.xpath: //*[@id = 'gvUserInvoiceBills_DXEditor2_I']' in '30' second(s)

2021-10-21 14:35:59 - [MESSAGE][INFO] - Clicking on object: 'Object Repository/Olusturma/Genel/Kutular/IrsaliyeBilgileri/IrsaliyeTarihi'

2021-10-21 14:35:59 - [MESSAGE][PASSED] - Object: 'Object Repository/Olusturma/Genel/Kutular/IrsaliyeBilgileri/IrsaliyeTarihi' is clicked on

2021-10-21 14:35:59 - [TEST_STEP][PASSED] - sendKeys(findTestObject("Object Repository/Olusturma/Genel/Kutular/IrsaliyeBilgileri/IrsaliyeTarihi"), Tarih): Keys '31.04.2020' sent to object: 'Object Repository/Olusturma/Genel/Kutular/IrsaliyeBilgileri/IrsaliyeTarihi'

2021-10-21 14:35:59 - [MESSAGE][INFO] - Finding Test Object 'Object Repository/Olusturma/Genel/Kutular/IrsaliyeBilgileri/IrsaliyeTarihi'

2021-10-21 14:35:59 - [MESSAGE][INFO] - Sending keys '31.04.2020' to object: 'Object Repository/Olusturma/Genel/Kutular/IrsaliyeBilgileri/IrsaliyeTarihi'

2021-10-21 14:35:59 - [MESSAGE][INFO] - Finding web element from Test Object's properties

2021-10-21 14:35:59 - [MESSAGE][INFO] - Checking timeout

2021-10-21 14:35:59 - [MESSAGE][INFO] - Finding web element with id: 'Object Repository/Olusturma/Genel/Kutular/IrsaliyeBilgileri/IrsaliyeTarihi' located by 'By.xpath: //*[@id = 'gvUserInvoiceBills_DXEditor2_I']' in '30' second(s)

2021-10-21 14:35:59 - [MESSAGE][INFO] - Smart Wait Function is triggered

2021-10-21 14:35:59 - [MESSAGE][INFO] - Found 1 web elements with id: 'Object Repository/Olusturma/Genel/Kutular/IrsaliyeBilgileri/IrsaliyeTarihi' located by 'By.xpath: //*[@id = 'gvUserInvoiceBills_DXEditor2_I']' in '30' second(s)

2021-10-21 14:35:59 - [MESSAGE][PASSED] - Keys '31.04.2020' sent to object: 'Object Repository/Olusturma/Genel/Kutular/IrsaliyeBilgileri/IrsaliyeTarihi'

2021-10-21 14:35:59 - [MESSAGE][PASSED] - Call Test Case 'Test Cases/Olusturma/Genel/Kutular/IrsaliyeBilgileri' successfully

2021-10-21 14:35:59 - [MESSAGE][INFO] - Checking called Test Case

2021-10-21 14:35:59 - [MESSAGE][INFO] - Starting to call Test Case 'Test Cases/Olusturma/Genel/EkleButonunaBasilir'

2021-10-21 14:36:00 - [TEST_CASE][PASSED] - Test Cases/Olusturma/Genel/EkleButonunaBasilir: Test Cases/Olusturma/Genel/EkleButonunaBasilir

2021-10-21 14:36:00 - [TEST_STEP][PASSED] - waitForElementClickable(findTestObject("Object Repository/Olusturma/Genel/Olusturma/Ekle"), 10): Object 'Object Repository/Olusturma/Genel/Olusturma/Ekle' is clickable

2021-10-21 14:36:00 - [MESSAGE][INFO] - Finding Test Object 'Object Repository/Olusturma/Genel/Olusturma/Ekle'

2021-10-21 14:36:00 - [MESSAGE][INFO] - Checking object

2021-10-21 14:36:00 - [MESSAGE][INFO] - Checking timeout

2021-10-21 14:36:00 - [MESSAGE][INFO] - Finding web element from Test Object's properties

2021-10-21 14:36:00 - [MESSAGE][INFO] - Checking timeout

2021-10-21 14:36:00 - [MESSAGE][INFO] - Finding web element with id: 'Object Repository/Olusturma/Genel/Olusturma/Ekle' located by 'By.cssSelector: #divmalhizmet i.fa.fa-plus.fa-lg.text-muted' in '10' second(s)

2021-10-21 14:36:00 - [MESSAGE][INFO] - Smart Wait Function is triggered

2021-10-21 14:36:00 - [MESSAGE][INFO] - Found 1 web elements with id: 'Object Repository/Olusturma/Genel/Olusturma/Ekle' located by 'By.cssSelector: #divmalhizmet i.fa.fa-plus.fa-lg.text-muted' in '10' second(s)

2021-10-21 14:36:00 - [MESSAGE][PASSED] - Object 'Object Repository/Olusturma/Genel/Olusturma/Ekle' is clickable

2021-10-21 14:36:00 - [TEST_STEP][PASSED] - click(findTestObject("Object Repository/Olusturma/Genel/Olusturma/Ekle")): Object: 'Object Repository/Olusturma/Genel/Olusturma/Ekle' is clicked on

2021-10-21 14:36:00 - [MESSAGE][INFO] - Finding Test Object 'Object Repository/Olusturma/Genel/Olusturma/Ekle'

2021-10-21 14:36:00 - [MESSAGE][INFO] - Checking object

2021-10-21 14:36:00 - [MESSAGE][INFO] - Finding web element from Test Object's properties

2021-10-21 14:36:00 - [MESSAGE][INFO] - Checking timeout

2021-10-21 14:36:00 - [MESSAGE][INFO] - Finding web element with id: 'Object Repository/Olusturma/Genel/Olusturma/Ekle' located by 'By.cssSelector: #divmalhizmet i.fa.fa-plus.fa-lg.text-muted' in '30' second(s)

2021-10-21 14:36:00 - [MESSAGE][INFO] - Smart Wait Function is triggered

2021-10-21 14:36:00 - [MESSAGE][INFO] - Found 1 web elements with id: 'Object Repository/Olusturma/Genel/Olusturma/Ekle' located by 'By.cssSelector: #divmalhizmet i.fa.fa-plus.fa-lg.text-muted' in '30' second(s)

2021-10-21 14:36:00 - [MESSAGE][INFO] - Clicking on object: 'Object Repository/Olusturma/Genel/Olusturma/Ekle'

2021-10-21 14:36:01 - [MESSAGE][PASSED] - Object: 'Object Repository/Olusturma/Genel/Olusturma/Ekle' is clicked on

2021-10-21 14:36:01 - [TEST_STEP][PASSED] - waitForElementClickable(findTestObject("Olusturma/Genel/Olusturma/EklenenSatirCarpiImage"), 10): Object 'Object Repository/Olusturma/Genel/Olusturma/EklenenSatirCarpiImage' is clickable

2021-10-21 14:36:01 - [MESSAGE][INFO] - Finding Test Object 'Object Repository/Olusturma/Genel/Olusturma/EklenenSatirCarpiImage'

2021-10-21 14:36:01 - [MESSAGE][INFO] - Checking object

2021-10-21 14:36:01 - [MESSAGE][INFO] - Checking timeout

2021-10-21 14:36:01 - [MESSAGE][INFO] - Finding web element from Test Object's properties

2021-10-21 14:36:01 - [MESSAGE][INFO] - Checking timeout

2021-10-21 14:36:01 - [MESSAGE][INFO] - Finding web element with id: 'Object Repository/Olusturma/Genel/Olusturma/EklenenSatirCarpiImage' located by 'By.cssSelector: .fa.fa-times.fa-lg.text-primary' in '10' second(s)

2021-10-21 14:36:01 - [MESSAGE][INFO] - Smart Wait Function is triggered

2021-10-21 14:36:01 - [MESSAGE][INFO] - Found 1 web elements with id: 'Object Repository/Olusturma/Genel/Olusturma/EklenenSatirCarpiImage' located by 'By.cssSelector: .fa.fa-times.fa-lg.text-primary' in '10' second(s)

2021-10-21 14:36:01 - [MESSAGE][PASSED] - Object 'Object Repository/Olusturma/Genel/Olusturma/EklenenSatirCarpiImage' is clickable

2021-10-21 14:36:01 - [MESSAGE][PASSED] - Call Test Case 'Test Cases/Olusturma/Genel/EkleButonunaBasilir' successfully

2021-10-21 14:36:01 - [MESSAGE][INFO] - Checking called Test Case

2021-10-21 14:36:01 - [MESSAGE][INFO] - Starting to call Test Case 'Test Cases/Olusturma/Genel/Olusturma'

2021-10-21 14:36:01 - [TEST_CASE][PASSED] - Test Cases/Olusturma/Genel/Olusturma: Test Cases/Olusturma/Genel/Olusturma

2021-10-21 14:36:01 - [TEST_STEP][PASSED] - driver = getWebDriver(): null

2021-10-21 14:36:01 - [TEST_STEP][PASSED] - action = new org.openqa.selenium.interactions.Actions(driver): null

2021-10-21 14:36:01 - [TEST_STEP][PASSED] - baslikElement = <not implemented yet for class: org.codehaus.groovy.ast.expr.EmptyExpression>: null

2021-10-21 14:36:01 - [TEST_STEP][PASSED] - sonElement = <not implemented yet for class: org.codehaus.groovy.ast.expr.EmptyExpression>: null

2021-10-21 14:36:01 - [TEST_STEP][PASSED] - attr = <not implemented yet for class: org.codehaus.groovy.ast.expr.EmptyExpression>: null

2021-10-21 14:36:01 - [TEST_STEP][PASSED] - a = 0: null

2021-10-21 14:36:01 - [TEST_STEP][PASSED] - elements = findWebElements(findTestObject("Object Repository/Olusturma/Genel/Olusturma/TabloBasliklari"), 10): Found 13 web elements with id: 'Object Repository/Olusturma/Genel/Olusturma/TabloBasliklari' located by 'By.cssSelector: div#divmalhizmet .dxgvTable_LECustomTheme td.dxgvHeader_LECustomTheme tr>td:nth-child(1)' in '10' second(s)

2021-10-21 14:36:01 - [MESSAGE][INFO] - Finding Test Object 'Object Repository/Olusturma/Genel/Olusturma/TabloBasliklari'

2021-10-21 14:36:01 - [MESSAGE][INFO] - Checking timeout

2021-10-21 14:36:01 - [MESSAGE][INFO] - Finding web element with id: 'Object Repository/Olusturma/Genel/Olusturma/TabloBasliklari' located by 'By.cssSelector: div#divmalhizmet .dxgvTable_LECustomTheme td.dxgvHeader_LECustomTheme tr>td:nth-child(1)' in '10' second(s)

2021-10-21 14:36:01 - [MESSAGE][INFO] - Smart Wait Function is triggered

2021-10-21 14:36:02 - [MESSAGE][INFO] - Found 13 web elements with id: 'Object Repository/Olusturma/Genel/Olusturma/TabloBasliklari' located by 'By.cssSelector: div#divmalhizmet .dxgvTable_LECustomTheme td.dxgvHeader_LECustomTheme tr>td:nth-child(1)' in '10' second(s)

2021-10-21 14:36:02 - [TEST_STEP][PASSED] - for (def element : elements): null

2021-10-21 14:36:02 - [TEST_STEP][PASSED] - build().perform(): null

2021-10-21 14:36:02 - [TEST_STEP][PASSED] - if (getText().equals(Baslik)): null

2021-10-21 14:36:02 - [TEST_STEP][PASSED] - baslikElement = element.findElement(By.xpath("../../../..")): Smart Wait Function is triggered

2021-10-21 14:36:02 - [MESSAGE][INFO] - Smart Wait Function is triggered

2021-10-21 14:36:03 - [TEST_STEP][PASSED] - attr = baslikElement.getAttribute("id"): null

2021-10-21 14:36:03 - [TEST_STEP][PASSED] - println("girdi ve idsini aldı = " + attr): null

2021-10-21 14:36:03 - [TEST_STEP][PASSED] - break: null

2021-10-21 14:36:03 - [TEST_STEP][PASSED] - countElement = baslikElement.findElements(By.xpath("../td")): Smart Wait Function is triggered

2021-10-21 14:36:03 - [MESSAGE][INFO] - Smart Wait Function is triggered

2021-10-21 14:36:03 - [TEST_STEP][PASSED] - for (def element : countElement): null

2021-10-21 14:36:03 - [TEST_STEP][PASSED] - if (toString().equals(attr.toString())): null

2021-10-21 14:36:03 - [TEST_STEP][PASSED] - (a++): null

2021-10-21 14:36:03 - [TEST_STEP][PASSED] - if (toString().equals(attr.toString())): null

2021-10-21 14:36:03 - [TEST_STEP][PASSED] - break: null

2021-10-21 14:36:03 - [TEST_STEP][PASSED] - son = findWebElement(findTestObject("Object Repository/Olusturma/Genel/Olusturma/EklenenSatir")).findElement(By.xpath("td[@class='dxgvInlineEditCell_LECustomTheme dxgv'][" + a + "]//td[@class='dxic']/input")): Smart Wait Function is triggered

2021-10-21 14:36:03 - [MESSAGE][INFO] - Finding Test Object 'Object Repository/Olusturma/Genel/Olusturma/EklenenSatir'

2021-10-21 14:36:03 - [MESSAGE][INFO] - Finding web element from Test Object's properties

2021-10-21 14:36:03 - [MESSAGE][INFO] - Checking timeout

2021-10-21 14:36:03 - [MESSAGE][INFO] - Finding web element with id: 'Object Repository/Olusturma/Genel/Olusturma/EklenenSatir' located by 'By.cssSelector: #divmalhizmet .dxgvInlineEditRow_LECustomTheme' in '30' second(s)

2021-10-21 14:36:03 - [MESSAGE][INFO] - Smart Wait Function is triggered

2021-10-21 14:36:04 - [MESSAGE][INFO] - Found 1 web elements with id: 'Object Repository/Olusturma/Genel/Olusturma/EklenenSatir' located by 'By.cssSelector: #divmalhizmet .dxgvInlineEditRow_LECustomTheme' in '30' second(s)

2021-10-21 14:36:04 - [MESSAGE][INFO] - Smart Wait Function is triggered

2021-10-21 14:36:04 - [TEST_STEP][PASSED] - if (!(getAttribute("value").contains("Vkn"))): null

2021-10-21 14:36:04 - [TEST_STEP][PASSED] - son.clear(): null

2021-10-21 14:36:04 - [TEST_STEP][PASSED] - son.sendKeys(Deger): null

2021-10-21 14:36:04 - [MESSAGE][PASSED] - Call Test Case 'Test Cases/Olusturma/Genel/Olusturma' successfully

2021-10-21 14:36:04 - [MESSAGE][INFO] - Checking called Test Case

2021-10-21 14:36:04 - [MESSAGE][INFO] - Starting to call Test Case 'Test Cases/Olusturma/Genel/Olusturma'

2021-10-21 14:36:04 - [TEST_CASE][PASSED] - Test Cases/Olusturma/Genel/Olusturma: Test Cases/Olusturma/Genel/Olusturma

2021-10-21 14:36:04 - [TEST_STEP][PASSED] - driver = getWebDriver(): null

2021-10-21 14:36:04 - [TEST_STEP][PASSED] - action = new org.openqa.selenium.interactions.Actions(driver): null

2021-10-21 14:36:04 - [TEST_STEP][PASSED] - baslikElement = <not implemented yet for class: org.codehaus.groovy.ast.expr.EmptyExpression>: null

2021-10-21 14:36:04 - [TEST_STEP][PASSED] - sonElement = <not implemented yet for class: org.codehaus.groovy.ast.expr.EmptyExpression>: null

2021-10-21 14:36:04 - [TEST_STEP][PASSED] - attr = <not implemented yet for class: org.codehaus.groovy.ast.expr.EmptyExpression>: null

2021-10-21 14:36:04 - [TEST_STEP][PASSED] - a = 0: null

2021-10-21 14:36:04 - [TEST_STEP][PASSED] - elements = findWebElements(findTestObject("Object Repository/Olusturma/Genel/Olusturma/TabloBasliklari"), 10): Found 13 web elements with id: 'Object Repository/Olusturma/Genel/Olusturma/TabloBasliklari' located by 'By.cssSelector: div#divmalhizmet .dxgvTable_LECustomTheme td.dxgvHeader_LECustomTheme tr>td:nth-child(1)' in '10' second(s)

2021-10-21 14:36:04 - [MESSAGE][INFO] - Finding Test Object 'Object Repository/Olusturma/Genel/Olusturma/TabloBasliklari'

2021-10-21 14:36:04 - [MESSAGE][INFO] - Checking timeout

2021-10-21 14:36:04 - [MESSAGE][INFO] - Finding web element with id: 'Object Repository/Olusturma/Genel/Olusturma/TabloBasliklari' located by 'By.cssSelector: div#divmalhizmet .dxgvTable_LECustomTheme td.dxgvHeader_LECustomTheme tr>td:nth-child(1)' in '10' second(s)

2021-10-21 14:36:04 - [MESSAGE][INFO] - Smart Wait Function is triggered

2021-10-21 14:36:05 - [MESSAGE][INFO] - Found 13 web elements with id: 'Object Repository/Olusturma/Genel/Olusturma/TabloBasliklari' located by 'By.cssSelector: div#divmalhizmet .dxgvTable_LECustomTheme td.dxgvHeader_LECustomTheme tr>td:nth-child(1)' in '10' second(s)

2021-10-21 14:36:05 - [TEST_STEP][PASSED] - for (def element : elements): null

2021-10-21 14:36:05 - [TEST_STEP][PASSED] - build().perform(): null

2021-10-21 14:36:05 - [TEST_STEP][PASSED] - if (getText().equals(Baslik)): null

2021-10-21 14:36:05 - [TEST_STEP][PASSED] - build().perform(): null

2021-10-21 14:36:05 - [TEST_STEP][PASSED] - if (getText().equals(Baslik)): null

2021-10-21 14:36:05 - [TEST_STEP][PASSED] - baslikElement = element.findElement(By.xpath("../../../..")): Smart Wait Function is triggered

2021-10-21 14:36:05 - [MESSAGE][INFO] - Smart Wait Function is triggered

2021-10-21 14:36:05 - [TEST_STEP][PASSED] - attr = baslikElement.getAttribute("id"): null

2021-10-21 14:36:05 - [TEST_STEP][PASSED] - println("girdi ve idsini aldı = " + attr): null

2021-10-21 14:36:05 - [TEST_STEP][PASSED] - break: null

2021-10-21 14:36:05 - [TEST_STEP][PASSED] - countElement = baslikElement.findElements(By.xpath("../td")): Smart Wait Function is triggered

2021-10-21 14:36:05 - [MESSAGE][INFO] - Smart Wait Function is triggered

2021-10-21 14:36:05 - [TEST_STEP][PASSED] - for (def element : countElement): null

2021-10-21 14:36:05 - [TEST_STEP][PASSED] - if (toString().equals(attr.toString())): null

2021-10-21 14:36:05 - [TEST_STEP][PASSED] - (a++): null

2021-10-21 14:36:05 - [TEST_STEP][PASSED] - if (toString().equals(attr.toString())): null

2021-10-21 14:36:05 - [TEST_STEP][PASSED] - (a++): null

2021-10-21 14:36:05 - [TEST_STEP][PASSED] - if (toString().equals(attr.toString())): null

2021-10-21 14:36:06 - [TEST_STEP][PASSED] - break: null

2021-10-21 14:36:06 - [TEST_STEP][PASSED] - son = findWebElement(findTestObject("Object Repository/Olusturma/Genel/Olusturma/EklenenSatir")).findElement(By.xpath("td[@class='dxgvInlineEditCell_LECustomTheme dxgv'][" + a + "]//td[@class='dxic']/input")): Smart Wait Function is triggered

2021-10-21 14:36:06 - [MESSAGE][INFO] - Finding Test Object 'Object Repository/Olusturma/Genel/Olusturma/EklenenSatir'

2021-10-21 14:36:06 - [MESSAGE][INFO] - Finding web element from Test Object's properties

2021-10-21 14:36:06 - [MESSAGE][INFO] - Checking timeout

2021-10-21 14:36:06 - [MESSAGE][INFO] - Finding web element with id: 'Object Repository/Olusturma/Genel/Olusturma/EklenenSatir' located by 'By.cssSelector: #divmalhizmet .dxgvInlineEditRow_LECustomTheme' in '30' second(s)

2021-10-21 14:36:06 - [MESSAGE][INFO] - Smart Wait Function is triggered

2021-10-21 14:36:06 - [MESSAGE][INFO] - Found 1 web elements with id: 'Object Repository/Olusturma/Genel/Olusturma/EklenenSatir' located by 'By.cssSelector: #divmalhizmet .dxgvInlineEditRow_LECustomTheme' in '30' second(s)

2021-10-21 14:36:06 - [MESSAGE][INFO] - Smart Wait Function is triggered

2021-10-21 14:36:06 - [TEST_STEP][PASSED] - if (!(getAttribute("value").contains("Vkn"))): null

2021-10-21 14:36:06 - [TEST_STEP][PASSED] - son.clear(): null

2021-10-21 14:36:06 - [TEST_STEP][PASSED] - son.sendKeys(Deger): null

2021-10-21 14:36:07 - [MESSAGE][PASSED] - Call Test Case 'Test Cases/Olusturma/Genel/Olusturma' successfully

2021-10-21 14:36:07 - [MESSAGE][INFO] - Checking called Test Case

2021-10-21 14:36:07 - [MESSAGE][INFO] - Starting to call Test Case 'Test Cases/Olusturma/Genel/Olusturma'

2021-10-21 14:36:07 - [TEST_CASE][PASSED] - Test Cases/Olusturma/Genel/Olusturma: Test Cases/Olusturma/Genel/Olusturma

2021-10-21 14:36:07 - [TEST_STEP][PASSED] - driver = getWebDriver(): null

2021-10-21 14:36:07 - [TEST_STEP][PASSED] - action = new org.openqa.selenium.interactions.Actions(driver): null

2021-10-21 14:36:07 - [TEST_STEP][PASSED] - baslikElement = <not implemented yet for class: org.codehaus.groovy.ast.expr.EmptyExpression>: null

2021-10-21 14:36:07 - [TEST_STEP][PASSED] - sonElement = <not implemented yet for class: org.codehaus.groovy.ast.expr.EmptyExpression>: null

2021-10-21 14:36:07 - [TEST_STEP][PASSED] - attr = <not implemented yet for class: org.codehaus.groovy.ast.expr.EmptyExpression>: null

2021-10-21 14:36:07 - [TEST_STEP][PASSED] - a = 0: null

2021-10-21 14:36:07 - [TEST_STEP][PASSED] - elements = findWebElements(findTestObject("Object Repository/Olusturma/Genel/Olusturma/TabloBasliklari"), 10): Found 13 web elements with id: 'Object Repository/Olusturma/Genel/Olusturma/TabloBasliklari' located by 'By.cssSelector: div#divmalhizmet .dxgvTable_LECustomTheme td.dxgvHeader_LECustomTheme tr>td:nth-child(1)' in '10' second(s)

2021-10-21 14:36:07 - [MESSAGE][INFO] - Finding Test Object 'Object Repository/Olusturma/Genel/Olusturma/TabloBasliklari'

2021-10-21 14:36:07 - [MESSAGE][INFO] - Checking timeout

2021-10-21 14:36:07 - [MESSAGE][INFO] - Finding web element with id: 'Object Repository/Olusturma/Genel/Olusturma/TabloBasliklari' located by 'By.cssSelector: div#divmalhizmet .dxgvTable_LECustomTheme td.dxgvHeader_LECustomTheme tr>td:nth-child(1)' in '10' second(s)

2021-10-21 14:36:07 - [MESSAGE][INFO] - Smart Wait Function is triggered

2021-10-21 14:36:07 - [MESSAGE][INFO] - Found 13 web elements with id: 'Object Repository/Olusturma/Genel/Olusturma/TabloBasliklari' located by 'By.cssSelector: div#divmalhizmet .dxgvTable_LECustomTheme td.dxgvHeader_LECustomTheme tr>td:nth-child(1)' in '10' second(s)

2021-10-21 14:36:07 - [TEST_STEP][PASSED] - for (def element : elements): null

2021-10-21 14:36:07 - [TEST_STEP][PASSED] - build().perform(): null

2021-10-21 14:36:07 - [TEST_STEP][PASSED] - if (getText().equals(Baslik)): null

2021-10-21 14:36:07 - [TEST_STEP][PASSED] - build().perform(): null

2021-10-21 14:36:07 - [TEST_STEP][PASSED] - if (getText().equals(Baslik)): null

2021-10-21 14:36:07 - [TEST_STEP][PASSED] - build().perform(): null

2021-10-21 14:36:07 - [TEST_STEP][PASSED] - if (getText().equals(Baslik)): null

2021-10-21 14:36:07 - [TEST_STEP][PASSED] - build().perform(): null

2021-10-21 14:36:08 - [TEST_STEP][PASSED] - if (getText().equals(Baslik)): null

2021-10-21 14:36:08 - [TEST_STEP][PASSED] - baslikElement = element.findElement(By.xpath("../../../..")): Smart Wait Function is triggered

2021-10-21 14:36:08 - [MESSAGE][INFO] - Smart Wait Function is triggered

2021-10-21 14:36:08 - [TEST_STEP][PASSED] - attr = baslikElement.getAttribute("id"): null

2021-10-21 14:36:08 - [TEST_STEP][PASSED] - println("girdi ve idsini aldı = " + attr): null

2021-10-21 14:36:08 - [TEST_STEP][PASSED] - break: null

2021-10-21 14:36:08 - [TEST_STEP][PASSED] - countElement = baslikElement.findElements(By.xpath("../td")): Smart Wait Function is triggered

2021-10-21 14:36:08 - [MESSAGE][INFO] - Smart Wait Function is triggered

2021-10-21 14:36:08 - [TEST_STEP][PASSED] - for (def element : countElement): null

2021-10-21 14:36:08 - [TEST_STEP][PASSED] - if (toString().equals(attr.toString())): null

2021-10-21 14:36:08 - [TEST_STEP][PASSED] - (a++): null

2021-10-21 14:36:08 - [TEST_STEP][PASSED] - if (toString().equals(attr.toString())): null

2021-10-21 14:36:08 - [TEST_STEP][PASSED] - (a++): null

2021-10-21 14:36:08 - [TEST_STEP][PASSED] - if (toString().equals(attr.toString())): null

2021-10-21 14:36:08 - [TEST_STEP][PASSED] - (a++): null

2021-10-21 14:36:08 - [TEST_STEP][PASSED] - if (toString().equals(attr.toString())): null

2021-10-21 14:36:08 - [TEST_STEP][PASSED] - (a++): null

2021-10-21 14:36:08 - [TEST_STEP][PASSED] - if (toString().equals(attr.toString())): null

2021-10-21 14:36:08 - [TEST_STEP][PASSED] - break: null

2021-10-21 14:36:08 - [TEST_STEP][PASSED] - son = findWebElement(findTestObject("Object Repository/Olusturma/Genel/Olusturma/EklenenSatir")).findElement(By.xpath("td[@class='dxgvInlineEditCell_LECustomTheme dxgv'][" + a + "]//td[@class='dxic']/input")): Smart Wait Function is triggered

2021-10-21 14:36:08 - [MESSAGE][INFO] - Finding Test Object 'Object Repository/Olusturma/Genel/Olusturma/EklenenSatir'

2021-10-21 14:36:08 - [MESSAGE][INFO] - Finding web element from Test Object's properties

2021-10-21 14:36:08 - [MESSAGE][INFO] - Checking timeout

2021-10-21 14:36:08 - [MESSAGE][INFO] - Finding web element with id: 'Object Repository/Olusturma/Genel/Olusturma/EklenenSatir' located by 'By.cssSelector: #divmalhizmet .dxgvInlineEditRow_LECustomTheme' in '30' second(s)

2021-10-21 14:36:08 - [MESSAGE][INFO] - Smart Wait Function is triggered

2021-10-21 14:36:09 - [MESSAGE][INFO] - Found 1 web elements with id: 'Object Repository/Olusturma/Genel/Olusturma/EklenenSatir' located by 'By.cssSelector: #divmalhizmet .dxgvInlineEditRow_LECustomTheme' in '30' second(s)

2021-10-21 14:36:09 - [MESSAGE][INFO] - Smart Wait Function is triggered

2021-10-21 14:36:09 - [TEST_STEP][PASSED] - if (!(getAttribute("value").contains("Vkn"))): null

2021-10-21 14:36:09 - [TEST_STEP][PASSED] - son.clear(): null

2021-10-21 14:36:09 - [TEST_STEP][PASSED] - son.sendKeys(Deger): null

2021-10-21 14:36:09 - [MESSAGE][PASSED] - Call Test Case 'Test Cases/Olusturma/Genel/Olusturma' successfully

2021-10-21 14:36:09 - [MESSAGE][INFO] - Checking called Test Case

2021-10-21 14:36:09 - [MESSAGE][INFO] - Starting to call Test Case 'Test Cases/Olusturma/Genel/Olusturma'

2021-10-21 14:36:09 - [TEST_CASE][PASSED] - Test Cases/Olusturma/Genel/Olusturma: Test Cases/Olusturma/Genel/Olusturma

2021-10-21 14:36:09 - [TEST_STEP][PASSED] - driver = getWebDriver(): null

2021-10-21 14:36:09 - [TEST_STEP][PASSED] - action = new org.openqa.selenium.interactions.Actions(driver): null

2021-10-21 14:36:09 - [TEST_STEP][PASSED] - baslikElement = <not implemented yet for class: org.codehaus.groovy.ast.expr.EmptyExpression>: null

2021-10-21 14:36:09 - [TEST_STEP][PASSED] - sonElement = <not implemented yet for class: org.codehaus.groovy.ast.expr.EmptyExpression>: null

2021-10-21 14:36:09 - [TEST_STEP][PASSED] - attr = <not implemented yet for class: org.codehaus.groovy.ast.expr.EmptyExpression>: null

2021-10-21 14:36:09 - [TEST_STEP][PASSED] - a = 0: null

2021-10-21 14:36:09 - [TEST_STEP][PASSED] - elements = findWebElements(findTestObject("Object Repository/Olusturma/Genel/Olusturma/TabloBasliklari"), 10): Found 13 web elements with id: 'Object Repository/Olusturma/Genel/Olusturma/TabloBasliklari' located by 'By.cssSelector: div#divmalhizmet .dxgvTable_LECustomTheme td.dxgvHeader_LECustomTheme tr>td:nth-child(1)' in '10' second(s)

2021-10-21 14:36:09 - [MESSAGE][INFO] - Finding Test Object 'Object Repository/Olusturma/Genel/Olusturma/TabloBasliklari'

2021-10-21 14:36:09 - [MESSAGE][INFO] - Checking timeout

2021-10-21 14:36:09 - [MESSAGE][INFO] - Finding web element with id: 'Object Repository/Olusturma/Genel/Olusturma/TabloBasliklari' located by 'By.cssSelector: div#divmalhizmet .dxgvTable_LECustomTheme td.dxgvHeader_LECustomTheme tr>td:nth-child(1)' in '10' second(s)

2021-10-21 14:36:09 - [MESSAGE][INFO] - Smart Wait Function is triggered

2021-10-21 14:36:10 - [MESSAGE][INFO] - Found 13 web elements with id: 'Object Repository/Olusturma/Genel/Olusturma/TabloBasliklari' located by 'By.cssSelector: div#divmalhizmet .dxgvTable_LECustomTheme td.dxgvHeader_LECustomTheme tr>td:nth-child(1)' in '10' second(s)

2021-10-21 14:36:10 - [TEST_STEP][PASSED] - for (def element : elements): null

2021-10-21 14:36:10 - [TEST_STEP][PASSED] - build().perform(): null

2021-10-21 14:36:10 - [TEST_STEP][PASSED] - if (getText().equals(Baslik)): null

2021-10-21 14:36:10 - [TEST_STEP][PASSED] - build().perform(): null

2021-10-21 14:36:10 - [TEST_STEP][PASSED] - if (getText().equals(Baslik)): null

2021-10-21 14:36:10 - [TEST_STEP][PASSED] - build().perform(): null

2021-10-21 14:36:10 - [TEST_STEP][PASSED] - if (getText().equals(Baslik)): null

2021-10-21 14:36:10 - [TEST_STEP][PASSED] - build().perform(): null

2021-10-21 14:36:10 - [TEST_STEP][PASSED] - if (getText().equals(Baslik)): null

2021-10-21 14:36:10 - [TEST_STEP][PASSED] - build().perform(): null

2021-10-21 14:36:10 - [TEST_STEP][PASSED] - if (getText().equals(Baslik)): null

2021-10-21 14:36:10 - [TEST_STEP][PASSED] - build().perform(): null

2021-10-21 14:36:11 - [TEST_STEP][PASSED] - if (getText().equals(Baslik)): null

2021-10-21 14:36:11 - [TEST_STEP][PASSED] - baslikElement = element.findElement(By.xpath("../../../..")): Smart Wait Function is triggered

2021-10-21 14:36:11 - [MESSAGE][INFO] - Smart Wait Function is triggered

2021-10-21 14:36:11 - [TEST_STEP][PASSED] - attr = baslikElement.getAttribute("id"): null

2021-10-21 14:36:11 - [TEST_STEP][PASSED] - println("girdi ve idsini aldı = " + attr): null

2021-10-21 14:36:11 - [TEST_STEP][PASSED] - break: null

2021-10-21 14:36:11 - [TEST_STEP][PASSED] - countElement = baslikElement.findElements(By.xpath("../td")): Smart Wait Function is triggered

2021-10-21 14:36:11 - [MESSAGE][INFO] - Smart Wait Function is triggered

2021-10-21 14:36:11 - [TEST_STEP][PASSED] - for (def element : countElement): null

2021-10-21 14:36:11 - [TEST_STEP][PASSED] - if (toString().equals(attr.toString())): null

2021-10-21 14:36:11 - [TEST_STEP][PASSED] - (a++): null

2021-10-21 14:36:11 - [TEST_STEP][PASSED] - if (toString().equals(attr.toString())): null

2021-10-21 14:36:11 - [TEST_STEP][PASSED] - (a++): null

2021-10-21 14:36:11 - [TEST_STEP][PASSED] - if (toString().equals(attr.toString())): null

2021-10-21 14:36:11 - [TEST_STEP][PASSED] - (a++): null

2021-10-21 14:36:11 - [TEST_STEP][PASSED] - if (toString().equals(attr.toString())): null

2021-10-21 14:36:11 - [TEST_STEP][PASSED] - (a++): null

2021-10-21 14:36:11 - [TEST_STEP][PASSED] - if (toString().equals(attr.toString())): null

2021-10-21 14:36:11 - [TEST_STEP][PASSED] - (a++): null

2021-10-21 14:36:11 - [TEST_STEP][PASSED] - if (toString().equals(attr.toString())): null

2021-10-21 14:36:11 - [TEST_STEP][PASSED] - (a++): null

2021-10-21 14:36:11 - [TEST_STEP][PASSED] - if (toString().equals(attr.toString())): null

2021-10-21 14:36:11 - [TEST_STEP][PASSED] - break: null

2021-10-21 14:36:11 - [TEST_STEP][PASSED] - son = findWebElement(findTestObject("Object Repository/Olusturma/Genel/Olusturma/EklenenSatir")).findElement(By.xpath("td[@class='dxgvInlineEditCell_LECustomTheme dxgv'][" + a + "]//td[@class='dxic']/input")): Smart Wait Function is triggered

2021-10-21 14:36:11 - [MESSAGE][INFO] - Finding Test Object 'Object Repository/Olusturma/Genel/Olusturma/EklenenSatir'

2021-10-21 14:36:11 - [MESSAGE][INFO] - Finding web element from Test Object's properties

2021-10-21 14:36:11 - [MESSAGE][INFO] - Checking timeout

2021-10-21 14:36:11 - [MESSAGE][INFO] - Finding web element with id: 'Object Repository/Olusturma/Genel/Olusturma/EklenenSatir' located by 'By.cssSelector: #divmalhizmet .dxgvInlineEditRow_LECustomTheme' in '30' second(s)

2021-10-21 14:36:11 - [MESSAGE][INFO] - Smart Wait Function is triggered

2021-10-21 14:36:12 - [MESSAGE][INFO] - Found 1 web elements with id: 'Object Repository/Olusturma/Genel/Olusturma/EklenenSatir' located by 'By.cssSelector: #divmalhizmet .dxgvInlineEditRow_LECustomTheme' in '30' second(s)

2021-10-21 14:36:12 - [MESSAGE][INFO] - Smart Wait Function is triggered

2021-10-21 14:36:12 - [TEST_STEP][PASSED] - if (!(getAttribute("value").contains("Vkn"))): null

2021-10-21 14:36:12 - [TEST_STEP][PASSED] - son.clear(): null

2021-10-21 14:36:12 - [TEST_STEP][PASSED] - son.sendKeys(Deger): null

2021-10-21 14:36:12 - [MESSAGE][PASSED] - Call Test Case 'Test Cases/Olusturma/Genel/Olusturma' successfully

2021-10-21 14:36:12 - [MESSAGE][INFO] - Checking called Test Case

2021-10-21 14:36:12 - [MESSAGE][INFO] - Starting to call Test Case 'Test Cases/Olusturma/Genel/Olusturma'

2021-10-21 14:36:12 - [TEST_CASE][PASSED] - Test Cases/Olusturma/Genel/Olusturma: Test Cases/Olusturma/Genel/Olusturma

2021-10-21 14:36:12 - [TEST_STEP][PASSED] - driver = getWebDriver(): null

2021-10-21 14:36:12 - [TEST_STEP][PASSED] - action = new org.openqa.selenium.interactions.Actions(driver): null

2021-10-21 14:36:12 - [TEST_STEP][PASSED] - baslikElement = <not implemented yet for class: org.codehaus.groovy.ast.expr.EmptyExpression>: null

2021-10-21 14:36:12 - [TEST_STEP][PASSED] - sonElement = <not implemented yet for class: org.codehaus.groovy.ast.expr.EmptyExpression>: null

2021-10-21 14:36:12 - [TEST_STEP][PASSED] - attr = <not implemented yet for class: org.codehaus.groovy.ast.expr.EmptyExpression>: null

2021-10-21 14:36:12 - [TEST_STEP][PASSED] - a = 0: null

2021-10-21 14:36:12 - [TEST_STEP][PASSED] - elements = findWebElements(findTestObject("Object Repository/Olusturma/Genel/Olusturma/TabloBasliklari"), 10): Found 13 web elements with id: 'Object Repository/Olusturma/Genel/Olusturma/TabloBasliklari' located by 'By.cssSelector: div#divmalhizmet .dxgvTable_LECustomTheme td.dxgvHeader_LECustomTheme tr>td:nth-child(1)' in '10' second(s)

2021-10-21 14:36:12 - [MESSAGE][INFO] - Finding Test Object 'Object Repository/Olusturma/Genel/Olusturma/TabloBasliklari'

2021-10-21 14:36:13 - [MESSAGE][INFO] - Checking timeout

2021-10-21 14:36:13 - [MESSAGE][INFO] - Finding web element with id: 'Object Repository/Olusturma/Genel/Olusturma/TabloBasliklari' located by 'By.cssSelector: div#divmalhizmet .dxgvTable_LECustomTheme td.dxgvHeader_LECustomTheme tr>td:nth-child(1)' in '10' second(s)

2021-10-21 14:36:13 - [MESSAGE][INFO] - Smart Wait Function is triggered

2021-10-21 14:36:13 - [MESSAGE][INFO] - Found 13 web elements with id: 'Object Repository/Olusturma/Genel/Olusturma/TabloBasliklari' located by 'By.cssSelector: div#divmalhizmet .dxgvTable_LECustomTheme td.dxgvHeader_LECustomTheme tr>td:nth-child(1)' in '10' second(s)

2021-10-21 14:36:13 - [TEST_STEP][PASSED] - for (def element : elements): null

2021-10-21 14:36:13 - [TEST_STEP][PASSED] - build().perform(): null

2021-10-21 14:36:13 - [TEST_STEP][PASSED] - if (getText().equals(Baslik)): null

2021-10-21 14:36:13 - [TEST_STEP][PASSED] - build().perform(): null

2021-10-21 14:36:13 - [TEST_STEP][PASSED] - if (getText().equals(Baslik)): null

2021-10-21 14:36:13 - [TEST_STEP][PASSED] - build().perform(): null

2021-10-21 14:36:13 - [TEST_STEP][PASSED] - if (getText().equals(Baslik)): null

2021-10-21 14:36:13 - [TEST_STEP][PASSED] - build().perform(): null

2021-10-21 14:36:14 - [TEST_STEP][PASSED] - if (getText().equals(Baslik)): null

2021-10-21 14:36:14 - [TEST_STEP][PASSED] - build().perform(): null

2021-10-21 14:36:14 - [TEST_STEP][PASSED] - if (getText().equals(Baslik)): null

2021-10-21 14:36:14 - [TEST_STEP][PASSED] - build().perform(): null

2021-10-21 14:36:14 - [TEST_STEP][PASSED] - if (getText().equals(Baslik)): null

2021-10-21 14:36:14 - [TEST_STEP][PASSED] - build().perform(): null

2021-10-21 14:36:14 - [TEST_STEP][PASSED] - if (getText().equals(Baslik)): null

2021-10-21 14:36:14 - [TEST_STEP][PASSED] - baslikElement = element.findElement(By.xpath("../../../..")): Smart Wait Function is triggered

2021-10-21 14:36:14 - [MESSAGE][INFO] - Smart Wait Function is triggered

2021-10-21 14:36:14 - [TEST_STEP][PASSED] - attr = baslikElement.getAttribute("id"): null

2021-10-21 14:36:14 - [TEST_STEP][PASSED] - println("girdi ve idsini aldı = " + attr): null

2021-10-21 14:36:14 - [TEST_STEP][PASSED] - break: null

2021-10-21 14:36:14 - [TEST_STEP][PASSED] - countElement = baslikElement.findElements(By.xpath("../td")): Smart Wait Function is triggered

2021-10-21 14:36:14 - [MESSAGE][INFO] - Smart Wait Function is triggered

2021-10-21 14:36:15 - [TEST_STEP][PASSED] - for (def element : countElement): null

2021-10-21 14:36:15 - [TEST_STEP][PASSED] - if (toString().equals(attr.toString())): null

2021-10-21 14:36:15 - [TEST_STEP][PASSED] - (a++): null

2021-10-21 14:36:15 - [TEST_STEP][PASSED] - if (toString().equals(attr.toString())): null

2021-10-21 14:36:15 - [TEST_STEP][PASSED] - (a++): null

2021-10-21 14:36:15 - [TEST_STEP][PASSED] - if (toString().equals(attr.toString())): null

2021-10-21 14:36:15 - [TEST_STEP][PASSED] - (a++): null

2021-10-21 14:36:15 - [TEST_STEP][PASSED] - if (toString().equals(attr.toString())): null

2021-10-21 14:36:15 - [TEST_STEP][PASSED] - (a++): null

2021-10-21 14:36:15 - [TEST_STEP][PASSED] - if (toString().equals(attr.toString())): null

2021-10-21 14:36:15 - [TEST_STEP][PASSED] - (a++): null

2021-10-21 14:36:15 - [TEST_STEP][PASSED] - if (toString().equals(attr.toString())): null

2021-10-21 14:36:15 - [TEST_STEP][PASSED] - (a++): null

2021-10-21 14:36:15 - [TEST_STEP][PASSED] - if (toString().equals(attr.toString())): null

2021-10-21 14:36:15 - [TEST_STEP][PASSED] - (a++): null

2021-10-21 14:36:15 - [TEST_STEP][PASSED] - if (toString().equals(attr.toString())): null

2021-10-21 14:36:15 - [TEST_STEP][PASSED] - break: null

2021-10-21 14:36:15 - [TEST_STEP][PASSED] - son = findWebElement(findTestObject("Object Repository/Olusturma/Genel/Olusturma/EklenenSatir")).findElement(By.xpath("td[@class='dxgvInlineEditCell_LECustomTheme dxgv'][" + a + "]//td[@class='dxic']/input")): Smart Wait Function is triggered

2021-10-21 14:36:15 - [MESSAGE][INFO] - Finding Test Object 'Object Repository/Olusturma/Genel/Olusturma/EklenenSatir'

2021-10-21 14:36:15 - [MESSAGE][INFO] - Finding web element from Test Object's properties

2021-10-21 14:36:15 - [MESSAGE][INFO] - Checking timeout

2021-10-21 14:36:15 - [MESSAGE][INFO] - Finding web element with id: 'Object Repository/Olusturma/Genel/Olusturma/EklenenSatir' located by 'By.cssSelector: #divmalhizmet .dxgvInlineEditRow_LECustomTheme' in '30' second(s)

2021-10-21 14:36:15 - [MESSAGE][INFO] - Smart Wait Function is triggered

2021-10-21 14:36:15 - [MESSAGE][INFO] - Found 1 web elements with id: 'Object Repository/Olusturma/Genel/Olusturma/EklenenSatir' located by 'By.cssSelector: #divmalhizmet .dxgvInlineEditRow_LECustomTheme' in '30' second(s)

2021-10-21 14:36:15 - [MESSAGE][INFO] - Smart Wait Function is triggered

2021-10-21 14:36:15 - [TEST_STEP][PASSED] - if (!(getAttribute("value").contains("Vkn"))): null

2021-10-21 14:36:15 - [TEST_STEP][PASSED] - son.clear(): null

2021-10-21 14:36:16 - [TEST_STEP][PASSED] - son.sendKeys(Deger): null

2021-10-21 14:36:16 - [MESSAGE][PASSED] - Call Test Case 'Test Cases/Olusturma/Genel/Olusturma' successfully

2021-10-21 14:36:16 - [MESSAGE][INFO] - Checking called Test Case

2021-10-21 14:36:16 - [MESSAGE][INFO] - Starting to call Test Case 'Test Cases/Olusturma/Genel/NotGirilir'

2021-10-21 14:36:16 - [TEST_CASE][PASSED] - Test Cases/Olusturma/Genel/NotGirilir: Test Cases/Olusturma/Genel/NotGirilir

2021-10-21 14:36:16 - [TEST_STEP][PASSED] - i = 0: null

2021-10-21 14:36:16 - [TEST_STEP][PASSED] - waitForElementClickable(findTestObject("Olusturma/Genel/Not/Notlar"), 10): Object 'Object Repository/Olusturma/Genel/Not/Notlar' is clickable

2021-10-21 14:36:16 - [MESSAGE][INFO] - Finding Test Object 'Object Repository/Olusturma/Genel/Not/Notlar'

2021-10-21 14:36:16 - [MESSAGE][INFO] - Checking object

2021-10-21 14:36:16 - [MESSAGE][INFO] - Checking timeout

2021-10-21 14:36:16 - [MESSAGE][INFO] - Finding web element from Test Object's properties

2021-10-21 14:36:16 - [MESSAGE][INFO] - Checking timeout

2021-10-21 14:36:16 - [MESSAGE][INFO] - Finding web element with id: 'Object Repository/Olusturma/Genel/Not/Notlar' located by 'By.xpath: //*[@id = 'txtNote_I']' in '10' second(s)

2021-10-21 14:36:16 - [MESSAGE][INFO] - Smart Wait Function is triggered

2021-10-21 14:36:16 - [MESSAGE][INFO] - Found 1 web elements with id: 'Object Repository/Olusturma/Genel/Not/Notlar' located by 'By.xpath: //*[@id = 'txtNote_I']' in '10' second(s)

2021-10-21 14:36:16 - [MESSAGE][PASSED] - Object 'Object Repository/Olusturma/Genel/Not/Notlar' is clickable

2021-10-21 14:36:16 - [TEST_STEP][PASSED] - clearText(findTestObject("Olusturma/Genel/Not/Notlar")): Text of object 'Object Repository/Olusturma/Genel/Not/Notlar' is cleared

2021-10-21 14:36:16 - [MESSAGE][INFO] - Finding Test Object 'Object Repository/Olusturma/Genel/Not/Notlar'

2021-10-21 14:36:16 - [MESSAGE][INFO] - Checking object

2021-10-21 14:36:16 - [MESSAGE][INFO] - Finding web element from Test Object's properties

2021-10-21 14:36:16 - [MESSAGE][INFO] - Checking timeout

2021-10-21 14:36:16 - [MESSAGE][INFO] - Finding web element with id: 'Object Repository/Olusturma/Genel/Not/Notlar' located by 'By.xpath: //*[@id = 'txtNote_I']' in '30' second(s)

2021-10-21 14:36:16 - [MESSAGE][INFO] - Smart Wait Function is triggered

2021-10-21 14:36:17 - [MESSAGE][INFO] - Found 1 web elements with id: 'Object Repository/Olusturma/Genel/Not/Notlar' located by 'By.xpath: //*[@id = 'txtNote_I']' in '30' second(s)

2021-10-21 14:36:17 - [MESSAGE][INFO] - Clearing text of object 'Object Repository/Olusturma/Genel/Not/Notlar'

2021-10-21 14:36:17 - [MESSAGE][PASSED] - Text of object 'Object Repository/Olusturma/Genel/Not/Notlar' is cleared

2021-10-21 14:36:17 - [TEST_STEP][PASSED] - click(findTestObject("Olusturma/Genel/Not/Notlar")): Object: 'Object Repository/Olusturma/Genel/Not/Notlar' is clicked on

2021-10-21 14:36:17 - [MESSAGE][INFO] - Finding Test Object 'Object Repository/Olusturma/Genel/Not/Notlar'

2021-10-21 14:36:17 - [MESSAGE][INFO] - Checking object

2021-10-21 14:36:17 - [MESSAGE][INFO] - Finding web element from Test Object's properties

2021-10-21 14:36:17 - [MESSAGE][INFO] - Checking timeout

2021-10-21 14:36:17 - [MESSAGE][INFO] - Finding web element with id: 'Object Repository/Olusturma/Genel/Not/Notlar' located by 'By.xpath: //*[@id = 'txtNote_I']' in '30' second(s)

2021-10-21 14:36:17 - [MESSAGE][INFO] - Smart Wait Function is triggered

2021-10-21 14:36:17 - [MESSAGE][INFO] - Found 1 web elements with id: 'Object Repository/Olusturma/Genel/Not/Notlar' located by 'By.xpath: //*[@id = 'txtNote_I']' in '30' second(s)

2021-10-21 14:36:17 - [MESSAGE][INFO] - Clicking on object: 'Object Repository/Olusturma/Genel/Not/Notlar'

2021-10-21 14:36:17 - [MESSAGE][PASSED] - Object: 'Object Repository/Olusturma/Genel/Not/Notlar' is clicked on

2021-10-21 14:36:17 - [TEST_STEP][PASSED] - while (true): null

2021-10-21 14:36:17 - [TEST_STEP][PASSED] - delay(1): Delayed 1 second(s)

2021-10-21 14:36:17 - [MESSAGE][INFO] - Delaying browser in 1 second(s)

2021-10-21 14:36:18 - [MESSAGE][PASSED] - Delayed 1 second(s)

2021-10-21 14:36:18 - [TEST_STEP][PASSED] - ajaxIsComplete = executeJavaScript("return jQuery.active == 0", null): Execute JavaScript 'return jQuery.active == 0' successfully

2021-10-21 14:36:18 - [MESSAGE][PASSED] - Execute JavaScript 'return jQuery.active == 0' successfully

2021-10-21 14:36:18 - [TEST_STEP][PASSED] - if (ajaxIsComplete): null

2021-10-21 14:36:18 - [TEST_STEP][PASSED] - if (i > 10): null

2021-10-21 14:36:18 - [TEST_STEP][PASSED] - (i++): null

2021-10-21 14:36:18 - [TEST_STEP][PASSED] - delay(1): Delayed 1 second(s)

2021-10-21 14:36:18 - [MESSAGE][INFO] - Delaying browser in 1 second(s)

2021-10-21 14:36:19 - [MESSAGE][PASSED] - Delayed 1 second(s)

2021-10-21 14:36:19 - [TEST_STEP][PASSED] - ajaxIsComplete = executeJavaScript("return jQuery.active == 0", null): Execute JavaScript 'return jQuery.active == 0' successfully

2021-10-21 14:36:19 - [MESSAGE][PASSED] - Execute JavaScript 'return jQuery.active == 0' successfully

2021-10-21 14:36:19 - [TEST_STEP][PASSED] - if (ajaxIsComplete): null

2021-10-21 14:36:19 - [TEST_STEP][PASSED] - break: null

2021-10-21 14:36:19 - [TEST_STEP][PASSED] - sendKeys(findTestObject("Olusturma/Genel/Not/Notlar"), Not): Keys 'Otomasyon Not' sent to object: 'Object Repository/Olusturma/Genel/Not/Notlar'

2021-10-21 14:36:19 - [MESSAGE][INFO] - Finding Test Object 'Object Repository/Olusturma/Genel/Not/Notlar'

2021-10-21 14:36:19 - [MESSAGE][INFO] - Sending keys 'Otomasyon Not' to object: 'Object Repository/Olusturma/Genel/Not/Notlar'

2021-10-21 14:36:19 - [MESSAGE][INFO] - Finding web element from Test Object's properties

2021-10-21 14:36:19 - [MESSAGE][INFO] - Checking timeout

2021-10-21 14:36:19 - [MESSAGE][INFO] - Finding web element with id: 'Object Repository/Olusturma/Genel/Not/Notlar' located by 'By.xpath: //*[@id = 'txtNote_I']' in '30' second(s)

2021-10-21 14:36:19 - [MESSAGE][INFO] - Smart Wait Function is triggered

2021-10-21 14:36:20 - [MESSAGE][INFO] - Found 1 web elements with id: 'Object Repository/Olusturma/Genel/Not/Notlar' located by 'By.xpath: //*[@id = 'txtNote_I']' in '30' second(s)

2021-10-21 14:36:20 - [MESSAGE][PASSED] - Keys 'Otomasyon Not' sent to object: 'Object Repository/Olusturma/Genel/Not/Notlar'

2021-10-21 14:36:20 - [MESSAGE][PASSED] - Call Test Case 'Test Cases/Olusturma/Genel/NotGirilir' successfully

2021-10-21 14:36:20 - [MESSAGE][INFO] - Checking called Test Case

2021-10-21 14:36:20 - [MESSAGE][INFO] - Starting to call Test Case 'Test Cases/Olusturma/Genel/EttnBilgisiKayitEdilir'

2021-10-21 14:36:20 - [TEST_CASE][PASSED] - Test Cases/Olusturma/Genel/EttnBilgisiKayitEdilir: Test Cases/Olusturma/Genel/EttnBilgisiKayitEdilir

2021-10-21 14:36:20 - [TEST_STEP][PASSED] - verifyElementPresent(findTestObject("Object Repository/Olusturma/Genel/Olusturma/eArsivEttnBilgisi"), 7): Object 'Object Repository/Olusturma/Genel/Olusturma/eArsivEttnBilgisi' is present

2021-10-21 14:36:20 - [MESSAGE][INFO] - Finding Test Object 'Object Repository/Olusturma/Genel/Olusturma/eArsivEttnBilgisi'

2021-10-21 14:36:20 - [MESSAGE][INFO] - Checking object

2021-10-21 14:36:20 - [MESSAGE][INFO] - Finding web element from Test Object's properties

2021-10-21 14:36:20 - [MESSAGE][INFO] - Checking timeout

2021-10-21 14:36:20 - [MESSAGE][INFO] - Finding web element with id: 'Object Repository/Olusturma/Genel/Olusturma/eArsivEttnBilgisi' located by 'By.xpath: //*[@id = 'Uuid_I']' in '7' second(s)

2021-10-21 14:36:20 - [MESSAGE][INFO] - Smart Wait Function is triggered

2021-10-21 14:36:20 - [MESSAGE][INFO] - Found 1 web elements with id: 'Object Repository/Olusturma/Genel/Olusturma/eArsivEttnBilgisi' located by 'By.xpath: //*[@id = 'Uuid_I']' in '7' second(s)

2021-10-21 14:36:20 - [MESSAGE][PASSED] - Object 'Object Repository/Olusturma/Genel/Olusturma/eArsivEttnBilgisi' is present

2021-10-21 14:36:20 - [TEST_STEP][PASSED] - ettn = getAttribute(findTestObject("Object Repository/Olusturma/Genel/Olusturma/eArsivEttnBilgisi"), "value"): Attribute 'value' of object 'Object Repository/Olusturma/Genel/Olusturma/eArsivEttnBilgisi' is: '5ac9c268-9493-4f4e-acf0-1e811447d2b5'

2021-10-21 14:36:20 - [MESSAGE][INFO] - Finding Test Object 'Object Repository/Olusturma/Genel/Olusturma/eArsivEttnBilgisi'

2021-10-21 14:36:20 - [MESSAGE][INFO] - Checking object

2021-10-21 14:36:20 - [MESSAGE][INFO] - Checking attribute

2021-10-21 14:36:20 - [MESSAGE][INFO] - Finding web element from Test Object's properties

2021-10-21 14:36:20 - [MESSAGE][INFO] - Checking timeout

2021-10-21 14:36:20 - [MESSAGE][INFO] - Finding web element with id: 'Object Repository/Olusturma/Genel/Olusturma/eArsivEttnBilgisi' located by 'By.xpath: //*[@id = 'Uuid_I']' in '30' second(s)

2021-10-21 14:36:20 - [MESSAGE][INFO] - Smart Wait Function is triggered

2021-10-21 14:36:21 - [MESSAGE][INFO] - Found 1 web elements with id: 'Object Repository/Olusturma/Genel/Olusturma/eArsivEttnBilgisi' located by 'By.xpath: //*[@id = 'Uuid_I']' in '30' second(s)

2021-10-21 14:36:21 - [MESSAGE][INFO] - Getting attribute 'value' of object 'Object Repository/Olusturma/Genel/Olusturma/eArsivEttnBilgisi'

2021-10-21 14:36:21 - [MESSAGE][PASSED] - Attribute 'value' of object 'Object Repository/Olusturma/Genel/Olusturma/eArsivEttnBilgisi' is: '5ac9c268-9493-4f4e-acf0-1e811447d2b5'

2021-10-21 14:36:21 - [MESSAGE][PASSED] - Call Test Case 'Test Cases/Olusturma/Genel/EttnBilgisiKayitEdilir' successfully

2021-10-21 14:36:21 - [MESSAGE][INFO] - Checking called Test Case

2021-10-21 14:36:21 - [MESSAGE][INFO] - Starting to call Test Case 'Test Cases/Olusturma/Genel/KaydetButonunaTiklanir'

2021-10-21 14:36:21 - [TEST_CASE][PASSED] - Test Cases/Olusturma/Genel/KaydetButonunaTiklanir: Test Cases/Olusturma/Genel/KaydetButonunaTiklanir

2021-10-21 14:36:21 - [TEST_STEP][PASSED] - i = 0: null

2021-10-21 14:36:21 - [TEST_STEP][PASSED] - waitForElementPresent(findTestObject("Olusturma/Genel/Not/Notlar"), 10): Object 'Object Repository/Olusturma/Genel/Not/Notlar' is present

2021-10-21 14:36:21 - [MESSAGE][INFO] - Finding Test Object 'Object Repository/Olusturma/Genel/Not/Notlar'

2021-10-21 14:36:21 - [MESSAGE][INFO] - Checking object

2021-10-21 14:36:21 - [MESSAGE][INFO] - Finding web element from Test Object's properties

2021-10-21 14:36:21 - [MESSAGE][INFO] - Checking timeout

2021-10-21 14:36:21 - [MESSAGE][INFO] - Finding web element with id: 'Object Repository/Olusturma/Genel/Not/Notlar' located by 'By.xpath: //*[@id = 'txtNote_I']' in '10' second(s)

2021-10-21 14:36:21 - [MESSAGE][INFO] - Smart Wait Function is triggered

2021-10-21 14:36:21 - [MESSAGE][INFO] - Found 1 web elements with id: 'Object Repository/Olusturma/Genel/Not/Notlar' located by 'By.xpath: //*[@id = 'txtNote_I']' in '10' second(s)

2021-10-21 14:36:21 - [MESSAGE][PASSED] - Object 'Object Repository/Olusturma/Genel/Not/Notlar' is present

2021-10-21 14:36:21 - [TEST_STEP][PASSED] - click(findTestObject("Olusturma/Genel/Not/Notlar")): Object: 'Object Repository/Olusturma/Genel/Not/Notlar' is clicked on

2021-10-21 14:36:21 - [MESSAGE][INFO] - Finding Test Object 'Object Repository/Olusturma/Genel/Not/Notlar'

2021-10-21 14:36:21 - [MESSAGE][INFO] - Checking object

2021-10-21 14:36:21 - [MESSAGE][INFO] - Finding web element from Test Object's properties

2021-10-21 14:36:21 - [MESSAGE][INFO] - Checking timeout

2021-10-21 14:36:21 - [MESSAGE][INFO] - Finding web element with id: 'Object Repository/Olusturma/Genel/Not/Notlar' located by 'By.xpath: //*[@id = 'txtNote_I']' in '30' second(s)

2021-10-21 14:36:21 - [MESSAGE][INFO] - Smart Wait Function is triggered

2021-10-21 14:36:21 - [MESSAGE][INFO] - Found 1 web elements with id: 'Object Repository/Olusturma/Genel/Not/Notlar' located by 'By.xpath: //*[@id = 'txtNote_I']' in '30' second(s)

2021-10-21 14:36:21 - [MESSAGE][INFO] - Clicking on object: 'Object Repository/Olusturma/Genel/Not/Notlar'

2021-10-21 14:36:22 - [MESSAGE][PASSED] - Object: 'Object Repository/Olusturma/Genel/Not/Notlar' is clicked on

2021-10-21 14:36:22 - [TEST_STEP][PASSED] - while (true): null

2021-10-21 14:36:22 - [TEST_STEP][PASSED] - delay(1): Delayed 1 second(s)

2021-10-21 14:36:22 - [MESSAGE][INFO] - Delaying browser in 1 second(s)

2021-10-21 14:36:23 - [MESSAGE][PASSED] - Delayed 1 second(s)

2021-10-21 14:36:23 - [TEST_STEP][PASSED] - ajaxIsComplete = executeJavaScript("return jQuery.active == 0", null): Execute JavaScript 'return jQuery.active == 0' successfully

2021-10-21 14:36:23 - [MESSAGE][PASSED] - Execute JavaScript 'return jQuery.active == 0' successfully

2021-10-21 14:36:23 - [TEST_STEP][PASSED] - if (ajaxIsComplete): null

2021-10-21 14:36:23 - [TEST_STEP][PASSED] - break: null

2021-10-21 14:36:23 - [TEST_STEP][PASSED] - waitForElementClickable(findTestObject("Object Repository/Olusturma/Genel/Buton"), 10): Object 'Object Repository/Olusturma/Genel/Buton' is clickable

2021-10-21 14:36:23 - [MESSAGE][INFO] - Finding Test Object 'Object Repository/Olusturma/Genel/Buton'

2021-10-21 14:36:23 - [MESSAGE][INFO] - Checking object

2021-10-21 14:36:23 - [MESSAGE][INFO] - Checking timeout

2021-10-21 14:36:23 - [MESSAGE][INFO] - Finding web element from Test Object's properties

2021-10-21 14:36:23 - [MESSAGE][INFO] - Checking timeout

2021-10-21 14:36:23 - [MESSAGE][INFO] - Finding web element with id: 'Object Repository/Olusturma/Genel/Buton' located by 'By.xpath: //*[@id = 'btnKaydet']' in '10' second(s)

2021-10-21 14:36:23 - [MESSAGE][INFO] - Smart Wait Function is triggered

2021-10-21 14:36:23 - [MESSAGE][INFO] - Found 1 web elements with id: 'Object Repository/Olusturma/Genel/Buton' located by 'By.xpath: //*[@id = 'btnKaydet']' in '10' second(s)

2021-10-21 14:36:23 - [MESSAGE][PASSED] - Object 'Object Repository/Olusturma/Genel/Buton' is clickable

2021-10-21 14:36:23 - [TEST_STEP][PASSED] - click(findTestObject("Object Repository/Olusturma/Genel/Buton")): Object: 'Object Repository/Olusturma/Genel/Buton' is clicked on

2021-10-21 14:36:23 - [MESSAGE][INFO] - Finding Test Object 'Object Repository/Olusturma/Genel/Buton'

2021-10-21 14:36:23 - [MESSAGE][INFO] - Checking object

2021-10-21 14:36:23 - [MESSAGE][INFO] - Finding web element from Test Object's properties

2021-10-21 14:36:23 - [MESSAGE][INFO] - Checking timeout

2021-10-21 14:36:23 - [MESSAGE][INFO] - Finding web element with id: 'Object Repository/Olusturma/Genel/Buton' located by 'By.xpath: //*[@id = 'btnKaydet']' in '30' second(s)

2021-10-21 14:36:23 - [MESSAGE][INFO] - Smart Wait Function is triggered

2021-10-21 14:36:23 - [MESSAGE][INFO] - Found 1 web elements with id: 'Object Repository/Olusturma/Genel/Buton' located by 'By.xpath: //*[@id = 'btnKaydet']' in '30' second(s)

2021-10-21 14:36:23 - [MESSAGE][INFO] - Clicking on object: 'Object Repository/Olusturma/Genel/Buton'

2021-10-21 14:36:26 - [MESSAGE][PASSED] - Object: 'Object Repository/Olusturma/Genel/Buton' is clicked on

2021-10-21 14:36:26 - [MESSAGE][PASSED] - Call Test Case 'Test Cases/Olusturma/Genel/KaydetButonunaTiklanir' successfully

2021-10-21 14:36:26 - [MESSAGE][INFO] - Checking called Test Case

2021-10-21 14:36:26 - [MESSAGE][INFO] - Starting to call Test Case 'Test Cases/Tablo/TablodaEttnliVeriOlusturulduMu'

2021-10-21 14:36:26 - [TEST_CASE][PASSED] - Test Cases/Tablo/TablodaEttnliVeriOlusturulduMu: Test Cases/Tablo/TablodaEttnliVeriOlusturulduMu

2021-10-21 14:36:26 - [TEST_STEP][PASSED] - Method.TextDegerineEsitElementVarMi(findTestObject("Tablo/OlusturulanVeri"), ettn): Method.TextDegerineEsitElementVarMi is PASSED

2021-10-21 14:36:26 - [MESSAGE][INFO] - Finding Test Object 'Object Repository/Tablo/OlusturulanVeri'

2021-10-21 14:36:26 - [MESSAGE][INFO] - Checking timeout

2021-10-21 14:36:26 - [MESSAGE][INFO] - Finding web element with id: 'Object Repository/Tablo/OlusturulanVeri' located by 'By.cssSelector: table.dxgvTable_LECustomTheme>tbody>tr:nth-child(3)>td.dxgv b,table.dxgvTable_LECustomTheme>tbody>tr:nth-child(3)>td.dxgv' in '10' second(s)

2021-10-21 14:36:26 - [MESSAGE][INFO] - Smart Wait Function is triggered

2021-10-21 14:36:27 - [MESSAGE][INFO] - Found 14 web elements with id: 'Object Repository/Tablo/OlusturulanVeri' located by 'By.cssSelector: table.dxgvTable_LECustomTheme>tbody>tr:nth-child(3)>td.dxgv b,table.dxgvTable_LECustomTheme>tbody>tr:nth-child(3)>td.dxgv' in '10' second(s)

2021-10-21 14:36:27 - [MESSAGE][PASSED] - Method.TextDegerineEsitElementVarMi is PASSED

2021-10-21 14:36:27 - [MESSAGE][PASSED] - Call Test Case 'Test Cases/Tablo/TablodaEttnliVeriOlusturulduMu' successfully

2021-10-21 14:36:27 - [MESSAGE][INFO] - Checking called Test Case

2021-10-21 14:36:27 - [MESSAGE][INFO] - Starting to call Test Case 'Test Cases/Tablo/TablodanEttnliVeriSec'

2021-10-21 14:36:27 - [TEST_CASE][PASSED] - Test Cases/Tablo/TablodanEttnliVeriSec: Test Cases/Tablo/TablodanEttnliVeriSec

2021-10-21 14:36:27 - [TEST_STEP][PASSED] - Method.TextDegerineEsitElementinAltindakineTikla(findTestObject("Tablo/Veriler"), findTestObject("Tablo/VerininCheckBoxi"), ettn): Method.TextDegerineEsitElementinAltindakineTikla is PASSED

2021-10-21 14:36:27 - [MESSAGE][INFO] - Finding Test Object 'Object Repository/Tablo/Veriler'

2021-10-21 14:36:27 - [MESSAGE][INFO] - Finding Test Object 'Object Repository/Tablo/VerininCheckBoxi'

2021-10-21 14:36:27 - [MESSAGE][INFO] - Checking timeout

2021-10-21 14:36:27 - [MESSAGE][INFO] - Finding web element with id: 'Object Repository/Tablo/Veriler' located by 'By.cssSelector: td.dxgv b ,td.dxgv' in '10' second(s)

2021-10-21 14:36:27 - [MESSAGE][INFO] - Smart Wait Function is triggered

2021-10-21 14:36:27 - [MESSAGE][INFO] - Found 70 web elements with id: 'Object Repository/Tablo/Veriler' located by 'By.cssSelector: td.dxgv b ,td.dxgv' in '10' second(s)

2021-10-21 14:36:27 - [MESSAGE][INFO] - Smart Wait Function is triggered

2021-10-21 14:36:28 - [MESSAGE][PASSED] - Method.TextDegerineEsitElementinAltindakineTikla is PASSED

2021-10-21 14:36:28 - [MESSAGE][PASSED] - Call Test Case 'Test Cases/Tablo/TablodanEttnliVeriSec' successfully

2021-10-21 14:36:28 - [MESSAGE][INFO] - Checking called Test Case

2021-10-21 14:36:28 - [MESSAGE][INFO] - Starting to call Test Case 'Test Cases/Butonlar/ButonaTikla'

2021-10-21 14:36:28 - [TEST_CASE][PASSED] - Test Cases/Butonlar/ButonaTikla: Test Cases/Butonlar/ButonaTikla

2021-10-21 14:36:28 - [TEST_STEP][PASSED] - Method.TextDegerineEsitElementeTiklaEquals(findTestObject("Butonlar/Butonlar"), Buton_Adi): Method.TextDegerineEsitElementeTiklaEquals is PASSED

2021-10-21 14:36:28 - [MESSAGE][INFO] - Finding Test Object 'Object Repository/Butonlar/Butonlar'

2021-10-21 14:36:28 - [MESSAGE][INFO] - Checking timeout

2021-10-21 14:36:28 - [MESSAGE][INFO] - Finding web element with id: 'Object Repository/Butonlar/Butonlar' located by 'By.cssSelector: .panel.panel-default.text-center.footerPanel .btn,.btn.btn-primary.btnControls' in '10' second(s)

2021-10-21 14:36:28 - [MESSAGE][INFO] - Smart Wait Function is triggered

2021-10-21 14:36:28 - [MESSAGE][INFO] - Found 10 web elements with id: 'Object Repository/Butonlar/Butonlar' located by 'By.cssSelector: .panel.panel-default.text-center.footerPanel .btn,.btn.btn-primary.btnControls' in '10' second(s)

2021-10-21 14:36:29 - [MESSAGE][PASSED] - Method.TextDegerineEsitElementeTiklaEquals is PASSED

2021-10-21 14:36:29 - [MESSAGE][PASSED] - Call Test Case 'Test Cases/Butonlar/ButonaTikla' successfully

2021-10-21 14:36:29 - [MESSAGE][INFO] - Checking called Test Case

2021-10-21 14:36:29 - [MESSAGE][INFO] - Starting to call Test Case 'Test Cases/Popup/PopupMesajiIceriyorMu'

2021-10-21 14:36:29 - [TEST_CASE][PASSED] - Test Cases/Popup/PopupMesajiIceriyorMu: Test Cases/Popup/PopupMesajiIceriyorMu

2021-10-21 14:36:29 - [TEST_STEP][PASSED] - waitForElementVisible(findTestObject("Popup/Popup"), 10): Object 'Object Repository/Popup/Popup' is visible

2021-10-21 14:36:29 - [MESSAGE][INFO] - Finding Test Object 'Object Repository/Popup/Popup'

2021-10-21 14:36:29 - [MESSAGE][INFO] - Checking object

2021-10-21 14:36:29 - [MESSAGE][INFO] - Checking timeout

2021-10-21 14:36:29 - [MESSAGE][INFO] - Finding web element from Test Object's properties

2021-10-21 14:36:29 - [MESSAGE][INFO] - Checking timeout

2021-10-21 14:36:29 - [MESSAGE][INFO] - Finding web element with id: 'Object Repository/Popup/Popup' located by 'By.cssSelector: .bootbox-body' in '10' second(s)

2021-10-21 14:36:29 - [MESSAGE][INFO] - Smart Wait Function is triggered

2021-10-21 14:36:29 - [MESSAGE][INFO] - Found 1 web elements with id: 'Object Repository/Popup/Popup' located by 'By.cssSelector: .bootbox-body' in '10' second(s)

2021-10-21 14:36:29 - [MESSAGE][PASSED] - Object 'Object Repository/Popup/Popup' is visible

2021-10-21 14:36:29 - [TEST_STEP][PASSED] - if (!(getText(findTestObject("Popup/Popup")).contains(Mesaj))): Text of object 'Object Repository/Popup/Popup' is: 'Oluşturulacak fatura numarası : EAR2021000000403 Fatura numarası oluşturulduktan sonra fatura silinemez. Fatura numarası, tarihi ve ön eki değiştirilemez. Devam etmek istiyor musunuz?'

2021-10-21 14:36:29 - [MESSAGE][INFO] - Finding Test Object 'Object Repository/Popup/Popup'

2021-10-21 14:36:30 - [MESSAGE][INFO] - Checking object

2021-10-21 14:36:30 - [MESSAGE][INFO] - Finding web element from Test Object's properties

2021-10-21 14:36:30 - [MESSAGE][INFO] - Checking timeout

2021-10-21 14:36:30 - [MESSAGE][INFO] - Finding web element with id: 'Object Repository/Popup/Popup' located by 'By.cssSelector: .bootbox-body' in '30' second(s)

2021-10-21 14:36:30 - [MESSAGE][INFO] - Smart Wait Function is triggered

2021-10-21 14:36:30 - [MESSAGE][INFO] - Found 1 web elements with id: 'Object Repository/Popup/Popup' located by 'By.cssSelector: .bootbox-body' in '30' second(s)

2021-10-21 14:36:30 - [MESSAGE][INFO] - Getting text of object 'Object Repository/Popup/Popup'

2021-10-21 14:36:30 - [MESSAGE][PASSED] - Text of object 'Object Repository/Popup/Popup' is: 'Oluşturulacak fatura numarası : EAR2021000000403 Fatura numarası oluşturulduktan sonra fatura silinemez. Fatura numarası, tarihi ve ön eki değiştirilemez. Devam etmek istiyor musunuz?'

2021-10-21 14:36:30 - [TEST_STEP][PASSED] - RaporNo = getText(findTestObject("Popup/Popup")).substring(0, 6): Text of object 'Object Repository/Popup/Popup' is: 'Oluşturulacak fatura numarası : EAR2021000000403 Fatura numarası oluşturulduktan sonra fatura silinemez. Fatura numarası, tarihi ve ön eki değiştirilemez. Devam etmek istiyor musunuz?'

2021-10-21 14:36:30 - [MESSAGE][INFO] - Finding Test Object 'Object Repository/Popup/Popup'

2021-10-21 14:36:30 - [MESSAGE][INFO] - Checking object

2021-10-21 14:36:30 - [MESSAGE][INFO] - Finding web element from Test Object's properties

2021-10-21 14:36:30 - [MESSAGE][INFO] - Checking timeout

2021-10-21 14:36:30 - [MESSAGE][INFO] - Finding web element with id: 'Object Repository/Popup/Popup' located by 'By.cssSelector: .bootbox-body' in '30' second(s)

2021-10-21 14:36:30 - [MESSAGE][INFO] - Smart Wait Function is triggered

2021-10-21 14:36:30 - [MESSAGE][INFO] - Found 1 web elements with id: 'Object Repository/Popup/Popup' located by 'By.cssSelector: .bootbox-body' in '30' second(s)

2021-10-21 14:36:30 - [MESSAGE][INFO] - Getting text of object 'Object Repository/Popup/Popup'

2021-10-21 14:36:30 - [MESSAGE][PASSED] - Text of object 'Object Repository/Popup/Popup' is: 'Oluşturulacak fatura numarası : EAR2021000000403 Fatura numarası oluşturulduktan sonra fatura silinemez. Fatura numarası, tarihi ve ön eki değiştirilemez. Devam etmek istiyor musunuz?'

2021-10-21 14:36:30 - [TEST_STEP][PASSED] - Console.println(RaporNo): null

2021-10-21 14:36:30 - [MESSAGE][PASSED] - Call Test Case 'Test Cases/Popup/PopupMesajiIceriyorMu' successfully

2021-10-21 14:36:30 - [MESSAGE][INFO] - Checking called Test Case

2021-10-21 14:36:30 - [MESSAGE][INFO] - Starting to call Test Case 'Test Cases/Popup/PopupButonSecilir'

2021-10-21 14:36:30 - [TEST_CASE][PASSED] - Test Cases/Popup/PopupButonSecilir: Test Cases/Popup/PopupButonSecilir

2021-10-21 14:36:30 - [TEST_STEP][PASSED] - Method.TextDegerineEsitElementeTikla(findTestObject("Popup/Popup_Butons"), Buton): Method.TextDegerineEsitElementeTikla is PASSED

2021-10-21 14:36:30 - [MESSAGE][INFO] - Finding Test Object 'Object Repository/Popup/Popup_Butons'

2021-10-21 14:36:30 - [MESSAGE][INFO] - Checking timeout

2021-10-21 14:36:30 - [MESSAGE][INFO] - Finding web element with id: 'Object Repository/Popup/Popup_Butons' located by 'By.cssSelector: .modal-footer>button' in '10' second(s)

2021-10-21 14:36:30 - [MESSAGE][INFO] - Smart Wait Function is triggered

2021-10-21 14:36:31 - [MESSAGE][INFO] - Found 2 web elements with id: 'Object Repository/Popup/Popup_Butons' located by 'By.cssSelector: .modal-footer>button' in '10' second(s)

2021-10-21 14:36:31 - [MESSAGE][PASSED] - Method.TextDegerineEsitElementeTikla is PASSED

2021-10-21 14:36:31 - [MESSAGE][PASSED] - Call Test Case 'Test Cases/Popup/PopupButonSecilir' successfully

2021-10-21 14:36:31 - [MESSAGE][INFO] - Checking called Test Case

2021-10-21 14:36:31 - [MESSAGE][INFO] - Starting to call Test Case 'Test Cases/Popup/PopupMesajiIceriyorMu'

2021-10-21 14:36:31 - [TEST_CASE][PASSED] - Test Cases/Popup/PopupMesajiIceriyorMu: Test Cases/Popup/PopupMesajiIceriyorMu

2021-10-21 14:36:31 - [TEST_STEP][PASSED] - waitForElementVisible(findTestObject("Popup/Popup"), 10): Object 'Object Repository/Popup/Popup' is visible

2021-10-21 14:36:31 - [MESSAGE][INFO] - Finding Test Object 'Object Repository/Popup/Popup'

2021-10-21 14:36:31 - [MESSAGE][INFO] - Checking object

2021-10-21 14:36:31 - [MESSAGE][INFO] - Checking timeout

2021-10-21 14:36:31 - [MESSAGE][INFO] - Finding web element from Test Object's properties

2021-10-21 14:36:31 - [MESSAGE][INFO] - Checking timeout

2021-10-21 14:36:31 - [MESSAGE][INFO] - Finding web element with id: 'Object Repository/Popup/Popup' located by 'By.cssSelector: .bootbox-body' in '10' second(s)

2021-10-21 14:36:31 - [MESSAGE][INFO] - Smart Wait Function is triggered

2021-10-21 14:36:32 - [MESSAGE][INFO] - Found 1 web elements with id: 'Object Repository/Popup/Popup' located by 'By.cssSelector: .bootbox-body' in '10' second(s)

2021-10-21 14:36:32 - [MESSAGE][PASSED] - Object 'Object Repository/Popup/Popup' is visible

2021-10-21 14:36:32 - [TEST_STEP][PASSED] - if (!(getText(findTestObject("Popup/Popup")).contains(Mesaj))): Text of object 'Object Repository/Popup/Popup' is: 'Fatura numaranız EAR2021000000403 olarak oluşmuştur.'

2021-10-21 14:36:32 - [MESSAGE][INFO] - Finding Test Object 'Object Repository/Popup/Popup'

2021-10-21 14:36:32 - [MESSAGE][INFO] - Checking object

2021-10-21 14:36:32 - [MESSAGE][INFO] - Finding web element from Test Object's properties

2021-10-21 14:36:32 - [MESSAGE][INFO] - Checking timeout

2021-10-21 14:36:32 - [MESSAGE][INFO] - Finding web element with id: 'Object Repository/Popup/Popup' located by 'By.cssSelector: .bootbox-body' in '30' second(s)

2021-10-21 14:36:32 - [MESSAGE][INFO] - Smart Wait Function is triggered

2021-10-21 14:36:32 - [MESSAGE][INFO] - Found 1 web elements with id: 'Object Repository/Popup/Popup' located by 'By.cssSelector: .bootbox-body' in '30' second(s)

2021-10-21 14:36:32 - [MESSAGE][INFO] - Getting text of object 'Object Repository/Popup/Popup'

2021-10-21 14:36:32 - [MESSAGE][PASSED] - Text of object 'Object Repository/Popup/Popup' is: 'Fatura numaranız EAR2021000000403 olarak oluşmuştur.'

2021-10-21 14:36:32 - [TEST_STEP][PASSED] - RaporNo = getText(findTestObject("Popup/Popup")).substring(0, 6): Text of object 'Object Repository/Popup/Popup' is: 'Fatura numaranız EAR2021000000403 olarak oluşmuştur.'

2021-10-21 14:36:32 - [MESSAGE][INFO] - Finding Test Object 'Object Repository/Popup/Popup'

2021-10-21 14:36:32 - [MESSAGE][INFO] - Checking object

2021-10-21 14:36:32 - [MESSAGE][INFO] - Finding web element from Test Object's properties

2021-10-21 14:36:32 - [MESSAGE][INFO] - Checking timeout

2021-10-21 14:36:32 - [MESSAGE][INFO] - Finding web element with id: 'Object Repository/Popup/Popup' located by 'By.cssSelector: .bootbox-body' in '30' second(s)

2021-10-21 14:36:32 - [MESSAGE][INFO] - Smart Wait Function is triggered

2021-10-21 14:36:33 - [MESSAGE][INFO] - Found 1 web elements with id: 'Object Repository/Popup/Popup' located by 'By.cssSelector: .bootbox-body' in '30' second(s)

2021-10-21 14:36:33 - [MESSAGE][INFO] - Getting text of object 'Object Repository/Popup/Popup'

2021-10-21 14:36:33 - [MESSAGE][PASSED] - Text of object 'Object Repository/Popup/Popup' is: 'Fatura numaranız EAR2021000000403 olarak oluşmuştur.'

2021-10-21 14:36:33 - [TEST_STEP][PASSED] - Console.println(RaporNo): null

2021-10-21 14:36:33 - [MESSAGE][PASSED] - Call Test Case 'Test Cases/Popup/PopupMesajiIceriyorMu' successfully

2021-10-21 14:36:33 - [MESSAGE][INFO] - Checking called Test Case

2021-10-21 14:36:33 - [MESSAGE][INFO] - Starting to call Test Case 'Test Cases/Popup/PopupButonSecilir'

2021-10-21 14:36:33 - [TEST_CASE][PASSED] - Test Cases/Popup/PopupButonSecilir: Test Cases/Popup/PopupButonSecilir

2021-10-21 14:36:33 - [TEST_STEP][PASSED] - Method.TextDegerineEsitElementeTikla(findTestObject("Popup/Popup_Butons"), Buton): Method.TextDegerineEsitElementeTikla is PASSED

2021-10-21 14:36:33 - [MESSAGE][INFO] - Finding Test Object 'Object Repository/Popup/Popup_Butons'

2021-10-21 14:36:33 - [MESSAGE][INFO] - Checking timeout

2021-10-21 14:36:33 - [MESSAGE][INFO] - Finding web element with id: 'Object Repository/Popup/Popup_Butons' located by 'By.cssSelector: .modal-footer>button' in '10' second(s)

2021-10-21 14:36:33 - [MESSAGE][INFO] - Smart Wait Function is triggered

2021-10-21 14:36:33 - [MESSAGE][INFO] - Found 1 web elements with id: 'Object Repository/Popup/Popup_Butons' located by 'By.cssSelector: .modal-footer>button' in '10' second(s)

2021-10-21 14:36:33 - [MESSAGE][PASSED] - Method.TextDegerineEsitElementeTikla is PASSED

2021-10-21 14:36:33 - [MESSAGE][PASSED] - Call Test Case 'Test Cases/Popup/PopupButonSecilir' successfully

2021-10-21 14:36:33 - [MESSAGE][INFO] - Checking called Test Case

2021-10-21 14:36:33 - [MESSAGE][INFO] - Starting to call Test Case 'Test Cases/Tablo/TablodanEttnliVeriSec'

2021-10-21 14:36:33 - [TEST_CASE][PASSED] - Test Cases/Tablo/TablodanEttnliVeriSec: Test Cases/Tablo/TablodanEttnliVeriSec

2021-10-21 14:36:33 - [TEST_STEP][PASSED] - Method.TextDegerineEsitElementinAltindakineTikla(findTestObject("Tablo/Veriler"), findTestObject("Tablo/VerininCheckBoxi"), ettn): Method.TextDegerineEsitElementinAltindakineTikla is PASSED

2021-10-21 14:36:33 - [MESSAGE][INFO] - Finding Test Object 'Object Repository/Tablo/Veriler'

2021-10-21 14:36:33 - [MESSAGE][INFO] - Finding Test Object 'Object Repository/Tablo/VerininCheckBoxi'

2021-10-21 14:36:33 - [MESSAGE][INFO] - Checking timeout

2021-10-21 14:36:33 - [MESSAGE][INFO] - Finding web element with id: 'Object Repository/Tablo/Veriler' located by 'By.cssSelector: td.dxgv b ,td.dxgv' in '10' second(s)

2021-10-21 14:36:33 - [MESSAGE][INFO] - Smart Wait Function is triggered

2021-10-21 14:36:34 - [MESSAGE][INFO] - Found 70 web elements with id: 'Object Repository/Tablo/Veriler' located by 'By.cssSelector: td.dxgv b ,td.dxgv' in '10' second(s)

2021-10-21 14:36:34 - [MESSAGE][INFO] - Smart Wait Function is triggered

2021-10-21 14:36:34 - [MESSAGE][PASSED] - Method.TextDegerineEsitElementinAltindakineTikla is PASSED

2021-10-21 14:36:34 - [MESSAGE][PASSED] - Call Test Case 'Test Cases/Tablo/TablodanEttnliVeriSec' successfully

2021-10-21 14:36:34 - [MESSAGE][INFO] - Checking called Test Case

2021-10-21 14:36:34 - [MESSAGE][INFO] - Starting to call Test Case 'Test Cases/Butonlar/ButonaTikla'

2021-10-21 14:36:35 - [TEST_CASE][PASSED] - Test Cases/Butonlar/ButonaTikla: Test Cases/Butonlar/ButonaTikla

2021-10-21 14:36:35 - [TEST_STEP][PASSED] - Method.TextDegerineEsitElementeTiklaEquals(findTestObject("Butonlar/Butonlar"), Buton_Adi): Method.TextDegerineEsitElementeTiklaEquals is PASSED

2021-10-21 14:36:35 - [MESSAGE][INFO] - Finding Test Object 'Object Repository/Butonlar/Butonlar'

2021-10-21 14:36:35 - [MESSAGE][INFO] - Checking timeout

2021-10-21 14:36:35 - [MESSAGE][INFO] - Finding web element with id: 'Object Repository/Butonlar/Butonlar' located by 'By.cssSelector: .panel.panel-default.text-center.footerPanel .btn,.btn.btn-primary.btnControls' in '10' second(s)

2021-10-21 14:36:35 - [MESSAGE][INFO] - Smart Wait Function is triggered

2021-10-21 14:36:35 - [MESSAGE][INFO] - Found 10 web elements with id: 'Object Repository/Butonlar/Butonlar' located by 'By.cssSelector: .panel.panel-default.text-center.footerPanel .btn,.btn.btn-primary.btnControls' in '10' second(s)

2021-10-21 14:36:36 - [MESSAGE][PASSED] - Method.TextDegerineEsitElementeTiklaEquals is PASSED

2021-10-21 14:36:36 - [MESSAGE][PASSED] - Call Test Case 'Test Cases/Butonlar/ButonaTikla' successfully

2021-10-21 14:36:36 - [MESSAGE][INFO] - Checking called Test Case

2021-10-21 14:36:36 - [MESSAGE][INFO] - Starting to call Test Case 'Test Cases/Popup/PopupMesajiIceriyorMu'

2021-10-21 14:36:36 - [TEST_CASE][PASSED] - Test Cases/Popup/PopupMesajiIceriyorMu: Test Cases/Popup/PopupMesajiIceriyorMu

2021-10-21 14:36:36 - [TEST_STEP][PASSED] - waitForElementVisible(findTestObject("Popup/Popup"), 10): Object 'Object Repository/Popup/Popup' is visible

2021-10-21 14:36:36 - [MESSAGE][INFO] - Finding Test Object 'Object Repository/Popup/Popup'

2021-10-21 14:36:36 - [MESSAGE][INFO] - Checking object

2021-10-21 14:36:36 - [MESSAGE][INFO] - Checking timeout

2021-10-21 14:36:36 - [MESSAGE][INFO] - Finding web element from Test Object's properties

2021-10-21 14:36:36 - [MESSAGE][INFO] - Checking timeout

2021-10-21 14:36:36 - [MESSAGE][INFO] - Finding web element with id: 'Object Repository/Popup/Popup' located by 'By.cssSelector: .bootbox-body' in '10' second(s)

2021-10-21 14:36:36 - [MESSAGE][INFO] - Smart Wait Function is triggered

2021-10-21 14:36:36 - [MESSAGE][INFO] - Found 1 web elements with id: 'Object Repository/Popup/Popup' located by 'By.cssSelector: .bootbox-body' in '10' second(s)

2021-10-21 14:36:36 - [MESSAGE][PASSED] - Object 'Object Repository/Popup/Popup' is visible

2021-10-21 14:36:36 - [TEST_STEP][PASSED] - if (!(getText(findTestObject("Popup/Popup")).contains(Mesaj))): Text of object 'Object Repository/Popup/Popup' is: 'Seçilen faturalarınız onaylanacaktır. Onaylanan faturalar üzerinde değişiklik yapılamaz. Devam etmek istiyor musunuz?'

2021-10-21 14:36:36 - [MESSAGE][INFO] - Finding Test Object 'Object Repository/Popup/Popup'

2021-10-21 14:36:36 - [MESSAGE][INFO] - Checking object

2021-10-21 14:36:36 - [MESSAGE][INFO] - Finding web element from Test Object's properties

2021-10-21 14:36:36 - [MESSAGE][INFO] - Checking timeout

2021-10-21 14:36:36 - [MESSAGE][INFO] - Finding web element with id: 'Object Repository/Popup/Popup' located by 'By.cssSelector: .bootbox-body' in '30' second(s)

2021-10-21 14:36:36 - [MESSAGE][INFO] - Smart Wait Function is triggered

2021-10-21 14:36:37 - [MESSAGE][INFO] - Found 1 web elements with id: 'Object Repository/Popup/Popup' located by 'By.cssSelector: .bootbox-body' in '30' second(s)

2021-10-21 14:36:37 - [MESSAGE][INFO] - Getting text of object 'Object Repository/Popup/Popup'

2021-10-21 14:36:37 - [MESSAGE][PASSED] - Text of object 'Object Repository/Popup/Popup' is: 'Seçilen faturalarınız onaylanacaktır. Onaylanan faturalar üzerinde değişiklik yapılamaz. Devam etmek istiyor musunuz?'

2021-10-21 14:36:37 - [TEST_STEP][PASSED] - RaporNo = getText(findTestObject("Popup/Popup")).substring(0, 6): Text of object 'Object Repository/Popup/Popup' is: 'Seçilen faturalarınız onaylanacaktır. Onaylanan faturalar üzerinde değişiklik yapılamaz. Devam etmek istiyor musunuz?'

2021-10-21 14:36:37 - [MESSAGE][INFO] - Finding Test Object 'Object Repository/Popup/Popup'

2021-10-21 14:36:37 - [MESSAGE][INFO] - Checking object

2021-10-21 14:36:37 - [MESSAGE][INFO] - Finding web element from Test Object's properties

2021-10-21 14:36:37 - [MESSAGE][INFO] - Checking timeout

2021-10-21 14:36:37 - [MESSAGE][INFO] - Finding web element with id: 'Object Repository/Popup/Popup' located by 'By.cssSelector: .bootbox-body' in '30' second(s)

2021-10-21 14:36:37 - [MESSAGE][INFO] - Smart Wait Function is triggered

2021-10-21 14:36:37 - [MESSAGE][INFO] - Found 1 web elements with id: 'Object Repository/Popup/Popup' located by 'By.cssSelector: .bootbox-body' in '30' second(s)

2021-10-21 14:36:37 - [MESSAGE][INFO] - Getting text of object 'Object Repository/Popup/Popup'

2021-10-21 14:36:37 - [MESSAGE][PASSED] - Text of object 'Object Repository/Popup/Popup' is: 'Seçilen faturalarınız onaylanacaktır. Onaylanan faturalar üzerinde değişiklik yapılamaz. Devam etmek istiyor musunuz?'

2021-10-21 14:36:37 - [TEST_STEP][PASSED] - Console.println(RaporNo): null

2021-10-21 14:36:37 - [MESSAGE][PASSED] - Call Test Case 'Test Cases/Popup/PopupMesajiIceriyorMu' successfully

2021-10-21 14:36:37 - [MESSAGE][INFO] - Checking called Test Case

2021-10-21 14:36:37 - [MESSAGE][INFO] - Starting to call Test Case 'Test Cases/Popup/PopupButonSecilir'

2021-10-21 14:36:37 - [TEST_CASE][PASSED] - Test Cases/Popup/PopupButonSecilir: Test Cases/Popup/PopupButonSecilir

2021-10-21 14:36:37 - [TEST_STEP][PASSED] - Method.TextDegerineEsitElementeTikla(findTestObject("Popup/Popup_Butons"), Buton): Method.TextDegerineEsitElementeTikla is PASSED

2021-10-21 14:36:37 - [MESSAGE][INFO] - Finding Test Object 'Object Repository/Popup/Popup_Butons'

2021-10-21 14:36:37 - [MESSAGE][INFO] - Checking timeout

2021-10-21 14:36:37 - [MESSAGE][INFO] - Finding web element with id: 'Object Repository/Popup/Popup_Butons' located by 'By.cssSelector: .modal-footer>button' in '10' second(s)

2021-10-21 14:36:37 - [MESSAGE][INFO] - Smart Wait Function is triggered

2021-10-21 14:36:37 - [MESSAGE][INFO] - Found 2 web elements with id: 'Object Repository/Popup/Popup_Butons' located by 'By.cssSelector: .modal-footer>button' in '10' second(s)

2021-10-21 14:36:37 - [MESSAGE][PASSED] - Method.TextDegerineEsitElementeTikla is PASSED

2021-10-21 14:36:37 - [MESSAGE][PASSED] - Call Test Case 'Test Cases/Popup/PopupButonSecilir' successfully

2021-10-21 14:36:37 - [MESSAGE][INFO] - Checking called Test Case

2021-10-21 14:36:37 - [MESSAGE][INFO] - Starting to call Test Case 'Test Cases/Menu/AnaMenuSecimi'

2021-10-21 14:36:38 - [TEST_CASE][PASSED] - Test Cases/Menu/AnaMenuSecimi: Test Cases/Menu/AnaMenuSecimi

2021-10-21 14:36:38 - [TEST_STEP][PASSED] - Method.TextDegerineEsitElementeTikla(findTestObject("Menu/Ana_Menu"), Ana_Menu): Method.TextDegerineEsitElementeTikla is PASSED

2021-10-21 14:36:38 - [MESSAGE][INFO] - Finding Test Object 'Object Repository/Menu/Ana_Menu'

2021-10-21 14:36:38 - [MESSAGE][INFO] - Checking timeout

2021-10-21 14:36:38 - [MESSAGE][INFO] - Finding web element with id: 'Object Repository/Menu/Ana_Menu' located by 'By.xpath: //*[@class = 'dropdown-toggle']' in '10' second(s)

2021-10-21 14:36:38 - [MESSAGE][INFO] - Smart Wait Function is triggered

2021-10-21 14:36:39 - [MESSAGE][INFO] - Found 13 web elements with id: 'Object Repository/Menu/Ana_Menu' located by 'By.xpath: //*[@class = 'dropdown-toggle']' in '10' second(s)

2021-10-21 14:36:39 - [MESSAGE][PASSED] - Method.TextDegerineEsitElementeTikla is PASSED

2021-10-21 14:36:39 - [MESSAGE][PASSED] - Call Test Case 'Test Cases/Menu/AnaMenuSecimi' successfully

2021-10-21 14:36:39 - [MESSAGE][INFO] - Checking called Test Case

2021-10-21 14:36:39 - [MESSAGE][INFO] - Starting to call Test Case 'Test Cases/Menu/BasligaGoreAltMenuSecimi'

2021-10-21 14:36:39 - [TEST_CASE][PASSED] - Test Cases/Menu/BasligaGoreAltMenuSecimi: Test Cases/Menu/BasligaGoreAltMenuSecimi

2021-10-21 14:36:39 - [TEST_STEP][PASSED] - Method.TextDegerineEsitElementinAltindakiTextDegerineEsitOlanaTikla(findTestObject("Menu/Menu_Basligi"), findTestObject("Menu/Basliga_Gore_Alt_Menu"), Baslik, Alt_Menu): Method.TextDegerineEsitElementinAltindakiTextDegerineEsitOlanaTikla is PASSED

2021-10-21 14:36:39 - [MESSAGE][INFO] - Finding Test Object 'Object Repository/Menu/Menu_Basligi'

2021-10-21 14:36:39 - [MESSAGE][INFO] - Finding Test Object 'Object Repository/Menu/Basliga_Gore_Alt_Menu'

2021-10-21 14:36:39 - [MESSAGE][INFO] - Checking timeout

2021-10-21 14:36:39 - [MESSAGE][INFO] - Finding web element with id: 'Object Repository/Menu/Menu_Basligi' located by 'By.xpath: //li[@class='dropdown dropdown-large open']//li[@class='dropdown-header']' in '10' second(s)

2021-10-21 14:36:39 - [MESSAGE][INFO] - Smart Wait Function is triggered

2021-10-21 14:36:40 - [MESSAGE][INFO] - Found 2 web elements with id: 'Object Repository/Menu/Menu_Basligi' located by 'By.xpath: //li[@class='dropdown dropdown-large open']//li[@class='dropdown-header']' in '10' second(s)

2021-10-21 14:36:40 - [MESSAGE][INFO] - Smart Wait Function is triggered

2021-10-21 14:36:42 - [MESSAGE][PASSED] - Method.TextDegerineEsitElementinAltindakiTextDegerineEsitOlanaTikla is PASSED

2021-10-21 14:36:42 - [MESSAGE][PASSED] - Call Test Case 'Test Cases/Menu/BasligaGoreAltMenuSecimi' successfully

2021-10-21 14:36:42 - [MESSAGE][INFO] - Checking called Test Case

2021-10-21 14:36:42 - [MESSAGE][INFO] - Starting to call Test Case 'Test Cases/Filtreler/EttnYaz'

2021-10-21 14:36:42 - [TEST_CASE][PASSED] - Test Cases/Filtreler/EttnYaz: Test Cases/Filtreler/EttnYaz

2021-10-21 14:36:42 - [TEST_STEP][PASSED] - Method.TextDegerineEsitElementinAltindakiTextboxtaYaz(findTestObject("Filtreler/Basliklar"), findTestObject("Filtreler/Basliga_Gore_Textbox"), "ETTN", ettn): Method.TextDegerineEsitElementinAltindakiTextboxtaYaz is PASSED

2021-10-21 14:36:42 - [MESSAGE][INFO] - Finding Test Object 'Object Repository/Filtreler/Basliklar'

2021-10-21 14:36:43 - [MESSAGE][INFO] - Finding Test Object 'Object Repository/Filtreler/Basliga_Gore_Textbox'

2021-10-21 14:36:43 - [MESSAGE][INFO] - Checking timeout

2021-10-21 14:36:43 - [MESSAGE][INFO] - Finding web element with id: 'Object Repository/Filtreler/Basliklar' located by 'By.cssSelector: .control-label.col-sm-4.paddingMarginRLC' in '10' second(s)

2021-10-21 14:36:43 - [MESSAGE][INFO] - Smart Wait Function is triggered

2021-10-21 14:36:43 - [MESSAGE][INFO] - Found 19 web elements with id: 'Object Repository/Filtreler/Basliklar' located by 'By.cssSelector: .control-label.col-sm-4.paddingMarginRLC' in '10' second(s)

2021-10-21 14:36:43 - [MESSAGE][INFO] - Smart Wait Function is triggered

2021-10-21 14:36:44 - [MESSAGE][PASSED] - Method.TextDegerineEsitElementinAltindakiTextboxtaYaz is PASSED

2021-10-21 14:36:44 - [MESSAGE][PASSED] - Call Test Case 'Test Cases/Filtreler/EttnYaz' successfully

2021-10-21 14:36:44 - [MESSAGE][INFO] - Checking called Test Case

2021-10-21 14:36:44 - [MESSAGE][INFO] - Starting to call Test Case 'Test Cases/Filtreler/ButonaTikla'

2021-10-21 14:36:44 - [TEST_CASE][PASSED] - Test Cases/Filtreler/ButonaTikla: Test Cases/Filtreler/ButonaTikla

2021-10-21 14:36:44 - [TEST_STEP][PASSED] - Method.TextDegerineEsitElementeTikla(findTestObject("Filtreler/Butonlar"), Filtre_Buton): Method.TextDegerineEsitElementeTikla is PASSED

2021-10-21 14:36:44 - [MESSAGE][INFO] - Finding Test Object 'Object Repository/Filtreler/Butonlar'

2021-10-21 14:36:44 - [MESSAGE][INFO] - Checking timeout

2021-10-21 14:36:44 - [MESSAGE][INFO] - Finding web element with id: 'Object Repository/Filtreler/Butonlar' located by 'By.cssSelector: .dxb>span' in '10' second(s)

2021-10-21 14:36:44 - [MESSAGE][INFO] - Smart Wait Function is triggered

2021-10-21 14:36:44 - [MESSAGE][INFO] - Found 3 web elements with id: 'Object Repository/Filtreler/Butonlar' located by 'By.cssSelector: .dxb>span' in '10' second(s)

2021-10-21 14:36:44 - [MESSAGE][PASSED] - Method.TextDegerineEsitElementeTikla is PASSED

2021-10-21 14:36:44 - [MESSAGE][PASSED] - Call Test Case 'Test Cases/Filtreler/ButonaTikla' successfully

2021-10-21 14:36:44 - [MESSAGE][INFO] - Checking called Test Case

2021-10-21 14:36:44 - [MESSAGE][INFO] - Starting to call Test Case 'Test Cases/Tablo/TablodaVeriVarMi'

2021-10-21 14:36:44 - [TEST_CASE][PASSED] - Test Cases/Tablo/TablodaVeriVarMi: Test Cases/Tablo/TablodaVeriVarMi

2021-10-21 14:36:44 - [TEST_STEP][PASSED] - verifyTextNotPresent("Görüntülenecek veri yok", true): Text 'Görüntülenecek veri yok' is not present on page using regular expression

2021-10-21 14:36:44 - [MESSAGE][INFO] - Checking text present  using regular expression

2021-10-21 14:36:44 - [MESSAGE][INFO] - Smart Wait Function is triggered

2021-10-21 14:36:45 - [MESSAGE][INFO] - Finding text 'Görüntülenecek veri yok' on page  using regular expression

2021-10-21 14:36:45 - [MESSAGE][PASSED] - Text 'Görüntülenecek veri yok' is not present on page using regular expression

2021-10-21 14:36:45 - [MESSAGE][PASSED] - Call Test Case 'Test Cases/Tablo/TablodaVeriVarMi' successfully

2021-10-21 14:36:45 - [MESSAGE][INFO] - Checking called Test Case

2021-10-21 14:36:45 - [MESSAGE][INFO] - Starting to call Test Case 'Test Cases/Tablo/TablodaVeriBasariliMiArsiv'

2021-10-21 14:36:45 - [TEST_CASE][PASSED] - Test Cases/Tablo/TablodaVeriBasariliMiArsiv: Test Cases/Tablo/TablodaVeriBasariliMiArsiv

2021-10-21 14:36:45 - [TEST_STEP][PASSED] - sayac = 80: null

2021-10-21 14:36:45 - [TEST_STEP][PASSED] - while (verifyElementText(findTestObject("Object Repository/Tablo/DurumBilgisiArsiv"), "Henüz Sonuçlanmadı", OPTIONAL)): Actual text 'Başarılı' and expected text 'Henüz Sonuçlanmadı' of test object 'Object Repository/Tablo/DurumBilgisiArsiv' are NOT matched. (Root cause: com.kms.katalon.core.exception.StepFailedException: Actual text 'Başarılı' and expected text 'Henüz Sonuçlanmadı' of test object 'Object Repository/Tablo/DurumBilgisiArsiv' are NOT matched.
	at com.kms.katalon.core.webui.keyword.internal.WebUIKeywordMain.stepFailed(WebUIKeywordMain.groovy:64)
	at com.kms.katalon.core.webui.keyword.builtin.VerifyElementTextKeyword$_verifyElementText_closure1.doCall(VerifyElementTextKeyword.groovy:57)
	at com.kms.katalon.core.webui.keyword.builtin.VerifyElementTextKeyword$_verifyElementText_closure1.call(VerifyElementTextKeyword.groovy)
	at com.kms.katalon.core.webui.keyword.internal.WebUIKeywordMain.runKeyword(WebUIKeywordMain.groovy:20)
	at com.kms.katalon.core.webui.keyword.builtin.VerifyElementTextKeyword.verifyElementText(VerifyElementTextKeyword.groovy:72)
	at com.kms.katalon.core.webui.keyword.builtin.VerifyElementTextKeyword.execute(VerifyElementTextKeyword.groovy:40)
	at com.kms.katalon.core.keyword.internal.KeywordExecutor.executeKeywordForPlatform(KeywordExecutor.groovy:73)
	at com.kms.katalon.core.webui.keyword.WebUiBuiltInKeywords.verifyElementText(WebUiBuiltInKeywords.groovy:4733)
	at com.kms.katalon.core.webui.keyword.WebUiBuiltInKeywords$verifyElementText$20.call(Unknown Source)
	at TablodaVeriBasariliMiArsiv.run(TablodaVeriBasariliMiArsiv:22)
	at com.kms.katalon.core.main.ScriptEngine.run(ScriptEngine.java:194)
	at com.kms.katalon.core.main.ScriptEngine.runScriptAsRawText(ScriptEngine.java:119)
	at com.kms.katalon.core.main.TestCaseExecutor.runScript(TestCaseExecutor.java:369)
	at com.kms.katalon.core.main.TestCaseExecutor.doExecute(TestCaseExecutor.java:360)
	at com.kms.katalon.core.main.TestCaseExecutor.processExecutionPhase(TestCaseExecutor.java:339)
	at com.kms.katalon.core.main.TestCaseExecutor.accessMainPhase(TestCaseExecutor.java:331)
	at com.kms.katalon.core.main.TestCaseExecutor.execute(TestCaseExecutor.java:248)
	at com.kms.katalon.core.main.TestCaseMain.runTestCase(TestCaseMain.java:138)
	at com.kms.katalon.core.keyword.builtin.CallTestCaseKeyword$_callTestCase_closure1.doCall(CallTestCaseKeyword.groovy:59)
	at com.kms.katalon.core.keyword.builtin.CallTestCaseKeyword$_callTestCase_closure1.call(CallTestCaseKeyword.groovy)
	at com.kms.katalon.core.keyword.internal.KeywordMain.runKeyword(KeywordMain.groovy:68)
	at com.kms.katalon.core.keyword.builtin.CallTestCaseKeyword.callTestCase(CallTestCaseKeyword.groovy:81)
	at com.kms.katalon.core.keyword.builtin.CallTestCaseKeyword.execute(CallTestCaseKeyword.groovy:44)
	at com.kms.katalon.core.keyword.internal.KeywordExecutor.executeKeywordForPlatform(KeywordExecutor.groovy:73)
	at com.kms.katalon.core.keyword.BuiltinKeywords.callTestCase(BuiltinKeywords.groovy:334)
	at tablo.tablo.tablodaVeriBasariliMiArsiv(tablo.groovy:95)
	at cucumber.runtime.Utils$1.call(Utils.java:26)
	at cucumber.runtime.Timeout.timeout(Timeout.java:16)
	at cucumber.runtime.Utils.invoke(Utils.java:20)
	at cucumber.runtime.java.JavaStepDefinition.execute(JavaStepDefinition.java:49)
	at cucumber.runner.PickleStepDefinitionMatch.runStep(PickleStepDefinitionMatch.java:50)
	at cucumber.runner.TestStep.executeStep(TestStep.java:63)
	at cucumber.runner.TestStep.run(TestStep.java:49)
	at cucumber.runner.PickleStepTestStep.run(PickleStepTestStep.java:43)
	at cucumber.runner.TestCase.run(TestCase.java:44)
	at cucumber.runner.Runner.runPickle(Runner.java:40)
	at cucumber.runtime.Runtime$1.run(Runtime.java:84)
	at cucumber.runtime.Runtime$SameThreadExecutorService.execute(Runtime.java:220)
	at cucumber.runtime.Runtime.run(Runtime.java:81)
	at cucumber.api.cli.Main.run(Main.java:26)
	at cucumber.api.cli.Main$run.call(Unknown Source)
	at com.kms.katalon.core.cucumber.keyword.CucumberBuiltinKeywords$_runFeatureFile_closure1.doCall(CucumberBuiltinKeywords.groovy:106)
	at com.kms.katalon.core.cucumber.keyword.CucumberBuiltinKeywords$_runFeatureFile_closure1.doCall(CucumberBuiltinKeywords.groovy)
	at com.kms.katalon.core.keyword.internal.KeywordMain.runKeyword(KeywordMain.groovy:68)
	at com.kms.katalon.core.keyword.internal.KeywordMain$runKeyword.call(Unknown Source)
	at com.kms.katalon.core.cucumber.keyword.CucumberBuiltinKeywords.runFeatureFile(CucumberBuiltinKeywords.groovy:73)
	at com.kms.katalon.core.cucumber.keyword.CucumberBuiltinKeywords$runFeatureFile$0.callStatic(Unknown Source)
	at com.kms.katalon.core.cucumber.keyword.CucumberBuiltinKeywords.runFeatureFile(CucumberBuiltinKeywords.groovy:246)
	at com.kms.katalon.core.cucumber.keyword.CucumberBuiltinKeywords$runFeatureFile.call(Unknown Source)
	at VKN-Kagit-Ozel Matrah.run(VKN-Kagit-Ozel Matrah:19)
	at com.kms.katalon.core.main.ScriptEngine.run(ScriptEngine.java:194)
	at com.kms.katalon.core.main.ScriptEngine.runScriptAsRawText(ScriptEngine.java:119)
	at com.kms.katalon.core.main.TestCaseExecutor.runScript(TestCaseExecutor.java:369)
	at com.kms.katalon.core.main.TestCaseExecutor.doExecute(TestCaseExecutor.java:360)
	at com.kms.katalon.core.main.TestCaseExecutor.processExecutionPhase(TestCaseExecutor.java:339)
	at com.kms.katalon.core.main.TestCaseExecutor.accessMainPhase(TestCaseExecutor.java:331)
	at com.kms.katalon.core.main.TestCaseExecutor.execute(TestCaseExecutor.java:248)
	at com.kms.katalon.core.main.TestSuiteExecutor.accessTestCaseMainPhase(TestSuiteExecutor.java:191)
	at com.kms.katalon.core.main.TestSuiteExecutor.accessTestSuiteMainPhase(TestSuiteExecutor.java:140)
	at com.kms.katalon.core.main.TestSuiteExecutor.execute(TestSuiteExecutor.java:89)
	at com.kms.katalon.core.main.TestCaseMain.startTestSuite(TestCaseMain.java:181)
	at com.kms.katalon.core.main.TestCaseMain$startTestSuite$0.call(Unknown Source)
	at TempTestSuite1634814289741.run(TempTestSuite1634814289741.groovy:39)
)

2021-10-21 14:36:45 - [MESSAGE][INFO] - Finding Test Object 'Object Repository/Tablo/DurumBilgisiArsiv'

2021-10-21 14:36:45 - [MESSAGE][INFO] - Checking object

2021-10-21 14:36:45 - [MESSAGE][INFO] - Finding web element from Test Object's properties

2021-10-21 14:36:45 - [MESSAGE][INFO] - Checking timeout

2021-10-21 14:36:45 - [MESSAGE][INFO] - Finding web element with id: 'Object Repository/Tablo/DurumBilgisiArsiv' located by 'By.xpath: //*[@id = 'GridViewEArchiveInvoices_tccell0_9']' in '30' second(s)

2021-10-21 14:36:45 - [MESSAGE][INFO] - Smart Wait Function is triggered

2021-10-21 14:36:46 - [MESSAGE][INFO] - Found 1 web elements with id: 'Object Repository/Tablo/DurumBilgisiArsiv' located by 'By.xpath: //*[@id = 'GridViewEArchiveInvoices_tccell0_9']' in '30' second(s)

2021-10-21 14:36:46 - [MESSAGE][WARNING] - Actual text 'Başarılı' and expected text 'Henüz Sonuçlanmadı' of test object 'Object Repository/Tablo/DurumBilgisiArsiv' are NOT matched. (Root cause: com.kms.katalon.core.exception.StepFailedException: Actual text 'Başarılı' and expected text 'Henüz Sonuçlanmadı' of test object 'Object Repository/Tablo/DurumBilgisiArsiv' are NOT matched.
	at com.kms.katalon.core.webui.keyword.internal.WebUIKeywordMain.stepFailed(WebUIKeywordMain.groovy:64)
	at com.kms.katalon.core.webui.keyword.builtin.VerifyElementTextKeyword$_verifyElementText_closure1.doCall(VerifyElementTextKeyword.groovy:57)
	at com.kms.katalon.core.webui.keyword.builtin.VerifyElementTextKeyword$_verifyElementText_closure1.call(VerifyElementTextKeyword.groovy)
	at com.kms.katalon.core.webui.keyword.internal.WebUIKeywordMain.runKeyword(WebUIKeywordMain.groovy:20)
	at com.kms.katalon.core.webui.keyword.builtin.VerifyElementTextKeyword.verifyElementText(VerifyElementTextKeyword.groovy:72)
	at com.kms.katalon.core.webui.keyword.builtin.VerifyElementTextKeyword.execute(VerifyElementTextKeyword.groovy:40)
	at com.kms.katalon.core.keyword.internal.KeywordExecutor.executeKeywordForPlatform(KeywordExecutor.groovy:73)
	at com.kms.katalon.core.webui.keyword.WebUiBuiltInKeywords.verifyElementText(WebUiBuiltInKeywords.groovy:4733)
	at com.kms.katalon.core.webui.keyword.WebUiBuiltInKeywords$verifyElementText$20.call(Unknown Source)
	at TablodaVeriBasariliMiArsiv.run(TablodaVeriBasariliMiArsiv:22)
	at com.kms.katalon.core.main.ScriptEngine.run(ScriptEngine.java:194)
	at com.kms.katalon.core.main.ScriptEngine.runScriptAsRawText(ScriptEngine.java:119)
	at com.kms.katalon.core.main.TestCaseExecutor.runScript(TestCaseExecutor.java:369)
	at com.kms.katalon.core.main.TestCaseExecutor.doExecute(TestCaseExecutor.java:360)
	at com.kms.katalon.core.main.TestCaseExecutor.processExecutionPhase(TestCaseExecutor.java:339)
	at com.kms.katalon.core.main.TestCaseExecutor.accessMainPhase(TestCaseExecutor.java:331)
	at com.kms.katalon.core.main.TestCaseExecutor.execute(TestCaseExecutor.java:248)
	at com.kms.katalon.core.main.TestCaseMain.runTestCase(TestCaseMain.java:138)
	at com.kms.katalon.core.keyword.builtin.CallTestCaseKeyword$_callTestCase_closure1.doCall(CallTestCaseKeyword.groovy:59)
	at com.kms.katalon.core.keyword.builtin.CallTestCaseKeyword$_callTestCase_closure1.call(CallTestCaseKeyword.groovy)
	at com.kms.katalon.core.keyword.internal.KeywordMain.runKeyword(KeywordMain.groovy:68)
	at com.kms.katalon.core.keyword.builtin.CallTestCaseKeyword.callTestCase(CallTestCaseKeyword.groovy:81)
	at com.kms.katalon.core.keyword.builtin.CallTestCaseKeyword.execute(CallTestCaseKeyword.groovy:44)
	at com.kms.katalon.core.keyword.internal.KeywordExecutor.executeKeywordForPlatform(KeywordExecutor.groovy:73)
	at com.kms.katalon.core.keyword.BuiltinKeywords.callTestCase(BuiltinKeywords.groovy:334)
	at tablo.tablo.tablodaVeriBasariliMiArsiv(tablo.groovy:95)
	at cucumber.runtime.Utils$1.call(Utils.java:26)
	at cucumber.runtime.Timeout.timeout(Timeout.java:16)
	at cucumber.runtime.Utils.invoke(Utils.java:20)
	at cucumber.runtime.java.JavaStepDefinition.execute(JavaStepDefinition.java:49)
	at cucumber.runner.PickleStepDefinitionMatch.runStep(PickleStepDefinitionMatch.java:50)
	at cucumber.runner.TestStep.executeStep(TestStep.java:63)
	at cucumber.runner.TestStep.run(TestStep.java:49)
	at cucumber.runner.PickleStepTestStep.run(PickleStepTestStep.java:43)
	at cucumber.runner.TestCase.run(TestCase.java:44)
	at cucumber.runner.Runner.runPickle(Runner.java:40)
	at cucumber.runtime.Runtime$1.run(Runtime.java:84)
	at cucumber.runtime.Runtime$SameThreadExecutorService.execute(Runtime.java:220)
	at cucumber.runtime.Runtime.run(Runtime.java:81)
	at cucumber.api.cli.Main.run(Main.java:26)
	at cucumber.api.cli.Main$run.call(Unknown Source)
	at com.kms.katalon.core.cucumber.keyword.CucumberBuiltinKeywords$_runFeatureFile_closure1.doCall(CucumberBuiltinKeywords.groovy:106)
	at com.kms.katalon.core.cucumber.keyword.CucumberBuiltinKeywords$_runFeatureFile_closure1.doCall(CucumberBuiltinKeywords.groovy)
	at com.kms.katalon.core.keyword.internal.KeywordMain.runKeyword(KeywordMain.groovy:68)
	at com.kms.katalon.core.keyword.internal.KeywordMain$runKeyword.call(Unknown Source)
	at com.kms.katalon.core.cucumber.keyword.CucumberBuiltinKeywords.runFeatureFile(CucumberBuiltinKeywords.groovy:73)
	at com.kms.katalon.core.cucumber.keyword.CucumberBuiltinKeywords$runFeatureFile$0.callStatic(Unknown Source)
	at com.kms.katalon.core.cucumber.keyword.CucumberBuiltinKeywords.runFeatureFile(CucumberBuiltinKeywords.groovy:246)
	at com.kms.katalon.core.cucumber.keyword.CucumberBuiltinKeywords$runFeatureFile.call(Unknown Source)
	at VKN-Kagit-Ozel Matrah.run(VKN-Kagit-Ozel Matrah:19)
	at com.kms.katalon.core.main.ScriptEngine.run(ScriptEngine.java:194)
	at com.kms.katalon.core.main.ScriptEngine.runScriptAsRawText(ScriptEngine.java:119)
	at com.kms.katalon.core.main.TestCaseExecutor.runScript(TestCaseExecutor.java:369)
	at com.kms.katalon.core.main.TestCaseExecutor.doExecute(TestCaseExecutor.java:360)
	at com.kms.katalon.core.main.TestCaseExecutor.processExecutionPhase(TestCaseExecutor.java:339)
	at com.kms.katalon.core.main.TestCaseExecutor.accessMainPhase(TestCaseExecutor.java:331)
	at com.kms.katalon.core.main.TestCaseExecutor.execute(TestCaseExecutor.java:248)
	at com.kms.katalon.core.main.TestSuiteExecutor.accessTestCaseMainPhase(TestSuiteExecutor.java:191)
	at com.kms.katalon.core.main.TestSuiteExecutor.accessTestSuiteMainPhase(TestSuiteExecutor.java:140)
	at com.kms.katalon.core.main.TestSuiteExecutor.execute(TestSuiteExecutor.java:89)
	at com.kms.katalon.core.main.TestCaseMain.startTestSuite(TestCaseMain.java:181)
	at com.kms.katalon.core.main.TestCaseMain$startTestSuite$0.call(Unknown Source)
	at TempTestSuite1634814289741.run(TempTestSuite1634814289741.groovy:39)
)

2021-10-21 14:36:46 - [TEST_STEP][PASSED] - Method.TextDegerineEsitElementVarMi(findTestObject("Object Repository/Tablo/DurumBilgisiArsiv"), "Başarılı"): Method.TextDegerineEsitElementVarMi is PASSED

2021-10-21 14:36:46 - [MESSAGE][INFO] - Finding Test Object 'Object Repository/Tablo/DurumBilgisiArsiv'

2021-10-21 14:36:46 - [MESSAGE][INFO] - Checking timeout

2021-10-21 14:36:46 - [MESSAGE][INFO] - Finding web element with id: 'Object Repository/Tablo/DurumBilgisiArsiv' located by 'By.xpath: //*[@id = 'GridViewEArchiveInvoices_tccell0_9']' in '10' second(s)

2021-10-21 14:36:46 - [MESSAGE][INFO] - Smart Wait Function is triggered

2021-10-21 14:36:46 - [MESSAGE][INFO] - Found 1 web elements with id: 'Object Repository/Tablo/DurumBilgisiArsiv' located by 'By.xpath: //*[@id = 'GridViewEArchiveInvoices_tccell0_9']' in '10' second(s)

2021-10-21 14:36:46 - [MESSAGE][PASSED] - Method.TextDegerineEsitElementVarMi is PASSED

2021-10-21 14:36:46 - [MESSAGE][PASSED] - Call Test Case 'Test Cases/Tablo/TablodaVeriBasariliMiArsiv' successfully

2021-10-21 14:36:46 - [MESSAGE][INFO] - Checking called Test Case

2021-10-21 14:36:46 - [MESSAGE][INFO] - Starting to call Test Case 'Test Cases/Kullanici_Islemleri/KullaniciIslemlerindenSecimYapilir'

2021-10-21 14:36:46 - [TEST_CASE][PASSED] - Test Cases/Kullanici_Islemleri/KullaniciIslemlerindenSecimYapilir: Test Cases/Kullanici_Islemleri/KullaniciIslemlerindenSecimYapilir

2021-10-21 14:36:46 - [TEST_STEP][PASSED] - waitForElementClickable(findTestObject("Object Repository/Kullanici_Islemleri/KullaniciIslemleri"), 10): Object 'Object Repository/Kullanici_Islemleri/KullaniciIslemleri' is clickable

2021-10-21 14:36:46 - [MESSAGE][INFO] - Finding Test Object 'Object Repository/Kullanici_Islemleri/KullaniciIslemleri'

2021-10-21 14:36:46 - [MESSAGE][INFO] - Checking object

2021-10-21 14:36:46 - [MESSAGE][INFO] - Checking timeout

2021-10-21 14:36:46 - [MESSAGE][INFO] - Finding web element from Test Object's properties

2021-10-21 14:36:46 - [MESSAGE][INFO] - Checking timeout

2021-10-21 14:36:46 - [MESSAGE][INFO] - Finding web element with id: 'Object Repository/Kullanici_Islemleri/KullaniciIslemleri' located by 'By.cssSelector: .dropdown>a>img' in '10' second(s)

2021-10-21 14:36:46 - [MESSAGE][INFO] - Smart Wait Function is triggered

2021-10-21 14:36:47 - [MESSAGE][INFO] - Found 1 web elements with id: 'Object Repository/Kullanici_Islemleri/KullaniciIslemleri' located by 'By.cssSelector: .dropdown>a>img' in '10' second(s)

2021-10-21 14:36:47 - [MESSAGE][PASSED] - Object 'Object Repository/Kullanici_Islemleri/KullaniciIslemleri' is clickable

2021-10-21 14:36:47 - [TEST_STEP][PASSED] - click(findTestObject("Object Repository/Kullanici_Islemleri/KullaniciIslemleri")): Object: 'Object Repository/Kullanici_Islemleri/KullaniciIslemleri' is clicked on

2021-10-21 14:36:47 - [MESSAGE][INFO] - Finding Test Object 'Object Repository/Kullanici_Islemleri/KullaniciIslemleri'

2021-10-21 14:36:47 - [MESSAGE][INFO] - Checking object

2021-10-21 14:36:47 - [MESSAGE][INFO] - Finding web element from Test Object's properties

2021-10-21 14:36:47 - [MESSAGE][INFO] - Checking timeout

2021-10-21 14:36:47 - [MESSAGE][INFO] - Finding web element with id: 'Object Repository/Kullanici_Islemleri/KullaniciIslemleri' located by 'By.cssSelector: .dropdown>a>img' in '30' second(s)

2021-10-21 14:36:47 - [MESSAGE][INFO] - Smart Wait Function is triggered

2021-10-21 14:36:47 - [MESSAGE][INFO] - Found 1 web elements with id: 'Object Repository/Kullanici_Islemleri/KullaniciIslemleri' located by 'By.cssSelector: .dropdown>a>img' in '30' second(s)

2021-10-21 14:36:47 - [MESSAGE][INFO] - Clicking on object: 'Object Repository/Kullanici_Islemleri/KullaniciIslemleri'

2021-10-21 14:36:47 - [MESSAGE][PASSED] - Object: 'Object Repository/Kullanici_Islemleri/KullaniciIslemleri' is clicked on

2021-10-21 14:36:47 - [TEST_STEP][PASSED] - Method.TextDegerineEsitElementeTikla(findTestObject("Object Repository/Kullanici_Islemleri/Secenekler"), Islem): Method.TextDegerineEsitElementeTikla is PASSED

2021-10-21 14:36:47 - [MESSAGE][INFO] - Finding Test Object 'Object Repository/Kullanici_Islemleri/Secenekler'

2021-10-21 14:36:47 - [MESSAGE][INFO] - Checking timeout

2021-10-21 14:36:47 - [MESSAGE][INFO] - Finding web element with id: 'Object Repository/Kullanici_Islemleri/Secenekler' located by 'By.cssSelector: .nav.navbar-nav.navbar-right li a' in '10' second(s)

2021-10-21 14:36:47 - [MESSAGE][INFO] - Smart Wait Function is triggered

2021-10-21 14:36:47 - [MESSAGE][INFO] - Found 20 web elements with id: 'Object Repository/Kullanici_Islemleri/Secenekler' located by 'By.cssSelector: .nav.navbar-nav.navbar-right li a' in '10' second(s)

2021-10-21 14:36:49 - [MESSAGE][PASSED] - Method.TextDegerineEsitElementeTikla is PASSED

2021-10-21 14:36:49 - [TEST_STEP][PASSED] - verifyElementNotPresent(findTestObject("Object Repository/Kullanici_Islemleri/Secenekler"), 10): Web element with id: 'Object Repository/Kullanici_Islemleri/Secenekler' located by 'By.cssSelector: .nav.navbar-nav.navbar-right li a' is not present after '10' second(s)

2021-10-21 14:36:49 - [MESSAGE][INFO] - Finding Test Object 'Object Repository/Kullanici_Islemleri/Secenekler'

2021-10-21 14:36:49 - [MESSAGE][INFO] - Checking object

2021-10-21 14:36:49 - [MESSAGE][INFO] - Checking timeout

2021-10-21 14:36:49 - [MESSAGE][INFO] - Finding web element with id: 'Object Repository/Kullanici_Islemleri/Secenekler' located by 'By.cssSelector: .nav.navbar-nav.navbar-right li a' in '10' second(s)

2021-10-21 14:36:49 - [MESSAGE][INFO] - Smart Wait Function is triggered

2021-10-21 14:36:50 - [MESSAGE][PASSED] - Web element with id: 'Object Repository/Kullanici_Islemleri/Secenekler' located by 'By.cssSelector: .nav.navbar-nav.navbar-right li a' is not present after '10' second(s)

2021-10-21 14:36:50 - [MESSAGE][PASSED] - Call Test Case 'Test Cases/Kullanici_Islemleri/KullaniciIslemlerindenSecimYapilir' successfully

2021-10-21 14:36:50 - [TEST_CASE][PASSED] - Start Test Case : SCENARIO Gonderim tipi Kagit ve Ozel Matrah tipinde e-Arsiv faturasi olusturulmasi: SCENARIO Gonderim tipi Kagit ve Ozel Matrah tipinde e-Arsiv faturasi olusturulmasi

2021-10-21 14:36:50 - [TEST_STEP][PASSED] - Kullanıcı adı EARMATRAH ve Şifre test1234 olarak giriş yapılır: Kullanıcı adı EARMATRAH ve Şifre test1234 olarak giriş yapılır

2021-10-21 14:36:50 - [MESSAGE][PASSED] - Kullanıcı adı EARMATRAH ve Şifre test1234 olarak giriş yapılır

2021-10-21 14:36:50 - [TEST_STEP][PASSED] - Ana menüden e-Arşiv seçilir: Ana menüden e-Arşiv seçilir

2021-10-21 14:36:50 - [MESSAGE][PASSED] - Ana menüden e-Arşiv seçilir

2021-10-21 14:36:50 - [TEST_STEP][PASSED] - Alt menü e-Arşiv Araçları başlığı altındaki e-Arşiv Fatura Oluşturma seçilir: Alt menü e-Arşiv Araçları başlığı altındaki e-Arşiv Fatura Oluşturma seçilir

2021-10-21 14:36:50 - [MESSAGE][PASSED] - Alt menü e-Arşiv Araçları başlığı altındaki e-Arşiv Fatura Oluşturma seçilir

2021-10-21 14:36:50 - [TEST_STEP][PASSED] - Tablodaki tüm veriler silinir: Tablodaki tüm veriler silinir

2021-10-21 14:36:50 - [MESSAGE][PASSED] - Tablodaki tüm veriler silinir

2021-10-21 14:36:50 - [TEST_STEP][PASSED] - Butonlardan Ekle isimli butona tıklanır: Butonlardan Ekle isimli butona tıklanır

2021-10-21 14:36:50 - [MESSAGE][PASSED] - Butonlardan Ekle isimli butona tıklanır

2021-10-21 14:36:50 - [TEST_STEP][PASSED] - Görsel tasarım sayfasının e-Arşiv Fatura Bilgileri başlığını içerdiği kontrol edilir: Görsel tasarım sayfasının e-Arşiv Fatura Bilgileri başlığını içerdiği kontrol edilir

2021-10-21 14:36:50 - [MESSAGE][PASSED] - Görsel tasarım sayfasının e-Arşiv Fatura Bilgileri başlığını içerdiği kontrol edilir

2021-10-21 14:36:50 - [TEST_STEP][PASSED] - Alıcı adı alanına UC0014 girilir: Alıcı adı alanına UC0014 girilir

2021-10-21 14:36:50 - [MESSAGE][PASSED] - Alıcı adı alanına UC0014 girilir

2021-10-21 14:36:50 - [TEST_STEP][PASSED] - Gönderim Şekli Kağıt olarak seçilir: Gönderim Şekli Kağıt olarak seçilir

2021-10-21 14:36:50 - [MESSAGE][PASSED] - Gönderim Şekli Kağıt olarak seçilir

2021-10-21 14:36:50 - [TEST_STEP][PASSED] - Tip alanından Özel Matrah seçilir: Tip alanından Özel Matrah seçilir

2021-10-21 14:36:50 - [MESSAGE][PASSED] - Tip alanından Özel Matrah seçilir

2021-10-21 14:36:50 - [TEST_STEP][PASSED] - Döküman Para Birimi alanından Türk Lirası seçilir: Döküman Para Birimi alanından Türk Lirası seçilir

2021-10-21 14:36:50 - [MESSAGE][PASSED] - Döküman Para Birimi alanından Türk Lirası seçilir

2021-10-21 14:36:50 - [TEST_STEP][PASSED] - Ön Ek EAR olarak seçilir: Ön Ek EAR olarak seçilir

2021-10-21 14:36:50 - [MESSAGE][PASSED] - Ön Ek EAR olarak seçilir

2021-10-21 14:36:50 - [TEST_STEP][PASSED] - Tasarım alanından Otomasyon seçilir: Tasarım alanından Otomasyon seçilir

2021-10-21 14:36:50 - [MESSAGE][PASSED] - Tasarım alanından Otomasyon seçilir

2021-10-21 14:36:50 - [TEST_STEP][PASSED] - Sipariş bilgileri UUC-SAT-1200001 ve 31.04.2020 olarak girilir: Sipariş bilgileri UUC-SAT-1200001 ve 31.04.2020 olarak girilir

2021-10-21 14:36:50 - [MESSAGE][PASSED] - Sipariş bilgileri UUC-SAT-1200001 ve 31.04.2020 olarak girilir

2021-10-21 14:36:50 - [TEST_STEP][PASSED] - İrsaliye Bilgileri AAAAAAAAAA,31.04.2020 olarak girilir: İrsaliye Bilgileri AAAAAAAAAA,31.04.2020 olarak girilir

2021-10-21 14:36:50 - [MESSAGE][PASSED] - İrsaliye Bilgileri AAAAAAAAAA,31.04.2020 olarak girilir

2021-10-21 14:36:50 - [TEST_STEP][PASSED] - Ekle butonuna basılır: Ekle butonuna basılır

2021-10-21 14:36:50 - [MESSAGE][PASSED] - Ekle butonuna basılır

2021-10-21 14:36:50 - [TEST_STEP][PASSED] - Ürün ekleme alanında Mal/Hizmet başlığına Otomasyon girilir: Ürün ekleme alanında Mal/Hizmet başlığına Otomasyon girilir

2021-10-21 14:36:50 - [MESSAGE][PASSED] - Ürün ekleme alanında Mal/Hizmet başlığına Otomasyon girilir

2021-10-21 14:36:50 - [TEST_STEP][PASSED] - Ürün ekleme alanında Açıklaması başlığına Virgosol girilir: Ürün ekleme alanında Açıklaması başlığına Virgosol girilir

2021-10-21 14:36:50 - [MESSAGE][PASSED] - Ürün ekleme alanında Açıklaması başlığına Virgosol girilir

2021-10-21 14:36:50 - [TEST_STEP][PASSED] - Ürün ekleme alanında Miktarı başlığına 400 girilir: Ürün ekleme alanında Miktarı başlığına 400 girilir

2021-10-21 14:36:50 - [MESSAGE][PASSED] - Ürün ekleme alanında Miktarı başlığına 400 girilir

2021-10-21 14:36:50 - [TEST_STEP][PASSED] - Ürün ekleme alanında Birim Fiyat başlığına 100 girilir: Ürün ekleme alanında Birim Fiyat başlığına 100 girilir

2021-10-21 14:36:50 - [MESSAGE][PASSED] - Ürün ekleme alanında Birim Fiyat başlığına 100 girilir

2021-10-21 14:36:50 - [TEST_STEP][PASSED] - Ürün ekleme alanında İskonto Oranı % başlığına 10 girilir: Ürün ekleme alanında İskonto Oranı % başlığına 10 girilir

2021-10-21 14:36:50 - [MESSAGE][PASSED] - Ürün ekleme alanında İskonto Oranı % başlığına 10 girilir

2021-10-21 14:36:50 - [TEST_STEP][PASSED] - Notlar alanına Otomasyon Not girilir: Notlar alanına Otomasyon Not girilir

2021-10-21 14:36:50 - [MESSAGE][PASSED] - Notlar alanına Otomasyon Not girilir

2021-10-21 14:36:50 - [TEST_STEP][PASSED] - Ettn bilgisi kayıt edilir: Ettn bilgisi kayıt edilir

2021-10-21 14:36:50 - [MESSAGE][PASSED] - Ettn bilgisi kayıt edilir

2021-10-21 14:36:50 - [TEST_STEP][PASSED] - Kaydet butonu seçilir: Kaydet butonu seçilir

2021-10-21 14:36:50 - [MESSAGE][PASSED] - Kaydet butonu seçilir

2021-10-21 14:36:50 - [TEST_STEP][PASSED] - Tabloda Ettn bilgisi kaydedilen veri oluşturuldu mu: Tabloda Ettn bilgisi kaydedilen veri oluşturuldu mu

2021-10-21 14:36:50 - [MESSAGE][PASSED] - Tabloda Ettn bilgisi kaydedilen veri oluşturuldu mu

2021-10-21 14:36:50 - [TEST_STEP][PASSED] - Tablodan Ettn bilgisi kaydedilen veri seçilir: Tablodan Ettn bilgisi kaydedilen veri seçilir

2021-10-21 14:36:50 - [MESSAGE][PASSED] - Tablodan Ettn bilgisi kaydedilen veri seçilir

2021-10-21 14:36:50 - [TEST_STEP][PASSED] - Butonlardan Numara Oluştur isimli butona tıklanır: Butonlardan Numara Oluştur isimli butona tıklanır

2021-10-21 14:36:50 - [MESSAGE][PASSED] - Butonlardan Numara Oluştur isimli butona tıklanır

2021-10-21 14:36:50 - [TEST_STEP][PASSED] - Popup mesajı Devam etmek istiyor musunuz içeriyor mu: Popup mesajı Devam etmek istiyor musunuz içeriyor mu

2021-10-21 14:36:50 - [MESSAGE][PASSED] - Popup mesajı Devam etmek istiyor musunuz içeriyor mu

2021-10-21 14:36:50 - [TEST_STEP][PASSED] - Yönetim popupında Evet seçilir: Yönetim popupında Evet seçilir

2021-10-21 14:36:50 - [MESSAGE][PASSED] - Yönetim popupında Evet seçilir

2021-10-21 14:36:50 - [TEST_STEP][PASSED] - Popup mesajı oluşmuştur içeriyor mu: Popup mesajı oluşmuştur içeriyor mu

2021-10-21 14:36:50 - [MESSAGE][PASSED] - Popup mesajı oluşmuştur içeriyor mu

2021-10-21 14:36:50 - [TEST_STEP][PASSED] - Yönetim popupında Tamam seçilir: Yönetim popupında Tamam seçilir

2021-10-21 14:36:50 - [MESSAGE][PASSED] - Yönetim popupında Tamam seçilir

2021-10-21 14:36:50 - [TEST_STEP][PASSED] - Tablodan Ettn bilgisi kaydedilen veri seçilir: Tablodan Ettn bilgisi kaydedilen veri seçilir

2021-10-21 14:36:50 - [MESSAGE][PASSED] - Tablodan Ettn bilgisi kaydedilen veri seçilir

2021-10-21 14:36:50 - [TEST_STEP][PASSED] - Butonlardan Gönder isimli butona tıklanır: Butonlardan Gönder isimli butona tıklanır

2021-10-21 14:36:50 - [MESSAGE][PASSED] - Butonlardan Gönder isimli butona tıklanır

2021-10-21 14:36:50 - [TEST_STEP][PASSED] - Popup mesajı Devam etmek istiyor musunuz içeriyor mu: Popup mesajı Devam etmek istiyor musunuz içeriyor mu

2021-10-21 14:36:50 - [MESSAGE][PASSED] - Popup mesajı Devam etmek istiyor musunuz içeriyor mu

2021-10-21 14:36:50 - [TEST_STEP][PASSED] - Yönetim popupında Evet seçilir: Yönetim popupında Evet seçilir

2021-10-21 14:36:50 - [MESSAGE][PASSED] - Yönetim popupında Evet seçilir

2021-10-21 14:36:50 - [TEST_STEP][PASSED] - Ana menüden e-Arşiv seçilir: Ana menüden e-Arşiv seçilir

2021-10-21 14:36:50 - [MESSAGE][PASSED] - Ana menüden e-Arşiv seçilir

2021-10-21 14:36:50 - [TEST_STEP][PASSED] - Alt menü e-Arşiv Hareketleri başlığı altındaki e-Arşiv Faturaları seçilir: Alt menü e-Arşiv Hareketleri başlığı altındaki e-Arşiv Faturaları seçilir

2021-10-21 14:36:50 - [MESSAGE][PASSED] - Alt menü e-Arşiv Hareketleri başlığı altındaki e-Arşiv Faturaları seçilir

2021-10-21 14:36:50 - [TEST_STEP][PASSED] - Filtrelerden Ettn filtresine Ettn bilgisi yaz: Filtrelerden Ettn filtresine Ettn bilgisi yaz

2021-10-21 14:36:50 - [MESSAGE][PASSED] - Filtrelerden Ettn filtresine Ettn bilgisi yaz

2021-10-21 14:36:50 - [TEST_STEP][PASSED] - Filtre butonlarından Listele seçilir: Filtre butonlarından Listele seçilir

2021-10-21 14:36:50 - [MESSAGE][PASSED] - Filtre butonlarından Listele seçilir

2021-10-21 14:36:50 - [TEST_STEP][PASSED] - Tabloda veri var mı kontrol edilir: Tabloda veri var mı kontrol edilir

2021-10-21 14:36:50 - [MESSAGE][PASSED] - Tabloda veri var mı kontrol edilir

2021-10-21 14:36:50 - [TEST_STEP][PASSED] - Tabloda yeni oluşturulan eArsiv verisi başarılı mı: Tabloda yeni oluşturulan eArsiv verisi başarılı mı

2021-10-21 14:36:50 - [MESSAGE][PASSED] - Tabloda yeni oluşturulan eArsiv verisi başarılı mı

2021-10-21 14:36:50 - [TEST_STEP][PASSED] - Kullanıcı işlemlerinden Çıkış seçilir: Kullanıcı işlemlerinden Çıkış seçilir

2021-10-21 14:36:50 - [MESSAGE][PASSED] - Kullanıcı işlemlerinden Çıkış seçilir

2021-10-21 14:36:50 - [MESSAGE][PASSED] - Feature file: 'Include/features/Regresyon/e-Arsiv/VKN-Kagit-Ozel Matrah.feature' was passed

2021-10-21 14:36:50 - [TEST_STEP][PASSED] - Start listener action : sampleAfterTestSuite: Invoke 'com.kms.katalon.core.annotation.AfterTestCase' method: 'Listener.sampleAfterTestSuite(...)' completed.

2021-10-21 14:36:50 - [MESSAGE][INFO] - Starting invoke 'com.kms.katalon.core.annotation.AfterTestCase' method: 'Listener.sampleAfterTestSuite(...)'

2021-10-21 14:36:50 - [TEST_STEP][PASSED] - closeBrowser(): Invoke 'com.kms.katalon.core.annotation.AfterTestCase' method: 'Listener.sampleAfterTestSuite(...)' completed.

2021-10-21 14:36:50 - [MESSAGE][INFO] - Closing browser

2021-10-21 14:36:50 - [MESSAGE][PASSED] - Browser is closed

2021-10-21 14:36:50 - [MESSAGE][INFO] - Invoke 'com.kms.katalon.core.annotation.AfterTestCase' method: 'Listener.sampleAfterTestSuite(...)' completed.]]></system-out>
         <system-err><![CDATA[]]></system-err>
      </testcase>
      <testcase name="Test Cases/Case Repository/Regresyon/e-Arsiv/VKN-Kagit-Satis" time="112.82" classname="Test Cases/Case Repository/Regresyon/e-Arsiv/VKN-Kagit-Satis" status="PASSED">
         <system-out><![CDATA[2021-10-21 14:36:50 - [TEST_CASE][PASSED] - Test Cases/Case Repository/Regresyon/e-Arsiv/VKN-Kagit-Satis: Test Cases/Case Repository/Regresyon/e-Arsiv/VKN-Kagit-Satis

2021-10-21 14:36:50 - [TEST_STEP][PASSED] - Start listener action : sampleBeforeTestSuite: Invoke 'com.kms.katalon.core.annotation.BeforeTestCase' method: 'Listener.sampleBeforeTestSuite(...)' completed.

2021-10-21 14:36:50 - [MESSAGE][INFO] - Starting invoke 'com.kms.katalon.core.annotation.BeforeTestCase' method: 'Listener.sampleBeforeTestSuite(...)'

2021-10-21 14:36:50 - [TEST_STEP][PASSED] - openBrowser(baseUrl): Browser is opened with url: 'https://efatura-stage.elogo.com.tr/'

2021-10-21 14:36:50 - [MESSAGE][INFO] - Opening browser

2021-10-21 14:36:50 - [MESSAGE][INFO] - Starting 'Chrome' driver

2021-10-21 14:36:50 - [MESSAGE][INFO] - User set preference: ['prefs', '{download.default_directory=C:\otomasyondownfiles}']

2021-10-21 14:36:50 - [MESSAGE][INFO] - Action delay is set to 0 milliseconds

2021-10-21 14:36:52 - [MESSAGE][INFO] - Navigating browser to: 'https://efatura-stage.elogo.com.tr/'

2021-10-21 14:36:54 - [MESSAGE][PASSED] - Browser is opened with url: 'https://efatura-stage.elogo.com.tr/'

2021-10-21 14:36:54 - [TEST_STEP][PASSED] - maximizeWindow(): Invoke 'com.kms.katalon.core.annotation.BeforeTestCase' method: 'Listener.sampleBeforeTestSuite(...)' completed.

2021-10-21 14:36:54 - [MESSAGE][INFO] - Maximizing current window

2021-10-21 14:36:54 - [MESSAGE][PASSED] - Current window maximized

2021-10-21 14:36:54 - [MESSAGE][INFO] - Invoke 'com.kms.katalon.core.annotation.BeforeTestCase' method: 'Listener.sampleBeforeTestSuite(...)' completed.

2021-10-21 14:36:55 - [TEST_STEP][PASSED] - runFeatureFile("Include/features/Regresyon/e-Arsiv/VKN-Kagit-Satis.feature"): Feature file: 'Include/features/Regresyon/e-Arsiv/VKN-Kagit-Satis.feature' was passed

2021-10-21 14:36:55 - [MESSAGE][INFO] - Starting run keyword runFeatureFile: 'Include/features/Regresyon/e-Arsiv/VKN-Kagit-Satis.feature' and extract report to folder: 'C:\Users\DELL\Downloads\EES_Katalon-main\Reports\20211021_140437\Suite Repository\Regresyon-eArsiv-eMakbuz\20211021_140449/cucumber_report/1634816215182'...

2021-10-21 14:36:55 - [MESSAGE][INFO] - Glue: []

2021-10-21 14:36:56 - [MESSAGE][INFO] - Checking called Test Case

2021-10-21 14:36:56 - [MESSAGE][INFO] - Starting to call Test Case 'Test Cases/Sayfalar/Giris_Sayfasi/Login'

2021-10-21 14:36:56 - [TEST_CASE][PASSED] - Test Cases/Sayfalar/Giris_Sayfasi/Login: Test Cases/Sayfalar/Giris_Sayfasi/Login

2021-10-21 14:36:56 - [TEST_STEP][PASSED] - Sayfa_Basligi = getWindowTitle(): Current window's title is: 'LOGO e-Fatura'

2021-10-21 14:36:56 - [MESSAGE][INFO] - Getting current window's title

2021-10-21 14:36:56 - [MESSAGE][PASSED] - Current window's title is: 'LOGO e-Fatura'

2021-10-21 14:36:56 - [TEST_STEP][PASSED] - verifyMatch(Sayfa_Basligi, "LOGO e-Fatura", false): Actual text 'LOGO e-Fatura' and expected text 'LOGO e-Fatura' are matched 

2021-10-21 14:36:56 - [MESSAGE][INFO] - Matching actual text 'LOGO e-Fatura' with expected text 'LOGO e-Fatura'

2021-10-21 14:36:56 - [MESSAGE][PASSED] - Actual text 'LOGO e-Fatura' and expected text 'LOGO e-Fatura' are matched 

2021-10-21 14:36:56 - [TEST_STEP][PASSED] - sendKeys(findTestObject("Sayfalar/Giris_Sayfasi/Firma_Kodu"), KullaniciAdi): Keys 'EARSATIS' sent to object: 'Object Repository/Sayfalar/Giris_Sayfasi/Firma_Kodu'

2021-10-21 14:36:56 - [MESSAGE][INFO] - Finding Test Object 'Object Repository/Sayfalar/Giris_Sayfasi/Firma_Kodu'

2021-10-21 14:36:56 - [MESSAGE][INFO] - Sending keys 'EARSATIS' to object: 'Object Repository/Sayfalar/Giris_Sayfasi/Firma_Kodu'

2021-10-21 14:36:56 - [MESSAGE][INFO] - Finding web element from Test Object's properties

2021-10-21 14:36:56 - [MESSAGE][INFO] - Checking timeout

2021-10-21 14:36:56 - [MESSAGE][INFO] - Finding web element with id: 'Object Repository/Sayfalar/Giris_Sayfasi/Firma_Kodu' located by 'By.xpath: //*[@id = 'AccountName']' in '30' second(s)

2021-10-21 14:36:56 - [MESSAGE][INFO] - Smart Wait Function is triggered

2021-10-21 14:36:56 - [MESSAGE][INFO] - Found 1 web elements with id: 'Object Repository/Sayfalar/Giris_Sayfasi/Firma_Kodu' located by 'By.xpath: //*[@id = 'AccountName']' in '30' second(s)

2021-10-21 14:36:56 - [MESSAGE][PASSED] - Keys 'EARSATIS' sent to object: 'Object Repository/Sayfalar/Giris_Sayfasi/Firma_Kodu'

2021-10-21 14:36:56 - [TEST_STEP][PASSED] - sendKeys(findTestObject("Sayfalar/Giris_Sayfasi/Sifre"), Sifre): Keys 'test1234' sent to object: 'Object Repository/Sayfalar/Giris_Sayfasi/Sifre'

2021-10-21 14:36:56 - [MESSAGE][INFO] - Finding Test Object 'Object Repository/Sayfalar/Giris_Sayfasi/Sifre'

2021-10-21 14:36:56 - [MESSAGE][INFO] - Sending keys 'test1234' to object: 'Object Repository/Sayfalar/Giris_Sayfasi/Sifre'

2021-10-21 14:36:56 - [MESSAGE][INFO] - Finding web element from Test Object's properties

2021-10-21 14:36:56 - [MESSAGE][INFO] - Checking timeout

2021-10-21 14:36:56 - [MESSAGE][INFO] - Finding web element with id: 'Object Repository/Sayfalar/Giris_Sayfasi/Sifre' located by 'By.xpath: //*[@id = 'Password']' in '30' second(s)

2021-10-21 14:36:56 - [MESSAGE][INFO] - Smart Wait Function is triggered

2021-10-21 14:36:56 - [MESSAGE][INFO] - Found 1 web elements with id: 'Object Repository/Sayfalar/Giris_Sayfasi/Sifre' located by 'By.xpath: //*[@id = 'Password']' in '30' second(s)

2021-10-21 14:36:56 - [MESSAGE][PASSED] - Keys 'test1234' sent to object: 'Object Repository/Sayfalar/Giris_Sayfasi/Sifre'

2021-10-21 14:36:56 - [TEST_STEP][PASSED] - findWebElement(findTestObject("Sayfalar/Giris_Sayfasi/Giris_Butonu")).click(): Found 1 web elements with id: 'Object Repository/Sayfalar/Giris_Sayfasi/Giris_Butonu' located by 'By.cssSelector: #btnLogin' in '30' second(s)

2021-10-21 14:36:56 - [MESSAGE][INFO] - Finding Test Object 'Object Repository/Sayfalar/Giris_Sayfasi/Giris_Butonu'

2021-10-21 14:36:57 - [MESSAGE][INFO] - Finding web element from Test Object's properties

2021-10-21 14:36:57 - [MESSAGE][INFO] - Checking timeout

2021-10-21 14:36:57 - [MESSAGE][INFO] - Finding web element with id: 'Object Repository/Sayfalar/Giris_Sayfasi/Giris_Butonu' located by 'By.cssSelector: #btnLogin' in '30' second(s)

2021-10-21 14:36:57 - [MESSAGE][INFO] - Smart Wait Function is triggered

2021-10-21 14:36:57 - [MESSAGE][INFO] - Found 1 web elements with id: 'Object Repository/Sayfalar/Giris_Sayfasi/Giris_Butonu' located by 'By.cssSelector: #btnLogin' in '30' second(s)

2021-10-21 14:36:59 - [TEST_STEP][PASSED] - if (verifyElementPresent(findTestObject("Object Repository/Sayfalar/Giris_Sayfasi/RetveTamam_Butonu"), 5, OPTIONAL)): null

2021-10-21 14:36:59 - [MESSAGE][INFO] - Finding Test Object 'Object Repository/Sayfalar/Giris_Sayfasi/RetveTamam_Butonu'

2021-10-21 14:36:59 - [MESSAGE][INFO] - Checking object

2021-10-21 14:36:59 - [MESSAGE][INFO] - Finding web element from Test Object's properties

2021-10-21 14:36:59 - [MESSAGE][INFO] - Checking timeout

2021-10-21 14:36:59 - [MESSAGE][INFO] - Finding web element with id: 'Object Repository/Sayfalar/Giris_Sayfasi/RetveTamam_Butonu' located by 'By.xpath: //*[@class = 'btn btn-default']' in '5' second(s)

2021-10-21 14:36:59 - [MESSAGE][INFO] - Smart Wait Function is triggered

2021-10-21 14:36:59 - [MESSAGE][INFO] - Found 1 web elements with id: 'Object Repository/Sayfalar/Giris_Sayfasi/RetveTamam_Butonu' located by 'By.xpath: //*[@class = 'btn btn-default']' in '5' second(s)

2021-10-21 14:36:59 - [MESSAGE][PASSED] - Object 'Object Repository/Sayfalar/Giris_Sayfasi/RetveTamam_Butonu' is present

2021-10-21 14:36:59 - [TEST_STEP][PASSED] - click(findTestObject("Object Repository/Sayfalar/Giris_Sayfasi/RetveTamam_Butonu")): Object: 'Object Repository/Sayfalar/Giris_Sayfasi/RetveTamam_Butonu' is clicked on

2021-10-21 14:36:59 - [MESSAGE][INFO] - Finding Test Object 'Object Repository/Sayfalar/Giris_Sayfasi/RetveTamam_Butonu'

2021-10-21 14:36:59 - [MESSAGE][INFO] - Checking object

2021-10-21 14:36:59 - [MESSAGE][INFO] - Finding web element from Test Object's properties

2021-10-21 14:36:59 - [MESSAGE][INFO] - Checking timeout

2021-10-21 14:36:59 - [MESSAGE][INFO] - Finding web element with id: 'Object Repository/Sayfalar/Giris_Sayfasi/RetveTamam_Butonu' located by 'By.xpath: //*[@class = 'btn btn-default']' in '30' second(s)

2021-10-21 14:36:59 - [MESSAGE][INFO] - Smart Wait Function is triggered

2021-10-21 14:36:59 - [MESSAGE][INFO] - Found 1 web elements with id: 'Object Repository/Sayfalar/Giris_Sayfasi/RetveTamam_Butonu' located by 'By.xpath: //*[@class = 'btn btn-default']' in '30' second(s)

2021-10-21 14:36:59 - [MESSAGE][INFO] - Clicking on object: 'Object Repository/Sayfalar/Giris_Sayfasi/RetveTamam_Butonu'

2021-10-21 14:36:59 - [MESSAGE][PASSED] - Object: 'Object Repository/Sayfalar/Giris_Sayfasi/RetveTamam_Butonu' is clicked on

2021-10-21 14:36:59 - [TEST_STEP][PASSED] - click(findTestObject("Object Repository/Sayfalar/Giris_Sayfasi/RetveTamam_Butonu")): Object: 'Object Repository/Sayfalar/Giris_Sayfasi/RetveTamam_Butonu' is clicked on

2021-10-21 14:36:59 - [MESSAGE][INFO] - Finding Test Object 'Object Repository/Sayfalar/Giris_Sayfasi/RetveTamam_Butonu'

2021-10-21 14:37:00 - [MESSAGE][INFO] - Checking object

2021-10-21 14:37:00 - [MESSAGE][INFO] - Finding web element from Test Object's properties

2021-10-21 14:37:00 - [MESSAGE][INFO] - Checking timeout

2021-10-21 14:37:00 - [MESSAGE][INFO] - Finding web element with id: 'Object Repository/Sayfalar/Giris_Sayfasi/RetveTamam_Butonu' located by 'By.xpath: //*[@class = 'btn btn-default']' in '30' second(s)

2021-10-21 14:37:00 - [MESSAGE][INFO] - Smart Wait Function is triggered

2021-10-21 14:37:03 - [MESSAGE][INFO] - Found 1 web elements with id: 'Object Repository/Sayfalar/Giris_Sayfasi/RetveTamam_Butonu' located by 'By.xpath: //*[@class = 'btn btn-default']' in '30' second(s)

2021-10-21 14:37:03 - [MESSAGE][INFO] - Clicking on object: 'Object Repository/Sayfalar/Giris_Sayfasi/RetveTamam_Butonu'

2021-10-21 14:37:03 - [MESSAGE][PASSED] - Object: 'Object Repository/Sayfalar/Giris_Sayfasi/RetveTamam_Butonu' is clicked on

2021-10-21 14:37:03 - [TEST_STEP][PASSED] - if (verifyElementPresent(findTestObject("Sayfalar/Giris_Sayfasi/PopupOK"), 5, OPTIONAL)): com.kms.katalon.core.webui.exception.WebElementNotFoundException: Web element with id: 'Object Repository/Sayfalar/Giris_Sayfasi/PopupOK' located by '.btn.btn-success' not found (Root cause: com.kms.katalon.core.exception.StepFailedException: com.kms.katalon.core.webui.exception.WebElementNotFoundException: Web element with id: 'Object Repository/Sayfalar/Giris_Sayfasi/PopupOK' located by '.btn.btn-success' not found
	at com.kms.katalon.core.webui.keyword.internal.WebUIKeywordMain.stepFailed(WebUIKeywordMain.groovy:64)
	at com.kms.katalon.core.webui.keyword.builtin.VerifyElementPresentKeyword$_verifyElementPresent_closure1.doCall(VerifyElementPresentKeyword.groovy:85)
	at com.kms.katalon.core.webui.keyword.builtin.VerifyElementPresentKeyword$_verifyElementPresent_closure1.call(VerifyElementPresentKeyword.groovy)
	at com.kms.katalon.core.webui.keyword.internal.WebUIKeywordMain.runKeyword(WebUIKeywordMain.groovy:20)
	at com.kms.katalon.core.webui.keyword.builtin.VerifyElementPresentKeyword.verifyElementPresent(VerifyElementPresentKeyword.groovy:92)
	at com.kms.katalon.core.webui.keyword.builtin.VerifyElementPresentKeyword.execute(VerifyElementPresentKeyword.groovy:68)
	at com.kms.katalon.core.keyword.internal.KeywordExecutor.executeKeywordForPlatform(KeywordExecutor.groovy:73)
	at com.kms.katalon.core.webui.keyword.WebUiBuiltInKeywords.verifyElementPresent(WebUiBuiltInKeywords.groovy:1448)
	at com.kms.katalon.core.webui.keyword.WebUiBuiltInKeywords$verifyElementPresent$4.call(Unknown Source)
	at Login.run(Login:40)
	at com.kms.katalon.core.main.ScriptEngine.run(ScriptEngine.java:194)
	at com.kms.katalon.core.main.ScriptEngine.runScriptAsRawText(ScriptEngine.java:119)
	at com.kms.katalon.core.main.TestCaseExecutor.runScript(TestCaseExecutor.java:369)
	at com.kms.katalon.core.main.TestCaseExecutor.doExecute(TestCaseExecutor.java:360)
	at com.kms.katalon.core.main.TestCaseExecutor.processExecutionPhase(TestCaseExecutor.java:339)
	at com.kms.katalon.core.main.TestCaseExecutor.accessMainPhase(TestCaseExecutor.java:331)
	at com.kms.katalon.core.main.TestCaseExecutor.execute(TestCaseExecutor.java:248)
	at com.kms.katalon.core.main.TestCaseMain.runTestCase(TestCaseMain.java:138)
	at com.kms.katalon.core.keyword.builtin.CallTestCaseKeyword$_callTestCase_closure1.doCall(CallTestCaseKeyword.groovy:59)
	at com.kms.katalon.core.keyword.builtin.CallTestCaseKeyword$_callTestCase_closure1.call(CallTestCaseKeyword.groovy)
	at com.kms.katalon.core.keyword.internal.KeywordMain.runKeyword(KeywordMain.groovy:68)
	at com.kms.katalon.core.keyword.builtin.CallTestCaseKeyword.callTestCase(CallTestCaseKeyword.groovy:81)
	at com.kms.katalon.core.keyword.builtin.CallTestCaseKeyword.execute(CallTestCaseKeyword.groovy:44)
	at com.kms.katalon.core.keyword.internal.KeywordExecutor.executeKeywordForPlatform(KeywordExecutor.groovy:73)
	at com.kms.katalon.core.keyword.BuiltinKeywords.callTestCase(BuiltinKeywords.groovy:334)
	at sayfalar.girisSayfasi.login(girisSayfasi.groovy:50)
	at cucumber.runtime.Utils$1.call(Utils.java:26)
	at cucumber.runtime.Timeout.timeout(Timeout.java:16)
	at cucumber.runtime.Utils.invoke(Utils.java:20)
	at cucumber.runtime.java.JavaStepDefinition.execute(JavaStepDefinition.java:49)
	at cucumber.runner.PickleStepDefinitionMatch.runStep(PickleStepDefinitionMatch.java:50)
	at cucumber.runner.TestStep.executeStep(TestStep.java:63)
	at cucumber.runner.TestStep.run(TestStep.java:49)
	at cucumber.runner.PickleStepTestStep.run(PickleStepTestStep.java:43)
	at cucumber.runner.TestCase.run(TestCase.java:44)
	at cucumber.runner.Runner.runPickle(Runner.java:40)
	at cucumber.runtime.Runtime$1.run(Runtime.java:84)
	at cucumber.runtime.Runtime$SameThreadExecutorService.execute(Runtime.java:220)
	at cucumber.runtime.Runtime.run(Runtime.java:81)
	at cucumber.api.cli.Main.run(Main.java:26)
	at cucumber.api.cli.Main$run.call(Unknown Source)
	at com.kms.katalon.core.cucumber.keyword.CucumberBuiltinKeywords$_runFeatureFile_closure1.doCall(CucumberBuiltinKeywords.groovy:106)
	at com.kms.katalon.core.cucumber.keyword.CucumberBuiltinKeywords$_runFeatureFile_closure1.doCall(CucumberBuiltinKeywords.groovy)
	at com.kms.katalon.core.keyword.internal.KeywordMain.runKeyword(KeywordMain.groovy:68)
	at com.kms.katalon.core.keyword.internal.KeywordMain$runKeyword.call(Unknown Source)
	at com.kms.katalon.core.cucumber.keyword.CucumberBuiltinKeywords.runFeatureFile(CucumberBuiltinKeywords.groovy:73)
	at com.kms.katalon.core.cucumber.keyword.CucumberBuiltinKeywords$runFeatureFile$0.callStatic(Unknown Source)
	at com.kms.katalon.core.cucumber.keyword.CucumberBuiltinKeywords.runFeatureFile(CucumberBuiltinKeywords.groovy:246)
	at com.kms.katalon.core.cucumber.keyword.CucumberBuiltinKeywords$runFeatureFile.call(Unknown Source)
	at VKN-Kagit-Satis.run(VKN-Kagit-Satis:19)
	at com.kms.katalon.core.main.ScriptEngine.run(ScriptEngine.java:194)
	at com.kms.katalon.core.main.ScriptEngine.runScriptAsRawText(ScriptEngine.java:119)
	at com.kms.katalon.core.main.TestCaseExecutor.runScript(TestCaseExecutor.java:369)
	at com.kms.katalon.core.main.TestCaseExecutor.doExecute(TestCaseExecutor.java:360)
	at com.kms.katalon.core.main.TestCaseExecutor.processExecutionPhase(TestCaseExecutor.java:339)
	at com.kms.katalon.core.main.TestCaseExecutor.accessMainPhase(TestCaseExecutor.java:331)
	at com.kms.katalon.core.main.TestCaseExecutor.execute(TestCaseExecutor.java:248)
	at com.kms.katalon.core.main.TestSuiteExecutor.accessTestCaseMainPhase(TestSuiteExecutor.java:191)
	at com.kms.katalon.core.main.TestSuiteExecutor.accessTestSuiteMainPhase(TestSuiteExecutor.java:140)
	at com.kms.katalon.core.main.TestSuiteExecutor.execute(TestSuiteExecutor.java:89)
	at com.kms.katalon.core.main.TestCaseMain.startTestSuite(TestCaseMain.java:181)
	at com.kms.katalon.core.main.TestCaseMain$startTestSuite$0.call(Unknown Source)
	at TempTestSuite1634814289741.run(TempTestSuite1634814289741.groovy:39)
)

2021-10-21 14:37:03 - [MESSAGE][INFO] - Finding Test Object 'Object Repository/Sayfalar/Giris_Sayfasi/PopupOK'

2021-10-21 14:37:03 - [MESSAGE][INFO] - Checking object

2021-10-21 14:37:03 - [MESSAGE][INFO] - Finding web element from Test Object's properties

2021-10-21 14:37:03 - [MESSAGE][INFO] - Checking timeout

2021-10-21 14:37:03 - [MESSAGE][INFO] - Finding web element with id: 'Object Repository/Sayfalar/Giris_Sayfasi/PopupOK' located by 'By.cssSelector: .btn.btn-success' in '5' second(s)

2021-10-21 14:37:03 - [MESSAGE][INFO] - Smart Wait Function is triggered

2021-10-21 14:37:03 - [MESSAGE][INFO] - Smart Wait Function is triggered

2021-10-21 14:37:04 - [MESSAGE][INFO] - Smart Wait Function is triggered

2021-10-21 14:37:04 - [MESSAGE][INFO] - Smart Wait Function is triggered

2021-10-21 14:37:04 - [MESSAGE][INFO] - Smart Wait Function is triggered

2021-10-21 14:37:05 - [MESSAGE][INFO] - Smart Wait Function is triggered

2021-10-21 14:37:05 - [MESSAGE][INFO] - Smart Wait Function is triggered

2021-10-21 14:37:05 - [MESSAGE][INFO] - Smart Wait Function is triggered

2021-10-21 14:37:05 - [MESSAGE][INFO] - Smart Wait Function is triggered

2021-10-21 14:37:06 - [MESSAGE][INFO] - Smart Wait Function is triggered

2021-10-21 14:37:06 - [MESSAGE][INFO] - Smart Wait Function is triggered

2021-10-21 14:37:06 - [MESSAGE][INFO] - Smart Wait Function is triggered

2021-10-21 14:37:06 - [MESSAGE][INFO] - Smart Wait Function is triggered

2021-10-21 14:37:07 - [MESSAGE][INFO] - Smart Wait Function is triggered

2021-10-21 14:37:07 - [MESSAGE][INFO] - Smart Wait Function is triggered

2021-10-21 14:37:07 - [MESSAGE][INFO] - Smart Wait Function is triggered

2021-10-21 14:37:08 - [MESSAGE][INFO] - Smart Wait Function is triggered

2021-10-21 14:37:08 - [MESSAGE][INFO] - Smart Wait Function is triggered

2021-10-21 14:37:08 - [MESSAGE][INFO] - Smart Wait Function is triggered

2021-10-21 14:37:08 - [MESSAGE][INFO] - Smart Wait Function is triggered

2021-10-21 14:37:09 - [MESSAGE][INFO] - Smart Wait Function is triggered

2021-10-21 14:37:09 - [MESSAGE][INFO] - Unable to find the element located by 'By.cssSelector: .btn.btn-success'. Please recheck the objects properties to make sure the desired element is located. 

2021-10-21 14:37:09 - [MESSAGE][WARNING] - com.kms.katalon.core.webui.exception.WebElementNotFoundException: Web element with id: 'Object Repository/Sayfalar/Giris_Sayfasi/PopupOK' located by '.btn.btn-success' not found (Root cause: com.kms.katalon.core.exception.StepFailedException: com.kms.katalon.core.webui.exception.WebElementNotFoundException: Web element with id: 'Object Repository/Sayfalar/Giris_Sayfasi/PopupOK' located by '.btn.btn-success' not found
	at com.kms.katalon.core.webui.keyword.internal.WebUIKeywordMain.stepFailed(WebUIKeywordMain.groovy:64)
	at com.kms.katalon.core.webui.keyword.builtin.VerifyElementPresentKeyword$_verifyElementPresent_closure1.doCall(VerifyElementPresentKeyword.groovy:85)
	at com.kms.katalon.core.webui.keyword.builtin.VerifyElementPresentKeyword$_verifyElementPresent_closure1.call(VerifyElementPresentKeyword.groovy)
	at com.kms.katalon.core.webui.keyword.internal.WebUIKeywordMain.runKeyword(WebUIKeywordMain.groovy:20)
	at com.kms.katalon.core.webui.keyword.builtin.VerifyElementPresentKeyword.verifyElementPresent(VerifyElementPresentKeyword.groovy:92)
	at com.kms.katalon.core.webui.keyword.builtin.VerifyElementPresentKeyword.execute(VerifyElementPresentKeyword.groovy:68)
	at com.kms.katalon.core.keyword.internal.KeywordExecutor.executeKeywordForPlatform(KeywordExecutor.groovy:73)
	at com.kms.katalon.core.webui.keyword.WebUiBuiltInKeywords.verifyElementPresent(WebUiBuiltInKeywords.groovy:1448)
	at com.kms.katalon.core.webui.keyword.WebUiBuiltInKeywords$verifyElementPresent$4.call(Unknown Source)
	at Login.run(Login:40)
	at com.kms.katalon.core.main.ScriptEngine.run(ScriptEngine.java:194)
	at com.kms.katalon.core.main.ScriptEngine.runScriptAsRawText(ScriptEngine.java:119)
	at com.kms.katalon.core.main.TestCaseExecutor.runScript(TestCaseExecutor.java:369)
	at com.kms.katalon.core.main.TestCaseExecutor.doExecute(TestCaseExecutor.java:360)
	at com.kms.katalon.core.main.TestCaseExecutor.processExecutionPhase(TestCaseExecutor.java:339)
	at com.kms.katalon.core.main.TestCaseExecutor.accessMainPhase(TestCaseExecutor.java:331)
	at com.kms.katalon.core.main.TestCaseExecutor.execute(TestCaseExecutor.java:248)
	at com.kms.katalon.core.main.TestCaseMain.runTestCase(TestCaseMain.java:138)
	at com.kms.katalon.core.keyword.builtin.CallTestCaseKeyword$_callTestCase_closure1.doCall(CallTestCaseKeyword.groovy:59)
	at com.kms.katalon.core.keyword.builtin.CallTestCaseKeyword$_callTestCase_closure1.call(CallTestCaseKeyword.groovy)
	at com.kms.katalon.core.keyword.internal.KeywordMain.runKeyword(KeywordMain.groovy:68)
	at com.kms.katalon.core.keyword.builtin.CallTestCaseKeyword.callTestCase(CallTestCaseKeyword.groovy:81)
	at com.kms.katalon.core.keyword.builtin.CallTestCaseKeyword.execute(CallTestCaseKeyword.groovy:44)
	at com.kms.katalon.core.keyword.internal.KeywordExecutor.executeKeywordForPlatform(KeywordExecutor.groovy:73)
	at com.kms.katalon.core.keyword.BuiltinKeywords.callTestCase(BuiltinKeywords.groovy:334)
	at sayfalar.girisSayfasi.login(girisSayfasi.groovy:50)
	at cucumber.runtime.Utils$1.call(Utils.java:26)
	at cucumber.runtime.Timeout.timeout(Timeout.java:16)
	at cucumber.runtime.Utils.invoke(Utils.java:20)
	at cucumber.runtime.java.JavaStepDefinition.execute(JavaStepDefinition.java:49)
	at cucumber.runner.PickleStepDefinitionMatch.runStep(PickleStepDefinitionMatch.java:50)
	at cucumber.runner.TestStep.executeStep(TestStep.java:63)
	at cucumber.runner.TestStep.run(TestStep.java:49)
	at cucumber.runner.PickleStepTestStep.run(PickleStepTestStep.java:43)
	at cucumber.runner.TestCase.run(TestCase.java:44)
	at cucumber.runner.Runner.runPickle(Runner.java:40)
	at cucumber.runtime.Runtime$1.run(Runtime.java:84)
	at cucumber.runtime.Runtime$SameThreadExecutorService.execute(Runtime.java:220)
	at cucumber.runtime.Runtime.run(Runtime.java:81)
	at cucumber.api.cli.Main.run(Main.java:26)
	at cucumber.api.cli.Main$run.call(Unknown Source)
	at com.kms.katalon.core.cucumber.keyword.CucumberBuiltinKeywords$_runFeatureFile_closure1.doCall(CucumberBuiltinKeywords.groovy:106)
	at com.kms.katalon.core.cucumber.keyword.CucumberBuiltinKeywords$_runFeatureFile_closure1.doCall(CucumberBuiltinKeywords.groovy)
	at com.kms.katalon.core.keyword.internal.KeywordMain.runKeyword(KeywordMain.groovy:68)
	at com.kms.katalon.core.keyword.internal.KeywordMain$runKeyword.call(Unknown Source)
	at com.kms.katalon.core.cucumber.keyword.CucumberBuiltinKeywords.runFeatureFile(CucumberBuiltinKeywords.groovy:73)
	at com.kms.katalon.core.cucumber.keyword.CucumberBuiltinKeywords$runFeatureFile$0.callStatic(Unknown Source)
	at com.kms.katalon.core.cucumber.keyword.CucumberBuiltinKeywords.runFeatureFile(CucumberBuiltinKeywords.groovy:246)
	at com.kms.katalon.core.cucumber.keyword.CucumberBuiltinKeywords$runFeatureFile.call(Unknown Source)
	at VKN-Kagit-Satis.run(VKN-Kagit-Satis:19)
	at com.kms.katalon.core.main.ScriptEngine.run(ScriptEngine.java:194)
	at com.kms.katalon.core.main.ScriptEngine.runScriptAsRawText(ScriptEngine.java:119)
	at com.kms.katalon.core.main.TestCaseExecutor.runScript(TestCaseExecutor.java:369)
	at com.kms.katalon.core.main.TestCaseExecutor.doExecute(TestCaseExecutor.java:360)
	at com.kms.katalon.core.main.TestCaseExecutor.processExecutionPhase(TestCaseExecutor.java:339)
	at com.kms.katalon.core.main.TestCaseExecutor.accessMainPhase(TestCaseExecutor.java:331)
	at com.kms.katalon.core.main.TestCaseExecutor.execute(TestCaseExecutor.java:248)
	at com.kms.katalon.core.main.TestSuiteExecutor.accessTestCaseMainPhase(TestSuiteExecutor.java:191)
	at com.kms.katalon.core.main.TestSuiteExecutor.accessTestSuiteMainPhase(TestSuiteExecutor.java:140)
	at com.kms.katalon.core.main.TestSuiteExecutor.execute(TestSuiteExecutor.java:89)
	at com.kms.katalon.core.main.TestCaseMain.startTestSuite(TestCaseMain.java:181)
	at com.kms.katalon.core.main.TestCaseMain$startTestSuite$0.call(Unknown Source)
	at TempTestSuite1634814289741.run(TempTestSuite1634814289741.groovy:39)
)

2021-10-21 14:37:09 - [TEST_STEP][PASSED] - verifyElementVisible(findTestObject("Object Repository/Kullanici_Islemleri/KullaniciIslemleri")): Object 'Object Repository/Kullanici_Islemleri/KullaniciIslemleri' is visible

2021-10-21 14:37:09 - [MESSAGE][INFO] - Finding Test Object 'Object Repository/Kullanici_Islemleri/KullaniciIslemleri'

2021-10-21 14:37:09 - [MESSAGE][INFO] - Checking object

2021-10-21 14:37:09 - [MESSAGE][INFO] - Finding web element from Test Object's properties

2021-10-21 14:37:09 - [MESSAGE][INFO] - Checking timeout

2021-10-21 14:37:09 - [MESSAGE][INFO] - Finding web element with id: 'Object Repository/Kullanici_Islemleri/KullaniciIslemleri' located by 'By.cssSelector: .dropdown>a>img' in '30' second(s)

2021-10-21 14:37:09 - [MESSAGE][INFO] - Smart Wait Function is triggered

2021-10-21 14:37:09 - [MESSAGE][INFO] - Found 1 web elements with id: 'Object Repository/Kullanici_Islemleri/KullaniciIslemleri' located by 'By.cssSelector: .dropdown>a>img' in '30' second(s)

2021-10-21 14:37:09 - [MESSAGE][PASSED] - Object 'Object Repository/Kullanici_Islemleri/KullaniciIslemleri' is visible

2021-10-21 14:37:09 - [MESSAGE][PASSED] - Call Test Case 'Test Cases/Sayfalar/Giris_Sayfasi/Login' successfully

2021-10-21 14:37:09 - [MESSAGE][INFO] - Checking called Test Case

2021-10-21 14:37:09 - [MESSAGE][INFO] - Starting to call Test Case 'Test Cases/Menu/AnaMenuSecimi'

2021-10-21 14:37:09 - [TEST_CASE][PASSED] - Test Cases/Menu/AnaMenuSecimi: Test Cases/Menu/AnaMenuSecimi

2021-10-21 14:37:10 - [TEST_STEP][PASSED] - Method.TextDegerineEsitElementeTikla(findTestObject("Menu/Ana_Menu"), Ana_Menu): Method.TextDegerineEsitElementeTikla is PASSED

2021-10-21 14:37:10 - [MESSAGE][INFO] - Finding Test Object 'Object Repository/Menu/Ana_Menu'

2021-10-21 14:37:10 - [MESSAGE][INFO] - Checking timeout

2021-10-21 14:37:10 - [MESSAGE][INFO] - Finding web element with id: 'Object Repository/Menu/Ana_Menu' located by 'By.xpath: //*[@class = 'dropdown-toggle']' in '10' second(s)

2021-10-21 14:37:10 - [MESSAGE][INFO] - Smart Wait Function is triggered

2021-10-21 14:37:10 - [MESSAGE][INFO] - Found 13 web elements with id: 'Object Repository/Menu/Ana_Menu' located by 'By.xpath: //*[@class = 'dropdown-toggle']' in '10' second(s)

2021-10-21 14:37:10 - [MESSAGE][PASSED] - Method.TextDegerineEsitElementeTikla is PASSED

2021-10-21 14:37:10 - [MESSAGE][PASSED] - Call Test Case 'Test Cases/Menu/AnaMenuSecimi' successfully

2021-10-21 14:37:10 - [MESSAGE][INFO] - Checking called Test Case

2021-10-21 14:37:10 - [MESSAGE][INFO] - Starting to call Test Case 'Test Cases/Menu/BasligaGoreAltMenuSecimi'

2021-10-21 14:37:10 - [TEST_CASE][PASSED] - Test Cases/Menu/BasligaGoreAltMenuSecimi: Test Cases/Menu/BasligaGoreAltMenuSecimi

2021-10-21 14:37:10 - [TEST_STEP][PASSED] - Method.TextDegerineEsitElementinAltindakiTextDegerineEsitOlanaTikla(findTestObject("Menu/Menu_Basligi"), findTestObject("Menu/Basliga_Gore_Alt_Menu"), Baslik, Alt_Menu): Method.TextDegerineEsitElementinAltindakiTextDegerineEsitOlanaTikla is PASSED

2021-10-21 14:37:10 - [MESSAGE][INFO] - Finding Test Object 'Object Repository/Menu/Menu_Basligi'

2021-10-21 14:37:10 - [MESSAGE][INFO] - Finding Test Object 'Object Repository/Menu/Basliga_Gore_Alt_Menu'

2021-10-21 14:37:11 - [MESSAGE][INFO] - Checking timeout

2021-10-21 14:37:11 - [MESSAGE][INFO] - Finding web element with id: 'Object Repository/Menu/Menu_Basligi' located by 'By.xpath: //li[@class='dropdown dropdown-large open']//li[@class='dropdown-header']' in '10' second(s)

2021-10-21 14:37:11 - [MESSAGE][INFO] - Smart Wait Function is triggered

2021-10-21 14:37:11 - [MESSAGE][INFO] - Found 2 web elements with id: 'Object Repository/Menu/Menu_Basligi' located by 'By.xpath: //li[@class='dropdown dropdown-large open']//li[@class='dropdown-header']' in '10' second(s)

2021-10-21 14:37:11 - [MESSAGE][INFO] - Smart Wait Function is triggered

2021-10-21 14:37:13 - [MESSAGE][PASSED] - Method.TextDegerineEsitElementinAltindakiTextDegerineEsitOlanaTikla is PASSED

2021-10-21 14:37:13 - [MESSAGE][PASSED] - Call Test Case 'Test Cases/Menu/BasligaGoreAltMenuSecimi' successfully

2021-10-21 14:37:13 - [MESSAGE][INFO] - Checking called Test Case

2021-10-21 14:37:13 - [MESSAGE][INFO] - Starting to call Test Case 'Test Cases/Tablo/Olusturma Tarihi'

2021-10-21 14:37:13 - [TEST_CASE][PASSED] - Test Cases/Tablo/Olusturma Tarihi: Test Cases/Tablo/Olusturma Tarihi

2021-10-21 14:37:13 - [TEST_STEP][PASSED] - if (verifyTextNotPresent("Görüntülenecek veri yok", true, OPTIONAL)): null

2021-10-21 14:37:13 - [MESSAGE][INFO] - Checking text present  using regular expression

2021-10-21 14:37:13 - [MESSAGE][INFO] - Smart Wait Function is triggered

2021-10-21 14:37:14 - [MESSAGE][INFO] - Finding text 'Görüntülenecek veri yok' on page  using regular expression

2021-10-21 14:37:14 - [MESSAGE][PASSED] - Text 'Görüntülenecek veri yok' is not present on page using regular expression

2021-10-21 14:37:14 - [TEST_STEP][PASSED] - click(findTestObject("Temizle/Olusturma_Tarihi_CheckBox")): Object: 'Object Repository/Temizle/Olusturma_Tarihi_CheckBox' is clicked on

2021-10-21 14:37:14 - [MESSAGE][INFO] - Finding Test Object 'Object Repository/Temizle/Olusturma_Tarihi_CheckBox'

2021-10-21 14:37:14 - [MESSAGE][INFO] - Checking object

2021-10-21 14:37:14 - [MESSAGE][INFO] - Finding web element from Test Object's properties

2021-10-21 14:37:14 - [MESSAGE][INFO] - Checking timeout

2021-10-21 14:37:14 - [MESSAGE][INFO] - Finding web element with id: 'Object Repository/Temizle/Olusturma_Tarihi_CheckBox' located by 'By.xpath: //*[@title = 'Bu sayfadaki tüm satırları Seç']' in '30' second(s)

2021-10-21 14:37:14 - [MESSAGE][INFO] - Smart Wait Function is triggered

2021-10-21 14:37:14 - [MESSAGE][INFO] - Found 1 web elements with id: 'Object Repository/Temizle/Olusturma_Tarihi_CheckBox' located by 'By.xpath: //*[@title = 'Bu sayfadaki tüm satırları Seç']' in '30' second(s)

2021-10-21 14:37:14 - [MESSAGE][INFO] - Clicking on object: 'Object Repository/Temizle/Olusturma_Tarihi_CheckBox'

2021-10-21 14:37:14 - [MESSAGE][PASSED] - Object: 'Object Repository/Temizle/Olusturma_Tarihi_CheckBox' is clicked on

2021-10-21 14:37:14 - [TEST_STEP][PASSED] - Method.TextDegerineEsitElementeTiklaEquals(findTestObject("Butonlar/Butonlar"), "Sil"): Method.TextDegerineEsitElementeTiklaEquals is PASSED

2021-10-21 14:37:14 - [MESSAGE][INFO] - Finding Test Object 'Object Repository/Butonlar/Butonlar'

2021-10-21 14:37:14 - [MESSAGE][INFO] - Checking timeout

2021-10-21 14:37:14 - [MESSAGE][INFO] - Finding web element with id: 'Object Repository/Butonlar/Butonlar' located by 'By.cssSelector: .panel.panel-default.text-center.footerPanel .btn,.btn.btn-primary.btnControls' in '10' second(s)

2021-10-21 14:37:14 - [MESSAGE][INFO] - Smart Wait Function is triggered

2021-10-21 14:37:15 - [MESSAGE][INFO] - Found 10 web elements with id: 'Object Repository/Butonlar/Butonlar' located by 'By.cssSelector: .panel.panel-default.text-center.footerPanel .btn,.btn.btn-primary.btnControls' in '10' second(s)

2021-10-21 14:37:15 - [MESSAGE][PASSED] - Method.TextDegerineEsitElementeTiklaEquals is PASSED

2021-10-21 14:37:15 - [TEST_STEP][PASSED] - Method.TextDegerineEsitElementeTikla(findTestObject("Popup/Popup_Butons"), "Evet"): Method.TextDegerineEsitElementeTikla is PASSED

2021-10-21 14:37:15 - [MESSAGE][INFO] - Finding Test Object 'Object Repository/Popup/Popup_Butons'

2021-10-21 14:37:15 - [MESSAGE][INFO] - Checking timeout

2021-10-21 14:37:15 - [MESSAGE][INFO] - Finding web element with id: 'Object Repository/Popup/Popup_Butons' located by 'By.cssSelector: .modal-footer>button' in '10' second(s)

2021-10-21 14:37:15 - [MESSAGE][INFO] - Smart Wait Function is triggered

2021-10-21 14:37:16 - [MESSAGE][INFO] - Found 2 web elements with id: 'Object Repository/Popup/Popup_Butons' located by 'By.cssSelector: .modal-footer>button' in '10' second(s)

2021-10-21 14:37:16 - [MESSAGE][PASSED] - Method.TextDegerineEsitElementeTikla is PASSED

2021-10-21 14:37:16 - [TEST_STEP][PASSED] - Method.TextDegerineEsitElementeTikla(findTestObject("Popup/Popup_Butons"), "Tamam"): Method.TextDegerineEsitElementeTikla is PASSED

2021-10-21 14:37:16 - [MESSAGE][INFO] - Finding Test Object 'Object Repository/Popup/Popup_Butons'

2021-10-21 14:37:17 - [MESSAGE][INFO] - Checking timeout

2021-10-21 14:37:17 - [MESSAGE][INFO] - Finding web element with id: 'Object Repository/Popup/Popup_Butons' located by 'By.cssSelector: .modal-footer>button' in '10' second(s)

2021-10-21 14:37:17 - [MESSAGE][INFO] - Smart Wait Function is triggered

2021-10-21 14:37:17 - [MESSAGE][INFO] - Found 1 web elements with id: 'Object Repository/Popup/Popup_Butons' located by 'By.cssSelector: .modal-footer>button' in '10' second(s)

2021-10-21 14:37:17 - [MESSAGE][PASSED] - Method.TextDegerineEsitElementeTikla is PASSED

2021-10-21 14:37:17 - [MESSAGE][PASSED] - Call Test Case 'Test Cases/Tablo/Olusturma Tarihi' successfully

2021-10-21 14:37:17 - [MESSAGE][INFO] - Checking called Test Case

2021-10-21 14:37:17 - [MESSAGE][INFO] - Starting to call Test Case 'Test Cases/Butonlar/ButonaTikla'

2021-10-21 14:37:17 - [TEST_CASE][PASSED] - Test Cases/Butonlar/ButonaTikla: Test Cases/Butonlar/ButonaTikla

2021-10-21 14:37:17 - [TEST_STEP][PASSED] - Method.TextDegerineEsitElementeTiklaEquals(findTestObject("Butonlar/Butonlar"), Buton_Adi): Method.TextDegerineEsitElementeTiklaEquals is PASSED

2021-10-21 14:37:17 - [MESSAGE][INFO] - Finding Test Object 'Object Repository/Butonlar/Butonlar'

2021-10-21 14:37:17 - [MESSAGE][INFO] - Checking timeout

2021-10-21 14:37:17 - [MESSAGE][INFO] - Finding web element with id: 'Object Repository/Butonlar/Butonlar' located by 'By.cssSelector: .panel.panel-default.text-center.footerPanel .btn,.btn.btn-primary.btnControls' in '10' second(s)

2021-10-21 14:37:17 - [MESSAGE][INFO] - Smart Wait Function is triggered

2021-10-21 14:37:18 - [MESSAGE][INFO] - Found 10 web elements with id: 'Object Repository/Butonlar/Butonlar' located by 'By.cssSelector: .panel.panel-default.text-center.footerPanel .btn,.btn.btn-primary.btnControls' in '10' second(s)

2021-10-21 14:37:18 - [MESSAGE][PASSED] - Method.TextDegerineEsitElementeTiklaEquals is PASSED

2021-10-21 14:37:18 - [MESSAGE][PASSED] - Call Test Case 'Test Cases/Butonlar/ButonaTikla' successfully

2021-10-21 14:37:18 - [MESSAGE][INFO] - Checking called Test Case

2021-10-21 14:37:18 - [MESSAGE][INFO] - Starting to call Test Case 'Test Cases/Olusturma/Genel/GorselTasarimSayfasıBasligiIceriyorMu'

2021-10-21 14:37:18 - [TEST_CASE][PASSED] - Test Cases/Olusturma/Genel/GorselTasarimSayfasıBasligiIceriyorMu: Test Cases/Olusturma/Genel/GorselTasarimSayfasıBasligiIceriyorMu

2021-10-21 14:37:18 - [TEST_STEP][PASSED] - verifyElementText(findTestObject("Object Repository/Olusturma/Genel/GorselTasarimBaslik"), Baslik): Actual text and expected text of test object 'Object Repository/Olusturma/Genel/GorselTasarimBaslik' are matched.

2021-10-21 14:37:18 - [MESSAGE][INFO] - Finding Test Object 'Object Repository/Olusturma/Genel/GorselTasarimBaslik'

2021-10-21 14:37:18 - [MESSAGE][INFO] - Checking object

2021-10-21 14:37:18 - [MESSAGE][INFO] - Finding web element from Test Object's properties

2021-10-21 14:37:18 - [MESSAGE][INFO] - Checking timeout

2021-10-21 14:37:18 - [MESSAGE][INFO] - Finding web element with id: 'Object Repository/Olusturma/Genel/GorselTasarimBaslik' located by 'By.cssSelector: #flAlici_0>div>span' in '30' second(s)

2021-10-21 14:37:18 - [MESSAGE][INFO] - Smart Wait Function is triggered

2021-10-21 14:37:26 - [MESSAGE][INFO] - Found 1 web elements with id: 'Object Repository/Olusturma/Genel/GorselTasarimBaslik' located by 'By.cssSelector: #flAlici_0>div>span' in '30' second(s)

2021-10-21 14:37:26 - [MESSAGE][PASSED] - Actual text and expected text of test object 'Object Repository/Olusturma/Genel/GorselTasarimBaslik' are matched.

2021-10-21 14:37:26 - [MESSAGE][PASSED] - Call Test Case 'Test Cases/Olusturma/Genel/GorselTasarimSayfasıBasligiIceriyorMu' successfully

2021-10-21 14:37:26 - [MESSAGE][INFO] - Checking called Test Case

2021-10-21 14:37:26 - [MESSAGE][INFO] - Starting to call Test Case 'Test Cases/Olusturma/Genel/AliciSecilir'

2021-10-21 14:37:26 - [TEST_CASE][PASSED] - Test Cases/Olusturma/Genel/AliciSecilir: Test Cases/Olusturma/Genel/AliciSecilir

2021-10-21 14:37:26 - [TEST_STEP][PASSED] - click(findTestObject("Olusturma/Genel/AliciBilgisi/Alici_Ara")): Object: 'Object Repository/Olusturma/Genel/AliciBilgisi/Alici_Ara' is clicked on

2021-10-21 14:37:26 - [MESSAGE][INFO] - Finding Test Object 'Object Repository/Olusturma/Genel/AliciBilgisi/Alici_Ara'

2021-10-21 14:37:26 - [MESSAGE][INFO] - Checking object

2021-10-21 14:37:26 - [MESSAGE][INFO] - Finding web element from Test Object's properties

2021-10-21 14:37:26 - [MESSAGE][INFO] - Checking timeout

2021-10-21 14:37:26 - [MESSAGE][INFO] - Finding web element with id: 'Object Repository/Olusturma/Genel/AliciBilgisi/Alici_Ara' located by 'By.xpath: //td[@id='txtCustomerText_B-1']' in '30' second(s)

2021-10-21 14:37:26 - [MESSAGE][INFO] - Smart Wait Function is triggered

2021-10-21 14:37:26 - [MESSAGE][INFO] - Found 1 web elements with id: 'Object Repository/Olusturma/Genel/AliciBilgisi/Alici_Ara' located by 'By.xpath: //td[@id='txtCustomerText_B-1']' in '30' second(s)

2021-10-21 14:37:26 - [MESSAGE][INFO] - Clicking on object: 'Object Repository/Olusturma/Genel/AliciBilgisi/Alici_Ara'

2021-10-21 14:37:26 - [MESSAGE][PASSED] - Object: 'Object Repository/Olusturma/Genel/AliciBilgisi/Alici_Ara' is clicked on

2021-10-21 14:37:26 - [TEST_STEP][PASSED] - click(findTestObject("Olusturma/Genel/AliciBilgisi/Alici_Bilgisi")): Object: 'Object Repository/Olusturma/Genel/AliciBilgisi/Alici_Bilgisi' is clicked on

2021-10-21 14:37:26 - [MESSAGE][INFO] - Finding Test Object 'Object Repository/Olusturma/Genel/AliciBilgisi/Alici_Bilgisi'

2021-10-21 14:37:26 - [MESSAGE][INFO] - Checking object

2021-10-21 14:37:26 - [MESSAGE][INFO] - Finding web element from Test Object's properties

2021-10-21 14:37:26 - [MESSAGE][INFO] - Checking timeout

2021-10-21 14:37:26 - [MESSAGE][INFO] - Finding web element with id: 'Object Repository/Olusturma/Genel/AliciBilgisi/Alici_Bilgisi' located by 'By.xpath: //iframe[@id='customerselectiframe']' in '30' second(s)

2021-10-21 14:37:26 - [MESSAGE][INFO] - Smart Wait Function is triggered

2021-10-21 14:37:27 - [MESSAGE][INFO] - Found 1 web elements with id: 'Object Repository/Olusturma/Genel/AliciBilgisi/Alici_Bilgisi' located by 'By.xpath: //iframe[@id='customerselectiframe']' in '30' second(s)

2021-10-21 14:37:27 - [MESSAGE][INFO] - Clicking on object: 'Object Repository/Olusturma/Genel/AliciBilgisi/Alici_Bilgisi'

2021-10-21 14:37:27 - [MESSAGE][PASSED] - Object: 'Object Repository/Olusturma/Genel/AliciBilgisi/Alici_Bilgisi' is clicked on

2021-10-21 14:37:27 - [TEST_STEP][PASSED] - setText(findTestObject("Olusturma/Genel/AliciBilgisi/Alici_Gir"), Alici_Adi): Switching to default content

2021-10-21 14:37:27 - [MESSAGE][INFO] - Finding Test Object 'Object Repository/Olusturma/Genel/AliciBilgisi/Alici_Gir'

2021-10-21 14:37:27 - [MESSAGE][INFO] - Finding Test Object 'Object Repository/Olusturma/Genel/AliciBilgisi/Alici_Bilgisi'

2021-10-21 14:37:27 - [MESSAGE][INFO] - Checking object

2021-10-21 14:37:27 - [MESSAGE][INFO] - Checking text

2021-10-21 14:37:27 - [MESSAGE][INFO] - Object: 'Object Repository/Olusturma/Genel/AliciBilgisi/Alici_Gir' has parent object(s)

2021-10-21 14:37:27 - [MESSAGE][INFO] - Switching to iframe: 'Object Repository/Olusturma/Genel/AliciBilgisi/Alici_Bilgisi'

2021-10-21 14:37:27 - [MESSAGE][INFO] - Finding web element from Test Object's properties

2021-10-21 14:37:27 - [MESSAGE][INFO] - Checking timeout

2021-10-21 14:37:27 - [MESSAGE][INFO] - Finding web element with id: 'Object Repository/Olusturma/Genel/AliciBilgisi/Alici_Bilgisi' located by 'By.xpath: //iframe[@id='customerselectiframe']' in '30' second(s)

2021-10-21 14:37:27 - [MESSAGE][INFO] - Smart Wait Function is triggered

2021-10-21 14:37:27 - [MESSAGE][INFO] - Found 1 web elements with id: 'Object Repository/Olusturma/Genel/AliciBilgisi/Alici_Bilgisi' located by 'By.xpath: //iframe[@id='customerselectiframe']' in '30' second(s)

2021-10-21 14:37:27 - [MESSAGE][INFO] - Switched to iframe: 'Object Repository/Olusturma/Genel/AliciBilgisi/Alici_Bilgisi'

2021-10-21 14:37:27 - [MESSAGE][INFO] - Finding web element from Test Object's properties

2021-10-21 14:37:27 - [MESSAGE][INFO] - Checking timeout

2021-10-21 14:37:27 - [MESSAGE][INFO] - Finding web element with id: 'Object Repository/Olusturma/Genel/AliciBilgisi/Alici_Gir' located by 'By.xpath: //input[@id='GridViewCustomer_DXFREditorcol1_I']' in '30' second(s)

2021-10-21 14:37:27 - [MESSAGE][INFO] - Smart Wait Function is triggered

2021-10-21 14:37:27 - [MESSAGE][INFO] - Found 1 web elements with id: 'Object Repository/Olusturma/Genel/AliciBilgisi/Alici_Gir' located by 'By.xpath: //input[@id='GridViewCustomer_DXFREditorcol1_I']' in '30' second(s)

2021-10-21 14:37:27 - [MESSAGE][INFO] - Clearing text of object 'Object Repository/Olusturma/Genel/AliciBilgisi/Alici_Gir'

2021-10-21 14:37:27 - [MESSAGE][INFO] - Finding web element from Test Object's properties

2021-10-21 14:37:27 - [MESSAGE][INFO] - Checking timeout

2021-10-21 14:37:27 - [MESSAGE][INFO] - Finding web element with id: 'Object Repository/Olusturma/Genel/AliciBilgisi/Alici_Gir' located by 'By.xpath: //input[@id='GridViewCustomer_DXFREditorcol1_I']' in '30' second(s)

2021-10-21 14:37:27 - [MESSAGE][INFO] - Smart Wait Function is triggered

2021-10-21 14:37:27 - [MESSAGE][INFO] - Found 1 web elements with id: 'Object Repository/Olusturma/Genel/AliciBilgisi/Alici_Gir' located by 'By.xpath: //input[@id='GridViewCustomer_DXFREditorcol1_I']' in '30' second(s)

2021-10-21 14:37:27 - [MESSAGE][INFO] - Setting text of object 'Object Repository/Olusturma/Genel/AliciBilgisi/Alici_Gir' to value 'UC0015'

2021-10-21 14:37:27 - [MESSAGE][PASSED] - Text 'UC0015' is set on object 'Object Repository/Olusturma/Genel/AliciBilgisi/Alici_Gir'

2021-10-21 14:37:27 - [MESSAGE][INFO] - Switching to default content

2021-10-21 14:37:27 - [TEST_STEP][PASSED] - waitForElementClickable(findTestObject("Olusturma/Genel/AliciBilgisi/Alici_Adi"), 10): Switching to default content

2021-10-21 14:37:27 - [MESSAGE][INFO] - Finding Test Object 'Object Repository/Olusturma/Genel/AliciBilgisi/Alici_Adi'

2021-10-21 14:37:28 - [MESSAGE][INFO] - Finding Test Object 'Object Repository/Olusturma/Genel/AliciBilgisi/iframe_Alc Bilgisi_customerselectiframe'

2021-10-21 14:37:28 - [MESSAGE][INFO] - Checking object

2021-10-21 14:37:28 - [MESSAGE][INFO] - Checking timeout

2021-10-21 14:37:28 - [MESSAGE][INFO] - Object: 'Object Repository/Olusturma/Genel/AliciBilgisi/Alici_Adi' has parent object(s)

2021-10-21 14:37:28 - [MESSAGE][INFO] - Switching to iframe: 'Object Repository/Olusturma/Genel/AliciBilgisi/iframe_Alc Bilgisi_customerselectiframe'

2021-10-21 14:37:28 - [MESSAGE][INFO] - Finding web element from Test Object's properties

2021-10-21 14:37:28 - [MESSAGE][INFO] - Checking timeout

2021-10-21 14:37:28 - [MESSAGE][INFO] - Finding web element with id: 'Object Repository/Olusturma/Genel/AliciBilgisi/iframe_Alc Bilgisi_customerselectiframe' located by 'By.xpath: //iframe[@id='customerselectiframe']' in '10' second(s)

2021-10-21 14:37:28 - [MESSAGE][INFO] - Smart Wait Function is triggered

2021-10-21 14:37:28 - [MESSAGE][INFO] - Found 1 web elements with id: 'Object Repository/Olusturma/Genel/AliciBilgisi/iframe_Alc Bilgisi_customerselectiframe' located by 'By.xpath: //iframe[@id='customerselectiframe']' in '10' second(s)

2021-10-21 14:37:28 - [MESSAGE][INFO] - Switched to iframe: 'Object Repository/Olusturma/Genel/AliciBilgisi/iframe_Alc Bilgisi_customerselectiframe'

2021-10-21 14:37:28 - [MESSAGE][INFO] - Finding web element from Test Object's properties

2021-10-21 14:37:28 - [MESSAGE][INFO] - Checking timeout

2021-10-21 14:37:28 - [MESSAGE][INFO] - Finding web element with id: 'Object Repository/Olusturma/Genel/AliciBilgisi/Alici_Adi' located by 'By.xpath: //tr[@id='GridViewCustomer_DXDataRow0']/td[2]' in '10' second(s)

2021-10-21 14:37:28 - [MESSAGE][INFO] - Smart Wait Function is triggered

2021-10-21 14:37:28 - [MESSAGE][INFO] - Found 1 web elements with id: 'Object Repository/Olusturma/Genel/AliciBilgisi/Alici_Adi' located by 'By.xpath: //tr[@id='GridViewCustomer_DXDataRow0']/td[2]' in '10' second(s)

2021-10-21 14:37:28 - [MESSAGE][PASSED] - Object 'Object Repository/Olusturma/Genel/AliciBilgisi/Alici_Adi' is clickable

2021-10-21 14:37:28 - [MESSAGE][INFO] - Switching to default content

2021-10-21 14:37:28 - [TEST_STEP][PASSED] - click(findTestObject("Olusturma/Genel/AliciBilgisi/frame")): Switching to default content

2021-10-21 14:37:28 - [MESSAGE][INFO] - Finding Test Object 'Object Repository/Olusturma/Genel/AliciBilgisi/frame'

2021-10-21 14:37:28 - [MESSAGE][INFO] - Finding Test Object 'Object Repository/Olusturma/Genel/AliciBilgisi/iframe_Alc Bilgisi_customerselectiframe'

2021-10-21 14:37:28 - [MESSAGE][INFO] - Checking object

2021-10-21 14:37:28 - [MESSAGE][INFO] - Object: 'Object Repository/Olusturma/Genel/AliciBilgisi/frame' has parent object(s)

2021-10-21 14:37:28 - [MESSAGE][INFO] - Switching to iframe: 'Object Repository/Olusturma/Genel/AliciBilgisi/iframe_Alc Bilgisi_customerselectiframe'

2021-10-21 14:37:28 - [MESSAGE][INFO] - Finding web element from Test Object's properties

2021-10-21 14:37:28 - [MESSAGE][INFO] - Checking timeout

2021-10-21 14:37:28 - [MESSAGE][INFO] - Finding web element with id: 'Object Repository/Olusturma/Genel/AliciBilgisi/iframe_Alc Bilgisi_customerselectiframe' located by 'By.xpath: //iframe[@id='customerselectiframe']' in '30' second(s)

2021-10-21 14:37:28 - [MESSAGE][INFO] - Smart Wait Function is triggered

2021-10-21 14:37:29 - [MESSAGE][INFO] - Found 1 web elements with id: 'Object Repository/Olusturma/Genel/AliciBilgisi/iframe_Alc Bilgisi_customerselectiframe' located by 'By.xpath: //iframe[@id='customerselectiframe']' in '30' second(s)

2021-10-21 14:37:29 - [MESSAGE][INFO] - Switched to iframe: 'Object Repository/Olusturma/Genel/AliciBilgisi/iframe_Alc Bilgisi_customerselectiframe'

2021-10-21 14:37:29 - [MESSAGE][INFO] - Finding web element from Test Object's properties

2021-10-21 14:37:29 - [MESSAGE][INFO] - Checking timeout

2021-10-21 14:37:29 - [MESSAGE][INFO] - Finding web element with id: 'Object Repository/Olusturma/Genel/AliciBilgisi/frame' located by 'By.xpath: //*/text()[normalize-space(.)='']/parent::*' in '30' second(s)

2021-10-21 14:37:29 - [MESSAGE][INFO] - Smart Wait Function is triggered

2021-10-21 14:37:29 - [MESSAGE][INFO] - Found 66 web elements with id: 'Object Repository/Olusturma/Genel/AliciBilgisi/frame' located by 'By.xpath: //*/text()[normalize-space(.)='']/parent::*' in '30' second(s)

2021-10-21 14:37:29 - [MESSAGE][INFO] - Clicking on object: 'Object Repository/Olusturma/Genel/AliciBilgisi/frame'

2021-10-21 14:37:29 - [MESSAGE][PASSED] - Object: 'Object Repository/Olusturma/Genel/AliciBilgisi/frame' is clicked on

2021-10-21 14:37:29 - [MESSAGE][INFO] - Switching to default content

2021-10-21 14:37:29 - [TEST_STEP][PASSED] - click(findTestObject("Olusturma/Genel/AliciBilgisi/Alici_Adi")): Switching to default content

2021-10-21 14:37:29 - [MESSAGE][INFO] - Finding Test Object 'Object Repository/Olusturma/Genel/AliciBilgisi/Alici_Adi'

2021-10-21 14:37:29 - [MESSAGE][INFO] - Finding Test Object 'Object Repository/Olusturma/Genel/AliciBilgisi/iframe_Alc Bilgisi_customerselectiframe'

2021-10-21 14:37:29 - [MESSAGE][INFO] - Checking object

2021-10-21 14:37:29 - [MESSAGE][INFO] - Object: 'Object Repository/Olusturma/Genel/AliciBilgisi/Alici_Adi' has parent object(s)

2021-10-21 14:37:29 - [MESSAGE][INFO] - Switching to iframe: 'Object Repository/Olusturma/Genel/AliciBilgisi/iframe_Alc Bilgisi_customerselectiframe'

2021-10-21 14:37:29 - [MESSAGE][INFO] - Finding web element from Test Object's properties

2021-10-21 14:37:29 - [MESSAGE][INFO] - Checking timeout

2021-10-21 14:37:29 - [MESSAGE][INFO] - Finding web element with id: 'Object Repository/Olusturma/Genel/AliciBilgisi/iframe_Alc Bilgisi_customerselectiframe' located by 'By.xpath: //iframe[@id='customerselectiframe']' in '30' second(s)

2021-10-21 14:37:29 - [MESSAGE][INFO] - Smart Wait Function is triggered

2021-10-21 14:37:29 - [MESSAGE][INFO] - Found 1 web elements with id: 'Object Repository/Olusturma/Genel/AliciBilgisi/iframe_Alc Bilgisi_customerselectiframe' located by 'By.xpath: //iframe[@id='customerselectiframe']' in '30' second(s)

2021-10-21 14:37:29 - [MESSAGE][INFO] - Switched to iframe: 'Object Repository/Olusturma/Genel/AliciBilgisi/iframe_Alc Bilgisi_customerselectiframe'

2021-10-21 14:37:29 - [MESSAGE][INFO] - Finding web element from Test Object's properties

2021-10-21 14:37:29 - [MESSAGE][INFO] - Checking timeout

2021-10-21 14:37:29 - [MESSAGE][INFO] - Finding web element with id: 'Object Repository/Olusturma/Genel/AliciBilgisi/Alici_Adi' located by 'By.xpath: //tr[@id='GridViewCustomer_DXDataRow0']/td[2]' in '30' second(s)

2021-10-21 14:37:29 - [MESSAGE][INFO] - Smart Wait Function is triggered

2021-10-21 14:37:29 - [MESSAGE][INFO] - Found 1 web elements with id: 'Object Repository/Olusturma/Genel/AliciBilgisi/Alici_Adi' located by 'By.xpath: //tr[@id='GridViewCustomer_DXDataRow0']/td[2]' in '30' second(s)

2021-10-21 14:37:29 - [MESSAGE][INFO] - Clicking on object: 'Object Repository/Olusturma/Genel/AliciBilgisi/Alici_Adi'

2021-10-21 14:37:30 - [MESSAGE][PASSED] - Object: 'Object Repository/Olusturma/Genel/AliciBilgisi/Alici_Adi' is clicked on

2021-10-21 14:37:30 - [MESSAGE][INFO] - Switching to default content

2021-10-21 14:37:30 - [TEST_STEP][PASSED] - click(findTestObject("Olusturma/Genel/AliciBilgisi/Tamam_Bosluk")): Switching to default content

2021-10-21 14:37:30 - [MESSAGE][INFO] - Finding Test Object 'Object Repository/Olusturma/Genel/AliciBilgisi/Tamam_Bosluk'

2021-10-21 14:37:30 - [MESSAGE][INFO] - Finding Test Object 'Object Repository/Olusturma/Genel/AliciBilgisi/Alici_Bilgisi'

2021-10-21 14:37:30 - [MESSAGE][INFO] - Checking object

2021-10-21 14:37:30 - [MESSAGE][INFO] - Object: 'Object Repository/Olusturma/Genel/AliciBilgisi/Tamam_Bosluk' has parent object(s)

2021-10-21 14:37:30 - [MESSAGE][INFO] - Switching to iframe: 'Object Repository/Olusturma/Genel/AliciBilgisi/Alici_Bilgisi'

2021-10-21 14:37:30 - [MESSAGE][INFO] - Finding web element from Test Object's properties

2021-10-21 14:37:30 - [MESSAGE][INFO] - Checking timeout

2021-10-21 14:37:30 - [MESSAGE][INFO] - Finding web element with id: 'Object Repository/Olusturma/Genel/AliciBilgisi/Alici_Bilgisi' located by 'By.xpath: //iframe[@id='customerselectiframe']' in '30' second(s)

2021-10-21 14:37:30 - [MESSAGE][INFO] - Smart Wait Function is triggered

2021-10-21 14:37:30 - [MESSAGE][INFO] - Found 1 web elements with id: 'Object Repository/Olusturma/Genel/AliciBilgisi/Alici_Bilgisi' located by 'By.xpath: //iframe[@id='customerselectiframe']' in '30' second(s)

2021-10-21 14:37:30 - [MESSAGE][INFO] - Switched to iframe: 'Object Repository/Olusturma/Genel/AliciBilgisi/Alici_Bilgisi'

2021-10-21 14:37:30 - [MESSAGE][INFO] - Finding web element from Test Object's properties

2021-10-21 14:37:30 - [MESSAGE][INFO] - Checking timeout

2021-10-21 14:37:30 - [MESSAGE][INFO] - Finding web element with id: 'Object Repository/Olusturma/Genel/AliciBilgisi/Tamam_Bosluk' located by 'By.xpath: (.//*[normalize-space(text()) and normalize-space(.)='Sayfa Boyutu:'])[1]/following::div[7]' in '30' second(s)

2021-10-21 14:37:30 - [MESSAGE][INFO] - Smart Wait Function is triggered

2021-10-21 14:37:30 - [MESSAGE][INFO] - Found 1 web elements with id: 'Object Repository/Olusturma/Genel/AliciBilgisi/Tamam_Bosluk' located by 'By.xpath: (.//*[normalize-space(text()) and normalize-space(.)='Sayfa Boyutu:'])[1]/following::div[7]' in '30' second(s)

2021-10-21 14:37:30 - [MESSAGE][INFO] - Clicking on object: 'Object Repository/Olusturma/Genel/AliciBilgisi/Tamam_Bosluk'

2021-10-21 14:37:30 - [MESSAGE][PASSED] - Object: 'Object Repository/Olusturma/Genel/AliciBilgisi/Tamam_Bosluk' is clicked on

2021-10-21 14:37:30 - [MESSAGE][INFO] - Switching to default content

2021-10-21 14:37:30 - [TEST_STEP][PASSED] - waitForElementClickable(findTestObject("Olusturma/Genel/AliciBilgisi/Tamam_Butonu"), 10): Switching to default content

2021-10-21 14:37:30 - [MESSAGE][INFO] - Finding Test Object 'Object Repository/Olusturma/Genel/AliciBilgisi/Tamam_Butonu'

2021-10-21 14:37:30 - [MESSAGE][INFO] - Finding Test Object 'Object Repository/Olusturma/Genel/AliciBilgisi/Alici_Bilgisi'

2021-10-21 14:37:31 - [MESSAGE][INFO] - Checking object

2021-10-21 14:37:31 - [MESSAGE][INFO] - Checking timeout

2021-10-21 14:37:31 - [MESSAGE][INFO] - Object: 'Object Repository/Olusturma/Genel/AliciBilgisi/Tamam_Butonu' has parent object(s)

2021-10-21 14:37:31 - [MESSAGE][INFO] - Switching to iframe: 'Object Repository/Olusturma/Genel/AliciBilgisi/Alici_Bilgisi'

2021-10-21 14:37:31 - [MESSAGE][INFO] - Finding web element from Test Object's properties

2021-10-21 14:37:31 - [MESSAGE][INFO] - Checking timeout

2021-10-21 14:37:31 - [MESSAGE][INFO] - Finding web element with id: 'Object Repository/Olusturma/Genel/AliciBilgisi/Alici_Bilgisi' located by 'By.xpath: //iframe[@id='customerselectiframe']' in '10' second(s)

2021-10-21 14:37:31 - [MESSAGE][INFO] - Smart Wait Function is triggered

2021-10-21 14:37:31 - [MESSAGE][INFO] - Found 1 web elements with id: 'Object Repository/Olusturma/Genel/AliciBilgisi/Alici_Bilgisi' located by 'By.xpath: //iframe[@id='customerselectiframe']' in '10' second(s)

2021-10-21 14:37:31 - [MESSAGE][INFO] - Switched to iframe: 'Object Repository/Olusturma/Genel/AliciBilgisi/Alici_Bilgisi'

2021-10-21 14:37:31 - [MESSAGE][INFO] - Finding web element from Test Object's properties

2021-10-21 14:37:31 - [MESSAGE][INFO] - Checking timeout

2021-10-21 14:37:31 - [MESSAGE][INFO] - Finding web element with id: 'Object Repository/Olusturma/Genel/AliciBilgisi/Tamam_Butonu' located by 'By.xpath: //div[@id='btnSelectCustomer_CD']/span' in '10' second(s)

2021-10-21 14:37:31 - [MESSAGE][INFO] - Smart Wait Function is triggered

2021-10-21 14:37:31 - [MESSAGE][INFO] - Found 1 web elements with id: 'Object Repository/Olusturma/Genel/AliciBilgisi/Tamam_Butonu' located by 'By.xpath: //div[@id='btnSelectCustomer_CD']/span' in '10' second(s)

2021-10-21 14:37:31 - [MESSAGE][PASSED] - Object 'Object Repository/Olusturma/Genel/AliciBilgisi/Tamam_Butonu' is clickable

2021-10-21 14:37:31 - [MESSAGE][INFO] - Switching to default content

2021-10-21 14:37:31 - [TEST_STEP][PASSED] - click(findTestObject("Olusturma/Genel/AliciBilgisi/Tamam_Butonu")): Switching to default content

2021-10-21 14:37:31 - [MESSAGE][INFO] - Finding Test Object 'Object Repository/Olusturma/Genel/AliciBilgisi/Tamam_Butonu'

2021-10-21 14:37:31 - [MESSAGE][INFO] - Finding Test Object 'Object Repository/Olusturma/Genel/AliciBilgisi/Alici_Bilgisi'

2021-10-21 14:37:31 - [MESSAGE][INFO] - Checking object

2021-10-21 14:37:31 - [MESSAGE][INFO] - Object: 'Object Repository/Olusturma/Genel/AliciBilgisi/Tamam_Butonu' has parent object(s)

2021-10-21 14:37:31 - [MESSAGE][INFO] - Switching to iframe: 'Object Repository/Olusturma/Genel/AliciBilgisi/Alici_Bilgisi'

2021-10-21 14:37:31 - [MESSAGE][INFO] - Finding web element from Test Object's properties

2021-10-21 14:37:31 - [MESSAGE][INFO] - Checking timeout

2021-10-21 14:37:31 - [MESSAGE][INFO] - Finding web element with id: 'Object Repository/Olusturma/Genel/AliciBilgisi/Alici_Bilgisi' located by 'By.xpath: //iframe[@id='customerselectiframe']' in '30' second(s)

2021-10-21 14:37:31 - [MESSAGE][INFO] - Smart Wait Function is triggered

2021-10-21 14:37:31 - [MESSAGE][INFO] - Found 1 web elements with id: 'Object Repository/Olusturma/Genel/AliciBilgisi/Alici_Bilgisi' located by 'By.xpath: //iframe[@id='customerselectiframe']' in '30' second(s)

2021-10-21 14:37:31 - [MESSAGE][INFO] - Switched to iframe: 'Object Repository/Olusturma/Genel/AliciBilgisi/Alici_Bilgisi'

2021-10-21 14:37:31 - [MESSAGE][INFO] - Finding web element from Test Object's properties

2021-10-21 14:37:31 - [MESSAGE][INFO] - Checking timeout

2021-10-21 14:37:31 - [MESSAGE][INFO] - Finding web element with id: 'Object Repository/Olusturma/Genel/AliciBilgisi/Tamam_Butonu' located by 'By.xpath: //div[@id='btnSelectCustomer_CD']/span' in '30' second(s)

2021-10-21 14:37:31 - [MESSAGE][INFO] - Smart Wait Function is triggered

2021-10-21 14:37:31 - [MESSAGE][INFO] - Found 1 web elements with id: 'Object Repository/Olusturma/Genel/AliciBilgisi/Tamam_Butonu' located by 'By.xpath: //div[@id='btnSelectCustomer_CD']/span' in '30' second(s)

2021-10-21 14:37:31 - [MESSAGE][INFO] - Clicking on object: 'Object Repository/Olusturma/Genel/AliciBilgisi/Tamam_Butonu'

2021-10-21 14:37:32 - [MESSAGE][PASSED] - Object: 'Object Repository/Olusturma/Genel/AliciBilgisi/Tamam_Butonu' is clicked on

2021-10-21 14:37:32 - [MESSAGE][INFO] - Switching to default content

2021-10-21 14:37:32 - [TEST_STEP][PASSED] - waitForElementPresent(findTestObject("Olusturma/Genel/AliciBilgisi/VKN-TCKN"), 10): Object 'Object Repository/Olusturma/Genel/AliciBilgisi/VKN-TCKN' is present

2021-10-21 14:37:32 - [MESSAGE][INFO] - Finding Test Object 'Object Repository/Olusturma/Genel/AliciBilgisi/VKN-TCKN'

2021-10-21 14:37:32 - [MESSAGE][INFO] - Checking object

2021-10-21 14:37:32 - [MESSAGE][INFO] - Finding web element from Test Object's properties

2021-10-21 14:37:32 - [MESSAGE][INFO] - Checking timeout

2021-10-21 14:37:32 - [MESSAGE][INFO] - Finding web element with id: 'Object Repository/Olusturma/Genel/AliciBilgisi/VKN-TCKN' located by 'By.xpath: //*[@id = 'txtVknTckn_I']' in '10' second(s)

2021-10-21 14:37:32 - [MESSAGE][INFO] - Smart Wait Function is triggered

2021-10-21 14:37:32 - [MESSAGE][INFO] - Found 1 web elements with id: 'Object Repository/Olusturma/Genel/AliciBilgisi/VKN-TCKN' located by 'By.xpath: //*[@id = 'txtVknTckn_I']' in '10' second(s)

2021-10-21 14:37:32 - [MESSAGE][PASSED] - Object 'Object Repository/Olusturma/Genel/AliciBilgisi/VKN-TCKN' is present

2021-10-21 14:37:32 - [TEST_STEP][PASSED] - text = getAttribute(findTestObject("Olusturma/Genel/AliciBilgisi/VKN-TCKN"), "value"): Attribute 'value' of object 'Object Repository/Olusturma/Genel/AliciBilgisi/VKN-TCKN' is: '5329805376'

2021-10-21 14:37:32 - [MESSAGE][INFO] - Finding Test Object 'Object Repository/Olusturma/Genel/AliciBilgisi/VKN-TCKN'

2021-10-21 14:37:32 - [MESSAGE][INFO] - Checking object

2021-10-21 14:37:32 - [MESSAGE][INFO] - Checking attribute

2021-10-21 14:37:32 - [MESSAGE][INFO] - Finding web element from Test Object's properties

2021-10-21 14:37:32 - [MESSAGE][INFO] - Checking timeout

2021-10-21 14:37:32 - [MESSAGE][INFO] - Finding web element with id: 'Object Repository/Olusturma/Genel/AliciBilgisi/VKN-TCKN' located by 'By.xpath: //*[@id = 'txtVknTckn_I']' in '30' second(s)

2021-10-21 14:37:32 - [MESSAGE][INFO] - Smart Wait Function is triggered

2021-10-21 14:37:33 - [MESSAGE][INFO] - Found 1 web elements with id: 'Object Repository/Olusturma/Genel/AliciBilgisi/VKN-TCKN' located by 'By.xpath: //*[@id = 'txtVknTckn_I']' in '30' second(s)

2021-10-21 14:37:33 - [MESSAGE][INFO] - Getting attribute 'value' of object 'Object Repository/Olusturma/Genel/AliciBilgisi/VKN-TCKN'

2021-10-21 14:37:33 - [MESSAGE][PASSED] - Attribute 'value' of object 'Object Repository/Olusturma/Genel/AliciBilgisi/VKN-TCKN' is: '5329805376'

2021-10-21 14:37:33 - [TEST_STEP][PASSED] - if (text.equals("")): null

2021-10-21 14:37:33 - [MESSAGE][PASSED] - Call Test Case 'Test Cases/Olusturma/Genel/AliciSecilir' successfully

2021-10-21 14:37:33 - [MESSAGE][INFO] - Checking called Test Case

2021-10-21 14:37:33 - [MESSAGE][INFO] - Starting to call Test Case 'Test Cases/Olusturma/Genel/GonderimSekliSecilir'

2021-10-21 14:37:33 - [TEST_CASE][PASSED] - Test Cases/Olusturma/Genel/GonderimSekliSecilir: Test Cases/Olusturma/Genel/GonderimSekliSecilir

2021-10-21 14:37:33 - [TEST_STEP][PASSED] - waitForElementClickable(findTestObject("Object Repository/Olusturma/Genel/GonderimSekli/GonderimSekli"), 10): Object 'Object Repository/Olusturma/Genel/GonderimSekli/GonderimSekli' is clickable

2021-10-21 14:37:33 - [MESSAGE][INFO] - Finding Test Object 'Object Repository/Olusturma/Genel/GonderimSekli/GonderimSekli'

2021-10-21 14:37:33 - [MESSAGE][INFO] - Checking object

2021-10-21 14:37:33 - [MESSAGE][INFO] - Checking timeout

2021-10-21 14:37:33 - [MESSAGE][INFO] - Finding web element from Test Object's properties

2021-10-21 14:37:33 - [MESSAGE][INFO] - Checking timeout

2021-10-21 14:37:33 - [MESSAGE][INFO] - Finding web element with id: 'Object Repository/Olusturma/Genel/GonderimSekli/GonderimSekli' located by 'By.xpath: //*[@id = 'txtGonderimSekil_I']' in '10' second(s)

2021-10-21 14:37:33 - [MESSAGE][INFO] - Smart Wait Function is triggered

2021-10-21 14:37:33 - [MESSAGE][INFO] - Found 1 web elements with id: 'Object Repository/Olusturma/Genel/GonderimSekli/GonderimSekli' located by 'By.xpath: //*[@id = 'txtGonderimSekil_I']' in '10' second(s)

2021-10-21 14:37:33 - [MESSAGE][PASSED] - Object 'Object Repository/Olusturma/Genel/GonderimSekli/GonderimSekli' is clickable

2021-10-21 14:37:33 - [TEST_STEP][PASSED] - click(findTestObject("Object Repository/Olusturma/Genel/GonderimSekli/GonderimSekli")): Object: 'Object Repository/Olusturma/Genel/GonderimSekli/GonderimSekli' is clicked on

2021-10-21 14:37:33 - [MESSAGE][INFO] - Finding Test Object 'Object Repository/Olusturma/Genel/GonderimSekli/GonderimSekli'

2021-10-21 14:37:33 - [MESSAGE][INFO] - Checking object

2021-10-21 14:37:33 - [MESSAGE][INFO] - Finding web element from Test Object's properties

2021-10-21 14:37:33 - [MESSAGE][INFO] - Checking timeout

2021-10-21 14:37:33 - [MESSAGE][INFO] - Finding web element with id: 'Object Repository/Olusturma/Genel/GonderimSekli/GonderimSekli' located by 'By.xpath: //*[@id = 'txtGonderimSekil_I']' in '30' second(s)

2021-10-21 14:37:33 - [MESSAGE][INFO] - Smart Wait Function is triggered

2021-10-21 14:37:34 - [MESSAGE][INFO] - Found 1 web elements with id: 'Object Repository/Olusturma/Genel/GonderimSekli/GonderimSekli' located by 'By.xpath: //*[@id = 'txtGonderimSekil_I']' in '30' second(s)

2021-10-21 14:37:34 - [MESSAGE][INFO] - Clicking on object: 'Object Repository/Olusturma/Genel/GonderimSekli/GonderimSekli'

2021-10-21 14:37:34 - [MESSAGE][PASSED] - Object: 'Object Repository/Olusturma/Genel/GonderimSekli/GonderimSekli' is clicked on

2021-10-21 14:37:34 - [TEST_STEP][PASSED] - Method.TextDegerineEsitElementeTikla(findTestObject("Object Repository/Olusturma/Genel/GonderimSekli/GonderimSekliAdi"), GonderimSekli): Method.TextDegerineEsitElementeTikla is PASSED

2021-10-21 14:37:34 - [MESSAGE][INFO] - Finding Test Object 'Object Repository/Olusturma/Genel/GonderimSekli/GonderimSekliAdi'

2021-10-21 14:37:34 - [MESSAGE][INFO] - Checking timeout

2021-10-21 14:37:34 - [MESSAGE][INFO] - Finding web element with id: 'Object Repository/Olusturma/Genel/GonderimSekli/GonderimSekliAdi' located by 'By.cssSelector: #txtGonderimSekil_DDD_L_LBT td' in '10' second(s)

2021-10-21 14:37:34 - [MESSAGE][INFO] - Smart Wait Function is triggered

2021-10-21 14:37:34 - [MESSAGE][INFO] - Found 2 web elements with id: 'Object Repository/Olusturma/Genel/GonderimSekli/GonderimSekliAdi' located by 'By.cssSelector: #txtGonderimSekil_DDD_L_LBT td' in '10' second(s)

2021-10-21 14:37:34 - [MESSAGE][PASSED] - Method.TextDegerineEsitElementeTikla is PASSED

2021-10-21 14:37:34 - [MESSAGE][PASSED] - Call Test Case 'Test Cases/Olusturma/Genel/GonderimSekliSecilir' successfully

2021-10-21 14:37:34 - [MESSAGE][INFO] - Checking called Test Case

2021-10-21 14:37:34 - [MESSAGE][INFO] - Starting to call Test Case 'Test Cases/Olusturma/Genel/TipSecilir'

2021-10-21 14:37:34 - [TEST_CASE][PASSED] - Test Cases/Olusturma/Genel/TipSecilir: Test Cases/Olusturma/Genel/TipSecilir

2021-10-21 14:37:34 - [TEST_STEP][PASSED] - waitForElementClickable(findTestObject("Olusturma/Genel/TipSecilir/Tip"), 10): Object 'Object Repository/Olusturma/Genel/TipSecilir/Tip' is clickable

2021-10-21 14:37:34 - [MESSAGE][INFO] - Finding Test Object 'Object Repository/Olusturma/Genel/TipSecilir/Tip'

2021-10-21 14:37:35 - [MESSAGE][INFO] - Checking object

2021-10-21 14:37:35 - [MESSAGE][INFO] - Checking timeout

2021-10-21 14:37:35 - [MESSAGE][INFO] - Finding web element from Test Object's properties

2021-10-21 14:37:35 - [MESSAGE][INFO] - Checking timeout

2021-10-21 14:37:35 - [MESSAGE][INFO] - Finding web element with id: 'Object Repository/Olusturma/Genel/TipSecilir/Tip' located by 'By.xpath: //*[@id = 'DocumentTypeCode_I']' in '10' second(s)

2021-10-21 14:37:35 - [MESSAGE][INFO] - Smart Wait Function is triggered

2021-10-21 14:37:35 - [MESSAGE][INFO] - Found 1 web elements with id: 'Object Repository/Olusturma/Genel/TipSecilir/Tip' located by 'By.xpath: //*[@id = 'DocumentTypeCode_I']' in '10' second(s)

2021-10-21 14:37:35 - [MESSAGE][PASSED] - Object 'Object Repository/Olusturma/Genel/TipSecilir/Tip' is clickable

2021-10-21 14:37:35 - [TEST_STEP][PASSED] - click(findTestObject("Olusturma/Genel/TipSecilir/Tip")): Object: 'Object Repository/Olusturma/Genel/TipSecilir/Tip' is clicked on

2021-10-21 14:37:35 - [MESSAGE][INFO] - Finding Test Object 'Object Repository/Olusturma/Genel/TipSecilir/Tip'

2021-10-21 14:37:35 - [MESSAGE][INFO] - Checking object

2021-10-21 14:37:35 - [MESSAGE][INFO] - Finding web element from Test Object's properties

2021-10-21 14:37:35 - [MESSAGE][INFO] - Checking timeout

2021-10-21 14:37:35 - [MESSAGE][INFO] - Finding web element with id: 'Object Repository/Olusturma/Genel/TipSecilir/Tip' located by 'By.xpath: //*[@id = 'DocumentTypeCode_I']' in '30' second(s)

2021-10-21 14:37:35 - [MESSAGE][INFO] - Smart Wait Function is triggered

2021-10-21 14:37:35 - [MESSAGE][INFO] - Found 1 web elements with id: 'Object Repository/Olusturma/Genel/TipSecilir/Tip' located by 'By.xpath: //*[@id = 'DocumentTypeCode_I']' in '30' second(s)

2021-10-21 14:37:35 - [MESSAGE][INFO] - Clicking on object: 'Object Repository/Olusturma/Genel/TipSecilir/Tip'

2021-10-21 14:37:35 - [MESSAGE][PASSED] - Object: 'Object Repository/Olusturma/Genel/TipSecilir/Tip' is clicked on

2021-10-21 14:37:35 - [TEST_STEP][PASSED] - Method.TextDegerineEsitElementeTikla(findTestObject("Object Repository/Olusturma/Genel/TipSecilir/Tip_Adi"), Tip): Method.TextDegerineEsitElementeTikla is PASSED

2021-10-21 14:37:35 - [MESSAGE][INFO] - Finding Test Object 'Object Repository/Olusturma/Genel/TipSecilir/Tip_Adi'

2021-10-21 14:37:36 - [MESSAGE][INFO] - Checking timeout

2021-10-21 14:37:36 - [MESSAGE][INFO] - Finding web element with id: 'Object Repository/Olusturma/Genel/TipSecilir/Tip_Adi' located by 'By.cssSelector: #DocumentTypeCode_DDD_L_LBT td' in '10' second(s)

2021-10-21 14:37:36 - [MESSAGE][INFO] - Smart Wait Function is triggered

2021-10-21 14:37:36 - [MESSAGE][INFO] - Found 9 web elements with id: 'Object Repository/Olusturma/Genel/TipSecilir/Tip_Adi' located by 'By.cssSelector: #DocumentTypeCode_DDD_L_LBT td' in '10' second(s)

2021-10-21 14:37:36 - [MESSAGE][PASSED] - Method.TextDegerineEsitElementeTikla is PASSED

2021-10-21 14:37:36 - [MESSAGE][PASSED] - Call Test Case 'Test Cases/Olusturma/Genel/TipSecilir' successfully

2021-10-21 14:37:36 - [MESSAGE][INFO] - Checking called Test Case

2021-10-21 14:37:36 - [MESSAGE][INFO] - Starting to call Test Case 'Test Cases/Olusturma/Genel/DokumanParaBirimiSecilir'

2021-10-21 14:37:36 - [TEST_CASE][PASSED] - Test Cases/Olusturma/Genel/DokumanParaBirimiSecilir: Test Cases/Olusturma/Genel/DokumanParaBirimiSecilir

2021-10-21 14:37:36 - [TEST_STEP][PASSED] - waitForElementClickable(findTestObject("Object Repository/Olusturma/Genel/DokumanParaBirimiSecilir/Para"), 10): Object 'Object Repository/Olusturma/Genel/DokumanParaBirimiSecilir/Para' is clickable

2021-10-21 14:37:36 - [MESSAGE][INFO] - Finding Test Object 'Object Repository/Olusturma/Genel/DokumanParaBirimiSecilir/Para'

2021-10-21 14:37:36 - [MESSAGE][INFO] - Checking object

2021-10-21 14:37:36 - [MESSAGE][INFO] - Checking timeout

2021-10-21 14:37:36 - [MESSAGE][INFO] - Finding web element from Test Object's properties

2021-10-21 14:37:36 - [MESSAGE][INFO] - Checking timeout

2021-10-21 14:37:36 - [MESSAGE][INFO] - Finding web element with id: 'Object Repository/Olusturma/Genel/DokumanParaBirimiSecilir/Para' located by 'By.xpath: //*[@id = 'CurrencyUnit_I']' in '10' second(s)

2021-10-21 14:37:36 - [MESSAGE][INFO] - Smart Wait Function is triggered

2021-10-21 14:37:37 - [MESSAGE][INFO] - Found 1 web elements with id: 'Object Repository/Olusturma/Genel/DokumanParaBirimiSecilir/Para' located by 'By.xpath: //*[@id = 'CurrencyUnit_I']' in '10' second(s)

2021-10-21 14:37:37 - [MESSAGE][PASSED] - Object 'Object Repository/Olusturma/Genel/DokumanParaBirimiSecilir/Para' is clickable

2021-10-21 14:37:37 - [TEST_STEP][PASSED] - click(findTestObject("Object Repository/Olusturma/Genel/DokumanParaBirimiSecilir/Para")): Object: 'Object Repository/Olusturma/Genel/DokumanParaBirimiSecilir/Para' is clicked on

2021-10-21 14:37:37 - [MESSAGE][INFO] - Finding Test Object 'Object Repository/Olusturma/Genel/DokumanParaBirimiSecilir/Para'

2021-10-21 14:37:37 - [MESSAGE][INFO] - Checking object

2021-10-21 14:37:37 - [MESSAGE][INFO] - Finding web element from Test Object's properties

2021-10-21 14:37:37 - [MESSAGE][INFO] - Checking timeout

2021-10-21 14:37:37 - [MESSAGE][INFO] - Finding web element with id: 'Object Repository/Olusturma/Genel/DokumanParaBirimiSecilir/Para' located by 'By.xpath: //*[@id = 'CurrencyUnit_I']' in '30' second(s)

2021-10-21 14:37:37 - [MESSAGE][INFO] - Smart Wait Function is triggered

2021-10-21 14:37:37 - [MESSAGE][INFO] - Found 1 web elements with id: 'Object Repository/Olusturma/Genel/DokumanParaBirimiSecilir/Para' located by 'By.xpath: //*[@id = 'CurrencyUnit_I']' in '30' second(s)

2021-10-21 14:37:37 - [MESSAGE][INFO] - Clicking on object: 'Object Repository/Olusturma/Genel/DokumanParaBirimiSecilir/Para'

2021-10-21 14:37:37 - [MESSAGE][PASSED] - Object: 'Object Repository/Olusturma/Genel/DokumanParaBirimiSecilir/Para' is clicked on

2021-10-21 14:37:37 - [TEST_STEP][PASSED] - Method.TextDegerineEsitElementeTikla(findTestObject("Object Repository/Olusturma/Genel/DokumanParaBirimiSecilir/Para_Adi"), Para): Method.TextDegerineEsitElementeTikla is PASSED

2021-10-21 14:37:37 - [MESSAGE][INFO] - Finding Test Object 'Object Repository/Olusturma/Genel/DokumanParaBirimiSecilir/Para_Adi'

2021-10-21 14:37:37 - [MESSAGE][INFO] - Checking timeout

2021-10-21 14:37:37 - [MESSAGE][INFO] - Finding web element with id: 'Object Repository/Olusturma/Genel/DokumanParaBirimiSecilir/Para_Adi' located by 'By.cssSelector: #CurrencyUnit_DDD_L_LBT td' in '10' second(s)

2021-10-21 14:37:37 - [MESSAGE][INFO] - Smart Wait Function is triggered

2021-10-21 14:37:38 - [MESSAGE][INFO] - Found 203 web elements with id: 'Object Repository/Olusturma/Genel/DokumanParaBirimiSecilir/Para_Adi' located by 'By.cssSelector: #CurrencyUnit_DDD_L_LBT td' in '10' second(s)

2021-10-21 14:37:42 - [MESSAGE][PASSED] - Method.TextDegerineEsitElementeTikla is PASSED

2021-10-21 14:37:42 - [MESSAGE][PASSED] - Call Test Case 'Test Cases/Olusturma/Genel/DokumanParaBirimiSecilir' successfully

2021-10-21 14:37:42 - [MESSAGE][INFO] - Checking called Test Case

2021-10-21 14:37:42 - [MESSAGE][INFO] - Starting to call Test Case 'Test Cases/Olusturma/Genel/OnEkSecilir'

2021-10-21 14:37:42 - [TEST_CASE][PASSED] - Test Cases/Olusturma/Genel/OnEkSecilir: Test Cases/Olusturma/Genel/OnEkSecilir

2021-10-21 14:37:42 - [TEST_STEP][PASSED] - waitForElementClickable(findTestObject("Object Repository/Olusturma/Genel/OnEkSecilir/OnEk"), 10): Object 'Object Repository/Olusturma/Genel/OnEkSecilir/OnEk' is clickable

2021-10-21 14:37:42 - [MESSAGE][INFO] - Finding Test Object 'Object Repository/Olusturma/Genel/OnEkSecilir/OnEk'

2021-10-21 14:37:42 - [MESSAGE][INFO] - Checking object

2021-10-21 14:37:42 - [MESSAGE][INFO] - Checking timeout

2021-10-21 14:37:42 - [MESSAGE][INFO] - Finding web element from Test Object's properties

2021-10-21 14:37:42 - [MESSAGE][INFO] - Checking timeout

2021-10-21 14:37:42 - [MESSAGE][INFO] - Finding web element with id: 'Object Repository/Olusturma/Genel/OnEkSecilir/OnEk' located by 'By.xpath: //*[@id = 'InvoicePrefix_I']' in '10' second(s)

2021-10-21 14:37:42 - [MESSAGE][INFO] - Smart Wait Function is triggered

2021-10-21 14:37:42 - [MESSAGE][INFO] - Found 1 web elements with id: 'Object Repository/Olusturma/Genel/OnEkSecilir/OnEk' located by 'By.xpath: //*[@id = 'InvoicePrefix_I']' in '10' second(s)

2021-10-21 14:37:42 - [MESSAGE][PASSED] - Object 'Object Repository/Olusturma/Genel/OnEkSecilir/OnEk' is clickable

2021-10-21 14:37:42 - [TEST_STEP][PASSED] - click(findTestObject("Object Repository/Olusturma/Genel/OnEkSecilir/OnEk")): Object: 'Object Repository/Olusturma/Genel/OnEkSecilir/OnEk' is clicked on

2021-10-21 14:37:42 - [MESSAGE][INFO] - Finding Test Object 'Object Repository/Olusturma/Genel/OnEkSecilir/OnEk'

2021-10-21 14:37:42 - [MESSAGE][INFO] - Checking object

2021-10-21 14:37:42 - [MESSAGE][INFO] - Finding web element from Test Object's properties

2021-10-21 14:37:42 - [MESSAGE][INFO] - Checking timeout

2021-10-21 14:37:42 - [MESSAGE][INFO] - Finding web element with id: 'Object Repository/Olusturma/Genel/OnEkSecilir/OnEk' located by 'By.xpath: //*[@id = 'InvoicePrefix_I']' in '30' second(s)

2021-10-21 14:37:42 - [MESSAGE][INFO] - Smart Wait Function is triggered

2021-10-21 14:37:43 - [MESSAGE][INFO] - Found 1 web elements with id: 'Object Repository/Olusturma/Genel/OnEkSecilir/OnEk' located by 'By.xpath: //*[@id = 'InvoicePrefix_I']' in '30' second(s)

2021-10-21 14:37:43 - [MESSAGE][INFO] - Clicking on object: 'Object Repository/Olusturma/Genel/OnEkSecilir/OnEk'

2021-10-21 14:37:43 - [MESSAGE][PASSED] - Object: 'Object Repository/Olusturma/Genel/OnEkSecilir/OnEk' is clicked on

2021-10-21 14:37:43 - [TEST_STEP][PASSED] - Method.TextDegerineEsitElementeTiklaEquals(findTestObject("Object Repository/Olusturma/Genel/OnEkSecilir/OnEkAdi"), Ek): Method.TextDegerineEsitElementeTiklaEquals is PASSED

2021-10-21 14:37:43 - [MESSAGE][INFO] - Finding Test Object 'Object Repository/Olusturma/Genel/OnEkSecilir/OnEkAdi'

2021-10-21 14:37:43 - [MESSAGE][INFO] - Checking timeout

2021-10-21 14:37:43 - [MESSAGE][INFO] - Finding web element with id: 'Object Repository/Olusturma/Genel/OnEkSecilir/OnEkAdi' located by 'By.cssSelector: #InvoicePrefix_DDD_L_LBT td' in '10' second(s)

2021-10-21 14:37:43 - [MESSAGE][INFO] - Smart Wait Function is triggered

2021-10-21 14:37:43 - [MESSAGE][INFO] - Found 1 web elements with id: 'Object Repository/Olusturma/Genel/OnEkSecilir/OnEkAdi' located by 'By.cssSelector: #InvoicePrefix_DDD_L_LBT td' in '10' second(s)

2021-10-21 14:37:43 - [MESSAGE][PASSED] - Method.TextDegerineEsitElementeTiklaEquals is PASSED

2021-10-21 14:37:43 - [MESSAGE][PASSED] - Call Test Case 'Test Cases/Olusturma/Genel/OnEkSecilir' successfully

2021-10-21 14:37:43 - [MESSAGE][INFO] - Checking called Test Case

2021-10-21 14:37:43 - [MESSAGE][INFO] - Starting to call Test Case 'Test Cases/Olusturma/Genel/TasarimSecilir'

2021-10-21 14:37:43 - [TEST_CASE][PASSED] - Test Cases/Olusturma/Genel/TasarimSecilir: Test Cases/Olusturma/Genel/TasarimSecilir

2021-10-21 14:37:43 - [TEST_STEP][PASSED] - waitForElementClickable(findTestObject("Object Repository/Olusturma/Genel/TasarimSecilir/Tasarim"), 10): Object 'Object Repository/Olusturma/Genel/TasarimSecilir/Tasarim' is clickable

2021-10-21 14:37:43 - [MESSAGE][INFO] - Finding Test Object 'Object Repository/Olusturma/Genel/TasarimSecilir/Tasarim'

2021-10-21 14:37:43 - [MESSAGE][INFO] - Checking object

2021-10-21 14:37:43 - [MESSAGE][INFO] - Checking timeout

2021-10-21 14:37:43 - [MESSAGE][INFO] - Finding web element from Test Object's properties

2021-10-21 14:37:43 - [MESSAGE][INFO] - Checking timeout

2021-10-21 14:37:43 - [MESSAGE][INFO] - Finding web element with id: 'Object Repository/Olusturma/Genel/TasarimSecilir/Tasarim' located by 'By.xpath: //*[@id = 'DesignId_I']' in '10' second(s)

2021-10-21 14:37:43 - [MESSAGE][INFO] - Smart Wait Function is triggered

2021-10-21 14:37:44 - [MESSAGE][INFO] - Found 1 web elements with id: 'Object Repository/Olusturma/Genel/TasarimSecilir/Tasarim' located by 'By.xpath: //*[@id = 'DesignId_I']' in '10' second(s)

2021-10-21 14:37:44 - [MESSAGE][PASSED] - Object 'Object Repository/Olusturma/Genel/TasarimSecilir/Tasarim' is clickable

2021-10-21 14:37:44 - [TEST_STEP][PASSED] - click(findTestObject("Object Repository/Olusturma/Genel/TasarimSecilir/Tasarim")): Object: 'Object Repository/Olusturma/Genel/TasarimSecilir/Tasarim' is clicked on

2021-10-21 14:37:44 - [MESSAGE][INFO] - Finding Test Object 'Object Repository/Olusturma/Genel/TasarimSecilir/Tasarim'

2021-10-21 14:37:44 - [MESSAGE][INFO] - Checking object

2021-10-21 14:37:44 - [MESSAGE][INFO] - Finding web element from Test Object's properties

2021-10-21 14:37:44 - [MESSAGE][INFO] - Checking timeout

2021-10-21 14:37:44 - [MESSAGE][INFO] - Finding web element with id: 'Object Repository/Olusturma/Genel/TasarimSecilir/Tasarim' located by 'By.xpath: //*[@id = 'DesignId_I']' in '30' second(s)

2021-10-21 14:37:44 - [MESSAGE][INFO] - Smart Wait Function is triggered

2021-10-21 14:37:44 - [MESSAGE][INFO] - Found 1 web elements with id: 'Object Repository/Olusturma/Genel/TasarimSecilir/Tasarim' located by 'By.xpath: //*[@id = 'DesignId_I']' in '30' second(s)

2021-10-21 14:37:44 - [MESSAGE][INFO] - Clicking on object: 'Object Repository/Olusturma/Genel/TasarimSecilir/Tasarim'

2021-10-21 14:37:44 - [MESSAGE][PASSED] - Object: 'Object Repository/Olusturma/Genel/TasarimSecilir/Tasarim' is clicked on

2021-10-21 14:37:44 - [TEST_STEP][PASSED] - Method.TextDegerineEsitElementeTikla(findTestObject("Object Repository/Olusturma/Genel/TasarimSecilir/Tasarim_Adi"), Tasarim): Method.TextDegerineEsitElementeTikla is PASSED

2021-10-21 14:37:44 - [MESSAGE][INFO] - Finding Test Object 'Object Repository/Olusturma/Genel/TasarimSecilir/Tasarim_Adi'

2021-10-21 14:37:44 - [MESSAGE][INFO] - Checking timeout

2021-10-21 14:37:44 - [MESSAGE][INFO] - Finding web element with id: 'Object Repository/Olusturma/Genel/TasarimSecilir/Tasarim_Adi' located by 'By.cssSelector: #DesignId_DDD_L_LBT td' in '10' second(s)

2021-10-21 14:37:44 - [MESSAGE][INFO] - Smart Wait Function is triggered

2021-10-21 14:37:45 - [MESSAGE][INFO] - Found 1 web elements with id: 'Object Repository/Olusturma/Genel/TasarimSecilir/Tasarim_Adi' located by 'By.cssSelector: #DesignId_DDD_L_LBT td' in '10' second(s)

2021-10-21 14:37:45 - [MESSAGE][PASSED] - Method.TextDegerineEsitElementeTikla is PASSED

2021-10-21 14:37:45 - [MESSAGE][PASSED] - Call Test Case 'Test Cases/Olusturma/Genel/TasarimSecilir' successfully

2021-10-21 14:37:45 - [MESSAGE][INFO] - Checking called Test Case

2021-10-21 14:37:45 - [MESSAGE][INFO] - Starting to call Test Case 'Test Cases/Olusturma/Genel/Kutular/SiparisBilgileriGirilir'

2021-10-21 14:37:45 - [TEST_CASE][PASSED] - Test Cases/Olusturma/Genel/Kutular/SiparisBilgileriGirilir: Test Cases/Olusturma/Genel/Kutular/SiparisBilgileriGirilir

2021-10-21 14:37:45 - [TEST_STEP][PASSED] - Method.TextDegerineEsitElementeTikla(findTestObject("Olusturma/Genel/Kutular/KapaliKutular"), "Sipariş Bilgileri"): Method.TextDegerineEsitElementeTikla is PASSED

2021-10-21 14:37:45 - [MESSAGE][INFO] - Finding Test Object 'Object Repository/Olusturma/Genel/Kutular/KapaliKutular'

2021-10-21 14:37:45 - [MESSAGE][INFO] - Checking timeout

2021-10-21 14:37:45 - [MESSAGE][INFO] - Finding web element with id: 'Object Repository/Olusturma/Genel/Kutular/KapaliKutular' located by 'By.cssSelector: .dxnb-headerCollapsed>span' in '10' second(s)

2021-10-21 14:37:45 - [MESSAGE][INFO] - Smart Wait Function is triggered

2021-10-21 14:37:45 - [MESSAGE][INFO] - Found 8 web elements with id: 'Object Repository/Olusturma/Genel/Kutular/KapaliKutular' located by 'By.cssSelector: .dxnb-headerCollapsed>span' in '10' second(s)

2021-10-21 14:37:45 - [MESSAGE][PASSED] - Method.TextDegerineEsitElementeTikla is PASSED

2021-10-21 14:37:45 - [TEST_STEP][PASSED] - waitForElementPresent(findTestObject("Object Repository/Olusturma/Genel/Kutular/SiparisBilgileri/SiparisNo"), 10): Object 'Object Repository/Olusturma/Genel/Kutular/SiparisBilgileri/SiparisNo' is present

2021-10-21 14:37:45 - [MESSAGE][INFO] - Finding Test Object 'Object Repository/Olusturma/Genel/Kutular/SiparisBilgileri/SiparisNo'

2021-10-21 14:37:45 - [MESSAGE][INFO] - Checking object

2021-10-21 14:37:45 - [MESSAGE][INFO] - Finding web element from Test Object's properties

2021-10-21 14:37:45 - [MESSAGE][INFO] - Checking timeout

2021-10-21 14:37:45 - [MESSAGE][INFO] - Finding web element with id: 'Object Repository/Olusturma/Genel/Kutular/SiparisBilgileri/SiparisNo' located by 'By.xpath: //*[@id = 'txtSiparisNo_I']' in '10' second(s)

2021-10-21 14:37:45 - [MESSAGE][INFO] - Smart Wait Function is triggered

2021-10-21 14:37:46 - [MESSAGE][INFO] - Found 1 web elements with id: 'Object Repository/Olusturma/Genel/Kutular/SiparisBilgileri/SiparisNo' located by 'By.xpath: //*[@id = 'txtSiparisNo_I']' in '10' second(s)

2021-10-21 14:37:46 - [MESSAGE][PASSED] - Object 'Object Repository/Olusturma/Genel/Kutular/SiparisBilgileri/SiparisNo' is present

2021-10-21 14:37:46 - [TEST_STEP][PASSED] - clearText(findTestObject("Object Repository/Olusturma/Genel/Kutular/SiparisBilgileri/SiparisNo")): Text of object 'Object Repository/Olusturma/Genel/Kutular/SiparisBilgileri/SiparisNo' is cleared

2021-10-21 14:37:46 - [MESSAGE][INFO] - Finding Test Object 'Object Repository/Olusturma/Genel/Kutular/SiparisBilgileri/SiparisNo'

2021-10-21 14:37:46 - [MESSAGE][INFO] - Checking object

2021-10-21 14:37:46 - [MESSAGE][INFO] - Finding web element from Test Object's properties

2021-10-21 14:37:46 - [MESSAGE][INFO] - Checking timeout

2021-10-21 14:37:46 - [MESSAGE][INFO] - Finding web element with id: 'Object Repository/Olusturma/Genel/Kutular/SiparisBilgileri/SiparisNo' located by 'By.xpath: //*[@id = 'txtSiparisNo_I']' in '30' second(s)

2021-10-21 14:37:46 - [MESSAGE][INFO] - Smart Wait Function is triggered

2021-10-21 14:37:46 - [MESSAGE][INFO] - Found 1 web elements with id: 'Object Repository/Olusturma/Genel/Kutular/SiparisBilgileri/SiparisNo' located by 'By.xpath: //*[@id = 'txtSiparisNo_I']' in '30' second(s)

2021-10-21 14:37:46 - [MESSAGE][INFO] - Clearing text of object 'Object Repository/Olusturma/Genel/Kutular/SiparisBilgileri/SiparisNo'

2021-10-21 14:37:46 - [MESSAGE][PASSED] - Text of object 'Object Repository/Olusturma/Genel/Kutular/SiparisBilgileri/SiparisNo' is cleared

2021-10-21 14:37:46 - [TEST_STEP][PASSED] - sendKeys(findTestObject("Object Repository/Olusturma/Genel/Kutular/SiparisBilgileri/SiparisNo"), SiparisNo): Keys 'UUC-SAT-1200001' sent to object: 'Object Repository/Olusturma/Genel/Kutular/SiparisBilgileri/SiparisNo'

2021-10-21 14:37:46 - [MESSAGE][INFO] - Finding Test Object 'Object Repository/Olusturma/Genel/Kutular/SiparisBilgileri/SiparisNo'

2021-10-21 14:37:46 - [MESSAGE][INFO] - Sending keys 'UUC-SAT-1200001' to object: 'Object Repository/Olusturma/Genel/Kutular/SiparisBilgileri/SiparisNo'

2021-10-21 14:37:46 - [MESSAGE][INFO] - Finding web element from Test Object's properties

2021-10-21 14:37:46 - [MESSAGE][INFO] - Checking timeout

2021-10-21 14:37:46 - [MESSAGE][INFO] - Finding web element with id: 'Object Repository/Olusturma/Genel/Kutular/SiparisBilgileri/SiparisNo' located by 'By.xpath: //*[@id = 'txtSiparisNo_I']' in '30' second(s)

2021-10-21 14:37:46 - [MESSAGE][INFO] - Smart Wait Function is triggered

2021-10-21 14:37:46 - [MESSAGE][INFO] - Found 1 web elements with id: 'Object Repository/Olusturma/Genel/Kutular/SiparisBilgileri/SiparisNo' located by 'By.xpath: //*[@id = 'txtSiparisNo_I']' in '30' second(s)

2021-10-21 14:37:47 - [MESSAGE][PASSED] - Keys 'UUC-SAT-1200001' sent to object: 'Object Repository/Olusturma/Genel/Kutular/SiparisBilgileri/SiparisNo'

2021-10-21 14:37:47 - [TEST_STEP][PASSED] - waitForElementClickable(findTestObject("Object Repository/Olusturma/Genel/Kutular/SiparisBilgileri/SiparisTarihiImage"), 10): Object 'Object Repository/Olusturma/Genel/Kutular/SiparisBilgileri/SiparisTarihiImage' is clickable

2021-10-21 14:37:47 - [MESSAGE][INFO] - Finding Test Object 'Object Repository/Olusturma/Genel/Kutular/SiparisBilgileri/SiparisTarihiImage'

2021-10-21 14:37:47 - [MESSAGE][INFO] - Checking object

2021-10-21 14:37:47 - [MESSAGE][INFO] - Checking timeout

2021-10-21 14:37:47 - [MESSAGE][INFO] - Finding web element from Test Object's properties

2021-10-21 14:37:47 - [MESSAGE][INFO] - Checking timeout

2021-10-21 14:37:47 - [MESSAGE][INFO] - Finding web element with id: 'Object Repository/Olusturma/Genel/Kutular/SiparisBilgileri/SiparisTarihiImage' located by 'By.cssSelector: #dateSiparisTarih img' in '10' second(s)

2021-10-21 14:37:47 - [MESSAGE][INFO] - Smart Wait Function is triggered

2021-10-21 14:37:47 - [MESSAGE][INFO] - Found 1 web elements with id: 'Object Repository/Olusturma/Genel/Kutular/SiparisBilgileri/SiparisTarihiImage' located by 'By.cssSelector: #dateSiparisTarih img' in '10' second(s)

2021-10-21 14:37:47 - [MESSAGE][PASSED] - Object 'Object Repository/Olusturma/Genel/Kutular/SiparisBilgileri/SiparisTarihiImage' is clickable

2021-10-21 14:37:47 - [TEST_STEP][PASSED] - click(findTestObject("Object Repository/Olusturma/Genel/Kutular/SiparisBilgileri/SiparisTarihiImage")): Object: 'Object Repository/Olusturma/Genel/Kutular/SiparisBilgileri/SiparisTarihiImage' is clicked on

2021-10-21 14:37:47 - [MESSAGE][INFO] - Finding Test Object 'Object Repository/Olusturma/Genel/Kutular/SiparisBilgileri/SiparisTarihiImage'

2021-10-21 14:37:47 - [MESSAGE][INFO] - Checking object

2021-10-21 14:37:47 - [MESSAGE][INFO] - Finding web element from Test Object's properties

2021-10-21 14:37:47 - [MESSAGE][INFO] - Checking timeout

2021-10-21 14:37:47 - [MESSAGE][INFO] - Finding web element with id: 'Object Repository/Olusturma/Genel/Kutular/SiparisBilgileri/SiparisTarihiImage' located by 'By.cssSelector: #dateSiparisTarih img' in '30' second(s)

2021-10-21 14:37:47 - [MESSAGE][INFO] - Smart Wait Function is triggered

2021-10-21 14:37:47 - [MESSAGE][INFO] - Found 1 web elements with id: 'Object Repository/Olusturma/Genel/Kutular/SiparisBilgileri/SiparisTarihiImage' located by 'By.cssSelector: #dateSiparisTarih img' in '30' second(s)

2021-10-21 14:37:47 - [MESSAGE][INFO] - Clicking on object: 'Object Repository/Olusturma/Genel/Kutular/SiparisBilgileri/SiparisTarihiImage'

2021-10-21 14:37:47 - [MESSAGE][PASSED] - Object: 'Object Repository/Olusturma/Genel/Kutular/SiparisBilgileri/SiparisTarihiImage' is clicked on

2021-10-21 14:37:47 - [TEST_STEP][PASSED] - waitForElementPresent(findTestObject("Object Repository/Olusturma/Genel/Kutular/SiparisBilgileri/SiparisTarihi"), 10): Object 'Object Repository/Olusturma/Genel/Kutular/SiparisBilgileri/SiparisTarihi' is present

2021-10-21 14:37:47 - [MESSAGE][INFO] - Finding Test Object 'Object Repository/Olusturma/Genel/Kutular/SiparisBilgileri/SiparisTarihi'

2021-10-21 14:37:47 - [MESSAGE][INFO] - Checking object

2021-10-21 14:37:47 - [MESSAGE][INFO] - Finding web element from Test Object's properties

2021-10-21 14:37:47 - [MESSAGE][INFO] - Checking timeout

2021-10-21 14:37:47 - [MESSAGE][INFO] - Finding web element with id: 'Object Repository/Olusturma/Genel/Kutular/SiparisBilgileri/SiparisTarihi' located by 'By.xpath: //*[@id = 'dateSiparisTarih_I']' in '10' second(s)

2021-10-21 14:37:47 - [MESSAGE][INFO] - Smart Wait Function is triggered

2021-10-21 14:37:48 - [MESSAGE][INFO] - Found 1 web elements with id: 'Object Repository/Olusturma/Genel/Kutular/SiparisBilgileri/SiparisTarihi' located by 'By.xpath: //*[@id = 'dateSiparisTarih_I']' in '10' second(s)

2021-10-21 14:37:48 - [MESSAGE][PASSED] - Object 'Object Repository/Olusturma/Genel/Kutular/SiparisBilgileri/SiparisTarihi' is present

2021-10-21 14:37:48 - [TEST_STEP][PASSED] - clearText(findTestObject("Object Repository/Olusturma/Genel/Kutular/SiparisBilgileri/SiparisTarihi")): Text of object 'Object Repository/Olusturma/Genel/Kutular/SiparisBilgileri/SiparisTarihi' is cleared

2021-10-21 14:37:48 - [MESSAGE][INFO] - Finding Test Object 'Object Repository/Olusturma/Genel/Kutular/SiparisBilgileri/SiparisTarihi'

2021-10-21 14:37:48 - [MESSAGE][INFO] - Checking object

2021-10-21 14:37:48 - [MESSAGE][INFO] - Finding web element from Test Object's properties

2021-10-21 14:37:48 - [MESSAGE][INFO] - Checking timeout

2021-10-21 14:37:48 - [MESSAGE][INFO] - Finding web element with id: 'Object Repository/Olusturma/Genel/Kutular/SiparisBilgileri/SiparisTarihi' located by 'By.xpath: //*[@id = 'dateSiparisTarih_I']' in '30' second(s)

2021-10-21 14:37:48 - [MESSAGE][INFO] - Smart Wait Function is triggered

2021-10-21 14:37:48 - [MESSAGE][INFO] - Found 1 web elements with id: 'Object Repository/Olusturma/Genel/Kutular/SiparisBilgileri/SiparisTarihi' located by 'By.xpath: //*[@id = 'dateSiparisTarih_I']' in '30' second(s)

2021-10-21 14:37:48 - [MESSAGE][INFO] - Clearing text of object 'Object Repository/Olusturma/Genel/Kutular/SiparisBilgileri/SiparisTarihi'

2021-10-21 14:37:48 - [MESSAGE][PASSED] - Text of object 'Object Repository/Olusturma/Genel/Kutular/SiparisBilgileri/SiparisTarihi' is cleared

2021-10-21 14:37:48 - [TEST_STEP][PASSED] - sendKeys(findTestObject("Object Repository/Olusturma/Genel/Kutular/SiparisBilgileri/SiparisTarihi"), Tarih): Keys '31.04.2020' sent to object: 'Object Repository/Olusturma/Genel/Kutular/SiparisBilgileri/SiparisTarihi'

2021-10-21 14:37:48 - [MESSAGE][INFO] - Finding Test Object 'Object Repository/Olusturma/Genel/Kutular/SiparisBilgileri/SiparisTarihi'

2021-10-21 14:37:48 - [MESSAGE][INFO] - Sending keys '31.04.2020' to object: 'Object Repository/Olusturma/Genel/Kutular/SiparisBilgileri/SiparisTarihi'

2021-10-21 14:37:48 - [MESSAGE][INFO] - Finding web element from Test Object's properties

2021-10-21 14:37:48 - [MESSAGE][INFO] - Checking timeout

2021-10-21 14:37:48 - [MESSAGE][INFO] - Finding web element with id: 'Object Repository/Olusturma/Genel/Kutular/SiparisBilgileri/SiparisTarihi' located by 'By.xpath: //*[@id = 'dateSiparisTarih_I']' in '30' second(s)

2021-10-21 14:37:48 - [MESSAGE][INFO] - Smart Wait Function is triggered

2021-10-21 14:37:49 - [MESSAGE][INFO] - Found 1 web elements with id: 'Object Repository/Olusturma/Genel/Kutular/SiparisBilgileri/SiparisTarihi' located by 'By.xpath: //*[@id = 'dateSiparisTarih_I']' in '30' second(s)

2021-10-21 14:37:49 - [MESSAGE][PASSED] - Keys '31.04.2020' sent to object: 'Object Repository/Olusturma/Genel/Kutular/SiparisBilgileri/SiparisTarihi'

2021-10-21 14:37:49 - [MESSAGE][PASSED] - Call Test Case 'Test Cases/Olusturma/Genel/Kutular/SiparisBilgileriGirilir' successfully

2021-10-21 14:37:49 - [MESSAGE][INFO] - Checking called Test Case

2021-10-21 14:37:49 - [MESSAGE][INFO] - Starting to call Test Case 'Test Cases/Olusturma/Genel/Kutular/IrsaliyeBilgileri'

2021-10-21 14:37:49 - [TEST_CASE][PASSED] - Test Cases/Olusturma/Genel/Kutular/IrsaliyeBilgileri: Test Cases/Olusturma/Genel/Kutular/IrsaliyeBilgileri

2021-10-21 14:37:49 - [TEST_STEP][PASSED] - Method.TextDegerineEsitElementeTikla(findTestObject("Olusturma/Genel/Kutular/KapaliKutular"), "İrsaliye Bilgileri"): Method.TextDegerineEsitElementeTikla is PASSED

2021-10-21 14:37:49 - [MESSAGE][INFO] - Finding Test Object 'Object Repository/Olusturma/Genel/Kutular/KapaliKutular'

2021-10-21 14:37:49 - [MESSAGE][INFO] - Checking timeout

2021-10-21 14:37:49 - [MESSAGE][INFO] - Finding web element with id: 'Object Repository/Olusturma/Genel/Kutular/KapaliKutular' located by 'By.cssSelector: .dxnb-headerCollapsed>span' in '10' second(s)

2021-10-21 14:37:49 - [MESSAGE][INFO] - Smart Wait Function is triggered

2021-10-21 14:37:49 - [MESSAGE][INFO] - Found 8 web elements with id: 'Object Repository/Olusturma/Genel/Kutular/KapaliKutular' located by 'By.cssSelector: .dxnb-headerCollapsed>span' in '10' second(s)

2021-10-21 14:37:49 - [MESSAGE][PASSED] - Method.TextDegerineEsitElementeTikla is PASSED

2021-10-21 14:37:49 - [TEST_STEP][PASSED] - waitForElementClickable(findTestObject("Olusturma/Genel/Kutular/IrsaliyeBilgileri/Ekle"), 10): Object 'Object Repository/Olusturma/Genel/Kutular/IrsaliyeBilgileri/Ekle' is clickable

2021-10-21 14:37:49 - [MESSAGE][INFO] - Finding Test Object 'Object Repository/Olusturma/Genel/Kutular/IrsaliyeBilgileri/Ekle'

2021-10-21 14:37:49 - [MESSAGE][INFO] - Checking object

2021-10-21 14:37:49 - [MESSAGE][INFO] - Checking timeout

2021-10-21 14:37:49 - [MESSAGE][INFO] - Finding web element from Test Object's properties

2021-10-21 14:37:49 - [MESSAGE][INFO] - Checking timeout

2021-10-21 14:37:49 - [MESSAGE][INFO] - Finding web element with id: 'Object Repository/Olusturma/Genel/Kutular/IrsaliyeBilgileri/Ekle' located by 'By.xpath: //*[@id = 'DXEditorgvUserInvoiceBillsNewRowBtn']' in '10' second(s)

2021-10-21 14:37:49 - [MESSAGE][INFO] - Smart Wait Function is triggered

2021-10-21 14:37:50 - [MESSAGE][INFO] - Found 1 web elements with id: 'Object Repository/Olusturma/Genel/Kutular/IrsaliyeBilgileri/Ekle' located by 'By.xpath: //*[@id = 'DXEditorgvUserInvoiceBillsNewRowBtn']' in '10' second(s)

2021-10-21 14:37:50 - [MESSAGE][PASSED] - Object 'Object Repository/Olusturma/Genel/Kutular/IrsaliyeBilgileri/Ekle' is clickable

2021-10-21 14:37:50 - [TEST_STEP][PASSED] - click(findTestObject("Olusturma/Genel/Kutular/IrsaliyeBilgileri/Ekle")): Object: 'Object Repository/Olusturma/Genel/Kutular/IrsaliyeBilgileri/Ekle' is clicked on

2021-10-21 14:37:50 - [MESSAGE][INFO] - Finding Test Object 'Object Repository/Olusturma/Genel/Kutular/IrsaliyeBilgileri/Ekle'

2021-10-21 14:37:50 - [MESSAGE][INFO] - Checking object

2021-10-21 14:37:50 - [MESSAGE][INFO] - Finding web element from Test Object's properties

2021-10-21 14:37:50 - [MESSAGE][INFO] - Checking timeout

2021-10-21 14:37:50 - [MESSAGE][INFO] - Finding web element with id: 'Object Repository/Olusturma/Genel/Kutular/IrsaliyeBilgileri/Ekle' located by 'By.xpath: //*[@id = 'DXEditorgvUserInvoiceBillsNewRowBtn']' in '30' second(s)

2021-10-21 14:37:50 - [MESSAGE][INFO] - Smart Wait Function is triggered

2021-10-21 14:37:50 - [MESSAGE][INFO] - Found 1 web elements with id: 'Object Repository/Olusturma/Genel/Kutular/IrsaliyeBilgileri/Ekle' located by 'By.xpath: //*[@id = 'DXEditorgvUserInvoiceBillsNewRowBtn']' in '30' second(s)

2021-10-21 14:37:50 - [MESSAGE][INFO] - Clicking on object: 'Object Repository/Olusturma/Genel/Kutular/IrsaliyeBilgileri/Ekle'

2021-10-21 14:37:50 - [MESSAGE][PASSED] - Object: 'Object Repository/Olusturma/Genel/Kutular/IrsaliyeBilgileri/Ekle' is clicked on

2021-10-21 14:37:50 - [TEST_STEP][PASSED] - waitForElementPresent(findTestObject("Object Repository/Olusturma/Genel/Kutular/IrsaliyeBilgileri/IrsaliyeNumarasi"), 10): Object 'Object Repository/Olusturma/Genel/Kutular/IrsaliyeBilgileri/IrsaliyeNumarasi' is present

2021-10-21 14:37:50 - [MESSAGE][INFO] - Finding Test Object 'Object Repository/Olusturma/Genel/Kutular/IrsaliyeBilgileri/IrsaliyeNumarasi'

2021-10-21 14:37:50 - [MESSAGE][INFO] - Checking object

2021-10-21 14:37:50 - [MESSAGE][INFO] - Finding web element from Test Object's properties

2021-10-21 14:37:50 - [MESSAGE][INFO] - Checking timeout

2021-10-21 14:37:50 - [MESSAGE][INFO] - Finding web element with id: 'Object Repository/Olusturma/Genel/Kutular/IrsaliyeBilgileri/IrsaliyeNumarasi' located by 'By.xpath: //*[@id = 'gvUserInvoiceBills_DXEditor1_I']' in '10' second(s)

2021-10-21 14:37:50 - [MESSAGE][INFO] - Smart Wait Function is triggered

2021-10-21 14:37:51 - [MESSAGE][INFO] - Smart Wait Function is triggered

2021-10-21 14:37:51 - [MESSAGE][INFO] - Found 1 web elements with id: 'Object Repository/Olusturma/Genel/Kutular/IrsaliyeBilgileri/IrsaliyeNumarasi' located by 'By.xpath: //*[@id = 'gvUserInvoiceBills_DXEditor1_I']' in '10' second(s)

2021-10-21 14:37:51 - [MESSAGE][PASSED] - Object 'Object Repository/Olusturma/Genel/Kutular/IrsaliyeBilgileri/IrsaliyeNumarasi' is present

2021-10-21 14:37:51 - [TEST_STEP][PASSED] - clearText(findTestObject("Object Repository/Olusturma/Genel/Kutular/IrsaliyeBilgileri/IrsaliyeNumarasi")): Text of object 'Object Repository/Olusturma/Genel/Kutular/IrsaliyeBilgileri/IrsaliyeNumarasi' is cleared

2021-10-21 14:37:51 - [MESSAGE][INFO] - Finding Test Object 'Object Repository/Olusturma/Genel/Kutular/IrsaliyeBilgileri/IrsaliyeNumarasi'

2021-10-21 14:37:52 - [MESSAGE][INFO] - Checking object

2021-10-21 14:37:52 - [MESSAGE][INFO] - Finding web element from Test Object's properties

2021-10-21 14:37:52 - [MESSAGE][INFO] - Checking timeout

2021-10-21 14:37:52 - [MESSAGE][INFO] - Finding web element with id: 'Object Repository/Olusturma/Genel/Kutular/IrsaliyeBilgileri/IrsaliyeNumarasi' located by 'By.xpath: //*[@id = 'gvUserInvoiceBills_DXEditor1_I']' in '30' second(s)

2021-10-21 14:37:52 - [MESSAGE][INFO] - Smart Wait Function is triggered

2021-10-21 14:37:52 - [MESSAGE][INFO] - Found 1 web elements with id: 'Object Repository/Olusturma/Genel/Kutular/IrsaliyeBilgileri/IrsaliyeNumarasi' located by 'By.xpath: //*[@id = 'gvUserInvoiceBills_DXEditor1_I']' in '30' second(s)

2021-10-21 14:37:52 - [MESSAGE][INFO] - Clearing text of object 'Object Repository/Olusturma/Genel/Kutular/IrsaliyeBilgileri/IrsaliyeNumarasi'

2021-10-21 14:37:52 - [MESSAGE][PASSED] - Text of object 'Object Repository/Olusturma/Genel/Kutular/IrsaliyeBilgileri/IrsaliyeNumarasi' is cleared

2021-10-21 14:37:52 - [TEST_STEP][PASSED] - sendKeys(findTestObject("Object Repository/Olusturma/Genel/Kutular/IrsaliyeBilgileri/IrsaliyeNumarasi"), Numara): Keys 'AAAAAAAAAA' sent to object: 'Object Repository/Olusturma/Genel/Kutular/IrsaliyeBilgileri/IrsaliyeNumarasi'

2021-10-21 14:37:52 - [MESSAGE][INFO] - Finding Test Object 'Object Repository/Olusturma/Genel/Kutular/IrsaliyeBilgileri/IrsaliyeNumarasi'

2021-10-21 14:37:52 - [MESSAGE][INFO] - Sending keys 'AAAAAAAAAA' to object: 'Object Repository/Olusturma/Genel/Kutular/IrsaliyeBilgileri/IrsaliyeNumarasi'

2021-10-21 14:37:52 - [MESSAGE][INFO] - Finding web element from Test Object's properties

2021-10-21 14:37:52 - [MESSAGE][INFO] - Checking timeout

2021-10-21 14:37:52 - [MESSAGE][INFO] - Finding web element with id: 'Object Repository/Olusturma/Genel/Kutular/IrsaliyeBilgileri/IrsaliyeNumarasi' located by 'By.xpath: //*[@id = 'gvUserInvoiceBills_DXEditor1_I']' in '30' second(s)

2021-10-21 14:37:52 - [MESSAGE][INFO] - Smart Wait Function is triggered

2021-10-21 14:37:52 - [MESSAGE][INFO] - Found 1 web elements with id: 'Object Repository/Olusturma/Genel/Kutular/IrsaliyeBilgileri/IrsaliyeNumarasi' located by 'By.xpath: //*[@id = 'gvUserInvoiceBills_DXEditor1_I']' in '30' second(s)

2021-10-21 14:37:52 - [MESSAGE][PASSED] - Keys 'AAAAAAAAAA' sent to object: 'Object Repository/Olusturma/Genel/Kutular/IrsaliyeBilgileri/IrsaliyeNumarasi'

2021-10-21 14:37:52 - [TEST_STEP][PASSED] - waitForElementClickable(findTestObject("Object Repository/Olusturma/Genel/Kutular/IrsaliyeBilgileri/IrsaliyeTarihi"), 10): Object 'Object Repository/Olusturma/Genel/Kutular/IrsaliyeBilgileri/IrsaliyeTarihi' is clickable

2021-10-21 14:37:52 - [MESSAGE][INFO] - Finding Test Object 'Object Repository/Olusturma/Genel/Kutular/IrsaliyeBilgileri/IrsaliyeTarihi'

2021-10-21 14:37:53 - [MESSAGE][INFO] - Checking object

2021-10-21 14:37:53 - [MESSAGE][INFO] - Checking timeout

2021-10-21 14:37:53 - [MESSAGE][INFO] - Finding web element from Test Object's properties

2021-10-21 14:37:53 - [MESSAGE][INFO] - Checking timeout

2021-10-21 14:37:53 - [MESSAGE][INFO] - Finding web element with id: 'Object Repository/Olusturma/Genel/Kutular/IrsaliyeBilgileri/IrsaliyeTarihi' located by 'By.xpath: //*[@id = 'gvUserInvoiceBills_DXEditor2_I']' in '10' second(s)

2021-10-21 14:37:53 - [MESSAGE][INFO] - Smart Wait Function is triggered

2021-10-21 14:37:53 - [MESSAGE][INFO] - Found 1 web elements with id: 'Object Repository/Olusturma/Genel/Kutular/IrsaliyeBilgileri/IrsaliyeTarihi' located by 'By.xpath: //*[@id = 'gvUserInvoiceBills_DXEditor2_I']' in '10' second(s)

2021-10-21 14:37:53 - [MESSAGE][PASSED] - Object 'Object Repository/Olusturma/Genel/Kutular/IrsaliyeBilgileri/IrsaliyeTarihi' is clickable

2021-10-21 14:37:53 - [TEST_STEP][PASSED] - click(findTestObject("Object Repository/Olusturma/Genel/Kutular/IrsaliyeBilgileri/IrsaliyeTarihi")): Object: 'Object Repository/Olusturma/Genel/Kutular/IrsaliyeBilgileri/IrsaliyeTarihi' is clicked on

2021-10-21 14:37:53 - [MESSAGE][INFO] - Finding Test Object 'Object Repository/Olusturma/Genel/Kutular/IrsaliyeBilgileri/IrsaliyeTarihi'

2021-10-21 14:37:53 - [MESSAGE][INFO] - Checking object

2021-10-21 14:37:53 - [MESSAGE][INFO] - Finding web element from Test Object's properties

2021-10-21 14:37:53 - [MESSAGE][INFO] - Checking timeout

2021-10-21 14:37:53 - [MESSAGE][INFO] - Finding web element with id: 'Object Repository/Olusturma/Genel/Kutular/IrsaliyeBilgileri/IrsaliyeTarihi' located by 'By.xpath: //*[@id = 'gvUserInvoiceBills_DXEditor2_I']' in '30' second(s)

2021-10-21 14:37:53 - [MESSAGE][INFO] - Smart Wait Function is triggered

2021-10-21 14:37:53 - [MESSAGE][INFO] - Found 1 web elements with id: 'Object Repository/Olusturma/Genel/Kutular/IrsaliyeBilgileri/IrsaliyeTarihi' located by 'By.xpath: //*[@id = 'gvUserInvoiceBills_DXEditor2_I']' in '30' second(s)

2021-10-21 14:37:53 - [MESSAGE][INFO] - Clicking on object: 'Object Repository/Olusturma/Genel/Kutular/IrsaliyeBilgileri/IrsaliyeTarihi'

2021-10-21 14:37:53 - [MESSAGE][PASSED] - Object: 'Object Repository/Olusturma/Genel/Kutular/IrsaliyeBilgileri/IrsaliyeTarihi' is clicked on

2021-10-21 14:37:53 - [TEST_STEP][PASSED] - sendKeys(findTestObject("Object Repository/Olusturma/Genel/Kutular/IrsaliyeBilgileri/IrsaliyeTarihi"), Tarih): Keys '31.04.2020' sent to object: 'Object Repository/Olusturma/Genel/Kutular/IrsaliyeBilgileri/IrsaliyeTarihi'

2021-10-21 14:37:53 - [MESSAGE][INFO] - Finding Test Object 'Object Repository/Olusturma/Genel/Kutular/IrsaliyeBilgileri/IrsaliyeTarihi'

2021-10-21 14:37:54 - [MESSAGE][INFO] - Sending keys '31.04.2020' to object: 'Object Repository/Olusturma/Genel/Kutular/IrsaliyeBilgileri/IrsaliyeTarihi'

2021-10-21 14:37:54 - [MESSAGE][INFO] - Finding web element from Test Object's properties

2021-10-21 14:37:54 - [MESSAGE][INFO] - Checking timeout

2021-10-21 14:37:54 - [MESSAGE][INFO] - Finding web element with id: 'Object Repository/Olusturma/Genel/Kutular/IrsaliyeBilgileri/IrsaliyeTarihi' located by 'By.xpath: //*[@id = 'gvUserInvoiceBills_DXEditor2_I']' in '30' second(s)

2021-10-21 14:37:54 - [MESSAGE][INFO] - Smart Wait Function is triggered

2021-10-21 14:37:54 - [MESSAGE][INFO] - Found 1 web elements with id: 'Object Repository/Olusturma/Genel/Kutular/IrsaliyeBilgileri/IrsaliyeTarihi' located by 'By.xpath: //*[@id = 'gvUserInvoiceBills_DXEditor2_I']' in '30' second(s)

2021-10-21 14:37:54 - [MESSAGE][PASSED] - Keys '31.04.2020' sent to object: 'Object Repository/Olusturma/Genel/Kutular/IrsaliyeBilgileri/IrsaliyeTarihi'

2021-10-21 14:37:54 - [MESSAGE][PASSED] - Call Test Case 'Test Cases/Olusturma/Genel/Kutular/IrsaliyeBilgileri' successfully

2021-10-21 14:37:54 - [MESSAGE][INFO] - Checking called Test Case

2021-10-21 14:37:54 - [MESSAGE][INFO] - Starting to call Test Case 'Test Cases/Olusturma/Genel/EkleButonunaBasilir'

2021-10-21 14:37:54 - [TEST_CASE][PASSED] - Test Cases/Olusturma/Genel/EkleButonunaBasilir: Test Cases/Olusturma/Genel/EkleButonunaBasilir

2021-10-21 14:37:54 - [TEST_STEP][PASSED] - waitForElementClickable(findTestObject("Object Repository/Olusturma/Genel/Olusturma/Ekle"), 10): Object 'Object Repository/Olusturma/Genel/Olusturma/Ekle' is clickable

2021-10-21 14:37:54 - [MESSAGE][INFO] - Finding Test Object 'Object Repository/Olusturma/Genel/Olusturma/Ekle'

2021-10-21 14:37:54 - [MESSAGE][INFO] - Checking object

2021-10-21 14:37:54 - [MESSAGE][INFO] - Checking timeout

2021-10-21 14:37:54 - [MESSAGE][INFO] - Finding web element from Test Object's properties

2021-10-21 14:37:54 - [MESSAGE][INFO] - Checking timeout

2021-10-21 14:37:54 - [MESSAGE][INFO] - Finding web element with id: 'Object Repository/Olusturma/Genel/Olusturma/Ekle' located by 'By.cssSelector: #divmalhizmet i.fa.fa-plus.fa-lg.text-muted' in '10' second(s)

2021-10-21 14:37:54 - [MESSAGE][INFO] - Smart Wait Function is triggered

2021-10-21 14:37:54 - [MESSAGE][INFO] - Found 1 web elements with id: 'Object Repository/Olusturma/Genel/Olusturma/Ekle' located by 'By.cssSelector: #divmalhizmet i.fa.fa-plus.fa-lg.text-muted' in '10' second(s)

2021-10-21 14:37:54 - [MESSAGE][PASSED] - Object 'Object Repository/Olusturma/Genel/Olusturma/Ekle' is clickable

2021-10-21 14:37:54 - [TEST_STEP][PASSED] - click(findTestObject("Object Repository/Olusturma/Genel/Olusturma/Ekle")): Object: 'Object Repository/Olusturma/Genel/Olusturma/Ekle' is clicked on

2021-10-21 14:37:54 - [MESSAGE][INFO] - Finding Test Object 'Object Repository/Olusturma/Genel/Olusturma/Ekle'

2021-10-21 14:37:54 - [MESSAGE][INFO] - Checking object

2021-10-21 14:37:54 - [MESSAGE][INFO] - Finding web element from Test Object's properties

2021-10-21 14:37:54 - [MESSAGE][INFO] - Checking timeout

2021-10-21 14:37:54 - [MESSAGE][INFO] - Finding web element with id: 'Object Repository/Olusturma/Genel/Olusturma/Ekle' located by 'By.cssSelector: #divmalhizmet i.fa.fa-plus.fa-lg.text-muted' in '30' second(s)

2021-10-21 14:37:54 - [MESSAGE][INFO] - Smart Wait Function is triggered

2021-10-21 14:37:55 - [MESSAGE][INFO] - Found 1 web elements with id: 'Object Repository/Olusturma/Genel/Olusturma/Ekle' located by 'By.cssSelector: #divmalhizmet i.fa.fa-plus.fa-lg.text-muted' in '30' second(s)

2021-10-21 14:37:55 - [MESSAGE][INFO] - Clicking on object: 'Object Repository/Olusturma/Genel/Olusturma/Ekle'

2021-10-21 14:37:55 - [MESSAGE][PASSED] - Object: 'Object Repository/Olusturma/Genel/Olusturma/Ekle' is clicked on

2021-10-21 14:37:55 - [TEST_STEP][PASSED] - waitForElementClickable(findTestObject("Olusturma/Genel/Olusturma/EklenenSatirCarpiImage"), 10): Object 'Object Repository/Olusturma/Genel/Olusturma/EklenenSatirCarpiImage' is clickable

2021-10-21 14:37:55 - [MESSAGE][INFO] - Finding Test Object 'Object Repository/Olusturma/Genel/Olusturma/EklenenSatirCarpiImage'

2021-10-21 14:37:55 - [MESSAGE][INFO] - Checking object

2021-10-21 14:37:55 - [MESSAGE][INFO] - Checking timeout

2021-10-21 14:37:55 - [MESSAGE][INFO] - Finding web element from Test Object's properties

2021-10-21 14:37:55 - [MESSAGE][INFO] - Checking timeout

2021-10-21 14:37:55 - [MESSAGE][INFO] - Finding web element with id: 'Object Repository/Olusturma/Genel/Olusturma/EklenenSatirCarpiImage' located by 'By.cssSelector: .fa.fa-times.fa-lg.text-primary' in '10' second(s)

2021-10-21 14:37:55 - [MESSAGE][INFO] - Smart Wait Function is triggered

2021-10-21 14:37:55 - [MESSAGE][INFO] - Found 1 web elements with id: 'Object Repository/Olusturma/Genel/Olusturma/EklenenSatirCarpiImage' located by 'By.cssSelector: .fa.fa-times.fa-lg.text-primary' in '10' second(s)

2021-10-21 14:37:55 - [MESSAGE][PASSED] - Object 'Object Repository/Olusturma/Genel/Olusturma/EklenenSatirCarpiImage' is clickable

2021-10-21 14:37:55 - [MESSAGE][PASSED] - Call Test Case 'Test Cases/Olusturma/Genel/EkleButonunaBasilir' successfully

2021-10-21 14:37:55 - [MESSAGE][INFO] - Checking called Test Case

2021-10-21 14:37:55 - [MESSAGE][INFO] - Starting to call Test Case 'Test Cases/Olusturma/Genel/Olusturma'

2021-10-21 14:37:55 - [TEST_CASE][PASSED] - Test Cases/Olusturma/Genel/Olusturma: Test Cases/Olusturma/Genel/Olusturma

2021-10-21 14:37:55 - [TEST_STEP][PASSED] - driver = getWebDriver(): null

2021-10-21 14:37:55 - [TEST_STEP][PASSED] - action = new org.openqa.selenium.interactions.Actions(driver): null

2021-10-21 14:37:55 - [TEST_STEP][PASSED] - baslikElement = <not implemented yet for class: org.codehaus.groovy.ast.expr.EmptyExpression>: null

2021-10-21 14:37:55 - [TEST_STEP][PASSED] - sonElement = <not implemented yet for class: org.codehaus.groovy.ast.expr.EmptyExpression>: null

2021-10-21 14:37:55 - [TEST_STEP][PASSED] - attr = <not implemented yet for class: org.codehaus.groovy.ast.expr.EmptyExpression>: null

2021-10-21 14:37:55 - [TEST_STEP][PASSED] - a = 0: null

2021-10-21 14:37:55 - [TEST_STEP][PASSED] - elements = findWebElements(findTestObject("Object Repository/Olusturma/Genel/Olusturma/TabloBasliklari"), 10): Found 13 web elements with id: 'Object Repository/Olusturma/Genel/Olusturma/TabloBasliklari' located by 'By.cssSelector: div#divmalhizmet .dxgvTable_LECustomTheme td.dxgvHeader_LECustomTheme tr>td:nth-child(1)' in '10' second(s)

2021-10-21 14:37:55 - [MESSAGE][INFO] - Finding Test Object 'Object Repository/Olusturma/Genel/Olusturma/TabloBasliklari'

2021-10-21 14:37:55 - [MESSAGE][INFO] - Checking timeout

2021-10-21 14:37:55 - [MESSAGE][INFO] - Finding web element with id: 'Object Repository/Olusturma/Genel/Olusturma/TabloBasliklari' located by 'By.cssSelector: div#divmalhizmet .dxgvTable_LECustomTheme td.dxgvHeader_LECustomTheme tr>td:nth-child(1)' in '10' second(s)

2021-10-21 14:37:55 - [MESSAGE][INFO] - Smart Wait Function is triggered

2021-10-21 14:37:56 - [MESSAGE][INFO] - Found 13 web elements with id: 'Object Repository/Olusturma/Genel/Olusturma/TabloBasliklari' located by 'By.cssSelector: div#divmalhizmet .dxgvTable_LECustomTheme td.dxgvHeader_LECustomTheme tr>td:nth-child(1)' in '10' second(s)

2021-10-21 14:37:56 - [TEST_STEP][PASSED] - for (def element : elements): null

2021-10-21 14:37:56 - [TEST_STEP][PASSED] - build().perform(): null

2021-10-21 14:37:56 - [TEST_STEP][PASSED] - if (getText().equals(Baslik)): null

2021-10-21 14:37:57 - [TEST_STEP][PASSED] - baslikElement = element.findElement(By.xpath("../../../..")): Smart Wait Function is triggered

2021-10-21 14:37:57 - [MESSAGE][INFO] - Smart Wait Function is triggered

2021-10-21 14:37:57 - [TEST_STEP][PASSED] - attr = baslikElement.getAttribute("id"): null

2021-10-21 14:37:57 - [TEST_STEP][PASSED] - println("girdi ve idsini aldı = " + attr): null

2021-10-21 14:37:57 - [TEST_STEP][PASSED] - break: null

2021-10-21 14:37:57 - [TEST_STEP][PASSED] - countElement = baslikElement.findElements(By.xpath("../td")): Smart Wait Function is triggered

2021-10-21 14:37:57 - [MESSAGE][INFO] - Smart Wait Function is triggered

2021-10-21 14:37:57 - [TEST_STEP][PASSED] - for (def element : countElement): null

2021-10-21 14:37:57 - [TEST_STEP][PASSED] - if (toString().equals(attr.toString())): null

2021-10-21 14:37:57 - [TEST_STEP][PASSED] - (a++): null

2021-10-21 14:37:57 - [TEST_STEP][PASSED] - if (toString().equals(attr.toString())): null

2021-10-21 14:37:57 - [TEST_STEP][PASSED] - break: null

2021-10-21 14:37:57 - [TEST_STEP][PASSED] - son = findWebElement(findTestObject("Object Repository/Olusturma/Genel/Olusturma/EklenenSatir")).findElement(By.xpath("td[@class='dxgvInlineEditCell_LECustomTheme dxgv'][" + a + "]//td[@class='dxic']/input")): Smart Wait Function is triggered

2021-10-21 14:37:57 - [MESSAGE][INFO] - Finding Test Object 'Object Repository/Olusturma/Genel/Olusturma/EklenenSatir'

2021-10-21 14:37:57 - [MESSAGE][INFO] - Finding web element from Test Object's properties

2021-10-21 14:37:57 - [MESSAGE][INFO] - Checking timeout

2021-10-21 14:37:57 - [MESSAGE][INFO] - Finding web element with id: 'Object Repository/Olusturma/Genel/Olusturma/EklenenSatir' located by 'By.cssSelector: #divmalhizmet .dxgvInlineEditRow_LECustomTheme' in '30' second(s)

2021-10-21 14:37:57 - [MESSAGE][INFO] - Smart Wait Function is triggered

2021-10-21 14:37:58 - [MESSAGE][INFO] - Found 1 web elements with id: 'Object Repository/Olusturma/Genel/Olusturma/EklenenSatir' located by 'By.cssSelector: #divmalhizmet .dxgvInlineEditRow_LECustomTheme' in '30' second(s)

2021-10-21 14:37:58 - [MESSAGE][INFO] - Smart Wait Function is triggered

2021-10-21 14:37:58 - [TEST_STEP][PASSED] - if (!(getAttribute("value").contains("Vkn"))): null

2021-10-21 14:37:58 - [TEST_STEP][PASSED] - son.clear(): null

2021-10-21 14:37:58 - [TEST_STEP][PASSED] - son.sendKeys(Deger): null

2021-10-21 14:37:58 - [MESSAGE][PASSED] - Call Test Case 'Test Cases/Olusturma/Genel/Olusturma' successfully

2021-10-21 14:37:58 - [MESSAGE][INFO] - Checking called Test Case

2021-10-21 14:37:58 - [MESSAGE][INFO] - Starting to call Test Case 'Test Cases/Olusturma/Genel/Olusturma'

2021-10-21 14:37:58 - [TEST_CASE][PASSED] - Test Cases/Olusturma/Genel/Olusturma: Test Cases/Olusturma/Genel/Olusturma

2021-10-21 14:37:58 - [TEST_STEP][PASSED] - driver = getWebDriver(): null

2021-10-21 14:37:58 - [TEST_STEP][PASSED] - action = new org.openqa.selenium.interactions.Actions(driver): null

2021-10-21 14:37:58 - [TEST_STEP][PASSED] - baslikElement = <not implemented yet for class: org.codehaus.groovy.ast.expr.EmptyExpression>: null

2021-10-21 14:37:58 - [TEST_STEP][PASSED] - sonElement = <not implemented yet for class: org.codehaus.groovy.ast.expr.EmptyExpression>: null

2021-10-21 14:37:58 - [TEST_STEP][PASSED] - attr = <not implemented yet for class: org.codehaus.groovy.ast.expr.EmptyExpression>: null

2021-10-21 14:37:58 - [TEST_STEP][PASSED] - a = 0: null

2021-10-21 14:37:58 - [TEST_STEP][PASSED] - elements = findWebElements(findTestObject("Object Repository/Olusturma/Genel/Olusturma/TabloBasliklari"), 10): Found 13 web elements with id: 'Object Repository/Olusturma/Genel/Olusturma/TabloBasliklari' located by 'By.cssSelector: div#divmalhizmet .dxgvTable_LECustomTheme td.dxgvHeader_LECustomTheme tr>td:nth-child(1)' in '10' second(s)

2021-10-21 14:37:58 - [MESSAGE][INFO] - Finding Test Object 'Object Repository/Olusturma/Genel/Olusturma/TabloBasliklari'

2021-10-21 14:37:58 - [MESSAGE][INFO] - Checking timeout

2021-10-21 14:37:58 - [MESSAGE][INFO] - Finding web element with id: 'Object Repository/Olusturma/Genel/Olusturma/TabloBasliklari' located by 'By.cssSelector: div#divmalhizmet .dxgvTable_LECustomTheme td.dxgvHeader_LECustomTheme tr>td:nth-child(1)' in '10' second(s)

2021-10-21 14:37:58 - [MESSAGE][INFO] - Smart Wait Function is triggered

2021-10-21 14:37:58 - [MESSAGE][INFO] - Found 13 web elements with id: 'Object Repository/Olusturma/Genel/Olusturma/TabloBasliklari' located by 'By.cssSelector: div#divmalhizmet .dxgvTable_LECustomTheme td.dxgvHeader_LECustomTheme tr>td:nth-child(1)' in '10' second(s)

2021-10-21 14:37:58 - [TEST_STEP][PASSED] - for (def element : elements): null

2021-10-21 14:37:58 - [TEST_STEP][PASSED] - build().perform(): null

2021-10-21 14:37:59 - [TEST_STEP][PASSED] - if (getText().equals(Baslik)): null

2021-10-21 14:37:59 - [TEST_STEP][PASSED] - build().perform(): null

2021-10-21 14:37:59 - [TEST_STEP][PASSED] - if (getText().equals(Baslik)): null

2021-10-21 14:37:59 - [TEST_STEP][PASSED] - baslikElement = element.findElement(By.xpath("../../../..")): Smart Wait Function is triggered

2021-10-21 14:37:59 - [MESSAGE][INFO] - Smart Wait Function is triggered

2021-10-21 14:37:59 - [TEST_STEP][PASSED] - attr = baslikElement.getAttribute("id"): null

2021-10-21 14:37:59 - [TEST_STEP][PASSED] - println("girdi ve idsini aldı = " + attr): null

2021-10-21 14:37:59 - [TEST_STEP][PASSED] - break: null

2021-10-21 14:37:59 - [TEST_STEP][PASSED] - countElement = baslikElement.findElements(By.xpath("../td")): Smart Wait Function is triggered

2021-10-21 14:37:59 - [MESSAGE][INFO] - Smart Wait Function is triggered

2021-10-21 14:37:59 - [TEST_STEP][PASSED] - for (def element : countElement): null

2021-10-21 14:37:59 - [TEST_STEP][PASSED] - if (toString().equals(attr.toString())): null

2021-10-21 14:37:59 - [TEST_STEP][PASSED] - (a++): null

2021-10-21 14:37:59 - [TEST_STEP][PASSED] - if (toString().equals(attr.toString())): null

2021-10-21 14:37:59 - [TEST_STEP][PASSED] - (a++): null

2021-10-21 14:37:59 - [TEST_STEP][PASSED] - if (toString().equals(attr.toString())): null

2021-10-21 14:37:59 - [TEST_STEP][PASSED] - break: null

2021-10-21 14:37:59 - [TEST_STEP][PASSED] - son = findWebElement(findTestObject("Object Repository/Olusturma/Genel/Olusturma/EklenenSatir")).findElement(By.xpath("td[@class='dxgvInlineEditCell_LECustomTheme dxgv'][" + a + "]//td[@class='dxic']/input")): Smart Wait Function is triggered

2021-10-21 14:37:59 - [MESSAGE][INFO] - Finding Test Object 'Object Repository/Olusturma/Genel/Olusturma/EklenenSatir'

2021-10-21 14:37:59 - [MESSAGE][INFO] - Finding web element from Test Object's properties

2021-10-21 14:37:59 - [MESSAGE][INFO] - Checking timeout

2021-10-21 14:37:59 - [MESSAGE][INFO] - Finding web element with id: 'Object Repository/Olusturma/Genel/Olusturma/EklenenSatir' located by 'By.cssSelector: #divmalhizmet .dxgvInlineEditRow_LECustomTheme' in '30' second(s)

2021-10-21 14:37:59 - [MESSAGE][INFO] - Smart Wait Function is triggered

2021-10-21 14:38:00 - [MESSAGE][INFO] - Found 1 web elements with id: 'Object Repository/Olusturma/Genel/Olusturma/EklenenSatir' located by 'By.cssSelector: #divmalhizmet .dxgvInlineEditRow_LECustomTheme' in '30' second(s)

2021-10-21 14:38:00 - [MESSAGE][INFO] - Smart Wait Function is triggered

2021-10-21 14:38:00 - [TEST_STEP][PASSED] - if (!(getAttribute("value").contains("Vkn"))): null

2021-10-21 14:38:00 - [TEST_STEP][PASSED] - son.clear(): null

2021-10-21 14:38:00 - [TEST_STEP][PASSED] - son.sendKeys(Deger): null

2021-10-21 14:38:00 - [MESSAGE][PASSED] - Call Test Case 'Test Cases/Olusturma/Genel/Olusturma' successfully

2021-10-21 14:38:00 - [MESSAGE][INFO] - Checking called Test Case

2021-10-21 14:38:00 - [MESSAGE][INFO] - Starting to call Test Case 'Test Cases/Olusturma/Genel/Olusturma'

2021-10-21 14:38:00 - [TEST_CASE][PASSED] - Test Cases/Olusturma/Genel/Olusturma: Test Cases/Olusturma/Genel/Olusturma

2021-10-21 14:38:00 - [TEST_STEP][PASSED] - driver = getWebDriver(): null

2021-10-21 14:38:00 - [TEST_STEP][PASSED] - action = new org.openqa.selenium.interactions.Actions(driver): null

2021-10-21 14:38:00 - [TEST_STEP][PASSED] - baslikElement = <not implemented yet for class: org.codehaus.groovy.ast.expr.EmptyExpression>: null

2021-10-21 14:38:00 - [TEST_STEP][PASSED] - sonElement = <not implemented yet for class: org.codehaus.groovy.ast.expr.EmptyExpression>: null

2021-10-21 14:38:00 - [TEST_STEP][PASSED] - attr = <not implemented yet for class: org.codehaus.groovy.ast.expr.EmptyExpression>: null

2021-10-21 14:38:00 - [TEST_STEP][PASSED] - a = 0: null

2021-10-21 14:38:00 - [TEST_STEP][PASSED] - elements = findWebElements(findTestObject("Object Repository/Olusturma/Genel/Olusturma/TabloBasliklari"), 10): Found 13 web elements with id: 'Object Repository/Olusturma/Genel/Olusturma/TabloBasliklari' located by 'By.cssSelector: div#divmalhizmet .dxgvTable_LECustomTheme td.dxgvHeader_LECustomTheme tr>td:nth-child(1)' in '10' second(s)

2021-10-21 14:38:00 - [MESSAGE][INFO] - Finding Test Object 'Object Repository/Olusturma/Genel/Olusturma/TabloBasliklari'

2021-10-21 14:38:00 - [MESSAGE][INFO] - Checking timeout

2021-10-21 14:38:00 - [MESSAGE][INFO] - Finding web element with id: 'Object Repository/Olusturma/Genel/Olusturma/TabloBasliklari' located by 'By.cssSelector: div#divmalhizmet .dxgvTable_LECustomTheme td.dxgvHeader_LECustomTheme tr>td:nth-child(1)' in '10' second(s)

2021-10-21 14:38:00 - [MESSAGE][INFO] - Smart Wait Function is triggered

2021-10-21 14:38:01 - [MESSAGE][INFO] - Found 13 web elements with id: 'Object Repository/Olusturma/Genel/Olusturma/TabloBasliklari' located by 'By.cssSelector: div#divmalhizmet .dxgvTable_LECustomTheme td.dxgvHeader_LECustomTheme tr>td:nth-child(1)' in '10' second(s)

2021-10-21 14:38:01 - [TEST_STEP][PASSED] - for (def element : elements): null

2021-10-21 14:38:01 - [TEST_STEP][PASSED] - build().perform(): null

2021-10-21 14:38:01 - [TEST_STEP][PASSED] - if (getText().equals(Baslik)): null

2021-10-21 14:38:01 - [TEST_STEP][PASSED] - build().perform(): null

2021-10-21 14:38:01 - [TEST_STEP][PASSED] - if (getText().equals(Baslik)): null

2021-10-21 14:38:01 - [TEST_STEP][PASSED] - build().perform(): null

2021-10-21 14:38:01 - [TEST_STEP][PASSED] - if (getText().equals(Baslik)): null

2021-10-21 14:38:01 - [TEST_STEP][PASSED] - build().perform(): null

2021-10-21 14:38:01 - [TEST_STEP][PASSED] - if (getText().equals(Baslik)): null

2021-10-21 14:38:01 - [TEST_STEP][PASSED] - baslikElement = element.findElement(By.xpath("../../../..")): Smart Wait Function is triggered

2021-10-21 14:38:01 - [MESSAGE][INFO] - Smart Wait Function is triggered

2021-10-21 14:38:02 - [TEST_STEP][PASSED] - attr = baslikElement.getAttribute("id"): null

2021-10-21 14:38:02 - [TEST_STEP][PASSED] - println("girdi ve idsini aldı = " + attr): null

2021-10-21 14:38:02 - [TEST_STEP][PASSED] - break: null

2021-10-21 14:38:02 - [TEST_STEP][PASSED] - countElement = baslikElement.findElements(By.xpath("../td")): Smart Wait Function is triggered

2021-10-21 14:38:02 - [MESSAGE][INFO] - Smart Wait Function is triggered

2021-10-21 14:38:02 - [TEST_STEP][PASSED] - for (def element : countElement): null

2021-10-21 14:38:02 - [TEST_STEP][PASSED] - if (toString().equals(attr.toString())): null

2021-10-21 14:38:02 - [TEST_STEP][PASSED] - (a++): null

2021-10-21 14:38:02 - [TEST_STEP][PASSED] - if (toString().equals(attr.toString())): null

2021-10-21 14:38:02 - [TEST_STEP][PASSED] - (a++): null

2021-10-21 14:38:02 - [TEST_STEP][PASSED] - if (toString().equals(attr.toString())): null

2021-10-21 14:38:02 - [TEST_STEP][PASSED] - (a++): null

2021-10-21 14:38:02 - [TEST_STEP][PASSED] - if (toString().equals(attr.toString())): null

2021-10-21 14:38:02 - [TEST_STEP][PASSED] - (a++): null

2021-10-21 14:38:02 - [TEST_STEP][PASSED] - if (toString().equals(attr.toString())): null

2021-10-21 14:38:02 - [TEST_STEP][PASSED] - break: null

2021-10-21 14:38:02 - [TEST_STEP][PASSED] - son = findWebElement(findTestObject("Object Repository/Olusturma/Genel/Olusturma/EklenenSatir")).findElement(By.xpath("td[@class='dxgvInlineEditCell_LECustomTheme dxgv'][" + a + "]//td[@class='dxic']/input")): Smart Wait Function is triggered

2021-10-21 14:38:02 - [MESSAGE][INFO] - Finding Test Object 'Object Repository/Olusturma/Genel/Olusturma/EklenenSatir'

2021-10-21 14:38:02 - [MESSAGE][INFO] - Finding web element from Test Object's properties

2021-10-21 14:38:02 - [MESSAGE][INFO] - Checking timeout

2021-10-21 14:38:02 - [MESSAGE][INFO] - Finding web element with id: 'Object Repository/Olusturma/Genel/Olusturma/EklenenSatir' located by 'By.cssSelector: #divmalhizmet .dxgvInlineEditRow_LECustomTheme' in '30' second(s)

2021-10-21 14:38:02 - [MESSAGE][INFO] - Smart Wait Function is triggered

2021-10-21 14:38:02 - [MESSAGE][INFO] - Found 1 web elements with id: 'Object Repository/Olusturma/Genel/Olusturma/EklenenSatir' located by 'By.cssSelector: #divmalhizmet .dxgvInlineEditRow_LECustomTheme' in '30' second(s)

2021-10-21 14:38:02 - [MESSAGE][INFO] - Smart Wait Function is triggered

2021-10-21 14:38:03 - [TEST_STEP][PASSED] - if (!(getAttribute("value").contains("Vkn"))): null

2021-10-21 14:38:03 - [TEST_STEP][PASSED] - son.clear(): null

2021-10-21 14:38:03 - [TEST_STEP][PASSED] - son.sendKeys(Deger): null

2021-10-21 14:38:03 - [MESSAGE][PASSED] - Call Test Case 'Test Cases/Olusturma/Genel/Olusturma' successfully

2021-10-21 14:38:03 - [MESSAGE][INFO] - Checking called Test Case

2021-10-21 14:38:03 - [MESSAGE][INFO] - Starting to call Test Case 'Test Cases/Olusturma/Genel/Olusturma'

2021-10-21 14:38:03 - [TEST_CASE][PASSED] - Test Cases/Olusturma/Genel/Olusturma: Test Cases/Olusturma/Genel/Olusturma

2021-10-21 14:38:03 - [TEST_STEP][PASSED] - driver = getWebDriver(): null

2021-10-21 14:38:03 - [TEST_STEP][PASSED] - action = new org.openqa.selenium.interactions.Actions(driver): null

2021-10-21 14:38:03 - [TEST_STEP][PASSED] - baslikElement = <not implemented yet for class: org.codehaus.groovy.ast.expr.EmptyExpression>: null

2021-10-21 14:38:03 - [TEST_STEP][PASSED] - sonElement = <not implemented yet for class: org.codehaus.groovy.ast.expr.EmptyExpression>: null

2021-10-21 14:38:03 - [TEST_STEP][PASSED] - attr = <not implemented yet for class: org.codehaus.groovy.ast.expr.EmptyExpression>: null

2021-10-21 14:38:03 - [TEST_STEP][PASSED] - a = 0: null

2021-10-21 14:38:03 - [TEST_STEP][PASSED] - elements = findWebElements(findTestObject("Object Repository/Olusturma/Genel/Olusturma/TabloBasliklari"), 10): Found 13 web elements with id: 'Object Repository/Olusturma/Genel/Olusturma/TabloBasliklari' located by 'By.cssSelector: div#divmalhizmet .dxgvTable_LECustomTheme td.dxgvHeader_LECustomTheme tr>td:nth-child(1)' in '10' second(s)

2021-10-21 14:38:03 - [MESSAGE][INFO] - Finding Test Object 'Object Repository/Olusturma/Genel/Olusturma/TabloBasliklari'

2021-10-21 14:38:03 - [MESSAGE][INFO] - Checking timeout

2021-10-21 14:38:03 - [MESSAGE][INFO] - Finding web element with id: 'Object Repository/Olusturma/Genel/Olusturma/TabloBasliklari' located by 'By.cssSelector: div#divmalhizmet .dxgvTable_LECustomTheme td.dxgvHeader_LECustomTheme tr>td:nth-child(1)' in '10' second(s)

2021-10-21 14:38:03 - [MESSAGE][INFO] - Smart Wait Function is triggered

2021-10-21 14:38:03 - [MESSAGE][INFO] - Found 13 web elements with id: 'Object Repository/Olusturma/Genel/Olusturma/TabloBasliklari' located by 'By.cssSelector: div#divmalhizmet .dxgvTable_LECustomTheme td.dxgvHeader_LECustomTheme tr>td:nth-child(1)' in '10' second(s)

2021-10-21 14:38:03 - [TEST_STEP][PASSED] - for (def element : elements): null

2021-10-21 14:38:03 - [TEST_STEP][PASSED] - build().perform(): null

2021-10-21 14:38:03 - [TEST_STEP][PASSED] - if (getText().equals(Baslik)): null

2021-10-21 14:38:03 - [TEST_STEP][PASSED] - build().perform(): null

2021-10-21 14:38:04 - [TEST_STEP][PASSED] - if (getText().equals(Baslik)): null

2021-10-21 14:38:04 - [TEST_STEP][PASSED] - build().perform(): null

2021-10-21 14:38:04 - [TEST_STEP][PASSED] - if (getText().equals(Baslik)): null

2021-10-21 14:38:04 - [TEST_STEP][PASSED] - build().perform(): null

2021-10-21 14:38:04 - [TEST_STEP][PASSED] - if (getText().equals(Baslik)): null

2021-10-21 14:38:04 - [TEST_STEP][PASSED] - build().perform(): null

2021-10-21 14:38:04 - [TEST_STEP][PASSED] - if (getText().equals(Baslik)): null

2021-10-21 14:38:04 - [TEST_STEP][PASSED] - build().perform(): null

2021-10-21 14:38:04 - [TEST_STEP][PASSED] - if (getText().equals(Baslik)): null

2021-10-21 14:38:04 - [TEST_STEP][PASSED] - baslikElement = element.findElement(By.xpath("../../../..")): Smart Wait Function is triggered

2021-10-21 14:38:04 - [MESSAGE][INFO] - Smart Wait Function is triggered

2021-10-21 14:38:04 - [TEST_STEP][PASSED] - attr = baslikElement.getAttribute("id"): null

2021-10-21 14:38:04 - [TEST_STEP][PASSED] - println("girdi ve idsini aldı = " + attr): null

2021-10-21 14:38:04 - [TEST_STEP][PASSED] - break: null

2021-10-21 14:38:04 - [TEST_STEP][PASSED] - countElement = baslikElement.findElements(By.xpath("../td")): Smart Wait Function is triggered

2021-10-21 14:38:04 - [MESSAGE][INFO] - Smart Wait Function is triggered

2021-10-21 14:38:05 - [TEST_STEP][PASSED] - for (def element : countElement): null

2021-10-21 14:38:05 - [TEST_STEP][PASSED] - if (toString().equals(attr.toString())): null

2021-10-21 14:38:05 - [TEST_STEP][PASSED] - (a++): null

2021-10-21 14:38:05 - [TEST_STEP][PASSED] - if (toString().equals(attr.toString())): null

2021-10-21 14:38:05 - [TEST_STEP][PASSED] - (a++): null

2021-10-21 14:38:05 - [TEST_STEP][PASSED] - if (toString().equals(attr.toString())): null

2021-10-21 14:38:05 - [TEST_STEP][PASSED] - (a++): null

2021-10-21 14:38:05 - [TEST_STEP][PASSED] - if (toString().equals(attr.toString())): null

2021-10-21 14:38:05 - [TEST_STEP][PASSED] - (a++): null

2021-10-21 14:38:05 - [TEST_STEP][PASSED] - if (toString().equals(attr.toString())): null

2021-10-21 14:38:05 - [TEST_STEP][PASSED] - (a++): null

2021-10-21 14:38:05 - [TEST_STEP][PASSED] - if (toString().equals(attr.toString())): null

2021-10-21 14:38:05 - [TEST_STEP][PASSED] - (a++): null

2021-10-21 14:38:05 - [TEST_STEP][PASSED] - if (toString().equals(attr.toString())): null

2021-10-21 14:38:05 - [TEST_STEP][PASSED] - break: null

2021-10-21 14:38:05 - [TEST_STEP][PASSED] - son = findWebElement(findTestObject("Object Repository/Olusturma/Genel/Olusturma/EklenenSatir")).findElement(By.xpath("td[@class='dxgvInlineEditCell_LECustomTheme dxgv'][" + a + "]//td[@class='dxic']/input")): Smart Wait Function is triggered

2021-10-21 14:38:05 - [MESSAGE][INFO] - Finding Test Object 'Object Repository/Olusturma/Genel/Olusturma/EklenenSatir'

2021-10-21 14:38:05 - [MESSAGE][INFO] - Finding web element from Test Object's properties

2021-10-21 14:38:05 - [MESSAGE][INFO] - Checking timeout

2021-10-21 14:38:05 - [MESSAGE][INFO] - Finding web element with id: 'Object Repository/Olusturma/Genel/Olusturma/EklenenSatir' located by 'By.cssSelector: #divmalhizmet .dxgvInlineEditRow_LECustomTheme' in '30' second(s)

2021-10-21 14:38:05 - [MESSAGE][INFO] - Smart Wait Function is triggered

2021-10-21 14:38:05 - [MESSAGE][INFO] - Found 1 web elements with id: 'Object Repository/Olusturma/Genel/Olusturma/EklenenSatir' located by 'By.cssSelector: #divmalhizmet .dxgvInlineEditRow_LECustomTheme' in '30' second(s)

2021-10-21 14:38:05 - [MESSAGE][INFO] - Smart Wait Function is triggered

2021-10-21 14:38:05 - [TEST_STEP][PASSED] - if (!(getAttribute("value").contains("Vkn"))): null

2021-10-21 14:38:05 - [TEST_STEP][PASSED] - son.clear(): null

2021-10-21 14:38:06 - [TEST_STEP][PASSED] - son.sendKeys(Deger): null

2021-10-21 14:38:06 - [MESSAGE][PASSED] - Call Test Case 'Test Cases/Olusturma/Genel/Olusturma' successfully

2021-10-21 14:38:06 - [MESSAGE][INFO] - Checking called Test Case

2021-10-21 14:38:06 - [MESSAGE][INFO] - Starting to call Test Case 'Test Cases/Olusturma/Genel/Olusturma'

2021-10-21 14:38:06 - [TEST_CASE][PASSED] - Test Cases/Olusturma/Genel/Olusturma: Test Cases/Olusturma/Genel/Olusturma

2021-10-21 14:38:06 - [TEST_STEP][PASSED] - driver = getWebDriver(): null

2021-10-21 14:38:06 - [TEST_STEP][PASSED] - action = new org.openqa.selenium.interactions.Actions(driver): null

2021-10-21 14:38:06 - [TEST_STEP][PASSED] - baslikElement = <not implemented yet for class: org.codehaus.groovy.ast.expr.EmptyExpression>: null

2021-10-21 14:38:06 - [TEST_STEP][PASSED] - sonElement = <not implemented yet for class: org.codehaus.groovy.ast.expr.EmptyExpression>: null

2021-10-21 14:38:06 - [TEST_STEP][PASSED] - attr = <not implemented yet for class: org.codehaus.groovy.ast.expr.EmptyExpression>: null

2021-10-21 14:38:06 - [TEST_STEP][PASSED] - a = 0: null

2021-10-21 14:38:06 - [TEST_STEP][PASSED] - elements = findWebElements(findTestObject("Object Repository/Olusturma/Genel/Olusturma/TabloBasliklari"), 10): Found 13 web elements with id: 'Object Repository/Olusturma/Genel/Olusturma/TabloBasliklari' located by 'By.cssSelector: div#divmalhizmet .dxgvTable_LECustomTheme td.dxgvHeader_LECustomTheme tr>td:nth-child(1)' in '10' second(s)

2021-10-21 14:38:06 - [MESSAGE][INFO] - Finding Test Object 'Object Repository/Olusturma/Genel/Olusturma/TabloBasliklari'

2021-10-21 14:38:06 - [MESSAGE][INFO] - Checking timeout

2021-10-21 14:38:06 - [MESSAGE][INFO] - Finding web element with id: 'Object Repository/Olusturma/Genel/Olusturma/TabloBasliklari' located by 'By.cssSelector: div#divmalhizmet .dxgvTable_LECustomTheme td.dxgvHeader_LECustomTheme tr>td:nth-child(1)' in '10' second(s)

2021-10-21 14:38:06 - [MESSAGE][INFO] - Smart Wait Function is triggered

2021-10-21 14:38:06 - [MESSAGE][INFO] - Found 13 web elements with id: 'Object Repository/Olusturma/Genel/Olusturma/TabloBasliklari' located by 'By.cssSelector: div#divmalhizmet .dxgvTable_LECustomTheme td.dxgvHeader_LECustomTheme tr>td:nth-child(1)' in '10' second(s)

2021-10-21 14:38:06 - [TEST_STEP][PASSED] - for (def element : elements): null

2021-10-21 14:38:06 - [TEST_STEP][PASSED] - build().perform(): null

2021-10-21 14:38:06 - [TEST_STEP][PASSED] - if (getText().equals(Baslik)): null

2021-10-21 14:38:06 - [TEST_STEP][PASSED] - build().perform(): null

2021-10-21 14:38:06 - [TEST_STEP][PASSED] - if (getText().equals(Baslik)): null

2021-10-21 14:38:06 - [TEST_STEP][PASSED] - build().perform(): null

2021-10-21 14:38:07 - [TEST_STEP][PASSED] - if (getText().equals(Baslik)): null

2021-10-21 14:38:07 - [TEST_STEP][PASSED] - build().perform(): null

2021-10-21 14:38:07 - [TEST_STEP][PASSED] - if (getText().equals(Baslik)): null

2021-10-21 14:38:07 - [TEST_STEP][PASSED] - build().perform(): null

2021-10-21 14:38:07 - [TEST_STEP][PASSED] - if (getText().equals(Baslik)): null

2021-10-21 14:38:07 - [TEST_STEP][PASSED] - build().perform(): null

2021-10-21 14:38:07 - [TEST_STEP][PASSED] - if (getText().equals(Baslik)): null

2021-10-21 14:38:07 - [TEST_STEP][PASSED] - build().perform(): null

2021-10-21 14:38:07 - [TEST_STEP][PASSED] - if (getText().equals(Baslik)): null

2021-10-21 14:38:07 - [TEST_STEP][PASSED] - baslikElement = element.findElement(By.xpath("../../../..")): Smart Wait Function is triggered

2021-10-21 14:38:07 - [MESSAGE][INFO] - Smart Wait Function is triggered

2021-10-21 14:38:07 - [TEST_STEP][PASSED] - attr = baslikElement.getAttribute("id"): null

2021-10-21 14:38:07 - [TEST_STEP][PASSED] - println("girdi ve idsini aldı = " + attr): null

2021-10-21 14:38:07 - [TEST_STEP][PASSED] - break: null

2021-10-21 14:38:07 - [TEST_STEP][PASSED] - countElement = baslikElement.findElements(By.xpath("../td")): Smart Wait Function is triggered

2021-10-21 14:38:07 - [MESSAGE][INFO] - Smart Wait Function is triggered

2021-10-21 14:38:08 - [TEST_STEP][PASSED] - for (def element : countElement): null

2021-10-21 14:38:08 - [TEST_STEP][PASSED] - if (toString().equals(attr.toString())): null

2021-10-21 14:38:08 - [TEST_STEP][PASSED] - (a++): null

2021-10-21 14:38:08 - [TEST_STEP][PASSED] - if (toString().equals(attr.toString())): null

2021-10-21 14:38:08 - [TEST_STEP][PASSED] - (a++): null

2021-10-21 14:38:08 - [TEST_STEP][PASSED] - if (toString().equals(attr.toString())): null

2021-10-21 14:38:08 - [TEST_STEP][PASSED] - (a++): null

2021-10-21 14:38:08 - [TEST_STEP][PASSED] - if (toString().equals(attr.toString())): null

2021-10-21 14:38:08 - [TEST_STEP][PASSED] - (a++): null

2021-10-21 14:38:08 - [TEST_STEP][PASSED] - if (toString().equals(attr.toString())): null

2021-10-21 14:38:08 - [TEST_STEP][PASSED] - (a++): null

2021-10-21 14:38:08 - [TEST_STEP][PASSED] - if (toString().equals(attr.toString())): null

2021-10-21 14:38:08 - [TEST_STEP][PASSED] - (a++): null

2021-10-21 14:38:08 - [TEST_STEP][PASSED] - if (toString().equals(attr.toString())): null

2021-10-21 14:38:08 - [TEST_STEP][PASSED] - (a++): null

2021-10-21 14:38:08 - [TEST_STEP][PASSED] - if (toString().equals(attr.toString())): null

2021-10-21 14:38:08 - [TEST_STEP][PASSED] - break: null

2021-10-21 14:38:08 - [TEST_STEP][PASSED] - son = findWebElement(findTestObject("Object Repository/Olusturma/Genel/Olusturma/EklenenSatir")).findElement(By.xpath("td[@class='dxgvInlineEditCell_LECustomTheme dxgv'][" + a + "]//td[@class='dxic']/input")): Smart Wait Function is triggered

2021-10-21 14:38:08 - [MESSAGE][INFO] - Finding Test Object 'Object Repository/Olusturma/Genel/Olusturma/EklenenSatir'

2021-10-21 14:38:08 - [MESSAGE][INFO] - Finding web element from Test Object's properties

2021-10-21 14:38:08 - [MESSAGE][INFO] - Checking timeout

2021-10-21 14:38:08 - [MESSAGE][INFO] - Finding web element with id: 'Object Repository/Olusturma/Genel/Olusturma/EklenenSatir' located by 'By.cssSelector: #divmalhizmet .dxgvInlineEditRow_LECustomTheme' in '30' second(s)

2021-10-21 14:38:08 - [MESSAGE][INFO] - Smart Wait Function is triggered

2021-10-21 14:38:08 - [MESSAGE][INFO] - Found 1 web elements with id: 'Object Repository/Olusturma/Genel/Olusturma/EklenenSatir' located by 'By.cssSelector: #divmalhizmet .dxgvInlineEditRow_LECustomTheme' in '30' second(s)

2021-10-21 14:38:08 - [MESSAGE][INFO] - Smart Wait Function is triggered

2021-10-21 14:38:08 - [TEST_STEP][PASSED] - if (!(getAttribute("value").contains("Vkn"))): null

2021-10-21 14:38:08 - [TEST_STEP][PASSED] - son.clear(): null

2021-10-21 14:38:09 - [TEST_STEP][PASSED] - son.sendKeys(Deger): null

2021-10-21 14:38:09 - [MESSAGE][PASSED] - Call Test Case 'Test Cases/Olusturma/Genel/Olusturma' successfully

2021-10-21 14:38:09 - [MESSAGE][INFO] - Checking called Test Case

2021-10-21 14:38:09 - [MESSAGE][INFO] - Starting to call Test Case 'Test Cases/Olusturma/Genel/NotGirilir'

2021-10-21 14:38:09 - [TEST_CASE][PASSED] - Test Cases/Olusturma/Genel/NotGirilir: Test Cases/Olusturma/Genel/NotGirilir

2021-10-21 14:38:09 - [TEST_STEP][PASSED] - i = 0: null

2021-10-21 14:38:09 - [TEST_STEP][PASSED] - waitForElementClickable(findTestObject("Olusturma/Genel/Not/Notlar"), 10): Object 'Object Repository/Olusturma/Genel/Not/Notlar' is clickable

2021-10-21 14:38:09 - [MESSAGE][INFO] - Finding Test Object 'Object Repository/Olusturma/Genel/Not/Notlar'

2021-10-21 14:38:09 - [MESSAGE][INFO] - Checking object

2021-10-21 14:38:09 - [MESSAGE][INFO] - Checking timeout

2021-10-21 14:38:09 - [MESSAGE][INFO] - Finding web element from Test Object's properties

2021-10-21 14:38:09 - [MESSAGE][INFO] - Checking timeout

2021-10-21 14:38:09 - [MESSAGE][INFO] - Finding web element with id: 'Object Repository/Olusturma/Genel/Not/Notlar' located by 'By.xpath: //*[@id = 'txtNote_I']' in '10' second(s)

2021-10-21 14:38:09 - [MESSAGE][INFO] - Smart Wait Function is triggered

2021-10-21 14:38:09 - [MESSAGE][INFO] - Found 1 web elements with id: 'Object Repository/Olusturma/Genel/Not/Notlar' located by 'By.xpath: //*[@id = 'txtNote_I']' in '10' second(s)

2021-10-21 14:38:09 - [MESSAGE][PASSED] - Object 'Object Repository/Olusturma/Genel/Not/Notlar' is clickable

2021-10-21 14:38:09 - [TEST_STEP][PASSED] - clearText(findTestObject("Olusturma/Genel/Not/Notlar")): Text of object 'Object Repository/Olusturma/Genel/Not/Notlar' is cleared

2021-10-21 14:38:09 - [MESSAGE][INFO] - Finding Test Object 'Object Repository/Olusturma/Genel/Not/Notlar'

2021-10-21 14:38:09 - [MESSAGE][INFO] - Checking object

2021-10-21 14:38:09 - [MESSAGE][INFO] - Finding web element from Test Object's properties

2021-10-21 14:38:09 - [MESSAGE][INFO] - Checking timeout

2021-10-21 14:38:09 - [MESSAGE][INFO] - Finding web element with id: 'Object Repository/Olusturma/Genel/Not/Notlar' located by 'By.xpath: //*[@id = 'txtNote_I']' in '30' second(s)

2021-10-21 14:38:09 - [MESSAGE][INFO] - Smart Wait Function is triggered

2021-10-21 14:38:10 - [MESSAGE][INFO] - Found 1 web elements with id: 'Object Repository/Olusturma/Genel/Not/Notlar' located by 'By.xpath: //*[@id = 'txtNote_I']' in '30' second(s)

2021-10-21 14:38:10 - [MESSAGE][INFO] - Clearing text of object 'Object Repository/Olusturma/Genel/Not/Notlar'

2021-10-21 14:38:10 - [MESSAGE][PASSED] - Text of object 'Object Repository/Olusturma/Genel/Not/Notlar' is cleared

2021-10-21 14:38:10 - [TEST_STEP][PASSED] - click(findTestObject("Olusturma/Genel/Not/Notlar")): Object: 'Object Repository/Olusturma/Genel/Not/Notlar' is clicked on

2021-10-21 14:38:10 - [MESSAGE][INFO] - Finding Test Object 'Object Repository/Olusturma/Genel/Not/Notlar'

2021-10-21 14:38:10 - [MESSAGE][INFO] - Checking object

2021-10-21 14:38:10 - [MESSAGE][INFO] - Finding web element from Test Object's properties

2021-10-21 14:38:10 - [MESSAGE][INFO] - Checking timeout

2021-10-21 14:38:10 - [MESSAGE][INFO] - Finding web element with id: 'Object Repository/Olusturma/Genel/Not/Notlar' located by 'By.xpath: //*[@id = 'txtNote_I']' in '30' second(s)

2021-10-21 14:38:10 - [MESSAGE][INFO] - Smart Wait Function is triggered

2021-10-21 14:38:10 - [MESSAGE][INFO] - Found 1 web elements with id: 'Object Repository/Olusturma/Genel/Not/Notlar' located by 'By.xpath: //*[@id = 'txtNote_I']' in '30' second(s)

2021-10-21 14:38:10 - [MESSAGE][INFO] - Clicking on object: 'Object Repository/Olusturma/Genel/Not/Notlar'

2021-10-21 14:38:10 - [MESSAGE][PASSED] - Object: 'Object Repository/Olusturma/Genel/Not/Notlar' is clicked on

2021-10-21 14:38:10 - [TEST_STEP][PASSED] - while (true): null

2021-10-21 14:38:10 - [TEST_STEP][PASSED] - delay(1): Delayed 1 second(s)

2021-10-21 14:38:10 - [MESSAGE][INFO] - Delaying browser in 1 second(s)

2021-10-21 14:38:11 - [MESSAGE][PASSED] - Delayed 1 second(s)

2021-10-21 14:38:11 - [TEST_STEP][PASSED] - ajaxIsComplete = executeJavaScript("return jQuery.active == 0", null): Execute JavaScript 'return jQuery.active == 0' successfully

2021-10-21 14:38:11 - [MESSAGE][PASSED] - Execute JavaScript 'return jQuery.active == 0' successfully

2021-10-21 14:38:11 - [TEST_STEP][PASSED] - if (ajaxIsComplete): null

2021-10-21 14:38:11 - [TEST_STEP][PASSED] - break: null

2021-10-21 14:38:11 - [TEST_STEP][PASSED] - sendKeys(findTestObject("Olusturma/Genel/Not/Notlar"), Not): Keys 'Otomasyon Not' sent to object: 'Object Repository/Olusturma/Genel/Not/Notlar'

2021-10-21 14:38:11 - [MESSAGE][INFO] - Finding Test Object 'Object Repository/Olusturma/Genel/Not/Notlar'

2021-10-21 14:38:12 - [MESSAGE][INFO] - Sending keys 'Otomasyon Not' to object: 'Object Repository/Olusturma/Genel/Not/Notlar'

2021-10-21 14:38:12 - [MESSAGE][INFO] - Finding web element from Test Object's properties

2021-10-21 14:38:12 - [MESSAGE][INFO] - Checking timeout

2021-10-21 14:38:12 - [MESSAGE][INFO] - Finding web element with id: 'Object Repository/Olusturma/Genel/Not/Notlar' located by 'By.xpath: //*[@id = 'txtNote_I']' in '30' second(s)

2021-10-21 14:38:12 - [MESSAGE][INFO] - Smart Wait Function is triggered

2021-10-21 14:38:12 - [MESSAGE][INFO] - Found 1 web elements with id: 'Object Repository/Olusturma/Genel/Not/Notlar' located by 'By.xpath: //*[@id = 'txtNote_I']' in '30' second(s)

2021-10-21 14:38:12 - [MESSAGE][PASSED] - Keys 'Otomasyon Not' sent to object: 'Object Repository/Olusturma/Genel/Not/Notlar'

2021-10-21 14:38:12 - [MESSAGE][PASSED] - Call Test Case 'Test Cases/Olusturma/Genel/NotGirilir' successfully

2021-10-21 14:38:12 - [MESSAGE][INFO] - Checking called Test Case

2021-10-21 14:38:12 - [MESSAGE][INFO] - Starting to call Test Case 'Test Cases/Olusturma/Genel/EttnBilgisiKayitEdilir'

2021-10-21 14:38:12 - [TEST_CASE][PASSED] - Test Cases/Olusturma/Genel/EttnBilgisiKayitEdilir: Test Cases/Olusturma/Genel/EttnBilgisiKayitEdilir

2021-10-21 14:38:12 - [TEST_STEP][PASSED] - verifyElementPresent(findTestObject("Object Repository/Olusturma/Genel/Olusturma/eArsivEttnBilgisi"), 7): Object 'Object Repository/Olusturma/Genel/Olusturma/eArsivEttnBilgisi' is present

2021-10-21 14:38:12 - [MESSAGE][INFO] - Finding Test Object 'Object Repository/Olusturma/Genel/Olusturma/eArsivEttnBilgisi'

2021-10-21 14:38:12 - [MESSAGE][INFO] - Checking object

2021-10-21 14:38:12 - [MESSAGE][INFO] - Finding web element from Test Object's properties

2021-10-21 14:38:12 - [MESSAGE][INFO] - Checking timeout

2021-10-21 14:38:12 - [MESSAGE][INFO] - Finding web element with id: 'Object Repository/Olusturma/Genel/Olusturma/eArsivEttnBilgisi' located by 'By.xpath: //*[@id = 'Uuid_I']' in '7' second(s)

2021-10-21 14:38:12 - [MESSAGE][INFO] - Smart Wait Function is triggered

2021-10-21 14:38:13 - [MESSAGE][INFO] - Found 1 web elements with id: 'Object Repository/Olusturma/Genel/Olusturma/eArsivEttnBilgisi' located by 'By.xpath: //*[@id = 'Uuid_I']' in '7' second(s)

2021-10-21 14:38:13 - [MESSAGE][PASSED] - Object 'Object Repository/Olusturma/Genel/Olusturma/eArsivEttnBilgisi' is present

2021-10-21 14:38:13 - [TEST_STEP][PASSED] - ettn = getAttribute(findTestObject("Object Repository/Olusturma/Genel/Olusturma/eArsivEttnBilgisi"), "value"): Attribute 'value' of object 'Object Repository/Olusturma/Genel/Olusturma/eArsivEttnBilgisi' is: '2bbc2ce3-82c6-4435-825b-546679a77bcd'

2021-10-21 14:38:13 - [MESSAGE][INFO] - Finding Test Object 'Object Repository/Olusturma/Genel/Olusturma/eArsivEttnBilgisi'

2021-10-21 14:38:13 - [MESSAGE][INFO] - Checking object

2021-10-21 14:38:13 - [MESSAGE][INFO] - Checking attribute

2021-10-21 14:38:13 - [MESSAGE][INFO] - Finding web element from Test Object's properties

2021-10-21 14:38:13 - [MESSAGE][INFO] - Checking timeout

2021-10-21 14:38:13 - [MESSAGE][INFO] - Finding web element with id: 'Object Repository/Olusturma/Genel/Olusturma/eArsivEttnBilgisi' located by 'By.xpath: //*[@id = 'Uuid_I']' in '30' second(s)

2021-10-21 14:38:13 - [MESSAGE][INFO] - Smart Wait Function is triggered

2021-10-21 14:38:13 - [MESSAGE][INFO] - Found 1 web elements with id: 'Object Repository/Olusturma/Genel/Olusturma/eArsivEttnBilgisi' located by 'By.xpath: //*[@id = 'Uuid_I']' in '30' second(s)

2021-10-21 14:38:13 - [MESSAGE][INFO] - Getting attribute 'value' of object 'Object Repository/Olusturma/Genel/Olusturma/eArsivEttnBilgisi'

2021-10-21 14:38:13 - [MESSAGE][PASSED] - Attribute 'value' of object 'Object Repository/Olusturma/Genel/Olusturma/eArsivEttnBilgisi' is: '2bbc2ce3-82c6-4435-825b-546679a77bcd'

2021-10-21 14:38:13 - [MESSAGE][PASSED] - Call Test Case 'Test Cases/Olusturma/Genel/EttnBilgisiKayitEdilir' successfully

2021-10-21 14:38:13 - [MESSAGE][INFO] - Checking called Test Case

2021-10-21 14:38:13 - [MESSAGE][INFO] - Starting to call Test Case 'Test Cases/Olusturma/Genel/KaydetButonunaTiklanir'

2021-10-21 14:38:13 - [TEST_CASE][PASSED] - Test Cases/Olusturma/Genel/KaydetButonunaTiklanir: Test Cases/Olusturma/Genel/KaydetButonunaTiklanir

2021-10-21 14:38:13 - [TEST_STEP][PASSED] - i = 0: null

2021-10-21 14:38:13 - [TEST_STEP][PASSED] - waitForElementPresent(findTestObject("Olusturma/Genel/Not/Notlar"), 10): Object 'Object Repository/Olusturma/Genel/Not/Notlar' is present

2021-10-21 14:38:13 - [MESSAGE][INFO] - Finding Test Object 'Object Repository/Olusturma/Genel/Not/Notlar'

2021-10-21 14:38:13 - [MESSAGE][INFO] - Checking object

2021-10-21 14:38:13 - [MESSAGE][INFO] - Finding web element from Test Object's properties

2021-10-21 14:38:13 - [MESSAGE][INFO] - Checking timeout

2021-10-21 14:38:13 - [MESSAGE][INFO] - Finding web element with id: 'Object Repository/Olusturma/Genel/Not/Notlar' located by 'By.xpath: //*[@id = 'txtNote_I']' in '10' second(s)

2021-10-21 14:38:13 - [MESSAGE][INFO] - Smart Wait Function is triggered

2021-10-21 14:38:14 - [MESSAGE][INFO] - Found 1 web elements with id: 'Object Repository/Olusturma/Genel/Not/Notlar' located by 'By.xpath: //*[@id = 'txtNote_I']' in '10' second(s)

2021-10-21 14:38:14 - [MESSAGE][PASSED] - Object 'Object Repository/Olusturma/Genel/Not/Notlar' is present

2021-10-21 14:38:14 - [TEST_STEP][PASSED] - click(findTestObject("Olusturma/Genel/Not/Notlar")): Object: 'Object Repository/Olusturma/Genel/Not/Notlar' is clicked on

2021-10-21 14:38:14 - [MESSAGE][INFO] - Finding Test Object 'Object Repository/Olusturma/Genel/Not/Notlar'

2021-10-21 14:38:14 - [MESSAGE][INFO] - Checking object

2021-10-21 14:38:14 - [MESSAGE][INFO] - Finding web element from Test Object's properties

2021-10-21 14:38:14 - [MESSAGE][INFO] - Checking timeout

2021-10-21 14:38:14 - [MESSAGE][INFO] - Finding web element with id: 'Object Repository/Olusturma/Genel/Not/Notlar' located by 'By.xpath: //*[@id = 'txtNote_I']' in '30' second(s)

2021-10-21 14:38:14 - [MESSAGE][INFO] - Smart Wait Function is triggered

2021-10-21 14:38:14 - [MESSAGE][INFO] - Found 1 web elements with id: 'Object Repository/Olusturma/Genel/Not/Notlar' located by 'By.xpath: //*[@id = 'txtNote_I']' in '30' second(s)

2021-10-21 14:38:14 - [MESSAGE][INFO] - Clicking on object: 'Object Repository/Olusturma/Genel/Not/Notlar'

2021-10-21 14:38:14 - [MESSAGE][PASSED] - Object: 'Object Repository/Olusturma/Genel/Not/Notlar' is clicked on

2021-10-21 14:38:14 - [TEST_STEP][PASSED] - while (true): null

2021-10-21 14:38:14 - [TEST_STEP][PASSED] - delay(1): Delayed 1 second(s)

2021-10-21 14:38:14 - [MESSAGE][INFO] - Delaying browser in 1 second(s)

2021-10-21 14:38:15 - [MESSAGE][PASSED] - Delayed 1 second(s)

2021-10-21 14:38:15 - [TEST_STEP][PASSED] - ajaxIsComplete = executeJavaScript("return jQuery.active == 0", null): Execute JavaScript 'return jQuery.active == 0' successfully

2021-10-21 14:38:15 - [MESSAGE][PASSED] - Execute JavaScript 'return jQuery.active == 0' successfully

2021-10-21 14:38:15 - [TEST_STEP][PASSED] - if (ajaxIsComplete): null

2021-10-21 14:38:15 - [TEST_STEP][PASSED] - break: null

2021-10-21 14:38:15 - [TEST_STEP][PASSED] - waitForElementClickable(findTestObject("Object Repository/Olusturma/Genel/Buton"), 10): Object 'Object Repository/Olusturma/Genel/Buton' is clickable

2021-10-21 14:38:15 - [MESSAGE][INFO] - Finding Test Object 'Object Repository/Olusturma/Genel/Buton'

2021-10-21 14:38:15 - [MESSAGE][INFO] - Checking object

2021-10-21 14:38:15 - [MESSAGE][INFO] - Checking timeout

2021-10-21 14:38:15 - [MESSAGE][INFO] - Finding web element from Test Object's properties

2021-10-21 14:38:15 - [MESSAGE][INFO] - Checking timeout

2021-10-21 14:38:15 - [MESSAGE][INFO] - Finding web element with id: 'Object Repository/Olusturma/Genel/Buton' located by 'By.xpath: //*[@id = 'btnKaydet']' in '10' second(s)

2021-10-21 14:38:15 - [MESSAGE][INFO] - Smart Wait Function is triggered

2021-10-21 14:38:16 - [MESSAGE][INFO] - Found 1 web elements with id: 'Object Repository/Olusturma/Genel/Buton' located by 'By.xpath: //*[@id = 'btnKaydet']' in '10' second(s)

2021-10-21 14:38:16 - [MESSAGE][PASSED] - Object 'Object Repository/Olusturma/Genel/Buton' is clickable

2021-10-21 14:38:16 - [TEST_STEP][PASSED] - click(findTestObject("Object Repository/Olusturma/Genel/Buton")): Object: 'Object Repository/Olusturma/Genel/Buton' is clicked on

2021-10-21 14:38:16 - [MESSAGE][INFO] - Finding Test Object 'Object Repository/Olusturma/Genel/Buton'

2021-10-21 14:38:16 - [MESSAGE][INFO] - Checking object

2021-10-21 14:38:16 - [MESSAGE][INFO] - Finding web element from Test Object's properties

2021-10-21 14:38:16 - [MESSAGE][INFO] - Checking timeout

2021-10-21 14:38:16 - [MESSAGE][INFO] - Finding web element with id: 'Object Repository/Olusturma/Genel/Buton' located by 'By.xpath: //*[@id = 'btnKaydet']' in '30' second(s)

2021-10-21 14:38:16 - [MESSAGE][INFO] - Smart Wait Function is triggered

2021-10-21 14:38:16 - [MESSAGE][INFO] - Found 1 web elements with id: 'Object Repository/Olusturma/Genel/Buton' located by 'By.xpath: //*[@id = 'btnKaydet']' in '30' second(s)

2021-10-21 14:38:16 - [MESSAGE][INFO] - Clicking on object: 'Object Repository/Olusturma/Genel/Buton'

2021-10-21 14:38:19 - [MESSAGE][PASSED] - Object: 'Object Repository/Olusturma/Genel/Buton' is clicked on

2021-10-21 14:38:19 - [MESSAGE][PASSED] - Call Test Case 'Test Cases/Olusturma/Genel/KaydetButonunaTiklanir' successfully

2021-10-21 14:38:19 - [MESSAGE][INFO] - Checking called Test Case

2021-10-21 14:38:19 - [MESSAGE][INFO] - Starting to call Test Case 'Test Cases/Tablo/TablodaEttnliVeriOlusturulduMu'

2021-10-21 14:38:19 - [TEST_CASE][PASSED] - Test Cases/Tablo/TablodaEttnliVeriOlusturulduMu: Test Cases/Tablo/TablodaEttnliVeriOlusturulduMu

2021-10-21 14:38:19 - [TEST_STEP][PASSED] - Method.TextDegerineEsitElementVarMi(findTestObject("Tablo/OlusturulanVeri"), ettn): Method.TextDegerineEsitElementVarMi is PASSED

2021-10-21 14:38:19 - [MESSAGE][INFO] - Finding Test Object 'Object Repository/Tablo/OlusturulanVeri'

2021-10-21 14:38:19 - [MESSAGE][INFO] - Checking timeout

2021-10-21 14:38:19 - [MESSAGE][INFO] - Finding web element with id: 'Object Repository/Tablo/OlusturulanVeri' located by 'By.cssSelector: table.dxgvTable_LECustomTheme>tbody>tr:nth-child(3)>td.dxgv b,table.dxgvTable_LECustomTheme>tbody>tr:nth-child(3)>td.dxgv' in '10' second(s)

2021-10-21 14:38:19 - [MESSAGE][INFO] - Smart Wait Function is triggered

2021-10-21 14:38:20 - [MESSAGE][INFO] - Found 14 web elements with id: 'Object Repository/Tablo/OlusturulanVeri' located by 'By.cssSelector: table.dxgvTable_LECustomTheme>tbody>tr:nth-child(3)>td.dxgv b,table.dxgvTable_LECustomTheme>tbody>tr:nth-child(3)>td.dxgv' in '10' second(s)

2021-10-21 14:38:20 - [MESSAGE][PASSED] - Method.TextDegerineEsitElementVarMi is PASSED

2021-10-21 14:38:20 - [MESSAGE][PASSED] - Call Test Case 'Test Cases/Tablo/TablodaEttnliVeriOlusturulduMu' successfully

2021-10-21 14:38:20 - [MESSAGE][INFO] - Checking called Test Case

2021-10-21 14:38:20 - [MESSAGE][INFO] - Starting to call Test Case 'Test Cases/Tablo/TablodanEttnliVeriSec'

2021-10-21 14:38:20 - [TEST_CASE][PASSED] - Test Cases/Tablo/TablodanEttnliVeriSec: Test Cases/Tablo/TablodanEttnliVeriSec

2021-10-21 14:38:20 - [TEST_STEP][PASSED] - Method.TextDegerineEsitElementinAltindakineTikla(findTestObject("Tablo/Veriler"), findTestObject("Tablo/VerininCheckBoxi"), ettn): Method.TextDegerineEsitElementinAltindakineTikla is PASSED

2021-10-21 14:38:20 - [MESSAGE][INFO] - Finding Test Object 'Object Repository/Tablo/Veriler'

2021-10-21 14:38:20 - [MESSAGE][INFO] - Finding Test Object 'Object Repository/Tablo/VerininCheckBoxi'

2021-10-21 14:38:20 - [MESSAGE][INFO] - Checking timeout

2021-10-21 14:38:20 - [MESSAGE][INFO] - Finding web element with id: 'Object Repository/Tablo/Veriler' located by 'By.cssSelector: td.dxgv b ,td.dxgv' in '10' second(s)

2021-10-21 14:38:20 - [MESSAGE][INFO] - Smart Wait Function is triggered

2021-10-21 14:38:21 - [MESSAGE][INFO] - Found 70 web elements with id: 'Object Repository/Tablo/Veriler' located by 'By.cssSelector: td.dxgv b ,td.dxgv' in '10' second(s)

2021-10-21 14:38:21 - [MESSAGE][INFO] - Smart Wait Function is triggered

2021-10-21 14:38:21 - [MESSAGE][PASSED] - Method.TextDegerineEsitElementinAltindakineTikla is PASSED

2021-10-21 14:38:21 - [MESSAGE][PASSED] - Call Test Case 'Test Cases/Tablo/TablodanEttnliVeriSec' successfully

2021-10-21 14:38:21 - [MESSAGE][INFO] - Checking called Test Case

2021-10-21 14:38:21 - [MESSAGE][INFO] - Starting to call Test Case 'Test Cases/Butonlar/ButonaTikla'

2021-10-21 14:38:21 - [TEST_CASE][PASSED] - Test Cases/Butonlar/ButonaTikla: Test Cases/Butonlar/ButonaTikla

2021-10-21 14:38:21 - [TEST_STEP][PASSED] - Method.TextDegerineEsitElementeTiklaEquals(findTestObject("Butonlar/Butonlar"), Buton_Adi): Method.TextDegerineEsitElementeTiklaEquals is PASSED

2021-10-21 14:38:21 - [MESSAGE][INFO] - Finding Test Object 'Object Repository/Butonlar/Butonlar'

2021-10-21 14:38:21 - [MESSAGE][INFO] - Checking timeout

2021-10-21 14:38:21 - [MESSAGE][INFO] - Finding web element with id: 'Object Repository/Butonlar/Butonlar' located by 'By.cssSelector: .panel.panel-default.text-center.footerPanel .btn,.btn.btn-primary.btnControls' in '10' second(s)

2021-10-21 14:38:21 - [MESSAGE][INFO] - Smart Wait Function is triggered

2021-10-21 14:38:22 - [MESSAGE][INFO] - Found 10 web elements with id: 'Object Repository/Butonlar/Butonlar' located by 'By.cssSelector: .panel.panel-default.text-center.footerPanel .btn,.btn.btn-primary.btnControls' in '10' second(s)

2021-10-21 14:38:22 - [MESSAGE][PASSED] - Method.TextDegerineEsitElementeTiklaEquals is PASSED

2021-10-21 14:38:22 - [MESSAGE][PASSED] - Call Test Case 'Test Cases/Butonlar/ButonaTikla' successfully

2021-10-21 14:38:22 - [MESSAGE][INFO] - Checking called Test Case

2021-10-21 14:38:22 - [MESSAGE][INFO] - Starting to call Test Case 'Test Cases/Popup/PopupMesajiIceriyorMu'

2021-10-21 14:38:22 - [TEST_CASE][PASSED] - Test Cases/Popup/PopupMesajiIceriyorMu: Test Cases/Popup/PopupMesajiIceriyorMu

2021-10-21 14:38:22 - [TEST_STEP][PASSED] - waitForElementVisible(findTestObject("Popup/Popup"), 10): Object 'Object Repository/Popup/Popup' is visible

2021-10-21 14:38:22 - [MESSAGE][INFO] - Finding Test Object 'Object Repository/Popup/Popup'

2021-10-21 14:38:22 - [MESSAGE][INFO] - Checking object

2021-10-21 14:38:22 - [MESSAGE][INFO] - Checking timeout

2021-10-21 14:38:22 - [MESSAGE][INFO] - Finding web element from Test Object's properties

2021-10-21 14:38:22 - [MESSAGE][INFO] - Checking timeout

2021-10-21 14:38:22 - [MESSAGE][INFO] - Finding web element with id: 'Object Repository/Popup/Popup' located by 'By.cssSelector: .bootbox-body' in '10' second(s)

2021-10-21 14:38:22 - [MESSAGE][INFO] - Smart Wait Function is triggered

2021-10-21 14:38:23 - [MESSAGE][INFO] - Found 1 web elements with id: 'Object Repository/Popup/Popup' located by 'By.cssSelector: .bootbox-body' in '10' second(s)

2021-10-21 14:38:23 - [MESSAGE][PASSED] - Object 'Object Repository/Popup/Popup' is visible

2021-10-21 14:38:23 - [TEST_STEP][PASSED] - if (!(getText(findTestObject("Popup/Popup")).contains(Mesaj))): Text of object 'Object Repository/Popup/Popup' is: 'Oluşturulacak fatura numarası : EAR2021000000402 Fatura numarası oluşturulduktan sonra fatura silinemez. Fatura numarası, tarihi ve ön eki değiştirilemez. Devam etmek istiyor musunuz?'

2021-10-21 14:38:23 - [MESSAGE][INFO] - Finding Test Object 'Object Repository/Popup/Popup'

2021-10-21 14:38:23 - [MESSAGE][INFO] - Checking object

2021-10-21 14:38:23 - [MESSAGE][INFO] - Finding web element from Test Object's properties

2021-10-21 14:38:23 - [MESSAGE][INFO] - Checking timeout

2021-10-21 14:38:23 - [MESSAGE][INFO] - Finding web element with id: 'Object Repository/Popup/Popup' located by 'By.cssSelector: .bootbox-body' in '30' second(s)

2021-10-21 14:38:23 - [MESSAGE][INFO] - Smart Wait Function is triggered

2021-10-21 14:38:24 - [MESSAGE][INFO] - Found 1 web elements with id: 'Object Repository/Popup/Popup' located by 'By.cssSelector: .bootbox-body' in '30' second(s)

2021-10-21 14:38:24 - [MESSAGE][INFO] - Getting text of object 'Object Repository/Popup/Popup'

2021-10-21 14:38:24 - [MESSAGE][PASSED] - Text of object 'Object Repository/Popup/Popup' is: 'Oluşturulacak fatura numarası : EAR2021000000402 Fatura numarası oluşturulduktan sonra fatura silinemez. Fatura numarası, tarihi ve ön eki değiştirilemez. Devam etmek istiyor musunuz?'

2021-10-21 14:38:24 - [TEST_STEP][PASSED] - RaporNo = getText(findTestObject("Popup/Popup")).substring(0, 6): Text of object 'Object Repository/Popup/Popup' is: 'Oluşturulacak fatura numarası : EAR2021000000402 Fatura numarası oluşturulduktan sonra fatura silinemez. Fatura numarası, tarihi ve ön eki değiştirilemez. Devam etmek istiyor musunuz?'

2021-10-21 14:38:24 - [MESSAGE][INFO] - Finding Test Object 'Object Repository/Popup/Popup'

2021-10-21 14:38:24 - [MESSAGE][INFO] - Checking object

2021-10-21 14:38:24 - [MESSAGE][INFO] - Finding web element from Test Object's properties

2021-10-21 14:38:24 - [MESSAGE][INFO] - Checking timeout

2021-10-21 14:38:24 - [MESSAGE][INFO] - Finding web element with id: 'Object Repository/Popup/Popup' located by 'By.cssSelector: .bootbox-body' in '30' second(s)

2021-10-21 14:38:24 - [MESSAGE][INFO] - Smart Wait Function is triggered

2021-10-21 14:38:24 - [MESSAGE][INFO] - Found 1 web elements with id: 'Object Repository/Popup/Popup' located by 'By.cssSelector: .bootbox-body' in '30' second(s)

2021-10-21 14:38:24 - [MESSAGE][INFO] - Getting text of object 'Object Repository/Popup/Popup'

2021-10-21 14:38:24 - [MESSAGE][PASSED] - Text of object 'Object Repository/Popup/Popup' is: 'Oluşturulacak fatura numarası : EAR2021000000402 Fatura numarası oluşturulduktan sonra fatura silinemez. Fatura numarası, tarihi ve ön eki değiştirilemez. Devam etmek istiyor musunuz?'

2021-10-21 14:38:24 - [TEST_STEP][PASSED] - Console.println(RaporNo): null

2021-10-21 14:38:24 - [MESSAGE][PASSED] - Call Test Case 'Test Cases/Popup/PopupMesajiIceriyorMu' successfully

2021-10-21 14:38:24 - [MESSAGE][INFO] - Checking called Test Case

2021-10-21 14:38:24 - [MESSAGE][INFO] - Starting to call Test Case 'Test Cases/Popup/PopupButonSecilir'

2021-10-21 14:38:24 - [TEST_CASE][PASSED] - Test Cases/Popup/PopupButonSecilir: Test Cases/Popup/PopupButonSecilir

2021-10-21 14:38:24 - [TEST_STEP][PASSED] - Method.TextDegerineEsitElementeTikla(findTestObject("Popup/Popup_Butons"), Buton): Method.TextDegerineEsitElementeTikla is PASSED

2021-10-21 14:38:24 - [MESSAGE][INFO] - Finding Test Object 'Object Repository/Popup/Popup_Butons'

2021-10-21 14:38:24 - [MESSAGE][INFO] - Checking timeout

2021-10-21 14:38:24 - [MESSAGE][INFO] - Finding web element with id: 'Object Repository/Popup/Popup_Butons' located by 'By.cssSelector: .modal-footer>button' in '10' second(s)

2021-10-21 14:38:24 - [MESSAGE][INFO] - Smart Wait Function is triggered

2021-10-21 14:38:24 - [MESSAGE][INFO] - Found 2 web elements with id: 'Object Repository/Popup/Popup_Butons' located by 'By.cssSelector: .modal-footer>button' in '10' second(s)

2021-10-21 14:38:25 - [MESSAGE][PASSED] - Method.TextDegerineEsitElementeTikla is PASSED

2021-10-21 14:38:25 - [MESSAGE][PASSED] - Call Test Case 'Test Cases/Popup/PopupButonSecilir' successfully

2021-10-21 14:38:25 - [MESSAGE][INFO] - Checking called Test Case

2021-10-21 14:38:25 - [MESSAGE][INFO] - Starting to call Test Case 'Test Cases/Popup/PopupMesajiIceriyorMu'

2021-10-21 14:38:25 - [TEST_CASE][PASSED] - Test Cases/Popup/PopupMesajiIceriyorMu: Test Cases/Popup/PopupMesajiIceriyorMu

2021-10-21 14:38:25 - [TEST_STEP][PASSED] - waitForElementVisible(findTestObject("Popup/Popup"), 10): Object 'Object Repository/Popup/Popup' is visible

2021-10-21 14:38:25 - [MESSAGE][INFO] - Finding Test Object 'Object Repository/Popup/Popup'

2021-10-21 14:38:25 - [MESSAGE][INFO] - Checking object

2021-10-21 14:38:25 - [MESSAGE][INFO] - Checking timeout

2021-10-21 14:38:25 - [MESSAGE][INFO] - Finding web element from Test Object's properties

2021-10-21 14:38:25 - [MESSAGE][INFO] - Checking timeout

2021-10-21 14:38:25 - [MESSAGE][INFO] - Finding web element with id: 'Object Repository/Popup/Popup' located by 'By.cssSelector: .bootbox-body' in '10' second(s)

2021-10-21 14:38:25 - [MESSAGE][INFO] - Smart Wait Function is triggered

2021-10-21 14:38:25 - [MESSAGE][INFO] - Found 1 web elements with id: 'Object Repository/Popup/Popup' located by 'By.cssSelector: .bootbox-body' in '10' second(s)

2021-10-21 14:38:25 - [MESSAGE][PASSED] - Object 'Object Repository/Popup/Popup' is visible

2021-10-21 14:38:25 - [TEST_STEP][PASSED] - if (!(getText(findTestObject("Popup/Popup")).contains(Mesaj))): Text of object 'Object Repository/Popup/Popup' is: 'Fatura numaranız EAR2021000000402 olarak oluşmuştur.'

2021-10-21 14:38:25 - [MESSAGE][INFO] - Finding Test Object 'Object Repository/Popup/Popup'

2021-10-21 14:38:26 - [MESSAGE][INFO] - Checking object

2021-10-21 14:38:26 - [MESSAGE][INFO] - Finding web element from Test Object's properties

2021-10-21 14:38:26 - [MESSAGE][INFO] - Checking timeout

2021-10-21 14:38:26 - [MESSAGE][INFO] - Finding web element with id: 'Object Repository/Popup/Popup' located by 'By.cssSelector: .bootbox-body' in '30' second(s)

2021-10-21 14:38:26 - [MESSAGE][INFO] - Smart Wait Function is triggered

2021-10-21 14:38:26 - [MESSAGE][INFO] - Found 1 web elements with id: 'Object Repository/Popup/Popup' located by 'By.cssSelector: .bootbox-body' in '30' second(s)

2021-10-21 14:38:26 - [MESSAGE][INFO] - Getting text of object 'Object Repository/Popup/Popup'

2021-10-21 14:38:26 - [MESSAGE][PASSED] - Text of object 'Object Repository/Popup/Popup' is: 'Fatura numaranız EAR2021000000402 olarak oluşmuştur.'

2021-10-21 14:38:26 - [TEST_STEP][PASSED] - RaporNo = getText(findTestObject("Popup/Popup")).substring(0, 6): Text of object 'Object Repository/Popup/Popup' is: 'Fatura numaranız EAR2021000000402 olarak oluşmuştur.'

2021-10-21 14:38:26 - [MESSAGE][INFO] - Finding Test Object 'Object Repository/Popup/Popup'

2021-10-21 14:38:26 - [MESSAGE][INFO] - Checking object

2021-10-21 14:38:26 - [MESSAGE][INFO] - Finding web element from Test Object's properties

2021-10-21 14:38:26 - [MESSAGE][INFO] - Checking timeout

2021-10-21 14:38:26 - [MESSAGE][INFO] - Finding web element with id: 'Object Repository/Popup/Popup' located by 'By.cssSelector: .bootbox-body' in '30' second(s)

2021-10-21 14:38:26 - [MESSAGE][INFO] - Smart Wait Function is triggered

2021-10-21 14:38:26 - [MESSAGE][INFO] - Found 1 web elements with id: 'Object Repository/Popup/Popup' located by 'By.cssSelector: .bootbox-body' in '30' second(s)

2021-10-21 14:38:26 - [MESSAGE][INFO] - Getting text of object 'Object Repository/Popup/Popup'

2021-10-21 14:38:26 - [MESSAGE][PASSED] - Text of object 'Object Repository/Popup/Popup' is: 'Fatura numaranız EAR2021000000402 olarak oluşmuştur.'

2021-10-21 14:38:26 - [TEST_STEP][PASSED] - Console.println(RaporNo): null

2021-10-21 14:38:26 - [MESSAGE][PASSED] - Call Test Case 'Test Cases/Popup/PopupMesajiIceriyorMu' successfully

2021-10-21 14:38:26 - [MESSAGE][INFO] - Checking called Test Case

2021-10-21 14:38:26 - [MESSAGE][INFO] - Starting to call Test Case 'Test Cases/Popup/PopupButonSecilir'

2021-10-21 14:38:26 - [TEST_CASE][PASSED] - Test Cases/Popup/PopupButonSecilir: Test Cases/Popup/PopupButonSecilir

2021-10-21 14:38:26 - [TEST_STEP][PASSED] - Method.TextDegerineEsitElementeTikla(findTestObject("Popup/Popup_Butons"), Buton): Method.TextDegerineEsitElementeTikla is PASSED

2021-10-21 14:38:26 - [MESSAGE][INFO] - Finding Test Object 'Object Repository/Popup/Popup_Butons'

2021-10-21 14:38:26 - [MESSAGE][INFO] - Checking timeout

2021-10-21 14:38:26 - [MESSAGE][INFO] - Finding web element with id: 'Object Repository/Popup/Popup_Butons' located by 'By.cssSelector: .modal-footer>button' in '10' second(s)

2021-10-21 14:38:26 - [MESSAGE][INFO] - Smart Wait Function is triggered

2021-10-21 14:38:27 - [MESSAGE][INFO] - Found 1 web elements with id: 'Object Repository/Popup/Popup_Butons' located by 'By.cssSelector: .modal-footer>button' in '10' second(s)

2021-10-21 14:38:27 - [MESSAGE][PASSED] - Method.TextDegerineEsitElementeTikla is PASSED

2021-10-21 14:38:27 - [MESSAGE][PASSED] - Call Test Case 'Test Cases/Popup/PopupButonSecilir' successfully

2021-10-21 14:38:27 - [MESSAGE][INFO] - Checking called Test Case

2021-10-21 14:38:27 - [MESSAGE][INFO] - Starting to call Test Case 'Test Cases/Tablo/TablodanEttnliVeriSec'

2021-10-21 14:38:27 - [TEST_CASE][PASSED] - Test Cases/Tablo/TablodanEttnliVeriSec: Test Cases/Tablo/TablodanEttnliVeriSec

2021-10-21 14:38:27 - [TEST_STEP][PASSED] - Method.TextDegerineEsitElementinAltindakineTikla(findTestObject("Tablo/Veriler"), findTestObject("Tablo/VerininCheckBoxi"), ettn): Method.TextDegerineEsitElementinAltindakineTikla is PASSED

2021-10-21 14:38:27 - [MESSAGE][INFO] - Finding Test Object 'Object Repository/Tablo/Veriler'

2021-10-21 14:38:27 - [MESSAGE][INFO] - Finding Test Object 'Object Repository/Tablo/VerininCheckBoxi'

2021-10-21 14:38:27 - [MESSAGE][INFO] - Checking timeout

2021-10-21 14:38:27 - [MESSAGE][INFO] - Finding web element with id: 'Object Repository/Tablo/Veriler' located by 'By.cssSelector: td.dxgv b ,td.dxgv' in '10' second(s)

2021-10-21 14:38:27 - [MESSAGE][INFO] - Smart Wait Function is triggered

2021-10-21 14:38:27 - [MESSAGE][INFO] - Found 70 web elements with id: 'Object Repository/Tablo/Veriler' located by 'By.cssSelector: td.dxgv b ,td.dxgv' in '10' second(s)

2021-10-21 14:38:28 - [MESSAGE][INFO] - Smart Wait Function is triggered

2021-10-21 14:38:28 - [MESSAGE][PASSED] - Method.TextDegerineEsitElementinAltindakineTikla is PASSED

2021-10-21 14:38:28 - [MESSAGE][PASSED] - Call Test Case 'Test Cases/Tablo/TablodanEttnliVeriSec' successfully

2021-10-21 14:38:28 - [MESSAGE][INFO] - Checking called Test Case

2021-10-21 14:38:28 - [MESSAGE][INFO] - Starting to call Test Case 'Test Cases/Butonlar/ButonaTikla'

2021-10-21 14:38:28 - [TEST_CASE][PASSED] - Test Cases/Butonlar/ButonaTikla: Test Cases/Butonlar/ButonaTikla

2021-10-21 14:38:28 - [TEST_STEP][PASSED] - Method.TextDegerineEsitElementeTiklaEquals(findTestObject("Butonlar/Butonlar"), Buton_Adi): Method.TextDegerineEsitElementeTiklaEquals is PASSED

2021-10-21 14:38:28 - [MESSAGE][INFO] - Finding Test Object 'Object Repository/Butonlar/Butonlar'

2021-10-21 14:38:28 - [MESSAGE][INFO] - Checking timeout

2021-10-21 14:38:28 - [MESSAGE][INFO] - Finding web element with id: 'Object Repository/Butonlar/Butonlar' located by 'By.cssSelector: .panel.panel-default.text-center.footerPanel .btn,.btn.btn-primary.btnControls' in '10' second(s)

2021-10-21 14:38:28 - [MESSAGE][INFO] - Smart Wait Function is triggered

2021-10-21 14:38:28 - [MESSAGE][INFO] - Found 10 web elements with id: 'Object Repository/Butonlar/Butonlar' located by 'By.cssSelector: .panel.panel-default.text-center.footerPanel .btn,.btn.btn-primary.btnControls' in '10' second(s)

2021-10-21 14:38:29 - [MESSAGE][PASSED] - Method.TextDegerineEsitElementeTiklaEquals is PASSED

2021-10-21 14:38:29 - [MESSAGE][PASSED] - Call Test Case 'Test Cases/Butonlar/ButonaTikla' successfully

2021-10-21 14:38:29 - [MESSAGE][INFO] - Checking called Test Case

2021-10-21 14:38:29 - [MESSAGE][INFO] - Starting to call Test Case 'Test Cases/Popup/PopupMesajiIceriyorMu'

2021-10-21 14:38:29 - [TEST_CASE][PASSED] - Test Cases/Popup/PopupMesajiIceriyorMu: Test Cases/Popup/PopupMesajiIceriyorMu

2021-10-21 14:38:29 - [TEST_STEP][PASSED] - waitForElementVisible(findTestObject("Popup/Popup"), 10): Object 'Object Repository/Popup/Popup' is visible

2021-10-21 14:38:29 - [MESSAGE][INFO] - Finding Test Object 'Object Repository/Popup/Popup'

2021-10-21 14:38:29 - [MESSAGE][INFO] - Checking object

2021-10-21 14:38:29 - [MESSAGE][INFO] - Checking timeout

2021-10-21 14:38:29 - [MESSAGE][INFO] - Finding web element from Test Object's properties

2021-10-21 14:38:29 - [MESSAGE][INFO] - Checking timeout

2021-10-21 14:38:29 - [MESSAGE][INFO] - Finding web element with id: 'Object Repository/Popup/Popup' located by 'By.cssSelector: .bootbox-body' in '10' second(s)

2021-10-21 14:38:29 - [MESSAGE][INFO] - Smart Wait Function is triggered

2021-10-21 14:38:29 - [MESSAGE][INFO] - Found 1 web elements with id: 'Object Repository/Popup/Popup' located by 'By.cssSelector: .bootbox-body' in '10' second(s)

2021-10-21 14:38:29 - [MESSAGE][PASSED] - Object 'Object Repository/Popup/Popup' is visible

2021-10-21 14:38:29 - [TEST_STEP][PASSED] - if (!(getText(findTestObject("Popup/Popup")).contains(Mesaj))): Text of object 'Object Repository/Popup/Popup' is: 'Seçilen faturalarınız onaylanacaktır. Onaylanan faturalar üzerinde değişiklik yapılamaz. Devam etmek istiyor musunuz?'

2021-10-21 14:38:29 - [MESSAGE][INFO] - Finding Test Object 'Object Repository/Popup/Popup'

2021-10-21 14:38:29 - [MESSAGE][INFO] - Checking object

2021-10-21 14:38:29 - [MESSAGE][INFO] - Finding web element from Test Object's properties

2021-10-21 14:38:29 - [MESSAGE][INFO] - Checking timeout

2021-10-21 14:38:29 - [MESSAGE][INFO] - Finding web element with id: 'Object Repository/Popup/Popup' located by 'By.cssSelector: .bootbox-body' in '30' second(s)

2021-10-21 14:38:29 - [MESSAGE][INFO] - Smart Wait Function is triggered

2021-10-21 14:38:30 - [MESSAGE][INFO] - Found 1 web elements with id: 'Object Repository/Popup/Popup' located by 'By.cssSelector: .bootbox-body' in '30' second(s)

2021-10-21 14:38:30 - [MESSAGE][INFO] - Getting text of object 'Object Repository/Popup/Popup'

2021-10-21 14:38:30 - [MESSAGE][PASSED] - Text of object 'Object Repository/Popup/Popup' is: 'Seçilen faturalarınız onaylanacaktır. Onaylanan faturalar üzerinde değişiklik yapılamaz. Devam etmek istiyor musunuz?'

2021-10-21 14:38:30 - [TEST_STEP][PASSED] - RaporNo = getText(findTestObject("Popup/Popup")).substring(0, 6): Text of object 'Object Repository/Popup/Popup' is: 'Seçilen faturalarınız onaylanacaktır. Onaylanan faturalar üzerinde değişiklik yapılamaz. Devam etmek istiyor musunuz?'

2021-10-21 14:38:30 - [MESSAGE][INFO] - Finding Test Object 'Object Repository/Popup/Popup'

2021-10-21 14:38:30 - [MESSAGE][INFO] - Checking object

2021-10-21 14:38:30 - [MESSAGE][INFO] - Finding web element from Test Object's properties

2021-10-21 14:38:30 - [MESSAGE][INFO] - Checking timeout

2021-10-21 14:38:30 - [MESSAGE][INFO] - Finding web element with id: 'Object Repository/Popup/Popup' located by 'By.cssSelector: .bootbox-body' in '30' second(s)

2021-10-21 14:38:30 - [MESSAGE][INFO] - Smart Wait Function is triggered

2021-10-21 14:38:30 - [MESSAGE][INFO] - Found 1 web elements with id: 'Object Repository/Popup/Popup' located by 'By.cssSelector: .bootbox-body' in '30' second(s)

2021-10-21 14:38:30 - [MESSAGE][INFO] - Getting text of object 'Object Repository/Popup/Popup'

2021-10-21 14:38:30 - [MESSAGE][PASSED] - Text of object 'Object Repository/Popup/Popup' is: 'Seçilen faturalarınız onaylanacaktır. Onaylanan faturalar üzerinde değişiklik yapılamaz. Devam etmek istiyor musunuz?'

2021-10-21 14:38:30 - [TEST_STEP][PASSED] - Console.println(RaporNo): null

2021-10-21 14:38:30 - [MESSAGE][PASSED] - Call Test Case 'Test Cases/Popup/PopupMesajiIceriyorMu' successfully

2021-10-21 14:38:30 - [MESSAGE][INFO] - Checking called Test Case

2021-10-21 14:38:30 - [MESSAGE][INFO] - Starting to call Test Case 'Test Cases/Popup/PopupButonSecilir'

2021-10-21 14:38:30 - [TEST_CASE][PASSED] - Test Cases/Popup/PopupButonSecilir: Test Cases/Popup/PopupButonSecilir

2021-10-21 14:38:30 - [TEST_STEP][PASSED] - Method.TextDegerineEsitElementeTikla(findTestObject("Popup/Popup_Butons"), Buton): Method.TextDegerineEsitElementeTikla is PASSED

2021-10-21 14:38:30 - [MESSAGE][INFO] - Finding Test Object 'Object Repository/Popup/Popup_Butons'

2021-10-21 14:38:30 - [MESSAGE][INFO] - Checking timeout

2021-10-21 14:38:30 - [MESSAGE][INFO] - Finding web element with id: 'Object Repository/Popup/Popup_Butons' located by 'By.cssSelector: .modal-footer>button' in '10' second(s)

2021-10-21 14:38:30 - [MESSAGE][INFO] - Smart Wait Function is triggered

2021-10-21 14:38:30 - [MESSAGE][INFO] - Found 2 web elements with id: 'Object Repository/Popup/Popup_Butons' located by 'By.cssSelector: .modal-footer>button' in '10' second(s)

2021-10-21 14:38:31 - [MESSAGE][PASSED] - Method.TextDegerineEsitElementeTikla is PASSED

2021-10-21 14:38:31 - [MESSAGE][PASSED] - Call Test Case 'Test Cases/Popup/PopupButonSecilir' successfully

2021-10-21 14:38:31 - [MESSAGE][INFO] - Checking called Test Case

2021-10-21 14:38:31 - [MESSAGE][INFO] - Starting to call Test Case 'Test Cases/Menu/AnaMenuSecimi'

2021-10-21 14:38:31 - [TEST_CASE][PASSED] - Test Cases/Menu/AnaMenuSecimi: Test Cases/Menu/AnaMenuSecimi

2021-10-21 14:38:31 - [TEST_STEP][PASSED] - Method.TextDegerineEsitElementeTikla(findTestObject("Menu/Ana_Menu"), Ana_Menu): Method.TextDegerineEsitElementeTikla is PASSED

2021-10-21 14:38:31 - [MESSAGE][INFO] - Finding Test Object 'Object Repository/Menu/Ana_Menu'

2021-10-21 14:38:31 - [MESSAGE][INFO] - Checking timeout

2021-10-21 14:38:31 - [MESSAGE][INFO] - Finding web element with id: 'Object Repository/Menu/Ana_Menu' located by 'By.xpath: //*[@class = 'dropdown-toggle']' in '10' second(s)

2021-10-21 14:38:31 - [MESSAGE][INFO] - Smart Wait Function is triggered

2021-10-21 14:38:32 - [MESSAGE][INFO] - Found 13 web elements with id: 'Object Repository/Menu/Ana_Menu' located by 'By.xpath: //*[@class = 'dropdown-toggle']' in '10' second(s)

2021-10-21 14:38:32 - [MESSAGE][PASSED] - Method.TextDegerineEsitElementeTikla is PASSED

2021-10-21 14:38:32 - [MESSAGE][PASSED] - Call Test Case 'Test Cases/Menu/AnaMenuSecimi' successfully

2021-10-21 14:38:32 - [MESSAGE][INFO] - Checking called Test Case

2021-10-21 14:38:32 - [MESSAGE][INFO] - Starting to call Test Case 'Test Cases/Menu/BasligaGoreAltMenuSecimi'

2021-10-21 14:38:32 - [TEST_CASE][PASSED] - Test Cases/Menu/BasligaGoreAltMenuSecimi: Test Cases/Menu/BasligaGoreAltMenuSecimi

2021-10-21 14:38:32 - [TEST_STEP][PASSED] - Method.TextDegerineEsitElementinAltindakiTextDegerineEsitOlanaTikla(findTestObject("Menu/Menu_Basligi"), findTestObject("Menu/Basliga_Gore_Alt_Menu"), Baslik, Alt_Menu): Method.TextDegerineEsitElementinAltindakiTextDegerineEsitOlanaTikla is PASSED

2021-10-21 14:38:32 - [MESSAGE][INFO] - Finding Test Object 'Object Repository/Menu/Menu_Basligi'

2021-10-21 14:38:32 - [MESSAGE][INFO] - Finding Test Object 'Object Repository/Menu/Basliga_Gore_Alt_Menu'

2021-10-21 14:38:32 - [MESSAGE][INFO] - Checking timeout

2021-10-21 14:38:32 - [MESSAGE][INFO] - Finding web element with id: 'Object Repository/Menu/Menu_Basligi' located by 'By.xpath: //li[@class='dropdown dropdown-large open']//li[@class='dropdown-header']' in '10' second(s)

2021-10-21 14:38:32 - [MESSAGE][INFO] - Smart Wait Function is triggered

2021-10-21 14:38:32 - [MESSAGE][INFO] - Found 2 web elements with id: 'Object Repository/Menu/Menu_Basligi' located by 'By.xpath: //li[@class='dropdown dropdown-large open']//li[@class='dropdown-header']' in '10' second(s)

2021-10-21 14:38:32 - [MESSAGE][INFO] - Smart Wait Function is triggered

2021-10-21 14:38:35 - [MESSAGE][PASSED] - Method.TextDegerineEsitElementinAltindakiTextDegerineEsitOlanaTikla is PASSED

2021-10-21 14:38:35 - [MESSAGE][PASSED] - Call Test Case 'Test Cases/Menu/BasligaGoreAltMenuSecimi' successfully

2021-10-21 14:38:35 - [MESSAGE][INFO] - Checking called Test Case

2021-10-21 14:38:35 - [MESSAGE][INFO] - Starting to call Test Case 'Test Cases/Filtreler/EttnYaz'

2021-10-21 14:38:35 - [TEST_CASE][PASSED] - Test Cases/Filtreler/EttnYaz: Test Cases/Filtreler/EttnYaz

2021-10-21 14:38:35 - [TEST_STEP][PASSED] - Method.TextDegerineEsitElementinAltindakiTextboxtaYaz(findTestObject("Filtreler/Basliklar"), findTestObject("Filtreler/Basliga_Gore_Textbox"), "ETTN", ettn): Method.TextDegerineEsitElementinAltindakiTextboxtaYaz is PASSED

2021-10-21 14:38:35 - [MESSAGE][INFO] - Finding Test Object 'Object Repository/Filtreler/Basliklar'

2021-10-21 14:38:35 - [MESSAGE][INFO] - Finding Test Object 'Object Repository/Filtreler/Basliga_Gore_Textbox'

2021-10-21 14:38:35 - [MESSAGE][INFO] - Checking timeout

2021-10-21 14:38:35 - [MESSAGE][INFO] - Finding web element with id: 'Object Repository/Filtreler/Basliklar' located by 'By.cssSelector: .control-label.col-sm-4.paddingMarginRLC' in '10' second(s)

2021-10-21 14:38:35 - [MESSAGE][INFO] - Smart Wait Function is triggered

2021-10-21 14:38:35 - [MESSAGE][INFO] - Found 19 web elements with id: 'Object Repository/Filtreler/Basliklar' located by 'By.cssSelector: .control-label.col-sm-4.paddingMarginRLC' in '10' second(s)

2021-10-21 14:38:35 - [MESSAGE][INFO] - Smart Wait Function is triggered

2021-10-21 14:38:36 - [MESSAGE][PASSED] - Method.TextDegerineEsitElementinAltindakiTextboxtaYaz is PASSED

2021-10-21 14:38:36 - [MESSAGE][PASSED] - Call Test Case 'Test Cases/Filtreler/EttnYaz' successfully

2021-10-21 14:38:36 - [MESSAGE][INFO] - Checking called Test Case

2021-10-21 14:38:36 - [MESSAGE][INFO] - Starting to call Test Case 'Test Cases/Filtreler/ButonaTikla'

2021-10-21 14:38:36 - [TEST_CASE][PASSED] - Test Cases/Filtreler/ButonaTikla: Test Cases/Filtreler/ButonaTikla

2021-10-21 14:38:36 - [TEST_STEP][PASSED] - Method.TextDegerineEsitElementeTikla(findTestObject("Filtreler/Butonlar"), Filtre_Buton): Method.TextDegerineEsitElementeTikla is PASSED

2021-10-21 14:38:36 - [MESSAGE][INFO] - Finding Test Object 'Object Repository/Filtreler/Butonlar'

2021-10-21 14:38:36 - [MESSAGE][INFO] - Checking timeout

2021-10-21 14:38:36 - [MESSAGE][INFO] - Finding web element with id: 'Object Repository/Filtreler/Butonlar' located by 'By.cssSelector: .dxb>span' in '10' second(s)

2021-10-21 14:38:36 - [MESSAGE][INFO] - Smart Wait Function is triggered

2021-10-21 14:38:37 - [MESSAGE][INFO] - Found 3 web elements with id: 'Object Repository/Filtreler/Butonlar' located by 'By.cssSelector: .dxb>span' in '10' second(s)

2021-10-21 14:38:37 - [MESSAGE][PASSED] - Method.TextDegerineEsitElementeTikla is PASSED

2021-10-21 14:38:37 - [MESSAGE][PASSED] - Call Test Case 'Test Cases/Filtreler/ButonaTikla' successfully

2021-10-21 14:38:37 - [MESSAGE][INFO] - Checking called Test Case

2021-10-21 14:38:37 - [MESSAGE][INFO] - Starting to call Test Case 'Test Cases/Tablo/TablodaVeriVarMi'

2021-10-21 14:38:37 - [TEST_CASE][PASSED] - Test Cases/Tablo/TablodaVeriVarMi: Test Cases/Tablo/TablodaVeriVarMi

2021-10-21 14:38:37 - [TEST_STEP][PASSED] - verifyTextNotPresent("Görüntülenecek veri yok", true): Text 'Görüntülenecek veri yok' is not present on page using regular expression

2021-10-21 14:38:37 - [MESSAGE][INFO] - Checking text present  using regular expression

2021-10-21 14:38:37 - [MESSAGE][INFO] - Smart Wait Function is triggered

2021-10-21 14:38:38 - [MESSAGE][INFO] - Finding text 'Görüntülenecek veri yok' on page  using regular expression

2021-10-21 14:38:38 - [MESSAGE][PASSED] - Text 'Görüntülenecek veri yok' is not present on page using regular expression

2021-10-21 14:38:38 - [MESSAGE][PASSED] - Call Test Case 'Test Cases/Tablo/TablodaVeriVarMi' successfully

2021-10-21 14:38:38 - [MESSAGE][INFO] - Checking called Test Case

2021-10-21 14:38:38 - [MESSAGE][INFO] - Starting to call Test Case 'Test Cases/Tablo/TablodaVeriBasariliMiArsiv'

2021-10-21 14:38:38 - [TEST_CASE][PASSED] - Test Cases/Tablo/TablodaVeriBasariliMiArsiv: Test Cases/Tablo/TablodaVeriBasariliMiArsiv

2021-10-21 14:38:38 - [TEST_STEP][PASSED] - sayac = 80: null

2021-10-21 14:38:38 - [TEST_STEP][PASSED] - while (verifyElementText(findTestObject("Object Repository/Tablo/DurumBilgisiArsiv"), "Henüz Sonuçlanmadı", OPTIONAL)): Actual text 'Başarılı' and expected text 'Henüz Sonuçlanmadı' of test object 'Object Repository/Tablo/DurumBilgisiArsiv' are NOT matched. (Root cause: com.kms.katalon.core.exception.StepFailedException: Actual text 'Başarılı' and expected text 'Henüz Sonuçlanmadı' of test object 'Object Repository/Tablo/DurumBilgisiArsiv' are NOT matched.
	at com.kms.katalon.core.webui.keyword.internal.WebUIKeywordMain.stepFailed(WebUIKeywordMain.groovy:64)
	at com.kms.katalon.core.webui.keyword.builtin.VerifyElementTextKeyword$_verifyElementText_closure1.doCall(VerifyElementTextKeyword.groovy:57)
	at com.kms.katalon.core.webui.keyword.builtin.VerifyElementTextKeyword$_verifyElementText_closure1.call(VerifyElementTextKeyword.groovy)
	at com.kms.katalon.core.webui.keyword.internal.WebUIKeywordMain.runKeyword(WebUIKeywordMain.groovy:20)
	at com.kms.katalon.core.webui.keyword.builtin.VerifyElementTextKeyword.verifyElementText(VerifyElementTextKeyword.groovy:72)
	at com.kms.katalon.core.webui.keyword.builtin.VerifyElementTextKeyword.execute(VerifyElementTextKeyword.groovy:40)
	at com.kms.katalon.core.keyword.internal.KeywordExecutor.executeKeywordForPlatform(KeywordExecutor.groovy:73)
	at com.kms.katalon.core.webui.keyword.WebUiBuiltInKeywords.verifyElementText(WebUiBuiltInKeywords.groovy:4733)
	at com.kms.katalon.core.webui.keyword.WebUiBuiltInKeywords$verifyElementText$20.call(Unknown Source)
	at TablodaVeriBasariliMiArsiv.run(TablodaVeriBasariliMiArsiv:22)
	at com.kms.katalon.core.main.ScriptEngine.run(ScriptEngine.java:194)
	at com.kms.katalon.core.main.ScriptEngine.runScriptAsRawText(ScriptEngine.java:119)
	at com.kms.katalon.core.main.TestCaseExecutor.runScript(TestCaseExecutor.java:369)
	at com.kms.katalon.core.main.TestCaseExecutor.doExecute(TestCaseExecutor.java:360)
	at com.kms.katalon.core.main.TestCaseExecutor.processExecutionPhase(TestCaseExecutor.java:339)
	at com.kms.katalon.core.main.TestCaseExecutor.accessMainPhase(TestCaseExecutor.java:331)
	at com.kms.katalon.core.main.TestCaseExecutor.execute(TestCaseExecutor.java:248)
	at com.kms.katalon.core.main.TestCaseMain.runTestCase(TestCaseMain.java:138)
	at com.kms.katalon.core.keyword.builtin.CallTestCaseKeyword$_callTestCase_closure1.doCall(CallTestCaseKeyword.groovy:59)
	at com.kms.katalon.core.keyword.builtin.CallTestCaseKeyword$_callTestCase_closure1.call(CallTestCaseKeyword.groovy)
	at com.kms.katalon.core.keyword.internal.KeywordMain.runKeyword(KeywordMain.groovy:68)
	at com.kms.katalon.core.keyword.builtin.CallTestCaseKeyword.callTestCase(CallTestCaseKeyword.groovy:81)
	at com.kms.katalon.core.keyword.builtin.CallTestCaseKeyword.execute(CallTestCaseKeyword.groovy:44)
	at com.kms.katalon.core.keyword.internal.KeywordExecutor.executeKeywordForPlatform(KeywordExecutor.groovy:73)
	at com.kms.katalon.core.keyword.BuiltinKeywords.callTestCase(BuiltinKeywords.groovy:334)
	at tablo.tablo.tablodaVeriBasariliMiArsiv(tablo.groovy:95)
	at cucumber.runtime.Utils$1.call(Utils.java:26)
	at cucumber.runtime.Timeout.timeout(Timeout.java:16)
	at cucumber.runtime.Utils.invoke(Utils.java:20)
	at cucumber.runtime.java.JavaStepDefinition.execute(JavaStepDefinition.java:49)
	at cucumber.runner.PickleStepDefinitionMatch.runStep(PickleStepDefinitionMatch.java:50)
	at cucumber.runner.TestStep.executeStep(TestStep.java:63)
	at cucumber.runner.TestStep.run(TestStep.java:49)
	at cucumber.runner.PickleStepTestStep.run(PickleStepTestStep.java:43)
	at cucumber.runner.TestCase.run(TestCase.java:44)
	at cucumber.runner.Runner.runPickle(Runner.java:40)
	at cucumber.runtime.Runtime$1.run(Runtime.java:84)
	at cucumber.runtime.Runtime$SameThreadExecutorService.execute(Runtime.java:220)
	at cucumber.runtime.Runtime.run(Runtime.java:81)
	at cucumber.api.cli.Main.run(Main.java:26)
	at cucumber.api.cli.Main$run.call(Unknown Source)
	at com.kms.katalon.core.cucumber.keyword.CucumberBuiltinKeywords$_runFeatureFile_closure1.doCall(CucumberBuiltinKeywords.groovy:106)
	at com.kms.katalon.core.cucumber.keyword.CucumberBuiltinKeywords$_runFeatureFile_closure1.doCall(CucumberBuiltinKeywords.groovy)
	at com.kms.katalon.core.keyword.internal.KeywordMain.runKeyword(KeywordMain.groovy:68)
	at com.kms.katalon.core.keyword.internal.KeywordMain$runKeyword.call(Unknown Source)
	at com.kms.katalon.core.cucumber.keyword.CucumberBuiltinKeywords.runFeatureFile(CucumberBuiltinKeywords.groovy:73)
	at com.kms.katalon.core.cucumber.keyword.CucumberBuiltinKeywords$runFeatureFile$0.callStatic(Unknown Source)
	at com.kms.katalon.core.cucumber.keyword.CucumberBuiltinKeywords.runFeatureFile(CucumberBuiltinKeywords.groovy:246)
	at com.kms.katalon.core.cucumber.keyword.CucumberBuiltinKeywords$runFeatureFile.call(Unknown Source)
	at VKN-Kagit-Satis.run(VKN-Kagit-Satis:19)
	at com.kms.katalon.core.main.ScriptEngine.run(ScriptEngine.java:194)
	at com.kms.katalon.core.main.ScriptEngine.runScriptAsRawText(ScriptEngine.java:119)
	at com.kms.katalon.core.main.TestCaseExecutor.runScript(TestCaseExecutor.java:369)
	at com.kms.katalon.core.main.TestCaseExecutor.doExecute(TestCaseExecutor.java:360)
	at com.kms.katalon.core.main.TestCaseExecutor.processExecutionPhase(TestCaseExecutor.java:339)
	at com.kms.katalon.core.main.TestCaseExecutor.accessMainPhase(TestCaseExecutor.java:331)
	at com.kms.katalon.core.main.TestCaseExecutor.execute(TestCaseExecutor.java:248)
	at com.kms.katalon.core.main.TestSuiteExecutor.accessTestCaseMainPhase(TestSuiteExecutor.java:191)
	at com.kms.katalon.core.main.TestSuiteExecutor.accessTestSuiteMainPhase(TestSuiteExecutor.java:140)
	at com.kms.katalon.core.main.TestSuiteExecutor.execute(TestSuiteExecutor.java:89)
	at com.kms.katalon.core.main.TestCaseMain.startTestSuite(TestCaseMain.java:181)
	at com.kms.katalon.core.main.TestCaseMain$startTestSuite$0.call(Unknown Source)
	at TempTestSuite1634814289741.run(TempTestSuite1634814289741.groovy:39)
)

2021-10-21 14:38:38 - [MESSAGE][INFO] - Finding Test Object 'Object Repository/Tablo/DurumBilgisiArsiv'

2021-10-21 14:38:38 - [MESSAGE][INFO] - Checking object

2021-10-21 14:38:38 - [MESSAGE][INFO] - Finding web element from Test Object's properties

2021-10-21 14:38:38 - [MESSAGE][INFO] - Checking timeout

2021-10-21 14:38:38 - [MESSAGE][INFO] - Finding web element with id: 'Object Repository/Tablo/DurumBilgisiArsiv' located by 'By.xpath: //*[@id = 'GridViewEArchiveInvoices_tccell0_9']' in '30' second(s)

2021-10-21 14:38:38 - [MESSAGE][INFO] - Smart Wait Function is triggered

2021-10-21 14:38:38 - [MESSAGE][INFO] - Found 1 web elements with id: 'Object Repository/Tablo/DurumBilgisiArsiv' located by 'By.xpath: //*[@id = 'GridViewEArchiveInvoices_tccell0_9']' in '30' second(s)

2021-10-21 14:38:38 - [MESSAGE][WARNING] - Actual text 'Başarılı' and expected text 'Henüz Sonuçlanmadı' of test object 'Object Repository/Tablo/DurumBilgisiArsiv' are NOT matched. (Root cause: com.kms.katalon.core.exception.StepFailedException: Actual text 'Başarılı' and expected text 'Henüz Sonuçlanmadı' of test object 'Object Repository/Tablo/DurumBilgisiArsiv' are NOT matched.
	at com.kms.katalon.core.webui.keyword.internal.WebUIKeywordMain.stepFailed(WebUIKeywordMain.groovy:64)
	at com.kms.katalon.core.webui.keyword.builtin.VerifyElementTextKeyword$_verifyElementText_closure1.doCall(VerifyElementTextKeyword.groovy:57)
	at com.kms.katalon.core.webui.keyword.builtin.VerifyElementTextKeyword$_verifyElementText_closure1.call(VerifyElementTextKeyword.groovy)
	at com.kms.katalon.core.webui.keyword.internal.WebUIKeywordMain.runKeyword(WebUIKeywordMain.groovy:20)
	at com.kms.katalon.core.webui.keyword.builtin.VerifyElementTextKeyword.verifyElementText(VerifyElementTextKeyword.groovy:72)
	at com.kms.katalon.core.webui.keyword.builtin.VerifyElementTextKeyword.execute(VerifyElementTextKeyword.groovy:40)
	at com.kms.katalon.core.keyword.internal.KeywordExecutor.executeKeywordForPlatform(KeywordExecutor.groovy:73)
	at com.kms.katalon.core.webui.keyword.WebUiBuiltInKeywords.verifyElementText(WebUiBuiltInKeywords.groovy:4733)
	at com.kms.katalon.core.webui.keyword.WebUiBuiltInKeywords$verifyElementText$20.call(Unknown Source)
	at TablodaVeriBasariliMiArsiv.run(TablodaVeriBasariliMiArsiv:22)
	at com.kms.katalon.core.main.ScriptEngine.run(ScriptEngine.java:194)
	at com.kms.katalon.core.main.ScriptEngine.runScriptAsRawText(ScriptEngine.java:119)
	at com.kms.katalon.core.main.TestCaseExecutor.runScript(TestCaseExecutor.java:369)
	at com.kms.katalon.core.main.TestCaseExecutor.doExecute(TestCaseExecutor.java:360)
	at com.kms.katalon.core.main.TestCaseExecutor.processExecutionPhase(TestCaseExecutor.java:339)
	at com.kms.katalon.core.main.TestCaseExecutor.accessMainPhase(TestCaseExecutor.java:331)
	at com.kms.katalon.core.main.TestCaseExecutor.execute(TestCaseExecutor.java:248)
	at com.kms.katalon.core.main.TestCaseMain.runTestCase(TestCaseMain.java:138)
	at com.kms.katalon.core.keyword.builtin.CallTestCaseKeyword$_callTestCase_closure1.doCall(CallTestCaseKeyword.groovy:59)
	at com.kms.katalon.core.keyword.builtin.CallTestCaseKeyword$_callTestCase_closure1.call(CallTestCaseKeyword.groovy)
	at com.kms.katalon.core.keyword.internal.KeywordMain.runKeyword(KeywordMain.groovy:68)
	at com.kms.katalon.core.keyword.builtin.CallTestCaseKeyword.callTestCase(CallTestCaseKeyword.groovy:81)
	at com.kms.katalon.core.keyword.builtin.CallTestCaseKeyword.execute(CallTestCaseKeyword.groovy:44)
	at com.kms.katalon.core.keyword.internal.KeywordExecutor.executeKeywordForPlatform(KeywordExecutor.groovy:73)
	at com.kms.katalon.core.keyword.BuiltinKeywords.callTestCase(BuiltinKeywords.groovy:334)
	at tablo.tablo.tablodaVeriBasariliMiArsiv(tablo.groovy:95)
	at cucumber.runtime.Utils$1.call(Utils.java:26)
	at cucumber.runtime.Timeout.timeout(Timeout.java:16)
	at cucumber.runtime.Utils.invoke(Utils.java:20)
	at cucumber.runtime.java.JavaStepDefinition.execute(JavaStepDefinition.java:49)
	at cucumber.runner.PickleStepDefinitionMatch.runStep(PickleStepDefinitionMatch.java:50)
	at cucumber.runner.TestStep.executeStep(TestStep.java:63)
	at cucumber.runner.TestStep.run(TestStep.java:49)
	at cucumber.runner.PickleStepTestStep.run(PickleStepTestStep.java:43)
	at cucumber.runner.TestCase.run(TestCase.java:44)
	at cucumber.runner.Runner.runPickle(Runner.java:40)
	at cucumber.runtime.Runtime$1.run(Runtime.java:84)
	at cucumber.runtime.Runtime$SameThreadExecutorService.execute(Runtime.java:220)
	at cucumber.runtime.Runtime.run(Runtime.java:81)
	at cucumber.api.cli.Main.run(Main.java:26)
	at cucumber.api.cli.Main$run.call(Unknown Source)
	at com.kms.katalon.core.cucumber.keyword.CucumberBuiltinKeywords$_runFeatureFile_closure1.doCall(CucumberBuiltinKeywords.groovy:106)
	at com.kms.katalon.core.cucumber.keyword.CucumberBuiltinKeywords$_runFeatureFile_closure1.doCall(CucumberBuiltinKeywords.groovy)
	at com.kms.katalon.core.keyword.internal.KeywordMain.runKeyword(KeywordMain.groovy:68)
	at com.kms.katalon.core.keyword.internal.KeywordMain$runKeyword.call(Unknown Source)
	at com.kms.katalon.core.cucumber.keyword.CucumberBuiltinKeywords.runFeatureFile(CucumberBuiltinKeywords.groovy:73)
	at com.kms.katalon.core.cucumber.keyword.CucumberBuiltinKeywords$runFeatureFile$0.callStatic(Unknown Source)
	at com.kms.katalon.core.cucumber.keyword.CucumberBuiltinKeywords.runFeatureFile(CucumberBuiltinKeywords.groovy:246)
	at com.kms.katalon.core.cucumber.keyword.CucumberBuiltinKeywords$runFeatureFile.call(Unknown Source)
	at VKN-Kagit-Satis.run(VKN-Kagit-Satis:19)
	at com.kms.katalon.core.main.ScriptEngine.run(ScriptEngine.java:194)
	at com.kms.katalon.core.main.ScriptEngine.runScriptAsRawText(ScriptEngine.java:119)
	at com.kms.katalon.core.main.TestCaseExecutor.runScript(TestCaseExecutor.java:369)
	at com.kms.katalon.core.main.TestCaseExecutor.doExecute(TestCaseExecutor.java:360)
	at com.kms.katalon.core.main.TestCaseExecutor.processExecutionPhase(TestCaseExecutor.java:339)
	at com.kms.katalon.core.main.TestCaseExecutor.accessMainPhase(TestCaseExecutor.java:331)
	at com.kms.katalon.core.main.TestCaseExecutor.execute(TestCaseExecutor.java:248)
	at com.kms.katalon.core.main.TestSuiteExecutor.accessTestCaseMainPhase(TestSuiteExecutor.java:191)
	at com.kms.katalon.core.main.TestSuiteExecutor.accessTestSuiteMainPhase(TestSuiteExecutor.java:140)
	at com.kms.katalon.core.main.TestSuiteExecutor.execute(TestSuiteExecutor.java:89)
	at com.kms.katalon.core.main.TestCaseMain.startTestSuite(TestCaseMain.java:181)
	at com.kms.katalon.core.main.TestCaseMain$startTestSuite$0.call(Unknown Source)
	at TempTestSuite1634814289741.run(TempTestSuite1634814289741.groovy:39)
)

2021-10-21 14:38:38 - [TEST_STEP][PASSED] - Method.TextDegerineEsitElementVarMi(findTestObject("Object Repository/Tablo/DurumBilgisiArsiv"), "Başarılı"): Method.TextDegerineEsitElementVarMi is PASSED

2021-10-21 14:38:38 - [MESSAGE][INFO] - Finding Test Object 'Object Repository/Tablo/DurumBilgisiArsiv'

2021-10-21 14:38:38 - [MESSAGE][INFO] - Checking timeout

2021-10-21 14:38:38 - [MESSAGE][INFO] - Finding web element with id: 'Object Repository/Tablo/DurumBilgisiArsiv' located by 'By.xpath: //*[@id = 'GridViewEArchiveInvoices_tccell0_9']' in '10' second(s)

2021-10-21 14:38:38 - [MESSAGE][INFO] - Smart Wait Function is triggered

2021-10-21 14:38:39 - [MESSAGE][INFO] - Found 1 web elements with id: 'Object Repository/Tablo/DurumBilgisiArsiv' located by 'By.xpath: //*[@id = 'GridViewEArchiveInvoices_tccell0_9']' in '10' second(s)

2021-10-21 14:38:39 - [MESSAGE][PASSED] - Method.TextDegerineEsitElementVarMi is PASSED

2021-10-21 14:38:39 - [MESSAGE][PASSED] - Call Test Case 'Test Cases/Tablo/TablodaVeriBasariliMiArsiv' successfully

2021-10-21 14:38:39 - [MESSAGE][INFO] - Checking called Test Case

2021-10-21 14:38:39 - [MESSAGE][INFO] - Starting to call Test Case 'Test Cases/Kullanici_Islemleri/KullaniciIslemlerindenSecimYapilir'

2021-10-21 14:38:39 - [TEST_CASE][PASSED] - Test Cases/Kullanici_Islemleri/KullaniciIslemlerindenSecimYapilir: Test Cases/Kullanici_Islemleri/KullaniciIslemlerindenSecimYapilir

2021-10-21 14:38:39 - [TEST_STEP][PASSED] - waitForElementClickable(findTestObject("Object Repository/Kullanici_Islemleri/KullaniciIslemleri"), 10): Object 'Object Repository/Kullanici_Islemleri/KullaniciIslemleri' is clickable

2021-10-21 14:38:39 - [MESSAGE][INFO] - Finding Test Object 'Object Repository/Kullanici_Islemleri/KullaniciIslemleri'

2021-10-21 14:38:39 - [MESSAGE][INFO] - Checking object

2021-10-21 14:38:39 - [MESSAGE][INFO] - Checking timeout

2021-10-21 14:38:39 - [MESSAGE][INFO] - Finding web element from Test Object's properties

2021-10-21 14:38:39 - [MESSAGE][INFO] - Checking timeout

2021-10-21 14:38:39 - [MESSAGE][INFO] - Finding web element with id: 'Object Repository/Kullanici_Islemleri/KullaniciIslemleri' located by 'By.cssSelector: .dropdown>a>img' in '10' second(s)

2021-10-21 14:38:39 - [MESSAGE][INFO] - Smart Wait Function is triggered

2021-10-21 14:38:39 - [MESSAGE][INFO] - Found 1 web elements with id: 'Object Repository/Kullanici_Islemleri/KullaniciIslemleri' located by 'By.cssSelector: .dropdown>a>img' in '10' second(s)

2021-10-21 14:38:39 - [MESSAGE][PASSED] - Object 'Object Repository/Kullanici_Islemleri/KullaniciIslemleri' is clickable

2021-10-21 14:38:39 - [TEST_STEP][PASSED] - click(findTestObject("Object Repository/Kullanici_Islemleri/KullaniciIslemleri")): Object: 'Object Repository/Kullanici_Islemleri/KullaniciIslemleri' is clicked on

2021-10-21 14:38:39 - [MESSAGE][INFO] - Finding Test Object 'Object Repository/Kullanici_Islemleri/KullaniciIslemleri'

2021-10-21 14:38:40 - [MESSAGE][INFO] - Checking object

2021-10-21 14:38:40 - [MESSAGE][INFO] - Finding web element from Test Object's properties

2021-10-21 14:38:40 - [MESSAGE][INFO] - Checking timeout

2021-10-21 14:38:40 - [MESSAGE][INFO] - Finding web element with id: 'Object Repository/Kullanici_Islemleri/KullaniciIslemleri' located by 'By.cssSelector: .dropdown>a>img' in '30' second(s)

2021-10-21 14:38:40 - [MESSAGE][INFO] - Smart Wait Function is triggered

2021-10-21 14:38:40 - [MESSAGE][INFO] - Found 1 web elements with id: 'Object Repository/Kullanici_Islemleri/KullaniciIslemleri' located by 'By.cssSelector: .dropdown>a>img' in '30' second(s)

2021-10-21 14:38:40 - [MESSAGE][INFO] - Clicking on object: 'Object Repository/Kullanici_Islemleri/KullaniciIslemleri'

2021-10-21 14:38:40 - [MESSAGE][PASSED] - Object: 'Object Repository/Kullanici_Islemleri/KullaniciIslemleri' is clicked on

2021-10-21 14:38:40 - [TEST_STEP][PASSED] - Method.TextDegerineEsitElementeTikla(findTestObject("Object Repository/Kullanici_Islemleri/Secenekler"), Islem): Method.TextDegerineEsitElementeTikla is PASSED

2021-10-21 14:38:40 - [MESSAGE][INFO] - Finding Test Object 'Object Repository/Kullanici_Islemleri/Secenekler'

2021-10-21 14:38:40 - [MESSAGE][INFO] - Checking timeout

2021-10-21 14:38:40 - [MESSAGE][INFO] - Finding web element with id: 'Object Repository/Kullanici_Islemleri/Secenekler' located by 'By.cssSelector: .nav.navbar-nav.navbar-right li a' in '10' second(s)

2021-10-21 14:38:40 - [MESSAGE][INFO] - Smart Wait Function is triggered

2021-10-21 14:38:40 - [MESSAGE][INFO] - Found 20 web elements with id: 'Object Repository/Kullanici_Islemleri/Secenekler' located by 'By.cssSelector: .nav.navbar-nav.navbar-right li a' in '10' second(s)

2021-10-21 14:38:42 - [MESSAGE][PASSED] - Method.TextDegerineEsitElementeTikla is PASSED

2021-10-21 14:38:42 - [TEST_STEP][PASSED] - verifyElementNotPresent(findTestObject("Object Repository/Kullanici_Islemleri/Secenekler"), 10): Web element with id: 'Object Repository/Kullanici_Islemleri/Secenekler' located by 'By.cssSelector: .nav.navbar-nav.navbar-right li a' is not present after '10' second(s)

2021-10-21 14:38:42 - [MESSAGE][INFO] - Finding Test Object 'Object Repository/Kullanici_Islemleri/Secenekler'

2021-10-21 14:38:42 - [MESSAGE][INFO] - Checking object

2021-10-21 14:38:42 - [MESSAGE][INFO] - Checking timeout

2021-10-21 14:38:42 - [MESSAGE][INFO] - Finding web element with id: 'Object Repository/Kullanici_Islemleri/Secenekler' located by 'By.cssSelector: .nav.navbar-nav.navbar-right li a' in '10' second(s)

2021-10-21 14:38:42 - [MESSAGE][INFO] - Smart Wait Function is triggered

2021-10-21 14:38:42 - [MESSAGE][PASSED] - Web element with id: 'Object Repository/Kullanici_Islemleri/Secenekler' located by 'By.cssSelector: .nav.navbar-nav.navbar-right li a' is not present after '10' second(s)

2021-10-21 14:38:42 - [MESSAGE][PASSED] - Call Test Case 'Test Cases/Kullanici_Islemleri/KullaniciIslemlerindenSecimYapilir' successfully

2021-10-21 14:38:42 - [TEST_CASE][PASSED] - Start Test Case : SCENARIO Gonderim tipi Kagit ve Satis tipinde e-Arsiv faturasi olusturulmasi: SCENARIO Gonderim tipi Kagit ve Satis tipinde e-Arsiv faturasi olusturulmasi

2021-10-21 14:38:42 - [TEST_STEP][PASSED] - Kullanıcı adı EARSATIS ve Şifre test1234 olarak giriş yapılır: Kullanıcı adı EARSATIS ve Şifre test1234 olarak giriş yapılır

2021-10-21 14:38:42 - [MESSAGE][PASSED] - Kullanıcı adı EARSATIS ve Şifre test1234 olarak giriş yapılır

2021-10-21 14:38:42 - [TEST_STEP][PASSED] - Ana menüden e-Arşiv seçilir: Ana menüden e-Arşiv seçilir

2021-10-21 14:38:42 - [MESSAGE][PASSED] - Ana menüden e-Arşiv seçilir

2021-10-21 14:38:42 - [TEST_STEP][PASSED] - Alt menü e-Arşiv Araçları başlığı altındaki e-Arşiv Fatura Oluşturma seçilir: Alt menü e-Arşiv Araçları başlığı altındaki e-Arşiv Fatura Oluşturma seçilir

2021-10-21 14:38:42 - [MESSAGE][PASSED] - Alt menü e-Arşiv Araçları başlığı altındaki e-Arşiv Fatura Oluşturma seçilir

2021-10-21 14:38:42 - [TEST_STEP][PASSED] - Tablodaki tüm veriler silinir: Tablodaki tüm veriler silinir

2021-10-21 14:38:42 - [MESSAGE][PASSED] - Tablodaki tüm veriler silinir

2021-10-21 14:38:42 - [TEST_STEP][PASSED] - Butonlardan Ekle isimli butona tıklanır: Butonlardan Ekle isimli butona tıklanır

2021-10-21 14:38:42 - [MESSAGE][PASSED] - Butonlardan Ekle isimli butona tıklanır

2021-10-21 14:38:42 - [TEST_STEP][PASSED] - Görsel tasarım sayfasının e-Arşiv Fatura Bilgileri başlığını içerdiği kontrol edilir: Görsel tasarım sayfasının e-Arşiv Fatura Bilgileri başlığını içerdiği kontrol edilir

2021-10-21 14:38:42 - [MESSAGE][PASSED] - Görsel tasarım sayfasının e-Arşiv Fatura Bilgileri başlığını içerdiği kontrol edilir

2021-10-21 14:38:42 - [TEST_STEP][PASSED] - Alıcı adı alanına UC0015 girilir: Alıcı adı alanına UC0015 girilir

2021-10-21 14:38:42 - [MESSAGE][PASSED] - Alıcı adı alanına UC0015 girilir

2021-10-21 14:38:42 - [TEST_STEP][PASSED] - Gönderim Şekli Kağıt olarak seçilir: Gönderim Şekli Kağıt olarak seçilir

2021-10-21 14:38:42 - [MESSAGE][PASSED] - Gönderim Şekli Kağıt olarak seçilir

2021-10-21 14:38:42 - [TEST_STEP][PASSED] - Tip alanından Satış seçilir: Tip alanından Satış seçilir

2021-10-21 14:38:42 - [MESSAGE][PASSED] - Tip alanından Satış seçilir

2021-10-21 14:38:42 - [TEST_STEP][PASSED] - Döküman Para Birimi alanından Türk Lirası seçilir: Döküman Para Birimi alanından Türk Lirası seçilir

2021-10-21 14:38:42 - [MESSAGE][PASSED] - Döküman Para Birimi alanından Türk Lirası seçilir

2021-10-21 14:38:42 - [TEST_STEP][PASSED] - Ön Ek EAR olarak seçilir: Ön Ek EAR olarak seçilir

2021-10-21 14:38:42 - [MESSAGE][PASSED] - Ön Ek EAR olarak seçilir

2021-10-21 14:38:42 - [TEST_STEP][PASSED] - Tasarım alanından Otomasyon seçilir: Tasarım alanından Otomasyon seçilir

2021-10-21 14:38:42 - [MESSAGE][PASSED] - Tasarım alanından Otomasyon seçilir

2021-10-21 14:38:42 - [TEST_STEP][PASSED] - Sipariş bilgileri UUC-SAT-1200001 ve 31.04.2020 olarak girilir: Sipariş bilgileri UUC-SAT-1200001 ve 31.04.2020 olarak girilir

2021-10-21 14:38:42 - [MESSAGE][PASSED] - Sipariş bilgileri UUC-SAT-1200001 ve 31.04.2020 olarak girilir

2021-10-21 14:38:42 - [TEST_STEP][PASSED] - İrsaliye Bilgileri AAAAAAAAAA,31.04.2020 olarak girilir: İrsaliye Bilgileri AAAAAAAAAA,31.04.2020 olarak girilir

2021-10-21 14:38:42 - [MESSAGE][PASSED] - İrsaliye Bilgileri AAAAAAAAAA,31.04.2020 olarak girilir

2021-10-21 14:38:42 - [TEST_STEP][PASSED] - Ekle butonuna basılır: Ekle butonuna basılır

2021-10-21 14:38:42 - [MESSAGE][PASSED] - Ekle butonuna basılır

2021-10-21 14:38:42 - [TEST_STEP][PASSED] - Ürün ekleme alanında Mal/Hizmet başlığına Otomasyon girilir: Ürün ekleme alanında Mal/Hizmet başlığına Otomasyon girilir

2021-10-21 14:38:42 - [MESSAGE][PASSED] - Ürün ekleme alanında Mal/Hizmet başlığına Otomasyon girilir

2021-10-21 14:38:42 - [TEST_STEP][PASSED] - Ürün ekleme alanında Açıklaması başlığına Virgosol girilir: Ürün ekleme alanında Açıklaması başlığına Virgosol girilir

2021-10-21 14:38:42 - [MESSAGE][PASSED] - Ürün ekleme alanında Açıklaması başlığına Virgosol girilir

2021-10-21 14:38:42 - [TEST_STEP][PASSED] - Ürün ekleme alanında Miktarı başlığına 400 girilir: Ürün ekleme alanında Miktarı başlığına 400 girilir

2021-10-21 14:38:42 - [MESSAGE][PASSED] - Ürün ekleme alanında Miktarı başlığına 400 girilir

2021-10-21 14:38:42 - [TEST_STEP][PASSED] - Ürün ekleme alanında Birim Fiyat başlığına 100 girilir: Ürün ekleme alanında Birim Fiyat başlığına 100 girilir

2021-10-21 14:38:42 - [MESSAGE][PASSED] - Ürün ekleme alanında Birim Fiyat başlığına 100 girilir

2021-10-21 14:38:42 - [TEST_STEP][PASSED] - Ürün ekleme alanında İskonto Oranı % başlığına 10 girilir: Ürün ekleme alanında İskonto Oranı % başlığına 10 girilir

2021-10-21 14:38:42 - [MESSAGE][PASSED] - Ürün ekleme alanında İskonto Oranı % başlığına 10 girilir

2021-10-21 14:38:42 - [TEST_STEP][PASSED] - Notlar alanına Otomasyon Not girilir: Notlar alanına Otomasyon Not girilir

2021-10-21 14:38:42 - [MESSAGE][PASSED] - Notlar alanına Otomasyon Not girilir

2021-10-21 14:38:42 - [TEST_STEP][PASSED] - Ettn bilgisi kayıt edilir: Ettn bilgisi kayıt edilir

2021-10-21 14:38:42 - [MESSAGE][PASSED] - Ettn bilgisi kayıt edilir

2021-10-21 14:38:42 - [TEST_STEP][PASSED] - Kaydet butonu seçilir: Kaydet butonu seçilir

2021-10-21 14:38:42 - [MESSAGE][PASSED] - Kaydet butonu seçilir

2021-10-21 14:38:42 - [TEST_STEP][PASSED] - Tabloda Ettn bilgisi kaydedilen veri oluşturuldu mu: Tabloda Ettn bilgisi kaydedilen veri oluşturuldu mu

2021-10-21 14:38:42 - [MESSAGE][PASSED] - Tabloda Ettn bilgisi kaydedilen veri oluşturuldu mu

2021-10-21 14:38:42 - [TEST_STEP][PASSED] - Tablodan Ettn bilgisi kaydedilen veri seçilir: Tablodan Ettn bilgisi kaydedilen veri seçilir

2021-10-21 14:38:42 - [MESSAGE][PASSED] - Tablodan Ettn bilgisi kaydedilen veri seçilir

2021-10-21 14:38:42 - [TEST_STEP][PASSED] - Butonlardan Numara Oluştur isimli butona tıklanır: Butonlardan Numara Oluştur isimli butona tıklanır

2021-10-21 14:38:42 - [MESSAGE][PASSED] - Butonlardan Numara Oluştur isimli butona tıklanır

2021-10-21 14:38:42 - [TEST_STEP][PASSED] - Popup mesajı Devam etmek istiyor musunuz içeriyor mu: Popup mesajı Devam etmek istiyor musunuz içeriyor mu

2021-10-21 14:38:42 - [MESSAGE][PASSED] - Popup mesajı Devam etmek istiyor musunuz içeriyor mu

2021-10-21 14:38:42 - [TEST_STEP][PASSED] - Yönetim popupında Evet seçilir: Yönetim popupında Evet seçilir

2021-10-21 14:38:42 - [MESSAGE][PASSED] - Yönetim popupında Evet seçilir

2021-10-21 14:38:42 - [TEST_STEP][PASSED] - Popup mesajı oluşmuştur içeriyor mu: Popup mesajı oluşmuştur içeriyor mu

2021-10-21 14:38:42 - [MESSAGE][PASSED] - Popup mesajı oluşmuştur içeriyor mu

2021-10-21 14:38:42 - [TEST_STEP][PASSED] - Yönetim popupında Tamam seçilir: Yönetim popupında Tamam seçilir

2021-10-21 14:38:42 - [MESSAGE][PASSED] - Yönetim popupında Tamam seçilir

2021-10-21 14:38:42 - [TEST_STEP][PASSED] - Tablodan Ettn bilgisi kaydedilen veri seçilir: Tablodan Ettn bilgisi kaydedilen veri seçilir

2021-10-21 14:38:42 - [MESSAGE][PASSED] - Tablodan Ettn bilgisi kaydedilen veri seçilir

2021-10-21 14:38:42 - [TEST_STEP][PASSED] - Butonlardan Gönder isimli butona tıklanır: Butonlardan Gönder isimli butona tıklanır

2021-10-21 14:38:42 - [MESSAGE][PASSED] - Butonlardan Gönder isimli butona tıklanır

2021-10-21 14:38:42 - [TEST_STEP][PASSED] - Popup mesajı Devam etmek istiyor musunuz içeriyor mu: Popup mesajı Devam etmek istiyor musunuz içeriyor mu

2021-10-21 14:38:42 - [MESSAGE][PASSED] - Popup mesajı Devam etmek istiyor musunuz içeriyor mu

2021-10-21 14:38:42 - [TEST_STEP][PASSED] - Yönetim popupında Evet seçilir: Yönetim popupında Evet seçilir

2021-10-21 14:38:42 - [MESSAGE][PASSED] - Yönetim popupında Evet seçilir

2021-10-21 14:38:42 - [TEST_STEP][PASSED] - Ana menüden e-Arşiv seçilir: Ana menüden e-Arşiv seçilir

2021-10-21 14:38:42 - [MESSAGE][PASSED] - Ana menüden e-Arşiv seçilir

2021-10-21 14:38:42 - [TEST_STEP][PASSED] - Alt menü e-Arşiv Hareketleri başlığı altındaki e-Arşiv Faturaları seçilir: Alt menü e-Arşiv Hareketleri başlığı altındaki e-Arşiv Faturaları seçilir

2021-10-21 14:38:42 - [MESSAGE][PASSED] - Alt menü e-Arşiv Hareketleri başlığı altındaki e-Arşiv Faturaları seçilir

2021-10-21 14:38:42 - [TEST_STEP][PASSED] - Filtrelerden Ettn filtresine Ettn bilgisi yaz: Filtrelerden Ettn filtresine Ettn bilgisi yaz

2021-10-21 14:38:42 - [MESSAGE][PASSED] - Filtrelerden Ettn filtresine Ettn bilgisi yaz

2021-10-21 14:38:42 - [TEST_STEP][PASSED] - Filtre butonlarından Listele seçilir: Filtre butonlarından Listele seçilir

2021-10-21 14:38:42 - [MESSAGE][PASSED] - Filtre butonlarından Listele seçilir

2021-10-21 14:38:42 - [TEST_STEP][PASSED] - Tabloda veri var mı kontrol edilir: Tabloda veri var mı kontrol edilir

2021-10-21 14:38:42 - [MESSAGE][PASSED] - Tabloda veri var mı kontrol edilir

2021-10-21 14:38:42 - [TEST_STEP][PASSED] - Tabloda yeni oluşturulan eArsiv verisi başarılı mı: Tabloda yeni oluşturulan eArsiv verisi başarılı mı

2021-10-21 14:38:42 - [MESSAGE][PASSED] - Tabloda yeni oluşturulan eArsiv verisi başarılı mı

2021-10-21 14:38:42 - [TEST_STEP][PASSED] - Kullanıcı işlemlerinden Çıkış seçilir: Kullanıcı işlemlerinden Çıkış seçilir

2021-10-21 14:38:42 - [MESSAGE][PASSED] - Kullanıcı işlemlerinden Çıkış seçilir

2021-10-21 14:38:42 - [MESSAGE][PASSED] - Feature file: 'Include/features/Regresyon/e-Arsiv/VKN-Kagit-Satis.feature' was passed

2021-10-21 14:38:42 - [TEST_STEP][PASSED] - Start listener action : sampleAfterTestSuite: Invoke 'com.kms.katalon.core.annotation.AfterTestCase' method: 'Listener.sampleAfterTestSuite(...)' completed.

2021-10-21 14:38:42 - [MESSAGE][INFO] - Starting invoke 'com.kms.katalon.core.annotation.AfterTestCase' method: 'Listener.sampleAfterTestSuite(...)'

2021-10-21 14:38:42 - [TEST_STEP][PASSED] - closeBrowser(): Invoke 'com.kms.katalon.core.annotation.AfterTestCase' method: 'Listener.sampleAfterTestSuite(...)' completed.

2021-10-21 14:38:42 - [MESSAGE][INFO] - Closing browser

2021-10-21 14:38:43 - [MESSAGE][PASSED] - Browser is closed

2021-10-21 14:38:43 - [MESSAGE][INFO] - Invoke 'com.kms.katalon.core.annotation.AfterTestCase' method: 'Listener.sampleAfterTestSuite(...)' completed.]]></system-out>
         <system-err><![CDATA[]]></system-err>
      </testcase>
      <testcase name="Test Cases/Case Repository/Regresyon/e-Arsiv/VKN-Kagit-Tevkifat" time="125.305" classname="Test Cases/Case Repository/Regresyon/e-Arsiv/VKN-Kagit-Tevkifat" status="PASSED">
         <system-out><![CDATA[2021-10-21 14:38:43 - [TEST_CASE][PASSED] - Test Cases/Case Repository/Regresyon/e-Arsiv/VKN-Kagit-Tevkifat: Test Cases/Case Repository/Regresyon/e-Arsiv/VKN-Kagit-Tevkifat

2021-10-21 14:38:43 - [TEST_STEP][PASSED] - Start listener action : sampleBeforeTestSuite: Invoke 'com.kms.katalon.core.annotation.BeforeTestCase' method: 'Listener.sampleBeforeTestSuite(...)' completed.

2021-10-21 14:38:43 - [MESSAGE][INFO] - Starting invoke 'com.kms.katalon.core.annotation.BeforeTestCase' method: 'Listener.sampleBeforeTestSuite(...)'

2021-10-21 14:38:43 - [TEST_STEP][PASSED] - openBrowser(baseUrl): Browser is opened with url: 'https://efatura-stage.elogo.com.tr/'

2021-10-21 14:38:43 - [MESSAGE][INFO] - Opening browser

2021-10-21 14:38:43 - [MESSAGE][INFO] - Starting 'Chrome' driver

2021-10-21 14:38:43 - [MESSAGE][INFO] - User set preference: ['prefs', '{download.default_directory=C:\otomasyondownfiles}']

2021-10-21 14:38:43 - [MESSAGE][INFO] - Action delay is set to 0 milliseconds

2021-10-21 14:38:45 - [MESSAGE][INFO] - Navigating browser to: 'https://efatura-stage.elogo.com.tr/'

2021-10-21 14:38:49 - [MESSAGE][PASSED] - Browser is opened with url: 'https://efatura-stage.elogo.com.tr/'

2021-10-21 14:38:49 - [TEST_STEP][PASSED] - maximizeWindow(): Invoke 'com.kms.katalon.core.annotation.BeforeTestCase' method: 'Listener.sampleBeforeTestSuite(...)' completed.

2021-10-21 14:38:49 - [MESSAGE][INFO] - Maximizing current window

2021-10-21 14:38:49 - [MESSAGE][PASSED] - Current window maximized

2021-10-21 14:38:49 - [MESSAGE][INFO] - Invoke 'com.kms.katalon.core.annotation.BeforeTestCase' method: 'Listener.sampleBeforeTestSuite(...)' completed.

2021-10-21 14:38:49 - [TEST_STEP][PASSED] - runFeatureFile("Include/features/Regresyon/e-Arsiv/VKN-Kagit-Tevkifat.feature"): Feature file: 'Include/features/Regresyon/e-Arsiv/VKN-Kagit-Tevkifat.feature' was passed

2021-10-21 14:38:49 - [MESSAGE][INFO] - Starting run keyword runFeatureFile: 'Include/features/Regresyon/e-Arsiv/VKN-Kagit-Tevkifat.feature' and extract report to folder: 'C:\Users\DELL\Downloads\EES_Katalon-main\Reports\20211021_140437\Suite Repository\Regresyon-eArsiv-eMakbuz\20211021_140449/cucumber_report/1634816329893'...

2021-10-21 14:38:49 - [MESSAGE][INFO] - Glue: []

2021-10-21 14:38:51 - [MESSAGE][INFO] - Checking called Test Case

2021-10-21 14:38:51 - [MESSAGE][INFO] - Starting to call Test Case 'Test Cases/Sayfalar/Giris_Sayfasi/Login'

2021-10-21 14:38:51 - [TEST_CASE][PASSED] - Test Cases/Sayfalar/Giris_Sayfasi/Login: Test Cases/Sayfalar/Giris_Sayfasi/Login

2021-10-21 14:38:51 - [TEST_STEP][PASSED] - Sayfa_Basligi = getWindowTitle(): Current window's title is: 'LOGO e-Fatura'

2021-10-21 14:38:51 - [MESSAGE][INFO] - Getting current window's title

2021-10-21 14:38:51 - [MESSAGE][PASSED] - Current window's title is: 'LOGO e-Fatura'

2021-10-21 14:38:51 - [TEST_STEP][PASSED] - verifyMatch(Sayfa_Basligi, "LOGO e-Fatura", false): Actual text 'LOGO e-Fatura' and expected text 'LOGO e-Fatura' are matched 

2021-10-21 14:38:51 - [MESSAGE][INFO] - Matching actual text 'LOGO e-Fatura' with expected text 'LOGO e-Fatura'

2021-10-21 14:38:51 - [MESSAGE][PASSED] - Actual text 'LOGO e-Fatura' and expected text 'LOGO e-Fatura' are matched 

2021-10-21 14:38:51 - [TEST_STEP][PASSED] - sendKeys(findTestObject("Sayfalar/Giris_Sayfasi/Firma_Kodu"), KullaniciAdi): Keys 'EARTEVKIFAT' sent to object: 'Object Repository/Sayfalar/Giris_Sayfasi/Firma_Kodu'

2021-10-21 14:38:51 - [MESSAGE][INFO] - Finding Test Object 'Object Repository/Sayfalar/Giris_Sayfasi/Firma_Kodu'

2021-10-21 14:38:51 - [MESSAGE][INFO] - Sending keys 'EARTEVKIFAT' to object: 'Object Repository/Sayfalar/Giris_Sayfasi/Firma_Kodu'

2021-10-21 14:38:51 - [MESSAGE][INFO] - Finding web element from Test Object's properties

2021-10-21 14:38:51 - [MESSAGE][INFO] - Checking timeout

2021-10-21 14:38:51 - [MESSAGE][INFO] - Finding web element with id: 'Object Repository/Sayfalar/Giris_Sayfasi/Firma_Kodu' located by 'By.xpath: //*[@id = 'AccountName']' in '30' second(s)

2021-10-21 14:38:51 - [MESSAGE][INFO] - Smart Wait Function is triggered

2021-10-21 14:38:51 - [MESSAGE][INFO] - Found 1 web elements with id: 'Object Repository/Sayfalar/Giris_Sayfasi/Firma_Kodu' located by 'By.xpath: //*[@id = 'AccountName']' in '30' second(s)

2021-10-21 14:38:51 - [MESSAGE][PASSED] - Keys 'EARTEVKIFAT' sent to object: 'Object Repository/Sayfalar/Giris_Sayfasi/Firma_Kodu'

2021-10-21 14:38:51 - [TEST_STEP][PASSED] - sendKeys(findTestObject("Sayfalar/Giris_Sayfasi/Sifre"), Sifre): Keys 'test1234' sent to object: 'Object Repository/Sayfalar/Giris_Sayfasi/Sifre'

2021-10-21 14:38:51 - [MESSAGE][INFO] - Finding Test Object 'Object Repository/Sayfalar/Giris_Sayfasi/Sifre'

2021-10-21 14:38:51 - [MESSAGE][INFO] - Sending keys 'test1234' to object: 'Object Repository/Sayfalar/Giris_Sayfasi/Sifre'

2021-10-21 14:38:51 - [MESSAGE][INFO] - Finding web element from Test Object's properties

2021-10-21 14:38:51 - [MESSAGE][INFO] - Checking timeout

2021-10-21 14:38:51 - [MESSAGE][INFO] - Finding web element with id: 'Object Repository/Sayfalar/Giris_Sayfasi/Sifre' located by 'By.xpath: //*[@id = 'Password']' in '30' second(s)

2021-10-21 14:38:51 - [MESSAGE][INFO] - Smart Wait Function is triggered

2021-10-21 14:38:52 - [MESSAGE][INFO] - Found 1 web elements with id: 'Object Repository/Sayfalar/Giris_Sayfasi/Sifre' located by 'By.xpath: //*[@id = 'Password']' in '30' second(s)

2021-10-21 14:38:52 - [MESSAGE][PASSED] - Keys 'test1234' sent to object: 'Object Repository/Sayfalar/Giris_Sayfasi/Sifre'

2021-10-21 14:38:52 - [TEST_STEP][PASSED] - findWebElement(findTestObject("Sayfalar/Giris_Sayfasi/Giris_Butonu")).click(): Found 1 web elements with id: 'Object Repository/Sayfalar/Giris_Sayfasi/Giris_Butonu' located by 'By.cssSelector: #btnLogin' in '30' second(s)

2021-10-21 14:38:52 - [MESSAGE][INFO] - Finding Test Object 'Object Repository/Sayfalar/Giris_Sayfasi/Giris_Butonu'

2021-10-21 14:38:52 - [MESSAGE][INFO] - Finding web element from Test Object's properties

2021-10-21 14:38:52 - [MESSAGE][INFO] - Checking timeout

2021-10-21 14:38:52 - [MESSAGE][INFO] - Finding web element with id: 'Object Repository/Sayfalar/Giris_Sayfasi/Giris_Butonu' located by 'By.cssSelector: #btnLogin' in '30' second(s)

2021-10-21 14:38:52 - [MESSAGE][INFO] - Smart Wait Function is triggered

2021-10-21 14:38:52 - [MESSAGE][INFO] - Found 1 web elements with id: 'Object Repository/Sayfalar/Giris_Sayfasi/Giris_Butonu' located by 'By.cssSelector: #btnLogin' in '30' second(s)

2021-10-21 14:38:54 - [TEST_STEP][PASSED] - if (verifyElementPresent(findTestObject("Object Repository/Sayfalar/Giris_Sayfasi/RetveTamam_Butonu"), 5, OPTIONAL)): null

2021-10-21 14:38:54 - [MESSAGE][INFO] - Finding Test Object 'Object Repository/Sayfalar/Giris_Sayfasi/RetveTamam_Butonu'

2021-10-21 14:38:54 - [MESSAGE][INFO] - Checking object

2021-10-21 14:38:54 - [MESSAGE][INFO] - Finding web element from Test Object's properties

2021-10-21 14:38:54 - [MESSAGE][INFO] - Checking timeout

2021-10-21 14:38:54 - [MESSAGE][INFO] - Finding web element with id: 'Object Repository/Sayfalar/Giris_Sayfasi/RetveTamam_Butonu' located by 'By.xpath: //*[@class = 'btn btn-default']' in '5' second(s)

2021-10-21 14:38:54 - [MESSAGE][INFO] - Smart Wait Function is triggered

2021-10-21 14:38:54 - [MESSAGE][INFO] - Found 1 web elements with id: 'Object Repository/Sayfalar/Giris_Sayfasi/RetveTamam_Butonu' located by 'By.xpath: //*[@class = 'btn btn-default']' in '5' second(s)

2021-10-21 14:38:54 - [MESSAGE][PASSED] - Object 'Object Repository/Sayfalar/Giris_Sayfasi/RetveTamam_Butonu' is present

2021-10-21 14:38:54 - [TEST_STEP][PASSED] - click(findTestObject("Object Repository/Sayfalar/Giris_Sayfasi/RetveTamam_Butonu")): Object: 'Object Repository/Sayfalar/Giris_Sayfasi/RetveTamam_Butonu' is clicked on

2021-10-21 14:38:54 - [MESSAGE][INFO] - Finding Test Object 'Object Repository/Sayfalar/Giris_Sayfasi/RetveTamam_Butonu'

2021-10-21 14:38:54 - [MESSAGE][INFO] - Checking object

2021-10-21 14:38:54 - [MESSAGE][INFO] - Finding web element from Test Object's properties

2021-10-21 14:38:54 - [MESSAGE][INFO] - Checking timeout

2021-10-21 14:38:54 - [MESSAGE][INFO] - Finding web element with id: 'Object Repository/Sayfalar/Giris_Sayfasi/RetveTamam_Butonu' located by 'By.xpath: //*[@class = 'btn btn-default']' in '30' second(s)

2021-10-21 14:38:54 - [MESSAGE][INFO] - Smart Wait Function is triggered

2021-10-21 14:38:55 - [MESSAGE][INFO] - Found 1 web elements with id: 'Object Repository/Sayfalar/Giris_Sayfasi/RetveTamam_Butonu' located by 'By.xpath: //*[@class = 'btn btn-default']' in '30' second(s)

2021-10-21 14:38:55 - [MESSAGE][INFO] - Clicking on object: 'Object Repository/Sayfalar/Giris_Sayfasi/RetveTamam_Butonu'

2021-10-21 14:38:55 - [MESSAGE][PASSED] - Object: 'Object Repository/Sayfalar/Giris_Sayfasi/RetveTamam_Butonu' is clicked on

2021-10-21 14:38:55 - [TEST_STEP][PASSED] - click(findTestObject("Object Repository/Sayfalar/Giris_Sayfasi/RetveTamam_Butonu")): Object: 'Object Repository/Sayfalar/Giris_Sayfasi/RetveTamam_Butonu' is clicked on

2021-10-21 14:38:55 - [MESSAGE][INFO] - Finding Test Object 'Object Repository/Sayfalar/Giris_Sayfasi/RetveTamam_Butonu'

2021-10-21 14:38:55 - [MESSAGE][INFO] - Checking object

2021-10-21 14:38:55 - [MESSAGE][INFO] - Finding web element from Test Object's properties

2021-10-21 14:38:55 - [MESSAGE][INFO] - Checking timeout

2021-10-21 14:38:55 - [MESSAGE][INFO] - Finding web element with id: 'Object Repository/Sayfalar/Giris_Sayfasi/RetveTamam_Butonu' located by 'By.xpath: //*[@class = 'btn btn-default']' in '30' second(s)

2021-10-21 14:38:55 - [MESSAGE][INFO] - Smart Wait Function is triggered

2021-10-21 14:38:58 - [MESSAGE][INFO] - Found 1 web elements with id: 'Object Repository/Sayfalar/Giris_Sayfasi/RetveTamam_Butonu' located by 'By.xpath: //*[@class = 'btn btn-default']' in '30' second(s)

2021-10-21 14:38:58 - [MESSAGE][INFO] - Clicking on object: 'Object Repository/Sayfalar/Giris_Sayfasi/RetveTamam_Butonu'

2021-10-21 14:38:58 - [MESSAGE][PASSED] - Object: 'Object Repository/Sayfalar/Giris_Sayfasi/RetveTamam_Butonu' is clicked on

2021-10-21 14:38:58 - [TEST_STEP][PASSED] - if (verifyElementPresent(findTestObject("Sayfalar/Giris_Sayfasi/PopupOK"), 5, OPTIONAL)): com.kms.katalon.core.webui.exception.WebElementNotFoundException: Web element with id: 'Object Repository/Sayfalar/Giris_Sayfasi/PopupOK' located by '.btn.btn-success' not found (Root cause: com.kms.katalon.core.exception.StepFailedException: com.kms.katalon.core.webui.exception.WebElementNotFoundException: Web element with id: 'Object Repository/Sayfalar/Giris_Sayfasi/PopupOK' located by '.btn.btn-success' not found
	at com.kms.katalon.core.webui.keyword.internal.WebUIKeywordMain.stepFailed(WebUIKeywordMain.groovy:64)
	at com.kms.katalon.core.webui.keyword.builtin.VerifyElementPresentKeyword$_verifyElementPresent_closure1.doCall(VerifyElementPresentKeyword.groovy:85)
	at com.kms.katalon.core.webui.keyword.builtin.VerifyElementPresentKeyword$_verifyElementPresent_closure1.call(VerifyElementPresentKeyword.groovy)
	at com.kms.katalon.core.webui.keyword.internal.WebUIKeywordMain.runKeyword(WebUIKeywordMain.groovy:20)
	at com.kms.katalon.core.webui.keyword.builtin.VerifyElementPresentKeyword.verifyElementPresent(VerifyElementPresentKeyword.groovy:92)
	at com.kms.katalon.core.webui.keyword.builtin.VerifyElementPresentKeyword.execute(VerifyElementPresentKeyword.groovy:68)
	at com.kms.katalon.core.keyword.internal.KeywordExecutor.executeKeywordForPlatform(KeywordExecutor.groovy:73)
	at com.kms.katalon.core.webui.keyword.WebUiBuiltInKeywords.verifyElementPresent(WebUiBuiltInKeywords.groovy:1448)
	at com.kms.katalon.core.webui.keyword.WebUiBuiltInKeywords$verifyElementPresent$4.call(Unknown Source)
	at Login.run(Login:40)
	at com.kms.katalon.core.main.ScriptEngine.run(ScriptEngine.java:194)
	at com.kms.katalon.core.main.ScriptEngine.runScriptAsRawText(ScriptEngine.java:119)
	at com.kms.katalon.core.main.TestCaseExecutor.runScript(TestCaseExecutor.java:369)
	at com.kms.katalon.core.main.TestCaseExecutor.doExecute(TestCaseExecutor.java:360)
	at com.kms.katalon.core.main.TestCaseExecutor.processExecutionPhase(TestCaseExecutor.java:339)
	at com.kms.katalon.core.main.TestCaseExecutor.accessMainPhase(TestCaseExecutor.java:331)
	at com.kms.katalon.core.main.TestCaseExecutor.execute(TestCaseExecutor.java:248)
	at com.kms.katalon.core.main.TestCaseMain.runTestCase(TestCaseMain.java:138)
	at com.kms.katalon.core.keyword.builtin.CallTestCaseKeyword$_callTestCase_closure1.doCall(CallTestCaseKeyword.groovy:59)
	at com.kms.katalon.core.keyword.builtin.CallTestCaseKeyword$_callTestCase_closure1.call(CallTestCaseKeyword.groovy)
	at com.kms.katalon.core.keyword.internal.KeywordMain.runKeyword(KeywordMain.groovy:68)
	at com.kms.katalon.core.keyword.builtin.CallTestCaseKeyword.callTestCase(CallTestCaseKeyword.groovy:81)
	at com.kms.katalon.core.keyword.builtin.CallTestCaseKeyword.execute(CallTestCaseKeyword.groovy:44)
	at com.kms.katalon.core.keyword.internal.KeywordExecutor.executeKeywordForPlatform(KeywordExecutor.groovy:73)
	at com.kms.katalon.core.keyword.BuiltinKeywords.callTestCase(BuiltinKeywords.groovy:334)
	at sayfalar.girisSayfasi.login(girisSayfasi.groovy:50)
	at cucumber.runtime.Utils$1.call(Utils.java:26)
	at cucumber.runtime.Timeout.timeout(Timeout.java:16)
	at cucumber.runtime.Utils.invoke(Utils.java:20)
	at cucumber.runtime.java.JavaStepDefinition.execute(JavaStepDefinition.java:49)
	at cucumber.runner.PickleStepDefinitionMatch.runStep(PickleStepDefinitionMatch.java:50)
	at cucumber.runner.TestStep.executeStep(TestStep.java:63)
	at cucumber.runner.TestStep.run(TestStep.java:49)
	at cucumber.runner.PickleStepTestStep.run(PickleStepTestStep.java:43)
	at cucumber.runner.TestCase.run(TestCase.java:44)
	at cucumber.runner.Runner.runPickle(Runner.java:40)
	at cucumber.runtime.Runtime$1.run(Runtime.java:84)
	at cucumber.runtime.Runtime$SameThreadExecutorService.execute(Runtime.java:220)
	at cucumber.runtime.Runtime.run(Runtime.java:81)
	at cucumber.api.cli.Main.run(Main.java:26)
	at cucumber.api.cli.Main$run.call(Unknown Source)
	at com.kms.katalon.core.cucumber.keyword.CucumberBuiltinKeywords$_runFeatureFile_closure1.doCall(CucumberBuiltinKeywords.groovy:106)
	at com.kms.katalon.core.cucumber.keyword.CucumberBuiltinKeywords$_runFeatureFile_closure1.doCall(CucumberBuiltinKeywords.groovy)
	at com.kms.katalon.core.keyword.internal.KeywordMain.runKeyword(KeywordMain.groovy:68)
	at com.kms.katalon.core.keyword.internal.KeywordMain$runKeyword.call(Unknown Source)
	at com.kms.katalon.core.cucumber.keyword.CucumberBuiltinKeywords.runFeatureFile(CucumberBuiltinKeywords.groovy:73)
	at com.kms.katalon.core.cucumber.keyword.CucumberBuiltinKeywords$runFeatureFile$0.callStatic(Unknown Source)
	at com.kms.katalon.core.cucumber.keyword.CucumberBuiltinKeywords.runFeatureFile(CucumberBuiltinKeywords.groovy:246)
	at com.kms.katalon.core.cucumber.keyword.CucumberBuiltinKeywords$runFeatureFile.call(Unknown Source)
	at VKN-Kagit-Tevkifat.run(VKN-Kagit-Tevkifat:19)
	at com.kms.katalon.core.main.ScriptEngine.run(ScriptEngine.java:194)
	at com.kms.katalon.core.main.ScriptEngine.runScriptAsRawText(ScriptEngine.java:119)
	at com.kms.katalon.core.main.TestCaseExecutor.runScript(TestCaseExecutor.java:369)
	at com.kms.katalon.core.main.TestCaseExecutor.doExecute(TestCaseExecutor.java:360)
	at com.kms.katalon.core.main.TestCaseExecutor.processExecutionPhase(TestCaseExecutor.java:339)
	at com.kms.katalon.core.main.TestCaseExecutor.accessMainPhase(TestCaseExecutor.java:331)
	at com.kms.katalon.core.main.TestCaseExecutor.execute(TestCaseExecutor.java:248)
	at com.kms.katalon.core.main.TestSuiteExecutor.accessTestCaseMainPhase(TestSuiteExecutor.java:191)
	at com.kms.katalon.core.main.TestSuiteExecutor.accessTestSuiteMainPhase(TestSuiteExecutor.java:140)
	at com.kms.katalon.core.main.TestSuiteExecutor.execute(TestSuiteExecutor.java:89)
	at com.kms.katalon.core.main.TestCaseMain.startTestSuite(TestCaseMain.java:181)
	at com.kms.katalon.core.main.TestCaseMain$startTestSuite$0.call(Unknown Source)
	at TempTestSuite1634814289741.run(TempTestSuite1634814289741.groovy:39)
)

2021-10-21 14:38:58 - [MESSAGE][INFO] - Finding Test Object 'Object Repository/Sayfalar/Giris_Sayfasi/PopupOK'

2021-10-21 14:38:58 - [MESSAGE][INFO] - Checking object

2021-10-21 14:38:58 - [MESSAGE][INFO] - Finding web element from Test Object's properties

2021-10-21 14:38:58 - [MESSAGE][INFO] - Checking timeout

2021-10-21 14:38:58 - [MESSAGE][INFO] - Finding web element with id: 'Object Repository/Sayfalar/Giris_Sayfasi/PopupOK' located by 'By.cssSelector: .btn.btn-success' in '5' second(s)

2021-10-21 14:38:58 - [MESSAGE][INFO] - Smart Wait Function is triggered

2021-10-21 14:38:59 - [MESSAGE][INFO] - Smart Wait Function is triggered

2021-10-21 14:38:59 - [MESSAGE][INFO] - Smart Wait Function is triggered

2021-10-21 14:38:59 - [MESSAGE][INFO] - Smart Wait Function is triggered

2021-10-21 14:39:00 - [MESSAGE][INFO] - Smart Wait Function is triggered

2021-10-21 14:39:00 - [MESSAGE][INFO] - Smart Wait Function is triggered

2021-10-21 14:39:00 - [MESSAGE][INFO] - Smart Wait Function is triggered

2021-10-21 14:39:00 - [MESSAGE][INFO] - Smart Wait Function is triggered

2021-10-21 14:39:01 - [MESSAGE][INFO] - Smart Wait Function is triggered

2021-10-21 14:39:01 - [MESSAGE][INFO] - Smart Wait Function is triggered

2021-10-21 14:39:01 - [MESSAGE][INFO] - Smart Wait Function is triggered

2021-10-21 14:39:01 - [MESSAGE][INFO] - Smart Wait Function is triggered

2021-10-21 14:39:02 - [MESSAGE][INFO] - Smart Wait Function is triggered

2021-10-21 14:39:02 - [MESSAGE][INFO] - Smart Wait Function is triggered

2021-10-21 14:39:02 - [MESSAGE][INFO] - Smart Wait Function is triggered

2021-10-21 14:39:03 - [MESSAGE][INFO] - Smart Wait Function is triggered

2021-10-21 14:39:03 - [MESSAGE][INFO] - Smart Wait Function is triggered

2021-10-21 14:39:03 - [MESSAGE][INFO] - Smart Wait Function is triggered

2021-10-21 14:39:03 - [MESSAGE][INFO] - Smart Wait Function is triggered

2021-10-21 14:39:04 - [MESSAGE][INFO] - Smart Wait Function is triggered

2021-10-21 14:39:04 - [MESSAGE][INFO] - Smart Wait Function is triggered

2021-10-21 14:39:04 - [MESSAGE][INFO] - Unable to find the element located by 'By.cssSelector: .btn.btn-success'. Please recheck the objects properties to make sure the desired element is located. 

2021-10-21 14:39:04 - [MESSAGE][WARNING] - com.kms.katalon.core.webui.exception.WebElementNotFoundException: Web element with id: 'Object Repository/Sayfalar/Giris_Sayfasi/PopupOK' located by '.btn.btn-success' not found (Root cause: com.kms.katalon.core.exception.StepFailedException: com.kms.katalon.core.webui.exception.WebElementNotFoundException: Web element with id: 'Object Repository/Sayfalar/Giris_Sayfasi/PopupOK' located by '.btn.btn-success' not found
	at com.kms.katalon.core.webui.keyword.internal.WebUIKeywordMain.stepFailed(WebUIKeywordMain.groovy:64)
	at com.kms.katalon.core.webui.keyword.builtin.VerifyElementPresentKeyword$_verifyElementPresent_closure1.doCall(VerifyElementPresentKeyword.groovy:85)
	at com.kms.katalon.core.webui.keyword.builtin.VerifyElementPresentKeyword$_verifyElementPresent_closure1.call(VerifyElementPresentKeyword.groovy)
	at com.kms.katalon.core.webui.keyword.internal.WebUIKeywordMain.runKeyword(WebUIKeywordMain.groovy:20)
	at com.kms.katalon.core.webui.keyword.builtin.VerifyElementPresentKeyword.verifyElementPresent(VerifyElementPresentKeyword.groovy:92)
	at com.kms.katalon.core.webui.keyword.builtin.VerifyElementPresentKeyword.execute(VerifyElementPresentKeyword.groovy:68)
	at com.kms.katalon.core.keyword.internal.KeywordExecutor.executeKeywordForPlatform(KeywordExecutor.groovy:73)
	at com.kms.katalon.core.webui.keyword.WebUiBuiltInKeywords.verifyElementPresent(WebUiBuiltInKeywords.groovy:1448)
	at com.kms.katalon.core.webui.keyword.WebUiBuiltInKeywords$verifyElementPresent$4.call(Unknown Source)
	at Login.run(Login:40)
	at com.kms.katalon.core.main.ScriptEngine.run(ScriptEngine.java:194)
	at com.kms.katalon.core.main.ScriptEngine.runScriptAsRawText(ScriptEngine.java:119)
	at com.kms.katalon.core.main.TestCaseExecutor.runScript(TestCaseExecutor.java:369)
	at com.kms.katalon.core.main.TestCaseExecutor.doExecute(TestCaseExecutor.java:360)
	at com.kms.katalon.core.main.TestCaseExecutor.processExecutionPhase(TestCaseExecutor.java:339)
	at com.kms.katalon.core.main.TestCaseExecutor.accessMainPhase(TestCaseExecutor.java:331)
	at com.kms.katalon.core.main.TestCaseExecutor.execute(TestCaseExecutor.java:248)
	at com.kms.katalon.core.main.TestCaseMain.runTestCase(TestCaseMain.java:138)
	at com.kms.katalon.core.keyword.builtin.CallTestCaseKeyword$_callTestCase_closure1.doCall(CallTestCaseKeyword.groovy:59)
	at com.kms.katalon.core.keyword.builtin.CallTestCaseKeyword$_callTestCase_closure1.call(CallTestCaseKeyword.groovy)
	at com.kms.katalon.core.keyword.internal.KeywordMain.runKeyword(KeywordMain.groovy:68)
	at com.kms.katalon.core.keyword.builtin.CallTestCaseKeyword.callTestCase(CallTestCaseKeyword.groovy:81)
	at com.kms.katalon.core.keyword.builtin.CallTestCaseKeyword.execute(CallTestCaseKeyword.groovy:44)
	at com.kms.katalon.core.keyword.internal.KeywordExecutor.executeKeywordForPlatform(KeywordExecutor.groovy:73)
	at com.kms.katalon.core.keyword.BuiltinKeywords.callTestCase(BuiltinKeywords.groovy:334)
	at sayfalar.girisSayfasi.login(girisSayfasi.groovy:50)
	at cucumber.runtime.Utils$1.call(Utils.java:26)
	at cucumber.runtime.Timeout.timeout(Timeout.java:16)
	at cucumber.runtime.Utils.invoke(Utils.java:20)
	at cucumber.runtime.java.JavaStepDefinition.execute(JavaStepDefinition.java:49)
	at cucumber.runner.PickleStepDefinitionMatch.runStep(PickleStepDefinitionMatch.java:50)
	at cucumber.runner.TestStep.executeStep(TestStep.java:63)
	at cucumber.runner.TestStep.run(TestStep.java:49)
	at cucumber.runner.PickleStepTestStep.run(PickleStepTestStep.java:43)
	at cucumber.runner.TestCase.run(TestCase.java:44)
	at cucumber.runner.Runner.runPickle(Runner.java:40)
	at cucumber.runtime.Runtime$1.run(Runtime.java:84)
	at cucumber.runtime.Runtime$SameThreadExecutorService.execute(Runtime.java:220)
	at cucumber.runtime.Runtime.run(Runtime.java:81)
	at cucumber.api.cli.Main.run(Main.java:26)
	at cucumber.api.cli.Main$run.call(Unknown Source)
	at com.kms.katalon.core.cucumber.keyword.CucumberBuiltinKeywords$_runFeatureFile_closure1.doCall(CucumberBuiltinKeywords.groovy:106)
	at com.kms.katalon.core.cucumber.keyword.CucumberBuiltinKeywords$_runFeatureFile_closure1.doCall(CucumberBuiltinKeywords.groovy)
	at com.kms.katalon.core.keyword.internal.KeywordMain.runKeyword(KeywordMain.groovy:68)
	at com.kms.katalon.core.keyword.internal.KeywordMain$runKeyword.call(Unknown Source)
	at com.kms.katalon.core.cucumber.keyword.CucumberBuiltinKeywords.runFeatureFile(CucumberBuiltinKeywords.groovy:73)
	at com.kms.katalon.core.cucumber.keyword.CucumberBuiltinKeywords$runFeatureFile$0.callStatic(Unknown Source)
	at com.kms.katalon.core.cucumber.keyword.CucumberBuiltinKeywords.runFeatureFile(CucumberBuiltinKeywords.groovy:246)
	at com.kms.katalon.core.cucumber.keyword.CucumberBuiltinKeywords$runFeatureFile.call(Unknown Source)
	at VKN-Kagit-Tevkifat.run(VKN-Kagit-Tevkifat:19)
	at com.kms.katalon.core.main.ScriptEngine.run(ScriptEngine.java:194)
	at com.kms.katalon.core.main.ScriptEngine.runScriptAsRawText(ScriptEngine.java:119)
	at com.kms.katalon.core.main.TestCaseExecutor.runScript(TestCaseExecutor.java:369)
	at com.kms.katalon.core.main.TestCaseExecutor.doExecute(TestCaseExecutor.java:360)
	at com.kms.katalon.core.main.TestCaseExecutor.processExecutionPhase(TestCaseExecutor.java:339)
	at com.kms.katalon.core.main.TestCaseExecutor.accessMainPhase(TestCaseExecutor.java:331)
	at com.kms.katalon.core.main.TestCaseExecutor.execute(TestCaseExecutor.java:248)
	at com.kms.katalon.core.main.TestSuiteExecutor.accessTestCaseMainPhase(TestSuiteExecutor.java:191)
	at com.kms.katalon.core.main.TestSuiteExecutor.accessTestSuiteMainPhase(TestSuiteExecutor.java:140)
	at com.kms.katalon.core.main.TestSuiteExecutor.execute(TestSuiteExecutor.java:89)
	at com.kms.katalon.core.main.TestCaseMain.startTestSuite(TestCaseMain.java:181)
	at com.kms.katalon.core.main.TestCaseMain$startTestSuite$0.call(Unknown Source)
	at TempTestSuite1634814289741.run(TempTestSuite1634814289741.groovy:39)
)

2021-10-21 14:39:04 - [TEST_STEP][PASSED] - verifyElementVisible(findTestObject("Object Repository/Kullanici_Islemleri/KullaniciIslemleri")): Object 'Object Repository/Kullanici_Islemleri/KullaniciIslemleri' is visible

2021-10-21 14:39:04 - [MESSAGE][INFO] - Finding Test Object 'Object Repository/Kullanici_Islemleri/KullaniciIslemleri'

2021-10-21 14:39:04 - [MESSAGE][INFO] - Checking object

2021-10-21 14:39:04 - [MESSAGE][INFO] - Finding web element from Test Object's properties

2021-10-21 14:39:04 - [MESSAGE][INFO] - Checking timeout

2021-10-21 14:39:04 - [MESSAGE][INFO] - Finding web element with id: 'Object Repository/Kullanici_Islemleri/KullaniciIslemleri' located by 'By.cssSelector: .dropdown>a>img' in '30' second(s)

2021-10-21 14:39:04 - [MESSAGE][INFO] - Smart Wait Function is triggered

2021-10-21 14:39:05 - [MESSAGE][INFO] - Found 1 web elements with id: 'Object Repository/Kullanici_Islemleri/KullaniciIslemleri' located by 'By.cssSelector: .dropdown>a>img' in '30' second(s)

2021-10-21 14:39:05 - [MESSAGE][PASSED] - Object 'Object Repository/Kullanici_Islemleri/KullaniciIslemleri' is visible

2021-10-21 14:39:05 - [MESSAGE][PASSED] - Call Test Case 'Test Cases/Sayfalar/Giris_Sayfasi/Login' successfully

2021-10-21 14:39:05 - [MESSAGE][INFO] - Checking called Test Case

2021-10-21 14:39:05 - [MESSAGE][INFO] - Starting to call Test Case 'Test Cases/Menu/AnaMenuSecimi'

2021-10-21 14:39:05 - [TEST_CASE][PASSED] - Test Cases/Menu/AnaMenuSecimi: Test Cases/Menu/AnaMenuSecimi

2021-10-21 14:39:05 - [TEST_STEP][PASSED] - Method.TextDegerineEsitElementeTikla(findTestObject("Menu/Ana_Menu"), Ana_Menu): Method.TextDegerineEsitElementeTikla is PASSED

2021-10-21 14:39:05 - [MESSAGE][INFO] - Finding Test Object 'Object Repository/Menu/Ana_Menu'

2021-10-21 14:39:05 - [MESSAGE][INFO] - Checking timeout

2021-10-21 14:39:05 - [MESSAGE][INFO] - Finding web element with id: 'Object Repository/Menu/Ana_Menu' located by 'By.xpath: //*[@class = 'dropdown-toggle']' in '10' second(s)

2021-10-21 14:39:05 - [MESSAGE][INFO] - Smart Wait Function is triggered

2021-10-21 14:39:05 - [MESSAGE][INFO] - Found 13 web elements with id: 'Object Repository/Menu/Ana_Menu' located by 'By.xpath: //*[@class = 'dropdown-toggle']' in '10' second(s)

2021-10-21 14:39:05 - [MESSAGE][PASSED] - Method.TextDegerineEsitElementeTikla is PASSED

2021-10-21 14:39:05 - [MESSAGE][PASSED] - Call Test Case 'Test Cases/Menu/AnaMenuSecimi' successfully

2021-10-21 14:39:05 - [MESSAGE][INFO] - Checking called Test Case

2021-10-21 14:39:05 - [MESSAGE][INFO] - Starting to call Test Case 'Test Cases/Menu/BasligaGoreAltMenuSecimi'

2021-10-21 14:39:05 - [TEST_CASE][PASSED] - Test Cases/Menu/BasligaGoreAltMenuSecimi: Test Cases/Menu/BasligaGoreAltMenuSecimi

2021-10-21 14:39:05 - [TEST_STEP][PASSED] - Method.TextDegerineEsitElementinAltindakiTextDegerineEsitOlanaTikla(findTestObject("Menu/Menu_Basligi"), findTestObject("Menu/Basliga_Gore_Alt_Menu"), Baslik, Alt_Menu): Method.TextDegerineEsitElementinAltindakiTextDegerineEsitOlanaTikla is PASSED

2021-10-21 14:39:05 - [MESSAGE][INFO] - Finding Test Object 'Object Repository/Menu/Menu_Basligi'

2021-10-21 14:39:05 - [MESSAGE][INFO] - Finding Test Object 'Object Repository/Menu/Basliga_Gore_Alt_Menu'

2021-10-21 14:39:05 - [MESSAGE][INFO] - Checking timeout

2021-10-21 14:39:05 - [MESSAGE][INFO] - Finding web element with id: 'Object Repository/Menu/Menu_Basligi' located by 'By.xpath: //li[@class='dropdown dropdown-large open']//li[@class='dropdown-header']' in '10' second(s)

2021-10-21 14:39:05 - [MESSAGE][INFO] - Smart Wait Function is triggered

2021-10-21 14:39:06 - [MESSAGE][INFO] - Found 2 web elements with id: 'Object Repository/Menu/Menu_Basligi' located by 'By.xpath: //li[@class='dropdown dropdown-large open']//li[@class='dropdown-header']' in '10' second(s)

2021-10-21 14:39:06 - [MESSAGE][INFO] - Smart Wait Function is triggered

2021-10-21 14:39:09 - [MESSAGE][PASSED] - Method.TextDegerineEsitElementinAltindakiTextDegerineEsitOlanaTikla is PASSED

2021-10-21 14:39:09 - [MESSAGE][PASSED] - Call Test Case 'Test Cases/Menu/BasligaGoreAltMenuSecimi' successfully

2021-10-21 14:39:09 - [MESSAGE][INFO] - Checking called Test Case

2021-10-21 14:39:09 - [MESSAGE][INFO] - Starting to call Test Case 'Test Cases/Tablo/Olusturma Tarihi'

2021-10-21 14:39:09 - [TEST_CASE][PASSED] - Test Cases/Tablo/Olusturma Tarihi: Test Cases/Tablo/Olusturma Tarihi

2021-10-21 14:39:09 - [TEST_STEP][PASSED] - if (verifyTextNotPresent("Görüntülenecek veri yok", true, OPTIONAL)): null

2021-10-21 14:39:09 - [MESSAGE][INFO] - Checking text present  using regular expression

2021-10-21 14:39:09 - [MESSAGE][INFO] - Smart Wait Function is triggered

2021-10-21 14:39:10 - [MESSAGE][INFO] - Finding text 'Görüntülenecek veri yok' on page  using regular expression

2021-10-21 14:39:10 - [MESSAGE][PASSED] - Text 'Görüntülenecek veri yok' is not present on page using regular expression

2021-10-21 14:39:10 - [TEST_STEP][PASSED] - click(findTestObject("Temizle/Olusturma_Tarihi_CheckBox")): Object: 'Object Repository/Temizle/Olusturma_Tarihi_CheckBox' is clicked on

2021-10-21 14:39:10 - [MESSAGE][INFO] - Finding Test Object 'Object Repository/Temizle/Olusturma_Tarihi_CheckBox'

2021-10-21 14:39:10 - [MESSAGE][INFO] - Checking object

2021-10-21 14:39:10 - [MESSAGE][INFO] - Finding web element from Test Object's properties

2021-10-21 14:39:10 - [MESSAGE][INFO] - Checking timeout

2021-10-21 14:39:10 - [MESSAGE][INFO] - Finding web element with id: 'Object Repository/Temizle/Olusturma_Tarihi_CheckBox' located by 'By.xpath: //*[@title = 'Bu sayfadaki tüm satırları Seç']' in '30' second(s)

2021-10-21 14:39:10 - [MESSAGE][INFO] - Smart Wait Function is triggered

2021-10-21 14:39:10 - [MESSAGE][INFO] - Found 1 web elements with id: 'Object Repository/Temizle/Olusturma_Tarihi_CheckBox' located by 'By.xpath: //*[@title = 'Bu sayfadaki tüm satırları Seç']' in '30' second(s)

2021-10-21 14:39:10 - [MESSAGE][INFO] - Clicking on object: 'Object Repository/Temizle/Olusturma_Tarihi_CheckBox'

2021-10-21 14:39:10 - [MESSAGE][PASSED] - Object: 'Object Repository/Temizle/Olusturma_Tarihi_CheckBox' is clicked on

2021-10-21 14:39:10 - [TEST_STEP][PASSED] - Method.TextDegerineEsitElementeTiklaEquals(findTestObject("Butonlar/Butonlar"), "Sil"): Method.TextDegerineEsitElementeTiklaEquals is PASSED

2021-10-21 14:39:10 - [MESSAGE][INFO] - Finding Test Object 'Object Repository/Butonlar/Butonlar'

2021-10-21 14:39:11 - [MESSAGE][INFO] - Checking timeout

2021-10-21 14:39:11 - [MESSAGE][INFO] - Finding web element with id: 'Object Repository/Butonlar/Butonlar' located by 'By.cssSelector: .panel.panel-default.text-center.footerPanel .btn,.btn.btn-primary.btnControls' in '10' second(s)

2021-10-21 14:39:11 - [MESSAGE][INFO] - Smart Wait Function is triggered

2021-10-21 14:39:11 - [MESSAGE][INFO] - Found 10 web elements with id: 'Object Repository/Butonlar/Butonlar' located by 'By.cssSelector: .panel.panel-default.text-center.footerPanel .btn,.btn.btn-primary.btnControls' in '10' second(s)

2021-10-21 14:39:11 - [MESSAGE][PASSED] - Method.TextDegerineEsitElementeTiklaEquals is PASSED

2021-10-21 14:39:11 - [TEST_STEP][PASSED] - Method.TextDegerineEsitElementeTikla(findTestObject("Popup/Popup_Butons"), "Evet"): Method.TextDegerineEsitElementeTikla is PASSED

2021-10-21 14:39:11 - [MESSAGE][INFO] - Finding Test Object 'Object Repository/Popup/Popup_Butons'

2021-10-21 14:39:11 - [MESSAGE][INFO] - Checking timeout

2021-10-21 14:39:11 - [MESSAGE][INFO] - Finding web element with id: 'Object Repository/Popup/Popup_Butons' located by 'By.cssSelector: .modal-footer>button' in '10' second(s)

2021-10-21 14:39:11 - [MESSAGE][INFO] - Smart Wait Function is triggered

2021-10-21 14:39:12 - [MESSAGE][INFO] - Found 2 web elements with id: 'Object Repository/Popup/Popup_Butons' located by 'By.cssSelector: .modal-footer>button' in '10' second(s)

2021-10-21 14:39:13 - [MESSAGE][PASSED] - Method.TextDegerineEsitElementeTikla is PASSED

2021-10-21 14:39:13 - [TEST_STEP][PASSED] - Method.TextDegerineEsitElementeTikla(findTestObject("Popup/Popup_Butons"), "Tamam"): Method.TextDegerineEsitElementeTikla is PASSED

2021-10-21 14:39:13 - [MESSAGE][INFO] - Finding Test Object 'Object Repository/Popup/Popup_Butons'

2021-10-21 14:39:13 - [MESSAGE][INFO] - Checking timeout

2021-10-21 14:39:13 - [MESSAGE][INFO] - Finding web element with id: 'Object Repository/Popup/Popup_Butons' located by 'By.cssSelector: .modal-footer>button' in '10' second(s)

2021-10-21 14:39:13 - [MESSAGE][INFO] - Smart Wait Function is triggered

2021-10-21 14:39:13 - [MESSAGE][INFO] - Found 1 web elements with id: 'Object Repository/Popup/Popup_Butons' located by 'By.cssSelector: .modal-footer>button' in '10' second(s)

2021-10-21 14:39:13 - [MESSAGE][PASSED] - Method.TextDegerineEsitElementeTikla is PASSED

2021-10-21 14:39:13 - [MESSAGE][PASSED] - Call Test Case 'Test Cases/Tablo/Olusturma Tarihi' successfully

2021-10-21 14:39:13 - [MESSAGE][INFO] - Checking called Test Case

2021-10-21 14:39:13 - [MESSAGE][INFO] - Starting to call Test Case 'Test Cases/Butonlar/ButonaTikla'

2021-10-21 14:39:14 - [TEST_CASE][PASSED] - Test Cases/Butonlar/ButonaTikla: Test Cases/Butonlar/ButonaTikla

2021-10-21 14:39:14 - [TEST_STEP][PASSED] - Method.TextDegerineEsitElementeTiklaEquals(findTestObject("Butonlar/Butonlar"), Buton_Adi): Method.TextDegerineEsitElementeTiklaEquals is PASSED

2021-10-21 14:39:14 - [MESSAGE][INFO] - Finding Test Object 'Object Repository/Butonlar/Butonlar'

2021-10-21 14:39:14 - [MESSAGE][INFO] - Checking timeout

2021-10-21 14:39:14 - [MESSAGE][INFO] - Finding web element with id: 'Object Repository/Butonlar/Butonlar' located by 'By.cssSelector: .panel.panel-default.text-center.footerPanel .btn,.btn.btn-primary.btnControls' in '10' second(s)

2021-10-21 14:39:14 - [MESSAGE][INFO] - Smart Wait Function is triggered

2021-10-21 14:39:14 - [MESSAGE][INFO] - Found 10 web elements with id: 'Object Repository/Butonlar/Butonlar' located by 'By.cssSelector: .panel.panel-default.text-center.footerPanel .btn,.btn.btn-primary.btnControls' in '10' second(s)

2021-10-21 14:39:14 - [MESSAGE][PASSED] - Method.TextDegerineEsitElementeTiklaEquals is PASSED

2021-10-21 14:39:14 - [MESSAGE][PASSED] - Call Test Case 'Test Cases/Butonlar/ButonaTikla' successfully

2021-10-21 14:39:14 - [MESSAGE][INFO] - Checking called Test Case

2021-10-21 14:39:14 - [MESSAGE][INFO] - Starting to call Test Case 'Test Cases/Olusturma/Genel/GorselTasarimSayfasıBasligiIceriyorMu'

2021-10-21 14:39:14 - [TEST_CASE][PASSED] - Test Cases/Olusturma/Genel/GorselTasarimSayfasıBasligiIceriyorMu: Test Cases/Olusturma/Genel/GorselTasarimSayfasıBasligiIceriyorMu

2021-10-21 14:39:14 - [TEST_STEP][PASSED] - verifyElementText(findTestObject("Object Repository/Olusturma/Genel/GorselTasarimBaslik"), Baslik): Actual text and expected text of test object 'Object Repository/Olusturma/Genel/GorselTasarimBaslik' are matched.

2021-10-21 14:39:14 - [MESSAGE][INFO] - Finding Test Object 'Object Repository/Olusturma/Genel/GorselTasarimBaslik'

2021-10-21 14:39:14 - [MESSAGE][INFO] - Checking object

2021-10-21 14:39:14 - [MESSAGE][INFO] - Finding web element from Test Object's properties

2021-10-21 14:39:14 - [MESSAGE][INFO] - Checking timeout

2021-10-21 14:39:14 - [MESSAGE][INFO] - Finding web element with id: 'Object Repository/Olusturma/Genel/GorselTasarimBaslik' located by 'By.cssSelector: #flAlici_0>div>span' in '30' second(s)

2021-10-21 14:39:14 - [MESSAGE][INFO] - Smart Wait Function is triggered

2021-10-21 14:39:20 - [MESSAGE][INFO] - Found 1 web elements with id: 'Object Repository/Olusturma/Genel/GorselTasarimBaslik' located by 'By.cssSelector: #flAlici_0>div>span' in '30' second(s)

2021-10-21 14:39:21 - [MESSAGE][PASSED] - Actual text and expected text of test object 'Object Repository/Olusturma/Genel/GorselTasarimBaslik' are matched.

2021-10-21 14:39:21 - [MESSAGE][PASSED] - Call Test Case 'Test Cases/Olusturma/Genel/GorselTasarimSayfasıBasligiIceriyorMu' successfully

2021-10-21 14:39:21 - [MESSAGE][INFO] - Checking called Test Case

2021-10-21 14:39:21 - [MESSAGE][INFO] - Starting to call Test Case 'Test Cases/Olusturma/Genel/AliciSecilir'

2021-10-21 14:39:21 - [TEST_CASE][PASSED] - Test Cases/Olusturma/Genel/AliciSecilir: Test Cases/Olusturma/Genel/AliciSecilir

2021-10-21 14:39:21 - [TEST_STEP][PASSED] - click(findTestObject("Olusturma/Genel/AliciBilgisi/Alici_Ara")): Object: 'Object Repository/Olusturma/Genel/AliciBilgisi/Alici_Ara' is clicked on

2021-10-21 14:39:21 - [MESSAGE][INFO] - Finding Test Object 'Object Repository/Olusturma/Genel/AliciBilgisi/Alici_Ara'

2021-10-21 14:39:21 - [MESSAGE][INFO] - Checking object

2021-10-21 14:39:21 - [MESSAGE][INFO] - Finding web element from Test Object's properties

2021-10-21 14:39:21 - [MESSAGE][INFO] - Checking timeout

2021-10-21 14:39:21 - [MESSAGE][INFO] - Finding web element with id: 'Object Repository/Olusturma/Genel/AliciBilgisi/Alici_Ara' located by 'By.xpath: //td[@id='txtCustomerText_B-1']' in '30' second(s)

2021-10-21 14:39:21 - [MESSAGE][INFO] - Smart Wait Function is triggered

2021-10-21 14:39:21 - [MESSAGE][INFO] - Found 1 web elements with id: 'Object Repository/Olusturma/Genel/AliciBilgisi/Alici_Ara' located by 'By.xpath: //td[@id='txtCustomerText_B-1']' in '30' second(s)

2021-10-21 14:39:21 - [MESSAGE][INFO] - Clicking on object: 'Object Repository/Olusturma/Genel/AliciBilgisi/Alici_Ara'

2021-10-21 14:39:21 - [MESSAGE][PASSED] - Object: 'Object Repository/Olusturma/Genel/AliciBilgisi/Alici_Ara' is clicked on

2021-10-21 14:39:21 - [TEST_STEP][PASSED] - click(findTestObject("Olusturma/Genel/AliciBilgisi/Alici_Bilgisi")): Object: 'Object Repository/Olusturma/Genel/AliciBilgisi/Alici_Bilgisi' is clicked on

2021-10-21 14:39:21 - [MESSAGE][INFO] - Finding Test Object 'Object Repository/Olusturma/Genel/AliciBilgisi/Alici_Bilgisi'

2021-10-21 14:39:21 - [MESSAGE][INFO] - Checking object

2021-10-21 14:39:21 - [MESSAGE][INFO] - Finding web element from Test Object's properties

2021-10-21 14:39:21 - [MESSAGE][INFO] - Checking timeout

2021-10-21 14:39:21 - [MESSAGE][INFO] - Finding web element with id: 'Object Repository/Olusturma/Genel/AliciBilgisi/Alici_Bilgisi' located by 'By.xpath: //iframe[@id='customerselectiframe']' in '30' second(s)

2021-10-21 14:39:21 - [MESSAGE][INFO] - Smart Wait Function is triggered

2021-10-21 14:39:22 - [MESSAGE][INFO] - Found 1 web elements with id: 'Object Repository/Olusturma/Genel/AliciBilgisi/Alici_Bilgisi' located by 'By.xpath: //iframe[@id='customerselectiframe']' in '30' second(s)

2021-10-21 14:39:22 - [MESSAGE][INFO] - Clicking on object: 'Object Repository/Olusturma/Genel/AliciBilgisi/Alici_Bilgisi'

2021-10-21 14:39:22 - [MESSAGE][PASSED] - Object: 'Object Repository/Olusturma/Genel/AliciBilgisi/Alici_Bilgisi' is clicked on

2021-10-21 14:39:22 - [TEST_STEP][PASSED] - setText(findTestObject("Olusturma/Genel/AliciBilgisi/Alici_Gir"), Alici_Adi): Switching to default content

2021-10-21 14:39:22 - [MESSAGE][INFO] - Finding Test Object 'Object Repository/Olusturma/Genel/AliciBilgisi/Alici_Gir'

2021-10-21 14:39:22 - [MESSAGE][INFO] - Finding Test Object 'Object Repository/Olusturma/Genel/AliciBilgisi/Alici_Bilgisi'

2021-10-21 14:39:22 - [MESSAGE][INFO] - Checking object

2021-10-21 14:39:22 - [MESSAGE][INFO] - Checking text

2021-10-21 14:39:22 - [MESSAGE][INFO] - Object: 'Object Repository/Olusturma/Genel/AliciBilgisi/Alici_Gir' has parent object(s)

2021-10-21 14:39:22 - [MESSAGE][INFO] - Switching to iframe: 'Object Repository/Olusturma/Genel/AliciBilgisi/Alici_Bilgisi'

2021-10-21 14:39:22 - [MESSAGE][INFO] - Finding web element from Test Object's properties

2021-10-21 14:39:22 - [MESSAGE][INFO] - Checking timeout

2021-10-21 14:39:22 - [MESSAGE][INFO] - Finding web element with id: 'Object Repository/Olusturma/Genel/AliciBilgisi/Alici_Bilgisi' located by 'By.xpath: //iframe[@id='customerselectiframe']' in '30' second(s)

2021-10-21 14:39:22 - [MESSAGE][INFO] - Smart Wait Function is triggered

2021-10-21 14:39:22 - [MESSAGE][INFO] - Found 1 web elements with id: 'Object Repository/Olusturma/Genel/AliciBilgisi/Alici_Bilgisi' located by 'By.xpath: //iframe[@id='customerselectiframe']' in '30' second(s)

2021-10-21 14:39:23 - [MESSAGE][INFO] - Switched to iframe: 'Object Repository/Olusturma/Genel/AliciBilgisi/Alici_Bilgisi'

2021-10-21 14:39:23 - [MESSAGE][INFO] - Finding web element from Test Object's properties

2021-10-21 14:39:23 - [MESSAGE][INFO] - Checking timeout

2021-10-21 14:39:23 - [MESSAGE][INFO] - Finding web element with id: 'Object Repository/Olusturma/Genel/AliciBilgisi/Alici_Gir' located by 'By.xpath: //input[@id='GridViewCustomer_DXFREditorcol1_I']' in '30' second(s)

2021-10-21 14:39:23 - [MESSAGE][INFO] - Smart Wait Function is triggered

2021-10-21 14:39:23 - [MESSAGE][INFO] - Found 1 web elements with id: 'Object Repository/Olusturma/Genel/AliciBilgisi/Alici_Gir' located by 'By.xpath: //input[@id='GridViewCustomer_DXFREditorcol1_I']' in '30' second(s)

2021-10-21 14:39:23 - [MESSAGE][INFO] - Clearing text of object 'Object Repository/Olusturma/Genel/AliciBilgisi/Alici_Gir'

2021-10-21 14:39:23 - [MESSAGE][INFO] - Finding web element from Test Object's properties

2021-10-21 14:39:23 - [MESSAGE][INFO] - Checking timeout

2021-10-21 14:39:23 - [MESSAGE][INFO] - Finding web element with id: 'Object Repository/Olusturma/Genel/AliciBilgisi/Alici_Gir' located by 'By.xpath: //input[@id='GridViewCustomer_DXFREditorcol1_I']' in '30' second(s)

2021-10-21 14:39:23 - [MESSAGE][INFO] - Smart Wait Function is triggered

2021-10-21 14:39:23 - [MESSAGE][INFO] - Found 1 web elements with id: 'Object Repository/Olusturma/Genel/AliciBilgisi/Alici_Gir' located by 'By.xpath: //input[@id='GridViewCustomer_DXFREditorcol1_I']' in '30' second(s)

2021-10-21 14:39:23 - [MESSAGE][INFO] - Setting text of object 'Object Repository/Olusturma/Genel/AliciBilgisi/Alici_Gir' to value 'UC0016'

2021-10-21 14:39:23 - [MESSAGE][PASSED] - Text 'UC0016' is set on object 'Object Repository/Olusturma/Genel/AliciBilgisi/Alici_Gir'

2021-10-21 14:39:23 - [MESSAGE][INFO] - Switching to default content

2021-10-21 14:39:23 - [TEST_STEP][PASSED] - waitForElementClickable(findTestObject("Olusturma/Genel/AliciBilgisi/Alici_Adi"), 10): Switching to default content

2021-10-21 14:39:23 - [MESSAGE][INFO] - Finding Test Object 'Object Repository/Olusturma/Genel/AliciBilgisi/Alici_Adi'

2021-10-21 14:39:23 - [MESSAGE][INFO] - Finding Test Object 'Object Repository/Olusturma/Genel/AliciBilgisi/iframe_Alc Bilgisi_customerselectiframe'

2021-10-21 14:39:23 - [MESSAGE][INFO] - Checking object

2021-10-21 14:39:23 - [MESSAGE][INFO] - Checking timeout

2021-10-21 14:39:23 - [MESSAGE][INFO] - Object: 'Object Repository/Olusturma/Genel/AliciBilgisi/Alici_Adi' has parent object(s)

2021-10-21 14:39:23 - [MESSAGE][INFO] - Switching to iframe: 'Object Repository/Olusturma/Genel/AliciBilgisi/iframe_Alc Bilgisi_customerselectiframe'

2021-10-21 14:39:23 - [MESSAGE][INFO] - Finding web element from Test Object's properties

2021-10-21 14:39:23 - [MESSAGE][INFO] - Checking timeout

2021-10-21 14:39:23 - [MESSAGE][INFO] - Finding web element with id: 'Object Repository/Olusturma/Genel/AliciBilgisi/iframe_Alc Bilgisi_customerselectiframe' located by 'By.xpath: //iframe[@id='customerselectiframe']' in '10' second(s)

2021-10-21 14:39:23 - [MESSAGE][INFO] - Smart Wait Function is triggered

2021-10-21 14:39:23 - [MESSAGE][INFO] - Found 1 web elements with id: 'Object Repository/Olusturma/Genel/AliciBilgisi/iframe_Alc Bilgisi_customerselectiframe' located by 'By.xpath: //iframe[@id='customerselectiframe']' in '10' second(s)

2021-10-21 14:39:23 - [MESSAGE][INFO] - Switched to iframe: 'Object Repository/Olusturma/Genel/AliciBilgisi/iframe_Alc Bilgisi_customerselectiframe'

2021-10-21 14:39:23 - [MESSAGE][INFO] - Finding web element from Test Object's properties

2021-10-21 14:39:23 - [MESSAGE][INFO] - Checking timeout

2021-10-21 14:39:23 - [MESSAGE][INFO] - Finding web element with id: 'Object Repository/Olusturma/Genel/AliciBilgisi/Alici_Adi' located by 'By.xpath: //tr[@id='GridViewCustomer_DXDataRow0']/td[2]' in '10' second(s)

2021-10-21 14:39:23 - [MESSAGE][INFO] - Smart Wait Function is triggered

2021-10-21 14:39:23 - [MESSAGE][INFO] - Found 1 web elements with id: 'Object Repository/Olusturma/Genel/AliciBilgisi/Alici_Adi' located by 'By.xpath: //tr[@id='GridViewCustomer_DXDataRow0']/td[2]' in '10' second(s)

2021-10-21 14:39:23 - [MESSAGE][PASSED] - Object 'Object Repository/Olusturma/Genel/AliciBilgisi/Alici_Adi' is clickable

2021-10-21 14:39:23 - [MESSAGE][INFO] - Switching to default content

2021-10-21 14:39:23 - [TEST_STEP][PASSED] - click(findTestObject("Olusturma/Genel/AliciBilgisi/frame")): Switching to default content

2021-10-21 14:39:23 - [MESSAGE][INFO] - Finding Test Object 'Object Repository/Olusturma/Genel/AliciBilgisi/frame'

2021-10-21 14:39:23 - [MESSAGE][INFO] - Finding Test Object 'Object Repository/Olusturma/Genel/AliciBilgisi/iframe_Alc Bilgisi_customerselectiframe'

2021-10-21 14:39:23 - [MESSAGE][INFO] - Checking object

2021-10-21 14:39:23 - [MESSAGE][INFO] - Object: 'Object Repository/Olusturma/Genel/AliciBilgisi/frame' has parent object(s)

2021-10-21 14:39:23 - [MESSAGE][INFO] - Switching to iframe: 'Object Repository/Olusturma/Genel/AliciBilgisi/iframe_Alc Bilgisi_customerselectiframe'

2021-10-21 14:39:23 - [MESSAGE][INFO] - Finding web element from Test Object's properties

2021-10-21 14:39:23 - [MESSAGE][INFO] - Checking timeout

2021-10-21 14:39:23 - [MESSAGE][INFO] - Finding web element with id: 'Object Repository/Olusturma/Genel/AliciBilgisi/iframe_Alc Bilgisi_customerselectiframe' located by 'By.xpath: //iframe[@id='customerselectiframe']' in '30' second(s)

2021-10-21 14:39:23 - [MESSAGE][INFO] - Smart Wait Function is triggered

2021-10-21 14:39:24 - [MESSAGE][INFO] - Found 1 web elements with id: 'Object Repository/Olusturma/Genel/AliciBilgisi/iframe_Alc Bilgisi_customerselectiframe' located by 'By.xpath: //iframe[@id='customerselectiframe']' in '30' second(s)

2021-10-21 14:39:24 - [MESSAGE][INFO] - Switched to iframe: 'Object Repository/Olusturma/Genel/AliciBilgisi/iframe_Alc Bilgisi_customerselectiframe'

2021-10-21 14:39:24 - [MESSAGE][INFO] - Finding web element from Test Object's properties

2021-10-21 14:39:24 - [MESSAGE][INFO] - Checking timeout

2021-10-21 14:39:24 - [MESSAGE][INFO] - Finding web element with id: 'Object Repository/Olusturma/Genel/AliciBilgisi/frame' located by 'By.xpath: //*/text()[normalize-space(.)='']/parent::*' in '30' second(s)

2021-10-21 14:39:24 - [MESSAGE][INFO] - Smart Wait Function is triggered

2021-10-21 14:39:24 - [MESSAGE][INFO] - Found 66 web elements with id: 'Object Repository/Olusturma/Genel/AliciBilgisi/frame' located by 'By.xpath: //*/text()[normalize-space(.)='']/parent::*' in '30' second(s)

2021-10-21 14:39:24 - [MESSAGE][INFO] - Clicking on object: 'Object Repository/Olusturma/Genel/AliciBilgisi/frame'

2021-10-21 14:39:24 - [MESSAGE][PASSED] - Object: 'Object Repository/Olusturma/Genel/AliciBilgisi/frame' is clicked on

2021-10-21 14:39:24 - [MESSAGE][INFO] - Switching to default content

2021-10-21 14:39:24 - [TEST_STEP][PASSED] - click(findTestObject("Olusturma/Genel/AliciBilgisi/Alici_Adi")): Switching to default content

2021-10-21 14:39:24 - [MESSAGE][INFO] - Finding Test Object 'Object Repository/Olusturma/Genel/AliciBilgisi/Alici_Adi'

2021-10-21 14:39:24 - [MESSAGE][INFO] - Finding Test Object 'Object Repository/Olusturma/Genel/AliciBilgisi/iframe_Alc Bilgisi_customerselectiframe'

2021-10-21 14:39:24 - [MESSAGE][INFO] - Checking object

2021-10-21 14:39:24 - [MESSAGE][INFO] - Object: 'Object Repository/Olusturma/Genel/AliciBilgisi/Alici_Adi' has parent object(s)

2021-10-21 14:39:24 - [MESSAGE][INFO] - Switching to iframe: 'Object Repository/Olusturma/Genel/AliciBilgisi/iframe_Alc Bilgisi_customerselectiframe'

2021-10-21 14:39:24 - [MESSAGE][INFO] - Finding web element from Test Object's properties

2021-10-21 14:39:24 - [MESSAGE][INFO] - Checking timeout

2021-10-21 14:39:24 - [MESSAGE][INFO] - Finding web element with id: 'Object Repository/Olusturma/Genel/AliciBilgisi/iframe_Alc Bilgisi_customerselectiframe' located by 'By.xpath: //iframe[@id='customerselectiframe']' in '30' second(s)

2021-10-21 14:39:24 - [MESSAGE][INFO] - Smart Wait Function is triggered

2021-10-21 14:39:25 - [MESSAGE][INFO] - Found 1 web elements with id: 'Object Repository/Olusturma/Genel/AliciBilgisi/iframe_Alc Bilgisi_customerselectiframe' located by 'By.xpath: //iframe[@id='customerselectiframe']' in '30' second(s)

2021-10-21 14:39:25 - [MESSAGE][INFO] - Switched to iframe: 'Object Repository/Olusturma/Genel/AliciBilgisi/iframe_Alc Bilgisi_customerselectiframe'

2021-10-21 14:39:25 - [MESSAGE][INFO] - Finding web element from Test Object's properties

2021-10-21 14:39:25 - [MESSAGE][INFO] - Checking timeout

2021-10-21 14:39:25 - [MESSAGE][INFO] - Finding web element with id: 'Object Repository/Olusturma/Genel/AliciBilgisi/Alici_Adi' located by 'By.xpath: //tr[@id='GridViewCustomer_DXDataRow0']/td[2]' in '30' second(s)

2021-10-21 14:39:25 - [MESSAGE][INFO] - Smart Wait Function is triggered

2021-10-21 14:39:25 - [MESSAGE][INFO] - Found 1 web elements with id: 'Object Repository/Olusturma/Genel/AliciBilgisi/Alici_Adi' located by 'By.xpath: //tr[@id='GridViewCustomer_DXDataRow0']/td[2]' in '30' second(s)

2021-10-21 14:39:25 - [MESSAGE][INFO] - Clicking on object: 'Object Repository/Olusturma/Genel/AliciBilgisi/Alici_Adi'

2021-10-21 14:39:25 - [MESSAGE][PASSED] - Object: 'Object Repository/Olusturma/Genel/AliciBilgisi/Alici_Adi' is clicked on

2021-10-21 14:39:25 - [MESSAGE][INFO] - Switching to default content

2021-10-21 14:39:25 - [TEST_STEP][PASSED] - click(findTestObject("Olusturma/Genel/AliciBilgisi/Tamam_Bosluk")): Switching to default content

2021-10-21 14:39:25 - [MESSAGE][INFO] - Finding Test Object 'Object Repository/Olusturma/Genel/AliciBilgisi/Tamam_Bosluk'

2021-10-21 14:39:25 - [MESSAGE][INFO] - Finding Test Object 'Object Repository/Olusturma/Genel/AliciBilgisi/Alici_Bilgisi'

2021-10-21 14:39:25 - [MESSAGE][INFO] - Checking object

2021-10-21 14:39:25 - [MESSAGE][INFO] - Object: 'Object Repository/Olusturma/Genel/AliciBilgisi/Tamam_Bosluk' has parent object(s)

2021-10-21 14:39:25 - [MESSAGE][INFO] - Switching to iframe: 'Object Repository/Olusturma/Genel/AliciBilgisi/Alici_Bilgisi'

2021-10-21 14:39:25 - [MESSAGE][INFO] - Finding web element from Test Object's properties

2021-10-21 14:39:25 - [MESSAGE][INFO] - Checking timeout

2021-10-21 14:39:25 - [MESSAGE][INFO] - Finding web element with id: 'Object Repository/Olusturma/Genel/AliciBilgisi/Alici_Bilgisi' located by 'By.xpath: //iframe[@id='customerselectiframe']' in '30' second(s)

2021-10-21 14:39:25 - [MESSAGE][INFO] - Smart Wait Function is triggered

2021-10-21 14:39:25 - [MESSAGE][INFO] - Found 1 web elements with id: 'Object Repository/Olusturma/Genel/AliciBilgisi/Alici_Bilgisi' located by 'By.xpath: //iframe[@id='customerselectiframe']' in '30' second(s)

2021-10-21 14:39:25 - [MESSAGE][INFO] - Switched to iframe: 'Object Repository/Olusturma/Genel/AliciBilgisi/Alici_Bilgisi'

2021-10-21 14:39:25 - [MESSAGE][INFO] - Finding web element from Test Object's properties

2021-10-21 14:39:25 - [MESSAGE][INFO] - Checking timeout

2021-10-21 14:39:25 - [MESSAGE][INFO] - Finding web element with id: 'Object Repository/Olusturma/Genel/AliciBilgisi/Tamam_Bosluk' located by 'By.xpath: (.//*[normalize-space(text()) and normalize-space(.)='Sayfa Boyutu:'])[1]/following::div[7]' in '30' second(s)

2021-10-21 14:39:25 - [MESSAGE][INFO] - Smart Wait Function is triggered

2021-10-21 14:39:25 - [MESSAGE][INFO] - Found 1 web elements with id: 'Object Repository/Olusturma/Genel/AliciBilgisi/Tamam_Bosluk' located by 'By.xpath: (.//*[normalize-space(text()) and normalize-space(.)='Sayfa Boyutu:'])[1]/following::div[7]' in '30' second(s)

2021-10-21 14:39:25 - [MESSAGE][INFO] - Clicking on object: 'Object Repository/Olusturma/Genel/AliciBilgisi/Tamam_Bosluk'

2021-10-21 14:39:25 - [MESSAGE][PASSED] - Object: 'Object Repository/Olusturma/Genel/AliciBilgisi/Tamam_Bosluk' is clicked on

2021-10-21 14:39:25 - [MESSAGE][INFO] - Switching to default content

2021-10-21 14:39:25 - [TEST_STEP][PASSED] - waitForElementClickable(findTestObject("Olusturma/Genel/AliciBilgisi/Tamam_Butonu"), 10): Switching to default content

2021-10-21 14:39:25 - [MESSAGE][INFO] - Finding Test Object 'Object Repository/Olusturma/Genel/AliciBilgisi/Tamam_Butonu'

2021-10-21 14:39:26 - [MESSAGE][INFO] - Finding Test Object 'Object Repository/Olusturma/Genel/AliciBilgisi/Alici_Bilgisi'

2021-10-21 14:39:26 - [MESSAGE][INFO] - Checking object

2021-10-21 14:39:26 - [MESSAGE][INFO] - Checking timeout

2021-10-21 14:39:26 - [MESSAGE][INFO] - Object: 'Object Repository/Olusturma/Genel/AliciBilgisi/Tamam_Butonu' has parent object(s)

2021-10-21 14:39:26 - [MESSAGE][INFO] - Switching to iframe: 'Object Repository/Olusturma/Genel/AliciBilgisi/Alici_Bilgisi'

2021-10-21 14:39:26 - [MESSAGE][INFO] - Finding web element from Test Object's properties

2021-10-21 14:39:26 - [MESSAGE][INFO] - Checking timeout

2021-10-21 14:39:26 - [MESSAGE][INFO] - Finding web element with id: 'Object Repository/Olusturma/Genel/AliciBilgisi/Alici_Bilgisi' located by 'By.xpath: //iframe[@id='customerselectiframe']' in '10' second(s)

2021-10-21 14:39:26 - [MESSAGE][INFO] - Smart Wait Function is triggered

2021-10-21 14:39:26 - [MESSAGE][INFO] - Found 1 web elements with id: 'Object Repository/Olusturma/Genel/AliciBilgisi/Alici_Bilgisi' located by 'By.xpath: //iframe[@id='customerselectiframe']' in '10' second(s)

2021-10-21 14:39:26 - [MESSAGE][INFO] - Switched to iframe: 'Object Repository/Olusturma/Genel/AliciBilgisi/Alici_Bilgisi'

2021-10-21 14:39:26 - [MESSAGE][INFO] - Finding web element from Test Object's properties

2021-10-21 14:39:26 - [MESSAGE][INFO] - Checking timeout

2021-10-21 14:39:26 - [MESSAGE][INFO] - Finding web element with id: 'Object Repository/Olusturma/Genel/AliciBilgisi/Tamam_Butonu' located by 'By.xpath: //div[@id='btnSelectCustomer_CD']/span' in '10' second(s)

2021-10-21 14:39:26 - [MESSAGE][INFO] - Smart Wait Function is triggered

2021-10-21 14:39:26 - [MESSAGE][INFO] - Found 1 web elements with id: 'Object Repository/Olusturma/Genel/AliciBilgisi/Tamam_Butonu' located by 'By.xpath: //div[@id='btnSelectCustomer_CD']/span' in '10' second(s)

2021-10-21 14:39:26 - [MESSAGE][PASSED] - Object 'Object Repository/Olusturma/Genel/AliciBilgisi/Tamam_Butonu' is clickable

2021-10-21 14:39:26 - [MESSAGE][INFO] - Switching to default content

2021-10-21 14:39:26 - [TEST_STEP][PASSED] - click(findTestObject("Olusturma/Genel/AliciBilgisi/Tamam_Butonu")): Switching to default content

2021-10-21 14:39:26 - [MESSAGE][INFO] - Finding Test Object 'Object Repository/Olusturma/Genel/AliciBilgisi/Tamam_Butonu'

2021-10-21 14:39:26 - [MESSAGE][INFO] - Finding Test Object 'Object Repository/Olusturma/Genel/AliciBilgisi/Alici_Bilgisi'

2021-10-21 14:39:26 - [MESSAGE][INFO] - Checking object

2021-10-21 14:39:26 - [MESSAGE][INFO] - Object: 'Object Repository/Olusturma/Genel/AliciBilgisi/Tamam_Butonu' has parent object(s)

2021-10-21 14:39:26 - [MESSAGE][INFO] - Switching to iframe: 'Object Repository/Olusturma/Genel/AliciBilgisi/Alici_Bilgisi'

2021-10-21 14:39:26 - [MESSAGE][INFO] - Finding web element from Test Object's properties

2021-10-21 14:39:26 - [MESSAGE][INFO] - Checking timeout

2021-10-21 14:39:26 - [MESSAGE][INFO] - Finding web element with id: 'Object Repository/Olusturma/Genel/AliciBilgisi/Alici_Bilgisi' located by 'By.xpath: //iframe[@id='customerselectiframe']' in '30' second(s)

2021-10-21 14:39:26 - [MESSAGE][INFO] - Smart Wait Function is triggered

2021-10-21 14:39:26 - [MESSAGE][INFO] - Found 1 web elements with id: 'Object Repository/Olusturma/Genel/AliciBilgisi/Alici_Bilgisi' located by 'By.xpath: //iframe[@id='customerselectiframe']' in '30' second(s)

2021-10-21 14:39:27 - [MESSAGE][INFO] - Switched to iframe: 'Object Repository/Olusturma/Genel/AliciBilgisi/Alici_Bilgisi'

2021-10-21 14:39:27 - [MESSAGE][INFO] - Finding web element from Test Object's properties

2021-10-21 14:39:27 - [MESSAGE][INFO] - Checking timeout

2021-10-21 14:39:27 - [MESSAGE][INFO] - Finding web element with id: 'Object Repository/Olusturma/Genel/AliciBilgisi/Tamam_Butonu' located by 'By.xpath: //div[@id='btnSelectCustomer_CD']/span' in '30' second(s)

2021-10-21 14:39:27 - [MESSAGE][INFO] - Smart Wait Function is triggered

2021-10-21 14:39:27 - [MESSAGE][INFO] - Found 1 web elements with id: 'Object Repository/Olusturma/Genel/AliciBilgisi/Tamam_Butonu' located by 'By.xpath: //div[@id='btnSelectCustomer_CD']/span' in '30' second(s)

2021-10-21 14:39:27 - [MESSAGE][INFO] - Clicking on object: 'Object Repository/Olusturma/Genel/AliciBilgisi/Tamam_Butonu'

2021-10-21 14:39:27 - [MESSAGE][PASSED] - Object: 'Object Repository/Olusturma/Genel/AliciBilgisi/Tamam_Butonu' is clicked on

2021-10-21 14:39:27 - [MESSAGE][INFO] - Switching to default content

2021-10-21 14:39:27 - [TEST_STEP][PASSED] - waitForElementPresent(findTestObject("Olusturma/Genel/AliciBilgisi/VKN-TCKN"), 10): Object 'Object Repository/Olusturma/Genel/AliciBilgisi/VKN-TCKN' is present

2021-10-21 14:39:27 - [MESSAGE][INFO] - Finding Test Object 'Object Repository/Olusturma/Genel/AliciBilgisi/VKN-TCKN'

2021-10-21 14:39:27 - [MESSAGE][INFO] - Checking object

2021-10-21 14:39:27 - [MESSAGE][INFO] - Finding web element from Test Object's properties

2021-10-21 14:39:27 - [MESSAGE][INFO] - Checking timeout

2021-10-21 14:39:27 - [MESSAGE][INFO] - Finding web element with id: 'Object Repository/Olusturma/Genel/AliciBilgisi/VKN-TCKN' located by 'By.xpath: //*[@id = 'txtVknTckn_I']' in '10' second(s)

2021-10-21 14:39:27 - [MESSAGE][INFO] - Smart Wait Function is triggered

2021-10-21 14:39:27 - [MESSAGE][INFO] - Found 1 web elements with id: 'Object Repository/Olusturma/Genel/AliciBilgisi/VKN-TCKN' located by 'By.xpath: //*[@id = 'txtVknTckn_I']' in '10' second(s)

2021-10-21 14:39:27 - [MESSAGE][PASSED] - Object 'Object Repository/Olusturma/Genel/AliciBilgisi/VKN-TCKN' is present

2021-10-21 14:39:27 - [TEST_STEP][PASSED] - text = getAttribute(findTestObject("Olusturma/Genel/AliciBilgisi/VKN-TCKN"), "value"): Attribute 'value' of object 'Object Repository/Olusturma/Genel/AliciBilgisi/VKN-TCKN' is: '5324398537'

2021-10-21 14:39:27 - [MESSAGE][INFO] - Finding Test Object 'Object Repository/Olusturma/Genel/AliciBilgisi/VKN-TCKN'

2021-10-21 14:39:27 - [MESSAGE][INFO] - Checking object

2021-10-21 14:39:27 - [MESSAGE][INFO] - Checking attribute

2021-10-21 14:39:27 - [MESSAGE][INFO] - Finding web element from Test Object's properties

2021-10-21 14:39:27 - [MESSAGE][INFO] - Checking timeout

2021-10-21 14:39:27 - [MESSAGE][INFO] - Finding web element with id: 'Object Repository/Olusturma/Genel/AliciBilgisi/VKN-TCKN' located by 'By.xpath: //*[@id = 'txtVknTckn_I']' in '30' second(s)

2021-10-21 14:39:27 - [MESSAGE][INFO] - Smart Wait Function is triggered

2021-10-21 14:39:28 - [MESSAGE][INFO] - Found 1 web elements with id: 'Object Repository/Olusturma/Genel/AliciBilgisi/VKN-TCKN' located by 'By.xpath: //*[@id = 'txtVknTckn_I']' in '30' second(s)

2021-10-21 14:39:28 - [MESSAGE][INFO] - Getting attribute 'value' of object 'Object Repository/Olusturma/Genel/AliciBilgisi/VKN-TCKN'

2021-10-21 14:39:28 - [MESSAGE][PASSED] - Attribute 'value' of object 'Object Repository/Olusturma/Genel/AliciBilgisi/VKN-TCKN' is: '5324398537'

2021-10-21 14:39:28 - [TEST_STEP][PASSED] - if (text.equals("")): null

2021-10-21 14:39:28 - [MESSAGE][PASSED] - Call Test Case 'Test Cases/Olusturma/Genel/AliciSecilir' successfully

2021-10-21 14:39:28 - [MESSAGE][INFO] - Checking called Test Case

2021-10-21 14:39:28 - [MESSAGE][INFO] - Starting to call Test Case 'Test Cases/Olusturma/Genel/GonderimSekliSecilir'

2021-10-21 14:39:28 - [TEST_CASE][PASSED] - Test Cases/Olusturma/Genel/GonderimSekliSecilir: Test Cases/Olusturma/Genel/GonderimSekliSecilir

2021-10-21 14:39:28 - [TEST_STEP][PASSED] - waitForElementClickable(findTestObject("Object Repository/Olusturma/Genel/GonderimSekli/GonderimSekli"), 10): Object 'Object Repository/Olusturma/Genel/GonderimSekli/GonderimSekli' is clickable

2021-10-21 14:39:28 - [MESSAGE][INFO] - Finding Test Object 'Object Repository/Olusturma/Genel/GonderimSekli/GonderimSekli'

2021-10-21 14:39:28 - [MESSAGE][INFO] - Checking object

2021-10-21 14:39:28 - [MESSAGE][INFO] - Checking timeout

2021-10-21 14:39:28 - [MESSAGE][INFO] - Finding web element from Test Object's properties

2021-10-21 14:39:28 - [MESSAGE][INFO] - Checking timeout

2021-10-21 14:39:28 - [MESSAGE][INFO] - Finding web element with id: 'Object Repository/Olusturma/Genel/GonderimSekli/GonderimSekli' located by 'By.xpath: //*[@id = 'txtGonderimSekil_I']' in '10' second(s)

2021-10-21 14:39:28 - [MESSAGE][INFO] - Smart Wait Function is triggered

2021-10-21 14:39:28 - [MESSAGE][INFO] - Found 1 web elements with id: 'Object Repository/Olusturma/Genel/GonderimSekli/GonderimSekli' located by 'By.xpath: //*[@id = 'txtGonderimSekil_I']' in '10' second(s)

2021-10-21 14:39:28 - [MESSAGE][PASSED] - Object 'Object Repository/Olusturma/Genel/GonderimSekli/GonderimSekli' is clickable

2021-10-21 14:39:28 - [TEST_STEP][PASSED] - click(findTestObject("Object Repository/Olusturma/Genel/GonderimSekli/GonderimSekli")): Object: 'Object Repository/Olusturma/Genel/GonderimSekli/GonderimSekli' is clicked on

2021-10-21 14:39:28 - [MESSAGE][INFO] - Finding Test Object 'Object Repository/Olusturma/Genel/GonderimSekli/GonderimSekli'

2021-10-21 14:39:28 - [MESSAGE][INFO] - Checking object

2021-10-21 14:39:28 - [MESSAGE][INFO] - Finding web element from Test Object's properties

2021-10-21 14:39:28 - [MESSAGE][INFO] - Checking timeout

2021-10-21 14:39:28 - [MESSAGE][INFO] - Finding web element with id: 'Object Repository/Olusturma/Genel/GonderimSekli/GonderimSekli' located by 'By.xpath: //*[@id = 'txtGonderimSekil_I']' in '30' second(s)

2021-10-21 14:39:28 - [MESSAGE][INFO] - Smart Wait Function is triggered

2021-10-21 14:39:29 - [MESSAGE][INFO] - Found 1 web elements with id: 'Object Repository/Olusturma/Genel/GonderimSekli/GonderimSekli' located by 'By.xpath: //*[@id = 'txtGonderimSekil_I']' in '30' second(s)

2021-10-21 14:39:29 - [MESSAGE][INFO] - Clicking on object: 'Object Repository/Olusturma/Genel/GonderimSekli/GonderimSekli'

2021-10-21 14:39:29 - [MESSAGE][PASSED] - Object: 'Object Repository/Olusturma/Genel/GonderimSekli/GonderimSekli' is clicked on

2021-10-21 14:39:29 - [TEST_STEP][PASSED] - Method.TextDegerineEsitElementeTikla(findTestObject("Object Repository/Olusturma/Genel/GonderimSekli/GonderimSekliAdi"), GonderimSekli): Method.TextDegerineEsitElementeTikla is PASSED

2021-10-21 14:39:29 - [MESSAGE][INFO] - Finding Test Object 'Object Repository/Olusturma/Genel/GonderimSekli/GonderimSekliAdi'

2021-10-21 14:39:29 - [MESSAGE][INFO] - Checking timeout

2021-10-21 14:39:29 - [MESSAGE][INFO] - Finding web element with id: 'Object Repository/Olusturma/Genel/GonderimSekli/GonderimSekliAdi' located by 'By.cssSelector: #txtGonderimSekil_DDD_L_LBT td' in '10' second(s)

2021-10-21 14:39:29 - [MESSAGE][INFO] - Smart Wait Function is triggered

2021-10-21 14:39:29 - [MESSAGE][INFO] - Found 2 web elements with id: 'Object Repository/Olusturma/Genel/GonderimSekli/GonderimSekliAdi' located by 'By.cssSelector: #txtGonderimSekil_DDD_L_LBT td' in '10' second(s)

2021-10-21 14:39:30 - [MESSAGE][PASSED] - Method.TextDegerineEsitElementeTikla is PASSED

2021-10-21 14:39:30 - [MESSAGE][PASSED] - Call Test Case 'Test Cases/Olusturma/Genel/GonderimSekliSecilir' successfully

2021-10-21 14:39:30 - [MESSAGE][INFO] - Checking called Test Case

2021-10-21 14:39:30 - [MESSAGE][INFO] - Starting to call Test Case 'Test Cases/Olusturma/Genel/TipSecilir'

2021-10-21 14:39:30 - [TEST_CASE][PASSED] - Test Cases/Olusturma/Genel/TipSecilir: Test Cases/Olusturma/Genel/TipSecilir

2021-10-21 14:39:30 - [TEST_STEP][PASSED] - waitForElementClickable(findTestObject("Olusturma/Genel/TipSecilir/Tip"), 10): Object 'Object Repository/Olusturma/Genel/TipSecilir/Tip' is clickable

2021-10-21 14:39:30 - [MESSAGE][INFO] - Finding Test Object 'Object Repository/Olusturma/Genel/TipSecilir/Tip'

2021-10-21 14:39:30 - [MESSAGE][INFO] - Checking object

2021-10-21 14:39:30 - [MESSAGE][INFO] - Checking timeout

2021-10-21 14:39:30 - [MESSAGE][INFO] - Finding web element from Test Object's properties

2021-10-21 14:39:30 - [MESSAGE][INFO] - Checking timeout

2021-10-21 14:39:30 - [MESSAGE][INFO] - Finding web element with id: 'Object Repository/Olusturma/Genel/TipSecilir/Tip' located by 'By.xpath: //*[@id = 'DocumentTypeCode_I']' in '10' second(s)

2021-10-21 14:39:30 - [MESSAGE][INFO] - Smart Wait Function is triggered

2021-10-21 14:39:30 - [MESSAGE][INFO] - Found 1 web elements with id: 'Object Repository/Olusturma/Genel/TipSecilir/Tip' located by 'By.xpath: //*[@id = 'DocumentTypeCode_I']' in '10' second(s)

2021-10-21 14:39:30 - [MESSAGE][PASSED] - Object 'Object Repository/Olusturma/Genel/TipSecilir/Tip' is clickable

2021-10-21 14:39:30 - [TEST_STEP][PASSED] - click(findTestObject("Olusturma/Genel/TipSecilir/Tip")): Object: 'Object Repository/Olusturma/Genel/TipSecilir/Tip' is clicked on

2021-10-21 14:39:30 - [MESSAGE][INFO] - Finding Test Object 'Object Repository/Olusturma/Genel/TipSecilir/Tip'

2021-10-21 14:39:30 - [MESSAGE][INFO] - Checking object

2021-10-21 14:39:30 - [MESSAGE][INFO] - Finding web element from Test Object's properties

2021-10-21 14:39:30 - [MESSAGE][INFO] - Checking timeout

2021-10-21 14:39:30 - [MESSAGE][INFO] - Finding web element with id: 'Object Repository/Olusturma/Genel/TipSecilir/Tip' located by 'By.xpath: //*[@id = 'DocumentTypeCode_I']' in '30' second(s)

2021-10-21 14:39:30 - [MESSAGE][INFO] - Smart Wait Function is triggered

2021-10-21 14:39:31 - [MESSAGE][INFO] - Found 1 web elements with id: 'Object Repository/Olusturma/Genel/TipSecilir/Tip' located by 'By.xpath: //*[@id = 'DocumentTypeCode_I']' in '30' second(s)

2021-10-21 14:39:31 - [MESSAGE][INFO] - Clicking on object: 'Object Repository/Olusturma/Genel/TipSecilir/Tip'

2021-10-21 14:39:31 - [MESSAGE][PASSED] - Object: 'Object Repository/Olusturma/Genel/TipSecilir/Tip' is clicked on

2021-10-21 14:39:31 - [TEST_STEP][PASSED] - Method.TextDegerineEsitElementeTikla(findTestObject("Object Repository/Olusturma/Genel/TipSecilir/Tip_Adi"), Tip): Method.TextDegerineEsitElementeTikla is PASSED

2021-10-21 14:39:31 - [MESSAGE][INFO] - Finding Test Object 'Object Repository/Olusturma/Genel/TipSecilir/Tip_Adi'

2021-10-21 14:39:31 - [MESSAGE][INFO] - Checking timeout

2021-10-21 14:39:31 - [MESSAGE][INFO] - Finding web element with id: 'Object Repository/Olusturma/Genel/TipSecilir/Tip_Adi' located by 'By.cssSelector: #DocumentTypeCode_DDD_L_LBT td' in '10' second(s)

2021-10-21 14:39:31 - [MESSAGE][INFO] - Smart Wait Function is triggered

2021-10-21 14:39:31 - [MESSAGE][INFO] - Found 9 web elements with id: 'Object Repository/Olusturma/Genel/TipSecilir/Tip_Adi' located by 'By.cssSelector: #DocumentTypeCode_DDD_L_LBT td' in '10' second(s)

2021-10-21 14:39:32 - [MESSAGE][PASSED] - Method.TextDegerineEsitElementeTikla is PASSED

2021-10-21 14:39:32 - [MESSAGE][PASSED] - Call Test Case 'Test Cases/Olusturma/Genel/TipSecilir' successfully

2021-10-21 14:39:32 - [MESSAGE][INFO] - Checking called Test Case

2021-10-21 14:39:32 - [MESSAGE][INFO] - Starting to call Test Case 'Test Cases/Olusturma/Genel/DokumanParaBirimiSecilir'

2021-10-21 14:39:32 - [TEST_CASE][PASSED] - Test Cases/Olusturma/Genel/DokumanParaBirimiSecilir: Test Cases/Olusturma/Genel/DokumanParaBirimiSecilir

2021-10-21 14:39:32 - [TEST_STEP][PASSED] - waitForElementClickable(findTestObject("Object Repository/Olusturma/Genel/DokumanParaBirimiSecilir/Para"), 10): Object 'Object Repository/Olusturma/Genel/DokumanParaBirimiSecilir/Para' is clickable

2021-10-21 14:39:32 - [MESSAGE][INFO] - Finding Test Object 'Object Repository/Olusturma/Genel/DokumanParaBirimiSecilir/Para'

2021-10-21 14:39:32 - [MESSAGE][INFO] - Checking object

2021-10-21 14:39:32 - [MESSAGE][INFO] - Checking timeout

2021-10-21 14:39:32 - [MESSAGE][INFO] - Finding web element from Test Object's properties

2021-10-21 14:39:32 - [MESSAGE][INFO] - Checking timeout

2021-10-21 14:39:32 - [MESSAGE][INFO] - Finding web element with id: 'Object Repository/Olusturma/Genel/DokumanParaBirimiSecilir/Para' located by 'By.xpath: //*[@id = 'CurrencyUnit_I']' in '10' second(s)

2021-10-21 14:39:32 - [MESSAGE][INFO] - Smart Wait Function is triggered

2021-10-21 14:39:33 - [MESSAGE][INFO] - Found 1 web elements with id: 'Object Repository/Olusturma/Genel/DokumanParaBirimiSecilir/Para' located by 'By.xpath: //*[@id = 'CurrencyUnit_I']' in '10' second(s)

2021-10-21 14:39:33 - [MESSAGE][PASSED] - Object 'Object Repository/Olusturma/Genel/DokumanParaBirimiSecilir/Para' is clickable

2021-10-21 14:39:33 - [TEST_STEP][PASSED] - click(findTestObject("Object Repository/Olusturma/Genel/DokumanParaBirimiSecilir/Para")): Object: 'Object Repository/Olusturma/Genel/DokumanParaBirimiSecilir/Para' is clicked on

2021-10-21 14:39:33 - [MESSAGE][INFO] - Finding Test Object 'Object Repository/Olusturma/Genel/DokumanParaBirimiSecilir/Para'

2021-10-21 14:39:34 - [MESSAGE][INFO] - Checking object

2021-10-21 14:39:34 - [MESSAGE][INFO] - Finding web element from Test Object's properties

2021-10-21 14:39:34 - [MESSAGE][INFO] - Checking timeout

2021-10-21 14:39:34 - [MESSAGE][INFO] - Finding web element with id: 'Object Repository/Olusturma/Genel/DokumanParaBirimiSecilir/Para' located by 'By.xpath: //*[@id = 'CurrencyUnit_I']' in '30' second(s)

2021-10-21 14:39:34 - [MESSAGE][INFO] - Smart Wait Function is triggered

2021-10-21 14:39:34 - [MESSAGE][INFO] - Found 1 web elements with id: 'Object Repository/Olusturma/Genel/DokumanParaBirimiSecilir/Para' located by 'By.xpath: //*[@id = 'CurrencyUnit_I']' in '30' second(s)

2021-10-21 14:39:34 - [MESSAGE][INFO] - Clicking on object: 'Object Repository/Olusturma/Genel/DokumanParaBirimiSecilir/Para'

2021-10-21 14:39:34 - [MESSAGE][PASSED] - Object: 'Object Repository/Olusturma/Genel/DokumanParaBirimiSecilir/Para' is clicked on

2021-10-21 14:39:34 - [TEST_STEP][PASSED] - Method.TextDegerineEsitElementeTikla(findTestObject("Object Repository/Olusturma/Genel/DokumanParaBirimiSecilir/Para_Adi"), Para): Method.TextDegerineEsitElementeTikla is PASSED

2021-10-21 14:39:34 - [MESSAGE][INFO] - Finding Test Object 'Object Repository/Olusturma/Genel/DokumanParaBirimiSecilir/Para_Adi'

2021-10-21 14:39:34 - [MESSAGE][INFO] - Checking timeout

2021-10-21 14:39:34 - [MESSAGE][INFO] - Finding web element with id: 'Object Repository/Olusturma/Genel/DokumanParaBirimiSecilir/Para_Adi' located by 'By.cssSelector: #CurrencyUnit_DDD_L_LBT td' in '10' second(s)

2021-10-21 14:39:34 - [MESSAGE][INFO] - Smart Wait Function is triggered

2021-10-21 14:39:34 - [MESSAGE][INFO] - Found 203 web elements with id: 'Object Repository/Olusturma/Genel/DokumanParaBirimiSecilir/Para_Adi' located by 'By.cssSelector: #CurrencyUnit_DDD_L_LBT td' in '10' second(s)

2021-10-21 14:39:39 - [MESSAGE][PASSED] - Method.TextDegerineEsitElementeTikla is PASSED

2021-10-21 14:39:39 - [MESSAGE][PASSED] - Call Test Case 'Test Cases/Olusturma/Genel/DokumanParaBirimiSecilir' successfully

2021-10-21 14:39:39 - [MESSAGE][INFO] - Checking called Test Case

2021-10-21 14:39:39 - [MESSAGE][INFO] - Starting to call Test Case 'Test Cases/Olusturma/Genel/OnEkSecilir'

2021-10-21 14:39:40 - [TEST_CASE][PASSED] - Test Cases/Olusturma/Genel/OnEkSecilir: Test Cases/Olusturma/Genel/OnEkSecilir

2021-10-21 14:39:40 - [TEST_STEP][PASSED] - waitForElementClickable(findTestObject("Object Repository/Olusturma/Genel/OnEkSecilir/OnEk"), 10): Object 'Object Repository/Olusturma/Genel/OnEkSecilir/OnEk' is clickable

2021-10-21 14:39:40 - [MESSAGE][INFO] - Finding Test Object 'Object Repository/Olusturma/Genel/OnEkSecilir/OnEk'

2021-10-21 14:39:40 - [MESSAGE][INFO] - Checking object

2021-10-21 14:39:40 - [MESSAGE][INFO] - Checking timeout

2021-10-21 14:39:40 - [MESSAGE][INFO] - Finding web element from Test Object's properties

2021-10-21 14:39:40 - [MESSAGE][INFO] - Checking timeout

2021-10-21 14:39:40 - [MESSAGE][INFO] - Finding web element with id: 'Object Repository/Olusturma/Genel/OnEkSecilir/OnEk' located by 'By.xpath: //*[@id = 'InvoicePrefix_I']' in '10' second(s)

2021-10-21 14:39:40 - [MESSAGE][INFO] - Smart Wait Function is triggered

2021-10-21 14:39:40 - [MESSAGE][INFO] - Found 1 web elements with id: 'Object Repository/Olusturma/Genel/OnEkSecilir/OnEk' located by 'By.xpath: //*[@id = 'InvoicePrefix_I']' in '10' second(s)

2021-10-21 14:39:40 - [MESSAGE][PASSED] - Object 'Object Repository/Olusturma/Genel/OnEkSecilir/OnEk' is clickable

2021-10-21 14:39:40 - [TEST_STEP][PASSED] - click(findTestObject("Object Repository/Olusturma/Genel/OnEkSecilir/OnEk")): Object: 'Object Repository/Olusturma/Genel/OnEkSecilir/OnEk' is clicked on

2021-10-21 14:39:40 - [MESSAGE][INFO] - Finding Test Object 'Object Repository/Olusturma/Genel/OnEkSecilir/OnEk'

2021-10-21 14:39:40 - [MESSAGE][INFO] - Checking object

2021-10-21 14:39:40 - [MESSAGE][INFO] - Finding web element from Test Object's properties

2021-10-21 14:39:40 - [MESSAGE][INFO] - Checking timeout

2021-10-21 14:39:40 - [MESSAGE][INFO] - Finding web element with id: 'Object Repository/Olusturma/Genel/OnEkSecilir/OnEk' located by 'By.xpath: //*[@id = 'InvoicePrefix_I']' in '30' second(s)

2021-10-21 14:39:40 - [MESSAGE][INFO] - Smart Wait Function is triggered

2021-10-21 14:39:40 - [MESSAGE][INFO] - Found 1 web elements with id: 'Object Repository/Olusturma/Genel/OnEkSecilir/OnEk' located by 'By.xpath: //*[@id = 'InvoicePrefix_I']' in '30' second(s)

2021-10-21 14:39:40 - [MESSAGE][INFO] - Clicking on object: 'Object Repository/Olusturma/Genel/OnEkSecilir/OnEk'

2021-10-21 14:39:40 - [MESSAGE][PASSED] - Object: 'Object Repository/Olusturma/Genel/OnEkSecilir/OnEk' is clicked on

2021-10-21 14:39:40 - [TEST_STEP][PASSED] - Method.TextDegerineEsitElementeTiklaEquals(findTestObject("Object Repository/Olusturma/Genel/OnEkSecilir/OnEkAdi"), Ek): Method.TextDegerineEsitElementeTiklaEquals is PASSED

2021-10-21 14:39:40 - [MESSAGE][INFO] - Finding Test Object 'Object Repository/Olusturma/Genel/OnEkSecilir/OnEkAdi'

2021-10-21 14:39:41 - [MESSAGE][INFO] - Checking timeout

2021-10-21 14:39:41 - [MESSAGE][INFO] - Finding web element with id: 'Object Repository/Olusturma/Genel/OnEkSecilir/OnEkAdi' located by 'By.cssSelector: #InvoicePrefix_DDD_L_LBT td' in '10' second(s)

2021-10-21 14:39:41 - [MESSAGE][INFO] - Smart Wait Function is triggered

2021-10-21 14:39:41 - [MESSAGE][INFO] - Found 1 web elements with id: 'Object Repository/Olusturma/Genel/OnEkSecilir/OnEkAdi' located by 'By.cssSelector: #InvoicePrefix_DDD_L_LBT td' in '10' second(s)

2021-10-21 14:39:41 - [MESSAGE][PASSED] - Method.TextDegerineEsitElementeTiklaEquals is PASSED

2021-10-21 14:39:41 - [MESSAGE][PASSED] - Call Test Case 'Test Cases/Olusturma/Genel/OnEkSecilir' successfully

2021-10-21 14:39:41 - [MESSAGE][INFO] - Checking called Test Case

2021-10-21 14:39:41 - [MESSAGE][INFO] - Starting to call Test Case 'Test Cases/Olusturma/Genel/TasarimSecilir'

2021-10-21 14:39:41 - [TEST_CASE][PASSED] - Test Cases/Olusturma/Genel/TasarimSecilir: Test Cases/Olusturma/Genel/TasarimSecilir

2021-10-21 14:39:41 - [TEST_STEP][PASSED] - waitForElementClickable(findTestObject("Object Repository/Olusturma/Genel/TasarimSecilir/Tasarim"), 10): Object 'Object Repository/Olusturma/Genel/TasarimSecilir/Tasarim' is clickable

2021-10-21 14:39:41 - [MESSAGE][INFO] - Finding Test Object 'Object Repository/Olusturma/Genel/TasarimSecilir/Tasarim'

2021-10-21 14:39:41 - [MESSAGE][INFO] - Checking object

2021-10-21 14:39:41 - [MESSAGE][INFO] - Checking timeout

2021-10-21 14:39:41 - [MESSAGE][INFO] - Finding web element from Test Object's properties

2021-10-21 14:39:41 - [MESSAGE][INFO] - Checking timeout

2021-10-21 14:39:41 - [MESSAGE][INFO] - Finding web element with id: 'Object Repository/Olusturma/Genel/TasarimSecilir/Tasarim' located by 'By.xpath: //*[@id = 'DesignId_I']' in '10' second(s)

2021-10-21 14:39:41 - [MESSAGE][INFO] - Smart Wait Function is triggered

2021-10-21 14:39:41 - [MESSAGE][INFO] - Found 1 web elements with id: 'Object Repository/Olusturma/Genel/TasarimSecilir/Tasarim' located by 'By.xpath: //*[@id = 'DesignId_I']' in '10' second(s)

2021-10-21 14:39:41 - [MESSAGE][PASSED] - Object 'Object Repository/Olusturma/Genel/TasarimSecilir/Tasarim' is clickable

2021-10-21 14:39:41 - [TEST_STEP][PASSED] - click(findTestObject("Object Repository/Olusturma/Genel/TasarimSecilir/Tasarim")): Object: 'Object Repository/Olusturma/Genel/TasarimSecilir/Tasarim' is clicked on

2021-10-21 14:39:41 - [MESSAGE][INFO] - Finding Test Object 'Object Repository/Olusturma/Genel/TasarimSecilir/Tasarim'

2021-10-21 14:39:42 - [MESSAGE][INFO] - Checking object

2021-10-21 14:39:42 - [MESSAGE][INFO] - Finding web element from Test Object's properties

2021-10-21 14:39:42 - [MESSAGE][INFO] - Checking timeout

2021-10-21 14:39:42 - [MESSAGE][INFO] - Finding web element with id: 'Object Repository/Olusturma/Genel/TasarimSecilir/Tasarim' located by 'By.xpath: //*[@id = 'DesignId_I']' in '30' second(s)

2021-10-21 14:39:42 - [MESSAGE][INFO] - Smart Wait Function is triggered

2021-10-21 14:39:42 - [MESSAGE][INFO] - Found 1 web elements with id: 'Object Repository/Olusturma/Genel/TasarimSecilir/Tasarim' located by 'By.xpath: //*[@id = 'DesignId_I']' in '30' second(s)

2021-10-21 14:39:42 - [MESSAGE][INFO] - Clicking on object: 'Object Repository/Olusturma/Genel/TasarimSecilir/Tasarim'

2021-10-21 14:39:42 - [MESSAGE][PASSED] - Object: 'Object Repository/Olusturma/Genel/TasarimSecilir/Tasarim' is clicked on

2021-10-21 14:39:42 - [TEST_STEP][PASSED] - Method.TextDegerineEsitElementeTikla(findTestObject("Object Repository/Olusturma/Genel/TasarimSecilir/Tasarim_Adi"), Tasarim): Method.TextDegerineEsitElementeTikla is PASSED

2021-10-21 14:39:42 - [MESSAGE][INFO] - Finding Test Object 'Object Repository/Olusturma/Genel/TasarimSecilir/Tasarim_Adi'

2021-10-21 14:39:42 - [MESSAGE][INFO] - Checking timeout

2021-10-21 14:39:42 - [MESSAGE][INFO] - Finding web element with id: 'Object Repository/Olusturma/Genel/TasarimSecilir/Tasarim_Adi' located by 'By.cssSelector: #DesignId_DDD_L_LBT td' in '10' second(s)

2021-10-21 14:39:42 - [MESSAGE][INFO] - Smart Wait Function is triggered

2021-10-21 14:39:42 - [MESSAGE][INFO] - Found 1 web elements with id: 'Object Repository/Olusturma/Genel/TasarimSecilir/Tasarim_Adi' located by 'By.cssSelector: #DesignId_DDD_L_LBT td' in '10' second(s)

2021-10-21 14:39:42 - [MESSAGE][PASSED] - Method.TextDegerineEsitElementeTikla is PASSED

2021-10-21 14:39:42 - [MESSAGE][PASSED] - Call Test Case 'Test Cases/Olusturma/Genel/TasarimSecilir' successfully

2021-10-21 14:39:42 - [MESSAGE][INFO] - Checking called Test Case

2021-10-21 14:39:42 - [MESSAGE][INFO] - Starting to call Test Case 'Test Cases/Olusturma/Genel/Kutular/SiparisBilgileriGirilir'

2021-10-21 14:39:42 - [TEST_CASE][PASSED] - Test Cases/Olusturma/Genel/Kutular/SiparisBilgileriGirilir: Test Cases/Olusturma/Genel/Kutular/SiparisBilgileriGirilir

2021-10-21 14:39:42 - [TEST_STEP][PASSED] - Method.TextDegerineEsitElementeTikla(findTestObject("Olusturma/Genel/Kutular/KapaliKutular"), "Sipariş Bilgileri"): Method.TextDegerineEsitElementeTikla is PASSED

2021-10-21 14:39:42 - [MESSAGE][INFO] - Finding Test Object 'Object Repository/Olusturma/Genel/Kutular/KapaliKutular'

2021-10-21 14:39:43 - [MESSAGE][INFO] - Checking timeout

2021-10-21 14:39:43 - [MESSAGE][INFO] - Finding web element with id: 'Object Repository/Olusturma/Genel/Kutular/KapaliKutular' located by 'By.cssSelector: .dxnb-headerCollapsed>span' in '10' second(s)

2021-10-21 14:39:43 - [MESSAGE][INFO] - Smart Wait Function is triggered

2021-10-21 14:39:43 - [MESSAGE][INFO] - Found 8 web elements with id: 'Object Repository/Olusturma/Genel/Kutular/KapaliKutular' located by 'By.cssSelector: .dxnb-headerCollapsed>span' in '10' second(s)

2021-10-21 14:39:43 - [MESSAGE][PASSED] - Method.TextDegerineEsitElementeTikla is PASSED

2021-10-21 14:39:43 - [TEST_STEP][PASSED] - waitForElementPresent(findTestObject("Object Repository/Olusturma/Genel/Kutular/SiparisBilgileri/SiparisNo"), 10): Object 'Object Repository/Olusturma/Genel/Kutular/SiparisBilgileri/SiparisNo' is present

2021-10-21 14:39:43 - [MESSAGE][INFO] - Finding Test Object 'Object Repository/Olusturma/Genel/Kutular/SiparisBilgileri/SiparisNo'

2021-10-21 14:39:43 - [MESSAGE][INFO] - Checking object

2021-10-21 14:39:43 - [MESSAGE][INFO] - Finding web element from Test Object's properties

2021-10-21 14:39:43 - [MESSAGE][INFO] - Checking timeout

2021-10-21 14:39:43 - [MESSAGE][INFO] - Finding web element with id: 'Object Repository/Olusturma/Genel/Kutular/SiparisBilgileri/SiparisNo' located by 'By.xpath: //*[@id = 'txtSiparisNo_I']' in '10' second(s)

2021-10-21 14:39:43 - [MESSAGE][INFO] - Smart Wait Function is triggered

2021-10-21 14:39:44 - [MESSAGE][INFO] - Found 1 web elements with id: 'Object Repository/Olusturma/Genel/Kutular/SiparisBilgileri/SiparisNo' located by 'By.xpath: //*[@id = 'txtSiparisNo_I']' in '10' second(s)

2021-10-21 14:39:44 - [MESSAGE][PASSED] - Object 'Object Repository/Olusturma/Genel/Kutular/SiparisBilgileri/SiparisNo' is present

2021-10-21 14:39:44 - [TEST_STEP][PASSED] - clearText(findTestObject("Object Repository/Olusturma/Genel/Kutular/SiparisBilgileri/SiparisNo")): Text of object 'Object Repository/Olusturma/Genel/Kutular/SiparisBilgileri/SiparisNo' is cleared

2021-10-21 14:39:44 - [MESSAGE][INFO] - Finding Test Object 'Object Repository/Olusturma/Genel/Kutular/SiparisBilgileri/SiparisNo'

2021-10-21 14:39:44 - [MESSAGE][INFO] - Checking object

2021-10-21 14:39:44 - [MESSAGE][INFO] - Finding web element from Test Object's properties

2021-10-21 14:39:44 - [MESSAGE][INFO] - Checking timeout

2021-10-21 14:39:44 - [MESSAGE][INFO] - Finding web element with id: 'Object Repository/Olusturma/Genel/Kutular/SiparisBilgileri/SiparisNo' located by 'By.xpath: //*[@id = 'txtSiparisNo_I']' in '30' second(s)

2021-10-21 14:39:44 - [MESSAGE][INFO] - Smart Wait Function is triggered

2021-10-21 14:39:44 - [MESSAGE][INFO] - Found 1 web elements with id: 'Object Repository/Olusturma/Genel/Kutular/SiparisBilgileri/SiparisNo' located by 'By.xpath: //*[@id = 'txtSiparisNo_I']' in '30' second(s)

2021-10-21 14:39:44 - [MESSAGE][INFO] - Clearing text of object 'Object Repository/Olusturma/Genel/Kutular/SiparisBilgileri/SiparisNo'

2021-10-21 14:39:44 - [MESSAGE][PASSED] - Text of object 'Object Repository/Olusturma/Genel/Kutular/SiparisBilgileri/SiparisNo' is cleared

2021-10-21 14:39:44 - [TEST_STEP][PASSED] - sendKeys(findTestObject("Object Repository/Olusturma/Genel/Kutular/SiparisBilgileri/SiparisNo"), SiparisNo): Keys 'UUC-SAT-1200001' sent to object: 'Object Repository/Olusturma/Genel/Kutular/SiparisBilgileri/SiparisNo'

2021-10-21 14:39:44 - [MESSAGE][INFO] - Finding Test Object 'Object Repository/Olusturma/Genel/Kutular/SiparisBilgileri/SiparisNo'

2021-10-21 14:39:44 - [MESSAGE][INFO] - Sending keys 'UUC-SAT-1200001' to object: 'Object Repository/Olusturma/Genel/Kutular/SiparisBilgileri/SiparisNo'

2021-10-21 14:39:44 - [MESSAGE][INFO] - Finding web element from Test Object's properties

2021-10-21 14:39:44 - [MESSAGE][INFO] - Checking timeout

2021-10-21 14:39:44 - [MESSAGE][INFO] - Finding web element with id: 'Object Repository/Olusturma/Genel/Kutular/SiparisBilgileri/SiparisNo' located by 'By.xpath: //*[@id = 'txtSiparisNo_I']' in '30' second(s)

2021-10-21 14:39:44 - [MESSAGE][INFO] - Smart Wait Function is triggered

2021-10-21 14:39:44 - [MESSAGE][INFO] - Found 1 web elements with id: 'Object Repository/Olusturma/Genel/Kutular/SiparisBilgileri/SiparisNo' located by 'By.xpath: //*[@id = 'txtSiparisNo_I']' in '30' second(s)

2021-10-21 14:39:45 - [MESSAGE][PASSED] - Keys 'UUC-SAT-1200001' sent to object: 'Object Repository/Olusturma/Genel/Kutular/SiparisBilgileri/SiparisNo'

2021-10-21 14:39:45 - [TEST_STEP][PASSED] - waitForElementClickable(findTestObject("Object Repository/Olusturma/Genel/Kutular/SiparisBilgileri/SiparisTarihiImage"), 10): Object 'Object Repository/Olusturma/Genel/Kutular/SiparisBilgileri/SiparisTarihiImage' is clickable

2021-10-21 14:39:45 - [MESSAGE][INFO] - Finding Test Object 'Object Repository/Olusturma/Genel/Kutular/SiparisBilgileri/SiparisTarihiImage'

2021-10-21 14:39:45 - [MESSAGE][INFO] - Checking object

2021-10-21 14:39:45 - [MESSAGE][INFO] - Checking timeout

2021-10-21 14:39:45 - [MESSAGE][INFO] - Finding web element from Test Object's properties

2021-10-21 14:39:45 - [MESSAGE][INFO] - Checking timeout

2021-10-21 14:39:45 - [MESSAGE][INFO] - Finding web element with id: 'Object Repository/Olusturma/Genel/Kutular/SiparisBilgileri/SiparisTarihiImage' located by 'By.cssSelector: #dateSiparisTarih img' in '10' second(s)

2021-10-21 14:39:45 - [MESSAGE][INFO] - Smart Wait Function is triggered

2021-10-21 14:39:45 - [MESSAGE][INFO] - Found 1 web elements with id: 'Object Repository/Olusturma/Genel/Kutular/SiparisBilgileri/SiparisTarihiImage' located by 'By.cssSelector: #dateSiparisTarih img' in '10' second(s)

2021-10-21 14:39:45 - [MESSAGE][PASSED] - Object 'Object Repository/Olusturma/Genel/Kutular/SiparisBilgileri/SiparisTarihiImage' is clickable

2021-10-21 14:39:45 - [TEST_STEP][PASSED] - click(findTestObject("Object Repository/Olusturma/Genel/Kutular/SiparisBilgileri/SiparisTarihiImage")): Object: 'Object Repository/Olusturma/Genel/Kutular/SiparisBilgileri/SiparisTarihiImage' is clicked on

2021-10-21 14:39:45 - [MESSAGE][INFO] - Finding Test Object 'Object Repository/Olusturma/Genel/Kutular/SiparisBilgileri/SiparisTarihiImage'

2021-10-21 14:39:45 - [MESSAGE][INFO] - Checking object

2021-10-21 14:39:45 - [MESSAGE][INFO] - Finding web element from Test Object's properties

2021-10-21 14:39:45 - [MESSAGE][INFO] - Checking timeout

2021-10-21 14:39:45 - [MESSAGE][INFO] - Finding web element with id: 'Object Repository/Olusturma/Genel/Kutular/SiparisBilgileri/SiparisTarihiImage' located by 'By.cssSelector: #dateSiparisTarih img' in '30' second(s)

2021-10-21 14:39:45 - [MESSAGE][INFO] - Smart Wait Function is triggered

2021-10-21 14:39:46 - [MESSAGE][INFO] - Found 1 web elements with id: 'Object Repository/Olusturma/Genel/Kutular/SiparisBilgileri/SiparisTarihiImage' located by 'By.cssSelector: #dateSiparisTarih img' in '30' second(s)

2021-10-21 14:39:46 - [MESSAGE][INFO] - Clicking on object: 'Object Repository/Olusturma/Genel/Kutular/SiparisBilgileri/SiparisTarihiImage'

2021-10-21 14:39:46 - [MESSAGE][PASSED] - Object: 'Object Repository/Olusturma/Genel/Kutular/SiparisBilgileri/SiparisTarihiImage' is clicked on

2021-10-21 14:39:46 - [TEST_STEP][PASSED] - waitForElementPresent(findTestObject("Object Repository/Olusturma/Genel/Kutular/SiparisBilgileri/SiparisTarihi"), 10): Object 'Object Repository/Olusturma/Genel/Kutular/SiparisBilgileri/SiparisTarihi' is present

2021-10-21 14:39:46 - [MESSAGE][INFO] - Finding Test Object 'Object Repository/Olusturma/Genel/Kutular/SiparisBilgileri/SiparisTarihi'

2021-10-21 14:39:46 - [MESSAGE][INFO] - Checking object

2021-10-21 14:39:46 - [MESSAGE][INFO] - Finding web element from Test Object's properties

2021-10-21 14:39:46 - [MESSAGE][INFO] - Checking timeout

2021-10-21 14:39:46 - [MESSAGE][INFO] - Finding web element with id: 'Object Repository/Olusturma/Genel/Kutular/SiparisBilgileri/SiparisTarihi' located by 'By.xpath: //*[@id = 'dateSiparisTarih_I']' in '10' second(s)

2021-10-21 14:39:46 - [MESSAGE][INFO] - Smart Wait Function is triggered

2021-10-21 14:39:47 - [MESSAGE][INFO] - Found 1 web elements with id: 'Object Repository/Olusturma/Genel/Kutular/SiparisBilgileri/SiparisTarihi' located by 'By.xpath: //*[@id = 'dateSiparisTarih_I']' in '10' second(s)

2021-10-21 14:39:47 - [MESSAGE][PASSED] - Object 'Object Repository/Olusturma/Genel/Kutular/SiparisBilgileri/SiparisTarihi' is present

2021-10-21 14:39:47 - [TEST_STEP][PASSED] - clearText(findTestObject("Object Repository/Olusturma/Genel/Kutular/SiparisBilgileri/SiparisTarihi")): Text of object 'Object Repository/Olusturma/Genel/Kutular/SiparisBilgileri/SiparisTarihi' is cleared

2021-10-21 14:39:47 - [MESSAGE][INFO] - Finding Test Object 'Object Repository/Olusturma/Genel/Kutular/SiparisBilgileri/SiparisTarihi'

2021-10-21 14:39:47 - [MESSAGE][INFO] - Checking object

2021-10-21 14:39:47 - [MESSAGE][INFO] - Finding web element from Test Object's properties

2021-10-21 14:39:47 - [MESSAGE][INFO] - Checking timeout

2021-10-21 14:39:47 - [MESSAGE][INFO] - Finding web element with id: 'Object Repository/Olusturma/Genel/Kutular/SiparisBilgileri/SiparisTarihi' located by 'By.xpath: //*[@id = 'dateSiparisTarih_I']' in '30' second(s)

2021-10-21 14:39:47 - [MESSAGE][INFO] - Smart Wait Function is triggered

2021-10-21 14:39:47 - [MESSAGE][INFO] - Found 1 web elements with id: 'Object Repository/Olusturma/Genel/Kutular/SiparisBilgileri/SiparisTarihi' located by 'By.xpath: //*[@id = 'dateSiparisTarih_I']' in '30' second(s)

2021-10-21 14:39:47 - [MESSAGE][INFO] - Clearing text of object 'Object Repository/Olusturma/Genel/Kutular/SiparisBilgileri/SiparisTarihi'

2021-10-21 14:39:47 - [MESSAGE][PASSED] - Text of object 'Object Repository/Olusturma/Genel/Kutular/SiparisBilgileri/SiparisTarihi' is cleared

2021-10-21 14:39:47 - [TEST_STEP][PASSED] - sendKeys(findTestObject("Object Repository/Olusturma/Genel/Kutular/SiparisBilgileri/SiparisTarihi"), Tarih): Keys '31.04.2020' sent to object: 'Object Repository/Olusturma/Genel/Kutular/SiparisBilgileri/SiparisTarihi'

2021-10-21 14:39:47 - [MESSAGE][INFO] - Finding Test Object 'Object Repository/Olusturma/Genel/Kutular/SiparisBilgileri/SiparisTarihi'

2021-10-21 14:39:47 - [MESSAGE][INFO] - Sending keys '31.04.2020' to object: 'Object Repository/Olusturma/Genel/Kutular/SiparisBilgileri/SiparisTarihi'

2021-10-21 14:39:47 - [MESSAGE][INFO] - Finding web element from Test Object's properties

2021-10-21 14:39:47 - [MESSAGE][INFO] - Checking timeout

2021-10-21 14:39:47 - [MESSAGE][INFO] - Finding web element with id: 'Object Repository/Olusturma/Genel/Kutular/SiparisBilgileri/SiparisTarihi' located by 'By.xpath: //*[@id = 'dateSiparisTarih_I']' in '30' second(s)

2021-10-21 14:39:47 - [MESSAGE][INFO] - Smart Wait Function is triggered

2021-10-21 14:39:47 - [MESSAGE][INFO] - Found 1 web elements with id: 'Object Repository/Olusturma/Genel/Kutular/SiparisBilgileri/SiparisTarihi' located by 'By.xpath: //*[@id = 'dateSiparisTarih_I']' in '30' second(s)

2021-10-21 14:39:48 - [MESSAGE][PASSED] - Keys '31.04.2020' sent to object: 'Object Repository/Olusturma/Genel/Kutular/SiparisBilgileri/SiparisTarihi'

2021-10-21 14:39:48 - [MESSAGE][PASSED] - Call Test Case 'Test Cases/Olusturma/Genel/Kutular/SiparisBilgileriGirilir' successfully

2021-10-21 14:39:48 - [MESSAGE][INFO] - Checking called Test Case

2021-10-21 14:39:48 - [MESSAGE][INFO] - Starting to call Test Case 'Test Cases/Olusturma/Genel/Kutular/IrsaliyeBilgileri'

2021-10-21 14:39:48 - [TEST_CASE][PASSED] - Test Cases/Olusturma/Genel/Kutular/IrsaliyeBilgileri: Test Cases/Olusturma/Genel/Kutular/IrsaliyeBilgileri

2021-10-21 14:39:48 - [TEST_STEP][PASSED] - Method.TextDegerineEsitElementeTikla(findTestObject("Olusturma/Genel/Kutular/KapaliKutular"), "İrsaliye Bilgileri"): Method.TextDegerineEsitElementeTikla is PASSED

2021-10-21 14:39:48 - [MESSAGE][INFO] - Finding Test Object 'Object Repository/Olusturma/Genel/Kutular/KapaliKutular'

2021-10-21 14:39:48 - [MESSAGE][INFO] - Checking timeout

2021-10-21 14:39:48 - [MESSAGE][INFO] - Finding web element with id: 'Object Repository/Olusturma/Genel/Kutular/KapaliKutular' located by 'By.cssSelector: .dxnb-headerCollapsed>span' in '10' second(s)

2021-10-21 14:39:48 - [MESSAGE][INFO] - Smart Wait Function is triggered

2021-10-21 14:39:48 - [MESSAGE][INFO] - Found 8 web elements with id: 'Object Repository/Olusturma/Genel/Kutular/KapaliKutular' located by 'By.cssSelector: .dxnb-headerCollapsed>span' in '10' second(s)

2021-10-21 14:39:48 - [MESSAGE][PASSED] - Method.TextDegerineEsitElementeTikla is PASSED

2021-10-21 14:39:48 - [TEST_STEP][PASSED] - waitForElementClickable(findTestObject("Olusturma/Genel/Kutular/IrsaliyeBilgileri/Ekle"), 10): Object 'Object Repository/Olusturma/Genel/Kutular/IrsaliyeBilgileri/Ekle' is clickable

2021-10-21 14:39:48 - [MESSAGE][INFO] - Finding Test Object 'Object Repository/Olusturma/Genel/Kutular/IrsaliyeBilgileri/Ekle'

2021-10-21 14:39:48 - [MESSAGE][INFO] - Checking object

2021-10-21 14:39:48 - [MESSAGE][INFO] - Checking timeout

2021-10-21 14:39:48 - [MESSAGE][INFO] - Finding web element from Test Object's properties

2021-10-21 14:39:48 - [MESSAGE][INFO] - Checking timeout

2021-10-21 14:39:48 - [MESSAGE][INFO] - Finding web element with id: 'Object Repository/Olusturma/Genel/Kutular/IrsaliyeBilgileri/Ekle' located by 'By.xpath: //*[@id = 'DXEditorgvUserInvoiceBillsNewRowBtn']' in '10' second(s)

2021-10-21 14:39:48 - [MESSAGE][INFO] - Smart Wait Function is triggered

2021-10-21 14:39:49 - [MESSAGE][INFO] - Found 1 web elements with id: 'Object Repository/Olusturma/Genel/Kutular/IrsaliyeBilgileri/Ekle' located by 'By.xpath: //*[@id = 'DXEditorgvUserInvoiceBillsNewRowBtn']' in '10' second(s)

2021-10-21 14:39:49 - [MESSAGE][PASSED] - Object 'Object Repository/Olusturma/Genel/Kutular/IrsaliyeBilgileri/Ekle' is clickable

2021-10-21 14:39:49 - [TEST_STEP][PASSED] - click(findTestObject("Olusturma/Genel/Kutular/IrsaliyeBilgileri/Ekle")): Object: 'Object Repository/Olusturma/Genel/Kutular/IrsaliyeBilgileri/Ekle' is clicked on

2021-10-21 14:39:49 - [MESSAGE][INFO] - Finding Test Object 'Object Repository/Olusturma/Genel/Kutular/IrsaliyeBilgileri/Ekle'

2021-10-21 14:39:49 - [MESSAGE][INFO] - Checking object

2021-10-21 14:39:49 - [MESSAGE][INFO] - Finding web element from Test Object's properties

2021-10-21 14:39:49 - [MESSAGE][INFO] - Checking timeout

2021-10-21 14:39:49 - [MESSAGE][INFO] - Finding web element with id: 'Object Repository/Olusturma/Genel/Kutular/IrsaliyeBilgileri/Ekle' located by 'By.xpath: //*[@id = 'DXEditorgvUserInvoiceBillsNewRowBtn']' in '30' second(s)

2021-10-21 14:39:49 - [MESSAGE][INFO] - Smart Wait Function is triggered

2021-10-21 14:39:49 - [MESSAGE][INFO] - Found 1 web elements with id: 'Object Repository/Olusturma/Genel/Kutular/IrsaliyeBilgileri/Ekle' located by 'By.xpath: //*[@id = 'DXEditorgvUserInvoiceBillsNewRowBtn']' in '30' second(s)

2021-10-21 14:39:49 - [MESSAGE][INFO] - Clicking on object: 'Object Repository/Olusturma/Genel/Kutular/IrsaliyeBilgileri/Ekle'

2021-10-21 14:39:49 - [MESSAGE][PASSED] - Object: 'Object Repository/Olusturma/Genel/Kutular/IrsaliyeBilgileri/Ekle' is clicked on

2021-10-21 14:39:49 - [TEST_STEP][PASSED] - waitForElementPresent(findTestObject("Object Repository/Olusturma/Genel/Kutular/IrsaliyeBilgileri/IrsaliyeNumarasi"), 10): Object 'Object Repository/Olusturma/Genel/Kutular/IrsaliyeBilgileri/IrsaliyeNumarasi' is present

2021-10-21 14:39:49 - [MESSAGE][INFO] - Finding Test Object 'Object Repository/Olusturma/Genel/Kutular/IrsaliyeBilgileri/IrsaliyeNumarasi'

2021-10-21 14:39:50 - [MESSAGE][INFO] - Checking object

2021-10-21 14:39:50 - [MESSAGE][INFO] - Finding web element from Test Object's properties

2021-10-21 14:39:50 - [MESSAGE][INFO] - Checking timeout

2021-10-21 14:39:50 - [MESSAGE][INFO] - Finding web element with id: 'Object Repository/Olusturma/Genel/Kutular/IrsaliyeBilgileri/IrsaliyeNumarasi' located by 'By.xpath: //*[@id = 'gvUserInvoiceBills_DXEditor1_I']' in '10' second(s)

2021-10-21 14:39:50 - [MESSAGE][INFO] - Smart Wait Function is triggered

2021-10-21 14:39:50 - [MESSAGE][INFO] - Smart Wait Function is triggered

2021-10-21 14:39:51 - [MESSAGE][INFO] - Found 1 web elements with id: 'Object Repository/Olusturma/Genel/Kutular/IrsaliyeBilgileri/IrsaliyeNumarasi' located by 'By.xpath: //*[@id = 'gvUserInvoiceBills_DXEditor1_I']' in '10' second(s)

2021-10-21 14:39:51 - [MESSAGE][PASSED] - Object 'Object Repository/Olusturma/Genel/Kutular/IrsaliyeBilgileri/IrsaliyeNumarasi' is present

2021-10-21 14:39:51 - [TEST_STEP][PASSED] - clearText(findTestObject("Object Repository/Olusturma/Genel/Kutular/IrsaliyeBilgileri/IrsaliyeNumarasi")): Text of object 'Object Repository/Olusturma/Genel/Kutular/IrsaliyeBilgileri/IrsaliyeNumarasi' is cleared

2021-10-21 14:39:51 - [MESSAGE][INFO] - Finding Test Object 'Object Repository/Olusturma/Genel/Kutular/IrsaliyeBilgileri/IrsaliyeNumarasi'

2021-10-21 14:39:51 - [MESSAGE][INFO] - Checking object

2021-10-21 14:39:51 - [MESSAGE][INFO] - Finding web element from Test Object's properties

2021-10-21 14:39:51 - [MESSAGE][INFO] - Checking timeout

2021-10-21 14:39:51 - [MESSAGE][INFO] - Finding web element with id: 'Object Repository/Olusturma/Genel/Kutular/IrsaliyeBilgileri/IrsaliyeNumarasi' located by 'By.xpath: //*[@id = 'gvUserInvoiceBills_DXEditor1_I']' in '30' second(s)

2021-10-21 14:39:51 - [MESSAGE][INFO] - Smart Wait Function is triggered

2021-10-21 14:39:51 - [MESSAGE][INFO] - Found 1 web elements with id: 'Object Repository/Olusturma/Genel/Kutular/IrsaliyeBilgileri/IrsaliyeNumarasi' located by 'By.xpath: //*[@id = 'gvUserInvoiceBills_DXEditor1_I']' in '30' second(s)

2021-10-21 14:39:51 - [MESSAGE][INFO] - Clearing text of object 'Object Repository/Olusturma/Genel/Kutular/IrsaliyeBilgileri/IrsaliyeNumarasi'

2021-10-21 14:39:51 - [MESSAGE][PASSED] - Text of object 'Object Repository/Olusturma/Genel/Kutular/IrsaliyeBilgileri/IrsaliyeNumarasi' is cleared

2021-10-21 14:39:51 - [TEST_STEP][PASSED] - sendKeys(findTestObject("Object Repository/Olusturma/Genel/Kutular/IrsaliyeBilgileri/IrsaliyeNumarasi"), Numara): Keys 'AAAAAAAAAA' sent to object: 'Object Repository/Olusturma/Genel/Kutular/IrsaliyeBilgileri/IrsaliyeNumarasi'

2021-10-21 14:39:51 - [MESSAGE][INFO] - Finding Test Object 'Object Repository/Olusturma/Genel/Kutular/IrsaliyeBilgileri/IrsaliyeNumarasi'

2021-10-21 14:39:51 - [MESSAGE][INFO] - Sending keys 'AAAAAAAAAA' to object: 'Object Repository/Olusturma/Genel/Kutular/IrsaliyeBilgileri/IrsaliyeNumarasi'

2021-10-21 14:39:51 - [MESSAGE][INFO] - Finding web element from Test Object's properties

2021-10-21 14:39:51 - [MESSAGE][INFO] - Checking timeout

2021-10-21 14:39:51 - [MESSAGE][INFO] - Finding web element with id: 'Object Repository/Olusturma/Genel/Kutular/IrsaliyeBilgileri/IrsaliyeNumarasi' located by 'By.xpath: //*[@id = 'gvUserInvoiceBills_DXEditor1_I']' in '30' second(s)

2021-10-21 14:39:51 - [MESSAGE][INFO] - Smart Wait Function is triggered

2021-10-21 14:39:51 - [MESSAGE][INFO] - Found 1 web elements with id: 'Object Repository/Olusturma/Genel/Kutular/IrsaliyeBilgileri/IrsaliyeNumarasi' located by 'By.xpath: //*[@id = 'gvUserInvoiceBills_DXEditor1_I']' in '30' second(s)

2021-10-21 14:39:52 - [MESSAGE][PASSED] - Keys 'AAAAAAAAAA' sent to object: 'Object Repository/Olusturma/Genel/Kutular/IrsaliyeBilgileri/IrsaliyeNumarasi'

2021-10-21 14:39:52 - [TEST_STEP][PASSED] - waitForElementClickable(findTestObject("Object Repository/Olusturma/Genel/Kutular/IrsaliyeBilgileri/IrsaliyeTarihi"), 10): Object 'Object Repository/Olusturma/Genel/Kutular/IrsaliyeBilgileri/IrsaliyeTarihi' is clickable

2021-10-21 14:39:52 - [MESSAGE][INFO] - Finding Test Object 'Object Repository/Olusturma/Genel/Kutular/IrsaliyeBilgileri/IrsaliyeTarihi'

2021-10-21 14:39:52 - [MESSAGE][INFO] - Checking object

2021-10-21 14:39:52 - [MESSAGE][INFO] - Checking timeout

2021-10-21 14:39:52 - [MESSAGE][INFO] - Finding web element from Test Object's properties

2021-10-21 14:39:52 - [MESSAGE][INFO] - Checking timeout

2021-10-21 14:39:52 - [MESSAGE][INFO] - Finding web element with id: 'Object Repository/Olusturma/Genel/Kutular/IrsaliyeBilgileri/IrsaliyeTarihi' located by 'By.xpath: //*[@id = 'gvUserInvoiceBills_DXEditor2_I']' in '10' second(s)

2021-10-21 14:39:52 - [MESSAGE][INFO] - Smart Wait Function is triggered

2021-10-21 14:39:52 - [MESSAGE][INFO] - Found 1 web elements with id: 'Object Repository/Olusturma/Genel/Kutular/IrsaliyeBilgileri/IrsaliyeTarihi' located by 'By.xpath: //*[@id = 'gvUserInvoiceBills_DXEditor2_I']' in '10' second(s)

2021-10-21 14:39:52 - [MESSAGE][PASSED] - Object 'Object Repository/Olusturma/Genel/Kutular/IrsaliyeBilgileri/IrsaliyeTarihi' is clickable

2021-10-21 14:39:52 - [TEST_STEP][PASSED] - click(findTestObject("Object Repository/Olusturma/Genel/Kutular/IrsaliyeBilgileri/IrsaliyeTarihi")): Object: 'Object Repository/Olusturma/Genel/Kutular/IrsaliyeBilgileri/IrsaliyeTarihi' is clicked on

2021-10-21 14:39:52 - [MESSAGE][INFO] - Finding Test Object 'Object Repository/Olusturma/Genel/Kutular/IrsaliyeBilgileri/IrsaliyeTarihi'

2021-10-21 14:39:52 - [MESSAGE][INFO] - Checking object

2021-10-21 14:39:52 - [MESSAGE][INFO] - Finding web element from Test Object's properties

2021-10-21 14:39:52 - [MESSAGE][INFO] - Checking timeout

2021-10-21 14:39:52 - [MESSAGE][INFO] - Finding web element with id: 'Object Repository/Olusturma/Genel/Kutular/IrsaliyeBilgileri/IrsaliyeTarihi' located by 'By.xpath: //*[@id = 'gvUserInvoiceBills_DXEditor2_I']' in '30' second(s)

2021-10-21 14:39:52 - [MESSAGE][INFO] - Smart Wait Function is triggered

2021-10-21 14:39:52 - [MESSAGE][INFO] - Found 1 web elements with id: 'Object Repository/Olusturma/Genel/Kutular/IrsaliyeBilgileri/IrsaliyeTarihi' located by 'By.xpath: //*[@id = 'gvUserInvoiceBills_DXEditor2_I']' in '30' second(s)

2021-10-21 14:39:52 - [MESSAGE][INFO] - Clicking on object: 'Object Repository/Olusturma/Genel/Kutular/IrsaliyeBilgileri/IrsaliyeTarihi'

2021-10-21 14:39:53 - [MESSAGE][PASSED] - Object: 'Object Repository/Olusturma/Genel/Kutular/IrsaliyeBilgileri/IrsaliyeTarihi' is clicked on

2021-10-21 14:39:53 - [TEST_STEP][PASSED] - sendKeys(findTestObject("Object Repository/Olusturma/Genel/Kutular/IrsaliyeBilgileri/IrsaliyeTarihi"), Tarih): Keys '31.04.2020' sent to object: 'Object Repository/Olusturma/Genel/Kutular/IrsaliyeBilgileri/IrsaliyeTarihi'

2021-10-21 14:39:53 - [MESSAGE][INFO] - Finding Test Object 'Object Repository/Olusturma/Genel/Kutular/IrsaliyeBilgileri/IrsaliyeTarihi'

2021-10-21 14:39:53 - [MESSAGE][INFO] - Sending keys '31.04.2020' to object: 'Object Repository/Olusturma/Genel/Kutular/IrsaliyeBilgileri/IrsaliyeTarihi'

2021-10-21 14:39:53 - [MESSAGE][INFO] - Finding web element from Test Object's properties

2021-10-21 14:39:53 - [MESSAGE][INFO] - Checking timeout

2021-10-21 14:39:53 - [MESSAGE][INFO] - Finding web element with id: 'Object Repository/Olusturma/Genel/Kutular/IrsaliyeBilgileri/IrsaliyeTarihi' located by 'By.xpath: //*[@id = 'gvUserInvoiceBills_DXEditor2_I']' in '30' second(s)

2021-10-21 14:39:53 - [MESSAGE][INFO] - Smart Wait Function is triggered

2021-10-21 14:39:53 - [MESSAGE][INFO] - Found 1 web elements with id: 'Object Repository/Olusturma/Genel/Kutular/IrsaliyeBilgileri/IrsaliyeTarihi' located by 'By.xpath: //*[@id = 'gvUserInvoiceBills_DXEditor2_I']' in '30' second(s)

2021-10-21 14:39:53 - [MESSAGE][PASSED] - Keys '31.04.2020' sent to object: 'Object Repository/Olusturma/Genel/Kutular/IrsaliyeBilgileri/IrsaliyeTarihi'

2021-10-21 14:39:53 - [MESSAGE][PASSED] - Call Test Case 'Test Cases/Olusturma/Genel/Kutular/IrsaliyeBilgileri' successfully

2021-10-21 14:39:53 - [MESSAGE][INFO] - Checking called Test Case

2021-10-21 14:39:53 - [MESSAGE][INFO] - Starting to call Test Case 'Test Cases/Olusturma/Genel/EkleButonunaBasilir'

2021-10-21 14:39:53 - [TEST_CASE][PASSED] - Test Cases/Olusturma/Genel/EkleButonunaBasilir: Test Cases/Olusturma/Genel/EkleButonunaBasilir

2021-10-21 14:39:53 - [TEST_STEP][PASSED] - waitForElementClickable(findTestObject("Object Repository/Olusturma/Genel/Olusturma/Ekle"), 10): Object 'Object Repository/Olusturma/Genel/Olusturma/Ekle' is clickable

2021-10-21 14:39:53 - [MESSAGE][INFO] - Finding Test Object 'Object Repository/Olusturma/Genel/Olusturma/Ekle'

2021-10-21 14:39:53 - [MESSAGE][INFO] - Checking object

2021-10-21 14:39:53 - [MESSAGE][INFO] - Checking timeout

2021-10-21 14:39:53 - [MESSAGE][INFO] - Finding web element from Test Object's properties

2021-10-21 14:39:53 - [MESSAGE][INFO] - Checking timeout

2021-10-21 14:39:53 - [MESSAGE][INFO] - Finding web element with id: 'Object Repository/Olusturma/Genel/Olusturma/Ekle' located by 'By.cssSelector: #divmalhizmet i.fa.fa-plus.fa-lg.text-muted' in '10' second(s)

2021-10-21 14:39:53 - [MESSAGE][INFO] - Smart Wait Function is triggered

2021-10-21 14:39:54 - [MESSAGE][INFO] - Found 1 web elements with id: 'Object Repository/Olusturma/Genel/Olusturma/Ekle' located by 'By.cssSelector: #divmalhizmet i.fa.fa-plus.fa-lg.text-muted' in '10' second(s)

2021-10-21 14:39:54 - [MESSAGE][PASSED] - Object 'Object Repository/Olusturma/Genel/Olusturma/Ekle' is clickable

2021-10-21 14:39:54 - [TEST_STEP][PASSED] - click(findTestObject("Object Repository/Olusturma/Genel/Olusturma/Ekle")): Object: 'Object Repository/Olusturma/Genel/Olusturma/Ekle' is clicked on

2021-10-21 14:39:54 - [MESSAGE][INFO] - Finding Test Object 'Object Repository/Olusturma/Genel/Olusturma/Ekle'

2021-10-21 14:39:54 - [MESSAGE][INFO] - Checking object

2021-10-21 14:39:54 - [MESSAGE][INFO] - Finding web element from Test Object's properties

2021-10-21 14:39:54 - [MESSAGE][INFO] - Checking timeout

2021-10-21 14:39:54 - [MESSAGE][INFO] - Finding web element with id: 'Object Repository/Olusturma/Genel/Olusturma/Ekle' located by 'By.cssSelector: #divmalhizmet i.fa.fa-plus.fa-lg.text-muted' in '30' second(s)

2021-10-21 14:39:54 - [MESSAGE][INFO] - Smart Wait Function is triggered

2021-10-21 14:39:54 - [MESSAGE][INFO] - Found 1 web elements with id: 'Object Repository/Olusturma/Genel/Olusturma/Ekle' located by 'By.cssSelector: #divmalhizmet i.fa.fa-plus.fa-lg.text-muted' in '30' second(s)

2021-10-21 14:39:54 - [MESSAGE][INFO] - Clicking on object: 'Object Repository/Olusturma/Genel/Olusturma/Ekle'

2021-10-21 14:39:54 - [MESSAGE][PASSED] - Object: 'Object Repository/Olusturma/Genel/Olusturma/Ekle' is clicked on

2021-10-21 14:39:54 - [TEST_STEP][PASSED] - waitForElementClickable(findTestObject("Olusturma/Genel/Olusturma/EklenenSatirCarpiImage"), 10): Object 'Object Repository/Olusturma/Genel/Olusturma/EklenenSatirCarpiImage' is clickable

2021-10-21 14:39:54 - [MESSAGE][INFO] - Finding Test Object 'Object Repository/Olusturma/Genel/Olusturma/EklenenSatirCarpiImage'

2021-10-21 14:39:54 - [MESSAGE][INFO] - Checking object

2021-10-21 14:39:54 - [MESSAGE][INFO] - Checking timeout

2021-10-21 14:39:54 - [MESSAGE][INFO] - Finding web element from Test Object's properties

2021-10-21 14:39:54 - [MESSAGE][INFO] - Checking timeout

2021-10-21 14:39:54 - [MESSAGE][INFO] - Finding web element with id: 'Object Repository/Olusturma/Genel/Olusturma/EklenenSatirCarpiImage' located by 'By.cssSelector: .fa.fa-times.fa-lg.text-primary' in '10' second(s)

2021-10-21 14:39:54 - [MESSAGE][INFO] - Smart Wait Function is triggered

2021-10-21 14:39:54 - [MESSAGE][INFO] - Found 1 web elements with id: 'Object Repository/Olusturma/Genel/Olusturma/EklenenSatirCarpiImage' located by 'By.cssSelector: .fa.fa-times.fa-lg.text-primary' in '10' second(s)

2021-10-21 14:39:54 - [MESSAGE][PASSED] - Object 'Object Repository/Olusturma/Genel/Olusturma/EklenenSatirCarpiImage' is clickable

2021-10-21 14:39:54 - [MESSAGE][PASSED] - Call Test Case 'Test Cases/Olusturma/Genel/EkleButonunaBasilir' successfully

2021-10-21 14:39:54 - [MESSAGE][INFO] - Checking called Test Case

2021-10-21 14:39:54 - [MESSAGE][INFO] - Starting to call Test Case 'Test Cases/Olusturma/Genel/Olusturma'

2021-10-21 14:39:54 - [TEST_CASE][PASSED] - Test Cases/Olusturma/Genel/Olusturma: Test Cases/Olusturma/Genel/Olusturma

2021-10-21 14:39:54 - [TEST_STEP][PASSED] - driver = getWebDriver(): null

2021-10-21 14:39:54 - [TEST_STEP][PASSED] - action = new org.openqa.selenium.interactions.Actions(driver): null

2021-10-21 14:39:54 - [TEST_STEP][PASSED] - baslikElement = <not implemented yet for class: org.codehaus.groovy.ast.expr.EmptyExpression>: null

2021-10-21 14:39:54 - [TEST_STEP][PASSED] - sonElement = <not implemented yet for class: org.codehaus.groovy.ast.expr.EmptyExpression>: null

2021-10-21 14:39:54 - [TEST_STEP][PASSED] - attr = <not implemented yet for class: org.codehaus.groovy.ast.expr.EmptyExpression>: null

2021-10-21 14:39:54 - [TEST_STEP][PASSED] - a = 0: null

2021-10-21 14:39:54 - [TEST_STEP][PASSED] - elements = findWebElements(findTestObject("Object Repository/Olusturma/Genel/Olusturma/TabloBasliklari"), 10): Found 17 web elements with id: 'Object Repository/Olusturma/Genel/Olusturma/TabloBasliklari' located by 'By.cssSelector: div#divmalhizmet .dxgvTable_LECustomTheme td.dxgvHeader_LECustomTheme tr>td:nth-child(1)' in '10' second(s)

2021-10-21 14:39:54 - [MESSAGE][INFO] - Finding Test Object 'Object Repository/Olusturma/Genel/Olusturma/TabloBasliklari'

2021-10-21 14:39:55 - [MESSAGE][INFO] - Checking timeout

2021-10-21 14:39:55 - [MESSAGE][INFO] - Finding web element with id: 'Object Repository/Olusturma/Genel/Olusturma/TabloBasliklari' located by 'By.cssSelector: div#divmalhizmet .dxgvTable_LECustomTheme td.dxgvHeader_LECustomTheme tr>td:nth-child(1)' in '10' second(s)

2021-10-21 14:39:55 - [MESSAGE][INFO] - Smart Wait Function is triggered

2021-10-21 14:39:56 - [MESSAGE][INFO] - Found 17 web elements with id: 'Object Repository/Olusturma/Genel/Olusturma/TabloBasliklari' located by 'By.cssSelector: div#divmalhizmet .dxgvTable_LECustomTheme td.dxgvHeader_LECustomTheme tr>td:nth-child(1)' in '10' second(s)

2021-10-21 14:39:56 - [TEST_STEP][PASSED] - for (def element : elements): null

2021-10-21 14:39:56 - [TEST_STEP][PASSED] - build().perform(): null

2021-10-21 14:39:56 - [TEST_STEP][PASSED] - if (getText().equals(Baslik)): null

2021-10-21 14:39:56 - [TEST_STEP][PASSED] - baslikElement = element.findElement(By.xpath("../../../..")): Smart Wait Function is triggered

2021-10-21 14:39:56 - [MESSAGE][INFO] - Smart Wait Function is triggered

2021-10-21 14:39:56 - [TEST_STEP][PASSED] - attr = baslikElement.getAttribute("id"): null

2021-10-21 14:39:56 - [TEST_STEP][PASSED] - println("girdi ve idsini aldı = " + attr): null

2021-10-21 14:39:56 - [TEST_STEP][PASSED] - break: null

2021-10-21 14:39:56 - [TEST_STEP][PASSED] - countElement = baslikElement.findElements(By.xpath("../td")): Smart Wait Function is triggered

2021-10-21 14:39:56 - [MESSAGE][INFO] - Smart Wait Function is triggered

2021-10-21 14:39:56 - [TEST_STEP][PASSED] - for (def element : countElement): null

2021-10-21 14:39:56 - [TEST_STEP][PASSED] - if (toString().equals(attr.toString())): null

2021-10-21 14:39:56 - [TEST_STEP][PASSED] - (a++): null

2021-10-21 14:39:56 - [TEST_STEP][PASSED] - if (toString().equals(attr.toString())): null

2021-10-21 14:39:56 - [TEST_STEP][PASSED] - break: null

2021-10-21 14:39:56 - [TEST_STEP][PASSED] - son = findWebElement(findTestObject("Object Repository/Olusturma/Genel/Olusturma/EklenenSatir")).findElement(By.xpath("td[@class='dxgvInlineEditCell_LECustomTheme dxgv'][" + a + "]//td[@class='dxic']/input")): Smart Wait Function is triggered

2021-10-21 14:39:56 - [MESSAGE][INFO] - Finding Test Object 'Object Repository/Olusturma/Genel/Olusturma/EklenenSatir'

2021-10-21 14:39:56 - [MESSAGE][INFO] - Finding web element from Test Object's properties

2021-10-21 14:39:56 - [MESSAGE][INFO] - Checking timeout

2021-10-21 14:39:56 - [MESSAGE][INFO] - Finding web element with id: 'Object Repository/Olusturma/Genel/Olusturma/EklenenSatir' located by 'By.cssSelector: #divmalhizmet .dxgvInlineEditRow_LECustomTheme' in '30' second(s)

2021-10-21 14:39:56 - [MESSAGE][INFO] - Smart Wait Function is triggered

2021-10-21 14:39:57 - [MESSAGE][INFO] - Found 1 web elements with id: 'Object Repository/Olusturma/Genel/Olusturma/EklenenSatir' located by 'By.cssSelector: #divmalhizmet .dxgvInlineEditRow_LECustomTheme' in '30' second(s)

2021-10-21 14:39:57 - [MESSAGE][INFO] - Smart Wait Function is triggered

2021-10-21 14:39:57 - [TEST_STEP][PASSED] - if (!(getAttribute("value").contains("Vkn"))): null

2021-10-21 14:39:57 - [TEST_STEP][PASSED] - son.clear(): null

2021-10-21 14:39:57 - [TEST_STEP][PASSED] - son.sendKeys(Deger): null

2021-10-21 14:39:57 - [MESSAGE][PASSED] - Call Test Case 'Test Cases/Olusturma/Genel/Olusturma' successfully

2021-10-21 14:39:57 - [MESSAGE][INFO] - Checking called Test Case

2021-10-21 14:39:57 - [MESSAGE][INFO] - Starting to call Test Case 'Test Cases/Olusturma/Genel/Olusturma'

2021-10-21 14:39:57 - [TEST_CASE][PASSED] - Test Cases/Olusturma/Genel/Olusturma: Test Cases/Olusturma/Genel/Olusturma

2021-10-21 14:39:57 - [TEST_STEP][PASSED] - driver = getWebDriver(): null

2021-10-21 14:39:57 - [TEST_STEP][PASSED] - action = new org.openqa.selenium.interactions.Actions(driver): null

2021-10-21 14:39:57 - [TEST_STEP][PASSED] - baslikElement = <not implemented yet for class: org.codehaus.groovy.ast.expr.EmptyExpression>: null

2021-10-21 14:39:57 - [TEST_STEP][PASSED] - sonElement = <not implemented yet for class: org.codehaus.groovy.ast.expr.EmptyExpression>: null

2021-10-21 14:39:57 - [TEST_STEP][PASSED] - attr = <not implemented yet for class: org.codehaus.groovy.ast.expr.EmptyExpression>: null

2021-10-21 14:39:57 - [TEST_STEP][PASSED] - a = 0: null

2021-10-21 14:39:57 - [TEST_STEP][PASSED] - elements = findWebElements(findTestObject("Object Repository/Olusturma/Genel/Olusturma/TabloBasliklari"), 10): Found 17 web elements with id: 'Object Repository/Olusturma/Genel/Olusturma/TabloBasliklari' located by 'By.cssSelector: div#divmalhizmet .dxgvTable_LECustomTheme td.dxgvHeader_LECustomTheme tr>td:nth-child(1)' in '10' second(s)

2021-10-21 14:39:57 - [MESSAGE][INFO] - Finding Test Object 'Object Repository/Olusturma/Genel/Olusturma/TabloBasliklari'

2021-10-21 14:39:57 - [MESSAGE][INFO] - Checking timeout

2021-10-21 14:39:57 - [MESSAGE][INFO] - Finding web element with id: 'Object Repository/Olusturma/Genel/Olusturma/TabloBasliklari' located by 'By.cssSelector: div#divmalhizmet .dxgvTable_LECustomTheme td.dxgvHeader_LECustomTheme tr>td:nth-child(1)' in '10' second(s)

2021-10-21 14:39:57 - [MESSAGE][INFO] - Smart Wait Function is triggered

2021-10-21 14:39:58 - [MESSAGE][INFO] - Found 17 web elements with id: 'Object Repository/Olusturma/Genel/Olusturma/TabloBasliklari' located by 'By.cssSelector: div#divmalhizmet .dxgvTable_LECustomTheme td.dxgvHeader_LECustomTheme tr>td:nth-child(1)' in '10' second(s)

2021-10-21 14:39:58 - [TEST_STEP][PASSED] - for (def element : elements): null

2021-10-21 14:39:58 - [TEST_STEP][PASSED] - build().perform(): null

2021-10-21 14:39:58 - [TEST_STEP][PASSED] - if (getText().equals(Baslik)): null

2021-10-21 14:39:58 - [TEST_STEP][PASSED] - build().perform(): null

2021-10-21 14:39:58 - [TEST_STEP][PASSED] - if (getText().equals(Baslik)): null

2021-10-21 14:39:58 - [TEST_STEP][PASSED] - baslikElement = element.findElement(By.xpath("../../../..")): Smart Wait Function is triggered

2021-10-21 14:39:58 - [MESSAGE][INFO] - Smart Wait Function is triggered

2021-10-21 14:39:58 - [TEST_STEP][PASSED] - attr = baslikElement.getAttribute("id"): null

2021-10-21 14:39:58 - [TEST_STEP][PASSED] - println("girdi ve idsini aldı = " + attr): null

2021-10-21 14:39:58 - [TEST_STEP][PASSED] - break: null

2021-10-21 14:39:58 - [TEST_STEP][PASSED] - countElement = baslikElement.findElements(By.xpath("../td")): Smart Wait Function is triggered

2021-10-21 14:39:58 - [MESSAGE][INFO] - Smart Wait Function is triggered

2021-10-21 14:39:59 - [TEST_STEP][PASSED] - for (def element : countElement): null

2021-10-21 14:39:59 - [TEST_STEP][PASSED] - if (toString().equals(attr.toString())): null

2021-10-21 14:39:59 - [TEST_STEP][PASSED] - (a++): null

2021-10-21 14:39:59 - [TEST_STEP][PASSED] - if (toString().equals(attr.toString())): null

2021-10-21 14:39:59 - [TEST_STEP][PASSED] - (a++): null

2021-10-21 14:39:59 - [TEST_STEP][PASSED] - if (toString().equals(attr.toString())): null

2021-10-21 14:39:59 - [TEST_STEP][PASSED] - break: null

2021-10-21 14:39:59 - [TEST_STEP][PASSED] - son = findWebElement(findTestObject("Object Repository/Olusturma/Genel/Olusturma/EklenenSatir")).findElement(By.xpath("td[@class='dxgvInlineEditCell_LECustomTheme dxgv'][" + a + "]//td[@class='dxic']/input")): Smart Wait Function is triggered

2021-10-21 14:39:59 - [MESSAGE][INFO] - Finding Test Object 'Object Repository/Olusturma/Genel/Olusturma/EklenenSatir'

2021-10-21 14:39:59 - [MESSAGE][INFO] - Finding web element from Test Object's properties

2021-10-21 14:39:59 - [MESSAGE][INFO] - Checking timeout

2021-10-21 14:39:59 - [MESSAGE][INFO] - Finding web element with id: 'Object Repository/Olusturma/Genel/Olusturma/EklenenSatir' located by 'By.cssSelector: #divmalhizmet .dxgvInlineEditRow_LECustomTheme' in '30' second(s)

2021-10-21 14:39:59 - [MESSAGE][INFO] - Smart Wait Function is triggered

2021-10-21 14:39:59 - [MESSAGE][INFO] - Found 1 web elements with id: 'Object Repository/Olusturma/Genel/Olusturma/EklenenSatir' located by 'By.cssSelector: #divmalhizmet .dxgvInlineEditRow_LECustomTheme' in '30' second(s)

2021-10-21 14:39:59 - [MESSAGE][INFO] - Smart Wait Function is triggered

2021-10-21 14:39:59 - [TEST_STEP][PASSED] - if (!(getAttribute("value").contains("Vkn"))): null

2021-10-21 14:39:59 - [TEST_STEP][PASSED] - son.clear(): null

2021-10-21 14:39:59 - [TEST_STEP][PASSED] - son.sendKeys(Deger): null

2021-10-21 14:39:59 - [MESSAGE][PASSED] - Call Test Case 'Test Cases/Olusturma/Genel/Olusturma' successfully

2021-10-21 14:39:59 - [MESSAGE][INFO] - Checking called Test Case

2021-10-21 14:39:59 - [MESSAGE][INFO] - Starting to call Test Case 'Test Cases/Olusturma/Genel/Olusturma'

2021-10-21 14:40:00 - [TEST_CASE][PASSED] - Test Cases/Olusturma/Genel/Olusturma: Test Cases/Olusturma/Genel/Olusturma

2021-10-21 14:40:00 - [TEST_STEP][PASSED] - driver = getWebDriver(): null

2021-10-21 14:40:00 - [TEST_STEP][PASSED] - action = new org.openqa.selenium.interactions.Actions(driver): null

2021-10-21 14:40:00 - [TEST_STEP][PASSED] - baslikElement = <not implemented yet for class: org.codehaus.groovy.ast.expr.EmptyExpression>: null

2021-10-21 14:40:00 - [TEST_STEP][PASSED] - sonElement = <not implemented yet for class: org.codehaus.groovy.ast.expr.EmptyExpression>: null

2021-10-21 14:40:00 - [TEST_STEP][PASSED] - attr = <not implemented yet for class: org.codehaus.groovy.ast.expr.EmptyExpression>: null

2021-10-21 14:40:00 - [TEST_STEP][PASSED] - a = 0: null

2021-10-21 14:40:00 - [TEST_STEP][PASSED] - elements = findWebElements(findTestObject("Object Repository/Olusturma/Genel/Olusturma/TabloBasliklari"), 10): Found 17 web elements with id: 'Object Repository/Olusturma/Genel/Olusturma/TabloBasliklari' located by 'By.cssSelector: div#divmalhizmet .dxgvTable_LECustomTheme td.dxgvHeader_LECustomTheme tr>td:nth-child(1)' in '10' second(s)

2021-10-21 14:40:00 - [MESSAGE][INFO] - Finding Test Object 'Object Repository/Olusturma/Genel/Olusturma/TabloBasliklari'

2021-10-21 14:40:00 - [MESSAGE][INFO] - Checking timeout

2021-10-21 14:40:00 - [MESSAGE][INFO] - Finding web element with id: 'Object Repository/Olusturma/Genel/Olusturma/TabloBasliklari' located by 'By.cssSelector: div#divmalhizmet .dxgvTable_LECustomTheme td.dxgvHeader_LECustomTheme tr>td:nth-child(1)' in '10' second(s)

2021-10-21 14:40:00 - [MESSAGE][INFO] - Smart Wait Function is triggered

2021-10-21 14:40:00 - [MESSAGE][INFO] - Found 17 web elements with id: 'Object Repository/Olusturma/Genel/Olusturma/TabloBasliklari' located by 'By.cssSelector: div#divmalhizmet .dxgvTable_LECustomTheme td.dxgvHeader_LECustomTheme tr>td:nth-child(1)' in '10' second(s)

2021-10-21 14:40:00 - [TEST_STEP][PASSED] - for (def element : elements): null

2021-10-21 14:40:00 - [TEST_STEP][PASSED] - build().perform(): null

2021-10-21 14:40:00 - [TEST_STEP][PASSED] - if (getText().equals(Baslik)): null

2021-10-21 14:40:00 - [TEST_STEP][PASSED] - build().perform(): null

2021-10-21 14:40:00 - [TEST_STEP][PASSED] - if (getText().equals(Baslik)): null

2021-10-21 14:40:00 - [TEST_STEP][PASSED] - build().perform(): null

2021-10-21 14:40:00 - [TEST_STEP][PASSED] - if (getText().equals(Baslik)): null

2021-10-21 14:40:00 - [TEST_STEP][PASSED] - build().perform(): null

2021-10-21 14:40:00 - [TEST_STEP][PASSED] - if (getText().equals(Baslik)): null

2021-10-21 14:40:00 - [TEST_STEP][PASSED] - baslikElement = element.findElement(By.xpath("../../../..")): Smart Wait Function is triggered

2021-10-21 14:40:00 - [MESSAGE][INFO] - Smart Wait Function is triggered

2021-10-21 14:40:01 - [TEST_STEP][PASSED] - attr = baslikElement.getAttribute("id"): null

2021-10-21 14:40:01 - [TEST_STEP][PASSED] - println("girdi ve idsini aldı = " + attr): null

2021-10-21 14:40:01 - [TEST_STEP][PASSED] - break: null

2021-10-21 14:40:01 - [TEST_STEP][PASSED] - countElement = baslikElement.findElements(By.xpath("../td")): Smart Wait Function is triggered

2021-10-21 14:40:01 - [MESSAGE][INFO] - Smart Wait Function is triggered

2021-10-21 14:40:01 - [TEST_STEP][PASSED] - for (def element : countElement): null

2021-10-21 14:40:01 - [TEST_STEP][PASSED] - if (toString().equals(attr.toString())): null

2021-10-21 14:40:01 - [TEST_STEP][PASSED] - (a++): null

2021-10-21 14:40:01 - [TEST_STEP][PASSED] - if (toString().equals(attr.toString())): null

2021-10-21 14:40:01 - [TEST_STEP][PASSED] - (a++): null

2021-10-21 14:40:01 - [TEST_STEP][PASSED] - if (toString().equals(attr.toString())): null

2021-10-21 14:40:01 - [TEST_STEP][PASSED] - (a++): null

2021-10-21 14:40:01 - [TEST_STEP][PASSED] - if (toString().equals(attr.toString())): null

2021-10-21 14:40:01 - [TEST_STEP][PASSED] - (a++): null

2021-10-21 14:40:01 - [TEST_STEP][PASSED] - if (toString().equals(attr.toString())): null

2021-10-21 14:40:01 - [TEST_STEP][PASSED] - break: null

2021-10-21 14:40:01 - [TEST_STEP][PASSED] - son = findWebElement(findTestObject("Object Repository/Olusturma/Genel/Olusturma/EklenenSatir")).findElement(By.xpath("td[@class='dxgvInlineEditCell_LECustomTheme dxgv'][" + a + "]//td[@class='dxic']/input")): Smart Wait Function is triggered

2021-10-21 14:40:01 - [MESSAGE][INFO] - Finding Test Object 'Object Repository/Olusturma/Genel/Olusturma/EklenenSatir'

2021-10-21 14:40:01 - [MESSAGE][INFO] - Finding web element from Test Object's properties

2021-10-21 14:40:01 - [MESSAGE][INFO] - Checking timeout

2021-10-21 14:40:01 - [MESSAGE][INFO] - Finding web element with id: 'Object Repository/Olusturma/Genel/Olusturma/EklenenSatir' located by 'By.cssSelector: #divmalhizmet .dxgvInlineEditRow_LECustomTheme' in '30' second(s)

2021-10-21 14:40:01 - [MESSAGE][INFO] - Smart Wait Function is triggered

2021-10-21 14:40:01 - [MESSAGE][INFO] - Found 1 web elements with id: 'Object Repository/Olusturma/Genel/Olusturma/EklenenSatir' located by 'By.cssSelector: #divmalhizmet .dxgvInlineEditRow_LECustomTheme' in '30' second(s)

2021-10-21 14:40:01 - [MESSAGE][INFO] - Smart Wait Function is triggered

2021-10-21 14:40:02 - [TEST_STEP][PASSED] - if (!(getAttribute("value").contains("Vkn"))): null

2021-10-21 14:40:02 - [TEST_STEP][PASSED] - son.clear(): null

2021-10-21 14:40:02 - [TEST_STEP][PASSED] - son.sendKeys(Deger): null

2021-10-21 14:40:02 - [MESSAGE][PASSED] - Call Test Case 'Test Cases/Olusturma/Genel/Olusturma' successfully

2021-10-21 14:40:02 - [MESSAGE][INFO] - Checking called Test Case

2021-10-21 14:40:02 - [MESSAGE][INFO] - Starting to call Test Case 'Test Cases/Olusturma/Genel/Olusturma'

2021-10-21 14:40:02 - [TEST_CASE][PASSED] - Test Cases/Olusturma/Genel/Olusturma: Test Cases/Olusturma/Genel/Olusturma

2021-10-21 14:40:02 - [TEST_STEP][PASSED] - driver = getWebDriver(): null

2021-10-21 14:40:02 - [TEST_STEP][PASSED] - action = new org.openqa.selenium.interactions.Actions(driver): null

2021-10-21 14:40:02 - [TEST_STEP][PASSED] - baslikElement = <not implemented yet for class: org.codehaus.groovy.ast.expr.EmptyExpression>: null

2021-10-21 14:40:02 - [TEST_STEP][PASSED] - sonElement = <not implemented yet for class: org.codehaus.groovy.ast.expr.EmptyExpression>: null

2021-10-21 14:40:02 - [TEST_STEP][PASSED] - attr = <not implemented yet for class: org.codehaus.groovy.ast.expr.EmptyExpression>: null

2021-10-21 14:40:02 - [TEST_STEP][PASSED] - a = 0: null

2021-10-21 14:40:02 - [TEST_STEP][PASSED] - elements = findWebElements(findTestObject("Object Repository/Olusturma/Genel/Olusturma/TabloBasliklari"), 10): Found 17 web elements with id: 'Object Repository/Olusturma/Genel/Olusturma/TabloBasliklari' located by 'By.cssSelector: div#divmalhizmet .dxgvTable_LECustomTheme td.dxgvHeader_LECustomTheme tr>td:nth-child(1)' in '10' second(s)

2021-10-21 14:40:02 - [MESSAGE][INFO] - Finding Test Object 'Object Repository/Olusturma/Genel/Olusturma/TabloBasliklari'

2021-10-21 14:40:02 - [MESSAGE][INFO] - Checking timeout

2021-10-21 14:40:02 - [MESSAGE][INFO] - Finding web element with id: 'Object Repository/Olusturma/Genel/Olusturma/TabloBasliklari' located by 'By.cssSelector: div#divmalhizmet .dxgvTable_LECustomTheme td.dxgvHeader_LECustomTheme tr>td:nth-child(1)' in '10' second(s)

2021-10-21 14:40:02 - [MESSAGE][INFO] - Smart Wait Function is triggered

2021-10-21 14:40:02 - [MESSAGE][INFO] - Found 17 web elements with id: 'Object Repository/Olusturma/Genel/Olusturma/TabloBasliklari' located by 'By.cssSelector: div#divmalhizmet .dxgvTable_LECustomTheme td.dxgvHeader_LECustomTheme tr>td:nth-child(1)' in '10' second(s)

2021-10-21 14:40:02 - [TEST_STEP][PASSED] - for (def element : elements): null

2021-10-21 14:40:02 - [TEST_STEP][PASSED] - build().perform(): null

2021-10-21 14:40:02 - [TEST_STEP][PASSED] - if (getText().equals(Baslik)): null

2021-10-21 14:40:02 - [TEST_STEP][PASSED] - build().perform(): null

2021-10-21 14:40:03 - [TEST_STEP][PASSED] - if (getText().equals(Baslik)): null

2021-10-21 14:40:03 - [TEST_STEP][PASSED] - build().perform(): null

2021-10-21 14:40:03 - [TEST_STEP][PASSED] - if (getText().equals(Baslik)): null

2021-10-21 14:40:03 - [TEST_STEP][PASSED] - build().perform(): null

2021-10-21 14:40:03 - [TEST_STEP][PASSED] - if (getText().equals(Baslik)): null

2021-10-21 14:40:03 - [TEST_STEP][PASSED] - build().perform(): null

2021-10-21 14:40:03 - [TEST_STEP][PASSED] - if (getText().equals(Baslik)): null

2021-10-21 14:40:03 - [TEST_STEP][PASSED] - build().perform(): null

2021-10-21 14:40:03 - [TEST_STEP][PASSED] - if (getText().equals(Baslik)): null

2021-10-21 14:40:03 - [TEST_STEP][PASSED] - baslikElement = element.findElement(By.xpath("../../../..")): Smart Wait Function is triggered

2021-10-21 14:40:03 - [MESSAGE][INFO] - Smart Wait Function is triggered

2021-10-21 14:40:03 - [TEST_STEP][PASSED] - attr = baslikElement.getAttribute("id"): null

2021-10-21 14:40:03 - [TEST_STEP][PASSED] - println("girdi ve idsini aldı = " + attr): null

2021-10-21 14:40:03 - [TEST_STEP][PASSED] - break: null

2021-10-21 14:40:03 - [TEST_STEP][PASSED] - countElement = baslikElement.findElements(By.xpath("../td")): Smart Wait Function is triggered

2021-10-21 14:40:03 - [MESSAGE][INFO] - Smart Wait Function is triggered

2021-10-21 14:40:04 - [TEST_STEP][PASSED] - for (def element : countElement): null

2021-10-21 14:40:04 - [TEST_STEP][PASSED] - if (toString().equals(attr.toString())): null

2021-10-21 14:40:04 - [TEST_STEP][PASSED] - (a++): null

2021-10-21 14:40:04 - [TEST_STEP][PASSED] - if (toString().equals(attr.toString())): null

2021-10-21 14:40:04 - [TEST_STEP][PASSED] - (a++): null

2021-10-21 14:40:04 - [TEST_STEP][PASSED] - if (toString().equals(attr.toString())): null

2021-10-21 14:40:04 - [TEST_STEP][PASSED] - (a++): null

2021-10-21 14:40:04 - [TEST_STEP][PASSED] - if (toString().equals(attr.toString())): null

2021-10-21 14:40:04 - [TEST_STEP][PASSED] - (a++): null

2021-10-21 14:40:04 - [TEST_STEP][PASSED] - if (toString().equals(attr.toString())): null

2021-10-21 14:40:04 - [TEST_STEP][PASSED] - (a++): null

2021-10-21 14:40:04 - [TEST_STEP][PASSED] - if (toString().equals(attr.toString())): null

2021-10-21 14:40:04 - [TEST_STEP][PASSED] - (a++): null

2021-10-21 14:40:04 - [TEST_STEP][PASSED] - if (toString().equals(attr.toString())): null

2021-10-21 14:40:04 - [TEST_STEP][PASSED] - break: null

2021-10-21 14:40:04 - [TEST_STEP][PASSED] - son = findWebElement(findTestObject("Object Repository/Olusturma/Genel/Olusturma/EklenenSatir")).findElement(By.xpath("td[@class='dxgvInlineEditCell_LECustomTheme dxgv'][" + a + "]//td[@class='dxic']/input")): Smart Wait Function is triggered

2021-10-21 14:40:04 - [MESSAGE][INFO] - Finding Test Object 'Object Repository/Olusturma/Genel/Olusturma/EklenenSatir'

2021-10-21 14:40:04 - [MESSAGE][INFO] - Finding web element from Test Object's properties

2021-10-21 14:40:04 - [MESSAGE][INFO] - Checking timeout

2021-10-21 14:40:04 - [MESSAGE][INFO] - Finding web element with id: 'Object Repository/Olusturma/Genel/Olusturma/EklenenSatir' located by 'By.cssSelector: #divmalhizmet .dxgvInlineEditRow_LECustomTheme' in '30' second(s)

2021-10-21 14:40:04 - [MESSAGE][INFO] - Smart Wait Function is triggered

2021-10-21 14:40:04 - [MESSAGE][INFO] - Found 1 web elements with id: 'Object Repository/Olusturma/Genel/Olusturma/EklenenSatir' located by 'By.cssSelector: #divmalhizmet .dxgvInlineEditRow_LECustomTheme' in '30' second(s)

2021-10-21 14:40:04 - [MESSAGE][INFO] - Smart Wait Function is triggered

2021-10-21 14:40:04 - [TEST_STEP][PASSED] - if (!(getAttribute("value").contains("Vkn"))): null

2021-10-21 14:40:04 - [TEST_STEP][PASSED] - son.clear(): null

2021-10-21 14:40:05 - [TEST_STEP][PASSED] - son.sendKeys(Deger): null

2021-10-21 14:40:05 - [MESSAGE][PASSED] - Call Test Case 'Test Cases/Olusturma/Genel/Olusturma' successfully

2021-10-21 14:40:05 - [MESSAGE][INFO] - Checking called Test Case

2021-10-21 14:40:05 - [MESSAGE][INFO] - Starting to call Test Case 'Test Cases/Olusturma/Genel/Olusturma'

2021-10-21 14:40:05 - [TEST_CASE][PASSED] - Test Cases/Olusturma/Genel/Olusturma: Test Cases/Olusturma/Genel/Olusturma

2021-10-21 14:40:05 - [TEST_STEP][PASSED] - driver = getWebDriver(): null

2021-10-21 14:40:05 - [TEST_STEP][PASSED] - action = new org.openqa.selenium.interactions.Actions(driver): null

2021-10-21 14:40:05 - [TEST_STEP][PASSED] - baslikElement = <not implemented yet for class: org.codehaus.groovy.ast.expr.EmptyExpression>: null

2021-10-21 14:40:05 - [TEST_STEP][PASSED] - sonElement = <not implemented yet for class: org.codehaus.groovy.ast.expr.EmptyExpression>: null

2021-10-21 14:40:05 - [TEST_STEP][PASSED] - attr = <not implemented yet for class: org.codehaus.groovy.ast.expr.EmptyExpression>: null

2021-10-21 14:40:05 - [TEST_STEP][PASSED] - a = 0: null

2021-10-21 14:40:05 - [TEST_STEP][PASSED] - elements = findWebElements(findTestObject("Object Repository/Olusturma/Genel/Olusturma/TabloBasliklari"), 10): Found 17 web elements with id: 'Object Repository/Olusturma/Genel/Olusturma/TabloBasliklari' located by 'By.cssSelector: div#divmalhizmet .dxgvTable_LECustomTheme td.dxgvHeader_LECustomTheme tr>td:nth-child(1)' in '10' second(s)

2021-10-21 14:40:05 - [MESSAGE][INFO] - Finding Test Object 'Object Repository/Olusturma/Genel/Olusturma/TabloBasliklari'

2021-10-21 14:40:05 - [MESSAGE][INFO] - Checking timeout

2021-10-21 14:40:05 - [MESSAGE][INFO] - Finding web element with id: 'Object Repository/Olusturma/Genel/Olusturma/TabloBasliklari' located by 'By.cssSelector: div#divmalhizmet .dxgvTable_LECustomTheme td.dxgvHeader_LECustomTheme tr>td:nth-child(1)' in '10' second(s)

2021-10-21 14:40:05 - [MESSAGE][INFO] - Smart Wait Function is triggered

2021-10-21 14:40:05 - [MESSAGE][INFO] - Found 17 web elements with id: 'Object Repository/Olusturma/Genel/Olusturma/TabloBasliklari' located by 'By.cssSelector: div#divmalhizmet .dxgvTable_LECustomTheme td.dxgvHeader_LECustomTheme tr>td:nth-child(1)' in '10' second(s)

2021-10-21 14:40:05 - [TEST_STEP][PASSED] - for (def element : elements): null

2021-10-21 14:40:05 - [TEST_STEP][PASSED] - build().perform(): null

2021-10-21 14:40:05 - [TEST_STEP][PASSED] - if (getText().equals(Baslik)): null

2021-10-21 14:40:05 - [TEST_STEP][PASSED] - build().perform(): null

2021-10-21 14:40:05 - [TEST_STEP][PASSED] - if (getText().equals(Baslik)): null

2021-10-21 14:40:05 - [TEST_STEP][PASSED] - build().perform(): null

2021-10-21 14:40:05 - [TEST_STEP][PASSED] - if (getText().equals(Baslik)): null

2021-10-21 14:40:05 - [TEST_STEP][PASSED] - build().perform(): null

2021-10-21 14:40:06 - [TEST_STEP][PASSED] - if (getText().equals(Baslik)): null

2021-10-21 14:40:06 - [TEST_STEP][PASSED] - build().perform(): null

2021-10-21 14:40:06 - [TEST_STEP][PASSED] - if (getText().equals(Baslik)): null

2021-10-21 14:40:06 - [TEST_STEP][PASSED] - build().perform(): null

2021-10-21 14:40:06 - [TEST_STEP][PASSED] - if (getText().equals(Baslik)): null

2021-10-21 14:40:06 - [TEST_STEP][PASSED] - build().perform(): null

2021-10-21 14:40:06 - [TEST_STEP][PASSED] - if (getText().equals(Baslik)): null

2021-10-21 14:40:06 - [TEST_STEP][PASSED] - baslikElement = element.findElement(By.xpath("../../../..")): Smart Wait Function is triggered

2021-10-21 14:40:06 - [MESSAGE][INFO] - Smart Wait Function is triggered

2021-10-21 14:40:06 - [TEST_STEP][PASSED] - attr = baslikElement.getAttribute("id"): null

2021-10-21 14:40:06 - [TEST_STEP][PASSED] - println("girdi ve idsini aldı = " + attr): null

2021-10-21 14:40:06 - [TEST_STEP][PASSED] - break: null

2021-10-21 14:40:06 - [TEST_STEP][PASSED] - countElement = baslikElement.findElements(By.xpath("../td")): Smart Wait Function is triggered

2021-10-21 14:40:06 - [MESSAGE][INFO] - Smart Wait Function is triggered

2021-10-21 14:40:07 - [TEST_STEP][PASSED] - for (def element : countElement): null

2021-10-21 14:40:07 - [TEST_STEP][PASSED] - if (toString().equals(attr.toString())): null

2021-10-21 14:40:07 - [TEST_STEP][PASSED] - (a++): null

2021-10-21 14:40:07 - [TEST_STEP][PASSED] - if (toString().equals(attr.toString())): null

2021-10-21 14:40:07 - [TEST_STEP][PASSED] - (a++): null

2021-10-21 14:40:07 - [TEST_STEP][PASSED] - if (toString().equals(attr.toString())): null

2021-10-21 14:40:07 - [TEST_STEP][PASSED] - (a++): null

2021-10-21 14:40:07 - [TEST_STEP][PASSED] - if (toString().equals(attr.toString())): null

2021-10-21 14:40:07 - [TEST_STEP][PASSED] - (a++): null

2021-10-21 14:40:07 - [TEST_STEP][PASSED] - if (toString().equals(attr.toString())): null

2021-10-21 14:40:07 - [TEST_STEP][PASSED] - (a++): null

2021-10-21 14:40:07 - [TEST_STEP][PASSED] - if (toString().equals(attr.toString())): null

2021-10-21 14:40:07 - [TEST_STEP][PASSED] - (a++): null

2021-10-21 14:40:07 - [TEST_STEP][PASSED] - if (toString().equals(attr.toString())): null

2021-10-21 14:40:07 - [TEST_STEP][PASSED] - (a++): null

2021-10-21 14:40:07 - [TEST_STEP][PASSED] - if (toString().equals(attr.toString())): null

2021-10-21 14:40:07 - [TEST_STEP][PASSED] - break: null

2021-10-21 14:40:07 - [TEST_STEP][PASSED] - son = findWebElement(findTestObject("Object Repository/Olusturma/Genel/Olusturma/EklenenSatir")).findElement(By.xpath("td[@class='dxgvInlineEditCell_LECustomTheme dxgv'][" + a + "]//td[@class='dxic']/input")): Smart Wait Function is triggered

2021-10-21 14:40:07 - [MESSAGE][INFO] - Finding Test Object 'Object Repository/Olusturma/Genel/Olusturma/EklenenSatir'

2021-10-21 14:40:07 - [MESSAGE][INFO] - Finding web element from Test Object's properties

2021-10-21 14:40:07 - [MESSAGE][INFO] - Checking timeout

2021-10-21 14:40:07 - [MESSAGE][INFO] - Finding web element with id: 'Object Repository/Olusturma/Genel/Olusturma/EklenenSatir' located by 'By.cssSelector: #divmalhizmet .dxgvInlineEditRow_LECustomTheme' in '30' second(s)

2021-10-21 14:40:07 - [MESSAGE][INFO] - Smart Wait Function is triggered

2021-10-21 14:40:07 - [MESSAGE][INFO] - Found 1 web elements with id: 'Object Repository/Olusturma/Genel/Olusturma/EklenenSatir' located by 'By.cssSelector: #divmalhizmet .dxgvInlineEditRow_LECustomTheme' in '30' second(s)

2021-10-21 14:40:07 - [MESSAGE][INFO] - Smart Wait Function is triggered

2021-10-21 14:40:07 - [TEST_STEP][PASSED] - if (!(getAttribute("value").contains("Vkn"))): null

2021-10-21 14:40:07 - [TEST_STEP][PASSED] - son.clear(): null

2021-10-21 14:40:08 - [TEST_STEP][PASSED] - son.sendKeys(Deger): null

2021-10-21 14:40:08 - [MESSAGE][PASSED] - Call Test Case 'Test Cases/Olusturma/Genel/Olusturma' successfully

2021-10-21 14:40:08 - [MESSAGE][INFO] - Checking called Test Case

2021-10-21 14:40:08 - [MESSAGE][INFO] - Starting to call Test Case 'Test Cases/Olusturma/Genel/Olusturma'

2021-10-21 14:40:08 - [TEST_CASE][PASSED] - Test Cases/Olusturma/Genel/Olusturma: Test Cases/Olusturma/Genel/Olusturma

2021-10-21 14:40:08 - [TEST_STEP][PASSED] - driver = getWebDriver(): null

2021-10-21 14:40:08 - [TEST_STEP][PASSED] - action = new org.openqa.selenium.interactions.Actions(driver): null

2021-10-21 14:40:08 - [TEST_STEP][PASSED] - baslikElement = <not implemented yet for class: org.codehaus.groovy.ast.expr.EmptyExpression>: null

2021-10-21 14:40:08 - [TEST_STEP][PASSED] - sonElement = <not implemented yet for class: org.codehaus.groovy.ast.expr.EmptyExpression>: null

2021-10-21 14:40:08 - [TEST_STEP][PASSED] - attr = <not implemented yet for class: org.codehaus.groovy.ast.expr.EmptyExpression>: null

2021-10-21 14:40:08 - [TEST_STEP][PASSED] - a = 0: null

2021-10-21 14:40:08 - [TEST_STEP][PASSED] - elements = findWebElements(findTestObject("Object Repository/Olusturma/Genel/Olusturma/TabloBasliklari"), 10): Found 17 web elements with id: 'Object Repository/Olusturma/Genel/Olusturma/TabloBasliklari' located by 'By.cssSelector: div#divmalhizmet .dxgvTable_LECustomTheme td.dxgvHeader_LECustomTheme tr>td:nth-child(1)' in '10' second(s)

2021-10-21 14:40:08 - [MESSAGE][INFO] - Finding Test Object 'Object Repository/Olusturma/Genel/Olusturma/TabloBasliklari'

2021-10-21 14:40:08 - [MESSAGE][INFO] - Checking timeout

2021-10-21 14:40:08 - [MESSAGE][INFO] - Finding web element with id: 'Object Repository/Olusturma/Genel/Olusturma/TabloBasliklari' located by 'By.cssSelector: div#divmalhizmet .dxgvTable_LECustomTheme td.dxgvHeader_LECustomTheme tr>td:nth-child(1)' in '10' second(s)

2021-10-21 14:40:08 - [MESSAGE][INFO] - Smart Wait Function is triggered

2021-10-21 14:40:08 - [MESSAGE][INFO] - Found 17 web elements with id: 'Object Repository/Olusturma/Genel/Olusturma/TabloBasliklari' located by 'By.cssSelector: div#divmalhizmet .dxgvTable_LECustomTheme td.dxgvHeader_LECustomTheme tr>td:nth-child(1)' in '10' second(s)

2021-10-21 14:40:08 - [TEST_STEP][PASSED] - for (def element : elements): null

2021-10-21 14:40:08 - [TEST_STEP][PASSED] - build().perform(): null

2021-10-21 14:40:08 - [TEST_STEP][PASSED] - if (getText().equals(Baslik)): null

2021-10-21 14:40:08 - [TEST_STEP][PASSED] - build().perform(): null

2021-10-21 14:40:09 - [TEST_STEP][PASSED] - if (getText().equals(Baslik)): null

2021-10-21 14:40:09 - [TEST_STEP][PASSED] - build().perform(): null

2021-10-21 14:40:09 - [TEST_STEP][PASSED] - if (getText().equals(Baslik)): null

2021-10-21 14:40:09 - [TEST_STEP][PASSED] - build().perform(): null

2021-10-21 14:40:09 - [TEST_STEP][PASSED] - if (getText().equals(Baslik)): null

2021-10-21 14:40:09 - [TEST_STEP][PASSED] - build().perform(): null

2021-10-21 14:40:09 - [TEST_STEP][PASSED] - if (getText().equals(Baslik)): null

2021-10-21 14:40:09 - [TEST_STEP][PASSED] - build().perform(): null

2021-10-21 14:40:09 - [TEST_STEP][PASSED] - if (getText().equals(Baslik)): null

2021-10-21 14:40:09 - [TEST_STEP][PASSED] - build().perform(): null

2021-10-21 14:40:10 - [TEST_STEP][PASSED] - if (getText().equals(Baslik)): null

2021-10-21 14:40:10 - [TEST_STEP][PASSED] - build().perform(): null

2021-10-21 14:40:10 - [TEST_STEP][PASSED] - if (getText().equals(Baslik)): null

2021-10-21 14:40:10 - [TEST_STEP][PASSED] - build().perform(): null

2021-10-21 14:40:10 - [TEST_STEP][PASSED] - if (getText().equals(Baslik)): null

2021-10-21 14:40:10 - [TEST_STEP][PASSED] - build().perform(): null

2021-10-21 14:40:10 - [TEST_STEP][PASSED] - if (getText().equals(Baslik)): null

2021-10-21 14:40:10 - [TEST_STEP][PASSED] - build().perform(): null

2021-10-21 14:40:10 - [TEST_STEP][PASSED] - if (getText().equals(Baslik)): null

2021-10-21 14:40:10 - [TEST_STEP][PASSED] - build().perform(): null

2021-10-21 14:40:10 - [TEST_STEP][PASSED] - if (getText().equals(Baslik)): null

2021-10-21 14:40:10 - [TEST_STEP][PASSED] - build().perform(): null

2021-10-21 14:40:11 - [TEST_STEP][PASSED] - if (getText().equals(Baslik)): null

2021-10-21 14:40:11 - [TEST_STEP][PASSED] - build().perform(): null

2021-10-21 14:40:11 - [TEST_STEP][PASSED] - if (getText().equals(Baslik)): null

2021-10-21 14:40:11 - [TEST_STEP][PASSED] - build().perform(): null

2021-10-21 14:40:11 - [TEST_STEP][PASSED] - if (getText().equals(Baslik)): null

2021-10-21 14:40:11 - [TEST_STEP][PASSED] - build().perform(): null

2021-10-21 14:40:11 - [TEST_STEP][PASSED] - if (getText().equals(Baslik)): null

2021-10-21 14:40:11 - [TEST_STEP][PASSED] - baslikElement = element.findElement(By.xpath("../../../..")): Smart Wait Function is triggered

2021-10-21 14:40:11 - [MESSAGE][INFO] - Smart Wait Function is triggered

2021-10-21 14:40:12 - [TEST_STEP][PASSED] - attr = baslikElement.getAttribute("id"): null

2021-10-21 14:40:12 - [TEST_STEP][PASSED] - println("girdi ve idsini aldı = " + attr): null

2021-10-21 14:40:12 - [TEST_STEP][PASSED] - break: null

2021-10-21 14:40:12 - [TEST_STEP][PASSED] - countElement = baslikElement.findElements(By.xpath("../td")): Smart Wait Function is triggered

2021-10-21 14:40:12 - [MESSAGE][INFO] - Smart Wait Function is triggered

2021-10-21 14:40:12 - [TEST_STEP][PASSED] - for (def element : countElement): null

2021-10-21 14:40:12 - [TEST_STEP][PASSED] - if (toString().equals(attr.toString())): null

2021-10-21 14:40:12 - [TEST_STEP][PASSED] - (a++): null

2021-10-21 14:40:12 - [TEST_STEP][PASSED] - if (toString().equals(attr.toString())): null

2021-10-21 14:40:12 - [TEST_STEP][PASSED] - (a++): null

2021-10-21 14:40:12 - [TEST_STEP][PASSED] - if (toString().equals(attr.toString())): null

2021-10-21 14:40:12 - [TEST_STEP][PASSED] - (a++): null

2021-10-21 14:40:12 - [TEST_STEP][PASSED] - if (toString().equals(attr.toString())): null

2021-10-21 14:40:12 - [TEST_STEP][PASSED] - (a++): null

2021-10-21 14:40:12 - [TEST_STEP][PASSED] - if (toString().equals(attr.toString())): null

2021-10-21 14:40:12 - [TEST_STEP][PASSED] - (a++): null

2021-10-21 14:40:12 - [TEST_STEP][PASSED] - if (toString().equals(attr.toString())): null

2021-10-21 14:40:12 - [TEST_STEP][PASSED] - (a++): null

2021-10-21 14:40:12 - [TEST_STEP][PASSED] - if (toString().equals(attr.toString())): null

2021-10-21 14:40:12 - [TEST_STEP][PASSED] - (a++): null

2021-10-21 14:40:12 - [TEST_STEP][PASSED] - if (toString().equals(attr.toString())): null

2021-10-21 14:40:12 - [TEST_STEP][PASSED] - (a++): null

2021-10-21 14:40:12 - [TEST_STEP][PASSED] - if (toString().equals(attr.toString())): null

2021-10-21 14:40:12 - [TEST_STEP][PASSED] - (a++): null

2021-10-21 14:40:12 - [TEST_STEP][PASSED] - if (toString().equals(attr.toString())): null

2021-10-21 14:40:12 - [TEST_STEP][PASSED] - (a++): null

2021-10-21 14:40:12 - [TEST_STEP][PASSED] - if (toString().equals(attr.toString())): null

2021-10-21 14:40:12 - [TEST_STEP][PASSED] - (a++): null

2021-10-21 14:40:12 - [TEST_STEP][PASSED] - if (toString().equals(attr.toString())): null

2021-10-21 14:40:12 - [TEST_STEP][PASSED] - (a++): null

2021-10-21 14:40:12 - [TEST_STEP][PASSED] - if (toString().equals(attr.toString())): null

2021-10-21 14:40:12 - [TEST_STEP][PASSED] - (a++): null

2021-10-21 14:40:12 - [TEST_STEP][PASSED] - if (toString().equals(attr.toString())): null

2021-10-21 14:40:12 - [TEST_STEP][PASSED] - (a++): null

2021-10-21 14:40:12 - [TEST_STEP][PASSED] - if (toString().equals(attr.toString())): null

2021-10-21 14:40:12 - [TEST_STEP][PASSED] - (a++): null

2021-10-21 14:40:12 - [TEST_STEP][PASSED] - if (toString().equals(attr.toString())): null

2021-10-21 14:40:12 - [TEST_STEP][PASSED] - (a++): null

2021-10-21 14:40:12 - [TEST_STEP][PASSED] - if (toString().equals(attr.toString())): null

2021-10-21 14:40:12 - [TEST_STEP][PASSED] - break: null

2021-10-21 14:40:12 - [TEST_STEP][PASSED] - son = findWebElement(findTestObject("Object Repository/Olusturma/Genel/Olusturma/EklenenSatir")).findElement(By.xpath("td[@class='dxgvInlineEditCell_LECustomTheme dxgv'][" + a + "]//td[@class='dxic']/input")): Smart Wait Function is triggered

2021-10-21 14:40:12 - [MESSAGE][INFO] - Finding Test Object 'Object Repository/Olusturma/Genel/Olusturma/EklenenSatir'

2021-10-21 14:40:12 - [MESSAGE][INFO] - Finding web element from Test Object's properties

2021-10-21 14:40:12 - [MESSAGE][INFO] - Checking timeout

2021-10-21 14:40:12 - [MESSAGE][INFO] - Finding web element with id: 'Object Repository/Olusturma/Genel/Olusturma/EklenenSatir' located by 'By.cssSelector: #divmalhizmet .dxgvInlineEditRow_LECustomTheme' in '30' second(s)

2021-10-21 14:40:12 - [MESSAGE][INFO] - Smart Wait Function is triggered

2021-10-21 14:40:13 - [MESSAGE][INFO] - Found 1 web elements with id: 'Object Repository/Olusturma/Genel/Olusturma/EklenenSatir' located by 'By.cssSelector: #divmalhizmet .dxgvInlineEditRow_LECustomTheme' in '30' second(s)

2021-10-21 14:40:13 - [MESSAGE][INFO] - Smart Wait Function is triggered

2021-10-21 14:40:13 - [TEST_STEP][PASSED] - if (!(getAttribute("value").contains("Vkn"))): null

2021-10-21 14:40:13 - [TEST_STEP][PASSED] - son.clear(): null

2021-10-21 14:40:13 - [TEST_STEP][PASSED] - son.sendKeys(Deger): null

2021-10-21 14:40:13 - [MESSAGE][PASSED] - Call Test Case 'Test Cases/Olusturma/Genel/Olusturma' successfully

2021-10-21 14:40:13 - [MESSAGE][INFO] - Checking called Test Case

2021-10-21 14:40:13 - [MESSAGE][INFO] - Starting to call Test Case 'Test Cases/Olusturma/Genel/NotGirilir'

2021-10-21 14:40:13 - [TEST_CASE][PASSED] - Test Cases/Olusturma/Genel/NotGirilir: Test Cases/Olusturma/Genel/NotGirilir

2021-10-21 14:40:13 - [TEST_STEP][PASSED] - i = 0: null

2021-10-21 14:40:13 - [TEST_STEP][PASSED] - waitForElementClickable(findTestObject("Olusturma/Genel/Not/Notlar"), 10): Object 'Object Repository/Olusturma/Genel/Not/Notlar' is clickable

2021-10-21 14:40:13 - [MESSAGE][INFO] - Finding Test Object 'Object Repository/Olusturma/Genel/Not/Notlar'

2021-10-21 14:40:13 - [MESSAGE][INFO] - Checking object

2021-10-21 14:40:13 - [MESSAGE][INFO] - Checking timeout

2021-10-21 14:40:13 - [MESSAGE][INFO] - Finding web element from Test Object's properties

2021-10-21 14:40:13 - [MESSAGE][INFO] - Checking timeout

2021-10-21 14:40:13 - [MESSAGE][INFO] - Finding web element with id: 'Object Repository/Olusturma/Genel/Not/Notlar' located by 'By.xpath: //*[@id = 'txtNote_I']' in '10' second(s)

2021-10-21 14:40:13 - [MESSAGE][INFO] - Smart Wait Function is triggered

2021-10-21 14:40:14 - [MESSAGE][INFO] - Found 1 web elements with id: 'Object Repository/Olusturma/Genel/Not/Notlar' located by 'By.xpath: //*[@id = 'txtNote_I']' in '10' second(s)

2021-10-21 14:40:14 - [MESSAGE][PASSED] - Object 'Object Repository/Olusturma/Genel/Not/Notlar' is clickable

2021-10-21 14:40:14 - [TEST_STEP][PASSED] - clearText(findTestObject("Olusturma/Genel/Not/Notlar")): Text of object 'Object Repository/Olusturma/Genel/Not/Notlar' is cleared

2021-10-21 14:40:14 - [MESSAGE][INFO] - Finding Test Object 'Object Repository/Olusturma/Genel/Not/Notlar'

2021-10-21 14:40:14 - [MESSAGE][INFO] - Checking object

2021-10-21 14:40:14 - [MESSAGE][INFO] - Finding web element from Test Object's properties

2021-10-21 14:40:14 - [MESSAGE][INFO] - Checking timeout

2021-10-21 14:40:14 - [MESSAGE][INFO] - Finding web element with id: 'Object Repository/Olusturma/Genel/Not/Notlar' located by 'By.xpath: //*[@id = 'txtNote_I']' in '30' second(s)

2021-10-21 14:40:14 - [MESSAGE][INFO] - Smart Wait Function is triggered

2021-10-21 14:40:14 - [MESSAGE][INFO] - Found 1 web elements with id: 'Object Repository/Olusturma/Genel/Not/Notlar' located by 'By.xpath: //*[@id = 'txtNote_I']' in '30' second(s)

2021-10-21 14:40:14 - [MESSAGE][INFO] - Clearing text of object 'Object Repository/Olusturma/Genel/Not/Notlar'

2021-10-21 14:40:14 - [MESSAGE][PASSED] - Text of object 'Object Repository/Olusturma/Genel/Not/Notlar' is cleared

2021-10-21 14:40:14 - [TEST_STEP][PASSED] - click(findTestObject("Olusturma/Genel/Not/Notlar")): Object: 'Object Repository/Olusturma/Genel/Not/Notlar' is clicked on

2021-10-21 14:40:14 - [MESSAGE][INFO] - Finding Test Object 'Object Repository/Olusturma/Genel/Not/Notlar'

2021-10-21 14:40:14 - [MESSAGE][INFO] - Checking object

2021-10-21 14:40:14 - [MESSAGE][INFO] - Finding web element from Test Object's properties

2021-10-21 14:40:14 - [MESSAGE][INFO] - Checking timeout

2021-10-21 14:40:14 - [MESSAGE][INFO] - Finding web element with id: 'Object Repository/Olusturma/Genel/Not/Notlar' located by 'By.xpath: //*[@id = 'txtNote_I']' in '30' second(s)

2021-10-21 14:40:14 - [MESSAGE][INFO] - Smart Wait Function is triggered

2021-10-21 14:40:15 - [MESSAGE][INFO] - Found 1 web elements with id: 'Object Repository/Olusturma/Genel/Not/Notlar' located by 'By.xpath: //*[@id = 'txtNote_I']' in '30' second(s)

2021-10-21 14:40:15 - [MESSAGE][INFO] - Clicking on object: 'Object Repository/Olusturma/Genel/Not/Notlar'

2021-10-21 14:40:15 - [MESSAGE][PASSED] - Object: 'Object Repository/Olusturma/Genel/Not/Notlar' is clicked on

2021-10-21 14:40:15 - [TEST_STEP][PASSED] - while (true): null

2021-10-21 14:40:15 - [TEST_STEP][PASSED] - delay(1): Delayed 1 second(s)

2021-10-21 14:40:15 - [MESSAGE][INFO] - Delaying browser in 1 second(s)

2021-10-21 14:40:16 - [MESSAGE][PASSED] - Delayed 1 second(s)

2021-10-21 14:40:16 - [TEST_STEP][PASSED] - ajaxIsComplete = executeJavaScript("return jQuery.active == 0", null): Execute JavaScript 'return jQuery.active == 0' successfully

2021-10-21 14:40:16 - [MESSAGE][PASSED] - Execute JavaScript 'return jQuery.active == 0' successfully

2021-10-21 14:40:16 - [TEST_STEP][PASSED] - if (ajaxIsComplete): null

2021-10-21 14:40:16 - [TEST_STEP][PASSED] - if (i > 10): null

2021-10-21 14:40:16 - [TEST_STEP][PASSED] - (i++): null

2021-10-21 14:40:16 - [TEST_STEP][PASSED] - delay(1): Delayed 1 second(s)

2021-10-21 14:40:16 - [MESSAGE][INFO] - Delaying browser in 1 second(s)

2021-10-21 14:40:17 - [MESSAGE][PASSED] - Delayed 1 second(s)

2021-10-21 14:40:17 - [TEST_STEP][PASSED] - ajaxIsComplete = executeJavaScript("return jQuery.active == 0", null): Execute JavaScript 'return jQuery.active == 0' successfully

2021-10-21 14:40:17 - [MESSAGE][PASSED] - Execute JavaScript 'return jQuery.active == 0' successfully

2021-10-21 14:40:17 - [TEST_STEP][PASSED] - if (ajaxIsComplete): null

2021-10-21 14:40:17 - [TEST_STEP][PASSED] - break: null

2021-10-21 14:40:17 - [TEST_STEP][PASSED] - sendKeys(findTestObject("Olusturma/Genel/Not/Notlar"), Not): Keys 'Otomasyon Not' sent to object: 'Object Repository/Olusturma/Genel/Not/Notlar'

2021-10-21 14:40:17 - [MESSAGE][INFO] - Finding Test Object 'Object Repository/Olusturma/Genel/Not/Notlar'

2021-10-21 14:40:17 - [MESSAGE][INFO] - Sending keys 'Otomasyon Not' to object: 'Object Repository/Olusturma/Genel/Not/Notlar'

2021-10-21 14:40:17 - [MESSAGE][INFO] - Finding web element from Test Object's properties

2021-10-21 14:40:17 - [MESSAGE][INFO] - Checking timeout

2021-10-21 14:40:17 - [MESSAGE][INFO] - Finding web element with id: 'Object Repository/Olusturma/Genel/Not/Notlar' located by 'By.xpath: //*[@id = 'txtNote_I']' in '30' second(s)

2021-10-21 14:40:17 - [MESSAGE][INFO] - Smart Wait Function is triggered

2021-10-21 14:40:18 - [MESSAGE][INFO] - Found 1 web elements with id: 'Object Repository/Olusturma/Genel/Not/Notlar' located by 'By.xpath: //*[@id = 'txtNote_I']' in '30' second(s)

2021-10-21 14:40:18 - [MESSAGE][PASSED] - Keys 'Otomasyon Not' sent to object: 'Object Repository/Olusturma/Genel/Not/Notlar'

2021-10-21 14:40:18 - [MESSAGE][PASSED] - Call Test Case 'Test Cases/Olusturma/Genel/NotGirilir' successfully

2021-10-21 14:40:18 - [MESSAGE][INFO] - Checking called Test Case

2021-10-21 14:40:18 - [MESSAGE][INFO] - Starting to call Test Case 'Test Cases/Olusturma/Genel/EttnBilgisiKayitEdilir'

2021-10-21 14:40:18 - [TEST_CASE][PASSED] - Test Cases/Olusturma/Genel/EttnBilgisiKayitEdilir: Test Cases/Olusturma/Genel/EttnBilgisiKayitEdilir

2021-10-21 14:40:18 - [TEST_STEP][PASSED] - verifyElementPresent(findTestObject("Object Repository/Olusturma/Genel/Olusturma/eArsivEttnBilgisi"), 7): Object 'Object Repository/Olusturma/Genel/Olusturma/eArsivEttnBilgisi' is present

2021-10-21 14:40:18 - [MESSAGE][INFO] - Finding Test Object 'Object Repository/Olusturma/Genel/Olusturma/eArsivEttnBilgisi'

2021-10-21 14:40:18 - [MESSAGE][INFO] - Checking object

2021-10-21 14:40:18 - [MESSAGE][INFO] - Finding web element from Test Object's properties

2021-10-21 14:40:18 - [MESSAGE][INFO] - Checking timeout

2021-10-21 14:40:18 - [MESSAGE][INFO] - Finding web element with id: 'Object Repository/Olusturma/Genel/Olusturma/eArsivEttnBilgisi' located by 'By.xpath: //*[@id = 'Uuid_I']' in '7' second(s)

2021-10-21 14:40:18 - [MESSAGE][INFO] - Smart Wait Function is triggered

2021-10-21 14:40:18 - [MESSAGE][INFO] - Found 1 web elements with id: 'Object Repository/Olusturma/Genel/Olusturma/eArsivEttnBilgisi' located by 'By.xpath: //*[@id = 'Uuid_I']' in '7' second(s)

2021-10-21 14:40:18 - [MESSAGE][PASSED] - Object 'Object Repository/Olusturma/Genel/Olusturma/eArsivEttnBilgisi' is present

2021-10-21 14:40:18 - [TEST_STEP][PASSED] - ettn = getAttribute(findTestObject("Object Repository/Olusturma/Genel/Olusturma/eArsivEttnBilgisi"), "value"): Attribute 'value' of object 'Object Repository/Olusturma/Genel/Olusturma/eArsivEttnBilgisi' is: '30d40892-e48d-4184-8f7e-28fcbbf6de3e'

2021-10-21 14:40:18 - [MESSAGE][INFO] - Finding Test Object 'Object Repository/Olusturma/Genel/Olusturma/eArsivEttnBilgisi'

2021-10-21 14:40:19 - [MESSAGE][INFO] - Checking object

2021-10-21 14:40:19 - [MESSAGE][INFO] - Checking attribute

2021-10-21 14:40:19 - [MESSAGE][INFO] - Finding web element from Test Object's properties

2021-10-21 14:40:19 - [MESSAGE][INFO] - Checking timeout

2021-10-21 14:40:19 - [MESSAGE][INFO] - Finding web element with id: 'Object Repository/Olusturma/Genel/Olusturma/eArsivEttnBilgisi' located by 'By.xpath: //*[@id = 'Uuid_I']' in '30' second(s)

2021-10-21 14:40:19 - [MESSAGE][INFO] - Smart Wait Function is triggered

2021-10-21 14:40:19 - [MESSAGE][INFO] - Found 1 web elements with id: 'Object Repository/Olusturma/Genel/Olusturma/eArsivEttnBilgisi' located by 'By.xpath: //*[@id = 'Uuid_I']' in '30' second(s)

2021-10-21 14:40:19 - [MESSAGE][INFO] - Getting attribute 'value' of object 'Object Repository/Olusturma/Genel/Olusturma/eArsivEttnBilgisi'

2021-10-21 14:40:19 - [MESSAGE][PASSED] - Attribute 'value' of object 'Object Repository/Olusturma/Genel/Olusturma/eArsivEttnBilgisi' is: '30d40892-e48d-4184-8f7e-28fcbbf6de3e'

2021-10-21 14:40:19 - [MESSAGE][PASSED] - Call Test Case 'Test Cases/Olusturma/Genel/EttnBilgisiKayitEdilir' successfully

2021-10-21 14:40:19 - [MESSAGE][INFO] - Checking called Test Case

2021-10-21 14:40:19 - [MESSAGE][INFO] - Starting to call Test Case 'Test Cases/Olusturma/Genel/KaydetButonunaTiklanir'

2021-10-21 14:40:19 - [TEST_CASE][PASSED] - Test Cases/Olusturma/Genel/KaydetButonunaTiklanir: Test Cases/Olusturma/Genel/KaydetButonunaTiklanir

2021-10-21 14:40:19 - [TEST_STEP][PASSED] - i = 0: null

2021-10-21 14:40:19 - [TEST_STEP][PASSED] - waitForElementPresent(findTestObject("Olusturma/Genel/Not/Notlar"), 10): Object 'Object Repository/Olusturma/Genel/Not/Notlar' is present

2021-10-21 14:40:19 - [MESSAGE][INFO] - Finding Test Object 'Object Repository/Olusturma/Genel/Not/Notlar'

2021-10-21 14:40:19 - [MESSAGE][INFO] - Checking object

2021-10-21 14:40:19 - [MESSAGE][INFO] - Finding web element from Test Object's properties

2021-10-21 14:40:19 - [MESSAGE][INFO] - Checking timeout

2021-10-21 14:40:19 - [MESSAGE][INFO] - Finding web element with id: 'Object Repository/Olusturma/Genel/Not/Notlar' located by 'By.xpath: //*[@id = 'txtNote_I']' in '10' second(s)

2021-10-21 14:40:19 - [MESSAGE][INFO] - Smart Wait Function is triggered

2021-10-21 14:40:19 - [MESSAGE][INFO] - Found 1 web elements with id: 'Object Repository/Olusturma/Genel/Not/Notlar' located by 'By.xpath: //*[@id = 'txtNote_I']' in '10' second(s)

2021-10-21 14:40:19 - [MESSAGE][PASSED] - Object 'Object Repository/Olusturma/Genel/Not/Notlar' is present

2021-10-21 14:40:19 - [TEST_STEP][PASSED] - click(findTestObject("Olusturma/Genel/Not/Notlar")): Object: 'Object Repository/Olusturma/Genel/Not/Notlar' is clicked on

2021-10-21 14:40:19 - [MESSAGE][INFO] - Finding Test Object 'Object Repository/Olusturma/Genel/Not/Notlar'

2021-10-21 14:40:19 - [MESSAGE][INFO] - Checking object

2021-10-21 14:40:19 - [MESSAGE][INFO] - Finding web element from Test Object's properties

2021-10-21 14:40:19 - [MESSAGE][INFO] - Checking timeout

2021-10-21 14:40:19 - [MESSAGE][INFO] - Finding web element with id: 'Object Repository/Olusturma/Genel/Not/Notlar' located by 'By.xpath: //*[@id = 'txtNote_I']' in '30' second(s)

2021-10-21 14:40:19 - [MESSAGE][INFO] - Smart Wait Function is triggered

2021-10-21 14:40:20 - [MESSAGE][INFO] - Found 1 web elements with id: 'Object Repository/Olusturma/Genel/Not/Notlar' located by 'By.xpath: //*[@id = 'txtNote_I']' in '30' second(s)

2021-10-21 14:40:20 - [MESSAGE][INFO] - Clicking on object: 'Object Repository/Olusturma/Genel/Not/Notlar'

2021-10-21 14:40:20 - [MESSAGE][PASSED] - Object: 'Object Repository/Olusturma/Genel/Not/Notlar' is clicked on

2021-10-21 14:40:20 - [TEST_STEP][PASSED] - while (true): null

2021-10-21 14:40:20 - [TEST_STEP][PASSED] - delay(1): Delayed 1 second(s)

2021-10-21 14:40:20 - [MESSAGE][INFO] - Delaying browser in 1 second(s)

2021-10-21 14:40:21 - [MESSAGE][PASSED] - Delayed 1 second(s)

2021-10-21 14:40:21 - [TEST_STEP][PASSED] - ajaxIsComplete = executeJavaScript("return jQuery.active == 0", null): Execute JavaScript 'return jQuery.active == 0' successfully

2021-10-21 14:40:21 - [MESSAGE][PASSED] - Execute JavaScript 'return jQuery.active == 0' successfully

2021-10-21 14:40:21 - [TEST_STEP][PASSED] - if (ajaxIsComplete): null

2021-10-21 14:40:21 - [TEST_STEP][PASSED] - break: null

2021-10-21 14:40:21 - [TEST_STEP][PASSED] - waitForElementClickable(findTestObject("Object Repository/Olusturma/Genel/Buton"), 10): Object 'Object Repository/Olusturma/Genel/Buton' is clickable

2021-10-21 14:40:21 - [MESSAGE][INFO] - Finding Test Object 'Object Repository/Olusturma/Genel/Buton'

2021-10-21 14:40:21 - [MESSAGE][INFO] - Checking object

2021-10-21 14:40:21 - [MESSAGE][INFO] - Checking timeout

2021-10-21 14:40:21 - [MESSAGE][INFO] - Finding web element from Test Object's properties

2021-10-21 14:40:21 - [MESSAGE][INFO] - Checking timeout

2021-10-21 14:40:21 - [MESSAGE][INFO] - Finding web element with id: 'Object Repository/Olusturma/Genel/Buton' located by 'By.xpath: //*[@id = 'btnKaydet']' in '10' second(s)

2021-10-21 14:40:21 - [MESSAGE][INFO] - Smart Wait Function is triggered

2021-10-21 14:40:21 - [MESSAGE][INFO] - Found 1 web elements with id: 'Object Repository/Olusturma/Genel/Buton' located by 'By.xpath: //*[@id = 'btnKaydet']' in '10' second(s)

2021-10-21 14:40:21 - [MESSAGE][PASSED] - Object 'Object Repository/Olusturma/Genel/Buton' is clickable

2021-10-21 14:40:21 - [TEST_STEP][PASSED] - click(findTestObject("Object Repository/Olusturma/Genel/Buton")): Object: 'Object Repository/Olusturma/Genel/Buton' is clicked on

2021-10-21 14:40:21 - [MESSAGE][INFO] - Finding Test Object 'Object Repository/Olusturma/Genel/Buton'

2021-10-21 14:40:21 - [MESSAGE][INFO] - Checking object

2021-10-21 14:40:21 - [MESSAGE][INFO] - Finding web element from Test Object's properties

2021-10-21 14:40:21 - [MESSAGE][INFO] - Checking timeout

2021-10-21 14:40:21 - [MESSAGE][INFO] - Finding web element with id: 'Object Repository/Olusturma/Genel/Buton' located by 'By.xpath: //*[@id = 'btnKaydet']' in '30' second(s)

2021-10-21 14:40:21 - [MESSAGE][INFO] - Smart Wait Function is triggered

2021-10-21 14:40:22 - [MESSAGE][INFO] - Found 1 web elements with id: 'Object Repository/Olusturma/Genel/Buton' located by 'By.xpath: //*[@id = 'btnKaydet']' in '30' second(s)

2021-10-21 14:40:22 - [MESSAGE][INFO] - Clicking on object: 'Object Repository/Olusturma/Genel/Buton'

2021-10-21 14:40:24 - [MESSAGE][PASSED] - Object: 'Object Repository/Olusturma/Genel/Buton' is clicked on

2021-10-21 14:40:24 - [MESSAGE][PASSED] - Call Test Case 'Test Cases/Olusturma/Genel/KaydetButonunaTiklanir' successfully

2021-10-21 14:40:24 - [MESSAGE][INFO] - Checking called Test Case

2021-10-21 14:40:24 - [MESSAGE][INFO] - Starting to call Test Case 'Test Cases/Tablo/TablodaEttnliVeriOlusturulduMu'

2021-10-21 14:40:24 - [TEST_CASE][PASSED] - Test Cases/Tablo/TablodaEttnliVeriOlusturulduMu: Test Cases/Tablo/TablodaEttnliVeriOlusturulduMu

2021-10-21 14:40:24 - [TEST_STEP][PASSED] - Method.TextDegerineEsitElementVarMi(findTestObject("Tablo/OlusturulanVeri"), ettn): Method.TextDegerineEsitElementVarMi is PASSED

2021-10-21 14:40:24 - [MESSAGE][INFO] - Finding Test Object 'Object Repository/Tablo/OlusturulanVeri'

2021-10-21 14:40:25 - [MESSAGE][INFO] - Checking timeout

2021-10-21 14:40:25 - [MESSAGE][INFO] - Finding web element with id: 'Object Repository/Tablo/OlusturulanVeri' located by 'By.cssSelector: table.dxgvTable_LECustomTheme>tbody>tr:nth-child(3)>td.dxgv b,table.dxgvTable_LECustomTheme>tbody>tr:nth-child(3)>td.dxgv' in '10' second(s)

2021-10-21 14:40:25 - [MESSAGE][INFO] - Smart Wait Function is triggered

2021-10-21 14:40:25 - [MESSAGE][INFO] - Found 14 web elements with id: 'Object Repository/Tablo/OlusturulanVeri' located by 'By.cssSelector: table.dxgvTable_LECustomTheme>tbody>tr:nth-child(3)>td.dxgv b,table.dxgvTable_LECustomTheme>tbody>tr:nth-child(3)>td.dxgv' in '10' second(s)

2021-10-21 14:40:25 - [MESSAGE][PASSED] - Method.TextDegerineEsitElementVarMi is PASSED

2021-10-21 14:40:25 - [MESSAGE][PASSED] - Call Test Case 'Test Cases/Tablo/TablodaEttnliVeriOlusturulduMu' successfully

2021-10-21 14:40:25 - [MESSAGE][INFO] - Checking called Test Case

2021-10-21 14:40:25 - [MESSAGE][INFO] - Starting to call Test Case 'Test Cases/Tablo/TablodanEttnliVeriSec'

2021-10-21 14:40:25 - [TEST_CASE][PASSED] - Test Cases/Tablo/TablodanEttnliVeriSec: Test Cases/Tablo/TablodanEttnliVeriSec

2021-10-21 14:40:25 - [TEST_STEP][PASSED] - Method.TextDegerineEsitElementinAltindakineTikla(findTestObject("Tablo/Veriler"), findTestObject("Tablo/VerininCheckBoxi"), ettn): Method.TextDegerineEsitElementinAltindakineTikla is PASSED

2021-10-21 14:40:25 - [MESSAGE][INFO] - Finding Test Object 'Object Repository/Tablo/Veriler'

2021-10-21 14:40:25 - [MESSAGE][INFO] - Finding Test Object 'Object Repository/Tablo/VerininCheckBoxi'

2021-10-21 14:40:26 - [MESSAGE][INFO] - Checking timeout

2021-10-21 14:40:26 - [MESSAGE][INFO] - Finding web element with id: 'Object Repository/Tablo/Veriler' located by 'By.cssSelector: td.dxgv b ,td.dxgv' in '10' second(s)

2021-10-21 14:40:26 - [MESSAGE][INFO] - Smart Wait Function is triggered

2021-10-21 14:40:26 - [MESSAGE][INFO] - Found 70 web elements with id: 'Object Repository/Tablo/Veriler' located by 'By.cssSelector: td.dxgv b ,td.dxgv' in '10' second(s)

2021-10-21 14:40:26 - [MESSAGE][INFO] - Smart Wait Function is triggered

2021-10-21 14:40:26 - [MESSAGE][PASSED] - Method.TextDegerineEsitElementinAltindakineTikla is PASSED

2021-10-21 14:40:26 - [MESSAGE][PASSED] - Call Test Case 'Test Cases/Tablo/TablodanEttnliVeriSec' successfully

2021-10-21 14:40:26 - [MESSAGE][INFO] - Checking called Test Case

2021-10-21 14:40:26 - [MESSAGE][INFO] - Starting to call Test Case 'Test Cases/Butonlar/ButonaTikla'

2021-10-21 14:40:26 - [TEST_CASE][PASSED] - Test Cases/Butonlar/ButonaTikla: Test Cases/Butonlar/ButonaTikla

2021-10-21 14:40:26 - [TEST_STEP][PASSED] - Method.TextDegerineEsitElementeTiklaEquals(findTestObject("Butonlar/Butonlar"), Buton_Adi): Method.TextDegerineEsitElementeTiklaEquals is PASSED

2021-10-21 14:40:26 - [MESSAGE][INFO] - Finding Test Object 'Object Repository/Butonlar/Butonlar'

2021-10-21 14:40:26 - [MESSAGE][INFO] - Checking timeout

2021-10-21 14:40:26 - [MESSAGE][INFO] - Finding web element with id: 'Object Repository/Butonlar/Butonlar' located by 'By.cssSelector: .panel.panel-default.text-center.footerPanel .btn,.btn.btn-primary.btnControls' in '10' second(s)

2021-10-21 14:40:26 - [MESSAGE][INFO] - Smart Wait Function is triggered

2021-10-21 14:40:27 - [MESSAGE][INFO] - Found 10 web elements with id: 'Object Repository/Butonlar/Butonlar' located by 'By.cssSelector: .panel.panel-default.text-center.footerPanel .btn,.btn.btn-primary.btnControls' in '10' second(s)

2021-10-21 14:40:27 - [MESSAGE][PASSED] - Method.TextDegerineEsitElementeTiklaEquals is PASSED

2021-10-21 14:40:27 - [MESSAGE][PASSED] - Call Test Case 'Test Cases/Butonlar/ButonaTikla' successfully

2021-10-21 14:40:27 - [MESSAGE][INFO] - Checking called Test Case

2021-10-21 14:40:27 - [MESSAGE][INFO] - Starting to call Test Case 'Test Cases/Popup/PopupMesajiIceriyorMu'

2021-10-21 14:40:27 - [TEST_CASE][PASSED] - Test Cases/Popup/PopupMesajiIceriyorMu: Test Cases/Popup/PopupMesajiIceriyorMu

2021-10-21 14:40:27 - [TEST_STEP][PASSED] - waitForElementVisible(findTestObject("Popup/Popup"), 10): Object 'Object Repository/Popup/Popup' is visible

2021-10-21 14:40:27 - [MESSAGE][INFO] - Finding Test Object 'Object Repository/Popup/Popup'

2021-10-21 14:40:27 - [MESSAGE][INFO] - Checking object

2021-10-21 14:40:27 - [MESSAGE][INFO] - Checking timeout

2021-10-21 14:40:27 - [MESSAGE][INFO] - Finding web element from Test Object's properties

2021-10-21 14:40:27 - [MESSAGE][INFO] - Checking timeout

2021-10-21 14:40:27 - [MESSAGE][INFO] - Finding web element with id: 'Object Repository/Popup/Popup' located by 'By.cssSelector: .bootbox-body' in '10' second(s)

2021-10-21 14:40:27 - [MESSAGE][INFO] - Smart Wait Function is triggered

2021-10-21 14:40:28 - [MESSAGE][INFO] - Found 1 web elements with id: 'Object Repository/Popup/Popup' located by 'By.cssSelector: .bootbox-body' in '10' second(s)

2021-10-21 14:40:28 - [MESSAGE][PASSED] - Object 'Object Repository/Popup/Popup' is visible

2021-10-21 14:40:28 - [TEST_STEP][PASSED] - if (!(getText(findTestObject("Popup/Popup")).contains(Mesaj))): Text of object 'Object Repository/Popup/Popup' is: 'Oluşturulacak fatura numarası : EAR2021000000398 Fatura numarası oluşturulduktan sonra fatura silinemez. Fatura numarası, tarihi ve ön eki değiştirilemez. Devam etmek istiyor musunuz?'

2021-10-21 14:40:28 - [MESSAGE][INFO] - Finding Test Object 'Object Repository/Popup/Popup'

2021-10-21 14:40:28 - [MESSAGE][INFO] - Checking object

2021-10-21 14:40:28 - [MESSAGE][INFO] - Finding web element from Test Object's properties

2021-10-21 14:40:28 - [MESSAGE][INFO] - Checking timeout

2021-10-21 14:40:28 - [MESSAGE][INFO] - Finding web element with id: 'Object Repository/Popup/Popup' located by 'By.cssSelector: .bootbox-body' in '30' second(s)

2021-10-21 14:40:28 - [MESSAGE][INFO] - Smart Wait Function is triggered

2021-10-21 14:40:29 - [MESSAGE][INFO] - Found 1 web elements with id: 'Object Repository/Popup/Popup' located by 'By.cssSelector: .bootbox-body' in '30' second(s)

2021-10-21 14:40:29 - [MESSAGE][INFO] - Getting text of object 'Object Repository/Popup/Popup'

2021-10-21 14:40:29 - [MESSAGE][PASSED] - Text of object 'Object Repository/Popup/Popup' is: 'Oluşturulacak fatura numarası : EAR2021000000398 Fatura numarası oluşturulduktan sonra fatura silinemez. Fatura numarası, tarihi ve ön eki değiştirilemez. Devam etmek istiyor musunuz?'

2021-10-21 14:40:29 - [TEST_STEP][PASSED] - RaporNo = getText(findTestObject("Popup/Popup")).substring(0, 6): Text of object 'Object Repository/Popup/Popup' is: 'Oluşturulacak fatura numarası : EAR2021000000398 Fatura numarası oluşturulduktan sonra fatura silinemez. Fatura numarası, tarihi ve ön eki değiştirilemez. Devam etmek istiyor musunuz?'

2021-10-21 14:40:29 - [MESSAGE][INFO] - Finding Test Object 'Object Repository/Popup/Popup'

2021-10-21 14:40:29 - [MESSAGE][INFO] - Checking object

2021-10-21 14:40:29 - [MESSAGE][INFO] - Finding web element from Test Object's properties

2021-10-21 14:40:29 - [MESSAGE][INFO] - Checking timeout

2021-10-21 14:40:29 - [MESSAGE][INFO] - Finding web element with id: 'Object Repository/Popup/Popup' located by 'By.cssSelector: .bootbox-body' in '30' second(s)

2021-10-21 14:40:29 - [MESSAGE][INFO] - Smart Wait Function is triggered

2021-10-21 14:40:29 - [MESSAGE][INFO] - Found 1 web elements with id: 'Object Repository/Popup/Popup' located by 'By.cssSelector: .bootbox-body' in '30' second(s)

2021-10-21 14:40:29 - [MESSAGE][INFO] - Getting text of object 'Object Repository/Popup/Popup'

2021-10-21 14:40:29 - [MESSAGE][PASSED] - Text of object 'Object Repository/Popup/Popup' is: 'Oluşturulacak fatura numarası : EAR2021000000398 Fatura numarası oluşturulduktan sonra fatura silinemez. Fatura numarası, tarihi ve ön eki değiştirilemez. Devam etmek istiyor musunuz?'

2021-10-21 14:40:29 - [TEST_STEP][PASSED] - Console.println(RaporNo): null

2021-10-21 14:40:29 - [MESSAGE][PASSED] - Call Test Case 'Test Cases/Popup/PopupMesajiIceriyorMu' successfully

2021-10-21 14:40:29 - [MESSAGE][INFO] - Checking called Test Case

2021-10-21 14:40:29 - [MESSAGE][INFO] - Starting to call Test Case 'Test Cases/Popup/PopupButonSecilir'

2021-10-21 14:40:29 - [TEST_CASE][PASSED] - Test Cases/Popup/PopupButonSecilir: Test Cases/Popup/PopupButonSecilir

2021-10-21 14:40:29 - [TEST_STEP][PASSED] - Method.TextDegerineEsitElementeTikla(findTestObject("Popup/Popup_Butons"), Buton): Method.TextDegerineEsitElementeTikla is PASSED

2021-10-21 14:40:29 - [MESSAGE][INFO] - Finding Test Object 'Object Repository/Popup/Popup_Butons'

2021-10-21 14:40:29 - [MESSAGE][INFO] - Checking timeout

2021-10-21 14:40:29 - [MESSAGE][INFO] - Finding web element with id: 'Object Repository/Popup/Popup_Butons' located by 'By.cssSelector: .modal-footer>button' in '10' second(s)

2021-10-21 14:40:29 - [MESSAGE][INFO] - Smart Wait Function is triggered

2021-10-21 14:40:29 - [MESSAGE][INFO] - Found 2 web elements with id: 'Object Repository/Popup/Popup_Butons' located by 'By.cssSelector: .modal-footer>button' in '10' second(s)

2021-10-21 14:40:30 - [MESSAGE][PASSED] - Method.TextDegerineEsitElementeTikla is PASSED

2021-10-21 14:40:30 - [MESSAGE][PASSED] - Call Test Case 'Test Cases/Popup/PopupButonSecilir' successfully

2021-10-21 14:40:30 - [MESSAGE][INFO] - Checking called Test Case

2021-10-21 14:40:30 - [MESSAGE][INFO] - Starting to call Test Case 'Test Cases/Popup/PopupMesajiIceriyorMu'

2021-10-21 14:40:30 - [TEST_CASE][PASSED] - Test Cases/Popup/PopupMesajiIceriyorMu: Test Cases/Popup/PopupMesajiIceriyorMu

2021-10-21 14:40:30 - [TEST_STEP][PASSED] - waitForElementVisible(findTestObject("Popup/Popup"), 10): Object 'Object Repository/Popup/Popup' is visible

2021-10-21 14:40:30 - [MESSAGE][INFO] - Finding Test Object 'Object Repository/Popup/Popup'

2021-10-21 14:40:30 - [MESSAGE][INFO] - Checking object

2021-10-21 14:40:30 - [MESSAGE][INFO] - Checking timeout

2021-10-21 14:40:30 - [MESSAGE][INFO] - Finding web element from Test Object's properties

2021-10-21 14:40:30 - [MESSAGE][INFO] - Checking timeout

2021-10-21 14:40:30 - [MESSAGE][INFO] - Finding web element with id: 'Object Repository/Popup/Popup' located by 'By.cssSelector: .bootbox-body' in '10' second(s)

2021-10-21 14:40:30 - [MESSAGE][INFO] - Smart Wait Function is triggered

2021-10-21 14:40:30 - [MESSAGE][INFO] - Found 1 web elements with id: 'Object Repository/Popup/Popup' located by 'By.cssSelector: .bootbox-body' in '10' second(s)

2021-10-21 14:40:30 - [MESSAGE][PASSED] - Object 'Object Repository/Popup/Popup' is visible

2021-10-21 14:40:30 - [TEST_STEP][PASSED] - if (!(getText(findTestObject("Popup/Popup")).contains(Mesaj))): Text of object 'Object Repository/Popup/Popup' is: 'Fatura numaranız EAR2021000000398 olarak oluşmuştur.'

2021-10-21 14:40:30 - [MESSAGE][INFO] - Finding Test Object 'Object Repository/Popup/Popup'

2021-10-21 14:40:31 - [MESSAGE][INFO] - Checking object

2021-10-21 14:40:31 - [MESSAGE][INFO] - Finding web element from Test Object's properties

2021-10-21 14:40:31 - [MESSAGE][INFO] - Checking timeout

2021-10-21 14:40:31 - [MESSAGE][INFO] - Finding web element with id: 'Object Repository/Popup/Popup' located by 'By.cssSelector: .bootbox-body' in '30' second(s)

2021-10-21 14:40:31 - [MESSAGE][INFO] - Smart Wait Function is triggered

2021-10-21 14:40:31 - [MESSAGE][INFO] - Found 1 web elements with id: 'Object Repository/Popup/Popup' located by 'By.cssSelector: .bootbox-body' in '30' second(s)

2021-10-21 14:40:31 - [MESSAGE][INFO] - Getting text of object 'Object Repository/Popup/Popup'

2021-10-21 14:40:31 - [MESSAGE][PASSED] - Text of object 'Object Repository/Popup/Popup' is: 'Fatura numaranız EAR2021000000398 olarak oluşmuştur.'

2021-10-21 14:40:31 - [TEST_STEP][PASSED] - RaporNo = getText(findTestObject("Popup/Popup")).substring(0, 6): Text of object 'Object Repository/Popup/Popup' is: 'Fatura numaranız EAR2021000000398 olarak oluşmuştur.'

2021-10-21 14:40:31 - [MESSAGE][INFO] - Finding Test Object 'Object Repository/Popup/Popup'

2021-10-21 14:40:31 - [MESSAGE][INFO] - Checking object

2021-10-21 14:40:31 - [MESSAGE][INFO] - Finding web element from Test Object's properties

2021-10-21 14:40:31 - [MESSAGE][INFO] - Checking timeout

2021-10-21 14:40:31 - [MESSAGE][INFO] - Finding web element with id: 'Object Repository/Popup/Popup' located by 'By.cssSelector: .bootbox-body' in '30' second(s)

2021-10-21 14:40:31 - [MESSAGE][INFO] - Smart Wait Function is triggered

2021-10-21 14:40:31 - [MESSAGE][INFO] - Found 1 web elements with id: 'Object Repository/Popup/Popup' located by 'By.cssSelector: .bootbox-body' in '30' second(s)

2021-10-21 14:40:31 - [MESSAGE][INFO] - Getting text of object 'Object Repository/Popup/Popup'

2021-10-21 14:40:31 - [MESSAGE][PASSED] - Text of object 'Object Repository/Popup/Popup' is: 'Fatura numaranız EAR2021000000398 olarak oluşmuştur.'

2021-10-21 14:40:31 - [TEST_STEP][PASSED] - Console.println(RaporNo): null

2021-10-21 14:40:31 - [MESSAGE][PASSED] - Call Test Case 'Test Cases/Popup/PopupMesajiIceriyorMu' successfully

2021-10-21 14:40:31 - [MESSAGE][INFO] - Checking called Test Case

2021-10-21 14:40:31 - [MESSAGE][INFO] - Starting to call Test Case 'Test Cases/Popup/PopupButonSecilir'

2021-10-21 14:40:31 - [TEST_CASE][PASSED] - Test Cases/Popup/PopupButonSecilir: Test Cases/Popup/PopupButonSecilir

2021-10-21 14:40:31 - [TEST_STEP][PASSED] - Method.TextDegerineEsitElementeTikla(findTestObject("Popup/Popup_Butons"), Buton): Method.TextDegerineEsitElementeTikla is PASSED

2021-10-21 14:40:31 - [MESSAGE][INFO] - Finding Test Object 'Object Repository/Popup/Popup_Butons'

2021-10-21 14:40:31 - [MESSAGE][INFO] - Checking timeout

2021-10-21 14:40:31 - [MESSAGE][INFO] - Finding web element with id: 'Object Repository/Popup/Popup_Butons' located by 'By.cssSelector: .modal-footer>button' in '10' second(s)

2021-10-21 14:40:31 - [MESSAGE][INFO] - Smart Wait Function is triggered

2021-10-21 14:40:32 - [MESSAGE][INFO] - Found 1 web elements with id: 'Object Repository/Popup/Popup_Butons' located by 'By.cssSelector: .modal-footer>button' in '10' second(s)

2021-10-21 14:40:32 - [MESSAGE][PASSED] - Method.TextDegerineEsitElementeTikla is PASSED

2021-10-21 14:40:32 - [MESSAGE][PASSED] - Call Test Case 'Test Cases/Popup/PopupButonSecilir' successfully

2021-10-21 14:40:32 - [MESSAGE][INFO] - Checking called Test Case

2021-10-21 14:40:32 - [MESSAGE][INFO] - Starting to call Test Case 'Test Cases/Tablo/TablodanEttnliVeriSec'

2021-10-21 14:40:32 - [TEST_CASE][PASSED] - Test Cases/Tablo/TablodanEttnliVeriSec: Test Cases/Tablo/TablodanEttnliVeriSec

2021-10-21 14:40:32 - [TEST_STEP][PASSED] - Method.TextDegerineEsitElementinAltindakineTikla(findTestObject("Tablo/Veriler"), findTestObject("Tablo/VerininCheckBoxi"), ettn): Method.TextDegerineEsitElementinAltindakineTikla is PASSED

2021-10-21 14:40:32 - [MESSAGE][INFO] - Finding Test Object 'Object Repository/Tablo/Veriler'

2021-10-21 14:40:32 - [MESSAGE][INFO] - Finding Test Object 'Object Repository/Tablo/VerininCheckBoxi'

2021-10-21 14:40:32 - [MESSAGE][INFO] - Checking timeout

2021-10-21 14:40:32 - [MESSAGE][INFO] - Finding web element with id: 'Object Repository/Tablo/Veriler' located by 'By.cssSelector: td.dxgv b ,td.dxgv' in '10' second(s)

2021-10-21 14:40:32 - [MESSAGE][INFO] - Smart Wait Function is triggered

2021-10-21 14:40:33 - [MESSAGE][INFO] - Found 70 web elements with id: 'Object Repository/Tablo/Veriler' located by 'By.cssSelector: td.dxgv b ,td.dxgv' in '10' second(s)

2021-10-21 14:40:33 - [MESSAGE][INFO] - Smart Wait Function is triggered

2021-10-21 14:40:33 - [MESSAGE][PASSED] - Method.TextDegerineEsitElementinAltindakineTikla is PASSED

2021-10-21 14:40:33 - [MESSAGE][PASSED] - Call Test Case 'Test Cases/Tablo/TablodanEttnliVeriSec' successfully

2021-10-21 14:40:33 - [MESSAGE][INFO] - Checking called Test Case

2021-10-21 14:40:33 - [MESSAGE][INFO] - Starting to call Test Case 'Test Cases/Butonlar/ButonaTikla'

2021-10-21 14:40:33 - [TEST_CASE][PASSED] - Test Cases/Butonlar/ButonaTikla: Test Cases/Butonlar/ButonaTikla

2021-10-21 14:40:33 - [TEST_STEP][PASSED] - Method.TextDegerineEsitElementeTiklaEquals(findTestObject("Butonlar/Butonlar"), Buton_Adi): Method.TextDegerineEsitElementeTiklaEquals is PASSED

2021-10-21 14:40:33 - [MESSAGE][INFO] - Finding Test Object 'Object Repository/Butonlar/Butonlar'

2021-10-21 14:40:33 - [MESSAGE][INFO] - Checking timeout

2021-10-21 14:40:33 - [MESSAGE][INFO] - Finding web element with id: 'Object Repository/Butonlar/Butonlar' located by 'By.cssSelector: .panel.panel-default.text-center.footerPanel .btn,.btn.btn-primary.btnControls' in '10' second(s)

2021-10-21 14:40:33 - [MESSAGE][INFO] - Smart Wait Function is triggered

2021-10-21 14:40:33 - [MESSAGE][INFO] - Found 10 web elements with id: 'Object Repository/Butonlar/Butonlar' located by 'By.cssSelector: .panel.panel-default.text-center.footerPanel .btn,.btn.btn-primary.btnControls' in '10' second(s)

2021-10-21 14:40:34 - [MESSAGE][PASSED] - Method.TextDegerineEsitElementeTiklaEquals is PASSED

2021-10-21 14:40:34 - [MESSAGE][PASSED] - Call Test Case 'Test Cases/Butonlar/ButonaTikla' successfully

2021-10-21 14:40:34 - [MESSAGE][INFO] - Checking called Test Case

2021-10-21 14:40:34 - [MESSAGE][INFO] - Starting to call Test Case 'Test Cases/Popup/PopupMesajiIceriyorMu'

2021-10-21 14:40:34 - [TEST_CASE][PASSED] - Test Cases/Popup/PopupMesajiIceriyorMu: Test Cases/Popup/PopupMesajiIceriyorMu

2021-10-21 14:40:34 - [TEST_STEP][PASSED] - waitForElementVisible(findTestObject("Popup/Popup"), 10): Object 'Object Repository/Popup/Popup' is visible

2021-10-21 14:40:34 - [MESSAGE][INFO] - Finding Test Object 'Object Repository/Popup/Popup'

2021-10-21 14:40:34 - [MESSAGE][INFO] - Checking object

2021-10-21 14:40:34 - [MESSAGE][INFO] - Checking timeout

2021-10-21 14:40:34 - [MESSAGE][INFO] - Finding web element from Test Object's properties

2021-10-21 14:40:34 - [MESSAGE][INFO] - Checking timeout

2021-10-21 14:40:34 - [MESSAGE][INFO] - Finding web element with id: 'Object Repository/Popup/Popup' located by 'By.cssSelector: .bootbox-body' in '10' second(s)

2021-10-21 14:40:34 - [MESSAGE][INFO] - Smart Wait Function is triggered

2021-10-21 14:40:35 - [MESSAGE][INFO] - Found 1 web elements with id: 'Object Repository/Popup/Popup' located by 'By.cssSelector: .bootbox-body' in '10' second(s)

2021-10-21 14:40:35 - [MESSAGE][PASSED] - Object 'Object Repository/Popup/Popup' is visible

2021-10-21 14:40:35 - [TEST_STEP][PASSED] - if (!(getText(findTestObject("Popup/Popup")).contains(Mesaj))): Text of object 'Object Repository/Popup/Popup' is: 'Seçilen faturalarınız onaylanacaktır. Onaylanan faturalar üzerinde değişiklik yapılamaz. Devam etmek istiyor musunuz?'

2021-10-21 14:40:35 - [MESSAGE][INFO] - Finding Test Object 'Object Repository/Popup/Popup'

2021-10-21 14:40:35 - [MESSAGE][INFO] - Checking object

2021-10-21 14:40:35 - [MESSAGE][INFO] - Finding web element from Test Object's properties

2021-10-21 14:40:35 - [MESSAGE][INFO] - Checking timeout

2021-10-21 14:40:35 - [MESSAGE][INFO] - Finding web element with id: 'Object Repository/Popup/Popup' located by 'By.cssSelector: .bootbox-body' in '30' second(s)

2021-10-21 14:40:35 - [MESSAGE][INFO] - Smart Wait Function is triggered

2021-10-21 14:40:35 - [MESSAGE][INFO] - Found 1 web elements with id: 'Object Repository/Popup/Popup' located by 'By.cssSelector: .bootbox-body' in '30' second(s)

2021-10-21 14:40:35 - [MESSAGE][INFO] - Getting text of object 'Object Repository/Popup/Popup'

2021-10-21 14:40:35 - [MESSAGE][PASSED] - Text of object 'Object Repository/Popup/Popup' is: 'Seçilen faturalarınız onaylanacaktır. Onaylanan faturalar üzerinde değişiklik yapılamaz. Devam etmek istiyor musunuz?'

2021-10-21 14:40:35 - [TEST_STEP][PASSED] - RaporNo = getText(findTestObject("Popup/Popup")).substring(0, 6): Text of object 'Object Repository/Popup/Popup' is: 'Seçilen faturalarınız onaylanacaktır. Onaylanan faturalar üzerinde değişiklik yapılamaz. Devam etmek istiyor musunuz?'

2021-10-21 14:40:35 - [MESSAGE][INFO] - Finding Test Object 'Object Repository/Popup/Popup'

2021-10-21 14:40:35 - [MESSAGE][INFO] - Checking object

2021-10-21 14:40:35 - [MESSAGE][INFO] - Finding web element from Test Object's properties

2021-10-21 14:40:35 - [MESSAGE][INFO] - Checking timeout

2021-10-21 14:40:35 - [MESSAGE][INFO] - Finding web element with id: 'Object Repository/Popup/Popup' located by 'By.cssSelector: .bootbox-body' in '30' second(s)

2021-10-21 14:40:35 - [MESSAGE][INFO] - Smart Wait Function is triggered

2021-10-21 14:40:35 - [MESSAGE][INFO] - Found 1 web elements with id: 'Object Repository/Popup/Popup' located by 'By.cssSelector: .bootbox-body' in '30' second(s)

2021-10-21 14:40:35 - [MESSAGE][INFO] - Getting text of object 'Object Repository/Popup/Popup'

2021-10-21 14:40:35 - [MESSAGE][PASSED] - Text of object 'Object Repository/Popup/Popup' is: 'Seçilen faturalarınız onaylanacaktır. Onaylanan faturalar üzerinde değişiklik yapılamaz. Devam etmek istiyor musunuz?'

2021-10-21 14:40:35 - [TEST_STEP][PASSED] - Console.println(RaporNo): null

2021-10-21 14:40:35 - [MESSAGE][PASSED] - Call Test Case 'Test Cases/Popup/PopupMesajiIceriyorMu' successfully

2021-10-21 14:40:35 - [MESSAGE][INFO] - Checking called Test Case

2021-10-21 14:40:35 - [MESSAGE][INFO] - Starting to call Test Case 'Test Cases/Popup/PopupButonSecilir'

2021-10-21 14:40:35 - [TEST_CASE][PASSED] - Test Cases/Popup/PopupButonSecilir: Test Cases/Popup/PopupButonSecilir

2021-10-21 14:40:35 - [TEST_STEP][PASSED] - Method.TextDegerineEsitElementeTikla(findTestObject("Popup/Popup_Butons"), Buton): Method.TextDegerineEsitElementeTikla is PASSED

2021-10-21 14:40:35 - [MESSAGE][INFO] - Finding Test Object 'Object Repository/Popup/Popup_Butons'

2021-10-21 14:40:36 - [MESSAGE][INFO] - Checking timeout

2021-10-21 14:40:36 - [MESSAGE][INFO] - Finding web element with id: 'Object Repository/Popup/Popup_Butons' located by 'By.cssSelector: .modal-footer>button' in '10' second(s)

2021-10-21 14:40:36 - [MESSAGE][INFO] - Smart Wait Function is triggered

2021-10-21 14:40:36 - [MESSAGE][INFO] - Found 2 web elements with id: 'Object Repository/Popup/Popup_Butons' located by 'By.cssSelector: .modal-footer>button' in '10' second(s)

2021-10-21 14:40:36 - [MESSAGE][PASSED] - Method.TextDegerineEsitElementeTikla is PASSED

2021-10-21 14:40:36 - [MESSAGE][PASSED] - Call Test Case 'Test Cases/Popup/PopupButonSecilir' successfully

2021-10-21 14:40:36 - [MESSAGE][INFO] - Checking called Test Case

2021-10-21 14:40:36 - [MESSAGE][INFO] - Starting to call Test Case 'Test Cases/Menu/AnaMenuSecimi'

2021-10-21 14:40:36 - [TEST_CASE][PASSED] - Test Cases/Menu/AnaMenuSecimi: Test Cases/Menu/AnaMenuSecimi

2021-10-21 14:40:36 - [TEST_STEP][PASSED] - Method.TextDegerineEsitElementeTikla(findTestObject("Menu/Ana_Menu"), Ana_Menu): Method.TextDegerineEsitElementeTikla is PASSED

2021-10-21 14:40:36 - [MESSAGE][INFO] - Finding Test Object 'Object Repository/Menu/Ana_Menu'

2021-10-21 14:40:36 - [MESSAGE][INFO] - Checking timeout

2021-10-21 14:40:36 - [MESSAGE][INFO] - Finding web element with id: 'Object Repository/Menu/Ana_Menu' located by 'By.xpath: //*[@class = 'dropdown-toggle']' in '10' second(s)

2021-10-21 14:40:36 - [MESSAGE][INFO] - Smart Wait Function is triggered

2021-10-21 14:40:37 - [MESSAGE][INFO] - Found 13 web elements with id: 'Object Repository/Menu/Ana_Menu' located by 'By.xpath: //*[@class = 'dropdown-toggle']' in '10' second(s)

2021-10-21 14:40:37 - [MESSAGE][PASSED] - Method.TextDegerineEsitElementeTikla is PASSED

2021-10-21 14:40:37 - [MESSAGE][PASSED] - Call Test Case 'Test Cases/Menu/AnaMenuSecimi' successfully

2021-10-21 14:40:37 - [MESSAGE][INFO] - Checking called Test Case

2021-10-21 14:40:37 - [MESSAGE][INFO] - Starting to call Test Case 'Test Cases/Menu/BasligaGoreAltMenuSecimi'

2021-10-21 14:40:37 - [TEST_CASE][PASSED] - Test Cases/Menu/BasligaGoreAltMenuSecimi: Test Cases/Menu/BasligaGoreAltMenuSecimi

2021-10-21 14:40:37 - [TEST_STEP][PASSED] - Method.TextDegerineEsitElementinAltindakiTextDegerineEsitOlanaTikla(findTestObject("Menu/Menu_Basligi"), findTestObject("Menu/Basliga_Gore_Alt_Menu"), Baslik, Alt_Menu): Method.TextDegerineEsitElementinAltindakiTextDegerineEsitOlanaTikla is PASSED

2021-10-21 14:40:37 - [MESSAGE][INFO] - Finding Test Object 'Object Repository/Menu/Menu_Basligi'

2021-10-21 14:40:37 - [MESSAGE][INFO] - Finding Test Object 'Object Repository/Menu/Basliga_Gore_Alt_Menu'

2021-10-21 14:40:38 - [MESSAGE][INFO] - Checking timeout

2021-10-21 14:40:38 - [MESSAGE][INFO] - Finding web element with id: 'Object Repository/Menu/Menu_Basligi' located by 'By.xpath: //li[@class='dropdown dropdown-large open']//li[@class='dropdown-header']' in '10' second(s)

2021-10-21 14:40:38 - [MESSAGE][INFO] - Smart Wait Function is triggered

2021-10-21 14:40:38 - [MESSAGE][INFO] - Found 2 web elements with id: 'Object Repository/Menu/Menu_Basligi' located by 'By.xpath: //li[@class='dropdown dropdown-large open']//li[@class='dropdown-header']' in '10' second(s)

2021-10-21 14:40:38 - [MESSAGE][INFO] - Smart Wait Function is triggered

2021-10-21 14:40:40 - [MESSAGE][PASSED] - Method.TextDegerineEsitElementinAltindakiTextDegerineEsitOlanaTikla is PASSED

2021-10-21 14:40:40 - [MESSAGE][PASSED] - Call Test Case 'Test Cases/Menu/BasligaGoreAltMenuSecimi' successfully

2021-10-21 14:40:40 - [MESSAGE][INFO] - Checking called Test Case

2021-10-21 14:40:40 - [MESSAGE][INFO] - Starting to call Test Case 'Test Cases/Filtreler/EttnYaz'

2021-10-21 14:40:41 - [TEST_CASE][PASSED] - Test Cases/Filtreler/EttnYaz: Test Cases/Filtreler/EttnYaz

2021-10-21 14:40:41 - [TEST_STEP][PASSED] - Method.TextDegerineEsitElementinAltindakiTextboxtaYaz(findTestObject("Filtreler/Basliklar"), findTestObject("Filtreler/Basliga_Gore_Textbox"), "ETTN", ettn): Method.TextDegerineEsitElementinAltindakiTextboxtaYaz is PASSED

2021-10-21 14:40:41 - [MESSAGE][INFO] - Finding Test Object 'Object Repository/Filtreler/Basliklar'

2021-10-21 14:40:41 - [MESSAGE][INFO] - Finding Test Object 'Object Repository/Filtreler/Basliga_Gore_Textbox'

2021-10-21 14:40:41 - [MESSAGE][INFO] - Checking timeout

2021-10-21 14:40:41 - [MESSAGE][INFO] - Finding web element with id: 'Object Repository/Filtreler/Basliklar' located by 'By.cssSelector: .control-label.col-sm-4.paddingMarginRLC' in '10' second(s)

2021-10-21 14:40:41 - [MESSAGE][INFO] - Smart Wait Function is triggered

2021-10-21 14:40:41 - [MESSAGE][INFO] - Found 19 web elements with id: 'Object Repository/Filtreler/Basliklar' located by 'By.cssSelector: .control-label.col-sm-4.paddingMarginRLC' in '10' second(s)

2021-10-21 14:40:41 - [MESSAGE][INFO] - Smart Wait Function is triggered

2021-10-21 14:40:42 - [MESSAGE][PASSED] - Method.TextDegerineEsitElementinAltindakiTextboxtaYaz is PASSED

2021-10-21 14:40:42 - [MESSAGE][PASSED] - Call Test Case 'Test Cases/Filtreler/EttnYaz' successfully

2021-10-21 14:40:42 - [MESSAGE][INFO] - Checking called Test Case

2021-10-21 14:40:42 - [MESSAGE][INFO] - Starting to call Test Case 'Test Cases/Filtreler/ButonaTikla'

2021-10-21 14:40:42 - [TEST_CASE][PASSED] - Test Cases/Filtreler/ButonaTikla: Test Cases/Filtreler/ButonaTikla

2021-10-21 14:40:42 - [TEST_STEP][PASSED] - Method.TextDegerineEsitElementeTikla(findTestObject("Filtreler/Butonlar"), Filtre_Buton): Method.TextDegerineEsitElementeTikla is PASSED

2021-10-21 14:40:42 - [MESSAGE][INFO] - Finding Test Object 'Object Repository/Filtreler/Butonlar'

2021-10-21 14:40:42 - [MESSAGE][INFO] - Checking timeout

2021-10-21 14:40:42 - [MESSAGE][INFO] - Finding web element with id: 'Object Repository/Filtreler/Butonlar' located by 'By.cssSelector: .dxb>span' in '10' second(s)

2021-10-21 14:40:42 - [MESSAGE][INFO] - Smart Wait Function is triggered

2021-10-21 14:40:42 - [MESSAGE][INFO] - Found 3 web elements with id: 'Object Repository/Filtreler/Butonlar' located by 'By.cssSelector: .dxb>span' in '10' second(s)

2021-10-21 14:40:42 - [MESSAGE][PASSED] - Method.TextDegerineEsitElementeTikla is PASSED

2021-10-21 14:40:42 - [MESSAGE][PASSED] - Call Test Case 'Test Cases/Filtreler/ButonaTikla' successfully

2021-10-21 14:40:42 - [MESSAGE][INFO] - Checking called Test Case

2021-10-21 14:40:42 - [MESSAGE][INFO] - Starting to call Test Case 'Test Cases/Tablo/TablodaVeriVarMi'

2021-10-21 14:40:42 - [TEST_CASE][PASSED] - Test Cases/Tablo/TablodaVeriVarMi: Test Cases/Tablo/TablodaVeriVarMi

2021-10-21 14:40:42 - [TEST_STEP][PASSED] - verifyTextNotPresent("Görüntülenecek veri yok", true): Text 'Görüntülenecek veri yok' is not present on page using regular expression

2021-10-21 14:40:42 - [MESSAGE][INFO] - Checking text present  using regular expression

2021-10-21 14:40:42 - [MESSAGE][INFO] - Smart Wait Function is triggered

2021-10-21 14:40:43 - [MESSAGE][INFO] - Finding text 'Görüntülenecek veri yok' on page  using regular expression

2021-10-21 14:40:43 - [MESSAGE][PASSED] - Text 'Görüntülenecek veri yok' is not present on page using regular expression

2021-10-21 14:40:43 - [MESSAGE][PASSED] - Call Test Case 'Test Cases/Tablo/TablodaVeriVarMi' successfully

2021-10-21 14:40:43 - [MESSAGE][INFO] - Checking called Test Case

2021-10-21 14:40:43 - [MESSAGE][INFO] - Starting to call Test Case 'Test Cases/Tablo/TablodaVeriBasariliMiArsiv'

2021-10-21 14:40:44 - [TEST_CASE][PASSED] - Test Cases/Tablo/TablodaVeriBasariliMiArsiv: Test Cases/Tablo/TablodaVeriBasariliMiArsiv

2021-10-21 14:40:44 - [TEST_STEP][PASSED] - sayac = 80: null

2021-10-21 14:40:44 - [TEST_STEP][PASSED] - while (verifyElementText(findTestObject("Object Repository/Tablo/DurumBilgisiArsiv"), "Henüz Sonuçlanmadı", OPTIONAL)): Actual text 'Başarılı' and expected text 'Henüz Sonuçlanmadı' of test object 'Object Repository/Tablo/DurumBilgisiArsiv' are NOT matched. (Root cause: com.kms.katalon.core.exception.StepFailedException: Actual text 'Başarılı' and expected text 'Henüz Sonuçlanmadı' of test object 'Object Repository/Tablo/DurumBilgisiArsiv' are NOT matched.
	at com.kms.katalon.core.webui.keyword.internal.WebUIKeywordMain.stepFailed(WebUIKeywordMain.groovy:64)
	at com.kms.katalon.core.webui.keyword.builtin.VerifyElementTextKeyword$_verifyElementText_closure1.doCall(VerifyElementTextKeyword.groovy:57)
	at com.kms.katalon.core.webui.keyword.builtin.VerifyElementTextKeyword$_verifyElementText_closure1.call(VerifyElementTextKeyword.groovy)
	at com.kms.katalon.core.webui.keyword.internal.WebUIKeywordMain.runKeyword(WebUIKeywordMain.groovy:20)
	at com.kms.katalon.core.webui.keyword.builtin.VerifyElementTextKeyword.verifyElementText(VerifyElementTextKeyword.groovy:72)
	at com.kms.katalon.core.webui.keyword.builtin.VerifyElementTextKeyword.execute(VerifyElementTextKeyword.groovy:40)
	at com.kms.katalon.core.keyword.internal.KeywordExecutor.executeKeywordForPlatform(KeywordExecutor.groovy:73)
	at com.kms.katalon.core.webui.keyword.WebUiBuiltInKeywords.verifyElementText(WebUiBuiltInKeywords.groovy:4733)
	at com.kms.katalon.core.webui.keyword.WebUiBuiltInKeywords$verifyElementText$20.call(Unknown Source)
	at TablodaVeriBasariliMiArsiv.run(TablodaVeriBasariliMiArsiv:22)
	at com.kms.katalon.core.main.ScriptEngine.run(ScriptEngine.java:194)
	at com.kms.katalon.core.main.ScriptEngine.runScriptAsRawText(ScriptEngine.java:119)
	at com.kms.katalon.core.main.TestCaseExecutor.runScript(TestCaseExecutor.java:369)
	at com.kms.katalon.core.main.TestCaseExecutor.doExecute(TestCaseExecutor.java:360)
	at com.kms.katalon.core.main.TestCaseExecutor.processExecutionPhase(TestCaseExecutor.java:339)
	at com.kms.katalon.core.main.TestCaseExecutor.accessMainPhase(TestCaseExecutor.java:331)
	at com.kms.katalon.core.main.TestCaseExecutor.execute(TestCaseExecutor.java:248)
	at com.kms.katalon.core.main.TestCaseMain.runTestCase(TestCaseMain.java:138)
	at com.kms.katalon.core.keyword.builtin.CallTestCaseKeyword$_callTestCase_closure1.doCall(CallTestCaseKeyword.groovy:59)
	at com.kms.katalon.core.keyword.builtin.CallTestCaseKeyword$_callTestCase_closure1.call(CallTestCaseKeyword.groovy)
	at com.kms.katalon.core.keyword.internal.KeywordMain.runKeyword(KeywordMain.groovy:68)
	at com.kms.katalon.core.keyword.builtin.CallTestCaseKeyword.callTestCase(CallTestCaseKeyword.groovy:81)
	at com.kms.katalon.core.keyword.builtin.CallTestCaseKeyword.execute(CallTestCaseKeyword.groovy:44)
	at com.kms.katalon.core.keyword.internal.KeywordExecutor.executeKeywordForPlatform(KeywordExecutor.groovy:73)
	at com.kms.katalon.core.keyword.BuiltinKeywords.callTestCase(BuiltinKeywords.groovy:334)
	at tablo.tablo.tablodaVeriBasariliMiArsiv(tablo.groovy:95)
	at cucumber.runtime.Utils$1.call(Utils.java:26)
	at cucumber.runtime.Timeout.timeout(Timeout.java:16)
	at cucumber.runtime.Utils.invoke(Utils.java:20)
	at cucumber.runtime.java.JavaStepDefinition.execute(JavaStepDefinition.java:49)
	at cucumber.runner.PickleStepDefinitionMatch.runStep(PickleStepDefinitionMatch.java:50)
	at cucumber.runner.TestStep.executeStep(TestStep.java:63)
	at cucumber.runner.TestStep.run(TestStep.java:49)
	at cucumber.runner.PickleStepTestStep.run(PickleStepTestStep.java:43)
	at cucumber.runner.TestCase.run(TestCase.java:44)
	at cucumber.runner.Runner.runPickle(Runner.java:40)
	at cucumber.runtime.Runtime$1.run(Runtime.java:84)
	at cucumber.runtime.Runtime$SameThreadExecutorService.execute(Runtime.java:220)
	at cucumber.runtime.Runtime.run(Runtime.java:81)
	at cucumber.api.cli.Main.run(Main.java:26)
	at cucumber.api.cli.Main$run.call(Unknown Source)
	at com.kms.katalon.core.cucumber.keyword.CucumberBuiltinKeywords$_runFeatureFile_closure1.doCall(CucumberBuiltinKeywords.groovy:106)
	at com.kms.katalon.core.cucumber.keyword.CucumberBuiltinKeywords$_runFeatureFile_closure1.doCall(CucumberBuiltinKeywords.groovy)
	at com.kms.katalon.core.keyword.internal.KeywordMain.runKeyword(KeywordMain.groovy:68)
	at com.kms.katalon.core.keyword.internal.KeywordMain$runKeyword.call(Unknown Source)
	at com.kms.katalon.core.cucumber.keyword.CucumberBuiltinKeywords.runFeatureFile(CucumberBuiltinKeywords.groovy:73)
	at com.kms.katalon.core.cucumber.keyword.CucumberBuiltinKeywords$runFeatureFile$0.callStatic(Unknown Source)
	at com.kms.katalon.core.cucumber.keyword.CucumberBuiltinKeywords.runFeatureFile(CucumberBuiltinKeywords.groovy:246)
	at com.kms.katalon.core.cucumber.keyword.CucumberBuiltinKeywords$runFeatureFile.call(Unknown Source)
	at VKN-Kagit-Tevkifat.run(VKN-Kagit-Tevkifat:19)
	at com.kms.katalon.core.main.ScriptEngine.run(ScriptEngine.java:194)
	at com.kms.katalon.core.main.ScriptEngine.runScriptAsRawText(ScriptEngine.java:119)
	at com.kms.katalon.core.main.TestCaseExecutor.runScript(TestCaseExecutor.java:369)
	at com.kms.katalon.core.main.TestCaseExecutor.doExecute(TestCaseExecutor.java:360)
	at com.kms.katalon.core.main.TestCaseExecutor.processExecutionPhase(TestCaseExecutor.java:339)
	at com.kms.katalon.core.main.TestCaseExecutor.accessMainPhase(TestCaseExecutor.java:331)
	at com.kms.katalon.core.main.TestCaseExecutor.execute(TestCaseExecutor.java:248)
	at com.kms.katalon.core.main.TestSuiteExecutor.accessTestCaseMainPhase(TestSuiteExecutor.java:191)
	at com.kms.katalon.core.main.TestSuiteExecutor.accessTestSuiteMainPhase(TestSuiteExecutor.java:140)
	at com.kms.katalon.core.main.TestSuiteExecutor.execute(TestSuiteExecutor.java:89)
	at com.kms.katalon.core.main.TestCaseMain.startTestSuite(TestCaseMain.java:181)
	at com.kms.katalon.core.main.TestCaseMain$startTestSuite$0.call(Unknown Source)
	at TempTestSuite1634814289741.run(TempTestSuite1634814289741.groovy:39)
)

2021-10-21 14:40:44 - [MESSAGE][INFO] - Finding Test Object 'Object Repository/Tablo/DurumBilgisiArsiv'

2021-10-21 14:40:44 - [MESSAGE][INFO] - Checking object

2021-10-21 14:40:44 - [MESSAGE][INFO] - Finding web element from Test Object's properties

2021-10-21 14:40:44 - [MESSAGE][INFO] - Checking timeout

2021-10-21 14:40:44 - [MESSAGE][INFO] - Finding web element with id: 'Object Repository/Tablo/DurumBilgisiArsiv' located by 'By.xpath: //*[@id = 'GridViewEArchiveInvoices_tccell0_9']' in '30' second(s)

2021-10-21 14:40:44 - [MESSAGE][INFO] - Smart Wait Function is triggered

2021-10-21 14:40:44 - [MESSAGE][INFO] - Found 1 web elements with id: 'Object Repository/Tablo/DurumBilgisiArsiv' located by 'By.xpath: //*[@id = 'GridViewEArchiveInvoices_tccell0_9']' in '30' second(s)

2021-10-21 14:40:44 - [MESSAGE][WARNING] - Actual text 'Başarılı' and expected text 'Henüz Sonuçlanmadı' of test object 'Object Repository/Tablo/DurumBilgisiArsiv' are NOT matched. (Root cause: com.kms.katalon.core.exception.StepFailedException: Actual text 'Başarılı' and expected text 'Henüz Sonuçlanmadı' of test object 'Object Repository/Tablo/DurumBilgisiArsiv' are NOT matched.
	at com.kms.katalon.core.webui.keyword.internal.WebUIKeywordMain.stepFailed(WebUIKeywordMain.groovy:64)
	at com.kms.katalon.core.webui.keyword.builtin.VerifyElementTextKeyword$_verifyElementText_closure1.doCall(VerifyElementTextKeyword.groovy:57)
	at com.kms.katalon.core.webui.keyword.builtin.VerifyElementTextKeyword$_verifyElementText_closure1.call(VerifyElementTextKeyword.groovy)
	at com.kms.katalon.core.webui.keyword.internal.WebUIKeywordMain.runKeyword(WebUIKeywordMain.groovy:20)
	at com.kms.katalon.core.webui.keyword.builtin.VerifyElementTextKeyword.verifyElementText(VerifyElementTextKeyword.groovy:72)
	at com.kms.katalon.core.webui.keyword.builtin.VerifyElementTextKeyword.execute(VerifyElementTextKeyword.groovy:40)
	at com.kms.katalon.core.keyword.internal.KeywordExecutor.executeKeywordForPlatform(KeywordExecutor.groovy:73)
	at com.kms.katalon.core.webui.keyword.WebUiBuiltInKeywords.verifyElementText(WebUiBuiltInKeywords.groovy:4733)
	at com.kms.katalon.core.webui.keyword.WebUiBuiltInKeywords$verifyElementText$20.call(Unknown Source)
	at TablodaVeriBasariliMiArsiv.run(TablodaVeriBasariliMiArsiv:22)
	at com.kms.katalon.core.main.ScriptEngine.run(ScriptEngine.java:194)
	at com.kms.katalon.core.main.ScriptEngine.runScriptAsRawText(ScriptEngine.java:119)
	at com.kms.katalon.core.main.TestCaseExecutor.runScript(TestCaseExecutor.java:369)
	at com.kms.katalon.core.main.TestCaseExecutor.doExecute(TestCaseExecutor.java:360)
	at com.kms.katalon.core.main.TestCaseExecutor.processExecutionPhase(TestCaseExecutor.java:339)
	at com.kms.katalon.core.main.TestCaseExecutor.accessMainPhase(TestCaseExecutor.java:331)
	at com.kms.katalon.core.main.TestCaseExecutor.execute(TestCaseExecutor.java:248)
	at com.kms.katalon.core.main.TestCaseMain.runTestCase(TestCaseMain.java:138)
	at com.kms.katalon.core.keyword.builtin.CallTestCaseKeyword$_callTestCase_closure1.doCall(CallTestCaseKeyword.groovy:59)
	at com.kms.katalon.core.keyword.builtin.CallTestCaseKeyword$_callTestCase_closure1.call(CallTestCaseKeyword.groovy)
	at com.kms.katalon.core.keyword.internal.KeywordMain.runKeyword(KeywordMain.groovy:68)
	at com.kms.katalon.core.keyword.builtin.CallTestCaseKeyword.callTestCase(CallTestCaseKeyword.groovy:81)
	at com.kms.katalon.core.keyword.builtin.CallTestCaseKeyword.execute(CallTestCaseKeyword.groovy:44)
	at com.kms.katalon.core.keyword.internal.KeywordExecutor.executeKeywordForPlatform(KeywordExecutor.groovy:73)
	at com.kms.katalon.core.keyword.BuiltinKeywords.callTestCase(BuiltinKeywords.groovy:334)
	at tablo.tablo.tablodaVeriBasariliMiArsiv(tablo.groovy:95)
	at cucumber.runtime.Utils$1.call(Utils.java:26)
	at cucumber.runtime.Timeout.timeout(Timeout.java:16)
	at cucumber.runtime.Utils.invoke(Utils.java:20)
	at cucumber.runtime.java.JavaStepDefinition.execute(JavaStepDefinition.java:49)
	at cucumber.runner.PickleStepDefinitionMatch.runStep(PickleStepDefinitionMatch.java:50)
	at cucumber.runner.TestStep.executeStep(TestStep.java:63)
	at cucumber.runner.TestStep.run(TestStep.java:49)
	at cucumber.runner.PickleStepTestStep.run(PickleStepTestStep.java:43)
	at cucumber.runner.TestCase.run(TestCase.java:44)
	at cucumber.runner.Runner.runPickle(Runner.java:40)
	at cucumber.runtime.Runtime$1.run(Runtime.java:84)
	at cucumber.runtime.Runtime$SameThreadExecutorService.execute(Runtime.java:220)
	at cucumber.runtime.Runtime.run(Runtime.java:81)
	at cucumber.api.cli.Main.run(Main.java:26)
	at cucumber.api.cli.Main$run.call(Unknown Source)
	at com.kms.katalon.core.cucumber.keyword.CucumberBuiltinKeywords$_runFeatureFile_closure1.doCall(CucumberBuiltinKeywords.groovy:106)
	at com.kms.katalon.core.cucumber.keyword.CucumberBuiltinKeywords$_runFeatureFile_closure1.doCall(CucumberBuiltinKeywords.groovy)
	at com.kms.katalon.core.keyword.internal.KeywordMain.runKeyword(KeywordMain.groovy:68)
	at com.kms.katalon.core.keyword.internal.KeywordMain$runKeyword.call(Unknown Source)
	at com.kms.katalon.core.cucumber.keyword.CucumberBuiltinKeywords.runFeatureFile(CucumberBuiltinKeywords.groovy:73)
	at com.kms.katalon.core.cucumber.keyword.CucumberBuiltinKeywords$runFeatureFile$0.callStatic(Unknown Source)
	at com.kms.katalon.core.cucumber.keyword.CucumberBuiltinKeywords.runFeatureFile(CucumberBuiltinKeywords.groovy:246)
	at com.kms.katalon.core.cucumber.keyword.CucumberBuiltinKeywords$runFeatureFile.call(Unknown Source)
	at VKN-Kagit-Tevkifat.run(VKN-Kagit-Tevkifat:19)
	at com.kms.katalon.core.main.ScriptEngine.run(ScriptEngine.java:194)
	at com.kms.katalon.core.main.ScriptEngine.runScriptAsRawText(ScriptEngine.java:119)
	at com.kms.katalon.core.main.TestCaseExecutor.runScript(TestCaseExecutor.java:369)
	at com.kms.katalon.core.main.TestCaseExecutor.doExecute(TestCaseExecutor.java:360)
	at com.kms.katalon.core.main.TestCaseExecutor.processExecutionPhase(TestCaseExecutor.java:339)
	at com.kms.katalon.core.main.TestCaseExecutor.accessMainPhase(TestCaseExecutor.java:331)
	at com.kms.katalon.core.main.TestCaseExecutor.execute(TestCaseExecutor.java:248)
	at com.kms.katalon.core.main.TestSuiteExecutor.accessTestCaseMainPhase(TestSuiteExecutor.java:191)
	at com.kms.katalon.core.main.TestSuiteExecutor.accessTestSuiteMainPhase(TestSuiteExecutor.java:140)
	at com.kms.katalon.core.main.TestSuiteExecutor.execute(TestSuiteExecutor.java:89)
	at com.kms.katalon.core.main.TestCaseMain.startTestSuite(TestCaseMain.java:181)
	at com.kms.katalon.core.main.TestCaseMain$startTestSuite$0.call(Unknown Source)
	at TempTestSuite1634814289741.run(TempTestSuite1634814289741.groovy:39)
)

2021-10-21 14:40:44 - [TEST_STEP][PASSED] - Method.TextDegerineEsitElementVarMi(findTestObject("Object Repository/Tablo/DurumBilgisiArsiv"), "Başarılı"): Method.TextDegerineEsitElementVarMi is PASSED

2021-10-21 14:40:44 - [MESSAGE][INFO] - Finding Test Object 'Object Repository/Tablo/DurumBilgisiArsiv'

2021-10-21 14:40:44 - [MESSAGE][INFO] - Checking timeout

2021-10-21 14:40:44 - [MESSAGE][INFO] - Finding web element with id: 'Object Repository/Tablo/DurumBilgisiArsiv' located by 'By.xpath: //*[@id = 'GridViewEArchiveInvoices_tccell0_9']' in '10' second(s)

2021-10-21 14:40:44 - [MESSAGE][INFO] - Smart Wait Function is triggered

2021-10-21 14:40:44 - [MESSAGE][INFO] - Found 1 web elements with id: 'Object Repository/Tablo/DurumBilgisiArsiv' located by 'By.xpath: //*[@id = 'GridViewEArchiveInvoices_tccell0_9']' in '10' second(s)

2021-10-21 14:40:44 - [MESSAGE][PASSED] - Method.TextDegerineEsitElementVarMi is PASSED

2021-10-21 14:40:44 - [MESSAGE][PASSED] - Call Test Case 'Test Cases/Tablo/TablodaVeriBasariliMiArsiv' successfully

2021-10-21 14:40:44 - [MESSAGE][INFO] - Checking called Test Case

2021-10-21 14:40:44 - [MESSAGE][INFO] - Starting to call Test Case 'Test Cases/Kullanici_Islemleri/KullaniciIslemlerindenSecimYapilir'

2021-10-21 14:40:44 - [TEST_CASE][PASSED] - Test Cases/Kullanici_Islemleri/KullaniciIslemlerindenSecimYapilir: Test Cases/Kullanici_Islemleri/KullaniciIslemlerindenSecimYapilir

2021-10-21 14:40:44 - [TEST_STEP][PASSED] - waitForElementClickable(findTestObject("Object Repository/Kullanici_Islemleri/KullaniciIslemleri"), 10): Object 'Object Repository/Kullanici_Islemleri/KullaniciIslemleri' is clickable

2021-10-21 14:40:44 - [MESSAGE][INFO] - Finding Test Object 'Object Repository/Kullanici_Islemleri/KullaniciIslemleri'

2021-10-21 14:40:45 - [MESSAGE][INFO] - Checking object

2021-10-21 14:40:45 - [MESSAGE][INFO] - Checking timeout

2021-10-21 14:40:45 - [MESSAGE][INFO] - Finding web element from Test Object's properties

2021-10-21 14:40:45 - [MESSAGE][INFO] - Checking timeout

2021-10-21 14:40:45 - [MESSAGE][INFO] - Finding web element with id: 'Object Repository/Kullanici_Islemleri/KullaniciIslemleri' located by 'By.cssSelector: .dropdown>a>img' in '10' second(s)

2021-10-21 14:40:45 - [MESSAGE][INFO] - Smart Wait Function is triggered

2021-10-21 14:40:45 - [MESSAGE][INFO] - Found 1 web elements with id: 'Object Repository/Kullanici_Islemleri/KullaniciIslemleri' located by 'By.cssSelector: .dropdown>a>img' in '10' second(s)

2021-10-21 14:40:45 - [MESSAGE][PASSED] - Object 'Object Repository/Kullanici_Islemleri/KullaniciIslemleri' is clickable

2021-10-21 14:40:45 - [TEST_STEP][PASSED] - click(findTestObject("Object Repository/Kullanici_Islemleri/KullaniciIslemleri")): Object: 'Object Repository/Kullanici_Islemleri/KullaniciIslemleri' is clicked on

2021-10-21 14:40:45 - [MESSAGE][INFO] - Finding Test Object 'Object Repository/Kullanici_Islemleri/KullaniciIslemleri'

2021-10-21 14:40:45 - [MESSAGE][INFO] - Checking object

2021-10-21 14:40:45 - [MESSAGE][INFO] - Finding web element from Test Object's properties

2021-10-21 14:40:45 - [MESSAGE][INFO] - Checking timeout

2021-10-21 14:40:45 - [MESSAGE][INFO] - Finding web element with id: 'Object Repository/Kullanici_Islemleri/KullaniciIslemleri' located by 'By.cssSelector: .dropdown>a>img' in '30' second(s)

2021-10-21 14:40:45 - [MESSAGE][INFO] - Smart Wait Function is triggered

2021-10-21 14:40:45 - [MESSAGE][INFO] - Found 1 web elements with id: 'Object Repository/Kullanici_Islemleri/KullaniciIslemleri' located by 'By.cssSelector: .dropdown>a>img' in '30' second(s)

2021-10-21 14:40:45 - [MESSAGE][INFO] - Clicking on object: 'Object Repository/Kullanici_Islemleri/KullaniciIslemleri'

2021-10-21 14:40:45 - [MESSAGE][PASSED] - Object: 'Object Repository/Kullanici_Islemleri/KullaniciIslemleri' is clicked on

2021-10-21 14:40:45 - [TEST_STEP][PASSED] - Method.TextDegerineEsitElementeTikla(findTestObject("Object Repository/Kullanici_Islemleri/Secenekler"), Islem): Method.TextDegerineEsitElementeTikla is PASSED

2021-10-21 14:40:45 - [MESSAGE][INFO] - Finding Test Object 'Object Repository/Kullanici_Islemleri/Secenekler'

2021-10-21 14:40:45 - [MESSAGE][INFO] - Checking timeout

2021-10-21 14:40:45 - [MESSAGE][INFO] - Finding web element with id: 'Object Repository/Kullanici_Islemleri/Secenekler' located by 'By.cssSelector: .nav.navbar-nav.navbar-right li a' in '10' second(s)

2021-10-21 14:40:45 - [MESSAGE][INFO] - Smart Wait Function is triggered

2021-10-21 14:40:46 - [MESSAGE][INFO] - Found 20 web elements with id: 'Object Repository/Kullanici_Islemleri/Secenekler' located by 'By.cssSelector: .nav.navbar-nav.navbar-right li a' in '10' second(s)

2021-10-21 14:40:47 - [MESSAGE][PASSED] - Method.TextDegerineEsitElementeTikla is PASSED

2021-10-21 14:40:47 - [TEST_STEP][PASSED] - verifyElementNotPresent(findTestObject("Object Repository/Kullanici_Islemleri/Secenekler"), 10): Web element with id: 'Object Repository/Kullanici_Islemleri/Secenekler' located by 'By.cssSelector: .nav.navbar-nav.navbar-right li a' is not present after '10' second(s)

2021-10-21 14:40:47 - [MESSAGE][INFO] - Finding Test Object 'Object Repository/Kullanici_Islemleri/Secenekler'

2021-10-21 14:40:47 - [MESSAGE][INFO] - Checking object

2021-10-21 14:40:47 - [MESSAGE][INFO] - Checking timeout

2021-10-21 14:40:47 - [MESSAGE][INFO] - Finding web element with id: 'Object Repository/Kullanici_Islemleri/Secenekler' located by 'By.cssSelector: .nav.navbar-nav.navbar-right li a' in '10' second(s)

2021-10-21 14:40:47 - [MESSAGE][INFO] - Smart Wait Function is triggered

2021-10-21 14:40:48 - [MESSAGE][PASSED] - Web element with id: 'Object Repository/Kullanici_Islemleri/Secenekler' located by 'By.cssSelector: .nav.navbar-nav.navbar-right li a' is not present after '10' second(s)

2021-10-21 14:40:48 - [MESSAGE][PASSED] - Call Test Case 'Test Cases/Kullanici_Islemleri/KullaniciIslemlerindenSecimYapilir' successfully

2021-10-21 14:40:48 - [TEST_CASE][PASSED] - Start Test Case : SCENARIO Gonderim tipi Kagit ve Tevkifat tipinde e-Arsiv faturasi olusturulmasi: SCENARIO Gonderim tipi Kagit ve Tevkifat tipinde e-Arsiv faturasi olusturulmasi

2021-10-21 14:40:48 - [TEST_STEP][PASSED] - Kullanıcı adı EARTEVKIFAT ve Şifre test1234 olarak giriş yapılır: Kullanıcı adı EARTEVKIFAT ve Şifre test1234 olarak giriş yapılır

2021-10-21 14:40:48 - [MESSAGE][PASSED] - Kullanıcı adı EARTEVKIFAT ve Şifre test1234 olarak giriş yapılır

2021-10-21 14:40:48 - [TEST_STEP][PASSED] - Ana menüden e-Arşiv seçilir: Ana menüden e-Arşiv seçilir

2021-10-21 14:40:48 - [MESSAGE][PASSED] - Ana menüden e-Arşiv seçilir

2021-10-21 14:40:48 - [TEST_STEP][PASSED] - Alt menü e-Arşiv Araçları başlığı altındaki e-Arşiv Fatura Oluşturma seçilir: Alt menü e-Arşiv Araçları başlığı altındaki e-Arşiv Fatura Oluşturma seçilir

2021-10-21 14:40:48 - [MESSAGE][PASSED] - Alt menü e-Arşiv Araçları başlığı altındaki e-Arşiv Fatura Oluşturma seçilir

2021-10-21 14:40:48 - [TEST_STEP][PASSED] - Tablodaki tüm veriler silinir: Tablodaki tüm veriler silinir

2021-10-21 14:40:48 - [MESSAGE][PASSED] - Tablodaki tüm veriler silinir

2021-10-21 14:40:48 - [TEST_STEP][PASSED] - Butonlardan Ekle isimli butona tıklanır: Butonlardan Ekle isimli butona tıklanır

2021-10-21 14:40:48 - [MESSAGE][PASSED] - Butonlardan Ekle isimli butona tıklanır

2021-10-21 14:40:48 - [TEST_STEP][PASSED] - Görsel tasarım sayfasının e-Arşiv Fatura Bilgileri başlığını içerdiği kontrol edilir: Görsel tasarım sayfasının e-Arşiv Fatura Bilgileri başlığını içerdiği kontrol edilir

2021-10-21 14:40:48 - [MESSAGE][PASSED] - Görsel tasarım sayfasının e-Arşiv Fatura Bilgileri başlığını içerdiği kontrol edilir

2021-10-21 14:40:48 - [TEST_STEP][PASSED] - Alıcı adı alanına UC0016 girilir: Alıcı adı alanına UC0016 girilir

2021-10-21 14:40:48 - [MESSAGE][PASSED] - Alıcı adı alanına UC0016 girilir

2021-10-21 14:40:48 - [TEST_STEP][PASSED] - Gönderim Şekli Kağıt olarak seçilir: Gönderim Şekli Kağıt olarak seçilir

2021-10-21 14:40:48 - [MESSAGE][PASSED] - Gönderim Şekli Kağıt olarak seçilir

2021-10-21 14:40:48 - [TEST_STEP][PASSED] - Tip alanından Tevkifat seçilir: Tip alanından Tevkifat seçilir

2021-10-21 14:40:48 - [MESSAGE][PASSED] - Tip alanından Tevkifat seçilir

2021-10-21 14:40:48 - [TEST_STEP][PASSED] - Döküman Para Birimi alanından Türk Lirası seçilir: Döküman Para Birimi alanından Türk Lirası seçilir

2021-10-21 14:40:48 - [MESSAGE][PASSED] - Döküman Para Birimi alanından Türk Lirası seçilir

2021-10-21 14:40:48 - [TEST_STEP][PASSED] - Ön Ek EAR olarak seçilir: Ön Ek EAR olarak seçilir

2021-10-21 14:40:48 - [MESSAGE][PASSED] - Ön Ek EAR olarak seçilir

2021-10-21 14:40:48 - [TEST_STEP][PASSED] - Tasarım alanından Otomasyon seçilir: Tasarım alanından Otomasyon seçilir

2021-10-21 14:40:48 - [MESSAGE][PASSED] - Tasarım alanından Otomasyon seçilir

2021-10-21 14:40:48 - [TEST_STEP][PASSED] - Sipariş bilgileri UUC-SAT-1200001 ve 31.04.2020 olarak girilir: Sipariş bilgileri UUC-SAT-1200001 ve 31.04.2020 olarak girilir

2021-10-21 14:40:48 - [MESSAGE][PASSED] - Sipariş bilgileri UUC-SAT-1200001 ve 31.04.2020 olarak girilir

2021-10-21 14:40:48 - [TEST_STEP][PASSED] - İrsaliye Bilgileri AAAAAAAAAA,31.04.2020 olarak girilir: İrsaliye Bilgileri AAAAAAAAAA,31.04.2020 olarak girilir

2021-10-21 14:40:48 - [MESSAGE][PASSED] - İrsaliye Bilgileri AAAAAAAAAA,31.04.2020 olarak girilir

2021-10-21 14:40:48 - [TEST_STEP][PASSED] - Ekle butonuna basılır: Ekle butonuna basılır

2021-10-21 14:40:48 - [MESSAGE][PASSED] - Ekle butonuna basılır

2021-10-21 14:40:48 - [TEST_STEP][PASSED] - Ürün ekleme alanında Mal/Hizmet başlığına Otomasyon girilir: Ürün ekleme alanında Mal/Hizmet başlığına Otomasyon girilir

2021-10-21 14:40:48 - [MESSAGE][PASSED] - Ürün ekleme alanında Mal/Hizmet başlığına Otomasyon girilir

2021-10-21 14:40:48 - [TEST_STEP][PASSED] - Ürün ekleme alanında Açıklaması başlığına Virgosol girilir: Ürün ekleme alanında Açıklaması başlığına Virgosol girilir

2021-10-21 14:40:48 - [MESSAGE][PASSED] - Ürün ekleme alanında Açıklaması başlığına Virgosol girilir

2021-10-21 14:40:48 - [TEST_STEP][PASSED] - Ürün ekleme alanında Miktarı başlığına 400 girilir: Ürün ekleme alanında Miktarı başlığına 400 girilir

2021-10-21 14:40:48 - [MESSAGE][PASSED] - Ürün ekleme alanında Miktarı başlığına 400 girilir

2021-10-21 14:40:48 - [TEST_STEP][PASSED] - Ürün ekleme alanında Birim Fiyat başlığına 100 girilir: Ürün ekleme alanında Birim Fiyat başlığına 100 girilir

2021-10-21 14:40:48 - [MESSAGE][PASSED] - Ürün ekleme alanında Birim Fiyat başlığına 100 girilir

2021-10-21 14:40:48 - [TEST_STEP][PASSED] - Ürün ekleme alanında İskonto Oranı % başlığına 10 girilir: Ürün ekleme alanında İskonto Oranı % başlığına 10 girilir

2021-10-21 14:40:48 - [MESSAGE][PASSED] - Ürün ekleme alanında İskonto Oranı % başlığına 10 girilir

2021-10-21 14:40:48 - [TEST_STEP][PASSED] - Ürün ekleme alanında KDV TEVKİFAT Kodu başlığına 604 - YEMEK SERVİS HİZMETİ girilir: Ürün ekleme alanında KDV TEVKİFAT Kodu başlığına 604 - YEMEK SERVİS HİZMETİ girilir

2021-10-21 14:40:48 - [MESSAGE][PASSED] - Ürün ekleme alanında KDV TEVKİFAT Kodu başlığına 604 - YEMEK SERVİS HİZMETİ girilir

2021-10-21 14:40:48 - [TEST_STEP][PASSED] - Notlar alanına Otomasyon Not girilir: Notlar alanına Otomasyon Not girilir

2021-10-21 14:40:48 - [MESSAGE][PASSED] - Notlar alanına Otomasyon Not girilir

2021-10-21 14:40:48 - [TEST_STEP][PASSED] - Ettn bilgisi kayıt edilir: Ettn bilgisi kayıt edilir

2021-10-21 14:40:48 - [MESSAGE][PASSED] - Ettn bilgisi kayıt edilir

2021-10-21 14:40:48 - [TEST_STEP][PASSED] - Kaydet butonu seçilir: Kaydet butonu seçilir

2021-10-21 14:40:48 - [MESSAGE][PASSED] - Kaydet butonu seçilir

2021-10-21 14:40:48 - [TEST_STEP][PASSED] - Tabloda Ettn bilgisi kaydedilen veri oluşturuldu mu: Tabloda Ettn bilgisi kaydedilen veri oluşturuldu mu

2021-10-21 14:40:48 - [MESSAGE][PASSED] - Tabloda Ettn bilgisi kaydedilen veri oluşturuldu mu

2021-10-21 14:40:48 - [TEST_STEP][PASSED] - Tablodan Ettn bilgisi kaydedilen veri seçilir: Tablodan Ettn bilgisi kaydedilen veri seçilir

2021-10-21 14:40:48 - [MESSAGE][PASSED] - Tablodan Ettn bilgisi kaydedilen veri seçilir

2021-10-21 14:40:48 - [TEST_STEP][PASSED] - Butonlardan Numara Oluştur isimli butona tıklanır: Butonlardan Numara Oluştur isimli butona tıklanır

2021-10-21 14:40:48 - [MESSAGE][PASSED] - Butonlardan Numara Oluştur isimli butona tıklanır

2021-10-21 14:40:48 - [TEST_STEP][PASSED] - Popup mesajı Devam etmek istiyor musunuz içeriyor mu: Popup mesajı Devam etmek istiyor musunuz içeriyor mu

2021-10-21 14:40:48 - [MESSAGE][PASSED] - Popup mesajı Devam etmek istiyor musunuz içeriyor mu

2021-10-21 14:40:48 - [TEST_STEP][PASSED] - Yönetim popupında Evet seçilir: Yönetim popupında Evet seçilir

2021-10-21 14:40:48 - [MESSAGE][PASSED] - Yönetim popupında Evet seçilir

2021-10-21 14:40:48 - [TEST_STEP][PASSED] - Popup mesajı oluşmuştur içeriyor mu: Popup mesajı oluşmuştur içeriyor mu

2021-10-21 14:40:48 - [MESSAGE][PASSED] - Popup mesajı oluşmuştur içeriyor mu

2021-10-21 14:40:48 - [TEST_STEP][PASSED] - Yönetim popupında Tamam seçilir: Yönetim popupında Tamam seçilir

2021-10-21 14:40:48 - [MESSAGE][PASSED] - Yönetim popupında Tamam seçilir

2021-10-21 14:40:48 - [TEST_STEP][PASSED] - Tablodan Ettn bilgisi kaydedilen veri seçilir: Tablodan Ettn bilgisi kaydedilen veri seçilir

2021-10-21 14:40:48 - [MESSAGE][PASSED] - Tablodan Ettn bilgisi kaydedilen veri seçilir

2021-10-21 14:40:48 - [TEST_STEP][PASSED] - Butonlardan Gönder isimli butona tıklanır: Butonlardan Gönder isimli butona tıklanır

2021-10-21 14:40:48 - [MESSAGE][PASSED] - Butonlardan Gönder isimli butona tıklanır

2021-10-21 14:40:48 - [TEST_STEP][PASSED] - Popup mesajı Devam etmek istiyor musunuz içeriyor mu: Popup mesajı Devam etmek istiyor musunuz içeriyor mu

2021-10-21 14:40:48 - [MESSAGE][PASSED] - Popup mesajı Devam etmek istiyor musunuz içeriyor mu

2021-10-21 14:40:48 - [TEST_STEP][PASSED] - Yönetim popupında Evet seçilir: Yönetim popupında Evet seçilir

2021-10-21 14:40:48 - [MESSAGE][PASSED] - Yönetim popupında Evet seçilir

2021-10-21 14:40:48 - [TEST_STEP][PASSED] - Ana menüden e-Arşiv seçilir: Ana menüden e-Arşiv seçilir

2021-10-21 14:40:48 - [MESSAGE][PASSED] - Ana menüden e-Arşiv seçilir

2021-10-21 14:40:48 - [TEST_STEP][PASSED] - Alt menü e-Arşiv Hareketleri başlığı altındaki e-Arşiv Faturaları seçilir: Alt menü e-Arşiv Hareketleri başlığı altındaki e-Arşiv Faturaları seçilir

2021-10-21 14:40:48 - [MESSAGE][PASSED] - Alt menü e-Arşiv Hareketleri başlığı altındaki e-Arşiv Faturaları seçilir

2021-10-21 14:40:48 - [TEST_STEP][PASSED] - Filtrelerden Ettn filtresine Ettn bilgisi yaz: Filtrelerden Ettn filtresine Ettn bilgisi yaz

2021-10-21 14:40:48 - [MESSAGE][PASSED] - Filtrelerden Ettn filtresine Ettn bilgisi yaz

2021-10-21 14:40:48 - [TEST_STEP][PASSED] - Filtre butonlarından Listele seçilir: Filtre butonlarından Listele seçilir

2021-10-21 14:40:48 - [MESSAGE][PASSED] - Filtre butonlarından Listele seçilir

2021-10-21 14:40:48 - [TEST_STEP][PASSED] - Tabloda veri var mı kontrol edilir: Tabloda veri var mı kontrol edilir

2021-10-21 14:40:48 - [MESSAGE][PASSED] - Tabloda veri var mı kontrol edilir

2021-10-21 14:40:48 - [TEST_STEP][PASSED] - Tabloda yeni oluşturulan eArsiv verisi başarılı mı: Tabloda yeni oluşturulan eArsiv verisi başarılı mı

2021-10-21 14:40:48 - [MESSAGE][PASSED] - Tabloda yeni oluşturulan eArsiv verisi başarılı mı

2021-10-21 14:40:48 - [TEST_STEP][PASSED] - Kullanıcı işlemlerinden Çıkış seçilir: Kullanıcı işlemlerinden Çıkış seçilir

2021-10-21 14:40:48 - [MESSAGE][PASSED] - Kullanıcı işlemlerinden Çıkış seçilir

2021-10-21 14:40:48 - [MESSAGE][PASSED] - Feature file: 'Include/features/Regresyon/e-Arsiv/VKN-Kagit-Tevkifat.feature' was passed

2021-10-21 14:40:48 - [TEST_STEP][PASSED] - Start listener action : sampleAfterTestSuite: Invoke 'com.kms.katalon.core.annotation.AfterTestCase' method: 'Listener.sampleAfterTestSuite(...)' completed.

2021-10-21 14:40:48 - [MESSAGE][INFO] - Starting invoke 'com.kms.katalon.core.annotation.AfterTestCase' method: 'Listener.sampleAfterTestSuite(...)'

2021-10-21 14:40:48 - [TEST_STEP][PASSED] - closeBrowser(): Invoke 'com.kms.katalon.core.annotation.AfterTestCase' method: 'Listener.sampleAfterTestSuite(...)' completed.

2021-10-21 14:40:48 - [MESSAGE][INFO] - Closing browser

2021-10-21 14:40:48 - [MESSAGE][PASSED] - Browser is closed

2021-10-21 14:40:48 - [MESSAGE][INFO] - Invoke 'com.kms.katalon.core.annotation.AfterTestCase' method: 'Listener.sampleAfterTestSuite(...)' completed.]]></system-out>
         <system-err><![CDATA[]]></system-err>
      </testcase>
      <testcase name="Test Cases/Case Repository/Regresyon/e-Mustahsil Makbuz/TCKN-e-Mustahsil Makbuz" time="83.486" classname="Test Cases/Case Repository/Regresyon/e-Mustahsil Makbuz/TCKN-e-Mustahsil Makbuz" status="PASSED">
         <system-out><![CDATA[2021-10-21 14:40:48 - [TEST_CASE][PASSED] - Test Cases/Case Repository/Regresyon/e-Mustahsil Makbuz/TCKN-e-Mustahsil Makbuz: Test Cases/Case Repository/Regresyon/e-Mustahsil Makbuz/TCKN-e-Mustahsil Makbuz

2021-10-21 14:40:48 - [TEST_STEP][PASSED] - Start listener action : sampleBeforeTestSuite: Invoke 'com.kms.katalon.core.annotation.BeforeTestCase' method: 'Listener.sampleBeforeTestSuite(...)' completed.

2021-10-21 14:40:48 - [MESSAGE][INFO] - Starting invoke 'com.kms.katalon.core.annotation.BeforeTestCase' method: 'Listener.sampleBeforeTestSuite(...)'

2021-10-21 14:40:48 - [TEST_STEP][PASSED] - openBrowser(baseUrl): Browser is opened with url: 'https://efatura-stage.elogo.com.tr/'

2021-10-21 14:40:48 - [MESSAGE][INFO] - Opening browser

2021-10-21 14:40:48 - [MESSAGE][INFO] - Starting 'Chrome' driver

2021-10-21 14:40:48 - [MESSAGE][INFO] - User set preference: ['prefs', '{download.default_directory=C:\otomasyondownfiles}']

2021-10-21 14:40:48 - [MESSAGE][INFO] - Action delay is set to 0 milliseconds

2021-10-21 14:40:50 - [MESSAGE][INFO] - Navigating browser to: 'https://efatura-stage.elogo.com.tr/'

2021-10-21 14:40:52 - [MESSAGE][PASSED] - Browser is opened with url: 'https://efatura-stage.elogo.com.tr/'

2021-10-21 14:40:52 - [TEST_STEP][PASSED] - maximizeWindow(): Invoke 'com.kms.katalon.core.annotation.BeforeTestCase' method: 'Listener.sampleBeforeTestSuite(...)' completed.

2021-10-21 14:40:52 - [MESSAGE][INFO] - Maximizing current window

2021-10-21 14:40:53 - [MESSAGE][PASSED] - Current window maximized

2021-10-21 14:40:53 - [MESSAGE][INFO] - Invoke 'com.kms.katalon.core.annotation.BeforeTestCase' method: 'Listener.sampleBeforeTestSuite(...)' completed.

2021-10-21 14:40:53 - [TEST_STEP][PASSED] - runFeatureFile("Include/features/Regresyon/e-Mustahsil Makbuz/TCKN-e-Mustahsil Makbuz.feature"): Feature file: 'Include/features/Regresyon/e-Mustahsil Makbuz/TCKN-e-Mustahsil Makbuz.feature' was passed

2021-10-21 14:40:53 - [MESSAGE][INFO] - Starting run keyword runFeatureFile: 'Include/features/Regresyon/e-Mustahsil Makbuz/TCKN-e-Mustahsil Makbuz.feature' and extract report to folder: 'C:\Users\DELL\Downloads\EES_Katalon-main\Reports\20211021_140437\Suite Repository\Regresyon-eArsiv-eMakbuz\20211021_140449/cucumber_report/1634816453673'...

2021-10-21 14:40:53 - [MESSAGE][INFO] - Glue: []

2021-10-21 14:40:54 - [MESSAGE][INFO] - Checking called Test Case

2021-10-21 14:40:54 - [MESSAGE][INFO] - Starting to call Test Case 'Test Cases/Sayfalar/Giris_Sayfasi/Login'

2021-10-21 14:40:54 - [TEST_CASE][PASSED] - Test Cases/Sayfalar/Giris_Sayfasi/Login: Test Cases/Sayfalar/Giris_Sayfasi/Login

2021-10-21 14:40:54 - [TEST_STEP][PASSED] - Sayfa_Basligi = getWindowTitle(): Current window's title is: 'LOGO e-Fatura'

2021-10-21 14:40:54 - [MESSAGE][INFO] - Getting current window's title

2021-10-21 14:40:54 - [MESSAGE][PASSED] - Current window's title is: 'LOGO e-Fatura'

2021-10-21 14:40:54 - [TEST_STEP][PASSED] - verifyMatch(Sayfa_Basligi, "LOGO e-Fatura", false): Actual text 'LOGO e-Fatura' and expected text 'LOGO e-Fatura' are matched 

2021-10-21 14:40:54 - [MESSAGE][INFO] - Matching actual text 'LOGO e-Fatura' with expected text 'LOGO e-Fatura'

2021-10-21 14:40:54 - [MESSAGE][PASSED] - Actual text 'LOGO e-Fatura' and expected text 'LOGO e-Fatura' are matched 

2021-10-21 14:40:54 - [TEST_STEP][PASSED] - sendKeys(findTestObject("Sayfalar/Giris_Sayfasi/Firma_Kodu"), KullaniciAdi): Keys 'ELOGO6' sent to object: 'Object Repository/Sayfalar/Giris_Sayfasi/Firma_Kodu'

2021-10-21 14:40:54 - [MESSAGE][INFO] - Finding Test Object 'Object Repository/Sayfalar/Giris_Sayfasi/Firma_Kodu'

2021-10-21 14:40:54 - [MESSAGE][INFO] - Sending keys 'ELOGO6' to object: 'Object Repository/Sayfalar/Giris_Sayfasi/Firma_Kodu'

2021-10-21 14:40:54 - [MESSAGE][INFO] - Finding web element from Test Object's properties

2021-10-21 14:40:54 - [MESSAGE][INFO] - Checking timeout

2021-10-21 14:40:54 - [MESSAGE][INFO] - Finding web element with id: 'Object Repository/Sayfalar/Giris_Sayfasi/Firma_Kodu' located by 'By.xpath: //*[@id = 'AccountName']' in '30' second(s)

2021-10-21 14:40:54 - [MESSAGE][INFO] - Smart Wait Function is triggered

2021-10-21 14:40:55 - [MESSAGE][INFO] - Found 1 web elements with id: 'Object Repository/Sayfalar/Giris_Sayfasi/Firma_Kodu' located by 'By.xpath: //*[@id = 'AccountName']' in '30' second(s)

2021-10-21 14:40:55 - [MESSAGE][PASSED] - Keys 'ELOGO6' sent to object: 'Object Repository/Sayfalar/Giris_Sayfasi/Firma_Kodu'

2021-10-21 14:40:55 - [TEST_STEP][PASSED] - sendKeys(findTestObject("Sayfalar/Giris_Sayfasi/Sifre"), Sifre): Keys '123456' sent to object: 'Object Repository/Sayfalar/Giris_Sayfasi/Sifre'

2021-10-21 14:40:55 - [MESSAGE][INFO] - Finding Test Object 'Object Repository/Sayfalar/Giris_Sayfasi/Sifre'

2021-10-21 14:40:55 - [MESSAGE][INFO] - Sending keys '123456' to object: 'Object Repository/Sayfalar/Giris_Sayfasi/Sifre'

2021-10-21 14:40:55 - [MESSAGE][INFO] - Finding web element from Test Object's properties

2021-10-21 14:40:55 - [MESSAGE][INFO] - Checking timeout

2021-10-21 14:40:55 - [MESSAGE][INFO] - Finding web element with id: 'Object Repository/Sayfalar/Giris_Sayfasi/Sifre' located by 'By.xpath: //*[@id = 'Password']' in '30' second(s)

2021-10-21 14:40:55 - [MESSAGE][INFO] - Smart Wait Function is triggered

2021-10-21 14:40:55 - [MESSAGE][INFO] - Found 1 web elements with id: 'Object Repository/Sayfalar/Giris_Sayfasi/Sifre' located by 'By.xpath: //*[@id = 'Password']' in '30' second(s)

2021-10-21 14:40:56 - [MESSAGE][PASSED] - Keys '123456' sent to object: 'Object Repository/Sayfalar/Giris_Sayfasi/Sifre'

2021-10-21 14:40:56 - [TEST_STEP][PASSED] - findWebElement(findTestObject("Sayfalar/Giris_Sayfasi/Giris_Butonu")).click(): Found 1 web elements with id: 'Object Repository/Sayfalar/Giris_Sayfasi/Giris_Butonu' located by 'By.cssSelector: #btnLogin' in '30' second(s)

2021-10-21 14:40:56 - [MESSAGE][INFO] - Finding Test Object 'Object Repository/Sayfalar/Giris_Sayfasi/Giris_Butonu'

2021-10-21 14:40:56 - [MESSAGE][INFO] - Finding web element from Test Object's properties

2021-10-21 14:40:56 - [MESSAGE][INFO] - Checking timeout

2021-10-21 14:40:56 - [MESSAGE][INFO] - Finding web element with id: 'Object Repository/Sayfalar/Giris_Sayfasi/Giris_Butonu' located by 'By.cssSelector: #btnLogin' in '30' second(s)

2021-10-21 14:40:56 - [MESSAGE][INFO] - Smart Wait Function is triggered

2021-10-21 14:40:56 - [MESSAGE][INFO] - Found 1 web elements with id: 'Object Repository/Sayfalar/Giris_Sayfasi/Giris_Butonu' located by 'By.cssSelector: #btnLogin' in '30' second(s)

2021-10-21 14:40:59 - [TEST_STEP][PASSED] - if (verifyElementPresent(findTestObject("Object Repository/Sayfalar/Giris_Sayfasi/RetveTamam_Butonu"), 5, OPTIONAL)): null

2021-10-21 14:40:59 - [MESSAGE][INFO] - Finding Test Object 'Object Repository/Sayfalar/Giris_Sayfasi/RetveTamam_Butonu'

2021-10-21 14:40:59 - [MESSAGE][INFO] - Checking object

2021-10-21 14:40:59 - [MESSAGE][INFO] - Finding web element from Test Object's properties

2021-10-21 14:40:59 - [MESSAGE][INFO] - Checking timeout

2021-10-21 14:40:59 - [MESSAGE][INFO] - Finding web element with id: 'Object Repository/Sayfalar/Giris_Sayfasi/RetveTamam_Butonu' located by 'By.xpath: //*[@class = 'btn btn-default']' in '5' second(s)

2021-10-21 14:40:59 - [MESSAGE][INFO] - Smart Wait Function is triggered

2021-10-21 14:40:59 - [MESSAGE][INFO] - Found 1 web elements with id: 'Object Repository/Sayfalar/Giris_Sayfasi/RetveTamam_Butonu' located by 'By.xpath: //*[@class = 'btn btn-default']' in '5' second(s)

2021-10-21 14:40:59 - [MESSAGE][PASSED] - Object 'Object Repository/Sayfalar/Giris_Sayfasi/RetveTamam_Butonu' is present

2021-10-21 14:40:59 - [TEST_STEP][PASSED] - click(findTestObject("Object Repository/Sayfalar/Giris_Sayfasi/RetveTamam_Butonu")): Object: 'Object Repository/Sayfalar/Giris_Sayfasi/RetveTamam_Butonu' is clicked on

2021-10-21 14:40:59 - [MESSAGE][INFO] - Finding Test Object 'Object Repository/Sayfalar/Giris_Sayfasi/RetveTamam_Butonu'

2021-10-21 14:40:59 - [MESSAGE][INFO] - Checking object

2021-10-21 14:40:59 - [MESSAGE][INFO] - Finding web element from Test Object's properties

2021-10-21 14:40:59 - [MESSAGE][INFO] - Checking timeout

2021-10-21 14:40:59 - [MESSAGE][INFO] - Finding web element with id: 'Object Repository/Sayfalar/Giris_Sayfasi/RetveTamam_Butonu' located by 'By.xpath: //*[@class = 'btn btn-default']' in '30' second(s)

2021-10-21 14:40:59 - [MESSAGE][INFO] - Smart Wait Function is triggered

2021-10-21 14:41:00 - [MESSAGE][INFO] - Found 1 web elements with id: 'Object Repository/Sayfalar/Giris_Sayfasi/RetveTamam_Butonu' located by 'By.xpath: //*[@class = 'btn btn-default']' in '30' second(s)

2021-10-21 14:41:00 - [MESSAGE][INFO] - Clicking on object: 'Object Repository/Sayfalar/Giris_Sayfasi/RetveTamam_Butonu'

2021-10-21 14:41:00 - [MESSAGE][PASSED] - Object: 'Object Repository/Sayfalar/Giris_Sayfasi/RetveTamam_Butonu' is clicked on

2021-10-21 14:41:00 - [TEST_STEP][PASSED] - click(findTestObject("Object Repository/Sayfalar/Giris_Sayfasi/RetveTamam_Butonu")): Object: 'Object Repository/Sayfalar/Giris_Sayfasi/RetveTamam_Butonu' is clicked on

2021-10-21 14:41:00 - [MESSAGE][INFO] - Finding Test Object 'Object Repository/Sayfalar/Giris_Sayfasi/RetveTamam_Butonu'

2021-10-21 14:41:00 - [MESSAGE][INFO] - Checking object

2021-10-21 14:41:00 - [MESSAGE][INFO] - Finding web element from Test Object's properties

2021-10-21 14:41:00 - [MESSAGE][INFO] - Checking timeout

2021-10-21 14:41:00 - [MESSAGE][INFO] - Finding web element with id: 'Object Repository/Sayfalar/Giris_Sayfasi/RetveTamam_Butonu' located by 'By.xpath: //*[@class = 'btn btn-default']' in '30' second(s)

2021-10-21 14:41:00 - [MESSAGE][INFO] - Smart Wait Function is triggered

2021-10-21 14:41:05 - [MESSAGE][INFO] - Found 1 web elements with id: 'Object Repository/Sayfalar/Giris_Sayfasi/RetveTamam_Butonu' located by 'By.xpath: //*[@class = 'btn btn-default']' in '30' second(s)

2021-10-21 14:41:05 - [MESSAGE][INFO] - Clicking on object: 'Object Repository/Sayfalar/Giris_Sayfasi/RetveTamam_Butonu'

2021-10-21 14:41:05 - [MESSAGE][PASSED] - Object: 'Object Repository/Sayfalar/Giris_Sayfasi/RetveTamam_Butonu' is clicked on

2021-10-21 14:41:05 - [TEST_STEP][PASSED] - if (verifyElementPresent(findTestObject("Sayfalar/Giris_Sayfasi/PopupOK"), 5, OPTIONAL)): null

2021-10-21 14:41:05 - [MESSAGE][INFO] - Finding Test Object 'Object Repository/Sayfalar/Giris_Sayfasi/PopupOK'

2021-10-21 14:41:06 - [MESSAGE][INFO] - Checking object

2021-10-21 14:41:06 - [MESSAGE][INFO] - Finding web element from Test Object's properties

2021-10-21 14:41:06 - [MESSAGE][INFO] - Checking timeout

2021-10-21 14:41:06 - [MESSAGE][INFO] - Finding web element with id: 'Object Repository/Sayfalar/Giris_Sayfasi/PopupOK' located by 'By.cssSelector: .btn.btn-success' in '5' second(s)

2021-10-21 14:41:06 - [MESSAGE][INFO] - Smart Wait Function is triggered

2021-10-21 14:41:06 - [MESSAGE][INFO] - Found 1 web elements with id: 'Object Repository/Sayfalar/Giris_Sayfasi/PopupOK' located by 'By.cssSelector: .btn.btn-success' in '5' second(s)

2021-10-21 14:41:06 - [MESSAGE][PASSED] - Object 'Object Repository/Sayfalar/Giris_Sayfasi/PopupOK' is present

2021-10-21 14:41:06 - [TEST_STEP][PASSED] - click(findTestObject("Object Repository/Sayfalar/Giris_Sayfasi/PopupCarpiGiris")): Object: 'Object Repository/Sayfalar/Giris_Sayfasi/PopupCarpiGiris' is clicked on

2021-10-21 14:41:06 - [MESSAGE][INFO] - Finding Test Object 'Object Repository/Sayfalar/Giris_Sayfasi/PopupCarpiGiris'

2021-10-21 14:41:06 - [MESSAGE][INFO] - Checking object

2021-10-21 14:41:06 - [MESSAGE][INFO] - Finding web element from Test Object's properties

2021-10-21 14:41:06 - [MESSAGE][INFO] - Checking timeout

2021-10-21 14:41:06 - [MESSAGE][INFO] - Finding web element with id: 'Object Repository/Sayfalar/Giris_Sayfasi/PopupCarpiGiris' located by 'By.cssSelector: .bootbox-close-button.close' in '30' second(s)

2021-10-21 14:41:06 - [MESSAGE][INFO] - Smart Wait Function is triggered

2021-10-21 14:41:07 - [MESSAGE][INFO] - Found 1 web elements with id: 'Object Repository/Sayfalar/Giris_Sayfasi/PopupCarpiGiris' located by 'By.cssSelector: .bootbox-close-button.close' in '30' second(s)

2021-10-21 14:41:07 - [MESSAGE][INFO] - Clicking on object: 'Object Repository/Sayfalar/Giris_Sayfasi/PopupCarpiGiris'

2021-10-21 14:41:07 - [MESSAGE][PASSED] - Object: 'Object Repository/Sayfalar/Giris_Sayfasi/PopupCarpiGiris' is clicked on

2021-10-21 14:41:07 - [TEST_STEP][PASSED] - verifyElementVisible(findTestObject("Object Repository/Kullanici_Islemleri/KullaniciIslemleri")): Object 'Object Repository/Kullanici_Islemleri/KullaniciIslemleri' is visible

2021-10-21 14:41:07 - [MESSAGE][INFO] - Finding Test Object 'Object Repository/Kullanici_Islemleri/KullaniciIslemleri'

2021-10-21 14:41:07 - [MESSAGE][INFO] - Checking object

2021-10-21 14:41:07 - [MESSAGE][INFO] - Finding web element from Test Object's properties

2021-10-21 14:41:07 - [MESSAGE][INFO] - Checking timeout

2021-10-21 14:41:07 - [MESSAGE][INFO] - Finding web element with id: 'Object Repository/Kullanici_Islemleri/KullaniciIslemleri' located by 'By.cssSelector: .dropdown>a>img' in '30' second(s)

2021-10-21 14:41:07 - [MESSAGE][INFO] - Smart Wait Function is triggered

2021-10-21 14:41:07 - [MESSAGE][INFO] - Found 1 web elements with id: 'Object Repository/Kullanici_Islemleri/KullaniciIslemleri' located by 'By.cssSelector: .dropdown>a>img' in '30' second(s)

2021-10-21 14:41:07 - [MESSAGE][PASSED] - Object 'Object Repository/Kullanici_Islemleri/KullaniciIslemleri' is visible

2021-10-21 14:41:07 - [MESSAGE][PASSED] - Call Test Case 'Test Cases/Sayfalar/Giris_Sayfasi/Login' successfully

2021-10-21 14:41:07 - [MESSAGE][INFO] - Checking called Test Case

2021-10-21 14:41:07 - [MESSAGE][INFO] - Starting to call Test Case 'Test Cases/Menu/AnaMenuSecimi'

2021-10-21 14:41:08 - [TEST_CASE][PASSED] - Test Cases/Menu/AnaMenuSecimi: Test Cases/Menu/AnaMenuSecimi

2021-10-21 14:41:08 - [TEST_STEP][PASSED] - Method.TextDegerineEsitElementeTikla(findTestObject("Menu/Ana_Menu"), Ana_Menu): Method.TextDegerineEsitElementeTikla is PASSED

2021-10-21 14:41:08 - [MESSAGE][INFO] - Finding Test Object 'Object Repository/Menu/Ana_Menu'

2021-10-21 14:41:08 - [MESSAGE][INFO] - Checking timeout

2021-10-21 14:41:08 - [MESSAGE][INFO] - Finding web element with id: 'Object Repository/Menu/Ana_Menu' located by 'By.xpath: //*[@class = 'dropdown-toggle']' in '10' second(s)

2021-10-21 14:41:08 - [MESSAGE][INFO] - Smart Wait Function is triggered

2021-10-21 14:41:08 - [MESSAGE][INFO] - Found 14 web elements with id: 'Object Repository/Menu/Ana_Menu' located by 'By.xpath: //*[@class = 'dropdown-toggle']' in '10' second(s)

2021-10-21 14:41:08 - [MESSAGE][PASSED] - Method.TextDegerineEsitElementeTikla is PASSED

2021-10-21 14:41:08 - [MESSAGE][PASSED] - Call Test Case 'Test Cases/Menu/AnaMenuSecimi' successfully

2021-10-21 14:41:08 - [MESSAGE][INFO] - Checking called Test Case

2021-10-21 14:41:08 - [MESSAGE][INFO] - Starting to call Test Case 'Test Cases/Menu/BasligaGoreAltMenuSecimi'

2021-10-21 14:41:08 - [TEST_CASE][PASSED] - Test Cases/Menu/BasligaGoreAltMenuSecimi: Test Cases/Menu/BasligaGoreAltMenuSecimi

2021-10-21 14:41:08 - [TEST_STEP][PASSED] - Method.TextDegerineEsitElementinAltindakiTextDegerineEsitOlanaTikla(findTestObject("Menu/Menu_Basligi"), findTestObject("Menu/Basliga_Gore_Alt_Menu"), Baslik, Alt_Menu): Method.TextDegerineEsitElementinAltindakiTextDegerineEsitOlanaTikla is PASSED

2021-10-21 14:41:08 - [MESSAGE][INFO] - Finding Test Object 'Object Repository/Menu/Menu_Basligi'

2021-10-21 14:41:08 - [MESSAGE][INFO] - Finding Test Object 'Object Repository/Menu/Basliga_Gore_Alt_Menu'

2021-10-21 14:41:08 - [MESSAGE][INFO] - Checking timeout

2021-10-21 14:41:08 - [MESSAGE][INFO] - Finding web element with id: 'Object Repository/Menu/Menu_Basligi' located by 'By.xpath: //li[@class='dropdown dropdown-large open']//li[@class='dropdown-header']' in '10' second(s)

2021-10-21 14:41:08 - [MESSAGE][INFO] - Smart Wait Function is triggered

2021-10-21 14:41:09 - [MESSAGE][INFO] - Found 2 web elements with id: 'Object Repository/Menu/Menu_Basligi' located by 'By.xpath: //li[@class='dropdown dropdown-large open']//li[@class='dropdown-header']' in '10' second(s)

2021-10-21 14:41:09 - [MESSAGE][INFO] - Smart Wait Function is triggered

2021-10-21 14:41:11 - [MESSAGE][PASSED] - Method.TextDegerineEsitElementinAltindakiTextDegerineEsitOlanaTikla is PASSED

2021-10-21 14:41:11 - [MESSAGE][PASSED] - Call Test Case 'Test Cases/Menu/BasligaGoreAltMenuSecimi' successfully

2021-10-21 14:41:11 - [MESSAGE][INFO] - Checking called Test Case

2021-10-21 14:41:11 - [MESSAGE][INFO] - Starting to call Test Case 'Test Cases/Tablo/Olusturma Tarihi'

2021-10-21 14:41:11 - [TEST_CASE][PASSED] - Test Cases/Tablo/Olusturma Tarihi: Test Cases/Tablo/Olusturma Tarihi

2021-10-21 14:41:11 - [TEST_STEP][PASSED] - if (verifyTextNotPresent("Görüntülenecek veri yok", true, OPTIONAL)): null

2021-10-21 14:41:11 - [MESSAGE][INFO] - Checking text present  using regular expression

2021-10-21 14:41:11 - [MESSAGE][INFO] - Smart Wait Function is triggered

2021-10-21 14:41:12 - [MESSAGE][INFO] - Finding text 'Görüntülenecek veri yok' on page  using regular expression

2021-10-21 14:41:12 - [MESSAGE][PASSED] - Text 'Görüntülenecek veri yok' is not present on page using regular expression

2021-10-21 14:41:12 - [TEST_STEP][PASSED] - click(findTestObject("Temizle/Olusturma_Tarihi_CheckBox")): Object: 'Object Repository/Temizle/Olusturma_Tarihi_CheckBox' is clicked on

2021-10-21 14:41:12 - [MESSAGE][INFO] - Finding Test Object 'Object Repository/Temizle/Olusturma_Tarihi_CheckBox'

2021-10-21 14:41:12 - [MESSAGE][INFO] - Checking object

2021-10-21 14:41:12 - [MESSAGE][INFO] - Finding web element from Test Object's properties

2021-10-21 14:41:12 - [MESSAGE][INFO] - Checking timeout

2021-10-21 14:41:12 - [MESSAGE][INFO] - Finding web element with id: 'Object Repository/Temizle/Olusturma_Tarihi_CheckBox' located by 'By.xpath: //*[@title = 'Bu sayfadaki tüm satırları Seç']' in '30' second(s)

2021-10-21 14:41:12 - [MESSAGE][INFO] - Smart Wait Function is triggered

2021-10-21 14:41:12 - [MESSAGE][INFO] - Found 1 web elements with id: 'Object Repository/Temizle/Olusturma_Tarihi_CheckBox' located by 'By.xpath: //*[@title = 'Bu sayfadaki tüm satırları Seç']' in '30' second(s)

2021-10-21 14:41:12 - [MESSAGE][INFO] - Clicking on object: 'Object Repository/Temizle/Olusturma_Tarihi_CheckBox'

2021-10-21 14:41:12 - [MESSAGE][PASSED] - Object: 'Object Repository/Temizle/Olusturma_Tarihi_CheckBox' is clicked on

2021-10-21 14:41:12 - [TEST_STEP][PASSED] - Method.TextDegerineEsitElementeTiklaEquals(findTestObject("Butonlar/Butonlar"), "Sil"): Method.TextDegerineEsitElementeTiklaEquals is PASSED

2021-10-21 14:41:12 - [MESSAGE][INFO] - Finding Test Object 'Object Repository/Butonlar/Butonlar'

2021-10-21 14:41:12 - [MESSAGE][INFO] - Checking timeout

2021-10-21 14:41:12 - [MESSAGE][INFO] - Finding web element with id: 'Object Repository/Butonlar/Butonlar' located by 'By.cssSelector: .panel.panel-default.text-center.footerPanel .btn,.btn.btn-primary.btnControls' in '10' second(s)

2021-10-21 14:41:12 - [MESSAGE][INFO] - Smart Wait Function is triggered

2021-10-21 14:41:13 - [MESSAGE][INFO] - Found 7 web elements with id: 'Object Repository/Butonlar/Butonlar' located by 'By.cssSelector: .panel.panel-default.text-center.footerPanel .btn,.btn.btn-primary.btnControls' in '10' second(s)

2021-10-21 14:41:13 - [MESSAGE][PASSED] - Method.TextDegerineEsitElementeTiklaEquals is PASSED

2021-10-21 14:41:13 - [TEST_STEP][PASSED] - Method.TextDegerineEsitElementeTikla(findTestObject("Popup/Popup_Butons"), "Evet"): Method.TextDegerineEsitElementeTikla is PASSED

2021-10-21 14:41:13 - [MESSAGE][INFO] - Finding Test Object 'Object Repository/Popup/Popup_Butons'

2021-10-21 14:41:13 - [MESSAGE][INFO] - Checking timeout

2021-10-21 14:41:13 - [MESSAGE][INFO] - Finding web element with id: 'Object Repository/Popup/Popup_Butons' located by 'By.cssSelector: .modal-footer>button' in '10' second(s)

2021-10-21 14:41:13 - [MESSAGE][INFO] - Smart Wait Function is triggered

2021-10-21 14:41:14 - [MESSAGE][INFO] - Found 2 web elements with id: 'Object Repository/Popup/Popup_Butons' located by 'By.cssSelector: .modal-footer>button' in '10' second(s)

2021-10-21 14:41:14 - [MESSAGE][PASSED] - Method.TextDegerineEsitElementeTikla is PASSED

2021-10-21 14:41:14 - [TEST_STEP][PASSED] - Method.TextDegerineEsitElementeTikla(findTestObject("Popup/Popup_Butons"), "Tamam"): Method.TextDegerineEsitElementeTikla is PASSED

2021-10-21 14:41:14 - [MESSAGE][INFO] - Finding Test Object 'Object Repository/Popup/Popup_Butons'

2021-10-21 14:41:14 - [MESSAGE][INFO] - Checking timeout

2021-10-21 14:41:14 - [MESSAGE][INFO] - Finding web element with id: 'Object Repository/Popup/Popup_Butons' located by 'By.cssSelector: .modal-footer>button' in '10' second(s)

2021-10-21 14:41:14 - [MESSAGE][INFO] - Smart Wait Function is triggered

2021-10-21 14:41:15 - [MESSAGE][INFO] - Found 1 web elements with id: 'Object Repository/Popup/Popup_Butons' located by 'By.cssSelector: .modal-footer>button' in '10' second(s)

2021-10-21 14:41:15 - [MESSAGE][PASSED] - Method.TextDegerineEsitElementeTikla is PASSED

2021-10-21 14:41:15 - [MESSAGE][PASSED] - Call Test Case 'Test Cases/Tablo/Olusturma Tarihi' successfully

2021-10-21 14:41:15 - [MESSAGE][INFO] - Checking called Test Case

2021-10-21 14:41:15 - [MESSAGE][INFO] - Starting to call Test Case 'Test Cases/Butonlar/ButonaTikla'

2021-10-21 14:41:15 - [TEST_CASE][PASSED] - Test Cases/Butonlar/ButonaTikla: Test Cases/Butonlar/ButonaTikla

2021-10-21 14:41:15 - [TEST_STEP][PASSED] - Method.TextDegerineEsitElementeTiklaEquals(findTestObject("Butonlar/Butonlar"), Buton_Adi): Method.TextDegerineEsitElementeTiklaEquals is PASSED

2021-10-21 14:41:15 - [MESSAGE][INFO] - Finding Test Object 'Object Repository/Butonlar/Butonlar'

2021-10-21 14:41:15 - [MESSAGE][INFO] - Checking timeout

2021-10-21 14:41:15 - [MESSAGE][INFO] - Finding web element with id: 'Object Repository/Butonlar/Butonlar' located by 'By.cssSelector: .panel.panel-default.text-center.footerPanel .btn,.btn.btn-primary.btnControls' in '10' second(s)

2021-10-21 14:41:15 - [MESSAGE][INFO] - Smart Wait Function is triggered

2021-10-21 14:41:16 - [MESSAGE][INFO] - Found 7 web elements with id: 'Object Repository/Butonlar/Butonlar' located by 'By.cssSelector: .panel.panel-default.text-center.footerPanel .btn,.btn.btn-primary.btnControls' in '10' second(s)

2021-10-21 14:41:16 - [MESSAGE][PASSED] - Method.TextDegerineEsitElementeTiklaEquals is PASSED

2021-10-21 14:41:16 - [MESSAGE][PASSED] - Call Test Case 'Test Cases/Butonlar/ButonaTikla' successfully

2021-10-21 14:41:16 - [MESSAGE][INFO] - Checking called Test Case

2021-10-21 14:41:16 - [MESSAGE][INFO] - Starting to call Test Case 'Test Cases/Olusturma/Genel/GorselTasarimSayfasıBasligiIceriyorMu'

2021-10-21 14:41:16 - [TEST_CASE][PASSED] - Test Cases/Olusturma/Genel/GorselTasarimSayfasıBasligiIceriyorMu: Test Cases/Olusturma/Genel/GorselTasarimSayfasıBasligiIceriyorMu

2021-10-21 14:41:16 - [TEST_STEP][PASSED] - verifyElementText(findTestObject("Object Repository/Olusturma/Genel/GorselTasarimBaslik"), Baslik): Actual text and expected text of test object 'Object Repository/Olusturma/Genel/GorselTasarimBaslik' are matched.

2021-10-21 14:41:16 - [MESSAGE][INFO] - Finding Test Object 'Object Repository/Olusturma/Genel/GorselTasarimBaslik'

2021-10-21 14:41:16 - [MESSAGE][INFO] - Checking object

2021-10-21 14:41:16 - [MESSAGE][INFO] - Finding web element from Test Object's properties

2021-10-21 14:41:16 - [MESSAGE][INFO] - Checking timeout

2021-10-21 14:41:16 - [MESSAGE][INFO] - Finding web element with id: 'Object Repository/Olusturma/Genel/GorselTasarimBaslik' located by 'By.cssSelector: #flAlici_0>div>span' in '30' second(s)

2021-10-21 14:41:16 - [MESSAGE][INFO] - Smart Wait Function is triggered

2021-10-21 14:41:18 - [MESSAGE][INFO] - Found 1 web elements with id: 'Object Repository/Olusturma/Genel/GorselTasarimBaslik' located by 'By.cssSelector: #flAlici_0>div>span' in '30' second(s)

2021-10-21 14:41:18 - [MESSAGE][PASSED] - Actual text and expected text of test object 'Object Repository/Olusturma/Genel/GorselTasarimBaslik' are matched.

2021-10-21 14:41:18 - [MESSAGE][PASSED] - Call Test Case 'Test Cases/Olusturma/Genel/GorselTasarimSayfasıBasligiIceriyorMu' successfully

2021-10-21 14:41:18 - [MESSAGE][INFO] - Checking called Test Case

2021-10-21 14:41:18 - [MESSAGE][INFO] - Starting to call Test Case 'Test Cases/Olusturma/Genel/AliciSecilir'

2021-10-21 14:41:18 - [TEST_CASE][PASSED] - Test Cases/Olusturma/Genel/AliciSecilir: Test Cases/Olusturma/Genel/AliciSecilir

2021-10-21 14:41:18 - [TEST_STEP][PASSED] - click(findTestObject("Olusturma/Genel/AliciBilgisi/Alici_Ara")): Object: 'Object Repository/Olusturma/Genel/AliciBilgisi/Alici_Ara' is clicked on

2021-10-21 14:41:18 - [MESSAGE][INFO] - Finding Test Object 'Object Repository/Olusturma/Genel/AliciBilgisi/Alici_Ara'

2021-10-21 14:41:18 - [MESSAGE][INFO] - Checking object

2021-10-21 14:41:18 - [MESSAGE][INFO] - Finding web element from Test Object's properties

2021-10-21 14:41:18 - [MESSAGE][INFO] - Checking timeout

2021-10-21 14:41:18 - [MESSAGE][INFO] - Finding web element with id: 'Object Repository/Olusturma/Genel/AliciBilgisi/Alici_Ara' located by 'By.xpath: //td[@id='txtCustomerText_B-1']' in '30' second(s)

2021-10-21 14:41:18 - [MESSAGE][INFO] - Smart Wait Function is triggered

2021-10-21 14:41:18 - [MESSAGE][INFO] - Found 1 web elements with id: 'Object Repository/Olusturma/Genel/AliciBilgisi/Alici_Ara' located by 'By.xpath: //td[@id='txtCustomerText_B-1']' in '30' second(s)

2021-10-21 14:41:18 - [MESSAGE][INFO] - Clicking on object: 'Object Repository/Olusturma/Genel/AliciBilgisi/Alici_Ara'

2021-10-21 14:41:19 - [MESSAGE][PASSED] - Object: 'Object Repository/Olusturma/Genel/AliciBilgisi/Alici_Ara' is clicked on

2021-10-21 14:41:19 - [TEST_STEP][PASSED] - click(findTestObject("Olusturma/Genel/AliciBilgisi/Alici_Bilgisi")): Object: 'Object Repository/Olusturma/Genel/AliciBilgisi/Alici_Bilgisi' is clicked on

2021-10-21 14:41:19 - [MESSAGE][INFO] - Finding Test Object 'Object Repository/Olusturma/Genel/AliciBilgisi/Alici_Bilgisi'

2021-10-21 14:41:19 - [MESSAGE][INFO] - Checking object

2021-10-21 14:41:19 - [MESSAGE][INFO] - Finding web element from Test Object's properties

2021-10-21 14:41:19 - [MESSAGE][INFO] - Checking timeout

2021-10-21 14:41:19 - [MESSAGE][INFO] - Finding web element with id: 'Object Repository/Olusturma/Genel/AliciBilgisi/Alici_Bilgisi' located by 'By.xpath: //iframe[@id='customerselectiframe']' in '30' second(s)

2021-10-21 14:41:19 - [MESSAGE][INFO] - Smart Wait Function is triggered

2021-10-21 14:41:19 - [MESSAGE][INFO] - Found 1 web elements with id: 'Object Repository/Olusturma/Genel/AliciBilgisi/Alici_Bilgisi' located by 'By.xpath: //iframe[@id='customerselectiframe']' in '30' second(s)

2021-10-21 14:41:19 - [MESSAGE][INFO] - Clicking on object: 'Object Repository/Olusturma/Genel/AliciBilgisi/Alici_Bilgisi'

2021-10-21 14:41:19 - [MESSAGE][PASSED] - Object: 'Object Repository/Olusturma/Genel/AliciBilgisi/Alici_Bilgisi' is clicked on

2021-10-21 14:41:19 - [TEST_STEP][PASSED] - setText(findTestObject("Olusturma/Genel/AliciBilgisi/Alici_Gir"), Alici_Adi): Switching to default content

2021-10-21 14:41:19 - [MESSAGE][INFO] - Finding Test Object 'Object Repository/Olusturma/Genel/AliciBilgisi/Alici_Gir'

2021-10-21 14:41:19 - [MESSAGE][INFO] - Finding Test Object 'Object Repository/Olusturma/Genel/AliciBilgisi/Alici_Bilgisi'

2021-10-21 14:41:19 - [MESSAGE][INFO] - Checking object

2021-10-21 14:41:19 - [MESSAGE][INFO] - Checking text

2021-10-21 14:41:19 - [MESSAGE][INFO] - Object: 'Object Repository/Olusturma/Genel/AliciBilgisi/Alici_Gir' has parent object(s)

2021-10-21 14:41:19 - [MESSAGE][INFO] - Switching to iframe: 'Object Repository/Olusturma/Genel/AliciBilgisi/Alici_Bilgisi'

2021-10-21 14:41:19 - [MESSAGE][INFO] - Finding web element from Test Object's properties

2021-10-21 14:41:19 - [MESSAGE][INFO] - Checking timeout

2021-10-21 14:41:19 - [MESSAGE][INFO] - Finding web element with id: 'Object Repository/Olusturma/Genel/AliciBilgisi/Alici_Bilgisi' located by 'By.xpath: //iframe[@id='customerselectiframe']' in '30' second(s)

2021-10-21 14:41:19 - [MESSAGE][INFO] - Smart Wait Function is triggered

2021-10-21 14:41:20 - [MESSAGE][INFO] - Found 1 web elements with id: 'Object Repository/Olusturma/Genel/AliciBilgisi/Alici_Bilgisi' located by 'By.xpath: //iframe[@id='customerselectiframe']' in '30' second(s)

2021-10-21 14:41:20 - [MESSAGE][INFO] - Switched to iframe: 'Object Repository/Olusturma/Genel/AliciBilgisi/Alici_Bilgisi'

2021-10-21 14:41:20 - [MESSAGE][INFO] - Finding web element from Test Object's properties

2021-10-21 14:41:20 - [MESSAGE][INFO] - Checking timeout

2021-10-21 14:41:20 - [MESSAGE][INFO] - Finding web element with id: 'Object Repository/Olusturma/Genel/AliciBilgisi/Alici_Gir' located by 'By.xpath: //input[@id='GridViewCustomer_DXFREditorcol1_I']' in '30' second(s)

2021-10-21 14:41:20 - [MESSAGE][INFO] - Smart Wait Function is triggered

2021-10-21 14:41:20 - [MESSAGE][INFO] - Found 1 web elements with id: 'Object Repository/Olusturma/Genel/AliciBilgisi/Alici_Gir' located by 'By.xpath: //input[@id='GridViewCustomer_DXFREditorcol1_I']' in '30' second(s)

2021-10-21 14:41:20 - [MESSAGE][INFO] - Clearing text of object 'Object Repository/Olusturma/Genel/AliciBilgisi/Alici_Gir'

2021-10-21 14:41:20 - [MESSAGE][INFO] - Finding web element from Test Object's properties

2021-10-21 14:41:20 - [MESSAGE][INFO] - Checking timeout

2021-10-21 14:41:20 - [MESSAGE][INFO] - Finding web element with id: 'Object Repository/Olusturma/Genel/AliciBilgisi/Alici_Gir' located by 'By.xpath: //input[@id='GridViewCustomer_DXFREditorcol1_I']' in '30' second(s)

2021-10-21 14:41:20 - [MESSAGE][INFO] - Smart Wait Function is triggered

2021-10-21 14:41:20 - [MESSAGE][INFO] - Found 1 web elements with id: 'Object Repository/Olusturma/Genel/AliciBilgisi/Alici_Gir' located by 'By.xpath: //input[@id='GridViewCustomer_DXFREditorcol1_I']' in '30' second(s)

2021-10-21 14:41:20 - [MESSAGE][INFO] - Setting text of object 'Object Repository/Olusturma/Genel/AliciBilgisi/Alici_Gir' to value 'UC0038'

2021-10-21 14:41:20 - [MESSAGE][PASSED] - Text 'UC0038' is set on object 'Object Repository/Olusturma/Genel/AliciBilgisi/Alici_Gir'

2021-10-21 14:41:20 - [MESSAGE][INFO] - Switching to default content

2021-10-21 14:41:20 - [TEST_STEP][PASSED] - waitForElementClickable(findTestObject("Olusturma/Genel/AliciBilgisi/Alici_Adi"), 10): Switching to default content

2021-10-21 14:41:20 - [MESSAGE][INFO] - Finding Test Object 'Object Repository/Olusturma/Genel/AliciBilgisi/Alici_Adi'

2021-10-21 14:41:20 - [MESSAGE][INFO] - Finding Test Object 'Object Repository/Olusturma/Genel/AliciBilgisi/iframe_Alc Bilgisi_customerselectiframe'

2021-10-21 14:41:20 - [MESSAGE][INFO] - Checking object

2021-10-21 14:41:20 - [MESSAGE][INFO] - Checking timeout

2021-10-21 14:41:20 - [MESSAGE][INFO] - Object: 'Object Repository/Olusturma/Genel/AliciBilgisi/Alici_Adi' has parent object(s)

2021-10-21 14:41:20 - [MESSAGE][INFO] - Switching to iframe: 'Object Repository/Olusturma/Genel/AliciBilgisi/iframe_Alc Bilgisi_customerselectiframe'

2021-10-21 14:41:20 - [MESSAGE][INFO] - Finding web element from Test Object's properties

2021-10-21 14:41:20 - [MESSAGE][INFO] - Checking timeout

2021-10-21 14:41:20 - [MESSAGE][INFO] - Finding web element with id: 'Object Repository/Olusturma/Genel/AliciBilgisi/iframe_Alc Bilgisi_customerselectiframe' located by 'By.xpath: //iframe[@id='customerselectiframe']' in '10' second(s)

2021-10-21 14:41:20 - [MESSAGE][INFO] - Smart Wait Function is triggered

2021-10-21 14:41:20 - [MESSAGE][INFO] - Found 1 web elements with id: 'Object Repository/Olusturma/Genel/AliciBilgisi/iframe_Alc Bilgisi_customerselectiframe' located by 'By.xpath: //iframe[@id='customerselectiframe']' in '10' second(s)

2021-10-21 14:41:20 - [MESSAGE][INFO] - Switched to iframe: 'Object Repository/Olusturma/Genel/AliciBilgisi/iframe_Alc Bilgisi_customerselectiframe'

2021-10-21 14:41:20 - [MESSAGE][INFO] - Finding web element from Test Object's properties

2021-10-21 14:41:20 - [MESSAGE][INFO] - Checking timeout

2021-10-21 14:41:20 - [MESSAGE][INFO] - Finding web element with id: 'Object Repository/Olusturma/Genel/AliciBilgisi/Alici_Adi' located by 'By.xpath: //tr[@id='GridViewCustomer_DXDataRow0']/td[2]' in '10' second(s)

2021-10-21 14:41:20 - [MESSAGE][INFO] - Smart Wait Function is triggered

2021-10-21 14:41:20 - [MESSAGE][INFO] - Found 1 web elements with id: 'Object Repository/Olusturma/Genel/AliciBilgisi/Alici_Adi' located by 'By.xpath: //tr[@id='GridViewCustomer_DXDataRow0']/td[2]' in '10' second(s)

2021-10-21 14:41:20 - [MESSAGE][PASSED] - Object 'Object Repository/Olusturma/Genel/AliciBilgisi/Alici_Adi' is clickable

2021-10-21 14:41:20 - [MESSAGE][INFO] - Switching to default content

2021-10-21 14:41:20 - [TEST_STEP][PASSED] - click(findTestObject("Olusturma/Genel/AliciBilgisi/frame")): Switching to default content

2021-10-21 14:41:20 - [MESSAGE][INFO] - Finding Test Object 'Object Repository/Olusturma/Genel/AliciBilgisi/frame'

2021-10-21 14:41:20 - [MESSAGE][INFO] - Finding Test Object 'Object Repository/Olusturma/Genel/AliciBilgisi/iframe_Alc Bilgisi_customerselectiframe'

2021-10-21 14:41:20 - [MESSAGE][INFO] - Checking object

2021-10-21 14:41:20 - [MESSAGE][INFO] - Object: 'Object Repository/Olusturma/Genel/AliciBilgisi/frame' has parent object(s)

2021-10-21 14:41:20 - [MESSAGE][INFO] - Switching to iframe: 'Object Repository/Olusturma/Genel/AliciBilgisi/iframe_Alc Bilgisi_customerselectiframe'

2021-10-21 14:41:20 - [MESSAGE][INFO] - Finding web element from Test Object's properties

2021-10-21 14:41:20 - [MESSAGE][INFO] - Checking timeout

2021-10-21 14:41:20 - [MESSAGE][INFO] - Finding web element with id: 'Object Repository/Olusturma/Genel/AliciBilgisi/iframe_Alc Bilgisi_customerselectiframe' located by 'By.xpath: //iframe[@id='customerselectiframe']' in '30' second(s)

2021-10-21 14:41:20 - [MESSAGE][INFO] - Smart Wait Function is triggered

2021-10-21 14:41:21 - [MESSAGE][INFO] - Found 1 web elements with id: 'Object Repository/Olusturma/Genel/AliciBilgisi/iframe_Alc Bilgisi_customerselectiframe' located by 'By.xpath: //iframe[@id='customerselectiframe']' in '30' second(s)

2021-10-21 14:41:21 - [MESSAGE][INFO] - Switched to iframe: 'Object Repository/Olusturma/Genel/AliciBilgisi/iframe_Alc Bilgisi_customerselectiframe'

2021-10-21 14:41:21 - [MESSAGE][INFO] - Finding web element from Test Object's properties

2021-10-21 14:41:21 - [MESSAGE][INFO] - Checking timeout

2021-10-21 14:41:21 - [MESSAGE][INFO] - Finding web element with id: 'Object Repository/Olusturma/Genel/AliciBilgisi/frame' located by 'By.xpath: //*/text()[normalize-space(.)='']/parent::*' in '30' second(s)

2021-10-21 14:41:21 - [MESSAGE][INFO] - Smart Wait Function is triggered

2021-10-21 14:41:21 - [MESSAGE][INFO] - Found 73 web elements with id: 'Object Repository/Olusturma/Genel/AliciBilgisi/frame' located by 'By.xpath: //*/text()[normalize-space(.)='']/parent::*' in '30' second(s)

2021-10-21 14:41:21 - [MESSAGE][INFO] - Clicking on object: 'Object Repository/Olusturma/Genel/AliciBilgisi/frame'

2021-10-21 14:41:21 - [MESSAGE][PASSED] - Object: 'Object Repository/Olusturma/Genel/AliciBilgisi/frame' is clicked on

2021-10-21 14:41:21 - [MESSAGE][INFO] - Switching to default content

2021-10-21 14:41:21 - [TEST_STEP][PASSED] - click(findTestObject("Olusturma/Genel/AliciBilgisi/Alici_Adi")): Switching to default content

2021-10-21 14:41:21 - [MESSAGE][INFO] - Finding Test Object 'Object Repository/Olusturma/Genel/AliciBilgisi/Alici_Adi'

2021-10-21 14:41:21 - [MESSAGE][INFO] - Finding Test Object 'Object Repository/Olusturma/Genel/AliciBilgisi/iframe_Alc Bilgisi_customerselectiframe'

2021-10-21 14:41:21 - [MESSAGE][INFO] - Checking object

2021-10-21 14:41:21 - [MESSAGE][INFO] - Object: 'Object Repository/Olusturma/Genel/AliciBilgisi/Alici_Adi' has parent object(s)

2021-10-21 14:41:21 - [MESSAGE][INFO] - Switching to iframe: 'Object Repository/Olusturma/Genel/AliciBilgisi/iframe_Alc Bilgisi_customerselectiframe'

2021-10-21 14:41:21 - [MESSAGE][INFO] - Finding web element from Test Object's properties

2021-10-21 14:41:21 - [MESSAGE][INFO] - Checking timeout

2021-10-21 14:41:21 - [MESSAGE][INFO] - Finding web element with id: 'Object Repository/Olusturma/Genel/AliciBilgisi/iframe_Alc Bilgisi_customerselectiframe' located by 'By.xpath: //iframe[@id='customerselectiframe']' in '30' second(s)

2021-10-21 14:41:21 - [MESSAGE][INFO] - Smart Wait Function is triggered

2021-10-21 14:41:21 - [MESSAGE][INFO] - Found 1 web elements with id: 'Object Repository/Olusturma/Genel/AliciBilgisi/iframe_Alc Bilgisi_customerselectiframe' located by 'By.xpath: //iframe[@id='customerselectiframe']' in '30' second(s)

2021-10-21 14:41:21 - [MESSAGE][INFO] - Switched to iframe: 'Object Repository/Olusturma/Genel/AliciBilgisi/iframe_Alc Bilgisi_customerselectiframe'

2021-10-21 14:41:21 - [MESSAGE][INFO] - Finding web element from Test Object's properties

2021-10-21 14:41:21 - [MESSAGE][INFO] - Checking timeout

2021-10-21 14:41:21 - [MESSAGE][INFO] - Finding web element with id: 'Object Repository/Olusturma/Genel/AliciBilgisi/Alici_Adi' located by 'By.xpath: //tr[@id='GridViewCustomer_DXDataRow0']/td[2]' in '30' second(s)

2021-10-21 14:41:21 - [MESSAGE][INFO] - Smart Wait Function is triggered

2021-10-21 14:41:22 - [MESSAGE][INFO] - Found 1 web elements with id: 'Object Repository/Olusturma/Genel/AliciBilgisi/Alici_Adi' located by 'By.xpath: //tr[@id='GridViewCustomer_DXDataRow0']/td[2]' in '30' second(s)

2021-10-21 14:41:22 - [MESSAGE][INFO] - Clicking on object: 'Object Repository/Olusturma/Genel/AliciBilgisi/Alici_Adi'

2021-10-21 14:41:22 - [MESSAGE][PASSED] - Object: 'Object Repository/Olusturma/Genel/AliciBilgisi/Alici_Adi' is clicked on

2021-10-21 14:41:22 - [MESSAGE][INFO] - Switching to default content

2021-10-21 14:41:22 - [TEST_STEP][PASSED] - click(findTestObject("Olusturma/Genel/AliciBilgisi/Tamam_Bosluk")): Switching to default content

2021-10-21 14:41:22 - [MESSAGE][INFO] - Finding Test Object 'Object Repository/Olusturma/Genel/AliciBilgisi/Tamam_Bosluk'

2021-10-21 14:41:22 - [MESSAGE][INFO] - Finding Test Object 'Object Repository/Olusturma/Genel/AliciBilgisi/Alici_Bilgisi'

2021-10-21 14:41:22 - [MESSAGE][INFO] - Checking object

2021-10-21 14:41:22 - [MESSAGE][INFO] - Object: 'Object Repository/Olusturma/Genel/AliciBilgisi/Tamam_Bosluk' has parent object(s)

2021-10-21 14:41:22 - [MESSAGE][INFO] - Switching to iframe: 'Object Repository/Olusturma/Genel/AliciBilgisi/Alici_Bilgisi'

2021-10-21 14:41:22 - [MESSAGE][INFO] - Finding web element from Test Object's properties

2021-10-21 14:41:22 - [MESSAGE][INFO] - Checking timeout

2021-10-21 14:41:22 - [MESSAGE][INFO] - Finding web element with id: 'Object Repository/Olusturma/Genel/AliciBilgisi/Alici_Bilgisi' located by 'By.xpath: //iframe[@id='customerselectiframe']' in '30' second(s)

2021-10-21 14:41:22 - [MESSAGE][INFO] - Smart Wait Function is triggered

2021-10-21 14:41:22 - [MESSAGE][INFO] - Found 1 web elements with id: 'Object Repository/Olusturma/Genel/AliciBilgisi/Alici_Bilgisi' located by 'By.xpath: //iframe[@id='customerselectiframe']' in '30' second(s)

2021-10-21 14:41:22 - [MESSAGE][INFO] - Switched to iframe: 'Object Repository/Olusturma/Genel/AliciBilgisi/Alici_Bilgisi'

2021-10-21 14:41:22 - [MESSAGE][INFO] - Finding web element from Test Object's properties

2021-10-21 14:41:22 - [MESSAGE][INFO] - Checking timeout

2021-10-21 14:41:22 - [MESSAGE][INFO] - Finding web element with id: 'Object Repository/Olusturma/Genel/AliciBilgisi/Tamam_Bosluk' located by 'By.xpath: (.//*[normalize-space(text()) and normalize-space(.)='Sayfa Boyutu:'])[1]/following::div[7]' in '30' second(s)

2021-10-21 14:41:22 - [MESSAGE][INFO] - Smart Wait Function is triggered

2021-10-21 14:41:23 - [MESSAGE][INFO] - Found 1 web elements with id: 'Object Repository/Olusturma/Genel/AliciBilgisi/Tamam_Bosluk' located by 'By.xpath: (.//*[normalize-space(text()) and normalize-space(.)='Sayfa Boyutu:'])[1]/following::div[7]' in '30' second(s)

2021-10-21 14:41:23 - [MESSAGE][INFO] - Clicking on object: 'Object Repository/Olusturma/Genel/AliciBilgisi/Tamam_Bosluk'

2021-10-21 14:41:23 - [MESSAGE][PASSED] - Object: 'Object Repository/Olusturma/Genel/AliciBilgisi/Tamam_Bosluk' is clicked on

2021-10-21 14:41:23 - [MESSAGE][INFO] - Switching to default content

2021-10-21 14:41:23 - [TEST_STEP][PASSED] - waitForElementClickable(findTestObject("Olusturma/Genel/AliciBilgisi/Tamam_Butonu"), 10): Switching to default content

2021-10-21 14:41:23 - [MESSAGE][INFO] - Finding Test Object 'Object Repository/Olusturma/Genel/AliciBilgisi/Tamam_Butonu'

2021-10-21 14:41:23 - [MESSAGE][INFO] - Finding Test Object 'Object Repository/Olusturma/Genel/AliciBilgisi/Alici_Bilgisi'

2021-10-21 14:41:23 - [MESSAGE][INFO] - Checking object

2021-10-21 14:41:23 - [MESSAGE][INFO] - Checking timeout

2021-10-21 14:41:23 - [MESSAGE][INFO] - Object: 'Object Repository/Olusturma/Genel/AliciBilgisi/Tamam_Butonu' has parent object(s)

2021-10-21 14:41:23 - [MESSAGE][INFO] - Switching to iframe: 'Object Repository/Olusturma/Genel/AliciBilgisi/Alici_Bilgisi'

2021-10-21 14:41:23 - [MESSAGE][INFO] - Finding web element from Test Object's properties

2021-10-21 14:41:23 - [MESSAGE][INFO] - Checking timeout

2021-10-21 14:41:23 - [MESSAGE][INFO] - Finding web element with id: 'Object Repository/Olusturma/Genel/AliciBilgisi/Alici_Bilgisi' located by 'By.xpath: //iframe[@id='customerselectiframe']' in '10' second(s)

2021-10-21 14:41:23 - [MESSAGE][INFO] - Smart Wait Function is triggered

2021-10-21 14:41:24 - [MESSAGE][INFO] - Found 1 web elements with id: 'Object Repository/Olusturma/Genel/AliciBilgisi/Alici_Bilgisi' located by 'By.xpath: //iframe[@id='customerselectiframe']' in '10' second(s)

2021-10-21 14:41:24 - [MESSAGE][INFO] - Switched to iframe: 'Object Repository/Olusturma/Genel/AliciBilgisi/Alici_Bilgisi'

2021-10-21 14:41:24 - [MESSAGE][INFO] - Finding web element from Test Object's properties

2021-10-21 14:41:24 - [MESSAGE][INFO] - Checking timeout

2021-10-21 14:41:24 - [MESSAGE][INFO] - Finding web element with id: 'Object Repository/Olusturma/Genel/AliciBilgisi/Tamam_Butonu' located by 'By.xpath: //div[@id='btnSelectCustomer_CD']/span' in '10' second(s)

2021-10-21 14:41:24 - [MESSAGE][INFO] - Smart Wait Function is triggered

2021-10-21 14:41:24 - [MESSAGE][INFO] - Found 1 web elements with id: 'Object Repository/Olusturma/Genel/AliciBilgisi/Tamam_Butonu' located by 'By.xpath: //div[@id='btnSelectCustomer_CD']/span' in '10' second(s)

2021-10-21 14:41:24 - [MESSAGE][PASSED] - Object 'Object Repository/Olusturma/Genel/AliciBilgisi/Tamam_Butonu' is clickable

2021-10-21 14:41:24 - [MESSAGE][INFO] - Switching to default content

2021-10-21 14:41:24 - [TEST_STEP][PASSED] - click(findTestObject("Olusturma/Genel/AliciBilgisi/Tamam_Butonu")): Switching to default content

2021-10-21 14:41:24 - [MESSAGE][INFO] - Finding Test Object 'Object Repository/Olusturma/Genel/AliciBilgisi/Tamam_Butonu'

2021-10-21 14:41:24 - [MESSAGE][INFO] - Finding Test Object 'Object Repository/Olusturma/Genel/AliciBilgisi/Alici_Bilgisi'

2021-10-21 14:41:24 - [MESSAGE][INFO] - Checking object

2021-10-21 14:41:24 - [MESSAGE][INFO] - Object: 'Object Repository/Olusturma/Genel/AliciBilgisi/Tamam_Butonu' has parent object(s)

2021-10-21 14:41:24 - [MESSAGE][INFO] - Switching to iframe: 'Object Repository/Olusturma/Genel/AliciBilgisi/Alici_Bilgisi'

2021-10-21 14:41:24 - [MESSAGE][INFO] - Finding web element from Test Object's properties

2021-10-21 14:41:24 - [MESSAGE][INFO] - Checking timeout

2021-10-21 14:41:24 - [MESSAGE][INFO] - Finding web element with id: 'Object Repository/Olusturma/Genel/AliciBilgisi/Alici_Bilgisi' located by 'By.xpath: //iframe[@id='customerselectiframe']' in '30' second(s)

2021-10-21 14:41:24 - [MESSAGE][INFO] - Smart Wait Function is triggered

2021-10-21 14:41:24 - [MESSAGE][INFO] - Found 1 web elements with id: 'Object Repository/Olusturma/Genel/AliciBilgisi/Alici_Bilgisi' located by 'By.xpath: //iframe[@id='customerselectiframe']' in '30' second(s)

2021-10-21 14:41:24 - [MESSAGE][INFO] - Switched to iframe: 'Object Repository/Olusturma/Genel/AliciBilgisi/Alici_Bilgisi'

2021-10-21 14:41:24 - [MESSAGE][INFO] - Finding web element from Test Object's properties

2021-10-21 14:41:24 - [MESSAGE][INFO] - Checking timeout

2021-10-21 14:41:24 - [MESSAGE][INFO] - Finding web element with id: 'Object Repository/Olusturma/Genel/AliciBilgisi/Tamam_Butonu' located by 'By.xpath: //div[@id='btnSelectCustomer_CD']/span' in '30' second(s)

2021-10-21 14:41:24 - [MESSAGE][INFO] - Smart Wait Function is triggered

2021-10-21 14:41:24 - [MESSAGE][INFO] - Found 1 web elements with id: 'Object Repository/Olusturma/Genel/AliciBilgisi/Tamam_Butonu' located by 'By.xpath: //div[@id='btnSelectCustomer_CD']/span' in '30' second(s)

2021-10-21 14:41:24 - [MESSAGE][INFO] - Clicking on object: 'Object Repository/Olusturma/Genel/AliciBilgisi/Tamam_Butonu'

2021-10-21 14:41:24 - [MESSAGE][PASSED] - Object: 'Object Repository/Olusturma/Genel/AliciBilgisi/Tamam_Butonu' is clicked on

2021-10-21 14:41:24 - [MESSAGE][INFO] - Switching to default content

2021-10-21 14:41:24 - [TEST_STEP][PASSED] - waitForElementPresent(findTestObject("Olusturma/Genel/AliciBilgisi/VKN-TCKN"), 10): Object 'Object Repository/Olusturma/Genel/AliciBilgisi/VKN-TCKN' is present

2021-10-21 14:41:24 - [MESSAGE][INFO] - Finding Test Object 'Object Repository/Olusturma/Genel/AliciBilgisi/VKN-TCKN'

2021-10-21 14:41:25 - [MESSAGE][INFO] - Checking object

2021-10-21 14:41:25 - [MESSAGE][INFO] - Finding web element from Test Object's properties

2021-10-21 14:41:25 - [MESSAGE][INFO] - Checking timeout

2021-10-21 14:41:25 - [MESSAGE][INFO] - Finding web element with id: 'Object Repository/Olusturma/Genel/AliciBilgisi/VKN-TCKN' located by 'By.xpath: //*[@id = 'txtVknTckn_I']' in '10' second(s)

2021-10-21 14:41:25 - [MESSAGE][INFO] - Smart Wait Function is triggered

2021-10-21 14:41:25 - [MESSAGE][INFO] - Found 1 web elements with id: 'Object Repository/Olusturma/Genel/AliciBilgisi/VKN-TCKN' located by 'By.xpath: //*[@id = 'txtVknTckn_I']' in '10' second(s)

2021-10-21 14:41:25 - [MESSAGE][PASSED] - Object 'Object Repository/Olusturma/Genel/AliciBilgisi/VKN-TCKN' is present

2021-10-21 14:41:25 - [TEST_STEP][PASSED] - text = getAttribute(findTestObject("Olusturma/Genel/AliciBilgisi/VKN-TCKN"), "value"): Attribute 'value' of object 'Object Repository/Olusturma/Genel/AliciBilgisi/VKN-TCKN' is: '5324269312'

2021-10-21 14:41:25 - [MESSAGE][INFO] - Finding Test Object 'Object Repository/Olusturma/Genel/AliciBilgisi/VKN-TCKN'

2021-10-21 14:41:25 - [MESSAGE][INFO] - Checking object

2021-10-21 14:41:25 - [MESSAGE][INFO] - Checking attribute

2021-10-21 14:41:25 - [MESSAGE][INFO] - Finding web element from Test Object's properties

2021-10-21 14:41:25 - [MESSAGE][INFO] - Checking timeout

2021-10-21 14:41:25 - [MESSAGE][INFO] - Finding web element with id: 'Object Repository/Olusturma/Genel/AliciBilgisi/VKN-TCKN' located by 'By.xpath: //*[@id = 'txtVknTckn_I']' in '30' second(s)

2021-10-21 14:41:25 - [MESSAGE][INFO] - Smart Wait Function is triggered

2021-10-21 14:41:25 - [MESSAGE][INFO] - Found 1 web elements with id: 'Object Repository/Olusturma/Genel/AliciBilgisi/VKN-TCKN' located by 'By.xpath: //*[@id = 'txtVknTckn_I']' in '30' second(s)

2021-10-21 14:41:25 - [MESSAGE][INFO] - Getting attribute 'value' of object 'Object Repository/Olusturma/Genel/AliciBilgisi/VKN-TCKN'

2021-10-21 14:41:25 - [MESSAGE][PASSED] - Attribute 'value' of object 'Object Repository/Olusturma/Genel/AliciBilgisi/VKN-TCKN' is: '5324269312'

2021-10-21 14:41:25 - [TEST_STEP][PASSED] - if (text.equals("")): null

2021-10-21 14:41:25 - [MESSAGE][PASSED] - Call Test Case 'Test Cases/Olusturma/Genel/AliciSecilir' successfully

2021-10-21 14:41:25 - [MESSAGE][INFO] - Checking called Test Case

2021-10-21 14:41:25 - [MESSAGE][INFO] - Starting to call Test Case 'Test Cases/Olusturma/Genel/EkleButonunaBasilir'

2021-10-21 14:41:25 - [TEST_CASE][PASSED] - Test Cases/Olusturma/Genel/EkleButonunaBasilir: Test Cases/Olusturma/Genel/EkleButonunaBasilir

2021-10-21 14:41:25 - [TEST_STEP][PASSED] - waitForElementClickable(findTestObject("Object Repository/Olusturma/Genel/Olusturma/Ekle"), 10): Object 'Object Repository/Olusturma/Genel/Olusturma/Ekle' is clickable

2021-10-21 14:41:25 - [MESSAGE][INFO] - Finding Test Object 'Object Repository/Olusturma/Genel/Olusturma/Ekle'

2021-10-21 14:41:26 - [MESSAGE][INFO] - Checking object

2021-10-21 14:41:26 - [MESSAGE][INFO] - Checking timeout

2021-10-21 14:41:26 - [MESSAGE][INFO] - Finding web element from Test Object's properties

2021-10-21 14:41:26 - [MESSAGE][INFO] - Checking timeout

2021-10-21 14:41:26 - [MESSAGE][INFO] - Finding web element with id: 'Object Repository/Olusturma/Genel/Olusturma/Ekle' located by 'By.cssSelector: #divmalhizmet i.fa.fa-plus.fa-lg.text-muted' in '10' second(s)

2021-10-21 14:41:26 - [MESSAGE][INFO] - Smart Wait Function is triggered

2021-10-21 14:41:26 - [MESSAGE][INFO] - Found 1 web elements with id: 'Object Repository/Olusturma/Genel/Olusturma/Ekle' located by 'By.cssSelector: #divmalhizmet i.fa.fa-plus.fa-lg.text-muted' in '10' second(s)

2021-10-21 14:41:26 - [MESSAGE][PASSED] - Object 'Object Repository/Olusturma/Genel/Olusturma/Ekle' is clickable

2021-10-21 14:41:26 - [TEST_STEP][PASSED] - click(findTestObject("Object Repository/Olusturma/Genel/Olusturma/Ekle")): Object: 'Object Repository/Olusturma/Genel/Olusturma/Ekle' is clicked on

2021-10-21 14:41:26 - [MESSAGE][INFO] - Finding Test Object 'Object Repository/Olusturma/Genel/Olusturma/Ekle'

2021-10-21 14:41:26 - [MESSAGE][INFO] - Checking object

2021-10-21 14:41:26 - [MESSAGE][INFO] - Finding web element from Test Object's properties

2021-10-21 14:41:26 - [MESSAGE][INFO] - Checking timeout

2021-10-21 14:41:26 - [MESSAGE][INFO] - Finding web element with id: 'Object Repository/Olusturma/Genel/Olusturma/Ekle' located by 'By.cssSelector: #divmalhizmet i.fa.fa-plus.fa-lg.text-muted' in '30' second(s)

2021-10-21 14:41:26 - [MESSAGE][INFO] - Smart Wait Function is triggered

2021-10-21 14:41:26 - [MESSAGE][INFO] - Found 1 web elements with id: 'Object Repository/Olusturma/Genel/Olusturma/Ekle' located by 'By.cssSelector: #divmalhizmet i.fa.fa-plus.fa-lg.text-muted' in '30' second(s)

2021-10-21 14:41:26 - [MESSAGE][INFO] - Clicking on object: 'Object Repository/Olusturma/Genel/Olusturma/Ekle'

2021-10-21 14:41:27 - [MESSAGE][PASSED] - Object: 'Object Repository/Olusturma/Genel/Olusturma/Ekle' is clicked on

2021-10-21 14:41:27 - [TEST_STEP][PASSED] - waitForElementClickable(findTestObject("Olusturma/Genel/Olusturma/EklenenSatirCarpiImage"), 10): Object 'Object Repository/Olusturma/Genel/Olusturma/EklenenSatirCarpiImage' is clickable

2021-10-21 14:41:27 - [MESSAGE][INFO] - Finding Test Object 'Object Repository/Olusturma/Genel/Olusturma/EklenenSatirCarpiImage'

2021-10-21 14:41:27 - [MESSAGE][INFO] - Checking object

2021-10-21 14:41:27 - [MESSAGE][INFO] - Checking timeout

2021-10-21 14:41:27 - [MESSAGE][INFO] - Finding web element from Test Object's properties

2021-10-21 14:41:27 - [MESSAGE][INFO] - Checking timeout

2021-10-21 14:41:27 - [MESSAGE][INFO] - Finding web element with id: 'Object Repository/Olusturma/Genel/Olusturma/EklenenSatirCarpiImage' located by 'By.cssSelector: .fa.fa-times.fa-lg.text-primary' in '10' second(s)

2021-10-21 14:41:27 - [MESSAGE][INFO] - Smart Wait Function is triggered

2021-10-21 14:41:27 - [MESSAGE][INFO] - Smart Wait Function is triggered

2021-10-21 14:41:28 - [MESSAGE][INFO] - Found 1 web elements with id: 'Object Repository/Olusturma/Genel/Olusturma/EklenenSatirCarpiImage' located by 'By.cssSelector: .fa.fa-times.fa-lg.text-primary' in '10' second(s)

2021-10-21 14:41:28 - [MESSAGE][PASSED] - Object 'Object Repository/Olusturma/Genel/Olusturma/EklenenSatirCarpiImage' is clickable

2021-10-21 14:41:28 - [MESSAGE][PASSED] - Call Test Case 'Test Cases/Olusturma/Genel/EkleButonunaBasilir' successfully

2021-10-21 14:41:28 - [MESSAGE][INFO] - Checking called Test Case

2021-10-21 14:41:28 - [MESSAGE][INFO] - Starting to call Test Case 'Test Cases/Olusturma/Genel/Olusturma'

2021-10-21 14:41:28 - [TEST_CASE][PASSED] - Test Cases/Olusturma/Genel/Olusturma: Test Cases/Olusturma/Genel/Olusturma

2021-10-21 14:41:28 - [TEST_STEP][PASSED] - driver = getWebDriver(): null

2021-10-21 14:41:28 - [TEST_STEP][PASSED] - action = new org.openqa.selenium.interactions.Actions(driver): null

2021-10-21 14:41:28 - [TEST_STEP][PASSED] - baslikElement = <not implemented yet for class: org.codehaus.groovy.ast.expr.EmptyExpression>: null

2021-10-21 14:41:28 - [TEST_STEP][PASSED] - sonElement = <not implemented yet for class: org.codehaus.groovy.ast.expr.EmptyExpression>: null

2021-10-21 14:41:28 - [TEST_STEP][PASSED] - attr = <not implemented yet for class: org.codehaus.groovy.ast.expr.EmptyExpression>: null

2021-10-21 14:41:28 - [TEST_STEP][PASSED] - a = 0: null

2021-10-21 14:41:28 - [TEST_STEP][PASSED] - elements = findWebElements(findTestObject("Object Repository/Olusturma/Genel/Olusturma/TabloBasliklari"), 10): Found 7 web elements with id: 'Object Repository/Olusturma/Genel/Olusturma/TabloBasliklari' located by 'By.cssSelector: div#divmalhizmet .dxgvTable_LECustomTheme td.dxgvHeader_LECustomTheme tr>td:nth-child(1)' in '10' second(s)

2021-10-21 14:41:28 - [MESSAGE][INFO] - Finding Test Object 'Object Repository/Olusturma/Genel/Olusturma/TabloBasliklari'

2021-10-21 14:41:28 - [MESSAGE][INFO] - Checking timeout

2021-10-21 14:41:28 - [MESSAGE][INFO] - Finding web element with id: 'Object Repository/Olusturma/Genel/Olusturma/TabloBasliklari' located by 'By.cssSelector: div#divmalhizmet .dxgvTable_LECustomTheme td.dxgvHeader_LECustomTheme tr>td:nth-child(1)' in '10' second(s)

2021-10-21 14:41:28 - [MESSAGE][INFO] - Smart Wait Function is triggered

2021-10-21 14:41:29 - [MESSAGE][INFO] - Found 7 web elements with id: 'Object Repository/Olusturma/Genel/Olusturma/TabloBasliklari' located by 'By.cssSelector: div#divmalhizmet .dxgvTable_LECustomTheme td.dxgvHeader_LECustomTheme tr>td:nth-child(1)' in '10' second(s)

2021-10-21 14:41:29 - [TEST_STEP][PASSED] - for (def element : elements): null

2021-10-21 14:41:29 - [TEST_STEP][PASSED] - build().perform(): null

2021-10-21 14:41:29 - [TEST_STEP][PASSED] - if (getText().equals(Baslik)): null

2021-10-21 14:41:29 - [TEST_STEP][PASSED] - baslikElement = element.findElement(By.xpath("../../../..")): Smart Wait Function is triggered

2021-10-21 14:41:29 - [MESSAGE][INFO] - Smart Wait Function is triggered

2021-10-21 14:41:29 - [TEST_STEP][PASSED] - attr = baslikElement.getAttribute("id"): null

2021-10-21 14:41:29 - [TEST_STEP][PASSED] - println("girdi ve idsini aldı = " + attr): null

2021-10-21 14:41:29 - [TEST_STEP][PASSED] - break: null

2021-10-21 14:41:29 - [TEST_STEP][PASSED] - countElement = baslikElement.findElements(By.xpath("../td")): Smart Wait Function is triggered

2021-10-21 14:41:29 - [MESSAGE][INFO] - Smart Wait Function is triggered

2021-10-21 14:41:30 - [TEST_STEP][PASSED] - for (def element : countElement): null

2021-10-21 14:41:30 - [TEST_STEP][PASSED] - if (toString().equals(attr.toString())): null

2021-10-21 14:41:30 - [TEST_STEP][PASSED] - (a++): null

2021-10-21 14:41:30 - [TEST_STEP][PASSED] - if (toString().equals(attr.toString())): null

2021-10-21 14:41:30 - [TEST_STEP][PASSED] - break: null

2021-10-21 14:41:30 - [TEST_STEP][PASSED] - son = findWebElement(findTestObject("Object Repository/Olusturma/Genel/Olusturma/EklenenSatir")).findElement(By.xpath("td[@class='dxgvInlineEditCell_LECustomTheme dxgv'][" + a + "]//td[@class='dxic']/input")): Smart Wait Function is triggered

2021-10-21 14:41:30 - [MESSAGE][INFO] - Finding Test Object 'Object Repository/Olusturma/Genel/Olusturma/EklenenSatir'

2021-10-21 14:41:30 - [MESSAGE][INFO] - Finding web element from Test Object's properties

2021-10-21 14:41:30 - [MESSAGE][INFO] - Checking timeout

2021-10-21 14:41:30 - [MESSAGE][INFO] - Finding web element with id: 'Object Repository/Olusturma/Genel/Olusturma/EklenenSatir' located by 'By.cssSelector: #divmalhizmet .dxgvInlineEditRow_LECustomTheme' in '30' second(s)

2021-10-21 14:41:30 - [MESSAGE][INFO] - Smart Wait Function is triggered

2021-10-21 14:41:30 - [MESSAGE][INFO] - Found 1 web elements with id: 'Object Repository/Olusturma/Genel/Olusturma/EklenenSatir' located by 'By.cssSelector: #divmalhizmet .dxgvInlineEditRow_LECustomTheme' in '30' second(s)

2021-10-21 14:41:30 - [MESSAGE][INFO] - Smart Wait Function is triggered

2021-10-21 14:41:30 - [TEST_STEP][PASSED] - if (!(getAttribute("value").contains("Vkn"))): null

2021-10-21 14:41:30 - [TEST_STEP][PASSED] - son.clear(): null

2021-10-21 14:41:30 - [TEST_STEP][PASSED] - son.sendKeys(Deger): null

2021-10-21 14:41:31 - [MESSAGE][PASSED] - Call Test Case 'Test Cases/Olusturma/Genel/Olusturma' successfully

2021-10-21 14:41:31 - [MESSAGE][INFO] - Checking called Test Case

2021-10-21 14:41:31 - [MESSAGE][INFO] - Starting to call Test Case 'Test Cases/Olusturma/Genel/Olusturma'

2021-10-21 14:41:31 - [TEST_CASE][PASSED] - Test Cases/Olusturma/Genel/Olusturma: Test Cases/Olusturma/Genel/Olusturma

2021-10-21 14:41:31 - [TEST_STEP][PASSED] - driver = getWebDriver(): null

2021-10-21 14:41:31 - [TEST_STEP][PASSED] - action = new org.openqa.selenium.interactions.Actions(driver): null

2021-10-21 14:41:31 - [TEST_STEP][PASSED] - baslikElement = <not implemented yet for class: org.codehaus.groovy.ast.expr.EmptyExpression>: null

2021-10-21 14:41:31 - [TEST_STEP][PASSED] - sonElement = <not implemented yet for class: org.codehaus.groovy.ast.expr.EmptyExpression>: null

2021-10-21 14:41:31 - [TEST_STEP][PASSED] - attr = <not implemented yet for class: org.codehaus.groovy.ast.expr.EmptyExpression>: null

2021-10-21 14:41:31 - [TEST_STEP][PASSED] - a = 0: null

2021-10-21 14:41:31 - [TEST_STEP][PASSED] - elements = findWebElements(findTestObject("Object Repository/Olusturma/Genel/Olusturma/TabloBasliklari"), 10): Found 7 web elements with id: 'Object Repository/Olusturma/Genel/Olusturma/TabloBasliklari' located by 'By.cssSelector: div#divmalhizmet .dxgvTable_LECustomTheme td.dxgvHeader_LECustomTheme tr>td:nth-child(1)' in '10' second(s)

2021-10-21 14:41:31 - [MESSAGE][INFO] - Finding Test Object 'Object Repository/Olusturma/Genel/Olusturma/TabloBasliklari'

2021-10-21 14:41:31 - [MESSAGE][INFO] - Checking timeout

2021-10-21 14:41:31 - [MESSAGE][INFO] - Finding web element with id: 'Object Repository/Olusturma/Genel/Olusturma/TabloBasliklari' located by 'By.cssSelector: div#divmalhizmet .dxgvTable_LECustomTheme td.dxgvHeader_LECustomTheme tr>td:nth-child(1)' in '10' second(s)

2021-10-21 14:41:31 - [MESSAGE][INFO] - Smart Wait Function is triggered

2021-10-21 14:41:31 - [MESSAGE][INFO] - Found 7 web elements with id: 'Object Repository/Olusturma/Genel/Olusturma/TabloBasliklari' located by 'By.cssSelector: div#divmalhizmet .dxgvTable_LECustomTheme td.dxgvHeader_LECustomTheme tr>td:nth-child(1)' in '10' second(s)

2021-10-21 14:41:31 - [TEST_STEP][PASSED] - for (def element : elements): null

2021-10-21 14:41:31 - [TEST_STEP][PASSED] - build().perform(): null

2021-10-21 14:41:32 - [TEST_STEP][PASSED] - if (getText().equals(Baslik)): null

2021-10-21 14:41:32 - [TEST_STEP][PASSED] - build().perform(): null

2021-10-21 14:41:32 - [TEST_STEP][PASSED] - if (getText().equals(Baslik)): null

2021-10-21 14:41:32 - [TEST_STEP][PASSED] - baslikElement = element.findElement(By.xpath("../../../..")): Smart Wait Function is triggered

2021-10-21 14:41:32 - [MESSAGE][INFO] - Smart Wait Function is triggered

2021-10-21 14:41:32 - [TEST_STEP][PASSED] - attr = baslikElement.getAttribute("id"): null

2021-10-21 14:41:32 - [TEST_STEP][PASSED] - println("girdi ve idsini aldı = " + attr): null

2021-10-21 14:41:32 - [TEST_STEP][PASSED] - break: null

2021-10-21 14:41:32 - [TEST_STEP][PASSED] - countElement = baslikElement.findElements(By.xpath("../td")): Smart Wait Function is triggered

2021-10-21 14:41:32 - [MESSAGE][INFO] - Smart Wait Function is triggered

2021-10-21 14:41:32 - [TEST_STEP][PASSED] - for (def element : countElement): null

2021-10-21 14:41:32 - [TEST_STEP][PASSED] - if (toString().equals(attr.toString())): null

2021-10-21 14:41:32 - [TEST_STEP][PASSED] - (a++): null

2021-10-21 14:41:32 - [TEST_STEP][PASSED] - if (toString().equals(attr.toString())): null

2021-10-21 14:41:32 - [TEST_STEP][PASSED] - (a++): null

2021-10-21 14:41:32 - [TEST_STEP][PASSED] - if (toString().equals(attr.toString())): null

2021-10-21 14:41:32 - [TEST_STEP][PASSED] - break: null

2021-10-21 14:41:32 - [TEST_STEP][PASSED] - son = findWebElement(findTestObject("Object Repository/Olusturma/Genel/Olusturma/EklenenSatir")).findElement(By.xpath("td[@class='dxgvInlineEditCell_LECustomTheme dxgv'][" + a + "]//td[@class='dxic']/input")): Smart Wait Function is triggered

2021-10-21 14:41:32 - [MESSAGE][INFO] - Finding Test Object 'Object Repository/Olusturma/Genel/Olusturma/EklenenSatir'

2021-10-21 14:41:32 - [MESSAGE][INFO] - Finding web element from Test Object's properties

2021-10-21 14:41:32 - [MESSAGE][INFO] - Checking timeout

2021-10-21 14:41:32 - [MESSAGE][INFO] - Finding web element with id: 'Object Repository/Olusturma/Genel/Olusturma/EklenenSatir' located by 'By.cssSelector: #divmalhizmet .dxgvInlineEditRow_LECustomTheme' in '30' second(s)

2021-10-21 14:41:32 - [MESSAGE][INFO] - Smart Wait Function is triggered

2021-10-21 14:41:33 - [MESSAGE][INFO] - Found 1 web elements with id: 'Object Repository/Olusturma/Genel/Olusturma/EklenenSatir' located by 'By.cssSelector: #divmalhizmet .dxgvInlineEditRow_LECustomTheme' in '30' second(s)

2021-10-21 14:41:33 - [MESSAGE][INFO] - Smart Wait Function is triggered

2021-10-21 14:41:33 - [TEST_STEP][PASSED] - if (!(getAttribute("value").contains("Vkn"))): null

2021-10-21 14:41:33 - [TEST_STEP][PASSED] - son.clear(): null

2021-10-21 14:41:33 - [TEST_STEP][PASSED] - son.sendKeys(Deger): null

2021-10-21 14:41:33 - [MESSAGE][PASSED] - Call Test Case 'Test Cases/Olusturma/Genel/Olusturma' successfully

2021-10-21 14:41:33 - [MESSAGE][INFO] - Checking called Test Case

2021-10-21 14:41:33 - [MESSAGE][INFO] - Starting to call Test Case 'Test Cases/Olusturma/Genel/Olusturma'

2021-10-21 14:41:33 - [TEST_CASE][PASSED] - Test Cases/Olusturma/Genel/Olusturma: Test Cases/Olusturma/Genel/Olusturma

2021-10-21 14:41:33 - [TEST_STEP][PASSED] - driver = getWebDriver(): null

2021-10-21 14:41:33 - [TEST_STEP][PASSED] - action = new org.openqa.selenium.interactions.Actions(driver): null

2021-10-21 14:41:33 - [TEST_STEP][PASSED] - baslikElement = <not implemented yet for class: org.codehaus.groovy.ast.expr.EmptyExpression>: null

2021-10-21 14:41:33 - [TEST_STEP][PASSED] - sonElement = <not implemented yet for class: org.codehaus.groovy.ast.expr.EmptyExpression>: null

2021-10-21 14:41:33 - [TEST_STEP][PASSED] - attr = <not implemented yet for class: org.codehaus.groovy.ast.expr.EmptyExpression>: null

2021-10-21 14:41:33 - [TEST_STEP][PASSED] - a = 0: null

2021-10-21 14:41:33 - [TEST_STEP][PASSED] - elements = findWebElements(findTestObject("Object Repository/Olusturma/Genel/Olusturma/TabloBasliklari"), 10): Found 7 web elements with id: 'Object Repository/Olusturma/Genel/Olusturma/TabloBasliklari' located by 'By.cssSelector: div#divmalhizmet .dxgvTable_LECustomTheme td.dxgvHeader_LECustomTheme tr>td:nth-child(1)' in '10' second(s)

2021-10-21 14:41:33 - [MESSAGE][INFO] - Finding Test Object 'Object Repository/Olusturma/Genel/Olusturma/TabloBasliklari'

2021-10-21 14:41:34 - [MESSAGE][INFO] - Checking timeout

2021-10-21 14:41:34 - [MESSAGE][INFO] - Finding web element with id: 'Object Repository/Olusturma/Genel/Olusturma/TabloBasliklari' located by 'By.cssSelector: div#divmalhizmet .dxgvTable_LECustomTheme td.dxgvHeader_LECustomTheme tr>td:nth-child(1)' in '10' second(s)

2021-10-21 14:41:34 - [MESSAGE][INFO] - Smart Wait Function is triggered

2021-10-21 14:41:34 - [MESSAGE][INFO] - Found 7 web elements with id: 'Object Repository/Olusturma/Genel/Olusturma/TabloBasliklari' located by 'By.cssSelector: div#divmalhizmet .dxgvTable_LECustomTheme td.dxgvHeader_LECustomTheme tr>td:nth-child(1)' in '10' second(s)

2021-10-21 14:41:34 - [TEST_STEP][PASSED] - for (def element : elements): null

2021-10-21 14:41:34 - [TEST_STEP][PASSED] - build().perform(): null

2021-10-21 14:41:34 - [TEST_STEP][PASSED] - if (getText().equals(Baslik)): null

2021-10-21 14:41:34 - [TEST_STEP][PASSED] - build().perform(): null

2021-10-21 14:41:34 - [TEST_STEP][PASSED] - if (getText().equals(Baslik)): null

2021-10-21 14:41:34 - [TEST_STEP][PASSED] - build().perform(): null

2021-10-21 14:41:34 - [TEST_STEP][PASSED] - if (getText().equals(Baslik)): null

2021-10-21 14:41:34 - [TEST_STEP][PASSED] - build().perform(): null

2021-10-21 14:41:34 - [TEST_STEP][PASSED] - if (getText().equals(Baslik)): null

2021-10-21 14:41:34 - [TEST_STEP][PASSED] - baslikElement = element.findElement(By.xpath("../../../..")): Smart Wait Function is triggered

2021-10-21 14:41:34 - [MESSAGE][INFO] - Smart Wait Function is triggered

2021-10-21 14:41:35 - [TEST_STEP][PASSED] - attr = baslikElement.getAttribute("id"): null

2021-10-21 14:41:35 - [TEST_STEP][PASSED] - println("girdi ve idsini aldı = " + attr): null

2021-10-21 14:41:35 - [TEST_STEP][PASSED] - break: null

2021-10-21 14:41:35 - [TEST_STEP][PASSED] - countElement = baslikElement.findElements(By.xpath("../td")): Smart Wait Function is triggered

2021-10-21 14:41:35 - [MESSAGE][INFO] - Smart Wait Function is triggered

2021-10-21 14:41:35 - [TEST_STEP][PASSED] - for (def element : countElement): null

2021-10-21 14:41:35 - [TEST_STEP][PASSED] - if (toString().equals(attr.toString())): null

2021-10-21 14:41:35 - [TEST_STEP][PASSED] - (a++): null

2021-10-21 14:41:35 - [TEST_STEP][PASSED] - if (toString().equals(attr.toString())): null

2021-10-21 14:41:35 - [TEST_STEP][PASSED] - (a++): null

2021-10-21 14:41:35 - [TEST_STEP][PASSED] - if (toString().equals(attr.toString())): null

2021-10-21 14:41:35 - [TEST_STEP][PASSED] - (a++): null

2021-10-21 14:41:35 - [TEST_STEP][PASSED] - if (toString().equals(attr.toString())): null

2021-10-21 14:41:35 - [TEST_STEP][PASSED] - (a++): null

2021-10-21 14:41:35 - [TEST_STEP][PASSED] - if (toString().equals(attr.toString())): null

2021-10-21 14:41:35 - [TEST_STEP][PASSED] - break: null

2021-10-21 14:41:35 - [TEST_STEP][PASSED] - son = findWebElement(findTestObject("Object Repository/Olusturma/Genel/Olusturma/EklenenSatir")).findElement(By.xpath("td[@class='dxgvInlineEditCell_LECustomTheme dxgv'][" + a + "]//td[@class='dxic']/input")): Smart Wait Function is triggered

2021-10-21 14:41:35 - [MESSAGE][INFO] - Finding Test Object 'Object Repository/Olusturma/Genel/Olusturma/EklenenSatir'

2021-10-21 14:41:35 - [MESSAGE][INFO] - Finding web element from Test Object's properties

2021-10-21 14:41:35 - [MESSAGE][INFO] - Checking timeout

2021-10-21 14:41:35 - [MESSAGE][INFO] - Finding web element with id: 'Object Repository/Olusturma/Genel/Olusturma/EklenenSatir' located by 'By.cssSelector: #divmalhizmet .dxgvInlineEditRow_LECustomTheme' in '30' second(s)

2021-10-21 14:41:35 - [MESSAGE][INFO] - Smart Wait Function is triggered

2021-10-21 14:41:35 - [MESSAGE][INFO] - Found 1 web elements with id: 'Object Repository/Olusturma/Genel/Olusturma/EklenenSatir' located by 'By.cssSelector: #divmalhizmet .dxgvInlineEditRow_LECustomTheme' in '30' second(s)

2021-10-21 14:41:35 - [MESSAGE][INFO] - Smart Wait Function is triggered

2021-10-21 14:41:36 - [TEST_STEP][PASSED] - if (!(getAttribute("value").contains("Vkn"))): null

2021-10-21 14:41:36 - [TEST_STEP][PASSED] - son.clear(): null

2021-10-21 14:41:36 - [TEST_STEP][PASSED] - son.sendKeys(Deger): null

2021-10-21 14:41:36 - [MESSAGE][PASSED] - Call Test Case 'Test Cases/Olusturma/Genel/Olusturma' successfully

2021-10-21 14:41:36 - [MESSAGE][INFO] - Checking called Test Case

2021-10-21 14:41:36 - [MESSAGE][INFO] - Starting to call Test Case 'Test Cases/Olusturma/Genel/Olusturma'

2021-10-21 14:41:36 - [TEST_CASE][PASSED] - Test Cases/Olusturma/Genel/Olusturma: Test Cases/Olusturma/Genel/Olusturma

2021-10-21 14:41:36 - [TEST_STEP][PASSED] - driver = getWebDriver(): null

2021-10-21 14:41:36 - [TEST_STEP][PASSED] - action = new org.openqa.selenium.interactions.Actions(driver): null

2021-10-21 14:41:36 - [TEST_STEP][PASSED] - baslikElement = <not implemented yet for class: org.codehaus.groovy.ast.expr.EmptyExpression>: null

2021-10-21 14:41:36 - [TEST_STEP][PASSED] - sonElement = <not implemented yet for class: org.codehaus.groovy.ast.expr.EmptyExpression>: null

2021-10-21 14:41:36 - [TEST_STEP][PASSED] - attr = <not implemented yet for class: org.codehaus.groovy.ast.expr.EmptyExpression>: null

2021-10-21 14:41:36 - [TEST_STEP][PASSED] - a = 0: null

2021-10-21 14:41:36 - [TEST_STEP][PASSED] - elements = findWebElements(findTestObject("Object Repository/Olusturma/Genel/Olusturma/TabloBasliklari"), 10): Found 7 web elements with id: 'Object Repository/Olusturma/Genel/Olusturma/TabloBasliklari' located by 'By.cssSelector: div#divmalhizmet .dxgvTable_LECustomTheme td.dxgvHeader_LECustomTheme tr>td:nth-child(1)' in '10' second(s)

2021-10-21 14:41:36 - [MESSAGE][INFO] - Finding Test Object 'Object Repository/Olusturma/Genel/Olusturma/TabloBasliklari'

2021-10-21 14:41:36 - [MESSAGE][INFO] - Checking timeout

2021-10-21 14:41:36 - [MESSAGE][INFO] - Finding web element with id: 'Object Repository/Olusturma/Genel/Olusturma/TabloBasliklari' located by 'By.cssSelector: div#divmalhizmet .dxgvTable_LECustomTheme td.dxgvHeader_LECustomTheme tr>td:nth-child(1)' in '10' second(s)

2021-10-21 14:41:36 - [MESSAGE][INFO] - Smart Wait Function is triggered

2021-10-21 14:41:36 - [MESSAGE][INFO] - Found 7 web elements with id: 'Object Repository/Olusturma/Genel/Olusturma/TabloBasliklari' located by 'By.cssSelector: div#divmalhizmet .dxgvTable_LECustomTheme td.dxgvHeader_LECustomTheme tr>td:nth-child(1)' in '10' second(s)

2021-10-21 14:41:36 - [TEST_STEP][PASSED] - for (def element : elements): null

2021-10-21 14:41:36 - [TEST_STEP][PASSED] - build().perform(): null

2021-10-21 14:41:37 - [TEST_STEP][PASSED] - if (getText().equals(Baslik)): null

2021-10-21 14:41:37 - [TEST_STEP][PASSED] - build().perform(): null

2021-10-21 14:41:37 - [TEST_STEP][PASSED] - if (getText().equals(Baslik)): null

2021-10-21 14:41:37 - [TEST_STEP][PASSED] - build().perform(): null

2021-10-21 14:41:37 - [TEST_STEP][PASSED] - if (getText().equals(Baslik)): null

2021-10-21 14:41:37 - [TEST_STEP][PASSED] - build().perform(): null

2021-10-21 14:41:37 - [TEST_STEP][PASSED] - if (getText().equals(Baslik)): null

2021-10-21 14:41:37 - [TEST_STEP][PASSED] - build().perform(): null

2021-10-21 14:41:37 - [TEST_STEP][PASSED] - if (getText().equals(Baslik)): null

2021-10-21 14:41:37 - [TEST_STEP][PASSED] - build().perform(): null

2021-10-21 14:41:37 - [TEST_STEP][PASSED] - if (getText().equals(Baslik)): null

2021-10-21 14:41:37 - [TEST_STEP][PASSED] - baslikElement = element.findElement(By.xpath("../../../..")): Smart Wait Function is triggered

2021-10-21 14:41:37 - [MESSAGE][INFO] - Smart Wait Function is triggered

2021-10-21 14:41:38 - [TEST_STEP][PASSED] - attr = baslikElement.getAttribute("id"): null

2021-10-21 14:41:38 - [TEST_STEP][PASSED] - println("girdi ve idsini aldı = " + attr): null

2021-10-21 14:41:38 - [TEST_STEP][PASSED] - break: null

2021-10-21 14:41:38 - [TEST_STEP][PASSED] - countElement = baslikElement.findElements(By.xpath("../td")): Smart Wait Function is triggered

2021-10-21 14:41:38 - [MESSAGE][INFO] - Smart Wait Function is triggered

2021-10-21 14:41:38 - [TEST_STEP][PASSED] - for (def element : countElement): null

2021-10-21 14:41:38 - [TEST_STEP][PASSED] - if (toString().equals(attr.toString())): null

2021-10-21 14:41:38 - [TEST_STEP][PASSED] - (a++): null

2021-10-21 14:41:38 - [TEST_STEP][PASSED] - if (toString().equals(attr.toString())): null

2021-10-21 14:41:38 - [TEST_STEP][PASSED] - (a++): null

2021-10-21 14:41:38 - [TEST_STEP][PASSED] - if (toString().equals(attr.toString())): null

2021-10-21 14:41:38 - [TEST_STEP][PASSED] - (a++): null

2021-10-21 14:41:38 - [TEST_STEP][PASSED] - if (toString().equals(attr.toString())): null

2021-10-21 14:41:38 - [TEST_STEP][PASSED] - (a++): null

2021-10-21 14:41:38 - [TEST_STEP][PASSED] - if (toString().equals(attr.toString())): null

2021-10-21 14:41:38 - [TEST_STEP][PASSED] - (a++): null

2021-10-21 14:41:38 - [TEST_STEP][PASSED] - if (toString().equals(attr.toString())): null

2021-10-21 14:41:38 - [TEST_STEP][PASSED] - (a++): null

2021-10-21 14:41:38 - [TEST_STEP][PASSED] - if (toString().equals(attr.toString())): null

2021-10-21 14:41:38 - [TEST_STEP][PASSED] - break: null

2021-10-21 14:41:38 - [TEST_STEP][PASSED] - son = findWebElement(findTestObject("Object Repository/Olusturma/Genel/Olusturma/EklenenSatir")).findElement(By.xpath("td[@class='dxgvInlineEditCell_LECustomTheme dxgv'][" + a + "]//td[@class='dxic']/input")): Smart Wait Function is triggered

2021-10-21 14:41:38 - [MESSAGE][INFO] - Finding Test Object 'Object Repository/Olusturma/Genel/Olusturma/EklenenSatir'

2021-10-21 14:41:38 - [MESSAGE][INFO] - Finding web element from Test Object's properties

2021-10-21 14:41:38 - [MESSAGE][INFO] - Checking timeout

2021-10-21 14:41:38 - [MESSAGE][INFO] - Finding web element with id: 'Object Repository/Olusturma/Genel/Olusturma/EklenenSatir' located by 'By.cssSelector: #divmalhizmet .dxgvInlineEditRow_LECustomTheme' in '30' second(s)

2021-10-21 14:41:38 - [MESSAGE][INFO] - Smart Wait Function is triggered

2021-10-21 14:41:39 - [MESSAGE][INFO] - Found 1 web elements with id: 'Object Repository/Olusturma/Genel/Olusturma/EklenenSatir' located by 'By.cssSelector: #divmalhizmet .dxgvInlineEditRow_LECustomTheme' in '30' second(s)

2021-10-21 14:41:39 - [MESSAGE][INFO] - Smart Wait Function is triggered

2021-10-21 14:41:39 - [TEST_STEP][PASSED] - if (!(getAttribute("value").contains("Vkn"))): null

2021-10-21 14:41:39 - [TEST_STEP][PASSED] - son.clear(): null

2021-10-21 14:41:39 - [TEST_STEP][PASSED] - son.sendKeys(Deger): null

2021-10-21 14:41:39 - [MESSAGE][PASSED] - Call Test Case 'Test Cases/Olusturma/Genel/Olusturma' successfully

2021-10-21 14:41:39 - [MESSAGE][INFO] - Checking called Test Case

2021-10-21 14:41:39 - [MESSAGE][INFO] - Starting to call Test Case 'Test Cases/Olusturma/Genel/NotGirilir'

2021-10-21 14:41:39 - [TEST_CASE][PASSED] - Test Cases/Olusturma/Genel/NotGirilir: Test Cases/Olusturma/Genel/NotGirilir

2021-10-21 14:41:39 - [TEST_STEP][PASSED] - i = 0: null

2021-10-21 14:41:39 - [TEST_STEP][PASSED] - waitForElementClickable(findTestObject("Olusturma/Genel/Not/Notlar"), 10): Object 'Object Repository/Olusturma/Genel/Not/Notlar' is clickable

2021-10-21 14:41:39 - [MESSAGE][INFO] - Finding Test Object 'Object Repository/Olusturma/Genel/Not/Notlar'

2021-10-21 14:41:39 - [MESSAGE][INFO] - Checking object

2021-10-21 14:41:39 - [MESSAGE][INFO] - Checking timeout

2021-10-21 14:41:39 - [MESSAGE][INFO] - Finding web element from Test Object's properties

2021-10-21 14:41:39 - [MESSAGE][INFO] - Checking timeout

2021-10-21 14:41:39 - [MESSAGE][INFO] - Finding web element with id: 'Object Repository/Olusturma/Genel/Not/Notlar' located by 'By.xpath: //*[@id = 'txtNote_I']' in '10' second(s)

2021-10-21 14:41:39 - [MESSAGE][INFO] - Smart Wait Function is triggered

2021-10-21 14:41:40 - [MESSAGE][INFO] - Found 1 web elements with id: 'Object Repository/Olusturma/Genel/Not/Notlar' located by 'By.xpath: //*[@id = 'txtNote_I']' in '10' second(s)

2021-10-21 14:41:40 - [MESSAGE][PASSED] - Object 'Object Repository/Olusturma/Genel/Not/Notlar' is clickable

2021-10-21 14:41:40 - [TEST_STEP][PASSED] - clearText(findTestObject("Olusturma/Genel/Not/Notlar")): Text of object 'Object Repository/Olusturma/Genel/Not/Notlar' is cleared

2021-10-21 14:41:40 - [MESSAGE][INFO] - Finding Test Object 'Object Repository/Olusturma/Genel/Not/Notlar'

2021-10-21 14:41:40 - [MESSAGE][INFO] - Checking object

2021-10-21 14:41:40 - [MESSAGE][INFO] - Finding web element from Test Object's properties

2021-10-21 14:41:40 - [MESSAGE][INFO] - Checking timeout

2021-10-21 14:41:40 - [MESSAGE][INFO] - Finding web element with id: 'Object Repository/Olusturma/Genel/Not/Notlar' located by 'By.xpath: //*[@id = 'txtNote_I']' in '30' second(s)

2021-10-21 14:41:40 - [MESSAGE][INFO] - Smart Wait Function is triggered

2021-10-21 14:41:40 - [MESSAGE][INFO] - Found 1 web elements with id: 'Object Repository/Olusturma/Genel/Not/Notlar' located by 'By.xpath: //*[@id = 'txtNote_I']' in '30' second(s)

2021-10-21 14:41:40 - [MESSAGE][INFO] - Clearing text of object 'Object Repository/Olusturma/Genel/Not/Notlar'

2021-10-21 14:41:40 - [MESSAGE][PASSED] - Text of object 'Object Repository/Olusturma/Genel/Not/Notlar' is cleared

2021-10-21 14:41:40 - [TEST_STEP][PASSED] - click(findTestObject("Olusturma/Genel/Not/Notlar")): Object: 'Object Repository/Olusturma/Genel/Not/Notlar' is clicked on

2021-10-21 14:41:40 - [MESSAGE][INFO] - Finding Test Object 'Object Repository/Olusturma/Genel/Not/Notlar'

2021-10-21 14:41:40 - [MESSAGE][INFO] - Checking object

2021-10-21 14:41:40 - [MESSAGE][INFO] - Finding web element from Test Object's properties

2021-10-21 14:41:40 - [MESSAGE][INFO] - Checking timeout

2021-10-21 14:41:40 - [MESSAGE][INFO] - Finding web element with id: 'Object Repository/Olusturma/Genel/Not/Notlar' located by 'By.xpath: //*[@id = 'txtNote_I']' in '30' second(s)

2021-10-21 14:41:40 - [MESSAGE][INFO] - Smart Wait Function is triggered

2021-10-21 14:41:41 - [MESSAGE][INFO] - Found 1 web elements with id: 'Object Repository/Olusturma/Genel/Not/Notlar' located by 'By.xpath: //*[@id = 'txtNote_I']' in '30' second(s)

2021-10-21 14:41:41 - [MESSAGE][INFO] - Clicking on object: 'Object Repository/Olusturma/Genel/Not/Notlar'

2021-10-21 14:41:41 - [MESSAGE][PASSED] - Object: 'Object Repository/Olusturma/Genel/Not/Notlar' is clicked on

2021-10-21 14:41:41 - [TEST_STEP][PASSED] - while (true): null

2021-10-21 14:41:41 - [TEST_STEP][PASSED] - delay(1): Delayed 1 second(s)

2021-10-21 14:41:41 - [MESSAGE][INFO] - Delaying browser in 1 second(s)

2021-10-21 14:41:42 - [MESSAGE][PASSED] - Delayed 1 second(s)

2021-10-21 14:41:42 - [TEST_STEP][PASSED] - ajaxIsComplete = executeJavaScript("return jQuery.active == 0", null): Execute JavaScript 'return jQuery.active == 0' successfully

2021-10-21 14:41:42 - [MESSAGE][PASSED] - Execute JavaScript 'return jQuery.active == 0' successfully

2021-10-21 14:41:42 - [TEST_STEP][PASSED] - if (ajaxIsComplete): null

2021-10-21 14:41:42 - [TEST_STEP][PASSED] - if (i > 10): null

2021-10-21 14:41:42 - [TEST_STEP][PASSED] - (i++): null

2021-10-21 14:41:42 - [TEST_STEP][PASSED] - delay(1): Delayed 1 second(s)

2021-10-21 14:41:42 - [MESSAGE][INFO] - Delaying browser in 1 second(s)

2021-10-21 14:41:43 - [MESSAGE][PASSED] - Delayed 1 second(s)

2021-10-21 14:41:43 - [TEST_STEP][PASSED] - ajaxIsComplete = executeJavaScript("return jQuery.active == 0", null): Execute JavaScript 'return jQuery.active == 0' successfully

2021-10-21 14:41:43 - [MESSAGE][PASSED] - Execute JavaScript 'return jQuery.active == 0' successfully

2021-10-21 14:41:43 - [TEST_STEP][PASSED] - if (ajaxIsComplete): null

2021-10-21 14:41:43 - [TEST_STEP][PASSED] - break: null

2021-10-21 14:41:43 - [TEST_STEP][PASSED] - sendKeys(findTestObject("Olusturma/Genel/Not/Notlar"), Not): Keys 'Otomasyon Not' sent to object: 'Object Repository/Olusturma/Genel/Not/Notlar'

2021-10-21 14:41:43 - [MESSAGE][INFO] - Finding Test Object 'Object Repository/Olusturma/Genel/Not/Notlar'

2021-10-21 14:41:43 - [MESSAGE][INFO] - Sending keys 'Otomasyon Not' to object: 'Object Repository/Olusturma/Genel/Not/Notlar'

2021-10-21 14:41:43 - [MESSAGE][INFO] - Finding web element from Test Object's properties

2021-10-21 14:41:43 - [MESSAGE][INFO] - Checking timeout

2021-10-21 14:41:43 - [MESSAGE][INFO] - Finding web element with id: 'Object Repository/Olusturma/Genel/Not/Notlar' located by 'By.xpath: //*[@id = 'txtNote_I']' in '30' second(s)

2021-10-21 14:41:43 - [MESSAGE][INFO] - Smart Wait Function is triggered

2021-10-21 14:41:43 - [MESSAGE][INFO] - Found 1 web elements with id: 'Object Repository/Olusturma/Genel/Not/Notlar' located by 'By.xpath: //*[@id = 'txtNote_I']' in '30' second(s)

2021-10-21 14:41:43 - [MESSAGE][PASSED] - Keys 'Otomasyon Not' sent to object: 'Object Repository/Olusturma/Genel/Not/Notlar'

2021-10-21 14:41:43 - [MESSAGE][PASSED] - Call Test Case 'Test Cases/Olusturma/Genel/NotGirilir' successfully

2021-10-21 14:41:43 - [MESSAGE][INFO] - Checking called Test Case

2021-10-21 14:41:43 - [MESSAGE][INFO] - Starting to call Test Case 'Test Cases/Olusturma/Genel/EttnBilgisiKayitEdilir'

2021-10-21 14:41:43 - [TEST_CASE][PASSED] - Test Cases/Olusturma/Genel/EttnBilgisiKayitEdilir: Test Cases/Olusturma/Genel/EttnBilgisiKayitEdilir

2021-10-21 14:41:43 - [TEST_STEP][PASSED] - verifyElementPresent(findTestObject("Object Repository/Olusturma/Genel/Olusturma/eArsivEttnBilgisi"), 7): Object 'Object Repository/Olusturma/Genel/Olusturma/eArsivEttnBilgisi' is present

2021-10-21 14:41:43 - [MESSAGE][INFO] - Finding Test Object 'Object Repository/Olusturma/Genel/Olusturma/eArsivEttnBilgisi'

2021-10-21 14:41:43 - [MESSAGE][INFO] - Checking object

2021-10-21 14:41:43 - [MESSAGE][INFO] - Finding web element from Test Object's properties

2021-10-21 14:41:43 - [MESSAGE][INFO] - Checking timeout

2021-10-21 14:41:43 - [MESSAGE][INFO] - Finding web element with id: 'Object Repository/Olusturma/Genel/Olusturma/eArsivEttnBilgisi' located by 'By.xpath: //*[@id = 'Uuid_I']' in '7' second(s)

2021-10-21 14:41:43 - [MESSAGE][INFO] - Smart Wait Function is triggered

2021-10-21 14:41:44 - [MESSAGE][INFO] - Found 1 web elements with id: 'Object Repository/Olusturma/Genel/Olusturma/eArsivEttnBilgisi' located by 'By.xpath: //*[@id = 'Uuid_I']' in '7' second(s)

2021-10-21 14:41:44 - [MESSAGE][PASSED] - Object 'Object Repository/Olusturma/Genel/Olusturma/eArsivEttnBilgisi' is present

2021-10-21 14:41:44 - [TEST_STEP][PASSED] - ettn = getAttribute(findTestObject("Object Repository/Olusturma/Genel/Olusturma/eArsivEttnBilgisi"), "value"): Attribute 'value' of object 'Object Repository/Olusturma/Genel/Olusturma/eArsivEttnBilgisi' is: 'a89cccd8-8da7-47f4-be79-6930117c1ca5'

2021-10-21 14:41:44 - [MESSAGE][INFO] - Finding Test Object 'Object Repository/Olusturma/Genel/Olusturma/eArsivEttnBilgisi'

2021-10-21 14:41:44 - [MESSAGE][INFO] - Checking object

2021-10-21 14:41:44 - [MESSAGE][INFO] - Checking attribute

2021-10-21 14:41:44 - [MESSAGE][INFO] - Finding web element from Test Object's properties

2021-10-21 14:41:44 - [MESSAGE][INFO] - Checking timeout

2021-10-21 14:41:44 - [MESSAGE][INFO] - Finding web element with id: 'Object Repository/Olusturma/Genel/Olusturma/eArsivEttnBilgisi' located by 'By.xpath: //*[@id = 'Uuid_I']' in '30' second(s)

2021-10-21 14:41:44 - [MESSAGE][INFO] - Smart Wait Function is triggered

2021-10-21 14:41:44 - [MESSAGE][INFO] - Found 1 web elements with id: 'Object Repository/Olusturma/Genel/Olusturma/eArsivEttnBilgisi' located by 'By.xpath: //*[@id = 'Uuid_I']' in '30' second(s)

2021-10-21 14:41:44 - [MESSAGE][INFO] - Getting attribute 'value' of object 'Object Repository/Olusturma/Genel/Olusturma/eArsivEttnBilgisi'

2021-10-21 14:41:44 - [MESSAGE][PASSED] - Attribute 'value' of object 'Object Repository/Olusturma/Genel/Olusturma/eArsivEttnBilgisi' is: 'a89cccd8-8da7-47f4-be79-6930117c1ca5'

2021-10-21 14:41:44 - [MESSAGE][PASSED] - Call Test Case 'Test Cases/Olusturma/Genel/EttnBilgisiKayitEdilir' successfully

2021-10-21 14:41:44 - [MESSAGE][INFO] - Checking called Test Case

2021-10-21 14:41:44 - [MESSAGE][INFO] - Starting to call Test Case 'Test Cases/Olusturma/Genel/KaydetButonunaTiklanir'

2021-10-21 14:41:44 - [TEST_CASE][PASSED] - Test Cases/Olusturma/Genel/KaydetButonunaTiklanir: Test Cases/Olusturma/Genel/KaydetButonunaTiklanir

2021-10-21 14:41:44 - [TEST_STEP][PASSED] - i = 0: null

2021-10-21 14:41:44 - [TEST_STEP][PASSED] - waitForElementPresent(findTestObject("Olusturma/Genel/Not/Notlar"), 10): Object 'Object Repository/Olusturma/Genel/Not/Notlar' is present

2021-10-21 14:41:44 - [MESSAGE][INFO] - Finding Test Object 'Object Repository/Olusturma/Genel/Not/Notlar'

2021-10-21 14:41:44 - [MESSAGE][INFO] - Checking object

2021-10-21 14:41:44 - [MESSAGE][INFO] - Finding web element from Test Object's properties

2021-10-21 14:41:44 - [MESSAGE][INFO] - Checking timeout

2021-10-21 14:41:44 - [MESSAGE][INFO] - Finding web element with id: 'Object Repository/Olusturma/Genel/Not/Notlar' located by 'By.xpath: //*[@id = 'txtNote_I']' in '10' second(s)

2021-10-21 14:41:44 - [MESSAGE][INFO] - Smart Wait Function is triggered

2021-10-21 14:41:44 - [MESSAGE][INFO] - Found 1 web elements with id: 'Object Repository/Olusturma/Genel/Not/Notlar' located by 'By.xpath: //*[@id = 'txtNote_I']' in '10' second(s)

2021-10-21 14:41:44 - [MESSAGE][PASSED] - Object 'Object Repository/Olusturma/Genel/Not/Notlar' is present

2021-10-21 14:41:44 - [TEST_STEP][PASSED] - click(findTestObject("Olusturma/Genel/Not/Notlar")): Object: 'Object Repository/Olusturma/Genel/Not/Notlar' is clicked on

2021-10-21 14:41:44 - [MESSAGE][INFO] - Finding Test Object 'Object Repository/Olusturma/Genel/Not/Notlar'

2021-10-21 14:41:44 - [MESSAGE][INFO] - Checking object

2021-10-21 14:41:44 - [MESSAGE][INFO] - Finding web element from Test Object's properties

2021-10-21 14:41:44 - [MESSAGE][INFO] - Checking timeout

2021-10-21 14:41:44 - [MESSAGE][INFO] - Finding web element with id: 'Object Repository/Olusturma/Genel/Not/Notlar' located by 'By.xpath: //*[@id = 'txtNote_I']' in '30' second(s)

2021-10-21 14:41:44 - [MESSAGE][INFO] - Smart Wait Function is triggered

2021-10-21 14:41:45 - [MESSAGE][INFO] - Found 1 web elements with id: 'Object Repository/Olusturma/Genel/Not/Notlar' located by 'By.xpath: //*[@id = 'txtNote_I']' in '30' second(s)

2021-10-21 14:41:45 - [MESSAGE][INFO] - Clicking on object: 'Object Repository/Olusturma/Genel/Not/Notlar'

2021-10-21 14:41:45 - [MESSAGE][PASSED] - Object: 'Object Repository/Olusturma/Genel/Not/Notlar' is clicked on

2021-10-21 14:41:45 - [TEST_STEP][PASSED] - while (true): null

2021-10-21 14:41:45 - [TEST_STEP][PASSED] - delay(1): Delayed 1 second(s)

2021-10-21 14:41:45 - [MESSAGE][INFO] - Delaying browser in 1 second(s)

2021-10-21 14:41:46 - [MESSAGE][PASSED] - Delayed 1 second(s)

2021-10-21 14:41:46 - [TEST_STEP][PASSED] - ajaxIsComplete = executeJavaScript("return jQuery.active == 0", null): Execute JavaScript 'return jQuery.active == 0' successfully

2021-10-21 14:41:46 - [MESSAGE][PASSED] - Execute JavaScript 'return jQuery.active == 0' successfully

2021-10-21 14:41:46 - [TEST_STEP][PASSED] - if (ajaxIsComplete): null

2021-10-21 14:41:46 - [TEST_STEP][PASSED] - break: null

2021-10-21 14:41:46 - [TEST_STEP][PASSED] - waitForElementClickable(findTestObject("Object Repository/Olusturma/Genel/Buton"), 10): Object 'Object Repository/Olusturma/Genel/Buton' is clickable

2021-10-21 14:41:46 - [MESSAGE][INFO] - Finding Test Object 'Object Repository/Olusturma/Genel/Buton'

2021-10-21 14:41:46 - [MESSAGE][INFO] - Checking object

2021-10-21 14:41:46 - [MESSAGE][INFO] - Checking timeout

2021-10-21 14:41:46 - [MESSAGE][INFO] - Finding web element from Test Object's properties

2021-10-21 14:41:46 - [MESSAGE][INFO] - Checking timeout

2021-10-21 14:41:46 - [MESSAGE][INFO] - Finding web element with id: 'Object Repository/Olusturma/Genel/Buton' located by 'By.xpath: //*[@id = 'btnKaydet']' in '10' second(s)

2021-10-21 14:41:46 - [MESSAGE][INFO] - Smart Wait Function is triggered

2021-10-21 14:41:46 - [MESSAGE][INFO] - Found 1 web elements with id: 'Object Repository/Olusturma/Genel/Buton' located by 'By.xpath: //*[@id = 'btnKaydet']' in '10' second(s)

2021-10-21 14:41:46 - [MESSAGE][PASSED] - Object 'Object Repository/Olusturma/Genel/Buton' is clickable

2021-10-21 14:41:46 - [TEST_STEP][PASSED] - click(findTestObject("Object Repository/Olusturma/Genel/Buton")): Object: 'Object Repository/Olusturma/Genel/Buton' is clicked on

2021-10-21 14:41:46 - [MESSAGE][INFO] - Finding Test Object 'Object Repository/Olusturma/Genel/Buton'

2021-10-21 14:41:46 - [MESSAGE][INFO] - Checking object

2021-10-21 14:41:46 - [MESSAGE][INFO] - Finding web element from Test Object's properties

2021-10-21 14:41:46 - [MESSAGE][INFO] - Checking timeout

2021-10-21 14:41:46 - [MESSAGE][INFO] - Finding web element with id: 'Object Repository/Olusturma/Genel/Buton' located by 'By.xpath: //*[@id = 'btnKaydet']' in '30' second(s)

2021-10-21 14:41:46 - [MESSAGE][INFO] - Smart Wait Function is triggered

2021-10-21 14:41:47 - [MESSAGE][INFO] - Found 1 web elements with id: 'Object Repository/Olusturma/Genel/Buton' located by 'By.xpath: //*[@id = 'btnKaydet']' in '30' second(s)

2021-10-21 14:41:47 - [MESSAGE][INFO] - Clicking on object: 'Object Repository/Olusturma/Genel/Buton'

2021-10-21 14:41:48 - [MESSAGE][PASSED] - Object: 'Object Repository/Olusturma/Genel/Buton' is clicked on

2021-10-21 14:41:48 - [MESSAGE][PASSED] - Call Test Case 'Test Cases/Olusturma/Genel/KaydetButonunaTiklanir' successfully

2021-10-21 14:41:48 - [MESSAGE][INFO] - Checking called Test Case

2021-10-21 14:41:48 - [MESSAGE][INFO] - Starting to call Test Case 'Test Cases/Tablo/TablodaEttnliVeriOlusturulduMu'

2021-10-21 14:41:48 - [TEST_CASE][PASSED] - Test Cases/Tablo/TablodaEttnliVeriOlusturulduMu: Test Cases/Tablo/TablodaEttnliVeriOlusturulduMu

2021-10-21 14:41:48 - [TEST_STEP][PASSED] - Method.TextDegerineEsitElementVarMi(findTestObject("Tablo/OlusturulanVeri"), ettn): Method.TextDegerineEsitElementVarMi is PASSED

2021-10-21 14:41:48 - [MESSAGE][INFO] - Finding Test Object 'Object Repository/Tablo/OlusturulanVeri'

2021-10-21 14:41:48 - [MESSAGE][INFO] - Checking timeout

2021-10-21 14:41:48 - [MESSAGE][INFO] - Finding web element with id: 'Object Repository/Tablo/OlusturulanVeri' located by 'By.cssSelector: table.dxgvTable_LECustomTheme>tbody>tr:nth-child(3)>td.dxgv b,table.dxgvTable_LECustomTheme>tbody>tr:nth-child(3)>td.dxgv' in '10' second(s)

2021-10-21 14:41:48 - [MESSAGE][INFO] - Smart Wait Function is triggered

2021-10-21 14:41:48 - [MESSAGE][INFO] - Found 10 web elements with id: 'Object Repository/Tablo/OlusturulanVeri' located by 'By.cssSelector: table.dxgvTable_LECustomTheme>tbody>tr:nth-child(3)>td.dxgv b,table.dxgvTable_LECustomTheme>tbody>tr:nth-child(3)>td.dxgv' in '10' second(s)

2021-10-21 14:41:49 - [MESSAGE][PASSED] - Method.TextDegerineEsitElementVarMi is PASSED

2021-10-21 14:41:49 - [MESSAGE][PASSED] - Call Test Case 'Test Cases/Tablo/TablodaEttnliVeriOlusturulduMu' successfully

2021-10-21 14:41:49 - [MESSAGE][INFO] - Checking called Test Case

2021-10-21 14:41:49 - [MESSAGE][INFO] - Starting to call Test Case 'Test Cases/Tablo/TablodanEttnliVeriSec'

2021-10-21 14:41:49 - [TEST_CASE][PASSED] - Test Cases/Tablo/TablodanEttnliVeriSec: Test Cases/Tablo/TablodanEttnliVeriSec

2021-10-21 14:41:49 - [TEST_STEP][PASSED] - Method.TextDegerineEsitElementinAltindakineTikla(findTestObject("Tablo/Veriler"), findTestObject("Tablo/VerininCheckBoxi"), ettn): Method.TextDegerineEsitElementinAltindakineTikla is PASSED

2021-10-21 14:41:49 - [MESSAGE][INFO] - Finding Test Object 'Object Repository/Tablo/Veriler'

2021-10-21 14:41:49 - [MESSAGE][INFO] - Finding Test Object 'Object Repository/Tablo/VerininCheckBoxi'

2021-10-21 14:41:49 - [MESSAGE][INFO] - Checking timeout

2021-10-21 14:41:49 - [MESSAGE][INFO] - Finding web element with id: 'Object Repository/Tablo/Veriler' located by 'By.cssSelector: td.dxgv b ,td.dxgv' in '10' second(s)

2021-10-21 14:41:49 - [MESSAGE][INFO] - Smart Wait Function is triggered

2021-10-21 14:41:49 - [MESSAGE][INFO] - Found 30 web elements with id: 'Object Repository/Tablo/Veriler' located by 'By.cssSelector: td.dxgv b ,td.dxgv' in '10' second(s)

2021-10-21 14:41:49 - [MESSAGE][INFO] - Smart Wait Function is triggered

2021-10-21 14:41:49 - [MESSAGE][PASSED] - Method.TextDegerineEsitElementinAltindakineTikla is PASSED

2021-10-21 14:41:49 - [MESSAGE][PASSED] - Call Test Case 'Test Cases/Tablo/TablodanEttnliVeriSec' successfully

2021-10-21 14:41:49 - [MESSAGE][INFO] - Checking called Test Case

2021-10-21 14:41:49 - [MESSAGE][INFO] - Starting to call Test Case 'Test Cases/Butonlar/ButonaTikla'

2021-10-21 14:41:50 - [TEST_CASE][PASSED] - Test Cases/Butonlar/ButonaTikla: Test Cases/Butonlar/ButonaTikla

2021-10-21 14:41:50 - [TEST_STEP][PASSED] - Method.TextDegerineEsitElementeTiklaEquals(findTestObject("Butonlar/Butonlar"), Buton_Adi): Method.TextDegerineEsitElementeTiklaEquals is PASSED

2021-10-21 14:41:50 - [MESSAGE][INFO] - Finding Test Object 'Object Repository/Butonlar/Butonlar'

2021-10-21 14:41:50 - [MESSAGE][INFO] - Checking timeout

2021-10-21 14:41:50 - [MESSAGE][INFO] - Finding web element with id: 'Object Repository/Butonlar/Butonlar' located by 'By.cssSelector: .panel.panel-default.text-center.footerPanel .btn,.btn.btn-primary.btnControls' in '10' second(s)

2021-10-21 14:41:50 - [MESSAGE][INFO] - Smart Wait Function is triggered

2021-10-21 14:41:50 - [MESSAGE][INFO] - Found 7 web elements with id: 'Object Repository/Butonlar/Butonlar' located by 'By.cssSelector: .panel.panel-default.text-center.footerPanel .btn,.btn.btn-primary.btnControls' in '10' second(s)

2021-10-21 14:41:50 - [MESSAGE][PASSED] - Method.TextDegerineEsitElementeTiklaEquals is PASSED

2021-10-21 14:41:50 - [MESSAGE][PASSED] - Call Test Case 'Test Cases/Butonlar/ButonaTikla' successfully

2021-10-21 14:41:50 - [MESSAGE][INFO] - Checking called Test Case

2021-10-21 14:41:50 - [MESSAGE][INFO] - Starting to call Test Case 'Test Cases/Popup/PopupMesajiIceriyorMu'

2021-10-21 14:41:50 - [TEST_CASE][PASSED] - Test Cases/Popup/PopupMesajiIceriyorMu: Test Cases/Popup/PopupMesajiIceriyorMu

2021-10-21 14:41:50 - [TEST_STEP][PASSED] - waitForElementVisible(findTestObject("Popup/Popup"), 10): Object 'Object Repository/Popup/Popup' is visible

2021-10-21 14:41:50 - [MESSAGE][INFO] - Finding Test Object 'Object Repository/Popup/Popup'

2021-10-21 14:41:51 - [MESSAGE][INFO] - Checking object

2021-10-21 14:41:51 - [MESSAGE][INFO] - Checking timeout

2021-10-21 14:41:51 - [MESSAGE][INFO] - Finding web element from Test Object's properties

2021-10-21 14:41:51 - [MESSAGE][INFO] - Checking timeout

2021-10-21 14:41:51 - [MESSAGE][INFO] - Finding web element with id: 'Object Repository/Popup/Popup' located by 'By.cssSelector: .bootbox-body' in '10' second(s)

2021-10-21 14:41:51 - [MESSAGE][INFO] - Smart Wait Function is triggered

2021-10-21 14:41:51 - [MESSAGE][INFO] - Found 1 web elements with id: 'Object Repository/Popup/Popup' located by 'By.cssSelector: .bootbox-body' in '10' second(s)

2021-10-21 14:41:51 - [MESSAGE][PASSED] - Object 'Object Repository/Popup/Popup' is visible

2021-10-21 14:41:51 - [TEST_STEP][PASSED] - if (!(getText(findTestObject("Popup/Popup")).contains(Mesaj))): Text of object 'Object Repository/Popup/Popup' is: 'Oluşturulacak makbuz numarası : EMM2021000000392 Makbuz numarası oluşturulduktan sonra makbuz silinemez. Makbuz numarası, tarihi ve ön eki değiştirilemez. Devam etmek istiyor musunuz?'

2021-10-21 14:41:51 - [MESSAGE][INFO] - Finding Test Object 'Object Repository/Popup/Popup'

2021-10-21 14:41:51 - [MESSAGE][INFO] - Checking object

2021-10-21 14:41:51 - [MESSAGE][INFO] - Finding web element from Test Object's properties

2021-10-21 14:41:51 - [MESSAGE][INFO] - Checking timeout

2021-10-21 14:41:51 - [MESSAGE][INFO] - Finding web element with id: 'Object Repository/Popup/Popup' located by 'By.cssSelector: .bootbox-body' in '30' second(s)

2021-10-21 14:41:51 - [MESSAGE][INFO] - Smart Wait Function is triggered

2021-10-21 14:41:52 - [MESSAGE][INFO] - Found 1 web elements with id: 'Object Repository/Popup/Popup' located by 'By.cssSelector: .bootbox-body' in '30' second(s)

2021-10-21 14:41:52 - [MESSAGE][INFO] - Getting text of object 'Object Repository/Popup/Popup'

2021-10-21 14:41:52 - [MESSAGE][PASSED] - Text of object 'Object Repository/Popup/Popup' is: 'Oluşturulacak makbuz numarası : EMM2021000000392 Makbuz numarası oluşturulduktan sonra makbuz silinemez. Makbuz numarası, tarihi ve ön eki değiştirilemez. Devam etmek istiyor musunuz?'

2021-10-21 14:41:52 - [TEST_STEP][PASSED] - RaporNo = getText(findTestObject("Popup/Popup")).substring(0, 6): Text of object 'Object Repository/Popup/Popup' is: 'Oluşturulacak makbuz numarası : EMM2021000000392 Makbuz numarası oluşturulduktan sonra makbuz silinemez. Makbuz numarası, tarihi ve ön eki değiştirilemez. Devam etmek istiyor musunuz?'

2021-10-21 14:41:52 - [MESSAGE][INFO] - Finding Test Object 'Object Repository/Popup/Popup'

2021-10-21 14:41:52 - [MESSAGE][INFO] - Checking object

2021-10-21 14:41:52 - [MESSAGE][INFO] - Finding web element from Test Object's properties

2021-10-21 14:41:52 - [MESSAGE][INFO] - Checking timeout

2021-10-21 14:41:52 - [MESSAGE][INFO] - Finding web element with id: 'Object Repository/Popup/Popup' located by 'By.cssSelector: .bootbox-body' in '30' second(s)

2021-10-21 14:41:52 - [MESSAGE][INFO] - Smart Wait Function is triggered

2021-10-21 14:41:52 - [MESSAGE][INFO] - Found 1 web elements with id: 'Object Repository/Popup/Popup' located by 'By.cssSelector: .bootbox-body' in '30' second(s)

2021-10-21 14:41:52 - [MESSAGE][INFO] - Getting text of object 'Object Repository/Popup/Popup'

2021-10-21 14:41:52 - [MESSAGE][PASSED] - Text of object 'Object Repository/Popup/Popup' is: 'Oluşturulacak makbuz numarası : EMM2021000000392 Makbuz numarası oluşturulduktan sonra makbuz silinemez. Makbuz numarası, tarihi ve ön eki değiştirilemez. Devam etmek istiyor musunuz?'

2021-10-21 14:41:52 - [TEST_STEP][PASSED] - Console.println(RaporNo): null

2021-10-21 14:41:52 - [MESSAGE][PASSED] - Call Test Case 'Test Cases/Popup/PopupMesajiIceriyorMu' successfully

2021-10-21 14:41:52 - [MESSAGE][INFO] - Checking called Test Case

2021-10-21 14:41:52 - [MESSAGE][INFO] - Starting to call Test Case 'Test Cases/Popup/PopupButonSecilir'

2021-10-21 14:41:52 - [TEST_CASE][PASSED] - Test Cases/Popup/PopupButonSecilir: Test Cases/Popup/PopupButonSecilir

2021-10-21 14:41:52 - [TEST_STEP][PASSED] - Method.TextDegerineEsitElementeTikla(findTestObject("Popup/Popup_Butons"), Buton): Method.TextDegerineEsitElementeTikla is PASSED

2021-10-21 14:41:52 - [MESSAGE][INFO] - Finding Test Object 'Object Repository/Popup/Popup_Butons'

2021-10-21 14:41:52 - [MESSAGE][INFO] - Checking timeout

2021-10-21 14:41:52 - [MESSAGE][INFO] - Finding web element with id: 'Object Repository/Popup/Popup_Butons' located by 'By.cssSelector: .modal-footer>button' in '10' second(s)

2021-10-21 14:41:52 - [MESSAGE][INFO] - Smart Wait Function is triggered

2021-10-21 14:41:52 - [MESSAGE][INFO] - Found 2 web elements with id: 'Object Repository/Popup/Popup_Butons' located by 'By.cssSelector: .modal-footer>button' in '10' second(s)

2021-10-21 14:41:53 - [MESSAGE][PASSED] - Method.TextDegerineEsitElementeTikla is PASSED

2021-10-21 14:41:53 - [MESSAGE][PASSED] - Call Test Case 'Test Cases/Popup/PopupButonSecilir' successfully

2021-10-21 14:41:53 - [MESSAGE][INFO] - Checking called Test Case

2021-10-21 14:41:53 - [MESSAGE][INFO] - Starting to call Test Case 'Test Cases/Popup/PopupMesajiIceriyorMu'

2021-10-21 14:41:53 - [TEST_CASE][PASSED] - Test Cases/Popup/PopupMesajiIceriyorMu: Test Cases/Popup/PopupMesajiIceriyorMu

2021-10-21 14:41:53 - [TEST_STEP][PASSED] - waitForElementVisible(findTestObject("Popup/Popup"), 10): Object 'Object Repository/Popup/Popup' is visible

2021-10-21 14:41:53 - [MESSAGE][INFO] - Finding Test Object 'Object Repository/Popup/Popup'

2021-10-21 14:41:53 - [MESSAGE][INFO] - Checking object

2021-10-21 14:41:53 - [MESSAGE][INFO] - Checking timeout

2021-10-21 14:41:53 - [MESSAGE][INFO] - Finding web element from Test Object's properties

2021-10-21 14:41:53 - [MESSAGE][INFO] - Checking timeout

2021-10-21 14:41:53 - [MESSAGE][INFO] - Finding web element with id: 'Object Repository/Popup/Popup' located by 'By.cssSelector: .bootbox-body' in '10' second(s)

2021-10-21 14:41:53 - [MESSAGE][INFO] - Smart Wait Function is triggered

2021-10-21 14:41:54 - [MESSAGE][INFO] - Found 1 web elements with id: 'Object Repository/Popup/Popup' located by 'By.cssSelector: .bootbox-body' in '10' second(s)

2021-10-21 14:41:54 - [MESSAGE][PASSED] - Object 'Object Repository/Popup/Popup' is visible

2021-10-21 14:41:54 - [TEST_STEP][PASSED] - if (!(getText(findTestObject("Popup/Popup")).contains(Mesaj))): Text of object 'Object Repository/Popup/Popup' is: 'Makbuz numaranız EMM2021000000392 olarak oluşmuştur.'

2021-10-21 14:41:54 - [MESSAGE][INFO] - Finding Test Object 'Object Repository/Popup/Popup'

2021-10-21 14:41:54 - [MESSAGE][INFO] - Checking object

2021-10-21 14:41:54 - [MESSAGE][INFO] - Finding web element from Test Object's properties

2021-10-21 14:41:54 - [MESSAGE][INFO] - Checking timeout

2021-10-21 14:41:54 - [MESSAGE][INFO] - Finding web element with id: 'Object Repository/Popup/Popup' located by 'By.cssSelector: .bootbox-body' in '30' second(s)

2021-10-21 14:41:54 - [MESSAGE][INFO] - Smart Wait Function is triggered

2021-10-21 14:41:54 - [MESSAGE][INFO] - Found 1 web elements with id: 'Object Repository/Popup/Popup' located by 'By.cssSelector: .bootbox-body' in '30' second(s)

2021-10-21 14:41:54 - [MESSAGE][INFO] - Getting text of object 'Object Repository/Popup/Popup'

2021-10-21 14:41:54 - [MESSAGE][PASSED] - Text of object 'Object Repository/Popup/Popup' is: 'Makbuz numaranız EMM2021000000392 olarak oluşmuştur.'

2021-10-21 14:41:54 - [TEST_STEP][PASSED] - RaporNo = getText(findTestObject("Popup/Popup")).substring(0, 6): Text of object 'Object Repository/Popup/Popup' is: 'Makbuz numaranız EMM2021000000392 olarak oluşmuştur.'

2021-10-21 14:41:54 - [MESSAGE][INFO] - Finding Test Object 'Object Repository/Popup/Popup'

2021-10-21 14:41:54 - [MESSAGE][INFO] - Checking object

2021-10-21 14:41:54 - [MESSAGE][INFO] - Finding web element from Test Object's properties

2021-10-21 14:41:54 - [MESSAGE][INFO] - Checking timeout

2021-10-21 14:41:54 - [MESSAGE][INFO] - Finding web element with id: 'Object Repository/Popup/Popup' located by 'By.cssSelector: .bootbox-body' in '30' second(s)

2021-10-21 14:41:54 - [MESSAGE][INFO] - Smart Wait Function is triggered

2021-10-21 14:41:55 - [MESSAGE][INFO] - Found 1 web elements with id: 'Object Repository/Popup/Popup' located by 'By.cssSelector: .bootbox-body' in '30' second(s)

2021-10-21 14:41:55 - [MESSAGE][INFO] - Getting text of object 'Object Repository/Popup/Popup'

2021-10-21 14:41:55 - [MESSAGE][PASSED] - Text of object 'Object Repository/Popup/Popup' is: 'Makbuz numaranız EMM2021000000392 olarak oluşmuştur.'

2021-10-21 14:41:55 - [TEST_STEP][PASSED] - Console.println(RaporNo): null

2021-10-21 14:41:55 - [MESSAGE][PASSED] - Call Test Case 'Test Cases/Popup/PopupMesajiIceriyorMu' successfully

2021-10-21 14:41:55 - [MESSAGE][INFO] - Checking called Test Case

2021-10-21 14:41:55 - [MESSAGE][INFO] - Starting to call Test Case 'Test Cases/Popup/PopupButonSecilir'

2021-10-21 14:41:55 - [TEST_CASE][PASSED] - Test Cases/Popup/PopupButonSecilir: Test Cases/Popup/PopupButonSecilir

2021-10-21 14:41:55 - [TEST_STEP][PASSED] - Method.TextDegerineEsitElementeTikla(findTestObject("Popup/Popup_Butons"), Buton): Method.TextDegerineEsitElementeTikla is PASSED

2021-10-21 14:41:55 - [MESSAGE][INFO] - Finding Test Object 'Object Repository/Popup/Popup_Butons'

2021-10-21 14:41:55 - [MESSAGE][INFO] - Checking timeout

2021-10-21 14:41:55 - [MESSAGE][INFO] - Finding web element with id: 'Object Repository/Popup/Popup_Butons' located by 'By.cssSelector: .modal-footer>button' in '10' second(s)

2021-10-21 14:41:55 - [MESSAGE][INFO] - Smart Wait Function is triggered

2021-10-21 14:41:55 - [MESSAGE][INFO] - Found 1 web elements with id: 'Object Repository/Popup/Popup_Butons' located by 'By.cssSelector: .modal-footer>button' in '10' second(s)

2021-10-21 14:41:55 - [MESSAGE][PASSED] - Method.TextDegerineEsitElementeTikla is PASSED

2021-10-21 14:41:55 - [MESSAGE][PASSED] - Call Test Case 'Test Cases/Popup/PopupButonSecilir' successfully

2021-10-21 14:41:55 - [MESSAGE][INFO] - Checking called Test Case

2021-10-21 14:41:55 - [MESSAGE][INFO] - Starting to call Test Case 'Test Cases/Tablo/TablodanEttnliVeriSec'

2021-10-21 14:41:55 - [TEST_CASE][PASSED] - Test Cases/Tablo/TablodanEttnliVeriSec: Test Cases/Tablo/TablodanEttnliVeriSec

2021-10-21 14:41:55 - [TEST_STEP][PASSED] - Method.TextDegerineEsitElementinAltindakineTikla(findTestObject("Tablo/Veriler"), findTestObject("Tablo/VerininCheckBoxi"), ettn): Method.TextDegerineEsitElementinAltindakineTikla is PASSED

2021-10-21 14:41:55 - [MESSAGE][INFO] - Finding Test Object 'Object Repository/Tablo/Veriler'

2021-10-21 14:41:55 - [MESSAGE][INFO] - Finding Test Object 'Object Repository/Tablo/VerininCheckBoxi'

2021-10-21 14:41:56 - [MESSAGE][INFO] - Checking timeout

2021-10-21 14:41:56 - [MESSAGE][INFO] - Finding web element with id: 'Object Repository/Tablo/Veriler' located by 'By.cssSelector: td.dxgv b ,td.dxgv' in '10' second(s)

2021-10-21 14:41:56 - [MESSAGE][INFO] - Smart Wait Function is triggered

2021-10-21 14:41:56 - [MESSAGE][INFO] - Found 30 web elements with id: 'Object Repository/Tablo/Veriler' located by 'By.cssSelector: td.dxgv b ,td.dxgv' in '10' second(s)

2021-10-21 14:41:56 - [MESSAGE][INFO] - Smart Wait Function is triggered

2021-10-21 14:41:56 - [MESSAGE][PASSED] - Method.TextDegerineEsitElementinAltindakineTikla is PASSED

2021-10-21 14:41:56 - [MESSAGE][PASSED] - Call Test Case 'Test Cases/Tablo/TablodanEttnliVeriSec' successfully

2021-10-21 14:41:56 - [MESSAGE][INFO] - Checking called Test Case

2021-10-21 14:41:56 - [MESSAGE][INFO] - Starting to call Test Case 'Test Cases/Butonlar/ButonaTikla'

2021-10-21 14:41:56 - [TEST_CASE][PASSED] - Test Cases/Butonlar/ButonaTikla: Test Cases/Butonlar/ButonaTikla

2021-10-21 14:41:56 - [TEST_STEP][PASSED] - Method.TextDegerineEsitElementeTiklaEquals(findTestObject("Butonlar/Butonlar"), Buton_Adi): Method.TextDegerineEsitElementeTiklaEquals is PASSED

2021-10-21 14:41:56 - [MESSAGE][INFO] - Finding Test Object 'Object Repository/Butonlar/Butonlar'

2021-10-21 14:41:57 - [MESSAGE][INFO] - Checking timeout

2021-10-21 14:41:57 - [MESSAGE][INFO] - Finding web element with id: 'Object Repository/Butonlar/Butonlar' located by 'By.cssSelector: .panel.panel-default.text-center.footerPanel .btn,.btn.btn-primary.btnControls' in '10' second(s)

2021-10-21 14:41:57 - [MESSAGE][INFO] - Smart Wait Function is triggered

2021-10-21 14:41:57 - [MESSAGE][INFO] - Found 7 web elements with id: 'Object Repository/Butonlar/Butonlar' located by 'By.cssSelector: .panel.panel-default.text-center.footerPanel .btn,.btn.btn-primary.btnControls' in '10' second(s)

2021-10-21 14:41:57 - [MESSAGE][PASSED] - Method.TextDegerineEsitElementeTiklaEquals is PASSED

2021-10-21 14:41:57 - [MESSAGE][PASSED] - Call Test Case 'Test Cases/Butonlar/ButonaTikla' successfully

2021-10-21 14:41:57 - [MESSAGE][INFO] - Checking called Test Case

2021-10-21 14:41:57 - [MESSAGE][INFO] - Starting to call Test Case 'Test Cases/Popup/PopupMesajiIceriyorMu'

2021-10-21 14:41:57 - [TEST_CASE][PASSED] - Test Cases/Popup/PopupMesajiIceriyorMu: Test Cases/Popup/PopupMesajiIceriyorMu

2021-10-21 14:41:57 - [TEST_STEP][PASSED] - waitForElementVisible(findTestObject("Popup/Popup"), 10): Object 'Object Repository/Popup/Popup' is visible

2021-10-21 14:41:57 - [MESSAGE][INFO] - Finding Test Object 'Object Repository/Popup/Popup'

2021-10-21 14:41:57 - [MESSAGE][INFO] - Checking object

2021-10-21 14:41:57 - [MESSAGE][INFO] - Checking timeout

2021-10-21 14:41:57 - [MESSAGE][INFO] - Finding web element from Test Object's properties

2021-10-21 14:41:57 - [MESSAGE][INFO] - Checking timeout

2021-10-21 14:41:57 - [MESSAGE][INFO] - Finding web element with id: 'Object Repository/Popup/Popup' located by 'By.cssSelector: .bootbox-body' in '10' second(s)

2021-10-21 14:41:57 - [MESSAGE][INFO] - Smart Wait Function is triggered

2021-10-21 14:41:58 - [MESSAGE][INFO] - Found 1 web elements with id: 'Object Repository/Popup/Popup' located by 'By.cssSelector: .bootbox-body' in '10' second(s)

2021-10-21 14:41:58 - [MESSAGE][PASSED] - Object 'Object Repository/Popup/Popup' is visible

2021-10-21 14:41:58 - [TEST_STEP][PASSED] - if (!(getText(findTestObject("Popup/Popup")).contains(Mesaj))): Text of object 'Object Repository/Popup/Popup' is: 'EMM serisi için onaylanmamış belge(leri)niz bulunmaktadır.
Devam etmek istiyor musunuz?'

2021-10-21 14:41:58 - [MESSAGE][INFO] - Finding Test Object 'Object Repository/Popup/Popup'

2021-10-21 14:41:58 - [MESSAGE][INFO] - Checking object

2021-10-21 14:41:58 - [MESSAGE][INFO] - Finding web element from Test Object's properties

2021-10-21 14:41:58 - [MESSAGE][INFO] - Checking timeout

2021-10-21 14:41:58 - [MESSAGE][INFO] - Finding web element with id: 'Object Repository/Popup/Popup' located by 'By.cssSelector: .bootbox-body' in '30' second(s)

2021-10-21 14:41:58 - [MESSAGE][INFO] - Smart Wait Function is triggered

2021-10-21 14:41:58 - [MESSAGE][INFO] - Found 1 web elements with id: 'Object Repository/Popup/Popup' located by 'By.cssSelector: .bootbox-body' in '30' second(s)

2021-10-21 14:41:58 - [MESSAGE][INFO] - Getting text of object 'Object Repository/Popup/Popup'

2021-10-21 14:41:58 - [MESSAGE][PASSED] - Text of object 'Object Repository/Popup/Popup' is: 'EMM serisi için onaylanmamış belge(leri)niz bulunmaktadır.
Devam etmek istiyor musunuz?'

2021-10-21 14:41:58 - [TEST_STEP][PASSED] - RaporNo = getText(findTestObject("Popup/Popup")).substring(0, 6): Text of object 'Object Repository/Popup/Popup' is: 'EMM serisi için onaylanmamış belge(leri)niz bulunmaktadır.
Devam etmek istiyor musunuz?'

2021-10-21 14:41:58 - [MESSAGE][INFO] - Finding Test Object 'Object Repository/Popup/Popup'

2021-10-21 14:41:58 - [MESSAGE][INFO] - Checking object

2021-10-21 14:41:58 - [MESSAGE][INFO] - Finding web element from Test Object's properties

2021-10-21 14:41:58 - [MESSAGE][INFO] - Checking timeout

2021-10-21 14:41:58 - [MESSAGE][INFO] - Finding web element with id: 'Object Repository/Popup/Popup' located by 'By.cssSelector: .bootbox-body' in '30' second(s)

2021-10-21 14:41:58 - [MESSAGE][INFO] - Smart Wait Function is triggered

2021-10-21 14:41:59 - [MESSAGE][INFO] - Found 1 web elements with id: 'Object Repository/Popup/Popup' located by 'By.cssSelector: .bootbox-body' in '30' second(s)

2021-10-21 14:41:59 - [MESSAGE][INFO] - Getting text of object 'Object Repository/Popup/Popup'

2021-10-21 14:41:59 - [MESSAGE][PASSED] - Text of object 'Object Repository/Popup/Popup' is: 'EMM serisi için onaylanmamış belge(leri)niz bulunmaktadır.
Devam etmek istiyor musunuz?'

2021-10-21 14:41:59 - [TEST_STEP][PASSED] - Console.println(RaporNo): null

2021-10-21 14:41:59 - [MESSAGE][PASSED] - Call Test Case 'Test Cases/Popup/PopupMesajiIceriyorMu' successfully

2021-10-21 14:41:59 - [MESSAGE][INFO] - Checking called Test Case

2021-10-21 14:41:59 - [MESSAGE][INFO] - Starting to call Test Case 'Test Cases/Popup/PopupButonSecilir'

2021-10-21 14:41:59 - [TEST_CASE][PASSED] - Test Cases/Popup/PopupButonSecilir: Test Cases/Popup/PopupButonSecilir

2021-10-21 14:41:59 - [TEST_STEP][PASSED] - Method.TextDegerineEsitElementeTikla(findTestObject("Popup/Popup_Butons"), Buton): Method.TextDegerineEsitElementeTikla is PASSED

2021-10-21 14:41:59 - [MESSAGE][INFO] - Finding Test Object 'Object Repository/Popup/Popup_Butons'

2021-10-21 14:41:59 - [MESSAGE][INFO] - Checking timeout

2021-10-21 14:41:59 - [MESSAGE][INFO] - Finding web element with id: 'Object Repository/Popup/Popup_Butons' located by 'By.cssSelector: .modal-footer>button' in '10' second(s)

2021-10-21 14:41:59 - [MESSAGE][INFO] - Smart Wait Function is triggered

2021-10-21 14:41:59 - [MESSAGE][INFO] - Found 2 web elements with id: 'Object Repository/Popup/Popup_Butons' located by 'By.cssSelector: .modal-footer>button' in '10' second(s)

2021-10-21 14:41:59 - [MESSAGE][PASSED] - Method.TextDegerineEsitElementeTikla is PASSED

2021-10-21 14:41:59 - [MESSAGE][PASSED] - Call Test Case 'Test Cases/Popup/PopupButonSecilir' successfully

2021-10-21 14:41:59 - [MESSAGE][INFO] - Checking called Test Case

2021-10-21 14:41:59 - [MESSAGE][INFO] - Starting to call Test Case 'Test Cases/Menu/AnaMenuSecimi'

2021-10-21 14:41:59 - [TEST_CASE][PASSED] - Test Cases/Menu/AnaMenuSecimi: Test Cases/Menu/AnaMenuSecimi

2021-10-21 14:41:59 - [TEST_STEP][PASSED] - Method.TextDegerineEsitElementeTikla(findTestObject("Menu/Ana_Menu"), Ana_Menu): Method.TextDegerineEsitElementeTikla is PASSED

2021-10-21 14:41:59 - [MESSAGE][INFO] - Finding Test Object 'Object Repository/Menu/Ana_Menu'

2021-10-21 14:42:00 - [MESSAGE][INFO] - Checking timeout

2021-10-21 14:42:00 - [MESSAGE][INFO] - Finding web element with id: 'Object Repository/Menu/Ana_Menu' located by 'By.xpath: //*[@class = 'dropdown-toggle']' in '10' second(s)

2021-10-21 14:42:00 - [MESSAGE][INFO] - Smart Wait Function is triggered

2021-10-21 14:42:01 - [MESSAGE][INFO] - Found 14 web elements with id: 'Object Repository/Menu/Ana_Menu' located by 'By.xpath: //*[@class = 'dropdown-toggle']' in '10' second(s)

2021-10-21 14:42:01 - [MESSAGE][PASSED] - Method.TextDegerineEsitElementeTikla is PASSED

2021-10-21 14:42:01 - [MESSAGE][PASSED] - Call Test Case 'Test Cases/Menu/AnaMenuSecimi' successfully

2021-10-21 14:42:01 - [MESSAGE][INFO] - Checking called Test Case

2021-10-21 14:42:01 - [MESSAGE][INFO] - Starting to call Test Case 'Test Cases/Menu/BasligaGoreAltMenuSecimi'

2021-10-21 14:42:01 - [TEST_CASE][PASSED] - Test Cases/Menu/BasligaGoreAltMenuSecimi: Test Cases/Menu/BasligaGoreAltMenuSecimi

2021-10-21 14:42:01 - [TEST_STEP][PASSED] - Method.TextDegerineEsitElementinAltindakiTextDegerineEsitOlanaTikla(findTestObject("Menu/Menu_Basligi"), findTestObject("Menu/Basliga_Gore_Alt_Menu"), Baslik, Alt_Menu): Method.TextDegerineEsitElementinAltindakiTextDegerineEsitOlanaTikla is PASSED

2021-10-21 14:42:01 - [MESSAGE][INFO] - Finding Test Object 'Object Repository/Menu/Menu_Basligi'

2021-10-21 14:42:01 - [MESSAGE][INFO] - Finding Test Object 'Object Repository/Menu/Basliga_Gore_Alt_Menu'

2021-10-21 14:42:01 - [MESSAGE][INFO] - Checking timeout

2021-10-21 14:42:01 - [MESSAGE][INFO] - Finding web element with id: 'Object Repository/Menu/Menu_Basligi' located by 'By.xpath: //li[@class='dropdown dropdown-large open']//li[@class='dropdown-header']' in '10' second(s)

2021-10-21 14:42:01 - [MESSAGE][INFO] - Smart Wait Function is triggered

2021-10-21 14:42:01 - [MESSAGE][INFO] - Found 2 web elements with id: 'Object Repository/Menu/Menu_Basligi' located by 'By.xpath: //li[@class='dropdown dropdown-large open']//li[@class='dropdown-header']' in '10' second(s)

2021-10-21 14:42:01 - [MESSAGE][INFO] - Smart Wait Function is triggered

2021-10-21 14:42:03 - [MESSAGE][PASSED] - Method.TextDegerineEsitElementinAltindakiTextDegerineEsitOlanaTikla is PASSED

2021-10-21 14:42:03 - [MESSAGE][PASSED] - Call Test Case 'Test Cases/Menu/BasligaGoreAltMenuSecimi' successfully

2021-10-21 14:42:03 - [MESSAGE][INFO] - Checking called Test Case

2021-10-21 14:42:03 - [MESSAGE][INFO] - Starting to call Test Case 'Test Cases/Filtreler/EttnYaz'

2021-10-21 14:42:03 - [TEST_CASE][PASSED] - Test Cases/Filtreler/EttnYaz: Test Cases/Filtreler/EttnYaz

2021-10-21 14:42:03 - [TEST_STEP][PASSED] - Method.TextDegerineEsitElementinAltindakiTextboxtaYaz(findTestObject("Filtreler/Basliklar"), findTestObject("Filtreler/Basliga_Gore_Textbox"), "ETTN", ettn): Method.TextDegerineEsitElementinAltindakiTextboxtaYaz is PASSED

2021-10-21 14:42:03 - [MESSAGE][INFO] - Finding Test Object 'Object Repository/Filtreler/Basliklar'

2021-10-21 14:42:03 - [MESSAGE][INFO] - Finding Test Object 'Object Repository/Filtreler/Basliga_Gore_Textbox'

2021-10-21 14:42:03 - [MESSAGE][INFO] - Checking timeout

2021-10-21 14:42:03 - [MESSAGE][INFO] - Finding web element with id: 'Object Repository/Filtreler/Basliklar' located by 'By.cssSelector: .control-label.col-sm-4.paddingMarginRLC' in '10' second(s)

2021-10-21 14:42:03 - [MESSAGE][INFO] - Smart Wait Function is triggered

2021-10-21 14:42:04 - [MESSAGE][INFO] - Found 14 web elements with id: 'Object Repository/Filtreler/Basliklar' located by 'By.cssSelector: .control-label.col-sm-4.paddingMarginRLC' in '10' second(s)

2021-10-21 14:42:04 - [MESSAGE][INFO] - Smart Wait Function is triggered

2021-10-21 14:42:04 - [MESSAGE][PASSED] - Method.TextDegerineEsitElementinAltindakiTextboxtaYaz is PASSED

2021-10-21 14:42:04 - [MESSAGE][PASSED] - Call Test Case 'Test Cases/Filtreler/EttnYaz' successfully

2021-10-21 14:42:04 - [MESSAGE][INFO] - Checking called Test Case

2021-10-21 14:42:04 - [MESSAGE][INFO] - Starting to call Test Case 'Test Cases/Filtreler/ButonaTikla'

2021-10-21 14:42:05 - [TEST_CASE][PASSED] - Test Cases/Filtreler/ButonaTikla: Test Cases/Filtreler/ButonaTikla

2021-10-21 14:42:05 - [TEST_STEP][PASSED] - Method.TextDegerineEsitElementeTikla(findTestObject("Filtreler/Butonlar"), Filtre_Buton): Method.TextDegerineEsitElementeTikla is PASSED

2021-10-21 14:42:05 - [MESSAGE][INFO] - Finding Test Object 'Object Repository/Filtreler/Butonlar'

2021-10-21 14:42:05 - [MESSAGE][INFO] - Checking timeout

2021-10-21 14:42:05 - [MESSAGE][INFO] - Finding web element with id: 'Object Repository/Filtreler/Butonlar' located by 'By.cssSelector: .dxb>span' in '10' second(s)

2021-10-21 14:42:05 - [MESSAGE][INFO] - Smart Wait Function is triggered

2021-10-21 14:42:05 - [MESSAGE][INFO] - Found 3 web elements with id: 'Object Repository/Filtreler/Butonlar' located by 'By.cssSelector: .dxb>span' in '10' second(s)

2021-10-21 14:42:05 - [MESSAGE][PASSED] - Method.TextDegerineEsitElementeTikla is PASSED

2021-10-21 14:42:05 - [MESSAGE][PASSED] - Call Test Case 'Test Cases/Filtreler/ButonaTikla' successfully

2021-10-21 14:42:05 - [MESSAGE][INFO] - Checking called Test Case

2021-10-21 14:42:05 - [MESSAGE][INFO] - Starting to call Test Case 'Test Cases/Tablo/TablodaVeriVarMi'

2021-10-21 14:42:05 - [TEST_CASE][PASSED] - Test Cases/Tablo/TablodaVeriVarMi: Test Cases/Tablo/TablodaVeriVarMi

2021-10-21 14:42:05 - [TEST_STEP][PASSED] - verifyTextNotPresent("Görüntülenecek veri yok", true): Text 'Görüntülenecek veri yok' is not present on page using regular expression

2021-10-21 14:42:05 - [MESSAGE][INFO] - Checking text present  using regular expression

2021-10-21 14:42:05 - [MESSAGE][INFO] - Smart Wait Function is triggered

2021-10-21 14:42:06 - [MESSAGE][INFO] - Finding text 'Görüntülenecek veri yok' on page  using regular expression

2021-10-21 14:42:06 - [MESSAGE][PASSED] - Text 'Görüntülenecek veri yok' is not present on page using regular expression

2021-10-21 14:42:06 - [MESSAGE][PASSED] - Call Test Case 'Test Cases/Tablo/TablodaVeriVarMi' successfully

2021-10-21 14:42:06 - [MESSAGE][INFO] - Checking called Test Case

2021-10-21 14:42:06 - [MESSAGE][INFO] - Starting to call Test Case 'Test Cases/Tablo/TablodaVeriBasariliMiEmm'

2021-10-21 14:42:06 - [TEST_CASE][PASSED] - Test Cases/Tablo/TablodaVeriBasariliMiEmm: Test Cases/Tablo/TablodaVeriBasariliMiEmm

2021-10-21 14:42:06 - [TEST_STEP][PASSED] - sayac = 80: null

2021-10-21 14:42:06 - [TEST_STEP][PASSED] - while (verifyElementText(findTestObject("Object Repository/Tablo/DurumBilgisiEmm"), "Henüz Sonuçlanmadı", OPTIONAL)): Actual text 'Başarılı' and expected text 'Henüz Sonuçlanmadı' of test object 'Object Repository/Tablo/DurumBilgisiEmm' are NOT matched. (Root cause: com.kms.katalon.core.exception.StepFailedException: Actual text 'Başarılı' and expected text 'Henüz Sonuçlanmadı' of test object 'Object Repository/Tablo/DurumBilgisiEmm' are NOT matched.
	at com.kms.katalon.core.webui.keyword.internal.WebUIKeywordMain.stepFailed(WebUIKeywordMain.groovy:64)
	at com.kms.katalon.core.webui.keyword.builtin.VerifyElementTextKeyword$_verifyElementText_closure1.doCall(VerifyElementTextKeyword.groovy:57)
	at com.kms.katalon.core.webui.keyword.builtin.VerifyElementTextKeyword$_verifyElementText_closure1.call(VerifyElementTextKeyword.groovy)
	at com.kms.katalon.core.webui.keyword.internal.WebUIKeywordMain.runKeyword(WebUIKeywordMain.groovy:20)
	at com.kms.katalon.core.webui.keyword.builtin.VerifyElementTextKeyword.verifyElementText(VerifyElementTextKeyword.groovy:72)
	at com.kms.katalon.core.webui.keyword.builtin.VerifyElementTextKeyword.execute(VerifyElementTextKeyword.groovy:40)
	at com.kms.katalon.core.keyword.internal.KeywordExecutor.executeKeywordForPlatform(KeywordExecutor.groovy:73)
	at com.kms.katalon.core.webui.keyword.WebUiBuiltInKeywords.verifyElementText(WebUiBuiltInKeywords.groovy:4733)
	at com.kms.katalon.core.webui.keyword.WebUiBuiltInKeywords$verifyElementText$20.call(Unknown Source)
	at TablodaVeriBasariliMiEmm.run(TablodaVeriBasariliMiEmm:22)
	at com.kms.katalon.core.main.ScriptEngine.run(ScriptEngine.java:194)
	at com.kms.katalon.core.main.ScriptEngine.runScriptAsRawText(ScriptEngine.java:119)
	at com.kms.katalon.core.main.TestCaseExecutor.runScript(TestCaseExecutor.java:369)
	at com.kms.katalon.core.main.TestCaseExecutor.doExecute(TestCaseExecutor.java:360)
	at com.kms.katalon.core.main.TestCaseExecutor.processExecutionPhase(TestCaseExecutor.java:339)
	at com.kms.katalon.core.main.TestCaseExecutor.accessMainPhase(TestCaseExecutor.java:331)
	at com.kms.katalon.core.main.TestCaseExecutor.execute(TestCaseExecutor.java:248)
	at com.kms.katalon.core.main.TestCaseMain.runTestCase(TestCaseMain.java:138)
	at com.kms.katalon.core.keyword.builtin.CallTestCaseKeyword$_callTestCase_closure1.doCall(CallTestCaseKeyword.groovy:59)
	at com.kms.katalon.core.keyword.builtin.CallTestCaseKeyword$_callTestCase_closure1.call(CallTestCaseKeyword.groovy)
	at com.kms.katalon.core.keyword.internal.KeywordMain.runKeyword(KeywordMain.groovy:68)
	at com.kms.katalon.core.keyword.builtin.CallTestCaseKeyword.callTestCase(CallTestCaseKeyword.groovy:81)
	at com.kms.katalon.core.keyword.builtin.CallTestCaseKeyword.execute(CallTestCaseKeyword.groovy:44)
	at com.kms.katalon.core.keyword.internal.KeywordExecutor.executeKeywordForPlatform(KeywordExecutor.groovy:73)
	at com.kms.katalon.core.keyword.BuiltinKeywords.callTestCase(BuiltinKeywords.groovy:334)
	at tablo.tablo.tablodaVeriBasariliMiEmm(tablo.groovy:100)
	at cucumber.runtime.Utils$1.call(Utils.java:26)
	at cucumber.runtime.Timeout.timeout(Timeout.java:16)
	at cucumber.runtime.Utils.invoke(Utils.java:20)
	at cucumber.runtime.java.JavaStepDefinition.execute(JavaStepDefinition.java:49)
	at cucumber.runner.PickleStepDefinitionMatch.runStep(PickleStepDefinitionMatch.java:50)
	at cucumber.runner.TestStep.executeStep(TestStep.java:63)
	at cucumber.runner.TestStep.run(TestStep.java:49)
	at cucumber.runner.PickleStepTestStep.run(PickleStepTestStep.java:43)
	at cucumber.runner.TestCase.run(TestCase.java:44)
	at cucumber.runner.Runner.runPickle(Runner.java:40)
	at cucumber.runtime.Runtime$1.run(Runtime.java:84)
	at cucumber.runtime.Runtime$SameThreadExecutorService.execute(Runtime.java:220)
	at cucumber.runtime.Runtime.run(Runtime.java:81)
	at cucumber.api.cli.Main.run(Main.java:26)
	at cucumber.api.cli.Main$run.call(Unknown Source)
	at com.kms.katalon.core.cucumber.keyword.CucumberBuiltinKeywords$_runFeatureFile_closure1.doCall(CucumberBuiltinKeywords.groovy:106)
	at com.kms.katalon.core.cucumber.keyword.CucumberBuiltinKeywords$_runFeatureFile_closure1.doCall(CucumberBuiltinKeywords.groovy)
	at com.kms.katalon.core.keyword.internal.KeywordMain.runKeyword(KeywordMain.groovy:68)
	at com.kms.katalon.core.keyword.internal.KeywordMain$runKeyword.call(Unknown Source)
	at com.kms.katalon.core.cucumber.keyword.CucumberBuiltinKeywords.runFeatureFile(CucumberBuiltinKeywords.groovy:73)
	at com.kms.katalon.core.cucumber.keyword.CucumberBuiltinKeywords$runFeatureFile$0.callStatic(Unknown Source)
	at com.kms.katalon.core.cucumber.keyword.CucumberBuiltinKeywords.runFeatureFile(CucumberBuiltinKeywords.groovy:246)
	at com.kms.katalon.core.cucumber.keyword.CucumberBuiltinKeywords$runFeatureFile.call(Unknown Source)
	at TCKN-e-Mustahsil Makbuz.run(TCKN-e-Mustahsil Makbuz:19)
	at com.kms.katalon.core.main.ScriptEngine.run(ScriptEngine.java:194)
	at com.kms.katalon.core.main.ScriptEngine.runScriptAsRawText(ScriptEngine.java:119)
	at com.kms.katalon.core.main.TestCaseExecutor.runScript(TestCaseExecutor.java:369)
	at com.kms.katalon.core.main.TestCaseExecutor.doExecute(TestCaseExecutor.java:360)
	at com.kms.katalon.core.main.TestCaseExecutor.processExecutionPhase(TestCaseExecutor.java:339)
	at com.kms.katalon.core.main.TestCaseExecutor.accessMainPhase(TestCaseExecutor.java:331)
	at com.kms.katalon.core.main.TestCaseExecutor.execute(TestCaseExecutor.java:248)
	at com.kms.katalon.core.main.TestSuiteExecutor.accessTestCaseMainPhase(TestSuiteExecutor.java:191)
	at com.kms.katalon.core.main.TestSuiteExecutor.accessTestSuiteMainPhase(TestSuiteExecutor.java:140)
	at com.kms.katalon.core.main.TestSuiteExecutor.execute(TestSuiteExecutor.java:89)
	at com.kms.katalon.core.main.TestCaseMain.startTestSuite(TestCaseMain.java:181)
	at com.kms.katalon.core.main.TestCaseMain$startTestSuite$0.call(Unknown Source)
	at TempTestSuite1634814289741.run(TempTestSuite1634814289741.groovy:39)
)

2021-10-21 14:42:06 - [MESSAGE][INFO] - Finding Test Object 'Object Repository/Tablo/DurumBilgisiEmm'

2021-10-21 14:42:06 - [MESSAGE][INFO] - Checking object

2021-10-21 14:42:06 - [MESSAGE][INFO] - Finding web element from Test Object's properties

2021-10-21 14:42:06 - [MESSAGE][INFO] - Checking timeout

2021-10-21 14:42:06 - [MESSAGE][INFO] - Finding web element with id: 'Object Repository/Tablo/DurumBilgisiEmm' located by 'By.xpath: //*[@id = 'GridViewEPReceipt_tccell0_10']' in '30' second(s)

2021-10-21 14:42:06 - [MESSAGE][INFO] - Smart Wait Function is triggered

2021-10-21 14:42:07 - [MESSAGE][INFO] - Found 1 web elements with id: 'Object Repository/Tablo/DurumBilgisiEmm' located by 'By.xpath: //*[@id = 'GridViewEPReceipt_tccell0_10']' in '30' second(s)

2021-10-21 14:42:07 - [MESSAGE][WARNING] - Actual text 'Başarılı' and expected text 'Henüz Sonuçlanmadı' of test object 'Object Repository/Tablo/DurumBilgisiEmm' are NOT matched. (Root cause: com.kms.katalon.core.exception.StepFailedException: Actual text 'Başarılı' and expected text 'Henüz Sonuçlanmadı' of test object 'Object Repository/Tablo/DurumBilgisiEmm' are NOT matched.
	at com.kms.katalon.core.webui.keyword.internal.WebUIKeywordMain.stepFailed(WebUIKeywordMain.groovy:64)
	at com.kms.katalon.core.webui.keyword.builtin.VerifyElementTextKeyword$_verifyElementText_closure1.doCall(VerifyElementTextKeyword.groovy:57)
	at com.kms.katalon.core.webui.keyword.builtin.VerifyElementTextKeyword$_verifyElementText_closure1.call(VerifyElementTextKeyword.groovy)
	at com.kms.katalon.core.webui.keyword.internal.WebUIKeywordMain.runKeyword(WebUIKeywordMain.groovy:20)
	at com.kms.katalon.core.webui.keyword.builtin.VerifyElementTextKeyword.verifyElementText(VerifyElementTextKeyword.groovy:72)
	at com.kms.katalon.core.webui.keyword.builtin.VerifyElementTextKeyword.execute(VerifyElementTextKeyword.groovy:40)
	at com.kms.katalon.core.keyword.internal.KeywordExecutor.executeKeywordForPlatform(KeywordExecutor.groovy:73)
	at com.kms.katalon.core.webui.keyword.WebUiBuiltInKeywords.verifyElementText(WebUiBuiltInKeywords.groovy:4733)
	at com.kms.katalon.core.webui.keyword.WebUiBuiltInKeywords$verifyElementText$20.call(Unknown Source)
	at TablodaVeriBasariliMiEmm.run(TablodaVeriBasariliMiEmm:22)
	at com.kms.katalon.core.main.ScriptEngine.run(ScriptEngine.java:194)
	at com.kms.katalon.core.main.ScriptEngine.runScriptAsRawText(ScriptEngine.java:119)
	at com.kms.katalon.core.main.TestCaseExecutor.runScript(TestCaseExecutor.java:369)
	at com.kms.katalon.core.main.TestCaseExecutor.doExecute(TestCaseExecutor.java:360)
	at com.kms.katalon.core.main.TestCaseExecutor.processExecutionPhase(TestCaseExecutor.java:339)
	at com.kms.katalon.core.main.TestCaseExecutor.accessMainPhase(TestCaseExecutor.java:331)
	at com.kms.katalon.core.main.TestCaseExecutor.execute(TestCaseExecutor.java:248)
	at com.kms.katalon.core.main.TestCaseMain.runTestCase(TestCaseMain.java:138)
	at com.kms.katalon.core.keyword.builtin.CallTestCaseKeyword$_callTestCase_closure1.doCall(CallTestCaseKeyword.groovy:59)
	at com.kms.katalon.core.keyword.builtin.CallTestCaseKeyword$_callTestCase_closure1.call(CallTestCaseKeyword.groovy)
	at com.kms.katalon.core.keyword.internal.KeywordMain.runKeyword(KeywordMain.groovy:68)
	at com.kms.katalon.core.keyword.builtin.CallTestCaseKeyword.callTestCase(CallTestCaseKeyword.groovy:81)
	at com.kms.katalon.core.keyword.builtin.CallTestCaseKeyword.execute(CallTestCaseKeyword.groovy:44)
	at com.kms.katalon.core.keyword.internal.KeywordExecutor.executeKeywordForPlatform(KeywordExecutor.groovy:73)
	at com.kms.katalon.core.keyword.BuiltinKeywords.callTestCase(BuiltinKeywords.groovy:334)
	at tablo.tablo.tablodaVeriBasariliMiEmm(tablo.groovy:100)
	at cucumber.runtime.Utils$1.call(Utils.java:26)
	at cucumber.runtime.Timeout.timeout(Timeout.java:16)
	at cucumber.runtime.Utils.invoke(Utils.java:20)
	at cucumber.runtime.java.JavaStepDefinition.execute(JavaStepDefinition.java:49)
	at cucumber.runner.PickleStepDefinitionMatch.runStep(PickleStepDefinitionMatch.java:50)
	at cucumber.runner.TestStep.executeStep(TestStep.java:63)
	at cucumber.runner.TestStep.run(TestStep.java:49)
	at cucumber.runner.PickleStepTestStep.run(PickleStepTestStep.java:43)
	at cucumber.runner.TestCase.run(TestCase.java:44)
	at cucumber.runner.Runner.runPickle(Runner.java:40)
	at cucumber.runtime.Runtime$1.run(Runtime.java:84)
	at cucumber.runtime.Runtime$SameThreadExecutorService.execute(Runtime.java:220)
	at cucumber.runtime.Runtime.run(Runtime.java:81)
	at cucumber.api.cli.Main.run(Main.java:26)
	at cucumber.api.cli.Main$run.call(Unknown Source)
	at com.kms.katalon.core.cucumber.keyword.CucumberBuiltinKeywords$_runFeatureFile_closure1.doCall(CucumberBuiltinKeywords.groovy:106)
	at com.kms.katalon.core.cucumber.keyword.CucumberBuiltinKeywords$_runFeatureFile_closure1.doCall(CucumberBuiltinKeywords.groovy)
	at com.kms.katalon.core.keyword.internal.KeywordMain.runKeyword(KeywordMain.groovy:68)
	at com.kms.katalon.core.keyword.internal.KeywordMain$runKeyword.call(Unknown Source)
	at com.kms.katalon.core.cucumber.keyword.CucumberBuiltinKeywords.runFeatureFile(CucumberBuiltinKeywords.groovy:73)
	at com.kms.katalon.core.cucumber.keyword.CucumberBuiltinKeywords$runFeatureFile$0.callStatic(Unknown Source)
	at com.kms.katalon.core.cucumber.keyword.CucumberBuiltinKeywords.runFeatureFile(CucumberBuiltinKeywords.groovy:246)
	at com.kms.katalon.core.cucumber.keyword.CucumberBuiltinKeywords$runFeatureFile.call(Unknown Source)
	at TCKN-e-Mustahsil Makbuz.run(TCKN-e-Mustahsil Makbuz:19)
	at com.kms.katalon.core.main.ScriptEngine.run(ScriptEngine.java:194)
	at com.kms.katalon.core.main.ScriptEngine.runScriptAsRawText(ScriptEngine.java:119)
	at com.kms.katalon.core.main.TestCaseExecutor.runScript(TestCaseExecutor.java:369)
	at com.kms.katalon.core.main.TestCaseExecutor.doExecute(TestCaseExecutor.java:360)
	at com.kms.katalon.core.main.TestCaseExecutor.processExecutionPhase(TestCaseExecutor.java:339)
	at com.kms.katalon.core.main.TestCaseExecutor.accessMainPhase(TestCaseExecutor.java:331)
	at com.kms.katalon.core.main.TestCaseExecutor.execute(TestCaseExecutor.java:248)
	at com.kms.katalon.core.main.TestSuiteExecutor.accessTestCaseMainPhase(TestSuiteExecutor.java:191)
	at com.kms.katalon.core.main.TestSuiteExecutor.accessTestSuiteMainPhase(TestSuiteExecutor.java:140)
	at com.kms.katalon.core.main.TestSuiteExecutor.execute(TestSuiteExecutor.java:89)
	at com.kms.katalon.core.main.TestCaseMain.startTestSuite(TestCaseMain.java:181)
	at com.kms.katalon.core.main.TestCaseMain$startTestSuite$0.call(Unknown Source)
	at TempTestSuite1634814289741.run(TempTestSuite1634814289741.groovy:39)
)

2021-10-21 14:42:07 - [TEST_STEP][PASSED] - Method.TextDegerineEsitElementVarMi(findTestObject("Object Repository/Tablo/DurumBilgisiEmm"), "Başarılı"): Method.TextDegerineEsitElementVarMi is PASSED

2021-10-21 14:42:07 - [MESSAGE][INFO] - Finding Test Object 'Object Repository/Tablo/DurumBilgisiEmm'

2021-10-21 14:42:07 - [MESSAGE][INFO] - Checking timeout

2021-10-21 14:42:07 - [MESSAGE][INFO] - Finding web element with id: 'Object Repository/Tablo/DurumBilgisiEmm' located by 'By.xpath: //*[@id = 'GridViewEPReceipt_tccell0_10']' in '10' second(s)

2021-10-21 14:42:07 - [MESSAGE][INFO] - Smart Wait Function is triggered

2021-10-21 14:42:07 - [MESSAGE][INFO] - Found 1 web elements with id: 'Object Repository/Tablo/DurumBilgisiEmm' located by 'By.xpath: //*[@id = 'GridViewEPReceipt_tccell0_10']' in '10' second(s)

2021-10-21 14:42:07 - [MESSAGE][PASSED] - Method.TextDegerineEsitElementVarMi is PASSED

2021-10-21 14:42:07 - [MESSAGE][PASSED] - Call Test Case 'Test Cases/Tablo/TablodaVeriBasariliMiEmm' successfully

2021-10-21 14:42:07 - [MESSAGE][INFO] - Checking called Test Case

2021-10-21 14:42:07 - [MESSAGE][INFO] - Starting to call Test Case 'Test Cases/Kullanici_Islemleri/KullaniciIslemlerindenSecimYapilir'

2021-10-21 14:42:07 - [TEST_CASE][PASSED] - Test Cases/Kullanici_Islemleri/KullaniciIslemlerindenSecimYapilir: Test Cases/Kullanici_Islemleri/KullaniciIslemlerindenSecimYapilir

2021-10-21 14:42:07 - [TEST_STEP][PASSED] - waitForElementClickable(findTestObject("Object Repository/Kullanici_Islemleri/KullaniciIslemleri"), 10): Object 'Object Repository/Kullanici_Islemleri/KullaniciIslemleri' is clickable

2021-10-21 14:42:07 - [MESSAGE][INFO] - Finding Test Object 'Object Repository/Kullanici_Islemleri/KullaniciIslemleri'

2021-10-21 14:42:07 - [MESSAGE][INFO] - Checking object

2021-10-21 14:42:07 - [MESSAGE][INFO] - Checking timeout

2021-10-21 14:42:07 - [MESSAGE][INFO] - Finding web element from Test Object's properties

2021-10-21 14:42:07 - [MESSAGE][INFO] - Checking timeout

2021-10-21 14:42:07 - [MESSAGE][INFO] - Finding web element with id: 'Object Repository/Kullanici_Islemleri/KullaniciIslemleri' located by 'By.cssSelector: .dropdown>a>img' in '10' second(s)

2021-10-21 14:42:07 - [MESSAGE][INFO] - Smart Wait Function is triggered

2021-10-21 14:42:08 - [MESSAGE][INFO] - Found 1 web elements with id: 'Object Repository/Kullanici_Islemleri/KullaniciIslemleri' located by 'By.cssSelector: .dropdown>a>img' in '10' second(s)

2021-10-21 14:42:08 - [MESSAGE][PASSED] - Object 'Object Repository/Kullanici_Islemleri/KullaniciIslemleri' is clickable

2021-10-21 14:42:08 - [TEST_STEP][PASSED] - click(findTestObject("Object Repository/Kullanici_Islemleri/KullaniciIslemleri")): Object: 'Object Repository/Kullanici_Islemleri/KullaniciIslemleri' is clicked on

2021-10-21 14:42:08 - [MESSAGE][INFO] - Finding Test Object 'Object Repository/Kullanici_Islemleri/KullaniciIslemleri'

2021-10-21 14:42:08 - [MESSAGE][INFO] - Checking object

2021-10-21 14:42:08 - [MESSAGE][INFO] - Finding web element from Test Object's properties

2021-10-21 14:42:08 - [MESSAGE][INFO] - Checking timeout

2021-10-21 14:42:08 - [MESSAGE][INFO] - Finding web element with id: 'Object Repository/Kullanici_Islemleri/KullaniciIslemleri' located by 'By.cssSelector: .dropdown>a>img' in '30' second(s)

2021-10-21 14:42:08 - [MESSAGE][INFO] - Smart Wait Function is triggered

2021-10-21 14:42:08 - [MESSAGE][INFO] - Found 1 web elements with id: 'Object Repository/Kullanici_Islemleri/KullaniciIslemleri' located by 'By.cssSelector: .dropdown>a>img' in '30' second(s)

2021-10-21 14:42:08 - [MESSAGE][INFO] - Clicking on object: 'Object Repository/Kullanici_Islemleri/KullaniciIslemleri'

2021-10-21 14:42:08 - [MESSAGE][PASSED] - Object: 'Object Repository/Kullanici_Islemleri/KullaniciIslemleri' is clicked on

2021-10-21 14:42:08 - [TEST_STEP][PASSED] - Method.TextDegerineEsitElementeTikla(findTestObject("Object Repository/Kullanici_Islemleri/Secenekler"), Islem): Method.TextDegerineEsitElementeTikla is PASSED

2021-10-21 14:42:08 - [MESSAGE][INFO] - Finding Test Object 'Object Repository/Kullanici_Islemleri/Secenekler'

2021-10-21 14:42:08 - [MESSAGE][INFO] - Checking timeout

2021-10-21 14:42:08 - [MESSAGE][INFO] - Finding web element with id: 'Object Repository/Kullanici_Islemleri/Secenekler' located by 'By.cssSelector: .nav.navbar-nav.navbar-right li a' in '10' second(s)

2021-10-21 14:42:08 - [MESSAGE][INFO] - Smart Wait Function is triggered

2021-10-21 14:42:08 - [MESSAGE][INFO] - Found 22 web elements with id: 'Object Repository/Kullanici_Islemleri/Secenekler' located by 'By.cssSelector: .nav.navbar-nav.navbar-right li a' in '10' second(s)

2021-10-21 14:42:11 - [MESSAGE][PASSED] - Method.TextDegerineEsitElementeTikla is PASSED

2021-10-21 14:42:11 - [TEST_STEP][PASSED] - verifyElementNotPresent(findTestObject("Object Repository/Kullanici_Islemleri/Secenekler"), 10): Web element with id: 'Object Repository/Kullanici_Islemleri/Secenekler' located by 'By.cssSelector: .nav.navbar-nav.navbar-right li a' is not present after '10' second(s)

2021-10-21 14:42:11 - [MESSAGE][INFO] - Finding Test Object 'Object Repository/Kullanici_Islemleri/Secenekler'

2021-10-21 14:42:11 - [MESSAGE][INFO] - Checking object

2021-10-21 14:42:11 - [MESSAGE][INFO] - Checking timeout

2021-10-21 14:42:11 - [MESSAGE][INFO] - Finding web element with id: 'Object Repository/Kullanici_Islemleri/Secenekler' located by 'By.cssSelector: .nav.navbar-nav.navbar-right li a' in '10' second(s)

2021-10-21 14:42:11 - [MESSAGE][INFO] - Smart Wait Function is triggered

2021-10-21 14:42:11 - [MESSAGE][PASSED] - Web element with id: 'Object Repository/Kullanici_Islemleri/Secenekler' located by 'By.cssSelector: .nav.navbar-nav.navbar-right li a' is not present after '10' second(s)

2021-10-21 14:42:11 - [MESSAGE][PASSED] - Call Test Case 'Test Cases/Kullanici_Islemleri/KullaniciIslemlerindenSecimYapilir' successfully

2021-10-21 14:42:11 - [TEST_CASE][PASSED] - Start Test Case : SCENARIO TCKNo ile e-Mustahsil Makbuzu Olusturmasi ve Excele aktarilmasi: SCENARIO TCKNo ile e-Mustahsil Makbuzu Olusturmasi ve Excele aktarilmasi

2021-10-21 14:42:11 - [TEST_STEP][PASSED] - Kullanıcı adı ELOGO6 ve Şifre 123456 olarak giriş yapılır: Kullanıcı adı ELOGO6 ve Şifre 123456 olarak giriş yapılır

2021-10-21 14:42:11 - [MESSAGE][PASSED] - Kullanıcı adı ELOGO6 ve Şifre 123456 olarak giriş yapılır

2021-10-21 14:42:11 - [TEST_STEP][PASSED] - Ana menüden e-Makbuz seçilir: Ana menüden e-Makbuz seçilir

2021-10-21 14:42:11 - [MESSAGE][PASSED] - Ana menüden e-Makbuz seçilir

2021-10-21 14:42:11 - [TEST_STEP][PASSED] - Alt menü e-Müstahsil Uygulaması başlığı altındaki e-Müstahsil Makbuzu Oluşturma seçilir: Alt menü e-Müstahsil Uygulaması başlığı altındaki e-Müstahsil Makbuzu Oluşturma seçilir

2021-10-21 14:42:11 - [MESSAGE][PASSED] - Alt menü e-Müstahsil Uygulaması başlığı altındaki e-Müstahsil Makbuzu Oluşturma seçilir

2021-10-21 14:42:11 - [TEST_STEP][PASSED] - Tablodaki tüm veriler silinir: Tablodaki tüm veriler silinir

2021-10-21 14:42:11 - [MESSAGE][PASSED] - Tablodaki tüm veriler silinir

2021-10-21 14:42:11 - [TEST_STEP][PASSED] - Butonlardan Ekle isimli butona tıklanır: Butonlardan Ekle isimli butona tıklanır

2021-10-21 14:42:11 - [MESSAGE][PASSED] - Butonlardan Ekle isimli butona tıklanır

2021-10-21 14:42:11 - [TEST_STEP][PASSED] - Görsel tasarım sayfasının Makbuz Bilgileri başlığını içerdiği kontrol edilir: Görsel tasarım sayfasının Makbuz Bilgileri başlığını içerdiği kontrol edilir

2021-10-21 14:42:11 - [MESSAGE][PASSED] - Görsel tasarım sayfasının Makbuz Bilgileri başlığını içerdiği kontrol edilir

2021-10-21 14:42:11 - [TEST_STEP][PASSED] - Alıcı adı alanına UC0038 girilir: Alıcı adı alanına UC0038 girilir

2021-10-21 14:42:11 - [MESSAGE][PASSED] - Alıcı adı alanına UC0038 girilir

2021-10-21 14:42:11 - [TEST_STEP][PASSED] - Ekle butonuna basılır: Ekle butonuna basılır

2021-10-21 14:42:11 - [MESSAGE][PASSED] - Ekle butonuna basılır

2021-10-21 14:42:11 - [TEST_STEP][PASSED] - Ürün ekleme alanında Mal/Hizmet başlığına Otomasyon girilir: Ürün ekleme alanında Mal/Hizmet başlığına Otomasyon girilir

2021-10-21 14:42:11 - [MESSAGE][PASSED] - Ürün ekleme alanında Mal/Hizmet başlığına Otomasyon girilir

2021-10-21 14:42:11 - [TEST_STEP][PASSED] - Ürün ekleme alanında Miktarı başlığına 400 girilir: Ürün ekleme alanında Miktarı başlığına 400 girilir

2021-10-21 14:42:11 - [MESSAGE][PASSED] - Ürün ekleme alanında Miktarı başlığına 400 girilir

2021-10-21 14:42:11 - [TEST_STEP][PASSED] - Ürün ekleme alanında Birim Fiyat başlığına 100 girilir: Ürün ekleme alanında Birim Fiyat başlığına 100 girilir

2021-10-21 14:42:11 - [MESSAGE][PASSED] - Ürün ekleme alanında Birim Fiyat başlığına 100 girilir

2021-10-21 14:42:11 - [TEST_STEP][PASSED] - Ürün ekleme alanında G.V Stopaj Oranı% başlığına 10 girilir: Ürün ekleme alanında G.V Stopaj Oranı% başlığına 10 girilir

2021-10-21 14:42:11 - [MESSAGE][PASSED] - Ürün ekleme alanında G.V Stopaj Oranı% başlığına 10 girilir

2021-10-21 14:42:11 - [TEST_STEP][PASSED] - Notlar alanına Otomasyon Not girilir: Notlar alanına Otomasyon Not girilir

2021-10-21 14:42:11 - [MESSAGE][PASSED] - Notlar alanına Otomasyon Not girilir

2021-10-21 14:42:11 - [TEST_STEP][PASSED] - Ettn bilgisi kayıt edilir: Ettn bilgisi kayıt edilir

2021-10-21 14:42:11 - [MESSAGE][PASSED] - Ettn bilgisi kayıt edilir

2021-10-21 14:42:11 - [TEST_STEP][PASSED] - Kaydet butonu seçilir: Kaydet butonu seçilir

2021-10-21 14:42:11 - [MESSAGE][PASSED] - Kaydet butonu seçilir

2021-10-21 14:42:11 - [TEST_STEP][PASSED] - Tabloda Ettn bilgisi kaydedilen veri oluşturuldu mu: Tabloda Ettn bilgisi kaydedilen veri oluşturuldu mu

2021-10-21 14:42:11 - [MESSAGE][PASSED] - Tabloda Ettn bilgisi kaydedilen veri oluşturuldu mu

2021-10-21 14:42:11 - [TEST_STEP][PASSED] - Tablodan Ettn bilgisi kaydedilen veri seçilir: Tablodan Ettn bilgisi kaydedilen veri seçilir

2021-10-21 14:42:11 - [MESSAGE][PASSED] - Tablodan Ettn bilgisi kaydedilen veri seçilir

2021-10-21 14:42:11 - [TEST_STEP][PASSED] - Butonlardan Numara Oluştur isimli butona tıklanır: Butonlardan Numara Oluştur isimli butona tıklanır

2021-10-21 14:42:11 - [MESSAGE][PASSED] - Butonlardan Numara Oluştur isimli butona tıklanır

2021-10-21 14:42:11 - [TEST_STEP][PASSED] - Popup mesajı Devam etmek istiyor musunuz içeriyor mu: Popup mesajı Devam etmek istiyor musunuz içeriyor mu

2021-10-21 14:42:11 - [MESSAGE][PASSED] - Popup mesajı Devam etmek istiyor musunuz içeriyor mu

2021-10-21 14:42:11 - [TEST_STEP][PASSED] - Yönetim popupında Evet seçilir: Yönetim popupında Evet seçilir

2021-10-21 14:42:11 - [MESSAGE][PASSED] - Yönetim popupında Evet seçilir

2021-10-21 14:42:11 - [TEST_STEP][PASSED] - Popup mesajı oluşmuştur içeriyor mu: Popup mesajı oluşmuştur içeriyor mu

2021-10-21 14:42:11 - [MESSAGE][PASSED] - Popup mesajı oluşmuştur içeriyor mu

2021-10-21 14:42:11 - [TEST_STEP][PASSED] - Yönetim popupında Tamam seçilir: Yönetim popupında Tamam seçilir

2021-10-21 14:42:11 - [MESSAGE][PASSED] - Yönetim popupında Tamam seçilir

2021-10-21 14:42:11 - [TEST_STEP][PASSED] - Tablodan Ettn bilgisi kaydedilen veri seçilir: Tablodan Ettn bilgisi kaydedilen veri seçilir

2021-10-21 14:42:11 - [MESSAGE][PASSED] - Tablodan Ettn bilgisi kaydedilen veri seçilir

2021-10-21 14:42:11 - [TEST_STEP][PASSED] - Butonlardan Gönder isimli butona tıklanır: Butonlardan Gönder isimli butona tıklanır

2021-10-21 14:42:11 - [MESSAGE][PASSED] - Butonlardan Gönder isimli butona tıklanır

2021-10-21 14:42:11 - [TEST_STEP][PASSED] - Popup mesajı Devam etmek istiyor musunuz içeriyor mu: Popup mesajı Devam etmek istiyor musunuz içeriyor mu

2021-10-21 14:42:11 - [MESSAGE][PASSED] - Popup mesajı Devam etmek istiyor musunuz içeriyor mu

2021-10-21 14:42:11 - [TEST_STEP][PASSED] - Yönetim popupında Evet seçilir: Yönetim popupında Evet seçilir

2021-10-21 14:42:11 - [MESSAGE][PASSED] - Yönetim popupında Evet seçilir

2021-10-21 14:42:11 - [TEST_STEP][PASSED] - Ana menüden e-Makbuz seçilir: Ana menüden e-Makbuz seçilir

2021-10-21 14:42:11 - [MESSAGE][PASSED] - Ana menüden e-Makbuz seçilir

2021-10-21 14:42:11 - [TEST_STEP][PASSED] - Alt menü e-Müstahsil Uygulaması başlığı altındaki e-Müstahsil Makbuzları seçilir: Alt menü e-Müstahsil Uygulaması başlığı altındaki e-Müstahsil Makbuzları seçilir

2021-10-21 14:42:11 - [MESSAGE][PASSED] - Alt menü e-Müstahsil Uygulaması başlığı altındaki e-Müstahsil Makbuzları seçilir

2021-10-21 14:42:11 - [TEST_STEP][PASSED] - Filtrelerden Ettn filtresine Ettn bilgisi yaz: Filtrelerden Ettn filtresine Ettn bilgisi yaz

2021-10-21 14:42:11 - [MESSAGE][PASSED] - Filtrelerden Ettn filtresine Ettn bilgisi yaz

2021-10-21 14:42:11 - [TEST_STEP][PASSED] - Filtre butonlarından Listele seçilir: Filtre butonlarından Listele seçilir

2021-10-21 14:42:11 - [MESSAGE][PASSED] - Filtre butonlarından Listele seçilir

2021-10-21 14:42:11 - [TEST_STEP][PASSED] - Tabloda veri var mı kontrol edilir: Tabloda veri var mı kontrol edilir

2021-10-21 14:42:11 - [MESSAGE][PASSED] - Tabloda veri var mı kontrol edilir

2021-10-21 14:42:11 - [TEST_STEP][PASSED] - Tabloda yeni oluşturulan emm verisi başarılı mı: Tabloda yeni oluşturulan emm verisi başarılı mı

2021-10-21 14:42:11 - [MESSAGE][PASSED] - Tabloda yeni oluşturulan emm verisi başarılı mı

2021-10-21 14:42:11 - [TEST_STEP][PASSED] - Kullanıcı işlemlerinden Çıkış seçilir: Kullanıcı işlemlerinden Çıkış seçilir

2021-10-21 14:42:11 - [MESSAGE][PASSED] - Kullanıcı işlemlerinden Çıkış seçilir

2021-10-21 14:42:11 - [MESSAGE][PASSED] - Feature file: 'Include/features/Regresyon/e-Mustahsil Makbuz/TCKN-e-Mustahsil Makbuz.feature' was passed

2021-10-21 14:42:11 - [TEST_STEP][PASSED] - Start listener action : sampleAfterTestSuite: Invoke 'com.kms.katalon.core.annotation.AfterTestCase' method: 'Listener.sampleAfterTestSuite(...)' completed.

2021-10-21 14:42:11 - [MESSAGE][INFO] - Starting invoke 'com.kms.katalon.core.annotation.AfterTestCase' method: 'Listener.sampleAfterTestSuite(...)'

2021-10-21 14:42:11 - [TEST_STEP][PASSED] - closeBrowser(): Invoke 'com.kms.katalon.core.annotation.AfterTestCase' method: 'Listener.sampleAfterTestSuite(...)' completed.

2021-10-21 14:42:11 - [MESSAGE][INFO] - Closing browser

2021-10-21 14:42:12 - [MESSAGE][PASSED] - Browser is closed

2021-10-21 14:42:12 - [MESSAGE][INFO] - Invoke 'com.kms.katalon.core.annotation.AfterTestCase' method: 'Listener.sampleAfterTestSuite(...)' completed.]]></system-out>
         <system-err><![CDATA[]]></system-err>
      </testcase>
      <testcase name="Test Cases/Case Repository/Regresyon/e-Serbest Meslek Makbuzu/VKN-e-Serbest Meslek Makbuzu-Elektronik" time="104.022" classname="Test Cases/Case Repository/Regresyon/e-Serbest Meslek Makbuzu/VKN-e-Serbest Meslek Makbuzu-Elektronik" status="PASSED">
         <system-out><![CDATA[2021-10-21 14:42:12 - [TEST_CASE][PASSED] - Test Cases/Case Repository/Regresyon/e-Serbest Meslek Makbuzu/VKN-e-Serbest Meslek Makbuzu-Elektronik: Test Cases/Case Repository/Regresyon/e-Serbest Meslek Makbuzu/VKN-e-Serbest Meslek Makbuzu-Elektronik

2021-10-21 14:42:12 - [TEST_STEP][PASSED] - Start listener action : sampleBeforeTestSuite: Invoke 'com.kms.katalon.core.annotation.BeforeTestCase' method: 'Listener.sampleBeforeTestSuite(...)' completed.

2021-10-21 14:42:12 - [MESSAGE][INFO] - Starting invoke 'com.kms.katalon.core.annotation.BeforeTestCase' method: 'Listener.sampleBeforeTestSuite(...)'

2021-10-21 14:42:12 - [TEST_STEP][PASSED] - openBrowser(baseUrl): Browser is opened with url: 'https://efatura-stage.elogo.com.tr/'

2021-10-21 14:42:12 - [MESSAGE][INFO] - Opening browser

2021-10-21 14:42:12 - [MESSAGE][INFO] - Starting 'Chrome' driver

2021-10-21 14:42:12 - [MESSAGE][INFO] - User set preference: ['prefs', '{download.default_directory=C:\otomasyondownfiles}']

2021-10-21 14:42:12 - [MESSAGE][INFO] - Action delay is set to 0 milliseconds

2021-10-21 14:42:14 - [MESSAGE][INFO] - Navigating browser to: 'https://efatura-stage.elogo.com.tr/'

2021-10-21 14:42:16 - [MESSAGE][PASSED] - Browser is opened with url: 'https://efatura-stage.elogo.com.tr/'

2021-10-21 14:42:16 - [TEST_STEP][PASSED] - maximizeWindow(): Invoke 'com.kms.katalon.core.annotation.BeforeTestCase' method: 'Listener.sampleBeforeTestSuite(...)' completed.

2021-10-21 14:42:16 - [MESSAGE][INFO] - Maximizing current window

2021-10-21 14:42:17 - [MESSAGE][PASSED] - Current window maximized

2021-10-21 14:42:17 - [MESSAGE][INFO] - Invoke 'com.kms.katalon.core.annotation.BeforeTestCase' method: 'Listener.sampleBeforeTestSuite(...)' completed.

2021-10-21 14:42:17 - [TEST_STEP][PASSED] - runFeatureFile("Include/features/Regresyon/e-Serbest Meslek Makbuzu/VKN-e-Serbest Meslek Makbuzu-Elektronik.feature"): Feature file: 'Include/features/Regresyon/e-Serbest Meslek Makbuzu/VKN-e-Serbest Meslek Makbuzu-Elektronik.feature' was passed

2021-10-21 14:42:17 - [MESSAGE][INFO] - Starting run keyword runFeatureFile: 'Include/features/Regresyon/e-Serbest Meslek Makbuzu/VKN-e-Serbest Meslek Makbuzu-Elektronik.feature' and extract report to folder: 'C:\Users\DELL\Downloads\EES_Katalon-main\Reports\20211021_140437\Suite Repository\Regresyon-eArsiv-eMakbuz\20211021_140449/cucumber_report/1634816537867'...

2021-10-21 14:42:17 - [MESSAGE][INFO] - Glue: []

2021-10-21 14:42:18 - [MESSAGE][INFO] - Checking called Test Case

2021-10-21 14:42:18 - [MESSAGE][INFO] - Starting to call Test Case 'Test Cases/Sayfalar/Giris_Sayfasi/Login'

2021-10-21 14:42:19 - [TEST_CASE][PASSED] - Test Cases/Sayfalar/Giris_Sayfasi/Login: Test Cases/Sayfalar/Giris_Sayfasi/Login

2021-10-21 14:42:19 - [TEST_STEP][PASSED] - Sayfa_Basligi = getWindowTitle(): Current window's title is: 'LOGO e-Fatura'

2021-10-21 14:42:19 - [MESSAGE][INFO] - Getting current window's title

2021-10-21 14:42:19 - [MESSAGE][PASSED] - Current window's title is: 'LOGO e-Fatura'

2021-10-21 14:42:19 - [TEST_STEP][PASSED] - verifyMatch(Sayfa_Basligi, "LOGO e-Fatura", false): Actual text 'LOGO e-Fatura' and expected text 'LOGO e-Fatura' are matched 

2021-10-21 14:42:19 - [MESSAGE][INFO] - Matching actual text 'LOGO e-Fatura' with expected text 'LOGO e-Fatura'

2021-10-21 14:42:19 - [MESSAGE][PASSED] - Actual text 'LOGO e-Fatura' and expected text 'LOGO e-Fatura' are matched 

2021-10-21 14:42:19 - [TEST_STEP][PASSED] - sendKeys(findTestObject("Sayfalar/Giris_Sayfasi/Firma_Kodu"), KullaniciAdi): Keys 'ELOGOGIB' sent to object: 'Object Repository/Sayfalar/Giris_Sayfasi/Firma_Kodu'

2021-10-21 14:42:19 - [MESSAGE][INFO] - Finding Test Object 'Object Repository/Sayfalar/Giris_Sayfasi/Firma_Kodu'

2021-10-21 14:42:19 - [MESSAGE][INFO] - Sending keys 'ELOGOGIB' to object: 'Object Repository/Sayfalar/Giris_Sayfasi/Firma_Kodu'

2021-10-21 14:42:19 - [MESSAGE][INFO] - Finding web element from Test Object's properties

2021-10-21 14:42:19 - [MESSAGE][INFO] - Checking timeout

2021-10-21 14:42:19 - [MESSAGE][INFO] - Finding web element with id: 'Object Repository/Sayfalar/Giris_Sayfasi/Firma_Kodu' located by 'By.xpath: //*[@id = 'AccountName']' in '30' second(s)

2021-10-21 14:42:19 - [MESSAGE][INFO] - Smart Wait Function is triggered

2021-10-21 14:42:19 - [MESSAGE][INFO] - Found 1 web elements with id: 'Object Repository/Sayfalar/Giris_Sayfasi/Firma_Kodu' located by 'By.xpath: //*[@id = 'AccountName']' in '30' second(s)

2021-10-21 14:42:19 - [MESSAGE][PASSED] - Keys 'ELOGOGIB' sent to object: 'Object Repository/Sayfalar/Giris_Sayfasi/Firma_Kodu'

2021-10-21 14:42:19 - [TEST_STEP][PASSED] - sendKeys(findTestObject("Sayfalar/Giris_Sayfasi/Sifre"), Sifre): Keys '123456' sent to object: 'Object Repository/Sayfalar/Giris_Sayfasi/Sifre'

2021-10-21 14:42:19 - [MESSAGE][INFO] - Finding Test Object 'Object Repository/Sayfalar/Giris_Sayfasi/Sifre'

2021-10-21 14:42:19 - [MESSAGE][INFO] - Sending keys '123456' to object: 'Object Repository/Sayfalar/Giris_Sayfasi/Sifre'

2021-10-21 14:42:19 - [MESSAGE][INFO] - Finding web element from Test Object's properties

2021-10-21 14:42:19 - [MESSAGE][INFO] - Checking timeout

2021-10-21 14:42:19 - [MESSAGE][INFO] - Finding web element with id: 'Object Repository/Sayfalar/Giris_Sayfasi/Sifre' located by 'By.xpath: //*[@id = 'Password']' in '30' second(s)

2021-10-21 14:42:19 - [MESSAGE][INFO] - Smart Wait Function is triggered

2021-10-21 14:42:19 - [MESSAGE][INFO] - Found 1 web elements with id: 'Object Repository/Sayfalar/Giris_Sayfasi/Sifre' located by 'By.xpath: //*[@id = 'Password']' in '30' second(s)

2021-10-21 14:42:19 - [MESSAGE][PASSED] - Keys '123456' sent to object: 'Object Repository/Sayfalar/Giris_Sayfasi/Sifre'

2021-10-21 14:42:19 - [TEST_STEP][PASSED] - findWebElement(findTestObject("Sayfalar/Giris_Sayfasi/Giris_Butonu")).click(): Found 1 web elements with id: 'Object Repository/Sayfalar/Giris_Sayfasi/Giris_Butonu' located by 'By.cssSelector: #btnLogin' in '30' second(s)

2021-10-21 14:42:19 - [MESSAGE][INFO] - Finding Test Object 'Object Repository/Sayfalar/Giris_Sayfasi/Giris_Butonu'

2021-10-21 14:42:20 - [MESSAGE][INFO] - Finding web element from Test Object's properties

2021-10-21 14:42:20 - [MESSAGE][INFO] - Checking timeout

2021-10-21 14:42:20 - [MESSAGE][INFO] - Finding web element with id: 'Object Repository/Sayfalar/Giris_Sayfasi/Giris_Butonu' located by 'By.cssSelector: #btnLogin' in '30' second(s)

2021-10-21 14:42:20 - [MESSAGE][INFO] - Smart Wait Function is triggered

2021-10-21 14:42:20 - [MESSAGE][INFO] - Found 1 web elements with id: 'Object Repository/Sayfalar/Giris_Sayfasi/Giris_Butonu' located by 'By.cssSelector: #btnLogin' in '30' second(s)

2021-10-21 14:42:21 - [TEST_STEP][PASSED] - if (verifyElementPresent(findTestObject("Object Repository/Sayfalar/Giris_Sayfasi/RetveTamam_Butonu"), 5, OPTIONAL)): null

2021-10-21 14:42:21 - [MESSAGE][INFO] - Finding Test Object 'Object Repository/Sayfalar/Giris_Sayfasi/RetveTamam_Butonu'

2021-10-21 14:42:22 - [MESSAGE][INFO] - Checking object

2021-10-21 14:42:22 - [MESSAGE][INFO] - Finding web element from Test Object's properties

2021-10-21 14:42:22 - [MESSAGE][INFO] - Checking timeout

2021-10-21 14:42:22 - [MESSAGE][INFO] - Finding web element with id: 'Object Repository/Sayfalar/Giris_Sayfasi/RetveTamam_Butonu' located by 'By.xpath: //*[@class = 'btn btn-default']' in '5' second(s)

2021-10-21 14:42:22 - [MESSAGE][INFO] - Smart Wait Function is triggered

2021-10-21 14:42:22 - [MESSAGE][INFO] - Found 1 web elements with id: 'Object Repository/Sayfalar/Giris_Sayfasi/RetveTamam_Butonu' located by 'By.xpath: //*[@class = 'btn btn-default']' in '5' second(s)

2021-10-21 14:42:22 - [MESSAGE][PASSED] - Object 'Object Repository/Sayfalar/Giris_Sayfasi/RetveTamam_Butonu' is present

2021-10-21 14:42:22 - [TEST_STEP][PASSED] - click(findTestObject("Object Repository/Sayfalar/Giris_Sayfasi/RetveTamam_Butonu")): Object: 'Object Repository/Sayfalar/Giris_Sayfasi/RetveTamam_Butonu' is clicked on

2021-10-21 14:42:22 - [MESSAGE][INFO] - Finding Test Object 'Object Repository/Sayfalar/Giris_Sayfasi/RetveTamam_Butonu'

2021-10-21 14:42:22 - [MESSAGE][INFO] - Checking object

2021-10-21 14:42:22 - [MESSAGE][INFO] - Finding web element from Test Object's properties

2021-10-21 14:42:22 - [MESSAGE][INFO] - Checking timeout

2021-10-21 14:42:22 - [MESSAGE][INFO] - Finding web element with id: 'Object Repository/Sayfalar/Giris_Sayfasi/RetveTamam_Butonu' located by 'By.xpath: //*[@class = 'btn btn-default']' in '30' second(s)

2021-10-21 14:42:22 - [MESSAGE][INFO] - Smart Wait Function is triggered

2021-10-21 14:42:22 - [MESSAGE][INFO] - Found 1 web elements with id: 'Object Repository/Sayfalar/Giris_Sayfasi/RetveTamam_Butonu' located by 'By.xpath: //*[@class = 'btn btn-default']' in '30' second(s)

2021-10-21 14:42:22 - [MESSAGE][INFO] - Clicking on object: 'Object Repository/Sayfalar/Giris_Sayfasi/RetveTamam_Butonu'

2021-10-21 14:42:22 - [MESSAGE][PASSED] - Object: 'Object Repository/Sayfalar/Giris_Sayfasi/RetveTamam_Butonu' is clicked on

2021-10-21 14:42:22 - [TEST_STEP][PASSED] - click(findTestObject("Object Repository/Sayfalar/Giris_Sayfasi/RetveTamam_Butonu")): Object: 'Object Repository/Sayfalar/Giris_Sayfasi/RetveTamam_Butonu' is clicked on

2021-10-21 14:42:22 - [MESSAGE][INFO] - Finding Test Object 'Object Repository/Sayfalar/Giris_Sayfasi/RetveTamam_Butonu'

2021-10-21 14:42:23 - [MESSAGE][INFO] - Checking object

2021-10-21 14:42:23 - [MESSAGE][INFO] - Finding web element from Test Object's properties

2021-10-21 14:42:23 - [MESSAGE][INFO] - Checking timeout

2021-10-21 14:42:23 - [MESSAGE][INFO] - Finding web element with id: 'Object Repository/Sayfalar/Giris_Sayfasi/RetveTamam_Butonu' located by 'By.xpath: //*[@class = 'btn btn-default']' in '30' second(s)

2021-10-21 14:42:23 - [MESSAGE][INFO] - Smart Wait Function is triggered

2021-10-21 14:42:26 - [MESSAGE][INFO] - Found 1 web elements with id: 'Object Repository/Sayfalar/Giris_Sayfasi/RetveTamam_Butonu' located by 'By.xpath: //*[@class = 'btn btn-default']' in '30' second(s)

2021-10-21 14:42:26 - [MESSAGE][INFO] - Clicking on object: 'Object Repository/Sayfalar/Giris_Sayfasi/RetveTamam_Butonu'

2021-10-21 14:42:26 - [MESSAGE][PASSED] - Object: 'Object Repository/Sayfalar/Giris_Sayfasi/RetveTamam_Butonu' is clicked on

2021-10-21 14:42:26 - [TEST_STEP][PASSED] - if (verifyElementPresent(findTestObject("Sayfalar/Giris_Sayfasi/PopupOK"), 5, OPTIONAL)): null

2021-10-21 14:42:26 - [MESSAGE][INFO] - Finding Test Object 'Object Repository/Sayfalar/Giris_Sayfasi/PopupOK'

2021-10-21 14:42:26 - [MESSAGE][INFO] - Checking object

2021-10-21 14:42:26 - [MESSAGE][INFO] - Finding web element from Test Object's properties

2021-10-21 14:42:26 - [MESSAGE][INFO] - Checking timeout

2021-10-21 14:42:26 - [MESSAGE][INFO] - Finding web element with id: 'Object Repository/Sayfalar/Giris_Sayfasi/PopupOK' located by 'By.cssSelector: .btn.btn-success' in '5' second(s)

2021-10-21 14:42:26 - [MESSAGE][INFO] - Smart Wait Function is triggered

2021-10-21 14:42:26 - [MESSAGE][INFO] - Found 1 web elements with id: 'Object Repository/Sayfalar/Giris_Sayfasi/PopupOK' located by 'By.cssSelector: .btn.btn-success' in '5' second(s)

2021-10-21 14:42:26 - [MESSAGE][PASSED] - Object 'Object Repository/Sayfalar/Giris_Sayfasi/PopupOK' is present

2021-10-21 14:42:26 - [TEST_STEP][PASSED] - click(findTestObject("Object Repository/Sayfalar/Giris_Sayfasi/PopupCarpiGiris")): Object: 'Object Repository/Sayfalar/Giris_Sayfasi/PopupCarpiGiris' is clicked on

2021-10-21 14:42:26 - [MESSAGE][INFO] - Finding Test Object 'Object Repository/Sayfalar/Giris_Sayfasi/PopupCarpiGiris'

2021-10-21 14:42:27 - [MESSAGE][INFO] - Checking object

2021-10-21 14:42:27 - [MESSAGE][INFO] - Finding web element from Test Object's properties

2021-10-21 14:42:27 - [MESSAGE][INFO] - Checking timeout

2021-10-21 14:42:27 - [MESSAGE][INFO] - Finding web element with id: 'Object Repository/Sayfalar/Giris_Sayfasi/PopupCarpiGiris' located by 'By.cssSelector: .bootbox-close-button.close' in '30' second(s)

2021-10-21 14:42:27 - [MESSAGE][INFO] - Smart Wait Function is triggered

2021-10-21 14:42:27 - [MESSAGE][INFO] - Found 1 web elements with id: 'Object Repository/Sayfalar/Giris_Sayfasi/PopupCarpiGiris' located by 'By.cssSelector: .bootbox-close-button.close' in '30' second(s)

2021-10-21 14:42:27 - [MESSAGE][INFO] - Clicking on object: 'Object Repository/Sayfalar/Giris_Sayfasi/PopupCarpiGiris'

2021-10-21 14:42:27 - [MESSAGE][PASSED] - Object: 'Object Repository/Sayfalar/Giris_Sayfasi/PopupCarpiGiris' is clicked on

2021-10-21 14:42:27 - [TEST_STEP][PASSED] - verifyElementVisible(findTestObject("Object Repository/Kullanici_Islemleri/KullaniciIslemleri")): Object 'Object Repository/Kullanici_Islemleri/KullaniciIslemleri' is visible

2021-10-21 14:42:27 - [MESSAGE][INFO] - Finding Test Object 'Object Repository/Kullanici_Islemleri/KullaniciIslemleri'

2021-10-21 14:42:27 - [MESSAGE][INFO] - Checking object

2021-10-21 14:42:27 - [MESSAGE][INFO] - Finding web element from Test Object's properties

2021-10-21 14:42:27 - [MESSAGE][INFO] - Checking timeout

2021-10-21 14:42:27 - [MESSAGE][INFO] - Finding web element with id: 'Object Repository/Kullanici_Islemleri/KullaniciIslemleri' located by 'By.cssSelector: .dropdown>a>img' in '30' second(s)

2021-10-21 14:42:27 - [MESSAGE][INFO] - Smart Wait Function is triggered

2021-10-21 14:42:28 - [MESSAGE][INFO] - Found 1 web elements with id: 'Object Repository/Kullanici_Islemleri/KullaniciIslemleri' located by 'By.cssSelector: .dropdown>a>img' in '30' second(s)

2021-10-21 14:42:28 - [MESSAGE][PASSED] - Object 'Object Repository/Kullanici_Islemleri/KullaniciIslemleri' is visible

2021-10-21 14:42:28 - [MESSAGE][PASSED] - Call Test Case 'Test Cases/Sayfalar/Giris_Sayfasi/Login' successfully

2021-10-21 14:42:28 - [MESSAGE][INFO] - Checking called Test Case

2021-10-21 14:42:28 - [MESSAGE][INFO] - Starting to call Test Case 'Test Cases/Menu/AnaMenuSecimi'

2021-10-21 14:42:28 - [TEST_CASE][PASSED] - Test Cases/Menu/AnaMenuSecimi: Test Cases/Menu/AnaMenuSecimi

2021-10-21 14:42:28 - [TEST_STEP][PASSED] - Method.TextDegerineEsitElementeTikla(findTestObject("Menu/Ana_Menu"), Ana_Menu): Method.TextDegerineEsitElementeTikla is PASSED

2021-10-21 14:42:28 - [MESSAGE][INFO] - Finding Test Object 'Object Repository/Menu/Ana_Menu'

2021-10-21 14:42:28 - [MESSAGE][INFO] - Checking timeout

2021-10-21 14:42:28 - [MESSAGE][INFO] - Finding web element with id: 'Object Repository/Menu/Ana_Menu' located by 'By.xpath: //*[@class = 'dropdown-toggle']' in '10' second(s)

2021-10-21 14:42:28 - [MESSAGE][INFO] - Smart Wait Function is triggered

2021-10-21 14:42:28 - [MESSAGE][INFO] - Found 14 web elements with id: 'Object Repository/Menu/Ana_Menu' located by 'By.xpath: //*[@class = 'dropdown-toggle']' in '10' second(s)

2021-10-21 14:42:28 - [MESSAGE][PASSED] - Method.TextDegerineEsitElementeTikla is PASSED

2021-10-21 14:42:28 - [MESSAGE][PASSED] - Call Test Case 'Test Cases/Menu/AnaMenuSecimi' successfully

2021-10-21 14:42:28 - [MESSAGE][INFO] - Checking called Test Case

2021-10-21 14:42:28 - [MESSAGE][INFO] - Starting to call Test Case 'Test Cases/Menu/BasligaGoreAltMenuSecimi'

2021-10-21 14:42:28 - [TEST_CASE][PASSED] - Test Cases/Menu/BasligaGoreAltMenuSecimi: Test Cases/Menu/BasligaGoreAltMenuSecimi

2021-10-21 14:42:28 - [TEST_STEP][PASSED] - Method.TextDegerineEsitElementinAltindakiTextDegerineEsitOlanaTikla(findTestObject("Menu/Menu_Basligi"), findTestObject("Menu/Basliga_Gore_Alt_Menu"), Baslik, Alt_Menu): Method.TextDegerineEsitElementinAltindakiTextDegerineEsitOlanaTikla is PASSED

2021-10-21 14:42:28 - [MESSAGE][INFO] - Finding Test Object 'Object Repository/Menu/Menu_Basligi'

2021-10-21 14:42:28 - [MESSAGE][INFO] - Finding Test Object 'Object Repository/Menu/Basliga_Gore_Alt_Menu'

2021-10-21 14:42:28 - [MESSAGE][INFO] - Checking timeout

2021-10-21 14:42:28 - [MESSAGE][INFO] - Finding web element with id: 'Object Repository/Menu/Menu_Basligi' located by 'By.xpath: //li[@class='dropdown dropdown-large open']//li[@class='dropdown-header']' in '10' second(s)

2021-10-21 14:42:28 - [MESSAGE][INFO] - Smart Wait Function is triggered

2021-10-21 14:42:29 - [MESSAGE][INFO] - Found 2 web elements with id: 'Object Repository/Menu/Menu_Basligi' located by 'By.xpath: //li[@class='dropdown dropdown-large open']//li[@class='dropdown-header']' in '10' second(s)

2021-10-21 14:42:29 - [MESSAGE][INFO] - Smart Wait Function is triggered

2021-10-21 14:42:31 - [MESSAGE][PASSED] - Method.TextDegerineEsitElementinAltindakiTextDegerineEsitOlanaTikla is PASSED

2021-10-21 14:42:31 - [MESSAGE][PASSED] - Call Test Case 'Test Cases/Menu/BasligaGoreAltMenuSecimi' successfully

2021-10-21 14:42:31 - [MESSAGE][INFO] - Checking called Test Case

2021-10-21 14:42:31 - [MESSAGE][INFO] - Starting to call Test Case 'Test Cases/Tablo/Olusturma Tarihi'

2021-10-21 14:42:31 - [TEST_CASE][PASSED] - Test Cases/Tablo/Olusturma Tarihi: Test Cases/Tablo/Olusturma Tarihi

2021-10-21 14:42:31 - [TEST_STEP][PASSED] - if (verifyTextNotPresent("Görüntülenecek veri yok", true, OPTIONAL)): null

2021-10-21 14:42:31 - [MESSAGE][INFO] - Checking text present  using regular expression

2021-10-21 14:42:31 - [MESSAGE][INFO] - Smart Wait Function is triggered

2021-10-21 14:42:32 - [MESSAGE][INFO] - Finding text 'Görüntülenecek veri yok' on page  using regular expression

2021-10-21 14:42:32 - [MESSAGE][PASSED] - Text 'Görüntülenecek veri yok' is not present on page using regular expression

2021-10-21 14:42:32 - [TEST_STEP][PASSED] - click(findTestObject("Temizle/Olusturma_Tarihi_CheckBox")): Object: 'Object Repository/Temizle/Olusturma_Tarihi_CheckBox' is clicked on

2021-10-21 14:42:32 - [MESSAGE][INFO] - Finding Test Object 'Object Repository/Temizle/Olusturma_Tarihi_CheckBox'

2021-10-21 14:42:32 - [MESSAGE][INFO] - Checking object

2021-10-21 14:42:32 - [MESSAGE][INFO] - Finding web element from Test Object's properties

2021-10-21 14:42:32 - [MESSAGE][INFO] - Checking timeout

2021-10-21 14:42:32 - [MESSAGE][INFO] - Finding web element with id: 'Object Repository/Temizle/Olusturma_Tarihi_CheckBox' located by 'By.xpath: //*[@title = 'Bu sayfadaki tüm satırları Seç']' in '30' second(s)

2021-10-21 14:42:32 - [MESSAGE][INFO] - Smart Wait Function is triggered

2021-10-21 14:42:32 - [MESSAGE][INFO] - Found 1 web elements with id: 'Object Repository/Temizle/Olusturma_Tarihi_CheckBox' located by 'By.xpath: //*[@title = 'Bu sayfadaki tüm satırları Seç']' in '30' second(s)

2021-10-21 14:42:32 - [MESSAGE][INFO] - Clicking on object: 'Object Repository/Temizle/Olusturma_Tarihi_CheckBox'

2021-10-21 14:42:32 - [MESSAGE][PASSED] - Object: 'Object Repository/Temizle/Olusturma_Tarihi_CheckBox' is clicked on

2021-10-21 14:42:32 - [TEST_STEP][PASSED] - Method.TextDegerineEsitElementeTiklaEquals(findTestObject("Butonlar/Butonlar"), "Sil"): Method.TextDegerineEsitElementeTiklaEquals is PASSED

2021-10-21 14:42:32 - [MESSAGE][INFO] - Finding Test Object 'Object Repository/Butonlar/Butonlar'

2021-10-21 14:42:33 - [MESSAGE][INFO] - Checking timeout

2021-10-21 14:42:33 - [MESSAGE][INFO] - Finding web element with id: 'Object Repository/Butonlar/Butonlar' located by 'By.cssSelector: .panel.panel-default.text-center.footerPanel .btn,.btn.btn-primary.btnControls' in '10' second(s)

2021-10-21 14:42:33 - [MESSAGE][INFO] - Smart Wait Function is triggered

2021-10-21 14:42:33 - [MESSAGE][INFO] - Found 7 web elements with id: 'Object Repository/Butonlar/Butonlar' located by 'By.cssSelector: .panel.panel-default.text-center.footerPanel .btn,.btn.btn-primary.btnControls' in '10' second(s)

2021-10-21 14:42:33 - [MESSAGE][PASSED] - Method.TextDegerineEsitElementeTiklaEquals is PASSED

2021-10-21 14:42:33 - [TEST_STEP][PASSED] - Method.TextDegerineEsitElementeTikla(findTestObject("Popup/Popup_Butons"), "Evet"): Method.TextDegerineEsitElementeTikla is PASSED

2021-10-21 14:42:33 - [MESSAGE][INFO] - Finding Test Object 'Object Repository/Popup/Popup_Butons'

2021-10-21 14:42:33 - [MESSAGE][INFO] - Checking timeout

2021-10-21 14:42:33 - [MESSAGE][INFO] - Finding web element with id: 'Object Repository/Popup/Popup_Butons' located by 'By.cssSelector: .modal-footer>button' in '10' second(s)

2021-10-21 14:42:33 - [MESSAGE][INFO] - Smart Wait Function is triggered

2021-10-21 14:42:34 - [MESSAGE][INFO] - Found 2 web elements with id: 'Object Repository/Popup/Popup_Butons' located by 'By.cssSelector: .modal-footer>button' in '10' second(s)

2021-10-21 14:42:34 - [MESSAGE][PASSED] - Method.TextDegerineEsitElementeTikla is PASSED

2021-10-21 14:42:34 - [TEST_STEP][PASSED] - Method.TextDegerineEsitElementeTikla(findTestObject("Popup/Popup_Butons"), "Tamam"): Method.TextDegerineEsitElementeTikla is PASSED

2021-10-21 14:42:34 - [MESSAGE][INFO] - Finding Test Object 'Object Repository/Popup/Popup_Butons'

2021-10-21 14:42:35 - [MESSAGE][INFO] - Checking timeout

2021-10-21 14:42:35 - [MESSAGE][INFO] - Finding web element with id: 'Object Repository/Popup/Popup_Butons' located by 'By.cssSelector: .modal-footer>button' in '10' second(s)

2021-10-21 14:42:35 - [MESSAGE][INFO] - Smart Wait Function is triggered

2021-10-21 14:42:35 - [MESSAGE][INFO] - Found 1 web elements with id: 'Object Repository/Popup/Popup_Butons' located by 'By.cssSelector: .modal-footer>button' in '10' second(s)

2021-10-21 14:42:35 - [MESSAGE][PASSED] - Method.TextDegerineEsitElementeTikla is PASSED

2021-10-21 14:42:35 - [MESSAGE][PASSED] - Call Test Case 'Test Cases/Tablo/Olusturma Tarihi' successfully

2021-10-21 14:42:35 - [MESSAGE][INFO] - Checking called Test Case

2021-10-21 14:42:35 - [MESSAGE][INFO] - Starting to call Test Case 'Test Cases/Butonlar/ButonaTikla'

2021-10-21 14:42:35 - [TEST_CASE][PASSED] - Test Cases/Butonlar/ButonaTikla: Test Cases/Butonlar/ButonaTikla

2021-10-21 14:42:35 - [TEST_STEP][PASSED] - Method.TextDegerineEsitElementeTiklaEquals(findTestObject("Butonlar/Butonlar"), Buton_Adi): Method.TextDegerineEsitElementeTiklaEquals is PASSED

2021-10-21 14:42:35 - [MESSAGE][INFO] - Finding Test Object 'Object Repository/Butonlar/Butonlar'

2021-10-21 14:42:35 - [MESSAGE][INFO] - Checking timeout

2021-10-21 14:42:35 - [MESSAGE][INFO] - Finding web element with id: 'Object Repository/Butonlar/Butonlar' located by 'By.cssSelector: .panel.panel-default.text-center.footerPanel .btn,.btn.btn-primary.btnControls' in '10' second(s)

2021-10-21 14:42:35 - [MESSAGE][INFO] - Smart Wait Function is triggered

2021-10-21 14:42:36 - [MESSAGE][INFO] - Found 7 web elements with id: 'Object Repository/Butonlar/Butonlar' located by 'By.cssSelector: .panel.panel-default.text-center.footerPanel .btn,.btn.btn-primary.btnControls' in '10' second(s)

2021-10-21 14:42:36 - [MESSAGE][PASSED] - Method.TextDegerineEsitElementeTiklaEquals is PASSED

2021-10-21 14:42:36 - [MESSAGE][PASSED] - Call Test Case 'Test Cases/Butonlar/ButonaTikla' successfully

2021-10-21 14:42:36 - [MESSAGE][INFO] - Checking called Test Case

2021-10-21 14:42:36 - [MESSAGE][INFO] - Starting to call Test Case 'Test Cases/Olusturma/Genel/GorselTasarimSayfasıBasligiIceriyorMu'

2021-10-21 14:42:36 - [TEST_CASE][PASSED] - Test Cases/Olusturma/Genel/GorselTasarimSayfasıBasligiIceriyorMu: Test Cases/Olusturma/Genel/GorselTasarimSayfasıBasligiIceriyorMu

2021-10-21 14:42:36 - [TEST_STEP][PASSED] - verifyElementText(findTestObject("Object Repository/Olusturma/Genel/GorselTasarimBaslik"), Baslik): Actual text and expected text of test object 'Object Repository/Olusturma/Genel/GorselTasarimBaslik' are matched.

2021-10-21 14:42:36 - [MESSAGE][INFO] - Finding Test Object 'Object Repository/Olusturma/Genel/GorselTasarimBaslik'

2021-10-21 14:42:36 - [MESSAGE][INFO] - Checking object

2021-10-21 14:42:36 - [MESSAGE][INFO] - Finding web element from Test Object's properties

2021-10-21 14:42:36 - [MESSAGE][INFO] - Checking timeout

2021-10-21 14:42:36 - [MESSAGE][INFO] - Finding web element with id: 'Object Repository/Olusturma/Genel/GorselTasarimBaslik' located by 'By.cssSelector: #flAlici_0>div>span' in '30' second(s)

2021-10-21 14:42:36 - [MESSAGE][INFO] - Smart Wait Function is triggered

2021-10-21 14:42:39 - [MESSAGE][INFO] - Found 1 web elements with id: 'Object Repository/Olusturma/Genel/GorselTasarimBaslik' located by 'By.cssSelector: #flAlici_0>div>span' in '30' second(s)

2021-10-21 14:42:39 - [MESSAGE][PASSED] - Actual text and expected text of test object 'Object Repository/Olusturma/Genel/GorselTasarimBaslik' are matched.

2021-10-21 14:42:39 - [MESSAGE][PASSED] - Call Test Case 'Test Cases/Olusturma/Genel/GorselTasarimSayfasıBasligiIceriyorMu' successfully

2021-10-21 14:42:39 - [MESSAGE][INFO] - Checking called Test Case

2021-10-21 14:42:39 - [MESSAGE][INFO] - Starting to call Test Case 'Test Cases/Olusturma/Genel/AliciSecilir'

2021-10-21 14:42:39 - [TEST_CASE][PASSED] - Test Cases/Olusturma/Genel/AliciSecilir: Test Cases/Olusturma/Genel/AliciSecilir

2021-10-21 14:42:39 - [TEST_STEP][PASSED] - click(findTestObject("Olusturma/Genel/AliciBilgisi/Alici_Ara")): Object: 'Object Repository/Olusturma/Genel/AliciBilgisi/Alici_Ara' is clicked on

2021-10-21 14:42:39 - [MESSAGE][INFO] - Finding Test Object 'Object Repository/Olusturma/Genel/AliciBilgisi/Alici_Ara'

2021-10-21 14:42:39 - [MESSAGE][INFO] - Checking object

2021-10-21 14:42:39 - [MESSAGE][INFO] - Finding web element from Test Object's properties

2021-10-21 14:42:39 - [MESSAGE][INFO] - Checking timeout

2021-10-21 14:42:39 - [MESSAGE][INFO] - Finding web element with id: 'Object Repository/Olusturma/Genel/AliciBilgisi/Alici_Ara' located by 'By.xpath: //td[@id='txtCustomerText_B-1']' in '30' second(s)

2021-10-21 14:42:39 - [MESSAGE][INFO] - Smart Wait Function is triggered

2021-10-21 14:42:39 - [MESSAGE][INFO] - Found 1 web elements with id: 'Object Repository/Olusturma/Genel/AliciBilgisi/Alici_Ara' located by 'By.xpath: //td[@id='txtCustomerText_B-1']' in '30' second(s)

2021-10-21 14:42:39 - [MESSAGE][INFO] - Clicking on object: 'Object Repository/Olusturma/Genel/AliciBilgisi/Alici_Ara'

2021-10-21 14:42:39 - [MESSAGE][PASSED] - Object: 'Object Repository/Olusturma/Genel/AliciBilgisi/Alici_Ara' is clicked on

2021-10-21 14:42:39 - [TEST_STEP][PASSED] - click(findTestObject("Olusturma/Genel/AliciBilgisi/Alici_Bilgisi")): Object: 'Object Repository/Olusturma/Genel/AliciBilgisi/Alici_Bilgisi' is clicked on

2021-10-21 14:42:39 - [MESSAGE][INFO] - Finding Test Object 'Object Repository/Olusturma/Genel/AliciBilgisi/Alici_Bilgisi'

2021-10-21 14:42:39 - [MESSAGE][INFO] - Checking object

2021-10-21 14:42:39 - [MESSAGE][INFO] - Finding web element from Test Object's properties

2021-10-21 14:42:39 - [MESSAGE][INFO] - Checking timeout

2021-10-21 14:42:39 - [MESSAGE][INFO] - Finding web element with id: 'Object Repository/Olusturma/Genel/AliciBilgisi/Alici_Bilgisi' located by 'By.xpath: //iframe[@id='customerselectiframe']' in '30' second(s)

2021-10-21 14:42:39 - [MESSAGE][INFO] - Smart Wait Function is triggered

2021-10-21 14:42:40 - [MESSAGE][INFO] - Found 1 web elements with id: 'Object Repository/Olusturma/Genel/AliciBilgisi/Alici_Bilgisi' located by 'By.xpath: //iframe[@id='customerselectiframe']' in '30' second(s)

2021-10-21 14:42:40 - [MESSAGE][INFO] - Clicking on object: 'Object Repository/Olusturma/Genel/AliciBilgisi/Alici_Bilgisi'

2021-10-21 14:42:40 - [MESSAGE][PASSED] - Object: 'Object Repository/Olusturma/Genel/AliciBilgisi/Alici_Bilgisi' is clicked on

2021-10-21 14:42:40 - [TEST_STEP][PASSED] - setText(findTestObject("Olusturma/Genel/AliciBilgisi/Alici_Gir"), Alici_Adi): Switching to default content

2021-10-21 14:42:40 - [MESSAGE][INFO] - Finding Test Object 'Object Repository/Olusturma/Genel/AliciBilgisi/Alici_Gir'

2021-10-21 14:42:40 - [MESSAGE][INFO] - Finding Test Object 'Object Repository/Olusturma/Genel/AliciBilgisi/Alici_Bilgisi'

2021-10-21 14:42:40 - [MESSAGE][INFO] - Checking object

2021-10-21 14:42:40 - [MESSAGE][INFO] - Checking text

2021-10-21 14:42:40 - [MESSAGE][INFO] - Object: 'Object Repository/Olusturma/Genel/AliciBilgisi/Alici_Gir' has parent object(s)

2021-10-21 14:42:40 - [MESSAGE][INFO] - Switching to iframe: 'Object Repository/Olusturma/Genel/AliciBilgisi/Alici_Bilgisi'

2021-10-21 14:42:40 - [MESSAGE][INFO] - Finding web element from Test Object's properties

2021-10-21 14:42:40 - [MESSAGE][INFO] - Checking timeout

2021-10-21 14:42:40 - [MESSAGE][INFO] - Finding web element with id: 'Object Repository/Olusturma/Genel/AliciBilgisi/Alici_Bilgisi' located by 'By.xpath: //iframe[@id='customerselectiframe']' in '30' second(s)

2021-10-21 14:42:40 - [MESSAGE][INFO] - Smart Wait Function is triggered

2021-10-21 14:42:40 - [MESSAGE][INFO] - Found 1 web elements with id: 'Object Repository/Olusturma/Genel/AliciBilgisi/Alici_Bilgisi' located by 'By.xpath: //iframe[@id='customerselectiframe']' in '30' second(s)

2021-10-21 14:42:40 - [MESSAGE][INFO] - Switched to iframe: 'Object Repository/Olusturma/Genel/AliciBilgisi/Alici_Bilgisi'

2021-10-21 14:42:40 - [MESSAGE][INFO] - Finding web element from Test Object's properties

2021-10-21 14:42:40 - [MESSAGE][INFO] - Checking timeout

2021-10-21 14:42:40 - [MESSAGE][INFO] - Finding web element with id: 'Object Repository/Olusturma/Genel/AliciBilgisi/Alici_Gir' located by 'By.xpath: //input[@id='GridViewCustomer_DXFREditorcol1_I']' in '30' second(s)

2021-10-21 14:42:40 - [MESSAGE][INFO] - Smart Wait Function is triggered

2021-10-21 14:42:40 - [MESSAGE][INFO] - Found 1 web elements with id: 'Object Repository/Olusturma/Genel/AliciBilgisi/Alici_Gir' located by 'By.xpath: //input[@id='GridViewCustomer_DXFREditorcol1_I']' in '30' second(s)

2021-10-21 14:42:40 - [MESSAGE][INFO] - Clearing text of object 'Object Repository/Olusturma/Genel/AliciBilgisi/Alici_Gir'

2021-10-21 14:42:40 - [MESSAGE][INFO] - Finding web element from Test Object's properties

2021-10-21 14:42:40 - [MESSAGE][INFO] - Checking timeout

2021-10-21 14:42:40 - [MESSAGE][INFO] - Finding web element with id: 'Object Repository/Olusturma/Genel/AliciBilgisi/Alici_Gir' located by 'By.xpath: //input[@id='GridViewCustomer_DXFREditorcol1_I']' in '30' second(s)

2021-10-21 14:42:40 - [MESSAGE][INFO] - Smart Wait Function is triggered

2021-10-21 14:42:40 - [MESSAGE][INFO] - Found 1 web elements with id: 'Object Repository/Olusturma/Genel/AliciBilgisi/Alici_Gir' located by 'By.xpath: //input[@id='GridViewCustomer_DXFREditorcol1_I']' in '30' second(s)

2021-10-21 14:42:40 - [MESSAGE][INFO] - Setting text of object 'Object Repository/Olusturma/Genel/AliciBilgisi/Alici_Gir' to value 'VirgosolSerbestMeslekVKN'

2021-10-21 14:42:40 - [MESSAGE][PASSED] - Text 'VirgosolSerbestMeslekVKN' is set on object 'Object Repository/Olusturma/Genel/AliciBilgisi/Alici_Gir'

2021-10-21 14:42:40 - [MESSAGE][INFO] - Switching to default content

2021-10-21 14:42:40 - [TEST_STEP][PASSED] - waitForElementClickable(findTestObject("Olusturma/Genel/AliciBilgisi/Alici_Adi"), 10): Switching to default content

2021-10-21 14:42:40 - [MESSAGE][INFO] - Finding Test Object 'Object Repository/Olusturma/Genel/AliciBilgisi/Alici_Adi'

2021-10-21 14:42:41 - [MESSAGE][INFO] - Finding Test Object 'Object Repository/Olusturma/Genel/AliciBilgisi/iframe_Alc Bilgisi_customerselectiframe'

2021-10-21 14:42:41 - [MESSAGE][INFO] - Checking object

2021-10-21 14:42:41 - [MESSAGE][INFO] - Checking timeout

2021-10-21 14:42:41 - [MESSAGE][INFO] - Object: 'Object Repository/Olusturma/Genel/AliciBilgisi/Alici_Adi' has parent object(s)

2021-10-21 14:42:41 - [MESSAGE][INFO] - Switching to iframe: 'Object Repository/Olusturma/Genel/AliciBilgisi/iframe_Alc Bilgisi_customerselectiframe'

2021-10-21 14:42:41 - [MESSAGE][INFO] - Finding web element from Test Object's properties

2021-10-21 14:42:41 - [MESSAGE][INFO] - Checking timeout

2021-10-21 14:42:41 - [MESSAGE][INFO] - Finding web element with id: 'Object Repository/Olusturma/Genel/AliciBilgisi/iframe_Alc Bilgisi_customerselectiframe' located by 'By.xpath: //iframe[@id='customerselectiframe']' in '10' second(s)

2021-10-21 14:42:41 - [MESSAGE][INFO] - Smart Wait Function is triggered

2021-10-21 14:42:41 - [MESSAGE][INFO] - Found 1 web elements with id: 'Object Repository/Olusturma/Genel/AliciBilgisi/iframe_Alc Bilgisi_customerselectiframe' located by 'By.xpath: //iframe[@id='customerselectiframe']' in '10' second(s)

2021-10-21 14:42:41 - [MESSAGE][INFO] - Switched to iframe: 'Object Repository/Olusturma/Genel/AliciBilgisi/iframe_Alc Bilgisi_customerselectiframe'

2021-10-21 14:42:41 - [MESSAGE][INFO] - Finding web element from Test Object's properties

2021-10-21 14:42:41 - [MESSAGE][INFO] - Checking timeout

2021-10-21 14:42:41 - [MESSAGE][INFO] - Finding web element with id: 'Object Repository/Olusturma/Genel/AliciBilgisi/Alici_Adi' located by 'By.xpath: //tr[@id='GridViewCustomer_DXDataRow0']/td[2]' in '10' second(s)

2021-10-21 14:42:41 - [MESSAGE][INFO] - Smart Wait Function is triggered

2021-10-21 14:42:41 - [MESSAGE][INFO] - Found 1 web elements with id: 'Object Repository/Olusturma/Genel/AliciBilgisi/Alici_Adi' located by 'By.xpath: //tr[@id='GridViewCustomer_DXDataRow0']/td[2]' in '10' second(s)

2021-10-21 14:42:41 - [MESSAGE][PASSED] - Object 'Object Repository/Olusturma/Genel/AliciBilgisi/Alici_Adi' is clickable

2021-10-21 14:42:41 - [MESSAGE][INFO] - Switching to default content

2021-10-21 14:42:41 - [TEST_STEP][PASSED] - click(findTestObject("Olusturma/Genel/AliciBilgisi/frame")): Switching to default content

2021-10-21 14:42:41 - [MESSAGE][INFO] - Finding Test Object 'Object Repository/Olusturma/Genel/AliciBilgisi/frame'

2021-10-21 14:42:41 - [MESSAGE][INFO] - Finding Test Object 'Object Repository/Olusturma/Genel/AliciBilgisi/iframe_Alc Bilgisi_customerselectiframe'

2021-10-21 14:42:41 - [MESSAGE][INFO] - Checking object

2021-10-21 14:42:41 - [MESSAGE][INFO] - Object: 'Object Repository/Olusturma/Genel/AliciBilgisi/frame' has parent object(s)

2021-10-21 14:42:41 - [MESSAGE][INFO] - Switching to iframe: 'Object Repository/Olusturma/Genel/AliciBilgisi/iframe_Alc Bilgisi_customerselectiframe'

2021-10-21 14:42:41 - [MESSAGE][INFO] - Finding web element from Test Object's properties

2021-10-21 14:42:41 - [MESSAGE][INFO] - Checking timeout

2021-10-21 14:42:41 - [MESSAGE][INFO] - Finding web element with id: 'Object Repository/Olusturma/Genel/AliciBilgisi/iframe_Alc Bilgisi_customerselectiframe' located by 'By.xpath: //iframe[@id='customerselectiframe']' in '30' second(s)

2021-10-21 14:42:41 - [MESSAGE][INFO] - Smart Wait Function is triggered

2021-10-21 14:42:42 - [MESSAGE][INFO] - Found 1 web elements with id: 'Object Repository/Olusturma/Genel/AliciBilgisi/iframe_Alc Bilgisi_customerselectiframe' located by 'By.xpath: //iframe[@id='customerselectiframe']' in '30' second(s)

2021-10-21 14:42:42 - [MESSAGE][INFO] - Switched to iframe: 'Object Repository/Olusturma/Genel/AliciBilgisi/iframe_Alc Bilgisi_customerselectiframe'

2021-10-21 14:42:42 - [MESSAGE][INFO] - Finding web element from Test Object's properties

2021-10-21 14:42:42 - [MESSAGE][INFO] - Checking timeout

2021-10-21 14:42:42 - [MESSAGE][INFO] - Finding web element with id: 'Object Repository/Olusturma/Genel/AliciBilgisi/frame' located by 'By.xpath: //*/text()[normalize-space(.)='']/parent::*' in '30' second(s)

2021-10-21 14:42:42 - [MESSAGE][INFO] - Smart Wait Function is triggered

2021-10-21 14:42:42 - [MESSAGE][INFO] - Found 65 web elements with id: 'Object Repository/Olusturma/Genel/AliciBilgisi/frame' located by 'By.xpath: //*/text()[normalize-space(.)='']/parent::*' in '30' second(s)

2021-10-21 14:42:42 - [MESSAGE][INFO] - Clicking on object: 'Object Repository/Olusturma/Genel/AliciBilgisi/frame'

2021-10-21 14:42:42 - [MESSAGE][PASSED] - Object: 'Object Repository/Olusturma/Genel/AliciBilgisi/frame' is clicked on

2021-10-21 14:42:42 - [MESSAGE][INFO] - Switching to default content

2021-10-21 14:42:42 - [TEST_STEP][PASSED] - click(findTestObject("Olusturma/Genel/AliciBilgisi/Alici_Adi")): Switching to default content

2021-10-21 14:42:42 - [MESSAGE][INFO] - Finding Test Object 'Object Repository/Olusturma/Genel/AliciBilgisi/Alici_Adi'

2021-10-21 14:42:42 - [MESSAGE][INFO] - Finding Test Object 'Object Repository/Olusturma/Genel/AliciBilgisi/iframe_Alc Bilgisi_customerselectiframe'

2021-10-21 14:42:42 - [MESSAGE][INFO] - Checking object

2021-10-21 14:42:42 - [MESSAGE][INFO] - Object: 'Object Repository/Olusturma/Genel/AliciBilgisi/Alici_Adi' has parent object(s)

2021-10-21 14:42:42 - [MESSAGE][INFO] - Switching to iframe: 'Object Repository/Olusturma/Genel/AliciBilgisi/iframe_Alc Bilgisi_customerselectiframe'

2021-10-21 14:42:42 - [MESSAGE][INFO] - Finding web element from Test Object's properties

2021-10-21 14:42:42 - [MESSAGE][INFO] - Checking timeout

2021-10-21 14:42:42 - [MESSAGE][INFO] - Finding web element with id: 'Object Repository/Olusturma/Genel/AliciBilgisi/iframe_Alc Bilgisi_customerselectiframe' located by 'By.xpath: //iframe[@id='customerselectiframe']' in '30' second(s)

2021-10-21 14:42:42 - [MESSAGE][INFO] - Smart Wait Function is triggered

2021-10-21 14:42:42 - [MESSAGE][INFO] - Found 1 web elements with id: 'Object Repository/Olusturma/Genel/AliciBilgisi/iframe_Alc Bilgisi_customerselectiframe' located by 'By.xpath: //iframe[@id='customerselectiframe']' in '30' second(s)

2021-10-21 14:42:42 - [MESSAGE][INFO] - Switched to iframe: 'Object Repository/Olusturma/Genel/AliciBilgisi/iframe_Alc Bilgisi_customerselectiframe'

2021-10-21 14:42:42 - [MESSAGE][INFO] - Finding web element from Test Object's properties

2021-10-21 14:42:42 - [MESSAGE][INFO] - Checking timeout

2021-10-21 14:42:42 - [MESSAGE][INFO] - Finding web element with id: 'Object Repository/Olusturma/Genel/AliciBilgisi/Alici_Adi' located by 'By.xpath: //tr[@id='GridViewCustomer_DXDataRow0']/td[2]' in '30' second(s)

2021-10-21 14:42:42 - [MESSAGE][INFO] - Smart Wait Function is triggered

2021-10-21 14:42:42 - [MESSAGE][INFO] - Found 1 web elements with id: 'Object Repository/Olusturma/Genel/AliciBilgisi/Alici_Adi' located by 'By.xpath: //tr[@id='GridViewCustomer_DXDataRow0']/td[2]' in '30' second(s)

2021-10-21 14:42:42 - [MESSAGE][INFO] - Clicking on object: 'Object Repository/Olusturma/Genel/AliciBilgisi/Alici_Adi'

2021-10-21 14:42:43 - [MESSAGE][PASSED] - Object: 'Object Repository/Olusturma/Genel/AliciBilgisi/Alici_Adi' is clicked on

2021-10-21 14:42:43 - [MESSAGE][INFO] - Switching to default content

2021-10-21 14:42:43 - [TEST_STEP][PASSED] - click(findTestObject("Olusturma/Genel/AliciBilgisi/Tamam_Bosluk")): Switching to default content

2021-10-21 14:42:43 - [MESSAGE][INFO] - Finding Test Object 'Object Repository/Olusturma/Genel/AliciBilgisi/Tamam_Bosluk'

2021-10-21 14:42:43 - [MESSAGE][INFO] - Finding Test Object 'Object Repository/Olusturma/Genel/AliciBilgisi/Alici_Bilgisi'

2021-10-21 14:42:43 - [MESSAGE][INFO] - Checking object

2021-10-21 14:42:43 - [MESSAGE][INFO] - Object: 'Object Repository/Olusturma/Genel/AliciBilgisi/Tamam_Bosluk' has parent object(s)

2021-10-21 14:42:43 - [MESSAGE][INFO] - Switching to iframe: 'Object Repository/Olusturma/Genel/AliciBilgisi/Alici_Bilgisi'

2021-10-21 14:42:43 - [MESSAGE][INFO] - Finding web element from Test Object's properties

2021-10-21 14:42:43 - [MESSAGE][INFO] - Checking timeout

2021-10-21 14:42:43 - [MESSAGE][INFO] - Finding web element with id: 'Object Repository/Olusturma/Genel/AliciBilgisi/Alici_Bilgisi' located by 'By.xpath: //iframe[@id='customerselectiframe']' in '30' second(s)

2021-10-21 14:42:43 - [MESSAGE][INFO] - Smart Wait Function is triggered

2021-10-21 14:42:43 - [MESSAGE][INFO] - Found 1 web elements with id: 'Object Repository/Olusturma/Genel/AliciBilgisi/Alici_Bilgisi' located by 'By.xpath: //iframe[@id='customerselectiframe']' in '30' second(s)

2021-10-21 14:42:43 - [MESSAGE][INFO] - Switched to iframe: 'Object Repository/Olusturma/Genel/AliciBilgisi/Alici_Bilgisi'

2021-10-21 14:42:43 - [MESSAGE][INFO] - Finding web element from Test Object's properties

2021-10-21 14:42:43 - [MESSAGE][INFO] - Checking timeout

2021-10-21 14:42:43 - [MESSAGE][INFO] - Finding web element with id: 'Object Repository/Olusturma/Genel/AliciBilgisi/Tamam_Bosluk' located by 'By.xpath: (.//*[normalize-space(text()) and normalize-space(.)='Sayfa Boyutu:'])[1]/following::div[7]' in '30' second(s)

2021-10-21 14:42:43 - [MESSAGE][INFO] - Smart Wait Function is triggered

2021-10-21 14:42:43 - [MESSAGE][INFO] - Found 1 web elements with id: 'Object Repository/Olusturma/Genel/AliciBilgisi/Tamam_Bosluk' located by 'By.xpath: (.//*[normalize-space(text()) and normalize-space(.)='Sayfa Boyutu:'])[1]/following::div[7]' in '30' second(s)

2021-10-21 14:42:43 - [MESSAGE][INFO] - Clicking on object: 'Object Repository/Olusturma/Genel/AliciBilgisi/Tamam_Bosluk'

2021-10-21 14:42:43 - [MESSAGE][PASSED] - Object: 'Object Repository/Olusturma/Genel/AliciBilgisi/Tamam_Bosluk' is clicked on

2021-10-21 14:42:43 - [MESSAGE][INFO] - Switching to default content

2021-10-21 14:42:43 - [TEST_STEP][PASSED] - waitForElementClickable(findTestObject("Olusturma/Genel/AliciBilgisi/Tamam_Butonu"), 10): Switching to default content

2021-10-21 14:42:43 - [MESSAGE][INFO] - Finding Test Object 'Object Repository/Olusturma/Genel/AliciBilgisi/Tamam_Butonu'

2021-10-21 14:42:43 - [MESSAGE][INFO] - Finding Test Object 'Object Repository/Olusturma/Genel/AliciBilgisi/Alici_Bilgisi'

2021-10-21 14:42:44 - [MESSAGE][INFO] - Checking object

2021-10-21 14:42:44 - [MESSAGE][INFO] - Checking timeout

2021-10-21 14:42:44 - [MESSAGE][INFO] - Object: 'Object Repository/Olusturma/Genel/AliciBilgisi/Tamam_Butonu' has parent object(s)

2021-10-21 14:42:44 - [MESSAGE][INFO] - Switching to iframe: 'Object Repository/Olusturma/Genel/AliciBilgisi/Alici_Bilgisi'

2021-10-21 14:42:44 - [MESSAGE][INFO] - Finding web element from Test Object's properties

2021-10-21 14:42:44 - [MESSAGE][INFO] - Checking timeout

2021-10-21 14:42:44 - [MESSAGE][INFO] - Finding web element with id: 'Object Repository/Olusturma/Genel/AliciBilgisi/Alici_Bilgisi' located by 'By.xpath: //iframe[@id='customerselectiframe']' in '10' second(s)

2021-10-21 14:42:44 - [MESSAGE][INFO] - Smart Wait Function is triggered

2021-10-21 14:42:44 - [MESSAGE][INFO] - Found 1 web elements with id: 'Object Repository/Olusturma/Genel/AliciBilgisi/Alici_Bilgisi' located by 'By.xpath: //iframe[@id='customerselectiframe']' in '10' second(s)

2021-10-21 14:42:44 - [MESSAGE][INFO] - Switched to iframe: 'Object Repository/Olusturma/Genel/AliciBilgisi/Alici_Bilgisi'

2021-10-21 14:42:44 - [MESSAGE][INFO] - Finding web element from Test Object's properties

2021-10-21 14:42:44 - [MESSAGE][INFO] - Checking timeout

2021-10-21 14:42:44 - [MESSAGE][INFO] - Finding web element with id: 'Object Repository/Olusturma/Genel/AliciBilgisi/Tamam_Butonu' located by 'By.xpath: //div[@id='btnSelectCustomer_CD']/span' in '10' second(s)

2021-10-21 14:42:44 - [MESSAGE][INFO] - Smart Wait Function is triggered

2021-10-21 14:42:44 - [MESSAGE][INFO] - Found 1 web elements with id: 'Object Repository/Olusturma/Genel/AliciBilgisi/Tamam_Butonu' located by 'By.xpath: //div[@id='btnSelectCustomer_CD']/span' in '10' second(s)

2021-10-21 14:42:44 - [MESSAGE][PASSED] - Object 'Object Repository/Olusturma/Genel/AliciBilgisi/Tamam_Butonu' is clickable

2021-10-21 14:42:44 - [MESSAGE][INFO] - Switching to default content

2021-10-21 14:42:44 - [TEST_STEP][PASSED] - click(findTestObject("Olusturma/Genel/AliciBilgisi/Tamam_Butonu")): Switching to default content

2021-10-21 14:42:44 - [MESSAGE][INFO] - Finding Test Object 'Object Repository/Olusturma/Genel/AliciBilgisi/Tamam_Butonu'

2021-10-21 14:42:44 - [MESSAGE][INFO] - Finding Test Object 'Object Repository/Olusturma/Genel/AliciBilgisi/Alici_Bilgisi'

2021-10-21 14:42:44 - [MESSAGE][INFO] - Checking object

2021-10-21 14:42:44 - [MESSAGE][INFO] - Object: 'Object Repository/Olusturma/Genel/AliciBilgisi/Tamam_Butonu' has parent object(s)

2021-10-21 14:42:44 - [MESSAGE][INFO] - Switching to iframe: 'Object Repository/Olusturma/Genel/AliciBilgisi/Alici_Bilgisi'

2021-10-21 14:42:44 - [MESSAGE][INFO] - Finding web element from Test Object's properties

2021-10-21 14:42:44 - [MESSAGE][INFO] - Checking timeout

2021-10-21 14:42:44 - [MESSAGE][INFO] - Finding web element with id: 'Object Repository/Olusturma/Genel/AliciBilgisi/Alici_Bilgisi' located by 'By.xpath: //iframe[@id='customerselectiframe']' in '30' second(s)

2021-10-21 14:42:44 - [MESSAGE][INFO] - Smart Wait Function is triggered

2021-10-21 14:42:44 - [MESSAGE][INFO] - Found 1 web elements with id: 'Object Repository/Olusturma/Genel/AliciBilgisi/Alici_Bilgisi' located by 'By.xpath: //iframe[@id='customerselectiframe']' in '30' second(s)

2021-10-21 14:42:44 - [MESSAGE][INFO] - Switched to iframe: 'Object Repository/Olusturma/Genel/AliciBilgisi/Alici_Bilgisi'

2021-10-21 14:42:44 - [MESSAGE][INFO] - Finding web element from Test Object's properties

2021-10-21 14:42:44 - [MESSAGE][INFO] - Checking timeout

2021-10-21 14:42:44 - [MESSAGE][INFO] - Finding web element with id: 'Object Repository/Olusturma/Genel/AliciBilgisi/Tamam_Butonu' located by 'By.xpath: //div[@id='btnSelectCustomer_CD']/span' in '30' second(s)

2021-10-21 14:42:44 - [MESSAGE][INFO] - Smart Wait Function is triggered

2021-10-21 14:42:45 - [MESSAGE][INFO] - Found 1 web elements with id: 'Object Repository/Olusturma/Genel/AliciBilgisi/Tamam_Butonu' located by 'By.xpath: //div[@id='btnSelectCustomer_CD']/span' in '30' second(s)

2021-10-21 14:42:45 - [MESSAGE][INFO] - Clicking on object: 'Object Repository/Olusturma/Genel/AliciBilgisi/Tamam_Butonu'

2021-10-21 14:42:45 - [MESSAGE][PASSED] - Object: 'Object Repository/Olusturma/Genel/AliciBilgisi/Tamam_Butonu' is clicked on

2021-10-21 14:42:45 - [MESSAGE][INFO] - Switching to default content

2021-10-21 14:42:45 - [TEST_STEP][PASSED] - waitForElementPresent(findTestObject("Olusturma/Genel/AliciBilgisi/VKN-TCKN"), 10): Object 'Object Repository/Olusturma/Genel/AliciBilgisi/VKN-TCKN' is present

2021-10-21 14:42:45 - [MESSAGE][INFO] - Finding Test Object 'Object Repository/Olusturma/Genel/AliciBilgisi/VKN-TCKN'

2021-10-21 14:42:45 - [MESSAGE][INFO] - Checking object

2021-10-21 14:42:45 - [MESSAGE][INFO] - Finding web element from Test Object's properties

2021-10-21 14:42:45 - [MESSAGE][INFO] - Checking timeout

2021-10-21 14:42:45 - [MESSAGE][INFO] - Finding web element with id: 'Object Repository/Olusturma/Genel/AliciBilgisi/VKN-TCKN' located by 'By.xpath: //*[@id = 'txtVknTckn_I']' in '10' second(s)

2021-10-21 14:42:45 - [MESSAGE][INFO] - Smart Wait Function is triggered

2021-10-21 14:42:46 - [MESSAGE][INFO] - Found 1 web elements with id: 'Object Repository/Olusturma/Genel/AliciBilgisi/VKN-TCKN' located by 'By.xpath: //*[@id = 'txtVknTckn_I']' in '10' second(s)

2021-10-21 14:42:46 - [MESSAGE][PASSED] - Object 'Object Repository/Olusturma/Genel/AliciBilgisi/VKN-TCKN' is present

2021-10-21 14:42:46 - [TEST_STEP][PASSED] - text = getAttribute(findTestObject("Olusturma/Genel/AliciBilgisi/VKN-TCKN"), "value"): Attribute 'value' of object 'Object Repository/Olusturma/Genel/AliciBilgisi/VKN-TCKN' is: '6090408038'

2021-10-21 14:42:46 - [MESSAGE][INFO] - Finding Test Object 'Object Repository/Olusturma/Genel/AliciBilgisi/VKN-TCKN'

2021-10-21 14:42:46 - [MESSAGE][INFO] - Checking object

2021-10-21 14:42:46 - [MESSAGE][INFO] - Checking attribute

2021-10-21 14:42:46 - [MESSAGE][INFO] - Finding web element from Test Object's properties

2021-10-21 14:42:46 - [MESSAGE][INFO] - Checking timeout

2021-10-21 14:42:46 - [MESSAGE][INFO] - Finding web element with id: 'Object Repository/Olusturma/Genel/AliciBilgisi/VKN-TCKN' located by 'By.xpath: //*[@id = 'txtVknTckn_I']' in '30' second(s)

2021-10-21 14:42:46 - [MESSAGE][INFO] - Smart Wait Function is triggered

2021-10-21 14:42:47 - [MESSAGE][INFO] - Found 1 web elements with id: 'Object Repository/Olusturma/Genel/AliciBilgisi/VKN-TCKN' located by 'By.xpath: //*[@id = 'txtVknTckn_I']' in '30' second(s)

2021-10-21 14:42:47 - [MESSAGE][INFO] - Getting attribute 'value' of object 'Object Repository/Olusturma/Genel/AliciBilgisi/VKN-TCKN'

2021-10-21 14:42:47 - [MESSAGE][PASSED] - Attribute 'value' of object 'Object Repository/Olusturma/Genel/AliciBilgisi/VKN-TCKN' is: '6090408038'

2021-10-21 14:42:47 - [TEST_STEP][PASSED] - if (text.equals("")): null

2021-10-21 14:42:47 - [MESSAGE][PASSED] - Call Test Case 'Test Cases/Olusturma/Genel/AliciSecilir' successfully

2021-10-21 14:42:47 - [MESSAGE][INFO] - Checking called Test Case

2021-10-21 14:42:47 - [MESSAGE][INFO] - Starting to call Test Case 'Test Cases/Olusturma/Genel/GonderimSekliSecilir'

2021-10-21 14:42:47 - [TEST_CASE][PASSED] - Test Cases/Olusturma/Genel/GonderimSekliSecilir: Test Cases/Olusturma/Genel/GonderimSekliSecilir

2021-10-21 14:42:47 - [TEST_STEP][PASSED] - waitForElementClickable(findTestObject("Object Repository/Olusturma/Genel/GonderimSekli/GonderimSekli"), 10): Object 'Object Repository/Olusturma/Genel/GonderimSekli/GonderimSekli' is clickable

2021-10-21 14:42:47 - [MESSAGE][INFO] - Finding Test Object 'Object Repository/Olusturma/Genel/GonderimSekli/GonderimSekli'

2021-10-21 14:42:47 - [MESSAGE][INFO] - Checking object

2021-10-21 14:42:47 - [MESSAGE][INFO] - Checking timeout

2021-10-21 14:42:47 - [MESSAGE][INFO] - Finding web element from Test Object's properties

2021-10-21 14:42:47 - [MESSAGE][INFO] - Checking timeout

2021-10-21 14:42:47 - [MESSAGE][INFO] - Finding web element with id: 'Object Repository/Olusturma/Genel/GonderimSekli/GonderimSekli' located by 'By.xpath: //*[@id = 'txtGonderimSekil_I']' in '10' second(s)

2021-10-21 14:42:47 - [MESSAGE][INFO] - Smart Wait Function is triggered

2021-10-21 14:42:47 - [MESSAGE][INFO] - Found 1 web elements with id: 'Object Repository/Olusturma/Genel/GonderimSekli/GonderimSekli' located by 'By.xpath: //*[@id = 'txtGonderimSekil_I']' in '10' second(s)

2021-10-21 14:42:47 - [MESSAGE][PASSED] - Object 'Object Repository/Olusturma/Genel/GonderimSekli/GonderimSekli' is clickable

2021-10-21 14:42:47 - [TEST_STEP][PASSED] - click(findTestObject("Object Repository/Olusturma/Genel/GonderimSekli/GonderimSekli")): Object: 'Object Repository/Olusturma/Genel/GonderimSekli/GonderimSekli' is clicked on

2021-10-21 14:42:47 - [MESSAGE][INFO] - Finding Test Object 'Object Repository/Olusturma/Genel/GonderimSekli/GonderimSekli'

2021-10-21 14:42:47 - [MESSAGE][INFO] - Checking object

2021-10-21 14:42:47 - [MESSAGE][INFO] - Finding web element from Test Object's properties

2021-10-21 14:42:47 - [MESSAGE][INFO] - Checking timeout

2021-10-21 14:42:47 - [MESSAGE][INFO] - Finding web element with id: 'Object Repository/Olusturma/Genel/GonderimSekli/GonderimSekli' located by 'By.xpath: //*[@id = 'txtGonderimSekil_I']' in '30' second(s)

2021-10-21 14:42:47 - [MESSAGE][INFO] - Smart Wait Function is triggered

2021-10-21 14:42:48 - [MESSAGE][INFO] - Found 1 web elements with id: 'Object Repository/Olusturma/Genel/GonderimSekli/GonderimSekli' located by 'By.xpath: //*[@id = 'txtGonderimSekil_I']' in '30' second(s)

2021-10-21 14:42:48 - [MESSAGE][INFO] - Clicking on object: 'Object Repository/Olusturma/Genel/GonderimSekli/GonderimSekli'

2021-10-21 14:42:48 - [MESSAGE][PASSED] - Object: 'Object Repository/Olusturma/Genel/GonderimSekli/GonderimSekli' is clicked on

2021-10-21 14:42:48 - [TEST_STEP][PASSED] - Method.TextDegerineEsitElementeTikla(findTestObject("Object Repository/Olusturma/Genel/GonderimSekli/GonderimSekliAdi"), GonderimSekli): Method.TextDegerineEsitElementeTikla is PASSED

2021-10-21 14:42:48 - [MESSAGE][INFO] - Finding Test Object 'Object Repository/Olusturma/Genel/GonderimSekli/GonderimSekliAdi'

2021-10-21 14:42:48 - [MESSAGE][INFO] - Checking timeout

2021-10-21 14:42:48 - [MESSAGE][INFO] - Finding web element with id: 'Object Repository/Olusturma/Genel/GonderimSekli/GonderimSekliAdi' located by 'By.cssSelector: #txtGonderimSekil_DDD_L_LBT td' in '10' second(s)

2021-10-21 14:42:48 - [MESSAGE][INFO] - Smart Wait Function is triggered

2021-10-21 14:42:48 - [MESSAGE][INFO] - Found 2 web elements with id: 'Object Repository/Olusturma/Genel/GonderimSekli/GonderimSekliAdi' located by 'By.cssSelector: #txtGonderimSekil_DDD_L_LBT td' in '10' second(s)

2021-10-21 14:42:48 - [MESSAGE][PASSED] - Method.TextDegerineEsitElementeTikla is PASSED

2021-10-21 14:42:48 - [MESSAGE][PASSED] - Call Test Case 'Test Cases/Olusturma/Genel/GonderimSekliSecilir' successfully

2021-10-21 14:42:48 - [MESSAGE][INFO] - Checking called Test Case

2021-10-21 14:42:48 - [MESSAGE][INFO] - Starting to call Test Case 'Test Cases/Olusturma/Genel/DokumanParaBirimiSecilir'

2021-10-21 14:42:48 - [TEST_CASE][PASSED] - Test Cases/Olusturma/Genel/DokumanParaBirimiSecilir: Test Cases/Olusturma/Genel/DokumanParaBirimiSecilir

2021-10-21 14:42:48 - [TEST_STEP][PASSED] - waitForElementClickable(findTestObject("Object Repository/Olusturma/Genel/DokumanParaBirimiSecilir/Para"), 10): Object 'Object Repository/Olusturma/Genel/DokumanParaBirimiSecilir/Para' is clickable

2021-10-21 14:42:48 - [MESSAGE][INFO] - Finding Test Object 'Object Repository/Olusturma/Genel/DokumanParaBirimiSecilir/Para'

2021-10-21 14:42:49 - [MESSAGE][INFO] - Checking object

2021-10-21 14:42:49 - [MESSAGE][INFO] - Checking timeout

2021-10-21 14:42:49 - [MESSAGE][INFO] - Finding web element from Test Object's properties

2021-10-21 14:42:49 - [MESSAGE][INFO] - Checking timeout

2021-10-21 14:42:49 - [MESSAGE][INFO] - Finding web element with id: 'Object Repository/Olusturma/Genel/DokumanParaBirimiSecilir/Para' located by 'By.xpath: //*[@id = 'CurrencyUnit_I']' in '10' second(s)

2021-10-21 14:42:49 - [MESSAGE][INFO] - Smart Wait Function is triggered

2021-10-21 14:42:49 - [MESSAGE][INFO] - Found 1 web elements with id: 'Object Repository/Olusturma/Genel/DokumanParaBirimiSecilir/Para' located by 'By.xpath: //*[@id = 'CurrencyUnit_I']' in '10' second(s)

2021-10-21 14:42:49 - [MESSAGE][PASSED] - Object 'Object Repository/Olusturma/Genel/DokumanParaBirimiSecilir/Para' is clickable

2021-10-21 14:42:49 - [TEST_STEP][PASSED] - click(findTestObject("Object Repository/Olusturma/Genel/DokumanParaBirimiSecilir/Para")): Object: 'Object Repository/Olusturma/Genel/DokumanParaBirimiSecilir/Para' is clicked on

2021-10-21 14:42:49 - [MESSAGE][INFO] - Finding Test Object 'Object Repository/Olusturma/Genel/DokumanParaBirimiSecilir/Para'

2021-10-21 14:42:49 - [MESSAGE][INFO] - Checking object

2021-10-21 14:42:49 - [MESSAGE][INFO] - Finding web element from Test Object's properties

2021-10-21 14:42:49 - [MESSAGE][INFO] - Checking timeout

2021-10-21 14:42:49 - [MESSAGE][INFO] - Finding web element with id: 'Object Repository/Olusturma/Genel/DokumanParaBirimiSecilir/Para' located by 'By.xpath: //*[@id = 'CurrencyUnit_I']' in '30' second(s)

2021-10-21 14:42:49 - [MESSAGE][INFO] - Smart Wait Function is triggered

2021-10-21 14:42:49 - [MESSAGE][INFO] - Found 1 web elements with id: 'Object Repository/Olusturma/Genel/DokumanParaBirimiSecilir/Para' located by 'By.xpath: //*[@id = 'CurrencyUnit_I']' in '30' second(s)

2021-10-21 14:42:49 - [MESSAGE][INFO] - Clicking on object: 'Object Repository/Olusturma/Genel/DokumanParaBirimiSecilir/Para'

2021-10-21 14:42:49 - [MESSAGE][PASSED] - Object: 'Object Repository/Olusturma/Genel/DokumanParaBirimiSecilir/Para' is clicked on

2021-10-21 14:42:49 - [TEST_STEP][PASSED] - Method.TextDegerineEsitElementeTikla(findTestObject("Object Repository/Olusturma/Genel/DokumanParaBirimiSecilir/Para_Adi"), Para): Method.TextDegerineEsitElementeTikla is PASSED

2021-10-21 14:42:49 - [MESSAGE][INFO] - Finding Test Object 'Object Repository/Olusturma/Genel/DokumanParaBirimiSecilir/Para_Adi'

2021-10-21 14:42:49 - [MESSAGE][INFO] - Checking timeout

2021-10-21 14:42:49 - [MESSAGE][INFO] - Finding web element with id: 'Object Repository/Olusturma/Genel/DokumanParaBirimiSecilir/Para_Adi' located by 'By.cssSelector: #CurrencyUnit_DDD_L_LBT td' in '10' second(s)

2021-10-21 14:42:49 - [MESSAGE][INFO] - Smart Wait Function is triggered

2021-10-21 14:42:50 - [MESSAGE][INFO] - Found 203 web elements with id: 'Object Repository/Olusturma/Genel/DokumanParaBirimiSecilir/Para_Adi' located by 'By.cssSelector: #CurrencyUnit_DDD_L_LBT td' in '10' second(s)

2021-10-21 14:42:54 - [MESSAGE][PASSED] - Method.TextDegerineEsitElementeTikla is PASSED

2021-10-21 14:42:54 - [MESSAGE][PASSED] - Call Test Case 'Test Cases/Olusturma/Genel/DokumanParaBirimiSecilir' successfully

2021-10-21 14:42:54 - [MESSAGE][INFO] - Checking called Test Case

2021-10-21 14:42:54 - [MESSAGE][INFO] - Starting to call Test Case 'Test Cases/Olusturma/Genel/TasarimSecilir'

2021-10-21 14:42:54 - [TEST_CASE][PASSED] - Test Cases/Olusturma/Genel/TasarimSecilir: Test Cases/Olusturma/Genel/TasarimSecilir

2021-10-21 14:42:54 - [TEST_STEP][PASSED] - waitForElementClickable(findTestObject("Object Repository/Olusturma/Genel/TasarimSecilir/Tasarim"), 10): Object 'Object Repository/Olusturma/Genel/TasarimSecilir/Tasarim' is clickable

2021-10-21 14:42:54 - [MESSAGE][INFO] - Finding Test Object 'Object Repository/Olusturma/Genel/TasarimSecilir/Tasarim'

2021-10-21 14:42:54 - [MESSAGE][INFO] - Checking object

2021-10-21 14:42:54 - [MESSAGE][INFO] - Checking timeout

2021-10-21 14:42:54 - [MESSAGE][INFO] - Finding web element from Test Object's properties

2021-10-21 14:42:54 - [MESSAGE][INFO] - Checking timeout

2021-10-21 14:42:54 - [MESSAGE][INFO] - Finding web element with id: 'Object Repository/Olusturma/Genel/TasarimSecilir/Tasarim' located by 'By.xpath: //*[@id = 'DesignId_I']' in '10' second(s)

2021-10-21 14:42:54 - [MESSAGE][INFO] - Smart Wait Function is triggered

2021-10-21 14:42:54 - [MESSAGE][INFO] - Found 1 web elements with id: 'Object Repository/Olusturma/Genel/TasarimSecilir/Tasarim' located by 'By.xpath: //*[@id = 'DesignId_I']' in '10' second(s)

2021-10-21 14:42:54 - [MESSAGE][PASSED] - Object 'Object Repository/Olusturma/Genel/TasarimSecilir/Tasarim' is clickable

2021-10-21 14:42:54 - [TEST_STEP][PASSED] - click(findTestObject("Object Repository/Olusturma/Genel/TasarimSecilir/Tasarim")): Object: 'Object Repository/Olusturma/Genel/TasarimSecilir/Tasarim' is clicked on

2021-10-21 14:42:54 - [MESSAGE][INFO] - Finding Test Object 'Object Repository/Olusturma/Genel/TasarimSecilir/Tasarim'

2021-10-21 14:42:54 - [MESSAGE][INFO] - Checking object

2021-10-21 14:42:54 - [MESSAGE][INFO] - Finding web element from Test Object's properties

2021-10-21 14:42:54 - [MESSAGE][INFO] - Checking timeout

2021-10-21 14:42:54 - [MESSAGE][INFO] - Finding web element with id: 'Object Repository/Olusturma/Genel/TasarimSecilir/Tasarim' located by 'By.xpath: //*[@id = 'DesignId_I']' in '30' second(s)

2021-10-21 14:42:54 - [MESSAGE][INFO] - Smart Wait Function is triggered

2021-10-21 14:42:55 - [MESSAGE][INFO] - Found 1 web elements with id: 'Object Repository/Olusturma/Genel/TasarimSecilir/Tasarim' located by 'By.xpath: //*[@id = 'DesignId_I']' in '30' second(s)

2021-10-21 14:42:55 - [MESSAGE][INFO] - Clicking on object: 'Object Repository/Olusturma/Genel/TasarimSecilir/Tasarim'

2021-10-21 14:42:55 - [MESSAGE][PASSED] - Object: 'Object Repository/Olusturma/Genel/TasarimSecilir/Tasarim' is clicked on

2021-10-21 14:42:55 - [TEST_STEP][PASSED] - Method.TextDegerineEsitElementeTikla(findTestObject("Object Repository/Olusturma/Genel/TasarimSecilir/Tasarim_Adi"), Tasarim): Method.TextDegerineEsitElementeTikla is PASSED

2021-10-21 14:42:55 - [MESSAGE][INFO] - Finding Test Object 'Object Repository/Olusturma/Genel/TasarimSecilir/Tasarim_Adi'

2021-10-21 14:42:55 - [MESSAGE][INFO] - Checking timeout

2021-10-21 14:42:55 - [MESSAGE][INFO] - Finding web element with id: 'Object Repository/Olusturma/Genel/TasarimSecilir/Tasarim_Adi' located by 'By.cssSelector: #DesignId_DDD_L_LBT td' in '10' second(s)

2021-10-21 14:42:55 - [MESSAGE][INFO] - Smart Wait Function is triggered

2021-10-21 14:42:55 - [MESSAGE][INFO] - Found 3 web elements with id: 'Object Repository/Olusturma/Genel/TasarimSecilir/Tasarim_Adi' located by 'By.cssSelector: #DesignId_DDD_L_LBT td' in '10' second(s)

2021-10-21 14:42:55 - [MESSAGE][PASSED] - Method.TextDegerineEsitElementeTikla is PASSED

2021-10-21 14:42:55 - [MESSAGE][PASSED] - Call Test Case 'Test Cases/Olusturma/Genel/TasarimSecilir' successfully

2021-10-21 14:42:55 - [MESSAGE][INFO] - Checking called Test Case

2021-10-21 14:42:55 - [MESSAGE][INFO] - Starting to call Test Case 'Test Cases/Olusturma/Genel/EkleButonunaBasilir'

2021-10-21 14:42:55 - [TEST_CASE][PASSED] - Test Cases/Olusturma/Genel/EkleButonunaBasilir: Test Cases/Olusturma/Genel/EkleButonunaBasilir

2021-10-21 14:42:56 - [TEST_STEP][PASSED] - waitForElementClickable(findTestObject("Object Repository/Olusturma/Genel/Olusturma/Ekle"), 10): Object 'Object Repository/Olusturma/Genel/Olusturma/Ekle' is clickable

2021-10-21 14:42:56 - [MESSAGE][INFO] - Finding Test Object 'Object Repository/Olusturma/Genel/Olusturma/Ekle'

2021-10-21 14:42:56 - [MESSAGE][INFO] - Checking object

2021-10-21 14:42:56 - [MESSAGE][INFO] - Checking timeout

2021-10-21 14:42:56 - [MESSAGE][INFO] - Finding web element from Test Object's properties

2021-10-21 14:42:56 - [MESSAGE][INFO] - Checking timeout

2021-10-21 14:42:56 - [MESSAGE][INFO] - Finding web element with id: 'Object Repository/Olusturma/Genel/Olusturma/Ekle' located by 'By.cssSelector: #divmalhizmet i.fa.fa-plus.fa-lg.text-muted' in '10' second(s)

2021-10-21 14:42:56 - [MESSAGE][INFO] - Smart Wait Function is triggered

2021-10-21 14:42:56 - [MESSAGE][INFO] - Found 1 web elements with id: 'Object Repository/Olusturma/Genel/Olusturma/Ekle' located by 'By.cssSelector: #divmalhizmet i.fa.fa-plus.fa-lg.text-muted' in '10' second(s)

2021-10-21 14:42:56 - [MESSAGE][PASSED] - Object 'Object Repository/Olusturma/Genel/Olusturma/Ekle' is clickable

2021-10-21 14:42:56 - [TEST_STEP][PASSED] - click(findTestObject("Object Repository/Olusturma/Genel/Olusturma/Ekle")): Object: 'Object Repository/Olusturma/Genel/Olusturma/Ekle' is clicked on

2021-10-21 14:42:56 - [MESSAGE][INFO] - Finding Test Object 'Object Repository/Olusturma/Genel/Olusturma/Ekle'

2021-10-21 14:42:56 - [MESSAGE][INFO] - Checking object

2021-10-21 14:42:56 - [MESSAGE][INFO] - Finding web element from Test Object's properties

2021-10-21 14:42:56 - [MESSAGE][INFO] - Checking timeout

2021-10-21 14:42:56 - [MESSAGE][INFO] - Finding web element with id: 'Object Repository/Olusturma/Genel/Olusturma/Ekle' located by 'By.cssSelector: #divmalhizmet i.fa.fa-plus.fa-lg.text-muted' in '30' second(s)

2021-10-21 14:42:56 - [MESSAGE][INFO] - Smart Wait Function is triggered

2021-10-21 14:42:56 - [MESSAGE][INFO] - Found 1 web elements with id: 'Object Repository/Olusturma/Genel/Olusturma/Ekle' located by 'By.cssSelector: #divmalhizmet i.fa.fa-plus.fa-lg.text-muted' in '30' second(s)

2021-10-21 14:42:56 - [MESSAGE][INFO] - Clicking on object: 'Object Repository/Olusturma/Genel/Olusturma/Ekle'

2021-10-21 14:42:56 - [MESSAGE][PASSED] - Object: 'Object Repository/Olusturma/Genel/Olusturma/Ekle' is clicked on

2021-10-21 14:42:56 - [TEST_STEP][PASSED] - waitForElementClickable(findTestObject("Olusturma/Genel/Olusturma/EklenenSatirCarpiImage"), 10): Object 'Object Repository/Olusturma/Genel/Olusturma/EklenenSatirCarpiImage' is clickable

2021-10-21 14:42:56 - [MESSAGE][INFO] - Finding Test Object 'Object Repository/Olusturma/Genel/Olusturma/EklenenSatirCarpiImage'

2021-10-21 14:42:56 - [MESSAGE][INFO] - Checking object

2021-10-21 14:42:56 - [MESSAGE][INFO] - Checking timeout

2021-10-21 14:42:56 - [MESSAGE][INFO] - Finding web element from Test Object's properties

2021-10-21 14:42:56 - [MESSAGE][INFO] - Checking timeout

2021-10-21 14:42:56 - [MESSAGE][INFO] - Finding web element with id: 'Object Repository/Olusturma/Genel/Olusturma/EklenenSatirCarpiImage' located by 'By.cssSelector: .fa.fa-times.fa-lg.text-primary' in '10' second(s)

2021-10-21 14:42:56 - [MESSAGE][INFO] - Smart Wait Function is triggered

2021-10-21 14:42:57 - [MESSAGE][INFO] - Smart Wait Function is triggered

2021-10-21 14:42:58 - [MESSAGE][INFO] - Found 1 web elements with id: 'Object Repository/Olusturma/Genel/Olusturma/EklenenSatirCarpiImage' located by 'By.cssSelector: .fa.fa-times.fa-lg.text-primary' in '10' second(s)

2021-10-21 14:42:58 - [MESSAGE][PASSED] - Object 'Object Repository/Olusturma/Genel/Olusturma/EklenenSatirCarpiImage' is clickable

2021-10-21 14:42:58 - [MESSAGE][PASSED] - Call Test Case 'Test Cases/Olusturma/Genel/EkleButonunaBasilir' successfully

2021-10-21 14:42:58 - [MESSAGE][INFO] - Checking called Test Case

2021-10-21 14:42:58 - [MESSAGE][INFO] - Starting to call Test Case 'Test Cases/Olusturma/Genel/Olusturma'

2021-10-21 14:42:58 - [TEST_CASE][PASSED] - Test Cases/Olusturma/Genel/Olusturma: Test Cases/Olusturma/Genel/Olusturma

2021-10-21 14:42:58 - [TEST_STEP][PASSED] - driver = getWebDriver(): null

2021-10-21 14:42:58 - [TEST_STEP][PASSED] - action = new org.openqa.selenium.interactions.Actions(driver): null

2021-10-21 14:42:58 - [TEST_STEP][PASSED] - baslikElement = <not implemented yet for class: org.codehaus.groovy.ast.expr.EmptyExpression>: null

2021-10-21 14:42:58 - [TEST_STEP][PASSED] - sonElement = <not implemented yet for class: org.codehaus.groovy.ast.expr.EmptyExpression>: null

2021-10-21 14:42:58 - [TEST_STEP][PASSED] - attr = <not implemented yet for class: org.codehaus.groovy.ast.expr.EmptyExpression>: null

2021-10-21 14:42:58 - [TEST_STEP][PASSED] - a = 0: null

2021-10-21 14:42:58 - [TEST_STEP][PASSED] - elements = findWebElements(findTestObject("Object Repository/Olusturma/Genel/Olusturma/TabloBasliklari"), 10): Found 12 web elements with id: 'Object Repository/Olusturma/Genel/Olusturma/TabloBasliklari' located by 'By.cssSelector: div#divmalhizmet .dxgvTable_LECustomTheme td.dxgvHeader_LECustomTheme tr>td:nth-child(1)' in '10' second(s)

2021-10-21 14:42:58 - [MESSAGE][INFO] - Finding Test Object 'Object Repository/Olusturma/Genel/Olusturma/TabloBasliklari'

2021-10-21 14:42:58 - [MESSAGE][INFO] - Checking timeout

2021-10-21 14:42:58 - [MESSAGE][INFO] - Finding web element with id: 'Object Repository/Olusturma/Genel/Olusturma/TabloBasliklari' located by 'By.cssSelector: div#divmalhizmet .dxgvTable_LECustomTheme td.dxgvHeader_LECustomTheme tr>td:nth-child(1)' in '10' second(s)

2021-10-21 14:42:58 - [MESSAGE][INFO] - Smart Wait Function is triggered

2021-10-21 14:42:58 - [MESSAGE][INFO] - Found 12 web elements with id: 'Object Repository/Olusturma/Genel/Olusturma/TabloBasliklari' located by 'By.cssSelector: div#divmalhizmet .dxgvTable_LECustomTheme td.dxgvHeader_LECustomTheme tr>td:nth-child(1)' in '10' second(s)

2021-10-21 14:42:58 - [TEST_STEP][PASSED] - for (def element : elements): null

2021-10-21 14:42:58 - [TEST_STEP][PASSED] - build().perform(): null

2021-10-21 14:42:59 - [TEST_STEP][PASSED] - if (getText().equals(Baslik)): null

2021-10-21 14:42:59 - [TEST_STEP][PASSED] - baslikElement = element.findElement(By.xpath("../../../..")): Smart Wait Function is triggered

2021-10-21 14:42:59 - [MESSAGE][INFO] - Smart Wait Function is triggered

2021-10-21 14:42:59 - [TEST_STEP][PASSED] - attr = baslikElement.getAttribute("id"): null

2021-10-21 14:42:59 - [TEST_STEP][PASSED] - println("girdi ve idsini aldı = " + attr): null

2021-10-21 14:42:59 - [TEST_STEP][PASSED] - break: null

2021-10-21 14:42:59 - [TEST_STEP][PASSED] - countElement = baslikElement.findElements(By.xpath("../td")): Smart Wait Function is triggered

2021-10-21 14:42:59 - [MESSAGE][INFO] - Smart Wait Function is triggered

2021-10-21 14:42:59 - [TEST_STEP][PASSED] - for (def element : countElement): null

2021-10-21 14:42:59 - [TEST_STEP][PASSED] - if (toString().equals(attr.toString())): null

2021-10-21 14:42:59 - [TEST_STEP][PASSED] - (a++): null

2021-10-21 14:42:59 - [TEST_STEP][PASSED] - if (toString().equals(attr.toString())): null

2021-10-21 14:42:59 - [TEST_STEP][PASSED] - break: null

2021-10-21 14:42:59 - [TEST_STEP][PASSED] - son = findWebElement(findTestObject("Object Repository/Olusturma/Genel/Olusturma/EklenenSatir")).findElement(By.xpath("td[@class='dxgvInlineEditCell_LECustomTheme dxgv'][" + a + "]//td[@class='dxic']/input")): Smart Wait Function is triggered

2021-10-21 14:42:59 - [MESSAGE][INFO] - Finding Test Object 'Object Repository/Olusturma/Genel/Olusturma/EklenenSatir'

2021-10-21 14:42:59 - [MESSAGE][INFO] - Finding web element from Test Object's properties

2021-10-21 14:42:59 - [MESSAGE][INFO] - Checking timeout

2021-10-21 14:42:59 - [MESSAGE][INFO] - Finding web element with id: 'Object Repository/Olusturma/Genel/Olusturma/EklenenSatir' located by 'By.cssSelector: #divmalhizmet .dxgvInlineEditRow_LECustomTheme' in '30' second(s)

2021-10-21 14:42:59 - [MESSAGE][INFO] - Smart Wait Function is triggered

2021-10-21 14:43:00 - [MESSAGE][INFO] - Found 1 web elements with id: 'Object Repository/Olusturma/Genel/Olusturma/EklenenSatir' located by 'By.cssSelector: #divmalhizmet .dxgvInlineEditRow_LECustomTheme' in '30' second(s)

2021-10-21 14:43:00 - [MESSAGE][INFO] - Smart Wait Function is triggered

2021-10-21 14:43:00 - [TEST_STEP][PASSED] - if (!(getAttribute("value").contains("Vkn"))): null

2021-10-21 14:43:00 - [TEST_STEP][PASSED] - son.clear(): null

2021-10-21 14:43:00 - [TEST_STEP][PASSED] - son.sendKeys(Deger): null

2021-10-21 14:43:00 - [MESSAGE][PASSED] - Call Test Case 'Test Cases/Olusturma/Genel/Olusturma' successfully

2021-10-21 14:43:00 - [MESSAGE][INFO] - Checking called Test Case

2021-10-21 14:43:00 - [MESSAGE][INFO] - Starting to call Test Case 'Test Cases/Olusturma/Genel/Olusturma'

2021-10-21 14:43:00 - [TEST_CASE][PASSED] - Test Cases/Olusturma/Genel/Olusturma: Test Cases/Olusturma/Genel/Olusturma

2021-10-21 14:43:00 - [TEST_STEP][PASSED] - driver = getWebDriver(): null

2021-10-21 14:43:00 - [TEST_STEP][PASSED] - action = new org.openqa.selenium.interactions.Actions(driver): null

2021-10-21 14:43:00 - [TEST_STEP][PASSED] - baslikElement = <not implemented yet for class: org.codehaus.groovy.ast.expr.EmptyExpression>: null

2021-10-21 14:43:00 - [TEST_STEP][PASSED] - sonElement = <not implemented yet for class: org.codehaus.groovy.ast.expr.EmptyExpression>: null

2021-10-21 14:43:00 - [TEST_STEP][PASSED] - attr = <not implemented yet for class: org.codehaus.groovy.ast.expr.EmptyExpression>: null

2021-10-21 14:43:00 - [TEST_STEP][PASSED] - a = 0: null

2021-10-21 14:43:00 - [TEST_STEP][PASSED] - elements = findWebElements(findTestObject("Object Repository/Olusturma/Genel/Olusturma/TabloBasliklari"), 10): Found 12 web elements with id: 'Object Repository/Olusturma/Genel/Olusturma/TabloBasliklari' located by 'By.cssSelector: div#divmalhizmet .dxgvTable_LECustomTheme td.dxgvHeader_LECustomTheme tr>td:nth-child(1)' in '10' second(s)

2021-10-21 14:43:00 - [MESSAGE][INFO] - Finding Test Object 'Object Repository/Olusturma/Genel/Olusturma/TabloBasliklari'

2021-10-21 14:43:00 - [MESSAGE][INFO] - Checking timeout

2021-10-21 14:43:00 - [MESSAGE][INFO] - Finding web element with id: 'Object Repository/Olusturma/Genel/Olusturma/TabloBasliklari' located by 'By.cssSelector: div#divmalhizmet .dxgvTable_LECustomTheme td.dxgvHeader_LECustomTheme tr>td:nth-child(1)' in '10' second(s)

2021-10-21 14:43:00 - [MESSAGE][INFO] - Smart Wait Function is triggered

2021-10-21 14:43:01 - [MESSAGE][INFO] - Found 12 web elements with id: 'Object Repository/Olusturma/Genel/Olusturma/TabloBasliklari' located by 'By.cssSelector: div#divmalhizmet .dxgvTable_LECustomTheme td.dxgvHeader_LECustomTheme tr>td:nth-child(1)' in '10' second(s)

2021-10-21 14:43:01 - [TEST_STEP][PASSED] - for (def element : elements): null

2021-10-21 14:43:01 - [TEST_STEP][PASSED] - build().perform(): null

2021-10-21 14:43:01 - [TEST_STEP][PASSED] - if (getText().equals(Baslik)): null

2021-10-21 14:43:01 - [TEST_STEP][PASSED] - build().perform(): null

2021-10-21 14:43:01 - [TEST_STEP][PASSED] - if (getText().equals(Baslik)): null

2021-10-21 14:43:01 - [TEST_STEP][PASSED] - baslikElement = element.findElement(By.xpath("../../../..")): Smart Wait Function is triggered

2021-10-21 14:43:01 - [MESSAGE][INFO] - Smart Wait Function is triggered

2021-10-21 14:43:01 - [TEST_STEP][PASSED] - attr = baslikElement.getAttribute("id"): null

2021-10-21 14:43:01 - [TEST_STEP][PASSED] - println("girdi ve idsini aldı = " + attr): null

2021-10-21 14:43:01 - [TEST_STEP][PASSED] - break: null

2021-10-21 14:43:01 - [TEST_STEP][PASSED] - countElement = baslikElement.findElements(By.xpath("../td")): Smart Wait Function is triggered

2021-10-21 14:43:01 - [MESSAGE][INFO] - Smart Wait Function is triggered

2021-10-21 14:43:01 - [TEST_STEP][PASSED] - for (def element : countElement): null

2021-10-21 14:43:01 - [TEST_STEP][PASSED] - if (toString().equals(attr.toString())): null

2021-10-21 14:43:01 - [TEST_STEP][PASSED] - (a++): null

2021-10-21 14:43:01 - [TEST_STEP][PASSED] - if (toString().equals(attr.toString())): null

2021-10-21 14:43:01 - [TEST_STEP][PASSED] - (a++): null

2021-10-21 14:43:01 - [TEST_STEP][PASSED] - if (toString().equals(attr.toString())): null

2021-10-21 14:43:01 - [TEST_STEP][PASSED] - break: null

2021-10-21 14:43:01 - [TEST_STEP][PASSED] - son = findWebElement(findTestObject("Object Repository/Olusturma/Genel/Olusturma/EklenenSatir")).findElement(By.xpath("td[@class='dxgvInlineEditCell_LECustomTheme dxgv'][" + a + "]//td[@class='dxic']/input")): Smart Wait Function is triggered

2021-10-21 14:43:01 - [MESSAGE][INFO] - Finding Test Object 'Object Repository/Olusturma/Genel/Olusturma/EklenenSatir'

2021-10-21 14:43:02 - [MESSAGE][INFO] - Finding web element from Test Object's properties

2021-10-21 14:43:02 - [MESSAGE][INFO] - Checking timeout

2021-10-21 14:43:02 - [MESSAGE][INFO] - Finding web element with id: 'Object Repository/Olusturma/Genel/Olusturma/EklenenSatir' located by 'By.cssSelector: #divmalhizmet .dxgvInlineEditRow_LECustomTheme' in '30' second(s)

2021-10-21 14:43:02 - [MESSAGE][INFO] - Smart Wait Function is triggered

2021-10-21 14:43:02 - [MESSAGE][INFO] - Found 1 web elements with id: 'Object Repository/Olusturma/Genel/Olusturma/EklenenSatir' located by 'By.cssSelector: #divmalhizmet .dxgvInlineEditRow_LECustomTheme' in '30' second(s)

2021-10-21 14:43:02 - [MESSAGE][INFO] - Smart Wait Function is triggered

2021-10-21 14:43:02 - [TEST_STEP][PASSED] - if (!(getAttribute("value").contains("Vkn"))): null

2021-10-21 14:43:02 - [TEST_STEP][PASSED] - son.clear(): null

2021-10-21 14:43:02 - [TEST_STEP][PASSED] - son.sendKeys(Deger): null

2021-10-21 14:43:02 - [MESSAGE][PASSED] - Call Test Case 'Test Cases/Olusturma/Genel/Olusturma' successfully

2021-10-21 14:43:02 - [MESSAGE][INFO] - Checking called Test Case

2021-10-21 14:43:02 - [MESSAGE][INFO] - Starting to call Test Case 'Test Cases/Olusturma/Genel/Olusturma'

2021-10-21 14:43:02 - [TEST_CASE][PASSED] - Test Cases/Olusturma/Genel/Olusturma: Test Cases/Olusturma/Genel/Olusturma

2021-10-21 14:43:02 - [TEST_STEP][PASSED] - driver = getWebDriver(): null

2021-10-21 14:43:02 - [TEST_STEP][PASSED] - action = new org.openqa.selenium.interactions.Actions(driver): null

2021-10-21 14:43:02 - [TEST_STEP][PASSED] - baslikElement = <not implemented yet for class: org.codehaus.groovy.ast.expr.EmptyExpression>: null

2021-10-21 14:43:02 - [TEST_STEP][PASSED] - sonElement = <not implemented yet for class: org.codehaus.groovy.ast.expr.EmptyExpression>: null

2021-10-21 14:43:02 - [TEST_STEP][PASSED] - attr = <not implemented yet for class: org.codehaus.groovy.ast.expr.EmptyExpression>: null

2021-10-21 14:43:02 - [TEST_STEP][PASSED] - a = 0: null

2021-10-21 14:43:02 - [TEST_STEP][PASSED] - elements = findWebElements(findTestObject("Object Repository/Olusturma/Genel/Olusturma/TabloBasliklari"), 10): Found 12 web elements with id: 'Object Repository/Olusturma/Genel/Olusturma/TabloBasliklari' located by 'By.cssSelector: div#divmalhizmet .dxgvTable_LECustomTheme td.dxgvHeader_LECustomTheme tr>td:nth-child(1)' in '10' second(s)

2021-10-21 14:43:02 - [MESSAGE][INFO] - Finding Test Object 'Object Repository/Olusturma/Genel/Olusturma/TabloBasliklari'

2021-10-21 14:43:02 - [MESSAGE][INFO] - Checking timeout

2021-10-21 14:43:02 - [MESSAGE][INFO] - Finding web element with id: 'Object Repository/Olusturma/Genel/Olusturma/TabloBasliklari' located by 'By.cssSelector: div#divmalhizmet .dxgvTable_LECustomTheme td.dxgvHeader_LECustomTheme tr>td:nth-child(1)' in '10' second(s)

2021-10-21 14:43:02 - [MESSAGE][INFO] - Smart Wait Function is triggered

2021-10-21 14:43:03 - [MESSAGE][INFO] - Found 12 web elements with id: 'Object Repository/Olusturma/Genel/Olusturma/TabloBasliklari' located by 'By.cssSelector: div#divmalhizmet .dxgvTable_LECustomTheme td.dxgvHeader_LECustomTheme tr>td:nth-child(1)' in '10' second(s)

2021-10-21 14:43:03 - [TEST_STEP][PASSED] - for (def element : elements): null

2021-10-21 14:43:03 - [TEST_STEP][PASSED] - build().perform(): null

2021-10-21 14:43:03 - [TEST_STEP][PASSED] - if (getText().equals(Baslik)): null

2021-10-21 14:43:03 - [TEST_STEP][PASSED] - build().perform(): null

2021-10-21 14:43:03 - [TEST_STEP][PASSED] - if (getText().equals(Baslik)): null

2021-10-21 14:43:03 - [TEST_STEP][PASSED] - build().perform(): null

2021-10-21 14:43:03 - [TEST_STEP][PASSED] - if (getText().equals(Baslik)): null

2021-10-21 14:43:03 - [TEST_STEP][PASSED] - baslikElement = element.findElement(By.xpath("../../../..")): Smart Wait Function is triggered

2021-10-21 14:43:03 - [MESSAGE][INFO] - Smart Wait Function is triggered

2021-10-21 14:43:03 - [TEST_STEP][PASSED] - attr = baslikElement.getAttribute("id"): null

2021-10-21 14:43:03 - [TEST_STEP][PASSED] - println("girdi ve idsini aldı = " + attr): null

2021-10-21 14:43:03 - [TEST_STEP][PASSED] - break: null

2021-10-21 14:43:03 - [TEST_STEP][PASSED] - countElement = baslikElement.findElements(By.xpath("../td")): Smart Wait Function is triggered

2021-10-21 14:43:03 - [MESSAGE][INFO] - Smart Wait Function is triggered

2021-10-21 14:43:04 - [TEST_STEP][PASSED] - for (def element : countElement): null

2021-10-21 14:43:04 - [TEST_STEP][PASSED] - if (toString().equals(attr.toString())): null

2021-10-21 14:43:04 - [TEST_STEP][PASSED] - (a++): null

2021-10-21 14:43:04 - [TEST_STEP][PASSED] - if (toString().equals(attr.toString())): null

2021-10-21 14:43:04 - [TEST_STEP][PASSED] - (a++): null

2021-10-21 14:43:04 - [TEST_STEP][PASSED] - if (toString().equals(attr.toString())): null

2021-10-21 14:43:04 - [TEST_STEP][PASSED] - (a++): null

2021-10-21 14:43:04 - [TEST_STEP][PASSED] - if (toString().equals(attr.toString())): null

2021-10-21 14:43:04 - [TEST_STEP][PASSED] - break: null

2021-10-21 14:43:04 - [TEST_STEP][PASSED] - son = findWebElement(findTestObject("Object Repository/Olusturma/Genel/Olusturma/EklenenSatir")).findElement(By.xpath("td[@class='dxgvInlineEditCell_LECustomTheme dxgv'][" + a + "]//td[@class='dxic']/input")): Smart Wait Function is triggered

2021-10-21 14:43:04 - [MESSAGE][INFO] - Finding Test Object 'Object Repository/Olusturma/Genel/Olusturma/EklenenSatir'

2021-10-21 14:43:04 - [MESSAGE][INFO] - Finding web element from Test Object's properties

2021-10-21 14:43:04 - [MESSAGE][INFO] - Checking timeout

2021-10-21 14:43:04 - [MESSAGE][INFO] - Finding web element with id: 'Object Repository/Olusturma/Genel/Olusturma/EklenenSatir' located by 'By.cssSelector: #divmalhizmet .dxgvInlineEditRow_LECustomTheme' in '30' second(s)

2021-10-21 14:43:04 - [MESSAGE][INFO] - Smart Wait Function is triggered

2021-10-21 14:43:04 - [MESSAGE][INFO] - Found 1 web elements with id: 'Object Repository/Olusturma/Genel/Olusturma/EklenenSatir' located by 'By.cssSelector: #divmalhizmet .dxgvInlineEditRow_LECustomTheme' in '30' second(s)

2021-10-21 14:43:04 - [MESSAGE][INFO] - Smart Wait Function is triggered

2021-10-21 14:43:04 - [TEST_STEP][PASSED] - if (!(getAttribute("value").contains("Vkn"))): null

2021-10-21 14:43:04 - [TEST_STEP][PASSED] - son.clear(): null

2021-10-21 14:43:04 - [TEST_STEP][PASSED] - son.sendKeys(Deger): null

2021-10-21 14:43:04 - [MESSAGE][PASSED] - Call Test Case 'Test Cases/Olusturma/Genel/Olusturma' successfully

2021-10-21 14:43:04 - [MESSAGE][INFO] - Checking called Test Case

2021-10-21 14:43:04 - [MESSAGE][INFO] - Starting to call Test Case 'Test Cases/Olusturma/Genel/NotGirilir'

2021-10-21 14:43:04 - [TEST_CASE][PASSED] - Test Cases/Olusturma/Genel/NotGirilir: Test Cases/Olusturma/Genel/NotGirilir

2021-10-21 14:43:04 - [TEST_STEP][PASSED] - i = 0: null

2021-10-21 14:43:04 - [TEST_STEP][PASSED] - waitForElementClickable(findTestObject("Olusturma/Genel/Not/Notlar"), 10): Object 'Object Repository/Olusturma/Genel/Not/Notlar' is clickable

2021-10-21 14:43:04 - [MESSAGE][INFO] - Finding Test Object 'Object Repository/Olusturma/Genel/Not/Notlar'

2021-10-21 14:43:05 - [MESSAGE][INFO] - Checking object

2021-10-21 14:43:05 - [MESSAGE][INFO] - Checking timeout

2021-10-21 14:43:05 - [MESSAGE][INFO] - Finding web element from Test Object's properties

2021-10-21 14:43:05 - [MESSAGE][INFO] - Checking timeout

2021-10-21 14:43:05 - [MESSAGE][INFO] - Finding web element with id: 'Object Repository/Olusturma/Genel/Not/Notlar' located by 'By.xpath: //*[@id = 'txtNote_I']' in '10' second(s)

2021-10-21 14:43:05 - [MESSAGE][INFO] - Smart Wait Function is triggered

2021-10-21 14:43:05 - [MESSAGE][INFO] - Found 1 web elements with id: 'Object Repository/Olusturma/Genel/Not/Notlar' located by 'By.xpath: //*[@id = 'txtNote_I']' in '10' second(s)

2021-10-21 14:43:05 - [MESSAGE][PASSED] - Object 'Object Repository/Olusturma/Genel/Not/Notlar' is clickable

2021-10-21 14:43:05 - [TEST_STEP][PASSED] - clearText(findTestObject("Olusturma/Genel/Not/Notlar")): Text of object 'Object Repository/Olusturma/Genel/Not/Notlar' is cleared

2021-10-21 14:43:05 - [MESSAGE][INFO] - Finding Test Object 'Object Repository/Olusturma/Genel/Not/Notlar'

2021-10-21 14:43:05 - [MESSAGE][INFO] - Checking object

2021-10-21 14:43:05 - [MESSAGE][INFO] - Finding web element from Test Object's properties

2021-10-21 14:43:05 - [MESSAGE][INFO] - Checking timeout

2021-10-21 14:43:05 - [MESSAGE][INFO] - Finding web element with id: 'Object Repository/Olusturma/Genel/Not/Notlar' located by 'By.xpath: //*[@id = 'txtNote_I']' in '30' second(s)

2021-10-21 14:43:05 - [MESSAGE][INFO] - Smart Wait Function is triggered

2021-10-21 14:43:05 - [MESSAGE][INFO] - Found 1 web elements with id: 'Object Repository/Olusturma/Genel/Not/Notlar' located by 'By.xpath: //*[@id = 'txtNote_I']' in '30' second(s)

2021-10-21 14:43:05 - [MESSAGE][INFO] - Clearing text of object 'Object Repository/Olusturma/Genel/Not/Notlar'

2021-10-21 14:43:05 - [MESSAGE][PASSED] - Text of object 'Object Repository/Olusturma/Genel/Not/Notlar' is cleared

2021-10-21 14:43:05 - [TEST_STEP][PASSED] - click(findTestObject("Olusturma/Genel/Not/Notlar")): Object: 'Object Repository/Olusturma/Genel/Not/Notlar' is clicked on

2021-10-21 14:43:05 - [MESSAGE][INFO] - Finding Test Object 'Object Repository/Olusturma/Genel/Not/Notlar'

2021-10-21 14:43:05 - [MESSAGE][INFO] - Checking object

2021-10-21 14:43:05 - [MESSAGE][INFO] - Finding web element from Test Object's properties

2021-10-21 14:43:05 - [MESSAGE][INFO] - Checking timeout

2021-10-21 14:43:05 - [MESSAGE][INFO] - Finding web element with id: 'Object Repository/Olusturma/Genel/Not/Notlar' located by 'By.xpath: //*[@id = 'txtNote_I']' in '30' second(s)

2021-10-21 14:43:05 - [MESSAGE][INFO] - Smart Wait Function is triggered

2021-10-21 14:43:05 - [MESSAGE][INFO] - Found 1 web elements with id: 'Object Repository/Olusturma/Genel/Not/Notlar' located by 'By.xpath: //*[@id = 'txtNote_I']' in '30' second(s)

2021-10-21 14:43:05 - [MESSAGE][INFO] - Clicking on object: 'Object Repository/Olusturma/Genel/Not/Notlar'

2021-10-21 14:43:06 - [MESSAGE][PASSED] - Object: 'Object Repository/Olusturma/Genel/Not/Notlar' is clicked on

2021-10-21 14:43:06 - [TEST_STEP][PASSED] - while (true): null

2021-10-21 14:43:06 - [TEST_STEP][PASSED] - delay(1): Delayed 1 second(s)

2021-10-21 14:43:06 - [MESSAGE][INFO] - Delaying browser in 1 second(s)

2021-10-21 14:43:07 - [MESSAGE][PASSED] - Delayed 1 second(s)

2021-10-21 14:43:07 - [TEST_STEP][PASSED] - ajaxIsComplete = executeJavaScript("return jQuery.active == 0", null): Execute JavaScript 'return jQuery.active == 0' successfully

2021-10-21 14:43:07 - [MESSAGE][PASSED] - Execute JavaScript 'return jQuery.active == 0' successfully

2021-10-21 14:43:07 - [TEST_STEP][PASSED] - if (ajaxIsComplete): null

2021-10-21 14:43:07 - [TEST_STEP][PASSED] - break: null

2021-10-21 14:43:07 - [TEST_STEP][PASSED] - sendKeys(findTestObject("Olusturma/Genel/Not/Notlar"), Not): Keys 'Otomasyon Not' sent to object: 'Object Repository/Olusturma/Genel/Not/Notlar'

2021-10-21 14:43:07 - [MESSAGE][INFO] - Finding Test Object 'Object Repository/Olusturma/Genel/Not/Notlar'

2021-10-21 14:43:07 - [MESSAGE][INFO] - Sending keys 'Otomasyon Not' to object: 'Object Repository/Olusturma/Genel/Not/Notlar'

2021-10-21 14:43:07 - [MESSAGE][INFO] - Finding web element from Test Object's properties

2021-10-21 14:43:07 - [MESSAGE][INFO] - Checking timeout

2021-10-21 14:43:07 - [MESSAGE][INFO] - Finding web element with id: 'Object Repository/Olusturma/Genel/Not/Notlar' located by 'By.xpath: //*[@id = 'txtNote_I']' in '30' second(s)

2021-10-21 14:43:07 - [MESSAGE][INFO] - Smart Wait Function is triggered

2021-10-21 14:43:07 - [MESSAGE][INFO] - Found 1 web elements with id: 'Object Repository/Olusturma/Genel/Not/Notlar' located by 'By.xpath: //*[@id = 'txtNote_I']' in '30' second(s)

2021-10-21 14:43:07 - [MESSAGE][PASSED] - Keys 'Otomasyon Not' sent to object: 'Object Repository/Olusturma/Genel/Not/Notlar'

2021-10-21 14:43:07 - [MESSAGE][PASSED] - Call Test Case 'Test Cases/Olusturma/Genel/NotGirilir' successfully

2021-10-21 14:43:07 - [MESSAGE][INFO] - Checking called Test Case

2021-10-21 14:43:07 - [MESSAGE][INFO] - Starting to call Test Case 'Test Cases/Olusturma/Genel/EttnBilgisiKayitEdilir'

2021-10-21 14:43:07 - [TEST_CASE][PASSED] - Test Cases/Olusturma/Genel/EttnBilgisiKayitEdilir: Test Cases/Olusturma/Genel/EttnBilgisiKayitEdilir

2021-10-21 14:43:07 - [TEST_STEP][PASSED] - verifyElementPresent(findTestObject("Object Repository/Olusturma/Genel/Olusturma/eArsivEttnBilgisi"), 7): Object 'Object Repository/Olusturma/Genel/Olusturma/eArsivEttnBilgisi' is present

2021-10-21 14:43:07 - [MESSAGE][INFO] - Finding Test Object 'Object Repository/Olusturma/Genel/Olusturma/eArsivEttnBilgisi'

2021-10-21 14:43:07 - [MESSAGE][INFO] - Checking object

2021-10-21 14:43:07 - [MESSAGE][INFO] - Finding web element from Test Object's properties

2021-10-21 14:43:07 - [MESSAGE][INFO] - Checking timeout

2021-10-21 14:43:07 - [MESSAGE][INFO] - Finding web element with id: 'Object Repository/Olusturma/Genel/Olusturma/eArsivEttnBilgisi' located by 'By.xpath: //*[@id = 'Uuid_I']' in '7' second(s)

2021-10-21 14:43:07 - [MESSAGE][INFO] - Smart Wait Function is triggered

2021-10-21 14:43:07 - [MESSAGE][INFO] - Found 1 web elements with id: 'Object Repository/Olusturma/Genel/Olusturma/eArsivEttnBilgisi' located by 'By.xpath: //*[@id = 'Uuid_I']' in '7' second(s)

2021-10-21 14:43:07 - [MESSAGE][PASSED] - Object 'Object Repository/Olusturma/Genel/Olusturma/eArsivEttnBilgisi' is present

2021-10-21 14:43:07 - [TEST_STEP][PASSED] - ettn = getAttribute(findTestObject("Object Repository/Olusturma/Genel/Olusturma/eArsivEttnBilgisi"), "value"): Attribute 'value' of object 'Object Repository/Olusturma/Genel/Olusturma/eArsivEttnBilgisi' is: 'a0dec6b7-01cf-4fde-8e4f-58a77a9a19e0'

2021-10-21 14:43:07 - [MESSAGE][INFO] - Finding Test Object 'Object Repository/Olusturma/Genel/Olusturma/eArsivEttnBilgisi'

2021-10-21 14:43:07 - [MESSAGE][INFO] - Checking object

2021-10-21 14:43:07 - [MESSAGE][INFO] - Checking attribute

2021-10-21 14:43:07 - [MESSAGE][INFO] - Finding web element from Test Object's properties

2021-10-21 14:43:07 - [MESSAGE][INFO] - Checking timeout

2021-10-21 14:43:07 - [MESSAGE][INFO] - Finding web element with id: 'Object Repository/Olusturma/Genel/Olusturma/eArsivEttnBilgisi' located by 'By.xpath: //*[@id = 'Uuid_I']' in '30' second(s)

2021-10-21 14:43:07 - [MESSAGE][INFO] - Smart Wait Function is triggered

2021-10-21 14:43:08 - [MESSAGE][INFO] - Found 1 web elements with id: 'Object Repository/Olusturma/Genel/Olusturma/eArsivEttnBilgisi' located by 'By.xpath: //*[@id = 'Uuid_I']' in '30' second(s)

2021-10-21 14:43:08 - [MESSAGE][INFO] - Getting attribute 'value' of object 'Object Repository/Olusturma/Genel/Olusturma/eArsivEttnBilgisi'

2021-10-21 14:43:08 - [MESSAGE][PASSED] - Attribute 'value' of object 'Object Repository/Olusturma/Genel/Olusturma/eArsivEttnBilgisi' is: 'a0dec6b7-01cf-4fde-8e4f-58a77a9a19e0'

2021-10-21 14:43:08 - [MESSAGE][PASSED] - Call Test Case 'Test Cases/Olusturma/Genel/EttnBilgisiKayitEdilir' successfully

2021-10-21 14:43:08 - [MESSAGE][INFO] - Checking called Test Case

2021-10-21 14:43:08 - [MESSAGE][INFO] - Starting to call Test Case 'Test Cases/Olusturma/Genel/KaydetButonunaTiklanir'

2021-10-21 14:43:08 - [TEST_CASE][PASSED] - Test Cases/Olusturma/Genel/KaydetButonunaTiklanir: Test Cases/Olusturma/Genel/KaydetButonunaTiklanir

2021-10-21 14:43:08 - [TEST_STEP][PASSED] - i = 0: null

2021-10-21 14:43:08 - [TEST_STEP][PASSED] - waitForElementPresent(findTestObject("Olusturma/Genel/Not/Notlar"), 10): Object 'Object Repository/Olusturma/Genel/Not/Notlar' is present

2021-10-21 14:43:08 - [MESSAGE][INFO] - Finding Test Object 'Object Repository/Olusturma/Genel/Not/Notlar'

2021-10-21 14:43:08 - [MESSAGE][INFO] - Checking object

2021-10-21 14:43:08 - [MESSAGE][INFO] - Finding web element from Test Object's properties

2021-10-21 14:43:08 - [MESSAGE][INFO] - Checking timeout

2021-10-21 14:43:08 - [MESSAGE][INFO] - Finding web element with id: 'Object Repository/Olusturma/Genel/Not/Notlar' located by 'By.xpath: //*[@id = 'txtNote_I']' in '10' second(s)

2021-10-21 14:43:08 - [MESSAGE][INFO] - Smart Wait Function is triggered

2021-10-21 14:43:08 - [MESSAGE][INFO] - Found 1 web elements with id: 'Object Repository/Olusturma/Genel/Not/Notlar' located by 'By.xpath: //*[@id = 'txtNote_I']' in '10' second(s)

2021-10-21 14:43:08 - [MESSAGE][PASSED] - Object 'Object Repository/Olusturma/Genel/Not/Notlar' is present

2021-10-21 14:43:08 - [TEST_STEP][PASSED] - click(findTestObject("Olusturma/Genel/Not/Notlar")): Object: 'Object Repository/Olusturma/Genel/Not/Notlar' is clicked on

2021-10-21 14:43:08 - [MESSAGE][INFO] - Finding Test Object 'Object Repository/Olusturma/Genel/Not/Notlar'

2021-10-21 14:43:08 - [MESSAGE][INFO] - Checking object

2021-10-21 14:43:08 - [MESSAGE][INFO] - Finding web element from Test Object's properties

2021-10-21 14:43:08 - [MESSAGE][INFO] - Checking timeout

2021-10-21 14:43:08 - [MESSAGE][INFO] - Finding web element with id: 'Object Repository/Olusturma/Genel/Not/Notlar' located by 'By.xpath: //*[@id = 'txtNote_I']' in '30' second(s)

2021-10-21 14:43:08 - [MESSAGE][INFO] - Smart Wait Function is triggered

2021-10-21 14:43:09 - [MESSAGE][INFO] - Found 1 web elements with id: 'Object Repository/Olusturma/Genel/Not/Notlar' located by 'By.xpath: //*[@id = 'txtNote_I']' in '30' second(s)

2021-10-21 14:43:09 - [MESSAGE][INFO] - Clicking on object: 'Object Repository/Olusturma/Genel/Not/Notlar'

2021-10-21 14:43:09 - [MESSAGE][PASSED] - Object: 'Object Repository/Olusturma/Genel/Not/Notlar' is clicked on

2021-10-21 14:43:09 - [TEST_STEP][PASSED] - while (true): null

2021-10-21 14:43:09 - [TEST_STEP][PASSED] - delay(1): Delayed 1 second(s)

2021-10-21 14:43:09 - [MESSAGE][INFO] - Delaying browser in 1 second(s)

2021-10-21 14:43:10 - [MESSAGE][PASSED] - Delayed 1 second(s)

2021-10-21 14:43:10 - [TEST_STEP][PASSED] - ajaxIsComplete = executeJavaScript("return jQuery.active == 0", null): Execute JavaScript 'return jQuery.active == 0' successfully

2021-10-21 14:43:10 - [MESSAGE][PASSED] - Execute JavaScript 'return jQuery.active == 0' successfully

2021-10-21 14:43:10 - [TEST_STEP][PASSED] - if (ajaxIsComplete): null

2021-10-21 14:43:10 - [TEST_STEP][PASSED] - break: null

2021-10-21 14:43:10 - [TEST_STEP][PASSED] - waitForElementClickable(findTestObject("Object Repository/Olusturma/Genel/Buton"), 10): Object 'Object Repository/Olusturma/Genel/Buton' is clickable

2021-10-21 14:43:10 - [MESSAGE][INFO] - Finding Test Object 'Object Repository/Olusturma/Genel/Buton'

2021-10-21 14:43:10 - [MESSAGE][INFO] - Checking object

2021-10-21 14:43:10 - [MESSAGE][INFO] - Checking timeout

2021-10-21 14:43:10 - [MESSAGE][INFO] - Finding web element from Test Object's properties

2021-10-21 14:43:10 - [MESSAGE][INFO] - Checking timeout

2021-10-21 14:43:10 - [MESSAGE][INFO] - Finding web element with id: 'Object Repository/Olusturma/Genel/Buton' located by 'By.xpath: //*[@id = 'btnKaydet']' in '10' second(s)

2021-10-21 14:43:10 - [MESSAGE][INFO] - Smart Wait Function is triggered

2021-10-21 14:43:10 - [MESSAGE][INFO] - Found 1 web elements with id: 'Object Repository/Olusturma/Genel/Buton' located by 'By.xpath: //*[@id = 'btnKaydet']' in '10' second(s)

2021-10-21 14:43:10 - [MESSAGE][PASSED] - Object 'Object Repository/Olusturma/Genel/Buton' is clickable

2021-10-21 14:43:10 - [TEST_STEP][PASSED] - click(findTestObject("Object Repository/Olusturma/Genel/Buton")): Object: 'Object Repository/Olusturma/Genel/Buton' is clicked on

2021-10-21 14:43:10 - [MESSAGE][INFO] - Finding Test Object 'Object Repository/Olusturma/Genel/Buton'

2021-10-21 14:43:10 - [MESSAGE][INFO] - Checking object

2021-10-21 14:43:10 - [MESSAGE][INFO] - Finding web element from Test Object's properties

2021-10-21 14:43:10 - [MESSAGE][INFO] - Checking timeout

2021-10-21 14:43:10 - [MESSAGE][INFO] - Finding web element with id: 'Object Repository/Olusturma/Genel/Buton' located by 'By.xpath: //*[@id = 'btnKaydet']' in '30' second(s)

2021-10-21 14:43:10 - [MESSAGE][INFO] - Smart Wait Function is triggered

2021-10-21 14:43:10 - [MESSAGE][INFO] - Found 1 web elements with id: 'Object Repository/Olusturma/Genel/Buton' located by 'By.xpath: //*[@id = 'btnKaydet']' in '30' second(s)

2021-10-21 14:43:10 - [MESSAGE][INFO] - Clicking on object: 'Object Repository/Olusturma/Genel/Buton'

2021-10-21 14:43:12 - [MESSAGE][PASSED] - Object: 'Object Repository/Olusturma/Genel/Buton' is clicked on

2021-10-21 14:43:12 - [MESSAGE][PASSED] - Call Test Case 'Test Cases/Olusturma/Genel/KaydetButonunaTiklanir' successfully

2021-10-21 14:43:12 - [MESSAGE][INFO] - Checking called Test Case

2021-10-21 14:43:12 - [MESSAGE][INFO] - Starting to call Test Case 'Test Cases/Tablo/TablodaEttnliVeriOlusturulduMu'

2021-10-21 14:43:12 - [TEST_CASE][PASSED] - Test Cases/Tablo/TablodaEttnliVeriOlusturulduMu: Test Cases/Tablo/TablodaEttnliVeriOlusturulduMu

2021-10-21 14:43:12 - [TEST_STEP][PASSED] - Method.TextDegerineEsitElementVarMi(findTestObject("Tablo/OlusturulanVeri"), ettn): Method.TextDegerineEsitElementVarMi is PASSED

2021-10-21 14:43:12 - [MESSAGE][INFO] - Finding Test Object 'Object Repository/Tablo/OlusturulanVeri'

2021-10-21 14:43:12 - [MESSAGE][INFO] - Checking timeout

2021-10-21 14:43:12 - [MESSAGE][INFO] - Finding web element with id: 'Object Repository/Tablo/OlusturulanVeri' located by 'By.cssSelector: table.dxgvTable_LECustomTheme>tbody>tr:nth-child(3)>td.dxgv b,table.dxgvTable_LECustomTheme>tbody>tr:nth-child(3)>td.dxgv' in '10' second(s)

2021-10-21 14:43:12 - [MESSAGE][INFO] - Smart Wait Function is triggered

2021-10-21 14:43:13 - [MESSAGE][INFO] - Found 11 web elements with id: 'Object Repository/Tablo/OlusturulanVeri' located by 'By.cssSelector: table.dxgvTable_LECustomTheme>tbody>tr:nth-child(3)>td.dxgv b,table.dxgvTable_LECustomTheme>tbody>tr:nth-child(3)>td.dxgv' in '10' second(s)

2021-10-21 14:43:13 - [MESSAGE][PASSED] - Method.TextDegerineEsitElementVarMi is PASSED

2021-10-21 14:43:13 - [MESSAGE][PASSED] - Call Test Case 'Test Cases/Tablo/TablodaEttnliVeriOlusturulduMu' successfully

2021-10-21 14:43:13 - [MESSAGE][INFO] - Checking called Test Case

2021-10-21 14:43:13 - [MESSAGE][INFO] - Starting to call Test Case 'Test Cases/Tablo/TablodanEttnliVeriSec'

2021-10-21 14:43:13 - [TEST_CASE][PASSED] - Test Cases/Tablo/TablodanEttnliVeriSec: Test Cases/Tablo/TablodanEttnliVeriSec

2021-10-21 14:43:13 - [TEST_STEP][PASSED] - Method.TextDegerineEsitElementinAltindakineTikla(findTestObject("Tablo/Veriler"), findTestObject("Tablo/VerininCheckBoxi"), ettn): Method.TextDegerineEsitElementinAltindakineTikla is PASSED

2021-10-21 14:43:13 - [MESSAGE][INFO] - Finding Test Object 'Object Repository/Tablo/Veriler'

2021-10-21 14:43:13 - [MESSAGE][INFO] - Finding Test Object 'Object Repository/Tablo/VerininCheckBoxi'

2021-10-21 14:43:13 - [MESSAGE][INFO] - Checking timeout

2021-10-21 14:43:13 - [MESSAGE][INFO] - Finding web element with id: 'Object Repository/Tablo/Veriler' located by 'By.cssSelector: td.dxgv b ,td.dxgv' in '10' second(s)

2021-10-21 14:43:13 - [MESSAGE][INFO] - Smart Wait Function is triggered

2021-10-21 14:43:13 - [MESSAGE][INFO] - Found 110 web elements with id: 'Object Repository/Tablo/Veriler' located by 'By.cssSelector: td.dxgv b ,td.dxgv' in '10' second(s)

2021-10-21 14:43:13 - [MESSAGE][INFO] - Smart Wait Function is triggered

2021-10-21 14:43:13 - [MESSAGE][PASSED] - Method.TextDegerineEsitElementinAltindakineTikla is PASSED

2021-10-21 14:43:13 - [MESSAGE][PASSED] - Call Test Case 'Test Cases/Tablo/TablodanEttnliVeriSec' successfully

2021-10-21 14:43:13 - [MESSAGE][INFO] - Checking called Test Case

2021-10-21 14:43:13 - [MESSAGE][INFO] - Starting to call Test Case 'Test Cases/Butonlar/ButonaTikla'

2021-10-21 14:43:14 - [TEST_CASE][PASSED] - Test Cases/Butonlar/ButonaTikla: Test Cases/Butonlar/ButonaTikla

2021-10-21 14:43:14 - [TEST_STEP][PASSED] - Method.TextDegerineEsitElementeTiklaEquals(findTestObject("Butonlar/Butonlar"), Buton_Adi): Method.TextDegerineEsitElementeTiklaEquals is PASSED

2021-10-21 14:43:14 - [MESSAGE][INFO] - Finding Test Object 'Object Repository/Butonlar/Butonlar'

2021-10-21 14:43:14 - [MESSAGE][INFO] - Checking timeout

2021-10-21 14:43:14 - [MESSAGE][INFO] - Finding web element with id: 'Object Repository/Butonlar/Butonlar' located by 'By.cssSelector: .panel.panel-default.text-center.footerPanel .btn,.btn.btn-primary.btnControls' in '10' second(s)

2021-10-21 14:43:14 - [MESSAGE][INFO] - Smart Wait Function is triggered

2021-10-21 14:43:14 - [MESSAGE][INFO] - Found 7 web elements with id: 'Object Repository/Butonlar/Butonlar' located by 'By.cssSelector: .panel.panel-default.text-center.footerPanel .btn,.btn.btn-primary.btnControls' in '10' second(s)

2021-10-21 14:43:14 - [MESSAGE][PASSED] - Method.TextDegerineEsitElementeTiklaEquals is PASSED

2021-10-21 14:43:14 - [MESSAGE][PASSED] - Call Test Case 'Test Cases/Butonlar/ButonaTikla' successfully

2021-10-21 14:43:14 - [MESSAGE][INFO] - Checking called Test Case

2021-10-21 14:43:14 - [MESSAGE][INFO] - Starting to call Test Case 'Test Cases/Popup/PopupMesajiIceriyorMu'

2021-10-21 14:43:14 - [TEST_CASE][PASSED] - Test Cases/Popup/PopupMesajiIceriyorMu: Test Cases/Popup/PopupMesajiIceriyorMu

2021-10-21 14:43:14 - [TEST_STEP][PASSED] - waitForElementVisible(findTestObject("Popup/Popup"), 10): Object 'Object Repository/Popup/Popup' is visible

2021-10-21 14:43:14 - [MESSAGE][INFO] - Finding Test Object 'Object Repository/Popup/Popup'

2021-10-21 14:43:14 - [MESSAGE][INFO] - Checking object

2021-10-21 14:43:14 - [MESSAGE][INFO] - Checking timeout

2021-10-21 14:43:14 - [MESSAGE][INFO] - Finding web element from Test Object's properties

2021-10-21 14:43:14 - [MESSAGE][INFO] - Checking timeout

2021-10-21 14:43:14 - [MESSAGE][INFO] - Finding web element with id: 'Object Repository/Popup/Popup' located by 'By.cssSelector: .bootbox-body' in '10' second(s)

2021-10-21 14:43:14 - [MESSAGE][INFO] - Smart Wait Function is triggered

2021-10-21 14:43:15 - [MESSAGE][INFO] - Found 1 web elements with id: 'Object Repository/Popup/Popup' located by 'By.cssSelector: .bootbox-body' in '10' second(s)

2021-10-21 14:43:15 - [MESSAGE][PASSED] - Object 'Object Repository/Popup/Popup' is visible

2021-10-21 14:43:15 - [TEST_STEP][PASSED] - if (!(getText(findTestObject("Popup/Popup")).contains(Mesaj))): Text of object 'Object Repository/Popup/Popup' is: 'Oluşturulacak makbuz numarası : FYS2021000000397 Makbuz numarası oluşturulduktan sonra makbuz silinemez. Makbuz numarası, tarihi ve ön eki değiştirilemez. Devam etmek istiyor musunuz?'

2021-10-21 14:43:15 - [MESSAGE][INFO] - Finding Test Object 'Object Repository/Popup/Popup'

2021-10-21 14:43:15 - [MESSAGE][INFO] - Checking object

2021-10-21 14:43:15 - [MESSAGE][INFO] - Finding web element from Test Object's properties

2021-10-21 14:43:15 - [MESSAGE][INFO] - Checking timeout

2021-10-21 14:43:15 - [MESSAGE][INFO] - Finding web element with id: 'Object Repository/Popup/Popup' located by 'By.cssSelector: .bootbox-body' in '30' second(s)

2021-10-21 14:43:15 - [MESSAGE][INFO] - Smart Wait Function is triggered

2021-10-21 14:43:15 - [MESSAGE][INFO] - Found 1 web elements with id: 'Object Repository/Popup/Popup' located by 'By.cssSelector: .bootbox-body' in '30' second(s)

2021-10-21 14:43:15 - [MESSAGE][INFO] - Getting text of object 'Object Repository/Popup/Popup'

2021-10-21 14:43:16 - [MESSAGE][PASSED] - Text of object 'Object Repository/Popup/Popup' is: 'Oluşturulacak makbuz numarası : FYS2021000000397 Makbuz numarası oluşturulduktan sonra makbuz silinemez. Makbuz numarası, tarihi ve ön eki değiştirilemez. Devam etmek istiyor musunuz?'

2021-10-21 14:43:16 - [TEST_STEP][PASSED] - RaporNo = getText(findTestObject("Popup/Popup")).substring(0, 6): Text of object 'Object Repository/Popup/Popup' is: 'Oluşturulacak makbuz numarası : FYS2021000000397 Makbuz numarası oluşturulduktan sonra makbuz silinemez. Makbuz numarası, tarihi ve ön eki değiştirilemez. Devam etmek istiyor musunuz?'

2021-10-21 14:43:16 - [MESSAGE][INFO] - Finding Test Object 'Object Repository/Popup/Popup'

2021-10-21 14:43:16 - [MESSAGE][INFO] - Checking object

2021-10-21 14:43:16 - [MESSAGE][INFO] - Finding web element from Test Object's properties

2021-10-21 14:43:16 - [MESSAGE][INFO] - Checking timeout

2021-10-21 14:43:16 - [MESSAGE][INFO] - Finding web element with id: 'Object Repository/Popup/Popup' located by 'By.cssSelector: .bootbox-body' in '30' second(s)

2021-10-21 14:43:16 - [MESSAGE][INFO] - Smart Wait Function is triggered

2021-10-21 14:43:16 - [MESSAGE][INFO] - Found 1 web elements with id: 'Object Repository/Popup/Popup' located by 'By.cssSelector: .bootbox-body' in '30' second(s)

2021-10-21 14:43:16 - [MESSAGE][INFO] - Getting text of object 'Object Repository/Popup/Popup'

2021-10-21 14:43:16 - [MESSAGE][PASSED] - Text of object 'Object Repository/Popup/Popup' is: 'Oluşturulacak makbuz numarası : FYS2021000000397 Makbuz numarası oluşturulduktan sonra makbuz silinemez. Makbuz numarası, tarihi ve ön eki değiştirilemez. Devam etmek istiyor musunuz?'

2021-10-21 14:43:16 - [TEST_STEP][PASSED] - Console.println(RaporNo): null

2021-10-21 14:43:16 - [MESSAGE][PASSED] - Call Test Case 'Test Cases/Popup/PopupMesajiIceriyorMu' successfully

2021-10-21 14:43:16 - [MESSAGE][INFO] - Checking called Test Case

2021-10-21 14:43:16 - [MESSAGE][INFO] - Starting to call Test Case 'Test Cases/Popup/PopupButonSecilir'

2021-10-21 14:43:16 - [TEST_CASE][PASSED] - Test Cases/Popup/PopupButonSecilir: Test Cases/Popup/PopupButonSecilir

2021-10-21 14:43:16 - [TEST_STEP][PASSED] - Method.TextDegerineEsitElementeTikla(findTestObject("Popup/Popup_Butons"), Buton): Method.TextDegerineEsitElementeTikla is PASSED

2021-10-21 14:43:16 - [MESSAGE][INFO] - Finding Test Object 'Object Repository/Popup/Popup_Butons'

2021-10-21 14:43:16 - [MESSAGE][INFO] - Checking timeout

2021-10-21 14:43:16 - [MESSAGE][INFO] - Finding web element with id: 'Object Repository/Popup/Popup_Butons' located by 'By.cssSelector: .modal-footer>button' in '10' second(s)

2021-10-21 14:43:16 - [MESSAGE][INFO] - Smart Wait Function is triggered

2021-10-21 14:43:16 - [MESSAGE][INFO] - Found 2 web elements with id: 'Object Repository/Popup/Popup_Butons' located by 'By.cssSelector: .modal-footer>button' in '10' second(s)

2021-10-21 14:43:17 - [MESSAGE][PASSED] - Method.TextDegerineEsitElementeTikla is PASSED

2021-10-21 14:43:17 - [MESSAGE][PASSED] - Call Test Case 'Test Cases/Popup/PopupButonSecilir' successfully

2021-10-21 14:43:17 - [MESSAGE][INFO] - Checking called Test Case

2021-10-21 14:43:17 - [MESSAGE][INFO] - Starting to call Test Case 'Test Cases/Popup/PopupMesajiIceriyorMu'

2021-10-21 14:43:17 - [TEST_CASE][PASSED] - Test Cases/Popup/PopupMesajiIceriyorMu: Test Cases/Popup/PopupMesajiIceriyorMu

2021-10-21 14:43:17 - [TEST_STEP][PASSED] - waitForElementVisible(findTestObject("Popup/Popup"), 10): Object 'Object Repository/Popup/Popup' is visible

2021-10-21 14:43:17 - [MESSAGE][INFO] - Finding Test Object 'Object Repository/Popup/Popup'

2021-10-21 14:43:17 - [MESSAGE][INFO] - Checking object

2021-10-21 14:43:17 - [MESSAGE][INFO] - Checking timeout

2021-10-21 14:43:17 - [MESSAGE][INFO] - Finding web element from Test Object's properties

2021-10-21 14:43:17 - [MESSAGE][INFO] - Checking timeout

2021-10-21 14:43:17 - [MESSAGE][INFO] - Finding web element with id: 'Object Repository/Popup/Popup' located by 'By.cssSelector: .bootbox-body' in '10' second(s)

2021-10-21 14:43:17 - [MESSAGE][INFO] - Smart Wait Function is triggered

2021-10-21 14:43:17 - [MESSAGE][INFO] - Found 1 web elements with id: 'Object Repository/Popup/Popup' located by 'By.cssSelector: .bootbox-body' in '10' second(s)

2021-10-21 14:43:18 - [MESSAGE][PASSED] - Object 'Object Repository/Popup/Popup' is visible

2021-10-21 14:43:18 - [TEST_STEP][PASSED] - if (!(getText(findTestObject("Popup/Popup")).contains(Mesaj))): Text of object 'Object Repository/Popup/Popup' is: 'Makbuz numaranız FYS2021000000397 olarak oluşmuştur.'

2021-10-21 14:43:18 - [MESSAGE][INFO] - Finding Test Object 'Object Repository/Popup/Popup'

2021-10-21 14:43:18 - [MESSAGE][INFO] - Checking object

2021-10-21 14:43:18 - [MESSAGE][INFO] - Finding web element from Test Object's properties

2021-10-21 14:43:18 - [MESSAGE][INFO] - Checking timeout

2021-10-21 14:43:18 - [MESSAGE][INFO] - Finding web element with id: 'Object Repository/Popup/Popup' located by 'By.cssSelector: .bootbox-body' in '30' second(s)

2021-10-21 14:43:18 - [MESSAGE][INFO] - Smart Wait Function is triggered

2021-10-21 14:43:18 - [MESSAGE][INFO] - Found 1 web elements with id: 'Object Repository/Popup/Popup' located by 'By.cssSelector: .bootbox-body' in '30' second(s)

2021-10-21 14:43:18 - [MESSAGE][INFO] - Getting text of object 'Object Repository/Popup/Popup'

2021-10-21 14:43:18 - [MESSAGE][PASSED] - Text of object 'Object Repository/Popup/Popup' is: 'Makbuz numaranız FYS2021000000397 olarak oluşmuştur.'

2021-10-21 14:43:18 - [TEST_STEP][PASSED] - RaporNo = getText(findTestObject("Popup/Popup")).substring(0, 6): Text of object 'Object Repository/Popup/Popup' is: 'Makbuz numaranız FYS2021000000397 olarak oluşmuştur.'

2021-10-21 14:43:18 - [MESSAGE][INFO] - Finding Test Object 'Object Repository/Popup/Popup'

2021-10-21 14:43:18 - [MESSAGE][INFO] - Checking object

2021-10-21 14:43:18 - [MESSAGE][INFO] - Finding web element from Test Object's properties

2021-10-21 14:43:18 - [MESSAGE][INFO] - Checking timeout

2021-10-21 14:43:18 - [MESSAGE][INFO] - Finding web element with id: 'Object Repository/Popup/Popup' located by 'By.cssSelector: .bootbox-body' in '30' second(s)

2021-10-21 14:43:18 - [MESSAGE][INFO] - Smart Wait Function is triggered

2021-10-21 14:43:18 - [MESSAGE][INFO] - Found 1 web elements with id: 'Object Repository/Popup/Popup' located by 'By.cssSelector: .bootbox-body' in '30' second(s)

2021-10-21 14:43:18 - [MESSAGE][INFO] - Getting text of object 'Object Repository/Popup/Popup'

2021-10-21 14:43:18 - [MESSAGE][PASSED] - Text of object 'Object Repository/Popup/Popup' is: 'Makbuz numaranız FYS2021000000397 olarak oluşmuştur.'

2021-10-21 14:43:18 - [TEST_STEP][PASSED] - Console.println(RaporNo): null

2021-10-21 14:43:18 - [MESSAGE][PASSED] - Call Test Case 'Test Cases/Popup/PopupMesajiIceriyorMu' successfully

2021-10-21 14:43:18 - [MESSAGE][INFO] - Checking called Test Case

2021-10-21 14:43:18 - [MESSAGE][INFO] - Starting to call Test Case 'Test Cases/Popup/PopupButonSecilir'

2021-10-21 14:43:18 - [TEST_CASE][PASSED] - Test Cases/Popup/PopupButonSecilir: Test Cases/Popup/PopupButonSecilir

2021-10-21 14:43:18 - [TEST_STEP][PASSED] - Method.TextDegerineEsitElementeTikla(findTestObject("Popup/Popup_Butons"), Buton): Method.TextDegerineEsitElementeTikla is PASSED

2021-10-21 14:43:18 - [MESSAGE][INFO] - Finding Test Object 'Object Repository/Popup/Popup_Butons'

2021-10-21 14:43:18 - [MESSAGE][INFO] - Checking timeout

2021-10-21 14:43:18 - [MESSAGE][INFO] - Finding web element with id: 'Object Repository/Popup/Popup_Butons' located by 'By.cssSelector: .modal-footer>button' in '10' second(s)

2021-10-21 14:43:18 - [MESSAGE][INFO] - Smart Wait Function is triggered

2021-10-21 14:43:19 - [MESSAGE][INFO] - Found 1 web elements with id: 'Object Repository/Popup/Popup_Butons' located by 'By.cssSelector: .modal-footer>button' in '10' second(s)

2021-10-21 14:43:19 - [MESSAGE][PASSED] - Method.TextDegerineEsitElementeTikla is PASSED

2021-10-21 14:43:19 - [MESSAGE][PASSED] - Call Test Case 'Test Cases/Popup/PopupButonSecilir' successfully

2021-10-21 14:43:19 - [MESSAGE][INFO] - Checking called Test Case

2021-10-21 14:43:19 - [MESSAGE][INFO] - Starting to call Test Case 'Test Cases/Tablo/TablodanEttnliVeriSec'

2021-10-21 14:43:19 - [TEST_CASE][PASSED] - Test Cases/Tablo/TablodanEttnliVeriSec: Test Cases/Tablo/TablodanEttnliVeriSec

2021-10-21 14:43:19 - [TEST_STEP][PASSED] - Method.TextDegerineEsitElementinAltindakineTikla(findTestObject("Tablo/Veriler"), findTestObject("Tablo/VerininCheckBoxi"), ettn): Method.TextDegerineEsitElementinAltindakineTikla is PASSED

2021-10-21 14:43:19 - [MESSAGE][INFO] - Finding Test Object 'Object Repository/Tablo/Veriler'

2021-10-21 14:43:19 - [MESSAGE][INFO] - Finding Test Object 'Object Repository/Tablo/VerininCheckBoxi'

2021-10-21 14:43:19 - [MESSAGE][INFO] - Checking timeout

2021-10-21 14:43:19 - [MESSAGE][INFO] - Finding web element with id: 'Object Repository/Tablo/Veriler' located by 'By.cssSelector: td.dxgv b ,td.dxgv' in '10' second(s)

2021-10-21 14:43:19 - [MESSAGE][INFO] - Smart Wait Function is triggered

2021-10-21 14:43:20 - [MESSAGE][INFO] - Found 110 web elements with id: 'Object Repository/Tablo/Veriler' located by 'By.cssSelector: td.dxgv b ,td.dxgv' in '10' second(s)

2021-10-21 14:43:20 - [MESSAGE][INFO] - Smart Wait Function is triggered

2021-10-21 14:43:20 - [MESSAGE][PASSED] - Method.TextDegerineEsitElementinAltindakineTikla is PASSED

2021-10-21 14:43:20 - [MESSAGE][PASSED] - Call Test Case 'Test Cases/Tablo/TablodanEttnliVeriSec' successfully

2021-10-21 14:43:20 - [MESSAGE][INFO] - Checking called Test Case

2021-10-21 14:43:20 - [MESSAGE][INFO] - Starting to call Test Case 'Test Cases/Butonlar/ButonaTikla'

2021-10-21 14:43:20 - [TEST_CASE][PASSED] - Test Cases/Butonlar/ButonaTikla: Test Cases/Butonlar/ButonaTikla

2021-10-21 14:43:20 - [TEST_STEP][PASSED] - Method.TextDegerineEsitElementeTiklaEquals(findTestObject("Butonlar/Butonlar"), Buton_Adi): Method.TextDegerineEsitElementeTiklaEquals is PASSED

2021-10-21 14:43:20 - [MESSAGE][INFO] - Finding Test Object 'Object Repository/Butonlar/Butonlar'

2021-10-21 14:43:20 - [MESSAGE][INFO] - Checking timeout

2021-10-21 14:43:20 - [MESSAGE][INFO] - Finding web element with id: 'Object Repository/Butonlar/Butonlar' located by 'By.cssSelector: .panel.panel-default.text-center.footerPanel .btn,.btn.btn-primary.btnControls' in '10' second(s)

2021-10-21 14:43:20 - [MESSAGE][INFO] - Smart Wait Function is triggered

2021-10-21 14:43:20 - [MESSAGE][INFO] - Found 7 web elements with id: 'Object Repository/Butonlar/Butonlar' located by 'By.cssSelector: .panel.panel-default.text-center.footerPanel .btn,.btn.btn-primary.btnControls' in '10' second(s)

2021-10-21 14:43:21 - [MESSAGE][PASSED] - Method.TextDegerineEsitElementeTiklaEquals is PASSED

2021-10-21 14:43:21 - [MESSAGE][PASSED] - Call Test Case 'Test Cases/Butonlar/ButonaTikla' successfully

2021-10-21 14:43:21 - [MESSAGE][INFO] - Checking called Test Case

2021-10-21 14:43:21 - [MESSAGE][INFO] - Starting to call Test Case 'Test Cases/Popup/PopupMesajiIceriyorMu'

2021-10-21 14:43:21 - [TEST_CASE][PASSED] - Test Cases/Popup/PopupMesajiIceriyorMu: Test Cases/Popup/PopupMesajiIceriyorMu

2021-10-21 14:43:21 - [TEST_STEP][PASSED] - waitForElementVisible(findTestObject("Popup/Popup"), 10): Object 'Object Repository/Popup/Popup' is visible

2021-10-21 14:43:21 - [MESSAGE][INFO] - Finding Test Object 'Object Repository/Popup/Popup'

2021-10-21 14:43:21 - [MESSAGE][INFO] - Checking object

2021-10-21 14:43:21 - [MESSAGE][INFO] - Checking timeout

2021-10-21 14:43:21 - [MESSAGE][INFO] - Finding web element from Test Object's properties

2021-10-21 14:43:21 - [MESSAGE][INFO] - Checking timeout

2021-10-21 14:43:21 - [MESSAGE][INFO] - Finding web element with id: 'Object Repository/Popup/Popup' located by 'By.cssSelector: .bootbox-body' in '10' second(s)

2021-10-21 14:43:21 - [MESSAGE][INFO] - Smart Wait Function is triggered

2021-10-21 14:43:21 - [MESSAGE][INFO] - Found 1 web elements with id: 'Object Repository/Popup/Popup' located by 'By.cssSelector: .bootbox-body' in '10' second(s)

2021-10-21 14:43:21 - [MESSAGE][PASSED] - Object 'Object Repository/Popup/Popup' is visible

2021-10-21 14:43:21 - [TEST_STEP][PASSED] - if (!(getText(findTestObject("Popup/Popup")).contains(Mesaj))): Text of object 'Object Repository/Popup/Popup' is: 'FYS serisi için onaylanmamış belge(leri)niz bulunmaktadır.
Devam etmek istiyor musunuz?'

2021-10-21 14:43:21 - [MESSAGE][INFO] - Finding Test Object 'Object Repository/Popup/Popup'

2021-10-21 14:43:21 - [MESSAGE][INFO] - Checking object

2021-10-21 14:43:21 - [MESSAGE][INFO] - Finding web element from Test Object's properties

2021-10-21 14:43:21 - [MESSAGE][INFO] - Checking timeout

2021-10-21 14:43:21 - [MESSAGE][INFO] - Finding web element with id: 'Object Repository/Popup/Popup' located by 'By.cssSelector: .bootbox-body' in '30' second(s)

2021-10-21 14:43:21 - [MESSAGE][INFO] - Smart Wait Function is triggered

2021-10-21 14:43:21 - [MESSAGE][INFO] - Found 1 web elements with id: 'Object Repository/Popup/Popup' located by 'By.cssSelector: .bootbox-body' in '30' second(s)

2021-10-21 14:43:21 - [MESSAGE][INFO] - Getting text of object 'Object Repository/Popup/Popup'

2021-10-21 14:43:21 - [MESSAGE][PASSED] - Text of object 'Object Repository/Popup/Popup' is: 'FYS serisi için onaylanmamış belge(leri)niz bulunmaktadır.
Devam etmek istiyor musunuz?'

2021-10-21 14:43:21 - [TEST_STEP][PASSED] - RaporNo = getText(findTestObject("Popup/Popup")).substring(0, 6): Text of object 'Object Repository/Popup/Popup' is: 'FYS serisi için onaylanmamış belge(leri)niz bulunmaktadır.
Devam etmek istiyor musunuz?'

2021-10-21 14:43:21 - [MESSAGE][INFO] - Finding Test Object 'Object Repository/Popup/Popup'

2021-10-21 14:43:22 - [MESSAGE][INFO] - Checking object

2021-10-21 14:43:22 - [MESSAGE][INFO] - Finding web element from Test Object's properties

2021-10-21 14:43:22 - [MESSAGE][INFO] - Checking timeout

2021-10-21 14:43:22 - [MESSAGE][INFO] - Finding web element with id: 'Object Repository/Popup/Popup' located by 'By.cssSelector: .bootbox-body' in '30' second(s)

2021-10-21 14:43:22 - [MESSAGE][INFO] - Smart Wait Function is triggered

2021-10-21 14:43:22 - [MESSAGE][INFO] - Found 1 web elements with id: 'Object Repository/Popup/Popup' located by 'By.cssSelector: .bootbox-body' in '30' second(s)

2021-10-21 14:43:22 - [MESSAGE][INFO] - Getting text of object 'Object Repository/Popup/Popup'

2021-10-21 14:43:22 - [MESSAGE][PASSED] - Text of object 'Object Repository/Popup/Popup' is: 'FYS serisi için onaylanmamış belge(leri)niz bulunmaktadır.
Devam etmek istiyor musunuz?'

2021-10-21 14:43:22 - [TEST_STEP][PASSED] - Console.println(RaporNo): null

2021-10-21 14:43:22 - [MESSAGE][PASSED] - Call Test Case 'Test Cases/Popup/PopupMesajiIceriyorMu' successfully

2021-10-21 14:43:22 - [MESSAGE][INFO] - Checking called Test Case

2021-10-21 14:43:22 - [MESSAGE][INFO] - Starting to call Test Case 'Test Cases/Popup/PopupButonSecilir'

2021-10-21 14:43:22 - [TEST_CASE][PASSED] - Test Cases/Popup/PopupButonSecilir: Test Cases/Popup/PopupButonSecilir

2021-10-21 14:43:22 - [TEST_STEP][PASSED] - Method.TextDegerineEsitElementeTikla(findTestObject("Popup/Popup_Butons"), Buton): Method.TextDegerineEsitElementeTikla is PASSED

2021-10-21 14:43:22 - [MESSAGE][INFO] - Finding Test Object 'Object Repository/Popup/Popup_Butons'

2021-10-21 14:43:22 - [MESSAGE][INFO] - Checking timeout

2021-10-21 14:43:22 - [MESSAGE][INFO] - Finding web element with id: 'Object Repository/Popup/Popup_Butons' located by 'By.cssSelector: .modal-footer>button' in '10' second(s)

2021-10-21 14:43:22 - [MESSAGE][INFO] - Smart Wait Function is triggered

2021-10-21 14:43:22 - [MESSAGE][INFO] - Found 2 web elements with id: 'Object Repository/Popup/Popup_Butons' located by 'By.cssSelector: .modal-footer>button' in '10' second(s)

2021-10-21 14:43:22 - [MESSAGE][PASSED] - Method.TextDegerineEsitElementeTikla is PASSED

2021-10-21 14:43:22 - [MESSAGE][PASSED] - Call Test Case 'Test Cases/Popup/PopupButonSecilir' successfully

2021-10-21 14:43:22 - [MESSAGE][INFO] - Checking called Test Case

2021-10-21 14:43:22 - [MESSAGE][INFO] - Starting to call Test Case 'Test Cases/Menu/AnaMenuSecimi'

2021-10-21 14:43:22 - [TEST_CASE][PASSED] - Test Cases/Menu/AnaMenuSecimi: Test Cases/Menu/AnaMenuSecimi

2021-10-21 14:43:22 - [TEST_STEP][PASSED] - Method.TextDegerineEsitElementeTikla(findTestObject("Menu/Ana_Menu"), Ana_Menu): Method.TextDegerineEsitElementeTikla is PASSED

2021-10-21 14:43:22 - [MESSAGE][INFO] - Finding Test Object 'Object Repository/Menu/Ana_Menu'

2021-10-21 14:43:23 - [MESSAGE][INFO] - Checking timeout

2021-10-21 14:43:23 - [MESSAGE][INFO] - Finding web element with id: 'Object Repository/Menu/Ana_Menu' located by 'By.xpath: //*[@class = 'dropdown-toggle']' in '10' second(s)

2021-10-21 14:43:23 - [MESSAGE][INFO] - Smart Wait Function is triggered

2021-10-21 14:43:46 - [MESSAGE][INFO] - Found 14 web elements with id: 'Object Repository/Menu/Ana_Menu' located by 'By.xpath: //*[@class = 'dropdown-toggle']' in '10' second(s)

2021-10-21 14:43:46 - [MESSAGE][PASSED] - Method.TextDegerineEsitElementeTikla is PASSED

2021-10-21 14:43:46 - [MESSAGE][PASSED] - Call Test Case 'Test Cases/Menu/AnaMenuSecimi' successfully

2021-10-21 14:43:46 - [MESSAGE][INFO] - Checking called Test Case

2021-10-21 14:43:46 - [MESSAGE][INFO] - Starting to call Test Case 'Test Cases/Menu/BasligaGoreAltMenuSecimi'

2021-10-21 14:43:46 - [TEST_CASE][PASSED] - Test Cases/Menu/BasligaGoreAltMenuSecimi: Test Cases/Menu/BasligaGoreAltMenuSecimi

2021-10-21 14:43:46 - [TEST_STEP][PASSED] - Method.TextDegerineEsitElementinAltindakiTextDegerineEsitOlanaTikla(findTestObject("Menu/Menu_Basligi"), findTestObject("Menu/Basliga_Gore_Alt_Menu"), Baslik, Alt_Menu): Method.TextDegerineEsitElementinAltindakiTextDegerineEsitOlanaTikla is PASSED

2021-10-21 14:43:46 - [MESSAGE][INFO] - Finding Test Object 'Object Repository/Menu/Menu_Basligi'

2021-10-21 14:43:47 - [MESSAGE][INFO] - Finding Test Object 'Object Repository/Menu/Basliga_Gore_Alt_Menu'

2021-10-21 14:43:47 - [MESSAGE][INFO] - Checking timeout

2021-10-21 14:43:47 - [MESSAGE][INFO] - Finding web element with id: 'Object Repository/Menu/Menu_Basligi' located by 'By.xpath: //li[@class='dropdown dropdown-large open']//li[@class='dropdown-header']' in '10' second(s)

2021-10-21 14:43:47 - [MESSAGE][INFO] - Smart Wait Function is triggered

2021-10-21 14:43:47 - [MESSAGE][INFO] - Found 2 web elements with id: 'Object Repository/Menu/Menu_Basligi' located by 'By.xpath: //li[@class='dropdown dropdown-large open']//li[@class='dropdown-header']' in '10' second(s)

2021-10-21 14:43:47 - [MESSAGE][INFO] - Smart Wait Function is triggered

2021-10-21 14:43:48 - [MESSAGE][PASSED] - Method.TextDegerineEsitElementinAltindakiTextDegerineEsitOlanaTikla is PASSED

2021-10-21 14:43:48 - [MESSAGE][PASSED] - Call Test Case 'Test Cases/Menu/BasligaGoreAltMenuSecimi' successfully

2021-10-21 14:43:48 - [MESSAGE][INFO] - Checking called Test Case

2021-10-21 14:43:48 - [MESSAGE][INFO] - Starting to call Test Case 'Test Cases/Filtreler/EttnYaz'

2021-10-21 14:43:48 - [TEST_CASE][PASSED] - Test Cases/Filtreler/EttnYaz: Test Cases/Filtreler/EttnYaz

2021-10-21 14:43:48 - [TEST_STEP][PASSED] - Method.TextDegerineEsitElementinAltindakiTextboxtaYaz(findTestObject("Filtreler/Basliklar"), findTestObject("Filtreler/Basliga_Gore_Textbox"), "ETTN", ettn): Method.TextDegerineEsitElementinAltindakiTextboxtaYaz is PASSED

2021-10-21 14:43:48 - [MESSAGE][INFO] - Finding Test Object 'Object Repository/Filtreler/Basliklar'

2021-10-21 14:43:48 - [MESSAGE][INFO] - Finding Test Object 'Object Repository/Filtreler/Basliga_Gore_Textbox'

2021-10-21 14:43:48 - [MESSAGE][INFO] - Checking timeout

2021-10-21 14:43:48 - [MESSAGE][INFO] - Finding web element with id: 'Object Repository/Filtreler/Basliklar' located by 'By.cssSelector: .control-label.col-sm-4.paddingMarginRLC' in '10' second(s)

2021-10-21 14:43:48 - [MESSAGE][INFO] - Smart Wait Function is triggered

2021-10-21 14:43:49 - [MESSAGE][INFO] - Found 13 web elements with id: 'Object Repository/Filtreler/Basliklar' located by 'By.cssSelector: .control-label.col-sm-4.paddingMarginRLC' in '10' second(s)

2021-10-21 14:43:49 - [MESSAGE][INFO] - Smart Wait Function is triggered

2021-10-21 14:43:49 - [MESSAGE][PASSED] - Method.TextDegerineEsitElementinAltindakiTextboxtaYaz is PASSED

2021-10-21 14:43:49 - [MESSAGE][PASSED] - Call Test Case 'Test Cases/Filtreler/EttnYaz' successfully

2021-10-21 14:43:49 - [MESSAGE][INFO] - Checking called Test Case

2021-10-21 14:43:49 - [MESSAGE][INFO] - Starting to call Test Case 'Test Cases/Filtreler/ButonaTikla'

2021-10-21 14:43:49 - [TEST_CASE][PASSED] - Test Cases/Filtreler/ButonaTikla: Test Cases/Filtreler/ButonaTikla

2021-10-21 14:43:49 - [TEST_STEP][PASSED] - Method.TextDegerineEsitElementeTikla(findTestObject("Filtreler/Butonlar"), Filtre_Buton): Method.TextDegerineEsitElementeTikla is PASSED

2021-10-21 14:43:49 - [MESSAGE][INFO] - Finding Test Object 'Object Repository/Filtreler/Butonlar'

2021-10-21 14:43:49 - [MESSAGE][INFO] - Checking timeout

2021-10-21 14:43:49 - [MESSAGE][INFO] - Finding web element with id: 'Object Repository/Filtreler/Butonlar' located by 'By.cssSelector: .dxb>span' in '10' second(s)

2021-10-21 14:43:49 - [MESSAGE][INFO] - Smart Wait Function is triggered

2021-10-21 14:43:50 - [MESSAGE][INFO] - Found 3 web elements with id: 'Object Repository/Filtreler/Butonlar' located by 'By.cssSelector: .dxb>span' in '10' second(s)

2021-10-21 14:43:50 - [MESSAGE][PASSED] - Method.TextDegerineEsitElementeTikla is PASSED

2021-10-21 14:43:50 - [MESSAGE][PASSED] - Call Test Case 'Test Cases/Filtreler/ButonaTikla' successfully

2021-10-21 14:43:50 - [MESSAGE][INFO] - Checking called Test Case

2021-10-21 14:43:50 - [MESSAGE][INFO] - Starting to call Test Case 'Test Cases/Tablo/TablodaVeriVarMi'

2021-10-21 14:43:50 - [TEST_CASE][PASSED] - Test Cases/Tablo/TablodaVeriVarMi: Test Cases/Tablo/TablodaVeriVarMi

2021-10-21 14:43:50 - [TEST_STEP][PASSED] - verifyTextNotPresent("Görüntülenecek veri yok", true): Text 'Görüntülenecek veri yok' is not present on page using regular expression

2021-10-21 14:43:50 - [MESSAGE][INFO] - Checking text present  using regular expression

2021-10-21 14:43:50 - [MESSAGE][INFO] - Smart Wait Function is triggered

2021-10-21 14:43:51 - [MESSAGE][INFO] - Finding text 'Görüntülenecek veri yok' on page  using regular expression

2021-10-21 14:43:51 - [MESSAGE][PASSED] - Text 'Görüntülenecek veri yok' is not present on page using regular expression

2021-10-21 14:43:51 - [MESSAGE][PASSED] - Call Test Case 'Test Cases/Tablo/TablodaVeriVarMi' successfully

2021-10-21 14:43:51 - [MESSAGE][INFO] - Checking called Test Case

2021-10-21 14:43:51 - [MESSAGE][INFO] - Starting to call Test Case 'Test Cases/Tablo/TablodaVeriBasariliMiSmm'

2021-10-21 14:43:51 - [TEST_CASE][PASSED] - Test Cases/Tablo/TablodaVeriBasariliMiSmm: Test Cases/Tablo/TablodaVeriBasariliMiSmm

2021-10-21 14:43:51 - [TEST_STEP][PASSED] - sayac = 80: null

2021-10-21 14:43:51 - [TEST_STEP][PASSED] - while (verifyElementText(findTestObject("Tablo/DurumBilgisiSmm"), "Henüz Sonuçlanmadı", OPTIONAL)): Actual text 'Başarılı' and expected text 'Henüz Sonuçlanmadı' of test object 'Object Repository/Tablo/DurumBilgisiSmm' are NOT matched. (Root cause: com.kms.katalon.core.exception.StepFailedException: Actual text 'Başarılı' and expected text 'Henüz Sonuçlanmadı' of test object 'Object Repository/Tablo/DurumBilgisiSmm' are NOT matched.
	at com.kms.katalon.core.webui.keyword.internal.WebUIKeywordMain.stepFailed(WebUIKeywordMain.groovy:64)
	at com.kms.katalon.core.webui.keyword.builtin.VerifyElementTextKeyword$_verifyElementText_closure1.doCall(VerifyElementTextKeyword.groovy:57)
	at com.kms.katalon.core.webui.keyword.builtin.VerifyElementTextKeyword$_verifyElementText_closure1.call(VerifyElementTextKeyword.groovy)
	at com.kms.katalon.core.webui.keyword.internal.WebUIKeywordMain.runKeyword(WebUIKeywordMain.groovy:20)
	at com.kms.katalon.core.webui.keyword.builtin.VerifyElementTextKeyword.verifyElementText(VerifyElementTextKeyword.groovy:72)
	at com.kms.katalon.core.webui.keyword.builtin.VerifyElementTextKeyword.execute(VerifyElementTextKeyword.groovy:40)
	at com.kms.katalon.core.keyword.internal.KeywordExecutor.executeKeywordForPlatform(KeywordExecutor.groovy:73)
	at com.kms.katalon.core.webui.keyword.WebUiBuiltInKeywords.verifyElementText(WebUiBuiltInKeywords.groovy:4733)
	at com.kms.katalon.core.webui.keyword.WebUiBuiltInKeywords$verifyElementText$20.call(Unknown Source)
	at TablodaVeriBasariliMiSmm.run(TablodaVeriBasariliMiSmm:22)
	at com.kms.katalon.core.main.ScriptEngine.run(ScriptEngine.java:194)
	at com.kms.katalon.core.main.ScriptEngine.runScriptAsRawText(ScriptEngine.java:119)
	at com.kms.katalon.core.main.TestCaseExecutor.runScript(TestCaseExecutor.java:369)
	at com.kms.katalon.core.main.TestCaseExecutor.doExecute(TestCaseExecutor.java:360)
	at com.kms.katalon.core.main.TestCaseExecutor.processExecutionPhase(TestCaseExecutor.java:339)
	at com.kms.katalon.core.main.TestCaseExecutor.accessMainPhase(TestCaseExecutor.java:331)
	at com.kms.katalon.core.main.TestCaseExecutor.execute(TestCaseExecutor.java:248)
	at com.kms.katalon.core.main.TestCaseMain.runTestCase(TestCaseMain.java:138)
	at com.kms.katalon.core.keyword.builtin.CallTestCaseKeyword$_callTestCase_closure1.doCall(CallTestCaseKeyword.groovy:59)
	at com.kms.katalon.core.keyword.builtin.CallTestCaseKeyword$_callTestCase_closure1.call(CallTestCaseKeyword.groovy)
	at com.kms.katalon.core.keyword.internal.KeywordMain.runKeyword(KeywordMain.groovy:68)
	at com.kms.katalon.core.keyword.builtin.CallTestCaseKeyword.callTestCase(CallTestCaseKeyword.groovy:81)
	at com.kms.katalon.core.keyword.builtin.CallTestCaseKeyword.execute(CallTestCaseKeyword.groovy:44)
	at com.kms.katalon.core.keyword.internal.KeywordExecutor.executeKeywordForPlatform(KeywordExecutor.groovy:73)
	at com.kms.katalon.core.keyword.BuiltinKeywords.callTestCase(BuiltinKeywords.groovy:334)
	at tablo.tablo.tablodaVeriBasariliMiSmm(tablo.groovy:105)
	at cucumber.runtime.Utils$1.call(Utils.java:26)
	at cucumber.runtime.Timeout.timeout(Timeout.java:16)
	at cucumber.runtime.Utils.invoke(Utils.java:20)
	at cucumber.runtime.java.JavaStepDefinition.execute(JavaStepDefinition.java:49)
	at cucumber.runner.PickleStepDefinitionMatch.runStep(PickleStepDefinitionMatch.java:50)
	at cucumber.runner.TestStep.executeStep(TestStep.java:63)
	at cucumber.runner.TestStep.run(TestStep.java:49)
	at cucumber.runner.PickleStepTestStep.run(PickleStepTestStep.java:43)
	at cucumber.runner.TestCase.run(TestCase.java:44)
	at cucumber.runner.Runner.runPickle(Runner.java:40)
	at cucumber.runtime.Runtime$1.run(Runtime.java:84)
	at cucumber.runtime.Runtime$SameThreadExecutorService.execute(Runtime.java:220)
	at cucumber.runtime.Runtime.run(Runtime.java:81)
	at cucumber.api.cli.Main.run(Main.java:26)
	at cucumber.api.cli.Main$run.call(Unknown Source)
	at com.kms.katalon.core.cucumber.keyword.CucumberBuiltinKeywords$_runFeatureFile_closure1.doCall(CucumberBuiltinKeywords.groovy:106)
	at com.kms.katalon.core.cucumber.keyword.CucumberBuiltinKeywords$_runFeatureFile_closure1.doCall(CucumberBuiltinKeywords.groovy)
	at com.kms.katalon.core.keyword.internal.KeywordMain.runKeyword(KeywordMain.groovy:68)
	at com.kms.katalon.core.keyword.internal.KeywordMain$runKeyword.call(Unknown Source)
	at com.kms.katalon.core.cucumber.keyword.CucumberBuiltinKeywords.runFeatureFile(CucumberBuiltinKeywords.groovy:73)
	at com.kms.katalon.core.cucumber.keyword.CucumberBuiltinKeywords$runFeatureFile$0.callStatic(Unknown Source)
	at com.kms.katalon.core.cucumber.keyword.CucumberBuiltinKeywords.runFeatureFile(CucumberBuiltinKeywords.groovy:246)
	at com.kms.katalon.core.cucumber.keyword.CucumberBuiltinKeywords$runFeatureFile.call(Unknown Source)
	at VKN-e-Serbest Meslek Makbuzu-Elektronik.run(VKN-e-Serbest Meslek Makbuzu-Elektronik:19)
	at com.kms.katalon.core.main.ScriptEngine.run(ScriptEngine.java:194)
	at com.kms.katalon.core.main.ScriptEngine.runScriptAsRawText(ScriptEngine.java:119)
	at com.kms.katalon.core.main.TestCaseExecutor.runScript(TestCaseExecutor.java:369)
	at com.kms.katalon.core.main.TestCaseExecutor.doExecute(TestCaseExecutor.java:360)
	at com.kms.katalon.core.main.TestCaseExecutor.processExecutionPhase(TestCaseExecutor.java:339)
	at com.kms.katalon.core.main.TestCaseExecutor.accessMainPhase(TestCaseExecutor.java:331)
	at com.kms.katalon.core.main.TestCaseExecutor.execute(TestCaseExecutor.java:248)
	at com.kms.katalon.core.main.TestSuiteExecutor.accessTestCaseMainPhase(TestSuiteExecutor.java:191)
	at com.kms.katalon.core.main.TestSuiteExecutor.accessTestSuiteMainPhase(TestSuiteExecutor.java:140)
	at com.kms.katalon.core.main.TestSuiteExecutor.execute(TestSuiteExecutor.java:89)
	at com.kms.katalon.core.main.TestCaseMain.startTestSuite(TestCaseMain.java:181)
	at com.kms.katalon.core.main.TestCaseMain$startTestSuite$0.call(Unknown Source)
	at TempTestSuite1634814289741.run(TempTestSuite1634814289741.groovy:39)
)

2021-10-21 14:43:51 - [MESSAGE][INFO] - Finding Test Object 'Object Repository/Tablo/DurumBilgisiSmm'

2021-10-21 14:43:51 - [MESSAGE][INFO] - Checking object

2021-10-21 14:43:51 - [MESSAGE][INFO] - Finding web element from Test Object's properties

2021-10-21 14:43:51 - [MESSAGE][INFO] - Checking timeout

2021-10-21 14:43:51 - [MESSAGE][INFO] - Finding web element with id: 'Object Repository/Tablo/DurumBilgisiSmm' located by 'By.xpath: //*[@id = 'GridViewSEReceipt_tccell0_10']' in '30' second(s)

2021-10-21 14:43:51 - [MESSAGE][INFO] - Smart Wait Function is triggered

2021-10-21 14:43:52 - [MESSAGE][INFO] - Found 1 web elements with id: 'Object Repository/Tablo/DurumBilgisiSmm' located by 'By.xpath: //*[@id = 'GridViewSEReceipt_tccell0_10']' in '30' second(s)

2021-10-21 14:43:52 - [MESSAGE][WARNING] - Actual text 'Başarılı' and expected text 'Henüz Sonuçlanmadı' of test object 'Object Repository/Tablo/DurumBilgisiSmm' are NOT matched. (Root cause: com.kms.katalon.core.exception.StepFailedException: Actual text 'Başarılı' and expected text 'Henüz Sonuçlanmadı' of test object 'Object Repository/Tablo/DurumBilgisiSmm' are NOT matched.
	at com.kms.katalon.core.webui.keyword.internal.WebUIKeywordMain.stepFailed(WebUIKeywordMain.groovy:64)
	at com.kms.katalon.core.webui.keyword.builtin.VerifyElementTextKeyword$_verifyElementText_closure1.doCall(VerifyElementTextKeyword.groovy:57)
	at com.kms.katalon.core.webui.keyword.builtin.VerifyElementTextKeyword$_verifyElementText_closure1.call(VerifyElementTextKeyword.groovy)
	at com.kms.katalon.core.webui.keyword.internal.WebUIKeywordMain.runKeyword(WebUIKeywordMain.groovy:20)
	at com.kms.katalon.core.webui.keyword.builtin.VerifyElementTextKeyword.verifyElementText(VerifyElementTextKeyword.groovy:72)
	at com.kms.katalon.core.webui.keyword.builtin.VerifyElementTextKeyword.execute(VerifyElementTextKeyword.groovy:40)
	at com.kms.katalon.core.keyword.internal.KeywordExecutor.executeKeywordForPlatform(KeywordExecutor.groovy:73)
	at com.kms.katalon.core.webui.keyword.WebUiBuiltInKeywords.verifyElementText(WebUiBuiltInKeywords.groovy:4733)
	at com.kms.katalon.core.webui.keyword.WebUiBuiltInKeywords$verifyElementText$20.call(Unknown Source)
	at TablodaVeriBasariliMiSmm.run(TablodaVeriBasariliMiSmm:22)
	at com.kms.katalon.core.main.ScriptEngine.run(ScriptEngine.java:194)
	at com.kms.katalon.core.main.ScriptEngine.runScriptAsRawText(ScriptEngine.java:119)
	at com.kms.katalon.core.main.TestCaseExecutor.runScript(TestCaseExecutor.java:369)
	at com.kms.katalon.core.main.TestCaseExecutor.doExecute(TestCaseExecutor.java:360)
	at com.kms.katalon.core.main.TestCaseExecutor.processExecutionPhase(TestCaseExecutor.java:339)
	at com.kms.katalon.core.main.TestCaseExecutor.accessMainPhase(TestCaseExecutor.java:331)
	at com.kms.katalon.core.main.TestCaseExecutor.execute(TestCaseExecutor.java:248)
	at com.kms.katalon.core.main.TestCaseMain.runTestCase(TestCaseMain.java:138)
	at com.kms.katalon.core.keyword.builtin.CallTestCaseKeyword$_callTestCase_closure1.doCall(CallTestCaseKeyword.groovy:59)
	at com.kms.katalon.core.keyword.builtin.CallTestCaseKeyword$_callTestCase_closure1.call(CallTestCaseKeyword.groovy)
	at com.kms.katalon.core.keyword.internal.KeywordMain.runKeyword(KeywordMain.groovy:68)
	at com.kms.katalon.core.keyword.builtin.CallTestCaseKeyword.callTestCase(CallTestCaseKeyword.groovy:81)
	at com.kms.katalon.core.keyword.builtin.CallTestCaseKeyword.execute(CallTestCaseKeyword.groovy:44)
	at com.kms.katalon.core.keyword.internal.KeywordExecutor.executeKeywordForPlatform(KeywordExecutor.groovy:73)
	at com.kms.katalon.core.keyword.BuiltinKeywords.callTestCase(BuiltinKeywords.groovy:334)
	at tablo.tablo.tablodaVeriBasariliMiSmm(tablo.groovy:105)
	at cucumber.runtime.Utils$1.call(Utils.java:26)
	at cucumber.runtime.Timeout.timeout(Timeout.java:16)
	at cucumber.runtime.Utils.invoke(Utils.java:20)
	at cucumber.runtime.java.JavaStepDefinition.execute(JavaStepDefinition.java:49)
	at cucumber.runner.PickleStepDefinitionMatch.runStep(PickleStepDefinitionMatch.java:50)
	at cucumber.runner.TestStep.executeStep(TestStep.java:63)
	at cucumber.runner.TestStep.run(TestStep.java:49)
	at cucumber.runner.PickleStepTestStep.run(PickleStepTestStep.java:43)
	at cucumber.runner.TestCase.run(TestCase.java:44)
	at cucumber.runner.Runner.runPickle(Runner.java:40)
	at cucumber.runtime.Runtime$1.run(Runtime.java:84)
	at cucumber.runtime.Runtime$SameThreadExecutorService.execute(Runtime.java:220)
	at cucumber.runtime.Runtime.run(Runtime.java:81)
	at cucumber.api.cli.Main.run(Main.java:26)
	at cucumber.api.cli.Main$run.call(Unknown Source)
	at com.kms.katalon.core.cucumber.keyword.CucumberBuiltinKeywords$_runFeatureFile_closure1.doCall(CucumberBuiltinKeywords.groovy:106)
	at com.kms.katalon.core.cucumber.keyword.CucumberBuiltinKeywords$_runFeatureFile_closure1.doCall(CucumberBuiltinKeywords.groovy)
	at com.kms.katalon.core.keyword.internal.KeywordMain.runKeyword(KeywordMain.groovy:68)
	at com.kms.katalon.core.keyword.internal.KeywordMain$runKeyword.call(Unknown Source)
	at com.kms.katalon.core.cucumber.keyword.CucumberBuiltinKeywords.runFeatureFile(CucumberBuiltinKeywords.groovy:73)
	at com.kms.katalon.core.cucumber.keyword.CucumberBuiltinKeywords$runFeatureFile$0.callStatic(Unknown Source)
	at com.kms.katalon.core.cucumber.keyword.CucumberBuiltinKeywords.runFeatureFile(CucumberBuiltinKeywords.groovy:246)
	at com.kms.katalon.core.cucumber.keyword.CucumberBuiltinKeywords$runFeatureFile.call(Unknown Source)
	at VKN-e-Serbest Meslek Makbuzu-Elektronik.run(VKN-e-Serbest Meslek Makbuzu-Elektronik:19)
	at com.kms.katalon.core.main.ScriptEngine.run(ScriptEngine.java:194)
	at com.kms.katalon.core.main.ScriptEngine.runScriptAsRawText(ScriptEngine.java:119)
	at com.kms.katalon.core.main.TestCaseExecutor.runScript(TestCaseExecutor.java:369)
	at com.kms.katalon.core.main.TestCaseExecutor.doExecute(TestCaseExecutor.java:360)
	at com.kms.katalon.core.main.TestCaseExecutor.processExecutionPhase(TestCaseExecutor.java:339)
	at com.kms.katalon.core.main.TestCaseExecutor.accessMainPhase(TestCaseExecutor.java:331)
	at com.kms.katalon.core.main.TestCaseExecutor.execute(TestCaseExecutor.java:248)
	at com.kms.katalon.core.main.TestSuiteExecutor.accessTestCaseMainPhase(TestSuiteExecutor.java:191)
	at com.kms.katalon.core.main.TestSuiteExecutor.accessTestSuiteMainPhase(TestSuiteExecutor.java:140)
	at com.kms.katalon.core.main.TestSuiteExecutor.execute(TestSuiteExecutor.java:89)
	at com.kms.katalon.core.main.TestCaseMain.startTestSuite(TestCaseMain.java:181)
	at com.kms.katalon.core.main.TestCaseMain$startTestSuite$0.call(Unknown Source)
	at TempTestSuite1634814289741.run(TempTestSuite1634814289741.groovy:39)
)

2021-10-21 14:43:52 - [TEST_STEP][PASSED] - Method.TextDegerineEsitElementVarMi(findTestObject("Tablo/DurumBilgisiSmm"), "Başarılı"): Method.TextDegerineEsitElementVarMi is PASSED

2021-10-21 14:43:52 - [MESSAGE][INFO] - Finding Test Object 'Object Repository/Tablo/DurumBilgisiSmm'

2021-10-21 14:43:52 - [MESSAGE][INFO] - Checking timeout

2021-10-21 14:43:52 - [MESSAGE][INFO] - Finding web element with id: 'Object Repository/Tablo/DurumBilgisiSmm' located by 'By.xpath: //*[@id = 'GridViewSEReceipt_tccell0_10']' in '10' second(s)

2021-10-21 14:43:52 - [MESSAGE][INFO] - Smart Wait Function is triggered

2021-10-21 14:43:52 - [MESSAGE][INFO] - Found 1 web elements with id: 'Object Repository/Tablo/DurumBilgisiSmm' located by 'By.xpath: //*[@id = 'GridViewSEReceipt_tccell0_10']' in '10' second(s)

2021-10-21 14:43:52 - [MESSAGE][PASSED] - Method.TextDegerineEsitElementVarMi is PASSED

2021-10-21 14:43:52 - [MESSAGE][PASSED] - Call Test Case 'Test Cases/Tablo/TablodaVeriBasariliMiSmm' successfully

2021-10-21 14:43:52 - [MESSAGE][INFO] - Checking called Test Case

2021-10-21 14:43:52 - [MESSAGE][INFO] - Starting to call Test Case 'Test Cases/Kullanici_Islemleri/KullaniciIslemlerindenSecimYapilir'

2021-10-21 14:43:52 - [TEST_CASE][PASSED] - Test Cases/Kullanici_Islemleri/KullaniciIslemlerindenSecimYapilir: Test Cases/Kullanici_Islemleri/KullaniciIslemlerindenSecimYapilir

2021-10-21 14:43:52 - [TEST_STEP][PASSED] - waitForElementClickable(findTestObject("Object Repository/Kullanici_Islemleri/KullaniciIslemleri"), 10): Object 'Object Repository/Kullanici_Islemleri/KullaniciIslemleri' is clickable

2021-10-21 14:43:52 - [MESSAGE][INFO] - Finding Test Object 'Object Repository/Kullanici_Islemleri/KullaniciIslemleri'

2021-10-21 14:43:52 - [MESSAGE][INFO] - Checking object

2021-10-21 14:43:52 - [MESSAGE][INFO] - Checking timeout

2021-10-21 14:43:52 - [MESSAGE][INFO] - Finding web element from Test Object's properties

2021-10-21 14:43:52 - [MESSAGE][INFO] - Checking timeout

2021-10-21 14:43:52 - [MESSAGE][INFO] - Finding web element with id: 'Object Repository/Kullanici_Islemleri/KullaniciIslemleri' located by 'By.cssSelector: .dropdown>a>img' in '10' second(s)

2021-10-21 14:43:52 - [MESSAGE][INFO] - Smart Wait Function is triggered

2021-10-21 14:43:52 - [MESSAGE][INFO] - Found 1 web elements with id: 'Object Repository/Kullanici_Islemleri/KullaniciIslemleri' located by 'By.cssSelector: .dropdown>a>img' in '10' second(s)

2021-10-21 14:43:52 - [MESSAGE][PASSED] - Object 'Object Repository/Kullanici_Islemleri/KullaniciIslemleri' is clickable

2021-10-21 14:43:52 - [TEST_STEP][PASSED] - click(findTestObject("Object Repository/Kullanici_Islemleri/KullaniciIslemleri")): Object: 'Object Repository/Kullanici_Islemleri/KullaniciIslemleri' is clicked on

2021-10-21 14:43:52 - [MESSAGE][INFO] - Finding Test Object 'Object Repository/Kullanici_Islemleri/KullaniciIslemleri'

2021-10-21 14:43:53 - [MESSAGE][INFO] - Checking object

2021-10-21 14:43:53 - [MESSAGE][INFO] - Finding web element from Test Object's properties

2021-10-21 14:43:53 - [MESSAGE][INFO] - Checking timeout

2021-10-21 14:43:53 - [MESSAGE][INFO] - Finding web element with id: 'Object Repository/Kullanici_Islemleri/KullaniciIslemleri' located by 'By.cssSelector: .dropdown>a>img' in '30' second(s)

2021-10-21 14:43:53 - [MESSAGE][INFO] - Smart Wait Function is triggered

2021-10-21 14:43:53 - [MESSAGE][INFO] - Found 1 web elements with id: 'Object Repository/Kullanici_Islemleri/KullaniciIslemleri' located by 'By.cssSelector: .dropdown>a>img' in '30' second(s)

2021-10-21 14:43:53 - [MESSAGE][INFO] - Clicking on object: 'Object Repository/Kullanici_Islemleri/KullaniciIslemleri'

2021-10-21 14:43:53 - [MESSAGE][PASSED] - Object: 'Object Repository/Kullanici_Islemleri/KullaniciIslemleri' is clicked on

2021-10-21 14:43:53 - [TEST_STEP][PASSED] - Method.TextDegerineEsitElementeTikla(findTestObject("Object Repository/Kullanici_Islemleri/Secenekler"), Islem): Method.TextDegerineEsitElementeTikla is PASSED

2021-10-21 14:43:53 - [MESSAGE][INFO] - Finding Test Object 'Object Repository/Kullanici_Islemleri/Secenekler'

2021-10-21 14:43:53 - [MESSAGE][INFO] - Checking timeout

2021-10-21 14:43:53 - [MESSAGE][INFO] - Finding web element with id: 'Object Repository/Kullanici_Islemleri/Secenekler' located by 'By.cssSelector: .nav.navbar-nav.navbar-right li a' in '10' second(s)

2021-10-21 14:43:53 - [MESSAGE][INFO] - Smart Wait Function is triggered

2021-10-21 14:43:53 - [MESSAGE][INFO] - Found 22 web elements with id: 'Object Repository/Kullanici_Islemleri/Secenekler' located by 'By.cssSelector: .nav.navbar-nav.navbar-right li a' in '10' second(s)

2021-10-21 14:43:55 - [MESSAGE][PASSED] - Method.TextDegerineEsitElementeTikla is PASSED

2021-10-21 14:43:55 - [TEST_STEP][PASSED] - verifyElementNotPresent(findTestObject("Object Repository/Kullanici_Islemleri/Secenekler"), 10): Web element with id: 'Object Repository/Kullanici_Islemleri/Secenekler' located by 'By.cssSelector: .nav.navbar-nav.navbar-right li a' is not present after '10' second(s)

2021-10-21 14:43:55 - [MESSAGE][INFO] - Finding Test Object 'Object Repository/Kullanici_Islemleri/Secenekler'

2021-10-21 14:43:55 - [MESSAGE][INFO] - Checking object

2021-10-21 14:43:55 - [MESSAGE][INFO] - Checking timeout

2021-10-21 14:43:55 - [MESSAGE][INFO] - Finding web element with id: 'Object Repository/Kullanici_Islemleri/Secenekler' located by 'By.cssSelector: .nav.navbar-nav.navbar-right li a' in '10' second(s)

2021-10-21 14:43:55 - [MESSAGE][INFO] - Smart Wait Function is triggered

2021-10-21 14:43:55 - [MESSAGE][PASSED] - Web element with id: 'Object Repository/Kullanici_Islemleri/Secenekler' located by 'By.cssSelector: .nav.navbar-nav.navbar-right li a' is not present after '10' second(s)

2021-10-21 14:43:55 - [MESSAGE][PASSED] - Call Test Case 'Test Cases/Kullanici_Islemleri/KullaniciIslemlerindenSecimYapilir' successfully

2021-10-21 14:43:55 - [TEST_CASE][PASSED] - Start Test Case : SCENARIO VKN ile e-Serbest Meslek Makbuzu Olusturulmasi ve Excele aktarilmasi: SCENARIO VKN ile e-Serbest Meslek Makbuzu Olusturulmasi ve Excele aktarilmasi

2021-10-21 14:43:55 - [TEST_STEP][PASSED] - Giriş yapılır: Giriş yapılır

2021-10-21 14:43:55 - [MESSAGE][PASSED] - Giriş yapılır

2021-10-21 14:43:55 - [TEST_STEP][PASSED] - Ana menüden e-Makbuz seçilir: Ana menüden e-Makbuz seçilir

2021-10-21 14:43:55 - [MESSAGE][PASSED] - Ana menüden e-Makbuz seçilir

2021-10-21 14:43:55 - [TEST_STEP][PASSED] - Alt menü e-Serbest Meslek Uygulaması başlığı altındaki e-Serbest Meslek Makbuzu Oluşturma seçilir: Alt menü e-Serbest Meslek Uygulaması başlığı altındaki e-Serbest Meslek Makbuzu Oluşturma seçilir

2021-10-21 14:43:55 - [MESSAGE][PASSED] - Alt menü e-Serbest Meslek Uygulaması başlığı altındaki e-Serbest Meslek Makbuzu Oluşturma seçilir

2021-10-21 14:43:55 - [TEST_STEP][PASSED] - Tablodaki tüm veriler silinir: Tablodaki tüm veriler silinir

2021-10-21 14:43:55 - [MESSAGE][PASSED] - Tablodaki tüm veriler silinir

2021-10-21 14:43:55 - [TEST_STEP][PASSED] - Butonlardan Ekle isimli butona tıklanır: Butonlardan Ekle isimli butona tıklanır

2021-10-21 14:43:55 - [MESSAGE][PASSED] - Butonlardan Ekle isimli butona tıklanır

2021-10-21 14:43:55 - [TEST_STEP][PASSED] - Görsel tasarım sayfasının Makbuz Bilgileri başlığını içerdiği kontrol edilir: Görsel tasarım sayfasının Makbuz Bilgileri başlığını içerdiği kontrol edilir

2021-10-21 14:43:55 - [MESSAGE][PASSED] - Görsel tasarım sayfasının Makbuz Bilgileri başlığını içerdiği kontrol edilir

2021-10-21 14:43:55 - [TEST_STEP][PASSED] - Alıcı adı alanına VirgosolSerbestMeslekVKN girilir: Alıcı adı alanına VirgosolSerbestMeslekVKN girilir

2021-10-21 14:43:55 - [MESSAGE][PASSED] - Alıcı adı alanına VirgosolSerbestMeslekVKN girilir

2021-10-21 14:43:55 - [TEST_STEP][PASSED] - Gönderim Şekli Elektronik olarak seçilir: Gönderim Şekli Elektronik olarak seçilir

2021-10-21 14:43:55 - [MESSAGE][PASSED] - Gönderim Şekli Elektronik olarak seçilir

2021-10-21 14:43:55 - [TEST_STEP][PASSED] - Döküman Para Birimi alanından Türk Lirası seçilir: Döküman Para Birimi alanından Türk Lirası seçilir

2021-10-21 14:43:55 - [MESSAGE][PASSED] - Döküman Para Birimi alanından Türk Lirası seçilir

2021-10-21 14:43:55 - [TEST_STEP][PASSED] - Tasarım alanından e-Serbest Meslek Makbuz Öndeger Sablon Tasarim.xslt- seçilir: Tasarım alanından e-Serbest Meslek Makbuz Öndeger Sablon Tasarim.xslt- seçilir

2021-10-21 14:43:55 - [MESSAGE][PASSED] - Tasarım alanından e-Serbest Meslek Makbuz Öndeger Sablon Tasarim.xslt- seçilir

2021-10-21 14:43:55 - [TEST_STEP][PASSED] - Ekle butonuna basılır: Ekle butonuna basılır

2021-10-21 14:43:55 - [MESSAGE][PASSED] - Ekle butonuna basılır

2021-10-21 14:43:55 - [TEST_STEP][PASSED] - Ürün ekleme alanında Ücretin Ne İçin Alındığı başlığına Otomasyon girilir: Ürün ekleme alanında Ücretin Ne İçin Alındığı başlığına Otomasyon girilir

2021-10-21 14:43:55 - [MESSAGE][PASSED] - Ürün ekleme alanında Ücretin Ne İçin Alındığı başlığına Otomasyon girilir

2021-10-21 14:43:55 - [TEST_STEP][PASSED] - Ürün ekleme alanında Brüt Ücret başlığına 400 girilir: Ürün ekleme alanında Brüt Ücret başlığına 400 girilir

2021-10-21 14:43:55 - [MESSAGE][PASSED] - Ürün ekleme alanında Brüt Ücret başlığına 400 girilir

2021-10-21 14:43:55 - [TEST_STEP][PASSED] - Ürün ekleme alanında G.V Stopaj Oranı% başlığına 10 girilir: Ürün ekleme alanında G.V Stopaj Oranı% başlığına 10 girilir

2021-10-21 14:43:55 - [MESSAGE][PASSED] - Ürün ekleme alanında G.V Stopaj Oranı% başlığına 10 girilir

2021-10-21 14:43:55 - [TEST_STEP][PASSED] - Notlar alanına Otomasyon Not girilir: Notlar alanına Otomasyon Not girilir

2021-10-21 14:43:55 - [MESSAGE][PASSED] - Notlar alanına Otomasyon Not girilir

2021-10-21 14:43:55 - [TEST_STEP][PASSED] - Ettn bilgisi kayıt edilir: Ettn bilgisi kayıt edilir

2021-10-21 14:43:55 - [MESSAGE][PASSED] - Ettn bilgisi kayıt edilir

2021-10-21 14:43:55 - [TEST_STEP][PASSED] - Kaydet butonu seçilir: Kaydet butonu seçilir

2021-10-21 14:43:55 - [MESSAGE][PASSED] - Kaydet butonu seçilir

2021-10-21 14:43:55 - [TEST_STEP][PASSED] - Tabloda Ettn bilgisi kaydedilen veri oluşturuldu mu: Tabloda Ettn bilgisi kaydedilen veri oluşturuldu mu

2021-10-21 14:43:55 - [MESSAGE][PASSED] - Tabloda Ettn bilgisi kaydedilen veri oluşturuldu mu

2021-10-21 14:43:55 - [TEST_STEP][PASSED] - Tablodan Ettn bilgisi kaydedilen veri seçilir: Tablodan Ettn bilgisi kaydedilen veri seçilir

2021-10-21 14:43:55 - [MESSAGE][PASSED] - Tablodan Ettn bilgisi kaydedilen veri seçilir

2021-10-21 14:43:55 - [TEST_STEP][PASSED] - Butonlardan Numara Oluştur isimli butona tıklanır: Butonlardan Numara Oluştur isimli butona tıklanır

2021-10-21 14:43:55 - [MESSAGE][PASSED] - Butonlardan Numara Oluştur isimli butona tıklanır

2021-10-21 14:43:55 - [TEST_STEP][PASSED] - Popup mesajı Devam etmek istiyor musunuz içeriyor mu: Popup mesajı Devam etmek istiyor musunuz içeriyor mu

2021-10-21 14:43:55 - [MESSAGE][PASSED] - Popup mesajı Devam etmek istiyor musunuz içeriyor mu

2021-10-21 14:43:55 - [TEST_STEP][PASSED] - Yönetim popupında Evet seçilir: Yönetim popupında Evet seçilir

2021-10-21 14:43:55 - [MESSAGE][PASSED] - Yönetim popupında Evet seçilir

2021-10-21 14:43:55 - [TEST_STEP][PASSED] - Popup mesajı oluşmuştur içeriyor mu: Popup mesajı oluşmuştur içeriyor mu

2021-10-21 14:43:55 - [MESSAGE][PASSED] - Popup mesajı oluşmuştur içeriyor mu

2021-10-21 14:43:55 - [TEST_STEP][PASSED] - Yönetim popupında Tamam seçilir: Yönetim popupında Tamam seçilir

2021-10-21 14:43:55 - [MESSAGE][PASSED] - Yönetim popupında Tamam seçilir

2021-10-21 14:43:55 - [TEST_STEP][PASSED] - Tablodan Ettn bilgisi kaydedilen veri seçilir: Tablodan Ettn bilgisi kaydedilen veri seçilir

2021-10-21 14:43:55 - [MESSAGE][PASSED] - Tablodan Ettn bilgisi kaydedilen veri seçilir

2021-10-21 14:43:55 - [TEST_STEP][PASSED] - Butonlardan Gönder isimli butona tıklanır: Butonlardan Gönder isimli butona tıklanır

2021-10-21 14:43:55 - [MESSAGE][PASSED] - Butonlardan Gönder isimli butona tıklanır

2021-10-21 14:43:55 - [TEST_STEP][PASSED] - Popup mesajı Devam etmek istiyor musunuz içeriyor mu: Popup mesajı Devam etmek istiyor musunuz içeriyor mu

2021-10-21 14:43:55 - [MESSAGE][PASSED] - Popup mesajı Devam etmek istiyor musunuz içeriyor mu

2021-10-21 14:43:55 - [TEST_STEP][PASSED] - Yönetim popupında Evet seçilir: Yönetim popupında Evet seçilir

2021-10-21 14:43:55 - [MESSAGE][PASSED] - Yönetim popupında Evet seçilir

2021-10-21 14:43:55 - [TEST_STEP][PASSED] - Ana menüden e-Makbuz seçilir: Ana menüden e-Makbuz seçilir

2021-10-21 14:43:55 - [MESSAGE][PASSED] - Ana menüden e-Makbuz seçilir

2021-10-21 14:43:55 - [TEST_STEP][PASSED] - Alt menü e-Serbest Meslek Uygulaması başlığı altındaki e-Serbest Meslek Makbuzları seçilir: Alt menü e-Serbest Meslek Uygulaması başlığı altındaki e-Serbest Meslek Makbuzları seçilir

2021-10-21 14:43:55 - [MESSAGE][PASSED] - Alt menü e-Serbest Meslek Uygulaması başlığı altındaki e-Serbest Meslek Makbuzları seçilir

2021-10-21 14:43:55 - [TEST_STEP][PASSED] - Filtrelerden Ettn filtresine Ettn bilgisi yaz: Filtrelerden Ettn filtresine Ettn bilgisi yaz

2021-10-21 14:43:55 - [MESSAGE][PASSED] - Filtrelerden Ettn filtresine Ettn bilgisi yaz

2021-10-21 14:43:55 - [TEST_STEP][PASSED] - Filtre butonlarından Listele seçilir: Filtre butonlarından Listele seçilir

2021-10-21 14:43:55 - [MESSAGE][PASSED] - Filtre butonlarından Listele seçilir

2021-10-21 14:43:55 - [TEST_STEP][PASSED] - Tabloda veri var mı kontrol edilir: Tabloda veri var mı kontrol edilir

2021-10-21 14:43:55 - [MESSAGE][PASSED] - Tabloda veri var mı kontrol edilir

2021-10-21 14:43:55 - [TEST_STEP][PASSED] - Tabloda yeni oluşturulan smm verisi başarılı mı: Tabloda yeni oluşturulan smm verisi başarılı mı

2021-10-21 14:43:55 - [MESSAGE][PASSED] - Tabloda yeni oluşturulan smm verisi başarılı mı

2021-10-21 14:43:55 - [TEST_STEP][PASSED] - Kullanıcı işlemlerinden Çıkış seçilir: Kullanıcı işlemlerinden Çıkış seçilir

2021-10-21 14:43:55 - [MESSAGE][PASSED] - Kullanıcı işlemlerinden Çıkış seçilir

2021-10-21 14:43:55 - [MESSAGE][PASSED] - Feature file: 'Include/features/Regresyon/e-Serbest Meslek Makbuzu/VKN-e-Serbest Meslek Makbuzu-Elektronik.feature' was passed

2021-10-21 14:43:55 - [TEST_STEP][PASSED] - Start listener action : sampleAfterTestSuite: Invoke 'com.kms.katalon.core.annotation.AfterTestCase' method: 'Listener.sampleAfterTestSuite(...)' completed.

2021-10-21 14:43:55 - [MESSAGE][INFO] - Starting invoke 'com.kms.katalon.core.annotation.AfterTestCase' method: 'Listener.sampleAfterTestSuite(...)'

2021-10-21 14:43:55 - [TEST_STEP][PASSED] - closeBrowser(): Invoke 'com.kms.katalon.core.annotation.AfterTestCase' method: 'Listener.sampleAfterTestSuite(...)' completed.

2021-10-21 14:43:55 - [MESSAGE][INFO] - Closing browser

2021-10-21 14:43:56 - [MESSAGE][PASSED] - Browser is closed

2021-10-21 14:43:56 - [MESSAGE][INFO] - Invoke 'com.kms.katalon.core.annotation.AfterTestCase' method: 'Listener.sampleAfterTestSuite(...)' completed.]]></system-out>
         <system-err><![CDATA[]]></system-err>
      </testcase>
      <testcase name="Test Cases/Case Repository/Regresyon/e-Serbest Meslek Makbuzu/VKN-e-Serbest Meslek Makbuzu-Kagit" time="84.45" classname="Test Cases/Case Repository/Regresyon/e-Serbest Meslek Makbuzu/VKN-e-Serbest Meslek Makbuzu-Kagit" status="PASSED">
         <system-out><![CDATA[2021-10-21 14:43:56 - [TEST_CASE][PASSED] - Test Cases/Case Repository/Regresyon/e-Serbest Meslek Makbuzu/VKN-e-Serbest Meslek Makbuzu-Kagit: Test Cases/Case Repository/Regresyon/e-Serbest Meslek Makbuzu/VKN-e-Serbest Meslek Makbuzu-Kagit

2021-10-21 14:43:56 - [TEST_STEP][PASSED] - Start listener action : sampleBeforeTestSuite: Invoke 'com.kms.katalon.core.annotation.BeforeTestCase' method: 'Listener.sampleBeforeTestSuite(...)' completed.

2021-10-21 14:43:56 - [MESSAGE][INFO] - Starting invoke 'com.kms.katalon.core.annotation.BeforeTestCase' method: 'Listener.sampleBeforeTestSuite(...)'

2021-10-21 14:43:56 - [TEST_STEP][PASSED] - openBrowser(baseUrl): Browser is opened with url: 'https://efatura-stage.elogo.com.tr/'

2021-10-21 14:43:56 - [MESSAGE][INFO] - Opening browser

2021-10-21 14:43:56 - [MESSAGE][INFO] - Starting 'Chrome' driver

2021-10-21 14:43:56 - [MESSAGE][INFO] - User set preference: ['prefs', '{download.default_directory=C:\otomasyondownfiles}']

2021-10-21 14:43:56 - [MESSAGE][INFO] - Action delay is set to 0 milliseconds

2021-10-21 14:43:57 - [MESSAGE][INFO] - Navigating browser to: 'https://efatura-stage.elogo.com.tr/'

2021-10-21 14:44:00 - [MESSAGE][PASSED] - Browser is opened with url: 'https://efatura-stage.elogo.com.tr/'

2021-10-21 14:44:00 - [TEST_STEP][PASSED] - maximizeWindow(): Invoke 'com.kms.katalon.core.annotation.BeforeTestCase' method: 'Listener.sampleBeforeTestSuite(...)' completed.

2021-10-21 14:44:00 - [MESSAGE][INFO] - Maximizing current window

2021-10-21 14:44:00 - [MESSAGE][PASSED] - Current window maximized

2021-10-21 14:44:00 - [MESSAGE][INFO] - Invoke 'com.kms.katalon.core.annotation.BeforeTestCase' method: 'Listener.sampleBeforeTestSuite(...)' completed.

2021-10-21 14:44:01 - [TEST_STEP][PASSED] - runFeatureFile("Include/features/Regresyon/e-Serbest Meslek Makbuzu/VKN-e-Serbest Meslek Makbuzu-Kagit.feature"): Feature file: 'Include/features/Regresyon/e-Serbest Meslek Makbuzu/VKN-e-Serbest Meslek Makbuzu-Kagit.feature' was passed

2021-10-21 14:44:01 - [MESSAGE][INFO] - Starting run keyword runFeatureFile: 'Include/features/Regresyon/e-Serbest Meslek Makbuzu/VKN-e-Serbest Meslek Makbuzu-Kagit.feature' and extract report to folder: 'C:\Users\DELL\Downloads\EES_Katalon-main\Reports\20211021_140437\Suite Repository\Regresyon-eArsiv-eMakbuz\20211021_140449/cucumber_report/1634816641208'...

2021-10-21 14:44:01 - [MESSAGE][INFO] - Glue: []

2021-10-21 14:44:02 - [MESSAGE][INFO] - Checking called Test Case

2021-10-21 14:44:02 - [MESSAGE][INFO] - Starting to call Test Case 'Test Cases/Sayfalar/Giris_Sayfasi/Login'

2021-10-21 14:44:02 - [TEST_CASE][PASSED] - Test Cases/Sayfalar/Giris_Sayfasi/Login: Test Cases/Sayfalar/Giris_Sayfasi/Login

2021-10-21 14:44:02 - [TEST_STEP][PASSED] - Sayfa_Basligi = getWindowTitle(): Current window's title is: 'LOGO e-Fatura'

2021-10-21 14:44:02 - [MESSAGE][INFO] - Getting current window's title

2021-10-21 14:44:02 - [MESSAGE][PASSED] - Current window's title is: 'LOGO e-Fatura'

2021-10-21 14:44:02 - [TEST_STEP][PASSED] - verifyMatch(Sayfa_Basligi, "LOGO e-Fatura", false): Actual text 'LOGO e-Fatura' and expected text 'LOGO e-Fatura' are matched 

2021-10-21 14:44:02 - [MESSAGE][INFO] - Matching actual text 'LOGO e-Fatura' with expected text 'LOGO e-Fatura'

2021-10-21 14:44:02 - [MESSAGE][PASSED] - Actual text 'LOGO e-Fatura' and expected text 'LOGO e-Fatura' are matched 

2021-10-21 14:44:02 - [TEST_STEP][PASSED] - sendKeys(findTestObject("Sayfalar/Giris_Sayfasi/Firma_Kodu"), KullaniciAdi): Keys 'ELOGOGIB' sent to object: 'Object Repository/Sayfalar/Giris_Sayfasi/Firma_Kodu'

2021-10-21 14:44:02 - [MESSAGE][INFO] - Finding Test Object 'Object Repository/Sayfalar/Giris_Sayfasi/Firma_Kodu'

2021-10-21 14:44:02 - [MESSAGE][INFO] - Sending keys 'ELOGOGIB' to object: 'Object Repository/Sayfalar/Giris_Sayfasi/Firma_Kodu'

2021-10-21 14:44:02 - [MESSAGE][INFO] - Finding web element from Test Object's properties

2021-10-21 14:44:02 - [MESSAGE][INFO] - Checking timeout

2021-10-21 14:44:02 - [MESSAGE][INFO] - Finding web element with id: 'Object Repository/Sayfalar/Giris_Sayfasi/Firma_Kodu' located by 'By.xpath: //*[@id = 'AccountName']' in '30' second(s)

2021-10-21 14:44:02 - [MESSAGE][INFO] - Smart Wait Function is triggered

2021-10-21 14:44:02 - [MESSAGE][INFO] - Found 1 web elements with id: 'Object Repository/Sayfalar/Giris_Sayfasi/Firma_Kodu' located by 'By.xpath: //*[@id = 'AccountName']' in '30' second(s)

2021-10-21 14:44:02 - [MESSAGE][PASSED] - Keys 'ELOGOGIB' sent to object: 'Object Repository/Sayfalar/Giris_Sayfasi/Firma_Kodu'

2021-10-21 14:44:02 - [TEST_STEP][PASSED] - sendKeys(findTestObject("Sayfalar/Giris_Sayfasi/Sifre"), Sifre): Keys '123456' sent to object: 'Object Repository/Sayfalar/Giris_Sayfasi/Sifre'

2021-10-21 14:44:02 - [MESSAGE][INFO] - Finding Test Object 'Object Repository/Sayfalar/Giris_Sayfasi/Sifre'

2021-10-21 14:44:02 - [MESSAGE][INFO] - Sending keys '123456' to object: 'Object Repository/Sayfalar/Giris_Sayfasi/Sifre'

2021-10-21 14:44:02 - [MESSAGE][INFO] - Finding web element from Test Object's properties

2021-10-21 14:44:02 - [MESSAGE][INFO] - Checking timeout

2021-10-21 14:44:02 - [MESSAGE][INFO] - Finding web element with id: 'Object Repository/Sayfalar/Giris_Sayfasi/Sifre' located by 'By.xpath: //*[@id = 'Password']' in '30' second(s)

2021-10-21 14:44:02 - [MESSAGE][INFO] - Smart Wait Function is triggered

2021-10-21 14:44:02 - [MESSAGE][INFO] - Found 1 web elements with id: 'Object Repository/Sayfalar/Giris_Sayfasi/Sifre' located by 'By.xpath: //*[@id = 'Password']' in '30' second(s)

2021-10-21 14:44:02 - [MESSAGE][PASSED] - Keys '123456' sent to object: 'Object Repository/Sayfalar/Giris_Sayfasi/Sifre'

2021-10-21 14:44:02 - [TEST_STEP][PASSED] - findWebElement(findTestObject("Sayfalar/Giris_Sayfasi/Giris_Butonu")).click(): Found 1 web elements with id: 'Object Repository/Sayfalar/Giris_Sayfasi/Giris_Butonu' located by 'By.cssSelector: #btnLogin' in '30' second(s)

2021-10-21 14:44:02 - [MESSAGE][INFO] - Finding Test Object 'Object Repository/Sayfalar/Giris_Sayfasi/Giris_Butonu'

2021-10-21 14:44:02 - [MESSAGE][INFO] - Finding web element from Test Object's properties

2021-10-21 14:44:02 - [MESSAGE][INFO] - Checking timeout

2021-10-21 14:44:02 - [MESSAGE][INFO] - Finding web element with id: 'Object Repository/Sayfalar/Giris_Sayfasi/Giris_Butonu' located by 'By.cssSelector: #btnLogin' in '30' second(s)

2021-10-21 14:44:02 - [MESSAGE][INFO] - Smart Wait Function is triggered

2021-10-21 14:44:03 - [MESSAGE][INFO] - Found 1 web elements with id: 'Object Repository/Sayfalar/Giris_Sayfasi/Giris_Butonu' located by 'By.cssSelector: #btnLogin' in '30' second(s)

2021-10-21 14:44:04 - [TEST_STEP][PASSED] - if (verifyElementPresent(findTestObject("Object Repository/Sayfalar/Giris_Sayfasi/RetveTamam_Butonu"), 5, OPTIONAL)): null

2021-10-21 14:44:04 - [MESSAGE][INFO] - Finding Test Object 'Object Repository/Sayfalar/Giris_Sayfasi/RetveTamam_Butonu'

2021-10-21 14:44:04 - [MESSAGE][INFO] - Checking object

2021-10-21 14:44:04 - [MESSAGE][INFO] - Finding web element from Test Object's properties

2021-10-21 14:44:04 - [MESSAGE][INFO] - Checking timeout

2021-10-21 14:44:04 - [MESSAGE][INFO] - Finding web element with id: 'Object Repository/Sayfalar/Giris_Sayfasi/RetveTamam_Butonu' located by 'By.xpath: //*[@class = 'btn btn-default']' in '5' second(s)

2021-10-21 14:44:04 - [MESSAGE][INFO] - Smart Wait Function is triggered

2021-10-21 14:44:05 - [MESSAGE][INFO] - Found 1 web elements with id: 'Object Repository/Sayfalar/Giris_Sayfasi/RetveTamam_Butonu' located by 'By.xpath: //*[@class = 'btn btn-default']' in '5' second(s)

2021-10-21 14:44:05 - [MESSAGE][PASSED] - Object 'Object Repository/Sayfalar/Giris_Sayfasi/RetveTamam_Butonu' is present

2021-10-21 14:44:05 - [TEST_STEP][PASSED] - click(findTestObject("Object Repository/Sayfalar/Giris_Sayfasi/RetveTamam_Butonu")): Object: 'Object Repository/Sayfalar/Giris_Sayfasi/RetveTamam_Butonu' is clicked on

2021-10-21 14:44:05 - [MESSAGE][INFO] - Finding Test Object 'Object Repository/Sayfalar/Giris_Sayfasi/RetveTamam_Butonu'

2021-10-21 14:44:05 - [MESSAGE][INFO] - Checking object

2021-10-21 14:44:05 - [MESSAGE][INFO] - Finding web element from Test Object's properties

2021-10-21 14:44:05 - [MESSAGE][INFO] - Checking timeout

2021-10-21 14:44:05 - [MESSAGE][INFO] - Finding web element with id: 'Object Repository/Sayfalar/Giris_Sayfasi/RetveTamam_Butonu' located by 'By.xpath: //*[@class = 'btn btn-default']' in '30' second(s)

2021-10-21 14:44:05 - [MESSAGE][INFO] - Smart Wait Function is triggered

2021-10-21 14:44:05 - [MESSAGE][INFO] - Found 1 web elements with id: 'Object Repository/Sayfalar/Giris_Sayfasi/RetveTamam_Butonu' located by 'By.xpath: //*[@class = 'btn btn-default']' in '30' second(s)

2021-10-21 14:44:05 - [MESSAGE][INFO] - Clicking on object: 'Object Repository/Sayfalar/Giris_Sayfasi/RetveTamam_Butonu'

2021-10-21 14:44:05 - [MESSAGE][PASSED] - Object: 'Object Repository/Sayfalar/Giris_Sayfasi/RetveTamam_Butonu' is clicked on

2021-10-21 14:44:05 - [TEST_STEP][PASSED] - click(findTestObject("Object Repository/Sayfalar/Giris_Sayfasi/RetveTamam_Butonu")): Object: 'Object Repository/Sayfalar/Giris_Sayfasi/RetveTamam_Butonu' is clicked on

2021-10-21 14:44:05 - [MESSAGE][INFO] - Finding Test Object 'Object Repository/Sayfalar/Giris_Sayfasi/RetveTamam_Butonu'

2021-10-21 14:44:05 - [MESSAGE][INFO] - Checking object

2021-10-21 14:44:05 - [MESSAGE][INFO] - Finding web element from Test Object's properties

2021-10-21 14:44:05 - [MESSAGE][INFO] - Checking timeout

2021-10-21 14:44:05 - [MESSAGE][INFO] - Finding web element with id: 'Object Repository/Sayfalar/Giris_Sayfasi/RetveTamam_Butonu' located by 'By.xpath: //*[@class = 'btn btn-default']' in '30' second(s)

2021-10-21 14:44:05 - [MESSAGE][INFO] - Smart Wait Function is triggered

2021-10-21 14:44:08 - [MESSAGE][INFO] - Found 1 web elements with id: 'Object Repository/Sayfalar/Giris_Sayfasi/RetveTamam_Butonu' located by 'By.xpath: //*[@class = 'btn btn-default']' in '30' second(s)

2021-10-21 14:44:08 - [MESSAGE][INFO] - Clicking on object: 'Object Repository/Sayfalar/Giris_Sayfasi/RetveTamam_Butonu'

2021-10-21 14:44:08 - [MESSAGE][PASSED] - Object: 'Object Repository/Sayfalar/Giris_Sayfasi/RetveTamam_Butonu' is clicked on

2021-10-21 14:44:08 - [TEST_STEP][PASSED] - if (verifyElementPresent(findTestObject("Sayfalar/Giris_Sayfasi/PopupOK"), 5, OPTIONAL)): null

2021-10-21 14:44:08 - [MESSAGE][INFO] - Finding Test Object 'Object Repository/Sayfalar/Giris_Sayfasi/PopupOK'

2021-10-21 14:44:08 - [MESSAGE][INFO] - Checking object

2021-10-21 14:44:08 - [MESSAGE][INFO] - Finding web element from Test Object's properties

2021-10-21 14:44:08 - [MESSAGE][INFO] - Checking timeout

2021-10-21 14:44:08 - [MESSAGE][INFO] - Finding web element with id: 'Object Repository/Sayfalar/Giris_Sayfasi/PopupOK' located by 'By.cssSelector: .btn.btn-success' in '5' second(s)

2021-10-21 14:44:08 - [MESSAGE][INFO] - Smart Wait Function is triggered

2021-10-21 14:44:09 - [MESSAGE][INFO] - Found 1 web elements with id: 'Object Repository/Sayfalar/Giris_Sayfasi/PopupOK' located by 'By.cssSelector: .btn.btn-success' in '5' second(s)

2021-10-21 14:44:09 - [MESSAGE][PASSED] - Object 'Object Repository/Sayfalar/Giris_Sayfasi/PopupOK' is present

2021-10-21 14:44:09 - [TEST_STEP][PASSED] - click(findTestObject("Object Repository/Sayfalar/Giris_Sayfasi/PopupCarpiGiris")): Object: 'Object Repository/Sayfalar/Giris_Sayfasi/PopupCarpiGiris' is clicked on

2021-10-21 14:44:09 - [MESSAGE][INFO] - Finding Test Object 'Object Repository/Sayfalar/Giris_Sayfasi/PopupCarpiGiris'

2021-10-21 14:44:09 - [MESSAGE][INFO] - Checking object

2021-10-21 14:44:09 - [MESSAGE][INFO] - Finding web element from Test Object's properties

2021-10-21 14:44:09 - [MESSAGE][INFO] - Checking timeout

2021-10-21 14:44:09 - [MESSAGE][INFO] - Finding web element with id: 'Object Repository/Sayfalar/Giris_Sayfasi/PopupCarpiGiris' located by 'By.cssSelector: .bootbox-close-button.close' in '30' second(s)

2021-10-21 14:44:09 - [MESSAGE][INFO] - Smart Wait Function is triggered

2021-10-21 14:44:09 - [MESSAGE][INFO] - Found 1 web elements with id: 'Object Repository/Sayfalar/Giris_Sayfasi/PopupCarpiGiris' located by 'By.cssSelector: .bootbox-close-button.close' in '30' second(s)

2021-10-21 14:44:09 - [MESSAGE][INFO] - Clicking on object: 'Object Repository/Sayfalar/Giris_Sayfasi/PopupCarpiGiris'

2021-10-21 14:44:09 - [MESSAGE][PASSED] - Object: 'Object Repository/Sayfalar/Giris_Sayfasi/PopupCarpiGiris' is clicked on

2021-10-21 14:44:09 - [TEST_STEP][PASSED] - verifyElementVisible(findTestObject("Object Repository/Kullanici_Islemleri/KullaniciIslemleri")): Object 'Object Repository/Kullanici_Islemleri/KullaniciIslemleri' is visible

2021-10-21 14:44:09 - [MESSAGE][INFO] - Finding Test Object 'Object Repository/Kullanici_Islemleri/KullaniciIslemleri'

2021-10-21 14:44:09 - [MESSAGE][INFO] - Checking object

2021-10-21 14:44:09 - [MESSAGE][INFO] - Finding web element from Test Object's properties

2021-10-21 14:44:09 - [MESSAGE][INFO] - Checking timeout

2021-10-21 14:44:09 - [MESSAGE][INFO] - Finding web element with id: 'Object Repository/Kullanici_Islemleri/KullaniciIslemleri' located by 'By.cssSelector: .dropdown>a>img' in '30' second(s)

2021-10-21 14:44:09 - [MESSAGE][INFO] - Smart Wait Function is triggered

2021-10-21 14:44:10 - [MESSAGE][INFO] - Found 1 web elements with id: 'Object Repository/Kullanici_Islemleri/KullaniciIslemleri' located by 'By.cssSelector: .dropdown>a>img' in '30' second(s)

2021-10-21 14:44:10 - [MESSAGE][PASSED] - Object 'Object Repository/Kullanici_Islemleri/KullaniciIslemleri' is visible

2021-10-21 14:44:10 - [MESSAGE][PASSED] - Call Test Case 'Test Cases/Sayfalar/Giris_Sayfasi/Login' successfully

2021-10-21 14:44:10 - [MESSAGE][INFO] - Checking called Test Case

2021-10-21 14:44:10 - [MESSAGE][INFO] - Starting to call Test Case 'Test Cases/Menu/AnaMenuSecimi'

2021-10-21 14:44:10 - [TEST_CASE][PASSED] - Test Cases/Menu/AnaMenuSecimi: Test Cases/Menu/AnaMenuSecimi

2021-10-21 14:44:10 - [TEST_STEP][PASSED] - Method.TextDegerineEsitElementeTikla(findTestObject("Menu/Ana_Menu"), Ana_Menu): Method.TextDegerineEsitElementeTikla is PASSED

2021-10-21 14:44:10 - [MESSAGE][INFO] - Finding Test Object 'Object Repository/Menu/Ana_Menu'

2021-10-21 14:44:10 - [MESSAGE][INFO] - Checking timeout

2021-10-21 14:44:10 - [MESSAGE][INFO] - Finding web element with id: 'Object Repository/Menu/Ana_Menu' located by 'By.xpath: //*[@class = 'dropdown-toggle']' in '10' second(s)

2021-10-21 14:44:10 - [MESSAGE][INFO] - Smart Wait Function is triggered

2021-10-21 14:44:11 - [MESSAGE][INFO] - Found 14 web elements with id: 'Object Repository/Menu/Ana_Menu' located by 'By.xpath: //*[@class = 'dropdown-toggle']' in '10' second(s)

2021-10-21 14:44:11 - [MESSAGE][PASSED] - Method.TextDegerineEsitElementeTikla is PASSED

2021-10-21 14:44:11 - [MESSAGE][PASSED] - Call Test Case 'Test Cases/Menu/AnaMenuSecimi' successfully

2021-10-21 14:44:11 - [MESSAGE][INFO] - Checking called Test Case

2021-10-21 14:44:11 - [MESSAGE][INFO] - Starting to call Test Case 'Test Cases/Menu/BasligaGoreAltMenuSecimi'

2021-10-21 14:44:11 - [TEST_CASE][PASSED] - Test Cases/Menu/BasligaGoreAltMenuSecimi: Test Cases/Menu/BasligaGoreAltMenuSecimi

2021-10-21 14:44:11 - [TEST_STEP][PASSED] - Method.TextDegerineEsitElementinAltindakiTextDegerineEsitOlanaTikla(findTestObject("Menu/Menu_Basligi"), findTestObject("Menu/Basliga_Gore_Alt_Menu"), Baslik, Alt_Menu): Method.TextDegerineEsitElementinAltindakiTextDegerineEsitOlanaTikla is PASSED

2021-10-21 14:44:11 - [MESSAGE][INFO] - Finding Test Object 'Object Repository/Menu/Menu_Basligi'

2021-10-21 14:44:11 - [MESSAGE][INFO] - Finding Test Object 'Object Repository/Menu/Basliga_Gore_Alt_Menu'

2021-10-21 14:44:11 - [MESSAGE][INFO] - Checking timeout

2021-10-21 14:44:11 - [MESSAGE][INFO] - Finding web element with id: 'Object Repository/Menu/Menu_Basligi' located by 'By.xpath: //li[@class='dropdown dropdown-large open']//li[@class='dropdown-header']' in '10' second(s)

2021-10-21 14:44:11 - [MESSAGE][INFO] - Smart Wait Function is triggered

2021-10-21 14:44:11 - [MESSAGE][INFO] - Found 2 web elements with id: 'Object Repository/Menu/Menu_Basligi' located by 'By.xpath: //li[@class='dropdown dropdown-large open']//li[@class='dropdown-header']' in '10' second(s)

2021-10-21 14:44:11 - [MESSAGE][INFO] - Smart Wait Function is triggered

2021-10-21 14:44:13 - [MESSAGE][PASSED] - Method.TextDegerineEsitElementinAltindakiTextDegerineEsitOlanaTikla is PASSED

2021-10-21 14:44:13 - [MESSAGE][PASSED] - Call Test Case 'Test Cases/Menu/BasligaGoreAltMenuSecimi' successfully

2021-10-21 14:44:13 - [MESSAGE][INFO] - Checking called Test Case

2021-10-21 14:44:13 - [MESSAGE][INFO] - Starting to call Test Case 'Test Cases/Tablo/Olusturma Tarihi'

2021-10-21 14:44:13 - [TEST_CASE][PASSED] - Test Cases/Tablo/Olusturma Tarihi: Test Cases/Tablo/Olusturma Tarihi

2021-10-21 14:44:13 - [TEST_STEP][PASSED] - if (verifyTextNotPresent("Görüntülenecek veri yok", true, OPTIONAL)): null

2021-10-21 14:44:13 - [MESSAGE][INFO] - Checking text present  using regular expression

2021-10-21 14:44:13 - [MESSAGE][INFO] - Smart Wait Function is triggered

2021-10-21 14:44:14 - [MESSAGE][INFO] - Finding text 'Görüntülenecek veri yok' on page  using regular expression

2021-10-21 14:44:14 - [MESSAGE][PASSED] - Text 'Görüntülenecek veri yok' is not present on page using regular expression

2021-10-21 14:44:14 - [TEST_STEP][PASSED] - click(findTestObject("Temizle/Olusturma_Tarihi_CheckBox")): Object: 'Object Repository/Temizle/Olusturma_Tarihi_CheckBox' is clicked on

2021-10-21 14:44:14 - [MESSAGE][INFO] - Finding Test Object 'Object Repository/Temizle/Olusturma_Tarihi_CheckBox'

2021-10-21 14:44:14 - [MESSAGE][INFO] - Checking object

2021-10-21 14:44:14 - [MESSAGE][INFO] - Finding web element from Test Object's properties

2021-10-21 14:44:14 - [MESSAGE][INFO] - Checking timeout

2021-10-21 14:44:14 - [MESSAGE][INFO] - Finding web element with id: 'Object Repository/Temizle/Olusturma_Tarihi_CheckBox' located by 'By.xpath: //*[@title = 'Bu sayfadaki tüm satırları Seç']' in '30' second(s)

2021-10-21 14:44:14 - [MESSAGE][INFO] - Smart Wait Function is triggered

2021-10-21 14:44:14 - [MESSAGE][INFO] - Found 1 web elements with id: 'Object Repository/Temizle/Olusturma_Tarihi_CheckBox' located by 'By.xpath: //*[@title = 'Bu sayfadaki tüm satırları Seç']' in '30' second(s)

2021-10-21 14:44:14 - [MESSAGE][INFO] - Clicking on object: 'Object Repository/Temizle/Olusturma_Tarihi_CheckBox'

2021-10-21 14:44:14 - [MESSAGE][PASSED] - Object: 'Object Repository/Temizle/Olusturma_Tarihi_CheckBox' is clicked on

2021-10-21 14:44:14 - [TEST_STEP][PASSED] - Method.TextDegerineEsitElementeTiklaEquals(findTestObject("Butonlar/Butonlar"), "Sil"): Method.TextDegerineEsitElementeTiklaEquals is PASSED

2021-10-21 14:44:14 - [MESSAGE][INFO] - Finding Test Object 'Object Repository/Butonlar/Butonlar'

2021-10-21 14:44:14 - [MESSAGE][INFO] - Checking timeout

2021-10-21 14:44:14 - [MESSAGE][INFO] - Finding web element with id: 'Object Repository/Butonlar/Butonlar' located by 'By.cssSelector: .panel.panel-default.text-center.footerPanel .btn,.btn.btn-primary.btnControls' in '10' second(s)

2021-10-21 14:44:14 - [MESSAGE][INFO] - Smart Wait Function is triggered

2021-10-21 14:44:15 - [MESSAGE][INFO] - Found 7 web elements with id: 'Object Repository/Butonlar/Butonlar' located by 'By.cssSelector: .panel.panel-default.text-center.footerPanel .btn,.btn.btn-primary.btnControls' in '10' second(s)

2021-10-21 14:44:15 - [MESSAGE][PASSED] - Method.TextDegerineEsitElementeTiklaEquals is PASSED

2021-10-21 14:44:15 - [TEST_STEP][PASSED] - Method.TextDegerineEsitElementeTikla(findTestObject("Popup/Popup_Butons"), "Evet"): Method.TextDegerineEsitElementeTikla is PASSED

2021-10-21 14:44:15 - [MESSAGE][INFO] - Finding Test Object 'Object Repository/Popup/Popup_Butons'

2021-10-21 14:44:15 - [MESSAGE][INFO] - Checking timeout

2021-10-21 14:44:15 - [MESSAGE][INFO] - Finding web element with id: 'Object Repository/Popup/Popup_Butons' located by 'By.cssSelector: .modal-footer>button' in '10' second(s)

2021-10-21 14:44:15 - [MESSAGE][INFO] - Smart Wait Function is triggered

2021-10-21 14:44:16 - [MESSAGE][INFO] - Found 2 web elements with id: 'Object Repository/Popup/Popup_Butons' located by 'By.cssSelector: .modal-footer>button' in '10' second(s)

2021-10-21 14:44:16 - [MESSAGE][PASSED] - Method.TextDegerineEsitElementeTikla is PASSED

2021-10-21 14:44:16 - [TEST_STEP][PASSED] - Method.TextDegerineEsitElementeTikla(findTestObject("Popup/Popup_Butons"), "Tamam"): Method.TextDegerineEsitElementeTikla is PASSED

2021-10-21 14:44:16 - [MESSAGE][INFO] - Finding Test Object 'Object Repository/Popup/Popup_Butons'

2021-10-21 14:44:16 - [MESSAGE][INFO] - Checking timeout

2021-10-21 14:44:16 - [MESSAGE][INFO] - Finding web element with id: 'Object Repository/Popup/Popup_Butons' located by 'By.cssSelector: .modal-footer>button' in '10' second(s)

2021-10-21 14:44:16 - [MESSAGE][INFO] - Smart Wait Function is triggered

2021-10-21 14:44:17 - [MESSAGE][INFO] - Found 1 web elements with id: 'Object Repository/Popup/Popup_Butons' located by 'By.cssSelector: .modal-footer>button' in '10' second(s)

2021-10-21 14:44:17 - [MESSAGE][PASSED] - Method.TextDegerineEsitElementeTikla is PASSED

2021-10-21 14:44:17 - [MESSAGE][PASSED] - Call Test Case 'Test Cases/Tablo/Olusturma Tarihi' successfully

2021-10-21 14:44:17 - [MESSAGE][INFO] - Checking called Test Case

2021-10-21 14:44:17 - [MESSAGE][INFO] - Starting to call Test Case 'Test Cases/Butonlar/ButonaTikla'

2021-10-21 14:44:17 - [TEST_CASE][PASSED] - Test Cases/Butonlar/ButonaTikla: Test Cases/Butonlar/ButonaTikla

2021-10-21 14:44:17 - [TEST_STEP][PASSED] - Method.TextDegerineEsitElementeTiklaEquals(findTestObject("Butonlar/Butonlar"), Buton_Adi): Method.TextDegerineEsitElementeTiklaEquals is PASSED

2021-10-21 14:44:17 - [MESSAGE][INFO] - Finding Test Object 'Object Repository/Butonlar/Butonlar'

2021-10-21 14:44:17 - [MESSAGE][INFO] - Checking timeout

2021-10-21 14:44:17 - [MESSAGE][INFO] - Finding web element with id: 'Object Repository/Butonlar/Butonlar' located by 'By.cssSelector: .panel.panel-default.text-center.footerPanel .btn,.btn.btn-primary.btnControls' in '10' second(s)

2021-10-21 14:44:17 - [MESSAGE][INFO] - Smart Wait Function is triggered

2021-10-21 14:44:18 - [MESSAGE][INFO] - Found 7 web elements with id: 'Object Repository/Butonlar/Butonlar' located by 'By.cssSelector: .panel.panel-default.text-center.footerPanel .btn,.btn.btn-primary.btnControls' in '10' second(s)

2021-10-21 14:44:18 - [MESSAGE][PASSED] - Method.TextDegerineEsitElementeTiklaEquals is PASSED

2021-10-21 14:44:18 - [MESSAGE][PASSED] - Call Test Case 'Test Cases/Butonlar/ButonaTikla' successfully

2021-10-21 14:44:18 - [MESSAGE][INFO] - Checking called Test Case

2021-10-21 14:44:18 - [MESSAGE][INFO] - Starting to call Test Case 'Test Cases/Olusturma/Genel/GorselTasarimSayfasıBasligiIceriyorMu'

2021-10-21 14:44:18 - [TEST_CASE][PASSED] - Test Cases/Olusturma/Genel/GorselTasarimSayfasıBasligiIceriyorMu: Test Cases/Olusturma/Genel/GorselTasarimSayfasıBasligiIceriyorMu

2021-10-21 14:44:18 - [TEST_STEP][PASSED] - verifyElementText(findTestObject("Object Repository/Olusturma/Genel/GorselTasarimBaslik"), Baslik): Actual text and expected text of test object 'Object Repository/Olusturma/Genel/GorselTasarimBaslik' are matched.

2021-10-21 14:44:18 - [MESSAGE][INFO] - Finding Test Object 'Object Repository/Olusturma/Genel/GorselTasarimBaslik'

2021-10-21 14:44:18 - [MESSAGE][INFO] - Checking object

2021-10-21 14:44:18 - [MESSAGE][INFO] - Finding web element from Test Object's properties

2021-10-21 14:44:18 - [MESSAGE][INFO] - Checking timeout

2021-10-21 14:44:18 - [MESSAGE][INFO] - Finding web element with id: 'Object Repository/Olusturma/Genel/GorselTasarimBaslik' located by 'By.cssSelector: #flAlici_0>div>span' in '30' second(s)

2021-10-21 14:44:18 - [MESSAGE][INFO] - Smart Wait Function is triggered

2021-10-21 14:44:20 - [MESSAGE][INFO] - Found 1 web elements with id: 'Object Repository/Olusturma/Genel/GorselTasarimBaslik' located by 'By.cssSelector: #flAlici_0>div>span' in '30' second(s)

2021-10-21 14:44:20 - [MESSAGE][PASSED] - Actual text and expected text of test object 'Object Repository/Olusturma/Genel/GorselTasarimBaslik' are matched.

2021-10-21 14:44:20 - [MESSAGE][PASSED] - Call Test Case 'Test Cases/Olusturma/Genel/GorselTasarimSayfasıBasligiIceriyorMu' successfully

2021-10-21 14:44:20 - [MESSAGE][INFO] - Checking called Test Case

2021-10-21 14:44:20 - [MESSAGE][INFO] - Starting to call Test Case 'Test Cases/Olusturma/Genel/AliciSecilir'

2021-10-21 14:44:20 - [TEST_CASE][PASSED] - Test Cases/Olusturma/Genel/AliciSecilir: Test Cases/Olusturma/Genel/AliciSecilir

2021-10-21 14:44:20 - [TEST_STEP][PASSED] - click(findTestObject("Olusturma/Genel/AliciBilgisi/Alici_Ara")): Object: 'Object Repository/Olusturma/Genel/AliciBilgisi/Alici_Ara' is clicked on

2021-10-21 14:44:20 - [MESSAGE][INFO] - Finding Test Object 'Object Repository/Olusturma/Genel/AliciBilgisi/Alici_Ara'

2021-10-21 14:44:20 - [MESSAGE][INFO] - Checking object

2021-10-21 14:44:20 - [MESSAGE][INFO] - Finding web element from Test Object's properties

2021-10-21 14:44:20 - [MESSAGE][INFO] - Checking timeout

2021-10-21 14:44:20 - [MESSAGE][INFO] - Finding web element with id: 'Object Repository/Olusturma/Genel/AliciBilgisi/Alici_Ara' located by 'By.xpath: //td[@id='txtCustomerText_B-1']' in '30' second(s)

2021-10-21 14:44:20 - [MESSAGE][INFO] - Smart Wait Function is triggered

2021-10-21 14:44:20 - [MESSAGE][INFO] - Found 1 web elements with id: 'Object Repository/Olusturma/Genel/AliciBilgisi/Alici_Ara' located by 'By.xpath: //td[@id='txtCustomerText_B-1']' in '30' second(s)

2021-10-21 14:44:20 - [MESSAGE][INFO] - Clicking on object: 'Object Repository/Olusturma/Genel/AliciBilgisi/Alici_Ara'

2021-10-21 14:44:20 - [MESSAGE][PASSED] - Object: 'Object Repository/Olusturma/Genel/AliciBilgisi/Alici_Ara' is clicked on

2021-10-21 14:44:20 - [TEST_STEP][PASSED] - click(findTestObject("Olusturma/Genel/AliciBilgisi/Alici_Bilgisi")): Object: 'Object Repository/Olusturma/Genel/AliciBilgisi/Alici_Bilgisi' is clicked on

2021-10-21 14:44:20 - [MESSAGE][INFO] - Finding Test Object 'Object Repository/Olusturma/Genel/AliciBilgisi/Alici_Bilgisi'

2021-10-21 14:44:20 - [MESSAGE][INFO] - Checking object

2021-10-21 14:44:20 - [MESSAGE][INFO] - Finding web element from Test Object's properties

2021-10-21 14:44:20 - [MESSAGE][INFO] - Checking timeout

2021-10-21 14:44:20 - [MESSAGE][INFO] - Finding web element with id: 'Object Repository/Olusturma/Genel/AliciBilgisi/Alici_Bilgisi' located by 'By.xpath: //iframe[@id='customerselectiframe']' in '30' second(s)

2021-10-21 14:44:20 - [MESSAGE][INFO] - Smart Wait Function is triggered

2021-10-21 14:44:21 - [MESSAGE][INFO] - Found 1 web elements with id: 'Object Repository/Olusturma/Genel/AliciBilgisi/Alici_Bilgisi' located by 'By.xpath: //iframe[@id='customerselectiframe']' in '30' second(s)

2021-10-21 14:44:21 - [MESSAGE][INFO] - Clicking on object: 'Object Repository/Olusturma/Genel/AliciBilgisi/Alici_Bilgisi'

2021-10-21 14:44:21 - [MESSAGE][PASSED] - Object: 'Object Repository/Olusturma/Genel/AliciBilgisi/Alici_Bilgisi' is clicked on

2021-10-21 14:44:21 - [TEST_STEP][PASSED] - setText(findTestObject("Olusturma/Genel/AliciBilgisi/Alici_Gir"), Alici_Adi): Switching to default content

2021-10-21 14:44:21 - [MESSAGE][INFO] - Finding Test Object 'Object Repository/Olusturma/Genel/AliciBilgisi/Alici_Gir'

2021-10-21 14:44:21 - [MESSAGE][INFO] - Finding Test Object 'Object Repository/Olusturma/Genel/AliciBilgisi/Alici_Bilgisi'

2021-10-21 14:44:21 - [MESSAGE][INFO] - Checking object

2021-10-21 14:44:21 - [MESSAGE][INFO] - Checking text

2021-10-21 14:44:21 - [MESSAGE][INFO] - Object: 'Object Repository/Olusturma/Genel/AliciBilgisi/Alici_Gir' has parent object(s)

2021-10-21 14:44:21 - [MESSAGE][INFO] - Switching to iframe: 'Object Repository/Olusturma/Genel/AliciBilgisi/Alici_Bilgisi'

2021-10-21 14:44:21 - [MESSAGE][INFO] - Finding web element from Test Object's properties

2021-10-21 14:44:21 - [MESSAGE][INFO] - Checking timeout

2021-10-21 14:44:21 - [MESSAGE][INFO] - Finding web element with id: 'Object Repository/Olusturma/Genel/AliciBilgisi/Alici_Bilgisi' located by 'By.xpath: //iframe[@id='customerselectiframe']' in '30' second(s)

2021-10-21 14:44:21 - [MESSAGE][INFO] - Smart Wait Function is triggered

2021-10-21 14:44:21 - [MESSAGE][INFO] - Found 1 web elements with id: 'Object Repository/Olusturma/Genel/AliciBilgisi/Alici_Bilgisi' located by 'By.xpath: //iframe[@id='customerselectiframe']' in '30' second(s)

2021-10-21 14:44:21 - [MESSAGE][INFO] - Switched to iframe: 'Object Repository/Olusturma/Genel/AliciBilgisi/Alici_Bilgisi'

2021-10-21 14:44:21 - [MESSAGE][INFO] - Finding web element from Test Object's properties

2021-10-21 14:44:21 - [MESSAGE][INFO] - Checking timeout

2021-10-21 14:44:21 - [MESSAGE][INFO] - Finding web element with id: 'Object Repository/Olusturma/Genel/AliciBilgisi/Alici_Gir' located by 'By.xpath: //input[@id='GridViewCustomer_DXFREditorcol1_I']' in '30' second(s)

2021-10-21 14:44:21 - [MESSAGE][INFO] - Smart Wait Function is triggered

2021-10-21 14:44:21 - [MESSAGE][INFO] - Found 1 web elements with id: 'Object Repository/Olusturma/Genel/AliciBilgisi/Alici_Gir' located by 'By.xpath: //input[@id='GridViewCustomer_DXFREditorcol1_I']' in '30' second(s)

2021-10-21 14:44:21 - [MESSAGE][INFO] - Clearing text of object 'Object Repository/Olusturma/Genel/AliciBilgisi/Alici_Gir'

2021-10-21 14:44:21 - [MESSAGE][INFO] - Finding web element from Test Object's properties

2021-10-21 14:44:21 - [MESSAGE][INFO] - Checking timeout

2021-10-21 14:44:21 - [MESSAGE][INFO] - Finding web element with id: 'Object Repository/Olusturma/Genel/AliciBilgisi/Alici_Gir' located by 'By.xpath: //input[@id='GridViewCustomer_DXFREditorcol1_I']' in '30' second(s)

2021-10-21 14:44:21 - [MESSAGE][INFO] - Smart Wait Function is triggered

2021-10-21 14:44:21 - [MESSAGE][INFO] - Found 1 web elements with id: 'Object Repository/Olusturma/Genel/AliciBilgisi/Alici_Gir' located by 'By.xpath: //input[@id='GridViewCustomer_DXFREditorcol1_I']' in '30' second(s)

2021-10-21 14:44:21 - [MESSAGE][INFO] - Setting text of object 'Object Repository/Olusturma/Genel/AliciBilgisi/Alici_Gir' to value 'VirgosolSerbestMeslekVKN'

2021-10-21 14:44:22 - [MESSAGE][PASSED] - Text 'VirgosolSerbestMeslekVKN' is set on object 'Object Repository/Olusturma/Genel/AliciBilgisi/Alici_Gir'

2021-10-21 14:44:22 - [MESSAGE][INFO] - Switching to default content

2021-10-21 14:44:22 - [TEST_STEP][PASSED] - waitForElementClickable(findTestObject("Olusturma/Genel/AliciBilgisi/Alici_Adi"), 10): Switching to default content

2021-10-21 14:44:22 - [MESSAGE][INFO] - Finding Test Object 'Object Repository/Olusturma/Genel/AliciBilgisi/Alici_Adi'

2021-10-21 14:44:22 - [MESSAGE][INFO] - Finding Test Object 'Object Repository/Olusturma/Genel/AliciBilgisi/iframe_Alc Bilgisi_customerselectiframe'

2021-10-21 14:44:22 - [MESSAGE][INFO] - Checking object

2021-10-21 14:44:22 - [MESSAGE][INFO] - Checking timeout

2021-10-21 14:44:22 - [MESSAGE][INFO] - Object: 'Object Repository/Olusturma/Genel/AliciBilgisi/Alici_Adi' has parent object(s)

2021-10-21 14:44:22 - [MESSAGE][INFO] - Switching to iframe: 'Object Repository/Olusturma/Genel/AliciBilgisi/iframe_Alc Bilgisi_customerselectiframe'

2021-10-21 14:44:22 - [MESSAGE][INFO] - Finding web element from Test Object's properties

2021-10-21 14:44:22 - [MESSAGE][INFO] - Checking timeout

2021-10-21 14:44:22 - [MESSAGE][INFO] - Finding web element with id: 'Object Repository/Olusturma/Genel/AliciBilgisi/iframe_Alc Bilgisi_customerselectiframe' located by 'By.xpath: //iframe[@id='customerselectiframe']' in '10' second(s)

2021-10-21 14:44:22 - [MESSAGE][INFO] - Smart Wait Function is triggered

2021-10-21 14:44:22 - [MESSAGE][INFO] - Found 1 web elements with id: 'Object Repository/Olusturma/Genel/AliciBilgisi/iframe_Alc Bilgisi_customerselectiframe' located by 'By.xpath: //iframe[@id='customerselectiframe']' in '10' second(s)

2021-10-21 14:44:22 - [MESSAGE][INFO] - Switched to iframe: 'Object Repository/Olusturma/Genel/AliciBilgisi/iframe_Alc Bilgisi_customerselectiframe'

2021-10-21 14:44:22 - [MESSAGE][INFO] - Finding web element from Test Object's properties

2021-10-21 14:44:22 - [MESSAGE][INFO] - Checking timeout

2021-10-21 14:44:22 - [MESSAGE][INFO] - Finding web element with id: 'Object Repository/Olusturma/Genel/AliciBilgisi/Alici_Adi' located by 'By.xpath: //tr[@id='GridViewCustomer_DXDataRow0']/td[2]' in '10' second(s)

2021-10-21 14:44:22 - [MESSAGE][INFO] - Smart Wait Function is triggered

2021-10-21 14:44:22 - [MESSAGE][INFO] - Found 1 web elements with id: 'Object Repository/Olusturma/Genel/AliciBilgisi/Alici_Adi' located by 'By.xpath: //tr[@id='GridViewCustomer_DXDataRow0']/td[2]' in '10' second(s)

2021-10-21 14:44:22 - [MESSAGE][PASSED] - Object 'Object Repository/Olusturma/Genel/AliciBilgisi/Alici_Adi' is clickable

2021-10-21 14:44:22 - [MESSAGE][INFO] - Switching to default content

2021-10-21 14:44:22 - [TEST_STEP][PASSED] - click(findTestObject("Olusturma/Genel/AliciBilgisi/frame")): Switching to default content

2021-10-21 14:44:22 - [MESSAGE][INFO] - Finding Test Object 'Object Repository/Olusturma/Genel/AliciBilgisi/frame'

2021-10-21 14:44:22 - [MESSAGE][INFO] - Finding Test Object 'Object Repository/Olusturma/Genel/AliciBilgisi/iframe_Alc Bilgisi_customerselectiframe'

2021-10-21 14:44:22 - [MESSAGE][INFO] - Checking object

2021-10-21 14:44:22 - [MESSAGE][INFO] - Object: 'Object Repository/Olusturma/Genel/AliciBilgisi/frame' has parent object(s)

2021-10-21 14:44:22 - [MESSAGE][INFO] - Switching to iframe: 'Object Repository/Olusturma/Genel/AliciBilgisi/iframe_Alc Bilgisi_customerselectiframe'

2021-10-21 14:44:22 - [MESSAGE][INFO] - Finding web element from Test Object's properties

2021-10-21 14:44:22 - [MESSAGE][INFO] - Checking timeout

2021-10-21 14:44:22 - [MESSAGE][INFO] - Finding web element with id: 'Object Repository/Olusturma/Genel/AliciBilgisi/iframe_Alc Bilgisi_customerselectiframe' located by 'By.xpath: //iframe[@id='customerselectiframe']' in '30' second(s)

2021-10-21 14:44:22 - [MESSAGE][INFO] - Smart Wait Function is triggered

2021-10-21 14:44:22 - [MESSAGE][INFO] - Found 1 web elements with id: 'Object Repository/Olusturma/Genel/AliciBilgisi/iframe_Alc Bilgisi_customerselectiframe' located by 'By.xpath: //iframe[@id='customerselectiframe']' in '30' second(s)

2021-10-21 14:44:22 - [MESSAGE][INFO] - Switched to iframe: 'Object Repository/Olusturma/Genel/AliciBilgisi/iframe_Alc Bilgisi_customerselectiframe'

2021-10-21 14:44:22 - [MESSAGE][INFO] - Finding web element from Test Object's properties

2021-10-21 14:44:22 - [MESSAGE][INFO] - Checking timeout

2021-10-21 14:44:22 - [MESSAGE][INFO] - Finding web element with id: 'Object Repository/Olusturma/Genel/AliciBilgisi/frame' located by 'By.xpath: //*/text()[normalize-space(.)='']/parent::*' in '30' second(s)

2021-10-21 14:44:22 - [MESSAGE][INFO] - Smart Wait Function is triggered

2021-10-21 14:44:22 - [MESSAGE][INFO] - Found 73 web elements with id: 'Object Repository/Olusturma/Genel/AliciBilgisi/frame' located by 'By.xpath: //*/text()[normalize-space(.)='']/parent::*' in '30' second(s)

2021-10-21 14:44:22 - [MESSAGE][INFO] - Clicking on object: 'Object Repository/Olusturma/Genel/AliciBilgisi/frame'

2021-10-21 14:44:23 - [MESSAGE][PASSED] - Object: 'Object Repository/Olusturma/Genel/AliciBilgisi/frame' is clicked on

2021-10-21 14:44:23 - [MESSAGE][INFO] - Switching to default content

2021-10-21 14:44:23 - [TEST_STEP][PASSED] - click(findTestObject("Olusturma/Genel/AliciBilgisi/Alici_Adi")): Switching to default content

2021-10-21 14:44:23 - [MESSAGE][INFO] - Finding Test Object 'Object Repository/Olusturma/Genel/AliciBilgisi/Alici_Adi'

2021-10-21 14:44:23 - [MESSAGE][INFO] - Finding Test Object 'Object Repository/Olusturma/Genel/AliciBilgisi/iframe_Alc Bilgisi_customerselectiframe'

2021-10-21 14:44:23 - [MESSAGE][INFO] - Checking object

2021-10-21 14:44:23 - [MESSAGE][INFO] - Object: 'Object Repository/Olusturma/Genel/AliciBilgisi/Alici_Adi' has parent object(s)

2021-10-21 14:44:23 - [MESSAGE][INFO] - Switching to iframe: 'Object Repository/Olusturma/Genel/AliciBilgisi/iframe_Alc Bilgisi_customerselectiframe'

2021-10-21 14:44:23 - [MESSAGE][INFO] - Finding web element from Test Object's properties

2021-10-21 14:44:23 - [MESSAGE][INFO] - Checking timeout

2021-10-21 14:44:23 - [MESSAGE][INFO] - Finding web element with id: 'Object Repository/Olusturma/Genel/AliciBilgisi/iframe_Alc Bilgisi_customerselectiframe' located by 'By.xpath: //iframe[@id='customerselectiframe']' in '30' second(s)

2021-10-21 14:44:23 - [MESSAGE][INFO] - Smart Wait Function is triggered

2021-10-21 14:44:23 - [MESSAGE][INFO] - Found 1 web elements with id: 'Object Repository/Olusturma/Genel/AliciBilgisi/iframe_Alc Bilgisi_customerselectiframe' located by 'By.xpath: //iframe[@id='customerselectiframe']' in '30' second(s)

2021-10-21 14:44:23 - [MESSAGE][INFO] - Switched to iframe: 'Object Repository/Olusturma/Genel/AliciBilgisi/iframe_Alc Bilgisi_customerselectiframe'

2021-10-21 14:44:23 - [MESSAGE][INFO] - Finding web element from Test Object's properties

2021-10-21 14:44:23 - [MESSAGE][INFO] - Checking timeout

2021-10-21 14:44:23 - [MESSAGE][INFO] - Finding web element with id: 'Object Repository/Olusturma/Genel/AliciBilgisi/Alici_Adi' located by 'By.xpath: //tr[@id='GridViewCustomer_DXDataRow0']/td[2]' in '30' second(s)

2021-10-21 14:44:23 - [MESSAGE][INFO] - Smart Wait Function is triggered

2021-10-21 14:44:23 - [MESSAGE][INFO] - Found 1 web elements with id: 'Object Repository/Olusturma/Genel/AliciBilgisi/Alici_Adi' located by 'By.xpath: //tr[@id='GridViewCustomer_DXDataRow0']/td[2]' in '30' second(s)

2021-10-21 14:44:23 - [MESSAGE][INFO] - Clicking on object: 'Object Repository/Olusturma/Genel/AliciBilgisi/Alici_Adi'

2021-10-21 14:44:23 - [MESSAGE][PASSED] - Object: 'Object Repository/Olusturma/Genel/AliciBilgisi/Alici_Adi' is clicked on

2021-10-21 14:44:23 - [MESSAGE][INFO] - Switching to default content

2021-10-21 14:44:23 - [TEST_STEP][PASSED] - click(findTestObject("Olusturma/Genel/AliciBilgisi/Tamam_Bosluk")): Switching to default content

2021-10-21 14:44:23 - [MESSAGE][INFO] - Finding Test Object 'Object Repository/Olusturma/Genel/AliciBilgisi/Tamam_Bosluk'

2021-10-21 14:44:23 - [MESSAGE][INFO] - Finding Test Object 'Object Repository/Olusturma/Genel/AliciBilgisi/Alici_Bilgisi'

2021-10-21 14:44:23 - [MESSAGE][INFO] - Checking object

2021-10-21 14:44:23 - [MESSAGE][INFO] - Object: 'Object Repository/Olusturma/Genel/AliciBilgisi/Tamam_Bosluk' has parent object(s)

2021-10-21 14:44:23 - [MESSAGE][INFO] - Switching to iframe: 'Object Repository/Olusturma/Genel/AliciBilgisi/Alici_Bilgisi'

2021-10-21 14:44:23 - [MESSAGE][INFO] - Finding web element from Test Object's properties

2021-10-21 14:44:23 - [MESSAGE][INFO] - Checking timeout

2021-10-21 14:44:23 - [MESSAGE][INFO] - Finding web element with id: 'Object Repository/Olusturma/Genel/AliciBilgisi/Alici_Bilgisi' located by 'By.xpath: //iframe[@id='customerselectiframe']' in '30' second(s)

2021-10-21 14:44:23 - [MESSAGE][INFO] - Smart Wait Function is triggered

2021-10-21 14:44:23 - [MESSAGE][INFO] - Found 1 web elements with id: 'Object Repository/Olusturma/Genel/AliciBilgisi/Alici_Bilgisi' located by 'By.xpath: //iframe[@id='customerselectiframe']' in '30' second(s)

2021-10-21 14:44:23 - [MESSAGE][INFO] - Switched to iframe: 'Object Repository/Olusturma/Genel/AliciBilgisi/Alici_Bilgisi'

2021-10-21 14:44:23 - [MESSAGE][INFO] - Finding web element from Test Object's properties

2021-10-21 14:44:23 - [MESSAGE][INFO] - Checking timeout

2021-10-21 14:44:23 - [MESSAGE][INFO] - Finding web element with id: 'Object Repository/Olusturma/Genel/AliciBilgisi/Tamam_Bosluk' located by 'By.xpath: (.//*[normalize-space(text()) and normalize-space(.)='Sayfa Boyutu:'])[1]/following::div[7]' in '30' second(s)

2021-10-21 14:44:23 - [MESSAGE][INFO] - Smart Wait Function is triggered

2021-10-21 14:44:24 - [MESSAGE][INFO] - Found 1 web elements with id: 'Object Repository/Olusturma/Genel/AliciBilgisi/Tamam_Bosluk' located by 'By.xpath: (.//*[normalize-space(text()) and normalize-space(.)='Sayfa Boyutu:'])[1]/following::div[7]' in '30' second(s)

2021-10-21 14:44:24 - [MESSAGE][INFO] - Clicking on object: 'Object Repository/Olusturma/Genel/AliciBilgisi/Tamam_Bosluk'

2021-10-21 14:44:24 - [MESSAGE][PASSED] - Object: 'Object Repository/Olusturma/Genel/AliciBilgisi/Tamam_Bosluk' is clicked on

2021-10-21 14:44:24 - [MESSAGE][INFO] - Switching to default content

2021-10-21 14:44:24 - [TEST_STEP][PASSED] - waitForElementClickable(findTestObject("Olusturma/Genel/AliciBilgisi/Tamam_Butonu"), 10): Switching to default content

2021-10-21 14:44:24 - [MESSAGE][INFO] - Finding Test Object 'Object Repository/Olusturma/Genel/AliciBilgisi/Tamam_Butonu'

2021-10-21 14:44:24 - [MESSAGE][INFO] - Finding Test Object 'Object Repository/Olusturma/Genel/AliciBilgisi/Alici_Bilgisi'

2021-10-21 14:44:24 - [MESSAGE][INFO] - Checking object

2021-10-21 14:44:24 - [MESSAGE][INFO] - Checking timeout

2021-10-21 14:44:24 - [MESSAGE][INFO] - Object: 'Object Repository/Olusturma/Genel/AliciBilgisi/Tamam_Butonu' has parent object(s)

2021-10-21 14:44:24 - [MESSAGE][INFO] - Switching to iframe: 'Object Repository/Olusturma/Genel/AliciBilgisi/Alici_Bilgisi'

2021-10-21 14:44:24 - [MESSAGE][INFO] - Finding web element from Test Object's properties

2021-10-21 14:44:24 - [MESSAGE][INFO] - Checking timeout

2021-10-21 14:44:24 - [MESSAGE][INFO] - Finding web element with id: 'Object Repository/Olusturma/Genel/AliciBilgisi/Alici_Bilgisi' located by 'By.xpath: //iframe[@id='customerselectiframe']' in '10' second(s)

2021-10-21 14:44:24 - [MESSAGE][INFO] - Smart Wait Function is triggered

2021-10-21 14:44:24 - [MESSAGE][INFO] - Found 1 web elements with id: 'Object Repository/Olusturma/Genel/AliciBilgisi/Alici_Bilgisi' located by 'By.xpath: //iframe[@id='customerselectiframe']' in '10' second(s)

2021-10-21 14:44:24 - [MESSAGE][INFO] - Switched to iframe: 'Object Repository/Olusturma/Genel/AliciBilgisi/Alici_Bilgisi'

2021-10-21 14:44:24 - [MESSAGE][INFO] - Finding web element from Test Object's properties

2021-10-21 14:44:24 - [MESSAGE][INFO] - Checking timeout

2021-10-21 14:44:24 - [MESSAGE][INFO] - Finding web element with id: 'Object Repository/Olusturma/Genel/AliciBilgisi/Tamam_Butonu' located by 'By.xpath: //div[@id='btnSelectCustomer_CD']/span' in '10' second(s)

2021-10-21 14:44:24 - [MESSAGE][INFO] - Smart Wait Function is triggered

2021-10-21 14:44:24 - [MESSAGE][INFO] - Found 1 web elements with id: 'Object Repository/Olusturma/Genel/AliciBilgisi/Tamam_Butonu' located by 'By.xpath: //div[@id='btnSelectCustomer_CD']/span' in '10' second(s)

2021-10-21 14:44:24 - [MESSAGE][PASSED] - Object 'Object Repository/Olusturma/Genel/AliciBilgisi/Tamam_Butonu' is clickable

2021-10-21 14:44:24 - [MESSAGE][INFO] - Switching to default content

2021-10-21 14:44:24 - [TEST_STEP][PASSED] - click(findTestObject("Olusturma/Genel/AliciBilgisi/Tamam_Butonu")): Switching to default content

2021-10-21 14:44:24 - [MESSAGE][INFO] - Finding Test Object 'Object Repository/Olusturma/Genel/AliciBilgisi/Tamam_Butonu'

2021-10-21 14:44:24 - [MESSAGE][INFO] - Finding Test Object 'Object Repository/Olusturma/Genel/AliciBilgisi/Alici_Bilgisi'

2021-10-21 14:44:24 - [MESSAGE][INFO] - Checking object

2021-10-21 14:44:24 - [MESSAGE][INFO] - Object: 'Object Repository/Olusturma/Genel/AliciBilgisi/Tamam_Butonu' has parent object(s)

2021-10-21 14:44:24 - [MESSAGE][INFO] - Switching to iframe: 'Object Repository/Olusturma/Genel/AliciBilgisi/Alici_Bilgisi'

2021-10-21 14:44:24 - [MESSAGE][INFO] - Finding web element from Test Object's properties

2021-10-21 14:44:24 - [MESSAGE][INFO] - Checking timeout

2021-10-21 14:44:24 - [MESSAGE][INFO] - Finding web element with id: 'Object Repository/Olusturma/Genel/AliciBilgisi/Alici_Bilgisi' located by 'By.xpath: //iframe[@id='customerselectiframe']' in '30' second(s)

2021-10-21 14:44:24 - [MESSAGE][INFO] - Smart Wait Function is triggered

2021-10-21 14:44:25 - [MESSAGE][INFO] - Found 1 web elements with id: 'Object Repository/Olusturma/Genel/AliciBilgisi/Alici_Bilgisi' located by 'By.xpath: //iframe[@id='customerselectiframe']' in '30' second(s)

2021-10-21 14:44:25 - [MESSAGE][INFO] - Switched to iframe: 'Object Repository/Olusturma/Genel/AliciBilgisi/Alici_Bilgisi'

2021-10-21 14:44:25 - [MESSAGE][INFO] - Finding web element from Test Object's properties

2021-10-21 14:44:25 - [MESSAGE][INFO] - Checking timeout

2021-10-21 14:44:25 - [MESSAGE][INFO] - Finding web element with id: 'Object Repository/Olusturma/Genel/AliciBilgisi/Tamam_Butonu' located by 'By.xpath: //div[@id='btnSelectCustomer_CD']/span' in '30' second(s)

2021-10-21 14:44:25 - [MESSAGE][INFO] - Smart Wait Function is triggered

2021-10-21 14:44:25 - [MESSAGE][INFO] - Found 1 web elements with id: 'Object Repository/Olusturma/Genel/AliciBilgisi/Tamam_Butonu' located by 'By.xpath: //div[@id='btnSelectCustomer_CD']/span' in '30' second(s)

2021-10-21 14:44:25 - [MESSAGE][INFO] - Clicking on object: 'Object Repository/Olusturma/Genel/AliciBilgisi/Tamam_Butonu'

2021-10-21 14:44:25 - [MESSAGE][PASSED] - Object: 'Object Repository/Olusturma/Genel/AliciBilgisi/Tamam_Butonu' is clicked on

2021-10-21 14:44:25 - [MESSAGE][INFO] - Switching to default content

2021-10-21 14:44:25 - [TEST_STEP][PASSED] - waitForElementPresent(findTestObject("Olusturma/Genel/AliciBilgisi/VKN-TCKN"), 10): Object 'Object Repository/Olusturma/Genel/AliciBilgisi/VKN-TCKN' is present

2021-10-21 14:44:25 - [MESSAGE][INFO] - Finding Test Object 'Object Repository/Olusturma/Genel/AliciBilgisi/VKN-TCKN'

2021-10-21 14:44:25 - [MESSAGE][INFO] - Checking object

2021-10-21 14:44:25 - [MESSAGE][INFO] - Finding web element from Test Object's properties

2021-10-21 14:44:25 - [MESSAGE][INFO] - Checking timeout

2021-10-21 14:44:25 - [MESSAGE][INFO] - Finding web element with id: 'Object Repository/Olusturma/Genel/AliciBilgisi/VKN-TCKN' located by 'By.xpath: //*[@id = 'txtVknTckn_I']' in '10' second(s)

2021-10-21 14:44:25 - [MESSAGE][INFO] - Smart Wait Function is triggered

2021-10-21 14:44:25 - [MESSAGE][INFO] - Found 1 web elements with id: 'Object Repository/Olusturma/Genel/AliciBilgisi/VKN-TCKN' located by 'By.xpath: //*[@id = 'txtVknTckn_I']' in '10' second(s)

2021-10-21 14:44:25 - [MESSAGE][PASSED] - Object 'Object Repository/Olusturma/Genel/AliciBilgisi/VKN-TCKN' is present

2021-10-21 14:44:25 - [TEST_STEP][PASSED] - text = getAttribute(findTestObject("Olusturma/Genel/AliciBilgisi/VKN-TCKN"), "value"): Attribute 'value' of object 'Object Repository/Olusturma/Genel/AliciBilgisi/VKN-TCKN' is: '6090408038'

2021-10-21 14:44:25 - [MESSAGE][INFO] - Finding Test Object 'Object Repository/Olusturma/Genel/AliciBilgisi/VKN-TCKN'

2021-10-21 14:44:25 - [MESSAGE][INFO] - Checking object

2021-10-21 14:44:25 - [MESSAGE][INFO] - Checking attribute

2021-10-21 14:44:25 - [MESSAGE][INFO] - Finding web element from Test Object's properties

2021-10-21 14:44:25 - [MESSAGE][INFO] - Checking timeout

2021-10-21 14:44:25 - [MESSAGE][INFO] - Finding web element with id: 'Object Repository/Olusturma/Genel/AliciBilgisi/VKN-TCKN' located by 'By.xpath: //*[@id = 'txtVknTckn_I']' in '30' second(s)

2021-10-21 14:44:25 - [MESSAGE][INFO] - Smart Wait Function is triggered

2021-10-21 14:44:26 - [MESSAGE][INFO] - Found 1 web elements with id: 'Object Repository/Olusturma/Genel/AliciBilgisi/VKN-TCKN' located by 'By.xpath: //*[@id = 'txtVknTckn_I']' in '30' second(s)

2021-10-21 14:44:26 - [MESSAGE][INFO] - Getting attribute 'value' of object 'Object Repository/Olusturma/Genel/AliciBilgisi/VKN-TCKN'

2021-10-21 14:44:26 - [MESSAGE][PASSED] - Attribute 'value' of object 'Object Repository/Olusturma/Genel/AliciBilgisi/VKN-TCKN' is: '6090408038'

2021-10-21 14:44:26 - [TEST_STEP][PASSED] - if (text.equals("")): null

2021-10-21 14:44:26 - [MESSAGE][PASSED] - Call Test Case 'Test Cases/Olusturma/Genel/AliciSecilir' successfully

2021-10-21 14:44:26 - [MESSAGE][INFO] - Checking called Test Case

2021-10-21 14:44:26 - [MESSAGE][INFO] - Starting to call Test Case 'Test Cases/Olusturma/Genel/GonderimSekliSecilir'

2021-10-21 14:44:26 - [TEST_CASE][PASSED] - Test Cases/Olusturma/Genel/GonderimSekliSecilir: Test Cases/Olusturma/Genel/GonderimSekliSecilir

2021-10-21 14:44:26 - [TEST_STEP][PASSED] - waitForElementClickable(findTestObject("Object Repository/Olusturma/Genel/GonderimSekli/GonderimSekli"), 10): Object 'Object Repository/Olusturma/Genel/GonderimSekli/GonderimSekli' is clickable

2021-10-21 14:44:26 - [MESSAGE][INFO] - Finding Test Object 'Object Repository/Olusturma/Genel/GonderimSekli/GonderimSekli'

2021-10-21 14:44:26 - [MESSAGE][INFO] - Checking object

2021-10-21 14:44:26 - [MESSAGE][INFO] - Checking timeout

2021-10-21 14:44:26 - [MESSAGE][INFO] - Finding web element from Test Object's properties

2021-10-21 14:44:26 - [MESSAGE][INFO] - Checking timeout

2021-10-21 14:44:26 - [MESSAGE][INFO] - Finding web element with id: 'Object Repository/Olusturma/Genel/GonderimSekli/GonderimSekli' located by 'By.xpath: //*[@id = 'txtGonderimSekil_I']' in '10' second(s)

2021-10-21 14:44:26 - [MESSAGE][INFO] - Smart Wait Function is triggered

2021-10-21 14:44:26 - [MESSAGE][INFO] - Found 1 web elements with id: 'Object Repository/Olusturma/Genel/GonderimSekli/GonderimSekli' located by 'By.xpath: //*[@id = 'txtGonderimSekil_I']' in '10' second(s)

2021-10-21 14:44:26 - [MESSAGE][PASSED] - Object 'Object Repository/Olusturma/Genel/GonderimSekli/GonderimSekli' is clickable

2021-10-21 14:44:26 - [TEST_STEP][PASSED] - click(findTestObject("Object Repository/Olusturma/Genel/GonderimSekli/GonderimSekli")): Object: 'Object Repository/Olusturma/Genel/GonderimSekli/GonderimSekli' is clicked on

2021-10-21 14:44:26 - [MESSAGE][INFO] - Finding Test Object 'Object Repository/Olusturma/Genel/GonderimSekli/GonderimSekli'

2021-10-21 14:44:26 - [MESSAGE][INFO] - Checking object

2021-10-21 14:44:26 - [MESSAGE][INFO] - Finding web element from Test Object's properties

2021-10-21 14:44:26 - [MESSAGE][INFO] - Checking timeout

2021-10-21 14:44:26 - [MESSAGE][INFO] - Finding web element with id: 'Object Repository/Olusturma/Genel/GonderimSekli/GonderimSekli' located by 'By.xpath: //*[@id = 'txtGonderimSekil_I']' in '30' second(s)

2021-10-21 14:44:26 - [MESSAGE][INFO] - Smart Wait Function is triggered

2021-10-21 14:44:26 - [MESSAGE][INFO] - Found 1 web elements with id: 'Object Repository/Olusturma/Genel/GonderimSekli/GonderimSekli' located by 'By.xpath: //*[@id = 'txtGonderimSekil_I']' in '30' second(s)

2021-10-21 14:44:26 - [MESSAGE][INFO] - Clicking on object: 'Object Repository/Olusturma/Genel/GonderimSekli/GonderimSekli'

2021-10-21 14:44:26 - [MESSAGE][PASSED] - Object: 'Object Repository/Olusturma/Genel/GonderimSekli/GonderimSekli' is clicked on

2021-10-21 14:44:26 - [TEST_STEP][PASSED] - Method.TextDegerineEsitElementeTikla(findTestObject("Object Repository/Olusturma/Genel/GonderimSekli/GonderimSekliAdi"), GonderimSekli): Method.TextDegerineEsitElementeTikla is PASSED

2021-10-21 14:44:27 - [MESSAGE][INFO] - Finding Test Object 'Object Repository/Olusturma/Genel/GonderimSekli/GonderimSekliAdi'

2021-10-21 14:44:27 - [MESSAGE][INFO] - Checking timeout

2021-10-21 14:44:27 - [MESSAGE][INFO] - Finding web element with id: 'Object Repository/Olusturma/Genel/GonderimSekli/GonderimSekliAdi' located by 'By.cssSelector: #txtGonderimSekil_DDD_L_LBT td' in '10' second(s)

2021-10-21 14:44:27 - [MESSAGE][INFO] - Smart Wait Function is triggered

2021-10-21 14:44:27 - [MESSAGE][INFO] - Found 2 web elements with id: 'Object Repository/Olusturma/Genel/GonderimSekli/GonderimSekliAdi' located by 'By.cssSelector: #txtGonderimSekil_DDD_L_LBT td' in '10' second(s)

2021-10-21 14:44:27 - [MESSAGE][PASSED] - Method.TextDegerineEsitElementeTikla is PASSED

2021-10-21 14:44:27 - [MESSAGE][PASSED] - Call Test Case 'Test Cases/Olusturma/Genel/GonderimSekliSecilir' successfully

2021-10-21 14:44:27 - [MESSAGE][INFO] - Checking called Test Case

2021-10-21 14:44:27 - [MESSAGE][INFO] - Starting to call Test Case 'Test Cases/Olusturma/Genel/DokumanParaBirimiSecilir'

2021-10-21 14:44:27 - [TEST_CASE][PASSED] - Test Cases/Olusturma/Genel/DokumanParaBirimiSecilir: Test Cases/Olusturma/Genel/DokumanParaBirimiSecilir

2021-10-21 14:44:27 - [TEST_STEP][PASSED] - waitForElementClickable(findTestObject("Object Repository/Olusturma/Genel/DokumanParaBirimiSecilir/Para"), 10): Object 'Object Repository/Olusturma/Genel/DokumanParaBirimiSecilir/Para' is clickable

2021-10-21 14:44:27 - [MESSAGE][INFO] - Finding Test Object 'Object Repository/Olusturma/Genel/DokumanParaBirimiSecilir/Para'

2021-10-21 14:44:27 - [MESSAGE][INFO] - Checking object

2021-10-21 14:44:27 - [MESSAGE][INFO] - Checking timeout

2021-10-21 14:44:27 - [MESSAGE][INFO] - Finding web element from Test Object's properties

2021-10-21 14:44:27 - [MESSAGE][INFO] - Checking timeout

2021-10-21 14:44:27 - [MESSAGE][INFO] - Finding web element with id: 'Object Repository/Olusturma/Genel/DokumanParaBirimiSecilir/Para' located by 'By.xpath: //*[@id = 'CurrencyUnit_I']' in '10' second(s)

2021-10-21 14:44:27 - [MESSAGE][INFO] - Smart Wait Function is triggered

2021-10-21 14:44:27 - [MESSAGE][INFO] - Found 1 web elements with id: 'Object Repository/Olusturma/Genel/DokumanParaBirimiSecilir/Para' located by 'By.xpath: //*[@id = 'CurrencyUnit_I']' in '10' second(s)

2021-10-21 14:44:28 - [MESSAGE][PASSED] - Object 'Object Repository/Olusturma/Genel/DokumanParaBirimiSecilir/Para' is clickable

2021-10-21 14:44:28 - [TEST_STEP][PASSED] - click(findTestObject("Object Repository/Olusturma/Genel/DokumanParaBirimiSecilir/Para")): Object: 'Object Repository/Olusturma/Genel/DokumanParaBirimiSecilir/Para' is clicked on

2021-10-21 14:44:28 - [MESSAGE][INFO] - Finding Test Object 'Object Repository/Olusturma/Genel/DokumanParaBirimiSecilir/Para'

2021-10-21 14:44:28 - [MESSAGE][INFO] - Checking object

2021-10-21 14:44:28 - [MESSAGE][INFO] - Finding web element from Test Object's properties

2021-10-21 14:44:28 - [MESSAGE][INFO] - Checking timeout

2021-10-21 14:44:28 - [MESSAGE][INFO] - Finding web element with id: 'Object Repository/Olusturma/Genel/DokumanParaBirimiSecilir/Para' located by 'By.xpath: //*[@id = 'CurrencyUnit_I']' in '30' second(s)

2021-10-21 14:44:28 - [MESSAGE][INFO] - Smart Wait Function is triggered

2021-10-21 14:44:28 - [MESSAGE][INFO] - Found 1 web elements with id: 'Object Repository/Olusturma/Genel/DokumanParaBirimiSecilir/Para' located by 'By.xpath: //*[@id = 'CurrencyUnit_I']' in '30' second(s)

2021-10-21 14:44:28 - [MESSAGE][INFO] - Clicking on object: 'Object Repository/Olusturma/Genel/DokumanParaBirimiSecilir/Para'

2021-10-21 14:44:28 - [MESSAGE][PASSED] - Object: 'Object Repository/Olusturma/Genel/DokumanParaBirimiSecilir/Para' is clicked on

2021-10-21 14:44:28 - [TEST_STEP][PASSED] - Method.TextDegerineEsitElementeTikla(findTestObject("Object Repository/Olusturma/Genel/DokumanParaBirimiSecilir/Para_Adi"), Para): Method.TextDegerineEsitElementeTikla is PASSED

2021-10-21 14:44:28 - [MESSAGE][INFO] - Finding Test Object 'Object Repository/Olusturma/Genel/DokumanParaBirimiSecilir/Para_Adi'

2021-10-21 14:44:28 - [MESSAGE][INFO] - Checking timeout

2021-10-21 14:44:28 - [MESSAGE][INFO] - Finding web element with id: 'Object Repository/Olusturma/Genel/DokumanParaBirimiSecilir/Para_Adi' located by 'By.cssSelector: #CurrencyUnit_DDD_L_LBT td' in '10' second(s)

2021-10-21 14:44:28 - [MESSAGE][INFO] - Smart Wait Function is triggered

2021-10-21 14:44:28 - [MESSAGE][INFO] - Found 203 web elements with id: 'Object Repository/Olusturma/Genel/DokumanParaBirimiSecilir/Para_Adi' located by 'By.cssSelector: #CurrencyUnit_DDD_L_LBT td' in '10' second(s)

2021-10-21 14:44:32 - [MESSAGE][PASSED] - Method.TextDegerineEsitElementeTikla is PASSED

2021-10-21 14:44:32 - [MESSAGE][PASSED] - Call Test Case 'Test Cases/Olusturma/Genel/DokumanParaBirimiSecilir' successfully

2021-10-21 14:44:32 - [MESSAGE][INFO] - Checking called Test Case

2021-10-21 14:44:32 - [MESSAGE][INFO] - Starting to call Test Case 'Test Cases/Olusturma/Genel/TasarimSecilir'

2021-10-21 14:44:33 - [TEST_CASE][PASSED] - Test Cases/Olusturma/Genel/TasarimSecilir: Test Cases/Olusturma/Genel/TasarimSecilir

2021-10-21 14:44:33 - [TEST_STEP][PASSED] - waitForElementClickable(findTestObject("Object Repository/Olusturma/Genel/TasarimSecilir/Tasarim"), 10): Object 'Object Repository/Olusturma/Genel/TasarimSecilir/Tasarim' is clickable

2021-10-21 14:44:33 - [MESSAGE][INFO] - Finding Test Object 'Object Repository/Olusturma/Genel/TasarimSecilir/Tasarim'

2021-10-21 14:44:33 - [MESSAGE][INFO] - Checking object

2021-10-21 14:44:33 - [MESSAGE][INFO] - Checking timeout

2021-10-21 14:44:33 - [MESSAGE][INFO] - Finding web element from Test Object's properties

2021-10-21 14:44:33 - [MESSAGE][INFO] - Checking timeout

2021-10-21 14:44:33 - [MESSAGE][INFO] - Finding web element with id: 'Object Repository/Olusturma/Genel/TasarimSecilir/Tasarim' located by 'By.xpath: //*[@id = 'DesignId_I']' in '10' second(s)

2021-10-21 14:44:33 - [MESSAGE][INFO] - Smart Wait Function is triggered

2021-10-21 14:44:33 - [MESSAGE][INFO] - Found 1 web elements with id: 'Object Repository/Olusturma/Genel/TasarimSecilir/Tasarim' located by 'By.xpath: //*[@id = 'DesignId_I']' in '10' second(s)

2021-10-21 14:44:33 - [MESSAGE][PASSED] - Object 'Object Repository/Olusturma/Genel/TasarimSecilir/Tasarim' is clickable

2021-10-21 14:44:33 - [TEST_STEP][PASSED] - click(findTestObject("Object Repository/Olusturma/Genel/TasarimSecilir/Tasarim")): Object: 'Object Repository/Olusturma/Genel/TasarimSecilir/Tasarim' is clicked on

2021-10-21 14:44:33 - [MESSAGE][INFO] - Finding Test Object 'Object Repository/Olusturma/Genel/TasarimSecilir/Tasarim'

2021-10-21 14:44:33 - [MESSAGE][INFO] - Checking object

2021-10-21 14:44:33 - [MESSAGE][INFO] - Finding web element from Test Object's properties

2021-10-21 14:44:33 - [MESSAGE][INFO] - Checking timeout

2021-10-21 14:44:33 - [MESSAGE][INFO] - Finding web element with id: 'Object Repository/Olusturma/Genel/TasarimSecilir/Tasarim' located by 'By.xpath: //*[@id = 'DesignId_I']' in '30' second(s)

2021-10-21 14:44:33 - [MESSAGE][INFO] - Smart Wait Function is triggered

2021-10-21 14:44:33 - [MESSAGE][INFO] - Found 1 web elements with id: 'Object Repository/Olusturma/Genel/TasarimSecilir/Tasarim' located by 'By.xpath: //*[@id = 'DesignId_I']' in '30' second(s)

2021-10-21 14:44:33 - [MESSAGE][INFO] - Clicking on object: 'Object Repository/Olusturma/Genel/TasarimSecilir/Tasarim'

2021-10-21 14:44:33 - [MESSAGE][PASSED] - Object: 'Object Repository/Olusturma/Genel/TasarimSecilir/Tasarim' is clicked on

2021-10-21 14:44:33 - [TEST_STEP][PASSED] - Method.TextDegerineEsitElementeTikla(findTestObject("Object Repository/Olusturma/Genel/TasarimSecilir/Tasarim_Adi"), Tasarim): Method.TextDegerineEsitElementeTikla is PASSED

2021-10-21 14:44:33 - [MESSAGE][INFO] - Finding Test Object 'Object Repository/Olusturma/Genel/TasarimSecilir/Tasarim_Adi'

2021-10-21 14:44:33 - [MESSAGE][INFO] - Checking timeout

2021-10-21 14:44:33 - [MESSAGE][INFO] - Finding web element with id: 'Object Repository/Olusturma/Genel/TasarimSecilir/Tasarim_Adi' located by 'By.cssSelector: #DesignId_DDD_L_LBT td' in '10' second(s)

2021-10-21 14:44:33 - [MESSAGE][INFO] - Smart Wait Function is triggered

2021-10-21 14:44:34 - [MESSAGE][INFO] - Found 3 web elements with id: 'Object Repository/Olusturma/Genel/TasarimSecilir/Tasarim_Adi' located by 'By.cssSelector: #DesignId_DDD_L_LBT td' in '10' second(s)

2021-10-21 14:44:34 - [MESSAGE][PASSED] - Method.TextDegerineEsitElementeTikla is PASSED

2021-10-21 14:44:34 - [MESSAGE][PASSED] - Call Test Case 'Test Cases/Olusturma/Genel/TasarimSecilir' successfully

2021-10-21 14:44:34 - [MESSAGE][INFO] - Checking called Test Case

2021-10-21 14:44:34 - [MESSAGE][INFO] - Starting to call Test Case 'Test Cases/Olusturma/Genel/EkleButonunaBasilir'

2021-10-21 14:44:34 - [TEST_CASE][PASSED] - Test Cases/Olusturma/Genel/EkleButonunaBasilir: Test Cases/Olusturma/Genel/EkleButonunaBasilir

2021-10-21 14:44:34 - [TEST_STEP][PASSED] - waitForElementClickable(findTestObject("Object Repository/Olusturma/Genel/Olusturma/Ekle"), 10): Object 'Object Repository/Olusturma/Genel/Olusturma/Ekle' is clickable

2021-10-21 14:44:34 - [MESSAGE][INFO] - Finding Test Object 'Object Repository/Olusturma/Genel/Olusturma/Ekle'

2021-10-21 14:44:34 - [MESSAGE][INFO] - Checking object

2021-10-21 14:44:34 - [MESSAGE][INFO] - Checking timeout

2021-10-21 14:44:34 - [MESSAGE][INFO] - Finding web element from Test Object's properties

2021-10-21 14:44:34 - [MESSAGE][INFO] - Checking timeout

2021-10-21 14:44:34 - [MESSAGE][INFO] - Finding web element with id: 'Object Repository/Olusturma/Genel/Olusturma/Ekle' located by 'By.cssSelector: #divmalhizmet i.fa.fa-plus.fa-lg.text-muted' in '10' second(s)

2021-10-21 14:44:34 - [MESSAGE][INFO] - Smart Wait Function is triggered

2021-10-21 14:44:35 - [MESSAGE][INFO] - Found 1 web elements with id: 'Object Repository/Olusturma/Genel/Olusturma/Ekle' located by 'By.cssSelector: #divmalhizmet i.fa.fa-plus.fa-lg.text-muted' in '10' second(s)

2021-10-21 14:44:35 - [MESSAGE][PASSED] - Object 'Object Repository/Olusturma/Genel/Olusturma/Ekle' is clickable

2021-10-21 14:44:35 - [TEST_STEP][PASSED] - click(findTestObject("Object Repository/Olusturma/Genel/Olusturma/Ekle")): Object: 'Object Repository/Olusturma/Genel/Olusturma/Ekle' is clicked on

2021-10-21 14:44:35 - [MESSAGE][INFO] - Finding Test Object 'Object Repository/Olusturma/Genel/Olusturma/Ekle'

2021-10-21 14:44:35 - [MESSAGE][INFO] - Checking object

2021-10-21 14:44:35 - [MESSAGE][INFO] - Finding web element from Test Object's properties

2021-10-21 14:44:35 - [MESSAGE][INFO] - Checking timeout

2021-10-21 14:44:35 - [MESSAGE][INFO] - Finding web element with id: 'Object Repository/Olusturma/Genel/Olusturma/Ekle' located by 'By.cssSelector: #divmalhizmet i.fa.fa-plus.fa-lg.text-muted' in '30' second(s)

2021-10-21 14:44:35 - [MESSAGE][INFO] - Smart Wait Function is triggered

2021-10-21 14:44:35 - [MESSAGE][INFO] - Found 1 web elements with id: 'Object Repository/Olusturma/Genel/Olusturma/Ekle' located by 'By.cssSelector: #divmalhizmet i.fa.fa-plus.fa-lg.text-muted' in '30' second(s)

2021-10-21 14:44:35 - [MESSAGE][INFO] - Clicking on object: 'Object Repository/Olusturma/Genel/Olusturma/Ekle'

2021-10-21 14:44:35 - [MESSAGE][PASSED] - Object: 'Object Repository/Olusturma/Genel/Olusturma/Ekle' is clicked on

2021-10-21 14:44:35 - [TEST_STEP][PASSED] - waitForElementClickable(findTestObject("Olusturma/Genel/Olusturma/EklenenSatirCarpiImage"), 10): Object 'Object Repository/Olusturma/Genel/Olusturma/EklenenSatirCarpiImage' is clickable

2021-10-21 14:44:35 - [MESSAGE][INFO] - Finding Test Object 'Object Repository/Olusturma/Genel/Olusturma/EklenenSatirCarpiImage'

2021-10-21 14:44:35 - [MESSAGE][INFO] - Checking object

2021-10-21 14:44:35 - [MESSAGE][INFO] - Checking timeout

2021-10-21 14:44:35 - [MESSAGE][INFO] - Finding web element from Test Object's properties

2021-10-21 14:44:35 - [MESSAGE][INFO] - Checking timeout

2021-10-21 14:44:35 - [MESSAGE][INFO] - Finding web element with id: 'Object Repository/Olusturma/Genel/Olusturma/EklenenSatirCarpiImage' located by 'By.cssSelector: .fa.fa-times.fa-lg.text-primary' in '10' second(s)

2021-10-21 14:44:35 - [MESSAGE][INFO] - Smart Wait Function is triggered

2021-10-21 14:44:35 - [MESSAGE][INFO] - Smart Wait Function is triggered

2021-10-21 14:44:36 - [MESSAGE][INFO] - Found 1 web elements with id: 'Object Repository/Olusturma/Genel/Olusturma/EklenenSatirCarpiImage' located by 'By.cssSelector: .fa.fa-times.fa-lg.text-primary' in '10' second(s)

2021-10-21 14:44:36 - [MESSAGE][PASSED] - Object 'Object Repository/Olusturma/Genel/Olusturma/EklenenSatirCarpiImage' is clickable

2021-10-21 14:44:36 - [MESSAGE][PASSED] - Call Test Case 'Test Cases/Olusturma/Genel/EkleButonunaBasilir' successfully

2021-10-21 14:44:36 - [MESSAGE][INFO] - Checking called Test Case

2021-10-21 14:44:36 - [MESSAGE][INFO] - Starting to call Test Case 'Test Cases/Olusturma/Genel/Olusturma'

2021-10-21 14:44:37 - [TEST_CASE][PASSED] - Test Cases/Olusturma/Genel/Olusturma: Test Cases/Olusturma/Genel/Olusturma

2021-10-21 14:44:37 - [TEST_STEP][PASSED] - driver = getWebDriver(): null

2021-10-21 14:44:37 - [TEST_STEP][PASSED] - action = new org.openqa.selenium.interactions.Actions(driver): null

2021-10-21 14:44:37 - [TEST_STEP][PASSED] - baslikElement = <not implemented yet for class: org.codehaus.groovy.ast.expr.EmptyExpression>: null

2021-10-21 14:44:37 - [TEST_STEP][PASSED] - sonElement = <not implemented yet for class: org.codehaus.groovy.ast.expr.EmptyExpression>: null

2021-10-21 14:44:37 - [TEST_STEP][PASSED] - attr = <not implemented yet for class: org.codehaus.groovy.ast.expr.EmptyExpression>: null

2021-10-21 14:44:37 - [TEST_STEP][PASSED] - a = 0: null

2021-10-21 14:44:37 - [TEST_STEP][PASSED] - elements = findWebElements(findTestObject("Object Repository/Olusturma/Genel/Olusturma/TabloBasliklari"), 10): Found 12 web elements with id: 'Object Repository/Olusturma/Genel/Olusturma/TabloBasliklari' located by 'By.cssSelector: div#divmalhizmet .dxgvTable_LECustomTheme td.dxgvHeader_LECustomTheme tr>td:nth-child(1)' in '10' second(s)

2021-10-21 14:44:37 - [MESSAGE][INFO] - Finding Test Object 'Object Repository/Olusturma/Genel/Olusturma/TabloBasliklari'

2021-10-21 14:44:37 - [MESSAGE][INFO] - Checking timeout

2021-10-21 14:44:37 - [MESSAGE][INFO] - Finding web element with id: 'Object Repository/Olusturma/Genel/Olusturma/TabloBasliklari' located by 'By.cssSelector: div#divmalhizmet .dxgvTable_LECustomTheme td.dxgvHeader_LECustomTheme tr>td:nth-child(1)' in '10' second(s)

2021-10-21 14:44:37 - [MESSAGE][INFO] - Smart Wait Function is triggered

2021-10-21 14:44:37 - [MESSAGE][INFO] - Found 12 web elements with id: 'Object Repository/Olusturma/Genel/Olusturma/TabloBasliklari' located by 'By.cssSelector: div#divmalhizmet .dxgvTable_LECustomTheme td.dxgvHeader_LECustomTheme tr>td:nth-child(1)' in '10' second(s)

2021-10-21 14:44:37 - [TEST_STEP][PASSED] - for (def element : elements): null

2021-10-21 14:44:37 - [TEST_STEP][PASSED] - build().perform(): null

2021-10-21 14:44:37 - [TEST_STEP][PASSED] - if (getText().equals(Baslik)): null

2021-10-21 14:44:37 - [TEST_STEP][PASSED] - baslikElement = element.findElement(By.xpath("../../../..")): Smart Wait Function is triggered

2021-10-21 14:44:37 - [MESSAGE][INFO] - Smart Wait Function is triggered

2021-10-21 14:44:37 - [TEST_STEP][PASSED] - attr = baslikElement.getAttribute("id"): null

2021-10-21 14:44:37 - [TEST_STEP][PASSED] - println("girdi ve idsini aldı = " + attr): null

2021-10-21 14:44:37 - [TEST_STEP][PASSED] - break: null

2021-10-21 14:44:37 - [TEST_STEP][PASSED] - countElement = baslikElement.findElements(By.xpath("../td")): Smart Wait Function is triggered

2021-10-21 14:44:37 - [MESSAGE][INFO] - Smart Wait Function is triggered

2021-10-21 14:44:38 - [TEST_STEP][PASSED] - for (def element : countElement): null

2021-10-21 14:44:38 - [TEST_STEP][PASSED] - if (toString().equals(attr.toString())): null

2021-10-21 14:44:38 - [TEST_STEP][PASSED] - (a++): null

2021-10-21 14:44:38 - [TEST_STEP][PASSED] - if (toString().equals(attr.toString())): null

2021-10-21 14:44:38 - [TEST_STEP][PASSED] - break: null

2021-10-21 14:44:38 - [TEST_STEP][PASSED] - son = findWebElement(findTestObject("Object Repository/Olusturma/Genel/Olusturma/EklenenSatir")).findElement(By.xpath("td[@class='dxgvInlineEditCell_LECustomTheme dxgv'][" + a + "]//td[@class='dxic']/input")): Smart Wait Function is triggered

2021-10-21 14:44:38 - [MESSAGE][INFO] - Finding Test Object 'Object Repository/Olusturma/Genel/Olusturma/EklenenSatir'

2021-10-21 14:44:38 - [MESSAGE][INFO] - Finding web element from Test Object's properties

2021-10-21 14:44:38 - [MESSAGE][INFO] - Checking timeout

2021-10-21 14:44:38 - [MESSAGE][INFO] - Finding web element with id: 'Object Repository/Olusturma/Genel/Olusturma/EklenenSatir' located by 'By.cssSelector: #divmalhizmet .dxgvInlineEditRow_LECustomTheme' in '30' second(s)

2021-10-21 14:44:38 - [MESSAGE][INFO] - Smart Wait Function is triggered

2021-10-21 14:44:38 - [MESSAGE][INFO] - Found 1 web elements with id: 'Object Repository/Olusturma/Genel/Olusturma/EklenenSatir' located by 'By.cssSelector: #divmalhizmet .dxgvInlineEditRow_LECustomTheme' in '30' second(s)

2021-10-21 14:44:38 - [MESSAGE][INFO] - Smart Wait Function is triggered

2021-10-21 14:44:38 - [TEST_STEP][PASSED] - if (!(getAttribute("value").contains("Vkn"))): null

2021-10-21 14:44:38 - [TEST_STEP][PASSED] - son.clear(): null

2021-10-21 14:44:38 - [TEST_STEP][PASSED] - son.sendKeys(Deger): null

2021-10-21 14:44:38 - [MESSAGE][PASSED] - Call Test Case 'Test Cases/Olusturma/Genel/Olusturma' successfully

2021-10-21 14:44:38 - [MESSAGE][INFO] - Checking called Test Case

2021-10-21 14:44:38 - [MESSAGE][INFO] - Starting to call Test Case 'Test Cases/Olusturma/Genel/Olusturma'

2021-10-21 14:44:39 - [TEST_CASE][PASSED] - Test Cases/Olusturma/Genel/Olusturma: Test Cases/Olusturma/Genel/Olusturma

2021-10-21 14:44:39 - [TEST_STEP][PASSED] - driver = getWebDriver(): null

2021-10-21 14:44:39 - [TEST_STEP][PASSED] - action = new org.openqa.selenium.interactions.Actions(driver): null

2021-10-21 14:44:39 - [TEST_STEP][PASSED] - baslikElement = <not implemented yet for class: org.codehaus.groovy.ast.expr.EmptyExpression>: null

2021-10-21 14:44:39 - [TEST_STEP][PASSED] - sonElement = <not implemented yet for class: org.codehaus.groovy.ast.expr.EmptyExpression>: null

2021-10-21 14:44:39 - [TEST_STEP][PASSED] - attr = <not implemented yet for class: org.codehaus.groovy.ast.expr.EmptyExpression>: null

2021-10-21 14:44:39 - [TEST_STEP][PASSED] - a = 0: null

2021-10-21 14:44:39 - [TEST_STEP][PASSED] - elements = findWebElements(findTestObject("Object Repository/Olusturma/Genel/Olusturma/TabloBasliklari"), 10): Found 12 web elements with id: 'Object Repository/Olusturma/Genel/Olusturma/TabloBasliklari' located by 'By.cssSelector: div#divmalhizmet .dxgvTable_LECustomTheme td.dxgvHeader_LECustomTheme tr>td:nth-child(1)' in '10' second(s)

2021-10-21 14:44:39 - [MESSAGE][INFO] - Finding Test Object 'Object Repository/Olusturma/Genel/Olusturma/TabloBasliklari'

2021-10-21 14:44:39 - [MESSAGE][INFO] - Checking timeout

2021-10-21 14:44:39 - [MESSAGE][INFO] - Finding web element with id: 'Object Repository/Olusturma/Genel/Olusturma/TabloBasliklari' located by 'By.cssSelector: div#divmalhizmet .dxgvTable_LECustomTheme td.dxgvHeader_LECustomTheme tr>td:nth-child(1)' in '10' second(s)

2021-10-21 14:44:39 - [MESSAGE][INFO] - Smart Wait Function is triggered

2021-10-21 14:44:39 - [MESSAGE][INFO] - Found 12 web elements with id: 'Object Repository/Olusturma/Genel/Olusturma/TabloBasliklari' located by 'By.cssSelector: div#divmalhizmet .dxgvTable_LECustomTheme td.dxgvHeader_LECustomTheme tr>td:nth-child(1)' in '10' second(s)

2021-10-21 14:44:39 - [TEST_STEP][PASSED] - for (def element : elements): null

2021-10-21 14:44:39 - [TEST_STEP][PASSED] - build().perform(): null

2021-10-21 14:44:39 - [TEST_STEP][PASSED] - if (getText().equals(Baslik)): null

2021-10-21 14:44:39 - [TEST_STEP][PASSED] - build().perform(): null

2021-10-21 14:44:39 - [TEST_STEP][PASSED] - if (getText().equals(Baslik)): null

2021-10-21 14:44:39 - [TEST_STEP][PASSED] - baslikElement = element.findElement(By.xpath("../../../..")): Smart Wait Function is triggered

2021-10-21 14:44:39 - [MESSAGE][INFO] - Smart Wait Function is triggered

2021-10-21 14:44:39 - [TEST_STEP][PASSED] - attr = baslikElement.getAttribute("id"): null

2021-10-21 14:44:39 - [TEST_STEP][PASSED] - println("girdi ve idsini aldı = " + attr): null

2021-10-21 14:44:39 - [TEST_STEP][PASSED] - break: null

2021-10-21 14:44:39 - [TEST_STEP][PASSED] - countElement = baslikElement.findElements(By.xpath("../td")): Smart Wait Function is triggered

2021-10-21 14:44:39 - [MESSAGE][INFO] - Smart Wait Function is triggered

2021-10-21 14:44:40 - [TEST_STEP][PASSED] - for (def element : countElement): null

2021-10-21 14:44:40 - [TEST_STEP][PASSED] - if (toString().equals(attr.toString())): null

2021-10-21 14:44:40 - [TEST_STEP][PASSED] - (a++): null

2021-10-21 14:44:40 - [TEST_STEP][PASSED] - if (toString().equals(attr.toString())): null

2021-10-21 14:44:40 - [TEST_STEP][PASSED] - (a++): null

2021-10-21 14:44:40 - [TEST_STEP][PASSED] - if (toString().equals(attr.toString())): null

2021-10-21 14:44:40 - [TEST_STEP][PASSED] - break: null

2021-10-21 14:44:40 - [TEST_STEP][PASSED] - son = findWebElement(findTestObject("Object Repository/Olusturma/Genel/Olusturma/EklenenSatir")).findElement(By.xpath("td[@class='dxgvInlineEditCell_LECustomTheme dxgv'][" + a + "]//td[@class='dxic']/input")): Smart Wait Function is triggered

2021-10-21 14:44:40 - [MESSAGE][INFO] - Finding Test Object 'Object Repository/Olusturma/Genel/Olusturma/EklenenSatir'

2021-10-21 14:44:40 - [MESSAGE][INFO] - Finding web element from Test Object's properties

2021-10-21 14:44:40 - [MESSAGE][INFO] - Checking timeout

2021-10-21 14:44:40 - [MESSAGE][INFO] - Finding web element with id: 'Object Repository/Olusturma/Genel/Olusturma/EklenenSatir' located by 'By.cssSelector: #divmalhizmet .dxgvInlineEditRow_LECustomTheme' in '30' second(s)

2021-10-21 14:44:40 - [MESSAGE][INFO] - Smart Wait Function is triggered

2021-10-21 14:44:40 - [MESSAGE][INFO] - Found 1 web elements with id: 'Object Repository/Olusturma/Genel/Olusturma/EklenenSatir' located by 'By.cssSelector: #divmalhizmet .dxgvInlineEditRow_LECustomTheme' in '30' second(s)

2021-10-21 14:44:40 - [MESSAGE][INFO] - Smart Wait Function is triggered

2021-10-21 14:44:40 - [TEST_STEP][PASSED] - if (!(getAttribute("value").contains("Vkn"))): null

2021-10-21 14:44:40 - [TEST_STEP][PASSED] - son.clear(): null

2021-10-21 14:44:41 - [TEST_STEP][PASSED] - son.sendKeys(Deger): null

2021-10-21 14:44:41 - [MESSAGE][PASSED] - Call Test Case 'Test Cases/Olusturma/Genel/Olusturma' successfully

2021-10-21 14:44:41 - [MESSAGE][INFO] - Checking called Test Case

2021-10-21 14:44:41 - [MESSAGE][INFO] - Starting to call Test Case 'Test Cases/Olusturma/Genel/Olusturma'

2021-10-21 14:44:41 - [TEST_CASE][PASSED] - Test Cases/Olusturma/Genel/Olusturma: Test Cases/Olusturma/Genel/Olusturma

2021-10-21 14:44:41 - [TEST_STEP][PASSED] - driver = getWebDriver(): null

2021-10-21 14:44:41 - [TEST_STEP][PASSED] - action = new org.openqa.selenium.interactions.Actions(driver): null

2021-10-21 14:44:41 - [TEST_STEP][PASSED] - baslikElement = <not implemented yet for class: org.codehaus.groovy.ast.expr.EmptyExpression>: null

2021-10-21 14:44:41 - [TEST_STEP][PASSED] - sonElement = <not implemented yet for class: org.codehaus.groovy.ast.expr.EmptyExpression>: null

2021-10-21 14:44:41 - [TEST_STEP][PASSED] - attr = <not implemented yet for class: org.codehaus.groovy.ast.expr.EmptyExpression>: null

2021-10-21 14:44:41 - [TEST_STEP][PASSED] - a = 0: null

2021-10-21 14:44:41 - [TEST_STEP][PASSED] - elements = findWebElements(findTestObject("Object Repository/Olusturma/Genel/Olusturma/TabloBasliklari"), 10): Found 12 web elements with id: 'Object Repository/Olusturma/Genel/Olusturma/TabloBasliklari' located by 'By.cssSelector: div#divmalhizmet .dxgvTable_LECustomTheme td.dxgvHeader_LECustomTheme tr>td:nth-child(1)' in '10' second(s)

2021-10-21 14:44:41 - [MESSAGE][INFO] - Finding Test Object 'Object Repository/Olusturma/Genel/Olusturma/TabloBasliklari'

2021-10-21 14:44:41 - [MESSAGE][INFO] - Checking timeout

2021-10-21 14:44:41 - [MESSAGE][INFO] - Finding web element with id: 'Object Repository/Olusturma/Genel/Olusturma/TabloBasliklari' located by 'By.cssSelector: div#divmalhizmet .dxgvTable_LECustomTheme td.dxgvHeader_LECustomTheme tr>td:nth-child(1)' in '10' second(s)

2021-10-21 14:44:41 - [MESSAGE][INFO] - Smart Wait Function is triggered

2021-10-21 14:44:41 - [MESSAGE][INFO] - Found 12 web elements with id: 'Object Repository/Olusturma/Genel/Olusturma/TabloBasliklari' located by 'By.cssSelector: div#divmalhizmet .dxgvTable_LECustomTheme td.dxgvHeader_LECustomTheme tr>td:nth-child(1)' in '10' second(s)

2021-10-21 14:44:41 - [TEST_STEP][PASSED] - for (def element : elements): null

2021-10-21 14:44:41 - [TEST_STEP][PASSED] - build().perform(): null

2021-10-21 14:44:41 - [TEST_STEP][PASSED] - if (getText().equals(Baslik)): null

2021-10-21 14:44:41 - [TEST_STEP][PASSED] - build().perform(): null

2021-10-21 14:44:41 - [TEST_STEP][PASSED] - if (getText().equals(Baslik)): null

2021-10-21 14:44:41 - [TEST_STEP][PASSED] - build().perform(): null

2021-10-21 14:44:41 - [TEST_STEP][PASSED] - if (getText().equals(Baslik)): null

2021-10-21 14:44:41 - [TEST_STEP][PASSED] - baslikElement = element.findElement(By.xpath("../../../..")): Smart Wait Function is triggered

2021-10-21 14:44:41 - [MESSAGE][INFO] - Smart Wait Function is triggered

2021-10-21 14:44:42 - [TEST_STEP][PASSED] - attr = baslikElement.getAttribute("id"): null

2021-10-21 14:44:42 - [TEST_STEP][PASSED] - println("girdi ve idsini aldı = " + attr): null

2021-10-21 14:44:42 - [TEST_STEP][PASSED] - break: null

2021-10-21 14:44:42 - [TEST_STEP][PASSED] - countElement = baslikElement.findElements(By.xpath("../td")): Smart Wait Function is triggered

2021-10-21 14:44:42 - [MESSAGE][INFO] - Smart Wait Function is triggered

2021-10-21 14:44:42 - [TEST_STEP][PASSED] - for (def element : countElement): null

2021-10-21 14:44:42 - [TEST_STEP][PASSED] - if (toString().equals(attr.toString())): null

2021-10-21 14:44:42 - [TEST_STEP][PASSED] - (a++): null

2021-10-21 14:44:42 - [TEST_STEP][PASSED] - if (toString().equals(attr.toString())): null

2021-10-21 14:44:42 - [TEST_STEP][PASSED] - (a++): null

2021-10-21 14:44:42 - [TEST_STEP][PASSED] - if (toString().equals(attr.toString())): null

2021-10-21 14:44:42 - [TEST_STEP][PASSED] - (a++): null

2021-10-21 14:44:42 - [TEST_STEP][PASSED] - if (toString().equals(attr.toString())): null

2021-10-21 14:44:42 - [TEST_STEP][PASSED] - break: null

2021-10-21 14:44:42 - [TEST_STEP][PASSED] - son = findWebElement(findTestObject("Object Repository/Olusturma/Genel/Olusturma/EklenenSatir")).findElement(By.xpath("td[@class='dxgvInlineEditCell_LECustomTheme dxgv'][" + a + "]//td[@class='dxic']/input")): Smart Wait Function is triggered

2021-10-21 14:44:42 - [MESSAGE][INFO] - Finding Test Object 'Object Repository/Olusturma/Genel/Olusturma/EklenenSatir'

2021-10-21 14:44:42 - [MESSAGE][INFO] - Finding web element from Test Object's properties

2021-10-21 14:44:42 - [MESSAGE][INFO] - Checking timeout

2021-10-21 14:44:42 - [MESSAGE][INFO] - Finding web element with id: 'Object Repository/Olusturma/Genel/Olusturma/EklenenSatir' located by 'By.cssSelector: #divmalhizmet .dxgvInlineEditRow_LECustomTheme' in '30' second(s)

2021-10-21 14:44:42 - [MESSAGE][INFO] - Smart Wait Function is triggered

2021-10-21 14:44:43 - [MESSAGE][INFO] - Found 1 web elements with id: 'Object Repository/Olusturma/Genel/Olusturma/EklenenSatir' located by 'By.cssSelector: #divmalhizmet .dxgvInlineEditRow_LECustomTheme' in '30' second(s)

2021-10-21 14:44:43 - [MESSAGE][INFO] - Smart Wait Function is triggered

2021-10-21 14:44:43 - [TEST_STEP][PASSED] - if (!(getAttribute("value").contains("Vkn"))): null

2021-10-21 14:44:43 - [TEST_STEP][PASSED] - son.clear(): null

2021-10-21 14:44:43 - [TEST_STEP][PASSED] - son.sendKeys(Deger): null

2021-10-21 14:44:43 - [MESSAGE][PASSED] - Call Test Case 'Test Cases/Olusturma/Genel/Olusturma' successfully

2021-10-21 14:44:43 - [MESSAGE][INFO] - Checking called Test Case

2021-10-21 14:44:43 - [MESSAGE][INFO] - Starting to call Test Case 'Test Cases/Olusturma/Genel/NotGirilir'

2021-10-21 14:44:43 - [TEST_CASE][PASSED] - Test Cases/Olusturma/Genel/NotGirilir: Test Cases/Olusturma/Genel/NotGirilir

2021-10-21 14:44:43 - [TEST_STEP][PASSED] - i = 0: null

2021-10-21 14:44:43 - [TEST_STEP][PASSED] - waitForElementClickable(findTestObject("Olusturma/Genel/Not/Notlar"), 10): Object 'Object Repository/Olusturma/Genel/Not/Notlar' is clickable

2021-10-21 14:44:43 - [MESSAGE][INFO] - Finding Test Object 'Object Repository/Olusturma/Genel/Not/Notlar'

2021-10-21 14:44:43 - [MESSAGE][INFO] - Checking object

2021-10-21 14:44:43 - [MESSAGE][INFO] - Checking timeout

2021-10-21 14:44:43 - [MESSAGE][INFO] - Finding web element from Test Object's properties

2021-10-21 14:44:43 - [MESSAGE][INFO] - Checking timeout

2021-10-21 14:44:43 - [MESSAGE][INFO] - Finding web element with id: 'Object Repository/Olusturma/Genel/Not/Notlar' located by 'By.xpath: //*[@id = 'txtNote_I']' in '10' second(s)

2021-10-21 14:44:43 - [MESSAGE][INFO] - Smart Wait Function is triggered

2021-10-21 14:44:43 - [MESSAGE][INFO] - Found 1 web elements with id: 'Object Repository/Olusturma/Genel/Not/Notlar' located by 'By.xpath: //*[@id = 'txtNote_I']' in '10' second(s)

2021-10-21 14:44:43 - [MESSAGE][PASSED] - Object 'Object Repository/Olusturma/Genel/Not/Notlar' is clickable

2021-10-21 14:44:43 - [TEST_STEP][PASSED] - clearText(findTestObject("Olusturma/Genel/Not/Notlar")): Text of object 'Object Repository/Olusturma/Genel/Not/Notlar' is cleared

2021-10-21 14:44:43 - [MESSAGE][INFO] - Finding Test Object 'Object Repository/Olusturma/Genel/Not/Notlar'

2021-10-21 14:44:44 - [MESSAGE][INFO] - Checking object

2021-10-21 14:44:44 - [MESSAGE][INFO] - Finding web element from Test Object's properties

2021-10-21 14:44:44 - [MESSAGE][INFO] - Checking timeout

2021-10-21 14:44:44 - [MESSAGE][INFO] - Finding web element with id: 'Object Repository/Olusturma/Genel/Not/Notlar' located by 'By.xpath: //*[@id = 'txtNote_I']' in '30' second(s)

2021-10-21 14:44:44 - [MESSAGE][INFO] - Smart Wait Function is triggered

2021-10-21 14:44:44 - [MESSAGE][INFO] - Found 1 web elements with id: 'Object Repository/Olusturma/Genel/Not/Notlar' located by 'By.xpath: //*[@id = 'txtNote_I']' in '30' second(s)

2021-10-21 14:44:44 - [MESSAGE][INFO] - Clearing text of object 'Object Repository/Olusturma/Genel/Not/Notlar'

2021-10-21 14:44:44 - [MESSAGE][PASSED] - Text of object 'Object Repository/Olusturma/Genel/Not/Notlar' is cleared

2021-10-21 14:44:44 - [TEST_STEP][PASSED] - click(findTestObject("Olusturma/Genel/Not/Notlar")): Object: 'Object Repository/Olusturma/Genel/Not/Notlar' is clicked on

2021-10-21 14:44:44 - [MESSAGE][INFO] - Finding Test Object 'Object Repository/Olusturma/Genel/Not/Notlar'

2021-10-21 14:44:44 - [MESSAGE][INFO] - Checking object

2021-10-21 14:44:44 - [MESSAGE][INFO] - Finding web element from Test Object's properties

2021-10-21 14:44:44 - [MESSAGE][INFO] - Checking timeout

2021-10-21 14:44:44 - [MESSAGE][INFO] - Finding web element with id: 'Object Repository/Olusturma/Genel/Not/Notlar' located by 'By.xpath: //*[@id = 'txtNote_I']' in '30' second(s)

2021-10-21 14:44:44 - [MESSAGE][INFO] - Smart Wait Function is triggered

2021-10-21 14:44:44 - [MESSAGE][INFO] - Found 1 web elements with id: 'Object Repository/Olusturma/Genel/Not/Notlar' located by 'By.xpath: //*[@id = 'txtNote_I']' in '30' second(s)

2021-10-21 14:44:44 - [MESSAGE][INFO] - Clicking on object: 'Object Repository/Olusturma/Genel/Not/Notlar'

2021-10-21 14:44:44 - [MESSAGE][PASSED] - Object: 'Object Repository/Olusturma/Genel/Not/Notlar' is clicked on

2021-10-21 14:44:44 - [TEST_STEP][PASSED] - while (true): null

2021-10-21 14:44:44 - [TEST_STEP][PASSED] - delay(1): Delayed 1 second(s)

2021-10-21 14:44:44 - [MESSAGE][INFO] - Delaying browser in 1 second(s)

2021-10-21 14:44:45 - [MESSAGE][PASSED] - Delayed 1 second(s)

2021-10-21 14:44:45 - [TEST_STEP][PASSED] - ajaxIsComplete = executeJavaScript("return jQuery.active == 0", null): Execute JavaScript 'return jQuery.active == 0' successfully

2021-10-21 14:44:45 - [MESSAGE][PASSED] - Execute JavaScript 'return jQuery.active == 0' successfully

2021-10-21 14:44:45 - [TEST_STEP][PASSED] - if (ajaxIsComplete): null

2021-10-21 14:44:45 - [TEST_STEP][PASSED] - break: null

2021-10-21 14:44:45 - [TEST_STEP][PASSED] - sendKeys(findTestObject("Olusturma/Genel/Not/Notlar"), Not): Keys 'Otomasyon Not' sent to object: 'Object Repository/Olusturma/Genel/Not/Notlar'

2021-10-21 14:44:45 - [MESSAGE][INFO] - Finding Test Object 'Object Repository/Olusturma/Genel/Not/Notlar'

2021-10-21 14:44:45 - [MESSAGE][INFO] - Sending keys 'Otomasyon Not' to object: 'Object Repository/Olusturma/Genel/Not/Notlar'

2021-10-21 14:44:45 - [MESSAGE][INFO] - Finding web element from Test Object's properties

2021-10-21 14:44:45 - [MESSAGE][INFO] - Checking timeout

2021-10-21 14:44:45 - [MESSAGE][INFO] - Finding web element with id: 'Object Repository/Olusturma/Genel/Not/Notlar' located by 'By.xpath: //*[@id = 'txtNote_I']' in '30' second(s)

2021-10-21 14:44:45 - [MESSAGE][INFO] - Smart Wait Function is triggered

2021-10-21 14:44:46 - [MESSAGE][INFO] - Found 1 web elements with id: 'Object Repository/Olusturma/Genel/Not/Notlar' located by 'By.xpath: //*[@id = 'txtNote_I']' in '30' second(s)

2021-10-21 14:44:46 - [MESSAGE][PASSED] - Keys 'Otomasyon Not' sent to object: 'Object Repository/Olusturma/Genel/Not/Notlar'

2021-10-21 14:44:46 - [MESSAGE][PASSED] - Call Test Case 'Test Cases/Olusturma/Genel/NotGirilir' successfully

2021-10-21 14:44:46 - [MESSAGE][INFO] - Checking called Test Case

2021-10-21 14:44:46 - [MESSAGE][INFO] - Starting to call Test Case 'Test Cases/Olusturma/Genel/EttnBilgisiKayitEdilir'

2021-10-21 14:44:46 - [TEST_CASE][PASSED] - Test Cases/Olusturma/Genel/EttnBilgisiKayitEdilir: Test Cases/Olusturma/Genel/EttnBilgisiKayitEdilir

2021-10-21 14:44:46 - [TEST_STEP][PASSED] - verifyElementPresent(findTestObject("Object Repository/Olusturma/Genel/Olusturma/eArsivEttnBilgisi"), 7): Object 'Object Repository/Olusturma/Genel/Olusturma/eArsivEttnBilgisi' is present

2021-10-21 14:44:46 - [MESSAGE][INFO] - Finding Test Object 'Object Repository/Olusturma/Genel/Olusturma/eArsivEttnBilgisi'

2021-10-21 14:44:46 - [MESSAGE][INFO] - Checking object

2021-10-21 14:44:46 - [MESSAGE][INFO] - Finding web element from Test Object's properties

2021-10-21 14:44:46 - [MESSAGE][INFO] - Checking timeout

2021-10-21 14:44:46 - [MESSAGE][INFO] - Finding web element with id: 'Object Repository/Olusturma/Genel/Olusturma/eArsivEttnBilgisi' located by 'By.xpath: //*[@id = 'Uuid_I']' in '7' second(s)

2021-10-21 14:44:46 - [MESSAGE][INFO] - Smart Wait Function is triggered

2021-10-21 14:44:46 - [MESSAGE][INFO] - Found 1 web elements with id: 'Object Repository/Olusturma/Genel/Olusturma/eArsivEttnBilgisi' located by 'By.xpath: //*[@id = 'Uuid_I']' in '7' second(s)

2021-10-21 14:44:46 - [MESSAGE][PASSED] - Object 'Object Repository/Olusturma/Genel/Olusturma/eArsivEttnBilgisi' is present

2021-10-21 14:44:46 - [TEST_STEP][PASSED] - ettn = getAttribute(findTestObject("Object Repository/Olusturma/Genel/Olusturma/eArsivEttnBilgisi"), "value"): Attribute 'value' of object 'Object Repository/Olusturma/Genel/Olusturma/eArsivEttnBilgisi' is: '622137d2-654d-4c51-bac3-23e069ef98ee'

2021-10-21 14:44:46 - [MESSAGE][INFO] - Finding Test Object 'Object Repository/Olusturma/Genel/Olusturma/eArsivEttnBilgisi'

2021-10-21 14:44:46 - [MESSAGE][INFO] - Checking object

2021-10-21 14:44:46 - [MESSAGE][INFO] - Checking attribute

2021-10-21 14:44:46 - [MESSAGE][INFO] - Finding web element from Test Object's properties

2021-10-21 14:44:46 - [MESSAGE][INFO] - Checking timeout

2021-10-21 14:44:46 - [MESSAGE][INFO] - Finding web element with id: 'Object Repository/Olusturma/Genel/Olusturma/eArsivEttnBilgisi' located by 'By.xpath: //*[@id = 'Uuid_I']' in '30' second(s)

2021-10-21 14:44:46 - [MESSAGE][INFO] - Smart Wait Function is triggered

2021-10-21 14:44:47 - [MESSAGE][INFO] - Found 1 web elements with id: 'Object Repository/Olusturma/Genel/Olusturma/eArsivEttnBilgisi' located by 'By.xpath: //*[@id = 'Uuid_I']' in '30' second(s)

2021-10-21 14:44:47 - [MESSAGE][INFO] - Getting attribute 'value' of object 'Object Repository/Olusturma/Genel/Olusturma/eArsivEttnBilgisi'

2021-10-21 14:44:47 - [MESSAGE][PASSED] - Attribute 'value' of object 'Object Repository/Olusturma/Genel/Olusturma/eArsivEttnBilgisi' is: '622137d2-654d-4c51-bac3-23e069ef98ee'

2021-10-21 14:44:47 - [MESSAGE][PASSED] - Call Test Case 'Test Cases/Olusturma/Genel/EttnBilgisiKayitEdilir' successfully

2021-10-21 14:44:47 - [MESSAGE][INFO] - Checking called Test Case

2021-10-21 14:44:47 - [MESSAGE][INFO] - Starting to call Test Case 'Test Cases/Olusturma/Genel/KaydetButonunaTiklanir'

2021-10-21 14:44:47 - [TEST_CASE][PASSED] - Test Cases/Olusturma/Genel/KaydetButonunaTiklanir: Test Cases/Olusturma/Genel/KaydetButonunaTiklanir

2021-10-21 14:44:47 - [TEST_STEP][PASSED] - i = 0: null

2021-10-21 14:44:47 - [TEST_STEP][PASSED] - waitForElementPresent(findTestObject("Olusturma/Genel/Not/Notlar"), 10): Object 'Object Repository/Olusturma/Genel/Not/Notlar' is present

2021-10-21 14:44:47 - [MESSAGE][INFO] - Finding Test Object 'Object Repository/Olusturma/Genel/Not/Notlar'

2021-10-21 14:44:47 - [MESSAGE][INFO] - Checking object

2021-10-21 14:44:47 - [MESSAGE][INFO] - Finding web element from Test Object's properties

2021-10-21 14:44:47 - [MESSAGE][INFO] - Checking timeout

2021-10-21 14:44:47 - [MESSAGE][INFO] - Finding web element with id: 'Object Repository/Olusturma/Genel/Not/Notlar' located by 'By.xpath: //*[@id = 'txtNote_I']' in '10' second(s)

2021-10-21 14:44:47 - [MESSAGE][INFO] - Smart Wait Function is triggered

2021-10-21 14:44:47 - [MESSAGE][INFO] - Found 1 web elements with id: 'Object Repository/Olusturma/Genel/Not/Notlar' located by 'By.xpath: //*[@id = 'txtNote_I']' in '10' second(s)

2021-10-21 14:44:47 - [MESSAGE][PASSED] - Object 'Object Repository/Olusturma/Genel/Not/Notlar' is present

2021-10-21 14:44:47 - [TEST_STEP][PASSED] - click(findTestObject("Olusturma/Genel/Not/Notlar")): Object: 'Object Repository/Olusturma/Genel/Not/Notlar' is clicked on

2021-10-21 14:44:47 - [MESSAGE][INFO] - Finding Test Object 'Object Repository/Olusturma/Genel/Not/Notlar'

2021-10-21 14:44:47 - [MESSAGE][INFO] - Checking object

2021-10-21 14:44:47 - [MESSAGE][INFO] - Finding web element from Test Object's properties

2021-10-21 14:44:47 - [MESSAGE][INFO] - Checking timeout

2021-10-21 14:44:47 - [MESSAGE][INFO] - Finding web element with id: 'Object Repository/Olusturma/Genel/Not/Notlar' located by 'By.xpath: //*[@id = 'txtNote_I']' in '30' second(s)

2021-10-21 14:44:47 - [MESSAGE][INFO] - Smart Wait Function is triggered

2021-10-21 14:44:47 - [MESSAGE][INFO] - Found 1 web elements with id: 'Object Repository/Olusturma/Genel/Not/Notlar' located by 'By.xpath: //*[@id = 'txtNote_I']' in '30' second(s)

2021-10-21 14:44:47 - [MESSAGE][INFO] - Clicking on object: 'Object Repository/Olusturma/Genel/Not/Notlar'

2021-10-21 14:44:47 - [MESSAGE][PASSED] - Object: 'Object Repository/Olusturma/Genel/Not/Notlar' is clicked on

2021-10-21 14:44:47 - [TEST_STEP][PASSED] - while (true): null

2021-10-21 14:44:47 - [TEST_STEP][PASSED] - delay(1): Delayed 1 second(s)

2021-10-21 14:44:47 - [MESSAGE][INFO] - Delaying browser in 1 second(s)

2021-10-21 14:44:48 - [MESSAGE][PASSED] - Delayed 1 second(s)

2021-10-21 14:44:48 - [TEST_STEP][PASSED] - ajaxIsComplete = executeJavaScript("return jQuery.active == 0", null): Execute JavaScript 'return jQuery.active == 0' successfully

2021-10-21 14:44:48 - [MESSAGE][PASSED] - Execute JavaScript 'return jQuery.active == 0' successfully

2021-10-21 14:44:48 - [TEST_STEP][PASSED] - if (ajaxIsComplete): null

2021-10-21 14:44:48 - [TEST_STEP][PASSED] - break: null

2021-10-21 14:44:48 - [TEST_STEP][PASSED] - waitForElementClickable(findTestObject("Object Repository/Olusturma/Genel/Buton"), 10): Object 'Object Repository/Olusturma/Genel/Buton' is clickable

2021-10-21 14:44:48 - [MESSAGE][INFO] - Finding Test Object 'Object Repository/Olusturma/Genel/Buton'

2021-10-21 14:44:49 - [MESSAGE][INFO] - Checking object

2021-10-21 14:44:49 - [MESSAGE][INFO] - Checking timeout

2021-10-21 14:44:49 - [MESSAGE][INFO] - Finding web element from Test Object's properties

2021-10-21 14:44:49 - [MESSAGE][INFO] - Checking timeout

2021-10-21 14:44:49 - [MESSAGE][INFO] - Finding web element with id: 'Object Repository/Olusturma/Genel/Buton' located by 'By.xpath: //*[@id = 'btnKaydet']' in '10' second(s)

2021-10-21 14:44:49 - [MESSAGE][INFO] - Smart Wait Function is triggered

2021-10-21 14:44:49 - [MESSAGE][INFO] - Found 1 web elements with id: 'Object Repository/Olusturma/Genel/Buton' located by 'By.xpath: //*[@id = 'btnKaydet']' in '10' second(s)

2021-10-21 14:44:49 - [MESSAGE][PASSED] - Object 'Object Repository/Olusturma/Genel/Buton' is clickable

2021-10-21 14:44:49 - [TEST_STEP][PASSED] - click(findTestObject("Object Repository/Olusturma/Genel/Buton")): Object: 'Object Repository/Olusturma/Genel/Buton' is clicked on

2021-10-21 14:44:49 - [MESSAGE][INFO] - Finding Test Object 'Object Repository/Olusturma/Genel/Buton'

2021-10-21 14:44:49 - [MESSAGE][INFO] - Checking object

2021-10-21 14:44:49 - [MESSAGE][INFO] - Finding web element from Test Object's properties

2021-10-21 14:44:49 - [MESSAGE][INFO] - Checking timeout

2021-10-21 14:44:49 - [MESSAGE][INFO] - Finding web element with id: 'Object Repository/Olusturma/Genel/Buton' located by 'By.xpath: //*[@id = 'btnKaydet']' in '30' second(s)

2021-10-21 14:44:49 - [MESSAGE][INFO] - Smart Wait Function is triggered

2021-10-21 14:44:49 - [MESSAGE][INFO] - Found 1 web elements with id: 'Object Repository/Olusturma/Genel/Buton' located by 'By.xpath: //*[@id = 'btnKaydet']' in '30' second(s)

2021-10-21 14:44:49 - [MESSAGE][INFO] - Clicking on object: 'Object Repository/Olusturma/Genel/Buton'

2021-10-21 14:44:50 - [MESSAGE][PASSED] - Object: 'Object Repository/Olusturma/Genel/Buton' is clicked on

2021-10-21 14:44:50 - [MESSAGE][PASSED] - Call Test Case 'Test Cases/Olusturma/Genel/KaydetButonunaTiklanir' successfully

2021-10-21 14:44:50 - [MESSAGE][INFO] - Checking called Test Case

2021-10-21 14:44:50 - [MESSAGE][INFO] - Starting to call Test Case 'Test Cases/Tablo/TablodaEttnliVeriOlusturulduMu'

2021-10-21 14:44:50 - [TEST_CASE][PASSED] - Test Cases/Tablo/TablodaEttnliVeriOlusturulduMu: Test Cases/Tablo/TablodaEttnliVeriOlusturulduMu

2021-10-21 14:44:50 - [TEST_STEP][PASSED] - Method.TextDegerineEsitElementVarMi(findTestObject("Tablo/OlusturulanVeri"), ettn): Method.TextDegerineEsitElementVarMi is PASSED

2021-10-21 14:44:50 - [MESSAGE][INFO] - Finding Test Object 'Object Repository/Tablo/OlusturulanVeri'

2021-10-21 14:44:50 - [MESSAGE][INFO] - Checking timeout

2021-10-21 14:44:50 - [MESSAGE][INFO] - Finding web element with id: 'Object Repository/Tablo/OlusturulanVeri' located by 'By.cssSelector: table.dxgvTable_LECustomTheme>tbody>tr:nth-child(3)>td.dxgv b,table.dxgvTable_LECustomTheme>tbody>tr:nth-child(3)>td.dxgv' in '10' second(s)

2021-10-21 14:44:50 - [MESSAGE][INFO] - Smart Wait Function is triggered

2021-10-21 14:44:51 - [MESSAGE][INFO] - Found 11 web elements with id: 'Object Repository/Tablo/OlusturulanVeri' located by 'By.cssSelector: table.dxgvTable_LECustomTheme>tbody>tr:nth-child(3)>td.dxgv b,table.dxgvTable_LECustomTheme>tbody>tr:nth-child(3)>td.dxgv' in '10' second(s)

2021-10-21 14:44:51 - [MESSAGE][PASSED] - Method.TextDegerineEsitElementVarMi is PASSED

2021-10-21 14:44:51 - [MESSAGE][PASSED] - Call Test Case 'Test Cases/Tablo/TablodaEttnliVeriOlusturulduMu' successfully

2021-10-21 14:44:51 - [MESSAGE][INFO] - Checking called Test Case

2021-10-21 14:44:51 - [MESSAGE][INFO] - Starting to call Test Case 'Test Cases/Tablo/TablodanEttnliVeriSec'

2021-10-21 14:44:51 - [TEST_CASE][PASSED] - Test Cases/Tablo/TablodanEttnliVeriSec: Test Cases/Tablo/TablodanEttnliVeriSec

2021-10-21 14:44:51 - [TEST_STEP][PASSED] - Method.TextDegerineEsitElementinAltindakineTikla(findTestObject("Tablo/Veriler"), findTestObject("Tablo/VerininCheckBoxi"), ettn): Method.TextDegerineEsitElementinAltindakineTikla is PASSED

2021-10-21 14:44:51 - [MESSAGE][INFO] - Finding Test Object 'Object Repository/Tablo/Veriler'

2021-10-21 14:44:51 - [MESSAGE][INFO] - Finding Test Object 'Object Repository/Tablo/VerininCheckBoxi'

2021-10-21 14:44:51 - [MESSAGE][INFO] - Checking timeout

2021-10-21 14:44:51 - [MESSAGE][INFO] - Finding web element with id: 'Object Repository/Tablo/Veriler' located by 'By.cssSelector: td.dxgv b ,td.dxgv' in '10' second(s)

2021-10-21 14:44:51 - [MESSAGE][INFO] - Smart Wait Function is triggered

2021-10-21 14:44:51 - [MESSAGE][INFO] - Found 110 web elements with id: 'Object Repository/Tablo/Veriler' located by 'By.cssSelector: td.dxgv b ,td.dxgv' in '10' second(s)

2021-10-21 14:44:51 - [MESSAGE][INFO] - Smart Wait Function is triggered

2021-10-21 14:44:52 - [MESSAGE][PASSED] - Method.TextDegerineEsitElementinAltindakineTikla is PASSED

2021-10-21 14:44:52 - [MESSAGE][PASSED] - Call Test Case 'Test Cases/Tablo/TablodanEttnliVeriSec' successfully

2021-10-21 14:44:52 - [MESSAGE][INFO] - Checking called Test Case

2021-10-21 14:44:52 - [MESSAGE][INFO] - Starting to call Test Case 'Test Cases/Butonlar/ButonaTikla'

2021-10-21 14:44:52 - [TEST_CASE][PASSED] - Test Cases/Butonlar/ButonaTikla: Test Cases/Butonlar/ButonaTikla

2021-10-21 14:44:52 - [TEST_STEP][PASSED] - Method.TextDegerineEsitElementeTiklaEquals(findTestObject("Butonlar/Butonlar"), Buton_Adi): Method.TextDegerineEsitElementeTiklaEquals is PASSED

2021-10-21 14:44:52 - [MESSAGE][INFO] - Finding Test Object 'Object Repository/Butonlar/Butonlar'

2021-10-21 14:44:52 - [MESSAGE][INFO] - Checking timeout

2021-10-21 14:44:52 - [MESSAGE][INFO] - Finding web element with id: 'Object Repository/Butonlar/Butonlar' located by 'By.cssSelector: .panel.panel-default.text-center.footerPanel .btn,.btn.btn-primary.btnControls' in '10' second(s)

2021-10-21 14:44:52 - [MESSAGE][INFO] - Smart Wait Function is triggered

2021-10-21 14:44:52 - [MESSAGE][INFO] - Found 7 web elements with id: 'Object Repository/Butonlar/Butonlar' located by 'By.cssSelector: .panel.panel-default.text-center.footerPanel .btn,.btn.btn-primary.btnControls' in '10' second(s)

2021-10-21 14:44:52 - [MESSAGE][PASSED] - Method.TextDegerineEsitElementeTiklaEquals is PASSED

2021-10-21 14:44:52 - [MESSAGE][PASSED] - Call Test Case 'Test Cases/Butonlar/ButonaTikla' successfully

2021-10-21 14:44:52 - [MESSAGE][INFO] - Checking called Test Case

2021-10-21 14:44:52 - [MESSAGE][INFO] - Starting to call Test Case 'Test Cases/Popup/PopupMesajiIceriyorMu'

2021-10-21 14:44:52 - [TEST_CASE][PASSED] - Test Cases/Popup/PopupMesajiIceriyorMu: Test Cases/Popup/PopupMesajiIceriyorMu

2021-10-21 14:44:52 - [TEST_STEP][PASSED] - waitForElementVisible(findTestObject("Popup/Popup"), 10): Object 'Object Repository/Popup/Popup' is visible

2021-10-21 14:44:52 - [MESSAGE][INFO] - Finding Test Object 'Object Repository/Popup/Popup'

2021-10-21 14:44:53 - [MESSAGE][INFO] - Checking object

2021-10-21 14:44:53 - [MESSAGE][INFO] - Checking timeout

2021-10-21 14:44:53 - [MESSAGE][INFO] - Finding web element from Test Object's properties

2021-10-21 14:44:53 - [MESSAGE][INFO] - Checking timeout

2021-10-21 14:44:53 - [MESSAGE][INFO] - Finding web element with id: 'Object Repository/Popup/Popup' located by 'By.cssSelector: .bootbox-body' in '10' second(s)

2021-10-21 14:44:53 - [MESSAGE][INFO] - Smart Wait Function is triggered

2021-10-21 14:44:53 - [MESSAGE][INFO] - Found 1 web elements with id: 'Object Repository/Popup/Popup' located by 'By.cssSelector: .bootbox-body' in '10' second(s)

2021-10-21 14:44:53 - [MESSAGE][PASSED] - Object 'Object Repository/Popup/Popup' is visible

2021-10-21 14:44:53 - [TEST_STEP][PASSED] - if (!(getText(findTestObject("Popup/Popup")).contains(Mesaj))): Text of object 'Object Repository/Popup/Popup' is: 'Oluşturulacak makbuz numarası : FYS2021000000398 Makbuz numarası oluşturulduktan sonra makbuz silinemez. Makbuz numarası, tarihi ve ön eki değiştirilemez. Devam etmek istiyor musunuz?'

2021-10-21 14:44:53 - [MESSAGE][INFO] - Finding Test Object 'Object Repository/Popup/Popup'

2021-10-21 14:44:53 - [MESSAGE][INFO] - Checking object

2021-10-21 14:44:53 - [MESSAGE][INFO] - Finding web element from Test Object's properties

2021-10-21 14:44:53 - [MESSAGE][INFO] - Checking timeout

2021-10-21 14:44:53 - [MESSAGE][INFO] - Finding web element with id: 'Object Repository/Popup/Popup' located by 'By.cssSelector: .bootbox-body' in '30' second(s)

2021-10-21 14:44:53 - [MESSAGE][INFO] - Smart Wait Function is triggered

2021-10-21 14:44:54 - [MESSAGE][INFO] - Found 1 web elements with id: 'Object Repository/Popup/Popup' located by 'By.cssSelector: .bootbox-body' in '30' second(s)

2021-10-21 14:44:54 - [MESSAGE][INFO] - Getting text of object 'Object Repository/Popup/Popup'

2021-10-21 14:44:54 - [MESSAGE][PASSED] - Text of object 'Object Repository/Popup/Popup' is: 'Oluşturulacak makbuz numarası : FYS2021000000398 Makbuz numarası oluşturulduktan sonra makbuz silinemez. Makbuz numarası, tarihi ve ön eki değiştirilemez. Devam etmek istiyor musunuz?'

2021-10-21 14:44:54 - [TEST_STEP][PASSED] - RaporNo = getText(findTestObject("Popup/Popup")).substring(0, 6): Text of object 'Object Repository/Popup/Popup' is: 'Oluşturulacak makbuz numarası : FYS2021000000398 Makbuz numarası oluşturulduktan sonra makbuz silinemez. Makbuz numarası, tarihi ve ön eki değiştirilemez. Devam etmek istiyor musunuz?'

2021-10-21 14:44:54 - [MESSAGE][INFO] - Finding Test Object 'Object Repository/Popup/Popup'

2021-10-21 14:44:54 - [MESSAGE][INFO] - Checking object

2021-10-21 14:44:54 - [MESSAGE][INFO] - Finding web element from Test Object's properties

2021-10-21 14:44:54 - [MESSAGE][INFO] - Checking timeout

2021-10-21 14:44:54 - [MESSAGE][INFO] - Finding web element with id: 'Object Repository/Popup/Popup' located by 'By.cssSelector: .bootbox-body' in '30' second(s)

2021-10-21 14:44:54 - [MESSAGE][INFO] - Smart Wait Function is triggered

2021-10-21 14:44:54 - [MESSAGE][INFO] - Found 1 web elements with id: 'Object Repository/Popup/Popup' located by 'By.cssSelector: .bootbox-body' in '30' second(s)

2021-10-21 14:44:54 - [MESSAGE][INFO] - Getting text of object 'Object Repository/Popup/Popup'

2021-10-21 14:44:54 - [MESSAGE][PASSED] - Text of object 'Object Repository/Popup/Popup' is: 'Oluşturulacak makbuz numarası : FYS2021000000398 Makbuz numarası oluşturulduktan sonra makbuz silinemez. Makbuz numarası, tarihi ve ön eki değiştirilemez. Devam etmek istiyor musunuz?'

2021-10-21 14:44:54 - [TEST_STEP][PASSED] - Console.println(RaporNo): null

2021-10-21 14:44:54 - [MESSAGE][PASSED] - Call Test Case 'Test Cases/Popup/PopupMesajiIceriyorMu' successfully

2021-10-21 14:44:54 - [MESSAGE][INFO] - Checking called Test Case

2021-10-21 14:44:54 - [MESSAGE][INFO] - Starting to call Test Case 'Test Cases/Popup/PopupButonSecilir'

2021-10-21 14:44:54 - [TEST_CASE][PASSED] - Test Cases/Popup/PopupButonSecilir: Test Cases/Popup/PopupButonSecilir

2021-10-21 14:44:54 - [TEST_STEP][PASSED] - Method.TextDegerineEsitElementeTikla(findTestObject("Popup/Popup_Butons"), Buton): Method.TextDegerineEsitElementeTikla is PASSED

2021-10-21 14:44:54 - [MESSAGE][INFO] - Finding Test Object 'Object Repository/Popup/Popup_Butons'

2021-10-21 14:44:54 - [MESSAGE][INFO] - Checking timeout

2021-10-21 14:44:54 - [MESSAGE][INFO] - Finding web element with id: 'Object Repository/Popup/Popup_Butons' located by 'By.cssSelector: .modal-footer>button' in '10' second(s)

2021-10-21 14:44:54 - [MESSAGE][INFO] - Smart Wait Function is triggered

2021-10-21 14:44:54 - [MESSAGE][INFO] - Found 2 web elements with id: 'Object Repository/Popup/Popup_Butons' located by 'By.cssSelector: .modal-footer>button' in '10' second(s)

2021-10-21 14:44:55 - [MESSAGE][PASSED] - Method.TextDegerineEsitElementeTikla is PASSED

2021-10-21 14:44:55 - [MESSAGE][PASSED] - Call Test Case 'Test Cases/Popup/PopupButonSecilir' successfully

2021-10-21 14:44:55 - [MESSAGE][INFO] - Checking called Test Case

2021-10-21 14:44:55 - [MESSAGE][INFO] - Starting to call Test Case 'Test Cases/Popup/PopupMesajiIceriyorMu'

2021-10-21 14:44:55 - [TEST_CASE][PASSED] - Test Cases/Popup/PopupMesajiIceriyorMu: Test Cases/Popup/PopupMesajiIceriyorMu

2021-10-21 14:44:55 - [TEST_STEP][PASSED] - waitForElementVisible(findTestObject("Popup/Popup"), 10): Object 'Object Repository/Popup/Popup' is visible

2021-10-21 14:44:55 - [MESSAGE][INFO] - Finding Test Object 'Object Repository/Popup/Popup'

2021-10-21 14:44:55 - [MESSAGE][INFO] - Checking object

2021-10-21 14:44:55 - [MESSAGE][INFO] - Checking timeout

2021-10-21 14:44:55 - [MESSAGE][INFO] - Finding web element from Test Object's properties

2021-10-21 14:44:55 - [MESSAGE][INFO] - Checking timeout

2021-10-21 14:44:55 - [MESSAGE][INFO] - Finding web element with id: 'Object Repository/Popup/Popup' located by 'By.cssSelector: .bootbox-body' in '10' second(s)

2021-10-21 14:44:55 - [MESSAGE][INFO] - Smart Wait Function is triggered

2021-10-21 14:44:55 - [MESSAGE][INFO] - Found 1 web elements with id: 'Object Repository/Popup/Popup' located by 'By.cssSelector: .bootbox-body' in '10' second(s)

2021-10-21 14:44:55 - [MESSAGE][PASSED] - Object 'Object Repository/Popup/Popup' is visible

2021-10-21 14:44:55 - [TEST_STEP][PASSED] - if (!(getText(findTestObject("Popup/Popup")).contains(Mesaj))): Text of object 'Object Repository/Popup/Popup' is: 'Makbuz numaranız FYS2021000000398 olarak oluşmuştur.'

2021-10-21 14:44:55 - [MESSAGE][INFO] - Finding Test Object 'Object Repository/Popup/Popup'

2021-10-21 14:44:56 - [MESSAGE][INFO] - Checking object

2021-10-21 14:44:56 - [MESSAGE][INFO] - Finding web element from Test Object's properties

2021-10-21 14:44:56 - [MESSAGE][INFO] - Checking timeout

2021-10-21 14:44:56 - [MESSAGE][INFO] - Finding web element with id: 'Object Repository/Popup/Popup' located by 'By.cssSelector: .bootbox-body' in '30' second(s)

2021-10-21 14:44:56 - [MESSAGE][INFO] - Smart Wait Function is triggered

2021-10-21 14:44:56 - [MESSAGE][INFO] - Found 1 web elements with id: 'Object Repository/Popup/Popup' located by 'By.cssSelector: .bootbox-body' in '30' second(s)

2021-10-21 14:44:56 - [MESSAGE][INFO] - Getting text of object 'Object Repository/Popup/Popup'

2021-10-21 14:44:56 - [MESSAGE][PASSED] - Text of object 'Object Repository/Popup/Popup' is: 'Makbuz numaranız FYS2021000000398 olarak oluşmuştur.'

2021-10-21 14:44:56 - [TEST_STEP][PASSED] - RaporNo = getText(findTestObject("Popup/Popup")).substring(0, 6): Text of object 'Object Repository/Popup/Popup' is: 'Makbuz numaranız FYS2021000000398 olarak oluşmuştur.'

2021-10-21 14:44:56 - [MESSAGE][INFO] - Finding Test Object 'Object Repository/Popup/Popup'

2021-10-21 14:44:56 - [MESSAGE][INFO] - Checking object

2021-10-21 14:44:56 - [MESSAGE][INFO] - Finding web element from Test Object's properties

2021-10-21 14:44:56 - [MESSAGE][INFO] - Checking timeout

2021-10-21 14:44:56 - [MESSAGE][INFO] - Finding web element with id: 'Object Repository/Popup/Popup' located by 'By.cssSelector: .bootbox-body' in '30' second(s)

2021-10-21 14:44:56 - [MESSAGE][INFO] - Smart Wait Function is triggered

2021-10-21 14:44:56 - [MESSAGE][INFO] - Found 1 web elements with id: 'Object Repository/Popup/Popup' located by 'By.cssSelector: .bootbox-body' in '30' second(s)

2021-10-21 14:44:56 - [MESSAGE][INFO] - Getting text of object 'Object Repository/Popup/Popup'

2021-10-21 14:44:56 - [MESSAGE][PASSED] - Text of object 'Object Repository/Popup/Popup' is: 'Makbuz numaranız FYS2021000000398 olarak oluşmuştur.'

2021-10-21 14:44:56 - [TEST_STEP][PASSED] - Console.println(RaporNo): null

2021-10-21 14:44:56 - [MESSAGE][PASSED] - Call Test Case 'Test Cases/Popup/PopupMesajiIceriyorMu' successfully

2021-10-21 14:44:56 - [MESSAGE][INFO] - Checking called Test Case

2021-10-21 14:44:56 - [MESSAGE][INFO] - Starting to call Test Case 'Test Cases/Popup/PopupButonSecilir'

2021-10-21 14:44:56 - [TEST_CASE][PASSED] - Test Cases/Popup/PopupButonSecilir: Test Cases/Popup/PopupButonSecilir

2021-10-21 14:44:56 - [TEST_STEP][PASSED] - Method.TextDegerineEsitElementeTikla(findTestObject("Popup/Popup_Butons"), Buton): Method.TextDegerineEsitElementeTikla is PASSED

2021-10-21 14:44:56 - [MESSAGE][INFO] - Finding Test Object 'Object Repository/Popup/Popup_Butons'

2021-10-21 14:44:56 - [MESSAGE][INFO] - Checking timeout

2021-10-21 14:44:56 - [MESSAGE][INFO] - Finding web element with id: 'Object Repository/Popup/Popup_Butons' located by 'By.cssSelector: .modal-footer>button' in '10' second(s)

2021-10-21 14:44:56 - [MESSAGE][INFO] - Smart Wait Function is triggered

2021-10-21 14:44:57 - [MESSAGE][INFO] - Found 1 web elements with id: 'Object Repository/Popup/Popup_Butons' located by 'By.cssSelector: .modal-footer>button' in '10' second(s)

2021-10-21 14:44:57 - [MESSAGE][PASSED] - Method.TextDegerineEsitElementeTikla is PASSED

2021-10-21 14:44:57 - [MESSAGE][PASSED] - Call Test Case 'Test Cases/Popup/PopupButonSecilir' successfully

2021-10-21 14:44:57 - [MESSAGE][INFO] - Checking called Test Case

2021-10-21 14:44:57 - [MESSAGE][INFO] - Starting to call Test Case 'Test Cases/Tablo/TablodanEttnliVeriSec'

2021-10-21 14:44:57 - [TEST_CASE][PASSED] - Test Cases/Tablo/TablodanEttnliVeriSec: Test Cases/Tablo/TablodanEttnliVeriSec

2021-10-21 14:44:57 - [TEST_STEP][PASSED] - Method.TextDegerineEsitElementinAltindakineTikla(findTestObject("Tablo/Veriler"), findTestObject("Tablo/VerininCheckBoxi"), ettn): Method.TextDegerineEsitElementinAltindakineTikla is PASSED

2021-10-21 14:44:57 - [MESSAGE][INFO] - Finding Test Object 'Object Repository/Tablo/Veriler'

2021-10-21 14:44:57 - [MESSAGE][INFO] - Finding Test Object 'Object Repository/Tablo/VerininCheckBoxi'

2021-10-21 14:44:57 - [MESSAGE][INFO] - Checking timeout

2021-10-21 14:44:57 - [MESSAGE][INFO] - Finding web element with id: 'Object Repository/Tablo/Veriler' located by 'By.cssSelector: td.dxgv b ,td.dxgv' in '10' second(s)

2021-10-21 14:44:57 - [MESSAGE][INFO] - Smart Wait Function is triggered

2021-10-21 14:44:57 - [MESSAGE][INFO] - Found 110 web elements with id: 'Object Repository/Tablo/Veriler' located by 'By.cssSelector: td.dxgv b ,td.dxgv' in '10' second(s)

2021-10-21 14:44:58 - [MESSAGE][INFO] - Smart Wait Function is triggered

2021-10-21 14:44:58 - [MESSAGE][PASSED] - Method.TextDegerineEsitElementinAltindakineTikla is PASSED

2021-10-21 14:44:58 - [MESSAGE][PASSED] - Call Test Case 'Test Cases/Tablo/TablodanEttnliVeriSec' successfully

2021-10-21 14:44:58 - [MESSAGE][INFO] - Checking called Test Case

2021-10-21 14:44:58 - [MESSAGE][INFO] - Starting to call Test Case 'Test Cases/Butonlar/ButonaTikla'

2021-10-21 14:44:58 - [TEST_CASE][PASSED] - Test Cases/Butonlar/ButonaTikla: Test Cases/Butonlar/ButonaTikla

2021-10-21 14:44:58 - [TEST_STEP][PASSED] - Method.TextDegerineEsitElementeTiklaEquals(findTestObject("Butonlar/Butonlar"), Buton_Adi): Method.TextDegerineEsitElementeTiklaEquals is PASSED

2021-10-21 14:44:58 - [MESSAGE][INFO] - Finding Test Object 'Object Repository/Butonlar/Butonlar'

2021-10-21 14:44:58 - [MESSAGE][INFO] - Checking timeout

2021-10-21 14:44:58 - [MESSAGE][INFO] - Finding web element with id: 'Object Repository/Butonlar/Butonlar' located by 'By.cssSelector: .panel.panel-default.text-center.footerPanel .btn,.btn.btn-primary.btnControls' in '10' second(s)

2021-10-21 14:44:58 - [MESSAGE][INFO] - Smart Wait Function is triggered

2021-10-21 14:44:58 - [MESSAGE][INFO] - Found 7 web elements with id: 'Object Repository/Butonlar/Butonlar' located by 'By.cssSelector: .panel.panel-default.text-center.footerPanel .btn,.btn.btn-primary.btnControls' in '10' second(s)

2021-10-21 14:44:59 - [MESSAGE][PASSED] - Method.TextDegerineEsitElementeTiklaEquals is PASSED

2021-10-21 14:44:59 - [MESSAGE][PASSED] - Call Test Case 'Test Cases/Butonlar/ButonaTikla' successfully

2021-10-21 14:44:59 - [MESSAGE][INFO] - Checking called Test Case

2021-10-21 14:44:59 - [MESSAGE][INFO] - Starting to call Test Case 'Test Cases/Popup/PopupMesajiIceriyorMu'

2021-10-21 14:44:59 - [TEST_CASE][PASSED] - Test Cases/Popup/PopupMesajiIceriyorMu: Test Cases/Popup/PopupMesajiIceriyorMu

2021-10-21 14:44:59 - [TEST_STEP][PASSED] - waitForElementVisible(findTestObject("Popup/Popup"), 10): Object 'Object Repository/Popup/Popup' is visible

2021-10-21 14:44:59 - [MESSAGE][INFO] - Finding Test Object 'Object Repository/Popup/Popup'

2021-10-21 14:44:59 - [MESSAGE][INFO] - Checking object

2021-10-21 14:44:59 - [MESSAGE][INFO] - Checking timeout

2021-10-21 14:44:59 - [MESSAGE][INFO] - Finding web element from Test Object's properties

2021-10-21 14:44:59 - [MESSAGE][INFO] - Checking timeout

2021-10-21 14:44:59 - [MESSAGE][INFO] - Finding web element with id: 'Object Repository/Popup/Popup' located by 'By.cssSelector: .bootbox-body' in '10' second(s)

2021-10-21 14:44:59 - [MESSAGE][INFO] - Smart Wait Function is triggered

2021-10-21 14:44:59 - [MESSAGE][INFO] - Found 1 web elements with id: 'Object Repository/Popup/Popup' located by 'By.cssSelector: .bootbox-body' in '10' second(s)

2021-10-21 14:44:59 - [MESSAGE][PASSED] - Object 'Object Repository/Popup/Popup' is visible

2021-10-21 14:44:59 - [TEST_STEP][PASSED] - if (!(getText(findTestObject("Popup/Popup")).contains(Mesaj))): Text of object 'Object Repository/Popup/Popup' is: 'FYS serisi için onaylanmamış belge(leri)niz bulunmaktadır.
Devam etmek istiyor musunuz?'

2021-10-21 14:44:59 - [MESSAGE][INFO] - Finding Test Object 'Object Repository/Popup/Popup'

2021-10-21 14:44:59 - [MESSAGE][INFO] - Checking object

2021-10-21 14:44:59 - [MESSAGE][INFO] - Finding web element from Test Object's properties

2021-10-21 14:44:59 - [MESSAGE][INFO] - Checking timeout

2021-10-21 14:44:59 - [MESSAGE][INFO] - Finding web element with id: 'Object Repository/Popup/Popup' located by 'By.cssSelector: .bootbox-body' in '30' second(s)

2021-10-21 14:44:59 - [MESSAGE][INFO] - Smart Wait Function is triggered

2021-10-21 14:44:59 - [MESSAGE][INFO] - Found 1 web elements with id: 'Object Repository/Popup/Popup' located by 'By.cssSelector: .bootbox-body' in '30' second(s)

2021-10-21 14:44:59 - [MESSAGE][INFO] - Getting text of object 'Object Repository/Popup/Popup'

2021-10-21 14:45:00 - [MESSAGE][PASSED] - Text of object 'Object Repository/Popup/Popup' is: 'FYS serisi için onaylanmamış belge(leri)niz bulunmaktadır.
Devam etmek istiyor musunuz?'

2021-10-21 14:45:00 - [TEST_STEP][PASSED] - RaporNo = getText(findTestObject("Popup/Popup")).substring(0, 6): Text of object 'Object Repository/Popup/Popup' is: 'FYS serisi için onaylanmamış belge(leri)niz bulunmaktadır.
Devam etmek istiyor musunuz?'

2021-10-21 14:45:00 - [MESSAGE][INFO] - Finding Test Object 'Object Repository/Popup/Popup'

2021-10-21 14:45:00 - [MESSAGE][INFO] - Checking object

2021-10-21 14:45:00 - [MESSAGE][INFO] - Finding web element from Test Object's properties

2021-10-21 14:45:00 - [MESSAGE][INFO] - Checking timeout

2021-10-21 14:45:00 - [MESSAGE][INFO] - Finding web element with id: 'Object Repository/Popup/Popup' located by 'By.cssSelector: .bootbox-body' in '30' second(s)

2021-10-21 14:45:00 - [MESSAGE][INFO] - Smart Wait Function is triggered

2021-10-21 14:45:00 - [MESSAGE][INFO] - Found 1 web elements with id: 'Object Repository/Popup/Popup' located by 'By.cssSelector: .bootbox-body' in '30' second(s)

2021-10-21 14:45:00 - [MESSAGE][INFO] - Getting text of object 'Object Repository/Popup/Popup'

2021-10-21 14:45:00 - [MESSAGE][PASSED] - Text of object 'Object Repository/Popup/Popup' is: 'FYS serisi için onaylanmamış belge(leri)niz bulunmaktadır.
Devam etmek istiyor musunuz?'

2021-10-21 14:45:00 - [TEST_STEP][PASSED] - Console.println(RaporNo): null

2021-10-21 14:45:00 - [MESSAGE][PASSED] - Call Test Case 'Test Cases/Popup/PopupMesajiIceriyorMu' successfully

2021-10-21 14:45:00 - [MESSAGE][INFO] - Checking called Test Case

2021-10-21 14:45:00 - [MESSAGE][INFO] - Starting to call Test Case 'Test Cases/Popup/PopupButonSecilir'

2021-10-21 14:45:00 - [TEST_CASE][PASSED] - Test Cases/Popup/PopupButonSecilir: Test Cases/Popup/PopupButonSecilir

2021-10-21 14:45:00 - [TEST_STEP][PASSED] - Method.TextDegerineEsitElementeTikla(findTestObject("Popup/Popup_Butons"), Buton): Method.TextDegerineEsitElementeTikla is PASSED

2021-10-21 14:45:00 - [MESSAGE][INFO] - Finding Test Object 'Object Repository/Popup/Popup_Butons'

2021-10-21 14:45:00 - [MESSAGE][INFO] - Checking timeout

2021-10-21 14:45:00 - [MESSAGE][INFO] - Finding web element with id: 'Object Repository/Popup/Popup_Butons' located by 'By.cssSelector: .modal-footer>button' in '10' second(s)

2021-10-21 14:45:00 - [MESSAGE][INFO] - Smart Wait Function is triggered

2021-10-21 14:45:00 - [MESSAGE][INFO] - Found 2 web elements with id: 'Object Repository/Popup/Popup_Butons' located by 'By.cssSelector: .modal-footer>button' in '10' second(s)

2021-10-21 14:45:00 - [MESSAGE][PASSED] - Method.TextDegerineEsitElementeTikla is PASSED

2021-10-21 14:45:00 - [MESSAGE][PASSED] - Call Test Case 'Test Cases/Popup/PopupButonSecilir' successfully

2021-10-21 14:45:00 - [MESSAGE][INFO] - Checking called Test Case

2021-10-21 14:45:00 - [MESSAGE][INFO] - Starting to call Test Case 'Test Cases/Menu/AnaMenuSecimi'

2021-10-21 14:45:00 - [TEST_CASE][PASSED] - Test Cases/Menu/AnaMenuSecimi: Test Cases/Menu/AnaMenuSecimi

2021-10-21 14:45:00 - [TEST_STEP][PASSED] - Method.TextDegerineEsitElementeTikla(findTestObject("Menu/Ana_Menu"), Ana_Menu): Method.TextDegerineEsitElementeTikla is PASSED

2021-10-21 14:45:00 - [MESSAGE][INFO] - Finding Test Object 'Object Repository/Menu/Ana_Menu'

2021-10-21 14:45:00 - [MESSAGE][INFO] - Checking timeout

2021-10-21 14:45:00 - [MESSAGE][INFO] - Finding web element with id: 'Object Repository/Menu/Ana_Menu' located by 'By.xpath: //*[@class = 'dropdown-toggle']' in '10' second(s)

2021-10-21 14:45:00 - [MESSAGE][INFO] - Smart Wait Function is triggered

2021-10-21 14:45:12 - [MESSAGE][INFO] - Found 14 web elements with id: 'Object Repository/Menu/Ana_Menu' located by 'By.xpath: //*[@class = 'dropdown-toggle']' in '10' second(s)

2021-10-21 14:45:12 - [MESSAGE][PASSED] - Method.TextDegerineEsitElementeTikla is PASSED

2021-10-21 14:45:12 - [MESSAGE][PASSED] - Call Test Case 'Test Cases/Menu/AnaMenuSecimi' successfully

2021-10-21 14:45:12 - [MESSAGE][INFO] - Checking called Test Case

2021-10-21 14:45:12 - [MESSAGE][INFO] - Starting to call Test Case 'Test Cases/Menu/BasligaGoreAltMenuSecimi'

2021-10-21 14:45:12 - [TEST_CASE][PASSED] - Test Cases/Menu/BasligaGoreAltMenuSecimi: Test Cases/Menu/BasligaGoreAltMenuSecimi

2021-10-21 14:45:12 - [TEST_STEP][PASSED] - Method.TextDegerineEsitElementinAltindakiTextDegerineEsitOlanaTikla(findTestObject("Menu/Menu_Basligi"), findTestObject("Menu/Basliga_Gore_Alt_Menu"), Baslik, Alt_Menu): Method.TextDegerineEsitElementinAltindakiTextDegerineEsitOlanaTikla is PASSED

2021-10-21 14:45:12 - [MESSAGE][INFO] - Finding Test Object 'Object Repository/Menu/Menu_Basligi'

2021-10-21 14:45:12 - [MESSAGE][INFO] - Finding Test Object 'Object Repository/Menu/Basliga_Gore_Alt_Menu'

2021-10-21 14:45:12 - [MESSAGE][INFO] - Checking timeout

2021-10-21 14:45:12 - [MESSAGE][INFO] - Finding web element with id: 'Object Repository/Menu/Menu_Basligi' located by 'By.xpath: //li[@class='dropdown dropdown-large open']//li[@class='dropdown-header']' in '10' second(s)

2021-10-21 14:45:12 - [MESSAGE][INFO] - Smart Wait Function is triggered

2021-10-21 14:45:12 - [MESSAGE][INFO] - Found 2 web elements with id: 'Object Repository/Menu/Menu_Basligi' located by 'By.xpath: //li[@class='dropdown dropdown-large open']//li[@class='dropdown-header']' in '10' second(s)

2021-10-21 14:45:12 - [MESSAGE][INFO] - Smart Wait Function is triggered

2021-10-21 14:45:14 - [MESSAGE][PASSED] - Method.TextDegerineEsitElementinAltindakiTextDegerineEsitOlanaTikla is PASSED

2021-10-21 14:45:14 - [MESSAGE][PASSED] - Call Test Case 'Test Cases/Menu/BasligaGoreAltMenuSecimi' successfully

2021-10-21 14:45:14 - [MESSAGE][INFO] - Checking called Test Case

2021-10-21 14:45:14 - [MESSAGE][INFO] - Starting to call Test Case 'Test Cases/Filtreler/EttnYaz'

2021-10-21 14:45:14 - [TEST_CASE][PASSED] - Test Cases/Filtreler/EttnYaz: Test Cases/Filtreler/EttnYaz

2021-10-21 14:45:14 - [TEST_STEP][PASSED] - Method.TextDegerineEsitElementinAltindakiTextboxtaYaz(findTestObject("Filtreler/Basliklar"), findTestObject("Filtreler/Basliga_Gore_Textbox"), "ETTN", ettn): Method.TextDegerineEsitElementinAltindakiTextboxtaYaz is PASSED

2021-10-21 14:45:14 - [MESSAGE][INFO] - Finding Test Object 'Object Repository/Filtreler/Basliklar'

2021-10-21 14:45:14 - [MESSAGE][INFO] - Finding Test Object 'Object Repository/Filtreler/Basliga_Gore_Textbox'

2021-10-21 14:45:14 - [MESSAGE][INFO] - Checking timeout

2021-10-21 14:45:14 - [MESSAGE][INFO] - Finding web element with id: 'Object Repository/Filtreler/Basliklar' located by 'By.cssSelector: .control-label.col-sm-4.paddingMarginRLC' in '10' second(s)

2021-10-21 14:45:14 - [MESSAGE][INFO] - Smart Wait Function is triggered

2021-10-21 14:45:14 - [MESSAGE][INFO] - Found 13 web elements with id: 'Object Repository/Filtreler/Basliklar' located by 'By.cssSelector: .control-label.col-sm-4.paddingMarginRLC' in '10' second(s)

2021-10-21 14:45:14 - [MESSAGE][INFO] - Smart Wait Function is triggered

2021-10-21 14:45:15 - [MESSAGE][PASSED] - Method.TextDegerineEsitElementinAltindakiTextboxtaYaz is PASSED

2021-10-21 14:45:15 - [MESSAGE][PASSED] - Call Test Case 'Test Cases/Filtreler/EttnYaz' successfully

2021-10-21 14:45:15 - [MESSAGE][INFO] - Checking called Test Case

2021-10-21 14:45:15 - [MESSAGE][INFO] - Starting to call Test Case 'Test Cases/Filtreler/ButonaTikla'

2021-10-21 14:45:15 - [TEST_CASE][PASSED] - Test Cases/Filtreler/ButonaTikla: Test Cases/Filtreler/ButonaTikla

2021-10-21 14:45:15 - [TEST_STEP][PASSED] - Method.TextDegerineEsitElementeTikla(findTestObject("Filtreler/Butonlar"), Filtre_Buton): Method.TextDegerineEsitElementeTikla is PASSED

2021-10-21 14:45:15 - [MESSAGE][INFO] - Finding Test Object 'Object Repository/Filtreler/Butonlar'

2021-10-21 14:45:15 - [MESSAGE][INFO] - Checking timeout

2021-10-21 14:45:15 - [MESSAGE][INFO] - Finding web element with id: 'Object Repository/Filtreler/Butonlar' located by 'By.cssSelector: .dxb>span' in '10' second(s)

2021-10-21 14:45:15 - [MESSAGE][INFO] - Smart Wait Function is triggered

2021-10-21 14:45:15 - [MESSAGE][INFO] - Found 3 web elements with id: 'Object Repository/Filtreler/Butonlar' located by 'By.cssSelector: .dxb>span' in '10' second(s)

2021-10-21 14:45:15 - [MESSAGE][PASSED] - Method.TextDegerineEsitElementeTikla is PASSED

2021-10-21 14:45:15 - [MESSAGE][PASSED] - Call Test Case 'Test Cases/Filtreler/ButonaTikla' successfully

2021-10-21 14:45:15 - [MESSAGE][INFO] - Checking called Test Case

2021-10-21 14:45:15 - [MESSAGE][INFO] - Starting to call Test Case 'Test Cases/Tablo/TablodaVeriVarMi'

2021-10-21 14:45:15 - [TEST_CASE][PASSED] - Test Cases/Tablo/TablodaVeriVarMi: Test Cases/Tablo/TablodaVeriVarMi

2021-10-21 14:45:15 - [TEST_STEP][PASSED] - verifyTextNotPresent("Görüntülenecek veri yok", true): Text 'Görüntülenecek veri yok' is not present on page using regular expression

2021-10-21 14:45:15 - [MESSAGE][INFO] - Checking text present  using regular expression

2021-10-21 14:45:15 - [MESSAGE][INFO] - Smart Wait Function is triggered

2021-10-21 14:45:16 - [MESSAGE][INFO] - Finding text 'Görüntülenecek veri yok' on page  using regular expression

2021-10-21 14:45:16 - [MESSAGE][PASSED] - Text 'Görüntülenecek veri yok' is not present on page using regular expression

2021-10-21 14:45:16 - [MESSAGE][PASSED] - Call Test Case 'Test Cases/Tablo/TablodaVeriVarMi' successfully

2021-10-21 14:45:16 - [MESSAGE][INFO] - Checking called Test Case

2021-10-21 14:45:16 - [MESSAGE][INFO] - Starting to call Test Case 'Test Cases/Tablo/TablodaVeriBasariliMiSmm'

2021-10-21 14:45:16 - [TEST_CASE][PASSED] - Test Cases/Tablo/TablodaVeriBasariliMiSmm: Test Cases/Tablo/TablodaVeriBasariliMiSmm

2021-10-21 14:45:16 - [TEST_STEP][PASSED] - sayac = 80: null

2021-10-21 14:45:16 - [TEST_STEP][PASSED] - while (verifyElementText(findTestObject("Tablo/DurumBilgisiSmm"), "Henüz Sonuçlanmadı", OPTIONAL)): Actual text 'Başarılı' and expected text 'Henüz Sonuçlanmadı' of test object 'Object Repository/Tablo/DurumBilgisiSmm' are NOT matched. (Root cause: com.kms.katalon.core.exception.StepFailedException: Actual text 'Başarılı' and expected text 'Henüz Sonuçlanmadı' of test object 'Object Repository/Tablo/DurumBilgisiSmm' are NOT matched.
	at com.kms.katalon.core.webui.keyword.internal.WebUIKeywordMain.stepFailed(WebUIKeywordMain.groovy:64)
	at com.kms.katalon.core.webui.keyword.builtin.VerifyElementTextKeyword$_verifyElementText_closure1.doCall(VerifyElementTextKeyword.groovy:57)
	at com.kms.katalon.core.webui.keyword.builtin.VerifyElementTextKeyword$_verifyElementText_closure1.call(VerifyElementTextKeyword.groovy)
	at com.kms.katalon.core.webui.keyword.internal.WebUIKeywordMain.runKeyword(WebUIKeywordMain.groovy:20)
	at com.kms.katalon.core.webui.keyword.builtin.VerifyElementTextKeyword.verifyElementText(VerifyElementTextKeyword.groovy:72)
	at com.kms.katalon.core.webui.keyword.builtin.VerifyElementTextKeyword.execute(VerifyElementTextKeyword.groovy:40)
	at com.kms.katalon.core.keyword.internal.KeywordExecutor.executeKeywordForPlatform(KeywordExecutor.groovy:73)
	at com.kms.katalon.core.webui.keyword.WebUiBuiltInKeywords.verifyElementText(WebUiBuiltInKeywords.groovy:4733)
	at com.kms.katalon.core.webui.keyword.WebUiBuiltInKeywords$verifyElementText$20.call(Unknown Source)
	at TablodaVeriBasariliMiSmm.run(TablodaVeriBasariliMiSmm:22)
	at com.kms.katalon.core.main.ScriptEngine.run(ScriptEngine.java:194)
	at com.kms.katalon.core.main.ScriptEngine.runScriptAsRawText(ScriptEngine.java:119)
	at com.kms.katalon.core.main.TestCaseExecutor.runScript(TestCaseExecutor.java:369)
	at com.kms.katalon.core.main.TestCaseExecutor.doExecute(TestCaseExecutor.java:360)
	at com.kms.katalon.core.main.TestCaseExecutor.processExecutionPhase(TestCaseExecutor.java:339)
	at com.kms.katalon.core.main.TestCaseExecutor.accessMainPhase(TestCaseExecutor.java:331)
	at com.kms.katalon.core.main.TestCaseExecutor.execute(TestCaseExecutor.java:248)
	at com.kms.katalon.core.main.TestCaseMain.runTestCase(TestCaseMain.java:138)
	at com.kms.katalon.core.keyword.builtin.CallTestCaseKeyword$_callTestCase_closure1.doCall(CallTestCaseKeyword.groovy:59)
	at com.kms.katalon.core.keyword.builtin.CallTestCaseKeyword$_callTestCase_closure1.call(CallTestCaseKeyword.groovy)
	at com.kms.katalon.core.keyword.internal.KeywordMain.runKeyword(KeywordMain.groovy:68)
	at com.kms.katalon.core.keyword.builtin.CallTestCaseKeyword.callTestCase(CallTestCaseKeyword.groovy:81)
	at com.kms.katalon.core.keyword.builtin.CallTestCaseKeyword.execute(CallTestCaseKeyword.groovy:44)
	at com.kms.katalon.core.keyword.internal.KeywordExecutor.executeKeywordForPlatform(KeywordExecutor.groovy:73)
	at com.kms.katalon.core.keyword.BuiltinKeywords.callTestCase(BuiltinKeywords.groovy:334)
	at tablo.tablo.tablodaVeriBasariliMiSmm(tablo.groovy:105)
	at cucumber.runtime.Utils$1.call(Utils.java:26)
	at cucumber.runtime.Timeout.timeout(Timeout.java:16)
	at cucumber.runtime.Utils.invoke(Utils.java:20)
	at cucumber.runtime.java.JavaStepDefinition.execute(JavaStepDefinition.java:49)
	at cucumber.runner.PickleStepDefinitionMatch.runStep(PickleStepDefinitionMatch.java:50)
	at cucumber.runner.TestStep.executeStep(TestStep.java:63)
	at cucumber.runner.TestStep.run(TestStep.java:49)
	at cucumber.runner.PickleStepTestStep.run(PickleStepTestStep.java:43)
	at cucumber.runner.TestCase.run(TestCase.java:44)
	at cucumber.runner.Runner.runPickle(Runner.java:40)
	at cucumber.runtime.Runtime$1.run(Runtime.java:84)
	at cucumber.runtime.Runtime$SameThreadExecutorService.execute(Runtime.java:220)
	at cucumber.runtime.Runtime.run(Runtime.java:81)
	at cucumber.api.cli.Main.run(Main.java:26)
	at cucumber.api.cli.Main$run.call(Unknown Source)
	at com.kms.katalon.core.cucumber.keyword.CucumberBuiltinKeywords$_runFeatureFile_closure1.doCall(CucumberBuiltinKeywords.groovy:106)
	at com.kms.katalon.core.cucumber.keyword.CucumberBuiltinKeywords$_runFeatureFile_closure1.doCall(CucumberBuiltinKeywords.groovy)
	at com.kms.katalon.core.keyword.internal.KeywordMain.runKeyword(KeywordMain.groovy:68)
	at com.kms.katalon.core.keyword.internal.KeywordMain$runKeyword.call(Unknown Source)
	at com.kms.katalon.core.cucumber.keyword.CucumberBuiltinKeywords.runFeatureFile(CucumberBuiltinKeywords.groovy:73)
	at com.kms.katalon.core.cucumber.keyword.CucumberBuiltinKeywords$runFeatureFile$0.callStatic(Unknown Source)
	at com.kms.katalon.core.cucumber.keyword.CucumberBuiltinKeywords.runFeatureFile(CucumberBuiltinKeywords.groovy:246)
	at com.kms.katalon.core.cucumber.keyword.CucumberBuiltinKeywords$runFeatureFile.call(Unknown Source)
	at VKN-e-Serbest Meslek Makbuzu-Kagit.run(VKN-e-Serbest Meslek Makbuzu-Kagit:19)
	at com.kms.katalon.core.main.ScriptEngine.run(ScriptEngine.java:194)
	at com.kms.katalon.core.main.ScriptEngine.runScriptAsRawText(ScriptEngine.java:119)
	at com.kms.katalon.core.main.TestCaseExecutor.runScript(TestCaseExecutor.java:369)
	at com.kms.katalon.core.main.TestCaseExecutor.doExecute(TestCaseExecutor.java:360)
	at com.kms.katalon.core.main.TestCaseExecutor.processExecutionPhase(TestCaseExecutor.java:339)
	at com.kms.katalon.core.main.TestCaseExecutor.accessMainPhase(TestCaseExecutor.java:331)
	at com.kms.katalon.core.main.TestCaseExecutor.execute(TestCaseExecutor.java:248)
	at com.kms.katalon.core.main.TestSuiteExecutor.accessTestCaseMainPhase(TestSuiteExecutor.java:191)
	at com.kms.katalon.core.main.TestSuiteExecutor.accessTestSuiteMainPhase(TestSuiteExecutor.java:140)
	at com.kms.katalon.core.main.TestSuiteExecutor.execute(TestSuiteExecutor.java:89)
	at com.kms.katalon.core.main.TestCaseMain.startTestSuite(TestCaseMain.java:181)
	at com.kms.katalon.core.main.TestCaseMain$startTestSuite$0.call(Unknown Source)
	at TempTestSuite1634814289741.run(TempTestSuite1634814289741.groovy:39)
)

2021-10-21 14:45:16 - [MESSAGE][INFO] - Finding Test Object 'Object Repository/Tablo/DurumBilgisiSmm'

2021-10-21 14:45:16 - [MESSAGE][INFO] - Checking object

2021-10-21 14:45:16 - [MESSAGE][INFO] - Finding web element from Test Object's properties

2021-10-21 14:45:16 - [MESSAGE][INFO] - Checking timeout

2021-10-21 14:45:16 - [MESSAGE][INFO] - Finding web element with id: 'Object Repository/Tablo/DurumBilgisiSmm' located by 'By.xpath: //*[@id = 'GridViewSEReceipt_tccell0_10']' in '30' second(s)

2021-10-21 14:45:16 - [MESSAGE][INFO] - Smart Wait Function is triggered

2021-10-21 14:45:16 - [MESSAGE][INFO] - Found 1 web elements with id: 'Object Repository/Tablo/DurumBilgisiSmm' located by 'By.xpath: //*[@id = 'GridViewSEReceipt_tccell0_10']' in '30' second(s)

2021-10-21 14:45:16 - [MESSAGE][WARNING] - Actual text 'Başarılı' and expected text 'Henüz Sonuçlanmadı' of test object 'Object Repository/Tablo/DurumBilgisiSmm' are NOT matched. (Root cause: com.kms.katalon.core.exception.StepFailedException: Actual text 'Başarılı' and expected text 'Henüz Sonuçlanmadı' of test object 'Object Repository/Tablo/DurumBilgisiSmm' are NOT matched.
	at com.kms.katalon.core.webui.keyword.internal.WebUIKeywordMain.stepFailed(WebUIKeywordMain.groovy:64)
	at com.kms.katalon.core.webui.keyword.builtin.VerifyElementTextKeyword$_verifyElementText_closure1.doCall(VerifyElementTextKeyword.groovy:57)
	at com.kms.katalon.core.webui.keyword.builtin.VerifyElementTextKeyword$_verifyElementText_closure1.call(VerifyElementTextKeyword.groovy)
	at com.kms.katalon.core.webui.keyword.internal.WebUIKeywordMain.runKeyword(WebUIKeywordMain.groovy:20)
	at com.kms.katalon.core.webui.keyword.builtin.VerifyElementTextKeyword.verifyElementText(VerifyElementTextKeyword.groovy:72)
	at com.kms.katalon.core.webui.keyword.builtin.VerifyElementTextKeyword.execute(VerifyElementTextKeyword.groovy:40)
	at com.kms.katalon.core.keyword.internal.KeywordExecutor.executeKeywordForPlatform(KeywordExecutor.groovy:73)
	at com.kms.katalon.core.webui.keyword.WebUiBuiltInKeywords.verifyElementText(WebUiBuiltInKeywords.groovy:4733)
	at com.kms.katalon.core.webui.keyword.WebUiBuiltInKeywords$verifyElementText$20.call(Unknown Source)
	at TablodaVeriBasariliMiSmm.run(TablodaVeriBasariliMiSmm:22)
	at com.kms.katalon.core.main.ScriptEngine.run(ScriptEngine.java:194)
	at com.kms.katalon.core.main.ScriptEngine.runScriptAsRawText(ScriptEngine.java:119)
	at com.kms.katalon.core.main.TestCaseExecutor.runScript(TestCaseExecutor.java:369)
	at com.kms.katalon.core.main.TestCaseExecutor.doExecute(TestCaseExecutor.java:360)
	at com.kms.katalon.core.main.TestCaseExecutor.processExecutionPhase(TestCaseExecutor.java:339)
	at com.kms.katalon.core.main.TestCaseExecutor.accessMainPhase(TestCaseExecutor.java:331)
	at com.kms.katalon.core.main.TestCaseExecutor.execute(TestCaseExecutor.java:248)
	at com.kms.katalon.core.main.TestCaseMain.runTestCase(TestCaseMain.java:138)
	at com.kms.katalon.core.keyword.builtin.CallTestCaseKeyword$_callTestCase_closure1.doCall(CallTestCaseKeyword.groovy:59)
	at com.kms.katalon.core.keyword.builtin.CallTestCaseKeyword$_callTestCase_closure1.call(CallTestCaseKeyword.groovy)
	at com.kms.katalon.core.keyword.internal.KeywordMain.runKeyword(KeywordMain.groovy:68)
	at com.kms.katalon.core.keyword.builtin.CallTestCaseKeyword.callTestCase(CallTestCaseKeyword.groovy:81)
	at com.kms.katalon.core.keyword.builtin.CallTestCaseKeyword.execute(CallTestCaseKeyword.groovy:44)
	at com.kms.katalon.core.keyword.internal.KeywordExecutor.executeKeywordForPlatform(KeywordExecutor.groovy:73)
	at com.kms.katalon.core.keyword.BuiltinKeywords.callTestCase(BuiltinKeywords.groovy:334)
	at tablo.tablo.tablodaVeriBasariliMiSmm(tablo.groovy:105)
	at cucumber.runtime.Utils$1.call(Utils.java:26)
	at cucumber.runtime.Timeout.timeout(Timeout.java:16)
	at cucumber.runtime.Utils.invoke(Utils.java:20)
	at cucumber.runtime.java.JavaStepDefinition.execute(JavaStepDefinition.java:49)
	at cucumber.runner.PickleStepDefinitionMatch.runStep(PickleStepDefinitionMatch.java:50)
	at cucumber.runner.TestStep.executeStep(TestStep.java:63)
	at cucumber.runner.TestStep.run(TestStep.java:49)
	at cucumber.runner.PickleStepTestStep.run(PickleStepTestStep.java:43)
	at cucumber.runner.TestCase.run(TestCase.java:44)
	at cucumber.runner.Runner.runPickle(Runner.java:40)
	at cucumber.runtime.Runtime$1.run(Runtime.java:84)
	at cucumber.runtime.Runtime$SameThreadExecutorService.execute(Runtime.java:220)
	at cucumber.runtime.Runtime.run(Runtime.java:81)
	at cucumber.api.cli.Main.run(Main.java:26)
	at cucumber.api.cli.Main$run.call(Unknown Source)
	at com.kms.katalon.core.cucumber.keyword.CucumberBuiltinKeywords$_runFeatureFile_closure1.doCall(CucumberBuiltinKeywords.groovy:106)
	at com.kms.katalon.core.cucumber.keyword.CucumberBuiltinKeywords$_runFeatureFile_closure1.doCall(CucumberBuiltinKeywords.groovy)
	at com.kms.katalon.core.keyword.internal.KeywordMain.runKeyword(KeywordMain.groovy:68)
	at com.kms.katalon.core.keyword.internal.KeywordMain$runKeyword.call(Unknown Source)
	at com.kms.katalon.core.cucumber.keyword.CucumberBuiltinKeywords.runFeatureFile(CucumberBuiltinKeywords.groovy:73)
	at com.kms.katalon.core.cucumber.keyword.CucumberBuiltinKeywords$runFeatureFile$0.callStatic(Unknown Source)
	at com.kms.katalon.core.cucumber.keyword.CucumberBuiltinKeywords.runFeatureFile(CucumberBuiltinKeywords.groovy:246)
	at com.kms.katalon.core.cucumber.keyword.CucumberBuiltinKeywords$runFeatureFile.call(Unknown Source)
	at VKN-e-Serbest Meslek Makbuzu-Kagit.run(VKN-e-Serbest Meslek Makbuzu-Kagit:19)
	at com.kms.katalon.core.main.ScriptEngine.run(ScriptEngine.java:194)
	at com.kms.katalon.core.main.ScriptEngine.runScriptAsRawText(ScriptEngine.java:119)
	at com.kms.katalon.core.main.TestCaseExecutor.runScript(TestCaseExecutor.java:369)
	at com.kms.katalon.core.main.TestCaseExecutor.doExecute(TestCaseExecutor.java:360)
	at com.kms.katalon.core.main.TestCaseExecutor.processExecutionPhase(TestCaseExecutor.java:339)
	at com.kms.katalon.core.main.TestCaseExecutor.accessMainPhase(TestCaseExecutor.java:331)
	at com.kms.katalon.core.main.TestCaseExecutor.execute(TestCaseExecutor.java:248)
	at com.kms.katalon.core.main.TestSuiteExecutor.accessTestCaseMainPhase(TestSuiteExecutor.java:191)
	at com.kms.katalon.core.main.TestSuiteExecutor.accessTestSuiteMainPhase(TestSuiteExecutor.java:140)
	at com.kms.katalon.core.main.TestSuiteExecutor.execute(TestSuiteExecutor.java:89)
	at com.kms.katalon.core.main.TestCaseMain.startTestSuite(TestCaseMain.java:181)
	at com.kms.katalon.core.main.TestCaseMain$startTestSuite$0.call(Unknown Source)
	at TempTestSuite1634814289741.run(TempTestSuite1634814289741.groovy:39)
)

2021-10-21 14:45:16 - [TEST_STEP][PASSED] - Method.TextDegerineEsitElementVarMi(findTestObject("Tablo/DurumBilgisiSmm"), "Başarılı"): Method.TextDegerineEsitElementVarMi is PASSED

2021-10-21 14:45:16 - [MESSAGE][INFO] - Finding Test Object 'Object Repository/Tablo/DurumBilgisiSmm'

2021-10-21 14:45:16 - [MESSAGE][INFO] - Checking timeout

2021-10-21 14:45:16 - [MESSAGE][INFO] - Finding web element with id: 'Object Repository/Tablo/DurumBilgisiSmm' located by 'By.xpath: //*[@id = 'GridViewSEReceipt_tccell0_10']' in '10' second(s)

2021-10-21 14:45:16 - [MESSAGE][INFO] - Smart Wait Function is triggered

2021-10-21 14:45:17 - [MESSAGE][INFO] - Found 1 web elements with id: 'Object Repository/Tablo/DurumBilgisiSmm' located by 'By.xpath: //*[@id = 'GridViewSEReceipt_tccell0_10']' in '10' second(s)

2021-10-21 14:45:17 - [MESSAGE][PASSED] - Method.TextDegerineEsitElementVarMi is PASSED

2021-10-21 14:45:17 - [MESSAGE][PASSED] - Call Test Case 'Test Cases/Tablo/TablodaVeriBasariliMiSmm' successfully

2021-10-21 14:45:17 - [MESSAGE][INFO] - Checking called Test Case

2021-10-21 14:45:17 - [MESSAGE][INFO] - Starting to call Test Case 'Test Cases/Kullanici_Islemleri/KullaniciIslemlerindenSecimYapilir'

2021-10-21 14:45:17 - [TEST_CASE][PASSED] - Test Cases/Kullanici_Islemleri/KullaniciIslemlerindenSecimYapilir: Test Cases/Kullanici_Islemleri/KullaniciIslemlerindenSecimYapilir

2021-10-21 14:45:17 - [TEST_STEP][PASSED] - waitForElementClickable(findTestObject("Object Repository/Kullanici_Islemleri/KullaniciIslemleri"), 10): Object 'Object Repository/Kullanici_Islemleri/KullaniciIslemleri' is clickable

2021-10-21 14:45:17 - [MESSAGE][INFO] - Finding Test Object 'Object Repository/Kullanici_Islemleri/KullaniciIslemleri'

2021-10-21 14:45:17 - [MESSAGE][INFO] - Checking object

2021-10-21 14:45:17 - [MESSAGE][INFO] - Checking timeout

2021-10-21 14:45:17 - [MESSAGE][INFO] - Finding web element from Test Object's properties

2021-10-21 14:45:17 - [MESSAGE][INFO] - Checking timeout

2021-10-21 14:45:17 - [MESSAGE][INFO] - Finding web element with id: 'Object Repository/Kullanici_Islemleri/KullaniciIslemleri' located by 'By.cssSelector: .dropdown>a>img' in '10' second(s)

2021-10-21 14:45:17 - [MESSAGE][INFO] - Smart Wait Function is triggered

2021-10-21 14:45:17 - [MESSAGE][INFO] - Found 1 web elements with id: 'Object Repository/Kullanici_Islemleri/KullaniciIslemleri' located by 'By.cssSelector: .dropdown>a>img' in '10' second(s)

2021-10-21 14:45:17 - [MESSAGE][PASSED] - Object 'Object Repository/Kullanici_Islemleri/KullaniciIslemleri' is clickable

2021-10-21 14:45:17 - [TEST_STEP][PASSED] - click(findTestObject("Object Repository/Kullanici_Islemleri/KullaniciIslemleri")): Object: 'Object Repository/Kullanici_Islemleri/KullaniciIslemleri' is clicked on

2021-10-21 14:45:17 - [MESSAGE][INFO] - Finding Test Object 'Object Repository/Kullanici_Islemleri/KullaniciIslemleri'

2021-10-21 14:45:17 - [MESSAGE][INFO] - Checking object

2021-10-21 14:45:17 - [MESSAGE][INFO] - Finding web element from Test Object's properties

2021-10-21 14:45:17 - [MESSAGE][INFO] - Checking timeout

2021-10-21 14:45:17 - [MESSAGE][INFO] - Finding web element with id: 'Object Repository/Kullanici_Islemleri/KullaniciIslemleri' located by 'By.cssSelector: .dropdown>a>img' in '30' second(s)

2021-10-21 14:45:17 - [MESSAGE][INFO] - Smart Wait Function is triggered

2021-10-21 14:45:18 - [MESSAGE][INFO] - Found 1 web elements with id: 'Object Repository/Kullanici_Islemleri/KullaniciIslemleri' located by 'By.cssSelector: .dropdown>a>img' in '30' second(s)

2021-10-21 14:45:18 - [MESSAGE][INFO] - Clicking on object: 'Object Repository/Kullanici_Islemleri/KullaniciIslemleri'

2021-10-21 14:45:18 - [MESSAGE][PASSED] - Object: 'Object Repository/Kullanici_Islemleri/KullaniciIslemleri' is clicked on

2021-10-21 14:45:18 - [TEST_STEP][PASSED] - Method.TextDegerineEsitElementeTikla(findTestObject("Object Repository/Kullanici_Islemleri/Secenekler"), Islem): Method.TextDegerineEsitElementeTikla is PASSED

2021-10-21 14:45:18 - [MESSAGE][INFO] - Finding Test Object 'Object Repository/Kullanici_Islemleri/Secenekler'

2021-10-21 14:45:18 - [MESSAGE][INFO] - Checking timeout

2021-10-21 14:45:18 - [MESSAGE][INFO] - Finding web element with id: 'Object Repository/Kullanici_Islemleri/Secenekler' located by 'By.cssSelector: .nav.navbar-nav.navbar-right li a' in '10' second(s)

2021-10-21 14:45:18 - [MESSAGE][INFO] - Smart Wait Function is triggered

2021-10-21 14:45:18 - [MESSAGE][INFO] - Found 22 web elements with id: 'Object Repository/Kullanici_Islemleri/Secenekler' located by 'By.cssSelector: .nav.navbar-nav.navbar-right li a' in '10' second(s)

2021-10-21 14:45:19 - [MESSAGE][PASSED] - Method.TextDegerineEsitElementeTikla is PASSED

2021-10-21 14:45:19 - [TEST_STEP][PASSED] - verifyElementNotPresent(findTestObject("Object Repository/Kullanici_Islemleri/Secenekler"), 10): Web element with id: 'Object Repository/Kullanici_Islemleri/Secenekler' located by 'By.cssSelector: .nav.navbar-nav.navbar-right li a' is not present after '10' second(s)

2021-10-21 14:45:19 - [MESSAGE][INFO] - Finding Test Object 'Object Repository/Kullanici_Islemleri/Secenekler'

2021-10-21 14:45:19 - [MESSAGE][INFO] - Checking object

2021-10-21 14:45:19 - [MESSAGE][INFO] - Checking timeout

2021-10-21 14:45:19 - [MESSAGE][INFO] - Finding web element with id: 'Object Repository/Kullanici_Islemleri/Secenekler' located by 'By.cssSelector: .nav.navbar-nav.navbar-right li a' in '10' second(s)

2021-10-21 14:45:19 - [MESSAGE][INFO] - Smart Wait Function is triggered

2021-10-21 14:45:20 - [MESSAGE][PASSED] - Web element with id: 'Object Repository/Kullanici_Islemleri/Secenekler' located by 'By.cssSelector: .nav.navbar-nav.navbar-right li a' is not present after '10' second(s)

2021-10-21 14:45:20 - [MESSAGE][PASSED] - Call Test Case 'Test Cases/Kullanici_Islemleri/KullaniciIslemlerindenSecimYapilir' successfully

2021-10-21 14:45:20 - [TEST_CASE][PASSED] - Start Test Case : SCENARIO VKN ile e-Serbest Meslek Makbuzu Olusturulmasi ve Excele aktarilmasi: SCENARIO VKN ile e-Serbest Meslek Makbuzu Olusturulmasi ve Excele aktarilmasi

2021-10-21 14:45:20 - [TEST_STEP][PASSED] - Giriş yapılır: Giriş yapılır

2021-10-21 14:45:20 - [MESSAGE][PASSED] - Giriş yapılır

2021-10-21 14:45:20 - [TEST_STEP][PASSED] - Ana menüden e-Makbuz seçilir: Ana menüden e-Makbuz seçilir

2021-10-21 14:45:20 - [MESSAGE][PASSED] - Ana menüden e-Makbuz seçilir

2021-10-21 14:45:20 - [TEST_STEP][PASSED] - Alt menü e-Serbest Meslek Uygulaması başlığı altındaki e-Serbest Meslek Makbuzu Oluşturma seçilir: Alt menü e-Serbest Meslek Uygulaması başlığı altındaki e-Serbest Meslek Makbuzu Oluşturma seçilir

2021-10-21 14:45:20 - [MESSAGE][PASSED] - Alt menü e-Serbest Meslek Uygulaması başlığı altındaki e-Serbest Meslek Makbuzu Oluşturma seçilir

2021-10-21 14:45:20 - [TEST_STEP][PASSED] - Tablodaki tüm veriler silinir: Tablodaki tüm veriler silinir

2021-10-21 14:45:20 - [MESSAGE][PASSED] - Tablodaki tüm veriler silinir

2021-10-21 14:45:20 - [TEST_STEP][PASSED] - Butonlardan Ekle isimli butona tıklanır: Butonlardan Ekle isimli butona tıklanır

2021-10-21 14:45:20 - [MESSAGE][PASSED] - Butonlardan Ekle isimli butona tıklanır

2021-10-21 14:45:20 - [TEST_STEP][PASSED] - Görsel tasarım sayfasının Makbuz Bilgileri başlığını içerdiği kontrol edilir: Görsel tasarım sayfasının Makbuz Bilgileri başlığını içerdiği kontrol edilir

2021-10-21 14:45:20 - [MESSAGE][PASSED] - Görsel tasarım sayfasının Makbuz Bilgileri başlığını içerdiği kontrol edilir

2021-10-21 14:45:20 - [TEST_STEP][PASSED] - Alıcı adı alanına VirgosolSerbestMeslekVKN girilir: Alıcı adı alanına VirgosolSerbestMeslekVKN girilir

2021-10-21 14:45:20 - [MESSAGE][PASSED] - Alıcı adı alanına VirgosolSerbestMeslekVKN girilir

2021-10-21 14:45:20 - [TEST_STEP][PASSED] - Gönderim Şekli Kağıt olarak seçilir: Gönderim Şekli Kağıt olarak seçilir

2021-10-21 14:45:20 - [MESSAGE][PASSED] - Gönderim Şekli Kağıt olarak seçilir

2021-10-21 14:45:20 - [TEST_STEP][PASSED] - Döküman Para Birimi alanından Türk Lirası seçilir: Döküman Para Birimi alanından Türk Lirası seçilir

2021-10-21 14:45:20 - [MESSAGE][PASSED] - Döküman Para Birimi alanından Türk Lirası seçilir

2021-10-21 14:45:20 - [TEST_STEP][PASSED] - Tasarım alanından e-Serbest Meslek Makbuz Öndeger Sablon Tasarim.xslt- seçilir: Tasarım alanından e-Serbest Meslek Makbuz Öndeger Sablon Tasarim.xslt- seçilir

2021-10-21 14:45:20 - [MESSAGE][PASSED] - Tasarım alanından e-Serbest Meslek Makbuz Öndeger Sablon Tasarim.xslt- seçilir

2021-10-21 14:45:20 - [TEST_STEP][PASSED] - Ekle butonuna basılır: Ekle butonuna basılır

2021-10-21 14:45:20 - [MESSAGE][PASSED] - Ekle butonuna basılır

2021-10-21 14:45:20 - [TEST_STEP][PASSED] - Ürün ekleme alanında Ücretin Ne İçin Alındığı başlığına Otomasyon girilir: Ürün ekleme alanında Ücretin Ne İçin Alındığı başlığına Otomasyon girilir

2021-10-21 14:45:20 - [MESSAGE][PASSED] - Ürün ekleme alanında Ücretin Ne İçin Alındığı başlığına Otomasyon girilir

2021-10-21 14:45:20 - [TEST_STEP][PASSED] - Ürün ekleme alanında Brüt Ücret başlığına 400 girilir: Ürün ekleme alanında Brüt Ücret başlığına 400 girilir

2021-10-21 14:45:20 - [MESSAGE][PASSED] - Ürün ekleme alanında Brüt Ücret başlığına 400 girilir

2021-10-21 14:45:20 - [TEST_STEP][PASSED] - Ürün ekleme alanında G.V Stopaj Oranı% başlığına 10 girilir: Ürün ekleme alanında G.V Stopaj Oranı% başlığına 10 girilir

2021-10-21 14:45:20 - [MESSAGE][PASSED] - Ürün ekleme alanında G.V Stopaj Oranı% başlığına 10 girilir

2021-10-21 14:45:20 - [TEST_STEP][PASSED] - Notlar alanına Otomasyon Not girilir: Notlar alanına Otomasyon Not girilir

2021-10-21 14:45:20 - [MESSAGE][PASSED] - Notlar alanına Otomasyon Not girilir

2021-10-21 14:45:20 - [TEST_STEP][PASSED] - Ettn bilgisi kayıt edilir: Ettn bilgisi kayıt edilir

2021-10-21 14:45:20 - [MESSAGE][PASSED] - Ettn bilgisi kayıt edilir

2021-10-21 14:45:20 - [TEST_STEP][PASSED] - Kaydet butonu seçilir: Kaydet butonu seçilir

2021-10-21 14:45:20 - [MESSAGE][PASSED] - Kaydet butonu seçilir

2021-10-21 14:45:20 - [TEST_STEP][PASSED] - Tabloda Ettn bilgisi kaydedilen veri oluşturuldu mu: Tabloda Ettn bilgisi kaydedilen veri oluşturuldu mu

2021-10-21 14:45:20 - [MESSAGE][PASSED] - Tabloda Ettn bilgisi kaydedilen veri oluşturuldu mu

2021-10-21 14:45:20 - [TEST_STEP][PASSED] - Tablodan Ettn bilgisi kaydedilen veri seçilir: Tablodan Ettn bilgisi kaydedilen veri seçilir

2021-10-21 14:45:20 - [MESSAGE][PASSED] - Tablodan Ettn bilgisi kaydedilen veri seçilir

2021-10-21 14:45:20 - [TEST_STEP][PASSED] - Butonlardan Numara Oluştur isimli butona tıklanır: Butonlardan Numara Oluştur isimli butona tıklanır

2021-10-21 14:45:20 - [MESSAGE][PASSED] - Butonlardan Numara Oluştur isimli butona tıklanır

2021-10-21 14:45:20 - [TEST_STEP][PASSED] - Popup mesajı Devam etmek istiyor musunuz içeriyor mu: Popup mesajı Devam etmek istiyor musunuz içeriyor mu

2021-10-21 14:45:20 - [MESSAGE][PASSED] - Popup mesajı Devam etmek istiyor musunuz içeriyor mu

2021-10-21 14:45:20 - [TEST_STEP][PASSED] - Yönetim popupında Evet seçilir: Yönetim popupında Evet seçilir

2021-10-21 14:45:20 - [MESSAGE][PASSED] - Yönetim popupında Evet seçilir

2021-10-21 14:45:20 - [TEST_STEP][PASSED] - Popup mesajı oluşmuştur içeriyor mu: Popup mesajı oluşmuştur içeriyor mu

2021-10-21 14:45:20 - [MESSAGE][PASSED] - Popup mesajı oluşmuştur içeriyor mu

2021-10-21 14:45:20 - [TEST_STEP][PASSED] - Yönetim popupında Tamam seçilir: Yönetim popupında Tamam seçilir

2021-10-21 14:45:20 - [MESSAGE][PASSED] - Yönetim popupında Tamam seçilir

2021-10-21 14:45:20 - [TEST_STEP][PASSED] - Tablodan Ettn bilgisi kaydedilen veri seçilir: Tablodan Ettn bilgisi kaydedilen veri seçilir

2021-10-21 14:45:20 - [MESSAGE][PASSED] - Tablodan Ettn bilgisi kaydedilen veri seçilir

2021-10-21 14:45:20 - [TEST_STEP][PASSED] - Butonlardan Gönder isimli butona tıklanır: Butonlardan Gönder isimli butona tıklanır

2021-10-21 14:45:20 - [MESSAGE][PASSED] - Butonlardan Gönder isimli butona tıklanır

2021-10-21 14:45:20 - [TEST_STEP][PASSED] - Popup mesajı Devam etmek istiyor musunuz içeriyor mu: Popup mesajı Devam etmek istiyor musunuz içeriyor mu

2021-10-21 14:45:20 - [MESSAGE][PASSED] - Popup mesajı Devam etmek istiyor musunuz içeriyor mu

2021-10-21 14:45:20 - [TEST_STEP][PASSED] - Yönetim popupında Evet seçilir: Yönetim popupında Evet seçilir

2021-10-21 14:45:20 - [MESSAGE][PASSED] - Yönetim popupında Evet seçilir

2021-10-21 14:45:20 - [TEST_STEP][PASSED] - Ana menüden e-Makbuz seçilir: Ana menüden e-Makbuz seçilir

2021-10-21 14:45:20 - [MESSAGE][PASSED] - Ana menüden e-Makbuz seçilir

2021-10-21 14:45:20 - [TEST_STEP][PASSED] - Alt menü e-Serbest Meslek Uygulaması başlığı altındaki e-Serbest Meslek Makbuzları seçilir: Alt menü e-Serbest Meslek Uygulaması başlığı altındaki e-Serbest Meslek Makbuzları seçilir

2021-10-21 14:45:20 - [MESSAGE][PASSED] - Alt menü e-Serbest Meslek Uygulaması başlığı altındaki e-Serbest Meslek Makbuzları seçilir

2021-10-21 14:45:20 - [TEST_STEP][PASSED] - Filtrelerden Ettn filtresine Ettn bilgisi yaz: Filtrelerden Ettn filtresine Ettn bilgisi yaz

2021-10-21 14:45:20 - [MESSAGE][PASSED] - Filtrelerden Ettn filtresine Ettn bilgisi yaz

2021-10-21 14:45:20 - [TEST_STEP][PASSED] - Filtre butonlarından Listele seçilir: Filtre butonlarından Listele seçilir

2021-10-21 14:45:20 - [MESSAGE][PASSED] - Filtre butonlarından Listele seçilir

2021-10-21 14:45:20 - [TEST_STEP][PASSED] - Tabloda veri var mı kontrol edilir: Tabloda veri var mı kontrol edilir

2021-10-21 14:45:20 - [MESSAGE][PASSED] - Tabloda veri var mı kontrol edilir

2021-10-21 14:45:20 - [TEST_STEP][PASSED] - Tabloda yeni oluşturulan smm verisi başarılı mı: Tabloda yeni oluşturulan smm verisi başarılı mı

2021-10-21 14:45:20 - [MESSAGE][PASSED] - Tabloda yeni oluşturulan smm verisi başarılı mı

2021-10-21 14:45:20 - [TEST_STEP][PASSED] - Kullanıcı işlemlerinden Çıkış seçilir: Kullanıcı işlemlerinden Çıkış seçilir

2021-10-21 14:45:20 - [MESSAGE][PASSED] - Kullanıcı işlemlerinden Çıkış seçilir

2021-10-21 14:45:20 - [MESSAGE][PASSED] - Feature file: 'Include/features/Regresyon/e-Serbest Meslek Makbuzu/VKN-e-Serbest Meslek Makbuzu-Kagit.feature' was passed

2021-10-21 14:45:20 - [TEST_STEP][PASSED] - Start listener action : sampleAfterTestSuite: Invoke 'com.kms.katalon.core.annotation.AfterTestCase' method: 'Listener.sampleAfterTestSuite(...)' completed.

2021-10-21 14:45:20 - [MESSAGE][INFO] - Starting invoke 'com.kms.katalon.core.annotation.AfterTestCase' method: 'Listener.sampleAfterTestSuite(...)'

2021-10-21 14:45:20 - [TEST_STEP][PASSED] - closeBrowser(): Invoke 'com.kms.katalon.core.annotation.AfterTestCase' method: 'Listener.sampleAfterTestSuite(...)' completed.

2021-10-21 14:45:20 - [MESSAGE][INFO] - Closing browser

2021-10-21 14:45:20 - [MESSAGE][PASSED] - Browser is closed

2021-10-21 14:45:20 - [MESSAGE][INFO] - Invoke 'com.kms.katalon.core.annotation.AfterTestCase' method: 'Listener.sampleAfterTestSuite(...)' completed.]]></system-out>
         <system-err><![CDATA[]]></system-err>
      </testcase>
      <system-out><![CDATA[2021-10-21 14:06:07 - [TEST_SUITE][PASSED] - Regresyon-eArsiv-eMakbuz: Test Cases/Case Repository/Regresyon/e-Serbest Meslek Makbuzu/VKN-e-Serbest Meslek Makbuzu-Kagit]]></system-out>
      <system-err><![CDATA[]]></system-err>
   </testsuite>
</testsuites>
