<?xml version="1.0" encoding="UTF-8"?>
<testsuites name="Firma_Yonetimi" time="475.416" tests="13" failures="0" errors="0">
   <testsuite name="Firma_Yonetimi" tests="13" failures="0" errors="0" time="475.416" skipped="0" timestamp="2021-11-18 11:49:13" hostname="DELL - DESKTOP-QBVMTUG" id="">
      <properties>
         <property name="deviceName" value=""/>
         <property name="devicePlatform" value=""/>
         <property name="logFolder" value="C:\\Users\\DELL\\Documents\\GitHub\\EES_KatalonLogo\\Reports\\20211118_110909\\Suite Repository\\Firma_Yonetimi\\20211118_111017"/>
         <property name="logFiles" value="C:\\Users\\DELL\\Documents\\GitHub\\EES_KatalonLogo\\Reports\\20211118_110909\\Suite Repository\\Firma_Yonetimi\\20211118_111017\\execution0.log"/>
         <property name="attachments" value=""/>
         <property name="hostName" value="DELL - DESKTOP-QBVMTUG"/>
         <property name="os" value="Windows 10 64bit"/>
         <property name="katalonVersion" value="8.0.5.208"/>
         <property name="browser" value="Chrome 96.0.4664.45"/>
         <property name="hostAddress" value="192.168.1.24"/>
         <property name="sessionId" value="fab15e9f7f2e159345b16f4663dcbc59"/>
         <property name="seleniumVersion" value="3.141.59"/>
         <property name="proxyInformation" value="ProxyInformation { proxyOption=NO_PROXY, proxyServerType=HTTP, username=, password=********, proxyServerAddress=, proxyServerPort=0, executionList=&quot;&quot;, isApplyToDesiredCapabilities=true }"/>
         <property name="platform" value="Windows 10"/>
      </properties>
      <testcase name="Test Cases/Case Repository/Firma Yonetimi/Yetki Yonetimi/Departman Tanimlari/Departman Ekle" time="46.297" classname="Test Cases/Case Repository/Firma Yonetimi/Yetki Yonetimi/Departman Tanimlari/Departman Ekle" status="PASSED">
         <system-out><![CDATA[2021-11-18 11:49:14 - [TEST_CASE][PASSED] - Test Cases/Case Repository/Firma Yonetimi/Yetki Yonetimi/Departman Tanimlari/Departman Ekle: Test Cases/Case Repository/Firma Yonetimi/Yetki Yonetimi/Departman Tanimlari/Departman Ekle

2021-11-18 11:49:14 - [TEST_STEP][PASSED] - Start listener action : sampleBeforeTestSuite: Invoke 'com.kms.katalon.core.annotation.BeforeTestCase' method: 'Listener.sampleBeforeTestSuite(...)' completed.

2021-11-18 11:49:14 - [MESSAGE][INFO] - Starting invoke 'com.kms.katalon.core.annotation.BeforeTestCase' method: 'Listener.sampleBeforeTestSuite(...)'

2021-11-18 11:49:14 - [TEST_STEP][PASSED] - openBrowser(baseUrl): Browser is opened with url: 'https://efatura-stage.elogo.com.tr/'

2021-11-18 11:49:15 - [MESSAGE][INFO] - Opening browser

2021-11-18 11:49:15 - [MESSAGE][INFO] - Starting 'Chrome' driver

2021-11-18 11:49:15 - [MESSAGE][INFO] - User set preference: ['prefs', '{download.default_directory=C:\otomasyondownfiles}']

2021-11-18 11:49:15 - [MESSAGE][INFO] - Action delay is set to 0 milliseconds

2021-11-18 11:49:19 - [MESSAGE][INFO] - Navigating browser to: 'https://efatura-stage.elogo.com.tr/'

2021-11-18 11:49:21 - [MESSAGE][PASSED] - Browser is opened with url: 'https://efatura-stage.elogo.com.tr/'

2021-11-18 11:49:21 - [TEST_STEP][PASSED] - maximizeWindow(): Invoke 'com.kms.katalon.core.annotation.BeforeTestCase' method: 'Listener.sampleBeforeTestSuite(...)' completed.

2021-11-18 11:49:21 - [MESSAGE][INFO] - Maximizing current window

2021-11-18 11:49:22 - [MESSAGE][PASSED] - Current window maximized

2021-11-18 11:49:22 - [MESSAGE][INFO] - Invoke 'com.kms.katalon.core.annotation.BeforeTestCase' method: 'Listener.sampleBeforeTestSuite(...)' completed.

2021-11-18 11:49:22 - [TEST_STEP][PASSED] - runFeatureFile("Include/features/Firma Yonetimi/Yetki Yonetimi/Departman Tanimlari/Departman Ekle.feature"): Feature file: 'Include/features/Firma Yonetimi/Yetki Yonetimi/Departman Tanimlari/Departman Ekle.feature' was passed

2021-11-18 11:49:23 - [MESSAGE][INFO] - Starting run keyword runFeatureFile: 'Include/features/Firma Yonetimi/Yetki Yonetimi/Departman Tanimlari/Departman Ekle.feature' and extract report to folder: 'C:\Users\DELL\Documents\GitHub\EES_KatalonLogo\Reports\20211118_110909\Suite Repository\Firma_Yonetimi\20211118_111017/cucumber_report/1637225363049'...

2021-11-18 11:49:23 - [MESSAGE][INFO] - Glue: []

2021-11-18 11:49:26 - [MESSAGE][INFO] - Checking called Test Case

2021-11-18 11:49:26 - [MESSAGE][INFO] - Starting to call Test Case 'Test Cases/Sayfalar/Giris_Sayfasi/Login'

2021-11-18 11:49:26 - [TEST_CASE][PASSED] - Test Cases/Sayfalar/Giris_Sayfasi/Login: Test Cases/Sayfalar/Giris_Sayfasi/Login

2021-11-18 11:49:27 - [TEST_STEP][PASSED] - Sayfa_Basligi = getWindowTitle(): Current window's title is: 'LOGO e-Fatura'

2021-11-18 11:49:27 - [MESSAGE][INFO] - Getting current window's title

2021-11-18 11:49:28 - [MESSAGE][PASSED] - Current window's title is: 'LOGO e-Fatura'

2021-11-18 11:49:28 - [TEST_STEP][PASSED] - verifyMatch(Sayfa_Basligi, "LOGO e-Fatura", false): Actual text 'LOGO e-Fatura' and expected text 'LOGO e-Fatura' are matched 

2021-11-18 11:49:28 - [MESSAGE][INFO] - Matching actual text 'LOGO e-Fatura' with expected text 'LOGO e-Fatura'

2021-11-18 11:49:28 - [MESSAGE][PASSED] - Actual text 'LOGO e-Fatura' and expected text 'LOGO e-Fatura' are matched 

2021-11-18 11:49:28 - [TEST_STEP][PASSED] - sendKeys(findTestObject("Sayfalar/Giris_Sayfasi/Firma_Kodu"), KullaniciAdi): Keys 'ELOGO6' sent to object: 'Object Repository/Sayfalar/Giris_Sayfasi/Firma_Kodu'

2021-11-18 11:49:28 - [MESSAGE][INFO] - Finding Test Object 'Object Repository/Sayfalar/Giris_Sayfasi/Firma_Kodu'

2021-11-18 11:49:28 - [MESSAGE][INFO] - Sending keys 'ELOGO6' to object: 'Object Repository/Sayfalar/Giris_Sayfasi/Firma_Kodu'

2021-11-18 11:49:28 - [MESSAGE][INFO] - Finding web element from Test Object's properties

2021-11-18 11:49:28 - [MESSAGE][INFO] - Checking timeout

2021-11-18 11:49:28 - [MESSAGE][INFO] - Finding web element with id: 'Object Repository/Sayfalar/Giris_Sayfasi/Firma_Kodu' located by 'By.xpath: //*[@id = 'AccountName']' in '30' second(s)

2021-11-18 11:49:28 - [MESSAGE][INFO] - Smart Wait Function is triggered

2021-11-18 11:49:28 - [MESSAGE][INFO] - Found 1 web elements with id: 'Object Repository/Sayfalar/Giris_Sayfasi/Firma_Kodu' located by 'By.xpath: //*[@id = 'AccountName']' in '30' second(s)

2021-11-18 11:49:28 - [MESSAGE][PASSED] - Keys 'ELOGO6' sent to object: 'Object Repository/Sayfalar/Giris_Sayfasi/Firma_Kodu'

2021-11-18 11:49:28 - [TEST_STEP][PASSED] - sendKeys(findTestObject("Sayfalar/Giris_Sayfasi/Sifre"), Sifre): Keys '123456' sent to object: 'Object Repository/Sayfalar/Giris_Sayfasi/Sifre'

2021-11-18 11:49:28 - [MESSAGE][INFO] - Finding Test Object 'Object Repository/Sayfalar/Giris_Sayfasi/Sifre'

2021-11-18 11:49:28 - [MESSAGE][INFO] - Sending keys '123456' to object: 'Object Repository/Sayfalar/Giris_Sayfasi/Sifre'

2021-11-18 11:49:28 - [MESSAGE][INFO] - Finding web element from Test Object's properties

2021-11-18 11:49:28 - [MESSAGE][INFO] - Checking timeout

2021-11-18 11:49:28 - [MESSAGE][INFO] - Finding web element with id: 'Object Repository/Sayfalar/Giris_Sayfasi/Sifre' located by 'By.xpath: //*[@id = 'Password']' in '30' second(s)

2021-11-18 11:49:28 - [MESSAGE][INFO] - Smart Wait Function is triggered

2021-11-18 11:49:29 - [MESSAGE][INFO] - Found 1 web elements with id: 'Object Repository/Sayfalar/Giris_Sayfasi/Sifre' located by 'By.xpath: //*[@id = 'Password']' in '30' second(s)

2021-11-18 11:49:29 - [MESSAGE][PASSED] - Keys '123456' sent to object: 'Object Repository/Sayfalar/Giris_Sayfasi/Sifre'

2021-11-18 11:49:29 - [TEST_STEP][PASSED] - findWebElement(findTestObject("Sayfalar/Giris_Sayfasi/Giris_Butonu")).click(): Found 1 web elements with id: 'Object Repository/Sayfalar/Giris_Sayfasi/Giris_Butonu' located by 'By.cssSelector: #btnLogin' in '30' second(s)

2021-11-18 11:49:29 - [MESSAGE][INFO] - Finding Test Object 'Object Repository/Sayfalar/Giris_Sayfasi/Giris_Butonu'

2021-11-18 11:49:29 - [MESSAGE][INFO] - Finding web element from Test Object's properties

2021-11-18 11:49:29 - [MESSAGE][INFO] - Checking timeout

2021-11-18 11:49:29 - [MESSAGE][INFO] - Finding web element with id: 'Object Repository/Sayfalar/Giris_Sayfasi/Giris_Butonu' located by 'By.cssSelector: #btnLogin' in '30' second(s)

2021-11-18 11:49:29 - [MESSAGE][INFO] - Smart Wait Function is triggered

2021-11-18 11:49:29 - [MESSAGE][INFO] - Found 1 web elements with id: 'Object Repository/Sayfalar/Giris_Sayfasi/Giris_Butonu' located by 'By.cssSelector: #btnLogin' in '30' second(s)

2021-11-18 11:49:32 - [TEST_STEP][PASSED] - if (verifyElementPresent(findTestObject("Object Repository/Sayfalar/Giris_Sayfasi/RetveTamam_Butonu"), 5, OPTIONAL)): null

2021-11-18 11:49:32 - [MESSAGE][INFO] - Finding Test Object 'Object Repository/Sayfalar/Giris_Sayfasi/RetveTamam_Butonu'

2021-11-18 11:49:32 - [MESSAGE][INFO] - Checking object

2021-11-18 11:49:32 - [MESSAGE][INFO] - Finding web element from Test Object's properties

2021-11-18 11:49:32 - [MESSAGE][INFO] - Checking timeout

2021-11-18 11:49:32 - [MESSAGE][INFO] - Finding web element with id: 'Object Repository/Sayfalar/Giris_Sayfasi/RetveTamam_Butonu' located by 'By.xpath: //*[@class = 'btn btn-default']' in '5' second(s)

2021-11-18 11:49:32 - [MESSAGE][INFO] - Smart Wait Function is triggered

2021-11-18 11:49:32 - [MESSAGE][INFO] - Found 1 web elements with id: 'Object Repository/Sayfalar/Giris_Sayfasi/RetveTamam_Butonu' located by 'By.xpath: //*[@class = 'btn btn-default']' in '5' second(s)

2021-11-18 11:49:32 - [MESSAGE][PASSED] - Object 'Object Repository/Sayfalar/Giris_Sayfasi/RetveTamam_Butonu' is present

2021-11-18 11:49:32 - [TEST_STEP][PASSED] - click(findTestObject("Object Repository/Sayfalar/Giris_Sayfasi/RetveTamam_Butonu")): Object: 'Object Repository/Sayfalar/Giris_Sayfasi/RetveTamam_Butonu' is clicked on

2021-11-18 11:49:32 - [MESSAGE][INFO] - Finding Test Object 'Object Repository/Sayfalar/Giris_Sayfasi/RetveTamam_Butonu'

2021-11-18 11:49:32 - [MESSAGE][INFO] - Checking object

2021-11-18 11:49:32 - [MESSAGE][INFO] - Finding web element from Test Object's properties

2021-11-18 11:49:32 - [MESSAGE][INFO] - Checking timeout

2021-11-18 11:49:32 - [MESSAGE][INFO] - Finding web element with id: 'Object Repository/Sayfalar/Giris_Sayfasi/RetveTamam_Butonu' located by 'By.xpath: //*[@class = 'btn btn-default']' in '30' second(s)

2021-11-18 11:49:32 - [MESSAGE][INFO] - Smart Wait Function is triggered

2021-11-18 11:49:33 - [MESSAGE][INFO] - Found 1 web elements with id: 'Object Repository/Sayfalar/Giris_Sayfasi/RetveTamam_Butonu' located by 'By.xpath: //*[@class = 'btn btn-default']' in '30' second(s)

2021-11-18 11:49:33 - [MESSAGE][INFO] - Clicking on object: 'Object Repository/Sayfalar/Giris_Sayfasi/RetveTamam_Butonu'

2021-11-18 11:49:33 - [MESSAGE][PASSED] - Object: 'Object Repository/Sayfalar/Giris_Sayfasi/RetveTamam_Butonu' is clicked on

2021-11-18 11:49:33 - [TEST_STEP][PASSED] - click(findTestObject("Object Repository/Sayfalar/Giris_Sayfasi/RetveTamam_Butonu")): Object: 'Object Repository/Sayfalar/Giris_Sayfasi/RetveTamam_Butonu' is clicked on

2021-11-18 11:49:33 - [MESSAGE][INFO] - Finding Test Object 'Object Repository/Sayfalar/Giris_Sayfasi/RetveTamam_Butonu'

2021-11-18 11:49:33 - [MESSAGE][INFO] - Checking object

2021-11-18 11:49:33 - [MESSAGE][INFO] - Finding web element from Test Object's properties

2021-11-18 11:49:33 - [MESSAGE][INFO] - Checking timeout

2021-11-18 11:49:33 - [MESSAGE][INFO] - Finding web element with id: 'Object Repository/Sayfalar/Giris_Sayfasi/RetveTamam_Butonu' located by 'By.xpath: //*[@class = 'btn btn-default']' in '30' second(s)

2021-11-18 11:49:33 - [MESSAGE][INFO] - Smart Wait Function is triggered

2021-11-18 11:49:36 - [MESSAGE][INFO] - Found 1 web elements with id: 'Object Repository/Sayfalar/Giris_Sayfasi/RetveTamam_Butonu' located by 'By.xpath: //*[@class = 'btn btn-default']' in '30' second(s)

2021-11-18 11:49:36 - [MESSAGE][INFO] - Clicking on object: 'Object Repository/Sayfalar/Giris_Sayfasi/RetveTamam_Butonu'

2021-11-18 11:49:36 - [MESSAGE][PASSED] - Object: 'Object Repository/Sayfalar/Giris_Sayfasi/RetveTamam_Butonu' is clicked on

2021-11-18 11:49:36 - [TEST_STEP][PASSED] - if (verifyElementPresent(findTestObject("Sayfalar/Giris_Sayfasi/PopupOK"), 5, OPTIONAL)): null

2021-11-18 11:49:36 - [MESSAGE][INFO] - Finding Test Object 'Object Repository/Sayfalar/Giris_Sayfasi/PopupOK'

2021-11-18 11:49:36 - [MESSAGE][INFO] - Checking object

2021-11-18 11:49:36 - [MESSAGE][INFO] - Finding web element from Test Object's properties

2021-11-18 11:49:36 - [MESSAGE][INFO] - Checking timeout

2021-11-18 11:49:36 - [MESSAGE][INFO] - Finding web element with id: 'Object Repository/Sayfalar/Giris_Sayfasi/PopupOK' located by 'By.cssSelector: .btn.btn-success' in '5' second(s)

2021-11-18 11:49:36 - [MESSAGE][INFO] - Smart Wait Function is triggered

2021-11-18 11:49:36 - [MESSAGE][INFO] - Found 1 web elements with id: 'Object Repository/Sayfalar/Giris_Sayfasi/PopupOK' located by 'By.cssSelector: .btn.btn-success' in '5' second(s)

2021-11-18 11:49:36 - [MESSAGE][PASSED] - Object 'Object Repository/Sayfalar/Giris_Sayfasi/PopupOK' is present

2021-11-18 11:49:36 - [TEST_STEP][PASSED] - click(findTestObject("Object Repository/Sayfalar/Giris_Sayfasi/PopupCarpiGiris")): Object: 'Object Repository/Sayfalar/Giris_Sayfasi/PopupCarpiGiris' is clicked on

2021-11-18 11:49:36 - [MESSAGE][INFO] - Finding Test Object 'Object Repository/Sayfalar/Giris_Sayfasi/PopupCarpiGiris'

2021-11-18 11:49:37 - [MESSAGE][INFO] - Checking object

2021-11-18 11:49:37 - [MESSAGE][INFO] - Finding web element from Test Object's properties

2021-11-18 11:49:37 - [MESSAGE][INFO] - Checking timeout

2021-11-18 11:49:37 - [MESSAGE][INFO] - Finding web element with id: 'Object Repository/Sayfalar/Giris_Sayfasi/PopupCarpiGiris' located by 'By.cssSelector: .bootbox-close-button.close' in '30' second(s)

2021-11-18 11:49:37 - [MESSAGE][INFO] - Smart Wait Function is triggered

2021-11-18 11:49:37 - [MESSAGE][INFO] - Found 1 web elements with id: 'Object Repository/Sayfalar/Giris_Sayfasi/PopupCarpiGiris' located by 'By.cssSelector: .bootbox-close-button.close' in '30' second(s)

2021-11-18 11:49:37 - [MESSAGE][INFO] - Clicking on object: 'Object Repository/Sayfalar/Giris_Sayfasi/PopupCarpiGiris'

2021-11-18 11:49:37 - [MESSAGE][PASSED] - Object: 'Object Repository/Sayfalar/Giris_Sayfasi/PopupCarpiGiris' is clicked on

2021-11-18 11:49:37 - [TEST_STEP][PASSED] - verifyElementVisible(findTestObject("Object Repository/Kullanici_Islemleri/KullaniciIslemleri")): Object 'Object Repository/Kullanici_Islemleri/KullaniciIslemleri' is visible

2021-11-18 11:49:37 - [MESSAGE][INFO] - Finding Test Object 'Object Repository/Kullanici_Islemleri/KullaniciIslemleri'

2021-11-18 11:49:37 - [MESSAGE][INFO] - Checking object

2021-11-18 11:49:37 - [MESSAGE][INFO] - Finding web element from Test Object's properties

2021-11-18 11:49:37 - [MESSAGE][INFO] - Checking timeout

2021-11-18 11:49:37 - [MESSAGE][INFO] - Finding web element with id: 'Object Repository/Kullanici_Islemleri/KullaniciIslemleri' located by 'By.cssSelector: .dropdown>a>img' in '30' second(s)

2021-11-18 11:49:37 - [MESSAGE][INFO] - Smart Wait Function is triggered

2021-11-18 11:49:38 - [MESSAGE][INFO] - Found 1 web elements with id: 'Object Repository/Kullanici_Islemleri/KullaniciIslemleri' located by 'By.cssSelector: .dropdown>a>img' in '30' second(s)

2021-11-18 11:49:38 - [MESSAGE][PASSED] - Object 'Object Repository/Kullanici_Islemleri/KullaniciIslemleri' is visible

2021-11-18 11:49:38 - [MESSAGE][PASSED] - Call Test Case 'Test Cases/Sayfalar/Giris_Sayfasi/Login' successfully

2021-11-18 11:49:38 - [MESSAGE][INFO] - Checking called Test Case

2021-11-18 11:49:38 - [MESSAGE][INFO] - Starting to call Test Case 'Test Cases/Menu/AnaMenuSecimi'

2021-11-18 11:49:38 - [TEST_CASE][PASSED] - Test Cases/Menu/AnaMenuSecimi: Test Cases/Menu/AnaMenuSecimi

2021-11-18 11:49:38 - [TEST_STEP][PASSED] - Method.TextDegerineEsitElementeTikla(findTestObject("Menu/Ana_Menu"), Ana_Menu): Method.TextDegerineEsitElementeTikla is PASSED

2021-11-18 11:49:38 - [MESSAGE][INFO] - Finding Test Object 'Object Repository/Menu/Ana_Menu'

2021-11-18 11:49:39 - [MESSAGE][INFO] - Checking timeout

2021-11-18 11:49:39 - [MESSAGE][INFO] - Finding web element with id: 'Object Repository/Menu/Ana_Menu' located by 'By.xpath: //*[@class = 'dropdown-toggle']' in '10' second(s)

2021-11-18 11:49:39 - [MESSAGE][INFO] - Smart Wait Function is triggered

2021-11-18 11:49:39 - [MESSAGE][INFO] - Found 14 web elements with id: 'Object Repository/Menu/Ana_Menu' located by 'By.xpath: //*[@class = 'dropdown-toggle']' in '10' second(s)

2021-11-18 11:49:39 - [MESSAGE][PASSED] - Method.TextDegerineEsitElementeTikla is PASSED

2021-11-18 11:49:39 - [MESSAGE][PASSED] - Call Test Case 'Test Cases/Menu/AnaMenuSecimi' successfully

2021-11-18 11:49:39 - [MESSAGE][INFO] - Checking called Test Case

2021-11-18 11:49:39 - [MESSAGE][INFO] - Starting to call Test Case 'Test Cases/Menu/AltMenuSecimi'

2021-11-18 11:49:39 - [TEST_CASE][PASSED] - Test Cases/Menu/AltMenuSecimi: Test Cases/Menu/AltMenuSecimi

2021-11-18 11:49:40 - [TEST_STEP][PASSED] - Method.TextDegerineEsitElementeTikla(findTestObject("Menu/Alt_Menu"), Alt_Menu): Method.TextDegerineEsitElementeTikla is PASSED

2021-11-18 11:49:40 - [MESSAGE][INFO] - Finding Test Object 'Object Repository/Menu/Alt_Menu'

2021-11-18 11:49:40 - [MESSAGE][INFO] - Checking timeout

2021-11-18 11:49:40 - [MESSAGE][INFO] - Finding web element with id: 'Object Repository/Menu/Alt_Menu' located by 'By.xpath: //li[@class='dropdown dropdown-large open']//li[@class='dropdown-element']' in '10' second(s)

2021-11-18 11:49:40 - [MESSAGE][INFO] - Smart Wait Function is triggered

2021-11-18 11:49:40 - [MESSAGE][INFO] - Found 1 web elements with id: 'Object Repository/Menu/Alt_Menu' located by 'By.xpath: //li[@class='dropdown dropdown-large open']//li[@class='dropdown-element']' in '10' second(s)

2021-11-18 11:49:48 - [MESSAGE][PASSED] - Method.TextDegerineEsitElementeTikla is PASSED

2021-11-18 11:49:48 - [MESSAGE][PASSED] - Call Test Case 'Test Cases/Menu/AltMenuSecimi' successfully

2021-11-18 11:49:48 - [MESSAGE][INFO] - Checking called Test Case

2021-11-18 11:49:48 - [MESSAGE][INFO] - Starting to call Test Case 'Test Cases/Sayfalar/Yetki_Yonetimi/SekmeSecilir'

2021-11-18 11:49:48 - [TEST_CASE][PASSED] - Test Cases/Sayfalar/Yetki_Yonetimi/SekmeSecilir: Test Cases/Sayfalar/Yetki_Yonetimi/SekmeSecilir

2021-11-18 11:49:49 - [TEST_STEP][PASSED] - Method.TextDegerineEsitElementeTikla(findTestObject("Object Repository/Sayfalar/Yetki_Yonetimi/Sekmeler"), Sekme): Method.TextDegerineEsitElementeTikla is PASSED

2021-11-18 11:49:49 - [MESSAGE][INFO] - Finding Test Object 'Object Repository/Sayfalar/Yetki_Yonetimi/Sekmeler'

2021-11-18 11:49:49 - [MESSAGE][INFO] - Checking timeout

2021-11-18 11:49:49 - [MESSAGE][INFO] - Finding web element with id: 'Object Repository/Sayfalar/Yetki_Yonetimi/Sekmeler' located by 'By.cssSelector: #pcFeatures_TC>li[class="dxtc-tab"] span,#pcFeatures_TC>li[class="dxtc-activeTab dxtc-lead"] span' in '10' second(s)

2021-11-18 11:49:49 - [MESSAGE][INFO] - Smart Wait Function is triggered

2021-11-18 11:49:49 - [MESSAGE][INFO] - Found 3 web elements with id: 'Object Repository/Sayfalar/Yetki_Yonetimi/Sekmeler' located by 'By.cssSelector: #pcFeatures_TC>li[class="dxtc-tab"] span,#pcFeatures_TC>li[class="dxtc-activeTab dxtc-lead"] span' in '10' second(s)

2021-11-18 11:49:49 - [MESSAGE][PASSED] - Method.TextDegerineEsitElementeTikla is PASSED

2021-11-18 11:49:49 - [MESSAGE][PASSED] - Call Test Case 'Test Cases/Sayfalar/Yetki_Yonetimi/SekmeSecilir' successfully

2021-11-18 11:49:49 - [MESSAGE][INFO] - Checking called Test Case

2021-11-18 11:49:49 - [MESSAGE][INFO] - Starting to call Test Case 'Test Cases/Butonlar/ButonaTikla'

2021-11-18 11:49:49 - [TEST_CASE][PASSED] - Test Cases/Butonlar/ButonaTikla: Test Cases/Butonlar/ButonaTikla

2021-11-18 11:49:50 - [TEST_STEP][PASSED] - Method.TextDegerineEsitElementeTiklaEquals(findTestObject("Butonlar/Butonlar"), Buton_Adi): Method.TextDegerineEsitElementeTiklaEquals is PASSED

2021-11-18 11:49:50 - [MESSAGE][INFO] - Finding Test Object 'Object Repository/Butonlar/Butonlar'

2021-11-18 11:49:50 - [MESSAGE][INFO] - Checking timeout

2021-11-18 11:49:50 - [MESSAGE][INFO] - Finding web element with id: 'Object Repository/Butonlar/Butonlar' located by 'By.cssSelector: .panel.panel-default.text-center.footerPanel .btn,.btn.btn-primary.btnControls' in '10' second(s)

2021-11-18 11:49:50 - [MESSAGE][INFO] - Smart Wait Function is triggered

2021-11-18 11:49:50 - [MESSAGE][INFO] - Found 12 web elements with id: 'Object Repository/Butonlar/Butonlar' located by 'By.cssSelector: .panel.panel-default.text-center.footerPanel .btn,.btn.btn-primary.btnControls' in '10' second(s)

2021-11-18 11:49:50 - [MESSAGE][PASSED] - Method.TextDegerineEsitElementeTiklaEquals is PASSED

2021-11-18 11:49:50 - [MESSAGE][PASSED] - Call Test Case 'Test Cases/Butonlar/ButonaTikla' successfully

2021-11-18 11:49:50 - [MESSAGE][INFO] - Checking called Test Case

2021-11-18 11:49:50 - [MESSAGE][INFO] - Starting to call Test Case 'Test Cases/Sayfalar/Yetki_Yonetimi/DepartmanEklenir'

2021-11-18 11:49:51 - [TEST_CASE][PASSED] - Test Cases/Sayfalar/Yetki_Yonetimi/DepartmanEklenir: Test Cases/Sayfalar/Yetki_Yonetimi/DepartmanEklenir

2021-11-18 11:49:51 - [TEST_STEP][PASSED] - switchToFrame(findTestObject("Object Repository/Sayfalar/Yetki_Yonetimi/Departman_Bilgileri/frame"), 10): Switched to iframe: 'Object Repository/Sayfalar/Yetki_Yonetimi/Departman_Bilgileri/frame'

2021-11-18 11:49:51 - [MESSAGE][INFO] - Finding Test Object 'Object Repository/Sayfalar/Yetki_Yonetimi/Departman_Bilgileri/frame'

2021-11-18 11:49:51 - [MESSAGE][INFO] - Switching to iframe: 'Object Repository/Sayfalar/Yetki_Yonetimi/Departman_Bilgileri/frame'

2021-11-18 11:49:51 - [MESSAGE][INFO] - Finding web element from Test Object's properties

2021-11-18 11:49:51 - [MESSAGE][INFO] - Checking timeout

2021-11-18 11:49:51 - [MESSAGE][INFO] - Finding web element with id: 'Object Repository/Sayfalar/Yetki_Yonetimi/Departman_Bilgileri/frame' located by 'By.xpath: //*[@id = 'departmanaddframe']' in '10' second(s)

2021-11-18 11:49:51 - [MESSAGE][INFO] - Smart Wait Function is triggered

2021-11-18 11:49:52 - [MESSAGE][INFO] - Found 1 web elements with id: 'Object Repository/Sayfalar/Yetki_Yonetimi/Departman_Bilgileri/frame' located by 'By.xpath: //*[@id = 'departmanaddframe']' in '10' second(s)

2021-11-18 11:49:52 - [MESSAGE][INFO] - Switched to iframe: 'Object Repository/Sayfalar/Yetki_Yonetimi/Departman_Bilgileri/frame'

2021-11-18 11:49:52 - [TEST_STEP][PASSED] - waitForElementPresent(findTestObject("Object Repository/Sayfalar/Yetki_Yonetimi/Departman_Bilgileri/Adi"), 10): Object 'Object Repository/Sayfalar/Yetki_Yonetimi/Departman_Bilgileri/Adi' is present

2021-11-18 11:49:52 - [MESSAGE][INFO] - Finding Test Object 'Object Repository/Sayfalar/Yetki_Yonetimi/Departman_Bilgileri/Adi'

2021-11-18 11:49:52 - [MESSAGE][INFO] - Checking object

2021-11-18 11:49:52 - [MESSAGE][INFO] - Finding web element from Test Object's properties

2021-11-18 11:49:52 - [MESSAGE][INFO] - Checking timeout

2021-11-18 11:49:52 - [MESSAGE][INFO] - Finding web element with id: 'Object Repository/Sayfalar/Yetki_Yonetimi/Departman_Bilgileri/Adi' located by 'By.xpath: //*[@id = 'DepartmentName_I']' in '10' second(s)

2021-11-18 11:49:52 - [MESSAGE][INFO] - Smart Wait Function is triggered

2021-11-18 11:49:52 - [MESSAGE][INFO] - Found 1 web elements with id: 'Object Repository/Sayfalar/Yetki_Yonetimi/Departman_Bilgileri/Adi' located by 'By.xpath: //*[@id = 'DepartmentName_I']' in '10' second(s)

2021-11-18 11:49:52 - [MESSAGE][PASSED] - Object 'Object Repository/Sayfalar/Yetki_Yonetimi/Departman_Bilgileri/Adi' is present

2021-11-18 11:49:52 - [TEST_STEP][PASSED] - clearText(findTestObject("Object Repository/Sayfalar/Yetki_Yonetimi/Departman_Bilgileri/Adi")): Text of object 'Object Repository/Sayfalar/Yetki_Yonetimi/Departman_Bilgileri/Adi' is cleared

2021-11-18 11:49:52 - [MESSAGE][INFO] - Finding Test Object 'Object Repository/Sayfalar/Yetki_Yonetimi/Departman_Bilgileri/Adi'

2021-11-18 11:49:52 - [MESSAGE][INFO] - Checking object

2021-11-18 11:49:52 - [MESSAGE][INFO] - Finding web element from Test Object's properties

2021-11-18 11:49:52 - [MESSAGE][INFO] - Checking timeout

2021-11-18 11:49:52 - [MESSAGE][INFO] - Finding web element with id: 'Object Repository/Sayfalar/Yetki_Yonetimi/Departman_Bilgileri/Adi' located by 'By.xpath: //*[@id = 'DepartmentName_I']' in '30' second(s)

2021-11-18 11:49:52 - [MESSAGE][INFO] - Smart Wait Function is triggered

2021-11-18 11:49:52 - [MESSAGE][INFO] - Found 1 web elements with id: 'Object Repository/Sayfalar/Yetki_Yonetimi/Departman_Bilgileri/Adi' located by 'By.xpath: //*[@id = 'DepartmentName_I']' in '30' second(s)

2021-11-18 11:49:52 - [MESSAGE][INFO] - Clearing text of object 'Object Repository/Sayfalar/Yetki_Yonetimi/Departman_Bilgileri/Adi'

2021-11-18 11:49:52 - [MESSAGE][PASSED] - Text of object 'Object Repository/Sayfalar/Yetki_Yonetimi/Departman_Bilgileri/Adi' is cleared

2021-11-18 11:49:52 - [TEST_STEP][PASSED] - sendKeys(findTestObject("Object Repository/Sayfalar/Yetki_Yonetimi/Departman_Bilgileri/Adi"), Departman): Keys 'VirgosolDepartman' sent to object: 'Object Repository/Sayfalar/Yetki_Yonetimi/Departman_Bilgileri/Adi'

2021-11-18 11:49:52 - [MESSAGE][INFO] - Finding Test Object 'Object Repository/Sayfalar/Yetki_Yonetimi/Departman_Bilgileri/Adi'

2021-11-18 11:49:52 - [MESSAGE][INFO] - Sending keys 'VirgosolDepartman' to object: 'Object Repository/Sayfalar/Yetki_Yonetimi/Departman_Bilgileri/Adi'

2021-11-18 11:49:52 - [MESSAGE][INFO] - Finding web element from Test Object's properties

2021-11-18 11:49:52 - [MESSAGE][INFO] - Checking timeout

2021-11-18 11:49:52 - [MESSAGE][INFO] - Finding web element with id: 'Object Repository/Sayfalar/Yetki_Yonetimi/Departman_Bilgileri/Adi' located by 'By.xpath: //*[@id = 'DepartmentName_I']' in '30' second(s)

2021-11-18 11:49:52 - [MESSAGE][INFO] - Smart Wait Function is triggered

2021-11-18 11:49:52 - [MESSAGE][INFO] - Found 1 web elements with id: 'Object Repository/Sayfalar/Yetki_Yonetimi/Departman_Bilgileri/Adi' located by 'By.xpath: //*[@id = 'DepartmentName_I']' in '30' second(s)

2021-11-18 11:49:52 - [MESSAGE][PASSED] - Keys 'VirgosolDepartman' sent to object: 'Object Repository/Sayfalar/Yetki_Yonetimi/Departman_Bilgileri/Adi'

2021-11-18 11:49:52 - [TEST_STEP][PASSED] - waitForElementPresent(findTestObject("Object Repository/Sayfalar/Yetki_Yonetimi/Departman_Bilgileri/Aciklamasi"), 10): Object 'Object Repository/Sayfalar/Yetki_Yonetimi/Departman_Bilgileri/Aciklamasi' is present

2021-11-18 11:49:52 - [MESSAGE][INFO] - Finding Test Object 'Object Repository/Sayfalar/Yetki_Yonetimi/Departman_Bilgileri/Aciklamasi'

2021-11-18 11:49:52 - [MESSAGE][INFO] - Checking object

2021-11-18 11:49:52 - [MESSAGE][INFO] - Finding web element from Test Object's properties

2021-11-18 11:49:52 - [MESSAGE][INFO] - Checking timeout

2021-11-18 11:49:52 - [MESSAGE][INFO] - Finding web element with id: 'Object Repository/Sayfalar/Yetki_Yonetimi/Departman_Bilgileri/Aciklamasi' located by 'By.xpath: //*[@id = 'DepartmentDescription_I']' in '10' second(s)

2021-11-18 11:49:52 - [MESSAGE][INFO] - Smart Wait Function is triggered

2021-11-18 11:49:52 - [MESSAGE][INFO] - Found 1 web elements with id: 'Object Repository/Sayfalar/Yetki_Yonetimi/Departman_Bilgileri/Aciklamasi' located by 'By.xpath: //*[@id = 'DepartmentDescription_I']' in '10' second(s)

2021-11-18 11:49:52 - [MESSAGE][PASSED] - Object 'Object Repository/Sayfalar/Yetki_Yonetimi/Departman_Bilgileri/Aciklamasi' is present

2021-11-18 11:49:52 - [TEST_STEP][PASSED] - clearText(findTestObject("Object Repository/Sayfalar/Yetki_Yonetimi/Departman_Bilgileri/Aciklamasi")): Text of object 'Object Repository/Sayfalar/Yetki_Yonetimi/Departman_Bilgileri/Aciklamasi' is cleared

2021-11-18 11:49:52 - [MESSAGE][INFO] - Finding Test Object 'Object Repository/Sayfalar/Yetki_Yonetimi/Departman_Bilgileri/Aciklamasi'

2021-11-18 11:49:52 - [MESSAGE][INFO] - Checking object

2021-11-18 11:49:52 - [MESSAGE][INFO] - Finding web element from Test Object's properties

2021-11-18 11:49:52 - [MESSAGE][INFO] - Checking timeout

2021-11-18 11:49:52 - [MESSAGE][INFO] - Finding web element with id: 'Object Repository/Sayfalar/Yetki_Yonetimi/Departman_Bilgileri/Aciklamasi' located by 'By.xpath: //*[@id = 'DepartmentDescription_I']' in '30' second(s)

2021-11-18 11:49:52 - [MESSAGE][INFO] - Smart Wait Function is triggered

2021-11-18 11:49:52 - [MESSAGE][INFO] - Found 1 web elements with id: 'Object Repository/Sayfalar/Yetki_Yonetimi/Departman_Bilgileri/Aciklamasi' located by 'By.xpath: //*[@id = 'DepartmentDescription_I']' in '30' second(s)

2021-11-18 11:49:52 - [MESSAGE][INFO] - Clearing text of object 'Object Repository/Sayfalar/Yetki_Yonetimi/Departman_Bilgileri/Aciklamasi'

2021-11-18 11:49:52 - [MESSAGE][PASSED] - Text of object 'Object Repository/Sayfalar/Yetki_Yonetimi/Departman_Bilgileri/Aciklamasi' is cleared

2021-11-18 11:49:52 - [TEST_STEP][PASSED] - sendKeys(findTestObject("Object Repository/Sayfalar/Yetki_Yonetimi/Departman_Bilgileri/Aciklamasi"), Aciklama): Keys 'Otomasyon' sent to object: 'Object Repository/Sayfalar/Yetki_Yonetimi/Departman_Bilgileri/Aciklamasi'

2021-11-18 11:49:52 - [MESSAGE][INFO] - Finding Test Object 'Object Repository/Sayfalar/Yetki_Yonetimi/Departman_Bilgileri/Aciklamasi'

2021-11-18 11:49:53 - [MESSAGE][INFO] - Sending keys 'Otomasyon' to object: 'Object Repository/Sayfalar/Yetki_Yonetimi/Departman_Bilgileri/Aciklamasi'

2021-11-18 11:49:53 - [MESSAGE][INFO] - Finding web element from Test Object's properties

2021-11-18 11:49:53 - [MESSAGE][INFO] - Checking timeout

2021-11-18 11:49:53 - [MESSAGE][INFO] - Finding web element with id: 'Object Repository/Sayfalar/Yetki_Yonetimi/Departman_Bilgileri/Aciklamasi' located by 'By.xpath: //*[@id = 'DepartmentDescription_I']' in '30' second(s)

2021-11-18 11:49:53 - [MESSAGE][INFO] - Smart Wait Function is triggered

2021-11-18 11:49:53 - [MESSAGE][INFO] - Found 1 web elements with id: 'Object Repository/Sayfalar/Yetki_Yonetimi/Departman_Bilgileri/Aciklamasi' located by 'By.xpath: //*[@id = 'DepartmentDescription_I']' in '30' second(s)

2021-11-18 11:49:53 - [MESSAGE][PASSED] - Keys 'Otomasyon' sent to object: 'Object Repository/Sayfalar/Yetki_Yonetimi/Departman_Bilgileri/Aciklamasi'

2021-11-18 11:49:53 - [TEST_STEP][PASSED] - waitForElementPresent(findTestObject("Object Repository/Sayfalar/Yetki_Yonetimi/Departman_Bilgileri/e-Posta"), 10): Object 'Object Repository/Sayfalar/Yetki_Yonetimi/Departman_Bilgileri/e-Posta' is present

2021-11-18 11:49:53 - [MESSAGE][INFO] - Finding Test Object 'Object Repository/Sayfalar/Yetki_Yonetimi/Departman_Bilgileri/e-Posta'

2021-11-18 11:49:53 - [MESSAGE][INFO] - Checking object

2021-11-18 11:49:53 - [MESSAGE][INFO] - Finding web element from Test Object's properties

2021-11-18 11:49:53 - [MESSAGE][INFO] - Checking timeout

2021-11-18 11:49:53 - [MESSAGE][INFO] - Finding web element with id: 'Object Repository/Sayfalar/Yetki_Yonetimi/Departman_Bilgileri/e-Posta' located by 'By.xpath: //*[@id = 'DepartmentEmail_I']' in '10' second(s)

2021-11-18 11:49:53 - [MESSAGE][INFO] - Smart Wait Function is triggered

2021-11-18 11:49:53 - [MESSAGE][INFO] - Found 1 web elements with id: 'Object Repository/Sayfalar/Yetki_Yonetimi/Departman_Bilgileri/e-Posta' located by 'By.xpath: //*[@id = 'DepartmentEmail_I']' in '10' second(s)

2021-11-18 11:49:53 - [MESSAGE][PASSED] - Object 'Object Repository/Sayfalar/Yetki_Yonetimi/Departman_Bilgileri/e-Posta' is present

2021-11-18 11:49:53 - [TEST_STEP][PASSED] - clearText(findTestObject("Object Repository/Sayfalar/Yetki_Yonetimi/Departman_Bilgileri/e-Posta")): Text of object 'Object Repository/Sayfalar/Yetki_Yonetimi/Departman_Bilgileri/e-Posta' is cleared

2021-11-18 11:49:53 - [MESSAGE][INFO] - Finding Test Object 'Object Repository/Sayfalar/Yetki_Yonetimi/Departman_Bilgileri/e-Posta'

2021-11-18 11:49:53 - [MESSAGE][INFO] - Checking object

2021-11-18 11:49:53 - [MESSAGE][INFO] - Finding web element from Test Object's properties

2021-11-18 11:49:53 - [MESSAGE][INFO] - Checking timeout

2021-11-18 11:49:53 - [MESSAGE][INFO] - Finding web element with id: 'Object Repository/Sayfalar/Yetki_Yonetimi/Departman_Bilgileri/e-Posta' located by 'By.xpath: //*[@id = 'DepartmentEmail_I']' in '30' second(s)

2021-11-18 11:49:53 - [MESSAGE][INFO] - Smart Wait Function is triggered

2021-11-18 11:49:53 - [MESSAGE][INFO] - Found 1 web elements with id: 'Object Repository/Sayfalar/Yetki_Yonetimi/Departman_Bilgileri/e-Posta' located by 'By.xpath: //*[@id = 'DepartmentEmail_I']' in '30' second(s)

2021-11-18 11:49:53 - [MESSAGE][INFO] - Clearing text of object 'Object Repository/Sayfalar/Yetki_Yonetimi/Departman_Bilgileri/e-Posta'

2021-11-18 11:49:53 - [MESSAGE][PASSED] - Text of object 'Object Repository/Sayfalar/Yetki_Yonetimi/Departman_Bilgileri/e-Posta' is cleared

2021-11-18 11:49:53 - [TEST_STEP][PASSED] - sendKeys(findTestObject("Object Repository/Sayfalar/Yetki_Yonetimi/Departman_Bilgileri/e-Posta"), Posta): Keys 'otomasyon@virgosol.com' sent to object: 'Object Repository/Sayfalar/Yetki_Yonetimi/Departman_Bilgileri/e-Posta'

2021-11-18 11:49:53 - [MESSAGE][INFO] - Finding Test Object 'Object Repository/Sayfalar/Yetki_Yonetimi/Departman_Bilgileri/e-Posta'

2021-11-18 11:49:53 - [MESSAGE][INFO] - Sending keys 'otomasyon@virgosol.com' to object: 'Object Repository/Sayfalar/Yetki_Yonetimi/Departman_Bilgileri/e-Posta'

2021-11-18 11:49:53 - [MESSAGE][INFO] - Finding web element from Test Object's properties

2021-11-18 11:49:53 - [MESSAGE][INFO] - Checking timeout

2021-11-18 11:49:53 - [MESSAGE][INFO] - Finding web element with id: 'Object Repository/Sayfalar/Yetki_Yonetimi/Departman_Bilgileri/e-Posta' located by 'By.xpath: //*[@id = 'DepartmentEmail_I']' in '30' second(s)

2021-11-18 11:49:53 - [MESSAGE][INFO] - Smart Wait Function is triggered

2021-11-18 11:49:53 - [MESSAGE][INFO] - Found 1 web elements with id: 'Object Repository/Sayfalar/Yetki_Yonetimi/Departman_Bilgileri/e-Posta' located by 'By.xpath: //*[@id = 'DepartmentEmail_I']' in '30' second(s)

2021-11-18 11:49:53 - [MESSAGE][PASSED] - Keys 'otomasyon@virgosol.com' sent to object: 'Object Repository/Sayfalar/Yetki_Yonetimi/Departman_Bilgileri/e-Posta'

2021-11-18 11:49:53 - [TEST_STEP][PASSED] - if (toString().equals(Atayabilir_Mi)): null

2021-11-18 11:49:53 - [TEST_STEP][PASSED] - waitForElementClickable(findTestObject("Object Repository/Sayfalar/Yetki_Yonetimi/Departman_Bilgileri/Kaydet"), 10): Object 'Object Repository/Sayfalar/Yetki_Yonetimi/Departman_Bilgileri/Kaydet' is clickable

2021-11-18 11:49:53 - [MESSAGE][INFO] - Finding Test Object 'Object Repository/Sayfalar/Yetki_Yonetimi/Departman_Bilgileri/Kaydet'

2021-11-18 11:49:54 - [MESSAGE][INFO] - Checking object

2021-11-18 11:49:54 - [MESSAGE][INFO] - Checking timeout

2021-11-18 11:49:54 - [MESSAGE][INFO] - Finding web element from Test Object's properties

2021-11-18 11:49:54 - [MESSAGE][INFO] - Checking timeout

2021-11-18 11:49:54 - [MESSAGE][INFO] - Finding web element with id: 'Object Repository/Sayfalar/Yetki_Yonetimi/Departman_Bilgileri/Kaydet' located by 'By.xpath: //*[@id = 'btnSaveDepartment_CD']' in '10' second(s)

2021-11-18 11:49:54 - [MESSAGE][INFO] - Smart Wait Function is triggered

2021-11-18 11:49:54 - [MESSAGE][INFO] - Found 1 web elements with id: 'Object Repository/Sayfalar/Yetki_Yonetimi/Departman_Bilgileri/Kaydet' located by 'By.xpath: //*[@id = 'btnSaveDepartment_CD']' in '10' second(s)

2021-11-18 11:49:54 - [MESSAGE][PASSED] - Object 'Object Repository/Sayfalar/Yetki_Yonetimi/Departman_Bilgileri/Kaydet' is clickable

2021-11-18 11:49:54 - [TEST_STEP][PASSED] - click(findTestObject("Object Repository/Sayfalar/Yetki_Yonetimi/Departman_Bilgileri/Kaydet")): Object: 'Object Repository/Sayfalar/Yetki_Yonetimi/Departman_Bilgileri/Kaydet' is clicked on

2021-11-18 11:49:54 - [MESSAGE][INFO] - Finding Test Object 'Object Repository/Sayfalar/Yetki_Yonetimi/Departman_Bilgileri/Kaydet'

2021-11-18 11:49:54 - [MESSAGE][INFO] - Checking object

2021-11-18 11:49:54 - [MESSAGE][INFO] - Finding web element from Test Object's properties

2021-11-18 11:49:54 - [MESSAGE][INFO] - Checking timeout

2021-11-18 11:49:54 - [MESSAGE][INFO] - Finding web element with id: 'Object Repository/Sayfalar/Yetki_Yonetimi/Departman_Bilgileri/Kaydet' located by 'By.xpath: //*[@id = 'btnSaveDepartment_CD']' in '30' second(s)

2021-11-18 11:49:54 - [MESSAGE][INFO] - Smart Wait Function is triggered

2021-11-18 11:49:54 - [MESSAGE][INFO] - Found 1 web elements with id: 'Object Repository/Sayfalar/Yetki_Yonetimi/Departman_Bilgileri/Kaydet' located by 'By.xpath: //*[@id = 'btnSaveDepartment_CD']' in '30' second(s)

2021-11-18 11:49:54 - [MESSAGE][INFO] - Clicking on object: 'Object Repository/Sayfalar/Yetki_Yonetimi/Departman_Bilgileri/Kaydet'

2021-11-18 11:49:54 - [MESSAGE][PASSED] - Object: 'Object Repository/Sayfalar/Yetki_Yonetimi/Departman_Bilgileri/Kaydet' is clicked on

2021-11-18 11:49:54 - [TEST_STEP][PASSED] - callTestCase(findTestCase("Popup/PopupMesajiIceriyorMu"), ["Mesaj":"oluşturulmuştur"], STOP_ON_FAILURE): Call Test Case 'Test Cases/Popup/PopupMesajiIceriyorMu' successfully

2021-11-18 11:49:54 - [MESSAGE][INFO] - Checking called Test Case

2021-11-18 11:49:54 - [MESSAGE][INFO] - Starting to call Test Case 'Test Cases/Popup/PopupMesajiIceriyorMu'

2021-11-18 11:49:54 - [TEST_CASE][PASSED] - Test Cases/Popup/PopupMesajiIceriyorMu: Test Cases/Popup/PopupMesajiIceriyorMu

2021-11-18 11:49:54 - [TEST_STEP][PASSED] - waitForElementVisible(findTestObject("Popup/Popup"), 10): Object 'Object Repository/Popup/Popup' is visible

2021-11-18 11:49:54 - [MESSAGE][INFO] - Finding Test Object 'Object Repository/Popup/Popup'

2021-11-18 11:49:55 - [MESSAGE][INFO] - Checking object

2021-11-18 11:49:55 - [MESSAGE][INFO] - Checking timeout

2021-11-18 11:49:55 - [MESSAGE][INFO] - Finding web element from Test Object's properties

2021-11-18 11:49:55 - [MESSAGE][INFO] - Checking timeout

2021-11-18 11:49:55 - [MESSAGE][INFO] - Finding web element with id: 'Object Repository/Popup/Popup' located by 'By.cssSelector: .bootbox-body' in '10' second(s)

2021-11-18 11:49:55 - [MESSAGE][INFO] - Smart Wait Function is triggered

2021-11-18 11:49:55 - [MESSAGE][INFO] - Found 1 web elements with id: 'Object Repository/Popup/Popup' located by 'By.cssSelector: .bootbox-body' in '10' second(s)

2021-11-18 11:49:55 - [MESSAGE][PASSED] - Object 'Object Repository/Popup/Popup' is visible

2021-11-18 11:49:55 - [TEST_STEP][PASSED] - if (!(getText(findTestObject("Popup/Popup")).contains(Mesaj))): Text of object 'Object Repository/Popup/Popup' is: 'Departman kaydı oluşturulmuştur.'

2021-11-18 11:49:55 - [MESSAGE][INFO] - Finding Test Object 'Object Repository/Popup/Popup'

2021-11-18 11:49:55 - [MESSAGE][INFO] - Checking object

2021-11-18 11:49:55 - [MESSAGE][INFO] - Finding web element from Test Object's properties

2021-11-18 11:49:55 - [MESSAGE][INFO] - Checking timeout

2021-11-18 11:49:55 - [MESSAGE][INFO] - Finding web element with id: 'Object Repository/Popup/Popup' located by 'By.cssSelector: .bootbox-body' in '30' second(s)

2021-11-18 11:49:55 - [MESSAGE][INFO] - Smart Wait Function is triggered

2021-11-18 11:49:55 - [MESSAGE][INFO] - Found 1 web elements with id: 'Object Repository/Popup/Popup' located by 'By.cssSelector: .bootbox-body' in '30' second(s)

2021-11-18 11:49:55 - [MESSAGE][INFO] - Getting text of object 'Object Repository/Popup/Popup'

2021-11-18 11:49:55 - [MESSAGE][PASSED] - Text of object 'Object Repository/Popup/Popup' is: 'Departman kaydı oluşturulmuştur.'

2021-11-18 11:49:55 - [TEST_STEP][PASSED] - RaporNo = getText(findTestObject("Popup/Popup")).substring(0, 6): Text of object 'Object Repository/Popup/Popup' is: 'Departman kaydı oluşturulmuştur.'

2021-11-18 11:49:55 - [MESSAGE][INFO] - Finding Test Object 'Object Repository/Popup/Popup'

2021-11-18 11:49:55 - [MESSAGE][INFO] - Checking object

2021-11-18 11:49:55 - [MESSAGE][INFO] - Finding web element from Test Object's properties

2021-11-18 11:49:55 - [MESSAGE][INFO] - Checking timeout

2021-11-18 11:49:55 - [MESSAGE][INFO] - Finding web element with id: 'Object Repository/Popup/Popup' located by 'By.cssSelector: .bootbox-body' in '30' second(s)

2021-11-18 11:49:55 - [MESSAGE][INFO] - Smart Wait Function is triggered

2021-11-18 11:49:55 - [MESSAGE][INFO] - Found 1 web elements with id: 'Object Repository/Popup/Popup' located by 'By.cssSelector: .bootbox-body' in '30' second(s)

2021-11-18 11:49:55 - [MESSAGE][INFO] - Getting text of object 'Object Repository/Popup/Popup'

2021-11-18 11:49:55 - [MESSAGE][PASSED] - Text of object 'Object Repository/Popup/Popup' is: 'Departman kaydı oluşturulmuştur.'

2021-11-18 11:49:55 - [TEST_STEP][PASSED] - Console.println(RaporNo): null

2021-11-18 11:49:55 - [MESSAGE][PASSED] - Call Test Case 'Test Cases/Popup/PopupMesajiIceriyorMu' successfully

2021-11-18 11:49:55 - [TEST_STEP][PASSED] - callTestCase(findTestCase("Popup/PopupButonSecilir"), ["Buton":"Tamam"], STOP_ON_FAILURE): Call Test Case 'Test Cases/Popup/PopupButonSecilir' successfully

2021-11-18 11:49:55 - [MESSAGE][INFO] - Checking called Test Case

2021-11-18 11:49:55 - [MESSAGE][INFO] - Starting to call Test Case 'Test Cases/Popup/PopupButonSecilir'

2021-11-18 11:49:55 - [TEST_CASE][PASSED] - Test Cases/Popup/PopupButonSecilir: Test Cases/Popup/PopupButonSecilir

2021-11-18 11:49:55 - [TEST_STEP][PASSED] - Method.TextDegerineEsitElementeTikla(findTestObject("Popup/Popup_Butons"), Buton): Method.TextDegerineEsitElementeTikla is PASSED

2021-11-18 11:49:55 - [MESSAGE][INFO] - Finding Test Object 'Object Repository/Popup/Popup_Butons'

2021-11-18 11:49:55 - [MESSAGE][INFO] - Checking timeout

2021-11-18 11:49:55 - [MESSAGE][INFO] - Finding web element with id: 'Object Repository/Popup/Popup_Butons' located by 'By.cssSelector: .modal-footer>button' in '10' second(s)

2021-11-18 11:49:55 - [MESSAGE][INFO] - Smart Wait Function is triggered

2021-11-18 11:49:55 - [MESSAGE][INFO] - Found 1 web elements with id: 'Object Repository/Popup/Popup_Butons' located by 'By.cssSelector: .modal-footer>button' in '10' second(s)

2021-11-18 11:49:56 - [MESSAGE][PASSED] - Method.TextDegerineEsitElementeTikla is PASSED

2021-11-18 11:49:56 - [MESSAGE][PASSED] - Call Test Case 'Test Cases/Popup/PopupButonSecilir' successfully

2021-11-18 11:49:56 - [TEST_STEP][PASSED] - switchToDefaultContent(): Switching to default content

2021-11-18 11:49:56 - [MESSAGE][INFO] - Switching to default content

2021-11-18 11:49:56 - [MESSAGE][PASSED] - Call Test Case 'Test Cases/Sayfalar/Yetki_Yonetimi/DepartmanEklenir' successfully

2021-11-18 11:49:56 - [MESSAGE][INFO] - Checking called Test Case

2021-11-18 11:49:56 - [MESSAGE][INFO] - Starting to call Test Case 'Test Cases/Kullanici_Islemleri/KullaniciIslemlerindenSecimYapilir'

2021-11-18 11:49:56 - [TEST_CASE][PASSED] - Test Cases/Kullanici_Islemleri/KullaniciIslemlerindenSecimYapilir: Test Cases/Kullanici_Islemleri/KullaniciIslemlerindenSecimYapilir

2021-11-18 11:49:56 - [TEST_STEP][PASSED] - waitForElementClickable(findTestObject("Object Repository/Kullanici_Islemleri/KullaniciIslemleri"), 10): Object 'Object Repository/Kullanici_Islemleri/KullaniciIslemleri' is clickable

2021-11-18 11:49:56 - [MESSAGE][INFO] - Finding Test Object 'Object Repository/Kullanici_Islemleri/KullaniciIslemleri'

2021-11-18 11:49:56 - [MESSAGE][INFO] - Checking object

2021-11-18 11:49:56 - [MESSAGE][INFO] - Checking timeout

2021-11-18 11:49:56 - [MESSAGE][INFO] - Finding web element from Test Object's properties

2021-11-18 11:49:56 - [MESSAGE][INFO] - Checking timeout

2021-11-18 11:49:56 - [MESSAGE][INFO] - Finding web element with id: 'Object Repository/Kullanici_Islemleri/KullaniciIslemleri' located by 'By.cssSelector: .dropdown>a>img' in '10' second(s)

2021-11-18 11:49:56 - [MESSAGE][INFO] - Smart Wait Function is triggered

2021-11-18 11:49:57 - [MESSAGE][INFO] - Found 1 web elements with id: 'Object Repository/Kullanici_Islemleri/KullaniciIslemleri' located by 'By.cssSelector: .dropdown>a>img' in '10' second(s)

2021-11-18 11:49:57 - [MESSAGE][PASSED] - Object 'Object Repository/Kullanici_Islemleri/KullaniciIslemleri' is clickable

2021-11-18 11:49:57 - [TEST_STEP][PASSED] - click(findTestObject("Object Repository/Kullanici_Islemleri/KullaniciIslemleri")): Object: 'Object Repository/Kullanici_Islemleri/KullaniciIslemleri' is clicked on

2021-11-18 11:49:57 - [MESSAGE][INFO] - Finding Test Object 'Object Repository/Kullanici_Islemleri/KullaniciIslemleri'

2021-11-18 11:49:57 - [MESSAGE][INFO] - Checking object

2021-11-18 11:49:57 - [MESSAGE][INFO] - Finding web element from Test Object's properties

2021-11-18 11:49:57 - [MESSAGE][INFO] - Checking timeout

2021-11-18 11:49:57 - [MESSAGE][INFO] - Finding web element with id: 'Object Repository/Kullanici_Islemleri/KullaniciIslemleri' located by 'By.cssSelector: .dropdown>a>img' in '30' second(s)

2021-11-18 11:49:57 - [MESSAGE][INFO] - Smart Wait Function is triggered

2021-11-18 11:49:57 - [MESSAGE][INFO] - Found 1 web elements with id: 'Object Repository/Kullanici_Islemleri/KullaniciIslemleri' located by 'By.cssSelector: .dropdown>a>img' in '30' second(s)

2021-11-18 11:49:57 - [MESSAGE][INFO] - Clicking on object: 'Object Repository/Kullanici_Islemleri/KullaniciIslemleri'

2021-11-18 11:49:57 - [MESSAGE][PASSED] - Object: 'Object Repository/Kullanici_Islemleri/KullaniciIslemleri' is clicked on

2021-11-18 11:49:57 - [TEST_STEP][PASSED] - Method.TextDegerineEsitElementeTikla(findTestObject("Object Repository/Kullanici_Islemleri/Secenekler"), Islem): Method.TextDegerineEsitElementeTikla is PASSED

2021-11-18 11:49:57 - [MESSAGE][INFO] - Finding Test Object 'Object Repository/Kullanici_Islemleri/Secenekler'

2021-11-18 11:49:57 - [MESSAGE][INFO] - Checking timeout

2021-11-18 11:49:57 - [MESSAGE][INFO] - Finding web element with id: 'Object Repository/Kullanici_Islemleri/Secenekler' located by 'By.cssSelector: .nav.navbar-nav.navbar-right li a' in '10' second(s)

2021-11-18 11:49:57 - [MESSAGE][INFO] - Smart Wait Function is triggered

2021-11-18 11:49:58 - [MESSAGE][INFO] - Found 22 web elements with id: 'Object Repository/Kullanici_Islemleri/Secenekler' located by 'By.cssSelector: .nav.navbar-nav.navbar-right li a' in '10' second(s)

2021-11-18 11:49:59 - [MESSAGE][PASSED] - Method.TextDegerineEsitElementeTikla is PASSED

2021-11-18 11:49:59 - [TEST_STEP][PASSED] - verifyElementNotPresent(findTestObject("Object Repository/Kullanici_Islemleri/Secenekler"), 10): Web element with id: 'Object Repository/Kullanici_Islemleri/Secenekler' located by 'By.cssSelector: .nav.navbar-nav.navbar-right li a' is not present after '10' second(s)

2021-11-18 11:49:59 - [MESSAGE][INFO] - Finding Test Object 'Object Repository/Kullanici_Islemleri/Secenekler'

2021-11-18 11:49:59 - [MESSAGE][INFO] - Checking object

2021-11-18 11:49:59 - [MESSAGE][INFO] - Checking timeout

2021-11-18 11:49:59 - [MESSAGE][INFO] - Finding web element with id: 'Object Repository/Kullanici_Islemleri/Secenekler' located by 'By.cssSelector: .nav.navbar-nav.navbar-right li a' in '10' second(s)

2021-11-18 11:49:59 - [MESSAGE][INFO] - Smart Wait Function is triggered

2021-11-18 11:49:59 - [MESSAGE][PASSED] - Web element with id: 'Object Repository/Kullanici_Islemleri/Secenekler' located by 'By.cssSelector: .nav.navbar-nav.navbar-right li a' is not present after '10' second(s)

2021-11-18 11:49:59 - [MESSAGE][PASSED] - Call Test Case 'Test Cases/Kullanici_Islemleri/KullaniciIslemlerindenSecimYapilir' successfully

2021-11-18 11:49:59 - [TEST_CASE][PASSED] - Start Test Case : SCENARIO Departman Eklenir: SCENARIO Departman Eklenir

2021-11-18 11:49:59 - [TEST_STEP][PASSED] - Kullanıcı adı ELOGO6 ve Şifre 123456 olarak giriş yapılır: Kullanıcı adı ELOGO6 ve Şifre 123456 olarak giriş yapılır

2021-11-18 11:49:59 - [MESSAGE][PASSED] - Kullanıcı adı ELOGO6 ve Şifre 123456 olarak giriş yapılır

2021-11-18 11:49:59 - [TEST_STEP][PASSED] - Ana menüden Firma Yönetimi seçilir: Ana menüden Firma Yönetimi seçilir

2021-11-18 11:49:59 - [MESSAGE][PASSED] - Ana menüden Firma Yönetimi seçilir

2021-11-18 11:49:59 - [TEST_STEP][PASSED] - Alt menüden Yetki Yönetimi seçilir: Alt menüden Yetki Yönetimi seçilir

2021-11-18 11:49:59 - [MESSAGE][PASSED] - Alt menüden Yetki Yönetimi seçilir

2021-11-18 11:49:59 - [TEST_STEP][PASSED] - Sekmelerden Departman Tanımları seçilir: Sekmelerden Departman Tanımları seçilir

2021-11-18 11:49:59 - [MESSAGE][PASSED] - Sekmelerden Departman Tanımları seçilir

2021-11-18 11:49:59 - [TEST_STEP][PASSED] - Butonlardan Departman Ekle isimli butona tıklanır: Butonlardan Departman Ekle isimli butona tıklanır

2021-11-18 11:49:59 - [MESSAGE][PASSED] - Butonlardan Departman Ekle isimli butona tıklanır

2021-11-18 11:50:00 - [TEST_STEP][PASSED] - Departman bilgileri VirgosolDepartman, Otomasyon, otomasyon@virgosol.com, Atayamaz olarak girilir: Departman bilgileri VirgosolDepartman, Otomasyon, otomasyon@virgosol.com, Atayamaz olarak girilir

2021-11-18 11:50:00 - [MESSAGE][PASSED] - Departman bilgileri VirgosolDepartman, Otomasyon, otomasyon@virgosol.com, Atayamaz olarak girilir

2021-11-18 11:50:00 - [TEST_STEP][PASSED] - Kullanıcı işlemlerinden Çıkış seçilir: Kullanıcı işlemlerinden Çıkış seçilir

2021-11-18 11:50:00 - [MESSAGE][PASSED] - Kullanıcı işlemlerinden Çıkış seçilir

2021-11-18 11:50:00 - [MESSAGE][PASSED] - Feature file: 'Include/features/Firma Yonetimi/Yetki Yonetimi/Departman Tanimlari/Departman Ekle.feature' was passed

2021-11-18 11:50:00 - [TEST_STEP][PASSED] - Start listener action : sampleAfterTestSuite: Invoke 'com.kms.katalon.core.annotation.AfterTestCase' method: 'Listener.sampleAfterTestSuite(...)' completed.

2021-11-18 11:50:00 - [MESSAGE][INFO] - Starting invoke 'com.kms.katalon.core.annotation.AfterTestCase' method: 'Listener.sampleAfterTestSuite(...)'

2021-11-18 11:50:00 - [TEST_STEP][PASSED] - closeBrowser(): Invoke 'com.kms.katalon.core.annotation.AfterTestCase' method: 'Listener.sampleAfterTestSuite(...)' completed.

2021-11-18 11:50:00 - [MESSAGE][INFO] - Closing browser

2021-11-18 11:50:00 - [MESSAGE][PASSED] - Browser is closed

2021-11-18 11:50:00 - [MESSAGE][INFO] - Invoke 'com.kms.katalon.core.annotation.AfterTestCase' method: 'Listener.sampleAfterTestSuite(...)' completed.]]></system-out>
         <system-err><![CDATA[]]></system-err>
      </testcase>
      <testcase name="Test Cases/Case Repository/Firma Yonetimi/Yetki Yonetimi/Departman Tanimlari/Ekran Kontrolu" time="34.034" classname="Test Cases/Case Repository/Firma Yonetimi/Yetki Yonetimi/Departman Tanimlari/Ekran Kontrolu" status="PASSED">
         <system-out><![CDATA[2021-11-18 11:50:00 - [TEST_CASE][PASSED] - Test Cases/Case Repository/Firma Yonetimi/Yetki Yonetimi/Departman Tanimlari/Ekran Kontrolu: Test Cases/Case Repository/Firma Yonetimi/Yetki Yonetimi/Departman Tanimlari/Ekran Kontrolu

2021-11-18 11:50:00 - [TEST_STEP][PASSED] - Start listener action : sampleBeforeTestSuite: Invoke 'com.kms.katalon.core.annotation.BeforeTestCase' method: 'Listener.sampleBeforeTestSuite(...)' completed.

2021-11-18 11:50:00 - [MESSAGE][INFO] - Starting invoke 'com.kms.katalon.core.annotation.BeforeTestCase' method: 'Listener.sampleBeforeTestSuite(...)'

2021-11-18 11:50:00 - [TEST_STEP][PASSED] - openBrowser(baseUrl): Browser is opened with url: 'https://efatura-stage.elogo.com.tr/'

2021-11-18 11:50:00 - [MESSAGE][INFO] - Opening browser

2021-11-18 11:50:00 - [MESSAGE][INFO] - Starting 'Chrome' driver

2021-11-18 11:50:00 - [MESSAGE][INFO] - User set preference: ['prefs', '{download.default_directory=C:\otomasyondownfiles}']

2021-11-18 11:50:00 - [MESSAGE][INFO] - Action delay is set to 0 milliseconds

2021-11-18 11:50:02 - [MESSAGE][INFO] - Navigating browser to: 'https://efatura-stage.elogo.com.tr/'

2021-11-18 11:50:04 - [MESSAGE][PASSED] - Browser is opened with url: 'https://efatura-stage.elogo.com.tr/'

2021-11-18 11:50:04 - [TEST_STEP][PASSED] - maximizeWindow(): Invoke 'com.kms.katalon.core.annotation.BeforeTestCase' method: 'Listener.sampleBeforeTestSuite(...)' completed.

2021-11-18 11:50:04 - [MESSAGE][INFO] - Maximizing current window

2021-11-18 11:50:04 - [MESSAGE][PASSED] - Current window maximized

2021-11-18 11:50:04 - [MESSAGE][INFO] - Invoke 'com.kms.katalon.core.annotation.BeforeTestCase' method: 'Listener.sampleBeforeTestSuite(...)' completed.

2021-11-18 11:50:05 - [TEST_STEP][PASSED] - runFeatureFile("Include/features/Firma Yonetimi/Yetki Yonetimi/Departman Tanimlari/Ekran Kontrolu.feature"): Feature file: 'Include/features/Firma Yonetimi/Yetki Yonetimi/Departman Tanimlari/Ekran Kontrolu.feature' was passed

2021-11-18 11:50:05 - [MESSAGE][INFO] - Starting run keyword runFeatureFile: 'Include/features/Firma Yonetimi/Yetki Yonetimi/Departman Tanimlari/Ekran Kontrolu.feature' and extract report to folder: 'C:\Users\DELL\Documents\GitHub\EES_KatalonLogo\Reports\20211118_110909\Suite Repository\Firma_Yonetimi\20211118_111017/cucumber_report/1637225405073'...

2021-11-18 11:50:05 - [MESSAGE][INFO] - Glue: []

2021-11-18 11:50:06 - [MESSAGE][INFO] - Checking called Test Case

2021-11-18 11:50:06 - [MESSAGE][INFO] - Starting to call Test Case 'Test Cases/Sayfalar/Giris_Sayfasi/Login'

2021-11-18 11:50:06 - [TEST_CASE][PASSED] - Test Cases/Sayfalar/Giris_Sayfasi/Login: Test Cases/Sayfalar/Giris_Sayfasi/Login

2021-11-18 11:50:06 - [TEST_STEP][PASSED] - Sayfa_Basligi = getWindowTitle(): Current window's title is: 'LOGO e-Fatura'

2021-11-18 11:50:06 - [MESSAGE][INFO] - Getting current window's title

2021-11-18 11:50:06 - [MESSAGE][PASSED] - Current window's title is: 'LOGO e-Fatura'

2021-11-18 11:50:06 - [TEST_STEP][PASSED] - verifyMatch(Sayfa_Basligi, "LOGO e-Fatura", false): Actual text 'LOGO e-Fatura' and expected text 'LOGO e-Fatura' are matched 

2021-11-18 11:50:06 - [MESSAGE][INFO] - Matching actual text 'LOGO e-Fatura' with expected text 'LOGO e-Fatura'

2021-11-18 11:50:06 - [MESSAGE][PASSED] - Actual text 'LOGO e-Fatura' and expected text 'LOGO e-Fatura' are matched 

2021-11-18 11:50:06 - [TEST_STEP][PASSED] - sendKeys(findTestObject("Sayfalar/Giris_Sayfasi/Firma_Kodu"), KullaniciAdi): Keys 'ELOGO6' sent to object: 'Object Repository/Sayfalar/Giris_Sayfasi/Firma_Kodu'

2021-11-18 11:50:06 - [MESSAGE][INFO] - Finding Test Object 'Object Repository/Sayfalar/Giris_Sayfasi/Firma_Kodu'

2021-11-18 11:50:06 - [MESSAGE][INFO] - Sending keys 'ELOGO6' to object: 'Object Repository/Sayfalar/Giris_Sayfasi/Firma_Kodu'

2021-11-18 11:50:06 - [MESSAGE][INFO] - Finding web element from Test Object's properties

2021-11-18 11:50:06 - [MESSAGE][INFO] - Checking timeout

2021-11-18 11:50:06 - [MESSAGE][INFO] - Finding web element with id: 'Object Repository/Sayfalar/Giris_Sayfasi/Firma_Kodu' located by 'By.xpath: //*[@id = 'AccountName']' in '30' second(s)

2021-11-18 11:50:06 - [MESSAGE][INFO] - Smart Wait Function is triggered

2021-11-18 11:50:06 - [MESSAGE][INFO] - Found 1 web elements with id: 'Object Repository/Sayfalar/Giris_Sayfasi/Firma_Kodu' located by 'By.xpath: //*[@id = 'AccountName']' in '30' second(s)

2021-11-18 11:50:06 - [MESSAGE][PASSED] - Keys 'ELOGO6' sent to object: 'Object Repository/Sayfalar/Giris_Sayfasi/Firma_Kodu'

2021-11-18 11:50:06 - [TEST_STEP][PASSED] - sendKeys(findTestObject("Sayfalar/Giris_Sayfasi/Sifre"), Sifre): Keys '123456' sent to object: 'Object Repository/Sayfalar/Giris_Sayfasi/Sifre'

2021-11-18 11:50:06 - [MESSAGE][INFO] - Finding Test Object 'Object Repository/Sayfalar/Giris_Sayfasi/Sifre'

2021-11-18 11:50:07 - [MESSAGE][INFO] - Sending keys '123456' to object: 'Object Repository/Sayfalar/Giris_Sayfasi/Sifre'

2021-11-18 11:50:07 - [MESSAGE][INFO] - Finding web element from Test Object's properties

2021-11-18 11:50:07 - [MESSAGE][INFO] - Checking timeout

2021-11-18 11:50:07 - [MESSAGE][INFO] - Finding web element with id: 'Object Repository/Sayfalar/Giris_Sayfasi/Sifre' located by 'By.xpath: //*[@id = 'Password']' in '30' second(s)

2021-11-18 11:50:07 - [MESSAGE][INFO] - Smart Wait Function is triggered

2021-11-18 11:50:07 - [MESSAGE][INFO] - Found 1 web elements with id: 'Object Repository/Sayfalar/Giris_Sayfasi/Sifre' located by 'By.xpath: //*[@id = 'Password']' in '30' second(s)

2021-11-18 11:50:07 - [MESSAGE][PASSED] - Keys '123456' sent to object: 'Object Repository/Sayfalar/Giris_Sayfasi/Sifre'

2021-11-18 11:50:07 - [TEST_STEP][PASSED] - findWebElement(findTestObject("Sayfalar/Giris_Sayfasi/Giris_Butonu")).click(): Found 1 web elements with id: 'Object Repository/Sayfalar/Giris_Sayfasi/Giris_Butonu' located by 'By.cssSelector: #btnLogin' in '30' second(s)

2021-11-18 11:50:07 - [MESSAGE][INFO] - Finding Test Object 'Object Repository/Sayfalar/Giris_Sayfasi/Giris_Butonu'

2021-11-18 11:50:07 - [MESSAGE][INFO] - Finding web element from Test Object's properties

2021-11-18 11:50:07 - [MESSAGE][INFO] - Checking timeout

2021-11-18 11:50:07 - [MESSAGE][INFO] - Finding web element with id: 'Object Repository/Sayfalar/Giris_Sayfasi/Giris_Butonu' located by 'By.cssSelector: #btnLogin' in '30' second(s)

2021-11-18 11:50:07 - [MESSAGE][INFO] - Smart Wait Function is triggered

2021-11-18 11:50:07 - [MESSAGE][INFO] - Found 1 web elements with id: 'Object Repository/Sayfalar/Giris_Sayfasi/Giris_Butonu' located by 'By.cssSelector: #btnLogin' in '30' second(s)

2021-11-18 11:50:10 - [TEST_STEP][PASSED] - if (verifyElementPresent(findTestObject("Object Repository/Sayfalar/Giris_Sayfasi/RetveTamam_Butonu"), 5, OPTIONAL)): null

2021-11-18 11:50:10 - [MESSAGE][INFO] - Finding Test Object 'Object Repository/Sayfalar/Giris_Sayfasi/RetveTamam_Butonu'

2021-11-18 11:50:10 - [MESSAGE][INFO] - Checking object

2021-11-18 11:50:10 - [MESSAGE][INFO] - Finding web element from Test Object's properties

2021-11-18 11:50:10 - [MESSAGE][INFO] - Checking timeout

2021-11-18 11:50:10 - [MESSAGE][INFO] - Finding web element with id: 'Object Repository/Sayfalar/Giris_Sayfasi/RetveTamam_Butonu' located by 'By.xpath: //*[@class = 'btn btn-default']' in '5' second(s)

2021-11-18 11:50:10 - [MESSAGE][INFO] - Smart Wait Function is triggered

2021-11-18 11:50:10 - [MESSAGE][INFO] - Found 1 web elements with id: 'Object Repository/Sayfalar/Giris_Sayfasi/RetveTamam_Butonu' located by 'By.xpath: //*[@class = 'btn btn-default']' in '5' second(s)

2021-11-18 11:50:10 - [MESSAGE][PASSED] - Object 'Object Repository/Sayfalar/Giris_Sayfasi/RetveTamam_Butonu' is present

2021-11-18 11:50:10 - [TEST_STEP][PASSED] - click(findTestObject("Object Repository/Sayfalar/Giris_Sayfasi/RetveTamam_Butonu")): Object: 'Object Repository/Sayfalar/Giris_Sayfasi/RetveTamam_Butonu' is clicked on

2021-11-18 11:50:10 - [MESSAGE][INFO] - Finding Test Object 'Object Repository/Sayfalar/Giris_Sayfasi/RetveTamam_Butonu'

2021-11-18 11:50:11 - [MESSAGE][INFO] - Checking object

2021-11-18 11:50:11 - [MESSAGE][INFO] - Finding web element from Test Object's properties

2021-11-18 11:50:11 - [MESSAGE][INFO] - Checking timeout

2021-11-18 11:50:11 - [MESSAGE][INFO] - Finding web element with id: 'Object Repository/Sayfalar/Giris_Sayfasi/RetveTamam_Butonu' located by 'By.xpath: //*[@class = 'btn btn-default']' in '30' second(s)

2021-11-18 11:50:11 - [MESSAGE][INFO] - Smart Wait Function is triggered

2021-11-18 11:50:11 - [MESSAGE][INFO] - Found 1 web elements with id: 'Object Repository/Sayfalar/Giris_Sayfasi/RetveTamam_Butonu' located by 'By.xpath: //*[@class = 'btn btn-default']' in '30' second(s)

2021-11-18 11:50:11 - [MESSAGE][INFO] - Clicking on object: 'Object Repository/Sayfalar/Giris_Sayfasi/RetveTamam_Butonu'

2021-11-18 11:50:11 - [MESSAGE][PASSED] - Object: 'Object Repository/Sayfalar/Giris_Sayfasi/RetveTamam_Butonu' is clicked on

2021-11-18 11:50:11 - [TEST_STEP][PASSED] - click(findTestObject("Object Repository/Sayfalar/Giris_Sayfasi/RetveTamam_Butonu")): Object: 'Object Repository/Sayfalar/Giris_Sayfasi/RetveTamam_Butonu' is clicked on

2021-11-18 11:50:11 - [MESSAGE][INFO] - Finding Test Object 'Object Repository/Sayfalar/Giris_Sayfasi/RetveTamam_Butonu'

2021-11-18 11:50:11 - [MESSAGE][INFO] - Checking object

2021-11-18 11:50:11 - [MESSAGE][INFO] - Finding web element from Test Object's properties

2021-11-18 11:50:11 - [MESSAGE][INFO] - Checking timeout

2021-11-18 11:50:11 - [MESSAGE][INFO] - Finding web element with id: 'Object Repository/Sayfalar/Giris_Sayfasi/RetveTamam_Butonu' located by 'By.xpath: //*[@class = 'btn btn-default']' in '30' second(s)

2021-11-18 11:50:11 - [MESSAGE][INFO] - Smart Wait Function is triggered

2021-11-18 11:50:18 - [MESSAGE][INFO] - Found 1 web elements with id: 'Object Repository/Sayfalar/Giris_Sayfasi/RetveTamam_Butonu' located by 'By.xpath: //*[@class = 'btn btn-default']' in '30' second(s)

2021-11-18 11:50:18 - [MESSAGE][INFO] - Clicking on object: 'Object Repository/Sayfalar/Giris_Sayfasi/RetveTamam_Butonu'

2021-11-18 11:50:18 - [MESSAGE][PASSED] - Object: 'Object Repository/Sayfalar/Giris_Sayfasi/RetveTamam_Butonu' is clicked on

2021-11-18 11:50:18 - [TEST_STEP][PASSED] - if (verifyElementPresent(findTestObject("Sayfalar/Giris_Sayfasi/PopupOK"), 5, OPTIONAL)): null

2021-11-18 11:50:18 - [MESSAGE][INFO] - Finding Test Object 'Object Repository/Sayfalar/Giris_Sayfasi/PopupOK'

2021-11-18 11:50:18 - [MESSAGE][INFO] - Checking object

2021-11-18 11:50:18 - [MESSAGE][INFO] - Finding web element from Test Object's properties

2021-11-18 11:50:18 - [MESSAGE][INFO] - Checking timeout

2021-11-18 11:50:18 - [MESSAGE][INFO] - Finding web element with id: 'Object Repository/Sayfalar/Giris_Sayfasi/PopupOK' located by 'By.cssSelector: .btn.btn-success' in '5' second(s)

2021-11-18 11:50:18 - [MESSAGE][INFO] - Smart Wait Function is triggered

2021-11-18 11:50:19 - [MESSAGE][INFO] - Found 1 web elements with id: 'Object Repository/Sayfalar/Giris_Sayfasi/PopupOK' located by 'By.cssSelector: .btn.btn-success' in '5' second(s)

2021-11-18 11:50:19 - [MESSAGE][PASSED] - Object 'Object Repository/Sayfalar/Giris_Sayfasi/PopupOK' is present

2021-11-18 11:50:19 - [TEST_STEP][PASSED] - click(findTestObject("Object Repository/Sayfalar/Giris_Sayfasi/PopupCarpiGiris")): Object: 'Object Repository/Sayfalar/Giris_Sayfasi/PopupCarpiGiris' is clicked on

2021-11-18 11:50:19 - [MESSAGE][INFO] - Finding Test Object 'Object Repository/Sayfalar/Giris_Sayfasi/PopupCarpiGiris'

2021-11-18 11:50:19 - [MESSAGE][INFO] - Checking object

2021-11-18 11:50:19 - [MESSAGE][INFO] - Finding web element from Test Object's properties

2021-11-18 11:50:19 - [MESSAGE][INFO] - Checking timeout

2021-11-18 11:50:19 - [MESSAGE][INFO] - Finding web element with id: 'Object Repository/Sayfalar/Giris_Sayfasi/PopupCarpiGiris' located by 'By.cssSelector: .bootbox-close-button.close' in '30' second(s)

2021-11-18 11:50:19 - [MESSAGE][INFO] - Smart Wait Function is triggered

2021-11-18 11:50:19 - [MESSAGE][INFO] - Found 1 web elements with id: 'Object Repository/Sayfalar/Giris_Sayfasi/PopupCarpiGiris' located by 'By.cssSelector: .bootbox-close-button.close' in '30' second(s)

2021-11-18 11:50:19 - [MESSAGE][INFO] - Clicking on object: 'Object Repository/Sayfalar/Giris_Sayfasi/PopupCarpiGiris'

2021-11-18 11:50:19 - [MESSAGE][PASSED] - Object: 'Object Repository/Sayfalar/Giris_Sayfasi/PopupCarpiGiris' is clicked on

2021-11-18 11:50:19 - [TEST_STEP][PASSED] - verifyElementVisible(findTestObject("Object Repository/Kullanici_Islemleri/KullaniciIslemleri")): Object 'Object Repository/Kullanici_Islemleri/KullaniciIslemleri' is visible

2021-11-18 11:50:19 - [MESSAGE][INFO] - Finding Test Object 'Object Repository/Kullanici_Islemleri/KullaniciIslemleri'

2021-11-18 11:50:19 - [MESSAGE][INFO] - Checking object

2021-11-18 11:50:19 - [MESSAGE][INFO] - Finding web element from Test Object's properties

2021-11-18 11:50:19 - [MESSAGE][INFO] - Checking timeout

2021-11-18 11:50:19 - [MESSAGE][INFO] - Finding web element with id: 'Object Repository/Kullanici_Islemleri/KullaniciIslemleri' located by 'By.cssSelector: .dropdown>a>img' in '30' second(s)

2021-11-18 11:50:19 - [MESSAGE][INFO] - Smart Wait Function is triggered

2021-11-18 11:50:20 - [MESSAGE][INFO] - Found 1 web elements with id: 'Object Repository/Kullanici_Islemleri/KullaniciIslemleri' located by 'By.cssSelector: .dropdown>a>img' in '30' second(s)

2021-11-18 11:50:20 - [MESSAGE][PASSED] - Object 'Object Repository/Kullanici_Islemleri/KullaniciIslemleri' is visible

2021-11-18 11:50:20 - [MESSAGE][PASSED] - Call Test Case 'Test Cases/Sayfalar/Giris_Sayfasi/Login' successfully

2021-11-18 11:50:20 - [MESSAGE][INFO] - Checking called Test Case

2021-11-18 11:50:20 - [MESSAGE][INFO] - Starting to call Test Case 'Test Cases/Menu/AnaMenuSecimi'

2021-11-18 11:50:20 - [TEST_CASE][PASSED] - Test Cases/Menu/AnaMenuSecimi: Test Cases/Menu/AnaMenuSecimi

2021-11-18 11:50:20 - [TEST_STEP][PASSED] - Method.TextDegerineEsitElementeTikla(findTestObject("Menu/Ana_Menu"), Ana_Menu): Method.TextDegerineEsitElementeTikla is PASSED

2021-11-18 11:50:20 - [MESSAGE][INFO] - Finding Test Object 'Object Repository/Menu/Ana_Menu'

2021-11-18 11:50:20 - [MESSAGE][INFO] - Checking timeout

2021-11-18 11:50:20 - [MESSAGE][INFO] - Finding web element with id: 'Object Repository/Menu/Ana_Menu' located by 'By.xpath: //*[@class = 'dropdown-toggle']' in '10' second(s)

2021-11-18 11:50:20 - [MESSAGE][INFO] - Smart Wait Function is triggered

2021-11-18 11:50:20 - [MESSAGE][INFO] - Found 14 web elements with id: 'Object Repository/Menu/Ana_Menu' located by 'By.xpath: //*[@class = 'dropdown-toggle']' in '10' second(s)

2021-11-18 11:50:21 - [MESSAGE][PASSED] - Method.TextDegerineEsitElementeTikla is PASSED

2021-11-18 11:50:21 - [MESSAGE][PASSED] - Call Test Case 'Test Cases/Menu/AnaMenuSecimi' successfully

2021-11-18 11:50:21 - [MESSAGE][INFO] - Checking called Test Case

2021-11-18 11:50:21 - [MESSAGE][INFO] - Starting to call Test Case 'Test Cases/Menu/AltMenuSecimi'

2021-11-18 11:50:21 - [TEST_CASE][PASSED] - Test Cases/Menu/AltMenuSecimi: Test Cases/Menu/AltMenuSecimi

2021-11-18 11:50:21 - [TEST_STEP][PASSED] - Method.TextDegerineEsitElementeTikla(findTestObject("Menu/Alt_Menu"), Alt_Menu): Method.TextDegerineEsitElementeTikla is PASSED

2021-11-18 11:50:21 - [MESSAGE][INFO] - Finding Test Object 'Object Repository/Menu/Alt_Menu'

2021-11-18 11:50:21 - [MESSAGE][INFO] - Checking timeout

2021-11-18 11:50:21 - [MESSAGE][INFO] - Finding web element with id: 'Object Repository/Menu/Alt_Menu' located by 'By.xpath: //li[@class='dropdown dropdown-large open']//li[@class='dropdown-element']' in '10' second(s)

2021-11-18 11:50:21 - [MESSAGE][INFO] - Smart Wait Function is triggered

2021-11-18 11:50:21 - [MESSAGE][INFO] - Found 1 web elements with id: 'Object Repository/Menu/Alt_Menu' located by 'By.xpath: //li[@class='dropdown dropdown-large open']//li[@class='dropdown-element']' in '10' second(s)

2021-11-18 11:50:24 - [MESSAGE][PASSED] - Method.TextDegerineEsitElementeTikla is PASSED

2021-11-18 11:50:24 - [MESSAGE][PASSED] - Call Test Case 'Test Cases/Menu/AltMenuSecimi' successfully

2021-11-18 11:50:24 - [MESSAGE][INFO] - Checking called Test Case

2021-11-18 11:50:24 - [MESSAGE][INFO] - Starting to call Test Case 'Test Cases/Sayfalar/Yetki_Yonetimi/SekmeSecilir'

2021-11-18 11:50:24 - [TEST_CASE][PASSED] - Test Cases/Sayfalar/Yetki_Yonetimi/SekmeSecilir: Test Cases/Sayfalar/Yetki_Yonetimi/SekmeSecilir

2021-11-18 11:50:24 - [TEST_STEP][PASSED] - Method.TextDegerineEsitElementeTikla(findTestObject("Object Repository/Sayfalar/Yetki_Yonetimi/Sekmeler"), Sekme): Method.TextDegerineEsitElementeTikla is PASSED

2021-11-18 11:50:24 - [MESSAGE][INFO] - Finding Test Object 'Object Repository/Sayfalar/Yetki_Yonetimi/Sekmeler'

2021-11-18 11:50:24 - [MESSAGE][INFO] - Checking timeout

2021-11-18 11:50:24 - [MESSAGE][INFO] - Finding web element with id: 'Object Repository/Sayfalar/Yetki_Yonetimi/Sekmeler' located by 'By.cssSelector: #pcFeatures_TC>li[class="dxtc-tab"] span,#pcFeatures_TC>li[class="dxtc-activeTab dxtc-lead"] span' in '10' second(s)

2021-11-18 11:50:24 - [MESSAGE][INFO] - Smart Wait Function is triggered

2021-11-18 11:50:24 - [MESSAGE][INFO] - Found 3 web elements with id: 'Object Repository/Sayfalar/Yetki_Yonetimi/Sekmeler' located by 'By.cssSelector: #pcFeatures_TC>li[class="dxtc-tab"] span,#pcFeatures_TC>li[class="dxtc-activeTab dxtc-lead"] span' in '10' second(s)

2021-11-18 11:50:24 - [MESSAGE][PASSED] - Method.TextDegerineEsitElementeTikla is PASSED

2021-11-18 11:50:24 - [MESSAGE][PASSED] - Call Test Case 'Test Cases/Sayfalar/Yetki_Yonetimi/SekmeSecilir' successfully

2021-11-18 11:50:24 - [MESSAGE][INFO] - Checking called Test Case

2021-11-18 11:50:24 - [MESSAGE][INFO] - Starting to call Test Case 'Test Cases/Filtreler/FiltreVarMi'

2021-11-18 11:50:25 - [TEST_CASE][PASSED] - Test Cases/Filtreler/FiltreVarMi: Test Cases/Filtreler/FiltreVarMi

2021-11-18 11:50:25 - [TEST_STEP][PASSED] - Method.TextDegerineEsitElementVarMi(findTestObject("Filtreler/Basliklar"), Filtre_alan): Method.TextDegerineEsitElementVarMi is PASSED

2021-11-18 11:50:25 - [MESSAGE][INFO] - Finding Test Object 'Object Repository/Filtreler/Basliklar'

2021-11-18 11:50:25 - [MESSAGE][INFO] - Checking timeout

2021-11-18 11:50:25 - [MESSAGE][INFO] - Finding web element with id: 'Object Repository/Filtreler/Basliklar' located by 'By.cssSelector: .control-label.col-sm-4.paddingMarginRLC' in '10' second(s)

2021-11-18 11:50:25 - [MESSAGE][INFO] - Smart Wait Function is triggered

2021-11-18 11:50:26 - [MESSAGE][INFO] - Found 12 web elements with id: 'Object Repository/Filtreler/Basliklar' located by 'By.cssSelector: .control-label.col-sm-4.paddingMarginRLC' in '10' second(s)

2021-11-18 11:50:26 - [MESSAGE][PASSED] - Method.TextDegerineEsitElementVarMi is PASSED

2021-11-18 11:50:26 - [MESSAGE][PASSED] - Call Test Case 'Test Cases/Filtreler/FiltreVarMi' successfully

2021-11-18 11:50:26 - [MESSAGE][INFO] - Checking called Test Case

2021-11-18 11:50:26 - [MESSAGE][INFO] - Starting to call Test Case 'Test Cases/Filtreler/FiltreVarMi'

2021-11-18 11:50:26 - [TEST_CASE][PASSED] - Test Cases/Filtreler/FiltreVarMi: Test Cases/Filtreler/FiltreVarMi

2021-11-18 11:50:26 - [TEST_STEP][PASSED] - Method.TextDegerineEsitElementVarMi(findTestObject("Filtreler/Basliklar"), Filtre_alan): Method.TextDegerineEsitElementVarMi is PASSED

2021-11-18 11:50:26 - [MESSAGE][INFO] - Finding Test Object 'Object Repository/Filtreler/Basliklar'

2021-11-18 11:50:26 - [MESSAGE][INFO] - Checking timeout

2021-11-18 11:50:26 - [MESSAGE][INFO] - Finding web element with id: 'Object Repository/Filtreler/Basliklar' located by 'By.cssSelector: .control-label.col-sm-4.paddingMarginRLC' in '10' second(s)

2021-11-18 11:50:26 - [MESSAGE][INFO] - Smart Wait Function is triggered

2021-11-18 11:50:26 - [MESSAGE][INFO] - Found 12 web elements with id: 'Object Repository/Filtreler/Basliklar' located by 'By.cssSelector: .control-label.col-sm-4.paddingMarginRLC' in '10' second(s)

2021-11-18 11:50:26 - [MESSAGE][PASSED] - Method.TextDegerineEsitElementVarMi is PASSED

2021-11-18 11:50:26 - [MESSAGE][PASSED] - Call Test Case 'Test Cases/Filtreler/FiltreVarMi' successfully

2021-11-18 11:50:26 - [MESSAGE][INFO] - Checking called Test Case

2021-11-18 11:50:26 - [MESSAGE][INFO] - Starting to call Test Case 'Test Cases/Filtreler/FiltreVarMi'

2021-11-18 11:50:26 - [TEST_CASE][PASSED] - Test Cases/Filtreler/FiltreVarMi: Test Cases/Filtreler/FiltreVarMi

2021-11-18 11:50:26 - [TEST_STEP][PASSED] - Method.TextDegerineEsitElementVarMi(findTestObject("Filtreler/Basliklar"), Filtre_alan): Method.TextDegerineEsitElementVarMi is PASSED

2021-11-18 11:50:26 - [MESSAGE][INFO] - Finding Test Object 'Object Repository/Filtreler/Basliklar'

2021-11-18 11:50:26 - [MESSAGE][INFO] - Checking timeout

2021-11-18 11:50:26 - [MESSAGE][INFO] - Finding web element with id: 'Object Repository/Filtreler/Basliklar' located by 'By.cssSelector: .control-label.col-sm-4.paddingMarginRLC' in '10' second(s)

2021-11-18 11:50:26 - [MESSAGE][INFO] - Smart Wait Function is triggered

2021-11-18 11:50:27 - [MESSAGE][INFO] - Found 12 web elements with id: 'Object Repository/Filtreler/Basliklar' located by 'By.cssSelector: .control-label.col-sm-4.paddingMarginRLC' in '10' second(s)

2021-11-18 11:50:27 - [MESSAGE][PASSED] - Method.TextDegerineEsitElementVarMi is PASSED

2021-11-18 11:50:27 - [MESSAGE][PASSED] - Call Test Case 'Test Cases/Filtreler/FiltreVarMi' successfully

2021-11-18 11:50:27 - [MESSAGE][INFO] - Checking called Test Case

2021-11-18 11:50:27 - [MESSAGE][INFO] - Starting to call Test Case 'Test Cases/Filtreler/ButonVarMi'

2021-11-18 11:50:27 - [TEST_CASE][PASSED] - Test Cases/Filtreler/ButonVarMi: Test Cases/Filtreler/ButonVarMi

2021-11-18 11:50:27 - [TEST_STEP][PASSED] - Method.TextDegerineEsitElementVarMi(findTestObject("Filtreler/Butonlar"), Filtre_Buton): Method.TextDegerineEsitElementVarMi is PASSED

2021-11-18 11:50:27 - [MESSAGE][INFO] - Finding Test Object 'Object Repository/Filtreler/Butonlar'

2021-11-18 11:50:27 - [MESSAGE][INFO] - Checking timeout

2021-11-18 11:50:27 - [MESSAGE][INFO] - Finding web element with id: 'Object Repository/Filtreler/Butonlar' located by 'By.cssSelector: .dxb>span' in '10' second(s)

2021-11-18 11:50:27 - [MESSAGE][INFO] - Smart Wait Function is triggered

2021-11-18 11:50:28 - [MESSAGE][INFO] - Found 6 web elements with id: 'Object Repository/Filtreler/Butonlar' located by 'By.cssSelector: .dxb>span' in '10' second(s)

2021-11-18 11:50:28 - [MESSAGE][PASSED] - Method.TextDegerineEsitElementVarMi is PASSED

2021-11-18 11:50:28 - [MESSAGE][PASSED] - Call Test Case 'Test Cases/Filtreler/ButonVarMi' successfully

2021-11-18 11:50:28 - [MESSAGE][INFO] - Checking called Test Case

2021-11-18 11:50:28 - [MESSAGE][INFO] - Starting to call Test Case 'Test Cases/Filtreler/ButonVarMi'

2021-11-18 11:50:28 - [TEST_CASE][PASSED] - Test Cases/Filtreler/ButonVarMi: Test Cases/Filtreler/ButonVarMi

2021-11-18 11:50:28 - [TEST_STEP][PASSED] - Method.TextDegerineEsitElementVarMi(findTestObject("Filtreler/Butonlar"), Filtre_Buton): Method.TextDegerineEsitElementVarMi is PASSED

2021-11-18 11:50:28 - [MESSAGE][INFO] - Finding Test Object 'Object Repository/Filtreler/Butonlar'

2021-11-18 11:50:28 - [MESSAGE][INFO] - Checking timeout

2021-11-18 11:50:28 - [MESSAGE][INFO] - Finding web element with id: 'Object Repository/Filtreler/Butonlar' located by 'By.cssSelector: .dxb>span' in '10' second(s)

2021-11-18 11:50:28 - [MESSAGE][INFO] - Smart Wait Function is triggered

2021-11-18 11:50:28 - [MESSAGE][INFO] - Found 6 web elements with id: 'Object Repository/Filtreler/Butonlar' located by 'By.cssSelector: .dxb>span' in '10' second(s)

2021-11-18 11:50:28 - [MESSAGE][PASSED] - Method.TextDegerineEsitElementVarMi is PASSED

2021-11-18 11:50:28 - [MESSAGE][PASSED] - Call Test Case 'Test Cases/Filtreler/ButonVarMi' successfully

2021-11-18 11:50:28 - [MESSAGE][INFO] - Checking called Test Case

2021-11-18 11:50:28 - [MESSAGE][INFO] - Starting to call Test Case 'Test Cases/Butonlar/ButonVarMi'

2021-11-18 11:50:28 - [TEST_CASE][PASSED] - Test Cases/Butonlar/ButonVarMi: Test Cases/Butonlar/ButonVarMi

2021-11-18 11:50:29 - [TEST_STEP][PASSED] - Method.TextDegerineEsitElementVarMi(findTestObject("Butonlar/Butonlar"), Buton): Method.TextDegerineEsitElementVarMi is PASSED

2021-11-18 11:50:29 - [MESSAGE][INFO] - Finding Test Object 'Object Repository/Butonlar/Butonlar'

2021-11-18 11:50:29 - [MESSAGE][INFO] - Checking timeout

2021-11-18 11:50:29 - [MESSAGE][INFO] - Finding web element with id: 'Object Repository/Butonlar/Butonlar' located by 'By.cssSelector: .panel.panel-default.text-center.footerPanel .btn,.btn.btn-primary.btnControls' in '10' second(s)

2021-11-18 11:50:29 - [MESSAGE][INFO] - Smart Wait Function is triggered

2021-11-18 11:50:29 - [MESSAGE][INFO] - Found 12 web elements with id: 'Object Repository/Butonlar/Butonlar' located by 'By.cssSelector: .panel.panel-default.text-center.footerPanel .btn,.btn.btn-primary.btnControls' in '10' second(s)

2021-11-18 11:50:29 - [MESSAGE][PASSED] - Method.TextDegerineEsitElementVarMi is PASSED

2021-11-18 11:50:29 - [MESSAGE][PASSED] - Call Test Case 'Test Cases/Butonlar/ButonVarMi' successfully

2021-11-18 11:50:29 - [MESSAGE][INFO] - Checking called Test Case

2021-11-18 11:50:29 - [MESSAGE][INFO] - Starting to call Test Case 'Test Cases/Butonlar/ButonVarMi'

2021-11-18 11:50:29 - [TEST_CASE][PASSED] - Test Cases/Butonlar/ButonVarMi: Test Cases/Butonlar/ButonVarMi

2021-11-18 11:50:29 - [TEST_STEP][PASSED] - Method.TextDegerineEsitElementVarMi(findTestObject("Butonlar/Butonlar"), Buton): Method.TextDegerineEsitElementVarMi is PASSED

2021-11-18 11:50:29 - [MESSAGE][INFO] - Finding Test Object 'Object Repository/Butonlar/Butonlar'

2021-11-18 11:50:29 - [MESSAGE][INFO] - Checking timeout

2021-11-18 11:50:29 - [MESSAGE][INFO] - Finding web element with id: 'Object Repository/Butonlar/Butonlar' located by 'By.cssSelector: .panel.panel-default.text-center.footerPanel .btn,.btn.btn-primary.btnControls' in '10' second(s)

2021-11-18 11:50:29 - [MESSAGE][INFO] - Smart Wait Function is triggered

2021-11-18 11:50:30 - [MESSAGE][INFO] - Found 12 web elements with id: 'Object Repository/Butonlar/Butonlar' located by 'By.cssSelector: .panel.panel-default.text-center.footerPanel .btn,.btn.btn-primary.btnControls' in '10' second(s)

2021-11-18 11:50:30 - [MESSAGE][PASSED] - Method.TextDegerineEsitElementVarMi is PASSED

2021-11-18 11:50:30 - [MESSAGE][PASSED] - Call Test Case 'Test Cases/Butonlar/ButonVarMi' successfully

2021-11-18 11:50:30 - [MESSAGE][INFO] - Checking called Test Case

2021-11-18 11:50:30 - [MESSAGE][INFO] - Starting to call Test Case 'Test Cases/Butonlar/ButonVarMi'

2021-11-18 11:50:30 - [TEST_CASE][PASSED] - Test Cases/Butonlar/ButonVarMi: Test Cases/Butonlar/ButonVarMi

2021-11-18 11:50:30 - [TEST_STEP][PASSED] - Method.TextDegerineEsitElementVarMi(findTestObject("Butonlar/Butonlar"), Buton): Method.TextDegerineEsitElementVarMi is PASSED

2021-11-18 11:50:30 - [MESSAGE][INFO] - Finding Test Object 'Object Repository/Butonlar/Butonlar'

2021-11-18 11:50:30 - [MESSAGE][INFO] - Checking timeout

2021-11-18 11:50:30 - [MESSAGE][INFO] - Finding web element with id: 'Object Repository/Butonlar/Butonlar' located by 'By.cssSelector: .panel.panel-default.text-center.footerPanel .btn,.btn.btn-primary.btnControls' in '10' second(s)

2021-11-18 11:50:30 - [MESSAGE][INFO] - Smart Wait Function is triggered

2021-11-18 11:50:30 - [MESSAGE][INFO] - Found 12 web elements with id: 'Object Repository/Butonlar/Butonlar' located by 'By.cssSelector: .panel.panel-default.text-center.footerPanel .btn,.btn.btn-primary.btnControls' in '10' second(s)

2021-11-18 11:50:30 - [MESSAGE][PASSED] - Method.TextDegerineEsitElementVarMi is PASSED

2021-11-18 11:50:30 - [MESSAGE][PASSED] - Call Test Case 'Test Cases/Butonlar/ButonVarMi' successfully

2021-11-18 11:50:30 - [MESSAGE][INFO] - Checking called Test Case

2021-11-18 11:50:30 - [MESSAGE][INFO] - Starting to call Test Case 'Test Cases/Butonlar/ButonVarMi'

2021-11-18 11:50:30 - [TEST_CASE][PASSED] - Test Cases/Butonlar/ButonVarMi: Test Cases/Butonlar/ButonVarMi

2021-11-18 11:50:30 - [TEST_STEP][PASSED] - Method.TextDegerineEsitElementVarMi(findTestObject("Butonlar/Butonlar"), Buton): Method.TextDegerineEsitElementVarMi is PASSED

2021-11-18 11:50:30 - [MESSAGE][INFO] - Finding Test Object 'Object Repository/Butonlar/Butonlar'

2021-11-18 11:50:30 - [MESSAGE][INFO] - Checking timeout

2021-11-18 11:50:30 - [MESSAGE][INFO] - Finding web element with id: 'Object Repository/Butonlar/Butonlar' located by 'By.cssSelector: .panel.panel-default.text-center.footerPanel .btn,.btn.btn-primary.btnControls' in '10' second(s)

2021-11-18 11:50:30 - [MESSAGE][INFO] - Smart Wait Function is triggered

2021-11-18 11:50:31 - [MESSAGE][INFO] - Found 12 web elements with id: 'Object Repository/Butonlar/Butonlar' located by 'By.cssSelector: .panel.panel-default.text-center.footerPanel .btn,.btn.btn-primary.btnControls' in '10' second(s)

2021-11-18 11:50:31 - [MESSAGE][PASSED] - Method.TextDegerineEsitElementVarMi is PASSED

2021-11-18 11:50:31 - [MESSAGE][PASSED] - Call Test Case 'Test Cases/Butonlar/ButonVarMi' successfully

2021-11-18 11:50:31 - [MESSAGE][INFO] - Checking called Test Case

2021-11-18 11:50:31 - [MESSAGE][INFO] - Starting to call Test Case 'Test Cases/Kullanici_Islemleri/KullaniciIslemlerindenSecimYapilir'

2021-11-18 11:50:31 - [TEST_CASE][PASSED] - Test Cases/Kullanici_Islemleri/KullaniciIslemlerindenSecimYapilir: Test Cases/Kullanici_Islemleri/KullaniciIslemlerindenSecimYapilir

2021-11-18 11:50:31 - [TEST_STEP][PASSED] - waitForElementClickable(findTestObject("Object Repository/Kullanici_Islemleri/KullaniciIslemleri"), 10): Object 'Object Repository/Kullanici_Islemleri/KullaniciIslemleri' is clickable

2021-11-18 11:50:31 - [MESSAGE][INFO] - Finding Test Object 'Object Repository/Kullanici_Islemleri/KullaniciIslemleri'

2021-11-18 11:50:31 - [MESSAGE][INFO] - Checking object

2021-11-18 11:50:31 - [MESSAGE][INFO] - Checking timeout

2021-11-18 11:50:31 - [MESSAGE][INFO] - Finding web element from Test Object's properties

2021-11-18 11:50:31 - [MESSAGE][INFO] - Checking timeout

2021-11-18 11:50:31 - [MESSAGE][INFO] - Finding web element with id: 'Object Repository/Kullanici_Islemleri/KullaniciIslemleri' located by 'By.cssSelector: .dropdown>a>img' in '10' second(s)

2021-11-18 11:50:31 - [MESSAGE][INFO] - Smart Wait Function is triggered

2021-11-18 11:50:31 - [MESSAGE][INFO] - Found 1 web elements with id: 'Object Repository/Kullanici_Islemleri/KullaniciIslemleri' located by 'By.cssSelector: .dropdown>a>img' in '10' second(s)

2021-11-18 11:50:31 - [MESSAGE][PASSED] - Object 'Object Repository/Kullanici_Islemleri/KullaniciIslemleri' is clickable

2021-11-18 11:50:31 - [TEST_STEP][PASSED] - click(findTestObject("Object Repository/Kullanici_Islemleri/KullaniciIslemleri")): Object: 'Object Repository/Kullanici_Islemleri/KullaniciIslemleri' is clicked on

2021-11-18 11:50:31 - [MESSAGE][INFO] - Finding Test Object 'Object Repository/Kullanici_Islemleri/KullaniciIslemleri'

2021-11-18 11:50:31 - [MESSAGE][INFO] - Checking object

2021-11-18 11:50:31 - [MESSAGE][INFO] - Finding web element from Test Object's properties

2021-11-18 11:50:31 - [MESSAGE][INFO] - Checking timeout

2021-11-18 11:50:31 - [MESSAGE][INFO] - Finding web element with id: 'Object Repository/Kullanici_Islemleri/KullaniciIslemleri' located by 'By.cssSelector: .dropdown>a>img' in '30' second(s)

2021-11-18 11:50:31 - [MESSAGE][INFO] - Smart Wait Function is triggered

2021-11-18 11:50:31 - [MESSAGE][INFO] - Found 1 web elements with id: 'Object Repository/Kullanici_Islemleri/KullaniciIslemleri' located by 'By.cssSelector: .dropdown>a>img' in '30' second(s)

2021-11-18 11:50:31 - [MESSAGE][INFO] - Clicking on object: 'Object Repository/Kullanici_Islemleri/KullaniciIslemleri'

2021-11-18 11:50:32 - [MESSAGE][PASSED] - Object: 'Object Repository/Kullanici_Islemleri/KullaniciIslemleri' is clicked on

2021-11-18 11:50:32 - [TEST_STEP][PASSED] - Method.TextDegerineEsitElementeTikla(findTestObject("Object Repository/Kullanici_Islemleri/Secenekler"), Islem): Method.TextDegerineEsitElementeTikla is PASSED

2021-11-18 11:50:32 - [MESSAGE][INFO] - Finding Test Object 'Object Repository/Kullanici_Islemleri/Secenekler'

2021-11-18 11:50:32 - [MESSAGE][INFO] - Checking timeout

2021-11-18 11:50:32 - [MESSAGE][INFO] - Finding web element with id: 'Object Repository/Kullanici_Islemleri/Secenekler' located by 'By.cssSelector: .nav.navbar-nav.navbar-right li a' in '10' second(s)

2021-11-18 11:50:32 - [MESSAGE][INFO] - Smart Wait Function is triggered

2021-11-18 11:50:32 - [MESSAGE][INFO] - Found 22 web elements with id: 'Object Repository/Kullanici_Islemleri/Secenekler' located by 'By.cssSelector: .nav.navbar-nav.navbar-right li a' in '10' second(s)

2021-11-18 11:50:33 - [MESSAGE][PASSED] - Method.TextDegerineEsitElementeTikla is PASSED

2021-11-18 11:50:33 - [TEST_STEP][PASSED] - verifyElementNotPresent(findTestObject("Object Repository/Kullanici_Islemleri/Secenekler"), 10): Web element with id: 'Object Repository/Kullanici_Islemleri/Secenekler' located by 'By.cssSelector: .nav.navbar-nav.navbar-right li a' is not present after '10' second(s)

2021-11-18 11:50:33 - [MESSAGE][INFO] - Finding Test Object 'Object Repository/Kullanici_Islemleri/Secenekler'

2021-11-18 11:50:33 - [MESSAGE][INFO] - Checking object

2021-11-18 11:50:33 - [MESSAGE][INFO] - Checking timeout

2021-11-18 11:50:33 - [MESSAGE][INFO] - Finding web element with id: 'Object Repository/Kullanici_Islemleri/Secenekler' located by 'By.cssSelector: .nav.navbar-nav.navbar-right li a' in '10' second(s)

2021-11-18 11:50:33 - [MESSAGE][INFO] - Smart Wait Function is triggered

2021-11-18 11:50:34 - [MESSAGE][PASSED] - Web element with id: 'Object Repository/Kullanici_Islemleri/Secenekler' located by 'By.cssSelector: .nav.navbar-nav.navbar-right li a' is not present after '10' second(s)

2021-11-18 11:50:34 - [MESSAGE][PASSED] - Call Test Case 'Test Cases/Kullanici_Islemleri/KullaniciIslemlerindenSecimYapilir' successfully

2021-11-18 11:50:34 - [TEST_CASE][PASSED] - Start Test Case : SCENARIO Departman Tanimlari Buton Kontrolu: SCENARIO Departman Tanimlari Buton Kontrolu

2021-11-18 11:50:34 - [TEST_STEP][PASSED] - Kullanıcı adı ELOGO6 ve Şifre 123456 olarak giriş yapılır: Kullanıcı adı ELOGO6 ve Şifre 123456 olarak giriş yapılır

2021-11-18 11:50:34 - [MESSAGE][PASSED] - Kullanıcı adı ELOGO6 ve Şifre 123456 olarak giriş yapılır

2021-11-18 11:50:34 - [TEST_STEP][PASSED] - Ana menüden Firma Yönetimi seçilir: Ana menüden Firma Yönetimi seçilir

2021-11-18 11:50:34 - [MESSAGE][PASSED] - Ana menüden Firma Yönetimi seçilir

2021-11-18 11:50:34 - [TEST_STEP][PASSED] - Alt menüden Yetki Yönetimi seçilir: Alt menüden Yetki Yönetimi seçilir

2021-11-18 11:50:34 - [MESSAGE][PASSED] - Alt menüden Yetki Yönetimi seçilir

2021-11-18 11:50:34 - [TEST_STEP][PASSED] - Sekmelerden Departman Tanımları seçilir: Sekmelerden Departman Tanımları seçilir

2021-11-18 11:50:34 - [MESSAGE][PASSED] - Sekmelerden Departman Tanımları seçilir

2021-11-18 11:50:34 - [TEST_STEP][PASSED] - Filtre alanlarında Departman Adı var mı: Filtre alanlarında Departman Adı var mı

2021-11-18 11:50:34 - [MESSAGE][PASSED] - Filtre alanlarında Departman Adı var mı

2021-11-18 11:50:34 - [TEST_STEP][PASSED] - Filtre alanlarında Açıklama var mı: Filtre alanlarında Açıklama var mı

2021-11-18 11:50:34 - [MESSAGE][PASSED] - Filtre alanlarında Açıklama var mı

2021-11-18 11:50:34 - [TEST_STEP][PASSED] - Filtre alanlarında e-Posta var mı: Filtre alanlarında e-Posta var mı

2021-11-18 11:50:34 - [MESSAGE][PASSED] - Filtre alanlarında e-Posta var mı

2021-11-18 11:50:34 - [TEST_STEP][PASSED] - Filtre butonlarında Listele var mı: Filtre butonlarında Listele var mı

2021-11-18 11:50:34 - [MESSAGE][PASSED] - Filtre butonlarında Listele var mı

2021-11-18 11:50:34 - [TEST_STEP][PASSED] - Filtre butonlarında Temizle var mı: Filtre butonlarında Temizle var mı

2021-11-18 11:50:34 - [MESSAGE][PASSED] - Filtre butonlarında Temizle var mı

2021-11-18 11:50:34 - [TEST_STEP][PASSED] - Butonlardan Departman Ekle var mı: Butonlardan Departman Ekle var mı

2021-11-18 11:50:34 - [MESSAGE][PASSED] - Butonlardan Departman Ekle var mı

2021-11-18 11:50:34 - [TEST_STEP][PASSED] - Butonlardan Değiştir var mı: Butonlardan Değiştir var mı

2021-11-18 11:50:34 - [MESSAGE][PASSED] - Butonlardan Değiştir var mı

2021-11-18 11:50:34 - [TEST_STEP][PASSED] - Butonlardan Sil var mı: Butonlardan Sil var mı

2021-11-18 11:50:34 - [MESSAGE][PASSED] - Butonlardan Sil var mı

2021-11-18 11:50:34 - [TEST_STEP][PASSED] - Butonlardan Kural Tanımla var mı: Butonlardan Kural Tanımla var mı

2021-11-18 11:50:34 - [MESSAGE][PASSED] - Butonlardan Kural Tanımla var mı

2021-11-18 11:50:34 - [TEST_STEP][PASSED] - Kullanıcı işlemlerinden Çıkış seçilir: Kullanıcı işlemlerinden Çıkış seçilir

2021-11-18 11:50:34 - [MESSAGE][PASSED] - Kullanıcı işlemlerinden Çıkış seçilir

2021-11-18 11:50:34 - [MESSAGE][PASSED] - Feature file: 'Include/features/Firma Yonetimi/Yetki Yonetimi/Departman Tanimlari/Ekran Kontrolu.feature' was passed

2021-11-18 11:50:34 - [TEST_STEP][PASSED] - Start listener action : sampleAfterTestSuite: Invoke 'com.kms.katalon.core.annotation.AfterTestCase' method: 'Listener.sampleAfterTestSuite(...)' completed.

2021-11-18 11:50:34 - [MESSAGE][INFO] - Starting invoke 'com.kms.katalon.core.annotation.AfterTestCase' method: 'Listener.sampleAfterTestSuite(...)'

2021-11-18 11:50:34 - [TEST_STEP][PASSED] - closeBrowser(): Invoke 'com.kms.katalon.core.annotation.AfterTestCase' method: 'Listener.sampleAfterTestSuite(...)' completed.

2021-11-18 11:50:34 - [MESSAGE][INFO] - Closing browser

2021-11-18 11:50:34 - [MESSAGE][PASSED] - Browser is closed

2021-11-18 11:50:34 - [MESSAGE][INFO] - Invoke 'com.kms.katalon.core.annotation.AfterTestCase' method: 'Listener.sampleAfterTestSuite(...)' completed.]]></system-out>
         <system-err><![CDATA[]]></system-err>
      </testcase>
      <testcase name="Test Cases/Case Repository/Firma Yonetimi/Yetki Yonetimi/Departman Tanimlari/Kural Tanimla/Kural Ekle" time="36.838" classname="Test Cases/Case Repository/Firma Yonetimi/Yetki Yonetimi/Departman Tanimlari/Kural Tanimla/Kural Ekle" status="PASSED">
         <system-out><![CDATA[2021-11-18 11:50:34 - [TEST_CASE][PASSED] - Test Cases/Case Repository/Firma Yonetimi/Yetki Yonetimi/Departman Tanimlari/Kural Tanimla/Kural Ekle: Test Cases/Case Repository/Firma Yonetimi/Yetki Yonetimi/Departman Tanimlari/Kural Tanimla/Kural Ekle

2021-11-18 11:50:34 - [TEST_STEP][PASSED] - Start listener action : sampleBeforeTestSuite: Invoke 'com.kms.katalon.core.annotation.BeforeTestCase' method: 'Listener.sampleBeforeTestSuite(...)' completed.

2021-11-18 11:50:34 - [MESSAGE][INFO] - Starting invoke 'com.kms.katalon.core.annotation.BeforeTestCase' method: 'Listener.sampleBeforeTestSuite(...)'

2021-11-18 11:50:34 - [TEST_STEP][PASSED] - openBrowser(baseUrl): Browser is opened with url: 'https://efatura-stage.elogo.com.tr/'

2021-11-18 11:50:34 - [MESSAGE][INFO] - Opening browser

2021-11-18 11:50:34 - [MESSAGE][INFO] - Starting 'Chrome' driver

2021-11-18 11:50:34 - [MESSAGE][INFO] - User set preference: ['prefs', '{download.default_directory=C:\otomasyondownfiles}']

2021-11-18 11:50:34 - [MESSAGE][INFO] - Action delay is set to 0 milliseconds

2021-11-18 11:50:36 - [MESSAGE][INFO] - Navigating browser to: 'https://efatura-stage.elogo.com.tr/'

2021-11-18 11:50:38 - [MESSAGE][PASSED] - Browser is opened with url: 'https://efatura-stage.elogo.com.tr/'

2021-11-18 11:50:38 - [TEST_STEP][PASSED] - maximizeWindow(): Invoke 'com.kms.katalon.core.annotation.BeforeTestCase' method: 'Listener.sampleBeforeTestSuite(...)' completed.

2021-11-18 11:50:38 - [MESSAGE][INFO] - Maximizing current window

2021-11-18 11:50:38 - [MESSAGE][PASSED] - Current window maximized

2021-11-18 11:50:38 - [MESSAGE][INFO] - Invoke 'com.kms.katalon.core.annotation.BeforeTestCase' method: 'Listener.sampleBeforeTestSuite(...)' completed.

2021-11-18 11:50:38 - [TEST_STEP][PASSED] - runFeatureFile("Include/features/Firma Yonetimi/Yetki Yonetimi/Departman Tanimlari/Kural Tanimla/Kural Ekle.feature"): Feature file: 'Include/features/Firma Yonetimi/Yetki Yonetimi/Departman Tanimlari/Kural Tanimla/Kural Ekle.feature' was passed

2021-11-18 11:50:38 - [MESSAGE][INFO] - Starting run keyword runFeatureFile: 'Include/features/Firma Yonetimi/Yetki Yonetimi/Departman Tanimlari/Kural Tanimla/Kural Ekle.feature' and extract report to folder: 'C:\Users\DELL\Documents\GitHub\EES_KatalonLogo\Reports\20211118_110909\Suite Repository\Firma_Yonetimi\20211118_111017/cucumber_report/1637225438866'...

2021-11-18 11:50:38 - [MESSAGE][INFO] - Glue: []

2021-11-18 11:50:40 - [MESSAGE][INFO] - Checking called Test Case

2021-11-18 11:50:40 - [MESSAGE][INFO] - Starting to call Test Case 'Test Cases/Sayfalar/Giris_Sayfasi/Login'

2021-11-18 11:50:40 - [TEST_CASE][PASSED] - Test Cases/Sayfalar/Giris_Sayfasi/Login: Test Cases/Sayfalar/Giris_Sayfasi/Login

2021-11-18 11:50:40 - [TEST_STEP][PASSED] - Sayfa_Basligi = getWindowTitle(): Current window's title is: 'LOGO e-Fatura'

2021-11-18 11:50:40 - [MESSAGE][INFO] - Getting current window's title

2021-11-18 11:50:40 - [MESSAGE][PASSED] - Current window's title is: 'LOGO e-Fatura'

2021-11-18 11:50:40 - [TEST_STEP][PASSED] - verifyMatch(Sayfa_Basligi, "LOGO e-Fatura", false): Actual text 'LOGO e-Fatura' and expected text 'LOGO e-Fatura' are matched 

2021-11-18 11:50:40 - [MESSAGE][INFO] - Matching actual text 'LOGO e-Fatura' with expected text 'LOGO e-Fatura'

2021-11-18 11:50:40 - [MESSAGE][PASSED] - Actual text 'LOGO e-Fatura' and expected text 'LOGO e-Fatura' are matched 

2021-11-18 11:50:40 - [TEST_STEP][PASSED] - sendKeys(findTestObject("Sayfalar/Giris_Sayfasi/Firma_Kodu"), KullaniciAdi): Keys 'ELOGO6' sent to object: 'Object Repository/Sayfalar/Giris_Sayfasi/Firma_Kodu'

2021-11-18 11:50:40 - [MESSAGE][INFO] - Finding Test Object 'Object Repository/Sayfalar/Giris_Sayfasi/Firma_Kodu'

2021-11-18 11:50:40 - [MESSAGE][INFO] - Sending keys 'ELOGO6' to object: 'Object Repository/Sayfalar/Giris_Sayfasi/Firma_Kodu'

2021-11-18 11:50:40 - [MESSAGE][INFO] - Finding web element from Test Object's properties

2021-11-18 11:50:40 - [MESSAGE][INFO] - Checking timeout

2021-11-18 11:50:40 - [MESSAGE][INFO] - Finding web element with id: 'Object Repository/Sayfalar/Giris_Sayfasi/Firma_Kodu' located by 'By.xpath: //*[@id = 'AccountName']' in '30' second(s)

2021-11-18 11:50:40 - [MESSAGE][INFO] - Smart Wait Function is triggered

2021-11-18 11:50:41 - [MESSAGE][INFO] - Found 1 web elements with id: 'Object Repository/Sayfalar/Giris_Sayfasi/Firma_Kodu' located by 'By.xpath: //*[@id = 'AccountName']' in '30' second(s)

2021-11-18 11:50:41 - [MESSAGE][PASSED] - Keys 'ELOGO6' sent to object: 'Object Repository/Sayfalar/Giris_Sayfasi/Firma_Kodu'

2021-11-18 11:50:41 - [TEST_STEP][PASSED] - sendKeys(findTestObject("Sayfalar/Giris_Sayfasi/Sifre"), Sifre): Keys '123456' sent to object: 'Object Repository/Sayfalar/Giris_Sayfasi/Sifre'

2021-11-18 11:50:41 - [MESSAGE][INFO] - Finding Test Object 'Object Repository/Sayfalar/Giris_Sayfasi/Sifre'

2021-11-18 11:50:41 - [MESSAGE][INFO] - Sending keys '123456' to object: 'Object Repository/Sayfalar/Giris_Sayfasi/Sifre'

2021-11-18 11:50:41 - [MESSAGE][INFO] - Finding web element from Test Object's properties

2021-11-18 11:50:41 - [MESSAGE][INFO] - Checking timeout

2021-11-18 11:50:41 - [MESSAGE][INFO] - Finding web element with id: 'Object Repository/Sayfalar/Giris_Sayfasi/Sifre' located by 'By.xpath: //*[@id = 'Password']' in '30' second(s)

2021-11-18 11:50:41 - [MESSAGE][INFO] - Smart Wait Function is triggered

2021-11-18 11:50:41 - [MESSAGE][INFO] - Found 1 web elements with id: 'Object Repository/Sayfalar/Giris_Sayfasi/Sifre' located by 'By.xpath: //*[@id = 'Password']' in '30' second(s)

2021-11-18 11:50:41 - [MESSAGE][PASSED] - Keys '123456' sent to object: 'Object Repository/Sayfalar/Giris_Sayfasi/Sifre'

2021-11-18 11:50:41 - [TEST_STEP][PASSED] - findWebElement(findTestObject("Sayfalar/Giris_Sayfasi/Giris_Butonu")).click(): Found 1 web elements with id: 'Object Repository/Sayfalar/Giris_Sayfasi/Giris_Butonu' located by 'By.cssSelector: #btnLogin' in '30' second(s)

2021-11-18 11:50:41 - [MESSAGE][INFO] - Finding Test Object 'Object Repository/Sayfalar/Giris_Sayfasi/Giris_Butonu'

2021-11-18 11:50:41 - [MESSAGE][INFO] - Finding web element from Test Object's properties

2021-11-18 11:50:41 - [MESSAGE][INFO] - Checking timeout

2021-11-18 11:50:41 - [MESSAGE][INFO] - Finding web element with id: 'Object Repository/Sayfalar/Giris_Sayfasi/Giris_Butonu' located by 'By.cssSelector: #btnLogin' in '30' second(s)

2021-11-18 11:50:41 - [MESSAGE][INFO] - Smart Wait Function is triggered

2021-11-18 11:50:42 - [MESSAGE][INFO] - Found 1 web elements with id: 'Object Repository/Sayfalar/Giris_Sayfasi/Giris_Butonu' located by 'By.cssSelector: #btnLogin' in '30' second(s)

2021-11-18 11:50:45 - [TEST_STEP][PASSED] - if (verifyElementPresent(findTestObject("Object Repository/Sayfalar/Giris_Sayfasi/RetveTamam_Butonu"), 5, OPTIONAL)): null

2021-11-18 11:50:45 - [MESSAGE][INFO] - Finding Test Object 'Object Repository/Sayfalar/Giris_Sayfasi/RetveTamam_Butonu'

2021-11-18 11:50:45 - [MESSAGE][INFO] - Checking object

2021-11-18 11:50:45 - [MESSAGE][INFO] - Finding web element from Test Object's properties

2021-11-18 11:50:45 - [MESSAGE][INFO] - Checking timeout

2021-11-18 11:50:45 - [MESSAGE][INFO] - Finding web element with id: 'Object Repository/Sayfalar/Giris_Sayfasi/RetveTamam_Butonu' located by 'By.xpath: //*[@class = 'btn btn-default']' in '5' second(s)

2021-11-18 11:50:45 - [MESSAGE][INFO] - Smart Wait Function is triggered

2021-11-18 11:50:45 - [MESSAGE][INFO] - Found 1 web elements with id: 'Object Repository/Sayfalar/Giris_Sayfasi/RetveTamam_Butonu' located by 'By.xpath: //*[@class = 'btn btn-default']' in '5' second(s)

2021-11-18 11:50:45 - [MESSAGE][PASSED] - Object 'Object Repository/Sayfalar/Giris_Sayfasi/RetveTamam_Butonu' is present

2021-11-18 11:50:45 - [TEST_STEP][PASSED] - click(findTestObject("Object Repository/Sayfalar/Giris_Sayfasi/RetveTamam_Butonu")): Object: 'Object Repository/Sayfalar/Giris_Sayfasi/RetveTamam_Butonu' is clicked on

2021-11-18 11:50:45 - [MESSAGE][INFO] - Finding Test Object 'Object Repository/Sayfalar/Giris_Sayfasi/RetveTamam_Butonu'

2021-11-18 11:50:45 - [MESSAGE][INFO] - Checking object

2021-11-18 11:50:45 - [MESSAGE][INFO] - Finding web element from Test Object's properties

2021-11-18 11:50:45 - [MESSAGE][INFO] - Checking timeout

2021-11-18 11:50:45 - [MESSAGE][INFO] - Finding web element with id: 'Object Repository/Sayfalar/Giris_Sayfasi/RetveTamam_Butonu' located by 'By.xpath: //*[@class = 'btn btn-default']' in '30' second(s)

2021-11-18 11:50:45 - [MESSAGE][INFO] - Smart Wait Function is triggered

2021-11-18 11:50:45 - [MESSAGE][INFO] - Found 1 web elements with id: 'Object Repository/Sayfalar/Giris_Sayfasi/RetveTamam_Butonu' located by 'By.xpath: //*[@class = 'btn btn-default']' in '30' second(s)

2021-11-18 11:50:45 - [MESSAGE][INFO] - Clicking on object: 'Object Repository/Sayfalar/Giris_Sayfasi/RetveTamam_Butonu'

2021-11-18 11:50:45 - [MESSAGE][PASSED] - Object: 'Object Repository/Sayfalar/Giris_Sayfasi/RetveTamam_Butonu' is clicked on

2021-11-18 11:50:45 - [TEST_STEP][PASSED] - click(findTestObject("Object Repository/Sayfalar/Giris_Sayfasi/RetveTamam_Butonu")): Object: 'Object Repository/Sayfalar/Giris_Sayfasi/RetveTamam_Butonu' is clicked on

2021-11-18 11:50:45 - [MESSAGE][INFO] - Finding Test Object 'Object Repository/Sayfalar/Giris_Sayfasi/RetveTamam_Butonu'

2021-11-18 11:50:46 - [MESSAGE][INFO] - Checking object

2021-11-18 11:50:46 - [MESSAGE][INFO] - Finding web element from Test Object's properties

2021-11-18 11:50:46 - [MESSAGE][INFO] - Checking timeout

2021-11-18 11:50:46 - [MESSAGE][INFO] - Finding web element with id: 'Object Repository/Sayfalar/Giris_Sayfasi/RetveTamam_Butonu' located by 'By.xpath: //*[@class = 'btn btn-default']' in '30' second(s)

2021-11-18 11:50:46 - [MESSAGE][INFO] - Smart Wait Function is triggered

2021-11-18 11:50:49 - [MESSAGE][INFO] - Found 1 web elements with id: 'Object Repository/Sayfalar/Giris_Sayfasi/RetveTamam_Butonu' located by 'By.xpath: //*[@class = 'btn btn-default']' in '30' second(s)

2021-11-18 11:50:49 - [MESSAGE][INFO] - Clicking on object: 'Object Repository/Sayfalar/Giris_Sayfasi/RetveTamam_Butonu'

2021-11-18 11:50:49 - [MESSAGE][PASSED] - Object: 'Object Repository/Sayfalar/Giris_Sayfasi/RetveTamam_Butonu' is clicked on

2021-11-18 11:50:49 - [TEST_STEP][PASSED] - if (verifyElementPresent(findTestObject("Sayfalar/Giris_Sayfasi/PopupOK"), 5, OPTIONAL)): null

2021-11-18 11:50:49 - [MESSAGE][INFO] - Finding Test Object 'Object Repository/Sayfalar/Giris_Sayfasi/PopupOK'

2021-11-18 11:50:49 - [MESSAGE][INFO] - Checking object

2021-11-18 11:50:49 - [MESSAGE][INFO] - Finding web element from Test Object's properties

2021-11-18 11:50:49 - [MESSAGE][INFO] - Checking timeout

2021-11-18 11:50:49 - [MESSAGE][INFO] - Finding web element with id: 'Object Repository/Sayfalar/Giris_Sayfasi/PopupOK' located by 'By.cssSelector: .btn.btn-success' in '5' second(s)

2021-11-18 11:50:49 - [MESSAGE][INFO] - Smart Wait Function is triggered

2021-11-18 11:50:49 - [MESSAGE][INFO] - Found 1 web elements with id: 'Object Repository/Sayfalar/Giris_Sayfasi/PopupOK' located by 'By.cssSelector: .btn.btn-success' in '5' second(s)

2021-11-18 11:50:49 - [MESSAGE][PASSED] - Object 'Object Repository/Sayfalar/Giris_Sayfasi/PopupOK' is present

2021-11-18 11:50:49 - [TEST_STEP][PASSED] - click(findTestObject("Object Repository/Sayfalar/Giris_Sayfasi/PopupCarpiGiris")): Object: 'Object Repository/Sayfalar/Giris_Sayfasi/PopupCarpiGiris' is clicked on

2021-11-18 11:50:49 - [MESSAGE][INFO] - Finding Test Object 'Object Repository/Sayfalar/Giris_Sayfasi/PopupCarpiGiris'

2021-11-18 11:50:50 - [MESSAGE][INFO] - Checking object

2021-11-18 11:50:50 - [MESSAGE][INFO] - Finding web element from Test Object's properties

2021-11-18 11:50:50 - [MESSAGE][INFO] - Checking timeout

2021-11-18 11:50:50 - [MESSAGE][INFO] - Finding web element with id: 'Object Repository/Sayfalar/Giris_Sayfasi/PopupCarpiGiris' located by 'By.cssSelector: .bootbox-close-button.close' in '30' second(s)

2021-11-18 11:50:50 - [MESSAGE][INFO] - Smart Wait Function is triggered

2021-11-18 11:50:50 - [MESSAGE][INFO] - Found 1 web elements with id: 'Object Repository/Sayfalar/Giris_Sayfasi/PopupCarpiGiris' located by 'By.cssSelector: .bootbox-close-button.close' in '30' second(s)

2021-11-18 11:50:50 - [MESSAGE][INFO] - Clicking on object: 'Object Repository/Sayfalar/Giris_Sayfasi/PopupCarpiGiris'

2021-11-18 11:50:50 - [MESSAGE][PASSED] - Object: 'Object Repository/Sayfalar/Giris_Sayfasi/PopupCarpiGiris' is clicked on

2021-11-18 11:50:50 - [TEST_STEP][PASSED] - verifyElementVisible(findTestObject("Object Repository/Kullanici_Islemleri/KullaniciIslemleri")): Object 'Object Repository/Kullanici_Islemleri/KullaniciIslemleri' is visible

2021-11-18 11:50:50 - [MESSAGE][INFO] - Finding Test Object 'Object Repository/Kullanici_Islemleri/KullaniciIslemleri'

2021-11-18 11:50:50 - [MESSAGE][INFO] - Checking object

2021-11-18 11:50:50 - [MESSAGE][INFO] - Finding web element from Test Object's properties

2021-11-18 11:50:50 - [MESSAGE][INFO] - Checking timeout

2021-11-18 11:50:50 - [MESSAGE][INFO] - Finding web element with id: 'Object Repository/Kullanici_Islemleri/KullaniciIslemleri' located by 'By.cssSelector: .dropdown>a>img' in '30' second(s)

2021-11-18 11:50:50 - [MESSAGE][INFO] - Smart Wait Function is triggered

2021-11-18 11:50:51 - [MESSAGE][INFO] - Found 1 web elements with id: 'Object Repository/Kullanici_Islemleri/KullaniciIslemleri' located by 'By.cssSelector: .dropdown>a>img' in '30' second(s)

2021-11-18 11:50:51 - [MESSAGE][PASSED] - Object 'Object Repository/Kullanici_Islemleri/KullaniciIslemleri' is visible

2021-11-18 11:50:51 - [MESSAGE][PASSED] - Call Test Case 'Test Cases/Sayfalar/Giris_Sayfasi/Login' successfully

2021-11-18 11:50:51 - [MESSAGE][INFO] - Checking called Test Case

2021-11-18 11:50:51 - [MESSAGE][INFO] - Starting to call Test Case 'Test Cases/Menu/AnaMenuSecimi'

2021-11-18 11:50:51 - [TEST_CASE][PASSED] - Test Cases/Menu/AnaMenuSecimi: Test Cases/Menu/AnaMenuSecimi

2021-11-18 11:50:51 - [TEST_STEP][PASSED] - Method.TextDegerineEsitElementeTikla(findTestObject("Menu/Ana_Menu"), Ana_Menu): Method.TextDegerineEsitElementeTikla is PASSED

2021-11-18 11:50:51 - [MESSAGE][INFO] - Finding Test Object 'Object Repository/Menu/Ana_Menu'

2021-11-18 11:50:51 - [MESSAGE][INFO] - Checking timeout

2021-11-18 11:50:51 - [MESSAGE][INFO] - Finding web element with id: 'Object Repository/Menu/Ana_Menu' located by 'By.xpath: //*[@class = 'dropdown-toggle']' in '10' second(s)

2021-11-18 11:50:51 - [MESSAGE][INFO] - Smart Wait Function is triggered

2021-11-18 11:50:51 - [MESSAGE][INFO] - Found 14 web elements with id: 'Object Repository/Menu/Ana_Menu' located by 'By.xpath: //*[@class = 'dropdown-toggle']' in '10' second(s)

2021-11-18 11:50:52 - [MESSAGE][PASSED] - Method.TextDegerineEsitElementeTikla is PASSED

2021-11-18 11:50:52 - [MESSAGE][PASSED] - Call Test Case 'Test Cases/Menu/AnaMenuSecimi' successfully

2021-11-18 11:50:52 - [MESSAGE][INFO] - Checking called Test Case

2021-11-18 11:50:52 - [MESSAGE][INFO] - Starting to call Test Case 'Test Cases/Menu/AltMenuSecimi'

2021-11-18 11:50:52 - [TEST_CASE][PASSED] - Test Cases/Menu/AltMenuSecimi: Test Cases/Menu/AltMenuSecimi

2021-11-18 11:50:52 - [TEST_STEP][PASSED] - Method.TextDegerineEsitElementeTikla(findTestObject("Menu/Alt_Menu"), Alt_Menu): Method.TextDegerineEsitElementeTikla is PASSED

2021-11-18 11:50:52 - [MESSAGE][INFO] - Finding Test Object 'Object Repository/Menu/Alt_Menu'

2021-11-18 11:50:52 - [MESSAGE][INFO] - Checking timeout

2021-11-18 11:50:52 - [MESSAGE][INFO] - Finding web element with id: 'Object Repository/Menu/Alt_Menu' located by 'By.xpath: //li[@class='dropdown dropdown-large open']//li[@class='dropdown-element']' in '10' second(s)

2021-11-18 11:50:52 - [MESSAGE][INFO] - Smart Wait Function is triggered

2021-11-18 11:50:52 - [MESSAGE][INFO] - Found 1 web elements with id: 'Object Repository/Menu/Alt_Menu' located by 'By.xpath: //li[@class='dropdown dropdown-large open']//li[@class='dropdown-element']' in '10' second(s)

2021-11-18 11:50:54 - [MESSAGE][PASSED] - Method.TextDegerineEsitElementeTikla is PASSED

2021-11-18 11:50:54 - [MESSAGE][PASSED] - Call Test Case 'Test Cases/Menu/AltMenuSecimi' successfully

2021-11-18 11:50:54 - [MESSAGE][INFO] - Checking called Test Case

2021-11-18 11:50:54 - [MESSAGE][INFO] - Starting to call Test Case 'Test Cases/Sayfalar/Yetki_Yonetimi/SekmeSecilir'

2021-11-18 11:50:55 - [TEST_CASE][PASSED] - Test Cases/Sayfalar/Yetki_Yonetimi/SekmeSecilir: Test Cases/Sayfalar/Yetki_Yonetimi/SekmeSecilir

2021-11-18 11:50:55 - [TEST_STEP][PASSED] - Method.TextDegerineEsitElementeTikla(findTestObject("Object Repository/Sayfalar/Yetki_Yonetimi/Sekmeler"), Sekme): Method.TextDegerineEsitElementeTikla is PASSED

2021-11-18 11:50:55 - [MESSAGE][INFO] - Finding Test Object 'Object Repository/Sayfalar/Yetki_Yonetimi/Sekmeler'

2021-11-18 11:50:55 - [MESSAGE][INFO] - Checking timeout

2021-11-18 11:50:55 - [MESSAGE][INFO] - Finding web element with id: 'Object Repository/Sayfalar/Yetki_Yonetimi/Sekmeler' located by 'By.cssSelector: #pcFeatures_TC>li[class="dxtc-tab"] span,#pcFeatures_TC>li[class="dxtc-activeTab dxtc-lead"] span' in '10' second(s)

2021-11-18 11:50:55 - [MESSAGE][INFO] - Smart Wait Function is triggered

2021-11-18 11:50:55 - [MESSAGE][INFO] - Found 3 web elements with id: 'Object Repository/Sayfalar/Yetki_Yonetimi/Sekmeler' located by 'By.cssSelector: #pcFeatures_TC>li[class="dxtc-tab"] span,#pcFeatures_TC>li[class="dxtc-activeTab dxtc-lead"] span' in '10' second(s)

2021-11-18 11:50:55 - [MESSAGE][PASSED] - Method.TextDegerineEsitElementeTikla is PASSED

2021-11-18 11:50:55 - [MESSAGE][PASSED] - Call Test Case 'Test Cases/Sayfalar/Yetki_Yonetimi/SekmeSecilir' successfully

2021-11-18 11:50:55 - [MESSAGE][INFO] - Checking called Test Case

2021-11-18 11:50:55 - [MESSAGE][INFO] - Starting to call Test Case 'Test Cases/Filtreler/ButonaTikla'

2021-11-18 11:50:55 - [TEST_CASE][PASSED] - Test Cases/Filtreler/ButonaTikla: Test Cases/Filtreler/ButonaTikla

2021-11-18 11:50:56 - [TEST_STEP][PASSED] - Method.TextDegerineEsitElementeTikla(findTestObject("Filtreler/Butonlar"), Filtre_Buton): Method.TextDegerineEsitElementeTikla is PASSED

2021-11-18 11:50:56 - [MESSAGE][INFO] - Finding Test Object 'Object Repository/Filtreler/Butonlar'

2021-11-18 11:50:56 - [MESSAGE][INFO] - Checking timeout

2021-11-18 11:50:56 - [MESSAGE][INFO] - Finding web element with id: 'Object Repository/Filtreler/Butonlar' located by 'By.cssSelector: .dxb>span' in '10' second(s)

2021-11-18 11:50:56 - [MESSAGE][INFO] - Smart Wait Function is triggered

2021-11-18 11:50:56 - [MESSAGE][INFO] - Found 6 web elements with id: 'Object Repository/Filtreler/Butonlar' located by 'By.cssSelector: .dxb>span' in '10' second(s)

2021-11-18 11:50:57 - [MESSAGE][PASSED] - Method.TextDegerineEsitElementeTikla is PASSED

2021-11-18 11:50:57 - [MESSAGE][PASSED] - Call Test Case 'Test Cases/Filtreler/ButonaTikla' successfully

2021-11-18 11:50:57 - [MESSAGE][INFO] - Checking called Test Case

2021-11-18 11:50:57 - [MESSAGE][INFO] - Starting to call Test Case 'Test Cases/Tablo/TablodaVeriVarMi'

2021-11-18 11:50:57 - [TEST_CASE][PASSED] - Test Cases/Tablo/TablodaVeriVarMi: Test Cases/Tablo/TablodaVeriVarMi

2021-11-18 11:50:57 - [TEST_STEP][PASSED] - verifyTextNotPresent("Görüntülenecek veri yok", true): Text 'Görüntülenecek veri yok' is not present on page using regular expression

2021-11-18 11:50:57 - [MESSAGE][INFO] - Checking text present  using regular expression

2021-11-18 11:50:57 - [MESSAGE][INFO] - Smart Wait Function is triggered

2021-11-18 11:50:58 - [MESSAGE][INFO] - Finding text 'Görüntülenecek veri yok' on page  using regular expression

2021-11-18 11:50:58 - [MESSAGE][PASSED] - Text 'Görüntülenecek veri yok' is not present on page using regular expression

2021-11-18 11:50:58 - [MESSAGE][PASSED] - Call Test Case 'Test Cases/Tablo/TablodaVeriVarMi' successfully

2021-11-18 11:50:58 - [MESSAGE][INFO] - Checking called Test Case

2021-11-18 11:50:58 - [MESSAGE][INFO] - Starting to call Test Case 'Test Cases/Tablo/TablodanVeriSec'

2021-11-18 11:50:58 - [TEST_CASE][PASSED] - Test Cases/Tablo/TablodanVeriSec: Test Cases/Tablo/TablodanVeriSec

2021-11-18 11:50:58 - [TEST_STEP][PASSED] - Method.TextDegerineEsitElementinAltindakineTikla(findTestObject("Tablo/Veriler"), findTestObject("Tablo/VerininCheckBoxi"), Veri_Adi): Method.TextDegerineEsitElementinAltindakineTikla is PASSED

2021-11-18 11:50:58 - [MESSAGE][INFO] - Finding Test Object 'Object Repository/Tablo/Veriler'

2021-11-18 11:50:58 - [MESSAGE][INFO] - Finding Test Object 'Object Repository/Tablo/VerininCheckBoxi'

2021-11-18 11:50:58 - [MESSAGE][INFO] - Checking timeout

2021-11-18 11:50:58 - [MESSAGE][INFO] - Finding web element with id: 'Object Repository/Tablo/Veriler' located by 'By.cssSelector: td.dxgv b ,td.dxgv' in '10' second(s)

2021-11-18 11:50:58 - [MESSAGE][INFO] - Smart Wait Function is triggered

2021-11-18 11:50:59 - [MESSAGE][INFO] - Found 22 web elements with id: 'Object Repository/Tablo/Veriler' located by 'By.cssSelector: td.dxgv b ,td.dxgv' in '10' second(s)

2021-11-18 11:50:59 - [MESSAGE][INFO] - Smart Wait Function is triggered

2021-11-18 11:50:59 - [MESSAGE][PASSED] - Method.TextDegerineEsitElementinAltindakineTikla is PASSED

2021-11-18 11:50:59 - [MESSAGE][PASSED] - Call Test Case 'Test Cases/Tablo/TablodanVeriSec' successfully

2021-11-18 11:50:59 - [MESSAGE][INFO] - Checking called Test Case

2021-11-18 11:50:59 - [MESSAGE][INFO] - Starting to call Test Case 'Test Cases/Butonlar/ButonaTikla'

2021-11-18 11:50:59 - [TEST_CASE][PASSED] - Test Cases/Butonlar/ButonaTikla: Test Cases/Butonlar/ButonaTikla

2021-11-18 11:50:59 - [TEST_STEP][PASSED] - Method.TextDegerineEsitElementeTiklaEquals(findTestObject("Butonlar/Butonlar"), Buton_Adi): Method.TextDegerineEsitElementeTiklaEquals is PASSED

2021-11-18 11:50:59 - [MESSAGE][INFO] - Finding Test Object 'Object Repository/Butonlar/Butonlar'

2021-11-18 11:50:59 - [MESSAGE][INFO] - Checking timeout

2021-11-18 11:50:59 - [MESSAGE][INFO] - Finding web element with id: 'Object Repository/Butonlar/Butonlar' located by 'By.cssSelector: .panel.panel-default.text-center.footerPanel .btn,.btn.btn-primary.btnControls' in '10' second(s)

2021-11-18 11:50:59 - [MESSAGE][INFO] - Smart Wait Function is triggered

2021-11-18 11:51:00 - [MESSAGE][INFO] - Found 12 web elements with id: 'Object Repository/Butonlar/Butonlar' located by 'By.cssSelector: .panel.panel-default.text-center.footerPanel .btn,.btn.btn-primary.btnControls' in '10' second(s)

2021-11-18 11:51:01 - [MESSAGE][PASSED] - Method.TextDegerineEsitElementeTiklaEquals is PASSED

2021-11-18 11:51:01 - [MESSAGE][PASSED] - Call Test Case 'Test Cases/Butonlar/ButonaTikla' successfully

2021-11-18 11:51:01 - [MESSAGE][INFO] - Checking called Test Case

2021-11-18 11:51:01 - [MESSAGE][INFO] - Starting to call Test Case 'Test Cases/Sayfalar/Yetki_Yonetimi/KuralTanimlanir'

2021-11-18 11:51:01 - [TEST_CASE][PASSED] - Test Cases/Sayfalar/Yetki_Yonetimi/KuralTanimlanir: Test Cases/Sayfalar/Yetki_Yonetimi/KuralTanimlanir

2021-11-18 11:51:02 - [TEST_STEP][PASSED] - switchToFrame(findTestObject("Object Repository/Sayfalar/Yetki_Yonetimi/Kural_Tanimlama/frame"), 10): Switched to iframe: 'Object Repository/Sayfalar/Yetki_Yonetimi/Kural_Tanimlama/frame'

2021-11-18 11:51:02 - [MESSAGE][INFO] - Finding Test Object 'Object Repository/Sayfalar/Yetki_Yonetimi/Kural_Tanimlama/frame'

2021-11-18 11:51:02 - [MESSAGE][INFO] - Switching to iframe: 'Object Repository/Sayfalar/Yetki_Yonetimi/Kural_Tanimlama/frame'

2021-11-18 11:51:02 - [MESSAGE][INFO] - Finding web element from Test Object's properties

2021-11-18 11:51:02 - [MESSAGE][INFO] - Checking timeout

2021-11-18 11:51:02 - [MESSAGE][INFO] - Finding web element with id: 'Object Repository/Sayfalar/Yetki_Yonetimi/Kural_Tanimlama/frame' located by 'By.xpath: //*[@id = 'departmentruleframe']' in '10' second(s)

2021-11-18 11:51:02 - [MESSAGE][INFO] - Smart Wait Function is triggered

2021-11-18 11:51:02 - [MESSAGE][INFO] - Found 1 web elements with id: 'Object Repository/Sayfalar/Yetki_Yonetimi/Kural_Tanimlama/frame' located by 'By.xpath: //*[@id = 'departmentruleframe']' in '10' second(s)

2021-11-18 11:51:02 - [MESSAGE][INFO] - Switched to iframe: 'Object Repository/Sayfalar/Yetki_Yonetimi/Kural_Tanimlama/frame'

2021-11-18 11:51:02 - [TEST_STEP][PASSED] - waitForElementClickable(findTestObject("Object Repository/Sayfalar/Yetki_Yonetimi/Kural_Tanimlama/Ekle"), 10): Object 'Object Repository/Sayfalar/Yetki_Yonetimi/Kural_Tanimlama/Ekle' is clickable

2021-11-18 11:51:02 - [MESSAGE][INFO] - Finding Test Object 'Object Repository/Sayfalar/Yetki_Yonetimi/Kural_Tanimlama/Ekle'

2021-11-18 11:51:03 - [MESSAGE][INFO] - Checking object

2021-11-18 11:51:03 - [MESSAGE][INFO] - Checking timeout

2021-11-18 11:51:03 - [MESSAGE][INFO] - Finding web element from Test Object's properties

2021-11-18 11:51:03 - [MESSAGE][INFO] - Checking timeout

2021-11-18 11:51:03 - [MESSAGE][INFO] - Finding web element with id: 'Object Repository/Sayfalar/Yetki_Yonetimi/Kural_Tanimlama/Ekle' located by 'By.cssSelector: .fa.fa-plus.fa-lg.text-muted' in '10' second(s)

2021-11-18 11:51:03 - [MESSAGE][INFO] - Smart Wait Function is triggered

2021-11-18 11:51:03 - [MESSAGE][INFO] - Found 1 web elements with id: 'Object Repository/Sayfalar/Yetki_Yonetimi/Kural_Tanimlama/Ekle' located by 'By.cssSelector: .fa.fa-plus.fa-lg.text-muted' in '10' second(s)

2021-11-18 11:51:03 - [MESSAGE][PASSED] - Object 'Object Repository/Sayfalar/Yetki_Yonetimi/Kural_Tanimlama/Ekle' is clickable

2021-11-18 11:51:03 - [TEST_STEP][PASSED] - click(findTestObject("Object Repository/Sayfalar/Yetki_Yonetimi/Kural_Tanimlama/Ekle")): Object: 'Object Repository/Sayfalar/Yetki_Yonetimi/Kural_Tanimlama/Ekle' is clicked on

2021-11-18 11:51:03 - [MESSAGE][INFO] - Finding Test Object 'Object Repository/Sayfalar/Yetki_Yonetimi/Kural_Tanimlama/Ekle'

2021-11-18 11:51:03 - [MESSAGE][INFO] - Checking object

2021-11-18 11:51:03 - [MESSAGE][INFO] - Finding web element from Test Object's properties

2021-11-18 11:51:03 - [MESSAGE][INFO] - Checking timeout

2021-11-18 11:51:03 - [MESSAGE][INFO] - Finding web element with id: 'Object Repository/Sayfalar/Yetki_Yonetimi/Kural_Tanimlama/Ekle' located by 'By.cssSelector: .fa.fa-plus.fa-lg.text-muted' in '30' second(s)

2021-11-18 11:51:03 - [MESSAGE][INFO] - Smart Wait Function is triggered

2021-11-18 11:51:03 - [MESSAGE][INFO] - Found 1 web elements with id: 'Object Repository/Sayfalar/Yetki_Yonetimi/Kural_Tanimlama/Ekle' located by 'By.cssSelector: .fa.fa-plus.fa-lg.text-muted' in '30' second(s)

2021-11-18 11:51:03 - [MESSAGE][INFO] - Clicking on object: 'Object Repository/Sayfalar/Yetki_Yonetimi/Kural_Tanimlama/Ekle'

2021-11-18 11:51:03 - [MESSAGE][PASSED] - Object: 'Object Repository/Sayfalar/Yetki_Yonetimi/Kural_Tanimlama/Ekle' is clicked on

2021-11-18 11:51:03 - [TEST_STEP][PASSED] - waitForElementPresent(findTestObject("Object Repository/Sayfalar/Yetki_Yonetimi/Kural_Tanimlama/Belge_Turu"), 10): Object 'Object Repository/Sayfalar/Yetki_Yonetimi/Kural_Tanimlama/Belge_Turu' is present

2021-11-18 11:51:03 - [MESSAGE][INFO] - Finding Test Object 'Object Repository/Sayfalar/Yetki_Yonetimi/Kural_Tanimlama/Belge_Turu'

2021-11-18 11:51:03 - [MESSAGE][INFO] - Checking object

2021-11-18 11:51:03 - [MESSAGE][INFO] - Finding web element from Test Object's properties

2021-11-18 11:51:03 - [MESSAGE][INFO] - Checking timeout

2021-11-18 11:51:03 - [MESSAGE][INFO] - Finding web element with id: 'Object Repository/Sayfalar/Yetki_Yonetimi/Kural_Tanimlama/Belge_Turu' located by 'By.xpath: //*[@id = 'GridViewDepartmentRuleDefinition_DXEditor1_I']' in '10' second(s)

2021-11-18 11:51:03 - [MESSAGE][INFO] - Smart Wait Function is triggered

2021-11-18 11:51:03 - [MESSAGE][INFO] - Smart Wait Function is triggered

2021-11-18 11:51:03 - [MESSAGE][INFO] - Smart Wait Function is triggered

2021-11-18 11:51:03 - [MESSAGE][INFO] - Smart Wait Function is triggered

2021-11-18 11:51:03 - [MESSAGE][INFO] - Smart Wait Function is triggered

2021-11-18 11:51:03 - [MESSAGE][INFO] - Found 1 web elements with id: 'Object Repository/Sayfalar/Yetki_Yonetimi/Kural_Tanimlama/Belge_Turu' located by 'By.xpath: //*[@id = 'GridViewDepartmentRuleDefinition_DXEditor1_I']' in '10' second(s)

2021-11-18 11:51:03 - [MESSAGE][PASSED] - Object 'Object Repository/Sayfalar/Yetki_Yonetimi/Kural_Tanimlama/Belge_Turu' is present

2021-11-18 11:51:03 - [TEST_STEP][PASSED] - clearText(findTestObject("Object Repository/Sayfalar/Yetki_Yonetimi/Kural_Tanimlama/Belge_Turu")): Text of object 'Object Repository/Sayfalar/Yetki_Yonetimi/Kural_Tanimlama/Belge_Turu' is cleared

2021-11-18 11:51:03 - [MESSAGE][INFO] - Finding Test Object 'Object Repository/Sayfalar/Yetki_Yonetimi/Kural_Tanimlama/Belge_Turu'

2021-11-18 11:51:03 - [MESSAGE][INFO] - Checking object

2021-11-18 11:51:03 - [MESSAGE][INFO] - Finding web element from Test Object's properties

2021-11-18 11:51:03 - [MESSAGE][INFO] - Checking timeout

2021-11-18 11:51:03 - [MESSAGE][INFO] - Finding web element with id: 'Object Repository/Sayfalar/Yetki_Yonetimi/Kural_Tanimlama/Belge_Turu' located by 'By.xpath: //*[@id = 'GridViewDepartmentRuleDefinition_DXEditor1_I']' in '30' second(s)

2021-11-18 11:51:03 - [MESSAGE][INFO] - Smart Wait Function is triggered

2021-11-18 11:51:03 - [MESSAGE][INFO] - Found 1 web elements with id: 'Object Repository/Sayfalar/Yetki_Yonetimi/Kural_Tanimlama/Belge_Turu' located by 'By.xpath: //*[@id = 'GridViewDepartmentRuleDefinition_DXEditor1_I']' in '30' second(s)

2021-11-18 11:51:03 - [MESSAGE][INFO] - Clearing text of object 'Object Repository/Sayfalar/Yetki_Yonetimi/Kural_Tanimlama/Belge_Turu'

2021-11-18 11:51:03 - [MESSAGE][PASSED] - Text of object 'Object Repository/Sayfalar/Yetki_Yonetimi/Kural_Tanimlama/Belge_Turu' is cleared

2021-11-18 11:51:03 - [TEST_STEP][PASSED] - sendKeys(findTestObject("Object Repository/Sayfalar/Yetki_Yonetimi/Kural_Tanimlama/Belge_Turu"), Belge_Turu): Keys 'e-Fatura' sent to object: 'Object Repository/Sayfalar/Yetki_Yonetimi/Kural_Tanimlama/Belge_Turu'

2021-11-18 11:51:03 - [MESSAGE][INFO] - Finding Test Object 'Object Repository/Sayfalar/Yetki_Yonetimi/Kural_Tanimlama/Belge_Turu'

2021-11-18 11:51:03 - [MESSAGE][INFO] - Sending keys 'e-Fatura' to object: 'Object Repository/Sayfalar/Yetki_Yonetimi/Kural_Tanimlama/Belge_Turu'

2021-11-18 11:51:03 - [MESSAGE][INFO] - Finding web element from Test Object's properties

2021-11-18 11:51:03 - [MESSAGE][INFO] - Checking timeout

2021-11-18 11:51:03 - [MESSAGE][INFO] - Finding web element with id: 'Object Repository/Sayfalar/Yetki_Yonetimi/Kural_Tanimlama/Belge_Turu' located by 'By.xpath: //*[@id = 'GridViewDepartmentRuleDefinition_DXEditor1_I']' in '30' second(s)

2021-11-18 11:51:03 - [MESSAGE][INFO] - Smart Wait Function is triggered

2021-11-18 11:51:03 - [MESSAGE][INFO] - Found 1 web elements with id: 'Object Repository/Sayfalar/Yetki_Yonetimi/Kural_Tanimlama/Belge_Turu' located by 'By.xpath: //*[@id = 'GridViewDepartmentRuleDefinition_DXEditor1_I']' in '30' second(s)

2021-11-18 11:51:03 - [MESSAGE][PASSED] - Keys 'e-Fatura' sent to object: 'Object Repository/Sayfalar/Yetki_Yonetimi/Kural_Tanimlama/Belge_Turu'

2021-11-18 11:51:03 - [TEST_STEP][PASSED] - waitForElementPresent(findTestObject("Object Repository/Sayfalar/Yetki_Yonetimi/Kural_Tanimlama/Yon"), 10): Object 'Object Repository/Sayfalar/Yetki_Yonetimi/Kural_Tanimlama/Yon' is present

2021-11-18 11:51:03 - [MESSAGE][INFO] - Finding Test Object 'Object Repository/Sayfalar/Yetki_Yonetimi/Kural_Tanimlama/Yon'

2021-11-18 11:51:03 - [MESSAGE][INFO] - Checking object

2021-11-18 11:51:03 - [MESSAGE][INFO] - Finding web element from Test Object's properties

2021-11-18 11:51:03 - [MESSAGE][INFO] - Checking timeout

2021-11-18 11:51:03 - [MESSAGE][INFO] - Finding web element with id: 'Object Repository/Sayfalar/Yetki_Yonetimi/Kural_Tanimlama/Yon' located by 'By.xpath: //*[@id = 'GridViewDepartmentRuleDefinition_DXEditor2_I']' in '10' second(s)

2021-11-18 11:51:03 - [MESSAGE][INFO] - Smart Wait Function is triggered

2021-11-18 11:51:04 - [MESSAGE][INFO] - Found 1 web elements with id: 'Object Repository/Sayfalar/Yetki_Yonetimi/Kural_Tanimlama/Yon' located by 'By.xpath: //*[@id = 'GridViewDepartmentRuleDefinition_DXEditor2_I']' in '10' second(s)

2021-11-18 11:51:04 - [MESSAGE][PASSED] - Object 'Object Repository/Sayfalar/Yetki_Yonetimi/Kural_Tanimlama/Yon' is present

2021-11-18 11:51:04 - [TEST_STEP][PASSED] - clearText(findTestObject("Object Repository/Sayfalar/Yetki_Yonetimi/Kural_Tanimlama/Yon")): Text of object 'Object Repository/Sayfalar/Yetki_Yonetimi/Kural_Tanimlama/Yon' is cleared

2021-11-18 11:51:04 - [MESSAGE][INFO] - Finding Test Object 'Object Repository/Sayfalar/Yetki_Yonetimi/Kural_Tanimlama/Yon'

2021-11-18 11:51:04 - [MESSAGE][INFO] - Checking object

2021-11-18 11:51:04 - [MESSAGE][INFO] - Finding web element from Test Object's properties

2021-11-18 11:51:04 - [MESSAGE][INFO] - Checking timeout

2021-11-18 11:51:04 - [MESSAGE][INFO] - Finding web element with id: 'Object Repository/Sayfalar/Yetki_Yonetimi/Kural_Tanimlama/Yon' located by 'By.xpath: //*[@id = 'GridViewDepartmentRuleDefinition_DXEditor2_I']' in '30' second(s)

2021-11-18 11:51:04 - [MESSAGE][INFO] - Smart Wait Function is triggered

2021-11-18 11:51:04 - [MESSAGE][INFO] - Found 1 web elements with id: 'Object Repository/Sayfalar/Yetki_Yonetimi/Kural_Tanimlama/Yon' located by 'By.xpath: //*[@id = 'GridViewDepartmentRuleDefinition_DXEditor2_I']' in '30' second(s)

2021-11-18 11:51:04 - [MESSAGE][INFO] - Clearing text of object 'Object Repository/Sayfalar/Yetki_Yonetimi/Kural_Tanimlama/Yon'

2021-11-18 11:51:04 - [MESSAGE][PASSED] - Text of object 'Object Repository/Sayfalar/Yetki_Yonetimi/Kural_Tanimlama/Yon' is cleared

2021-11-18 11:51:04 - [TEST_STEP][PASSED] - sendKeys(findTestObject("Object Repository/Sayfalar/Yetki_Yonetimi/Kural_Tanimlama/Yon"), Yon): Keys 'Giden' sent to object: 'Object Repository/Sayfalar/Yetki_Yonetimi/Kural_Tanimlama/Yon'

2021-11-18 11:51:04 - [MESSAGE][INFO] - Finding Test Object 'Object Repository/Sayfalar/Yetki_Yonetimi/Kural_Tanimlama/Yon'

2021-11-18 11:51:04 - [MESSAGE][INFO] - Sending keys 'Giden' to object: 'Object Repository/Sayfalar/Yetki_Yonetimi/Kural_Tanimlama/Yon'

2021-11-18 11:51:04 - [MESSAGE][INFO] - Finding web element from Test Object's properties

2021-11-18 11:51:04 - [MESSAGE][INFO] - Checking timeout

2021-11-18 11:51:04 - [MESSAGE][INFO] - Finding web element with id: 'Object Repository/Sayfalar/Yetki_Yonetimi/Kural_Tanimlama/Yon' located by 'By.xpath: //*[@id = 'GridViewDepartmentRuleDefinition_DXEditor2_I']' in '30' second(s)

2021-11-18 11:51:04 - [MESSAGE][INFO] - Smart Wait Function is triggered

2021-11-18 11:51:04 - [MESSAGE][INFO] - Found 1 web elements with id: 'Object Repository/Sayfalar/Yetki_Yonetimi/Kural_Tanimlama/Yon' located by 'By.xpath: //*[@id = 'GridViewDepartmentRuleDefinition_DXEditor2_I']' in '30' second(s)

2021-11-18 11:51:04 - [MESSAGE][PASSED] - Keys 'Giden' sent to object: 'Object Repository/Sayfalar/Yetki_Yonetimi/Kural_Tanimlama/Yon'

2021-11-18 11:51:04 - [TEST_STEP][PASSED] - waitForElementPresent(findTestObject("Object Repository/Sayfalar/Yetki_Yonetimi/Kural_Tanimlama/Birinci_Parametre_Secenekleri"), 10): Object 'Object Repository/Sayfalar/Yetki_Yonetimi/Kural_Tanimlama/Birinci_Parametre_Secenekleri' is present

2021-11-18 11:51:04 - [MESSAGE][INFO] - Finding Test Object 'Object Repository/Sayfalar/Yetki_Yonetimi/Kural_Tanimlama/Birinci_Parametre_Secenekleri'

2021-11-18 11:51:04 - [MESSAGE][INFO] - Checking object

2021-11-18 11:51:04 - [MESSAGE][INFO] - Finding web element from Test Object's properties

2021-11-18 11:51:04 - [MESSAGE][INFO] - Checking timeout

2021-11-18 11:51:04 - [MESSAGE][INFO] - Finding web element with id: 'Object Repository/Sayfalar/Yetki_Yonetimi/Kural_Tanimlama/Birinci_Parametre_Secenekleri' located by 'By.xpath: //*[@id = 'GridViewDepartmentRuleDefinition_DXEditor3_I']' in '10' second(s)

2021-11-18 11:51:04 - [MESSAGE][INFO] - Smart Wait Function is triggered

2021-11-18 11:51:04 - [MESSAGE][INFO] - Found 1 web elements with id: 'Object Repository/Sayfalar/Yetki_Yonetimi/Kural_Tanimlama/Birinci_Parametre_Secenekleri' located by 'By.xpath: //*[@id = 'GridViewDepartmentRuleDefinition_DXEditor3_I']' in '10' second(s)

2021-11-18 11:51:04 - [MESSAGE][PASSED] - Object 'Object Repository/Sayfalar/Yetki_Yonetimi/Kural_Tanimlama/Birinci_Parametre_Secenekleri' is present

2021-11-18 11:51:04 - [TEST_STEP][PASSED] - clearText(findTestObject("Object Repository/Sayfalar/Yetki_Yonetimi/Kural_Tanimlama/Birinci_Parametre_Secenekleri")): Text of object 'Object Repository/Sayfalar/Yetki_Yonetimi/Kural_Tanimlama/Birinci_Parametre_Secenekleri' is cleared

2021-11-18 11:51:04 - [MESSAGE][INFO] - Finding Test Object 'Object Repository/Sayfalar/Yetki_Yonetimi/Kural_Tanimlama/Birinci_Parametre_Secenekleri'

2021-11-18 11:51:04 - [MESSAGE][INFO] - Checking object

2021-11-18 11:51:04 - [MESSAGE][INFO] - Finding web element from Test Object's properties

2021-11-18 11:51:04 - [MESSAGE][INFO] - Checking timeout

2021-11-18 11:51:04 - [MESSAGE][INFO] - Finding web element with id: 'Object Repository/Sayfalar/Yetki_Yonetimi/Kural_Tanimlama/Birinci_Parametre_Secenekleri' located by 'By.xpath: //*[@id = 'GridViewDepartmentRuleDefinition_DXEditor3_I']' in '30' second(s)

2021-11-18 11:51:04 - [MESSAGE][INFO] - Smart Wait Function is triggered

2021-11-18 11:51:04 - [MESSAGE][INFO] - Found 1 web elements with id: 'Object Repository/Sayfalar/Yetki_Yonetimi/Kural_Tanimlama/Birinci_Parametre_Secenekleri' located by 'By.xpath: //*[@id = 'GridViewDepartmentRuleDefinition_DXEditor3_I']' in '30' second(s)

2021-11-18 11:51:04 - [MESSAGE][INFO] - Clearing text of object 'Object Repository/Sayfalar/Yetki_Yonetimi/Kural_Tanimlama/Birinci_Parametre_Secenekleri'

2021-11-18 11:51:04 - [MESSAGE][PASSED] - Text of object 'Object Repository/Sayfalar/Yetki_Yonetimi/Kural_Tanimlama/Birinci_Parametre_Secenekleri' is cleared

2021-11-18 11:51:04 - [TEST_STEP][PASSED] - sendKeys(findTestObject("Object Repository/Sayfalar/Yetki_Yonetimi/Kural_Tanimlama/Birinci_Parametre_Secenekleri"), Birinci_Parametre_Secenekleri): Keys 'Tümü için Yetkili' sent to object: 'Object Repository/Sayfalar/Yetki_Yonetimi/Kural_Tanimlama/Birinci_Parametre_Secenekleri'

2021-11-18 11:51:04 - [MESSAGE][INFO] - Finding Test Object 'Object Repository/Sayfalar/Yetki_Yonetimi/Kural_Tanimlama/Birinci_Parametre_Secenekleri'

2021-11-18 11:51:04 - [MESSAGE][INFO] - Sending keys 'Tümü için Yetkili' to object: 'Object Repository/Sayfalar/Yetki_Yonetimi/Kural_Tanimlama/Birinci_Parametre_Secenekleri'

2021-11-18 11:51:04 - [MESSAGE][INFO] - Finding web element from Test Object's properties

2021-11-18 11:51:04 - [MESSAGE][INFO] - Checking timeout

2021-11-18 11:51:04 - [MESSAGE][INFO] - Finding web element with id: 'Object Repository/Sayfalar/Yetki_Yonetimi/Kural_Tanimlama/Birinci_Parametre_Secenekleri' located by 'By.xpath: //*[@id = 'GridViewDepartmentRuleDefinition_DXEditor3_I']' in '30' second(s)

2021-11-18 11:51:04 - [MESSAGE][INFO] - Smart Wait Function is triggered

2021-11-18 11:51:04 - [MESSAGE][INFO] - Found 1 web elements with id: 'Object Repository/Sayfalar/Yetki_Yonetimi/Kural_Tanimlama/Birinci_Parametre_Secenekleri' located by 'By.xpath: //*[@id = 'GridViewDepartmentRuleDefinition_DXEditor3_I']' in '30' second(s)

2021-11-18 11:51:04 - [MESSAGE][PASSED] - Keys 'Tümü için Yetkili' sent to object: 'Object Repository/Sayfalar/Yetki_Yonetimi/Kural_Tanimlama/Birinci_Parametre_Secenekleri'

2021-11-18 11:51:04 - [TEST_STEP][PASSED] - waitForElementPresent(findTestObject("Object Repository/Sayfalar/Yetki_Yonetimi/Kural_Tanimlama/Birinci_Parametre_Degeri"), 10): Object 'Object Repository/Sayfalar/Yetki_Yonetimi/Kural_Tanimlama/Birinci_Parametre_Degeri' is present

2021-11-18 11:51:04 - [MESSAGE][INFO] - Finding Test Object 'Object Repository/Sayfalar/Yetki_Yonetimi/Kural_Tanimlama/Birinci_Parametre_Degeri'

2021-11-18 11:51:05 - [MESSAGE][INFO] - Checking object

2021-11-18 11:51:05 - [MESSAGE][INFO] - Finding web element from Test Object's properties

2021-11-18 11:51:05 - [MESSAGE][INFO] - Checking timeout

2021-11-18 11:51:05 - [MESSAGE][INFO] - Finding web element with id: 'Object Repository/Sayfalar/Yetki_Yonetimi/Kural_Tanimlama/Birinci_Parametre_Degeri' located by 'By.xpath: //*[@id = 'GridViewDepartmentRuleDefinition_DXEditor4_I']' in '10' second(s)

2021-11-18 11:51:05 - [MESSAGE][INFO] - Smart Wait Function is triggered

2021-11-18 11:51:05 - [MESSAGE][INFO] - Found 1 web elements with id: 'Object Repository/Sayfalar/Yetki_Yonetimi/Kural_Tanimlama/Birinci_Parametre_Degeri' located by 'By.xpath: //*[@id = 'GridViewDepartmentRuleDefinition_DXEditor4_I']' in '10' second(s)

2021-11-18 11:51:05 - [MESSAGE][PASSED] - Object 'Object Repository/Sayfalar/Yetki_Yonetimi/Kural_Tanimlama/Birinci_Parametre_Degeri' is present

2021-11-18 11:51:05 - [TEST_STEP][PASSED] - clearText(findTestObject("Object Repository/Sayfalar/Yetki_Yonetimi/Kural_Tanimlama/Birinci_Parametre_Degeri")): Text of object 'Object Repository/Sayfalar/Yetki_Yonetimi/Kural_Tanimlama/Birinci_Parametre_Degeri' is cleared

2021-11-18 11:51:05 - [MESSAGE][INFO] - Finding Test Object 'Object Repository/Sayfalar/Yetki_Yonetimi/Kural_Tanimlama/Birinci_Parametre_Degeri'

2021-11-18 11:51:05 - [MESSAGE][INFO] - Checking object

2021-11-18 11:51:05 - [MESSAGE][INFO] - Finding web element from Test Object's properties

2021-11-18 11:51:05 - [MESSAGE][INFO] - Checking timeout

2021-11-18 11:51:05 - [MESSAGE][INFO] - Finding web element with id: 'Object Repository/Sayfalar/Yetki_Yonetimi/Kural_Tanimlama/Birinci_Parametre_Degeri' located by 'By.xpath: //*[@id = 'GridViewDepartmentRuleDefinition_DXEditor4_I']' in '30' second(s)

2021-11-18 11:51:05 - [MESSAGE][INFO] - Smart Wait Function is triggered

2021-11-18 11:51:05 - [MESSAGE][INFO] - Found 1 web elements with id: 'Object Repository/Sayfalar/Yetki_Yonetimi/Kural_Tanimlama/Birinci_Parametre_Degeri' located by 'By.xpath: //*[@id = 'GridViewDepartmentRuleDefinition_DXEditor4_I']' in '30' second(s)

2021-11-18 11:51:05 - [MESSAGE][INFO] - Clearing text of object 'Object Repository/Sayfalar/Yetki_Yonetimi/Kural_Tanimlama/Birinci_Parametre_Degeri'

2021-11-18 11:51:05 - [MESSAGE][PASSED] - Text of object 'Object Repository/Sayfalar/Yetki_Yonetimi/Kural_Tanimlama/Birinci_Parametre_Degeri' is cleared

2021-11-18 11:51:05 - [TEST_STEP][PASSED] - sendKeys(findTestObject("Object Repository/Sayfalar/Yetki_Yonetimi/Kural_Tanimlama/Birinci_Parametre_Degeri"), Birinci_Parametre_Degeri): Keys '' sent to object: 'Object Repository/Sayfalar/Yetki_Yonetimi/Kural_Tanimlama/Birinci_Parametre_Degeri'

2021-11-18 11:51:05 - [MESSAGE][INFO] - Finding Test Object 'Object Repository/Sayfalar/Yetki_Yonetimi/Kural_Tanimlama/Birinci_Parametre_Degeri'

2021-11-18 11:51:05 - [MESSAGE][INFO] - Sending keys '' to object: 'Object Repository/Sayfalar/Yetki_Yonetimi/Kural_Tanimlama/Birinci_Parametre_Degeri'

2021-11-18 11:51:05 - [MESSAGE][INFO] - Finding web element from Test Object's properties

2021-11-18 11:51:05 - [MESSAGE][INFO] - Checking timeout

2021-11-18 11:51:05 - [MESSAGE][INFO] - Finding web element with id: 'Object Repository/Sayfalar/Yetki_Yonetimi/Kural_Tanimlama/Birinci_Parametre_Degeri' located by 'By.xpath: //*[@id = 'GridViewDepartmentRuleDefinition_DXEditor4_I']' in '30' second(s)

2021-11-18 11:51:05 - [MESSAGE][INFO] - Smart Wait Function is triggered

2021-11-18 11:51:05 - [MESSAGE][INFO] - Found 1 web elements with id: 'Object Repository/Sayfalar/Yetki_Yonetimi/Kural_Tanimlama/Birinci_Parametre_Degeri' located by 'By.xpath: //*[@id = 'GridViewDepartmentRuleDefinition_DXEditor4_I']' in '30' second(s)

2021-11-18 11:51:05 - [MESSAGE][PASSED] - Keys '' sent to object: 'Object Repository/Sayfalar/Yetki_Yonetimi/Kural_Tanimlama/Birinci_Parametre_Degeri'

2021-11-18 11:51:05 - [TEST_STEP][PASSED] - waitForElementPresent(findTestObject("Object Repository/Sayfalar/Yetki_Yonetimi/Kural_Tanimlama/Ikinci_Parametre_Secenekleri"), 10): Object 'Object Repository/Sayfalar/Yetki_Yonetimi/Kural_Tanimlama/Ikinci_Parametre_Secenekleri' is present

2021-11-18 11:51:05 - [MESSAGE][INFO] - Finding Test Object 'Object Repository/Sayfalar/Yetki_Yonetimi/Kural_Tanimlama/Ikinci_Parametre_Secenekleri'

2021-11-18 11:51:05 - [MESSAGE][INFO] - Checking object

2021-11-18 11:51:05 - [MESSAGE][INFO] - Finding web element from Test Object's properties

2021-11-18 11:51:05 - [MESSAGE][INFO] - Checking timeout

2021-11-18 11:51:05 - [MESSAGE][INFO] - Finding web element with id: 'Object Repository/Sayfalar/Yetki_Yonetimi/Kural_Tanimlama/Ikinci_Parametre_Secenekleri' located by 'By.xpath: //*[@id = 'GridViewDepartmentRuleDefinition_DXEditor5_I']' in '10' second(s)

2021-11-18 11:51:05 - [MESSAGE][INFO] - Smart Wait Function is triggered

2021-11-18 11:51:05 - [MESSAGE][INFO] - Found 1 web elements with id: 'Object Repository/Sayfalar/Yetki_Yonetimi/Kural_Tanimlama/Ikinci_Parametre_Secenekleri' located by 'By.xpath: //*[@id = 'GridViewDepartmentRuleDefinition_DXEditor5_I']' in '10' second(s)

2021-11-18 11:51:05 - [MESSAGE][PASSED] - Object 'Object Repository/Sayfalar/Yetki_Yonetimi/Kural_Tanimlama/Ikinci_Parametre_Secenekleri' is present

2021-11-18 11:51:05 - [TEST_STEP][PASSED] - clearText(findTestObject("Object Repository/Sayfalar/Yetki_Yonetimi/Kural_Tanimlama/Ikinci_Parametre_Secenekleri")): Text of object 'Object Repository/Sayfalar/Yetki_Yonetimi/Kural_Tanimlama/Ikinci_Parametre_Secenekleri' is cleared

2021-11-18 11:51:05 - [MESSAGE][INFO] - Finding Test Object 'Object Repository/Sayfalar/Yetki_Yonetimi/Kural_Tanimlama/Ikinci_Parametre_Secenekleri'

2021-11-18 11:51:05 - [MESSAGE][INFO] - Checking object

2021-11-18 11:51:05 - [MESSAGE][INFO] - Finding web element from Test Object's properties

2021-11-18 11:51:05 - [MESSAGE][INFO] - Checking timeout

2021-11-18 11:51:05 - [MESSAGE][INFO] - Finding web element with id: 'Object Repository/Sayfalar/Yetki_Yonetimi/Kural_Tanimlama/Ikinci_Parametre_Secenekleri' located by 'By.xpath: //*[@id = 'GridViewDepartmentRuleDefinition_DXEditor5_I']' in '30' second(s)

2021-11-18 11:51:05 - [MESSAGE][INFO] - Smart Wait Function is triggered

2021-11-18 11:51:05 - [MESSAGE][INFO] - Found 1 web elements with id: 'Object Repository/Sayfalar/Yetki_Yonetimi/Kural_Tanimlama/Ikinci_Parametre_Secenekleri' located by 'By.xpath: //*[@id = 'GridViewDepartmentRuleDefinition_DXEditor5_I']' in '30' second(s)

2021-11-18 11:51:05 - [MESSAGE][INFO] - Clearing text of object 'Object Repository/Sayfalar/Yetki_Yonetimi/Kural_Tanimlama/Ikinci_Parametre_Secenekleri'

2021-11-18 11:51:05 - [MESSAGE][PASSED] - Text of object 'Object Repository/Sayfalar/Yetki_Yonetimi/Kural_Tanimlama/Ikinci_Parametre_Secenekleri' is cleared

2021-11-18 11:51:05 - [TEST_STEP][PASSED] - sendKeys(findTestObject("Object Repository/Sayfalar/Yetki_Yonetimi/Kural_Tanimlama/Ikinci_Parametre_Secenekleri"), Ikinci_Parametre_Secenekleri): Keys '' sent to object: 'Object Repository/Sayfalar/Yetki_Yonetimi/Kural_Tanimlama/Ikinci_Parametre_Secenekleri'

2021-11-18 11:51:05 - [MESSAGE][INFO] - Finding Test Object 'Object Repository/Sayfalar/Yetki_Yonetimi/Kural_Tanimlama/Ikinci_Parametre_Secenekleri'

2021-11-18 11:51:05 - [MESSAGE][INFO] - Sending keys '' to object: 'Object Repository/Sayfalar/Yetki_Yonetimi/Kural_Tanimlama/Ikinci_Parametre_Secenekleri'

2021-11-18 11:51:05 - [MESSAGE][INFO] - Finding web element from Test Object's properties

2021-11-18 11:51:05 - [MESSAGE][INFO] - Checking timeout

2021-11-18 11:51:05 - [MESSAGE][INFO] - Finding web element with id: 'Object Repository/Sayfalar/Yetki_Yonetimi/Kural_Tanimlama/Ikinci_Parametre_Secenekleri' located by 'By.xpath: //*[@id = 'GridViewDepartmentRuleDefinition_DXEditor5_I']' in '30' second(s)

2021-11-18 11:51:05 - [MESSAGE][INFO] - Smart Wait Function is triggered

2021-11-18 11:51:05 - [MESSAGE][INFO] - Found 1 web elements with id: 'Object Repository/Sayfalar/Yetki_Yonetimi/Kural_Tanimlama/Ikinci_Parametre_Secenekleri' located by 'By.xpath: //*[@id = 'GridViewDepartmentRuleDefinition_DXEditor5_I']' in '30' second(s)

2021-11-18 11:51:05 - [MESSAGE][PASSED] - Keys '' sent to object: 'Object Repository/Sayfalar/Yetki_Yonetimi/Kural_Tanimlama/Ikinci_Parametre_Secenekleri'

2021-11-18 11:51:05 - [TEST_STEP][PASSED] - waitForElementPresent(findTestObject("Object Repository/Sayfalar/Yetki_Yonetimi/Kural_Tanimlama/Ikinci_Parametre_Degeri"), 10): Object 'Object Repository/Sayfalar/Yetki_Yonetimi/Kural_Tanimlama/Ikinci_Parametre_Degeri' is present

2021-11-18 11:51:05 - [MESSAGE][INFO] - Finding Test Object 'Object Repository/Sayfalar/Yetki_Yonetimi/Kural_Tanimlama/Ikinci_Parametre_Degeri'

2021-11-18 11:51:06 - [MESSAGE][INFO] - Checking object

2021-11-18 11:51:06 - [MESSAGE][INFO] - Finding web element from Test Object's properties

2021-11-18 11:51:06 - [MESSAGE][INFO] - Checking timeout

2021-11-18 11:51:06 - [MESSAGE][INFO] - Finding web element with id: 'Object Repository/Sayfalar/Yetki_Yonetimi/Kural_Tanimlama/Ikinci_Parametre_Degeri' located by 'By.xpath: //*[@id = 'GridViewDepartmentRuleDefinition_DXEditor6_I']' in '10' second(s)

2021-11-18 11:51:06 - [MESSAGE][INFO] - Smart Wait Function is triggered

2021-11-18 11:51:06 - [MESSAGE][INFO] - Found 1 web elements with id: 'Object Repository/Sayfalar/Yetki_Yonetimi/Kural_Tanimlama/Ikinci_Parametre_Degeri' located by 'By.xpath: //*[@id = 'GridViewDepartmentRuleDefinition_DXEditor6_I']' in '10' second(s)

2021-11-18 11:51:06 - [MESSAGE][PASSED] - Object 'Object Repository/Sayfalar/Yetki_Yonetimi/Kural_Tanimlama/Ikinci_Parametre_Degeri' is present

2021-11-18 11:51:06 - [TEST_STEP][PASSED] - clearText(findTestObject("Object Repository/Sayfalar/Yetki_Yonetimi/Kural_Tanimlama/Ikinci_Parametre_Degeri")): Text of object 'Object Repository/Sayfalar/Yetki_Yonetimi/Kural_Tanimlama/Ikinci_Parametre_Degeri' is cleared

2021-11-18 11:51:06 - [MESSAGE][INFO] - Finding Test Object 'Object Repository/Sayfalar/Yetki_Yonetimi/Kural_Tanimlama/Ikinci_Parametre_Degeri'

2021-11-18 11:51:06 - [MESSAGE][INFO] - Checking object

2021-11-18 11:51:06 - [MESSAGE][INFO] - Finding web element from Test Object's properties

2021-11-18 11:51:06 - [MESSAGE][INFO] - Checking timeout

2021-11-18 11:51:06 - [MESSAGE][INFO] - Finding web element with id: 'Object Repository/Sayfalar/Yetki_Yonetimi/Kural_Tanimlama/Ikinci_Parametre_Degeri' located by 'By.xpath: //*[@id = 'GridViewDepartmentRuleDefinition_DXEditor6_I']' in '30' second(s)

2021-11-18 11:51:06 - [MESSAGE][INFO] - Smart Wait Function is triggered

2021-11-18 11:51:06 - [MESSAGE][INFO] - Found 1 web elements with id: 'Object Repository/Sayfalar/Yetki_Yonetimi/Kural_Tanimlama/Ikinci_Parametre_Degeri' located by 'By.xpath: //*[@id = 'GridViewDepartmentRuleDefinition_DXEditor6_I']' in '30' second(s)

2021-11-18 11:51:06 - [MESSAGE][INFO] - Clearing text of object 'Object Repository/Sayfalar/Yetki_Yonetimi/Kural_Tanimlama/Ikinci_Parametre_Degeri'

2021-11-18 11:51:06 - [MESSAGE][PASSED] - Text of object 'Object Repository/Sayfalar/Yetki_Yonetimi/Kural_Tanimlama/Ikinci_Parametre_Degeri' is cleared

2021-11-18 11:51:06 - [TEST_STEP][PASSED] - sendKeys(findTestObject("Object Repository/Sayfalar/Yetki_Yonetimi/Kural_Tanimlama/Ikinci_Parametre_Degeri"), Ikinci_Parametre_Degeri): Keys '' sent to object: 'Object Repository/Sayfalar/Yetki_Yonetimi/Kural_Tanimlama/Ikinci_Parametre_Degeri'

2021-11-18 11:51:06 - [MESSAGE][INFO] - Finding Test Object 'Object Repository/Sayfalar/Yetki_Yonetimi/Kural_Tanimlama/Ikinci_Parametre_Degeri'

2021-11-18 11:51:06 - [MESSAGE][INFO] - Sending keys '' to object: 'Object Repository/Sayfalar/Yetki_Yonetimi/Kural_Tanimlama/Ikinci_Parametre_Degeri'

2021-11-18 11:51:06 - [MESSAGE][INFO] - Finding web element from Test Object's properties

2021-11-18 11:51:06 - [MESSAGE][INFO] - Checking timeout

2021-11-18 11:51:06 - [MESSAGE][INFO] - Finding web element with id: 'Object Repository/Sayfalar/Yetki_Yonetimi/Kural_Tanimlama/Ikinci_Parametre_Degeri' located by 'By.xpath: //*[@id = 'GridViewDepartmentRuleDefinition_DXEditor6_I']' in '30' second(s)

2021-11-18 11:51:06 - [MESSAGE][INFO] - Smart Wait Function is triggered

2021-11-18 11:51:06 - [MESSAGE][INFO] - Found 1 web elements with id: 'Object Repository/Sayfalar/Yetki_Yonetimi/Kural_Tanimlama/Ikinci_Parametre_Degeri' located by 'By.xpath: //*[@id = 'GridViewDepartmentRuleDefinition_DXEditor6_I']' in '30' second(s)

2021-11-18 11:51:06 - [MESSAGE][PASSED] - Keys '' sent to object: 'Object Repository/Sayfalar/Yetki_Yonetimi/Kural_Tanimlama/Ikinci_Parametre_Degeri'

2021-11-18 11:51:06 - [TEST_STEP][PASSED] - if (Mail_Gonderilsin_Mi.equals("Mail Gönderilsin")): Object: 'Object Repository/Sayfalar/Yetki_Yonetimi/Kural_Tanimlama/Mail_Gonderilsin' is clicked on

2021-11-18 11:51:06 - [TEST_STEP][PASSED] - click(findTestObject("Object Repository/Sayfalar/Yetki_Yonetimi/Kural_Tanimlama/Mail_Gonderilsin")): Object: 'Object Repository/Sayfalar/Yetki_Yonetimi/Kural_Tanimlama/Mail_Gonderilsin' is clicked on

2021-11-18 11:51:06 - [MESSAGE][INFO] - Finding Test Object 'Object Repository/Sayfalar/Yetki_Yonetimi/Kural_Tanimlama/Mail_Gonderilsin'

2021-11-18 11:51:06 - [MESSAGE][INFO] - Checking object

2021-11-18 11:51:06 - [MESSAGE][INFO] - Finding web element from Test Object's properties

2021-11-18 11:51:06 - [MESSAGE][INFO] - Checking timeout

2021-11-18 11:51:06 - [MESSAGE][INFO] - Finding web element with id: 'Object Repository/Sayfalar/Yetki_Yonetimi/Kural_Tanimlama/Mail_Gonderilsin' located by 'By.cssSelector: #GridViewDepartmentRuleDefinition_DXMainTable .dxWeb_edtCheckBoxUnchecked_LECustomTheme.dxICheckBox_LECustomTheme.dxichSys' in '30' second(s)

2021-11-18 11:51:06 - [MESSAGE][INFO] - Smart Wait Function is triggered

2021-11-18 11:51:06 - [MESSAGE][INFO] - Found 1 web elements with id: 'Object Repository/Sayfalar/Yetki_Yonetimi/Kural_Tanimlama/Mail_Gonderilsin' located by 'By.cssSelector: #GridViewDepartmentRuleDefinition_DXMainTable .dxWeb_edtCheckBoxUnchecked_LECustomTheme.dxICheckBox_LECustomTheme.dxichSys' in '30' second(s)

2021-11-18 11:51:06 - [MESSAGE][INFO] - Clicking on object: 'Object Repository/Sayfalar/Yetki_Yonetimi/Kural_Tanimlama/Mail_Gonderilsin'

2021-11-18 11:51:06 - [MESSAGE][PASSED] - Object: 'Object Repository/Sayfalar/Yetki_Yonetimi/Kural_Tanimlama/Mail_Gonderilsin' is clicked on

2021-11-18 11:51:06 - [TEST_STEP][PASSED] - waitForElementClickable(findTestObject("Object Repository/Sayfalar/Yetki_Yonetimi/Kural_Tanimlama/Kaydet"), 10): Object 'Object Repository/Sayfalar/Yetki_Yonetimi/Kural_Tanimlama/Kaydet' is clickable

2021-11-18 11:51:06 - [MESSAGE][INFO] - Finding Test Object 'Object Repository/Sayfalar/Yetki_Yonetimi/Kural_Tanimlama/Kaydet'

2021-11-18 11:51:06 - [MESSAGE][INFO] - Checking object

2021-11-18 11:51:06 - [MESSAGE][INFO] - Checking timeout

2021-11-18 11:51:06 - [MESSAGE][INFO] - Finding web element from Test Object's properties

2021-11-18 11:51:06 - [MESSAGE][INFO] - Checking timeout

2021-11-18 11:51:06 - [MESSAGE][INFO] - Finding web element with id: 'Object Repository/Sayfalar/Yetki_Yonetimi/Kural_Tanimlama/Kaydet' located by 'By.cssSelector: .fa.fa-floppy-o.fa-lg.text-success' in '10' second(s)

2021-11-18 11:51:06 - [MESSAGE][INFO] - Smart Wait Function is triggered

2021-11-18 11:51:06 - [MESSAGE][INFO] - Found 1 web elements with id: 'Object Repository/Sayfalar/Yetki_Yonetimi/Kural_Tanimlama/Kaydet' located by 'By.cssSelector: .fa.fa-floppy-o.fa-lg.text-success' in '10' second(s)

2021-11-18 11:51:06 - [MESSAGE][PASSED] - Object 'Object Repository/Sayfalar/Yetki_Yonetimi/Kural_Tanimlama/Kaydet' is clickable

2021-11-18 11:51:06 - [TEST_STEP][PASSED] - click(findTestObject("Object Repository/Sayfalar/Yetki_Yonetimi/Kural_Tanimlama/Kaydet"), STOP_ON_FAILURE): Object: 'Object Repository/Sayfalar/Yetki_Yonetimi/Kural_Tanimlama/Kaydet' is clicked on

2021-11-18 11:51:06 - [MESSAGE][INFO] - Finding Test Object 'Object Repository/Sayfalar/Yetki_Yonetimi/Kural_Tanimlama/Kaydet'

2021-11-18 11:51:06 - [MESSAGE][INFO] - Checking object

2021-11-18 11:51:06 - [MESSAGE][INFO] - Finding web element from Test Object's properties

2021-11-18 11:51:06 - [MESSAGE][INFO] - Checking timeout

2021-11-18 11:51:06 - [MESSAGE][INFO] - Finding web element with id: 'Object Repository/Sayfalar/Yetki_Yonetimi/Kural_Tanimlama/Kaydet' located by 'By.cssSelector: .fa.fa-floppy-o.fa-lg.text-success' in '30' second(s)

2021-11-18 11:51:06 - [MESSAGE][INFO] - Smart Wait Function is triggered

2021-11-18 11:51:06 - [MESSAGE][INFO] - Found 1 web elements with id: 'Object Repository/Sayfalar/Yetki_Yonetimi/Kural_Tanimlama/Kaydet' located by 'By.cssSelector: .fa.fa-floppy-o.fa-lg.text-success' in '30' second(s)

2021-11-18 11:51:06 - [MESSAGE][INFO] - Clicking on object: 'Object Repository/Sayfalar/Yetki_Yonetimi/Kural_Tanimlama/Kaydet'

2021-11-18 11:51:07 - [MESSAGE][PASSED] - Object: 'Object Repository/Sayfalar/Yetki_Yonetimi/Kural_Tanimlama/Kaydet' is clicked on

2021-11-18 11:51:07 - [TEST_STEP][PASSED] - switchToDefaultContent(): Switching to default content

2021-11-18 11:51:07 - [MESSAGE][INFO] - Switching to default content

2021-11-18 11:51:07 - [TEST_STEP][PASSED] - waitForElementClickable(findTestObject("Object Repository/Sayfalar/Yetki_Yonetimi/Kural_Tanimlama/Kapat"), 10): Object 'Object Repository/Sayfalar/Yetki_Yonetimi/Kural_Tanimlama/Kapat' is clickable

2021-11-18 11:51:07 - [MESSAGE][INFO] - Finding Test Object 'Object Repository/Sayfalar/Yetki_Yonetimi/Kural_Tanimlama/Kapat'

2021-11-18 11:51:07 - [MESSAGE][INFO] - Checking object

2021-11-18 11:51:07 - [MESSAGE][INFO] - Checking timeout

2021-11-18 11:51:07 - [MESSAGE][INFO] - Finding web element from Test Object's properties

2021-11-18 11:51:07 - [MESSAGE][INFO] - Checking timeout

2021-11-18 11:51:07 - [MESSAGE][INFO] - Finding web element with id: 'Object Repository/Sayfalar/Yetki_Yonetimi/Kural_Tanimlama/Kapat' located by 'By.cssSelector: #departmentRule span' in '10' second(s)

2021-11-18 11:51:07 - [MESSAGE][INFO] - Smart Wait Function is triggered

2021-11-18 11:51:07 - [MESSAGE][INFO] - Found 1 web elements with id: 'Object Repository/Sayfalar/Yetki_Yonetimi/Kural_Tanimlama/Kapat' located by 'By.cssSelector: #departmentRule span' in '10' second(s)

2021-11-18 11:51:07 - [MESSAGE][PASSED] - Object 'Object Repository/Sayfalar/Yetki_Yonetimi/Kural_Tanimlama/Kapat' is clickable

2021-11-18 11:51:07 - [TEST_STEP][PASSED] - click(findTestObject("Object Repository/Sayfalar/Yetki_Yonetimi/Kural_Tanimlama/Kapat")): Object: 'Object Repository/Sayfalar/Yetki_Yonetimi/Kural_Tanimlama/Kapat' is clicked on

2021-11-18 11:51:07 - [MESSAGE][INFO] - Finding Test Object 'Object Repository/Sayfalar/Yetki_Yonetimi/Kural_Tanimlama/Kapat'

2021-11-18 11:51:07 - [MESSAGE][INFO] - Checking object

2021-11-18 11:51:07 - [MESSAGE][INFO] - Finding web element from Test Object's properties

2021-11-18 11:51:07 - [MESSAGE][INFO] - Checking timeout

2021-11-18 11:51:07 - [MESSAGE][INFO] - Finding web element with id: 'Object Repository/Sayfalar/Yetki_Yonetimi/Kural_Tanimlama/Kapat' located by 'By.cssSelector: #departmentRule span' in '30' second(s)

2021-11-18 11:51:07 - [MESSAGE][INFO] - Smart Wait Function is triggered

2021-11-18 11:51:07 - [MESSAGE][INFO] - Found 1 web elements with id: 'Object Repository/Sayfalar/Yetki_Yonetimi/Kural_Tanimlama/Kapat' located by 'By.cssSelector: #departmentRule span' in '30' second(s)

2021-11-18 11:51:07 - [MESSAGE][INFO] - Clicking on object: 'Object Repository/Sayfalar/Yetki_Yonetimi/Kural_Tanimlama/Kapat'

2021-11-18 11:51:07 - [MESSAGE][PASSED] - Object: 'Object Repository/Sayfalar/Yetki_Yonetimi/Kural_Tanimlama/Kapat' is clicked on

2021-11-18 11:51:07 - [MESSAGE][PASSED] - Call Test Case 'Test Cases/Sayfalar/Yetki_Yonetimi/KuralTanimlanir' successfully

2021-11-18 11:51:07 - [MESSAGE][INFO] - Checking called Test Case

2021-11-18 11:51:07 - [MESSAGE][INFO] - Starting to call Test Case 'Test Cases/Kullanici_Islemleri/KullaniciIslemlerindenSecimYapilir'

2021-11-18 11:51:07 - [TEST_CASE][PASSED] - Test Cases/Kullanici_Islemleri/KullaniciIslemlerindenSecimYapilir: Test Cases/Kullanici_Islemleri/KullaniciIslemlerindenSecimYapilir

2021-11-18 11:51:07 - [TEST_STEP][PASSED] - waitForElementClickable(findTestObject("Object Repository/Kullanici_Islemleri/KullaniciIslemleri"), 10): Object 'Object Repository/Kullanici_Islemleri/KullaniciIslemleri' is clickable

2021-11-18 11:51:07 - [MESSAGE][INFO] - Finding Test Object 'Object Repository/Kullanici_Islemleri/KullaniciIslemleri'

2021-11-18 11:51:08 - [MESSAGE][INFO] - Checking object

2021-11-18 11:51:08 - [MESSAGE][INFO] - Checking timeout

2021-11-18 11:51:08 - [MESSAGE][INFO] - Finding web element from Test Object's properties

2021-11-18 11:51:08 - [MESSAGE][INFO] - Checking timeout

2021-11-18 11:51:08 - [MESSAGE][INFO] - Finding web element with id: 'Object Repository/Kullanici_Islemleri/KullaniciIslemleri' located by 'By.cssSelector: .dropdown>a>img' in '10' second(s)

2021-11-18 11:51:08 - [MESSAGE][INFO] - Smart Wait Function is triggered

2021-11-18 11:51:08 - [MESSAGE][INFO] - Found 1 web elements with id: 'Object Repository/Kullanici_Islemleri/KullaniciIslemleri' located by 'By.cssSelector: .dropdown>a>img' in '10' second(s)

2021-11-18 11:51:08 - [MESSAGE][PASSED] - Object 'Object Repository/Kullanici_Islemleri/KullaniciIslemleri' is clickable

2021-11-18 11:51:08 - [TEST_STEP][PASSED] - click(findTestObject("Object Repository/Kullanici_Islemleri/KullaniciIslemleri")): Object: 'Object Repository/Kullanici_Islemleri/KullaniciIslemleri' is clicked on

2021-11-18 11:51:08 - [MESSAGE][INFO] - Finding Test Object 'Object Repository/Kullanici_Islemleri/KullaniciIslemleri'

2021-11-18 11:51:08 - [MESSAGE][INFO] - Checking object

2021-11-18 11:51:08 - [MESSAGE][INFO] - Finding web element from Test Object's properties

2021-11-18 11:51:08 - [MESSAGE][INFO] - Checking timeout

2021-11-18 11:51:08 - [MESSAGE][INFO] - Finding web element with id: 'Object Repository/Kullanici_Islemleri/KullaniciIslemleri' located by 'By.cssSelector: .dropdown>a>img' in '30' second(s)

2021-11-18 11:51:08 - [MESSAGE][INFO] - Smart Wait Function is triggered

2021-11-18 11:51:08 - [MESSAGE][INFO] - Found 1 web elements with id: 'Object Repository/Kullanici_Islemleri/KullaniciIslemleri' located by 'By.cssSelector: .dropdown>a>img' in '30' second(s)

2021-11-18 11:51:08 - [MESSAGE][INFO] - Clicking on object: 'Object Repository/Kullanici_Islemleri/KullaniciIslemleri'

2021-11-18 11:51:08 - [MESSAGE][PASSED] - Object: 'Object Repository/Kullanici_Islemleri/KullaniciIslemleri' is clicked on

2021-11-18 11:51:08 - [TEST_STEP][PASSED] - Method.TextDegerineEsitElementeTikla(findTestObject("Object Repository/Kullanici_Islemleri/Secenekler"), Islem): Method.TextDegerineEsitElementeTikla is PASSED

2021-11-18 11:51:08 - [MESSAGE][INFO] - Finding Test Object 'Object Repository/Kullanici_Islemleri/Secenekler'

2021-11-18 11:51:08 - [MESSAGE][INFO] - Checking timeout

2021-11-18 11:51:08 - [MESSAGE][INFO] - Finding web element with id: 'Object Repository/Kullanici_Islemleri/Secenekler' located by 'By.cssSelector: .nav.navbar-nav.navbar-right li a' in '10' second(s)

2021-11-18 11:51:08 - [MESSAGE][INFO] - Smart Wait Function is triggered

2021-11-18 11:51:09 - [MESSAGE][INFO] - Found 22 web elements with id: 'Object Repository/Kullanici_Islemleri/Secenekler' located by 'By.cssSelector: .nav.navbar-nav.navbar-right li a' in '10' second(s)

2021-11-18 11:51:10 - [MESSAGE][PASSED] - Method.TextDegerineEsitElementeTikla is PASSED

2021-11-18 11:51:10 - [TEST_STEP][PASSED] - verifyElementNotPresent(findTestObject("Object Repository/Kullanici_Islemleri/Secenekler"), 10): Web element with id: 'Object Repository/Kullanici_Islemleri/Secenekler' located by 'By.cssSelector: .nav.navbar-nav.navbar-right li a' is not present after '10' second(s)

2021-11-18 11:51:10 - [MESSAGE][INFO] - Finding Test Object 'Object Repository/Kullanici_Islemleri/Secenekler'

2021-11-18 11:51:10 - [MESSAGE][INFO] - Checking object

2021-11-18 11:51:10 - [MESSAGE][INFO] - Checking timeout

2021-11-18 11:51:10 - [MESSAGE][INFO] - Finding web element with id: 'Object Repository/Kullanici_Islemleri/Secenekler' located by 'By.cssSelector: .nav.navbar-nav.navbar-right li a' in '10' second(s)

2021-11-18 11:51:10 - [MESSAGE][INFO] - Smart Wait Function is triggered

2021-11-18 11:51:10 - [MESSAGE][PASSED] - Web element with id: 'Object Repository/Kullanici_Islemleri/Secenekler' located by 'By.cssSelector: .nav.navbar-nav.navbar-right li a' is not present after '10' second(s)

2021-11-18 11:51:10 - [MESSAGE][PASSED] - Call Test Case 'Test Cases/Kullanici_Islemleri/KullaniciIslemlerindenSecimYapilir' successfully

2021-11-18 11:51:10 - [TEST_CASE][PASSED] - Start Test Case : SCENARIO Kural tanimlama: SCENARIO Kural tanimlama

2021-11-18 11:51:10 - [TEST_STEP][PASSED] - Kullanıcı adı ELOGO6 ve Şifre 123456 olarak giriş yapılır: Kullanıcı adı ELOGO6 ve Şifre 123456 olarak giriş yapılır

2021-11-18 11:51:10 - [MESSAGE][PASSED] - Kullanıcı adı ELOGO6 ve Şifre 123456 olarak giriş yapılır

2021-11-18 11:51:10 - [TEST_STEP][PASSED] - Ana menüden Firma Yönetimi seçilir: Ana menüden Firma Yönetimi seçilir

2021-11-18 11:51:10 - [MESSAGE][PASSED] - Ana menüden Firma Yönetimi seçilir

2021-11-18 11:51:10 - [TEST_STEP][PASSED] - Alt menüden Yetki Yönetimi seçilir: Alt menüden Yetki Yönetimi seçilir

2021-11-18 11:51:10 - [MESSAGE][PASSED] - Alt menüden Yetki Yönetimi seçilir

2021-11-18 11:51:10 - [TEST_STEP][PASSED] - Sekmelerden Departman Tanımları seçilir: Sekmelerden Departman Tanımları seçilir

2021-11-18 11:51:10 - [MESSAGE][PASSED] - Sekmelerden Departman Tanımları seçilir

2021-11-18 11:51:10 - [TEST_STEP][PASSED] - Filtre butonlarından Listele seçilir: Filtre butonlarından Listele seçilir

2021-11-18 11:51:10 - [MESSAGE][PASSED] - Filtre butonlarından Listele seçilir

2021-11-18 11:51:10 - [TEST_STEP][PASSED] - Tabloda veri var mı kontrol edilir: Tabloda veri var mı kontrol edilir

2021-11-18 11:51:10 - [MESSAGE][PASSED] - Tabloda veri var mı kontrol edilir

2021-11-18 11:51:10 - [TEST_STEP][PASSED] - Tablodan VirgosolDepartman isimli veri seçilir: Tablodan VirgosolDepartman isimli veri seçilir

2021-11-18 11:51:10 - [MESSAGE][PASSED] - Tablodan VirgosolDepartman isimli veri seçilir

2021-11-18 11:51:10 - [TEST_STEP][PASSED] - Butonlardan Kural Tanımla isimli butona tıklanır: Butonlardan Kural Tanımla isimli butona tıklanır

2021-11-18 11:51:10 - [MESSAGE][PASSED] - Butonlardan Kural Tanımla isimli butona tıklanır

2021-11-18 11:51:10 - [TEST_STEP][PASSED] - Kural olarak e-Fatura,Giden,Tümü için Yetkili,,,,Mail Gönderilsin girilir: Kural olarak e-Fatura,Giden,Tümü için Yetkili,,,,Mail Gönderilsin girilir

2021-11-18 11:51:10 - [MESSAGE][PASSED] - Kural olarak e-Fatura,Giden,Tümü için Yetkili,,,,Mail Gönderilsin girilir

2021-11-18 11:51:10 - [TEST_STEP][PASSED] - Kullanıcı işlemlerinden Çıkış seçilir: Kullanıcı işlemlerinden Çıkış seçilir

2021-11-18 11:51:10 - [MESSAGE][PASSED] - Kullanıcı işlemlerinden Çıkış seçilir

2021-11-18 11:51:11 - [MESSAGE][PASSED] - Feature file: 'Include/features/Firma Yonetimi/Yetki Yonetimi/Departman Tanimlari/Kural Tanimla/Kural Ekle.feature' was passed

2021-11-18 11:51:11 - [TEST_STEP][PASSED] - Start listener action : sampleAfterTestSuite: Invoke 'com.kms.katalon.core.annotation.AfterTestCase' method: 'Listener.sampleAfterTestSuite(...)' completed.

2021-11-18 11:51:11 - [MESSAGE][INFO] - Starting invoke 'com.kms.katalon.core.annotation.AfterTestCase' method: 'Listener.sampleAfterTestSuite(...)'

2021-11-18 11:51:11 - [TEST_STEP][PASSED] - closeBrowser(): Invoke 'com.kms.katalon.core.annotation.AfterTestCase' method: 'Listener.sampleAfterTestSuite(...)' completed.

2021-11-18 11:51:11 - [MESSAGE][INFO] - Closing browser

2021-11-18 11:51:11 - [MESSAGE][PASSED] - Browser is closed

2021-11-18 11:51:11 - [MESSAGE][INFO] - Invoke 'com.kms.katalon.core.annotation.AfterTestCase' method: 'Listener.sampleAfterTestSuite(...)' completed.]]></system-out>
         <system-err><![CDATA[]]></system-err>
      </testcase>
      <testcase name="Test Cases/Case Repository/Firma Yonetimi/Yetki Yonetimi/Departman Tanimlari/Kural Tanimla/Kural Sil" time="34.429" classname="Test Cases/Case Repository/Firma Yonetimi/Yetki Yonetimi/Departman Tanimlari/Kural Tanimla/Kural Sil" status="PASSED">
         <system-out><![CDATA[2021-11-18 11:51:11 - [TEST_CASE][PASSED] - Test Cases/Case Repository/Firma Yonetimi/Yetki Yonetimi/Departman Tanimlari/Kural Tanimla/Kural Sil: Test Cases/Case Repository/Firma Yonetimi/Yetki Yonetimi/Departman Tanimlari/Kural Tanimla/Kural Sil

2021-11-18 11:51:11 - [TEST_STEP][PASSED] - Start listener action : sampleBeforeTestSuite: Invoke 'com.kms.katalon.core.annotation.BeforeTestCase' method: 'Listener.sampleBeforeTestSuite(...)' completed.

2021-11-18 11:51:11 - [MESSAGE][INFO] - Starting invoke 'com.kms.katalon.core.annotation.BeforeTestCase' method: 'Listener.sampleBeforeTestSuite(...)'

2021-11-18 11:51:11 - [TEST_STEP][PASSED] - openBrowser(baseUrl): Browser is opened with url: 'https://efatura-stage.elogo.com.tr/'

2021-11-18 11:51:11 - [MESSAGE][INFO] - Opening browser

2021-11-18 11:51:11 - [MESSAGE][INFO] - Starting 'Chrome' driver

2021-11-18 11:51:11 - [MESSAGE][INFO] - User set preference: ['prefs', '{download.default_directory=C:\otomasyondownfiles}']

2021-11-18 11:51:11 - [MESSAGE][INFO] - Action delay is set to 0 milliseconds

2021-11-18 11:51:13 - [MESSAGE][INFO] - Navigating browser to: 'https://efatura-stage.elogo.com.tr/'

2021-11-18 11:51:16 - [MESSAGE][PASSED] - Browser is opened with url: 'https://efatura-stage.elogo.com.tr/'

2021-11-18 11:51:16 - [TEST_STEP][PASSED] - maximizeWindow(): Invoke 'com.kms.katalon.core.annotation.BeforeTestCase' method: 'Listener.sampleBeforeTestSuite(...)' completed.

2021-11-18 11:51:16 - [MESSAGE][INFO] - Maximizing current window

2021-11-18 11:51:16 - [MESSAGE][PASSED] - Current window maximized

2021-11-18 11:51:16 - [MESSAGE][INFO] - Invoke 'com.kms.katalon.core.annotation.BeforeTestCase' method: 'Listener.sampleBeforeTestSuite(...)' completed.

2021-11-18 11:51:17 - [TEST_STEP][PASSED] - runFeatureFile("Include/features/Firma Yonetimi/Yetki Yonetimi/Departman Tanimlari/Kural Tanimla/Kural Sil.feature"): Feature file: 'Include/features/Firma Yonetimi/Yetki Yonetimi/Departman Tanimlari/Kural Tanimla/Kural Sil.feature' was passed

2021-11-18 11:51:17 - [MESSAGE][INFO] - Starting run keyword runFeatureFile: 'Include/features/Firma Yonetimi/Yetki Yonetimi/Departman Tanimlari/Kural Tanimla/Kural Sil.feature' and extract report to folder: 'C:\Users\DELL\Documents\GitHub\EES_KatalonLogo\Reports\20211118_110909\Suite Repository\Firma_Yonetimi\20211118_111017/cucumber_report/1637225477673'...

2021-11-18 11:51:17 - [MESSAGE][INFO] - Glue: []

2021-11-18 11:51:19 - [MESSAGE][INFO] - Checking called Test Case

2021-11-18 11:51:19 - [MESSAGE][INFO] - Starting to call Test Case 'Test Cases/Sayfalar/Giris_Sayfasi/Login'

2021-11-18 11:51:19 - [TEST_CASE][PASSED] - Test Cases/Sayfalar/Giris_Sayfasi/Login: Test Cases/Sayfalar/Giris_Sayfasi/Login

2021-11-18 11:51:19 - [TEST_STEP][PASSED] - Sayfa_Basligi = getWindowTitle(): Current window's title is: 'LOGO e-Fatura'

2021-11-18 11:51:19 - [MESSAGE][INFO] - Getting current window's title

2021-11-18 11:51:19 - [MESSAGE][PASSED] - Current window's title is: 'LOGO e-Fatura'

2021-11-18 11:51:19 - [TEST_STEP][PASSED] - verifyMatch(Sayfa_Basligi, "LOGO e-Fatura", false): Actual text 'LOGO e-Fatura' and expected text 'LOGO e-Fatura' are matched 

2021-11-18 11:51:19 - [MESSAGE][INFO] - Matching actual text 'LOGO e-Fatura' with expected text 'LOGO e-Fatura'

2021-11-18 11:51:19 - [MESSAGE][PASSED] - Actual text 'LOGO e-Fatura' and expected text 'LOGO e-Fatura' are matched 

2021-11-18 11:51:19 - [TEST_STEP][PASSED] - sendKeys(findTestObject("Sayfalar/Giris_Sayfasi/Firma_Kodu"), KullaniciAdi): Keys 'ELOGO6' sent to object: 'Object Repository/Sayfalar/Giris_Sayfasi/Firma_Kodu'

2021-11-18 11:51:19 - [MESSAGE][INFO] - Finding Test Object 'Object Repository/Sayfalar/Giris_Sayfasi/Firma_Kodu'

2021-11-18 11:51:20 - [MESSAGE][INFO] - Sending keys 'ELOGO6' to object: 'Object Repository/Sayfalar/Giris_Sayfasi/Firma_Kodu'

2021-11-18 11:51:20 - [MESSAGE][INFO] - Finding web element from Test Object's properties

2021-11-18 11:51:20 - [MESSAGE][INFO] - Checking timeout

2021-11-18 11:51:20 - [MESSAGE][INFO] - Finding web element with id: 'Object Repository/Sayfalar/Giris_Sayfasi/Firma_Kodu' located by 'By.xpath: //*[@id = 'AccountName']' in '30' second(s)

2021-11-18 11:51:20 - [MESSAGE][INFO] - Smart Wait Function is triggered

2021-11-18 11:51:20 - [MESSAGE][INFO] - Found 1 web elements with id: 'Object Repository/Sayfalar/Giris_Sayfasi/Firma_Kodu' located by 'By.xpath: //*[@id = 'AccountName']' in '30' second(s)

2021-11-18 11:51:20 - [MESSAGE][PASSED] - Keys 'ELOGO6' sent to object: 'Object Repository/Sayfalar/Giris_Sayfasi/Firma_Kodu'

2021-11-18 11:51:20 - [TEST_STEP][PASSED] - sendKeys(findTestObject("Sayfalar/Giris_Sayfasi/Sifre"), Sifre): Keys '123456' sent to object: 'Object Repository/Sayfalar/Giris_Sayfasi/Sifre'

2021-11-18 11:51:20 - [MESSAGE][INFO] - Finding Test Object 'Object Repository/Sayfalar/Giris_Sayfasi/Sifre'

2021-11-18 11:51:20 - [MESSAGE][INFO] - Sending keys '123456' to object: 'Object Repository/Sayfalar/Giris_Sayfasi/Sifre'

2021-11-18 11:51:20 - [MESSAGE][INFO] - Finding web element from Test Object's properties

2021-11-18 11:51:20 - [MESSAGE][INFO] - Checking timeout

2021-11-18 11:51:20 - [MESSAGE][INFO] - Finding web element with id: 'Object Repository/Sayfalar/Giris_Sayfasi/Sifre' located by 'By.xpath: //*[@id = 'Password']' in '30' second(s)

2021-11-18 11:51:20 - [MESSAGE][INFO] - Smart Wait Function is triggered

2021-11-18 11:51:20 - [MESSAGE][INFO] - Found 1 web elements with id: 'Object Repository/Sayfalar/Giris_Sayfasi/Sifre' located by 'By.xpath: //*[@id = 'Password']' in '30' second(s)

2021-11-18 11:51:20 - [MESSAGE][PASSED] - Keys '123456' sent to object: 'Object Repository/Sayfalar/Giris_Sayfasi/Sifre'

2021-11-18 11:51:20 - [TEST_STEP][PASSED] - findWebElement(findTestObject("Sayfalar/Giris_Sayfasi/Giris_Butonu")).click(): Found 1 web elements with id: 'Object Repository/Sayfalar/Giris_Sayfasi/Giris_Butonu' located by 'By.cssSelector: #btnLogin' in '30' second(s)

2021-11-18 11:51:20 - [MESSAGE][INFO] - Finding Test Object 'Object Repository/Sayfalar/Giris_Sayfasi/Giris_Butonu'

2021-11-18 11:51:20 - [MESSAGE][INFO] - Finding web element from Test Object's properties

2021-11-18 11:51:20 - [MESSAGE][INFO] - Checking timeout

2021-11-18 11:51:20 - [MESSAGE][INFO] - Finding web element with id: 'Object Repository/Sayfalar/Giris_Sayfasi/Giris_Butonu' located by 'By.cssSelector: #btnLogin' in '30' second(s)

2021-11-18 11:51:20 - [MESSAGE][INFO] - Smart Wait Function is triggered

2021-11-18 11:51:21 - [MESSAGE][INFO] - Found 1 web elements with id: 'Object Repository/Sayfalar/Giris_Sayfasi/Giris_Butonu' located by 'By.cssSelector: #btnLogin' in '30' second(s)

2021-11-18 11:51:23 - [TEST_STEP][PASSED] - if (verifyElementPresent(findTestObject("Object Repository/Sayfalar/Giris_Sayfasi/RetveTamam_Butonu"), 5, OPTIONAL)): null

2021-11-18 11:51:23 - [MESSAGE][INFO] - Finding Test Object 'Object Repository/Sayfalar/Giris_Sayfasi/RetveTamam_Butonu'

2021-11-18 11:51:23 - [MESSAGE][INFO] - Checking object

2021-11-18 11:51:23 - [MESSAGE][INFO] - Finding web element from Test Object's properties

2021-11-18 11:51:23 - [MESSAGE][INFO] - Checking timeout

2021-11-18 11:51:23 - [MESSAGE][INFO] - Finding web element with id: 'Object Repository/Sayfalar/Giris_Sayfasi/RetveTamam_Butonu' located by 'By.xpath: //*[@class = 'btn btn-default']' in '5' second(s)

2021-11-18 11:51:23 - [MESSAGE][INFO] - Smart Wait Function is triggered

2021-11-18 11:51:23 - [MESSAGE][INFO] - Found 1 web elements with id: 'Object Repository/Sayfalar/Giris_Sayfasi/RetveTamam_Butonu' located by 'By.xpath: //*[@class = 'btn btn-default']' in '5' second(s)

2021-11-18 11:51:23 - [MESSAGE][PASSED] - Object 'Object Repository/Sayfalar/Giris_Sayfasi/RetveTamam_Butonu' is present

2021-11-18 11:51:23 - [TEST_STEP][PASSED] - click(findTestObject("Object Repository/Sayfalar/Giris_Sayfasi/RetveTamam_Butonu")): Object: 'Object Repository/Sayfalar/Giris_Sayfasi/RetveTamam_Butonu' is clicked on

2021-11-18 11:51:23 - [MESSAGE][INFO] - Finding Test Object 'Object Repository/Sayfalar/Giris_Sayfasi/RetveTamam_Butonu'

2021-11-18 11:51:24 - [MESSAGE][INFO] - Checking object

2021-11-18 11:51:24 - [MESSAGE][INFO] - Finding web element from Test Object's properties

2021-11-18 11:51:24 - [MESSAGE][INFO] - Checking timeout

2021-11-18 11:51:24 - [MESSAGE][INFO] - Finding web element with id: 'Object Repository/Sayfalar/Giris_Sayfasi/RetveTamam_Butonu' located by 'By.xpath: //*[@class = 'btn btn-default']' in '30' second(s)

2021-11-18 11:51:24 - [MESSAGE][INFO] - Smart Wait Function is triggered

2021-11-18 11:51:24 - [MESSAGE][INFO] - Found 1 web elements with id: 'Object Repository/Sayfalar/Giris_Sayfasi/RetveTamam_Butonu' located by 'By.xpath: //*[@class = 'btn btn-default']' in '30' second(s)

2021-11-18 11:51:24 - [MESSAGE][INFO] - Clicking on object: 'Object Repository/Sayfalar/Giris_Sayfasi/RetveTamam_Butonu'

2021-11-18 11:51:24 - [MESSAGE][PASSED] - Object: 'Object Repository/Sayfalar/Giris_Sayfasi/RetveTamam_Butonu' is clicked on

2021-11-18 11:51:24 - [TEST_STEP][PASSED] - click(findTestObject("Object Repository/Sayfalar/Giris_Sayfasi/RetveTamam_Butonu")): Object: 'Object Repository/Sayfalar/Giris_Sayfasi/RetveTamam_Butonu' is clicked on

2021-11-18 11:51:24 - [MESSAGE][INFO] - Finding Test Object 'Object Repository/Sayfalar/Giris_Sayfasi/RetveTamam_Butonu'

2021-11-18 11:51:24 - [MESSAGE][INFO] - Checking object

2021-11-18 11:51:24 - [MESSAGE][INFO] - Finding web element from Test Object's properties

2021-11-18 11:51:24 - [MESSAGE][INFO] - Checking timeout

2021-11-18 11:51:24 - [MESSAGE][INFO] - Finding web element with id: 'Object Repository/Sayfalar/Giris_Sayfasi/RetveTamam_Butonu' located by 'By.xpath: //*[@class = 'btn btn-default']' in '30' second(s)

2021-11-18 11:51:24 - [MESSAGE][INFO] - Smart Wait Function is triggered

2021-11-18 11:51:29 - [MESSAGE][INFO] - Found 1 web elements with id: 'Object Repository/Sayfalar/Giris_Sayfasi/RetveTamam_Butonu' located by 'By.xpath: //*[@class = 'btn btn-default']' in '30' second(s)

2021-11-18 11:51:29 - [MESSAGE][INFO] - Clicking on object: 'Object Repository/Sayfalar/Giris_Sayfasi/RetveTamam_Butonu'

2021-11-18 11:51:29 - [MESSAGE][PASSED] - Object: 'Object Repository/Sayfalar/Giris_Sayfasi/RetveTamam_Butonu' is clicked on

2021-11-18 11:51:29 - [TEST_STEP][PASSED] - if (verifyElementPresent(findTestObject("Sayfalar/Giris_Sayfasi/PopupOK"), 5, OPTIONAL)): null

2021-11-18 11:51:29 - [MESSAGE][INFO] - Finding Test Object 'Object Repository/Sayfalar/Giris_Sayfasi/PopupOK'

2021-11-18 11:51:30 - [MESSAGE][INFO] - Checking object

2021-11-18 11:51:30 - [MESSAGE][INFO] - Finding web element from Test Object's properties

2021-11-18 11:51:30 - [MESSAGE][INFO] - Checking timeout

2021-11-18 11:51:30 - [MESSAGE][INFO] - Finding web element with id: 'Object Repository/Sayfalar/Giris_Sayfasi/PopupOK' located by 'By.cssSelector: .btn.btn-success' in '5' second(s)

2021-11-18 11:51:30 - [MESSAGE][INFO] - Smart Wait Function is triggered

2021-11-18 11:51:30 - [MESSAGE][INFO] - Found 1 web elements with id: 'Object Repository/Sayfalar/Giris_Sayfasi/PopupOK' located by 'By.cssSelector: .btn.btn-success' in '5' second(s)

2021-11-18 11:51:30 - [MESSAGE][PASSED] - Object 'Object Repository/Sayfalar/Giris_Sayfasi/PopupOK' is present

2021-11-18 11:51:30 - [TEST_STEP][PASSED] - click(findTestObject("Object Repository/Sayfalar/Giris_Sayfasi/PopupCarpiGiris")): Object: 'Object Repository/Sayfalar/Giris_Sayfasi/PopupCarpiGiris' is clicked on

2021-11-18 11:51:30 - [MESSAGE][INFO] - Finding Test Object 'Object Repository/Sayfalar/Giris_Sayfasi/PopupCarpiGiris'

2021-11-18 11:51:30 - [MESSAGE][INFO] - Checking object

2021-11-18 11:51:30 - [MESSAGE][INFO] - Finding web element from Test Object's properties

2021-11-18 11:51:30 - [MESSAGE][INFO] - Checking timeout

2021-11-18 11:51:30 - [MESSAGE][INFO] - Finding web element with id: 'Object Repository/Sayfalar/Giris_Sayfasi/PopupCarpiGiris' located by 'By.cssSelector: .bootbox-close-button.close' in '30' second(s)

2021-11-18 11:51:30 - [MESSAGE][INFO] - Smart Wait Function is triggered

2021-11-18 11:51:31 - [MESSAGE][INFO] - Found 1 web elements with id: 'Object Repository/Sayfalar/Giris_Sayfasi/PopupCarpiGiris' located by 'By.cssSelector: .bootbox-close-button.close' in '30' second(s)

2021-11-18 11:51:31 - [MESSAGE][INFO] - Clicking on object: 'Object Repository/Sayfalar/Giris_Sayfasi/PopupCarpiGiris'

2021-11-18 11:51:31 - [MESSAGE][PASSED] - Object: 'Object Repository/Sayfalar/Giris_Sayfasi/PopupCarpiGiris' is clicked on

2021-11-18 11:51:31 - [TEST_STEP][PASSED] - verifyElementVisible(findTestObject("Object Repository/Kullanici_Islemleri/KullaniciIslemleri")): Object 'Object Repository/Kullanici_Islemleri/KullaniciIslemleri' is visible

2021-11-18 11:51:31 - [MESSAGE][INFO] - Finding Test Object 'Object Repository/Kullanici_Islemleri/KullaniciIslemleri'

2021-11-18 11:51:31 - [MESSAGE][INFO] - Checking object

2021-11-18 11:51:31 - [MESSAGE][INFO] - Finding web element from Test Object's properties

2021-11-18 11:51:31 - [MESSAGE][INFO] - Checking timeout

2021-11-18 11:51:31 - [MESSAGE][INFO] - Finding web element with id: 'Object Repository/Kullanici_Islemleri/KullaniciIslemleri' located by 'By.cssSelector: .dropdown>a>img' in '30' second(s)

2021-11-18 11:51:31 - [MESSAGE][INFO] - Smart Wait Function is triggered

2021-11-18 11:51:32 - [MESSAGE][INFO] - Found 1 web elements with id: 'Object Repository/Kullanici_Islemleri/KullaniciIslemleri' located by 'By.cssSelector: .dropdown>a>img' in '30' second(s)

2021-11-18 11:51:32 - [MESSAGE][PASSED] - Object 'Object Repository/Kullanici_Islemleri/KullaniciIslemleri' is visible

2021-11-18 11:51:32 - [MESSAGE][PASSED] - Call Test Case 'Test Cases/Sayfalar/Giris_Sayfasi/Login' successfully

2021-11-18 11:51:32 - [MESSAGE][INFO] - Checking called Test Case

2021-11-18 11:51:32 - [MESSAGE][INFO] - Starting to call Test Case 'Test Cases/Menu/AnaMenuSecimi'

2021-11-18 11:51:32 - [TEST_CASE][PASSED] - Test Cases/Menu/AnaMenuSecimi: Test Cases/Menu/AnaMenuSecimi

2021-11-18 11:51:32 - [TEST_STEP][PASSED] - Method.TextDegerineEsitElementeTikla(findTestObject("Menu/Ana_Menu"), Ana_Menu): Method.TextDegerineEsitElementeTikla is PASSED

2021-11-18 11:51:32 - [MESSAGE][INFO] - Finding Test Object 'Object Repository/Menu/Ana_Menu'

2021-11-18 11:51:32 - [MESSAGE][INFO] - Checking timeout

2021-11-18 11:51:32 - [MESSAGE][INFO] - Finding web element with id: 'Object Repository/Menu/Ana_Menu' located by 'By.xpath: //*[@class = 'dropdown-toggle']' in '10' second(s)

2021-11-18 11:51:32 - [MESSAGE][INFO] - Smart Wait Function is triggered

2021-11-18 11:51:32 - [MESSAGE][INFO] - Found 14 web elements with id: 'Object Repository/Menu/Ana_Menu' located by 'By.xpath: //*[@class = 'dropdown-toggle']' in '10' second(s)

2021-11-18 11:51:33 - [MESSAGE][PASSED] - Method.TextDegerineEsitElementeTikla is PASSED

2021-11-18 11:51:33 - [MESSAGE][PASSED] - Call Test Case 'Test Cases/Menu/AnaMenuSecimi' successfully

2021-11-18 11:51:33 - [MESSAGE][INFO] - Checking called Test Case

2021-11-18 11:51:33 - [MESSAGE][INFO] - Starting to call Test Case 'Test Cases/Menu/AltMenuSecimi'

2021-11-18 11:51:33 - [TEST_CASE][PASSED] - Test Cases/Menu/AltMenuSecimi: Test Cases/Menu/AltMenuSecimi

2021-11-18 11:51:33 - [TEST_STEP][PASSED] - Method.TextDegerineEsitElementeTikla(findTestObject("Menu/Alt_Menu"), Alt_Menu): Method.TextDegerineEsitElementeTikla is PASSED

2021-11-18 11:51:33 - [MESSAGE][INFO] - Finding Test Object 'Object Repository/Menu/Alt_Menu'

2021-11-18 11:51:33 - [MESSAGE][INFO] - Checking timeout

2021-11-18 11:51:33 - [MESSAGE][INFO] - Finding web element with id: 'Object Repository/Menu/Alt_Menu' located by 'By.xpath: //li[@class='dropdown dropdown-large open']//li[@class='dropdown-element']' in '10' second(s)

2021-11-18 11:51:33 - [MESSAGE][INFO] - Smart Wait Function is triggered

2021-11-18 11:51:33 - [MESSAGE][INFO] - Found 1 web elements with id: 'Object Repository/Menu/Alt_Menu' located by 'By.xpath: //li[@class='dropdown dropdown-large open']//li[@class='dropdown-element']' in '10' second(s)

2021-11-18 11:51:36 - [MESSAGE][PASSED] - Method.TextDegerineEsitElementeTikla is PASSED

2021-11-18 11:51:36 - [MESSAGE][PASSED] - Call Test Case 'Test Cases/Menu/AltMenuSecimi' successfully

2021-11-18 11:51:36 - [MESSAGE][INFO] - Checking called Test Case

2021-11-18 11:51:36 - [MESSAGE][INFO] - Starting to call Test Case 'Test Cases/Sayfalar/Yetki_Yonetimi/SekmeSecilir'

2021-11-18 11:51:36 - [TEST_CASE][PASSED] - Test Cases/Sayfalar/Yetki_Yonetimi/SekmeSecilir: Test Cases/Sayfalar/Yetki_Yonetimi/SekmeSecilir

2021-11-18 11:51:36 - [TEST_STEP][PASSED] - Method.TextDegerineEsitElementeTikla(findTestObject("Object Repository/Sayfalar/Yetki_Yonetimi/Sekmeler"), Sekme): Method.TextDegerineEsitElementeTikla is PASSED

2021-11-18 11:51:36 - [MESSAGE][INFO] - Finding Test Object 'Object Repository/Sayfalar/Yetki_Yonetimi/Sekmeler'

2021-11-18 11:51:36 - [MESSAGE][INFO] - Checking timeout

2021-11-18 11:51:36 - [MESSAGE][INFO] - Finding web element with id: 'Object Repository/Sayfalar/Yetki_Yonetimi/Sekmeler' located by 'By.cssSelector: #pcFeatures_TC>li[class="dxtc-tab"] span,#pcFeatures_TC>li[class="dxtc-activeTab dxtc-lead"] span' in '10' second(s)

2021-11-18 11:51:36 - [MESSAGE][INFO] - Smart Wait Function is triggered

2021-11-18 11:51:36 - [MESSAGE][INFO] - Found 3 web elements with id: 'Object Repository/Sayfalar/Yetki_Yonetimi/Sekmeler' located by 'By.cssSelector: #pcFeatures_TC>li[class="dxtc-tab"] span,#pcFeatures_TC>li[class="dxtc-activeTab dxtc-lead"] span' in '10' second(s)

2021-11-18 11:51:36 - [MESSAGE][PASSED] - Method.TextDegerineEsitElementeTikla is PASSED

2021-11-18 11:51:36 - [MESSAGE][PASSED] - Call Test Case 'Test Cases/Sayfalar/Yetki_Yonetimi/SekmeSecilir' successfully

2021-11-18 11:51:36 - [MESSAGE][INFO] - Checking called Test Case

2021-11-18 11:51:36 - [MESSAGE][INFO] - Starting to call Test Case 'Test Cases/Filtreler/ButonaTikla'

2021-11-18 11:51:36 - [TEST_CASE][PASSED] - Test Cases/Filtreler/ButonaTikla: Test Cases/Filtreler/ButonaTikla

2021-11-18 11:51:36 - [TEST_STEP][PASSED] - Method.TextDegerineEsitElementeTikla(findTestObject("Filtreler/Butonlar"), Filtre_Buton): Method.TextDegerineEsitElementeTikla is PASSED

2021-11-18 11:51:36 - [MESSAGE][INFO] - Finding Test Object 'Object Repository/Filtreler/Butonlar'

2021-11-18 11:51:36 - [MESSAGE][INFO] - Checking timeout

2021-11-18 11:51:36 - [MESSAGE][INFO] - Finding web element with id: 'Object Repository/Filtreler/Butonlar' located by 'By.cssSelector: .dxb>span' in '10' second(s)

2021-11-18 11:51:36 - [MESSAGE][INFO] - Smart Wait Function is triggered

2021-11-18 11:51:37 - [MESSAGE][INFO] - Found 6 web elements with id: 'Object Repository/Filtreler/Butonlar' located by 'By.cssSelector: .dxb>span' in '10' second(s)

2021-11-18 11:51:37 - [MESSAGE][PASSED] - Method.TextDegerineEsitElementeTikla is PASSED

2021-11-18 11:51:37 - [MESSAGE][PASSED] - Call Test Case 'Test Cases/Filtreler/ButonaTikla' successfully

2021-11-18 11:51:37 - [MESSAGE][INFO] - Checking called Test Case

2021-11-18 11:51:37 - [MESSAGE][INFO] - Starting to call Test Case 'Test Cases/Tablo/TablodaVeriVarMi'

2021-11-18 11:51:37 - [TEST_CASE][PASSED] - Test Cases/Tablo/TablodaVeriVarMi: Test Cases/Tablo/TablodaVeriVarMi

2021-11-18 11:51:37 - [TEST_STEP][PASSED] - verifyTextNotPresent("Görüntülenecek veri yok", true): Text 'Görüntülenecek veri yok' is not present on page using regular expression

2021-11-18 11:51:37 - [MESSAGE][INFO] - Checking text present  using regular expression

2021-11-18 11:51:37 - [MESSAGE][INFO] - Smart Wait Function is triggered

2021-11-18 11:51:38 - [MESSAGE][INFO] - Finding text 'Görüntülenecek veri yok' on page  using regular expression

2021-11-18 11:51:38 - [MESSAGE][PASSED] - Text 'Görüntülenecek veri yok' is not present on page using regular expression

2021-11-18 11:51:38 - [MESSAGE][PASSED] - Call Test Case 'Test Cases/Tablo/TablodaVeriVarMi' successfully

2021-11-18 11:51:38 - [MESSAGE][INFO] - Checking called Test Case

2021-11-18 11:51:38 - [MESSAGE][INFO] - Starting to call Test Case 'Test Cases/Tablo/TablodanVeriSec'

2021-11-18 11:51:38 - [TEST_CASE][PASSED] - Test Cases/Tablo/TablodanVeriSec: Test Cases/Tablo/TablodanVeriSec

2021-11-18 11:51:38 - [TEST_STEP][PASSED] - Method.TextDegerineEsitElementinAltindakineTikla(findTestObject("Tablo/Veriler"), findTestObject("Tablo/VerininCheckBoxi"), Veri_Adi): Method.TextDegerineEsitElementinAltindakineTikla is PASSED

2021-11-18 11:51:38 - [MESSAGE][INFO] - Finding Test Object 'Object Repository/Tablo/Veriler'

2021-11-18 11:51:38 - [MESSAGE][INFO] - Finding Test Object 'Object Repository/Tablo/VerininCheckBoxi'

2021-11-18 11:51:38 - [MESSAGE][INFO] - Checking timeout

2021-11-18 11:51:38 - [MESSAGE][INFO] - Finding web element with id: 'Object Repository/Tablo/Veriler' located by 'By.cssSelector: td.dxgv b ,td.dxgv' in '10' second(s)

2021-11-18 11:51:38 - [MESSAGE][INFO] - Smart Wait Function is triggered

2021-11-18 11:51:38 - [MESSAGE][INFO] - Found 22 web elements with id: 'Object Repository/Tablo/Veriler' located by 'By.cssSelector: td.dxgv b ,td.dxgv' in '10' second(s)

2021-11-18 11:51:38 - [MESSAGE][INFO] - Smart Wait Function is triggered

2021-11-18 11:51:38 - [MESSAGE][PASSED] - Method.TextDegerineEsitElementinAltindakineTikla is PASSED

2021-11-18 11:51:38 - [MESSAGE][PASSED] - Call Test Case 'Test Cases/Tablo/TablodanVeriSec' successfully

2021-11-18 11:51:38 - [MESSAGE][INFO] - Checking called Test Case

2021-11-18 11:51:38 - [MESSAGE][INFO] - Starting to call Test Case 'Test Cases/Butonlar/ButonaTikla'

2021-11-18 11:51:39 - [TEST_CASE][PASSED] - Test Cases/Butonlar/ButonaTikla: Test Cases/Butonlar/ButonaTikla

2021-11-18 11:51:39 - [TEST_STEP][PASSED] - Method.TextDegerineEsitElementeTiklaEquals(findTestObject("Butonlar/Butonlar"), Buton_Adi): Method.TextDegerineEsitElementeTiklaEquals is PASSED

2021-11-18 11:51:39 - [MESSAGE][INFO] - Finding Test Object 'Object Repository/Butonlar/Butonlar'

2021-11-18 11:51:39 - [MESSAGE][INFO] - Checking timeout

2021-11-18 11:51:39 - [MESSAGE][INFO] - Finding web element with id: 'Object Repository/Butonlar/Butonlar' located by 'By.cssSelector: .panel.panel-default.text-center.footerPanel .btn,.btn.btn-primary.btnControls' in '10' second(s)

2021-11-18 11:51:39 - [MESSAGE][INFO] - Smart Wait Function is triggered

2021-11-18 11:51:39 - [MESSAGE][INFO] - Found 12 web elements with id: 'Object Repository/Butonlar/Butonlar' located by 'By.cssSelector: .panel.panel-default.text-center.footerPanel .btn,.btn.btn-primary.btnControls' in '10' second(s)

2021-11-18 11:51:40 - [MESSAGE][PASSED] - Method.TextDegerineEsitElementeTiklaEquals is PASSED

2021-11-18 11:51:40 - [MESSAGE][PASSED] - Call Test Case 'Test Cases/Butonlar/ButonaTikla' successfully

2021-11-18 11:51:40 - [MESSAGE][INFO] - Checking called Test Case

2021-11-18 11:51:40 - [MESSAGE][INFO] - Starting to call Test Case 'Test Cases/Sayfalar/Yetki_Yonetimi/KuralSilinir'

2021-11-18 11:51:40 - [TEST_CASE][PASSED] - Test Cases/Sayfalar/Yetki_Yonetimi/KuralSilinir: Test Cases/Sayfalar/Yetki_Yonetimi/KuralSilinir

2021-11-18 11:51:40 - [TEST_STEP][PASSED] - switchToFrame(findTestObject("Object Repository/Sayfalar/Yetki_Yonetimi/Kural_Tanimlama/frame"), 10): Switched to iframe: 'Object Repository/Sayfalar/Yetki_Yonetimi/Kural_Tanimlama/frame'

2021-11-18 11:51:40 - [MESSAGE][INFO] - Finding Test Object 'Object Repository/Sayfalar/Yetki_Yonetimi/Kural_Tanimlama/frame'

2021-11-18 11:51:40 - [MESSAGE][INFO] - Switching to iframe: 'Object Repository/Sayfalar/Yetki_Yonetimi/Kural_Tanimlama/frame'

2021-11-18 11:51:40 - [MESSAGE][INFO] - Finding web element from Test Object's properties

2021-11-18 11:51:40 - [MESSAGE][INFO] - Checking timeout

2021-11-18 11:51:40 - [MESSAGE][INFO] - Finding web element with id: 'Object Repository/Sayfalar/Yetki_Yonetimi/Kural_Tanimlama/frame' located by 'By.xpath: //*[@id = 'departmentruleframe']' in '10' second(s)

2021-11-18 11:51:40 - [MESSAGE][INFO] - Smart Wait Function is triggered

2021-11-18 11:51:41 - [MESSAGE][INFO] - Found 1 web elements with id: 'Object Repository/Sayfalar/Yetki_Yonetimi/Kural_Tanimlama/frame' located by 'By.xpath: //*[@id = 'departmentruleframe']' in '10' second(s)

2021-11-18 11:51:41 - [MESSAGE][INFO] - Switched to iframe: 'Object Repository/Sayfalar/Yetki_Yonetimi/Kural_Tanimlama/frame'

2021-11-18 11:51:41 - [TEST_STEP][PASSED] - waitForElementClickable(findTestObject("Object Repository/Sayfalar/Yetki_Yonetimi/Kural_Tanimlama/sil"), 10): Object 'Object Repository/Sayfalar/Yetki_Yonetimi/Kural_Tanimlama/sil' is clickable

2021-11-18 11:51:41 - [MESSAGE][INFO] - Finding Test Object 'Object Repository/Sayfalar/Yetki_Yonetimi/Kural_Tanimlama/sil'

2021-11-18 11:51:41 - [MESSAGE][INFO] - Checking object

2021-11-18 11:51:41 - [MESSAGE][INFO] - Checking timeout

2021-11-18 11:51:41 - [MESSAGE][INFO] - Finding web element from Test Object's properties

2021-11-18 11:51:41 - [MESSAGE][INFO] - Checking timeout

2021-11-18 11:51:41 - [MESSAGE][INFO] - Finding web element with id: 'Object Repository/Sayfalar/Yetki_Yonetimi/Kural_Tanimlama/sil' located by 'By.cssSelector: .fa.fa-trash-o.fa-lg.text-danger' in '10' second(s)

2021-11-18 11:51:41 - [MESSAGE][INFO] - Smart Wait Function is triggered

2021-11-18 11:51:41 - [MESSAGE][INFO] - Found 1 web elements with id: 'Object Repository/Sayfalar/Yetki_Yonetimi/Kural_Tanimlama/sil' located by 'By.cssSelector: .fa.fa-trash-o.fa-lg.text-danger' in '10' second(s)

2021-11-18 11:51:41 - [MESSAGE][PASSED] - Object 'Object Repository/Sayfalar/Yetki_Yonetimi/Kural_Tanimlama/sil' is clickable

2021-11-18 11:51:41 - [TEST_STEP][PASSED] - click(findTestObject("Object Repository/Sayfalar/Yetki_Yonetimi/Kural_Tanimlama/sil")): Object: 'Object Repository/Sayfalar/Yetki_Yonetimi/Kural_Tanimlama/sil' is clicked on

2021-11-18 11:51:41 - [MESSAGE][INFO] - Finding Test Object 'Object Repository/Sayfalar/Yetki_Yonetimi/Kural_Tanimlama/sil'

2021-11-18 11:51:41 - [MESSAGE][INFO] - Checking object

2021-11-18 11:51:41 - [MESSAGE][INFO] - Finding web element from Test Object's properties

2021-11-18 11:51:41 - [MESSAGE][INFO] - Checking timeout

2021-11-18 11:51:41 - [MESSAGE][INFO] - Finding web element with id: 'Object Repository/Sayfalar/Yetki_Yonetimi/Kural_Tanimlama/sil' located by 'By.cssSelector: .fa.fa-trash-o.fa-lg.text-danger' in '30' second(s)

2021-11-18 11:51:41 - [MESSAGE][INFO] - Smart Wait Function is triggered

2021-11-18 11:51:41 - [MESSAGE][INFO] - Found 1 web elements with id: 'Object Repository/Sayfalar/Yetki_Yonetimi/Kural_Tanimlama/sil' located by 'By.cssSelector: .fa.fa-trash-o.fa-lg.text-danger' in '30' second(s)

2021-11-18 11:51:41 - [MESSAGE][INFO] - Clicking on object: 'Object Repository/Sayfalar/Yetki_Yonetimi/Kural_Tanimlama/sil'

2021-11-18 11:51:41 - [MESSAGE][PASSED] - Object: 'Object Repository/Sayfalar/Yetki_Yonetimi/Kural_Tanimlama/sil' is clicked on

2021-11-18 11:51:41 - [TEST_STEP][PASSED] - switchToDefaultContent(): Switching to default content

2021-11-18 11:51:41 - [MESSAGE][INFO] - Switching to default content

2021-11-18 11:51:41 - [TEST_STEP][PASSED] - waitForElementClickable(findTestObject("Object Repository/Sayfalar/Yetki_Yonetimi/Kural_Tanimlama/Kapat"), 10): Object 'Object Repository/Sayfalar/Yetki_Yonetimi/Kural_Tanimlama/Kapat' is clickable

2021-11-18 11:51:41 - [MESSAGE][INFO] - Finding Test Object 'Object Repository/Sayfalar/Yetki_Yonetimi/Kural_Tanimlama/Kapat'

2021-11-18 11:51:41 - [MESSAGE][INFO] - Checking object

2021-11-18 11:51:41 - [MESSAGE][INFO] - Checking timeout

2021-11-18 11:51:41 - [MESSAGE][INFO] - Finding web element from Test Object's properties

2021-11-18 11:51:41 - [MESSAGE][INFO] - Checking timeout

2021-11-18 11:51:41 - [MESSAGE][INFO] - Finding web element with id: 'Object Repository/Sayfalar/Yetki_Yonetimi/Kural_Tanimlama/Kapat' located by 'By.cssSelector: #departmentRule span' in '10' second(s)

2021-11-18 11:51:41 - [MESSAGE][INFO] - Smart Wait Function is triggered

2021-11-18 11:51:42 - [MESSAGE][INFO] - Found 1 web elements with id: 'Object Repository/Sayfalar/Yetki_Yonetimi/Kural_Tanimlama/Kapat' located by 'By.cssSelector: #departmentRule span' in '10' second(s)

2021-11-18 11:51:42 - [MESSAGE][PASSED] - Object 'Object Repository/Sayfalar/Yetki_Yonetimi/Kural_Tanimlama/Kapat' is clickable

2021-11-18 11:51:42 - [TEST_STEP][PASSED] - click(findTestObject("Object Repository/Sayfalar/Yetki_Yonetimi/Kural_Tanimlama/Kapat")): Object: 'Object Repository/Sayfalar/Yetki_Yonetimi/Kural_Tanimlama/Kapat' is clicked on

2021-11-18 11:51:42 - [MESSAGE][INFO] - Finding Test Object 'Object Repository/Sayfalar/Yetki_Yonetimi/Kural_Tanimlama/Kapat'

2021-11-18 11:51:42 - [MESSAGE][INFO] - Checking object

2021-11-18 11:51:42 - [MESSAGE][INFO] - Finding web element from Test Object's properties

2021-11-18 11:51:42 - [MESSAGE][INFO] - Checking timeout

2021-11-18 11:51:42 - [MESSAGE][INFO] - Finding web element with id: 'Object Repository/Sayfalar/Yetki_Yonetimi/Kural_Tanimlama/Kapat' located by 'By.cssSelector: #departmentRule span' in '30' second(s)

2021-11-18 11:51:42 - [MESSAGE][INFO] - Smart Wait Function is triggered

2021-11-18 11:51:42 - [MESSAGE][INFO] - Found 1 web elements with id: 'Object Repository/Sayfalar/Yetki_Yonetimi/Kural_Tanimlama/Kapat' located by 'By.cssSelector: #departmentRule span' in '30' second(s)

2021-11-18 11:51:42 - [MESSAGE][INFO] - Clicking on object: 'Object Repository/Sayfalar/Yetki_Yonetimi/Kural_Tanimlama/Kapat'

2021-11-18 11:51:42 - [MESSAGE][PASSED] - Object: 'Object Repository/Sayfalar/Yetki_Yonetimi/Kural_Tanimlama/Kapat' is clicked on

2021-11-18 11:51:42 - [MESSAGE][PASSED] - Call Test Case 'Test Cases/Sayfalar/Yetki_Yonetimi/KuralSilinir' successfully

2021-11-18 11:51:42 - [MESSAGE][INFO] - Checking called Test Case

2021-11-18 11:51:42 - [MESSAGE][INFO] - Starting to call Test Case 'Test Cases/Kullanici_Islemleri/KullaniciIslemlerindenSecimYapilir'

2021-11-18 11:51:42 - [TEST_CASE][PASSED] - Test Cases/Kullanici_Islemleri/KullaniciIslemlerindenSecimYapilir: Test Cases/Kullanici_Islemleri/KullaniciIslemlerindenSecimYapilir

2021-11-18 11:51:42 - [TEST_STEP][PASSED] - waitForElementClickable(findTestObject("Object Repository/Kullanici_Islemleri/KullaniciIslemleri"), 10): Object 'Object Repository/Kullanici_Islemleri/KullaniciIslemleri' is clickable

2021-11-18 11:51:42 - [MESSAGE][INFO] - Finding Test Object 'Object Repository/Kullanici_Islemleri/KullaniciIslemleri'

2021-11-18 11:51:42 - [MESSAGE][INFO] - Checking object

2021-11-18 11:51:42 - [MESSAGE][INFO] - Checking timeout

2021-11-18 11:51:42 - [MESSAGE][INFO] - Finding web element from Test Object's properties

2021-11-18 11:51:42 - [MESSAGE][INFO] - Checking timeout

2021-11-18 11:51:42 - [MESSAGE][INFO] - Finding web element with id: 'Object Repository/Kullanici_Islemleri/KullaniciIslemleri' located by 'By.cssSelector: .dropdown>a>img' in '10' second(s)

2021-11-18 11:51:42 - [MESSAGE][INFO] - Smart Wait Function is triggered

2021-11-18 11:51:43 - [MESSAGE][INFO] - Found 1 web elements with id: 'Object Repository/Kullanici_Islemleri/KullaniciIslemleri' located by 'By.cssSelector: .dropdown>a>img' in '10' second(s)

2021-11-18 11:51:43 - [MESSAGE][PASSED] - Object 'Object Repository/Kullanici_Islemleri/KullaniciIslemleri' is clickable

2021-11-18 11:51:43 - [TEST_STEP][PASSED] - click(findTestObject("Object Repository/Kullanici_Islemleri/KullaniciIslemleri")): Object: 'Object Repository/Kullanici_Islemleri/KullaniciIslemleri' is clicked on

2021-11-18 11:51:43 - [MESSAGE][INFO] - Finding Test Object 'Object Repository/Kullanici_Islemleri/KullaniciIslemleri'

2021-11-18 11:51:43 - [MESSAGE][INFO] - Checking object

2021-11-18 11:51:43 - [MESSAGE][INFO] - Finding web element from Test Object's properties

2021-11-18 11:51:43 - [MESSAGE][INFO] - Checking timeout

2021-11-18 11:51:43 - [MESSAGE][INFO] - Finding web element with id: 'Object Repository/Kullanici_Islemleri/KullaniciIslemleri' located by 'By.cssSelector: .dropdown>a>img' in '30' second(s)

2021-11-18 11:51:43 - [MESSAGE][INFO] - Smart Wait Function is triggered

2021-11-18 11:51:43 - [MESSAGE][INFO] - Found 1 web elements with id: 'Object Repository/Kullanici_Islemleri/KullaniciIslemleri' located by 'By.cssSelector: .dropdown>a>img' in '30' second(s)

2021-11-18 11:51:43 - [MESSAGE][INFO] - Clicking on object: 'Object Repository/Kullanici_Islemleri/KullaniciIslemleri'

2021-11-18 11:51:43 - [MESSAGE][PASSED] - Object: 'Object Repository/Kullanici_Islemleri/KullaniciIslemleri' is clicked on

2021-11-18 11:51:43 - [TEST_STEP][PASSED] - Method.TextDegerineEsitElementeTikla(findTestObject("Object Repository/Kullanici_Islemleri/Secenekler"), Islem): Method.TextDegerineEsitElementeTikla is PASSED

2021-11-18 11:51:43 - [MESSAGE][INFO] - Finding Test Object 'Object Repository/Kullanici_Islemleri/Secenekler'

2021-11-18 11:51:43 - [MESSAGE][INFO] - Checking timeout

2021-11-18 11:51:43 - [MESSAGE][INFO] - Finding web element with id: 'Object Repository/Kullanici_Islemleri/Secenekler' located by 'By.cssSelector: .nav.navbar-nav.navbar-right li a' in '10' second(s)

2021-11-18 11:51:43 - [MESSAGE][INFO] - Smart Wait Function is triggered

2021-11-18 11:51:43 - [MESSAGE][INFO] - Found 22 web elements with id: 'Object Repository/Kullanici_Islemleri/Secenekler' located by 'By.cssSelector: .nav.navbar-nav.navbar-right li a' in '10' second(s)

2021-11-18 11:51:44 - [MESSAGE][PASSED] - Method.TextDegerineEsitElementeTikla is PASSED

2021-11-18 11:51:44 - [TEST_STEP][PASSED] - verifyElementNotPresent(findTestObject("Object Repository/Kullanici_Islemleri/Secenekler"), 10): Web element with id: 'Object Repository/Kullanici_Islemleri/Secenekler' located by 'By.cssSelector: .nav.navbar-nav.navbar-right li a' is not present after '10' second(s)

2021-11-18 11:51:44 - [MESSAGE][INFO] - Finding Test Object 'Object Repository/Kullanici_Islemleri/Secenekler'

2021-11-18 11:51:45 - [MESSAGE][INFO] - Checking object

2021-11-18 11:51:45 - [MESSAGE][INFO] - Checking timeout

2021-11-18 11:51:45 - [MESSAGE][INFO] - Finding web element with id: 'Object Repository/Kullanici_Islemleri/Secenekler' located by 'By.cssSelector: .nav.navbar-nav.navbar-right li a' in '10' second(s)

2021-11-18 11:51:45 - [MESSAGE][INFO] - Smart Wait Function is triggered

2021-11-18 11:51:45 - [MESSAGE][PASSED] - Web element with id: 'Object Repository/Kullanici_Islemleri/Secenekler' located by 'By.cssSelector: .nav.navbar-nav.navbar-right li a' is not present after '10' second(s)

2021-11-18 11:51:45 - [MESSAGE][PASSED] - Call Test Case 'Test Cases/Kullanici_Islemleri/KullaniciIslemlerindenSecimYapilir' successfully

2021-11-18 11:51:45 - [TEST_CASE][PASSED] - Start Test Case : SCENARIO Kural silme: SCENARIO Kural silme

2021-11-18 11:51:45 - [TEST_STEP][PASSED] - Kullanıcı adı ELOGO6 ve Şifre 123456 olarak giriş yapılır: Kullanıcı adı ELOGO6 ve Şifre 123456 olarak giriş yapılır

2021-11-18 11:51:45 - [MESSAGE][PASSED] - Kullanıcı adı ELOGO6 ve Şifre 123456 olarak giriş yapılır

2021-11-18 11:51:45 - [TEST_STEP][PASSED] - Ana menüden Firma Yönetimi seçilir: Ana menüden Firma Yönetimi seçilir

2021-11-18 11:51:45 - [MESSAGE][PASSED] - Ana menüden Firma Yönetimi seçilir

2021-11-18 11:51:45 - [TEST_STEP][PASSED] - Alt menüden Yetki Yönetimi seçilir: Alt menüden Yetki Yönetimi seçilir

2021-11-18 11:51:45 - [MESSAGE][PASSED] - Alt menüden Yetki Yönetimi seçilir

2021-11-18 11:51:45 - [TEST_STEP][PASSED] - Sekmelerden Departman Tanımları seçilir: Sekmelerden Departman Tanımları seçilir

2021-11-18 11:51:45 - [MESSAGE][PASSED] - Sekmelerden Departman Tanımları seçilir

2021-11-18 11:51:45 - [TEST_STEP][PASSED] - Filtre butonlarından Listele seçilir: Filtre butonlarından Listele seçilir

2021-11-18 11:51:45 - [MESSAGE][PASSED] - Filtre butonlarından Listele seçilir

2021-11-18 11:51:45 - [TEST_STEP][PASSED] - Tabloda veri var mı kontrol edilir: Tabloda veri var mı kontrol edilir

2021-11-18 11:51:45 - [MESSAGE][PASSED] - Tabloda veri var mı kontrol edilir

2021-11-18 11:51:45 - [TEST_STEP][PASSED] - Tablodan VirgosolDepartman isimli veri seçilir: Tablodan VirgosolDepartman isimli veri seçilir

2021-11-18 11:51:45 - [MESSAGE][PASSED] - Tablodan VirgosolDepartman isimli veri seçilir

2021-11-18 11:51:45 - [TEST_STEP][PASSED] - Butonlardan Kural Tanımla isimli butona tıklanır: Butonlardan Kural Tanımla isimli butona tıklanır

2021-11-18 11:51:45 - [MESSAGE][PASSED] - Butonlardan Kural Tanımla isimli butona tıklanır

2021-11-18 11:51:45 - [TEST_STEP][PASSED] - Kural silinir: Kural silinir

2021-11-18 11:51:45 - [MESSAGE][PASSED] - Kural silinir

2021-11-18 11:51:45 - [TEST_STEP][PASSED] - Kullanıcı işlemlerinden Çıkış seçilir: Kullanıcı işlemlerinden Çıkış seçilir

2021-11-18 11:51:45 - [MESSAGE][PASSED] - Kullanıcı işlemlerinden Çıkış seçilir

2021-11-18 11:51:45 - [MESSAGE][PASSED] - Feature file: 'Include/features/Firma Yonetimi/Yetki Yonetimi/Departman Tanimlari/Kural Tanimla/Kural Sil.feature' was passed

2021-11-18 11:51:45 - [TEST_STEP][PASSED] - Start listener action : sampleAfterTestSuite: Invoke 'com.kms.katalon.core.annotation.AfterTestCase' method: 'Listener.sampleAfterTestSuite(...)' completed.

2021-11-18 11:51:45 - [MESSAGE][INFO] - Starting invoke 'com.kms.katalon.core.annotation.AfterTestCase' method: 'Listener.sampleAfterTestSuite(...)'

2021-11-18 11:51:45 - [TEST_STEP][PASSED] - closeBrowser(): Invoke 'com.kms.katalon.core.annotation.AfterTestCase' method: 'Listener.sampleAfterTestSuite(...)' completed.

2021-11-18 11:51:45 - [MESSAGE][INFO] - Closing browser

2021-11-18 11:51:46 - [MESSAGE][PASSED] - Browser is closed

2021-11-18 11:51:46 - [MESSAGE][INFO] - Invoke 'com.kms.katalon.core.annotation.AfterTestCase' method: 'Listener.sampleAfterTestSuite(...)' completed.]]></system-out>
         <system-err><![CDATA[]]></system-err>
      </testcase>
      <testcase name="Test Cases/Case Repository/Firma Yonetimi/Yetki Yonetimi/Departman Tanimlari/Sil" time="32.391" classname="Test Cases/Case Repository/Firma Yonetimi/Yetki Yonetimi/Departman Tanimlari/Sil" status="PASSED">
         <system-out><![CDATA[2021-11-18 11:51:46 - [TEST_CASE][PASSED] - Test Cases/Case Repository/Firma Yonetimi/Yetki Yonetimi/Departman Tanimlari/Sil: Test Cases/Case Repository/Firma Yonetimi/Yetki Yonetimi/Departman Tanimlari/Sil

2021-11-18 11:51:46 - [TEST_STEP][PASSED] - Start listener action : sampleBeforeTestSuite: Invoke 'com.kms.katalon.core.annotation.BeforeTestCase' method: 'Listener.sampleBeforeTestSuite(...)' completed.

2021-11-18 11:51:46 - [MESSAGE][INFO] - Starting invoke 'com.kms.katalon.core.annotation.BeforeTestCase' method: 'Listener.sampleBeforeTestSuite(...)'

2021-11-18 11:51:46 - [TEST_STEP][PASSED] - openBrowser(baseUrl): Browser is opened with url: 'https://efatura-stage.elogo.com.tr/'

2021-11-18 11:51:46 - [MESSAGE][INFO] - Opening browser

2021-11-18 11:51:46 - [MESSAGE][INFO] - Starting 'Chrome' driver

2021-11-18 11:51:46 - [MESSAGE][INFO] - User set preference: ['prefs', '{download.default_directory=C:\otomasyondownfiles}']

2021-11-18 11:51:46 - [MESSAGE][INFO] - Action delay is set to 0 milliseconds

2021-11-18 11:51:47 - [MESSAGE][INFO] - Navigating browser to: 'https://efatura-stage.elogo.com.tr/'

2021-11-18 11:51:49 - [MESSAGE][PASSED] - Browser is opened with url: 'https://efatura-stage.elogo.com.tr/'

2021-11-18 11:51:49 - [TEST_STEP][PASSED] - maximizeWindow(): Invoke 'com.kms.katalon.core.annotation.BeforeTestCase' method: 'Listener.sampleBeforeTestSuite(...)' completed.

2021-11-18 11:51:49 - [MESSAGE][INFO] - Maximizing current window

2021-11-18 11:51:50 - [MESSAGE][PASSED] - Current window maximized

2021-11-18 11:51:50 - [MESSAGE][INFO] - Invoke 'com.kms.katalon.core.annotation.BeforeTestCase' method: 'Listener.sampleBeforeTestSuite(...)' completed.

2021-11-18 11:51:50 - [TEST_STEP][PASSED] - runFeatureFile("Include/features/Firma Yonetimi/Yetki Yonetimi/Departman Tanimlari/Sil.feature"): Feature file: 'Include/features/Firma Yonetimi/Yetki Yonetimi/Departman Tanimlari/Sil.feature' was passed

2021-11-18 11:51:50 - [MESSAGE][INFO] - Starting run keyword runFeatureFile: 'Include/features/Firma Yonetimi/Yetki Yonetimi/Departman Tanimlari/Sil.feature' and extract report to folder: 'C:\Users\DELL\Documents\GitHub\EES_KatalonLogo\Reports\20211118_110909\Suite Repository\Firma_Yonetimi\20211118_111017/cucumber_report/1637225510748'...

2021-11-18 11:51:50 - [MESSAGE][INFO] - Glue: []

2021-11-18 11:51:52 - [MESSAGE][INFO] - Checking called Test Case

2021-11-18 11:51:52 - [MESSAGE][INFO] - Starting to call Test Case 'Test Cases/Sayfalar/Giris_Sayfasi/Login'

2021-11-18 11:51:52 - [TEST_CASE][PASSED] - Test Cases/Sayfalar/Giris_Sayfasi/Login: Test Cases/Sayfalar/Giris_Sayfasi/Login

2021-11-18 11:51:52 - [TEST_STEP][PASSED] - Sayfa_Basligi = getWindowTitle(): Current window's title is: 'LOGO e-Fatura'

2021-11-18 11:51:52 - [MESSAGE][INFO] - Getting current window's title

2021-11-18 11:51:52 - [MESSAGE][PASSED] - Current window's title is: 'LOGO e-Fatura'

2021-11-18 11:51:52 - [TEST_STEP][PASSED] - verifyMatch(Sayfa_Basligi, "LOGO e-Fatura", false): Actual text 'LOGO e-Fatura' and expected text 'LOGO e-Fatura' are matched 

2021-11-18 11:51:52 - [MESSAGE][INFO] - Matching actual text 'LOGO e-Fatura' with expected text 'LOGO e-Fatura'

2021-11-18 11:51:52 - [MESSAGE][PASSED] - Actual text 'LOGO e-Fatura' and expected text 'LOGO e-Fatura' are matched 

2021-11-18 11:51:52 - [TEST_STEP][PASSED] - sendKeys(findTestObject("Sayfalar/Giris_Sayfasi/Firma_Kodu"), KullaniciAdi): Keys 'ELOGO6' sent to object: 'Object Repository/Sayfalar/Giris_Sayfasi/Firma_Kodu'

2021-11-18 11:51:52 - [MESSAGE][INFO] - Finding Test Object 'Object Repository/Sayfalar/Giris_Sayfasi/Firma_Kodu'

2021-11-18 11:51:52 - [MESSAGE][INFO] - Sending keys 'ELOGO6' to object: 'Object Repository/Sayfalar/Giris_Sayfasi/Firma_Kodu'

2021-11-18 11:51:52 - [MESSAGE][INFO] - Finding web element from Test Object's properties

2021-11-18 11:51:52 - [MESSAGE][INFO] - Checking timeout

2021-11-18 11:51:52 - [MESSAGE][INFO] - Finding web element with id: 'Object Repository/Sayfalar/Giris_Sayfasi/Firma_Kodu' located by 'By.xpath: //*[@id = 'AccountName']' in '30' second(s)

2021-11-18 11:51:52 - [MESSAGE][INFO] - Smart Wait Function is triggered

2021-11-18 11:51:52 - [MESSAGE][INFO] - Found 1 web elements with id: 'Object Repository/Sayfalar/Giris_Sayfasi/Firma_Kodu' located by 'By.xpath: //*[@id = 'AccountName']' in '30' second(s)

2021-11-18 11:51:52 - [MESSAGE][PASSED] - Keys 'ELOGO6' sent to object: 'Object Repository/Sayfalar/Giris_Sayfasi/Firma_Kodu'

2021-11-18 11:51:52 - [TEST_STEP][PASSED] - sendKeys(findTestObject("Sayfalar/Giris_Sayfasi/Sifre"), Sifre): Keys '123456' sent to object: 'Object Repository/Sayfalar/Giris_Sayfasi/Sifre'

2021-11-18 11:51:52 - [MESSAGE][INFO] - Finding Test Object 'Object Repository/Sayfalar/Giris_Sayfasi/Sifre'

2021-11-18 11:51:52 - [MESSAGE][INFO] - Sending keys '123456' to object: 'Object Repository/Sayfalar/Giris_Sayfasi/Sifre'

2021-11-18 11:51:52 - [MESSAGE][INFO] - Finding web element from Test Object's properties

2021-11-18 11:51:52 - [MESSAGE][INFO] - Checking timeout

2021-11-18 11:51:52 - [MESSAGE][INFO] - Finding web element with id: 'Object Repository/Sayfalar/Giris_Sayfasi/Sifre' located by 'By.xpath: //*[@id = 'Password']' in '30' second(s)

2021-11-18 11:51:52 - [MESSAGE][INFO] - Smart Wait Function is triggered

2021-11-18 11:51:53 - [MESSAGE][INFO] - Found 1 web elements with id: 'Object Repository/Sayfalar/Giris_Sayfasi/Sifre' located by 'By.xpath: //*[@id = 'Password']' in '30' second(s)

2021-11-18 11:51:53 - [MESSAGE][PASSED] - Keys '123456' sent to object: 'Object Repository/Sayfalar/Giris_Sayfasi/Sifre'

2021-11-18 11:51:53 - [TEST_STEP][PASSED] - findWebElement(findTestObject("Sayfalar/Giris_Sayfasi/Giris_Butonu")).click(): Found 1 web elements with id: 'Object Repository/Sayfalar/Giris_Sayfasi/Giris_Butonu' located by 'By.cssSelector: #btnLogin' in '30' second(s)

2021-11-18 11:51:53 - [MESSAGE][INFO] - Finding Test Object 'Object Repository/Sayfalar/Giris_Sayfasi/Giris_Butonu'

2021-11-18 11:51:53 - [MESSAGE][INFO] - Finding web element from Test Object's properties

2021-11-18 11:51:53 - [MESSAGE][INFO] - Checking timeout

2021-11-18 11:51:53 - [MESSAGE][INFO] - Finding web element with id: 'Object Repository/Sayfalar/Giris_Sayfasi/Giris_Butonu' located by 'By.cssSelector: #btnLogin' in '30' second(s)

2021-11-18 11:51:53 - [MESSAGE][INFO] - Smart Wait Function is triggered

2021-11-18 11:51:53 - [MESSAGE][INFO] - Found 1 web elements with id: 'Object Repository/Sayfalar/Giris_Sayfasi/Giris_Butonu' located by 'By.cssSelector: #btnLogin' in '30' second(s)

2021-11-18 11:51:56 - [TEST_STEP][PASSED] - if (verifyElementPresent(findTestObject("Object Repository/Sayfalar/Giris_Sayfasi/RetveTamam_Butonu"), 5, OPTIONAL)): null

2021-11-18 11:51:56 - [MESSAGE][INFO] - Finding Test Object 'Object Repository/Sayfalar/Giris_Sayfasi/RetveTamam_Butonu'

2021-11-18 11:51:56 - [MESSAGE][INFO] - Checking object

2021-11-18 11:51:56 - [MESSAGE][INFO] - Finding web element from Test Object's properties

2021-11-18 11:51:56 - [MESSAGE][INFO] - Checking timeout

2021-11-18 11:51:56 - [MESSAGE][INFO] - Finding web element with id: 'Object Repository/Sayfalar/Giris_Sayfasi/RetveTamam_Butonu' located by 'By.xpath: //*[@class = 'btn btn-default']' in '5' second(s)

2021-11-18 11:51:56 - [MESSAGE][INFO] - Smart Wait Function is triggered

2021-11-18 11:51:56 - [MESSAGE][INFO] - Found 1 web elements with id: 'Object Repository/Sayfalar/Giris_Sayfasi/RetveTamam_Butonu' located by 'By.xpath: //*[@class = 'btn btn-default']' in '5' second(s)

2021-11-18 11:51:56 - [MESSAGE][PASSED] - Object 'Object Repository/Sayfalar/Giris_Sayfasi/RetveTamam_Butonu' is present

2021-11-18 11:51:56 - [TEST_STEP][PASSED] - click(findTestObject("Object Repository/Sayfalar/Giris_Sayfasi/RetveTamam_Butonu")): Object: 'Object Repository/Sayfalar/Giris_Sayfasi/RetveTamam_Butonu' is clicked on

2021-11-18 11:51:56 - [MESSAGE][INFO] - Finding Test Object 'Object Repository/Sayfalar/Giris_Sayfasi/RetveTamam_Butonu'

2021-11-18 11:51:56 - [MESSAGE][INFO] - Checking object

2021-11-18 11:51:56 - [MESSAGE][INFO] - Finding web element from Test Object's properties

2021-11-18 11:51:56 - [MESSAGE][INFO] - Checking timeout

2021-11-18 11:51:56 - [MESSAGE][INFO] - Finding web element with id: 'Object Repository/Sayfalar/Giris_Sayfasi/RetveTamam_Butonu' located by 'By.xpath: //*[@class = 'btn btn-default']' in '30' second(s)

2021-11-18 11:51:56 - [MESSAGE][INFO] - Smart Wait Function is triggered

2021-11-18 11:51:56 - [MESSAGE][INFO] - Found 1 web elements with id: 'Object Repository/Sayfalar/Giris_Sayfasi/RetveTamam_Butonu' located by 'By.xpath: //*[@class = 'btn btn-default']' in '30' second(s)

2021-11-18 11:51:56 - [MESSAGE][INFO] - Clicking on object: 'Object Repository/Sayfalar/Giris_Sayfasi/RetveTamam_Butonu'

2021-11-18 11:51:56 - [MESSAGE][PASSED] - Object: 'Object Repository/Sayfalar/Giris_Sayfasi/RetveTamam_Butonu' is clicked on

2021-11-18 11:51:56 - [TEST_STEP][PASSED] - click(findTestObject("Object Repository/Sayfalar/Giris_Sayfasi/RetveTamam_Butonu")): Object: 'Object Repository/Sayfalar/Giris_Sayfasi/RetveTamam_Butonu' is clicked on

2021-11-18 11:51:56 - [MESSAGE][INFO] - Finding Test Object 'Object Repository/Sayfalar/Giris_Sayfasi/RetveTamam_Butonu'

2021-11-18 11:51:57 - [MESSAGE][INFO] - Checking object

2021-11-18 11:51:57 - [MESSAGE][INFO] - Finding web element from Test Object's properties

2021-11-18 11:51:57 - [MESSAGE][INFO] - Checking timeout

2021-11-18 11:51:57 - [MESSAGE][INFO] - Finding web element with id: 'Object Repository/Sayfalar/Giris_Sayfasi/RetveTamam_Butonu' located by 'By.xpath: //*[@class = 'btn btn-default']' in '30' second(s)

2021-11-18 11:51:57 - [MESSAGE][INFO] - Smart Wait Function is triggered

2021-11-18 11:51:59 - [MESSAGE][INFO] - Found 1 web elements with id: 'Object Repository/Sayfalar/Giris_Sayfasi/RetveTamam_Butonu' located by 'By.xpath: //*[@class = 'btn btn-default']' in '30' second(s)

2021-11-18 11:51:59 - [MESSAGE][INFO] - Clicking on object: 'Object Repository/Sayfalar/Giris_Sayfasi/RetveTamam_Butonu'

2021-11-18 11:52:00 - [MESSAGE][PASSED] - Object: 'Object Repository/Sayfalar/Giris_Sayfasi/RetveTamam_Butonu' is clicked on

2021-11-18 11:52:00 - [TEST_STEP][PASSED] - if (verifyElementPresent(findTestObject("Sayfalar/Giris_Sayfasi/PopupOK"), 5, OPTIONAL)): null

2021-11-18 11:52:00 - [MESSAGE][INFO] - Finding Test Object 'Object Repository/Sayfalar/Giris_Sayfasi/PopupOK'

2021-11-18 11:52:00 - [MESSAGE][INFO] - Checking object

2021-11-18 11:52:00 - [MESSAGE][INFO] - Finding web element from Test Object's properties

2021-11-18 11:52:00 - [MESSAGE][INFO] - Checking timeout

2021-11-18 11:52:00 - [MESSAGE][INFO] - Finding web element with id: 'Object Repository/Sayfalar/Giris_Sayfasi/PopupOK' located by 'By.cssSelector: .btn.btn-success' in '5' second(s)

2021-11-18 11:52:00 - [MESSAGE][INFO] - Smart Wait Function is triggered

2021-11-18 11:52:00 - [MESSAGE][INFO] - Found 1 web elements with id: 'Object Repository/Sayfalar/Giris_Sayfasi/PopupOK' located by 'By.cssSelector: .btn.btn-success' in '5' second(s)

2021-11-18 11:52:00 - [MESSAGE][PASSED] - Object 'Object Repository/Sayfalar/Giris_Sayfasi/PopupOK' is present

2021-11-18 11:52:00 - [TEST_STEP][PASSED] - click(findTestObject("Object Repository/Sayfalar/Giris_Sayfasi/PopupCarpiGiris")): Object: 'Object Repository/Sayfalar/Giris_Sayfasi/PopupCarpiGiris' is clicked on

2021-11-18 11:52:00 - [MESSAGE][INFO] - Finding Test Object 'Object Repository/Sayfalar/Giris_Sayfasi/PopupCarpiGiris'

2021-11-18 11:52:01 - [MESSAGE][INFO] - Checking object

2021-11-18 11:52:01 - [MESSAGE][INFO] - Finding web element from Test Object's properties

2021-11-18 11:52:01 - [MESSAGE][INFO] - Checking timeout

2021-11-18 11:52:01 - [MESSAGE][INFO] - Finding web element with id: 'Object Repository/Sayfalar/Giris_Sayfasi/PopupCarpiGiris' located by 'By.cssSelector: .bootbox-close-button.close' in '30' second(s)

2021-11-18 11:52:01 - [MESSAGE][INFO] - Smart Wait Function is triggered

2021-11-18 11:52:01 - [MESSAGE][INFO] - Found 1 web elements with id: 'Object Repository/Sayfalar/Giris_Sayfasi/PopupCarpiGiris' located by 'By.cssSelector: .bootbox-close-button.close' in '30' second(s)

2021-11-18 11:52:01 - [MESSAGE][INFO] - Clicking on object: 'Object Repository/Sayfalar/Giris_Sayfasi/PopupCarpiGiris'

2021-11-18 11:52:01 - [MESSAGE][PASSED] - Object: 'Object Repository/Sayfalar/Giris_Sayfasi/PopupCarpiGiris' is clicked on

2021-11-18 11:52:01 - [TEST_STEP][PASSED] - verifyElementVisible(findTestObject("Object Repository/Kullanici_Islemleri/KullaniciIslemleri")): Object 'Object Repository/Kullanici_Islemleri/KullaniciIslemleri' is visible

2021-11-18 11:52:01 - [MESSAGE][INFO] - Finding Test Object 'Object Repository/Kullanici_Islemleri/KullaniciIslemleri'

2021-11-18 11:52:01 - [MESSAGE][INFO] - Checking object

2021-11-18 11:52:01 - [MESSAGE][INFO] - Finding web element from Test Object's properties

2021-11-18 11:52:01 - [MESSAGE][INFO] - Checking timeout

2021-11-18 11:52:01 - [MESSAGE][INFO] - Finding web element with id: 'Object Repository/Kullanici_Islemleri/KullaniciIslemleri' located by 'By.cssSelector: .dropdown>a>img' in '30' second(s)

2021-11-18 11:52:01 - [MESSAGE][INFO] - Smart Wait Function is triggered

2021-11-18 11:52:02 - [MESSAGE][INFO] - Found 1 web elements with id: 'Object Repository/Kullanici_Islemleri/KullaniciIslemleri' located by 'By.cssSelector: .dropdown>a>img' in '30' second(s)

2021-11-18 11:52:02 - [MESSAGE][PASSED] - Object 'Object Repository/Kullanici_Islemleri/KullaniciIslemleri' is visible

2021-11-18 11:52:02 - [MESSAGE][PASSED] - Call Test Case 'Test Cases/Sayfalar/Giris_Sayfasi/Login' successfully

2021-11-18 11:52:02 - [MESSAGE][INFO] - Checking called Test Case

2021-11-18 11:52:02 - [MESSAGE][INFO] - Starting to call Test Case 'Test Cases/Menu/AnaMenuSecimi'

2021-11-18 11:52:02 - [TEST_CASE][PASSED] - Test Cases/Menu/AnaMenuSecimi: Test Cases/Menu/AnaMenuSecimi

2021-11-18 11:52:02 - [TEST_STEP][PASSED] - Method.TextDegerineEsitElementeTikla(findTestObject("Menu/Ana_Menu"), Ana_Menu): Method.TextDegerineEsitElementeTikla is PASSED

2021-11-18 11:52:02 - [MESSAGE][INFO] - Finding Test Object 'Object Repository/Menu/Ana_Menu'

2021-11-18 11:52:02 - [MESSAGE][INFO] - Checking timeout

2021-11-18 11:52:02 - [MESSAGE][INFO] - Finding web element with id: 'Object Repository/Menu/Ana_Menu' located by 'By.xpath: //*[@class = 'dropdown-toggle']' in '10' second(s)

2021-11-18 11:52:02 - [MESSAGE][INFO] - Smart Wait Function is triggered

2021-11-18 11:52:02 - [MESSAGE][INFO] - Found 14 web elements with id: 'Object Repository/Menu/Ana_Menu' located by 'By.xpath: //*[@class = 'dropdown-toggle']' in '10' second(s)

2021-11-18 11:52:03 - [MESSAGE][PASSED] - Method.TextDegerineEsitElementeTikla is PASSED

2021-11-18 11:52:03 - [MESSAGE][PASSED] - Call Test Case 'Test Cases/Menu/AnaMenuSecimi' successfully

2021-11-18 11:52:03 - [MESSAGE][INFO] - Checking called Test Case

2021-11-18 11:52:03 - [MESSAGE][INFO] - Starting to call Test Case 'Test Cases/Menu/AltMenuSecimi'

2021-11-18 11:52:03 - [TEST_CASE][PASSED] - Test Cases/Menu/AltMenuSecimi: Test Cases/Menu/AltMenuSecimi

2021-11-18 11:52:03 - [TEST_STEP][PASSED] - Method.TextDegerineEsitElementeTikla(findTestObject("Menu/Alt_Menu"), Alt_Menu): Method.TextDegerineEsitElementeTikla is PASSED

2021-11-18 11:52:03 - [MESSAGE][INFO] - Finding Test Object 'Object Repository/Menu/Alt_Menu'

2021-11-18 11:52:03 - [MESSAGE][INFO] - Checking timeout

2021-11-18 11:52:03 - [MESSAGE][INFO] - Finding web element with id: 'Object Repository/Menu/Alt_Menu' located by 'By.xpath: //li[@class='dropdown dropdown-large open']//li[@class='dropdown-element']' in '10' second(s)

2021-11-18 11:52:03 - [MESSAGE][INFO] - Smart Wait Function is triggered

2021-11-18 11:52:03 - [MESSAGE][INFO] - Found 1 web elements with id: 'Object Repository/Menu/Alt_Menu' located by 'By.xpath: //li[@class='dropdown dropdown-large open']//li[@class='dropdown-element']' in '10' second(s)

2021-11-18 11:52:06 - [MESSAGE][PASSED] - Method.TextDegerineEsitElementeTikla is PASSED

2021-11-18 11:52:06 - [MESSAGE][PASSED] - Call Test Case 'Test Cases/Menu/AltMenuSecimi' successfully

2021-11-18 11:52:06 - [MESSAGE][INFO] - Checking called Test Case

2021-11-18 11:52:06 - [MESSAGE][INFO] - Starting to call Test Case 'Test Cases/Sayfalar/Yetki_Yonetimi/SekmeSecilir'

2021-11-18 11:52:06 - [TEST_CASE][PASSED] - Test Cases/Sayfalar/Yetki_Yonetimi/SekmeSecilir: Test Cases/Sayfalar/Yetki_Yonetimi/SekmeSecilir

2021-11-18 11:52:06 - [TEST_STEP][PASSED] - Method.TextDegerineEsitElementeTikla(findTestObject("Object Repository/Sayfalar/Yetki_Yonetimi/Sekmeler"), Sekme): Method.TextDegerineEsitElementeTikla is PASSED

2021-11-18 11:52:06 - [MESSAGE][INFO] - Finding Test Object 'Object Repository/Sayfalar/Yetki_Yonetimi/Sekmeler'

2021-11-18 11:52:06 - [MESSAGE][INFO] - Checking timeout

2021-11-18 11:52:06 - [MESSAGE][INFO] - Finding web element with id: 'Object Repository/Sayfalar/Yetki_Yonetimi/Sekmeler' located by 'By.cssSelector: #pcFeatures_TC>li[class="dxtc-tab"] span,#pcFeatures_TC>li[class="dxtc-activeTab dxtc-lead"] span' in '10' second(s)

2021-11-18 11:52:06 - [MESSAGE][INFO] - Smart Wait Function is triggered

2021-11-18 11:52:07 - [MESSAGE][INFO] - Found 3 web elements with id: 'Object Repository/Sayfalar/Yetki_Yonetimi/Sekmeler' located by 'By.cssSelector: #pcFeatures_TC>li[class="dxtc-tab"] span,#pcFeatures_TC>li[class="dxtc-activeTab dxtc-lead"] span' in '10' second(s)

2021-11-18 11:52:07 - [MESSAGE][PASSED] - Method.TextDegerineEsitElementeTikla is PASSED

2021-11-18 11:52:07 - [MESSAGE][PASSED] - Call Test Case 'Test Cases/Sayfalar/Yetki_Yonetimi/SekmeSecilir' successfully

2021-11-18 11:52:07 - [MESSAGE][INFO] - Checking called Test Case

2021-11-18 11:52:07 - [MESSAGE][INFO] - Starting to call Test Case 'Test Cases/Filtreler/ButonaTikla'

2021-11-18 11:52:07 - [TEST_CASE][PASSED] - Test Cases/Filtreler/ButonaTikla: Test Cases/Filtreler/ButonaTikla

2021-11-18 11:52:07 - [TEST_STEP][PASSED] - Method.TextDegerineEsitElementeTikla(findTestObject("Filtreler/Butonlar"), Filtre_Buton): Method.TextDegerineEsitElementeTikla is PASSED

2021-11-18 11:52:07 - [MESSAGE][INFO] - Finding Test Object 'Object Repository/Filtreler/Butonlar'

2021-11-18 11:52:07 - [MESSAGE][INFO] - Checking timeout

2021-11-18 11:52:07 - [MESSAGE][INFO] - Finding web element with id: 'Object Repository/Filtreler/Butonlar' located by 'By.cssSelector: .dxb>span' in '10' second(s)

2021-11-18 11:52:07 - [MESSAGE][INFO] - Smart Wait Function is triggered

2021-11-18 11:52:07 - [MESSAGE][INFO] - Found 6 web elements with id: 'Object Repository/Filtreler/Butonlar' located by 'By.cssSelector: .dxb>span' in '10' second(s)

2021-11-18 11:52:08 - [MESSAGE][PASSED] - Method.TextDegerineEsitElementeTikla is PASSED

2021-11-18 11:52:08 - [MESSAGE][PASSED] - Call Test Case 'Test Cases/Filtreler/ButonaTikla' successfully

2021-11-18 11:52:08 - [MESSAGE][INFO] - Checking called Test Case

2021-11-18 11:52:08 - [MESSAGE][INFO] - Starting to call Test Case 'Test Cases/Tablo/TablodaVeriVarMi'

2021-11-18 11:52:08 - [TEST_CASE][PASSED] - Test Cases/Tablo/TablodaVeriVarMi: Test Cases/Tablo/TablodaVeriVarMi

2021-11-18 11:52:08 - [TEST_STEP][PASSED] - verifyTextNotPresent("Görüntülenecek veri yok", true): Text 'Görüntülenecek veri yok' is not present on page using regular expression

2021-11-18 11:52:08 - [MESSAGE][INFO] - Checking text present  using regular expression

2021-11-18 11:52:08 - [MESSAGE][INFO] - Smart Wait Function is triggered

2021-11-18 11:52:09 - [MESSAGE][INFO] - Finding text 'Görüntülenecek veri yok' on page  using regular expression

2021-11-18 11:52:09 - [MESSAGE][PASSED] - Text 'Görüntülenecek veri yok' is not present on page using regular expression

2021-11-18 11:52:09 - [MESSAGE][PASSED] - Call Test Case 'Test Cases/Tablo/TablodaVeriVarMi' successfully

2021-11-18 11:52:09 - [MESSAGE][INFO] - Checking called Test Case

2021-11-18 11:52:09 - [MESSAGE][INFO] - Starting to call Test Case 'Test Cases/Tablo/TablodanVeriSec'

2021-11-18 11:52:09 - [TEST_CASE][PASSED] - Test Cases/Tablo/TablodanVeriSec: Test Cases/Tablo/TablodanVeriSec

2021-11-18 11:52:09 - [TEST_STEP][PASSED] - Method.TextDegerineEsitElementinAltindakineTikla(findTestObject("Tablo/Veriler"), findTestObject("Tablo/VerininCheckBoxi"), Veri_Adi): Method.TextDegerineEsitElementinAltindakineTikla is PASSED

2021-11-18 11:52:09 - [MESSAGE][INFO] - Finding Test Object 'Object Repository/Tablo/Veriler'

2021-11-18 11:52:09 - [MESSAGE][INFO] - Finding Test Object 'Object Repository/Tablo/VerininCheckBoxi'

2021-11-18 11:52:09 - [MESSAGE][INFO] - Checking timeout

2021-11-18 11:52:09 - [MESSAGE][INFO] - Finding web element with id: 'Object Repository/Tablo/Veriler' located by 'By.cssSelector: td.dxgv b ,td.dxgv' in '10' second(s)

2021-11-18 11:52:09 - [MESSAGE][INFO] - Smart Wait Function is triggered

2021-11-18 11:52:09 - [MESSAGE][INFO] - Found 22 web elements with id: 'Object Repository/Tablo/Veriler' located by 'By.cssSelector: td.dxgv b ,td.dxgv' in '10' second(s)

2021-11-18 11:52:09 - [MESSAGE][INFO] - Smart Wait Function is triggered

2021-11-18 11:52:10 - [MESSAGE][PASSED] - Method.TextDegerineEsitElementinAltindakineTikla is PASSED

2021-11-18 11:52:10 - [MESSAGE][PASSED] - Call Test Case 'Test Cases/Tablo/TablodanVeriSec' successfully

2021-11-18 11:52:10 - [MESSAGE][INFO] - Checking called Test Case

2021-11-18 11:52:10 - [MESSAGE][INFO] - Starting to call Test Case 'Test Cases/Butonlar/ButonaTikla'

2021-11-18 11:52:10 - [TEST_CASE][PASSED] - Test Cases/Butonlar/ButonaTikla: Test Cases/Butonlar/ButonaTikla

2021-11-18 11:52:10 - [TEST_STEP][PASSED] - Method.TextDegerineEsitElementeTiklaEquals(findTestObject("Butonlar/Butonlar"), Buton_Adi): Method.TextDegerineEsitElementeTiklaEquals is PASSED

2021-11-18 11:52:10 - [MESSAGE][INFO] - Finding Test Object 'Object Repository/Butonlar/Butonlar'

2021-11-18 11:52:10 - [MESSAGE][INFO] - Checking timeout

2021-11-18 11:52:10 - [MESSAGE][INFO] - Finding web element with id: 'Object Repository/Butonlar/Butonlar' located by 'By.cssSelector: .panel.panel-default.text-center.footerPanel .btn,.btn.btn-primary.btnControls' in '10' second(s)

2021-11-18 11:52:10 - [MESSAGE][INFO] - Smart Wait Function is triggered

2021-11-18 11:52:10 - [MESSAGE][INFO] - Found 12 web elements with id: 'Object Repository/Butonlar/Butonlar' located by 'By.cssSelector: .panel.panel-default.text-center.footerPanel .btn,.btn.btn-primary.btnControls' in '10' second(s)

2021-11-18 11:52:11 - [MESSAGE][PASSED] - Method.TextDegerineEsitElementeTiklaEquals is PASSED

2021-11-18 11:52:11 - [MESSAGE][PASSED] - Call Test Case 'Test Cases/Butonlar/ButonaTikla' successfully

2021-11-18 11:52:11 - [MESSAGE][INFO] - Checking called Test Case

2021-11-18 11:52:11 - [MESSAGE][INFO] - Starting to call Test Case 'Test Cases/Popup/PopupMesajiIceriyorMu'

2021-11-18 11:52:11 - [TEST_CASE][PASSED] - Test Cases/Popup/PopupMesajiIceriyorMu: Test Cases/Popup/PopupMesajiIceriyorMu

2021-11-18 11:52:11 - [TEST_STEP][PASSED] - waitForElementVisible(findTestObject("Popup/Popup"), 10): Object 'Object Repository/Popup/Popup' is visible

2021-11-18 11:52:11 - [MESSAGE][INFO] - Finding Test Object 'Object Repository/Popup/Popup'

2021-11-18 11:52:11 - [MESSAGE][INFO] - Checking object

2021-11-18 11:52:11 - [MESSAGE][INFO] - Checking timeout

2021-11-18 11:52:11 - [MESSAGE][INFO] - Finding web element from Test Object's properties

2021-11-18 11:52:11 - [MESSAGE][INFO] - Checking timeout

2021-11-18 11:52:11 - [MESSAGE][INFO] - Finding web element with id: 'Object Repository/Popup/Popup' located by 'By.cssSelector: .bootbox-body' in '10' second(s)

2021-11-18 11:52:11 - [MESSAGE][INFO] - Smart Wait Function is triggered

2021-11-18 11:52:12 - [MESSAGE][INFO] - Found 1 web elements with id: 'Object Repository/Popup/Popup' located by 'By.cssSelector: .bootbox-body' in '10' second(s)

2021-11-18 11:52:12 - [MESSAGE][PASSED] - Object 'Object Repository/Popup/Popup' is visible

2021-11-18 11:52:12 - [TEST_STEP][PASSED] - if (!(getText(findTestObject("Popup/Popup")).contains(Mesaj))): Text of object 'Object Repository/Popup/Popup' is: 'Seçilen kayıtlar silenecektir emin misiniz?'

2021-11-18 11:52:12 - [MESSAGE][INFO] - Finding Test Object 'Object Repository/Popup/Popup'

2021-11-18 11:52:12 - [MESSAGE][INFO] - Checking object

2021-11-18 11:52:12 - [MESSAGE][INFO] - Finding web element from Test Object's properties

2021-11-18 11:52:12 - [MESSAGE][INFO] - Checking timeout

2021-11-18 11:52:12 - [MESSAGE][INFO] - Finding web element with id: 'Object Repository/Popup/Popup' located by 'By.cssSelector: .bootbox-body' in '30' second(s)

2021-11-18 11:52:12 - [MESSAGE][INFO] - Smart Wait Function is triggered

2021-11-18 11:52:12 - [MESSAGE][INFO] - Found 1 web elements with id: 'Object Repository/Popup/Popup' located by 'By.cssSelector: .bootbox-body' in '30' second(s)

2021-11-18 11:52:12 - [MESSAGE][INFO] - Getting text of object 'Object Repository/Popup/Popup'

2021-11-18 11:52:12 - [MESSAGE][PASSED] - Text of object 'Object Repository/Popup/Popup' is: 'Seçilen kayıtlar silenecektir emin misiniz?'

2021-11-18 11:52:12 - [TEST_STEP][PASSED] - RaporNo = getText(findTestObject("Popup/Popup")).substring(0, 6): Text of object 'Object Repository/Popup/Popup' is: 'Seçilen kayıtlar silenecektir emin misiniz?'

2021-11-18 11:52:12 - [MESSAGE][INFO] - Finding Test Object 'Object Repository/Popup/Popup'

2021-11-18 11:52:12 - [MESSAGE][INFO] - Checking object

2021-11-18 11:52:12 - [MESSAGE][INFO] - Finding web element from Test Object's properties

2021-11-18 11:52:12 - [MESSAGE][INFO] - Checking timeout

2021-11-18 11:52:12 - [MESSAGE][INFO] - Finding web element with id: 'Object Repository/Popup/Popup' located by 'By.cssSelector: .bootbox-body' in '30' second(s)

2021-11-18 11:52:12 - [MESSAGE][INFO] - Smart Wait Function is triggered

2021-11-18 11:52:13 - [MESSAGE][INFO] - Found 1 web elements with id: 'Object Repository/Popup/Popup' located by 'By.cssSelector: .bootbox-body' in '30' second(s)

2021-11-18 11:52:13 - [MESSAGE][INFO] - Getting text of object 'Object Repository/Popup/Popup'

2021-11-18 11:52:13 - [MESSAGE][PASSED] - Text of object 'Object Repository/Popup/Popup' is: 'Seçilen kayıtlar silenecektir emin misiniz?'

2021-11-18 11:52:13 - [TEST_STEP][PASSED] - Console.println(RaporNo): null

2021-11-18 11:52:13 - [MESSAGE][PASSED] - Call Test Case 'Test Cases/Popup/PopupMesajiIceriyorMu' successfully

2021-11-18 11:52:13 - [MESSAGE][INFO] - Checking called Test Case

2021-11-18 11:52:13 - [MESSAGE][INFO] - Starting to call Test Case 'Test Cases/Popup/PopupButonSecilir'

2021-11-18 11:52:13 - [TEST_CASE][PASSED] - Test Cases/Popup/PopupButonSecilir: Test Cases/Popup/PopupButonSecilir

2021-11-18 11:52:13 - [TEST_STEP][PASSED] - Method.TextDegerineEsitElementeTikla(findTestObject("Popup/Popup_Butons"), Buton): Method.TextDegerineEsitElementeTikla is PASSED

2021-11-18 11:52:13 - [MESSAGE][INFO] - Finding Test Object 'Object Repository/Popup/Popup_Butons'

2021-11-18 11:52:13 - [MESSAGE][INFO] - Checking timeout

2021-11-18 11:52:13 - [MESSAGE][INFO] - Finding web element with id: 'Object Repository/Popup/Popup_Butons' located by 'By.cssSelector: .modal-footer>button' in '10' second(s)

2021-11-18 11:52:13 - [MESSAGE][INFO] - Smart Wait Function is triggered

2021-11-18 11:52:13 - [MESSAGE][INFO] - Found 2 web elements with id: 'Object Repository/Popup/Popup_Butons' located by 'By.cssSelector: .modal-footer>button' in '10' second(s)

2021-11-18 11:52:14 - [MESSAGE][PASSED] - Method.TextDegerineEsitElementeTikla is PASSED

2021-11-18 11:52:14 - [MESSAGE][PASSED] - Call Test Case 'Test Cases/Popup/PopupButonSecilir' successfully

2021-11-18 11:52:14 - [MESSAGE][INFO] - Checking called Test Case

2021-11-18 11:52:14 - [MESSAGE][INFO] - Starting to call Test Case 'Test Cases/Popup/PopupButonSecilir'

2021-11-18 11:52:14 - [TEST_CASE][PASSED] - Test Cases/Popup/PopupButonSecilir: Test Cases/Popup/PopupButonSecilir

2021-11-18 11:52:14 - [TEST_STEP][PASSED] - Method.TextDegerineEsitElementeTikla(findTestObject("Popup/Popup_Butons"), Buton): Method.TextDegerineEsitElementeTikla is PASSED

2021-11-18 11:52:14 - [MESSAGE][INFO] - Finding Test Object 'Object Repository/Popup/Popup_Butons'

2021-11-18 11:52:14 - [MESSAGE][INFO] - Checking timeout

2021-11-18 11:52:14 - [MESSAGE][INFO] - Finding web element with id: 'Object Repository/Popup/Popup_Butons' located by 'By.cssSelector: .modal-footer>button' in '10' second(s)

2021-11-18 11:52:14 - [MESSAGE][INFO] - Smart Wait Function is triggered

2021-11-18 11:52:14 - [MESSAGE][INFO] - Found 1 web elements with id: 'Object Repository/Popup/Popup_Butons' located by 'By.cssSelector: .modal-footer>button' in '10' second(s)

2021-11-18 11:52:14 - [MESSAGE][PASSED] - Method.TextDegerineEsitElementeTikla is PASSED

2021-11-18 11:52:14 - [MESSAGE][PASSED] - Call Test Case 'Test Cases/Popup/PopupButonSecilir' successfully

2021-11-18 11:52:14 - [MESSAGE][INFO] - Checking called Test Case

2021-11-18 11:52:14 - [MESSAGE][INFO] - Starting to call Test Case 'Test Cases/Kullanici_Islemleri/KullaniciIslemlerindenSecimYapilir'

2021-11-18 11:52:14 - [TEST_CASE][PASSED] - Test Cases/Kullanici_Islemleri/KullaniciIslemlerindenSecimYapilir: Test Cases/Kullanici_Islemleri/KullaniciIslemlerindenSecimYapilir

2021-11-18 11:52:14 - [TEST_STEP][PASSED] - waitForElementClickable(findTestObject("Object Repository/Kullanici_Islemleri/KullaniciIslemleri"), 10): Object 'Object Repository/Kullanici_Islemleri/KullaniciIslemleri' is clickable

2021-11-18 11:52:14 - [MESSAGE][INFO] - Finding Test Object 'Object Repository/Kullanici_Islemleri/KullaniciIslemleri'

2021-11-18 11:52:15 - [MESSAGE][INFO] - Checking object

2021-11-18 11:52:15 - [MESSAGE][INFO] - Checking timeout

2021-11-18 11:52:15 - [MESSAGE][INFO] - Finding web element from Test Object's properties

2021-11-18 11:52:15 - [MESSAGE][INFO] - Checking timeout

2021-11-18 11:52:15 - [MESSAGE][INFO] - Finding web element with id: 'Object Repository/Kullanici_Islemleri/KullaniciIslemleri' located by 'By.cssSelector: .dropdown>a>img' in '10' second(s)

2021-11-18 11:52:15 - [MESSAGE][INFO] - Smart Wait Function is triggered

2021-11-18 11:52:15 - [MESSAGE][INFO] - Found 1 web elements with id: 'Object Repository/Kullanici_Islemleri/KullaniciIslemleri' located by 'By.cssSelector: .dropdown>a>img' in '10' second(s)

2021-11-18 11:52:15 - [MESSAGE][PASSED] - Object 'Object Repository/Kullanici_Islemleri/KullaniciIslemleri' is clickable

2021-11-18 11:52:15 - [TEST_STEP][PASSED] - click(findTestObject("Object Repository/Kullanici_Islemleri/KullaniciIslemleri")): Object: 'Object Repository/Kullanici_Islemleri/KullaniciIslemleri' is clicked on

2021-11-18 11:52:15 - [MESSAGE][INFO] - Finding Test Object 'Object Repository/Kullanici_Islemleri/KullaniciIslemleri'

2021-11-18 11:52:15 - [MESSAGE][INFO] - Checking object

2021-11-18 11:52:15 - [MESSAGE][INFO] - Finding web element from Test Object's properties

2021-11-18 11:52:15 - [MESSAGE][INFO] - Checking timeout

2021-11-18 11:52:15 - [MESSAGE][INFO] - Finding web element with id: 'Object Repository/Kullanici_Islemleri/KullaniciIslemleri' located by 'By.cssSelector: .dropdown>a>img' in '30' second(s)

2021-11-18 11:52:15 - [MESSAGE][INFO] - Smart Wait Function is triggered

2021-11-18 11:52:16 - [MESSAGE][INFO] - Found 1 web elements with id: 'Object Repository/Kullanici_Islemleri/KullaniciIslemleri' located by 'By.cssSelector: .dropdown>a>img' in '30' second(s)

2021-11-18 11:52:16 - [MESSAGE][INFO] - Clicking on object: 'Object Repository/Kullanici_Islemleri/KullaniciIslemleri'

2021-11-18 11:52:16 - [MESSAGE][PASSED] - Object: 'Object Repository/Kullanici_Islemleri/KullaniciIslemleri' is clicked on

2021-11-18 11:52:16 - [TEST_STEP][PASSED] - Method.TextDegerineEsitElementeTikla(findTestObject("Object Repository/Kullanici_Islemleri/Secenekler"), Islem): Method.TextDegerineEsitElementeTikla is PASSED

2021-11-18 11:52:16 - [MESSAGE][INFO] - Finding Test Object 'Object Repository/Kullanici_Islemleri/Secenekler'

2021-11-18 11:52:16 - [MESSAGE][INFO] - Checking timeout

2021-11-18 11:52:16 - [MESSAGE][INFO] - Finding web element with id: 'Object Repository/Kullanici_Islemleri/Secenekler' located by 'By.cssSelector: .nav.navbar-nav.navbar-right li a' in '10' second(s)

2021-11-18 11:52:16 - [MESSAGE][INFO] - Smart Wait Function is triggered

2021-11-18 11:52:16 - [MESSAGE][INFO] - Found 22 web elements with id: 'Object Repository/Kullanici_Islemleri/Secenekler' located by 'By.cssSelector: .nav.navbar-nav.navbar-right li a' in '10' second(s)

2021-11-18 11:52:17 - [MESSAGE][PASSED] - Method.TextDegerineEsitElementeTikla is PASSED

2021-11-18 11:52:17 - [TEST_STEP][PASSED] - verifyElementNotPresent(findTestObject("Object Repository/Kullanici_Islemleri/Secenekler"), 10): Web element with id: 'Object Repository/Kullanici_Islemleri/Secenekler' located by 'By.cssSelector: .nav.navbar-nav.navbar-right li a' is not present after '10' second(s)

2021-11-18 11:52:17 - [MESSAGE][INFO] - Finding Test Object 'Object Repository/Kullanici_Islemleri/Secenekler'

2021-11-18 11:52:17 - [MESSAGE][INFO] - Checking object

2021-11-18 11:52:17 - [MESSAGE][INFO] - Checking timeout

2021-11-18 11:52:17 - [MESSAGE][INFO] - Finding web element with id: 'Object Repository/Kullanici_Islemleri/Secenekler' located by 'By.cssSelector: .nav.navbar-nav.navbar-right li a' in '10' second(s)

2021-11-18 11:52:17 - [MESSAGE][INFO] - Smart Wait Function is triggered

2021-11-18 11:52:17 - [MESSAGE][PASSED] - Web element with id: 'Object Repository/Kullanici_Islemleri/Secenekler' located by 'By.cssSelector: .nav.navbar-nav.navbar-right li a' is not present after '10' second(s)

2021-11-18 11:52:17 - [MESSAGE][PASSED] - Call Test Case 'Test Cases/Kullanici_Islemleri/KullaniciIslemlerindenSecimYapilir' successfully

2021-11-18 11:52:17 - [TEST_CASE][PASSED] - Start Test Case : SCENARIO Departman Silme: SCENARIO Departman Silme

2021-11-18 11:52:17 - [TEST_STEP][PASSED] - Kullanıcı adı ELOGO6 ve Şifre 123456 olarak giriş yapılır: Kullanıcı adı ELOGO6 ve Şifre 123456 olarak giriş yapılır

2021-11-18 11:52:17 - [MESSAGE][PASSED] - Kullanıcı adı ELOGO6 ve Şifre 123456 olarak giriş yapılır

2021-11-18 11:52:17 - [TEST_STEP][PASSED] - Ana menüden Firma Yönetimi seçilir: Ana menüden Firma Yönetimi seçilir

2021-11-18 11:52:17 - [MESSAGE][PASSED] - Ana menüden Firma Yönetimi seçilir

2021-11-18 11:52:17 - [TEST_STEP][PASSED] - Alt menüden Yetki Yönetimi seçilir: Alt menüden Yetki Yönetimi seçilir

2021-11-18 11:52:17 - [MESSAGE][PASSED] - Alt menüden Yetki Yönetimi seçilir

2021-11-18 11:52:17 - [TEST_STEP][PASSED] - Sekmelerden Departman Tanımları seçilir: Sekmelerden Departman Tanımları seçilir

2021-11-18 11:52:17 - [MESSAGE][PASSED] - Sekmelerden Departman Tanımları seçilir

2021-11-18 11:52:17 - [TEST_STEP][PASSED] - Filtre butonlarından Listele seçilir: Filtre butonlarından Listele seçilir

2021-11-18 11:52:17 - [MESSAGE][PASSED] - Filtre butonlarından Listele seçilir

2021-11-18 11:52:17 - [TEST_STEP][PASSED] - Tabloda veri var mı kontrol edilir: Tabloda veri var mı kontrol edilir

2021-11-18 11:52:17 - [MESSAGE][PASSED] - Tabloda veri var mı kontrol edilir

2021-11-18 11:52:17 - [TEST_STEP][PASSED] - Tablodan VirgosolDepartman isimli veri seçilir: Tablodan VirgosolDepartman isimli veri seçilir

2021-11-18 11:52:17 - [MESSAGE][PASSED] - Tablodan VirgosolDepartman isimli veri seçilir

2021-11-18 11:52:17 - [TEST_STEP][PASSED] - Butonlardan Sil isimli butona tıklanır: Butonlardan Sil isimli butona tıklanır

2021-11-18 11:52:17 - [MESSAGE][PASSED] - Butonlardan Sil isimli butona tıklanır

2021-11-18 11:52:17 - [TEST_STEP][PASSED] - Popup mesajı Seçilen kayıtlar silenecektir emin misiniz içeriyor mu: Popup mesajı Seçilen kayıtlar silenecektir emin misiniz içeriyor mu

2021-11-18 11:52:17 - [MESSAGE][PASSED] - Popup mesajı Seçilen kayıtlar silenecektir emin misiniz içeriyor mu

2021-11-18 11:52:17 - [TEST_STEP][PASSED] - Yönetim popupında Evet seçilir: Yönetim popupında Evet seçilir

2021-11-18 11:52:17 - [MESSAGE][PASSED] - Yönetim popupında Evet seçilir

2021-11-18 11:52:17 - [TEST_STEP][PASSED] - Yönetim popupında Tamam seçilir: Yönetim popupında Tamam seçilir

2021-11-18 11:52:17 - [MESSAGE][PASSED] - Yönetim popupında Tamam seçilir

2021-11-18 11:52:17 - [TEST_STEP][PASSED] - Kullanıcı işlemlerinden Çıkış seçilir: Kullanıcı işlemlerinden Çıkış seçilir

2021-11-18 11:52:17 - [MESSAGE][PASSED] - Kullanıcı işlemlerinden Çıkış seçilir

2021-11-18 11:52:17 - [MESSAGE][PASSED] - Feature file: 'Include/features/Firma Yonetimi/Yetki Yonetimi/Departman Tanimlari/Sil.feature' was passed

2021-11-18 11:52:17 - [TEST_STEP][PASSED] - Start listener action : sampleAfterTestSuite: Invoke 'com.kms.katalon.core.annotation.AfterTestCase' method: 'Listener.sampleAfterTestSuite(...)' completed.

2021-11-18 11:52:17 - [MESSAGE][INFO] - Starting invoke 'com.kms.katalon.core.annotation.AfterTestCase' method: 'Listener.sampleAfterTestSuite(...)'

2021-11-18 11:52:17 - [TEST_STEP][PASSED] - closeBrowser(): Invoke 'com.kms.katalon.core.annotation.AfterTestCase' method: 'Listener.sampleAfterTestSuite(...)' completed.

2021-11-18 11:52:17 - [MESSAGE][INFO] - Closing browser

2021-11-18 11:52:18 - [MESSAGE][PASSED] - Browser is closed

2021-11-18 11:52:18 - [MESSAGE][INFO] - Invoke 'com.kms.katalon.core.annotation.AfterTestCase' method: 'Listener.sampleAfterTestSuite(...)' completed.]]></system-out>
         <system-err><![CDATA[]]></system-err>
      </testcase>
      <testcase name="Test Cases/Case Repository/Firma Yonetimi/Yetki Yonetimi/Kullanici Tanimlari/Ekran Kontrolu" time="35.745" classname="Test Cases/Case Repository/Firma Yonetimi/Yetki Yonetimi/Kullanici Tanimlari/Ekran Kontrolu" status="PASSED">
         <system-out><![CDATA[2021-11-18 11:52:18 - [TEST_CASE][PASSED] - Test Cases/Case Repository/Firma Yonetimi/Yetki Yonetimi/Kullanici Tanimlari/Ekran Kontrolu: Test Cases/Case Repository/Firma Yonetimi/Yetki Yonetimi/Kullanici Tanimlari/Ekran Kontrolu

2021-11-18 11:52:18 - [TEST_STEP][PASSED] - Start listener action : sampleBeforeTestSuite: Invoke 'com.kms.katalon.core.annotation.BeforeTestCase' method: 'Listener.sampleBeforeTestSuite(...)' completed.

2021-11-18 11:52:18 - [MESSAGE][INFO] - Starting invoke 'com.kms.katalon.core.annotation.BeforeTestCase' method: 'Listener.sampleBeforeTestSuite(...)'

2021-11-18 11:52:18 - [TEST_STEP][PASSED] - openBrowser(baseUrl): Browser is opened with url: 'https://efatura-stage.elogo.com.tr/'

2021-11-18 11:52:18 - [MESSAGE][INFO] - Opening browser

2021-11-18 11:52:18 - [MESSAGE][INFO] - Starting 'Chrome' driver

2021-11-18 11:52:18 - [MESSAGE][INFO] - User set preference: ['prefs', '{download.default_directory=C:\otomasyondownfiles}']

2021-11-18 11:52:18 - [MESSAGE][INFO] - Action delay is set to 0 milliseconds

2021-11-18 11:52:19 - [MESSAGE][INFO] - Navigating browser to: 'https://efatura-stage.elogo.com.tr/'

2021-11-18 11:52:22 - [MESSAGE][PASSED] - Browser is opened with url: 'https://efatura-stage.elogo.com.tr/'

2021-11-18 11:52:22 - [TEST_STEP][PASSED] - maximizeWindow(): Invoke 'com.kms.katalon.core.annotation.BeforeTestCase' method: 'Listener.sampleBeforeTestSuite(...)' completed.

2021-11-18 11:52:22 - [MESSAGE][INFO] - Maximizing current window

2021-11-18 11:52:22 - [MESSAGE][PASSED] - Current window maximized

2021-11-18 11:52:22 - [MESSAGE][INFO] - Invoke 'com.kms.katalon.core.annotation.BeforeTestCase' method: 'Listener.sampleBeforeTestSuite(...)' completed.

2021-11-18 11:52:23 - [TEST_STEP][PASSED] - runFeatureFile("Include/features/Firma Yonetimi/Yetki Yonetimi/Kullanici Tanimlari/Ekran Kontrolu.feature"): Feature file: 'Include/features/Firma Yonetimi/Yetki Yonetimi/Kullanici Tanimlari/Ekran Kontrolu.feature' was passed

2021-11-18 11:52:23 - [MESSAGE][INFO] - Starting run keyword runFeatureFile: 'Include/features/Firma Yonetimi/Yetki Yonetimi/Kullanici Tanimlari/Ekran Kontrolu.feature' and extract report to folder: 'C:\Users\DELL\Documents\GitHub\EES_KatalonLogo\Reports\20211118_110909\Suite Repository\Firma_Yonetimi\20211118_111017/cucumber_report/1637225543077'...

2021-11-18 11:52:23 - [MESSAGE][INFO] - Glue: []

2021-11-18 11:52:24 - [MESSAGE][INFO] - Checking called Test Case

2021-11-18 11:52:24 - [MESSAGE][INFO] - Starting to call Test Case 'Test Cases/Sayfalar/Giris_Sayfasi/Login'

2021-11-18 11:52:24 - [TEST_CASE][PASSED] - Test Cases/Sayfalar/Giris_Sayfasi/Login: Test Cases/Sayfalar/Giris_Sayfasi/Login

2021-11-18 11:52:24 - [TEST_STEP][PASSED] - Sayfa_Basligi = getWindowTitle(): Current window's title is: 'LOGO e-Fatura'

2021-11-18 11:52:24 - [MESSAGE][INFO] - Getting current window's title

2021-11-18 11:52:24 - [MESSAGE][PASSED] - Current window's title is: 'LOGO e-Fatura'

2021-11-18 11:52:24 - [TEST_STEP][PASSED] - verifyMatch(Sayfa_Basligi, "LOGO e-Fatura", false): Actual text 'LOGO e-Fatura' and expected text 'LOGO e-Fatura' are matched 

2021-11-18 11:52:24 - [MESSAGE][INFO] - Matching actual text 'LOGO e-Fatura' with expected text 'LOGO e-Fatura'

2021-11-18 11:52:24 - [MESSAGE][PASSED] - Actual text 'LOGO e-Fatura' and expected text 'LOGO e-Fatura' are matched 

2021-11-18 11:52:24 - [TEST_STEP][PASSED] - sendKeys(findTestObject("Sayfalar/Giris_Sayfasi/Firma_Kodu"), KullaniciAdi): Keys 'ELOGO6' sent to object: 'Object Repository/Sayfalar/Giris_Sayfasi/Firma_Kodu'

2021-11-18 11:52:24 - [MESSAGE][INFO] - Finding Test Object 'Object Repository/Sayfalar/Giris_Sayfasi/Firma_Kodu'

2021-11-18 11:52:25 - [MESSAGE][INFO] - Sending keys 'ELOGO6' to object: 'Object Repository/Sayfalar/Giris_Sayfasi/Firma_Kodu'

2021-11-18 11:52:25 - [MESSAGE][INFO] - Finding web element from Test Object's properties

2021-11-18 11:52:25 - [MESSAGE][INFO] - Checking timeout

2021-11-18 11:52:25 - [MESSAGE][INFO] - Finding web element with id: 'Object Repository/Sayfalar/Giris_Sayfasi/Firma_Kodu' located by 'By.xpath: //*[@id = 'AccountName']' in '30' second(s)

2021-11-18 11:52:25 - [MESSAGE][INFO] - Smart Wait Function is triggered

2021-11-18 11:52:25 - [MESSAGE][INFO] - Found 1 web elements with id: 'Object Repository/Sayfalar/Giris_Sayfasi/Firma_Kodu' located by 'By.xpath: //*[@id = 'AccountName']' in '30' second(s)

2021-11-18 11:52:25 - [MESSAGE][PASSED] - Keys 'ELOGO6' sent to object: 'Object Repository/Sayfalar/Giris_Sayfasi/Firma_Kodu'

2021-11-18 11:52:25 - [TEST_STEP][PASSED] - sendKeys(findTestObject("Sayfalar/Giris_Sayfasi/Sifre"), Sifre): Keys '123456' sent to object: 'Object Repository/Sayfalar/Giris_Sayfasi/Sifre'

2021-11-18 11:52:25 - [MESSAGE][INFO] - Finding Test Object 'Object Repository/Sayfalar/Giris_Sayfasi/Sifre'

2021-11-18 11:52:25 - [MESSAGE][INFO] - Sending keys '123456' to object: 'Object Repository/Sayfalar/Giris_Sayfasi/Sifre'

2021-11-18 11:52:25 - [MESSAGE][INFO] - Finding web element from Test Object's properties

2021-11-18 11:52:25 - [MESSAGE][INFO] - Checking timeout

2021-11-18 11:52:25 - [MESSAGE][INFO] - Finding web element with id: 'Object Repository/Sayfalar/Giris_Sayfasi/Sifre' located by 'By.xpath: //*[@id = 'Password']' in '30' second(s)

2021-11-18 11:52:25 - [MESSAGE][INFO] - Smart Wait Function is triggered

2021-11-18 11:52:25 - [MESSAGE][INFO] - Found 1 web elements with id: 'Object Repository/Sayfalar/Giris_Sayfasi/Sifre' located by 'By.xpath: //*[@id = 'Password']' in '30' second(s)

2021-11-18 11:52:26 - [MESSAGE][PASSED] - Keys '123456' sent to object: 'Object Repository/Sayfalar/Giris_Sayfasi/Sifre'

2021-11-18 11:52:26 - [TEST_STEP][PASSED] - findWebElement(findTestObject("Sayfalar/Giris_Sayfasi/Giris_Butonu")).click(): Found 1 web elements with id: 'Object Repository/Sayfalar/Giris_Sayfasi/Giris_Butonu' located by 'By.cssSelector: #btnLogin' in '30' second(s)

2021-11-18 11:52:26 - [MESSAGE][INFO] - Finding Test Object 'Object Repository/Sayfalar/Giris_Sayfasi/Giris_Butonu'

2021-11-18 11:52:26 - [MESSAGE][INFO] - Finding web element from Test Object's properties

2021-11-18 11:52:26 - [MESSAGE][INFO] - Checking timeout

2021-11-18 11:52:26 - [MESSAGE][INFO] - Finding web element with id: 'Object Repository/Sayfalar/Giris_Sayfasi/Giris_Butonu' located by 'By.cssSelector: #btnLogin' in '30' second(s)

2021-11-18 11:52:26 - [MESSAGE][INFO] - Smart Wait Function is triggered

2021-11-18 11:52:26 - [MESSAGE][INFO] - Found 1 web elements with id: 'Object Repository/Sayfalar/Giris_Sayfasi/Giris_Butonu' located by 'By.cssSelector: #btnLogin' in '30' second(s)

2021-11-18 11:52:29 - [TEST_STEP][PASSED] - if (verifyElementPresent(findTestObject("Object Repository/Sayfalar/Giris_Sayfasi/RetveTamam_Butonu"), 5, OPTIONAL)): null

2021-11-18 11:52:29 - [MESSAGE][INFO] - Finding Test Object 'Object Repository/Sayfalar/Giris_Sayfasi/RetveTamam_Butonu'

2021-11-18 11:52:29 - [MESSAGE][INFO] - Checking object

2021-11-18 11:52:29 - [MESSAGE][INFO] - Finding web element from Test Object's properties

2021-11-18 11:52:29 - [MESSAGE][INFO] - Checking timeout

2021-11-18 11:52:29 - [MESSAGE][INFO] - Finding web element with id: 'Object Repository/Sayfalar/Giris_Sayfasi/RetveTamam_Butonu' located by 'By.xpath: //*[@class = 'btn btn-default']' in '5' second(s)

2021-11-18 11:52:29 - [MESSAGE][INFO] - Smart Wait Function is triggered

2021-11-18 11:52:29 - [MESSAGE][INFO] - Found 1 web elements with id: 'Object Repository/Sayfalar/Giris_Sayfasi/RetveTamam_Butonu' located by 'By.xpath: //*[@class = 'btn btn-default']' in '5' second(s)

2021-11-18 11:52:29 - [MESSAGE][PASSED] - Object 'Object Repository/Sayfalar/Giris_Sayfasi/RetveTamam_Butonu' is present

2021-11-18 11:52:29 - [TEST_STEP][PASSED] - click(findTestObject("Object Repository/Sayfalar/Giris_Sayfasi/RetveTamam_Butonu")): Object: 'Object Repository/Sayfalar/Giris_Sayfasi/RetveTamam_Butonu' is clicked on

2021-11-18 11:52:29 - [MESSAGE][INFO] - Finding Test Object 'Object Repository/Sayfalar/Giris_Sayfasi/RetveTamam_Butonu'

2021-11-18 11:52:29 - [MESSAGE][INFO] - Checking object

2021-11-18 11:52:29 - [MESSAGE][INFO] - Finding web element from Test Object's properties

2021-11-18 11:52:29 - [MESSAGE][INFO] - Checking timeout

2021-11-18 11:52:29 - [MESSAGE][INFO] - Finding web element with id: 'Object Repository/Sayfalar/Giris_Sayfasi/RetveTamam_Butonu' located by 'By.xpath: //*[@class = 'btn btn-default']' in '30' second(s)

2021-11-18 11:52:29 - [MESSAGE][INFO] - Smart Wait Function is triggered

2021-11-18 11:52:30 - [MESSAGE][INFO] - Found 1 web elements with id: 'Object Repository/Sayfalar/Giris_Sayfasi/RetveTamam_Butonu' located by 'By.xpath: //*[@class = 'btn btn-default']' in '30' second(s)

2021-11-18 11:52:30 - [MESSAGE][INFO] - Clicking on object: 'Object Repository/Sayfalar/Giris_Sayfasi/RetveTamam_Butonu'

2021-11-18 11:52:30 - [MESSAGE][PASSED] - Object: 'Object Repository/Sayfalar/Giris_Sayfasi/RetveTamam_Butonu' is clicked on

2021-11-18 11:52:30 - [TEST_STEP][PASSED] - click(findTestObject("Object Repository/Sayfalar/Giris_Sayfasi/RetveTamam_Butonu")): Object: 'Object Repository/Sayfalar/Giris_Sayfasi/RetveTamam_Butonu' is clicked on

2021-11-18 11:52:30 - [MESSAGE][INFO] - Finding Test Object 'Object Repository/Sayfalar/Giris_Sayfasi/RetveTamam_Butonu'

2021-11-18 11:52:30 - [MESSAGE][INFO] - Checking object

2021-11-18 11:52:30 - [MESSAGE][INFO] - Finding web element from Test Object's properties

2021-11-18 11:52:30 - [MESSAGE][INFO] - Checking timeout

2021-11-18 11:52:30 - [MESSAGE][INFO] - Finding web element with id: 'Object Repository/Sayfalar/Giris_Sayfasi/RetveTamam_Butonu' located by 'By.xpath: //*[@class = 'btn btn-default']' in '30' second(s)

2021-11-18 11:52:30 - [MESSAGE][INFO] - Smart Wait Function is triggered

2021-11-18 11:52:38 - [MESSAGE][INFO] - Found 1 web elements with id: 'Object Repository/Sayfalar/Giris_Sayfasi/RetveTamam_Butonu' located by 'By.xpath: //*[@class = 'btn btn-default']' in '30' second(s)

2021-11-18 11:52:38 - [MESSAGE][INFO] - Clicking on object: 'Object Repository/Sayfalar/Giris_Sayfasi/RetveTamam_Butonu'

2021-11-18 11:52:38 - [MESSAGE][PASSED] - Object: 'Object Repository/Sayfalar/Giris_Sayfasi/RetveTamam_Butonu' is clicked on

2021-11-18 11:52:38 - [TEST_STEP][PASSED] - if (verifyElementPresent(findTestObject("Sayfalar/Giris_Sayfasi/PopupOK"), 5, OPTIONAL)): null

2021-11-18 11:52:38 - [MESSAGE][INFO] - Finding Test Object 'Object Repository/Sayfalar/Giris_Sayfasi/PopupOK'

2021-11-18 11:52:38 - [MESSAGE][INFO] - Checking object

2021-11-18 11:52:38 - [MESSAGE][INFO] - Finding web element from Test Object's properties

2021-11-18 11:52:38 - [MESSAGE][INFO] - Checking timeout

2021-11-18 11:52:38 - [MESSAGE][INFO] - Finding web element with id: 'Object Repository/Sayfalar/Giris_Sayfasi/PopupOK' located by 'By.cssSelector: .btn.btn-success' in '5' second(s)

2021-11-18 11:52:38 - [MESSAGE][INFO] - Smart Wait Function is triggered

2021-11-18 11:52:39 - [MESSAGE][INFO] - Found 1 web elements with id: 'Object Repository/Sayfalar/Giris_Sayfasi/PopupOK' located by 'By.cssSelector: .btn.btn-success' in '5' second(s)

2021-11-18 11:52:39 - [MESSAGE][PASSED] - Object 'Object Repository/Sayfalar/Giris_Sayfasi/PopupOK' is present

2021-11-18 11:52:39 - [TEST_STEP][PASSED] - click(findTestObject("Object Repository/Sayfalar/Giris_Sayfasi/PopupCarpiGiris")): Object: 'Object Repository/Sayfalar/Giris_Sayfasi/PopupCarpiGiris' is clicked on

2021-11-18 11:52:39 - [MESSAGE][INFO] - Finding Test Object 'Object Repository/Sayfalar/Giris_Sayfasi/PopupCarpiGiris'

2021-11-18 11:52:39 - [MESSAGE][INFO] - Checking object

2021-11-18 11:52:39 - [MESSAGE][INFO] - Finding web element from Test Object's properties

2021-11-18 11:52:39 - [MESSAGE][INFO] - Checking timeout

2021-11-18 11:52:39 - [MESSAGE][INFO] - Finding web element with id: 'Object Repository/Sayfalar/Giris_Sayfasi/PopupCarpiGiris' located by 'By.cssSelector: .bootbox-close-button.close' in '30' second(s)

2021-11-18 11:52:39 - [MESSAGE][INFO] - Smart Wait Function is triggered

2021-11-18 11:52:39 - [MESSAGE][INFO] - Found 1 web elements with id: 'Object Repository/Sayfalar/Giris_Sayfasi/PopupCarpiGiris' located by 'By.cssSelector: .bootbox-close-button.close' in '30' second(s)

2021-11-18 11:52:39 - [MESSAGE][INFO] - Clicking on object: 'Object Repository/Sayfalar/Giris_Sayfasi/PopupCarpiGiris'

2021-11-18 11:52:39 - [MESSAGE][PASSED] - Object: 'Object Repository/Sayfalar/Giris_Sayfasi/PopupCarpiGiris' is clicked on

2021-11-18 11:52:39 - [TEST_STEP][PASSED] - verifyElementVisible(findTestObject("Object Repository/Kullanici_Islemleri/KullaniciIslemleri")): Object 'Object Repository/Kullanici_Islemleri/KullaniciIslemleri' is visible

2021-11-18 11:52:39 - [MESSAGE][INFO] - Finding Test Object 'Object Repository/Kullanici_Islemleri/KullaniciIslemleri'

2021-11-18 11:52:39 - [MESSAGE][INFO] - Checking object

2021-11-18 11:52:39 - [MESSAGE][INFO] - Finding web element from Test Object's properties

2021-11-18 11:52:39 - [MESSAGE][INFO] - Checking timeout

2021-11-18 11:52:39 - [MESSAGE][INFO] - Finding web element with id: 'Object Repository/Kullanici_Islemleri/KullaniciIslemleri' located by 'By.cssSelector: .dropdown>a>img' in '30' second(s)

2021-11-18 11:52:39 - [MESSAGE][INFO] - Smart Wait Function is triggered

2021-11-18 11:52:40 - [MESSAGE][INFO] - Found 1 web elements with id: 'Object Repository/Kullanici_Islemleri/KullaniciIslemleri' located by 'By.cssSelector: .dropdown>a>img' in '30' second(s)

2021-11-18 11:52:40 - [MESSAGE][PASSED] - Object 'Object Repository/Kullanici_Islemleri/KullaniciIslemleri' is visible

2021-11-18 11:52:40 - [MESSAGE][PASSED] - Call Test Case 'Test Cases/Sayfalar/Giris_Sayfasi/Login' successfully

2021-11-18 11:52:40 - [MESSAGE][INFO] - Checking called Test Case

2021-11-18 11:52:40 - [MESSAGE][INFO] - Starting to call Test Case 'Test Cases/Menu/AnaMenuSecimi'

2021-11-18 11:52:40 - [TEST_CASE][PASSED] - Test Cases/Menu/AnaMenuSecimi: Test Cases/Menu/AnaMenuSecimi

2021-11-18 11:52:40 - [TEST_STEP][PASSED] - Method.TextDegerineEsitElementeTikla(findTestObject("Menu/Ana_Menu"), Ana_Menu): Method.TextDegerineEsitElementeTikla is PASSED

2021-11-18 11:52:40 - [MESSAGE][INFO] - Finding Test Object 'Object Repository/Menu/Ana_Menu'

2021-11-18 11:52:40 - [MESSAGE][INFO] - Checking timeout

2021-11-18 11:52:40 - [MESSAGE][INFO] - Finding web element with id: 'Object Repository/Menu/Ana_Menu' located by 'By.xpath: //*[@class = 'dropdown-toggle']' in '10' second(s)

2021-11-18 11:52:40 - [MESSAGE][INFO] - Smart Wait Function is triggered

2021-11-18 11:52:40 - [MESSAGE][INFO] - Found 14 web elements with id: 'Object Repository/Menu/Ana_Menu' located by 'By.xpath: //*[@class = 'dropdown-toggle']' in '10' second(s)

2021-11-18 11:52:41 - [MESSAGE][PASSED] - Method.TextDegerineEsitElementeTikla is PASSED

2021-11-18 11:52:41 - [MESSAGE][PASSED] - Call Test Case 'Test Cases/Menu/AnaMenuSecimi' successfully

2021-11-18 11:52:41 - [MESSAGE][INFO] - Checking called Test Case

2021-11-18 11:52:41 - [MESSAGE][INFO] - Starting to call Test Case 'Test Cases/Menu/AltMenuSecimi'

2021-11-18 11:52:41 - [TEST_CASE][PASSED] - Test Cases/Menu/AltMenuSecimi: Test Cases/Menu/AltMenuSecimi

2021-11-18 11:52:41 - [TEST_STEP][PASSED] - Method.TextDegerineEsitElementeTikla(findTestObject("Menu/Alt_Menu"), Alt_Menu): Method.TextDegerineEsitElementeTikla is PASSED

2021-11-18 11:52:41 - [MESSAGE][INFO] - Finding Test Object 'Object Repository/Menu/Alt_Menu'

2021-11-18 11:52:41 - [MESSAGE][INFO] - Checking timeout

2021-11-18 11:52:41 - [MESSAGE][INFO] - Finding web element with id: 'Object Repository/Menu/Alt_Menu' located by 'By.xpath: //li[@class='dropdown dropdown-large open']//li[@class='dropdown-element']' in '10' second(s)

2021-11-18 11:52:41 - [MESSAGE][INFO] - Smart Wait Function is triggered

2021-11-18 11:52:41 - [MESSAGE][INFO] - Found 1 web elements with id: 'Object Repository/Menu/Alt_Menu' located by 'By.xpath: //li[@class='dropdown dropdown-large open']//li[@class='dropdown-element']' in '10' second(s)

2021-11-18 11:52:43 - [MESSAGE][PASSED] - Method.TextDegerineEsitElementeTikla is PASSED

2021-11-18 11:52:43 - [MESSAGE][PASSED] - Call Test Case 'Test Cases/Menu/AltMenuSecimi' successfully

2021-11-18 11:52:43 - [MESSAGE][INFO] - Checking called Test Case

2021-11-18 11:52:43 - [MESSAGE][INFO] - Starting to call Test Case 'Test Cases/Sayfalar/Yetki_Yonetimi/SekmeSecilir'

2021-11-18 11:52:43 - [TEST_CASE][PASSED] - Test Cases/Sayfalar/Yetki_Yonetimi/SekmeSecilir: Test Cases/Sayfalar/Yetki_Yonetimi/SekmeSecilir

2021-11-18 11:52:43 - [TEST_STEP][PASSED] - Method.TextDegerineEsitElementeTikla(findTestObject("Object Repository/Sayfalar/Yetki_Yonetimi/Sekmeler"), Sekme): Method.TextDegerineEsitElementeTikla is PASSED

2021-11-18 11:52:43 - [MESSAGE][INFO] - Finding Test Object 'Object Repository/Sayfalar/Yetki_Yonetimi/Sekmeler'

2021-11-18 11:52:43 - [MESSAGE][INFO] - Checking timeout

2021-11-18 11:52:43 - [MESSAGE][INFO] - Finding web element with id: 'Object Repository/Sayfalar/Yetki_Yonetimi/Sekmeler' located by 'By.cssSelector: #pcFeatures_TC>li[class="dxtc-tab"] span,#pcFeatures_TC>li[class="dxtc-activeTab dxtc-lead"] span' in '10' second(s)

2021-11-18 11:52:43 - [MESSAGE][INFO] - Smart Wait Function is triggered

2021-11-18 11:52:44 - [MESSAGE][INFO] - Found 3 web elements with id: 'Object Repository/Sayfalar/Yetki_Yonetimi/Sekmeler' located by 'By.cssSelector: #pcFeatures_TC>li[class="dxtc-tab"] span,#pcFeatures_TC>li[class="dxtc-activeTab dxtc-lead"] span' in '10' second(s)

2021-11-18 11:52:44 - [MESSAGE][PASSED] - Method.TextDegerineEsitElementeTikla is PASSED

2021-11-18 11:52:44 - [MESSAGE][PASSED] - Call Test Case 'Test Cases/Sayfalar/Yetki_Yonetimi/SekmeSecilir' successfully

2021-11-18 11:52:44 - [MESSAGE][INFO] - Checking called Test Case

2021-11-18 11:52:44 - [MESSAGE][INFO] - Starting to call Test Case 'Test Cases/Filtreler/FiltreVarMi'

2021-11-18 11:52:44 - [TEST_CASE][PASSED] - Test Cases/Filtreler/FiltreVarMi: Test Cases/Filtreler/FiltreVarMi

2021-11-18 11:52:44 - [TEST_STEP][PASSED] - Method.TextDegerineEsitElementVarMi(findTestObject("Filtreler/Basliklar"), Filtre_alan): Method.TextDegerineEsitElementVarMi is PASSED

2021-11-18 11:52:44 - [MESSAGE][INFO] - Finding Test Object 'Object Repository/Filtreler/Basliklar'

2021-11-18 11:52:44 - [MESSAGE][INFO] - Checking timeout

2021-11-18 11:52:44 - [MESSAGE][INFO] - Finding web element with id: 'Object Repository/Filtreler/Basliklar' located by 'By.cssSelector: .control-label.col-sm-4.paddingMarginRLC' in '10' second(s)

2021-11-18 11:52:44 - [MESSAGE][INFO] - Smart Wait Function is triggered

2021-11-18 11:52:44 - [MESSAGE][INFO] - Found 12 web elements with id: 'Object Repository/Filtreler/Basliklar' located by 'By.cssSelector: .control-label.col-sm-4.paddingMarginRLC' in '10' second(s)

2021-11-18 11:52:44 - [MESSAGE][PASSED] - Method.TextDegerineEsitElementVarMi is PASSED

2021-11-18 11:52:44 - [MESSAGE][PASSED] - Call Test Case 'Test Cases/Filtreler/FiltreVarMi' successfully

2021-11-18 11:52:44 - [MESSAGE][INFO] - Checking called Test Case

2021-11-18 11:52:44 - [MESSAGE][INFO] - Starting to call Test Case 'Test Cases/Filtreler/FiltreVarMi'

2021-11-18 11:52:44 - [TEST_CASE][PASSED] - Test Cases/Filtreler/FiltreVarMi: Test Cases/Filtreler/FiltreVarMi

2021-11-18 11:52:44 - [TEST_STEP][PASSED] - Method.TextDegerineEsitElementVarMi(findTestObject("Filtreler/Basliklar"), Filtre_alan): Method.TextDegerineEsitElementVarMi is PASSED

2021-11-18 11:52:44 - [MESSAGE][INFO] - Finding Test Object 'Object Repository/Filtreler/Basliklar'

2021-11-18 11:52:45 - [MESSAGE][INFO] - Checking timeout

2021-11-18 11:52:45 - [MESSAGE][INFO] - Finding web element with id: 'Object Repository/Filtreler/Basliklar' located by 'By.cssSelector: .control-label.col-sm-4.paddingMarginRLC' in '10' second(s)

2021-11-18 11:52:45 - [MESSAGE][INFO] - Smart Wait Function is triggered

2021-11-18 11:52:45 - [MESSAGE][INFO] - Found 12 web elements with id: 'Object Repository/Filtreler/Basliklar' located by 'By.cssSelector: .control-label.col-sm-4.paddingMarginRLC' in '10' second(s)

2021-11-18 11:52:45 - [MESSAGE][PASSED] - Method.TextDegerineEsitElementVarMi is PASSED

2021-11-18 11:52:45 - [MESSAGE][PASSED] - Call Test Case 'Test Cases/Filtreler/FiltreVarMi' successfully

2021-11-18 11:52:45 - [MESSAGE][INFO] - Checking called Test Case

2021-11-18 11:52:45 - [MESSAGE][INFO] - Starting to call Test Case 'Test Cases/Filtreler/FiltreVarMi'

2021-11-18 11:52:45 - [TEST_CASE][PASSED] - Test Cases/Filtreler/FiltreVarMi: Test Cases/Filtreler/FiltreVarMi

2021-11-18 11:52:45 - [TEST_STEP][PASSED] - Method.TextDegerineEsitElementVarMi(findTestObject("Filtreler/Basliklar"), Filtre_alan): Method.TextDegerineEsitElementVarMi is PASSED

2021-11-18 11:52:45 - [MESSAGE][INFO] - Finding Test Object 'Object Repository/Filtreler/Basliklar'

2021-11-18 11:52:45 - [MESSAGE][INFO] - Checking timeout

2021-11-18 11:52:45 - [MESSAGE][INFO] - Finding web element with id: 'Object Repository/Filtreler/Basliklar' located by 'By.cssSelector: .control-label.col-sm-4.paddingMarginRLC' in '10' second(s)

2021-11-18 11:52:45 - [MESSAGE][INFO] - Smart Wait Function is triggered

2021-11-18 11:52:45 - [MESSAGE][INFO] - Found 12 web elements with id: 'Object Repository/Filtreler/Basliklar' located by 'By.cssSelector: .control-label.col-sm-4.paddingMarginRLC' in '10' second(s)

2021-11-18 11:52:45 - [MESSAGE][PASSED] - Method.TextDegerineEsitElementVarMi is PASSED

2021-11-18 11:52:45 - [MESSAGE][PASSED] - Call Test Case 'Test Cases/Filtreler/FiltreVarMi' successfully

2021-11-18 11:52:45 - [MESSAGE][INFO] - Checking called Test Case

2021-11-18 11:52:45 - [MESSAGE][INFO] - Starting to call Test Case 'Test Cases/Filtreler/FiltreVarMi'

2021-11-18 11:52:46 - [TEST_CASE][PASSED] - Test Cases/Filtreler/FiltreVarMi: Test Cases/Filtreler/FiltreVarMi

2021-11-18 11:52:46 - [TEST_STEP][PASSED] - Method.TextDegerineEsitElementVarMi(findTestObject("Filtreler/Basliklar"), Filtre_alan): Method.TextDegerineEsitElementVarMi is PASSED

2021-11-18 11:52:46 - [MESSAGE][INFO] - Finding Test Object 'Object Repository/Filtreler/Basliklar'

2021-11-18 11:52:46 - [MESSAGE][INFO] - Checking timeout

2021-11-18 11:52:46 - [MESSAGE][INFO] - Finding web element with id: 'Object Repository/Filtreler/Basliklar' located by 'By.cssSelector: .control-label.col-sm-4.paddingMarginRLC' in '10' second(s)

2021-11-18 11:52:46 - [MESSAGE][INFO] - Smart Wait Function is triggered

2021-11-18 11:52:46 - [MESSAGE][INFO] - Found 12 web elements with id: 'Object Repository/Filtreler/Basliklar' located by 'By.cssSelector: .control-label.col-sm-4.paddingMarginRLC' in '10' second(s)

2021-11-18 11:52:46 - [MESSAGE][PASSED] - Method.TextDegerineEsitElementVarMi is PASSED

2021-11-18 11:52:46 - [MESSAGE][PASSED] - Call Test Case 'Test Cases/Filtreler/FiltreVarMi' successfully

2021-11-18 11:52:46 - [MESSAGE][INFO] - Checking called Test Case

2021-11-18 11:52:46 - [MESSAGE][INFO] - Starting to call Test Case 'Test Cases/Filtreler/FiltreVarMi'

2021-11-18 11:52:46 - [TEST_CASE][PASSED] - Test Cases/Filtreler/FiltreVarMi: Test Cases/Filtreler/FiltreVarMi

2021-11-18 11:52:46 - [TEST_STEP][PASSED] - Method.TextDegerineEsitElementVarMi(findTestObject("Filtreler/Basliklar"), Filtre_alan): Method.TextDegerineEsitElementVarMi is PASSED

2021-11-18 11:52:46 - [MESSAGE][INFO] - Finding Test Object 'Object Repository/Filtreler/Basliklar'

2021-11-18 11:52:46 - [MESSAGE][INFO] - Checking timeout

2021-11-18 11:52:46 - [MESSAGE][INFO] - Finding web element with id: 'Object Repository/Filtreler/Basliklar' located by 'By.cssSelector: .control-label.col-sm-4.paddingMarginRLC' in '10' second(s)

2021-11-18 11:52:46 - [MESSAGE][INFO] - Smart Wait Function is triggered

2021-11-18 11:52:46 - [MESSAGE][INFO] - Found 12 web elements with id: 'Object Repository/Filtreler/Basliklar' located by 'By.cssSelector: .control-label.col-sm-4.paddingMarginRLC' in '10' second(s)

2021-11-18 11:52:46 - [MESSAGE][PASSED] - Method.TextDegerineEsitElementVarMi is PASSED

2021-11-18 11:52:46 - [MESSAGE][PASSED] - Call Test Case 'Test Cases/Filtreler/FiltreVarMi' successfully

2021-11-18 11:52:46 - [MESSAGE][INFO] - Checking called Test Case

2021-11-18 11:52:46 - [MESSAGE][INFO] - Starting to call Test Case 'Test Cases/Filtreler/FiltreVarMi'

2021-11-18 11:52:46 - [TEST_CASE][PASSED] - Test Cases/Filtreler/FiltreVarMi: Test Cases/Filtreler/FiltreVarMi

2021-11-18 11:52:46 - [TEST_STEP][PASSED] - Method.TextDegerineEsitElementVarMi(findTestObject("Filtreler/Basliklar"), Filtre_alan): Method.TextDegerineEsitElementVarMi is PASSED

2021-11-18 11:52:46 - [MESSAGE][INFO] - Finding Test Object 'Object Repository/Filtreler/Basliklar'

2021-11-18 11:52:46 - [MESSAGE][INFO] - Checking timeout

2021-11-18 11:52:46 - [MESSAGE][INFO] - Finding web element with id: 'Object Repository/Filtreler/Basliklar' located by 'By.cssSelector: .control-label.col-sm-4.paddingMarginRLC' in '10' second(s)

2021-11-18 11:52:46 - [MESSAGE][INFO] - Smart Wait Function is triggered

2021-11-18 11:52:47 - [MESSAGE][INFO] - Found 12 web elements with id: 'Object Repository/Filtreler/Basliklar' located by 'By.cssSelector: .control-label.col-sm-4.paddingMarginRLC' in '10' second(s)

2021-11-18 11:52:47 - [MESSAGE][PASSED] - Method.TextDegerineEsitElementVarMi is PASSED

2021-11-18 11:52:47 - [MESSAGE][PASSED] - Call Test Case 'Test Cases/Filtreler/FiltreVarMi' successfully

2021-11-18 11:52:47 - [MESSAGE][INFO] - Checking called Test Case

2021-11-18 11:52:47 - [MESSAGE][INFO] - Starting to call Test Case 'Test Cases/Filtreler/FiltreVarMi'

2021-11-18 11:52:47 - [TEST_CASE][PASSED] - Test Cases/Filtreler/FiltreVarMi: Test Cases/Filtreler/FiltreVarMi

2021-11-18 11:52:47 - [TEST_STEP][PASSED] - Method.TextDegerineEsitElementVarMi(findTestObject("Filtreler/Basliklar"), Filtre_alan): Method.TextDegerineEsitElementVarMi is PASSED

2021-11-18 11:52:47 - [MESSAGE][INFO] - Finding Test Object 'Object Repository/Filtreler/Basliklar'

2021-11-18 11:52:47 - [MESSAGE][INFO] - Checking timeout

2021-11-18 11:52:47 - [MESSAGE][INFO] - Finding web element with id: 'Object Repository/Filtreler/Basliklar' located by 'By.cssSelector: .control-label.col-sm-4.paddingMarginRLC' in '10' second(s)

2021-11-18 11:52:47 - [MESSAGE][INFO] - Smart Wait Function is triggered

2021-11-18 11:52:47 - [MESSAGE][INFO] - Found 12 web elements with id: 'Object Repository/Filtreler/Basliklar' located by 'By.cssSelector: .control-label.col-sm-4.paddingMarginRLC' in '10' second(s)

2021-11-18 11:52:47 - [MESSAGE][PASSED] - Method.TextDegerineEsitElementVarMi is PASSED

2021-11-18 11:52:47 - [MESSAGE][PASSED] - Call Test Case 'Test Cases/Filtreler/FiltreVarMi' successfully

2021-11-18 11:52:47 - [MESSAGE][INFO] - Checking called Test Case

2021-11-18 11:52:47 - [MESSAGE][INFO] - Starting to call Test Case 'Test Cases/Filtreler/ButonVarMi'

2021-11-18 11:52:47 - [TEST_CASE][PASSED] - Test Cases/Filtreler/ButonVarMi: Test Cases/Filtreler/ButonVarMi

2021-11-18 11:52:47 - [TEST_STEP][PASSED] - Method.TextDegerineEsitElementVarMi(findTestObject("Filtreler/Butonlar"), Filtre_Buton): Method.TextDegerineEsitElementVarMi is PASSED

2021-11-18 11:52:47 - [MESSAGE][INFO] - Finding Test Object 'Object Repository/Filtreler/Butonlar'

2021-11-18 11:52:48 - [MESSAGE][INFO] - Checking timeout

2021-11-18 11:52:48 - [MESSAGE][INFO] - Finding web element with id: 'Object Repository/Filtreler/Butonlar' located by 'By.cssSelector: .dxb>span' in '10' second(s)

2021-11-18 11:52:48 - [MESSAGE][INFO] - Smart Wait Function is triggered

2021-11-18 11:52:48 - [MESSAGE][INFO] - Found 6 web elements with id: 'Object Repository/Filtreler/Butonlar' located by 'By.cssSelector: .dxb>span' in '10' second(s)

2021-11-18 11:52:48 - [MESSAGE][PASSED] - Method.TextDegerineEsitElementVarMi is PASSED

2021-11-18 11:52:48 - [MESSAGE][PASSED] - Call Test Case 'Test Cases/Filtreler/ButonVarMi' successfully

2021-11-18 11:52:48 - [MESSAGE][INFO] - Checking called Test Case

2021-11-18 11:52:48 - [MESSAGE][INFO] - Starting to call Test Case 'Test Cases/Filtreler/ButonVarMi'

2021-11-18 11:52:48 - [TEST_CASE][PASSED] - Test Cases/Filtreler/ButonVarMi: Test Cases/Filtreler/ButonVarMi

2021-11-18 11:52:48 - [TEST_STEP][PASSED] - Method.TextDegerineEsitElementVarMi(findTestObject("Filtreler/Butonlar"), Filtre_Buton): Method.TextDegerineEsitElementVarMi is PASSED

2021-11-18 11:52:48 - [MESSAGE][INFO] - Finding Test Object 'Object Repository/Filtreler/Butonlar'

2021-11-18 11:52:48 - [MESSAGE][INFO] - Checking timeout

2021-11-18 11:52:48 - [MESSAGE][INFO] - Finding web element with id: 'Object Repository/Filtreler/Butonlar' located by 'By.cssSelector: .dxb>span' in '10' second(s)

2021-11-18 11:52:48 - [MESSAGE][INFO] - Smart Wait Function is triggered

2021-11-18 11:52:48 - [MESSAGE][INFO] - Found 6 web elements with id: 'Object Repository/Filtreler/Butonlar' located by 'By.cssSelector: .dxb>span' in '10' second(s)

2021-11-18 11:52:48 - [MESSAGE][PASSED] - Method.TextDegerineEsitElementVarMi is PASSED

2021-11-18 11:52:48 - [MESSAGE][PASSED] - Call Test Case 'Test Cases/Filtreler/ButonVarMi' successfully

2021-11-18 11:52:48 - [MESSAGE][INFO] - Checking called Test Case

2021-11-18 11:52:48 - [MESSAGE][INFO] - Starting to call Test Case 'Test Cases/Butonlar/ButonVarMi'

2021-11-18 11:52:49 - [TEST_CASE][PASSED] - Test Cases/Butonlar/ButonVarMi: Test Cases/Butonlar/ButonVarMi

2021-11-18 11:52:49 - [TEST_STEP][PASSED] - Method.TextDegerineEsitElementVarMi(findTestObject("Butonlar/Butonlar"), Buton): Method.TextDegerineEsitElementVarMi is PASSED

2021-11-18 11:52:49 - [MESSAGE][INFO] - Finding Test Object 'Object Repository/Butonlar/Butonlar'

2021-11-18 11:52:49 - [MESSAGE][INFO] - Checking timeout

2021-11-18 11:52:49 - [MESSAGE][INFO] - Finding web element with id: 'Object Repository/Butonlar/Butonlar' located by 'By.cssSelector: .panel.panel-default.text-center.footerPanel .btn,.btn.btn-primary.btnControls' in '10' second(s)

2021-11-18 11:52:49 - [MESSAGE][INFO] - Smart Wait Function is triggered

2021-11-18 11:52:49 - [MESSAGE][INFO] - Found 12 web elements with id: 'Object Repository/Butonlar/Butonlar' located by 'By.cssSelector: .panel.panel-default.text-center.footerPanel .btn,.btn.btn-primary.btnControls' in '10' second(s)

2021-11-18 11:52:49 - [MESSAGE][PASSED] - Method.TextDegerineEsitElementVarMi is PASSED

2021-11-18 11:52:49 - [MESSAGE][PASSED] - Call Test Case 'Test Cases/Butonlar/ButonVarMi' successfully

2021-11-18 11:52:49 - [MESSAGE][INFO] - Checking called Test Case

2021-11-18 11:52:49 - [MESSAGE][INFO] - Starting to call Test Case 'Test Cases/Butonlar/ButonVarMi'

2021-11-18 11:52:49 - [TEST_CASE][PASSED] - Test Cases/Butonlar/ButonVarMi: Test Cases/Butonlar/ButonVarMi

2021-11-18 11:52:49 - [TEST_STEP][PASSED] - Method.TextDegerineEsitElementVarMi(findTestObject("Butonlar/Butonlar"), Buton): Method.TextDegerineEsitElementVarMi is PASSED

2021-11-18 11:52:49 - [MESSAGE][INFO] - Finding Test Object 'Object Repository/Butonlar/Butonlar'

2021-11-18 11:52:49 - [MESSAGE][INFO] - Checking timeout

2021-11-18 11:52:49 - [MESSAGE][INFO] - Finding web element with id: 'Object Repository/Butonlar/Butonlar' located by 'By.cssSelector: .panel.panel-default.text-center.footerPanel .btn,.btn.btn-primary.btnControls' in '10' second(s)

2021-11-18 11:52:49 - [MESSAGE][INFO] - Smart Wait Function is triggered

2021-11-18 11:52:49 - [MESSAGE][INFO] - Found 12 web elements with id: 'Object Repository/Butonlar/Butonlar' located by 'By.cssSelector: .panel.panel-default.text-center.footerPanel .btn,.btn.btn-primary.btnControls' in '10' second(s)

2021-11-18 11:52:49 - [MESSAGE][PASSED] - Method.TextDegerineEsitElementVarMi is PASSED

2021-11-18 11:52:49 - [MESSAGE][PASSED] - Call Test Case 'Test Cases/Butonlar/ButonVarMi' successfully

2021-11-18 11:52:49 - [MESSAGE][INFO] - Checking called Test Case

2021-11-18 11:52:49 - [MESSAGE][INFO] - Starting to call Test Case 'Test Cases/Butonlar/ButonVarMi'

2021-11-18 11:52:49 - [TEST_CASE][PASSED] - Test Cases/Butonlar/ButonVarMi: Test Cases/Butonlar/ButonVarMi

2021-11-18 11:52:49 - [TEST_STEP][PASSED] - Method.TextDegerineEsitElementVarMi(findTestObject("Butonlar/Butonlar"), Buton): Method.TextDegerineEsitElementVarMi is PASSED

2021-11-18 11:52:49 - [MESSAGE][INFO] - Finding Test Object 'Object Repository/Butonlar/Butonlar'

2021-11-18 11:52:50 - [MESSAGE][INFO] - Checking timeout

2021-11-18 11:52:50 - [MESSAGE][INFO] - Finding web element with id: 'Object Repository/Butonlar/Butonlar' located by 'By.cssSelector: .panel.panel-default.text-center.footerPanel .btn,.btn.btn-primary.btnControls' in '10' second(s)

2021-11-18 11:52:50 - [MESSAGE][INFO] - Smart Wait Function is triggered

2021-11-18 11:52:50 - [MESSAGE][INFO] - Found 12 web elements with id: 'Object Repository/Butonlar/Butonlar' located by 'By.cssSelector: .panel.panel-default.text-center.footerPanel .btn,.btn.btn-primary.btnControls' in '10' second(s)

2021-11-18 11:52:50 - [MESSAGE][PASSED] - Method.TextDegerineEsitElementVarMi is PASSED

2021-11-18 11:52:50 - [MESSAGE][PASSED] - Call Test Case 'Test Cases/Butonlar/ButonVarMi' successfully

2021-11-18 11:52:50 - [MESSAGE][INFO] - Checking called Test Case

2021-11-18 11:52:50 - [MESSAGE][INFO] - Starting to call Test Case 'Test Cases/Butonlar/ButonVarMi'

2021-11-18 11:52:50 - [TEST_CASE][PASSED] - Test Cases/Butonlar/ButonVarMi: Test Cases/Butonlar/ButonVarMi

2021-11-18 11:52:50 - [TEST_STEP][PASSED] - Method.TextDegerineEsitElementVarMi(findTestObject("Butonlar/Butonlar"), Buton): Method.TextDegerineEsitElementVarMi is PASSED

2021-11-18 11:52:50 - [MESSAGE][INFO] - Finding Test Object 'Object Repository/Butonlar/Butonlar'

2021-11-18 11:52:50 - [MESSAGE][INFO] - Checking timeout

2021-11-18 11:52:50 - [MESSAGE][INFO] - Finding web element with id: 'Object Repository/Butonlar/Butonlar' located by 'By.cssSelector: .panel.panel-default.text-center.footerPanel .btn,.btn.btn-primary.btnControls' in '10' second(s)

2021-11-18 11:52:50 - [MESSAGE][INFO] - Smart Wait Function is triggered

2021-11-18 11:52:50 - [MESSAGE][INFO] - Found 12 web elements with id: 'Object Repository/Butonlar/Butonlar' located by 'By.cssSelector: .panel.panel-default.text-center.footerPanel .btn,.btn.btn-primary.btnControls' in '10' second(s)

2021-11-18 11:52:50 - [MESSAGE][PASSED] - Method.TextDegerineEsitElementVarMi is PASSED

2021-11-18 11:52:50 - [MESSAGE][PASSED] - Call Test Case 'Test Cases/Butonlar/ButonVarMi' successfully

2021-11-18 11:52:50 - [MESSAGE][INFO] - Checking called Test Case

2021-11-18 11:52:50 - [MESSAGE][INFO] - Starting to call Test Case 'Test Cases/Kullanici_Islemleri/KullaniciIslemlerindenSecimYapilir'

2021-11-18 11:52:50 - [TEST_CASE][PASSED] - Test Cases/Kullanici_Islemleri/KullaniciIslemlerindenSecimYapilir: Test Cases/Kullanici_Islemleri/KullaniciIslemlerindenSecimYapilir

2021-11-18 11:52:50 - [TEST_STEP][PASSED] - waitForElementClickable(findTestObject("Object Repository/Kullanici_Islemleri/KullaniciIslemleri"), 10): Object 'Object Repository/Kullanici_Islemleri/KullaniciIslemleri' is clickable

2021-11-18 11:52:50 - [MESSAGE][INFO] - Finding Test Object 'Object Repository/Kullanici_Islemleri/KullaniciIslemleri'

2021-11-18 11:52:50 - [MESSAGE][INFO] - Checking object

2021-11-18 11:52:50 - [MESSAGE][INFO] - Checking timeout

2021-11-18 11:52:50 - [MESSAGE][INFO] - Finding web element from Test Object's properties

2021-11-18 11:52:50 - [MESSAGE][INFO] - Checking timeout

2021-11-18 11:52:50 - [MESSAGE][INFO] - Finding web element with id: 'Object Repository/Kullanici_Islemleri/KullaniciIslemleri' located by 'By.cssSelector: .dropdown>a>img' in '10' second(s)

2021-11-18 11:52:50 - [MESSAGE][INFO] - Smart Wait Function is triggered

2021-11-18 11:52:51 - [MESSAGE][INFO] - Found 1 web elements with id: 'Object Repository/Kullanici_Islemleri/KullaniciIslemleri' located by 'By.cssSelector: .dropdown>a>img' in '10' second(s)

2021-11-18 11:52:51 - [MESSAGE][PASSED] - Object 'Object Repository/Kullanici_Islemleri/KullaniciIslemleri' is clickable

2021-11-18 11:52:51 - [TEST_STEP][PASSED] - click(findTestObject("Object Repository/Kullanici_Islemleri/KullaniciIslemleri")): Object: 'Object Repository/Kullanici_Islemleri/KullaniciIslemleri' is clicked on

2021-11-18 11:52:51 - [MESSAGE][INFO] - Finding Test Object 'Object Repository/Kullanici_Islemleri/KullaniciIslemleri'

2021-11-18 11:52:51 - [MESSAGE][INFO] - Checking object

2021-11-18 11:52:51 - [MESSAGE][INFO] - Finding web element from Test Object's properties

2021-11-18 11:52:51 - [MESSAGE][INFO] - Checking timeout

2021-11-18 11:52:51 - [MESSAGE][INFO] - Finding web element with id: 'Object Repository/Kullanici_Islemleri/KullaniciIslemleri' located by 'By.cssSelector: .dropdown>a>img' in '30' second(s)

2021-11-18 11:52:51 - [MESSAGE][INFO] - Smart Wait Function is triggered

2021-11-18 11:52:51 - [MESSAGE][INFO] - Found 1 web elements with id: 'Object Repository/Kullanici_Islemleri/KullaniciIslemleri' located by 'By.cssSelector: .dropdown>a>img' in '30' second(s)

2021-11-18 11:52:51 - [MESSAGE][INFO] - Clicking on object: 'Object Repository/Kullanici_Islemleri/KullaniciIslemleri'

2021-11-18 11:52:51 - [MESSAGE][PASSED] - Object: 'Object Repository/Kullanici_Islemleri/KullaniciIslemleri' is clicked on

2021-11-18 11:52:51 - [TEST_STEP][PASSED] - Method.TextDegerineEsitElementeTikla(findTestObject("Object Repository/Kullanici_Islemleri/Secenekler"), Islem): Method.TextDegerineEsitElementeTikla is PASSED

2021-11-18 11:52:51 - [MESSAGE][INFO] - Finding Test Object 'Object Repository/Kullanici_Islemleri/Secenekler'

2021-11-18 11:52:51 - [MESSAGE][INFO] - Checking timeout

2021-11-18 11:52:51 - [MESSAGE][INFO] - Finding web element with id: 'Object Repository/Kullanici_Islemleri/Secenekler' located by 'By.cssSelector: .nav.navbar-nav.navbar-right li a' in '10' second(s)

2021-11-18 11:52:51 - [MESSAGE][INFO] - Smart Wait Function is triggered

2021-11-18 11:52:52 - [MESSAGE][INFO] - Found 22 web elements with id: 'Object Repository/Kullanici_Islemleri/Secenekler' located by 'By.cssSelector: .nav.navbar-nav.navbar-right li a' in '10' second(s)

2021-11-18 11:52:53 - [MESSAGE][PASSED] - Method.TextDegerineEsitElementeTikla is PASSED

2021-11-18 11:52:53 - [TEST_STEP][PASSED] - verifyElementNotPresent(findTestObject("Object Repository/Kullanici_Islemleri/Secenekler"), 10): Web element with id: 'Object Repository/Kullanici_Islemleri/Secenekler' located by 'By.cssSelector: .nav.navbar-nav.navbar-right li a' is not present after '10' second(s)

2021-11-18 11:52:53 - [MESSAGE][INFO] - Finding Test Object 'Object Repository/Kullanici_Islemleri/Secenekler'

2021-11-18 11:52:53 - [MESSAGE][INFO] - Checking object

2021-11-18 11:52:53 - [MESSAGE][INFO] - Checking timeout

2021-11-18 11:52:53 - [MESSAGE][INFO] - Finding web element with id: 'Object Repository/Kullanici_Islemleri/Secenekler' located by 'By.cssSelector: .nav.navbar-nav.navbar-right li a' in '10' second(s)

2021-11-18 11:52:53 - [MESSAGE][INFO] - Smart Wait Function is triggered

2021-11-18 11:52:53 - [MESSAGE][PASSED] - Web element with id: 'Object Repository/Kullanici_Islemleri/Secenekler' located by 'By.cssSelector: .nav.navbar-nav.navbar-right li a' is not present after '10' second(s)

2021-11-18 11:52:53 - [MESSAGE][PASSED] - Call Test Case 'Test Cases/Kullanici_Islemleri/KullaniciIslemlerindenSecimYapilir' successfully

2021-11-18 11:52:53 - [TEST_CASE][PASSED] - Start Test Case : SCENARIO Kullanici Tanimlari Buton Kontrolu: SCENARIO Kullanici Tanimlari Buton Kontrolu

2021-11-18 11:52:53 - [TEST_STEP][PASSED] - Kullanıcı adı ELOGO6 ve Şifre 123456 olarak giriş yapılır: Kullanıcı adı ELOGO6 ve Şifre 123456 olarak giriş yapılır

2021-11-18 11:52:53 - [MESSAGE][PASSED] - Kullanıcı adı ELOGO6 ve Şifre 123456 olarak giriş yapılır

2021-11-18 11:52:53 - [TEST_STEP][PASSED] - Ana menüden Firma Yönetimi seçilir: Ana menüden Firma Yönetimi seçilir

2021-11-18 11:52:53 - [MESSAGE][PASSED] - Ana menüden Firma Yönetimi seçilir

2021-11-18 11:52:53 - [TEST_STEP][PASSED] - Alt menüden Yetki Yönetimi seçilir: Alt menüden Yetki Yönetimi seçilir

2021-11-18 11:52:53 - [MESSAGE][PASSED] - Alt menüden Yetki Yönetimi seçilir

2021-11-18 11:52:53 - [TEST_STEP][PASSED] - Sekmelerden Kullanıcı Tanımları seçilir: Sekmelerden Kullanıcı Tanımları seçilir

2021-11-18 11:52:53 - [MESSAGE][PASSED] - Sekmelerden Kullanıcı Tanımları seçilir

2021-11-18 11:52:53 - [TEST_STEP][PASSED] - Filtre alanlarında Kullanıcı Kodu var mı: Filtre alanlarında Kullanıcı Kodu var mı

2021-11-18 11:52:53 - [MESSAGE][PASSED] - Filtre alanlarında Kullanıcı Kodu var mı

2021-11-18 11:52:53 - [TEST_STEP][PASSED] - Filtre alanlarında Adı Soyadı var mı: Filtre alanlarında Adı Soyadı var mı

2021-11-18 11:52:53 - [MESSAGE][PASSED] - Filtre alanlarında Adı Soyadı var mı

2021-11-18 11:52:53 - [TEST_STEP][PASSED] - Filtre alanlarında Kullanıcı Unvan var mı: Filtre alanlarında Kullanıcı Unvan var mı

2021-11-18 11:52:53 - [MESSAGE][PASSED] - Filtre alanlarında Kullanıcı Unvan var mı

2021-11-18 11:52:53 - [TEST_STEP][PASSED] - Filtre alanlarında e-Posta var mı: Filtre alanlarında e-Posta var mı

2021-11-18 11:52:53 - [MESSAGE][PASSED] - Filtre alanlarında e-Posta var mı

2021-11-18 11:52:53 - [TEST_STEP][PASSED] - Filtre alanlarında Firma var mı: Filtre alanlarında Firma var mı

2021-11-18 11:52:53 - [MESSAGE][PASSED] - Filtre alanlarında Firma var mı

2021-11-18 11:52:53 - [TEST_STEP][PASSED] - Filtre alanlarında Departman var mı: Filtre alanlarında Departman var mı

2021-11-18 11:52:53 - [MESSAGE][PASSED] - Filtre alanlarında Departman var mı

2021-11-18 11:52:53 - [TEST_STEP][PASSED] - Filtre alanlarında Rol var mı: Filtre alanlarında Rol var mı

2021-11-18 11:52:53 - [MESSAGE][PASSED] - Filtre alanlarında Rol var mı

2021-11-18 11:52:53 - [TEST_STEP][PASSED] - Filtre butonlarında Listele var mı: Filtre butonlarında Listele var mı

2021-11-18 11:52:53 - [MESSAGE][PASSED] - Filtre butonlarında Listele var mı

2021-11-18 11:52:53 - [TEST_STEP][PASSED] - Filtre butonlarında Temizle var mı: Filtre butonlarında Temizle var mı

2021-11-18 11:52:53 - [MESSAGE][PASSED] - Filtre butonlarında Temizle var mı

2021-11-18 11:52:53 - [TEST_STEP][PASSED] - Butonlardan Kullanıcı Ekle var mı: Butonlardan Kullanıcı Ekle var mı

2021-11-18 11:52:53 - [MESSAGE][PASSED] - Butonlardan Kullanıcı Ekle var mı

2021-11-18 11:52:53 - [TEST_STEP][PASSED] - Butonlardan Değiştir var mı: Butonlardan Değiştir var mı

2021-11-18 11:52:53 - [MESSAGE][PASSED] - Butonlardan Değiştir var mı

2021-11-18 11:52:53 - [TEST_STEP][PASSED] - Butonlardan Sil var mı: Butonlardan Sil var mı

2021-11-18 11:52:53 - [MESSAGE][PASSED] - Butonlardan Sil var mı

2021-11-18 11:52:53 - [TEST_STEP][PASSED] - Butonlardan Rol ve Departman Tanımla var mı: Butonlardan Rol ve Departman Tanımla var mı

2021-11-18 11:52:53 - [MESSAGE][PASSED] - Butonlardan Rol ve Departman Tanımla var mı

2021-11-18 11:52:53 - [TEST_STEP][PASSED] - Kullanıcı işlemlerinden Çıkış seçilir: Kullanıcı işlemlerinden Çıkış seçilir

2021-11-18 11:52:53 - [MESSAGE][PASSED] - Kullanıcı işlemlerinden Çıkış seçilir

2021-11-18 11:52:53 - [MESSAGE][PASSED] - Feature file: 'Include/features/Firma Yonetimi/Yetki Yonetimi/Kullanici Tanimlari/Ekran Kontrolu.feature' was passed

2021-11-18 11:52:53 - [TEST_STEP][PASSED] - Start listener action : sampleAfterTestSuite: Invoke 'com.kms.katalon.core.annotation.AfterTestCase' method: 'Listener.sampleAfterTestSuite(...)' completed.

2021-11-18 11:52:53 - [MESSAGE][INFO] - Starting invoke 'com.kms.katalon.core.annotation.AfterTestCase' method: 'Listener.sampleAfterTestSuite(...)'

2021-11-18 11:52:53 - [TEST_STEP][PASSED] - closeBrowser(): Invoke 'com.kms.katalon.core.annotation.AfterTestCase' method: 'Listener.sampleAfterTestSuite(...)' completed.

2021-11-18 11:52:53 - [MESSAGE][INFO] - Closing browser

2021-11-18 11:52:54 - [MESSAGE][PASSED] - Browser is closed

2021-11-18 11:52:54 - [MESSAGE][INFO] - Invoke 'com.kms.katalon.core.annotation.AfterTestCase' method: 'Listener.sampleAfterTestSuite(...)' completed.]]></system-out>
         <system-err><![CDATA[]]></system-err>
      </testcase>
      <testcase name="Test Cases/Case Repository/Firma Yonetimi/Yetki Yonetimi/Kullanici Tanimlari/Kullanici Ekle" time="37.243" classname="Test Cases/Case Repository/Firma Yonetimi/Yetki Yonetimi/Kullanici Tanimlari/Kullanici Ekle" status="PASSED">
         <system-out><![CDATA[2021-11-18 11:52:54 - [TEST_CASE][PASSED] - Test Cases/Case Repository/Firma Yonetimi/Yetki Yonetimi/Kullanici Tanimlari/Kullanici Ekle: Test Cases/Case Repository/Firma Yonetimi/Yetki Yonetimi/Kullanici Tanimlari/Kullanici Ekle

2021-11-18 11:52:54 - [TEST_STEP][PASSED] - Start listener action : sampleBeforeTestSuite: Invoke 'com.kms.katalon.core.annotation.BeforeTestCase' method: 'Listener.sampleBeforeTestSuite(...)' completed.

2021-11-18 11:52:54 - [MESSAGE][INFO] - Starting invoke 'com.kms.katalon.core.annotation.BeforeTestCase' method: 'Listener.sampleBeforeTestSuite(...)'

2021-11-18 11:52:54 - [TEST_STEP][PASSED] - openBrowser(baseUrl): Browser is opened with url: 'https://efatura-stage.elogo.com.tr/'

2021-11-18 11:52:54 - [MESSAGE][INFO] - Opening browser

2021-11-18 11:52:54 - [MESSAGE][INFO] - Starting 'Chrome' driver

2021-11-18 11:52:54 - [MESSAGE][INFO] - User set preference: ['prefs', '{download.default_directory=C:\otomasyondownfiles}']

2021-11-18 11:52:54 - [MESSAGE][INFO] - Action delay is set to 0 milliseconds

2021-11-18 11:52:55 - [MESSAGE][INFO] - Navigating browser to: 'https://efatura-stage.elogo.com.tr/'

2021-11-18 11:52:58 - [MESSAGE][PASSED] - Browser is opened with url: 'https://efatura-stage.elogo.com.tr/'

2021-11-18 11:52:58 - [TEST_STEP][PASSED] - maximizeWindow(): Invoke 'com.kms.katalon.core.annotation.BeforeTestCase' method: 'Listener.sampleBeforeTestSuite(...)' completed.

2021-11-18 11:52:58 - [MESSAGE][INFO] - Maximizing current window

2021-11-18 11:52:58 - [MESSAGE][PASSED] - Current window maximized

2021-11-18 11:52:58 - [MESSAGE][INFO] - Invoke 'com.kms.katalon.core.annotation.BeforeTestCase' method: 'Listener.sampleBeforeTestSuite(...)' completed.

2021-11-18 11:52:58 - [TEST_STEP][PASSED] - runFeatureFile("Include/features/Firma Yonetimi/Yetki Yonetimi/Kullanici Tanimlari/Kullanici Ekle.feature"): Feature file: 'Include/features/Firma Yonetimi/Yetki Yonetimi/Kullanici Tanimlari/Kullanici Ekle.feature' was passed

2021-11-18 11:52:58 - [MESSAGE][INFO] - Starting run keyword runFeatureFile: 'Include/features/Firma Yonetimi/Yetki Yonetimi/Kullanici Tanimlari/Kullanici Ekle.feature' and extract report to folder: 'C:\Users\DELL\Documents\GitHub\EES_KatalonLogo\Reports\20211118_110909\Suite Repository\Firma_Yonetimi\20211118_111017/cucumber_report/1637225578951'...

2021-11-18 11:52:58 - [MESSAGE][INFO] - Glue: []

2021-11-18 11:53:00 - [MESSAGE][INFO] - Checking called Test Case

2021-11-18 11:53:00 - [MESSAGE][INFO] - Starting to call Test Case 'Test Cases/Sayfalar/Giris_Sayfasi/Login'

2021-11-18 11:53:01 - [TEST_CASE][PASSED] - Test Cases/Sayfalar/Giris_Sayfasi/Login: Test Cases/Sayfalar/Giris_Sayfasi/Login

2021-11-18 11:53:01 - [TEST_STEP][PASSED] - Sayfa_Basligi = getWindowTitle(): Current window's title is: 'LOGO e-Fatura'

2021-11-18 11:53:01 - [MESSAGE][INFO] - Getting current window's title

2021-11-18 11:53:01 - [MESSAGE][PASSED] - Current window's title is: 'LOGO e-Fatura'

2021-11-18 11:53:01 - [TEST_STEP][PASSED] - verifyMatch(Sayfa_Basligi, "LOGO e-Fatura", false): Actual text 'LOGO e-Fatura' and expected text 'LOGO e-Fatura' are matched 

2021-11-18 11:53:01 - [MESSAGE][INFO] - Matching actual text 'LOGO e-Fatura' with expected text 'LOGO e-Fatura'

2021-11-18 11:53:01 - [MESSAGE][PASSED] - Actual text 'LOGO e-Fatura' and expected text 'LOGO e-Fatura' are matched 

2021-11-18 11:53:01 - [TEST_STEP][PASSED] - sendKeys(findTestObject("Sayfalar/Giris_Sayfasi/Firma_Kodu"), KullaniciAdi): Keys 'ELOGO6' sent to object: 'Object Repository/Sayfalar/Giris_Sayfasi/Firma_Kodu'

2021-11-18 11:53:01 - [MESSAGE][INFO] - Finding Test Object 'Object Repository/Sayfalar/Giris_Sayfasi/Firma_Kodu'

2021-11-18 11:53:01 - [MESSAGE][INFO] - Sending keys 'ELOGO6' to object: 'Object Repository/Sayfalar/Giris_Sayfasi/Firma_Kodu'

2021-11-18 11:53:01 - [MESSAGE][INFO] - Finding web element from Test Object's properties

2021-11-18 11:53:01 - [MESSAGE][INFO] - Checking timeout

2021-11-18 11:53:01 - [MESSAGE][INFO] - Finding web element with id: 'Object Repository/Sayfalar/Giris_Sayfasi/Firma_Kodu' located by 'By.xpath: //*[@id = 'AccountName']' in '30' second(s)

2021-11-18 11:53:01 - [MESSAGE][INFO] - Smart Wait Function is triggered

2021-11-18 11:53:01 - [MESSAGE][INFO] - Found 1 web elements with id: 'Object Repository/Sayfalar/Giris_Sayfasi/Firma_Kodu' located by 'By.xpath: //*[@id = 'AccountName']' in '30' second(s)

2021-11-18 11:53:01 - [MESSAGE][PASSED] - Keys 'ELOGO6' sent to object: 'Object Repository/Sayfalar/Giris_Sayfasi/Firma_Kodu'

2021-11-18 11:53:01 - [TEST_STEP][PASSED] - sendKeys(findTestObject("Sayfalar/Giris_Sayfasi/Sifre"), Sifre): Keys '123456' sent to object: 'Object Repository/Sayfalar/Giris_Sayfasi/Sifre'

2021-11-18 11:53:01 - [MESSAGE][INFO] - Finding Test Object 'Object Repository/Sayfalar/Giris_Sayfasi/Sifre'

2021-11-18 11:53:01 - [MESSAGE][INFO] - Sending keys '123456' to object: 'Object Repository/Sayfalar/Giris_Sayfasi/Sifre'

2021-11-18 11:53:01 - [MESSAGE][INFO] - Finding web element from Test Object's properties

2021-11-18 11:53:01 - [MESSAGE][INFO] - Checking timeout

2021-11-18 11:53:01 - [MESSAGE][INFO] - Finding web element with id: 'Object Repository/Sayfalar/Giris_Sayfasi/Sifre' located by 'By.xpath: //*[@id = 'Password']' in '30' second(s)

2021-11-18 11:53:01 - [MESSAGE][INFO] - Smart Wait Function is triggered

2021-11-18 11:53:01 - [MESSAGE][INFO] - Found 1 web elements with id: 'Object Repository/Sayfalar/Giris_Sayfasi/Sifre' located by 'By.xpath: //*[@id = 'Password']' in '30' second(s)

2021-11-18 11:53:02 - [MESSAGE][PASSED] - Keys '123456' sent to object: 'Object Repository/Sayfalar/Giris_Sayfasi/Sifre'

2021-11-18 11:53:02 - [TEST_STEP][PASSED] - findWebElement(findTestObject("Sayfalar/Giris_Sayfasi/Giris_Butonu")).click(): Found 1 web elements with id: 'Object Repository/Sayfalar/Giris_Sayfasi/Giris_Butonu' located by 'By.cssSelector: #btnLogin' in '30' second(s)

2021-11-18 11:53:02 - [MESSAGE][INFO] - Finding Test Object 'Object Repository/Sayfalar/Giris_Sayfasi/Giris_Butonu'

2021-11-18 11:53:02 - [MESSAGE][INFO] - Finding web element from Test Object's properties

2021-11-18 11:53:02 - [MESSAGE][INFO] - Checking timeout

2021-11-18 11:53:02 - [MESSAGE][INFO] - Finding web element with id: 'Object Repository/Sayfalar/Giris_Sayfasi/Giris_Butonu' located by 'By.cssSelector: #btnLogin' in '30' second(s)

2021-11-18 11:53:02 - [MESSAGE][INFO] - Smart Wait Function is triggered

2021-11-18 11:53:02 - [MESSAGE][INFO] - Found 1 web elements with id: 'Object Repository/Sayfalar/Giris_Sayfasi/Giris_Butonu' located by 'By.cssSelector: #btnLogin' in '30' second(s)

2021-11-18 11:53:04 - [TEST_STEP][PASSED] - if (verifyElementPresent(findTestObject("Object Repository/Sayfalar/Giris_Sayfasi/RetveTamam_Butonu"), 5, OPTIONAL)): null

2021-11-18 11:53:04 - [MESSAGE][INFO] - Finding Test Object 'Object Repository/Sayfalar/Giris_Sayfasi/RetveTamam_Butonu'

2021-11-18 11:53:05 - [MESSAGE][INFO] - Checking object

2021-11-18 11:53:05 - [MESSAGE][INFO] - Finding web element from Test Object's properties

2021-11-18 11:53:05 - [MESSAGE][INFO] - Checking timeout

2021-11-18 11:53:05 - [MESSAGE][INFO] - Finding web element with id: 'Object Repository/Sayfalar/Giris_Sayfasi/RetveTamam_Butonu' located by 'By.xpath: //*[@class = 'btn btn-default']' in '5' second(s)

2021-11-18 11:53:05 - [MESSAGE][INFO] - Smart Wait Function is triggered

2021-11-18 11:53:05 - [MESSAGE][INFO] - Found 1 web elements with id: 'Object Repository/Sayfalar/Giris_Sayfasi/RetveTamam_Butonu' located by 'By.xpath: //*[@class = 'btn btn-default']' in '5' second(s)

2021-11-18 11:53:05 - [MESSAGE][PASSED] - Object 'Object Repository/Sayfalar/Giris_Sayfasi/RetveTamam_Butonu' is present

2021-11-18 11:53:05 - [TEST_STEP][PASSED] - click(findTestObject("Object Repository/Sayfalar/Giris_Sayfasi/RetveTamam_Butonu")): Object: 'Object Repository/Sayfalar/Giris_Sayfasi/RetveTamam_Butonu' is clicked on

2021-11-18 11:53:05 - [MESSAGE][INFO] - Finding Test Object 'Object Repository/Sayfalar/Giris_Sayfasi/RetveTamam_Butonu'

2021-11-18 11:53:05 - [MESSAGE][INFO] - Checking object

2021-11-18 11:53:05 - [MESSAGE][INFO] - Finding web element from Test Object's properties

2021-11-18 11:53:05 - [MESSAGE][INFO] - Checking timeout

2021-11-18 11:53:05 - [MESSAGE][INFO] - Finding web element with id: 'Object Repository/Sayfalar/Giris_Sayfasi/RetveTamam_Butonu' located by 'By.xpath: //*[@class = 'btn btn-default']' in '30' second(s)

2021-11-18 11:53:05 - [MESSAGE][INFO] - Smart Wait Function is triggered

2021-11-18 11:53:05 - [MESSAGE][INFO] - Found 1 web elements with id: 'Object Repository/Sayfalar/Giris_Sayfasi/RetveTamam_Butonu' located by 'By.xpath: //*[@class = 'btn btn-default']' in '30' second(s)

2021-11-18 11:53:05 - [MESSAGE][INFO] - Clicking on object: 'Object Repository/Sayfalar/Giris_Sayfasi/RetveTamam_Butonu'

2021-11-18 11:53:06 - [MESSAGE][PASSED] - Object: 'Object Repository/Sayfalar/Giris_Sayfasi/RetveTamam_Butonu' is clicked on

2021-11-18 11:53:06 - [TEST_STEP][PASSED] - click(findTestObject("Object Repository/Sayfalar/Giris_Sayfasi/RetveTamam_Butonu")): Object: 'Object Repository/Sayfalar/Giris_Sayfasi/RetveTamam_Butonu' is clicked on

2021-11-18 11:53:06 - [MESSAGE][INFO] - Finding Test Object 'Object Repository/Sayfalar/Giris_Sayfasi/RetveTamam_Butonu'

2021-11-18 11:53:06 - [MESSAGE][INFO] - Checking object

2021-11-18 11:53:06 - [MESSAGE][INFO] - Finding web element from Test Object's properties

2021-11-18 11:53:06 - [MESSAGE][INFO] - Checking timeout

2021-11-18 11:53:06 - [MESSAGE][INFO] - Finding web element with id: 'Object Repository/Sayfalar/Giris_Sayfasi/RetveTamam_Butonu' located by 'By.xpath: //*[@class = 'btn btn-default']' in '30' second(s)

2021-11-18 11:53:06 - [MESSAGE][INFO] - Smart Wait Function is triggered

2021-11-18 11:53:10 - [MESSAGE][INFO] - Found 1 web elements with id: 'Object Repository/Sayfalar/Giris_Sayfasi/RetveTamam_Butonu' located by 'By.xpath: //*[@class = 'btn btn-default']' in '30' second(s)

2021-11-18 11:53:10 - [MESSAGE][INFO] - Clicking on object: 'Object Repository/Sayfalar/Giris_Sayfasi/RetveTamam_Butonu'

2021-11-18 11:53:10 - [MESSAGE][PASSED] - Object: 'Object Repository/Sayfalar/Giris_Sayfasi/RetveTamam_Butonu' is clicked on

2021-11-18 11:53:10 - [TEST_STEP][PASSED] - if (verifyElementPresent(findTestObject("Sayfalar/Giris_Sayfasi/PopupOK"), 5, OPTIONAL)): null

2021-11-18 11:53:10 - [MESSAGE][INFO] - Finding Test Object 'Object Repository/Sayfalar/Giris_Sayfasi/PopupOK'

2021-11-18 11:53:10 - [MESSAGE][INFO] - Checking object

2021-11-18 11:53:10 - [MESSAGE][INFO] - Finding web element from Test Object's properties

2021-11-18 11:53:10 - [MESSAGE][INFO] - Checking timeout

2021-11-18 11:53:10 - [MESSAGE][INFO] - Finding web element with id: 'Object Repository/Sayfalar/Giris_Sayfasi/PopupOK' located by 'By.cssSelector: .btn.btn-success' in '5' second(s)

2021-11-18 11:53:10 - [MESSAGE][INFO] - Smart Wait Function is triggered

2021-11-18 11:53:11 - [MESSAGE][INFO] - Found 1 web elements with id: 'Object Repository/Sayfalar/Giris_Sayfasi/PopupOK' located by 'By.cssSelector: .btn.btn-success' in '5' second(s)

2021-11-18 11:53:11 - [MESSAGE][PASSED] - Object 'Object Repository/Sayfalar/Giris_Sayfasi/PopupOK' is present

2021-11-18 11:53:11 - [TEST_STEP][PASSED] - click(findTestObject("Object Repository/Sayfalar/Giris_Sayfasi/PopupCarpiGiris")): Object: 'Object Repository/Sayfalar/Giris_Sayfasi/PopupCarpiGiris' is clicked on

2021-11-18 11:53:11 - [MESSAGE][INFO] - Finding Test Object 'Object Repository/Sayfalar/Giris_Sayfasi/PopupCarpiGiris'

2021-11-18 11:53:11 - [MESSAGE][INFO] - Checking object

2021-11-18 11:53:11 - [MESSAGE][INFO] - Finding web element from Test Object's properties

2021-11-18 11:53:11 - [MESSAGE][INFO] - Checking timeout

2021-11-18 11:53:11 - [MESSAGE][INFO] - Finding web element with id: 'Object Repository/Sayfalar/Giris_Sayfasi/PopupCarpiGiris' located by 'By.cssSelector: .bootbox-close-button.close' in '30' second(s)

2021-11-18 11:53:11 - [MESSAGE][INFO] - Smart Wait Function is triggered

2021-11-18 11:53:11 - [MESSAGE][INFO] - Found 1 web elements with id: 'Object Repository/Sayfalar/Giris_Sayfasi/PopupCarpiGiris' located by 'By.cssSelector: .bootbox-close-button.close' in '30' second(s)

2021-11-18 11:53:11 - [MESSAGE][INFO] - Clicking on object: 'Object Repository/Sayfalar/Giris_Sayfasi/PopupCarpiGiris'

2021-11-18 11:53:11 - [MESSAGE][PASSED] - Object: 'Object Repository/Sayfalar/Giris_Sayfasi/PopupCarpiGiris' is clicked on

2021-11-18 11:53:11 - [TEST_STEP][PASSED] - verifyElementVisible(findTestObject("Object Repository/Kullanici_Islemleri/KullaniciIslemleri")): Object 'Object Repository/Kullanici_Islemleri/KullaniciIslemleri' is visible

2021-11-18 11:53:11 - [MESSAGE][INFO] - Finding Test Object 'Object Repository/Kullanici_Islemleri/KullaniciIslemleri'

2021-11-18 11:53:11 - [MESSAGE][INFO] - Checking object

2021-11-18 11:53:11 - [MESSAGE][INFO] - Finding web element from Test Object's properties

2021-11-18 11:53:11 - [MESSAGE][INFO] - Checking timeout

2021-11-18 11:53:11 - [MESSAGE][INFO] - Finding web element with id: 'Object Repository/Kullanici_Islemleri/KullaniciIslemleri' located by 'By.cssSelector: .dropdown>a>img' in '30' second(s)

2021-11-18 11:53:11 - [MESSAGE][INFO] - Smart Wait Function is triggered

2021-11-18 11:53:12 - [MESSAGE][INFO] - Found 1 web elements with id: 'Object Repository/Kullanici_Islemleri/KullaniciIslemleri' located by 'By.cssSelector: .dropdown>a>img' in '30' second(s)

2021-11-18 11:53:12 - [MESSAGE][PASSED] - Object 'Object Repository/Kullanici_Islemleri/KullaniciIslemleri' is visible

2021-11-18 11:53:12 - [MESSAGE][PASSED] - Call Test Case 'Test Cases/Sayfalar/Giris_Sayfasi/Login' successfully

2021-11-18 11:53:12 - [MESSAGE][INFO] - Checking called Test Case

2021-11-18 11:53:12 - [MESSAGE][INFO] - Starting to call Test Case 'Test Cases/Menu/AnaMenuSecimi'

2021-11-18 11:53:12 - [TEST_CASE][PASSED] - Test Cases/Menu/AnaMenuSecimi: Test Cases/Menu/AnaMenuSecimi

2021-11-18 11:53:12 - [TEST_STEP][PASSED] - Method.TextDegerineEsitElementeTikla(findTestObject("Menu/Ana_Menu"), Ana_Menu): Method.TextDegerineEsitElementeTikla is PASSED

2021-11-18 11:53:12 - [MESSAGE][INFO] - Finding Test Object 'Object Repository/Menu/Ana_Menu'

2021-11-18 11:53:12 - [MESSAGE][INFO] - Checking timeout

2021-11-18 11:53:12 - [MESSAGE][INFO] - Finding web element with id: 'Object Repository/Menu/Ana_Menu' located by 'By.xpath: //*[@class = 'dropdown-toggle']' in '10' second(s)

2021-11-18 11:53:12 - [MESSAGE][INFO] - Smart Wait Function is triggered

2021-11-18 11:53:12 - [MESSAGE][INFO] - Found 14 web elements with id: 'Object Repository/Menu/Ana_Menu' located by 'By.xpath: //*[@class = 'dropdown-toggle']' in '10' second(s)

2021-11-18 11:53:13 - [MESSAGE][PASSED] - Method.TextDegerineEsitElementeTikla is PASSED

2021-11-18 11:53:13 - [MESSAGE][PASSED] - Call Test Case 'Test Cases/Menu/AnaMenuSecimi' successfully

2021-11-18 11:53:13 - [MESSAGE][INFO] - Checking called Test Case

2021-11-18 11:53:13 - [MESSAGE][INFO] - Starting to call Test Case 'Test Cases/Menu/AltMenuSecimi'

2021-11-18 11:53:13 - [TEST_CASE][PASSED] - Test Cases/Menu/AltMenuSecimi: Test Cases/Menu/AltMenuSecimi

2021-11-18 11:53:13 - [TEST_STEP][PASSED] - Method.TextDegerineEsitElementeTikla(findTestObject("Menu/Alt_Menu"), Alt_Menu): Method.TextDegerineEsitElementeTikla is PASSED

2021-11-18 11:53:13 - [MESSAGE][INFO] - Finding Test Object 'Object Repository/Menu/Alt_Menu'

2021-11-18 11:53:13 - [MESSAGE][INFO] - Checking timeout

2021-11-18 11:53:13 - [MESSAGE][INFO] - Finding web element with id: 'Object Repository/Menu/Alt_Menu' located by 'By.xpath: //li[@class='dropdown dropdown-large open']//li[@class='dropdown-element']' in '10' second(s)

2021-11-18 11:53:13 - [MESSAGE][INFO] - Smart Wait Function is triggered

2021-11-18 11:53:13 - [MESSAGE][INFO] - Found 1 web elements with id: 'Object Repository/Menu/Alt_Menu' located by 'By.xpath: //li[@class='dropdown dropdown-large open']//li[@class='dropdown-element']' in '10' second(s)

2021-11-18 11:53:16 - [MESSAGE][PASSED] - Method.TextDegerineEsitElementeTikla is PASSED

2021-11-18 11:53:16 - [MESSAGE][PASSED] - Call Test Case 'Test Cases/Menu/AltMenuSecimi' successfully

2021-11-18 11:53:16 - [MESSAGE][INFO] - Checking called Test Case

2021-11-18 11:53:16 - [MESSAGE][INFO] - Starting to call Test Case 'Test Cases/Butonlar/ButonaTikla'

2021-11-18 11:53:16 - [TEST_CASE][PASSED] - Test Cases/Butonlar/ButonaTikla: Test Cases/Butonlar/ButonaTikla

2021-11-18 11:53:16 - [TEST_STEP][PASSED] - Method.TextDegerineEsitElementeTiklaEquals(findTestObject("Butonlar/Butonlar"), Buton_Adi): Method.TextDegerineEsitElementeTiklaEquals is PASSED

2021-11-18 11:53:16 - [MESSAGE][INFO] - Finding Test Object 'Object Repository/Butonlar/Butonlar'

2021-11-18 11:53:16 - [MESSAGE][INFO] - Checking timeout

2021-11-18 11:53:16 - [MESSAGE][INFO] - Finding web element with id: 'Object Repository/Butonlar/Butonlar' located by 'By.cssSelector: .panel.panel-default.text-center.footerPanel .btn,.btn.btn-primary.btnControls' in '10' second(s)

2021-11-18 11:53:16 - [MESSAGE][INFO] - Smart Wait Function is triggered

2021-11-18 11:53:16 - [MESSAGE][INFO] - Found 12 web elements with id: 'Object Repository/Butonlar/Butonlar' located by 'By.cssSelector: .panel.panel-default.text-center.footerPanel .btn,.btn.btn-primary.btnControls' in '10' second(s)

2021-11-18 11:53:17 - [MESSAGE][PASSED] - Method.TextDegerineEsitElementeTiklaEquals is PASSED

2021-11-18 11:53:17 - [MESSAGE][PASSED] - Call Test Case 'Test Cases/Butonlar/ButonaTikla' successfully

2021-11-18 11:53:17 - [MESSAGE][INFO] - Checking called Test Case

2021-11-18 11:53:17 - [MESSAGE][INFO] - Starting to call Test Case 'Test Cases/Sayfalar/Yetki_Yonetimi/KullaniciEklenir'

2021-11-18 11:53:17 - [TEST_CASE][PASSED] - Test Cases/Sayfalar/Yetki_Yonetimi/KullaniciEklenir: Test Cases/Sayfalar/Yetki_Yonetimi/KullaniciEklenir

2021-11-18 11:53:18 - [TEST_STEP][PASSED] - switchToFrame(findTestObject("Object Repository/Sayfalar/Yetki_Yonetimi/Kullanici_Bilgileri/frame"), 10): Switched to iframe: 'Object Repository/Sayfalar/Yetki_Yonetimi/Kullanici_Bilgileri/frame'

2021-11-18 11:53:18 - [MESSAGE][INFO] - Finding Test Object 'Object Repository/Sayfalar/Yetki_Yonetimi/Kullanici_Bilgileri/frame'

2021-11-18 11:53:18 - [MESSAGE][INFO] - Switching to iframe: 'Object Repository/Sayfalar/Yetki_Yonetimi/Kullanici_Bilgileri/frame'

2021-11-18 11:53:18 - [MESSAGE][INFO] - Finding web element from Test Object's properties

2021-11-18 11:53:18 - [MESSAGE][INFO] - Checking timeout

2021-11-18 11:53:18 - [MESSAGE][INFO] - Finding web element with id: 'Object Repository/Sayfalar/Yetki_Yonetimi/Kullanici_Bilgileri/frame' located by 'By.xpath: //*[@id = 'adduserframe']' in '10' second(s)

2021-11-18 11:53:18 - [MESSAGE][INFO] - Smart Wait Function is triggered

2021-11-18 11:53:18 - [MESSAGE][INFO] - Found 1 web elements with id: 'Object Repository/Sayfalar/Yetki_Yonetimi/Kullanici_Bilgileri/frame' located by 'By.xpath: //*[@id = 'adduserframe']' in '10' second(s)

2021-11-18 11:53:18 - [MESSAGE][INFO] - Switched to iframe: 'Object Repository/Sayfalar/Yetki_Yonetimi/Kullanici_Bilgileri/frame'

2021-11-18 11:53:18 - [TEST_STEP][PASSED] - waitForElementPresent(findTestObject("Object Repository/Sayfalar/Yetki_Yonetimi/Kullanici_Bilgileri/Kullanici_Kodu"), 10): Object 'Object Repository/Sayfalar/Yetki_Yonetimi/Kullanici_Bilgileri/Kullanici_Kodu' is present

2021-11-18 11:53:18 - [MESSAGE][INFO] - Finding Test Object 'Object Repository/Sayfalar/Yetki_Yonetimi/Kullanici_Bilgileri/Kullanici_Kodu'

2021-11-18 11:53:18 - [MESSAGE][INFO] - Checking object

2021-11-18 11:53:18 - [MESSAGE][INFO] - Finding web element from Test Object's properties

2021-11-18 11:53:18 - [MESSAGE][INFO] - Checking timeout

2021-11-18 11:53:18 - [MESSAGE][INFO] - Finding web element with id: 'Object Repository/Sayfalar/Yetki_Yonetimi/Kullanici_Bilgileri/Kullanici_Kodu' located by 'By.xpath: //*[@id = 'UserName_I']' in '10' second(s)

2021-11-18 11:53:18 - [MESSAGE][INFO] - Smart Wait Function is triggered

2021-11-18 11:53:18 - [MESSAGE][INFO] - Found 1 web elements with id: 'Object Repository/Sayfalar/Yetki_Yonetimi/Kullanici_Bilgileri/Kullanici_Kodu' located by 'By.xpath: //*[@id = 'UserName_I']' in '10' second(s)

2021-11-18 11:53:18 - [MESSAGE][PASSED] - Object 'Object Repository/Sayfalar/Yetki_Yonetimi/Kullanici_Bilgileri/Kullanici_Kodu' is present

2021-11-18 11:53:18 - [TEST_STEP][PASSED] - clearText(findTestObject("Object Repository/Sayfalar/Yetki_Yonetimi/Kullanici_Bilgileri/Kullanici_Kodu")): Text of object 'Object Repository/Sayfalar/Yetki_Yonetimi/Kullanici_Bilgileri/Kullanici_Kodu' is cleared

2021-11-18 11:53:18 - [MESSAGE][INFO] - Finding Test Object 'Object Repository/Sayfalar/Yetki_Yonetimi/Kullanici_Bilgileri/Kullanici_Kodu'

2021-11-18 11:53:18 - [MESSAGE][INFO] - Checking object

2021-11-18 11:53:18 - [MESSAGE][INFO] - Finding web element from Test Object's properties

2021-11-18 11:53:18 - [MESSAGE][INFO] - Checking timeout

2021-11-18 11:53:18 - [MESSAGE][INFO] - Finding web element with id: 'Object Repository/Sayfalar/Yetki_Yonetimi/Kullanici_Bilgileri/Kullanici_Kodu' located by 'By.xpath: //*[@id = 'UserName_I']' in '30' second(s)

2021-11-18 11:53:18 - [MESSAGE][INFO] - Smart Wait Function is triggered

2021-11-18 11:53:18 - [MESSAGE][INFO] - Found 1 web elements with id: 'Object Repository/Sayfalar/Yetki_Yonetimi/Kullanici_Bilgileri/Kullanici_Kodu' located by 'By.xpath: //*[@id = 'UserName_I']' in '30' second(s)

2021-11-18 11:53:18 - [MESSAGE][INFO] - Clearing text of object 'Object Repository/Sayfalar/Yetki_Yonetimi/Kullanici_Bilgileri/Kullanici_Kodu'

2021-11-18 11:53:18 - [MESSAGE][PASSED] - Text of object 'Object Repository/Sayfalar/Yetki_Yonetimi/Kullanici_Bilgileri/Kullanici_Kodu' is cleared

2021-11-18 11:53:18 - [TEST_STEP][PASSED] - sendKeys(findTestObject("Object Repository/Sayfalar/Yetki_Yonetimi/Kullanici_Bilgileri/Kullanici_Kodu"), Kullanici_Kodu): Keys 'VirgosolKullanici' sent to object: 'Object Repository/Sayfalar/Yetki_Yonetimi/Kullanici_Bilgileri/Kullanici_Kodu'

2021-11-18 11:53:18 - [MESSAGE][INFO] - Finding Test Object 'Object Repository/Sayfalar/Yetki_Yonetimi/Kullanici_Bilgileri/Kullanici_Kodu'

2021-11-18 11:53:18 - [MESSAGE][INFO] - Sending keys 'VirgosolKullanici' to object: 'Object Repository/Sayfalar/Yetki_Yonetimi/Kullanici_Bilgileri/Kullanici_Kodu'

2021-11-18 11:53:18 - [MESSAGE][INFO] - Finding web element from Test Object's properties

2021-11-18 11:53:18 - [MESSAGE][INFO] - Checking timeout

2021-11-18 11:53:18 - [MESSAGE][INFO] - Finding web element with id: 'Object Repository/Sayfalar/Yetki_Yonetimi/Kullanici_Bilgileri/Kullanici_Kodu' located by 'By.xpath: //*[@id = 'UserName_I']' in '30' second(s)

2021-11-18 11:53:18 - [MESSAGE][INFO] - Smart Wait Function is triggered

2021-11-18 11:53:18 - [MESSAGE][INFO] - Found 1 web elements with id: 'Object Repository/Sayfalar/Yetki_Yonetimi/Kullanici_Bilgileri/Kullanici_Kodu' located by 'By.xpath: //*[@id = 'UserName_I']' in '30' second(s)

2021-11-18 11:53:19 - [MESSAGE][PASSED] - Keys 'VirgosolKullanici' sent to object: 'Object Repository/Sayfalar/Yetki_Yonetimi/Kullanici_Bilgileri/Kullanici_Kodu'

2021-11-18 11:53:19 - [TEST_STEP][PASSED] - waitForElementPresent(findTestObject("Object Repository/Sayfalar/Yetki_Yonetimi/Kullanici_Bilgileri/Adi"), 10): Object 'Object Repository/Sayfalar/Yetki_Yonetimi/Kullanici_Bilgileri/Adi' is present

2021-11-18 11:53:19 - [MESSAGE][INFO] - Finding Test Object 'Object Repository/Sayfalar/Yetki_Yonetimi/Kullanici_Bilgileri/Adi'

2021-11-18 11:53:19 - [MESSAGE][INFO] - Checking object

2021-11-18 11:53:19 - [MESSAGE][INFO] - Finding web element from Test Object's properties

2021-11-18 11:53:19 - [MESSAGE][INFO] - Checking timeout

2021-11-18 11:53:19 - [MESSAGE][INFO] - Finding web element with id: 'Object Repository/Sayfalar/Yetki_Yonetimi/Kullanici_Bilgileri/Adi' located by 'By.xpath: //*[@id = 'Name_I']' in '10' second(s)

2021-11-18 11:53:19 - [MESSAGE][INFO] - Smart Wait Function is triggered

2021-11-18 11:53:19 - [MESSAGE][INFO] - Found 1 web elements with id: 'Object Repository/Sayfalar/Yetki_Yonetimi/Kullanici_Bilgileri/Adi' located by 'By.xpath: //*[@id = 'Name_I']' in '10' second(s)

2021-11-18 11:53:19 - [MESSAGE][PASSED] - Object 'Object Repository/Sayfalar/Yetki_Yonetimi/Kullanici_Bilgileri/Adi' is present

2021-11-18 11:53:19 - [TEST_STEP][PASSED] - clearText(findTestObject("Object Repository/Sayfalar/Yetki_Yonetimi/Kullanici_Bilgileri/Adi")): Text of object 'Object Repository/Sayfalar/Yetki_Yonetimi/Kullanici_Bilgileri/Adi' is cleared

2021-11-18 11:53:19 - [MESSAGE][INFO] - Finding Test Object 'Object Repository/Sayfalar/Yetki_Yonetimi/Kullanici_Bilgileri/Adi'

2021-11-18 11:53:19 - [MESSAGE][INFO] - Checking object

2021-11-18 11:53:19 - [MESSAGE][INFO] - Finding web element from Test Object's properties

2021-11-18 11:53:19 - [MESSAGE][INFO] - Checking timeout

2021-11-18 11:53:19 - [MESSAGE][INFO] - Finding web element with id: 'Object Repository/Sayfalar/Yetki_Yonetimi/Kullanici_Bilgileri/Adi' located by 'By.xpath: //*[@id = 'Name_I']' in '30' second(s)

2021-11-18 11:53:19 - [MESSAGE][INFO] - Smart Wait Function is triggered

2021-11-18 11:53:19 - [MESSAGE][INFO] - Found 1 web elements with id: 'Object Repository/Sayfalar/Yetki_Yonetimi/Kullanici_Bilgileri/Adi' located by 'By.xpath: //*[@id = 'Name_I']' in '30' second(s)

2021-11-18 11:53:19 - [MESSAGE][INFO] - Clearing text of object 'Object Repository/Sayfalar/Yetki_Yonetimi/Kullanici_Bilgileri/Adi'

2021-11-18 11:53:19 - [MESSAGE][PASSED] - Text of object 'Object Repository/Sayfalar/Yetki_Yonetimi/Kullanici_Bilgileri/Adi' is cleared

2021-11-18 11:53:19 - [TEST_STEP][PASSED] - sendKeys(findTestObject("Object Repository/Sayfalar/Yetki_Yonetimi/Kullanici_Bilgileri/Adi"), Adi): Keys 'Virgosol' sent to object: 'Object Repository/Sayfalar/Yetki_Yonetimi/Kullanici_Bilgileri/Adi'

2021-11-18 11:53:19 - [MESSAGE][INFO] - Finding Test Object 'Object Repository/Sayfalar/Yetki_Yonetimi/Kullanici_Bilgileri/Adi'

2021-11-18 11:53:19 - [MESSAGE][INFO] - Sending keys 'Virgosol' to object: 'Object Repository/Sayfalar/Yetki_Yonetimi/Kullanici_Bilgileri/Adi'

2021-11-18 11:53:19 - [MESSAGE][INFO] - Finding web element from Test Object's properties

2021-11-18 11:53:19 - [MESSAGE][INFO] - Checking timeout

2021-11-18 11:53:19 - [MESSAGE][INFO] - Finding web element with id: 'Object Repository/Sayfalar/Yetki_Yonetimi/Kullanici_Bilgileri/Adi' located by 'By.xpath: //*[@id = 'Name_I']' in '30' second(s)

2021-11-18 11:53:19 - [MESSAGE][INFO] - Smart Wait Function is triggered

2021-11-18 11:53:19 - [MESSAGE][INFO] - Found 1 web elements with id: 'Object Repository/Sayfalar/Yetki_Yonetimi/Kullanici_Bilgileri/Adi' located by 'By.xpath: //*[@id = 'Name_I']' in '30' second(s)

2021-11-18 11:53:19 - [MESSAGE][PASSED] - Keys 'Virgosol' sent to object: 'Object Repository/Sayfalar/Yetki_Yonetimi/Kullanici_Bilgileri/Adi'

2021-11-18 11:53:19 - [TEST_STEP][PASSED] - waitForElementPresent(findTestObject("Object Repository/Sayfalar/Yetki_Yonetimi/Kullanici_Bilgileri/Soyadi"), 10): Object 'Object Repository/Sayfalar/Yetki_Yonetimi/Kullanici_Bilgileri/Soyadi' is present

2021-11-18 11:53:19 - [MESSAGE][INFO] - Finding Test Object 'Object Repository/Sayfalar/Yetki_Yonetimi/Kullanici_Bilgileri/Soyadi'

2021-11-18 11:53:19 - [MESSAGE][INFO] - Checking object

2021-11-18 11:53:19 - [MESSAGE][INFO] - Finding web element from Test Object's properties

2021-11-18 11:53:19 - [MESSAGE][INFO] - Checking timeout

2021-11-18 11:53:19 - [MESSAGE][INFO] - Finding web element with id: 'Object Repository/Sayfalar/Yetki_Yonetimi/Kullanici_Bilgileri/Soyadi' located by 'By.xpath: //*[@id = 'FamilyName_I']' in '10' second(s)

2021-11-18 11:53:19 - [MESSAGE][INFO] - Smart Wait Function is triggered

2021-11-18 11:53:19 - [MESSAGE][INFO] - Found 1 web elements with id: 'Object Repository/Sayfalar/Yetki_Yonetimi/Kullanici_Bilgileri/Soyadi' located by 'By.xpath: //*[@id = 'FamilyName_I']' in '10' second(s)

2021-11-18 11:53:19 - [MESSAGE][PASSED] - Object 'Object Repository/Sayfalar/Yetki_Yonetimi/Kullanici_Bilgileri/Soyadi' is present

2021-11-18 11:53:19 - [TEST_STEP][PASSED] - clearText(findTestObject("Object Repository/Sayfalar/Yetki_Yonetimi/Kullanici_Bilgileri/Soyadi")): Text of object 'Object Repository/Sayfalar/Yetki_Yonetimi/Kullanici_Bilgileri/Soyadi' is cleared

2021-11-18 11:53:19 - [MESSAGE][INFO] - Finding Test Object 'Object Repository/Sayfalar/Yetki_Yonetimi/Kullanici_Bilgileri/Soyadi'

2021-11-18 11:53:19 - [MESSAGE][INFO] - Checking object

2021-11-18 11:53:19 - [MESSAGE][INFO] - Finding web element from Test Object's properties

2021-11-18 11:53:19 - [MESSAGE][INFO] - Checking timeout

2021-11-18 11:53:19 - [MESSAGE][INFO] - Finding web element with id: 'Object Repository/Sayfalar/Yetki_Yonetimi/Kullanici_Bilgileri/Soyadi' located by 'By.xpath: //*[@id = 'FamilyName_I']' in '30' second(s)

2021-11-18 11:53:19 - [MESSAGE][INFO] - Smart Wait Function is triggered

2021-11-18 11:53:19 - [MESSAGE][INFO] - Found 1 web elements with id: 'Object Repository/Sayfalar/Yetki_Yonetimi/Kullanici_Bilgileri/Soyadi' located by 'By.xpath: //*[@id = 'FamilyName_I']' in '30' second(s)

2021-11-18 11:53:19 - [MESSAGE][INFO] - Clearing text of object 'Object Repository/Sayfalar/Yetki_Yonetimi/Kullanici_Bilgileri/Soyadi'

2021-11-18 11:53:19 - [MESSAGE][PASSED] - Text of object 'Object Repository/Sayfalar/Yetki_Yonetimi/Kullanici_Bilgileri/Soyadi' is cleared

2021-11-18 11:53:19 - [TEST_STEP][PASSED] - sendKeys(findTestObject("Object Repository/Sayfalar/Yetki_Yonetimi/Kullanici_Bilgileri/Soyadi"), Soyadi): Keys 'Otomasyon' sent to object: 'Object Repository/Sayfalar/Yetki_Yonetimi/Kullanici_Bilgileri/Soyadi'

2021-11-18 11:53:19 - [MESSAGE][INFO] - Finding Test Object 'Object Repository/Sayfalar/Yetki_Yonetimi/Kullanici_Bilgileri/Soyadi'

2021-11-18 11:53:19 - [MESSAGE][INFO] - Sending keys 'Otomasyon' to object: 'Object Repository/Sayfalar/Yetki_Yonetimi/Kullanici_Bilgileri/Soyadi'

2021-11-18 11:53:19 - [MESSAGE][INFO] - Finding web element from Test Object's properties

2021-11-18 11:53:19 - [MESSAGE][INFO] - Checking timeout

2021-11-18 11:53:19 - [MESSAGE][INFO] - Finding web element with id: 'Object Repository/Sayfalar/Yetki_Yonetimi/Kullanici_Bilgileri/Soyadi' located by 'By.xpath: //*[@id = 'FamilyName_I']' in '30' second(s)

2021-11-18 11:53:19 - [MESSAGE][INFO] - Smart Wait Function is triggered

2021-11-18 11:53:19 - [MESSAGE][INFO] - Found 1 web elements with id: 'Object Repository/Sayfalar/Yetki_Yonetimi/Kullanici_Bilgileri/Soyadi' located by 'By.xpath: //*[@id = 'FamilyName_I']' in '30' second(s)

2021-11-18 11:53:19 - [MESSAGE][PASSED] - Keys 'Otomasyon' sent to object: 'Object Repository/Sayfalar/Yetki_Yonetimi/Kullanici_Bilgileri/Soyadi'

2021-11-18 11:53:19 - [TEST_STEP][PASSED] - waitForElementPresent(findTestObject("Object Repository/Sayfalar/Yetki_Yonetimi/Kullanici_Bilgileri/Posta"), 10): Object 'Object Repository/Sayfalar/Yetki_Yonetimi/Kullanici_Bilgileri/Posta' is present

2021-11-18 11:53:19 - [MESSAGE][INFO] - Finding Test Object 'Object Repository/Sayfalar/Yetki_Yonetimi/Kullanici_Bilgileri/Posta'

2021-11-18 11:53:19 - [MESSAGE][INFO] - Checking object

2021-11-18 11:53:19 - [MESSAGE][INFO] - Finding web element from Test Object's properties

2021-11-18 11:53:19 - [MESSAGE][INFO] - Checking timeout

2021-11-18 11:53:19 - [MESSAGE][INFO] - Finding web element with id: 'Object Repository/Sayfalar/Yetki_Yonetimi/Kullanici_Bilgileri/Posta' located by 'By.xpath: //*[@id = 'Mail_I']' in '10' second(s)

2021-11-18 11:53:19 - [MESSAGE][INFO] - Smart Wait Function is triggered

2021-11-18 11:53:20 - [MESSAGE][INFO] - Found 1 web elements with id: 'Object Repository/Sayfalar/Yetki_Yonetimi/Kullanici_Bilgileri/Posta' located by 'By.xpath: //*[@id = 'Mail_I']' in '10' second(s)

2021-11-18 11:53:20 - [MESSAGE][PASSED] - Object 'Object Repository/Sayfalar/Yetki_Yonetimi/Kullanici_Bilgileri/Posta' is present

2021-11-18 11:53:20 - [TEST_STEP][PASSED] - clearText(findTestObject("Object Repository/Sayfalar/Yetki_Yonetimi/Kullanici_Bilgileri/Posta")): Text of object 'Object Repository/Sayfalar/Yetki_Yonetimi/Kullanici_Bilgileri/Posta' is cleared

2021-11-18 11:53:20 - [MESSAGE][INFO] - Finding Test Object 'Object Repository/Sayfalar/Yetki_Yonetimi/Kullanici_Bilgileri/Posta'

2021-11-18 11:53:20 - [MESSAGE][INFO] - Checking object

2021-11-18 11:53:20 - [MESSAGE][INFO] - Finding web element from Test Object's properties

2021-11-18 11:53:20 - [MESSAGE][INFO] - Checking timeout

2021-11-18 11:53:20 - [MESSAGE][INFO] - Finding web element with id: 'Object Repository/Sayfalar/Yetki_Yonetimi/Kullanici_Bilgileri/Posta' located by 'By.xpath: //*[@id = 'Mail_I']' in '30' second(s)

2021-11-18 11:53:20 - [MESSAGE][INFO] - Smart Wait Function is triggered

2021-11-18 11:53:20 - [MESSAGE][INFO] - Found 1 web elements with id: 'Object Repository/Sayfalar/Yetki_Yonetimi/Kullanici_Bilgileri/Posta' located by 'By.xpath: //*[@id = 'Mail_I']' in '30' second(s)

2021-11-18 11:53:20 - [MESSAGE][INFO] - Clearing text of object 'Object Repository/Sayfalar/Yetki_Yonetimi/Kullanici_Bilgileri/Posta'

2021-11-18 11:53:20 - [MESSAGE][PASSED] - Text of object 'Object Repository/Sayfalar/Yetki_Yonetimi/Kullanici_Bilgileri/Posta' is cleared

2021-11-18 11:53:20 - [TEST_STEP][PASSED] - sendKeys(findTestObject("Object Repository/Sayfalar/Yetki_Yonetimi/Kullanici_Bilgileri/Posta"), Posta): Keys 'otomasyon@virgosol.com' sent to object: 'Object Repository/Sayfalar/Yetki_Yonetimi/Kullanici_Bilgileri/Posta'

2021-11-18 11:53:20 - [MESSAGE][INFO] - Finding Test Object 'Object Repository/Sayfalar/Yetki_Yonetimi/Kullanici_Bilgileri/Posta'

2021-11-18 11:53:20 - [MESSAGE][INFO] - Sending keys 'otomasyon@virgosol.com' to object: 'Object Repository/Sayfalar/Yetki_Yonetimi/Kullanici_Bilgileri/Posta'

2021-11-18 11:53:20 - [MESSAGE][INFO] - Finding web element from Test Object's properties

2021-11-18 11:53:20 - [MESSAGE][INFO] - Checking timeout

2021-11-18 11:53:20 - [MESSAGE][INFO] - Finding web element with id: 'Object Repository/Sayfalar/Yetki_Yonetimi/Kullanici_Bilgileri/Posta' located by 'By.xpath: //*[@id = 'Mail_I']' in '30' second(s)

2021-11-18 11:53:20 - [MESSAGE][INFO] - Smart Wait Function is triggered

2021-11-18 11:53:20 - [MESSAGE][INFO] - Found 1 web elements with id: 'Object Repository/Sayfalar/Yetki_Yonetimi/Kullanici_Bilgileri/Posta' located by 'By.xpath: //*[@id = 'Mail_I']' in '30' second(s)

2021-11-18 11:53:20 - [MESSAGE][PASSED] - Keys 'otomasyon@virgosol.com' sent to object: 'Object Repository/Sayfalar/Yetki_Yonetimi/Kullanici_Bilgileri/Posta'

2021-11-18 11:53:20 - [TEST_STEP][PASSED] - waitForElementPresent(findTestObject("Object Repository/Sayfalar/Yetki_Yonetimi/Kullanici_Bilgileri/Telefon"), 10): Object 'Object Repository/Sayfalar/Yetki_Yonetimi/Kullanici_Bilgileri/Telefon' is present

2021-11-18 11:53:20 - [MESSAGE][INFO] - Finding Test Object 'Object Repository/Sayfalar/Yetki_Yonetimi/Kullanici_Bilgileri/Telefon'

2021-11-18 11:53:20 - [MESSAGE][INFO] - Checking object

2021-11-18 11:53:20 - [MESSAGE][INFO] - Finding web element from Test Object's properties

2021-11-18 11:53:20 - [MESSAGE][INFO] - Checking timeout

2021-11-18 11:53:20 - [MESSAGE][INFO] - Finding web element with id: 'Object Repository/Sayfalar/Yetki_Yonetimi/Kullanici_Bilgileri/Telefon' located by 'By.xpath: //*[@id = 'Phone_I']' in '10' second(s)

2021-11-18 11:53:20 - [MESSAGE][INFO] - Smart Wait Function is triggered

2021-11-18 11:53:20 - [MESSAGE][INFO] - Found 1 web elements with id: 'Object Repository/Sayfalar/Yetki_Yonetimi/Kullanici_Bilgileri/Telefon' located by 'By.xpath: //*[@id = 'Phone_I']' in '10' second(s)

2021-11-18 11:53:20 - [MESSAGE][PASSED] - Object 'Object Repository/Sayfalar/Yetki_Yonetimi/Kullanici_Bilgileri/Telefon' is present

2021-11-18 11:53:20 - [TEST_STEP][PASSED] - clearText(findTestObject("Object Repository/Sayfalar/Yetki_Yonetimi/Kullanici_Bilgileri/Telefon")): Text of object 'Object Repository/Sayfalar/Yetki_Yonetimi/Kullanici_Bilgileri/Telefon' is cleared

2021-11-18 11:53:20 - [MESSAGE][INFO] - Finding Test Object 'Object Repository/Sayfalar/Yetki_Yonetimi/Kullanici_Bilgileri/Telefon'

2021-11-18 11:53:20 - [MESSAGE][INFO] - Checking object

2021-11-18 11:53:20 - [MESSAGE][INFO] - Finding web element from Test Object's properties

2021-11-18 11:53:20 - [MESSAGE][INFO] - Checking timeout

2021-11-18 11:53:20 - [MESSAGE][INFO] - Finding web element with id: 'Object Repository/Sayfalar/Yetki_Yonetimi/Kullanici_Bilgileri/Telefon' located by 'By.xpath: //*[@id = 'Phone_I']' in '30' second(s)

2021-11-18 11:53:20 - [MESSAGE][INFO] - Smart Wait Function is triggered

2021-11-18 11:53:20 - [MESSAGE][INFO] - Found 1 web elements with id: 'Object Repository/Sayfalar/Yetki_Yonetimi/Kullanici_Bilgileri/Telefon' located by 'By.xpath: //*[@id = 'Phone_I']' in '30' second(s)

2021-11-18 11:53:20 - [MESSAGE][INFO] - Clearing text of object 'Object Repository/Sayfalar/Yetki_Yonetimi/Kullanici_Bilgileri/Telefon'

2021-11-18 11:53:20 - [MESSAGE][PASSED] - Text of object 'Object Repository/Sayfalar/Yetki_Yonetimi/Kullanici_Bilgileri/Telefon' is cleared

2021-11-18 11:53:20 - [TEST_STEP][PASSED] - sendKeys(findTestObject("Object Repository/Sayfalar/Yetki_Yonetimi/Kullanici_Bilgileri/Telefon"), Telefon): Keys '5555555555' sent to object: 'Object Repository/Sayfalar/Yetki_Yonetimi/Kullanici_Bilgileri/Telefon'

2021-11-18 11:53:20 - [MESSAGE][INFO] - Finding Test Object 'Object Repository/Sayfalar/Yetki_Yonetimi/Kullanici_Bilgileri/Telefon'

2021-11-18 11:53:20 - [MESSAGE][INFO] - Sending keys '5555555555' to object: 'Object Repository/Sayfalar/Yetki_Yonetimi/Kullanici_Bilgileri/Telefon'

2021-11-18 11:53:20 - [MESSAGE][INFO] - Finding web element from Test Object's properties

2021-11-18 11:53:20 - [MESSAGE][INFO] - Checking timeout

2021-11-18 11:53:20 - [MESSAGE][INFO] - Finding web element with id: 'Object Repository/Sayfalar/Yetki_Yonetimi/Kullanici_Bilgileri/Telefon' located by 'By.xpath: //*[@id = 'Phone_I']' in '30' second(s)

2021-11-18 11:53:20 - [MESSAGE][INFO] - Smart Wait Function is triggered

2021-11-18 11:53:20 - [MESSAGE][INFO] - Found 1 web elements with id: 'Object Repository/Sayfalar/Yetki_Yonetimi/Kullanici_Bilgileri/Telefon' located by 'By.xpath: //*[@id = 'Phone_I']' in '30' second(s)

2021-11-18 11:53:20 - [MESSAGE][PASSED] - Keys '5555555555' sent to object: 'Object Repository/Sayfalar/Yetki_Yonetimi/Kullanici_Bilgileri/Telefon'

2021-11-18 11:53:20 - [TEST_STEP][PASSED] - waitForElementPresent(findTestObject("Object Repository/Sayfalar/Yetki_Yonetimi/Kullanici_Bilgileri/Unvan"), 10): Object 'Object Repository/Sayfalar/Yetki_Yonetimi/Kullanici_Bilgileri/Unvan' is present

2021-11-18 11:53:20 - [MESSAGE][INFO] - Finding Test Object 'Object Repository/Sayfalar/Yetki_Yonetimi/Kullanici_Bilgileri/Unvan'

2021-11-18 11:53:21 - [MESSAGE][INFO] - Checking object

2021-11-18 11:53:21 - [MESSAGE][INFO] - Finding web element from Test Object's properties

2021-11-18 11:53:21 - [MESSAGE][INFO] - Checking timeout

2021-11-18 11:53:21 - [MESSAGE][INFO] - Finding web element with id: 'Object Repository/Sayfalar/Yetki_Yonetimi/Kullanici_Bilgileri/Unvan' located by 'By.xpath: //*[@id = 'Title_I']' in '10' second(s)

2021-11-18 11:53:21 - [MESSAGE][INFO] - Smart Wait Function is triggered

2021-11-18 11:53:21 - [MESSAGE][INFO] - Found 1 web elements with id: 'Object Repository/Sayfalar/Yetki_Yonetimi/Kullanici_Bilgileri/Unvan' located by 'By.xpath: //*[@id = 'Title_I']' in '10' second(s)

2021-11-18 11:53:21 - [MESSAGE][PASSED] - Object 'Object Repository/Sayfalar/Yetki_Yonetimi/Kullanici_Bilgileri/Unvan' is present

2021-11-18 11:53:21 - [TEST_STEP][PASSED] - clearText(findTestObject("Object Repository/Sayfalar/Yetki_Yonetimi/Kullanici_Bilgileri/Unvan")): Text of object 'Object Repository/Sayfalar/Yetki_Yonetimi/Kullanici_Bilgileri/Unvan' is cleared

2021-11-18 11:53:21 - [MESSAGE][INFO] - Finding Test Object 'Object Repository/Sayfalar/Yetki_Yonetimi/Kullanici_Bilgileri/Unvan'

2021-11-18 11:53:21 - [MESSAGE][INFO] - Checking object

2021-11-18 11:53:21 - [MESSAGE][INFO] - Finding web element from Test Object's properties

2021-11-18 11:53:21 - [MESSAGE][INFO] - Checking timeout

2021-11-18 11:53:21 - [MESSAGE][INFO] - Finding web element with id: 'Object Repository/Sayfalar/Yetki_Yonetimi/Kullanici_Bilgileri/Unvan' located by 'By.xpath: //*[@id = 'Title_I']' in '30' second(s)

2021-11-18 11:53:21 - [MESSAGE][INFO] - Smart Wait Function is triggered

2021-11-18 11:53:21 - [MESSAGE][INFO] - Found 1 web elements with id: 'Object Repository/Sayfalar/Yetki_Yonetimi/Kullanici_Bilgileri/Unvan' located by 'By.xpath: //*[@id = 'Title_I']' in '30' second(s)

2021-11-18 11:53:21 - [MESSAGE][INFO] - Clearing text of object 'Object Repository/Sayfalar/Yetki_Yonetimi/Kullanici_Bilgileri/Unvan'

2021-11-18 11:53:21 - [MESSAGE][PASSED] - Text of object 'Object Repository/Sayfalar/Yetki_Yonetimi/Kullanici_Bilgileri/Unvan' is cleared

2021-11-18 11:53:21 - [TEST_STEP][PASSED] - sendKeys(findTestObject("Object Repository/Sayfalar/Yetki_Yonetimi/Kullanici_Bilgileri/Unvan"), Unvan): Keys 'Firma' sent to object: 'Object Repository/Sayfalar/Yetki_Yonetimi/Kullanici_Bilgileri/Unvan'

2021-11-18 11:53:21 - [MESSAGE][INFO] - Finding Test Object 'Object Repository/Sayfalar/Yetki_Yonetimi/Kullanici_Bilgileri/Unvan'

2021-11-18 11:53:21 - [MESSAGE][INFO] - Sending keys 'Firma' to object: 'Object Repository/Sayfalar/Yetki_Yonetimi/Kullanici_Bilgileri/Unvan'

2021-11-18 11:53:21 - [MESSAGE][INFO] - Finding web element from Test Object's properties

2021-11-18 11:53:21 - [MESSAGE][INFO] - Checking timeout

2021-11-18 11:53:21 - [MESSAGE][INFO] - Finding web element with id: 'Object Repository/Sayfalar/Yetki_Yonetimi/Kullanici_Bilgileri/Unvan' located by 'By.xpath: //*[@id = 'Title_I']' in '30' second(s)

2021-11-18 11:53:21 - [MESSAGE][INFO] - Smart Wait Function is triggered

2021-11-18 11:53:21 - [MESSAGE][INFO] - Found 1 web elements with id: 'Object Repository/Sayfalar/Yetki_Yonetimi/Kullanici_Bilgileri/Unvan' located by 'By.xpath: //*[@id = 'Title_I']' in '30' second(s)

2021-11-18 11:53:21 - [MESSAGE][PASSED] - Keys 'Firma' sent to object: 'Object Repository/Sayfalar/Yetki_Yonetimi/Kullanici_Bilgileri/Unvan'

2021-11-18 11:53:21 - [TEST_STEP][PASSED] - Method.TextDegerineEsitElementinAltindakineTikla(findTestObject("Object Repository/Sayfalar/Yetki_Yonetimi/Kullanici_Bilgileri/Firma_Secimi"), findTestObject("Object Repository/Sayfalar/Yetki_Yonetimi/Kullanici_Bilgileri/Firma_Secimi_Checkbox"), Firma_Secimi): Method.TextDegerineEsitElementinAltindakineTikla is PASSED

2021-11-18 11:53:21 - [MESSAGE][INFO] - Finding Test Object 'Object Repository/Sayfalar/Yetki_Yonetimi/Kullanici_Bilgileri/Firma_Secimi'

2021-11-18 11:53:21 - [MESSAGE][INFO] - Finding Test Object 'Object Repository/Sayfalar/Yetki_Yonetimi/Kullanici_Bilgileri/Firma_Secimi_Checkbox'

2021-11-18 11:53:21 - [MESSAGE][INFO] - Checking timeout

2021-11-18 11:53:21 - [MESSAGE][INFO] - Finding web element with id: 'Object Repository/Sayfalar/Yetki_Yonetimi/Kullanici_Bilgileri/Firma_Secimi' located by 'By.cssSelector: #FirmListBox_LBT td' in '10' second(s)

2021-11-18 11:53:21 - [MESSAGE][INFO] - Smart Wait Function is triggered

2021-11-18 11:53:22 - [MESSAGE][INFO] - Found 4 web elements with id: 'Object Repository/Sayfalar/Yetki_Yonetimi/Kullanici_Bilgileri/Firma_Secimi' located by 'By.cssSelector: #FirmListBox_LBT td' in '10' second(s)

2021-11-18 11:53:22 - [MESSAGE][INFO] - Smart Wait Function is triggered

2021-11-18 11:53:22 - [MESSAGE][PASSED] - Method.TextDegerineEsitElementinAltindakineTikla is PASSED

2021-11-18 11:53:22 - [TEST_STEP][PASSED] - waitForElementClickable(findTestObject("Object Repository/Sayfalar/Yetki_Yonetimi/Kullanici_Bilgileri/Kaydet"), 10): Object 'Object Repository/Sayfalar/Yetki_Yonetimi/Kullanici_Bilgileri/Kaydet' is clickable

2021-11-18 11:53:22 - [MESSAGE][INFO] - Finding Test Object 'Object Repository/Sayfalar/Yetki_Yonetimi/Kullanici_Bilgileri/Kaydet'

2021-11-18 11:53:22 - [MESSAGE][INFO] - Checking object

2021-11-18 11:53:22 - [MESSAGE][INFO] - Checking timeout

2021-11-18 11:53:22 - [MESSAGE][INFO] - Finding web element from Test Object's properties

2021-11-18 11:53:22 - [MESSAGE][INFO] - Checking timeout

2021-11-18 11:53:22 - [MESSAGE][INFO] - Finding web element with id: 'Object Repository/Sayfalar/Yetki_Yonetimi/Kullanici_Bilgileri/Kaydet' located by 'By.cssSelector: #btnSave_CD span' in '10' second(s)

2021-11-18 11:53:22 - [MESSAGE][INFO] - Smart Wait Function is triggered

2021-11-18 11:53:22 - [MESSAGE][INFO] - Found 1 web elements with id: 'Object Repository/Sayfalar/Yetki_Yonetimi/Kullanici_Bilgileri/Kaydet' located by 'By.cssSelector: #btnSave_CD span' in '10' second(s)

2021-11-18 11:53:22 - [MESSAGE][PASSED] - Object 'Object Repository/Sayfalar/Yetki_Yonetimi/Kullanici_Bilgileri/Kaydet' is clickable

2021-11-18 11:53:22 - [TEST_STEP][PASSED] - click(findTestObject("Object Repository/Sayfalar/Yetki_Yonetimi/Kullanici_Bilgileri/Kaydet")): Object: 'Object Repository/Sayfalar/Yetki_Yonetimi/Kullanici_Bilgileri/Kaydet' is clicked on

2021-11-18 11:53:22 - [MESSAGE][INFO] - Finding Test Object 'Object Repository/Sayfalar/Yetki_Yonetimi/Kullanici_Bilgileri/Kaydet'

2021-11-18 11:53:22 - [MESSAGE][INFO] - Checking object

2021-11-18 11:53:22 - [MESSAGE][INFO] - Finding web element from Test Object's properties

2021-11-18 11:53:22 - [MESSAGE][INFO] - Checking timeout

2021-11-18 11:53:22 - [MESSAGE][INFO] - Finding web element with id: 'Object Repository/Sayfalar/Yetki_Yonetimi/Kullanici_Bilgileri/Kaydet' located by 'By.cssSelector: #btnSave_CD span' in '30' second(s)

2021-11-18 11:53:22 - [MESSAGE][INFO] - Smart Wait Function is triggered

2021-11-18 11:53:22 - [MESSAGE][INFO] - Found 1 web elements with id: 'Object Repository/Sayfalar/Yetki_Yonetimi/Kullanici_Bilgileri/Kaydet' located by 'By.cssSelector: #btnSave_CD span' in '30' second(s)

2021-11-18 11:53:22 - [MESSAGE][INFO] - Clicking on object: 'Object Repository/Sayfalar/Yetki_Yonetimi/Kullanici_Bilgileri/Kaydet'

2021-11-18 11:53:22 - [MESSAGE][PASSED] - Object: 'Object Repository/Sayfalar/Yetki_Yonetimi/Kullanici_Bilgileri/Kaydet' is clicked on

2021-11-18 11:53:22 - [TEST_STEP][PASSED] - waitForElementClickable(findTestObject("Object Repository/Popup/Popup_Butons"), 10): Object 'Object Repository/Popup/Popup_Butons' is clickable

2021-11-18 11:53:22 - [MESSAGE][INFO] - Finding Test Object 'Object Repository/Popup/Popup_Butons'

2021-11-18 11:53:22 - [MESSAGE][INFO] - Checking object

2021-11-18 11:53:22 - [MESSAGE][INFO] - Checking timeout

2021-11-18 11:53:22 - [MESSAGE][INFO] - Finding web element from Test Object's properties

2021-11-18 11:53:22 - [MESSAGE][INFO] - Checking timeout

2021-11-18 11:53:22 - [MESSAGE][INFO] - Finding web element with id: 'Object Repository/Popup/Popup_Butons' located by 'By.cssSelector: .modal-footer>button' in '10' second(s)

2021-11-18 11:53:22 - [MESSAGE][INFO] - Smart Wait Function is triggered

2021-11-18 11:53:22 - [MESSAGE][INFO] - Smart Wait Function is triggered

2021-11-18 11:53:22 - [MESSAGE][INFO] - Smart Wait Function is triggered

2021-11-18 11:53:22 - [MESSAGE][INFO] - Smart Wait Function is triggered

2021-11-18 11:53:22 - [MESSAGE][INFO] - Smart Wait Function is triggered

2021-11-18 11:53:23 - [MESSAGE][INFO] - Smart Wait Function is triggered

2021-11-18 11:53:23 - [MESSAGE][INFO] - Smart Wait Function is triggered

2021-11-18 11:53:23 - [MESSAGE][INFO] - Smart Wait Function is triggered

2021-11-18 11:53:23 - [MESSAGE][INFO] - Smart Wait Function is triggered

2021-11-18 11:53:23 - [MESSAGE][INFO] - Smart Wait Function is triggered

2021-11-18 11:53:23 - [MESSAGE][INFO] - Smart Wait Function is triggered

2021-11-18 11:53:23 - [MESSAGE][INFO] - Smart Wait Function is triggered

2021-11-18 11:53:23 - [MESSAGE][INFO] - Smart Wait Function is triggered

2021-11-18 11:53:23 - [MESSAGE][INFO] - Smart Wait Function is triggered

2021-11-18 11:53:23 - [MESSAGE][INFO] - Smart Wait Function is triggered

2021-11-18 11:53:23 - [MESSAGE][INFO] - Smart Wait Function is triggered

2021-11-18 11:53:23 - [MESSAGE][INFO] - Smart Wait Function is triggered

2021-11-18 11:53:23 - [MESSAGE][INFO] - Smart Wait Function is triggered

2021-11-18 11:53:23 - [MESSAGE][INFO] - Smart Wait Function is triggered

2021-11-18 11:53:23 - [MESSAGE][INFO] - Smart Wait Function is triggered

2021-11-18 11:53:23 - [MESSAGE][INFO] - Smart Wait Function is triggered

2021-11-18 11:53:23 - [MESSAGE][INFO] - Smart Wait Function is triggered

2021-11-18 11:53:23 - [MESSAGE][INFO] - Smart Wait Function is triggered

2021-11-18 11:53:23 - [MESSAGE][INFO] - Smart Wait Function is triggered

2021-11-18 11:53:23 - [MESSAGE][INFO] - Smart Wait Function is triggered

2021-11-18 11:53:23 - [MESSAGE][INFO] - Smart Wait Function is triggered

2021-11-18 11:53:23 - [MESSAGE][INFO] - Smart Wait Function is triggered

2021-11-18 11:53:23 - [MESSAGE][INFO] - Smart Wait Function is triggered

2021-11-18 11:53:23 - [MESSAGE][INFO] - Smart Wait Function is triggered

2021-11-18 11:53:23 - [MESSAGE][INFO] - Smart Wait Function is triggered

2021-11-18 11:53:23 - [MESSAGE][INFO] - Smart Wait Function is triggered

2021-11-18 11:53:23 - [MESSAGE][INFO] - Smart Wait Function is triggered

2021-11-18 11:53:23 - [MESSAGE][INFO] - Smart Wait Function is triggered

2021-11-18 11:53:24 - [MESSAGE][INFO] - Smart Wait Function is triggered

2021-11-18 11:53:24 - [MESSAGE][INFO] - Smart Wait Function is triggered

2021-11-18 11:53:24 - [MESSAGE][INFO] - Smart Wait Function is triggered

2021-11-18 11:53:24 - [MESSAGE][INFO] - Smart Wait Function is triggered

2021-11-18 11:53:24 - [MESSAGE][INFO] - Smart Wait Function is triggered

2021-11-18 11:53:24 - [MESSAGE][INFO] - Smart Wait Function is triggered

2021-11-18 11:53:24 - [MESSAGE][INFO] - Smart Wait Function is triggered

2021-11-18 11:53:24 - [MESSAGE][INFO] - Smart Wait Function is triggered

2021-11-18 11:53:24 - [MESSAGE][INFO] - Smart Wait Function is triggered

2021-11-18 11:53:24 - [MESSAGE][INFO] - Smart Wait Function is triggered

2021-11-18 11:53:24 - [MESSAGE][INFO] - Smart Wait Function is triggered

2021-11-18 11:53:24 - [MESSAGE][INFO] - Smart Wait Function is triggered

2021-11-18 11:53:24 - [MESSAGE][INFO] - Smart Wait Function is triggered

2021-11-18 11:53:24 - [MESSAGE][INFO] - Smart Wait Function is triggered

2021-11-18 11:53:24 - [MESSAGE][INFO] - Smart Wait Function is triggered

2021-11-18 11:53:24 - [MESSAGE][INFO] - Smart Wait Function is triggered

2021-11-18 11:53:24 - [MESSAGE][INFO] - Smart Wait Function is triggered

2021-11-18 11:53:24 - [MESSAGE][INFO] - Smart Wait Function is triggered

2021-11-18 11:53:24 - [MESSAGE][INFO] - Smart Wait Function is triggered

2021-11-18 11:53:24 - [MESSAGE][INFO] - Smart Wait Function is triggered

2021-11-18 11:53:24 - [MESSAGE][INFO] - Smart Wait Function is triggered

2021-11-18 11:53:24 - [MESSAGE][INFO] - Smart Wait Function is triggered

2021-11-18 11:53:24 - [MESSAGE][INFO] - Smart Wait Function is triggered

2021-11-18 11:53:24 - [MESSAGE][INFO] - Smart Wait Function is triggered

2021-11-18 11:53:24 - [MESSAGE][INFO] - Smart Wait Function is triggered

2021-11-18 11:53:24 - [MESSAGE][INFO] - Smart Wait Function is triggered

2021-11-18 11:53:24 - [MESSAGE][INFO] - Smart Wait Function is triggered

2021-11-18 11:53:24 - [MESSAGE][INFO] - Smart Wait Function is triggered

2021-11-18 11:53:24 - [MESSAGE][INFO] - Smart Wait Function is triggered

2021-11-18 11:53:24 - [MESSAGE][INFO] - Smart Wait Function is triggered

2021-11-18 11:53:25 - [MESSAGE][INFO] - Smart Wait Function is triggered

2021-11-18 11:53:25 - [MESSAGE][INFO] - Smart Wait Function is triggered

2021-11-18 11:53:25 - [MESSAGE][INFO] - Smart Wait Function is triggered

2021-11-18 11:53:25 - [MESSAGE][INFO] - Smart Wait Function is triggered

2021-11-18 11:53:25 - [MESSAGE][INFO] - Smart Wait Function is triggered

2021-11-18 11:53:25 - [MESSAGE][INFO] - Smart Wait Function is triggered

2021-11-18 11:53:25 - [MESSAGE][INFO] - Smart Wait Function is triggered

2021-11-18 11:53:25 - [MESSAGE][INFO] - Smart Wait Function is triggered

2021-11-18 11:53:25 - [MESSAGE][INFO] - Smart Wait Function is triggered

2021-11-18 11:53:25 - [MESSAGE][INFO] - Smart Wait Function is triggered

2021-11-18 11:53:25 - [MESSAGE][INFO] - Smart Wait Function is triggered

2021-11-18 11:53:25 - [MESSAGE][INFO] - Smart Wait Function is triggered

2021-11-18 11:53:25 - [MESSAGE][INFO] - Smart Wait Function is triggered

2021-11-18 11:53:25 - [MESSAGE][INFO] - Smart Wait Function is triggered

2021-11-18 11:53:25 - [MESSAGE][INFO] - Smart Wait Function is triggered

2021-11-18 11:53:25 - [MESSAGE][INFO] - Smart Wait Function is triggered

2021-11-18 11:53:25 - [MESSAGE][INFO] - Smart Wait Function is triggered

2021-11-18 11:53:25 - [MESSAGE][INFO] - Smart Wait Function is triggered

2021-11-18 11:53:25 - [MESSAGE][INFO] - Smart Wait Function is triggered

2021-11-18 11:53:25 - [MESSAGE][INFO] - Smart Wait Function is triggered

2021-11-18 11:53:25 - [MESSAGE][INFO] - Smart Wait Function is triggered

2021-11-18 11:53:25 - [MESSAGE][INFO] - Smart Wait Function is triggered

2021-11-18 11:53:25 - [MESSAGE][INFO] - Smart Wait Function is triggered

2021-11-18 11:53:25 - [MESSAGE][INFO] - Smart Wait Function is triggered

2021-11-18 11:53:25 - [MESSAGE][INFO] - Smart Wait Function is triggered

2021-11-18 11:53:25 - [MESSAGE][INFO] - Smart Wait Function is triggered

2021-11-18 11:53:25 - [MESSAGE][INFO] - Smart Wait Function is triggered

2021-11-18 11:53:25 - [MESSAGE][INFO] - Smart Wait Function is triggered

2021-11-18 11:53:25 - [MESSAGE][INFO] - Smart Wait Function is triggered

2021-11-18 11:53:25 - [MESSAGE][INFO] - Smart Wait Function is triggered

2021-11-18 11:53:25 - [MESSAGE][INFO] - Smart Wait Function is triggered

2021-11-18 11:53:26 - [MESSAGE][INFO] - Smart Wait Function is triggered

2021-11-18 11:53:26 - [MESSAGE][INFO] - Smart Wait Function is triggered

2021-11-18 11:53:26 - [MESSAGE][INFO] - Smart Wait Function is triggered

2021-11-18 11:53:26 - [MESSAGE][INFO] - Smart Wait Function is triggered

2021-11-18 11:53:26 - [MESSAGE][INFO] - Smart Wait Function is triggered

2021-11-18 11:53:26 - [MESSAGE][INFO] - Smart Wait Function is triggered

2021-11-18 11:53:26 - [MESSAGE][INFO] - Smart Wait Function is triggered

2021-11-18 11:53:26 - [MESSAGE][INFO] - Smart Wait Function is triggered

2021-11-18 11:53:26 - [MESSAGE][INFO] - Smart Wait Function is triggered

2021-11-18 11:53:26 - [MESSAGE][INFO] - Smart Wait Function is triggered

2021-11-18 11:53:26 - [MESSAGE][INFO] - Smart Wait Function is triggered

2021-11-18 11:53:26 - [MESSAGE][INFO] - Smart Wait Function is triggered

2021-11-18 11:53:26 - [MESSAGE][INFO] - Smart Wait Function is triggered

2021-11-18 11:53:26 - [MESSAGE][INFO] - Smart Wait Function is triggered

2021-11-18 11:53:26 - [MESSAGE][INFO] - Smart Wait Function is triggered

2021-11-18 11:53:26 - [MESSAGE][INFO] - Smart Wait Function is triggered

2021-11-18 11:53:26 - [MESSAGE][INFO] - Smart Wait Function is triggered

2021-11-18 11:53:26 - [MESSAGE][INFO] - Smart Wait Function is triggered

2021-11-18 11:53:26 - [MESSAGE][INFO] - Smart Wait Function is triggered

2021-11-18 11:53:26 - [MESSAGE][INFO] - Smart Wait Function is triggered

2021-11-18 11:53:26 - [MESSAGE][INFO] - Smart Wait Function is triggered

2021-11-18 11:53:26 - [MESSAGE][INFO] - Smart Wait Function is triggered

2021-11-18 11:53:26 - [MESSAGE][INFO] - Smart Wait Function is triggered

2021-11-18 11:53:26 - [MESSAGE][INFO] - Smart Wait Function is triggered

2021-11-18 11:53:27 - [MESSAGE][INFO] - Smart Wait Function is triggered

2021-11-18 11:53:27 - [MESSAGE][INFO] - Smart Wait Function is triggered

2021-11-18 11:53:27 - [MESSAGE][INFO] - Found 1 web elements with id: 'Object Repository/Popup/Popup_Butons' located by 'By.cssSelector: .modal-footer>button' in '10' second(s)

2021-11-18 11:53:27 - [MESSAGE][PASSED] - Object 'Object Repository/Popup/Popup_Butons' is clickable

2021-11-18 11:53:27 - [TEST_STEP][PASSED] - waitForElementVisible(findTestObject("Object Repository/Popup/Popup_Butons"), 10): Object 'Object Repository/Popup/Popup_Butons' is visible

2021-11-18 11:53:27 - [MESSAGE][INFO] - Finding Test Object 'Object Repository/Popup/Popup_Butons'

2021-11-18 11:53:27 - [MESSAGE][INFO] - Checking object

2021-11-18 11:53:27 - [MESSAGE][INFO] - Checking timeout

2021-11-18 11:53:27 - [MESSAGE][INFO] - Finding web element from Test Object's properties

2021-11-18 11:53:27 - [MESSAGE][INFO] - Checking timeout

2021-11-18 11:53:27 - [MESSAGE][INFO] - Finding web element with id: 'Object Repository/Popup/Popup_Butons' located by 'By.cssSelector: .modal-footer>button' in '10' second(s)

2021-11-18 11:53:27 - [MESSAGE][INFO] - Smart Wait Function is triggered

2021-11-18 11:53:27 - [MESSAGE][INFO] - Found 1 web elements with id: 'Object Repository/Popup/Popup_Butons' located by 'By.cssSelector: .modal-footer>button' in '10' second(s)

2021-11-18 11:53:27 - [MESSAGE][PASSED] - Object 'Object Repository/Popup/Popup_Butons' is visible

2021-11-18 11:53:27 - [TEST_STEP][PASSED] - click(findTestObject("Object Repository/Popup/Popup_Butons")): Object: 'Object Repository/Popup/Popup_Butons' is clicked on

2021-11-18 11:53:27 - [MESSAGE][INFO] - Finding Test Object 'Object Repository/Popup/Popup_Butons'

2021-11-18 11:53:27 - [MESSAGE][INFO] - Checking object

2021-11-18 11:53:27 - [MESSAGE][INFO] - Finding web element from Test Object's properties

2021-11-18 11:53:27 - [MESSAGE][INFO] - Checking timeout

2021-11-18 11:53:27 - [MESSAGE][INFO] - Finding web element with id: 'Object Repository/Popup/Popup_Butons' located by 'By.cssSelector: .modal-footer>button' in '30' second(s)

2021-11-18 11:53:27 - [MESSAGE][INFO] - Smart Wait Function is triggered

2021-11-18 11:53:27 - [MESSAGE][INFO] - Found 1 web elements with id: 'Object Repository/Popup/Popup_Butons' located by 'By.cssSelector: .modal-footer>button' in '30' second(s)

2021-11-18 11:53:27 - [MESSAGE][INFO] - Clicking on object: 'Object Repository/Popup/Popup_Butons'

2021-11-18 11:53:27 - [MESSAGE][PASSED] - Object: 'Object Repository/Popup/Popup_Butons' is clicked on

2021-11-18 11:53:27 - [TEST_STEP][PASSED] - switchToDefaultContent(): Switching to default content

2021-11-18 11:53:27 - [MESSAGE][INFO] - Switching to default content

2021-11-18 11:53:27 - [MESSAGE][PASSED] - Call Test Case 'Test Cases/Sayfalar/Yetki_Yonetimi/KullaniciEklenir' successfully

2021-11-18 11:53:27 - [MESSAGE][INFO] - Checking called Test Case

2021-11-18 11:53:27 - [MESSAGE][INFO] - Starting to call Test Case 'Test Cases/Kullanici_Islemleri/KullaniciIslemlerindenSecimYapilir'

2021-11-18 11:53:27 - [TEST_CASE][PASSED] - Test Cases/Kullanici_Islemleri/KullaniciIslemlerindenSecimYapilir: Test Cases/Kullanici_Islemleri/KullaniciIslemlerindenSecimYapilir

2021-11-18 11:53:27 - [TEST_STEP][PASSED] - waitForElementClickable(findTestObject("Object Repository/Kullanici_Islemleri/KullaniciIslemleri"), 10): Object 'Object Repository/Kullanici_Islemleri/KullaniciIslemleri' is clickable

2021-11-18 11:53:27 - [MESSAGE][INFO] - Finding Test Object 'Object Repository/Kullanici_Islemleri/KullaniciIslemleri'

2021-11-18 11:53:27 - [MESSAGE][INFO] - Checking object

2021-11-18 11:53:27 - [MESSAGE][INFO] - Checking timeout

2021-11-18 11:53:27 - [MESSAGE][INFO] - Finding web element from Test Object's properties

2021-11-18 11:53:27 - [MESSAGE][INFO] - Checking timeout

2021-11-18 11:53:27 - [MESSAGE][INFO] - Finding web element with id: 'Object Repository/Kullanici_Islemleri/KullaniciIslemleri' located by 'By.cssSelector: .dropdown>a>img' in '10' second(s)

2021-11-18 11:53:27 - [MESSAGE][INFO] - Smart Wait Function is triggered

2021-11-18 11:53:28 - [MESSAGE][INFO] - Found 1 web elements with id: 'Object Repository/Kullanici_Islemleri/KullaniciIslemleri' located by 'By.cssSelector: .dropdown>a>img' in '10' second(s)

2021-11-18 11:53:28 - [MESSAGE][PASSED] - Object 'Object Repository/Kullanici_Islemleri/KullaniciIslemleri' is clickable

2021-11-18 11:53:28 - [TEST_STEP][PASSED] - click(findTestObject("Object Repository/Kullanici_Islemleri/KullaniciIslemleri")): Object: 'Object Repository/Kullanici_Islemleri/KullaniciIslemleri' is clicked on

2021-11-18 11:53:28 - [MESSAGE][INFO] - Finding Test Object 'Object Repository/Kullanici_Islemleri/KullaniciIslemleri'

2021-11-18 11:53:28 - [MESSAGE][INFO] - Checking object

2021-11-18 11:53:28 - [MESSAGE][INFO] - Finding web element from Test Object's properties

2021-11-18 11:53:28 - [MESSAGE][INFO] - Checking timeout

2021-11-18 11:53:28 - [MESSAGE][INFO] - Finding web element with id: 'Object Repository/Kullanici_Islemleri/KullaniciIslemleri' located by 'By.cssSelector: .dropdown>a>img' in '30' second(s)

2021-11-18 11:53:28 - [MESSAGE][INFO] - Smart Wait Function is triggered

2021-11-18 11:53:28 - [MESSAGE][INFO] - Found 1 web elements with id: 'Object Repository/Kullanici_Islemleri/KullaniciIslemleri' located by 'By.cssSelector: .dropdown>a>img' in '30' second(s)

2021-11-18 11:53:28 - [MESSAGE][INFO] - Clicking on object: 'Object Repository/Kullanici_Islemleri/KullaniciIslemleri'

2021-11-18 11:53:28 - [MESSAGE][PASSED] - Object: 'Object Repository/Kullanici_Islemleri/KullaniciIslemleri' is clicked on

2021-11-18 11:53:28 - [TEST_STEP][PASSED] - Method.TextDegerineEsitElementeTikla(findTestObject("Object Repository/Kullanici_Islemleri/Secenekler"), Islem): Method.TextDegerineEsitElementeTikla is PASSED

2021-11-18 11:53:28 - [MESSAGE][INFO] - Finding Test Object 'Object Repository/Kullanici_Islemleri/Secenekler'

2021-11-18 11:53:28 - [MESSAGE][INFO] - Checking timeout

2021-11-18 11:53:28 - [MESSAGE][INFO] - Finding web element with id: 'Object Repository/Kullanici_Islemleri/Secenekler' located by 'By.cssSelector: .nav.navbar-nav.navbar-right li a' in '10' second(s)

2021-11-18 11:53:28 - [MESSAGE][INFO] - Smart Wait Function is triggered

2021-11-18 11:53:29 - [MESSAGE][INFO] - Found 22 web elements with id: 'Object Repository/Kullanici_Islemleri/Secenekler' located by 'By.cssSelector: .nav.navbar-nav.navbar-right li a' in '10' second(s)

2021-11-18 11:53:30 - [MESSAGE][PASSED] - Method.TextDegerineEsitElementeTikla is PASSED

2021-11-18 11:53:30 - [TEST_STEP][PASSED] - verifyElementNotPresent(findTestObject("Object Repository/Kullanici_Islemleri/Secenekler"), 10): Web element with id: 'Object Repository/Kullanici_Islemleri/Secenekler' located by 'By.cssSelector: .nav.navbar-nav.navbar-right li a' is not present after '10' second(s)

2021-11-18 11:53:30 - [MESSAGE][INFO] - Finding Test Object 'Object Repository/Kullanici_Islemleri/Secenekler'

2021-11-18 11:53:30 - [MESSAGE][INFO] - Checking object

2021-11-18 11:53:30 - [MESSAGE][INFO] - Checking timeout

2021-11-18 11:53:30 - [MESSAGE][INFO] - Finding web element with id: 'Object Repository/Kullanici_Islemleri/Secenekler' located by 'By.cssSelector: .nav.navbar-nav.navbar-right li a' in '10' second(s)

2021-11-18 11:53:30 - [MESSAGE][INFO] - Smart Wait Function is triggered

2021-11-18 11:53:30 - [MESSAGE][PASSED] - Web element with id: 'Object Repository/Kullanici_Islemleri/Secenekler' located by 'By.cssSelector: .nav.navbar-nav.navbar-right li a' is not present after '10' second(s)

2021-11-18 11:53:30 - [MESSAGE][PASSED] - Call Test Case 'Test Cases/Kullanici_Islemleri/KullaniciIslemlerindenSecimYapilir' successfully

2021-11-18 11:53:30 - [TEST_CASE][PASSED] - Start Test Case : SCENARIO Kullanici Eklenir: SCENARIO Kullanici Eklenir

2021-11-18 11:53:30 - [TEST_STEP][PASSED] - Kullanıcı adı ELOGO6 ve Şifre 123456 olarak giriş yapılır: Kullanıcı adı ELOGO6 ve Şifre 123456 olarak giriş yapılır

2021-11-18 11:53:30 - [MESSAGE][PASSED] - Kullanıcı adı ELOGO6 ve Şifre 123456 olarak giriş yapılır

2021-11-18 11:53:30 - [TEST_STEP][PASSED] - Ana menüden Firma Yönetimi seçilir: Ana menüden Firma Yönetimi seçilir

2021-11-18 11:53:30 - [MESSAGE][PASSED] - Ana menüden Firma Yönetimi seçilir

2021-11-18 11:53:30 - [TEST_STEP][PASSED] - Alt menüden Yetki Yönetimi seçilir: Alt menüden Yetki Yönetimi seçilir

2021-11-18 11:53:30 - [MESSAGE][PASSED] - Alt menüden Yetki Yönetimi seçilir

2021-11-18 11:53:30 - [TEST_STEP][PASSED] - Butonlardan Kullanıcı Ekle isimli butona tıklanır: Butonlardan Kullanıcı Ekle isimli butona tıklanır

2021-11-18 11:53:30 - [MESSAGE][PASSED] - Butonlardan Kullanıcı Ekle isimli butona tıklanır

2021-11-18 11:53:30 - [TEST_STEP][PASSED] - Kullanıcı bilgileri VirgosolKullanici,otomasyon@virgosol.com,Virgosol,Otomasyon,5555555555,Firma,ELOGO6 olarak girilir: Kullanıcı bilgileri VirgosolKullanici,otomasyon@virgosol.com,Virgosol,Otomasyon,5555555555,Firma,ELOGO6 olarak girilir

2021-11-18 11:53:30 - [MESSAGE][PASSED] - Kullanıcı bilgileri VirgosolKullanici,otomasyon@virgosol.com,Virgosol,Otomasyon,5555555555,Firma,ELOGO6 olarak girilir

2021-11-18 11:53:30 - [TEST_STEP][PASSED] - Kullanıcı işlemlerinden Çıkış seçilir: Kullanıcı işlemlerinden Çıkış seçilir

2021-11-18 11:53:30 - [MESSAGE][PASSED] - Kullanıcı işlemlerinden Çıkış seçilir

2021-11-18 11:53:30 - [MESSAGE][PASSED] - Feature file: 'Include/features/Firma Yonetimi/Yetki Yonetimi/Kullanici Tanimlari/Kullanici Ekle.feature' was passed

2021-11-18 11:53:30 - [TEST_STEP][PASSED] - Start listener action : sampleAfterTestSuite: Invoke 'com.kms.katalon.core.annotation.AfterTestCase' method: 'Listener.sampleAfterTestSuite(...)' completed.

2021-11-18 11:53:30 - [MESSAGE][INFO] - Starting invoke 'com.kms.katalon.core.annotation.AfterTestCase' method: 'Listener.sampleAfterTestSuite(...)'

2021-11-18 11:53:30 - [TEST_STEP][PASSED] - closeBrowser(): Invoke 'com.kms.katalon.core.annotation.AfterTestCase' method: 'Listener.sampleAfterTestSuite(...)' completed.

2021-11-18 11:53:30 - [MESSAGE][INFO] - Closing browser

2021-11-18 11:53:31 - [MESSAGE][PASSED] - Browser is closed

2021-11-18 11:53:31 - [MESSAGE][INFO] - Invoke 'com.kms.katalon.core.annotation.AfterTestCase' method: 'Listener.sampleAfterTestSuite(...)' completed.]]></system-out>
         <system-err><![CDATA[]]></system-err>
      </testcase>
      <testcase name="Test Cases/Case Repository/Firma Yonetimi/Yetki Yonetimi/Kullanici Tanimlari/Rol ve Departman Tanimla" time="35.194" classname="Test Cases/Case Repository/Firma Yonetimi/Yetki Yonetimi/Kullanici Tanimlari/Rol ve Departman Tanimla" status="PASSED">
         <system-out><![CDATA[2021-11-18 11:53:31 - [TEST_CASE][PASSED] - Test Cases/Case Repository/Firma Yonetimi/Yetki Yonetimi/Kullanici Tanimlari/Rol ve Departman Tanimla: Test Cases/Case Repository/Firma Yonetimi/Yetki Yonetimi/Kullanici Tanimlari/Rol ve Departman Tanimla

2021-11-18 11:53:31 - [TEST_STEP][PASSED] - Start listener action : sampleBeforeTestSuite: Invoke 'com.kms.katalon.core.annotation.BeforeTestCase' method: 'Listener.sampleBeforeTestSuite(...)' completed.

2021-11-18 11:53:31 - [MESSAGE][INFO] - Starting invoke 'com.kms.katalon.core.annotation.BeforeTestCase' method: 'Listener.sampleBeforeTestSuite(...)'

2021-11-18 11:53:31 - [TEST_STEP][PASSED] - openBrowser(baseUrl): Browser is opened with url: 'https://efatura-stage.elogo.com.tr/'

2021-11-18 11:53:31 - [MESSAGE][INFO] - Opening browser

2021-11-18 11:53:31 - [MESSAGE][INFO] - Starting 'Chrome' driver

2021-11-18 11:53:31 - [MESSAGE][INFO] - User set preference: ['prefs', '{download.default_directory=C:\otomasyondownfiles}']

2021-11-18 11:53:31 - [MESSAGE][INFO] - Action delay is set to 0 milliseconds

2021-11-18 11:53:33 - [MESSAGE][INFO] - Navigating browser to: 'https://efatura-stage.elogo.com.tr/'

2021-11-18 11:53:35 - [MESSAGE][PASSED] - Browser is opened with url: 'https://efatura-stage.elogo.com.tr/'

2021-11-18 11:53:35 - [TEST_STEP][PASSED] - maximizeWindow(): Invoke 'com.kms.katalon.core.annotation.BeforeTestCase' method: 'Listener.sampleBeforeTestSuite(...)' completed.

2021-11-18 11:53:35 - [MESSAGE][INFO] - Maximizing current window

2021-11-18 11:53:36 - [MESSAGE][PASSED] - Current window maximized

2021-11-18 11:53:36 - [MESSAGE][INFO] - Invoke 'com.kms.katalon.core.annotation.BeforeTestCase' method: 'Listener.sampleBeforeTestSuite(...)' completed.

2021-11-18 11:53:36 - [TEST_STEP][PASSED] - runFeatureFile("Include/features/Firma Yonetimi/Yetki Yonetimi/Kullanici Tanimlari/Rol ve Departman Tanimla.feature"): Feature file: 'Include/features/Firma Yonetimi/Yetki Yonetimi/Kullanici Tanimlari/Rol ve Departman Tanimla.feature' was passed

2021-11-18 11:53:36 - [MESSAGE][INFO] - Starting run keyword runFeatureFile: 'Include/features/Firma Yonetimi/Yetki Yonetimi/Kullanici Tanimlari/Rol ve Departman Tanimla.feature' and extract report to folder: 'C:\Users\DELL\Documents\GitHub\EES_KatalonLogo\Reports\20211118_110909\Suite Repository\Firma_Yonetimi\20211118_111017/cucumber_report/1637225616557'...

2021-11-18 11:53:36 - [MESSAGE][INFO] - Glue: []

2021-11-18 11:53:38 - [MESSAGE][INFO] - Checking called Test Case

2021-11-18 11:53:38 - [MESSAGE][INFO] - Starting to call Test Case 'Test Cases/Sayfalar/Giris_Sayfasi/Login'

2021-11-18 11:53:38 - [TEST_CASE][PASSED] - Test Cases/Sayfalar/Giris_Sayfasi/Login: Test Cases/Sayfalar/Giris_Sayfasi/Login

2021-11-18 11:53:38 - [TEST_STEP][PASSED] - Sayfa_Basligi = getWindowTitle(): Current window's title is: 'LOGO e-Fatura'

2021-11-18 11:53:38 - [MESSAGE][INFO] - Getting current window's title

2021-11-18 11:53:38 - [MESSAGE][PASSED] - Current window's title is: 'LOGO e-Fatura'

2021-11-18 11:53:38 - [TEST_STEP][PASSED] - verifyMatch(Sayfa_Basligi, "LOGO e-Fatura", false): Actual text 'LOGO e-Fatura' and expected text 'LOGO e-Fatura' are matched 

2021-11-18 11:53:38 - [MESSAGE][INFO] - Matching actual text 'LOGO e-Fatura' with expected text 'LOGO e-Fatura'

2021-11-18 11:53:38 - [MESSAGE][PASSED] - Actual text 'LOGO e-Fatura' and expected text 'LOGO e-Fatura' are matched 

2021-11-18 11:53:38 - [TEST_STEP][PASSED] - sendKeys(findTestObject("Sayfalar/Giris_Sayfasi/Firma_Kodu"), KullaniciAdi): Keys 'ELOGO6' sent to object: 'Object Repository/Sayfalar/Giris_Sayfasi/Firma_Kodu'

2021-11-18 11:53:38 - [MESSAGE][INFO] - Finding Test Object 'Object Repository/Sayfalar/Giris_Sayfasi/Firma_Kodu'

2021-11-18 11:53:38 - [MESSAGE][INFO] - Sending keys 'ELOGO6' to object: 'Object Repository/Sayfalar/Giris_Sayfasi/Firma_Kodu'

2021-11-18 11:53:38 - [MESSAGE][INFO] - Finding web element from Test Object's properties

2021-11-18 11:53:38 - [MESSAGE][INFO] - Checking timeout

2021-11-18 11:53:38 - [MESSAGE][INFO] - Finding web element with id: 'Object Repository/Sayfalar/Giris_Sayfasi/Firma_Kodu' located by 'By.xpath: //*[@id = 'AccountName']' in '30' second(s)

2021-11-18 11:53:38 - [MESSAGE][INFO] - Smart Wait Function is triggered

2021-11-18 11:53:39 - [MESSAGE][INFO] - Found 1 web elements with id: 'Object Repository/Sayfalar/Giris_Sayfasi/Firma_Kodu' located by 'By.xpath: //*[@id = 'AccountName']' in '30' second(s)

2021-11-18 11:53:39 - [MESSAGE][PASSED] - Keys 'ELOGO6' sent to object: 'Object Repository/Sayfalar/Giris_Sayfasi/Firma_Kodu'

2021-11-18 11:53:39 - [TEST_STEP][PASSED] - sendKeys(findTestObject("Sayfalar/Giris_Sayfasi/Sifre"), Sifre): Keys '123456' sent to object: 'Object Repository/Sayfalar/Giris_Sayfasi/Sifre'

2021-11-18 11:53:39 - [MESSAGE][INFO] - Finding Test Object 'Object Repository/Sayfalar/Giris_Sayfasi/Sifre'

2021-11-18 11:53:39 - [MESSAGE][INFO] - Sending keys '123456' to object: 'Object Repository/Sayfalar/Giris_Sayfasi/Sifre'

2021-11-18 11:53:39 - [MESSAGE][INFO] - Finding web element from Test Object's properties

2021-11-18 11:53:39 - [MESSAGE][INFO] - Checking timeout

2021-11-18 11:53:39 - [MESSAGE][INFO] - Finding web element with id: 'Object Repository/Sayfalar/Giris_Sayfasi/Sifre' located by 'By.xpath: //*[@id = 'Password']' in '30' second(s)

2021-11-18 11:53:39 - [MESSAGE][INFO] - Smart Wait Function is triggered

2021-11-18 11:53:39 - [MESSAGE][INFO] - Found 1 web elements with id: 'Object Repository/Sayfalar/Giris_Sayfasi/Sifre' located by 'By.xpath: //*[@id = 'Password']' in '30' second(s)

2021-11-18 11:53:39 - [MESSAGE][PASSED] - Keys '123456' sent to object: 'Object Repository/Sayfalar/Giris_Sayfasi/Sifre'

2021-11-18 11:53:39 - [TEST_STEP][PASSED] - findWebElement(findTestObject("Sayfalar/Giris_Sayfasi/Giris_Butonu")).click(): Found 1 web elements with id: 'Object Repository/Sayfalar/Giris_Sayfasi/Giris_Butonu' located by 'By.cssSelector: #btnLogin' in '30' second(s)

2021-11-18 11:53:39 - [MESSAGE][INFO] - Finding Test Object 'Object Repository/Sayfalar/Giris_Sayfasi/Giris_Butonu'

2021-11-18 11:53:39 - [MESSAGE][INFO] - Finding web element from Test Object's properties

2021-11-18 11:53:39 - [MESSAGE][INFO] - Checking timeout

2021-11-18 11:53:39 - [MESSAGE][INFO] - Finding web element with id: 'Object Repository/Sayfalar/Giris_Sayfasi/Giris_Butonu' located by 'By.cssSelector: #btnLogin' in '30' second(s)

2021-11-18 11:53:39 - [MESSAGE][INFO] - Smart Wait Function is triggered

2021-11-18 11:53:40 - [MESSAGE][INFO] - Found 1 web elements with id: 'Object Repository/Sayfalar/Giris_Sayfasi/Giris_Butonu' located by 'By.cssSelector: #btnLogin' in '30' second(s)

2021-11-18 11:53:42 - [TEST_STEP][PASSED] - if (verifyElementPresent(findTestObject("Object Repository/Sayfalar/Giris_Sayfasi/RetveTamam_Butonu"), 5, OPTIONAL)): null

2021-11-18 11:53:42 - [MESSAGE][INFO] - Finding Test Object 'Object Repository/Sayfalar/Giris_Sayfasi/RetveTamam_Butonu'

2021-11-18 11:53:42 - [MESSAGE][INFO] - Checking object

2021-11-18 11:53:42 - [MESSAGE][INFO] - Finding web element from Test Object's properties

2021-11-18 11:53:42 - [MESSAGE][INFO] - Checking timeout

2021-11-18 11:53:42 - [MESSAGE][INFO] - Finding web element with id: 'Object Repository/Sayfalar/Giris_Sayfasi/RetveTamam_Butonu' located by 'By.xpath: //*[@class = 'btn btn-default']' in '5' second(s)

2021-11-18 11:53:42 - [MESSAGE][INFO] - Smart Wait Function is triggered

2021-11-18 11:53:42 - [MESSAGE][INFO] - Found 1 web elements with id: 'Object Repository/Sayfalar/Giris_Sayfasi/RetveTamam_Butonu' located by 'By.xpath: //*[@class = 'btn btn-default']' in '5' second(s)

2021-11-18 11:53:42 - [MESSAGE][PASSED] - Object 'Object Repository/Sayfalar/Giris_Sayfasi/RetveTamam_Butonu' is present

2021-11-18 11:53:42 - [TEST_STEP][PASSED] - click(findTestObject("Object Repository/Sayfalar/Giris_Sayfasi/RetveTamam_Butonu")): Object: 'Object Repository/Sayfalar/Giris_Sayfasi/RetveTamam_Butonu' is clicked on

2021-11-18 11:53:42 - [MESSAGE][INFO] - Finding Test Object 'Object Repository/Sayfalar/Giris_Sayfasi/RetveTamam_Butonu'

2021-11-18 11:53:43 - [MESSAGE][INFO] - Checking object

2021-11-18 11:53:43 - [MESSAGE][INFO] - Finding web element from Test Object's properties

2021-11-18 11:53:43 - [MESSAGE][INFO] - Checking timeout

2021-11-18 11:53:43 - [MESSAGE][INFO] - Finding web element with id: 'Object Repository/Sayfalar/Giris_Sayfasi/RetveTamam_Butonu' located by 'By.xpath: //*[@class = 'btn btn-default']' in '30' second(s)

2021-11-18 11:53:43 - [MESSAGE][INFO] - Smart Wait Function is triggered

2021-11-18 11:53:43 - [MESSAGE][INFO] - Found 1 web elements with id: 'Object Repository/Sayfalar/Giris_Sayfasi/RetveTamam_Butonu' located by 'By.xpath: //*[@class = 'btn btn-default']' in '30' second(s)

2021-11-18 11:53:43 - [MESSAGE][INFO] - Clicking on object: 'Object Repository/Sayfalar/Giris_Sayfasi/RetveTamam_Butonu'

2021-11-18 11:53:43 - [MESSAGE][PASSED] - Object: 'Object Repository/Sayfalar/Giris_Sayfasi/RetveTamam_Butonu' is clicked on

2021-11-18 11:53:43 - [TEST_STEP][PASSED] - click(findTestObject("Object Repository/Sayfalar/Giris_Sayfasi/RetveTamam_Butonu")): Object: 'Object Repository/Sayfalar/Giris_Sayfasi/RetveTamam_Butonu' is clicked on

2021-11-18 11:53:43 - [MESSAGE][INFO] - Finding Test Object 'Object Repository/Sayfalar/Giris_Sayfasi/RetveTamam_Butonu'

2021-11-18 11:53:43 - [MESSAGE][INFO] - Checking object

2021-11-18 11:53:43 - [MESSAGE][INFO] - Finding web element from Test Object's properties

2021-11-18 11:53:43 - [MESSAGE][INFO] - Checking timeout

2021-11-18 11:53:43 - [MESSAGE][INFO] - Finding web element with id: 'Object Repository/Sayfalar/Giris_Sayfasi/RetveTamam_Butonu' located by 'By.xpath: //*[@class = 'btn btn-default']' in '30' second(s)

2021-11-18 11:53:43 - [MESSAGE][INFO] - Smart Wait Function is triggered

2021-11-18 11:53:47 - [MESSAGE][INFO] - Found 1 web elements with id: 'Object Repository/Sayfalar/Giris_Sayfasi/RetveTamam_Butonu' located by 'By.xpath: //*[@class = 'btn btn-default']' in '30' second(s)

2021-11-18 11:53:47 - [MESSAGE][INFO] - Clicking on object: 'Object Repository/Sayfalar/Giris_Sayfasi/RetveTamam_Butonu'

2021-11-18 11:53:47 - [MESSAGE][PASSED] - Object: 'Object Repository/Sayfalar/Giris_Sayfasi/RetveTamam_Butonu' is clicked on

2021-11-18 11:53:47 - [TEST_STEP][PASSED] - if (verifyElementPresent(findTestObject("Sayfalar/Giris_Sayfasi/PopupOK"), 5, OPTIONAL)): null

2021-11-18 11:53:47 - [MESSAGE][INFO] - Finding Test Object 'Object Repository/Sayfalar/Giris_Sayfasi/PopupOK'

2021-11-18 11:53:47 - [MESSAGE][INFO] - Checking object

2021-11-18 11:53:47 - [MESSAGE][INFO] - Finding web element from Test Object's properties

2021-11-18 11:53:47 - [MESSAGE][INFO] - Checking timeout

2021-11-18 11:53:47 - [MESSAGE][INFO] - Finding web element with id: 'Object Repository/Sayfalar/Giris_Sayfasi/PopupOK' located by 'By.cssSelector: .btn.btn-success' in '5' second(s)

2021-11-18 11:53:47 - [MESSAGE][INFO] - Smart Wait Function is triggered

2021-11-18 11:53:48 - [MESSAGE][INFO] - Found 1 web elements with id: 'Object Repository/Sayfalar/Giris_Sayfasi/PopupOK' located by 'By.cssSelector: .btn.btn-success' in '5' second(s)

2021-11-18 11:53:48 - [MESSAGE][PASSED] - Object 'Object Repository/Sayfalar/Giris_Sayfasi/PopupOK' is present

2021-11-18 11:53:48 - [TEST_STEP][PASSED] - click(findTestObject("Object Repository/Sayfalar/Giris_Sayfasi/PopupCarpiGiris")): Object: 'Object Repository/Sayfalar/Giris_Sayfasi/PopupCarpiGiris' is clicked on

2021-11-18 11:53:48 - [MESSAGE][INFO] - Finding Test Object 'Object Repository/Sayfalar/Giris_Sayfasi/PopupCarpiGiris'

2021-11-18 11:53:48 - [MESSAGE][INFO] - Checking object

2021-11-18 11:53:48 - [MESSAGE][INFO] - Finding web element from Test Object's properties

2021-11-18 11:53:48 - [MESSAGE][INFO] - Checking timeout

2021-11-18 11:53:48 - [MESSAGE][INFO] - Finding web element with id: 'Object Repository/Sayfalar/Giris_Sayfasi/PopupCarpiGiris' located by 'By.cssSelector: .bootbox-close-button.close' in '30' second(s)

2021-11-18 11:53:48 - [MESSAGE][INFO] - Smart Wait Function is triggered

2021-11-18 11:53:48 - [MESSAGE][INFO] - Found 1 web elements with id: 'Object Repository/Sayfalar/Giris_Sayfasi/PopupCarpiGiris' located by 'By.cssSelector: .bootbox-close-button.close' in '30' second(s)

2021-11-18 11:53:48 - [MESSAGE][INFO] - Clicking on object: 'Object Repository/Sayfalar/Giris_Sayfasi/PopupCarpiGiris'

2021-11-18 11:53:48 - [MESSAGE][PASSED] - Object: 'Object Repository/Sayfalar/Giris_Sayfasi/PopupCarpiGiris' is clicked on

2021-11-18 11:53:48 - [TEST_STEP][PASSED] - verifyElementVisible(findTestObject("Object Repository/Kullanici_Islemleri/KullaniciIslemleri")): Object 'Object Repository/Kullanici_Islemleri/KullaniciIslemleri' is visible

2021-11-18 11:53:48 - [MESSAGE][INFO] - Finding Test Object 'Object Repository/Kullanici_Islemleri/KullaniciIslemleri'

2021-11-18 11:53:48 - [MESSAGE][INFO] - Checking object

2021-11-18 11:53:48 - [MESSAGE][INFO] - Finding web element from Test Object's properties

2021-11-18 11:53:48 - [MESSAGE][INFO] - Checking timeout

2021-11-18 11:53:48 - [MESSAGE][INFO] - Finding web element with id: 'Object Repository/Kullanici_Islemleri/KullaniciIslemleri' located by 'By.cssSelector: .dropdown>a>img' in '30' second(s)

2021-11-18 11:53:48 - [MESSAGE][INFO] - Smart Wait Function is triggered

2021-11-18 11:53:49 - [MESSAGE][INFO] - Found 1 web elements with id: 'Object Repository/Kullanici_Islemleri/KullaniciIslemleri' located by 'By.cssSelector: .dropdown>a>img' in '30' second(s)

2021-11-18 11:53:49 - [MESSAGE][PASSED] - Object 'Object Repository/Kullanici_Islemleri/KullaniciIslemleri' is visible

2021-11-18 11:53:49 - [MESSAGE][PASSED] - Call Test Case 'Test Cases/Sayfalar/Giris_Sayfasi/Login' successfully

2021-11-18 11:53:49 - [MESSAGE][INFO] - Checking called Test Case

2021-11-18 11:53:49 - [MESSAGE][INFO] - Starting to call Test Case 'Test Cases/Menu/AnaMenuSecimi'

2021-11-18 11:53:49 - [TEST_CASE][PASSED] - Test Cases/Menu/AnaMenuSecimi: Test Cases/Menu/AnaMenuSecimi

2021-11-18 11:53:49 - [TEST_STEP][PASSED] - Method.TextDegerineEsitElementeTikla(findTestObject("Menu/Ana_Menu"), Ana_Menu): Method.TextDegerineEsitElementeTikla is PASSED

2021-11-18 11:53:49 - [MESSAGE][INFO] - Finding Test Object 'Object Repository/Menu/Ana_Menu'

2021-11-18 11:53:49 - [MESSAGE][INFO] - Checking timeout

2021-11-18 11:53:49 - [MESSAGE][INFO] - Finding web element with id: 'Object Repository/Menu/Ana_Menu' located by 'By.xpath: //*[@class = 'dropdown-toggle']' in '10' second(s)

2021-11-18 11:53:49 - [MESSAGE][INFO] - Smart Wait Function is triggered

2021-11-18 11:53:50 - [MESSAGE][INFO] - Found 14 web elements with id: 'Object Repository/Menu/Ana_Menu' located by 'By.xpath: //*[@class = 'dropdown-toggle']' in '10' second(s)

2021-11-18 11:53:50 - [MESSAGE][PASSED] - Method.TextDegerineEsitElementeTikla is PASSED

2021-11-18 11:53:50 - [MESSAGE][PASSED] - Call Test Case 'Test Cases/Menu/AnaMenuSecimi' successfully

2021-11-18 11:53:50 - [MESSAGE][INFO] - Checking called Test Case

2021-11-18 11:53:50 - [MESSAGE][INFO] - Starting to call Test Case 'Test Cases/Menu/AltMenuSecimi'

2021-11-18 11:53:50 - [TEST_CASE][PASSED] - Test Cases/Menu/AltMenuSecimi: Test Cases/Menu/AltMenuSecimi

2021-11-18 11:53:50 - [TEST_STEP][PASSED] - Method.TextDegerineEsitElementeTikla(findTestObject("Menu/Alt_Menu"), Alt_Menu): Method.TextDegerineEsitElementeTikla is PASSED

2021-11-18 11:53:50 - [MESSAGE][INFO] - Finding Test Object 'Object Repository/Menu/Alt_Menu'

2021-11-18 11:53:50 - [MESSAGE][INFO] - Checking timeout

2021-11-18 11:53:50 - [MESSAGE][INFO] - Finding web element with id: 'Object Repository/Menu/Alt_Menu' located by 'By.xpath: //li[@class='dropdown dropdown-large open']//li[@class='dropdown-element']' in '10' second(s)

2021-11-18 11:53:50 - [MESSAGE][INFO] - Smart Wait Function is triggered

2021-11-18 11:53:50 - [MESSAGE][INFO] - Found 1 web elements with id: 'Object Repository/Menu/Alt_Menu' located by 'By.xpath: //li[@class='dropdown dropdown-large open']//li[@class='dropdown-element']' in '10' second(s)

2021-11-18 11:53:53 - [MESSAGE][PASSED] - Method.TextDegerineEsitElementeTikla is PASSED

2021-11-18 11:53:53 - [MESSAGE][PASSED] - Call Test Case 'Test Cases/Menu/AltMenuSecimi' successfully

2021-11-18 11:53:53 - [MESSAGE][INFO] - Checking called Test Case

2021-11-18 11:53:53 - [MESSAGE][INFO] - Starting to call Test Case 'Test Cases/Filtreler/ButonaTikla'

2021-11-18 11:53:53 - [TEST_CASE][PASSED] - Test Cases/Filtreler/ButonaTikla: Test Cases/Filtreler/ButonaTikla

2021-11-18 11:53:53 - [TEST_STEP][PASSED] - Method.TextDegerineEsitElementeTikla(findTestObject("Filtreler/Butonlar"), Filtre_Buton): Method.TextDegerineEsitElementeTikla is PASSED

2021-11-18 11:53:53 - [MESSAGE][INFO] - Finding Test Object 'Object Repository/Filtreler/Butonlar'

2021-11-18 11:53:53 - [MESSAGE][INFO] - Checking timeout

2021-11-18 11:53:53 - [MESSAGE][INFO] - Finding web element with id: 'Object Repository/Filtreler/Butonlar' located by 'By.cssSelector: .dxb>span' in '10' second(s)

2021-11-18 11:53:53 - [MESSAGE][INFO] - Smart Wait Function is triggered

2021-11-18 11:53:54 - [MESSAGE][INFO] - Found 6 web elements with id: 'Object Repository/Filtreler/Butonlar' located by 'By.cssSelector: .dxb>span' in '10' second(s)

2021-11-18 11:53:54 - [MESSAGE][PASSED] - Method.TextDegerineEsitElementeTikla is PASSED

2021-11-18 11:53:54 - [MESSAGE][PASSED] - Call Test Case 'Test Cases/Filtreler/ButonaTikla' successfully

2021-11-18 11:53:54 - [MESSAGE][INFO] - Checking called Test Case

2021-11-18 11:53:54 - [MESSAGE][INFO] - Starting to call Test Case 'Test Cases/Tablo/TablodaVeriVarMi'

2021-11-18 11:53:54 - [TEST_CASE][PASSED] - Test Cases/Tablo/TablodaVeriVarMi: Test Cases/Tablo/TablodaVeriVarMi

2021-11-18 11:53:54 - [TEST_STEP][PASSED] - verifyTextNotPresent("Görüntülenecek veri yok", true): Text 'Görüntülenecek veri yok' is not present on page using regular expression

2021-11-18 11:53:54 - [MESSAGE][INFO] - Checking text present  using regular expression

2021-11-18 11:53:54 - [MESSAGE][INFO] - Smart Wait Function is triggered

2021-11-18 11:53:54 - [MESSAGE][INFO] - Finding text 'Görüntülenecek veri yok' on page  using regular expression

2021-11-18 11:53:54 - [MESSAGE][PASSED] - Text 'Görüntülenecek veri yok' is not present on page using regular expression

2021-11-18 11:53:54 - [MESSAGE][PASSED] - Call Test Case 'Test Cases/Tablo/TablodaVeriVarMi' successfully

2021-11-18 11:53:54 - [MESSAGE][INFO] - Checking called Test Case

2021-11-18 11:53:54 - [MESSAGE][INFO] - Starting to call Test Case 'Test Cases/Tablo/TablodanVeriSec'

2021-11-18 11:53:55 - [TEST_CASE][PASSED] - Test Cases/Tablo/TablodanVeriSec: Test Cases/Tablo/TablodanVeriSec

2021-11-18 11:53:55 - [TEST_STEP][PASSED] - Method.TextDegerineEsitElementinAltindakineTikla(findTestObject("Tablo/Veriler"), findTestObject("Tablo/VerininCheckBoxi"), Veri_Adi): Method.TextDegerineEsitElementinAltindakineTikla is PASSED

2021-11-18 11:53:55 - [MESSAGE][INFO] - Finding Test Object 'Object Repository/Tablo/Veriler'

2021-11-18 11:53:55 - [MESSAGE][INFO] - Finding Test Object 'Object Repository/Tablo/VerininCheckBoxi'

2021-11-18 11:53:55 - [MESSAGE][INFO] - Checking timeout

2021-11-18 11:53:55 - [MESSAGE][INFO] - Finding web element with id: 'Object Repository/Tablo/Veriler' located by 'By.cssSelector: td.dxgv b ,td.dxgv' in '10' second(s)

2021-11-18 11:53:55 - [MESSAGE][INFO] - Smart Wait Function is triggered

2021-11-18 11:53:55 - [MESSAGE][INFO] - Found 62 web elements with id: 'Object Repository/Tablo/Veriler' located by 'By.cssSelector: td.dxgv b ,td.dxgv' in '10' second(s)

2021-11-18 11:53:56 - [MESSAGE][INFO] - Smart Wait Function is triggered

2021-11-18 11:53:56 - [MESSAGE][PASSED] - Method.TextDegerineEsitElementinAltindakineTikla is PASSED

2021-11-18 11:53:56 - [MESSAGE][PASSED] - Call Test Case 'Test Cases/Tablo/TablodanVeriSec' successfully

2021-11-18 11:53:56 - [MESSAGE][INFO] - Checking called Test Case

2021-11-18 11:53:56 - [MESSAGE][INFO] - Starting to call Test Case 'Test Cases/Butonlar/ButonaTikla'

2021-11-18 11:53:56 - [TEST_CASE][PASSED] - Test Cases/Butonlar/ButonaTikla: Test Cases/Butonlar/ButonaTikla

2021-11-18 11:53:56 - [TEST_STEP][PASSED] - Method.TextDegerineEsitElementeTiklaEquals(findTestObject("Butonlar/Butonlar"), Buton_Adi): Method.TextDegerineEsitElementeTiklaEquals is PASSED

2021-11-18 11:53:56 - [MESSAGE][INFO] - Finding Test Object 'Object Repository/Butonlar/Butonlar'

2021-11-18 11:53:56 - [MESSAGE][INFO] - Checking timeout

2021-11-18 11:53:56 - [MESSAGE][INFO] - Finding web element with id: 'Object Repository/Butonlar/Butonlar' located by 'By.cssSelector: .panel.panel-default.text-center.footerPanel .btn,.btn.btn-primary.btnControls' in '10' second(s)

2021-11-18 11:53:56 - [MESSAGE][INFO] - Smart Wait Function is triggered

2021-11-18 11:53:56 - [MESSAGE][INFO] - Found 12 web elements with id: 'Object Repository/Butonlar/Butonlar' located by 'By.cssSelector: .panel.panel-default.text-center.footerPanel .btn,.btn.btn-primary.btnControls' in '10' second(s)

2021-11-18 11:53:57 - [MESSAGE][PASSED] - Method.TextDegerineEsitElementeTiklaEquals is PASSED

2021-11-18 11:53:57 - [MESSAGE][PASSED] - Call Test Case 'Test Cases/Butonlar/ButonaTikla' successfully

2021-11-18 11:53:57 - [MESSAGE][INFO] - Checking called Test Case

2021-11-18 11:53:57 - [MESSAGE][INFO] - Starting to call Test Case 'Test Cases/Sayfalar/Yetki_Yonetimi/FirmaKodunaGoreFirmaSecilir'

2021-11-18 11:53:57 - [TEST_CASE][PASSED] - Test Cases/Sayfalar/Yetki_Yonetimi/FirmaKodunaGoreFirmaSecilir: Test Cases/Sayfalar/Yetki_Yonetimi/FirmaKodunaGoreFirmaSecilir

2021-11-18 11:53:58 - [TEST_STEP][PASSED] - switchToFrame(findTestObject("Object Repository/Sayfalar/Yetki_Yonetimi/Rol_Departman_Tanimlama/frame"), 10): Switched to iframe: 'Object Repository/Sayfalar/Yetki_Yonetimi/Rol_Departman_Tanimlama/frame'

2021-11-18 11:53:58 - [MESSAGE][INFO] - Finding Test Object 'Object Repository/Sayfalar/Yetki_Yonetimi/Rol_Departman_Tanimlama/frame'

2021-11-18 11:53:58 - [MESSAGE][INFO] - Switching to iframe: 'Object Repository/Sayfalar/Yetki_Yonetimi/Rol_Departman_Tanimlama/frame'

2021-11-18 11:53:58 - [MESSAGE][INFO] - Finding web element from Test Object's properties

2021-11-18 11:53:58 - [MESSAGE][INFO] - Checking timeout

2021-11-18 11:53:58 - [MESSAGE][INFO] - Finding web element with id: 'Object Repository/Sayfalar/Yetki_Yonetimi/Rol_Departman_Tanimlama/frame' located by 'By.xpath: //*[@id = 'userroledepartmentframe']' in '10' second(s)

2021-11-18 11:53:58 - [MESSAGE][INFO] - Smart Wait Function is triggered

2021-11-18 11:53:58 - [MESSAGE][INFO] - Found 1 web elements with id: 'Object Repository/Sayfalar/Yetki_Yonetimi/Rol_Departman_Tanimlama/frame' located by 'By.xpath: //*[@id = 'userroledepartmentframe']' in '10' second(s)

2021-11-18 11:53:58 - [MESSAGE][INFO] - Switched to iframe: 'Object Repository/Sayfalar/Yetki_Yonetimi/Rol_Departman_Tanimlama/frame'

2021-11-18 11:53:58 - [TEST_STEP][PASSED] - Method.TextDegerineEsitElementinAltindakineTikla(findTestObject("Object Repository/Sayfalar/Yetki_Yonetimi/Rol_Departman_Tanimlama/Firmalar"), findTestObject("Object Repository/Sayfalar/Yetki_Yonetimi/Rol_Departman_Tanimlama/Ekle"), Firma_Kodu): Method.TextDegerineEsitElementinAltindakineTikla is PASSED

2021-11-18 11:53:58 - [MESSAGE][INFO] - Finding Test Object 'Object Repository/Sayfalar/Yetki_Yonetimi/Rol_Departman_Tanimlama/Firmalar'

2021-11-18 11:53:58 - [MESSAGE][INFO] - Finding Test Object 'Object Repository/Sayfalar/Yetki_Yonetimi/Rol_Departman_Tanimlama/Ekle'

2021-11-18 11:53:58 - [MESSAGE][INFO] - Checking timeout

2021-11-18 11:53:58 - [MESSAGE][INFO] - Finding web element with id: 'Object Repository/Sayfalar/Yetki_Yonetimi/Rol_Departman_Tanimlama/Firmalar' located by 'By.cssSelector: #GridViewRoleAndDepartmentMatching_DXMainTable .dxgv.dx-ac' in '10' second(s)

2021-11-18 11:53:58 - [MESSAGE][INFO] - Smart Wait Function is triggered

2021-11-18 11:53:58 - [MESSAGE][INFO] - Found 2 web elements with id: 'Object Repository/Sayfalar/Yetki_Yonetimi/Rol_Departman_Tanimlama/Firmalar' located by 'By.cssSelector: #GridViewRoleAndDepartmentMatching_DXMainTable .dxgv.dx-ac' in '10' second(s)

2021-11-18 11:53:58 - [MESSAGE][INFO] - Smart Wait Function is triggered

2021-11-18 11:53:58 - [MESSAGE][PASSED] - Method.TextDegerineEsitElementinAltindakineTikla is PASSED

2021-11-18 11:53:58 - [MESSAGE][PASSED] - Call Test Case 'Test Cases/Sayfalar/Yetki_Yonetimi/FirmaKodunaGoreFirmaSecilir' successfully

2021-11-18 11:53:58 - [MESSAGE][INFO] - Checking called Test Case

2021-11-18 11:53:58 - [MESSAGE][INFO] - Starting to call Test Case 'Test Cases/Sayfalar/Yetki_Yonetimi/KullanicininDepartmaniSecilir'

2021-11-18 11:53:58 - [TEST_CASE][PASSED] - Test Cases/Sayfalar/Yetki_Yonetimi/KullanicininDepartmaniSecilir: Test Cases/Sayfalar/Yetki_Yonetimi/KullanicininDepartmaniSecilir

2021-11-18 11:53:59 - [TEST_STEP][PASSED] - waitForElementClickable(findTestObject("Object Repository/Sayfalar/Yetki_Yonetimi/Rol_Departman_Tanimlama/DepartmanDropdown"), 10): Object 'Object Repository/Sayfalar/Yetki_Yonetimi/Rol_Departman_Tanimlama/DepartmanDropdown' is clickable

2021-11-18 11:53:59 - [MESSAGE][INFO] - Finding Test Object 'Object Repository/Sayfalar/Yetki_Yonetimi/Rol_Departman_Tanimlama/DepartmanDropdown'

2021-11-18 11:53:59 - [MESSAGE][INFO] - Checking object

2021-11-18 11:53:59 - [MESSAGE][INFO] - Checking timeout

2021-11-18 11:53:59 - [MESSAGE][INFO] - Finding web element from Test Object's properties

2021-11-18 11:53:59 - [MESSAGE][INFO] - Checking timeout

2021-11-18 11:53:59 - [MESSAGE][INFO] - Finding web element with id: 'Object Repository/Sayfalar/Yetki_Yonetimi/Rol_Departman_Tanimlama/DepartmanDropdown' located by 'By.xpath: //*[@id = 'cmbFirmDepartment_I']' in '10' second(s)

2021-11-18 11:53:59 - [MESSAGE][INFO] - Smart Wait Function is triggered

2021-11-18 11:53:59 - [MESSAGE][INFO] - Found 1 web elements with id: 'Object Repository/Sayfalar/Yetki_Yonetimi/Rol_Departman_Tanimlama/DepartmanDropdown' located by 'By.xpath: //*[@id = 'cmbFirmDepartment_I']' in '10' second(s)

2021-11-18 11:53:59 - [MESSAGE][PASSED] - Object 'Object Repository/Sayfalar/Yetki_Yonetimi/Rol_Departman_Tanimlama/DepartmanDropdown' is clickable

2021-11-18 11:53:59 - [TEST_STEP][PASSED] - click(findTestObject("Object Repository/Sayfalar/Yetki_Yonetimi/Rol_Departman_Tanimlama/DepartmanDropdown")): Object: 'Object Repository/Sayfalar/Yetki_Yonetimi/Rol_Departman_Tanimlama/DepartmanDropdown' is clicked on

2021-11-18 11:53:59 - [MESSAGE][INFO] - Finding Test Object 'Object Repository/Sayfalar/Yetki_Yonetimi/Rol_Departman_Tanimlama/DepartmanDropdown'

2021-11-18 11:53:59 - [MESSAGE][INFO] - Checking object

2021-11-18 11:53:59 - [MESSAGE][INFO] - Finding web element from Test Object's properties

2021-11-18 11:53:59 - [MESSAGE][INFO] - Checking timeout

2021-11-18 11:53:59 - [MESSAGE][INFO] - Finding web element with id: 'Object Repository/Sayfalar/Yetki_Yonetimi/Rol_Departman_Tanimlama/DepartmanDropdown' located by 'By.xpath: //*[@id = 'cmbFirmDepartment_I']' in '30' second(s)

2021-11-18 11:53:59 - [MESSAGE][INFO] - Smart Wait Function is triggered

2021-11-18 11:53:59 - [MESSAGE][INFO] - Found 1 web elements with id: 'Object Repository/Sayfalar/Yetki_Yonetimi/Rol_Departman_Tanimlama/DepartmanDropdown' located by 'By.xpath: //*[@id = 'cmbFirmDepartment_I']' in '30' second(s)

2021-11-18 11:53:59 - [MESSAGE][INFO] - Clicking on object: 'Object Repository/Sayfalar/Yetki_Yonetimi/Rol_Departman_Tanimlama/DepartmanDropdown'

2021-11-18 11:53:59 - [MESSAGE][PASSED] - Object: 'Object Repository/Sayfalar/Yetki_Yonetimi/Rol_Departman_Tanimlama/DepartmanDropdown' is clicked on

2021-11-18 11:53:59 - [TEST_STEP][PASSED] - Method.TextDegerineEsitElementeTikla(findTestObject("Object Repository/Sayfalar/Yetki_Yonetimi/Rol_Departman_Tanimlama/DepartmanAdlari"), Departman_Adi): Method.TextDegerineEsitElementeTikla is PASSED

2021-11-18 11:53:59 - [MESSAGE][INFO] - Finding Test Object 'Object Repository/Sayfalar/Yetki_Yonetimi/Rol_Departman_Tanimlama/DepartmanAdlari'

2021-11-18 11:53:59 - [MESSAGE][INFO] - Checking timeout

2021-11-18 11:53:59 - [MESSAGE][INFO] - Finding web element with id: 'Object Repository/Sayfalar/Yetki_Yonetimi/Rol_Departman_Tanimlama/DepartmanAdlari' located by 'By.cssSelector: #cmbFirmDepartment_DDD_L_LBT td' in '10' second(s)

2021-11-18 11:53:59 - [MESSAGE][INFO] - Smart Wait Function is triggered

2021-11-18 11:53:59 - [MESSAGE][INFO] - Found 4 web elements with id: 'Object Repository/Sayfalar/Yetki_Yonetimi/Rol_Departman_Tanimlama/DepartmanAdlari' located by 'By.cssSelector: #cmbFirmDepartment_DDD_L_LBT td' in '10' second(s)

2021-11-18 11:54:00 - [MESSAGE][PASSED] - Method.TextDegerineEsitElementeTikla is PASSED

2021-11-18 11:54:00 - [MESSAGE][PASSED] - Call Test Case 'Test Cases/Sayfalar/Yetki_Yonetimi/KullanicininDepartmaniSecilir' successfully

2021-11-18 11:54:00 - [MESSAGE][INFO] - Checking called Test Case

2021-11-18 11:54:00 - [MESSAGE][INFO] - Starting to call Test Case 'Test Cases/Sayfalar/Yetki_Yonetimi/KullanicininRoluSecilir'

2021-11-18 11:54:00 - [TEST_CASE][PASSED] - Test Cases/Sayfalar/Yetki_Yonetimi/KullanicininRoluSecilir: Test Cases/Sayfalar/Yetki_Yonetimi/KullanicininRoluSecilir

2021-11-18 11:54:00 - [TEST_STEP][PASSED] - Method.TextDegerineEsitElementinAltindakineTikla(findTestObject("Object Repository/Sayfalar/Yetki_Yonetimi/Rol_Departman_Tanimlama/RolAdlari"), findTestObject("Object Repository/Sayfalar/Yetki_Yonetimi/Rol_Departman_Tanimlama/RolCheckBox"), Rol): Method.TextDegerineEsitElementinAltindakineTikla is PASSED

2021-11-18 11:54:00 - [MESSAGE][INFO] - Finding Test Object 'Object Repository/Sayfalar/Yetki_Yonetimi/Rol_Departman_Tanimlama/RolAdlari'

2021-11-18 11:54:00 - [MESSAGE][INFO] - Finding Test Object 'Object Repository/Sayfalar/Yetki_Yonetimi/Rol_Departman_Tanimlama/RolCheckBox'

2021-11-18 11:54:00 - [MESSAGE][INFO] - Checking timeout

2021-11-18 11:54:00 - [MESSAGE][INFO] - Finding web element with id: 'Object Repository/Sayfalar/Yetki_Yonetimi/Rol_Departman_Tanimlama/RolAdlari' located by 'By.cssSelector: #GridViewUserRole_DXMainTable td' in '10' second(s)

2021-11-18 11:54:00 - [MESSAGE][INFO] - Smart Wait Function is triggered

2021-11-18 11:54:00 - [MESSAGE][INFO] - Found 21 web elements with id: 'Object Repository/Sayfalar/Yetki_Yonetimi/Rol_Departman_Tanimlama/RolAdlari' located by 'By.cssSelector: #GridViewUserRole_DXMainTable td' in '10' second(s)

2021-11-18 11:54:01 - [MESSAGE][INFO] - Smart Wait Function is triggered

2021-11-18 11:54:01 - [MESSAGE][PASSED] - Method.TextDegerineEsitElementinAltindakineTikla is PASSED

2021-11-18 11:54:01 - [MESSAGE][PASSED] - Call Test Case 'Test Cases/Sayfalar/Yetki_Yonetimi/KullanicininRoluSecilir' successfully

2021-11-18 11:54:01 - [MESSAGE][INFO] - Checking called Test Case

2021-11-18 11:54:01 - [MESSAGE][INFO] - Starting to call Test Case 'Test Cases/Sayfalar/Yetki_Yonetimi/RolveDepartmanTanimlamayiKaydet'

2021-11-18 11:54:01 - [TEST_CASE][PASSED] - Test Cases/Sayfalar/Yetki_Yonetimi/RolveDepartmanTanimlamayiKaydet: Test Cases/Sayfalar/Yetki_Yonetimi/RolveDepartmanTanimlamayiKaydet

2021-11-18 11:54:01 - [TEST_STEP][PASSED] - waitForElementClickable(findTestObject("Object Repository/Sayfalar/Yetki_Yonetimi/Rol_Departman_Tanimlama/Kaydet"), 10): Object 'Object Repository/Sayfalar/Yetki_Yonetimi/Rol_Departman_Tanimlama/Kaydet' is clickable

2021-11-18 11:54:01 - [MESSAGE][INFO] - Finding Test Object 'Object Repository/Sayfalar/Yetki_Yonetimi/Rol_Departman_Tanimlama/Kaydet'

2021-11-18 11:54:01 - [MESSAGE][INFO] - Checking object

2021-11-18 11:54:01 - [MESSAGE][INFO] - Checking timeout

2021-11-18 11:54:01 - [MESSAGE][INFO] - Finding web element from Test Object's properties

2021-11-18 11:54:01 - [MESSAGE][INFO] - Checking timeout

2021-11-18 11:54:01 - [MESSAGE][INFO] - Finding web element with id: 'Object Repository/Sayfalar/Yetki_Yonetimi/Rol_Departman_Tanimlama/Kaydet' located by 'By.xpath: //*[@id = 'btnSaveRoleAndDepartmentMatch_CD']' in '10' second(s)

2021-11-18 11:54:01 - [MESSAGE][INFO] - Smart Wait Function is triggered

2021-11-18 11:54:01 - [MESSAGE][INFO] - Found 1 web elements with id: 'Object Repository/Sayfalar/Yetki_Yonetimi/Rol_Departman_Tanimlama/Kaydet' located by 'By.xpath: //*[@id = 'btnSaveRoleAndDepartmentMatch_CD']' in '10' second(s)

2021-11-18 11:54:01 - [MESSAGE][PASSED] - Object 'Object Repository/Sayfalar/Yetki_Yonetimi/Rol_Departman_Tanimlama/Kaydet' is clickable

2021-11-18 11:54:01 - [TEST_STEP][PASSED] - click(findTestObject("Object Repository/Sayfalar/Yetki_Yonetimi/Rol_Departman_Tanimlama/Kaydet")): Object: 'Object Repository/Sayfalar/Yetki_Yonetimi/Rol_Departman_Tanimlama/Kaydet' is clicked on

2021-11-18 11:54:01 - [MESSAGE][INFO] - Finding Test Object 'Object Repository/Sayfalar/Yetki_Yonetimi/Rol_Departman_Tanimlama/Kaydet'

2021-11-18 11:54:01 - [MESSAGE][INFO] - Checking object

2021-11-18 11:54:01 - [MESSAGE][INFO] - Finding web element from Test Object's properties

2021-11-18 11:54:01 - [MESSAGE][INFO] - Checking timeout

2021-11-18 11:54:01 - [MESSAGE][INFO] - Finding web element with id: 'Object Repository/Sayfalar/Yetki_Yonetimi/Rol_Departman_Tanimlama/Kaydet' located by 'By.xpath: //*[@id = 'btnSaveRoleAndDepartmentMatch_CD']' in '30' second(s)

2021-11-18 11:54:01 - [MESSAGE][INFO] - Smart Wait Function is triggered

2021-11-18 11:54:01 - [MESSAGE][INFO] - Found 1 web elements with id: 'Object Repository/Sayfalar/Yetki_Yonetimi/Rol_Departman_Tanimlama/Kaydet' located by 'By.xpath: //*[@id = 'btnSaveRoleAndDepartmentMatch_CD']' in '30' second(s)

2021-11-18 11:54:01 - [MESSAGE][INFO] - Clicking on object: 'Object Repository/Sayfalar/Yetki_Yonetimi/Rol_Departman_Tanimlama/Kaydet'

2021-11-18 11:54:01 - [MESSAGE][PASSED] - Object: 'Object Repository/Sayfalar/Yetki_Yonetimi/Rol_Departman_Tanimlama/Kaydet' is clicked on

2021-11-18 11:54:01 - [TEST_STEP][PASSED] - waitForElementClickable(findTestObject("Object Repository/Popup/Popup_Butons"), 10): Object 'Object Repository/Popup/Popup_Butons' is clickable

2021-11-18 11:54:01 - [MESSAGE][INFO] - Finding Test Object 'Object Repository/Popup/Popup_Butons'

2021-11-18 11:54:02 - [MESSAGE][INFO] - Checking object

2021-11-18 11:54:02 - [MESSAGE][INFO] - Checking timeout

2021-11-18 11:54:02 - [MESSAGE][INFO] - Finding web element from Test Object's properties

2021-11-18 11:54:02 - [MESSAGE][INFO] - Checking timeout

2021-11-18 11:54:02 - [MESSAGE][INFO] - Finding web element with id: 'Object Repository/Popup/Popup_Butons' located by 'By.cssSelector: .modal-footer>button' in '10' second(s)

2021-11-18 11:54:02 - [MESSAGE][INFO] - Smart Wait Function is triggered

2021-11-18 11:54:02 - [MESSAGE][INFO] - Smart Wait Function is triggered

2021-11-18 11:54:02 - [MESSAGE][INFO] - Found 1 web elements with id: 'Object Repository/Popup/Popup_Butons' located by 'By.cssSelector: .modal-footer>button' in '10' second(s)

2021-11-18 11:54:02 - [MESSAGE][PASSED] - Object 'Object Repository/Popup/Popup_Butons' is clickable

2021-11-18 11:54:02 - [TEST_STEP][PASSED] - callTestCase(findTestCase("Popup/PopupMesajiIceriyorMu"), ["Mesaj":"Kullanıcı tanımları başarıyla kaydedilmiştir"], STOP_ON_FAILURE): Call Test Case 'Test Cases/Popup/PopupMesajiIceriyorMu' successfully

2021-11-18 11:54:02 - [MESSAGE][INFO] - Checking called Test Case

2021-11-18 11:54:02 - [MESSAGE][INFO] - Starting to call Test Case 'Test Cases/Popup/PopupMesajiIceriyorMu'

2021-11-18 11:54:02 - [TEST_CASE][PASSED] - Test Cases/Popup/PopupMesajiIceriyorMu: Test Cases/Popup/PopupMesajiIceriyorMu

2021-11-18 11:54:02 - [TEST_STEP][PASSED] - waitForElementVisible(findTestObject("Popup/Popup"), 10): Object 'Object Repository/Popup/Popup' is visible

2021-11-18 11:54:02 - [MESSAGE][INFO] - Finding Test Object 'Object Repository/Popup/Popup'

2021-11-18 11:54:02 - [MESSAGE][INFO] - Checking object

2021-11-18 11:54:02 - [MESSAGE][INFO] - Checking timeout

2021-11-18 11:54:02 - [MESSAGE][INFO] - Finding web element from Test Object's properties

2021-11-18 11:54:02 - [MESSAGE][INFO] - Checking timeout

2021-11-18 11:54:02 - [MESSAGE][INFO] - Finding web element with id: 'Object Repository/Popup/Popup' located by 'By.cssSelector: .bootbox-body' in '10' second(s)

2021-11-18 11:54:02 - [MESSAGE][INFO] - Smart Wait Function is triggered

2021-11-18 11:54:02 - [MESSAGE][INFO] - Found 1 web elements with id: 'Object Repository/Popup/Popup' located by 'By.cssSelector: .bootbox-body' in '10' second(s)

2021-11-18 11:54:02 - [MESSAGE][PASSED] - Object 'Object Repository/Popup/Popup' is visible

2021-11-18 11:54:02 - [TEST_STEP][PASSED] - if (!(getText(findTestObject("Popup/Popup")).contains(Mesaj))): Text of object 'Object Repository/Popup/Popup' is: 'Kullanıcı tanımları başarıyla kaydedilmiştir.'

2021-11-18 11:54:02 - [MESSAGE][INFO] - Finding Test Object 'Object Repository/Popup/Popup'

2021-11-18 11:54:02 - [MESSAGE][INFO] - Checking object

2021-11-18 11:54:02 - [MESSAGE][INFO] - Finding web element from Test Object's properties

2021-11-18 11:54:02 - [MESSAGE][INFO] - Checking timeout

2021-11-18 11:54:02 - [MESSAGE][INFO] - Finding web element with id: 'Object Repository/Popup/Popup' located by 'By.cssSelector: .bootbox-body' in '30' second(s)

2021-11-18 11:54:02 - [MESSAGE][INFO] - Smart Wait Function is triggered

2021-11-18 11:54:02 - [MESSAGE][INFO] - Found 1 web elements with id: 'Object Repository/Popup/Popup' located by 'By.cssSelector: .bootbox-body' in '30' second(s)

2021-11-18 11:54:02 - [MESSAGE][INFO] - Getting text of object 'Object Repository/Popup/Popup'

2021-11-18 11:54:02 - [MESSAGE][PASSED] - Text of object 'Object Repository/Popup/Popup' is: 'Kullanıcı tanımları başarıyla kaydedilmiştir.'

2021-11-18 11:54:02 - [TEST_STEP][PASSED] - RaporNo = getText(findTestObject("Popup/Popup")).substring(0, 6): Text of object 'Object Repository/Popup/Popup' is: 'Kullanıcı tanımları başarıyla kaydedilmiştir.'

2021-11-18 11:54:02 - [MESSAGE][INFO] - Finding Test Object 'Object Repository/Popup/Popup'

2021-11-18 11:54:02 - [MESSAGE][INFO] - Checking object

2021-11-18 11:54:02 - [MESSAGE][INFO] - Finding web element from Test Object's properties

2021-11-18 11:54:02 - [MESSAGE][INFO] - Checking timeout

2021-11-18 11:54:02 - [MESSAGE][INFO] - Finding web element with id: 'Object Repository/Popup/Popup' located by 'By.cssSelector: .bootbox-body' in '30' second(s)

2021-11-18 11:54:02 - [MESSAGE][INFO] - Smart Wait Function is triggered

2021-11-18 11:54:02 - [MESSAGE][INFO] - Found 1 web elements with id: 'Object Repository/Popup/Popup' located by 'By.cssSelector: .bootbox-body' in '30' second(s)

2021-11-18 11:54:02 - [MESSAGE][INFO] - Getting text of object 'Object Repository/Popup/Popup'

2021-11-18 11:54:02 - [MESSAGE][PASSED] - Text of object 'Object Repository/Popup/Popup' is: 'Kullanıcı tanımları başarıyla kaydedilmiştir.'

2021-11-18 11:54:02 - [TEST_STEP][PASSED] - Console.println(RaporNo): null

2021-11-18 11:54:02 - [MESSAGE][PASSED] - Call Test Case 'Test Cases/Popup/PopupMesajiIceriyorMu' successfully

2021-11-18 11:54:02 - [TEST_STEP][PASSED] - callTestCase(findTestCase("Popup/PopupButonSecilir"), ["Buton":"Tamam"], STOP_ON_FAILURE): Call Test Case 'Test Cases/Popup/PopupButonSecilir' successfully

2021-11-18 11:54:02 - [MESSAGE][INFO] - Checking called Test Case

2021-11-18 11:54:02 - [MESSAGE][INFO] - Starting to call Test Case 'Test Cases/Popup/PopupButonSecilir'

2021-11-18 11:54:02 - [TEST_CASE][PASSED] - Test Cases/Popup/PopupButonSecilir: Test Cases/Popup/PopupButonSecilir

2021-11-18 11:54:02 - [TEST_STEP][PASSED] - Method.TextDegerineEsitElementeTikla(findTestObject("Popup/Popup_Butons"), Buton): Method.TextDegerineEsitElementeTikla is PASSED

2021-11-18 11:54:02 - [MESSAGE][INFO] - Finding Test Object 'Object Repository/Popup/Popup_Butons'

2021-11-18 11:54:02 - [MESSAGE][INFO] - Checking timeout

2021-11-18 11:54:02 - [MESSAGE][INFO] - Finding web element with id: 'Object Repository/Popup/Popup_Butons' located by 'By.cssSelector: .modal-footer>button' in '10' second(s)

2021-11-18 11:54:02 - [MESSAGE][INFO] - Smart Wait Function is triggered

2021-11-18 11:54:02 - [MESSAGE][INFO] - Found 1 web elements with id: 'Object Repository/Popup/Popup_Butons' located by 'By.cssSelector: .modal-footer>button' in '10' second(s)

2021-11-18 11:54:03 - [MESSAGE][PASSED] - Method.TextDegerineEsitElementeTikla is PASSED

2021-11-18 11:54:03 - [MESSAGE][PASSED] - Call Test Case 'Test Cases/Popup/PopupButonSecilir' successfully

2021-11-18 11:54:03 - [TEST_STEP][PASSED] - switchToDefaultContent(): Switching to default content

2021-11-18 11:54:03 - [MESSAGE][INFO] - Switching to default content

2021-11-18 11:54:03 - [MESSAGE][PASSED] - Call Test Case 'Test Cases/Sayfalar/Yetki_Yonetimi/RolveDepartmanTanimlamayiKaydet' successfully

2021-11-18 11:54:03 - [MESSAGE][INFO] - Checking called Test Case

2021-11-18 11:54:03 - [MESSAGE][INFO] - Starting to call Test Case 'Test Cases/Kullanici_Islemleri/KullaniciIslemlerindenSecimYapilir'

2021-11-18 11:54:03 - [TEST_CASE][PASSED] - Test Cases/Kullanici_Islemleri/KullaniciIslemlerindenSecimYapilir: Test Cases/Kullanici_Islemleri/KullaniciIslemlerindenSecimYapilir

2021-11-18 11:54:03 - [TEST_STEP][PASSED] - waitForElementClickable(findTestObject("Object Repository/Kullanici_Islemleri/KullaniciIslemleri"), 10): Object 'Object Repository/Kullanici_Islemleri/KullaniciIslemleri' is clickable

2021-11-18 11:54:03 - [MESSAGE][INFO] - Finding Test Object 'Object Repository/Kullanici_Islemleri/KullaniciIslemleri'

2021-11-18 11:54:03 - [MESSAGE][INFO] - Checking object

2021-11-18 11:54:03 - [MESSAGE][INFO] - Checking timeout

2021-11-18 11:54:03 - [MESSAGE][INFO] - Finding web element from Test Object's properties

2021-11-18 11:54:03 - [MESSAGE][INFO] - Checking timeout

2021-11-18 11:54:03 - [MESSAGE][INFO] - Finding web element with id: 'Object Repository/Kullanici_Islemleri/KullaniciIslemleri' located by 'By.cssSelector: .dropdown>a>img' in '10' second(s)

2021-11-18 11:54:03 - [MESSAGE][INFO] - Smart Wait Function is triggered

2021-11-18 11:54:03 - [MESSAGE][INFO] - Found 1 web elements with id: 'Object Repository/Kullanici_Islemleri/KullaniciIslemleri' located by 'By.cssSelector: .dropdown>a>img' in '10' second(s)

2021-11-18 11:54:03 - [MESSAGE][PASSED] - Object 'Object Repository/Kullanici_Islemleri/KullaniciIslemleri' is clickable

2021-11-18 11:54:03 - [TEST_STEP][PASSED] - click(findTestObject("Object Repository/Kullanici_Islemleri/KullaniciIslemleri")): Object: 'Object Repository/Kullanici_Islemleri/KullaniciIslemleri' is clicked on

2021-11-18 11:54:03 - [MESSAGE][INFO] - Finding Test Object 'Object Repository/Kullanici_Islemleri/KullaniciIslemleri'

2021-11-18 11:54:03 - [MESSAGE][INFO] - Checking object

2021-11-18 11:54:03 - [MESSAGE][INFO] - Finding web element from Test Object's properties

2021-11-18 11:54:03 - [MESSAGE][INFO] - Checking timeout

2021-11-18 11:54:03 - [MESSAGE][INFO] - Finding web element with id: 'Object Repository/Kullanici_Islemleri/KullaniciIslemleri' located by 'By.cssSelector: .dropdown>a>img' in '30' second(s)

2021-11-18 11:54:03 - [MESSAGE][INFO] - Smart Wait Function is triggered

2021-11-18 11:54:03 - [MESSAGE][INFO] - Found 1 web elements with id: 'Object Repository/Kullanici_Islemleri/KullaniciIslemleri' located by 'By.cssSelector: .dropdown>a>img' in '30' second(s)

2021-11-18 11:54:03 - [MESSAGE][INFO] - Clicking on object: 'Object Repository/Kullanici_Islemleri/KullaniciIslemleri'

2021-11-18 11:54:03 - [MESSAGE][PASSED] - Object: 'Object Repository/Kullanici_Islemleri/KullaniciIslemleri' is clicked on

2021-11-18 11:54:03 - [TEST_STEP][PASSED] - Method.TextDegerineEsitElementeTikla(findTestObject("Object Repository/Kullanici_Islemleri/Secenekler"), Islem): Method.TextDegerineEsitElementeTikla is PASSED

2021-11-18 11:54:03 - [MESSAGE][INFO] - Finding Test Object 'Object Repository/Kullanici_Islemleri/Secenekler'

2021-11-18 11:54:04 - [MESSAGE][INFO] - Checking timeout

2021-11-18 11:54:04 - [MESSAGE][INFO] - Finding web element with id: 'Object Repository/Kullanici_Islemleri/Secenekler' located by 'By.cssSelector: .nav.navbar-nav.navbar-right li a' in '10' second(s)

2021-11-18 11:54:04 - [MESSAGE][INFO] - Smart Wait Function is triggered

2021-11-18 11:54:04 - [MESSAGE][INFO] - Found 22 web elements with id: 'Object Repository/Kullanici_Islemleri/Secenekler' located by 'By.cssSelector: .nav.navbar-nav.navbar-right li a' in '10' second(s)

2021-11-18 11:54:05 - [MESSAGE][PASSED] - Method.TextDegerineEsitElementeTikla is PASSED

2021-11-18 11:54:05 - [TEST_STEP][PASSED] - verifyElementNotPresent(findTestObject("Object Repository/Kullanici_Islemleri/Secenekler"), 10): Web element with id: 'Object Repository/Kullanici_Islemleri/Secenekler' located by 'By.cssSelector: .nav.navbar-nav.navbar-right li a' is not present after '10' second(s)

2021-11-18 11:54:05 - [MESSAGE][INFO] - Finding Test Object 'Object Repository/Kullanici_Islemleri/Secenekler'

2021-11-18 11:54:05 - [MESSAGE][INFO] - Checking object

2021-11-18 11:54:05 - [MESSAGE][INFO] - Checking timeout

2021-11-18 11:54:05 - [MESSAGE][INFO] - Finding web element with id: 'Object Repository/Kullanici_Islemleri/Secenekler' located by 'By.cssSelector: .nav.navbar-nav.navbar-right li a' in '10' second(s)

2021-11-18 11:54:05 - [MESSAGE][INFO] - Smart Wait Function is triggered

2021-11-18 11:54:06 - [MESSAGE][PASSED] - Web element with id: 'Object Repository/Kullanici_Islemleri/Secenekler' located by 'By.cssSelector: .nav.navbar-nav.navbar-right li a' is not present after '10' second(s)

2021-11-18 11:54:06 - [MESSAGE][PASSED] - Call Test Case 'Test Cases/Kullanici_Islemleri/KullaniciIslemlerindenSecimYapilir' successfully

2021-11-18 11:54:06 - [TEST_CASE][PASSED] - Start Test Case : SCENARIO Departman ve Rol tanimlama: SCENARIO Departman ve Rol tanimlama

2021-11-18 11:54:06 - [TEST_STEP][PASSED] - Kullanıcı adı ELOGO6 ve Şifre 123456 olarak giriş yapılır: Kullanıcı adı ELOGO6 ve Şifre 123456 olarak giriş yapılır

2021-11-18 11:54:06 - [MESSAGE][PASSED] - Kullanıcı adı ELOGO6 ve Şifre 123456 olarak giriş yapılır

2021-11-18 11:54:06 - [TEST_STEP][PASSED] - Ana menüden Firma Yönetimi seçilir: Ana menüden Firma Yönetimi seçilir

2021-11-18 11:54:06 - [MESSAGE][PASSED] - Ana menüden Firma Yönetimi seçilir

2021-11-18 11:54:06 - [TEST_STEP][PASSED] - Alt menüden Yetki Yönetimi seçilir: Alt menüden Yetki Yönetimi seçilir

2021-11-18 11:54:06 - [MESSAGE][PASSED] - Alt menüden Yetki Yönetimi seçilir

2021-11-18 11:54:06 - [TEST_STEP][PASSED] - Filtre butonlarından Listele seçilir: Filtre butonlarından Listele seçilir

2021-11-18 11:54:06 - [MESSAGE][PASSED] - Filtre butonlarından Listele seçilir

2021-11-18 11:54:06 - [TEST_STEP][PASSED] - Tabloda veri var mı kontrol edilir: Tabloda veri var mı kontrol edilir

2021-11-18 11:54:06 - [MESSAGE][PASSED] - Tabloda veri var mı kontrol edilir

2021-11-18 11:54:06 - [TEST_STEP][PASSED] - Tablodan VirgosolKullanici isimli veri seçilir: Tablodan VirgosolKullanici isimli veri seçilir

2021-11-18 11:54:06 - [MESSAGE][PASSED] - Tablodan VirgosolKullanici isimli veri seçilir

2021-11-18 11:54:06 - [TEST_STEP][PASSED] - Butonlardan Rol ve Departman Tanımla isimli butona tıklanır: Butonlardan Rol ve Departman Tanımla isimli butona tıklanır

2021-11-18 11:54:06 - [MESSAGE][PASSED] - Butonlardan Rol ve Departman Tanımla isimli butona tıklanır

2021-11-18 11:54:06 - [TEST_STEP][PASSED] - Firma kodu ELOGO6 olan firma seçilir: Firma kodu ELOGO6 olan firma seçilir

2021-11-18 11:54:06 - [MESSAGE][PASSED] - Firma kodu ELOGO6 olan firma seçilir

2021-11-18 11:54:06 - [TEST_STEP][PASSED] - Kullanıcının departmanı brk olarak seçilir: Kullanıcının departmanı brk olarak seçilir

2021-11-18 11:54:06 - [MESSAGE][PASSED] - Kullanıcının departmanı brk olarak seçilir

2021-11-18 11:54:06 - [TEST_STEP][PASSED] - Kullanıcın rolü brk olarak secilir: Kullanıcın rolü brk olarak secilir

2021-11-18 11:54:06 - [MESSAGE][PASSED] - Kullanıcın rolü brk olarak secilir

2021-11-18 11:54:06 - [TEST_STEP][PASSED] - Rol ve Departman tanımlama kaydedilir: Rol ve Departman tanımlama kaydedilir

2021-11-18 11:54:06 - [MESSAGE][PASSED] - Rol ve Departman tanımlama kaydedilir

2021-11-18 11:54:06 - [TEST_STEP][PASSED] - Kullanıcı işlemlerinden Çıkış seçilir: Kullanıcı işlemlerinden Çıkış seçilir

2021-11-18 11:54:06 - [MESSAGE][PASSED] - Kullanıcı işlemlerinden Çıkış seçilir

2021-11-18 11:54:06 - [MESSAGE][PASSED] - Feature file: 'Include/features/Firma Yonetimi/Yetki Yonetimi/Kullanici Tanimlari/Rol ve Departman Tanimla.feature' was passed

2021-11-18 11:54:06 - [TEST_STEP][PASSED] - Start listener action : sampleAfterTestSuite: Invoke 'com.kms.katalon.core.annotation.AfterTestCase' method: 'Listener.sampleAfterTestSuite(...)' completed.

2021-11-18 11:54:06 - [MESSAGE][INFO] - Starting invoke 'com.kms.katalon.core.annotation.AfterTestCase' method: 'Listener.sampleAfterTestSuite(...)'

2021-11-18 11:54:06 - [TEST_STEP][PASSED] - closeBrowser(): Invoke 'com.kms.katalon.core.annotation.AfterTestCase' method: 'Listener.sampleAfterTestSuite(...)' completed.

2021-11-18 11:54:06 - [MESSAGE][INFO] - Closing browser

2021-11-18 11:54:06 - [MESSAGE][PASSED] - Browser is closed

2021-11-18 11:54:06 - [MESSAGE][INFO] - Invoke 'com.kms.katalon.core.annotation.AfterTestCase' method: 'Listener.sampleAfterTestSuite(...)' completed.]]></system-out>
         <system-err><![CDATA[]]></system-err>
      </testcase>
      <testcase name="Test Cases/Case Repository/Firma Yonetimi/Yetki Yonetimi/Kullanici Tanimlari/Sil" time="34.236" classname="Test Cases/Case Repository/Firma Yonetimi/Yetki Yonetimi/Kullanici Tanimlari/Sil" status="PASSED">
         <system-out><![CDATA[2021-11-18 11:54:06 - [TEST_CASE][PASSED] - Test Cases/Case Repository/Firma Yonetimi/Yetki Yonetimi/Kullanici Tanimlari/Sil: Test Cases/Case Repository/Firma Yonetimi/Yetki Yonetimi/Kullanici Tanimlari/Sil

2021-11-18 11:54:06 - [TEST_STEP][PASSED] - Start listener action : sampleBeforeTestSuite: Invoke 'com.kms.katalon.core.annotation.BeforeTestCase' method: 'Listener.sampleBeforeTestSuite(...)' completed.

2021-11-18 11:54:06 - [MESSAGE][INFO] - Starting invoke 'com.kms.katalon.core.annotation.BeforeTestCase' method: 'Listener.sampleBeforeTestSuite(...)'

2021-11-18 11:54:06 - [TEST_STEP][PASSED] - openBrowser(baseUrl): Browser is opened with url: 'https://efatura-stage.elogo.com.tr/'

2021-11-18 11:54:06 - [MESSAGE][INFO] - Opening browser

2021-11-18 11:54:06 - [MESSAGE][INFO] - Starting 'Chrome' driver

2021-11-18 11:54:06 - [MESSAGE][INFO] - User set preference: ['prefs', '{download.default_directory=C:\otomasyondownfiles}']

2021-11-18 11:54:06 - [MESSAGE][INFO] - Action delay is set to 0 milliseconds

2021-11-18 11:54:08 - [MESSAGE][INFO] - Navigating browser to: 'https://efatura-stage.elogo.com.tr/'

2021-11-18 11:54:10 - [MESSAGE][PASSED] - Browser is opened with url: 'https://efatura-stage.elogo.com.tr/'

2021-11-18 11:54:10 - [TEST_STEP][PASSED] - maximizeWindow(): Invoke 'com.kms.katalon.core.annotation.BeforeTestCase' method: 'Listener.sampleBeforeTestSuite(...)' completed.

2021-11-18 11:54:10 - [MESSAGE][INFO] - Maximizing current window

2021-11-18 11:54:10 - [MESSAGE][PASSED] - Current window maximized

2021-11-18 11:54:10 - [MESSAGE][INFO] - Invoke 'com.kms.katalon.core.annotation.BeforeTestCase' method: 'Listener.sampleBeforeTestSuite(...)' completed.

2021-11-18 11:54:11 - [TEST_STEP][PASSED] - runFeatureFile("Include/features/Firma Yonetimi/Yetki Yonetimi/Kullanici Tanimlari/Sil.feature"): Feature file: 'Include/features/Firma Yonetimi/Yetki Yonetimi/Kullanici Tanimlari/Sil.feature' was passed

2021-11-18 11:54:11 - [MESSAGE][INFO] - Starting run keyword runFeatureFile: 'Include/features/Firma Yonetimi/Yetki Yonetimi/Kullanici Tanimlari/Sil.feature' and extract report to folder: 'C:\Users\DELL\Documents\GitHub\EES_KatalonLogo\Reports\20211118_110909\Suite Repository\Firma_Yonetimi\20211118_111017/cucumber_report/1637225651257'...

2021-11-18 11:54:11 - [MESSAGE][INFO] - Glue: []

2021-11-18 11:54:13 - [MESSAGE][INFO] - Checking called Test Case

2021-11-18 11:54:13 - [MESSAGE][INFO] - Starting to call Test Case 'Test Cases/Sayfalar/Giris_Sayfasi/Login'

2021-11-18 11:54:13 - [TEST_CASE][PASSED] - Test Cases/Sayfalar/Giris_Sayfasi/Login: Test Cases/Sayfalar/Giris_Sayfasi/Login

2021-11-18 11:54:13 - [TEST_STEP][PASSED] - Sayfa_Basligi = getWindowTitle(): Current window's title is: 'LOGO e-Fatura'

2021-11-18 11:54:13 - [MESSAGE][INFO] - Getting current window's title

2021-11-18 11:54:13 - [MESSAGE][PASSED] - Current window's title is: 'LOGO e-Fatura'

2021-11-18 11:54:13 - [TEST_STEP][PASSED] - verifyMatch(Sayfa_Basligi, "LOGO e-Fatura", false): Actual text 'LOGO e-Fatura' and expected text 'LOGO e-Fatura' are matched 

2021-11-18 11:54:13 - [MESSAGE][INFO] - Matching actual text 'LOGO e-Fatura' with expected text 'LOGO e-Fatura'

2021-11-18 11:54:13 - [MESSAGE][PASSED] - Actual text 'LOGO e-Fatura' and expected text 'LOGO e-Fatura' are matched 

2021-11-18 11:54:13 - [TEST_STEP][PASSED] - sendKeys(findTestObject("Sayfalar/Giris_Sayfasi/Firma_Kodu"), KullaniciAdi): Keys 'ELOGO6' sent to object: 'Object Repository/Sayfalar/Giris_Sayfasi/Firma_Kodu'

2021-11-18 11:54:13 - [MESSAGE][INFO] - Finding Test Object 'Object Repository/Sayfalar/Giris_Sayfasi/Firma_Kodu'

2021-11-18 11:54:13 - [MESSAGE][INFO] - Sending keys 'ELOGO6' to object: 'Object Repository/Sayfalar/Giris_Sayfasi/Firma_Kodu'

2021-11-18 11:54:13 - [MESSAGE][INFO] - Finding web element from Test Object's properties

2021-11-18 11:54:13 - [MESSAGE][INFO] - Checking timeout

2021-11-18 11:54:13 - [MESSAGE][INFO] - Finding web element with id: 'Object Repository/Sayfalar/Giris_Sayfasi/Firma_Kodu' located by 'By.xpath: //*[@id = 'AccountName']' in '30' second(s)

2021-11-18 11:54:13 - [MESSAGE][INFO] - Smart Wait Function is triggered

2021-11-18 11:54:13 - [MESSAGE][INFO] - Found 1 web elements with id: 'Object Repository/Sayfalar/Giris_Sayfasi/Firma_Kodu' located by 'By.xpath: //*[@id = 'AccountName']' in '30' second(s)

2021-11-18 11:54:13 - [MESSAGE][PASSED] - Keys 'ELOGO6' sent to object: 'Object Repository/Sayfalar/Giris_Sayfasi/Firma_Kodu'

2021-11-18 11:54:13 - [TEST_STEP][PASSED] - sendKeys(findTestObject("Sayfalar/Giris_Sayfasi/Sifre"), Sifre): Keys '123456' sent to object: 'Object Repository/Sayfalar/Giris_Sayfasi/Sifre'

2021-11-18 11:54:13 - [MESSAGE][INFO] - Finding Test Object 'Object Repository/Sayfalar/Giris_Sayfasi/Sifre'

2021-11-18 11:54:13 - [MESSAGE][INFO] - Sending keys '123456' to object: 'Object Repository/Sayfalar/Giris_Sayfasi/Sifre'

2021-11-18 11:54:13 - [MESSAGE][INFO] - Finding web element from Test Object's properties

2021-11-18 11:54:13 - [MESSAGE][INFO] - Checking timeout

2021-11-18 11:54:13 - [MESSAGE][INFO] - Finding web element with id: 'Object Repository/Sayfalar/Giris_Sayfasi/Sifre' located by 'By.xpath: //*[@id = 'Password']' in '30' second(s)

2021-11-18 11:54:13 - [MESSAGE][INFO] - Smart Wait Function is triggered

2021-11-18 11:54:14 - [MESSAGE][INFO] - Found 1 web elements with id: 'Object Repository/Sayfalar/Giris_Sayfasi/Sifre' located by 'By.xpath: //*[@id = 'Password']' in '30' second(s)

2021-11-18 11:54:14 - [MESSAGE][PASSED] - Keys '123456' sent to object: 'Object Repository/Sayfalar/Giris_Sayfasi/Sifre'

2021-11-18 11:54:14 - [TEST_STEP][PASSED] - findWebElement(findTestObject("Sayfalar/Giris_Sayfasi/Giris_Butonu")).click(): Found 1 web elements with id: 'Object Repository/Sayfalar/Giris_Sayfasi/Giris_Butonu' located by 'By.cssSelector: #btnLogin' in '30' second(s)

2021-11-18 11:54:14 - [MESSAGE][INFO] - Finding Test Object 'Object Repository/Sayfalar/Giris_Sayfasi/Giris_Butonu'

2021-11-18 11:54:14 - [MESSAGE][INFO] - Finding web element from Test Object's properties

2021-11-18 11:54:14 - [MESSAGE][INFO] - Checking timeout

2021-11-18 11:54:14 - [MESSAGE][INFO] - Finding web element with id: 'Object Repository/Sayfalar/Giris_Sayfasi/Giris_Butonu' located by 'By.cssSelector: #btnLogin' in '30' second(s)

2021-11-18 11:54:14 - [MESSAGE][INFO] - Smart Wait Function is triggered

2021-11-18 11:54:14 - [MESSAGE][INFO] - Found 1 web elements with id: 'Object Repository/Sayfalar/Giris_Sayfasi/Giris_Butonu' located by 'By.cssSelector: #btnLogin' in '30' second(s)

2021-11-18 11:54:18 - [TEST_STEP][PASSED] - if (verifyElementPresent(findTestObject("Object Repository/Sayfalar/Giris_Sayfasi/RetveTamam_Butonu"), 5, OPTIONAL)): null

2021-11-18 11:54:18 - [MESSAGE][INFO] - Finding Test Object 'Object Repository/Sayfalar/Giris_Sayfasi/RetveTamam_Butonu'

2021-11-18 11:54:18 - [MESSAGE][INFO] - Checking object

2021-11-18 11:54:18 - [MESSAGE][INFO] - Finding web element from Test Object's properties

2021-11-18 11:54:18 - [MESSAGE][INFO] - Checking timeout

2021-11-18 11:54:18 - [MESSAGE][INFO] - Finding web element with id: 'Object Repository/Sayfalar/Giris_Sayfasi/RetveTamam_Butonu' located by 'By.xpath: //*[@class = 'btn btn-default']' in '5' second(s)

2021-11-18 11:54:18 - [MESSAGE][INFO] - Smart Wait Function is triggered

2021-11-18 11:54:18 - [MESSAGE][INFO] - Found 1 web elements with id: 'Object Repository/Sayfalar/Giris_Sayfasi/RetveTamam_Butonu' located by 'By.xpath: //*[@class = 'btn btn-default']' in '5' second(s)

2021-11-18 11:54:18 - [MESSAGE][PASSED] - Object 'Object Repository/Sayfalar/Giris_Sayfasi/RetveTamam_Butonu' is present

2021-11-18 11:54:18 - [TEST_STEP][PASSED] - click(findTestObject("Object Repository/Sayfalar/Giris_Sayfasi/RetveTamam_Butonu")): Object: 'Object Repository/Sayfalar/Giris_Sayfasi/RetveTamam_Butonu' is clicked on

2021-11-18 11:54:18 - [MESSAGE][INFO] - Finding Test Object 'Object Repository/Sayfalar/Giris_Sayfasi/RetveTamam_Butonu'

2021-11-18 11:54:18 - [MESSAGE][INFO] - Checking object

2021-11-18 11:54:18 - [MESSAGE][INFO] - Finding web element from Test Object's properties

2021-11-18 11:54:18 - [MESSAGE][INFO] - Checking timeout

2021-11-18 11:54:18 - [MESSAGE][INFO] - Finding web element with id: 'Object Repository/Sayfalar/Giris_Sayfasi/RetveTamam_Butonu' located by 'By.xpath: //*[@class = 'btn btn-default']' in '30' second(s)

2021-11-18 11:54:18 - [MESSAGE][INFO] - Smart Wait Function is triggered

2021-11-18 11:54:18 - [MESSAGE][INFO] - Found 1 web elements with id: 'Object Repository/Sayfalar/Giris_Sayfasi/RetveTamam_Butonu' located by 'By.xpath: //*[@class = 'btn btn-default']' in '30' second(s)

2021-11-18 11:54:18 - [MESSAGE][INFO] - Clicking on object: 'Object Repository/Sayfalar/Giris_Sayfasi/RetveTamam_Butonu'

2021-11-18 11:54:18 - [MESSAGE][PASSED] - Object: 'Object Repository/Sayfalar/Giris_Sayfasi/RetveTamam_Butonu' is clicked on

2021-11-18 11:54:18 - [TEST_STEP][PASSED] - click(findTestObject("Object Repository/Sayfalar/Giris_Sayfasi/RetveTamam_Butonu")): Object: 'Object Repository/Sayfalar/Giris_Sayfasi/RetveTamam_Butonu' is clicked on

2021-11-18 11:54:18 - [MESSAGE][INFO] - Finding Test Object 'Object Repository/Sayfalar/Giris_Sayfasi/RetveTamam_Butonu'

2021-11-18 11:54:19 - [MESSAGE][INFO] - Checking object

2021-11-18 11:54:19 - [MESSAGE][INFO] - Finding web element from Test Object's properties

2021-11-18 11:54:19 - [MESSAGE][INFO] - Checking timeout

2021-11-18 11:54:19 - [MESSAGE][INFO] - Finding web element with id: 'Object Repository/Sayfalar/Giris_Sayfasi/RetveTamam_Butonu' located by 'By.xpath: //*[@class = 'btn btn-default']' in '30' second(s)

2021-11-18 11:54:19 - [MESSAGE][INFO] - Smart Wait Function is triggered

2021-11-18 11:54:25 - [MESSAGE][INFO] - Found 1 web elements with id: 'Object Repository/Sayfalar/Giris_Sayfasi/RetveTamam_Butonu' located by 'By.xpath: //*[@class = 'btn btn-default']' in '30' second(s)

2021-11-18 11:54:25 - [MESSAGE][INFO] - Clicking on object: 'Object Repository/Sayfalar/Giris_Sayfasi/RetveTamam_Butonu'

2021-11-18 11:54:25 - [MESSAGE][PASSED] - Object: 'Object Repository/Sayfalar/Giris_Sayfasi/RetveTamam_Butonu' is clicked on

2021-11-18 11:54:25 - [TEST_STEP][PASSED] - if (verifyElementPresent(findTestObject("Sayfalar/Giris_Sayfasi/PopupOK"), 5, OPTIONAL)): null

2021-11-18 11:54:25 - [MESSAGE][INFO] - Finding Test Object 'Object Repository/Sayfalar/Giris_Sayfasi/PopupOK'

2021-11-18 11:54:25 - [MESSAGE][INFO] - Checking object

2021-11-18 11:54:25 - [MESSAGE][INFO] - Finding web element from Test Object's properties

2021-11-18 11:54:25 - [MESSAGE][INFO] - Checking timeout

2021-11-18 11:54:25 - [MESSAGE][INFO] - Finding web element with id: 'Object Repository/Sayfalar/Giris_Sayfasi/PopupOK' located by 'By.cssSelector: .btn.btn-success' in '5' second(s)

2021-11-18 11:54:25 - [MESSAGE][INFO] - Smart Wait Function is triggered

2021-11-18 11:54:26 - [MESSAGE][INFO] - Found 1 web elements with id: 'Object Repository/Sayfalar/Giris_Sayfasi/PopupOK' located by 'By.cssSelector: .btn.btn-success' in '5' second(s)

2021-11-18 11:54:26 - [MESSAGE][PASSED] - Object 'Object Repository/Sayfalar/Giris_Sayfasi/PopupOK' is present

2021-11-18 11:54:26 - [TEST_STEP][PASSED] - click(findTestObject("Object Repository/Sayfalar/Giris_Sayfasi/PopupCarpiGiris")): Object: 'Object Repository/Sayfalar/Giris_Sayfasi/PopupCarpiGiris' is clicked on

2021-11-18 11:54:26 - [MESSAGE][INFO] - Finding Test Object 'Object Repository/Sayfalar/Giris_Sayfasi/PopupCarpiGiris'

2021-11-18 11:54:26 - [MESSAGE][INFO] - Checking object

2021-11-18 11:54:26 - [MESSAGE][INFO] - Finding web element from Test Object's properties

2021-11-18 11:54:26 - [MESSAGE][INFO] - Checking timeout

2021-11-18 11:54:26 - [MESSAGE][INFO] - Finding web element with id: 'Object Repository/Sayfalar/Giris_Sayfasi/PopupCarpiGiris' located by 'By.cssSelector: .bootbox-close-button.close' in '30' second(s)

2021-11-18 11:54:26 - [MESSAGE][INFO] - Smart Wait Function is triggered

2021-11-18 11:54:26 - [MESSAGE][INFO] - Found 1 web elements with id: 'Object Repository/Sayfalar/Giris_Sayfasi/PopupCarpiGiris' located by 'By.cssSelector: .bootbox-close-button.close' in '30' second(s)

2021-11-18 11:54:26 - [MESSAGE][INFO] - Clicking on object: 'Object Repository/Sayfalar/Giris_Sayfasi/PopupCarpiGiris'

2021-11-18 11:54:27 - [MESSAGE][PASSED] - Object: 'Object Repository/Sayfalar/Giris_Sayfasi/PopupCarpiGiris' is clicked on

2021-11-18 11:54:27 - [TEST_STEP][PASSED] - verifyElementVisible(findTestObject("Object Repository/Kullanici_Islemleri/KullaniciIslemleri")): Object 'Object Repository/Kullanici_Islemleri/KullaniciIslemleri' is visible

2021-11-18 11:54:27 - [MESSAGE][INFO] - Finding Test Object 'Object Repository/Kullanici_Islemleri/KullaniciIslemleri'

2021-11-18 11:54:27 - [MESSAGE][INFO] - Checking object

2021-11-18 11:54:27 - [MESSAGE][INFO] - Finding web element from Test Object's properties

2021-11-18 11:54:27 - [MESSAGE][INFO] - Checking timeout

2021-11-18 11:54:27 - [MESSAGE][INFO] - Finding web element with id: 'Object Repository/Kullanici_Islemleri/KullaniciIslemleri' located by 'By.cssSelector: .dropdown>a>img' in '30' second(s)

2021-11-18 11:54:27 - [MESSAGE][INFO] - Smart Wait Function is triggered

2021-11-18 11:54:27 - [MESSAGE][INFO] - Found 1 web elements with id: 'Object Repository/Kullanici_Islemleri/KullaniciIslemleri' located by 'By.cssSelector: .dropdown>a>img' in '30' second(s)

2021-11-18 11:54:27 - [MESSAGE][PASSED] - Object 'Object Repository/Kullanici_Islemleri/KullaniciIslemleri' is visible

2021-11-18 11:54:27 - [MESSAGE][PASSED] - Call Test Case 'Test Cases/Sayfalar/Giris_Sayfasi/Login' successfully

2021-11-18 11:54:27 - [MESSAGE][INFO] - Checking called Test Case

2021-11-18 11:54:27 - [MESSAGE][INFO] - Starting to call Test Case 'Test Cases/Menu/AnaMenuSecimi'

2021-11-18 11:54:27 - [TEST_CASE][PASSED] - Test Cases/Menu/AnaMenuSecimi: Test Cases/Menu/AnaMenuSecimi

2021-11-18 11:54:27 - [TEST_STEP][PASSED] - Method.TextDegerineEsitElementeTikla(findTestObject("Menu/Ana_Menu"), Ana_Menu): Method.TextDegerineEsitElementeTikla is PASSED

2021-11-18 11:54:27 - [MESSAGE][INFO] - Finding Test Object 'Object Repository/Menu/Ana_Menu'

2021-11-18 11:54:28 - [MESSAGE][INFO] - Checking timeout

2021-11-18 11:54:28 - [MESSAGE][INFO] - Finding web element with id: 'Object Repository/Menu/Ana_Menu' located by 'By.xpath: //*[@class = 'dropdown-toggle']' in '10' second(s)

2021-11-18 11:54:28 - [MESSAGE][INFO] - Smart Wait Function is triggered

2021-11-18 11:54:28 - [MESSAGE][INFO] - Found 14 web elements with id: 'Object Repository/Menu/Ana_Menu' located by 'By.xpath: //*[@class = 'dropdown-toggle']' in '10' second(s)

2021-11-18 11:54:28 - [MESSAGE][PASSED] - Method.TextDegerineEsitElementeTikla is PASSED

2021-11-18 11:54:28 - [MESSAGE][PASSED] - Call Test Case 'Test Cases/Menu/AnaMenuSecimi' successfully

2021-11-18 11:54:28 - [MESSAGE][INFO] - Checking called Test Case

2021-11-18 11:54:28 - [MESSAGE][INFO] - Starting to call Test Case 'Test Cases/Menu/AltMenuSecimi'

2021-11-18 11:54:28 - [TEST_CASE][PASSED] - Test Cases/Menu/AltMenuSecimi: Test Cases/Menu/AltMenuSecimi

2021-11-18 11:54:28 - [TEST_STEP][PASSED] - Method.TextDegerineEsitElementeTikla(findTestObject("Menu/Alt_Menu"), Alt_Menu): Method.TextDegerineEsitElementeTikla is PASSED

2021-11-18 11:54:28 - [MESSAGE][INFO] - Finding Test Object 'Object Repository/Menu/Alt_Menu'

2021-11-18 11:54:28 - [MESSAGE][INFO] - Checking timeout

2021-11-18 11:54:28 - [MESSAGE][INFO] - Finding web element with id: 'Object Repository/Menu/Alt_Menu' located by 'By.xpath: //li[@class='dropdown dropdown-large open']//li[@class='dropdown-element']' in '10' second(s)

2021-11-18 11:54:28 - [MESSAGE][INFO] - Smart Wait Function is triggered

2021-11-18 11:54:29 - [MESSAGE][INFO] - Found 1 web elements with id: 'Object Repository/Menu/Alt_Menu' located by 'By.xpath: //li[@class='dropdown dropdown-large open']//li[@class='dropdown-element']' in '10' second(s)

2021-11-18 11:54:31 - [MESSAGE][PASSED] - Method.TextDegerineEsitElementeTikla is PASSED

2021-11-18 11:54:31 - [MESSAGE][PASSED] - Call Test Case 'Test Cases/Menu/AltMenuSecimi' successfully

2021-11-18 11:54:31 - [MESSAGE][INFO] - Checking called Test Case

2021-11-18 11:54:31 - [MESSAGE][INFO] - Starting to call Test Case 'Test Cases/Filtreler/ButonaTikla'

2021-11-18 11:54:31 - [TEST_CASE][PASSED] - Test Cases/Filtreler/ButonaTikla: Test Cases/Filtreler/ButonaTikla

2021-11-18 11:54:31 - [TEST_STEP][PASSED] - Method.TextDegerineEsitElementeTikla(findTestObject("Filtreler/Butonlar"), Filtre_Buton): Method.TextDegerineEsitElementeTikla is PASSED

2021-11-18 11:54:31 - [MESSAGE][INFO] - Finding Test Object 'Object Repository/Filtreler/Butonlar'

2021-11-18 11:54:31 - [MESSAGE][INFO] - Checking timeout

2021-11-18 11:54:31 - [MESSAGE][INFO] - Finding web element with id: 'Object Repository/Filtreler/Butonlar' located by 'By.cssSelector: .dxb>span' in '10' second(s)

2021-11-18 11:54:31 - [MESSAGE][INFO] - Smart Wait Function is triggered

2021-11-18 11:54:31 - [MESSAGE][INFO] - Found 6 web elements with id: 'Object Repository/Filtreler/Butonlar' located by 'By.cssSelector: .dxb>span' in '10' second(s)

2021-11-18 11:54:31 - [MESSAGE][PASSED] - Method.TextDegerineEsitElementeTikla is PASSED

2021-11-18 11:54:31 - [MESSAGE][PASSED] - Call Test Case 'Test Cases/Filtreler/ButonaTikla' successfully

2021-11-18 11:54:31 - [MESSAGE][INFO] - Checking called Test Case

2021-11-18 11:54:31 - [MESSAGE][INFO] - Starting to call Test Case 'Test Cases/Tablo/TablodaVeriVarMi'

2021-11-18 11:54:32 - [TEST_CASE][PASSED] - Test Cases/Tablo/TablodaVeriVarMi: Test Cases/Tablo/TablodaVeriVarMi

2021-11-18 11:54:32 - [TEST_STEP][PASSED] - verifyTextNotPresent("Görüntülenecek veri yok", true): Text 'Görüntülenecek veri yok' is not present on page using regular expression

2021-11-18 11:54:32 - [MESSAGE][INFO] - Checking text present  using regular expression

2021-11-18 11:54:32 - [MESSAGE][INFO] - Smart Wait Function is triggered

2021-11-18 11:54:32 - [MESSAGE][INFO] - Finding text 'Görüntülenecek veri yok' on page  using regular expression

2021-11-18 11:54:32 - [MESSAGE][PASSED] - Text 'Görüntülenecek veri yok' is not present on page using regular expression

2021-11-18 11:54:32 - [MESSAGE][PASSED] - Call Test Case 'Test Cases/Tablo/TablodaVeriVarMi' successfully

2021-11-18 11:54:32 - [MESSAGE][INFO] - Checking called Test Case

2021-11-18 11:54:32 - [MESSAGE][INFO] - Starting to call Test Case 'Test Cases/Tablo/TablodanVeriSec'

2021-11-18 11:54:32 - [TEST_CASE][PASSED] - Test Cases/Tablo/TablodanVeriSec: Test Cases/Tablo/TablodanVeriSec

2021-11-18 11:54:32 - [TEST_STEP][PASSED] - Method.TextDegerineEsitElementinAltindakineTikla(findTestObject("Tablo/Veriler"), findTestObject("Tablo/VerininCheckBoxi"), Veri_Adi): Method.TextDegerineEsitElementinAltindakineTikla is PASSED

2021-11-18 11:54:32 - [MESSAGE][INFO] - Finding Test Object 'Object Repository/Tablo/Veriler'

2021-11-18 11:54:32 - [MESSAGE][INFO] - Finding Test Object 'Object Repository/Tablo/VerininCheckBoxi'

2021-11-18 11:54:32 - [MESSAGE][INFO] - Checking timeout

2021-11-18 11:54:32 - [MESSAGE][INFO] - Finding web element with id: 'Object Repository/Tablo/Veriler' located by 'By.cssSelector: td.dxgv b ,td.dxgv' in '10' second(s)

2021-11-18 11:54:32 - [MESSAGE][INFO] - Smart Wait Function is triggered

2021-11-18 11:54:33 - [MESSAGE][INFO] - Found 62 web elements with id: 'Object Repository/Tablo/Veriler' located by 'By.cssSelector: td.dxgv b ,td.dxgv' in '10' second(s)

2021-11-18 11:54:33 - [MESSAGE][INFO] - Smart Wait Function is triggered

2021-11-18 11:54:34 - [MESSAGE][PASSED] - Method.TextDegerineEsitElementinAltindakineTikla is PASSED

2021-11-18 11:54:34 - [MESSAGE][PASSED] - Call Test Case 'Test Cases/Tablo/TablodanVeriSec' successfully

2021-11-18 11:54:34 - [MESSAGE][INFO] - Checking called Test Case

2021-11-18 11:54:34 - [MESSAGE][INFO] - Starting to call Test Case 'Test Cases/Butonlar/ButonaTikla'

2021-11-18 11:54:34 - [TEST_CASE][PASSED] - Test Cases/Butonlar/ButonaTikla: Test Cases/Butonlar/ButonaTikla

2021-11-18 11:54:34 - [TEST_STEP][PASSED] - Method.TextDegerineEsitElementeTiklaEquals(findTestObject("Butonlar/Butonlar"), Buton_Adi): Method.TextDegerineEsitElementeTiklaEquals is PASSED

2021-11-18 11:54:34 - [MESSAGE][INFO] - Finding Test Object 'Object Repository/Butonlar/Butonlar'

2021-11-18 11:54:34 - [MESSAGE][INFO] - Checking timeout

2021-11-18 11:54:34 - [MESSAGE][INFO] - Finding web element with id: 'Object Repository/Butonlar/Butonlar' located by 'By.cssSelector: .panel.panel-default.text-center.footerPanel .btn,.btn.btn-primary.btnControls' in '10' second(s)

2021-11-18 11:54:34 - [MESSAGE][INFO] - Smart Wait Function is triggered

2021-11-18 11:54:34 - [MESSAGE][INFO] - Found 12 web elements with id: 'Object Repository/Butonlar/Butonlar' located by 'By.cssSelector: .panel.panel-default.text-center.footerPanel .btn,.btn.btn-primary.btnControls' in '10' second(s)

2021-11-18 11:54:34 - [MESSAGE][PASSED] - Method.TextDegerineEsitElementeTiklaEquals is PASSED

2021-11-18 11:54:34 - [MESSAGE][PASSED] - Call Test Case 'Test Cases/Butonlar/ButonaTikla' successfully

2021-11-18 11:54:34 - [MESSAGE][INFO] - Checking called Test Case

2021-11-18 11:54:34 - [MESSAGE][INFO] - Starting to call Test Case 'Test Cases/Popup/PopupButonSecilir'

2021-11-18 11:54:34 - [TEST_CASE][PASSED] - Test Cases/Popup/PopupButonSecilir: Test Cases/Popup/PopupButonSecilir

2021-11-18 11:54:34 - [TEST_STEP][PASSED] - Method.TextDegerineEsitElementeTikla(findTestObject("Popup/Popup_Butons"), Buton): Method.TextDegerineEsitElementeTikla is PASSED

2021-11-18 11:54:34 - [MESSAGE][INFO] - Finding Test Object 'Object Repository/Popup/Popup_Butons'

2021-11-18 11:54:34 - [MESSAGE][INFO] - Checking timeout

2021-11-18 11:54:34 - [MESSAGE][INFO] - Finding web element with id: 'Object Repository/Popup/Popup_Butons' located by 'By.cssSelector: .modal-footer>button' in '10' second(s)

2021-11-18 11:54:34 - [MESSAGE][INFO] - Smart Wait Function is triggered

2021-11-18 11:54:35 - [MESSAGE][INFO] - Found 2 web elements with id: 'Object Repository/Popup/Popup_Butons' located by 'By.cssSelector: .modal-footer>button' in '10' second(s)

2021-11-18 11:54:35 - [MESSAGE][PASSED] - Method.TextDegerineEsitElementeTikla is PASSED

2021-11-18 11:54:35 - [MESSAGE][PASSED] - Call Test Case 'Test Cases/Popup/PopupButonSecilir' successfully

2021-11-18 11:54:35 - [MESSAGE][INFO] - Checking called Test Case

2021-11-18 11:54:35 - [MESSAGE][INFO] - Starting to call Test Case 'Test Cases/Popup/PopupButonSecilir'

2021-11-18 11:54:35 - [TEST_CASE][PASSED] - Test Cases/Popup/PopupButonSecilir: Test Cases/Popup/PopupButonSecilir

2021-11-18 11:54:35 - [TEST_STEP][PASSED] - Method.TextDegerineEsitElementeTikla(findTestObject("Popup/Popup_Butons"), Buton): Method.TextDegerineEsitElementeTikla is PASSED

2021-11-18 11:54:35 - [MESSAGE][INFO] - Finding Test Object 'Object Repository/Popup/Popup_Butons'

2021-11-18 11:54:35 - [MESSAGE][INFO] - Checking timeout

2021-11-18 11:54:35 - [MESSAGE][INFO] - Finding web element with id: 'Object Repository/Popup/Popup_Butons' located by 'By.cssSelector: .modal-footer>button' in '10' second(s)

2021-11-18 11:54:35 - [MESSAGE][INFO] - Smart Wait Function is triggered

2021-11-18 11:54:36 - [MESSAGE][INFO] - Found 1 web elements with id: 'Object Repository/Popup/Popup_Butons' located by 'By.cssSelector: .modal-footer>button' in '10' second(s)

2021-11-18 11:54:36 - [MESSAGE][PASSED] - Method.TextDegerineEsitElementeTikla is PASSED

2021-11-18 11:54:36 - [MESSAGE][PASSED] - Call Test Case 'Test Cases/Popup/PopupButonSecilir' successfully

2021-11-18 11:54:36 - [MESSAGE][INFO] - Checking called Test Case

2021-11-18 11:54:36 - [MESSAGE][INFO] - Starting to call Test Case 'Test Cases/Kullanici_Islemleri/KullaniciIslemlerindenSecimYapilir'

2021-11-18 11:54:36 - [TEST_CASE][PASSED] - Test Cases/Kullanici_Islemleri/KullaniciIslemlerindenSecimYapilir: Test Cases/Kullanici_Islemleri/KullaniciIslemlerindenSecimYapilir

2021-11-18 11:54:36 - [TEST_STEP][PASSED] - waitForElementClickable(findTestObject("Object Repository/Kullanici_Islemleri/KullaniciIslemleri"), 10): Object 'Object Repository/Kullanici_Islemleri/KullaniciIslemleri' is clickable

2021-11-18 11:54:36 - [MESSAGE][INFO] - Finding Test Object 'Object Repository/Kullanici_Islemleri/KullaniciIslemleri'

2021-11-18 11:54:36 - [MESSAGE][INFO] - Checking object

2021-11-18 11:54:36 - [MESSAGE][INFO] - Checking timeout

2021-11-18 11:54:36 - [MESSAGE][INFO] - Finding web element from Test Object's properties

2021-11-18 11:54:36 - [MESSAGE][INFO] - Checking timeout

2021-11-18 11:54:36 - [MESSAGE][INFO] - Finding web element with id: 'Object Repository/Kullanici_Islemleri/KullaniciIslemleri' located by 'By.cssSelector: .dropdown>a>img' in '10' second(s)

2021-11-18 11:54:36 - [MESSAGE][INFO] - Smart Wait Function is triggered

2021-11-18 11:54:37 - [MESSAGE][INFO] - Found 1 web elements with id: 'Object Repository/Kullanici_Islemleri/KullaniciIslemleri' located by 'By.cssSelector: .dropdown>a>img' in '10' second(s)

2021-11-18 11:54:37 - [MESSAGE][PASSED] - Object 'Object Repository/Kullanici_Islemleri/KullaniciIslemleri' is clickable

2021-11-18 11:54:37 - [TEST_STEP][PASSED] - click(findTestObject("Object Repository/Kullanici_Islemleri/KullaniciIslemleri")): Object: 'Object Repository/Kullanici_Islemleri/KullaniciIslemleri' is clicked on

2021-11-18 11:54:37 - [MESSAGE][INFO] - Finding Test Object 'Object Repository/Kullanici_Islemleri/KullaniciIslemleri'

2021-11-18 11:54:37 - [MESSAGE][INFO] - Checking object

2021-11-18 11:54:37 - [MESSAGE][INFO] - Finding web element from Test Object's properties

2021-11-18 11:54:37 - [MESSAGE][INFO] - Checking timeout

2021-11-18 11:54:37 - [MESSAGE][INFO] - Finding web element with id: 'Object Repository/Kullanici_Islemleri/KullaniciIslemleri' located by 'By.cssSelector: .dropdown>a>img' in '30' second(s)

2021-11-18 11:54:37 - [MESSAGE][INFO] - Smart Wait Function is triggered

2021-11-18 11:54:38 - [MESSAGE][INFO] - Found 1 web elements with id: 'Object Repository/Kullanici_Islemleri/KullaniciIslemleri' located by 'By.cssSelector: .dropdown>a>img' in '30' second(s)

2021-11-18 11:54:38 - [MESSAGE][INFO] - Clicking on object: 'Object Repository/Kullanici_Islemleri/KullaniciIslemleri'

2021-11-18 11:54:38 - [MESSAGE][PASSED] - Object: 'Object Repository/Kullanici_Islemleri/KullaniciIslemleri' is clicked on

2021-11-18 11:54:38 - [TEST_STEP][PASSED] - Method.TextDegerineEsitElementeTikla(findTestObject("Object Repository/Kullanici_Islemleri/Secenekler"), Islem): Method.TextDegerineEsitElementeTikla is PASSED

2021-11-18 11:54:38 - [MESSAGE][INFO] - Finding Test Object 'Object Repository/Kullanici_Islemleri/Secenekler'

2021-11-18 11:54:38 - [MESSAGE][INFO] - Checking timeout

2021-11-18 11:54:38 - [MESSAGE][INFO] - Finding web element with id: 'Object Repository/Kullanici_Islemleri/Secenekler' located by 'By.cssSelector: .nav.navbar-nav.navbar-right li a' in '10' second(s)

2021-11-18 11:54:38 - [MESSAGE][INFO] - Smart Wait Function is triggered

2021-11-18 11:54:38 - [MESSAGE][INFO] - Found 22 web elements with id: 'Object Repository/Kullanici_Islemleri/Secenekler' located by 'By.cssSelector: .nav.navbar-nav.navbar-right li a' in '10' second(s)

2021-11-18 11:54:39 - [MESSAGE][PASSED] - Method.TextDegerineEsitElementeTikla is PASSED

2021-11-18 11:54:39 - [TEST_STEP][PASSED] - verifyElementNotPresent(findTestObject("Object Repository/Kullanici_Islemleri/Secenekler"), 10): Web element with id: 'Object Repository/Kullanici_Islemleri/Secenekler' located by 'By.cssSelector: .nav.navbar-nav.navbar-right li a' is not present after '10' second(s)

2021-11-18 11:54:39 - [MESSAGE][INFO] - Finding Test Object 'Object Repository/Kullanici_Islemleri/Secenekler'

2021-11-18 11:54:39 - [MESSAGE][INFO] - Checking object

2021-11-18 11:54:39 - [MESSAGE][INFO] - Checking timeout

2021-11-18 11:54:39 - [MESSAGE][INFO] - Finding web element with id: 'Object Repository/Kullanici_Islemleri/Secenekler' located by 'By.cssSelector: .nav.navbar-nav.navbar-right li a' in '10' second(s)

2021-11-18 11:54:39 - [MESSAGE][INFO] - Smart Wait Function is triggered

2021-11-18 11:54:40 - [MESSAGE][PASSED] - Web element with id: 'Object Repository/Kullanici_Islemleri/Secenekler' located by 'By.cssSelector: .nav.navbar-nav.navbar-right li a' is not present after '10' second(s)

2021-11-18 11:54:40 - [MESSAGE][PASSED] - Call Test Case 'Test Cases/Kullanici_Islemleri/KullaniciIslemlerindenSecimYapilir' successfully

2021-11-18 11:54:40 - [TEST_CASE][PASSED] - Start Test Case : SCENARIO Kullanici silme: SCENARIO Kullanici silme

2021-11-18 11:54:40 - [TEST_STEP][PASSED] - Kullanıcı adı ELOGO6 ve Şifre 123456 olarak giriş yapılır: Kullanıcı adı ELOGO6 ve Şifre 123456 olarak giriş yapılır

2021-11-18 11:54:40 - [MESSAGE][PASSED] - Kullanıcı adı ELOGO6 ve Şifre 123456 olarak giriş yapılır

2021-11-18 11:54:40 - [TEST_STEP][PASSED] - Ana menüden Firma Yönetimi seçilir: Ana menüden Firma Yönetimi seçilir

2021-11-18 11:54:40 - [MESSAGE][PASSED] - Ana menüden Firma Yönetimi seçilir

2021-11-18 11:54:40 - [TEST_STEP][PASSED] - Alt menüden Yetki Yönetimi seçilir: Alt menüden Yetki Yönetimi seçilir

2021-11-18 11:54:40 - [MESSAGE][PASSED] - Alt menüden Yetki Yönetimi seçilir

2021-11-18 11:54:40 - [TEST_STEP][PASSED] - Filtre butonlarından Listele seçilir: Filtre butonlarından Listele seçilir

2021-11-18 11:54:40 - [MESSAGE][PASSED] - Filtre butonlarından Listele seçilir

2021-11-18 11:54:40 - [TEST_STEP][PASSED] - Tabloda veri var mı kontrol edilir: Tabloda veri var mı kontrol edilir

2021-11-18 11:54:40 - [MESSAGE][PASSED] - Tabloda veri var mı kontrol edilir

2021-11-18 11:54:40 - [TEST_STEP][PASSED] - Tablodan VirgosolKullanici isimli veri seçilir: Tablodan VirgosolKullanici isimli veri seçilir

2021-11-18 11:54:40 - [MESSAGE][PASSED] - Tablodan VirgosolKullanici isimli veri seçilir

2021-11-18 11:54:40 - [TEST_STEP][PASSED] - Butonlardan Sil isimli butona tıklanır: Butonlardan Sil isimli butona tıklanır

2021-11-18 11:54:40 - [MESSAGE][PASSED] - Butonlardan Sil isimli butona tıklanır

2021-11-18 11:54:40 - [TEST_STEP][PASSED] - Yönetim popupında Evet seçilir: Yönetim popupında Evet seçilir

2021-11-18 11:54:40 - [MESSAGE][PASSED] - Yönetim popupında Evet seçilir

2021-11-18 11:54:40 - [TEST_STEP][PASSED] - Yönetim popupında Tamam seçilir: Yönetim popupında Tamam seçilir

2021-11-18 11:54:40 - [MESSAGE][PASSED] - Yönetim popupında Tamam seçilir

2021-11-18 11:54:40 - [TEST_STEP][PASSED] - Kullanıcı işlemlerinden Çıkış seçilir: Kullanıcı işlemlerinden Çıkış seçilir

2021-11-18 11:54:40 - [MESSAGE][PASSED] - Kullanıcı işlemlerinden Çıkış seçilir

2021-11-18 11:54:40 - [MESSAGE][PASSED] - Feature file: 'Include/features/Firma Yonetimi/Yetki Yonetimi/Kullanici Tanimlari/Sil.feature' was passed

2021-11-18 11:54:40 - [TEST_STEP][PASSED] - Start listener action : sampleAfterTestSuite: Invoke 'com.kms.katalon.core.annotation.AfterTestCase' method: 'Listener.sampleAfterTestSuite(...)' completed.

2021-11-18 11:54:40 - [MESSAGE][INFO] - Starting invoke 'com.kms.katalon.core.annotation.AfterTestCase' method: 'Listener.sampleAfterTestSuite(...)'

2021-11-18 11:54:40 - [TEST_STEP][PASSED] - closeBrowser(): Invoke 'com.kms.katalon.core.annotation.AfterTestCase' method: 'Listener.sampleAfterTestSuite(...)' completed.

2021-11-18 11:54:40 - [MESSAGE][INFO] - Closing browser

2021-11-18 11:54:41 - [MESSAGE][PASSED] - Browser is closed

2021-11-18 11:54:41 - [MESSAGE][INFO] - Invoke 'com.kms.katalon.core.annotation.AfterTestCase' method: 'Listener.sampleAfterTestSuite(...)' completed.]]></system-out>
         <system-err><![CDATA[]]></system-err>
      </testcase>
      <testcase name="Test Cases/Case Repository/Firma Yonetimi/Yetki Yonetimi/Rol ve Yetki Tanimlari/Ekran Kontrolu" time="29.758" classname="Test Cases/Case Repository/Firma Yonetimi/Yetki Yonetimi/Rol ve Yetki Tanimlari/Ekran Kontrolu" status="PASSED">
         <system-out><![CDATA[2021-11-18 11:54:41 - [TEST_CASE][PASSED] - Test Cases/Case Repository/Firma Yonetimi/Yetki Yonetimi/Rol ve Yetki Tanimlari/Ekran Kontrolu: Test Cases/Case Repository/Firma Yonetimi/Yetki Yonetimi/Rol ve Yetki Tanimlari/Ekran Kontrolu

2021-11-18 11:54:41 - [TEST_STEP][PASSED] - Start listener action : sampleBeforeTestSuite: Invoke 'com.kms.katalon.core.annotation.BeforeTestCase' method: 'Listener.sampleBeforeTestSuite(...)' completed.

2021-11-18 11:54:41 - [MESSAGE][INFO] - Starting invoke 'com.kms.katalon.core.annotation.BeforeTestCase' method: 'Listener.sampleBeforeTestSuite(...)'

2021-11-18 11:54:41 - [TEST_STEP][PASSED] - openBrowser(baseUrl): Browser is opened with url: 'https://efatura-stage.elogo.com.tr/'

2021-11-18 11:54:41 - [MESSAGE][INFO] - Opening browser

2021-11-18 11:54:41 - [MESSAGE][INFO] - Starting 'Chrome' driver

2021-11-18 11:54:41 - [MESSAGE][INFO] - User set preference: ['prefs', '{download.default_directory=C:\otomasyondownfiles}']

2021-11-18 11:54:41 - [MESSAGE][INFO] - Action delay is set to 0 milliseconds

2021-11-18 11:54:42 - [MESSAGE][INFO] - Navigating browser to: 'https://efatura-stage.elogo.com.tr/'

2021-11-18 11:54:45 - [MESSAGE][PASSED] - Browser is opened with url: 'https://efatura-stage.elogo.com.tr/'

2021-11-18 11:54:45 - [TEST_STEP][PASSED] - maximizeWindow(): Invoke 'com.kms.katalon.core.annotation.BeforeTestCase' method: 'Listener.sampleBeforeTestSuite(...)' completed.

2021-11-18 11:54:45 - [MESSAGE][INFO] - Maximizing current window

2021-11-18 11:54:45 - [MESSAGE][PASSED] - Current window maximized

2021-11-18 11:54:45 - [MESSAGE][INFO] - Invoke 'com.kms.katalon.core.annotation.BeforeTestCase' method: 'Listener.sampleBeforeTestSuite(...)' completed.

2021-11-18 11:54:45 - [TEST_STEP][PASSED] - runFeatureFile("Include/features/Firma Yonetimi/Yetki Yonetimi/Rol ve Yetki Tanimlari/Ekran Kontrolu.feature"): Feature file: 'Include/features/Firma Yonetimi/Yetki Yonetimi/Rol ve Yetki Tanimlari/Ekran Kontrolu.feature' was passed

2021-11-18 11:54:45 - [MESSAGE][INFO] - Starting run keyword runFeatureFile: 'Include/features/Firma Yonetimi/Yetki Yonetimi/Rol ve Yetki Tanimlari/Ekran Kontrolu.feature' and extract report to folder: 'C:\Users\DELL\Documents\GitHub\EES_KatalonLogo\Reports\20211118_110909\Suite Repository\Firma_Yonetimi\20211118_111017/cucumber_report/1637225685822'...

2021-11-18 11:54:45 - [MESSAGE][INFO] - Glue: []

2021-11-18 11:54:47 - [MESSAGE][INFO] - Checking called Test Case

2021-11-18 11:54:47 - [MESSAGE][INFO] - Starting to call Test Case 'Test Cases/Sayfalar/Giris_Sayfasi/Login'

2021-11-18 11:54:47 - [TEST_CASE][PASSED] - Test Cases/Sayfalar/Giris_Sayfasi/Login: Test Cases/Sayfalar/Giris_Sayfasi/Login

2021-11-18 11:54:47 - [TEST_STEP][PASSED] - Sayfa_Basligi = getWindowTitle(): Current window's title is: 'LOGO e-Fatura'

2021-11-18 11:54:47 - [MESSAGE][INFO] - Getting current window's title

2021-11-18 11:54:47 - [MESSAGE][PASSED] - Current window's title is: 'LOGO e-Fatura'

2021-11-18 11:54:47 - [TEST_STEP][PASSED] - verifyMatch(Sayfa_Basligi, "LOGO e-Fatura", false): Actual text 'LOGO e-Fatura' and expected text 'LOGO e-Fatura' are matched 

2021-11-18 11:54:47 - [MESSAGE][INFO] - Matching actual text 'LOGO e-Fatura' with expected text 'LOGO e-Fatura'

2021-11-18 11:54:47 - [MESSAGE][PASSED] - Actual text 'LOGO e-Fatura' and expected text 'LOGO e-Fatura' are matched 

2021-11-18 11:54:47 - [TEST_STEP][PASSED] - sendKeys(findTestObject("Sayfalar/Giris_Sayfasi/Firma_Kodu"), KullaniciAdi): Keys 'ELOGO6' sent to object: 'Object Repository/Sayfalar/Giris_Sayfasi/Firma_Kodu'

2021-11-18 11:54:47 - [MESSAGE][INFO] - Finding Test Object 'Object Repository/Sayfalar/Giris_Sayfasi/Firma_Kodu'

2021-11-18 11:54:47 - [MESSAGE][INFO] - Sending keys 'ELOGO6' to object: 'Object Repository/Sayfalar/Giris_Sayfasi/Firma_Kodu'

2021-11-18 11:54:47 - [MESSAGE][INFO] - Finding web element from Test Object's properties

2021-11-18 11:54:47 - [MESSAGE][INFO] - Checking timeout

2021-11-18 11:54:47 - [MESSAGE][INFO] - Finding web element with id: 'Object Repository/Sayfalar/Giris_Sayfasi/Firma_Kodu' located by 'By.xpath: //*[@id = 'AccountName']' in '30' second(s)

2021-11-18 11:54:47 - [MESSAGE][INFO] - Smart Wait Function is triggered

2021-11-18 11:54:48 - [MESSAGE][INFO] - Found 1 web elements with id: 'Object Repository/Sayfalar/Giris_Sayfasi/Firma_Kodu' located by 'By.xpath: //*[@id = 'AccountName']' in '30' second(s)

2021-11-18 11:54:48 - [MESSAGE][PASSED] - Keys 'ELOGO6' sent to object: 'Object Repository/Sayfalar/Giris_Sayfasi/Firma_Kodu'

2021-11-18 11:54:48 - [TEST_STEP][PASSED] - sendKeys(findTestObject("Sayfalar/Giris_Sayfasi/Sifre"), Sifre): Keys '123456' sent to object: 'Object Repository/Sayfalar/Giris_Sayfasi/Sifre'

2021-11-18 11:54:48 - [MESSAGE][INFO] - Finding Test Object 'Object Repository/Sayfalar/Giris_Sayfasi/Sifre'

2021-11-18 11:54:48 - [MESSAGE][INFO] - Sending keys '123456' to object: 'Object Repository/Sayfalar/Giris_Sayfasi/Sifre'

2021-11-18 11:54:48 - [MESSAGE][INFO] - Finding web element from Test Object's properties

2021-11-18 11:54:48 - [MESSAGE][INFO] - Checking timeout

2021-11-18 11:54:48 - [MESSAGE][INFO] - Finding web element with id: 'Object Repository/Sayfalar/Giris_Sayfasi/Sifre' located by 'By.xpath: //*[@id = 'Password']' in '30' second(s)

2021-11-18 11:54:48 - [MESSAGE][INFO] - Smart Wait Function is triggered

2021-11-18 11:54:48 - [MESSAGE][INFO] - Found 1 web elements with id: 'Object Repository/Sayfalar/Giris_Sayfasi/Sifre' located by 'By.xpath: //*[@id = 'Password']' in '30' second(s)

2021-11-18 11:54:48 - [MESSAGE][PASSED] - Keys '123456' sent to object: 'Object Repository/Sayfalar/Giris_Sayfasi/Sifre'

2021-11-18 11:54:48 - [TEST_STEP][PASSED] - findWebElement(findTestObject("Sayfalar/Giris_Sayfasi/Giris_Butonu")).click(): Found 1 web elements with id: 'Object Repository/Sayfalar/Giris_Sayfasi/Giris_Butonu' located by 'By.cssSelector: #btnLogin' in '30' second(s)

2021-11-18 11:54:48 - [MESSAGE][INFO] - Finding Test Object 'Object Repository/Sayfalar/Giris_Sayfasi/Giris_Butonu'

2021-11-18 11:54:48 - [MESSAGE][INFO] - Finding web element from Test Object's properties

2021-11-18 11:54:48 - [MESSAGE][INFO] - Checking timeout

2021-11-18 11:54:48 - [MESSAGE][INFO] - Finding web element with id: 'Object Repository/Sayfalar/Giris_Sayfasi/Giris_Butonu' located by 'By.cssSelector: #btnLogin' in '30' second(s)

2021-11-18 11:54:48 - [MESSAGE][INFO] - Smart Wait Function is triggered

2021-11-18 11:54:49 - [MESSAGE][INFO] - Found 1 web elements with id: 'Object Repository/Sayfalar/Giris_Sayfasi/Giris_Butonu' located by 'By.cssSelector: #btnLogin' in '30' second(s)

2021-11-18 11:54:52 - [TEST_STEP][PASSED] - if (verifyElementPresent(findTestObject("Object Repository/Sayfalar/Giris_Sayfasi/RetveTamam_Butonu"), 5, OPTIONAL)): null

2021-11-18 11:54:52 - [MESSAGE][INFO] - Finding Test Object 'Object Repository/Sayfalar/Giris_Sayfasi/RetveTamam_Butonu'

2021-11-18 11:54:52 - [MESSAGE][INFO] - Checking object

2021-11-18 11:54:52 - [MESSAGE][INFO] - Finding web element from Test Object's properties

2021-11-18 11:54:52 - [MESSAGE][INFO] - Checking timeout

2021-11-18 11:54:52 - [MESSAGE][INFO] - Finding web element with id: 'Object Repository/Sayfalar/Giris_Sayfasi/RetveTamam_Butonu' located by 'By.xpath: //*[@class = 'btn btn-default']' in '5' second(s)

2021-11-18 11:54:52 - [MESSAGE][INFO] - Smart Wait Function is triggered

2021-11-18 11:54:52 - [MESSAGE][INFO] - Found 1 web elements with id: 'Object Repository/Sayfalar/Giris_Sayfasi/RetveTamam_Butonu' located by 'By.xpath: //*[@class = 'btn btn-default']' in '5' second(s)

2021-11-18 11:54:52 - [MESSAGE][PASSED] - Object 'Object Repository/Sayfalar/Giris_Sayfasi/RetveTamam_Butonu' is present

2021-11-18 11:54:52 - [TEST_STEP][PASSED] - click(findTestObject("Object Repository/Sayfalar/Giris_Sayfasi/RetveTamam_Butonu")): Object: 'Object Repository/Sayfalar/Giris_Sayfasi/RetveTamam_Butonu' is clicked on

2021-11-18 11:54:52 - [MESSAGE][INFO] - Finding Test Object 'Object Repository/Sayfalar/Giris_Sayfasi/RetveTamam_Butonu'

2021-11-18 11:54:52 - [MESSAGE][INFO] - Checking object

2021-11-18 11:54:52 - [MESSAGE][INFO] - Finding web element from Test Object's properties

2021-11-18 11:54:52 - [MESSAGE][INFO] - Checking timeout

2021-11-18 11:54:52 - [MESSAGE][INFO] - Finding web element with id: 'Object Repository/Sayfalar/Giris_Sayfasi/RetveTamam_Butonu' located by 'By.xpath: //*[@class = 'btn btn-default']' in '30' second(s)

2021-11-18 11:54:52 - [MESSAGE][INFO] - Smart Wait Function is triggered

2021-11-18 11:54:52 - [MESSAGE][INFO] - Found 1 web elements with id: 'Object Repository/Sayfalar/Giris_Sayfasi/RetveTamam_Butonu' located by 'By.xpath: //*[@class = 'btn btn-default']' in '30' second(s)

2021-11-18 11:54:52 - [MESSAGE][INFO] - Clicking on object: 'Object Repository/Sayfalar/Giris_Sayfasi/RetveTamam_Butonu'

2021-11-18 11:54:52 - [MESSAGE][PASSED] - Object: 'Object Repository/Sayfalar/Giris_Sayfasi/RetveTamam_Butonu' is clicked on

2021-11-18 11:54:52 - [TEST_STEP][PASSED] - click(findTestObject("Object Repository/Sayfalar/Giris_Sayfasi/RetveTamam_Butonu")): Object: 'Object Repository/Sayfalar/Giris_Sayfasi/RetveTamam_Butonu' is clicked on

2021-11-18 11:54:52 - [MESSAGE][INFO] - Finding Test Object 'Object Repository/Sayfalar/Giris_Sayfasi/RetveTamam_Butonu'

2021-11-18 11:54:53 - [MESSAGE][INFO] - Checking object

2021-11-18 11:54:53 - [MESSAGE][INFO] - Finding web element from Test Object's properties

2021-11-18 11:54:53 - [MESSAGE][INFO] - Checking timeout

2021-11-18 11:54:53 - [MESSAGE][INFO] - Finding web element with id: 'Object Repository/Sayfalar/Giris_Sayfasi/RetveTamam_Butonu' located by 'By.xpath: //*[@class = 'btn btn-default']' in '30' second(s)

2021-11-18 11:54:53 - [MESSAGE][INFO] - Smart Wait Function is triggered

2021-11-18 11:54:56 - [MESSAGE][INFO] - Found 1 web elements with id: 'Object Repository/Sayfalar/Giris_Sayfasi/RetveTamam_Butonu' located by 'By.xpath: //*[@class = 'btn btn-default']' in '30' second(s)

2021-11-18 11:54:56 - [MESSAGE][INFO] - Clicking on object: 'Object Repository/Sayfalar/Giris_Sayfasi/RetveTamam_Butonu'

2021-11-18 11:54:56 - [MESSAGE][PASSED] - Object: 'Object Repository/Sayfalar/Giris_Sayfasi/RetveTamam_Butonu' is clicked on

2021-11-18 11:54:56 - [TEST_STEP][PASSED] - if (verifyElementPresent(findTestObject("Sayfalar/Giris_Sayfasi/PopupOK"), 5, OPTIONAL)): null

2021-11-18 11:54:56 - [MESSAGE][INFO] - Finding Test Object 'Object Repository/Sayfalar/Giris_Sayfasi/PopupOK'

2021-11-18 11:54:56 - [MESSAGE][INFO] - Checking object

2021-11-18 11:54:56 - [MESSAGE][INFO] - Finding web element from Test Object's properties

2021-11-18 11:54:56 - [MESSAGE][INFO] - Checking timeout

2021-11-18 11:54:56 - [MESSAGE][INFO] - Finding web element with id: 'Object Repository/Sayfalar/Giris_Sayfasi/PopupOK' located by 'By.cssSelector: .btn.btn-success' in '5' second(s)

2021-11-18 11:54:56 - [MESSAGE][INFO] - Smart Wait Function is triggered

2021-11-18 11:54:56 - [MESSAGE][INFO] - Found 1 web elements with id: 'Object Repository/Sayfalar/Giris_Sayfasi/PopupOK' located by 'By.cssSelector: .btn.btn-success' in '5' second(s)

2021-11-18 11:54:56 - [MESSAGE][PASSED] - Object 'Object Repository/Sayfalar/Giris_Sayfasi/PopupOK' is present

2021-11-18 11:54:56 - [TEST_STEP][PASSED] - click(findTestObject("Object Repository/Sayfalar/Giris_Sayfasi/PopupCarpiGiris")): Object: 'Object Repository/Sayfalar/Giris_Sayfasi/PopupCarpiGiris' is clicked on

2021-11-18 11:54:56 - [MESSAGE][INFO] - Finding Test Object 'Object Repository/Sayfalar/Giris_Sayfasi/PopupCarpiGiris'

2021-11-18 11:54:57 - [MESSAGE][INFO] - Checking object

2021-11-18 11:54:57 - [MESSAGE][INFO] - Finding web element from Test Object's properties

2021-11-18 11:54:57 - [MESSAGE][INFO] - Checking timeout

2021-11-18 11:54:57 - [MESSAGE][INFO] - Finding web element with id: 'Object Repository/Sayfalar/Giris_Sayfasi/PopupCarpiGiris' located by 'By.cssSelector: .bootbox-close-button.close' in '30' second(s)

2021-11-18 11:54:57 - [MESSAGE][INFO] - Smart Wait Function is triggered

2021-11-18 11:54:57 - [MESSAGE][INFO] - Found 1 web elements with id: 'Object Repository/Sayfalar/Giris_Sayfasi/PopupCarpiGiris' located by 'By.cssSelector: .bootbox-close-button.close' in '30' second(s)

2021-11-18 11:54:57 - [MESSAGE][INFO] - Clicking on object: 'Object Repository/Sayfalar/Giris_Sayfasi/PopupCarpiGiris'

2021-11-18 11:54:57 - [MESSAGE][PASSED] - Object: 'Object Repository/Sayfalar/Giris_Sayfasi/PopupCarpiGiris' is clicked on

2021-11-18 11:54:57 - [TEST_STEP][PASSED] - verifyElementVisible(findTestObject("Object Repository/Kullanici_Islemleri/KullaniciIslemleri")): Object 'Object Repository/Kullanici_Islemleri/KullaniciIslemleri' is visible

2021-11-18 11:54:57 - [MESSAGE][INFO] - Finding Test Object 'Object Repository/Kullanici_Islemleri/KullaniciIslemleri'

2021-11-18 11:54:57 - [MESSAGE][INFO] - Checking object

2021-11-18 11:54:57 - [MESSAGE][INFO] - Finding web element from Test Object's properties

2021-11-18 11:54:57 - [MESSAGE][INFO] - Checking timeout

2021-11-18 11:54:57 - [MESSAGE][INFO] - Finding web element with id: 'Object Repository/Kullanici_Islemleri/KullaniciIslemleri' located by 'By.cssSelector: .dropdown>a>img' in '30' second(s)

2021-11-18 11:54:57 - [MESSAGE][INFO] - Smart Wait Function is triggered

2021-11-18 11:54:58 - [MESSAGE][INFO] - Found 1 web elements with id: 'Object Repository/Kullanici_Islemleri/KullaniciIslemleri' located by 'By.cssSelector: .dropdown>a>img' in '30' second(s)

2021-11-18 11:54:58 - [MESSAGE][PASSED] - Object 'Object Repository/Kullanici_Islemleri/KullaniciIslemleri' is visible

2021-11-18 11:54:58 - [MESSAGE][PASSED] - Call Test Case 'Test Cases/Sayfalar/Giris_Sayfasi/Login' successfully

2021-11-18 11:54:58 - [MESSAGE][INFO] - Checking called Test Case

2021-11-18 11:54:58 - [MESSAGE][INFO] - Starting to call Test Case 'Test Cases/Menu/AnaMenuSecimi'

2021-11-18 11:54:58 - [TEST_CASE][PASSED] - Test Cases/Menu/AnaMenuSecimi: Test Cases/Menu/AnaMenuSecimi

2021-11-18 11:54:58 - [TEST_STEP][PASSED] - Method.TextDegerineEsitElementeTikla(findTestObject("Menu/Ana_Menu"), Ana_Menu): Method.TextDegerineEsitElementeTikla is PASSED

2021-11-18 11:54:58 - [MESSAGE][INFO] - Finding Test Object 'Object Repository/Menu/Ana_Menu'

2021-11-18 11:54:58 - [MESSAGE][INFO] - Checking timeout

2021-11-18 11:54:58 - [MESSAGE][INFO] - Finding web element with id: 'Object Repository/Menu/Ana_Menu' located by 'By.xpath: //*[@class = 'dropdown-toggle']' in '10' second(s)

2021-11-18 11:54:58 - [MESSAGE][INFO] - Smart Wait Function is triggered

2021-11-18 11:54:58 - [MESSAGE][INFO] - Found 14 web elements with id: 'Object Repository/Menu/Ana_Menu' located by 'By.xpath: //*[@class = 'dropdown-toggle']' in '10' second(s)

2021-11-18 11:54:59 - [MESSAGE][PASSED] - Method.TextDegerineEsitElementeTikla is PASSED

2021-11-18 11:54:59 - [MESSAGE][PASSED] - Call Test Case 'Test Cases/Menu/AnaMenuSecimi' successfully

2021-11-18 11:54:59 - [MESSAGE][INFO] - Checking called Test Case

2021-11-18 11:54:59 - [MESSAGE][INFO] - Starting to call Test Case 'Test Cases/Menu/AltMenuSecimi'

2021-11-18 11:54:59 - [TEST_CASE][PASSED] - Test Cases/Menu/AltMenuSecimi: Test Cases/Menu/AltMenuSecimi

2021-11-18 11:54:59 - [TEST_STEP][PASSED] - Method.TextDegerineEsitElementeTikla(findTestObject("Menu/Alt_Menu"), Alt_Menu): Method.TextDegerineEsitElementeTikla is PASSED

2021-11-18 11:54:59 - [MESSAGE][INFO] - Finding Test Object 'Object Repository/Menu/Alt_Menu'

2021-11-18 11:54:59 - [MESSAGE][INFO] - Checking timeout

2021-11-18 11:54:59 - [MESSAGE][INFO] - Finding web element with id: 'Object Repository/Menu/Alt_Menu' located by 'By.xpath: //li[@class='dropdown dropdown-large open']//li[@class='dropdown-element']' in '10' second(s)

2021-11-18 11:54:59 - [MESSAGE][INFO] - Smart Wait Function is triggered

2021-11-18 11:54:59 - [MESSAGE][INFO] - Found 1 web elements with id: 'Object Repository/Menu/Alt_Menu' located by 'By.xpath: //li[@class='dropdown dropdown-large open']//li[@class='dropdown-element']' in '10' second(s)

2021-11-18 11:55:02 - [MESSAGE][PASSED] - Method.TextDegerineEsitElementeTikla is PASSED

2021-11-18 11:55:02 - [MESSAGE][PASSED] - Call Test Case 'Test Cases/Menu/AltMenuSecimi' successfully

2021-11-18 11:55:02 - [MESSAGE][INFO] - Checking called Test Case

2021-11-18 11:55:02 - [MESSAGE][INFO] - Starting to call Test Case 'Test Cases/Sayfalar/Yetki_Yonetimi/SekmeSecilir'

2021-11-18 11:55:02 - [TEST_CASE][PASSED] - Test Cases/Sayfalar/Yetki_Yonetimi/SekmeSecilir: Test Cases/Sayfalar/Yetki_Yonetimi/SekmeSecilir

2021-11-18 11:55:02 - [TEST_STEP][PASSED] - Method.TextDegerineEsitElementeTikla(findTestObject("Object Repository/Sayfalar/Yetki_Yonetimi/Sekmeler"), Sekme): Method.TextDegerineEsitElementeTikla is PASSED

2021-11-18 11:55:02 - [MESSAGE][INFO] - Finding Test Object 'Object Repository/Sayfalar/Yetki_Yonetimi/Sekmeler'

2021-11-18 11:55:02 - [MESSAGE][INFO] - Checking timeout

2021-11-18 11:55:02 - [MESSAGE][INFO] - Finding web element with id: 'Object Repository/Sayfalar/Yetki_Yonetimi/Sekmeler' located by 'By.cssSelector: #pcFeatures_TC>li[class="dxtc-tab"] span,#pcFeatures_TC>li[class="dxtc-activeTab dxtc-lead"] span' in '10' second(s)

2021-11-18 11:55:02 - [MESSAGE][INFO] - Smart Wait Function is triggered

2021-11-18 11:55:03 - [MESSAGE][INFO] - Found 3 web elements with id: 'Object Repository/Sayfalar/Yetki_Yonetimi/Sekmeler' located by 'By.cssSelector: #pcFeatures_TC>li[class="dxtc-tab"] span,#pcFeatures_TC>li[class="dxtc-activeTab dxtc-lead"] span' in '10' second(s)

2021-11-18 11:55:03 - [MESSAGE][PASSED] - Method.TextDegerineEsitElementeTikla is PASSED

2021-11-18 11:55:03 - [MESSAGE][PASSED] - Call Test Case 'Test Cases/Sayfalar/Yetki_Yonetimi/SekmeSecilir' successfully

2021-11-18 11:55:03 - [MESSAGE][INFO] - Checking called Test Case

2021-11-18 11:55:03 - [MESSAGE][INFO] - Starting to call Test Case 'Test Cases/Filtreler/FiltreVarMi'

2021-11-18 11:55:03 - [TEST_CASE][PASSED] - Test Cases/Filtreler/FiltreVarMi: Test Cases/Filtreler/FiltreVarMi

2021-11-18 11:55:03 - [TEST_STEP][PASSED] - Method.TextDegerineEsitElementVarMi(findTestObject("Filtreler/Basliklar"), Filtre_alan): Method.TextDegerineEsitElementVarMi is PASSED

2021-11-18 11:55:03 - [MESSAGE][INFO] - Finding Test Object 'Object Repository/Filtreler/Basliklar'

2021-11-18 11:55:03 - [MESSAGE][INFO] - Checking timeout

2021-11-18 11:55:03 - [MESSAGE][INFO] - Finding web element with id: 'Object Repository/Filtreler/Basliklar' located by 'By.cssSelector: .control-label.col-sm-4.paddingMarginRLC' in '10' second(s)

2021-11-18 11:55:03 - [MESSAGE][INFO] - Smart Wait Function is triggered

2021-11-18 11:55:03 - [MESSAGE][INFO] - Found 12 web elements with id: 'Object Repository/Filtreler/Basliklar' located by 'By.cssSelector: .control-label.col-sm-4.paddingMarginRLC' in '10' second(s)

2021-11-18 11:55:03 - [MESSAGE][PASSED] - Method.TextDegerineEsitElementVarMi is PASSED

2021-11-18 11:55:03 - [MESSAGE][PASSED] - Call Test Case 'Test Cases/Filtreler/FiltreVarMi' successfully

2021-11-18 11:55:03 - [MESSAGE][INFO] - Checking called Test Case

2021-11-18 11:55:03 - [MESSAGE][INFO] - Starting to call Test Case 'Test Cases/Filtreler/FiltreVarMi'

2021-11-18 11:55:03 - [TEST_CASE][PASSED] - Test Cases/Filtreler/FiltreVarMi: Test Cases/Filtreler/FiltreVarMi

2021-11-18 11:55:03 - [TEST_STEP][PASSED] - Method.TextDegerineEsitElementVarMi(findTestObject("Filtreler/Basliklar"), Filtre_alan): Method.TextDegerineEsitElementVarMi is PASSED

2021-11-18 11:55:03 - [MESSAGE][INFO] - Finding Test Object 'Object Repository/Filtreler/Basliklar'

2021-11-18 11:55:04 - [MESSAGE][INFO] - Checking timeout

2021-11-18 11:55:04 - [MESSAGE][INFO] - Finding web element with id: 'Object Repository/Filtreler/Basliklar' located by 'By.cssSelector: .control-label.col-sm-4.paddingMarginRLC' in '10' second(s)

2021-11-18 11:55:04 - [MESSAGE][INFO] - Smart Wait Function is triggered

2021-11-18 11:55:04 - [MESSAGE][INFO] - Found 12 web elements with id: 'Object Repository/Filtreler/Basliklar' located by 'By.cssSelector: .control-label.col-sm-4.paddingMarginRLC' in '10' second(s)

2021-11-18 11:55:04 - [MESSAGE][PASSED] - Method.TextDegerineEsitElementVarMi is PASSED

2021-11-18 11:55:04 - [MESSAGE][PASSED] - Call Test Case 'Test Cases/Filtreler/FiltreVarMi' successfully

2021-11-18 11:55:04 - [MESSAGE][INFO] - Checking called Test Case

2021-11-18 11:55:04 - [MESSAGE][INFO] - Starting to call Test Case 'Test Cases/Filtreler/ButonVarMi'

2021-11-18 11:55:04 - [TEST_CASE][PASSED] - Test Cases/Filtreler/ButonVarMi: Test Cases/Filtreler/ButonVarMi

2021-11-18 11:55:04 - [TEST_STEP][PASSED] - Method.TextDegerineEsitElementVarMi(findTestObject("Filtreler/Butonlar"), Filtre_Buton): Method.TextDegerineEsitElementVarMi is PASSED

2021-11-18 11:55:04 - [MESSAGE][INFO] - Finding Test Object 'Object Repository/Filtreler/Butonlar'

2021-11-18 11:55:04 - [MESSAGE][INFO] - Checking timeout

2021-11-18 11:55:04 - [MESSAGE][INFO] - Finding web element with id: 'Object Repository/Filtreler/Butonlar' located by 'By.cssSelector: .dxb>span' in '10' second(s)

2021-11-18 11:55:04 - [MESSAGE][INFO] - Smart Wait Function is triggered

2021-11-18 11:55:04 - [MESSAGE][INFO] - Found 6 web elements with id: 'Object Repository/Filtreler/Butonlar' located by 'By.cssSelector: .dxb>span' in '10' second(s)

2021-11-18 11:55:04 - [MESSAGE][PASSED] - Method.TextDegerineEsitElementVarMi is PASSED

2021-11-18 11:55:04 - [MESSAGE][PASSED] - Call Test Case 'Test Cases/Filtreler/ButonVarMi' successfully

2021-11-18 11:55:04 - [MESSAGE][INFO] - Checking called Test Case

2021-11-18 11:55:04 - [MESSAGE][INFO] - Starting to call Test Case 'Test Cases/Filtreler/ButonVarMi'

2021-11-18 11:55:04 - [TEST_CASE][PASSED] - Test Cases/Filtreler/ButonVarMi: Test Cases/Filtreler/ButonVarMi

2021-11-18 11:55:04 - [TEST_STEP][PASSED] - Method.TextDegerineEsitElementVarMi(findTestObject("Filtreler/Butonlar"), Filtre_Buton): Method.TextDegerineEsitElementVarMi is PASSED

2021-11-18 11:55:04 - [MESSAGE][INFO] - Finding Test Object 'Object Repository/Filtreler/Butonlar'

2021-11-18 11:55:05 - [MESSAGE][INFO] - Checking timeout

2021-11-18 11:55:05 - [MESSAGE][INFO] - Finding web element with id: 'Object Repository/Filtreler/Butonlar' located by 'By.cssSelector: .dxb>span' in '10' second(s)

2021-11-18 11:55:05 - [MESSAGE][INFO] - Smart Wait Function is triggered

2021-11-18 11:55:05 - [MESSAGE][INFO] - Found 6 web elements with id: 'Object Repository/Filtreler/Butonlar' located by 'By.cssSelector: .dxb>span' in '10' second(s)

2021-11-18 11:55:05 - [MESSAGE][PASSED] - Method.TextDegerineEsitElementVarMi is PASSED

2021-11-18 11:55:05 - [MESSAGE][PASSED] - Call Test Case 'Test Cases/Filtreler/ButonVarMi' successfully

2021-11-18 11:55:05 - [MESSAGE][INFO] - Checking called Test Case

2021-11-18 11:55:05 - [MESSAGE][INFO] - Starting to call Test Case 'Test Cases/Butonlar/ButonVarMi'

2021-11-18 11:55:05 - [TEST_CASE][PASSED] - Test Cases/Butonlar/ButonVarMi: Test Cases/Butonlar/ButonVarMi

2021-11-18 11:55:05 - [TEST_STEP][PASSED] - Method.TextDegerineEsitElementVarMi(findTestObject("Butonlar/Butonlar"), Buton): Method.TextDegerineEsitElementVarMi is PASSED

2021-11-18 11:55:05 - [MESSAGE][INFO] - Finding Test Object 'Object Repository/Butonlar/Butonlar'

2021-11-18 11:55:05 - [MESSAGE][INFO] - Checking timeout

2021-11-18 11:55:05 - [MESSAGE][INFO] - Finding web element with id: 'Object Repository/Butonlar/Butonlar' located by 'By.cssSelector: .panel.panel-default.text-center.footerPanel .btn,.btn.btn-primary.btnControls' in '10' second(s)

2021-11-18 11:55:05 - [MESSAGE][INFO] - Smart Wait Function is triggered

2021-11-18 11:55:05 - [MESSAGE][INFO] - Found 12 web elements with id: 'Object Repository/Butonlar/Butonlar' located by 'By.cssSelector: .panel.panel-default.text-center.footerPanel .btn,.btn.btn-primary.btnControls' in '10' second(s)

2021-11-18 11:55:05 - [MESSAGE][PASSED] - Method.TextDegerineEsitElementVarMi is PASSED

2021-11-18 11:55:05 - [MESSAGE][PASSED] - Call Test Case 'Test Cases/Butonlar/ButonVarMi' successfully

2021-11-18 11:55:05 - [MESSAGE][INFO] - Checking called Test Case

2021-11-18 11:55:05 - [MESSAGE][INFO] - Starting to call Test Case 'Test Cases/Butonlar/ButonVarMi'

2021-11-18 11:55:05 - [TEST_CASE][PASSED] - Test Cases/Butonlar/ButonVarMi: Test Cases/Butonlar/ButonVarMi

2021-11-18 11:55:05 - [TEST_STEP][PASSED] - Method.TextDegerineEsitElementVarMi(findTestObject("Butonlar/Butonlar"), Buton): Method.TextDegerineEsitElementVarMi is PASSED

2021-11-18 11:55:05 - [MESSAGE][INFO] - Finding Test Object 'Object Repository/Butonlar/Butonlar'

2021-11-18 11:55:05 - [MESSAGE][INFO] - Checking timeout

2021-11-18 11:55:05 - [MESSAGE][INFO] - Finding web element with id: 'Object Repository/Butonlar/Butonlar' located by 'By.cssSelector: .panel.panel-default.text-center.footerPanel .btn,.btn.btn-primary.btnControls' in '10' second(s)

2021-11-18 11:55:05 - [MESSAGE][INFO] - Smart Wait Function is triggered

2021-11-18 11:55:06 - [MESSAGE][INFO] - Found 12 web elements with id: 'Object Repository/Butonlar/Butonlar' located by 'By.cssSelector: .panel.panel-default.text-center.footerPanel .btn,.btn.btn-primary.btnControls' in '10' second(s)

2021-11-18 11:55:06 - [MESSAGE][PASSED] - Method.TextDegerineEsitElementVarMi is PASSED

2021-11-18 11:55:06 - [MESSAGE][PASSED] - Call Test Case 'Test Cases/Butonlar/ButonVarMi' successfully

2021-11-18 11:55:06 - [MESSAGE][INFO] - Checking called Test Case

2021-11-18 11:55:06 - [MESSAGE][INFO] - Starting to call Test Case 'Test Cases/Butonlar/ButonVarMi'

2021-11-18 11:55:06 - [TEST_CASE][PASSED] - Test Cases/Butonlar/ButonVarMi: Test Cases/Butonlar/ButonVarMi

2021-11-18 11:55:06 - [TEST_STEP][PASSED] - Method.TextDegerineEsitElementVarMi(findTestObject("Butonlar/Butonlar"), Buton): Method.TextDegerineEsitElementVarMi is PASSED

2021-11-18 11:55:06 - [MESSAGE][INFO] - Finding Test Object 'Object Repository/Butonlar/Butonlar'

2021-11-18 11:55:06 - [MESSAGE][INFO] - Checking timeout

2021-11-18 11:55:06 - [MESSAGE][INFO] - Finding web element with id: 'Object Repository/Butonlar/Butonlar' located by 'By.cssSelector: .panel.panel-default.text-center.footerPanel .btn,.btn.btn-primary.btnControls' in '10' second(s)

2021-11-18 11:55:06 - [MESSAGE][INFO] - Smart Wait Function is triggered

2021-11-18 11:55:06 - [MESSAGE][INFO] - Found 12 web elements with id: 'Object Repository/Butonlar/Butonlar' located by 'By.cssSelector: .panel.panel-default.text-center.footerPanel .btn,.btn.btn-primary.btnControls' in '10' second(s)

2021-11-18 11:55:06 - [MESSAGE][PASSED] - Method.TextDegerineEsitElementVarMi is PASSED

2021-11-18 11:55:06 - [MESSAGE][PASSED] - Call Test Case 'Test Cases/Butonlar/ButonVarMi' successfully

2021-11-18 11:55:06 - [MESSAGE][INFO] - Checking called Test Case

2021-11-18 11:55:06 - [MESSAGE][INFO] - Starting to call Test Case 'Test Cases/Butonlar/ButonVarMi'

2021-11-18 11:55:06 - [TEST_CASE][PASSED] - Test Cases/Butonlar/ButonVarMi: Test Cases/Butonlar/ButonVarMi

2021-11-18 11:55:06 - [TEST_STEP][PASSED] - Method.TextDegerineEsitElementVarMi(findTestObject("Butonlar/Butonlar"), Buton): Method.TextDegerineEsitElementVarMi is PASSED

2021-11-18 11:55:06 - [MESSAGE][INFO] - Finding Test Object 'Object Repository/Butonlar/Butonlar'

2021-11-18 11:55:06 - [MESSAGE][INFO] - Checking timeout

2021-11-18 11:55:06 - [MESSAGE][INFO] - Finding web element with id: 'Object Repository/Butonlar/Butonlar' located by 'By.cssSelector: .panel.panel-default.text-center.footerPanel .btn,.btn.btn-primary.btnControls' in '10' second(s)

2021-11-18 11:55:06 - [MESSAGE][INFO] - Smart Wait Function is triggered

2021-11-18 11:55:07 - [MESSAGE][INFO] - Found 12 web elements with id: 'Object Repository/Butonlar/Butonlar' located by 'By.cssSelector: .panel.panel-default.text-center.footerPanel .btn,.btn.btn-primary.btnControls' in '10' second(s)

2021-11-18 11:55:07 - [MESSAGE][PASSED] - Method.TextDegerineEsitElementVarMi is PASSED

2021-11-18 11:55:07 - [MESSAGE][PASSED] - Call Test Case 'Test Cases/Butonlar/ButonVarMi' successfully

2021-11-18 11:55:07 - [MESSAGE][INFO] - Checking called Test Case

2021-11-18 11:55:07 - [MESSAGE][INFO] - Starting to call Test Case 'Test Cases/Kullanici_Islemleri/KullaniciIslemlerindenSecimYapilir'

2021-11-18 11:55:07 - [TEST_CASE][PASSED] - Test Cases/Kullanici_Islemleri/KullaniciIslemlerindenSecimYapilir: Test Cases/Kullanici_Islemleri/KullaniciIslemlerindenSecimYapilir

2021-11-18 11:55:07 - [TEST_STEP][PASSED] - waitForElementClickable(findTestObject("Object Repository/Kullanici_Islemleri/KullaniciIslemleri"), 10): Object 'Object Repository/Kullanici_Islemleri/KullaniciIslemleri' is clickable

2021-11-18 11:55:07 - [MESSAGE][INFO] - Finding Test Object 'Object Repository/Kullanici_Islemleri/KullaniciIslemleri'

2021-11-18 11:55:07 - [MESSAGE][INFO] - Checking object

2021-11-18 11:55:07 - [MESSAGE][INFO] - Checking timeout

2021-11-18 11:55:07 - [MESSAGE][INFO] - Finding web element from Test Object's properties

2021-11-18 11:55:07 - [MESSAGE][INFO] - Checking timeout

2021-11-18 11:55:07 - [MESSAGE][INFO] - Finding web element with id: 'Object Repository/Kullanici_Islemleri/KullaniciIslemleri' located by 'By.cssSelector: .dropdown>a>img' in '10' second(s)

2021-11-18 11:55:07 - [MESSAGE][INFO] - Smart Wait Function is triggered

2021-11-18 11:55:07 - [MESSAGE][INFO] - Found 1 web elements with id: 'Object Repository/Kullanici_Islemleri/KullaniciIslemleri' located by 'By.cssSelector: .dropdown>a>img' in '10' second(s)

2021-11-18 11:55:07 - [MESSAGE][PASSED] - Object 'Object Repository/Kullanici_Islemleri/KullaniciIslemleri' is clickable

2021-11-18 11:55:07 - [TEST_STEP][PASSED] - click(findTestObject("Object Repository/Kullanici_Islemleri/KullaniciIslemleri")): Object: 'Object Repository/Kullanici_Islemleri/KullaniciIslemleri' is clicked on

2021-11-18 11:55:07 - [MESSAGE][INFO] - Finding Test Object 'Object Repository/Kullanici_Islemleri/KullaniciIslemleri'

2021-11-18 11:55:07 - [MESSAGE][INFO] - Checking object

2021-11-18 11:55:07 - [MESSAGE][INFO] - Finding web element from Test Object's properties

2021-11-18 11:55:07 - [MESSAGE][INFO] - Checking timeout

2021-11-18 11:55:07 - [MESSAGE][INFO] - Finding web element with id: 'Object Repository/Kullanici_Islemleri/KullaniciIslemleri' located by 'By.cssSelector: .dropdown>a>img' in '30' second(s)

2021-11-18 11:55:07 - [MESSAGE][INFO] - Smart Wait Function is triggered

2021-11-18 11:55:07 - [MESSAGE][INFO] - Found 1 web elements with id: 'Object Repository/Kullanici_Islemleri/KullaniciIslemleri' located by 'By.cssSelector: .dropdown>a>img' in '30' second(s)

2021-11-18 11:55:07 - [MESSAGE][INFO] - Clicking on object: 'Object Repository/Kullanici_Islemleri/KullaniciIslemleri'

2021-11-18 11:55:07 - [MESSAGE][PASSED] - Object: 'Object Repository/Kullanici_Islemleri/KullaniciIslemleri' is clicked on

2021-11-18 11:55:07 - [TEST_STEP][PASSED] - Method.TextDegerineEsitElementeTikla(findTestObject("Object Repository/Kullanici_Islemleri/Secenekler"), Islem): Method.TextDegerineEsitElementeTikla is PASSED

2021-11-18 11:55:07 - [MESSAGE][INFO] - Finding Test Object 'Object Repository/Kullanici_Islemleri/Secenekler'

2021-11-18 11:55:08 - [MESSAGE][INFO] - Checking timeout

2021-11-18 11:55:08 - [MESSAGE][INFO] - Finding web element with id: 'Object Repository/Kullanici_Islemleri/Secenekler' located by 'By.cssSelector: .nav.navbar-nav.navbar-right li a' in '10' second(s)

2021-11-18 11:55:08 - [MESSAGE][INFO] - Smart Wait Function is triggered

2021-11-18 11:55:08 - [MESSAGE][INFO] - Found 22 web elements with id: 'Object Repository/Kullanici_Islemleri/Secenekler' located by 'By.cssSelector: .nav.navbar-nav.navbar-right li a' in '10' second(s)

2021-11-18 11:55:09 - [MESSAGE][PASSED] - Method.TextDegerineEsitElementeTikla is PASSED

2021-11-18 11:55:09 - [TEST_STEP][PASSED] - verifyElementNotPresent(findTestObject("Object Repository/Kullanici_Islemleri/Secenekler"), 10): Web element with id: 'Object Repository/Kullanici_Islemleri/Secenekler' located by 'By.cssSelector: .nav.navbar-nav.navbar-right li a' is not present after '10' second(s)

2021-11-18 11:55:09 - [MESSAGE][INFO] - Finding Test Object 'Object Repository/Kullanici_Islemleri/Secenekler'

2021-11-18 11:55:09 - [MESSAGE][INFO] - Checking object

2021-11-18 11:55:09 - [MESSAGE][INFO] - Checking timeout

2021-11-18 11:55:09 - [MESSAGE][INFO] - Finding web element with id: 'Object Repository/Kullanici_Islemleri/Secenekler' located by 'By.cssSelector: .nav.navbar-nav.navbar-right li a' in '10' second(s)

2021-11-18 11:55:09 - [MESSAGE][INFO] - Smart Wait Function is triggered

2021-11-18 11:55:10 - [MESSAGE][PASSED] - Web element with id: 'Object Repository/Kullanici_Islemleri/Secenekler' located by 'By.cssSelector: .nav.navbar-nav.navbar-right li a' is not present after '10' second(s)

2021-11-18 11:55:10 - [MESSAGE][PASSED] - Call Test Case 'Test Cases/Kullanici_Islemleri/KullaniciIslemlerindenSecimYapilir' successfully

2021-11-18 11:55:10 - [TEST_CASE][PASSED] - Start Test Case : SCENARIO Rol ve Yetki Tanimlari Buton Kontrolu: SCENARIO Rol ve Yetki Tanimlari Buton Kontrolu

2021-11-18 11:55:10 - [TEST_STEP][PASSED] - Kullanıcı adı ELOGO6 ve Şifre 123456 olarak giriş yapılır: Kullanıcı adı ELOGO6 ve Şifre 123456 olarak giriş yapılır

2021-11-18 11:55:10 - [MESSAGE][PASSED] - Kullanıcı adı ELOGO6 ve Şifre 123456 olarak giriş yapılır

2021-11-18 11:55:10 - [TEST_STEP][PASSED] - Ana menüden Firma Yönetimi seçilir: Ana menüden Firma Yönetimi seçilir

2021-11-18 11:55:10 - [MESSAGE][PASSED] - Ana menüden Firma Yönetimi seçilir

2021-11-18 11:55:10 - [TEST_STEP][PASSED] - Alt menüden Yetki Yönetimi seçilir: Alt menüden Yetki Yönetimi seçilir

2021-11-18 11:55:10 - [MESSAGE][PASSED] - Alt menüden Yetki Yönetimi seçilir

2021-11-18 11:55:10 - [TEST_STEP][PASSED] - Sekmelerden Rol ve Yetki Tanımları seçilir: Sekmelerden Rol ve Yetki Tanımları seçilir

2021-11-18 11:55:10 - [MESSAGE][PASSED] - Sekmelerden Rol ve Yetki Tanımları seçilir

2021-11-18 11:55:10 - [TEST_STEP][PASSED] - Filtre alanlarında Rol Adı var mı: Filtre alanlarında Rol Adı var mı

2021-11-18 11:55:10 - [MESSAGE][PASSED] - Filtre alanlarında Rol Adı var mı

2021-11-18 11:55:10 - [TEST_STEP][PASSED] - Filtre alanlarında Rol Açıklaması var mı: Filtre alanlarında Rol Açıklaması var mı

2021-11-18 11:55:10 - [MESSAGE][PASSED] - Filtre alanlarında Rol Açıklaması var mı

2021-11-18 11:55:10 - [TEST_STEP][PASSED] - Filtre butonlarında Listele var mı: Filtre butonlarında Listele var mı

2021-11-18 11:55:10 - [MESSAGE][PASSED] - Filtre butonlarında Listele var mı

2021-11-18 11:55:10 - [TEST_STEP][PASSED] - Filtre butonlarında Temizle var mı: Filtre butonlarında Temizle var mı

2021-11-18 11:55:10 - [MESSAGE][PASSED] - Filtre butonlarında Temizle var mı

2021-11-18 11:55:10 - [TEST_STEP][PASSED] - Butonlardan Rol Ekle var mı: Butonlardan Rol Ekle var mı

2021-11-18 11:55:10 - [MESSAGE][PASSED] - Butonlardan Rol Ekle var mı

2021-11-18 11:55:10 - [TEST_STEP][PASSED] - Butonlardan Değiştir var mı: Butonlardan Değiştir var mı

2021-11-18 11:55:10 - [MESSAGE][PASSED] - Butonlardan Değiştir var mı

2021-11-18 11:55:10 - [TEST_STEP][PASSED] - Butonlardan Sil var mı: Butonlardan Sil var mı

2021-11-18 11:55:10 - [MESSAGE][PASSED] - Butonlardan Sil var mı

2021-11-18 11:55:10 - [TEST_STEP][PASSED] - Butonlardan Yetki Tanımla var mı: Butonlardan Yetki Tanımla var mı

2021-11-18 11:55:10 - [MESSAGE][PASSED] - Butonlardan Yetki Tanımla var mı

2021-11-18 11:55:10 - [TEST_STEP][PASSED] - Kullanıcı işlemlerinden Çıkış seçilir: Kullanıcı işlemlerinden Çıkış seçilir

2021-11-18 11:55:10 - [MESSAGE][PASSED] - Kullanıcı işlemlerinden Çıkış seçilir

2021-11-18 11:55:10 - [MESSAGE][PASSED] - Feature file: 'Include/features/Firma Yonetimi/Yetki Yonetimi/Rol ve Yetki Tanimlari/Ekran Kontrolu.feature' was passed

2021-11-18 11:55:10 - [TEST_STEP][PASSED] - Start listener action : sampleAfterTestSuite: Invoke 'com.kms.katalon.core.annotation.AfterTestCase' method: 'Listener.sampleAfterTestSuite(...)' completed.

2021-11-18 11:55:10 - [MESSAGE][INFO] - Starting invoke 'com.kms.katalon.core.annotation.AfterTestCase' method: 'Listener.sampleAfterTestSuite(...)'

2021-11-18 11:55:10 - [TEST_STEP][PASSED] - closeBrowser(): Invoke 'com.kms.katalon.core.annotation.AfterTestCase' method: 'Listener.sampleAfterTestSuite(...)' completed.

2021-11-18 11:55:10 - [MESSAGE][INFO] - Closing browser

2021-11-18 11:55:10 - [MESSAGE][PASSED] - Browser is closed

2021-11-18 11:55:10 - [MESSAGE][INFO] - Invoke 'com.kms.katalon.core.annotation.AfterTestCase' method: 'Listener.sampleAfterTestSuite(...)' completed.]]></system-out>
         <system-err><![CDATA[]]></system-err>
      </testcase>
      <testcase name="Test Cases/Case Repository/Firma Yonetimi/Yetki Yonetimi/Rol ve Yetki Tanimlari/Rol Ekle" time="35.565" classname="Test Cases/Case Repository/Firma Yonetimi/Yetki Yonetimi/Rol ve Yetki Tanimlari/Rol Ekle" status="PASSED">
         <system-out><![CDATA[2021-11-18 11:55:10 - [TEST_CASE][PASSED] - Test Cases/Case Repository/Firma Yonetimi/Yetki Yonetimi/Rol ve Yetki Tanimlari/Rol Ekle: Test Cases/Case Repository/Firma Yonetimi/Yetki Yonetimi/Rol ve Yetki Tanimlari/Rol Ekle

2021-11-18 11:55:10 - [TEST_STEP][PASSED] - Start listener action : sampleBeforeTestSuite: Invoke 'com.kms.katalon.core.annotation.BeforeTestCase' method: 'Listener.sampleBeforeTestSuite(...)' completed.

2021-11-18 11:55:10 - [MESSAGE][INFO] - Starting invoke 'com.kms.katalon.core.annotation.BeforeTestCase' method: 'Listener.sampleBeforeTestSuite(...)'

2021-11-18 11:55:10 - [TEST_STEP][PASSED] - openBrowser(baseUrl): Browser is opened with url: 'https://efatura-stage.elogo.com.tr/'

2021-11-18 11:55:10 - [MESSAGE][INFO] - Opening browser

2021-11-18 11:55:10 - [MESSAGE][INFO] - Starting 'Chrome' driver

2021-11-18 11:55:10 - [MESSAGE][INFO] - User set preference: ['prefs', '{download.default_directory=C:\otomasyondownfiles}']

2021-11-18 11:55:10 - [MESSAGE][INFO] - Action delay is set to 0 milliseconds

2021-11-18 11:55:12 - [MESSAGE][INFO] - Navigating browser to: 'https://efatura-stage.elogo.com.tr/'

2021-11-18 11:55:17 - [MESSAGE][PASSED] - Browser is opened with url: 'https://efatura-stage.elogo.com.tr/'

2021-11-18 11:55:17 - [TEST_STEP][PASSED] - maximizeWindow(): Invoke 'com.kms.katalon.core.annotation.BeforeTestCase' method: 'Listener.sampleBeforeTestSuite(...)' completed.

2021-11-18 11:55:17 - [MESSAGE][INFO] - Maximizing current window

2021-11-18 11:55:17 - [MESSAGE][PASSED] - Current window maximized

2021-11-18 11:55:17 - [MESSAGE][INFO] - Invoke 'com.kms.katalon.core.annotation.BeforeTestCase' method: 'Listener.sampleBeforeTestSuite(...)' completed.

2021-11-18 11:55:18 - [TEST_STEP][PASSED] - runFeatureFile("Include/features/Firma Yonetimi/Yetki Yonetimi/Rol ve Yetki Tanimlari/Rol Ekle.feature"): Feature file: 'Include/features/Firma Yonetimi/Yetki Yonetimi/Rol ve Yetki Tanimlari/Rol Ekle.feature' was passed

2021-11-18 11:55:18 - [MESSAGE][INFO] - Starting run keyword runFeatureFile: 'Include/features/Firma Yonetimi/Yetki Yonetimi/Rol ve Yetki Tanimlari/Rol Ekle.feature' and extract report to folder: 'C:\Users\DELL\Documents\GitHub\EES_KatalonLogo\Reports\20211118_110909\Suite Repository\Firma_Yonetimi\20211118_111017/cucumber_report/1637225718563'...

2021-11-18 11:55:18 - [MESSAGE][INFO] - Glue: []

2021-11-18 11:55:20 - [MESSAGE][INFO] - Checking called Test Case

2021-11-18 11:55:20 - [MESSAGE][INFO] - Starting to call Test Case 'Test Cases/Sayfalar/Giris_Sayfasi/Login'

2021-11-18 11:55:20 - [TEST_CASE][PASSED] - Test Cases/Sayfalar/Giris_Sayfasi/Login: Test Cases/Sayfalar/Giris_Sayfasi/Login

2021-11-18 11:55:20 - [TEST_STEP][PASSED] - Sayfa_Basligi = getWindowTitle(): Current window's title is: 'LOGO e-Fatura'

2021-11-18 11:55:20 - [MESSAGE][INFO] - Getting current window's title

2021-11-18 11:55:20 - [MESSAGE][PASSED] - Current window's title is: 'LOGO e-Fatura'

2021-11-18 11:55:20 - [TEST_STEP][PASSED] - verifyMatch(Sayfa_Basligi, "LOGO e-Fatura", false): Actual text 'LOGO e-Fatura' and expected text 'LOGO e-Fatura' are matched 

2021-11-18 11:55:20 - [MESSAGE][INFO] - Matching actual text 'LOGO e-Fatura' with expected text 'LOGO e-Fatura'

2021-11-18 11:55:20 - [MESSAGE][PASSED] - Actual text 'LOGO e-Fatura' and expected text 'LOGO e-Fatura' are matched 

2021-11-18 11:55:20 - [TEST_STEP][PASSED] - sendKeys(findTestObject("Sayfalar/Giris_Sayfasi/Firma_Kodu"), KullaniciAdi): Keys 'ELOGO6' sent to object: 'Object Repository/Sayfalar/Giris_Sayfasi/Firma_Kodu'

2021-11-18 11:55:20 - [MESSAGE][INFO] - Finding Test Object 'Object Repository/Sayfalar/Giris_Sayfasi/Firma_Kodu'

2021-11-18 11:55:20 - [MESSAGE][INFO] - Sending keys 'ELOGO6' to object: 'Object Repository/Sayfalar/Giris_Sayfasi/Firma_Kodu'

2021-11-18 11:55:20 - [MESSAGE][INFO] - Finding web element from Test Object's properties

2021-11-18 11:55:20 - [MESSAGE][INFO] - Checking timeout

2021-11-18 11:55:20 - [MESSAGE][INFO] - Finding web element with id: 'Object Repository/Sayfalar/Giris_Sayfasi/Firma_Kodu' located by 'By.xpath: //*[@id = 'AccountName']' in '30' second(s)

2021-11-18 11:55:20 - [MESSAGE][INFO] - Smart Wait Function is triggered

2021-11-18 11:55:21 - [MESSAGE][INFO] - Found 1 web elements with id: 'Object Repository/Sayfalar/Giris_Sayfasi/Firma_Kodu' located by 'By.xpath: //*[@id = 'AccountName']' in '30' second(s)

2021-11-18 11:55:21 - [MESSAGE][PASSED] - Keys 'ELOGO6' sent to object: 'Object Repository/Sayfalar/Giris_Sayfasi/Firma_Kodu'

2021-11-18 11:55:21 - [TEST_STEP][PASSED] - sendKeys(findTestObject("Sayfalar/Giris_Sayfasi/Sifre"), Sifre): Keys '123456' sent to object: 'Object Repository/Sayfalar/Giris_Sayfasi/Sifre'

2021-11-18 11:55:21 - [MESSAGE][INFO] - Finding Test Object 'Object Repository/Sayfalar/Giris_Sayfasi/Sifre'

2021-11-18 11:55:21 - [MESSAGE][INFO] - Sending keys '123456' to object: 'Object Repository/Sayfalar/Giris_Sayfasi/Sifre'

2021-11-18 11:55:21 - [MESSAGE][INFO] - Finding web element from Test Object's properties

2021-11-18 11:55:21 - [MESSAGE][INFO] - Checking timeout

2021-11-18 11:55:21 - [MESSAGE][INFO] - Finding web element with id: 'Object Repository/Sayfalar/Giris_Sayfasi/Sifre' located by 'By.xpath: //*[@id = 'Password']' in '30' second(s)

2021-11-18 11:55:21 - [MESSAGE][INFO] - Smart Wait Function is triggered

2021-11-18 11:55:21 - [MESSAGE][INFO] - Found 1 web elements with id: 'Object Repository/Sayfalar/Giris_Sayfasi/Sifre' located by 'By.xpath: //*[@id = 'Password']' in '30' second(s)

2021-11-18 11:55:22 - [MESSAGE][PASSED] - Keys '123456' sent to object: 'Object Repository/Sayfalar/Giris_Sayfasi/Sifre'

2021-11-18 11:55:22 - [TEST_STEP][PASSED] - findWebElement(findTestObject("Sayfalar/Giris_Sayfasi/Giris_Butonu")).click(): Found 1 web elements with id: 'Object Repository/Sayfalar/Giris_Sayfasi/Giris_Butonu' located by 'By.cssSelector: #btnLogin' in '30' second(s)

2021-11-18 11:55:22 - [MESSAGE][INFO] - Finding Test Object 'Object Repository/Sayfalar/Giris_Sayfasi/Giris_Butonu'

2021-11-18 11:55:22 - [MESSAGE][INFO] - Finding web element from Test Object's properties

2021-11-18 11:55:22 - [MESSAGE][INFO] - Checking timeout

2021-11-18 11:55:22 - [MESSAGE][INFO] - Finding web element with id: 'Object Repository/Sayfalar/Giris_Sayfasi/Giris_Butonu' located by 'By.cssSelector: #btnLogin' in '30' second(s)

2021-11-18 11:55:22 - [MESSAGE][INFO] - Smart Wait Function is triggered

2021-11-18 11:55:22 - [MESSAGE][INFO] - Found 1 web elements with id: 'Object Repository/Sayfalar/Giris_Sayfasi/Giris_Butonu' located by 'By.cssSelector: #btnLogin' in '30' second(s)

2021-11-18 11:55:25 - [TEST_STEP][PASSED] - if (verifyElementPresent(findTestObject("Object Repository/Sayfalar/Giris_Sayfasi/RetveTamam_Butonu"), 5, OPTIONAL)): null

2021-11-18 11:55:25 - [MESSAGE][INFO] - Finding Test Object 'Object Repository/Sayfalar/Giris_Sayfasi/RetveTamam_Butonu'

2021-11-18 11:55:25 - [MESSAGE][INFO] - Checking object

2021-11-18 11:55:25 - [MESSAGE][INFO] - Finding web element from Test Object's properties

2021-11-18 11:55:25 - [MESSAGE][INFO] - Checking timeout

2021-11-18 11:55:25 - [MESSAGE][INFO] - Finding web element with id: 'Object Repository/Sayfalar/Giris_Sayfasi/RetveTamam_Butonu' located by 'By.xpath: //*[@class = 'btn btn-default']' in '5' second(s)

2021-11-18 11:55:25 - [MESSAGE][INFO] - Smart Wait Function is triggered

2021-11-18 11:55:25 - [MESSAGE][INFO] - Found 1 web elements with id: 'Object Repository/Sayfalar/Giris_Sayfasi/RetveTamam_Butonu' located by 'By.xpath: //*[@class = 'btn btn-default']' in '5' second(s)

2021-11-18 11:55:25 - [MESSAGE][PASSED] - Object 'Object Repository/Sayfalar/Giris_Sayfasi/RetveTamam_Butonu' is present

2021-11-18 11:55:25 - [TEST_STEP][PASSED] - click(findTestObject("Object Repository/Sayfalar/Giris_Sayfasi/RetveTamam_Butonu")): Object: 'Object Repository/Sayfalar/Giris_Sayfasi/RetveTamam_Butonu' is clicked on

2021-11-18 11:55:25 - [MESSAGE][INFO] - Finding Test Object 'Object Repository/Sayfalar/Giris_Sayfasi/RetveTamam_Butonu'

2021-11-18 11:55:25 - [MESSAGE][INFO] - Checking object

2021-11-18 11:55:25 - [MESSAGE][INFO] - Finding web element from Test Object's properties

2021-11-18 11:55:25 - [MESSAGE][INFO] - Checking timeout

2021-11-18 11:55:25 - [MESSAGE][INFO] - Finding web element with id: 'Object Repository/Sayfalar/Giris_Sayfasi/RetveTamam_Butonu' located by 'By.xpath: //*[@class = 'btn btn-default']' in '30' second(s)

2021-11-18 11:55:25 - [MESSAGE][INFO] - Smart Wait Function is triggered

2021-11-18 11:55:26 - [MESSAGE][INFO] - Found 1 web elements with id: 'Object Repository/Sayfalar/Giris_Sayfasi/RetveTamam_Butonu' located by 'By.xpath: //*[@class = 'btn btn-default']' in '30' second(s)

2021-11-18 11:55:26 - [MESSAGE][INFO] - Clicking on object: 'Object Repository/Sayfalar/Giris_Sayfasi/RetveTamam_Butonu'

2021-11-18 11:55:26 - [MESSAGE][PASSED] - Object: 'Object Repository/Sayfalar/Giris_Sayfasi/RetveTamam_Butonu' is clicked on

2021-11-18 11:55:26 - [TEST_STEP][PASSED] - click(findTestObject("Object Repository/Sayfalar/Giris_Sayfasi/RetveTamam_Butonu")): Object: 'Object Repository/Sayfalar/Giris_Sayfasi/RetveTamam_Butonu' is clicked on

2021-11-18 11:55:26 - [MESSAGE][INFO] - Finding Test Object 'Object Repository/Sayfalar/Giris_Sayfasi/RetveTamam_Butonu'

2021-11-18 11:55:26 - [MESSAGE][INFO] - Checking object

2021-11-18 11:55:26 - [MESSAGE][INFO] - Finding web element from Test Object's properties

2021-11-18 11:55:26 - [MESSAGE][INFO] - Checking timeout

2021-11-18 11:55:26 - [MESSAGE][INFO] - Finding web element with id: 'Object Repository/Sayfalar/Giris_Sayfasi/RetveTamam_Butonu' located by 'By.xpath: //*[@class = 'btn btn-default']' in '30' second(s)

2021-11-18 11:55:26 - [MESSAGE][INFO] - Smart Wait Function is triggered

2021-11-18 11:55:32 - [MESSAGE][INFO] - Found 1 web elements with id: 'Object Repository/Sayfalar/Giris_Sayfasi/RetveTamam_Butonu' located by 'By.xpath: //*[@class = 'btn btn-default']' in '30' second(s)

2021-11-18 11:55:32 - [MESSAGE][INFO] - Clicking on object: 'Object Repository/Sayfalar/Giris_Sayfasi/RetveTamam_Butonu'

2021-11-18 11:55:32 - [MESSAGE][PASSED] - Object: 'Object Repository/Sayfalar/Giris_Sayfasi/RetveTamam_Butonu' is clicked on

2021-11-18 11:55:32 - [TEST_STEP][PASSED] - if (verifyElementPresent(findTestObject("Sayfalar/Giris_Sayfasi/PopupOK"), 5, OPTIONAL)): null

2021-11-18 11:55:32 - [MESSAGE][INFO] - Finding Test Object 'Object Repository/Sayfalar/Giris_Sayfasi/PopupOK'

2021-11-18 11:55:33 - [MESSAGE][INFO] - Checking object

2021-11-18 11:55:33 - [MESSAGE][INFO] - Finding web element from Test Object's properties

2021-11-18 11:55:33 - [MESSAGE][INFO] - Checking timeout

2021-11-18 11:55:33 - [MESSAGE][INFO] - Finding web element with id: 'Object Repository/Sayfalar/Giris_Sayfasi/PopupOK' located by 'By.cssSelector: .btn.btn-success' in '5' second(s)

2021-11-18 11:55:33 - [MESSAGE][INFO] - Smart Wait Function is triggered

2021-11-18 11:55:33 - [MESSAGE][INFO] - Found 1 web elements with id: 'Object Repository/Sayfalar/Giris_Sayfasi/PopupOK' located by 'By.cssSelector: .btn.btn-success' in '5' second(s)

2021-11-18 11:55:33 - [MESSAGE][PASSED] - Object 'Object Repository/Sayfalar/Giris_Sayfasi/PopupOK' is present

2021-11-18 11:55:33 - [TEST_STEP][PASSED] - click(findTestObject("Object Repository/Sayfalar/Giris_Sayfasi/PopupCarpiGiris")): Object: 'Object Repository/Sayfalar/Giris_Sayfasi/PopupCarpiGiris' is clicked on

2021-11-18 11:55:33 - [MESSAGE][INFO] - Finding Test Object 'Object Repository/Sayfalar/Giris_Sayfasi/PopupCarpiGiris'

2021-11-18 11:55:33 - [MESSAGE][INFO] - Checking object

2021-11-18 11:55:33 - [MESSAGE][INFO] - Finding web element from Test Object's properties

2021-11-18 11:55:33 - [MESSAGE][INFO] - Checking timeout

2021-11-18 11:55:33 - [MESSAGE][INFO] - Finding web element with id: 'Object Repository/Sayfalar/Giris_Sayfasi/PopupCarpiGiris' located by 'By.cssSelector: .bootbox-close-button.close' in '30' second(s)

2021-11-18 11:55:33 - [MESSAGE][INFO] - Smart Wait Function is triggered

2021-11-18 11:55:34 - [MESSAGE][INFO] - Found 1 web elements with id: 'Object Repository/Sayfalar/Giris_Sayfasi/PopupCarpiGiris' located by 'By.cssSelector: .bootbox-close-button.close' in '30' second(s)

2021-11-18 11:55:34 - [MESSAGE][INFO] - Clicking on object: 'Object Repository/Sayfalar/Giris_Sayfasi/PopupCarpiGiris'

2021-11-18 11:55:34 - [MESSAGE][PASSED] - Object: 'Object Repository/Sayfalar/Giris_Sayfasi/PopupCarpiGiris' is clicked on

2021-11-18 11:55:34 - [TEST_STEP][PASSED] - verifyElementVisible(findTestObject("Object Repository/Kullanici_Islemleri/KullaniciIslemleri")): Object 'Object Repository/Kullanici_Islemleri/KullaniciIslemleri' is visible

2021-11-18 11:55:34 - [MESSAGE][INFO] - Finding Test Object 'Object Repository/Kullanici_Islemleri/KullaniciIslemleri'

2021-11-18 11:55:34 - [MESSAGE][INFO] - Checking object

2021-11-18 11:55:34 - [MESSAGE][INFO] - Finding web element from Test Object's properties

2021-11-18 11:55:34 - [MESSAGE][INFO] - Checking timeout

2021-11-18 11:55:34 - [MESSAGE][INFO] - Finding web element with id: 'Object Repository/Kullanici_Islemleri/KullaniciIslemleri' located by 'By.cssSelector: .dropdown>a>img' in '30' second(s)

2021-11-18 11:55:34 - [MESSAGE][INFO] - Smart Wait Function is triggered

2021-11-18 11:55:35 - [MESSAGE][INFO] - Found 1 web elements with id: 'Object Repository/Kullanici_Islemleri/KullaniciIslemleri' located by 'By.cssSelector: .dropdown>a>img' in '30' second(s)

2021-11-18 11:55:35 - [MESSAGE][PASSED] - Object 'Object Repository/Kullanici_Islemleri/KullaniciIslemleri' is visible

2021-11-18 11:55:35 - [MESSAGE][PASSED] - Call Test Case 'Test Cases/Sayfalar/Giris_Sayfasi/Login' successfully

2021-11-18 11:55:35 - [MESSAGE][INFO] - Checking called Test Case

2021-11-18 11:55:35 - [MESSAGE][INFO] - Starting to call Test Case 'Test Cases/Menu/AnaMenuSecimi'

2021-11-18 11:55:35 - [TEST_CASE][PASSED] - Test Cases/Menu/AnaMenuSecimi: Test Cases/Menu/AnaMenuSecimi

2021-11-18 11:55:35 - [TEST_STEP][PASSED] - Method.TextDegerineEsitElementeTikla(findTestObject("Menu/Ana_Menu"), Ana_Menu): Method.TextDegerineEsitElementeTikla is PASSED

2021-11-18 11:55:35 - [MESSAGE][INFO] - Finding Test Object 'Object Repository/Menu/Ana_Menu'

2021-11-18 11:55:35 - [MESSAGE][INFO] - Checking timeout

2021-11-18 11:55:35 - [MESSAGE][INFO] - Finding web element with id: 'Object Repository/Menu/Ana_Menu' located by 'By.xpath: //*[@class = 'dropdown-toggle']' in '10' second(s)

2021-11-18 11:55:35 - [MESSAGE][INFO] - Smart Wait Function is triggered

2021-11-18 11:55:35 - [MESSAGE][INFO] - Found 14 web elements with id: 'Object Repository/Menu/Ana_Menu' located by 'By.xpath: //*[@class = 'dropdown-toggle']' in '10' second(s)

2021-11-18 11:55:35 - [MESSAGE][PASSED] - Method.TextDegerineEsitElementeTikla is PASSED

2021-11-18 11:55:35 - [MESSAGE][PASSED] - Call Test Case 'Test Cases/Menu/AnaMenuSecimi' successfully

2021-11-18 11:55:35 - [MESSAGE][INFO] - Checking called Test Case

2021-11-18 11:55:35 - [MESSAGE][INFO] - Starting to call Test Case 'Test Cases/Menu/AltMenuSecimi'

2021-11-18 11:55:36 - [TEST_CASE][PASSED] - Test Cases/Menu/AltMenuSecimi: Test Cases/Menu/AltMenuSecimi

2021-11-18 11:55:36 - [TEST_STEP][PASSED] - Method.TextDegerineEsitElementeTikla(findTestObject("Menu/Alt_Menu"), Alt_Menu): Method.TextDegerineEsitElementeTikla is PASSED

2021-11-18 11:55:36 - [MESSAGE][INFO] - Finding Test Object 'Object Repository/Menu/Alt_Menu'

2021-11-18 11:55:36 - [MESSAGE][INFO] - Checking timeout

2021-11-18 11:55:36 - [MESSAGE][INFO] - Finding web element with id: 'Object Repository/Menu/Alt_Menu' located by 'By.xpath: //li[@class='dropdown dropdown-large open']//li[@class='dropdown-element']' in '10' second(s)

2021-11-18 11:55:36 - [MESSAGE][INFO] - Smart Wait Function is triggered

2021-11-18 11:55:36 - [MESSAGE][INFO] - Found 1 web elements with id: 'Object Repository/Menu/Alt_Menu' located by 'By.xpath: //li[@class='dropdown dropdown-large open']//li[@class='dropdown-element']' in '10' second(s)

2021-11-18 11:55:38 - [MESSAGE][PASSED] - Method.TextDegerineEsitElementeTikla is PASSED

2021-11-18 11:55:38 - [MESSAGE][PASSED] - Call Test Case 'Test Cases/Menu/AltMenuSecimi' successfully

2021-11-18 11:55:38 - [MESSAGE][INFO] - Checking called Test Case

2021-11-18 11:55:38 - [MESSAGE][INFO] - Starting to call Test Case 'Test Cases/Sayfalar/Yetki_Yonetimi/SekmeSecilir'

2021-11-18 11:55:38 - [TEST_CASE][PASSED] - Test Cases/Sayfalar/Yetki_Yonetimi/SekmeSecilir: Test Cases/Sayfalar/Yetki_Yonetimi/SekmeSecilir

2021-11-18 11:55:38 - [TEST_STEP][PASSED] - Method.TextDegerineEsitElementeTikla(findTestObject("Object Repository/Sayfalar/Yetki_Yonetimi/Sekmeler"), Sekme): Method.TextDegerineEsitElementeTikla is PASSED

2021-11-18 11:55:38 - [MESSAGE][INFO] - Finding Test Object 'Object Repository/Sayfalar/Yetki_Yonetimi/Sekmeler'

2021-11-18 11:55:38 - [MESSAGE][INFO] - Checking timeout

2021-11-18 11:55:38 - [MESSAGE][INFO] - Finding web element with id: 'Object Repository/Sayfalar/Yetki_Yonetimi/Sekmeler' located by 'By.cssSelector: #pcFeatures_TC>li[class="dxtc-tab"] span,#pcFeatures_TC>li[class="dxtc-activeTab dxtc-lead"] span' in '10' second(s)

2021-11-18 11:55:38 - [MESSAGE][INFO] - Smart Wait Function is triggered

2021-11-18 11:55:38 - [MESSAGE][INFO] - Found 3 web elements with id: 'Object Repository/Sayfalar/Yetki_Yonetimi/Sekmeler' located by 'By.cssSelector: #pcFeatures_TC>li[class="dxtc-tab"] span,#pcFeatures_TC>li[class="dxtc-activeTab dxtc-lead"] span' in '10' second(s)

2021-11-18 11:55:39 - [MESSAGE][PASSED] - Method.TextDegerineEsitElementeTikla is PASSED

2021-11-18 11:55:39 - [MESSAGE][PASSED] - Call Test Case 'Test Cases/Sayfalar/Yetki_Yonetimi/SekmeSecilir' successfully

2021-11-18 11:55:39 - [MESSAGE][INFO] - Checking called Test Case

2021-11-18 11:55:39 - [MESSAGE][INFO] - Starting to call Test Case 'Test Cases/Butonlar/ButonaTikla'

2021-11-18 11:55:39 - [TEST_CASE][PASSED] - Test Cases/Butonlar/ButonaTikla: Test Cases/Butonlar/ButonaTikla

2021-11-18 11:55:39 - [TEST_STEP][PASSED] - Method.TextDegerineEsitElementeTiklaEquals(findTestObject("Butonlar/Butonlar"), Buton_Adi): Method.TextDegerineEsitElementeTiklaEquals is PASSED

2021-11-18 11:55:39 - [MESSAGE][INFO] - Finding Test Object 'Object Repository/Butonlar/Butonlar'

2021-11-18 11:55:39 - [MESSAGE][INFO] - Checking timeout

2021-11-18 11:55:39 - [MESSAGE][INFO] - Finding web element with id: 'Object Repository/Butonlar/Butonlar' located by 'By.cssSelector: .panel.panel-default.text-center.footerPanel .btn,.btn.btn-primary.btnControls' in '10' second(s)

2021-11-18 11:55:39 - [MESSAGE][INFO] - Smart Wait Function is triggered

2021-11-18 11:55:39 - [MESSAGE][INFO] - Found 12 web elements with id: 'Object Repository/Butonlar/Butonlar' located by 'By.cssSelector: .panel.panel-default.text-center.footerPanel .btn,.btn.btn-primary.btnControls' in '10' second(s)

2021-11-18 11:55:39 - [MESSAGE][PASSED] - Method.TextDegerineEsitElementeTiklaEquals is PASSED

2021-11-18 11:55:39 - [MESSAGE][PASSED] - Call Test Case 'Test Cases/Butonlar/ButonaTikla' successfully

2021-11-18 11:55:39 - [MESSAGE][INFO] - Checking called Test Case

2021-11-18 11:55:39 - [MESSAGE][INFO] - Starting to call Test Case 'Test Cases/Sayfalar/Yetki_Yonetimi/RolEklenir'

2021-11-18 11:55:39 - [TEST_CASE][PASSED] - Test Cases/Sayfalar/Yetki_Yonetimi/RolEklenir: Test Cases/Sayfalar/Yetki_Yonetimi/RolEklenir

2021-11-18 11:55:40 - [TEST_STEP][PASSED] - switchToFrame(findTestObject("Object Repository/Sayfalar/Yetki_Yonetimi/Rol_Bilgisi/frame"), 10): Switched to iframe: 'Object Repository/Sayfalar/Yetki_Yonetimi/Rol_Bilgisi/frame'

2021-11-18 11:55:40 - [MESSAGE][INFO] - Finding Test Object 'Object Repository/Sayfalar/Yetki_Yonetimi/Rol_Bilgisi/frame'

2021-11-18 11:55:40 - [MESSAGE][INFO] - Switching to iframe: 'Object Repository/Sayfalar/Yetki_Yonetimi/Rol_Bilgisi/frame'

2021-11-18 11:55:40 - [MESSAGE][INFO] - Finding web element from Test Object's properties

2021-11-18 11:55:40 - [MESSAGE][INFO] - Checking timeout

2021-11-18 11:55:40 - [MESSAGE][INFO] - Finding web element with id: 'Object Repository/Sayfalar/Yetki_Yonetimi/Rol_Bilgisi/frame' located by 'By.xpath: //*[@id = 'addrolframe']' in '10' second(s)

2021-11-18 11:55:40 - [MESSAGE][INFO] - Smart Wait Function is triggered

2021-11-18 11:55:40 - [MESSAGE][INFO] - Found 1 web elements with id: 'Object Repository/Sayfalar/Yetki_Yonetimi/Rol_Bilgisi/frame' located by 'By.xpath: //*[@id = 'addrolframe']' in '10' second(s)

2021-11-18 11:55:40 - [MESSAGE][INFO] - Switched to iframe: 'Object Repository/Sayfalar/Yetki_Yonetimi/Rol_Bilgisi/frame'

2021-11-18 11:55:40 - [TEST_STEP][PASSED] - waitForElementPresent(findTestObject("Object Repository/Sayfalar/Yetki_Yonetimi/Rol_Bilgisi/Adi"), 10): Object 'Object Repository/Sayfalar/Yetki_Yonetimi/Rol_Bilgisi/Adi' is present

2021-11-18 11:55:40 - [MESSAGE][INFO] - Finding Test Object 'Object Repository/Sayfalar/Yetki_Yonetimi/Rol_Bilgisi/Adi'

2021-11-18 11:55:40 - [MESSAGE][INFO] - Checking object

2021-11-18 11:55:40 - [MESSAGE][INFO] - Finding web element from Test Object's properties

2021-11-18 11:55:40 - [MESSAGE][INFO] - Checking timeout

2021-11-18 11:55:40 - [MESSAGE][INFO] - Finding web element with id: 'Object Repository/Sayfalar/Yetki_Yonetimi/Rol_Bilgisi/Adi' located by 'By.xpath: //*[@id = 'RoleName_I']' in '10' second(s)

2021-11-18 11:55:40 - [MESSAGE][INFO] - Smart Wait Function is triggered

2021-11-18 11:55:40 - [MESSAGE][INFO] - Found 1 web elements with id: 'Object Repository/Sayfalar/Yetki_Yonetimi/Rol_Bilgisi/Adi' located by 'By.xpath: //*[@id = 'RoleName_I']' in '10' second(s)

2021-11-18 11:55:40 - [MESSAGE][PASSED] - Object 'Object Repository/Sayfalar/Yetki_Yonetimi/Rol_Bilgisi/Adi' is present

2021-11-18 11:55:40 - [TEST_STEP][PASSED] - clearText(findTestObject("Object Repository/Sayfalar/Yetki_Yonetimi/Rol_Bilgisi/Adi")): Text of object 'Object Repository/Sayfalar/Yetki_Yonetimi/Rol_Bilgisi/Adi' is cleared

2021-11-18 11:55:40 - [MESSAGE][INFO] - Finding Test Object 'Object Repository/Sayfalar/Yetki_Yonetimi/Rol_Bilgisi/Adi'

2021-11-18 11:55:40 - [MESSAGE][INFO] - Checking object

2021-11-18 11:55:40 - [MESSAGE][INFO] - Finding web element from Test Object's properties

2021-11-18 11:55:40 - [MESSAGE][INFO] - Checking timeout

2021-11-18 11:55:40 - [MESSAGE][INFO] - Finding web element with id: 'Object Repository/Sayfalar/Yetki_Yonetimi/Rol_Bilgisi/Adi' located by 'By.xpath: //*[@id = 'RoleName_I']' in '30' second(s)

2021-11-18 11:55:40 - [MESSAGE][INFO] - Smart Wait Function is triggered

2021-11-18 11:55:40 - [MESSAGE][INFO] - Found 1 web elements with id: 'Object Repository/Sayfalar/Yetki_Yonetimi/Rol_Bilgisi/Adi' located by 'By.xpath: //*[@id = 'RoleName_I']' in '30' second(s)

2021-11-18 11:55:40 - [MESSAGE][INFO] - Clearing text of object 'Object Repository/Sayfalar/Yetki_Yonetimi/Rol_Bilgisi/Adi'

2021-11-18 11:55:40 - [MESSAGE][PASSED] - Text of object 'Object Repository/Sayfalar/Yetki_Yonetimi/Rol_Bilgisi/Adi' is cleared

2021-11-18 11:55:40 - [TEST_STEP][PASSED] - sendKeys(findTestObject("Object Repository/Sayfalar/Yetki_Yonetimi/Rol_Bilgisi/Adi"), Adi): Keys 'VirgosolRol' sent to object: 'Object Repository/Sayfalar/Yetki_Yonetimi/Rol_Bilgisi/Adi'

2021-11-18 11:55:40 - [MESSAGE][INFO] - Finding Test Object 'Object Repository/Sayfalar/Yetki_Yonetimi/Rol_Bilgisi/Adi'

2021-11-18 11:55:40 - [MESSAGE][INFO] - Sending keys 'VirgosolRol' to object: 'Object Repository/Sayfalar/Yetki_Yonetimi/Rol_Bilgisi/Adi'

2021-11-18 11:55:40 - [MESSAGE][INFO] - Finding web element from Test Object's properties

2021-11-18 11:55:40 - [MESSAGE][INFO] - Checking timeout

2021-11-18 11:55:40 - [MESSAGE][INFO] - Finding web element with id: 'Object Repository/Sayfalar/Yetki_Yonetimi/Rol_Bilgisi/Adi' located by 'By.xpath: //*[@id = 'RoleName_I']' in '30' second(s)

2021-11-18 11:55:40 - [MESSAGE][INFO] - Smart Wait Function is triggered

2021-11-18 11:55:41 - [MESSAGE][INFO] - Found 1 web elements with id: 'Object Repository/Sayfalar/Yetki_Yonetimi/Rol_Bilgisi/Adi' located by 'By.xpath: //*[@id = 'RoleName_I']' in '30' second(s)

2021-11-18 11:55:41 - [MESSAGE][PASSED] - Keys 'VirgosolRol' sent to object: 'Object Repository/Sayfalar/Yetki_Yonetimi/Rol_Bilgisi/Adi'

2021-11-18 11:55:41 - [TEST_STEP][PASSED] - waitForElementPresent(findTestObject("Object Repository/Sayfalar/Yetki_Yonetimi/Rol_Bilgisi/Aciklamasi"), 10): Object 'Object Repository/Sayfalar/Yetki_Yonetimi/Rol_Bilgisi/Aciklamasi' is present

2021-11-18 11:55:41 - [MESSAGE][INFO] - Finding Test Object 'Object Repository/Sayfalar/Yetki_Yonetimi/Rol_Bilgisi/Aciklamasi'

2021-11-18 11:55:41 - [MESSAGE][INFO] - Checking object

2021-11-18 11:55:41 - [MESSAGE][INFO] - Finding web element from Test Object's properties

2021-11-18 11:55:41 - [MESSAGE][INFO] - Checking timeout

2021-11-18 11:55:41 - [MESSAGE][INFO] - Finding web element with id: 'Object Repository/Sayfalar/Yetki_Yonetimi/Rol_Bilgisi/Aciklamasi' located by 'By.xpath: //*[@id = 'RoleDescription_I']' in '10' second(s)

2021-11-18 11:55:41 - [MESSAGE][INFO] - Smart Wait Function is triggered

2021-11-18 11:55:41 - [MESSAGE][INFO] - Found 1 web elements with id: 'Object Repository/Sayfalar/Yetki_Yonetimi/Rol_Bilgisi/Aciklamasi' located by 'By.xpath: //*[@id = 'RoleDescription_I']' in '10' second(s)

2021-11-18 11:55:41 - [MESSAGE][PASSED] - Object 'Object Repository/Sayfalar/Yetki_Yonetimi/Rol_Bilgisi/Aciklamasi' is present

2021-11-18 11:55:41 - [TEST_STEP][PASSED] - clearText(findTestObject("Object Repository/Sayfalar/Yetki_Yonetimi/Rol_Bilgisi/Aciklamasi")): Text of object 'Object Repository/Sayfalar/Yetki_Yonetimi/Rol_Bilgisi/Aciklamasi' is cleared

2021-11-18 11:55:41 - [MESSAGE][INFO] - Finding Test Object 'Object Repository/Sayfalar/Yetki_Yonetimi/Rol_Bilgisi/Aciklamasi'

2021-11-18 11:55:41 - [MESSAGE][INFO] - Checking object

2021-11-18 11:55:41 - [MESSAGE][INFO] - Finding web element from Test Object's properties

2021-11-18 11:55:41 - [MESSAGE][INFO] - Checking timeout

2021-11-18 11:55:41 - [MESSAGE][INFO] - Finding web element with id: 'Object Repository/Sayfalar/Yetki_Yonetimi/Rol_Bilgisi/Aciklamasi' located by 'By.xpath: //*[@id = 'RoleDescription_I']' in '30' second(s)

2021-11-18 11:55:41 - [MESSAGE][INFO] - Smart Wait Function is triggered

2021-11-18 11:55:41 - [MESSAGE][INFO] - Found 1 web elements with id: 'Object Repository/Sayfalar/Yetki_Yonetimi/Rol_Bilgisi/Aciklamasi' located by 'By.xpath: //*[@id = 'RoleDescription_I']' in '30' second(s)

2021-11-18 11:55:41 - [MESSAGE][INFO] - Clearing text of object 'Object Repository/Sayfalar/Yetki_Yonetimi/Rol_Bilgisi/Aciklamasi'

2021-11-18 11:55:41 - [MESSAGE][PASSED] - Text of object 'Object Repository/Sayfalar/Yetki_Yonetimi/Rol_Bilgisi/Aciklamasi' is cleared

2021-11-18 11:55:41 - [TEST_STEP][PASSED] - sendKeys(findTestObject("Object Repository/Sayfalar/Yetki_Yonetimi/Rol_Bilgisi/Aciklamasi"), Aciklamasi): Keys 'Otomasyon' sent to object: 'Object Repository/Sayfalar/Yetki_Yonetimi/Rol_Bilgisi/Aciklamasi'

2021-11-18 11:55:41 - [MESSAGE][INFO] - Finding Test Object 'Object Repository/Sayfalar/Yetki_Yonetimi/Rol_Bilgisi/Aciklamasi'

2021-11-18 11:55:41 - [MESSAGE][INFO] - Sending keys 'Otomasyon' to object: 'Object Repository/Sayfalar/Yetki_Yonetimi/Rol_Bilgisi/Aciklamasi'

2021-11-18 11:55:41 - [MESSAGE][INFO] - Finding web element from Test Object's properties

2021-11-18 11:55:41 - [MESSAGE][INFO] - Checking timeout

2021-11-18 11:55:41 - [MESSAGE][INFO] - Finding web element with id: 'Object Repository/Sayfalar/Yetki_Yonetimi/Rol_Bilgisi/Aciklamasi' located by 'By.xpath: //*[@id = 'RoleDescription_I']' in '30' second(s)

2021-11-18 11:55:41 - [MESSAGE][INFO] - Smart Wait Function is triggered

2021-11-18 11:55:41 - [MESSAGE][INFO] - Found 1 web elements with id: 'Object Repository/Sayfalar/Yetki_Yonetimi/Rol_Bilgisi/Aciklamasi' located by 'By.xpath: //*[@id = 'RoleDescription_I']' in '30' second(s)

2021-11-18 11:55:41 - [MESSAGE][PASSED] - Keys 'Otomasyon' sent to object: 'Object Repository/Sayfalar/Yetki_Yonetimi/Rol_Bilgisi/Aciklamasi'

2021-11-18 11:55:41 - [TEST_STEP][PASSED] - waitForElementClickable(findTestObject("Object Repository/Sayfalar/Yetki_Yonetimi/Rol_Bilgisi/Kaydet"), 10): Object 'Object Repository/Sayfalar/Yetki_Yonetimi/Rol_Bilgisi/Kaydet' is clickable

2021-11-18 11:55:41 - [MESSAGE][INFO] - Finding Test Object 'Object Repository/Sayfalar/Yetki_Yonetimi/Rol_Bilgisi/Kaydet'

2021-11-18 11:55:41 - [MESSAGE][INFO] - Checking object

2021-11-18 11:55:41 - [MESSAGE][INFO] - Checking timeout

2021-11-18 11:55:41 - [MESSAGE][INFO] - Finding web element from Test Object's properties

2021-11-18 11:55:41 - [MESSAGE][INFO] - Checking timeout

2021-11-18 11:55:41 - [MESSAGE][INFO] - Finding web element with id: 'Object Repository/Sayfalar/Yetki_Yonetimi/Rol_Bilgisi/Kaydet' located by 'By.cssSelector: #btnSaveRole_CD>span' in '10' second(s)

2021-11-18 11:55:41 - [MESSAGE][INFO] - Smart Wait Function is triggered

2021-11-18 11:55:41 - [MESSAGE][INFO] - Found 1 web elements with id: 'Object Repository/Sayfalar/Yetki_Yonetimi/Rol_Bilgisi/Kaydet' located by 'By.cssSelector: #btnSaveRole_CD>span' in '10' second(s)

2021-11-18 11:55:41 - [MESSAGE][PASSED] - Object 'Object Repository/Sayfalar/Yetki_Yonetimi/Rol_Bilgisi/Kaydet' is clickable

2021-11-18 11:55:41 - [TEST_STEP][PASSED] - click(findTestObject("Object Repository/Sayfalar/Yetki_Yonetimi/Rol_Bilgisi/Kaydet")): Object: 'Object Repository/Sayfalar/Yetki_Yonetimi/Rol_Bilgisi/Kaydet' is clicked on

2021-11-18 11:55:41 - [MESSAGE][INFO] - Finding Test Object 'Object Repository/Sayfalar/Yetki_Yonetimi/Rol_Bilgisi/Kaydet'

2021-11-18 11:55:41 - [MESSAGE][INFO] - Checking object

2021-11-18 11:55:41 - [MESSAGE][INFO] - Finding web element from Test Object's properties

2021-11-18 11:55:41 - [MESSAGE][INFO] - Checking timeout

2021-11-18 11:55:41 - [MESSAGE][INFO] - Finding web element with id: 'Object Repository/Sayfalar/Yetki_Yonetimi/Rol_Bilgisi/Kaydet' located by 'By.cssSelector: #btnSaveRole_CD>span' in '30' second(s)

2021-11-18 11:55:41 - [MESSAGE][INFO] - Smart Wait Function is triggered

2021-11-18 11:55:41 - [MESSAGE][INFO] - Found 1 web elements with id: 'Object Repository/Sayfalar/Yetki_Yonetimi/Rol_Bilgisi/Kaydet' located by 'By.cssSelector: #btnSaveRole_CD>span' in '30' second(s)

2021-11-18 11:55:41 - [MESSAGE][INFO] - Clicking on object: 'Object Repository/Sayfalar/Yetki_Yonetimi/Rol_Bilgisi/Kaydet'

2021-11-18 11:55:41 - [MESSAGE][PASSED] - Object: 'Object Repository/Sayfalar/Yetki_Yonetimi/Rol_Bilgisi/Kaydet' is clicked on

2021-11-18 11:55:41 - [TEST_STEP][PASSED] - callTestCase(findTestCase("Popup/PopupMesajiIceriyorMu"), ["Mesaj":"Rol kaydı oluşturulmuştur"], STOP_ON_FAILURE): Call Test Case 'Test Cases/Popup/PopupMesajiIceriyorMu' successfully

2021-11-18 11:55:41 - [MESSAGE][INFO] - Checking called Test Case

2021-11-18 11:55:41 - [MESSAGE][INFO] - Starting to call Test Case 'Test Cases/Popup/PopupMesajiIceriyorMu'

2021-11-18 11:55:41 - [TEST_CASE][PASSED] - Test Cases/Popup/PopupMesajiIceriyorMu: Test Cases/Popup/PopupMesajiIceriyorMu

2021-11-18 11:55:41 - [TEST_STEP][PASSED] - waitForElementVisible(findTestObject("Popup/Popup"), 10): Object 'Object Repository/Popup/Popup' is visible

2021-11-18 11:55:41 - [MESSAGE][INFO] - Finding Test Object 'Object Repository/Popup/Popup'

2021-11-18 11:55:42 - [MESSAGE][INFO] - Checking object

2021-11-18 11:55:42 - [MESSAGE][INFO] - Checking timeout

2021-11-18 11:55:42 - [MESSAGE][INFO] - Finding web element from Test Object's properties

2021-11-18 11:55:42 - [MESSAGE][INFO] - Checking timeout

2021-11-18 11:55:42 - [MESSAGE][INFO] - Finding web element with id: 'Object Repository/Popup/Popup' located by 'By.cssSelector: .bootbox-body' in '10' second(s)

2021-11-18 11:55:42 - [MESSAGE][INFO] - Smart Wait Function is triggered

2021-11-18 11:55:42 - [MESSAGE][INFO] - Found 1 web elements with id: 'Object Repository/Popup/Popup' located by 'By.cssSelector: .bootbox-body' in '10' second(s)

2021-11-18 11:55:42 - [MESSAGE][PASSED] - Object 'Object Repository/Popup/Popup' is visible

2021-11-18 11:55:42 - [TEST_STEP][PASSED] - if (!(getText(findTestObject("Popup/Popup")).contains(Mesaj))): Text of object 'Object Repository/Popup/Popup' is: 'Rol kaydı oluşturulmuştur.'

2021-11-18 11:55:42 - [MESSAGE][INFO] - Finding Test Object 'Object Repository/Popup/Popup'

2021-11-18 11:55:42 - [MESSAGE][INFO] - Checking object

2021-11-18 11:55:42 - [MESSAGE][INFO] - Finding web element from Test Object's properties

2021-11-18 11:55:42 - [MESSAGE][INFO] - Checking timeout

2021-11-18 11:55:42 - [MESSAGE][INFO] - Finding web element with id: 'Object Repository/Popup/Popup' located by 'By.cssSelector: .bootbox-body' in '30' second(s)

2021-11-18 11:55:42 - [MESSAGE][INFO] - Smart Wait Function is triggered

2021-11-18 11:55:42 - [MESSAGE][INFO] - Found 1 web elements with id: 'Object Repository/Popup/Popup' located by 'By.cssSelector: .bootbox-body' in '30' second(s)

2021-11-18 11:55:42 - [MESSAGE][INFO] - Getting text of object 'Object Repository/Popup/Popup'

2021-11-18 11:55:42 - [MESSAGE][PASSED] - Text of object 'Object Repository/Popup/Popup' is: 'Rol kaydı oluşturulmuştur.'

2021-11-18 11:55:42 - [TEST_STEP][PASSED] - RaporNo = getText(findTestObject("Popup/Popup")).substring(0, 6): Text of object 'Object Repository/Popup/Popup' is: 'Rol kaydı oluşturulmuştur.'

2021-11-18 11:55:42 - [MESSAGE][INFO] - Finding Test Object 'Object Repository/Popup/Popup'

2021-11-18 11:55:42 - [MESSAGE][INFO] - Checking object

2021-11-18 11:55:42 - [MESSAGE][INFO] - Finding web element from Test Object's properties

2021-11-18 11:55:42 - [MESSAGE][INFO] - Checking timeout

2021-11-18 11:55:42 - [MESSAGE][INFO] - Finding web element with id: 'Object Repository/Popup/Popup' located by 'By.cssSelector: .bootbox-body' in '30' second(s)

2021-11-18 11:55:42 - [MESSAGE][INFO] - Smart Wait Function is triggered

2021-11-18 11:55:42 - [MESSAGE][INFO] - Found 1 web elements with id: 'Object Repository/Popup/Popup' located by 'By.cssSelector: .bootbox-body' in '30' second(s)

2021-11-18 11:55:42 - [MESSAGE][INFO] - Getting text of object 'Object Repository/Popup/Popup'

2021-11-18 11:55:42 - [MESSAGE][PASSED] - Text of object 'Object Repository/Popup/Popup' is: 'Rol kaydı oluşturulmuştur.'

2021-11-18 11:55:42 - [TEST_STEP][PASSED] - Console.println(RaporNo): null

2021-11-18 11:55:42 - [MESSAGE][PASSED] - Call Test Case 'Test Cases/Popup/PopupMesajiIceriyorMu' successfully

2021-11-18 11:55:42 - [TEST_STEP][PASSED] - callTestCase(findTestCase("Popup/PopupButonSecilir"), ["Buton":"Tamam"], STOP_ON_FAILURE): Call Test Case 'Test Cases/Popup/PopupButonSecilir' successfully

2021-11-18 11:55:42 - [MESSAGE][INFO] - Checking called Test Case

2021-11-18 11:55:42 - [MESSAGE][INFO] - Starting to call Test Case 'Test Cases/Popup/PopupButonSecilir'

2021-11-18 11:55:42 - [TEST_CASE][PASSED] - Test Cases/Popup/PopupButonSecilir: Test Cases/Popup/PopupButonSecilir

2021-11-18 11:55:42 - [TEST_STEP][PASSED] - Method.TextDegerineEsitElementeTikla(findTestObject("Popup/Popup_Butons"), Buton): Method.TextDegerineEsitElementeTikla is PASSED

2021-11-18 11:55:42 - [MESSAGE][INFO] - Finding Test Object 'Object Repository/Popup/Popup_Butons'

2021-11-18 11:55:42 - [MESSAGE][INFO] - Checking timeout

2021-11-18 11:55:42 - [MESSAGE][INFO] - Finding web element with id: 'Object Repository/Popup/Popup_Butons' located by 'By.cssSelector: .modal-footer>button' in '10' second(s)

2021-11-18 11:55:42 - [MESSAGE][INFO] - Smart Wait Function is triggered

2021-11-18 11:55:42 - [MESSAGE][INFO] - Found 1 web elements with id: 'Object Repository/Popup/Popup_Butons' located by 'By.cssSelector: .modal-footer>button' in '10' second(s)

2021-11-18 11:55:42 - [MESSAGE][PASSED] - Method.TextDegerineEsitElementeTikla is PASSED

2021-11-18 11:55:42 - [MESSAGE][PASSED] - Call Test Case 'Test Cases/Popup/PopupButonSecilir' successfully

2021-11-18 11:55:42 - [TEST_STEP][PASSED] - switchToDefaultContent(): Switching to default content

2021-11-18 11:55:42 - [MESSAGE][INFO] - Switching to default content

2021-11-18 11:55:42 - [MESSAGE][PASSED] - Call Test Case 'Test Cases/Sayfalar/Yetki_Yonetimi/RolEklenir' successfully

2021-11-18 11:55:42 - [MESSAGE][INFO] - Checking called Test Case

2021-11-18 11:55:42 - [MESSAGE][INFO] - Starting to call Test Case 'Test Cases/Kullanici_Islemleri/KullaniciIslemlerindenSecimYapilir'

2021-11-18 11:55:42 - [TEST_CASE][PASSED] - Test Cases/Kullanici_Islemleri/KullaniciIslemlerindenSecimYapilir: Test Cases/Kullanici_Islemleri/KullaniciIslemlerindenSecimYapilir

2021-11-18 11:55:42 - [TEST_STEP][PASSED] - waitForElementClickable(findTestObject("Object Repository/Kullanici_Islemleri/KullaniciIslemleri"), 10): Object 'Object Repository/Kullanici_Islemleri/KullaniciIslemleri' is clickable

2021-11-18 11:55:42 - [MESSAGE][INFO] - Finding Test Object 'Object Repository/Kullanici_Islemleri/KullaniciIslemleri'

2021-11-18 11:55:42 - [MESSAGE][INFO] - Checking object

2021-11-18 11:55:42 - [MESSAGE][INFO] - Checking timeout

2021-11-18 11:55:42 - [MESSAGE][INFO] - Finding web element from Test Object's properties

2021-11-18 11:55:42 - [MESSAGE][INFO] - Checking timeout

2021-11-18 11:55:42 - [MESSAGE][INFO] - Finding web element with id: 'Object Repository/Kullanici_Islemleri/KullaniciIslemleri' located by 'By.cssSelector: .dropdown>a>img' in '10' second(s)

2021-11-18 11:55:42 - [MESSAGE][INFO] - Smart Wait Function is triggered

2021-11-18 11:55:43 - [MESSAGE][INFO] - Found 1 web elements with id: 'Object Repository/Kullanici_Islemleri/KullaniciIslemleri' located by 'By.cssSelector: .dropdown>a>img' in '10' second(s)

2021-11-18 11:55:43 - [MESSAGE][PASSED] - Object 'Object Repository/Kullanici_Islemleri/KullaniciIslemleri' is clickable

2021-11-18 11:55:43 - [TEST_STEP][PASSED] - click(findTestObject("Object Repository/Kullanici_Islemleri/KullaniciIslemleri")): Object: 'Object Repository/Kullanici_Islemleri/KullaniciIslemleri' is clicked on

2021-11-18 11:55:43 - [MESSAGE][INFO] - Finding Test Object 'Object Repository/Kullanici_Islemleri/KullaniciIslemleri'

2021-11-18 11:55:43 - [MESSAGE][INFO] - Checking object

2021-11-18 11:55:43 - [MESSAGE][INFO] - Finding web element from Test Object's properties

2021-11-18 11:55:43 - [MESSAGE][INFO] - Checking timeout

2021-11-18 11:55:43 - [MESSAGE][INFO] - Finding web element with id: 'Object Repository/Kullanici_Islemleri/KullaniciIslemleri' located by 'By.cssSelector: .dropdown>a>img' in '30' second(s)

2021-11-18 11:55:43 - [MESSAGE][INFO] - Smart Wait Function is triggered

2021-11-18 11:55:43 - [MESSAGE][INFO] - Found 1 web elements with id: 'Object Repository/Kullanici_Islemleri/KullaniciIslemleri' located by 'By.cssSelector: .dropdown>a>img' in '30' second(s)

2021-11-18 11:55:43 - [MESSAGE][INFO] - Clicking on object: 'Object Repository/Kullanici_Islemleri/KullaniciIslemleri'

2021-11-18 11:55:43 - [MESSAGE][PASSED] - Object: 'Object Repository/Kullanici_Islemleri/KullaniciIslemleri' is clicked on

2021-11-18 11:55:43 - [TEST_STEP][PASSED] - Method.TextDegerineEsitElementeTikla(findTestObject("Object Repository/Kullanici_Islemleri/Secenekler"), Islem): Method.TextDegerineEsitElementeTikla is PASSED

2021-11-18 11:55:43 - [MESSAGE][INFO] - Finding Test Object 'Object Repository/Kullanici_Islemleri/Secenekler'

2021-11-18 11:55:43 - [MESSAGE][INFO] - Checking timeout

2021-11-18 11:55:43 - [MESSAGE][INFO] - Finding web element with id: 'Object Repository/Kullanici_Islemleri/Secenekler' located by 'By.cssSelector: .nav.navbar-nav.navbar-right li a' in '10' second(s)

2021-11-18 11:55:43 - [MESSAGE][INFO] - Smart Wait Function is triggered

2021-11-18 11:55:44 - [MESSAGE][INFO] - Found 22 web elements with id: 'Object Repository/Kullanici_Islemleri/Secenekler' located by 'By.cssSelector: .nav.navbar-nav.navbar-right li a' in '10' second(s)

2021-11-18 11:55:45 - [MESSAGE][PASSED] - Method.TextDegerineEsitElementeTikla is PASSED

2021-11-18 11:55:45 - [TEST_STEP][PASSED] - verifyElementNotPresent(findTestObject("Object Repository/Kullanici_Islemleri/Secenekler"), 10): Web element with id: 'Object Repository/Kullanici_Islemleri/Secenekler' located by 'By.cssSelector: .nav.navbar-nav.navbar-right li a' is not present after '10' second(s)

2021-11-18 11:55:45 - [MESSAGE][INFO] - Finding Test Object 'Object Repository/Kullanici_Islemleri/Secenekler'

2021-11-18 11:55:45 - [MESSAGE][INFO] - Checking object

2021-11-18 11:55:45 - [MESSAGE][INFO] - Checking timeout

2021-11-18 11:55:45 - [MESSAGE][INFO] - Finding web element with id: 'Object Repository/Kullanici_Islemleri/Secenekler' located by 'By.cssSelector: .nav.navbar-nav.navbar-right li a' in '10' second(s)

2021-11-18 11:55:45 - [MESSAGE][INFO] - Smart Wait Function is triggered

2021-11-18 11:55:45 - [MESSAGE][PASSED] - Web element with id: 'Object Repository/Kullanici_Islemleri/Secenekler' located by 'By.cssSelector: .nav.navbar-nav.navbar-right li a' is not present after '10' second(s)

2021-11-18 11:55:45 - [MESSAGE][PASSED] - Call Test Case 'Test Cases/Kullanici_Islemleri/KullaniciIslemlerindenSecimYapilir' successfully

2021-11-18 11:55:45 - [TEST_CASE][PASSED] - Start Test Case : SCENARIO Rol Eklenir: SCENARIO Rol Eklenir

2021-11-18 11:55:45 - [TEST_STEP][PASSED] - Kullanıcı adı ELOGO6 ve Şifre 123456 olarak giriş yapılır: Kullanıcı adı ELOGO6 ve Şifre 123456 olarak giriş yapılır

2021-11-18 11:55:45 - [MESSAGE][PASSED] - Kullanıcı adı ELOGO6 ve Şifre 123456 olarak giriş yapılır

2021-11-18 11:55:45 - [TEST_STEP][PASSED] - Ana menüden Firma Yönetimi seçilir: Ana menüden Firma Yönetimi seçilir

2021-11-18 11:55:45 - [MESSAGE][PASSED] - Ana menüden Firma Yönetimi seçilir

2021-11-18 11:55:45 - [TEST_STEP][PASSED] - Alt menüden Yetki Yönetimi seçilir: Alt menüden Yetki Yönetimi seçilir

2021-11-18 11:55:45 - [MESSAGE][PASSED] - Alt menüden Yetki Yönetimi seçilir

2021-11-18 11:55:45 - [TEST_STEP][PASSED] - Sekmelerden Rol ve Yetki Tanımları seçilir: Sekmelerden Rol ve Yetki Tanımları seçilir

2021-11-18 11:55:45 - [MESSAGE][PASSED] - Sekmelerden Rol ve Yetki Tanımları seçilir

2021-11-18 11:55:45 - [TEST_STEP][PASSED] - Butonlardan Rol Ekle isimli butona tıklanır: Butonlardan Rol Ekle isimli butona tıklanır

2021-11-18 11:55:45 - [MESSAGE][PASSED] - Butonlardan Rol Ekle isimli butona tıklanır

2021-11-18 11:55:45 - [TEST_STEP][PASSED] - Rol Bilgileri VirgosolRol, Otomasyon girilir: Rol Bilgileri VirgosolRol, Otomasyon girilir

2021-11-18 11:55:45 - [MESSAGE][PASSED] - Rol Bilgileri VirgosolRol, Otomasyon girilir

2021-11-18 11:55:45 - [TEST_STEP][PASSED] - Kullanıcı işlemlerinden Çıkış seçilir: Kullanıcı işlemlerinden Çıkış seçilir

2021-11-18 11:55:45 - [MESSAGE][PASSED] - Kullanıcı işlemlerinden Çıkış seçilir

2021-11-18 11:55:45 - [MESSAGE][PASSED] - Feature file: 'Include/features/Firma Yonetimi/Yetki Yonetimi/Rol ve Yetki Tanimlari/Rol Ekle.feature' was passed

2021-11-18 11:55:45 - [TEST_STEP][PASSED] - Start listener action : sampleAfterTestSuite: Invoke 'com.kms.katalon.core.annotation.AfterTestCase' method: 'Listener.sampleAfterTestSuite(...)' completed.

2021-11-18 11:55:45 - [MESSAGE][INFO] - Starting invoke 'com.kms.katalon.core.annotation.AfterTestCase' method: 'Listener.sampleAfterTestSuite(...)'

2021-11-18 11:55:45 - [TEST_STEP][PASSED] - closeBrowser(): Invoke 'com.kms.katalon.core.annotation.AfterTestCase' method: 'Listener.sampleAfterTestSuite(...)' completed.

2021-11-18 11:55:45 - [MESSAGE][INFO] - Closing browser

2021-11-18 11:55:46 - [MESSAGE][PASSED] - Browser is closed

2021-11-18 11:55:46 - [MESSAGE][INFO] - Invoke 'com.kms.katalon.core.annotation.AfterTestCase' method: 'Listener.sampleAfterTestSuite(...)' completed.]]></system-out>
         <system-err><![CDATA[]]></system-err>
      </testcase>
      <testcase name="Test Cases/Case Repository/Firma Yonetimi/Yetki Yonetimi/Rol ve Yetki Tanimlari/Sil" time="30.133" classname="Test Cases/Case Repository/Firma Yonetimi/Yetki Yonetimi/Rol ve Yetki Tanimlari/Sil" status="PASSED">
         <system-out><![CDATA[2021-11-18 11:55:46 - [TEST_CASE][PASSED] - Test Cases/Case Repository/Firma Yonetimi/Yetki Yonetimi/Rol ve Yetki Tanimlari/Sil: Test Cases/Case Repository/Firma Yonetimi/Yetki Yonetimi/Rol ve Yetki Tanimlari/Sil

2021-11-18 11:55:46 - [TEST_STEP][PASSED] - Start listener action : sampleBeforeTestSuite: Invoke 'com.kms.katalon.core.annotation.BeforeTestCase' method: 'Listener.sampleBeforeTestSuite(...)' completed.

2021-11-18 11:55:46 - [MESSAGE][INFO] - Starting invoke 'com.kms.katalon.core.annotation.BeforeTestCase' method: 'Listener.sampleBeforeTestSuite(...)'

2021-11-18 11:55:46 - [TEST_STEP][PASSED] - openBrowser(baseUrl): Browser is opened with url: 'https://efatura-stage.elogo.com.tr/'

2021-11-18 11:55:46 - [MESSAGE][INFO] - Opening browser

2021-11-18 11:55:46 - [MESSAGE][INFO] - Starting 'Chrome' driver

2021-11-18 11:55:46 - [MESSAGE][INFO] - User set preference: ['prefs', '{download.default_directory=C:\otomasyondownfiles}']

2021-11-18 11:55:46 - [MESSAGE][INFO] - Action delay is set to 0 milliseconds

2021-11-18 11:55:47 - [MESSAGE][INFO] - Navigating browser to: 'https://efatura-stage.elogo.com.tr/'

2021-11-18 11:55:50 - [MESSAGE][PASSED] - Browser is opened with url: 'https://efatura-stage.elogo.com.tr/'

2021-11-18 11:55:50 - [TEST_STEP][PASSED] - maximizeWindow(): Invoke 'com.kms.katalon.core.annotation.BeforeTestCase' method: 'Listener.sampleBeforeTestSuite(...)' completed.

2021-11-18 11:55:50 - [MESSAGE][INFO] - Maximizing current window

2021-11-18 11:55:50 - [MESSAGE][PASSED] - Current window maximized

2021-11-18 11:55:50 - [MESSAGE][INFO] - Invoke 'com.kms.katalon.core.annotation.BeforeTestCase' method: 'Listener.sampleBeforeTestSuite(...)' completed.

2021-11-18 11:55:50 - [TEST_STEP][PASSED] - runFeatureFile("Include/features/Firma Yonetimi/Yetki Yonetimi/Rol ve Yetki Tanimlari/Sil.feature"): Feature file: 'Include/features/Firma Yonetimi/Yetki Yonetimi/Rol ve Yetki Tanimlari/Sil.feature' was passed

2021-11-18 11:55:50 - [MESSAGE][INFO] - Starting run keyword runFeatureFile: 'Include/features/Firma Yonetimi/Yetki Yonetimi/Rol ve Yetki Tanimlari/Sil.feature' and extract report to folder: 'C:\Users\DELL\Documents\GitHub\EES_KatalonLogo\Reports\20211118_110909\Suite Repository\Firma_Yonetimi\20211118_111017/cucumber_report/1637225750665'...

2021-11-18 11:55:50 - [MESSAGE][INFO] - Glue: []

2021-11-18 11:55:51 - [MESSAGE][INFO] - Checking called Test Case

2021-11-18 11:55:51 - [MESSAGE][INFO] - Starting to call Test Case 'Test Cases/Sayfalar/Giris_Sayfasi/Login'

2021-11-18 11:55:52 - [TEST_CASE][PASSED] - Test Cases/Sayfalar/Giris_Sayfasi/Login: Test Cases/Sayfalar/Giris_Sayfasi/Login

2021-11-18 11:55:52 - [TEST_STEP][PASSED] - Sayfa_Basligi = getWindowTitle(): Current window's title is: 'LOGO e-Fatura'

2021-11-18 11:55:52 - [MESSAGE][INFO] - Getting current window's title

2021-11-18 11:55:52 - [MESSAGE][PASSED] - Current window's title is: 'LOGO e-Fatura'

2021-11-18 11:55:52 - [TEST_STEP][PASSED] - verifyMatch(Sayfa_Basligi, "LOGO e-Fatura", false): Actual text 'LOGO e-Fatura' and expected text 'LOGO e-Fatura' are matched 

2021-11-18 11:55:52 - [MESSAGE][INFO] - Matching actual text 'LOGO e-Fatura' with expected text 'LOGO e-Fatura'

2021-11-18 11:55:52 - [MESSAGE][PASSED] - Actual text 'LOGO e-Fatura' and expected text 'LOGO e-Fatura' are matched 

2021-11-18 11:55:52 - [TEST_STEP][PASSED] - sendKeys(findTestObject("Sayfalar/Giris_Sayfasi/Firma_Kodu"), KullaniciAdi): Keys 'ELOGO6' sent to object: 'Object Repository/Sayfalar/Giris_Sayfasi/Firma_Kodu'

2021-11-18 11:55:52 - [MESSAGE][INFO] - Finding Test Object 'Object Repository/Sayfalar/Giris_Sayfasi/Firma_Kodu'

2021-11-18 11:55:52 - [MESSAGE][INFO] - Sending keys 'ELOGO6' to object: 'Object Repository/Sayfalar/Giris_Sayfasi/Firma_Kodu'

2021-11-18 11:55:52 - [MESSAGE][INFO] - Finding web element from Test Object's properties

2021-11-18 11:55:52 - [MESSAGE][INFO] - Checking timeout

2021-11-18 11:55:52 - [MESSAGE][INFO] - Finding web element with id: 'Object Repository/Sayfalar/Giris_Sayfasi/Firma_Kodu' located by 'By.xpath: //*[@id = 'AccountName']' in '30' second(s)

2021-11-18 11:55:52 - [MESSAGE][INFO] - Smart Wait Function is triggered

2021-11-18 11:55:52 - [MESSAGE][INFO] - Found 1 web elements with id: 'Object Repository/Sayfalar/Giris_Sayfasi/Firma_Kodu' located by 'By.xpath: //*[@id = 'AccountName']' in '30' second(s)

2021-11-18 11:55:52 - [MESSAGE][PASSED] - Keys 'ELOGO6' sent to object: 'Object Repository/Sayfalar/Giris_Sayfasi/Firma_Kodu'

2021-11-18 11:55:52 - [TEST_STEP][PASSED] - sendKeys(findTestObject("Sayfalar/Giris_Sayfasi/Sifre"), Sifre): Keys '123456' sent to object: 'Object Repository/Sayfalar/Giris_Sayfasi/Sifre'

2021-11-18 11:55:52 - [MESSAGE][INFO] - Finding Test Object 'Object Repository/Sayfalar/Giris_Sayfasi/Sifre'

2021-11-18 11:55:52 - [MESSAGE][INFO] - Sending keys '123456' to object: 'Object Repository/Sayfalar/Giris_Sayfasi/Sifre'

2021-11-18 11:55:52 - [MESSAGE][INFO] - Finding web element from Test Object's properties

2021-11-18 11:55:52 - [MESSAGE][INFO] - Checking timeout

2021-11-18 11:55:52 - [MESSAGE][INFO] - Finding web element with id: 'Object Repository/Sayfalar/Giris_Sayfasi/Sifre' located by 'By.xpath: //*[@id = 'Password']' in '30' second(s)

2021-11-18 11:55:52 - [MESSAGE][INFO] - Smart Wait Function is triggered

2021-11-18 11:55:53 - [MESSAGE][INFO] - Found 1 web elements with id: 'Object Repository/Sayfalar/Giris_Sayfasi/Sifre' located by 'By.xpath: //*[@id = 'Password']' in '30' second(s)

2021-11-18 11:55:53 - [MESSAGE][PASSED] - Keys '123456' sent to object: 'Object Repository/Sayfalar/Giris_Sayfasi/Sifre'

2021-11-18 11:55:53 - [TEST_STEP][PASSED] - findWebElement(findTestObject("Sayfalar/Giris_Sayfasi/Giris_Butonu")).click(): Found 1 web elements with id: 'Object Repository/Sayfalar/Giris_Sayfasi/Giris_Butonu' located by 'By.cssSelector: #btnLogin' in '30' second(s)

2021-11-18 11:55:53 - [MESSAGE][INFO] - Finding Test Object 'Object Repository/Sayfalar/Giris_Sayfasi/Giris_Butonu'

2021-11-18 11:55:53 - [MESSAGE][INFO] - Finding web element from Test Object's properties

2021-11-18 11:55:53 - [MESSAGE][INFO] - Checking timeout

2021-11-18 11:55:53 - [MESSAGE][INFO] - Finding web element with id: 'Object Repository/Sayfalar/Giris_Sayfasi/Giris_Butonu' located by 'By.cssSelector: #btnLogin' in '30' second(s)

2021-11-18 11:55:53 - [MESSAGE][INFO] - Smart Wait Function is triggered

2021-11-18 11:55:53 - [MESSAGE][INFO] - Found 1 web elements with id: 'Object Repository/Sayfalar/Giris_Sayfasi/Giris_Butonu' located by 'By.cssSelector: #btnLogin' in '30' second(s)

2021-11-18 11:55:55 - [TEST_STEP][PASSED] - if (verifyElementPresent(findTestObject("Object Repository/Sayfalar/Giris_Sayfasi/RetveTamam_Butonu"), 5, OPTIONAL)): null

2021-11-18 11:55:55 - [MESSAGE][INFO] - Finding Test Object 'Object Repository/Sayfalar/Giris_Sayfasi/RetveTamam_Butonu'

2021-11-18 11:55:56 - [MESSAGE][INFO] - Checking object

2021-11-18 11:55:56 - [MESSAGE][INFO] - Finding web element from Test Object's properties

2021-11-18 11:55:56 - [MESSAGE][INFO] - Checking timeout

2021-11-18 11:55:56 - [MESSAGE][INFO] - Finding web element with id: 'Object Repository/Sayfalar/Giris_Sayfasi/RetveTamam_Butonu' located by 'By.xpath: //*[@class = 'btn btn-default']' in '5' second(s)

2021-11-18 11:55:56 - [MESSAGE][INFO] - Smart Wait Function is triggered

2021-11-18 11:55:56 - [MESSAGE][INFO] - Found 1 web elements with id: 'Object Repository/Sayfalar/Giris_Sayfasi/RetveTamam_Butonu' located by 'By.xpath: //*[@class = 'btn btn-default']' in '5' second(s)

2021-11-18 11:55:56 - [MESSAGE][PASSED] - Object 'Object Repository/Sayfalar/Giris_Sayfasi/RetveTamam_Butonu' is present

2021-11-18 11:55:56 - [TEST_STEP][PASSED] - click(findTestObject("Object Repository/Sayfalar/Giris_Sayfasi/RetveTamam_Butonu")): Object: 'Object Repository/Sayfalar/Giris_Sayfasi/RetveTamam_Butonu' is clicked on

2021-11-18 11:55:56 - [MESSAGE][INFO] - Finding Test Object 'Object Repository/Sayfalar/Giris_Sayfasi/RetveTamam_Butonu'

2021-11-18 11:55:56 - [MESSAGE][INFO] - Checking object

2021-11-18 11:55:56 - [MESSAGE][INFO] - Finding web element from Test Object's properties

2021-11-18 11:55:56 - [MESSAGE][INFO] - Checking timeout

2021-11-18 11:55:56 - [MESSAGE][INFO] - Finding web element with id: 'Object Repository/Sayfalar/Giris_Sayfasi/RetveTamam_Butonu' located by 'By.xpath: //*[@class = 'btn btn-default']' in '30' second(s)

2021-11-18 11:55:56 - [MESSAGE][INFO] - Smart Wait Function is triggered

2021-11-18 11:55:56 - [MESSAGE][INFO] - Found 1 web elements with id: 'Object Repository/Sayfalar/Giris_Sayfasi/RetveTamam_Butonu' located by 'By.xpath: //*[@class = 'btn btn-default']' in '30' second(s)

2021-11-18 11:55:56 - [MESSAGE][INFO] - Clicking on object: 'Object Repository/Sayfalar/Giris_Sayfasi/RetveTamam_Butonu'

2021-11-18 11:55:56 - [MESSAGE][PASSED] - Object: 'Object Repository/Sayfalar/Giris_Sayfasi/RetveTamam_Butonu' is clicked on

2021-11-18 11:55:56 - [TEST_STEP][PASSED] - click(findTestObject("Object Repository/Sayfalar/Giris_Sayfasi/RetveTamam_Butonu")): Object: 'Object Repository/Sayfalar/Giris_Sayfasi/RetveTamam_Butonu' is clicked on

2021-11-18 11:55:56 - [MESSAGE][INFO] - Finding Test Object 'Object Repository/Sayfalar/Giris_Sayfasi/RetveTamam_Butonu'

2021-11-18 11:55:56 - [MESSAGE][INFO] - Checking object

2021-11-18 11:55:56 - [MESSAGE][INFO] - Finding web element from Test Object's properties

2021-11-18 11:55:56 - [MESSAGE][INFO] - Checking timeout

2021-11-18 11:55:56 - [MESSAGE][INFO] - Finding web element with id: 'Object Repository/Sayfalar/Giris_Sayfasi/RetveTamam_Butonu' located by 'By.xpath: //*[@class = 'btn btn-default']' in '30' second(s)

2021-11-18 11:55:56 - [MESSAGE][INFO] - Smart Wait Function is triggered

2021-11-18 11:56:01 - [MESSAGE][INFO] - Found 1 web elements with id: 'Object Repository/Sayfalar/Giris_Sayfasi/RetveTamam_Butonu' located by 'By.xpath: //*[@class = 'btn btn-default']' in '30' second(s)

2021-11-18 11:56:01 - [MESSAGE][INFO] - Clicking on object: 'Object Repository/Sayfalar/Giris_Sayfasi/RetveTamam_Butonu'

2021-11-18 11:56:01 - [MESSAGE][PASSED] - Object: 'Object Repository/Sayfalar/Giris_Sayfasi/RetveTamam_Butonu' is clicked on

2021-11-18 11:56:01 - [TEST_STEP][PASSED] - if (verifyElementPresent(findTestObject("Sayfalar/Giris_Sayfasi/PopupOK"), 5, OPTIONAL)): null

2021-11-18 11:56:01 - [MESSAGE][INFO] - Finding Test Object 'Object Repository/Sayfalar/Giris_Sayfasi/PopupOK'

2021-11-18 11:56:01 - [MESSAGE][INFO] - Checking object

2021-11-18 11:56:01 - [MESSAGE][INFO] - Finding web element from Test Object's properties

2021-11-18 11:56:01 - [MESSAGE][INFO] - Checking timeout

2021-11-18 11:56:01 - [MESSAGE][INFO] - Finding web element with id: 'Object Repository/Sayfalar/Giris_Sayfasi/PopupOK' located by 'By.cssSelector: .btn.btn-success' in '5' second(s)

2021-11-18 11:56:01 - [MESSAGE][INFO] - Smart Wait Function is triggered

2021-11-18 11:56:01 - [MESSAGE][INFO] - Found 1 web elements with id: 'Object Repository/Sayfalar/Giris_Sayfasi/PopupOK' located by 'By.cssSelector: .btn.btn-success' in '5' second(s)

2021-11-18 11:56:01 - [MESSAGE][PASSED] - Object 'Object Repository/Sayfalar/Giris_Sayfasi/PopupOK' is present

2021-11-18 11:56:01 - [TEST_STEP][PASSED] - click(findTestObject("Object Repository/Sayfalar/Giris_Sayfasi/PopupCarpiGiris")): Object: 'Object Repository/Sayfalar/Giris_Sayfasi/PopupCarpiGiris' is clicked on

2021-11-18 11:56:01 - [MESSAGE][INFO] - Finding Test Object 'Object Repository/Sayfalar/Giris_Sayfasi/PopupCarpiGiris'

2021-11-18 11:56:02 - [MESSAGE][INFO] - Checking object

2021-11-18 11:56:02 - [MESSAGE][INFO] - Finding web element from Test Object's properties

2021-11-18 11:56:02 - [MESSAGE][INFO] - Checking timeout

2021-11-18 11:56:02 - [MESSAGE][INFO] - Finding web element with id: 'Object Repository/Sayfalar/Giris_Sayfasi/PopupCarpiGiris' located by 'By.cssSelector: .bootbox-close-button.close' in '30' second(s)

2021-11-18 11:56:02 - [MESSAGE][INFO] - Smart Wait Function is triggered

2021-11-18 11:56:02 - [MESSAGE][INFO] - Found 1 web elements with id: 'Object Repository/Sayfalar/Giris_Sayfasi/PopupCarpiGiris' located by 'By.cssSelector: .bootbox-close-button.close' in '30' second(s)

2021-11-18 11:56:02 - [MESSAGE][INFO] - Clicking on object: 'Object Repository/Sayfalar/Giris_Sayfasi/PopupCarpiGiris'

2021-11-18 11:56:02 - [MESSAGE][PASSED] - Object: 'Object Repository/Sayfalar/Giris_Sayfasi/PopupCarpiGiris' is clicked on

2021-11-18 11:56:02 - [TEST_STEP][PASSED] - verifyElementVisible(findTestObject("Object Repository/Kullanici_Islemleri/KullaniciIslemleri")): Object 'Object Repository/Kullanici_Islemleri/KullaniciIslemleri' is visible

2021-11-18 11:56:02 - [MESSAGE][INFO] - Finding Test Object 'Object Repository/Kullanici_Islemleri/KullaniciIslemleri'

2021-11-18 11:56:02 - [MESSAGE][INFO] - Checking object

2021-11-18 11:56:02 - [MESSAGE][INFO] - Finding web element from Test Object's properties

2021-11-18 11:56:02 - [MESSAGE][INFO] - Checking timeout

2021-11-18 11:56:02 - [MESSAGE][INFO] - Finding web element with id: 'Object Repository/Kullanici_Islemleri/KullaniciIslemleri' located by 'By.cssSelector: .dropdown>a>img' in '30' second(s)

2021-11-18 11:56:02 - [MESSAGE][INFO] - Smart Wait Function is triggered

2021-11-18 11:56:03 - [MESSAGE][INFO] - Found 1 web elements with id: 'Object Repository/Kullanici_Islemleri/KullaniciIslemleri' located by 'By.cssSelector: .dropdown>a>img' in '30' second(s)

2021-11-18 11:56:03 - [MESSAGE][PASSED] - Object 'Object Repository/Kullanici_Islemleri/KullaniciIslemleri' is visible

2021-11-18 11:56:03 - [MESSAGE][PASSED] - Call Test Case 'Test Cases/Sayfalar/Giris_Sayfasi/Login' successfully

2021-11-18 11:56:03 - [MESSAGE][INFO] - Checking called Test Case

2021-11-18 11:56:03 - [MESSAGE][INFO] - Starting to call Test Case 'Test Cases/Menu/AnaMenuSecimi'

2021-11-18 11:56:03 - [TEST_CASE][PASSED] - Test Cases/Menu/AnaMenuSecimi: Test Cases/Menu/AnaMenuSecimi

2021-11-18 11:56:03 - [TEST_STEP][PASSED] - Method.TextDegerineEsitElementeTikla(findTestObject("Menu/Ana_Menu"), Ana_Menu): Method.TextDegerineEsitElementeTikla is PASSED

2021-11-18 11:56:03 - [MESSAGE][INFO] - Finding Test Object 'Object Repository/Menu/Ana_Menu'

2021-11-18 11:56:03 - [MESSAGE][INFO] - Checking timeout

2021-11-18 11:56:03 - [MESSAGE][INFO] - Finding web element with id: 'Object Repository/Menu/Ana_Menu' located by 'By.xpath: //*[@class = 'dropdown-toggle']' in '10' second(s)

2021-11-18 11:56:03 - [MESSAGE][INFO] - Smart Wait Function is triggered

2021-11-18 11:56:03 - [MESSAGE][INFO] - Found 14 web elements with id: 'Object Repository/Menu/Ana_Menu' located by 'By.xpath: //*[@class = 'dropdown-toggle']' in '10' second(s)

2021-11-18 11:56:04 - [MESSAGE][PASSED] - Method.TextDegerineEsitElementeTikla is PASSED

2021-11-18 11:56:04 - [MESSAGE][PASSED] - Call Test Case 'Test Cases/Menu/AnaMenuSecimi' successfully

2021-11-18 11:56:04 - [MESSAGE][INFO] - Checking called Test Case

2021-11-18 11:56:04 - [MESSAGE][INFO] - Starting to call Test Case 'Test Cases/Menu/AltMenuSecimi'

2021-11-18 11:56:04 - [TEST_CASE][PASSED] - Test Cases/Menu/AltMenuSecimi: Test Cases/Menu/AltMenuSecimi

2021-11-18 11:56:04 - [TEST_STEP][PASSED] - Method.TextDegerineEsitElementeTikla(findTestObject("Menu/Alt_Menu"), Alt_Menu): Method.TextDegerineEsitElementeTikla is PASSED

2021-11-18 11:56:04 - [MESSAGE][INFO] - Finding Test Object 'Object Repository/Menu/Alt_Menu'

2021-11-18 11:56:04 - [MESSAGE][INFO] - Checking timeout

2021-11-18 11:56:04 - [MESSAGE][INFO] - Finding web element with id: 'Object Repository/Menu/Alt_Menu' located by 'By.xpath: //li[@class='dropdown dropdown-large open']//li[@class='dropdown-element']' in '10' second(s)

2021-11-18 11:56:04 - [MESSAGE][INFO] - Smart Wait Function is triggered

2021-11-18 11:56:04 - [MESSAGE][INFO] - Found 1 web elements with id: 'Object Repository/Menu/Alt_Menu' located by 'By.xpath: //li[@class='dropdown dropdown-large open']//li[@class='dropdown-element']' in '10' second(s)

2021-11-18 11:56:06 - [MESSAGE][PASSED] - Method.TextDegerineEsitElementeTikla is PASSED

2021-11-18 11:56:06 - [MESSAGE][PASSED] - Call Test Case 'Test Cases/Menu/AltMenuSecimi' successfully

2021-11-18 11:56:06 - [MESSAGE][INFO] - Checking called Test Case

2021-11-18 11:56:06 - [MESSAGE][INFO] - Starting to call Test Case 'Test Cases/Sayfalar/Yetki_Yonetimi/SekmeSecilir'

2021-11-18 11:56:06 - [TEST_CASE][PASSED] - Test Cases/Sayfalar/Yetki_Yonetimi/SekmeSecilir: Test Cases/Sayfalar/Yetki_Yonetimi/SekmeSecilir

2021-11-18 11:56:06 - [TEST_STEP][PASSED] - Method.TextDegerineEsitElementeTikla(findTestObject("Object Repository/Sayfalar/Yetki_Yonetimi/Sekmeler"), Sekme): Method.TextDegerineEsitElementeTikla is PASSED

2021-11-18 11:56:06 - [MESSAGE][INFO] - Finding Test Object 'Object Repository/Sayfalar/Yetki_Yonetimi/Sekmeler'

2021-11-18 11:56:06 - [MESSAGE][INFO] - Checking timeout

2021-11-18 11:56:06 - [MESSAGE][INFO] - Finding web element with id: 'Object Repository/Sayfalar/Yetki_Yonetimi/Sekmeler' located by 'By.cssSelector: #pcFeatures_TC>li[class="dxtc-tab"] span,#pcFeatures_TC>li[class="dxtc-activeTab dxtc-lead"] span' in '10' second(s)

2021-11-18 11:56:06 - [MESSAGE][INFO] - Smart Wait Function is triggered

2021-11-18 11:56:06 - [MESSAGE][INFO] - Found 3 web elements with id: 'Object Repository/Sayfalar/Yetki_Yonetimi/Sekmeler' located by 'By.cssSelector: #pcFeatures_TC>li[class="dxtc-tab"] span,#pcFeatures_TC>li[class="dxtc-activeTab dxtc-lead"] span' in '10' second(s)

2021-11-18 11:56:07 - [MESSAGE][PASSED] - Method.TextDegerineEsitElementeTikla is PASSED

2021-11-18 11:56:07 - [MESSAGE][PASSED] - Call Test Case 'Test Cases/Sayfalar/Yetki_Yonetimi/SekmeSecilir' successfully

2021-11-18 11:56:07 - [MESSAGE][INFO] - Checking called Test Case

2021-11-18 11:56:07 - [MESSAGE][INFO] - Starting to call Test Case 'Test Cases/Filtreler/ButonaTikla'

2021-11-18 11:56:07 - [TEST_CASE][PASSED] - Test Cases/Filtreler/ButonaTikla: Test Cases/Filtreler/ButonaTikla

2021-11-18 11:56:07 - [TEST_STEP][PASSED] - Method.TextDegerineEsitElementeTikla(findTestObject("Filtreler/Butonlar"), Filtre_Buton): Method.TextDegerineEsitElementeTikla is PASSED

2021-11-18 11:56:07 - [MESSAGE][INFO] - Finding Test Object 'Object Repository/Filtreler/Butonlar'

2021-11-18 11:56:07 - [MESSAGE][INFO] - Checking timeout

2021-11-18 11:56:07 - [MESSAGE][INFO] - Finding web element with id: 'Object Repository/Filtreler/Butonlar' located by 'By.cssSelector: .dxb>span' in '10' second(s)

2021-11-18 11:56:07 - [MESSAGE][INFO] - Smart Wait Function is triggered

2021-11-18 11:56:07 - [MESSAGE][INFO] - Found 6 web elements with id: 'Object Repository/Filtreler/Butonlar' located by 'By.cssSelector: .dxb>span' in '10' second(s)

2021-11-18 11:56:07 - [MESSAGE][PASSED] - Method.TextDegerineEsitElementeTikla is PASSED

2021-11-18 11:56:07 - [MESSAGE][PASSED] - Call Test Case 'Test Cases/Filtreler/ButonaTikla' successfully

2021-11-18 11:56:07 - [MESSAGE][INFO] - Checking called Test Case

2021-11-18 11:56:07 - [MESSAGE][INFO] - Starting to call Test Case 'Test Cases/Tablo/TablodaVeriVarMi'

2021-11-18 11:56:07 - [TEST_CASE][PASSED] - Test Cases/Tablo/TablodaVeriVarMi: Test Cases/Tablo/TablodaVeriVarMi

2021-11-18 11:56:07 - [TEST_STEP][PASSED] - verifyTextNotPresent("Görüntülenecek veri yok", true): Text 'Görüntülenecek veri yok' is not present on page using regular expression

2021-11-18 11:56:07 - [MESSAGE][INFO] - Checking text present  using regular expression

2021-11-18 11:56:07 - [MESSAGE][INFO] - Smart Wait Function is triggered

2021-11-18 11:56:08 - [MESSAGE][INFO] - Finding text 'Görüntülenecek veri yok' on page  using regular expression

2021-11-18 11:56:08 - [MESSAGE][PASSED] - Text 'Görüntülenecek veri yok' is not present on page using regular expression

2021-11-18 11:56:08 - [MESSAGE][PASSED] - Call Test Case 'Test Cases/Tablo/TablodaVeriVarMi' successfully

2021-11-18 11:56:08 - [MESSAGE][INFO] - Checking called Test Case

2021-11-18 11:56:08 - [MESSAGE][INFO] - Starting to call Test Case 'Test Cases/Tablo/TablodanVeriSec'

2021-11-18 11:56:08 - [TEST_CASE][PASSED] - Test Cases/Tablo/TablodanVeriSec: Test Cases/Tablo/TablodanVeriSec

2021-11-18 11:56:08 - [TEST_STEP][PASSED] - Method.TextDegerineEsitElementinAltindakineTikla(findTestObject("Tablo/Veriler"), findTestObject("Tablo/VerininCheckBoxi"), Veri_Adi): Method.TextDegerineEsitElementinAltindakineTikla is PASSED

2021-11-18 11:56:08 - [MESSAGE][INFO] - Finding Test Object 'Object Repository/Tablo/Veriler'

2021-11-18 11:56:08 - [MESSAGE][INFO] - Finding Test Object 'Object Repository/Tablo/VerininCheckBoxi'

2021-11-18 11:56:08 - [MESSAGE][INFO] - Checking timeout

2021-11-18 11:56:08 - [MESSAGE][INFO] - Finding web element with id: 'Object Repository/Tablo/Veriler' located by 'By.cssSelector: td.dxgv b ,td.dxgv' in '10' second(s)

2021-11-18 11:56:08 - [MESSAGE][INFO] - Smart Wait Function is triggered

2021-11-18 11:56:08 - [MESSAGE][INFO] - Found 14 web elements with id: 'Object Repository/Tablo/Veriler' located by 'By.cssSelector: td.dxgv b ,td.dxgv' in '10' second(s)

2021-11-18 11:56:08 - [MESSAGE][INFO] - Smart Wait Function is triggered

2021-11-18 11:56:09 - [MESSAGE][PASSED] - Method.TextDegerineEsitElementinAltindakineTikla is PASSED

2021-11-18 11:56:09 - [MESSAGE][PASSED] - Call Test Case 'Test Cases/Tablo/TablodanVeriSec' successfully

2021-11-18 11:56:09 - [MESSAGE][INFO] - Checking called Test Case

2021-11-18 11:56:09 - [MESSAGE][INFO] - Starting to call Test Case 'Test Cases/Butonlar/ButonaTikla'

2021-11-18 11:56:09 - [TEST_CASE][PASSED] - Test Cases/Butonlar/ButonaTikla: Test Cases/Butonlar/ButonaTikla

2021-11-18 11:56:09 - [TEST_STEP][PASSED] - Method.TextDegerineEsitElementeTiklaEquals(findTestObject("Butonlar/Butonlar"), Buton_Adi): Method.TextDegerineEsitElementeTiklaEquals is PASSED

2021-11-18 11:56:09 - [MESSAGE][INFO] - Finding Test Object 'Object Repository/Butonlar/Butonlar'

2021-11-18 11:56:09 - [MESSAGE][INFO] - Checking timeout

2021-11-18 11:56:09 - [MESSAGE][INFO] - Finding web element with id: 'Object Repository/Butonlar/Butonlar' located by 'By.cssSelector: .panel.panel-default.text-center.footerPanel .btn,.btn.btn-primary.btnControls' in '10' second(s)

2021-11-18 11:56:09 - [MESSAGE][INFO] - Smart Wait Function is triggered

2021-11-18 11:56:09 - [MESSAGE][INFO] - Found 12 web elements with id: 'Object Repository/Butonlar/Butonlar' located by 'By.cssSelector: .panel.panel-default.text-center.footerPanel .btn,.btn.btn-primary.btnControls' in '10' second(s)

2021-11-18 11:56:09 - [MESSAGE][PASSED] - Method.TextDegerineEsitElementeTiklaEquals is PASSED

2021-11-18 11:56:09 - [MESSAGE][PASSED] - Call Test Case 'Test Cases/Butonlar/ButonaTikla' successfully

2021-11-18 11:56:09 - [MESSAGE][INFO] - Checking called Test Case

2021-11-18 11:56:09 - [MESSAGE][INFO] - Starting to call Test Case 'Test Cases/Popup/PopupButonSecilir'

2021-11-18 11:56:09 - [TEST_CASE][PASSED] - Test Cases/Popup/PopupButonSecilir: Test Cases/Popup/PopupButonSecilir

2021-11-18 11:56:09 - [TEST_STEP][PASSED] - Method.TextDegerineEsitElementeTikla(findTestObject("Popup/Popup_Butons"), Buton): Method.TextDegerineEsitElementeTikla is PASSED

2021-11-18 11:56:09 - [MESSAGE][INFO] - Finding Test Object 'Object Repository/Popup/Popup_Butons'

2021-11-18 11:56:10 - [MESSAGE][INFO] - Checking timeout

2021-11-18 11:56:10 - [MESSAGE][INFO] - Finding web element with id: 'Object Repository/Popup/Popup_Butons' located by 'By.cssSelector: .modal-footer>button' in '10' second(s)

2021-11-18 11:56:10 - [MESSAGE][INFO] - Smart Wait Function is triggered

2021-11-18 11:56:10 - [MESSAGE][INFO] - Found 2 web elements with id: 'Object Repository/Popup/Popup_Butons' located by 'By.cssSelector: .modal-footer>button' in '10' second(s)

2021-11-18 11:56:10 - [MESSAGE][PASSED] - Method.TextDegerineEsitElementeTikla is PASSED

2021-11-18 11:56:10 - [MESSAGE][PASSED] - Call Test Case 'Test Cases/Popup/PopupButonSecilir' successfully

2021-11-18 11:56:10 - [MESSAGE][INFO] - Checking called Test Case

2021-11-18 11:56:10 - [MESSAGE][INFO] - Starting to call Test Case 'Test Cases/Popup/PopupButonSecilir'

2021-11-18 11:56:10 - [TEST_CASE][PASSED] - Test Cases/Popup/PopupButonSecilir: Test Cases/Popup/PopupButonSecilir

2021-11-18 11:56:10 - [TEST_STEP][PASSED] - Method.TextDegerineEsitElementeTikla(findTestObject("Popup/Popup_Butons"), Buton): Method.TextDegerineEsitElementeTikla is PASSED

2021-11-18 11:56:10 - [MESSAGE][INFO] - Finding Test Object 'Object Repository/Popup/Popup_Butons'

2021-11-18 11:56:11 - [MESSAGE][INFO] - Checking timeout

2021-11-18 11:56:11 - [MESSAGE][INFO] - Finding web element with id: 'Object Repository/Popup/Popup_Butons' located by 'By.cssSelector: .modal-footer>button' in '10' second(s)

2021-11-18 11:56:11 - [MESSAGE][INFO] - Smart Wait Function is triggered

2021-11-18 11:56:11 - [MESSAGE][INFO] - Found 1 web elements with id: 'Object Repository/Popup/Popup_Butons' located by 'By.cssSelector: .modal-footer>button' in '10' second(s)

2021-11-18 11:56:11 - [MESSAGE][PASSED] - Method.TextDegerineEsitElementeTikla is PASSED

2021-11-18 11:56:11 - [MESSAGE][PASSED] - Call Test Case 'Test Cases/Popup/PopupButonSecilir' successfully

2021-11-18 11:56:11 - [MESSAGE][INFO] - Checking called Test Case

2021-11-18 11:56:11 - [MESSAGE][INFO] - Starting to call Test Case 'Test Cases/Kullanici_Islemleri/KullaniciIslemlerindenSecimYapilir'

2021-11-18 11:56:11 - [TEST_CASE][PASSED] - Test Cases/Kullanici_Islemleri/KullaniciIslemlerindenSecimYapilir: Test Cases/Kullanici_Islemleri/KullaniciIslemlerindenSecimYapilir

2021-11-18 11:56:11 - [TEST_STEP][PASSED] - waitForElementClickable(findTestObject("Object Repository/Kullanici_Islemleri/KullaniciIslemleri"), 10): Object 'Object Repository/Kullanici_Islemleri/KullaniciIslemleri' is clickable

2021-11-18 11:56:11 - [MESSAGE][INFO] - Finding Test Object 'Object Repository/Kullanici_Islemleri/KullaniciIslemleri'

2021-11-18 11:56:11 - [MESSAGE][INFO] - Checking object

2021-11-18 11:56:11 - [MESSAGE][INFO] - Checking timeout

2021-11-18 11:56:11 - [MESSAGE][INFO] - Finding web element from Test Object's properties

2021-11-18 11:56:11 - [MESSAGE][INFO] - Checking timeout

2021-11-18 11:56:11 - [MESSAGE][INFO] - Finding web element with id: 'Object Repository/Kullanici_Islemleri/KullaniciIslemleri' located by 'By.cssSelector: .dropdown>a>img' in '10' second(s)

2021-11-18 11:56:11 - [MESSAGE][INFO] - Smart Wait Function is triggered

2021-11-18 11:56:12 - [MESSAGE][INFO] - Found 1 web elements with id: 'Object Repository/Kullanici_Islemleri/KullaniciIslemleri' located by 'By.cssSelector: .dropdown>a>img' in '10' second(s)

2021-11-18 11:56:12 - [MESSAGE][PASSED] - Object 'Object Repository/Kullanici_Islemleri/KullaniciIslemleri' is clickable

2021-11-18 11:56:12 - [TEST_STEP][PASSED] - click(findTestObject("Object Repository/Kullanici_Islemleri/KullaniciIslemleri")): Object: 'Object Repository/Kullanici_Islemleri/KullaniciIslemleri' is clicked on

2021-11-18 11:56:12 - [MESSAGE][INFO] - Finding Test Object 'Object Repository/Kullanici_Islemleri/KullaniciIslemleri'

2021-11-18 11:56:12 - [MESSAGE][INFO] - Checking object

2021-11-18 11:56:12 - [MESSAGE][INFO] - Finding web element from Test Object's properties

2021-11-18 11:56:12 - [MESSAGE][INFO] - Checking timeout

2021-11-18 11:56:12 - [MESSAGE][INFO] - Finding web element with id: 'Object Repository/Kullanici_Islemleri/KullaniciIslemleri' located by 'By.cssSelector: .dropdown>a>img' in '30' second(s)

2021-11-18 11:56:12 - [MESSAGE][INFO] - Smart Wait Function is triggered

2021-11-18 11:56:12 - [MESSAGE][INFO] - Found 1 web elements with id: 'Object Repository/Kullanici_Islemleri/KullaniciIslemleri' located by 'By.cssSelector: .dropdown>a>img' in '30' second(s)

2021-11-18 11:56:12 - [MESSAGE][INFO] - Clicking on object: 'Object Repository/Kullanici_Islemleri/KullaniciIslemleri'

2021-11-18 11:56:12 - [MESSAGE][PASSED] - Object: 'Object Repository/Kullanici_Islemleri/KullaniciIslemleri' is clicked on

2021-11-18 11:56:12 - [TEST_STEP][PASSED] - Method.TextDegerineEsitElementeTikla(findTestObject("Object Repository/Kullanici_Islemleri/Secenekler"), Islem): Method.TextDegerineEsitElementeTikla is PASSED

2021-11-18 11:56:12 - [MESSAGE][INFO] - Finding Test Object 'Object Repository/Kullanici_Islemleri/Secenekler'

2021-11-18 11:56:13 - [MESSAGE][INFO] - Checking timeout

2021-11-18 11:56:13 - [MESSAGE][INFO] - Finding web element with id: 'Object Repository/Kullanici_Islemleri/Secenekler' located by 'By.cssSelector: .nav.navbar-nav.navbar-right li a' in '10' second(s)

2021-11-18 11:56:13 - [MESSAGE][INFO] - Smart Wait Function is triggered

2021-11-18 11:56:13 - [MESSAGE][INFO] - Found 22 web elements with id: 'Object Repository/Kullanici_Islemleri/Secenekler' located by 'By.cssSelector: .nav.navbar-nav.navbar-right li a' in '10' second(s)

2021-11-18 11:56:15 - [MESSAGE][PASSED] - Method.TextDegerineEsitElementeTikla is PASSED

2021-11-18 11:56:15 - [TEST_STEP][PASSED] - verifyElementNotPresent(findTestObject("Object Repository/Kullanici_Islemleri/Secenekler"), 10): Web element with id: 'Object Repository/Kullanici_Islemleri/Secenekler' located by 'By.cssSelector: .nav.navbar-nav.navbar-right li a' is not present after '10' second(s)

2021-11-18 11:56:15 - [MESSAGE][INFO] - Finding Test Object 'Object Repository/Kullanici_Islemleri/Secenekler'

2021-11-18 11:56:15 - [MESSAGE][INFO] - Checking object

2021-11-18 11:56:15 - [MESSAGE][INFO] - Checking timeout

2021-11-18 11:56:15 - [MESSAGE][INFO] - Finding web element with id: 'Object Repository/Kullanici_Islemleri/Secenekler' located by 'By.cssSelector: .nav.navbar-nav.navbar-right li a' in '10' second(s)

2021-11-18 11:56:15 - [MESSAGE][INFO] - Smart Wait Function is triggered

2021-11-18 11:56:15 - [MESSAGE][PASSED] - Web element with id: 'Object Repository/Kullanici_Islemleri/Secenekler' located by 'By.cssSelector: .nav.navbar-nav.navbar-right li a' is not present after '10' second(s)

2021-11-18 11:56:15 - [MESSAGE][PASSED] - Call Test Case 'Test Cases/Kullanici_Islemleri/KullaniciIslemlerindenSecimYapilir' successfully

2021-11-18 11:56:15 - [TEST_CASE][PASSED] - Start Test Case : SCENARIO Rol Silme: SCENARIO Rol Silme

2021-11-18 11:56:15 - [TEST_STEP][PASSED] - Kullanıcı adı ELOGO6 ve Şifre 123456 olarak giriş yapılır: Kullanıcı adı ELOGO6 ve Şifre 123456 olarak giriş yapılır

2021-11-18 11:56:15 - [MESSAGE][PASSED] - Kullanıcı adı ELOGO6 ve Şifre 123456 olarak giriş yapılır

2021-11-18 11:56:15 - [TEST_STEP][PASSED] - Ana menüden Firma Yönetimi seçilir: Ana menüden Firma Yönetimi seçilir

2021-11-18 11:56:15 - [MESSAGE][PASSED] - Ana menüden Firma Yönetimi seçilir

2021-11-18 11:56:15 - [TEST_STEP][PASSED] - Alt menüden Yetki Yönetimi seçilir: Alt menüden Yetki Yönetimi seçilir

2021-11-18 11:56:15 - [MESSAGE][PASSED] - Alt menüden Yetki Yönetimi seçilir

2021-11-18 11:56:15 - [TEST_STEP][PASSED] - Sekmelerden Rol ve Yetki Tanımları seçilir: Sekmelerden Rol ve Yetki Tanımları seçilir

2021-11-18 11:56:15 - [MESSAGE][PASSED] - Sekmelerden Rol ve Yetki Tanımları seçilir

2021-11-18 11:56:15 - [TEST_STEP][PASSED] - Filtre butonlarından Listele seçilir: Filtre butonlarından Listele seçilir

2021-11-18 11:56:15 - [MESSAGE][PASSED] - Filtre butonlarından Listele seçilir

2021-11-18 11:56:15 - [TEST_STEP][PASSED] - Tabloda veri var mı kontrol edilir: Tabloda veri var mı kontrol edilir

2021-11-18 11:56:15 - [MESSAGE][PASSED] - Tabloda veri var mı kontrol edilir

2021-11-18 11:56:15 - [TEST_STEP][PASSED] - Tablodan VirgosolRol isimli veri seçilir: Tablodan VirgosolRol isimli veri seçilir

2021-11-18 11:56:15 - [MESSAGE][PASSED] - Tablodan VirgosolRol isimli veri seçilir

2021-11-18 11:56:15 - [TEST_STEP][PASSED] - Butonlardan Sil isimli butona tıklanır: Butonlardan Sil isimli butona tıklanır

2021-11-18 11:56:15 - [MESSAGE][PASSED] - Butonlardan Sil isimli butona tıklanır

2021-11-18 11:56:15 - [TEST_STEP][PASSED] - Yönetim popupında Evet seçilir: Yönetim popupında Evet seçilir

2021-11-18 11:56:15 - [MESSAGE][PASSED] - Yönetim popupında Evet seçilir

2021-11-18 11:56:15 - [TEST_STEP][PASSED] - Yönetim popupında Tamam seçilir: Yönetim popupında Tamam seçilir

2021-11-18 11:56:15 - [MESSAGE][PASSED] - Yönetim popupında Tamam seçilir

2021-11-18 11:56:15 - [TEST_STEP][PASSED] - Kullanıcı işlemlerinden Çıkış seçilir: Kullanıcı işlemlerinden Çıkış seçilir

2021-11-18 11:56:15 - [MESSAGE][PASSED] - Kullanıcı işlemlerinden Çıkış seçilir

2021-11-18 11:56:15 - [MESSAGE][PASSED] - Feature file: 'Include/features/Firma Yonetimi/Yetki Yonetimi/Rol ve Yetki Tanimlari/Sil.feature' was passed

2021-11-18 11:56:15 - [TEST_STEP][PASSED] - Start listener action : sampleAfterTestSuite: Invoke 'com.kms.katalon.core.annotation.AfterTestCase' method: 'Listener.sampleAfterTestSuite(...)' completed.

2021-11-18 11:56:15 - [MESSAGE][INFO] - Starting invoke 'com.kms.katalon.core.annotation.AfterTestCase' method: 'Listener.sampleAfterTestSuite(...)'

2021-11-18 11:56:15 - [TEST_STEP][PASSED] - closeBrowser(): Invoke 'com.kms.katalon.core.annotation.AfterTestCase' method: 'Listener.sampleAfterTestSuite(...)' completed.

2021-11-18 11:56:15 - [MESSAGE][INFO] - Closing browser

2021-11-18 11:56:16 - [MESSAGE][PASSED] - Browser is closed

2021-11-18 11:56:16 - [MESSAGE][INFO] - Invoke 'com.kms.katalon.core.annotation.AfterTestCase' method: 'Listener.sampleAfterTestSuite(...)' completed.]]></system-out>
         <system-err><![CDATA[]]></system-err>
      </testcase>
      <testcase name="Test Cases/Case Repository/Firma Yonetimi/Yetki Yonetimi/Rol ve Yetki Tanimlari/Yetki Tanimla" time="39.3" classname="Test Cases/Case Repository/Firma Yonetimi/Yetki Yonetimi/Rol ve Yetki Tanimlari/Yetki Tanimla" status="PASSED">
         <system-out><![CDATA[2021-11-18 11:56:16 - [TEST_CASE][PASSED] - Test Cases/Case Repository/Firma Yonetimi/Yetki Yonetimi/Rol ve Yetki Tanimlari/Yetki Tanimla: Test Cases/Case Repository/Firma Yonetimi/Yetki Yonetimi/Rol ve Yetki Tanimlari/Yetki Tanimla

2021-11-18 11:56:16 - [TEST_STEP][PASSED] - Start listener action : sampleBeforeTestSuite: Invoke 'com.kms.katalon.core.annotation.BeforeTestCase' method: 'Listener.sampleBeforeTestSuite(...)' completed.

2021-11-18 11:56:16 - [MESSAGE][INFO] - Starting invoke 'com.kms.katalon.core.annotation.BeforeTestCase' method: 'Listener.sampleBeforeTestSuite(...)'

2021-11-18 11:56:16 - [TEST_STEP][PASSED] - openBrowser(baseUrl): Browser is opened with url: 'https://efatura-stage.elogo.com.tr/'

2021-11-18 11:56:16 - [MESSAGE][INFO] - Opening browser

2021-11-18 11:56:16 - [MESSAGE][INFO] - Starting 'Chrome' driver

2021-11-18 11:56:16 - [MESSAGE][INFO] - User set preference: ['prefs', '{download.default_directory=C:\otomasyondownfiles}']

2021-11-18 11:56:16 - [MESSAGE][INFO] - Action delay is set to 0 milliseconds

2021-11-18 11:56:18 - [MESSAGE][INFO] - Navigating browser to: 'https://efatura-stage.elogo.com.tr/'

2021-11-18 11:56:20 - [MESSAGE][PASSED] - Browser is opened with url: 'https://efatura-stage.elogo.com.tr/'

2021-11-18 11:56:20 - [TEST_STEP][PASSED] - maximizeWindow(): Invoke 'com.kms.katalon.core.annotation.BeforeTestCase' method: 'Listener.sampleBeforeTestSuite(...)' completed.

2021-11-18 11:56:20 - [MESSAGE][INFO] - Maximizing current window

2021-11-18 11:56:20 - [MESSAGE][PASSED] - Current window maximized

2021-11-18 11:56:20 - [MESSAGE][INFO] - Invoke 'com.kms.katalon.core.annotation.BeforeTestCase' method: 'Listener.sampleBeforeTestSuite(...)' completed.

2021-11-18 11:56:21 - [TEST_STEP][PASSED] - runFeatureFile("Include/features/Firma Yonetimi/Yetki Yonetimi/Rol ve Yetki Tanimlari/Yetki Tanimla.feature"): Feature file: 'Include/features/Firma Yonetimi/Yetki Yonetimi/Rol ve Yetki Tanimlari/Yetki Tanimla.feature' was passed

2021-11-18 11:56:21 - [MESSAGE][INFO] - Starting run keyword runFeatureFile: 'Include/features/Firma Yonetimi/Yetki Yonetimi/Rol ve Yetki Tanimlari/Yetki Tanimla.feature' and extract report to folder: 'C:\Users\DELL\Documents\GitHub\EES_KatalonLogo\Reports\20211118_110909\Suite Repository\Firma_Yonetimi\20211118_111017/cucumber_report/1637225781034'...

2021-11-18 11:56:21 - [MESSAGE][INFO] - Glue: []

2021-11-18 11:56:23 - [MESSAGE][INFO] - Checking called Test Case

2021-11-18 11:56:23 - [MESSAGE][INFO] - Starting to call Test Case 'Test Cases/Sayfalar/Giris_Sayfasi/Login'

2021-11-18 11:56:23 - [TEST_CASE][PASSED] - Test Cases/Sayfalar/Giris_Sayfasi/Login: Test Cases/Sayfalar/Giris_Sayfasi/Login

2021-11-18 11:56:23 - [TEST_STEP][PASSED] - Sayfa_Basligi = getWindowTitle(): Current window's title is: 'LOGO e-Fatura'

2021-11-18 11:56:23 - [MESSAGE][INFO] - Getting current window's title

2021-11-18 11:56:23 - [MESSAGE][PASSED] - Current window's title is: 'LOGO e-Fatura'

2021-11-18 11:56:23 - [TEST_STEP][PASSED] - verifyMatch(Sayfa_Basligi, "LOGO e-Fatura", false): Actual text 'LOGO e-Fatura' and expected text 'LOGO e-Fatura' are matched 

2021-11-18 11:56:23 - [MESSAGE][INFO] - Matching actual text 'LOGO e-Fatura' with expected text 'LOGO e-Fatura'

2021-11-18 11:56:23 - [MESSAGE][PASSED] - Actual text 'LOGO e-Fatura' and expected text 'LOGO e-Fatura' are matched 

2021-11-18 11:56:23 - [TEST_STEP][PASSED] - sendKeys(findTestObject("Sayfalar/Giris_Sayfasi/Firma_Kodu"), KullaniciAdi): Keys 'ELOGO6' sent to object: 'Object Repository/Sayfalar/Giris_Sayfasi/Firma_Kodu'

2021-11-18 11:56:23 - [MESSAGE][INFO] - Finding Test Object 'Object Repository/Sayfalar/Giris_Sayfasi/Firma_Kodu'

2021-11-18 11:56:23 - [MESSAGE][INFO] - Sending keys 'ELOGO6' to object: 'Object Repository/Sayfalar/Giris_Sayfasi/Firma_Kodu'

2021-11-18 11:56:23 - [MESSAGE][INFO] - Finding web element from Test Object's properties

2021-11-18 11:56:23 - [MESSAGE][INFO] - Checking timeout

2021-11-18 11:56:23 - [MESSAGE][INFO] - Finding web element with id: 'Object Repository/Sayfalar/Giris_Sayfasi/Firma_Kodu' located by 'By.xpath: //*[@id = 'AccountName']' in '30' second(s)

2021-11-18 11:56:23 - [MESSAGE][INFO] - Smart Wait Function is triggered

2021-11-18 11:56:24 - [MESSAGE][INFO] - Found 1 web elements with id: 'Object Repository/Sayfalar/Giris_Sayfasi/Firma_Kodu' located by 'By.xpath: //*[@id = 'AccountName']' in '30' second(s)

2021-11-18 11:56:24 - [MESSAGE][PASSED] - Keys 'ELOGO6' sent to object: 'Object Repository/Sayfalar/Giris_Sayfasi/Firma_Kodu'

2021-11-18 11:56:24 - [TEST_STEP][PASSED] - sendKeys(findTestObject("Sayfalar/Giris_Sayfasi/Sifre"), Sifre): Keys '123456' sent to object: 'Object Repository/Sayfalar/Giris_Sayfasi/Sifre'

2021-11-18 11:56:24 - [MESSAGE][INFO] - Finding Test Object 'Object Repository/Sayfalar/Giris_Sayfasi/Sifre'

2021-11-18 11:56:24 - [MESSAGE][INFO] - Sending keys '123456' to object: 'Object Repository/Sayfalar/Giris_Sayfasi/Sifre'

2021-11-18 11:56:24 - [MESSAGE][INFO] - Finding web element from Test Object's properties

2021-11-18 11:56:24 - [MESSAGE][INFO] - Checking timeout

2021-11-18 11:56:24 - [MESSAGE][INFO] - Finding web element with id: 'Object Repository/Sayfalar/Giris_Sayfasi/Sifre' located by 'By.xpath: //*[@id = 'Password']' in '30' second(s)

2021-11-18 11:56:24 - [MESSAGE][INFO] - Smart Wait Function is triggered

2021-11-18 11:56:24 - [MESSAGE][INFO] - Found 1 web elements with id: 'Object Repository/Sayfalar/Giris_Sayfasi/Sifre' located by 'By.xpath: //*[@id = 'Password']' in '30' second(s)

2021-11-18 11:56:24 - [MESSAGE][PASSED] - Keys '123456' sent to object: 'Object Repository/Sayfalar/Giris_Sayfasi/Sifre'

2021-11-18 11:56:24 - [TEST_STEP][PASSED] - findWebElement(findTestObject("Sayfalar/Giris_Sayfasi/Giris_Butonu")).click(): Found 1 web elements with id: 'Object Repository/Sayfalar/Giris_Sayfasi/Giris_Butonu' located by 'By.cssSelector: #btnLogin' in '30' second(s)

2021-11-18 11:56:24 - [MESSAGE][INFO] - Finding Test Object 'Object Repository/Sayfalar/Giris_Sayfasi/Giris_Butonu'

2021-11-18 11:56:25 - [MESSAGE][INFO] - Finding web element from Test Object's properties

2021-11-18 11:56:25 - [MESSAGE][INFO] - Checking timeout

2021-11-18 11:56:25 - [MESSAGE][INFO] - Finding web element with id: 'Object Repository/Sayfalar/Giris_Sayfasi/Giris_Butonu' located by 'By.cssSelector: #btnLogin' in '30' second(s)

2021-11-18 11:56:25 - [MESSAGE][INFO] - Smart Wait Function is triggered

2021-11-18 11:56:25 - [MESSAGE][INFO] - Found 1 web elements with id: 'Object Repository/Sayfalar/Giris_Sayfasi/Giris_Butonu' located by 'By.cssSelector: #btnLogin' in '30' second(s)

2021-11-18 11:56:27 - [TEST_STEP][PASSED] - if (verifyElementPresent(findTestObject("Object Repository/Sayfalar/Giris_Sayfasi/RetveTamam_Butonu"), 5, OPTIONAL)): null

2021-11-18 11:56:27 - [MESSAGE][INFO] - Finding Test Object 'Object Repository/Sayfalar/Giris_Sayfasi/RetveTamam_Butonu'

2021-11-18 11:56:28 - [MESSAGE][INFO] - Checking object

2021-11-18 11:56:28 - [MESSAGE][INFO] - Finding web element from Test Object's properties

2021-11-18 11:56:28 - [MESSAGE][INFO] - Checking timeout

2021-11-18 11:56:28 - [MESSAGE][INFO] - Finding web element with id: 'Object Repository/Sayfalar/Giris_Sayfasi/RetveTamam_Butonu' located by 'By.xpath: //*[@class = 'btn btn-default']' in '5' second(s)

2021-11-18 11:56:28 - [MESSAGE][INFO] - Smart Wait Function is triggered

2021-11-18 11:56:28 - [MESSAGE][INFO] - Found 1 web elements with id: 'Object Repository/Sayfalar/Giris_Sayfasi/RetveTamam_Butonu' located by 'By.xpath: //*[@class = 'btn btn-default']' in '5' second(s)

2021-11-18 11:56:28 - [MESSAGE][PASSED] - Object 'Object Repository/Sayfalar/Giris_Sayfasi/RetveTamam_Butonu' is present

2021-11-18 11:56:28 - [TEST_STEP][PASSED] - click(findTestObject("Object Repository/Sayfalar/Giris_Sayfasi/RetveTamam_Butonu")): Object: 'Object Repository/Sayfalar/Giris_Sayfasi/RetveTamam_Butonu' is clicked on

2021-11-18 11:56:28 - [MESSAGE][INFO] - Finding Test Object 'Object Repository/Sayfalar/Giris_Sayfasi/RetveTamam_Butonu'

2021-11-18 11:56:28 - [MESSAGE][INFO] - Checking object

2021-11-18 11:56:28 - [MESSAGE][INFO] - Finding web element from Test Object's properties

2021-11-18 11:56:28 - [MESSAGE][INFO] - Checking timeout

2021-11-18 11:56:28 - [MESSAGE][INFO] - Finding web element with id: 'Object Repository/Sayfalar/Giris_Sayfasi/RetveTamam_Butonu' located by 'By.xpath: //*[@class = 'btn btn-default']' in '30' second(s)

2021-11-18 11:56:28 - [MESSAGE][INFO] - Smart Wait Function is triggered

2021-11-18 11:56:28 - [MESSAGE][INFO] - Found 1 web elements with id: 'Object Repository/Sayfalar/Giris_Sayfasi/RetveTamam_Butonu' located by 'By.xpath: //*[@class = 'btn btn-default']' in '30' second(s)

2021-11-18 11:56:28 - [MESSAGE][INFO] - Clicking on object: 'Object Repository/Sayfalar/Giris_Sayfasi/RetveTamam_Butonu'

2021-11-18 11:56:28 - [MESSAGE][PASSED] - Object: 'Object Repository/Sayfalar/Giris_Sayfasi/RetveTamam_Butonu' is clicked on

2021-11-18 11:56:28 - [TEST_STEP][PASSED] - click(findTestObject("Object Repository/Sayfalar/Giris_Sayfasi/RetveTamam_Butonu")): Object: 'Object Repository/Sayfalar/Giris_Sayfasi/RetveTamam_Butonu' is clicked on

2021-11-18 11:56:28 - [MESSAGE][INFO] - Finding Test Object 'Object Repository/Sayfalar/Giris_Sayfasi/RetveTamam_Butonu'

2021-11-18 11:56:28 - [MESSAGE][INFO] - Checking object

2021-11-18 11:56:28 - [MESSAGE][INFO] - Finding web element from Test Object's properties

2021-11-18 11:56:28 - [MESSAGE][INFO] - Checking timeout

2021-11-18 11:56:28 - [MESSAGE][INFO] - Finding web element with id: 'Object Repository/Sayfalar/Giris_Sayfasi/RetveTamam_Butonu' located by 'By.xpath: //*[@class = 'btn btn-default']' in '30' second(s)

2021-11-18 11:56:28 - [MESSAGE][INFO] - Smart Wait Function is triggered

2021-11-18 11:56:34 - [MESSAGE][INFO] - Found 1 web elements with id: 'Object Repository/Sayfalar/Giris_Sayfasi/RetveTamam_Butonu' located by 'By.xpath: //*[@class = 'btn btn-default']' in '30' second(s)

2021-11-18 11:56:34 - [MESSAGE][INFO] - Clicking on object: 'Object Repository/Sayfalar/Giris_Sayfasi/RetveTamam_Butonu'

2021-11-18 11:56:34 - [MESSAGE][PASSED] - Object: 'Object Repository/Sayfalar/Giris_Sayfasi/RetveTamam_Butonu' is clicked on

2021-11-18 11:56:34 - [TEST_STEP][PASSED] - if (verifyElementPresent(findTestObject("Sayfalar/Giris_Sayfasi/PopupOK"), 5, OPTIONAL)): null

2021-11-18 11:56:34 - [MESSAGE][INFO] - Finding Test Object 'Object Repository/Sayfalar/Giris_Sayfasi/PopupOK'

2021-11-18 11:56:34 - [MESSAGE][INFO] - Checking object

2021-11-18 11:56:34 - [MESSAGE][INFO] - Finding web element from Test Object's properties

2021-11-18 11:56:34 - [MESSAGE][INFO] - Checking timeout

2021-11-18 11:56:34 - [MESSAGE][INFO] - Finding web element with id: 'Object Repository/Sayfalar/Giris_Sayfasi/PopupOK' located by 'By.cssSelector: .btn.btn-success' in '5' second(s)

2021-11-18 11:56:34 - [MESSAGE][INFO] - Smart Wait Function is triggered

2021-11-18 11:56:35 - [MESSAGE][INFO] - Found 1 web elements with id: 'Object Repository/Sayfalar/Giris_Sayfasi/PopupOK' located by 'By.cssSelector: .btn.btn-success' in '5' second(s)

2021-11-18 11:56:35 - [MESSAGE][PASSED] - Object 'Object Repository/Sayfalar/Giris_Sayfasi/PopupOK' is present

2021-11-18 11:56:35 - [TEST_STEP][PASSED] - click(findTestObject("Object Repository/Sayfalar/Giris_Sayfasi/PopupCarpiGiris")): Object: 'Object Repository/Sayfalar/Giris_Sayfasi/PopupCarpiGiris' is clicked on

2021-11-18 11:56:35 - [MESSAGE][INFO] - Finding Test Object 'Object Repository/Sayfalar/Giris_Sayfasi/PopupCarpiGiris'

2021-11-18 11:56:35 - [MESSAGE][INFO] - Checking object

2021-11-18 11:56:35 - [MESSAGE][INFO] - Finding web element from Test Object's properties

2021-11-18 11:56:35 - [MESSAGE][INFO] - Checking timeout

2021-11-18 11:56:35 - [MESSAGE][INFO] - Finding web element with id: 'Object Repository/Sayfalar/Giris_Sayfasi/PopupCarpiGiris' located by 'By.cssSelector: .bootbox-close-button.close' in '30' second(s)

2021-11-18 11:56:35 - [MESSAGE][INFO] - Smart Wait Function is triggered

2021-11-18 11:56:35 - [MESSAGE][INFO] - Found 1 web elements with id: 'Object Repository/Sayfalar/Giris_Sayfasi/PopupCarpiGiris' located by 'By.cssSelector: .bootbox-close-button.close' in '30' second(s)

2021-11-18 11:56:35 - [MESSAGE][INFO] - Clicking on object: 'Object Repository/Sayfalar/Giris_Sayfasi/PopupCarpiGiris'

2021-11-18 11:56:35 - [MESSAGE][PASSED] - Object: 'Object Repository/Sayfalar/Giris_Sayfasi/PopupCarpiGiris' is clicked on

2021-11-18 11:56:35 - [TEST_STEP][PASSED] - verifyElementVisible(findTestObject("Object Repository/Kullanici_Islemleri/KullaniciIslemleri")): Object 'Object Repository/Kullanici_Islemleri/KullaniciIslemleri' is visible

2021-11-18 11:56:35 - [MESSAGE][INFO] - Finding Test Object 'Object Repository/Kullanici_Islemleri/KullaniciIslemleri'

2021-11-18 11:56:35 - [MESSAGE][INFO] - Checking object

2021-11-18 11:56:35 - [MESSAGE][INFO] - Finding web element from Test Object's properties

2021-11-18 11:56:35 - [MESSAGE][INFO] - Checking timeout

2021-11-18 11:56:35 - [MESSAGE][INFO] - Finding web element with id: 'Object Repository/Kullanici_Islemleri/KullaniciIslemleri' located by 'By.cssSelector: .dropdown>a>img' in '30' second(s)

2021-11-18 11:56:35 - [MESSAGE][INFO] - Smart Wait Function is triggered

2021-11-18 11:56:35 - [MESSAGE][INFO] - Found 1 web elements with id: 'Object Repository/Kullanici_Islemleri/KullaniciIslemleri' located by 'By.cssSelector: .dropdown>a>img' in '30' second(s)

2021-11-18 11:56:35 - [MESSAGE][PASSED] - Object 'Object Repository/Kullanici_Islemleri/KullaniciIslemleri' is visible

2021-11-18 11:56:35 - [MESSAGE][PASSED] - Call Test Case 'Test Cases/Sayfalar/Giris_Sayfasi/Login' successfully

2021-11-18 11:56:35 - [MESSAGE][INFO] - Checking called Test Case

2021-11-18 11:56:35 - [MESSAGE][INFO] - Starting to call Test Case 'Test Cases/Menu/AnaMenuSecimi'

2021-11-18 11:56:35 - [TEST_CASE][PASSED] - Test Cases/Menu/AnaMenuSecimi: Test Cases/Menu/AnaMenuSecimi

2021-11-18 11:56:35 - [TEST_STEP][PASSED] - Method.TextDegerineEsitElementeTikla(findTestObject("Menu/Ana_Menu"), Ana_Menu): Method.TextDegerineEsitElementeTikla is PASSED

2021-11-18 11:56:35 - [MESSAGE][INFO] - Finding Test Object 'Object Repository/Menu/Ana_Menu'

2021-11-18 11:56:36 - [MESSAGE][INFO] - Checking timeout

2021-11-18 11:56:36 - [MESSAGE][INFO] - Finding web element with id: 'Object Repository/Menu/Ana_Menu' located by 'By.xpath: //*[@class = 'dropdown-toggle']' in '10' second(s)

2021-11-18 11:56:36 - [MESSAGE][INFO] - Smart Wait Function is triggered

2021-11-18 11:56:36 - [MESSAGE][INFO] - Found 14 web elements with id: 'Object Repository/Menu/Ana_Menu' located by 'By.xpath: //*[@class = 'dropdown-toggle']' in '10' second(s)

2021-11-18 11:56:36 - [MESSAGE][PASSED] - Method.TextDegerineEsitElementeTikla is PASSED

2021-11-18 11:56:36 - [MESSAGE][PASSED] - Call Test Case 'Test Cases/Menu/AnaMenuSecimi' successfully

2021-11-18 11:56:36 - [MESSAGE][INFO] - Checking called Test Case

2021-11-18 11:56:36 - [MESSAGE][INFO] - Starting to call Test Case 'Test Cases/Menu/AltMenuSecimi'

2021-11-18 11:56:36 - [TEST_CASE][PASSED] - Test Cases/Menu/AltMenuSecimi: Test Cases/Menu/AltMenuSecimi

2021-11-18 11:56:36 - [TEST_STEP][PASSED] - Method.TextDegerineEsitElementeTikla(findTestObject("Menu/Alt_Menu"), Alt_Menu): Method.TextDegerineEsitElementeTikla is PASSED

2021-11-18 11:56:36 - [MESSAGE][INFO] - Finding Test Object 'Object Repository/Menu/Alt_Menu'

2021-11-18 11:56:36 - [MESSAGE][INFO] - Checking timeout

2021-11-18 11:56:36 - [MESSAGE][INFO] - Finding web element with id: 'Object Repository/Menu/Alt_Menu' located by 'By.xpath: //li[@class='dropdown dropdown-large open']//li[@class='dropdown-element']' in '10' second(s)

2021-11-18 11:56:36 - [MESSAGE][INFO] - Smart Wait Function is triggered

2021-11-18 11:56:37 - [MESSAGE][INFO] - Found 1 web elements with id: 'Object Repository/Menu/Alt_Menu' located by 'By.xpath: //li[@class='dropdown dropdown-large open']//li[@class='dropdown-element']' in '10' second(s)

2021-11-18 11:56:39 - [MESSAGE][PASSED] - Method.TextDegerineEsitElementeTikla is PASSED

2021-11-18 11:56:39 - [MESSAGE][PASSED] - Call Test Case 'Test Cases/Menu/AltMenuSecimi' successfully

2021-11-18 11:56:39 - [MESSAGE][INFO] - Checking called Test Case

2021-11-18 11:56:39 - [MESSAGE][INFO] - Starting to call Test Case 'Test Cases/Sayfalar/Yetki_Yonetimi/SekmeSecilir'

2021-11-18 11:56:39 - [TEST_CASE][PASSED] - Test Cases/Sayfalar/Yetki_Yonetimi/SekmeSecilir: Test Cases/Sayfalar/Yetki_Yonetimi/SekmeSecilir

2021-11-18 11:56:39 - [TEST_STEP][PASSED] - Method.TextDegerineEsitElementeTikla(findTestObject("Object Repository/Sayfalar/Yetki_Yonetimi/Sekmeler"), Sekme): Method.TextDegerineEsitElementeTikla is PASSED

2021-11-18 11:56:39 - [MESSAGE][INFO] - Finding Test Object 'Object Repository/Sayfalar/Yetki_Yonetimi/Sekmeler'

2021-11-18 11:56:39 - [MESSAGE][INFO] - Checking timeout

2021-11-18 11:56:39 - [MESSAGE][INFO] - Finding web element with id: 'Object Repository/Sayfalar/Yetki_Yonetimi/Sekmeler' located by 'By.cssSelector: #pcFeatures_TC>li[class="dxtc-tab"] span,#pcFeatures_TC>li[class="dxtc-activeTab dxtc-lead"] span' in '10' second(s)

2021-11-18 11:56:39 - [MESSAGE][INFO] - Smart Wait Function is triggered

2021-11-18 11:56:40 - [MESSAGE][INFO] - Found 3 web elements with id: 'Object Repository/Sayfalar/Yetki_Yonetimi/Sekmeler' located by 'By.cssSelector: #pcFeatures_TC>li[class="dxtc-tab"] span,#pcFeatures_TC>li[class="dxtc-activeTab dxtc-lead"] span' in '10' second(s)

2021-11-18 11:56:40 - [MESSAGE][PASSED] - Method.TextDegerineEsitElementeTikla is PASSED

2021-11-18 11:56:40 - [MESSAGE][PASSED] - Call Test Case 'Test Cases/Sayfalar/Yetki_Yonetimi/SekmeSecilir' successfully

2021-11-18 11:56:40 - [MESSAGE][INFO] - Checking called Test Case

2021-11-18 11:56:40 - [MESSAGE][INFO] - Starting to call Test Case 'Test Cases/Filtreler/ButonaTikla'

2021-11-18 11:56:40 - [TEST_CASE][PASSED] - Test Cases/Filtreler/ButonaTikla: Test Cases/Filtreler/ButonaTikla

2021-11-18 11:56:40 - [TEST_STEP][PASSED] - Method.TextDegerineEsitElementeTikla(findTestObject("Filtreler/Butonlar"), Filtre_Buton): Method.TextDegerineEsitElementeTikla is PASSED

2021-11-18 11:56:40 - [MESSAGE][INFO] - Finding Test Object 'Object Repository/Filtreler/Butonlar'

2021-11-18 11:56:40 - [MESSAGE][INFO] - Checking timeout

2021-11-18 11:56:40 - [MESSAGE][INFO] - Finding web element with id: 'Object Repository/Filtreler/Butonlar' located by 'By.cssSelector: .dxb>span' in '10' second(s)

2021-11-18 11:56:40 - [MESSAGE][INFO] - Smart Wait Function is triggered

2021-11-18 11:56:40 - [MESSAGE][INFO] - Found 6 web elements with id: 'Object Repository/Filtreler/Butonlar' located by 'By.cssSelector: .dxb>span' in '10' second(s)

2021-11-18 11:56:40 - [MESSAGE][PASSED] - Method.TextDegerineEsitElementeTikla is PASSED

2021-11-18 11:56:40 - [MESSAGE][PASSED] - Call Test Case 'Test Cases/Filtreler/ButonaTikla' successfully

2021-11-18 11:56:40 - [MESSAGE][INFO] - Checking called Test Case

2021-11-18 11:56:40 - [MESSAGE][INFO] - Starting to call Test Case 'Test Cases/Tablo/TablodaVeriVarMi'

2021-11-18 11:56:40 - [TEST_CASE][PASSED] - Test Cases/Tablo/TablodaVeriVarMi: Test Cases/Tablo/TablodaVeriVarMi

2021-11-18 11:56:40 - [TEST_STEP][PASSED] - verifyTextNotPresent("Görüntülenecek veri yok", true): Text 'Görüntülenecek veri yok' is not present on page using regular expression

2021-11-18 11:56:40 - [MESSAGE][INFO] - Checking text present  using regular expression

2021-11-18 11:56:40 - [MESSAGE][INFO] - Smart Wait Function is triggered

2021-11-18 11:56:41 - [MESSAGE][INFO] - Finding text 'Görüntülenecek veri yok' on page  using regular expression

2021-11-18 11:56:41 - [MESSAGE][PASSED] - Text 'Görüntülenecek veri yok' is not present on page using regular expression

2021-11-18 11:56:41 - [MESSAGE][PASSED] - Call Test Case 'Test Cases/Tablo/TablodaVeriVarMi' successfully

2021-11-18 11:56:41 - [MESSAGE][INFO] - Checking called Test Case

2021-11-18 11:56:41 - [MESSAGE][INFO] - Starting to call Test Case 'Test Cases/Tablo/TablodanVeriSec'

2021-11-18 11:56:41 - [TEST_CASE][PASSED] - Test Cases/Tablo/TablodanVeriSec: Test Cases/Tablo/TablodanVeriSec

2021-11-18 11:56:41 - [TEST_STEP][PASSED] - Method.TextDegerineEsitElementinAltindakineTikla(findTestObject("Tablo/Veriler"), findTestObject("Tablo/VerininCheckBoxi"), Veri_Adi): Method.TextDegerineEsitElementinAltindakineTikla is PASSED

2021-11-18 11:56:41 - [MESSAGE][INFO] - Finding Test Object 'Object Repository/Tablo/Veriler'

2021-11-18 11:56:41 - [MESSAGE][INFO] - Finding Test Object 'Object Repository/Tablo/VerininCheckBoxi'

2021-11-18 11:56:41 - [MESSAGE][INFO] - Checking timeout

2021-11-18 11:56:41 - [MESSAGE][INFO] - Finding web element with id: 'Object Repository/Tablo/Veriler' located by 'By.cssSelector: td.dxgv b ,td.dxgv' in '10' second(s)

2021-11-18 11:56:41 - [MESSAGE][INFO] - Smart Wait Function is triggered

2021-11-18 11:56:42 - [MESSAGE][INFO] - Found 11 web elements with id: 'Object Repository/Tablo/Veriler' located by 'By.cssSelector: td.dxgv b ,td.dxgv' in '10' second(s)

2021-11-18 11:56:42 - [MESSAGE][INFO] - Smart Wait Function is triggered

2021-11-18 11:56:42 - [MESSAGE][PASSED] - Method.TextDegerineEsitElementinAltindakineTikla is PASSED

2021-11-18 11:56:42 - [MESSAGE][PASSED] - Call Test Case 'Test Cases/Tablo/TablodanVeriSec' successfully

2021-11-18 11:56:42 - [MESSAGE][INFO] - Checking called Test Case

2021-11-18 11:56:42 - [MESSAGE][INFO] - Starting to call Test Case 'Test Cases/Butonlar/ButonaTikla'

2021-11-18 11:56:42 - [TEST_CASE][PASSED] - Test Cases/Butonlar/ButonaTikla: Test Cases/Butonlar/ButonaTikla

2021-11-18 11:56:42 - [TEST_STEP][PASSED] - Method.TextDegerineEsitElementeTiklaEquals(findTestObject("Butonlar/Butonlar"), Buton_Adi): Method.TextDegerineEsitElementeTiklaEquals is PASSED

2021-11-18 11:56:42 - [MESSAGE][INFO] - Finding Test Object 'Object Repository/Butonlar/Butonlar'

2021-11-18 11:56:42 - [MESSAGE][INFO] - Checking timeout

2021-11-18 11:56:42 - [MESSAGE][INFO] - Finding web element with id: 'Object Repository/Butonlar/Butonlar' located by 'By.cssSelector: .panel.panel-default.text-center.footerPanel .btn,.btn.btn-primary.btnControls' in '10' second(s)

2021-11-18 11:56:42 - [MESSAGE][INFO] - Smart Wait Function is triggered

2021-11-18 11:56:42 - [MESSAGE][INFO] - Found 12 web elements with id: 'Object Repository/Butonlar/Butonlar' located by 'By.cssSelector: .panel.panel-default.text-center.footerPanel .btn,.btn.btn-primary.btnControls' in '10' second(s)

2021-11-18 11:56:43 - [MESSAGE][PASSED] - Method.TextDegerineEsitElementeTiklaEquals is PASSED

2021-11-18 11:56:43 - [MESSAGE][PASSED] - Call Test Case 'Test Cases/Butonlar/ButonaTikla' successfully

2021-11-18 11:56:43 - [MESSAGE][INFO] - Checking called Test Case

2021-11-18 11:56:43 - [MESSAGE][INFO] - Starting to call Test Case 'Test Cases/Sayfalar/Yetki_Yonetimi/YetkiTanimlanir'

2021-11-18 11:56:43 - [TEST_CASE][PASSED] - Test Cases/Sayfalar/Yetki_Yonetimi/YetkiTanimlanir: Test Cases/Sayfalar/Yetki_Yonetimi/YetkiTanimlanir

2021-11-18 11:56:43 - [TEST_STEP][PASSED] - switchToFrame(findTestObject("Object Repository/Sayfalar/Yetki_Yonetimi/Yetki_Tanimlama/frame"), 10): Switched to iframe: 'Object Repository/Sayfalar/Yetki_Yonetimi/Yetki_Tanimlama/frame'

2021-11-18 11:56:43 - [MESSAGE][INFO] - Finding Test Object 'Object Repository/Sayfalar/Yetki_Yonetimi/Yetki_Tanimlama/frame'

2021-11-18 11:56:43 - [MESSAGE][INFO] - Switching to iframe: 'Object Repository/Sayfalar/Yetki_Yonetimi/Yetki_Tanimlama/frame'

2021-11-18 11:56:43 - [MESSAGE][INFO] - Finding web element from Test Object's properties

2021-11-18 11:56:43 - [MESSAGE][INFO] - Checking timeout

2021-11-18 11:56:43 - [MESSAGE][INFO] - Finding web element with id: 'Object Repository/Sayfalar/Yetki_Yonetimi/Yetki_Tanimlama/frame' located by 'By.xpath: //*[@id = 'addrolruleframe']' in '10' second(s)

2021-11-18 11:56:43 - [MESSAGE][INFO] - Smart Wait Function is triggered

2021-11-18 11:56:44 - [MESSAGE][INFO] - Found 1 web elements with id: 'Object Repository/Sayfalar/Yetki_Yonetimi/Yetki_Tanimlama/frame' located by 'By.xpath: //*[@id = 'addrolruleframe']' in '10' second(s)

2021-11-18 11:56:47 - [MESSAGE][INFO] - Switched to iframe: 'Object Repository/Sayfalar/Yetki_Yonetimi/Yetki_Tanimlama/frame'

2021-11-18 11:56:47 - [TEST_STEP][PASSED] - waitForAngularLoad(10): This page doesn't use Angular.

2021-11-18 11:56:47 - [MESSAGE][WARNING] - This page doesn't use Angular.

2021-11-18 11:56:47 - [TEST_STEP][PASSED] - parcalar = <not implemented yet for class: org.codehaus.groovy.ast.expr.EmptyExpression>: null

2021-11-18 11:56:47 - [TEST_STEP][PASSED] - a = 0: null

2021-11-18 11:56:47 - [TEST_STEP][PASSED] - parcalar = Adi.split("/"): null

2021-11-18 11:56:47 - [TEST_STEP][PASSED] - for (def parca : parcalar): Method.TextDegerineEsitElementinAltindakineTikla is PASSED

2021-11-18 11:56:47 - [TEST_STEP][PASSED] - a = a + 1: null

2021-11-18 11:56:47 - [TEST_STEP][PASSED] - if (parcalar.size() == a): null

2021-11-18 11:56:47 - [TEST_STEP][PASSED] - else: Method.TextDegerineEsitElementinAltindakineTikla is PASSED

2021-11-18 11:56:47 - [TEST_STEP][PASSED] - Method.TextDegerineEsitElementinAltindakineTikla(findTestObject("Object Repository/Sayfalar/Yetki_Yonetimi/Yetki_Tanimlama/Yazilar"), findTestObject("Object Repository/Sayfalar/Yetki_Yonetimi/Yetki_Tanimlama/Tree"), parca): Method.TextDegerineEsitElementinAltindakineTikla is PASSED

2021-11-18 11:56:47 - [MESSAGE][INFO] - Finding Test Object 'Object Repository/Sayfalar/Yetki_Yonetimi/Yetki_Tanimlama/Yazilar'

2021-11-18 11:56:47 - [MESSAGE][INFO] - Finding Test Object 'Object Repository/Sayfalar/Yetki_Yonetimi/Yetki_Tanimlama/Tree'

2021-11-18 11:56:47 - [MESSAGE][INFO] - Checking timeout

2021-11-18 11:56:47 - [MESSAGE][INFO] - Finding web element with id: 'Object Repository/Sayfalar/Yetki_Yonetimi/Yetki_Tanimlama/Yazilar' located by 'By.cssSelector: #jstree a' in '10' second(s)

2021-11-18 11:56:47 - [MESSAGE][INFO] - Smart Wait Function is triggered

2021-11-18 11:56:47 - [MESSAGE][INFO] - Found 12 web elements with id: 'Object Repository/Sayfalar/Yetki_Yonetimi/Yetki_Tanimlama/Yazilar' located by 'By.cssSelector: #jstree a' in '10' second(s)

2021-11-18 11:56:47 - [MESSAGE][INFO] - Smart Wait Function is triggered

2021-11-18 11:56:47 - [MESSAGE][PASSED] - Method.TextDegerineEsitElementinAltindakineTikla is PASSED

2021-11-18 11:56:47 - [TEST_STEP][PASSED] - a = a + 1: null

2021-11-18 11:56:47 - [TEST_STEP][PASSED] - if (parcalar.size() == a): null

2021-11-18 11:56:47 - [TEST_STEP][PASSED] - else: Method.TextDegerineEsitElementinAltindakineTikla is PASSED

2021-11-18 11:56:47 - [TEST_STEP][PASSED] - Method.TextDegerineEsitElementinAltindakineTikla(findTestObject("Object Repository/Sayfalar/Yetki_Yonetimi/Yetki_Tanimlama/Yazilar"), findTestObject("Object Repository/Sayfalar/Yetki_Yonetimi/Yetki_Tanimlama/Tree"), parca): Method.TextDegerineEsitElementinAltindakineTikla is PASSED

2021-11-18 11:56:47 - [MESSAGE][INFO] - Finding Test Object 'Object Repository/Sayfalar/Yetki_Yonetimi/Yetki_Tanimlama/Yazilar'

2021-11-18 11:56:47 - [MESSAGE][INFO] - Finding Test Object 'Object Repository/Sayfalar/Yetki_Yonetimi/Yetki_Tanimlama/Tree'

2021-11-18 11:56:47 - [MESSAGE][INFO] - Checking timeout

2021-11-18 11:56:47 - [MESSAGE][INFO] - Finding web element with id: 'Object Repository/Sayfalar/Yetki_Yonetimi/Yetki_Tanimlama/Yazilar' located by 'By.cssSelector: #jstree a' in '10' second(s)

2021-11-18 11:56:47 - [MESSAGE][INFO] - Smart Wait Function is triggered

2021-11-18 11:56:47 - [MESSAGE][INFO] - Found 15 web elements with id: 'Object Repository/Sayfalar/Yetki_Yonetimi/Yetki_Tanimlama/Yazilar' located by 'By.cssSelector: #jstree a' in '10' second(s)

2021-11-18 11:56:47 - [MESSAGE][INFO] - Smart Wait Function is triggered

2021-11-18 11:56:48 - [MESSAGE][PASSED] - Method.TextDegerineEsitElementinAltindakineTikla is PASSED

2021-11-18 11:56:48 - [TEST_STEP][PASSED] - a = a + 1: null

2021-11-18 11:56:48 - [TEST_STEP][PASSED] - if (parcalar.size() == a): null

2021-11-18 11:56:48 - [TEST_STEP][PASSED] - else: Method.TextDegerineEsitElementinAltindakineTikla is PASSED

2021-11-18 11:56:48 - [TEST_STEP][PASSED] - Method.TextDegerineEsitElementinAltindakineTikla(findTestObject("Object Repository/Sayfalar/Yetki_Yonetimi/Yetki_Tanimlama/Yazilar"), findTestObject("Object Repository/Sayfalar/Yetki_Yonetimi/Yetki_Tanimlama/Tree"), parca): Method.TextDegerineEsitElementinAltindakineTikla is PASSED

2021-11-18 11:56:48 - [MESSAGE][INFO] - Finding Test Object 'Object Repository/Sayfalar/Yetki_Yonetimi/Yetki_Tanimlama/Yazilar'

2021-11-18 11:56:48 - [MESSAGE][INFO] - Finding Test Object 'Object Repository/Sayfalar/Yetki_Yonetimi/Yetki_Tanimlama/Tree'

2021-11-18 11:56:48 - [MESSAGE][INFO] - Checking timeout

2021-11-18 11:56:48 - [MESSAGE][INFO] - Finding web element with id: 'Object Repository/Sayfalar/Yetki_Yonetimi/Yetki_Tanimlama/Yazilar' located by 'By.cssSelector: #jstree a' in '10' second(s)

2021-11-18 11:56:48 - [MESSAGE][INFO] - Smart Wait Function is triggered

2021-11-18 11:56:48 - [MESSAGE][INFO] - Found 17 web elements with id: 'Object Repository/Sayfalar/Yetki_Yonetimi/Yetki_Tanimlama/Yazilar' located by 'By.cssSelector: #jstree a' in '10' second(s)

2021-11-18 11:56:48 - [MESSAGE][INFO] - Smart Wait Function is triggered

2021-11-18 11:56:48 - [MESSAGE][PASSED] - Method.TextDegerineEsitElementinAltindakineTikla is PASSED

2021-11-18 11:56:48 - [TEST_STEP][PASSED] - a = a + 1: null

2021-11-18 11:56:48 - [TEST_STEP][PASSED] - if (parcalar.size() == a): Method.TextDegerineEsitElementinAltindakineTikla is PASSED

2021-11-18 11:56:48 - [TEST_STEP][PASSED] - Method.TextDegerineEsitElementinAltindakineTikla(findTestObject("Object Repository/Sayfalar/Yetki_Yonetimi/Yetki_Tanimlama/Yazilar"), findTestObject("Object Repository/Sayfalar/Yetki_Yonetimi/Yetki_Tanimlama/Checkbox"), parca): Method.TextDegerineEsitElementinAltindakineTikla is PASSED

2021-11-18 11:56:48 - [MESSAGE][INFO] - Finding Test Object 'Object Repository/Sayfalar/Yetki_Yonetimi/Yetki_Tanimlama/Yazilar'

2021-11-18 11:56:48 - [MESSAGE][INFO] - Finding Test Object 'Object Repository/Sayfalar/Yetki_Yonetimi/Yetki_Tanimlama/Checkbox'

2021-11-18 11:56:48 - [MESSAGE][INFO] - Checking timeout

2021-11-18 11:56:48 - [MESSAGE][INFO] - Finding web element with id: 'Object Repository/Sayfalar/Yetki_Yonetimi/Yetki_Tanimlama/Yazilar' located by 'By.cssSelector: #jstree a' in '10' second(s)

2021-11-18 11:56:48 - [MESSAGE][INFO] - Smart Wait Function is triggered

2021-11-18 11:56:48 - [MESSAGE][INFO] - Found 30 web elements with id: 'Object Repository/Sayfalar/Yetki_Yonetimi/Yetki_Tanimlama/Yazilar' located by 'By.cssSelector: #jstree a' in '10' second(s)

2021-11-18 11:56:48 - [MESSAGE][INFO] - Smart Wait Function is triggered

2021-11-18 11:56:48 - [MESSAGE][PASSED] - Method.TextDegerineEsitElementinAltindakineTikla is PASSED

2021-11-18 11:56:48 - [TEST_STEP][PASSED] - waitForElementClickable(findTestObject("Object Repository/Sayfalar/Yetki_Yonetimi/Yetki_Tanimlama/Kaydet"), 10): Object 'Object Repository/Sayfalar/Yetki_Yonetimi/Yetki_Tanimlama/Kaydet' is clickable

2021-11-18 11:56:48 - [MESSAGE][INFO] - Finding Test Object 'Object Repository/Sayfalar/Yetki_Yonetimi/Yetki_Tanimlama/Kaydet'

2021-11-18 11:56:49 - [MESSAGE][INFO] - Checking object

2021-11-18 11:56:49 - [MESSAGE][INFO] - Checking timeout

2021-11-18 11:56:49 - [MESSAGE][INFO] - Finding web element from Test Object's properties

2021-11-18 11:56:49 - [MESSAGE][INFO] - Checking timeout

2021-11-18 11:56:49 - [MESSAGE][INFO] - Finding web element with id: 'Object Repository/Sayfalar/Yetki_Yonetimi/Yetki_Tanimlama/Kaydet' located by 'By.xpath: //*[@id="jstree"]/../..//span' in '10' second(s)

2021-11-18 11:56:49 - [MESSAGE][INFO] - Smart Wait Function is triggered

2021-11-18 11:56:49 - [MESSAGE][INFO] - Found 1 web elements with id: 'Object Repository/Sayfalar/Yetki_Yonetimi/Yetki_Tanimlama/Kaydet' located by 'By.xpath: //*[@id="jstree"]/../..//span' in '10' second(s)

2021-11-18 11:56:49 - [MESSAGE][PASSED] - Object 'Object Repository/Sayfalar/Yetki_Yonetimi/Yetki_Tanimlama/Kaydet' is clickable

2021-11-18 11:56:49 - [TEST_STEP][PASSED] - click(findTestObject("Object Repository/Sayfalar/Yetki_Yonetimi/Yetki_Tanimlama/Kaydet")): Object: 'Object Repository/Sayfalar/Yetki_Yonetimi/Yetki_Tanimlama/Kaydet' is clicked on

2021-11-18 11:56:49 - [MESSAGE][INFO] - Finding Test Object 'Object Repository/Sayfalar/Yetki_Yonetimi/Yetki_Tanimlama/Kaydet'

2021-11-18 11:56:49 - [MESSAGE][INFO] - Checking object

2021-11-18 11:56:49 - [MESSAGE][INFO] - Finding web element from Test Object's properties

2021-11-18 11:56:49 - [MESSAGE][INFO] - Checking timeout

2021-11-18 11:56:49 - [MESSAGE][INFO] - Finding web element with id: 'Object Repository/Sayfalar/Yetki_Yonetimi/Yetki_Tanimlama/Kaydet' located by 'By.xpath: //*[@id="jstree"]/../..//span' in '30' second(s)

2021-11-18 11:56:49 - [MESSAGE][INFO] - Smart Wait Function is triggered

2021-11-18 11:56:49 - [MESSAGE][INFO] - Found 1 web elements with id: 'Object Repository/Sayfalar/Yetki_Yonetimi/Yetki_Tanimlama/Kaydet' located by 'By.xpath: //*[@id="jstree"]/../..//span' in '30' second(s)

2021-11-18 11:56:49 - [MESSAGE][INFO] - Clicking on object: 'Object Repository/Sayfalar/Yetki_Yonetimi/Yetki_Tanimlama/Kaydet'

2021-11-18 11:56:49 - [MESSAGE][PASSED] - Object: 'Object Repository/Sayfalar/Yetki_Yonetimi/Yetki_Tanimlama/Kaydet' is clicked on

2021-11-18 11:56:49 - [TEST_STEP][PASSED] - switchToDefaultContent(): Switching to default content

2021-11-18 11:56:49 - [MESSAGE][INFO] - Switching to default content

2021-11-18 11:56:49 - [MESSAGE][PASSED] - Call Test Case 'Test Cases/Sayfalar/Yetki_Yonetimi/YetkiTanimlanir' successfully

2021-11-18 11:56:49 - [MESSAGE][INFO] - Checking called Test Case

2021-11-18 11:56:49 - [MESSAGE][INFO] - Starting to call Test Case 'Test Cases/Popup/PopupButonSecilir'

2021-11-18 11:56:49 - [TEST_CASE][PASSED] - Test Cases/Popup/PopupButonSecilir: Test Cases/Popup/PopupButonSecilir

2021-11-18 11:56:49 - [TEST_STEP][PASSED] - Method.TextDegerineEsitElementeTikla(findTestObject("Popup/Popup_Butons"), Buton): Method.TextDegerineEsitElementeTikla is PASSED

2021-11-18 11:56:49 - [MESSAGE][INFO] - Finding Test Object 'Object Repository/Popup/Popup_Butons'

2021-11-18 11:56:49 - [MESSAGE][INFO] - Checking timeout

2021-11-18 11:56:49 - [MESSAGE][INFO] - Finding web element with id: 'Object Repository/Popup/Popup_Butons' located by 'By.cssSelector: .modal-footer>button' in '10' second(s)

2021-11-18 11:56:49 - [MESSAGE][INFO] - Smart Wait Function is triggered

2021-11-18 11:56:51 - [MESSAGE][INFO] - Found 1 web elements with id: 'Object Repository/Popup/Popup_Butons' located by 'By.cssSelector: .modal-footer>button' in '10' second(s)

2021-11-18 11:56:52 - [MESSAGE][PASSED] - Method.TextDegerineEsitElementeTikla is PASSED

2021-11-18 11:56:52 - [MESSAGE][PASSED] - Call Test Case 'Test Cases/Popup/PopupButonSecilir' successfully

2021-11-18 11:56:52 - [MESSAGE][INFO] - Checking called Test Case

2021-11-18 11:56:52 - [MESSAGE][INFO] - Starting to call Test Case 'Test Cases/Kullanici_Islemleri/KullaniciIslemlerindenSecimYapilir'

2021-11-18 11:56:52 - [TEST_CASE][PASSED] - Test Cases/Kullanici_Islemleri/KullaniciIslemlerindenSecimYapilir: Test Cases/Kullanici_Islemleri/KullaniciIslemlerindenSecimYapilir

2021-11-18 11:56:52 - [TEST_STEP][PASSED] - waitForElementClickable(findTestObject("Object Repository/Kullanici_Islemleri/KullaniciIslemleri"), 10): Object 'Object Repository/Kullanici_Islemleri/KullaniciIslemleri' is clickable

2021-11-18 11:56:52 - [MESSAGE][INFO] - Finding Test Object 'Object Repository/Kullanici_Islemleri/KullaniciIslemleri'

2021-11-18 11:56:52 - [MESSAGE][INFO] - Checking object

2021-11-18 11:56:52 - [MESSAGE][INFO] - Checking timeout

2021-11-18 11:56:52 - [MESSAGE][INFO] - Finding web element from Test Object's properties

2021-11-18 11:56:52 - [MESSAGE][INFO] - Checking timeout

2021-11-18 11:56:52 - [MESSAGE][INFO] - Finding web element with id: 'Object Repository/Kullanici_Islemleri/KullaniciIslemleri' located by 'By.cssSelector: .dropdown>a>img' in '10' second(s)

2021-11-18 11:56:52 - [MESSAGE][INFO] - Smart Wait Function is triggered

2021-11-18 11:56:52 - [MESSAGE][INFO] - Found 1 web elements with id: 'Object Repository/Kullanici_Islemleri/KullaniciIslemleri' located by 'By.cssSelector: .dropdown>a>img' in '10' second(s)

2021-11-18 11:56:52 - [MESSAGE][PASSED] - Object 'Object Repository/Kullanici_Islemleri/KullaniciIslemleri' is clickable

2021-11-18 11:56:52 - [TEST_STEP][PASSED] - click(findTestObject("Object Repository/Kullanici_Islemleri/KullaniciIslemleri")): Object: 'Object Repository/Kullanici_Islemleri/KullaniciIslemleri' is clicked on

2021-11-18 11:56:52 - [MESSAGE][INFO] - Finding Test Object 'Object Repository/Kullanici_Islemleri/KullaniciIslemleri'

2021-11-18 11:56:52 - [MESSAGE][INFO] - Checking object

2021-11-18 11:56:52 - [MESSAGE][INFO] - Finding web element from Test Object's properties

2021-11-18 11:56:52 - [MESSAGE][INFO] - Checking timeout

2021-11-18 11:56:52 - [MESSAGE][INFO] - Finding web element with id: 'Object Repository/Kullanici_Islemleri/KullaniciIslemleri' located by 'By.cssSelector: .dropdown>a>img' in '30' second(s)

2021-11-18 11:56:52 - [MESSAGE][INFO] - Smart Wait Function is triggered

2021-11-18 11:56:53 - [MESSAGE][INFO] - Found 1 web elements with id: 'Object Repository/Kullanici_Islemleri/KullaniciIslemleri' located by 'By.cssSelector: .dropdown>a>img' in '30' second(s)

2021-11-18 11:56:53 - [MESSAGE][INFO] - Clicking on object: 'Object Repository/Kullanici_Islemleri/KullaniciIslemleri'

2021-11-18 11:56:53 - [MESSAGE][PASSED] - Object: 'Object Repository/Kullanici_Islemleri/KullaniciIslemleri' is clicked on

2021-11-18 11:56:53 - [TEST_STEP][PASSED] - Method.TextDegerineEsitElementeTikla(findTestObject("Object Repository/Kullanici_Islemleri/Secenekler"), Islem): Method.TextDegerineEsitElementeTikla is PASSED

2021-11-18 11:56:53 - [MESSAGE][INFO] - Finding Test Object 'Object Repository/Kullanici_Islemleri/Secenekler'

2021-11-18 11:56:53 - [MESSAGE][INFO] - Checking timeout

2021-11-18 11:56:53 - [MESSAGE][INFO] - Finding web element with id: 'Object Repository/Kullanici_Islemleri/Secenekler' located by 'By.cssSelector: .nav.navbar-nav.navbar-right li a' in '10' second(s)

2021-11-18 11:56:53 - [MESSAGE][INFO] - Smart Wait Function is triggered

2021-11-18 11:56:53 - [MESSAGE][INFO] - Found 22 web elements with id: 'Object Repository/Kullanici_Islemleri/Secenekler' located by 'By.cssSelector: .nav.navbar-nav.navbar-right li a' in '10' second(s)

2021-11-18 11:56:54 - [MESSAGE][PASSED] - Method.TextDegerineEsitElementeTikla is PASSED

2021-11-18 11:56:54 - [TEST_STEP][PASSED] - verifyElementNotPresent(findTestObject("Object Repository/Kullanici_Islemleri/Secenekler"), 10): Web element with id: 'Object Repository/Kullanici_Islemleri/Secenekler' located by 'By.cssSelector: .nav.navbar-nav.navbar-right li a' is not present after '10' second(s)

2021-11-18 11:56:54 - [MESSAGE][INFO] - Finding Test Object 'Object Repository/Kullanici_Islemleri/Secenekler'

2021-11-18 11:56:54 - [MESSAGE][INFO] - Checking object

2021-11-18 11:56:54 - [MESSAGE][INFO] - Checking timeout

2021-11-18 11:56:54 - [MESSAGE][INFO] - Finding web element with id: 'Object Repository/Kullanici_Islemleri/Secenekler' located by 'By.cssSelector: .nav.navbar-nav.navbar-right li a' in '10' second(s)

2021-11-18 11:56:54 - [MESSAGE][INFO] - Smart Wait Function is triggered

2021-11-18 11:56:55 - [MESSAGE][PASSED] - Web element with id: 'Object Repository/Kullanici_Islemleri/Secenekler' located by 'By.cssSelector: .nav.navbar-nav.navbar-right li a' is not present after '10' second(s)

2021-11-18 11:56:55 - [MESSAGE][PASSED] - Call Test Case 'Test Cases/Kullanici_Islemleri/KullaniciIslemlerindenSecimYapilir' successfully

2021-11-18 11:56:55 - [TEST_CASE][PASSED] - Start Test Case : SCENARIO Yetki tanimlama: SCENARIO Yetki tanimlama

2021-11-18 11:56:55 - [TEST_STEP][PASSED] - Kullanıcı adı ELOGO6 ve Şifre 123456 olarak giriş yapılır: Kullanıcı adı ELOGO6 ve Şifre 123456 olarak giriş yapılır

2021-11-18 11:56:55 - [MESSAGE][PASSED] - Kullanıcı adı ELOGO6 ve Şifre 123456 olarak giriş yapılır

2021-11-18 11:56:55 - [TEST_STEP][PASSED] - Ana menüden Firma Yönetimi seçilir: Ana menüden Firma Yönetimi seçilir

2021-11-18 11:56:55 - [MESSAGE][PASSED] - Ana menüden Firma Yönetimi seçilir

2021-11-18 11:56:55 - [TEST_STEP][PASSED] - Alt menüden Yetki Yönetimi seçilir: Alt menüden Yetki Yönetimi seçilir

2021-11-18 11:56:55 - [MESSAGE][PASSED] - Alt menüden Yetki Yönetimi seçilir

2021-11-18 11:56:55 - [TEST_STEP][PASSED] - Sekmelerden Rol ve Yetki Tanımları seçilir: Sekmelerden Rol ve Yetki Tanımları seçilir

2021-11-18 11:56:55 - [MESSAGE][PASSED] - Sekmelerden Rol ve Yetki Tanımları seçilir

2021-11-18 11:56:55 - [TEST_STEP][PASSED] - Filtre butonlarından Listele seçilir: Filtre butonlarından Listele seçilir

2021-11-18 11:56:55 - [MESSAGE][PASSED] - Filtre butonlarından Listele seçilir

2021-11-18 11:56:55 - [TEST_STEP][PASSED] - Tabloda veri var mı kontrol edilir: Tabloda veri var mı kontrol edilir

2021-11-18 11:56:55 - [MESSAGE][PASSED] - Tabloda veri var mı kontrol edilir

2021-11-18 11:56:55 - [TEST_STEP][PASSED] - Tablodan brk isimli veri seçilir: Tablodan brk isimli veri seçilir

2021-11-18 11:56:55 - [MESSAGE][PASSED] - Tablodan brk isimli veri seçilir

2021-11-18 11:56:55 - [TEST_STEP][PASSED] - Butonlardan Yetki Tanımla isimli butona tıklanır: Butonlardan Yetki Tanımla isimli butona tıklanır

2021-11-18 11:56:55 - [MESSAGE][PASSED] - Butonlardan Yetki Tanımla isimli butona tıklanır

2021-11-18 11:56:55 - [TEST_STEP][PASSED] - Yetki olarak e-İrsaliye/Gelen Kutusu/İrsaliyeler/Excel seçilir: Yetki olarak e-İrsaliye/Gelen Kutusu/İrsaliyeler/Excel seçilir

2021-11-18 11:56:55 - [MESSAGE][PASSED] - Yetki olarak e-İrsaliye/Gelen Kutusu/İrsaliyeler/Excel seçilir

2021-11-18 11:56:55 - [TEST_STEP][PASSED] - Yönetim popupında Tamam seçilir: Yönetim popupında Tamam seçilir

2021-11-18 11:56:55 - [MESSAGE][PASSED] - Yönetim popupında Tamam seçilir

2021-11-18 11:56:55 - [TEST_STEP][PASSED] - Kullanıcı işlemlerinden Çıkış seçilir: Kullanıcı işlemlerinden Çıkış seçilir

2021-11-18 11:56:55 - [MESSAGE][PASSED] - Kullanıcı işlemlerinden Çıkış seçilir

2021-11-18 11:56:55 - [MESSAGE][PASSED] - Feature file: 'Include/features/Firma Yonetimi/Yetki Yonetimi/Rol ve Yetki Tanimlari/Yetki Tanimla.feature' was passed

2021-11-18 11:56:55 - [TEST_STEP][PASSED] - Start listener action : sampleAfterTestSuite: Invoke 'com.kms.katalon.core.annotation.AfterTestCase' method: 'Listener.sampleAfterTestSuite(...)' completed.

2021-11-18 11:56:55 - [MESSAGE][INFO] - Starting invoke 'com.kms.katalon.core.annotation.AfterTestCase' method: 'Listener.sampleAfterTestSuite(...)'

2021-11-18 11:56:55 - [TEST_STEP][PASSED] - closeBrowser(): Invoke 'com.kms.katalon.core.annotation.AfterTestCase' method: 'Listener.sampleAfterTestSuite(...)' completed.

2021-11-18 11:56:55 - [MESSAGE][INFO] - Closing browser

2021-11-18 11:56:55 - [MESSAGE][PASSED] - Browser is closed

2021-11-18 11:56:55 - [MESSAGE][INFO] - Invoke 'com.kms.katalon.core.annotation.AfterTestCase' method: 'Listener.sampleAfterTestSuite(...)' completed.]]></system-out>
         <system-err><![CDATA[]]></system-err>
      </testcase>
      <system-out><![CDATA[2021-11-18 11:49:13 - [TEST_SUITE][PASSED] - Firma_Yonetimi: Test Cases/Case Repository/Firma Yonetimi/Yetki Yonetimi/Rol ve Yetki Tanimlari/Yetki Tanimla]]></system-out>
      <system-err><![CDATA[]]></system-err>
   </testsuite>
</testsuites>
