<?xml version="1.0" encoding="UTF-8"?>
<testsuites name="Ayarlar" time="859.233" tests="20" failures="1" errors="0">
   <testsuite name="Ayarlar" tests="20" failures="1" errors="0" time="859.233" skipped="0" timestamp="2021-11-16 09:33:54" hostname="DELL - DESKTOP-QBVMTUG" id="">
      <properties>
         <property name="deviceName" value=""/>
         <property name="devicePlatform" value=""/>
         <property name="logFolder" value="C:\\Users\\DELL\\Documents\\GitHub\\EES_KatalonLogo\\Reports\\20211116_090026\\Suite Repository\\Ayarlar\\20211116_090123"/>
         <property name="logFiles" value="C:\\Users\\DELL\\Documents\\GitHub\\EES_KatalonLogo\\Reports\\20211116_090026\\Suite Repository\\Ayarlar\\20211116_090123\\execution0.log"/>
         <property name="attachments" value=""/>
         <property name="hostName" value="DELL - DESKTOP-QBVMTUG"/>
         <property name="os" value="Windows 10 64bit"/>
         <property name="katalonVersion" value="8.0.5.208"/>
         <property name="browser" value="Chrome 95.0.4638.69"/>
         <property name="hostAddress" value="192.168.1.24"/>
         <property name="sessionId" value="200afa24da78f2f5fd8177dc65f6181e"/>
         <property name="seleniumVersion" value="3.141.59"/>
         <property name="proxyInformation" value="ProxyInformation { proxyOption=NO_PROXY, proxyServerType=HTTP, username=, password=********, proxyServerAddress=, proxyServerPort=0, executionList=&quot;&quot;, isApplyToDesiredCapabilities=true }"/>
         <property name="platform" value="Windows 10"/>
      </properties>
      <testcase name="Test Cases/Case Repository/Ayarlar/Araclar/Adres Defteri/Buton Kontrolu" time="41.148" classname="Test Cases/Case Repository/Ayarlar/Araclar/Adres Defteri/Buton Kontrolu" status="PASSED">
         <system-out><![CDATA[2021-11-16 09:33:55 - [TEST_CASE][PASSED] - Test Cases/Case Repository/Ayarlar/Araclar/Adres Defteri/Buton Kontrolu: Test Cases/Case Repository/Ayarlar/Araclar/Adres Defteri/Buton Kontrolu

2021-11-16 09:33:55 - [TEST_STEP][PASSED] - Start listener action : sampleBeforeTestSuite: Invoke 'com.kms.katalon.core.annotation.BeforeTestCase' method: 'Listener.sampleBeforeTestSuite(...)' completed.

2021-11-16 09:33:55 - [MESSAGE][INFO] - Starting invoke 'com.kms.katalon.core.annotation.BeforeTestCase' method: 'Listener.sampleBeforeTestSuite(...)'

2021-11-16 09:33:55 - [TEST_STEP][PASSED] - openBrowser(baseUrl): Browser is opened with url: 'https://efatura-stage.elogo.com.tr/'

2021-11-16 09:33:56 - [MESSAGE][INFO] - Opening browser

2021-11-16 09:33:56 - [MESSAGE][INFO] - Starting 'Chrome' driver

2021-11-16 09:33:56 - [MESSAGE][INFO] - User set preference: ['prefs', '{download.default_directory=C:\otomasyondownfiles}']

2021-11-16 09:33:56 - [MESSAGE][INFO] - Action delay is set to 0 milliseconds

2021-11-16 09:33:59 - [MESSAGE][INFO] - Navigating browser to: 'https://efatura-stage.elogo.com.tr/'

2021-11-16 09:34:01 - [MESSAGE][PASSED] - Browser is opened with url: 'https://efatura-stage.elogo.com.tr/'

2021-11-16 09:34:01 - [TEST_STEP][PASSED] - maximizeWindow(): Invoke 'com.kms.katalon.core.annotation.BeforeTestCase' method: 'Listener.sampleBeforeTestSuite(...)' completed.

2021-11-16 09:34:02 - [MESSAGE][INFO] - Maximizing current window

2021-11-16 09:34:02 - [MESSAGE][PASSED] - Current window maximized

2021-11-16 09:34:02 - [MESSAGE][INFO] - Invoke 'com.kms.katalon.core.annotation.BeforeTestCase' method: 'Listener.sampleBeforeTestSuite(...)' completed.

2021-11-16 09:34:02 - [TEST_STEP][PASSED] - runFeatureFile("Include/features/Ayarlar/Araclar/Adres Defteri/Buton Kontrolu.feature"): Feature file: 'Include/features/Ayarlar/Araclar/Adres Defteri/Buton Kontrolu.feature' was passed

2021-11-16 09:34:02 - [MESSAGE][INFO] - Starting run keyword runFeatureFile: 'Include/features/Ayarlar/Araclar/Adres Defteri/Buton Kontrolu.feature' and extract report to folder: 'C:\Users\DELL\Documents\GitHub\EES_KatalonLogo\Reports\20211116_090026\Suite Repository\Ayarlar\20211116_090123/cucumber_report/1637044442865'...

2021-11-16 09:34:02 - [MESSAGE][INFO] - Glue: []

2021-11-16 09:34:05 - [MESSAGE][INFO] - Checking called Test Case

2021-11-16 09:34:05 - [MESSAGE][INFO] - Starting to call Test Case 'Test Cases/Sayfalar/Giris_Sayfasi/Login'

2021-11-16 09:34:05 - [TEST_CASE][PASSED] - Test Cases/Sayfalar/Giris_Sayfasi/Login: Test Cases/Sayfalar/Giris_Sayfasi/Login

2021-11-16 09:34:06 - [TEST_STEP][PASSED] - Sayfa_Basligi = getWindowTitle(): Current window's title is: 'LOGO e-Fatura'

2021-11-16 09:34:06 - [MESSAGE][INFO] - Getting current window's title

2021-11-16 09:34:06 - [MESSAGE][PASSED] - Current window's title is: 'LOGO e-Fatura'

2021-11-16 09:34:06 - [TEST_STEP][PASSED] - verifyMatch(Sayfa_Basligi, "LOGO e-Fatura", false): Actual text 'LOGO e-Fatura' and expected text 'LOGO e-Fatura' are matched 

2021-11-16 09:34:06 - [MESSAGE][INFO] - Matching actual text 'LOGO e-Fatura' with expected text 'LOGO e-Fatura'

2021-11-16 09:34:06 - [MESSAGE][PASSED] - Actual text 'LOGO e-Fatura' and expected text 'LOGO e-Fatura' are matched 

2021-11-16 09:34:06 - [TEST_STEP][PASSED] - sendKeys(findTestObject("Sayfalar/Giris_Sayfasi/Firma_Kodu"), KullaniciAdi): Keys 'ELOGO6' sent to object: 'Object Repository/Sayfalar/Giris_Sayfasi/Firma_Kodu'

2021-11-16 09:34:06 - [MESSAGE][INFO] - Finding Test Object 'Object Repository/Sayfalar/Giris_Sayfasi/Firma_Kodu'

2021-11-16 09:34:06 - [MESSAGE][INFO] - Sending keys 'ELOGO6' to object: 'Object Repository/Sayfalar/Giris_Sayfasi/Firma_Kodu'

2021-11-16 09:34:06 - [MESSAGE][INFO] - Finding web element from Test Object's properties

2021-11-16 09:34:06 - [MESSAGE][INFO] - Checking timeout

2021-11-16 09:34:06 - [MESSAGE][INFO] - Finding web element with id: 'Object Repository/Sayfalar/Giris_Sayfasi/Firma_Kodu' located by 'By.xpath: //*[@id = 'AccountName']' in '30' second(s)

2021-11-16 09:34:06 - [MESSAGE][INFO] - Smart Wait Function is triggered

2021-11-16 09:34:06 - [MESSAGE][INFO] - Found 1 web elements with id: 'Object Repository/Sayfalar/Giris_Sayfasi/Firma_Kodu' located by 'By.xpath: //*[@id = 'AccountName']' in '30' second(s)

2021-11-16 09:34:06 - [MESSAGE][PASSED] - Keys 'ELOGO6' sent to object: 'Object Repository/Sayfalar/Giris_Sayfasi/Firma_Kodu'

2021-11-16 09:34:06 - [TEST_STEP][PASSED] - sendKeys(findTestObject("Sayfalar/Giris_Sayfasi/Sifre"), Sifre): Keys '123456' sent to object: 'Object Repository/Sayfalar/Giris_Sayfasi/Sifre'

2021-11-16 09:34:06 - [MESSAGE][INFO] - Finding Test Object 'Object Repository/Sayfalar/Giris_Sayfasi/Sifre'

2021-11-16 09:34:06 - [MESSAGE][INFO] - Sending keys '123456' to object: 'Object Repository/Sayfalar/Giris_Sayfasi/Sifre'

2021-11-16 09:34:06 - [MESSAGE][INFO] - Finding web element from Test Object's properties

2021-11-16 09:34:06 - [MESSAGE][INFO] - Checking timeout

2021-11-16 09:34:06 - [MESSAGE][INFO] - Finding web element with id: 'Object Repository/Sayfalar/Giris_Sayfasi/Sifre' located by 'By.xpath: //*[@id = 'Password']' in '30' second(s)

2021-11-16 09:34:06 - [MESSAGE][INFO] - Smart Wait Function is triggered

2021-11-16 09:34:07 - [MESSAGE][INFO] - Found 1 web elements with id: 'Object Repository/Sayfalar/Giris_Sayfasi/Sifre' located by 'By.xpath: //*[@id = 'Password']' in '30' second(s)

2021-11-16 09:34:07 - [MESSAGE][PASSED] - Keys '123456' sent to object: 'Object Repository/Sayfalar/Giris_Sayfasi/Sifre'

2021-11-16 09:34:07 - [TEST_STEP][PASSED] - findWebElement(findTestObject("Sayfalar/Giris_Sayfasi/Giris_Butonu")).click(): Found 1 web elements with id: 'Object Repository/Sayfalar/Giris_Sayfasi/Giris_Butonu' located by 'By.cssSelector: #btnLogin' in '30' second(s)

2021-11-16 09:34:07 - [MESSAGE][INFO] - Finding Test Object 'Object Repository/Sayfalar/Giris_Sayfasi/Giris_Butonu'

2021-11-16 09:34:07 - [MESSAGE][INFO] - Finding web element from Test Object's properties

2021-11-16 09:34:07 - [MESSAGE][INFO] - Checking timeout

2021-11-16 09:34:07 - [MESSAGE][INFO] - Finding web element with id: 'Object Repository/Sayfalar/Giris_Sayfasi/Giris_Butonu' located by 'By.cssSelector: #btnLogin' in '30' second(s)

2021-11-16 09:34:07 - [MESSAGE][INFO] - Smart Wait Function is triggered

2021-11-16 09:34:07 - [MESSAGE][INFO] - Found 1 web elements with id: 'Object Repository/Sayfalar/Giris_Sayfasi/Giris_Butonu' located by 'By.cssSelector: #btnLogin' in '30' second(s)

2021-11-16 09:34:09 - [TEST_STEP][PASSED] - if (verifyElementPresent(findTestObject("Object Repository/Sayfalar/Giris_Sayfasi/RetveTamam_Butonu"), 5, OPTIONAL)): null

2021-11-16 09:34:09 - [MESSAGE][INFO] - Finding Test Object 'Object Repository/Sayfalar/Giris_Sayfasi/RetveTamam_Butonu'

2021-11-16 09:34:09 - [MESSAGE][INFO] - Checking object

2021-11-16 09:34:09 - [MESSAGE][INFO] - Finding web element from Test Object's properties

2021-11-16 09:34:09 - [MESSAGE][INFO] - Checking timeout

2021-11-16 09:34:09 - [MESSAGE][INFO] - Finding web element with id: 'Object Repository/Sayfalar/Giris_Sayfasi/RetveTamam_Butonu' located by 'By.xpath: //*[@class = 'btn btn-default']' in '5' second(s)

2021-11-16 09:34:09 - [MESSAGE][INFO] - Smart Wait Function is triggered

2021-11-16 09:34:10 - [MESSAGE][INFO] - Found 1 web elements with id: 'Object Repository/Sayfalar/Giris_Sayfasi/RetveTamam_Butonu' located by 'By.xpath: //*[@class = 'btn btn-default']' in '5' second(s)

2021-11-16 09:34:10 - [MESSAGE][PASSED] - Object 'Object Repository/Sayfalar/Giris_Sayfasi/RetveTamam_Butonu' is present

2021-11-16 09:34:10 - [TEST_STEP][PASSED] - click(findTestObject("Object Repository/Sayfalar/Giris_Sayfasi/RetveTamam_Butonu")): Object: 'Object Repository/Sayfalar/Giris_Sayfasi/RetveTamam_Butonu' is clicked on

2021-11-16 09:34:10 - [MESSAGE][INFO] - Finding Test Object 'Object Repository/Sayfalar/Giris_Sayfasi/RetveTamam_Butonu'

2021-11-16 09:34:10 - [MESSAGE][INFO] - Checking object

2021-11-16 09:34:10 - [MESSAGE][INFO] - Finding web element from Test Object's properties

2021-11-16 09:34:10 - [MESSAGE][INFO] - Checking timeout

2021-11-16 09:34:10 - [MESSAGE][INFO] - Finding web element with id: 'Object Repository/Sayfalar/Giris_Sayfasi/RetveTamam_Butonu' located by 'By.xpath: //*[@class = 'btn btn-default']' in '30' second(s)

2021-11-16 09:34:10 - [MESSAGE][INFO] - Smart Wait Function is triggered

2021-11-16 09:34:10 - [MESSAGE][INFO] - Found 1 web elements with id: 'Object Repository/Sayfalar/Giris_Sayfasi/RetveTamam_Butonu' located by 'By.xpath: //*[@class = 'btn btn-default']' in '30' second(s)

2021-11-16 09:34:10 - [MESSAGE][INFO] - Clicking on object: 'Object Repository/Sayfalar/Giris_Sayfasi/RetveTamam_Butonu'

2021-11-16 09:34:10 - [MESSAGE][PASSED] - Object: 'Object Repository/Sayfalar/Giris_Sayfasi/RetveTamam_Butonu' is clicked on

2021-11-16 09:34:10 - [TEST_STEP][PASSED] - click(findTestObject("Object Repository/Sayfalar/Giris_Sayfasi/RetveTamam_Butonu")): Object: 'Object Repository/Sayfalar/Giris_Sayfasi/RetveTamam_Butonu' is clicked on

2021-11-16 09:34:10 - [MESSAGE][INFO] - Finding Test Object 'Object Repository/Sayfalar/Giris_Sayfasi/RetveTamam_Butonu'

2021-11-16 09:34:10 - [MESSAGE][INFO] - Checking object

2021-11-16 09:34:10 - [MESSAGE][INFO] - Finding web element from Test Object's properties

2021-11-16 09:34:10 - [MESSAGE][INFO] - Checking timeout

2021-11-16 09:34:10 - [MESSAGE][INFO] - Finding web element with id: 'Object Repository/Sayfalar/Giris_Sayfasi/RetveTamam_Butonu' located by 'By.xpath: //*[@class = 'btn btn-default']' in '30' second(s)

2021-11-16 09:34:10 - [MESSAGE][INFO] - Smart Wait Function is triggered

2021-11-16 09:34:17 - [MESSAGE][INFO] - Found 1 web elements with id: 'Object Repository/Sayfalar/Giris_Sayfasi/RetveTamam_Butonu' located by 'By.xpath: //*[@class = 'btn btn-default']' in '30' second(s)

2021-11-16 09:34:17 - [MESSAGE][INFO] - Clicking on object: 'Object Repository/Sayfalar/Giris_Sayfasi/RetveTamam_Butonu'

2021-11-16 09:34:17 - [MESSAGE][PASSED] - Object: 'Object Repository/Sayfalar/Giris_Sayfasi/RetveTamam_Butonu' is clicked on

2021-11-16 09:34:17 - [TEST_STEP][PASSED] - if (verifyElementPresent(findTestObject("Sayfalar/Giris_Sayfasi/PopupOK"), 5, OPTIONAL)): null

2021-11-16 09:34:17 - [MESSAGE][INFO] - Finding Test Object 'Object Repository/Sayfalar/Giris_Sayfasi/PopupOK'

2021-11-16 09:34:17 - [MESSAGE][INFO] - Checking object

2021-11-16 09:34:17 - [MESSAGE][INFO] - Finding web element from Test Object's properties

2021-11-16 09:34:17 - [MESSAGE][INFO] - Checking timeout

2021-11-16 09:34:17 - [MESSAGE][INFO] - Finding web element with id: 'Object Repository/Sayfalar/Giris_Sayfasi/PopupOK' located by 'By.cssSelector: .btn.btn-success' in '5' second(s)

2021-11-16 09:34:17 - [MESSAGE][INFO] - Smart Wait Function is triggered

2021-11-16 09:34:18 - [MESSAGE][INFO] - Found 1 web elements with id: 'Object Repository/Sayfalar/Giris_Sayfasi/PopupOK' located by 'By.cssSelector: .btn.btn-success' in '5' second(s)

2021-11-16 09:34:18 - [MESSAGE][PASSED] - Object 'Object Repository/Sayfalar/Giris_Sayfasi/PopupOK' is present

2021-11-16 09:34:18 - [TEST_STEP][PASSED] - click(findTestObject("Object Repository/Sayfalar/Giris_Sayfasi/PopupCarpiGiris")): Object: 'Object Repository/Sayfalar/Giris_Sayfasi/PopupCarpiGiris' is clicked on

2021-11-16 09:34:18 - [MESSAGE][INFO] - Finding Test Object 'Object Repository/Sayfalar/Giris_Sayfasi/PopupCarpiGiris'

2021-11-16 09:34:18 - [MESSAGE][INFO] - Checking object

2021-11-16 09:34:18 - [MESSAGE][INFO] - Finding web element from Test Object's properties

2021-11-16 09:34:18 - [MESSAGE][INFO] - Checking timeout

2021-11-16 09:34:18 - [MESSAGE][INFO] - Finding web element with id: 'Object Repository/Sayfalar/Giris_Sayfasi/PopupCarpiGiris' located by 'By.cssSelector: .bootbox-close-button.close' in '30' second(s)

2021-11-16 09:34:18 - [MESSAGE][INFO] - Smart Wait Function is triggered

2021-11-16 09:34:18 - [MESSAGE][INFO] - Found 1 web elements with id: 'Object Repository/Sayfalar/Giris_Sayfasi/PopupCarpiGiris' located by 'By.cssSelector: .bootbox-close-button.close' in '30' second(s)

2021-11-16 09:34:18 - [MESSAGE][INFO] - Clicking on object: 'Object Repository/Sayfalar/Giris_Sayfasi/PopupCarpiGiris'

2021-11-16 09:34:18 - [MESSAGE][PASSED] - Object: 'Object Repository/Sayfalar/Giris_Sayfasi/PopupCarpiGiris' is clicked on

2021-11-16 09:34:18 - [TEST_STEP][PASSED] - verifyElementVisible(findTestObject("Object Repository/Kullanici_Islemleri/KullaniciIslemleri")): Object 'Object Repository/Kullanici_Islemleri/KullaniciIslemleri' is visible

2021-11-16 09:34:18 - [MESSAGE][INFO] - Finding Test Object 'Object Repository/Kullanici_Islemleri/KullaniciIslemleri'

2021-11-16 09:34:19 - [MESSAGE][INFO] - Checking object

2021-11-16 09:34:19 - [MESSAGE][INFO] - Finding web element from Test Object's properties

2021-11-16 09:34:19 - [MESSAGE][INFO] - Checking timeout

2021-11-16 09:34:19 - [MESSAGE][INFO] - Finding web element with id: 'Object Repository/Kullanici_Islemleri/KullaniciIslemleri' located by 'By.cssSelector: .dropdown>a>img' in '30' second(s)

2021-11-16 09:34:19 - [MESSAGE][INFO] - Smart Wait Function is triggered

2021-11-16 09:34:19 - [MESSAGE][INFO] - Found 1 web elements with id: 'Object Repository/Kullanici_Islemleri/KullaniciIslemleri' located by 'By.cssSelector: .dropdown>a>img' in '30' second(s)

2021-11-16 09:34:19 - [MESSAGE][PASSED] - Object 'Object Repository/Kullanici_Islemleri/KullaniciIslemleri' is visible

2021-11-16 09:34:19 - [MESSAGE][PASSED] - Call Test Case 'Test Cases/Sayfalar/Giris_Sayfasi/Login' successfully

2021-11-16 09:34:19 - [MESSAGE][INFO] - Checking called Test Case

2021-11-16 09:34:19 - [MESSAGE][INFO] - Starting to call Test Case 'Test Cases/Menu/AnaMenuSecimi'

2021-11-16 09:34:19 - [TEST_CASE][PASSED] - Test Cases/Menu/AnaMenuSecimi: Test Cases/Menu/AnaMenuSecimi

2021-11-16 09:34:20 - [TEST_STEP][PASSED] - Method.TextDegerineEsitElementeTikla(findTestObject("Menu/Ana_Menu"), Ana_Menu): Method.TextDegerineEsitElementeTikla is PASSED

2021-11-16 09:34:20 - [MESSAGE][INFO] - Finding Test Object 'Object Repository/Menu/Ana_Menu'

2021-11-16 09:34:20 - [MESSAGE][INFO] - Checking timeout

2021-11-16 09:34:20 - [MESSAGE][INFO] - Finding web element with id: 'Object Repository/Menu/Ana_Menu' located by 'By.xpath: //*[@class = 'dropdown-toggle']' in '10' second(s)

2021-11-16 09:34:20 - [MESSAGE][INFO] - Smart Wait Function is triggered

2021-11-16 09:34:20 - [MESSAGE][INFO] - Found 14 web elements with id: 'Object Repository/Menu/Ana_Menu' located by 'By.xpath: //*[@class = 'dropdown-toggle']' in '10' second(s)

2021-11-16 09:34:21 - [MESSAGE][PASSED] - Method.TextDegerineEsitElementeTikla is PASSED

2021-11-16 09:34:21 - [MESSAGE][PASSED] - Call Test Case 'Test Cases/Menu/AnaMenuSecimi' successfully

2021-11-16 09:34:21 - [MESSAGE][INFO] - Checking called Test Case

2021-11-16 09:34:21 - [MESSAGE][INFO] - Starting to call Test Case 'Test Cases/Menu/BasligaGoreAltMenuSecimi'

2021-11-16 09:34:21 - [TEST_CASE][PASSED] - Test Cases/Menu/BasligaGoreAltMenuSecimi: Test Cases/Menu/BasligaGoreAltMenuSecimi

2021-11-16 09:34:21 - [TEST_STEP][PASSED] - Method.TextDegerineEsitElementinAltindakiTextDegerineEsitOlanaTikla(findTestObject("Menu/Menu_Basligi"), findTestObject("Menu/Basliga_Gore_Alt_Menu"), Baslik, Alt_Menu): Method.TextDegerineEsitElementinAltindakiTextDegerineEsitOlanaTikla is PASSED

2021-11-16 09:34:21 - [MESSAGE][INFO] - Finding Test Object 'Object Repository/Menu/Menu_Basligi'

2021-11-16 09:34:21 - [MESSAGE][INFO] - Finding Test Object 'Object Repository/Menu/Basliga_Gore_Alt_Menu'

2021-11-16 09:34:21 - [MESSAGE][INFO] - Checking timeout

2021-11-16 09:34:21 - [MESSAGE][INFO] - Finding web element with id: 'Object Repository/Menu/Menu_Basligi' located by 'By.xpath: //li[@class='dropdown dropdown-large open']//li[@class='dropdown-header']' in '10' second(s)

2021-11-16 09:34:21 - [MESSAGE][INFO] - Smart Wait Function is triggered

2021-11-16 09:34:22 - [MESSAGE][INFO] - Found 2 web elements with id: 'Object Repository/Menu/Menu_Basligi' located by 'By.xpath: //li[@class='dropdown dropdown-large open']//li[@class='dropdown-header']' in '10' second(s)

2021-11-16 09:34:22 - [MESSAGE][INFO] - Smart Wait Function is triggered

2021-11-16 09:34:24 - [MESSAGE][PASSED] - Method.TextDegerineEsitElementinAltindakiTextDegerineEsitOlanaTikla is PASSED

2021-11-16 09:34:24 - [MESSAGE][PASSED] - Call Test Case 'Test Cases/Menu/BasligaGoreAltMenuSecimi' successfully

2021-11-16 09:34:24 - [MESSAGE][INFO] - Checking called Test Case

2021-11-16 09:34:24 - [MESSAGE][INFO] - Starting to call Test Case 'Test Cases/Filtreler/FiltreVarMi'

2021-11-16 09:34:24 - [TEST_CASE][PASSED] - Test Cases/Filtreler/FiltreVarMi: Test Cases/Filtreler/FiltreVarMi

2021-11-16 09:34:25 - [TEST_STEP][PASSED] - Method.TextDegerineEsitElementVarMi(findTestObject("Filtreler/Basliklar"), Filtre_alan): Method.TextDegerineEsitElementVarMi is PASSED

2021-11-16 09:34:25 - [MESSAGE][INFO] - Finding Test Object 'Object Repository/Filtreler/Basliklar'

2021-11-16 09:34:25 - [MESSAGE][INFO] - Checking timeout

2021-11-16 09:34:25 - [MESSAGE][INFO] - Finding web element with id: 'Object Repository/Filtreler/Basliklar' located by 'By.cssSelector: .control-label.col-sm-4.paddingMarginRLC' in '10' second(s)

2021-11-16 09:34:25 - [MESSAGE][INFO] - Smart Wait Function is triggered

2021-11-16 09:34:25 - [MESSAGE][INFO] - Found 6 web elements with id: 'Object Repository/Filtreler/Basliklar' located by 'By.cssSelector: .control-label.col-sm-4.paddingMarginRLC' in '10' second(s)

2021-11-16 09:34:25 - [MESSAGE][PASSED] - Method.TextDegerineEsitElementVarMi is PASSED

2021-11-16 09:34:25 - [MESSAGE][PASSED] - Call Test Case 'Test Cases/Filtreler/FiltreVarMi' successfully

2021-11-16 09:34:25 - [MESSAGE][INFO] - Checking called Test Case

2021-11-16 09:34:25 - [MESSAGE][INFO] - Starting to call Test Case 'Test Cases/Filtreler/FiltreVarMi'

2021-11-16 09:34:25 - [TEST_CASE][PASSED] - Test Cases/Filtreler/FiltreVarMi: Test Cases/Filtreler/FiltreVarMi

2021-11-16 09:34:25 - [TEST_STEP][PASSED] - Method.TextDegerineEsitElementVarMi(findTestObject("Filtreler/Basliklar"), Filtre_alan): Method.TextDegerineEsitElementVarMi is PASSED

2021-11-16 09:34:25 - [MESSAGE][INFO] - Finding Test Object 'Object Repository/Filtreler/Basliklar'

2021-11-16 09:34:25 - [MESSAGE][INFO] - Checking timeout

2021-11-16 09:34:25 - [MESSAGE][INFO] - Finding web element with id: 'Object Repository/Filtreler/Basliklar' located by 'By.cssSelector: .control-label.col-sm-4.paddingMarginRLC' in '10' second(s)

2021-11-16 09:34:25 - [MESSAGE][INFO] - Smart Wait Function is triggered

2021-11-16 09:34:26 - [MESSAGE][INFO] - Found 6 web elements with id: 'Object Repository/Filtreler/Basliklar' located by 'By.cssSelector: .control-label.col-sm-4.paddingMarginRLC' in '10' second(s)

2021-11-16 09:34:26 - [MESSAGE][PASSED] - Method.TextDegerineEsitElementVarMi is PASSED

2021-11-16 09:34:26 - [MESSAGE][PASSED] - Call Test Case 'Test Cases/Filtreler/FiltreVarMi' successfully

2021-11-16 09:34:26 - [MESSAGE][INFO] - Checking called Test Case

2021-11-16 09:34:26 - [MESSAGE][INFO] - Starting to call Test Case 'Test Cases/Filtreler/FiltreVarMi'

2021-11-16 09:34:26 - [TEST_CASE][PASSED] - Test Cases/Filtreler/FiltreVarMi: Test Cases/Filtreler/FiltreVarMi

2021-11-16 09:34:26 - [TEST_STEP][PASSED] - Method.TextDegerineEsitElementVarMi(findTestObject("Filtreler/Basliklar"), Filtre_alan): Method.TextDegerineEsitElementVarMi is PASSED

2021-11-16 09:34:26 - [MESSAGE][INFO] - Finding Test Object 'Object Repository/Filtreler/Basliklar'

2021-11-16 09:34:26 - [MESSAGE][INFO] - Checking timeout

2021-11-16 09:34:26 - [MESSAGE][INFO] - Finding web element with id: 'Object Repository/Filtreler/Basliklar' located by 'By.cssSelector: .control-label.col-sm-4.paddingMarginRLC' in '10' second(s)

2021-11-16 09:34:26 - [MESSAGE][INFO] - Smart Wait Function is triggered

2021-11-16 09:34:26 - [MESSAGE][INFO] - Found 6 web elements with id: 'Object Repository/Filtreler/Basliklar' located by 'By.cssSelector: .control-label.col-sm-4.paddingMarginRLC' in '10' second(s)

2021-11-16 09:34:26 - [MESSAGE][PASSED] - Method.TextDegerineEsitElementVarMi is PASSED

2021-11-16 09:34:26 - [MESSAGE][PASSED] - Call Test Case 'Test Cases/Filtreler/FiltreVarMi' successfully

2021-11-16 09:34:26 - [MESSAGE][INFO] - Checking called Test Case

2021-11-16 09:34:26 - [MESSAGE][INFO] - Starting to call Test Case 'Test Cases/Filtreler/FiltreVarMi'

2021-11-16 09:34:26 - [TEST_CASE][PASSED] - Test Cases/Filtreler/FiltreVarMi: Test Cases/Filtreler/FiltreVarMi

2021-11-16 09:34:26 - [TEST_STEP][PASSED] - Method.TextDegerineEsitElementVarMi(findTestObject("Filtreler/Basliklar"), Filtre_alan): Method.TextDegerineEsitElementVarMi is PASSED

2021-11-16 09:34:26 - [MESSAGE][INFO] - Finding Test Object 'Object Repository/Filtreler/Basliklar'

2021-11-16 09:34:27 - [MESSAGE][INFO] - Checking timeout

2021-11-16 09:34:27 - [MESSAGE][INFO] - Finding web element with id: 'Object Repository/Filtreler/Basliklar' located by 'By.cssSelector: .control-label.col-sm-4.paddingMarginRLC' in '10' second(s)

2021-11-16 09:34:27 - [MESSAGE][INFO] - Smart Wait Function is triggered

2021-11-16 09:34:27 - [MESSAGE][INFO] - Found 6 web elements with id: 'Object Repository/Filtreler/Basliklar' located by 'By.cssSelector: .control-label.col-sm-4.paddingMarginRLC' in '10' second(s)

2021-11-16 09:34:27 - [MESSAGE][PASSED] - Method.TextDegerineEsitElementVarMi is PASSED

2021-11-16 09:34:27 - [MESSAGE][PASSED] - Call Test Case 'Test Cases/Filtreler/FiltreVarMi' successfully

2021-11-16 09:34:27 - [MESSAGE][INFO] - Checking called Test Case

2021-11-16 09:34:27 - [MESSAGE][INFO] - Starting to call Test Case 'Test Cases/Filtreler/FiltreVarMi'

2021-11-16 09:34:27 - [TEST_CASE][PASSED] - Test Cases/Filtreler/FiltreVarMi: Test Cases/Filtreler/FiltreVarMi

2021-11-16 09:34:27 - [TEST_STEP][PASSED] - Method.TextDegerineEsitElementVarMi(findTestObject("Filtreler/Basliklar"), Filtre_alan): Method.TextDegerineEsitElementVarMi is PASSED

2021-11-16 09:34:27 - [MESSAGE][INFO] - Finding Test Object 'Object Repository/Filtreler/Basliklar'

2021-11-16 09:34:27 - [MESSAGE][INFO] - Checking timeout

2021-11-16 09:34:27 - [MESSAGE][INFO] - Finding web element with id: 'Object Repository/Filtreler/Basliklar' located by 'By.cssSelector: .control-label.col-sm-4.paddingMarginRLC' in '10' second(s)

2021-11-16 09:34:27 - [MESSAGE][INFO] - Smart Wait Function is triggered

2021-11-16 09:34:27 - [MESSAGE][INFO] - Found 6 web elements with id: 'Object Repository/Filtreler/Basliklar' located by 'By.cssSelector: .control-label.col-sm-4.paddingMarginRLC' in '10' second(s)

2021-11-16 09:34:27 - [MESSAGE][PASSED] - Method.TextDegerineEsitElementVarMi is PASSED

2021-11-16 09:34:27 - [MESSAGE][PASSED] - Call Test Case 'Test Cases/Filtreler/FiltreVarMi' successfully

2021-11-16 09:34:27 - [MESSAGE][INFO] - Checking called Test Case

2021-11-16 09:34:27 - [MESSAGE][INFO] - Starting to call Test Case 'Test Cases/Filtreler/ButonVarMi'

2021-11-16 09:34:27 - [TEST_CASE][PASSED] - Test Cases/Filtreler/ButonVarMi: Test Cases/Filtreler/ButonVarMi

2021-11-16 09:34:28 - [TEST_STEP][PASSED] - Method.TextDegerineEsitElementVarMi(findTestObject("Filtreler/Butonlar"), Filtre_Buton): Method.TextDegerineEsitElementVarMi is PASSED

2021-11-16 09:34:28 - [MESSAGE][INFO] - Finding Test Object 'Object Repository/Filtreler/Butonlar'

2021-11-16 09:34:28 - [MESSAGE][INFO] - Checking timeout

2021-11-16 09:34:28 - [MESSAGE][INFO] - Finding web element with id: 'Object Repository/Filtreler/Butonlar' located by 'By.cssSelector: .dxb>span' in '10' second(s)

2021-11-16 09:34:28 - [MESSAGE][INFO] - Smart Wait Function is triggered

2021-11-16 09:34:29 - [MESSAGE][INFO] - Found 2 web elements with id: 'Object Repository/Filtreler/Butonlar' located by 'By.cssSelector: .dxb>span' in '10' second(s)

2021-11-16 09:34:29 - [MESSAGE][PASSED] - Method.TextDegerineEsitElementVarMi is PASSED

2021-11-16 09:34:29 - [MESSAGE][PASSED] - Call Test Case 'Test Cases/Filtreler/ButonVarMi' successfully

2021-11-16 09:34:29 - [MESSAGE][INFO] - Checking called Test Case

2021-11-16 09:34:29 - [MESSAGE][INFO] - Starting to call Test Case 'Test Cases/Filtreler/ButonVarMi'

2021-11-16 09:34:29 - [TEST_CASE][PASSED] - Test Cases/Filtreler/ButonVarMi: Test Cases/Filtreler/ButonVarMi

2021-11-16 09:34:29 - [TEST_STEP][PASSED] - Method.TextDegerineEsitElementVarMi(findTestObject("Filtreler/Butonlar"), Filtre_Buton): Method.TextDegerineEsitElementVarMi is PASSED

2021-11-16 09:34:29 - [MESSAGE][INFO] - Finding Test Object 'Object Repository/Filtreler/Butonlar'

2021-11-16 09:34:29 - [MESSAGE][INFO] - Checking timeout

2021-11-16 09:34:29 - [MESSAGE][INFO] - Finding web element with id: 'Object Repository/Filtreler/Butonlar' located by 'By.cssSelector: .dxb>span' in '10' second(s)

2021-11-16 09:34:29 - [MESSAGE][INFO] - Smart Wait Function is triggered

2021-11-16 09:34:29 - [MESSAGE][INFO] - Found 2 web elements with id: 'Object Repository/Filtreler/Butonlar' located by 'By.cssSelector: .dxb>span' in '10' second(s)

2021-11-16 09:34:29 - [MESSAGE][PASSED] - Method.TextDegerineEsitElementVarMi is PASSED

2021-11-16 09:34:29 - [MESSAGE][PASSED] - Call Test Case 'Test Cases/Filtreler/ButonVarMi' successfully

2021-11-16 09:34:29 - [MESSAGE][INFO] - Checking called Test Case

2021-11-16 09:34:29 - [MESSAGE][INFO] - Starting to call Test Case 'Test Cases/Butonlar/ButonVarMi'

2021-11-16 09:34:29 - [TEST_CASE][PASSED] - Test Cases/Butonlar/ButonVarMi: Test Cases/Butonlar/ButonVarMi

2021-11-16 09:34:30 - [TEST_STEP][PASSED] - Method.TextDegerineEsitElementVarMi(findTestObject("Butonlar/Butonlar"), Buton): Method.TextDegerineEsitElementVarMi is PASSED

2021-11-16 09:34:30 - [MESSAGE][INFO] - Finding Test Object 'Object Repository/Butonlar/Butonlar'

2021-11-16 09:34:30 - [MESSAGE][INFO] - Checking timeout

2021-11-16 09:34:30 - [MESSAGE][INFO] - Finding web element with id: 'Object Repository/Butonlar/Butonlar' located by 'By.cssSelector: .panel.panel-default.text-center.footerPanel .btn,.btn.btn-primary.btnControls' in '10' second(s)

2021-11-16 09:34:30 - [MESSAGE][INFO] - Smart Wait Function is triggered

2021-11-16 09:34:30 - [MESSAGE][INFO] - Found 4 web elements with id: 'Object Repository/Butonlar/Butonlar' located by 'By.cssSelector: .panel.panel-default.text-center.footerPanel .btn,.btn.btn-primary.btnControls' in '10' second(s)

2021-11-16 09:34:30 - [MESSAGE][PASSED] - Method.TextDegerineEsitElementVarMi is PASSED

2021-11-16 09:34:30 - [MESSAGE][PASSED] - Call Test Case 'Test Cases/Butonlar/ButonVarMi' successfully

2021-11-16 09:34:30 - [MESSAGE][INFO] - Checking called Test Case

2021-11-16 09:34:30 - [MESSAGE][INFO] - Starting to call Test Case 'Test Cases/Butonlar/ButonVarMi'

2021-11-16 09:34:30 - [TEST_CASE][PASSED] - Test Cases/Butonlar/ButonVarMi: Test Cases/Butonlar/ButonVarMi

2021-11-16 09:34:30 - [TEST_STEP][PASSED] - Method.TextDegerineEsitElementVarMi(findTestObject("Butonlar/Butonlar"), Buton): Method.TextDegerineEsitElementVarMi is PASSED

2021-11-16 09:34:30 - [MESSAGE][INFO] - Finding Test Object 'Object Repository/Butonlar/Butonlar'

2021-11-16 09:34:30 - [MESSAGE][INFO] - Checking timeout

2021-11-16 09:34:30 - [MESSAGE][INFO] - Finding web element with id: 'Object Repository/Butonlar/Butonlar' located by 'By.cssSelector: .panel.panel-default.text-center.footerPanel .btn,.btn.btn-primary.btnControls' in '10' second(s)

2021-11-16 09:34:30 - [MESSAGE][INFO] - Smart Wait Function is triggered

2021-11-16 09:34:30 - [MESSAGE][INFO] - Found 4 web elements with id: 'Object Repository/Butonlar/Butonlar' located by 'By.cssSelector: .panel.panel-default.text-center.footerPanel .btn,.btn.btn-primary.btnControls' in '10' second(s)

2021-11-16 09:34:30 - [MESSAGE][PASSED] - Method.TextDegerineEsitElementVarMi is PASSED

2021-11-16 09:34:30 - [MESSAGE][PASSED] - Call Test Case 'Test Cases/Butonlar/ButonVarMi' successfully

2021-11-16 09:34:30 - [MESSAGE][INFO] - Checking called Test Case

2021-11-16 09:34:30 - [MESSAGE][INFO] - Starting to call Test Case 'Test Cases/Butonlar/ButonVarMi'

2021-11-16 09:34:30 - [TEST_CASE][PASSED] - Test Cases/Butonlar/ButonVarMi: Test Cases/Butonlar/ButonVarMi

2021-11-16 09:34:30 - [TEST_STEP][PASSED] - Method.TextDegerineEsitElementVarMi(findTestObject("Butonlar/Butonlar"), Buton): Method.TextDegerineEsitElementVarMi is PASSED

2021-11-16 09:34:30 - [MESSAGE][INFO] - Finding Test Object 'Object Repository/Butonlar/Butonlar'

2021-11-16 09:34:31 - [MESSAGE][INFO] - Checking timeout

2021-11-16 09:34:31 - [MESSAGE][INFO] - Finding web element with id: 'Object Repository/Butonlar/Butonlar' located by 'By.cssSelector: .panel.panel-default.text-center.footerPanel .btn,.btn.btn-primary.btnControls' in '10' second(s)

2021-11-16 09:34:31 - [MESSAGE][INFO] - Smart Wait Function is triggered

2021-11-16 09:34:31 - [MESSAGE][INFO] - Found 4 web elements with id: 'Object Repository/Butonlar/Butonlar' located by 'By.cssSelector: .panel.panel-default.text-center.footerPanel .btn,.btn.btn-primary.btnControls' in '10' second(s)

2021-11-16 09:34:31 - [MESSAGE][PASSED] - Method.TextDegerineEsitElementVarMi is PASSED

2021-11-16 09:34:31 - [MESSAGE][PASSED] - Call Test Case 'Test Cases/Butonlar/ButonVarMi' successfully

2021-11-16 09:34:31 - [MESSAGE][INFO] - Checking called Test Case

2021-11-16 09:34:31 - [MESSAGE][INFO] - Starting to call Test Case 'Test Cases/Butonlar/ButonVarMi'

2021-11-16 09:34:31 - [TEST_CASE][PASSED] - Test Cases/Butonlar/ButonVarMi: Test Cases/Butonlar/ButonVarMi

2021-11-16 09:34:31 - [TEST_STEP][PASSED] - Method.TextDegerineEsitElementVarMi(findTestObject("Butonlar/Butonlar"), Buton): Method.TextDegerineEsitElementVarMi is PASSED

2021-11-16 09:34:31 - [MESSAGE][INFO] - Finding Test Object 'Object Repository/Butonlar/Butonlar'

2021-11-16 09:34:31 - [MESSAGE][INFO] - Checking timeout

2021-11-16 09:34:31 - [MESSAGE][INFO] - Finding web element with id: 'Object Repository/Butonlar/Butonlar' located by 'By.cssSelector: .panel.panel-default.text-center.footerPanel .btn,.btn.btn-primary.btnControls' in '10' second(s)

2021-11-16 09:34:31 - [MESSAGE][INFO] - Smart Wait Function is triggered

2021-11-16 09:34:31 - [MESSAGE][INFO] - Found 4 web elements with id: 'Object Repository/Butonlar/Butonlar' located by 'By.cssSelector: .panel.panel-default.text-center.footerPanel .btn,.btn.btn-primary.btnControls' in '10' second(s)

2021-11-16 09:34:31 - [MESSAGE][PASSED] - Method.TextDegerineEsitElementVarMi is PASSED

2021-11-16 09:34:31 - [MESSAGE][PASSED] - Call Test Case 'Test Cases/Butonlar/ButonVarMi' successfully

2021-11-16 09:34:31 - [MESSAGE][INFO] - Checking called Test Case

2021-11-16 09:34:31 - [MESSAGE][INFO] - Starting to call Test Case 'Test Cases/Kullanici_Islemleri/KullaniciIslemlerindenSecimYapilir'

2021-11-16 09:34:31 - [TEST_CASE][PASSED] - Test Cases/Kullanici_Islemleri/KullaniciIslemlerindenSecimYapilir: Test Cases/Kullanici_Islemleri/KullaniciIslemlerindenSecimYapilir

2021-11-16 09:34:32 - [TEST_STEP][PASSED] - waitForElementClickable(findTestObject("Object Repository/Kullanici_Islemleri/KullaniciIslemleri"), 10): Object 'Object Repository/Kullanici_Islemleri/KullaniciIslemleri' is clickable

2021-11-16 09:34:32 - [MESSAGE][INFO] - Finding Test Object 'Object Repository/Kullanici_Islemleri/KullaniciIslemleri'

2021-11-16 09:34:32 - [MESSAGE][INFO] - Checking object

2021-11-16 09:34:32 - [MESSAGE][INFO] - Checking timeout

2021-11-16 09:34:32 - [MESSAGE][INFO] - Finding web element from Test Object's properties

2021-11-16 09:34:32 - [MESSAGE][INFO] - Checking timeout

2021-11-16 09:34:32 - [MESSAGE][INFO] - Finding web element with id: 'Object Repository/Kullanici_Islemleri/KullaniciIslemleri' located by 'By.cssSelector: .dropdown>a>img' in '10' second(s)

2021-11-16 09:34:32 - [MESSAGE][INFO] - Smart Wait Function is triggered

2021-11-16 09:34:33 - [MESSAGE][INFO] - Found 1 web elements with id: 'Object Repository/Kullanici_Islemleri/KullaniciIslemleri' located by 'By.cssSelector: .dropdown>a>img' in '10' second(s)

2021-11-16 09:34:33 - [MESSAGE][PASSED] - Object 'Object Repository/Kullanici_Islemleri/KullaniciIslemleri' is clickable

2021-11-16 09:34:33 - [TEST_STEP][PASSED] - click(findTestObject("Object Repository/Kullanici_Islemleri/KullaniciIslemleri")): Object: 'Object Repository/Kullanici_Islemleri/KullaniciIslemleri' is clicked on

2021-11-16 09:34:33 - [MESSAGE][INFO] - Finding Test Object 'Object Repository/Kullanici_Islemleri/KullaniciIslemleri'

2021-11-16 09:34:33 - [MESSAGE][INFO] - Checking object

2021-11-16 09:34:33 - [MESSAGE][INFO] - Finding web element from Test Object's properties

2021-11-16 09:34:33 - [MESSAGE][INFO] - Checking timeout

2021-11-16 09:34:33 - [MESSAGE][INFO] - Finding web element with id: 'Object Repository/Kullanici_Islemleri/KullaniciIslemleri' located by 'By.cssSelector: .dropdown>a>img' in '30' second(s)

2021-11-16 09:34:33 - [MESSAGE][INFO] - Smart Wait Function is triggered

2021-11-16 09:34:33 - [MESSAGE][INFO] - Found 1 web elements with id: 'Object Repository/Kullanici_Islemleri/KullaniciIslemleri' located by 'By.cssSelector: .dropdown>a>img' in '30' second(s)

2021-11-16 09:34:33 - [MESSAGE][INFO] - Clicking on object: 'Object Repository/Kullanici_Islemleri/KullaniciIslemleri'

2021-11-16 09:34:33 - [MESSAGE][PASSED] - Object: 'Object Repository/Kullanici_Islemleri/KullaniciIslemleri' is clicked on

2021-11-16 09:34:33 - [TEST_STEP][PASSED] - Method.TextDegerineEsitElementeTikla(findTestObject("Object Repository/Kullanici_Islemleri/Secenekler"), Islem): Method.TextDegerineEsitElementeTikla is PASSED

2021-11-16 09:34:33 - [MESSAGE][INFO] - Finding Test Object 'Object Repository/Kullanici_Islemleri/Secenekler'

2021-11-16 09:34:33 - [MESSAGE][INFO] - Checking timeout

2021-11-16 09:34:33 - [MESSAGE][INFO] - Finding web element with id: 'Object Repository/Kullanici_Islemleri/Secenekler' located by 'By.cssSelector: .nav.navbar-nav.navbar-right li a' in '10' second(s)

2021-11-16 09:34:33 - [MESSAGE][INFO] - Smart Wait Function is triggered

2021-11-16 09:34:33 - [MESSAGE][INFO] - Found 22 web elements with id: 'Object Repository/Kullanici_Islemleri/Secenekler' located by 'By.cssSelector: .nav.navbar-nav.navbar-right li a' in '10' second(s)

2021-11-16 09:34:35 - [MESSAGE][PASSED] - Method.TextDegerineEsitElementeTikla is PASSED

2021-11-16 09:34:35 - [TEST_STEP][PASSED] - verifyElementNotPresent(findTestObject("Object Repository/Kullanici_Islemleri/Secenekler"), 10): Web element with id: 'Object Repository/Kullanici_Islemleri/Secenekler' located by 'By.cssSelector: .nav.navbar-nav.navbar-right li a' is not present after '10' second(s)

2021-11-16 09:34:35 - [MESSAGE][INFO] - Finding Test Object 'Object Repository/Kullanici_Islemleri/Secenekler'

2021-11-16 09:34:35 - [MESSAGE][INFO] - Checking object

2021-11-16 09:34:35 - [MESSAGE][INFO] - Checking timeout

2021-11-16 09:34:35 - [MESSAGE][INFO] - Finding web element with id: 'Object Repository/Kullanici_Islemleri/Secenekler' located by 'By.cssSelector: .nav.navbar-nav.navbar-right li a' in '10' second(s)

2021-11-16 09:34:35 - [MESSAGE][INFO] - Smart Wait Function is triggered

2021-11-16 09:34:35 - [MESSAGE][PASSED] - Web element with id: 'Object Repository/Kullanici_Islemleri/Secenekler' located by 'By.cssSelector: .nav.navbar-nav.navbar-right li a' is not present after '10' second(s)

2021-11-16 09:34:35 - [MESSAGE][PASSED] - Call Test Case 'Test Cases/Kullanici_Islemleri/KullaniciIslemlerindenSecimYapilir' successfully

2021-11-16 09:34:35 - [TEST_CASE][PASSED] - Start Test Case : SCENARIO Adres Defteri Buton Kontrolu: SCENARIO Adres Defteri Buton Kontrolu

2021-11-16 09:34:35 - [TEST_STEP][PASSED] - Kullanıcı adı ELOGO6 ve Şifre 123456 olarak giriş yapılır: Kullanıcı adı ELOGO6 ve Şifre 123456 olarak giriş yapılır

2021-11-16 09:34:35 - [MESSAGE][PASSED] - Kullanıcı adı ELOGO6 ve Şifre 123456 olarak giriş yapılır

2021-11-16 09:34:35 - [TEST_STEP][PASSED] - Ana menüden Ayarlar seçilir: Ana menüden Ayarlar seçilir

2021-11-16 09:34:35 - [MESSAGE][PASSED] - Ana menüden Ayarlar seçilir

2021-11-16 09:34:35 - [TEST_STEP][PASSED] - Alt menü Araçlar başlığı altındaki Adres Defteri seçilir: Alt menü Araçlar başlığı altındaki Adres Defteri seçilir

2021-11-16 09:34:35 - [MESSAGE][PASSED] - Alt menü Araçlar başlığı altındaki Adres Defteri seçilir

2021-11-16 09:34:35 - [TEST_STEP][PASSED] - Filtre alanlarında Kısaltma var mı: Filtre alanlarında Kısaltma var mı

2021-11-16 09:34:35 - [MESSAGE][PASSED] - Filtre alanlarında Kısaltma var mı

2021-11-16 09:34:35 - [TEST_STEP][PASSED] - Filtre alanlarında Adı var mı: Filtre alanlarında Adı var mı

2021-11-16 09:34:35 - [MESSAGE][PASSED] - Filtre alanlarında Adı var mı

2021-11-16 09:34:35 - [TEST_STEP][PASSED] - Filtre alanlarında Unvan var mı: Filtre alanlarında Unvan var mı

2021-11-16 09:34:35 - [MESSAGE][PASSED] - Filtre alanlarında Unvan var mı

2021-11-16 09:34:35 - [TEST_STEP][PASSED] - Filtre alanlarında Soyadı var mı: Filtre alanlarında Soyadı var mı

2021-11-16 09:34:35 - [MESSAGE][PASSED] - Filtre alanlarında Soyadı var mı

2021-11-16 09:34:35 - [TEST_STEP][PASSED] - Filtre alanlarında VKN/TCKN No var mı: Filtre alanlarında VKN/TCKN No var mı

2021-11-16 09:34:35 - [MESSAGE][PASSED] - Filtre alanlarında VKN/TCKN No var mı

2021-11-16 09:34:35 - [TEST_STEP][PASSED] - Filtre butonlarında Listele var mı: Filtre butonlarında Listele var mı

2021-11-16 09:34:35 - [MESSAGE][PASSED] - Filtre butonlarında Listele var mı

2021-11-16 09:34:35 - [TEST_STEP][PASSED] - Filtre butonlarında Temizle var mı: Filtre butonlarında Temizle var mı

2021-11-16 09:34:35 - [MESSAGE][PASSED] - Filtre butonlarında Temizle var mı

2021-11-16 09:34:35 - [TEST_STEP][PASSED] - Butonlardan Ekle var mı: Butonlardan Ekle var mı

2021-11-16 09:34:35 - [MESSAGE][PASSED] - Butonlardan Ekle var mı

2021-11-16 09:34:35 - [TEST_STEP][PASSED] - Butonlardan Değiştir var mı: Butonlardan Değiştir var mı

2021-11-16 09:34:35 - [MESSAGE][PASSED] - Butonlardan Değiştir var mı

2021-11-16 09:34:35 - [TEST_STEP][PASSED] - Butonlardan Durum Değiştir var mı: Butonlardan Durum Değiştir var mı

2021-11-16 09:34:35 - [MESSAGE][PASSED] - Butonlardan Durum Değiştir var mı

2021-11-16 09:34:35 - [TEST_STEP][PASSED] - Butonlardan Yükle var mı: Butonlardan Yükle var mı

2021-11-16 09:34:35 - [MESSAGE][PASSED] - Butonlardan Yükle var mı

2021-11-16 09:34:35 - [TEST_STEP][PASSED] - Kullanıcı işlemlerinden Çıkış seçilir: Kullanıcı işlemlerinden Çıkış seçilir

2021-11-16 09:34:35 - [MESSAGE][PASSED] - Kullanıcı işlemlerinden Çıkış seçilir

2021-11-16 09:34:35 - [MESSAGE][PASSED] - Feature file: 'Include/features/Ayarlar/Araclar/Adres Defteri/Buton Kontrolu.feature' was passed

2021-11-16 09:34:35 - [TEST_STEP][PASSED] - Start listener action : sampleAfterTestSuite: Invoke 'com.kms.katalon.core.annotation.AfterTestCase' method: 'Listener.sampleAfterTestSuite(...)' completed.

2021-11-16 09:34:35 - [MESSAGE][INFO] - Starting invoke 'com.kms.katalon.core.annotation.AfterTestCase' method: 'Listener.sampleAfterTestSuite(...)'

2021-11-16 09:34:35 - [TEST_STEP][PASSED] - closeBrowser(): Invoke 'com.kms.katalon.core.annotation.AfterTestCase' method: 'Listener.sampleAfterTestSuite(...)' completed.

2021-11-16 09:34:35 - [MESSAGE][INFO] - Closing browser

2021-11-16 09:34:36 - [MESSAGE][PASSED] - Browser is closed

2021-11-16 09:34:36 - [MESSAGE][INFO] - Invoke 'com.kms.katalon.core.annotation.AfterTestCase' method: 'Listener.sampleAfterTestSuite(...)' completed.]]></system-out>
         <system-err><![CDATA[]]></system-err>
      </testcase>
      <testcase name="Test Cases/Case Repository/Ayarlar/Araclar/Adres Defteri/Ekle" time="52.66" classname="Test Cases/Case Repository/Ayarlar/Araclar/Adres Defteri/Ekle" status="PASSED">
         <system-out><![CDATA[2021-11-16 09:34:36 - [TEST_CASE][PASSED] - Test Cases/Case Repository/Ayarlar/Araclar/Adres Defteri/Ekle: Test Cases/Case Repository/Ayarlar/Araclar/Adres Defteri/Ekle

2021-11-16 09:34:36 - [TEST_STEP][PASSED] - Start listener action : sampleBeforeTestSuite: Invoke 'com.kms.katalon.core.annotation.BeforeTestCase' method: 'Listener.sampleBeforeTestSuite(...)' completed.

2021-11-16 09:34:36 - [MESSAGE][INFO] - Starting invoke 'com.kms.katalon.core.annotation.BeforeTestCase' method: 'Listener.sampleBeforeTestSuite(...)'

2021-11-16 09:34:36 - [TEST_STEP][PASSED] - openBrowser(baseUrl): Browser is opened with url: 'https://efatura-stage.elogo.com.tr/'

2021-11-16 09:34:36 - [MESSAGE][INFO] - Opening browser

2021-11-16 09:34:36 - [MESSAGE][INFO] - Starting 'Chrome' driver

2021-11-16 09:34:36 - [MESSAGE][INFO] - User set preference: ['prefs', '{download.default_directory=C:\otomasyondownfiles}']

2021-11-16 09:34:36 - [MESSAGE][INFO] - Action delay is set to 0 milliseconds

2021-11-16 09:34:37 - [MESSAGE][INFO] - Navigating browser to: 'https://efatura-stage.elogo.com.tr/'

2021-11-16 09:34:41 - [MESSAGE][PASSED] - Browser is opened with url: 'https://efatura-stage.elogo.com.tr/'

2021-11-16 09:34:41 - [TEST_STEP][PASSED] - maximizeWindow(): Invoke 'com.kms.katalon.core.annotation.BeforeTestCase' method: 'Listener.sampleBeforeTestSuite(...)' completed.

2021-11-16 09:34:41 - [MESSAGE][INFO] - Maximizing current window

2021-11-16 09:34:41 - [MESSAGE][PASSED] - Current window maximized

2021-11-16 09:34:41 - [MESSAGE][INFO] - Invoke 'com.kms.katalon.core.annotation.BeforeTestCase' method: 'Listener.sampleBeforeTestSuite(...)' completed.

2021-11-16 09:34:41 - [TEST_STEP][PASSED] - runFeatureFile("Include/features/Ayarlar/Araclar/Adres Defteri/Ekle.feature"): Feature file: 'Include/features/Ayarlar/Araclar/Adres Defteri/Ekle.feature' was passed

2021-11-16 09:34:41 - [MESSAGE][INFO] - Starting run keyword runFeatureFile: 'Include/features/Ayarlar/Araclar/Adres Defteri/Ekle.feature' and extract report to folder: 'C:\Users\DELL\Documents\GitHub\EES_KatalonLogo\Reports\20211116_090026\Suite Repository\Ayarlar\20211116_090123/cucumber_report/1637044481820'...

2021-11-16 09:34:41 - [MESSAGE][INFO] - Glue: []

2021-11-16 09:34:43 - [MESSAGE][INFO] - Checking called Test Case

2021-11-16 09:34:43 - [MESSAGE][INFO] - Starting to call Test Case 'Test Cases/Sayfalar/Giris_Sayfasi/Login'

2021-11-16 09:34:43 - [TEST_CASE][PASSED] - Test Cases/Sayfalar/Giris_Sayfasi/Login: Test Cases/Sayfalar/Giris_Sayfasi/Login

2021-11-16 09:34:43 - [TEST_STEP][PASSED] - Sayfa_Basligi = getWindowTitle(): Current window's title is: 'LOGO e-Fatura'

2021-11-16 09:34:43 - [MESSAGE][INFO] - Getting current window's title

2021-11-16 09:34:43 - [MESSAGE][PASSED] - Current window's title is: 'LOGO e-Fatura'

2021-11-16 09:34:43 - [TEST_STEP][PASSED] - verifyMatch(Sayfa_Basligi, "LOGO e-Fatura", false): Actual text 'LOGO e-Fatura' and expected text 'LOGO e-Fatura' are matched 

2021-11-16 09:34:43 - [MESSAGE][INFO] - Matching actual text 'LOGO e-Fatura' with expected text 'LOGO e-Fatura'

2021-11-16 09:34:43 - [MESSAGE][PASSED] - Actual text 'LOGO e-Fatura' and expected text 'LOGO e-Fatura' are matched 

2021-11-16 09:34:43 - [TEST_STEP][PASSED] - sendKeys(findTestObject("Sayfalar/Giris_Sayfasi/Firma_Kodu"), KullaniciAdi): Keys 'ELOGO6' sent to object: 'Object Repository/Sayfalar/Giris_Sayfasi/Firma_Kodu'

2021-11-16 09:34:43 - [MESSAGE][INFO] - Finding Test Object 'Object Repository/Sayfalar/Giris_Sayfasi/Firma_Kodu'

2021-11-16 09:34:43 - [MESSAGE][INFO] - Sending keys 'ELOGO6' to object: 'Object Repository/Sayfalar/Giris_Sayfasi/Firma_Kodu'

2021-11-16 09:34:43 - [MESSAGE][INFO] - Finding web element from Test Object's properties

2021-11-16 09:34:43 - [MESSAGE][INFO] - Checking timeout

2021-11-16 09:34:43 - [MESSAGE][INFO] - Finding web element with id: 'Object Repository/Sayfalar/Giris_Sayfasi/Firma_Kodu' located by 'By.xpath: //*[@id = 'AccountName']' in '30' second(s)

2021-11-16 09:34:43 - [MESSAGE][INFO] - Smart Wait Function is triggered

2021-11-16 09:34:43 - [MESSAGE][INFO] - Found 1 web elements with id: 'Object Repository/Sayfalar/Giris_Sayfasi/Firma_Kodu' located by 'By.xpath: //*[@id = 'AccountName']' in '30' second(s)

2021-11-16 09:34:43 - [MESSAGE][PASSED] - Keys 'ELOGO6' sent to object: 'Object Repository/Sayfalar/Giris_Sayfasi/Firma_Kodu'

2021-11-16 09:34:43 - [TEST_STEP][PASSED] - sendKeys(findTestObject("Sayfalar/Giris_Sayfasi/Sifre"), Sifre): Keys '123456' sent to object: 'Object Repository/Sayfalar/Giris_Sayfasi/Sifre'

2021-11-16 09:34:43 - [MESSAGE][INFO] - Finding Test Object 'Object Repository/Sayfalar/Giris_Sayfasi/Sifre'

2021-11-16 09:34:43 - [MESSAGE][INFO] - Sending keys '123456' to object: 'Object Repository/Sayfalar/Giris_Sayfasi/Sifre'

2021-11-16 09:34:43 - [MESSAGE][INFO] - Finding web element from Test Object's properties

2021-11-16 09:34:43 - [MESSAGE][INFO] - Checking timeout

2021-11-16 09:34:43 - [MESSAGE][INFO] - Finding web element with id: 'Object Repository/Sayfalar/Giris_Sayfasi/Sifre' located by 'By.xpath: //*[@id = 'Password']' in '30' second(s)

2021-11-16 09:34:43 - [MESSAGE][INFO] - Smart Wait Function is triggered

2021-11-16 09:34:43 - [MESSAGE][INFO] - Found 1 web elements with id: 'Object Repository/Sayfalar/Giris_Sayfasi/Sifre' located by 'By.xpath: //*[@id = 'Password']' in '30' second(s)

2021-11-16 09:34:43 - [MESSAGE][PASSED] - Keys '123456' sent to object: 'Object Repository/Sayfalar/Giris_Sayfasi/Sifre'

2021-11-16 09:34:43 - [TEST_STEP][PASSED] - findWebElement(findTestObject("Sayfalar/Giris_Sayfasi/Giris_Butonu")).click(): Found 1 web elements with id: 'Object Repository/Sayfalar/Giris_Sayfasi/Giris_Butonu' located by 'By.cssSelector: #btnLogin' in '30' second(s)

2021-11-16 09:34:43 - [MESSAGE][INFO] - Finding Test Object 'Object Repository/Sayfalar/Giris_Sayfasi/Giris_Butonu'

2021-11-16 09:34:43 - [MESSAGE][INFO] - Finding web element from Test Object's properties

2021-11-16 09:34:43 - [MESSAGE][INFO] - Checking timeout

2021-11-16 09:34:43 - [MESSAGE][INFO] - Finding web element with id: 'Object Repository/Sayfalar/Giris_Sayfasi/Giris_Butonu' located by 'By.cssSelector: #btnLogin' in '30' second(s)

2021-11-16 09:34:43 - [MESSAGE][INFO] - Smart Wait Function is triggered

2021-11-16 09:34:44 - [MESSAGE][INFO] - Found 1 web elements with id: 'Object Repository/Sayfalar/Giris_Sayfasi/Giris_Butonu' located by 'By.cssSelector: #btnLogin' in '30' second(s)

2021-11-16 09:34:46 - [TEST_STEP][PASSED] - if (verifyElementPresent(findTestObject("Object Repository/Sayfalar/Giris_Sayfasi/RetveTamam_Butonu"), 5, OPTIONAL)): null

2021-11-16 09:34:46 - [MESSAGE][INFO] - Finding Test Object 'Object Repository/Sayfalar/Giris_Sayfasi/RetveTamam_Butonu'

2021-11-16 09:34:46 - [MESSAGE][INFO] - Checking object

2021-11-16 09:34:46 - [MESSAGE][INFO] - Finding web element from Test Object's properties

2021-11-16 09:34:46 - [MESSAGE][INFO] - Checking timeout

2021-11-16 09:34:46 - [MESSAGE][INFO] - Finding web element with id: 'Object Repository/Sayfalar/Giris_Sayfasi/RetveTamam_Butonu' located by 'By.xpath: //*[@class = 'btn btn-default']' in '5' second(s)

2021-11-16 09:34:46 - [MESSAGE][INFO] - Smart Wait Function is triggered

2021-11-16 09:34:46 - [MESSAGE][INFO] - Found 1 web elements with id: 'Object Repository/Sayfalar/Giris_Sayfasi/RetveTamam_Butonu' located by 'By.xpath: //*[@class = 'btn btn-default']' in '5' second(s)

2021-11-16 09:34:46 - [MESSAGE][PASSED] - Object 'Object Repository/Sayfalar/Giris_Sayfasi/RetveTamam_Butonu' is present

2021-11-16 09:34:46 - [TEST_STEP][PASSED] - click(findTestObject("Object Repository/Sayfalar/Giris_Sayfasi/RetveTamam_Butonu")): Object: 'Object Repository/Sayfalar/Giris_Sayfasi/RetveTamam_Butonu' is clicked on

2021-11-16 09:34:46 - [MESSAGE][INFO] - Finding Test Object 'Object Repository/Sayfalar/Giris_Sayfasi/RetveTamam_Butonu'

2021-11-16 09:34:46 - [MESSAGE][INFO] - Checking object

2021-11-16 09:34:46 - [MESSAGE][INFO] - Finding web element from Test Object's properties

2021-11-16 09:34:46 - [MESSAGE][INFO] - Checking timeout

2021-11-16 09:34:46 - [MESSAGE][INFO] - Finding web element with id: 'Object Repository/Sayfalar/Giris_Sayfasi/RetveTamam_Butonu' located by 'By.xpath: //*[@class = 'btn btn-default']' in '30' second(s)

2021-11-16 09:34:46 - [MESSAGE][INFO] - Smart Wait Function is triggered

2021-11-16 09:34:47 - [MESSAGE][INFO] - Found 1 web elements with id: 'Object Repository/Sayfalar/Giris_Sayfasi/RetveTamam_Butonu' located by 'By.xpath: //*[@class = 'btn btn-default']' in '30' second(s)

2021-11-16 09:34:47 - [MESSAGE][INFO] - Clicking on object: 'Object Repository/Sayfalar/Giris_Sayfasi/RetveTamam_Butonu'

2021-11-16 09:34:47 - [MESSAGE][PASSED] - Object: 'Object Repository/Sayfalar/Giris_Sayfasi/RetveTamam_Butonu' is clicked on

2021-11-16 09:34:47 - [TEST_STEP][PASSED] - click(findTestObject("Object Repository/Sayfalar/Giris_Sayfasi/RetveTamam_Butonu")): Object: 'Object Repository/Sayfalar/Giris_Sayfasi/RetveTamam_Butonu' is clicked on

2021-11-16 09:34:47 - [MESSAGE][INFO] - Finding Test Object 'Object Repository/Sayfalar/Giris_Sayfasi/RetveTamam_Butonu'

2021-11-16 09:34:47 - [MESSAGE][INFO] - Checking object

2021-11-16 09:34:47 - [MESSAGE][INFO] - Finding web element from Test Object's properties

2021-11-16 09:34:47 - [MESSAGE][INFO] - Checking timeout

2021-11-16 09:34:47 - [MESSAGE][INFO] - Finding web element with id: 'Object Repository/Sayfalar/Giris_Sayfasi/RetveTamam_Butonu' located by 'By.xpath: //*[@class = 'btn btn-default']' in '30' second(s)

2021-11-16 09:34:47 - [MESSAGE][INFO] - Smart Wait Function is triggered

2021-11-16 09:34:50 - [MESSAGE][INFO] - Found 1 web elements with id: 'Object Repository/Sayfalar/Giris_Sayfasi/RetveTamam_Butonu' located by 'By.xpath: //*[@class = 'btn btn-default']' in '30' second(s)

2021-11-16 09:34:50 - [MESSAGE][INFO] - Clicking on object: 'Object Repository/Sayfalar/Giris_Sayfasi/RetveTamam_Butonu'

2021-11-16 09:34:50 - [MESSAGE][PASSED] - Object: 'Object Repository/Sayfalar/Giris_Sayfasi/RetveTamam_Butonu' is clicked on

2021-11-16 09:34:50 - [TEST_STEP][PASSED] - if (verifyElementPresent(findTestObject("Sayfalar/Giris_Sayfasi/PopupOK"), 5, OPTIONAL)): null

2021-11-16 09:34:50 - [MESSAGE][INFO] - Finding Test Object 'Object Repository/Sayfalar/Giris_Sayfasi/PopupOK'

2021-11-16 09:34:50 - [MESSAGE][INFO] - Checking object

2021-11-16 09:34:50 - [MESSAGE][INFO] - Finding web element from Test Object's properties

2021-11-16 09:34:50 - [MESSAGE][INFO] - Checking timeout

2021-11-16 09:34:50 - [MESSAGE][INFO] - Finding web element with id: 'Object Repository/Sayfalar/Giris_Sayfasi/PopupOK' located by 'By.cssSelector: .btn.btn-success' in '5' second(s)

2021-11-16 09:34:50 - [MESSAGE][INFO] - Smart Wait Function is triggered

2021-11-16 09:34:51 - [MESSAGE][INFO] - Found 1 web elements with id: 'Object Repository/Sayfalar/Giris_Sayfasi/PopupOK' located by 'By.cssSelector: .btn.btn-success' in '5' second(s)

2021-11-16 09:34:51 - [MESSAGE][PASSED] - Object 'Object Repository/Sayfalar/Giris_Sayfasi/PopupOK' is present

2021-11-16 09:34:51 - [TEST_STEP][PASSED] - click(findTestObject("Object Repository/Sayfalar/Giris_Sayfasi/PopupCarpiGiris")): Object: 'Object Repository/Sayfalar/Giris_Sayfasi/PopupCarpiGiris' is clicked on

2021-11-16 09:34:51 - [MESSAGE][INFO] - Finding Test Object 'Object Repository/Sayfalar/Giris_Sayfasi/PopupCarpiGiris'

2021-11-16 09:34:51 - [MESSAGE][INFO] - Checking object

2021-11-16 09:34:51 - [MESSAGE][INFO] - Finding web element from Test Object's properties

2021-11-16 09:34:51 - [MESSAGE][INFO] - Checking timeout

2021-11-16 09:34:51 - [MESSAGE][INFO] - Finding web element with id: 'Object Repository/Sayfalar/Giris_Sayfasi/PopupCarpiGiris' located by 'By.cssSelector: .bootbox-close-button.close' in '30' second(s)

2021-11-16 09:34:51 - [MESSAGE][INFO] - Smart Wait Function is triggered

2021-11-16 09:34:51 - [MESSAGE][INFO] - Found 1 web elements with id: 'Object Repository/Sayfalar/Giris_Sayfasi/PopupCarpiGiris' located by 'By.cssSelector: .bootbox-close-button.close' in '30' second(s)

2021-11-16 09:34:51 - [MESSAGE][INFO] - Clicking on object: 'Object Repository/Sayfalar/Giris_Sayfasi/PopupCarpiGiris'

2021-11-16 09:34:51 - [MESSAGE][PASSED] - Object: 'Object Repository/Sayfalar/Giris_Sayfasi/PopupCarpiGiris' is clicked on

2021-11-16 09:34:51 - [TEST_STEP][PASSED] - verifyElementVisible(findTestObject("Object Repository/Kullanici_Islemleri/KullaniciIslemleri")): Object 'Object Repository/Kullanici_Islemleri/KullaniciIslemleri' is visible

2021-11-16 09:34:51 - [MESSAGE][INFO] - Finding Test Object 'Object Repository/Kullanici_Islemleri/KullaniciIslemleri'

2021-11-16 09:34:51 - [MESSAGE][INFO] - Checking object

2021-11-16 09:34:51 - [MESSAGE][INFO] - Finding web element from Test Object's properties

2021-11-16 09:34:51 - [MESSAGE][INFO] - Checking timeout

2021-11-16 09:34:51 - [MESSAGE][INFO] - Finding web element with id: 'Object Repository/Kullanici_Islemleri/KullaniciIslemleri' located by 'By.cssSelector: .dropdown>a>img' in '30' second(s)

2021-11-16 09:34:51 - [MESSAGE][INFO] - Smart Wait Function is triggered

2021-11-16 09:34:52 - [MESSAGE][INFO] - Found 1 web elements with id: 'Object Repository/Kullanici_Islemleri/KullaniciIslemleri' located by 'By.cssSelector: .dropdown>a>img' in '30' second(s)

2021-11-16 09:34:52 - [MESSAGE][PASSED] - Object 'Object Repository/Kullanici_Islemleri/KullaniciIslemleri' is visible

2021-11-16 09:34:52 - [MESSAGE][PASSED] - Call Test Case 'Test Cases/Sayfalar/Giris_Sayfasi/Login' successfully

2021-11-16 09:34:52 - [MESSAGE][INFO] - Checking called Test Case

2021-11-16 09:34:52 - [MESSAGE][INFO] - Starting to call Test Case 'Test Cases/Menu/AnaMenuSecimi'

2021-11-16 09:34:52 - [TEST_CASE][PASSED] - Test Cases/Menu/AnaMenuSecimi: Test Cases/Menu/AnaMenuSecimi

2021-11-16 09:34:52 - [TEST_STEP][PASSED] - Method.TextDegerineEsitElementeTikla(findTestObject("Menu/Ana_Menu"), Ana_Menu): Method.TextDegerineEsitElementeTikla is PASSED

2021-11-16 09:34:52 - [MESSAGE][INFO] - Finding Test Object 'Object Repository/Menu/Ana_Menu'

2021-11-16 09:34:52 - [MESSAGE][INFO] - Checking timeout

2021-11-16 09:34:52 - [MESSAGE][INFO] - Finding web element with id: 'Object Repository/Menu/Ana_Menu' located by 'By.xpath: //*[@class = 'dropdown-toggle']' in '10' second(s)

2021-11-16 09:34:52 - [MESSAGE][INFO] - Smart Wait Function is triggered

2021-11-16 09:34:52 - [MESSAGE][INFO] - Found 14 web elements with id: 'Object Repository/Menu/Ana_Menu' located by 'By.xpath: //*[@class = 'dropdown-toggle']' in '10' second(s)

2021-11-16 09:34:53 - [MESSAGE][PASSED] - Method.TextDegerineEsitElementeTikla is PASSED

2021-11-16 09:34:53 - [MESSAGE][PASSED] - Call Test Case 'Test Cases/Menu/AnaMenuSecimi' successfully

2021-11-16 09:34:53 - [MESSAGE][INFO] - Checking called Test Case

2021-11-16 09:34:53 - [MESSAGE][INFO] - Starting to call Test Case 'Test Cases/Menu/BasligaGoreAltMenuSecimi'

2021-11-16 09:34:53 - [TEST_CASE][PASSED] - Test Cases/Menu/BasligaGoreAltMenuSecimi: Test Cases/Menu/BasligaGoreAltMenuSecimi

2021-11-16 09:34:53 - [TEST_STEP][PASSED] - Method.TextDegerineEsitElementinAltindakiTextDegerineEsitOlanaTikla(findTestObject("Menu/Menu_Basligi"), findTestObject("Menu/Basliga_Gore_Alt_Menu"), Baslik, Alt_Menu): Method.TextDegerineEsitElementinAltindakiTextDegerineEsitOlanaTikla is PASSED

2021-11-16 09:34:53 - [MESSAGE][INFO] - Finding Test Object 'Object Repository/Menu/Menu_Basligi'

2021-11-16 09:34:53 - [MESSAGE][INFO] - Finding Test Object 'Object Repository/Menu/Basliga_Gore_Alt_Menu'

2021-11-16 09:34:53 - [MESSAGE][INFO] - Checking timeout

2021-11-16 09:34:53 - [MESSAGE][INFO] - Finding web element with id: 'Object Repository/Menu/Menu_Basligi' located by 'By.xpath: //li[@class='dropdown dropdown-large open']//li[@class='dropdown-header']' in '10' second(s)

2021-11-16 09:34:53 - [MESSAGE][INFO] - Smart Wait Function is triggered

2021-11-16 09:34:53 - [MESSAGE][INFO] - Found 2 web elements with id: 'Object Repository/Menu/Menu_Basligi' located by 'By.xpath: //li[@class='dropdown dropdown-large open']//li[@class='dropdown-header']' in '10' second(s)

2021-11-16 09:34:53 - [MESSAGE][INFO] - Smart Wait Function is triggered

2021-11-16 09:34:56 - [MESSAGE][PASSED] - Method.TextDegerineEsitElementinAltindakiTextDegerineEsitOlanaTikla is PASSED

2021-11-16 09:34:56 - [MESSAGE][PASSED] - Call Test Case 'Test Cases/Menu/BasligaGoreAltMenuSecimi' successfully

2021-11-16 09:34:56 - [MESSAGE][INFO] - Checking called Test Case

2021-11-16 09:34:56 - [MESSAGE][INFO] - Starting to call Test Case 'Test Cases/Butonlar/ButonaTikla'

2021-11-16 09:34:56 - [TEST_CASE][PASSED] - Test Cases/Butonlar/ButonaTikla: Test Cases/Butonlar/ButonaTikla

2021-11-16 09:34:56 - [TEST_STEP][PASSED] - Method.TextDegerineEsitElementeTiklaEquals(findTestObject("Butonlar/Butonlar"), Buton_Adi): Method.TextDegerineEsitElementeTiklaEquals is PASSED

2021-11-16 09:34:56 - [MESSAGE][INFO] - Finding Test Object 'Object Repository/Butonlar/Butonlar'

2021-11-16 09:34:57 - [MESSAGE][INFO] - Checking timeout

2021-11-16 09:34:57 - [MESSAGE][INFO] - Finding web element with id: 'Object Repository/Butonlar/Butonlar' located by 'By.cssSelector: .panel.panel-default.text-center.footerPanel .btn,.btn.btn-primary.btnControls' in '10' second(s)

2021-11-16 09:34:57 - [MESSAGE][INFO] - Smart Wait Function is triggered

2021-11-16 09:34:57 - [MESSAGE][INFO] - Found 4 web elements with id: 'Object Repository/Butonlar/Butonlar' located by 'By.cssSelector: .panel.panel-default.text-center.footerPanel .btn,.btn.btn-primary.btnControls' in '10' second(s)

2021-11-16 09:34:57 - [MESSAGE][PASSED] - Method.TextDegerineEsitElementeTiklaEquals is PASSED

2021-11-16 09:34:57 - [MESSAGE][PASSED] - Call Test Case 'Test Cases/Butonlar/ButonaTikla' successfully

2021-11-16 09:34:57 - [MESSAGE][INFO] - Checking called Test Case

2021-11-16 09:34:57 - [MESSAGE][INFO] - Starting to call Test Case 'Test Cases/Sayfalar/Ayarlar/Adres_Defteri/BaslikliPopupGeldiMi'

2021-11-16 09:34:57 - [TEST_CASE][PASSED] - Test Cases/Sayfalar/Ayarlar/Adres_Defteri/BaslikliPopupGeldiMi: Test Cases/Sayfalar/Ayarlar/Adres_Defteri/BaslikliPopupGeldiMi

2021-11-16 09:34:58 - [TEST_STEP][PASSED] - waitForElementVisible(findTestObject("Sayfalar/Ayarlar/Adres_Defteri/popupBaslik"), 10): Object 'Object Repository/Sayfalar/Ayarlar/Adres_Defteri/popupBaslik' is visible

2021-11-16 09:34:58 - [MESSAGE][INFO] - Finding Test Object 'Object Repository/Sayfalar/Ayarlar/Adres_Defteri/popupBaslik'

2021-11-16 09:34:58 - [MESSAGE][INFO] - Checking object

2021-11-16 09:34:58 - [MESSAGE][INFO] - Checking timeout

2021-11-16 09:34:58 - [MESSAGE][INFO] - Finding web element from Test Object's properties

2021-11-16 09:34:58 - [MESSAGE][INFO] - Checking timeout

2021-11-16 09:34:58 - [MESSAGE][INFO] - Finding web element with id: 'Object Repository/Sayfalar/Ayarlar/Adres_Defteri/popupBaslik' located by 'By.cssSelector: #addAddressBook h4' in '10' second(s)

2021-11-16 09:34:58 - [MESSAGE][INFO] - Smart Wait Function is triggered

2021-11-16 09:34:58 - [MESSAGE][INFO] - Found 1 web elements with id: 'Object Repository/Sayfalar/Ayarlar/Adres_Defteri/popupBaslik' located by 'By.cssSelector: #addAddressBook h4' in '10' second(s)

2021-11-16 09:34:58 - [MESSAGE][PASSED] - Object 'Object Repository/Sayfalar/Ayarlar/Adres_Defteri/popupBaslik' is visible

2021-11-16 09:34:58 - [TEST_STEP][PASSED] - Method.TextDegerineEsitElementVarMi(findTestObject("Sayfalar/Ayarlar/Adres_Defteri/popupBaslik"), Baslik): Method.TextDegerineEsitElementVarMi is PASSED

2021-11-16 09:34:58 - [MESSAGE][INFO] - Finding Test Object 'Object Repository/Sayfalar/Ayarlar/Adres_Defteri/popupBaslik'

2021-11-16 09:34:58 - [MESSAGE][INFO] - Checking timeout

2021-11-16 09:34:58 - [MESSAGE][INFO] - Finding web element with id: 'Object Repository/Sayfalar/Ayarlar/Adres_Defteri/popupBaslik' located by 'By.cssSelector: #addAddressBook h4' in '10' second(s)

2021-11-16 09:34:58 - [MESSAGE][INFO] - Smart Wait Function is triggered

2021-11-16 09:34:59 - [MESSAGE][INFO] - Found 1 web elements with id: 'Object Repository/Sayfalar/Ayarlar/Adres_Defteri/popupBaslik' located by 'By.cssSelector: #addAddressBook h4' in '10' second(s)

2021-11-16 09:34:59 - [MESSAGE][PASSED] - Method.TextDegerineEsitElementVarMi is PASSED

2021-11-16 09:34:59 - [TEST_STEP][PASSED] - a = switchToFrame(findTestObject("Object Repository/Sayfalar/Ayarlar/Adres_Defteri/frame"), Waits): Switched to iframe: 'Object Repository/Sayfalar/Ayarlar/Adres_Defteri/frame'

2021-11-16 09:34:59 - [MESSAGE][INFO] - Finding Test Object 'Object Repository/Sayfalar/Ayarlar/Adres_Defteri/frame'

2021-11-16 09:34:59 - [MESSAGE][INFO] - Switching to iframe: 'Object Repository/Sayfalar/Ayarlar/Adres_Defteri/frame'

2021-11-16 09:34:59 - [MESSAGE][INFO] - Finding web element from Test Object's properties

2021-11-16 09:34:59 - [MESSAGE][INFO] - Checking timeout

2021-11-16 09:34:59 - [MESSAGE][INFO] - Finding web element with id: 'Object Repository/Sayfalar/Ayarlar/Adres_Defteri/frame' located by 'By.xpath: //*[@id = 'addAddressBookFrame']' in '10' second(s)

2021-11-16 09:34:59 - [MESSAGE][INFO] - Smart Wait Function is triggered

2021-11-16 09:34:59 - [MESSAGE][INFO] - Found 1 web elements with id: 'Object Repository/Sayfalar/Ayarlar/Adres_Defteri/frame' located by 'By.xpath: //*[@id = 'addAddressBookFrame']' in '10' second(s)

2021-11-16 09:34:59 - [MESSAGE][INFO] - Switched to iframe: 'Object Repository/Sayfalar/Ayarlar/Adres_Defteri/frame'

2021-11-16 09:34:59 - [TEST_STEP][PASSED] - assert a: null

2021-11-16 09:34:59 - [MESSAGE][PASSED] - Call Test Case 'Test Cases/Sayfalar/Ayarlar/Adres_Defteri/BaslikliPopupGeldiMi' successfully

2021-11-16 09:34:59 - [MESSAGE][INFO] - Checking called Test Case

2021-11-16 09:34:59 - [MESSAGE][INFO] - Starting to call Test Case 'Test Cases/Sayfalar/Ayarlar/Adres_Defteri/AdresDefteriTexboxaYaz'

2021-11-16 09:34:59 - [TEST_CASE][PASSED] - Test Cases/Sayfalar/Ayarlar/Adres_Defteri/AdresDefteriTexboxaYaz: Test Cases/Sayfalar/Ayarlar/Adres_Defteri/AdresDefteriTexboxaYaz

2021-11-16 09:35:00 - [TEST_STEP][PASSED] - Method.TextDegerineEsitElementinAltindakiTextboxtaYazgecici(findTestObject("Sayfalar/Ayarlar/Adres_Defteri/alanlar"), findTestObject("Sayfalar/Ayarlar/Adres_Defteri/textbox"), Alan, Deger): Method.TextDegerineEsitElementinAltindakiTextboxtaYazgecici is PASSED

2021-11-16 09:35:00 - [MESSAGE][INFO] - Finding Test Object 'Object Repository/Sayfalar/Ayarlar/Adres_Defteri/alanlar'

2021-11-16 09:35:00 - [MESSAGE][INFO] - Finding Test Object 'Object Repository/Sayfalar/Ayarlar/Adres_Defteri/textbox'

2021-11-16 09:35:00 - [MESSAGE][INFO] - Checking timeout

2021-11-16 09:35:00 - [MESSAGE][INFO] - Finding web element with id: 'Object Repository/Sayfalar/Ayarlar/Adres_Defteri/alanlar' located by 'By.cssSelector: .control-label.paddingMarginRLC' in '10' second(s)

2021-11-16 09:35:00 - [MESSAGE][INFO] - Smart Wait Function is triggered

2021-11-16 09:35:00 - [MESSAGE][INFO] - Found 16 web elements with id: 'Object Repository/Sayfalar/Ayarlar/Adres_Defteri/alanlar' located by 'By.cssSelector: .control-label.paddingMarginRLC' in '10' second(s)

2021-11-16 09:35:00 - [MESSAGE][INFO] - Smart Wait Function is triggered

2021-11-16 09:35:00 - [MESSAGE][INFO] - Delaying browser in 2 second(s)

2021-11-16 09:35:02 - [MESSAGE][PASSED] - Delayed 2 second(s)

2021-11-16 09:35:03 - [MESSAGE][PASSED] - Method.TextDegerineEsitElementinAltindakiTextboxtaYazgecici is PASSED

2021-11-16 09:35:03 - [MESSAGE][PASSED] - Call Test Case 'Test Cases/Sayfalar/Ayarlar/Adres_Defteri/AdresDefteriTexboxaYaz' successfully

2021-11-16 09:35:03 - [MESSAGE][INFO] - Checking called Test Case

2021-11-16 09:35:03 - [MESSAGE][INFO] - Starting to call Test Case 'Test Cases/Sayfalar/Ayarlar/Adres_Defteri/UnvanYaziliMi'

2021-11-16 09:35:03 - [TEST_CASE][PASSED] - Test Cases/Sayfalar/Ayarlar/Adres_Defteri/UnvanYaziliMi: Test Cases/Sayfalar/Ayarlar/Adres_Defteri/UnvanYaziliMi

2021-11-16 09:35:03 - [TEST_STEP][PASSED] - click(findTestObject("Sayfalar/Ayarlar/Adres_Defteri/alanlarTextbox"), STOP_ON_FAILURE): Object: 'Object Repository/Sayfalar/Ayarlar/Adres_Defteri/alanlarTextbox' is clicked on

2021-11-16 09:35:03 - [MESSAGE][INFO] - Finding Test Object 'Object Repository/Sayfalar/Ayarlar/Adres_Defteri/alanlarTextbox'

2021-11-16 09:35:03 - [MESSAGE][INFO] - Checking object

2021-11-16 09:35:03 - [MESSAGE][INFO] - Finding web element from Test Object's properties

2021-11-16 09:35:03 - [MESSAGE][INFO] - Checking timeout

2021-11-16 09:35:03 - [MESSAGE][INFO] - Finding web element with id: 'Object Repository/Sayfalar/Ayarlar/Adres_Defteri/alanlarTextbox' located by 'By.cssSelector: .col-sm-10.paddingMarginRLC #PartyName' in '30' second(s)

2021-11-16 09:35:03 - [MESSAGE][INFO] - Smart Wait Function is triggered

2021-11-16 09:35:03 - [MESSAGE][INFO] - Found 1 web elements with id: 'Object Repository/Sayfalar/Ayarlar/Adres_Defteri/alanlarTextbox' located by 'By.cssSelector: .col-sm-10.paddingMarginRLC #PartyName' in '30' second(s)

2021-11-16 09:35:03 - [MESSAGE][INFO] - Clicking on object: 'Object Repository/Sayfalar/Ayarlar/Adres_Defteri/alanlarTextbox'

2021-11-16 09:35:03 - [MESSAGE][PASSED] - Object: 'Object Repository/Sayfalar/Ayarlar/Adres_Defteri/alanlarTextbox' is clicked on

2021-11-16 09:35:03 - [TEST_STEP][PASSED] - variableHoldingValue = getAttribute(findTestObject("Sayfalar/Ayarlar/Adres_Defteri/alanlarTextbox"), "value"): Attribute 'value' of object 'Object Repository/Sayfalar/Ayarlar/Adres_Defteri/alanlarTextbox' is: 'Test Kurum 6'

2021-11-16 09:35:03 - [MESSAGE][INFO] - Finding Test Object 'Object Repository/Sayfalar/Ayarlar/Adres_Defteri/alanlarTextbox'

2021-11-16 09:35:04 - [MESSAGE][INFO] - Checking object

2021-11-16 09:35:04 - [MESSAGE][INFO] - Checking attribute

2021-11-16 09:35:04 - [MESSAGE][INFO] - Finding web element from Test Object's properties

2021-11-16 09:35:04 - [MESSAGE][INFO] - Checking timeout

2021-11-16 09:35:04 - [MESSAGE][INFO] - Finding web element with id: 'Object Repository/Sayfalar/Ayarlar/Adres_Defteri/alanlarTextbox' located by 'By.cssSelector: .col-sm-10.paddingMarginRLC #PartyName' in '30' second(s)

2021-11-16 09:35:04 - [MESSAGE][INFO] - Smart Wait Function is triggered

2021-11-16 09:35:04 - [MESSAGE][INFO] - Found 1 web elements with id: 'Object Repository/Sayfalar/Ayarlar/Adres_Defteri/alanlarTextbox' located by 'By.cssSelector: .col-sm-10.paddingMarginRLC #PartyName' in '30' second(s)

2021-11-16 09:35:04 - [MESSAGE][INFO] - Getting attribute 'value' of object 'Object Repository/Sayfalar/Ayarlar/Adres_Defteri/alanlarTextbox'

2021-11-16 09:35:04 - [MESSAGE][PASSED] - Attribute 'value' of object 'Object Repository/Sayfalar/Ayarlar/Adres_Defteri/alanlarTextbox' is: 'Test Kurum 6'

2021-11-16 09:35:04 - [TEST_STEP][PASSED] - Console.println(variableHoldingValue): null

2021-11-16 09:35:04 - [TEST_STEP][PASSED] - verifyEqual(variableHoldingValue, Degeri): Actual object 'Test Kurum 6' and expected object 'Test Kurum 6' are equal

2021-11-16 09:35:04 - [MESSAGE][INFO] - Comparing actual object 'Test Kurum 6' with expected object 'Test Kurum 6'

2021-11-16 09:35:04 - [MESSAGE][PASSED] - Actual object 'Test Kurum 6' and expected object 'Test Kurum 6' are equal

2021-11-16 09:35:04 - [MESSAGE][PASSED] - Call Test Case 'Test Cases/Sayfalar/Ayarlar/Adres_Defteri/UnvanYaziliMi' successfully

2021-11-16 09:35:04 - [MESSAGE][INFO] - Checking called Test Case

2021-11-16 09:35:04 - [MESSAGE][INFO] - Starting to call Test Case 'Test Cases/Sayfalar/Ayarlar/Adres_Defteri/AdresDefteriTexboxaYaz'

2021-11-16 09:35:04 - [TEST_CASE][PASSED] - Test Cases/Sayfalar/Ayarlar/Adres_Defteri/AdresDefteriTexboxaYaz: Test Cases/Sayfalar/Ayarlar/Adres_Defteri/AdresDefteriTexboxaYaz

2021-11-16 09:35:04 - [TEST_STEP][PASSED] - Method.TextDegerineEsitElementinAltindakiTextboxtaYazgecici(findTestObject("Sayfalar/Ayarlar/Adres_Defteri/alanlar"), findTestObject("Sayfalar/Ayarlar/Adres_Defteri/textbox"), Alan, Deger): Method.TextDegerineEsitElementinAltindakiTextboxtaYazgecici is PASSED

2021-11-16 09:35:04 - [MESSAGE][INFO] - Finding Test Object 'Object Repository/Sayfalar/Ayarlar/Adres_Defteri/alanlar'

2021-11-16 09:35:04 - [MESSAGE][INFO] - Finding Test Object 'Object Repository/Sayfalar/Ayarlar/Adres_Defteri/textbox'

2021-11-16 09:35:04 - [MESSAGE][INFO] - Checking timeout

2021-11-16 09:35:04 - [MESSAGE][INFO] - Finding web element with id: 'Object Repository/Sayfalar/Ayarlar/Adres_Defteri/alanlar' located by 'By.cssSelector: .control-label.paddingMarginRLC' in '10' second(s)

2021-11-16 09:35:04 - [MESSAGE][INFO] - Smart Wait Function is triggered

2021-11-16 09:35:04 - [MESSAGE][INFO] - Found 16 web elements with id: 'Object Repository/Sayfalar/Ayarlar/Adres_Defteri/alanlar' located by 'By.cssSelector: .control-label.paddingMarginRLC' in '10' second(s)

2021-11-16 09:35:04 - [MESSAGE][INFO] - Smart Wait Function is triggered

2021-11-16 09:35:04 - [MESSAGE][INFO] - Delaying browser in 2 second(s)

2021-11-16 09:35:06 - [MESSAGE][PASSED] - Delayed 2 second(s)

2021-11-16 09:35:06 - [MESSAGE][PASSED] - Method.TextDegerineEsitElementinAltindakiTextboxtaYazgecici is PASSED

2021-11-16 09:35:06 - [MESSAGE][PASSED] - Call Test Case 'Test Cases/Sayfalar/Ayarlar/Adres_Defteri/AdresDefteriTexboxaYaz' successfully

2021-11-16 09:35:06 - [MESSAGE][INFO] - Checking called Test Case

2021-11-16 09:35:06 - [MESSAGE][INFO] - Starting to call Test Case 'Test Cases/Sayfalar/Ayarlar/Adres_Defteri/AdresDefteriTexboxaYaz'

2021-11-16 09:35:06 - [TEST_CASE][PASSED] - Test Cases/Sayfalar/Ayarlar/Adres_Defteri/AdresDefteriTexboxaYaz: Test Cases/Sayfalar/Ayarlar/Adres_Defteri/AdresDefteriTexboxaYaz

2021-11-16 09:35:06 - [TEST_STEP][PASSED] - Method.TextDegerineEsitElementinAltindakiTextboxtaYazgecici(findTestObject("Sayfalar/Ayarlar/Adres_Defteri/alanlar"), findTestObject("Sayfalar/Ayarlar/Adres_Defteri/textbox"), Alan, Deger): Method.TextDegerineEsitElementinAltindakiTextboxtaYazgecici is PASSED

2021-11-16 09:35:06 - [MESSAGE][INFO] - Finding Test Object 'Object Repository/Sayfalar/Ayarlar/Adres_Defteri/alanlar'

2021-11-16 09:35:07 - [MESSAGE][INFO] - Finding Test Object 'Object Repository/Sayfalar/Ayarlar/Adres_Defteri/textbox'

2021-11-16 09:35:07 - [MESSAGE][INFO] - Checking timeout

2021-11-16 09:35:07 - [MESSAGE][INFO] - Finding web element with id: 'Object Repository/Sayfalar/Ayarlar/Adres_Defteri/alanlar' located by 'By.cssSelector: .control-label.paddingMarginRLC' in '10' second(s)

2021-11-16 09:35:07 - [MESSAGE][INFO] - Smart Wait Function is triggered

2021-11-16 09:35:07 - [MESSAGE][INFO] - Found 16 web elements with id: 'Object Repository/Sayfalar/Ayarlar/Adres_Defteri/alanlar' located by 'By.cssSelector: .control-label.paddingMarginRLC' in '10' second(s)

2021-11-16 09:35:07 - [MESSAGE][INFO] - Smart Wait Function is triggered

2021-11-16 09:35:07 - [MESSAGE][INFO] - Delaying browser in 2 second(s)

2021-11-16 09:35:09 - [MESSAGE][PASSED] - Delayed 2 second(s)

2021-11-16 09:35:09 - [MESSAGE][PASSED] - Method.TextDegerineEsitElementinAltindakiTextboxtaYazgecici is PASSED

2021-11-16 09:35:09 - [MESSAGE][PASSED] - Call Test Case 'Test Cases/Sayfalar/Ayarlar/Adres_Defteri/AdresDefteriTexboxaYaz' successfully

2021-11-16 09:35:09 - [MESSAGE][INFO] - Checking called Test Case

2021-11-16 09:35:09 - [MESSAGE][INFO] - Starting to call Test Case 'Test Cases/Sayfalar/Ayarlar/Adres_Defteri/AdresDefteriTexboxaYaz'

2021-11-16 09:35:09 - [TEST_CASE][PASSED] - Test Cases/Sayfalar/Ayarlar/Adres_Defteri/AdresDefteriTexboxaYaz: Test Cases/Sayfalar/Ayarlar/Adres_Defteri/AdresDefteriTexboxaYaz

2021-11-16 09:35:09 - [TEST_STEP][PASSED] - Method.TextDegerineEsitElementinAltindakiTextboxtaYazgecici(findTestObject("Sayfalar/Ayarlar/Adres_Defteri/alanlar"), findTestObject("Sayfalar/Ayarlar/Adres_Defteri/textbox"), Alan, Deger): Method.TextDegerineEsitElementinAltindakiTextboxtaYazgecici is PASSED

2021-11-16 09:35:09 - [MESSAGE][INFO] - Finding Test Object 'Object Repository/Sayfalar/Ayarlar/Adres_Defteri/alanlar'

2021-11-16 09:35:09 - [MESSAGE][INFO] - Finding Test Object 'Object Repository/Sayfalar/Ayarlar/Adres_Defteri/textbox'

2021-11-16 09:35:09 - [MESSAGE][INFO] - Checking timeout

2021-11-16 09:35:09 - [MESSAGE][INFO] - Finding web element with id: 'Object Repository/Sayfalar/Ayarlar/Adres_Defteri/alanlar' located by 'By.cssSelector: .control-label.paddingMarginRLC' in '10' second(s)

2021-11-16 09:35:09 - [MESSAGE][INFO] - Smart Wait Function is triggered

2021-11-16 09:35:09 - [MESSAGE][INFO] - Found 16 web elements with id: 'Object Repository/Sayfalar/Ayarlar/Adres_Defteri/alanlar' located by 'By.cssSelector: .control-label.paddingMarginRLC' in '10' second(s)

2021-11-16 09:35:09 - [MESSAGE][INFO] - Smart Wait Function is triggered

2021-11-16 09:35:09 - [MESSAGE][INFO] - Delaying browser in 2 second(s)

2021-11-16 09:35:11 - [MESSAGE][PASSED] - Delayed 2 second(s)

2021-11-16 09:35:12 - [MESSAGE][INFO] - Delaying browser in 2 second(s)

2021-11-16 09:35:14 - [MESSAGE][PASSED] - Delayed 2 second(s)

2021-11-16 09:35:14 - [MESSAGE][PASSED] - Method.TextDegerineEsitElementinAltindakiTextboxtaYazgecici is PASSED

2021-11-16 09:35:14 - [MESSAGE][PASSED] - Call Test Case 'Test Cases/Sayfalar/Ayarlar/Adres_Defteri/AdresDefteriTexboxaYaz' successfully

2021-11-16 09:35:14 - [MESSAGE][INFO] - Checking called Test Case

2021-11-16 09:35:14 - [MESSAGE][INFO] - Starting to call Test Case 'Test Cases/Sayfalar/Ayarlar/Adres_Defteri/UnvanYaziliMi'

2021-11-16 09:35:14 - [TEST_CASE][PASSED] - Test Cases/Sayfalar/Ayarlar/Adres_Defteri/UnvanYaziliMi: Test Cases/Sayfalar/Ayarlar/Adres_Defteri/UnvanYaziliMi

2021-11-16 09:35:14 - [TEST_STEP][PASSED] - click(findTestObject("Sayfalar/Ayarlar/Adres_Defteri/alanlarTextbox"), STOP_ON_FAILURE): Object: 'Object Repository/Sayfalar/Ayarlar/Adres_Defteri/alanlarTextbox' is clicked on

2021-11-16 09:35:14 - [MESSAGE][INFO] - Finding Test Object 'Object Repository/Sayfalar/Ayarlar/Adres_Defteri/alanlarTextbox'

2021-11-16 09:35:14 - [MESSAGE][INFO] - Checking object

2021-11-16 09:35:14 - [MESSAGE][INFO] - Finding web element from Test Object's properties

2021-11-16 09:35:14 - [MESSAGE][INFO] - Checking timeout

2021-11-16 09:35:14 - [MESSAGE][INFO] - Finding web element with id: 'Object Repository/Sayfalar/Ayarlar/Adres_Defteri/alanlarTextbox' located by 'By.cssSelector: .col-sm-10.paddingMarginRLC #PartyName' in '30' second(s)

2021-11-16 09:35:14 - [MESSAGE][INFO] - Smart Wait Function is triggered

2021-11-16 09:35:14 - [MESSAGE][INFO] - Found 1 web elements with id: 'Object Repository/Sayfalar/Ayarlar/Adres_Defteri/alanlarTextbox' located by 'By.cssSelector: .col-sm-10.paddingMarginRLC #PartyName' in '30' second(s)

2021-11-16 09:35:14 - [MESSAGE][INFO] - Clicking on object: 'Object Repository/Sayfalar/Ayarlar/Adres_Defteri/alanlarTextbox'

2021-11-16 09:35:14 - [MESSAGE][PASSED] - Object: 'Object Repository/Sayfalar/Ayarlar/Adres_Defteri/alanlarTextbox' is clicked on

2021-11-16 09:35:14 - [TEST_STEP][PASSED] - variableHoldingValue = getAttribute(findTestObject("Sayfalar/Ayarlar/Adres_Defteri/alanlarTextbox"), "value"): Attribute 'value' of object 'Object Repository/Sayfalar/Ayarlar/Adres_Defteri/alanlarTextbox' is: ''

2021-11-16 09:35:14 - [MESSAGE][INFO] - Finding Test Object 'Object Repository/Sayfalar/Ayarlar/Adres_Defteri/alanlarTextbox'

2021-11-16 09:35:14 - [MESSAGE][INFO] - Checking object

2021-11-16 09:35:14 - [MESSAGE][INFO] - Checking attribute

2021-11-16 09:35:14 - [MESSAGE][INFO] - Finding web element from Test Object's properties

2021-11-16 09:35:14 - [MESSAGE][INFO] - Checking timeout

2021-11-16 09:35:14 - [MESSAGE][INFO] - Finding web element with id: 'Object Repository/Sayfalar/Ayarlar/Adres_Defteri/alanlarTextbox' located by 'By.cssSelector: .col-sm-10.paddingMarginRLC #PartyName' in '30' second(s)

2021-11-16 09:35:14 - [MESSAGE][INFO] - Smart Wait Function is triggered

2021-11-16 09:35:14 - [MESSAGE][INFO] - Found 1 web elements with id: 'Object Repository/Sayfalar/Ayarlar/Adres_Defteri/alanlarTextbox' located by 'By.cssSelector: .col-sm-10.paddingMarginRLC #PartyName' in '30' second(s)

2021-11-16 09:35:14 - [MESSAGE][INFO] - Getting attribute 'value' of object 'Object Repository/Sayfalar/Ayarlar/Adres_Defteri/alanlarTextbox'

2021-11-16 09:35:14 - [MESSAGE][PASSED] - Attribute 'value' of object 'Object Repository/Sayfalar/Ayarlar/Adres_Defteri/alanlarTextbox' is: ''

2021-11-16 09:35:14 - [TEST_STEP][PASSED] - Console.println(variableHoldingValue): null

2021-11-16 09:35:14 - [TEST_STEP][PASSED] - verifyEqual(variableHoldingValue, Degeri): Actual object '' and expected object '' are equal

2021-11-16 09:35:14 - [MESSAGE][INFO] - Comparing actual object '' with expected object ''

2021-11-16 09:35:14 - [MESSAGE][PASSED] - Actual object '' and expected object '' are equal

2021-11-16 09:35:14 - [MESSAGE][PASSED] - Call Test Case 'Test Cases/Sayfalar/Ayarlar/Adres_Defteri/UnvanYaziliMi' successfully

2021-11-16 09:35:14 - [MESSAGE][INFO] - Checking called Test Case

2021-11-16 09:35:14 - [MESSAGE][INFO] - Starting to call Test Case 'Test Cases/Sayfalar/Ayarlar/Adres_Defteri/AdresDefteriTexboxaYaz'

2021-11-16 09:35:14 - [TEST_CASE][PASSED] - Test Cases/Sayfalar/Ayarlar/Adres_Defteri/AdresDefteriTexboxaYaz: Test Cases/Sayfalar/Ayarlar/Adres_Defteri/AdresDefteriTexboxaYaz

2021-11-16 09:35:14 - [TEST_STEP][PASSED] - Method.TextDegerineEsitElementinAltindakiTextboxtaYazgecici(findTestObject("Sayfalar/Ayarlar/Adres_Defteri/alanlar"), findTestObject("Sayfalar/Ayarlar/Adres_Defteri/textbox"), Alan, Deger): Method.TextDegerineEsitElementinAltindakiTextboxtaYazgecici is PASSED

2021-11-16 09:35:14 - [MESSAGE][INFO] - Finding Test Object 'Object Repository/Sayfalar/Ayarlar/Adres_Defteri/alanlar'

2021-11-16 09:35:15 - [MESSAGE][INFO] - Finding Test Object 'Object Repository/Sayfalar/Ayarlar/Adres_Defteri/textbox'

2021-11-16 09:35:15 - [MESSAGE][INFO] - Checking timeout

2021-11-16 09:35:15 - [MESSAGE][INFO] - Finding web element with id: 'Object Repository/Sayfalar/Ayarlar/Adres_Defteri/alanlar' located by 'By.cssSelector: .control-label.paddingMarginRLC' in '10' second(s)

2021-11-16 09:35:15 - [MESSAGE][INFO] - Smart Wait Function is triggered

2021-11-16 09:35:15 - [MESSAGE][INFO] - Found 16 web elements with id: 'Object Repository/Sayfalar/Ayarlar/Adres_Defteri/alanlar' located by 'By.cssSelector: .control-label.paddingMarginRLC' in '10' second(s)

2021-11-16 09:35:15 - [MESSAGE][INFO] - Smart Wait Function is triggered

2021-11-16 09:35:15 - [MESSAGE][INFO] - Delaying browser in 2 second(s)

2021-11-16 09:35:17 - [MESSAGE][PASSED] - Delayed 2 second(s)

2021-11-16 09:35:17 - [MESSAGE][INFO] - Delaying browser in 2 second(s)

2021-11-16 09:35:19 - [MESSAGE][PASSED] - Delayed 2 second(s)

2021-11-16 09:35:19 - [MESSAGE][PASSED] - Method.TextDegerineEsitElementinAltindakiTextboxtaYazgecici is PASSED

2021-11-16 09:35:19 - [MESSAGE][PASSED] - Call Test Case 'Test Cases/Sayfalar/Ayarlar/Adres_Defteri/AdresDefteriTexboxaYaz' successfully

2021-11-16 09:35:19 - [MESSAGE][INFO] - Checking called Test Case

2021-11-16 09:35:19 - [MESSAGE][INFO] - Starting to call Test Case 'Test Cases/Sayfalar/Ayarlar/Adres_Defteri/AdresDefteriTexboxaYaz'

2021-11-16 09:35:19 - [TEST_CASE][PASSED] - Test Cases/Sayfalar/Ayarlar/Adres_Defteri/AdresDefteriTexboxaYaz: Test Cases/Sayfalar/Ayarlar/Adres_Defteri/AdresDefteriTexboxaYaz

2021-11-16 09:35:19 - [TEST_STEP][PASSED] - Method.TextDegerineEsitElementinAltindakiTextboxtaYazgecici(findTestObject("Sayfalar/Ayarlar/Adres_Defteri/alanlar"), findTestObject("Sayfalar/Ayarlar/Adres_Defteri/textbox"), Alan, Deger): Method.TextDegerineEsitElementinAltindakiTextboxtaYazgecici is PASSED

2021-11-16 09:35:19 - [MESSAGE][INFO] - Finding Test Object 'Object Repository/Sayfalar/Ayarlar/Adres_Defteri/alanlar'

2021-11-16 09:35:19 - [MESSAGE][INFO] - Finding Test Object 'Object Repository/Sayfalar/Ayarlar/Adres_Defteri/textbox'

2021-11-16 09:35:20 - [MESSAGE][INFO] - Checking timeout

2021-11-16 09:35:20 - [MESSAGE][INFO] - Finding web element with id: 'Object Repository/Sayfalar/Ayarlar/Adres_Defteri/alanlar' located by 'By.cssSelector: .control-label.paddingMarginRLC' in '10' second(s)

2021-11-16 09:35:20 - [MESSAGE][INFO] - Smart Wait Function is triggered

2021-11-16 09:35:20 - [MESSAGE][INFO] - Found 16 web elements with id: 'Object Repository/Sayfalar/Ayarlar/Adres_Defteri/alanlar' located by 'By.cssSelector: .control-label.paddingMarginRLC' in '10' second(s)

2021-11-16 09:35:20 - [MESSAGE][INFO] - Smart Wait Function is triggered

2021-11-16 09:35:20 - [MESSAGE][INFO] - Delaying browser in 2 second(s)

2021-11-16 09:35:22 - [MESSAGE][PASSED] - Delayed 2 second(s)

2021-11-16 09:35:22 - [MESSAGE][INFO] - Delaying browser in 2 second(s)

2021-11-16 09:35:24 - [MESSAGE][PASSED] - Delayed 2 second(s)

2021-11-16 09:35:24 - [MESSAGE][PASSED] - Method.TextDegerineEsitElementinAltindakiTextboxtaYazgecici is PASSED

2021-11-16 09:35:24 - [MESSAGE][PASSED] - Call Test Case 'Test Cases/Sayfalar/Ayarlar/Adres_Defteri/AdresDefteriTexboxaYaz' successfully

2021-11-16 09:35:24 - [MESSAGE][INFO] - Checking called Test Case

2021-11-16 09:35:24 - [MESSAGE][INFO] - Starting to call Test Case 'Test Cases/Sayfalar/Ayarlar/Adres_Defteri/AdresDefteriButonlarinaTikla'

2021-11-16 09:35:24 - [TEST_CASE][PASSED] - Test Cases/Sayfalar/Ayarlar/Adres_Defteri/AdresDefteriButonlarinaTikla: Test Cases/Sayfalar/Ayarlar/Adres_Defteri/AdresDefteriButonlarinaTikla

2021-11-16 09:35:25 - [TEST_STEP][PASSED] - Method.ElementlerdenAttributesiDegerineEsitOlanaTikla(findTestObject("Sayfalar/Ayarlar/Adres_Defteri/butonlar"), Buton, "value"): Method.ElementlerdenAttributesiDegerineEsitOlanaTikla is PASSED

2021-11-16 09:35:25 - [MESSAGE][INFO] - Finding Test Object 'Object Repository/Sayfalar/Ayarlar/Adres_Defteri/butonlar'

2021-11-16 09:35:25 - [MESSAGE][INFO] - Checking timeout

2021-11-16 09:35:25 - [MESSAGE][INFO] - Finding web element with id: 'Object Repository/Sayfalar/Ayarlar/Adres_Defteri/butonlar' located by 'By.cssSelector: .col-sm-7.paddingMarginRLC.text-right>input' in '10' second(s)

2021-11-16 09:35:25 - [MESSAGE][INFO] - Smart Wait Function is triggered

2021-11-16 09:35:25 - [MESSAGE][INFO] - Found 2 web elements with id: 'Object Repository/Sayfalar/Ayarlar/Adres_Defteri/butonlar' located by 'By.cssSelector: .col-sm-7.paddingMarginRLC.text-right>input' in '10' second(s)

2021-11-16 09:35:25 - [MESSAGE][PASSED] - Method.ElementlerdenAttributesiDegerineEsitOlanaTikla is PASSED

2021-11-16 09:35:25 - [TEST_STEP][PASSED] - switchToDefaultContent(): Switching to default content

2021-11-16 09:35:25 - [MESSAGE][INFO] - Switching to default content

2021-11-16 09:35:25 - [MESSAGE][PASSED] - Call Test Case 'Test Cases/Sayfalar/Ayarlar/Adres_Defteri/AdresDefteriButonlarinaTikla' successfully

2021-11-16 09:35:25 - [MESSAGE][INFO] - Checking called Test Case

2021-11-16 09:35:25 - [MESSAGE][INFO] - Starting to call Test Case 'Test Cases/Kullanici_Islemleri/KullaniciIslemlerindenSecimYapilir'

2021-11-16 09:35:25 - [TEST_CASE][PASSED] - Test Cases/Kullanici_Islemleri/KullaniciIslemlerindenSecimYapilir: Test Cases/Kullanici_Islemleri/KullaniciIslemlerindenSecimYapilir

2021-11-16 09:35:25 - [TEST_STEP][PASSED] - waitForElementClickable(findTestObject("Object Repository/Kullanici_Islemleri/KullaniciIslemleri"), 10): Object 'Object Repository/Kullanici_Islemleri/KullaniciIslemleri' is clickable

2021-11-16 09:35:25 - [MESSAGE][INFO] - Finding Test Object 'Object Repository/Kullanici_Islemleri/KullaniciIslemleri'

2021-11-16 09:35:25 - [MESSAGE][INFO] - Checking object

2021-11-16 09:35:25 - [MESSAGE][INFO] - Checking timeout

2021-11-16 09:35:25 - [MESSAGE][INFO] - Finding web element from Test Object's properties

2021-11-16 09:35:25 - [MESSAGE][INFO] - Checking timeout

2021-11-16 09:35:25 - [MESSAGE][INFO] - Finding web element with id: 'Object Repository/Kullanici_Islemleri/KullaniciIslemleri' located by 'By.cssSelector: .dropdown>a>img' in '10' second(s)

2021-11-16 09:35:25 - [MESSAGE][INFO] - Smart Wait Function is triggered

2021-11-16 09:35:25 - [MESSAGE][INFO] - Found 1 web elements with id: 'Object Repository/Kullanici_Islemleri/KullaniciIslemleri' located by 'By.cssSelector: .dropdown>a>img' in '10' second(s)

2021-11-16 09:35:25 - [MESSAGE][PASSED] - Object 'Object Repository/Kullanici_Islemleri/KullaniciIslemleri' is clickable

2021-11-16 09:35:25 - [TEST_STEP][PASSED] - click(findTestObject("Object Repository/Kullanici_Islemleri/KullaniciIslemleri")): Object: 'Object Repository/Kullanici_Islemleri/KullaniciIslemleri' is clicked on

2021-11-16 09:35:25 - [MESSAGE][INFO] - Finding Test Object 'Object Repository/Kullanici_Islemleri/KullaniciIslemleri'

2021-11-16 09:35:26 - [MESSAGE][INFO] - Checking object

2021-11-16 09:35:26 - [MESSAGE][INFO] - Finding web element from Test Object's properties

2021-11-16 09:35:26 - [MESSAGE][INFO] - Checking timeout

2021-11-16 09:35:26 - [MESSAGE][INFO] - Finding web element with id: 'Object Repository/Kullanici_Islemleri/KullaniciIslemleri' located by 'By.cssSelector: .dropdown>a>img' in '30' second(s)

2021-11-16 09:35:26 - [MESSAGE][INFO] - Smart Wait Function is triggered

2021-11-16 09:35:26 - [MESSAGE][INFO] - Found 1 web elements with id: 'Object Repository/Kullanici_Islemleri/KullaniciIslemleri' located by 'By.cssSelector: .dropdown>a>img' in '30' second(s)

2021-11-16 09:35:26 - [MESSAGE][INFO] - Clicking on object: 'Object Repository/Kullanici_Islemleri/KullaniciIslemleri'

2021-11-16 09:35:26 - [MESSAGE][PASSED] - Object: 'Object Repository/Kullanici_Islemleri/KullaniciIslemleri' is clicked on

2021-11-16 09:35:26 - [TEST_STEP][PASSED] - Method.TextDegerineEsitElementeTikla(findTestObject("Object Repository/Kullanici_Islemleri/Secenekler"), Islem): Method.TextDegerineEsitElementeTikla is PASSED

2021-11-16 09:35:26 - [MESSAGE][INFO] - Finding Test Object 'Object Repository/Kullanici_Islemleri/Secenekler'

2021-11-16 09:35:26 - [MESSAGE][INFO] - Checking timeout

2021-11-16 09:35:26 - [MESSAGE][INFO] - Finding web element with id: 'Object Repository/Kullanici_Islemleri/Secenekler' located by 'By.cssSelector: .nav.navbar-nav.navbar-right li a' in '10' second(s)

2021-11-16 09:35:26 - [MESSAGE][INFO] - Smart Wait Function is triggered

2021-11-16 09:35:26 - [MESSAGE][INFO] - Found 22 web elements with id: 'Object Repository/Kullanici_Islemleri/Secenekler' located by 'By.cssSelector: .nav.navbar-nav.navbar-right li a' in '10' second(s)

2021-11-16 09:35:27 - [MESSAGE][PASSED] - Method.TextDegerineEsitElementeTikla is PASSED

2021-11-16 09:35:27 - [TEST_STEP][PASSED] - verifyElementNotPresent(findTestObject("Object Repository/Kullanici_Islemleri/Secenekler"), 10): Web element with id: 'Object Repository/Kullanici_Islemleri/Secenekler' located by 'By.cssSelector: .nav.navbar-nav.navbar-right li a' is not present after '10' second(s)

2021-11-16 09:35:27 - [MESSAGE][INFO] - Finding Test Object 'Object Repository/Kullanici_Islemleri/Secenekler'

2021-11-16 09:35:27 - [MESSAGE][INFO] - Checking object

2021-11-16 09:35:27 - [MESSAGE][INFO] - Checking timeout

2021-11-16 09:35:27 - [MESSAGE][INFO] - Finding web element with id: 'Object Repository/Kullanici_Islemleri/Secenekler' located by 'By.cssSelector: .nav.navbar-nav.navbar-right li a' in '10' second(s)

2021-11-16 09:35:27 - [MESSAGE][INFO] - Smart Wait Function is triggered

2021-11-16 09:35:28 - [MESSAGE][PASSED] - Web element with id: 'Object Repository/Kullanici_Islemleri/Secenekler' located by 'By.cssSelector: .nav.navbar-nav.navbar-right li a' is not present after '10' second(s)

2021-11-16 09:35:28 - [MESSAGE][PASSED] - Call Test Case 'Test Cases/Kullanici_Islemleri/KullaniciIslemlerindenSecimYapilir' successfully

2021-11-16 09:35:28 - [TEST_CASE][PASSED] - Start Test Case : SCENARIO Adres Defteri Ekle butonu Kontrolu: SCENARIO Adres Defteri Ekle butonu Kontrolu

2021-11-16 09:35:28 - [TEST_STEP][PASSED] - Kullanıcı adı ELOGO6 ve Şifre 123456 olarak giriş yapılır: Kullanıcı adı ELOGO6 ve Şifre 123456 olarak giriş yapılır

2021-11-16 09:35:28 - [MESSAGE][PASSED] - Kullanıcı adı ELOGO6 ve Şifre 123456 olarak giriş yapılır

2021-11-16 09:35:28 - [TEST_STEP][PASSED] - Ana menüden Ayarlar seçilir: Ana menüden Ayarlar seçilir

2021-11-16 09:35:28 - [MESSAGE][PASSED] - Ana menüden Ayarlar seçilir

2021-11-16 09:35:28 - [TEST_STEP][PASSED] - Alt menü Araçlar başlığı altındaki Adres Defteri seçilir: Alt menü Araçlar başlığı altındaki Adres Defteri seçilir

2021-11-16 09:35:28 - [MESSAGE][PASSED] - Alt menü Araçlar başlığı altındaki Adres Defteri seçilir

2021-11-16 09:35:28 - [TEST_STEP][PASSED] - Butonlardan Ekle isimli butona tıklanır: Butonlardan Ekle isimli butona tıklanır

2021-11-16 09:35:28 - [MESSAGE][PASSED] - Butonlardan Ekle isimli butona tıklanır

2021-11-16 09:35:28 - [TEST_STEP][PASSED] - Adres defteri Adres Ekle başlıklı popup geldi mi: Adres defteri Adres Ekle başlıklı popup geldi mi

2021-11-16 09:35:28 - [MESSAGE][PASSED] - Adres defteri Adres Ekle başlıklı popup geldi mi

2021-11-16 09:35:28 - [TEST_STEP][PASSED] - Adres defteri VKN/TCKN No textboxına 1234567806 yazılır: Adres defteri VKN/TCKN No textboxına 1234567806 yazılır

2021-11-16 09:35:28 - [MESSAGE][PASSED] - Adres defteri VKN/TCKN No textboxına 1234567806 yazılır

2021-11-16 09:35:28 - [TEST_STEP][PASSED] - Unvan alanına Test Kurum 6 yazılı mı: Unvan alanına Test Kurum 6 yazılı mı

2021-11-16 09:35:28 - [MESSAGE][PASSED] - Unvan alanına Test Kurum 6 yazılı mı

2021-11-16 09:35:28 - [TEST_STEP][PASSED] - Adres defteri İl textboxına İstanbul yazılır: Adres defteri İl textboxına İstanbul yazılır

2021-11-16 09:35:28 - [MESSAGE][PASSED] - Adres defteri İl textboxına İstanbul yazılır

2021-11-16 09:35:28 - [TEST_STEP][PASSED] - Adres defteri İlçe textboxına Kartal yazılır: Adres defteri İlçe textboxına Kartal yazılır

2021-11-16 09:35:28 - [MESSAGE][PASSED] - Adres defteri İlçe textboxına Kartal yazılır

2021-11-16 09:35:28 - [TEST_STEP][PASSED] - Adres defteri VKN/TCKN No textboxına 1234567906 yazılır: Adres defteri VKN/TCKN No textboxına 1234567906 yazılır

2021-11-16 09:35:28 - [MESSAGE][PASSED] - Adres defteri VKN/TCKN No textboxına 1234567906 yazılır

2021-11-16 09:35:28 - [TEST_STEP][PASSED] - Unvan alanına  yazılı mı: Unvan alanına  yazılı mı

2021-11-16 09:35:28 - [MESSAGE][PASSED] - Unvan alanına  yazılı mı

2021-11-16 09:35:28 - [TEST_STEP][PASSED] - Adres defteri İl textboxına İstanbul yazılır: Adres defteri İl textboxına İstanbul yazılır

2021-11-16 09:35:28 - [MESSAGE][PASSED] - Adres defteri İl textboxına İstanbul yazılır

2021-11-16 09:35:28 - [TEST_STEP][PASSED] - Adres defteri İlçe textboxına Kartal yazılır: Adres defteri İlçe textboxına Kartal yazılır

2021-11-16 09:35:28 - [MESSAGE][PASSED] - Adres defteri İlçe textboxına Kartal yazılır

2021-11-16 09:35:28 - [TEST_STEP][PASSED] - Adres defteri butonlarından Vazgeç butonuna tıklanır: Adres defteri butonlarından Vazgeç butonuna tıklanır

2021-11-16 09:35:28 - [MESSAGE][PASSED] - Adres defteri butonlarından Vazgeç butonuna tıklanır

2021-11-16 09:35:28 - [TEST_STEP][PASSED] - Kullanıcı işlemlerinden Çıkış seçilir: Kullanıcı işlemlerinden Çıkış seçilir

2021-11-16 09:35:28 - [MESSAGE][PASSED] - Kullanıcı işlemlerinden Çıkış seçilir

2021-11-16 09:35:28 - [MESSAGE][PASSED] - Feature file: 'Include/features/Ayarlar/Araclar/Adres Defteri/Ekle.feature' was passed

2021-11-16 09:35:28 - [TEST_STEP][PASSED] - Start listener action : sampleAfterTestSuite: Invoke 'com.kms.katalon.core.annotation.AfterTestCase' method: 'Listener.sampleAfterTestSuite(...)' completed.

2021-11-16 09:35:28 - [MESSAGE][INFO] - Starting invoke 'com.kms.katalon.core.annotation.AfterTestCase' method: 'Listener.sampleAfterTestSuite(...)'

2021-11-16 09:35:28 - [TEST_STEP][PASSED] - closeBrowser(): Invoke 'com.kms.katalon.core.annotation.AfterTestCase' method: 'Listener.sampleAfterTestSuite(...)' completed.

2021-11-16 09:35:28 - [MESSAGE][INFO] - Closing browser

2021-11-16 09:35:29 - [MESSAGE][PASSED] - Browser is closed

2021-11-16 09:35:29 - [MESSAGE][INFO] - Invoke 'com.kms.katalon.core.annotation.AfterTestCase' method: 'Listener.sampleAfterTestSuite(...)' completed.]]></system-out>
         <system-err><![CDATA[]]></system-err>
      </testcase>
      <testcase name="Test Cases/Case Repository/Ayarlar/Araclar/Adres Defteri/Degistir" time="60.325" classname="Test Cases/Case Repository/Ayarlar/Araclar/Adres Defteri/Degistir" status="PASSED">
         <system-out><![CDATA[2021-11-16 09:35:29 - [TEST_CASE][PASSED] - Test Cases/Case Repository/Ayarlar/Araclar/Adres Defteri/Degistir: Test Cases/Case Repository/Ayarlar/Araclar/Adres Defteri/Degistir

2021-11-16 09:35:29 - [TEST_STEP][PASSED] - Start listener action : sampleBeforeTestSuite: Invoke 'com.kms.katalon.core.annotation.BeforeTestCase' method: 'Listener.sampleBeforeTestSuite(...)' completed.

2021-11-16 09:35:29 - [MESSAGE][INFO] - Starting invoke 'com.kms.katalon.core.annotation.BeforeTestCase' method: 'Listener.sampleBeforeTestSuite(...)'

2021-11-16 09:35:29 - [TEST_STEP][PASSED] - openBrowser(baseUrl): Browser is opened with url: 'https://efatura-stage.elogo.com.tr/'

2021-11-16 09:35:29 - [MESSAGE][INFO] - Opening browser

2021-11-16 09:35:29 - [MESSAGE][INFO] - Starting 'Chrome' driver

2021-11-16 09:35:29 - [MESSAGE][INFO] - User set preference: ['prefs', '{download.default_directory=C:\otomasyondownfiles}']

2021-11-16 09:35:29 - [MESSAGE][INFO] - Action delay is set to 0 milliseconds

2021-11-16 09:35:30 - [MESSAGE][INFO] - Navigating browser to: 'https://efatura-stage.elogo.com.tr/'

2021-11-16 09:35:32 - [MESSAGE][PASSED] - Browser is opened with url: 'https://efatura-stage.elogo.com.tr/'

2021-11-16 09:35:32 - [TEST_STEP][PASSED] - maximizeWindow(): Invoke 'com.kms.katalon.core.annotation.BeforeTestCase' method: 'Listener.sampleBeforeTestSuite(...)' completed.

2021-11-16 09:35:32 - [MESSAGE][INFO] - Maximizing current window

2021-11-16 09:35:32 - [MESSAGE][PASSED] - Current window maximized

2021-11-16 09:35:32 - [MESSAGE][INFO] - Invoke 'com.kms.katalon.core.annotation.BeforeTestCase' method: 'Listener.sampleBeforeTestSuite(...)' completed.

2021-11-16 09:35:33 - [TEST_STEP][PASSED] - runFeatureFile("Include/features/Ayarlar/Araclar/Adres Defteri/Degistir.feature"): Feature file: 'Include/features/Ayarlar/Araclar/Adres Defteri/Degistir.feature' was passed

2021-11-16 09:35:33 - [MESSAGE][INFO] - Starting run keyword runFeatureFile: 'Include/features/Ayarlar/Araclar/Adres Defteri/Degistir.feature' and extract report to folder: 'C:\Users\DELL\Documents\GitHub\EES_KatalonLogo\Reports\20211116_090026\Suite Repository\Ayarlar\20211116_090123/cucumber_report/1637044533295'...

2021-11-16 09:35:33 - [MESSAGE][INFO] - Glue: []

2021-11-16 09:35:35 - [MESSAGE][INFO] - Checking called Test Case

2021-11-16 09:35:35 - [MESSAGE][INFO] - Starting to call Test Case 'Test Cases/Sayfalar/Giris_Sayfasi/Login'

2021-11-16 09:35:35 - [TEST_CASE][PASSED] - Test Cases/Sayfalar/Giris_Sayfasi/Login: Test Cases/Sayfalar/Giris_Sayfasi/Login

2021-11-16 09:35:35 - [TEST_STEP][PASSED] - Sayfa_Basligi = getWindowTitle(): Current window's title is: 'LOGO e-Fatura'

2021-11-16 09:35:35 - [MESSAGE][INFO] - Getting current window's title

2021-11-16 09:35:35 - [MESSAGE][PASSED] - Current window's title is: 'LOGO e-Fatura'

2021-11-16 09:35:35 - [TEST_STEP][PASSED] - verifyMatch(Sayfa_Basligi, "LOGO e-Fatura", false): Actual text 'LOGO e-Fatura' and expected text 'LOGO e-Fatura' are matched 

2021-11-16 09:35:35 - [MESSAGE][INFO] - Matching actual text 'LOGO e-Fatura' with expected text 'LOGO e-Fatura'

2021-11-16 09:35:35 - [MESSAGE][PASSED] - Actual text 'LOGO e-Fatura' and expected text 'LOGO e-Fatura' are matched 

2021-11-16 09:35:35 - [TEST_STEP][PASSED] - sendKeys(findTestObject("Sayfalar/Giris_Sayfasi/Firma_Kodu"), KullaniciAdi): Keys 'ELOGO6' sent to object: 'Object Repository/Sayfalar/Giris_Sayfasi/Firma_Kodu'

2021-11-16 09:35:35 - [MESSAGE][INFO] - Finding Test Object 'Object Repository/Sayfalar/Giris_Sayfasi/Firma_Kodu'

2021-11-16 09:35:35 - [MESSAGE][INFO] - Sending keys 'ELOGO6' to object: 'Object Repository/Sayfalar/Giris_Sayfasi/Firma_Kodu'

2021-11-16 09:35:35 - [MESSAGE][INFO] - Finding web element from Test Object's properties

2021-11-16 09:35:35 - [MESSAGE][INFO] - Checking timeout

2021-11-16 09:35:35 - [MESSAGE][INFO] - Finding web element with id: 'Object Repository/Sayfalar/Giris_Sayfasi/Firma_Kodu' located by 'By.xpath: //*[@id = 'AccountName']' in '30' second(s)

2021-11-16 09:35:35 - [MESSAGE][INFO] - Smart Wait Function is triggered

2021-11-16 09:35:35 - [MESSAGE][INFO] - Found 1 web elements with id: 'Object Repository/Sayfalar/Giris_Sayfasi/Firma_Kodu' located by 'By.xpath: //*[@id = 'AccountName']' in '30' second(s)

2021-11-16 09:35:36 - [MESSAGE][PASSED] - Keys 'ELOGO6' sent to object: 'Object Repository/Sayfalar/Giris_Sayfasi/Firma_Kodu'

2021-11-16 09:35:36 - [TEST_STEP][PASSED] - sendKeys(findTestObject("Sayfalar/Giris_Sayfasi/Sifre"), Sifre): Keys '123456' sent to object: 'Object Repository/Sayfalar/Giris_Sayfasi/Sifre'

2021-11-16 09:35:36 - [MESSAGE][INFO] - Finding Test Object 'Object Repository/Sayfalar/Giris_Sayfasi/Sifre'

2021-11-16 09:35:36 - [MESSAGE][INFO] - Sending keys '123456' to object: 'Object Repository/Sayfalar/Giris_Sayfasi/Sifre'

2021-11-16 09:35:36 - [MESSAGE][INFO] - Finding web element from Test Object's properties

2021-11-16 09:35:36 - [MESSAGE][INFO] - Checking timeout

2021-11-16 09:35:36 - [MESSAGE][INFO] - Finding web element with id: 'Object Repository/Sayfalar/Giris_Sayfasi/Sifre' located by 'By.xpath: //*[@id = 'Password']' in '30' second(s)

2021-11-16 09:35:36 - [MESSAGE][INFO] - Smart Wait Function is triggered

2021-11-16 09:35:36 - [MESSAGE][INFO] - Found 1 web elements with id: 'Object Repository/Sayfalar/Giris_Sayfasi/Sifre' located by 'By.xpath: //*[@id = 'Password']' in '30' second(s)

2021-11-16 09:35:36 - [MESSAGE][PASSED] - Keys '123456' sent to object: 'Object Repository/Sayfalar/Giris_Sayfasi/Sifre'

2021-11-16 09:35:36 - [TEST_STEP][PASSED] - findWebElement(findTestObject("Sayfalar/Giris_Sayfasi/Giris_Butonu")).click(): Found 1 web elements with id: 'Object Repository/Sayfalar/Giris_Sayfasi/Giris_Butonu' located by 'By.cssSelector: #btnLogin' in '30' second(s)

2021-11-16 09:35:36 - [MESSAGE][INFO] - Finding Test Object 'Object Repository/Sayfalar/Giris_Sayfasi/Giris_Butonu'

2021-11-16 09:35:36 - [MESSAGE][INFO] - Finding web element from Test Object's properties

2021-11-16 09:35:36 - [MESSAGE][INFO] - Checking timeout

2021-11-16 09:35:36 - [MESSAGE][INFO] - Finding web element with id: 'Object Repository/Sayfalar/Giris_Sayfasi/Giris_Butonu' located by 'By.cssSelector: #btnLogin' in '30' second(s)

2021-11-16 09:35:36 - [MESSAGE][INFO] - Smart Wait Function is triggered

2021-11-16 09:35:37 - [MESSAGE][INFO] - Found 1 web elements with id: 'Object Repository/Sayfalar/Giris_Sayfasi/Giris_Butonu' located by 'By.cssSelector: #btnLogin' in '30' second(s)

2021-11-16 09:35:39 - [TEST_STEP][PASSED] - if (verifyElementPresent(findTestObject("Object Repository/Sayfalar/Giris_Sayfasi/RetveTamam_Butonu"), 5, OPTIONAL)): null

2021-11-16 09:35:39 - [MESSAGE][INFO] - Finding Test Object 'Object Repository/Sayfalar/Giris_Sayfasi/RetveTamam_Butonu'

2021-11-16 09:35:39 - [MESSAGE][INFO] - Checking object

2021-11-16 09:35:39 - [MESSAGE][INFO] - Finding web element from Test Object's properties

2021-11-16 09:35:39 - [MESSAGE][INFO] - Checking timeout

2021-11-16 09:35:39 - [MESSAGE][INFO] - Finding web element with id: 'Object Repository/Sayfalar/Giris_Sayfasi/RetveTamam_Butonu' located by 'By.xpath: //*[@class = 'btn btn-default']' in '5' second(s)

2021-11-16 09:35:39 - [MESSAGE][INFO] - Smart Wait Function is triggered

2021-11-16 09:35:40 - [MESSAGE][INFO] - Found 1 web elements with id: 'Object Repository/Sayfalar/Giris_Sayfasi/RetveTamam_Butonu' located by 'By.xpath: //*[@class = 'btn btn-default']' in '5' second(s)

2021-11-16 09:35:40 - [MESSAGE][PASSED] - Object 'Object Repository/Sayfalar/Giris_Sayfasi/RetveTamam_Butonu' is present

2021-11-16 09:35:40 - [TEST_STEP][PASSED] - click(findTestObject("Object Repository/Sayfalar/Giris_Sayfasi/RetveTamam_Butonu")): Object: 'Object Repository/Sayfalar/Giris_Sayfasi/RetveTamam_Butonu' is clicked on

2021-11-16 09:35:40 - [MESSAGE][INFO] - Finding Test Object 'Object Repository/Sayfalar/Giris_Sayfasi/RetveTamam_Butonu'

2021-11-16 09:35:40 - [MESSAGE][INFO] - Checking object

2021-11-16 09:35:40 - [MESSAGE][INFO] - Finding web element from Test Object's properties

2021-11-16 09:35:40 - [MESSAGE][INFO] - Checking timeout

2021-11-16 09:35:40 - [MESSAGE][INFO] - Finding web element with id: 'Object Repository/Sayfalar/Giris_Sayfasi/RetveTamam_Butonu' located by 'By.xpath: //*[@class = 'btn btn-default']' in '30' second(s)

2021-11-16 09:35:40 - [MESSAGE][INFO] - Smart Wait Function is triggered

2021-11-16 09:35:40 - [MESSAGE][INFO] - Found 1 web elements with id: 'Object Repository/Sayfalar/Giris_Sayfasi/RetveTamam_Butonu' located by 'By.xpath: //*[@class = 'btn btn-default']' in '30' second(s)

2021-11-16 09:35:40 - [MESSAGE][INFO] - Clicking on object: 'Object Repository/Sayfalar/Giris_Sayfasi/RetveTamam_Butonu'

2021-11-16 09:35:40 - [MESSAGE][PASSED] - Object: 'Object Repository/Sayfalar/Giris_Sayfasi/RetveTamam_Butonu' is clicked on

2021-11-16 09:35:40 - [TEST_STEP][PASSED] - click(findTestObject("Object Repository/Sayfalar/Giris_Sayfasi/RetveTamam_Butonu")): Object: 'Object Repository/Sayfalar/Giris_Sayfasi/RetveTamam_Butonu' is clicked on

2021-11-16 09:35:40 - [MESSAGE][INFO] - Finding Test Object 'Object Repository/Sayfalar/Giris_Sayfasi/RetveTamam_Butonu'

2021-11-16 09:35:40 - [MESSAGE][INFO] - Checking object

2021-11-16 09:35:40 - [MESSAGE][INFO] - Finding web element from Test Object's properties

2021-11-16 09:35:40 - [MESSAGE][INFO] - Checking timeout

2021-11-16 09:35:40 - [MESSAGE][INFO] - Finding web element with id: 'Object Repository/Sayfalar/Giris_Sayfasi/RetveTamam_Butonu' located by 'By.xpath: //*[@class = 'btn btn-default']' in '30' second(s)

2021-11-16 09:35:40 - [MESSAGE][INFO] - Smart Wait Function is triggered

2021-11-16 09:35:44 - [MESSAGE][INFO] - Found 1 web elements with id: 'Object Repository/Sayfalar/Giris_Sayfasi/RetveTamam_Butonu' located by 'By.xpath: //*[@class = 'btn btn-default']' in '30' second(s)

2021-11-16 09:35:44 - [MESSAGE][INFO] - Clicking on object: 'Object Repository/Sayfalar/Giris_Sayfasi/RetveTamam_Butonu'

2021-11-16 09:35:44 - [MESSAGE][PASSED] - Object: 'Object Repository/Sayfalar/Giris_Sayfasi/RetveTamam_Butonu' is clicked on

2021-11-16 09:35:44 - [TEST_STEP][PASSED] - if (verifyElementPresent(findTestObject("Sayfalar/Giris_Sayfasi/PopupOK"), 5, OPTIONAL)): null

2021-11-16 09:35:44 - [MESSAGE][INFO] - Finding Test Object 'Object Repository/Sayfalar/Giris_Sayfasi/PopupOK'

2021-11-16 09:35:44 - [MESSAGE][INFO] - Checking object

2021-11-16 09:35:44 - [MESSAGE][INFO] - Finding web element from Test Object's properties

2021-11-16 09:35:44 - [MESSAGE][INFO] - Checking timeout

2021-11-16 09:35:44 - [MESSAGE][INFO] - Finding web element with id: 'Object Repository/Sayfalar/Giris_Sayfasi/PopupOK' located by 'By.cssSelector: .btn.btn-success' in '5' second(s)

2021-11-16 09:35:44 - [MESSAGE][INFO] - Smart Wait Function is triggered

2021-11-16 09:35:45 - [MESSAGE][INFO] - Found 1 web elements with id: 'Object Repository/Sayfalar/Giris_Sayfasi/PopupOK' located by 'By.cssSelector: .btn.btn-success' in '5' second(s)

2021-11-16 09:35:45 - [MESSAGE][PASSED] - Object 'Object Repository/Sayfalar/Giris_Sayfasi/PopupOK' is present

2021-11-16 09:35:45 - [TEST_STEP][PASSED] - click(findTestObject("Object Repository/Sayfalar/Giris_Sayfasi/PopupCarpiGiris")): Object: 'Object Repository/Sayfalar/Giris_Sayfasi/PopupCarpiGiris' is clicked on

2021-11-16 09:35:45 - [MESSAGE][INFO] - Finding Test Object 'Object Repository/Sayfalar/Giris_Sayfasi/PopupCarpiGiris'

2021-11-16 09:35:45 - [MESSAGE][INFO] - Checking object

2021-11-16 09:35:45 - [MESSAGE][INFO] - Finding web element from Test Object's properties

2021-11-16 09:35:45 - [MESSAGE][INFO] - Checking timeout

2021-11-16 09:35:45 - [MESSAGE][INFO] - Finding web element with id: 'Object Repository/Sayfalar/Giris_Sayfasi/PopupCarpiGiris' located by 'By.cssSelector: .bootbox-close-button.close' in '30' second(s)

2021-11-16 09:35:45 - [MESSAGE][INFO] - Smart Wait Function is triggered

2021-11-16 09:35:45 - [MESSAGE][INFO] - Found 1 web elements with id: 'Object Repository/Sayfalar/Giris_Sayfasi/PopupCarpiGiris' located by 'By.cssSelector: .bootbox-close-button.close' in '30' second(s)

2021-11-16 09:35:45 - [MESSAGE][INFO] - Clicking on object: 'Object Repository/Sayfalar/Giris_Sayfasi/PopupCarpiGiris'

2021-11-16 09:35:45 - [MESSAGE][PASSED] - Object: 'Object Repository/Sayfalar/Giris_Sayfasi/PopupCarpiGiris' is clicked on

2021-11-16 09:35:45 - [TEST_STEP][PASSED] - verifyElementVisible(findTestObject("Object Repository/Kullanici_Islemleri/KullaniciIslemleri")): Object 'Object Repository/Kullanici_Islemleri/KullaniciIslemleri' is visible

2021-11-16 09:35:45 - [MESSAGE][INFO] - Finding Test Object 'Object Repository/Kullanici_Islemleri/KullaniciIslemleri'

2021-11-16 09:35:46 - [MESSAGE][INFO] - Checking object

2021-11-16 09:35:46 - [MESSAGE][INFO] - Finding web element from Test Object's properties

2021-11-16 09:35:46 - [MESSAGE][INFO] - Checking timeout

2021-11-16 09:35:46 - [MESSAGE][INFO] - Finding web element with id: 'Object Repository/Kullanici_Islemleri/KullaniciIslemleri' located by 'By.cssSelector: .dropdown>a>img' in '30' second(s)

2021-11-16 09:35:46 - [MESSAGE][INFO] - Smart Wait Function is triggered

2021-11-16 09:35:46 - [MESSAGE][INFO] - Found 1 web elements with id: 'Object Repository/Kullanici_Islemleri/KullaniciIslemleri' located by 'By.cssSelector: .dropdown>a>img' in '30' second(s)

2021-11-16 09:35:46 - [MESSAGE][PASSED] - Object 'Object Repository/Kullanici_Islemleri/KullaniciIslemleri' is visible

2021-11-16 09:35:46 - [MESSAGE][PASSED] - Call Test Case 'Test Cases/Sayfalar/Giris_Sayfasi/Login' successfully

2021-11-16 09:35:46 - [MESSAGE][INFO] - Checking called Test Case

2021-11-16 09:35:46 - [MESSAGE][INFO] - Starting to call Test Case 'Test Cases/Menu/AnaMenuSecimi'

2021-11-16 09:35:46 - [TEST_CASE][PASSED] - Test Cases/Menu/AnaMenuSecimi: Test Cases/Menu/AnaMenuSecimi

2021-11-16 09:35:46 - [TEST_STEP][PASSED] - Method.TextDegerineEsitElementeTikla(findTestObject("Menu/Ana_Menu"), Ana_Menu): Method.TextDegerineEsitElementeTikla is PASSED

2021-11-16 09:35:46 - [MESSAGE][INFO] - Finding Test Object 'Object Repository/Menu/Ana_Menu'

2021-11-16 09:35:46 - [MESSAGE][INFO] - Checking timeout

2021-11-16 09:35:46 - [MESSAGE][INFO] - Finding web element with id: 'Object Repository/Menu/Ana_Menu' located by 'By.xpath: //*[@class = 'dropdown-toggle']' in '10' second(s)

2021-11-16 09:35:46 - [MESSAGE][INFO] - Smart Wait Function is triggered

2021-11-16 09:35:47 - [MESSAGE][INFO] - Found 14 web elements with id: 'Object Repository/Menu/Ana_Menu' located by 'By.xpath: //*[@class = 'dropdown-toggle']' in '10' second(s)

2021-11-16 09:35:47 - [MESSAGE][PASSED] - Method.TextDegerineEsitElementeTikla is PASSED

2021-11-16 09:35:47 - [MESSAGE][PASSED] - Call Test Case 'Test Cases/Menu/AnaMenuSecimi' successfully

2021-11-16 09:35:47 - [MESSAGE][INFO] - Checking called Test Case

2021-11-16 09:35:47 - [MESSAGE][INFO] - Starting to call Test Case 'Test Cases/Menu/BasligaGoreAltMenuSecimi'

2021-11-16 09:35:47 - [TEST_CASE][PASSED] - Test Cases/Menu/BasligaGoreAltMenuSecimi: Test Cases/Menu/BasligaGoreAltMenuSecimi

2021-11-16 09:35:47 - [TEST_STEP][PASSED] - Method.TextDegerineEsitElementinAltindakiTextDegerineEsitOlanaTikla(findTestObject("Menu/Menu_Basligi"), findTestObject("Menu/Basliga_Gore_Alt_Menu"), Baslik, Alt_Menu): Method.TextDegerineEsitElementinAltindakiTextDegerineEsitOlanaTikla is PASSED

2021-11-16 09:35:47 - [MESSAGE][INFO] - Finding Test Object 'Object Repository/Menu/Menu_Basligi'

2021-11-16 09:35:47 - [MESSAGE][INFO] - Finding Test Object 'Object Repository/Menu/Basliga_Gore_Alt_Menu'

2021-11-16 09:35:47 - [MESSAGE][INFO] - Checking timeout

2021-11-16 09:35:47 - [MESSAGE][INFO] - Finding web element with id: 'Object Repository/Menu/Menu_Basligi' located by 'By.xpath: //li[@class='dropdown dropdown-large open']//li[@class='dropdown-header']' in '10' second(s)

2021-11-16 09:35:47 - [MESSAGE][INFO] - Smart Wait Function is triggered

2021-11-16 09:35:47 - [MESSAGE][INFO] - Found 2 web elements with id: 'Object Repository/Menu/Menu_Basligi' located by 'By.xpath: //li[@class='dropdown dropdown-large open']//li[@class='dropdown-header']' in '10' second(s)

2021-11-16 09:35:47 - [MESSAGE][INFO] - Smart Wait Function is triggered

2021-11-16 09:35:49 - [MESSAGE][PASSED] - Method.TextDegerineEsitElementinAltindakiTextDegerineEsitOlanaTikla is PASSED

2021-11-16 09:35:49 - [MESSAGE][PASSED] - Call Test Case 'Test Cases/Menu/BasligaGoreAltMenuSecimi' successfully

2021-11-16 09:35:49 - [MESSAGE][INFO] - Checking called Test Case

2021-11-16 09:35:49 - [MESSAGE][INFO] - Starting to call Test Case 'Test Cases/Filtreler/TexboxaYaz'

2021-11-16 09:35:49 - [TEST_CASE][PASSED] - Test Cases/Filtreler/TexboxaYaz: Test Cases/Filtreler/TexboxaYaz

2021-11-16 09:35:50 - [TEST_STEP][PASSED] - Method.TextDegerineEsitElementinAltindakiTextboxtaYaz(findTestObject("Filtreler/Basliklar"), findTestObject("Filtreler/Basliga_Gore_Textbox"), Filtre_Adi, Filtre_Degeri): Method.TextDegerineEsitElementinAltindakiTextboxtaYaz is PASSED

2021-11-16 09:35:50 - [MESSAGE][INFO] - Finding Test Object 'Object Repository/Filtreler/Basliklar'

2021-11-16 09:35:50 - [MESSAGE][INFO] - Finding Test Object 'Object Repository/Filtreler/Basliga_Gore_Textbox'

2021-11-16 09:35:50 - [MESSAGE][INFO] - Checking timeout

2021-11-16 09:35:50 - [MESSAGE][INFO] - Finding web element with id: 'Object Repository/Filtreler/Basliklar' located by 'By.cssSelector: .control-label.col-sm-4.paddingMarginRLC' in '10' second(s)

2021-11-16 09:35:50 - [MESSAGE][INFO] - Smart Wait Function is triggered

2021-11-16 09:35:50 - [MESSAGE][INFO] - Found 6 web elements with id: 'Object Repository/Filtreler/Basliklar' located by 'By.cssSelector: .control-label.col-sm-4.paddingMarginRLC' in '10' second(s)

2021-11-16 09:35:50 - [MESSAGE][INFO] - Smart Wait Function is triggered

2021-11-16 09:35:51 - [MESSAGE][PASSED] - Method.TextDegerineEsitElementinAltindakiTextboxtaYaz is PASSED

2021-11-16 09:35:51 - [MESSAGE][PASSED] - Call Test Case 'Test Cases/Filtreler/TexboxaYaz' successfully

2021-11-16 09:35:51 - [MESSAGE][INFO] - Checking called Test Case

2021-11-16 09:35:51 - [MESSAGE][INFO] - Starting to call Test Case 'Test Cases/Filtreler/ButonaTikla'

2021-11-16 09:35:51 - [TEST_CASE][PASSED] - Test Cases/Filtreler/ButonaTikla: Test Cases/Filtreler/ButonaTikla

2021-11-16 09:35:51 - [TEST_STEP][PASSED] - Method.TextDegerineEsitElementeTikla(findTestObject("Filtreler/Butonlar"), Filtre_Buton): Method.TextDegerineEsitElementeTikla is PASSED

2021-11-16 09:35:51 - [MESSAGE][INFO] - Finding Test Object 'Object Repository/Filtreler/Butonlar'

2021-11-16 09:35:51 - [MESSAGE][INFO] - Checking timeout

2021-11-16 09:35:51 - [MESSAGE][INFO] - Finding web element with id: 'Object Repository/Filtreler/Butonlar' located by 'By.cssSelector: .dxb>span' in '10' second(s)

2021-11-16 09:35:51 - [MESSAGE][INFO] - Smart Wait Function is triggered

2021-11-16 09:35:51 - [MESSAGE][INFO] - Found 2 web elements with id: 'Object Repository/Filtreler/Butonlar' located by 'By.cssSelector: .dxb>span' in '10' second(s)

2021-11-16 09:35:52 - [MESSAGE][PASSED] - Method.TextDegerineEsitElementeTikla is PASSED

2021-11-16 09:35:52 - [MESSAGE][PASSED] - Call Test Case 'Test Cases/Filtreler/ButonaTikla' successfully

2021-11-16 09:35:52 - [MESSAGE][INFO] - Checking called Test Case

2021-11-16 09:35:52 - [MESSAGE][INFO] - Starting to call Test Case 'Test Cases/Tablo/TablodanVeriSec'

2021-11-16 09:35:52 - [TEST_CASE][PASSED] - Test Cases/Tablo/TablodanVeriSec: Test Cases/Tablo/TablodanVeriSec

2021-11-16 09:35:52 - [TEST_STEP][PASSED] - Method.TextDegerineEsitElementinAltindakineTikla(findTestObject("Tablo/Veriler"), findTestObject("Tablo/VerininCheckBoxi"), Veri_Adi): Method.TextDegerineEsitElementinAltindakineTikla is PASSED

2021-11-16 09:35:52 - [MESSAGE][INFO] - Finding Test Object 'Object Repository/Tablo/Veriler'

2021-11-16 09:35:52 - [MESSAGE][INFO] - Finding Test Object 'Object Repository/Tablo/VerininCheckBoxi'

2021-11-16 09:35:52 - [MESSAGE][INFO] - Checking timeout

2021-11-16 09:35:52 - [MESSAGE][INFO] - Finding web element with id: 'Object Repository/Tablo/Veriler' located by 'By.cssSelector: td.dxgv b ,td.dxgv' in '10' second(s)

2021-11-16 09:35:52 - [MESSAGE][INFO] - Smart Wait Function is triggered

2021-11-16 09:35:53 - [MESSAGE][INFO] - Found 7 web elements with id: 'Object Repository/Tablo/Veriler' located by 'By.cssSelector: td.dxgv b ,td.dxgv' in '10' second(s)

2021-11-16 09:35:53 - [MESSAGE][INFO] - Smart Wait Function is triggered

2021-11-16 09:35:53 - [MESSAGE][PASSED] - Method.TextDegerineEsitElementinAltindakineTikla is PASSED

2021-11-16 09:35:53 - [MESSAGE][PASSED] - Call Test Case 'Test Cases/Tablo/TablodanVeriSec' successfully

2021-11-16 09:35:53 - [MESSAGE][INFO] - Checking called Test Case

2021-11-16 09:35:53 - [MESSAGE][INFO] - Starting to call Test Case 'Test Cases/Butonlar/ButonaTikla'

2021-11-16 09:35:53 - [TEST_CASE][PASSED] - Test Cases/Butonlar/ButonaTikla: Test Cases/Butonlar/ButonaTikla

2021-11-16 09:35:53 - [TEST_STEP][PASSED] - Method.TextDegerineEsitElementeTiklaEquals(findTestObject("Butonlar/Butonlar"), Buton_Adi): Method.TextDegerineEsitElementeTiklaEquals is PASSED

2021-11-16 09:35:53 - [MESSAGE][INFO] - Finding Test Object 'Object Repository/Butonlar/Butonlar'

2021-11-16 09:35:53 - [MESSAGE][INFO] - Checking timeout

2021-11-16 09:35:53 - [MESSAGE][INFO] - Finding web element with id: 'Object Repository/Butonlar/Butonlar' located by 'By.cssSelector: .panel.panel-default.text-center.footerPanel .btn,.btn.btn-primary.btnControls' in '10' second(s)

2021-11-16 09:35:53 - [MESSAGE][INFO] - Smart Wait Function is triggered

2021-11-16 09:35:53 - [MESSAGE][INFO] - Found 4 web elements with id: 'Object Repository/Butonlar/Butonlar' located by 'By.cssSelector: .panel.panel-default.text-center.footerPanel .btn,.btn.btn-primary.btnControls' in '10' second(s)

2021-11-16 09:35:54 - [MESSAGE][PASSED] - Method.TextDegerineEsitElementeTiklaEquals is PASSED

2021-11-16 09:35:54 - [MESSAGE][PASSED] - Call Test Case 'Test Cases/Butonlar/ButonaTikla' successfully

2021-11-16 09:35:54 - [MESSAGE][INFO] - Checking called Test Case

2021-11-16 09:35:54 - [MESSAGE][INFO] - Starting to call Test Case 'Test Cases/Sayfalar/Ayarlar/Adres_Defteri/AdresDegistirPopupGeldiMi'

2021-11-16 09:35:54 - [TEST_CASE][PASSED] - Test Cases/Sayfalar/Ayarlar/Adres_Defteri/AdresDegistirPopupGeldiMi: Test Cases/Sayfalar/Ayarlar/Adres_Defteri/AdresDegistirPopupGeldiMi

2021-11-16 09:35:54 - [TEST_STEP][PASSED] - a = switchToFrame(findTestObject("Object Repository/Sayfalar/Ayarlar/Adres_Defteri/DegistirFrame"), Waits): Switched to iframe: 'Object Repository/Sayfalar/Ayarlar/Adres_Defteri/DegistirFrame'

2021-11-16 09:35:54 - [MESSAGE][INFO] - Finding Test Object 'Object Repository/Sayfalar/Ayarlar/Adres_Defteri/DegistirFrame'

2021-11-16 09:35:54 - [MESSAGE][INFO] - Switching to iframe: 'Object Repository/Sayfalar/Ayarlar/Adres_Defteri/DegistirFrame'

2021-11-16 09:35:54 - [MESSAGE][INFO] - Finding web element from Test Object's properties

2021-11-16 09:35:54 - [MESSAGE][INFO] - Checking timeout

2021-11-16 09:35:54 - [MESSAGE][INFO] - Finding web element with id: 'Object Repository/Sayfalar/Ayarlar/Adres_Defteri/DegistirFrame' located by 'By.xpath: //*[@id = 'updateAddressBookFrame']' in '10' second(s)

2021-11-16 09:35:54 - [MESSAGE][INFO] - Smart Wait Function is triggered

2021-11-16 09:35:54 - [MESSAGE][INFO] - Found 1 web elements with id: 'Object Repository/Sayfalar/Ayarlar/Adres_Defteri/DegistirFrame' located by 'By.xpath: //*[@id = 'updateAddressBookFrame']' in '10' second(s)

2021-11-16 09:35:55 - [MESSAGE][INFO] - Switched to iframe: 'Object Repository/Sayfalar/Ayarlar/Adres_Defteri/DegistirFrame'

2021-11-16 09:35:55 - [TEST_STEP][PASSED] - assert a: null

2021-11-16 09:35:55 - [MESSAGE][PASSED] - Call Test Case 'Test Cases/Sayfalar/Ayarlar/Adres_Defteri/AdresDegistirPopupGeldiMi' successfully

2021-11-16 09:35:55 - [MESSAGE][INFO] - Checking called Test Case

2021-11-16 09:35:55 - [MESSAGE][INFO] - Starting to call Test Case 'Test Cases/Sayfalar/Ayarlar/Adres_Defteri/AdresDefteriTexboxaYaz'

2021-11-16 09:35:55 - [TEST_CASE][PASSED] - Test Cases/Sayfalar/Ayarlar/Adres_Defteri/AdresDefteriTexboxaYaz: Test Cases/Sayfalar/Ayarlar/Adres_Defteri/AdresDefteriTexboxaYaz

2021-11-16 09:35:55 - [TEST_STEP][PASSED] - Method.TextDegerineEsitElementinAltindakiTextboxtaYazgecici(findTestObject("Sayfalar/Ayarlar/Adres_Defteri/alanlar"), findTestObject("Sayfalar/Ayarlar/Adres_Defteri/textbox"), Alan, Deger): Method.TextDegerineEsitElementinAltindakiTextboxtaYazgecici is PASSED

2021-11-16 09:35:55 - [MESSAGE][INFO] - Finding Test Object 'Object Repository/Sayfalar/Ayarlar/Adres_Defteri/alanlar'

2021-11-16 09:35:55 - [MESSAGE][INFO] - Finding Test Object 'Object Repository/Sayfalar/Ayarlar/Adres_Defteri/textbox'

2021-11-16 09:35:55 - [MESSAGE][INFO] - Checking timeout

2021-11-16 09:35:55 - [MESSAGE][INFO] - Finding web element with id: 'Object Repository/Sayfalar/Ayarlar/Adres_Defteri/alanlar' located by 'By.cssSelector: .control-label.paddingMarginRLC' in '10' second(s)

2021-11-16 09:35:55 - [MESSAGE][INFO] - Smart Wait Function is triggered

2021-11-16 09:35:55 - [MESSAGE][INFO] - Found 16 web elements with id: 'Object Repository/Sayfalar/Ayarlar/Adres_Defteri/alanlar' located by 'By.cssSelector: .control-label.paddingMarginRLC' in '10' second(s)

2021-11-16 09:35:55 - [MESSAGE][INFO] - Smart Wait Function is triggered

2021-11-16 09:35:55 - [MESSAGE][INFO] - Delaying browser in 2 second(s)

2021-11-16 09:35:57 - [MESSAGE][PASSED] - Delayed 2 second(s)

2021-11-16 09:35:57 - [MESSAGE][INFO] - Delaying browser in 2 second(s)

2021-11-16 09:35:59 - [MESSAGE][PASSED] - Delayed 2 second(s)

2021-11-16 09:35:59 - [MESSAGE][PASSED] - Method.TextDegerineEsitElementinAltindakiTextboxtaYazgecici is PASSED

2021-11-16 09:35:59 - [MESSAGE][PASSED] - Call Test Case 'Test Cases/Sayfalar/Ayarlar/Adres_Defteri/AdresDefteriTexboxaYaz' successfully

2021-11-16 09:35:59 - [MESSAGE][INFO] - Checking called Test Case

2021-11-16 09:35:59 - [MESSAGE][INFO] - Starting to call Test Case 'Test Cases/Sayfalar/Ayarlar/Adres_Defteri/UnvanYaziliMi'

2021-11-16 09:35:59 - [TEST_CASE][PASSED] - Test Cases/Sayfalar/Ayarlar/Adres_Defteri/UnvanYaziliMi: Test Cases/Sayfalar/Ayarlar/Adres_Defteri/UnvanYaziliMi

2021-11-16 09:35:59 - [TEST_STEP][PASSED] - click(findTestObject("Sayfalar/Ayarlar/Adres_Defteri/alanlarTextbox"), STOP_ON_FAILURE): Object: 'Object Repository/Sayfalar/Ayarlar/Adres_Defteri/alanlarTextbox' is clicked on

2021-11-16 09:35:59 - [MESSAGE][INFO] - Finding Test Object 'Object Repository/Sayfalar/Ayarlar/Adres_Defteri/alanlarTextbox'

2021-11-16 09:36:00 - [MESSAGE][INFO] - Checking object

2021-11-16 09:36:00 - [MESSAGE][INFO] - Finding web element from Test Object's properties

2021-11-16 09:36:00 - [MESSAGE][INFO] - Checking timeout

2021-11-16 09:36:00 - [MESSAGE][INFO] - Finding web element with id: 'Object Repository/Sayfalar/Ayarlar/Adres_Defteri/alanlarTextbox' located by 'By.cssSelector: .col-sm-10.paddingMarginRLC #PartyName' in '30' second(s)

2021-11-16 09:36:00 - [MESSAGE][INFO] - Smart Wait Function is triggered

2021-11-16 09:36:00 - [MESSAGE][INFO] - Found 1 web elements with id: 'Object Repository/Sayfalar/Ayarlar/Adres_Defteri/alanlarTextbox' located by 'By.cssSelector: .col-sm-10.paddingMarginRLC #PartyName' in '30' second(s)

2021-11-16 09:36:00 - [MESSAGE][INFO] - Clicking on object: 'Object Repository/Sayfalar/Ayarlar/Adres_Defteri/alanlarTextbox'

2021-11-16 09:36:00 - [MESSAGE][PASSED] - Object: 'Object Repository/Sayfalar/Ayarlar/Adres_Defteri/alanlarTextbox' is clicked on

2021-11-16 09:36:00 - [TEST_STEP][PASSED] - variableHoldingValue = getAttribute(findTestObject("Sayfalar/Ayarlar/Adres_Defteri/alanlarTextbox"), "value"): Attribute 'value' of object 'Object Repository/Sayfalar/Ayarlar/Adres_Defteri/alanlarTextbox' is: 'VirgosolOtomasyon402115'

2021-11-16 09:36:00 - [MESSAGE][INFO] - Finding Test Object 'Object Repository/Sayfalar/Ayarlar/Adres_Defteri/alanlarTextbox'

2021-11-16 09:36:00 - [MESSAGE][INFO] - Checking object

2021-11-16 09:36:00 - [MESSAGE][INFO] - Checking attribute

2021-11-16 09:36:00 - [MESSAGE][INFO] - Finding web element from Test Object's properties

2021-11-16 09:36:00 - [MESSAGE][INFO] - Checking timeout

2021-11-16 09:36:00 - [MESSAGE][INFO] - Finding web element with id: 'Object Repository/Sayfalar/Ayarlar/Adres_Defteri/alanlarTextbox' located by 'By.cssSelector: .col-sm-10.paddingMarginRLC #PartyName' in '30' second(s)

2021-11-16 09:36:00 - [MESSAGE][INFO] - Smart Wait Function is triggered

2021-11-16 09:36:00 - [MESSAGE][INFO] - Found 1 web elements with id: 'Object Repository/Sayfalar/Ayarlar/Adres_Defteri/alanlarTextbox' located by 'By.cssSelector: .col-sm-10.paddingMarginRLC #PartyName' in '30' second(s)

2021-11-16 09:36:00 - [MESSAGE][INFO] - Getting attribute 'value' of object 'Object Repository/Sayfalar/Ayarlar/Adres_Defteri/alanlarTextbox'

2021-11-16 09:36:00 - [MESSAGE][PASSED] - Attribute 'value' of object 'Object Repository/Sayfalar/Ayarlar/Adres_Defteri/alanlarTextbox' is: 'VirgosolOtomasyon402115'

2021-11-16 09:36:00 - [TEST_STEP][PASSED] - Console.println(variableHoldingValue): null

2021-11-16 09:36:00 - [TEST_STEP][PASSED] - verifyEqual(variableHoldingValue, Degeri): Actual object 'VirgosolOtomasyon402115' and expected object 'VirgosolOtomasyon402115' are equal

2021-11-16 09:36:00 - [MESSAGE][INFO] - Comparing actual object 'VirgosolOtomasyon402115' with expected object 'VirgosolOtomasyon402115'

2021-11-16 09:36:00 - [MESSAGE][PASSED] - Actual object 'VirgosolOtomasyon402115' and expected object 'VirgosolOtomasyon402115' are equal

2021-11-16 09:36:00 - [MESSAGE][PASSED] - Call Test Case 'Test Cases/Sayfalar/Ayarlar/Adres_Defteri/UnvanYaziliMi' successfully

2021-11-16 09:36:00 - [MESSAGE][INFO] - Checking called Test Case

2021-11-16 09:36:00 - [MESSAGE][INFO] - Starting to call Test Case 'Test Cases/Sayfalar/Ayarlar/Adres_Defteri/AdresDefteriTexboxaYaz'

2021-11-16 09:36:00 - [TEST_CASE][PASSED] - Test Cases/Sayfalar/Ayarlar/Adres_Defteri/AdresDefteriTexboxaYaz: Test Cases/Sayfalar/Ayarlar/Adres_Defteri/AdresDefteriTexboxaYaz

2021-11-16 09:36:00 - [TEST_STEP][PASSED] - Method.TextDegerineEsitElementinAltindakiTextboxtaYazgecici(findTestObject("Sayfalar/Ayarlar/Adres_Defteri/alanlar"), findTestObject("Sayfalar/Ayarlar/Adres_Defteri/textbox"), Alan, Deger): Method.TextDegerineEsitElementinAltindakiTextboxtaYazgecici is PASSED

2021-11-16 09:36:00 - [MESSAGE][INFO] - Finding Test Object 'Object Repository/Sayfalar/Ayarlar/Adres_Defteri/alanlar'

2021-11-16 09:36:00 - [MESSAGE][INFO] - Finding Test Object 'Object Repository/Sayfalar/Ayarlar/Adres_Defteri/textbox'

2021-11-16 09:36:00 - [MESSAGE][INFO] - Checking timeout

2021-11-16 09:36:00 - [MESSAGE][INFO] - Finding web element with id: 'Object Repository/Sayfalar/Ayarlar/Adres_Defteri/alanlar' located by 'By.cssSelector: .control-label.paddingMarginRLC' in '10' second(s)

2021-11-16 09:36:00 - [MESSAGE][INFO] - Smart Wait Function is triggered

2021-11-16 09:36:00 - [MESSAGE][INFO] - Found 16 web elements with id: 'Object Repository/Sayfalar/Ayarlar/Adres_Defteri/alanlar' located by 'By.cssSelector: .control-label.paddingMarginRLC' in '10' second(s)

2021-11-16 09:36:00 - [MESSAGE][INFO] - Smart Wait Function is triggered

2021-11-16 09:36:00 - [MESSAGE][INFO] - Delaying browser in 2 second(s)

2021-11-16 09:36:02 - [MESSAGE][PASSED] - Delayed 2 second(s)

2021-11-16 09:36:03 - [MESSAGE][INFO] - Delaying browser in 2 second(s)

2021-11-16 09:36:05 - [MESSAGE][PASSED] - Delayed 2 second(s)

2021-11-16 09:36:05 - [MESSAGE][PASSED] - Method.TextDegerineEsitElementinAltindakiTextboxtaYazgecici is PASSED

2021-11-16 09:36:05 - [MESSAGE][PASSED] - Call Test Case 'Test Cases/Sayfalar/Ayarlar/Adres_Defteri/AdresDefteriTexboxaYaz' successfully

2021-11-16 09:36:05 - [MESSAGE][INFO] - Checking called Test Case

2021-11-16 09:36:05 - [MESSAGE][INFO] - Starting to call Test Case 'Test Cases/Sayfalar/Ayarlar/Adres_Defteri/AdresDefteriTexboxaYaz'

2021-11-16 09:36:05 - [TEST_CASE][PASSED] - Test Cases/Sayfalar/Ayarlar/Adres_Defteri/AdresDefteriTexboxaYaz: Test Cases/Sayfalar/Ayarlar/Adres_Defteri/AdresDefteriTexboxaYaz

2021-11-16 09:36:05 - [TEST_STEP][PASSED] - Method.TextDegerineEsitElementinAltindakiTextboxtaYazgecici(findTestObject("Sayfalar/Ayarlar/Adres_Defteri/alanlar"), findTestObject("Sayfalar/Ayarlar/Adres_Defteri/textbox"), Alan, Deger): Method.TextDegerineEsitElementinAltindakiTextboxtaYazgecici is PASSED

2021-11-16 09:36:05 - [MESSAGE][INFO] - Finding Test Object 'Object Repository/Sayfalar/Ayarlar/Adres_Defteri/alanlar'

2021-11-16 09:36:05 - [MESSAGE][INFO] - Finding Test Object 'Object Repository/Sayfalar/Ayarlar/Adres_Defteri/textbox'

2021-11-16 09:36:05 - [MESSAGE][INFO] - Checking timeout

2021-11-16 09:36:05 - [MESSAGE][INFO] - Finding web element with id: 'Object Repository/Sayfalar/Ayarlar/Adres_Defteri/alanlar' located by 'By.cssSelector: .control-label.paddingMarginRLC' in '10' second(s)

2021-11-16 09:36:05 - [MESSAGE][INFO] - Smart Wait Function is triggered

2021-11-16 09:36:05 - [MESSAGE][INFO] - Found 16 web elements with id: 'Object Repository/Sayfalar/Ayarlar/Adres_Defteri/alanlar' located by 'By.cssSelector: .control-label.paddingMarginRLC' in '10' second(s)

2021-11-16 09:36:05 - [MESSAGE][INFO] - Smart Wait Function is triggered

2021-11-16 09:36:05 - [MESSAGE][INFO] - Delaying browser in 2 second(s)

2021-11-16 09:36:07 - [MESSAGE][PASSED] - Delayed 2 second(s)

2021-11-16 09:36:08 - [MESSAGE][INFO] - Delaying browser in 2 second(s)

2021-11-16 09:36:10 - [MESSAGE][PASSED] - Delayed 2 second(s)

2021-11-16 09:36:10 - [MESSAGE][PASSED] - Method.TextDegerineEsitElementinAltindakiTextboxtaYazgecici is PASSED

2021-11-16 09:36:10 - [MESSAGE][PASSED] - Call Test Case 'Test Cases/Sayfalar/Ayarlar/Adres_Defteri/AdresDefteriTexboxaYaz' successfully

2021-11-16 09:36:10 - [MESSAGE][INFO] - Checking called Test Case

2021-11-16 09:36:10 - [MESSAGE][INFO] - Starting to call Test Case 'Test Cases/Sayfalar/Ayarlar/Adres_Defteri/AdresDefteriTexboxaYaz'

2021-11-16 09:36:10 - [TEST_CASE][PASSED] - Test Cases/Sayfalar/Ayarlar/Adres_Defteri/AdresDefteriTexboxaYaz: Test Cases/Sayfalar/Ayarlar/Adres_Defteri/AdresDefteriTexboxaYaz

2021-11-16 09:36:10 - [TEST_STEP][PASSED] - Method.TextDegerineEsitElementinAltindakiTextboxtaYazgecici(findTestObject("Sayfalar/Ayarlar/Adres_Defteri/alanlar"), findTestObject("Sayfalar/Ayarlar/Adres_Defteri/textbox"), Alan, Deger): Method.TextDegerineEsitElementinAltindakiTextboxtaYazgecici is PASSED

2021-11-16 09:36:10 - [MESSAGE][INFO] - Finding Test Object 'Object Repository/Sayfalar/Ayarlar/Adres_Defteri/alanlar'

2021-11-16 09:36:10 - [MESSAGE][INFO] - Finding Test Object 'Object Repository/Sayfalar/Ayarlar/Adres_Defteri/textbox'

2021-11-16 09:36:10 - [MESSAGE][INFO] - Checking timeout

2021-11-16 09:36:10 - [MESSAGE][INFO] - Finding web element with id: 'Object Repository/Sayfalar/Ayarlar/Adres_Defteri/alanlar' located by 'By.cssSelector: .control-label.paddingMarginRLC' in '10' second(s)

2021-11-16 09:36:10 - [MESSAGE][INFO] - Smart Wait Function is triggered

2021-11-16 09:36:10 - [MESSAGE][INFO] - Found 16 web elements with id: 'Object Repository/Sayfalar/Ayarlar/Adres_Defteri/alanlar' located by 'By.cssSelector: .control-label.paddingMarginRLC' in '10' second(s)

2021-11-16 09:36:10 - [MESSAGE][INFO] - Smart Wait Function is triggered

2021-11-16 09:36:10 - [MESSAGE][INFO] - Delaying browser in 2 second(s)

2021-11-16 09:36:12 - [MESSAGE][PASSED] - Delayed 2 second(s)

2021-11-16 09:36:12 - [MESSAGE][INFO] - Delaying browser in 2 second(s)

2021-11-16 09:36:14 - [MESSAGE][PASSED] - Delayed 2 second(s)

2021-11-16 09:36:14 - [MESSAGE][PASSED] - Method.TextDegerineEsitElementinAltindakiTextboxtaYazgecici is PASSED

2021-11-16 09:36:14 - [MESSAGE][PASSED] - Call Test Case 'Test Cases/Sayfalar/Ayarlar/Adres_Defteri/AdresDefteriTexboxaYaz' successfully

2021-11-16 09:36:14 - [MESSAGE][INFO] - Checking called Test Case

2021-11-16 09:36:14 - [MESSAGE][INFO] - Starting to call Test Case 'Test Cases/Sayfalar/Ayarlar/Adres_Defteri/UnvanYaziliMi'

2021-11-16 09:36:15 - [TEST_CASE][PASSED] - Test Cases/Sayfalar/Ayarlar/Adres_Defteri/UnvanYaziliMi: Test Cases/Sayfalar/Ayarlar/Adres_Defteri/UnvanYaziliMi

2021-11-16 09:36:15 - [TEST_STEP][PASSED] - click(findTestObject("Sayfalar/Ayarlar/Adres_Defteri/alanlarTextbox"), STOP_ON_FAILURE): Object: 'Object Repository/Sayfalar/Ayarlar/Adres_Defteri/alanlarTextbox' is clicked on

2021-11-16 09:36:15 - [MESSAGE][INFO] - Finding Test Object 'Object Repository/Sayfalar/Ayarlar/Adres_Defteri/alanlarTextbox'

2021-11-16 09:36:15 - [MESSAGE][INFO] - Checking object

2021-11-16 09:36:15 - [MESSAGE][INFO] - Finding web element from Test Object's properties

2021-11-16 09:36:15 - [MESSAGE][INFO] - Checking timeout

2021-11-16 09:36:15 - [MESSAGE][INFO] - Finding web element with id: 'Object Repository/Sayfalar/Ayarlar/Adres_Defteri/alanlarTextbox' located by 'By.cssSelector: .col-sm-10.paddingMarginRLC #PartyName' in '30' second(s)

2021-11-16 09:36:15 - [MESSAGE][INFO] - Smart Wait Function is triggered

2021-11-16 09:36:15 - [MESSAGE][INFO] - Found 1 web elements with id: 'Object Repository/Sayfalar/Ayarlar/Adres_Defteri/alanlarTextbox' located by 'By.cssSelector: .col-sm-10.paddingMarginRLC #PartyName' in '30' second(s)

2021-11-16 09:36:15 - [MESSAGE][INFO] - Clicking on object: 'Object Repository/Sayfalar/Ayarlar/Adres_Defteri/alanlarTextbox'

2021-11-16 09:36:15 - [MESSAGE][PASSED] - Object: 'Object Repository/Sayfalar/Ayarlar/Adres_Defteri/alanlarTextbox' is clicked on

2021-11-16 09:36:15 - [TEST_STEP][PASSED] - variableHoldingValue = getAttribute(findTestObject("Sayfalar/Ayarlar/Adres_Defteri/alanlarTextbox"), "value"): Attribute 'value' of object 'Object Repository/Sayfalar/Ayarlar/Adres_Defteri/alanlarTextbox' is: ''

2021-11-16 09:36:15 - [MESSAGE][INFO] - Finding Test Object 'Object Repository/Sayfalar/Ayarlar/Adres_Defteri/alanlarTextbox'

2021-11-16 09:36:15 - [MESSAGE][INFO] - Checking object

2021-11-16 09:36:15 - [MESSAGE][INFO] - Checking attribute

2021-11-16 09:36:15 - [MESSAGE][INFO] - Finding web element from Test Object's properties

2021-11-16 09:36:15 - [MESSAGE][INFO] - Checking timeout

2021-11-16 09:36:15 - [MESSAGE][INFO] - Finding web element with id: 'Object Repository/Sayfalar/Ayarlar/Adres_Defteri/alanlarTextbox' located by 'By.cssSelector: .col-sm-10.paddingMarginRLC #PartyName' in '30' second(s)

2021-11-16 09:36:15 - [MESSAGE][INFO] - Smart Wait Function is triggered

2021-11-16 09:36:15 - [MESSAGE][INFO] - Found 1 web elements with id: 'Object Repository/Sayfalar/Ayarlar/Adres_Defteri/alanlarTextbox' located by 'By.cssSelector: .col-sm-10.paddingMarginRLC #PartyName' in '30' second(s)

2021-11-16 09:36:15 - [MESSAGE][INFO] - Getting attribute 'value' of object 'Object Repository/Sayfalar/Ayarlar/Adres_Defteri/alanlarTextbox'

2021-11-16 09:36:15 - [MESSAGE][PASSED] - Attribute 'value' of object 'Object Repository/Sayfalar/Ayarlar/Adres_Defteri/alanlarTextbox' is: ''

2021-11-16 09:36:15 - [TEST_STEP][PASSED] - Console.println(variableHoldingValue): null

2021-11-16 09:36:15 - [TEST_STEP][PASSED] - verifyEqual(variableHoldingValue, Degeri): Actual object '' and expected object '' are equal

2021-11-16 09:36:15 - [MESSAGE][INFO] - Comparing actual object '' with expected object ''

2021-11-16 09:36:15 - [MESSAGE][PASSED] - Actual object '' and expected object '' are equal

2021-11-16 09:36:15 - [MESSAGE][PASSED] - Call Test Case 'Test Cases/Sayfalar/Ayarlar/Adres_Defteri/UnvanYaziliMi' successfully

2021-11-16 09:36:15 - [MESSAGE][INFO] - Checking called Test Case

2021-11-16 09:36:15 - [MESSAGE][INFO] - Starting to call Test Case 'Test Cases/Sayfalar/Ayarlar/Adres_Defteri/AdresDefteriTexboxaYaz'

2021-11-16 09:36:15 - [TEST_CASE][PASSED] - Test Cases/Sayfalar/Ayarlar/Adres_Defteri/AdresDefteriTexboxaYaz: Test Cases/Sayfalar/Ayarlar/Adres_Defteri/AdresDefteriTexboxaYaz

2021-11-16 09:36:15 - [TEST_STEP][PASSED] - Method.TextDegerineEsitElementinAltindakiTextboxtaYazgecici(findTestObject("Sayfalar/Ayarlar/Adres_Defteri/alanlar"), findTestObject("Sayfalar/Ayarlar/Adres_Defteri/textbox"), Alan, Deger): Method.TextDegerineEsitElementinAltindakiTextboxtaYazgecici is PASSED

2021-11-16 09:36:15 - [MESSAGE][INFO] - Finding Test Object 'Object Repository/Sayfalar/Ayarlar/Adres_Defteri/alanlar'

2021-11-16 09:36:15 - [MESSAGE][INFO] - Finding Test Object 'Object Repository/Sayfalar/Ayarlar/Adres_Defteri/textbox'

2021-11-16 09:36:15 - [MESSAGE][INFO] - Checking timeout

2021-11-16 09:36:15 - [MESSAGE][INFO] - Finding web element with id: 'Object Repository/Sayfalar/Ayarlar/Adres_Defteri/alanlar' located by 'By.cssSelector: .control-label.paddingMarginRLC' in '10' second(s)

2021-11-16 09:36:15 - [MESSAGE][INFO] - Smart Wait Function is triggered

2021-11-16 09:36:15 - [MESSAGE][INFO] - Found 16 web elements with id: 'Object Repository/Sayfalar/Ayarlar/Adres_Defteri/alanlar' located by 'By.cssSelector: .control-label.paddingMarginRLC' in '10' second(s)

2021-11-16 09:36:15 - [MESSAGE][INFO] - Smart Wait Function is triggered

2021-11-16 09:36:15 - [MESSAGE][INFO] - Delaying browser in 2 second(s)

2021-11-16 09:36:17 - [MESSAGE][PASSED] - Delayed 2 second(s)

2021-11-16 09:36:18 - [MESSAGE][INFO] - Delaying browser in 2 second(s)

2021-11-16 09:36:20 - [MESSAGE][PASSED] - Delayed 2 second(s)

2021-11-16 09:36:20 - [MESSAGE][PASSED] - Method.TextDegerineEsitElementinAltindakiTextboxtaYazgecici is PASSED

2021-11-16 09:36:20 - [MESSAGE][PASSED] - Call Test Case 'Test Cases/Sayfalar/Ayarlar/Adres_Defteri/AdresDefteriTexboxaYaz' successfully

2021-11-16 09:36:20 - [MESSAGE][INFO] - Checking called Test Case

2021-11-16 09:36:20 - [MESSAGE][INFO] - Starting to call Test Case 'Test Cases/Sayfalar/Ayarlar/Adres_Defteri/AdresDefteriTexboxaYaz'

2021-11-16 09:36:20 - [TEST_CASE][PASSED] - Test Cases/Sayfalar/Ayarlar/Adres_Defteri/AdresDefteriTexboxaYaz: Test Cases/Sayfalar/Ayarlar/Adres_Defteri/AdresDefteriTexboxaYaz

2021-11-16 09:36:20 - [TEST_STEP][PASSED] - Method.TextDegerineEsitElementinAltindakiTextboxtaYazgecici(findTestObject("Sayfalar/Ayarlar/Adres_Defteri/alanlar"), findTestObject("Sayfalar/Ayarlar/Adres_Defteri/textbox"), Alan, Deger): Method.TextDegerineEsitElementinAltindakiTextboxtaYazgecici is PASSED

2021-11-16 09:36:20 - [MESSAGE][INFO] - Finding Test Object 'Object Repository/Sayfalar/Ayarlar/Adres_Defteri/alanlar'

2021-11-16 09:36:20 - [MESSAGE][INFO] - Finding Test Object 'Object Repository/Sayfalar/Ayarlar/Adres_Defteri/textbox'

2021-11-16 09:36:20 - [MESSAGE][INFO] - Checking timeout

2021-11-16 09:36:20 - [MESSAGE][INFO] - Finding web element with id: 'Object Repository/Sayfalar/Ayarlar/Adres_Defteri/alanlar' located by 'By.cssSelector: .control-label.paddingMarginRLC' in '10' second(s)

2021-11-16 09:36:20 - [MESSAGE][INFO] - Smart Wait Function is triggered

2021-11-16 09:36:20 - [MESSAGE][INFO] - Found 16 web elements with id: 'Object Repository/Sayfalar/Ayarlar/Adres_Defteri/alanlar' located by 'By.cssSelector: .control-label.paddingMarginRLC' in '10' second(s)

2021-11-16 09:36:20 - [MESSAGE][INFO] - Smart Wait Function is triggered

2021-11-16 09:36:20 - [MESSAGE][INFO] - Delaying browser in 2 second(s)

2021-11-16 09:36:22 - [MESSAGE][PASSED] - Delayed 2 second(s)

2021-11-16 09:36:23 - [MESSAGE][INFO] - Delaying browser in 2 second(s)

2021-11-16 09:36:25 - [MESSAGE][PASSED] - Delayed 2 second(s)

2021-11-16 09:36:25 - [MESSAGE][PASSED] - Method.TextDegerineEsitElementinAltindakiTextboxtaYazgecici is PASSED

2021-11-16 09:36:25 - [MESSAGE][PASSED] - Call Test Case 'Test Cases/Sayfalar/Ayarlar/Adres_Defteri/AdresDefteriTexboxaYaz' successfully

2021-11-16 09:36:25 - [MESSAGE][INFO] - Checking called Test Case

2021-11-16 09:36:25 - [MESSAGE][INFO] - Starting to call Test Case 'Test Cases/Sayfalar/Ayarlar/Adres_Defteri/AdresDefteriButonlarinaTikla'

2021-11-16 09:36:25 - [TEST_CASE][PASSED] - Test Cases/Sayfalar/Ayarlar/Adres_Defteri/AdresDefteriButonlarinaTikla: Test Cases/Sayfalar/Ayarlar/Adres_Defteri/AdresDefteriButonlarinaTikla

2021-11-16 09:36:25 - [TEST_STEP][PASSED] - Method.ElementlerdenAttributesiDegerineEsitOlanaTikla(findTestObject("Sayfalar/Ayarlar/Adres_Defteri/butonlar"), Buton, "value"): Method.ElementlerdenAttributesiDegerineEsitOlanaTikla is PASSED

2021-11-16 09:36:25 - [MESSAGE][INFO] - Finding Test Object 'Object Repository/Sayfalar/Ayarlar/Adres_Defteri/butonlar'

2021-11-16 09:36:25 - [MESSAGE][INFO] - Checking timeout

2021-11-16 09:36:25 - [MESSAGE][INFO] - Finding web element with id: 'Object Repository/Sayfalar/Ayarlar/Adres_Defteri/butonlar' located by 'By.cssSelector: .col-sm-7.paddingMarginRLC.text-right>input' in '10' second(s)

2021-11-16 09:36:25 - [MESSAGE][INFO] - Smart Wait Function is triggered

2021-11-16 09:36:25 - [MESSAGE][INFO] - Found 2 web elements with id: 'Object Repository/Sayfalar/Ayarlar/Adres_Defteri/butonlar' located by 'By.cssSelector: .col-sm-7.paddingMarginRLC.text-right>input' in '10' second(s)

2021-11-16 09:36:25 - [MESSAGE][PASSED] - Method.ElementlerdenAttributesiDegerineEsitOlanaTikla is PASSED

2021-11-16 09:36:25 - [TEST_STEP][PASSED] - switchToDefaultContent(): Switching to default content

2021-11-16 09:36:25 - [MESSAGE][INFO] - Switching to default content

2021-11-16 09:36:25 - [MESSAGE][PASSED] - Call Test Case 'Test Cases/Sayfalar/Ayarlar/Adres_Defteri/AdresDefteriButonlarinaTikla' successfully

2021-11-16 09:36:25 - [MESSAGE][INFO] - Checking called Test Case

2021-11-16 09:36:25 - [MESSAGE][INFO] - Starting to call Test Case 'Test Cases/Kullanici_Islemleri/KullaniciIslemlerindenSecimYapilir'

2021-11-16 09:36:25 - [TEST_CASE][PASSED] - Test Cases/Kullanici_Islemleri/KullaniciIslemlerindenSecimYapilir: Test Cases/Kullanici_Islemleri/KullaniciIslemlerindenSecimYapilir

2021-11-16 09:36:25 - [TEST_STEP][PASSED] - waitForElementClickable(findTestObject("Object Repository/Kullanici_Islemleri/KullaniciIslemleri"), 10): Object 'Object Repository/Kullanici_Islemleri/KullaniciIslemleri' is clickable

2021-11-16 09:36:25 - [MESSAGE][INFO] - Finding Test Object 'Object Repository/Kullanici_Islemleri/KullaniciIslemleri'

2021-11-16 09:36:25 - [MESSAGE][INFO] - Checking object

2021-11-16 09:36:25 - [MESSAGE][INFO] - Checking timeout

2021-11-16 09:36:25 - [MESSAGE][INFO] - Finding web element from Test Object's properties

2021-11-16 09:36:25 - [MESSAGE][INFO] - Checking timeout

2021-11-16 09:36:25 - [MESSAGE][INFO] - Finding web element with id: 'Object Repository/Kullanici_Islemleri/KullaniciIslemleri' located by 'By.cssSelector: .dropdown>a>img' in '10' second(s)

2021-11-16 09:36:25 - [MESSAGE][INFO] - Smart Wait Function is triggered

2021-11-16 09:36:26 - [MESSAGE][INFO] - Found 1 web elements with id: 'Object Repository/Kullanici_Islemleri/KullaniciIslemleri' located by 'By.cssSelector: .dropdown>a>img' in '10' second(s)

2021-11-16 09:36:26 - [MESSAGE][PASSED] - Object 'Object Repository/Kullanici_Islemleri/KullaniciIslemleri' is clickable

2021-11-16 09:36:26 - [TEST_STEP][PASSED] - click(findTestObject("Object Repository/Kullanici_Islemleri/KullaniciIslemleri")): Object: 'Object Repository/Kullanici_Islemleri/KullaniciIslemleri' is clicked on

2021-11-16 09:36:26 - [MESSAGE][INFO] - Finding Test Object 'Object Repository/Kullanici_Islemleri/KullaniciIslemleri'

2021-11-16 09:36:26 - [MESSAGE][INFO] - Checking object

2021-11-16 09:36:26 - [MESSAGE][INFO] - Finding web element from Test Object's properties

2021-11-16 09:36:26 - [MESSAGE][INFO] - Checking timeout

2021-11-16 09:36:26 - [MESSAGE][INFO] - Finding web element with id: 'Object Repository/Kullanici_Islemleri/KullaniciIslemleri' located by 'By.cssSelector: .dropdown>a>img' in '30' second(s)

2021-11-16 09:36:26 - [MESSAGE][INFO] - Smart Wait Function is triggered

2021-11-16 09:36:26 - [MESSAGE][INFO] - Found 1 web elements with id: 'Object Repository/Kullanici_Islemleri/KullaniciIslemleri' located by 'By.cssSelector: .dropdown>a>img' in '30' second(s)

2021-11-16 09:36:26 - [MESSAGE][INFO] - Clicking on object: 'Object Repository/Kullanici_Islemleri/KullaniciIslemleri'

2021-11-16 09:36:26 - [MESSAGE][PASSED] - Object: 'Object Repository/Kullanici_Islemleri/KullaniciIslemleri' is clicked on

2021-11-16 09:36:26 - [TEST_STEP][PASSED] - Method.TextDegerineEsitElementeTikla(findTestObject("Object Repository/Kullanici_Islemleri/Secenekler"), Islem): Method.TextDegerineEsitElementeTikla is PASSED

2021-11-16 09:36:26 - [MESSAGE][INFO] - Finding Test Object 'Object Repository/Kullanici_Islemleri/Secenekler'

2021-11-16 09:36:26 - [MESSAGE][INFO] - Checking timeout

2021-11-16 09:36:26 - [MESSAGE][INFO] - Finding web element with id: 'Object Repository/Kullanici_Islemleri/Secenekler' located by 'By.cssSelector: .nav.navbar-nav.navbar-right li a' in '10' second(s)

2021-11-16 09:36:26 - [MESSAGE][INFO] - Smart Wait Function is triggered

2021-11-16 09:36:26 - [MESSAGE][INFO] - Found 22 web elements with id: 'Object Repository/Kullanici_Islemleri/Secenekler' located by 'By.cssSelector: .nav.navbar-nav.navbar-right li a' in '10' second(s)

2021-11-16 09:36:28 - [MESSAGE][PASSED] - Method.TextDegerineEsitElementeTikla is PASSED

2021-11-16 09:36:28 - [TEST_STEP][PASSED] - verifyElementNotPresent(findTestObject("Object Repository/Kullanici_Islemleri/Secenekler"), 10): Web element with id: 'Object Repository/Kullanici_Islemleri/Secenekler' located by 'By.cssSelector: .nav.navbar-nav.navbar-right li a' is not present after '10' second(s)

2021-11-16 09:36:28 - [MESSAGE][INFO] - Finding Test Object 'Object Repository/Kullanici_Islemleri/Secenekler'

2021-11-16 09:36:28 - [MESSAGE][INFO] - Checking object

2021-11-16 09:36:28 - [MESSAGE][INFO] - Checking timeout

2021-11-16 09:36:28 - [MESSAGE][INFO] - Finding web element with id: 'Object Repository/Kullanici_Islemleri/Secenekler' located by 'By.cssSelector: .nav.navbar-nav.navbar-right li a' in '10' second(s)

2021-11-16 09:36:28 - [MESSAGE][INFO] - Smart Wait Function is triggered

2021-11-16 09:36:28 - [MESSAGE][PASSED] - Web element with id: 'Object Repository/Kullanici_Islemleri/Secenekler' located by 'By.cssSelector: .nav.navbar-nav.navbar-right li a' is not present after '10' second(s)

2021-11-16 09:36:28 - [MESSAGE][PASSED] - Call Test Case 'Test Cases/Kullanici_Islemleri/KullaniciIslemlerindenSecimYapilir' successfully

2021-11-16 09:36:28 - [TEST_CASE][PASSED] - Start Test Case : SCENARIO Adres Defteri Degistir Butonu Kontrolu: SCENARIO Adres Defteri Degistir Butonu Kontrolu

2021-11-16 09:36:28 - [TEST_STEP][PASSED] - Kullanıcı adı ELOGO6 ve Şifre 123456 olarak giriş yapılır: Kullanıcı adı ELOGO6 ve Şifre 123456 olarak giriş yapılır

2021-11-16 09:36:28 - [MESSAGE][PASSED] - Kullanıcı adı ELOGO6 ve Şifre 123456 olarak giriş yapılır

2021-11-16 09:36:28 - [TEST_STEP][PASSED] - Ana menüden Ayarlar seçilir: Ana menüden Ayarlar seçilir

2021-11-16 09:36:28 - [MESSAGE][PASSED] - Ana menüden Ayarlar seçilir

2021-11-16 09:36:28 - [TEST_STEP][PASSED] - Alt menü Araçlar başlığı altındaki Adres Defteri seçilir: Alt menü Araçlar başlığı altındaki Adres Defteri seçilir

2021-11-16 09:36:28 - [MESSAGE][PASSED] - Alt menü Araçlar başlığı altındaki Adres Defteri seçilir

2021-11-16 09:36:28 - [TEST_STEP][PASSED] - Filtrelerden Kısaltma filtresine VirgosolArsivDeneme textini yaz: Filtrelerden Kısaltma filtresine VirgosolArsivDeneme textini yaz

2021-11-16 09:36:28 - [MESSAGE][PASSED] - Filtrelerden Kısaltma filtresine VirgosolArsivDeneme textini yaz

2021-11-16 09:36:28 - [TEST_STEP][PASSED] - Filtre butonlarından Listele seçilir: Filtre butonlarından Listele seçilir

2021-11-16 09:36:28 - [MESSAGE][PASSED] - Filtre butonlarından Listele seçilir

2021-11-16 09:36:28 - [TEST_STEP][PASSED] - Tablodan VirgosolArsivDeneme isimli veri seçilir: Tablodan VirgosolArsivDeneme isimli veri seçilir

2021-11-16 09:36:28 - [MESSAGE][PASSED] - Tablodan VirgosolArsivDeneme isimli veri seçilir

2021-11-16 09:36:28 - [TEST_STEP][PASSED] - Butonlardan Değiştir isimli butona tıklanır: Butonlardan Değiştir isimli butona tıklanır

2021-11-16 09:36:28 - [MESSAGE][PASSED] - Butonlardan Değiştir isimli butona tıklanır

2021-11-16 09:36:28 - [TEST_STEP][PASSED] - Adres defterindeki Adres Değiştir başlıklı popup geldi mi: Adres defterindeki Adres Değiştir başlıklı popup geldi mi

2021-11-16 09:36:28 - [MESSAGE][PASSED] - Adres defterindeki Adres Değiştir başlıklı popup geldi mi

2021-11-16 09:36:28 - [TEST_STEP][PASSED] - Adres defteri VKN/TCKN No textboxına 5422405266 yazılır: Adres defteri VKN/TCKN No textboxına 5422405266 yazılır

2021-11-16 09:36:28 - [MESSAGE][PASSED] - Adres defteri VKN/TCKN No textboxına 5422405266 yazılır

2021-11-16 09:36:28 - [TEST_STEP][PASSED] - Unvan alanına VirgosolOtomasyon402115 yazılı mı: Unvan alanına VirgosolOtomasyon402115 yazılı mı

2021-11-16 09:36:28 - [MESSAGE][PASSED] - Unvan alanına VirgosolOtomasyon402115 yazılı mı

2021-11-16 09:36:28 - [TEST_STEP][PASSED] - Adres defteri İl textboxına İstanbul yazılır: Adres defteri İl textboxına İstanbul yazılır

2021-11-16 09:36:28 - [MESSAGE][PASSED] - Adres defteri İl textboxına İstanbul yazılır

2021-11-16 09:36:28 - [TEST_STEP][PASSED] - Adres defteri İlçe textboxına Kartal yazılır: Adres defteri İlçe textboxına Kartal yazılır

2021-11-16 09:36:28 - [MESSAGE][PASSED] - Adres defteri İlçe textboxına Kartal yazılır

2021-11-16 09:36:28 - [TEST_STEP][PASSED] - Adres defteri VKN/TCKN No textboxına 1234567906 yazılır: Adres defteri VKN/TCKN No textboxına 1234567906 yazılır

2021-11-16 09:36:28 - [MESSAGE][PASSED] - Adres defteri VKN/TCKN No textboxına 1234567906 yazılır

2021-11-16 09:36:28 - [TEST_STEP][PASSED] - Unvan alanına  yazılı mı: Unvan alanına  yazılı mı

2021-11-16 09:36:28 - [MESSAGE][PASSED] - Unvan alanına  yazılı mı

2021-11-16 09:36:28 - [TEST_STEP][PASSED] - Adres defteri İl textboxına İstanbul yazılır: Adres defteri İl textboxına İstanbul yazılır

2021-11-16 09:36:28 - [MESSAGE][PASSED] - Adres defteri İl textboxına İstanbul yazılır

2021-11-16 09:36:28 - [TEST_STEP][PASSED] - Adres defteri İlçe textboxına Kartal yazılır: Adres defteri İlçe textboxına Kartal yazılır

2021-11-16 09:36:28 - [MESSAGE][PASSED] - Adres defteri İlçe textboxına Kartal yazılır

2021-11-16 09:36:28 - [TEST_STEP][PASSED] - Adres defteri butonlarından Vazgeç butonuna tıklanır: Adres defteri butonlarından Vazgeç butonuna tıklanır

2021-11-16 09:36:28 - [MESSAGE][PASSED] - Adres defteri butonlarından Vazgeç butonuna tıklanır

2021-11-16 09:36:28 - [TEST_STEP][PASSED] - Kullanıcı işlemlerinden Çıkış seçilir: Kullanıcı işlemlerinden Çıkış seçilir

2021-11-16 09:36:28 - [MESSAGE][PASSED] - Kullanıcı işlemlerinden Çıkış seçilir

2021-11-16 09:36:28 - [MESSAGE][PASSED] - Feature file: 'Include/features/Ayarlar/Araclar/Adres Defteri/Degistir.feature' was passed

2021-11-16 09:36:28 - [TEST_STEP][PASSED] - Start listener action : sampleAfterTestSuite: Invoke 'com.kms.katalon.core.annotation.AfterTestCase' method: 'Listener.sampleAfterTestSuite(...)' completed.

2021-11-16 09:36:28 - [MESSAGE][INFO] - Starting invoke 'com.kms.katalon.core.annotation.AfterTestCase' method: 'Listener.sampleAfterTestSuite(...)'

2021-11-16 09:36:28 - [TEST_STEP][PASSED] - closeBrowser(): Invoke 'com.kms.katalon.core.annotation.AfterTestCase' method: 'Listener.sampleAfterTestSuite(...)' completed.

2021-11-16 09:36:28 - [MESSAGE][INFO] - Closing browser

2021-11-16 09:36:29 - [MESSAGE][PASSED] - Browser is closed

2021-11-16 09:36:29 - [MESSAGE][INFO] - Invoke 'com.kms.katalon.core.annotation.AfterTestCase' method: 'Listener.sampleAfterTestSuite(...)' completed.]]></system-out>
         <system-err><![CDATA[]]></system-err>
      </testcase>
      <testcase name="Test Cases/Case Repository/Ayarlar/Araclar/Firma Bilgileri/Firma Bilgileri" time="29.333" classname="Test Cases/Case Repository/Ayarlar/Araclar/Firma Bilgileri/Firma Bilgileri" status="PASSED">
         <system-out><![CDATA[2021-11-16 09:36:29 - [TEST_CASE][PASSED] - Test Cases/Case Repository/Ayarlar/Araclar/Firma Bilgileri/Firma Bilgileri: Test Cases/Case Repository/Ayarlar/Araclar/Firma Bilgileri/Firma Bilgileri

2021-11-16 09:36:29 - [TEST_STEP][PASSED] - Start listener action : sampleBeforeTestSuite: Invoke 'com.kms.katalon.core.annotation.BeforeTestCase' method: 'Listener.sampleBeforeTestSuite(...)' completed.

2021-11-16 09:36:29 - [MESSAGE][INFO] - Starting invoke 'com.kms.katalon.core.annotation.BeforeTestCase' method: 'Listener.sampleBeforeTestSuite(...)'

2021-11-16 09:36:29 - [TEST_STEP][PASSED] - openBrowser(baseUrl): Browser is opened with url: 'https://efatura-stage.elogo.com.tr/'

2021-11-16 09:36:29 - [MESSAGE][INFO] - Opening browser

2021-11-16 09:36:29 - [MESSAGE][INFO] - Starting 'Chrome' driver

2021-11-16 09:36:29 - [MESSAGE][INFO] - User set preference: ['prefs', '{download.default_directory=C:\otomasyondownfiles}']

2021-11-16 09:36:29 - [MESSAGE][INFO] - Action delay is set to 0 milliseconds

2021-11-16 09:36:30 - [MESSAGE][INFO] - Navigating browser to: 'https://efatura-stage.elogo.com.tr/'

2021-11-16 09:36:37 - [MESSAGE][PASSED] - Browser is opened with url: 'https://efatura-stage.elogo.com.tr/'

2021-11-16 09:36:37 - [TEST_STEP][PASSED] - maximizeWindow(): Invoke 'com.kms.katalon.core.annotation.BeforeTestCase' method: 'Listener.sampleBeforeTestSuite(...)' completed.

2021-11-16 09:36:37 - [MESSAGE][INFO] - Maximizing current window

2021-11-16 09:36:37 - [MESSAGE][PASSED] - Current window maximized

2021-11-16 09:36:37 - [MESSAGE][INFO] - Invoke 'com.kms.katalon.core.annotation.BeforeTestCase' method: 'Listener.sampleBeforeTestSuite(...)' completed.

2021-11-16 09:36:38 - [TEST_STEP][PASSED] - runFeatureFile("Include/features/Ayarlar/Araclar/Firma Bilgileri/Firma Bilgileri.feature"): Feature file: 'Include/features/Ayarlar/Araclar/Firma Bilgileri/Firma Bilgileri.feature' was passed

2021-11-16 09:36:38 - [MESSAGE][INFO] - Starting run keyword runFeatureFile: 'Include/features/Ayarlar/Araclar/Firma Bilgileri/Firma Bilgileri.feature' and extract report to folder: 'C:\Users\DELL\Documents\GitHub\EES_KatalonLogo\Reports\20211116_090026\Suite Repository\Ayarlar\20211116_090123/cucumber_report/1637044598233'...

2021-11-16 09:36:38 - [MESSAGE][INFO] - Glue: []

2021-11-16 09:36:39 - [MESSAGE][INFO] - Checking called Test Case

2021-11-16 09:36:39 - [MESSAGE][INFO] - Starting to call Test Case 'Test Cases/Sayfalar/Giris_Sayfasi/Login'

2021-11-16 09:36:39 - [TEST_CASE][PASSED] - Test Cases/Sayfalar/Giris_Sayfasi/Login: Test Cases/Sayfalar/Giris_Sayfasi/Login

2021-11-16 09:36:39 - [TEST_STEP][PASSED] - Sayfa_Basligi = getWindowTitle(): Current window's title is: 'LOGO e-Fatura'

2021-11-16 09:36:39 - [MESSAGE][INFO] - Getting current window's title

2021-11-16 09:36:39 - [MESSAGE][PASSED] - Current window's title is: 'LOGO e-Fatura'

2021-11-16 09:36:39 - [TEST_STEP][PASSED] - verifyMatch(Sayfa_Basligi, "LOGO e-Fatura", false): Actual text 'LOGO e-Fatura' and expected text 'LOGO e-Fatura' are matched 

2021-11-16 09:36:39 - [MESSAGE][INFO] - Matching actual text 'LOGO e-Fatura' with expected text 'LOGO e-Fatura'

2021-11-16 09:36:39 - [MESSAGE][PASSED] - Actual text 'LOGO e-Fatura' and expected text 'LOGO e-Fatura' are matched 

2021-11-16 09:36:39 - [TEST_STEP][PASSED] - sendKeys(findTestObject("Sayfalar/Giris_Sayfasi/Firma_Kodu"), KullaniciAdi): Keys 'ELOGO6' sent to object: 'Object Repository/Sayfalar/Giris_Sayfasi/Firma_Kodu'

2021-11-16 09:36:39 - [MESSAGE][INFO] - Finding Test Object 'Object Repository/Sayfalar/Giris_Sayfasi/Firma_Kodu'

2021-11-16 09:36:39 - [MESSAGE][INFO] - Sending keys 'ELOGO6' to object: 'Object Repository/Sayfalar/Giris_Sayfasi/Firma_Kodu'

2021-11-16 09:36:39 - [MESSAGE][INFO] - Finding web element from Test Object's properties

2021-11-16 09:36:39 - [MESSAGE][INFO] - Checking timeout

2021-11-16 09:36:39 - [MESSAGE][INFO] - Finding web element with id: 'Object Repository/Sayfalar/Giris_Sayfasi/Firma_Kodu' located by 'By.xpath: //*[@id = 'AccountName']' in '30' second(s)

2021-11-16 09:36:39 - [MESSAGE][INFO] - Smart Wait Function is triggered

2021-11-16 09:36:39 - [MESSAGE][INFO] - Found 1 web elements with id: 'Object Repository/Sayfalar/Giris_Sayfasi/Firma_Kodu' located by 'By.xpath: //*[@id = 'AccountName']' in '30' second(s)

2021-11-16 09:36:39 - [MESSAGE][PASSED] - Keys 'ELOGO6' sent to object: 'Object Repository/Sayfalar/Giris_Sayfasi/Firma_Kodu'

2021-11-16 09:36:39 - [TEST_STEP][PASSED] - sendKeys(findTestObject("Sayfalar/Giris_Sayfasi/Sifre"), Sifre): Keys '123456' sent to object: 'Object Repository/Sayfalar/Giris_Sayfasi/Sifre'

2021-11-16 09:36:39 - [MESSAGE][INFO] - Finding Test Object 'Object Repository/Sayfalar/Giris_Sayfasi/Sifre'

2021-11-16 09:36:40 - [MESSAGE][INFO] - Sending keys '123456' to object: 'Object Repository/Sayfalar/Giris_Sayfasi/Sifre'

2021-11-16 09:36:40 - [MESSAGE][INFO] - Finding web element from Test Object's properties

2021-11-16 09:36:40 - [MESSAGE][INFO] - Checking timeout

2021-11-16 09:36:40 - [MESSAGE][INFO] - Finding web element with id: 'Object Repository/Sayfalar/Giris_Sayfasi/Sifre' located by 'By.xpath: //*[@id = 'Password']' in '30' second(s)

2021-11-16 09:36:40 - [MESSAGE][INFO] - Smart Wait Function is triggered

2021-11-16 09:36:40 - [MESSAGE][INFO] - Found 1 web elements with id: 'Object Repository/Sayfalar/Giris_Sayfasi/Sifre' located by 'By.xpath: //*[@id = 'Password']' in '30' second(s)

2021-11-16 09:36:40 - [MESSAGE][PASSED] - Keys '123456' sent to object: 'Object Repository/Sayfalar/Giris_Sayfasi/Sifre'

2021-11-16 09:36:40 - [TEST_STEP][PASSED] - findWebElement(findTestObject("Sayfalar/Giris_Sayfasi/Giris_Butonu")).click(): Found 1 web elements with id: 'Object Repository/Sayfalar/Giris_Sayfasi/Giris_Butonu' located by 'By.cssSelector: #btnLogin' in '30' second(s)

2021-11-16 09:36:40 - [MESSAGE][INFO] - Finding Test Object 'Object Repository/Sayfalar/Giris_Sayfasi/Giris_Butonu'

2021-11-16 09:36:40 - [MESSAGE][INFO] - Finding web element from Test Object's properties

2021-11-16 09:36:40 - [MESSAGE][INFO] - Checking timeout

2021-11-16 09:36:40 - [MESSAGE][INFO] - Finding web element with id: 'Object Repository/Sayfalar/Giris_Sayfasi/Giris_Butonu' located by 'By.cssSelector: #btnLogin' in '30' second(s)

2021-11-16 09:36:40 - [MESSAGE][INFO] - Smart Wait Function is triggered

2021-11-16 09:36:40 - [MESSAGE][INFO] - Found 1 web elements with id: 'Object Repository/Sayfalar/Giris_Sayfasi/Giris_Butonu' located by 'By.cssSelector: #btnLogin' in '30' second(s)

2021-11-16 09:36:43 - [TEST_STEP][PASSED] - if (verifyElementPresent(findTestObject("Object Repository/Sayfalar/Giris_Sayfasi/RetveTamam_Butonu"), 5, OPTIONAL)): null

2021-11-16 09:36:43 - [MESSAGE][INFO] - Finding Test Object 'Object Repository/Sayfalar/Giris_Sayfasi/RetveTamam_Butonu'

2021-11-16 09:36:43 - [MESSAGE][INFO] - Checking object

2021-11-16 09:36:43 - [MESSAGE][INFO] - Finding web element from Test Object's properties

2021-11-16 09:36:43 - [MESSAGE][INFO] - Checking timeout

2021-11-16 09:36:43 - [MESSAGE][INFO] - Finding web element with id: 'Object Repository/Sayfalar/Giris_Sayfasi/RetveTamam_Butonu' located by 'By.xpath: //*[@class = 'btn btn-default']' in '5' second(s)

2021-11-16 09:36:43 - [MESSAGE][INFO] - Smart Wait Function is triggered

2021-11-16 09:36:43 - [MESSAGE][INFO] - Found 1 web elements with id: 'Object Repository/Sayfalar/Giris_Sayfasi/RetveTamam_Butonu' located by 'By.xpath: //*[@class = 'btn btn-default']' in '5' second(s)

2021-11-16 09:36:43 - [MESSAGE][PASSED] - Object 'Object Repository/Sayfalar/Giris_Sayfasi/RetveTamam_Butonu' is present

2021-11-16 09:36:43 - [TEST_STEP][PASSED] - click(findTestObject("Object Repository/Sayfalar/Giris_Sayfasi/RetveTamam_Butonu")): Object: 'Object Repository/Sayfalar/Giris_Sayfasi/RetveTamam_Butonu' is clicked on

2021-11-16 09:36:43 - [MESSAGE][INFO] - Finding Test Object 'Object Repository/Sayfalar/Giris_Sayfasi/RetveTamam_Butonu'

2021-11-16 09:36:43 - [MESSAGE][INFO] - Checking object

2021-11-16 09:36:43 - [MESSAGE][INFO] - Finding web element from Test Object's properties

2021-11-16 09:36:43 - [MESSAGE][INFO] - Checking timeout

2021-11-16 09:36:43 - [MESSAGE][INFO] - Finding web element with id: 'Object Repository/Sayfalar/Giris_Sayfasi/RetveTamam_Butonu' located by 'By.xpath: //*[@class = 'btn btn-default']' in '30' second(s)

2021-11-16 09:36:43 - [MESSAGE][INFO] - Smart Wait Function is triggered

2021-11-16 09:36:43 - [MESSAGE][INFO] - Found 1 web elements with id: 'Object Repository/Sayfalar/Giris_Sayfasi/RetveTamam_Butonu' located by 'By.xpath: //*[@class = 'btn btn-default']' in '30' second(s)

2021-11-16 09:36:43 - [MESSAGE][INFO] - Clicking on object: 'Object Repository/Sayfalar/Giris_Sayfasi/RetveTamam_Butonu'

2021-11-16 09:36:44 - [MESSAGE][PASSED] - Object: 'Object Repository/Sayfalar/Giris_Sayfasi/RetveTamam_Butonu' is clicked on

2021-11-16 09:36:44 - [TEST_STEP][PASSED] - click(findTestObject("Object Repository/Sayfalar/Giris_Sayfasi/RetveTamam_Butonu")): Object: 'Object Repository/Sayfalar/Giris_Sayfasi/RetveTamam_Butonu' is clicked on

2021-11-16 09:36:44 - [MESSAGE][INFO] - Finding Test Object 'Object Repository/Sayfalar/Giris_Sayfasi/RetveTamam_Butonu'

2021-11-16 09:36:44 - [MESSAGE][INFO] - Checking object

2021-11-16 09:36:44 - [MESSAGE][INFO] - Finding web element from Test Object's properties

2021-11-16 09:36:44 - [MESSAGE][INFO] - Checking timeout

2021-11-16 09:36:44 - [MESSAGE][INFO] - Finding web element with id: 'Object Repository/Sayfalar/Giris_Sayfasi/RetveTamam_Butonu' located by 'By.xpath: //*[@class = 'btn btn-default']' in '30' second(s)

2021-11-16 09:36:44 - [MESSAGE][INFO] - Smart Wait Function is triggered

2021-11-16 09:36:46 - [MESSAGE][INFO] - Found 1 web elements with id: 'Object Repository/Sayfalar/Giris_Sayfasi/RetveTamam_Butonu' located by 'By.xpath: //*[@class = 'btn btn-default']' in '30' second(s)

2021-11-16 09:36:46 - [MESSAGE][INFO] - Clicking on object: 'Object Repository/Sayfalar/Giris_Sayfasi/RetveTamam_Butonu'

2021-11-16 09:36:47 - [MESSAGE][PASSED] - Object: 'Object Repository/Sayfalar/Giris_Sayfasi/RetveTamam_Butonu' is clicked on

2021-11-16 09:36:47 - [TEST_STEP][PASSED] - if (verifyElementPresent(findTestObject("Sayfalar/Giris_Sayfasi/PopupOK"), 5, OPTIONAL)): null

2021-11-16 09:36:47 - [MESSAGE][INFO] - Finding Test Object 'Object Repository/Sayfalar/Giris_Sayfasi/PopupOK'

2021-11-16 09:36:47 - [MESSAGE][INFO] - Checking object

2021-11-16 09:36:47 - [MESSAGE][INFO] - Finding web element from Test Object's properties

2021-11-16 09:36:47 - [MESSAGE][INFO] - Checking timeout

2021-11-16 09:36:47 - [MESSAGE][INFO] - Finding web element with id: 'Object Repository/Sayfalar/Giris_Sayfasi/PopupOK' located by 'By.cssSelector: .btn.btn-success' in '5' second(s)

2021-11-16 09:36:47 - [MESSAGE][INFO] - Smart Wait Function is triggered

2021-11-16 09:36:47 - [MESSAGE][INFO] - Found 1 web elements with id: 'Object Repository/Sayfalar/Giris_Sayfasi/PopupOK' located by 'By.cssSelector: .btn.btn-success' in '5' second(s)

2021-11-16 09:36:47 - [MESSAGE][PASSED] - Object 'Object Repository/Sayfalar/Giris_Sayfasi/PopupOK' is present

2021-11-16 09:36:47 - [TEST_STEP][PASSED] - click(findTestObject("Object Repository/Sayfalar/Giris_Sayfasi/PopupCarpiGiris")): Object: 'Object Repository/Sayfalar/Giris_Sayfasi/PopupCarpiGiris' is clicked on

2021-11-16 09:36:47 - [MESSAGE][INFO] - Finding Test Object 'Object Repository/Sayfalar/Giris_Sayfasi/PopupCarpiGiris'

2021-11-16 09:36:47 - [MESSAGE][INFO] - Checking object

2021-11-16 09:36:47 - [MESSAGE][INFO] - Finding web element from Test Object's properties

2021-11-16 09:36:47 - [MESSAGE][INFO] - Checking timeout

2021-11-16 09:36:47 - [MESSAGE][INFO] - Finding web element with id: 'Object Repository/Sayfalar/Giris_Sayfasi/PopupCarpiGiris' located by 'By.cssSelector: .bootbox-close-button.close' in '30' second(s)

2021-11-16 09:36:47 - [MESSAGE][INFO] - Smart Wait Function is triggered

2021-11-16 09:36:47 - [MESSAGE][INFO] - Found 1 web elements with id: 'Object Repository/Sayfalar/Giris_Sayfasi/PopupCarpiGiris' located by 'By.cssSelector: .bootbox-close-button.close' in '30' second(s)

2021-11-16 09:36:47 - [MESSAGE][INFO] - Clicking on object: 'Object Repository/Sayfalar/Giris_Sayfasi/PopupCarpiGiris'

2021-11-16 09:36:47 - [MESSAGE][PASSED] - Object: 'Object Repository/Sayfalar/Giris_Sayfasi/PopupCarpiGiris' is clicked on

2021-11-16 09:36:47 - [TEST_STEP][PASSED] - verifyElementVisible(findTestObject("Object Repository/Kullanici_Islemleri/KullaniciIslemleri")): Object 'Object Repository/Kullanici_Islemleri/KullaniciIslemleri' is visible

2021-11-16 09:36:47 - [MESSAGE][INFO] - Finding Test Object 'Object Repository/Kullanici_Islemleri/KullaniciIslemleri'

2021-11-16 09:36:47 - [MESSAGE][INFO] - Checking object

2021-11-16 09:36:47 - [MESSAGE][INFO] - Finding web element from Test Object's properties

2021-11-16 09:36:47 - [MESSAGE][INFO] - Checking timeout

2021-11-16 09:36:47 - [MESSAGE][INFO] - Finding web element with id: 'Object Repository/Kullanici_Islemleri/KullaniciIslemleri' located by 'By.cssSelector: .dropdown>a>img' in '30' second(s)

2021-11-16 09:36:47 - [MESSAGE][INFO] - Smart Wait Function is triggered

2021-11-16 09:36:48 - [MESSAGE][INFO] - Found 1 web elements with id: 'Object Repository/Kullanici_Islemleri/KullaniciIslemleri' located by 'By.cssSelector: .dropdown>a>img' in '30' second(s)

2021-11-16 09:36:48 - [MESSAGE][PASSED] - Object 'Object Repository/Kullanici_Islemleri/KullaniciIslemleri' is visible

2021-11-16 09:36:48 - [MESSAGE][PASSED] - Call Test Case 'Test Cases/Sayfalar/Giris_Sayfasi/Login' successfully

2021-11-16 09:36:48 - [MESSAGE][INFO] - Checking called Test Case

2021-11-16 09:36:48 - [MESSAGE][INFO] - Starting to call Test Case 'Test Cases/Menu/AnaMenuSecimi'

2021-11-16 09:36:48 - [TEST_CASE][PASSED] - Test Cases/Menu/AnaMenuSecimi: Test Cases/Menu/AnaMenuSecimi

2021-11-16 09:36:48 - [TEST_STEP][PASSED] - Method.TextDegerineEsitElementeTikla(findTestObject("Menu/Ana_Menu"), Ana_Menu): Method.TextDegerineEsitElementeTikla is PASSED

2021-11-16 09:36:48 - [MESSAGE][INFO] - Finding Test Object 'Object Repository/Menu/Ana_Menu'

2021-11-16 09:36:48 - [MESSAGE][INFO] - Checking timeout

2021-11-16 09:36:48 - [MESSAGE][INFO] - Finding web element with id: 'Object Repository/Menu/Ana_Menu' located by 'By.xpath: //*[@class = 'dropdown-toggle']' in '10' second(s)

2021-11-16 09:36:48 - [MESSAGE][INFO] - Smart Wait Function is triggered

2021-11-16 09:36:49 - [MESSAGE][INFO] - Found 14 web elements with id: 'Object Repository/Menu/Ana_Menu' located by 'By.xpath: //*[@class = 'dropdown-toggle']' in '10' second(s)

2021-11-16 09:36:49 - [MESSAGE][PASSED] - Method.TextDegerineEsitElementeTikla is PASSED

2021-11-16 09:36:49 - [MESSAGE][PASSED] - Call Test Case 'Test Cases/Menu/AnaMenuSecimi' successfully

2021-11-16 09:36:49 - [MESSAGE][INFO] - Checking called Test Case

2021-11-16 09:36:49 - [MESSAGE][INFO] - Starting to call Test Case 'Test Cases/Menu/BasligaGoreAltMenuSecimi'

2021-11-16 09:36:49 - [TEST_CASE][PASSED] - Test Cases/Menu/BasligaGoreAltMenuSecimi: Test Cases/Menu/BasligaGoreAltMenuSecimi

2021-11-16 09:36:49 - [TEST_STEP][PASSED] - Method.TextDegerineEsitElementinAltindakiTextDegerineEsitOlanaTikla(findTestObject("Menu/Menu_Basligi"), findTestObject("Menu/Basliga_Gore_Alt_Menu"), Baslik, Alt_Menu): Method.TextDegerineEsitElementinAltindakiTextDegerineEsitOlanaTikla is PASSED

2021-11-16 09:36:49 - [MESSAGE][INFO] - Finding Test Object 'Object Repository/Menu/Menu_Basligi'

2021-11-16 09:36:49 - [MESSAGE][INFO] - Finding Test Object 'Object Repository/Menu/Basliga_Gore_Alt_Menu'

2021-11-16 09:36:49 - [MESSAGE][INFO] - Checking timeout

2021-11-16 09:36:49 - [MESSAGE][INFO] - Finding web element with id: 'Object Repository/Menu/Menu_Basligi' located by 'By.xpath: //li[@class='dropdown dropdown-large open']//li[@class='dropdown-header']' in '10' second(s)

2021-11-16 09:36:49 - [MESSAGE][INFO] - Smart Wait Function is triggered

2021-11-16 09:36:49 - [MESSAGE][INFO] - Found 2 web elements with id: 'Object Repository/Menu/Menu_Basligi' located by 'By.xpath: //li[@class='dropdown dropdown-large open']//li[@class='dropdown-header']' in '10' second(s)

2021-11-16 09:36:49 - [MESSAGE][INFO] - Smart Wait Function is triggered

2021-11-16 09:36:55 - [MESSAGE][PASSED] - Method.TextDegerineEsitElementinAltindakiTextDegerineEsitOlanaTikla is PASSED

2021-11-16 09:36:55 - [MESSAGE][PASSED] - Call Test Case 'Test Cases/Menu/BasligaGoreAltMenuSecimi' successfully

2021-11-16 09:36:55 - [MESSAGE][INFO] - Checking called Test Case

2021-11-16 09:36:55 - [MESSAGE][INFO] - Starting to call Test Case 'Test Cases/Kullanici_Islemleri/KullaniciIslemlerindenSecimYapilir'

2021-11-16 09:36:55 - [TEST_CASE][PASSED] - Test Cases/Kullanici_Islemleri/KullaniciIslemlerindenSecimYapilir: Test Cases/Kullanici_Islemleri/KullaniciIslemlerindenSecimYapilir

2021-11-16 09:36:55 - [TEST_STEP][PASSED] - waitForElementClickable(findTestObject("Object Repository/Kullanici_Islemleri/KullaniciIslemleri"), 10): Object 'Object Repository/Kullanici_Islemleri/KullaniciIslemleri' is clickable

2021-11-16 09:36:55 - [MESSAGE][INFO] - Finding Test Object 'Object Repository/Kullanici_Islemleri/KullaniciIslemleri'

2021-11-16 09:36:55 - [MESSAGE][INFO] - Checking object

2021-11-16 09:36:55 - [MESSAGE][INFO] - Checking timeout

2021-11-16 09:36:55 - [MESSAGE][INFO] - Finding web element from Test Object's properties

2021-11-16 09:36:55 - [MESSAGE][INFO] - Checking timeout

2021-11-16 09:36:55 - [MESSAGE][INFO] - Finding web element with id: 'Object Repository/Kullanici_Islemleri/KullaniciIslemleri' located by 'By.cssSelector: .dropdown>a>img' in '10' second(s)

2021-11-16 09:36:55 - [MESSAGE][INFO] - Smart Wait Function is triggered

2021-11-16 09:36:55 - [MESSAGE][INFO] - Found 1 web elements with id: 'Object Repository/Kullanici_Islemleri/KullaniciIslemleri' located by 'By.cssSelector: .dropdown>a>img' in '10' second(s)

2021-11-16 09:36:55 - [MESSAGE][PASSED] - Object 'Object Repository/Kullanici_Islemleri/KullaniciIslemleri' is clickable

2021-11-16 09:36:55 - [TEST_STEP][PASSED] - click(findTestObject("Object Repository/Kullanici_Islemleri/KullaniciIslemleri")): Object: 'Object Repository/Kullanici_Islemleri/KullaniciIslemleri' is clicked on

2021-11-16 09:36:55 - [MESSAGE][INFO] - Finding Test Object 'Object Repository/Kullanici_Islemleri/KullaniciIslemleri'

2021-11-16 09:36:55 - [MESSAGE][INFO] - Checking object

2021-11-16 09:36:55 - [MESSAGE][INFO] - Finding web element from Test Object's properties

2021-11-16 09:36:55 - [MESSAGE][INFO] - Checking timeout

2021-11-16 09:36:55 - [MESSAGE][INFO] - Finding web element with id: 'Object Repository/Kullanici_Islemleri/KullaniciIslemleri' located by 'By.cssSelector: .dropdown>a>img' in '30' second(s)

2021-11-16 09:36:55 - [MESSAGE][INFO] - Smart Wait Function is triggered

2021-11-16 09:36:56 - [MESSAGE][INFO] - Found 1 web elements with id: 'Object Repository/Kullanici_Islemleri/KullaniciIslemleri' located by 'By.cssSelector: .dropdown>a>img' in '30' second(s)

2021-11-16 09:36:56 - [MESSAGE][INFO] - Clicking on object: 'Object Repository/Kullanici_Islemleri/KullaniciIslemleri'

2021-11-16 09:36:56 - [MESSAGE][PASSED] - Object: 'Object Repository/Kullanici_Islemleri/KullaniciIslemleri' is clicked on

2021-11-16 09:36:56 - [TEST_STEP][PASSED] - Method.TextDegerineEsitElementeTikla(findTestObject("Object Repository/Kullanici_Islemleri/Secenekler"), Islem): Method.TextDegerineEsitElementeTikla is PASSED

2021-11-16 09:36:56 - [MESSAGE][INFO] - Finding Test Object 'Object Repository/Kullanici_Islemleri/Secenekler'

2021-11-16 09:36:56 - [MESSAGE][INFO] - Checking timeout

2021-11-16 09:36:56 - [MESSAGE][INFO] - Finding web element with id: 'Object Repository/Kullanici_Islemleri/Secenekler' located by 'By.cssSelector: .nav.navbar-nav.navbar-right li a' in '10' second(s)

2021-11-16 09:36:56 - [MESSAGE][INFO] - Smart Wait Function is triggered

2021-11-16 09:36:56 - [MESSAGE][INFO] - Found 22 web elements with id: 'Object Repository/Kullanici_Islemleri/Secenekler' located by 'By.cssSelector: .nav.navbar-nav.navbar-right li a' in '10' second(s)

2021-11-16 09:36:57 - [MESSAGE][PASSED] - Method.TextDegerineEsitElementeTikla is PASSED

2021-11-16 09:36:57 - [TEST_STEP][PASSED] - verifyElementNotPresent(findTestObject("Object Repository/Kullanici_Islemleri/Secenekler"), 10): Web element with id: 'Object Repository/Kullanici_Islemleri/Secenekler' located by 'By.cssSelector: .nav.navbar-nav.navbar-right li a' is not present after '10' second(s)

2021-11-16 09:36:57 - [MESSAGE][INFO] - Finding Test Object 'Object Repository/Kullanici_Islemleri/Secenekler'

2021-11-16 09:36:57 - [MESSAGE][INFO] - Checking object

2021-11-16 09:36:57 - [MESSAGE][INFO] - Checking timeout

2021-11-16 09:36:57 - [MESSAGE][INFO] - Finding web element with id: 'Object Repository/Kullanici_Islemleri/Secenekler' located by 'By.cssSelector: .nav.navbar-nav.navbar-right li a' in '10' second(s)

2021-11-16 09:36:57 - [MESSAGE][INFO] - Smart Wait Function is triggered

2021-11-16 09:36:58 - [MESSAGE][PASSED] - Web element with id: 'Object Repository/Kullanici_Islemleri/Secenekler' located by 'By.cssSelector: .nav.navbar-nav.navbar-right li a' is not present after '10' second(s)

2021-11-16 09:36:58 - [MESSAGE][PASSED] - Call Test Case 'Test Cases/Kullanici_Islemleri/KullaniciIslemlerindenSecimYapilir' successfully

2021-11-16 09:36:58 - [TEST_CASE][PASSED] - Start Test Case : SCENARIO Firma Bilgileri: SCENARIO Firma Bilgileri

2021-11-16 09:36:58 - [TEST_STEP][PASSED] - Kullanıcı adı ELOGO6 ve Şifre 123456 olarak giriş yapılır: Kullanıcı adı ELOGO6 ve Şifre 123456 olarak giriş yapılır

2021-11-16 09:36:58 - [MESSAGE][PASSED] - Kullanıcı adı ELOGO6 ve Şifre 123456 olarak giriş yapılır

2021-11-16 09:36:58 - [TEST_STEP][PASSED] - Ana menüden Ayarlar seçilir: Ana menüden Ayarlar seçilir

2021-11-16 09:36:58 - [MESSAGE][PASSED] - Ana menüden Ayarlar seçilir

2021-11-16 09:36:58 - [TEST_STEP][PASSED] - Alt menü Araçlar başlığı altındaki Firma Bilgileri seçilir: Alt menü Araçlar başlığı altındaki Firma Bilgileri seçilir

2021-11-16 09:36:58 - [MESSAGE][PASSED] - Alt menü Araçlar başlığı altındaki Firma Bilgileri seçilir

2021-11-16 09:36:58 - [TEST_STEP][PASSED] - Kullanıcı işlemlerinden Çıkış seçilir: Kullanıcı işlemlerinden Çıkış seçilir

2021-11-16 09:36:58 - [MESSAGE][PASSED] - Kullanıcı işlemlerinden Çıkış seçilir

2021-11-16 09:36:58 - [MESSAGE][PASSED] - Feature file: 'Include/features/Ayarlar/Araclar/Firma Bilgileri/Firma Bilgileri.feature' was passed

2021-11-16 09:36:58 - [TEST_STEP][PASSED] - Start listener action : sampleAfterTestSuite: Invoke 'com.kms.katalon.core.annotation.AfterTestCase' method: 'Listener.sampleAfterTestSuite(...)' completed.

2021-11-16 09:36:58 - [MESSAGE][INFO] - Starting invoke 'com.kms.katalon.core.annotation.AfterTestCase' method: 'Listener.sampleAfterTestSuite(...)'

2021-11-16 09:36:58 - [TEST_STEP][PASSED] - closeBrowser(): Invoke 'com.kms.katalon.core.annotation.AfterTestCase' method: 'Listener.sampleAfterTestSuite(...)' completed.

2021-11-16 09:36:58 - [MESSAGE][INFO] - Closing browser

2021-11-16 09:36:58 - [MESSAGE][PASSED] - Browser is closed

2021-11-16 09:36:58 - [MESSAGE][INFO] - Invoke 'com.kms.katalon.core.annotation.AfterTestCase' method: 'Listener.sampleAfterTestSuite(...)' completed.]]></system-out>
         <system-err><![CDATA[]]></system-err>
      </testcase>
      <testcase name="Test Cases/Case Repository/Ayarlar/Araclar/Firma Bilgileri/On ek icin yeni yil" time="27.034" classname="Test Cases/Case Repository/Ayarlar/Araclar/Firma Bilgileri/On ek icin yeni yil" status="PASSED">
         <system-out><![CDATA[2021-11-16 09:36:58 - [TEST_CASE][PASSED] - Test Cases/Case Repository/Ayarlar/Araclar/Firma Bilgileri/On ek icin yeni yil: Test Cases/Case Repository/Ayarlar/Araclar/Firma Bilgileri/On ek icin yeni yil

2021-11-16 09:36:58 - [TEST_STEP][PASSED] - Start listener action : sampleBeforeTestSuite: Invoke 'com.kms.katalon.core.annotation.BeforeTestCase' method: 'Listener.sampleBeforeTestSuite(...)' completed.

2021-11-16 09:36:58 - [MESSAGE][INFO] - Starting invoke 'com.kms.katalon.core.annotation.BeforeTestCase' method: 'Listener.sampleBeforeTestSuite(...)'

2021-11-16 09:36:58 - [TEST_STEP][PASSED] - openBrowser(baseUrl): Browser is opened with url: 'https://efatura-stage.elogo.com.tr/'

2021-11-16 09:36:58 - [MESSAGE][INFO] - Opening browser

2021-11-16 09:36:58 - [MESSAGE][INFO] - Starting 'Chrome' driver

2021-11-16 09:36:58 - [MESSAGE][INFO] - User set preference: ['prefs', '{download.default_directory=C:\otomasyondownfiles}']

2021-11-16 09:36:58 - [MESSAGE][INFO] - Action delay is set to 0 milliseconds

2021-11-16 09:37:00 - [MESSAGE][INFO] - Navigating browser to: 'https://efatura-stage.elogo.com.tr/'

2021-11-16 09:37:03 - [MESSAGE][PASSED] - Browser is opened with url: 'https://efatura-stage.elogo.com.tr/'

2021-11-16 09:37:03 - [TEST_STEP][PASSED] - maximizeWindow(): Invoke 'com.kms.katalon.core.annotation.BeforeTestCase' method: 'Listener.sampleBeforeTestSuite(...)' completed.

2021-11-16 09:37:03 - [MESSAGE][INFO] - Maximizing current window

2021-11-16 09:37:03 - [MESSAGE][PASSED] - Current window maximized

2021-11-16 09:37:03 - [MESSAGE][INFO] - Invoke 'com.kms.katalon.core.annotation.BeforeTestCase' method: 'Listener.sampleBeforeTestSuite(...)' completed.

2021-11-16 09:37:03 - [TEST_STEP][PASSED] - runFeatureFile("Include/features/Ayarlar/Araclar/Firma Bilgileri/On ek icin yeni yil.feature"): Feature file: 'Include/features/Ayarlar/Araclar/Firma Bilgileri/On ek icin yeni yil.feature' was passed

2021-11-16 09:37:03 - [MESSAGE][INFO] - Starting run keyword runFeatureFile: 'Include/features/Ayarlar/Araclar/Firma Bilgileri/On ek icin yeni yil.feature' and extract report to folder: 'C:\Users\DELL\Documents\GitHub\EES_KatalonLogo\Reports\20211116_090026\Suite Repository\Ayarlar\20211116_090123/cucumber_report/1637044623809'...

2021-11-16 09:37:03 - [MESSAGE][INFO] - Glue: []

2021-11-16 09:37:05 - [MESSAGE][INFO] - Checking called Test Case

2021-11-16 09:37:05 - [MESSAGE][INFO] - Starting to call Test Case 'Test Cases/Sayfalar/Giris_Sayfasi/Login'

2021-11-16 09:37:05 - [TEST_CASE][PASSED] - Test Cases/Sayfalar/Giris_Sayfasi/Login: Test Cases/Sayfalar/Giris_Sayfasi/Login

2021-11-16 09:37:05 - [TEST_STEP][PASSED] - Sayfa_Basligi = getWindowTitle(): Current window's title is: 'LOGO e-Fatura'

2021-11-16 09:37:05 - [MESSAGE][INFO] - Getting current window's title

2021-11-16 09:37:05 - [MESSAGE][PASSED] - Current window's title is: 'LOGO e-Fatura'

2021-11-16 09:37:05 - [TEST_STEP][PASSED] - verifyMatch(Sayfa_Basligi, "LOGO e-Fatura", false): Actual text 'LOGO e-Fatura' and expected text 'LOGO e-Fatura' are matched 

2021-11-16 09:37:05 - [MESSAGE][INFO] - Matching actual text 'LOGO e-Fatura' with expected text 'LOGO e-Fatura'

2021-11-16 09:37:05 - [MESSAGE][PASSED] - Actual text 'LOGO e-Fatura' and expected text 'LOGO e-Fatura' are matched 

2021-11-16 09:37:05 - [TEST_STEP][PASSED] - sendKeys(findTestObject("Sayfalar/Giris_Sayfasi/Firma_Kodu"), KullaniciAdi): Keys 'ELOGO6' sent to object: 'Object Repository/Sayfalar/Giris_Sayfasi/Firma_Kodu'

2021-11-16 09:37:05 - [MESSAGE][INFO] - Finding Test Object 'Object Repository/Sayfalar/Giris_Sayfasi/Firma_Kodu'

2021-11-16 09:37:06 - [MESSAGE][INFO] - Sending keys 'ELOGO6' to object: 'Object Repository/Sayfalar/Giris_Sayfasi/Firma_Kodu'

2021-11-16 09:37:06 - [MESSAGE][INFO] - Finding web element from Test Object's properties

2021-11-16 09:37:06 - [MESSAGE][INFO] - Checking timeout

2021-11-16 09:37:06 - [MESSAGE][INFO] - Finding web element with id: 'Object Repository/Sayfalar/Giris_Sayfasi/Firma_Kodu' located by 'By.xpath: //*[@id = 'AccountName']' in '30' second(s)

2021-11-16 09:37:06 - [MESSAGE][INFO] - Smart Wait Function is triggered

2021-11-16 09:37:06 - [MESSAGE][INFO] - Found 1 web elements with id: 'Object Repository/Sayfalar/Giris_Sayfasi/Firma_Kodu' located by 'By.xpath: //*[@id = 'AccountName']' in '30' second(s)

2021-11-16 09:37:06 - [MESSAGE][PASSED] - Keys 'ELOGO6' sent to object: 'Object Repository/Sayfalar/Giris_Sayfasi/Firma_Kodu'

2021-11-16 09:37:06 - [TEST_STEP][PASSED] - sendKeys(findTestObject("Sayfalar/Giris_Sayfasi/Sifre"), Sifre): Keys '123456' sent to object: 'Object Repository/Sayfalar/Giris_Sayfasi/Sifre'

2021-11-16 09:37:06 - [MESSAGE][INFO] - Finding Test Object 'Object Repository/Sayfalar/Giris_Sayfasi/Sifre'

2021-11-16 09:37:06 - [MESSAGE][INFO] - Sending keys '123456' to object: 'Object Repository/Sayfalar/Giris_Sayfasi/Sifre'

2021-11-16 09:37:06 - [MESSAGE][INFO] - Finding web element from Test Object's properties

2021-11-16 09:37:06 - [MESSAGE][INFO] - Checking timeout

2021-11-16 09:37:06 - [MESSAGE][INFO] - Finding web element with id: 'Object Repository/Sayfalar/Giris_Sayfasi/Sifre' located by 'By.xpath: //*[@id = 'Password']' in '30' second(s)

2021-11-16 09:37:06 - [MESSAGE][INFO] - Smart Wait Function is triggered

2021-11-16 09:37:06 - [MESSAGE][INFO] - Found 1 web elements with id: 'Object Repository/Sayfalar/Giris_Sayfasi/Sifre' located by 'By.xpath: //*[@id = 'Password']' in '30' second(s)

2021-11-16 09:37:06 - [MESSAGE][PASSED] - Keys '123456' sent to object: 'Object Repository/Sayfalar/Giris_Sayfasi/Sifre'

2021-11-16 09:37:06 - [TEST_STEP][PASSED] - findWebElement(findTestObject("Sayfalar/Giris_Sayfasi/Giris_Butonu")).click(): Found 1 web elements with id: 'Object Repository/Sayfalar/Giris_Sayfasi/Giris_Butonu' located by 'By.cssSelector: #btnLogin' in '30' second(s)

2021-11-16 09:37:06 - [MESSAGE][INFO] - Finding Test Object 'Object Repository/Sayfalar/Giris_Sayfasi/Giris_Butonu'

2021-11-16 09:37:07 - [MESSAGE][INFO] - Finding web element from Test Object's properties

2021-11-16 09:37:07 - [MESSAGE][INFO] - Checking timeout

2021-11-16 09:37:07 - [MESSAGE][INFO] - Finding web element with id: 'Object Repository/Sayfalar/Giris_Sayfasi/Giris_Butonu' located by 'By.cssSelector: #btnLogin' in '30' second(s)

2021-11-16 09:37:07 - [MESSAGE][INFO] - Smart Wait Function is triggered

2021-11-16 09:37:07 - [MESSAGE][INFO] - Found 1 web elements with id: 'Object Repository/Sayfalar/Giris_Sayfasi/Giris_Butonu' located by 'By.cssSelector: #btnLogin' in '30' second(s)

2021-11-16 09:37:09 - [TEST_STEP][PASSED] - if (verifyElementPresent(findTestObject("Object Repository/Sayfalar/Giris_Sayfasi/RetveTamam_Butonu"), 5, OPTIONAL)): null

2021-11-16 09:37:09 - [MESSAGE][INFO] - Finding Test Object 'Object Repository/Sayfalar/Giris_Sayfasi/RetveTamam_Butonu'

2021-11-16 09:37:10 - [MESSAGE][INFO] - Checking object

2021-11-16 09:37:10 - [MESSAGE][INFO] - Finding web element from Test Object's properties

2021-11-16 09:37:10 - [MESSAGE][INFO] - Checking timeout

2021-11-16 09:37:10 - [MESSAGE][INFO] - Finding web element with id: 'Object Repository/Sayfalar/Giris_Sayfasi/RetveTamam_Butonu' located by 'By.xpath: //*[@class = 'btn btn-default']' in '5' second(s)

2021-11-16 09:37:10 - [MESSAGE][INFO] - Smart Wait Function is triggered

2021-11-16 09:37:10 - [MESSAGE][INFO] - Found 1 web elements with id: 'Object Repository/Sayfalar/Giris_Sayfasi/RetveTamam_Butonu' located by 'By.xpath: //*[@class = 'btn btn-default']' in '5' second(s)

2021-11-16 09:37:10 - [MESSAGE][PASSED] - Object 'Object Repository/Sayfalar/Giris_Sayfasi/RetveTamam_Butonu' is present

2021-11-16 09:37:10 - [TEST_STEP][PASSED] - click(findTestObject("Object Repository/Sayfalar/Giris_Sayfasi/RetveTamam_Butonu")): Object: 'Object Repository/Sayfalar/Giris_Sayfasi/RetveTamam_Butonu' is clicked on

2021-11-16 09:37:10 - [MESSAGE][INFO] - Finding Test Object 'Object Repository/Sayfalar/Giris_Sayfasi/RetveTamam_Butonu'

2021-11-16 09:37:10 - [MESSAGE][INFO] - Checking object

2021-11-16 09:37:10 - [MESSAGE][INFO] - Finding web element from Test Object's properties

2021-11-16 09:37:10 - [MESSAGE][INFO] - Checking timeout

2021-11-16 09:37:10 - [MESSAGE][INFO] - Finding web element with id: 'Object Repository/Sayfalar/Giris_Sayfasi/RetveTamam_Butonu' located by 'By.xpath: //*[@class = 'btn btn-default']' in '30' second(s)

2021-11-16 09:37:10 - [MESSAGE][INFO] - Smart Wait Function is triggered

2021-11-16 09:37:10 - [MESSAGE][INFO] - Found 1 web elements with id: 'Object Repository/Sayfalar/Giris_Sayfasi/RetveTamam_Butonu' located by 'By.xpath: //*[@class = 'btn btn-default']' in '30' second(s)

2021-11-16 09:37:10 - [MESSAGE][INFO] - Clicking on object: 'Object Repository/Sayfalar/Giris_Sayfasi/RetveTamam_Butonu'

2021-11-16 09:37:10 - [MESSAGE][PASSED] - Object: 'Object Repository/Sayfalar/Giris_Sayfasi/RetveTamam_Butonu' is clicked on

2021-11-16 09:37:10 - [TEST_STEP][PASSED] - click(findTestObject("Object Repository/Sayfalar/Giris_Sayfasi/RetveTamam_Butonu")): Object: 'Object Repository/Sayfalar/Giris_Sayfasi/RetveTamam_Butonu' is clicked on

2021-11-16 09:37:10 - [MESSAGE][INFO] - Finding Test Object 'Object Repository/Sayfalar/Giris_Sayfasi/RetveTamam_Butonu'

2021-11-16 09:37:11 - [MESSAGE][INFO] - Checking object

2021-11-16 09:37:11 - [MESSAGE][INFO] - Finding web element from Test Object's properties

2021-11-16 09:37:11 - [MESSAGE][INFO] - Checking timeout

2021-11-16 09:37:11 - [MESSAGE][INFO] - Finding web element with id: 'Object Repository/Sayfalar/Giris_Sayfasi/RetveTamam_Butonu' located by 'By.xpath: //*[@class = 'btn btn-default']' in '30' second(s)

2021-11-16 09:37:11 - [MESSAGE][INFO] - Smart Wait Function is triggered

2021-11-16 09:37:15 - [MESSAGE][INFO] - Found 1 web elements with id: 'Object Repository/Sayfalar/Giris_Sayfasi/RetveTamam_Butonu' located by 'By.xpath: //*[@class = 'btn btn-default']' in '30' second(s)

2021-11-16 09:37:15 - [MESSAGE][INFO] - Clicking on object: 'Object Repository/Sayfalar/Giris_Sayfasi/RetveTamam_Butonu'

2021-11-16 09:37:15 - [MESSAGE][PASSED] - Object: 'Object Repository/Sayfalar/Giris_Sayfasi/RetveTamam_Butonu' is clicked on

2021-11-16 09:37:15 - [TEST_STEP][PASSED] - if (verifyElementPresent(findTestObject("Sayfalar/Giris_Sayfasi/PopupOK"), 5, OPTIONAL)): null

2021-11-16 09:37:15 - [MESSAGE][INFO] - Finding Test Object 'Object Repository/Sayfalar/Giris_Sayfasi/PopupOK'

2021-11-16 09:37:15 - [MESSAGE][INFO] - Checking object

2021-11-16 09:37:15 - [MESSAGE][INFO] - Finding web element from Test Object's properties

2021-11-16 09:37:15 - [MESSAGE][INFO] - Checking timeout

2021-11-16 09:37:15 - [MESSAGE][INFO] - Finding web element with id: 'Object Repository/Sayfalar/Giris_Sayfasi/PopupOK' located by 'By.cssSelector: .btn.btn-success' in '5' second(s)

2021-11-16 09:37:15 - [MESSAGE][INFO] - Smart Wait Function is triggered

2021-11-16 09:37:15 - [MESSAGE][INFO] - Found 1 web elements with id: 'Object Repository/Sayfalar/Giris_Sayfasi/PopupOK' located by 'By.cssSelector: .btn.btn-success' in '5' second(s)

2021-11-16 09:37:15 - [MESSAGE][PASSED] - Object 'Object Repository/Sayfalar/Giris_Sayfasi/PopupOK' is present

2021-11-16 09:37:15 - [TEST_STEP][PASSED] - click(findTestObject("Object Repository/Sayfalar/Giris_Sayfasi/PopupCarpiGiris")): Object: 'Object Repository/Sayfalar/Giris_Sayfasi/PopupCarpiGiris' is clicked on

2021-11-16 09:37:15 - [MESSAGE][INFO] - Finding Test Object 'Object Repository/Sayfalar/Giris_Sayfasi/PopupCarpiGiris'

2021-11-16 09:37:15 - [MESSAGE][INFO] - Checking object

2021-11-16 09:37:15 - [MESSAGE][INFO] - Finding web element from Test Object's properties

2021-11-16 09:37:15 - [MESSAGE][INFO] - Checking timeout

2021-11-16 09:37:15 - [MESSAGE][INFO] - Finding web element with id: 'Object Repository/Sayfalar/Giris_Sayfasi/PopupCarpiGiris' located by 'By.cssSelector: .bootbox-close-button.close' in '30' second(s)

2021-11-16 09:37:15 - [MESSAGE][INFO] - Smart Wait Function is triggered

2021-11-16 09:37:16 - [MESSAGE][INFO] - Found 1 web elements with id: 'Object Repository/Sayfalar/Giris_Sayfasi/PopupCarpiGiris' located by 'By.cssSelector: .bootbox-close-button.close' in '30' second(s)

2021-11-16 09:37:16 - [MESSAGE][INFO] - Clicking on object: 'Object Repository/Sayfalar/Giris_Sayfasi/PopupCarpiGiris'

2021-11-16 09:37:16 - [MESSAGE][PASSED] - Object: 'Object Repository/Sayfalar/Giris_Sayfasi/PopupCarpiGiris' is clicked on

2021-11-16 09:37:16 - [TEST_STEP][PASSED] - verifyElementVisible(findTestObject("Object Repository/Kullanici_Islemleri/KullaniciIslemleri")): Object 'Object Repository/Kullanici_Islemleri/KullaniciIslemleri' is visible

2021-11-16 09:37:16 - [MESSAGE][INFO] - Finding Test Object 'Object Repository/Kullanici_Islemleri/KullaniciIslemleri'

2021-11-16 09:37:16 - [MESSAGE][INFO] - Checking object

2021-11-16 09:37:16 - [MESSAGE][INFO] - Finding web element from Test Object's properties

2021-11-16 09:37:16 - [MESSAGE][INFO] - Checking timeout

2021-11-16 09:37:16 - [MESSAGE][INFO] - Finding web element with id: 'Object Repository/Kullanici_Islemleri/KullaniciIslemleri' located by 'By.cssSelector: .dropdown>a>img' in '30' second(s)

2021-11-16 09:37:16 - [MESSAGE][INFO] - Smart Wait Function is triggered

2021-11-16 09:37:17 - [MESSAGE][INFO] - Found 1 web elements with id: 'Object Repository/Kullanici_Islemleri/KullaniciIslemleri' located by 'By.cssSelector: .dropdown>a>img' in '30' second(s)

2021-11-16 09:37:17 - [MESSAGE][PASSED] - Object 'Object Repository/Kullanici_Islemleri/KullaniciIslemleri' is visible

2021-11-16 09:37:17 - [MESSAGE][PASSED] - Call Test Case 'Test Cases/Sayfalar/Giris_Sayfasi/Login' successfully

2021-11-16 09:37:17 - [MESSAGE][INFO] - Checking called Test Case

2021-11-16 09:37:17 - [MESSAGE][INFO] - Starting to call Test Case 'Test Cases/Menu/AnaMenuSecimi'

2021-11-16 09:37:17 - [TEST_CASE][PASSED] - Test Cases/Menu/AnaMenuSecimi: Test Cases/Menu/AnaMenuSecimi

2021-11-16 09:37:17 - [TEST_STEP][PASSED] - Method.TextDegerineEsitElementeTikla(findTestObject("Menu/Ana_Menu"), Ana_Menu): Method.TextDegerineEsitElementeTikla is PASSED

2021-11-16 09:37:17 - [MESSAGE][INFO] - Finding Test Object 'Object Repository/Menu/Ana_Menu'

2021-11-16 09:37:17 - [MESSAGE][INFO] - Checking timeout

2021-11-16 09:37:17 - [MESSAGE][INFO] - Finding web element with id: 'Object Repository/Menu/Ana_Menu' located by 'By.xpath: //*[@class = 'dropdown-toggle']' in '10' second(s)

2021-11-16 09:37:17 - [MESSAGE][INFO] - Smart Wait Function is triggered

2021-11-16 09:37:17 - [MESSAGE][INFO] - Found 14 web elements with id: 'Object Repository/Menu/Ana_Menu' located by 'By.xpath: //*[@class = 'dropdown-toggle']' in '10' second(s)

2021-11-16 09:37:17 - [MESSAGE][PASSED] - Method.TextDegerineEsitElementeTikla is PASSED

2021-11-16 09:37:17 - [MESSAGE][PASSED] - Call Test Case 'Test Cases/Menu/AnaMenuSecimi' successfully

2021-11-16 09:37:17 - [MESSAGE][INFO] - Checking called Test Case

2021-11-16 09:37:17 - [MESSAGE][INFO] - Starting to call Test Case 'Test Cases/Menu/BasligaGoreAltMenuSecimi'

2021-11-16 09:37:17 - [TEST_CASE][PASSED] - Test Cases/Menu/BasligaGoreAltMenuSecimi: Test Cases/Menu/BasligaGoreAltMenuSecimi

2021-11-16 09:37:17 - [TEST_STEP][PASSED] - Method.TextDegerineEsitElementinAltindakiTextDegerineEsitOlanaTikla(findTestObject("Menu/Menu_Basligi"), findTestObject("Menu/Basliga_Gore_Alt_Menu"), Baslik, Alt_Menu): Method.TextDegerineEsitElementinAltindakiTextDegerineEsitOlanaTikla is PASSED

2021-11-16 09:37:17 - [MESSAGE][INFO] - Finding Test Object 'Object Repository/Menu/Menu_Basligi'

2021-11-16 09:37:17 - [MESSAGE][INFO] - Finding Test Object 'Object Repository/Menu/Basliga_Gore_Alt_Menu'

2021-11-16 09:37:18 - [MESSAGE][INFO] - Checking timeout

2021-11-16 09:37:18 - [MESSAGE][INFO] - Finding web element with id: 'Object Repository/Menu/Menu_Basligi' located by 'By.xpath: //li[@class='dropdown dropdown-large open']//li[@class='dropdown-header']' in '10' second(s)

2021-11-16 09:37:18 - [MESSAGE][INFO] - Smart Wait Function is triggered

2021-11-16 09:37:18 - [MESSAGE][INFO] - Found 2 web elements with id: 'Object Repository/Menu/Menu_Basligi' located by 'By.xpath: //li[@class='dropdown dropdown-large open']//li[@class='dropdown-header']' in '10' second(s)

2021-11-16 09:37:18 - [MESSAGE][INFO] - Smart Wait Function is triggered

2021-11-16 09:37:21 - [MESSAGE][PASSED] - Method.TextDegerineEsitElementinAltindakiTextDegerineEsitOlanaTikla is PASSED

2021-11-16 09:37:21 - [MESSAGE][PASSED] - Call Test Case 'Test Cases/Menu/BasligaGoreAltMenuSecimi' successfully

2021-11-16 09:37:21 - [MESSAGE][INFO] - Checking called Test Case

2021-11-16 09:37:21 - [MESSAGE][INFO] - Starting to call Test Case 'Test Cases/Kullanici_Islemleri/KullaniciIslemlerindenSecimYapilir'

2021-11-16 09:37:21 - [TEST_CASE][PASSED] - Test Cases/Kullanici_Islemleri/KullaniciIslemlerindenSecimYapilir: Test Cases/Kullanici_Islemleri/KullaniciIslemlerindenSecimYapilir

2021-11-16 09:37:21 - [TEST_STEP][PASSED] - waitForElementClickable(findTestObject("Object Repository/Kullanici_Islemleri/KullaniciIslemleri"), 10): Object 'Object Repository/Kullanici_Islemleri/KullaniciIslemleri' is clickable

2021-11-16 09:37:21 - [MESSAGE][INFO] - Finding Test Object 'Object Repository/Kullanici_Islemleri/KullaniciIslemleri'

2021-11-16 09:37:21 - [MESSAGE][INFO] - Checking object

2021-11-16 09:37:21 - [MESSAGE][INFO] - Checking timeout

2021-11-16 09:37:21 - [MESSAGE][INFO] - Finding web element from Test Object's properties

2021-11-16 09:37:21 - [MESSAGE][INFO] - Checking timeout

2021-11-16 09:37:21 - [MESSAGE][INFO] - Finding web element with id: 'Object Repository/Kullanici_Islemleri/KullaniciIslemleri' located by 'By.cssSelector: .dropdown>a>img' in '10' second(s)

2021-11-16 09:37:21 - [MESSAGE][INFO] - Smart Wait Function is triggered

2021-11-16 09:37:22 - [MESSAGE][INFO] - Found 1 web elements with id: 'Object Repository/Kullanici_Islemleri/KullaniciIslemleri' located by 'By.cssSelector: .dropdown>a>img' in '10' second(s)

2021-11-16 09:37:22 - [MESSAGE][PASSED] - Object 'Object Repository/Kullanici_Islemleri/KullaniciIslemleri' is clickable

2021-11-16 09:37:22 - [TEST_STEP][PASSED] - click(findTestObject("Object Repository/Kullanici_Islemleri/KullaniciIslemleri")): Object: 'Object Repository/Kullanici_Islemleri/KullaniciIslemleri' is clicked on

2021-11-16 09:37:22 - [MESSAGE][INFO] - Finding Test Object 'Object Repository/Kullanici_Islemleri/KullaniciIslemleri'

2021-11-16 09:37:22 - [MESSAGE][INFO] - Checking object

2021-11-16 09:37:22 - [MESSAGE][INFO] - Finding web element from Test Object's properties

2021-11-16 09:37:22 - [MESSAGE][INFO] - Checking timeout

2021-11-16 09:37:22 - [MESSAGE][INFO] - Finding web element with id: 'Object Repository/Kullanici_Islemleri/KullaniciIslemleri' located by 'By.cssSelector: .dropdown>a>img' in '30' second(s)

2021-11-16 09:37:22 - [MESSAGE][INFO] - Smart Wait Function is triggered

2021-11-16 09:37:22 - [MESSAGE][INFO] - Found 1 web elements with id: 'Object Repository/Kullanici_Islemleri/KullaniciIslemleri' located by 'By.cssSelector: .dropdown>a>img' in '30' second(s)

2021-11-16 09:37:22 - [MESSAGE][INFO] - Clicking on object: 'Object Repository/Kullanici_Islemleri/KullaniciIslemleri'

2021-11-16 09:37:22 - [MESSAGE][PASSED] - Object: 'Object Repository/Kullanici_Islemleri/KullaniciIslemleri' is clicked on

2021-11-16 09:37:22 - [TEST_STEP][PASSED] - Method.TextDegerineEsitElementeTikla(findTestObject("Object Repository/Kullanici_Islemleri/Secenekler"), Islem): Method.TextDegerineEsitElementeTikla is PASSED

2021-11-16 09:37:22 - [MESSAGE][INFO] - Finding Test Object 'Object Repository/Kullanici_Islemleri/Secenekler'

2021-11-16 09:37:22 - [MESSAGE][INFO] - Checking timeout

2021-11-16 09:37:22 - [MESSAGE][INFO] - Finding web element with id: 'Object Repository/Kullanici_Islemleri/Secenekler' located by 'By.cssSelector: .nav.navbar-nav.navbar-right li a' in '10' second(s)

2021-11-16 09:37:22 - [MESSAGE][INFO] - Smart Wait Function is triggered

2021-11-16 09:37:22 - [MESSAGE][INFO] - Found 22 web elements with id: 'Object Repository/Kullanici_Islemleri/Secenekler' located by 'By.cssSelector: .nav.navbar-nav.navbar-right li a' in '10' second(s)

2021-11-16 09:37:24 - [MESSAGE][PASSED] - Method.TextDegerineEsitElementeTikla is PASSED

2021-11-16 09:37:24 - [TEST_STEP][PASSED] - verifyElementNotPresent(findTestObject("Object Repository/Kullanici_Islemleri/Secenekler"), 10): Web element with id: 'Object Repository/Kullanici_Islemleri/Secenekler' located by 'By.cssSelector: .nav.navbar-nav.navbar-right li a' is not present after '10' second(s)

2021-11-16 09:37:24 - [MESSAGE][INFO] - Finding Test Object 'Object Repository/Kullanici_Islemleri/Secenekler'

2021-11-16 09:37:24 - [MESSAGE][INFO] - Checking object

2021-11-16 09:37:24 - [MESSAGE][INFO] - Checking timeout

2021-11-16 09:37:24 - [MESSAGE][INFO] - Finding web element with id: 'Object Repository/Kullanici_Islemleri/Secenekler' located by 'By.cssSelector: .nav.navbar-nav.navbar-right li a' in '10' second(s)

2021-11-16 09:37:24 - [MESSAGE][INFO] - Smart Wait Function is triggered

2021-11-16 09:37:24 - [MESSAGE][PASSED] - Web element with id: 'Object Repository/Kullanici_Islemleri/Secenekler' located by 'By.cssSelector: .nav.navbar-nav.navbar-right li a' is not present after '10' second(s)

2021-11-16 09:37:24 - [MESSAGE][PASSED] - Call Test Case 'Test Cases/Kullanici_Islemleri/KullaniciIslemlerindenSecimYapilir' successfully

2021-11-16 09:37:24 - [TEST_CASE][PASSED] - Start Test Case : SCENARIO On ek icin yeni yil: SCENARIO On ek icin yeni yil

2021-11-16 09:37:24 - [TEST_STEP][PASSED] - Kullanıcı adı ELOGO6 ve Şifre 123456 olarak giriş yapılır: Kullanıcı adı ELOGO6 ve Şifre 123456 olarak giriş yapılır

2021-11-16 09:37:24 - [MESSAGE][PASSED] - Kullanıcı adı ELOGO6 ve Şifre 123456 olarak giriş yapılır

2021-11-16 09:37:24 - [TEST_STEP][PASSED] - Ana menüden Ayarlar seçilir: Ana menüden Ayarlar seçilir

2021-11-16 09:37:24 - [MESSAGE][PASSED] - Ana menüden Ayarlar seçilir

2021-11-16 09:37:24 - [TEST_STEP][PASSED] - Alt menü Araçlar başlığı altındaki Firma Bilgileri seçilir: Alt menü Araçlar başlığı altındaki Firma Bilgileri seçilir

2021-11-16 09:37:24 - [MESSAGE][PASSED] - Alt menü Araçlar başlığı altındaki Firma Bilgileri seçilir

2021-11-16 09:37:24 - [TEST_STEP][PASSED] - Kullanıcı işlemlerinden Çıkış seçilir: Kullanıcı işlemlerinden Çıkış seçilir

2021-11-16 09:37:24 - [MESSAGE][PASSED] - Kullanıcı işlemlerinden Çıkış seçilir

2021-11-16 09:37:24 - [MESSAGE][PASSED] - Feature file: 'Include/features/Ayarlar/Araclar/Firma Bilgileri/On ek icin yeni yil.feature' was passed

2021-11-16 09:37:24 - [TEST_STEP][PASSED] - Start listener action : sampleAfterTestSuite: Invoke 'com.kms.katalon.core.annotation.AfterTestCase' method: 'Listener.sampleAfterTestSuite(...)' completed.

2021-11-16 09:37:24 - [MESSAGE][INFO] - Starting invoke 'com.kms.katalon.core.annotation.AfterTestCase' method: 'Listener.sampleAfterTestSuite(...)'

2021-11-16 09:37:24 - [TEST_STEP][PASSED] - closeBrowser(): Invoke 'com.kms.katalon.core.annotation.AfterTestCase' method: 'Listener.sampleAfterTestSuite(...)' completed.

2021-11-16 09:37:24 - [MESSAGE][INFO] - Closing browser

2021-11-16 09:37:25 - [MESSAGE][PASSED] - Browser is closed

2021-11-16 09:37:25 - [MESSAGE][INFO] - Invoke 'com.kms.katalon.core.annotation.AfterTestCase' method: 'Listener.sampleAfterTestSuite(...)' completed.]]></system-out>
         <system-err><![CDATA[]]></system-err>
      </testcase>
      <testcase name="Test Cases/Case Repository/Ayarlar/Gorsel Tasarim/Hazir Tasarim Araci/e-Fatura/Buton Kontrolu" time="43.653" classname="Test Cases/Case Repository/Ayarlar/Gorsel Tasarim/Hazir Tasarim Araci/e-Fatura/Buton Kontrolu" status="PASSED">
         <system-out><![CDATA[2021-11-16 09:37:25 - [TEST_CASE][PASSED] - Test Cases/Case Repository/Ayarlar/Gorsel Tasarim/Hazir Tasarim Araci/e-Fatura/Buton Kontrolu: Test Cases/Case Repository/Ayarlar/Gorsel Tasarim/Hazir Tasarim Araci/e-Fatura/Buton Kontrolu

2021-11-16 09:37:25 - [TEST_STEP][PASSED] - Start listener action : sampleBeforeTestSuite: Invoke 'com.kms.katalon.core.annotation.BeforeTestCase' method: 'Listener.sampleBeforeTestSuite(...)' completed.

2021-11-16 09:37:25 - [MESSAGE][INFO] - Starting invoke 'com.kms.katalon.core.annotation.BeforeTestCase' method: 'Listener.sampleBeforeTestSuite(...)'

2021-11-16 09:37:25 - [TEST_STEP][PASSED] - openBrowser(baseUrl): Browser is opened with url: 'https://efatura-stage.elogo.com.tr/'

2021-11-16 09:37:25 - [MESSAGE][INFO] - Opening browser

2021-11-16 09:37:25 - [MESSAGE][INFO] - Starting 'Chrome' driver

2021-11-16 09:37:25 - [MESSAGE][INFO] - User set preference: ['prefs', '{download.default_directory=C:\otomasyondownfiles}']

2021-11-16 09:37:25 - [MESSAGE][INFO] - Action delay is set to 0 milliseconds

2021-11-16 09:37:27 - [MESSAGE][INFO] - Navigating browser to: 'https://efatura-stage.elogo.com.tr/'

2021-11-16 09:37:31 - [MESSAGE][PASSED] - Browser is opened with url: 'https://efatura-stage.elogo.com.tr/'

2021-11-16 09:37:31 - [TEST_STEP][PASSED] - maximizeWindow(): Invoke 'com.kms.katalon.core.annotation.BeforeTestCase' method: 'Listener.sampleBeforeTestSuite(...)' completed.

2021-11-16 09:37:31 - [MESSAGE][INFO] - Maximizing current window

2021-11-16 09:37:31 - [MESSAGE][PASSED] - Current window maximized

2021-11-16 09:37:31 - [MESSAGE][INFO] - Invoke 'com.kms.katalon.core.annotation.BeforeTestCase' method: 'Listener.sampleBeforeTestSuite(...)' completed.

2021-11-16 09:37:31 - [TEST_STEP][PASSED] - runFeatureFile("Include/features/Ayarlar/Gorsel Tasarimlar/Hazir Tasarim Araci/e-Fatura/Buton Kontrolu.feature"): Feature file: 'Include/features/Ayarlar/Gorsel Tasarimlar/Hazir Tasarim Araci/e-Fatura/Buton Kontrolu.feature' was passed

2021-11-16 09:37:31 - [MESSAGE][INFO] - Starting run keyword runFeatureFile: 'Include/features/Ayarlar/Gorsel Tasarimlar/Hazir Tasarim Araci/e-Fatura/Buton Kontrolu.feature' and extract report to folder: 'C:\Users\DELL\Documents\GitHub\EES_KatalonLogo\Reports\20211116_090026\Suite Repository\Ayarlar\20211116_090123/cucumber_report/1637044651939'...

2021-11-16 09:37:31 - [MESSAGE][INFO] - Glue: []

2021-11-16 09:37:34 - [MESSAGE][INFO] - Checking called Test Case

2021-11-16 09:37:34 - [MESSAGE][INFO] - Starting to call Test Case 'Test Cases/Sayfalar/Giris_Sayfasi/Login'

2021-11-16 09:37:34 - [TEST_CASE][PASSED] - Test Cases/Sayfalar/Giris_Sayfasi/Login: Test Cases/Sayfalar/Giris_Sayfasi/Login

2021-11-16 09:37:34 - [TEST_STEP][PASSED] - Sayfa_Basligi = getWindowTitle(): Current window's title is: 'LOGO e-Fatura'

2021-11-16 09:37:34 - [MESSAGE][INFO] - Getting current window's title

2021-11-16 09:37:34 - [MESSAGE][PASSED] - Current window's title is: 'LOGO e-Fatura'

2021-11-16 09:37:34 - [TEST_STEP][PASSED] - verifyMatch(Sayfa_Basligi, "LOGO e-Fatura", false): Actual text 'LOGO e-Fatura' and expected text 'LOGO e-Fatura' are matched 

2021-11-16 09:37:34 - [MESSAGE][INFO] - Matching actual text 'LOGO e-Fatura' with expected text 'LOGO e-Fatura'

2021-11-16 09:37:34 - [MESSAGE][PASSED] - Actual text 'LOGO e-Fatura' and expected text 'LOGO e-Fatura' are matched 

2021-11-16 09:37:34 - [TEST_STEP][PASSED] - sendKeys(findTestObject("Sayfalar/Giris_Sayfasi/Firma_Kodu"), KullaniciAdi): Keys 'ELOGO6' sent to object: 'Object Repository/Sayfalar/Giris_Sayfasi/Firma_Kodu'

2021-11-16 09:37:34 - [MESSAGE][INFO] - Finding Test Object 'Object Repository/Sayfalar/Giris_Sayfasi/Firma_Kodu'

2021-11-16 09:37:34 - [MESSAGE][INFO] - Sending keys 'ELOGO6' to object: 'Object Repository/Sayfalar/Giris_Sayfasi/Firma_Kodu'

2021-11-16 09:37:34 - [MESSAGE][INFO] - Finding web element from Test Object's properties

2021-11-16 09:37:34 - [MESSAGE][INFO] - Checking timeout

2021-11-16 09:37:34 - [MESSAGE][INFO] - Finding web element with id: 'Object Repository/Sayfalar/Giris_Sayfasi/Firma_Kodu' located by 'By.xpath: //*[@id = 'AccountName']' in '30' second(s)

2021-11-16 09:37:34 - [MESSAGE][INFO] - Smart Wait Function is triggered

2021-11-16 09:37:34 - [MESSAGE][INFO] - Found 1 web elements with id: 'Object Repository/Sayfalar/Giris_Sayfasi/Firma_Kodu' located by 'By.xpath: //*[@id = 'AccountName']' in '30' second(s)

2021-11-16 09:37:34 - [MESSAGE][PASSED] - Keys 'ELOGO6' sent to object: 'Object Repository/Sayfalar/Giris_Sayfasi/Firma_Kodu'

2021-11-16 09:37:34 - [TEST_STEP][PASSED] - sendKeys(findTestObject("Sayfalar/Giris_Sayfasi/Sifre"), Sifre): Keys '123456' sent to object: 'Object Repository/Sayfalar/Giris_Sayfasi/Sifre'

2021-11-16 09:37:34 - [MESSAGE][INFO] - Finding Test Object 'Object Repository/Sayfalar/Giris_Sayfasi/Sifre'

2021-11-16 09:37:35 - [MESSAGE][INFO] - Sending keys '123456' to object: 'Object Repository/Sayfalar/Giris_Sayfasi/Sifre'

2021-11-16 09:37:35 - [MESSAGE][INFO] - Finding web element from Test Object's properties

2021-11-16 09:37:35 - [MESSAGE][INFO] - Checking timeout

2021-11-16 09:37:35 - [MESSAGE][INFO] - Finding web element with id: 'Object Repository/Sayfalar/Giris_Sayfasi/Sifre' located by 'By.xpath: //*[@id = 'Password']' in '30' second(s)

2021-11-16 09:37:35 - [MESSAGE][INFO] - Smart Wait Function is triggered

2021-11-16 09:37:35 - [MESSAGE][INFO] - Found 1 web elements with id: 'Object Repository/Sayfalar/Giris_Sayfasi/Sifre' located by 'By.xpath: //*[@id = 'Password']' in '30' second(s)

2021-11-16 09:37:35 - [MESSAGE][PASSED] - Keys '123456' sent to object: 'Object Repository/Sayfalar/Giris_Sayfasi/Sifre'

2021-11-16 09:37:35 - [TEST_STEP][PASSED] - findWebElement(findTestObject("Sayfalar/Giris_Sayfasi/Giris_Butonu")).click(): Found 1 web elements with id: 'Object Repository/Sayfalar/Giris_Sayfasi/Giris_Butonu' located by 'By.cssSelector: #btnLogin' in '30' second(s)

2021-11-16 09:37:35 - [MESSAGE][INFO] - Finding Test Object 'Object Repository/Sayfalar/Giris_Sayfasi/Giris_Butonu'

2021-11-16 09:37:35 - [MESSAGE][INFO] - Finding web element from Test Object's properties

2021-11-16 09:37:35 - [MESSAGE][INFO] - Checking timeout

2021-11-16 09:37:35 - [MESSAGE][INFO] - Finding web element with id: 'Object Repository/Sayfalar/Giris_Sayfasi/Giris_Butonu' located by 'By.cssSelector: #btnLogin' in '30' second(s)

2021-11-16 09:37:35 - [MESSAGE][INFO] - Smart Wait Function is triggered

2021-11-16 09:37:35 - [MESSAGE][INFO] - Found 1 web elements with id: 'Object Repository/Sayfalar/Giris_Sayfasi/Giris_Butonu' located by 'By.cssSelector: #btnLogin' in '30' second(s)

2021-11-16 09:37:38 - [TEST_STEP][PASSED] - if (verifyElementPresent(findTestObject("Object Repository/Sayfalar/Giris_Sayfasi/RetveTamam_Butonu"), 5, OPTIONAL)): null

2021-11-16 09:37:38 - [MESSAGE][INFO] - Finding Test Object 'Object Repository/Sayfalar/Giris_Sayfasi/RetveTamam_Butonu'

2021-11-16 09:37:38 - [MESSAGE][INFO] - Checking object

2021-11-16 09:37:38 - [MESSAGE][INFO] - Finding web element from Test Object's properties

2021-11-16 09:37:38 - [MESSAGE][INFO] - Checking timeout

2021-11-16 09:37:38 - [MESSAGE][INFO] - Finding web element with id: 'Object Repository/Sayfalar/Giris_Sayfasi/RetveTamam_Butonu' located by 'By.xpath: //*[@class = 'btn btn-default']' in '5' second(s)

2021-11-16 09:37:38 - [MESSAGE][INFO] - Smart Wait Function is triggered

2021-11-16 09:37:38 - [MESSAGE][INFO] - Found 1 web elements with id: 'Object Repository/Sayfalar/Giris_Sayfasi/RetveTamam_Butonu' located by 'By.xpath: //*[@class = 'btn btn-default']' in '5' second(s)

2021-11-16 09:37:38 - [MESSAGE][PASSED] - Object 'Object Repository/Sayfalar/Giris_Sayfasi/RetveTamam_Butonu' is present

2021-11-16 09:37:38 - [TEST_STEP][PASSED] - click(findTestObject("Object Repository/Sayfalar/Giris_Sayfasi/RetveTamam_Butonu")): Object: 'Object Repository/Sayfalar/Giris_Sayfasi/RetveTamam_Butonu' is clicked on

2021-11-16 09:37:38 - [MESSAGE][INFO] - Finding Test Object 'Object Repository/Sayfalar/Giris_Sayfasi/RetveTamam_Butonu'

2021-11-16 09:37:38 - [MESSAGE][INFO] - Checking object

2021-11-16 09:37:38 - [MESSAGE][INFO] - Finding web element from Test Object's properties

2021-11-16 09:37:38 - [MESSAGE][INFO] - Checking timeout

2021-11-16 09:37:38 - [MESSAGE][INFO] - Finding web element with id: 'Object Repository/Sayfalar/Giris_Sayfasi/RetveTamam_Butonu' located by 'By.xpath: //*[@class = 'btn btn-default']' in '30' second(s)

2021-11-16 09:37:38 - [MESSAGE][INFO] - Smart Wait Function is triggered

2021-11-16 09:37:39 - [MESSAGE][INFO] - Found 1 web elements with id: 'Object Repository/Sayfalar/Giris_Sayfasi/RetveTamam_Butonu' located by 'By.xpath: //*[@class = 'btn btn-default']' in '30' second(s)

2021-11-16 09:37:39 - [MESSAGE][INFO] - Clicking on object: 'Object Repository/Sayfalar/Giris_Sayfasi/RetveTamam_Butonu'

2021-11-16 09:37:39 - [MESSAGE][PASSED] - Object: 'Object Repository/Sayfalar/Giris_Sayfasi/RetveTamam_Butonu' is clicked on

2021-11-16 09:37:39 - [TEST_STEP][PASSED] - click(findTestObject("Object Repository/Sayfalar/Giris_Sayfasi/RetveTamam_Butonu")): Object: 'Object Repository/Sayfalar/Giris_Sayfasi/RetveTamam_Butonu' is clicked on

2021-11-16 09:37:39 - [MESSAGE][INFO] - Finding Test Object 'Object Repository/Sayfalar/Giris_Sayfasi/RetveTamam_Butonu'

2021-11-16 09:37:39 - [MESSAGE][INFO] - Checking object

2021-11-16 09:37:39 - [MESSAGE][INFO] - Finding web element from Test Object's properties

2021-11-16 09:37:39 - [MESSAGE][INFO] - Checking timeout

2021-11-16 09:37:39 - [MESSAGE][INFO] - Finding web element with id: 'Object Repository/Sayfalar/Giris_Sayfasi/RetveTamam_Butonu' located by 'By.xpath: //*[@class = 'btn btn-default']' in '30' second(s)

2021-11-16 09:37:39 - [MESSAGE][INFO] - Smart Wait Function is triggered

2021-11-16 09:37:44 - [MESSAGE][INFO] - Found 1 web elements with id: 'Object Repository/Sayfalar/Giris_Sayfasi/RetveTamam_Butonu' located by 'By.xpath: //*[@class = 'btn btn-default']' in '30' second(s)

2021-11-16 09:37:44 - [MESSAGE][INFO] - Clicking on object: 'Object Repository/Sayfalar/Giris_Sayfasi/RetveTamam_Butonu'

2021-11-16 09:37:44 - [MESSAGE][PASSED] - Object: 'Object Repository/Sayfalar/Giris_Sayfasi/RetveTamam_Butonu' is clicked on

2021-11-16 09:37:44 - [TEST_STEP][PASSED] - if (verifyElementPresent(findTestObject("Sayfalar/Giris_Sayfasi/PopupOK"), 5, OPTIONAL)): null

2021-11-16 09:37:44 - [MESSAGE][INFO] - Finding Test Object 'Object Repository/Sayfalar/Giris_Sayfasi/PopupOK'

2021-11-16 09:37:44 - [MESSAGE][INFO] - Checking object

2021-11-16 09:37:44 - [MESSAGE][INFO] - Finding web element from Test Object's properties

2021-11-16 09:37:44 - [MESSAGE][INFO] - Checking timeout

2021-11-16 09:37:44 - [MESSAGE][INFO] - Finding web element with id: 'Object Repository/Sayfalar/Giris_Sayfasi/PopupOK' located by 'By.cssSelector: .btn.btn-success' in '5' second(s)

2021-11-16 09:37:44 - [MESSAGE][INFO] - Smart Wait Function is triggered

2021-11-16 09:37:45 - [MESSAGE][INFO] - Found 1 web elements with id: 'Object Repository/Sayfalar/Giris_Sayfasi/PopupOK' located by 'By.cssSelector: .btn.btn-success' in '5' second(s)

2021-11-16 09:37:45 - [MESSAGE][PASSED] - Object 'Object Repository/Sayfalar/Giris_Sayfasi/PopupOK' is present

2021-11-16 09:37:45 - [TEST_STEP][PASSED] - click(findTestObject("Object Repository/Sayfalar/Giris_Sayfasi/PopupCarpiGiris")): Object: 'Object Repository/Sayfalar/Giris_Sayfasi/PopupCarpiGiris' is clicked on

2021-11-16 09:37:45 - [MESSAGE][INFO] - Finding Test Object 'Object Repository/Sayfalar/Giris_Sayfasi/PopupCarpiGiris'

2021-11-16 09:37:45 - [MESSAGE][INFO] - Checking object

2021-11-16 09:37:45 - [MESSAGE][INFO] - Finding web element from Test Object's properties

2021-11-16 09:37:45 - [MESSAGE][INFO] - Checking timeout

2021-11-16 09:37:45 - [MESSAGE][INFO] - Finding web element with id: 'Object Repository/Sayfalar/Giris_Sayfasi/PopupCarpiGiris' located by 'By.cssSelector: .bootbox-close-button.close' in '30' second(s)

2021-11-16 09:37:45 - [MESSAGE][INFO] - Smart Wait Function is triggered

2021-11-16 09:37:45 - [MESSAGE][INFO] - Found 1 web elements with id: 'Object Repository/Sayfalar/Giris_Sayfasi/PopupCarpiGiris' located by 'By.cssSelector: .bootbox-close-button.close' in '30' second(s)

2021-11-16 09:37:45 - [MESSAGE][INFO] - Clicking on object: 'Object Repository/Sayfalar/Giris_Sayfasi/PopupCarpiGiris'

2021-11-16 09:37:45 - [MESSAGE][PASSED] - Object: 'Object Repository/Sayfalar/Giris_Sayfasi/PopupCarpiGiris' is clicked on

2021-11-16 09:37:45 - [TEST_STEP][PASSED] - verifyElementVisible(findTestObject("Object Repository/Kullanici_Islemleri/KullaniciIslemleri")): Object 'Object Repository/Kullanici_Islemleri/KullaniciIslemleri' is visible

2021-11-16 09:37:45 - [MESSAGE][INFO] - Finding Test Object 'Object Repository/Kullanici_Islemleri/KullaniciIslemleri'

2021-11-16 09:37:46 - [MESSAGE][INFO] - Checking object

2021-11-16 09:37:46 - [MESSAGE][INFO] - Finding web element from Test Object's properties

2021-11-16 09:37:46 - [MESSAGE][INFO] - Checking timeout

2021-11-16 09:37:46 - [MESSAGE][INFO] - Finding web element with id: 'Object Repository/Kullanici_Islemleri/KullaniciIslemleri' located by 'By.cssSelector: .dropdown>a>img' in '30' second(s)

2021-11-16 09:37:46 - [MESSAGE][INFO] - Smart Wait Function is triggered

2021-11-16 09:37:46 - [MESSAGE][INFO] - Found 1 web elements with id: 'Object Repository/Kullanici_Islemleri/KullaniciIslemleri' located by 'By.cssSelector: .dropdown>a>img' in '30' second(s)

2021-11-16 09:37:46 - [MESSAGE][PASSED] - Object 'Object Repository/Kullanici_Islemleri/KullaniciIslemleri' is visible

2021-11-16 09:37:46 - [MESSAGE][PASSED] - Call Test Case 'Test Cases/Sayfalar/Giris_Sayfasi/Login' successfully

2021-11-16 09:37:46 - [MESSAGE][INFO] - Checking called Test Case

2021-11-16 09:37:46 - [MESSAGE][INFO] - Starting to call Test Case 'Test Cases/Menu/AnaMenuSecimi'

2021-11-16 09:37:46 - [TEST_CASE][PASSED] - Test Cases/Menu/AnaMenuSecimi: Test Cases/Menu/AnaMenuSecimi

2021-11-16 09:37:46 - [TEST_STEP][PASSED] - Method.TextDegerineEsitElementeTikla(findTestObject("Menu/Ana_Menu"), Ana_Menu): Method.TextDegerineEsitElementeTikla is PASSED

2021-11-16 09:37:46 - [MESSAGE][INFO] - Finding Test Object 'Object Repository/Menu/Ana_Menu'

2021-11-16 09:37:46 - [MESSAGE][INFO] - Checking timeout

2021-11-16 09:37:46 - [MESSAGE][INFO] - Finding web element with id: 'Object Repository/Menu/Ana_Menu' located by 'By.xpath: //*[@class = 'dropdown-toggle']' in '10' second(s)

2021-11-16 09:37:46 - [MESSAGE][INFO] - Smart Wait Function is triggered

2021-11-16 09:37:47 - [MESSAGE][INFO] - Found 14 web elements with id: 'Object Repository/Menu/Ana_Menu' located by 'By.xpath: //*[@class = 'dropdown-toggle']' in '10' second(s)

2021-11-16 09:37:47 - [MESSAGE][PASSED] - Method.TextDegerineEsitElementeTikla is PASSED

2021-11-16 09:37:47 - [MESSAGE][PASSED] - Call Test Case 'Test Cases/Menu/AnaMenuSecimi' successfully

2021-11-16 09:37:47 - [MESSAGE][INFO] - Checking called Test Case

2021-11-16 09:37:47 - [MESSAGE][INFO] - Starting to call Test Case 'Test Cases/Menu/BasligaGoreAltMenuSecimi'

2021-11-16 09:37:47 - [TEST_CASE][PASSED] - Test Cases/Menu/BasligaGoreAltMenuSecimi: Test Cases/Menu/BasligaGoreAltMenuSecimi

2021-11-16 09:37:47 - [TEST_STEP][PASSED] - Method.TextDegerineEsitElementinAltindakiTextDegerineEsitOlanaTikla(findTestObject("Menu/Menu_Basligi"), findTestObject("Menu/Basliga_Gore_Alt_Menu"), Baslik, Alt_Menu): Method.TextDegerineEsitElementinAltindakiTextDegerineEsitOlanaTikla is PASSED

2021-11-16 09:37:47 - [MESSAGE][INFO] - Finding Test Object 'Object Repository/Menu/Menu_Basligi'

2021-11-16 09:37:47 - [MESSAGE][INFO] - Finding Test Object 'Object Repository/Menu/Basliga_Gore_Alt_Menu'

2021-11-16 09:37:47 - [MESSAGE][INFO] - Checking timeout

2021-11-16 09:37:47 - [MESSAGE][INFO] - Finding web element with id: 'Object Repository/Menu/Menu_Basligi' located by 'By.xpath: //li[@class='dropdown dropdown-large open']//li[@class='dropdown-header']' in '10' second(s)

2021-11-16 09:37:47 - [MESSAGE][INFO] - Smart Wait Function is triggered

2021-11-16 09:37:48 - [MESSAGE][INFO] - Found 2 web elements with id: 'Object Repository/Menu/Menu_Basligi' located by 'By.xpath: //li[@class='dropdown dropdown-large open']//li[@class='dropdown-header']' in '10' second(s)

2021-11-16 09:37:48 - [MESSAGE][INFO] - Smart Wait Function is triggered

2021-11-16 09:37:53 - [MESSAGE][PASSED] - Method.TextDegerineEsitElementinAltindakiTextDegerineEsitOlanaTikla is PASSED

2021-11-16 09:37:53 - [MESSAGE][PASSED] - Call Test Case 'Test Cases/Menu/BasligaGoreAltMenuSecimi' successfully

2021-11-16 09:37:53 - [MESSAGE][INFO] - Checking called Test Case

2021-11-16 09:37:53 - [MESSAGE][INFO] - Starting to call Test Case 'Test Cases/Sayfalar/Yetki_Yonetimi/SekmeSecilir'

2021-11-16 09:37:53 - [TEST_CASE][PASSED] - Test Cases/Sayfalar/Yetki_Yonetimi/SekmeSecilir: Test Cases/Sayfalar/Yetki_Yonetimi/SekmeSecilir

2021-11-16 09:37:53 - [TEST_STEP][PASSED] - Method.TextDegerineEsitElementeTikla(findTestObject("Object Repository/Sayfalar/Yetki_Yonetimi/Sekmeler"), Sekme): Method.TextDegerineEsitElementeTikla is PASSED

2021-11-16 09:37:53 - [MESSAGE][INFO] - Finding Test Object 'Object Repository/Sayfalar/Yetki_Yonetimi/Sekmeler'

2021-11-16 09:37:53 - [MESSAGE][INFO] - Checking timeout

2021-11-16 09:37:53 - [MESSAGE][INFO] - Finding web element with id: 'Object Repository/Sayfalar/Yetki_Yonetimi/Sekmeler' located by 'By.cssSelector: #pcFeatures_TC>li[class="dxtc-tab"] span,#pcFeatures_TC>li[class="dxtc-activeTab dxtc-lead"] span' in '10' second(s)

2021-11-16 09:37:53 - [MESSAGE][INFO] - Smart Wait Function is triggered

2021-11-16 09:37:54 - [MESSAGE][INFO] - Found 5 web elements with id: 'Object Repository/Sayfalar/Yetki_Yonetimi/Sekmeler' located by 'By.cssSelector: #pcFeatures_TC>li[class="dxtc-tab"] span,#pcFeatures_TC>li[class="dxtc-activeTab dxtc-lead"] span' in '10' second(s)

2021-11-16 09:37:54 - [MESSAGE][PASSED] - Method.TextDegerineEsitElementeTikla is PASSED

2021-11-16 09:37:54 - [MESSAGE][PASSED] - Call Test Case 'Test Cases/Sayfalar/Yetki_Yonetimi/SekmeSecilir' successfully

2021-11-16 09:37:54 - [MESSAGE][INFO] - Checking called Test Case

2021-11-16 09:37:54 - [MESSAGE][INFO] - Starting to call Test Case 'Test Cases/Sayfalar/Ayarlar/Gorsel_Tasarim/SablonButonuVarMi'

2021-11-16 09:37:54 - [TEST_CASE][PASSED] - Test Cases/Sayfalar/Ayarlar/Gorsel_Tasarim/SablonButonuVarMi: Test Cases/Sayfalar/Ayarlar/Gorsel_Tasarim/SablonButonuVarMi

2021-11-16 09:37:55 - [TEST_STEP][PASSED] - Method.TextDegerineEsitElementinAltindaTextDegerineEsitOlanVarMi(findTestObject("Object Repository/Sayfalar/Ayarlar/Gorsel_Tasarim/Sablonlar"), findTestObject("Object Repository/Sayfalar/Ayarlar/Gorsel_Tasarim/SablonButonlari"), Sablon, Buton): Method.TextDegerineEsitElementinAltindaTextDegerineEsitOlanVarMi is PASSED

2021-11-16 09:37:55 - [MESSAGE][INFO] - Finding Test Object 'Object Repository/Sayfalar/Ayarlar/Gorsel_Tasarim/Sablonlar'

2021-11-16 09:37:55 - [MESSAGE][INFO] - Finding Test Object 'Object Repository/Sayfalar/Ayarlar/Gorsel_Tasarim/SablonButonlari'

2021-11-16 09:37:55 - [MESSAGE][INFO] - Checking timeout

2021-11-16 09:37:55 - [MESSAGE][INFO] - Finding web element with id: 'Object Repository/Sayfalar/Ayarlar/Gorsel_Tasarim/Sablonlar' located by 'By.cssSelector: .dxgvDataRow_LECustomTheme>td>b' in '10' second(s)

2021-11-16 09:37:55 - [MESSAGE][INFO] - Smart Wait Function is triggered

2021-11-16 09:37:55 - [MESSAGE][INFO] - Found 12 web elements with id: 'Object Repository/Sayfalar/Ayarlar/Gorsel_Tasarim/Sablonlar' located by 'By.cssSelector: .dxgvDataRow_LECustomTheme>td>b' in '10' second(s)

2021-11-16 09:37:55 - [MESSAGE][INFO] - Smart Wait Function is triggered

2021-11-16 09:37:55 - [MESSAGE][PASSED] - Method.TextDegerineEsitElementinAltindaTextDegerineEsitOlanVarMi is PASSED

2021-11-16 09:37:55 - [MESSAGE][PASSED] - Call Test Case 'Test Cases/Sayfalar/Ayarlar/Gorsel_Tasarim/SablonButonuVarMi' successfully

2021-11-16 09:37:55 - [MESSAGE][INFO] - Checking called Test Case

2021-11-16 09:37:55 - [MESSAGE][INFO] - Starting to call Test Case 'Test Cases/Sayfalar/Ayarlar/Gorsel_Tasarim/SablonButonuVarMi'

2021-11-16 09:37:55 - [TEST_CASE][PASSED] - Test Cases/Sayfalar/Ayarlar/Gorsel_Tasarim/SablonButonuVarMi: Test Cases/Sayfalar/Ayarlar/Gorsel_Tasarim/SablonButonuVarMi

2021-11-16 09:37:55 - [TEST_STEP][PASSED] - Method.TextDegerineEsitElementinAltindaTextDegerineEsitOlanVarMi(findTestObject("Object Repository/Sayfalar/Ayarlar/Gorsel_Tasarim/Sablonlar"), findTestObject("Object Repository/Sayfalar/Ayarlar/Gorsel_Tasarim/SablonButonlari"), Sablon, Buton): Method.TextDegerineEsitElementinAltindaTextDegerineEsitOlanVarMi is PASSED

2021-11-16 09:37:55 - [MESSAGE][INFO] - Finding Test Object 'Object Repository/Sayfalar/Ayarlar/Gorsel_Tasarim/Sablonlar'

2021-11-16 09:37:56 - [MESSAGE][INFO] - Finding Test Object 'Object Repository/Sayfalar/Ayarlar/Gorsel_Tasarim/SablonButonlari'

2021-11-16 09:37:56 - [MESSAGE][INFO] - Checking timeout

2021-11-16 09:37:56 - [MESSAGE][INFO] - Finding web element with id: 'Object Repository/Sayfalar/Ayarlar/Gorsel_Tasarim/Sablonlar' located by 'By.cssSelector: .dxgvDataRow_LECustomTheme>td>b' in '10' second(s)

2021-11-16 09:37:56 - [MESSAGE][INFO] - Smart Wait Function is triggered

2021-11-16 09:37:56 - [MESSAGE][INFO] - Found 12 web elements with id: 'Object Repository/Sayfalar/Ayarlar/Gorsel_Tasarim/Sablonlar' located by 'By.cssSelector: .dxgvDataRow_LECustomTheme>td>b' in '10' second(s)

2021-11-16 09:37:56 - [MESSAGE][INFO] - Smart Wait Function is triggered

2021-11-16 09:37:56 - [MESSAGE][PASSED] - Method.TextDegerineEsitElementinAltindaTextDegerineEsitOlanVarMi is PASSED

2021-11-16 09:37:56 - [MESSAGE][PASSED] - Call Test Case 'Test Cases/Sayfalar/Ayarlar/Gorsel_Tasarim/SablonButonuVarMi' successfully

2021-11-16 09:37:56 - [MESSAGE][INFO] - Checking called Test Case

2021-11-16 09:37:56 - [MESSAGE][INFO] - Starting to call Test Case 'Test Cases/Sayfalar/Ayarlar/Gorsel_Tasarim/SablonButonuVarMi'

2021-11-16 09:37:56 - [TEST_CASE][PASSED] - Test Cases/Sayfalar/Ayarlar/Gorsel_Tasarim/SablonButonuVarMi: Test Cases/Sayfalar/Ayarlar/Gorsel_Tasarim/SablonButonuVarMi

2021-11-16 09:37:56 - [TEST_STEP][PASSED] - Method.TextDegerineEsitElementinAltindaTextDegerineEsitOlanVarMi(findTestObject("Object Repository/Sayfalar/Ayarlar/Gorsel_Tasarim/Sablonlar"), findTestObject("Object Repository/Sayfalar/Ayarlar/Gorsel_Tasarim/SablonButonlari"), Sablon, Buton): Method.TextDegerineEsitElementinAltindaTextDegerineEsitOlanVarMi is PASSED

2021-11-16 09:37:56 - [MESSAGE][INFO] - Finding Test Object 'Object Repository/Sayfalar/Ayarlar/Gorsel_Tasarim/Sablonlar'

2021-11-16 09:37:56 - [MESSAGE][INFO] - Finding Test Object 'Object Repository/Sayfalar/Ayarlar/Gorsel_Tasarim/SablonButonlari'

2021-11-16 09:37:56 - [MESSAGE][INFO] - Checking timeout

2021-11-16 09:37:56 - [MESSAGE][INFO] - Finding web element with id: 'Object Repository/Sayfalar/Ayarlar/Gorsel_Tasarim/Sablonlar' located by 'By.cssSelector: .dxgvDataRow_LECustomTheme>td>b' in '10' second(s)

2021-11-16 09:37:56 - [MESSAGE][INFO] - Smart Wait Function is triggered

2021-11-16 09:37:57 - [MESSAGE][INFO] - Found 12 web elements with id: 'Object Repository/Sayfalar/Ayarlar/Gorsel_Tasarim/Sablonlar' located by 'By.cssSelector: .dxgvDataRow_LECustomTheme>td>b' in '10' second(s)

2021-11-16 09:37:57 - [MESSAGE][INFO] - Smart Wait Function is triggered

2021-11-16 09:37:57 - [MESSAGE][PASSED] - Method.TextDegerineEsitElementinAltindaTextDegerineEsitOlanVarMi is PASSED

2021-11-16 09:37:57 - [MESSAGE][PASSED] - Call Test Case 'Test Cases/Sayfalar/Ayarlar/Gorsel_Tasarim/SablonButonuVarMi' successfully

2021-11-16 09:37:57 - [MESSAGE][INFO] - Checking called Test Case

2021-11-16 09:37:57 - [MESSAGE][INFO] - Starting to call Test Case 'Test Cases/Sayfalar/Ayarlar/Gorsel_Tasarim/SablonButonuVarMi'

2021-11-16 09:37:57 - [TEST_CASE][PASSED] - Test Cases/Sayfalar/Ayarlar/Gorsel_Tasarim/SablonButonuVarMi: Test Cases/Sayfalar/Ayarlar/Gorsel_Tasarim/SablonButonuVarMi

2021-11-16 09:37:57 - [TEST_STEP][PASSED] - Method.TextDegerineEsitElementinAltindaTextDegerineEsitOlanVarMi(findTestObject("Object Repository/Sayfalar/Ayarlar/Gorsel_Tasarim/Sablonlar"), findTestObject("Object Repository/Sayfalar/Ayarlar/Gorsel_Tasarim/SablonButonlari"), Sablon, Buton): Method.TextDegerineEsitElementinAltindaTextDegerineEsitOlanVarMi is PASSED

2021-11-16 09:37:57 - [MESSAGE][INFO] - Finding Test Object 'Object Repository/Sayfalar/Ayarlar/Gorsel_Tasarim/Sablonlar'

2021-11-16 09:37:57 - [MESSAGE][INFO] - Finding Test Object 'Object Repository/Sayfalar/Ayarlar/Gorsel_Tasarim/SablonButonlari'

2021-11-16 09:37:57 - [MESSAGE][INFO] - Checking timeout

2021-11-16 09:37:57 - [MESSAGE][INFO] - Finding web element with id: 'Object Repository/Sayfalar/Ayarlar/Gorsel_Tasarim/Sablonlar' located by 'By.cssSelector: .dxgvDataRow_LECustomTheme>td>b' in '10' second(s)

2021-11-16 09:37:57 - [MESSAGE][INFO] - Smart Wait Function is triggered

2021-11-16 09:37:58 - [MESSAGE][INFO] - Found 12 web elements with id: 'Object Repository/Sayfalar/Ayarlar/Gorsel_Tasarim/Sablonlar' located by 'By.cssSelector: .dxgvDataRow_LECustomTheme>td>b' in '10' second(s)

2021-11-16 09:37:58 - [MESSAGE][INFO] - Smart Wait Function is triggered

2021-11-16 09:37:58 - [MESSAGE][PASSED] - Method.TextDegerineEsitElementinAltindaTextDegerineEsitOlanVarMi is PASSED

2021-11-16 09:37:58 - [MESSAGE][PASSED] - Call Test Case 'Test Cases/Sayfalar/Ayarlar/Gorsel_Tasarim/SablonButonuVarMi' successfully

2021-11-16 09:37:58 - [MESSAGE][INFO] - Checking called Test Case

2021-11-16 09:37:58 - [MESSAGE][INFO] - Starting to call Test Case 'Test Cases/Sayfalar/Ayarlar/Gorsel_Tasarim/SablonButonuVarMi'

2021-11-16 09:37:58 - [TEST_CASE][PASSED] - Test Cases/Sayfalar/Ayarlar/Gorsel_Tasarim/SablonButonuVarMi: Test Cases/Sayfalar/Ayarlar/Gorsel_Tasarim/SablonButonuVarMi

2021-11-16 09:37:58 - [TEST_STEP][PASSED] - Method.TextDegerineEsitElementinAltindaTextDegerineEsitOlanVarMi(findTestObject("Object Repository/Sayfalar/Ayarlar/Gorsel_Tasarim/Sablonlar"), findTestObject("Object Repository/Sayfalar/Ayarlar/Gorsel_Tasarim/SablonButonlari"), Sablon, Buton): Method.TextDegerineEsitElementinAltindaTextDegerineEsitOlanVarMi is PASSED

2021-11-16 09:37:58 - [MESSAGE][INFO] - Finding Test Object 'Object Repository/Sayfalar/Ayarlar/Gorsel_Tasarim/Sablonlar'

2021-11-16 09:37:58 - [MESSAGE][INFO] - Finding Test Object 'Object Repository/Sayfalar/Ayarlar/Gorsel_Tasarim/SablonButonlari'

2021-11-16 09:37:58 - [MESSAGE][INFO] - Checking timeout

2021-11-16 09:37:58 - [MESSAGE][INFO] - Finding web element with id: 'Object Repository/Sayfalar/Ayarlar/Gorsel_Tasarim/Sablonlar' located by 'By.cssSelector: .dxgvDataRow_LECustomTheme>td>b' in '10' second(s)

2021-11-16 09:37:58 - [MESSAGE][INFO] - Smart Wait Function is triggered

2021-11-16 09:37:58 - [MESSAGE][INFO] - Found 12 web elements with id: 'Object Repository/Sayfalar/Ayarlar/Gorsel_Tasarim/Sablonlar' located by 'By.cssSelector: .dxgvDataRow_LECustomTheme>td>b' in '10' second(s)

2021-11-16 09:37:58 - [MESSAGE][INFO] - Smart Wait Function is triggered

2021-11-16 09:37:59 - [MESSAGE][PASSED] - Method.TextDegerineEsitElementinAltindaTextDegerineEsitOlanVarMi is PASSED

2021-11-16 09:37:59 - [MESSAGE][PASSED] - Call Test Case 'Test Cases/Sayfalar/Ayarlar/Gorsel_Tasarim/SablonButonuVarMi' successfully

2021-11-16 09:37:59 - [MESSAGE][INFO] - Checking called Test Case

2021-11-16 09:37:59 - [MESSAGE][INFO] - Starting to call Test Case 'Test Cases/Sayfalar/Ayarlar/Gorsel_Tasarim/SablonButonuVarMi'

2021-11-16 09:37:59 - [TEST_CASE][PASSED] - Test Cases/Sayfalar/Ayarlar/Gorsel_Tasarim/SablonButonuVarMi: Test Cases/Sayfalar/Ayarlar/Gorsel_Tasarim/SablonButonuVarMi

2021-11-16 09:37:59 - [TEST_STEP][PASSED] - Method.TextDegerineEsitElementinAltindaTextDegerineEsitOlanVarMi(findTestObject("Object Repository/Sayfalar/Ayarlar/Gorsel_Tasarim/Sablonlar"), findTestObject("Object Repository/Sayfalar/Ayarlar/Gorsel_Tasarim/SablonButonlari"), Sablon, Buton): Method.TextDegerineEsitElementinAltindaTextDegerineEsitOlanVarMi is PASSED

2021-11-16 09:37:59 - [MESSAGE][INFO] - Finding Test Object 'Object Repository/Sayfalar/Ayarlar/Gorsel_Tasarim/Sablonlar'

2021-11-16 09:37:59 - [MESSAGE][INFO] - Finding Test Object 'Object Repository/Sayfalar/Ayarlar/Gorsel_Tasarim/SablonButonlari'

2021-11-16 09:37:59 - [MESSAGE][INFO] - Checking timeout

2021-11-16 09:37:59 - [MESSAGE][INFO] - Finding web element with id: 'Object Repository/Sayfalar/Ayarlar/Gorsel_Tasarim/Sablonlar' located by 'By.cssSelector: .dxgvDataRow_LECustomTheme>td>b' in '10' second(s)

2021-11-16 09:37:59 - [MESSAGE][INFO] - Smart Wait Function is triggered

2021-11-16 09:37:59 - [MESSAGE][INFO] - Found 12 web elements with id: 'Object Repository/Sayfalar/Ayarlar/Gorsel_Tasarim/Sablonlar' located by 'By.cssSelector: .dxgvDataRow_LECustomTheme>td>b' in '10' second(s)

2021-11-16 09:37:59 - [MESSAGE][INFO] - Smart Wait Function is triggered

2021-11-16 09:37:59 - [MESSAGE][PASSED] - Method.TextDegerineEsitElementinAltindaTextDegerineEsitOlanVarMi is PASSED

2021-11-16 09:37:59 - [MESSAGE][PASSED] - Call Test Case 'Test Cases/Sayfalar/Ayarlar/Gorsel_Tasarim/SablonButonuVarMi' successfully

2021-11-16 09:38:00 - [MESSAGE][INFO] - Checking called Test Case

2021-11-16 09:38:00 - [MESSAGE][INFO] - Starting to call Test Case 'Test Cases/Sayfalar/Ayarlar/Gorsel_Tasarim/SablonButonuVarMi'

2021-11-16 09:38:00 - [TEST_CASE][PASSED] - Test Cases/Sayfalar/Ayarlar/Gorsel_Tasarim/SablonButonuVarMi: Test Cases/Sayfalar/Ayarlar/Gorsel_Tasarim/SablonButonuVarMi

2021-11-16 09:38:00 - [TEST_STEP][PASSED] - Method.TextDegerineEsitElementinAltindaTextDegerineEsitOlanVarMi(findTestObject("Object Repository/Sayfalar/Ayarlar/Gorsel_Tasarim/Sablonlar"), findTestObject("Object Repository/Sayfalar/Ayarlar/Gorsel_Tasarim/SablonButonlari"), Sablon, Buton): Method.TextDegerineEsitElementinAltindaTextDegerineEsitOlanVarMi is PASSED

2021-11-16 09:38:00 - [MESSAGE][INFO] - Finding Test Object 'Object Repository/Sayfalar/Ayarlar/Gorsel_Tasarim/Sablonlar'

2021-11-16 09:38:00 - [MESSAGE][INFO] - Finding Test Object 'Object Repository/Sayfalar/Ayarlar/Gorsel_Tasarim/SablonButonlari'

2021-11-16 09:38:00 - [MESSAGE][INFO] - Checking timeout

2021-11-16 09:38:00 - [MESSAGE][INFO] - Finding web element with id: 'Object Repository/Sayfalar/Ayarlar/Gorsel_Tasarim/Sablonlar' located by 'By.cssSelector: .dxgvDataRow_LECustomTheme>td>b' in '10' second(s)

2021-11-16 09:38:00 - [MESSAGE][INFO] - Smart Wait Function is triggered

2021-11-16 09:38:00 - [MESSAGE][INFO] - Found 12 web elements with id: 'Object Repository/Sayfalar/Ayarlar/Gorsel_Tasarim/Sablonlar' located by 'By.cssSelector: .dxgvDataRow_LECustomTheme>td>b' in '10' second(s)

2021-11-16 09:38:00 - [MESSAGE][INFO] - Smart Wait Function is triggered

2021-11-16 09:38:00 - [MESSAGE][PASSED] - Method.TextDegerineEsitElementinAltindaTextDegerineEsitOlanVarMi is PASSED

2021-11-16 09:38:00 - [MESSAGE][PASSED] - Call Test Case 'Test Cases/Sayfalar/Ayarlar/Gorsel_Tasarim/SablonButonuVarMi' successfully

2021-11-16 09:38:00 - [MESSAGE][INFO] - Checking called Test Case

2021-11-16 09:38:00 - [MESSAGE][INFO] - Starting to call Test Case 'Test Cases/Sayfalar/Ayarlar/Gorsel_Tasarim/SablonButonuVarMi'

2021-11-16 09:38:00 - [TEST_CASE][PASSED] - Test Cases/Sayfalar/Ayarlar/Gorsel_Tasarim/SablonButonuVarMi: Test Cases/Sayfalar/Ayarlar/Gorsel_Tasarim/SablonButonuVarMi

2021-11-16 09:38:00 - [TEST_STEP][PASSED] - Method.TextDegerineEsitElementinAltindaTextDegerineEsitOlanVarMi(findTestObject("Object Repository/Sayfalar/Ayarlar/Gorsel_Tasarim/Sablonlar"), findTestObject("Object Repository/Sayfalar/Ayarlar/Gorsel_Tasarim/SablonButonlari"), Sablon, Buton): Method.TextDegerineEsitElementinAltindaTextDegerineEsitOlanVarMi is PASSED

2021-11-16 09:38:00 - [MESSAGE][INFO] - Finding Test Object 'Object Repository/Sayfalar/Ayarlar/Gorsel_Tasarim/Sablonlar'

2021-11-16 09:38:01 - [MESSAGE][INFO] - Finding Test Object 'Object Repository/Sayfalar/Ayarlar/Gorsel_Tasarim/SablonButonlari'

2021-11-16 09:38:01 - [MESSAGE][INFO] - Checking timeout

2021-11-16 09:38:01 - [MESSAGE][INFO] - Finding web element with id: 'Object Repository/Sayfalar/Ayarlar/Gorsel_Tasarim/Sablonlar' located by 'By.cssSelector: .dxgvDataRow_LECustomTheme>td>b' in '10' second(s)

2021-11-16 09:38:01 - [MESSAGE][INFO] - Smart Wait Function is triggered

2021-11-16 09:38:01 - [MESSAGE][INFO] - Found 12 web elements with id: 'Object Repository/Sayfalar/Ayarlar/Gorsel_Tasarim/Sablonlar' located by 'By.cssSelector: .dxgvDataRow_LECustomTheme>td>b' in '10' second(s)

2021-11-16 09:38:01 - [MESSAGE][INFO] - Smart Wait Function is triggered

2021-11-16 09:38:01 - [MESSAGE][PASSED] - Method.TextDegerineEsitElementinAltindaTextDegerineEsitOlanVarMi is PASSED

2021-11-16 09:38:01 - [MESSAGE][PASSED] - Call Test Case 'Test Cases/Sayfalar/Ayarlar/Gorsel_Tasarim/SablonButonuVarMi' successfully

2021-11-16 09:38:01 - [MESSAGE][INFO] - Checking called Test Case

2021-11-16 09:38:01 - [MESSAGE][INFO] - Starting to call Test Case 'Test Cases/Sayfalar/Ayarlar/Gorsel_Tasarim/SablonButonuVarMi'

2021-11-16 09:38:01 - [TEST_CASE][PASSED] - Test Cases/Sayfalar/Ayarlar/Gorsel_Tasarim/SablonButonuVarMi: Test Cases/Sayfalar/Ayarlar/Gorsel_Tasarim/SablonButonuVarMi

2021-11-16 09:38:01 - [TEST_STEP][PASSED] - Method.TextDegerineEsitElementinAltindaTextDegerineEsitOlanVarMi(findTestObject("Object Repository/Sayfalar/Ayarlar/Gorsel_Tasarim/Sablonlar"), findTestObject("Object Repository/Sayfalar/Ayarlar/Gorsel_Tasarim/SablonButonlari"), Sablon, Buton): Method.TextDegerineEsitElementinAltindaTextDegerineEsitOlanVarMi is PASSED

2021-11-16 09:38:01 - [MESSAGE][INFO] - Finding Test Object 'Object Repository/Sayfalar/Ayarlar/Gorsel_Tasarim/Sablonlar'

2021-11-16 09:38:01 - [MESSAGE][INFO] - Finding Test Object 'Object Repository/Sayfalar/Ayarlar/Gorsel_Tasarim/SablonButonlari'

2021-11-16 09:38:01 - [MESSAGE][INFO] - Checking timeout

2021-11-16 09:38:01 - [MESSAGE][INFO] - Finding web element with id: 'Object Repository/Sayfalar/Ayarlar/Gorsel_Tasarim/Sablonlar' located by 'By.cssSelector: .dxgvDataRow_LECustomTheme>td>b' in '10' second(s)

2021-11-16 09:38:01 - [MESSAGE][INFO] - Smart Wait Function is triggered

2021-11-16 09:38:02 - [MESSAGE][INFO] - Found 12 web elements with id: 'Object Repository/Sayfalar/Ayarlar/Gorsel_Tasarim/Sablonlar' located by 'By.cssSelector: .dxgvDataRow_LECustomTheme>td>b' in '10' second(s)

2021-11-16 09:38:02 - [MESSAGE][INFO] - Smart Wait Function is triggered

2021-11-16 09:38:02 - [MESSAGE][PASSED] - Method.TextDegerineEsitElementinAltindaTextDegerineEsitOlanVarMi is PASSED

2021-11-16 09:38:02 - [MESSAGE][PASSED] - Call Test Case 'Test Cases/Sayfalar/Ayarlar/Gorsel_Tasarim/SablonButonuVarMi' successfully

2021-11-16 09:38:02 - [MESSAGE][INFO] - Checking called Test Case

2021-11-16 09:38:02 - [MESSAGE][INFO] - Starting to call Test Case 'Test Cases/Sayfalar/Ayarlar/Gorsel_Tasarim/SablonButonuVarMi'

2021-11-16 09:38:02 - [TEST_CASE][PASSED] - Test Cases/Sayfalar/Ayarlar/Gorsel_Tasarim/SablonButonuVarMi: Test Cases/Sayfalar/Ayarlar/Gorsel_Tasarim/SablonButonuVarMi

2021-11-16 09:38:02 - [TEST_STEP][PASSED] - Method.TextDegerineEsitElementinAltindaTextDegerineEsitOlanVarMi(findTestObject("Object Repository/Sayfalar/Ayarlar/Gorsel_Tasarim/Sablonlar"), findTestObject("Object Repository/Sayfalar/Ayarlar/Gorsel_Tasarim/SablonButonlari"), Sablon, Buton): Method.TextDegerineEsitElementinAltindaTextDegerineEsitOlanVarMi is PASSED

2021-11-16 09:38:02 - [MESSAGE][INFO] - Finding Test Object 'Object Repository/Sayfalar/Ayarlar/Gorsel_Tasarim/Sablonlar'

2021-11-16 09:38:02 - [MESSAGE][INFO] - Finding Test Object 'Object Repository/Sayfalar/Ayarlar/Gorsel_Tasarim/SablonButonlari'

2021-11-16 09:38:02 - [MESSAGE][INFO] - Checking timeout

2021-11-16 09:38:02 - [MESSAGE][INFO] - Finding web element with id: 'Object Repository/Sayfalar/Ayarlar/Gorsel_Tasarim/Sablonlar' located by 'By.cssSelector: .dxgvDataRow_LECustomTheme>td>b' in '10' second(s)

2021-11-16 09:38:02 - [MESSAGE][INFO] - Smart Wait Function is triggered

2021-11-16 09:38:03 - [MESSAGE][INFO] - Found 12 web elements with id: 'Object Repository/Sayfalar/Ayarlar/Gorsel_Tasarim/Sablonlar' located by 'By.cssSelector: .dxgvDataRow_LECustomTheme>td>b' in '10' second(s)

2021-11-16 09:38:03 - [MESSAGE][INFO] - Smart Wait Function is triggered

2021-11-16 09:38:03 - [MESSAGE][PASSED] - Method.TextDegerineEsitElementinAltindaTextDegerineEsitOlanVarMi is PASSED

2021-11-16 09:38:03 - [MESSAGE][PASSED] - Call Test Case 'Test Cases/Sayfalar/Ayarlar/Gorsel_Tasarim/SablonButonuVarMi' successfully

2021-11-16 09:38:03 - [MESSAGE][INFO] - Checking called Test Case

2021-11-16 09:38:03 - [MESSAGE][INFO] - Starting to call Test Case 'Test Cases/Sayfalar/Ayarlar/Gorsel_Tasarim/SablonButonuVarMi'

2021-11-16 09:38:03 - [TEST_CASE][PASSED] - Test Cases/Sayfalar/Ayarlar/Gorsel_Tasarim/SablonButonuVarMi: Test Cases/Sayfalar/Ayarlar/Gorsel_Tasarim/SablonButonuVarMi

2021-11-16 09:38:03 - [TEST_STEP][PASSED] - Method.TextDegerineEsitElementinAltindaTextDegerineEsitOlanVarMi(findTestObject("Object Repository/Sayfalar/Ayarlar/Gorsel_Tasarim/Sablonlar"), findTestObject("Object Repository/Sayfalar/Ayarlar/Gorsel_Tasarim/SablonButonlari"), Sablon, Buton): Method.TextDegerineEsitElementinAltindaTextDegerineEsitOlanVarMi is PASSED

2021-11-16 09:38:03 - [MESSAGE][INFO] - Finding Test Object 'Object Repository/Sayfalar/Ayarlar/Gorsel_Tasarim/Sablonlar'

2021-11-16 09:38:03 - [MESSAGE][INFO] - Finding Test Object 'Object Repository/Sayfalar/Ayarlar/Gorsel_Tasarim/SablonButonlari'

2021-11-16 09:38:03 - [MESSAGE][INFO] - Checking timeout

2021-11-16 09:38:03 - [MESSAGE][INFO] - Finding web element with id: 'Object Repository/Sayfalar/Ayarlar/Gorsel_Tasarim/Sablonlar' located by 'By.cssSelector: .dxgvDataRow_LECustomTheme>td>b' in '10' second(s)

2021-11-16 09:38:03 - [MESSAGE][INFO] - Smart Wait Function is triggered

2021-11-16 09:38:04 - [MESSAGE][INFO] - Found 12 web elements with id: 'Object Repository/Sayfalar/Ayarlar/Gorsel_Tasarim/Sablonlar' located by 'By.cssSelector: .dxgvDataRow_LECustomTheme>td>b' in '10' second(s)

2021-11-16 09:38:04 - [MESSAGE][INFO] - Smart Wait Function is triggered

2021-11-16 09:38:04 - [MESSAGE][PASSED] - Method.TextDegerineEsitElementinAltindaTextDegerineEsitOlanVarMi is PASSED

2021-11-16 09:38:04 - [MESSAGE][PASSED] - Call Test Case 'Test Cases/Sayfalar/Ayarlar/Gorsel_Tasarim/SablonButonuVarMi' successfully

2021-11-16 09:38:04 - [MESSAGE][INFO] - Checking called Test Case

2021-11-16 09:38:04 - [MESSAGE][INFO] - Starting to call Test Case 'Test Cases/Sayfalar/Ayarlar/Gorsel_Tasarim/SablonButonuVarMi'

2021-11-16 09:38:04 - [TEST_CASE][PASSED] - Test Cases/Sayfalar/Ayarlar/Gorsel_Tasarim/SablonButonuVarMi: Test Cases/Sayfalar/Ayarlar/Gorsel_Tasarim/SablonButonuVarMi

2021-11-16 09:38:04 - [TEST_STEP][PASSED] - Method.TextDegerineEsitElementinAltindaTextDegerineEsitOlanVarMi(findTestObject("Object Repository/Sayfalar/Ayarlar/Gorsel_Tasarim/Sablonlar"), findTestObject("Object Repository/Sayfalar/Ayarlar/Gorsel_Tasarim/SablonButonlari"), Sablon, Buton): Method.TextDegerineEsitElementinAltindaTextDegerineEsitOlanVarMi is PASSED

2021-11-16 09:38:04 - [MESSAGE][INFO] - Finding Test Object 'Object Repository/Sayfalar/Ayarlar/Gorsel_Tasarim/Sablonlar'

2021-11-16 09:38:04 - [MESSAGE][INFO] - Finding Test Object 'Object Repository/Sayfalar/Ayarlar/Gorsel_Tasarim/SablonButonlari'

2021-11-16 09:38:04 - [MESSAGE][INFO] - Checking timeout

2021-11-16 09:38:04 - [MESSAGE][INFO] - Finding web element with id: 'Object Repository/Sayfalar/Ayarlar/Gorsel_Tasarim/Sablonlar' located by 'By.cssSelector: .dxgvDataRow_LECustomTheme>td>b' in '10' second(s)

2021-11-16 09:38:04 - [MESSAGE][INFO] - Smart Wait Function is triggered

2021-11-16 09:38:05 - [MESSAGE][INFO] - Found 12 web elements with id: 'Object Repository/Sayfalar/Ayarlar/Gorsel_Tasarim/Sablonlar' located by 'By.cssSelector: .dxgvDataRow_LECustomTheme>td>b' in '10' second(s)

2021-11-16 09:38:05 - [MESSAGE][INFO] - Smart Wait Function is triggered

2021-11-16 09:38:05 - [MESSAGE][PASSED] - Method.TextDegerineEsitElementinAltindaTextDegerineEsitOlanVarMi is PASSED

2021-11-16 09:38:05 - [MESSAGE][PASSED] - Call Test Case 'Test Cases/Sayfalar/Ayarlar/Gorsel_Tasarim/SablonButonuVarMi' successfully

2021-11-16 09:38:05 - [MESSAGE][INFO] - Checking called Test Case

2021-11-16 09:38:05 - [MESSAGE][INFO] - Starting to call Test Case 'Test Cases/Kullanici_Islemleri/KullaniciIslemlerindenSecimYapilir'

2021-11-16 09:38:05 - [TEST_CASE][PASSED] - Test Cases/Kullanici_Islemleri/KullaniciIslemlerindenSecimYapilir: Test Cases/Kullanici_Islemleri/KullaniciIslemlerindenSecimYapilir

2021-11-16 09:38:05 - [TEST_STEP][PASSED] - waitForElementClickable(findTestObject("Object Repository/Kullanici_Islemleri/KullaniciIslemleri"), 10): Object 'Object Repository/Kullanici_Islemleri/KullaniciIslemleri' is clickable

2021-11-16 09:38:05 - [MESSAGE][INFO] - Finding Test Object 'Object Repository/Kullanici_Islemleri/KullaniciIslemleri'

2021-11-16 09:38:05 - [MESSAGE][INFO] - Checking object

2021-11-16 09:38:05 - [MESSAGE][INFO] - Checking timeout

2021-11-16 09:38:05 - [MESSAGE][INFO] - Finding web element from Test Object's properties

2021-11-16 09:38:05 - [MESSAGE][INFO] - Checking timeout

2021-11-16 09:38:05 - [MESSAGE][INFO] - Finding web element with id: 'Object Repository/Kullanici_Islemleri/KullaniciIslemleri' located by 'By.cssSelector: .dropdown>a>img' in '10' second(s)

2021-11-16 09:38:05 - [MESSAGE][INFO] - Smart Wait Function is triggered

2021-11-16 09:38:05 - [MESSAGE][INFO] - Found 1 web elements with id: 'Object Repository/Kullanici_Islemleri/KullaniciIslemleri' located by 'By.cssSelector: .dropdown>a>img' in '10' second(s)

2021-11-16 09:38:05 - [MESSAGE][PASSED] - Object 'Object Repository/Kullanici_Islemleri/KullaniciIslemleri' is clickable

2021-11-16 09:38:05 - [TEST_STEP][PASSED] - click(findTestObject("Object Repository/Kullanici_Islemleri/KullaniciIslemleri")): Object: 'Object Repository/Kullanici_Islemleri/KullaniciIslemleri' is clicked on

2021-11-16 09:38:05 - [MESSAGE][INFO] - Finding Test Object 'Object Repository/Kullanici_Islemleri/KullaniciIslemleri'

2021-11-16 09:38:05 - [MESSAGE][INFO] - Checking object

2021-11-16 09:38:05 - [MESSAGE][INFO] - Finding web element from Test Object's properties

2021-11-16 09:38:05 - [MESSAGE][INFO] - Checking timeout

2021-11-16 09:38:05 - [MESSAGE][INFO] - Finding web element with id: 'Object Repository/Kullanici_Islemleri/KullaniciIslemleri' located by 'By.cssSelector: .dropdown>a>img' in '30' second(s)

2021-11-16 09:38:05 - [MESSAGE][INFO] - Smart Wait Function is triggered

2021-11-16 09:38:06 - [MESSAGE][INFO] - Found 1 web elements with id: 'Object Repository/Kullanici_Islemleri/KullaniciIslemleri' located by 'By.cssSelector: .dropdown>a>img' in '30' second(s)

2021-11-16 09:38:06 - [MESSAGE][INFO] - Clicking on object: 'Object Repository/Kullanici_Islemleri/KullaniciIslemleri'

2021-11-16 09:38:06 - [MESSAGE][PASSED] - Object: 'Object Repository/Kullanici_Islemleri/KullaniciIslemleri' is clicked on

2021-11-16 09:38:06 - [TEST_STEP][PASSED] - Method.TextDegerineEsitElementeTikla(findTestObject("Object Repository/Kullanici_Islemleri/Secenekler"), Islem): Method.TextDegerineEsitElementeTikla is PASSED

2021-11-16 09:38:06 - [MESSAGE][INFO] - Finding Test Object 'Object Repository/Kullanici_Islemleri/Secenekler'

2021-11-16 09:38:06 - [MESSAGE][INFO] - Checking timeout

2021-11-16 09:38:06 - [MESSAGE][INFO] - Finding web element with id: 'Object Repository/Kullanici_Islemleri/Secenekler' located by 'By.cssSelector: .nav.navbar-nav.navbar-right li a' in '10' second(s)

2021-11-16 09:38:06 - [MESSAGE][INFO] - Smart Wait Function is triggered

2021-11-16 09:38:06 - [MESSAGE][INFO] - Found 22 web elements with id: 'Object Repository/Kullanici_Islemleri/Secenekler' located by 'By.cssSelector: .nav.navbar-nav.navbar-right li a' in '10' second(s)

2021-11-16 09:38:08 - [MESSAGE][PASSED] - Method.TextDegerineEsitElementeTikla is PASSED

2021-11-16 09:38:08 - [TEST_STEP][PASSED] - verifyElementNotPresent(findTestObject("Object Repository/Kullanici_Islemleri/Secenekler"), 10): Web element with id: 'Object Repository/Kullanici_Islemleri/Secenekler' located by 'By.cssSelector: .nav.navbar-nav.navbar-right li a' is not present after '10' second(s)

2021-11-16 09:38:08 - [MESSAGE][INFO] - Finding Test Object 'Object Repository/Kullanici_Islemleri/Secenekler'

2021-11-16 09:38:08 - [MESSAGE][INFO] - Checking object

2021-11-16 09:38:08 - [MESSAGE][INFO] - Checking timeout

2021-11-16 09:38:08 - [MESSAGE][INFO] - Finding web element with id: 'Object Repository/Kullanici_Islemleri/Secenekler' located by 'By.cssSelector: .nav.navbar-nav.navbar-right li a' in '10' second(s)

2021-11-16 09:38:08 - [MESSAGE][INFO] - Smart Wait Function is triggered

2021-11-16 09:38:08 - [MESSAGE][PASSED] - Web element with id: 'Object Repository/Kullanici_Islemleri/Secenekler' located by 'By.cssSelector: .nav.navbar-nav.navbar-right li a' is not present after '10' second(s)

2021-11-16 09:38:08 - [MESSAGE][PASSED] - Call Test Case 'Test Cases/Kullanici_Islemleri/KullaniciIslemlerindenSecimYapilir' successfully

2021-11-16 09:38:08 - [TEST_CASE][PASSED] - Start Test Case : SCENARIO e-Fatura Hazir Tasarim Araci On Deger Ata: SCENARIO e-Fatura Hazir Tasarim Araci On Deger Ata

2021-11-16 09:38:08 - [TEST_STEP][PASSED] - Kullanıcı adı ELOGO6 ve Şifre 123456 olarak giriş yapılır: Kullanıcı adı ELOGO6 ve Şifre 123456 olarak giriş yapılır

2021-11-16 09:38:08 - [MESSAGE][PASSED] - Kullanıcı adı ELOGO6 ve Şifre 123456 olarak giriş yapılır

2021-11-16 09:38:08 - [TEST_STEP][PASSED] - Ana menüden Ayarlar seçilir: Ana menüden Ayarlar seçilir

2021-11-16 09:38:08 - [MESSAGE][PASSED] - Ana menüden Ayarlar seçilir

2021-11-16 09:38:08 - [TEST_STEP][PASSED] - Alt menü Görsel Tasarımlar başlığı altındaki Hazır Tasarım Aracı seçilir: Alt menü Görsel Tasarımlar başlığı altındaki Hazır Tasarım Aracı seçilir

2021-11-16 09:38:08 - [MESSAGE][PASSED] - Alt menü Görsel Tasarımlar başlığı altındaki Hazır Tasarım Aracı seçilir

2021-11-16 09:38:08 - [TEST_STEP][PASSED] - Sekmelerden e-Fatura seçilir: Sekmelerden e-Fatura seçilir

2021-11-16 09:38:08 - [MESSAGE][PASSED] - Sekmelerden e-Fatura seçilir

2021-11-16 09:38:08 - [TEST_STEP][PASSED] - Mavi Temalı e-Fatura Öndeğer Şablon Tasarım 2 adlı şablonun Tasarımı İndir adlı butonu var mı: Mavi Temalı e-Fatura Öndeğer Şablon Tasarım 2 adlı şablonun Tasarımı İndir adlı butonu var mı

2021-11-16 09:38:08 - [MESSAGE][PASSED] - Mavi Temalı e-Fatura Öndeğer Şablon Tasarım 2 adlı şablonun Tasarımı İndir adlı butonu var mı

2021-11-16 09:38:08 - [TEST_STEP][PASSED] - Mavi Temalı e-Fatura Öndeğer Şablon Tasarım 2 adlı şablonun Önizleme adlı butonu var mı: Mavi Temalı e-Fatura Öndeğer Şablon Tasarım 2 adlı şablonun Önizleme adlı butonu var mı

2021-11-16 09:38:08 - [MESSAGE][PASSED] - Mavi Temalı e-Fatura Öndeğer Şablon Tasarım 2 adlı şablonun Önizleme adlı butonu var mı

2021-11-16 09:38:08 - [TEST_STEP][PASSED] - Mavi Temalı e-Fatura Öndeğer Şablon Tasarım 2 adlı şablonun Ön Değer Ata adlı butonu var mı: Mavi Temalı e-Fatura Öndeğer Şablon Tasarım 2 adlı şablonun Ön Değer Ata adlı butonu var mı

2021-11-16 09:38:08 - [MESSAGE][PASSED] - Mavi Temalı e-Fatura Öndeğer Şablon Tasarım 2 adlı şablonun Ön Değer Ata adlı butonu var mı

2021-11-16 09:38:08 - [TEST_STEP][PASSED] - Mavi Temalı e-Fatura Öndeğer Şablon Tasarım adlı şablonun Tasarımı İndir adlı butonu var mı: Mavi Temalı e-Fatura Öndeğer Şablon Tasarım adlı şablonun Tasarımı İndir adlı butonu var mı

2021-11-16 09:38:08 - [MESSAGE][PASSED] - Mavi Temalı e-Fatura Öndeğer Şablon Tasarım adlı şablonun Tasarımı İndir adlı butonu var mı

2021-11-16 09:38:08 - [TEST_STEP][PASSED] - Mavi Temalı e-Fatura Öndeğer Şablon Tasarım adlı şablonun Önizleme adlı butonu var mı: Mavi Temalı e-Fatura Öndeğer Şablon Tasarım adlı şablonun Önizleme adlı butonu var mı

2021-11-16 09:38:08 - [MESSAGE][PASSED] - Mavi Temalı e-Fatura Öndeğer Şablon Tasarım adlı şablonun Önizleme adlı butonu var mı

2021-11-16 09:38:08 - [TEST_STEP][PASSED] - Mavi Temalı e-Fatura Öndeğer Şablon Tasarım adlı şablonun Ön Değer Ata adlı butonu var mı: Mavi Temalı e-Fatura Öndeğer Şablon Tasarım adlı şablonun Ön Değer Ata adlı butonu var mı

2021-11-16 09:38:08 - [MESSAGE][PASSED] - Mavi Temalı e-Fatura Öndeğer Şablon Tasarım adlı şablonun Ön Değer Ata adlı butonu var mı

2021-11-16 09:38:08 - [TEST_STEP][PASSED] - e-Fatura Öndeğer Şablon Tasarım adlı şablonun Tasarımı İndir adlı butonu var mı: e-Fatura Öndeğer Şablon Tasarım adlı şablonun Tasarımı İndir adlı butonu var mı

2021-11-16 09:38:08 - [MESSAGE][PASSED] - e-Fatura Öndeğer Şablon Tasarım adlı şablonun Tasarımı İndir adlı butonu var mı

2021-11-16 09:38:08 - [TEST_STEP][PASSED] - e-Fatura Öndeğer Şablon Tasarım adlı şablonun Önizleme adlı butonu var mı: e-Fatura Öndeğer Şablon Tasarım adlı şablonun Önizleme adlı butonu var mı

2021-11-16 09:38:08 - [MESSAGE][PASSED] - e-Fatura Öndeğer Şablon Tasarım adlı şablonun Önizleme adlı butonu var mı

2021-11-16 09:38:08 - [TEST_STEP][PASSED] - e-Fatura Öndeğer Şablon Tasarım adlı şablonun Ön Değer Ata adlı butonu var mı: e-Fatura Öndeğer Şablon Tasarım adlı şablonun Ön Değer Ata adlı butonu var mı

2021-11-16 09:38:08 - [MESSAGE][PASSED] - e-Fatura Öndeğer Şablon Tasarım adlı şablonun Ön Değer Ata adlı butonu var mı

2021-11-16 09:38:08 - [TEST_STEP][PASSED] - e-Fatura Eksi Tutarlı Tasarım Şablonu adlı şablonun Tasarımı İndir adlı butonu var mı: e-Fatura Eksi Tutarlı Tasarım Şablonu adlı şablonun Tasarımı İndir adlı butonu var mı

2021-11-16 09:38:08 - [MESSAGE][PASSED] - e-Fatura Eksi Tutarlı Tasarım Şablonu adlı şablonun Tasarımı İndir adlı butonu var mı

2021-11-16 09:38:08 - [TEST_STEP][PASSED] - e-Fatura Eksi Tutarlı Tasarım Şablonu adlı şablonun Önizleme adlı butonu var mı: e-Fatura Eksi Tutarlı Tasarım Şablonu adlı şablonun Önizleme adlı butonu var mı

2021-11-16 09:38:08 - [MESSAGE][PASSED] - e-Fatura Eksi Tutarlı Tasarım Şablonu adlı şablonun Önizleme adlı butonu var mı

2021-11-16 09:38:08 - [TEST_STEP][PASSED] - e-Fatura Eksi Tutarlı Tasarım Şablonu adlı şablonun Ön Değer Ata adlı butonu var mı: e-Fatura Eksi Tutarlı Tasarım Şablonu adlı şablonun Ön Değer Ata adlı butonu var mı

2021-11-16 09:38:08 - [MESSAGE][PASSED] - e-Fatura Eksi Tutarlı Tasarım Şablonu adlı şablonun Ön Değer Ata adlı butonu var mı

2021-11-16 09:38:08 - [TEST_STEP][PASSED] - Kullanıcı işlemlerinden Çıkış seçilir: Kullanıcı işlemlerinden Çıkış seçilir

2021-11-16 09:38:08 - [MESSAGE][PASSED] - Kullanıcı işlemlerinden Çıkış seçilir

2021-11-16 09:38:08 - [MESSAGE][PASSED] - Feature file: 'Include/features/Ayarlar/Gorsel Tasarimlar/Hazir Tasarim Araci/e-Fatura/Buton Kontrolu.feature' was passed

2021-11-16 09:38:08 - [TEST_STEP][PASSED] - Start listener action : sampleAfterTestSuite: Invoke 'com.kms.katalon.core.annotation.AfterTestCase' method: 'Listener.sampleAfterTestSuite(...)' completed.

2021-11-16 09:38:08 - [MESSAGE][INFO] - Starting invoke 'com.kms.katalon.core.annotation.AfterTestCase' method: 'Listener.sampleAfterTestSuite(...)'

2021-11-16 09:38:08 - [TEST_STEP][PASSED] - closeBrowser(): Invoke 'com.kms.katalon.core.annotation.AfterTestCase' method: 'Listener.sampleAfterTestSuite(...)' completed.

2021-11-16 09:38:08 - [MESSAGE][INFO] - Closing browser

2021-11-16 09:38:09 - [MESSAGE][PASSED] - Browser is closed

2021-11-16 09:38:09 - [MESSAGE][INFO] - Invoke 'com.kms.katalon.core.annotation.AfterTestCase' method: 'Listener.sampleAfterTestSuite(...)' completed.]]></system-out>
         <system-err><![CDATA[]]></system-err>
      </testcase>
      <testcase name="Test Cases/Case Repository/Ayarlar/Gorsel Tasarim/Hazir Tasarim Araci/e-Fatura/On Deger Ata" time="40.568" classname="Test Cases/Case Repository/Ayarlar/Gorsel Tasarim/Hazir Tasarim Araci/e-Fatura/On Deger Ata" status="PASSED">
         <system-out><![CDATA[2021-11-16 09:38:09 - [TEST_CASE][PASSED] - Test Cases/Case Repository/Ayarlar/Gorsel Tasarim/Hazir Tasarim Araci/e-Fatura/On Deger Ata: Test Cases/Case Repository/Ayarlar/Gorsel Tasarim/Hazir Tasarim Araci/e-Fatura/On Deger Ata

2021-11-16 09:38:09 - [TEST_STEP][PASSED] - Start listener action : sampleBeforeTestSuite: Invoke 'com.kms.katalon.core.annotation.BeforeTestCase' method: 'Listener.sampleBeforeTestSuite(...)' completed.

2021-11-16 09:38:09 - [MESSAGE][INFO] - Starting invoke 'com.kms.katalon.core.annotation.BeforeTestCase' method: 'Listener.sampleBeforeTestSuite(...)'

2021-11-16 09:38:09 - [TEST_STEP][PASSED] - openBrowser(baseUrl): Browser is opened with url: 'https://efatura-stage.elogo.com.tr/'

2021-11-16 09:38:09 - [MESSAGE][INFO] - Opening browser

2021-11-16 09:38:09 - [MESSAGE][INFO] - Starting 'Chrome' driver

2021-11-16 09:38:09 - [MESSAGE][INFO] - User set preference: ['prefs', '{download.default_directory=C:\otomasyondownfiles}']

2021-11-16 09:38:09 - [MESSAGE][INFO] - Action delay is set to 0 milliseconds

2021-11-16 09:38:10 - [MESSAGE][INFO] - Navigating browser to: 'https://efatura-stage.elogo.com.tr/'

2021-11-16 09:38:13 - [MESSAGE][PASSED] - Browser is opened with url: 'https://efatura-stage.elogo.com.tr/'

2021-11-16 09:38:13 - [TEST_STEP][PASSED] - maximizeWindow(): Invoke 'com.kms.katalon.core.annotation.BeforeTestCase' method: 'Listener.sampleBeforeTestSuite(...)' completed.

2021-11-16 09:38:13 - [MESSAGE][INFO] - Maximizing current window

2021-11-16 09:38:13 - [MESSAGE][PASSED] - Current window maximized

2021-11-16 09:38:13 - [MESSAGE][INFO] - Invoke 'com.kms.katalon.core.annotation.BeforeTestCase' method: 'Listener.sampleBeforeTestSuite(...)' completed.

2021-11-16 09:38:14 - [TEST_STEP][PASSED] - runFeatureFile("Include/features/Ayarlar/Gorsel Tasarimlar/Hazir Tasarim Araci/e-Fatura/On Deger Ata.feature"): Feature file: 'Include/features/Ayarlar/Gorsel Tasarimlar/Hazir Tasarim Araci/e-Fatura/On Deger Ata.feature' was passed

2021-11-16 09:38:14 - [MESSAGE][INFO] - Starting run keyword runFeatureFile: 'Include/features/Ayarlar/Gorsel Tasarimlar/Hazir Tasarim Araci/e-Fatura/On Deger Ata.feature' and extract report to folder: 'C:\Users\DELL\Documents\GitHub\EES_KatalonLogo\Reports\20211116_090026\Suite Repository\Ayarlar\20211116_090123/cucumber_report/1637044694441'...

2021-11-16 09:38:14 - [MESSAGE][INFO] - Glue: []

2021-11-16 09:38:16 - [MESSAGE][INFO] - Checking called Test Case

2021-11-16 09:38:16 - [MESSAGE][INFO] - Starting to call Test Case 'Test Cases/Sayfalar/Giris_Sayfasi/Login'

2021-11-16 09:38:16 - [TEST_CASE][PASSED] - Test Cases/Sayfalar/Giris_Sayfasi/Login: Test Cases/Sayfalar/Giris_Sayfasi/Login

2021-11-16 09:38:16 - [TEST_STEP][PASSED] - Sayfa_Basligi = getWindowTitle(): Current window's title is: 'LOGO e-Fatura'

2021-11-16 09:38:16 - [MESSAGE][INFO] - Getting current window's title

2021-11-16 09:38:16 - [MESSAGE][PASSED] - Current window's title is: 'LOGO e-Fatura'

2021-11-16 09:38:16 - [TEST_STEP][PASSED] - verifyMatch(Sayfa_Basligi, "LOGO e-Fatura", false): Actual text 'LOGO e-Fatura' and expected text 'LOGO e-Fatura' are matched 

2021-11-16 09:38:16 - [MESSAGE][INFO] - Matching actual text 'LOGO e-Fatura' with expected text 'LOGO e-Fatura'

2021-11-16 09:38:16 - [MESSAGE][PASSED] - Actual text 'LOGO e-Fatura' and expected text 'LOGO e-Fatura' are matched 

2021-11-16 09:38:16 - [TEST_STEP][PASSED] - sendKeys(findTestObject("Sayfalar/Giris_Sayfasi/Firma_Kodu"), KullaniciAdi): Keys 'ELOGO6' sent to object: 'Object Repository/Sayfalar/Giris_Sayfasi/Firma_Kodu'

2021-11-16 09:38:16 - [MESSAGE][INFO] - Finding Test Object 'Object Repository/Sayfalar/Giris_Sayfasi/Firma_Kodu'

2021-11-16 09:38:16 - [MESSAGE][INFO] - Sending keys 'ELOGO6' to object: 'Object Repository/Sayfalar/Giris_Sayfasi/Firma_Kodu'

2021-11-16 09:38:16 - [MESSAGE][INFO] - Finding web element from Test Object's properties

2021-11-16 09:38:16 - [MESSAGE][INFO] - Checking timeout

2021-11-16 09:38:16 - [MESSAGE][INFO] - Finding web element with id: 'Object Repository/Sayfalar/Giris_Sayfasi/Firma_Kodu' located by 'By.xpath: //*[@id = 'AccountName']' in '30' second(s)

2021-11-16 09:38:16 - [MESSAGE][INFO] - Smart Wait Function is triggered

2021-11-16 09:38:16 - [MESSAGE][INFO] - Found 1 web elements with id: 'Object Repository/Sayfalar/Giris_Sayfasi/Firma_Kodu' located by 'By.xpath: //*[@id = 'AccountName']' in '30' second(s)

2021-11-16 09:38:17 - [MESSAGE][PASSED] - Keys 'ELOGO6' sent to object: 'Object Repository/Sayfalar/Giris_Sayfasi/Firma_Kodu'

2021-11-16 09:38:17 - [TEST_STEP][PASSED] - sendKeys(findTestObject("Sayfalar/Giris_Sayfasi/Sifre"), Sifre): Keys '123456' sent to object: 'Object Repository/Sayfalar/Giris_Sayfasi/Sifre'

2021-11-16 09:38:17 - [MESSAGE][INFO] - Finding Test Object 'Object Repository/Sayfalar/Giris_Sayfasi/Sifre'

2021-11-16 09:38:17 - [MESSAGE][INFO] - Sending keys '123456' to object: 'Object Repository/Sayfalar/Giris_Sayfasi/Sifre'

2021-11-16 09:38:17 - [MESSAGE][INFO] - Finding web element from Test Object's properties

2021-11-16 09:38:17 - [MESSAGE][INFO] - Checking timeout

2021-11-16 09:38:17 - [MESSAGE][INFO] - Finding web element with id: 'Object Repository/Sayfalar/Giris_Sayfasi/Sifre' located by 'By.xpath: //*[@id = 'Password']' in '30' second(s)

2021-11-16 09:38:17 - [MESSAGE][INFO] - Smart Wait Function is triggered

2021-11-16 09:38:17 - [MESSAGE][INFO] - Found 1 web elements with id: 'Object Repository/Sayfalar/Giris_Sayfasi/Sifre' located by 'By.xpath: //*[@id = 'Password']' in '30' second(s)

2021-11-16 09:38:17 - [MESSAGE][PASSED] - Keys '123456' sent to object: 'Object Repository/Sayfalar/Giris_Sayfasi/Sifre'

2021-11-16 09:38:17 - [TEST_STEP][PASSED] - findWebElement(findTestObject("Sayfalar/Giris_Sayfasi/Giris_Butonu")).click(): Found 1 web elements with id: 'Object Repository/Sayfalar/Giris_Sayfasi/Giris_Butonu' located by 'By.cssSelector: #btnLogin' in '30' second(s)

2021-11-16 09:38:17 - [MESSAGE][INFO] - Finding Test Object 'Object Repository/Sayfalar/Giris_Sayfasi/Giris_Butonu'

2021-11-16 09:38:17 - [MESSAGE][INFO] - Finding web element from Test Object's properties

2021-11-16 09:38:17 - [MESSAGE][INFO] - Checking timeout

2021-11-16 09:38:17 - [MESSAGE][INFO] - Finding web element with id: 'Object Repository/Sayfalar/Giris_Sayfasi/Giris_Butonu' located by 'By.cssSelector: #btnLogin' in '30' second(s)

2021-11-16 09:38:17 - [MESSAGE][INFO] - Smart Wait Function is triggered

2021-11-16 09:38:18 - [MESSAGE][INFO] - Found 1 web elements with id: 'Object Repository/Sayfalar/Giris_Sayfasi/Giris_Butonu' located by 'By.cssSelector: #btnLogin' in '30' second(s)

2021-11-16 09:38:20 - [TEST_STEP][PASSED] - if (verifyElementPresent(findTestObject("Object Repository/Sayfalar/Giris_Sayfasi/RetveTamam_Butonu"), 5, OPTIONAL)): null

2021-11-16 09:38:20 - [MESSAGE][INFO] - Finding Test Object 'Object Repository/Sayfalar/Giris_Sayfasi/RetveTamam_Butonu'

2021-11-16 09:38:20 - [MESSAGE][INFO] - Checking object

2021-11-16 09:38:20 - [MESSAGE][INFO] - Finding web element from Test Object's properties

2021-11-16 09:38:20 - [MESSAGE][INFO] - Checking timeout

2021-11-16 09:38:20 - [MESSAGE][INFO] - Finding web element with id: 'Object Repository/Sayfalar/Giris_Sayfasi/RetveTamam_Butonu' located by 'By.xpath: //*[@class = 'btn btn-default']' in '5' second(s)

2021-11-16 09:38:20 - [MESSAGE][INFO] - Smart Wait Function is triggered

2021-11-16 09:38:21 - [MESSAGE][INFO] - Found 1 web elements with id: 'Object Repository/Sayfalar/Giris_Sayfasi/RetveTamam_Butonu' located by 'By.xpath: //*[@class = 'btn btn-default']' in '5' second(s)

2021-11-16 09:38:21 - [MESSAGE][PASSED] - Object 'Object Repository/Sayfalar/Giris_Sayfasi/RetveTamam_Butonu' is present

2021-11-16 09:38:21 - [TEST_STEP][PASSED] - click(findTestObject("Object Repository/Sayfalar/Giris_Sayfasi/RetveTamam_Butonu")): Object: 'Object Repository/Sayfalar/Giris_Sayfasi/RetveTamam_Butonu' is clicked on

2021-11-16 09:38:21 - [MESSAGE][INFO] - Finding Test Object 'Object Repository/Sayfalar/Giris_Sayfasi/RetveTamam_Butonu'

2021-11-16 09:38:21 - [MESSAGE][INFO] - Checking object

2021-11-16 09:38:21 - [MESSAGE][INFO] - Finding web element from Test Object's properties

2021-11-16 09:38:21 - [MESSAGE][INFO] - Checking timeout

2021-11-16 09:38:21 - [MESSAGE][INFO] - Finding web element with id: 'Object Repository/Sayfalar/Giris_Sayfasi/RetveTamam_Butonu' located by 'By.xpath: //*[@class = 'btn btn-default']' in '30' second(s)

2021-11-16 09:38:21 - [MESSAGE][INFO] - Smart Wait Function is triggered

2021-11-16 09:38:21 - [MESSAGE][INFO] - Found 1 web elements with id: 'Object Repository/Sayfalar/Giris_Sayfasi/RetveTamam_Butonu' located by 'By.xpath: //*[@class = 'btn btn-default']' in '30' second(s)

2021-11-16 09:38:21 - [MESSAGE][INFO] - Clicking on object: 'Object Repository/Sayfalar/Giris_Sayfasi/RetveTamam_Butonu'

2021-11-16 09:38:21 - [MESSAGE][PASSED] - Object: 'Object Repository/Sayfalar/Giris_Sayfasi/RetveTamam_Butonu' is clicked on

2021-11-16 09:38:21 - [TEST_STEP][PASSED] - click(findTestObject("Object Repository/Sayfalar/Giris_Sayfasi/RetveTamam_Butonu")): Object: 'Object Repository/Sayfalar/Giris_Sayfasi/RetveTamam_Butonu' is clicked on

2021-11-16 09:38:21 - [MESSAGE][INFO] - Finding Test Object 'Object Repository/Sayfalar/Giris_Sayfasi/RetveTamam_Butonu'

2021-11-16 09:38:21 - [MESSAGE][INFO] - Checking object

2021-11-16 09:38:21 - [MESSAGE][INFO] - Finding web element from Test Object's properties

2021-11-16 09:38:21 - [MESSAGE][INFO] - Checking timeout

2021-11-16 09:38:21 - [MESSAGE][INFO] - Finding web element with id: 'Object Repository/Sayfalar/Giris_Sayfasi/RetveTamam_Butonu' located by 'By.xpath: //*[@class = 'btn btn-default']' in '30' second(s)

2021-11-16 09:38:21 - [MESSAGE][INFO] - Smart Wait Function is triggered

2021-11-16 09:38:27 - [MESSAGE][INFO] - Found 1 web elements with id: 'Object Repository/Sayfalar/Giris_Sayfasi/RetveTamam_Butonu' located by 'By.xpath: //*[@class = 'btn btn-default']' in '30' second(s)

2021-11-16 09:38:27 - [MESSAGE][INFO] - Clicking on object: 'Object Repository/Sayfalar/Giris_Sayfasi/RetveTamam_Butonu'

2021-11-16 09:38:27 - [MESSAGE][PASSED] - Object: 'Object Repository/Sayfalar/Giris_Sayfasi/RetveTamam_Butonu' is clicked on

2021-11-16 09:38:27 - [TEST_STEP][PASSED] - if (verifyElementPresent(findTestObject("Sayfalar/Giris_Sayfasi/PopupOK"), 5, OPTIONAL)): null

2021-11-16 09:38:27 - [MESSAGE][INFO] - Finding Test Object 'Object Repository/Sayfalar/Giris_Sayfasi/PopupOK'

2021-11-16 09:38:27 - [MESSAGE][INFO] - Checking object

2021-11-16 09:38:27 - [MESSAGE][INFO] - Finding web element from Test Object's properties

2021-11-16 09:38:27 - [MESSAGE][INFO] - Checking timeout

2021-11-16 09:38:27 - [MESSAGE][INFO] - Finding web element with id: 'Object Repository/Sayfalar/Giris_Sayfasi/PopupOK' located by 'By.cssSelector: .btn.btn-success' in '5' second(s)

2021-11-16 09:38:27 - [MESSAGE][INFO] - Smart Wait Function is triggered

2021-11-16 09:38:27 - [MESSAGE][INFO] - Found 1 web elements with id: 'Object Repository/Sayfalar/Giris_Sayfasi/PopupOK' located by 'By.cssSelector: .btn.btn-success' in '5' second(s)

2021-11-16 09:38:27 - [MESSAGE][PASSED] - Object 'Object Repository/Sayfalar/Giris_Sayfasi/PopupOK' is present

2021-11-16 09:38:27 - [TEST_STEP][PASSED] - click(findTestObject("Object Repository/Sayfalar/Giris_Sayfasi/PopupCarpiGiris")): Object: 'Object Repository/Sayfalar/Giris_Sayfasi/PopupCarpiGiris' is clicked on

2021-11-16 09:38:27 - [MESSAGE][INFO] - Finding Test Object 'Object Repository/Sayfalar/Giris_Sayfasi/PopupCarpiGiris'

2021-11-16 09:38:27 - [MESSAGE][INFO] - Checking object

2021-11-16 09:38:27 - [MESSAGE][INFO] - Finding web element from Test Object's properties

2021-11-16 09:38:27 - [MESSAGE][INFO] - Checking timeout

2021-11-16 09:38:27 - [MESSAGE][INFO] - Finding web element with id: 'Object Repository/Sayfalar/Giris_Sayfasi/PopupCarpiGiris' located by 'By.cssSelector: .bootbox-close-button.close' in '30' second(s)

2021-11-16 09:38:27 - [MESSAGE][INFO] - Smart Wait Function is triggered

2021-11-16 09:38:28 - [MESSAGE][INFO] - Found 1 web elements with id: 'Object Repository/Sayfalar/Giris_Sayfasi/PopupCarpiGiris' located by 'By.cssSelector: .bootbox-close-button.close' in '30' second(s)

2021-11-16 09:38:28 - [MESSAGE][INFO] - Clicking on object: 'Object Repository/Sayfalar/Giris_Sayfasi/PopupCarpiGiris'

2021-11-16 09:38:28 - [MESSAGE][PASSED] - Object: 'Object Repository/Sayfalar/Giris_Sayfasi/PopupCarpiGiris' is clicked on

2021-11-16 09:38:28 - [TEST_STEP][PASSED] - verifyElementVisible(findTestObject("Object Repository/Kullanici_Islemleri/KullaniciIslemleri")): Object 'Object Repository/Kullanici_Islemleri/KullaniciIslemleri' is visible

2021-11-16 09:38:28 - [MESSAGE][INFO] - Finding Test Object 'Object Repository/Kullanici_Islemleri/KullaniciIslemleri'

2021-11-16 09:38:28 - [MESSAGE][INFO] - Checking object

2021-11-16 09:38:28 - [MESSAGE][INFO] - Finding web element from Test Object's properties

2021-11-16 09:38:28 - [MESSAGE][INFO] - Checking timeout

2021-11-16 09:38:28 - [MESSAGE][INFO] - Finding web element with id: 'Object Repository/Kullanici_Islemleri/KullaniciIslemleri' located by 'By.cssSelector: .dropdown>a>img' in '30' second(s)

2021-11-16 09:38:28 - [MESSAGE][INFO] - Smart Wait Function is triggered

2021-11-16 09:38:29 - [MESSAGE][INFO] - Found 1 web elements with id: 'Object Repository/Kullanici_Islemleri/KullaniciIslemleri' located by 'By.cssSelector: .dropdown>a>img' in '30' second(s)

2021-11-16 09:38:29 - [MESSAGE][PASSED] - Object 'Object Repository/Kullanici_Islemleri/KullaniciIslemleri' is visible

2021-11-16 09:38:29 - [MESSAGE][PASSED] - Call Test Case 'Test Cases/Sayfalar/Giris_Sayfasi/Login' successfully

2021-11-16 09:38:29 - [MESSAGE][INFO] - Checking called Test Case

2021-11-16 09:38:29 - [MESSAGE][INFO] - Starting to call Test Case 'Test Cases/Menu/AnaMenuSecimi'

2021-11-16 09:38:29 - [TEST_CASE][PASSED] - Test Cases/Menu/AnaMenuSecimi: Test Cases/Menu/AnaMenuSecimi

2021-11-16 09:38:29 - [TEST_STEP][PASSED] - Method.TextDegerineEsitElementeTikla(findTestObject("Menu/Ana_Menu"), Ana_Menu): Method.TextDegerineEsitElementeTikla is PASSED

2021-11-16 09:38:29 - [MESSAGE][INFO] - Finding Test Object 'Object Repository/Menu/Ana_Menu'

2021-11-16 09:38:29 - [MESSAGE][INFO] - Checking timeout

2021-11-16 09:38:29 - [MESSAGE][INFO] - Finding web element with id: 'Object Repository/Menu/Ana_Menu' located by 'By.xpath: //*[@class = 'dropdown-toggle']' in '10' second(s)

2021-11-16 09:38:29 - [MESSAGE][INFO] - Smart Wait Function is triggered

2021-11-16 09:38:29 - [MESSAGE][INFO] - Found 14 web elements with id: 'Object Repository/Menu/Ana_Menu' located by 'By.xpath: //*[@class = 'dropdown-toggle']' in '10' second(s)

2021-11-16 09:38:29 - [MESSAGE][PASSED] - Method.TextDegerineEsitElementeTikla is PASSED

2021-11-16 09:38:29 - [MESSAGE][PASSED] - Call Test Case 'Test Cases/Menu/AnaMenuSecimi' successfully

2021-11-16 09:38:29 - [MESSAGE][INFO] - Checking called Test Case

2021-11-16 09:38:29 - [MESSAGE][INFO] - Starting to call Test Case 'Test Cases/Menu/BasligaGoreAltMenuSecimi'

2021-11-16 09:38:29 - [TEST_CASE][PASSED] - Test Cases/Menu/BasligaGoreAltMenuSecimi: Test Cases/Menu/BasligaGoreAltMenuSecimi

2021-11-16 09:38:29 - [TEST_STEP][PASSED] - Method.TextDegerineEsitElementinAltindakiTextDegerineEsitOlanaTikla(findTestObject("Menu/Menu_Basligi"), findTestObject("Menu/Basliga_Gore_Alt_Menu"), Baslik, Alt_Menu): Method.TextDegerineEsitElementinAltindakiTextDegerineEsitOlanaTikla is PASSED

2021-11-16 09:38:29 - [MESSAGE][INFO] - Finding Test Object 'Object Repository/Menu/Menu_Basligi'

2021-11-16 09:38:30 - [MESSAGE][INFO] - Finding Test Object 'Object Repository/Menu/Basliga_Gore_Alt_Menu'

2021-11-16 09:38:30 - [MESSAGE][INFO] - Checking timeout

2021-11-16 09:38:30 - [MESSAGE][INFO] - Finding web element with id: 'Object Repository/Menu/Menu_Basligi' located by 'By.xpath: //li[@class='dropdown dropdown-large open']//li[@class='dropdown-header']' in '10' second(s)

2021-11-16 09:38:30 - [MESSAGE][INFO] - Smart Wait Function is triggered

2021-11-16 09:38:30 - [MESSAGE][INFO] - Found 2 web elements with id: 'Object Repository/Menu/Menu_Basligi' located by 'By.xpath: //li[@class='dropdown dropdown-large open']//li[@class='dropdown-header']' in '10' second(s)

2021-11-16 09:38:30 - [MESSAGE][INFO] - Smart Wait Function is triggered

2021-11-16 09:38:36 - [MESSAGE][PASSED] - Method.TextDegerineEsitElementinAltindakiTextDegerineEsitOlanaTikla is PASSED

2021-11-16 09:38:36 - [MESSAGE][PASSED] - Call Test Case 'Test Cases/Menu/BasligaGoreAltMenuSecimi' successfully

2021-11-16 09:38:36 - [MESSAGE][INFO] - Checking called Test Case

2021-11-16 09:38:36 - [MESSAGE][INFO] - Starting to call Test Case 'Test Cases/Sayfalar/Yetki_Yonetimi/SekmeSecilir'

2021-11-16 09:38:36 - [TEST_CASE][PASSED] - Test Cases/Sayfalar/Yetki_Yonetimi/SekmeSecilir: Test Cases/Sayfalar/Yetki_Yonetimi/SekmeSecilir

2021-11-16 09:38:36 - [TEST_STEP][PASSED] - Method.TextDegerineEsitElementeTikla(findTestObject("Object Repository/Sayfalar/Yetki_Yonetimi/Sekmeler"), Sekme): Method.TextDegerineEsitElementeTikla is PASSED

2021-11-16 09:38:36 - [MESSAGE][INFO] - Finding Test Object 'Object Repository/Sayfalar/Yetki_Yonetimi/Sekmeler'

2021-11-16 09:38:36 - [MESSAGE][INFO] - Checking timeout

2021-11-16 09:38:36 - [MESSAGE][INFO] - Finding web element with id: 'Object Repository/Sayfalar/Yetki_Yonetimi/Sekmeler' located by 'By.cssSelector: #pcFeatures_TC>li[class="dxtc-tab"] span,#pcFeatures_TC>li[class="dxtc-activeTab dxtc-lead"] span' in '10' second(s)

2021-11-16 09:38:36 - [MESSAGE][INFO] - Smart Wait Function is triggered

2021-11-16 09:38:37 - [MESSAGE][INFO] - Found 5 web elements with id: 'Object Repository/Sayfalar/Yetki_Yonetimi/Sekmeler' located by 'By.cssSelector: #pcFeatures_TC>li[class="dxtc-tab"] span,#pcFeatures_TC>li[class="dxtc-activeTab dxtc-lead"] span' in '10' second(s)

2021-11-16 09:38:37 - [MESSAGE][PASSED] - Method.TextDegerineEsitElementeTikla is PASSED

2021-11-16 09:38:37 - [MESSAGE][PASSED] - Call Test Case 'Test Cases/Sayfalar/Yetki_Yonetimi/SekmeSecilir' successfully

2021-11-16 09:38:37 - [MESSAGE][INFO] - Checking called Test Case

2021-11-16 09:38:37 - [MESSAGE][INFO] - Starting to call Test Case 'Test Cases/Sayfalar/Ayarlar/Gorsel_Tasarim/SablonButonunaTikla'

2021-11-16 09:38:37 - [TEST_CASE][PASSED] - Test Cases/Sayfalar/Ayarlar/Gorsel_Tasarim/SablonButonunaTikla: Test Cases/Sayfalar/Ayarlar/Gorsel_Tasarim/SablonButonunaTikla

2021-11-16 09:38:38 - [TEST_STEP][PASSED] - Method.TextDegerineEsitElementinAltindakiTextDegerineEsitOlanaTikla(findTestObject("Object Repository/Sayfalar/Ayarlar/Gorsel_Tasarim/Sablonlar"), findTestObject("Object Repository/Sayfalar/Ayarlar/Gorsel_Tasarim/SablonButonlari"), Sablon, Buton): Method.TextDegerineEsitElementinAltindakiTextDegerineEsitOlanaTikla is PASSED

2021-11-16 09:38:38 - [MESSAGE][INFO] - Finding Test Object 'Object Repository/Sayfalar/Ayarlar/Gorsel_Tasarim/Sablonlar'

2021-11-16 09:38:38 - [MESSAGE][INFO] - Finding Test Object 'Object Repository/Sayfalar/Ayarlar/Gorsel_Tasarim/SablonButonlari'

2021-11-16 09:38:38 - [MESSAGE][INFO] - Checking timeout

2021-11-16 09:38:38 - [MESSAGE][INFO] - Finding web element with id: 'Object Repository/Sayfalar/Ayarlar/Gorsel_Tasarim/Sablonlar' located by 'By.cssSelector: .dxgvDataRow_LECustomTheme>td>b' in '10' second(s)

2021-11-16 09:38:38 - [MESSAGE][INFO] - Smart Wait Function is triggered

2021-11-16 09:38:38 - [MESSAGE][INFO] - Found 12 web elements with id: 'Object Repository/Sayfalar/Ayarlar/Gorsel_Tasarim/Sablonlar' located by 'By.cssSelector: .dxgvDataRow_LECustomTheme>td>b' in '10' second(s)

2021-11-16 09:38:38 - [MESSAGE][INFO] - Smart Wait Function is triggered

2021-11-16 09:38:39 - [MESSAGE][PASSED] - Method.TextDegerineEsitElementinAltindakiTextDegerineEsitOlanaTikla is PASSED

2021-11-16 09:38:39 - [MESSAGE][PASSED] - Call Test Case 'Test Cases/Sayfalar/Ayarlar/Gorsel_Tasarim/SablonButonunaTikla' successfully

2021-11-16 09:38:39 - [MESSAGE][INFO] - Checking called Test Case

2021-11-16 09:38:39 - [MESSAGE][INFO] - Starting to call Test Case 'Test Cases/Popup/PopupMesajiIceriyorMu'

2021-11-16 09:38:39 - [TEST_CASE][PASSED] - Test Cases/Popup/PopupMesajiIceriyorMu: Test Cases/Popup/PopupMesajiIceriyorMu

2021-11-16 09:38:40 - [TEST_STEP][PASSED] - waitForElementVisible(findTestObject("Popup/Popup"), 10): Object 'Object Repository/Popup/Popup' is visible

2021-11-16 09:38:40 - [MESSAGE][INFO] - Finding Test Object 'Object Repository/Popup/Popup'

2021-11-16 09:38:40 - [MESSAGE][INFO] - Checking object

2021-11-16 09:38:40 - [MESSAGE][INFO] - Checking timeout

2021-11-16 09:38:40 - [MESSAGE][INFO] - Finding web element from Test Object's properties

2021-11-16 09:38:40 - [MESSAGE][INFO] - Checking timeout

2021-11-16 09:38:40 - [MESSAGE][INFO] - Finding web element with id: 'Object Repository/Popup/Popup' located by 'By.cssSelector: .bootbox-body' in '10' second(s)

2021-11-16 09:38:40 - [MESSAGE][INFO] - Smart Wait Function is triggered

2021-11-16 09:38:40 - [MESSAGE][INFO] - Found 1 web elements with id: 'Object Repository/Popup/Popup' located by 'By.cssSelector: .bootbox-body' in '10' second(s)

2021-11-16 09:38:40 - [MESSAGE][PASSED] - Object 'Object Repository/Popup/Popup' is visible

2021-11-16 09:38:40 - [TEST_STEP][PASSED] - if (!(getText(findTestObject("Popup/Popup")).contains(Mesaj))): Text of object 'Object Repository/Popup/Popup' is: 'Seçilen tasarım, e-Fatura belge türü için öndeğer tasarım olarak tanımlanacaktır. Onaylıyor musunuz?'

2021-11-16 09:38:40 - [MESSAGE][INFO] - Finding Test Object 'Object Repository/Popup/Popup'

2021-11-16 09:38:40 - [MESSAGE][INFO] - Checking object

2021-11-16 09:38:40 - [MESSAGE][INFO] - Finding web element from Test Object's properties

2021-11-16 09:38:40 - [MESSAGE][INFO] - Checking timeout

2021-11-16 09:38:40 - [MESSAGE][INFO] - Finding web element with id: 'Object Repository/Popup/Popup' located by 'By.cssSelector: .bootbox-body' in '30' second(s)

2021-11-16 09:38:40 - [MESSAGE][INFO] - Smart Wait Function is triggered

2021-11-16 09:38:41 - [MESSAGE][INFO] - Found 1 web elements with id: 'Object Repository/Popup/Popup' located by 'By.cssSelector: .bootbox-body' in '30' second(s)

2021-11-16 09:38:41 - [MESSAGE][INFO] - Getting text of object 'Object Repository/Popup/Popup'

2021-11-16 09:38:41 - [MESSAGE][PASSED] - Text of object 'Object Repository/Popup/Popup' is: 'Seçilen tasarım, e-Fatura belge türü için öndeğer tasarım olarak tanımlanacaktır. Onaylıyor musunuz?'

2021-11-16 09:38:41 - [TEST_STEP][PASSED] - RaporNo = getText(findTestObject("Popup/Popup")).substring(0, 6): Text of object 'Object Repository/Popup/Popup' is: 'Seçilen tasarım, e-Fatura belge türü için öndeğer tasarım olarak tanımlanacaktır. Onaylıyor musunuz?'

2021-11-16 09:38:41 - [MESSAGE][INFO] - Finding Test Object 'Object Repository/Popup/Popup'

2021-11-16 09:38:41 - [MESSAGE][INFO] - Checking object

2021-11-16 09:38:41 - [MESSAGE][INFO] - Finding web element from Test Object's properties

2021-11-16 09:38:41 - [MESSAGE][INFO] - Checking timeout

2021-11-16 09:38:41 - [MESSAGE][INFO] - Finding web element with id: 'Object Repository/Popup/Popup' located by 'By.cssSelector: .bootbox-body' in '30' second(s)

2021-11-16 09:38:41 - [MESSAGE][INFO] - Smart Wait Function is triggered

2021-11-16 09:38:41 - [MESSAGE][INFO] - Found 1 web elements with id: 'Object Repository/Popup/Popup' located by 'By.cssSelector: .bootbox-body' in '30' second(s)

2021-11-16 09:38:41 - [MESSAGE][INFO] - Getting text of object 'Object Repository/Popup/Popup'

2021-11-16 09:38:41 - [MESSAGE][PASSED] - Text of object 'Object Repository/Popup/Popup' is: 'Seçilen tasarım, e-Fatura belge türü için öndeğer tasarım olarak tanımlanacaktır. Onaylıyor musunuz?'

2021-11-16 09:38:41 - [TEST_STEP][PASSED] - Console.println(RaporNo): null

2021-11-16 09:38:41 - [MESSAGE][PASSED] - Call Test Case 'Test Cases/Popup/PopupMesajiIceriyorMu' successfully

2021-11-16 09:38:41 - [MESSAGE][INFO] - Checking called Test Case

2021-11-16 09:38:41 - [MESSAGE][INFO] - Starting to call Test Case 'Test Cases/Popup/PopupButonSecilir'

2021-11-16 09:38:41 - [TEST_CASE][PASSED] - Test Cases/Popup/PopupButonSecilir: Test Cases/Popup/PopupButonSecilir

2021-11-16 09:38:42 - [TEST_STEP][PASSED] - Method.TextDegerineEsitElementeTikla(findTestObject("Popup/Popup_Butons"), Buton): Method.TextDegerineEsitElementeTikla is PASSED

2021-11-16 09:38:42 - [MESSAGE][INFO] - Finding Test Object 'Object Repository/Popup/Popup_Butons'

2021-11-16 09:38:42 - [MESSAGE][INFO] - Checking timeout

2021-11-16 09:38:42 - [MESSAGE][INFO] - Finding web element with id: 'Object Repository/Popup/Popup_Butons' located by 'By.cssSelector: .modal-footer>button' in '10' second(s)

2021-11-16 09:38:42 - [MESSAGE][INFO] - Smart Wait Function is triggered

2021-11-16 09:38:42 - [MESSAGE][INFO] - Found 2 web elements with id: 'Object Repository/Popup/Popup_Butons' located by 'By.cssSelector: .modal-footer>button' in '10' second(s)

2021-11-16 09:38:43 - [MESSAGE][PASSED] - Method.TextDegerineEsitElementeTikla is PASSED

2021-11-16 09:38:43 - [MESSAGE][PASSED] - Call Test Case 'Test Cases/Popup/PopupButonSecilir' successfully

2021-11-16 09:38:43 - [MESSAGE][INFO] - Checking called Test Case

2021-11-16 09:38:43 - [MESSAGE][INFO] - Starting to call Test Case 'Test Cases/Popup/PopupMesajiIceriyorMu'

2021-11-16 09:38:43 - [TEST_CASE][PASSED] - Test Cases/Popup/PopupMesajiIceriyorMu: Test Cases/Popup/PopupMesajiIceriyorMu

2021-11-16 09:38:43 - [TEST_STEP][PASSED] - waitForElementVisible(findTestObject("Popup/Popup"), 10): Object 'Object Repository/Popup/Popup' is visible

2021-11-16 09:38:43 - [MESSAGE][INFO] - Finding Test Object 'Object Repository/Popup/Popup'

2021-11-16 09:38:43 - [MESSAGE][INFO] - Checking object

2021-11-16 09:38:43 - [MESSAGE][INFO] - Checking timeout

2021-11-16 09:38:43 - [MESSAGE][INFO] - Finding web element from Test Object's properties

2021-11-16 09:38:43 - [MESSAGE][INFO] - Checking timeout

2021-11-16 09:38:43 - [MESSAGE][INFO] - Finding web element with id: 'Object Repository/Popup/Popup' located by 'By.cssSelector: .bootbox-body' in '10' second(s)

2021-11-16 09:38:43 - [MESSAGE][INFO] - Smart Wait Function is triggered

2021-11-16 09:38:44 - [MESSAGE][INFO] - Found 1 web elements with id: 'Object Repository/Popup/Popup' located by 'By.cssSelector: .bootbox-body' in '10' second(s)

2021-11-16 09:38:44 - [MESSAGE][PASSED] - Object 'Object Repository/Popup/Popup' is visible

2021-11-16 09:38:44 - [TEST_STEP][PASSED] - if (!(getText(findTestObject("Popup/Popup")).contains(Mesaj))): Text of object 'Object Repository/Popup/Popup' is: 'Seçilen tasarım öndeğer tasarım olarak tanımlanmıştır.'

2021-11-16 09:38:44 - [MESSAGE][INFO] - Finding Test Object 'Object Repository/Popup/Popup'

2021-11-16 09:38:44 - [MESSAGE][INFO] - Checking object

2021-11-16 09:38:44 - [MESSAGE][INFO] - Finding web element from Test Object's properties

2021-11-16 09:38:44 - [MESSAGE][INFO] - Checking timeout

2021-11-16 09:38:44 - [MESSAGE][INFO] - Finding web element with id: 'Object Repository/Popup/Popup' located by 'By.cssSelector: .bootbox-body' in '30' second(s)

2021-11-16 09:38:44 - [MESSAGE][INFO] - Smart Wait Function is triggered

2021-11-16 09:38:45 - [MESSAGE][INFO] - Found 1 web elements with id: 'Object Repository/Popup/Popup' located by 'By.cssSelector: .bootbox-body' in '30' second(s)

2021-11-16 09:38:45 - [MESSAGE][INFO] - Getting text of object 'Object Repository/Popup/Popup'

2021-11-16 09:38:45 - [MESSAGE][PASSED] - Text of object 'Object Repository/Popup/Popup' is: 'Seçilen tasarım öndeğer tasarım olarak tanımlanmıştır.'

2021-11-16 09:38:45 - [TEST_STEP][PASSED] - RaporNo = getText(findTestObject("Popup/Popup")).substring(0, 6): Text of object 'Object Repository/Popup/Popup' is: 'Seçilen tasarım öndeğer tasarım olarak tanımlanmıştır.'

2021-11-16 09:38:45 - [MESSAGE][INFO] - Finding Test Object 'Object Repository/Popup/Popup'

2021-11-16 09:38:45 - [MESSAGE][INFO] - Checking object

2021-11-16 09:38:45 - [MESSAGE][INFO] - Finding web element from Test Object's properties

2021-11-16 09:38:45 - [MESSAGE][INFO] - Checking timeout

2021-11-16 09:38:45 - [MESSAGE][INFO] - Finding web element with id: 'Object Repository/Popup/Popup' located by 'By.cssSelector: .bootbox-body' in '30' second(s)

2021-11-16 09:38:45 - [MESSAGE][INFO] - Smart Wait Function is triggered

2021-11-16 09:38:45 - [MESSAGE][INFO] - Found 1 web elements with id: 'Object Repository/Popup/Popup' located by 'By.cssSelector: .bootbox-body' in '30' second(s)

2021-11-16 09:38:45 - [MESSAGE][INFO] - Getting text of object 'Object Repository/Popup/Popup'

2021-11-16 09:38:45 - [MESSAGE][PASSED] - Text of object 'Object Repository/Popup/Popup' is: 'Seçilen tasarım öndeğer tasarım olarak tanımlanmıştır.'

2021-11-16 09:38:45 - [TEST_STEP][PASSED] - Console.println(RaporNo): null

2021-11-16 09:38:45 - [MESSAGE][PASSED] - Call Test Case 'Test Cases/Popup/PopupMesajiIceriyorMu' successfully

2021-11-16 09:38:45 - [MESSAGE][INFO] - Checking called Test Case

2021-11-16 09:38:45 - [MESSAGE][INFO] - Starting to call Test Case 'Test Cases/Popup/PopupButonSecilir'

2021-11-16 09:38:45 - [TEST_CASE][PASSED] - Test Cases/Popup/PopupButonSecilir: Test Cases/Popup/PopupButonSecilir

2021-11-16 09:38:45 - [TEST_STEP][PASSED] - Method.TextDegerineEsitElementeTikla(findTestObject("Popup/Popup_Butons"), Buton): Method.TextDegerineEsitElementeTikla is PASSED

2021-11-16 09:38:45 - [MESSAGE][INFO] - Finding Test Object 'Object Repository/Popup/Popup_Butons'

2021-11-16 09:38:45 - [MESSAGE][INFO] - Checking timeout

2021-11-16 09:38:45 - [MESSAGE][INFO] - Finding web element with id: 'Object Repository/Popup/Popup_Butons' located by 'By.cssSelector: .modal-footer>button' in '10' second(s)

2021-11-16 09:38:45 - [MESSAGE][INFO] - Smart Wait Function is triggered

2021-11-16 09:38:45 - [MESSAGE][INFO] - Found 1 web elements with id: 'Object Repository/Popup/Popup_Butons' located by 'By.cssSelector: .modal-footer>button' in '10' second(s)

2021-11-16 09:38:46 - [MESSAGE][PASSED] - Method.TextDegerineEsitElementeTikla is PASSED

2021-11-16 09:38:46 - [MESSAGE][PASSED] - Call Test Case 'Test Cases/Popup/PopupButonSecilir' successfully

2021-11-16 09:38:46 - [MESSAGE][INFO] - Checking called Test Case

2021-11-16 09:38:46 - [MESSAGE][INFO] - Starting to call Test Case 'Test Cases/Kullanici_Islemleri/KullaniciIslemlerindenSecimYapilir'

2021-11-16 09:38:46 - [TEST_CASE][PASSED] - Test Cases/Kullanici_Islemleri/KullaniciIslemlerindenSecimYapilir: Test Cases/Kullanici_Islemleri/KullaniciIslemlerindenSecimYapilir

2021-11-16 09:38:46 - [TEST_STEP][PASSED] - waitForElementClickable(findTestObject("Object Repository/Kullanici_Islemleri/KullaniciIslemleri"), 10): Object 'Object Repository/Kullanici_Islemleri/KullaniciIslemleri' is clickable

2021-11-16 09:38:46 - [MESSAGE][INFO] - Finding Test Object 'Object Repository/Kullanici_Islemleri/KullaniciIslemleri'

2021-11-16 09:38:46 - [MESSAGE][INFO] - Checking object

2021-11-16 09:38:46 - [MESSAGE][INFO] - Checking timeout

2021-11-16 09:38:46 - [MESSAGE][INFO] - Finding web element from Test Object's properties

2021-11-16 09:38:46 - [MESSAGE][INFO] - Checking timeout

2021-11-16 09:38:46 - [MESSAGE][INFO] - Finding web element with id: 'Object Repository/Kullanici_Islemleri/KullaniciIslemleri' located by 'By.cssSelector: .dropdown>a>img' in '10' second(s)

2021-11-16 09:38:46 - [MESSAGE][INFO] - Smart Wait Function is triggered

2021-11-16 09:38:46 - [MESSAGE][INFO] - Found 1 web elements with id: 'Object Repository/Kullanici_Islemleri/KullaniciIslemleri' located by 'By.cssSelector: .dropdown>a>img' in '10' second(s)

2021-11-16 09:38:46 - [MESSAGE][PASSED] - Object 'Object Repository/Kullanici_Islemleri/KullaniciIslemleri' is clickable

2021-11-16 09:38:46 - [TEST_STEP][PASSED] - click(findTestObject("Object Repository/Kullanici_Islemleri/KullaniciIslemleri")): Object: 'Object Repository/Kullanici_Islemleri/KullaniciIslemleri' is clicked on

2021-11-16 09:38:46 - [MESSAGE][INFO] - Finding Test Object 'Object Repository/Kullanici_Islemleri/KullaniciIslemleri'

2021-11-16 09:38:46 - [MESSAGE][INFO] - Checking object

2021-11-16 09:38:46 - [MESSAGE][INFO] - Finding web element from Test Object's properties

2021-11-16 09:38:46 - [MESSAGE][INFO] - Checking timeout

2021-11-16 09:38:46 - [MESSAGE][INFO] - Finding web element with id: 'Object Repository/Kullanici_Islemleri/KullaniciIslemleri' located by 'By.cssSelector: .dropdown>a>img' in '30' second(s)

2021-11-16 09:38:46 - [MESSAGE][INFO] - Smart Wait Function is triggered

2021-11-16 09:38:47 - [MESSAGE][INFO] - Found 1 web elements with id: 'Object Repository/Kullanici_Islemleri/KullaniciIslemleri' located by 'By.cssSelector: .dropdown>a>img' in '30' second(s)

2021-11-16 09:38:47 - [MESSAGE][INFO] - Clicking on object: 'Object Repository/Kullanici_Islemleri/KullaniciIslemleri'

2021-11-16 09:38:47 - [MESSAGE][PASSED] - Object: 'Object Repository/Kullanici_Islemleri/KullaniciIslemleri' is clicked on

2021-11-16 09:38:47 - [TEST_STEP][PASSED] - Method.TextDegerineEsitElementeTikla(findTestObject("Object Repository/Kullanici_Islemleri/Secenekler"), Islem): Method.TextDegerineEsitElementeTikla is PASSED

2021-11-16 09:38:47 - [MESSAGE][INFO] - Finding Test Object 'Object Repository/Kullanici_Islemleri/Secenekler'

2021-11-16 09:38:47 - [MESSAGE][INFO] - Checking timeout

2021-11-16 09:38:47 - [MESSAGE][INFO] - Finding web element with id: 'Object Repository/Kullanici_Islemleri/Secenekler' located by 'By.cssSelector: .nav.navbar-nav.navbar-right li a' in '10' second(s)

2021-11-16 09:38:47 - [MESSAGE][INFO] - Smart Wait Function is triggered

2021-11-16 09:38:47 - [MESSAGE][INFO] - Found 22 web elements with id: 'Object Repository/Kullanici_Islemleri/Secenekler' located by 'By.cssSelector: .nav.navbar-nav.navbar-right li a' in '10' second(s)

2021-11-16 09:38:48 - [MESSAGE][PASSED] - Method.TextDegerineEsitElementeTikla is PASSED

2021-11-16 09:38:48 - [TEST_STEP][PASSED] - verifyElementNotPresent(findTestObject("Object Repository/Kullanici_Islemleri/Secenekler"), 10): Web element with id: 'Object Repository/Kullanici_Islemleri/Secenekler' located by 'By.cssSelector: .nav.navbar-nav.navbar-right li a' is not present after '10' second(s)

2021-11-16 09:38:48 - [MESSAGE][INFO] - Finding Test Object 'Object Repository/Kullanici_Islemleri/Secenekler'

2021-11-16 09:38:48 - [MESSAGE][INFO] - Checking object

2021-11-16 09:38:48 - [MESSAGE][INFO] - Checking timeout

2021-11-16 09:38:48 - [MESSAGE][INFO] - Finding web element with id: 'Object Repository/Kullanici_Islemleri/Secenekler' located by 'By.cssSelector: .nav.navbar-nav.navbar-right li a' in '10' second(s)

2021-11-16 09:38:48 - [MESSAGE][INFO] - Smart Wait Function is triggered

2021-11-16 09:38:49 - [MESSAGE][PASSED] - Web element with id: 'Object Repository/Kullanici_Islemleri/Secenekler' located by 'By.cssSelector: .nav.navbar-nav.navbar-right li a' is not present after '10' second(s)

2021-11-16 09:38:49 - [MESSAGE][PASSED] - Call Test Case 'Test Cases/Kullanici_Islemleri/KullaniciIslemlerindenSecimYapilir' successfully

2021-11-16 09:38:49 - [TEST_CASE][PASSED] - Start Test Case : SCENARIO e-Fatura Hazir Tasarim Araci On Deger Ata: SCENARIO e-Fatura Hazir Tasarim Araci On Deger Ata

2021-11-16 09:38:49 - [TEST_STEP][PASSED] - Kullanıcı adı ELOGO6 ve Şifre 123456 olarak giriş yapılır: Kullanıcı adı ELOGO6 ve Şifre 123456 olarak giriş yapılır

2021-11-16 09:38:49 - [MESSAGE][PASSED] - Kullanıcı adı ELOGO6 ve Şifre 123456 olarak giriş yapılır

2021-11-16 09:38:49 - [TEST_STEP][PASSED] - Ana menüden Ayarlar seçilir: Ana menüden Ayarlar seçilir

2021-11-16 09:38:49 - [MESSAGE][PASSED] - Ana menüden Ayarlar seçilir

2021-11-16 09:38:49 - [TEST_STEP][PASSED] - Alt menü Görsel Tasarımlar başlığı altındaki Hazır Tasarım Aracı seçilir: Alt menü Görsel Tasarımlar başlığı altındaki Hazır Tasarım Aracı seçilir

2021-11-16 09:38:49 - [MESSAGE][PASSED] - Alt menü Görsel Tasarımlar başlığı altındaki Hazır Tasarım Aracı seçilir

2021-11-16 09:38:49 - [TEST_STEP][PASSED] - Sekmelerden e-Fatura seçilir: Sekmelerden e-Fatura seçilir

2021-11-16 09:38:49 - [MESSAGE][PASSED] - Sekmelerden e-Fatura seçilir

2021-11-16 09:38:49 - [TEST_STEP][PASSED] - Mavi Temalı e-Fatura Öndeğer Şablon Tasarım 2 adlı şablonun Ön Değer Ata adlı butonuna tıkla: Mavi Temalı e-Fatura Öndeğer Şablon Tasarım 2 adlı şablonun Ön Değer Ata adlı butonuna tıkla

2021-11-16 09:38:49 - [MESSAGE][PASSED] - Mavi Temalı e-Fatura Öndeğer Şablon Tasarım 2 adlı şablonun Ön Değer Ata adlı butonuna tıkla

2021-11-16 09:38:49 - [TEST_STEP][PASSED] - Popup mesajı Seçilen tasarım, e-Fatura belge türü için öndeğer tasarım olarak tanımlanacaktır. Onaylıyor musunuz içeriyor mu: Popup mesajı Seçilen tasarım, e-Fatura belge türü için öndeğer tasarım olarak tanımlanacaktır. Onaylıyor musunuz içeriyor mu

2021-11-16 09:38:49 - [MESSAGE][PASSED] - Popup mesajı Seçilen tasarım, e-Fatura belge türü için öndeğer tasarım olarak tanımlanacaktır. Onaylıyor musunuz içeriyor mu

2021-11-16 09:38:49 - [TEST_STEP][PASSED] - Yönetim popupında Evet seçilir: Yönetim popupında Evet seçilir

2021-11-16 09:38:49 - [MESSAGE][PASSED] - Yönetim popupında Evet seçilir

2021-11-16 09:38:49 - [TEST_STEP][PASSED] - Popup mesajı Seçilen tasarım öndeğer tasarım olarak tanımlanmıştır. içeriyor mu: Popup mesajı Seçilen tasarım öndeğer tasarım olarak tanımlanmıştır. içeriyor mu

2021-11-16 09:38:49 - [MESSAGE][PASSED] - Popup mesajı Seçilen tasarım öndeğer tasarım olarak tanımlanmıştır. içeriyor mu

2021-11-16 09:38:49 - [TEST_STEP][PASSED] - Yönetim popupında Tamam seçilir: Yönetim popupında Tamam seçilir

2021-11-16 09:38:49 - [MESSAGE][PASSED] - Yönetim popupında Tamam seçilir

2021-11-16 09:38:49 - [TEST_STEP][PASSED] - Kullanıcı işlemlerinden Çıkış seçilir: Kullanıcı işlemlerinden Çıkış seçilir

2021-11-16 09:38:49 - [MESSAGE][PASSED] - Kullanıcı işlemlerinden Çıkış seçilir

2021-11-16 09:38:49 - [MESSAGE][PASSED] - Feature file: 'Include/features/Ayarlar/Gorsel Tasarimlar/Hazir Tasarim Araci/e-Fatura/On Deger Ata.feature' was passed

2021-11-16 09:38:49 - [TEST_STEP][PASSED] - Start listener action : sampleAfterTestSuite: Invoke 'com.kms.katalon.core.annotation.AfterTestCase' method: 'Listener.sampleAfterTestSuite(...)' completed.

2021-11-16 09:38:49 - [MESSAGE][INFO] - Starting invoke 'com.kms.katalon.core.annotation.AfterTestCase' method: 'Listener.sampleAfterTestSuite(...)'

2021-11-16 09:38:49 - [TEST_STEP][PASSED] - closeBrowser(): Invoke 'com.kms.katalon.core.annotation.AfterTestCase' method: 'Listener.sampleAfterTestSuite(...)' completed.

2021-11-16 09:38:49 - [MESSAGE][INFO] - Closing browser

2021-11-16 09:38:50 - [MESSAGE][PASSED] - Browser is closed

2021-11-16 09:38:50 - [MESSAGE][INFO] - Invoke 'com.kms.katalon.core.annotation.AfterTestCase' method: 'Listener.sampleAfterTestSuite(...)' completed.]]></system-out>
         <system-err><![CDATA[]]></system-err>
      </testcase>
      <testcase name="Test Cases/Case Repository/Ayarlar/Gorsel Tasarim/Hazir Tasarim Araci/e-Fatura/Onizleme" time="28.649" classname="Test Cases/Case Repository/Ayarlar/Gorsel Tasarim/Hazir Tasarim Araci/e-Fatura/Onizleme" status="PASSED">
         <system-out><![CDATA[2021-11-16 09:38:50 - [TEST_CASE][PASSED] - Test Cases/Case Repository/Ayarlar/Gorsel Tasarim/Hazir Tasarim Araci/e-Fatura/Onizleme: Test Cases/Case Repository/Ayarlar/Gorsel Tasarim/Hazir Tasarim Araci/e-Fatura/Onizleme

2021-11-16 09:38:50 - [TEST_STEP][PASSED] - Start listener action : sampleBeforeTestSuite: Invoke 'com.kms.katalon.core.annotation.BeforeTestCase' method: 'Listener.sampleBeforeTestSuite(...)' completed.

2021-11-16 09:38:50 - [MESSAGE][INFO] - Starting invoke 'com.kms.katalon.core.annotation.BeforeTestCase' method: 'Listener.sampleBeforeTestSuite(...)'

2021-11-16 09:38:50 - [TEST_STEP][PASSED] - openBrowser(baseUrl): Browser is opened with url: 'https://efatura-stage.elogo.com.tr/'

2021-11-16 09:38:50 - [MESSAGE][INFO] - Opening browser

2021-11-16 09:38:50 - [MESSAGE][INFO] - Starting 'Chrome' driver

2021-11-16 09:38:50 - [MESSAGE][INFO] - User set preference: ['prefs', '{download.default_directory=C:\otomasyondownfiles}']

2021-11-16 09:38:50 - [MESSAGE][INFO] - Action delay is set to 0 milliseconds

2021-11-16 09:38:51 - [MESSAGE][INFO] - Navigating browser to: 'https://efatura-stage.elogo.com.tr/'

2021-11-16 09:38:53 - [MESSAGE][PASSED] - Browser is opened with url: 'https://efatura-stage.elogo.com.tr/'

2021-11-16 09:38:53 - [TEST_STEP][PASSED] - maximizeWindow(): Invoke 'com.kms.katalon.core.annotation.BeforeTestCase' method: 'Listener.sampleBeforeTestSuite(...)' completed.

2021-11-16 09:38:53 - [MESSAGE][INFO] - Maximizing current window

2021-11-16 09:38:53 - [MESSAGE][PASSED] - Current window maximized

2021-11-16 09:38:53 - [MESSAGE][INFO] - Invoke 'com.kms.katalon.core.annotation.BeforeTestCase' method: 'Listener.sampleBeforeTestSuite(...)' completed.

2021-11-16 09:38:54 - [TEST_STEP][PASSED] - runFeatureFile("Include/features/Ayarlar/Gorsel Tasarimlar/Hazir Tasarim Araci/e-Fatura/Onizleme.feature"): Feature file: 'Include/features/Ayarlar/Gorsel Tasarimlar/Hazir Tasarim Araci/e-Fatura/Onizleme.feature' was passed

2021-11-16 09:38:54 - [MESSAGE][INFO] - Starting run keyword runFeatureFile: 'Include/features/Ayarlar/Gorsel Tasarimlar/Hazir Tasarim Araci/e-Fatura/Onizleme.feature' and extract report to folder: 'C:\Users\DELL\Documents\GitHub\EES_KatalonLogo\Reports\20211116_090026\Suite Repository\Ayarlar\20211116_090123/cucumber_report/1637044734297'...

2021-11-16 09:38:54 - [MESSAGE][INFO] - Glue: []

2021-11-16 09:38:56 - [MESSAGE][INFO] - Checking called Test Case

2021-11-16 09:38:56 - [MESSAGE][INFO] - Starting to call Test Case 'Test Cases/Sayfalar/Giris_Sayfasi/Login'

2021-11-16 09:38:56 - [TEST_CASE][PASSED] - Test Cases/Sayfalar/Giris_Sayfasi/Login: Test Cases/Sayfalar/Giris_Sayfasi/Login

2021-11-16 09:38:56 - [TEST_STEP][PASSED] - Sayfa_Basligi = getWindowTitle(): Current window's title is: 'LOGO e-Fatura'

2021-11-16 09:38:56 - [MESSAGE][INFO] - Getting current window's title

2021-11-16 09:38:56 - [MESSAGE][PASSED] - Current window's title is: 'LOGO e-Fatura'

2021-11-16 09:38:56 - [TEST_STEP][PASSED] - verifyMatch(Sayfa_Basligi, "LOGO e-Fatura", false): Actual text 'LOGO e-Fatura' and expected text 'LOGO e-Fatura' are matched 

2021-11-16 09:38:56 - [MESSAGE][INFO] - Matching actual text 'LOGO e-Fatura' with expected text 'LOGO e-Fatura'

2021-11-16 09:38:56 - [MESSAGE][PASSED] - Actual text 'LOGO e-Fatura' and expected text 'LOGO e-Fatura' are matched 

2021-11-16 09:38:56 - [TEST_STEP][PASSED] - sendKeys(findTestObject("Sayfalar/Giris_Sayfasi/Firma_Kodu"), KullaniciAdi): Keys 'ELOGO6' sent to object: 'Object Repository/Sayfalar/Giris_Sayfasi/Firma_Kodu'

2021-11-16 09:38:56 - [MESSAGE][INFO] - Finding Test Object 'Object Repository/Sayfalar/Giris_Sayfasi/Firma_Kodu'

2021-11-16 09:38:56 - [MESSAGE][INFO] - Sending keys 'ELOGO6' to object: 'Object Repository/Sayfalar/Giris_Sayfasi/Firma_Kodu'

2021-11-16 09:38:56 - [MESSAGE][INFO] - Finding web element from Test Object's properties

2021-11-16 09:38:56 - [MESSAGE][INFO] - Checking timeout

2021-11-16 09:38:56 - [MESSAGE][INFO] - Finding web element with id: 'Object Repository/Sayfalar/Giris_Sayfasi/Firma_Kodu' located by 'By.xpath: //*[@id = 'AccountName']' in '30' second(s)

2021-11-16 09:38:56 - [MESSAGE][INFO] - Smart Wait Function is triggered

2021-11-16 09:38:56 - [MESSAGE][INFO] - Found 1 web elements with id: 'Object Repository/Sayfalar/Giris_Sayfasi/Firma_Kodu' located by 'By.xpath: //*[@id = 'AccountName']' in '30' second(s)

2021-11-16 09:38:56 - [MESSAGE][PASSED] - Keys 'ELOGO6' sent to object: 'Object Repository/Sayfalar/Giris_Sayfasi/Firma_Kodu'

2021-11-16 09:38:56 - [TEST_STEP][PASSED] - sendKeys(findTestObject("Sayfalar/Giris_Sayfasi/Sifre"), Sifre): Keys '123456' sent to object: 'Object Repository/Sayfalar/Giris_Sayfasi/Sifre'

2021-11-16 09:38:56 - [MESSAGE][INFO] - Finding Test Object 'Object Repository/Sayfalar/Giris_Sayfasi/Sifre'

2021-11-16 09:38:56 - [MESSAGE][INFO] - Sending keys '123456' to object: 'Object Repository/Sayfalar/Giris_Sayfasi/Sifre'

2021-11-16 09:38:56 - [MESSAGE][INFO] - Finding web element from Test Object's properties

2021-11-16 09:38:56 - [MESSAGE][INFO] - Checking timeout

2021-11-16 09:38:56 - [MESSAGE][INFO] - Finding web element with id: 'Object Repository/Sayfalar/Giris_Sayfasi/Sifre' located by 'By.xpath: //*[@id = 'Password']' in '30' second(s)

2021-11-16 09:38:56 - [MESSAGE][INFO] - Smart Wait Function is triggered

2021-11-16 09:38:57 - [MESSAGE][INFO] - Found 1 web elements with id: 'Object Repository/Sayfalar/Giris_Sayfasi/Sifre' located by 'By.xpath: //*[@id = 'Password']' in '30' second(s)

2021-11-16 09:38:57 - [MESSAGE][PASSED] - Keys '123456' sent to object: 'Object Repository/Sayfalar/Giris_Sayfasi/Sifre'

2021-11-16 09:38:57 - [TEST_STEP][PASSED] - findWebElement(findTestObject("Sayfalar/Giris_Sayfasi/Giris_Butonu")).click(): Found 1 web elements with id: 'Object Repository/Sayfalar/Giris_Sayfasi/Giris_Butonu' located by 'By.cssSelector: #btnLogin' in '30' second(s)

2021-11-16 09:38:57 - [MESSAGE][INFO] - Finding Test Object 'Object Repository/Sayfalar/Giris_Sayfasi/Giris_Butonu'

2021-11-16 09:38:57 - [MESSAGE][INFO] - Finding web element from Test Object's properties

2021-11-16 09:38:57 - [MESSAGE][INFO] - Checking timeout

2021-11-16 09:38:57 - [MESSAGE][INFO] - Finding web element with id: 'Object Repository/Sayfalar/Giris_Sayfasi/Giris_Butonu' located by 'By.cssSelector: #btnLogin' in '30' second(s)

2021-11-16 09:38:57 - [MESSAGE][INFO] - Smart Wait Function is triggered

2021-11-16 09:38:57 - [MESSAGE][INFO] - Found 1 web elements with id: 'Object Repository/Sayfalar/Giris_Sayfasi/Giris_Butonu' located by 'By.cssSelector: #btnLogin' in '30' second(s)

2021-11-16 09:39:00 - [TEST_STEP][PASSED] - if (verifyElementPresent(findTestObject("Object Repository/Sayfalar/Giris_Sayfasi/RetveTamam_Butonu"), 5, OPTIONAL)): null

2021-11-16 09:39:00 - [MESSAGE][INFO] - Finding Test Object 'Object Repository/Sayfalar/Giris_Sayfasi/RetveTamam_Butonu'

2021-11-16 09:39:00 - [MESSAGE][INFO] - Checking object

2021-11-16 09:39:00 - [MESSAGE][INFO] - Finding web element from Test Object's properties

2021-11-16 09:39:00 - [MESSAGE][INFO] - Checking timeout

2021-11-16 09:39:00 - [MESSAGE][INFO] - Finding web element with id: 'Object Repository/Sayfalar/Giris_Sayfasi/RetveTamam_Butonu' located by 'By.xpath: //*[@class = 'btn btn-default']' in '5' second(s)

2021-11-16 09:39:00 - [MESSAGE][INFO] - Smart Wait Function is triggered

2021-11-16 09:39:00 - [MESSAGE][INFO] - Found 1 web elements with id: 'Object Repository/Sayfalar/Giris_Sayfasi/RetveTamam_Butonu' located by 'By.xpath: //*[@class = 'btn btn-default']' in '5' second(s)

2021-11-16 09:39:00 - [MESSAGE][PASSED] - Object 'Object Repository/Sayfalar/Giris_Sayfasi/RetveTamam_Butonu' is present

2021-11-16 09:39:00 - [TEST_STEP][PASSED] - click(findTestObject("Object Repository/Sayfalar/Giris_Sayfasi/RetveTamam_Butonu")): Object: 'Object Repository/Sayfalar/Giris_Sayfasi/RetveTamam_Butonu' is clicked on

2021-11-16 09:39:00 - [MESSAGE][INFO] - Finding Test Object 'Object Repository/Sayfalar/Giris_Sayfasi/RetveTamam_Butonu'

2021-11-16 09:39:00 - [MESSAGE][INFO] - Checking object

2021-11-16 09:39:00 - [MESSAGE][INFO] - Finding web element from Test Object's properties

2021-11-16 09:39:00 - [MESSAGE][INFO] - Checking timeout

2021-11-16 09:39:00 - [MESSAGE][INFO] - Finding web element with id: 'Object Repository/Sayfalar/Giris_Sayfasi/RetveTamam_Butonu' located by 'By.xpath: //*[@class = 'btn btn-default']' in '30' second(s)

2021-11-16 09:39:00 - [MESSAGE][INFO] - Smart Wait Function is triggered

2021-11-16 09:39:01 - [MESSAGE][INFO] - Found 1 web elements with id: 'Object Repository/Sayfalar/Giris_Sayfasi/RetveTamam_Butonu' located by 'By.xpath: //*[@class = 'btn btn-default']' in '30' second(s)

2021-11-16 09:39:01 - [MESSAGE][INFO] - Clicking on object: 'Object Repository/Sayfalar/Giris_Sayfasi/RetveTamam_Butonu'

2021-11-16 09:39:01 - [MESSAGE][PASSED] - Object: 'Object Repository/Sayfalar/Giris_Sayfasi/RetveTamam_Butonu' is clicked on

2021-11-16 09:39:01 - [TEST_STEP][PASSED] - click(findTestObject("Object Repository/Sayfalar/Giris_Sayfasi/RetveTamam_Butonu")): Object: 'Object Repository/Sayfalar/Giris_Sayfasi/RetveTamam_Butonu' is clicked on

2021-11-16 09:39:01 - [MESSAGE][INFO] - Finding Test Object 'Object Repository/Sayfalar/Giris_Sayfasi/RetveTamam_Butonu'

2021-11-16 09:39:01 - [MESSAGE][INFO] - Checking object

2021-11-16 09:39:01 - [MESSAGE][INFO] - Finding web element from Test Object's properties

2021-11-16 09:39:01 - [MESSAGE][INFO] - Checking timeout

2021-11-16 09:39:01 - [MESSAGE][INFO] - Finding web element with id: 'Object Repository/Sayfalar/Giris_Sayfasi/RetveTamam_Butonu' located by 'By.xpath: //*[@class = 'btn btn-default']' in '30' second(s)

2021-11-16 09:39:01 - [MESSAGE][INFO] - Smart Wait Function is triggered

2021-11-16 09:39:04 - [MESSAGE][INFO] - Found 1 web elements with id: 'Object Repository/Sayfalar/Giris_Sayfasi/RetveTamam_Butonu' located by 'By.xpath: //*[@class = 'btn btn-default']' in '30' second(s)

2021-11-16 09:39:04 - [MESSAGE][INFO] - Clicking on object: 'Object Repository/Sayfalar/Giris_Sayfasi/RetveTamam_Butonu'

2021-11-16 09:39:04 - [MESSAGE][PASSED] - Object: 'Object Repository/Sayfalar/Giris_Sayfasi/RetveTamam_Butonu' is clicked on

2021-11-16 09:39:04 - [TEST_STEP][PASSED] - if (verifyElementPresent(findTestObject("Sayfalar/Giris_Sayfasi/PopupOK"), 5, OPTIONAL)): null

2021-11-16 09:39:04 - [MESSAGE][INFO] - Finding Test Object 'Object Repository/Sayfalar/Giris_Sayfasi/PopupOK'

2021-11-16 09:39:04 - [MESSAGE][INFO] - Checking object

2021-11-16 09:39:04 - [MESSAGE][INFO] - Finding web element from Test Object's properties

2021-11-16 09:39:04 - [MESSAGE][INFO] - Checking timeout

2021-11-16 09:39:04 - [MESSAGE][INFO] - Finding web element with id: 'Object Repository/Sayfalar/Giris_Sayfasi/PopupOK' located by 'By.cssSelector: .btn.btn-success' in '5' second(s)

2021-11-16 09:39:04 - [MESSAGE][INFO] - Smart Wait Function is triggered

2021-11-16 09:39:04 - [MESSAGE][INFO] - Found 1 web elements with id: 'Object Repository/Sayfalar/Giris_Sayfasi/PopupOK' located by 'By.cssSelector: .btn.btn-success' in '5' second(s)

2021-11-16 09:39:04 - [MESSAGE][PASSED] - Object 'Object Repository/Sayfalar/Giris_Sayfasi/PopupOK' is present

2021-11-16 09:39:04 - [TEST_STEP][PASSED] - click(findTestObject("Object Repository/Sayfalar/Giris_Sayfasi/PopupCarpiGiris")): Object: 'Object Repository/Sayfalar/Giris_Sayfasi/PopupCarpiGiris' is clicked on

2021-11-16 09:39:04 - [MESSAGE][INFO] - Finding Test Object 'Object Repository/Sayfalar/Giris_Sayfasi/PopupCarpiGiris'

2021-11-16 09:39:04 - [MESSAGE][INFO] - Checking object

2021-11-16 09:39:04 - [MESSAGE][INFO] - Finding web element from Test Object's properties

2021-11-16 09:39:04 - [MESSAGE][INFO] - Checking timeout

2021-11-16 09:39:04 - [MESSAGE][INFO] - Finding web element with id: 'Object Repository/Sayfalar/Giris_Sayfasi/PopupCarpiGiris' located by 'By.cssSelector: .bootbox-close-button.close' in '30' second(s)

2021-11-16 09:39:04 - [MESSAGE][INFO] - Smart Wait Function is triggered

2021-11-16 09:39:04 - [MESSAGE][INFO] - Found 1 web elements with id: 'Object Repository/Sayfalar/Giris_Sayfasi/PopupCarpiGiris' located by 'By.cssSelector: .bootbox-close-button.close' in '30' second(s)

2021-11-16 09:39:04 - [MESSAGE][INFO] - Clicking on object: 'Object Repository/Sayfalar/Giris_Sayfasi/PopupCarpiGiris'

2021-11-16 09:39:04 - [MESSAGE][PASSED] - Object: 'Object Repository/Sayfalar/Giris_Sayfasi/PopupCarpiGiris' is clicked on

2021-11-16 09:39:04 - [TEST_STEP][PASSED] - verifyElementVisible(findTestObject("Object Repository/Kullanici_Islemleri/KullaniciIslemleri")): Object 'Object Repository/Kullanici_Islemleri/KullaniciIslemleri' is visible

2021-11-16 09:39:04 - [MESSAGE][INFO] - Finding Test Object 'Object Repository/Kullanici_Islemleri/KullaniciIslemleri'

2021-11-16 09:39:05 - [MESSAGE][INFO] - Checking object

2021-11-16 09:39:05 - [MESSAGE][INFO] - Finding web element from Test Object's properties

2021-11-16 09:39:05 - [MESSAGE][INFO] - Checking timeout

2021-11-16 09:39:05 - [MESSAGE][INFO] - Finding web element with id: 'Object Repository/Kullanici_Islemleri/KullaniciIslemleri' located by 'By.cssSelector: .dropdown>a>img' in '30' second(s)

2021-11-16 09:39:05 - [MESSAGE][INFO] - Smart Wait Function is triggered

2021-11-16 09:39:05 - [MESSAGE][INFO] - Found 1 web elements with id: 'Object Repository/Kullanici_Islemleri/KullaniciIslemleri' located by 'By.cssSelector: .dropdown>a>img' in '30' second(s)

2021-11-16 09:39:05 - [MESSAGE][PASSED] - Object 'Object Repository/Kullanici_Islemleri/KullaniciIslemleri' is visible

2021-11-16 09:39:05 - [MESSAGE][PASSED] - Call Test Case 'Test Cases/Sayfalar/Giris_Sayfasi/Login' successfully

2021-11-16 09:39:05 - [MESSAGE][INFO] - Checking called Test Case

2021-11-16 09:39:05 - [MESSAGE][INFO] - Starting to call Test Case 'Test Cases/Menu/AnaMenuSecimi'

2021-11-16 09:39:05 - [TEST_CASE][PASSED] - Test Cases/Menu/AnaMenuSecimi: Test Cases/Menu/AnaMenuSecimi

2021-11-16 09:39:05 - [TEST_STEP][PASSED] - Method.TextDegerineEsitElementeTikla(findTestObject("Menu/Ana_Menu"), Ana_Menu): Method.TextDegerineEsitElementeTikla is PASSED

2021-11-16 09:39:05 - [MESSAGE][INFO] - Finding Test Object 'Object Repository/Menu/Ana_Menu'

2021-11-16 09:39:05 - [MESSAGE][INFO] - Checking timeout

2021-11-16 09:39:05 - [MESSAGE][INFO] - Finding web element with id: 'Object Repository/Menu/Ana_Menu' located by 'By.xpath: //*[@class = 'dropdown-toggle']' in '10' second(s)

2021-11-16 09:39:05 - [MESSAGE][INFO] - Smart Wait Function is triggered

2021-11-16 09:39:06 - [MESSAGE][INFO] - Found 14 web elements with id: 'Object Repository/Menu/Ana_Menu' located by 'By.xpath: //*[@class = 'dropdown-toggle']' in '10' second(s)

2021-11-16 09:39:06 - [MESSAGE][PASSED] - Method.TextDegerineEsitElementeTikla is PASSED

2021-11-16 09:39:06 - [MESSAGE][PASSED] - Call Test Case 'Test Cases/Menu/AnaMenuSecimi' successfully

2021-11-16 09:39:06 - [MESSAGE][INFO] - Checking called Test Case

2021-11-16 09:39:06 - [MESSAGE][INFO] - Starting to call Test Case 'Test Cases/Menu/BasligaGoreAltMenuSecimi'

2021-11-16 09:39:06 - [TEST_CASE][PASSED] - Test Cases/Menu/BasligaGoreAltMenuSecimi: Test Cases/Menu/BasligaGoreAltMenuSecimi

2021-11-16 09:39:06 - [TEST_STEP][PASSED] - Method.TextDegerineEsitElementinAltindakiTextDegerineEsitOlanaTikla(findTestObject("Menu/Menu_Basligi"), findTestObject("Menu/Basliga_Gore_Alt_Menu"), Baslik, Alt_Menu): Method.TextDegerineEsitElementinAltindakiTextDegerineEsitOlanaTikla is PASSED

2021-11-16 09:39:06 - [MESSAGE][INFO] - Finding Test Object 'Object Repository/Menu/Menu_Basligi'

2021-11-16 09:39:06 - [MESSAGE][INFO] - Finding Test Object 'Object Repository/Menu/Basliga_Gore_Alt_Menu'

2021-11-16 09:39:06 - [MESSAGE][INFO] - Checking timeout

2021-11-16 09:39:06 - [MESSAGE][INFO] - Finding web element with id: 'Object Repository/Menu/Menu_Basligi' located by 'By.xpath: //li[@class='dropdown dropdown-large open']//li[@class='dropdown-header']' in '10' second(s)

2021-11-16 09:39:06 - [MESSAGE][INFO] - Smart Wait Function is triggered

2021-11-16 09:39:06 - [MESSAGE][INFO] - Found 2 web elements with id: 'Object Repository/Menu/Menu_Basligi' located by 'By.xpath: //li[@class='dropdown dropdown-large open']//li[@class='dropdown-header']' in '10' second(s)

2021-11-16 09:39:07 - [MESSAGE][INFO] - Smart Wait Function is triggered

2021-11-16 09:39:10 - [MESSAGE][PASSED] - Method.TextDegerineEsitElementinAltindakiTextDegerineEsitOlanaTikla is PASSED

2021-11-16 09:39:10 - [MESSAGE][PASSED] - Call Test Case 'Test Cases/Menu/BasligaGoreAltMenuSecimi' successfully

2021-11-16 09:39:10 - [MESSAGE][INFO] - Checking called Test Case

2021-11-16 09:39:10 - [MESSAGE][INFO] - Starting to call Test Case 'Test Cases/Sayfalar/Yetki_Yonetimi/SekmeSecilir'

2021-11-16 09:39:10 - [TEST_CASE][PASSED] - Test Cases/Sayfalar/Yetki_Yonetimi/SekmeSecilir: Test Cases/Sayfalar/Yetki_Yonetimi/SekmeSecilir

2021-11-16 09:39:11 - [TEST_STEP][PASSED] - Method.TextDegerineEsitElementeTikla(findTestObject("Object Repository/Sayfalar/Yetki_Yonetimi/Sekmeler"), Sekme): Method.TextDegerineEsitElementeTikla is PASSED

2021-11-16 09:39:11 - [MESSAGE][INFO] - Finding Test Object 'Object Repository/Sayfalar/Yetki_Yonetimi/Sekmeler'

2021-11-16 09:39:11 - [MESSAGE][INFO] - Checking timeout

2021-11-16 09:39:11 - [MESSAGE][INFO] - Finding web element with id: 'Object Repository/Sayfalar/Yetki_Yonetimi/Sekmeler' located by 'By.cssSelector: #pcFeatures_TC>li[class="dxtc-tab"] span,#pcFeatures_TC>li[class="dxtc-activeTab dxtc-lead"] span' in '10' second(s)

2021-11-16 09:39:11 - [MESSAGE][INFO] - Smart Wait Function is triggered

2021-11-16 09:39:11 - [MESSAGE][INFO] - Found 5 web elements with id: 'Object Repository/Sayfalar/Yetki_Yonetimi/Sekmeler' located by 'By.cssSelector: #pcFeatures_TC>li[class="dxtc-tab"] span,#pcFeatures_TC>li[class="dxtc-activeTab dxtc-lead"] span' in '10' second(s)

2021-11-16 09:39:11 - [MESSAGE][PASSED] - Method.TextDegerineEsitElementeTikla is PASSED

2021-11-16 09:39:11 - [MESSAGE][PASSED] - Call Test Case 'Test Cases/Sayfalar/Yetki_Yonetimi/SekmeSecilir' successfully

2021-11-16 09:39:11 - [MESSAGE][INFO] - Checking called Test Case

2021-11-16 09:39:11 - [MESSAGE][INFO] - Starting to call Test Case 'Test Cases/Sayfalar/Ayarlar/Gorsel_Tasarim/SablonButonunaTikla'

2021-11-16 09:39:11 - [TEST_CASE][PASSED] - Test Cases/Sayfalar/Ayarlar/Gorsel_Tasarim/SablonButonunaTikla: Test Cases/Sayfalar/Ayarlar/Gorsel_Tasarim/SablonButonunaTikla

2021-11-16 09:39:11 - [TEST_STEP][PASSED] - Method.TextDegerineEsitElementinAltindakiTextDegerineEsitOlanaTikla(findTestObject("Object Repository/Sayfalar/Ayarlar/Gorsel_Tasarim/Sablonlar"), findTestObject("Object Repository/Sayfalar/Ayarlar/Gorsel_Tasarim/SablonButonlari"), Sablon, Buton): Method.TextDegerineEsitElementinAltindakiTextDegerineEsitOlanaTikla is PASSED

2021-11-16 09:39:11 - [MESSAGE][INFO] - Finding Test Object 'Object Repository/Sayfalar/Ayarlar/Gorsel_Tasarim/Sablonlar'

2021-11-16 09:39:11 - [MESSAGE][INFO] - Finding Test Object 'Object Repository/Sayfalar/Ayarlar/Gorsel_Tasarim/SablonButonlari'

2021-11-16 09:39:11 - [MESSAGE][INFO] - Checking timeout

2021-11-16 09:39:11 - [MESSAGE][INFO] - Finding web element with id: 'Object Repository/Sayfalar/Ayarlar/Gorsel_Tasarim/Sablonlar' located by 'By.cssSelector: .dxgvDataRow_LECustomTheme>td>b' in '10' second(s)

2021-11-16 09:39:11 - [MESSAGE][INFO] - Smart Wait Function is triggered

2021-11-16 09:39:12 - [MESSAGE][INFO] - Found 12 web elements with id: 'Object Repository/Sayfalar/Ayarlar/Gorsel_Tasarim/Sablonlar' located by 'By.cssSelector: .dxgvDataRow_LECustomTheme>td>b' in '10' second(s)

2021-11-16 09:39:12 - [MESSAGE][INFO] - Smart Wait Function is triggered

2021-11-16 09:39:12 - [MESSAGE][PASSED] - Method.TextDegerineEsitElementinAltindakiTextDegerineEsitOlanaTikla is PASSED

2021-11-16 09:39:12 - [MESSAGE][PASSED] - Call Test Case 'Test Cases/Sayfalar/Ayarlar/Gorsel_Tasarim/SablonButonunaTikla' successfully

2021-11-16 09:39:12 - [MESSAGE][INFO] - Checking called Test Case

2021-11-16 09:39:12 - [MESSAGE][INFO] - Starting to call Test Case 'Test Cases/Sekmeler/YeniSekmeyeGec'

2021-11-16 09:39:12 - [TEST_CASE][PASSED] - Test Cases/Sekmeler/YeniSekmeyeGec: Test Cases/Sekmeler/YeniSekmeyeGec

2021-11-16 09:39:13 - [TEST_STEP][PASSED] - switchToWindowIndex(1): Switched to window with index: '1'

2021-11-16 09:39:13 - [MESSAGE][INFO] - Checking index

2021-11-16 09:39:13 - [MESSAGE][INFO] - Switching window with index: '1'

2021-11-16 09:39:13 - [MESSAGE][PASSED] - Switched to window with index: '1'

2021-11-16 09:39:13 - [MESSAGE][PASSED] - Call Test Case 'Test Cases/Sekmeler/YeniSekmeyeGec' successfully

2021-11-16 09:39:13 - [MESSAGE][INFO] - Checking called Test Case

2021-11-16 09:39:13 - [MESSAGE][INFO] - Starting to call Test Case 'Test Cases/Sekmeler/YeniSekmeBasligindaVarMi'

2021-11-16 09:39:13 - [TEST_CASE][PASSED] - Test Cases/Sekmeler/YeniSekmeBasligindaVarMi: Test Cases/Sekmeler/YeniSekmeBasligindaVarMi

2021-11-16 09:39:14 - [TEST_STEP][PASSED] - verifyElementText(findTestObject("Object Repository/Sekmeler/Olusturma_Goster_Baslik"), Title): Actual text and expected text of test object 'Object Repository/Sekmeler/Olusturma_Goster_Baslik' are matched.

2021-11-16 09:39:14 - [MESSAGE][INFO] - Finding Test Object 'Object Repository/Sekmeler/Olusturma_Goster_Baslik'

2021-11-16 09:39:14 - [MESSAGE][INFO] - Checking object

2021-11-16 09:39:14 - [MESSAGE][INFO] - Finding web element from Test Object's properties

2021-11-16 09:39:14 - [MESSAGE][INFO] - Checking timeout

2021-11-16 09:39:14 - [MESSAGE][INFO] - Finding web element with id: 'Object Repository/Sekmeler/Olusturma_Goster_Baslik' located by 'By.cssSelector: h1>span,td>font,font' in '30' second(s)

2021-11-16 09:39:14 - [MESSAGE][INFO] - Smart Wait Function is triggered

2021-11-16 09:39:14 - [MESSAGE][INFO] - Found 1 web elements with id: 'Object Repository/Sekmeler/Olusturma_Goster_Baslik' located by 'By.cssSelector: h1>span,td>font,font' in '30' second(s)

2021-11-16 09:39:14 - [MESSAGE][PASSED] - Actual text and expected text of test object 'Object Repository/Sekmeler/Olusturma_Goster_Baslik' are matched.

2021-11-16 09:39:14 - [MESSAGE][PASSED] - Call Test Case 'Test Cases/Sekmeler/YeniSekmeBasligindaVarMi' successfully

2021-11-16 09:39:14 - [MESSAGE][INFO] - Checking called Test Case

2021-11-16 09:39:14 - [MESSAGE][INFO] - Starting to call Test Case 'Test Cases/Sekmeler/Ana_Sekmeye_Gec'

2021-11-16 09:39:14 - [TEST_CASE][PASSED] - Test Cases/Sekmeler/Ana_Sekmeye_Gec: Test Cases/Sekmeler/Ana_Sekmeye_Gec

2021-11-16 09:39:15 - [TEST_STEP][PASSED] - try: Window with index 1 is closed

2021-11-16 09:39:15 - [TEST_STEP][PASSED] - index = getWindowIndex(): Current window's index is: 1

2021-11-16 09:39:15 - [MESSAGE][INFO] - Getting current window's index

2021-11-16 09:39:15 - [MESSAGE][PASSED] - Current window's index is: 1

2021-11-16 09:39:15 - [TEST_STEP][PASSED] - closeWindowIndex(index): Window with index 1 is closed

2021-11-16 09:39:15 - [MESSAGE][INFO] - Checking index

2021-11-16 09:39:15 - [MESSAGE][INFO] - Closing window with index 1

2021-11-16 09:39:15 - [MESSAGE][PASSED] - Window with index 1 is closed

2021-11-16 09:39:15 - [TEST_STEP][PASSED] - switchToWindowIndex(0): Switched to window with index: '0'

2021-11-16 09:39:15 - [MESSAGE][INFO] - Checking index

2021-11-16 09:39:15 - [MESSAGE][INFO] - Switching window with index: '0'

2021-11-16 09:39:15 - [MESSAGE][PASSED] - Switched to window with index: '0'

2021-11-16 09:39:15 - [MESSAGE][PASSED] - Call Test Case 'Test Cases/Sekmeler/Ana_Sekmeye_Gec' successfully

2021-11-16 09:39:15 - [MESSAGE][INFO] - Checking called Test Case

2021-11-16 09:39:15 - [MESSAGE][INFO] - Starting to call Test Case 'Test Cases/Kullanici_Islemleri/KullaniciIslemlerindenSecimYapilir'

2021-11-16 09:39:15 - [TEST_CASE][PASSED] - Test Cases/Kullanici_Islemleri/KullaniciIslemlerindenSecimYapilir: Test Cases/Kullanici_Islemleri/KullaniciIslemlerindenSecimYapilir

2021-11-16 09:39:15 - [TEST_STEP][PASSED] - waitForElementClickable(findTestObject("Object Repository/Kullanici_Islemleri/KullaniciIslemleri"), 10): Object 'Object Repository/Kullanici_Islemleri/KullaniciIslemleri' is clickable

2021-11-16 09:39:15 - [MESSAGE][INFO] - Finding Test Object 'Object Repository/Kullanici_Islemleri/KullaniciIslemleri'

2021-11-16 09:39:15 - [MESSAGE][INFO] - Checking object

2021-11-16 09:39:15 - [MESSAGE][INFO] - Checking timeout

2021-11-16 09:39:15 - [MESSAGE][INFO] - Finding web element from Test Object's properties

2021-11-16 09:39:15 - [MESSAGE][INFO] - Checking timeout

2021-11-16 09:39:15 - [MESSAGE][INFO] - Finding web element with id: 'Object Repository/Kullanici_Islemleri/KullaniciIslemleri' located by 'By.cssSelector: .dropdown>a>img' in '10' second(s)

2021-11-16 09:39:15 - [MESSAGE][INFO] - Smart Wait Function is triggered

2021-11-16 09:39:15 - [MESSAGE][INFO] - Found 1 web elements with id: 'Object Repository/Kullanici_Islemleri/KullaniciIslemleri' located by 'By.cssSelector: .dropdown>a>img' in '10' second(s)

2021-11-16 09:39:15 - [MESSAGE][PASSED] - Object 'Object Repository/Kullanici_Islemleri/KullaniciIslemleri' is clickable

2021-11-16 09:39:15 - [TEST_STEP][PASSED] - click(findTestObject("Object Repository/Kullanici_Islemleri/KullaniciIslemleri")): Object: 'Object Repository/Kullanici_Islemleri/KullaniciIslemleri' is clicked on

2021-11-16 09:39:15 - [MESSAGE][INFO] - Finding Test Object 'Object Repository/Kullanici_Islemleri/KullaniciIslemleri'

2021-11-16 09:39:15 - [MESSAGE][INFO] - Checking object

2021-11-16 09:39:15 - [MESSAGE][INFO] - Finding web element from Test Object's properties

2021-11-16 09:39:15 - [MESSAGE][INFO] - Checking timeout

2021-11-16 09:39:15 - [MESSAGE][INFO] - Finding web element with id: 'Object Repository/Kullanici_Islemleri/KullaniciIslemleri' located by 'By.cssSelector: .dropdown>a>img' in '30' second(s)

2021-11-16 09:39:15 - [MESSAGE][INFO] - Smart Wait Function is triggered

2021-11-16 09:39:16 - [MESSAGE][INFO] - Found 1 web elements with id: 'Object Repository/Kullanici_Islemleri/KullaniciIslemleri' located by 'By.cssSelector: .dropdown>a>img' in '30' second(s)

2021-11-16 09:39:16 - [MESSAGE][INFO] - Clicking on object: 'Object Repository/Kullanici_Islemleri/KullaniciIslemleri'

2021-11-16 09:39:16 - [MESSAGE][PASSED] - Object: 'Object Repository/Kullanici_Islemleri/KullaniciIslemleri' is clicked on

2021-11-16 09:39:16 - [TEST_STEP][PASSED] - Method.TextDegerineEsitElementeTikla(findTestObject("Object Repository/Kullanici_Islemleri/Secenekler"), Islem): Method.TextDegerineEsitElementeTikla is PASSED

2021-11-16 09:39:16 - [MESSAGE][INFO] - Finding Test Object 'Object Repository/Kullanici_Islemleri/Secenekler'

2021-11-16 09:39:16 - [MESSAGE][INFO] - Checking timeout

2021-11-16 09:39:16 - [MESSAGE][INFO] - Finding web element with id: 'Object Repository/Kullanici_Islemleri/Secenekler' located by 'By.cssSelector: .nav.navbar-nav.navbar-right li a' in '10' second(s)

2021-11-16 09:39:16 - [MESSAGE][INFO] - Smart Wait Function is triggered

2021-11-16 09:39:16 - [MESSAGE][INFO] - Found 22 web elements with id: 'Object Repository/Kullanici_Islemleri/Secenekler' located by 'By.cssSelector: .nav.navbar-nav.navbar-right li a' in '10' second(s)

2021-11-16 09:39:17 - [MESSAGE][PASSED] - Method.TextDegerineEsitElementeTikla is PASSED

2021-11-16 09:39:17 - [TEST_STEP][PASSED] - verifyElementNotPresent(findTestObject("Object Repository/Kullanici_Islemleri/Secenekler"), 10): Web element with id: 'Object Repository/Kullanici_Islemleri/Secenekler' located by 'By.cssSelector: .nav.navbar-nav.navbar-right li a' is not present after '10' second(s)

2021-11-16 09:39:17 - [MESSAGE][INFO] - Finding Test Object 'Object Repository/Kullanici_Islemleri/Secenekler'

2021-11-16 09:39:17 - [MESSAGE][INFO] - Checking object

2021-11-16 09:39:17 - [MESSAGE][INFO] - Checking timeout

2021-11-16 09:39:17 - [MESSAGE][INFO] - Finding web element with id: 'Object Repository/Kullanici_Islemleri/Secenekler' located by 'By.cssSelector: .nav.navbar-nav.navbar-right li a' in '10' second(s)

2021-11-16 09:39:17 - [MESSAGE][INFO] - Smart Wait Function is triggered

2021-11-16 09:39:18 - [MESSAGE][PASSED] - Web element with id: 'Object Repository/Kullanici_Islemleri/Secenekler' located by 'By.cssSelector: .nav.navbar-nav.navbar-right li a' is not present after '10' second(s)

2021-11-16 09:39:18 - [MESSAGE][PASSED] - Call Test Case 'Test Cases/Kullanici_Islemleri/KullaniciIslemlerindenSecimYapilir' successfully

2021-11-16 09:39:18 - [TEST_CASE][PASSED] - Start Test Case : SCENARIO e-Fatura Hazir Tasarim Araci Onizleme: SCENARIO e-Fatura Hazir Tasarim Araci Onizleme

2021-11-16 09:39:18 - [TEST_STEP][PASSED] - Kullanıcı adı ELOGO6 ve Şifre 123456 olarak giriş yapılır: Kullanıcı adı ELOGO6 ve Şifre 123456 olarak giriş yapılır

2021-11-16 09:39:18 - [MESSAGE][PASSED] - Kullanıcı adı ELOGO6 ve Şifre 123456 olarak giriş yapılır

2021-11-16 09:39:18 - [TEST_STEP][PASSED] - Ana menüden Ayarlar seçilir: Ana menüden Ayarlar seçilir

2021-11-16 09:39:18 - [MESSAGE][PASSED] - Ana menüden Ayarlar seçilir

2021-11-16 09:39:18 - [TEST_STEP][PASSED] - Alt menü Görsel Tasarımlar başlığı altındaki Hazır Tasarım Aracı seçilir: Alt menü Görsel Tasarımlar başlığı altındaki Hazır Tasarım Aracı seçilir

2021-11-16 09:39:18 - [MESSAGE][PASSED] - Alt menü Görsel Tasarımlar başlığı altındaki Hazır Tasarım Aracı seçilir

2021-11-16 09:39:18 - [TEST_STEP][PASSED] - Sekmelerden e-Fatura seçilir: Sekmelerden e-Fatura seçilir

2021-11-16 09:39:18 - [MESSAGE][PASSED] - Sekmelerden e-Fatura seçilir

2021-11-16 09:39:18 - [TEST_STEP][PASSED] - Mavi Temalı e-Fatura Öndeğer Şablon Tasarım 2 adlı şablonun Önizleme adlı butonuna tıkla: Mavi Temalı e-Fatura Öndeğer Şablon Tasarım 2 adlı şablonun Önizleme adlı butonuna tıkla

2021-11-16 09:39:18 - [MESSAGE][PASSED] - Mavi Temalı e-Fatura Öndeğer Şablon Tasarım 2 adlı şablonun Önizleme adlı butonuna tıkla

2021-11-16 09:39:18 - [TEST_STEP][PASSED] - Yeni açılan sekmeye geçilir: Yeni açılan sekmeye geçilir

2021-11-16 09:39:18 - [MESSAGE][PASSED] - Yeni açılan sekmeye geçilir

2021-11-16 09:39:18 - [TEST_STEP][PASSED] - Yeni sekme başlığında e-Fatura var mı kontrol edilir: Yeni sekme başlığında e-Fatura var mı kontrol edilir

2021-11-16 09:39:18 - [MESSAGE][PASSED] - Yeni sekme başlığında e-Fatura var mı kontrol edilir

2021-11-16 09:39:18 - [TEST_STEP][PASSED] - Ana sekmeye geçilir: Ana sekmeye geçilir

2021-11-16 09:39:18 - [MESSAGE][PASSED] - Ana sekmeye geçilir

2021-11-16 09:39:18 - [TEST_STEP][PASSED] - Kullanıcı işlemlerinden Çıkış seçilir: Kullanıcı işlemlerinden Çıkış seçilir

2021-11-16 09:39:18 - [MESSAGE][PASSED] - Kullanıcı işlemlerinden Çıkış seçilir

2021-11-16 09:39:18 - [MESSAGE][PASSED] - Feature file: 'Include/features/Ayarlar/Gorsel Tasarimlar/Hazir Tasarim Araci/e-Fatura/Onizleme.feature' was passed

2021-11-16 09:39:18 - [TEST_STEP][PASSED] - Start listener action : sampleAfterTestSuite: Invoke 'com.kms.katalon.core.annotation.AfterTestCase' method: 'Listener.sampleAfterTestSuite(...)' completed.

2021-11-16 09:39:18 - [MESSAGE][INFO] - Starting invoke 'com.kms.katalon.core.annotation.AfterTestCase' method: 'Listener.sampleAfterTestSuite(...)'

2021-11-16 09:39:18 - [TEST_STEP][PASSED] - closeBrowser(): Invoke 'com.kms.katalon.core.annotation.AfterTestCase' method: 'Listener.sampleAfterTestSuite(...)' completed.

2021-11-16 09:39:18 - [MESSAGE][INFO] - Closing browser

2021-11-16 09:39:18 - [MESSAGE][PASSED] - Browser is closed

2021-11-16 09:39:18 - [MESSAGE][INFO] - Invoke 'com.kms.katalon.core.annotation.AfterTestCase' method: 'Listener.sampleAfterTestSuite(...)' completed.]]></system-out>
         <system-err><![CDATA[]]></system-err>
      </testcase>
      <testcase name="Test Cases/Case Repository/Ayarlar/Gorsel Tasarim/Hazir Tasarim Araci/e-Fatura/Tasarimi Indir" time="34.329" classname="Test Cases/Case Repository/Ayarlar/Gorsel Tasarim/Hazir Tasarim Araci/e-Fatura/Tasarimi Indir" status="PASSED">
         <system-out><![CDATA[2021-11-16 09:39:18 - [TEST_CASE][PASSED] - Test Cases/Case Repository/Ayarlar/Gorsel Tasarim/Hazir Tasarim Araci/e-Fatura/Tasarimi Indir: Test Cases/Case Repository/Ayarlar/Gorsel Tasarim/Hazir Tasarim Araci/e-Fatura/Tasarimi Indir

2021-11-16 09:39:18 - [TEST_STEP][PASSED] - Start listener action : sampleBeforeTestSuite: Invoke 'com.kms.katalon.core.annotation.BeforeTestCase' method: 'Listener.sampleBeforeTestSuite(...)' completed.

2021-11-16 09:39:18 - [MESSAGE][INFO] - Starting invoke 'com.kms.katalon.core.annotation.BeforeTestCase' method: 'Listener.sampleBeforeTestSuite(...)'

2021-11-16 09:39:18 - [TEST_STEP][PASSED] - openBrowser(baseUrl): Browser is opened with url: 'https://efatura-stage.elogo.com.tr/'

2021-11-16 09:39:18 - [MESSAGE][INFO] - Opening browser

2021-11-16 09:39:18 - [MESSAGE][INFO] - Starting 'Chrome' driver

2021-11-16 09:39:18 - [MESSAGE][INFO] - User set preference: ['prefs', '{download.default_directory=C:\otomasyondownfiles}']

2021-11-16 09:39:18 - [MESSAGE][INFO] - Action delay is set to 0 milliseconds

2021-11-16 09:39:20 - [MESSAGE][INFO] - Navigating browser to: 'https://efatura-stage.elogo.com.tr/'

2021-11-16 09:39:22 - [MESSAGE][PASSED] - Browser is opened with url: 'https://efatura-stage.elogo.com.tr/'

2021-11-16 09:39:22 - [TEST_STEP][PASSED] - maximizeWindow(): Invoke 'com.kms.katalon.core.annotation.BeforeTestCase' method: 'Listener.sampleBeforeTestSuite(...)' completed.

2021-11-16 09:39:22 - [MESSAGE][INFO] - Maximizing current window

2021-11-16 09:39:22 - [MESSAGE][PASSED] - Current window maximized

2021-11-16 09:39:22 - [MESSAGE][INFO] - Invoke 'com.kms.katalon.core.annotation.BeforeTestCase' method: 'Listener.sampleBeforeTestSuite(...)' completed.

2021-11-16 09:39:23 - [TEST_STEP][PASSED] - runFeatureFile("Include/features/Ayarlar/Gorsel Tasarimlar/Hazir Tasarim Araci/e-Fatura/Tasarimi Indir.feature"): Feature file: 'Include/features/Ayarlar/Gorsel Tasarimlar/Hazir Tasarim Araci/e-Fatura/Tasarimi Indir.feature' was passed

2021-11-16 09:39:23 - [MESSAGE][INFO] - Starting run keyword runFeatureFile: 'Include/features/Ayarlar/Gorsel Tasarimlar/Hazir Tasarim Araci/e-Fatura/Tasarimi Indir.feature' and extract report to folder: 'C:\Users\DELL\Documents\GitHub\EES_KatalonLogo\Reports\20211116_090026\Suite Repository\Ayarlar\20211116_090123/cucumber_report/1637044763129'...

2021-11-16 09:39:23 - [MESSAGE][INFO] - Glue: []

2021-11-16 09:39:25 - [MESSAGE][INFO] - Checking called Test Case

2021-11-16 09:39:25 - [MESSAGE][INFO] - Starting to call Test Case 'Test Cases/Sayfalar/Giris_Sayfasi/Login'

2021-11-16 09:39:25 - [TEST_CASE][PASSED] - Test Cases/Sayfalar/Giris_Sayfasi/Login: Test Cases/Sayfalar/Giris_Sayfasi/Login

2021-11-16 09:39:25 - [TEST_STEP][PASSED] - Sayfa_Basligi = getWindowTitle(): Current window's title is: 'LOGO e-Fatura'

2021-11-16 09:39:25 - [MESSAGE][INFO] - Getting current window's title

2021-11-16 09:39:25 - [MESSAGE][PASSED] - Current window's title is: 'LOGO e-Fatura'

2021-11-16 09:39:25 - [TEST_STEP][PASSED] - verifyMatch(Sayfa_Basligi, "LOGO e-Fatura", false): Actual text 'LOGO e-Fatura' and expected text 'LOGO e-Fatura' are matched 

2021-11-16 09:39:25 - [MESSAGE][INFO] - Matching actual text 'LOGO e-Fatura' with expected text 'LOGO e-Fatura'

2021-11-16 09:39:25 - [MESSAGE][PASSED] - Actual text 'LOGO e-Fatura' and expected text 'LOGO e-Fatura' are matched 

2021-11-16 09:39:25 - [TEST_STEP][PASSED] - sendKeys(findTestObject("Sayfalar/Giris_Sayfasi/Firma_Kodu"), KullaniciAdi): Keys 'ELOGO6' sent to object: 'Object Repository/Sayfalar/Giris_Sayfasi/Firma_Kodu'

2021-11-16 09:39:25 - [MESSAGE][INFO] - Finding Test Object 'Object Repository/Sayfalar/Giris_Sayfasi/Firma_Kodu'

2021-11-16 09:39:25 - [MESSAGE][INFO] - Sending keys 'ELOGO6' to object: 'Object Repository/Sayfalar/Giris_Sayfasi/Firma_Kodu'

2021-11-16 09:39:25 - [MESSAGE][INFO] - Finding web element from Test Object's properties

2021-11-16 09:39:25 - [MESSAGE][INFO] - Checking timeout

2021-11-16 09:39:25 - [MESSAGE][INFO] - Finding web element with id: 'Object Repository/Sayfalar/Giris_Sayfasi/Firma_Kodu' located by 'By.xpath: //*[@id = 'AccountName']' in '30' second(s)

2021-11-16 09:39:25 - [MESSAGE][INFO] - Smart Wait Function is triggered

2021-11-16 09:39:25 - [MESSAGE][INFO] - Found 1 web elements with id: 'Object Repository/Sayfalar/Giris_Sayfasi/Firma_Kodu' located by 'By.xpath: //*[@id = 'AccountName']' in '30' second(s)

2021-11-16 09:39:25 - [MESSAGE][PASSED] - Keys 'ELOGO6' sent to object: 'Object Repository/Sayfalar/Giris_Sayfasi/Firma_Kodu'

2021-11-16 09:39:25 - [TEST_STEP][PASSED] - sendKeys(findTestObject("Sayfalar/Giris_Sayfasi/Sifre"), Sifre): Keys '123456' sent to object: 'Object Repository/Sayfalar/Giris_Sayfasi/Sifre'

2021-11-16 09:39:25 - [MESSAGE][INFO] - Finding Test Object 'Object Repository/Sayfalar/Giris_Sayfasi/Sifre'

2021-11-16 09:39:25 - [MESSAGE][INFO] - Sending keys '123456' to object: 'Object Repository/Sayfalar/Giris_Sayfasi/Sifre'

2021-11-16 09:39:25 - [MESSAGE][INFO] - Finding web element from Test Object's properties

2021-11-16 09:39:25 - [MESSAGE][INFO] - Checking timeout

2021-11-16 09:39:25 - [MESSAGE][INFO] - Finding web element with id: 'Object Repository/Sayfalar/Giris_Sayfasi/Sifre' located by 'By.xpath: //*[@id = 'Password']' in '30' second(s)

2021-11-16 09:39:25 - [MESSAGE][INFO] - Smart Wait Function is triggered

2021-11-16 09:39:26 - [MESSAGE][INFO] - Found 1 web elements with id: 'Object Repository/Sayfalar/Giris_Sayfasi/Sifre' located by 'By.xpath: //*[@id = 'Password']' in '30' second(s)

2021-11-16 09:39:26 - [MESSAGE][PASSED] - Keys '123456' sent to object: 'Object Repository/Sayfalar/Giris_Sayfasi/Sifre'

2021-11-16 09:39:26 - [TEST_STEP][PASSED] - findWebElement(findTestObject("Sayfalar/Giris_Sayfasi/Giris_Butonu")).click(): Found 1 web elements with id: 'Object Repository/Sayfalar/Giris_Sayfasi/Giris_Butonu' located by 'By.cssSelector: #btnLogin' in '30' second(s)

2021-11-16 09:39:26 - [MESSAGE][INFO] - Finding Test Object 'Object Repository/Sayfalar/Giris_Sayfasi/Giris_Butonu'

2021-11-16 09:39:26 - [MESSAGE][INFO] - Finding web element from Test Object's properties

2021-11-16 09:39:26 - [MESSAGE][INFO] - Checking timeout

2021-11-16 09:39:26 - [MESSAGE][INFO] - Finding web element with id: 'Object Repository/Sayfalar/Giris_Sayfasi/Giris_Butonu' located by 'By.cssSelector: #btnLogin' in '30' second(s)

2021-11-16 09:39:26 - [MESSAGE][INFO] - Smart Wait Function is triggered

2021-11-16 09:39:26 - [MESSAGE][INFO] - Found 1 web elements with id: 'Object Repository/Sayfalar/Giris_Sayfasi/Giris_Butonu' located by 'By.cssSelector: #btnLogin' in '30' second(s)

2021-11-16 09:39:29 - [TEST_STEP][PASSED] - if (verifyElementPresent(findTestObject("Object Repository/Sayfalar/Giris_Sayfasi/RetveTamam_Butonu"), 5, OPTIONAL)): null

2021-11-16 09:39:29 - [MESSAGE][INFO] - Finding Test Object 'Object Repository/Sayfalar/Giris_Sayfasi/RetveTamam_Butonu'

2021-11-16 09:39:29 - [MESSAGE][INFO] - Checking object

2021-11-16 09:39:29 - [MESSAGE][INFO] - Finding web element from Test Object's properties

2021-11-16 09:39:29 - [MESSAGE][INFO] - Checking timeout

2021-11-16 09:39:29 - [MESSAGE][INFO] - Finding web element with id: 'Object Repository/Sayfalar/Giris_Sayfasi/RetveTamam_Butonu' located by 'By.xpath: //*[@class = 'btn btn-default']' in '5' second(s)

2021-11-16 09:39:29 - [MESSAGE][INFO] - Smart Wait Function is triggered

2021-11-16 09:39:29 - [MESSAGE][INFO] - Found 1 web elements with id: 'Object Repository/Sayfalar/Giris_Sayfasi/RetveTamam_Butonu' located by 'By.xpath: //*[@class = 'btn btn-default']' in '5' second(s)

2021-11-16 09:39:29 - [MESSAGE][PASSED] - Object 'Object Repository/Sayfalar/Giris_Sayfasi/RetveTamam_Butonu' is present

2021-11-16 09:39:29 - [TEST_STEP][PASSED] - click(findTestObject("Object Repository/Sayfalar/Giris_Sayfasi/RetveTamam_Butonu")): Object: 'Object Repository/Sayfalar/Giris_Sayfasi/RetveTamam_Butonu' is clicked on

2021-11-16 09:39:29 - [MESSAGE][INFO] - Finding Test Object 'Object Repository/Sayfalar/Giris_Sayfasi/RetveTamam_Butonu'

2021-11-16 09:39:29 - [MESSAGE][INFO] - Checking object

2021-11-16 09:39:29 - [MESSAGE][INFO] - Finding web element from Test Object's properties

2021-11-16 09:39:29 - [MESSAGE][INFO] - Checking timeout

2021-11-16 09:39:29 - [MESSAGE][INFO] - Finding web element with id: 'Object Repository/Sayfalar/Giris_Sayfasi/RetveTamam_Butonu' located by 'By.xpath: //*[@class = 'btn btn-default']' in '30' second(s)

2021-11-16 09:39:29 - [MESSAGE][INFO] - Smart Wait Function is triggered

2021-11-16 09:39:29 - [MESSAGE][INFO] - Found 1 web elements with id: 'Object Repository/Sayfalar/Giris_Sayfasi/RetveTamam_Butonu' located by 'By.xpath: //*[@class = 'btn btn-default']' in '30' second(s)

2021-11-16 09:39:29 - [MESSAGE][INFO] - Clicking on object: 'Object Repository/Sayfalar/Giris_Sayfasi/RetveTamam_Butonu'

2021-11-16 09:39:29 - [MESSAGE][PASSED] - Object: 'Object Repository/Sayfalar/Giris_Sayfasi/RetveTamam_Butonu' is clicked on

2021-11-16 09:39:29 - [TEST_STEP][PASSED] - click(findTestObject("Object Repository/Sayfalar/Giris_Sayfasi/RetveTamam_Butonu")): Object: 'Object Repository/Sayfalar/Giris_Sayfasi/RetveTamam_Butonu' is clicked on

2021-11-16 09:39:29 - [MESSAGE][INFO] - Finding Test Object 'Object Repository/Sayfalar/Giris_Sayfasi/RetveTamam_Butonu'

2021-11-16 09:39:29 - [MESSAGE][INFO] - Checking object

2021-11-16 09:39:29 - [MESSAGE][INFO] - Finding web element from Test Object's properties

2021-11-16 09:39:29 - [MESSAGE][INFO] - Checking timeout

2021-11-16 09:39:29 - [MESSAGE][INFO] - Finding web element with id: 'Object Repository/Sayfalar/Giris_Sayfasi/RetveTamam_Butonu' located by 'By.xpath: //*[@class = 'btn btn-default']' in '30' second(s)

2021-11-16 09:39:29 - [MESSAGE][INFO] - Smart Wait Function is triggered

2021-11-16 09:39:34 - [MESSAGE][INFO] - Found 1 web elements with id: 'Object Repository/Sayfalar/Giris_Sayfasi/RetveTamam_Butonu' located by 'By.xpath: //*[@class = 'btn btn-default']' in '30' second(s)

2021-11-16 09:39:34 - [MESSAGE][INFO] - Clicking on object: 'Object Repository/Sayfalar/Giris_Sayfasi/RetveTamam_Butonu'

2021-11-16 09:39:34 - [MESSAGE][PASSED] - Object: 'Object Repository/Sayfalar/Giris_Sayfasi/RetveTamam_Butonu' is clicked on

2021-11-16 09:39:34 - [TEST_STEP][PASSED] - if (verifyElementPresent(findTestObject("Sayfalar/Giris_Sayfasi/PopupOK"), 5, OPTIONAL)): null

2021-11-16 09:39:34 - [MESSAGE][INFO] - Finding Test Object 'Object Repository/Sayfalar/Giris_Sayfasi/PopupOK'

2021-11-16 09:39:34 - [MESSAGE][INFO] - Checking object

2021-11-16 09:39:34 - [MESSAGE][INFO] - Finding web element from Test Object's properties

2021-11-16 09:39:34 - [MESSAGE][INFO] - Checking timeout

2021-11-16 09:39:34 - [MESSAGE][INFO] - Finding web element with id: 'Object Repository/Sayfalar/Giris_Sayfasi/PopupOK' located by 'By.cssSelector: .btn.btn-success' in '5' second(s)

2021-11-16 09:39:34 - [MESSAGE][INFO] - Smart Wait Function is triggered

2021-11-16 09:39:34 - [MESSAGE][INFO] - Found 1 web elements with id: 'Object Repository/Sayfalar/Giris_Sayfasi/PopupOK' located by 'By.cssSelector: .btn.btn-success' in '5' second(s)

2021-11-16 09:39:34 - [MESSAGE][PASSED] - Object 'Object Repository/Sayfalar/Giris_Sayfasi/PopupOK' is present

2021-11-16 09:39:34 - [TEST_STEP][PASSED] - click(findTestObject("Object Repository/Sayfalar/Giris_Sayfasi/PopupCarpiGiris")): Object: 'Object Repository/Sayfalar/Giris_Sayfasi/PopupCarpiGiris' is clicked on

2021-11-16 09:39:34 - [MESSAGE][INFO] - Finding Test Object 'Object Repository/Sayfalar/Giris_Sayfasi/PopupCarpiGiris'

2021-11-16 09:39:35 - [MESSAGE][INFO] - Checking object

2021-11-16 09:39:35 - [MESSAGE][INFO] - Finding web element from Test Object's properties

2021-11-16 09:39:35 - [MESSAGE][INFO] - Checking timeout

2021-11-16 09:39:35 - [MESSAGE][INFO] - Finding web element with id: 'Object Repository/Sayfalar/Giris_Sayfasi/PopupCarpiGiris' located by 'By.cssSelector: .bootbox-close-button.close' in '30' second(s)

2021-11-16 09:39:35 - [MESSAGE][INFO] - Smart Wait Function is triggered

2021-11-16 09:39:35 - [MESSAGE][INFO] - Found 1 web elements with id: 'Object Repository/Sayfalar/Giris_Sayfasi/PopupCarpiGiris' located by 'By.cssSelector: .bootbox-close-button.close' in '30' second(s)

2021-11-16 09:39:35 - [MESSAGE][INFO] - Clicking on object: 'Object Repository/Sayfalar/Giris_Sayfasi/PopupCarpiGiris'

2021-11-16 09:39:35 - [MESSAGE][PASSED] - Object: 'Object Repository/Sayfalar/Giris_Sayfasi/PopupCarpiGiris' is clicked on

2021-11-16 09:39:35 - [TEST_STEP][PASSED] - verifyElementVisible(findTestObject("Object Repository/Kullanici_Islemleri/KullaniciIslemleri")): Object 'Object Repository/Kullanici_Islemleri/KullaniciIslemleri' is visible

2021-11-16 09:39:35 - [MESSAGE][INFO] - Finding Test Object 'Object Repository/Kullanici_Islemleri/KullaniciIslemleri'

2021-11-16 09:39:35 - [MESSAGE][INFO] - Checking object

2021-11-16 09:39:35 - [MESSAGE][INFO] - Finding web element from Test Object's properties

2021-11-16 09:39:35 - [MESSAGE][INFO] - Checking timeout

2021-11-16 09:39:35 - [MESSAGE][INFO] - Finding web element with id: 'Object Repository/Kullanici_Islemleri/KullaniciIslemleri' located by 'By.cssSelector: .dropdown>a>img' in '30' second(s)

2021-11-16 09:39:35 - [MESSAGE][INFO] - Smart Wait Function is triggered

2021-11-16 09:39:36 - [MESSAGE][INFO] - Found 1 web elements with id: 'Object Repository/Kullanici_Islemleri/KullaniciIslemleri' located by 'By.cssSelector: .dropdown>a>img' in '30' second(s)

2021-11-16 09:39:36 - [MESSAGE][PASSED] - Object 'Object Repository/Kullanici_Islemleri/KullaniciIslemleri' is visible

2021-11-16 09:39:36 - [MESSAGE][PASSED] - Call Test Case 'Test Cases/Sayfalar/Giris_Sayfasi/Login' successfully

2021-11-16 09:39:36 - [MESSAGE][INFO] - Checking called Test Case

2021-11-16 09:39:36 - [MESSAGE][INFO] - Starting to call Test Case 'Test Cases/Menu/AnaMenuSecimi'

2021-11-16 09:39:36 - [TEST_CASE][PASSED] - Test Cases/Menu/AnaMenuSecimi: Test Cases/Menu/AnaMenuSecimi

2021-11-16 09:39:36 - [TEST_STEP][PASSED] - Method.TextDegerineEsitElementeTikla(findTestObject("Menu/Ana_Menu"), Ana_Menu): Method.TextDegerineEsitElementeTikla is PASSED

2021-11-16 09:39:36 - [MESSAGE][INFO] - Finding Test Object 'Object Repository/Menu/Ana_Menu'

2021-11-16 09:39:36 - [MESSAGE][INFO] - Checking timeout

2021-11-16 09:39:36 - [MESSAGE][INFO] - Finding web element with id: 'Object Repository/Menu/Ana_Menu' located by 'By.xpath: //*[@class = 'dropdown-toggle']' in '10' second(s)

2021-11-16 09:39:36 - [MESSAGE][INFO] - Smart Wait Function is triggered

2021-11-16 09:39:36 - [MESSAGE][INFO] - Found 14 web elements with id: 'Object Repository/Menu/Ana_Menu' located by 'By.xpath: //*[@class = 'dropdown-toggle']' in '10' second(s)

2021-11-16 09:39:36 - [MESSAGE][PASSED] - Method.TextDegerineEsitElementeTikla is PASSED

2021-11-16 09:39:36 - [MESSAGE][PASSED] - Call Test Case 'Test Cases/Menu/AnaMenuSecimi' successfully

2021-11-16 09:39:36 - [MESSAGE][INFO] - Checking called Test Case

2021-11-16 09:39:36 - [MESSAGE][INFO] - Starting to call Test Case 'Test Cases/Menu/BasligaGoreAltMenuSecimi'

2021-11-16 09:39:36 - [TEST_CASE][PASSED] - Test Cases/Menu/BasligaGoreAltMenuSecimi: Test Cases/Menu/BasligaGoreAltMenuSecimi

2021-11-16 09:39:36 - [TEST_STEP][PASSED] - Method.TextDegerineEsitElementinAltindakiTextDegerineEsitOlanaTikla(findTestObject("Menu/Menu_Basligi"), findTestObject("Menu/Basliga_Gore_Alt_Menu"), Baslik, Alt_Menu): Method.TextDegerineEsitElementinAltindakiTextDegerineEsitOlanaTikla is PASSED

2021-11-16 09:39:36 - [MESSAGE][INFO] - Finding Test Object 'Object Repository/Menu/Menu_Basligi'

2021-11-16 09:39:36 - [MESSAGE][INFO] - Finding Test Object 'Object Repository/Menu/Basliga_Gore_Alt_Menu'

2021-11-16 09:39:37 - [MESSAGE][INFO] - Checking timeout

2021-11-16 09:39:37 - [MESSAGE][INFO] - Finding web element with id: 'Object Repository/Menu/Menu_Basligi' located by 'By.xpath: //li[@class='dropdown dropdown-large open']//li[@class='dropdown-header']' in '10' second(s)

2021-11-16 09:39:37 - [MESSAGE][INFO] - Smart Wait Function is triggered

2021-11-16 09:39:37 - [MESSAGE][INFO] - Found 2 web elements with id: 'Object Repository/Menu/Menu_Basligi' located by 'By.xpath: //li[@class='dropdown dropdown-large open']//li[@class='dropdown-header']' in '10' second(s)

2021-11-16 09:39:37 - [MESSAGE][INFO] - Smart Wait Function is triggered

2021-11-16 09:39:41 - [MESSAGE][PASSED] - Method.TextDegerineEsitElementinAltindakiTextDegerineEsitOlanaTikla is PASSED

2021-11-16 09:39:41 - [MESSAGE][PASSED] - Call Test Case 'Test Cases/Menu/BasligaGoreAltMenuSecimi' successfully

2021-11-16 09:39:41 - [MESSAGE][INFO] - Checking called Test Case

2021-11-16 09:39:41 - [MESSAGE][INFO] - Starting to call Test Case 'Test Cases/Sayfalar/Yetki_Yonetimi/SekmeSecilir'

2021-11-16 09:39:42 - [TEST_CASE][PASSED] - Test Cases/Sayfalar/Yetki_Yonetimi/SekmeSecilir: Test Cases/Sayfalar/Yetki_Yonetimi/SekmeSecilir

2021-11-16 09:39:42 - [TEST_STEP][PASSED] - Method.TextDegerineEsitElementeTikla(findTestObject("Object Repository/Sayfalar/Yetki_Yonetimi/Sekmeler"), Sekme): Method.TextDegerineEsitElementeTikla is PASSED

2021-11-16 09:39:42 - [MESSAGE][INFO] - Finding Test Object 'Object Repository/Sayfalar/Yetki_Yonetimi/Sekmeler'

2021-11-16 09:39:42 - [MESSAGE][INFO] - Checking timeout

2021-11-16 09:39:42 - [MESSAGE][INFO] - Finding web element with id: 'Object Repository/Sayfalar/Yetki_Yonetimi/Sekmeler' located by 'By.cssSelector: #pcFeatures_TC>li[class="dxtc-tab"] span,#pcFeatures_TC>li[class="dxtc-activeTab dxtc-lead"] span' in '10' second(s)

2021-11-16 09:39:42 - [MESSAGE][INFO] - Smart Wait Function is triggered

2021-11-16 09:39:42 - [MESSAGE][INFO] - Found 5 web elements with id: 'Object Repository/Sayfalar/Yetki_Yonetimi/Sekmeler' located by 'By.cssSelector: #pcFeatures_TC>li[class="dxtc-tab"] span,#pcFeatures_TC>li[class="dxtc-activeTab dxtc-lead"] span' in '10' second(s)

2021-11-16 09:39:42 - [MESSAGE][PASSED] - Method.TextDegerineEsitElementeTikla is PASSED

2021-11-16 09:39:42 - [MESSAGE][PASSED] - Call Test Case 'Test Cases/Sayfalar/Yetki_Yonetimi/SekmeSecilir' successfully

2021-11-16 09:39:42 - [MESSAGE][INFO] - Checking called Test Case

2021-11-16 09:39:42 - [MESSAGE][INFO] - Starting to call Test Case 'Test Cases/Sayfalar/Ayarlar/Gorsel_Tasarim/SablonButonunaTikla'

2021-11-16 09:39:42 - [TEST_CASE][PASSED] - Test Cases/Sayfalar/Ayarlar/Gorsel_Tasarim/SablonButonunaTikla: Test Cases/Sayfalar/Ayarlar/Gorsel_Tasarim/SablonButonunaTikla

2021-11-16 09:39:42 - [TEST_STEP][PASSED] - Method.TextDegerineEsitElementinAltindakiTextDegerineEsitOlanaTikla(findTestObject("Object Repository/Sayfalar/Ayarlar/Gorsel_Tasarim/Sablonlar"), findTestObject("Object Repository/Sayfalar/Ayarlar/Gorsel_Tasarim/SablonButonlari"), Sablon, Buton): Method.TextDegerineEsitElementinAltindakiTextDegerineEsitOlanaTikla is PASSED

2021-11-16 09:39:42 - [MESSAGE][INFO] - Finding Test Object 'Object Repository/Sayfalar/Ayarlar/Gorsel_Tasarim/Sablonlar'

2021-11-16 09:39:42 - [MESSAGE][INFO] - Finding Test Object 'Object Repository/Sayfalar/Ayarlar/Gorsel_Tasarim/SablonButonlari'

2021-11-16 09:39:42 - [MESSAGE][INFO] - Checking timeout

2021-11-16 09:39:42 - [MESSAGE][INFO] - Finding web element with id: 'Object Repository/Sayfalar/Ayarlar/Gorsel_Tasarim/Sablonlar' located by 'By.cssSelector: .dxgvDataRow_LECustomTheme>td>b' in '10' second(s)

2021-11-16 09:39:42 - [MESSAGE][INFO] - Smart Wait Function is triggered

2021-11-16 09:39:43 - [MESSAGE][INFO] - Found 12 web elements with id: 'Object Repository/Sayfalar/Ayarlar/Gorsel_Tasarim/Sablonlar' located by 'By.cssSelector: .dxgvDataRow_LECustomTheme>td>b' in '10' second(s)

2021-11-16 09:39:43 - [MESSAGE][INFO] - Smart Wait Function is triggered

2021-11-16 09:39:43 - [MESSAGE][PASSED] - Method.TextDegerineEsitElementinAltindakiTextDegerineEsitOlanaTikla is PASSED

2021-11-16 09:39:43 - [MESSAGE][PASSED] - Call Test Case 'Test Cases/Sayfalar/Ayarlar/Gorsel_Tasarim/SablonButonunaTikla' successfully

2021-11-16 09:39:43 - [MESSAGE][INFO] - Checking called Test Case

2021-11-16 09:39:43 - [MESSAGE][INFO] - Starting to call Test Case 'Test Cases/Butonlar/DosyaIndirildiMi'

2021-11-16 09:39:43 - [TEST_CASE][PASSED] - Test Cases/Butonlar/DosyaIndirildiMi: Test Cases/Butonlar/DosyaIndirildiMi

2021-11-16 09:39:44 - [TEST_STEP][PASSED] - Method.isimliDosyaIndirildiMi(DownloadFile, FileName): Method.isimliDosyaIndirildiMi is PASSED

2021-11-16 09:39:44 - [MESSAGE][INFO] - Delaying browser in 3 second(s)

2021-11-16 09:39:47 - [MESSAGE][PASSED] - Delayed 3 second(s)

2021-11-16 09:39:47 - [MESSAGE][PASSED] - Method.isimliDosyaIndirildiMi is PASSED

2021-11-16 09:39:47 - [MESSAGE][PASSED] - Call Test Case 'Test Cases/Butonlar/DosyaIndirildiMi' successfully

2021-11-16 09:39:47 - [MESSAGE][INFO] - Checking called Test Case

2021-11-16 09:39:47 - [MESSAGE][INFO] - Starting to call Test Case 'Test Cases/Kullanici_Islemleri/KullaniciIslemlerindenSecimYapilir'

2021-11-16 09:39:47 - [TEST_CASE][PASSED] - Test Cases/Kullanici_Islemleri/KullaniciIslemlerindenSecimYapilir: Test Cases/Kullanici_Islemleri/KullaniciIslemlerindenSecimYapilir

2021-11-16 09:39:47 - [TEST_STEP][PASSED] - waitForElementClickable(findTestObject("Object Repository/Kullanici_Islemleri/KullaniciIslemleri"), 10): Object 'Object Repository/Kullanici_Islemleri/KullaniciIslemleri' is clickable

2021-11-16 09:39:47 - [MESSAGE][INFO] - Finding Test Object 'Object Repository/Kullanici_Islemleri/KullaniciIslemleri'

2021-11-16 09:39:47 - [MESSAGE][INFO] - Checking object

2021-11-16 09:39:47 - [MESSAGE][INFO] - Checking timeout

2021-11-16 09:39:47 - [MESSAGE][INFO] - Finding web element from Test Object's properties

2021-11-16 09:39:47 - [MESSAGE][INFO] - Checking timeout

2021-11-16 09:39:47 - [MESSAGE][INFO] - Finding web element with id: 'Object Repository/Kullanici_Islemleri/KullaniciIslemleri' located by 'By.cssSelector: .dropdown>a>img' in '10' second(s)

2021-11-16 09:39:47 - [MESSAGE][INFO] - Smart Wait Function is triggered

2021-11-16 09:39:48 - [MESSAGE][INFO] - Found 1 web elements with id: 'Object Repository/Kullanici_Islemleri/KullaniciIslemleri' located by 'By.cssSelector: .dropdown>a>img' in '10' second(s)

2021-11-16 09:39:48 - [MESSAGE][PASSED] - Object 'Object Repository/Kullanici_Islemleri/KullaniciIslemleri' is clickable

2021-11-16 09:39:48 - [TEST_STEP][PASSED] - click(findTestObject("Object Repository/Kullanici_Islemleri/KullaniciIslemleri")): Object: 'Object Repository/Kullanici_Islemleri/KullaniciIslemleri' is clicked on

2021-11-16 09:39:48 - [MESSAGE][INFO] - Finding Test Object 'Object Repository/Kullanici_Islemleri/KullaniciIslemleri'

2021-11-16 09:39:48 - [MESSAGE][INFO] - Checking object

2021-11-16 09:39:48 - [MESSAGE][INFO] - Finding web element from Test Object's properties

2021-11-16 09:39:48 - [MESSAGE][INFO] - Checking timeout

2021-11-16 09:39:48 - [MESSAGE][INFO] - Finding web element with id: 'Object Repository/Kullanici_Islemleri/KullaniciIslemleri' located by 'By.cssSelector: .dropdown>a>img' in '30' second(s)

2021-11-16 09:39:48 - [MESSAGE][INFO] - Smart Wait Function is triggered

2021-11-16 09:39:48 - [MESSAGE][INFO] - Found 1 web elements with id: 'Object Repository/Kullanici_Islemleri/KullaniciIslemleri' located by 'By.cssSelector: .dropdown>a>img' in '30' second(s)

2021-11-16 09:39:48 - [MESSAGE][INFO] - Clicking on object: 'Object Repository/Kullanici_Islemleri/KullaniciIslemleri'

2021-11-16 09:39:48 - [MESSAGE][PASSED] - Object: 'Object Repository/Kullanici_Islemleri/KullaniciIslemleri' is clicked on

2021-11-16 09:39:48 - [TEST_STEP][PASSED] - Method.TextDegerineEsitElementeTikla(findTestObject("Object Repository/Kullanici_Islemleri/Secenekler"), Islem): Method.TextDegerineEsitElementeTikla is PASSED

2021-11-16 09:39:48 - [MESSAGE][INFO] - Finding Test Object 'Object Repository/Kullanici_Islemleri/Secenekler'

2021-11-16 09:39:48 - [MESSAGE][INFO] - Checking timeout

2021-11-16 09:39:48 - [MESSAGE][INFO] - Finding web element with id: 'Object Repository/Kullanici_Islemleri/Secenekler' located by 'By.cssSelector: .nav.navbar-nav.navbar-right li a' in '10' second(s)

2021-11-16 09:39:48 - [MESSAGE][INFO] - Smart Wait Function is triggered

2021-11-16 09:39:49 - [MESSAGE][INFO] - Found 22 web elements with id: 'Object Repository/Kullanici_Islemleri/Secenekler' located by 'By.cssSelector: .nav.navbar-nav.navbar-right li a' in '10' second(s)

2021-11-16 09:39:51 - [MESSAGE][PASSED] - Method.TextDegerineEsitElementeTikla is PASSED

2021-11-16 09:39:51 - [TEST_STEP][PASSED] - verifyElementNotPresent(findTestObject("Object Repository/Kullanici_Islemleri/Secenekler"), 10): Web element with id: 'Object Repository/Kullanici_Islemleri/Secenekler' located by 'By.cssSelector: .nav.navbar-nav.navbar-right li a' is not present after '10' second(s)

2021-11-16 09:39:51 - [MESSAGE][INFO] - Finding Test Object 'Object Repository/Kullanici_Islemleri/Secenekler'

2021-11-16 09:39:52 - [MESSAGE][INFO] - Checking object

2021-11-16 09:39:52 - [MESSAGE][INFO] - Checking timeout

2021-11-16 09:39:52 - [MESSAGE][INFO] - Finding web element with id: 'Object Repository/Kullanici_Islemleri/Secenekler' located by 'By.cssSelector: .nav.navbar-nav.navbar-right li a' in '10' second(s)

2021-11-16 09:39:52 - [MESSAGE][INFO] - Smart Wait Function is triggered

2021-11-16 09:39:52 - [MESSAGE][PASSED] - Web element with id: 'Object Repository/Kullanici_Islemleri/Secenekler' located by 'By.cssSelector: .nav.navbar-nav.navbar-right li a' is not present after '10' second(s)

2021-11-16 09:39:52 - [MESSAGE][PASSED] - Call Test Case 'Test Cases/Kullanici_Islemleri/KullaniciIslemlerindenSecimYapilir' successfully

2021-11-16 09:39:52 - [TEST_CASE][PASSED] - Start Test Case : SCENARIO e-Fatura Hazir Tasarim Araci Tasarimi Indir: SCENARIO e-Fatura Hazir Tasarim Araci Tasarimi Indir

2021-11-16 09:39:52 - [TEST_STEP][PASSED] - Kullanıcı adı ELOGO6 ve Şifre 123456 olarak giriş yapılır: Kullanıcı adı ELOGO6 ve Şifre 123456 olarak giriş yapılır

2021-11-16 09:39:52 - [MESSAGE][PASSED] - Kullanıcı adı ELOGO6 ve Şifre 123456 olarak giriş yapılır

2021-11-16 09:39:52 - [TEST_STEP][PASSED] - Ana menüden Ayarlar seçilir: Ana menüden Ayarlar seçilir

2021-11-16 09:39:52 - [MESSAGE][PASSED] - Ana menüden Ayarlar seçilir

2021-11-16 09:39:52 - [TEST_STEP][PASSED] - Alt menü Görsel Tasarımlar başlığı altındaki Hazır Tasarım Aracı seçilir: Alt menü Görsel Tasarımlar başlığı altındaki Hazır Tasarım Aracı seçilir

2021-11-16 09:39:52 - [MESSAGE][PASSED] - Alt menü Görsel Tasarımlar başlığı altındaki Hazır Tasarım Aracı seçilir

2021-11-16 09:39:52 - [TEST_STEP][PASSED] - Sekmelerden e-Fatura seçilir: Sekmelerden e-Fatura seçilir

2021-11-16 09:39:52 - [MESSAGE][PASSED] - Sekmelerden e-Fatura seçilir

2021-11-16 09:39:52 - [TEST_STEP][PASSED] - Mavi Temalı e-Fatura Öndeğer Şablon Tasarım 2 adlı şablonun Tasarımı İndir adlı butonuna tıkla: Mavi Temalı e-Fatura Öndeğer Şablon Tasarım 2 adlı şablonun Tasarımı İndir adlı butonuna tıkla

2021-11-16 09:39:52 - [MESSAGE][PASSED] - Mavi Temalı e-Fatura Öndeğer Şablon Tasarım 2 adlı şablonun Tasarımı İndir adlı butonuna tıkla

2021-11-16 09:39:52 - [TEST_STEP][PASSED] - Ön eki Mavi Temalı e-Fatura Öndeğer Şablon Tasarım 2 olan dosya indirildi mi: Ön eki Mavi Temalı e-Fatura Öndeğer Şablon Tasarım 2 olan dosya indirildi mi

2021-11-16 09:39:52 - [MESSAGE][PASSED] - Ön eki Mavi Temalı e-Fatura Öndeğer Şablon Tasarım 2 olan dosya indirildi mi

2021-11-16 09:39:52 - [TEST_STEP][PASSED] - Kullanıcı işlemlerinden Çıkış seçilir: Kullanıcı işlemlerinden Çıkış seçilir

2021-11-16 09:39:52 - [MESSAGE][PASSED] - Kullanıcı işlemlerinden Çıkış seçilir

2021-11-16 09:39:52 - [MESSAGE][PASSED] - Feature file: 'Include/features/Ayarlar/Gorsel Tasarimlar/Hazir Tasarim Araci/e-Fatura/Tasarimi Indir.feature' was passed

2021-11-16 09:39:52 - [TEST_STEP][PASSED] - Start listener action : sampleAfterTestSuite: Invoke 'com.kms.katalon.core.annotation.AfterTestCase' method: 'Listener.sampleAfterTestSuite(...)' completed.

2021-11-16 09:39:52 - [MESSAGE][INFO] - Starting invoke 'com.kms.katalon.core.annotation.AfterTestCase' method: 'Listener.sampleAfterTestSuite(...)'

2021-11-16 09:39:52 - [TEST_STEP][PASSED] - closeBrowser(): Invoke 'com.kms.katalon.core.annotation.AfterTestCase' method: 'Listener.sampleAfterTestSuite(...)' completed.

2021-11-16 09:39:52 - [MESSAGE][INFO] - Closing browser

2021-11-16 09:39:53 - [MESSAGE][PASSED] - Browser is closed

2021-11-16 09:39:53 - [MESSAGE][INFO] - Invoke 'com.kms.katalon.core.annotation.AfterTestCase' method: 'Listener.sampleAfterTestSuite(...)' completed.]]></system-out>
         <system-err><![CDATA[]]></system-err>
      </testcase>
      <testcase name="Test Cases/Case Repository/Ayarlar/Gorsel Tasarim/Tasarim Araclari/Buton Kontrolu" time="37.106" classname="Test Cases/Case Repository/Ayarlar/Gorsel Tasarim/Tasarim Araclari/Buton Kontrolu" status="PASSED">
         <system-out><![CDATA[2021-11-16 09:39:53 - [TEST_CASE][PASSED] - Test Cases/Case Repository/Ayarlar/Gorsel Tasarim/Tasarim Araclari/Buton Kontrolu: Test Cases/Case Repository/Ayarlar/Gorsel Tasarim/Tasarim Araclari/Buton Kontrolu

2021-11-16 09:39:53 - [TEST_STEP][PASSED] - Start listener action : sampleBeforeTestSuite: Invoke 'com.kms.katalon.core.annotation.BeforeTestCase' method: 'Listener.sampleBeforeTestSuite(...)' completed.

2021-11-16 09:39:53 - [MESSAGE][INFO] - Starting invoke 'com.kms.katalon.core.annotation.BeforeTestCase' method: 'Listener.sampleBeforeTestSuite(...)'

2021-11-16 09:39:53 - [TEST_STEP][PASSED] - openBrowser(baseUrl): Browser is opened with url: 'https://efatura-stage.elogo.com.tr/'

2021-11-16 09:39:53 - [MESSAGE][INFO] - Opening browser

2021-11-16 09:39:53 - [MESSAGE][INFO] - Starting 'Chrome' driver

2021-11-16 09:39:53 - [MESSAGE][INFO] - User set preference: ['prefs', '{download.default_directory=C:\otomasyondownfiles}']

2021-11-16 09:39:53 - [MESSAGE][INFO] - Action delay is set to 0 milliseconds

2021-11-16 09:39:54 - [MESSAGE][INFO] - Navigating browser to: 'https://efatura-stage.elogo.com.tr/'

2021-11-16 09:39:57 - [MESSAGE][PASSED] - Browser is opened with url: 'https://efatura-stage.elogo.com.tr/'

2021-11-16 09:39:57 - [TEST_STEP][PASSED] - maximizeWindow(): Invoke 'com.kms.katalon.core.annotation.BeforeTestCase' method: 'Listener.sampleBeforeTestSuite(...)' completed.

2021-11-16 09:39:57 - [MESSAGE][INFO] - Maximizing current window

2021-11-16 09:39:57 - [MESSAGE][PASSED] - Current window maximized

2021-11-16 09:39:57 - [MESSAGE][INFO] - Invoke 'com.kms.katalon.core.annotation.BeforeTestCase' method: 'Listener.sampleBeforeTestSuite(...)' completed.

2021-11-16 09:39:57 - [TEST_STEP][PASSED] - runFeatureFile("Include/features/Ayarlar/Gorsel Tasarimlar/Tasarim Araclari/Buton Kontrolu.feature"): Feature file: 'Include/features/Ayarlar/Gorsel Tasarimlar/Tasarim Araclari/Buton Kontrolu.feature' was passed

2021-11-16 09:39:57 - [MESSAGE][INFO] - Starting run keyword runFeatureFile: 'Include/features/Ayarlar/Gorsel Tasarimlar/Tasarim Araclari/Buton Kontrolu.feature' and extract report to folder: 'C:\Users\DELL\Documents\GitHub\EES_KatalonLogo\Reports\20211116_090026\Suite Repository\Ayarlar\20211116_090123/cucumber_report/1637044797852'...

2021-11-16 09:39:57 - [MESSAGE][INFO] - Glue: []

2021-11-16 09:39:59 - [MESSAGE][INFO] - Checking called Test Case

2021-11-16 09:39:59 - [MESSAGE][INFO] - Starting to call Test Case 'Test Cases/Sayfalar/Giris_Sayfasi/Login'

2021-11-16 09:39:59 - [TEST_CASE][PASSED] - Test Cases/Sayfalar/Giris_Sayfasi/Login: Test Cases/Sayfalar/Giris_Sayfasi/Login

2021-11-16 09:39:59 - [TEST_STEP][PASSED] - Sayfa_Basligi = getWindowTitle(): Current window's title is: 'LOGO e-Fatura'

2021-11-16 09:39:59 - [MESSAGE][INFO] - Getting current window's title

2021-11-16 09:39:59 - [MESSAGE][PASSED] - Current window's title is: 'LOGO e-Fatura'

2021-11-16 09:39:59 - [TEST_STEP][PASSED] - verifyMatch(Sayfa_Basligi, "LOGO e-Fatura", false): Actual text 'LOGO e-Fatura' and expected text 'LOGO e-Fatura' are matched 

2021-11-16 09:39:59 - [MESSAGE][INFO] - Matching actual text 'LOGO e-Fatura' with expected text 'LOGO e-Fatura'

2021-11-16 09:39:59 - [MESSAGE][PASSED] - Actual text 'LOGO e-Fatura' and expected text 'LOGO e-Fatura' are matched 

2021-11-16 09:39:59 - [TEST_STEP][PASSED] - sendKeys(findTestObject("Sayfalar/Giris_Sayfasi/Firma_Kodu"), KullaniciAdi): Keys 'ELOGO6' sent to object: 'Object Repository/Sayfalar/Giris_Sayfasi/Firma_Kodu'

2021-11-16 09:39:59 - [MESSAGE][INFO] - Finding Test Object 'Object Repository/Sayfalar/Giris_Sayfasi/Firma_Kodu'

2021-11-16 09:39:59 - [MESSAGE][INFO] - Sending keys 'ELOGO6' to object: 'Object Repository/Sayfalar/Giris_Sayfasi/Firma_Kodu'

2021-11-16 09:39:59 - [MESSAGE][INFO] - Finding web element from Test Object's properties

2021-11-16 09:39:59 - [MESSAGE][INFO] - Checking timeout

2021-11-16 09:39:59 - [MESSAGE][INFO] - Finding web element with id: 'Object Repository/Sayfalar/Giris_Sayfasi/Firma_Kodu' located by 'By.xpath: //*[@id = 'AccountName']' in '30' second(s)

2021-11-16 09:39:59 - [MESSAGE][INFO] - Smart Wait Function is triggered

2021-11-16 09:40:00 - [MESSAGE][INFO] - Found 1 web elements with id: 'Object Repository/Sayfalar/Giris_Sayfasi/Firma_Kodu' located by 'By.xpath: //*[@id = 'AccountName']' in '30' second(s)

2021-11-16 09:40:00 - [MESSAGE][PASSED] - Keys 'ELOGO6' sent to object: 'Object Repository/Sayfalar/Giris_Sayfasi/Firma_Kodu'

2021-11-16 09:40:00 - [TEST_STEP][PASSED] - sendKeys(findTestObject("Sayfalar/Giris_Sayfasi/Sifre"), Sifre): Keys '123456' sent to object: 'Object Repository/Sayfalar/Giris_Sayfasi/Sifre'

2021-11-16 09:40:00 - [MESSAGE][INFO] - Finding Test Object 'Object Repository/Sayfalar/Giris_Sayfasi/Sifre'

2021-11-16 09:40:00 - [MESSAGE][INFO] - Sending keys '123456' to object: 'Object Repository/Sayfalar/Giris_Sayfasi/Sifre'

2021-11-16 09:40:00 - [MESSAGE][INFO] - Finding web element from Test Object's properties

2021-11-16 09:40:00 - [MESSAGE][INFO] - Checking timeout

2021-11-16 09:40:00 - [MESSAGE][INFO] - Finding web element with id: 'Object Repository/Sayfalar/Giris_Sayfasi/Sifre' located by 'By.xpath: //*[@id = 'Password']' in '30' second(s)

2021-11-16 09:40:00 - [MESSAGE][INFO] - Smart Wait Function is triggered

2021-11-16 09:40:00 - [MESSAGE][INFO] - Found 1 web elements with id: 'Object Repository/Sayfalar/Giris_Sayfasi/Sifre' located by 'By.xpath: //*[@id = 'Password']' in '30' second(s)

2021-11-16 09:40:00 - [MESSAGE][PASSED] - Keys '123456' sent to object: 'Object Repository/Sayfalar/Giris_Sayfasi/Sifre'

2021-11-16 09:40:00 - [TEST_STEP][PASSED] - findWebElement(findTestObject("Sayfalar/Giris_Sayfasi/Giris_Butonu")).click(): Found 1 web elements with id: 'Object Repository/Sayfalar/Giris_Sayfasi/Giris_Butonu' located by 'By.cssSelector: #btnLogin' in '30' second(s)

2021-11-16 09:40:00 - [MESSAGE][INFO] - Finding Test Object 'Object Repository/Sayfalar/Giris_Sayfasi/Giris_Butonu'

2021-11-16 09:40:00 - [MESSAGE][INFO] - Finding web element from Test Object's properties

2021-11-16 09:40:00 - [MESSAGE][INFO] - Checking timeout

2021-11-16 09:40:00 - [MESSAGE][INFO] - Finding web element with id: 'Object Repository/Sayfalar/Giris_Sayfasi/Giris_Butonu' located by 'By.cssSelector: #btnLogin' in '30' second(s)

2021-11-16 09:40:00 - [MESSAGE][INFO] - Smart Wait Function is triggered

2021-11-16 09:40:01 - [MESSAGE][INFO] - Found 1 web elements with id: 'Object Repository/Sayfalar/Giris_Sayfasi/Giris_Butonu' located by 'By.cssSelector: #btnLogin' in '30' second(s)

2021-11-16 09:40:03 - [TEST_STEP][PASSED] - if (verifyElementPresent(findTestObject("Object Repository/Sayfalar/Giris_Sayfasi/RetveTamam_Butonu"), 5, OPTIONAL)): null

2021-11-16 09:40:03 - [MESSAGE][INFO] - Finding Test Object 'Object Repository/Sayfalar/Giris_Sayfasi/RetveTamam_Butonu'

2021-11-16 09:40:03 - [MESSAGE][INFO] - Checking object

2021-11-16 09:40:03 - [MESSAGE][INFO] - Finding web element from Test Object's properties

2021-11-16 09:40:03 - [MESSAGE][INFO] - Checking timeout

2021-11-16 09:40:03 - [MESSAGE][INFO] - Finding web element with id: 'Object Repository/Sayfalar/Giris_Sayfasi/RetveTamam_Butonu' located by 'By.xpath: //*[@class = 'btn btn-default']' in '5' second(s)

2021-11-16 09:40:03 - [MESSAGE][INFO] - Smart Wait Function is triggered

2021-11-16 09:40:03 - [MESSAGE][INFO] - Found 1 web elements with id: 'Object Repository/Sayfalar/Giris_Sayfasi/RetveTamam_Butonu' located by 'By.xpath: //*[@class = 'btn btn-default']' in '5' second(s)

2021-11-16 09:40:03 - [MESSAGE][PASSED] - Object 'Object Repository/Sayfalar/Giris_Sayfasi/RetveTamam_Butonu' is present

2021-11-16 09:40:03 - [TEST_STEP][PASSED] - click(findTestObject("Object Repository/Sayfalar/Giris_Sayfasi/RetveTamam_Butonu")): Object: 'Object Repository/Sayfalar/Giris_Sayfasi/RetveTamam_Butonu' is clicked on

2021-11-16 09:40:03 - [MESSAGE][INFO] - Finding Test Object 'Object Repository/Sayfalar/Giris_Sayfasi/RetveTamam_Butonu'

2021-11-16 09:40:03 - [MESSAGE][INFO] - Checking object

2021-11-16 09:40:03 - [MESSAGE][INFO] - Finding web element from Test Object's properties

2021-11-16 09:40:03 - [MESSAGE][INFO] - Checking timeout

2021-11-16 09:40:03 - [MESSAGE][INFO] - Finding web element with id: 'Object Repository/Sayfalar/Giris_Sayfasi/RetveTamam_Butonu' located by 'By.xpath: //*[@class = 'btn btn-default']' in '30' second(s)

2021-11-16 09:40:03 - [MESSAGE][INFO] - Smart Wait Function is triggered

2021-11-16 09:40:04 - [MESSAGE][INFO] - Found 1 web elements with id: 'Object Repository/Sayfalar/Giris_Sayfasi/RetveTamam_Butonu' located by 'By.xpath: //*[@class = 'btn btn-default']' in '30' second(s)

2021-11-16 09:40:04 - [MESSAGE][INFO] - Clicking on object: 'Object Repository/Sayfalar/Giris_Sayfasi/RetveTamam_Butonu'

2021-11-16 09:40:04 - [MESSAGE][PASSED] - Object: 'Object Repository/Sayfalar/Giris_Sayfasi/RetveTamam_Butonu' is clicked on

2021-11-16 09:40:04 - [TEST_STEP][PASSED] - click(findTestObject("Object Repository/Sayfalar/Giris_Sayfasi/RetveTamam_Butonu")): Object: 'Object Repository/Sayfalar/Giris_Sayfasi/RetveTamam_Butonu' is clicked on

2021-11-16 09:40:04 - [MESSAGE][INFO] - Finding Test Object 'Object Repository/Sayfalar/Giris_Sayfasi/RetveTamam_Butonu'

2021-11-16 09:40:04 - [MESSAGE][INFO] - Checking object

2021-11-16 09:40:04 - [MESSAGE][INFO] - Finding web element from Test Object's properties

2021-11-16 09:40:04 - [MESSAGE][INFO] - Checking timeout

2021-11-16 09:40:04 - [MESSAGE][INFO] - Finding web element with id: 'Object Repository/Sayfalar/Giris_Sayfasi/RetveTamam_Butonu' located by 'By.xpath: //*[@class = 'btn btn-default']' in '30' second(s)

2021-11-16 09:40:04 - [MESSAGE][INFO] - Smart Wait Function is triggered

2021-11-16 09:40:07 - [MESSAGE][INFO] - Found 1 web elements with id: 'Object Repository/Sayfalar/Giris_Sayfasi/RetveTamam_Butonu' located by 'By.xpath: //*[@class = 'btn btn-default']' in '30' second(s)

2021-11-16 09:40:07 - [MESSAGE][INFO] - Clicking on object: 'Object Repository/Sayfalar/Giris_Sayfasi/RetveTamam_Butonu'

2021-11-16 09:40:07 - [MESSAGE][PASSED] - Object: 'Object Repository/Sayfalar/Giris_Sayfasi/RetveTamam_Butonu' is clicked on

2021-11-16 09:40:07 - [TEST_STEP][PASSED] - if (verifyElementPresent(findTestObject("Sayfalar/Giris_Sayfasi/PopupOK"), 5, OPTIONAL)): null

2021-11-16 09:40:07 - [MESSAGE][INFO] - Finding Test Object 'Object Repository/Sayfalar/Giris_Sayfasi/PopupOK'

2021-11-16 09:40:07 - [MESSAGE][INFO] - Checking object

2021-11-16 09:40:07 - [MESSAGE][INFO] - Finding web element from Test Object's properties

2021-11-16 09:40:07 - [MESSAGE][INFO] - Checking timeout

2021-11-16 09:40:07 - [MESSAGE][INFO] - Finding web element with id: 'Object Repository/Sayfalar/Giris_Sayfasi/PopupOK' located by 'By.cssSelector: .btn.btn-success' in '5' second(s)

2021-11-16 09:40:07 - [MESSAGE][INFO] - Smart Wait Function is triggered

2021-11-16 09:40:08 - [MESSAGE][INFO] - Found 1 web elements with id: 'Object Repository/Sayfalar/Giris_Sayfasi/PopupOK' located by 'By.cssSelector: .btn.btn-success' in '5' second(s)

2021-11-16 09:40:08 - [MESSAGE][PASSED] - Object 'Object Repository/Sayfalar/Giris_Sayfasi/PopupOK' is present

2021-11-16 09:40:08 - [TEST_STEP][PASSED] - click(findTestObject("Object Repository/Sayfalar/Giris_Sayfasi/PopupCarpiGiris")): Object: 'Object Repository/Sayfalar/Giris_Sayfasi/PopupCarpiGiris' is clicked on

2021-11-16 09:40:08 - [MESSAGE][INFO] - Finding Test Object 'Object Repository/Sayfalar/Giris_Sayfasi/PopupCarpiGiris'

2021-11-16 09:40:08 - [MESSAGE][INFO] - Checking object

2021-11-16 09:40:08 - [MESSAGE][INFO] - Finding web element from Test Object's properties

2021-11-16 09:40:08 - [MESSAGE][INFO] - Checking timeout

2021-11-16 09:40:08 - [MESSAGE][INFO] - Finding web element with id: 'Object Repository/Sayfalar/Giris_Sayfasi/PopupCarpiGiris' located by 'By.cssSelector: .bootbox-close-button.close' in '30' second(s)

2021-11-16 09:40:08 - [MESSAGE][INFO] - Smart Wait Function is triggered

2021-11-16 09:40:08 - [MESSAGE][INFO] - Found 1 web elements with id: 'Object Repository/Sayfalar/Giris_Sayfasi/PopupCarpiGiris' located by 'By.cssSelector: .bootbox-close-button.close' in '30' second(s)

2021-11-16 09:40:08 - [MESSAGE][INFO] - Clicking on object: 'Object Repository/Sayfalar/Giris_Sayfasi/PopupCarpiGiris'

2021-11-16 09:40:08 - [MESSAGE][PASSED] - Object: 'Object Repository/Sayfalar/Giris_Sayfasi/PopupCarpiGiris' is clicked on

2021-11-16 09:40:08 - [TEST_STEP][PASSED] - verifyElementVisible(findTestObject("Object Repository/Kullanici_Islemleri/KullaniciIslemleri")): Object 'Object Repository/Kullanici_Islemleri/KullaniciIslemleri' is visible

2021-11-16 09:40:08 - [MESSAGE][INFO] - Finding Test Object 'Object Repository/Kullanici_Islemleri/KullaniciIslemleri'

2021-11-16 09:40:08 - [MESSAGE][INFO] - Checking object

2021-11-16 09:40:08 - [MESSAGE][INFO] - Finding web element from Test Object's properties

2021-11-16 09:40:08 - [MESSAGE][INFO] - Checking timeout

2021-11-16 09:40:08 - [MESSAGE][INFO] - Finding web element with id: 'Object Repository/Kullanici_Islemleri/KullaniciIslemleri' located by 'By.cssSelector: .dropdown>a>img' in '30' second(s)

2021-11-16 09:40:08 - [MESSAGE][INFO] - Smart Wait Function is triggered

2021-11-16 09:40:09 - [MESSAGE][INFO] - Found 1 web elements with id: 'Object Repository/Kullanici_Islemleri/KullaniciIslemleri' located by 'By.cssSelector: .dropdown>a>img' in '30' second(s)

2021-11-16 09:40:09 - [MESSAGE][PASSED] - Object 'Object Repository/Kullanici_Islemleri/KullaniciIslemleri' is visible

2021-11-16 09:40:09 - [MESSAGE][PASSED] - Call Test Case 'Test Cases/Sayfalar/Giris_Sayfasi/Login' successfully

2021-11-16 09:40:09 - [MESSAGE][INFO] - Checking called Test Case

2021-11-16 09:40:09 - [MESSAGE][INFO] - Starting to call Test Case 'Test Cases/Menu/AnaMenuSecimi'

2021-11-16 09:40:09 - [TEST_CASE][PASSED] - Test Cases/Menu/AnaMenuSecimi: Test Cases/Menu/AnaMenuSecimi

2021-11-16 09:40:09 - [TEST_STEP][PASSED] - Method.TextDegerineEsitElementeTikla(findTestObject("Menu/Ana_Menu"), Ana_Menu): Method.TextDegerineEsitElementeTikla is PASSED

2021-11-16 09:40:09 - [MESSAGE][INFO] - Finding Test Object 'Object Repository/Menu/Ana_Menu'

2021-11-16 09:40:09 - [MESSAGE][INFO] - Checking timeout

2021-11-16 09:40:09 - [MESSAGE][INFO] - Finding web element with id: 'Object Repository/Menu/Ana_Menu' located by 'By.xpath: //*[@class = 'dropdown-toggle']' in '10' second(s)

2021-11-16 09:40:09 - [MESSAGE][INFO] - Smart Wait Function is triggered

2021-11-16 09:40:09 - [MESSAGE][INFO] - Found 14 web elements with id: 'Object Repository/Menu/Ana_Menu' located by 'By.xpath: //*[@class = 'dropdown-toggle']' in '10' second(s)

2021-11-16 09:40:10 - [MESSAGE][PASSED] - Method.TextDegerineEsitElementeTikla is PASSED

2021-11-16 09:40:10 - [MESSAGE][PASSED] - Call Test Case 'Test Cases/Menu/AnaMenuSecimi' successfully

2021-11-16 09:40:10 - [MESSAGE][INFO] - Checking called Test Case

2021-11-16 09:40:10 - [MESSAGE][INFO] - Starting to call Test Case 'Test Cases/Menu/BasligaGoreAltMenuSecimi'

2021-11-16 09:40:10 - [TEST_CASE][PASSED] - Test Cases/Menu/BasligaGoreAltMenuSecimi: Test Cases/Menu/BasligaGoreAltMenuSecimi

2021-11-16 09:40:10 - [TEST_STEP][PASSED] - Method.TextDegerineEsitElementinAltindakiTextDegerineEsitOlanaTikla(findTestObject("Menu/Menu_Basligi"), findTestObject("Menu/Basliga_Gore_Alt_Menu"), Baslik, Alt_Menu): Method.TextDegerineEsitElementinAltindakiTextDegerineEsitOlanaTikla is PASSED

2021-11-16 09:40:10 - [MESSAGE][INFO] - Finding Test Object 'Object Repository/Menu/Menu_Basligi'

2021-11-16 09:40:10 - [MESSAGE][INFO] - Finding Test Object 'Object Repository/Menu/Basliga_Gore_Alt_Menu'

2021-11-16 09:40:10 - [MESSAGE][INFO] - Checking timeout

2021-11-16 09:40:10 - [MESSAGE][INFO] - Finding web element with id: 'Object Repository/Menu/Menu_Basligi' located by 'By.xpath: //li[@class='dropdown dropdown-large open']//li[@class='dropdown-header']' in '10' second(s)

2021-11-16 09:40:10 - [MESSAGE][INFO] - Smart Wait Function is triggered

2021-11-16 09:40:10 - [MESSAGE][INFO] - Found 2 web elements with id: 'Object Repository/Menu/Menu_Basligi' located by 'By.xpath: //li[@class='dropdown dropdown-large open']//li[@class='dropdown-header']' in '10' second(s)

2021-11-16 09:40:10 - [MESSAGE][INFO] - Smart Wait Function is triggered

2021-11-16 09:40:17 - [MESSAGE][PASSED] - Method.TextDegerineEsitElementinAltindakiTextDegerineEsitOlanaTikla is PASSED

2021-11-16 09:40:17 - [MESSAGE][PASSED] - Call Test Case 'Test Cases/Menu/BasligaGoreAltMenuSecimi' successfully

2021-11-16 09:40:17 - [MESSAGE][INFO] - Checking called Test Case

2021-11-16 09:40:17 - [MESSAGE][INFO] - Starting to call Test Case 'Test Cases/Butonlar/ButonVarMi'

2021-11-16 09:40:17 - [TEST_CASE][PASSED] - Test Cases/Butonlar/ButonVarMi: Test Cases/Butonlar/ButonVarMi

2021-11-16 09:40:17 - [TEST_STEP][PASSED] - Method.TextDegerineEsitElementVarMi(findTestObject("Butonlar/Butonlar"), Buton): Method.TextDegerineEsitElementVarMi is PASSED

2021-11-16 09:40:17 - [MESSAGE][INFO] - Finding Test Object 'Object Repository/Butonlar/Butonlar'

2021-11-16 09:40:17 - [MESSAGE][INFO] - Checking timeout

2021-11-16 09:40:17 - [MESSAGE][INFO] - Finding web element with id: 'Object Repository/Butonlar/Butonlar' located by 'By.cssSelector: .panel.panel-default.text-center.footerPanel .btn,.btn.btn-primary.btnControls' in '10' second(s)

2021-11-16 09:40:17 - [MESSAGE][INFO] - Smart Wait Function is triggered

2021-11-16 09:40:17 - [MESSAGE][INFO] - Found 7 web elements with id: 'Object Repository/Butonlar/Butonlar' located by 'By.cssSelector: .panel.panel-default.text-center.footerPanel .btn,.btn.btn-primary.btnControls' in '10' second(s)

2021-11-16 09:40:17 - [MESSAGE][PASSED] - Method.TextDegerineEsitElementVarMi is PASSED

2021-11-16 09:40:17 - [MESSAGE][PASSED] - Call Test Case 'Test Cases/Butonlar/ButonVarMi' successfully

2021-11-16 09:40:17 - [MESSAGE][INFO] - Checking called Test Case

2021-11-16 09:40:17 - [MESSAGE][INFO] - Starting to call Test Case 'Test Cases/Butonlar/ButonVarMi'

2021-11-16 09:40:17 - [TEST_CASE][PASSED] - Test Cases/Butonlar/ButonVarMi: Test Cases/Butonlar/ButonVarMi

2021-11-16 09:40:17 - [TEST_STEP][PASSED] - Method.TextDegerineEsitElementVarMi(findTestObject("Butonlar/Butonlar"), Buton): Method.TextDegerineEsitElementVarMi is PASSED

2021-11-16 09:40:17 - [MESSAGE][INFO] - Finding Test Object 'Object Repository/Butonlar/Butonlar'

2021-11-16 09:40:17 - [MESSAGE][INFO] - Checking timeout

2021-11-16 09:40:17 - [MESSAGE][INFO] - Finding web element with id: 'Object Repository/Butonlar/Butonlar' located by 'By.cssSelector: .panel.panel-default.text-center.footerPanel .btn,.btn.btn-primary.btnControls' in '10' second(s)

2021-11-16 09:40:17 - [MESSAGE][INFO] - Smart Wait Function is triggered

2021-11-16 09:40:18 - [MESSAGE][INFO] - Found 7 web elements with id: 'Object Repository/Butonlar/Butonlar' located by 'By.cssSelector: .panel.panel-default.text-center.footerPanel .btn,.btn.btn-primary.btnControls' in '10' second(s)

2021-11-16 09:40:18 - [MESSAGE][PASSED] - Method.TextDegerineEsitElementVarMi is PASSED

2021-11-16 09:40:18 - [MESSAGE][PASSED] - Call Test Case 'Test Cases/Butonlar/ButonVarMi' successfully

2021-11-16 09:40:18 - [MESSAGE][INFO] - Checking called Test Case

2021-11-16 09:40:18 - [MESSAGE][INFO] - Starting to call Test Case 'Test Cases/Butonlar/ButonVarMi'

2021-11-16 09:40:18 - [TEST_CASE][PASSED] - Test Cases/Butonlar/ButonVarMi: Test Cases/Butonlar/ButonVarMi

2021-11-16 09:40:18 - [TEST_STEP][PASSED] - Method.TextDegerineEsitElementVarMi(findTestObject("Butonlar/Butonlar"), Buton): Method.TextDegerineEsitElementVarMi is PASSED

2021-11-16 09:40:18 - [MESSAGE][INFO] - Finding Test Object 'Object Repository/Butonlar/Butonlar'

2021-11-16 09:40:18 - [MESSAGE][INFO] - Checking timeout

2021-11-16 09:40:18 - [MESSAGE][INFO] - Finding web element with id: 'Object Repository/Butonlar/Butonlar' located by 'By.cssSelector: .panel.panel-default.text-center.footerPanel .btn,.btn.btn-primary.btnControls' in '10' second(s)

2021-11-16 09:40:18 - [MESSAGE][INFO] - Smart Wait Function is triggered

2021-11-16 09:40:18 - [MESSAGE][INFO] - Found 7 web elements with id: 'Object Repository/Butonlar/Butonlar' located by 'By.cssSelector: .panel.panel-default.text-center.footerPanel .btn,.btn.btn-primary.btnControls' in '10' second(s)

2021-11-16 09:40:18 - [MESSAGE][PASSED] - Method.TextDegerineEsitElementVarMi is PASSED

2021-11-16 09:40:18 - [MESSAGE][PASSED] - Call Test Case 'Test Cases/Butonlar/ButonVarMi' successfully

2021-11-16 09:40:18 - [MESSAGE][INFO] - Checking called Test Case

2021-11-16 09:40:18 - [MESSAGE][INFO] - Starting to call Test Case 'Test Cases/Butonlar/ButonVarMi'

2021-11-16 09:40:18 - [TEST_CASE][PASSED] - Test Cases/Butonlar/ButonVarMi: Test Cases/Butonlar/ButonVarMi

2021-11-16 09:40:18 - [TEST_STEP][PASSED] - Method.TextDegerineEsitElementVarMi(findTestObject("Butonlar/Butonlar"), Buton): Method.TextDegerineEsitElementVarMi is PASSED

2021-11-16 09:40:18 - [MESSAGE][INFO] - Finding Test Object 'Object Repository/Butonlar/Butonlar'

2021-11-16 09:40:18 - [MESSAGE][INFO] - Checking timeout

2021-11-16 09:40:18 - [MESSAGE][INFO] - Finding web element with id: 'Object Repository/Butonlar/Butonlar' located by 'By.cssSelector: .panel.panel-default.text-center.footerPanel .btn,.btn.btn-primary.btnControls' in '10' second(s)

2021-11-16 09:40:18 - [MESSAGE][INFO] - Smart Wait Function is triggered

2021-11-16 09:40:19 - [MESSAGE][INFO] - Found 7 web elements with id: 'Object Repository/Butonlar/Butonlar' located by 'By.cssSelector: .panel.panel-default.text-center.footerPanel .btn,.btn.btn-primary.btnControls' in '10' second(s)

2021-11-16 09:40:19 - [MESSAGE][PASSED] - Method.TextDegerineEsitElementVarMi is PASSED

2021-11-16 09:40:19 - [MESSAGE][PASSED] - Call Test Case 'Test Cases/Butonlar/ButonVarMi' successfully

2021-11-16 09:40:19 - [MESSAGE][INFO] - Checking called Test Case

2021-11-16 09:40:19 - [MESSAGE][INFO] - Starting to call Test Case 'Test Cases/Butonlar/ButonVarMi'

2021-11-16 09:40:19 - [TEST_CASE][PASSED] - Test Cases/Butonlar/ButonVarMi: Test Cases/Butonlar/ButonVarMi

2021-11-16 09:40:19 - [TEST_STEP][PASSED] - Method.TextDegerineEsitElementVarMi(findTestObject("Butonlar/Butonlar"), Buton): Method.TextDegerineEsitElementVarMi is PASSED

2021-11-16 09:40:19 - [MESSAGE][INFO] - Finding Test Object 'Object Repository/Butonlar/Butonlar'

2021-11-16 09:40:19 - [MESSAGE][INFO] - Checking timeout

2021-11-16 09:40:19 - [MESSAGE][INFO] - Finding web element with id: 'Object Repository/Butonlar/Butonlar' located by 'By.cssSelector: .panel.panel-default.text-center.footerPanel .btn,.btn.btn-primary.btnControls' in '10' second(s)

2021-11-16 09:40:19 - [MESSAGE][INFO] - Smart Wait Function is triggered

2021-11-16 09:40:19 - [MESSAGE][INFO] - Found 7 web elements with id: 'Object Repository/Butonlar/Butonlar' located by 'By.cssSelector: .panel.panel-default.text-center.footerPanel .btn,.btn.btn-primary.btnControls' in '10' second(s)

2021-11-16 09:40:19 - [MESSAGE][PASSED] - Method.TextDegerineEsitElementVarMi is PASSED

2021-11-16 09:40:19 - [MESSAGE][PASSED] - Call Test Case 'Test Cases/Butonlar/ButonVarMi' successfully

2021-11-16 09:40:19 - [MESSAGE][INFO] - Checking called Test Case

2021-11-16 09:40:19 - [MESSAGE][INFO] - Starting to call Test Case 'Test Cases/Butonlar/ButonVarMi'

2021-11-16 09:40:19 - [TEST_CASE][PASSED] - Test Cases/Butonlar/ButonVarMi: Test Cases/Butonlar/ButonVarMi

2021-11-16 09:40:19 - [TEST_STEP][PASSED] - Method.TextDegerineEsitElementVarMi(findTestObject("Butonlar/Butonlar"), Buton): Method.TextDegerineEsitElementVarMi is PASSED

2021-11-16 09:40:19 - [MESSAGE][INFO] - Finding Test Object 'Object Repository/Butonlar/Butonlar'

2021-11-16 09:40:19 - [MESSAGE][INFO] - Checking timeout

2021-11-16 09:40:19 - [MESSAGE][INFO] - Finding web element with id: 'Object Repository/Butonlar/Butonlar' located by 'By.cssSelector: .panel.panel-default.text-center.footerPanel .btn,.btn.btn-primary.btnControls' in '10' second(s)

2021-11-16 09:40:19 - [MESSAGE][INFO] - Smart Wait Function is triggered

2021-11-16 09:40:20 - [MESSAGE][INFO] - Found 7 web elements with id: 'Object Repository/Butonlar/Butonlar' located by 'By.cssSelector: .panel.panel-default.text-center.footerPanel .btn,.btn.btn-primary.btnControls' in '10' second(s)

2021-11-16 09:40:20 - [MESSAGE][PASSED] - Method.TextDegerineEsitElementVarMi is PASSED

2021-11-16 09:40:20 - [MESSAGE][PASSED] - Call Test Case 'Test Cases/Butonlar/ButonVarMi' successfully

2021-11-16 09:40:20 - [MESSAGE][INFO] - Checking called Test Case

2021-11-16 09:40:20 - [MESSAGE][INFO] - Starting to call Test Case 'Test Cases/Butonlar/ButonVarMi'

2021-11-16 09:40:20 - [TEST_CASE][PASSED] - Test Cases/Butonlar/ButonVarMi: Test Cases/Butonlar/ButonVarMi

2021-11-16 09:40:20 - [TEST_STEP][PASSED] - Method.TextDegerineEsitElementVarMi(findTestObject("Butonlar/Butonlar"), Buton): Method.TextDegerineEsitElementVarMi is PASSED

2021-11-16 09:40:20 - [MESSAGE][INFO] - Finding Test Object 'Object Repository/Butonlar/Butonlar'

2021-11-16 09:40:20 - [MESSAGE][INFO] - Checking timeout

2021-11-16 09:40:20 - [MESSAGE][INFO] - Finding web element with id: 'Object Repository/Butonlar/Butonlar' located by 'By.cssSelector: .panel.panel-default.text-center.footerPanel .btn,.btn.btn-primary.btnControls' in '10' second(s)

2021-11-16 09:40:20 - [MESSAGE][INFO] - Smart Wait Function is triggered

2021-11-16 09:40:20 - [MESSAGE][INFO] - Found 7 web elements with id: 'Object Repository/Butonlar/Butonlar' located by 'By.cssSelector: .panel.panel-default.text-center.footerPanel .btn,.btn.btn-primary.btnControls' in '10' second(s)

2021-11-16 09:40:20 - [MESSAGE][PASSED] - Method.TextDegerineEsitElementVarMi is PASSED

2021-11-16 09:40:20 - [MESSAGE][PASSED] - Call Test Case 'Test Cases/Butonlar/ButonVarMi' successfully

2021-11-16 09:40:20 - [MESSAGE][INFO] - Checking called Test Case

2021-11-16 09:40:20 - [MESSAGE][INFO] - Starting to call Test Case 'Test Cases/Butonlar/ButonaTikla'

2021-11-16 09:40:20 - [TEST_CASE][PASSED] - Test Cases/Butonlar/ButonaTikla: Test Cases/Butonlar/ButonaTikla

2021-11-16 09:40:20 - [TEST_STEP][PASSED] - Method.TextDegerineEsitElementeTiklaEquals(findTestObject("Butonlar/Butonlar"), Buton_Adi): Method.TextDegerineEsitElementeTiklaEquals is PASSED

2021-11-16 09:40:20 - [MESSAGE][INFO] - Finding Test Object 'Object Repository/Butonlar/Butonlar'

2021-11-16 09:40:20 - [MESSAGE][INFO] - Checking timeout

2021-11-16 09:40:20 - [MESSAGE][INFO] - Finding web element with id: 'Object Repository/Butonlar/Butonlar' located by 'By.cssSelector: .panel.panel-default.text-center.footerPanel .btn,.btn.btn-primary.btnControls' in '10' second(s)

2021-11-16 09:40:20 - [MESSAGE][INFO] - Smart Wait Function is triggered

2021-11-16 09:40:20 - [MESSAGE][INFO] - Found 7 web elements with id: 'Object Repository/Butonlar/Butonlar' located by 'By.cssSelector: .panel.panel-default.text-center.footerPanel .btn,.btn.btn-primary.btnControls' in '10' second(s)

2021-11-16 09:40:21 - [MESSAGE][PASSED] - Method.TextDegerineEsitElementeTiklaEquals is PASSED

2021-11-16 09:40:21 - [MESSAGE][PASSED] - Call Test Case 'Test Cases/Butonlar/ButonaTikla' successfully

2021-11-16 09:40:21 - [MESSAGE][INFO] - Checking called Test Case

2021-11-16 09:40:21 - [MESSAGE][INFO] - Starting to call Test Case 'Test Cases/Butonlar/AltButonVarMi'

2021-11-16 09:40:21 - [TEST_CASE][PASSED] - Test Cases/Butonlar/AltButonVarMi: Test Cases/Butonlar/AltButonVarMi

2021-11-16 09:40:21 - [TEST_STEP][PASSED] - Method.TextDegerineEsitElementVarMi(findTestObject("Butonlar/AltButonlar"), AltButon): Method.TextDegerineEsitElementVarMi is PASSED

2021-11-16 09:40:21 - [MESSAGE][INFO] - Finding Test Object 'Object Repository/Butonlar/AltButonlar'

2021-11-16 09:40:22 - [MESSAGE][INFO] - Checking timeout

2021-11-16 09:40:22 - [MESSAGE][INFO] - Finding web element with id: 'Object Repository/Butonlar/AltButonlar' located by 'By.cssSelector: .btn-group.open li>a' in '10' second(s)

2021-11-16 09:40:22 - [MESSAGE][INFO] - Smart Wait Function is triggered

2021-11-16 09:40:22 - [MESSAGE][INFO] - Found 3 web elements with id: 'Object Repository/Butonlar/AltButonlar' located by 'By.cssSelector: .btn-group.open li>a' in '10' second(s)

2021-11-16 09:40:22 - [MESSAGE][PASSED] - Method.TextDegerineEsitElementVarMi is PASSED

2021-11-16 09:40:22 - [MESSAGE][PASSED] - Call Test Case 'Test Cases/Butonlar/AltButonVarMi' successfully

2021-11-16 09:40:22 - [MESSAGE][INFO] - Checking called Test Case

2021-11-16 09:40:22 - [MESSAGE][INFO] - Starting to call Test Case 'Test Cases/Butonlar/AltButonVarMi'

2021-11-16 09:40:22 - [TEST_CASE][PASSED] - Test Cases/Butonlar/AltButonVarMi: Test Cases/Butonlar/AltButonVarMi

2021-11-16 09:40:22 - [TEST_STEP][PASSED] - Method.TextDegerineEsitElementVarMi(findTestObject("Butonlar/AltButonlar"), AltButon): Method.TextDegerineEsitElementVarMi is PASSED

2021-11-16 09:40:22 - [MESSAGE][INFO] - Finding Test Object 'Object Repository/Butonlar/AltButonlar'

2021-11-16 09:40:22 - [MESSAGE][INFO] - Checking timeout

2021-11-16 09:40:22 - [MESSAGE][INFO] - Finding web element with id: 'Object Repository/Butonlar/AltButonlar' located by 'By.cssSelector: .btn-group.open li>a' in '10' second(s)

2021-11-16 09:40:22 - [MESSAGE][INFO] - Smart Wait Function is triggered

2021-11-16 09:40:22 - [MESSAGE][INFO] - Found 3 web elements with id: 'Object Repository/Butonlar/AltButonlar' located by 'By.cssSelector: .btn-group.open li>a' in '10' second(s)

2021-11-16 09:40:22 - [MESSAGE][PASSED] - Method.TextDegerineEsitElementVarMi is PASSED

2021-11-16 09:40:22 - [MESSAGE][PASSED] - Call Test Case 'Test Cases/Butonlar/AltButonVarMi' successfully

2021-11-16 09:40:22 - [MESSAGE][INFO] - Checking called Test Case

2021-11-16 09:40:22 - [MESSAGE][INFO] - Starting to call Test Case 'Test Cases/Butonlar/AltButonVarMi'

2021-11-16 09:40:22 - [TEST_CASE][PASSED] - Test Cases/Butonlar/AltButonVarMi: Test Cases/Butonlar/AltButonVarMi

2021-11-16 09:40:22 - [TEST_STEP][PASSED] - Method.TextDegerineEsitElementVarMi(findTestObject("Butonlar/AltButonlar"), AltButon): Method.TextDegerineEsitElementVarMi is PASSED

2021-11-16 09:40:22 - [MESSAGE][INFO] - Finding Test Object 'Object Repository/Butonlar/AltButonlar'

2021-11-16 09:40:22 - [MESSAGE][INFO] - Checking timeout

2021-11-16 09:40:22 - [MESSAGE][INFO] - Finding web element with id: 'Object Repository/Butonlar/AltButonlar' located by 'By.cssSelector: .btn-group.open li>a' in '10' second(s)

2021-11-16 09:40:22 - [MESSAGE][INFO] - Smart Wait Function is triggered

2021-11-16 09:40:23 - [MESSAGE][INFO] - Found 3 web elements with id: 'Object Repository/Butonlar/AltButonlar' located by 'By.cssSelector: .btn-group.open li>a' in '10' second(s)

2021-11-16 09:40:23 - [MESSAGE][PASSED] - Method.TextDegerineEsitElementVarMi is PASSED

2021-11-16 09:40:23 - [MESSAGE][PASSED] - Call Test Case 'Test Cases/Butonlar/AltButonVarMi' successfully

2021-11-16 09:40:23 - [MESSAGE][INFO] - Checking called Test Case

2021-11-16 09:40:23 - [MESSAGE][INFO] - Starting to call Test Case 'Test Cases/Butonlar/ButonaTikla'

2021-11-16 09:40:23 - [TEST_CASE][PASSED] - Test Cases/Butonlar/ButonaTikla: Test Cases/Butonlar/ButonaTikla

2021-11-16 09:40:23 - [TEST_STEP][PASSED] - Method.TextDegerineEsitElementeTiklaEquals(findTestObject("Butonlar/Butonlar"), Buton_Adi): Method.TextDegerineEsitElementeTiklaEquals is PASSED

2021-11-16 09:40:23 - [MESSAGE][INFO] - Finding Test Object 'Object Repository/Butonlar/Butonlar'

2021-11-16 09:40:23 - [MESSAGE][INFO] - Checking timeout

2021-11-16 09:40:23 - [MESSAGE][INFO] - Finding web element with id: 'Object Repository/Butonlar/Butonlar' located by 'By.cssSelector: .panel.panel-default.text-center.footerPanel .btn,.btn.btn-primary.btnControls' in '10' second(s)

2021-11-16 09:40:23 - [MESSAGE][INFO] - Smart Wait Function is triggered

2021-11-16 09:40:23 - [MESSAGE][INFO] - Found 7 web elements with id: 'Object Repository/Butonlar/Butonlar' located by 'By.cssSelector: .panel.panel-default.text-center.footerPanel .btn,.btn.btn-primary.btnControls' in '10' second(s)

2021-11-16 09:40:23 - [MESSAGE][PASSED] - Method.TextDegerineEsitElementeTiklaEquals is PASSED

2021-11-16 09:40:23 - [MESSAGE][PASSED] - Call Test Case 'Test Cases/Butonlar/ButonaTikla' successfully

2021-11-16 09:40:23 - [MESSAGE][INFO] - Checking called Test Case

2021-11-16 09:40:23 - [MESSAGE][INFO] - Starting to call Test Case 'Test Cases/Butonlar/AltButonVarMi'

2021-11-16 09:40:23 - [TEST_CASE][PASSED] - Test Cases/Butonlar/AltButonVarMi: Test Cases/Butonlar/AltButonVarMi

2021-11-16 09:40:23 - [TEST_STEP][PASSED] - Method.TextDegerineEsitElementVarMi(findTestObject("Butonlar/AltButonlar"), AltButon): Method.TextDegerineEsitElementVarMi is PASSED

2021-11-16 09:40:23 - [MESSAGE][INFO] - Finding Test Object 'Object Repository/Butonlar/AltButonlar'

2021-11-16 09:40:24 - [MESSAGE][INFO] - Checking timeout

2021-11-16 09:40:24 - [MESSAGE][INFO] - Finding web element with id: 'Object Repository/Butonlar/AltButonlar' located by 'By.cssSelector: .btn-group.open li>a' in '10' second(s)

2021-11-16 09:40:24 - [MESSAGE][INFO] - Smart Wait Function is triggered

2021-11-16 09:40:24 - [MESSAGE][INFO] - Found 5 web elements with id: 'Object Repository/Butonlar/AltButonlar' located by 'By.cssSelector: .btn-group.open li>a' in '10' second(s)

2021-11-16 09:40:24 - [MESSAGE][PASSED] - Method.TextDegerineEsitElementVarMi is PASSED

2021-11-16 09:40:24 - [MESSAGE][PASSED] - Call Test Case 'Test Cases/Butonlar/AltButonVarMi' successfully

2021-11-16 09:40:24 - [MESSAGE][INFO] - Checking called Test Case

2021-11-16 09:40:24 - [MESSAGE][INFO] - Starting to call Test Case 'Test Cases/Butonlar/AltButonVarMi'

2021-11-16 09:40:24 - [TEST_CASE][PASSED] - Test Cases/Butonlar/AltButonVarMi: Test Cases/Butonlar/AltButonVarMi

2021-11-16 09:40:24 - [TEST_STEP][PASSED] - Method.TextDegerineEsitElementVarMi(findTestObject("Butonlar/AltButonlar"), AltButon): Method.TextDegerineEsitElementVarMi is PASSED

2021-11-16 09:40:24 - [MESSAGE][INFO] - Finding Test Object 'Object Repository/Butonlar/AltButonlar'

2021-11-16 09:40:24 - [MESSAGE][INFO] - Checking timeout

2021-11-16 09:40:24 - [MESSAGE][INFO] - Finding web element with id: 'Object Repository/Butonlar/AltButonlar' located by 'By.cssSelector: .btn-group.open li>a' in '10' second(s)

2021-11-16 09:40:24 - [MESSAGE][INFO] - Smart Wait Function is triggered

2021-11-16 09:40:24 - [MESSAGE][INFO] - Found 5 web elements with id: 'Object Repository/Butonlar/AltButonlar' located by 'By.cssSelector: .btn-group.open li>a' in '10' second(s)

2021-11-16 09:40:24 - [MESSAGE][PASSED] - Method.TextDegerineEsitElementVarMi is PASSED

2021-11-16 09:40:24 - [MESSAGE][PASSED] - Call Test Case 'Test Cases/Butonlar/AltButonVarMi' successfully

2021-11-16 09:40:24 - [MESSAGE][INFO] - Checking called Test Case

2021-11-16 09:40:24 - [MESSAGE][INFO] - Starting to call Test Case 'Test Cases/Butonlar/AltButonVarMi'

2021-11-16 09:40:24 - [TEST_CASE][PASSED] - Test Cases/Butonlar/AltButonVarMi: Test Cases/Butonlar/AltButonVarMi

2021-11-16 09:40:24 - [TEST_STEP][PASSED] - Method.TextDegerineEsitElementVarMi(findTestObject("Butonlar/AltButonlar"), AltButon): Method.TextDegerineEsitElementVarMi is PASSED

2021-11-16 09:40:24 - [MESSAGE][INFO] - Finding Test Object 'Object Repository/Butonlar/AltButonlar'

2021-11-16 09:40:24 - [MESSAGE][INFO] - Checking timeout

2021-11-16 09:40:24 - [MESSAGE][INFO] - Finding web element with id: 'Object Repository/Butonlar/AltButonlar' located by 'By.cssSelector: .btn-group.open li>a' in '10' second(s)

2021-11-16 09:40:24 - [MESSAGE][INFO] - Smart Wait Function is triggered

2021-11-16 09:40:25 - [MESSAGE][INFO] - Found 5 web elements with id: 'Object Repository/Butonlar/AltButonlar' located by 'By.cssSelector: .btn-group.open li>a' in '10' second(s)

2021-11-16 09:40:25 - [MESSAGE][PASSED] - Method.TextDegerineEsitElementVarMi is PASSED

2021-11-16 09:40:25 - [MESSAGE][PASSED] - Call Test Case 'Test Cases/Butonlar/AltButonVarMi' successfully

2021-11-16 09:40:25 - [MESSAGE][INFO] - Checking called Test Case

2021-11-16 09:40:25 - [MESSAGE][INFO] - Starting to call Test Case 'Test Cases/Butonlar/AltButonVarMi'

2021-11-16 09:40:25 - [TEST_CASE][PASSED] - Test Cases/Butonlar/AltButonVarMi: Test Cases/Butonlar/AltButonVarMi

2021-11-16 09:40:25 - [TEST_STEP][PASSED] - Method.TextDegerineEsitElementVarMi(findTestObject("Butonlar/AltButonlar"), AltButon): Method.TextDegerineEsitElementVarMi is PASSED

2021-11-16 09:40:25 - [MESSAGE][INFO] - Finding Test Object 'Object Repository/Butonlar/AltButonlar'

2021-11-16 09:40:25 - [MESSAGE][INFO] - Checking timeout

2021-11-16 09:40:25 - [MESSAGE][INFO] - Finding web element with id: 'Object Repository/Butonlar/AltButonlar' located by 'By.cssSelector: .btn-group.open li>a' in '10' second(s)

2021-11-16 09:40:25 - [MESSAGE][INFO] - Smart Wait Function is triggered

2021-11-16 09:40:25 - [MESSAGE][INFO] - Found 5 web elements with id: 'Object Repository/Butonlar/AltButonlar' located by 'By.cssSelector: .btn-group.open li>a' in '10' second(s)

2021-11-16 09:40:25 - [MESSAGE][PASSED] - Method.TextDegerineEsitElementVarMi is PASSED

2021-11-16 09:40:25 - [MESSAGE][PASSED] - Call Test Case 'Test Cases/Butonlar/AltButonVarMi' successfully

2021-11-16 09:40:25 - [MESSAGE][INFO] - Checking called Test Case

2021-11-16 09:40:25 - [MESSAGE][INFO] - Starting to call Test Case 'Test Cases/Butonlar/AltButonVarMi'

2021-11-16 09:40:25 - [TEST_CASE][PASSED] - Test Cases/Butonlar/AltButonVarMi: Test Cases/Butonlar/AltButonVarMi

2021-11-16 09:40:25 - [TEST_STEP][PASSED] - Method.TextDegerineEsitElementVarMi(findTestObject("Butonlar/AltButonlar"), AltButon): Method.TextDegerineEsitElementVarMi is PASSED

2021-11-16 09:40:25 - [MESSAGE][INFO] - Finding Test Object 'Object Repository/Butonlar/AltButonlar'

2021-11-16 09:40:25 - [MESSAGE][INFO] - Checking timeout

2021-11-16 09:40:25 - [MESSAGE][INFO] - Finding web element with id: 'Object Repository/Butonlar/AltButonlar' located by 'By.cssSelector: .btn-group.open li>a' in '10' second(s)

2021-11-16 09:40:25 - [MESSAGE][INFO] - Smart Wait Function is triggered

2021-11-16 09:40:26 - [MESSAGE][INFO] - Found 5 web elements with id: 'Object Repository/Butonlar/AltButonlar' located by 'By.cssSelector: .btn-group.open li>a' in '10' second(s)

2021-11-16 09:40:26 - [MESSAGE][PASSED] - Method.TextDegerineEsitElementVarMi is PASSED

2021-11-16 09:40:26 - [MESSAGE][PASSED] - Call Test Case 'Test Cases/Butonlar/AltButonVarMi' successfully

2021-11-16 09:40:26 - [MESSAGE][INFO] - Checking called Test Case

2021-11-16 09:40:26 - [MESSAGE][INFO] - Starting to call Test Case 'Test Cases/Kullanici_Islemleri/KullaniciIslemlerindenSecimYapilir'

2021-11-16 09:40:26 - [TEST_CASE][PASSED] - Test Cases/Kullanici_Islemleri/KullaniciIslemlerindenSecimYapilir: Test Cases/Kullanici_Islemleri/KullaniciIslemlerindenSecimYapilir

2021-11-16 09:40:26 - [TEST_STEP][PASSED] - waitForElementClickable(findTestObject("Object Repository/Kullanici_Islemleri/KullaniciIslemleri"), 10): Object 'Object Repository/Kullanici_Islemleri/KullaniciIslemleri' is clickable

2021-11-16 09:40:26 - [MESSAGE][INFO] - Finding Test Object 'Object Repository/Kullanici_Islemleri/KullaniciIslemleri'

2021-11-16 09:40:26 - [MESSAGE][INFO] - Checking object

2021-11-16 09:40:26 - [MESSAGE][INFO] - Checking timeout

2021-11-16 09:40:26 - [MESSAGE][INFO] - Finding web element from Test Object's properties

2021-11-16 09:40:26 - [MESSAGE][INFO] - Checking timeout

2021-11-16 09:40:26 - [MESSAGE][INFO] - Finding web element with id: 'Object Repository/Kullanici_Islemleri/KullaniciIslemleri' located by 'By.cssSelector: .dropdown>a>img' in '10' second(s)

2021-11-16 09:40:26 - [MESSAGE][INFO] - Smart Wait Function is triggered

2021-11-16 09:40:26 - [MESSAGE][INFO] - Found 1 web elements with id: 'Object Repository/Kullanici_Islemleri/KullaniciIslemleri' located by 'By.cssSelector: .dropdown>a>img' in '10' second(s)

2021-11-16 09:40:26 - [MESSAGE][PASSED] - Object 'Object Repository/Kullanici_Islemleri/KullaniciIslemleri' is clickable

2021-11-16 09:40:26 - [TEST_STEP][PASSED] - click(findTestObject("Object Repository/Kullanici_Islemleri/KullaniciIslemleri")): Object: 'Object Repository/Kullanici_Islemleri/KullaniciIslemleri' is clicked on

2021-11-16 09:40:26 - [MESSAGE][INFO] - Finding Test Object 'Object Repository/Kullanici_Islemleri/KullaniciIslemleri'

2021-11-16 09:40:26 - [MESSAGE][INFO] - Checking object

2021-11-16 09:40:26 - [MESSAGE][INFO] - Finding web element from Test Object's properties

2021-11-16 09:40:26 - [MESSAGE][INFO] - Checking timeout

2021-11-16 09:40:26 - [MESSAGE][INFO] - Finding web element with id: 'Object Repository/Kullanici_Islemleri/KullaniciIslemleri' located by 'By.cssSelector: .dropdown>a>img' in '30' second(s)

2021-11-16 09:40:26 - [MESSAGE][INFO] - Smart Wait Function is triggered

2021-11-16 09:40:27 - [MESSAGE][INFO] - Found 1 web elements with id: 'Object Repository/Kullanici_Islemleri/KullaniciIslemleri' located by 'By.cssSelector: .dropdown>a>img' in '30' second(s)

2021-11-16 09:40:27 - [MESSAGE][INFO] - Clicking on object: 'Object Repository/Kullanici_Islemleri/KullaniciIslemleri'

2021-11-16 09:40:27 - [MESSAGE][PASSED] - Object: 'Object Repository/Kullanici_Islemleri/KullaniciIslemleri' is clicked on

2021-11-16 09:40:27 - [TEST_STEP][PASSED] - Method.TextDegerineEsitElementeTikla(findTestObject("Object Repository/Kullanici_Islemleri/Secenekler"), Islem): Method.TextDegerineEsitElementeTikla is PASSED

2021-11-16 09:40:27 - [MESSAGE][INFO] - Finding Test Object 'Object Repository/Kullanici_Islemleri/Secenekler'

2021-11-16 09:40:27 - [MESSAGE][INFO] - Checking timeout

2021-11-16 09:40:27 - [MESSAGE][INFO] - Finding web element with id: 'Object Repository/Kullanici_Islemleri/Secenekler' located by 'By.cssSelector: .nav.navbar-nav.navbar-right li a' in '10' second(s)

2021-11-16 09:40:27 - [MESSAGE][INFO] - Smart Wait Function is triggered

2021-11-16 09:40:27 - [MESSAGE][INFO] - Found 22 web elements with id: 'Object Repository/Kullanici_Islemleri/Secenekler' located by 'By.cssSelector: .nav.navbar-nav.navbar-right li a' in '10' second(s)

2021-11-16 09:40:28 - [MESSAGE][PASSED] - Method.TextDegerineEsitElementeTikla is PASSED

2021-11-16 09:40:28 - [TEST_STEP][PASSED] - verifyElementNotPresent(findTestObject("Object Repository/Kullanici_Islemleri/Secenekler"), 10): Web element with id: 'Object Repository/Kullanici_Islemleri/Secenekler' located by 'By.cssSelector: .nav.navbar-nav.navbar-right li a' is not present after '10' second(s)

2021-11-16 09:40:28 - [MESSAGE][INFO] - Finding Test Object 'Object Repository/Kullanici_Islemleri/Secenekler'

2021-11-16 09:40:28 - [MESSAGE][INFO] - Checking object

2021-11-16 09:40:28 - [MESSAGE][INFO] - Checking timeout

2021-11-16 09:40:28 - [MESSAGE][INFO] - Finding web element with id: 'Object Repository/Kullanici_Islemleri/Secenekler' located by 'By.cssSelector: .nav.navbar-nav.navbar-right li a' in '10' second(s)

2021-11-16 09:40:28 - [MESSAGE][INFO] - Smart Wait Function is triggered

2021-11-16 09:40:29 - [MESSAGE][PASSED] - Web element with id: 'Object Repository/Kullanici_Islemleri/Secenekler' located by 'By.cssSelector: .nav.navbar-nav.navbar-right li a' is not present after '10' second(s)

2021-11-16 09:40:29 - [MESSAGE][PASSED] - Call Test Case 'Test Cases/Kullanici_Islemleri/KullaniciIslemlerindenSecimYapilir' successfully

2021-11-16 09:40:29 - [TEST_CASE][PASSED] - Start Test Case : SCENARIO Tasarim Araclari Buton Kontrolu: SCENARIO Tasarim Araclari Buton Kontrolu

2021-11-16 09:40:29 - [TEST_STEP][PASSED] - Kullanıcı adı ELOGO6 ve Şifre 123456 olarak giriş yapılır: Kullanıcı adı ELOGO6 ve Şifre 123456 olarak giriş yapılır

2021-11-16 09:40:29 - [MESSAGE][PASSED] - Kullanıcı adı ELOGO6 ve Şifre 123456 olarak giriş yapılır

2021-11-16 09:40:29 - [TEST_STEP][PASSED] - Ana menüden Ayarlar seçilir: Ana menüden Ayarlar seçilir

2021-11-16 09:40:29 - [MESSAGE][PASSED] - Ana menüden Ayarlar seçilir

2021-11-16 09:40:29 - [TEST_STEP][PASSED] - Alt menü Görsel Tasarımlar başlığı altındaki Tasarım Araçları seçilir: Alt menü Görsel Tasarımlar başlığı altındaki Tasarım Araçları seçilir

2021-11-16 09:40:29 - [MESSAGE][PASSED] - Alt menü Görsel Tasarımlar başlığı altındaki Tasarım Araçları seçilir

2021-11-16 09:40:29 - [TEST_STEP][PASSED] - Butonlardan Tasarla var mı: Butonlardan Tasarla var mı

2021-11-16 09:40:29 - [MESSAGE][PASSED] - Butonlardan Tasarla var mı

2021-11-16 09:40:29 - [TEST_STEP][PASSED] - Butonlardan Güncelle var mı: Butonlardan Güncelle var mı

2021-11-16 09:40:29 - [MESSAGE][PASSED] - Butonlardan Güncelle var mı

2021-11-16 09:40:29 - [TEST_STEP][PASSED] - Butonlardan Kopyala var mı: Butonlardan Kopyala var mı

2021-11-16 09:40:29 - [MESSAGE][PASSED] - Butonlardan Kopyala var mı

2021-11-16 09:40:29 - [TEST_STEP][PASSED] - Butonlardan Sil var mı: Butonlardan Sil var mı

2021-11-16 09:40:29 - [MESSAGE][PASSED] - Butonlardan Sil var mı

2021-11-16 09:40:29 - [TEST_STEP][PASSED] - Butonlardan İndir var mı: Butonlardan İndir var mı

2021-11-16 09:40:29 - [MESSAGE][PASSED] - Butonlardan İndir var mı

2021-11-16 09:40:29 - [TEST_STEP][PASSED] - Butonlardan Yukle var mı: Butonlardan Yukle var mı

2021-11-16 09:40:29 - [MESSAGE][PASSED] - Butonlardan Yukle var mı

2021-11-16 09:40:29 - [TEST_STEP][PASSED] - Butonlardan Ön Değer Ata var mı: Butonlardan Ön Değer Ata var mı

2021-11-16 09:40:29 - [MESSAGE][PASSED] - Butonlardan Ön Değer Ata var mı

2021-11-16 09:40:29 - [TEST_STEP][PASSED] - Butonlardan Tasarla isimli butona tıklanır: Butonlardan Tasarla isimli butona tıklanır

2021-11-16 09:40:29 - [MESSAGE][PASSED] - Butonlardan Tasarla isimli butona tıklanır

2021-11-16 09:40:29 - [TEST_STEP][PASSED] - Alt butonlardan e-Fatura var mı: Alt butonlardan e-Fatura var mı

2021-11-16 09:40:29 - [MESSAGE][PASSED] - Alt butonlardan e-Fatura var mı

2021-11-16 09:40:29 - [TEST_STEP][PASSED] - Alt butonlardan e-Arşiv var mı: Alt butonlardan e-Arşiv var mı

2021-11-16 09:40:29 - [MESSAGE][PASSED] - Alt butonlardan e-Arşiv var mı

2021-11-16 09:40:29 - [TEST_STEP][PASSED] - Alt butonlardan e-İrsaliye var mı: Alt butonlardan e-İrsaliye var mı

2021-11-16 09:40:29 - [MESSAGE][PASSED] - Alt butonlardan e-İrsaliye var mı

2021-11-16 09:40:29 - [TEST_STEP][PASSED] - Butonlardan Yukle isimli butona tıklanır: Butonlardan Yukle isimli butona tıklanır

2021-11-16 09:40:29 - [MESSAGE][PASSED] - Butonlardan Yukle isimli butona tıklanır

2021-11-16 09:40:29 - [TEST_STEP][PASSED] - Alt butonlardan e-Fatura var mı: Alt butonlardan e-Fatura var mı

2021-11-16 09:40:29 - [MESSAGE][PASSED] - Alt butonlardan e-Fatura var mı

2021-11-16 09:40:29 - [TEST_STEP][PASSED] - Alt butonlardan e-Arşiv var mı: Alt butonlardan e-Arşiv var mı

2021-11-16 09:40:29 - [MESSAGE][PASSED] - Alt butonlardan e-Arşiv var mı

2021-11-16 09:40:29 - [TEST_STEP][PASSED] - Alt butonlardan e-İrsaliye var mı: Alt butonlardan e-İrsaliye var mı

2021-11-16 09:40:29 - [MESSAGE][PASSED] - Alt butonlardan e-İrsaliye var mı

2021-11-16 09:40:29 - [TEST_STEP][PASSED] - Alt butonlardan e-Müstahsil Makbuzu var mı: Alt butonlardan e-Müstahsil Makbuzu var mı

2021-11-16 09:40:29 - [MESSAGE][PASSED] - Alt butonlardan e-Müstahsil Makbuzu var mı

2021-11-16 09:40:29 - [TEST_STEP][PASSED] - Alt butonlardan e-Serbest Meslek Makbuzu var mı: Alt butonlardan e-Serbest Meslek Makbuzu var mı

2021-11-16 09:40:29 - [MESSAGE][PASSED] - Alt butonlardan e-Serbest Meslek Makbuzu var mı

2021-11-16 09:40:29 - [TEST_STEP][PASSED] - Kullanıcı işlemlerinden Çıkış seçilir: Kullanıcı işlemlerinden Çıkış seçilir

2021-11-16 09:40:29 - [MESSAGE][PASSED] - Kullanıcı işlemlerinden Çıkış seçilir

2021-11-16 09:40:29 - [MESSAGE][PASSED] - Feature file: 'Include/features/Ayarlar/Gorsel Tasarimlar/Tasarim Araclari/Buton Kontrolu.feature' was passed

2021-11-16 09:40:29 - [TEST_STEP][PASSED] - Start listener action : sampleAfterTestSuite: Invoke 'com.kms.katalon.core.annotation.AfterTestCase' method: 'Listener.sampleAfterTestSuite(...)' completed.

2021-11-16 09:40:29 - [MESSAGE][INFO] - Starting invoke 'com.kms.katalon.core.annotation.AfterTestCase' method: 'Listener.sampleAfterTestSuite(...)'

2021-11-16 09:40:29 - [TEST_STEP][PASSED] - closeBrowser(): Invoke 'com.kms.katalon.core.annotation.AfterTestCase' method: 'Listener.sampleAfterTestSuite(...)' completed.

2021-11-16 09:40:29 - [MESSAGE][INFO] - Closing browser

2021-11-16 09:40:30 - [MESSAGE][PASSED] - Browser is closed

2021-11-16 09:40:30 - [MESSAGE][INFO] - Invoke 'com.kms.katalon.core.annotation.AfterTestCase' method: 'Listener.sampleAfterTestSuite(...)' completed.]]></system-out>
         <system-err><![CDATA[]]></system-err>
      </testcase>
      <testcase name="Test Cases/Case Repository/Ayarlar/Gorsel Tasarim/Tasarim Araclari/Filtre Kontrolu" time="33.516" classname="Test Cases/Case Repository/Ayarlar/Gorsel Tasarim/Tasarim Araclari/Filtre Kontrolu" status="PASSED">
         <system-out><![CDATA[2021-11-16 09:40:30 - [TEST_CASE][PASSED] - Test Cases/Case Repository/Ayarlar/Gorsel Tasarim/Tasarim Araclari/Filtre Kontrolu: Test Cases/Case Repository/Ayarlar/Gorsel Tasarim/Tasarim Araclari/Filtre Kontrolu

2021-11-16 09:40:30 - [TEST_STEP][PASSED] - Start listener action : sampleBeforeTestSuite: Invoke 'com.kms.katalon.core.annotation.BeforeTestCase' method: 'Listener.sampleBeforeTestSuite(...)' completed.

2021-11-16 09:40:30 - [MESSAGE][INFO] - Starting invoke 'com.kms.katalon.core.annotation.BeforeTestCase' method: 'Listener.sampleBeforeTestSuite(...)'

2021-11-16 09:40:30 - [TEST_STEP][PASSED] - openBrowser(baseUrl): Browser is opened with url: 'https://efatura-stage.elogo.com.tr/'

2021-11-16 09:40:30 - [MESSAGE][INFO] - Opening browser

2021-11-16 09:40:30 - [MESSAGE][INFO] - Starting 'Chrome' driver

2021-11-16 09:40:30 - [MESSAGE][INFO] - User set preference: ['prefs', '{download.default_directory=C:\otomasyondownfiles}']

2021-11-16 09:40:30 - [MESSAGE][INFO] - Action delay is set to 0 milliseconds

2021-11-16 09:40:31 - [MESSAGE][INFO] - Navigating browser to: 'https://efatura-stage.elogo.com.tr/'

2021-11-16 09:40:33 - [MESSAGE][PASSED] - Browser is opened with url: 'https://efatura-stage.elogo.com.tr/'

2021-11-16 09:40:33 - [TEST_STEP][PASSED] - maximizeWindow(): Invoke 'com.kms.katalon.core.annotation.BeforeTestCase' method: 'Listener.sampleBeforeTestSuite(...)' completed.

2021-11-16 09:40:33 - [MESSAGE][INFO] - Maximizing current window

2021-11-16 09:40:34 - [MESSAGE][PASSED] - Current window maximized

2021-11-16 09:40:34 - [MESSAGE][INFO] - Invoke 'com.kms.katalon.core.annotation.BeforeTestCase' method: 'Listener.sampleBeforeTestSuite(...)' completed.

2021-11-16 09:40:34 - [TEST_STEP][PASSED] - runFeatureFile("Include/features/Ayarlar/Gorsel Tasarimlar/Tasarim Araclari/Filtre Kontrolu.feature"): Feature file: 'Include/features/Ayarlar/Gorsel Tasarimlar/Tasarim Araclari/Filtre Kontrolu.feature' was passed

2021-11-16 09:40:34 - [MESSAGE][INFO] - Starting run keyword runFeatureFile: 'Include/features/Ayarlar/Gorsel Tasarimlar/Tasarim Araclari/Filtre Kontrolu.feature' and extract report to folder: 'C:\Users\DELL\Documents\GitHub\EES_KatalonLogo\Reports\20211116_090026\Suite Repository\Ayarlar\20211116_090123/cucumber_report/1637044834559'...

2021-11-16 09:40:34 - [MESSAGE][INFO] - Glue: []

2021-11-16 09:40:35 - [MESSAGE][INFO] - Checking called Test Case

2021-11-16 09:40:35 - [MESSAGE][INFO] - Starting to call Test Case 'Test Cases/Sayfalar/Giris_Sayfasi/Login'

2021-11-16 09:40:35 - [TEST_CASE][PASSED] - Test Cases/Sayfalar/Giris_Sayfasi/Login: Test Cases/Sayfalar/Giris_Sayfasi/Login

2021-11-16 09:40:35 - [TEST_STEP][PASSED] - Sayfa_Basligi = getWindowTitle(): Current window's title is: 'LOGO e-Fatura'

2021-11-16 09:40:35 - [MESSAGE][INFO] - Getting current window's title

2021-11-16 09:40:35 - [MESSAGE][PASSED] - Current window's title is: 'LOGO e-Fatura'

2021-11-16 09:40:35 - [TEST_STEP][PASSED] - verifyMatch(Sayfa_Basligi, "LOGO e-Fatura", false): Actual text 'LOGO e-Fatura' and expected text 'LOGO e-Fatura' are matched 

2021-11-16 09:40:35 - [MESSAGE][INFO] - Matching actual text 'LOGO e-Fatura' with expected text 'LOGO e-Fatura'

2021-11-16 09:40:35 - [MESSAGE][PASSED] - Actual text 'LOGO e-Fatura' and expected text 'LOGO e-Fatura' are matched 

2021-11-16 09:40:35 - [TEST_STEP][PASSED] - sendKeys(findTestObject("Sayfalar/Giris_Sayfasi/Firma_Kodu"), KullaniciAdi): Keys 'ELOGO6' sent to object: 'Object Repository/Sayfalar/Giris_Sayfasi/Firma_Kodu'

2021-11-16 09:40:35 - [MESSAGE][INFO] - Finding Test Object 'Object Repository/Sayfalar/Giris_Sayfasi/Firma_Kodu'

2021-11-16 09:40:35 - [MESSAGE][INFO] - Sending keys 'ELOGO6' to object: 'Object Repository/Sayfalar/Giris_Sayfasi/Firma_Kodu'

2021-11-16 09:40:35 - [MESSAGE][INFO] - Finding web element from Test Object's properties

2021-11-16 09:40:35 - [MESSAGE][INFO] - Checking timeout

2021-11-16 09:40:35 - [MESSAGE][INFO] - Finding web element with id: 'Object Repository/Sayfalar/Giris_Sayfasi/Firma_Kodu' located by 'By.xpath: //*[@id = 'AccountName']' in '30' second(s)

2021-11-16 09:40:35 - [MESSAGE][INFO] - Smart Wait Function is triggered

2021-11-16 09:40:36 - [MESSAGE][INFO] - Found 1 web elements with id: 'Object Repository/Sayfalar/Giris_Sayfasi/Firma_Kodu' located by 'By.xpath: //*[@id = 'AccountName']' in '30' second(s)

2021-11-16 09:40:36 - [MESSAGE][PASSED] - Keys 'ELOGO6' sent to object: 'Object Repository/Sayfalar/Giris_Sayfasi/Firma_Kodu'

2021-11-16 09:40:36 - [TEST_STEP][PASSED] - sendKeys(findTestObject("Sayfalar/Giris_Sayfasi/Sifre"), Sifre): Keys '123456' sent to object: 'Object Repository/Sayfalar/Giris_Sayfasi/Sifre'

2021-11-16 09:40:36 - [MESSAGE][INFO] - Finding Test Object 'Object Repository/Sayfalar/Giris_Sayfasi/Sifre'

2021-11-16 09:40:36 - [MESSAGE][INFO] - Sending keys '123456' to object: 'Object Repository/Sayfalar/Giris_Sayfasi/Sifre'

2021-11-16 09:40:36 - [MESSAGE][INFO] - Finding web element from Test Object's properties

2021-11-16 09:40:36 - [MESSAGE][INFO] - Checking timeout

2021-11-16 09:40:36 - [MESSAGE][INFO] - Finding web element with id: 'Object Repository/Sayfalar/Giris_Sayfasi/Sifre' located by 'By.xpath: //*[@id = 'Password']' in '30' second(s)

2021-11-16 09:40:36 - [MESSAGE][INFO] - Smart Wait Function is triggered

2021-11-16 09:40:36 - [MESSAGE][INFO] - Found 1 web elements with id: 'Object Repository/Sayfalar/Giris_Sayfasi/Sifre' located by 'By.xpath: //*[@id = 'Password']' in '30' second(s)

2021-11-16 09:40:36 - [MESSAGE][PASSED] - Keys '123456' sent to object: 'Object Repository/Sayfalar/Giris_Sayfasi/Sifre'

2021-11-16 09:40:36 - [TEST_STEP][PASSED] - findWebElement(findTestObject("Sayfalar/Giris_Sayfasi/Giris_Butonu")).click(): Found 1 web elements with id: 'Object Repository/Sayfalar/Giris_Sayfasi/Giris_Butonu' located by 'By.cssSelector: #btnLogin' in '30' second(s)

2021-11-16 09:40:36 - [MESSAGE][INFO] - Finding Test Object 'Object Repository/Sayfalar/Giris_Sayfasi/Giris_Butonu'

2021-11-16 09:40:36 - [MESSAGE][INFO] - Finding web element from Test Object's properties

2021-11-16 09:40:36 - [MESSAGE][INFO] - Checking timeout

2021-11-16 09:40:36 - [MESSAGE][INFO] - Finding web element with id: 'Object Repository/Sayfalar/Giris_Sayfasi/Giris_Butonu' located by 'By.cssSelector: #btnLogin' in '30' second(s)

2021-11-16 09:40:36 - [MESSAGE][INFO] - Smart Wait Function is triggered

2021-11-16 09:40:36 - [MESSAGE][INFO] - Found 1 web elements with id: 'Object Repository/Sayfalar/Giris_Sayfasi/Giris_Butonu' located by 'By.cssSelector: #btnLogin' in '30' second(s)

2021-11-16 09:40:39 - [TEST_STEP][PASSED] - if (verifyElementPresent(findTestObject("Object Repository/Sayfalar/Giris_Sayfasi/RetveTamam_Butonu"), 5, OPTIONAL)): null

2021-11-16 09:40:39 - [MESSAGE][INFO] - Finding Test Object 'Object Repository/Sayfalar/Giris_Sayfasi/RetveTamam_Butonu'

2021-11-16 09:40:39 - [MESSAGE][INFO] - Checking object

2021-11-16 09:40:39 - [MESSAGE][INFO] - Finding web element from Test Object's properties

2021-11-16 09:40:39 - [MESSAGE][INFO] - Checking timeout

2021-11-16 09:40:39 - [MESSAGE][INFO] - Finding web element with id: 'Object Repository/Sayfalar/Giris_Sayfasi/RetveTamam_Butonu' located by 'By.xpath: //*[@class = 'btn btn-default']' in '5' second(s)

2021-11-16 09:40:39 - [MESSAGE][INFO] - Smart Wait Function is triggered

2021-11-16 09:40:39 - [MESSAGE][INFO] - Found 1 web elements with id: 'Object Repository/Sayfalar/Giris_Sayfasi/RetveTamam_Butonu' located by 'By.xpath: //*[@class = 'btn btn-default']' in '5' second(s)

2021-11-16 09:40:39 - [MESSAGE][PASSED] - Object 'Object Repository/Sayfalar/Giris_Sayfasi/RetveTamam_Butonu' is present

2021-11-16 09:40:39 - [TEST_STEP][PASSED] - click(findTestObject("Object Repository/Sayfalar/Giris_Sayfasi/RetveTamam_Butonu")): Object: 'Object Repository/Sayfalar/Giris_Sayfasi/RetveTamam_Butonu' is clicked on

2021-11-16 09:40:39 - [MESSAGE][INFO] - Finding Test Object 'Object Repository/Sayfalar/Giris_Sayfasi/RetveTamam_Butonu'

2021-11-16 09:40:39 - [MESSAGE][INFO] - Checking object

2021-11-16 09:40:39 - [MESSAGE][INFO] - Finding web element from Test Object's properties

2021-11-16 09:40:39 - [MESSAGE][INFO] - Checking timeout

2021-11-16 09:40:39 - [MESSAGE][INFO] - Finding web element with id: 'Object Repository/Sayfalar/Giris_Sayfasi/RetveTamam_Butonu' located by 'By.xpath: //*[@class = 'btn btn-default']' in '30' second(s)

2021-11-16 09:40:39 - [MESSAGE][INFO] - Smart Wait Function is triggered

2021-11-16 09:40:40 - [MESSAGE][INFO] - Found 1 web elements with id: 'Object Repository/Sayfalar/Giris_Sayfasi/RetveTamam_Butonu' located by 'By.xpath: //*[@class = 'btn btn-default']' in '30' second(s)

2021-11-16 09:40:40 - [MESSAGE][INFO] - Clicking on object: 'Object Repository/Sayfalar/Giris_Sayfasi/RetveTamam_Butonu'

2021-11-16 09:40:40 - [MESSAGE][PASSED] - Object: 'Object Repository/Sayfalar/Giris_Sayfasi/RetveTamam_Butonu' is clicked on

2021-11-16 09:40:40 - [TEST_STEP][PASSED] - click(findTestObject("Object Repository/Sayfalar/Giris_Sayfasi/RetveTamam_Butonu")): Object: 'Object Repository/Sayfalar/Giris_Sayfasi/RetveTamam_Butonu' is clicked on

2021-11-16 09:40:40 - [MESSAGE][INFO] - Finding Test Object 'Object Repository/Sayfalar/Giris_Sayfasi/RetveTamam_Butonu'

2021-11-16 09:40:40 - [MESSAGE][INFO] - Checking object

2021-11-16 09:40:40 - [MESSAGE][INFO] - Finding web element from Test Object's properties

2021-11-16 09:40:40 - [MESSAGE][INFO] - Checking timeout

2021-11-16 09:40:40 - [MESSAGE][INFO] - Finding web element with id: 'Object Repository/Sayfalar/Giris_Sayfasi/RetveTamam_Butonu' located by 'By.xpath: //*[@class = 'btn btn-default']' in '30' second(s)

2021-11-16 09:40:40 - [MESSAGE][INFO] - Smart Wait Function is triggered

2021-11-16 09:40:44 - [MESSAGE][INFO] - Found 1 web elements with id: 'Object Repository/Sayfalar/Giris_Sayfasi/RetveTamam_Butonu' located by 'By.xpath: //*[@class = 'btn btn-default']' in '30' second(s)

2021-11-16 09:40:44 - [MESSAGE][INFO] - Clicking on object: 'Object Repository/Sayfalar/Giris_Sayfasi/RetveTamam_Butonu'

2021-11-16 09:40:44 - [MESSAGE][PASSED] - Object: 'Object Repository/Sayfalar/Giris_Sayfasi/RetveTamam_Butonu' is clicked on

2021-11-16 09:40:44 - [TEST_STEP][PASSED] - if (verifyElementPresent(findTestObject("Sayfalar/Giris_Sayfasi/PopupOK"), 5, OPTIONAL)): null

2021-11-16 09:40:44 - [MESSAGE][INFO] - Finding Test Object 'Object Repository/Sayfalar/Giris_Sayfasi/PopupOK'

2021-11-16 09:40:44 - [MESSAGE][INFO] - Checking object

2021-11-16 09:40:44 - [MESSAGE][INFO] - Finding web element from Test Object's properties

2021-11-16 09:40:44 - [MESSAGE][INFO] - Checking timeout

2021-11-16 09:40:44 - [MESSAGE][INFO] - Finding web element with id: 'Object Repository/Sayfalar/Giris_Sayfasi/PopupOK' located by 'By.cssSelector: .btn.btn-success' in '5' second(s)

2021-11-16 09:40:44 - [MESSAGE][INFO] - Smart Wait Function is triggered

2021-11-16 09:40:45 - [MESSAGE][INFO] - Found 1 web elements with id: 'Object Repository/Sayfalar/Giris_Sayfasi/PopupOK' located by 'By.cssSelector: .btn.btn-success' in '5' second(s)

2021-11-16 09:40:45 - [MESSAGE][PASSED] - Object 'Object Repository/Sayfalar/Giris_Sayfasi/PopupOK' is present

2021-11-16 09:40:45 - [TEST_STEP][PASSED] - click(findTestObject("Object Repository/Sayfalar/Giris_Sayfasi/PopupCarpiGiris")): Object: 'Object Repository/Sayfalar/Giris_Sayfasi/PopupCarpiGiris' is clicked on

2021-11-16 09:40:45 - [MESSAGE][INFO] - Finding Test Object 'Object Repository/Sayfalar/Giris_Sayfasi/PopupCarpiGiris'

2021-11-16 09:40:45 - [MESSAGE][INFO] - Checking object

2021-11-16 09:40:45 - [MESSAGE][INFO] - Finding web element from Test Object's properties

2021-11-16 09:40:45 - [MESSAGE][INFO] - Checking timeout

2021-11-16 09:40:45 - [MESSAGE][INFO] - Finding web element with id: 'Object Repository/Sayfalar/Giris_Sayfasi/PopupCarpiGiris' located by 'By.cssSelector: .bootbox-close-button.close' in '30' second(s)

2021-11-16 09:40:45 - [MESSAGE][INFO] - Smart Wait Function is triggered

2021-11-16 09:40:45 - [MESSAGE][INFO] - Found 1 web elements with id: 'Object Repository/Sayfalar/Giris_Sayfasi/PopupCarpiGiris' located by 'By.cssSelector: .bootbox-close-button.close' in '30' second(s)

2021-11-16 09:40:45 - [MESSAGE][INFO] - Clicking on object: 'Object Repository/Sayfalar/Giris_Sayfasi/PopupCarpiGiris'

2021-11-16 09:40:45 - [MESSAGE][PASSED] - Object: 'Object Repository/Sayfalar/Giris_Sayfasi/PopupCarpiGiris' is clicked on

2021-11-16 09:40:45 - [TEST_STEP][PASSED] - verifyElementVisible(findTestObject("Object Repository/Kullanici_Islemleri/KullaniciIslemleri")): Object 'Object Repository/Kullanici_Islemleri/KullaniciIslemleri' is visible

2021-11-16 09:40:45 - [MESSAGE][INFO] - Finding Test Object 'Object Repository/Kullanici_Islemleri/KullaniciIslemleri'

2021-11-16 09:40:45 - [MESSAGE][INFO] - Checking object

2021-11-16 09:40:45 - [MESSAGE][INFO] - Finding web element from Test Object's properties

2021-11-16 09:40:45 - [MESSAGE][INFO] - Checking timeout

2021-11-16 09:40:45 - [MESSAGE][INFO] - Finding web element with id: 'Object Repository/Kullanici_Islemleri/KullaniciIslemleri' located by 'By.cssSelector: .dropdown>a>img' in '30' second(s)

2021-11-16 09:40:45 - [MESSAGE][INFO] - Smart Wait Function is triggered

2021-11-16 09:40:46 - [MESSAGE][INFO] - Found 1 web elements with id: 'Object Repository/Kullanici_Islemleri/KullaniciIslemleri' located by 'By.cssSelector: .dropdown>a>img' in '30' second(s)

2021-11-16 09:40:46 - [MESSAGE][PASSED] - Object 'Object Repository/Kullanici_Islemleri/KullaniciIslemleri' is visible

2021-11-16 09:40:46 - [MESSAGE][PASSED] - Call Test Case 'Test Cases/Sayfalar/Giris_Sayfasi/Login' successfully

2021-11-16 09:40:46 - [MESSAGE][INFO] - Checking called Test Case

2021-11-16 09:40:46 - [MESSAGE][INFO] - Starting to call Test Case 'Test Cases/Menu/AnaMenuSecimi'

2021-11-16 09:40:46 - [TEST_CASE][PASSED] - Test Cases/Menu/AnaMenuSecimi: Test Cases/Menu/AnaMenuSecimi

2021-11-16 09:40:46 - [TEST_STEP][PASSED] - Method.TextDegerineEsitElementeTikla(findTestObject("Menu/Ana_Menu"), Ana_Menu): Method.TextDegerineEsitElementeTikla is PASSED

2021-11-16 09:40:46 - [MESSAGE][INFO] - Finding Test Object 'Object Repository/Menu/Ana_Menu'

2021-11-16 09:40:46 - [MESSAGE][INFO] - Checking timeout

2021-11-16 09:40:46 - [MESSAGE][INFO] - Finding web element with id: 'Object Repository/Menu/Ana_Menu' located by 'By.xpath: //*[@class = 'dropdown-toggle']' in '10' second(s)

2021-11-16 09:40:46 - [MESSAGE][INFO] - Smart Wait Function is triggered

2021-11-16 09:40:47 - [MESSAGE][INFO] - Found 14 web elements with id: 'Object Repository/Menu/Ana_Menu' located by 'By.xpath: //*[@class = 'dropdown-toggle']' in '10' second(s)

2021-11-16 09:40:47 - [MESSAGE][PASSED] - Method.TextDegerineEsitElementeTikla is PASSED

2021-11-16 09:40:47 - [MESSAGE][PASSED] - Call Test Case 'Test Cases/Menu/AnaMenuSecimi' successfully

2021-11-16 09:40:47 - [MESSAGE][INFO] - Checking called Test Case

2021-11-16 09:40:47 - [MESSAGE][INFO] - Starting to call Test Case 'Test Cases/Menu/BasligaGoreAltMenuSecimi'

2021-11-16 09:40:47 - [TEST_CASE][PASSED] - Test Cases/Menu/BasligaGoreAltMenuSecimi: Test Cases/Menu/BasligaGoreAltMenuSecimi

2021-11-16 09:40:47 - [TEST_STEP][PASSED] - Method.TextDegerineEsitElementinAltindakiTextDegerineEsitOlanaTikla(findTestObject("Menu/Menu_Basligi"), findTestObject("Menu/Basliga_Gore_Alt_Menu"), Baslik, Alt_Menu): Method.TextDegerineEsitElementinAltindakiTextDegerineEsitOlanaTikla is PASSED

2021-11-16 09:40:47 - [MESSAGE][INFO] - Finding Test Object 'Object Repository/Menu/Menu_Basligi'

2021-11-16 09:40:47 - [MESSAGE][INFO] - Finding Test Object 'Object Repository/Menu/Basliga_Gore_Alt_Menu'

2021-11-16 09:40:47 - [MESSAGE][INFO] - Checking timeout

2021-11-16 09:40:47 - [MESSAGE][INFO] - Finding web element with id: 'Object Repository/Menu/Menu_Basligi' located by 'By.xpath: //li[@class='dropdown dropdown-large open']//li[@class='dropdown-header']' in '10' second(s)

2021-11-16 09:40:47 - [MESSAGE][INFO] - Smart Wait Function is triggered

2021-11-16 09:40:48 - [MESSAGE][INFO] - Found 2 web elements with id: 'Object Repository/Menu/Menu_Basligi' located by 'By.xpath: //li[@class='dropdown dropdown-large open']//li[@class='dropdown-header']' in '10' second(s)

2021-11-16 09:40:48 - [MESSAGE][INFO] - Smart Wait Function is triggered

2021-11-16 09:40:55 - [MESSAGE][PASSED] - Method.TextDegerineEsitElementinAltindakiTextDegerineEsitOlanaTikla is PASSED

2021-11-16 09:40:55 - [MESSAGE][PASSED] - Call Test Case 'Test Cases/Menu/BasligaGoreAltMenuSecimi' successfully

2021-11-16 09:40:55 - [MESSAGE][INFO] - Checking called Test Case

2021-11-16 09:40:55 - [MESSAGE][INFO] - Starting to call Test Case 'Test Cases/Filtreler/FiltreVarMi'

2021-11-16 09:40:55 - [TEST_CASE][PASSED] - Test Cases/Filtreler/FiltreVarMi: Test Cases/Filtreler/FiltreVarMi

2021-11-16 09:40:55 - [TEST_STEP][PASSED] - Method.TextDegerineEsitElementVarMi(findTestObject("Filtreler/Basliklar"), Filtre_alan): Method.TextDegerineEsitElementVarMi is PASSED

2021-11-16 09:40:55 - [MESSAGE][INFO] - Finding Test Object 'Object Repository/Filtreler/Basliklar'

2021-11-16 09:40:55 - [MESSAGE][INFO] - Checking timeout

2021-11-16 09:40:55 - [MESSAGE][INFO] - Finding web element with id: 'Object Repository/Filtreler/Basliklar' located by 'By.cssSelector: .control-label.col-sm-4.paddingMarginRLC' in '10' second(s)

2021-11-16 09:40:55 - [MESSAGE][INFO] - Smart Wait Function is triggered

2021-11-16 09:40:55 - [MESSAGE][INFO] - Found 7 web elements with id: 'Object Repository/Filtreler/Basliklar' located by 'By.cssSelector: .control-label.col-sm-4.paddingMarginRLC' in '10' second(s)

2021-11-16 09:40:55 - [MESSAGE][PASSED] - Method.TextDegerineEsitElementVarMi is PASSED

2021-11-16 09:40:55 - [MESSAGE][PASSED] - Call Test Case 'Test Cases/Filtreler/FiltreVarMi' successfully

2021-11-16 09:40:55 - [MESSAGE][INFO] - Checking called Test Case

2021-11-16 09:40:55 - [MESSAGE][INFO] - Starting to call Test Case 'Test Cases/Filtreler/FiltreVarMi'

2021-11-16 09:40:55 - [TEST_CASE][PASSED] - Test Cases/Filtreler/FiltreVarMi: Test Cases/Filtreler/FiltreVarMi

2021-11-16 09:40:55 - [TEST_STEP][PASSED] - Method.TextDegerineEsitElementVarMi(findTestObject("Filtreler/Basliklar"), Filtre_alan): Method.TextDegerineEsitElementVarMi is PASSED

2021-11-16 09:40:55 - [MESSAGE][INFO] - Finding Test Object 'Object Repository/Filtreler/Basliklar'

2021-11-16 09:40:55 - [MESSAGE][INFO] - Checking timeout

2021-11-16 09:40:55 - [MESSAGE][INFO] - Finding web element with id: 'Object Repository/Filtreler/Basliklar' located by 'By.cssSelector: .control-label.col-sm-4.paddingMarginRLC' in '10' second(s)

2021-11-16 09:40:55 - [MESSAGE][INFO] - Smart Wait Function is triggered

2021-11-16 09:40:56 - [MESSAGE][INFO] - Found 7 web elements with id: 'Object Repository/Filtreler/Basliklar' located by 'By.cssSelector: .control-label.col-sm-4.paddingMarginRLC' in '10' second(s)

2021-11-16 09:40:56 - [MESSAGE][PASSED] - Method.TextDegerineEsitElementVarMi is PASSED

2021-11-16 09:40:56 - [MESSAGE][PASSED] - Call Test Case 'Test Cases/Filtreler/FiltreVarMi' successfully

2021-11-16 09:40:56 - [MESSAGE][INFO] - Checking called Test Case

2021-11-16 09:40:56 - [MESSAGE][INFO] - Starting to call Test Case 'Test Cases/Filtreler/FiltreVarMi'

2021-11-16 09:40:56 - [TEST_CASE][PASSED] - Test Cases/Filtreler/FiltreVarMi: Test Cases/Filtreler/FiltreVarMi

2021-11-16 09:40:56 - [TEST_STEP][PASSED] - Method.TextDegerineEsitElementVarMi(findTestObject("Filtreler/Basliklar"), Filtre_alan): Method.TextDegerineEsitElementVarMi is PASSED

2021-11-16 09:40:56 - [MESSAGE][INFO] - Finding Test Object 'Object Repository/Filtreler/Basliklar'

2021-11-16 09:40:56 - [MESSAGE][INFO] - Checking timeout

2021-11-16 09:40:56 - [MESSAGE][INFO] - Finding web element with id: 'Object Repository/Filtreler/Basliklar' located by 'By.cssSelector: .control-label.col-sm-4.paddingMarginRLC' in '10' second(s)

2021-11-16 09:40:56 - [MESSAGE][INFO] - Smart Wait Function is triggered

2021-11-16 09:40:56 - [MESSAGE][INFO] - Found 7 web elements with id: 'Object Repository/Filtreler/Basliklar' located by 'By.cssSelector: .control-label.col-sm-4.paddingMarginRLC' in '10' second(s)

2021-11-16 09:40:56 - [MESSAGE][PASSED] - Method.TextDegerineEsitElementVarMi is PASSED

2021-11-16 09:40:56 - [MESSAGE][PASSED] - Call Test Case 'Test Cases/Filtreler/FiltreVarMi' successfully

2021-11-16 09:40:56 - [MESSAGE][INFO] - Checking called Test Case

2021-11-16 09:40:56 - [MESSAGE][INFO] - Starting to call Test Case 'Test Cases/Filtreler/FiltreVarMi'

2021-11-16 09:40:56 - [TEST_CASE][PASSED] - Test Cases/Filtreler/FiltreVarMi: Test Cases/Filtreler/FiltreVarMi

2021-11-16 09:40:56 - [TEST_STEP][PASSED] - Method.TextDegerineEsitElementVarMi(findTestObject("Filtreler/Basliklar"), Filtre_alan): Method.TextDegerineEsitElementVarMi is PASSED

2021-11-16 09:40:56 - [MESSAGE][INFO] - Finding Test Object 'Object Repository/Filtreler/Basliklar'

2021-11-16 09:40:56 - [MESSAGE][INFO] - Checking timeout

2021-11-16 09:40:56 - [MESSAGE][INFO] - Finding web element with id: 'Object Repository/Filtreler/Basliklar' located by 'By.cssSelector: .control-label.col-sm-4.paddingMarginRLC' in '10' second(s)

2021-11-16 09:40:56 - [MESSAGE][INFO] - Smart Wait Function is triggered

2021-11-16 09:40:57 - [MESSAGE][INFO] - Found 7 web elements with id: 'Object Repository/Filtreler/Basliklar' located by 'By.cssSelector: .control-label.col-sm-4.paddingMarginRLC' in '10' second(s)

2021-11-16 09:40:57 - [MESSAGE][PASSED] - Method.TextDegerineEsitElementVarMi is PASSED

2021-11-16 09:40:57 - [MESSAGE][PASSED] - Call Test Case 'Test Cases/Filtreler/FiltreVarMi' successfully

2021-11-16 09:40:57 - [MESSAGE][INFO] - Checking called Test Case

2021-11-16 09:40:57 - [MESSAGE][INFO] - Starting to call Test Case 'Test Cases/Filtreler/FiltreVarMi'

2021-11-16 09:40:57 - [TEST_CASE][PASSED] - Test Cases/Filtreler/FiltreVarMi: Test Cases/Filtreler/FiltreVarMi

2021-11-16 09:40:57 - [TEST_STEP][PASSED] - Method.TextDegerineEsitElementVarMi(findTestObject("Filtreler/Basliklar"), Filtre_alan): Method.TextDegerineEsitElementVarMi is PASSED

2021-11-16 09:40:57 - [MESSAGE][INFO] - Finding Test Object 'Object Repository/Filtreler/Basliklar'

2021-11-16 09:40:57 - [MESSAGE][INFO] - Checking timeout

2021-11-16 09:40:57 - [MESSAGE][INFO] - Finding web element with id: 'Object Repository/Filtreler/Basliklar' located by 'By.cssSelector: .control-label.col-sm-4.paddingMarginRLC' in '10' second(s)

2021-11-16 09:40:57 - [MESSAGE][INFO] - Smart Wait Function is triggered

2021-11-16 09:40:57 - [MESSAGE][INFO] - Found 7 web elements with id: 'Object Repository/Filtreler/Basliklar' located by 'By.cssSelector: .control-label.col-sm-4.paddingMarginRLC' in '10' second(s)

2021-11-16 09:40:57 - [MESSAGE][PASSED] - Method.TextDegerineEsitElementVarMi is PASSED

2021-11-16 09:40:57 - [MESSAGE][PASSED] - Call Test Case 'Test Cases/Filtreler/FiltreVarMi' successfully

2021-11-16 09:40:57 - [MESSAGE][INFO] - Checking called Test Case

2021-11-16 09:40:57 - [MESSAGE][INFO] - Starting to call Test Case 'Test Cases/Filtreler/FiltreVarMi'

2021-11-16 09:40:57 - [TEST_CASE][PASSED] - Test Cases/Filtreler/FiltreVarMi: Test Cases/Filtreler/FiltreVarMi

2021-11-16 09:40:57 - [TEST_STEP][PASSED] - Method.TextDegerineEsitElementVarMi(findTestObject("Filtreler/Basliklar"), Filtre_alan): Method.TextDegerineEsitElementVarMi is PASSED

2021-11-16 09:40:57 - [MESSAGE][INFO] - Finding Test Object 'Object Repository/Filtreler/Basliklar'

2021-11-16 09:40:57 - [MESSAGE][INFO] - Checking timeout

2021-11-16 09:40:57 - [MESSAGE][INFO] - Finding web element with id: 'Object Repository/Filtreler/Basliklar' located by 'By.cssSelector: .control-label.col-sm-4.paddingMarginRLC' in '10' second(s)

2021-11-16 09:40:57 - [MESSAGE][INFO] - Smart Wait Function is triggered

2021-11-16 09:40:58 - [MESSAGE][INFO] - Found 7 web elements with id: 'Object Repository/Filtreler/Basliklar' located by 'By.cssSelector: .control-label.col-sm-4.paddingMarginRLC' in '10' second(s)

2021-11-16 09:40:58 - [MESSAGE][PASSED] - Method.TextDegerineEsitElementVarMi is PASSED

2021-11-16 09:40:58 - [MESSAGE][PASSED] - Call Test Case 'Test Cases/Filtreler/FiltreVarMi' successfully

2021-11-16 09:40:58 - [MESSAGE][INFO] - Checking called Test Case

2021-11-16 09:40:58 - [MESSAGE][INFO] - Starting to call Test Case 'Test Cases/Filtreler/FiltreVarMi'

2021-11-16 09:40:58 - [TEST_CASE][PASSED] - Test Cases/Filtreler/FiltreVarMi: Test Cases/Filtreler/FiltreVarMi

2021-11-16 09:40:58 - [TEST_STEP][PASSED] - Method.TextDegerineEsitElementVarMi(findTestObject("Filtreler/Basliklar"), Filtre_alan): Method.TextDegerineEsitElementVarMi is PASSED

2021-11-16 09:40:58 - [MESSAGE][INFO] - Finding Test Object 'Object Repository/Filtreler/Basliklar'

2021-11-16 09:40:58 - [MESSAGE][INFO] - Checking timeout

2021-11-16 09:40:58 - [MESSAGE][INFO] - Finding web element with id: 'Object Repository/Filtreler/Basliklar' located by 'By.cssSelector: .control-label.col-sm-4.paddingMarginRLC' in '10' second(s)

2021-11-16 09:40:58 - [MESSAGE][INFO] - Smart Wait Function is triggered

2021-11-16 09:40:58 - [MESSAGE][INFO] - Found 7 web elements with id: 'Object Repository/Filtreler/Basliklar' located by 'By.cssSelector: .control-label.col-sm-4.paddingMarginRLC' in '10' second(s)

2021-11-16 09:40:58 - [MESSAGE][PASSED] - Method.TextDegerineEsitElementVarMi is PASSED

2021-11-16 09:40:58 - [MESSAGE][PASSED] - Call Test Case 'Test Cases/Filtreler/FiltreVarMi' successfully

2021-11-16 09:40:58 - [MESSAGE][INFO] - Checking called Test Case

2021-11-16 09:40:58 - [MESSAGE][INFO] - Starting to call Test Case 'Test Cases/Filtreler/ButonVarMi'

2021-11-16 09:40:58 - [TEST_CASE][PASSED] - Test Cases/Filtreler/ButonVarMi: Test Cases/Filtreler/ButonVarMi

2021-11-16 09:40:58 - [TEST_STEP][PASSED] - Method.TextDegerineEsitElementVarMi(findTestObject("Filtreler/Butonlar"), Filtre_Buton): Method.TextDegerineEsitElementVarMi is PASSED

2021-11-16 09:40:58 - [MESSAGE][INFO] - Finding Test Object 'Object Repository/Filtreler/Butonlar'

2021-11-16 09:40:58 - [MESSAGE][INFO] - Checking timeout

2021-11-16 09:40:58 - [MESSAGE][INFO] - Finding web element with id: 'Object Repository/Filtreler/Butonlar' located by 'By.cssSelector: .dxb>span' in '10' second(s)

2021-11-16 09:40:58 - [MESSAGE][INFO] - Smart Wait Function is triggered

2021-11-16 09:40:59 - [MESSAGE][INFO] - Found 2 web elements with id: 'Object Repository/Filtreler/Butonlar' located by 'By.cssSelector: .dxb>span' in '10' second(s)

2021-11-16 09:40:59 - [MESSAGE][PASSED] - Method.TextDegerineEsitElementVarMi is PASSED

2021-11-16 09:40:59 - [MESSAGE][PASSED] - Call Test Case 'Test Cases/Filtreler/ButonVarMi' successfully

2021-11-16 09:40:59 - [MESSAGE][INFO] - Checking called Test Case

2021-11-16 09:40:59 - [MESSAGE][INFO] - Starting to call Test Case 'Test Cases/Filtreler/ButonVarMi'

2021-11-16 09:40:59 - [TEST_CASE][PASSED] - Test Cases/Filtreler/ButonVarMi: Test Cases/Filtreler/ButonVarMi

2021-11-16 09:40:59 - [TEST_STEP][PASSED] - Method.TextDegerineEsitElementVarMi(findTestObject("Filtreler/Butonlar"), Filtre_Buton): Method.TextDegerineEsitElementVarMi is PASSED

2021-11-16 09:40:59 - [MESSAGE][INFO] - Finding Test Object 'Object Repository/Filtreler/Butonlar'

2021-11-16 09:40:59 - [MESSAGE][INFO] - Checking timeout

2021-11-16 09:40:59 - [MESSAGE][INFO] - Finding web element with id: 'Object Repository/Filtreler/Butonlar' located by 'By.cssSelector: .dxb>span' in '10' second(s)

2021-11-16 09:40:59 - [MESSAGE][INFO] - Smart Wait Function is triggered

2021-11-16 09:40:59 - [MESSAGE][INFO] - Found 2 web elements with id: 'Object Repository/Filtreler/Butonlar' located by 'By.cssSelector: .dxb>span' in '10' second(s)

2021-11-16 09:40:59 - [MESSAGE][PASSED] - Method.TextDegerineEsitElementVarMi is PASSED

2021-11-16 09:40:59 - [MESSAGE][PASSED] - Call Test Case 'Test Cases/Filtreler/ButonVarMi' successfully

2021-11-16 09:40:59 - [MESSAGE][INFO] - Checking called Test Case

2021-11-16 09:40:59 - [MESSAGE][INFO] - Starting to call Test Case 'Test Cases/Kullanici_Islemleri/KullaniciIslemlerindenSecimYapilir'

2021-11-16 09:40:59 - [TEST_CASE][PASSED] - Test Cases/Kullanici_Islemleri/KullaniciIslemlerindenSecimYapilir: Test Cases/Kullanici_Islemleri/KullaniciIslemlerindenSecimYapilir

2021-11-16 09:40:59 - [TEST_STEP][PASSED] - waitForElementClickable(findTestObject("Object Repository/Kullanici_Islemleri/KullaniciIslemleri"), 10): Object 'Object Repository/Kullanici_Islemleri/KullaniciIslemleri' is clickable

2021-11-16 09:40:59 - [MESSAGE][INFO] - Finding Test Object 'Object Repository/Kullanici_Islemleri/KullaniciIslemleri'

2021-11-16 09:40:59 - [MESSAGE][INFO] - Checking object

2021-11-16 09:40:59 - [MESSAGE][INFO] - Checking timeout

2021-11-16 09:40:59 - [MESSAGE][INFO] - Finding web element from Test Object's properties

2021-11-16 09:40:59 - [MESSAGE][INFO] - Checking timeout

2021-11-16 09:40:59 - [MESSAGE][INFO] - Finding web element with id: 'Object Repository/Kullanici_Islemleri/KullaniciIslemleri' located by 'By.cssSelector: .dropdown>a>img' in '10' second(s)

2021-11-16 09:40:59 - [MESSAGE][INFO] - Smart Wait Function is triggered

2021-11-16 09:41:00 - [MESSAGE][INFO] - Found 1 web elements with id: 'Object Repository/Kullanici_Islemleri/KullaniciIslemleri' located by 'By.cssSelector: .dropdown>a>img' in '10' second(s)

2021-11-16 09:41:00 - [MESSAGE][PASSED] - Object 'Object Repository/Kullanici_Islemleri/KullaniciIslemleri' is clickable

2021-11-16 09:41:00 - [TEST_STEP][PASSED] - click(findTestObject("Object Repository/Kullanici_Islemleri/KullaniciIslemleri")): Object: 'Object Repository/Kullanici_Islemleri/KullaniciIslemleri' is clicked on

2021-11-16 09:41:00 - [MESSAGE][INFO] - Finding Test Object 'Object Repository/Kullanici_Islemleri/KullaniciIslemleri'

2021-11-16 09:41:00 - [MESSAGE][INFO] - Checking object

2021-11-16 09:41:00 - [MESSAGE][INFO] - Finding web element from Test Object's properties

2021-11-16 09:41:00 - [MESSAGE][INFO] - Checking timeout

2021-11-16 09:41:00 - [MESSAGE][INFO] - Finding web element with id: 'Object Repository/Kullanici_Islemleri/KullaniciIslemleri' located by 'By.cssSelector: .dropdown>a>img' in '30' second(s)

2021-11-16 09:41:00 - [MESSAGE][INFO] - Smart Wait Function is triggered

2021-11-16 09:41:00 - [MESSAGE][INFO] - Found 1 web elements with id: 'Object Repository/Kullanici_Islemleri/KullaniciIslemleri' located by 'By.cssSelector: .dropdown>a>img' in '30' second(s)

2021-11-16 09:41:00 - [MESSAGE][INFO] - Clicking on object: 'Object Repository/Kullanici_Islemleri/KullaniciIslemleri'

2021-11-16 09:41:00 - [MESSAGE][PASSED] - Object: 'Object Repository/Kullanici_Islemleri/KullaniciIslemleri' is clicked on

2021-11-16 09:41:00 - [TEST_STEP][PASSED] - Method.TextDegerineEsitElementeTikla(findTestObject("Object Repository/Kullanici_Islemleri/Secenekler"), Islem): Method.TextDegerineEsitElementeTikla is PASSED

2021-11-16 09:41:00 - [MESSAGE][INFO] - Finding Test Object 'Object Repository/Kullanici_Islemleri/Secenekler'

2021-11-16 09:41:00 - [MESSAGE][INFO] - Checking timeout

2021-11-16 09:41:00 - [MESSAGE][INFO] - Finding web element with id: 'Object Repository/Kullanici_Islemleri/Secenekler' located by 'By.cssSelector: .nav.navbar-nav.navbar-right li a' in '10' second(s)

2021-11-16 09:41:00 - [MESSAGE][INFO] - Smart Wait Function is triggered

2021-11-16 09:41:01 - [MESSAGE][INFO] - Found 22 web elements with id: 'Object Repository/Kullanici_Islemleri/Secenekler' located by 'By.cssSelector: .nav.navbar-nav.navbar-right li a' in '10' second(s)

2021-11-16 09:41:02 - [MESSAGE][PASSED] - Method.TextDegerineEsitElementeTikla is PASSED

2021-11-16 09:41:02 - [TEST_STEP][PASSED] - verifyElementNotPresent(findTestObject("Object Repository/Kullanici_Islemleri/Secenekler"), 10): Web element with id: 'Object Repository/Kullanici_Islemleri/Secenekler' located by 'By.cssSelector: .nav.navbar-nav.navbar-right li a' is not present after '10' second(s)

2021-11-16 09:41:02 - [MESSAGE][INFO] - Finding Test Object 'Object Repository/Kullanici_Islemleri/Secenekler'

2021-11-16 09:41:02 - [MESSAGE][INFO] - Checking object

2021-11-16 09:41:02 - [MESSAGE][INFO] - Checking timeout

2021-11-16 09:41:02 - [MESSAGE][INFO] - Finding web element with id: 'Object Repository/Kullanici_Islemleri/Secenekler' located by 'By.cssSelector: .nav.navbar-nav.navbar-right li a' in '10' second(s)

2021-11-16 09:41:02 - [MESSAGE][INFO] - Smart Wait Function is triggered

2021-11-16 09:41:03 - [MESSAGE][PASSED] - Web element with id: 'Object Repository/Kullanici_Islemleri/Secenekler' located by 'By.cssSelector: .nav.navbar-nav.navbar-right li a' is not present after '10' second(s)

2021-11-16 09:41:03 - [MESSAGE][PASSED] - Call Test Case 'Test Cases/Kullanici_Islemleri/KullaniciIslemlerindenSecimYapilir' successfully

2021-11-16 09:41:03 - [TEST_CASE][PASSED] - Start Test Case : SCENARIO Tasarim Araclari Tasarim Filtre Kontrolu: SCENARIO Tasarim Araclari Tasarim Filtre Kontrolu

2021-11-16 09:41:03 - [TEST_STEP][PASSED] - Kullanıcı adı ELOGO6 ve Şifre 123456 olarak giriş yapılır: Kullanıcı adı ELOGO6 ve Şifre 123456 olarak giriş yapılır

2021-11-16 09:41:03 - [MESSAGE][PASSED] - Kullanıcı adı ELOGO6 ve Şifre 123456 olarak giriş yapılır

2021-11-16 09:41:03 - [TEST_STEP][PASSED] - Ana menüden Ayarlar seçilir: Ana menüden Ayarlar seçilir

2021-11-16 09:41:03 - [MESSAGE][PASSED] - Ana menüden Ayarlar seçilir

2021-11-16 09:41:03 - [TEST_STEP][PASSED] - Alt menü Görsel Tasarımlar başlığı altındaki Tasarım Araçları seçilir: Alt menü Görsel Tasarımlar başlığı altındaki Tasarım Araçları seçilir

2021-11-16 09:41:03 - [MESSAGE][PASSED] - Alt menü Görsel Tasarımlar başlığı altındaki Tasarım Araçları seçilir

2021-11-16 09:41:03 - [TEST_STEP][PASSED] - Filtre alanlarında Tasarım Türü var mı: Filtre alanlarında Tasarım Türü var mı

2021-11-16 09:41:03 - [MESSAGE][PASSED] - Filtre alanlarında Tasarım Türü var mı

2021-11-16 09:41:03 - [TEST_STEP][PASSED] - Filtre alanlarında Değiştirilebilir var mı: Filtre alanlarında Değiştirilebilir var mı

2021-11-16 09:41:03 - [MESSAGE][PASSED] - Filtre alanlarında Değiştirilebilir var mı

2021-11-16 09:41:03 - [TEST_STEP][PASSED] - Filtre alanlarında Ön Değer var mı: Filtre alanlarında Ön Değer var mı

2021-11-16 09:41:03 - [MESSAGE][PASSED] - Filtre alanlarında Ön Değer var mı

2021-11-16 09:41:03 - [TEST_STEP][PASSED] - Filtre alanlarında Oluşturma Zamanı var mı: Filtre alanlarında Oluşturma Zamanı var mı

2021-11-16 09:41:03 - [MESSAGE][PASSED] - Filtre alanlarında Oluşturma Zamanı var mı

2021-11-16 09:41:03 - [TEST_STEP][PASSED] - Filtre alanlarında Değiştirme Zamanı var mı: Filtre alanlarında Değiştirme Zamanı var mı

2021-11-16 09:41:03 - [MESSAGE][PASSED] - Filtre alanlarında Değiştirme Zamanı var mı

2021-11-16 09:41:03 - [TEST_STEP][PASSED] - Filtre alanlarında Açıklama var mı: Filtre alanlarında Açıklama var mı

2021-11-16 09:41:03 - [MESSAGE][PASSED] - Filtre alanlarında Açıklama var mı

2021-11-16 09:41:03 - [TEST_STEP][PASSED] - Filtre alanlarında ETTN var mı: Filtre alanlarında ETTN var mı

2021-11-16 09:41:03 - [MESSAGE][PASSED] - Filtre alanlarında ETTN var mı

2021-11-16 09:41:03 - [TEST_STEP][PASSED] - Filtre butonlarında Listele var mı: Filtre butonlarında Listele var mı

2021-11-16 09:41:03 - [MESSAGE][PASSED] - Filtre butonlarında Listele var mı

2021-11-16 09:41:03 - [TEST_STEP][PASSED] - Filtre butonlarında Temizle var mı: Filtre butonlarında Temizle var mı

2021-11-16 09:41:03 - [MESSAGE][PASSED] - Filtre butonlarında Temizle var mı

2021-11-16 09:41:03 - [TEST_STEP][PASSED] - Kullanıcı işlemlerinden Çıkış seçilir: Kullanıcı işlemlerinden Çıkış seçilir

2021-11-16 09:41:03 - [MESSAGE][PASSED] - Kullanıcı işlemlerinden Çıkış seçilir

2021-11-16 09:41:03 - [MESSAGE][PASSED] - Feature file: 'Include/features/Ayarlar/Gorsel Tasarimlar/Tasarim Araclari/Filtre Kontrolu.feature' was passed

2021-11-16 09:41:03 - [TEST_STEP][PASSED] - Start listener action : sampleAfterTestSuite: Invoke 'com.kms.katalon.core.annotation.AfterTestCase' method: 'Listener.sampleAfterTestSuite(...)' completed.

2021-11-16 09:41:03 - [MESSAGE][INFO] - Starting invoke 'com.kms.katalon.core.annotation.AfterTestCase' method: 'Listener.sampleAfterTestSuite(...)'

2021-11-16 09:41:03 - [TEST_STEP][PASSED] - closeBrowser(): Invoke 'com.kms.katalon.core.annotation.AfterTestCase' method: 'Listener.sampleAfterTestSuite(...)' completed.

2021-11-16 09:41:03 - [MESSAGE][INFO] - Closing browser

2021-11-16 09:41:03 - [MESSAGE][PASSED] - Browser is closed

2021-11-16 09:41:03 - [MESSAGE][INFO] - Invoke 'com.kms.katalon.core.annotation.AfterTestCase' method: 'Listener.sampleAfterTestSuite(...)' completed.]]></system-out>
         <system-err><![CDATA[]]></system-err>
      </testcase>
      <testcase name="Test Cases/Case Repository/Ayarlar/Gorsel Tasarim/Tasarim Araclari/Guncelle" time="61.597" classname="Test Cases/Case Repository/Ayarlar/Gorsel Tasarim/Tasarim Araclari/Guncelle" status="PASSED">
         <system-out><![CDATA[2021-11-16 09:41:03 - [TEST_CASE][PASSED] - Test Cases/Case Repository/Ayarlar/Gorsel Tasarim/Tasarim Araclari/Guncelle: Test Cases/Case Repository/Ayarlar/Gorsel Tasarim/Tasarim Araclari/Guncelle

2021-11-16 09:41:03 - [TEST_STEP][PASSED] - Start listener action : sampleBeforeTestSuite: Invoke 'com.kms.katalon.core.annotation.BeforeTestCase' method: 'Listener.sampleBeforeTestSuite(...)' completed.

2021-11-16 09:41:03 - [MESSAGE][INFO] - Starting invoke 'com.kms.katalon.core.annotation.BeforeTestCase' method: 'Listener.sampleBeforeTestSuite(...)'

2021-11-16 09:41:03 - [TEST_STEP][PASSED] - openBrowser(baseUrl): Browser is opened with url: 'https://efatura-stage.elogo.com.tr/'

2021-11-16 09:41:03 - [MESSAGE][INFO] - Opening browser

2021-11-16 09:41:03 - [MESSAGE][INFO] - Starting 'Chrome' driver

2021-11-16 09:41:03 - [MESSAGE][INFO] - User set preference: ['prefs', '{download.default_directory=C:\otomasyondownfiles}']

2021-11-16 09:41:03 - [MESSAGE][INFO] - Action delay is set to 0 milliseconds

2021-11-16 09:41:05 - [MESSAGE][INFO] - Navigating browser to: 'https://efatura-stage.elogo.com.tr/'

2021-11-16 09:41:08 - [MESSAGE][PASSED] - Browser is opened with url: 'https://efatura-stage.elogo.com.tr/'

2021-11-16 09:41:08 - [TEST_STEP][PASSED] - maximizeWindow(): Invoke 'com.kms.katalon.core.annotation.BeforeTestCase' method: 'Listener.sampleBeforeTestSuite(...)' completed.

2021-11-16 09:41:08 - [MESSAGE][INFO] - Maximizing current window

2021-11-16 09:41:08 - [MESSAGE][PASSED] - Current window maximized

2021-11-16 09:41:08 - [MESSAGE][INFO] - Invoke 'com.kms.katalon.core.annotation.BeforeTestCase' method: 'Listener.sampleBeforeTestSuite(...)' completed.

2021-11-16 09:41:08 - [TEST_STEP][PASSED] - runFeatureFile("Include/features/Ayarlar/Gorsel Tasarimlar/Tasarim Araclari/Guncelle.feature"): Feature file: 'Include/features/Ayarlar/Gorsel Tasarimlar/Tasarim Araclari/Guncelle.feature' was passed

2021-11-16 09:41:08 - [MESSAGE][INFO] - Starting run keyword runFeatureFile: 'Include/features/Ayarlar/Gorsel Tasarimlar/Tasarim Araclari/Guncelle.feature' and extract report to folder: 'C:\Users\DELL\Documents\GitHub\EES_KatalonLogo\Reports\20211116_090026\Suite Repository\Ayarlar\20211116_090123/cucumber_report/1637044868933'...

2021-11-16 09:41:08 - [MESSAGE][INFO] - Glue: []

2021-11-16 09:41:10 - [MESSAGE][INFO] - Checking called Test Case

2021-11-16 09:41:10 - [MESSAGE][INFO] - Starting to call Test Case 'Test Cases/Sayfalar/Giris_Sayfasi/Login'

2021-11-16 09:41:10 - [TEST_CASE][PASSED] - Test Cases/Sayfalar/Giris_Sayfasi/Login: Test Cases/Sayfalar/Giris_Sayfasi/Login

2021-11-16 09:41:10 - [TEST_STEP][PASSED] - Sayfa_Basligi = getWindowTitle(): Current window's title is: 'LOGO e-Fatura'

2021-11-16 09:41:10 - [MESSAGE][INFO] - Getting current window's title

2021-11-16 09:41:10 - [MESSAGE][PASSED] - Current window's title is: 'LOGO e-Fatura'

2021-11-16 09:41:10 - [TEST_STEP][PASSED] - verifyMatch(Sayfa_Basligi, "LOGO e-Fatura", false): Actual text 'LOGO e-Fatura' and expected text 'LOGO e-Fatura' are matched 

2021-11-16 09:41:10 - [MESSAGE][INFO] - Matching actual text 'LOGO e-Fatura' with expected text 'LOGO e-Fatura'

2021-11-16 09:41:10 - [MESSAGE][PASSED] - Actual text 'LOGO e-Fatura' and expected text 'LOGO e-Fatura' are matched 

2021-11-16 09:41:10 - [TEST_STEP][PASSED] - sendKeys(findTestObject("Sayfalar/Giris_Sayfasi/Firma_Kodu"), KullaniciAdi): Keys 'ELOGO6' sent to object: 'Object Repository/Sayfalar/Giris_Sayfasi/Firma_Kodu'

2021-11-16 09:41:10 - [MESSAGE][INFO] - Finding Test Object 'Object Repository/Sayfalar/Giris_Sayfasi/Firma_Kodu'

2021-11-16 09:41:10 - [MESSAGE][INFO] - Sending keys 'ELOGO6' to object: 'Object Repository/Sayfalar/Giris_Sayfasi/Firma_Kodu'

2021-11-16 09:41:10 - [MESSAGE][INFO] - Finding web element from Test Object's properties

2021-11-16 09:41:10 - [MESSAGE][INFO] - Checking timeout

2021-11-16 09:41:10 - [MESSAGE][INFO] - Finding web element with id: 'Object Repository/Sayfalar/Giris_Sayfasi/Firma_Kodu' located by 'By.xpath: //*[@id = 'AccountName']' in '30' second(s)

2021-11-16 09:41:10 - [MESSAGE][INFO] - Smart Wait Function is triggered

2021-11-16 09:41:10 - [MESSAGE][INFO] - Found 1 web elements with id: 'Object Repository/Sayfalar/Giris_Sayfasi/Firma_Kodu' located by 'By.xpath: //*[@id = 'AccountName']' in '30' second(s)

2021-11-16 09:41:10 - [MESSAGE][PASSED] - Keys 'ELOGO6' sent to object: 'Object Repository/Sayfalar/Giris_Sayfasi/Firma_Kodu'

2021-11-16 09:41:10 - [TEST_STEP][PASSED] - sendKeys(findTestObject("Sayfalar/Giris_Sayfasi/Sifre"), Sifre): Keys '123456' sent to object: 'Object Repository/Sayfalar/Giris_Sayfasi/Sifre'

2021-11-16 09:41:10 - [MESSAGE][INFO] - Finding Test Object 'Object Repository/Sayfalar/Giris_Sayfasi/Sifre'

2021-11-16 09:41:10 - [MESSAGE][INFO] - Sending keys '123456' to object: 'Object Repository/Sayfalar/Giris_Sayfasi/Sifre'

2021-11-16 09:41:10 - [MESSAGE][INFO] - Finding web element from Test Object's properties

2021-11-16 09:41:10 - [MESSAGE][INFO] - Checking timeout

2021-11-16 09:41:10 - [MESSAGE][INFO] - Finding web element with id: 'Object Repository/Sayfalar/Giris_Sayfasi/Sifre' located by 'By.xpath: //*[@id = 'Password']' in '30' second(s)

2021-11-16 09:41:10 - [MESSAGE][INFO] - Smart Wait Function is triggered

2021-11-16 09:41:11 - [MESSAGE][INFO] - Found 1 web elements with id: 'Object Repository/Sayfalar/Giris_Sayfasi/Sifre' located by 'By.xpath: //*[@id = 'Password']' in '30' second(s)

2021-11-16 09:41:11 - [MESSAGE][PASSED] - Keys '123456' sent to object: 'Object Repository/Sayfalar/Giris_Sayfasi/Sifre'

2021-11-16 09:41:11 - [TEST_STEP][PASSED] - findWebElement(findTestObject("Sayfalar/Giris_Sayfasi/Giris_Butonu")).click(): Found 1 web elements with id: 'Object Repository/Sayfalar/Giris_Sayfasi/Giris_Butonu' located by 'By.cssSelector: #btnLogin' in '30' second(s)

2021-11-16 09:41:11 - [MESSAGE][INFO] - Finding Test Object 'Object Repository/Sayfalar/Giris_Sayfasi/Giris_Butonu'

2021-11-16 09:41:11 - [MESSAGE][INFO] - Finding web element from Test Object's properties

2021-11-16 09:41:11 - [MESSAGE][INFO] - Checking timeout

2021-11-16 09:41:11 - [MESSAGE][INFO] - Finding web element with id: 'Object Repository/Sayfalar/Giris_Sayfasi/Giris_Butonu' located by 'By.cssSelector: #btnLogin' in '30' second(s)

2021-11-16 09:41:11 - [MESSAGE][INFO] - Smart Wait Function is triggered

2021-11-16 09:41:11 - [MESSAGE][INFO] - Found 1 web elements with id: 'Object Repository/Sayfalar/Giris_Sayfasi/Giris_Butonu' located by 'By.cssSelector: #btnLogin' in '30' second(s)

2021-11-16 09:41:14 - [TEST_STEP][PASSED] - if (verifyElementPresent(findTestObject("Object Repository/Sayfalar/Giris_Sayfasi/RetveTamam_Butonu"), 5, OPTIONAL)): null

2021-11-16 09:41:14 - [MESSAGE][INFO] - Finding Test Object 'Object Repository/Sayfalar/Giris_Sayfasi/RetveTamam_Butonu'

2021-11-16 09:41:14 - [MESSAGE][INFO] - Checking object

2021-11-16 09:41:14 - [MESSAGE][INFO] - Finding web element from Test Object's properties

2021-11-16 09:41:14 - [MESSAGE][INFO] - Checking timeout

2021-11-16 09:41:14 - [MESSAGE][INFO] - Finding web element with id: 'Object Repository/Sayfalar/Giris_Sayfasi/RetveTamam_Butonu' located by 'By.xpath: //*[@class = 'btn btn-default']' in '5' second(s)

2021-11-16 09:41:14 - [MESSAGE][INFO] - Smart Wait Function is triggered

2021-11-16 09:41:15 - [MESSAGE][INFO] - Found 1 web elements with id: 'Object Repository/Sayfalar/Giris_Sayfasi/RetveTamam_Butonu' located by 'By.xpath: //*[@class = 'btn btn-default']' in '5' second(s)

2021-11-16 09:41:15 - [MESSAGE][PASSED] - Object 'Object Repository/Sayfalar/Giris_Sayfasi/RetveTamam_Butonu' is present

2021-11-16 09:41:15 - [TEST_STEP][PASSED] - click(findTestObject("Object Repository/Sayfalar/Giris_Sayfasi/RetveTamam_Butonu")): Object: 'Object Repository/Sayfalar/Giris_Sayfasi/RetveTamam_Butonu' is clicked on

2021-11-16 09:41:15 - [MESSAGE][INFO] - Finding Test Object 'Object Repository/Sayfalar/Giris_Sayfasi/RetveTamam_Butonu'

2021-11-16 09:41:15 - [MESSAGE][INFO] - Checking object

2021-11-16 09:41:15 - [MESSAGE][INFO] - Finding web element from Test Object's properties

2021-11-16 09:41:15 - [MESSAGE][INFO] - Checking timeout

2021-11-16 09:41:15 - [MESSAGE][INFO] - Finding web element with id: 'Object Repository/Sayfalar/Giris_Sayfasi/RetveTamam_Butonu' located by 'By.xpath: //*[@class = 'btn btn-default']' in '30' second(s)

2021-11-16 09:41:15 - [MESSAGE][INFO] - Smart Wait Function is triggered

2021-11-16 09:41:15 - [MESSAGE][INFO] - Found 1 web elements with id: 'Object Repository/Sayfalar/Giris_Sayfasi/RetveTamam_Butonu' located by 'By.xpath: //*[@class = 'btn btn-default']' in '30' second(s)

2021-11-16 09:41:15 - [MESSAGE][INFO] - Clicking on object: 'Object Repository/Sayfalar/Giris_Sayfasi/RetveTamam_Butonu'

2021-11-16 09:41:15 - [MESSAGE][PASSED] - Object: 'Object Repository/Sayfalar/Giris_Sayfasi/RetveTamam_Butonu' is clicked on

2021-11-16 09:41:15 - [TEST_STEP][PASSED] - click(findTestObject("Object Repository/Sayfalar/Giris_Sayfasi/RetveTamam_Butonu")): Object: 'Object Repository/Sayfalar/Giris_Sayfasi/RetveTamam_Butonu' is clicked on

2021-11-16 09:41:15 - [MESSAGE][INFO] - Finding Test Object 'Object Repository/Sayfalar/Giris_Sayfasi/RetveTamam_Butonu'

2021-11-16 09:41:15 - [MESSAGE][INFO] - Checking object

2021-11-16 09:41:15 - [MESSAGE][INFO] - Finding web element from Test Object's properties

2021-11-16 09:41:15 - [MESSAGE][INFO] - Checking timeout

2021-11-16 09:41:15 - [MESSAGE][INFO] - Finding web element with id: 'Object Repository/Sayfalar/Giris_Sayfasi/RetveTamam_Butonu' located by 'By.xpath: //*[@class = 'btn btn-default']' in '30' second(s)

2021-11-16 09:41:15 - [MESSAGE][INFO] - Smart Wait Function is triggered

2021-11-16 09:41:18 - [MESSAGE][INFO] - Found 1 web elements with id: 'Object Repository/Sayfalar/Giris_Sayfasi/RetveTamam_Butonu' located by 'By.xpath: //*[@class = 'btn btn-default']' in '30' second(s)

2021-11-16 09:41:18 - [MESSAGE][INFO] - Clicking on object: 'Object Repository/Sayfalar/Giris_Sayfasi/RetveTamam_Butonu'

2021-11-16 09:41:18 - [MESSAGE][PASSED] - Object: 'Object Repository/Sayfalar/Giris_Sayfasi/RetveTamam_Butonu' is clicked on

2021-11-16 09:41:18 - [TEST_STEP][PASSED] - if (verifyElementPresent(findTestObject("Sayfalar/Giris_Sayfasi/PopupOK"), 5, OPTIONAL)): null

2021-11-16 09:41:18 - [MESSAGE][INFO] - Finding Test Object 'Object Repository/Sayfalar/Giris_Sayfasi/PopupOK'

2021-11-16 09:41:18 - [MESSAGE][INFO] - Checking object

2021-11-16 09:41:18 - [MESSAGE][INFO] - Finding web element from Test Object's properties

2021-11-16 09:41:18 - [MESSAGE][INFO] - Checking timeout

2021-11-16 09:41:18 - [MESSAGE][INFO] - Finding web element with id: 'Object Repository/Sayfalar/Giris_Sayfasi/PopupOK' located by 'By.cssSelector: .btn.btn-success' in '5' second(s)

2021-11-16 09:41:18 - [MESSAGE][INFO] - Smart Wait Function is triggered

2021-11-16 09:41:19 - [MESSAGE][INFO] - Found 1 web elements with id: 'Object Repository/Sayfalar/Giris_Sayfasi/PopupOK' located by 'By.cssSelector: .btn.btn-success' in '5' second(s)

2021-11-16 09:41:19 - [MESSAGE][PASSED] - Object 'Object Repository/Sayfalar/Giris_Sayfasi/PopupOK' is present

2021-11-16 09:41:19 - [TEST_STEP][PASSED] - click(findTestObject("Object Repository/Sayfalar/Giris_Sayfasi/PopupCarpiGiris")): Object: 'Object Repository/Sayfalar/Giris_Sayfasi/PopupCarpiGiris' is clicked on

2021-11-16 09:41:19 - [MESSAGE][INFO] - Finding Test Object 'Object Repository/Sayfalar/Giris_Sayfasi/PopupCarpiGiris'

2021-11-16 09:41:19 - [MESSAGE][INFO] - Checking object

2021-11-16 09:41:19 - [MESSAGE][INFO] - Finding web element from Test Object's properties

2021-11-16 09:41:19 - [MESSAGE][INFO] - Checking timeout

2021-11-16 09:41:19 - [MESSAGE][INFO] - Finding web element with id: 'Object Repository/Sayfalar/Giris_Sayfasi/PopupCarpiGiris' located by 'By.cssSelector: .bootbox-close-button.close' in '30' second(s)

2021-11-16 09:41:19 - [MESSAGE][INFO] - Smart Wait Function is triggered

2021-11-16 09:41:19 - [MESSAGE][INFO] - Found 1 web elements with id: 'Object Repository/Sayfalar/Giris_Sayfasi/PopupCarpiGiris' located by 'By.cssSelector: .bootbox-close-button.close' in '30' second(s)

2021-11-16 09:41:19 - [MESSAGE][INFO] - Clicking on object: 'Object Repository/Sayfalar/Giris_Sayfasi/PopupCarpiGiris'

2021-11-16 09:41:19 - [MESSAGE][PASSED] - Object: 'Object Repository/Sayfalar/Giris_Sayfasi/PopupCarpiGiris' is clicked on

2021-11-16 09:41:19 - [TEST_STEP][PASSED] - verifyElementVisible(findTestObject("Object Repository/Kullanici_Islemleri/KullaniciIslemleri")): Object 'Object Repository/Kullanici_Islemleri/KullaniciIslemleri' is visible

2021-11-16 09:41:19 - [MESSAGE][INFO] - Finding Test Object 'Object Repository/Kullanici_Islemleri/KullaniciIslemleri'

2021-11-16 09:41:20 - [MESSAGE][INFO] - Checking object

2021-11-16 09:41:20 - [MESSAGE][INFO] - Finding web element from Test Object's properties

2021-11-16 09:41:20 - [MESSAGE][INFO] - Checking timeout

2021-11-16 09:41:20 - [MESSAGE][INFO] - Finding web element with id: 'Object Repository/Kullanici_Islemleri/KullaniciIslemleri' located by 'By.cssSelector: .dropdown>a>img' in '30' second(s)

2021-11-16 09:41:20 - [MESSAGE][INFO] - Smart Wait Function is triggered

2021-11-16 09:41:20 - [MESSAGE][INFO] - Found 1 web elements with id: 'Object Repository/Kullanici_Islemleri/KullaniciIslemleri' located by 'By.cssSelector: .dropdown>a>img' in '30' second(s)

2021-11-16 09:41:20 - [MESSAGE][PASSED] - Object 'Object Repository/Kullanici_Islemleri/KullaniciIslemleri' is visible

2021-11-16 09:41:20 - [MESSAGE][PASSED] - Call Test Case 'Test Cases/Sayfalar/Giris_Sayfasi/Login' successfully

2021-11-16 09:41:20 - [MESSAGE][INFO] - Checking called Test Case

2021-11-16 09:41:20 - [MESSAGE][INFO] - Starting to call Test Case 'Test Cases/Menu/AnaMenuSecimi'

2021-11-16 09:41:20 - [TEST_CASE][PASSED] - Test Cases/Menu/AnaMenuSecimi: Test Cases/Menu/AnaMenuSecimi

2021-11-16 09:41:20 - [TEST_STEP][PASSED] - Method.TextDegerineEsitElementeTikla(findTestObject("Menu/Ana_Menu"), Ana_Menu): Method.TextDegerineEsitElementeTikla is PASSED

2021-11-16 09:41:20 - [MESSAGE][INFO] - Finding Test Object 'Object Repository/Menu/Ana_Menu'

2021-11-16 09:41:20 - [MESSAGE][INFO] - Checking timeout

2021-11-16 09:41:20 - [MESSAGE][INFO] - Finding web element with id: 'Object Repository/Menu/Ana_Menu' located by 'By.xpath: //*[@class = 'dropdown-toggle']' in '10' second(s)

2021-11-16 09:41:20 - [MESSAGE][INFO] - Smart Wait Function is triggered

2021-11-16 09:41:21 - [MESSAGE][INFO] - Found 14 web elements with id: 'Object Repository/Menu/Ana_Menu' located by 'By.xpath: //*[@class = 'dropdown-toggle']' in '10' second(s)

2021-11-16 09:41:21 - [MESSAGE][PASSED] - Method.TextDegerineEsitElementeTikla is PASSED

2021-11-16 09:41:21 - [MESSAGE][PASSED] - Call Test Case 'Test Cases/Menu/AnaMenuSecimi' successfully

2021-11-16 09:41:21 - [MESSAGE][INFO] - Checking called Test Case

2021-11-16 09:41:21 - [MESSAGE][INFO] - Starting to call Test Case 'Test Cases/Menu/BasligaGoreAltMenuSecimi'

2021-11-16 09:41:21 - [TEST_CASE][PASSED] - Test Cases/Menu/BasligaGoreAltMenuSecimi: Test Cases/Menu/BasligaGoreAltMenuSecimi

2021-11-16 09:41:21 - [TEST_STEP][PASSED] - Method.TextDegerineEsitElementinAltindakiTextDegerineEsitOlanaTikla(findTestObject("Menu/Menu_Basligi"), findTestObject("Menu/Basliga_Gore_Alt_Menu"), Baslik, Alt_Menu): Method.TextDegerineEsitElementinAltindakiTextDegerineEsitOlanaTikla is PASSED

2021-11-16 09:41:21 - [MESSAGE][INFO] - Finding Test Object 'Object Repository/Menu/Menu_Basligi'

2021-11-16 09:41:21 - [MESSAGE][INFO] - Finding Test Object 'Object Repository/Menu/Basliga_Gore_Alt_Menu'

2021-11-16 09:41:21 - [MESSAGE][INFO] - Checking timeout

2021-11-16 09:41:21 - [MESSAGE][INFO] - Finding web element with id: 'Object Repository/Menu/Menu_Basligi' located by 'By.xpath: //li[@class='dropdown dropdown-large open']//li[@class='dropdown-header']' in '10' second(s)

2021-11-16 09:41:21 - [MESSAGE][INFO] - Smart Wait Function is triggered

2021-11-16 09:41:22 - [MESSAGE][INFO] - Found 2 web elements with id: 'Object Repository/Menu/Menu_Basligi' located by 'By.xpath: //li[@class='dropdown dropdown-large open']//li[@class='dropdown-header']' in '10' second(s)

2021-11-16 09:41:22 - [MESSAGE][INFO] - Smart Wait Function is triggered

2021-11-16 09:41:31 - [MESSAGE][PASSED] - Method.TextDegerineEsitElementinAltindakiTextDegerineEsitOlanaTikla is PASSED

2021-11-16 09:41:31 - [MESSAGE][PASSED] - Call Test Case 'Test Cases/Menu/BasligaGoreAltMenuSecimi' successfully

2021-11-16 09:41:31 - [MESSAGE][INFO] - Checking called Test Case

2021-11-16 09:41:31 - [MESSAGE][INFO] - Starting to call Test Case 'Test Cases/Filtreler/BaslangicYaz'

2021-11-16 09:41:31 - [TEST_CASE][PASSED] - Test Cases/Filtreler/BaslangicYaz: Test Cases/Filtreler/BaslangicYaz

2021-11-16 09:41:32 - [TEST_STEP][PASSED] - Method.TextDegerineEsitElementinAltindakineTikla(findTestObject("Filtreler/Basliklar"), findTestObject("Filtreler/Basliga_Gore_Baslangic_Image"), Filtre_Adi): Method.TextDegerineEsitElementinAltindakineTikla is PASSED

2021-11-16 09:41:32 - [MESSAGE][INFO] - Finding Test Object 'Object Repository/Filtreler/Basliklar'

2021-11-16 09:41:32 - [MESSAGE][INFO] - Finding Test Object 'Object Repository/Filtreler/Basliga_Gore_Baslangic_Image'

2021-11-16 09:41:32 - [MESSAGE][INFO] - Checking timeout

2021-11-16 09:41:32 - [MESSAGE][INFO] - Finding web element with id: 'Object Repository/Filtreler/Basliklar' located by 'By.cssSelector: .control-label.col-sm-4.paddingMarginRLC' in '10' second(s)

2021-11-16 09:41:32 - [MESSAGE][INFO] - Smart Wait Function is triggered

2021-11-16 09:41:32 - [MESSAGE][INFO] - Found 7 web elements with id: 'Object Repository/Filtreler/Basliklar' located by 'By.cssSelector: .control-label.col-sm-4.paddingMarginRLC' in '10' second(s)

2021-11-16 09:41:32 - [MESSAGE][INFO] - Smart Wait Function is triggered

2021-11-16 09:41:33 - [MESSAGE][PASSED] - Method.TextDegerineEsitElementinAltindakineTikla is PASSED

2021-11-16 09:41:33 - [TEST_STEP][PASSED] - Method.TextDegerineEsitElementinAltindakiTextboxtaYaz(findTestObject("Filtreler/Basliklar"), findTestObject("Filtreler/Basliga_Gore_Baslangic"), Filtre_Adi, Filtre_Degeri): Method.TextDegerineEsitElementinAltindakiTextboxtaYaz is PASSED

2021-11-16 09:41:33 - [MESSAGE][INFO] - Finding Test Object 'Object Repository/Filtreler/Basliklar'

2021-11-16 09:41:33 - [MESSAGE][INFO] - Finding Test Object 'Object Repository/Filtreler/Basliga_Gore_Baslangic'

2021-11-16 09:41:33 - [MESSAGE][INFO] - Checking timeout

2021-11-16 09:41:33 - [MESSAGE][INFO] - Finding web element with id: 'Object Repository/Filtreler/Basliklar' located by 'By.cssSelector: .control-label.col-sm-4.paddingMarginRLC' in '10' second(s)

2021-11-16 09:41:33 - [MESSAGE][INFO] - Smart Wait Function is triggered

2021-11-16 09:41:33 - [MESSAGE][INFO] - Found 7 web elements with id: 'Object Repository/Filtreler/Basliklar' located by 'By.cssSelector: .control-label.col-sm-4.paddingMarginRLC' in '10' second(s)

2021-11-16 09:41:33 - [MESSAGE][INFO] - Smart Wait Function is triggered

2021-11-16 09:41:34 - [MESSAGE][PASSED] - Method.TextDegerineEsitElementinAltindakiTextboxtaYaz is PASSED

2021-11-16 09:41:34 - [MESSAGE][PASSED] - Call Test Case 'Test Cases/Filtreler/BaslangicYaz' successfully

2021-11-16 09:41:34 - [MESSAGE][INFO] - Checking called Test Case

2021-11-16 09:41:34 - [MESSAGE][INFO] - Starting to call Test Case 'Test Cases/Filtreler/BitisYaz'

2021-11-16 09:41:34 - [TEST_CASE][PASSED] - Test Cases/Filtreler/BitisYaz: Test Cases/Filtreler/BitisYaz

2021-11-16 09:41:35 - [TEST_STEP][PASSED] - Method.TextDegerineEsitElementinAltindakineTikla(findTestObject("Filtreler/Basliklar"), findTestObject("Filtreler/Basliga_Gore_Bitis_Image"), Filtre_Adi): Method.TextDegerineEsitElementinAltindakineTikla is PASSED

2021-11-16 09:41:35 - [MESSAGE][INFO] - Finding Test Object 'Object Repository/Filtreler/Basliklar'

2021-11-16 09:41:35 - [MESSAGE][INFO] - Finding Test Object 'Object Repository/Filtreler/Basliga_Gore_Bitis_Image'

2021-11-16 09:41:35 - [MESSAGE][INFO] - Checking timeout

2021-11-16 09:41:35 - [MESSAGE][INFO] - Finding web element with id: 'Object Repository/Filtreler/Basliklar' located by 'By.cssSelector: .control-label.col-sm-4.paddingMarginRLC' in '10' second(s)

2021-11-16 09:41:35 - [MESSAGE][INFO] - Smart Wait Function is triggered

2021-11-16 09:41:35 - [MESSAGE][INFO] - Found 7 web elements with id: 'Object Repository/Filtreler/Basliklar' located by 'By.cssSelector: .control-label.col-sm-4.paddingMarginRLC' in '10' second(s)

2021-11-16 09:41:35 - [MESSAGE][INFO] - Smart Wait Function is triggered

2021-11-16 09:41:36 - [MESSAGE][PASSED] - Method.TextDegerineEsitElementinAltindakineTikla is PASSED

2021-11-16 09:41:36 - [TEST_STEP][PASSED] - Method.TextDegerineEsitElementinAltindakiTextboxtaYaz(findTestObject("Filtreler/Basliklar"), findTestObject("Object Repository/Filtreler/Basliga_Gore_Bitis"), Filtre_Adi, Filtre_Degeri): Method.TextDegerineEsitElementinAltindakiTextboxtaYaz is PASSED

2021-11-16 09:41:36 - [MESSAGE][INFO] - Finding Test Object 'Object Repository/Filtreler/Basliklar'

2021-11-16 09:41:36 - [MESSAGE][INFO] - Finding Test Object 'Object Repository/Filtreler/Basliga_Gore_Bitis'

2021-11-16 09:41:36 - [MESSAGE][INFO] - Checking timeout

2021-11-16 09:41:36 - [MESSAGE][INFO] - Finding web element with id: 'Object Repository/Filtreler/Basliklar' located by 'By.cssSelector: .control-label.col-sm-4.paddingMarginRLC' in '10' second(s)

2021-11-16 09:41:36 - [MESSAGE][INFO] - Smart Wait Function is triggered

2021-11-16 09:41:36 - [MESSAGE][INFO] - Found 7 web elements with id: 'Object Repository/Filtreler/Basliklar' located by 'By.cssSelector: .control-label.col-sm-4.paddingMarginRLC' in '10' second(s)

2021-11-16 09:41:36 - [MESSAGE][INFO] - Smart Wait Function is triggered

2021-11-16 09:41:37 - [MESSAGE][PASSED] - Method.TextDegerineEsitElementinAltindakiTextboxtaYaz is PASSED

2021-11-16 09:41:37 - [MESSAGE][PASSED] - Call Test Case 'Test Cases/Filtreler/BitisYaz' successfully

2021-11-16 09:41:37 - [MESSAGE][INFO] - Checking called Test Case

2021-11-16 09:41:37 - [MESSAGE][INFO] - Starting to call Test Case 'Test Cases/Filtreler/ButonaTikla'

2021-11-16 09:41:37 - [TEST_CASE][PASSED] - Test Cases/Filtreler/ButonaTikla: Test Cases/Filtreler/ButonaTikla

2021-11-16 09:41:37 - [TEST_STEP][PASSED] - Method.TextDegerineEsitElementeTikla(findTestObject("Filtreler/Butonlar"), Filtre_Buton): Method.TextDegerineEsitElementeTikla is PASSED

2021-11-16 09:41:37 - [MESSAGE][INFO] - Finding Test Object 'Object Repository/Filtreler/Butonlar'

2021-11-16 09:41:37 - [MESSAGE][INFO] - Checking timeout

2021-11-16 09:41:37 - [MESSAGE][INFO] - Finding web element with id: 'Object Repository/Filtreler/Butonlar' located by 'By.cssSelector: .dxb>span' in '10' second(s)

2021-11-16 09:41:37 - [MESSAGE][INFO] - Smart Wait Function is triggered

2021-11-16 09:41:37 - [MESSAGE][INFO] - Found 2 web elements with id: 'Object Repository/Filtreler/Butonlar' located by 'By.cssSelector: .dxb>span' in '10' second(s)

2021-11-16 09:41:38 - [MESSAGE][PASSED] - Method.TextDegerineEsitElementeTikla is PASSED

2021-11-16 09:41:38 - [MESSAGE][PASSED] - Call Test Case 'Test Cases/Filtreler/ButonaTikla' successfully

2021-11-16 09:41:38 - [MESSAGE][INFO] - Checking called Test Case

2021-11-16 09:41:38 - [MESSAGE][INFO] - Starting to call Test Case 'Test Cases/Tablo/TablodaVeriVarMi'

2021-11-16 09:41:38 - [TEST_CASE][PASSED] - Test Cases/Tablo/TablodaVeriVarMi: Test Cases/Tablo/TablodaVeriVarMi

2021-11-16 09:41:38 - [TEST_STEP][PASSED] - verifyTextNotPresent("Görüntülenecek veri yok", true): Text 'Görüntülenecek veri yok' is not present on page using regular expression

2021-11-16 09:41:38 - [MESSAGE][INFO] - Checking text present  using regular expression

2021-11-16 09:41:38 - [MESSAGE][INFO] - Smart Wait Function is triggered

2021-11-16 09:41:39 - [MESSAGE][INFO] - Finding text 'Görüntülenecek veri yok' on page  using regular expression

2021-11-16 09:41:39 - [MESSAGE][PASSED] - Text 'Görüntülenecek veri yok' is not present on page using regular expression

2021-11-16 09:41:39 - [MESSAGE][PASSED] - Call Test Case 'Test Cases/Tablo/TablodaVeriVarMi' successfully

2021-11-16 09:41:39 - [MESSAGE][INFO] - Checking called Test Case

2021-11-16 09:41:39 - [MESSAGE][INFO] - Starting to call Test Case 'Test Cases/Tablo/TablodanVeriyeTiklanir'

2021-11-16 09:41:39 - [TEST_CASE][PASSED] - Test Cases/Tablo/TablodanVeriyeTiklanir: Test Cases/Tablo/TablodanVeriyeTiklanir

2021-11-16 09:41:40 - [TEST_STEP][PASSED] - Method.TextDegerineEsitElementeTikla(findTestObject("Tablo/Veriler"), VeriAdi): Method.TextDegerineEsitElementeTikla is PASSED

2021-11-16 09:41:40 - [MESSAGE][INFO] - Finding Test Object 'Object Repository/Tablo/Veriler'

2021-11-16 09:41:40 - [MESSAGE][INFO] - Checking timeout

2021-11-16 09:41:40 - [MESSAGE][INFO] - Finding web element with id: 'Object Repository/Tablo/Veriler' located by 'By.cssSelector: td.dxgv b ,td.dxgv' in '10' second(s)

2021-11-16 09:41:40 - [MESSAGE][INFO] - Smart Wait Function is triggered

2021-11-16 09:41:40 - [MESSAGE][INFO] - Found 8 web elements with id: 'Object Repository/Tablo/Veriler' located by 'By.cssSelector: td.dxgv b ,td.dxgv' in '10' second(s)

2021-11-16 09:41:40 - [MESSAGE][PASSED] - Method.TextDegerineEsitElementeTikla is PASSED

2021-11-16 09:41:40 - [MESSAGE][PASSED] - Call Test Case 'Test Cases/Tablo/TablodanVeriyeTiklanir' successfully

2021-11-16 09:41:40 - [MESSAGE][INFO] - Checking called Test Case

2021-11-16 09:41:40 - [MESSAGE][INFO] - Starting to call Test Case 'Test Cases/Butonlar/ButonaTikla'

2021-11-16 09:41:40 - [TEST_CASE][PASSED] - Test Cases/Butonlar/ButonaTikla: Test Cases/Butonlar/ButonaTikla

2021-11-16 09:41:40 - [TEST_STEP][PASSED] - Method.TextDegerineEsitElementeTiklaEquals(findTestObject("Butonlar/Butonlar"), Buton_Adi): Method.TextDegerineEsitElementeTiklaEquals is PASSED

2021-11-16 09:41:40 - [MESSAGE][INFO] - Finding Test Object 'Object Repository/Butonlar/Butonlar'

2021-11-16 09:41:41 - [MESSAGE][INFO] - Checking timeout

2021-11-16 09:41:41 - [MESSAGE][INFO] - Finding web element with id: 'Object Repository/Butonlar/Butonlar' located by 'By.cssSelector: .panel.panel-default.text-center.footerPanel .btn,.btn.btn-primary.btnControls' in '10' second(s)

2021-11-16 09:41:41 - [MESSAGE][INFO] - Smart Wait Function is triggered

2021-11-16 09:41:41 - [MESSAGE][INFO] - Found 7 web elements with id: 'Object Repository/Butonlar/Butonlar' located by 'By.cssSelector: .panel.panel-default.text-center.footerPanel .btn,.btn.btn-primary.btnControls' in '10' second(s)

2021-11-16 09:41:41 - [MESSAGE][PASSED] - Method.TextDegerineEsitElementeTiklaEquals is PASSED

2021-11-16 09:41:41 - [MESSAGE][PASSED] - Call Test Case 'Test Cases/Butonlar/ButonaTikla' successfully

2021-11-16 09:41:41 - [MESSAGE][INFO] - Checking called Test Case

2021-11-16 09:41:41 - [MESSAGE][INFO] - Starting to call Test Case 'Test Cases/Sayfalar/Ayarlar/Ayarlarim/AyarlarimBasliklarVarMi'

2021-11-16 09:41:41 - [TEST_CASE][PASSED] - Test Cases/Sayfalar/Ayarlar/Ayarlarim/AyarlarimBasliklarVarMi: Test Cases/Sayfalar/Ayarlar/Ayarlarim/AyarlarimBasliklarVarMi

2021-11-16 09:41:42 - [TEST_STEP][PASSED] - Method.TextDegerineEsitElementVarMi(findTestObject("Object Repository/Sayfalar/Ayarlar/Ayarlarim/AyarlarBasliklar"), Baslik): Method.TextDegerineEsitElementVarMi is PASSED

2021-11-16 09:41:42 - [MESSAGE][INFO] - Finding Test Object 'Object Repository/Sayfalar/Ayarlar/Ayarlarim/AyarlarBasliklar'

2021-11-16 09:41:42 - [MESSAGE][INFO] - Checking timeout

2021-11-16 09:41:42 - [MESSAGE][INFO] - Finding web element with id: 'Object Repository/Sayfalar/Ayarlar/Ayarlarim/AyarlarBasliklar' located by 'By.cssSelector: .dxnb-header>span' in '10' second(s)

2021-11-16 09:41:42 - [MESSAGE][INFO] - Smart Wait Function is triggered

2021-11-16 09:41:45 - [MESSAGE][INFO] - Found 5 web elements with id: 'Object Repository/Sayfalar/Ayarlar/Ayarlarim/AyarlarBasliklar' located by 'By.cssSelector: .dxnb-header>span' in '10' second(s)

2021-11-16 09:41:45 - [MESSAGE][PASSED] - Method.TextDegerineEsitElementVarMi is PASSED

2021-11-16 09:41:45 - [MESSAGE][PASSED] - Call Test Case 'Test Cases/Sayfalar/Ayarlar/Ayarlarim/AyarlarimBasliklarVarMi' successfully

2021-11-16 09:41:45 - [MESSAGE][INFO] - Checking called Test Case

2021-11-16 09:41:45 - [MESSAGE][INFO] - Starting to call Test Case 'Test Cases/Sayfalar/Ayarlar/Gorsel_Tasarim/GorselTasarimAciklamasiGirilir'

2021-11-16 09:41:45 - [TEST_CASE][PASSED] - Test Cases/Sayfalar/Ayarlar/Gorsel_Tasarim/GorselTasarimAciklamasiGirilir: Test Cases/Sayfalar/Ayarlar/Gorsel_Tasarim/GorselTasarimAciklamasiGirilir

2021-11-16 09:41:46 - [TEST_STEP][PASSED] - waitForElementPresent(findTestObject("Object Repository/Sayfalar/Ayarlar/Gorsel_Tasarim/GorselTasarimAciklamasi"), 10): Object 'Object Repository/Sayfalar/Ayarlar/Gorsel_Tasarim/GorselTasarimAciklamasi' is present

2021-11-16 09:41:46 - [MESSAGE][INFO] - Finding Test Object 'Object Repository/Sayfalar/Ayarlar/Gorsel_Tasarim/GorselTasarimAciklamasi'

2021-11-16 09:41:46 - [MESSAGE][INFO] - Checking object

2021-11-16 09:41:46 - [MESSAGE][INFO] - Finding web element from Test Object's properties

2021-11-16 09:41:46 - [MESSAGE][INFO] - Checking timeout

2021-11-16 09:41:46 - [MESSAGE][INFO] - Finding web element with id: 'Object Repository/Sayfalar/Ayarlar/Gorsel_Tasarim/GorselTasarimAciklamasi' located by 'By.xpath: //*[@id = 'Description_I']' in '10' second(s)

2021-11-16 09:41:46 - [MESSAGE][INFO] - Smart Wait Function is triggered

2021-11-16 09:41:46 - [MESSAGE][INFO] - Found 1 web elements with id: 'Object Repository/Sayfalar/Ayarlar/Gorsel_Tasarim/GorselTasarimAciklamasi' located by 'By.xpath: //*[@id = 'Description_I']' in '10' second(s)

2021-11-16 09:41:46 - [MESSAGE][PASSED] - Object 'Object Repository/Sayfalar/Ayarlar/Gorsel_Tasarim/GorselTasarimAciklamasi' is present

2021-11-16 09:41:46 - [TEST_STEP][PASSED] - clearText(findTestObject("Object Repository/Sayfalar/Ayarlar/Gorsel_Tasarim/GorselTasarimAciklamasi")): Text of object 'Object Repository/Sayfalar/Ayarlar/Gorsel_Tasarim/GorselTasarimAciklamasi' is cleared

2021-11-16 09:41:46 - [MESSAGE][INFO] - Finding Test Object 'Object Repository/Sayfalar/Ayarlar/Gorsel_Tasarim/GorselTasarimAciklamasi'

2021-11-16 09:41:46 - [MESSAGE][INFO] - Checking object

2021-11-16 09:41:46 - [MESSAGE][INFO] - Finding web element from Test Object's properties

2021-11-16 09:41:46 - [MESSAGE][INFO] - Checking timeout

2021-11-16 09:41:46 - [MESSAGE][INFO] - Finding web element with id: 'Object Repository/Sayfalar/Ayarlar/Gorsel_Tasarim/GorselTasarimAciklamasi' located by 'By.xpath: //*[@id = 'Description_I']' in '30' second(s)

2021-11-16 09:41:46 - [MESSAGE][INFO] - Smart Wait Function is triggered

2021-11-16 09:41:46 - [MESSAGE][INFO] - Found 1 web elements with id: 'Object Repository/Sayfalar/Ayarlar/Gorsel_Tasarim/GorselTasarimAciklamasi' located by 'By.xpath: //*[@id = 'Description_I']' in '30' second(s)

2021-11-16 09:41:46 - [MESSAGE][INFO] - Clearing text of object 'Object Repository/Sayfalar/Ayarlar/Gorsel_Tasarim/GorselTasarimAciklamasi'

2021-11-16 09:41:46 - [MESSAGE][PASSED] - Text of object 'Object Repository/Sayfalar/Ayarlar/Gorsel_Tasarim/GorselTasarimAciklamasi' is cleared

2021-11-16 09:41:46 - [TEST_STEP][PASSED] - sendKeys(findTestObject("Object Repository/Sayfalar/Ayarlar/Gorsel_Tasarim/GorselTasarimAciklamasi"), Aciklama): Keys 'VirgosolOtomasyon' sent to object: 'Object Repository/Sayfalar/Ayarlar/Gorsel_Tasarim/GorselTasarimAciklamasi'

2021-11-16 09:41:46 - [MESSAGE][INFO] - Finding Test Object 'Object Repository/Sayfalar/Ayarlar/Gorsel_Tasarim/GorselTasarimAciklamasi'

2021-11-16 09:41:47 - [MESSAGE][INFO] - Sending keys 'VirgosolOtomasyon' to object: 'Object Repository/Sayfalar/Ayarlar/Gorsel_Tasarim/GorselTasarimAciklamasi'

2021-11-16 09:41:47 - [MESSAGE][INFO] - Finding web element from Test Object's properties

2021-11-16 09:41:47 - [MESSAGE][INFO] - Checking timeout

2021-11-16 09:41:47 - [MESSAGE][INFO] - Finding web element with id: 'Object Repository/Sayfalar/Ayarlar/Gorsel_Tasarim/GorselTasarimAciklamasi' located by 'By.xpath: //*[@id = 'Description_I']' in '30' second(s)

2021-11-16 09:41:47 - [MESSAGE][INFO] - Smart Wait Function is triggered

2021-11-16 09:41:47 - [MESSAGE][INFO] - Found 1 web elements with id: 'Object Repository/Sayfalar/Ayarlar/Gorsel_Tasarim/GorselTasarimAciklamasi' located by 'By.xpath: //*[@id = 'Description_I']' in '30' second(s)

2021-11-16 09:41:47 - [MESSAGE][PASSED] - Keys 'VirgosolOtomasyon' sent to object: 'Object Repository/Sayfalar/Ayarlar/Gorsel_Tasarim/GorselTasarimAciklamasi'

2021-11-16 09:41:47 - [MESSAGE][PASSED] - Call Test Case 'Test Cases/Sayfalar/Ayarlar/Gorsel_Tasarim/GorselTasarimAciklamasiGirilir' successfully

2021-11-16 09:41:47 - [MESSAGE][INFO] - Checking called Test Case

2021-11-16 09:41:47 - [MESSAGE][INFO] - Starting to call Test Case 'Test Cases/Sekmeler/FaturaBaslıgıDogruMu'

2021-11-16 09:41:47 - [TEST_CASE][PASSED] - Test Cases/Sekmeler/FaturaBaslıgıDogruMu: Test Cases/Sekmeler/FaturaBaslıgıDogruMu

2021-11-16 09:41:48 - [TEST_STEP][PASSED] - switchToFrame(findTestObject("Object Repository/Sayfalar/Giris_Sayfasi/FrameFirmaSec"), 3): Switched to iframe: 'Object Repository/Sayfalar/Giris_Sayfasi/FrameFirmaSec'

2021-11-16 09:41:48 - [MESSAGE][INFO] - Finding Test Object 'Object Repository/Sayfalar/Giris_Sayfasi/FrameFirmaSec'

2021-11-16 09:41:48 - [MESSAGE][INFO] - Switching to iframe: 'Object Repository/Sayfalar/Giris_Sayfasi/FrameFirmaSec'

2021-11-16 09:41:48 - [MESSAGE][INFO] - Finding web element from Test Object's properties

2021-11-16 09:41:48 - [MESSAGE][INFO] - Checking timeout

2021-11-16 09:41:48 - [MESSAGE][INFO] - Finding web element with id: 'Object Repository/Sayfalar/Giris_Sayfasi/FrameFirmaSec' located by 'By.cssSelector: .cke_wysiwyg_frame.cke_reset' in '3' second(s)

2021-11-16 09:41:48 - [MESSAGE][INFO] - Smart Wait Function is triggered

2021-11-16 09:41:48 - [MESSAGE][INFO] - Found 3 web elements with id: 'Object Repository/Sayfalar/Giris_Sayfasi/FrameFirmaSec' located by 'By.cssSelector: .cke_wysiwyg_frame.cke_reset' in '3' second(s)

2021-11-16 09:41:48 - [MESSAGE][INFO] - Switched to iframe: 'Object Repository/Sayfalar/Giris_Sayfasi/FrameFirmaSec'

2021-11-16 09:41:48 - [TEST_STEP][PASSED] - verifyElementText(findTestObject("Object Repository/Sekmeler/Olusturma_Goster_Baslik"), Title): Actual text and expected text of test object 'Object Repository/Sekmeler/Olusturma_Goster_Baslik' are matched.

2021-11-16 09:41:48 - [MESSAGE][INFO] - Finding Test Object 'Object Repository/Sekmeler/Olusturma_Goster_Baslik'

2021-11-16 09:41:48 - [MESSAGE][INFO] - Checking object

2021-11-16 09:41:48 - [MESSAGE][INFO] - Finding web element from Test Object's properties

2021-11-16 09:41:48 - [MESSAGE][INFO] - Checking timeout

2021-11-16 09:41:48 - [MESSAGE][INFO] - Finding web element with id: 'Object Repository/Sekmeler/Olusturma_Goster_Baslik' located by 'By.cssSelector: h1>span,td>font,font' in '30' second(s)

2021-11-16 09:41:48 - [MESSAGE][INFO] - Smart Wait Function is triggered

2021-11-16 09:41:48 - [MESSAGE][INFO] - Found 1 web elements with id: 'Object Repository/Sekmeler/Olusturma_Goster_Baslik' located by 'By.cssSelector: h1>span,td>font,font' in '30' second(s)

2021-11-16 09:41:48 - [MESSAGE][PASSED] - Actual text and expected text of test object 'Object Repository/Sekmeler/Olusturma_Goster_Baslik' are matched.

2021-11-16 09:41:48 - [TEST_STEP][PASSED] - switchToDefaultContent(): Switching to default content

2021-11-16 09:41:48 - [MESSAGE][INFO] - Switching to default content

2021-11-16 09:41:48 - [MESSAGE][PASSED] - Call Test Case 'Test Cases/Sekmeler/FaturaBaslıgıDogruMu' successfully

2021-11-16 09:41:48 - [MESSAGE][INFO] - Checking called Test Case

2021-11-16 09:41:48 - [MESSAGE][INFO] - Starting to call Test Case 'Test Cases/Butonlar/ButonaTikla'

2021-11-16 09:41:48 - [TEST_CASE][PASSED] - Test Cases/Butonlar/ButonaTikla: Test Cases/Butonlar/ButonaTikla

2021-11-16 09:41:48 - [TEST_STEP][PASSED] - Method.TextDegerineEsitElementeTiklaEquals(findTestObject("Butonlar/Butonlar"), Buton_Adi): Method.TextDegerineEsitElementeTiklaEquals is PASSED

2021-11-16 09:41:48 - [MESSAGE][INFO] - Finding Test Object 'Object Repository/Butonlar/Butonlar'

2021-11-16 09:41:48 - [MESSAGE][INFO] - Checking timeout

2021-11-16 09:41:48 - [MESSAGE][INFO] - Finding web element with id: 'Object Repository/Butonlar/Butonlar' located by 'By.cssSelector: .panel.panel-default.text-center.footerPanel .btn,.btn.btn-primary.btnControls' in '10' second(s)

2021-11-16 09:41:48 - [MESSAGE][INFO] - Smart Wait Function is triggered

2021-11-16 09:41:49 - [MESSAGE][INFO] - Found 3 web elements with id: 'Object Repository/Butonlar/Butonlar' located by 'By.cssSelector: .panel.panel-default.text-center.footerPanel .btn,.btn.btn-primary.btnControls' in '10' second(s)

2021-11-16 09:41:59 - [MESSAGE][PASSED] - Method.TextDegerineEsitElementeTiklaEquals is PASSED

2021-11-16 09:41:59 - [MESSAGE][PASSED] - Call Test Case 'Test Cases/Butonlar/ButonaTikla' successfully

2021-11-16 09:41:59 - [MESSAGE][INFO] - Checking called Test Case

2021-11-16 09:41:59 - [MESSAGE][INFO] - Starting to call Test Case 'Test Cases/Tablo/TablodaUnvanliVeriOlusturulduMu'

2021-11-16 09:42:00 - [TEST_CASE][PASSED] - Test Cases/Tablo/TablodaUnvanliVeriOlusturulduMu: Test Cases/Tablo/TablodaUnvanliVeriOlusturulduMu

2021-11-16 09:42:00 - [TEST_STEP][PASSED] - waitForElementVisible(findTestObject("Tablo/OlusturulanVeri"), 10, STOP_ON_FAILURE): Object 'Object Repository/Tablo/OlusturulanVeri' is visible

2021-11-16 09:42:00 - [MESSAGE][INFO] - Finding Test Object 'Object Repository/Tablo/OlusturulanVeri'

2021-11-16 09:42:00 - [MESSAGE][INFO] - Checking object

2021-11-16 09:42:00 - [MESSAGE][INFO] - Checking timeout

2021-11-16 09:42:00 - [MESSAGE][INFO] - Finding web element from Test Object's properties

2021-11-16 09:42:00 - [MESSAGE][INFO] - Checking timeout

2021-11-16 09:42:00 - [MESSAGE][INFO] - Finding web element with id: 'Object Repository/Tablo/OlusturulanVeri' located by 'By.cssSelector: table.dxgvTable_LECustomTheme>tbody>tr:nth-child(3)>td.dxgv b,table.dxgvTable_LECustomTheme>tbody>tr:nth-child(3)>td.dxgv' in '10' second(s)

2021-11-16 09:42:00 - [MESSAGE][INFO] - Smart Wait Function is triggered

2021-11-16 09:42:01 - [MESSAGE][INFO] - Found 8 web elements with id: 'Object Repository/Tablo/OlusturulanVeri' located by 'By.cssSelector: table.dxgvTable_LECustomTheme>tbody>tr:nth-child(3)>td.dxgv b,table.dxgvTable_LECustomTheme>tbody>tr:nth-child(3)>td.dxgv' in '10' second(s)

2021-11-16 09:42:01 - [MESSAGE][PASSED] - Object 'Object Repository/Tablo/OlusturulanVeri' is visible

2021-11-16 09:42:01 - [TEST_STEP][PASSED] - Method.TextDegerineEsitElementVarMi(findTestObject("Tablo/OlusturulanVeri"), Unvan): Method.TextDegerineEsitElementVarMi is PASSED

2021-11-16 09:42:01 - [MESSAGE][INFO] - Finding Test Object 'Object Repository/Tablo/OlusturulanVeri'

2021-11-16 09:42:01 - [MESSAGE][INFO] - Checking timeout

2021-11-16 09:42:01 - [MESSAGE][INFO] - Finding web element with id: 'Object Repository/Tablo/OlusturulanVeri' located by 'By.cssSelector: table.dxgvTable_LECustomTheme>tbody>tr:nth-child(3)>td.dxgv b,table.dxgvTable_LECustomTheme>tbody>tr:nth-child(3)>td.dxgv' in '10' second(s)

2021-11-16 09:42:01 - [MESSAGE][INFO] - Smart Wait Function is triggered

2021-11-16 09:42:01 - [MESSAGE][INFO] - Found 8 web elements with id: 'Object Repository/Tablo/OlusturulanVeri' located by 'By.cssSelector: table.dxgvTable_LECustomTheme>tbody>tr:nth-child(3)>td.dxgv b,table.dxgvTable_LECustomTheme>tbody>tr:nth-child(3)>td.dxgv' in '10' second(s)

2021-11-16 09:42:01 - [MESSAGE][PASSED] - Method.TextDegerineEsitElementVarMi is PASSED

2021-11-16 09:42:01 - [MESSAGE][PASSED] - Call Test Case 'Test Cases/Tablo/TablodaUnvanliVeriOlusturulduMu' successfully

2021-11-16 09:42:01 - [MESSAGE][INFO] - Checking called Test Case

2021-11-16 09:42:01 - [MESSAGE][INFO] - Starting to call Test Case 'Test Cases/Kullanici_Islemleri/KullaniciIslemlerindenSecimYapilir'

2021-11-16 09:42:01 - [TEST_CASE][PASSED] - Test Cases/Kullanici_Islemleri/KullaniciIslemlerindenSecimYapilir: Test Cases/Kullanici_Islemleri/KullaniciIslemlerindenSecimYapilir

2021-11-16 09:42:01 - [TEST_STEP][PASSED] - waitForElementClickable(findTestObject("Object Repository/Kullanici_Islemleri/KullaniciIslemleri"), 10): Object 'Object Repository/Kullanici_Islemleri/KullaniciIslemleri' is clickable

2021-11-16 09:42:01 - [MESSAGE][INFO] - Finding Test Object 'Object Repository/Kullanici_Islemleri/KullaniciIslemleri'

2021-11-16 09:42:01 - [MESSAGE][INFO] - Checking object

2021-11-16 09:42:01 - [MESSAGE][INFO] - Checking timeout

2021-11-16 09:42:01 - [MESSAGE][INFO] - Finding web element from Test Object's properties

2021-11-16 09:42:01 - [MESSAGE][INFO] - Checking timeout

2021-11-16 09:42:01 - [MESSAGE][INFO] - Finding web element with id: 'Object Repository/Kullanici_Islemleri/KullaniciIslemleri' located by 'By.cssSelector: .dropdown>a>img' in '10' second(s)

2021-11-16 09:42:01 - [MESSAGE][INFO] - Smart Wait Function is triggered

2021-11-16 09:42:02 - [MESSAGE][INFO] - Found 1 web elements with id: 'Object Repository/Kullanici_Islemleri/KullaniciIslemleri' located by 'By.cssSelector: .dropdown>a>img' in '10' second(s)

2021-11-16 09:42:02 - [MESSAGE][PASSED] - Object 'Object Repository/Kullanici_Islemleri/KullaniciIslemleri' is clickable

2021-11-16 09:42:02 - [TEST_STEP][PASSED] - click(findTestObject("Object Repository/Kullanici_Islemleri/KullaniciIslemleri")): Object: 'Object Repository/Kullanici_Islemleri/KullaniciIslemleri' is clicked on

2021-11-16 09:42:02 - [MESSAGE][INFO] - Finding Test Object 'Object Repository/Kullanici_Islemleri/KullaniciIslemleri'

2021-11-16 09:42:02 - [MESSAGE][INFO] - Checking object

2021-11-16 09:42:02 - [MESSAGE][INFO] - Finding web element from Test Object's properties

2021-11-16 09:42:02 - [MESSAGE][INFO] - Checking timeout

2021-11-16 09:42:02 - [MESSAGE][INFO] - Finding web element with id: 'Object Repository/Kullanici_Islemleri/KullaniciIslemleri' located by 'By.cssSelector: .dropdown>a>img' in '30' second(s)

2021-11-16 09:42:02 - [MESSAGE][INFO] - Smart Wait Function is triggered

2021-11-16 09:42:02 - [MESSAGE][INFO] - Found 1 web elements with id: 'Object Repository/Kullanici_Islemleri/KullaniciIslemleri' located by 'By.cssSelector: .dropdown>a>img' in '30' second(s)

2021-11-16 09:42:02 - [MESSAGE][INFO] - Clicking on object: 'Object Repository/Kullanici_Islemleri/KullaniciIslemleri'

2021-11-16 09:42:02 - [MESSAGE][PASSED] - Object: 'Object Repository/Kullanici_Islemleri/KullaniciIslemleri' is clicked on

2021-11-16 09:42:02 - [TEST_STEP][PASSED] - Method.TextDegerineEsitElementeTikla(findTestObject("Object Repository/Kullanici_Islemleri/Secenekler"), Islem): Method.TextDegerineEsitElementeTikla is PASSED

2021-11-16 09:42:02 - [MESSAGE][INFO] - Finding Test Object 'Object Repository/Kullanici_Islemleri/Secenekler'

2021-11-16 09:42:02 - [MESSAGE][INFO] - Checking timeout

2021-11-16 09:42:02 - [MESSAGE][INFO] - Finding web element with id: 'Object Repository/Kullanici_Islemleri/Secenekler' located by 'By.cssSelector: .nav.navbar-nav.navbar-right li a' in '10' second(s)

2021-11-16 09:42:02 - [MESSAGE][INFO] - Smart Wait Function is triggered

2021-11-16 09:42:02 - [MESSAGE][INFO] - Found 22 web elements with id: 'Object Repository/Kullanici_Islemleri/Secenekler' located by 'By.cssSelector: .nav.navbar-nav.navbar-right li a' in '10' second(s)

2021-11-16 09:42:04 - [MESSAGE][PASSED] - Method.TextDegerineEsitElementeTikla is PASSED

2021-11-16 09:42:04 - [TEST_STEP][PASSED] - verifyElementNotPresent(findTestObject("Object Repository/Kullanici_Islemleri/Secenekler"), 10): Web element with id: 'Object Repository/Kullanici_Islemleri/Secenekler' located by 'By.cssSelector: .nav.navbar-nav.navbar-right li a' is not present after '10' second(s)

2021-11-16 09:42:04 - [MESSAGE][INFO] - Finding Test Object 'Object Repository/Kullanici_Islemleri/Secenekler'

2021-11-16 09:42:04 - [MESSAGE][INFO] - Checking object

2021-11-16 09:42:04 - [MESSAGE][INFO] - Checking timeout

2021-11-16 09:42:04 - [MESSAGE][INFO] - Finding web element with id: 'Object Repository/Kullanici_Islemleri/Secenekler' located by 'By.cssSelector: .nav.navbar-nav.navbar-right li a' in '10' second(s)

2021-11-16 09:42:04 - [MESSAGE][INFO] - Smart Wait Function is triggered

2021-11-16 09:42:04 - [MESSAGE][PASSED] - Web element with id: 'Object Repository/Kullanici_Islemleri/Secenekler' located by 'By.cssSelector: .nav.navbar-nav.navbar-right li a' is not present after '10' second(s)

2021-11-16 09:42:04 - [MESSAGE][PASSED] - Call Test Case 'Test Cases/Kullanici_Islemleri/KullaniciIslemlerindenSecimYapilir' successfully

2021-11-16 09:42:04 - [TEST_CASE][PASSED] - Start Test Case : SCENARIO Tasarim Araclari Guncelle: SCENARIO Tasarim Araclari Guncelle

2021-11-16 09:42:04 - [TEST_STEP][PASSED] - Kullanıcı adı ELOGO6 ve Şifre 123456 olarak giriş yapılır: Kullanıcı adı ELOGO6 ve Şifre 123456 olarak giriş yapılır

2021-11-16 09:42:04 - [MESSAGE][PASSED] - Kullanıcı adı ELOGO6 ve Şifre 123456 olarak giriş yapılır

2021-11-16 09:42:04 - [TEST_STEP][PASSED] - Ana menüden Ayarlar seçilir: Ana menüden Ayarlar seçilir

2021-11-16 09:42:04 - [MESSAGE][PASSED] - Ana menüden Ayarlar seçilir

2021-11-16 09:42:04 - [TEST_STEP][PASSED] - Alt menü Görsel Tasarımlar başlığı altındaki Tasarım Araçları seçilir: Alt menü Görsel Tasarımlar başlığı altındaki Tasarım Araçları seçilir

2021-11-16 09:42:04 - [MESSAGE][PASSED] - Alt menü Görsel Tasarımlar başlığı altındaki Tasarım Araçları seçilir

2021-11-16 09:42:04 - [TEST_STEP][PASSED] - Filtrelerden Oluşturma Zamanı filtresine 18.01.2018 baslangic degerini yaz: Filtrelerden Oluşturma Zamanı filtresine 18.01.2018 baslangic degerini yaz

2021-11-16 09:42:04 - [MESSAGE][PASSED] - Filtrelerden Oluşturma Zamanı filtresine 18.01.2018 baslangic degerini yaz

2021-11-16 09:42:04 - [TEST_STEP][PASSED] - Filtrelerden Oluşturma Zamanı filtresine 31.12.2018 bitis degerini yaz: Filtrelerden Oluşturma Zamanı filtresine 31.12.2018 bitis degerini yaz

2021-11-16 09:42:04 - [MESSAGE][PASSED] - Filtrelerden Oluşturma Zamanı filtresine 31.12.2018 bitis degerini yaz

2021-11-16 09:42:04 - [TEST_STEP][PASSED] - Filtre butonlarından Listele seçilir: Filtre butonlarından Listele seçilir

2021-11-16 09:42:04 - [MESSAGE][PASSED] - Filtre butonlarından Listele seçilir

2021-11-16 09:42:04 - [TEST_STEP][PASSED] - Tabloda veri var mı kontrol edilir: Tabloda veri var mı kontrol edilir

2021-11-16 09:42:04 - [MESSAGE][PASSED] - Tabloda veri var mı kontrol edilir

2021-11-16 09:42:04 - [TEST_STEP][PASSED] - Tablodaki TEST ünvanlı veriye tıklanır: Tablodaki TEST ünvanlı veriye tıklanır

2021-11-16 09:42:04 - [MESSAGE][PASSED] - Tablodaki TEST ünvanlı veriye tıklanır

2021-11-16 09:42:04 - [TEST_STEP][PASSED] - Butonlardan Güncelle isimli butona tıklanır: Butonlardan Güncelle isimli butona tıklanır

2021-11-16 09:42:04 - [MESSAGE][PASSED] - Butonlardan Güncelle isimli butona tıklanır

2021-11-16 09:42:04 - [TEST_STEP][PASSED] - Dinamik başlıklarda E-FATURA TASARIM AÇIKLAMASI var mı: Dinamik başlıklarda E-FATURA TASARIM AÇIKLAMASI var mı

2021-11-16 09:42:04 - [MESSAGE][PASSED] - Dinamik başlıklarda E-FATURA TASARIM AÇIKLAMASI var mı

2021-11-16 09:42:04 - [TEST_STEP][PASSED] - Tasarım açıklaması alanına VirgosolOtomasyon girilir: Tasarım açıklaması alanına VirgosolOtomasyon girilir

2021-11-16 09:42:04 - [MESSAGE][PASSED] - Tasarım açıklaması alanına VirgosolOtomasyon girilir

2021-11-16 09:42:04 - [TEST_STEP][PASSED] - Oluşturulan Fatura başlığında e-FATURA var mı: Oluşturulan Fatura başlığında e-FATURA var mı

2021-11-16 09:42:04 - [MESSAGE][PASSED] - Oluşturulan Fatura başlığında e-FATURA var mı

2021-11-16 09:42:04 - [TEST_STEP][PASSED] - Butonlardan Farklı Kaydet isimli butona tıklanır: Butonlardan Farklı Kaydet isimli butona tıklanır

2021-11-16 09:42:04 - [MESSAGE][PASSED] - Butonlardan Farklı Kaydet isimli butona tıklanır

2021-11-16 09:42:04 - [TEST_STEP][PASSED] - Tabloda VirgosolOtomasyon ünvanlı veri oluşturuldu mu: Tabloda VirgosolOtomasyon ünvanlı veri oluşturuldu mu

2021-11-16 09:42:04 - [MESSAGE][PASSED] - Tabloda VirgosolOtomasyon ünvanlı veri oluşturuldu mu

2021-11-16 09:42:04 - [TEST_STEP][PASSED] - Kullanıcı işlemlerinden Çıkış seçilir: Kullanıcı işlemlerinden Çıkış seçilir

2021-11-16 09:42:04 - [MESSAGE][PASSED] - Kullanıcı işlemlerinden Çıkış seçilir

2021-11-16 09:42:04 - [MESSAGE][PASSED] - Feature file: 'Include/features/Ayarlar/Gorsel Tasarimlar/Tasarim Araclari/Guncelle.feature' was passed

2021-11-16 09:42:04 - [TEST_STEP][PASSED] - Start listener action : sampleAfterTestSuite: Invoke 'com.kms.katalon.core.annotation.AfterTestCase' method: 'Listener.sampleAfterTestSuite(...)' completed.

2021-11-16 09:42:04 - [MESSAGE][INFO] - Starting invoke 'com.kms.katalon.core.annotation.AfterTestCase' method: 'Listener.sampleAfterTestSuite(...)'

2021-11-16 09:42:04 - [TEST_STEP][PASSED] - closeBrowser(): Invoke 'com.kms.katalon.core.annotation.AfterTestCase' method: 'Listener.sampleAfterTestSuite(...)' completed.

2021-11-16 09:42:04 - [MESSAGE][INFO] - Closing browser

2021-11-16 09:42:05 - [MESSAGE][PASSED] - Browser is closed

2021-11-16 09:42:05 - [MESSAGE][INFO] - Invoke 'com.kms.katalon.core.annotation.AfterTestCase' method: 'Listener.sampleAfterTestSuite(...)' completed.]]></system-out>
         <system-err><![CDATA[]]></system-err>
      </testcase>
      <testcase name="Test Cases/Case Repository/Ayarlar/Gorsel Tasarim/Tasarim Araclari/Indir" time="38.911" classname="Test Cases/Case Repository/Ayarlar/Gorsel Tasarim/Tasarim Araclari/Indir" status="PASSED">
         <system-out><![CDATA[2021-11-16 09:42:05 - [TEST_CASE][PASSED] - Test Cases/Case Repository/Ayarlar/Gorsel Tasarim/Tasarim Araclari/Indir: Test Cases/Case Repository/Ayarlar/Gorsel Tasarim/Tasarim Araclari/Indir

2021-11-16 09:42:05 - [TEST_STEP][PASSED] - Start listener action : sampleBeforeTestSuite: Invoke 'com.kms.katalon.core.annotation.BeforeTestCase' method: 'Listener.sampleBeforeTestSuite(...)' completed.

2021-11-16 09:42:05 - [MESSAGE][INFO] - Starting invoke 'com.kms.katalon.core.annotation.BeforeTestCase' method: 'Listener.sampleBeforeTestSuite(...)'

2021-11-16 09:42:05 - [TEST_STEP][PASSED] - openBrowser(baseUrl): Browser is opened with url: 'https://efatura-stage.elogo.com.tr/'

2021-11-16 09:42:05 - [MESSAGE][INFO] - Opening browser

2021-11-16 09:42:05 - [MESSAGE][INFO] - Starting 'Chrome' driver

2021-11-16 09:42:05 - [MESSAGE][INFO] - User set preference: ['prefs', '{download.default_directory=C:\otomasyondownfiles}']

2021-11-16 09:42:05 - [MESSAGE][INFO] - Action delay is set to 0 milliseconds

2021-11-16 09:42:06 - [MESSAGE][INFO] - Navigating browser to: 'https://efatura-stage.elogo.com.tr/'

2021-11-16 09:42:09 - [MESSAGE][PASSED] - Browser is opened with url: 'https://efatura-stage.elogo.com.tr/'

2021-11-16 09:42:09 - [TEST_STEP][PASSED] - maximizeWindow(): Invoke 'com.kms.katalon.core.annotation.BeforeTestCase' method: 'Listener.sampleBeforeTestSuite(...)' completed.

2021-11-16 09:42:09 - [MESSAGE][INFO] - Maximizing current window

2021-11-16 09:42:09 - [MESSAGE][PASSED] - Current window maximized

2021-11-16 09:42:09 - [MESSAGE][INFO] - Invoke 'com.kms.katalon.core.annotation.BeforeTestCase' method: 'Listener.sampleBeforeTestSuite(...)' completed.

2021-11-16 09:42:10 - [TEST_STEP][PASSED] - runFeatureFile("Include/features/Ayarlar/Gorsel Tasarimlar/Tasarim Araclari/Indir.feature"): Feature file: 'Include/features/Ayarlar/Gorsel Tasarimlar/Tasarim Araclari/Indir.feature' was passed

2021-11-16 09:42:10 - [MESSAGE][INFO] - Starting run keyword runFeatureFile: 'Include/features/Ayarlar/Gorsel Tasarimlar/Tasarim Araclari/Indir.feature' and extract report to folder: 'C:\Users\DELL\Documents\GitHub\EES_KatalonLogo\Reports\20211116_090026\Suite Repository\Ayarlar\20211116_090123/cucumber_report/1637044930120'...

2021-11-16 09:42:10 - [MESSAGE][INFO] - Glue: []

2021-11-16 09:42:12 - [MESSAGE][INFO] - Checking called Test Case

2021-11-16 09:42:12 - [MESSAGE][INFO] - Starting to call Test Case 'Test Cases/Sayfalar/Giris_Sayfasi/Login'

2021-11-16 09:42:12 - [TEST_CASE][PASSED] - Test Cases/Sayfalar/Giris_Sayfasi/Login: Test Cases/Sayfalar/Giris_Sayfasi/Login

2021-11-16 09:42:12 - [TEST_STEP][PASSED] - Sayfa_Basligi = getWindowTitle(): Current window's title is: 'LOGO e-Fatura'

2021-11-16 09:42:12 - [MESSAGE][INFO] - Getting current window's title

2021-11-16 09:42:12 - [MESSAGE][PASSED] - Current window's title is: 'LOGO e-Fatura'

2021-11-16 09:42:12 - [TEST_STEP][PASSED] - verifyMatch(Sayfa_Basligi, "LOGO e-Fatura", false): Actual text 'LOGO e-Fatura' and expected text 'LOGO e-Fatura' are matched 

2021-11-16 09:42:12 - [MESSAGE][INFO] - Matching actual text 'LOGO e-Fatura' with expected text 'LOGO e-Fatura'

2021-11-16 09:42:12 - [MESSAGE][PASSED] - Actual text 'LOGO e-Fatura' and expected text 'LOGO e-Fatura' are matched 

2021-11-16 09:42:12 - [TEST_STEP][PASSED] - sendKeys(findTestObject("Sayfalar/Giris_Sayfasi/Firma_Kodu"), KullaniciAdi): Keys 'ELOGO6' sent to object: 'Object Repository/Sayfalar/Giris_Sayfasi/Firma_Kodu'

2021-11-16 09:42:12 - [MESSAGE][INFO] - Finding Test Object 'Object Repository/Sayfalar/Giris_Sayfasi/Firma_Kodu'

2021-11-16 09:42:12 - [MESSAGE][INFO] - Sending keys 'ELOGO6' to object: 'Object Repository/Sayfalar/Giris_Sayfasi/Firma_Kodu'

2021-11-16 09:42:12 - [MESSAGE][INFO] - Finding web element from Test Object's properties

2021-11-16 09:42:12 - [MESSAGE][INFO] - Checking timeout

2021-11-16 09:42:12 - [MESSAGE][INFO] - Finding web element with id: 'Object Repository/Sayfalar/Giris_Sayfasi/Firma_Kodu' located by 'By.xpath: //*[@id = 'AccountName']' in '30' second(s)

2021-11-16 09:42:12 - [MESSAGE][INFO] - Smart Wait Function is triggered

2021-11-16 09:42:12 - [MESSAGE][INFO] - Found 1 web elements with id: 'Object Repository/Sayfalar/Giris_Sayfasi/Firma_Kodu' located by 'By.xpath: //*[@id = 'AccountName']' in '30' second(s)

2021-11-16 09:42:12 - [MESSAGE][PASSED] - Keys 'ELOGO6' sent to object: 'Object Repository/Sayfalar/Giris_Sayfasi/Firma_Kodu'

2021-11-16 09:42:12 - [TEST_STEP][PASSED] - sendKeys(findTestObject("Sayfalar/Giris_Sayfasi/Sifre"), Sifre): Keys '123456' sent to object: 'Object Repository/Sayfalar/Giris_Sayfasi/Sifre'

2021-11-16 09:42:12 - [MESSAGE][INFO] - Finding Test Object 'Object Repository/Sayfalar/Giris_Sayfasi/Sifre'

2021-11-16 09:42:12 - [MESSAGE][INFO] - Sending keys '123456' to object: 'Object Repository/Sayfalar/Giris_Sayfasi/Sifre'

2021-11-16 09:42:12 - [MESSAGE][INFO] - Finding web element from Test Object's properties

2021-11-16 09:42:12 - [MESSAGE][INFO] - Checking timeout

2021-11-16 09:42:12 - [MESSAGE][INFO] - Finding web element with id: 'Object Repository/Sayfalar/Giris_Sayfasi/Sifre' located by 'By.xpath: //*[@id = 'Password']' in '30' second(s)

2021-11-16 09:42:12 - [MESSAGE][INFO] - Smart Wait Function is triggered

2021-11-16 09:42:12 - [MESSAGE][INFO] - Found 1 web elements with id: 'Object Repository/Sayfalar/Giris_Sayfasi/Sifre' located by 'By.xpath: //*[@id = 'Password']' in '30' second(s)

2021-11-16 09:42:13 - [MESSAGE][PASSED] - Keys '123456' sent to object: 'Object Repository/Sayfalar/Giris_Sayfasi/Sifre'

2021-11-16 09:42:13 - [TEST_STEP][PASSED] - findWebElement(findTestObject("Sayfalar/Giris_Sayfasi/Giris_Butonu")).click(): Found 1 web elements with id: 'Object Repository/Sayfalar/Giris_Sayfasi/Giris_Butonu' located by 'By.cssSelector: #btnLogin' in '30' second(s)

2021-11-16 09:42:13 - [MESSAGE][INFO] - Finding Test Object 'Object Repository/Sayfalar/Giris_Sayfasi/Giris_Butonu'

2021-11-16 09:42:13 - [MESSAGE][INFO] - Finding web element from Test Object's properties

2021-11-16 09:42:13 - [MESSAGE][INFO] - Checking timeout

2021-11-16 09:42:13 - [MESSAGE][INFO] - Finding web element with id: 'Object Repository/Sayfalar/Giris_Sayfasi/Giris_Butonu' located by 'By.cssSelector: #btnLogin' in '30' second(s)

2021-11-16 09:42:13 - [MESSAGE][INFO] - Smart Wait Function is triggered

2021-11-16 09:42:13 - [MESSAGE][INFO] - Found 1 web elements with id: 'Object Repository/Sayfalar/Giris_Sayfasi/Giris_Butonu' located by 'By.cssSelector: #btnLogin' in '30' second(s)

2021-11-16 09:42:16 - [TEST_STEP][PASSED] - if (verifyElementPresent(findTestObject("Object Repository/Sayfalar/Giris_Sayfasi/RetveTamam_Butonu"), 5, OPTIONAL)): null

2021-11-16 09:42:16 - [MESSAGE][INFO] - Finding Test Object 'Object Repository/Sayfalar/Giris_Sayfasi/RetveTamam_Butonu'

2021-11-16 09:42:16 - [MESSAGE][INFO] - Checking object

2021-11-16 09:42:16 - [MESSAGE][INFO] - Finding web element from Test Object's properties

2021-11-16 09:42:16 - [MESSAGE][INFO] - Checking timeout

2021-11-16 09:42:16 - [MESSAGE][INFO] - Finding web element with id: 'Object Repository/Sayfalar/Giris_Sayfasi/RetveTamam_Butonu' located by 'By.xpath: //*[@class = 'btn btn-default']' in '5' second(s)

2021-11-16 09:42:16 - [MESSAGE][INFO] - Smart Wait Function is triggered

2021-11-16 09:42:16 - [MESSAGE][INFO] - Found 1 web elements with id: 'Object Repository/Sayfalar/Giris_Sayfasi/RetveTamam_Butonu' located by 'By.xpath: //*[@class = 'btn btn-default']' in '5' second(s)

2021-11-16 09:42:16 - [MESSAGE][PASSED] - Object 'Object Repository/Sayfalar/Giris_Sayfasi/RetveTamam_Butonu' is present

2021-11-16 09:42:16 - [TEST_STEP][PASSED] - click(findTestObject("Object Repository/Sayfalar/Giris_Sayfasi/RetveTamam_Butonu")): Object: 'Object Repository/Sayfalar/Giris_Sayfasi/RetveTamam_Butonu' is clicked on

2021-11-16 09:42:16 - [MESSAGE][INFO] - Finding Test Object 'Object Repository/Sayfalar/Giris_Sayfasi/RetveTamam_Butonu'

2021-11-16 09:42:16 - [MESSAGE][INFO] - Checking object

2021-11-16 09:42:16 - [MESSAGE][INFO] - Finding web element from Test Object's properties

2021-11-16 09:42:16 - [MESSAGE][INFO] - Checking timeout

2021-11-16 09:42:16 - [MESSAGE][INFO] - Finding web element with id: 'Object Repository/Sayfalar/Giris_Sayfasi/RetveTamam_Butonu' located by 'By.xpath: //*[@class = 'btn btn-default']' in '30' second(s)

2021-11-16 09:42:16 - [MESSAGE][INFO] - Smart Wait Function is triggered

2021-11-16 09:42:17 - [MESSAGE][INFO] - Found 1 web elements with id: 'Object Repository/Sayfalar/Giris_Sayfasi/RetveTamam_Butonu' located by 'By.xpath: //*[@class = 'btn btn-default']' in '30' second(s)

2021-11-16 09:42:17 - [MESSAGE][INFO] - Clicking on object: 'Object Repository/Sayfalar/Giris_Sayfasi/RetveTamam_Butonu'

2021-11-16 09:42:17 - [MESSAGE][PASSED] - Object: 'Object Repository/Sayfalar/Giris_Sayfasi/RetveTamam_Butonu' is clicked on

2021-11-16 09:42:17 - [TEST_STEP][PASSED] - click(findTestObject("Object Repository/Sayfalar/Giris_Sayfasi/RetveTamam_Butonu")): Object: 'Object Repository/Sayfalar/Giris_Sayfasi/RetveTamam_Butonu' is clicked on

2021-11-16 09:42:17 - [MESSAGE][INFO] - Finding Test Object 'Object Repository/Sayfalar/Giris_Sayfasi/RetveTamam_Butonu'

2021-11-16 09:42:17 - [MESSAGE][INFO] - Checking object

2021-11-16 09:42:17 - [MESSAGE][INFO] - Finding web element from Test Object's properties

2021-11-16 09:42:17 - [MESSAGE][INFO] - Checking timeout

2021-11-16 09:42:17 - [MESSAGE][INFO] - Finding web element with id: 'Object Repository/Sayfalar/Giris_Sayfasi/RetveTamam_Butonu' located by 'By.xpath: //*[@class = 'btn btn-default']' in '30' second(s)

2021-11-16 09:42:17 - [MESSAGE][INFO] - Smart Wait Function is triggered

2021-11-16 09:42:20 - [MESSAGE][INFO] - Found 1 web elements with id: 'Object Repository/Sayfalar/Giris_Sayfasi/RetveTamam_Butonu' located by 'By.xpath: //*[@class = 'btn btn-default']' in '30' second(s)

2021-11-16 09:42:20 - [MESSAGE][INFO] - Clicking on object: 'Object Repository/Sayfalar/Giris_Sayfasi/RetveTamam_Butonu'

2021-11-16 09:42:20 - [MESSAGE][PASSED] - Object: 'Object Repository/Sayfalar/Giris_Sayfasi/RetveTamam_Butonu' is clicked on

2021-11-16 09:42:20 - [TEST_STEP][PASSED] - if (verifyElementPresent(findTestObject("Sayfalar/Giris_Sayfasi/PopupOK"), 5, OPTIONAL)): null

2021-11-16 09:42:20 - [MESSAGE][INFO] - Finding Test Object 'Object Repository/Sayfalar/Giris_Sayfasi/PopupOK'

2021-11-16 09:42:20 - [MESSAGE][INFO] - Checking object

2021-11-16 09:42:20 - [MESSAGE][INFO] - Finding web element from Test Object's properties

2021-11-16 09:42:20 - [MESSAGE][INFO] - Checking timeout

2021-11-16 09:42:20 - [MESSAGE][INFO] - Finding web element with id: 'Object Repository/Sayfalar/Giris_Sayfasi/PopupOK' located by 'By.cssSelector: .btn.btn-success' in '5' second(s)

2021-11-16 09:42:20 - [MESSAGE][INFO] - Smart Wait Function is triggered

2021-11-16 09:42:21 - [MESSAGE][INFO] - Found 1 web elements with id: 'Object Repository/Sayfalar/Giris_Sayfasi/PopupOK' located by 'By.cssSelector: .btn.btn-success' in '5' second(s)

2021-11-16 09:42:21 - [MESSAGE][PASSED] - Object 'Object Repository/Sayfalar/Giris_Sayfasi/PopupOK' is present

2021-11-16 09:42:21 - [TEST_STEP][PASSED] - click(findTestObject("Object Repository/Sayfalar/Giris_Sayfasi/PopupCarpiGiris")): Object: 'Object Repository/Sayfalar/Giris_Sayfasi/PopupCarpiGiris' is clicked on

2021-11-16 09:42:21 - [MESSAGE][INFO] - Finding Test Object 'Object Repository/Sayfalar/Giris_Sayfasi/PopupCarpiGiris'

2021-11-16 09:42:21 - [MESSAGE][INFO] - Checking object

2021-11-16 09:42:21 - [MESSAGE][INFO] - Finding web element from Test Object's properties

2021-11-16 09:42:21 - [MESSAGE][INFO] - Checking timeout

2021-11-16 09:42:21 - [MESSAGE][INFO] - Finding web element with id: 'Object Repository/Sayfalar/Giris_Sayfasi/PopupCarpiGiris' located by 'By.cssSelector: .bootbox-close-button.close' in '30' second(s)

2021-11-16 09:42:21 - [MESSAGE][INFO] - Smart Wait Function is triggered

2021-11-16 09:42:21 - [MESSAGE][INFO] - Found 1 web elements with id: 'Object Repository/Sayfalar/Giris_Sayfasi/PopupCarpiGiris' located by 'By.cssSelector: .bootbox-close-button.close' in '30' second(s)

2021-11-16 09:42:21 - [MESSAGE][INFO] - Clicking on object: 'Object Repository/Sayfalar/Giris_Sayfasi/PopupCarpiGiris'

2021-11-16 09:42:21 - [MESSAGE][PASSED] - Object: 'Object Repository/Sayfalar/Giris_Sayfasi/PopupCarpiGiris' is clicked on

2021-11-16 09:42:21 - [TEST_STEP][PASSED] - verifyElementVisible(findTestObject("Object Repository/Kullanici_Islemleri/KullaniciIslemleri")): Object 'Object Repository/Kullanici_Islemleri/KullaniciIslemleri' is visible

2021-11-16 09:42:21 - [MESSAGE][INFO] - Finding Test Object 'Object Repository/Kullanici_Islemleri/KullaniciIslemleri'

2021-11-16 09:42:21 - [MESSAGE][INFO] - Checking object

2021-11-16 09:42:21 - [MESSAGE][INFO] - Finding web element from Test Object's properties

2021-11-16 09:42:21 - [MESSAGE][INFO] - Checking timeout

2021-11-16 09:42:21 - [MESSAGE][INFO] - Finding web element with id: 'Object Repository/Kullanici_Islemleri/KullaniciIslemleri' located by 'By.cssSelector: .dropdown>a>img' in '30' second(s)

2021-11-16 09:42:21 - [MESSAGE][INFO] - Smart Wait Function is triggered

2021-11-16 09:42:22 - [MESSAGE][INFO] - Found 1 web elements with id: 'Object Repository/Kullanici_Islemleri/KullaniciIslemleri' located by 'By.cssSelector: .dropdown>a>img' in '30' second(s)

2021-11-16 09:42:22 - [MESSAGE][PASSED] - Object 'Object Repository/Kullanici_Islemleri/KullaniciIslemleri' is visible

2021-11-16 09:42:22 - [MESSAGE][PASSED] - Call Test Case 'Test Cases/Sayfalar/Giris_Sayfasi/Login' successfully

2021-11-16 09:42:22 - [MESSAGE][INFO] - Checking called Test Case

2021-11-16 09:42:22 - [MESSAGE][INFO] - Starting to call Test Case 'Test Cases/Menu/AnaMenuSecimi'

2021-11-16 09:42:22 - [TEST_CASE][PASSED] - Test Cases/Menu/AnaMenuSecimi: Test Cases/Menu/AnaMenuSecimi

2021-11-16 09:42:22 - [TEST_STEP][PASSED] - Method.TextDegerineEsitElementeTikla(findTestObject("Menu/Ana_Menu"), Ana_Menu): Method.TextDegerineEsitElementeTikla is PASSED

2021-11-16 09:42:22 - [MESSAGE][INFO] - Finding Test Object 'Object Repository/Menu/Ana_Menu'

2021-11-16 09:42:22 - [MESSAGE][INFO] - Checking timeout

2021-11-16 09:42:22 - [MESSAGE][INFO] - Finding web element with id: 'Object Repository/Menu/Ana_Menu' located by 'By.xpath: //*[@class = 'dropdown-toggle']' in '10' second(s)

2021-11-16 09:42:22 - [MESSAGE][INFO] - Smart Wait Function is triggered

2021-11-16 09:42:23 - [MESSAGE][INFO] - Found 14 web elements with id: 'Object Repository/Menu/Ana_Menu' located by 'By.xpath: //*[@class = 'dropdown-toggle']' in '10' second(s)

2021-11-16 09:42:23 - [MESSAGE][PASSED] - Method.TextDegerineEsitElementeTikla is PASSED

2021-11-16 09:42:23 - [MESSAGE][PASSED] - Call Test Case 'Test Cases/Menu/AnaMenuSecimi' successfully

2021-11-16 09:42:23 - [MESSAGE][INFO] - Checking called Test Case

2021-11-16 09:42:23 - [MESSAGE][INFO] - Starting to call Test Case 'Test Cases/Menu/BasligaGoreAltMenuSecimi'

2021-11-16 09:42:23 - [TEST_CASE][PASSED] - Test Cases/Menu/BasligaGoreAltMenuSecimi: Test Cases/Menu/BasligaGoreAltMenuSecimi

2021-11-16 09:42:23 - [TEST_STEP][PASSED] - Method.TextDegerineEsitElementinAltindakiTextDegerineEsitOlanaTikla(findTestObject("Menu/Menu_Basligi"), findTestObject("Menu/Basliga_Gore_Alt_Menu"), Baslik, Alt_Menu): Method.TextDegerineEsitElementinAltindakiTextDegerineEsitOlanaTikla is PASSED

2021-11-16 09:42:23 - [MESSAGE][INFO] - Finding Test Object 'Object Repository/Menu/Menu_Basligi'

2021-11-16 09:42:23 - [MESSAGE][INFO] - Finding Test Object 'Object Repository/Menu/Basliga_Gore_Alt_Menu'

2021-11-16 09:42:23 - [MESSAGE][INFO] - Checking timeout

2021-11-16 09:42:23 - [MESSAGE][INFO] - Finding web element with id: 'Object Repository/Menu/Menu_Basligi' located by 'By.xpath: //li[@class='dropdown dropdown-large open']//li[@class='dropdown-header']' in '10' second(s)

2021-11-16 09:42:23 - [MESSAGE][INFO] - Smart Wait Function is triggered

2021-11-16 09:42:23 - [MESSAGE][INFO] - Found 2 web elements with id: 'Object Repository/Menu/Menu_Basligi' located by 'By.xpath: //li[@class='dropdown dropdown-large open']//li[@class='dropdown-header']' in '10' second(s)

2021-11-16 09:42:23 - [MESSAGE][INFO] - Smart Wait Function is triggered

2021-11-16 09:42:31 - [MESSAGE][PASSED] - Method.TextDegerineEsitElementinAltindakiTextDegerineEsitOlanaTikla is PASSED

2021-11-16 09:42:31 - [MESSAGE][PASSED] - Call Test Case 'Test Cases/Menu/BasligaGoreAltMenuSecimi' successfully

2021-11-16 09:42:31 - [MESSAGE][INFO] - Checking called Test Case

2021-11-16 09:42:31 - [MESSAGE][INFO] - Starting to call Test Case 'Test Cases/Filtreler/BaslangicYaz'

2021-11-16 09:42:31 - [TEST_CASE][PASSED] - Test Cases/Filtreler/BaslangicYaz: Test Cases/Filtreler/BaslangicYaz

2021-11-16 09:42:31 - [TEST_STEP][PASSED] - Method.TextDegerineEsitElementinAltindakineTikla(findTestObject("Filtreler/Basliklar"), findTestObject("Filtreler/Basliga_Gore_Baslangic_Image"), Filtre_Adi): Method.TextDegerineEsitElementinAltindakineTikla is PASSED

2021-11-16 09:42:31 - [MESSAGE][INFO] - Finding Test Object 'Object Repository/Filtreler/Basliklar'

2021-11-16 09:42:31 - [MESSAGE][INFO] - Finding Test Object 'Object Repository/Filtreler/Basliga_Gore_Baslangic_Image'

2021-11-16 09:42:31 - [MESSAGE][INFO] - Checking timeout

2021-11-16 09:42:31 - [MESSAGE][INFO] - Finding web element with id: 'Object Repository/Filtreler/Basliklar' located by 'By.cssSelector: .control-label.col-sm-4.paddingMarginRLC' in '10' second(s)

2021-11-16 09:42:31 - [MESSAGE][INFO] - Smart Wait Function is triggered

2021-11-16 09:42:31 - [MESSAGE][INFO] - Found 7 web elements with id: 'Object Repository/Filtreler/Basliklar' located by 'By.cssSelector: .control-label.col-sm-4.paddingMarginRLC' in '10' second(s)

2021-11-16 09:42:31 - [MESSAGE][INFO] - Smart Wait Function is triggered

2021-11-16 09:42:32 - [MESSAGE][PASSED] - Method.TextDegerineEsitElementinAltindakineTikla is PASSED

2021-11-16 09:42:32 - [TEST_STEP][PASSED] - Method.TextDegerineEsitElementinAltindakiTextboxtaYaz(findTestObject("Filtreler/Basliklar"), findTestObject("Filtreler/Basliga_Gore_Baslangic"), Filtre_Adi, Filtre_Degeri): Method.TextDegerineEsitElementinAltindakiTextboxtaYaz is PASSED

2021-11-16 09:42:32 - [MESSAGE][INFO] - Finding Test Object 'Object Repository/Filtreler/Basliklar'

2021-11-16 09:42:32 - [MESSAGE][INFO] - Finding Test Object 'Object Repository/Filtreler/Basliga_Gore_Baslangic'

2021-11-16 09:42:32 - [MESSAGE][INFO] - Checking timeout

2021-11-16 09:42:32 - [MESSAGE][INFO] - Finding web element with id: 'Object Repository/Filtreler/Basliklar' located by 'By.cssSelector: .control-label.col-sm-4.paddingMarginRLC' in '10' second(s)

2021-11-16 09:42:32 - [MESSAGE][INFO] - Smart Wait Function is triggered

2021-11-16 09:42:32 - [MESSAGE][INFO] - Found 7 web elements with id: 'Object Repository/Filtreler/Basliklar' located by 'By.cssSelector: .control-label.col-sm-4.paddingMarginRLC' in '10' second(s)

2021-11-16 09:42:32 - [MESSAGE][INFO] - Smart Wait Function is triggered

2021-11-16 09:42:33 - [MESSAGE][PASSED] - Method.TextDegerineEsitElementinAltindakiTextboxtaYaz is PASSED

2021-11-16 09:42:33 - [MESSAGE][PASSED] - Call Test Case 'Test Cases/Filtreler/BaslangicYaz' successfully

2021-11-16 09:42:33 - [MESSAGE][INFO] - Checking called Test Case

2021-11-16 09:42:33 - [MESSAGE][INFO] - Starting to call Test Case 'Test Cases/Filtreler/BitisYaz'

2021-11-16 09:42:33 - [TEST_CASE][PASSED] - Test Cases/Filtreler/BitisYaz: Test Cases/Filtreler/BitisYaz

2021-11-16 09:42:33 - [TEST_STEP][PASSED] - Method.TextDegerineEsitElementinAltindakineTikla(findTestObject("Filtreler/Basliklar"), findTestObject("Filtreler/Basliga_Gore_Bitis_Image"), Filtre_Adi): Method.TextDegerineEsitElementinAltindakineTikla is PASSED

2021-11-16 09:42:33 - [MESSAGE][INFO] - Finding Test Object 'Object Repository/Filtreler/Basliklar'

2021-11-16 09:42:33 - [MESSAGE][INFO] - Finding Test Object 'Object Repository/Filtreler/Basliga_Gore_Bitis_Image'

2021-11-16 09:42:33 - [MESSAGE][INFO] - Checking timeout

2021-11-16 09:42:33 - [MESSAGE][INFO] - Finding web element with id: 'Object Repository/Filtreler/Basliklar' located by 'By.cssSelector: .control-label.col-sm-4.paddingMarginRLC' in '10' second(s)

2021-11-16 09:42:33 - [MESSAGE][INFO] - Smart Wait Function is triggered

2021-11-16 09:42:33 - [MESSAGE][INFO] - Found 7 web elements with id: 'Object Repository/Filtreler/Basliklar' located by 'By.cssSelector: .control-label.col-sm-4.paddingMarginRLC' in '10' second(s)

2021-11-16 09:42:33 - [MESSAGE][INFO] - Smart Wait Function is triggered

2021-11-16 09:42:34 - [MESSAGE][PASSED] - Method.TextDegerineEsitElementinAltindakineTikla is PASSED

2021-11-16 09:42:34 - [TEST_STEP][PASSED] - Method.TextDegerineEsitElementinAltindakiTextboxtaYaz(findTestObject("Filtreler/Basliklar"), findTestObject("Object Repository/Filtreler/Basliga_Gore_Bitis"), Filtre_Adi, Filtre_Degeri): Method.TextDegerineEsitElementinAltindakiTextboxtaYaz is PASSED

2021-11-16 09:42:34 - [MESSAGE][INFO] - Finding Test Object 'Object Repository/Filtreler/Basliklar'

2021-11-16 09:42:34 - [MESSAGE][INFO] - Finding Test Object 'Object Repository/Filtreler/Basliga_Gore_Bitis'

2021-11-16 09:42:34 - [MESSAGE][INFO] - Checking timeout

2021-11-16 09:42:34 - [MESSAGE][INFO] - Finding web element with id: 'Object Repository/Filtreler/Basliklar' located by 'By.cssSelector: .control-label.col-sm-4.paddingMarginRLC' in '10' second(s)

2021-11-16 09:42:34 - [MESSAGE][INFO] - Smart Wait Function is triggered

2021-11-16 09:42:34 - [MESSAGE][INFO] - Found 7 web elements with id: 'Object Repository/Filtreler/Basliklar' located by 'By.cssSelector: .control-label.col-sm-4.paddingMarginRLC' in '10' second(s)

2021-11-16 09:42:34 - [MESSAGE][INFO] - Smart Wait Function is triggered

2021-11-16 09:42:35 - [MESSAGE][PASSED] - Method.TextDegerineEsitElementinAltindakiTextboxtaYaz is PASSED

2021-11-16 09:42:35 - [MESSAGE][PASSED] - Call Test Case 'Test Cases/Filtreler/BitisYaz' successfully

2021-11-16 09:42:35 - [MESSAGE][INFO] - Checking called Test Case

2021-11-16 09:42:35 - [MESSAGE][INFO] - Starting to call Test Case 'Test Cases/Filtreler/ButonaTikla'

2021-11-16 09:42:35 - [TEST_CASE][PASSED] - Test Cases/Filtreler/ButonaTikla: Test Cases/Filtreler/ButonaTikla

2021-11-16 09:42:35 - [TEST_STEP][PASSED] - Method.TextDegerineEsitElementeTikla(findTestObject("Filtreler/Butonlar"), Filtre_Buton): Method.TextDegerineEsitElementeTikla is PASSED

2021-11-16 09:42:35 - [MESSAGE][INFO] - Finding Test Object 'Object Repository/Filtreler/Butonlar'

2021-11-16 09:42:35 - [MESSAGE][INFO] - Checking timeout

2021-11-16 09:42:35 - [MESSAGE][INFO] - Finding web element with id: 'Object Repository/Filtreler/Butonlar' located by 'By.cssSelector: .dxb>span' in '10' second(s)

2021-11-16 09:42:35 - [MESSAGE][INFO] - Smart Wait Function is triggered

2021-11-16 09:42:35 - [MESSAGE][INFO] - Found 2 web elements with id: 'Object Repository/Filtreler/Butonlar' located by 'By.cssSelector: .dxb>span' in '10' second(s)

2021-11-16 09:42:35 - [MESSAGE][PASSED] - Method.TextDegerineEsitElementeTikla is PASSED

2021-11-16 09:42:35 - [MESSAGE][PASSED] - Call Test Case 'Test Cases/Filtreler/ButonaTikla' successfully

2021-11-16 09:42:35 - [MESSAGE][INFO] - Checking called Test Case

2021-11-16 09:42:35 - [MESSAGE][INFO] - Starting to call Test Case 'Test Cases/Tablo/TablodaVeriVarMi'

2021-11-16 09:42:35 - [TEST_CASE][PASSED] - Test Cases/Tablo/TablodaVeriVarMi: Test Cases/Tablo/TablodaVeriVarMi

2021-11-16 09:42:35 - [TEST_STEP][PASSED] - verifyTextNotPresent("Görüntülenecek veri yok", true): Text 'Görüntülenecek veri yok' is not present on page using regular expression

2021-11-16 09:42:35 - [MESSAGE][INFO] - Checking text present  using regular expression

2021-11-16 09:42:35 - [MESSAGE][INFO] - Smart Wait Function is triggered

2021-11-16 09:42:36 - [MESSAGE][INFO] - Finding text 'Görüntülenecek veri yok' on page  using regular expression

2021-11-16 09:42:36 - [MESSAGE][PASSED] - Text 'Görüntülenecek veri yok' is not present on page using regular expression

2021-11-16 09:42:36 - [MESSAGE][PASSED] - Call Test Case 'Test Cases/Tablo/TablodaVeriVarMi' successfully

2021-11-16 09:42:36 - [MESSAGE][INFO] - Checking called Test Case

2021-11-16 09:42:36 - [MESSAGE][INFO] - Starting to call Test Case 'Test Cases/Tablo/TablodanVeriyeTiklanir'

2021-11-16 09:42:36 - [TEST_CASE][PASSED] - Test Cases/Tablo/TablodanVeriyeTiklanir: Test Cases/Tablo/TablodanVeriyeTiklanir

2021-11-16 09:42:36 - [TEST_STEP][PASSED] - Method.TextDegerineEsitElementeTikla(findTestObject("Tablo/Veriler"), VeriAdi): Method.TextDegerineEsitElementeTikla is PASSED

2021-11-16 09:42:36 - [MESSAGE][INFO] - Finding Test Object 'Object Repository/Tablo/Veriler'

2021-11-16 09:42:36 - [MESSAGE][INFO] - Checking timeout

2021-11-16 09:42:36 - [MESSAGE][INFO] - Finding web element with id: 'Object Repository/Tablo/Veriler' located by 'By.cssSelector: td.dxgv b ,td.dxgv' in '10' second(s)

2021-11-16 09:42:36 - [MESSAGE][INFO] - Smart Wait Function is triggered

2021-11-16 09:42:36 - [MESSAGE][INFO] - Found 8 web elements with id: 'Object Repository/Tablo/Veriler' located by 'By.cssSelector: td.dxgv b ,td.dxgv' in '10' second(s)

2021-11-16 09:42:36 - [MESSAGE][PASSED] - Method.TextDegerineEsitElementeTikla is PASSED

2021-11-16 09:42:36 - [MESSAGE][PASSED] - Call Test Case 'Test Cases/Tablo/TablodanVeriyeTiklanir' successfully

2021-11-16 09:42:36 - [MESSAGE][INFO] - Checking called Test Case

2021-11-16 09:42:36 - [MESSAGE][INFO] - Starting to call Test Case 'Test Cases/Butonlar/ButonaTikla'

2021-11-16 09:42:37 - [TEST_CASE][PASSED] - Test Cases/Butonlar/ButonaTikla: Test Cases/Butonlar/ButonaTikla

2021-11-16 09:42:37 - [TEST_STEP][PASSED] - Method.TextDegerineEsitElementeTiklaEquals(findTestObject("Butonlar/Butonlar"), Buton_Adi): Method.TextDegerineEsitElementeTiklaEquals is PASSED

2021-11-16 09:42:37 - [MESSAGE][INFO] - Finding Test Object 'Object Repository/Butonlar/Butonlar'

2021-11-16 09:42:37 - [MESSAGE][INFO] - Checking timeout

2021-11-16 09:42:37 - [MESSAGE][INFO] - Finding web element with id: 'Object Repository/Butonlar/Butonlar' located by 'By.cssSelector: .panel.panel-default.text-center.footerPanel .btn,.btn.btn-primary.btnControls' in '10' second(s)

2021-11-16 09:42:37 - [MESSAGE][INFO] - Smart Wait Function is triggered

2021-11-16 09:42:37 - [MESSAGE][INFO] - Found 7 web elements with id: 'Object Repository/Butonlar/Butonlar' located by 'By.cssSelector: .panel.panel-default.text-center.footerPanel .btn,.btn.btn-primary.btnControls' in '10' second(s)

2021-11-16 09:42:37 - [MESSAGE][PASSED] - Method.TextDegerineEsitElementeTiklaEquals is PASSED

2021-11-16 09:42:37 - [MESSAGE][PASSED] - Call Test Case 'Test Cases/Butonlar/ButonaTikla' successfully

2021-11-16 09:42:37 - [MESSAGE][INFO] - Checking called Test Case

2021-11-16 09:42:37 - [MESSAGE][INFO] - Starting to call Test Case 'Test Cases/Butonlar/DosyaIndirildiMi'

2021-11-16 09:42:37 - [TEST_CASE][PASSED] - Test Cases/Butonlar/DosyaIndirildiMi: Test Cases/Butonlar/DosyaIndirildiMi

2021-11-16 09:42:37 - [TEST_STEP][PASSED] - Method.isimliDosyaIndirildiMi(DownloadFile, FileName): Method.isimliDosyaIndirildiMi is PASSED

2021-11-16 09:42:37 - [MESSAGE][INFO] - Delaying browser in 3 second(s)

2021-11-16 09:42:40 - [MESSAGE][PASSED] - Delayed 3 second(s)

2021-11-16 09:42:40 - [MESSAGE][PASSED] - Method.isimliDosyaIndirildiMi is PASSED

2021-11-16 09:42:40 - [MESSAGE][PASSED] - Call Test Case 'Test Cases/Butonlar/DosyaIndirildiMi' successfully

2021-11-16 09:42:40 - [MESSAGE][INFO] - Checking called Test Case

2021-11-16 09:42:40 - [MESSAGE][INFO] - Starting to call Test Case 'Test Cases/Kullanici_Islemleri/KullaniciIslemlerindenSecimYapilir'

2021-11-16 09:42:40 - [TEST_CASE][PASSED] - Test Cases/Kullanici_Islemleri/KullaniciIslemlerindenSecimYapilir: Test Cases/Kullanici_Islemleri/KullaniciIslemlerindenSecimYapilir

2021-11-16 09:42:40 - [TEST_STEP][PASSED] - waitForElementClickable(findTestObject("Object Repository/Kullanici_Islemleri/KullaniciIslemleri"), 10): Object 'Object Repository/Kullanici_Islemleri/KullaniciIslemleri' is clickable

2021-11-16 09:42:40 - [MESSAGE][INFO] - Finding Test Object 'Object Repository/Kullanici_Islemleri/KullaniciIslemleri'

2021-11-16 09:42:41 - [MESSAGE][INFO] - Checking object

2021-11-16 09:42:41 - [MESSAGE][INFO] - Checking timeout

2021-11-16 09:42:41 - [MESSAGE][INFO] - Finding web element from Test Object's properties

2021-11-16 09:42:41 - [MESSAGE][INFO] - Checking timeout

2021-11-16 09:42:41 - [MESSAGE][INFO] - Finding web element with id: 'Object Repository/Kullanici_Islemleri/KullaniciIslemleri' located by 'By.cssSelector: .dropdown>a>img' in '10' second(s)

2021-11-16 09:42:41 - [MESSAGE][INFO] - Smart Wait Function is triggered

2021-11-16 09:42:41 - [MESSAGE][INFO] - Found 1 web elements with id: 'Object Repository/Kullanici_Islemleri/KullaniciIslemleri' located by 'By.cssSelector: .dropdown>a>img' in '10' second(s)

2021-11-16 09:42:41 - [MESSAGE][PASSED] - Object 'Object Repository/Kullanici_Islemleri/KullaniciIslemleri' is clickable

2021-11-16 09:42:41 - [TEST_STEP][PASSED] - click(findTestObject("Object Repository/Kullanici_Islemleri/KullaniciIslemleri")): Object: 'Object Repository/Kullanici_Islemleri/KullaniciIslemleri' is clicked on

2021-11-16 09:42:41 - [MESSAGE][INFO] - Finding Test Object 'Object Repository/Kullanici_Islemleri/KullaniciIslemleri'

2021-11-16 09:42:41 - [MESSAGE][INFO] - Checking object

2021-11-16 09:42:41 - [MESSAGE][INFO] - Finding web element from Test Object's properties

2021-11-16 09:42:41 - [MESSAGE][INFO] - Checking timeout

2021-11-16 09:42:41 - [MESSAGE][INFO] - Finding web element with id: 'Object Repository/Kullanici_Islemleri/KullaniciIslemleri' located by 'By.cssSelector: .dropdown>a>img' in '30' second(s)

2021-11-16 09:42:41 - [MESSAGE][INFO] - Smart Wait Function is triggered

2021-11-16 09:42:41 - [MESSAGE][INFO] - Found 1 web elements with id: 'Object Repository/Kullanici_Islemleri/KullaniciIslemleri' located by 'By.cssSelector: .dropdown>a>img' in '30' second(s)

2021-11-16 09:42:41 - [MESSAGE][INFO] - Clicking on object: 'Object Repository/Kullanici_Islemleri/KullaniciIslemleri'

2021-11-16 09:42:41 - [MESSAGE][PASSED] - Object: 'Object Repository/Kullanici_Islemleri/KullaniciIslemleri' is clicked on

2021-11-16 09:42:41 - [TEST_STEP][PASSED] - Method.TextDegerineEsitElementeTikla(findTestObject("Object Repository/Kullanici_Islemleri/Secenekler"), Islem): Method.TextDegerineEsitElementeTikla is PASSED

2021-11-16 09:42:41 - [MESSAGE][INFO] - Finding Test Object 'Object Repository/Kullanici_Islemleri/Secenekler'

2021-11-16 09:42:41 - [MESSAGE][INFO] - Checking timeout

2021-11-16 09:42:41 - [MESSAGE][INFO] - Finding web element with id: 'Object Repository/Kullanici_Islemleri/Secenekler' located by 'By.cssSelector: .nav.navbar-nav.navbar-right li a' in '10' second(s)

2021-11-16 09:42:41 - [MESSAGE][INFO] - Smart Wait Function is triggered

2021-11-16 09:42:42 - [MESSAGE][INFO] - Found 22 web elements with id: 'Object Repository/Kullanici_Islemleri/Secenekler' located by 'By.cssSelector: .nav.navbar-nav.navbar-right li a' in '10' second(s)

2021-11-16 09:42:43 - [MESSAGE][PASSED] - Method.TextDegerineEsitElementeTikla is PASSED

2021-11-16 09:42:43 - [TEST_STEP][PASSED] - verifyElementNotPresent(findTestObject("Object Repository/Kullanici_Islemleri/Secenekler"), 10): Web element with id: 'Object Repository/Kullanici_Islemleri/Secenekler' located by 'By.cssSelector: .nav.navbar-nav.navbar-right li a' is not present after '10' second(s)

2021-11-16 09:42:43 - [MESSAGE][INFO] - Finding Test Object 'Object Repository/Kullanici_Islemleri/Secenekler'

2021-11-16 09:42:43 - [MESSAGE][INFO] - Checking object

2021-11-16 09:42:43 - [MESSAGE][INFO] - Checking timeout

2021-11-16 09:42:43 - [MESSAGE][INFO] - Finding web element with id: 'Object Repository/Kullanici_Islemleri/Secenekler' located by 'By.cssSelector: .nav.navbar-nav.navbar-right li a' in '10' second(s)

2021-11-16 09:42:43 - [MESSAGE][INFO] - Smart Wait Function is triggered

2021-11-16 09:42:43 - [MESSAGE][PASSED] - Web element with id: 'Object Repository/Kullanici_Islemleri/Secenekler' located by 'By.cssSelector: .nav.navbar-nav.navbar-right li a' is not present after '10' second(s)

2021-11-16 09:42:43 - [MESSAGE][PASSED] - Call Test Case 'Test Cases/Kullanici_Islemleri/KullaniciIslemlerindenSecimYapilir' successfully

2021-11-16 09:42:43 - [TEST_CASE][PASSED] - Start Test Case : SCENARIO Tasarim Araclari Indir: SCENARIO Tasarim Araclari Indir

2021-11-16 09:42:43 - [TEST_STEP][PASSED] - Kullanıcı adı ELOGO6 ve Şifre 123456 olarak giriş yapılır: Kullanıcı adı ELOGO6 ve Şifre 123456 olarak giriş yapılır

2021-11-16 09:42:43 - [MESSAGE][PASSED] - Kullanıcı adı ELOGO6 ve Şifre 123456 olarak giriş yapılır

2021-11-16 09:42:43 - [TEST_STEP][PASSED] - Ana menüden Ayarlar seçilir: Ana menüden Ayarlar seçilir

2021-11-16 09:42:43 - [MESSAGE][PASSED] - Ana menüden Ayarlar seçilir

2021-11-16 09:42:43 - [TEST_STEP][PASSED] - Alt menü Görsel Tasarımlar başlığı altındaki Tasarım Araçları seçilir: Alt menü Görsel Tasarımlar başlığı altındaki Tasarım Araçları seçilir

2021-11-16 09:42:43 - [MESSAGE][PASSED] - Alt menü Görsel Tasarımlar başlığı altındaki Tasarım Araçları seçilir

2021-11-16 09:42:43 - [TEST_STEP][PASSED] - Filtrelerden Oluşturma Zamanı filtresine 18.01.2018 baslangic degerini yaz: Filtrelerden Oluşturma Zamanı filtresine 18.01.2018 baslangic degerini yaz

2021-11-16 09:42:43 - [MESSAGE][PASSED] - Filtrelerden Oluşturma Zamanı filtresine 18.01.2018 baslangic degerini yaz

2021-11-16 09:42:43 - [TEST_STEP][PASSED] - Filtrelerden Oluşturma Zamanı filtresine 31.12.2018 bitis degerini yaz: Filtrelerden Oluşturma Zamanı filtresine 31.12.2018 bitis degerini yaz

2021-11-16 09:42:43 - [MESSAGE][PASSED] - Filtrelerden Oluşturma Zamanı filtresine 31.12.2018 bitis degerini yaz

2021-11-16 09:42:43 - [TEST_STEP][PASSED] - Filtre butonlarından Listele seçilir: Filtre butonlarından Listele seçilir

2021-11-16 09:42:43 - [MESSAGE][PASSED] - Filtre butonlarından Listele seçilir

2021-11-16 09:42:43 - [TEST_STEP][PASSED] - Tabloda veri var mı kontrol edilir: Tabloda veri var mı kontrol edilir

2021-11-16 09:42:43 - [MESSAGE][PASSED] - Tabloda veri var mı kontrol edilir

2021-11-16 09:42:43 - [TEST_STEP][PASSED] - Tablodaki TEST ünvanlı veriye tıklanır: Tablodaki TEST ünvanlı veriye tıklanır

2021-11-16 09:42:43 - [MESSAGE][PASSED] - Tablodaki TEST ünvanlı veriye tıklanır

2021-11-16 09:42:43 - [TEST_STEP][PASSED] - Butonlardan İndir isimli butona tıklanır: Butonlardan İndir isimli butona tıklanır

2021-11-16 09:42:43 - [MESSAGE][PASSED] - Butonlardan İndir isimli butona tıklanır

2021-11-16 09:42:43 - [TEST_STEP][PASSED] - Ön eki 8962 olan dosya indirildi mi: Ön eki 8962 olan dosya indirildi mi

2021-11-16 09:42:43 - [MESSAGE][PASSED] - Ön eki 8962 olan dosya indirildi mi

2021-11-16 09:42:43 - [TEST_STEP][PASSED] - Kullanıcı işlemlerinden Çıkış seçilir: Kullanıcı işlemlerinden Çıkış seçilir

2021-11-16 09:42:43 - [MESSAGE][PASSED] - Kullanıcı işlemlerinden Çıkış seçilir

2021-11-16 09:42:43 - [MESSAGE][PASSED] - Feature file: 'Include/features/Ayarlar/Gorsel Tasarimlar/Tasarim Araclari/Indir.feature' was passed

2021-11-16 09:42:43 - [TEST_STEP][PASSED] - Start listener action : sampleAfterTestSuite: Invoke 'com.kms.katalon.core.annotation.AfterTestCase' method: 'Listener.sampleAfterTestSuite(...)' completed.

2021-11-16 09:42:43 - [MESSAGE][INFO] - Starting invoke 'com.kms.katalon.core.annotation.AfterTestCase' method: 'Listener.sampleAfterTestSuite(...)'

2021-11-16 09:42:43 - [TEST_STEP][PASSED] - closeBrowser(): Invoke 'com.kms.katalon.core.annotation.AfterTestCase' method: 'Listener.sampleAfterTestSuite(...)' completed.

2021-11-16 09:42:43 - [MESSAGE][INFO] - Closing browser

2021-11-16 09:42:44 - [MESSAGE][PASSED] - Browser is closed

2021-11-16 09:42:44 - [MESSAGE][INFO] - Invoke 'com.kms.katalon.core.annotation.AfterTestCase' method: 'Listener.sampleAfterTestSuite(...)' completed.]]></system-out>
         <system-err><![CDATA[]]></system-err>
      </testcase>
      <testcase name="Test Cases/Case Repository/Ayarlar/Gorsel Tasarim/Tasarim Araclari/Kopyala" time="43.469" classname="Test Cases/Case Repository/Ayarlar/Gorsel Tasarim/Tasarim Araclari/Kopyala" status="PASSED">
         <system-out><![CDATA[2021-11-16 09:42:44 - [TEST_CASE][PASSED] - Test Cases/Case Repository/Ayarlar/Gorsel Tasarim/Tasarim Araclari/Kopyala: Test Cases/Case Repository/Ayarlar/Gorsel Tasarim/Tasarim Araclari/Kopyala

2021-11-16 09:42:44 - [TEST_STEP][PASSED] - Start listener action : sampleBeforeTestSuite: Invoke 'com.kms.katalon.core.annotation.BeforeTestCase' method: 'Listener.sampleBeforeTestSuite(...)' completed.

2021-11-16 09:42:44 - [MESSAGE][INFO] - Starting invoke 'com.kms.katalon.core.annotation.BeforeTestCase' method: 'Listener.sampleBeforeTestSuite(...)'

2021-11-16 09:42:44 - [TEST_STEP][PASSED] - openBrowser(baseUrl): Browser is opened with url: 'https://efatura-stage.elogo.com.tr/'

2021-11-16 09:42:44 - [MESSAGE][INFO] - Opening browser

2021-11-16 09:42:44 - [MESSAGE][INFO] - Starting 'Chrome' driver

2021-11-16 09:42:44 - [MESSAGE][INFO] - User set preference: ['prefs', '{download.default_directory=C:\otomasyondownfiles}']

2021-11-16 09:42:44 - [MESSAGE][INFO] - Action delay is set to 0 milliseconds

2021-11-16 09:42:45 - [MESSAGE][INFO] - Navigating browser to: 'https://efatura-stage.elogo.com.tr/'

2021-11-16 09:42:47 - [MESSAGE][PASSED] - Browser is opened with url: 'https://efatura-stage.elogo.com.tr/'

2021-11-16 09:42:47 - [TEST_STEP][PASSED] - maximizeWindow(): Invoke 'com.kms.katalon.core.annotation.BeforeTestCase' method: 'Listener.sampleBeforeTestSuite(...)' completed.

2021-11-16 09:42:47 - [MESSAGE][INFO] - Maximizing current window

2021-11-16 09:42:47 - [MESSAGE][PASSED] - Current window maximized

2021-11-16 09:42:47 - [MESSAGE][INFO] - Invoke 'com.kms.katalon.core.annotation.BeforeTestCase' method: 'Listener.sampleBeforeTestSuite(...)' completed.

2021-11-16 09:42:48 - [TEST_STEP][PASSED] - runFeatureFile("Include/features/Ayarlar/Gorsel Tasarimlar/Tasarim Araclari/Kopyala.feature"): Feature file: 'Include/features/Ayarlar/Gorsel Tasarimlar/Tasarim Araclari/Kopyala.feature' was passed

2021-11-16 09:42:48 - [MESSAGE][INFO] - Starting run keyword runFeatureFile: 'Include/features/Ayarlar/Gorsel Tasarimlar/Tasarim Araclari/Kopyala.feature' and extract report to folder: 'C:\Users\DELL\Documents\GitHub\EES_KatalonLogo\Reports\20211116_090026\Suite Repository\Ayarlar\20211116_090123/cucumber_report/1637044968064'...

2021-11-16 09:42:48 - [MESSAGE][INFO] - Glue: []

2021-11-16 09:42:49 - [MESSAGE][INFO] - Checking called Test Case

2021-11-16 09:42:49 - [MESSAGE][INFO] - Starting to call Test Case 'Test Cases/Sayfalar/Giris_Sayfasi/Login'

2021-11-16 09:42:49 - [TEST_CASE][PASSED] - Test Cases/Sayfalar/Giris_Sayfasi/Login: Test Cases/Sayfalar/Giris_Sayfasi/Login

2021-11-16 09:42:49 - [TEST_STEP][PASSED] - Sayfa_Basligi = getWindowTitle(): Current window's title is: 'LOGO e-Fatura'

2021-11-16 09:42:49 - [MESSAGE][INFO] - Getting current window's title

2021-11-16 09:42:49 - [MESSAGE][PASSED] - Current window's title is: 'LOGO e-Fatura'

2021-11-16 09:42:49 - [TEST_STEP][PASSED] - verifyMatch(Sayfa_Basligi, "LOGO e-Fatura", false): Actual text 'LOGO e-Fatura' and expected text 'LOGO e-Fatura' are matched 

2021-11-16 09:42:49 - [MESSAGE][INFO] - Matching actual text 'LOGO e-Fatura' with expected text 'LOGO e-Fatura'

2021-11-16 09:42:49 - [MESSAGE][PASSED] - Actual text 'LOGO e-Fatura' and expected text 'LOGO e-Fatura' are matched 

2021-11-16 09:42:49 - [TEST_STEP][PASSED] - sendKeys(findTestObject("Sayfalar/Giris_Sayfasi/Firma_Kodu"), KullaniciAdi): Keys 'ELOGO6' sent to object: 'Object Repository/Sayfalar/Giris_Sayfasi/Firma_Kodu'

2021-11-16 09:42:49 - [MESSAGE][INFO] - Finding Test Object 'Object Repository/Sayfalar/Giris_Sayfasi/Firma_Kodu'

2021-11-16 09:42:49 - [MESSAGE][INFO] - Sending keys 'ELOGO6' to object: 'Object Repository/Sayfalar/Giris_Sayfasi/Firma_Kodu'

2021-11-16 09:42:49 - [MESSAGE][INFO] - Finding web element from Test Object's properties

2021-11-16 09:42:49 - [MESSAGE][INFO] - Checking timeout

2021-11-16 09:42:49 - [MESSAGE][INFO] - Finding web element with id: 'Object Repository/Sayfalar/Giris_Sayfasi/Firma_Kodu' located by 'By.xpath: //*[@id = 'AccountName']' in '30' second(s)

2021-11-16 09:42:49 - [MESSAGE][INFO] - Smart Wait Function is triggered

2021-11-16 09:42:49 - [MESSAGE][INFO] - Found 1 web elements with id: 'Object Repository/Sayfalar/Giris_Sayfasi/Firma_Kodu' located by 'By.xpath: //*[@id = 'AccountName']' in '30' second(s)

2021-11-16 09:42:49 - [MESSAGE][PASSED] - Keys 'ELOGO6' sent to object: 'Object Repository/Sayfalar/Giris_Sayfasi/Firma_Kodu'

2021-11-16 09:42:49 - [TEST_STEP][PASSED] - sendKeys(findTestObject("Sayfalar/Giris_Sayfasi/Sifre"), Sifre): Keys '123456' sent to object: 'Object Repository/Sayfalar/Giris_Sayfasi/Sifre'

2021-11-16 09:42:49 - [MESSAGE][INFO] - Finding Test Object 'Object Repository/Sayfalar/Giris_Sayfasi/Sifre'

2021-11-16 09:42:49 - [MESSAGE][INFO] - Sending keys '123456' to object: 'Object Repository/Sayfalar/Giris_Sayfasi/Sifre'

2021-11-16 09:42:49 - [MESSAGE][INFO] - Finding web element from Test Object's properties

2021-11-16 09:42:49 - [MESSAGE][INFO] - Checking timeout

2021-11-16 09:42:49 - [MESSAGE][INFO] - Finding web element with id: 'Object Repository/Sayfalar/Giris_Sayfasi/Sifre' located by 'By.xpath: //*[@id = 'Password']' in '30' second(s)

2021-11-16 09:42:49 - [MESSAGE][INFO] - Smart Wait Function is triggered

2021-11-16 09:42:50 - [MESSAGE][INFO] - Found 1 web elements with id: 'Object Repository/Sayfalar/Giris_Sayfasi/Sifre' located by 'By.xpath: //*[@id = 'Password']' in '30' second(s)

2021-11-16 09:42:50 - [MESSAGE][PASSED] - Keys '123456' sent to object: 'Object Repository/Sayfalar/Giris_Sayfasi/Sifre'

2021-11-16 09:42:50 - [TEST_STEP][PASSED] - findWebElement(findTestObject("Sayfalar/Giris_Sayfasi/Giris_Butonu")).click(): Found 1 web elements with id: 'Object Repository/Sayfalar/Giris_Sayfasi/Giris_Butonu' located by 'By.cssSelector: #btnLogin' in '30' second(s)

2021-11-16 09:42:50 - [MESSAGE][INFO] - Finding Test Object 'Object Repository/Sayfalar/Giris_Sayfasi/Giris_Butonu'

2021-11-16 09:42:50 - [MESSAGE][INFO] - Finding web element from Test Object's properties

2021-11-16 09:42:50 - [MESSAGE][INFO] - Checking timeout

2021-11-16 09:42:50 - [MESSAGE][INFO] - Finding web element with id: 'Object Repository/Sayfalar/Giris_Sayfasi/Giris_Butonu' located by 'By.cssSelector: #btnLogin' in '30' second(s)

2021-11-16 09:42:50 - [MESSAGE][INFO] - Smart Wait Function is triggered

2021-11-16 09:42:50 - [MESSAGE][INFO] - Found 1 web elements with id: 'Object Repository/Sayfalar/Giris_Sayfasi/Giris_Butonu' located by 'By.cssSelector: #btnLogin' in '30' second(s)

2021-11-16 09:42:52 - [TEST_STEP][PASSED] - if (verifyElementPresent(findTestObject("Object Repository/Sayfalar/Giris_Sayfasi/RetveTamam_Butonu"), 5, OPTIONAL)): null

2021-11-16 09:42:52 - [MESSAGE][INFO] - Finding Test Object 'Object Repository/Sayfalar/Giris_Sayfasi/RetveTamam_Butonu'

2021-11-16 09:42:52 - [MESSAGE][INFO] - Checking object

2021-11-16 09:42:52 - [MESSAGE][INFO] - Finding web element from Test Object's properties

2021-11-16 09:42:52 - [MESSAGE][INFO] - Checking timeout

2021-11-16 09:42:52 - [MESSAGE][INFO] - Finding web element with id: 'Object Repository/Sayfalar/Giris_Sayfasi/RetveTamam_Butonu' located by 'By.xpath: //*[@class = 'btn btn-default']' in '5' second(s)

2021-11-16 09:42:52 - [MESSAGE][INFO] - Smart Wait Function is triggered

2021-11-16 09:42:53 - [MESSAGE][INFO] - Found 1 web elements with id: 'Object Repository/Sayfalar/Giris_Sayfasi/RetveTamam_Butonu' located by 'By.xpath: //*[@class = 'btn btn-default']' in '5' second(s)

2021-11-16 09:42:53 - [MESSAGE][PASSED] - Object 'Object Repository/Sayfalar/Giris_Sayfasi/RetveTamam_Butonu' is present

2021-11-16 09:42:53 - [TEST_STEP][PASSED] - click(findTestObject("Object Repository/Sayfalar/Giris_Sayfasi/RetveTamam_Butonu")): Object: 'Object Repository/Sayfalar/Giris_Sayfasi/RetveTamam_Butonu' is clicked on

2021-11-16 09:42:53 - [MESSAGE][INFO] - Finding Test Object 'Object Repository/Sayfalar/Giris_Sayfasi/RetveTamam_Butonu'

2021-11-16 09:42:53 - [MESSAGE][INFO] - Checking object

2021-11-16 09:42:53 - [MESSAGE][INFO] - Finding web element from Test Object's properties

2021-11-16 09:42:53 - [MESSAGE][INFO] - Checking timeout

2021-11-16 09:42:53 - [MESSAGE][INFO] - Finding web element with id: 'Object Repository/Sayfalar/Giris_Sayfasi/RetveTamam_Butonu' located by 'By.xpath: //*[@class = 'btn btn-default']' in '30' second(s)

2021-11-16 09:42:53 - [MESSAGE][INFO] - Smart Wait Function is triggered

2021-11-16 09:42:53 - [MESSAGE][INFO] - Found 1 web elements with id: 'Object Repository/Sayfalar/Giris_Sayfasi/RetveTamam_Butonu' located by 'By.xpath: //*[@class = 'btn btn-default']' in '30' second(s)

2021-11-16 09:42:53 - [MESSAGE][INFO] - Clicking on object: 'Object Repository/Sayfalar/Giris_Sayfasi/RetveTamam_Butonu'

2021-11-16 09:42:53 - [MESSAGE][PASSED] - Object: 'Object Repository/Sayfalar/Giris_Sayfasi/RetveTamam_Butonu' is clicked on

2021-11-16 09:42:53 - [TEST_STEP][PASSED] - click(findTestObject("Object Repository/Sayfalar/Giris_Sayfasi/RetveTamam_Butonu")): Object: 'Object Repository/Sayfalar/Giris_Sayfasi/RetveTamam_Butonu' is clicked on

2021-11-16 09:42:53 - [MESSAGE][INFO] - Finding Test Object 'Object Repository/Sayfalar/Giris_Sayfasi/RetveTamam_Butonu'

2021-11-16 09:42:53 - [MESSAGE][INFO] - Checking object

2021-11-16 09:42:53 - [MESSAGE][INFO] - Finding web element from Test Object's properties

2021-11-16 09:42:53 - [MESSAGE][INFO] - Checking timeout

2021-11-16 09:42:53 - [MESSAGE][INFO] - Finding web element with id: 'Object Repository/Sayfalar/Giris_Sayfasi/RetveTamam_Butonu' located by 'By.xpath: //*[@class = 'btn btn-default']' in '30' second(s)

2021-11-16 09:42:53 - [MESSAGE][INFO] - Smart Wait Function is triggered

2021-11-16 09:42:59 - [MESSAGE][INFO] - Found 1 web elements with id: 'Object Repository/Sayfalar/Giris_Sayfasi/RetveTamam_Butonu' located by 'By.xpath: //*[@class = 'btn btn-default']' in '30' second(s)

2021-11-16 09:42:59 - [MESSAGE][INFO] - Clicking on object: 'Object Repository/Sayfalar/Giris_Sayfasi/RetveTamam_Butonu'

2021-11-16 09:42:59 - [MESSAGE][PASSED] - Object: 'Object Repository/Sayfalar/Giris_Sayfasi/RetveTamam_Butonu' is clicked on

2021-11-16 09:42:59 - [TEST_STEP][PASSED] - if (verifyElementPresent(findTestObject("Sayfalar/Giris_Sayfasi/PopupOK"), 5, OPTIONAL)): null

2021-11-16 09:42:59 - [MESSAGE][INFO] - Finding Test Object 'Object Repository/Sayfalar/Giris_Sayfasi/PopupOK'

2021-11-16 09:42:59 - [MESSAGE][INFO] - Checking object

2021-11-16 09:42:59 - [MESSAGE][INFO] - Finding web element from Test Object's properties

2021-11-16 09:42:59 - [MESSAGE][INFO] - Checking timeout

2021-11-16 09:42:59 - [MESSAGE][INFO] - Finding web element with id: 'Object Repository/Sayfalar/Giris_Sayfasi/PopupOK' located by 'By.cssSelector: .btn.btn-success' in '5' second(s)

2021-11-16 09:42:59 - [MESSAGE][INFO] - Smart Wait Function is triggered

2021-11-16 09:42:59 - [MESSAGE][INFO] - Found 1 web elements with id: 'Object Repository/Sayfalar/Giris_Sayfasi/PopupOK' located by 'By.cssSelector: .btn.btn-success' in '5' second(s)

2021-11-16 09:42:59 - [MESSAGE][PASSED] - Object 'Object Repository/Sayfalar/Giris_Sayfasi/PopupOK' is present

2021-11-16 09:42:59 - [TEST_STEP][PASSED] - click(findTestObject("Object Repository/Sayfalar/Giris_Sayfasi/PopupCarpiGiris")): Object: 'Object Repository/Sayfalar/Giris_Sayfasi/PopupCarpiGiris' is clicked on

2021-11-16 09:42:59 - [MESSAGE][INFO] - Finding Test Object 'Object Repository/Sayfalar/Giris_Sayfasi/PopupCarpiGiris'

2021-11-16 09:42:59 - [MESSAGE][INFO] - Checking object

2021-11-16 09:42:59 - [MESSAGE][INFO] - Finding web element from Test Object's properties

2021-11-16 09:42:59 - [MESSAGE][INFO] - Checking timeout

2021-11-16 09:42:59 - [MESSAGE][INFO] - Finding web element with id: 'Object Repository/Sayfalar/Giris_Sayfasi/PopupCarpiGiris' located by 'By.cssSelector: .bootbox-close-button.close' in '30' second(s)

2021-11-16 09:42:59 - [MESSAGE][INFO] - Smart Wait Function is triggered

2021-11-16 09:43:00 - [MESSAGE][INFO] - Found 1 web elements with id: 'Object Repository/Sayfalar/Giris_Sayfasi/PopupCarpiGiris' located by 'By.cssSelector: .bootbox-close-button.close' in '30' second(s)

2021-11-16 09:43:00 - [MESSAGE][INFO] - Clicking on object: 'Object Repository/Sayfalar/Giris_Sayfasi/PopupCarpiGiris'

2021-11-16 09:43:00 - [MESSAGE][PASSED] - Object: 'Object Repository/Sayfalar/Giris_Sayfasi/PopupCarpiGiris' is clicked on

2021-11-16 09:43:00 - [TEST_STEP][PASSED] - verifyElementVisible(findTestObject("Object Repository/Kullanici_Islemleri/KullaniciIslemleri")): Object 'Object Repository/Kullanici_Islemleri/KullaniciIslemleri' is visible

2021-11-16 09:43:00 - [MESSAGE][INFO] - Finding Test Object 'Object Repository/Kullanici_Islemleri/KullaniciIslemleri'

2021-11-16 09:43:00 - [MESSAGE][INFO] - Checking object

2021-11-16 09:43:00 - [MESSAGE][INFO] - Finding web element from Test Object's properties

2021-11-16 09:43:00 - [MESSAGE][INFO] - Checking timeout

2021-11-16 09:43:00 - [MESSAGE][INFO] - Finding web element with id: 'Object Repository/Kullanici_Islemleri/KullaniciIslemleri' located by 'By.cssSelector: .dropdown>a>img' in '30' second(s)

2021-11-16 09:43:00 - [MESSAGE][INFO] - Smart Wait Function is triggered

2021-11-16 09:43:01 - [MESSAGE][INFO] - Found 1 web elements with id: 'Object Repository/Kullanici_Islemleri/KullaniciIslemleri' located by 'By.cssSelector: .dropdown>a>img' in '30' second(s)

2021-11-16 09:43:01 - [MESSAGE][PASSED] - Object 'Object Repository/Kullanici_Islemleri/KullaniciIslemleri' is visible

2021-11-16 09:43:01 - [MESSAGE][PASSED] - Call Test Case 'Test Cases/Sayfalar/Giris_Sayfasi/Login' successfully

2021-11-16 09:43:01 - [MESSAGE][INFO] - Checking called Test Case

2021-11-16 09:43:01 - [MESSAGE][INFO] - Starting to call Test Case 'Test Cases/Menu/AnaMenuSecimi'

2021-11-16 09:43:01 - [TEST_CASE][PASSED] - Test Cases/Menu/AnaMenuSecimi: Test Cases/Menu/AnaMenuSecimi

2021-11-16 09:43:01 - [TEST_STEP][PASSED] - Method.TextDegerineEsitElementeTikla(findTestObject("Menu/Ana_Menu"), Ana_Menu): Method.TextDegerineEsitElementeTikla is PASSED

2021-11-16 09:43:01 - [MESSAGE][INFO] - Finding Test Object 'Object Repository/Menu/Ana_Menu'

2021-11-16 09:43:01 - [MESSAGE][INFO] - Checking timeout

2021-11-16 09:43:01 - [MESSAGE][INFO] - Finding web element with id: 'Object Repository/Menu/Ana_Menu' located by 'By.xpath: //*[@class = 'dropdown-toggle']' in '10' second(s)

2021-11-16 09:43:01 - [MESSAGE][INFO] - Smart Wait Function is triggered

2021-11-16 09:43:01 - [MESSAGE][INFO] - Found 14 web elements with id: 'Object Repository/Menu/Ana_Menu' located by 'By.xpath: //*[@class = 'dropdown-toggle']' in '10' second(s)

2021-11-16 09:43:01 - [MESSAGE][PASSED] - Method.TextDegerineEsitElementeTikla is PASSED

2021-11-16 09:43:01 - [MESSAGE][PASSED] - Call Test Case 'Test Cases/Menu/AnaMenuSecimi' successfully

2021-11-16 09:43:01 - [MESSAGE][INFO] - Checking called Test Case

2021-11-16 09:43:01 - [MESSAGE][INFO] - Starting to call Test Case 'Test Cases/Menu/BasligaGoreAltMenuSecimi'

2021-11-16 09:43:01 - [TEST_CASE][PASSED] - Test Cases/Menu/BasligaGoreAltMenuSecimi: Test Cases/Menu/BasligaGoreAltMenuSecimi

2021-11-16 09:43:01 - [TEST_STEP][PASSED] - Method.TextDegerineEsitElementinAltindakiTextDegerineEsitOlanaTikla(findTestObject("Menu/Menu_Basligi"), findTestObject("Menu/Basliga_Gore_Alt_Menu"), Baslik, Alt_Menu): Method.TextDegerineEsitElementinAltindakiTextDegerineEsitOlanaTikla is PASSED

2021-11-16 09:43:01 - [MESSAGE][INFO] - Finding Test Object 'Object Repository/Menu/Menu_Basligi'

2021-11-16 09:43:01 - [MESSAGE][INFO] - Finding Test Object 'Object Repository/Menu/Basliga_Gore_Alt_Menu'

2021-11-16 09:43:02 - [MESSAGE][INFO] - Checking timeout

2021-11-16 09:43:02 - [MESSAGE][INFO] - Finding web element with id: 'Object Repository/Menu/Menu_Basligi' located by 'By.xpath: //li[@class='dropdown dropdown-large open']//li[@class='dropdown-header']' in '10' second(s)

2021-11-16 09:43:02 - [MESSAGE][INFO] - Smart Wait Function is triggered

2021-11-16 09:43:02 - [MESSAGE][INFO] - Found 2 web elements with id: 'Object Repository/Menu/Menu_Basligi' located by 'By.xpath: //li[@class='dropdown dropdown-large open']//li[@class='dropdown-header']' in '10' second(s)

2021-11-16 09:43:02 - [MESSAGE][INFO] - Smart Wait Function is triggered

2021-11-16 09:43:11 - [MESSAGE][PASSED] - Method.TextDegerineEsitElementinAltindakiTextDegerineEsitOlanaTikla is PASSED

2021-11-16 09:43:11 - [MESSAGE][PASSED] - Call Test Case 'Test Cases/Menu/BasligaGoreAltMenuSecimi' successfully

2021-11-16 09:43:11 - [MESSAGE][INFO] - Checking called Test Case

2021-11-16 09:43:11 - [MESSAGE][INFO] - Starting to call Test Case 'Test Cases/Filtreler/BaslangicYaz'

2021-11-16 09:43:11 - [TEST_CASE][PASSED] - Test Cases/Filtreler/BaslangicYaz: Test Cases/Filtreler/BaslangicYaz

2021-11-16 09:43:11 - [TEST_STEP][PASSED] - Method.TextDegerineEsitElementinAltindakineTikla(findTestObject("Filtreler/Basliklar"), findTestObject("Filtreler/Basliga_Gore_Baslangic_Image"), Filtre_Adi): Method.TextDegerineEsitElementinAltindakineTikla is PASSED

2021-11-16 09:43:11 - [MESSAGE][INFO] - Finding Test Object 'Object Repository/Filtreler/Basliklar'

2021-11-16 09:43:11 - [MESSAGE][INFO] - Finding Test Object 'Object Repository/Filtreler/Basliga_Gore_Baslangic_Image'

2021-11-16 09:43:11 - [MESSAGE][INFO] - Checking timeout

2021-11-16 09:43:11 - [MESSAGE][INFO] - Finding web element with id: 'Object Repository/Filtreler/Basliklar' located by 'By.cssSelector: .control-label.col-sm-4.paddingMarginRLC' in '10' second(s)

2021-11-16 09:43:11 - [MESSAGE][INFO] - Smart Wait Function is triggered

2021-11-16 09:43:11 - [MESSAGE][INFO] - Found 7 web elements with id: 'Object Repository/Filtreler/Basliklar' located by 'By.cssSelector: .control-label.col-sm-4.paddingMarginRLC' in '10' second(s)

2021-11-16 09:43:11 - [MESSAGE][INFO] - Smart Wait Function is triggered

2021-11-16 09:43:12 - [MESSAGE][PASSED] - Method.TextDegerineEsitElementinAltindakineTikla is PASSED

2021-11-16 09:43:12 - [TEST_STEP][PASSED] - Method.TextDegerineEsitElementinAltindakiTextboxtaYaz(findTestObject("Filtreler/Basliklar"), findTestObject("Filtreler/Basliga_Gore_Baslangic"), Filtre_Adi, Filtre_Degeri): Method.TextDegerineEsitElementinAltindakiTextboxtaYaz is PASSED

2021-11-16 09:43:12 - [MESSAGE][INFO] - Finding Test Object 'Object Repository/Filtreler/Basliklar'

2021-11-16 09:43:12 - [MESSAGE][INFO] - Finding Test Object 'Object Repository/Filtreler/Basliga_Gore_Baslangic'

2021-11-16 09:43:12 - [MESSAGE][INFO] - Checking timeout

2021-11-16 09:43:12 - [MESSAGE][INFO] - Finding web element with id: 'Object Repository/Filtreler/Basliklar' located by 'By.cssSelector: .control-label.col-sm-4.paddingMarginRLC' in '10' second(s)

2021-11-16 09:43:12 - [MESSAGE][INFO] - Smart Wait Function is triggered

2021-11-16 09:43:12 - [MESSAGE][INFO] - Found 7 web elements with id: 'Object Repository/Filtreler/Basliklar' located by 'By.cssSelector: .control-label.col-sm-4.paddingMarginRLC' in '10' second(s)

2021-11-16 09:43:12 - [MESSAGE][INFO] - Smart Wait Function is triggered

2021-11-16 09:43:12 - [MESSAGE][PASSED] - Method.TextDegerineEsitElementinAltindakiTextboxtaYaz is PASSED

2021-11-16 09:43:12 - [MESSAGE][PASSED] - Call Test Case 'Test Cases/Filtreler/BaslangicYaz' successfully

2021-11-16 09:43:12 - [MESSAGE][INFO] - Checking called Test Case

2021-11-16 09:43:12 - [MESSAGE][INFO] - Starting to call Test Case 'Test Cases/Filtreler/BitisYaz'

2021-11-16 09:43:13 - [TEST_CASE][PASSED] - Test Cases/Filtreler/BitisYaz: Test Cases/Filtreler/BitisYaz

2021-11-16 09:43:13 - [TEST_STEP][PASSED] - Method.TextDegerineEsitElementinAltindakineTikla(findTestObject("Filtreler/Basliklar"), findTestObject("Filtreler/Basliga_Gore_Bitis_Image"), Filtre_Adi): Method.TextDegerineEsitElementinAltindakineTikla is PASSED

2021-11-16 09:43:13 - [MESSAGE][INFO] - Finding Test Object 'Object Repository/Filtreler/Basliklar'

2021-11-16 09:43:13 - [MESSAGE][INFO] - Finding Test Object 'Object Repository/Filtreler/Basliga_Gore_Bitis_Image'

2021-11-16 09:43:13 - [MESSAGE][INFO] - Checking timeout

2021-11-16 09:43:13 - [MESSAGE][INFO] - Finding web element with id: 'Object Repository/Filtreler/Basliklar' located by 'By.cssSelector: .control-label.col-sm-4.paddingMarginRLC' in '10' second(s)

2021-11-16 09:43:13 - [MESSAGE][INFO] - Smart Wait Function is triggered

2021-11-16 09:43:13 - [MESSAGE][INFO] - Found 7 web elements with id: 'Object Repository/Filtreler/Basliklar' located by 'By.cssSelector: .control-label.col-sm-4.paddingMarginRLC' in '10' second(s)

2021-11-16 09:43:13 - [MESSAGE][INFO] - Smart Wait Function is triggered

2021-11-16 09:43:13 - [MESSAGE][PASSED] - Method.TextDegerineEsitElementinAltindakineTikla is PASSED

2021-11-16 09:43:13 - [TEST_STEP][PASSED] - Method.TextDegerineEsitElementinAltindakiTextboxtaYaz(findTestObject("Filtreler/Basliklar"), findTestObject("Object Repository/Filtreler/Basliga_Gore_Bitis"), Filtre_Adi, Filtre_Degeri): Method.TextDegerineEsitElementinAltindakiTextboxtaYaz is PASSED

2021-11-16 09:43:13 - [MESSAGE][INFO] - Finding Test Object 'Object Repository/Filtreler/Basliklar'

2021-11-16 09:43:13 - [MESSAGE][INFO] - Finding Test Object 'Object Repository/Filtreler/Basliga_Gore_Bitis'

2021-11-16 09:43:14 - [MESSAGE][INFO] - Checking timeout

2021-11-16 09:43:14 - [MESSAGE][INFO] - Finding web element with id: 'Object Repository/Filtreler/Basliklar' located by 'By.cssSelector: .control-label.col-sm-4.paddingMarginRLC' in '10' second(s)

2021-11-16 09:43:14 - [MESSAGE][INFO] - Smart Wait Function is triggered

2021-11-16 09:43:14 - [MESSAGE][INFO] - Found 7 web elements with id: 'Object Repository/Filtreler/Basliklar' located by 'By.cssSelector: .control-label.col-sm-4.paddingMarginRLC' in '10' second(s)

2021-11-16 09:43:14 - [MESSAGE][INFO] - Smart Wait Function is triggered

2021-11-16 09:43:14 - [MESSAGE][PASSED] - Method.TextDegerineEsitElementinAltindakiTextboxtaYaz is PASSED

2021-11-16 09:43:14 - [MESSAGE][PASSED] - Call Test Case 'Test Cases/Filtreler/BitisYaz' successfully

2021-11-16 09:43:14 - [MESSAGE][INFO] - Checking called Test Case

2021-11-16 09:43:14 - [MESSAGE][INFO] - Starting to call Test Case 'Test Cases/Filtreler/ButonaTikla'

2021-11-16 09:43:14 - [TEST_CASE][PASSED] - Test Cases/Filtreler/ButonaTikla: Test Cases/Filtreler/ButonaTikla

2021-11-16 09:43:14 - [TEST_STEP][PASSED] - Method.TextDegerineEsitElementeTikla(findTestObject("Filtreler/Butonlar"), Filtre_Buton): Method.TextDegerineEsitElementeTikla is PASSED

2021-11-16 09:43:14 - [MESSAGE][INFO] - Finding Test Object 'Object Repository/Filtreler/Butonlar'

2021-11-16 09:43:15 - [MESSAGE][INFO] - Checking timeout

2021-11-16 09:43:15 - [MESSAGE][INFO] - Finding web element with id: 'Object Repository/Filtreler/Butonlar' located by 'By.cssSelector: .dxb>span' in '10' second(s)

2021-11-16 09:43:15 - [MESSAGE][INFO] - Smart Wait Function is triggered

2021-11-16 09:43:15 - [MESSAGE][INFO] - Found 2 web elements with id: 'Object Repository/Filtreler/Butonlar' located by 'By.cssSelector: .dxb>span' in '10' second(s)

2021-11-16 09:43:15 - [MESSAGE][PASSED] - Method.TextDegerineEsitElementeTikla is PASSED

2021-11-16 09:43:15 - [MESSAGE][PASSED] - Call Test Case 'Test Cases/Filtreler/ButonaTikla' successfully

2021-11-16 09:43:15 - [MESSAGE][INFO] - Checking called Test Case

2021-11-16 09:43:15 - [MESSAGE][INFO] - Starting to call Test Case 'Test Cases/Tablo/TablodaVeriVarMi'

2021-11-16 09:43:15 - [TEST_CASE][PASSED] - Test Cases/Tablo/TablodaVeriVarMi: Test Cases/Tablo/TablodaVeriVarMi

2021-11-16 09:43:15 - [TEST_STEP][PASSED] - verifyTextNotPresent("Görüntülenecek veri yok", true): Text 'Görüntülenecek veri yok' is not present on page using regular expression

2021-11-16 09:43:15 - [MESSAGE][INFO] - Checking text present  using regular expression

2021-11-16 09:43:15 - [MESSAGE][INFO] - Smart Wait Function is triggered

2021-11-16 09:43:16 - [MESSAGE][INFO] - Finding text 'Görüntülenecek veri yok' on page  using regular expression

2021-11-16 09:43:16 - [MESSAGE][PASSED] - Text 'Görüntülenecek veri yok' is not present on page using regular expression

2021-11-16 09:43:16 - [MESSAGE][PASSED] - Call Test Case 'Test Cases/Tablo/TablodaVeriVarMi' successfully

2021-11-16 09:43:16 - [MESSAGE][INFO] - Checking called Test Case

2021-11-16 09:43:16 - [MESSAGE][INFO] - Starting to call Test Case 'Test Cases/Tablo/TablodanVeriyeTiklanir'

2021-11-16 09:43:16 - [TEST_CASE][PASSED] - Test Cases/Tablo/TablodanVeriyeTiklanir: Test Cases/Tablo/TablodanVeriyeTiklanir

2021-11-16 09:43:16 - [TEST_STEP][PASSED] - Method.TextDegerineEsitElementeTikla(findTestObject("Tablo/Veriler"), VeriAdi): Method.TextDegerineEsitElementeTikla is PASSED

2021-11-16 09:43:16 - [MESSAGE][INFO] - Finding Test Object 'Object Repository/Tablo/Veriler'

2021-11-16 09:43:16 - [MESSAGE][INFO] - Checking timeout

2021-11-16 09:43:16 - [MESSAGE][INFO] - Finding web element with id: 'Object Repository/Tablo/Veriler' located by 'By.cssSelector: td.dxgv b ,td.dxgv' in '10' second(s)

2021-11-16 09:43:16 - [MESSAGE][INFO] - Smart Wait Function is triggered

2021-11-16 09:43:16 - [MESSAGE][INFO] - Found 8 web elements with id: 'Object Repository/Tablo/Veriler' located by 'By.cssSelector: td.dxgv b ,td.dxgv' in '10' second(s)

2021-11-16 09:43:17 - [MESSAGE][PASSED] - Method.TextDegerineEsitElementeTikla is PASSED

2021-11-16 09:43:17 - [MESSAGE][PASSED] - Call Test Case 'Test Cases/Tablo/TablodanVeriyeTiklanir' successfully

2021-11-16 09:43:17 - [MESSAGE][INFO] - Checking called Test Case

2021-11-16 09:43:17 - [MESSAGE][INFO] - Starting to call Test Case 'Test Cases/Butonlar/ButonaTikla'

2021-11-16 09:43:17 - [TEST_CASE][PASSED] - Test Cases/Butonlar/ButonaTikla: Test Cases/Butonlar/ButonaTikla

2021-11-16 09:43:17 - [TEST_STEP][PASSED] - Method.TextDegerineEsitElementeTiklaEquals(findTestObject("Butonlar/Butonlar"), Buton_Adi): Method.TextDegerineEsitElementeTiklaEquals is PASSED

2021-11-16 09:43:17 - [MESSAGE][INFO] - Finding Test Object 'Object Repository/Butonlar/Butonlar'

2021-11-16 09:43:17 - [MESSAGE][INFO] - Checking timeout

2021-11-16 09:43:17 - [MESSAGE][INFO] - Finding web element with id: 'Object Repository/Butonlar/Butonlar' located by 'By.cssSelector: .panel.panel-default.text-center.footerPanel .btn,.btn.btn-primary.btnControls' in '10' second(s)

2021-11-16 09:43:17 - [MESSAGE][INFO] - Smart Wait Function is triggered

2021-11-16 09:43:17 - [MESSAGE][INFO] - Found 7 web elements with id: 'Object Repository/Butonlar/Butonlar' located by 'By.cssSelector: .panel.panel-default.text-center.footerPanel .btn,.btn.btn-primary.btnControls' in '10' second(s)

2021-11-16 09:43:17 - [MESSAGE][PASSED] - Method.TextDegerineEsitElementeTiklaEquals is PASSED

2021-11-16 09:43:18 - [MESSAGE][PASSED] - Call Test Case 'Test Cases/Butonlar/ButonaTikla' successfully

2021-11-16 09:43:18 - [MESSAGE][INFO] - Checking called Test Case

2021-11-16 09:43:18 - [MESSAGE][INFO] - Starting to call Test Case 'Test Cases/Tablo/TablodaUnvanliVeriOlusturulduMu'

2021-11-16 09:43:18 - [TEST_CASE][PASSED] - Test Cases/Tablo/TablodaUnvanliVeriOlusturulduMu: Test Cases/Tablo/TablodaUnvanliVeriOlusturulduMu

2021-11-16 09:43:18 - [TEST_STEP][PASSED] - waitForElementVisible(findTestObject("Tablo/OlusturulanVeri"), 10, STOP_ON_FAILURE): Object 'Object Repository/Tablo/OlusturulanVeri' is visible

2021-11-16 09:43:18 - [MESSAGE][INFO] - Finding Test Object 'Object Repository/Tablo/OlusturulanVeri'

2021-11-16 09:43:18 - [MESSAGE][INFO] - Checking object

2021-11-16 09:43:18 - [MESSAGE][INFO] - Checking timeout

2021-11-16 09:43:18 - [MESSAGE][INFO] - Finding web element from Test Object's properties

2021-11-16 09:43:18 - [MESSAGE][INFO] - Checking timeout

2021-11-16 09:43:18 - [MESSAGE][INFO] - Finding web element with id: 'Object Repository/Tablo/OlusturulanVeri' located by 'By.cssSelector: table.dxgvTable_LECustomTheme>tbody>tr:nth-child(3)>td.dxgv b,table.dxgvTable_LECustomTheme>tbody>tr:nth-child(3)>td.dxgv' in '10' second(s)

2021-11-16 09:43:18 - [MESSAGE][INFO] - Smart Wait Function is triggered

2021-11-16 09:43:23 - [MESSAGE][INFO] - Found 8 web elements with id: 'Object Repository/Tablo/OlusturulanVeri' located by 'By.cssSelector: table.dxgvTable_LECustomTheme>tbody>tr:nth-child(3)>td.dxgv b,table.dxgvTable_LECustomTheme>tbody>tr:nth-child(3)>td.dxgv' in '10' second(s)

2021-11-16 09:43:23 - [MESSAGE][PASSED] - Object 'Object Repository/Tablo/OlusturulanVeri' is visible

2021-11-16 09:43:23 - [TEST_STEP][PASSED] - Method.TextDegerineEsitElementVarMi(findTestObject("Tablo/OlusturulanVeri"), Unvan): Method.TextDegerineEsitElementVarMi is PASSED

2021-11-16 09:43:23 - [MESSAGE][INFO] - Finding Test Object 'Object Repository/Tablo/OlusturulanVeri'

2021-11-16 09:43:23 - [MESSAGE][INFO] - Checking timeout

2021-11-16 09:43:23 - [MESSAGE][INFO] - Finding web element with id: 'Object Repository/Tablo/OlusturulanVeri' located by 'By.cssSelector: table.dxgvTable_LECustomTheme>tbody>tr:nth-child(3)>td.dxgv b,table.dxgvTable_LECustomTheme>tbody>tr:nth-child(3)>td.dxgv' in '10' second(s)

2021-11-16 09:43:23 - [MESSAGE][INFO] - Smart Wait Function is triggered

2021-11-16 09:43:23 - [MESSAGE][INFO] - Found 8 web elements with id: 'Object Repository/Tablo/OlusturulanVeri' located by 'By.cssSelector: table.dxgvTable_LECustomTheme>tbody>tr:nth-child(3)>td.dxgv b,table.dxgvTable_LECustomTheme>tbody>tr:nth-child(3)>td.dxgv' in '10' second(s)

2021-11-16 09:43:23 - [MESSAGE][PASSED] - Method.TextDegerineEsitElementVarMi is PASSED

2021-11-16 09:43:23 - [MESSAGE][PASSED] - Call Test Case 'Test Cases/Tablo/TablodaUnvanliVeriOlusturulduMu' successfully

2021-11-16 09:43:23 - [MESSAGE][INFO] - Checking called Test Case

2021-11-16 09:43:23 - [MESSAGE][INFO] - Starting to call Test Case 'Test Cases/Kullanici_Islemleri/KullaniciIslemlerindenSecimYapilir'

2021-11-16 09:43:23 - [TEST_CASE][PASSED] - Test Cases/Kullanici_Islemleri/KullaniciIslemlerindenSecimYapilir: Test Cases/Kullanici_Islemleri/KullaniciIslemlerindenSecimYapilir

2021-11-16 09:43:23 - [TEST_STEP][PASSED] - waitForElementClickable(findTestObject("Object Repository/Kullanici_Islemleri/KullaniciIslemleri"), 10): Object 'Object Repository/Kullanici_Islemleri/KullaniciIslemleri' is clickable

2021-11-16 09:43:23 - [MESSAGE][INFO] - Finding Test Object 'Object Repository/Kullanici_Islemleri/KullaniciIslemleri'

2021-11-16 09:43:23 - [MESSAGE][INFO] - Checking object

2021-11-16 09:43:23 - [MESSAGE][INFO] - Checking timeout

2021-11-16 09:43:23 - [MESSAGE][INFO] - Finding web element from Test Object's properties

2021-11-16 09:43:23 - [MESSAGE][INFO] - Checking timeout

2021-11-16 09:43:23 - [MESSAGE][INFO] - Finding web element with id: 'Object Repository/Kullanici_Islemleri/KullaniciIslemleri' located by 'By.cssSelector: .dropdown>a>img' in '10' second(s)

2021-11-16 09:43:23 - [MESSAGE][INFO] - Smart Wait Function is triggered

2021-11-16 09:43:24 - [MESSAGE][INFO] - Found 1 web elements with id: 'Object Repository/Kullanici_Islemleri/KullaniciIslemleri' located by 'By.cssSelector: .dropdown>a>img' in '10' second(s)

2021-11-16 09:43:24 - [MESSAGE][PASSED] - Object 'Object Repository/Kullanici_Islemleri/KullaniciIslemleri' is clickable

2021-11-16 09:43:24 - [TEST_STEP][PASSED] - click(findTestObject("Object Repository/Kullanici_Islemleri/KullaniciIslemleri")): Object: 'Object Repository/Kullanici_Islemleri/KullaniciIslemleri' is clicked on

2021-11-16 09:43:24 - [MESSAGE][INFO] - Finding Test Object 'Object Repository/Kullanici_Islemleri/KullaniciIslemleri'

2021-11-16 09:43:24 - [MESSAGE][INFO] - Checking object

2021-11-16 09:43:24 - [MESSAGE][INFO] - Finding web element from Test Object's properties

2021-11-16 09:43:24 - [MESSAGE][INFO] - Checking timeout

2021-11-16 09:43:24 - [MESSAGE][INFO] - Finding web element with id: 'Object Repository/Kullanici_Islemleri/KullaniciIslemleri' located by 'By.cssSelector: .dropdown>a>img' in '30' second(s)

2021-11-16 09:43:24 - [MESSAGE][INFO] - Smart Wait Function is triggered

2021-11-16 09:43:24 - [MESSAGE][INFO] - Found 1 web elements with id: 'Object Repository/Kullanici_Islemleri/KullaniciIslemleri' located by 'By.cssSelector: .dropdown>a>img' in '30' second(s)

2021-11-16 09:43:24 - [MESSAGE][INFO] - Clicking on object: 'Object Repository/Kullanici_Islemleri/KullaniciIslemleri'

2021-11-16 09:43:24 - [MESSAGE][PASSED] - Object: 'Object Repository/Kullanici_Islemleri/KullaniciIslemleri' is clicked on

2021-11-16 09:43:24 - [TEST_STEP][PASSED] - Method.TextDegerineEsitElementeTikla(findTestObject("Object Repository/Kullanici_Islemleri/Secenekler"), Islem): Method.TextDegerineEsitElementeTikla is PASSED

2021-11-16 09:43:24 - [MESSAGE][INFO] - Finding Test Object 'Object Repository/Kullanici_Islemleri/Secenekler'

2021-11-16 09:43:24 - [MESSAGE][INFO] - Checking timeout

2021-11-16 09:43:24 - [MESSAGE][INFO] - Finding web element with id: 'Object Repository/Kullanici_Islemleri/Secenekler' located by 'By.cssSelector: .nav.navbar-nav.navbar-right li a' in '10' second(s)

2021-11-16 09:43:24 - [MESSAGE][INFO] - Smart Wait Function is triggered

2021-11-16 09:43:24 - [MESSAGE][INFO] - Found 22 web elements with id: 'Object Repository/Kullanici_Islemleri/Secenekler' located by 'By.cssSelector: .nav.navbar-nav.navbar-right li a' in '10' second(s)

2021-11-16 09:43:26 - [MESSAGE][PASSED] - Method.TextDegerineEsitElementeTikla is PASSED

2021-11-16 09:43:26 - [TEST_STEP][PASSED] - verifyElementNotPresent(findTestObject("Object Repository/Kullanici_Islemleri/Secenekler"), 10): Web element with id: 'Object Repository/Kullanici_Islemleri/Secenekler' located by 'By.cssSelector: .nav.navbar-nav.navbar-right li a' is not present after '10' second(s)

2021-11-16 09:43:26 - [MESSAGE][INFO] - Finding Test Object 'Object Repository/Kullanici_Islemleri/Secenekler'

2021-11-16 09:43:26 - [MESSAGE][INFO] - Checking object

2021-11-16 09:43:26 - [MESSAGE][INFO] - Checking timeout

2021-11-16 09:43:26 - [MESSAGE][INFO] - Finding web element with id: 'Object Repository/Kullanici_Islemleri/Secenekler' located by 'By.cssSelector: .nav.navbar-nav.navbar-right li a' in '10' second(s)

2021-11-16 09:43:26 - [MESSAGE][INFO] - Smart Wait Function is triggered

2021-11-16 09:43:26 - [MESSAGE][PASSED] - Web element with id: 'Object Repository/Kullanici_Islemleri/Secenekler' located by 'By.cssSelector: .nav.navbar-nav.navbar-right li a' is not present after '10' second(s)

2021-11-16 09:43:26 - [MESSAGE][PASSED] - Call Test Case 'Test Cases/Kullanici_Islemleri/KullaniciIslemlerindenSecimYapilir' successfully

2021-11-16 09:43:26 - [TEST_CASE][PASSED] - Start Test Case : SCENARIO Tasarim Araclari Kopyala: SCENARIO Tasarim Araclari Kopyala

2021-11-16 09:43:26 - [TEST_STEP][PASSED] - Kullanıcı adı ELOGO6 ve Şifre 123456 olarak giriş yapılır: Kullanıcı adı ELOGO6 ve Şifre 123456 olarak giriş yapılır

2021-11-16 09:43:26 - [MESSAGE][PASSED] - Kullanıcı adı ELOGO6 ve Şifre 123456 olarak giriş yapılır

2021-11-16 09:43:26 - [TEST_STEP][PASSED] - Ana menüden Ayarlar seçilir: Ana menüden Ayarlar seçilir

2021-11-16 09:43:26 - [MESSAGE][PASSED] - Ana menüden Ayarlar seçilir

2021-11-16 09:43:26 - [TEST_STEP][PASSED] - Alt menü Görsel Tasarımlar başlığı altındaki Tasarım Araçları seçilir: Alt menü Görsel Tasarımlar başlığı altındaki Tasarım Araçları seçilir

2021-11-16 09:43:26 - [MESSAGE][PASSED] - Alt menü Görsel Tasarımlar başlığı altındaki Tasarım Araçları seçilir

2021-11-16 09:43:26 - [TEST_STEP][PASSED] - Filtrelerden Oluşturma Zamanı filtresine 18.01.2018 baslangic degerini yaz: Filtrelerden Oluşturma Zamanı filtresine 18.01.2018 baslangic degerini yaz

2021-11-16 09:43:26 - [MESSAGE][PASSED] - Filtrelerden Oluşturma Zamanı filtresine 18.01.2018 baslangic degerini yaz

2021-11-16 09:43:26 - [TEST_STEP][PASSED] - Filtrelerden Oluşturma Zamanı filtresine 31.12.2018 bitis degerini yaz: Filtrelerden Oluşturma Zamanı filtresine 31.12.2018 bitis degerini yaz

2021-11-16 09:43:26 - [MESSAGE][PASSED] - Filtrelerden Oluşturma Zamanı filtresine 31.12.2018 bitis degerini yaz

2021-11-16 09:43:26 - [TEST_STEP][PASSED] - Filtre butonlarından Listele seçilir: Filtre butonlarından Listele seçilir

2021-11-16 09:43:26 - [MESSAGE][PASSED] - Filtre butonlarından Listele seçilir

2021-11-16 09:43:26 - [TEST_STEP][PASSED] - Tabloda veri var mı kontrol edilir: Tabloda veri var mı kontrol edilir

2021-11-16 09:43:26 - [MESSAGE][PASSED] - Tabloda veri var mı kontrol edilir

2021-11-16 09:43:26 - [TEST_STEP][PASSED] - Tablodaki TEST ünvanlı veriye tıklanır: Tablodaki TEST ünvanlı veriye tıklanır

2021-11-16 09:43:26 - [MESSAGE][PASSED] - Tablodaki TEST ünvanlı veriye tıklanır

2021-11-16 09:43:26 - [TEST_STEP][PASSED] - Butonlardan Kopyala isimli butona tıklanır: Butonlardan Kopyala isimli butona tıklanır

2021-11-16 09:43:26 - [MESSAGE][PASSED] - Butonlardan Kopyala isimli butona tıklanır

2021-11-16 09:43:26 - [TEST_STEP][PASSED] - Tabloda TEST ünvanlı veri oluşturuldu mu: Tabloda TEST ünvanlı veri oluşturuldu mu

2021-11-16 09:43:26 - [MESSAGE][PASSED] - Tabloda TEST ünvanlı veri oluşturuldu mu

2021-11-16 09:43:26 - [TEST_STEP][PASSED] - Kullanıcı işlemlerinden Çıkış seçilir: Kullanıcı işlemlerinden Çıkış seçilir

2021-11-16 09:43:26 - [MESSAGE][PASSED] - Kullanıcı işlemlerinden Çıkış seçilir

2021-11-16 09:43:26 - [MESSAGE][PASSED] - Feature file: 'Include/features/Ayarlar/Gorsel Tasarimlar/Tasarim Araclari/Kopyala.feature' was passed

2021-11-16 09:43:26 - [TEST_STEP][PASSED] - Start listener action : sampleAfterTestSuite: Invoke 'com.kms.katalon.core.annotation.AfterTestCase' method: 'Listener.sampleAfterTestSuite(...)' completed.

2021-11-16 09:43:26 - [MESSAGE][INFO] - Starting invoke 'com.kms.katalon.core.annotation.AfterTestCase' method: 'Listener.sampleAfterTestSuite(...)'

2021-11-16 09:43:26 - [TEST_STEP][PASSED] - closeBrowser(): Invoke 'com.kms.katalon.core.annotation.AfterTestCase' method: 'Listener.sampleAfterTestSuite(...)' completed.

2021-11-16 09:43:26 - [MESSAGE][INFO] - Closing browser

2021-11-16 09:43:27 - [MESSAGE][PASSED] - Browser is closed

2021-11-16 09:43:27 - [MESSAGE][INFO] - Invoke 'com.kms.katalon.core.annotation.AfterTestCase' method: 'Listener.sampleAfterTestSuite(...)' completed.]]></system-out>
         <system-err><![CDATA[]]></system-err>
      </testcase>
      <testcase name="Test Cases/Case Repository/Ayarlar/Gorsel Tasarim/Tasarim Araclari/On Deger Ata" time="50.984" classname="Test Cases/Case Repository/Ayarlar/Gorsel Tasarim/Tasarim Araclari/On Deger Ata" status="PASSED">
         <system-out><![CDATA[2021-11-16 09:43:27 - [TEST_CASE][PASSED] - Test Cases/Case Repository/Ayarlar/Gorsel Tasarim/Tasarim Araclari/On Deger Ata: Test Cases/Case Repository/Ayarlar/Gorsel Tasarim/Tasarim Araclari/On Deger Ata

2021-11-16 09:43:27 - [TEST_STEP][PASSED] - Start listener action : sampleBeforeTestSuite: Invoke 'com.kms.katalon.core.annotation.BeforeTestCase' method: 'Listener.sampleBeforeTestSuite(...)' completed.

2021-11-16 09:43:27 - [MESSAGE][INFO] - Starting invoke 'com.kms.katalon.core.annotation.BeforeTestCase' method: 'Listener.sampleBeforeTestSuite(...)'

2021-11-16 09:43:27 - [TEST_STEP][PASSED] - openBrowser(baseUrl): Browser is opened with url: 'https://efatura-stage.elogo.com.tr/'

2021-11-16 09:43:27 - [MESSAGE][INFO] - Opening browser

2021-11-16 09:43:27 - [MESSAGE][INFO] - Starting 'Chrome' driver

2021-11-16 09:43:27 - [MESSAGE][INFO] - User set preference: ['prefs', '{download.default_directory=C:\otomasyondownfiles}']

2021-11-16 09:43:27 - [MESSAGE][INFO] - Action delay is set to 0 milliseconds

2021-11-16 09:43:29 - [MESSAGE][INFO] - Navigating browser to: 'https://efatura-stage.elogo.com.tr/'

2021-11-16 09:43:33 - [MESSAGE][PASSED] - Browser is opened with url: 'https://efatura-stage.elogo.com.tr/'

2021-11-16 09:43:33 - [TEST_STEP][PASSED] - maximizeWindow(): Invoke 'com.kms.katalon.core.annotation.BeforeTestCase' method: 'Listener.sampleBeforeTestSuite(...)' completed.

2021-11-16 09:43:33 - [MESSAGE][INFO] - Maximizing current window

2021-11-16 09:43:34 - [MESSAGE][PASSED] - Current window maximized

2021-11-16 09:43:34 - [MESSAGE][INFO] - Invoke 'com.kms.katalon.core.annotation.BeforeTestCase' method: 'Listener.sampleBeforeTestSuite(...)' completed.

2021-11-16 09:43:34 - [TEST_STEP][PASSED] - runFeatureFile("Include/features/Ayarlar/Gorsel Tasarimlar/Tasarim Araclari/On Deger Ata.feature"): Feature file: 'Include/features/Ayarlar/Gorsel Tasarimlar/Tasarim Araclari/On Deger Ata.feature' was passed

2021-11-16 09:43:34 - [MESSAGE][INFO] - Starting run keyword runFeatureFile: 'Include/features/Ayarlar/Gorsel Tasarimlar/Tasarim Araclari/On Deger Ata.feature' and extract report to folder: 'C:\Users\DELL\Documents\GitHub\EES_KatalonLogo\Reports\20211116_090026\Suite Repository\Ayarlar\20211116_090123/cucumber_report/1637045014918'...

2021-11-16 09:43:34 - [MESSAGE][INFO] - Glue: []

2021-11-16 09:43:37 - [MESSAGE][INFO] - Checking called Test Case

2021-11-16 09:43:37 - [MESSAGE][INFO] - Starting to call Test Case 'Test Cases/Sayfalar/Giris_Sayfasi/Login'

2021-11-16 09:43:37 - [TEST_CASE][PASSED] - Test Cases/Sayfalar/Giris_Sayfasi/Login: Test Cases/Sayfalar/Giris_Sayfasi/Login

2021-11-16 09:43:37 - [TEST_STEP][PASSED] - Sayfa_Basligi = getWindowTitle(): Current window's title is: 'LOGO e-Fatura'

2021-11-16 09:43:37 - [MESSAGE][INFO] - Getting current window's title

2021-11-16 09:43:37 - [MESSAGE][PASSED] - Current window's title is: 'LOGO e-Fatura'

2021-11-16 09:43:37 - [TEST_STEP][PASSED] - verifyMatch(Sayfa_Basligi, "LOGO e-Fatura", false): Actual text 'LOGO e-Fatura' and expected text 'LOGO e-Fatura' are matched 

2021-11-16 09:43:37 - [MESSAGE][INFO] - Matching actual text 'LOGO e-Fatura' with expected text 'LOGO e-Fatura'

2021-11-16 09:43:37 - [MESSAGE][PASSED] - Actual text 'LOGO e-Fatura' and expected text 'LOGO e-Fatura' are matched 

2021-11-16 09:43:37 - [TEST_STEP][PASSED] - sendKeys(findTestObject("Sayfalar/Giris_Sayfasi/Firma_Kodu"), KullaniciAdi): Keys 'ELOGO6' sent to object: 'Object Repository/Sayfalar/Giris_Sayfasi/Firma_Kodu'

2021-11-16 09:43:37 - [MESSAGE][INFO] - Finding Test Object 'Object Repository/Sayfalar/Giris_Sayfasi/Firma_Kodu'

2021-11-16 09:43:37 - [MESSAGE][INFO] - Sending keys 'ELOGO6' to object: 'Object Repository/Sayfalar/Giris_Sayfasi/Firma_Kodu'

2021-11-16 09:43:37 - [MESSAGE][INFO] - Finding web element from Test Object's properties

2021-11-16 09:43:37 - [MESSAGE][INFO] - Checking timeout

2021-11-16 09:43:37 - [MESSAGE][INFO] - Finding web element with id: 'Object Repository/Sayfalar/Giris_Sayfasi/Firma_Kodu' located by 'By.xpath: //*[@id = 'AccountName']' in '30' second(s)

2021-11-16 09:43:37 - [MESSAGE][INFO] - Smart Wait Function is triggered

2021-11-16 09:43:37 - [MESSAGE][INFO] - Found 1 web elements with id: 'Object Repository/Sayfalar/Giris_Sayfasi/Firma_Kodu' located by 'By.xpath: //*[@id = 'AccountName']' in '30' second(s)

2021-11-16 09:43:38 - [MESSAGE][PASSED] - Keys 'ELOGO6' sent to object: 'Object Repository/Sayfalar/Giris_Sayfasi/Firma_Kodu'

2021-11-16 09:43:38 - [TEST_STEP][PASSED] - sendKeys(findTestObject("Sayfalar/Giris_Sayfasi/Sifre"), Sifre): Keys '123456' sent to object: 'Object Repository/Sayfalar/Giris_Sayfasi/Sifre'

2021-11-16 09:43:38 - [MESSAGE][INFO] - Finding Test Object 'Object Repository/Sayfalar/Giris_Sayfasi/Sifre'

2021-11-16 09:43:38 - [MESSAGE][INFO] - Sending keys '123456' to object: 'Object Repository/Sayfalar/Giris_Sayfasi/Sifre'

2021-11-16 09:43:38 - [MESSAGE][INFO] - Finding web element from Test Object's properties

2021-11-16 09:43:38 - [MESSAGE][INFO] - Checking timeout

2021-11-16 09:43:38 - [MESSAGE][INFO] - Finding web element with id: 'Object Repository/Sayfalar/Giris_Sayfasi/Sifre' located by 'By.xpath: //*[@id = 'Password']' in '30' second(s)

2021-11-16 09:43:38 - [MESSAGE][INFO] - Smart Wait Function is triggered

2021-11-16 09:43:38 - [MESSAGE][INFO] - Found 1 web elements with id: 'Object Repository/Sayfalar/Giris_Sayfasi/Sifre' located by 'By.xpath: //*[@id = 'Password']' in '30' second(s)

2021-11-16 09:43:39 - [MESSAGE][PASSED] - Keys '123456' sent to object: 'Object Repository/Sayfalar/Giris_Sayfasi/Sifre'

2021-11-16 09:43:39 - [TEST_STEP][PASSED] - findWebElement(findTestObject("Sayfalar/Giris_Sayfasi/Giris_Butonu")).click(): Found 1 web elements with id: 'Object Repository/Sayfalar/Giris_Sayfasi/Giris_Butonu' located by 'By.cssSelector: #btnLogin' in '30' second(s)

2021-11-16 09:43:39 - [MESSAGE][INFO] - Finding Test Object 'Object Repository/Sayfalar/Giris_Sayfasi/Giris_Butonu'

2021-11-16 09:43:39 - [MESSAGE][INFO] - Finding web element from Test Object's properties

2021-11-16 09:43:39 - [MESSAGE][INFO] - Checking timeout

2021-11-16 09:43:39 - [MESSAGE][INFO] - Finding web element with id: 'Object Repository/Sayfalar/Giris_Sayfasi/Giris_Butonu' located by 'By.cssSelector: #btnLogin' in '30' second(s)

2021-11-16 09:43:39 - [MESSAGE][INFO] - Smart Wait Function is triggered

2021-11-16 09:43:39 - [MESSAGE][INFO] - Found 1 web elements with id: 'Object Repository/Sayfalar/Giris_Sayfasi/Giris_Butonu' located by 'By.cssSelector: #btnLogin' in '30' second(s)

2021-11-16 09:43:42 - [TEST_STEP][PASSED] - if (verifyElementPresent(findTestObject("Object Repository/Sayfalar/Giris_Sayfasi/RetveTamam_Butonu"), 5, OPTIONAL)): null

2021-11-16 09:43:42 - [MESSAGE][INFO] - Finding Test Object 'Object Repository/Sayfalar/Giris_Sayfasi/RetveTamam_Butonu'

2021-11-16 09:43:42 - [MESSAGE][INFO] - Checking object

2021-11-16 09:43:42 - [MESSAGE][INFO] - Finding web element from Test Object's properties

2021-11-16 09:43:42 - [MESSAGE][INFO] - Checking timeout

2021-11-16 09:43:42 - [MESSAGE][INFO] - Finding web element with id: 'Object Repository/Sayfalar/Giris_Sayfasi/RetveTamam_Butonu' located by 'By.xpath: //*[@class = 'btn btn-default']' in '5' second(s)

2021-11-16 09:43:42 - [MESSAGE][INFO] - Smart Wait Function is triggered

2021-11-16 09:43:43 - [MESSAGE][INFO] - Found 1 web elements with id: 'Object Repository/Sayfalar/Giris_Sayfasi/RetveTamam_Butonu' located by 'By.xpath: //*[@class = 'btn btn-default']' in '5' second(s)

2021-11-16 09:43:43 - [MESSAGE][PASSED] - Object 'Object Repository/Sayfalar/Giris_Sayfasi/RetveTamam_Butonu' is present

2021-11-16 09:43:43 - [TEST_STEP][PASSED] - click(findTestObject("Object Repository/Sayfalar/Giris_Sayfasi/RetveTamam_Butonu")): Object: 'Object Repository/Sayfalar/Giris_Sayfasi/RetveTamam_Butonu' is clicked on

2021-11-16 09:43:43 - [MESSAGE][INFO] - Finding Test Object 'Object Repository/Sayfalar/Giris_Sayfasi/RetveTamam_Butonu'

2021-11-16 09:43:43 - [MESSAGE][INFO] - Checking object

2021-11-16 09:43:43 - [MESSAGE][INFO] - Finding web element from Test Object's properties

2021-11-16 09:43:43 - [MESSAGE][INFO] - Checking timeout

2021-11-16 09:43:43 - [MESSAGE][INFO] - Finding web element with id: 'Object Repository/Sayfalar/Giris_Sayfasi/RetveTamam_Butonu' located by 'By.xpath: //*[@class = 'btn btn-default']' in '30' second(s)

2021-11-16 09:43:43 - [MESSAGE][INFO] - Smart Wait Function is triggered

2021-11-16 09:43:43 - [MESSAGE][INFO] - Found 1 web elements with id: 'Object Repository/Sayfalar/Giris_Sayfasi/RetveTamam_Butonu' located by 'By.xpath: //*[@class = 'btn btn-default']' in '30' second(s)

2021-11-16 09:43:43 - [MESSAGE][INFO] - Clicking on object: 'Object Repository/Sayfalar/Giris_Sayfasi/RetveTamam_Butonu'

2021-11-16 09:43:43 - [MESSAGE][PASSED] - Object: 'Object Repository/Sayfalar/Giris_Sayfasi/RetveTamam_Butonu' is clicked on

2021-11-16 09:43:43 - [TEST_STEP][PASSED] - click(findTestObject("Object Repository/Sayfalar/Giris_Sayfasi/RetveTamam_Butonu")): Object: 'Object Repository/Sayfalar/Giris_Sayfasi/RetveTamam_Butonu' is clicked on

2021-11-16 09:43:43 - [MESSAGE][INFO] - Finding Test Object 'Object Repository/Sayfalar/Giris_Sayfasi/RetveTamam_Butonu'

2021-11-16 09:43:43 - [MESSAGE][INFO] - Checking object

2021-11-16 09:43:43 - [MESSAGE][INFO] - Finding web element from Test Object's properties

2021-11-16 09:43:43 - [MESSAGE][INFO] - Checking timeout

2021-11-16 09:43:43 - [MESSAGE][INFO] - Finding web element with id: 'Object Repository/Sayfalar/Giris_Sayfasi/RetveTamam_Butonu' located by 'By.xpath: //*[@class = 'btn btn-default']' in '30' second(s)

2021-11-16 09:43:43 - [MESSAGE][INFO] - Smart Wait Function is triggered

2021-11-16 09:43:46 - [MESSAGE][INFO] - Found 1 web elements with id: 'Object Repository/Sayfalar/Giris_Sayfasi/RetveTamam_Butonu' located by 'By.xpath: //*[@class = 'btn btn-default']' in '30' second(s)

2021-11-16 09:43:46 - [MESSAGE][INFO] - Clicking on object: 'Object Repository/Sayfalar/Giris_Sayfasi/RetveTamam_Butonu'

2021-11-16 09:43:46 - [MESSAGE][PASSED] - Object: 'Object Repository/Sayfalar/Giris_Sayfasi/RetveTamam_Butonu' is clicked on

2021-11-16 09:43:46 - [TEST_STEP][PASSED] - if (verifyElementPresent(findTestObject("Sayfalar/Giris_Sayfasi/PopupOK"), 5, OPTIONAL)): null

2021-11-16 09:43:46 - [MESSAGE][INFO] - Finding Test Object 'Object Repository/Sayfalar/Giris_Sayfasi/PopupOK'

2021-11-16 09:43:46 - [MESSAGE][INFO] - Checking object

2021-11-16 09:43:46 - [MESSAGE][INFO] - Finding web element from Test Object's properties

2021-11-16 09:43:46 - [MESSAGE][INFO] - Checking timeout

2021-11-16 09:43:46 - [MESSAGE][INFO] - Finding web element with id: 'Object Repository/Sayfalar/Giris_Sayfasi/PopupOK' located by 'By.cssSelector: .btn.btn-success' in '5' second(s)

2021-11-16 09:43:46 - [MESSAGE][INFO] - Smart Wait Function is triggered

2021-11-16 09:43:47 - [MESSAGE][INFO] - Found 1 web elements with id: 'Object Repository/Sayfalar/Giris_Sayfasi/PopupOK' located by 'By.cssSelector: .btn.btn-success' in '5' second(s)

2021-11-16 09:43:47 - [MESSAGE][PASSED] - Object 'Object Repository/Sayfalar/Giris_Sayfasi/PopupOK' is present

2021-11-16 09:43:47 - [TEST_STEP][PASSED] - click(findTestObject("Object Repository/Sayfalar/Giris_Sayfasi/PopupCarpiGiris")): Object: 'Object Repository/Sayfalar/Giris_Sayfasi/PopupCarpiGiris' is clicked on

2021-11-16 09:43:47 - [MESSAGE][INFO] - Finding Test Object 'Object Repository/Sayfalar/Giris_Sayfasi/PopupCarpiGiris'

2021-11-16 09:43:47 - [MESSAGE][INFO] - Checking object

2021-11-16 09:43:47 - [MESSAGE][INFO] - Finding web element from Test Object's properties

2021-11-16 09:43:47 - [MESSAGE][INFO] - Checking timeout

2021-11-16 09:43:47 - [MESSAGE][INFO] - Finding web element with id: 'Object Repository/Sayfalar/Giris_Sayfasi/PopupCarpiGiris' located by 'By.cssSelector: .bootbox-close-button.close' in '30' second(s)

2021-11-16 09:43:47 - [MESSAGE][INFO] - Smart Wait Function is triggered

2021-11-16 09:43:47 - [MESSAGE][INFO] - Found 1 web elements with id: 'Object Repository/Sayfalar/Giris_Sayfasi/PopupCarpiGiris' located by 'By.cssSelector: .bootbox-close-button.close' in '30' second(s)

2021-11-16 09:43:47 - [MESSAGE][INFO] - Clicking on object: 'Object Repository/Sayfalar/Giris_Sayfasi/PopupCarpiGiris'

2021-11-16 09:43:47 - [MESSAGE][PASSED] - Object: 'Object Repository/Sayfalar/Giris_Sayfasi/PopupCarpiGiris' is clicked on

2021-11-16 09:43:47 - [TEST_STEP][PASSED] - verifyElementVisible(findTestObject("Object Repository/Kullanici_Islemleri/KullaniciIslemleri")): Object 'Object Repository/Kullanici_Islemleri/KullaniciIslemleri' is visible

2021-11-16 09:43:47 - [MESSAGE][INFO] - Finding Test Object 'Object Repository/Kullanici_Islemleri/KullaniciIslemleri'

2021-11-16 09:43:48 - [MESSAGE][INFO] - Checking object

2021-11-16 09:43:48 - [MESSAGE][INFO] - Finding web element from Test Object's properties

2021-11-16 09:43:48 - [MESSAGE][INFO] - Checking timeout

2021-11-16 09:43:48 - [MESSAGE][INFO] - Finding web element with id: 'Object Repository/Kullanici_Islemleri/KullaniciIslemleri' located by 'By.cssSelector: .dropdown>a>img' in '30' second(s)

2021-11-16 09:43:48 - [MESSAGE][INFO] - Smart Wait Function is triggered

2021-11-16 09:43:48 - [MESSAGE][INFO] - Found 1 web elements with id: 'Object Repository/Kullanici_Islemleri/KullaniciIslemleri' located by 'By.cssSelector: .dropdown>a>img' in '30' second(s)

2021-11-16 09:43:48 - [MESSAGE][PASSED] - Object 'Object Repository/Kullanici_Islemleri/KullaniciIslemleri' is visible

2021-11-16 09:43:48 - [MESSAGE][PASSED] - Call Test Case 'Test Cases/Sayfalar/Giris_Sayfasi/Login' successfully

2021-11-16 09:43:48 - [MESSAGE][INFO] - Checking called Test Case

2021-11-16 09:43:48 - [MESSAGE][INFO] - Starting to call Test Case 'Test Cases/Menu/AnaMenuSecimi'

2021-11-16 09:43:48 - [TEST_CASE][PASSED] - Test Cases/Menu/AnaMenuSecimi: Test Cases/Menu/AnaMenuSecimi

2021-11-16 09:43:48 - [TEST_STEP][PASSED] - Method.TextDegerineEsitElementeTikla(findTestObject("Menu/Ana_Menu"), Ana_Menu): Method.TextDegerineEsitElementeTikla is PASSED

2021-11-16 09:43:48 - [MESSAGE][INFO] - Finding Test Object 'Object Repository/Menu/Ana_Menu'

2021-11-16 09:43:48 - [MESSAGE][INFO] - Checking timeout

2021-11-16 09:43:48 - [MESSAGE][INFO] - Finding web element with id: 'Object Repository/Menu/Ana_Menu' located by 'By.xpath: //*[@class = 'dropdown-toggle']' in '10' second(s)

2021-11-16 09:43:48 - [MESSAGE][INFO] - Smart Wait Function is triggered

2021-11-16 09:43:49 - [MESSAGE][INFO] - Found 14 web elements with id: 'Object Repository/Menu/Ana_Menu' located by 'By.xpath: //*[@class = 'dropdown-toggle']' in '10' second(s)

2021-11-16 09:43:49 - [MESSAGE][PASSED] - Method.TextDegerineEsitElementeTikla is PASSED

2021-11-16 09:43:49 - [MESSAGE][PASSED] - Call Test Case 'Test Cases/Menu/AnaMenuSecimi' successfully

2021-11-16 09:43:49 - [MESSAGE][INFO] - Checking called Test Case

2021-11-16 09:43:49 - [MESSAGE][INFO] - Starting to call Test Case 'Test Cases/Menu/BasligaGoreAltMenuSecimi'

2021-11-16 09:43:49 - [TEST_CASE][PASSED] - Test Cases/Menu/BasligaGoreAltMenuSecimi: Test Cases/Menu/BasligaGoreAltMenuSecimi

2021-11-16 09:43:49 - [TEST_STEP][PASSED] - Method.TextDegerineEsitElementinAltindakiTextDegerineEsitOlanaTikla(findTestObject("Menu/Menu_Basligi"), findTestObject("Menu/Basliga_Gore_Alt_Menu"), Baslik, Alt_Menu): Method.TextDegerineEsitElementinAltindakiTextDegerineEsitOlanaTikla is PASSED

2021-11-16 09:43:49 - [MESSAGE][INFO] - Finding Test Object 'Object Repository/Menu/Menu_Basligi'

2021-11-16 09:43:49 - [MESSAGE][INFO] - Finding Test Object 'Object Repository/Menu/Basliga_Gore_Alt_Menu'

2021-11-16 09:43:49 - [MESSAGE][INFO] - Checking timeout

2021-11-16 09:43:49 - [MESSAGE][INFO] - Finding web element with id: 'Object Repository/Menu/Menu_Basligi' located by 'By.xpath: //li[@class='dropdown dropdown-large open']//li[@class='dropdown-header']' in '10' second(s)

2021-11-16 09:43:49 - [MESSAGE][INFO] - Smart Wait Function is triggered

2021-11-16 09:43:50 - [MESSAGE][INFO] - Found 2 web elements with id: 'Object Repository/Menu/Menu_Basligi' located by 'By.xpath: //li[@class='dropdown dropdown-large open']//li[@class='dropdown-header']' in '10' second(s)

2021-11-16 09:43:50 - [MESSAGE][INFO] - Smart Wait Function is triggered

2021-11-16 09:43:57 - [MESSAGE][PASSED] - Method.TextDegerineEsitElementinAltindakiTextDegerineEsitOlanaTikla is PASSED

2021-11-16 09:43:57 - [MESSAGE][PASSED] - Call Test Case 'Test Cases/Menu/BasligaGoreAltMenuSecimi' successfully

2021-11-16 09:43:57 - [MESSAGE][INFO] - Checking called Test Case

2021-11-16 09:43:57 - [MESSAGE][INFO] - Starting to call Test Case 'Test Cases/Filtreler/BaslangicYaz'

2021-11-16 09:43:58 - [TEST_CASE][PASSED] - Test Cases/Filtreler/BaslangicYaz: Test Cases/Filtreler/BaslangicYaz

2021-11-16 09:43:58 - [TEST_STEP][PASSED] - Method.TextDegerineEsitElementinAltindakineTikla(findTestObject("Filtreler/Basliklar"), findTestObject("Filtreler/Basliga_Gore_Baslangic_Image"), Filtre_Adi): Method.TextDegerineEsitElementinAltindakineTikla is PASSED

2021-11-16 09:43:58 - [MESSAGE][INFO] - Finding Test Object 'Object Repository/Filtreler/Basliklar'

2021-11-16 09:43:58 - [MESSAGE][INFO] - Finding Test Object 'Object Repository/Filtreler/Basliga_Gore_Baslangic_Image'

2021-11-16 09:43:58 - [MESSAGE][INFO] - Checking timeout

2021-11-16 09:43:58 - [MESSAGE][INFO] - Finding web element with id: 'Object Repository/Filtreler/Basliklar' located by 'By.cssSelector: .control-label.col-sm-4.paddingMarginRLC' in '10' second(s)

2021-11-16 09:43:58 - [MESSAGE][INFO] - Smart Wait Function is triggered

2021-11-16 09:43:58 - [MESSAGE][INFO] - Found 7 web elements with id: 'Object Repository/Filtreler/Basliklar' located by 'By.cssSelector: .control-label.col-sm-4.paddingMarginRLC' in '10' second(s)

2021-11-16 09:43:58 - [MESSAGE][INFO] - Smart Wait Function is triggered

2021-11-16 09:43:59 - [MESSAGE][PASSED] - Method.TextDegerineEsitElementinAltindakineTikla is PASSED

2021-11-16 09:43:59 - [TEST_STEP][PASSED] - Method.TextDegerineEsitElementinAltindakiTextboxtaYaz(findTestObject("Filtreler/Basliklar"), findTestObject("Filtreler/Basliga_Gore_Baslangic"), Filtre_Adi, Filtre_Degeri): Method.TextDegerineEsitElementinAltindakiTextboxtaYaz is PASSED

2021-11-16 09:43:59 - [MESSAGE][INFO] - Finding Test Object 'Object Repository/Filtreler/Basliklar'

2021-11-16 09:43:59 - [MESSAGE][INFO] - Finding Test Object 'Object Repository/Filtreler/Basliga_Gore_Baslangic'

2021-11-16 09:43:59 - [MESSAGE][INFO] - Checking timeout

2021-11-16 09:43:59 - [MESSAGE][INFO] - Finding web element with id: 'Object Repository/Filtreler/Basliklar' located by 'By.cssSelector: .control-label.col-sm-4.paddingMarginRLC' in '10' second(s)

2021-11-16 09:43:59 - [MESSAGE][INFO] - Smart Wait Function is triggered

2021-11-16 09:44:00 - [MESSAGE][INFO] - Found 7 web elements with id: 'Object Repository/Filtreler/Basliklar' located by 'By.cssSelector: .control-label.col-sm-4.paddingMarginRLC' in '10' second(s)

2021-11-16 09:44:00 - [MESSAGE][INFO] - Smart Wait Function is triggered

2021-11-16 09:44:01 - [MESSAGE][PASSED] - Method.TextDegerineEsitElementinAltindakiTextboxtaYaz is PASSED

2021-11-16 09:44:01 - [MESSAGE][PASSED] - Call Test Case 'Test Cases/Filtreler/BaslangicYaz' successfully

2021-11-16 09:44:01 - [MESSAGE][INFO] - Checking called Test Case

2021-11-16 09:44:01 - [MESSAGE][INFO] - Starting to call Test Case 'Test Cases/Filtreler/BitisYaz'

2021-11-16 09:44:01 - [TEST_CASE][PASSED] - Test Cases/Filtreler/BitisYaz: Test Cases/Filtreler/BitisYaz

2021-11-16 09:44:01 - [TEST_STEP][PASSED] - Method.TextDegerineEsitElementinAltindakineTikla(findTestObject("Filtreler/Basliklar"), findTestObject("Filtreler/Basliga_Gore_Bitis_Image"), Filtre_Adi): Method.TextDegerineEsitElementinAltindakineTikla is PASSED

2021-11-16 09:44:01 - [MESSAGE][INFO] - Finding Test Object 'Object Repository/Filtreler/Basliklar'

2021-11-16 09:44:01 - [MESSAGE][INFO] - Finding Test Object 'Object Repository/Filtreler/Basliga_Gore_Bitis_Image'

2021-11-16 09:44:01 - [MESSAGE][INFO] - Checking timeout

2021-11-16 09:44:01 - [MESSAGE][INFO] - Finding web element with id: 'Object Repository/Filtreler/Basliklar' located by 'By.cssSelector: .control-label.col-sm-4.paddingMarginRLC' in '10' second(s)

2021-11-16 09:44:01 - [MESSAGE][INFO] - Smart Wait Function is triggered

2021-11-16 09:44:02 - [MESSAGE][INFO] - Found 7 web elements with id: 'Object Repository/Filtreler/Basliklar' located by 'By.cssSelector: .control-label.col-sm-4.paddingMarginRLC' in '10' second(s)

2021-11-16 09:44:02 - [MESSAGE][INFO] - Smart Wait Function is triggered

2021-11-16 09:44:02 - [MESSAGE][PASSED] - Method.TextDegerineEsitElementinAltindakineTikla is PASSED

2021-11-16 09:44:02 - [TEST_STEP][PASSED] - Method.TextDegerineEsitElementinAltindakiTextboxtaYaz(findTestObject("Filtreler/Basliklar"), findTestObject("Object Repository/Filtreler/Basliga_Gore_Bitis"), Filtre_Adi, Filtre_Degeri): Method.TextDegerineEsitElementinAltindakiTextboxtaYaz is PASSED

2021-11-16 09:44:02 - [MESSAGE][INFO] - Finding Test Object 'Object Repository/Filtreler/Basliklar'

2021-11-16 09:44:02 - [MESSAGE][INFO] - Finding Test Object 'Object Repository/Filtreler/Basliga_Gore_Bitis'

2021-11-16 09:44:02 - [MESSAGE][INFO] - Checking timeout

2021-11-16 09:44:02 - [MESSAGE][INFO] - Finding web element with id: 'Object Repository/Filtreler/Basliklar' located by 'By.cssSelector: .control-label.col-sm-4.paddingMarginRLC' in '10' second(s)

2021-11-16 09:44:02 - [MESSAGE][INFO] - Smart Wait Function is triggered

2021-11-16 09:44:03 - [MESSAGE][INFO] - Found 7 web elements with id: 'Object Repository/Filtreler/Basliklar' located by 'By.cssSelector: .control-label.col-sm-4.paddingMarginRLC' in '10' second(s)

2021-11-16 09:44:03 - [MESSAGE][INFO] - Smart Wait Function is triggered

2021-11-16 09:44:04 - [MESSAGE][PASSED] - Method.TextDegerineEsitElementinAltindakiTextboxtaYaz is PASSED

2021-11-16 09:44:04 - [MESSAGE][PASSED] - Call Test Case 'Test Cases/Filtreler/BitisYaz' successfully

2021-11-16 09:44:04 - [MESSAGE][INFO] - Checking called Test Case

2021-11-16 09:44:04 - [MESSAGE][INFO] - Starting to call Test Case 'Test Cases/Filtreler/ButonaTikla'

2021-11-16 09:44:04 - [TEST_CASE][PASSED] - Test Cases/Filtreler/ButonaTikla: Test Cases/Filtreler/ButonaTikla

2021-11-16 09:44:04 - [TEST_STEP][PASSED] - Method.TextDegerineEsitElementeTikla(findTestObject("Filtreler/Butonlar"), Filtre_Buton): Method.TextDegerineEsitElementeTikla is PASSED

2021-11-16 09:44:04 - [MESSAGE][INFO] - Finding Test Object 'Object Repository/Filtreler/Butonlar'

2021-11-16 09:44:04 - [MESSAGE][INFO] - Checking timeout

2021-11-16 09:44:04 - [MESSAGE][INFO] - Finding web element with id: 'Object Repository/Filtreler/Butonlar' located by 'By.cssSelector: .dxb>span' in '10' second(s)

2021-11-16 09:44:04 - [MESSAGE][INFO] - Smart Wait Function is triggered

2021-11-16 09:44:04 - [MESSAGE][INFO] - Found 2 web elements with id: 'Object Repository/Filtreler/Butonlar' located by 'By.cssSelector: .dxb>span' in '10' second(s)

2021-11-16 09:44:05 - [MESSAGE][PASSED] - Method.TextDegerineEsitElementeTikla is PASSED

2021-11-16 09:44:05 - [MESSAGE][PASSED] - Call Test Case 'Test Cases/Filtreler/ButonaTikla' successfully

2021-11-16 09:44:05 - [MESSAGE][INFO] - Checking called Test Case

2021-11-16 09:44:05 - [MESSAGE][INFO] - Starting to call Test Case 'Test Cases/Tablo/TablodaVeriVarMi'

2021-11-16 09:44:05 - [TEST_CASE][PASSED] - Test Cases/Tablo/TablodaVeriVarMi: Test Cases/Tablo/TablodaVeriVarMi

2021-11-16 09:44:05 - [TEST_STEP][PASSED] - verifyTextNotPresent("Görüntülenecek veri yok", true): Text 'Görüntülenecek veri yok' is not present on page using regular expression

2021-11-16 09:44:05 - [MESSAGE][INFO] - Checking text present  using regular expression

2021-11-16 09:44:05 - [MESSAGE][INFO] - Smart Wait Function is triggered

2021-11-16 09:44:06 - [MESSAGE][INFO] - Finding text 'Görüntülenecek veri yok' on page  using regular expression

2021-11-16 09:44:06 - [MESSAGE][PASSED] - Text 'Görüntülenecek veri yok' is not present on page using regular expression

2021-11-16 09:44:06 - [MESSAGE][PASSED] - Call Test Case 'Test Cases/Tablo/TablodaVeriVarMi' successfully

2021-11-16 09:44:06 - [MESSAGE][INFO] - Checking called Test Case

2021-11-16 09:44:06 - [MESSAGE][INFO] - Starting to call Test Case 'Test Cases/Tablo/TablodanVeriyeTiklanir'

2021-11-16 09:44:06 - [TEST_CASE][PASSED] - Test Cases/Tablo/TablodanVeriyeTiklanir: Test Cases/Tablo/TablodanVeriyeTiklanir

2021-11-16 09:44:06 - [TEST_STEP][PASSED] - Method.TextDegerineEsitElementeTikla(findTestObject("Tablo/Veriler"), VeriAdi): Method.TextDegerineEsitElementeTikla is PASSED

2021-11-16 09:44:06 - [MESSAGE][INFO] - Finding Test Object 'Object Repository/Tablo/Veriler'

2021-11-16 09:44:06 - [MESSAGE][INFO] - Checking timeout

2021-11-16 09:44:06 - [MESSAGE][INFO] - Finding web element with id: 'Object Repository/Tablo/Veriler' located by 'By.cssSelector: td.dxgv b ,td.dxgv' in '10' second(s)

2021-11-16 09:44:06 - [MESSAGE][INFO] - Smart Wait Function is triggered

2021-11-16 09:44:06 - [MESSAGE][INFO] - Found 8 web elements with id: 'Object Repository/Tablo/Veriler' located by 'By.cssSelector: td.dxgv b ,td.dxgv' in '10' second(s)

2021-11-16 09:44:07 - [MESSAGE][PASSED] - Method.TextDegerineEsitElementeTikla is PASSED

2021-11-16 09:44:07 - [MESSAGE][PASSED] - Call Test Case 'Test Cases/Tablo/TablodanVeriyeTiklanir' successfully

2021-11-16 09:44:07 - [MESSAGE][INFO] - Checking called Test Case

2021-11-16 09:44:07 - [MESSAGE][INFO] - Starting to call Test Case 'Test Cases/Butonlar/ButonaTikla'

2021-11-16 09:44:07 - [TEST_CASE][PASSED] - Test Cases/Butonlar/ButonaTikla: Test Cases/Butonlar/ButonaTikla

2021-11-16 09:44:07 - [TEST_STEP][PASSED] - Method.TextDegerineEsitElementeTiklaEquals(findTestObject("Butonlar/Butonlar"), Buton_Adi): Method.TextDegerineEsitElementeTiklaEquals is PASSED

2021-11-16 09:44:07 - [MESSAGE][INFO] - Finding Test Object 'Object Repository/Butonlar/Butonlar'

2021-11-16 09:44:07 - [MESSAGE][INFO] - Checking timeout

2021-11-16 09:44:07 - [MESSAGE][INFO] - Finding web element with id: 'Object Repository/Butonlar/Butonlar' located by 'By.cssSelector: .panel.panel-default.text-center.footerPanel .btn,.btn.btn-primary.btnControls' in '10' second(s)

2021-11-16 09:44:07 - [MESSAGE][INFO] - Smart Wait Function is triggered

2021-11-16 09:44:07 - [MESSAGE][INFO] - Found 7 web elements with id: 'Object Repository/Butonlar/Butonlar' located by 'By.cssSelector: .panel.panel-default.text-center.footerPanel .btn,.btn.btn-primary.btnControls' in '10' second(s)

2021-11-16 09:44:08 - [MESSAGE][PASSED] - Method.TextDegerineEsitElementeTiklaEquals is PASSED

2021-11-16 09:44:08 - [MESSAGE][PASSED] - Call Test Case 'Test Cases/Butonlar/ButonaTikla' successfully

2021-11-16 09:44:08 - [MESSAGE][INFO] - Checking called Test Case

2021-11-16 09:44:08 - [MESSAGE][INFO] - Starting to call Test Case 'Test Cases/Popup/PopupMesajiIceriyorMu'

2021-11-16 09:44:08 - [TEST_CASE][PASSED] - Test Cases/Popup/PopupMesajiIceriyorMu: Test Cases/Popup/PopupMesajiIceriyorMu

2021-11-16 09:44:08 - [TEST_STEP][PASSED] - waitForElementVisible(findTestObject("Popup/Popup"), 10): Object 'Object Repository/Popup/Popup' is visible

2021-11-16 09:44:08 - [MESSAGE][INFO] - Finding Test Object 'Object Repository/Popup/Popup'

2021-11-16 09:44:08 - [MESSAGE][INFO] - Checking object

2021-11-16 09:44:08 - [MESSAGE][INFO] - Checking timeout

2021-11-16 09:44:08 - [MESSAGE][INFO] - Finding web element from Test Object's properties

2021-11-16 09:44:08 - [MESSAGE][INFO] - Checking timeout

2021-11-16 09:44:08 - [MESSAGE][INFO] - Finding web element with id: 'Object Repository/Popup/Popup' located by 'By.cssSelector: .bootbox-body' in '10' second(s)

2021-11-16 09:44:08 - [MESSAGE][INFO] - Smart Wait Function is triggered

2021-11-16 09:44:09 - [MESSAGE][INFO] - Found 1 web elements with id: 'Object Repository/Popup/Popup' located by 'By.cssSelector: .bootbox-body' in '10' second(s)

2021-11-16 09:44:09 - [MESSAGE][PASSED] - Object 'Object Repository/Popup/Popup' is visible

2021-11-16 09:44:09 - [TEST_STEP][PASSED] - if (!(getText(findTestObject("Popup/Popup")).contains(Mesaj))): Text of object 'Object Repository/Popup/Popup' is: 'Seçilen tasarım öndeğer tasarım olarak tanımlanacaktır. Onaylıyor musunuz?'

2021-11-16 09:44:09 - [MESSAGE][INFO] - Finding Test Object 'Object Repository/Popup/Popup'

2021-11-16 09:44:09 - [MESSAGE][INFO] - Checking object

2021-11-16 09:44:09 - [MESSAGE][INFO] - Finding web element from Test Object's properties

2021-11-16 09:44:09 - [MESSAGE][INFO] - Checking timeout

2021-11-16 09:44:09 - [MESSAGE][INFO] - Finding web element with id: 'Object Repository/Popup/Popup' located by 'By.cssSelector: .bootbox-body' in '30' second(s)

2021-11-16 09:44:09 - [MESSAGE][INFO] - Smart Wait Function is triggered

2021-11-16 09:44:10 - [MESSAGE][INFO] - Found 1 web elements with id: 'Object Repository/Popup/Popup' located by 'By.cssSelector: .bootbox-body' in '30' second(s)

2021-11-16 09:44:10 - [MESSAGE][INFO] - Getting text of object 'Object Repository/Popup/Popup'

2021-11-16 09:44:10 - [MESSAGE][PASSED] - Text of object 'Object Repository/Popup/Popup' is: 'Seçilen tasarım öndeğer tasarım olarak tanımlanacaktır. Onaylıyor musunuz?'

2021-11-16 09:44:10 - [TEST_STEP][PASSED] - RaporNo = getText(findTestObject("Popup/Popup")).substring(0, 6): Text of object 'Object Repository/Popup/Popup' is: 'Seçilen tasarım öndeğer tasarım olarak tanımlanacaktır. Onaylıyor musunuz?'

2021-11-16 09:44:10 - [MESSAGE][INFO] - Finding Test Object 'Object Repository/Popup/Popup'

2021-11-16 09:44:10 - [MESSAGE][INFO] - Checking object

2021-11-16 09:44:10 - [MESSAGE][INFO] - Finding web element from Test Object's properties

2021-11-16 09:44:10 - [MESSAGE][INFO] - Checking timeout

2021-11-16 09:44:10 - [MESSAGE][INFO] - Finding web element with id: 'Object Repository/Popup/Popup' located by 'By.cssSelector: .bootbox-body' in '30' second(s)

2021-11-16 09:44:10 - [MESSAGE][INFO] - Smart Wait Function is triggered

2021-11-16 09:44:10 - [MESSAGE][INFO] - Found 1 web elements with id: 'Object Repository/Popup/Popup' located by 'By.cssSelector: .bootbox-body' in '30' second(s)

2021-11-16 09:44:10 - [MESSAGE][INFO] - Getting text of object 'Object Repository/Popup/Popup'

2021-11-16 09:44:10 - [MESSAGE][PASSED] - Text of object 'Object Repository/Popup/Popup' is: 'Seçilen tasarım öndeğer tasarım olarak tanımlanacaktır. Onaylıyor musunuz?'

2021-11-16 09:44:10 - [TEST_STEP][PASSED] - Console.println(RaporNo): null

2021-11-16 09:44:10 - [MESSAGE][PASSED] - Call Test Case 'Test Cases/Popup/PopupMesajiIceriyorMu' successfully

2021-11-16 09:44:10 - [MESSAGE][INFO] - Checking called Test Case

2021-11-16 09:44:10 - [MESSAGE][INFO] - Starting to call Test Case 'Test Cases/Popup/PopupButonSecilir'

2021-11-16 09:44:10 - [TEST_CASE][PASSED] - Test Cases/Popup/PopupButonSecilir: Test Cases/Popup/PopupButonSecilir

2021-11-16 09:44:10 - [TEST_STEP][PASSED] - Method.TextDegerineEsitElementeTikla(findTestObject("Popup/Popup_Butons"), Buton): Method.TextDegerineEsitElementeTikla is PASSED

2021-11-16 09:44:10 - [MESSAGE][INFO] - Finding Test Object 'Object Repository/Popup/Popup_Butons'

2021-11-16 09:44:10 - [MESSAGE][INFO] - Checking timeout

2021-11-16 09:44:10 - [MESSAGE][INFO] - Finding web element with id: 'Object Repository/Popup/Popup_Butons' located by 'By.cssSelector: .modal-footer>button' in '10' second(s)

2021-11-16 09:44:10 - [MESSAGE][INFO] - Smart Wait Function is triggered

2021-11-16 09:44:11 - [MESSAGE][INFO] - Found 2 web elements with id: 'Object Repository/Popup/Popup_Butons' located by 'By.cssSelector: .modal-footer>button' in '10' second(s)

2021-11-16 09:44:11 - [MESSAGE][PASSED] - Method.TextDegerineEsitElementeTikla is PASSED

2021-11-16 09:44:11 - [MESSAGE][PASSED] - Call Test Case 'Test Cases/Popup/PopupButonSecilir' successfully

2021-11-16 09:44:11 - [MESSAGE][INFO] - Checking called Test Case

2021-11-16 09:44:11 - [MESSAGE][INFO] - Starting to call Test Case 'Test Cases/Popup/PopupMesajiIceriyorMu'

2021-11-16 09:44:11 - [TEST_CASE][PASSED] - Test Cases/Popup/PopupMesajiIceriyorMu: Test Cases/Popup/PopupMesajiIceriyorMu

2021-11-16 09:44:11 - [TEST_STEP][PASSED] - waitForElementVisible(findTestObject("Popup/Popup"), 10): Object 'Object Repository/Popup/Popup' is visible

2021-11-16 09:44:11 - [MESSAGE][INFO] - Finding Test Object 'Object Repository/Popup/Popup'

2021-11-16 09:44:11 - [MESSAGE][INFO] - Checking object

2021-11-16 09:44:11 - [MESSAGE][INFO] - Checking timeout

2021-11-16 09:44:11 - [MESSAGE][INFO] - Finding web element from Test Object's properties

2021-11-16 09:44:11 - [MESSAGE][INFO] - Checking timeout

2021-11-16 09:44:11 - [MESSAGE][INFO] - Finding web element with id: 'Object Repository/Popup/Popup' located by 'By.cssSelector: .bootbox-body' in '10' second(s)

2021-11-16 09:44:11 - [MESSAGE][INFO] - Smart Wait Function is triggered

2021-11-16 09:44:12 - [MESSAGE][INFO] - Found 1 web elements with id: 'Object Repository/Popup/Popup' located by 'By.cssSelector: .bootbox-body' in '10' second(s)

2021-11-16 09:44:12 - [MESSAGE][PASSED] - Object 'Object Repository/Popup/Popup' is visible

2021-11-16 09:44:12 - [TEST_STEP][PASSED] - if (!(getText(findTestObject("Popup/Popup")).contains(Mesaj))): Text of object 'Object Repository/Popup/Popup' is: 'Seçilen tasarım öndeğer tasarım olarak tanımlanmıştır.'

2021-11-16 09:44:12 - [MESSAGE][INFO] - Finding Test Object 'Object Repository/Popup/Popup'

2021-11-16 09:44:13 - [MESSAGE][INFO] - Checking object

2021-11-16 09:44:13 - [MESSAGE][INFO] - Finding web element from Test Object's properties

2021-11-16 09:44:13 - [MESSAGE][INFO] - Checking timeout

2021-11-16 09:44:13 - [MESSAGE][INFO] - Finding web element with id: 'Object Repository/Popup/Popup' located by 'By.cssSelector: .bootbox-body' in '30' second(s)

2021-11-16 09:44:13 - [MESSAGE][INFO] - Smart Wait Function is triggered

2021-11-16 09:44:13 - [MESSAGE][INFO] - Found 1 web elements with id: 'Object Repository/Popup/Popup' located by 'By.cssSelector: .bootbox-body' in '30' second(s)

2021-11-16 09:44:13 - [MESSAGE][INFO] - Getting text of object 'Object Repository/Popup/Popup'

2021-11-16 09:44:13 - [MESSAGE][PASSED] - Text of object 'Object Repository/Popup/Popup' is: 'Seçilen tasarım öndeğer tasarım olarak tanımlanmıştır.'

2021-11-16 09:44:13 - [TEST_STEP][PASSED] - RaporNo = getText(findTestObject("Popup/Popup")).substring(0, 6): Text of object 'Object Repository/Popup/Popup' is: 'Seçilen tasarım öndeğer tasarım olarak tanımlanmıştır.'

2021-11-16 09:44:13 - [MESSAGE][INFO] - Finding Test Object 'Object Repository/Popup/Popup'

2021-11-16 09:44:13 - [MESSAGE][INFO] - Checking object

2021-11-16 09:44:13 - [MESSAGE][INFO] - Finding web element from Test Object's properties

2021-11-16 09:44:13 - [MESSAGE][INFO] - Checking timeout

2021-11-16 09:44:13 - [MESSAGE][INFO] - Finding web element with id: 'Object Repository/Popup/Popup' located by 'By.cssSelector: .bootbox-body' in '30' second(s)

2021-11-16 09:44:13 - [MESSAGE][INFO] - Smart Wait Function is triggered

2021-11-16 09:44:13 - [MESSAGE][INFO] - Found 1 web elements with id: 'Object Repository/Popup/Popup' located by 'By.cssSelector: .bootbox-body' in '30' second(s)

2021-11-16 09:44:13 - [MESSAGE][INFO] - Getting text of object 'Object Repository/Popup/Popup'

2021-11-16 09:44:13 - [MESSAGE][PASSED] - Text of object 'Object Repository/Popup/Popup' is: 'Seçilen tasarım öndeğer tasarım olarak tanımlanmıştır.'

2021-11-16 09:44:13 - [TEST_STEP][PASSED] - Console.println(RaporNo): null

2021-11-16 09:44:13 - [MESSAGE][PASSED] - Call Test Case 'Test Cases/Popup/PopupMesajiIceriyorMu' successfully

2021-11-16 09:44:13 - [MESSAGE][INFO] - Checking called Test Case

2021-11-16 09:44:13 - [MESSAGE][INFO] - Starting to call Test Case 'Test Cases/Popup/PopupButonSecilir'

2021-11-16 09:44:13 - [TEST_CASE][PASSED] - Test Cases/Popup/PopupButonSecilir: Test Cases/Popup/PopupButonSecilir

2021-11-16 09:44:13 - [TEST_STEP][PASSED] - Method.TextDegerineEsitElementeTikla(findTestObject("Popup/Popup_Butons"), Buton): Method.TextDegerineEsitElementeTikla is PASSED

2021-11-16 09:44:13 - [MESSAGE][INFO] - Finding Test Object 'Object Repository/Popup/Popup_Butons'

2021-11-16 09:44:13 - [MESSAGE][INFO] - Checking timeout

2021-11-16 09:44:13 - [MESSAGE][INFO] - Finding web element with id: 'Object Repository/Popup/Popup_Butons' located by 'By.cssSelector: .modal-footer>button' in '10' second(s)

2021-11-16 09:44:13 - [MESSAGE][INFO] - Smart Wait Function is triggered

2021-11-16 09:44:14 - [MESSAGE][INFO] - Found 1 web elements with id: 'Object Repository/Popup/Popup_Butons' located by 'By.cssSelector: .modal-footer>button' in '10' second(s)

2021-11-16 09:44:14 - [MESSAGE][PASSED] - Method.TextDegerineEsitElementeTikla is PASSED

2021-11-16 09:44:14 - [MESSAGE][PASSED] - Call Test Case 'Test Cases/Popup/PopupButonSecilir' successfully

2021-11-16 09:44:14 - [MESSAGE][INFO] - Checking called Test Case

2021-11-16 09:44:14 - [MESSAGE][INFO] - Starting to call Test Case 'Test Cases/Kullanici_Islemleri/KullaniciIslemlerindenSecimYapilir'

2021-11-16 09:44:14 - [TEST_CASE][PASSED] - Test Cases/Kullanici_Islemleri/KullaniciIslemlerindenSecimYapilir: Test Cases/Kullanici_Islemleri/KullaniciIslemlerindenSecimYapilir

2021-11-16 09:44:14 - [TEST_STEP][PASSED] - waitForElementClickable(findTestObject("Object Repository/Kullanici_Islemleri/KullaniciIslemleri"), 10): Object 'Object Repository/Kullanici_Islemleri/KullaniciIslemleri' is clickable

2021-11-16 09:44:14 - [MESSAGE][INFO] - Finding Test Object 'Object Repository/Kullanici_Islemleri/KullaniciIslemleri'

2021-11-16 09:44:14 - [MESSAGE][INFO] - Checking object

2021-11-16 09:44:14 - [MESSAGE][INFO] - Checking timeout

2021-11-16 09:44:14 - [MESSAGE][INFO] - Finding web element from Test Object's properties

2021-11-16 09:44:14 - [MESSAGE][INFO] - Checking timeout

2021-11-16 09:44:14 - [MESSAGE][INFO] - Finding web element with id: 'Object Repository/Kullanici_Islemleri/KullaniciIslemleri' located by 'By.cssSelector: .dropdown>a>img' in '10' second(s)

2021-11-16 09:44:14 - [MESSAGE][INFO] - Smart Wait Function is triggered

2021-11-16 09:44:15 - [MESSAGE][INFO] - Found 1 web elements with id: 'Object Repository/Kullanici_Islemleri/KullaniciIslemleri' located by 'By.cssSelector: .dropdown>a>img' in '10' second(s)

2021-11-16 09:44:15 - [MESSAGE][PASSED] - Object 'Object Repository/Kullanici_Islemleri/KullaniciIslemleri' is clickable

2021-11-16 09:44:15 - [TEST_STEP][PASSED] - click(findTestObject("Object Repository/Kullanici_Islemleri/KullaniciIslemleri")): Object: 'Object Repository/Kullanici_Islemleri/KullaniciIslemleri' is clicked on

2021-11-16 09:44:15 - [MESSAGE][INFO] - Finding Test Object 'Object Repository/Kullanici_Islemleri/KullaniciIslemleri'

2021-11-16 09:44:15 - [MESSAGE][INFO] - Checking object

2021-11-16 09:44:15 - [MESSAGE][INFO] - Finding web element from Test Object's properties

2021-11-16 09:44:15 - [MESSAGE][INFO] - Checking timeout

2021-11-16 09:44:15 - [MESSAGE][INFO] - Finding web element with id: 'Object Repository/Kullanici_Islemleri/KullaniciIslemleri' located by 'By.cssSelector: .dropdown>a>img' in '30' second(s)

2021-11-16 09:44:15 - [MESSAGE][INFO] - Smart Wait Function is triggered

2021-11-16 09:44:15 - [MESSAGE][INFO] - Found 1 web elements with id: 'Object Repository/Kullanici_Islemleri/KullaniciIslemleri' located by 'By.cssSelector: .dropdown>a>img' in '30' second(s)

2021-11-16 09:44:15 - [MESSAGE][INFO] - Clicking on object: 'Object Repository/Kullanici_Islemleri/KullaniciIslemleri'

2021-11-16 09:44:15 - [MESSAGE][PASSED] - Object: 'Object Repository/Kullanici_Islemleri/KullaniciIslemleri' is clicked on

2021-11-16 09:44:15 - [TEST_STEP][PASSED] - Method.TextDegerineEsitElementeTikla(findTestObject("Object Repository/Kullanici_Islemleri/Secenekler"), Islem): Method.TextDegerineEsitElementeTikla is PASSED

2021-11-16 09:44:15 - [MESSAGE][INFO] - Finding Test Object 'Object Repository/Kullanici_Islemleri/Secenekler'

2021-11-16 09:44:15 - [MESSAGE][INFO] - Checking timeout

2021-11-16 09:44:15 - [MESSAGE][INFO] - Finding web element with id: 'Object Repository/Kullanici_Islemleri/Secenekler' located by 'By.cssSelector: .nav.navbar-nav.navbar-right li a' in '10' second(s)

2021-11-16 09:44:15 - [MESSAGE][INFO] - Smart Wait Function is triggered

2021-11-16 09:44:16 - [MESSAGE][INFO] - Found 22 web elements with id: 'Object Repository/Kullanici_Islemleri/Secenekler' located by 'By.cssSelector: .nav.navbar-nav.navbar-right li a' in '10' second(s)

2021-11-16 09:44:17 - [MESSAGE][PASSED] - Method.TextDegerineEsitElementeTikla is PASSED

2021-11-16 09:44:17 - [TEST_STEP][PASSED] - verifyElementNotPresent(findTestObject("Object Repository/Kullanici_Islemleri/Secenekler"), 10): Web element with id: 'Object Repository/Kullanici_Islemleri/Secenekler' located by 'By.cssSelector: .nav.navbar-nav.navbar-right li a' is not present after '10' second(s)

2021-11-16 09:44:17 - [MESSAGE][INFO] - Finding Test Object 'Object Repository/Kullanici_Islemleri/Secenekler'

2021-11-16 09:44:17 - [MESSAGE][INFO] - Checking object

2021-11-16 09:44:17 - [MESSAGE][INFO] - Checking timeout

2021-11-16 09:44:17 - [MESSAGE][INFO] - Finding web element with id: 'Object Repository/Kullanici_Islemleri/Secenekler' located by 'By.cssSelector: .nav.navbar-nav.navbar-right li a' in '10' second(s)

2021-11-16 09:44:17 - [MESSAGE][INFO] - Smart Wait Function is triggered

2021-11-16 09:44:17 - [MESSAGE][PASSED] - Web element with id: 'Object Repository/Kullanici_Islemleri/Secenekler' located by 'By.cssSelector: .nav.navbar-nav.navbar-right li a' is not present after '10' second(s)

2021-11-16 09:44:17 - [MESSAGE][PASSED] - Call Test Case 'Test Cases/Kullanici_Islemleri/KullaniciIslemlerindenSecimYapilir' successfully

2021-11-16 09:44:17 - [TEST_CASE][PASSED] - Start Test Case : SCENARIO Tasarim Araclari On Deger Ata: SCENARIO Tasarim Araclari On Deger Ata

2021-11-16 09:44:17 - [TEST_STEP][PASSED] - Kullanıcı adı ELOGO6 ve Şifre 123456 olarak giriş yapılır: Kullanıcı adı ELOGO6 ve Şifre 123456 olarak giriş yapılır

2021-11-16 09:44:17 - [MESSAGE][PASSED] - Kullanıcı adı ELOGO6 ve Şifre 123456 olarak giriş yapılır

2021-11-16 09:44:17 - [TEST_STEP][PASSED] - Ana menüden Ayarlar seçilir: Ana menüden Ayarlar seçilir

2021-11-16 09:44:17 - [MESSAGE][PASSED] - Ana menüden Ayarlar seçilir

2021-11-16 09:44:17 - [TEST_STEP][PASSED] - Alt menü Görsel Tasarımlar başlığı altındaki Tasarım Araçları seçilir: Alt menü Görsel Tasarımlar başlığı altındaki Tasarım Araçları seçilir

2021-11-16 09:44:17 - [MESSAGE][PASSED] - Alt menü Görsel Tasarımlar başlığı altındaki Tasarım Araçları seçilir

2021-11-16 09:44:17 - [TEST_STEP][PASSED] - Filtrelerden Oluşturma Zamanı filtresine 18.01.2018 baslangic degerini yaz: Filtrelerden Oluşturma Zamanı filtresine 18.01.2018 baslangic degerini yaz

2021-11-16 09:44:17 - [MESSAGE][PASSED] - Filtrelerden Oluşturma Zamanı filtresine 18.01.2018 baslangic degerini yaz

2021-11-16 09:44:17 - [TEST_STEP][PASSED] - Filtrelerden Oluşturma Zamanı filtresine 31.12.2018 bitis degerini yaz: Filtrelerden Oluşturma Zamanı filtresine 31.12.2018 bitis degerini yaz

2021-11-16 09:44:17 - [MESSAGE][PASSED] - Filtrelerden Oluşturma Zamanı filtresine 31.12.2018 bitis degerini yaz

2021-11-16 09:44:17 - [TEST_STEP][PASSED] - Filtre butonlarından Listele seçilir: Filtre butonlarından Listele seçilir

2021-11-16 09:44:17 - [MESSAGE][PASSED] - Filtre butonlarından Listele seçilir

2021-11-16 09:44:17 - [TEST_STEP][PASSED] - Tabloda veri var mı kontrol edilir: Tabloda veri var mı kontrol edilir

2021-11-16 09:44:17 - [MESSAGE][PASSED] - Tabloda veri var mı kontrol edilir

2021-11-16 09:44:17 - [TEST_STEP][PASSED] - Tablodaki TEST ünvanlı veriye tıklanır: Tablodaki TEST ünvanlı veriye tıklanır

2021-11-16 09:44:17 - [MESSAGE][PASSED] - Tablodaki TEST ünvanlı veriye tıklanır

2021-11-16 09:44:17 - [TEST_STEP][PASSED] - Butonlardan Ön Değer Ata isimli butona tıklanır: Butonlardan Ön Değer Ata isimli butona tıklanır

2021-11-16 09:44:17 - [MESSAGE][PASSED] - Butonlardan Ön Değer Ata isimli butona tıklanır

2021-11-16 09:44:17 - [TEST_STEP][PASSED] - Popup mesajı Seçilen tasarım öndeğer tasarım olarak tanımlanacaktır. Onaylıyor musunuz? içeriyor mu: Popup mesajı Seçilen tasarım öndeğer tasarım olarak tanımlanacaktır. Onaylıyor musunuz? içeriyor mu

2021-11-16 09:44:17 - [MESSAGE][PASSED] - Popup mesajı Seçilen tasarım öndeğer tasarım olarak tanımlanacaktır. Onaylıyor musunuz? içeriyor mu

2021-11-16 09:44:17 - [TEST_STEP][PASSED] - Yönetim popupında Evet seçilir: Yönetim popupında Evet seçilir

2021-11-16 09:44:17 - [MESSAGE][PASSED] - Yönetim popupında Evet seçilir

2021-11-16 09:44:17 - [TEST_STEP][PASSED] - Popup mesajı Seçilen tasarım öndeğer tasarım olarak tanımlanmıştır. içeriyor mu: Popup mesajı Seçilen tasarım öndeğer tasarım olarak tanımlanmıştır. içeriyor mu

2021-11-16 09:44:17 - [MESSAGE][PASSED] - Popup mesajı Seçilen tasarım öndeğer tasarım olarak tanımlanmıştır. içeriyor mu

2021-11-16 09:44:17 - [TEST_STEP][PASSED] - Yönetim popupında Tamam seçilir: Yönetim popupında Tamam seçilir

2021-11-16 09:44:17 - [MESSAGE][PASSED] - Yönetim popupında Tamam seçilir

2021-11-16 09:44:17 - [TEST_STEP][PASSED] - Kullanıcı işlemlerinden Çıkış seçilir: Kullanıcı işlemlerinden Çıkış seçilir

2021-11-16 09:44:17 - [MESSAGE][PASSED] - Kullanıcı işlemlerinden Çıkış seçilir

2021-11-16 09:44:17 - [MESSAGE][PASSED] - Feature file: 'Include/features/Ayarlar/Gorsel Tasarimlar/Tasarim Araclari/On Deger Ata.feature' was passed

2021-11-16 09:44:17 - [TEST_STEP][PASSED] - Start listener action : sampleAfterTestSuite: Invoke 'com.kms.katalon.core.annotation.AfterTestCase' method: 'Listener.sampleAfterTestSuite(...)' completed.

2021-11-16 09:44:17 - [MESSAGE][INFO] - Starting invoke 'com.kms.katalon.core.annotation.AfterTestCase' method: 'Listener.sampleAfterTestSuite(...)'

2021-11-16 09:44:17 - [TEST_STEP][PASSED] - closeBrowser(): Invoke 'com.kms.katalon.core.annotation.AfterTestCase' method: 'Listener.sampleAfterTestSuite(...)' completed.

2021-11-16 09:44:17 - [MESSAGE][INFO] - Closing browser

2021-11-16 09:44:18 - [MESSAGE][PASSED] - Browser is closed

2021-11-16 09:44:18 - [MESSAGE][INFO] - Invoke 'com.kms.katalon.core.annotation.AfterTestCase' method: 'Listener.sampleAfterTestSuite(...)' completed.]]></system-out>
         <system-err><![CDATA[]]></system-err>
      </testcase>
      <testcase name="Test Cases/Case Repository/Ayarlar/Gorsel Tasarim/Tasarim Araclari/Tasarla e-Fatura" time="53.37" classname="Test Cases/Case Repository/Ayarlar/Gorsel Tasarim/Tasarim Araclari/Tasarla e-Fatura" status="PASSED">
         <system-out><![CDATA[2021-11-16 09:44:18 - [TEST_CASE][PASSED] - Test Cases/Case Repository/Ayarlar/Gorsel Tasarim/Tasarim Araclari/Tasarla e-Fatura: Test Cases/Case Repository/Ayarlar/Gorsel Tasarim/Tasarim Araclari/Tasarla e-Fatura

2021-11-16 09:44:18 - [TEST_STEP][PASSED] - Start listener action : sampleBeforeTestSuite: Invoke 'com.kms.katalon.core.annotation.BeforeTestCase' method: 'Listener.sampleBeforeTestSuite(...)' completed.

2021-11-16 09:44:18 - [MESSAGE][INFO] - Starting invoke 'com.kms.katalon.core.annotation.BeforeTestCase' method: 'Listener.sampleBeforeTestSuite(...)'

2021-11-16 09:44:18 - [TEST_STEP][PASSED] - openBrowser(baseUrl): Browser is opened with url: 'https://efatura-stage.elogo.com.tr/'

2021-11-16 09:44:18 - [MESSAGE][INFO] - Opening browser

2021-11-16 09:44:18 - [MESSAGE][INFO] - Starting 'Chrome' driver

2021-11-16 09:44:18 - [MESSAGE][INFO] - User set preference: ['prefs', '{download.default_directory=C:\otomasyondownfiles}']

2021-11-16 09:44:18 - [MESSAGE][INFO] - Action delay is set to 0 milliseconds

2021-11-16 09:44:20 - [MESSAGE][INFO] - Navigating browser to: 'https://efatura-stage.elogo.com.tr/'

2021-11-16 09:44:22 - [MESSAGE][PASSED] - Browser is opened with url: 'https://efatura-stage.elogo.com.tr/'

2021-11-16 09:44:22 - [TEST_STEP][PASSED] - maximizeWindow(): Invoke 'com.kms.katalon.core.annotation.BeforeTestCase' method: 'Listener.sampleBeforeTestSuite(...)' completed.

2021-11-16 09:44:22 - [MESSAGE][INFO] - Maximizing current window

2021-11-16 09:44:22 - [MESSAGE][PASSED] - Current window maximized

2021-11-16 09:44:22 - [MESSAGE][INFO] - Invoke 'com.kms.katalon.core.annotation.BeforeTestCase' method: 'Listener.sampleBeforeTestSuite(...)' completed.

2021-11-16 09:44:23 - [TEST_STEP][PASSED] - runFeatureFile("Include/features/Ayarlar/Gorsel Tasarimlar/Tasarim Araclari/Tasarla e-Fatura.feature"): Feature file: 'Include/features/Ayarlar/Gorsel Tasarimlar/Tasarim Araclari/Tasarla e-Fatura.feature' was passed

2021-11-16 09:44:23 - [MESSAGE][INFO] - Starting run keyword runFeatureFile: 'Include/features/Ayarlar/Gorsel Tasarimlar/Tasarim Araclari/Tasarla e-Fatura.feature' and extract report to folder: 'C:\Users\DELL\Documents\GitHub\EES_KatalonLogo\Reports\20211116_090026\Suite Repository\Ayarlar\20211116_090123/cucumber_report/1637045063190'...

2021-11-16 09:44:23 - [MESSAGE][INFO] - Glue: []

2021-11-16 09:44:24 - [MESSAGE][INFO] - Checking called Test Case

2021-11-16 09:44:24 - [MESSAGE][INFO] - Starting to call Test Case 'Test Cases/Sayfalar/Giris_Sayfasi/Login'

2021-11-16 09:44:24 - [TEST_CASE][PASSED] - Test Cases/Sayfalar/Giris_Sayfasi/Login: Test Cases/Sayfalar/Giris_Sayfasi/Login

2021-11-16 09:44:24 - [TEST_STEP][PASSED] - Sayfa_Basligi = getWindowTitle(): Current window's title is: 'LOGO e-Fatura'

2021-11-16 09:44:24 - [MESSAGE][INFO] - Getting current window's title

2021-11-16 09:44:24 - [MESSAGE][PASSED] - Current window's title is: 'LOGO e-Fatura'

2021-11-16 09:44:24 - [TEST_STEP][PASSED] - verifyMatch(Sayfa_Basligi, "LOGO e-Fatura", false): Actual text 'LOGO e-Fatura' and expected text 'LOGO e-Fatura' are matched 

2021-11-16 09:44:24 - [MESSAGE][INFO] - Matching actual text 'LOGO e-Fatura' with expected text 'LOGO e-Fatura'

2021-11-16 09:44:24 - [MESSAGE][PASSED] - Actual text 'LOGO e-Fatura' and expected text 'LOGO e-Fatura' are matched 

2021-11-16 09:44:24 - [TEST_STEP][PASSED] - sendKeys(findTestObject("Sayfalar/Giris_Sayfasi/Firma_Kodu"), KullaniciAdi): Keys 'ELOGO6' sent to object: 'Object Repository/Sayfalar/Giris_Sayfasi/Firma_Kodu'

2021-11-16 09:44:24 - [MESSAGE][INFO] - Finding Test Object 'Object Repository/Sayfalar/Giris_Sayfasi/Firma_Kodu'

2021-11-16 09:44:24 - [MESSAGE][INFO] - Sending keys 'ELOGO6' to object: 'Object Repository/Sayfalar/Giris_Sayfasi/Firma_Kodu'

2021-11-16 09:44:24 - [MESSAGE][INFO] - Finding web element from Test Object's properties

2021-11-16 09:44:24 - [MESSAGE][INFO] - Checking timeout

2021-11-16 09:44:24 - [MESSAGE][INFO] - Finding web element with id: 'Object Repository/Sayfalar/Giris_Sayfasi/Firma_Kodu' located by 'By.xpath: //*[@id = 'AccountName']' in '30' second(s)

2021-11-16 09:44:24 - [MESSAGE][INFO] - Smart Wait Function is triggered

2021-11-16 09:44:25 - [MESSAGE][INFO] - Found 1 web elements with id: 'Object Repository/Sayfalar/Giris_Sayfasi/Firma_Kodu' located by 'By.xpath: //*[@id = 'AccountName']' in '30' second(s)

2021-11-16 09:44:25 - [MESSAGE][PASSED] - Keys 'ELOGO6' sent to object: 'Object Repository/Sayfalar/Giris_Sayfasi/Firma_Kodu'

2021-11-16 09:44:25 - [TEST_STEP][PASSED] - sendKeys(findTestObject("Sayfalar/Giris_Sayfasi/Sifre"), Sifre): Keys '123456' sent to object: 'Object Repository/Sayfalar/Giris_Sayfasi/Sifre'

2021-11-16 09:44:25 - [MESSAGE][INFO] - Finding Test Object 'Object Repository/Sayfalar/Giris_Sayfasi/Sifre'

2021-11-16 09:44:25 - [MESSAGE][INFO] - Sending keys '123456' to object: 'Object Repository/Sayfalar/Giris_Sayfasi/Sifre'

2021-11-16 09:44:25 - [MESSAGE][INFO] - Finding web element from Test Object's properties

2021-11-16 09:44:25 - [MESSAGE][INFO] - Checking timeout

2021-11-16 09:44:25 - [MESSAGE][INFO] - Finding web element with id: 'Object Repository/Sayfalar/Giris_Sayfasi/Sifre' located by 'By.xpath: //*[@id = 'Password']' in '30' second(s)

2021-11-16 09:44:25 - [MESSAGE][INFO] - Smart Wait Function is triggered

2021-11-16 09:44:25 - [MESSAGE][INFO] - Found 1 web elements with id: 'Object Repository/Sayfalar/Giris_Sayfasi/Sifre' located by 'By.xpath: //*[@id = 'Password']' in '30' second(s)

2021-11-16 09:44:25 - [MESSAGE][PASSED] - Keys '123456' sent to object: 'Object Repository/Sayfalar/Giris_Sayfasi/Sifre'

2021-11-16 09:44:25 - [TEST_STEP][PASSED] - findWebElement(findTestObject("Sayfalar/Giris_Sayfasi/Giris_Butonu")).click(): Found 1 web elements with id: 'Object Repository/Sayfalar/Giris_Sayfasi/Giris_Butonu' located by 'By.cssSelector: #btnLogin' in '30' second(s)

2021-11-16 09:44:25 - [MESSAGE][INFO] - Finding Test Object 'Object Repository/Sayfalar/Giris_Sayfasi/Giris_Butonu'

2021-11-16 09:44:25 - [MESSAGE][INFO] - Finding web element from Test Object's properties

2021-11-16 09:44:25 - [MESSAGE][INFO] - Checking timeout

2021-11-16 09:44:25 - [MESSAGE][INFO] - Finding web element with id: 'Object Repository/Sayfalar/Giris_Sayfasi/Giris_Butonu' located by 'By.cssSelector: #btnLogin' in '30' second(s)

2021-11-16 09:44:25 - [MESSAGE][INFO] - Smart Wait Function is triggered

2021-11-16 09:44:26 - [MESSAGE][INFO] - Found 1 web elements with id: 'Object Repository/Sayfalar/Giris_Sayfasi/Giris_Butonu' located by 'By.cssSelector: #btnLogin' in '30' second(s)

2021-11-16 09:44:28 - [TEST_STEP][PASSED] - if (verifyElementPresent(findTestObject("Object Repository/Sayfalar/Giris_Sayfasi/RetveTamam_Butonu"), 5, OPTIONAL)): null

2021-11-16 09:44:28 - [MESSAGE][INFO] - Finding Test Object 'Object Repository/Sayfalar/Giris_Sayfasi/RetveTamam_Butonu'

2021-11-16 09:44:28 - [MESSAGE][INFO] - Checking object

2021-11-16 09:44:28 - [MESSAGE][INFO] - Finding web element from Test Object's properties

2021-11-16 09:44:28 - [MESSAGE][INFO] - Checking timeout

2021-11-16 09:44:28 - [MESSAGE][INFO] - Finding web element with id: 'Object Repository/Sayfalar/Giris_Sayfasi/RetveTamam_Butonu' located by 'By.xpath: //*[@class = 'btn btn-default']' in '5' second(s)

2021-11-16 09:44:28 - [MESSAGE][INFO] - Smart Wait Function is triggered

2021-11-16 09:44:28 - [MESSAGE][INFO] - Found 1 web elements with id: 'Object Repository/Sayfalar/Giris_Sayfasi/RetveTamam_Butonu' located by 'By.xpath: //*[@class = 'btn btn-default']' in '5' second(s)

2021-11-16 09:44:28 - [MESSAGE][PASSED] - Object 'Object Repository/Sayfalar/Giris_Sayfasi/RetveTamam_Butonu' is present

2021-11-16 09:44:28 - [TEST_STEP][PASSED] - click(findTestObject("Object Repository/Sayfalar/Giris_Sayfasi/RetveTamam_Butonu")): Object: 'Object Repository/Sayfalar/Giris_Sayfasi/RetveTamam_Butonu' is clicked on

2021-11-16 09:44:28 - [MESSAGE][INFO] - Finding Test Object 'Object Repository/Sayfalar/Giris_Sayfasi/RetveTamam_Butonu'

2021-11-16 09:44:28 - [MESSAGE][INFO] - Checking object

2021-11-16 09:44:28 - [MESSAGE][INFO] - Finding web element from Test Object's properties

2021-11-16 09:44:28 - [MESSAGE][INFO] - Checking timeout

2021-11-16 09:44:28 - [MESSAGE][INFO] - Finding web element with id: 'Object Repository/Sayfalar/Giris_Sayfasi/RetveTamam_Butonu' located by 'By.xpath: //*[@class = 'btn btn-default']' in '30' second(s)

2021-11-16 09:44:28 - [MESSAGE][INFO] - Smart Wait Function is triggered

2021-11-16 09:44:29 - [MESSAGE][INFO] - Found 1 web elements with id: 'Object Repository/Sayfalar/Giris_Sayfasi/RetveTamam_Butonu' located by 'By.xpath: //*[@class = 'btn btn-default']' in '30' second(s)

2021-11-16 09:44:29 - [MESSAGE][INFO] - Clicking on object: 'Object Repository/Sayfalar/Giris_Sayfasi/RetveTamam_Butonu'

2021-11-16 09:44:29 - [MESSAGE][PASSED] - Object: 'Object Repository/Sayfalar/Giris_Sayfasi/RetveTamam_Butonu' is clicked on

2021-11-16 09:44:29 - [TEST_STEP][PASSED] - click(findTestObject("Object Repository/Sayfalar/Giris_Sayfasi/RetveTamam_Butonu")): Object: 'Object Repository/Sayfalar/Giris_Sayfasi/RetveTamam_Butonu' is clicked on

2021-11-16 09:44:29 - [MESSAGE][INFO] - Finding Test Object 'Object Repository/Sayfalar/Giris_Sayfasi/RetveTamam_Butonu'

2021-11-16 09:44:29 - [MESSAGE][INFO] - Checking object

2021-11-16 09:44:29 - [MESSAGE][INFO] - Finding web element from Test Object's properties

2021-11-16 09:44:29 - [MESSAGE][INFO] - Checking timeout

2021-11-16 09:44:29 - [MESSAGE][INFO] - Finding web element with id: 'Object Repository/Sayfalar/Giris_Sayfasi/RetveTamam_Butonu' located by 'By.xpath: //*[@class = 'btn btn-default']' in '30' second(s)

2021-11-16 09:44:29 - [MESSAGE][INFO] - Smart Wait Function is triggered

2021-11-16 09:44:32 - [MESSAGE][INFO] - Found 1 web elements with id: 'Object Repository/Sayfalar/Giris_Sayfasi/RetveTamam_Butonu' located by 'By.xpath: //*[@class = 'btn btn-default']' in '30' second(s)

2021-11-16 09:44:32 - [MESSAGE][INFO] - Clicking on object: 'Object Repository/Sayfalar/Giris_Sayfasi/RetveTamam_Butonu'

2021-11-16 09:44:32 - [MESSAGE][PASSED] - Object: 'Object Repository/Sayfalar/Giris_Sayfasi/RetveTamam_Butonu' is clicked on

2021-11-16 09:44:32 - [TEST_STEP][PASSED] - if (verifyElementPresent(findTestObject("Sayfalar/Giris_Sayfasi/PopupOK"), 5, OPTIONAL)): null

2021-11-16 09:44:32 - [MESSAGE][INFO] - Finding Test Object 'Object Repository/Sayfalar/Giris_Sayfasi/PopupOK'

2021-11-16 09:44:32 - [MESSAGE][INFO] - Checking object

2021-11-16 09:44:32 - [MESSAGE][INFO] - Finding web element from Test Object's properties

2021-11-16 09:44:32 - [MESSAGE][INFO] - Checking timeout

2021-11-16 09:44:32 - [MESSAGE][INFO] - Finding web element with id: 'Object Repository/Sayfalar/Giris_Sayfasi/PopupOK' located by 'By.cssSelector: .btn.btn-success' in '5' second(s)

2021-11-16 09:44:32 - [MESSAGE][INFO] - Smart Wait Function is triggered

2021-11-16 09:44:32 - [MESSAGE][INFO] - Found 1 web elements with id: 'Object Repository/Sayfalar/Giris_Sayfasi/PopupOK' located by 'By.cssSelector: .btn.btn-success' in '5' second(s)

2021-11-16 09:44:32 - [MESSAGE][PASSED] - Object 'Object Repository/Sayfalar/Giris_Sayfasi/PopupOK' is present

2021-11-16 09:44:32 - [TEST_STEP][PASSED] - click(findTestObject("Object Repository/Sayfalar/Giris_Sayfasi/PopupCarpiGiris")): Object: 'Object Repository/Sayfalar/Giris_Sayfasi/PopupCarpiGiris' is clicked on

2021-11-16 09:44:32 - [MESSAGE][INFO] - Finding Test Object 'Object Repository/Sayfalar/Giris_Sayfasi/PopupCarpiGiris'

2021-11-16 09:44:33 - [MESSAGE][INFO] - Checking object

2021-11-16 09:44:33 - [MESSAGE][INFO] - Finding web element from Test Object's properties

2021-11-16 09:44:33 - [MESSAGE][INFO] - Checking timeout

2021-11-16 09:44:33 - [MESSAGE][INFO] - Finding web element with id: 'Object Repository/Sayfalar/Giris_Sayfasi/PopupCarpiGiris' located by 'By.cssSelector: .bootbox-close-button.close' in '30' second(s)

2021-11-16 09:44:33 - [MESSAGE][INFO] - Smart Wait Function is triggered

2021-11-16 09:44:33 - [MESSAGE][INFO] - Found 1 web elements with id: 'Object Repository/Sayfalar/Giris_Sayfasi/PopupCarpiGiris' located by 'By.cssSelector: .bootbox-close-button.close' in '30' second(s)

2021-11-16 09:44:33 - [MESSAGE][INFO] - Clicking on object: 'Object Repository/Sayfalar/Giris_Sayfasi/PopupCarpiGiris'

2021-11-16 09:44:33 - [MESSAGE][PASSED] - Object: 'Object Repository/Sayfalar/Giris_Sayfasi/PopupCarpiGiris' is clicked on

2021-11-16 09:44:33 - [TEST_STEP][PASSED] - verifyElementVisible(findTestObject("Object Repository/Kullanici_Islemleri/KullaniciIslemleri")): Object 'Object Repository/Kullanici_Islemleri/KullaniciIslemleri' is visible

2021-11-16 09:44:33 - [MESSAGE][INFO] - Finding Test Object 'Object Repository/Kullanici_Islemleri/KullaniciIslemleri'

2021-11-16 09:44:33 - [MESSAGE][INFO] - Checking object

2021-11-16 09:44:33 - [MESSAGE][INFO] - Finding web element from Test Object's properties

2021-11-16 09:44:33 - [MESSAGE][INFO] - Checking timeout

2021-11-16 09:44:33 - [MESSAGE][INFO] - Finding web element with id: 'Object Repository/Kullanici_Islemleri/KullaniciIslemleri' located by 'By.cssSelector: .dropdown>a>img' in '30' second(s)

2021-11-16 09:44:33 - [MESSAGE][INFO] - Smart Wait Function is triggered

2021-11-16 09:44:34 - [MESSAGE][INFO] - Found 1 web elements with id: 'Object Repository/Kullanici_Islemleri/KullaniciIslemleri' located by 'By.cssSelector: .dropdown>a>img' in '30' second(s)

2021-11-16 09:44:34 - [MESSAGE][PASSED] - Object 'Object Repository/Kullanici_Islemleri/KullaniciIslemleri' is visible

2021-11-16 09:44:34 - [MESSAGE][PASSED] - Call Test Case 'Test Cases/Sayfalar/Giris_Sayfasi/Login' successfully

2021-11-16 09:44:34 - [MESSAGE][INFO] - Checking called Test Case

2021-11-16 09:44:34 - [MESSAGE][INFO] - Starting to call Test Case 'Test Cases/Menu/AnaMenuSecimi'

2021-11-16 09:44:34 - [TEST_CASE][PASSED] - Test Cases/Menu/AnaMenuSecimi: Test Cases/Menu/AnaMenuSecimi

2021-11-16 09:44:34 - [TEST_STEP][PASSED] - Method.TextDegerineEsitElementeTikla(findTestObject("Menu/Ana_Menu"), Ana_Menu): Method.TextDegerineEsitElementeTikla is PASSED

2021-11-16 09:44:34 - [MESSAGE][INFO] - Finding Test Object 'Object Repository/Menu/Ana_Menu'

2021-11-16 09:44:34 - [MESSAGE][INFO] - Checking timeout

2021-11-16 09:44:34 - [MESSAGE][INFO] - Finding web element with id: 'Object Repository/Menu/Ana_Menu' located by 'By.xpath: //*[@class = 'dropdown-toggle']' in '10' second(s)

2021-11-16 09:44:34 - [MESSAGE][INFO] - Smart Wait Function is triggered

2021-11-16 09:44:34 - [MESSAGE][INFO] - Found 14 web elements with id: 'Object Repository/Menu/Ana_Menu' located by 'By.xpath: //*[@class = 'dropdown-toggle']' in '10' second(s)

2021-11-16 09:44:35 - [MESSAGE][PASSED] - Method.TextDegerineEsitElementeTikla is PASSED

2021-11-16 09:44:35 - [MESSAGE][PASSED] - Call Test Case 'Test Cases/Menu/AnaMenuSecimi' successfully

2021-11-16 09:44:35 - [MESSAGE][INFO] - Checking called Test Case

2021-11-16 09:44:35 - [MESSAGE][INFO] - Starting to call Test Case 'Test Cases/Menu/BasligaGoreAltMenuSecimi'

2021-11-16 09:44:35 - [TEST_CASE][PASSED] - Test Cases/Menu/BasligaGoreAltMenuSecimi: Test Cases/Menu/BasligaGoreAltMenuSecimi

2021-11-16 09:44:35 - [TEST_STEP][PASSED] - Method.TextDegerineEsitElementinAltindakiTextDegerineEsitOlanaTikla(findTestObject("Menu/Menu_Basligi"), findTestObject("Menu/Basliga_Gore_Alt_Menu"), Baslik, Alt_Menu): Method.TextDegerineEsitElementinAltindakiTextDegerineEsitOlanaTikla is PASSED

2021-11-16 09:44:35 - [MESSAGE][INFO] - Finding Test Object 'Object Repository/Menu/Menu_Basligi'

2021-11-16 09:44:35 - [MESSAGE][INFO] - Finding Test Object 'Object Repository/Menu/Basliga_Gore_Alt_Menu'

2021-11-16 09:44:35 - [MESSAGE][INFO] - Checking timeout

2021-11-16 09:44:35 - [MESSAGE][INFO] - Finding web element with id: 'Object Repository/Menu/Menu_Basligi' located by 'By.xpath: //li[@class='dropdown dropdown-large open']//li[@class='dropdown-header']' in '10' second(s)

2021-11-16 09:44:35 - [MESSAGE][INFO] - Smart Wait Function is triggered

2021-11-16 09:44:35 - [MESSAGE][INFO] - Found 2 web elements with id: 'Object Repository/Menu/Menu_Basligi' located by 'By.xpath: //li[@class='dropdown dropdown-large open']//li[@class='dropdown-header']' in '10' second(s)

2021-11-16 09:44:35 - [MESSAGE][INFO] - Smart Wait Function is triggered

2021-11-16 09:44:44 - [MESSAGE][PASSED] - Method.TextDegerineEsitElementinAltindakiTextDegerineEsitOlanaTikla is PASSED

2021-11-16 09:44:44 - [MESSAGE][PASSED] - Call Test Case 'Test Cases/Menu/BasligaGoreAltMenuSecimi' successfully

2021-11-16 09:44:44 - [MESSAGE][INFO] - Checking called Test Case

2021-11-16 09:44:44 - [MESSAGE][INFO] - Starting to call Test Case 'Test Cases/Butonlar/ButonaTikla'

2021-11-16 09:44:44 - [TEST_CASE][PASSED] - Test Cases/Butonlar/ButonaTikla: Test Cases/Butonlar/ButonaTikla

2021-11-16 09:44:44 - [TEST_STEP][PASSED] - Method.TextDegerineEsitElementeTiklaEquals(findTestObject("Butonlar/Butonlar"), Buton_Adi): Method.TextDegerineEsitElementeTiklaEquals is PASSED

2021-11-16 09:44:44 - [MESSAGE][INFO] - Finding Test Object 'Object Repository/Butonlar/Butonlar'

2021-11-16 09:44:44 - [MESSAGE][INFO] - Checking timeout

2021-11-16 09:44:44 - [MESSAGE][INFO] - Finding web element with id: 'Object Repository/Butonlar/Butonlar' located by 'By.cssSelector: .panel.panel-default.text-center.footerPanel .btn,.btn.btn-primary.btnControls' in '10' second(s)

2021-11-16 09:44:44 - [MESSAGE][INFO] - Smart Wait Function is triggered

2021-11-16 09:44:44 - [MESSAGE][INFO] - Found 7 web elements with id: 'Object Repository/Butonlar/Butonlar' located by 'By.cssSelector: .panel.panel-default.text-center.footerPanel .btn,.btn.btn-primary.btnControls' in '10' second(s)

2021-11-16 09:44:44 - [MESSAGE][PASSED] - Method.TextDegerineEsitElementeTiklaEquals is PASSED

2021-11-16 09:44:44 - [MESSAGE][PASSED] - Call Test Case 'Test Cases/Butonlar/ButonaTikla' successfully

2021-11-16 09:44:44 - [MESSAGE][INFO] - Checking called Test Case

2021-11-16 09:44:44 - [MESSAGE][INFO] - Starting to call Test Case 'Test Cases/Butonlar/AltButonaTikla'

2021-11-16 09:44:44 - [TEST_CASE][PASSED] - Test Cases/Butonlar/AltButonaTikla: Test Cases/Butonlar/AltButonaTikla

2021-11-16 09:44:45 - [TEST_STEP][PASSED] - Method.TextDegerineEsitElementeTikla(findTestObject("Butonlar/AltButonlar"), Alt_Buton): Method.TextDegerineEsitElementeTikla is PASSED

2021-11-16 09:44:45 - [MESSAGE][INFO] - Finding Test Object 'Object Repository/Butonlar/AltButonlar'

2021-11-16 09:44:45 - [MESSAGE][INFO] - Checking timeout

2021-11-16 09:44:45 - [MESSAGE][INFO] - Finding web element with id: 'Object Repository/Butonlar/AltButonlar' located by 'By.cssSelector: .btn-group.open li>a' in '10' second(s)

2021-11-16 09:44:45 - [MESSAGE][INFO] - Smart Wait Function is triggered

2021-11-16 09:44:46 - [MESSAGE][INFO] - Found 3 web elements with id: 'Object Repository/Butonlar/AltButonlar' located by 'By.cssSelector: .btn-group.open li>a' in '10' second(s)

2021-11-16 09:44:48 - [MESSAGE][PASSED] - Method.TextDegerineEsitElementeTikla is PASSED

2021-11-16 09:44:48 - [MESSAGE][PASSED] - Call Test Case 'Test Cases/Butonlar/AltButonaTikla' successfully

2021-11-16 09:44:48 - [MESSAGE][INFO] - Checking called Test Case

2021-11-16 09:44:48 - [MESSAGE][INFO] - Starting to call Test Case 'Test Cases/Sayfalar/Ayarlar/Ayarlarim/AyarlarimBasliklarVarMi'

2021-11-16 09:44:48 - [TEST_CASE][PASSED] - Test Cases/Sayfalar/Ayarlar/Ayarlarim/AyarlarimBasliklarVarMi: Test Cases/Sayfalar/Ayarlar/Ayarlarim/AyarlarimBasliklarVarMi

2021-11-16 09:44:48 - [TEST_STEP][PASSED] - Method.TextDegerineEsitElementVarMi(findTestObject("Object Repository/Sayfalar/Ayarlar/Ayarlarim/AyarlarBasliklar"), Baslik): Method.TextDegerineEsitElementVarMi is PASSED

2021-11-16 09:44:48 - [MESSAGE][INFO] - Finding Test Object 'Object Repository/Sayfalar/Ayarlar/Ayarlarim/AyarlarBasliklar'

2021-11-16 09:44:49 - [MESSAGE][INFO] - Checking timeout

2021-11-16 09:44:49 - [MESSAGE][INFO] - Finding web element with id: 'Object Repository/Sayfalar/Ayarlar/Ayarlarim/AyarlarBasliklar' located by 'By.cssSelector: .dxnb-header>span' in '10' second(s)

2021-11-16 09:44:49 - [MESSAGE][INFO] - Smart Wait Function is triggered

2021-11-16 09:44:50 - [MESSAGE][INFO] - Found 5 web elements with id: 'Object Repository/Sayfalar/Ayarlar/Ayarlarim/AyarlarBasliklar' located by 'By.cssSelector: .dxnb-header>span' in '10' second(s)

2021-11-16 09:44:50 - [MESSAGE][PASSED] - Method.TextDegerineEsitElementVarMi is PASSED

2021-11-16 09:44:50 - [MESSAGE][PASSED] - Call Test Case 'Test Cases/Sayfalar/Ayarlar/Ayarlarim/AyarlarimBasliklarVarMi' successfully

2021-11-16 09:44:50 - [MESSAGE][INFO] - Checking called Test Case

2021-11-16 09:44:50 - [MESSAGE][INFO] - Starting to call Test Case 'Test Cases/Sayfalar/Ayarlar/Gorsel_Tasarim/GorselTasarimAciklamasiGirilir'

2021-11-16 09:44:50 - [TEST_CASE][PASSED] - Test Cases/Sayfalar/Ayarlar/Gorsel_Tasarim/GorselTasarimAciklamasiGirilir: Test Cases/Sayfalar/Ayarlar/Gorsel_Tasarim/GorselTasarimAciklamasiGirilir

2021-11-16 09:44:50 - [TEST_STEP][PASSED] - waitForElementPresent(findTestObject("Object Repository/Sayfalar/Ayarlar/Gorsel_Tasarim/GorselTasarimAciklamasi"), 10): Object 'Object Repository/Sayfalar/Ayarlar/Gorsel_Tasarim/GorselTasarimAciklamasi' is present

2021-11-16 09:44:50 - [MESSAGE][INFO] - Finding Test Object 'Object Repository/Sayfalar/Ayarlar/Gorsel_Tasarim/GorselTasarimAciklamasi'

2021-11-16 09:44:50 - [MESSAGE][INFO] - Checking object

2021-11-16 09:44:50 - [MESSAGE][INFO] - Finding web element from Test Object's properties

2021-11-16 09:44:50 - [MESSAGE][INFO] - Checking timeout

2021-11-16 09:44:50 - [MESSAGE][INFO] - Finding web element with id: 'Object Repository/Sayfalar/Ayarlar/Gorsel_Tasarim/GorselTasarimAciklamasi' located by 'By.xpath: //*[@id = 'Description_I']' in '10' second(s)

2021-11-16 09:44:50 - [MESSAGE][INFO] - Smart Wait Function is triggered

2021-11-16 09:44:50 - [MESSAGE][INFO] - Found 1 web elements with id: 'Object Repository/Sayfalar/Ayarlar/Gorsel_Tasarim/GorselTasarimAciklamasi' located by 'By.xpath: //*[@id = 'Description_I']' in '10' second(s)

2021-11-16 09:44:50 - [MESSAGE][PASSED] - Object 'Object Repository/Sayfalar/Ayarlar/Gorsel_Tasarim/GorselTasarimAciklamasi' is present

2021-11-16 09:44:50 - [TEST_STEP][PASSED] - clearText(findTestObject("Object Repository/Sayfalar/Ayarlar/Gorsel_Tasarim/GorselTasarimAciklamasi")): Text of object 'Object Repository/Sayfalar/Ayarlar/Gorsel_Tasarim/GorselTasarimAciklamasi' is cleared

2021-11-16 09:44:50 - [MESSAGE][INFO] - Finding Test Object 'Object Repository/Sayfalar/Ayarlar/Gorsel_Tasarim/GorselTasarimAciklamasi'

2021-11-16 09:44:50 - [MESSAGE][INFO] - Checking object

2021-11-16 09:44:50 - [MESSAGE][INFO] - Finding web element from Test Object's properties

2021-11-16 09:44:50 - [MESSAGE][INFO] - Checking timeout

2021-11-16 09:44:50 - [MESSAGE][INFO] - Finding web element with id: 'Object Repository/Sayfalar/Ayarlar/Gorsel_Tasarim/GorselTasarimAciklamasi' located by 'By.xpath: //*[@id = 'Description_I']' in '30' second(s)

2021-11-16 09:44:50 - [MESSAGE][INFO] - Smart Wait Function is triggered

2021-11-16 09:44:51 - [MESSAGE][INFO] - Found 1 web elements with id: 'Object Repository/Sayfalar/Ayarlar/Gorsel_Tasarim/GorselTasarimAciklamasi' located by 'By.xpath: //*[@id = 'Description_I']' in '30' second(s)

2021-11-16 09:44:51 - [MESSAGE][INFO] - Clearing text of object 'Object Repository/Sayfalar/Ayarlar/Gorsel_Tasarim/GorselTasarimAciklamasi'

2021-11-16 09:44:51 - [MESSAGE][PASSED] - Text of object 'Object Repository/Sayfalar/Ayarlar/Gorsel_Tasarim/GorselTasarimAciklamasi' is cleared

2021-11-16 09:44:51 - [TEST_STEP][PASSED] - sendKeys(findTestObject("Object Repository/Sayfalar/Ayarlar/Gorsel_Tasarim/GorselTasarimAciklamasi"), Aciklama): Keys 'VirgosolOtomasyon' sent to object: 'Object Repository/Sayfalar/Ayarlar/Gorsel_Tasarim/GorselTasarimAciklamasi'

2021-11-16 09:44:51 - [MESSAGE][INFO] - Finding Test Object 'Object Repository/Sayfalar/Ayarlar/Gorsel_Tasarim/GorselTasarimAciklamasi'

2021-11-16 09:44:51 - [MESSAGE][INFO] - Sending keys 'VirgosolOtomasyon' to object: 'Object Repository/Sayfalar/Ayarlar/Gorsel_Tasarim/GorselTasarimAciklamasi'

2021-11-16 09:44:51 - [MESSAGE][INFO] - Finding web element from Test Object's properties

2021-11-16 09:44:51 - [MESSAGE][INFO] - Checking timeout

2021-11-16 09:44:51 - [MESSAGE][INFO] - Finding web element with id: 'Object Repository/Sayfalar/Ayarlar/Gorsel_Tasarim/GorselTasarimAciklamasi' located by 'By.xpath: //*[@id = 'Description_I']' in '30' second(s)

2021-11-16 09:44:51 - [MESSAGE][INFO] - Smart Wait Function is triggered

2021-11-16 09:44:51 - [MESSAGE][INFO] - Found 1 web elements with id: 'Object Repository/Sayfalar/Ayarlar/Gorsel_Tasarim/GorselTasarimAciklamasi' located by 'By.xpath: //*[@id = 'Description_I']' in '30' second(s)

2021-11-16 09:44:51 - [MESSAGE][PASSED] - Keys 'VirgosolOtomasyon' sent to object: 'Object Repository/Sayfalar/Ayarlar/Gorsel_Tasarim/GorselTasarimAciklamasi'

2021-11-16 09:44:51 - [MESSAGE][PASSED] - Call Test Case 'Test Cases/Sayfalar/Ayarlar/Gorsel_Tasarim/GorselTasarimAciklamasiGirilir' successfully

2021-11-16 09:44:51 - [MESSAGE][INFO] - Checking called Test Case

2021-11-16 09:44:51 - [MESSAGE][INFO] - Starting to call Test Case 'Test Cases/Sekmeler/FaturaBaslıgıDogruMu'

2021-11-16 09:44:51 - [TEST_CASE][PASSED] - Test Cases/Sekmeler/FaturaBaslıgıDogruMu: Test Cases/Sekmeler/FaturaBaslıgıDogruMu

2021-11-16 09:44:51 - [TEST_STEP][PASSED] - switchToFrame(findTestObject("Object Repository/Sayfalar/Giris_Sayfasi/FrameFirmaSec"), 3): Switched to iframe: 'Object Repository/Sayfalar/Giris_Sayfasi/FrameFirmaSec'

2021-11-16 09:44:51 - [MESSAGE][INFO] - Finding Test Object 'Object Repository/Sayfalar/Giris_Sayfasi/FrameFirmaSec'

2021-11-16 09:44:51 - [MESSAGE][INFO] - Switching to iframe: 'Object Repository/Sayfalar/Giris_Sayfasi/FrameFirmaSec'

2021-11-16 09:44:51 - [MESSAGE][INFO] - Finding web element from Test Object's properties

2021-11-16 09:44:51 - [MESSAGE][INFO] - Checking timeout

2021-11-16 09:44:51 - [MESSAGE][INFO] - Finding web element with id: 'Object Repository/Sayfalar/Giris_Sayfasi/FrameFirmaSec' located by 'By.cssSelector: .cke_wysiwyg_frame.cke_reset' in '3' second(s)

2021-11-16 09:44:51 - [MESSAGE][INFO] - Smart Wait Function is triggered

2021-11-16 09:44:51 - [MESSAGE][INFO] - Found 3 web elements with id: 'Object Repository/Sayfalar/Giris_Sayfasi/FrameFirmaSec' located by 'By.cssSelector: .cke_wysiwyg_frame.cke_reset' in '3' second(s)

2021-11-16 09:44:51 - [MESSAGE][INFO] - Switched to iframe: 'Object Repository/Sayfalar/Giris_Sayfasi/FrameFirmaSec'

2021-11-16 09:44:51 - [TEST_STEP][PASSED] - verifyElementText(findTestObject("Object Repository/Sekmeler/Olusturma_Goster_Baslik"), Title): Actual text and expected text of test object 'Object Repository/Sekmeler/Olusturma_Goster_Baslik' are matched.

2021-11-16 09:44:51 - [MESSAGE][INFO] - Finding Test Object 'Object Repository/Sekmeler/Olusturma_Goster_Baslik'

2021-11-16 09:44:52 - [MESSAGE][INFO] - Checking object

2021-11-16 09:44:52 - [MESSAGE][INFO] - Finding web element from Test Object's properties

2021-11-16 09:44:52 - [MESSAGE][INFO] - Checking timeout

2021-11-16 09:44:52 - [MESSAGE][INFO] - Finding web element with id: 'Object Repository/Sekmeler/Olusturma_Goster_Baslik' located by 'By.cssSelector: h1>span,td>font,font' in '30' second(s)

2021-11-16 09:44:52 - [MESSAGE][INFO] - Smart Wait Function is triggered

2021-11-16 09:44:52 - [MESSAGE][INFO] - Found 1 web elements with id: 'Object Repository/Sekmeler/Olusturma_Goster_Baslik' located by 'By.cssSelector: h1>span,td>font,font' in '30' second(s)

2021-11-16 09:44:52 - [MESSAGE][PASSED] - Actual text and expected text of test object 'Object Repository/Sekmeler/Olusturma_Goster_Baslik' are matched.

2021-11-16 09:44:52 - [TEST_STEP][PASSED] - switchToDefaultContent(): Switching to default content

2021-11-16 09:44:52 - [MESSAGE][INFO] - Switching to default content

2021-11-16 09:44:52 - [MESSAGE][PASSED] - Call Test Case 'Test Cases/Sekmeler/FaturaBaslıgıDogruMu' successfully

2021-11-16 09:44:52 - [MESSAGE][INFO] - Checking called Test Case

2021-11-16 09:44:52 - [MESSAGE][INFO] - Starting to call Test Case 'Test Cases/Butonlar/ButonaTikla'

2021-11-16 09:44:52 - [TEST_CASE][PASSED] - Test Cases/Butonlar/ButonaTikla: Test Cases/Butonlar/ButonaTikla

2021-11-16 09:44:52 - [TEST_STEP][PASSED] - Method.TextDegerineEsitElementeTiklaEquals(findTestObject("Butonlar/Butonlar"), Buton_Adi): Method.TextDegerineEsitElementeTiklaEquals is PASSED

2021-11-16 09:44:52 - [MESSAGE][INFO] - Finding Test Object 'Object Repository/Butonlar/Butonlar'

2021-11-16 09:44:52 - [MESSAGE][INFO] - Checking timeout

2021-11-16 09:44:52 - [MESSAGE][INFO] - Finding web element with id: 'Object Repository/Butonlar/Butonlar' located by 'By.cssSelector: .panel.panel-default.text-center.footerPanel .btn,.btn.btn-primary.btnControls' in '10' second(s)

2021-11-16 09:44:52 - [MESSAGE][INFO] - Smart Wait Function is triggered

2021-11-16 09:44:52 - [MESSAGE][INFO] - Found 3 web elements with id: 'Object Repository/Butonlar/Butonlar' located by 'By.cssSelector: .panel.panel-default.text-center.footerPanel .btn,.btn.btn-primary.btnControls' in '10' second(s)

2021-11-16 09:44:53 - [MESSAGE][PASSED] - Method.TextDegerineEsitElementeTiklaEquals is PASSED

2021-11-16 09:44:53 - [MESSAGE][PASSED] - Call Test Case 'Test Cases/Butonlar/ButonaTikla' successfully

2021-11-16 09:44:53 - [MESSAGE][INFO] - Checking called Test Case

2021-11-16 09:44:53 - [MESSAGE][INFO] - Starting to call Test Case 'Test Cases/Popup/PopupMesajiIceriyorMu'

2021-11-16 09:44:53 - [TEST_CASE][PASSED] - Test Cases/Popup/PopupMesajiIceriyorMu: Test Cases/Popup/PopupMesajiIceriyorMu

2021-11-16 09:44:53 - [TEST_STEP][PASSED] - waitForElementVisible(findTestObject("Popup/Popup"), 10): Object 'Object Repository/Popup/Popup' is visible

2021-11-16 09:44:53 - [MESSAGE][INFO] - Finding Test Object 'Object Repository/Popup/Popup'

2021-11-16 09:44:53 - [MESSAGE][INFO] - Checking object

2021-11-16 09:44:53 - [MESSAGE][INFO] - Checking timeout

2021-11-16 09:44:53 - [MESSAGE][INFO] - Finding web element from Test Object's properties

2021-11-16 09:44:53 - [MESSAGE][INFO] - Checking timeout

2021-11-16 09:44:53 - [MESSAGE][INFO] - Finding web element with id: 'Object Repository/Popup/Popup' located by 'By.cssSelector: .bootbox-body' in '10' second(s)

2021-11-16 09:44:53 - [MESSAGE][INFO] - Smart Wait Function is triggered

2021-11-16 09:44:54 - [MESSAGE][INFO] - Found 1 web elements with id: 'Object Repository/Popup/Popup' located by 'By.cssSelector: .bootbox-body' in '10' second(s)

2021-11-16 09:44:54 - [MESSAGE][PASSED] - Object 'Object Repository/Popup/Popup' is visible

2021-11-16 09:44:54 - [TEST_STEP][PASSED] - if (!(getText(findTestObject("Popup/Popup")).contains(Mesaj))): Text of object 'Object Repository/Popup/Popup' is: 'Tasarım ön değer tasarım olarak tanımlansın mı?'

2021-11-16 09:44:54 - [MESSAGE][INFO] - Finding Test Object 'Object Repository/Popup/Popup'

2021-11-16 09:44:54 - [MESSAGE][INFO] - Checking object

2021-11-16 09:44:54 - [MESSAGE][INFO] - Finding web element from Test Object's properties

2021-11-16 09:44:54 - [MESSAGE][INFO] - Checking timeout

2021-11-16 09:44:54 - [MESSAGE][INFO] - Finding web element with id: 'Object Repository/Popup/Popup' located by 'By.cssSelector: .bootbox-body' in '30' second(s)

2021-11-16 09:44:54 - [MESSAGE][INFO] - Smart Wait Function is triggered

2021-11-16 09:44:54 - [MESSAGE][INFO] - Found 1 web elements with id: 'Object Repository/Popup/Popup' located by 'By.cssSelector: .bootbox-body' in '30' second(s)

2021-11-16 09:44:54 - [MESSAGE][INFO] - Getting text of object 'Object Repository/Popup/Popup'

2021-11-16 09:44:54 - [MESSAGE][PASSED] - Text of object 'Object Repository/Popup/Popup' is: 'Tasarım ön değer tasarım olarak tanımlansın mı?'

2021-11-16 09:44:54 - [TEST_STEP][PASSED] - RaporNo = getText(findTestObject("Popup/Popup")).substring(0, 6): Text of object 'Object Repository/Popup/Popup' is: 'Tasarım ön değer tasarım olarak tanımlansın mı?'

2021-11-16 09:44:54 - [MESSAGE][INFO] - Finding Test Object 'Object Repository/Popup/Popup'

2021-11-16 09:44:55 - [MESSAGE][INFO] - Checking object

2021-11-16 09:44:55 - [MESSAGE][INFO] - Finding web element from Test Object's properties

2021-11-16 09:44:55 - [MESSAGE][INFO] - Checking timeout

2021-11-16 09:44:55 - [MESSAGE][INFO] - Finding web element with id: 'Object Repository/Popup/Popup' located by 'By.cssSelector: .bootbox-body' in '30' second(s)

2021-11-16 09:44:55 - [MESSAGE][INFO] - Smart Wait Function is triggered

2021-11-16 09:44:55 - [MESSAGE][INFO] - Found 1 web elements with id: 'Object Repository/Popup/Popup' located by 'By.cssSelector: .bootbox-body' in '30' second(s)

2021-11-16 09:44:55 - [MESSAGE][INFO] - Getting text of object 'Object Repository/Popup/Popup'

2021-11-16 09:44:55 - [MESSAGE][PASSED] - Text of object 'Object Repository/Popup/Popup' is: 'Tasarım ön değer tasarım olarak tanımlansın mı?'

2021-11-16 09:44:55 - [TEST_STEP][PASSED] - Console.println(RaporNo): null

2021-11-16 09:44:55 - [MESSAGE][PASSED] - Call Test Case 'Test Cases/Popup/PopupMesajiIceriyorMu' successfully

2021-11-16 09:44:55 - [MESSAGE][INFO] - Checking called Test Case

2021-11-16 09:44:55 - [MESSAGE][INFO] - Starting to call Test Case 'Test Cases/Popup/PopupButonSecilir'

2021-11-16 09:44:55 - [TEST_CASE][PASSED] - Test Cases/Popup/PopupButonSecilir: Test Cases/Popup/PopupButonSecilir

2021-11-16 09:44:55 - [TEST_STEP][PASSED] - Method.TextDegerineEsitElementeTikla(findTestObject("Popup/Popup_Butons"), Buton): Method.TextDegerineEsitElementeTikla is PASSED

2021-11-16 09:44:55 - [MESSAGE][INFO] - Finding Test Object 'Object Repository/Popup/Popup_Butons'

2021-11-16 09:44:56 - [MESSAGE][INFO] - Checking timeout

2021-11-16 09:44:56 - [MESSAGE][INFO] - Finding web element with id: 'Object Repository/Popup/Popup_Butons' located by 'By.cssSelector: .modal-footer>button' in '10' second(s)

2021-11-16 09:44:56 - [MESSAGE][INFO] - Smart Wait Function is triggered

2021-11-16 09:44:56 - [MESSAGE][INFO] - Found 2 web elements with id: 'Object Repository/Popup/Popup_Butons' located by 'By.cssSelector: .modal-footer>button' in '10' second(s)

2021-11-16 09:45:07 - [MESSAGE][PASSED] - Method.TextDegerineEsitElementeTikla is PASSED

2021-11-16 09:45:07 - [MESSAGE][PASSED] - Call Test Case 'Test Cases/Popup/PopupButonSecilir' successfully

2021-11-16 09:45:07 - [MESSAGE][INFO] - Checking called Test Case

2021-11-16 09:45:07 - [MESSAGE][INFO] - Starting to call Test Case 'Test Cases/Tablo/TablodaUnvanliVeriOlusturulduMu'

2021-11-16 09:45:07 - [TEST_CASE][PASSED] - Test Cases/Tablo/TablodaUnvanliVeriOlusturulduMu: Test Cases/Tablo/TablodaUnvanliVeriOlusturulduMu

2021-11-16 09:45:07 - [TEST_STEP][PASSED] - waitForElementVisible(findTestObject("Tablo/OlusturulanVeri"), 10, STOP_ON_FAILURE): Object 'Object Repository/Tablo/OlusturulanVeri' is visible

2021-11-16 09:45:07 - [MESSAGE][INFO] - Finding Test Object 'Object Repository/Tablo/OlusturulanVeri'

2021-11-16 09:45:07 - [MESSAGE][INFO] - Checking object

2021-11-16 09:45:07 - [MESSAGE][INFO] - Checking timeout

2021-11-16 09:45:07 - [MESSAGE][INFO] - Finding web element from Test Object's properties

2021-11-16 09:45:07 - [MESSAGE][INFO] - Checking timeout

2021-11-16 09:45:07 - [MESSAGE][INFO] - Finding web element with id: 'Object Repository/Tablo/OlusturulanVeri' located by 'By.cssSelector: table.dxgvTable_LECustomTheme>tbody>tr:nth-child(3)>td.dxgv b,table.dxgvTable_LECustomTheme>tbody>tr:nth-child(3)>td.dxgv' in '10' second(s)

2021-11-16 09:45:07 - [MESSAGE][INFO] - Smart Wait Function is triggered

2021-11-16 09:45:07 - [MESSAGE][INFO] - Found 8 web elements with id: 'Object Repository/Tablo/OlusturulanVeri' located by 'By.cssSelector: table.dxgvTable_LECustomTheme>tbody>tr:nth-child(3)>td.dxgv b,table.dxgvTable_LECustomTheme>tbody>tr:nth-child(3)>td.dxgv' in '10' second(s)

2021-11-16 09:45:07 - [MESSAGE][PASSED] - Object 'Object Repository/Tablo/OlusturulanVeri' is visible

2021-11-16 09:45:07 - [TEST_STEP][PASSED] - Method.TextDegerineEsitElementVarMi(findTestObject("Tablo/OlusturulanVeri"), Unvan): Method.TextDegerineEsitElementVarMi is PASSED

2021-11-16 09:45:07 - [MESSAGE][INFO] - Finding Test Object 'Object Repository/Tablo/OlusturulanVeri'

2021-11-16 09:45:07 - [MESSAGE][INFO] - Checking timeout

2021-11-16 09:45:07 - [MESSAGE][INFO] - Finding web element with id: 'Object Repository/Tablo/OlusturulanVeri' located by 'By.cssSelector: table.dxgvTable_LECustomTheme>tbody>tr:nth-child(3)>td.dxgv b,table.dxgvTable_LECustomTheme>tbody>tr:nth-child(3)>td.dxgv' in '10' second(s)

2021-11-16 09:45:07 - [MESSAGE][INFO] - Smart Wait Function is triggered

2021-11-16 09:45:08 - [MESSAGE][INFO] - Found 8 web elements with id: 'Object Repository/Tablo/OlusturulanVeri' located by 'By.cssSelector: table.dxgvTable_LECustomTheme>tbody>tr:nth-child(3)>td.dxgv b,table.dxgvTable_LECustomTheme>tbody>tr:nth-child(3)>td.dxgv' in '10' second(s)

2021-11-16 09:45:08 - [MESSAGE][PASSED] - Method.TextDegerineEsitElementVarMi is PASSED

2021-11-16 09:45:08 - [MESSAGE][PASSED] - Call Test Case 'Test Cases/Tablo/TablodaUnvanliVeriOlusturulduMu' successfully

2021-11-16 09:45:08 - [MESSAGE][INFO] - Checking called Test Case

2021-11-16 09:45:08 - [MESSAGE][INFO] - Starting to call Test Case 'Test Cases/Kullanici_Islemleri/KullaniciIslemlerindenSecimYapilir'

2021-11-16 09:45:08 - [TEST_CASE][PASSED] - Test Cases/Kullanici_Islemleri/KullaniciIslemlerindenSecimYapilir: Test Cases/Kullanici_Islemleri/KullaniciIslemlerindenSecimYapilir

2021-11-16 09:45:08 - [TEST_STEP][PASSED] - waitForElementClickable(findTestObject("Object Repository/Kullanici_Islemleri/KullaniciIslemleri"), 10): Object 'Object Repository/Kullanici_Islemleri/KullaniciIslemleri' is clickable

2021-11-16 09:45:08 - [MESSAGE][INFO] - Finding Test Object 'Object Repository/Kullanici_Islemleri/KullaniciIslemleri'

2021-11-16 09:45:08 - [MESSAGE][INFO] - Checking object

2021-11-16 09:45:08 - [MESSAGE][INFO] - Checking timeout

2021-11-16 09:45:08 - [MESSAGE][INFO] - Finding web element from Test Object's properties

2021-11-16 09:45:08 - [MESSAGE][INFO] - Checking timeout

2021-11-16 09:45:08 - [MESSAGE][INFO] - Finding web element with id: 'Object Repository/Kullanici_Islemleri/KullaniciIslemleri' located by 'By.cssSelector: .dropdown>a>img' in '10' second(s)

2021-11-16 09:45:08 - [MESSAGE][INFO] - Smart Wait Function is triggered

2021-11-16 09:45:08 - [MESSAGE][INFO] - Found 1 web elements with id: 'Object Repository/Kullanici_Islemleri/KullaniciIslemleri' located by 'By.cssSelector: .dropdown>a>img' in '10' second(s)

2021-11-16 09:45:08 - [MESSAGE][PASSED] - Object 'Object Repository/Kullanici_Islemleri/KullaniciIslemleri' is clickable

2021-11-16 09:45:08 - [TEST_STEP][PASSED] - click(findTestObject("Object Repository/Kullanici_Islemleri/KullaniciIslemleri")): Object: 'Object Repository/Kullanici_Islemleri/KullaniciIslemleri' is clicked on

2021-11-16 09:45:08 - [MESSAGE][INFO] - Finding Test Object 'Object Repository/Kullanici_Islemleri/KullaniciIslemleri'

2021-11-16 09:45:08 - [MESSAGE][INFO] - Checking object

2021-11-16 09:45:08 - [MESSAGE][INFO] - Finding web element from Test Object's properties

2021-11-16 09:45:08 - [MESSAGE][INFO] - Checking timeout

2021-11-16 09:45:08 - [MESSAGE][INFO] - Finding web element with id: 'Object Repository/Kullanici_Islemleri/KullaniciIslemleri' located by 'By.cssSelector: .dropdown>a>img' in '30' second(s)

2021-11-16 09:45:08 - [MESSAGE][INFO] - Smart Wait Function is triggered

2021-11-16 09:45:08 - [MESSAGE][INFO] - Found 1 web elements with id: 'Object Repository/Kullanici_Islemleri/KullaniciIslemleri' located by 'By.cssSelector: .dropdown>a>img' in '30' second(s)

2021-11-16 09:45:08 - [MESSAGE][INFO] - Clicking on object: 'Object Repository/Kullanici_Islemleri/KullaniciIslemleri'

2021-11-16 09:45:09 - [MESSAGE][PASSED] - Object: 'Object Repository/Kullanici_Islemleri/KullaniciIslemleri' is clicked on

2021-11-16 09:45:09 - [TEST_STEP][PASSED] - Method.TextDegerineEsitElementeTikla(findTestObject("Object Repository/Kullanici_Islemleri/Secenekler"), Islem): Method.TextDegerineEsitElementeTikla is PASSED

2021-11-16 09:45:09 - [MESSAGE][INFO] - Finding Test Object 'Object Repository/Kullanici_Islemleri/Secenekler'

2021-11-16 09:45:09 - [MESSAGE][INFO] - Checking timeout

2021-11-16 09:45:09 - [MESSAGE][INFO] - Finding web element with id: 'Object Repository/Kullanici_Islemleri/Secenekler' located by 'By.cssSelector: .nav.navbar-nav.navbar-right li a' in '10' second(s)

2021-11-16 09:45:09 - [MESSAGE][INFO] - Smart Wait Function is triggered

2021-11-16 09:45:09 - [MESSAGE][INFO] - Found 22 web elements with id: 'Object Repository/Kullanici_Islemleri/Secenekler' located by 'By.cssSelector: .nav.navbar-nav.navbar-right li a' in '10' second(s)

2021-11-16 09:45:10 - [MESSAGE][PASSED] - Method.TextDegerineEsitElementeTikla is PASSED

2021-11-16 09:45:10 - [TEST_STEP][PASSED] - verifyElementNotPresent(findTestObject("Object Repository/Kullanici_Islemleri/Secenekler"), 10): Web element with id: 'Object Repository/Kullanici_Islemleri/Secenekler' located by 'By.cssSelector: .nav.navbar-nav.navbar-right li a' is not present after '10' second(s)

2021-11-16 09:45:10 - [MESSAGE][INFO] - Finding Test Object 'Object Repository/Kullanici_Islemleri/Secenekler'

2021-11-16 09:45:11 - [MESSAGE][INFO] - Checking object

2021-11-16 09:45:11 - [MESSAGE][INFO] - Checking timeout

2021-11-16 09:45:11 - [MESSAGE][INFO] - Finding web element with id: 'Object Repository/Kullanici_Islemleri/Secenekler' located by 'By.cssSelector: .nav.navbar-nav.navbar-right li a' in '10' second(s)

2021-11-16 09:45:11 - [MESSAGE][INFO] - Smart Wait Function is triggered

2021-11-16 09:45:11 - [MESSAGE][PASSED] - Web element with id: 'Object Repository/Kullanici_Islemleri/Secenekler' located by 'By.cssSelector: .nav.navbar-nav.navbar-right li a' is not present after '10' second(s)

2021-11-16 09:45:11 - [MESSAGE][PASSED] - Call Test Case 'Test Cases/Kullanici_Islemleri/KullaniciIslemlerindenSecimYapilir' successfully

2021-11-16 09:45:11 - [TEST_CASE][PASSED] - Start Test Case : SCENARIO Tasarim Araclari Tasarla e-Fatura: SCENARIO Tasarim Araclari Tasarla e-Fatura

2021-11-16 09:45:11 - [TEST_STEP][PASSED] - Kullanıcı adı ELOGO6 ve Şifre 123456 olarak giriş yapılır: Kullanıcı adı ELOGO6 ve Şifre 123456 olarak giriş yapılır

2021-11-16 09:45:11 - [MESSAGE][PASSED] - Kullanıcı adı ELOGO6 ve Şifre 123456 olarak giriş yapılır

2021-11-16 09:45:11 - [TEST_STEP][PASSED] - Ana menüden Ayarlar seçilir: Ana menüden Ayarlar seçilir

2021-11-16 09:45:11 - [MESSAGE][PASSED] - Ana menüden Ayarlar seçilir

2021-11-16 09:45:11 - [TEST_STEP][PASSED] - Alt menü Görsel Tasarımlar başlığı altındaki Tasarım Araçları seçilir: Alt menü Görsel Tasarımlar başlığı altındaki Tasarım Araçları seçilir

2021-11-16 09:45:11 - [MESSAGE][PASSED] - Alt menü Görsel Tasarımlar başlığı altındaki Tasarım Araçları seçilir

2021-11-16 09:45:11 - [TEST_STEP][PASSED] - Butonlardan Tasarla isimli butona tıklanır: Butonlardan Tasarla isimli butona tıklanır

2021-11-16 09:45:11 - [MESSAGE][PASSED] - Butonlardan Tasarla isimli butona tıklanır

2021-11-16 09:45:11 - [TEST_STEP][PASSED] - Alt butonlardan e-Fatura butonuna tıklanır: Alt butonlardan e-Fatura butonuna tıklanır

2021-11-16 09:45:11 - [MESSAGE][PASSED] - Alt butonlardan e-Fatura butonuna tıklanır

2021-11-16 09:45:11 - [TEST_STEP][PASSED] - Dinamik başlıklarda E-FATURA TASARIM AÇIKLAMASI var mı: Dinamik başlıklarda E-FATURA TASARIM AÇIKLAMASI var mı

2021-11-16 09:45:11 - [MESSAGE][PASSED] - Dinamik başlıklarda E-FATURA TASARIM AÇIKLAMASI var mı

2021-11-16 09:45:11 - [TEST_STEP][PASSED] - Tasarım açıklaması alanına VirgosolOtomasyon girilir: Tasarım açıklaması alanına VirgosolOtomasyon girilir

2021-11-16 09:45:11 - [MESSAGE][PASSED] - Tasarım açıklaması alanına VirgosolOtomasyon girilir

2021-11-16 09:45:11 - [TEST_STEP][PASSED] - Oluşturulan Fatura başlığında e-FATURA var mı: Oluşturulan Fatura başlığında e-FATURA var mı

2021-11-16 09:45:11 - [MESSAGE][PASSED] - Oluşturulan Fatura başlığında e-FATURA var mı

2021-11-16 09:45:11 - [TEST_STEP][PASSED] - Butonlardan Kaydet isimli butona tıklanır: Butonlardan Kaydet isimli butona tıklanır

2021-11-16 09:45:11 - [MESSAGE][PASSED] - Butonlardan Kaydet isimli butona tıklanır

2021-11-16 09:45:11 - [TEST_STEP][PASSED] - Popup mesajı Tasarım ön değer tasarım olarak tanımlansın mı? içeriyor mu: Popup mesajı Tasarım ön değer tasarım olarak tanımlansın mı? içeriyor mu

2021-11-16 09:45:11 - [MESSAGE][PASSED] - Popup mesajı Tasarım ön değer tasarım olarak tanımlansın mı? içeriyor mu

2021-11-16 09:45:11 - [TEST_STEP][PASSED] - Yönetim popupında Evet seçilir: Yönetim popupında Evet seçilir

2021-11-16 09:45:11 - [MESSAGE][PASSED] - Yönetim popupında Evet seçilir

2021-11-16 09:45:11 - [TEST_STEP][PASSED] - Tabloda VirgosolOtomasyon ünvanlı veri oluşturuldu mu: Tabloda VirgosolOtomasyon ünvanlı veri oluşturuldu mu

2021-11-16 09:45:11 - [MESSAGE][PASSED] - Tabloda VirgosolOtomasyon ünvanlı veri oluşturuldu mu

2021-11-16 09:45:11 - [TEST_STEP][PASSED] - Kullanıcı işlemlerinden Çıkış seçilir: Kullanıcı işlemlerinden Çıkış seçilir

2021-11-16 09:45:11 - [MESSAGE][PASSED] - Kullanıcı işlemlerinden Çıkış seçilir

2021-11-16 09:45:11 - [MESSAGE][PASSED] - Feature file: 'Include/features/Ayarlar/Gorsel Tasarimlar/Tasarim Araclari/Tasarla e-Fatura.feature' was passed

2021-11-16 09:45:11 - [TEST_STEP][PASSED] - Start listener action : sampleAfterTestSuite: Invoke 'com.kms.katalon.core.annotation.AfterTestCase' method: 'Listener.sampleAfterTestSuite(...)' completed.

2021-11-16 09:45:11 - [MESSAGE][INFO] - Starting invoke 'com.kms.katalon.core.annotation.AfterTestCase' method: 'Listener.sampleAfterTestSuite(...)'

2021-11-16 09:45:11 - [TEST_STEP][PASSED] - closeBrowser(): Invoke 'com.kms.katalon.core.annotation.AfterTestCase' method: 'Listener.sampleAfterTestSuite(...)' completed.

2021-11-16 09:45:11 - [MESSAGE][INFO] - Closing browser

2021-11-16 09:45:12 - [MESSAGE][PASSED] - Browser is closed

2021-11-16 09:45:12 - [MESSAGE][INFO] - Invoke 'com.kms.katalon.core.annotation.AfterTestCase' method: 'Listener.sampleAfterTestSuite(...)' completed.]]></system-out>
         <system-err><![CDATA[]]></system-err>
      </testcase>
      <testcase name="Test Cases/Case Repository/Ayarlar/Gorsel Tasarim/Tasarim Araclari/Tasarla e-Arsiv" time="49.654" classname="Test Cases/Case Repository/Ayarlar/Gorsel Tasarim/Tasarim Araclari/Tasarla e-Arsiv" status="PASSED">
         <system-out><![CDATA[2021-11-16 09:45:12 - [TEST_CASE][PASSED] - Test Cases/Case Repository/Ayarlar/Gorsel Tasarim/Tasarim Araclari/Tasarla e-Arsiv: Test Cases/Case Repository/Ayarlar/Gorsel Tasarim/Tasarim Araclari/Tasarla e-Arsiv

2021-11-16 09:45:12 - [TEST_STEP][PASSED] - Start listener action : sampleBeforeTestSuite: Invoke 'com.kms.katalon.core.annotation.BeforeTestCase' method: 'Listener.sampleBeforeTestSuite(...)' completed.

2021-11-16 09:45:12 - [MESSAGE][INFO] - Starting invoke 'com.kms.katalon.core.annotation.BeforeTestCase' method: 'Listener.sampleBeforeTestSuite(...)'

2021-11-16 09:45:12 - [TEST_STEP][PASSED] - openBrowser(baseUrl): Browser is opened with url: 'https://efatura-stage.elogo.com.tr/'

2021-11-16 09:45:12 - [MESSAGE][INFO] - Opening browser

2021-11-16 09:45:12 - [MESSAGE][INFO] - Starting 'Chrome' driver

2021-11-16 09:45:12 - [MESSAGE][INFO] - User set preference: ['prefs', '{download.default_directory=C:\otomasyondownfiles}']

2021-11-16 09:45:12 - [MESSAGE][INFO] - Action delay is set to 0 milliseconds

2021-11-16 09:45:13 - [MESSAGE][INFO] - Navigating browser to: 'https://efatura-stage.elogo.com.tr/'

2021-11-16 09:45:15 - [MESSAGE][PASSED] - Browser is opened with url: 'https://efatura-stage.elogo.com.tr/'

2021-11-16 09:45:15 - [TEST_STEP][PASSED] - maximizeWindow(): Invoke 'com.kms.katalon.core.annotation.BeforeTestCase' method: 'Listener.sampleBeforeTestSuite(...)' completed.

2021-11-16 09:45:15 - [MESSAGE][INFO] - Maximizing current window

2021-11-16 09:45:16 - [MESSAGE][PASSED] - Current window maximized

2021-11-16 09:45:16 - [MESSAGE][INFO] - Invoke 'com.kms.katalon.core.annotation.BeforeTestCase' method: 'Listener.sampleBeforeTestSuite(...)' completed.

2021-11-16 09:45:16 - [TEST_STEP][PASSED] - runFeatureFile("Include/features/Ayarlar/Gorsel Tasarimlar/Tasarim Araclari/Tasarla e-Arsiv.feature"): Feature file: 'Include/features/Ayarlar/Gorsel Tasarimlar/Tasarim Araclari/Tasarla e-Arsiv.feature' was passed

2021-11-16 09:45:16 - [MESSAGE][INFO] - Starting run keyword runFeatureFile: 'Include/features/Ayarlar/Gorsel Tasarimlar/Tasarim Araclari/Tasarla e-Arsiv.feature' and extract report to folder: 'C:\Users\DELL\Documents\GitHub\EES_KatalonLogo\Reports\20211116_090026\Suite Repository\Ayarlar\20211116_090123/cucumber_report/1637045116644'...

2021-11-16 09:45:16 - [MESSAGE][INFO] - Glue: []

2021-11-16 09:45:18 - [MESSAGE][INFO] - Checking called Test Case

2021-11-16 09:45:18 - [MESSAGE][INFO] - Starting to call Test Case 'Test Cases/Sayfalar/Giris_Sayfasi/Login'

2021-11-16 09:45:18 - [TEST_CASE][PASSED] - Test Cases/Sayfalar/Giris_Sayfasi/Login: Test Cases/Sayfalar/Giris_Sayfasi/Login

2021-11-16 09:45:18 - [TEST_STEP][PASSED] - Sayfa_Basligi = getWindowTitle(): Current window's title is: 'LOGO e-Fatura'

2021-11-16 09:45:18 - [MESSAGE][INFO] - Getting current window's title

2021-11-16 09:45:18 - [MESSAGE][PASSED] - Current window's title is: 'LOGO e-Fatura'

2021-11-16 09:45:18 - [TEST_STEP][PASSED] - verifyMatch(Sayfa_Basligi, "LOGO e-Fatura", false): Actual text 'LOGO e-Fatura' and expected text 'LOGO e-Fatura' are matched 

2021-11-16 09:45:18 - [MESSAGE][INFO] - Matching actual text 'LOGO e-Fatura' with expected text 'LOGO e-Fatura'

2021-11-16 09:45:18 - [MESSAGE][PASSED] - Actual text 'LOGO e-Fatura' and expected text 'LOGO e-Fatura' are matched 

2021-11-16 09:45:18 - [TEST_STEP][PASSED] - sendKeys(findTestObject("Sayfalar/Giris_Sayfasi/Firma_Kodu"), KullaniciAdi): Keys 'ELOGO6' sent to object: 'Object Repository/Sayfalar/Giris_Sayfasi/Firma_Kodu'

2021-11-16 09:45:18 - [MESSAGE][INFO] - Finding Test Object 'Object Repository/Sayfalar/Giris_Sayfasi/Firma_Kodu'

2021-11-16 09:45:18 - [MESSAGE][INFO] - Sending keys 'ELOGO6' to object: 'Object Repository/Sayfalar/Giris_Sayfasi/Firma_Kodu'

2021-11-16 09:45:18 - [MESSAGE][INFO] - Finding web element from Test Object's properties

2021-11-16 09:45:18 - [MESSAGE][INFO] - Checking timeout

2021-11-16 09:45:18 - [MESSAGE][INFO] - Finding web element with id: 'Object Repository/Sayfalar/Giris_Sayfasi/Firma_Kodu' located by 'By.xpath: //*[@id = 'AccountName']' in '30' second(s)

2021-11-16 09:45:18 - [MESSAGE][INFO] - Smart Wait Function is triggered

2021-11-16 09:45:18 - [MESSAGE][INFO] - Found 1 web elements with id: 'Object Repository/Sayfalar/Giris_Sayfasi/Firma_Kodu' located by 'By.xpath: //*[@id = 'AccountName']' in '30' second(s)

2021-11-16 09:45:18 - [MESSAGE][PASSED] - Keys 'ELOGO6' sent to object: 'Object Repository/Sayfalar/Giris_Sayfasi/Firma_Kodu'

2021-11-16 09:45:18 - [TEST_STEP][PASSED] - sendKeys(findTestObject("Sayfalar/Giris_Sayfasi/Sifre"), Sifre): Keys '123456' sent to object: 'Object Repository/Sayfalar/Giris_Sayfasi/Sifre'

2021-11-16 09:45:18 - [MESSAGE][INFO] - Finding Test Object 'Object Repository/Sayfalar/Giris_Sayfasi/Sifre'

2021-11-16 09:45:18 - [MESSAGE][INFO] - Sending keys '123456' to object: 'Object Repository/Sayfalar/Giris_Sayfasi/Sifre'

2021-11-16 09:45:18 - [MESSAGE][INFO] - Finding web element from Test Object's properties

2021-11-16 09:45:18 - [MESSAGE][INFO] - Checking timeout

2021-11-16 09:45:18 - [MESSAGE][INFO] - Finding web element with id: 'Object Repository/Sayfalar/Giris_Sayfasi/Sifre' located by 'By.xpath: //*[@id = 'Password']' in '30' second(s)

2021-11-16 09:45:18 - [MESSAGE][INFO] - Smart Wait Function is triggered

2021-11-16 09:45:19 - [MESSAGE][INFO] - Found 1 web elements with id: 'Object Repository/Sayfalar/Giris_Sayfasi/Sifre' located by 'By.xpath: //*[@id = 'Password']' in '30' second(s)

2021-11-16 09:45:19 - [MESSAGE][PASSED] - Keys '123456' sent to object: 'Object Repository/Sayfalar/Giris_Sayfasi/Sifre'

2021-11-16 09:45:19 - [TEST_STEP][PASSED] - findWebElement(findTestObject("Sayfalar/Giris_Sayfasi/Giris_Butonu")).click(): Found 1 web elements with id: 'Object Repository/Sayfalar/Giris_Sayfasi/Giris_Butonu' located by 'By.cssSelector: #btnLogin' in '30' second(s)

2021-11-16 09:45:19 - [MESSAGE][INFO] - Finding Test Object 'Object Repository/Sayfalar/Giris_Sayfasi/Giris_Butonu'

2021-11-16 09:45:19 - [MESSAGE][INFO] - Finding web element from Test Object's properties

2021-11-16 09:45:19 - [MESSAGE][INFO] - Checking timeout

2021-11-16 09:45:19 - [MESSAGE][INFO] - Finding web element with id: 'Object Repository/Sayfalar/Giris_Sayfasi/Giris_Butonu' located by 'By.cssSelector: #btnLogin' in '30' second(s)

2021-11-16 09:45:19 - [MESSAGE][INFO] - Smart Wait Function is triggered

2021-11-16 09:45:19 - [MESSAGE][INFO] - Found 1 web elements with id: 'Object Repository/Sayfalar/Giris_Sayfasi/Giris_Butonu' located by 'By.cssSelector: #btnLogin' in '30' second(s)

2021-11-16 09:45:21 - [TEST_STEP][PASSED] - if (verifyElementPresent(findTestObject("Object Repository/Sayfalar/Giris_Sayfasi/RetveTamam_Butonu"), 5, OPTIONAL)): null

2021-11-16 09:45:21 - [MESSAGE][INFO] - Finding Test Object 'Object Repository/Sayfalar/Giris_Sayfasi/RetveTamam_Butonu'

2021-11-16 09:45:22 - [MESSAGE][INFO] - Checking object

2021-11-16 09:45:22 - [MESSAGE][INFO] - Finding web element from Test Object's properties

2021-11-16 09:45:22 - [MESSAGE][INFO] - Checking timeout

2021-11-16 09:45:22 - [MESSAGE][INFO] - Finding web element with id: 'Object Repository/Sayfalar/Giris_Sayfasi/RetveTamam_Butonu' located by 'By.xpath: //*[@class = 'btn btn-default']' in '5' second(s)

2021-11-16 09:45:22 - [MESSAGE][INFO] - Smart Wait Function is triggered

2021-11-16 09:45:22 - [MESSAGE][INFO] - Found 1 web elements with id: 'Object Repository/Sayfalar/Giris_Sayfasi/RetveTamam_Butonu' located by 'By.xpath: //*[@class = 'btn btn-default']' in '5' second(s)

2021-11-16 09:45:22 - [MESSAGE][PASSED] - Object 'Object Repository/Sayfalar/Giris_Sayfasi/RetveTamam_Butonu' is present

2021-11-16 09:45:22 - [TEST_STEP][PASSED] - click(findTestObject("Object Repository/Sayfalar/Giris_Sayfasi/RetveTamam_Butonu")): Object: 'Object Repository/Sayfalar/Giris_Sayfasi/RetveTamam_Butonu' is clicked on

2021-11-16 09:45:22 - [MESSAGE][INFO] - Finding Test Object 'Object Repository/Sayfalar/Giris_Sayfasi/RetveTamam_Butonu'

2021-11-16 09:45:22 - [MESSAGE][INFO] - Checking object

2021-11-16 09:45:22 - [MESSAGE][INFO] - Finding web element from Test Object's properties

2021-11-16 09:45:22 - [MESSAGE][INFO] - Checking timeout

2021-11-16 09:45:22 - [MESSAGE][INFO] - Finding web element with id: 'Object Repository/Sayfalar/Giris_Sayfasi/RetveTamam_Butonu' located by 'By.xpath: //*[@class = 'btn btn-default']' in '30' second(s)

2021-11-16 09:45:22 - [MESSAGE][INFO] - Smart Wait Function is triggered

2021-11-16 09:45:22 - [MESSAGE][INFO] - Found 1 web elements with id: 'Object Repository/Sayfalar/Giris_Sayfasi/RetveTamam_Butonu' located by 'By.xpath: //*[@class = 'btn btn-default']' in '30' second(s)

2021-11-16 09:45:22 - [MESSAGE][INFO] - Clicking on object: 'Object Repository/Sayfalar/Giris_Sayfasi/RetveTamam_Butonu'

2021-11-16 09:45:22 - [MESSAGE][PASSED] - Object: 'Object Repository/Sayfalar/Giris_Sayfasi/RetveTamam_Butonu' is clicked on

2021-11-16 09:45:22 - [TEST_STEP][PASSED] - click(findTestObject("Object Repository/Sayfalar/Giris_Sayfasi/RetveTamam_Butonu")): Object: 'Object Repository/Sayfalar/Giris_Sayfasi/RetveTamam_Butonu' is clicked on

2021-11-16 09:45:22 - [MESSAGE][INFO] - Finding Test Object 'Object Repository/Sayfalar/Giris_Sayfasi/RetveTamam_Butonu'

2021-11-16 09:45:22 - [MESSAGE][INFO] - Checking object

2021-11-16 09:45:22 - [MESSAGE][INFO] - Finding web element from Test Object's properties

2021-11-16 09:45:22 - [MESSAGE][INFO] - Checking timeout

2021-11-16 09:45:22 - [MESSAGE][INFO] - Finding web element with id: 'Object Repository/Sayfalar/Giris_Sayfasi/RetveTamam_Butonu' located by 'By.xpath: //*[@class = 'btn btn-default']' in '30' second(s)

2021-11-16 09:45:22 - [MESSAGE][INFO] - Smart Wait Function is triggered

2021-11-16 09:45:27 - [MESSAGE][INFO] - Found 1 web elements with id: 'Object Repository/Sayfalar/Giris_Sayfasi/RetveTamam_Butonu' located by 'By.xpath: //*[@class = 'btn btn-default']' in '30' second(s)

2021-11-16 09:45:27 - [MESSAGE][INFO] - Clicking on object: 'Object Repository/Sayfalar/Giris_Sayfasi/RetveTamam_Butonu'

2021-11-16 09:45:27 - [MESSAGE][PASSED] - Object: 'Object Repository/Sayfalar/Giris_Sayfasi/RetveTamam_Butonu' is clicked on

2021-11-16 09:45:27 - [TEST_STEP][PASSED] - if (verifyElementPresent(findTestObject("Sayfalar/Giris_Sayfasi/PopupOK"), 5, OPTIONAL)): null

2021-11-16 09:45:27 - [MESSAGE][INFO] - Finding Test Object 'Object Repository/Sayfalar/Giris_Sayfasi/PopupOK'

2021-11-16 09:45:27 - [MESSAGE][INFO] - Checking object

2021-11-16 09:45:27 - [MESSAGE][INFO] - Finding web element from Test Object's properties

2021-11-16 09:45:27 - [MESSAGE][INFO] - Checking timeout

2021-11-16 09:45:27 - [MESSAGE][INFO] - Finding web element with id: 'Object Repository/Sayfalar/Giris_Sayfasi/PopupOK' located by 'By.cssSelector: .btn.btn-success' in '5' second(s)

2021-11-16 09:45:27 - [MESSAGE][INFO] - Smart Wait Function is triggered

2021-11-16 09:45:27 - [MESSAGE][INFO] - Found 1 web elements with id: 'Object Repository/Sayfalar/Giris_Sayfasi/PopupOK' located by 'By.cssSelector: .btn.btn-success' in '5' second(s)

2021-11-16 09:45:27 - [MESSAGE][PASSED] - Object 'Object Repository/Sayfalar/Giris_Sayfasi/PopupOK' is present

2021-11-16 09:45:27 - [TEST_STEP][PASSED] - click(findTestObject("Object Repository/Sayfalar/Giris_Sayfasi/PopupCarpiGiris")): Object: 'Object Repository/Sayfalar/Giris_Sayfasi/PopupCarpiGiris' is clicked on

2021-11-16 09:45:27 - [MESSAGE][INFO] - Finding Test Object 'Object Repository/Sayfalar/Giris_Sayfasi/PopupCarpiGiris'

2021-11-16 09:45:28 - [MESSAGE][INFO] - Checking object

2021-11-16 09:45:28 - [MESSAGE][INFO] - Finding web element from Test Object's properties

2021-11-16 09:45:28 - [MESSAGE][INFO] - Checking timeout

2021-11-16 09:45:28 - [MESSAGE][INFO] - Finding web element with id: 'Object Repository/Sayfalar/Giris_Sayfasi/PopupCarpiGiris' located by 'By.cssSelector: .bootbox-close-button.close' in '30' second(s)

2021-11-16 09:45:28 - [MESSAGE][INFO] - Smart Wait Function is triggered

2021-11-16 09:45:28 - [MESSAGE][INFO] - Found 1 web elements with id: 'Object Repository/Sayfalar/Giris_Sayfasi/PopupCarpiGiris' located by 'By.cssSelector: .bootbox-close-button.close' in '30' second(s)

2021-11-16 09:45:28 - [MESSAGE][INFO] - Clicking on object: 'Object Repository/Sayfalar/Giris_Sayfasi/PopupCarpiGiris'

2021-11-16 09:45:28 - [MESSAGE][PASSED] - Object: 'Object Repository/Sayfalar/Giris_Sayfasi/PopupCarpiGiris' is clicked on

2021-11-16 09:45:28 - [TEST_STEP][PASSED] - verifyElementVisible(findTestObject("Object Repository/Kullanici_Islemleri/KullaniciIslemleri")): Object 'Object Repository/Kullanici_Islemleri/KullaniciIslemleri' is visible

2021-11-16 09:45:28 - [MESSAGE][INFO] - Finding Test Object 'Object Repository/Kullanici_Islemleri/KullaniciIslemleri'

2021-11-16 09:45:28 - [MESSAGE][INFO] - Checking object

2021-11-16 09:45:28 - [MESSAGE][INFO] - Finding web element from Test Object's properties

2021-11-16 09:45:28 - [MESSAGE][INFO] - Checking timeout

2021-11-16 09:45:28 - [MESSAGE][INFO] - Finding web element with id: 'Object Repository/Kullanici_Islemleri/KullaniciIslemleri' located by 'By.cssSelector: .dropdown>a>img' in '30' second(s)

2021-11-16 09:45:28 - [MESSAGE][INFO] - Smart Wait Function is triggered

2021-11-16 09:45:29 - [MESSAGE][INFO] - Found 1 web elements with id: 'Object Repository/Kullanici_Islemleri/KullaniciIslemleri' located by 'By.cssSelector: .dropdown>a>img' in '30' second(s)

2021-11-16 09:45:29 - [MESSAGE][PASSED] - Object 'Object Repository/Kullanici_Islemleri/KullaniciIslemleri' is visible

2021-11-16 09:45:29 - [MESSAGE][PASSED] - Call Test Case 'Test Cases/Sayfalar/Giris_Sayfasi/Login' successfully

2021-11-16 09:45:29 - [MESSAGE][INFO] - Checking called Test Case

2021-11-16 09:45:29 - [MESSAGE][INFO] - Starting to call Test Case 'Test Cases/Menu/AnaMenuSecimi'

2021-11-16 09:45:29 - [TEST_CASE][PASSED] - Test Cases/Menu/AnaMenuSecimi: Test Cases/Menu/AnaMenuSecimi

2021-11-16 09:45:29 - [TEST_STEP][PASSED] - Method.TextDegerineEsitElementeTikla(findTestObject("Menu/Ana_Menu"), Ana_Menu): Method.TextDegerineEsitElementeTikla is PASSED

2021-11-16 09:45:29 - [MESSAGE][INFO] - Finding Test Object 'Object Repository/Menu/Ana_Menu'

2021-11-16 09:45:29 - [MESSAGE][INFO] - Checking timeout

2021-11-16 09:45:29 - [MESSAGE][INFO] - Finding web element with id: 'Object Repository/Menu/Ana_Menu' located by 'By.xpath: //*[@class = 'dropdown-toggle']' in '10' second(s)

2021-11-16 09:45:29 - [MESSAGE][INFO] - Smart Wait Function is triggered

2021-11-16 09:45:29 - [MESSAGE][INFO] - Found 14 web elements with id: 'Object Repository/Menu/Ana_Menu' located by 'By.xpath: //*[@class = 'dropdown-toggle']' in '10' second(s)

2021-11-16 09:45:30 - [MESSAGE][PASSED] - Method.TextDegerineEsitElementeTikla is PASSED

2021-11-16 09:45:30 - [MESSAGE][PASSED] - Call Test Case 'Test Cases/Menu/AnaMenuSecimi' successfully

2021-11-16 09:45:30 - [MESSAGE][INFO] - Checking called Test Case

2021-11-16 09:45:30 - [MESSAGE][INFO] - Starting to call Test Case 'Test Cases/Menu/BasligaGoreAltMenuSecimi'

2021-11-16 09:45:30 - [TEST_CASE][PASSED] - Test Cases/Menu/BasligaGoreAltMenuSecimi: Test Cases/Menu/BasligaGoreAltMenuSecimi

2021-11-16 09:45:30 - [TEST_STEP][PASSED] - Method.TextDegerineEsitElementinAltindakiTextDegerineEsitOlanaTikla(findTestObject("Menu/Menu_Basligi"), findTestObject("Menu/Basliga_Gore_Alt_Menu"), Baslik, Alt_Menu): Method.TextDegerineEsitElementinAltindakiTextDegerineEsitOlanaTikla is PASSED

2021-11-16 09:45:30 - [MESSAGE][INFO] - Finding Test Object 'Object Repository/Menu/Menu_Basligi'

2021-11-16 09:45:30 - [MESSAGE][INFO] - Finding Test Object 'Object Repository/Menu/Basliga_Gore_Alt_Menu'

2021-11-16 09:45:30 - [MESSAGE][INFO] - Checking timeout

2021-11-16 09:45:30 - [MESSAGE][INFO] - Finding web element with id: 'Object Repository/Menu/Menu_Basligi' located by 'By.xpath: //li[@class='dropdown dropdown-large open']//li[@class='dropdown-header']' in '10' second(s)

2021-11-16 09:45:30 - [MESSAGE][INFO] - Smart Wait Function is triggered

2021-11-16 09:45:30 - [MESSAGE][INFO] - Found 2 web elements with id: 'Object Repository/Menu/Menu_Basligi' located by 'By.xpath: //li[@class='dropdown dropdown-large open']//li[@class='dropdown-header']' in '10' second(s)

2021-11-16 09:45:30 - [MESSAGE][INFO] - Smart Wait Function is triggered

2021-11-16 09:45:38 - [MESSAGE][PASSED] - Method.TextDegerineEsitElementinAltindakiTextDegerineEsitOlanaTikla is PASSED

2021-11-16 09:45:38 - [MESSAGE][PASSED] - Call Test Case 'Test Cases/Menu/BasligaGoreAltMenuSecimi' successfully

2021-11-16 09:45:38 - [MESSAGE][INFO] - Checking called Test Case

2021-11-16 09:45:38 - [MESSAGE][INFO] - Starting to call Test Case 'Test Cases/Butonlar/ButonaTikla'

2021-11-16 09:45:38 - [TEST_CASE][PASSED] - Test Cases/Butonlar/ButonaTikla: Test Cases/Butonlar/ButonaTikla

2021-11-16 09:45:38 - [TEST_STEP][PASSED] - Method.TextDegerineEsitElementeTiklaEquals(findTestObject("Butonlar/Butonlar"), Buton_Adi): Method.TextDegerineEsitElementeTiklaEquals is PASSED

2021-11-16 09:45:38 - [MESSAGE][INFO] - Finding Test Object 'Object Repository/Butonlar/Butonlar'

2021-11-16 09:45:38 - [MESSAGE][INFO] - Checking timeout

2021-11-16 09:45:38 - [MESSAGE][INFO] - Finding web element with id: 'Object Repository/Butonlar/Butonlar' located by 'By.cssSelector: .panel.panel-default.text-center.footerPanel .btn,.btn.btn-primary.btnControls' in '10' second(s)

2021-11-16 09:45:38 - [MESSAGE][INFO] - Smart Wait Function is triggered

2021-11-16 09:45:38 - [MESSAGE][INFO] - Found 7 web elements with id: 'Object Repository/Butonlar/Butonlar' located by 'By.cssSelector: .panel.panel-default.text-center.footerPanel .btn,.btn.btn-primary.btnControls' in '10' second(s)

2021-11-16 09:45:38 - [MESSAGE][PASSED] - Method.TextDegerineEsitElementeTiklaEquals is PASSED

2021-11-16 09:45:38 - [MESSAGE][PASSED] - Call Test Case 'Test Cases/Butonlar/ButonaTikla' successfully

2021-11-16 09:45:38 - [MESSAGE][INFO] - Checking called Test Case

2021-11-16 09:45:38 - [MESSAGE][INFO] - Starting to call Test Case 'Test Cases/Butonlar/AltButonaTikla'

2021-11-16 09:45:38 - [TEST_CASE][PASSED] - Test Cases/Butonlar/AltButonaTikla: Test Cases/Butonlar/AltButonaTikla

2021-11-16 09:45:38 - [TEST_STEP][PASSED] - Method.TextDegerineEsitElementeTikla(findTestObject("Butonlar/AltButonlar"), Alt_Buton): Method.TextDegerineEsitElementeTikla is PASSED

2021-11-16 09:45:38 - [MESSAGE][INFO] - Finding Test Object 'Object Repository/Butonlar/AltButonlar'

2021-11-16 09:45:38 - [MESSAGE][INFO] - Checking timeout

2021-11-16 09:45:38 - [MESSAGE][INFO] - Finding web element with id: 'Object Repository/Butonlar/AltButonlar' located by 'By.cssSelector: .btn-group.open li>a' in '10' second(s)

2021-11-16 09:45:38 - [MESSAGE][INFO] - Smart Wait Function is triggered

2021-11-16 09:45:39 - [MESSAGE][INFO] - Found 3 web elements with id: 'Object Repository/Butonlar/AltButonlar' located by 'By.cssSelector: .btn-group.open li>a' in '10' second(s)

2021-11-16 09:45:41 - [MESSAGE][PASSED] - Method.TextDegerineEsitElementeTikla is PASSED

2021-11-16 09:45:41 - [MESSAGE][PASSED] - Call Test Case 'Test Cases/Butonlar/AltButonaTikla' successfully

2021-11-16 09:45:41 - [MESSAGE][INFO] - Checking called Test Case

2021-11-16 09:45:41 - [MESSAGE][INFO] - Starting to call Test Case 'Test Cases/Sayfalar/Ayarlar/Ayarlarim/AyarlarimBasliklarVarMi'

2021-11-16 09:45:41 - [TEST_CASE][PASSED] - Test Cases/Sayfalar/Ayarlar/Ayarlarim/AyarlarimBasliklarVarMi: Test Cases/Sayfalar/Ayarlar/Ayarlarim/AyarlarimBasliklarVarMi

2021-11-16 09:45:41 - [TEST_STEP][PASSED] - Method.TextDegerineEsitElementVarMi(findTestObject("Object Repository/Sayfalar/Ayarlar/Ayarlarim/AyarlarBasliklar"), Baslik): Method.TextDegerineEsitElementVarMi is PASSED

2021-11-16 09:45:41 - [MESSAGE][INFO] - Finding Test Object 'Object Repository/Sayfalar/Ayarlar/Ayarlarim/AyarlarBasliklar'

2021-11-16 09:45:41 - [MESSAGE][INFO] - Checking timeout

2021-11-16 09:45:41 - [MESSAGE][INFO] - Finding web element with id: 'Object Repository/Sayfalar/Ayarlar/Ayarlarim/AyarlarBasliklar' located by 'By.cssSelector: .dxnb-header>span' in '10' second(s)

2021-11-16 09:45:41 - [MESSAGE][INFO] - Smart Wait Function is triggered

2021-11-16 09:45:42 - [MESSAGE][INFO] - Found 5 web elements with id: 'Object Repository/Sayfalar/Ayarlar/Ayarlarim/AyarlarBasliklar' located by 'By.cssSelector: .dxnb-header>span' in '10' second(s)

2021-11-16 09:45:42 - [MESSAGE][PASSED] - Method.TextDegerineEsitElementVarMi is PASSED

2021-11-16 09:45:42 - [MESSAGE][PASSED] - Call Test Case 'Test Cases/Sayfalar/Ayarlar/Ayarlarim/AyarlarimBasliklarVarMi' successfully

2021-11-16 09:45:42 - [MESSAGE][INFO] - Checking called Test Case

2021-11-16 09:45:42 - [MESSAGE][INFO] - Starting to call Test Case 'Test Cases/Sayfalar/Ayarlar/Gorsel_Tasarim/GorselTasarimAciklamasiGirilir'

2021-11-16 09:45:42 - [TEST_CASE][PASSED] - Test Cases/Sayfalar/Ayarlar/Gorsel_Tasarim/GorselTasarimAciklamasiGirilir: Test Cases/Sayfalar/Ayarlar/Gorsel_Tasarim/GorselTasarimAciklamasiGirilir

2021-11-16 09:45:42 - [TEST_STEP][PASSED] - waitForElementPresent(findTestObject("Object Repository/Sayfalar/Ayarlar/Gorsel_Tasarim/GorselTasarimAciklamasi"), 10): Object 'Object Repository/Sayfalar/Ayarlar/Gorsel_Tasarim/GorselTasarimAciklamasi' is present

2021-11-16 09:45:42 - [MESSAGE][INFO] - Finding Test Object 'Object Repository/Sayfalar/Ayarlar/Gorsel_Tasarim/GorselTasarimAciklamasi'

2021-11-16 09:45:42 - [MESSAGE][INFO] - Checking object

2021-11-16 09:45:42 - [MESSAGE][INFO] - Finding web element from Test Object's properties

2021-11-16 09:45:42 - [MESSAGE][INFO] - Checking timeout

2021-11-16 09:45:42 - [MESSAGE][INFO] - Finding web element with id: 'Object Repository/Sayfalar/Ayarlar/Gorsel_Tasarim/GorselTasarimAciklamasi' located by 'By.xpath: //*[@id = 'Description_I']' in '10' second(s)

2021-11-16 09:45:42 - [MESSAGE][INFO] - Smart Wait Function is triggered

2021-11-16 09:45:43 - [MESSAGE][INFO] - Found 1 web elements with id: 'Object Repository/Sayfalar/Ayarlar/Gorsel_Tasarim/GorselTasarimAciklamasi' located by 'By.xpath: //*[@id = 'Description_I']' in '10' second(s)

2021-11-16 09:45:43 - [MESSAGE][PASSED] - Object 'Object Repository/Sayfalar/Ayarlar/Gorsel_Tasarim/GorselTasarimAciklamasi' is present

2021-11-16 09:45:43 - [TEST_STEP][PASSED] - clearText(findTestObject("Object Repository/Sayfalar/Ayarlar/Gorsel_Tasarim/GorselTasarimAciklamasi")): Text of object 'Object Repository/Sayfalar/Ayarlar/Gorsel_Tasarim/GorselTasarimAciklamasi' is cleared

2021-11-16 09:45:43 - [MESSAGE][INFO] - Finding Test Object 'Object Repository/Sayfalar/Ayarlar/Gorsel_Tasarim/GorselTasarimAciklamasi'

2021-11-16 09:45:43 - [MESSAGE][INFO] - Checking object

2021-11-16 09:45:43 - [MESSAGE][INFO] - Finding web element from Test Object's properties

2021-11-16 09:45:43 - [MESSAGE][INFO] - Checking timeout

2021-11-16 09:45:43 - [MESSAGE][INFO] - Finding web element with id: 'Object Repository/Sayfalar/Ayarlar/Gorsel_Tasarim/GorselTasarimAciklamasi' located by 'By.xpath: //*[@id = 'Description_I']' in '30' second(s)

2021-11-16 09:45:43 - [MESSAGE][INFO] - Smart Wait Function is triggered

2021-11-16 09:45:43 - [MESSAGE][INFO] - Found 1 web elements with id: 'Object Repository/Sayfalar/Ayarlar/Gorsel_Tasarim/GorselTasarimAciklamasi' located by 'By.xpath: //*[@id = 'Description_I']' in '30' second(s)

2021-11-16 09:45:43 - [MESSAGE][INFO] - Clearing text of object 'Object Repository/Sayfalar/Ayarlar/Gorsel_Tasarim/GorselTasarimAciklamasi'

2021-11-16 09:45:43 - [MESSAGE][PASSED] - Text of object 'Object Repository/Sayfalar/Ayarlar/Gorsel_Tasarim/GorselTasarimAciklamasi' is cleared

2021-11-16 09:45:43 - [TEST_STEP][PASSED] - sendKeys(findTestObject("Object Repository/Sayfalar/Ayarlar/Gorsel_Tasarim/GorselTasarimAciklamasi"), Aciklama): Keys 'VirgosolOtomasyon' sent to object: 'Object Repository/Sayfalar/Ayarlar/Gorsel_Tasarim/GorselTasarimAciklamasi'

2021-11-16 09:45:43 - [MESSAGE][INFO] - Finding Test Object 'Object Repository/Sayfalar/Ayarlar/Gorsel_Tasarim/GorselTasarimAciklamasi'

2021-11-16 09:45:43 - [MESSAGE][INFO] - Sending keys 'VirgosolOtomasyon' to object: 'Object Repository/Sayfalar/Ayarlar/Gorsel_Tasarim/GorselTasarimAciklamasi'

2021-11-16 09:45:43 - [MESSAGE][INFO] - Finding web element from Test Object's properties

2021-11-16 09:45:43 - [MESSAGE][INFO] - Checking timeout

2021-11-16 09:45:43 - [MESSAGE][INFO] - Finding web element with id: 'Object Repository/Sayfalar/Ayarlar/Gorsel_Tasarim/GorselTasarimAciklamasi' located by 'By.xpath: //*[@id = 'Description_I']' in '30' second(s)

2021-11-16 09:45:43 - [MESSAGE][INFO] - Smart Wait Function is triggered

2021-11-16 09:45:43 - [MESSAGE][INFO] - Found 1 web elements with id: 'Object Repository/Sayfalar/Ayarlar/Gorsel_Tasarim/GorselTasarimAciklamasi' located by 'By.xpath: //*[@id = 'Description_I']' in '30' second(s)

2021-11-16 09:45:43 - [MESSAGE][PASSED] - Keys 'VirgosolOtomasyon' sent to object: 'Object Repository/Sayfalar/Ayarlar/Gorsel_Tasarim/GorselTasarimAciklamasi'

2021-11-16 09:45:43 - [MESSAGE][PASSED] - Call Test Case 'Test Cases/Sayfalar/Ayarlar/Gorsel_Tasarim/GorselTasarimAciklamasiGirilir' successfully

2021-11-16 09:45:43 - [MESSAGE][INFO] - Checking called Test Case

2021-11-16 09:45:43 - [MESSAGE][INFO] - Starting to call Test Case 'Test Cases/Sekmeler/FaturaBaslıgıDogruMu'

2021-11-16 09:45:43 - [TEST_CASE][PASSED] - Test Cases/Sekmeler/FaturaBaslıgıDogruMu: Test Cases/Sekmeler/FaturaBaslıgıDogruMu

2021-11-16 09:45:43 - [TEST_STEP][PASSED] - switchToFrame(findTestObject("Object Repository/Sayfalar/Giris_Sayfasi/FrameFirmaSec"), 3): Switched to iframe: 'Object Repository/Sayfalar/Giris_Sayfasi/FrameFirmaSec'

2021-11-16 09:45:43 - [MESSAGE][INFO] - Finding Test Object 'Object Repository/Sayfalar/Giris_Sayfasi/FrameFirmaSec'

2021-11-16 09:45:44 - [MESSAGE][INFO] - Switching to iframe: 'Object Repository/Sayfalar/Giris_Sayfasi/FrameFirmaSec'

2021-11-16 09:45:44 - [MESSAGE][INFO] - Finding web element from Test Object's properties

2021-11-16 09:45:44 - [MESSAGE][INFO] - Checking timeout

2021-11-16 09:45:44 - [MESSAGE][INFO] - Finding web element with id: 'Object Repository/Sayfalar/Giris_Sayfasi/FrameFirmaSec' located by 'By.cssSelector: .cke_wysiwyg_frame.cke_reset' in '3' second(s)

2021-11-16 09:45:44 - [MESSAGE][INFO] - Smart Wait Function is triggered

2021-11-16 09:45:44 - [MESSAGE][INFO] - Found 3 web elements with id: 'Object Repository/Sayfalar/Giris_Sayfasi/FrameFirmaSec' located by 'By.cssSelector: .cke_wysiwyg_frame.cke_reset' in '3' second(s)

2021-11-16 09:45:44 - [MESSAGE][INFO] - Switched to iframe: 'Object Repository/Sayfalar/Giris_Sayfasi/FrameFirmaSec'

2021-11-16 09:45:44 - [TEST_STEP][PASSED] - verifyElementText(findTestObject("Object Repository/Sekmeler/Olusturma_Goster_Baslik"), Title): Actual text and expected text of test object 'Object Repository/Sekmeler/Olusturma_Goster_Baslik' are matched.

2021-11-16 09:45:44 - [MESSAGE][INFO] - Finding Test Object 'Object Repository/Sekmeler/Olusturma_Goster_Baslik'

2021-11-16 09:45:44 - [MESSAGE][INFO] - Checking object

2021-11-16 09:45:44 - [MESSAGE][INFO] - Finding web element from Test Object's properties

2021-11-16 09:45:44 - [MESSAGE][INFO] - Checking timeout

2021-11-16 09:45:44 - [MESSAGE][INFO] - Finding web element with id: 'Object Repository/Sekmeler/Olusturma_Goster_Baslik' located by 'By.cssSelector: h1>span,td>font,font' in '30' second(s)

2021-11-16 09:45:44 - [MESSAGE][INFO] - Smart Wait Function is triggered

2021-11-16 09:45:44 - [MESSAGE][INFO] - Found 1 web elements with id: 'Object Repository/Sekmeler/Olusturma_Goster_Baslik' located by 'By.cssSelector: h1>span,td>font,font' in '30' second(s)

2021-11-16 09:45:44 - [MESSAGE][PASSED] - Actual text and expected text of test object 'Object Repository/Sekmeler/Olusturma_Goster_Baslik' are matched.

2021-11-16 09:45:44 - [TEST_STEP][PASSED] - switchToDefaultContent(): Switching to default content

2021-11-16 09:45:44 - [MESSAGE][INFO] - Switching to default content

2021-11-16 09:45:44 - [MESSAGE][PASSED] - Call Test Case 'Test Cases/Sekmeler/FaturaBaslıgıDogruMu' successfully

2021-11-16 09:45:44 - [MESSAGE][INFO] - Checking called Test Case

2021-11-16 09:45:44 - [MESSAGE][INFO] - Starting to call Test Case 'Test Cases/Butonlar/ButonaTikla'

2021-11-16 09:45:44 - [TEST_CASE][PASSED] - Test Cases/Butonlar/ButonaTikla: Test Cases/Butonlar/ButonaTikla

2021-11-16 09:45:44 - [TEST_STEP][PASSED] - Method.TextDegerineEsitElementeTiklaEquals(findTestObject("Butonlar/Butonlar"), Buton_Adi): Method.TextDegerineEsitElementeTiklaEquals is PASSED

2021-11-16 09:45:44 - [MESSAGE][INFO] - Finding Test Object 'Object Repository/Butonlar/Butonlar'

2021-11-16 09:45:44 - [MESSAGE][INFO] - Checking timeout

2021-11-16 09:45:44 - [MESSAGE][INFO] - Finding web element with id: 'Object Repository/Butonlar/Butonlar' located by 'By.cssSelector: .panel.panel-default.text-center.footerPanel .btn,.btn.btn-primary.btnControls' in '10' second(s)

2021-11-16 09:45:44 - [MESSAGE][INFO] - Smart Wait Function is triggered

2021-11-16 09:45:44 - [MESSAGE][INFO] - Found 3 web elements with id: 'Object Repository/Butonlar/Butonlar' located by 'By.cssSelector: .panel.panel-default.text-center.footerPanel .btn,.btn.btn-primary.btnControls' in '10' second(s)

2021-11-16 09:45:45 - [MESSAGE][PASSED] - Method.TextDegerineEsitElementeTiklaEquals is PASSED

2021-11-16 09:45:45 - [MESSAGE][PASSED] - Call Test Case 'Test Cases/Butonlar/ButonaTikla' successfully

2021-11-16 09:45:45 - [MESSAGE][INFO] - Checking called Test Case

2021-11-16 09:45:45 - [MESSAGE][INFO] - Starting to call Test Case 'Test Cases/Popup/PopupMesajiIceriyorMu'

2021-11-16 09:45:45 - [TEST_CASE][PASSED] - Test Cases/Popup/PopupMesajiIceriyorMu: Test Cases/Popup/PopupMesajiIceriyorMu

2021-11-16 09:45:45 - [TEST_STEP][PASSED] - waitForElementVisible(findTestObject("Popup/Popup"), 10): Object 'Object Repository/Popup/Popup' is visible

2021-11-16 09:45:45 - [MESSAGE][INFO] - Finding Test Object 'Object Repository/Popup/Popup'

2021-11-16 09:45:45 - [MESSAGE][INFO] - Checking object

2021-11-16 09:45:45 - [MESSAGE][INFO] - Checking timeout

2021-11-16 09:45:45 - [MESSAGE][INFO] - Finding web element from Test Object's properties

2021-11-16 09:45:45 - [MESSAGE][INFO] - Checking timeout

2021-11-16 09:45:45 - [MESSAGE][INFO] - Finding web element with id: 'Object Repository/Popup/Popup' located by 'By.cssSelector: .bootbox-body' in '10' second(s)

2021-11-16 09:45:45 - [MESSAGE][INFO] - Smart Wait Function is triggered

2021-11-16 09:45:46 - [MESSAGE][INFO] - Found 1 web elements with id: 'Object Repository/Popup/Popup' located by 'By.cssSelector: .bootbox-body' in '10' second(s)

2021-11-16 09:45:46 - [MESSAGE][PASSED] - Object 'Object Repository/Popup/Popup' is visible

2021-11-16 09:45:46 - [TEST_STEP][PASSED] - if (!(getText(findTestObject("Popup/Popup")).contains(Mesaj))): Text of object 'Object Repository/Popup/Popup' is: 'Tasarım ön değer tasarım olarak tanımlansın mı?'

2021-11-16 09:45:46 - [MESSAGE][INFO] - Finding Test Object 'Object Repository/Popup/Popup'

2021-11-16 09:45:46 - [MESSAGE][INFO] - Checking object

2021-11-16 09:45:46 - [MESSAGE][INFO] - Finding web element from Test Object's properties

2021-11-16 09:45:46 - [MESSAGE][INFO] - Checking timeout

2021-11-16 09:45:46 - [MESSAGE][INFO] - Finding web element with id: 'Object Repository/Popup/Popup' located by 'By.cssSelector: .bootbox-body' in '30' second(s)

2021-11-16 09:45:46 - [MESSAGE][INFO] - Smart Wait Function is triggered

2021-11-16 09:45:46 - [MESSAGE][INFO] - Found 1 web elements with id: 'Object Repository/Popup/Popup' located by 'By.cssSelector: .bootbox-body' in '30' second(s)

2021-11-16 09:45:46 - [MESSAGE][INFO] - Getting text of object 'Object Repository/Popup/Popup'

2021-11-16 09:45:46 - [MESSAGE][PASSED] - Text of object 'Object Repository/Popup/Popup' is: 'Tasarım ön değer tasarım olarak tanımlansın mı?'

2021-11-16 09:45:46 - [TEST_STEP][PASSED] - RaporNo = getText(findTestObject("Popup/Popup")).substring(0, 6): Text of object 'Object Repository/Popup/Popup' is: 'Tasarım ön değer tasarım olarak tanımlansın mı?'

2021-11-16 09:45:46 - [MESSAGE][INFO] - Finding Test Object 'Object Repository/Popup/Popup'

2021-11-16 09:45:46 - [MESSAGE][INFO] - Checking object

2021-11-16 09:45:46 - [MESSAGE][INFO] - Finding web element from Test Object's properties

2021-11-16 09:45:46 - [MESSAGE][INFO] - Checking timeout

2021-11-16 09:45:46 - [MESSAGE][INFO] - Finding web element with id: 'Object Repository/Popup/Popup' located by 'By.cssSelector: .bootbox-body' in '30' second(s)

2021-11-16 09:45:46 - [MESSAGE][INFO] - Smart Wait Function is triggered

2021-11-16 09:45:46 - [MESSAGE][INFO] - Found 1 web elements with id: 'Object Repository/Popup/Popup' located by 'By.cssSelector: .bootbox-body' in '30' second(s)

2021-11-16 09:45:46 - [MESSAGE][INFO] - Getting text of object 'Object Repository/Popup/Popup'

2021-11-16 09:45:46 - [MESSAGE][PASSED] - Text of object 'Object Repository/Popup/Popup' is: 'Tasarım ön değer tasarım olarak tanımlansın mı?'

2021-11-16 09:45:46 - [TEST_STEP][PASSED] - Console.println(RaporNo): null

2021-11-16 09:45:46 - [MESSAGE][PASSED] - Call Test Case 'Test Cases/Popup/PopupMesajiIceriyorMu' successfully

2021-11-16 09:45:46 - [MESSAGE][INFO] - Checking called Test Case

2021-11-16 09:45:46 - [MESSAGE][INFO] - Starting to call Test Case 'Test Cases/Popup/PopupButonSecilir'

2021-11-16 09:45:46 - [TEST_CASE][PASSED] - Test Cases/Popup/PopupButonSecilir: Test Cases/Popup/PopupButonSecilir

2021-11-16 09:45:46 - [TEST_STEP][PASSED] - Method.TextDegerineEsitElementeTikla(findTestObject("Popup/Popup_Butons"), Buton): Method.TextDegerineEsitElementeTikla is PASSED

2021-11-16 09:45:46 - [MESSAGE][INFO] - Finding Test Object 'Object Repository/Popup/Popup_Butons'

2021-11-16 09:45:47 - [MESSAGE][INFO] - Checking timeout

2021-11-16 09:45:47 - [MESSAGE][INFO] - Finding web element with id: 'Object Repository/Popup/Popup_Butons' located by 'By.cssSelector: .modal-footer>button' in '10' second(s)

2021-11-16 09:45:47 - [MESSAGE][INFO] - Smart Wait Function is triggered

2021-11-16 09:45:47 - [MESSAGE][INFO] - Found 2 web elements with id: 'Object Repository/Popup/Popup_Butons' located by 'By.cssSelector: .modal-footer>button' in '10' second(s)

2021-11-16 09:45:57 - [MESSAGE][PASSED] - Method.TextDegerineEsitElementeTikla is PASSED

2021-11-16 09:45:57 - [MESSAGE][PASSED] - Call Test Case 'Test Cases/Popup/PopupButonSecilir' successfully

2021-11-16 09:45:57 - [MESSAGE][INFO] - Checking called Test Case

2021-11-16 09:45:57 - [MESSAGE][INFO] - Starting to call Test Case 'Test Cases/Tablo/TablodaUnvanliVeriOlusturulduMu'

2021-11-16 09:45:57 - [TEST_CASE][PASSED] - Test Cases/Tablo/TablodaUnvanliVeriOlusturulduMu: Test Cases/Tablo/TablodaUnvanliVeriOlusturulduMu

2021-11-16 09:45:57 - [TEST_STEP][PASSED] - waitForElementVisible(findTestObject("Tablo/OlusturulanVeri"), 10, STOP_ON_FAILURE): Object 'Object Repository/Tablo/OlusturulanVeri' is visible

2021-11-16 09:45:57 - [MESSAGE][INFO] - Finding Test Object 'Object Repository/Tablo/OlusturulanVeri'

2021-11-16 09:45:57 - [MESSAGE][INFO] - Checking object

2021-11-16 09:45:57 - [MESSAGE][INFO] - Checking timeout

2021-11-16 09:45:57 - [MESSAGE][INFO] - Finding web element from Test Object's properties

2021-11-16 09:45:57 - [MESSAGE][INFO] - Checking timeout

2021-11-16 09:45:57 - [MESSAGE][INFO] - Finding web element with id: 'Object Repository/Tablo/OlusturulanVeri' located by 'By.cssSelector: table.dxgvTable_LECustomTheme>tbody>tr:nth-child(3)>td.dxgv b,table.dxgvTable_LECustomTheme>tbody>tr:nth-child(3)>td.dxgv' in '10' second(s)

2021-11-16 09:45:57 - [MESSAGE][INFO] - Smart Wait Function is triggered

2021-11-16 09:45:57 - [MESSAGE][INFO] - Found 8 web elements with id: 'Object Repository/Tablo/OlusturulanVeri' located by 'By.cssSelector: table.dxgvTable_LECustomTheme>tbody>tr:nth-child(3)>td.dxgv b,table.dxgvTable_LECustomTheme>tbody>tr:nth-child(3)>td.dxgv' in '10' second(s)

2021-11-16 09:45:57 - [MESSAGE][PASSED] - Object 'Object Repository/Tablo/OlusturulanVeri' is visible

2021-11-16 09:45:57 - [TEST_STEP][PASSED] - Method.TextDegerineEsitElementVarMi(findTestObject("Tablo/OlusturulanVeri"), Unvan): Method.TextDegerineEsitElementVarMi is PASSED

2021-11-16 09:45:57 - [MESSAGE][INFO] - Finding Test Object 'Object Repository/Tablo/OlusturulanVeri'

2021-11-16 09:45:57 - [MESSAGE][INFO] - Checking timeout

2021-11-16 09:45:57 - [MESSAGE][INFO] - Finding web element with id: 'Object Repository/Tablo/OlusturulanVeri' located by 'By.cssSelector: table.dxgvTable_LECustomTheme>tbody>tr:nth-child(3)>td.dxgv b,table.dxgvTable_LECustomTheme>tbody>tr:nth-child(3)>td.dxgv' in '10' second(s)

2021-11-16 09:45:57 - [MESSAGE][INFO] - Smart Wait Function is triggered

2021-11-16 09:45:57 - [MESSAGE][INFO] - Found 8 web elements with id: 'Object Repository/Tablo/OlusturulanVeri' located by 'By.cssSelector: table.dxgvTable_LECustomTheme>tbody>tr:nth-child(3)>td.dxgv b,table.dxgvTable_LECustomTheme>tbody>tr:nth-child(3)>td.dxgv' in '10' second(s)

2021-11-16 09:45:58 - [MESSAGE][PASSED] - Method.TextDegerineEsitElementVarMi is PASSED

2021-11-16 09:45:58 - [MESSAGE][PASSED] - Call Test Case 'Test Cases/Tablo/TablodaUnvanliVeriOlusturulduMu' successfully

2021-11-16 09:45:58 - [MESSAGE][INFO] - Checking called Test Case

2021-11-16 09:45:58 - [MESSAGE][INFO] - Starting to call Test Case 'Test Cases/Kullanici_Islemleri/KullaniciIslemlerindenSecimYapilir'

2021-11-16 09:45:58 - [TEST_CASE][PASSED] - Test Cases/Kullanici_Islemleri/KullaniciIslemlerindenSecimYapilir: Test Cases/Kullanici_Islemleri/KullaniciIslemlerindenSecimYapilir

2021-11-16 09:45:58 - [TEST_STEP][PASSED] - waitForElementClickable(findTestObject("Object Repository/Kullanici_Islemleri/KullaniciIslemleri"), 10): Object 'Object Repository/Kullanici_Islemleri/KullaniciIslemleri' is clickable

2021-11-16 09:45:58 - [MESSAGE][INFO] - Finding Test Object 'Object Repository/Kullanici_Islemleri/KullaniciIslemleri'

2021-11-16 09:45:58 - [MESSAGE][INFO] - Checking object

2021-11-16 09:45:58 - [MESSAGE][INFO] - Checking timeout

2021-11-16 09:45:58 - [MESSAGE][INFO] - Finding web element from Test Object's properties

2021-11-16 09:45:58 - [MESSAGE][INFO] - Checking timeout

2021-11-16 09:45:58 - [MESSAGE][INFO] - Finding web element with id: 'Object Repository/Kullanici_Islemleri/KullaniciIslemleri' located by 'By.cssSelector: .dropdown>a>img' in '10' second(s)

2021-11-16 09:45:58 - [MESSAGE][INFO] - Smart Wait Function is triggered

2021-11-16 09:45:58 - [MESSAGE][INFO] - Found 1 web elements with id: 'Object Repository/Kullanici_Islemleri/KullaniciIslemleri' located by 'By.cssSelector: .dropdown>a>img' in '10' second(s)

2021-11-16 09:45:58 - [MESSAGE][PASSED] - Object 'Object Repository/Kullanici_Islemleri/KullaniciIslemleri' is clickable

2021-11-16 09:45:58 - [TEST_STEP][PASSED] - click(findTestObject("Object Repository/Kullanici_Islemleri/KullaniciIslemleri")): Object: 'Object Repository/Kullanici_Islemleri/KullaniciIslemleri' is clicked on

2021-11-16 09:45:58 - [MESSAGE][INFO] - Finding Test Object 'Object Repository/Kullanici_Islemleri/KullaniciIslemleri'

2021-11-16 09:45:58 - [MESSAGE][INFO] - Checking object

2021-11-16 09:45:58 - [MESSAGE][INFO] - Finding web element from Test Object's properties

2021-11-16 09:45:58 - [MESSAGE][INFO] - Checking timeout

2021-11-16 09:45:58 - [MESSAGE][INFO] - Finding web element with id: 'Object Repository/Kullanici_Islemleri/KullaniciIslemleri' located by 'By.cssSelector: .dropdown>a>img' in '30' second(s)

2021-11-16 09:45:58 - [MESSAGE][INFO] - Smart Wait Function is triggered

2021-11-16 09:45:58 - [MESSAGE][INFO] - Found 1 web elements with id: 'Object Repository/Kullanici_Islemleri/KullaniciIslemleri' located by 'By.cssSelector: .dropdown>a>img' in '30' second(s)

2021-11-16 09:45:58 - [MESSAGE][INFO] - Clicking on object: 'Object Repository/Kullanici_Islemleri/KullaniciIslemleri'

2021-11-16 09:45:59 - [MESSAGE][PASSED] - Object: 'Object Repository/Kullanici_Islemleri/KullaniciIslemleri' is clicked on

2021-11-16 09:45:59 - [TEST_STEP][PASSED] - Method.TextDegerineEsitElementeTikla(findTestObject("Object Repository/Kullanici_Islemleri/Secenekler"), Islem): Method.TextDegerineEsitElementeTikla is PASSED

2021-11-16 09:45:59 - [MESSAGE][INFO] - Finding Test Object 'Object Repository/Kullanici_Islemleri/Secenekler'

2021-11-16 09:45:59 - [MESSAGE][INFO] - Checking timeout

2021-11-16 09:45:59 - [MESSAGE][INFO] - Finding web element with id: 'Object Repository/Kullanici_Islemleri/Secenekler' located by 'By.cssSelector: .nav.navbar-nav.navbar-right li a' in '10' second(s)

2021-11-16 09:45:59 - [MESSAGE][INFO] - Smart Wait Function is triggered

2021-11-16 09:45:59 - [MESSAGE][INFO] - Found 22 web elements with id: 'Object Repository/Kullanici_Islemleri/Secenekler' located by 'By.cssSelector: .nav.navbar-nav.navbar-right li a' in '10' second(s)

2021-11-16 09:46:00 - [MESSAGE][PASSED] - Method.TextDegerineEsitElementeTikla is PASSED

2021-11-16 09:46:00 - [TEST_STEP][PASSED] - verifyElementNotPresent(findTestObject("Object Repository/Kullanici_Islemleri/Secenekler"), 10): Web element with id: 'Object Repository/Kullanici_Islemleri/Secenekler' located by 'By.cssSelector: .nav.navbar-nav.navbar-right li a' is not present after '10' second(s)

2021-11-16 09:46:00 - [MESSAGE][INFO] - Finding Test Object 'Object Repository/Kullanici_Islemleri/Secenekler'

2021-11-16 09:46:00 - [MESSAGE][INFO] - Checking object

2021-11-16 09:46:00 - [MESSAGE][INFO] - Checking timeout

2021-11-16 09:46:00 - [MESSAGE][INFO] - Finding web element with id: 'Object Repository/Kullanici_Islemleri/Secenekler' located by 'By.cssSelector: .nav.navbar-nav.navbar-right li a' in '10' second(s)

2021-11-16 09:46:00 - [MESSAGE][INFO] - Smart Wait Function is triggered

2021-11-16 09:46:01 - [MESSAGE][PASSED] - Web element with id: 'Object Repository/Kullanici_Islemleri/Secenekler' located by 'By.cssSelector: .nav.navbar-nav.navbar-right li a' is not present after '10' second(s)

2021-11-16 09:46:01 - [MESSAGE][PASSED] - Call Test Case 'Test Cases/Kullanici_Islemleri/KullaniciIslemlerindenSecimYapilir' successfully

2021-11-16 09:46:01 - [TEST_CASE][PASSED] - Start Test Case : SCENARIO Tasarim Araclari Tasarla e-Arsiv: SCENARIO Tasarim Araclari Tasarla e-Arsiv

2021-11-16 09:46:01 - [TEST_STEP][PASSED] - Kullanıcı adı ELOGO6 ve Şifre 123456 olarak giriş yapılır: Kullanıcı adı ELOGO6 ve Şifre 123456 olarak giriş yapılır

2021-11-16 09:46:01 - [MESSAGE][PASSED] - Kullanıcı adı ELOGO6 ve Şifre 123456 olarak giriş yapılır

2021-11-16 09:46:01 - [TEST_STEP][PASSED] - Ana menüden Ayarlar seçilir: Ana menüden Ayarlar seçilir

2021-11-16 09:46:01 - [MESSAGE][PASSED] - Ana menüden Ayarlar seçilir

2021-11-16 09:46:01 - [TEST_STEP][PASSED] - Alt menü Görsel Tasarımlar başlığı altındaki Tasarım Araçları seçilir: Alt menü Görsel Tasarımlar başlığı altındaki Tasarım Araçları seçilir

2021-11-16 09:46:01 - [MESSAGE][PASSED] - Alt menü Görsel Tasarımlar başlığı altındaki Tasarım Araçları seçilir

2021-11-16 09:46:01 - [TEST_STEP][PASSED] - Butonlardan Tasarla isimli butona tıklanır: Butonlardan Tasarla isimli butona tıklanır

2021-11-16 09:46:01 - [MESSAGE][PASSED] - Butonlardan Tasarla isimli butona tıklanır

2021-11-16 09:46:01 - [TEST_STEP][PASSED] - Alt butonlardan e-Arşiv butonuna tıklanır: Alt butonlardan e-Arşiv butonuna tıklanır

2021-11-16 09:46:01 - [MESSAGE][PASSED] - Alt butonlardan e-Arşiv butonuna tıklanır

2021-11-16 09:46:01 - [TEST_STEP][PASSED] - Dinamik başlıklarda E-ARŞİV TASARIM AÇIKLAMASI var mı: Dinamik başlıklarda E-ARŞİV TASARIM AÇIKLAMASI var mı

2021-11-16 09:46:01 - [MESSAGE][PASSED] - Dinamik başlıklarda E-ARŞİV TASARIM AÇIKLAMASI var mı

2021-11-16 09:46:01 - [TEST_STEP][PASSED] - Tasarım açıklaması alanına VirgosolOtomasyon girilir: Tasarım açıklaması alanına VirgosolOtomasyon girilir

2021-11-16 09:46:01 - [MESSAGE][PASSED] - Tasarım açıklaması alanına VirgosolOtomasyon girilir

2021-11-16 09:46:01 - [TEST_STEP][PASSED] - Oluşturulan Fatura başlığında e-Arşiv Fatura var mı: Oluşturulan Fatura başlığında e-Arşiv Fatura var mı

2021-11-16 09:46:01 - [MESSAGE][PASSED] - Oluşturulan Fatura başlığında e-Arşiv Fatura var mı

2021-11-16 09:46:01 - [TEST_STEP][PASSED] - Butonlardan Kaydet isimli butona tıklanır: Butonlardan Kaydet isimli butona tıklanır

2021-11-16 09:46:01 - [MESSAGE][PASSED] - Butonlardan Kaydet isimli butona tıklanır

2021-11-16 09:46:01 - [TEST_STEP][PASSED] - Popup mesajı Tasarım ön değer tasarım olarak tanımlansın mı? içeriyor mu: Popup mesajı Tasarım ön değer tasarım olarak tanımlansın mı? içeriyor mu

2021-11-16 09:46:01 - [MESSAGE][PASSED] - Popup mesajı Tasarım ön değer tasarım olarak tanımlansın mı? içeriyor mu

2021-11-16 09:46:01 - [TEST_STEP][PASSED] - Yönetim popupında Evet seçilir: Yönetim popupında Evet seçilir

2021-11-16 09:46:01 - [MESSAGE][PASSED] - Yönetim popupında Evet seçilir

2021-11-16 09:46:01 - [TEST_STEP][PASSED] - Tabloda VirgosolOtomasyon ünvanlı veri oluşturuldu mu: Tabloda VirgosolOtomasyon ünvanlı veri oluşturuldu mu

2021-11-16 09:46:01 - [MESSAGE][PASSED] - Tabloda VirgosolOtomasyon ünvanlı veri oluşturuldu mu

2021-11-16 09:46:01 - [TEST_STEP][PASSED] - Kullanıcı işlemlerinden Çıkış seçilir: Kullanıcı işlemlerinden Çıkış seçilir

2021-11-16 09:46:01 - [MESSAGE][PASSED] - Kullanıcı işlemlerinden Çıkış seçilir

2021-11-16 09:46:01 - [MESSAGE][PASSED] - Feature file: 'Include/features/Ayarlar/Gorsel Tasarimlar/Tasarim Araclari/Tasarla e-Arsiv.feature' was passed

2021-11-16 09:46:01 - [TEST_STEP][PASSED] - Start listener action : sampleAfterTestSuite: Invoke 'com.kms.katalon.core.annotation.AfterTestCase' method: 'Listener.sampleAfterTestSuite(...)' completed.

2021-11-16 09:46:01 - [MESSAGE][INFO] - Starting invoke 'com.kms.katalon.core.annotation.AfterTestCase' method: 'Listener.sampleAfterTestSuite(...)'

2021-11-16 09:46:01 - [TEST_STEP][PASSED] - closeBrowser(): Invoke 'com.kms.katalon.core.annotation.AfterTestCase' method: 'Listener.sampleAfterTestSuite(...)' completed.

2021-11-16 09:46:01 - [MESSAGE][INFO] - Closing browser

2021-11-16 09:46:01 - [MESSAGE][PASSED] - Browser is closed

2021-11-16 09:46:01 - [MESSAGE][INFO] - Invoke 'com.kms.katalon.core.annotation.AfterTestCase' method: 'Listener.sampleAfterTestSuite(...)' completed.]]></system-out>
         <system-err><![CDATA[]]></system-err>
      </testcase>
      <testcase name="Test Cases/Case Repository/Ayarlar/Gorsel Tasarim/Tasarim Araclari/Tasarla e-Irsaliye" time="49.412" classname="Test Cases/Case Repository/Ayarlar/Gorsel Tasarim/Tasarim Araclari/Tasarla e-Irsaliye" status="PASSED">
         <system-out><![CDATA[2021-11-16 09:46:01 - [TEST_CASE][PASSED] - Test Cases/Case Repository/Ayarlar/Gorsel Tasarim/Tasarim Araclari/Tasarla e-Irsaliye: Test Cases/Case Repository/Ayarlar/Gorsel Tasarim/Tasarim Araclari/Tasarla e-Irsaliye

2021-11-16 09:46:01 - [TEST_STEP][PASSED] - Start listener action : sampleBeforeTestSuite: Invoke 'com.kms.katalon.core.annotation.BeforeTestCase' method: 'Listener.sampleBeforeTestSuite(...)' completed.

2021-11-16 09:46:01 - [MESSAGE][INFO] - Starting invoke 'com.kms.katalon.core.annotation.BeforeTestCase' method: 'Listener.sampleBeforeTestSuite(...)'

2021-11-16 09:46:01 - [TEST_STEP][PASSED] - openBrowser(baseUrl): Browser is opened with url: 'https://efatura-stage.elogo.com.tr/'

2021-11-16 09:46:01 - [MESSAGE][INFO] - Opening browser

2021-11-16 09:46:01 - [MESSAGE][INFO] - Starting 'Chrome' driver

2021-11-16 09:46:01 - [MESSAGE][INFO] - User set preference: ['prefs', '{download.default_directory=C:\otomasyondownfiles}']

2021-11-16 09:46:01 - [MESSAGE][INFO] - Action delay is set to 0 milliseconds

2021-11-16 09:46:03 - [MESSAGE][INFO] - Navigating browser to: 'https://efatura-stage.elogo.com.tr/'

2021-11-16 09:46:06 - [MESSAGE][PASSED] - Browser is opened with url: 'https://efatura-stage.elogo.com.tr/'

2021-11-16 09:46:06 - [TEST_STEP][PASSED] - maximizeWindow(): Invoke 'com.kms.katalon.core.annotation.BeforeTestCase' method: 'Listener.sampleBeforeTestSuite(...)' completed.

2021-11-16 09:46:06 - [MESSAGE][INFO] - Maximizing current window

2021-11-16 09:46:06 - [MESSAGE][PASSED] - Current window maximized

2021-11-16 09:46:06 - [MESSAGE][INFO] - Invoke 'com.kms.katalon.core.annotation.BeforeTestCase' method: 'Listener.sampleBeforeTestSuite(...)' completed.

2021-11-16 09:46:07 - [TEST_STEP][PASSED] - runFeatureFile("Include/features/Ayarlar/Gorsel Tasarimlar/Tasarim Araclari/Tasarla e-Irsaliye.feature"): Feature file: 'Include/features/Ayarlar/Gorsel Tasarimlar/Tasarim Araclari/Tasarla e-Irsaliye.feature' was passed

2021-11-16 09:46:07 - [MESSAGE][INFO] - Starting run keyword runFeatureFile: 'Include/features/Ayarlar/Gorsel Tasarimlar/Tasarim Araclari/Tasarla e-Irsaliye.feature' and extract report to folder: 'C:\Users\DELL\Documents\GitHub\EES_KatalonLogo\Reports\20211116_090026\Suite Repository\Ayarlar\20211116_090123/cucumber_report/1637045167310'...

2021-11-16 09:46:07 - [MESSAGE][INFO] - Glue: []

2021-11-16 09:46:08 - [MESSAGE][INFO] - Checking called Test Case

2021-11-16 09:46:08 - [MESSAGE][INFO] - Starting to call Test Case 'Test Cases/Sayfalar/Giris_Sayfasi/Login'

2021-11-16 09:46:08 - [TEST_CASE][PASSED] - Test Cases/Sayfalar/Giris_Sayfasi/Login: Test Cases/Sayfalar/Giris_Sayfasi/Login

2021-11-16 09:46:08 - [TEST_STEP][PASSED] - Sayfa_Basligi = getWindowTitle(): Current window's title is: 'LOGO e-Fatura'

2021-11-16 09:46:08 - [MESSAGE][INFO] - Getting current window's title

2021-11-16 09:46:08 - [MESSAGE][PASSED] - Current window's title is: 'LOGO e-Fatura'

2021-11-16 09:46:08 - [TEST_STEP][PASSED] - verifyMatch(Sayfa_Basligi, "LOGO e-Fatura", false): Actual text 'LOGO e-Fatura' and expected text 'LOGO e-Fatura' are matched 

2021-11-16 09:46:08 - [MESSAGE][INFO] - Matching actual text 'LOGO e-Fatura' with expected text 'LOGO e-Fatura'

2021-11-16 09:46:08 - [MESSAGE][PASSED] - Actual text 'LOGO e-Fatura' and expected text 'LOGO e-Fatura' are matched 

2021-11-16 09:46:08 - [TEST_STEP][PASSED] - sendKeys(findTestObject("Sayfalar/Giris_Sayfasi/Firma_Kodu"), KullaniciAdi): Keys 'ELOGO6' sent to object: 'Object Repository/Sayfalar/Giris_Sayfasi/Firma_Kodu'

2021-11-16 09:46:08 - [MESSAGE][INFO] - Finding Test Object 'Object Repository/Sayfalar/Giris_Sayfasi/Firma_Kodu'

2021-11-16 09:46:08 - [MESSAGE][INFO] - Sending keys 'ELOGO6' to object: 'Object Repository/Sayfalar/Giris_Sayfasi/Firma_Kodu'

2021-11-16 09:46:08 - [MESSAGE][INFO] - Finding web element from Test Object's properties

2021-11-16 09:46:08 - [MESSAGE][INFO] - Checking timeout

2021-11-16 09:46:08 - [MESSAGE][INFO] - Finding web element with id: 'Object Repository/Sayfalar/Giris_Sayfasi/Firma_Kodu' located by 'By.xpath: //*[@id = 'AccountName']' in '30' second(s)

2021-11-16 09:46:08 - [MESSAGE][INFO] - Smart Wait Function is triggered

2021-11-16 09:46:09 - [MESSAGE][INFO] - Found 1 web elements with id: 'Object Repository/Sayfalar/Giris_Sayfasi/Firma_Kodu' located by 'By.xpath: //*[@id = 'AccountName']' in '30' second(s)

2021-11-16 09:46:09 - [MESSAGE][PASSED] - Keys 'ELOGO6' sent to object: 'Object Repository/Sayfalar/Giris_Sayfasi/Firma_Kodu'

2021-11-16 09:46:09 - [TEST_STEP][PASSED] - sendKeys(findTestObject("Sayfalar/Giris_Sayfasi/Sifre"), Sifre): Keys '123456' sent to object: 'Object Repository/Sayfalar/Giris_Sayfasi/Sifre'

2021-11-16 09:46:09 - [MESSAGE][INFO] - Finding Test Object 'Object Repository/Sayfalar/Giris_Sayfasi/Sifre'

2021-11-16 09:46:09 - [MESSAGE][INFO] - Sending keys '123456' to object: 'Object Repository/Sayfalar/Giris_Sayfasi/Sifre'

2021-11-16 09:46:09 - [MESSAGE][INFO] - Finding web element from Test Object's properties

2021-11-16 09:46:09 - [MESSAGE][INFO] - Checking timeout

2021-11-16 09:46:09 - [MESSAGE][INFO] - Finding web element with id: 'Object Repository/Sayfalar/Giris_Sayfasi/Sifre' located by 'By.xpath: //*[@id = 'Password']' in '30' second(s)

2021-11-16 09:46:09 - [MESSAGE][INFO] - Smart Wait Function is triggered

2021-11-16 09:46:09 - [MESSAGE][INFO] - Found 1 web elements with id: 'Object Repository/Sayfalar/Giris_Sayfasi/Sifre' located by 'By.xpath: //*[@id = 'Password']' in '30' second(s)

2021-11-16 09:46:09 - [MESSAGE][PASSED] - Keys '123456' sent to object: 'Object Repository/Sayfalar/Giris_Sayfasi/Sifre'

2021-11-16 09:46:09 - [TEST_STEP][PASSED] - findWebElement(findTestObject("Sayfalar/Giris_Sayfasi/Giris_Butonu")).click(): Found 1 web elements with id: 'Object Repository/Sayfalar/Giris_Sayfasi/Giris_Butonu' located by 'By.cssSelector: #btnLogin' in '30' second(s)

2021-11-16 09:46:09 - [MESSAGE][INFO] - Finding Test Object 'Object Repository/Sayfalar/Giris_Sayfasi/Giris_Butonu'

2021-11-16 09:46:09 - [MESSAGE][INFO] - Finding web element from Test Object's properties

2021-11-16 09:46:09 - [MESSAGE][INFO] - Checking timeout

2021-11-16 09:46:09 - [MESSAGE][INFO] - Finding web element with id: 'Object Repository/Sayfalar/Giris_Sayfasi/Giris_Butonu' located by 'By.cssSelector: #btnLogin' in '30' second(s)

2021-11-16 09:46:09 - [MESSAGE][INFO] - Smart Wait Function is triggered

2021-11-16 09:46:09 - [MESSAGE][INFO] - Found 1 web elements with id: 'Object Repository/Sayfalar/Giris_Sayfasi/Giris_Butonu' located by 'By.cssSelector: #btnLogin' in '30' second(s)

2021-11-16 09:46:12 - [TEST_STEP][PASSED] - if (verifyElementPresent(findTestObject("Object Repository/Sayfalar/Giris_Sayfasi/RetveTamam_Butonu"), 5, OPTIONAL)): null

2021-11-16 09:46:12 - [MESSAGE][INFO] - Finding Test Object 'Object Repository/Sayfalar/Giris_Sayfasi/RetveTamam_Butonu'

2021-11-16 09:46:12 - [MESSAGE][INFO] - Checking object

2021-11-16 09:46:12 - [MESSAGE][INFO] - Finding web element from Test Object's properties

2021-11-16 09:46:12 - [MESSAGE][INFO] - Checking timeout

2021-11-16 09:46:12 - [MESSAGE][INFO] - Finding web element with id: 'Object Repository/Sayfalar/Giris_Sayfasi/RetveTamam_Butonu' located by 'By.xpath: //*[@class = 'btn btn-default']' in '5' second(s)

2021-11-16 09:46:12 - [MESSAGE][INFO] - Smart Wait Function is triggered

2021-11-16 09:46:12 - [MESSAGE][INFO] - Found 1 web elements with id: 'Object Repository/Sayfalar/Giris_Sayfasi/RetveTamam_Butonu' located by 'By.xpath: //*[@class = 'btn btn-default']' in '5' second(s)

2021-11-16 09:46:12 - [MESSAGE][PASSED] - Object 'Object Repository/Sayfalar/Giris_Sayfasi/RetveTamam_Butonu' is present

2021-11-16 09:46:12 - [TEST_STEP][PASSED] - click(findTestObject("Object Repository/Sayfalar/Giris_Sayfasi/RetveTamam_Butonu")): Object: 'Object Repository/Sayfalar/Giris_Sayfasi/RetveTamam_Butonu' is clicked on

2021-11-16 09:46:12 - [MESSAGE][INFO] - Finding Test Object 'Object Repository/Sayfalar/Giris_Sayfasi/RetveTamam_Butonu'

2021-11-16 09:46:12 - [MESSAGE][INFO] - Checking object

2021-11-16 09:46:12 - [MESSAGE][INFO] - Finding web element from Test Object's properties

2021-11-16 09:46:12 - [MESSAGE][INFO] - Checking timeout

2021-11-16 09:46:12 - [MESSAGE][INFO] - Finding web element with id: 'Object Repository/Sayfalar/Giris_Sayfasi/RetveTamam_Butonu' located by 'By.xpath: //*[@class = 'btn btn-default']' in '30' second(s)

2021-11-16 09:46:12 - [MESSAGE][INFO] - Smart Wait Function is triggered

2021-11-16 09:46:13 - [MESSAGE][INFO] - Found 1 web elements with id: 'Object Repository/Sayfalar/Giris_Sayfasi/RetveTamam_Butonu' located by 'By.xpath: //*[@class = 'btn btn-default']' in '30' second(s)

2021-11-16 09:46:13 - [MESSAGE][INFO] - Clicking on object: 'Object Repository/Sayfalar/Giris_Sayfasi/RetveTamam_Butonu'

2021-11-16 09:46:13 - [MESSAGE][PASSED] - Object: 'Object Repository/Sayfalar/Giris_Sayfasi/RetveTamam_Butonu' is clicked on

2021-11-16 09:46:13 - [TEST_STEP][PASSED] - click(findTestObject("Object Repository/Sayfalar/Giris_Sayfasi/RetveTamam_Butonu")): Object: 'Object Repository/Sayfalar/Giris_Sayfasi/RetveTamam_Butonu' is clicked on

2021-11-16 09:46:13 - [MESSAGE][INFO] - Finding Test Object 'Object Repository/Sayfalar/Giris_Sayfasi/RetveTamam_Butonu'

2021-11-16 09:46:13 - [MESSAGE][INFO] - Checking object

2021-11-16 09:46:13 - [MESSAGE][INFO] - Finding web element from Test Object's properties

2021-11-16 09:46:13 - [MESSAGE][INFO] - Checking timeout

2021-11-16 09:46:13 - [MESSAGE][INFO] - Finding web element with id: 'Object Repository/Sayfalar/Giris_Sayfasi/RetveTamam_Butonu' located by 'By.xpath: //*[@class = 'btn btn-default']' in '30' second(s)

2021-11-16 09:46:13 - [MESSAGE][INFO] - Smart Wait Function is triggered

2021-11-16 09:46:18 - [MESSAGE][INFO] - Found 1 web elements with id: 'Object Repository/Sayfalar/Giris_Sayfasi/RetveTamam_Butonu' located by 'By.xpath: //*[@class = 'btn btn-default']' in '30' second(s)

2021-11-16 09:46:18 - [MESSAGE][INFO] - Clicking on object: 'Object Repository/Sayfalar/Giris_Sayfasi/RetveTamam_Butonu'

2021-11-16 09:46:18 - [MESSAGE][PASSED] - Object: 'Object Repository/Sayfalar/Giris_Sayfasi/RetveTamam_Butonu' is clicked on

2021-11-16 09:46:18 - [TEST_STEP][PASSED] - if (verifyElementPresent(findTestObject("Sayfalar/Giris_Sayfasi/PopupOK"), 5, OPTIONAL)): null

2021-11-16 09:46:18 - [MESSAGE][INFO] - Finding Test Object 'Object Repository/Sayfalar/Giris_Sayfasi/PopupOK'

2021-11-16 09:46:18 - [MESSAGE][INFO] - Checking object

2021-11-16 09:46:18 - [MESSAGE][INFO] - Finding web element from Test Object's properties

2021-11-16 09:46:18 - [MESSAGE][INFO] - Checking timeout

2021-11-16 09:46:18 - [MESSAGE][INFO] - Finding web element with id: 'Object Repository/Sayfalar/Giris_Sayfasi/PopupOK' located by 'By.cssSelector: .btn.btn-success' in '5' second(s)

2021-11-16 09:46:18 - [MESSAGE][INFO] - Smart Wait Function is triggered

2021-11-16 09:46:19 - [MESSAGE][INFO] - Found 1 web elements with id: 'Object Repository/Sayfalar/Giris_Sayfasi/PopupOK' located by 'By.cssSelector: .btn.btn-success' in '5' second(s)

2021-11-16 09:46:19 - [MESSAGE][PASSED] - Object 'Object Repository/Sayfalar/Giris_Sayfasi/PopupOK' is present

2021-11-16 09:46:19 - [TEST_STEP][PASSED] - click(findTestObject("Object Repository/Sayfalar/Giris_Sayfasi/PopupCarpiGiris")): Object: 'Object Repository/Sayfalar/Giris_Sayfasi/PopupCarpiGiris' is clicked on

2021-11-16 09:46:19 - [MESSAGE][INFO] - Finding Test Object 'Object Repository/Sayfalar/Giris_Sayfasi/PopupCarpiGiris'

2021-11-16 09:46:19 - [MESSAGE][INFO] - Checking object

2021-11-16 09:46:19 - [MESSAGE][INFO] - Finding web element from Test Object's properties

2021-11-16 09:46:19 - [MESSAGE][INFO] - Checking timeout

2021-11-16 09:46:19 - [MESSAGE][INFO] - Finding web element with id: 'Object Repository/Sayfalar/Giris_Sayfasi/PopupCarpiGiris' located by 'By.cssSelector: .bootbox-close-button.close' in '30' second(s)

2021-11-16 09:46:19 - [MESSAGE][INFO] - Smart Wait Function is triggered

2021-11-16 09:46:19 - [MESSAGE][INFO] - Found 1 web elements with id: 'Object Repository/Sayfalar/Giris_Sayfasi/PopupCarpiGiris' located by 'By.cssSelector: .bootbox-close-button.close' in '30' second(s)

2021-11-16 09:46:19 - [MESSAGE][INFO] - Clicking on object: 'Object Repository/Sayfalar/Giris_Sayfasi/PopupCarpiGiris'

2021-11-16 09:46:20 - [MESSAGE][PASSED] - Object: 'Object Repository/Sayfalar/Giris_Sayfasi/PopupCarpiGiris' is clicked on

2021-11-16 09:46:20 - [TEST_STEP][PASSED] - verifyElementVisible(findTestObject("Object Repository/Kullanici_Islemleri/KullaniciIslemleri")): Object 'Object Repository/Kullanici_Islemleri/KullaniciIslemleri' is visible

2021-11-16 09:46:20 - [MESSAGE][INFO] - Finding Test Object 'Object Repository/Kullanici_Islemleri/KullaniciIslemleri'

2021-11-16 09:46:20 - [MESSAGE][INFO] - Checking object

2021-11-16 09:46:20 - [MESSAGE][INFO] - Finding web element from Test Object's properties

2021-11-16 09:46:20 - [MESSAGE][INFO] - Checking timeout

2021-11-16 09:46:20 - [MESSAGE][INFO] - Finding web element with id: 'Object Repository/Kullanici_Islemleri/KullaniciIslemleri' located by 'By.cssSelector: .dropdown>a>img' in '30' second(s)

2021-11-16 09:46:20 - [MESSAGE][INFO] - Smart Wait Function is triggered

2021-11-16 09:46:20 - [MESSAGE][INFO] - Found 1 web elements with id: 'Object Repository/Kullanici_Islemleri/KullaniciIslemleri' located by 'By.cssSelector: .dropdown>a>img' in '30' second(s)

2021-11-16 09:46:20 - [MESSAGE][PASSED] - Object 'Object Repository/Kullanici_Islemleri/KullaniciIslemleri' is visible

2021-11-16 09:46:20 - [MESSAGE][PASSED] - Call Test Case 'Test Cases/Sayfalar/Giris_Sayfasi/Login' successfully

2021-11-16 09:46:20 - [MESSAGE][INFO] - Checking called Test Case

2021-11-16 09:46:20 - [MESSAGE][INFO] - Starting to call Test Case 'Test Cases/Menu/AnaMenuSecimi'

2021-11-16 09:46:20 - [TEST_CASE][PASSED] - Test Cases/Menu/AnaMenuSecimi: Test Cases/Menu/AnaMenuSecimi

2021-11-16 09:46:20 - [TEST_STEP][PASSED] - Method.TextDegerineEsitElementeTikla(findTestObject("Menu/Ana_Menu"), Ana_Menu): Method.TextDegerineEsitElementeTikla is PASSED

2021-11-16 09:46:20 - [MESSAGE][INFO] - Finding Test Object 'Object Repository/Menu/Ana_Menu'

2021-11-16 09:46:21 - [MESSAGE][INFO] - Checking timeout

2021-11-16 09:46:21 - [MESSAGE][INFO] - Finding web element with id: 'Object Repository/Menu/Ana_Menu' located by 'By.xpath: //*[@class = 'dropdown-toggle']' in '10' second(s)

2021-11-16 09:46:21 - [MESSAGE][INFO] - Smart Wait Function is triggered

2021-11-16 09:46:21 - [MESSAGE][INFO] - Found 14 web elements with id: 'Object Repository/Menu/Ana_Menu' located by 'By.xpath: //*[@class = 'dropdown-toggle']' in '10' second(s)

2021-11-16 09:46:21 - [MESSAGE][PASSED] - Method.TextDegerineEsitElementeTikla is PASSED

2021-11-16 09:46:21 - [MESSAGE][PASSED] - Call Test Case 'Test Cases/Menu/AnaMenuSecimi' successfully

2021-11-16 09:46:21 - [MESSAGE][INFO] - Checking called Test Case

2021-11-16 09:46:21 - [MESSAGE][INFO] - Starting to call Test Case 'Test Cases/Menu/BasligaGoreAltMenuSecimi'

2021-11-16 09:46:21 - [TEST_CASE][PASSED] - Test Cases/Menu/BasligaGoreAltMenuSecimi: Test Cases/Menu/BasligaGoreAltMenuSecimi

2021-11-16 09:46:21 - [TEST_STEP][PASSED] - Method.TextDegerineEsitElementinAltindakiTextDegerineEsitOlanaTikla(findTestObject("Menu/Menu_Basligi"), findTestObject("Menu/Basliga_Gore_Alt_Menu"), Baslik, Alt_Menu): Method.TextDegerineEsitElementinAltindakiTextDegerineEsitOlanaTikla is PASSED

2021-11-16 09:46:21 - [MESSAGE][INFO] - Finding Test Object 'Object Repository/Menu/Menu_Basligi'

2021-11-16 09:46:21 - [MESSAGE][INFO] - Finding Test Object 'Object Repository/Menu/Basliga_Gore_Alt_Menu'

2021-11-16 09:46:21 - [MESSAGE][INFO] - Checking timeout

2021-11-16 09:46:21 - [MESSAGE][INFO] - Finding web element with id: 'Object Repository/Menu/Menu_Basligi' located by 'By.xpath: //li[@class='dropdown dropdown-large open']//li[@class='dropdown-header']' in '10' second(s)

2021-11-16 09:46:21 - [MESSAGE][INFO] - Smart Wait Function is triggered

2021-11-16 09:46:21 - [MESSAGE][INFO] - Found 2 web elements with id: 'Object Repository/Menu/Menu_Basligi' located by 'By.xpath: //li[@class='dropdown dropdown-large open']//li[@class='dropdown-header']' in '10' second(s)

2021-11-16 09:46:21 - [MESSAGE][INFO] - Smart Wait Function is triggered

2021-11-16 09:46:29 - [MESSAGE][PASSED] - Method.TextDegerineEsitElementinAltindakiTextDegerineEsitOlanaTikla is PASSED

2021-11-16 09:46:29 - [MESSAGE][PASSED] - Call Test Case 'Test Cases/Menu/BasligaGoreAltMenuSecimi' successfully

2021-11-16 09:46:29 - [MESSAGE][INFO] - Checking called Test Case

2021-11-16 09:46:29 - [MESSAGE][INFO] - Starting to call Test Case 'Test Cases/Butonlar/ButonaTikla'

2021-11-16 09:46:29 - [TEST_CASE][PASSED] - Test Cases/Butonlar/ButonaTikla: Test Cases/Butonlar/ButonaTikla

2021-11-16 09:46:29 - [TEST_STEP][PASSED] - Method.TextDegerineEsitElementeTiklaEquals(findTestObject("Butonlar/Butonlar"), Buton_Adi): Method.TextDegerineEsitElementeTiklaEquals is PASSED

2021-11-16 09:46:29 - [MESSAGE][INFO] - Finding Test Object 'Object Repository/Butonlar/Butonlar'

2021-11-16 09:46:30 - [MESSAGE][INFO] - Checking timeout

2021-11-16 09:46:30 - [MESSAGE][INFO] - Finding web element with id: 'Object Repository/Butonlar/Butonlar' located by 'By.cssSelector: .panel.panel-default.text-center.footerPanel .btn,.btn.btn-primary.btnControls' in '10' second(s)

2021-11-16 09:46:30 - [MESSAGE][INFO] - Smart Wait Function is triggered

2021-11-16 09:46:30 - [MESSAGE][INFO] - Found 7 web elements with id: 'Object Repository/Butonlar/Butonlar' located by 'By.cssSelector: .panel.panel-default.text-center.footerPanel .btn,.btn.btn-primary.btnControls' in '10' second(s)

2021-11-16 09:46:30 - [MESSAGE][PASSED] - Method.TextDegerineEsitElementeTiklaEquals is PASSED

2021-11-16 09:46:30 - [MESSAGE][PASSED] - Call Test Case 'Test Cases/Butonlar/ButonaTikla' successfully

2021-11-16 09:46:30 - [MESSAGE][INFO] - Checking called Test Case

2021-11-16 09:46:30 - [MESSAGE][INFO] - Starting to call Test Case 'Test Cases/Butonlar/AltButonaTikla'

2021-11-16 09:46:30 - [TEST_CASE][PASSED] - Test Cases/Butonlar/AltButonaTikla: Test Cases/Butonlar/AltButonaTikla

2021-11-16 09:46:30 - [TEST_STEP][PASSED] - Method.TextDegerineEsitElementeTikla(findTestObject("Butonlar/AltButonlar"), Alt_Buton): Method.TextDegerineEsitElementeTikla is PASSED

2021-11-16 09:46:30 - [MESSAGE][INFO] - Finding Test Object 'Object Repository/Butonlar/AltButonlar'

2021-11-16 09:46:30 - [MESSAGE][INFO] - Checking timeout

2021-11-16 09:46:30 - [MESSAGE][INFO] - Finding web element with id: 'Object Repository/Butonlar/AltButonlar' located by 'By.cssSelector: .btn-group.open li>a' in '10' second(s)

2021-11-16 09:46:30 - [MESSAGE][INFO] - Smart Wait Function is triggered

2021-11-16 09:46:30 - [MESSAGE][INFO] - Found 3 web elements with id: 'Object Repository/Butonlar/AltButonlar' located by 'By.cssSelector: .btn-group.open li>a' in '10' second(s)

2021-11-16 09:46:33 - [MESSAGE][PASSED] - Method.TextDegerineEsitElementeTikla is PASSED

2021-11-16 09:46:33 - [MESSAGE][PASSED] - Call Test Case 'Test Cases/Butonlar/AltButonaTikla' successfully

2021-11-16 09:46:33 - [MESSAGE][INFO] - Checking called Test Case

2021-11-16 09:46:33 - [MESSAGE][INFO] - Starting to call Test Case 'Test Cases/Sayfalar/Ayarlar/Ayarlarim/AyarlarimBasliklarVarMi'

2021-11-16 09:46:33 - [TEST_CASE][PASSED] - Test Cases/Sayfalar/Ayarlar/Ayarlarim/AyarlarimBasliklarVarMi: Test Cases/Sayfalar/Ayarlar/Ayarlarim/AyarlarimBasliklarVarMi

2021-11-16 09:46:33 - [TEST_STEP][PASSED] - Method.TextDegerineEsitElementVarMi(findTestObject("Object Repository/Sayfalar/Ayarlar/Ayarlarim/AyarlarBasliklar"), Baslik): Method.TextDegerineEsitElementVarMi is PASSED

2021-11-16 09:46:33 - [MESSAGE][INFO] - Finding Test Object 'Object Repository/Sayfalar/Ayarlar/Ayarlarim/AyarlarBasliklar'

2021-11-16 09:46:33 - [MESSAGE][INFO] - Checking timeout

2021-11-16 09:46:33 - [MESSAGE][INFO] - Finding web element with id: 'Object Repository/Sayfalar/Ayarlar/Ayarlarim/AyarlarBasliklar' located by 'By.cssSelector: .dxnb-header>span' in '10' second(s)

2021-11-16 09:46:33 - [MESSAGE][INFO] - Smart Wait Function is triggered

2021-11-16 09:46:34 - [MESSAGE][INFO] - Found 5 web elements with id: 'Object Repository/Sayfalar/Ayarlar/Ayarlarim/AyarlarBasliklar' located by 'By.cssSelector: .dxnb-header>span' in '10' second(s)

2021-11-16 09:46:34 - [MESSAGE][PASSED] - Method.TextDegerineEsitElementVarMi is PASSED

2021-11-16 09:46:34 - [MESSAGE][PASSED] - Call Test Case 'Test Cases/Sayfalar/Ayarlar/Ayarlarim/AyarlarimBasliklarVarMi' successfully

2021-11-16 09:46:34 - [MESSAGE][INFO] - Checking called Test Case

2021-11-16 09:46:34 - [MESSAGE][INFO] - Starting to call Test Case 'Test Cases/Sayfalar/Ayarlar/Gorsel_Tasarim/GorselTasarimAciklamasiGirilir'

2021-11-16 09:46:34 - [TEST_CASE][PASSED] - Test Cases/Sayfalar/Ayarlar/Gorsel_Tasarim/GorselTasarimAciklamasiGirilir: Test Cases/Sayfalar/Ayarlar/Gorsel_Tasarim/GorselTasarimAciklamasiGirilir

2021-11-16 09:46:34 - [TEST_STEP][PASSED] - waitForElementPresent(findTestObject("Object Repository/Sayfalar/Ayarlar/Gorsel_Tasarim/GorselTasarimAciklamasi"), 10): Object 'Object Repository/Sayfalar/Ayarlar/Gorsel_Tasarim/GorselTasarimAciklamasi' is present

2021-11-16 09:46:34 - [MESSAGE][INFO] - Finding Test Object 'Object Repository/Sayfalar/Ayarlar/Gorsel_Tasarim/GorselTasarimAciklamasi'

2021-11-16 09:46:34 - [MESSAGE][INFO] - Checking object

2021-11-16 09:46:34 - [MESSAGE][INFO] - Finding web element from Test Object's properties

2021-11-16 09:46:34 - [MESSAGE][INFO] - Checking timeout

2021-11-16 09:46:34 - [MESSAGE][INFO] - Finding web element with id: 'Object Repository/Sayfalar/Ayarlar/Gorsel_Tasarim/GorselTasarimAciklamasi' located by 'By.xpath: //*[@id = 'Description_I']' in '10' second(s)

2021-11-16 09:46:34 - [MESSAGE][INFO] - Smart Wait Function is triggered

2021-11-16 09:46:35 - [MESSAGE][INFO] - Found 1 web elements with id: 'Object Repository/Sayfalar/Ayarlar/Gorsel_Tasarim/GorselTasarimAciklamasi' located by 'By.xpath: //*[@id = 'Description_I']' in '10' second(s)

2021-11-16 09:46:35 - [MESSAGE][PASSED] - Object 'Object Repository/Sayfalar/Ayarlar/Gorsel_Tasarim/GorselTasarimAciklamasi' is present

2021-11-16 09:46:35 - [TEST_STEP][PASSED] - clearText(findTestObject("Object Repository/Sayfalar/Ayarlar/Gorsel_Tasarim/GorselTasarimAciklamasi")): Text of object 'Object Repository/Sayfalar/Ayarlar/Gorsel_Tasarim/GorselTasarimAciklamasi' is cleared

2021-11-16 09:46:35 - [MESSAGE][INFO] - Finding Test Object 'Object Repository/Sayfalar/Ayarlar/Gorsel_Tasarim/GorselTasarimAciklamasi'

2021-11-16 09:46:35 - [MESSAGE][INFO] - Checking object

2021-11-16 09:46:35 - [MESSAGE][INFO] - Finding web element from Test Object's properties

2021-11-16 09:46:35 - [MESSAGE][INFO] - Checking timeout

2021-11-16 09:46:35 - [MESSAGE][INFO] - Finding web element with id: 'Object Repository/Sayfalar/Ayarlar/Gorsel_Tasarim/GorselTasarimAciklamasi' located by 'By.xpath: //*[@id = 'Description_I']' in '30' second(s)

2021-11-16 09:46:35 - [MESSAGE][INFO] - Smart Wait Function is triggered

2021-11-16 09:46:35 - [MESSAGE][INFO] - Found 1 web elements with id: 'Object Repository/Sayfalar/Ayarlar/Gorsel_Tasarim/GorselTasarimAciklamasi' located by 'By.xpath: //*[@id = 'Description_I']' in '30' second(s)

2021-11-16 09:46:35 - [MESSAGE][INFO] - Clearing text of object 'Object Repository/Sayfalar/Ayarlar/Gorsel_Tasarim/GorselTasarimAciklamasi'

2021-11-16 09:46:35 - [MESSAGE][PASSED] - Text of object 'Object Repository/Sayfalar/Ayarlar/Gorsel_Tasarim/GorselTasarimAciklamasi' is cleared

2021-11-16 09:46:35 - [TEST_STEP][PASSED] - sendKeys(findTestObject("Object Repository/Sayfalar/Ayarlar/Gorsel_Tasarim/GorselTasarimAciklamasi"), Aciklama): Keys 'VirgosolOtomasyon' sent to object: 'Object Repository/Sayfalar/Ayarlar/Gorsel_Tasarim/GorselTasarimAciklamasi'

2021-11-16 09:46:35 - [MESSAGE][INFO] - Finding Test Object 'Object Repository/Sayfalar/Ayarlar/Gorsel_Tasarim/GorselTasarimAciklamasi'

2021-11-16 09:46:35 - [MESSAGE][INFO] - Sending keys 'VirgosolOtomasyon' to object: 'Object Repository/Sayfalar/Ayarlar/Gorsel_Tasarim/GorselTasarimAciklamasi'

2021-11-16 09:46:35 - [MESSAGE][INFO] - Finding web element from Test Object's properties

2021-11-16 09:46:35 - [MESSAGE][INFO] - Checking timeout

2021-11-16 09:46:35 - [MESSAGE][INFO] - Finding web element with id: 'Object Repository/Sayfalar/Ayarlar/Gorsel_Tasarim/GorselTasarimAciklamasi' located by 'By.xpath: //*[@id = 'Description_I']' in '30' second(s)

2021-11-16 09:46:35 - [MESSAGE][INFO] - Smart Wait Function is triggered

2021-11-16 09:46:36 - [MESSAGE][INFO] - Found 1 web elements with id: 'Object Repository/Sayfalar/Ayarlar/Gorsel_Tasarim/GorselTasarimAciklamasi' located by 'By.xpath: //*[@id = 'Description_I']' in '30' second(s)

2021-11-16 09:46:36 - [MESSAGE][PASSED] - Keys 'VirgosolOtomasyon' sent to object: 'Object Repository/Sayfalar/Ayarlar/Gorsel_Tasarim/GorselTasarimAciklamasi'

2021-11-16 09:46:36 - [MESSAGE][PASSED] - Call Test Case 'Test Cases/Sayfalar/Ayarlar/Gorsel_Tasarim/GorselTasarimAciklamasiGirilir' successfully

2021-11-16 09:46:36 - [MESSAGE][INFO] - Checking called Test Case

2021-11-16 09:46:36 - [MESSAGE][INFO] - Starting to call Test Case 'Test Cases/Sekmeler/FaturaBaslıgıDogruMu'

2021-11-16 09:46:36 - [TEST_CASE][PASSED] - Test Cases/Sekmeler/FaturaBaslıgıDogruMu: Test Cases/Sekmeler/FaturaBaslıgıDogruMu

2021-11-16 09:46:36 - [TEST_STEP][PASSED] - switchToFrame(findTestObject("Object Repository/Sayfalar/Giris_Sayfasi/FrameFirmaSec"), 3): Switched to iframe: 'Object Repository/Sayfalar/Giris_Sayfasi/FrameFirmaSec'

2021-11-16 09:46:36 - [MESSAGE][INFO] - Finding Test Object 'Object Repository/Sayfalar/Giris_Sayfasi/FrameFirmaSec'

2021-11-16 09:46:36 - [MESSAGE][INFO] - Switching to iframe: 'Object Repository/Sayfalar/Giris_Sayfasi/FrameFirmaSec'

2021-11-16 09:46:36 - [MESSAGE][INFO] - Finding web element from Test Object's properties

2021-11-16 09:46:36 - [MESSAGE][INFO] - Checking timeout

2021-11-16 09:46:36 - [MESSAGE][INFO] - Finding web element with id: 'Object Repository/Sayfalar/Giris_Sayfasi/FrameFirmaSec' located by 'By.cssSelector: .cke_wysiwyg_frame.cke_reset' in '3' second(s)

2021-11-16 09:46:36 - [MESSAGE][INFO] - Smart Wait Function is triggered

2021-11-16 09:46:36 - [MESSAGE][INFO] - Found 3 web elements with id: 'Object Repository/Sayfalar/Giris_Sayfasi/FrameFirmaSec' located by 'By.cssSelector: .cke_wysiwyg_frame.cke_reset' in '3' second(s)

2021-11-16 09:46:36 - [MESSAGE][INFO] - Switched to iframe: 'Object Repository/Sayfalar/Giris_Sayfasi/FrameFirmaSec'

2021-11-16 09:46:36 - [TEST_STEP][PASSED] - verifyElementText(findTestObject("Object Repository/Sekmeler/Olusturma_Goster_Baslik"), Title): Actual text and expected text of test object 'Object Repository/Sekmeler/Olusturma_Goster_Baslik' are matched.

2021-11-16 09:46:36 - [MESSAGE][INFO] - Finding Test Object 'Object Repository/Sekmeler/Olusturma_Goster_Baslik'

2021-11-16 09:46:36 - [MESSAGE][INFO] - Checking object

2021-11-16 09:46:36 - [MESSAGE][INFO] - Finding web element from Test Object's properties

2021-11-16 09:46:36 - [MESSAGE][INFO] - Checking timeout

2021-11-16 09:46:36 - [MESSAGE][INFO] - Finding web element with id: 'Object Repository/Sekmeler/Olusturma_Goster_Baslik' located by 'By.cssSelector: h1>span,td>font,font' in '30' second(s)

2021-11-16 09:46:36 - [MESSAGE][INFO] - Smart Wait Function is triggered

2021-11-16 09:46:36 - [MESSAGE][INFO] - Found 1 web elements with id: 'Object Repository/Sekmeler/Olusturma_Goster_Baslik' located by 'By.cssSelector: h1>span,td>font,font' in '30' second(s)

2021-11-16 09:46:36 - [MESSAGE][PASSED] - Actual text and expected text of test object 'Object Repository/Sekmeler/Olusturma_Goster_Baslik' are matched.

2021-11-16 09:46:36 - [TEST_STEP][PASSED] - switchToDefaultContent(): Switching to default content

2021-11-16 09:46:36 - [MESSAGE][INFO] - Switching to default content

2021-11-16 09:46:37 - [MESSAGE][PASSED] - Call Test Case 'Test Cases/Sekmeler/FaturaBaslıgıDogruMu' successfully

2021-11-16 09:46:37 - [MESSAGE][INFO] - Checking called Test Case

2021-11-16 09:46:37 - [MESSAGE][INFO] - Starting to call Test Case 'Test Cases/Butonlar/ButonaTikla'

2021-11-16 09:46:37 - [TEST_CASE][PASSED] - Test Cases/Butonlar/ButonaTikla: Test Cases/Butonlar/ButonaTikla

2021-11-16 09:46:37 - [TEST_STEP][PASSED] - Method.TextDegerineEsitElementeTiklaEquals(findTestObject("Butonlar/Butonlar"), Buton_Adi): Method.TextDegerineEsitElementeTiklaEquals is PASSED

2021-11-16 09:46:37 - [MESSAGE][INFO] - Finding Test Object 'Object Repository/Butonlar/Butonlar'

2021-11-16 09:46:37 - [MESSAGE][INFO] - Checking timeout

2021-11-16 09:46:37 - [MESSAGE][INFO] - Finding web element with id: 'Object Repository/Butonlar/Butonlar' located by 'By.cssSelector: .panel.panel-default.text-center.footerPanel .btn,.btn.btn-primary.btnControls' in '10' second(s)

2021-11-16 09:46:37 - [MESSAGE][INFO] - Smart Wait Function is triggered

2021-11-16 09:46:37 - [MESSAGE][INFO] - Found 3 web elements with id: 'Object Repository/Butonlar/Butonlar' located by 'By.cssSelector: .panel.panel-default.text-center.footerPanel .btn,.btn.btn-primary.btnControls' in '10' second(s)

2021-11-16 09:46:37 - [MESSAGE][PASSED] - Method.TextDegerineEsitElementeTiklaEquals is PASSED

2021-11-16 09:46:37 - [MESSAGE][PASSED] - Call Test Case 'Test Cases/Butonlar/ButonaTikla' successfully

2021-11-16 09:46:37 - [MESSAGE][INFO] - Checking called Test Case

2021-11-16 09:46:37 - [MESSAGE][INFO] - Starting to call Test Case 'Test Cases/Popup/PopupMesajiIceriyorMu'

2021-11-16 09:46:37 - [TEST_CASE][PASSED] - Test Cases/Popup/PopupMesajiIceriyorMu: Test Cases/Popup/PopupMesajiIceriyorMu

2021-11-16 09:46:37 - [TEST_STEP][PASSED] - waitForElementVisible(findTestObject("Popup/Popup"), 10): Object 'Object Repository/Popup/Popup' is visible

2021-11-16 09:46:37 - [MESSAGE][INFO] - Finding Test Object 'Object Repository/Popup/Popup'

2021-11-16 09:46:37 - [MESSAGE][INFO] - Checking object

2021-11-16 09:46:37 - [MESSAGE][INFO] - Checking timeout

2021-11-16 09:46:37 - [MESSAGE][INFO] - Finding web element from Test Object's properties

2021-11-16 09:46:37 - [MESSAGE][INFO] - Checking timeout

2021-11-16 09:46:37 - [MESSAGE][INFO] - Finding web element with id: 'Object Repository/Popup/Popup' located by 'By.cssSelector: .bootbox-body' in '10' second(s)

2021-11-16 09:46:37 - [MESSAGE][INFO] - Smart Wait Function is triggered

2021-11-16 09:46:38 - [MESSAGE][INFO] - Found 1 web elements with id: 'Object Repository/Popup/Popup' located by 'By.cssSelector: .bootbox-body' in '10' second(s)

2021-11-16 09:46:38 - [MESSAGE][PASSED] - Object 'Object Repository/Popup/Popup' is visible

2021-11-16 09:46:38 - [TEST_STEP][PASSED] - if (!(getText(findTestObject("Popup/Popup")).contains(Mesaj))): Text of object 'Object Repository/Popup/Popup' is: 'Tasarım ön değer tasarım olarak tanımlansın mı?'

2021-11-16 09:46:38 - [MESSAGE][INFO] - Finding Test Object 'Object Repository/Popup/Popup'

2021-11-16 09:46:38 - [MESSAGE][INFO] - Checking object

2021-11-16 09:46:38 - [MESSAGE][INFO] - Finding web element from Test Object's properties

2021-11-16 09:46:38 - [MESSAGE][INFO] - Checking timeout

2021-11-16 09:46:38 - [MESSAGE][INFO] - Finding web element with id: 'Object Repository/Popup/Popup' located by 'By.cssSelector: .bootbox-body' in '30' second(s)

2021-11-16 09:46:38 - [MESSAGE][INFO] - Smart Wait Function is triggered

2021-11-16 09:46:38 - [MESSAGE][INFO] - Found 1 web elements with id: 'Object Repository/Popup/Popup' located by 'By.cssSelector: .bootbox-body' in '30' second(s)

2021-11-16 09:46:38 - [MESSAGE][INFO] - Getting text of object 'Object Repository/Popup/Popup'

2021-11-16 09:46:38 - [MESSAGE][PASSED] - Text of object 'Object Repository/Popup/Popup' is: 'Tasarım ön değer tasarım olarak tanımlansın mı?'

2021-11-16 09:46:38 - [TEST_STEP][PASSED] - RaporNo = getText(findTestObject("Popup/Popup")).substring(0, 6): Text of object 'Object Repository/Popup/Popup' is: 'Tasarım ön değer tasarım olarak tanımlansın mı?'

2021-11-16 09:46:38 - [MESSAGE][INFO] - Finding Test Object 'Object Repository/Popup/Popup'

2021-11-16 09:46:39 - [MESSAGE][INFO] - Checking object

2021-11-16 09:46:39 - [MESSAGE][INFO] - Finding web element from Test Object's properties

2021-11-16 09:46:39 - [MESSAGE][INFO] - Checking timeout

2021-11-16 09:46:39 - [MESSAGE][INFO] - Finding web element with id: 'Object Repository/Popup/Popup' located by 'By.cssSelector: .bootbox-body' in '30' second(s)

2021-11-16 09:46:39 - [MESSAGE][INFO] - Smart Wait Function is triggered

2021-11-16 09:46:39 - [MESSAGE][INFO] - Found 1 web elements with id: 'Object Repository/Popup/Popup' located by 'By.cssSelector: .bootbox-body' in '30' second(s)

2021-11-16 09:46:39 - [MESSAGE][INFO] - Getting text of object 'Object Repository/Popup/Popup'

2021-11-16 09:46:39 - [MESSAGE][PASSED] - Text of object 'Object Repository/Popup/Popup' is: 'Tasarım ön değer tasarım olarak tanımlansın mı?'

2021-11-16 09:46:39 - [TEST_STEP][PASSED] - Console.println(RaporNo): null

2021-11-16 09:46:39 - [MESSAGE][PASSED] - Call Test Case 'Test Cases/Popup/PopupMesajiIceriyorMu' successfully

2021-11-16 09:46:39 - [MESSAGE][INFO] - Checking called Test Case

2021-11-16 09:46:39 - [MESSAGE][INFO] - Starting to call Test Case 'Test Cases/Popup/PopupButonSecilir'

2021-11-16 09:46:39 - [TEST_CASE][PASSED] - Test Cases/Popup/PopupButonSecilir: Test Cases/Popup/PopupButonSecilir

2021-11-16 09:46:39 - [TEST_STEP][PASSED] - Method.TextDegerineEsitElementeTikla(findTestObject("Popup/Popup_Butons"), Buton): Method.TextDegerineEsitElementeTikla is PASSED

2021-11-16 09:46:39 - [MESSAGE][INFO] - Finding Test Object 'Object Repository/Popup/Popup_Butons'

2021-11-16 09:46:39 - [MESSAGE][INFO] - Checking timeout

2021-11-16 09:46:39 - [MESSAGE][INFO] - Finding web element with id: 'Object Repository/Popup/Popup_Butons' located by 'By.cssSelector: .modal-footer>button' in '10' second(s)

2021-11-16 09:46:39 - [MESSAGE][INFO] - Smart Wait Function is triggered

2021-11-16 09:46:39 - [MESSAGE][INFO] - Found 2 web elements with id: 'Object Repository/Popup/Popup_Butons' located by 'By.cssSelector: .modal-footer>button' in '10' second(s)

2021-11-16 09:46:46 - [MESSAGE][PASSED] - Method.TextDegerineEsitElementeTikla is PASSED

2021-11-16 09:46:46 - [MESSAGE][PASSED] - Call Test Case 'Test Cases/Popup/PopupButonSecilir' successfully

2021-11-16 09:46:46 - [MESSAGE][INFO] - Checking called Test Case

2021-11-16 09:46:46 - [MESSAGE][INFO] - Starting to call Test Case 'Test Cases/Tablo/TablodaUnvanliVeriOlusturulduMu'

2021-11-16 09:46:46 - [TEST_CASE][PASSED] - Test Cases/Tablo/TablodaUnvanliVeriOlusturulduMu: Test Cases/Tablo/TablodaUnvanliVeriOlusturulduMu

2021-11-16 09:46:46 - [TEST_STEP][PASSED] - waitForElementVisible(findTestObject("Tablo/OlusturulanVeri"), 10, STOP_ON_FAILURE): Object 'Object Repository/Tablo/OlusturulanVeri' is visible

2021-11-16 09:46:46 - [MESSAGE][INFO] - Finding Test Object 'Object Repository/Tablo/OlusturulanVeri'

2021-11-16 09:46:47 - [MESSAGE][INFO] - Checking object

2021-11-16 09:46:47 - [MESSAGE][INFO] - Checking timeout

2021-11-16 09:46:47 - [MESSAGE][INFO] - Finding web element from Test Object's properties

2021-11-16 09:46:47 - [MESSAGE][INFO] - Checking timeout

2021-11-16 09:46:47 - [MESSAGE][INFO] - Finding web element with id: 'Object Repository/Tablo/OlusturulanVeri' located by 'By.cssSelector: table.dxgvTable_LECustomTheme>tbody>tr:nth-child(3)>td.dxgv b,table.dxgvTable_LECustomTheme>tbody>tr:nth-child(3)>td.dxgv' in '10' second(s)

2021-11-16 09:46:47 - [MESSAGE][INFO] - Smart Wait Function is triggered

2021-11-16 09:46:47 - [MESSAGE][INFO] - Found 8 web elements with id: 'Object Repository/Tablo/OlusturulanVeri' located by 'By.cssSelector: table.dxgvTable_LECustomTheme>tbody>tr:nth-child(3)>td.dxgv b,table.dxgvTable_LECustomTheme>tbody>tr:nth-child(3)>td.dxgv' in '10' second(s)

2021-11-16 09:46:47 - [MESSAGE][PASSED] - Object 'Object Repository/Tablo/OlusturulanVeri' is visible

2021-11-16 09:46:47 - [TEST_STEP][PASSED] - Method.TextDegerineEsitElementVarMi(findTestObject("Tablo/OlusturulanVeri"), Unvan): Method.TextDegerineEsitElementVarMi is PASSED

2021-11-16 09:46:47 - [MESSAGE][INFO] - Finding Test Object 'Object Repository/Tablo/OlusturulanVeri'

2021-11-16 09:46:47 - [MESSAGE][INFO] - Checking timeout

2021-11-16 09:46:47 - [MESSAGE][INFO] - Finding web element with id: 'Object Repository/Tablo/OlusturulanVeri' located by 'By.cssSelector: table.dxgvTable_LECustomTheme>tbody>tr:nth-child(3)>td.dxgv b,table.dxgvTable_LECustomTheme>tbody>tr:nth-child(3)>td.dxgv' in '10' second(s)

2021-11-16 09:46:47 - [MESSAGE][INFO] - Smart Wait Function is triggered

2021-11-16 09:46:47 - [MESSAGE][INFO] - Found 8 web elements with id: 'Object Repository/Tablo/OlusturulanVeri' located by 'By.cssSelector: table.dxgvTable_LECustomTheme>tbody>tr:nth-child(3)>td.dxgv b,table.dxgvTable_LECustomTheme>tbody>tr:nth-child(3)>td.dxgv' in '10' second(s)

2021-11-16 09:46:47 - [MESSAGE][PASSED] - Method.TextDegerineEsitElementVarMi is PASSED

2021-11-16 09:46:47 - [MESSAGE][PASSED] - Call Test Case 'Test Cases/Tablo/TablodaUnvanliVeriOlusturulduMu' successfully

2021-11-16 09:46:47 - [MESSAGE][INFO] - Checking called Test Case

2021-11-16 09:46:47 - [MESSAGE][INFO] - Starting to call Test Case 'Test Cases/Kullanici_Islemleri/KullaniciIslemlerindenSecimYapilir'

2021-11-16 09:46:47 - [TEST_CASE][PASSED] - Test Cases/Kullanici_Islemleri/KullaniciIslemlerindenSecimYapilir: Test Cases/Kullanici_Islemleri/KullaniciIslemlerindenSecimYapilir

2021-11-16 09:46:47 - [TEST_STEP][PASSED] - waitForElementClickable(findTestObject("Object Repository/Kullanici_Islemleri/KullaniciIslemleri"), 10): Object 'Object Repository/Kullanici_Islemleri/KullaniciIslemleri' is clickable

2021-11-16 09:46:47 - [MESSAGE][INFO] - Finding Test Object 'Object Repository/Kullanici_Islemleri/KullaniciIslemleri'

2021-11-16 09:46:47 - [MESSAGE][INFO] - Checking object

2021-11-16 09:46:47 - [MESSAGE][INFO] - Checking timeout

2021-11-16 09:46:47 - [MESSAGE][INFO] - Finding web element from Test Object's properties

2021-11-16 09:46:47 - [MESSAGE][INFO] - Checking timeout

2021-11-16 09:46:47 - [MESSAGE][INFO] - Finding web element with id: 'Object Repository/Kullanici_Islemleri/KullaniciIslemleri' located by 'By.cssSelector: .dropdown>a>img' in '10' second(s)

2021-11-16 09:46:47 - [MESSAGE][INFO] - Smart Wait Function is triggered

2021-11-16 09:46:48 - [MESSAGE][INFO] - Found 1 web elements with id: 'Object Repository/Kullanici_Islemleri/KullaniciIslemleri' located by 'By.cssSelector: .dropdown>a>img' in '10' second(s)

2021-11-16 09:46:48 - [MESSAGE][PASSED] - Object 'Object Repository/Kullanici_Islemleri/KullaniciIslemleri' is clickable

2021-11-16 09:46:48 - [TEST_STEP][PASSED] - click(findTestObject("Object Repository/Kullanici_Islemleri/KullaniciIslemleri")): Object: 'Object Repository/Kullanici_Islemleri/KullaniciIslemleri' is clicked on

2021-11-16 09:46:48 - [MESSAGE][INFO] - Finding Test Object 'Object Repository/Kullanici_Islemleri/KullaniciIslemleri'

2021-11-16 09:46:48 - [MESSAGE][INFO] - Checking object

2021-11-16 09:46:48 - [MESSAGE][INFO] - Finding web element from Test Object's properties

2021-11-16 09:46:48 - [MESSAGE][INFO] - Checking timeout

2021-11-16 09:46:48 - [MESSAGE][INFO] - Finding web element with id: 'Object Repository/Kullanici_Islemleri/KullaniciIslemleri' located by 'By.cssSelector: .dropdown>a>img' in '30' second(s)

2021-11-16 09:46:48 - [MESSAGE][INFO] - Smart Wait Function is triggered

2021-11-16 09:46:48 - [MESSAGE][INFO] - Found 1 web elements with id: 'Object Repository/Kullanici_Islemleri/KullaniciIslemleri' located by 'By.cssSelector: .dropdown>a>img' in '30' second(s)

2021-11-16 09:46:48 - [MESSAGE][INFO] - Clicking on object: 'Object Repository/Kullanici_Islemleri/KullaniciIslemleri'

2021-11-16 09:46:48 - [MESSAGE][PASSED] - Object: 'Object Repository/Kullanici_Islemleri/KullaniciIslemleri' is clicked on

2021-11-16 09:46:48 - [TEST_STEP][PASSED] - Method.TextDegerineEsitElementeTikla(findTestObject("Object Repository/Kullanici_Islemleri/Secenekler"), Islem): Method.TextDegerineEsitElementeTikla is PASSED

2021-11-16 09:46:48 - [MESSAGE][INFO] - Finding Test Object 'Object Repository/Kullanici_Islemleri/Secenekler'

2021-11-16 09:46:48 - [MESSAGE][INFO] - Checking timeout

2021-11-16 09:46:48 - [MESSAGE][INFO] - Finding web element with id: 'Object Repository/Kullanici_Islemleri/Secenekler' located by 'By.cssSelector: .nav.navbar-nav.navbar-right li a' in '10' second(s)

2021-11-16 09:46:48 - [MESSAGE][INFO] - Smart Wait Function is triggered

2021-11-16 09:46:48 - [MESSAGE][INFO] - Found 22 web elements with id: 'Object Repository/Kullanici_Islemleri/Secenekler' located by 'By.cssSelector: .nav.navbar-nav.navbar-right li a' in '10' second(s)

2021-11-16 09:46:50 - [MESSAGE][PASSED] - Method.TextDegerineEsitElementeTikla is PASSED

2021-11-16 09:46:50 - [TEST_STEP][PASSED] - verifyElementNotPresent(findTestObject("Object Repository/Kullanici_Islemleri/Secenekler"), 10): Web element with id: 'Object Repository/Kullanici_Islemleri/Secenekler' located by 'By.cssSelector: .nav.navbar-nav.navbar-right li a' is not present after '10' second(s)

2021-11-16 09:46:50 - [MESSAGE][INFO] - Finding Test Object 'Object Repository/Kullanici_Islemleri/Secenekler'

2021-11-16 09:46:50 - [MESSAGE][INFO] - Checking object

2021-11-16 09:46:50 - [MESSAGE][INFO] - Checking timeout

2021-11-16 09:46:50 - [MESSAGE][INFO] - Finding web element with id: 'Object Repository/Kullanici_Islemleri/Secenekler' located by 'By.cssSelector: .nav.navbar-nav.navbar-right li a' in '10' second(s)

2021-11-16 09:46:50 - [MESSAGE][INFO] - Smart Wait Function is triggered

2021-11-16 09:46:50 - [MESSAGE][PASSED] - Web element with id: 'Object Repository/Kullanici_Islemleri/Secenekler' located by 'By.cssSelector: .nav.navbar-nav.navbar-right li a' is not present after '10' second(s)

2021-11-16 09:46:50 - [MESSAGE][PASSED] - Call Test Case 'Test Cases/Kullanici_Islemleri/KullaniciIslemlerindenSecimYapilir' successfully

2021-11-16 09:46:50 - [TEST_CASE][PASSED] - Start Test Case : SCENARIO Tasarim Araclari Tasarla e-Irsaliye: SCENARIO Tasarim Araclari Tasarla e-Irsaliye

2021-11-16 09:46:50 - [TEST_STEP][PASSED] - Kullanıcı adı ELOGO6 ve Şifre 123456 olarak giriş yapılır: Kullanıcı adı ELOGO6 ve Şifre 123456 olarak giriş yapılır

2021-11-16 09:46:50 - [MESSAGE][PASSED] - Kullanıcı adı ELOGO6 ve Şifre 123456 olarak giriş yapılır

2021-11-16 09:46:50 - [TEST_STEP][PASSED] - Ana menüden Ayarlar seçilir: Ana menüden Ayarlar seçilir

2021-11-16 09:46:50 - [MESSAGE][PASSED] - Ana menüden Ayarlar seçilir

2021-11-16 09:46:50 - [TEST_STEP][PASSED] - Alt menü Görsel Tasarımlar başlığı altındaki Tasarım Araçları seçilir: Alt menü Görsel Tasarımlar başlığı altındaki Tasarım Araçları seçilir

2021-11-16 09:46:50 - [MESSAGE][PASSED] - Alt menü Görsel Tasarımlar başlığı altındaki Tasarım Araçları seçilir

2021-11-16 09:46:50 - [TEST_STEP][PASSED] - Butonlardan Tasarla isimli butona tıklanır: Butonlardan Tasarla isimli butona tıklanır

2021-11-16 09:46:50 - [MESSAGE][PASSED] - Butonlardan Tasarla isimli butona tıklanır

2021-11-16 09:46:50 - [TEST_STEP][PASSED] - Alt butonlardan e-İrsaliye butonuna tıklanır: Alt butonlardan e-İrsaliye butonuna tıklanır

2021-11-16 09:46:50 - [MESSAGE][PASSED] - Alt butonlardan e-İrsaliye butonuna tıklanır

2021-11-16 09:46:50 - [TEST_STEP][PASSED] - Dinamik başlıklarda E-İRSALİYE TASARIM AÇIKLAMASI var mı: Dinamik başlıklarda E-İRSALİYE TASARIM AÇIKLAMASI var mı

2021-11-16 09:46:50 - [MESSAGE][PASSED] - Dinamik başlıklarda E-İRSALİYE TASARIM AÇIKLAMASI var mı

2021-11-16 09:46:50 - [TEST_STEP][PASSED] - Tasarım açıklaması alanına VirgosolOtomasyon girilir: Tasarım açıklaması alanına VirgosolOtomasyon girilir

2021-11-16 09:46:50 - [MESSAGE][PASSED] - Tasarım açıklaması alanına VirgosolOtomasyon girilir

2021-11-16 09:46:50 - [TEST_STEP][PASSED] - Oluşturulan Fatura başlığında e-İRSALİYE var mı: Oluşturulan Fatura başlığında e-İRSALİYE var mı

2021-11-16 09:46:50 - [MESSAGE][PASSED] - Oluşturulan Fatura başlığında e-İRSALİYE var mı

2021-11-16 09:46:50 - [TEST_STEP][PASSED] - Butonlardan Kaydet isimli butona tıklanır: Butonlardan Kaydet isimli butona tıklanır

2021-11-16 09:46:50 - [MESSAGE][PASSED] - Butonlardan Kaydet isimli butona tıklanır

2021-11-16 09:46:50 - [TEST_STEP][PASSED] - Popup mesajı Tasarım ön değer tasarım olarak tanımlansın mı? içeriyor mu: Popup mesajı Tasarım ön değer tasarım olarak tanımlansın mı? içeriyor mu

2021-11-16 09:46:50 - [MESSAGE][PASSED] - Popup mesajı Tasarım ön değer tasarım olarak tanımlansın mı? içeriyor mu

2021-11-16 09:46:50 - [TEST_STEP][PASSED] - Yönetim popupında Evet seçilir: Yönetim popupında Evet seçilir

2021-11-16 09:46:50 - [MESSAGE][PASSED] - Yönetim popupında Evet seçilir

2021-11-16 09:46:50 - [TEST_STEP][PASSED] - Tabloda VirgosolOtomasyon ünvanlı veri oluşturuldu mu: Tabloda VirgosolOtomasyon ünvanlı veri oluşturuldu mu

2021-11-16 09:46:50 - [MESSAGE][PASSED] - Tabloda VirgosolOtomasyon ünvanlı veri oluşturuldu mu

2021-11-16 09:46:50 - [TEST_STEP][PASSED] - Kullanıcı işlemlerinden Çıkış seçilir: Kullanıcı işlemlerinden Çıkış seçilir

2021-11-16 09:46:50 - [MESSAGE][PASSED] - Kullanıcı işlemlerinden Çıkış seçilir

2021-11-16 09:46:50 - [MESSAGE][PASSED] - Feature file: 'Include/features/Ayarlar/Gorsel Tasarimlar/Tasarim Araclari/Tasarla e-Irsaliye.feature' was passed

2021-11-16 09:46:50 - [TEST_STEP][PASSED] - Start listener action : sampleAfterTestSuite: Invoke 'com.kms.katalon.core.annotation.AfterTestCase' method: 'Listener.sampleAfterTestSuite(...)' completed.

2021-11-16 09:46:50 - [MESSAGE][INFO] - Starting invoke 'com.kms.katalon.core.annotation.AfterTestCase' method: 'Listener.sampleAfterTestSuite(...)'

2021-11-16 09:46:50 - [TEST_STEP][PASSED] - closeBrowser(): Invoke 'com.kms.katalon.core.annotation.AfterTestCase' method: 'Listener.sampleAfterTestSuite(...)' completed.

2021-11-16 09:46:50 - [MESSAGE][INFO] - Closing browser

2021-11-16 09:46:51 - [MESSAGE][PASSED] - Browser is closed

2021-11-16 09:46:51 - [MESSAGE][INFO] - Invoke 'com.kms.katalon.core.annotation.AfterTestCase' method: 'Listener.sampleAfterTestSuite(...)' completed.]]></system-out>
         <system-err><![CDATA[]]></system-err>
      </testcase>
      <testcase name="Test Cases/Case Repository/Ayarlar/Gorsel Tasarim/Tasarim Araclari/Sil" time="34.845" classname="Test Cases/Case Repository/Ayarlar/Gorsel Tasarim/Tasarim Araclari/Sil" status="PASSED">
         <system-out><![CDATA[2021-11-16 09:46:51 - [TEST_CASE][PASSED] - Test Cases/Case Repository/Ayarlar/Gorsel Tasarim/Tasarim Araclari/Sil: Test Cases/Case Repository/Ayarlar/Gorsel Tasarim/Tasarim Araclari/Sil

2021-11-16 09:46:51 - [TEST_STEP][PASSED] - Start listener action : sampleBeforeTestSuite: Invoke 'com.kms.katalon.core.annotation.BeforeTestCase' method: 'Listener.sampleBeforeTestSuite(...)' completed.

2021-11-16 09:46:51 - [MESSAGE][INFO] - Starting invoke 'com.kms.katalon.core.annotation.BeforeTestCase' method: 'Listener.sampleBeforeTestSuite(...)'

2021-11-16 09:46:51 - [TEST_STEP][PASSED] - openBrowser(baseUrl): Browser is opened with url: 'https://efatura-stage.elogo.com.tr/'

2021-11-16 09:46:51 - [MESSAGE][INFO] - Opening browser

2021-11-16 09:46:51 - [MESSAGE][INFO] - Starting 'Chrome' driver

2021-11-16 09:46:51 - [MESSAGE][INFO] - User set preference: ['prefs', '{download.default_directory=C:\otomasyondownfiles}']

2021-11-16 09:46:51 - [MESSAGE][INFO] - Action delay is set to 0 milliseconds

2021-11-16 09:46:52 - [MESSAGE][INFO] - Navigating browser to: 'https://efatura-stage.elogo.com.tr/'

2021-11-16 09:46:54 - [MESSAGE][PASSED] - Browser is opened with url: 'https://efatura-stage.elogo.com.tr/'

2021-11-16 09:46:54 - [TEST_STEP][PASSED] - maximizeWindow(): Invoke 'com.kms.katalon.core.annotation.BeforeTestCase' method: 'Listener.sampleBeforeTestSuite(...)' completed.

2021-11-16 09:46:54 - [MESSAGE][INFO] - Maximizing current window

2021-11-16 09:46:54 - [MESSAGE][PASSED] - Current window maximized

2021-11-16 09:46:54 - [MESSAGE][INFO] - Invoke 'com.kms.katalon.core.annotation.BeforeTestCase' method: 'Listener.sampleBeforeTestSuite(...)' completed.

2021-11-16 09:46:55 - [TEST_STEP][PASSED] - runFeatureFile("Include/features/Ayarlar/Gorsel Tasarimlar/Tasarim Araclari/Sil.feature"): Feature file: 'Include/features/Ayarlar/Gorsel Tasarimlar/Tasarim Araclari/Sil.feature' was passed

2021-11-16 09:46:55 - [MESSAGE][INFO] - Starting run keyword runFeatureFile: 'Include/features/Ayarlar/Gorsel Tasarimlar/Tasarim Araclari/Sil.feature' and extract report to folder: 'C:\Users\DELL\Documents\GitHub\EES_KatalonLogo\Reports\20211116_090026\Suite Repository\Ayarlar\20211116_090123/cucumber_report/1637045215050'...

2021-11-16 09:46:55 - [MESSAGE][INFO] - Glue: []

2021-11-16 09:46:56 - [MESSAGE][INFO] - Checking called Test Case

2021-11-16 09:46:56 - [MESSAGE][INFO] - Starting to call Test Case 'Test Cases/Sayfalar/Giris_Sayfasi/Login'

2021-11-16 09:46:56 - [TEST_CASE][PASSED] - Test Cases/Sayfalar/Giris_Sayfasi/Login: Test Cases/Sayfalar/Giris_Sayfasi/Login

2021-11-16 09:46:56 - [TEST_STEP][PASSED] - Sayfa_Basligi = getWindowTitle(): Current window's title is: 'LOGO e-Fatura'

2021-11-16 09:46:56 - [MESSAGE][INFO] - Getting current window's title

2021-11-16 09:46:56 - [MESSAGE][PASSED] - Current window's title is: 'LOGO e-Fatura'

2021-11-16 09:46:56 - [TEST_STEP][PASSED] - verifyMatch(Sayfa_Basligi, "LOGO e-Fatura", false): Actual text 'LOGO e-Fatura' and expected text 'LOGO e-Fatura' are matched 

2021-11-16 09:46:56 - [MESSAGE][INFO] - Matching actual text 'LOGO e-Fatura' with expected text 'LOGO e-Fatura'

2021-11-16 09:46:56 - [MESSAGE][PASSED] - Actual text 'LOGO e-Fatura' and expected text 'LOGO e-Fatura' are matched 

2021-11-16 09:46:56 - [TEST_STEP][PASSED] - sendKeys(findTestObject("Sayfalar/Giris_Sayfasi/Firma_Kodu"), KullaniciAdi): Keys 'ELOGO6' sent to object: 'Object Repository/Sayfalar/Giris_Sayfasi/Firma_Kodu'

2021-11-16 09:46:56 - [MESSAGE][INFO] - Finding Test Object 'Object Repository/Sayfalar/Giris_Sayfasi/Firma_Kodu'

2021-11-16 09:46:56 - [MESSAGE][INFO] - Sending keys 'ELOGO6' to object: 'Object Repository/Sayfalar/Giris_Sayfasi/Firma_Kodu'

2021-11-16 09:46:56 - [MESSAGE][INFO] - Finding web element from Test Object's properties

2021-11-16 09:46:56 - [MESSAGE][INFO] - Checking timeout

2021-11-16 09:46:56 - [MESSAGE][INFO] - Finding web element with id: 'Object Repository/Sayfalar/Giris_Sayfasi/Firma_Kodu' located by 'By.xpath: //*[@id = 'AccountName']' in '30' second(s)

2021-11-16 09:46:56 - [MESSAGE][INFO] - Smart Wait Function is triggered

2021-11-16 09:46:56 - [MESSAGE][INFO] - Found 1 web elements with id: 'Object Repository/Sayfalar/Giris_Sayfasi/Firma_Kodu' located by 'By.xpath: //*[@id = 'AccountName']' in '30' second(s)

2021-11-16 09:46:56 - [MESSAGE][PASSED] - Keys 'ELOGO6' sent to object: 'Object Repository/Sayfalar/Giris_Sayfasi/Firma_Kodu'

2021-11-16 09:46:56 - [TEST_STEP][PASSED] - sendKeys(findTestObject("Sayfalar/Giris_Sayfasi/Sifre"), Sifre): Keys '123456' sent to object: 'Object Repository/Sayfalar/Giris_Sayfasi/Sifre'

2021-11-16 09:46:56 - [MESSAGE][INFO] - Finding Test Object 'Object Repository/Sayfalar/Giris_Sayfasi/Sifre'

2021-11-16 09:46:56 - [MESSAGE][INFO] - Sending keys '123456' to object: 'Object Repository/Sayfalar/Giris_Sayfasi/Sifre'

2021-11-16 09:46:56 - [MESSAGE][INFO] - Finding web element from Test Object's properties

2021-11-16 09:46:56 - [MESSAGE][INFO] - Checking timeout

2021-11-16 09:46:56 - [MESSAGE][INFO] - Finding web element with id: 'Object Repository/Sayfalar/Giris_Sayfasi/Sifre' located by 'By.xpath: //*[@id = 'Password']' in '30' second(s)

2021-11-16 09:46:56 - [MESSAGE][INFO] - Smart Wait Function is triggered

2021-11-16 09:46:57 - [MESSAGE][INFO] - Found 1 web elements with id: 'Object Repository/Sayfalar/Giris_Sayfasi/Sifre' located by 'By.xpath: //*[@id = 'Password']' in '30' second(s)

2021-11-16 09:46:57 - [MESSAGE][PASSED] - Keys '123456' sent to object: 'Object Repository/Sayfalar/Giris_Sayfasi/Sifre'

2021-11-16 09:46:57 - [TEST_STEP][PASSED] - findWebElement(findTestObject("Sayfalar/Giris_Sayfasi/Giris_Butonu")).click(): Found 1 web elements with id: 'Object Repository/Sayfalar/Giris_Sayfasi/Giris_Butonu' located by 'By.cssSelector: #btnLogin' in '30' second(s)

2021-11-16 09:46:57 - [MESSAGE][INFO] - Finding Test Object 'Object Repository/Sayfalar/Giris_Sayfasi/Giris_Butonu'

2021-11-16 09:46:57 - [MESSAGE][INFO] - Finding web element from Test Object's properties

2021-11-16 09:46:57 - [MESSAGE][INFO] - Checking timeout

2021-11-16 09:46:57 - [MESSAGE][INFO] - Finding web element with id: 'Object Repository/Sayfalar/Giris_Sayfasi/Giris_Butonu' located by 'By.cssSelector: #btnLogin' in '30' second(s)

2021-11-16 09:46:57 - [MESSAGE][INFO] - Smart Wait Function is triggered

2021-11-16 09:46:57 - [MESSAGE][INFO] - Found 1 web elements with id: 'Object Repository/Sayfalar/Giris_Sayfasi/Giris_Butonu' located by 'By.cssSelector: #btnLogin' in '30' second(s)

2021-11-16 09:46:59 - [TEST_STEP][PASSED] - if (verifyElementPresent(findTestObject("Object Repository/Sayfalar/Giris_Sayfasi/RetveTamam_Butonu"), 5, OPTIONAL)): null

2021-11-16 09:46:59 - [MESSAGE][INFO] - Finding Test Object 'Object Repository/Sayfalar/Giris_Sayfasi/RetveTamam_Butonu'

2021-11-16 09:46:59 - [MESSAGE][INFO] - Checking object

2021-11-16 09:46:59 - [MESSAGE][INFO] - Finding web element from Test Object's properties

2021-11-16 09:46:59 - [MESSAGE][INFO] - Checking timeout

2021-11-16 09:46:59 - [MESSAGE][INFO] - Finding web element with id: 'Object Repository/Sayfalar/Giris_Sayfasi/RetveTamam_Butonu' located by 'By.xpath: //*[@class = 'btn btn-default']' in '5' second(s)

2021-11-16 09:46:59 - [MESSAGE][INFO] - Smart Wait Function is triggered

2021-11-16 09:46:59 - [MESSAGE][INFO] - Found 1 web elements with id: 'Object Repository/Sayfalar/Giris_Sayfasi/RetveTamam_Butonu' located by 'By.xpath: //*[@class = 'btn btn-default']' in '5' second(s)

2021-11-16 09:46:59 - [MESSAGE][PASSED] - Object 'Object Repository/Sayfalar/Giris_Sayfasi/RetveTamam_Butonu' is present

2021-11-16 09:46:59 - [TEST_STEP][PASSED] - click(findTestObject("Object Repository/Sayfalar/Giris_Sayfasi/RetveTamam_Butonu")): Object: 'Object Repository/Sayfalar/Giris_Sayfasi/RetveTamam_Butonu' is clicked on

2021-11-16 09:46:59 - [MESSAGE][INFO] - Finding Test Object 'Object Repository/Sayfalar/Giris_Sayfasi/RetveTamam_Butonu'

2021-11-16 09:47:00 - [MESSAGE][INFO] - Checking object

2021-11-16 09:47:00 - [MESSAGE][INFO] - Finding web element from Test Object's properties

2021-11-16 09:47:00 - [MESSAGE][INFO] - Checking timeout

2021-11-16 09:47:00 - [MESSAGE][INFO] - Finding web element with id: 'Object Repository/Sayfalar/Giris_Sayfasi/RetveTamam_Butonu' located by 'By.xpath: //*[@class = 'btn btn-default']' in '30' second(s)

2021-11-16 09:47:00 - [MESSAGE][INFO] - Smart Wait Function is triggered

2021-11-16 09:47:00 - [MESSAGE][INFO] - Found 1 web elements with id: 'Object Repository/Sayfalar/Giris_Sayfasi/RetveTamam_Butonu' located by 'By.xpath: //*[@class = 'btn btn-default']' in '30' second(s)

2021-11-16 09:47:00 - [MESSAGE][INFO] - Clicking on object: 'Object Repository/Sayfalar/Giris_Sayfasi/RetveTamam_Butonu'

2021-11-16 09:47:00 - [MESSAGE][PASSED] - Object: 'Object Repository/Sayfalar/Giris_Sayfasi/RetveTamam_Butonu' is clicked on

2021-11-16 09:47:00 - [TEST_STEP][PASSED] - click(findTestObject("Object Repository/Sayfalar/Giris_Sayfasi/RetveTamam_Butonu")): Object: 'Object Repository/Sayfalar/Giris_Sayfasi/RetveTamam_Butonu' is clicked on

2021-11-16 09:47:00 - [MESSAGE][INFO] - Finding Test Object 'Object Repository/Sayfalar/Giris_Sayfasi/RetveTamam_Butonu'

2021-11-16 09:47:00 - [MESSAGE][INFO] - Checking object

2021-11-16 09:47:00 - [MESSAGE][INFO] - Finding web element from Test Object's properties

2021-11-16 09:47:00 - [MESSAGE][INFO] - Checking timeout

2021-11-16 09:47:00 - [MESSAGE][INFO] - Finding web element with id: 'Object Repository/Sayfalar/Giris_Sayfasi/RetveTamam_Butonu' located by 'By.xpath: //*[@class = 'btn btn-default']' in '30' second(s)

2021-11-16 09:47:00 - [MESSAGE][INFO] - Smart Wait Function is triggered

2021-11-16 09:47:04 - [MESSAGE][INFO] - Found 1 web elements with id: 'Object Repository/Sayfalar/Giris_Sayfasi/RetveTamam_Butonu' located by 'By.xpath: //*[@class = 'btn btn-default']' in '30' second(s)

2021-11-16 09:47:04 - [MESSAGE][INFO] - Clicking on object: 'Object Repository/Sayfalar/Giris_Sayfasi/RetveTamam_Butonu'

2021-11-16 09:47:04 - [MESSAGE][PASSED] - Object: 'Object Repository/Sayfalar/Giris_Sayfasi/RetveTamam_Butonu' is clicked on

2021-11-16 09:47:04 - [TEST_STEP][PASSED] - if (verifyElementPresent(findTestObject("Sayfalar/Giris_Sayfasi/PopupOK"), 5, OPTIONAL)): null

2021-11-16 09:47:04 - [MESSAGE][INFO] - Finding Test Object 'Object Repository/Sayfalar/Giris_Sayfasi/PopupOK'

2021-11-16 09:47:04 - [MESSAGE][INFO] - Checking object

2021-11-16 09:47:04 - [MESSAGE][INFO] - Finding web element from Test Object's properties

2021-11-16 09:47:04 - [MESSAGE][INFO] - Checking timeout

2021-11-16 09:47:04 - [MESSAGE][INFO] - Finding web element with id: 'Object Repository/Sayfalar/Giris_Sayfasi/PopupOK' located by 'By.cssSelector: .btn.btn-success' in '5' second(s)

2021-11-16 09:47:04 - [MESSAGE][INFO] - Smart Wait Function is triggered

2021-11-16 09:47:05 - [MESSAGE][INFO] - Found 1 web elements with id: 'Object Repository/Sayfalar/Giris_Sayfasi/PopupOK' located by 'By.cssSelector: .btn.btn-success' in '5' second(s)

2021-11-16 09:47:05 - [MESSAGE][PASSED] - Object 'Object Repository/Sayfalar/Giris_Sayfasi/PopupOK' is present

2021-11-16 09:47:05 - [TEST_STEP][PASSED] - click(findTestObject("Object Repository/Sayfalar/Giris_Sayfasi/PopupCarpiGiris")): Object: 'Object Repository/Sayfalar/Giris_Sayfasi/PopupCarpiGiris' is clicked on

2021-11-16 09:47:05 - [MESSAGE][INFO] - Finding Test Object 'Object Repository/Sayfalar/Giris_Sayfasi/PopupCarpiGiris'

2021-11-16 09:47:05 - [MESSAGE][INFO] - Checking object

2021-11-16 09:47:05 - [MESSAGE][INFO] - Finding web element from Test Object's properties

2021-11-16 09:47:05 - [MESSAGE][INFO] - Checking timeout

2021-11-16 09:47:05 - [MESSAGE][INFO] - Finding web element with id: 'Object Repository/Sayfalar/Giris_Sayfasi/PopupCarpiGiris' located by 'By.cssSelector: .bootbox-close-button.close' in '30' second(s)

2021-11-16 09:47:05 - [MESSAGE][INFO] - Smart Wait Function is triggered

2021-11-16 09:47:05 - [MESSAGE][INFO] - Found 1 web elements with id: 'Object Repository/Sayfalar/Giris_Sayfasi/PopupCarpiGiris' located by 'By.cssSelector: .bootbox-close-button.close' in '30' second(s)

2021-11-16 09:47:05 - [MESSAGE][INFO] - Clicking on object: 'Object Repository/Sayfalar/Giris_Sayfasi/PopupCarpiGiris'

2021-11-16 09:47:05 - [MESSAGE][PASSED] - Object: 'Object Repository/Sayfalar/Giris_Sayfasi/PopupCarpiGiris' is clicked on

2021-11-16 09:47:05 - [TEST_STEP][PASSED] - verifyElementVisible(findTestObject("Object Repository/Kullanici_Islemleri/KullaniciIslemleri")): Object 'Object Repository/Kullanici_Islemleri/KullaniciIslemleri' is visible

2021-11-16 09:47:05 - [MESSAGE][INFO] - Finding Test Object 'Object Repository/Kullanici_Islemleri/KullaniciIslemleri'

2021-11-16 09:47:05 - [MESSAGE][INFO] - Checking object

2021-11-16 09:47:05 - [MESSAGE][INFO] - Finding web element from Test Object's properties

2021-11-16 09:47:05 - [MESSAGE][INFO] - Checking timeout

2021-11-16 09:47:05 - [MESSAGE][INFO] - Finding web element with id: 'Object Repository/Kullanici_Islemleri/KullaniciIslemleri' located by 'By.cssSelector: .dropdown>a>img' in '30' second(s)

2021-11-16 09:47:05 - [MESSAGE][INFO] - Smart Wait Function is triggered

2021-11-16 09:47:06 - [MESSAGE][INFO] - Found 1 web elements with id: 'Object Repository/Kullanici_Islemleri/KullaniciIslemleri' located by 'By.cssSelector: .dropdown>a>img' in '30' second(s)

2021-11-16 09:47:06 - [MESSAGE][PASSED] - Object 'Object Repository/Kullanici_Islemleri/KullaniciIslemleri' is visible

2021-11-16 09:47:06 - [MESSAGE][PASSED] - Call Test Case 'Test Cases/Sayfalar/Giris_Sayfasi/Login' successfully

2021-11-16 09:47:06 - [MESSAGE][INFO] - Checking called Test Case

2021-11-16 09:47:06 - [MESSAGE][INFO] - Starting to call Test Case 'Test Cases/Menu/AnaMenuSecimi'

2021-11-16 09:47:06 - [TEST_CASE][PASSED] - Test Cases/Menu/AnaMenuSecimi: Test Cases/Menu/AnaMenuSecimi

2021-11-16 09:47:06 - [TEST_STEP][PASSED] - Method.TextDegerineEsitElementeTikla(findTestObject("Menu/Ana_Menu"), Ana_Menu): Method.TextDegerineEsitElementeTikla is PASSED

2021-11-16 09:47:06 - [MESSAGE][INFO] - Finding Test Object 'Object Repository/Menu/Ana_Menu'

2021-11-16 09:47:06 - [MESSAGE][INFO] - Checking timeout

2021-11-16 09:47:06 - [MESSAGE][INFO] - Finding web element with id: 'Object Repository/Menu/Ana_Menu' located by 'By.xpath: //*[@class = 'dropdown-toggle']' in '10' second(s)

2021-11-16 09:47:06 - [MESSAGE][INFO] - Smart Wait Function is triggered

2021-11-16 09:47:06 - [MESSAGE][INFO] - Found 14 web elements with id: 'Object Repository/Menu/Ana_Menu' located by 'By.xpath: //*[@class = 'dropdown-toggle']' in '10' second(s)

2021-11-16 09:47:06 - [MESSAGE][PASSED] - Method.TextDegerineEsitElementeTikla is PASSED

2021-11-16 09:47:06 - [MESSAGE][PASSED] - Call Test Case 'Test Cases/Menu/AnaMenuSecimi' successfully

2021-11-16 09:47:06 - [MESSAGE][INFO] - Checking called Test Case

2021-11-16 09:47:06 - [MESSAGE][INFO] - Starting to call Test Case 'Test Cases/Menu/BasligaGoreAltMenuSecimi'

2021-11-16 09:47:06 - [TEST_CASE][PASSED] - Test Cases/Menu/BasligaGoreAltMenuSecimi: Test Cases/Menu/BasligaGoreAltMenuSecimi

2021-11-16 09:47:06 - [TEST_STEP][PASSED] - Method.TextDegerineEsitElementinAltindakiTextDegerineEsitOlanaTikla(findTestObject("Menu/Menu_Basligi"), findTestObject("Menu/Basliga_Gore_Alt_Menu"), Baslik, Alt_Menu): Method.TextDegerineEsitElementinAltindakiTextDegerineEsitOlanaTikla is PASSED

2021-11-16 09:47:06 - [MESSAGE][INFO] - Finding Test Object 'Object Repository/Menu/Menu_Basligi'

2021-11-16 09:47:07 - [MESSAGE][INFO] - Finding Test Object 'Object Repository/Menu/Basliga_Gore_Alt_Menu'

2021-11-16 09:47:07 - [MESSAGE][INFO] - Checking timeout

2021-11-16 09:47:07 - [MESSAGE][INFO] - Finding web element with id: 'Object Repository/Menu/Menu_Basligi' located by 'By.xpath: //li[@class='dropdown dropdown-large open']//li[@class='dropdown-header']' in '10' second(s)

2021-11-16 09:47:07 - [MESSAGE][INFO] - Smart Wait Function is triggered

2021-11-16 09:47:07 - [MESSAGE][INFO] - Found 2 web elements with id: 'Object Repository/Menu/Menu_Basligi' located by 'By.xpath: //li[@class='dropdown dropdown-large open']//li[@class='dropdown-header']' in '10' second(s)

2021-11-16 09:47:07 - [MESSAGE][INFO] - Smart Wait Function is triggered

2021-11-16 09:47:14 - [MESSAGE][PASSED] - Method.TextDegerineEsitElementinAltindakiTextDegerineEsitOlanaTikla is PASSED

2021-11-16 09:47:14 - [MESSAGE][PASSED] - Call Test Case 'Test Cases/Menu/BasligaGoreAltMenuSecimi' successfully

2021-11-16 09:47:14 - [MESSAGE][INFO] - Checking called Test Case

2021-11-16 09:47:14 - [MESSAGE][INFO] - Starting to call Test Case 'Test Cases/Filtreler/BaslangicYaz'

2021-11-16 09:47:14 - [TEST_CASE][PASSED] - Test Cases/Filtreler/BaslangicYaz: Test Cases/Filtreler/BaslangicYaz

2021-11-16 09:47:14 - [TEST_STEP][PASSED] - Method.TextDegerineEsitElementinAltindakineTikla(findTestObject("Filtreler/Basliklar"), findTestObject("Filtreler/Basliga_Gore_Baslangic_Image"), Filtre_Adi): Method.TextDegerineEsitElementinAltindakineTikla is PASSED

2021-11-16 09:47:14 - [MESSAGE][INFO] - Finding Test Object 'Object Repository/Filtreler/Basliklar'

2021-11-16 09:47:14 - [MESSAGE][INFO] - Finding Test Object 'Object Repository/Filtreler/Basliga_Gore_Baslangic_Image'

2021-11-16 09:47:14 - [MESSAGE][INFO] - Checking timeout

2021-11-16 09:47:14 - [MESSAGE][INFO] - Finding web element with id: 'Object Repository/Filtreler/Basliklar' located by 'By.cssSelector: .control-label.col-sm-4.paddingMarginRLC' in '10' second(s)

2021-11-16 09:47:14 - [MESSAGE][INFO] - Smart Wait Function is triggered

2021-11-16 09:47:14 - [MESSAGE][INFO] - Found 7 web elements with id: 'Object Repository/Filtreler/Basliklar' located by 'By.cssSelector: .control-label.col-sm-4.paddingMarginRLC' in '10' second(s)

2021-11-16 09:47:14 - [MESSAGE][INFO] - Smart Wait Function is triggered

2021-11-16 09:47:15 - [MESSAGE][PASSED] - Method.TextDegerineEsitElementinAltindakineTikla is PASSED

2021-11-16 09:47:15 - [TEST_STEP][PASSED] - Method.TextDegerineEsitElementinAltindakiTextboxtaYaz(findTestObject("Filtreler/Basliklar"), findTestObject("Filtreler/Basliga_Gore_Baslangic"), Filtre_Adi, Filtre_Degeri): Method.TextDegerineEsitElementinAltindakiTextboxtaYaz is PASSED

2021-11-16 09:47:15 - [MESSAGE][INFO] - Finding Test Object 'Object Repository/Filtreler/Basliklar'

2021-11-16 09:47:15 - [MESSAGE][INFO] - Finding Test Object 'Object Repository/Filtreler/Basliga_Gore_Baslangic'

2021-11-16 09:47:15 - [MESSAGE][INFO] - Checking timeout

2021-11-16 09:47:15 - [MESSAGE][INFO] - Finding web element with id: 'Object Repository/Filtreler/Basliklar' located by 'By.cssSelector: .control-label.col-sm-4.paddingMarginRLC' in '10' second(s)

2021-11-16 09:47:15 - [MESSAGE][INFO] - Smart Wait Function is triggered

2021-11-16 09:47:15 - [MESSAGE][INFO] - Found 7 web elements with id: 'Object Repository/Filtreler/Basliklar' located by 'By.cssSelector: .control-label.col-sm-4.paddingMarginRLC' in '10' second(s)

2021-11-16 09:47:15 - [MESSAGE][INFO] - Smart Wait Function is triggered

2021-11-16 09:47:16 - [MESSAGE][PASSED] - Method.TextDegerineEsitElementinAltindakiTextboxtaYaz is PASSED

2021-11-16 09:47:16 - [MESSAGE][PASSED] - Call Test Case 'Test Cases/Filtreler/BaslangicYaz' successfully

2021-11-16 09:47:16 - [MESSAGE][INFO] - Checking called Test Case

2021-11-16 09:47:16 - [MESSAGE][INFO] - Starting to call Test Case 'Test Cases/Filtreler/BitisYaz'

2021-11-16 09:47:16 - [TEST_CASE][PASSED] - Test Cases/Filtreler/BitisYaz: Test Cases/Filtreler/BitisYaz

2021-11-16 09:47:16 - [TEST_STEP][PASSED] - Method.TextDegerineEsitElementinAltindakineTikla(findTestObject("Filtreler/Basliklar"), findTestObject("Filtreler/Basliga_Gore_Bitis_Image"), Filtre_Adi): Method.TextDegerineEsitElementinAltindakineTikla is PASSED

2021-11-16 09:47:16 - [MESSAGE][INFO] - Finding Test Object 'Object Repository/Filtreler/Basliklar'

2021-11-16 09:47:16 - [MESSAGE][INFO] - Finding Test Object 'Object Repository/Filtreler/Basliga_Gore_Bitis_Image'

2021-11-16 09:47:16 - [MESSAGE][INFO] - Checking timeout

2021-11-16 09:47:16 - [MESSAGE][INFO] - Finding web element with id: 'Object Repository/Filtreler/Basliklar' located by 'By.cssSelector: .control-label.col-sm-4.paddingMarginRLC' in '10' second(s)

2021-11-16 09:47:16 - [MESSAGE][INFO] - Smart Wait Function is triggered

2021-11-16 09:47:16 - [MESSAGE][INFO] - Found 7 web elements with id: 'Object Repository/Filtreler/Basliklar' located by 'By.cssSelector: .control-label.col-sm-4.paddingMarginRLC' in '10' second(s)

2021-11-16 09:47:16 - [MESSAGE][INFO] - Smart Wait Function is triggered

2021-11-16 09:47:16 - [MESSAGE][PASSED] - Method.TextDegerineEsitElementinAltindakineTikla is PASSED

2021-11-16 09:47:16 - [TEST_STEP][PASSED] - Method.TextDegerineEsitElementinAltindakiTextboxtaYaz(findTestObject("Filtreler/Basliklar"), findTestObject("Object Repository/Filtreler/Basliga_Gore_Bitis"), Filtre_Adi, Filtre_Degeri): Method.TextDegerineEsitElementinAltindakiTextboxtaYaz is PASSED

2021-11-16 09:47:16 - [MESSAGE][INFO] - Finding Test Object 'Object Repository/Filtreler/Basliklar'

2021-11-16 09:47:16 - [MESSAGE][INFO] - Finding Test Object 'Object Repository/Filtreler/Basliga_Gore_Bitis'

2021-11-16 09:47:17 - [MESSAGE][INFO] - Checking timeout

2021-11-16 09:47:17 - [MESSAGE][INFO] - Finding web element with id: 'Object Repository/Filtreler/Basliklar' located by 'By.cssSelector: .control-label.col-sm-4.paddingMarginRLC' in '10' second(s)

2021-11-16 09:47:17 - [MESSAGE][INFO] - Smart Wait Function is triggered

2021-11-16 09:47:17 - [MESSAGE][INFO] - Found 7 web elements with id: 'Object Repository/Filtreler/Basliklar' located by 'By.cssSelector: .control-label.col-sm-4.paddingMarginRLC' in '10' second(s)

2021-11-16 09:47:17 - [MESSAGE][INFO] - Smart Wait Function is triggered

2021-11-16 09:47:17 - [MESSAGE][PASSED] - Method.TextDegerineEsitElementinAltindakiTextboxtaYaz is PASSED

2021-11-16 09:47:17 - [MESSAGE][PASSED] - Call Test Case 'Test Cases/Filtreler/BitisYaz' successfully

2021-11-16 09:47:17 - [MESSAGE][INFO] - Checking called Test Case

2021-11-16 09:47:17 - [MESSAGE][INFO] - Starting to call Test Case 'Test Cases/Filtreler/ButonaTikla'

2021-11-16 09:47:17 - [TEST_CASE][PASSED] - Test Cases/Filtreler/ButonaTikla: Test Cases/Filtreler/ButonaTikla

2021-11-16 09:47:17 - [TEST_STEP][PASSED] - Method.TextDegerineEsitElementeTikla(findTestObject("Filtreler/Butonlar"), Filtre_Buton): Method.TextDegerineEsitElementeTikla is PASSED

2021-11-16 09:47:17 - [MESSAGE][INFO] - Finding Test Object 'Object Repository/Filtreler/Butonlar'

2021-11-16 09:47:18 - [MESSAGE][INFO] - Checking timeout

2021-11-16 09:47:18 - [MESSAGE][INFO] - Finding web element with id: 'Object Repository/Filtreler/Butonlar' located by 'By.cssSelector: .dxb>span' in '10' second(s)

2021-11-16 09:47:18 - [MESSAGE][INFO] - Smart Wait Function is triggered

2021-11-16 09:47:18 - [MESSAGE][INFO] - Found 2 web elements with id: 'Object Repository/Filtreler/Butonlar' located by 'By.cssSelector: .dxb>span' in '10' second(s)

2021-11-16 09:47:18 - [MESSAGE][PASSED] - Method.TextDegerineEsitElementeTikla is PASSED

2021-11-16 09:47:18 - [MESSAGE][PASSED] - Call Test Case 'Test Cases/Filtreler/ButonaTikla' successfully

2021-11-16 09:47:18 - [MESSAGE][INFO] - Checking called Test Case

2021-11-16 09:47:18 - [MESSAGE][INFO] - Starting to call Test Case 'Test Cases/Tablo/TablodaVeriVarMi'

2021-11-16 09:47:18 - [TEST_CASE][PASSED] - Test Cases/Tablo/TablodaVeriVarMi: Test Cases/Tablo/TablodaVeriVarMi

2021-11-16 09:47:18 - [TEST_STEP][PASSED] - verifyTextNotPresent("Görüntülenecek veri yok", true): Text 'Görüntülenecek veri yok' is not present on page using regular expression

2021-11-16 09:47:18 - [MESSAGE][INFO] - Checking text present  using regular expression

2021-11-16 09:47:18 - [MESSAGE][INFO] - Smart Wait Function is triggered

2021-11-16 09:47:19 - [MESSAGE][INFO] - Finding text 'Görüntülenecek veri yok' on page  using regular expression

2021-11-16 09:47:19 - [MESSAGE][PASSED] - Text 'Görüntülenecek veri yok' is not present on page using regular expression

2021-11-16 09:47:19 - [MESSAGE][PASSED] - Call Test Case 'Test Cases/Tablo/TablodaVeriVarMi' successfully

2021-11-16 09:47:19 - [MESSAGE][INFO] - Checking called Test Case

2021-11-16 09:47:19 - [MESSAGE][INFO] - Starting to call Test Case 'Test Cases/Tablo/TablodanVeriyeTiklanir'

2021-11-16 09:47:19 - [TEST_CASE][PASSED] - Test Cases/Tablo/TablodanVeriyeTiklanir: Test Cases/Tablo/TablodanVeriyeTiklanir

2021-11-16 09:47:19 - [TEST_STEP][PASSED] - Method.TextDegerineEsitElementeTikla(findTestObject("Tablo/Veriler"), VeriAdi): Method.TextDegerineEsitElementeTikla is PASSED

2021-11-16 09:47:19 - [MESSAGE][INFO] - Finding Test Object 'Object Repository/Tablo/Veriler'

2021-11-16 09:47:19 - [MESSAGE][INFO] - Checking timeout

2021-11-16 09:47:19 - [MESSAGE][INFO] - Finding web element with id: 'Object Repository/Tablo/Veriler' located by 'By.cssSelector: td.dxgv b ,td.dxgv' in '10' second(s)

2021-11-16 09:47:19 - [MESSAGE][INFO] - Smart Wait Function is triggered

2021-11-16 09:47:19 - [MESSAGE][INFO] - Found 8 web elements with id: 'Object Repository/Tablo/Veriler' located by 'By.cssSelector: td.dxgv b ,td.dxgv' in '10' second(s)

2021-11-16 09:47:19 - [MESSAGE][PASSED] - Method.TextDegerineEsitElementeTikla is PASSED

2021-11-16 09:47:19 - [MESSAGE][PASSED] - Call Test Case 'Test Cases/Tablo/TablodanVeriyeTiklanir' successfully

2021-11-16 09:47:19 - [MESSAGE][INFO] - Checking called Test Case

2021-11-16 09:47:19 - [MESSAGE][INFO] - Starting to call Test Case 'Test Cases/Butonlar/ButonaTikla'

2021-11-16 09:47:19 - [TEST_CASE][PASSED] - Test Cases/Butonlar/ButonaTikla: Test Cases/Butonlar/ButonaTikla

2021-11-16 09:47:19 - [TEST_STEP][PASSED] - Method.TextDegerineEsitElementeTiklaEquals(findTestObject("Butonlar/Butonlar"), Buton_Adi): Method.TextDegerineEsitElementeTiklaEquals is PASSED

2021-11-16 09:47:19 - [MESSAGE][INFO] - Finding Test Object 'Object Repository/Butonlar/Butonlar'

2021-11-16 09:47:19 - [MESSAGE][INFO] - Checking timeout

2021-11-16 09:47:19 - [MESSAGE][INFO] - Finding web element with id: 'Object Repository/Butonlar/Butonlar' located by 'By.cssSelector: .panel.panel-default.text-center.footerPanel .btn,.btn.btn-primary.btnControls' in '10' second(s)

2021-11-16 09:47:19 - [MESSAGE][INFO] - Smart Wait Function is triggered

2021-11-16 09:47:20 - [MESSAGE][INFO] - Found 7 web elements with id: 'Object Repository/Butonlar/Butonlar' located by 'By.cssSelector: .panel.panel-default.text-center.footerPanel .btn,.btn.btn-primary.btnControls' in '10' second(s)

2021-11-16 09:47:20 - [MESSAGE][PASSED] - Method.TextDegerineEsitElementeTiklaEquals is PASSED

2021-11-16 09:47:20 - [MESSAGE][PASSED] - Call Test Case 'Test Cases/Butonlar/ButonaTikla' successfully

2021-11-16 09:47:20 - [MESSAGE][INFO] - Checking called Test Case

2021-11-16 09:47:20 - [MESSAGE][INFO] - Starting to call Test Case 'Test Cases/Popup/PopupMesajiIceriyorMu'

2021-11-16 09:47:20 - [TEST_CASE][PASSED] - Test Cases/Popup/PopupMesajiIceriyorMu: Test Cases/Popup/PopupMesajiIceriyorMu

2021-11-16 09:47:20 - [TEST_STEP][PASSED] - waitForElementVisible(findTestObject("Popup/Popup"), 10): Object 'Object Repository/Popup/Popup' is visible

2021-11-16 09:47:20 - [MESSAGE][INFO] - Finding Test Object 'Object Repository/Popup/Popup'

2021-11-16 09:47:20 - [MESSAGE][INFO] - Checking object

2021-11-16 09:47:20 - [MESSAGE][INFO] - Checking timeout

2021-11-16 09:47:20 - [MESSAGE][INFO] - Finding web element from Test Object's properties

2021-11-16 09:47:20 - [MESSAGE][INFO] - Checking timeout

2021-11-16 09:47:20 - [MESSAGE][INFO] - Finding web element with id: 'Object Repository/Popup/Popup' located by 'By.cssSelector: .bootbox-body' in '10' second(s)

2021-11-16 09:47:20 - [MESSAGE][INFO] - Smart Wait Function is triggered

2021-11-16 09:47:21 - [MESSAGE][INFO] - Found 1 web elements with id: 'Object Repository/Popup/Popup' located by 'By.cssSelector: .bootbox-body' in '10' second(s)

2021-11-16 09:47:21 - [MESSAGE][PASSED] - Object 'Object Repository/Popup/Popup' is visible

2021-11-16 09:47:21 - [TEST_STEP][PASSED] - if (!(getText(findTestObject("Popup/Popup")).contains(Mesaj))): Text of object 'Object Repository/Popup/Popup' is: 'Seçilen tasarım silinecektir, Onaylıyor musunuz ?'

2021-11-16 09:47:21 - [MESSAGE][INFO] - Finding Test Object 'Object Repository/Popup/Popup'

2021-11-16 09:47:21 - [MESSAGE][INFO] - Checking object

2021-11-16 09:47:21 - [MESSAGE][INFO] - Finding web element from Test Object's properties

2021-11-16 09:47:21 - [MESSAGE][INFO] - Checking timeout

2021-11-16 09:47:21 - [MESSAGE][INFO] - Finding web element with id: 'Object Repository/Popup/Popup' located by 'By.cssSelector: .bootbox-body' in '30' second(s)

2021-11-16 09:47:21 - [MESSAGE][INFO] - Smart Wait Function is triggered

2021-11-16 09:47:21 - [MESSAGE][INFO] - Found 1 web elements with id: 'Object Repository/Popup/Popup' located by 'By.cssSelector: .bootbox-body' in '30' second(s)

2021-11-16 09:47:21 - [MESSAGE][INFO] - Getting text of object 'Object Repository/Popup/Popup'

2021-11-16 09:47:21 - [MESSAGE][PASSED] - Text of object 'Object Repository/Popup/Popup' is: 'Seçilen tasarım silinecektir, Onaylıyor musunuz ?'

2021-11-16 09:47:21 - [TEST_STEP][PASSED] - RaporNo = getText(findTestObject("Popup/Popup")).substring(0, 6): Text of object 'Object Repository/Popup/Popup' is: 'Seçilen tasarım silinecektir, Onaylıyor musunuz ?'

2021-11-16 09:47:21 - [MESSAGE][INFO] - Finding Test Object 'Object Repository/Popup/Popup'

2021-11-16 09:47:21 - [MESSAGE][INFO] - Checking object

2021-11-16 09:47:21 - [MESSAGE][INFO] - Finding web element from Test Object's properties

2021-11-16 09:47:21 - [MESSAGE][INFO] - Checking timeout

2021-11-16 09:47:21 - [MESSAGE][INFO] - Finding web element with id: 'Object Repository/Popup/Popup' located by 'By.cssSelector: .bootbox-body' in '30' second(s)

2021-11-16 09:47:21 - [MESSAGE][INFO] - Smart Wait Function is triggered

2021-11-16 09:47:22 - [MESSAGE][INFO] - Found 1 web elements with id: 'Object Repository/Popup/Popup' located by 'By.cssSelector: .bootbox-body' in '30' second(s)

2021-11-16 09:47:22 - [MESSAGE][INFO] - Getting text of object 'Object Repository/Popup/Popup'

2021-11-16 09:47:22 - [MESSAGE][PASSED] - Text of object 'Object Repository/Popup/Popup' is: 'Seçilen tasarım silinecektir, Onaylıyor musunuz ?'

2021-11-16 09:47:22 - [TEST_STEP][PASSED] - Console.println(RaporNo): null

2021-11-16 09:47:22 - [MESSAGE][PASSED] - Call Test Case 'Test Cases/Popup/PopupMesajiIceriyorMu' successfully

2021-11-16 09:47:22 - [MESSAGE][INFO] - Checking called Test Case

2021-11-16 09:47:22 - [MESSAGE][INFO] - Starting to call Test Case 'Test Cases/Popup/PopupButonSecilir'

2021-11-16 09:47:22 - [TEST_CASE][PASSED] - Test Cases/Popup/PopupButonSecilir: Test Cases/Popup/PopupButonSecilir

2021-11-16 09:47:22 - [TEST_STEP][PASSED] - Method.TextDegerineEsitElementeTikla(findTestObject("Popup/Popup_Butons"), Buton): Method.TextDegerineEsitElementeTikla is PASSED

2021-11-16 09:47:22 - [MESSAGE][INFO] - Finding Test Object 'Object Repository/Popup/Popup_Butons'

2021-11-16 09:47:22 - [MESSAGE][INFO] - Checking timeout

2021-11-16 09:47:22 - [MESSAGE][INFO] - Finding web element with id: 'Object Repository/Popup/Popup_Butons' located by 'By.cssSelector: .modal-footer>button' in '10' second(s)

2021-11-16 09:47:22 - [MESSAGE][INFO] - Smart Wait Function is triggered

2021-11-16 09:47:22 - [MESSAGE][INFO] - Found 2 web elements with id: 'Object Repository/Popup/Popup_Butons' located by 'By.cssSelector: .modal-footer>button' in '10' second(s)

2021-11-16 09:47:22 - [MESSAGE][PASSED] - Method.TextDegerineEsitElementeTikla is PASSED

2021-11-16 09:47:22 - [MESSAGE][PASSED] - Call Test Case 'Test Cases/Popup/PopupButonSecilir' successfully

2021-11-16 09:47:22 - [MESSAGE][INFO] - Checking called Test Case

2021-11-16 09:47:22 - [MESSAGE][INFO] - Starting to call Test Case 'Test Cases/Kullanici_Islemleri/KullaniciIslemlerindenSecimYapilir'

2021-11-16 09:47:22 - [TEST_CASE][PASSED] - Test Cases/Kullanici_Islemleri/KullaniciIslemlerindenSecimYapilir: Test Cases/Kullanici_Islemleri/KullaniciIslemlerindenSecimYapilir

2021-11-16 09:47:22 - [TEST_STEP][PASSED] - waitForElementClickable(findTestObject("Object Repository/Kullanici_Islemleri/KullaniciIslemleri"), 10): Object 'Object Repository/Kullanici_Islemleri/KullaniciIslemleri' is clickable

2021-11-16 09:47:22 - [MESSAGE][INFO] - Finding Test Object 'Object Repository/Kullanici_Islemleri/KullaniciIslemleri'

2021-11-16 09:47:22 - [MESSAGE][INFO] - Checking object

2021-11-16 09:47:22 - [MESSAGE][INFO] - Checking timeout

2021-11-16 09:47:22 - [MESSAGE][INFO] - Finding web element from Test Object's properties

2021-11-16 09:47:22 - [MESSAGE][INFO] - Checking timeout

2021-11-16 09:47:22 - [MESSAGE][INFO] - Finding web element with id: 'Object Repository/Kullanici_Islemleri/KullaniciIslemleri' located by 'By.cssSelector: .dropdown>a>img' in '10' second(s)

2021-11-16 09:47:22 - [MESSAGE][INFO] - Smart Wait Function is triggered

2021-11-16 09:47:23 - [MESSAGE][INFO] - Found 1 web elements with id: 'Object Repository/Kullanici_Islemleri/KullaniciIslemleri' located by 'By.cssSelector: .dropdown>a>img' in '10' second(s)

2021-11-16 09:47:23 - [MESSAGE][PASSED] - Object 'Object Repository/Kullanici_Islemleri/KullaniciIslemleri' is clickable

2021-11-16 09:47:23 - [TEST_STEP][PASSED] - click(findTestObject("Object Repository/Kullanici_Islemleri/KullaniciIslemleri")): Object: 'Object Repository/Kullanici_Islemleri/KullaniciIslemleri' is clicked on

2021-11-16 09:47:23 - [MESSAGE][INFO] - Finding Test Object 'Object Repository/Kullanici_Islemleri/KullaniciIslemleri'

2021-11-16 09:47:23 - [MESSAGE][INFO] - Checking object

2021-11-16 09:47:23 - [MESSAGE][INFO] - Finding web element from Test Object's properties

2021-11-16 09:47:23 - [MESSAGE][INFO] - Checking timeout

2021-11-16 09:47:23 - [MESSAGE][INFO] - Finding web element with id: 'Object Repository/Kullanici_Islemleri/KullaniciIslemleri' located by 'By.cssSelector: .dropdown>a>img' in '30' second(s)

2021-11-16 09:47:23 - [MESSAGE][INFO] - Smart Wait Function is triggered

2021-11-16 09:47:23 - [MESSAGE][INFO] - Found 1 web elements with id: 'Object Repository/Kullanici_Islemleri/KullaniciIslemleri' located by 'By.cssSelector: .dropdown>a>img' in '30' second(s)

2021-11-16 09:47:23 - [MESSAGE][INFO] - Clicking on object: 'Object Repository/Kullanici_Islemleri/KullaniciIslemleri'

2021-11-16 09:47:23 - [MESSAGE][PASSED] - Object: 'Object Repository/Kullanici_Islemleri/KullaniciIslemleri' is clicked on

2021-11-16 09:47:23 - [TEST_STEP][PASSED] - Method.TextDegerineEsitElementeTikla(findTestObject("Object Repository/Kullanici_Islemleri/Secenekler"), Islem): Method.TextDegerineEsitElementeTikla is PASSED

2021-11-16 09:47:23 - [MESSAGE][INFO] - Finding Test Object 'Object Repository/Kullanici_Islemleri/Secenekler'

2021-11-16 09:47:23 - [MESSAGE][INFO] - Checking timeout

2021-11-16 09:47:23 - [MESSAGE][INFO] - Finding web element with id: 'Object Repository/Kullanici_Islemleri/Secenekler' located by 'By.cssSelector: .nav.navbar-nav.navbar-right li a' in '10' second(s)

2021-11-16 09:47:23 - [MESSAGE][INFO] - Smart Wait Function is triggered

2021-11-16 09:47:23 - [MESSAGE][INFO] - Found 22 web elements with id: 'Object Repository/Kullanici_Islemleri/Secenekler' located by 'By.cssSelector: .nav.navbar-nav.navbar-right li a' in '10' second(s)

2021-11-16 09:47:24 - [MESSAGE][PASSED] - Method.TextDegerineEsitElementeTikla is PASSED

2021-11-16 09:47:24 - [TEST_STEP][PASSED] - verifyElementNotPresent(findTestObject("Object Repository/Kullanici_Islemleri/Secenekler"), 10): Web element with id: 'Object Repository/Kullanici_Islemleri/Secenekler' located by 'By.cssSelector: .nav.navbar-nav.navbar-right li a' is not present after '10' second(s)

2021-11-16 09:47:24 - [MESSAGE][INFO] - Finding Test Object 'Object Repository/Kullanici_Islemleri/Secenekler'

2021-11-16 09:47:24 - [MESSAGE][INFO] - Checking object

2021-11-16 09:47:24 - [MESSAGE][INFO] - Checking timeout

2021-11-16 09:47:24 - [MESSAGE][INFO] - Finding web element with id: 'Object Repository/Kullanici_Islemleri/Secenekler' located by 'By.cssSelector: .nav.navbar-nav.navbar-right li a' in '10' second(s)

2021-11-16 09:47:24 - [MESSAGE][INFO] - Smart Wait Function is triggered

2021-11-16 09:47:25 - [MESSAGE][PASSED] - Web element with id: 'Object Repository/Kullanici_Islemleri/Secenekler' located by 'By.cssSelector: .nav.navbar-nav.navbar-right li a' is not present after '10' second(s)

2021-11-16 09:47:25 - [MESSAGE][PASSED] - Call Test Case 'Test Cases/Kullanici_Islemleri/KullaniciIslemlerindenSecimYapilir' successfully

2021-11-16 09:47:25 - [TEST_CASE][PASSED] - Start Test Case : SCENARIO Tasarim Araclari Sil: SCENARIO Tasarim Araclari Sil

2021-11-16 09:47:25 - [TEST_STEP][PASSED] - Kullanıcı adı ELOGO6 ve Şifre 123456 olarak giriş yapılır: Kullanıcı adı ELOGO6 ve Şifre 123456 olarak giriş yapılır

2021-11-16 09:47:25 - [MESSAGE][PASSED] - Kullanıcı adı ELOGO6 ve Şifre 123456 olarak giriş yapılır

2021-11-16 09:47:25 - [TEST_STEP][PASSED] - Ana menüden Ayarlar seçilir: Ana menüden Ayarlar seçilir

2021-11-16 09:47:25 - [MESSAGE][PASSED] - Ana menüden Ayarlar seçilir

2021-11-16 09:47:25 - [TEST_STEP][PASSED] - Alt menü Görsel Tasarımlar başlığı altındaki Tasarım Araçları seçilir: Alt menü Görsel Tasarımlar başlığı altındaki Tasarım Araçları seçilir

2021-11-16 09:47:25 - [MESSAGE][PASSED] - Alt menü Görsel Tasarımlar başlığı altındaki Tasarım Araçları seçilir

2021-11-16 09:47:25 - [TEST_STEP][PASSED] - Filtrelerden Oluşturma Zamanı filtresine 01.08.2017 baslangic degerini yaz: Filtrelerden Oluşturma Zamanı filtresine 01.08.2017 baslangic degerini yaz

2021-11-16 09:47:25 - [MESSAGE][PASSED] - Filtrelerden Oluşturma Zamanı filtresine 01.08.2017 baslangic degerini yaz

2021-11-16 09:47:25 - [TEST_STEP][PASSED] - Filtrelerden Oluşturma Zamanı filtresine 31.08.2017 bitis degerini yaz: Filtrelerden Oluşturma Zamanı filtresine 31.08.2017 bitis degerini yaz

2021-11-16 09:47:25 - [MESSAGE][PASSED] - Filtrelerden Oluşturma Zamanı filtresine 31.08.2017 bitis degerini yaz

2021-11-16 09:47:25 - [TEST_STEP][PASSED] - Filtre butonlarından Listele seçilir: Filtre butonlarından Listele seçilir

2021-11-16 09:47:25 - [MESSAGE][PASSED] - Filtre butonlarından Listele seçilir

2021-11-16 09:47:25 - [TEST_STEP][PASSED] - Tabloda veri var mı kontrol edilir: Tabloda veri var mı kontrol edilir

2021-11-16 09:47:25 - [MESSAGE][PASSED] - Tabloda veri var mı kontrol edilir

2021-11-16 09:47:25 - [TEST_STEP][PASSED] - Tablodaki 8895 ünvanlı veriye tıklanır: Tablodaki 8895 ünvanlı veriye tıklanır

2021-11-16 09:47:25 - [MESSAGE][PASSED] - Tablodaki 8895 ünvanlı veriye tıklanır

2021-11-16 09:47:25 - [TEST_STEP][PASSED] - Butonlardan Sil isimli butona tıklanır: Butonlardan Sil isimli butona tıklanır

2021-11-16 09:47:25 - [MESSAGE][PASSED] - Butonlardan Sil isimli butona tıklanır

2021-11-16 09:47:25 - [TEST_STEP][PASSED] - Popup mesajı Seçilen tasarım silinecektir, Onaylıyor musunuz ? içeriyor mu: Popup mesajı Seçilen tasarım silinecektir, Onaylıyor musunuz ? içeriyor mu

2021-11-16 09:47:25 - [MESSAGE][PASSED] - Popup mesajı Seçilen tasarım silinecektir, Onaylıyor musunuz ? içeriyor mu

2021-11-16 09:47:25 - [TEST_STEP][PASSED] - Yönetim popupında Hayır seçilir: Yönetim popupında Hayır seçilir

2021-11-16 09:47:25 - [MESSAGE][PASSED] - Yönetim popupında Hayır seçilir

2021-11-16 09:47:25 - [TEST_STEP][PASSED] - Kullanıcı işlemlerinden Çıkış seçilir: Kullanıcı işlemlerinden Çıkış seçilir

2021-11-16 09:47:25 - [MESSAGE][PASSED] - Kullanıcı işlemlerinden Çıkış seçilir

2021-11-16 09:47:25 - [MESSAGE][PASSED] - Feature file: 'Include/features/Ayarlar/Gorsel Tasarimlar/Tasarim Araclari/Sil.feature' was passed

2021-11-16 09:47:25 - [TEST_STEP][PASSED] - Start listener action : sampleAfterTestSuite: Invoke 'com.kms.katalon.core.annotation.AfterTestCase' method: 'Listener.sampleAfterTestSuite(...)' completed.

2021-11-16 09:47:25 - [MESSAGE][INFO] - Starting invoke 'com.kms.katalon.core.annotation.AfterTestCase' method: 'Listener.sampleAfterTestSuite(...)'

2021-11-16 09:47:25 - [TEST_STEP][PASSED] - closeBrowser(): Invoke 'com.kms.katalon.core.annotation.AfterTestCase' method: 'Listener.sampleAfterTestSuite(...)' completed.

2021-11-16 09:47:25 - [MESSAGE][INFO] - Closing browser

2021-11-16 09:47:26 - [MESSAGE][PASSED] - Browser is closed

2021-11-16 09:47:26 - [MESSAGE][INFO] - Invoke 'com.kms.katalon.core.annotation.AfterTestCase' method: 'Listener.sampleAfterTestSuite(...)' completed.]]></system-out>
         <system-err><![CDATA[]]></system-err>
      </testcase>
      <testcase name="Test Cases/Case Repository/Ayarlar/Gorsel Tasarim/Tasarim Araclari/Yukle e-Fatura" time="35.38" classname="Test Cases/Case Repository/Ayarlar/Gorsel Tasarim/Tasarim Araclari/Yukle e-Fatura" status="FAILED">
         <failure type="FAILED" message="Test Cases/Case Repository/Ayarlar/Gorsel Tasarim/Tasarim Araclari/Yukle e-Fatura FAILED.
Reason:
com.kms.katalon.core.exception.StepFailedException: Feature file 'Include/features/Ayarlar/Gorsel Tasarimlar/Tasarim Araclari/Yukle e-Fatura.feature' was failed
	at com.kms.katalon.core.keyword.internal.KeywordMain.stepFailed(KeywordMain.groovy:50)
	at com.kms.katalon.core.keyword.internal.KeywordMain.stepFailed(KeywordMain.groovy)
	at com.kms.katalon.core.keyword.internal.KeywordMain.stepFailed(KeywordMain.groovy:23)
	at com.kms.katalon.core.keyword.internal.KeywordMain$stepFailed$0.call(Unknown Source)
	at com.kms.katalon.core.cucumber.keyword.CucumberBuiltinKeywords$_runFeatureFile_closure1.doCall(CucumberBuiltinKeywords.groovy:112)
	at com.kms.katalon.core.cucumber.keyword.CucumberBuiltinKeywords$_runFeatureFile_closure1.doCall(CucumberBuiltinKeywords.groovy)
	at com.kms.katalon.core.keyword.internal.KeywordMain.runKeyword(KeywordMain.groovy:68)
	at com.kms.katalon.core.keyword.internal.KeywordMain$runKeyword.call(Unknown Source)
	at com.kms.katalon.core.cucumber.keyword.CucumberBuiltinKeywords.runFeatureFile(CucumberBuiltinKeywords.groovy:73)
	at com.kms.katalon.core.cucumber.keyword.CucumberBuiltinKeywords$runFeatureFile$0.callStatic(Unknown Source)
	at com.kms.katalon.core.cucumber.keyword.CucumberBuiltinKeywords.runFeatureFile(CucumberBuiltinKeywords.groovy:246)
	at com.kms.katalon.core.cucumber.keyword.CucumberBuiltinKeywords$runFeatureFile.call(Unknown Source)
	at Yukle e-Fatura.run(Yukle e-Fatura:19)
	at com.kms.katalon.core.main.ScriptEngine.run(ScriptEngine.java:194)
	at com.kms.katalon.core.main.ScriptEngine.runScriptAsRawText(ScriptEngine.java:119)
	at com.kms.katalon.core.main.TestCaseExecutor.runScript(TestCaseExecutor.java:369)
	at com.kms.katalon.core.main.TestCaseExecutor.doExecute(TestCaseExecutor.java:360)
	at com.kms.katalon.core.main.TestCaseExecutor.processExecutionPhase(TestCaseExecutor.java:339)
	at com.kms.katalon.core.main.TestCaseExecutor.accessMainPhase(TestCaseExecutor.java:331)
	at com.kms.katalon.core.main.TestCaseExecutor.execute(TestCaseExecutor.java:248)
	at com.kms.katalon.core.main.TestSuiteExecutor.accessTestCaseMainPhase(TestSuiteExecutor.java:191)
	at com.kms.katalon.core.main.TestSuiteExecutor.accessTestSuiteMainPhase(TestSuiteExecutor.java:140)
	at com.kms.katalon.core.main.TestSuiteExecutor.execute(TestSuiteExecutor.java:89)
	at com.kms.katalon.core.main.TestCaseMain.startTestSuite(TestCaseMain.java:181)
	at com.kms.katalon.core.main.TestCaseMain$startTestSuite$0.call(Unknown Source)
	at TempTestSuite1637042483031.run(TempTestSuite1637042483031.groovy:39)
"/>
         <system-out><![CDATA[2021-11-16 09:47:26 - [TEST_CASE][FAILED] - Test Cases/Case Repository/Ayarlar/Gorsel Tasarim/Tasarim Araclari/Yukle e-Fatura: Test Cases/Case Repository/Ayarlar/Gorsel Tasarim/Tasarim Araclari/Yukle e-Fatura FAILED.
Reason:
com.kms.katalon.core.exception.StepFailedException: Feature file 'Include/features/Ayarlar/Gorsel Tasarimlar/Tasarim Araclari/Yukle e-Fatura.feature' was failed
	at com.kms.katalon.core.keyword.internal.KeywordMain.stepFailed(KeywordMain.groovy:50)
	at com.kms.katalon.core.keyword.internal.KeywordMain.stepFailed(KeywordMain.groovy)
	at com.kms.katalon.core.keyword.internal.KeywordMain.stepFailed(KeywordMain.groovy:23)
	at com.kms.katalon.core.keyword.internal.KeywordMain$stepFailed$0.call(Unknown Source)
	at com.kms.katalon.core.cucumber.keyword.CucumberBuiltinKeywords$_runFeatureFile_closure1.doCall(CucumberBuiltinKeywords.groovy:112)
	at com.kms.katalon.core.cucumber.keyword.CucumberBuiltinKeywords$_runFeatureFile_closure1.doCall(CucumberBuiltinKeywords.groovy)
	at com.kms.katalon.core.keyword.internal.KeywordMain.runKeyword(KeywordMain.groovy:68)
	at com.kms.katalon.core.keyword.internal.KeywordMain$runKeyword.call(Unknown Source)
	at com.kms.katalon.core.cucumber.keyword.CucumberBuiltinKeywords.runFeatureFile(CucumberBuiltinKeywords.groovy:73)
	at com.kms.katalon.core.cucumber.keyword.CucumberBuiltinKeywords$runFeatureFile$0.callStatic(Unknown Source)
	at com.kms.katalon.core.cucumber.keyword.CucumberBuiltinKeywords.runFeatureFile(CucumberBuiltinKeywords.groovy:246)
	at com.kms.katalon.core.cucumber.keyword.CucumberBuiltinKeywords$runFeatureFile.call(Unknown Source)
	at Yukle e-Fatura.run(Yukle e-Fatura:19)
	at com.kms.katalon.core.main.ScriptEngine.run(ScriptEngine.java:194)
	at com.kms.katalon.core.main.ScriptEngine.runScriptAsRawText(ScriptEngine.java:119)
	at com.kms.katalon.core.main.TestCaseExecutor.runScript(TestCaseExecutor.java:369)
	at com.kms.katalon.core.main.TestCaseExecutor.doExecute(TestCaseExecutor.java:360)
	at com.kms.katalon.core.main.TestCaseExecutor.processExecutionPhase(TestCaseExecutor.java:339)
	at com.kms.katalon.core.main.TestCaseExecutor.accessMainPhase(TestCaseExecutor.java:331)
	at com.kms.katalon.core.main.TestCaseExecutor.execute(TestCaseExecutor.java:248)
	at com.kms.katalon.core.main.TestSuiteExecutor.accessTestCaseMainPhase(TestSuiteExecutor.java:191)
	at com.kms.katalon.core.main.TestSuiteExecutor.accessTestSuiteMainPhase(TestSuiteExecutor.java:140)
	at com.kms.katalon.core.main.TestSuiteExecutor.execute(TestSuiteExecutor.java:89)
	at com.kms.katalon.core.main.TestCaseMain.startTestSuite(TestCaseMain.java:181)
	at com.kms.katalon.core.main.TestCaseMain$startTestSuite$0.call(Unknown Source)
	at TempTestSuite1637042483031.run(TempTestSuite1637042483031.groovy:39)


2021-11-16 09:47:26 - [TEST_STEP][PASSED] - Start listener action : sampleBeforeTestSuite: Invoke 'com.kms.katalon.core.annotation.BeforeTestCase' method: 'Listener.sampleBeforeTestSuite(...)' completed.

2021-11-16 09:47:26 - [MESSAGE][INFO] - Starting invoke 'com.kms.katalon.core.annotation.BeforeTestCase' method: 'Listener.sampleBeforeTestSuite(...)'

2021-11-16 09:47:26 - [TEST_STEP][PASSED] - openBrowser(baseUrl): Browser is opened with url: 'https://efatura-stage.elogo.com.tr/'

2021-11-16 09:47:26 - [MESSAGE][INFO] - Opening browser

2021-11-16 09:47:26 - [MESSAGE][INFO] - Starting 'Chrome' driver

2021-11-16 09:47:26 - [MESSAGE][INFO] - User set preference: ['prefs', '{download.default_directory=C:\otomasyondownfiles}']

2021-11-16 09:47:26 - [MESSAGE][INFO] - Action delay is set to 0 milliseconds

2021-11-16 09:47:27 - [MESSAGE][INFO] - Navigating browser to: 'https://efatura-stage.elogo.com.tr/'

2021-11-16 09:47:29 - [MESSAGE][PASSED] - Browser is opened with url: 'https://efatura-stage.elogo.com.tr/'

2021-11-16 09:47:29 - [TEST_STEP][PASSED] - maximizeWindow(): Invoke 'com.kms.katalon.core.annotation.BeforeTestCase' method: 'Listener.sampleBeforeTestSuite(...)' completed.

2021-11-16 09:47:29 - [MESSAGE][INFO] - Maximizing current window

2021-11-16 09:47:29 - [MESSAGE][PASSED] - Current window maximized

2021-11-16 09:47:29 - [MESSAGE][INFO] - Invoke 'com.kms.katalon.core.annotation.BeforeTestCase' method: 'Listener.sampleBeforeTestSuite(...)' completed.

2021-11-16 09:47:30 - [TEST_STEP][FAILED] - runFeatureFile("Include/features/Ayarlar/Gorsel Tasarimlar/Tasarim Araclari/Yukle e-Fatura.feature"): Keyword runFeatureFile was failed (Root cause: com.kms.katalon.core.exception.StepFailedException: Feature file 'Include/features/Ayarlar/Gorsel Tasarimlar/Tasarim Araclari/Yukle e-Fatura.feature' was failed
	at com.kms.katalon.core.keyword.internal.KeywordMain.stepFailed(KeywordMain.groovy:50)
	at com.kms.katalon.core.keyword.internal.KeywordMain.stepFailed(KeywordMain.groovy)
	at com.kms.katalon.core.keyword.internal.KeywordMain.stepFailed(KeywordMain.groovy:23)
	at com.kms.katalon.core.keyword.internal.KeywordMain$stepFailed$0.call(Unknown Source)
	at com.kms.katalon.core.cucumber.keyword.CucumberBuiltinKeywords$_runFeatureFile_closure1.doCall(CucumberBuiltinKeywords.groovy:112)
	at com.kms.katalon.core.cucumber.keyword.CucumberBuiltinKeywords$_runFeatureFile_closure1.doCall(CucumberBuiltinKeywords.groovy)
	at com.kms.katalon.core.keyword.internal.KeywordMain.runKeyword(KeywordMain.groovy:68)
	at com.kms.katalon.core.keyword.internal.KeywordMain$runKeyword.call(Unknown Source)
	at com.kms.katalon.core.cucumber.keyword.CucumberBuiltinKeywords.runFeatureFile(CucumberBuiltinKeywords.groovy:73)
	at com.kms.katalon.core.cucumber.keyword.CucumberBuiltinKeywords$runFeatureFile$0.callStatic(Unknown Source)
	at com.kms.katalon.core.cucumber.keyword.CucumberBuiltinKeywords.runFeatureFile(CucumberBuiltinKeywords.groovy:246)
	at com.kms.katalon.core.cucumber.keyword.CucumberBuiltinKeywords$runFeatureFile.call(Unknown Source)
	at Yukle e-Fatura.run(Yukle e-Fatura:19)
	at com.kms.katalon.core.main.ScriptEngine.run(ScriptEngine.java:194)
	at com.kms.katalon.core.main.ScriptEngine.runScriptAsRawText(ScriptEngine.java:119)
	at com.kms.katalon.core.main.TestCaseExecutor.runScript(TestCaseExecutor.java:369)
	at com.kms.katalon.core.main.TestCaseExecutor.doExecute(TestCaseExecutor.java:360)
	at com.kms.katalon.core.main.TestCaseExecutor.processExecutionPhase(TestCaseExecutor.java:339)
	at com.kms.katalon.core.main.TestCaseExecutor.accessMainPhase(TestCaseExecutor.java:331)
	at com.kms.katalon.core.main.TestCaseExecutor.execute(TestCaseExecutor.java:248)
	at com.kms.katalon.core.main.TestSuiteExecutor.accessTestCaseMainPhase(TestSuiteExecutor.java:191)
	at com.kms.katalon.core.main.TestSuiteExecutor.accessTestSuiteMainPhase(TestSuiteExecutor.java:140)
	at com.kms.katalon.core.main.TestSuiteExecutor.execute(TestSuiteExecutor.java:89)
	at com.kms.katalon.core.main.TestCaseMain.startTestSuite(TestCaseMain.java:181)
	at com.kms.katalon.core.main.TestCaseMain$startTestSuite$0.call(Unknown Source)
	at TempTestSuite1637042483031.run(TempTestSuite1637042483031.groovy:39)
)

2021-11-16 09:47:30 - [MESSAGE][INFO] - Starting run keyword runFeatureFile: 'Include/features/Ayarlar/Gorsel Tasarimlar/Tasarim Araclari/Yukle e-Fatura.feature' and extract report to folder: 'C:\Users\DELL\Documents\GitHub\EES_KatalonLogo\Reports\20211116_090026\Suite Repository\Ayarlar\20211116_090123/cucumber_report/1637045250295'...

2021-11-16 09:47:30 - [MESSAGE][INFO] - Glue: []

2021-11-16 09:47:31 - [MESSAGE][INFO] - Checking called Test Case

2021-11-16 09:47:31 - [MESSAGE][INFO] - Starting to call Test Case 'Test Cases/Sayfalar/Giris_Sayfasi/Login'

2021-11-16 09:47:31 - [TEST_CASE][PASSED] - Test Cases/Sayfalar/Giris_Sayfasi/Login: Test Cases/Sayfalar/Giris_Sayfasi/Login

2021-11-16 09:47:31 - [TEST_STEP][PASSED] - Sayfa_Basligi = getWindowTitle(): Current window's title is: 'LOGO e-Fatura'

2021-11-16 09:47:31 - [MESSAGE][INFO] - Getting current window's title

2021-11-16 09:47:31 - [MESSAGE][PASSED] - Current window's title is: 'LOGO e-Fatura'

2021-11-16 09:47:31 - [TEST_STEP][PASSED] - verifyMatch(Sayfa_Basligi, "LOGO e-Fatura", false): Actual text 'LOGO e-Fatura' and expected text 'LOGO e-Fatura' are matched 

2021-11-16 09:47:31 - [MESSAGE][INFO] - Matching actual text 'LOGO e-Fatura' with expected text 'LOGO e-Fatura'

2021-11-16 09:47:31 - [MESSAGE][PASSED] - Actual text 'LOGO e-Fatura' and expected text 'LOGO e-Fatura' are matched 

2021-11-16 09:47:31 - [TEST_STEP][PASSED] - sendKeys(findTestObject("Sayfalar/Giris_Sayfasi/Firma_Kodu"), KullaniciAdi): Keys 'ELOGO6' sent to object: 'Object Repository/Sayfalar/Giris_Sayfasi/Firma_Kodu'

2021-11-16 09:47:31 - [MESSAGE][INFO] - Finding Test Object 'Object Repository/Sayfalar/Giris_Sayfasi/Firma_Kodu'

2021-11-16 09:47:31 - [MESSAGE][INFO] - Sending keys 'ELOGO6' to object: 'Object Repository/Sayfalar/Giris_Sayfasi/Firma_Kodu'

2021-11-16 09:47:31 - [MESSAGE][INFO] - Finding web element from Test Object's properties

2021-11-16 09:47:31 - [MESSAGE][INFO] - Checking timeout

2021-11-16 09:47:31 - [MESSAGE][INFO] - Finding web element with id: 'Object Repository/Sayfalar/Giris_Sayfasi/Firma_Kodu' located by 'By.xpath: //*[@id = 'AccountName']' in '30' second(s)

2021-11-16 09:47:31 - [MESSAGE][INFO] - Smart Wait Function is triggered

2021-11-16 09:47:31 - [MESSAGE][INFO] - Found 1 web elements with id: 'Object Repository/Sayfalar/Giris_Sayfasi/Firma_Kodu' located by 'By.xpath: //*[@id = 'AccountName']' in '30' second(s)

2021-11-16 09:47:31 - [MESSAGE][PASSED] - Keys 'ELOGO6' sent to object: 'Object Repository/Sayfalar/Giris_Sayfasi/Firma_Kodu'

2021-11-16 09:47:31 - [TEST_STEP][PASSED] - sendKeys(findTestObject("Sayfalar/Giris_Sayfasi/Sifre"), Sifre): Keys '123456' sent to object: 'Object Repository/Sayfalar/Giris_Sayfasi/Sifre'

2021-11-16 09:47:31 - [MESSAGE][INFO] - Finding Test Object 'Object Repository/Sayfalar/Giris_Sayfasi/Sifre'

2021-11-16 09:47:31 - [MESSAGE][INFO] - Sending keys '123456' to object: 'Object Repository/Sayfalar/Giris_Sayfasi/Sifre'

2021-11-16 09:47:31 - [MESSAGE][INFO] - Finding web element from Test Object's properties

2021-11-16 09:47:31 - [MESSAGE][INFO] - Checking timeout

2021-11-16 09:47:31 - [MESSAGE][INFO] - Finding web element with id: 'Object Repository/Sayfalar/Giris_Sayfasi/Sifre' located by 'By.xpath: //*[@id = 'Password']' in '30' second(s)

2021-11-16 09:47:31 - [MESSAGE][INFO] - Smart Wait Function is triggered

2021-11-16 09:47:32 - [MESSAGE][INFO] - Found 1 web elements with id: 'Object Repository/Sayfalar/Giris_Sayfasi/Sifre' located by 'By.xpath: //*[@id = 'Password']' in '30' second(s)

2021-11-16 09:47:32 - [MESSAGE][PASSED] - Keys '123456' sent to object: 'Object Repository/Sayfalar/Giris_Sayfasi/Sifre'

2021-11-16 09:47:32 - [TEST_STEP][PASSED] - findWebElement(findTestObject("Sayfalar/Giris_Sayfasi/Giris_Butonu")).click(): Found 1 web elements with id: 'Object Repository/Sayfalar/Giris_Sayfasi/Giris_Butonu' located by 'By.cssSelector: #btnLogin' in '30' second(s)

2021-11-16 09:47:32 - [MESSAGE][INFO] - Finding Test Object 'Object Repository/Sayfalar/Giris_Sayfasi/Giris_Butonu'

2021-11-16 09:47:32 - [MESSAGE][INFO] - Finding web element from Test Object's properties

2021-11-16 09:47:32 - [MESSAGE][INFO] - Checking timeout

2021-11-16 09:47:32 - [MESSAGE][INFO] - Finding web element with id: 'Object Repository/Sayfalar/Giris_Sayfasi/Giris_Butonu' located by 'By.cssSelector: #btnLogin' in '30' second(s)

2021-11-16 09:47:32 - [MESSAGE][INFO] - Smart Wait Function is triggered

2021-11-16 09:47:32 - [MESSAGE][INFO] - Found 1 web elements with id: 'Object Repository/Sayfalar/Giris_Sayfasi/Giris_Butonu' located by 'By.cssSelector: #btnLogin' in '30' second(s)

2021-11-16 09:47:34 - [TEST_STEP][PASSED] - if (verifyElementPresent(findTestObject("Object Repository/Sayfalar/Giris_Sayfasi/RetveTamam_Butonu"), 5, OPTIONAL)): null

2021-11-16 09:47:34 - [MESSAGE][INFO] - Finding Test Object 'Object Repository/Sayfalar/Giris_Sayfasi/RetveTamam_Butonu'

2021-11-16 09:47:34 - [MESSAGE][INFO] - Checking object

2021-11-16 09:47:34 - [MESSAGE][INFO] - Finding web element from Test Object's properties

2021-11-16 09:47:34 - [MESSAGE][INFO] - Checking timeout

2021-11-16 09:47:34 - [MESSAGE][INFO] - Finding web element with id: 'Object Repository/Sayfalar/Giris_Sayfasi/RetveTamam_Butonu' located by 'By.xpath: //*[@class = 'btn btn-default']' in '5' second(s)

2021-11-16 09:47:34 - [MESSAGE][INFO] - Smart Wait Function is triggered

2021-11-16 09:47:35 - [MESSAGE][INFO] - Found 1 web elements with id: 'Object Repository/Sayfalar/Giris_Sayfasi/RetveTamam_Butonu' located by 'By.xpath: //*[@class = 'btn btn-default']' in '5' second(s)

2021-11-16 09:47:35 - [MESSAGE][PASSED] - Object 'Object Repository/Sayfalar/Giris_Sayfasi/RetveTamam_Butonu' is present

2021-11-16 09:47:35 - [TEST_STEP][PASSED] - click(findTestObject("Object Repository/Sayfalar/Giris_Sayfasi/RetveTamam_Butonu")): Object: 'Object Repository/Sayfalar/Giris_Sayfasi/RetveTamam_Butonu' is clicked on

2021-11-16 09:47:35 - [MESSAGE][INFO] - Finding Test Object 'Object Repository/Sayfalar/Giris_Sayfasi/RetveTamam_Butonu'

2021-11-16 09:47:35 - [MESSAGE][INFO] - Checking object

2021-11-16 09:47:35 - [MESSAGE][INFO] - Finding web element from Test Object's properties

2021-11-16 09:47:35 - [MESSAGE][INFO] - Checking timeout

2021-11-16 09:47:35 - [MESSAGE][INFO] - Finding web element with id: 'Object Repository/Sayfalar/Giris_Sayfasi/RetveTamam_Butonu' located by 'By.xpath: //*[@class = 'btn btn-default']' in '30' second(s)

2021-11-16 09:47:35 - [MESSAGE][INFO] - Smart Wait Function is triggered

2021-11-16 09:47:35 - [MESSAGE][INFO] - Found 1 web elements with id: 'Object Repository/Sayfalar/Giris_Sayfasi/RetveTamam_Butonu' located by 'By.xpath: //*[@class = 'btn btn-default']' in '30' second(s)

2021-11-16 09:47:35 - [MESSAGE][INFO] - Clicking on object: 'Object Repository/Sayfalar/Giris_Sayfasi/RetveTamam_Butonu'

2021-11-16 09:47:35 - [MESSAGE][PASSED] - Object: 'Object Repository/Sayfalar/Giris_Sayfasi/RetveTamam_Butonu' is clicked on

2021-11-16 09:47:35 - [TEST_STEP][PASSED] - click(findTestObject("Object Repository/Sayfalar/Giris_Sayfasi/RetveTamam_Butonu")): Object: 'Object Repository/Sayfalar/Giris_Sayfasi/RetveTamam_Butonu' is clicked on

2021-11-16 09:47:35 - [MESSAGE][INFO] - Finding Test Object 'Object Repository/Sayfalar/Giris_Sayfasi/RetveTamam_Butonu'

2021-11-16 09:47:35 - [MESSAGE][INFO] - Checking object

2021-11-16 09:47:35 - [MESSAGE][INFO] - Finding web element from Test Object's properties

2021-11-16 09:47:35 - [MESSAGE][INFO] - Checking timeout

2021-11-16 09:47:35 - [MESSAGE][INFO] - Finding web element with id: 'Object Repository/Sayfalar/Giris_Sayfasi/RetveTamam_Butonu' located by 'By.xpath: //*[@class = 'btn btn-default']' in '30' second(s)

2021-11-16 09:47:35 - [MESSAGE][INFO] - Smart Wait Function is triggered

2021-11-16 09:47:38 - [MESSAGE][INFO] - Found 1 web elements with id: 'Object Repository/Sayfalar/Giris_Sayfasi/RetveTamam_Butonu' located by 'By.xpath: //*[@class = 'btn btn-default']' in '30' second(s)

2021-11-16 09:47:38 - [MESSAGE][INFO] - Clicking on object: 'Object Repository/Sayfalar/Giris_Sayfasi/RetveTamam_Butonu'

2021-11-16 09:47:38 - [MESSAGE][PASSED] - Object: 'Object Repository/Sayfalar/Giris_Sayfasi/RetveTamam_Butonu' is clicked on

2021-11-16 09:47:38 - [TEST_STEP][PASSED] - if (verifyElementPresent(findTestObject("Sayfalar/Giris_Sayfasi/PopupOK"), 5, OPTIONAL)): null

2021-11-16 09:47:38 - [MESSAGE][INFO] - Finding Test Object 'Object Repository/Sayfalar/Giris_Sayfasi/PopupOK'

2021-11-16 09:47:38 - [MESSAGE][INFO] - Checking object

2021-11-16 09:47:38 - [MESSAGE][INFO] - Finding web element from Test Object's properties

2021-11-16 09:47:38 - [MESSAGE][INFO] - Checking timeout

2021-11-16 09:47:38 - [MESSAGE][INFO] - Finding web element with id: 'Object Repository/Sayfalar/Giris_Sayfasi/PopupOK' located by 'By.cssSelector: .btn.btn-success' in '5' second(s)

2021-11-16 09:47:38 - [MESSAGE][INFO] - Smart Wait Function is triggered

2021-11-16 09:47:39 - [MESSAGE][INFO] - Found 1 web elements with id: 'Object Repository/Sayfalar/Giris_Sayfasi/PopupOK' located by 'By.cssSelector: .btn.btn-success' in '5' second(s)

2021-11-16 09:47:39 - [MESSAGE][PASSED] - Object 'Object Repository/Sayfalar/Giris_Sayfasi/PopupOK' is present

2021-11-16 09:47:39 - [TEST_STEP][PASSED] - click(findTestObject("Object Repository/Sayfalar/Giris_Sayfasi/PopupCarpiGiris")): Object: 'Object Repository/Sayfalar/Giris_Sayfasi/PopupCarpiGiris' is clicked on

2021-11-16 09:47:39 - [MESSAGE][INFO] - Finding Test Object 'Object Repository/Sayfalar/Giris_Sayfasi/PopupCarpiGiris'

2021-11-16 09:47:39 - [MESSAGE][INFO] - Checking object

2021-11-16 09:47:39 - [MESSAGE][INFO] - Finding web element from Test Object's properties

2021-11-16 09:47:39 - [MESSAGE][INFO] - Checking timeout

2021-11-16 09:47:39 - [MESSAGE][INFO] - Finding web element with id: 'Object Repository/Sayfalar/Giris_Sayfasi/PopupCarpiGiris' located by 'By.cssSelector: .bootbox-close-button.close' in '30' second(s)

2021-11-16 09:47:39 - [MESSAGE][INFO] - Smart Wait Function is triggered

2021-11-16 09:47:39 - [MESSAGE][INFO] - Found 1 web elements with id: 'Object Repository/Sayfalar/Giris_Sayfasi/PopupCarpiGiris' located by 'By.cssSelector: .bootbox-close-button.close' in '30' second(s)

2021-11-16 09:47:39 - [MESSAGE][INFO] - Clicking on object: 'Object Repository/Sayfalar/Giris_Sayfasi/PopupCarpiGiris'

2021-11-16 09:47:39 - [MESSAGE][PASSED] - Object: 'Object Repository/Sayfalar/Giris_Sayfasi/PopupCarpiGiris' is clicked on

2021-11-16 09:47:39 - [TEST_STEP][PASSED] - verifyElementVisible(findTestObject("Object Repository/Kullanici_Islemleri/KullaniciIslemleri")): Object 'Object Repository/Kullanici_Islemleri/KullaniciIslemleri' is visible

2021-11-16 09:47:39 - [MESSAGE][INFO] - Finding Test Object 'Object Repository/Kullanici_Islemleri/KullaniciIslemleri'

2021-11-16 09:47:39 - [MESSAGE][INFO] - Checking object

2021-11-16 09:47:39 - [MESSAGE][INFO] - Finding web element from Test Object's properties

2021-11-16 09:47:39 - [MESSAGE][INFO] - Checking timeout

2021-11-16 09:47:39 - [MESSAGE][INFO] - Finding web element with id: 'Object Repository/Kullanici_Islemleri/KullaniciIslemleri' located by 'By.cssSelector: .dropdown>a>img' in '30' second(s)

2021-11-16 09:47:39 - [MESSAGE][INFO] - Smart Wait Function is triggered

2021-11-16 09:47:40 - [MESSAGE][INFO] - Found 1 web elements with id: 'Object Repository/Kullanici_Islemleri/KullaniciIslemleri' located by 'By.cssSelector: .dropdown>a>img' in '30' second(s)

2021-11-16 09:47:40 - [MESSAGE][PASSED] - Object 'Object Repository/Kullanici_Islemleri/KullaniciIslemleri' is visible

2021-11-16 09:47:40 - [MESSAGE][PASSED] - Call Test Case 'Test Cases/Sayfalar/Giris_Sayfasi/Login' successfully

2021-11-16 09:47:40 - [MESSAGE][INFO] - Checking called Test Case

2021-11-16 09:47:40 - [MESSAGE][INFO] - Starting to call Test Case 'Test Cases/Menu/AnaMenuSecimi'

2021-11-16 09:47:40 - [TEST_CASE][PASSED] - Test Cases/Menu/AnaMenuSecimi: Test Cases/Menu/AnaMenuSecimi

2021-11-16 09:47:40 - [TEST_STEP][PASSED] - Method.TextDegerineEsitElementeTikla(findTestObject("Menu/Ana_Menu"), Ana_Menu): Method.TextDegerineEsitElementeTikla is PASSED

2021-11-16 09:47:40 - [MESSAGE][INFO] - Finding Test Object 'Object Repository/Menu/Ana_Menu'

2021-11-16 09:47:40 - [MESSAGE][INFO] - Checking timeout

2021-11-16 09:47:40 - [MESSAGE][INFO] - Finding web element with id: 'Object Repository/Menu/Ana_Menu' located by 'By.xpath: //*[@class = 'dropdown-toggle']' in '10' second(s)

2021-11-16 09:47:40 - [MESSAGE][INFO] - Smart Wait Function is triggered

2021-11-16 09:47:41 - [MESSAGE][INFO] - Found 14 web elements with id: 'Object Repository/Menu/Ana_Menu' located by 'By.xpath: //*[@class = 'dropdown-toggle']' in '10' second(s)

2021-11-16 09:47:41 - [MESSAGE][PASSED] - Method.TextDegerineEsitElementeTikla is PASSED

2021-11-16 09:47:41 - [MESSAGE][PASSED] - Call Test Case 'Test Cases/Menu/AnaMenuSecimi' successfully

2021-11-16 09:47:41 - [MESSAGE][INFO] - Checking called Test Case

2021-11-16 09:47:41 - [MESSAGE][INFO] - Starting to call Test Case 'Test Cases/Menu/BasligaGoreAltMenuSecimi'

2021-11-16 09:47:41 - [TEST_CASE][PASSED] - Test Cases/Menu/BasligaGoreAltMenuSecimi: Test Cases/Menu/BasligaGoreAltMenuSecimi

2021-11-16 09:47:41 - [TEST_STEP][PASSED] - Method.TextDegerineEsitElementinAltindakiTextDegerineEsitOlanaTikla(findTestObject("Menu/Menu_Basligi"), findTestObject("Menu/Basliga_Gore_Alt_Menu"), Baslik, Alt_Menu): Method.TextDegerineEsitElementinAltindakiTextDegerineEsitOlanaTikla is PASSED

2021-11-16 09:47:41 - [MESSAGE][INFO] - Finding Test Object 'Object Repository/Menu/Menu_Basligi'

2021-11-16 09:47:41 - [MESSAGE][INFO] - Finding Test Object 'Object Repository/Menu/Basliga_Gore_Alt_Menu'

2021-11-16 09:47:41 - [MESSAGE][INFO] - Checking timeout

2021-11-16 09:47:41 - [MESSAGE][INFO] - Finding web element with id: 'Object Repository/Menu/Menu_Basligi' located by 'By.xpath: //li[@class='dropdown dropdown-large open']//li[@class='dropdown-header']' in '10' second(s)

2021-11-16 09:47:41 - [MESSAGE][INFO] - Smart Wait Function is triggered

2021-11-16 09:47:41 - [MESSAGE][INFO] - Found 2 web elements with id: 'Object Repository/Menu/Menu_Basligi' located by 'By.xpath: //li[@class='dropdown dropdown-large open']//li[@class='dropdown-header']' in '10' second(s)

2021-11-16 09:47:41 - [MESSAGE][INFO] - Smart Wait Function is triggered

2021-11-16 09:47:46 - [MESSAGE][PASSED] - Method.TextDegerineEsitElementinAltindakiTextDegerineEsitOlanaTikla is PASSED

2021-11-16 09:47:46 - [MESSAGE][PASSED] - Call Test Case 'Test Cases/Menu/BasligaGoreAltMenuSecimi' successfully

2021-11-16 09:47:46 - [MESSAGE][INFO] - Checking called Test Case

2021-11-16 09:47:46 - [MESSAGE][INFO] - Starting to call Test Case 'Test Cases/Tablo/TablodaVeriVarMi'

2021-11-16 09:47:47 - [TEST_CASE][PASSED] - Test Cases/Tablo/TablodaVeriVarMi: Test Cases/Tablo/TablodaVeriVarMi

2021-11-16 09:47:47 - [TEST_STEP][PASSED] - verifyTextNotPresent("Görüntülenecek veri yok", true): Text 'Görüntülenecek veri yok' is not present on page using regular expression

2021-11-16 09:47:47 - [MESSAGE][INFO] - Checking text present  using regular expression

2021-11-16 09:47:47 - [MESSAGE][INFO] - Smart Wait Function is triggered

2021-11-16 09:47:47 - [MESSAGE][INFO] - Finding text 'Görüntülenecek veri yok' on page  using regular expression

2021-11-16 09:47:47 - [MESSAGE][PASSED] - Text 'Görüntülenecek veri yok' is not present on page using regular expression

2021-11-16 09:47:47 - [MESSAGE][PASSED] - Call Test Case 'Test Cases/Tablo/TablodaVeriVarMi' successfully

2021-11-16 09:47:47 - [MESSAGE][INFO] - Checking called Test Case

2021-11-16 09:47:47 - [MESSAGE][INFO] - Starting to call Test Case 'Test Cases/Butonlar/ButonaTikla'

2021-11-16 09:47:47 - [TEST_CASE][PASSED] - Test Cases/Butonlar/ButonaTikla: Test Cases/Butonlar/ButonaTikla

2021-11-16 09:47:47 - [TEST_STEP][PASSED] - Method.TextDegerineEsitElementeTiklaEquals(findTestObject("Butonlar/Butonlar"), Buton_Adi): Method.TextDegerineEsitElementeTiklaEquals is PASSED

2021-11-16 09:47:47 - [MESSAGE][INFO] - Finding Test Object 'Object Repository/Butonlar/Butonlar'

2021-11-16 09:47:47 - [MESSAGE][INFO] - Checking timeout

2021-11-16 09:47:47 - [MESSAGE][INFO] - Finding web element with id: 'Object Repository/Butonlar/Butonlar' located by 'By.cssSelector: .panel.panel-default.text-center.footerPanel .btn,.btn.btn-primary.btnControls' in '10' second(s)

2021-11-16 09:47:47 - [MESSAGE][INFO] - Smart Wait Function is triggered

2021-11-16 09:47:47 - [MESSAGE][INFO] - Found 7 web elements with id: 'Object Repository/Butonlar/Butonlar' located by 'By.cssSelector: .panel.panel-default.text-center.footerPanel .btn,.btn.btn-primary.btnControls' in '10' second(s)

2021-11-16 09:47:48 - [MESSAGE][PASSED] - Method.TextDegerineEsitElementeTiklaEquals is PASSED

2021-11-16 09:47:48 - [MESSAGE][PASSED] - Call Test Case 'Test Cases/Butonlar/ButonaTikla' successfully

2021-11-16 09:47:48 - [MESSAGE][INFO] - Checking called Test Case

2021-11-16 09:47:48 - [MESSAGE][INFO] - Starting to call Test Case 'Test Cases/Butonlar/AltButonaTikla'

2021-11-16 09:47:48 - [TEST_CASE][PASSED] - Test Cases/Butonlar/AltButonaTikla: Test Cases/Butonlar/AltButonaTikla

2021-11-16 09:47:48 - [TEST_STEP][PASSED] - Method.TextDegerineEsitElementeTikla(findTestObject("Butonlar/AltButonlar"), Alt_Buton): Method.TextDegerineEsitElementeTikla is PASSED

2021-11-16 09:47:48 - [MESSAGE][INFO] - Finding Test Object 'Object Repository/Butonlar/AltButonlar'

2021-11-16 09:47:48 - [MESSAGE][INFO] - Checking timeout

2021-11-16 09:47:48 - [MESSAGE][INFO] - Finding web element with id: 'Object Repository/Butonlar/AltButonlar' located by 'By.cssSelector: .btn-group.open li>a' in '10' second(s)

2021-11-16 09:47:48 - [MESSAGE][INFO] - Smart Wait Function is triggered

2021-11-16 09:47:48 - [MESSAGE][INFO] - Found 5 web elements with id: 'Object Repository/Butonlar/AltButonlar' located by 'By.cssSelector: .btn-group.open li>a' in '10' second(s)

2021-11-16 09:47:48 - [MESSAGE][PASSED] - Method.TextDegerineEsitElementeTikla is PASSED

2021-11-16 09:47:48 - [MESSAGE][PASSED] - Call Test Case 'Test Cases/Butonlar/AltButonaTikla' successfully

2021-11-16 09:47:48 - [MESSAGE][INFO] - Checking called Test Case

2021-11-16 09:47:48 - [MESSAGE][INFO] - Starting to call Test Case 'Test Cases/Yukle/TasarimAraclariDosyaYukleme'

2021-11-16 09:47:48 - [TEST_CASE][PASSED] - Test Cases/Yukle/TasarimAraclariDosyaYukleme: Test Cases/Yukle/TasarimAraclariDosyaYukleme

2021-11-16 09:47:49 - [TEST_STEP][PASSED] - switchToFrame(findTestObject("Sayfalar/Giris_Sayfasi/FrameYuklemeEkrani"), 3): Switched to iframe: 'Object Repository/Sayfalar/Giris_Sayfasi/FrameYuklemeEkrani'

2021-11-16 09:47:49 - [MESSAGE][INFO] - Finding Test Object 'Object Repository/Sayfalar/Giris_Sayfasi/FrameYuklemeEkrani'

2021-11-16 09:47:49 - [MESSAGE][INFO] - Switching to iframe: 'Object Repository/Sayfalar/Giris_Sayfasi/FrameYuklemeEkrani'

2021-11-16 09:47:49 - [MESSAGE][INFO] - Finding web element from Test Object's properties

2021-11-16 09:47:49 - [MESSAGE][INFO] - Checking timeout

2021-11-16 09:47:49 - [MESSAGE][INFO] - Finding web element with id: 'Object Repository/Sayfalar/Giris_Sayfasi/FrameYuklemeEkrani' located by 'By.xpath: //*[@id = 'InvoiceDesignUploadPopUpFrame']' in '3' second(s)

2021-11-16 09:47:49 - [MESSAGE][INFO] - Smart Wait Function is triggered

2021-11-16 09:47:49 - [MESSAGE][INFO] - Found 1 web elements with id: 'Object Repository/Sayfalar/Giris_Sayfasi/FrameYuklemeEkrani' located by 'By.xpath: //*[@id = 'InvoiceDesignUploadPopUpFrame']' in '3' second(s)

2021-11-16 09:47:49 - [MESSAGE][INFO] - Switched to iframe: 'Object Repository/Sayfalar/Giris_Sayfasi/FrameYuklemeEkrani'

2021-11-16 09:47:49 - [TEST_STEP][PASSED] - waitForElementPresent(findTestObject("Object Repository/Yukle/DosyaYukle"), 10): Object 'Object Repository/Yukle/DosyaYukle' is present

2021-11-16 09:47:49 - [MESSAGE][INFO] - Finding Test Object 'Object Repository/Yukle/DosyaYukle'

2021-11-16 09:47:49 - [MESSAGE][INFO] - Checking object

2021-11-16 09:47:49 - [MESSAGE][INFO] - Finding web element from Test Object's properties

2021-11-16 09:47:49 - [MESSAGE][INFO] - Checking timeout

2021-11-16 09:47:49 - [MESSAGE][INFO] - Finding web element with id: 'Object Repository/Yukle/DosyaYukle' located by 'By.cssSelector: .dxucTextBox_LECustomTheme.dxucNullText_LECustomTheme>input' in '10' second(s)

2021-11-16 09:47:49 - [MESSAGE][INFO] - Smart Wait Function is triggered

2021-11-16 09:47:49 - [MESSAGE][INFO] - Found 2 web elements with id: 'Object Repository/Yukle/DosyaYukle' located by 'By.cssSelector: .dxucTextBox_LECustomTheme.dxucNullText_LECustomTheme>input' in '10' second(s)

2021-11-16 09:47:49 - [MESSAGE][PASSED] - Object 'Object Repository/Yukle/DosyaYukle' is present

2021-11-16 09:47:49 - [TEST_STEP][PASSED] - sendKeys(findTestObject("Object Repository/Yukle/DosyaYukle"), Dosya): Keys 'C:\otomasyonupfiles\Ayarlar\FCDD449F-F6B4-4D5F-B436-1E81B80A7193.xslt' sent to object: 'Object Repository/Yukle/DosyaYukle'

2021-11-16 09:47:49 - [MESSAGE][INFO] - Finding Test Object 'Object Repository/Yukle/DosyaYukle'

2021-11-16 09:47:49 - [MESSAGE][INFO] - Sending keys 'C:\otomasyonupfiles\Ayarlar\FCDD449F-F6B4-4D5F-B436-1E81B80A7193.xslt' to object: 'Object Repository/Yukle/DosyaYukle'

2021-11-16 09:47:49 - [MESSAGE][INFO] - Finding web element from Test Object's properties

2021-11-16 09:47:49 - [MESSAGE][INFO] - Checking timeout

2021-11-16 09:47:49 - [MESSAGE][INFO] - Finding web element with id: 'Object Repository/Yukle/DosyaYukle' located by 'By.cssSelector: .dxucTextBox_LECustomTheme.dxucNullText_LECustomTheme>input' in '30' second(s)

2021-11-16 09:47:49 - [MESSAGE][INFO] - Smart Wait Function is triggered

2021-11-16 09:47:49 - [MESSAGE][INFO] - Found 2 web elements with id: 'Object Repository/Yukle/DosyaYukle' located by 'By.cssSelector: .dxucTextBox_LECustomTheme.dxucNullText_LECustomTheme>input' in '30' second(s)

2021-11-16 09:47:50 - [MESSAGE][PASSED] - Keys 'C:\otomasyonupfiles\Ayarlar\FCDD449F-F6B4-4D5F-B436-1E81B80A7193.xslt' sent to object: 'Object Repository/Yukle/DosyaYukle'

2021-11-16 09:47:50 - [TEST_STEP][PASSED] - waitForElementClickable(findTestObject("Object Repository/Yukle/YuklemeyiBaslat"), 10): Object 'Object Repository/Yukle/YuklemeyiBaslat' is clickable

2021-11-16 09:47:50 - [MESSAGE][INFO] - Finding Test Object 'Object Repository/Yukle/YuklemeyiBaslat'

2021-11-16 09:47:50 - [MESSAGE][INFO] - Checking object

2021-11-16 09:47:50 - [MESSAGE][INFO] - Checking timeout

2021-11-16 09:47:50 - [MESSAGE][INFO] - Finding web element from Test Object's properties

2021-11-16 09:47:50 - [MESSAGE][INFO] - Checking timeout

2021-11-16 09:47:50 - [MESSAGE][INFO] - Finding web element with id: 'Object Repository/Yukle/YuklemeyiBaslat' located by 'By.cssSelector: .btn.btn-success.btn-sm' in '10' second(s)

2021-11-16 09:47:50 - [MESSAGE][INFO] - Smart Wait Function is triggered

2021-11-16 09:47:50 - [MESSAGE][INFO] - Found 1 web elements with id: 'Object Repository/Yukle/YuklemeyiBaslat' located by 'By.cssSelector: .btn.btn-success.btn-sm' in '10' second(s)

2021-11-16 09:47:50 - [MESSAGE][PASSED] - Object 'Object Repository/Yukle/YuklemeyiBaslat' is clickable

2021-11-16 09:47:50 - [TEST_STEP][PASSED] - click(findTestObject("Object Repository/Yukle/YuklemeyiBaslat")): Object: 'Object Repository/Yukle/YuklemeyiBaslat' is clicked on

2021-11-16 09:47:50 - [MESSAGE][INFO] - Finding Test Object 'Object Repository/Yukle/YuklemeyiBaslat'

2021-11-16 09:47:50 - [MESSAGE][INFO] - Checking object

2021-11-16 09:47:50 - [MESSAGE][INFO] - Finding web element from Test Object's properties

2021-11-16 09:47:50 - [MESSAGE][INFO] - Checking timeout

2021-11-16 09:47:50 - [MESSAGE][INFO] - Finding web element with id: 'Object Repository/Yukle/YuklemeyiBaslat' located by 'By.cssSelector: .btn.btn-success.btn-sm' in '30' second(s)

2021-11-16 09:47:50 - [MESSAGE][INFO] - Smart Wait Function is triggered

2021-11-16 09:47:50 - [MESSAGE][INFO] - Found 1 web elements with id: 'Object Repository/Yukle/YuklemeyiBaslat' located by 'By.cssSelector: .btn.btn-success.btn-sm' in '30' second(s)

2021-11-16 09:47:50 - [MESSAGE][INFO] - Clicking on object: 'Object Repository/Yukle/YuklemeyiBaslat'

2021-11-16 09:47:50 - [MESSAGE][PASSED] - Object: 'Object Repository/Yukle/YuklemeyiBaslat' is clicked on

2021-11-16 09:47:50 - [TEST_STEP][PASSED] - delay(3): Delayed 3 second(s)

2021-11-16 09:47:50 - [MESSAGE][INFO] - Delaying browser in 3 second(s)

2021-11-16 09:47:53 - [MESSAGE][PASSED] - Delayed 3 second(s)

2021-11-16 09:47:53 - [TEST_STEP][PASSED] - waitForElementVisible(findTestObject("Popup/Popup"), 10): Object 'Object Repository/Popup/Popup' is visible

2021-11-16 09:47:53 - [MESSAGE][INFO] - Finding Test Object 'Object Repository/Popup/Popup'

2021-11-16 09:47:53 - [MESSAGE][INFO] - Checking object

2021-11-16 09:47:53 - [MESSAGE][INFO] - Checking timeout

2021-11-16 09:47:53 - [MESSAGE][INFO] - Finding web element from Test Object's properties

2021-11-16 09:47:53 - [MESSAGE][INFO] - Checking timeout

2021-11-16 09:47:53 - [MESSAGE][INFO] - Finding web element with id: 'Object Repository/Popup/Popup' located by 'By.cssSelector: .bootbox-body' in '10' second(s)

2021-11-16 09:47:53 - [MESSAGE][INFO] - Smart Wait Function is triggered

2021-11-16 09:47:53 - [MESSAGE][INFO] - Found 1 web elements with id: 'Object Repository/Popup/Popup' located by 'By.cssSelector: .bootbox-body' in '10' second(s)

2021-11-16 09:47:53 - [MESSAGE][PASSED] - Object 'Object Repository/Popup/Popup' is visible

2021-11-16 09:47:53 - [TEST_STEP][PASSED] - if (!(getText(findTestObject("Popup/Popup")).contains("Tasarım ön değer tasarım olarak tanımlansın mı?"))): Text of object 'Object Repository/Popup/Popup' is: 'Tasarım ön değer tasarım olarak tanımlansın mı?'

2021-11-16 09:47:53 - [MESSAGE][INFO] - Finding Test Object 'Object Repository/Popup/Popup'

2021-11-16 09:47:53 - [MESSAGE][INFO] - Checking object

2021-11-16 09:47:53 - [MESSAGE][INFO] - Finding web element from Test Object's properties

2021-11-16 09:47:53 - [MESSAGE][INFO] - Checking timeout

2021-11-16 09:47:53 - [MESSAGE][INFO] - Finding web element with id: 'Object Repository/Popup/Popup' located by 'By.cssSelector: .bootbox-body' in '30' second(s)

2021-11-16 09:47:53 - [MESSAGE][INFO] - Smart Wait Function is triggered

2021-11-16 09:47:53 - [MESSAGE][INFO] - Found 1 web elements with id: 'Object Repository/Popup/Popup' located by 'By.cssSelector: .bootbox-body' in '30' second(s)

2021-11-16 09:47:53 - [MESSAGE][INFO] - Getting text of object 'Object Repository/Popup/Popup'

2021-11-16 09:47:53 - [MESSAGE][PASSED] - Text of object 'Object Repository/Popup/Popup' is: 'Tasarım ön değer tasarım olarak tanımlansın mı?'

2021-11-16 09:47:53 - [TEST_STEP][PASSED] - Method.TextDegerineEsitElementeTikla(findTestObject("Popup/Popup_Butons"), "Onayla"): Method.TextDegerineEsitElementeTikla is PASSED

2021-11-16 09:47:53 - [MESSAGE][INFO] - Finding Test Object 'Object Repository/Popup/Popup_Butons'

2021-11-16 09:47:53 - [MESSAGE][INFO] - Checking timeout

2021-11-16 09:47:53 - [MESSAGE][INFO] - Finding web element with id: 'Object Repository/Popup/Popup_Butons' located by 'By.cssSelector: .modal-footer>button' in '10' second(s)

2021-11-16 09:47:53 - [MESSAGE][INFO] - Smart Wait Function is triggered

2021-11-16 09:47:53 - [MESSAGE][INFO] - Found 2 web elements with id: 'Object Repository/Popup/Popup_Butons' located by 'By.cssSelector: .modal-footer>button' in '10' second(s)

2021-11-16 09:47:53 - [MESSAGE][PASSED] - Method.TextDegerineEsitElementeTikla is PASSED

2021-11-16 09:47:53 - [TEST_STEP][PASSED] - switchToDefaultContent(): Switching to default content

2021-11-16 09:47:53 - [MESSAGE][INFO] - Switching to default content

2021-11-16 09:47:53 - [TEST_STEP][PASSED] - waitForElementClickable(findTestObject("Yukle/Cikis"), 10): Object 'Object Repository/Yukle/Cikis' is clickable

2021-11-16 09:47:53 - [MESSAGE][INFO] - Finding Test Object 'Object Repository/Yukle/Cikis'

2021-11-16 09:47:53 - [MESSAGE][INFO] - Checking object

2021-11-16 09:47:53 - [MESSAGE][INFO] - Checking timeout

2021-11-16 09:47:53 - [MESSAGE][INFO] - Finding web element from Test Object's properties

2021-11-16 09:47:53 - [MESSAGE][INFO] - Checking timeout

2021-11-16 09:47:53 - [MESSAGE][INFO] - Finding web element with id: 'Object Repository/Yukle/Cikis' located by 'By.xpath: //*[@id = 'closeButton']' in '10' second(s)

2021-11-16 09:47:53 - [MESSAGE][INFO] - Smart Wait Function is triggered

2021-11-16 09:47:54 - [MESSAGE][INFO] - Found 1 web elements with id: 'Object Repository/Yukle/Cikis' located by 'By.xpath: //*[@id = 'closeButton']' in '10' second(s)

2021-11-16 09:47:54 - [MESSAGE][PASSED] - Object 'Object Repository/Yukle/Cikis' is clickable

2021-11-16 09:47:54 - [TEST_STEP][PASSED] - click(findTestObject("Yukle/Cikis")): Object: 'Object Repository/Yukle/Cikis' is clicked on

2021-11-16 09:47:54 - [MESSAGE][INFO] - Finding Test Object 'Object Repository/Yukle/Cikis'

2021-11-16 09:47:54 - [MESSAGE][INFO] - Checking object

2021-11-16 09:47:54 - [MESSAGE][INFO] - Finding web element from Test Object's properties

2021-11-16 09:47:54 - [MESSAGE][INFO] - Checking timeout

2021-11-16 09:47:54 - [MESSAGE][INFO] - Finding web element with id: 'Object Repository/Yukle/Cikis' located by 'By.xpath: //*[@id = 'closeButton']' in '30' second(s)

2021-11-16 09:47:54 - [MESSAGE][INFO] - Smart Wait Function is triggered

2021-11-16 09:47:54 - [MESSAGE][INFO] - Found 1 web elements with id: 'Object Repository/Yukle/Cikis' located by 'By.xpath: //*[@id = 'closeButton']' in '30' second(s)

2021-11-16 09:47:54 - [MESSAGE][INFO] - Clicking on object: 'Object Repository/Yukle/Cikis'

2021-11-16 09:47:54 - [MESSAGE][PASSED] - Object: 'Object Repository/Yukle/Cikis' is clicked on

2021-11-16 09:47:54 - [MESSAGE][PASSED] - Call Test Case 'Test Cases/Yukle/TasarimAraclariDosyaYukleme' successfully

2021-11-16 09:47:54 - [MESSAGE][INFO] - Checking called Test Case

2021-11-16 09:47:54 - [MESSAGE][INFO] - Starting to call Test Case 'Test Cases/Tablo/TablodaUnvanliVeriOlusturulduMu'

2021-11-16 09:47:54 - [TEST_CASE][ERROR] - Test Cases/Tablo/TablodaUnvanliVeriOlusturulduMu: Test Cases/Tablo/TablodaUnvanliVeriOlusturulduMu FAILED.
Reason:
org.codehaus.groovy.runtime.InvokerInvocationException: Assertion failed: 

assert a
       |
       false

	at Method.invokeMethod(Method.groovy)
	at com.kms.katalon.core.main.CustomKeywordDelegatingMetaClass.invokeStaticMethod(CustomKeywordDelegatingMetaClass.java:50)
	at TablodaUnvanliVeriOlusturulduMu.run(TablodaUnvanliVeriOlusturulduMu:22)
	at com.kms.katalon.core.main.ScriptEngine.run(ScriptEngine.java:194)
	at com.kms.katalon.core.main.ScriptEngine.runScriptAsRawText(ScriptEngine.java:119)
	at com.kms.katalon.core.main.TestCaseExecutor.runScript(TestCaseExecutor.java:369)
	at com.kms.katalon.core.main.TestCaseExecutor.doExecute(TestCaseExecutor.java:360)
	at com.kms.katalon.core.main.TestCaseExecutor.processExecutionPhase(TestCaseExecutor.java:339)
	at com.kms.katalon.core.main.TestCaseExecutor.accessMainPhase(TestCaseExecutor.java:331)
	at com.kms.katalon.core.main.TestCaseExecutor.execute(TestCaseExecutor.java:248)
	at com.kms.katalon.core.main.TestCaseMain.runTestCase(TestCaseMain.java:138)
	at com.kms.katalon.core.keyword.builtin.CallTestCaseKeyword$_callTestCase_closure1.doCall(CallTestCaseKeyword.groovy:59)
	at com.kms.katalon.core.keyword.builtin.CallTestCaseKeyword$_callTestCase_closure1.call(CallTestCaseKeyword.groovy)
	at com.kms.katalon.core.keyword.internal.KeywordMain.runKeyword(KeywordMain.groovy:68)
	at com.kms.katalon.core.keyword.builtin.CallTestCaseKeyword.callTestCase(CallTestCaseKeyword.groovy:81)
	at com.kms.katalon.core.keyword.builtin.CallTestCaseKeyword.execute(CallTestCaseKeyword.groovy:44)
	at com.kms.katalon.core.keyword.internal.KeywordExecutor.executeKeywordForPlatform(KeywordExecutor.groovy:73)
	at com.kms.katalon.core.keyword.BuiltinKeywords.callTestCase(BuiltinKeywords.groovy:334)
	at tablo.tablo.tablodaUnvanliVeriOlusturulduMu(tablo.groovy:115)
	at cucumber.runtime.Utils$1.call(Utils.java:26)
	at cucumber.runtime.Timeout.timeout(Timeout.java:16)
	at cucumber.runtime.Utils.invoke(Utils.java:20)
	at cucumber.runtime.java.JavaStepDefinition.execute(JavaStepDefinition.java:49)
	at cucumber.runner.PickleStepDefinitionMatch.runStep(PickleStepDefinitionMatch.java:50)
	at cucumber.runner.TestStep.executeStep(TestStep.java:63)
	at cucumber.runner.TestStep.run(TestStep.java:49)
	at cucumber.runner.PickleStepTestStep.run(PickleStepTestStep.java:43)
	at cucumber.runner.TestCase.run(TestCase.java:44)
	at cucumber.runner.Runner.runPickle(Runner.java:40)
	at cucumber.runtime.Runtime$1.run(Runtime.java:84)
	at cucumber.runtime.Runtime$SameThreadExecutorService.execute(Runtime.java:220)
	at cucumber.runtime.Runtime.run(Runtime.java:81)
	at cucumber.api.cli.Main.run(Main.java:26)
	at cucumber.api.cli.Main$run.call(Unknown Source)
	at com.kms.katalon.core.cucumber.keyword.CucumberBuiltinKeywords$_runFeatureFile_closure1.doCall(CucumberBuiltinKeywords.groovy:106)
	at com.kms.katalon.core.cucumber.keyword.CucumberBuiltinKeywords$_runFeatureFile_closure1.doCall(CucumberBuiltinKeywords.groovy)
	at com.kms.katalon.core.keyword.internal.KeywordMain.runKeyword(KeywordMain.groovy:68)
	at com.kms.katalon.core.keyword.internal.KeywordMain$runKeyword.call(Unknown Source)
	at com.kms.katalon.core.cucumber.keyword.CucumberBuiltinKeywords.runFeatureFile(CucumberBuiltinKeywords.groovy:73)
	at com.kms.katalon.core.cucumber.keyword.CucumberBuiltinKeywords$runFeatureFile$0.callStatic(Unknown Source)
	at com.kms.katalon.core.cucumber.keyword.CucumberBuiltinKeywords.runFeatureFile(CucumberBuiltinKeywords.groovy:246)
	at com.kms.katalon.core.cucumber.keyword.CucumberBuiltinKeywords$runFeatureFile.call(Unknown Source)
	at Yukle e-Fatura.run(Yukle e-Fatura:19)
	at com.kms.katalon.core.main.ScriptEngine.run(ScriptEngine.java:194)
	at com.kms.katalon.core.main.ScriptEngine.runScriptAsRawText(ScriptEngine.java:119)
	at com.kms.katalon.core.main.TestCaseExecutor.runScript(TestCaseExecutor.java:369)
	at com.kms.katalon.core.main.TestCaseExecutor.doExecute(TestCaseExecutor.java:360)
	at com.kms.katalon.core.main.TestCaseExecutor.processExecutionPhase(TestCaseExecutor.java:339)
	at com.kms.katalon.core.main.TestCaseExecutor.accessMainPhase(TestCaseExecutor.java:331)
	at com.kms.katalon.core.main.TestCaseExecutor.execute(TestCaseExecutor.java:248)
	at com.kms.katalon.core.main.TestSuiteExecutor.accessTestCaseMainPhase(TestSuiteExecutor.java:191)
	at com.kms.katalon.core.main.TestSuiteExecutor.accessTestSuiteMainPhase(TestSuiteExecutor.java:140)
	at com.kms.katalon.core.main.TestSuiteExecutor.execute(TestSuiteExecutor.java:89)
	at com.kms.katalon.core.main.TestCaseMain.startTestSuite(TestCaseMain.java:181)
	at com.kms.katalon.core.main.TestCaseMain$startTestSuite$0.call(Unknown Source)
	at TempTestSuite1637042483031.run(TempTestSuite1637042483031.groovy:39)
Caused by: Assertion failed: 

assert a
       |
       false

	at Method.TextDegerineEsitElementVarMi(Method.groovy:277)
	... 56 more


2021-11-16 09:47:54 - [TEST_STEP][PASSED] - waitForElementVisible(findTestObject("Tablo/OlusturulanVeri"), 10, STOP_ON_FAILURE): Object 'Object Repository/Tablo/OlusturulanVeri' is visible

2021-11-16 09:47:54 - [MESSAGE][INFO] - Finding Test Object 'Object Repository/Tablo/OlusturulanVeri'

2021-11-16 09:47:54 - [MESSAGE][INFO] - Checking object

2021-11-16 09:47:54 - [MESSAGE][INFO] - Checking timeout

2021-11-16 09:47:54 - [MESSAGE][INFO] - Finding web element from Test Object's properties

2021-11-16 09:47:54 - [MESSAGE][INFO] - Checking timeout

2021-11-16 09:47:54 - [MESSAGE][INFO] - Finding web element with id: 'Object Repository/Tablo/OlusturulanVeri' located by 'By.cssSelector: table.dxgvTable_LECustomTheme>tbody>tr:nth-child(3)>td.dxgv b,table.dxgvTable_LECustomTheme>tbody>tr:nth-child(3)>td.dxgv' in '10' second(s)

2021-11-16 09:47:54 - [MESSAGE][INFO] - Smart Wait Function is triggered

2021-11-16 09:48:00 - [MESSAGE][INFO] - Found 8 web elements with id: 'Object Repository/Tablo/OlusturulanVeri' located by 'By.cssSelector: table.dxgvTable_LECustomTheme>tbody>tr:nth-child(3)>td.dxgv b,table.dxgvTable_LECustomTheme>tbody>tr:nth-child(3)>td.dxgv' in '10' second(s)

2021-11-16 09:48:00 - [MESSAGE][PASSED] - Object 'Object Repository/Tablo/OlusturulanVeri' is visible

2021-11-16 09:48:00 - [TEST_STEP][FAILED] - Method.TextDegerineEsitElementVarMi(findTestObject("Tablo/OlusturulanVeri"), Unvan): Assertion failed: 

assert a
       |
       false


2021-11-16 09:48:00 - [MESSAGE][INFO] - Finding Test Object 'Object Repository/Tablo/OlusturulanVeri'

2021-11-16 09:48:00 - [MESSAGE][INFO] - Checking timeout

2021-11-16 09:48:00 - [MESSAGE][INFO] - Finding web element with id: 'Object Repository/Tablo/OlusturulanVeri' located by 'By.cssSelector: table.dxgvTable_LECustomTheme>tbody>tr:nth-child(3)>td.dxgv b,table.dxgvTable_LECustomTheme>tbody>tr:nth-child(3)>td.dxgv' in '10' second(s)

2021-11-16 09:48:00 - [MESSAGE][INFO] - Smart Wait Function is triggered

2021-11-16 09:48:00 - [MESSAGE][INFO] - Found 8 web elements with id: 'Object Repository/Tablo/OlusturulanVeri' located by 'By.cssSelector: table.dxgvTable_LECustomTheme>tbody>tr:nth-child(3)>td.dxgv b,table.dxgvTable_LECustomTheme>tbody>tr:nth-child(3)>td.dxgv' in '10' second(s)

2021-11-16 09:48:00 - [MESSAGE][FAILED] - Assertion failed: 

assert a
       |
       false


2021-11-16 09:48:00 - [MESSAGE][FAILED] - Unable to call Test Case 'Test Cases/Tablo/TablodaUnvanliVeriOlusturulduMu' (Root cause: com.kms.katalon.core.exception.StepErrorException: Call Test Case 'Test Cases/Tablo/TablodaUnvanliVeriOlusturulduMu' failed because of error(s)
	at com.kms.katalon.core.keyword.builtin.CallTestCaseKeyword$_callTestCase_closure1.doCall(CallTestCaseKeyword.groovy:66)
	at com.kms.katalon.core.keyword.builtin.CallTestCaseKeyword$_callTestCase_closure1.call(CallTestCaseKeyword.groovy)
	at com.kms.katalon.core.keyword.internal.KeywordMain.runKeyword(KeywordMain.groovy:68)
	at com.kms.katalon.core.keyword.builtin.CallTestCaseKeyword.callTestCase(CallTestCaseKeyword.groovy:81)
	at com.kms.katalon.core.keyword.builtin.CallTestCaseKeyword.execute(CallTestCaseKeyword.groovy:44)
	at com.kms.katalon.core.keyword.internal.KeywordExecutor.executeKeywordForPlatform(KeywordExecutor.groovy:73)
	at com.kms.katalon.core.keyword.BuiltinKeywords.callTestCase(BuiltinKeywords.groovy:334)
	at tablo.tablo.tablodaUnvanliVeriOlusturulduMu(tablo.groovy:115)
	at cucumber.runtime.Utils$1.call(Utils.java:26)
	at cucumber.runtime.Timeout.timeout(Timeout.java:16)
	at cucumber.runtime.Utils.invoke(Utils.java:20)
	at cucumber.runtime.java.JavaStepDefinition.execute(JavaStepDefinition.java:49)
	at cucumber.runner.PickleStepDefinitionMatch.runStep(PickleStepDefinitionMatch.java:50)
	at cucumber.runner.TestStep.executeStep(TestStep.java:63)
	at cucumber.runner.TestStep.run(TestStep.java:49)
	at cucumber.runner.PickleStepTestStep.run(PickleStepTestStep.java:43)
	at cucumber.runner.TestCase.run(TestCase.java:44)
	at cucumber.runner.Runner.runPickle(Runner.java:40)
	at cucumber.runtime.Runtime$1.run(Runtime.java:84)
	at cucumber.runtime.Runtime$SameThreadExecutorService.execute(Runtime.java:220)
	at cucumber.runtime.Runtime.run(Runtime.java:81)
	at cucumber.api.cli.Main.run(Main.java:26)
	at cucumber.api.cli.Main$run.call(Unknown Source)
	at com.kms.katalon.core.cucumber.keyword.CucumberBuiltinKeywords$_runFeatureFile_closure1.doCall(CucumberBuiltinKeywords.groovy:106)
	at com.kms.katalon.core.cucumber.keyword.CucumberBuiltinKeywords$_runFeatureFile_closure1.doCall(CucumberBuiltinKeywords.groovy)
	at com.kms.katalon.core.keyword.internal.KeywordMain.runKeyword(KeywordMain.groovy:68)
	at com.kms.katalon.core.keyword.internal.KeywordMain$runKeyword.call(Unknown Source)
	at com.kms.katalon.core.cucumber.keyword.CucumberBuiltinKeywords.runFeatureFile(CucumberBuiltinKeywords.groovy:73)
	at com.kms.katalon.core.cucumber.keyword.CucumberBuiltinKeywords$runFeatureFile$0.callStatic(Unknown Source)
	at com.kms.katalon.core.cucumber.keyword.CucumberBuiltinKeywords.runFeatureFile(CucumberBuiltinKeywords.groovy:246)
	at com.kms.katalon.core.cucumber.keyword.CucumberBuiltinKeywords$runFeatureFile.call(Unknown Source)
	at Yukle e-Fatura.run(Yukle e-Fatura:19)
	at com.kms.katalon.core.main.ScriptEngine.run(ScriptEngine.java:194)
	at com.kms.katalon.core.main.ScriptEngine.runScriptAsRawText(ScriptEngine.java:119)
	at com.kms.katalon.core.main.TestCaseExecutor.runScript(TestCaseExecutor.java:369)
	at com.kms.katalon.core.main.TestCaseExecutor.doExecute(TestCaseExecutor.java:360)
	at com.kms.katalon.core.main.TestCaseExecutor.processExecutionPhase(TestCaseExecutor.java:339)
	at com.kms.katalon.core.main.TestCaseExecutor.accessMainPhase(TestCaseExecutor.java:331)
	at com.kms.katalon.core.main.TestCaseExecutor.execute(TestCaseExecutor.java:248)
	at com.kms.katalon.core.main.TestSuiteExecutor.accessTestCaseMainPhase(TestSuiteExecutor.java:191)
	at com.kms.katalon.core.main.TestSuiteExecutor.accessTestSuiteMainPhase(TestSuiteExecutor.java:140)
	at com.kms.katalon.core.main.TestSuiteExecutor.execute(TestSuiteExecutor.java:89)
	at com.kms.katalon.core.main.TestCaseMain.startTestSuite(TestCaseMain.java:181)
	at com.kms.katalon.core.main.TestCaseMain$startTestSuite$0.call(Unknown Source)
	at TempTestSuite1637042483031.run(TempTestSuite1637042483031.groovy:39)
Caused by: org.codehaus.groovy.runtime.InvokerInvocationException: Assertion failed: 

assert a
       |
       false

	at Method.invokeMethod(Method.groovy)
	at com.kms.katalon.core.main.CustomKeywordDelegatingMetaClass.invokeStaticMethod(CustomKeywordDelegatingMetaClass.java:50)
	at TablodaUnvanliVeriOlusturulduMu.run(TablodaUnvanliVeriOlusturulduMu:22)
	at com.kms.katalon.core.main.ScriptEngine.run(ScriptEngine.java:194)
	at com.kms.katalon.core.main.ScriptEngine.runScriptAsRawText(ScriptEngine.java:119)
	at com.kms.katalon.core.main.TestCaseExecutor.runScript(TestCaseExecutor.java:369)
	at com.kms.katalon.core.main.TestCaseExecutor.doExecute(TestCaseExecutor.java:360)
	at com.kms.katalon.core.main.TestCaseExecutor.processExecutionPhase(TestCaseExecutor.java:339)
	at com.kms.katalon.core.main.TestCaseExecutor.accessMainPhase(TestCaseExecutor.java:331)
	at com.kms.katalon.core.main.TestCaseExecutor.execute(TestCaseExecutor.java:248)
	at com.kms.katalon.core.main.TestCaseMain.runTestCase(TestCaseMain.java:138)
	at com.kms.katalon.core.keyword.builtin.CallTestCaseKeyword$_callTestCase_closure1.doCall(CallTestCaseKeyword.groovy:59)
	... 44 more
Caused by: Assertion failed: 

assert a
       |
       false

	at Method.TextDegerineEsitElementVarMi(Method.groovy:277)
	... 56 more
)

2021-11-16 09:48:00 - [TEST_CASE][ERROR] - Start Test Case : SCENARIO Tasarim Araclari Yukle e-Fatura: SCENARIO Tasarim Araclari Yukle e-Fatura FAILED.
Reason:
com.kms.katalon.core.exception.StepErrorException: Call Test Case 'Test Cases/Tablo/TablodaUnvanliVeriOlusturulduMu' failed because of error(s)
	at com.kms.katalon.core.keyword.builtin.CallTestCaseKeyword$_callTestCase_closure1.doCall(CallTestCaseKeyword.groovy:66)
	at com.kms.katalon.core.keyword.builtin.CallTestCaseKeyword$_callTestCase_closure1.call(CallTestCaseKeyword.groovy)
	at com.kms.katalon.core.keyword.internal.KeywordMain.runKeyword(KeywordMain.groovy:68)
	at com.kms.katalon.core.keyword.builtin.CallTestCaseKeyword.callTestCase(CallTestCaseKeyword.groovy:81)
	at com.kms.katalon.core.keyword.builtin.CallTestCaseKeyword.execute(CallTestCaseKeyword.groovy:44)
	at com.kms.katalon.core.keyword.internal.KeywordExecutor.executeKeywordForPlatform(KeywordExecutor.groovy:73)
	at com.kms.katalon.core.keyword.BuiltinKeywords.callTestCase(BuiltinKeywords.groovy:334)
	at tablo.tablo.tablodaUnvanliVeriOlusturulduMu(tablo.groovy:115)
	at ✽.Tabloda FCDD449F-F6B4-4D5F-B436-1E81B80A7193.xslt- ünvanlı veri oluşturuldu mu(C:/Users/DELL/Documents/GitHub/EES_KatalonLogo/Include/features/Ayarlar/Gorsel Tasarimlar/Tasarim Araclari/Yukle e-Fatura.feature:15)
Caused by: org.codehaus.groovy.runtime.InvokerInvocationException: Assertion failed: 

assert a
       |
       false

	at Method.invokeMethod(Method.groovy)
	at com.kms.katalon.core.main.CustomKeywordDelegatingMetaClass.invokeStaticMethod(CustomKeywordDelegatingMetaClass.java:50)
	at TablodaUnvanliVeriOlusturulduMu.run(TablodaUnvanliVeriOlusturulduMu:22)
	at com.kms.katalon.core.main.ScriptEngine.run(ScriptEngine.java:194)
	at com.kms.katalon.core.main.ScriptEngine.runScriptAsRawText(ScriptEngine.java:119)
	at com.kms.katalon.core.main.TestCaseExecutor.runScript(TestCaseExecutor.java:369)
	at com.kms.katalon.core.main.TestCaseExecutor.doExecute(TestCaseExecutor.java:360)
	at com.kms.katalon.core.main.TestCaseExecutor.processExecutionPhase(TestCaseExecutor.java:339)
	at com.kms.katalon.core.main.TestCaseExecutor.accessMainPhase(TestCaseExecutor.java:331)
	at com.kms.katalon.core.main.TestCaseExecutor.execute(TestCaseExecutor.java:248)
	at com.kms.katalon.core.main.TestCaseMain.runTestCase(TestCaseMain.java:138)
	at com.kms.katalon.core.keyword.builtin.CallTestCaseKeyword$_callTestCase_closure1.doCall(CallTestCaseKeyword.groovy:59)
	at com.kms.katalon.core.keyword.builtin.CallTestCaseKeyword$_callTestCase_closure1.call(CallTestCaseKeyword.groovy)
	at com.kms.katalon.core.keyword.internal.KeywordMain.runKeyword(KeywordMain.groovy:68)
	at com.kms.katalon.core.keyword.builtin.CallTestCaseKeyword.callTestCase(CallTestCaseKeyword.groovy:81)
	at com.kms.katalon.core.keyword.builtin.CallTestCaseKeyword.execute(CallTestCaseKeyword.groovy:44)
	at com.kms.katalon.core.keyword.internal.KeywordExecutor.executeKeywordForPlatform(KeywordExecutor.groovy:73)
	at com.kms.katalon.core.keyword.BuiltinKeywords.callTestCase(BuiltinKeywords.groovy:334)
	at tablo.tablo.tablodaUnvanliVeriOlusturulduMu(tablo.groovy:115)
	at cucumber.runtime.Utils$1.call(Utils.java:26)
	at cucumber.runtime.Timeout.timeout(Timeout.java:16)
	at cucumber.runtime.Utils.invoke(Utils.java:20)
	at cucumber.runtime.java.JavaStepDefinition.execute(JavaStepDefinition.java:49)
	at cucumber.runner.PickleStepDefinitionMatch.runStep(PickleStepDefinitionMatch.java:50)
	at cucumber.runner.TestStep.executeStep(TestStep.java:63)
	at cucumber.runner.TestStep.run(TestStep.java:49)
	at cucumber.runner.PickleStepTestStep.run(PickleStepTestStep.java:43)
	at cucumber.runner.TestCase.run(TestCase.java:44)
	at cucumber.runner.Runner.runPickle(Runner.java:40)
	at cucumber.runtime.Runtime$1.run(Runtime.java:84)
	at cucumber.runtime.Runtime$SameThreadExecutorService.execute(Runtime.java:220)
	at cucumber.runtime.Runtime.run(Runtime.java:81)
	at cucumber.api.cli.Main.run(Main.java:26)
	at cucumber.api.cli.Main$run.call(Unknown Source)
	at com.kms.katalon.core.cucumber.keyword.CucumberBuiltinKeywords$_runFeatureFile_closure1.doCall(CucumberBuiltinKeywords.groovy:106)
	at com.kms.katalon.core.cucumber.keyword.CucumberBuiltinKeywords$_runFeatureFile_closure1.doCall(CucumberBuiltinKeywords.groovy)
	at com.kms.katalon.core.keyword.internal.KeywordMain.runKeyword(KeywordMain.groovy:68)
	at com.kms.katalon.core.keyword.internal.KeywordMain$runKeyword.call(Unknown Source)
	at com.kms.katalon.core.cucumber.keyword.CucumberBuiltinKeywords.runFeatureFile(CucumberBuiltinKeywords.groovy:73)
	at com.kms.katalon.core.cucumber.keyword.CucumberBuiltinKeywords$runFeatureFile$0.callStatic(Unknown Source)
	at com.kms.katalon.core.cucumber.keyword.CucumberBuiltinKeywords.runFeatureFile(CucumberBuiltinKeywords.groovy:246)
	at com.kms.katalon.core.cucumber.keyword.CucumberBuiltinKeywords$runFeatureFile.call(Unknown Source)
	at Yukle e-Fatura.run(Yukle e-Fatura:19)
	at com.kms.katalon.core.main.ScriptEngine.run(ScriptEngine.java:194)
	at com.kms.katalon.core.main.ScriptEngine.runScriptAsRawText(ScriptEngine.java:119)
	at com.kms.katalon.core.main.TestCaseExecutor.runScript(TestCaseExecutor.java:369)
	at com.kms.katalon.core.main.TestCaseExecutor.doExecute(TestCaseExecutor.java:360)
	at com.kms.katalon.core.main.TestCaseExecutor.processExecutionPhase(TestCaseExecutor.java:339)
	at com.kms.katalon.core.main.TestCaseExecutor.accessMainPhase(TestCaseExecutor.java:331)
	at com.kms.katalon.core.main.TestCaseExecutor.execute(TestCaseExecutor.java:248)
	at com.kms.katalon.core.main.TestSuiteExecutor.accessTestCaseMainPhase(TestSuiteExecutor.java:191)
	at com.kms.katalon.core.main.TestSuiteExecutor.accessTestSuiteMainPhase(TestSuiteExecutor.java:140)
	at com.kms.katalon.core.main.TestSuiteExecutor.execute(TestSuiteExecutor.java:89)
	at com.kms.katalon.core.main.TestCaseMain.startTestSuite(TestCaseMain.java:181)
	at com.kms.katalon.core.main.TestCaseMain$startTestSuite$0.call(Unknown Source)
	at TempTestSuite1637042483031.run(TempTestSuite1637042483031.groovy:39)
Caused by: Assertion failed: 

assert a
       |
       false

	at Method.TextDegerineEsitElementVarMi(Method.groovy:277)
	... 56 more


2021-11-16 09:48:00 - [TEST_STEP][PASSED] - Kullanıcı adı ELOGO6 ve Şifre 123456 olarak giriş yapılır: Kullanıcı adı ELOGO6 ve Şifre 123456 olarak giriş yapılır

2021-11-16 09:48:00 - [MESSAGE][PASSED] - Kullanıcı adı ELOGO6 ve Şifre 123456 olarak giriş yapılır

2021-11-16 09:48:00 - [TEST_STEP][PASSED] - Ana menüden Ayarlar seçilir: Ana menüden Ayarlar seçilir

2021-11-16 09:48:00 - [MESSAGE][PASSED] - Ana menüden Ayarlar seçilir

2021-11-16 09:48:00 - [TEST_STEP][PASSED] - Alt menü Görsel Tasarımlar başlığı altındaki Tasarım Araçları seçilir: Alt menü Görsel Tasarımlar başlığı altındaki Tasarım Araçları seçilir

2021-11-16 09:48:00 - [MESSAGE][PASSED] - Alt menü Görsel Tasarımlar başlığı altındaki Tasarım Araçları seçilir

2021-11-16 09:48:00 - [TEST_STEP][PASSED] - Tabloda veri var mı kontrol edilir: Tabloda veri var mı kontrol edilir

2021-11-16 09:48:00 - [MESSAGE][PASSED] - Tabloda veri var mı kontrol edilir

2021-11-16 09:48:00 - [TEST_STEP][PASSED] - Butonlardan Yukle isimli butona tıklanır: Butonlardan Yukle isimli butona tıklanır

2021-11-16 09:48:00 - [MESSAGE][PASSED] - Butonlardan Yukle isimli butona tıklanır

2021-11-16 09:48:00 - [TEST_STEP][PASSED] - Alt butonlardan e-Fatura butonuna tıklanır: Alt butonlardan e-Fatura butonuna tıklanır

2021-11-16 09:48:00 - [MESSAGE][PASSED] - Alt butonlardan e-Fatura butonuna tıklanır

2021-11-16 09:48:00 - [TEST_STEP][PASSED] - Tasarım Araçları Dosya Yükleme alanına C:\otomasyonupfiles\Ayarlar\FCDD449F-F6B4-4D5F-B436-1E81B80A7193.xslt dizinindeki dosya yüklenir: Tasarım Araçları Dosya Yükleme alanına C:\otomasyonupfiles\Ayarlar\FCDD449F-F6B4-4D5F-B436-1E81B80A7193.xslt dizinindeki dosya yüklenir

2021-11-16 09:48:00 - [MESSAGE][PASSED] - Tasarım Araçları Dosya Yükleme alanına C:\otomasyonupfiles\Ayarlar\FCDD449F-F6B4-4D5F-B436-1E81B80A7193.xslt dizinindeki dosya yüklenir

2021-11-16 09:48:00 - [TEST_STEP][ERROR] - Tabloda FCDD449F-F6B4-4D5F-B436-1E81B80A7193.xslt- ünvanlı veri oluşturuldu mu: Tabloda FCDD449F-F6B4-4D5F-B436-1E81B80A7193.xslt- ünvanlı veri oluşturuldu mu FAILED.
Reason:
com.kms.katalon.core.exception.StepErrorException: Call Test Case 'Test Cases/Tablo/TablodaUnvanliVeriOlusturulduMu' failed because of error(s)
	at com.kms.katalon.core.keyword.builtin.CallTestCaseKeyword$_callTestCase_closure1.doCall(CallTestCaseKeyword.groovy:66)
	at com.kms.katalon.core.keyword.builtin.CallTestCaseKeyword$_callTestCase_closure1.call(CallTestCaseKeyword.groovy)
	at com.kms.katalon.core.keyword.internal.KeywordMain.runKeyword(KeywordMain.groovy:68)
	at com.kms.katalon.core.keyword.builtin.CallTestCaseKeyword.callTestCase(CallTestCaseKeyword.groovy:81)
	at com.kms.katalon.core.keyword.builtin.CallTestCaseKeyword.execute(CallTestCaseKeyword.groovy:44)
	at com.kms.katalon.core.keyword.internal.KeywordExecutor.executeKeywordForPlatform(KeywordExecutor.groovy:73)
	at com.kms.katalon.core.keyword.BuiltinKeywords.callTestCase(BuiltinKeywords.groovy:334)
	at tablo.tablo.tablodaUnvanliVeriOlusturulduMu(tablo.groovy:115)
	at ✽.Tabloda FCDD449F-F6B4-4D5F-B436-1E81B80A7193.xslt- ünvanlı veri oluşturuldu mu(C:/Users/DELL/Documents/GitHub/EES_KatalonLogo/Include/features/Ayarlar/Gorsel Tasarimlar/Tasarim Araclari/Yukle e-Fatura.feature:15)
Caused by: org.codehaus.groovy.runtime.InvokerInvocationException: Assertion failed: 

assert a
       |
       false

	at Method.invokeMethod(Method.groovy)
	at com.kms.katalon.core.main.CustomKeywordDelegatingMetaClass.invokeStaticMethod(CustomKeywordDelegatingMetaClass.java:50)
	at TablodaUnvanliVeriOlusturulduMu.run(TablodaUnvanliVeriOlusturulduMu:22)
	at com.kms.katalon.core.main.ScriptEngine.run(ScriptEngine.java:194)
	at com.kms.katalon.core.main.ScriptEngine.runScriptAsRawText(ScriptEngine.java:119)
	at com.kms.katalon.core.main.TestCaseExecutor.runScript(TestCaseExecutor.java:369)
	at com.kms.katalon.core.main.TestCaseExecutor.doExecute(TestCaseExecutor.java:360)
	at com.kms.katalon.core.main.TestCaseExecutor.processExecutionPhase(TestCaseExecutor.java:339)
	at com.kms.katalon.core.main.TestCaseExecutor.accessMainPhase(TestCaseExecutor.java:331)
	at com.kms.katalon.core.main.TestCaseExecutor.execute(TestCaseExecutor.java:248)
	at com.kms.katalon.core.main.TestCaseMain.runTestCase(TestCaseMain.java:138)
	at com.kms.katalon.core.keyword.builtin.CallTestCaseKeyword$_callTestCase_closure1.doCall(CallTestCaseKeyword.groovy:59)
	at com.kms.katalon.core.keyword.builtin.CallTestCaseKeyword$_callTestCase_closure1.call(CallTestCaseKeyword.groovy)
	at com.kms.katalon.core.keyword.internal.KeywordMain.runKeyword(KeywordMain.groovy:68)
	at com.kms.katalon.core.keyword.builtin.CallTestCaseKeyword.callTestCase(CallTestCaseKeyword.groovy:81)
	at com.kms.katalon.core.keyword.builtin.CallTestCaseKeyword.execute(CallTestCaseKeyword.groovy:44)
	at com.kms.katalon.core.keyword.internal.KeywordExecutor.executeKeywordForPlatform(KeywordExecutor.groovy:73)
	at com.kms.katalon.core.keyword.BuiltinKeywords.callTestCase(BuiltinKeywords.groovy:334)
	at tablo.tablo.tablodaUnvanliVeriOlusturulduMu(tablo.groovy:115)
	at cucumber.runtime.Utils$1.call(Utils.java:26)
	at cucumber.runtime.Timeout.timeout(Timeout.java:16)
	at cucumber.runtime.Utils.invoke(Utils.java:20)
	at cucumber.runtime.java.JavaStepDefinition.execute(JavaStepDefinition.java:49)
	at cucumber.runner.PickleStepDefinitionMatch.runStep(PickleStepDefinitionMatch.java:50)
	at cucumber.runner.TestStep.executeStep(TestStep.java:63)
	at cucumber.runner.TestStep.run(TestStep.java:49)
	at cucumber.runner.PickleStepTestStep.run(PickleStepTestStep.java:43)
	at cucumber.runner.TestCase.run(TestCase.java:44)
	at cucumber.runner.Runner.runPickle(Runner.java:40)
	at cucumber.runtime.Runtime$1.run(Runtime.java:84)
	at cucumber.runtime.Runtime$SameThreadExecutorService.execute(Runtime.java:220)
	at cucumber.runtime.Runtime.run(Runtime.java:81)
	at cucumber.api.cli.Main.run(Main.java:26)
	at cucumber.api.cli.Main$run.call(Unknown Source)
	at com.kms.katalon.core.cucumber.keyword.CucumberBuiltinKeywords$_runFeatureFile_closure1.doCall(CucumberBuiltinKeywords.groovy:106)
	at com.kms.katalon.core.cucumber.keyword.CucumberBuiltinKeywords$_runFeatureFile_closure1.doCall(CucumberBuiltinKeywords.groovy)
	at com.kms.katalon.core.keyword.internal.KeywordMain.runKeyword(KeywordMain.groovy:68)
	at com.kms.katalon.core.keyword.internal.KeywordMain$runKeyword.call(Unknown Source)
	at com.kms.katalon.core.cucumber.keyword.CucumberBuiltinKeywords.runFeatureFile(CucumberBuiltinKeywords.groovy:73)
	at com.kms.katalon.core.cucumber.keyword.CucumberBuiltinKeywords$runFeatureFile$0.callStatic(Unknown Source)
	at com.kms.katalon.core.cucumber.keyword.CucumberBuiltinKeywords.runFeatureFile(CucumberBuiltinKeywords.groovy:246)
	at com.kms.katalon.core.cucumber.keyword.CucumberBuiltinKeywords$runFeatureFile.call(Unknown Source)
	at Yukle e-Fatura.run(Yukle e-Fatura:19)
	at com.kms.katalon.core.main.ScriptEngine.run(ScriptEngine.java:194)
	at com.kms.katalon.core.main.ScriptEngine.runScriptAsRawText(ScriptEngine.java:119)
	at com.kms.katalon.core.main.TestCaseExecutor.runScript(TestCaseExecutor.java:369)
	at com.kms.katalon.core.main.TestCaseExecutor.doExecute(TestCaseExecutor.java:360)
	at com.kms.katalon.core.main.TestCaseExecutor.processExecutionPhase(TestCaseExecutor.java:339)
	at com.kms.katalon.core.main.TestCaseExecutor.accessMainPhase(TestCaseExecutor.java:331)
	at com.kms.katalon.core.main.TestCaseExecutor.execute(TestCaseExecutor.java:248)
	at com.kms.katalon.core.main.TestSuiteExecutor.accessTestCaseMainPhase(TestSuiteExecutor.java:191)
	at com.kms.katalon.core.main.TestSuiteExecutor.accessTestSuiteMainPhase(TestSuiteExecutor.java:140)
	at com.kms.katalon.core.main.TestSuiteExecutor.execute(TestSuiteExecutor.java:89)
	at com.kms.katalon.core.main.TestCaseMain.startTestSuite(TestCaseMain.java:181)
	at com.kms.katalon.core.main.TestCaseMain$startTestSuite$0.call(Unknown Source)
	at TempTestSuite1637042483031.run(TempTestSuite1637042483031.groovy:39)
Caused by: Assertion failed: 

assert a
       |
       false

	at Method.TextDegerineEsitElementVarMi(Method.groovy:277)
	... 56 more


2021-11-16 09:48:00 - [MESSAGE][ERROR] - Tabloda FCDD449F-F6B4-4D5F-B436-1E81B80A7193.xslt- ünvanlı veri oluşturuldu mu FAILED.
Reason:
com.kms.katalon.core.exception.StepErrorException: Call Test Case 'Test Cases/Tablo/TablodaUnvanliVeriOlusturulduMu' failed because of error(s)
	at com.kms.katalon.core.keyword.builtin.CallTestCaseKeyword$_callTestCase_closure1.doCall(CallTestCaseKeyword.groovy:66)
	at com.kms.katalon.core.keyword.builtin.CallTestCaseKeyword$_callTestCase_closure1.call(CallTestCaseKeyword.groovy)
	at com.kms.katalon.core.keyword.internal.KeywordMain.runKeyword(KeywordMain.groovy:68)
	at com.kms.katalon.core.keyword.builtin.CallTestCaseKeyword.callTestCase(CallTestCaseKeyword.groovy:81)
	at com.kms.katalon.core.keyword.builtin.CallTestCaseKeyword.execute(CallTestCaseKeyword.groovy:44)
	at com.kms.katalon.core.keyword.internal.KeywordExecutor.executeKeywordForPlatform(KeywordExecutor.groovy:73)
	at com.kms.katalon.core.keyword.BuiltinKeywords.callTestCase(BuiltinKeywords.groovy:334)
	at tablo.tablo.tablodaUnvanliVeriOlusturulduMu(tablo.groovy:115)
	at ✽.Tabloda FCDD449F-F6B4-4D5F-B436-1E81B80A7193.xslt- ünvanlı veri oluşturuldu mu(C:/Users/DELL/Documents/GitHub/EES_KatalonLogo/Include/features/Ayarlar/Gorsel Tasarimlar/Tasarim Araclari/Yukle e-Fatura.feature:15)
Caused by: org.codehaus.groovy.runtime.InvokerInvocationException: Assertion failed: 

assert a
       |
       false

	at Method.invokeMethod(Method.groovy)
	at com.kms.katalon.core.main.CustomKeywordDelegatingMetaClass.invokeStaticMethod(CustomKeywordDelegatingMetaClass.java:50)
	at TablodaUnvanliVeriOlusturulduMu.run(TablodaUnvanliVeriOlusturulduMu:22)
	at com.kms.katalon.core.main.ScriptEngine.run(ScriptEngine.java:194)
	at com.kms.katalon.core.main.ScriptEngine.runScriptAsRawText(ScriptEngine.java:119)
	at com.kms.katalon.core.main.TestCaseExecutor.runScript(TestCaseExecutor.java:369)
	at com.kms.katalon.core.main.TestCaseExecutor.doExecute(TestCaseExecutor.java:360)
	at com.kms.katalon.core.main.TestCaseExecutor.processExecutionPhase(TestCaseExecutor.java:339)
	at com.kms.katalon.core.main.TestCaseExecutor.accessMainPhase(TestCaseExecutor.java:331)
	at com.kms.katalon.core.main.TestCaseExecutor.execute(TestCaseExecutor.java:248)
	at com.kms.katalon.core.main.TestCaseMain.runTestCase(TestCaseMain.java:138)
	at com.kms.katalon.core.keyword.builtin.CallTestCaseKeyword$_callTestCase_closure1.doCall(CallTestCaseKeyword.groovy:59)
	at com.kms.katalon.core.keyword.builtin.CallTestCaseKeyword$_callTestCase_closure1.call(CallTestCaseKeyword.groovy)
	at com.kms.katalon.core.keyword.internal.KeywordMain.runKeyword(KeywordMain.groovy:68)
	at com.kms.katalon.core.keyword.builtin.CallTestCaseKeyword.callTestCase(CallTestCaseKeyword.groovy:81)
	at com.kms.katalon.core.keyword.builtin.CallTestCaseKeyword.execute(CallTestCaseKeyword.groovy:44)
	at com.kms.katalon.core.keyword.internal.KeywordExecutor.executeKeywordForPlatform(KeywordExecutor.groovy:73)
	at com.kms.katalon.core.keyword.BuiltinKeywords.callTestCase(BuiltinKeywords.groovy:334)
	at tablo.tablo.tablodaUnvanliVeriOlusturulduMu(tablo.groovy:115)
	at cucumber.runtime.Utils$1.call(Utils.java:26)
	at cucumber.runtime.Timeout.timeout(Timeout.java:16)
	at cucumber.runtime.Utils.invoke(Utils.java:20)
	at cucumber.runtime.java.JavaStepDefinition.execute(JavaStepDefinition.java:49)
	at cucumber.runner.PickleStepDefinitionMatch.runStep(PickleStepDefinitionMatch.java:50)
	at cucumber.runner.TestStep.executeStep(TestStep.java:63)
	at cucumber.runner.TestStep.run(TestStep.java:49)
	at cucumber.runner.PickleStepTestStep.run(PickleStepTestStep.java:43)
	at cucumber.runner.TestCase.run(TestCase.java:44)
	at cucumber.runner.Runner.runPickle(Runner.java:40)
	at cucumber.runtime.Runtime$1.run(Runtime.java:84)
	at cucumber.runtime.Runtime$SameThreadExecutorService.execute(Runtime.java:220)
	at cucumber.runtime.Runtime.run(Runtime.java:81)
	at cucumber.api.cli.Main.run(Main.java:26)
	at cucumber.api.cli.Main$run.call(Unknown Source)
	at com.kms.katalon.core.cucumber.keyword.CucumberBuiltinKeywords$_runFeatureFile_closure1.doCall(CucumberBuiltinKeywords.groovy:106)
	at com.kms.katalon.core.cucumber.keyword.CucumberBuiltinKeywords$_runFeatureFile_closure1.doCall(CucumberBuiltinKeywords.groovy)
	at com.kms.katalon.core.keyword.internal.KeywordMain.runKeyword(KeywordMain.groovy:68)
	at com.kms.katalon.core.keyword.internal.KeywordMain$runKeyword.call(Unknown Source)
	at com.kms.katalon.core.cucumber.keyword.CucumberBuiltinKeywords.runFeatureFile(CucumberBuiltinKeywords.groovy:73)
	at com.kms.katalon.core.cucumber.keyword.CucumberBuiltinKeywords$runFeatureFile$0.callStatic(Unknown Source)
	at com.kms.katalon.core.cucumber.keyword.CucumberBuiltinKeywords.runFeatureFile(CucumberBuiltinKeywords.groovy:246)
	at com.kms.katalon.core.cucumber.keyword.CucumberBuiltinKeywords$runFeatureFile.call(Unknown Source)
	at Yukle e-Fatura.run(Yukle e-Fatura:19)
	at com.kms.katalon.core.main.ScriptEngine.run(ScriptEngine.java:194)
	at com.kms.katalon.core.main.ScriptEngine.runScriptAsRawText(ScriptEngine.java:119)
	at com.kms.katalon.core.main.TestCaseExecutor.runScript(TestCaseExecutor.java:369)
	at com.kms.katalon.core.main.TestCaseExecutor.doExecute(TestCaseExecutor.java:360)
	at com.kms.katalon.core.main.TestCaseExecutor.processExecutionPhase(TestCaseExecutor.java:339)
	at com.kms.katalon.core.main.TestCaseExecutor.accessMainPhase(TestCaseExecutor.java:331)
	at com.kms.katalon.core.main.TestCaseExecutor.execute(TestCaseExecutor.java:248)
	at com.kms.katalon.core.main.TestSuiteExecutor.accessTestCaseMainPhase(TestSuiteExecutor.java:191)
	at com.kms.katalon.core.main.TestSuiteExecutor.accessTestSuiteMainPhase(TestSuiteExecutor.java:140)
	at com.kms.katalon.core.main.TestSuiteExecutor.execute(TestSuiteExecutor.java:89)
	at com.kms.katalon.core.main.TestCaseMain.startTestSuite(TestCaseMain.java:181)
	at com.kms.katalon.core.main.TestCaseMain$startTestSuite$0.call(Unknown Source)
	at TempTestSuite1637042483031.run(TempTestSuite1637042483031.groovy:39)
Caused by: Assertion failed: 

assert a
       |
       false

	at Method.TextDegerineEsitElementVarMi(Method.groovy:277)
	... 56 more


2021-11-16 09:48:00 - [TEST_STEP][NOT_RUN] - Kullanıcı işlemlerinden Çıkış seçilir: Kullanıcı işlemlerinden Çıkış seçilir

2021-11-16 09:48:00 - [MESSAGE][NOT_RUN] - Kullanıcı işlemlerinden Çıkış seçilir

2021-11-16 09:48:00 - [MESSAGE][FAILED] - Feature file 'Include/features/Ayarlar/Gorsel Tasarimlar/Tasarim Araclari/Yukle e-Fatura.feature' was failed

2021-11-16 09:48:00 - [MESSAGE][FAILED] - Keyword runFeatureFile was failed (Root cause: com.kms.katalon.core.exception.StepFailedException: Feature file 'Include/features/Ayarlar/Gorsel Tasarimlar/Tasarim Araclari/Yukle e-Fatura.feature' was failed
	at com.kms.katalon.core.keyword.internal.KeywordMain.stepFailed(KeywordMain.groovy:50)
	at com.kms.katalon.core.keyword.internal.KeywordMain.stepFailed(KeywordMain.groovy)
	at com.kms.katalon.core.keyword.internal.KeywordMain.stepFailed(KeywordMain.groovy:23)
	at com.kms.katalon.core.keyword.internal.KeywordMain$stepFailed$0.call(Unknown Source)
	at com.kms.katalon.core.cucumber.keyword.CucumberBuiltinKeywords$_runFeatureFile_closure1.doCall(CucumberBuiltinKeywords.groovy:112)
	at com.kms.katalon.core.cucumber.keyword.CucumberBuiltinKeywords$_runFeatureFile_closure1.doCall(CucumberBuiltinKeywords.groovy)
	at com.kms.katalon.core.keyword.internal.KeywordMain.runKeyword(KeywordMain.groovy:68)
	at com.kms.katalon.core.keyword.internal.KeywordMain$runKeyword.call(Unknown Source)
	at com.kms.katalon.core.cucumber.keyword.CucumberBuiltinKeywords.runFeatureFile(CucumberBuiltinKeywords.groovy:73)
	at com.kms.katalon.core.cucumber.keyword.CucumberBuiltinKeywords$runFeatureFile$0.callStatic(Unknown Source)
	at com.kms.katalon.core.cucumber.keyword.CucumberBuiltinKeywords.runFeatureFile(CucumberBuiltinKeywords.groovy:246)
	at com.kms.katalon.core.cucumber.keyword.CucumberBuiltinKeywords$runFeatureFile.call(Unknown Source)
	at Yukle e-Fatura.run(Yukle e-Fatura:19)
	at com.kms.katalon.core.main.ScriptEngine.run(ScriptEngine.java:194)
	at com.kms.katalon.core.main.ScriptEngine.runScriptAsRawText(ScriptEngine.java:119)
	at com.kms.katalon.core.main.TestCaseExecutor.runScript(TestCaseExecutor.java:369)
	at com.kms.katalon.core.main.TestCaseExecutor.doExecute(TestCaseExecutor.java:360)
	at com.kms.katalon.core.main.TestCaseExecutor.processExecutionPhase(TestCaseExecutor.java:339)
	at com.kms.katalon.core.main.TestCaseExecutor.accessMainPhase(TestCaseExecutor.java:331)
	at com.kms.katalon.core.main.TestCaseExecutor.execute(TestCaseExecutor.java:248)
	at com.kms.katalon.core.main.TestSuiteExecutor.accessTestCaseMainPhase(TestSuiteExecutor.java:191)
	at com.kms.katalon.core.main.TestSuiteExecutor.accessTestSuiteMainPhase(TestSuiteExecutor.java:140)
	at com.kms.katalon.core.main.TestSuiteExecutor.execute(TestSuiteExecutor.java:89)
	at com.kms.katalon.core.main.TestCaseMain.startTestSuite(TestCaseMain.java:181)
	at com.kms.katalon.core.main.TestCaseMain$startTestSuite$0.call(Unknown Source)
	at TempTestSuite1637042483031.run(TempTestSuite1637042483031.groovy:39)
)

2021-11-16 09:48:00 - [TEST_STEP][PASSED] - Start listener action : sampleAfterTestSuite: Invoke 'com.kms.katalon.core.annotation.AfterTestCase' method: 'Listener.sampleAfterTestSuite(...)' completed.

2021-11-16 09:48:00 - [MESSAGE][INFO] - Starting invoke 'com.kms.katalon.core.annotation.AfterTestCase' method: 'Listener.sampleAfterTestSuite(...)'

2021-11-16 09:48:00 - [TEST_STEP][PASSED] - closeBrowser(): Invoke 'com.kms.katalon.core.annotation.AfterTestCase' method: 'Listener.sampleAfterTestSuite(...)' completed.

2021-11-16 09:48:00 - [MESSAGE][INFO] - Closing browser

2021-11-16 09:48:01 - [MESSAGE][PASSED] - Browser is closed

2021-11-16 09:48:01 - [MESSAGE][INFO] - Invoke 'com.kms.katalon.core.annotation.AfterTestCase' method: 'Listener.sampleAfterTestSuite(...)' completed.]]></system-out>
         <system-err><![CDATA[2021-11-16 09:47:26 - [TEST_CASE][FAILED] - Test Cases/Case Repository/Ayarlar/Gorsel Tasarim/Tasarim Araclari/Yukle e-Fatura: Test Cases/Case Repository/Ayarlar/Gorsel Tasarim/Tasarim Araclari/Yukle e-Fatura FAILED.
Reason:
com.kms.katalon.core.exception.StepFailedException: Feature file 'Include/features/Ayarlar/Gorsel Tasarimlar/Tasarim Araclari/Yukle e-Fatura.feature' was failed
	at com.kms.katalon.core.keyword.internal.KeywordMain.stepFailed(KeywordMain.groovy:50)
	at com.kms.katalon.core.keyword.internal.KeywordMain.stepFailed(KeywordMain.groovy)
	at com.kms.katalon.core.keyword.internal.KeywordMain.stepFailed(KeywordMain.groovy:23)
	at com.kms.katalon.core.keyword.internal.KeywordMain$stepFailed$0.call(Unknown Source)
	at com.kms.katalon.core.cucumber.keyword.CucumberBuiltinKeywords$_runFeatureFile_closure1.doCall(CucumberBuiltinKeywords.groovy:112)
	at com.kms.katalon.core.cucumber.keyword.CucumberBuiltinKeywords$_runFeatureFile_closure1.doCall(CucumberBuiltinKeywords.groovy)
	at com.kms.katalon.core.keyword.internal.KeywordMain.runKeyword(KeywordMain.groovy:68)
	at com.kms.katalon.core.keyword.internal.KeywordMain$runKeyword.call(Unknown Source)
	at com.kms.katalon.core.cucumber.keyword.CucumberBuiltinKeywords.runFeatureFile(CucumberBuiltinKeywords.groovy:73)
	at com.kms.katalon.core.cucumber.keyword.CucumberBuiltinKeywords$runFeatureFile$0.callStatic(Unknown Source)
	at com.kms.katalon.core.cucumber.keyword.CucumberBuiltinKeywords.runFeatureFile(CucumberBuiltinKeywords.groovy:246)
	at com.kms.katalon.core.cucumber.keyword.CucumberBuiltinKeywords$runFeatureFile.call(Unknown Source)
	at Yukle e-Fatura.run(Yukle e-Fatura:19)
	at com.kms.katalon.core.main.ScriptEngine.run(ScriptEngine.java:194)
	at com.kms.katalon.core.main.ScriptEngine.runScriptAsRawText(ScriptEngine.java:119)
	at com.kms.katalon.core.main.TestCaseExecutor.runScript(TestCaseExecutor.java:369)
	at com.kms.katalon.core.main.TestCaseExecutor.doExecute(TestCaseExecutor.java:360)
	at com.kms.katalon.core.main.TestCaseExecutor.processExecutionPhase(TestCaseExecutor.java:339)
	at com.kms.katalon.core.main.TestCaseExecutor.accessMainPhase(TestCaseExecutor.java:331)
	at com.kms.katalon.core.main.TestCaseExecutor.execute(TestCaseExecutor.java:248)
	at com.kms.katalon.core.main.TestSuiteExecutor.accessTestCaseMainPhase(TestSuiteExecutor.java:191)
	at com.kms.katalon.core.main.TestSuiteExecutor.accessTestSuiteMainPhase(TestSuiteExecutor.java:140)
	at com.kms.katalon.core.main.TestSuiteExecutor.execute(TestSuiteExecutor.java:89)
	at com.kms.katalon.core.main.TestCaseMain.startTestSuite(TestCaseMain.java:181)
	at com.kms.katalon.core.main.TestCaseMain$startTestSuite$0.call(Unknown Source)
	at TempTestSuite1637042483031.run(TempTestSuite1637042483031.groovy:39)]]></system-err>
      </testcase>
      <system-out><![CDATA[2021-11-16 09:33:54 - [TEST_SUITE][FAILED] - Ayarlar: Test Cases/Case Repository/Ayarlar/Gorsel Tasarim/Tasarim Araclari/Yukle e-Fatura FAILED.
Reason:
com.kms.katalon.core.exception.StepFailedException: Feature file 'Include/features/Ayarlar/Gorsel Tasarimlar/Tasarim Araclari/Yukle e-Fatura.feature' was failed
	at com.kms.katalon.core.keyword.internal.KeywordMain.stepFailed(KeywordMain.groovy:50)
	at com.kms.katalon.core.keyword.internal.KeywordMain.stepFailed(KeywordMain.groovy)
	at com.kms.katalon.core.keyword.internal.KeywordMain.stepFailed(KeywordMain.groovy:23)
	at com.kms.katalon.core.keyword.internal.KeywordMain$stepFailed$0.call(Unknown Source)
	at com.kms.katalon.core.cucumber.keyword.CucumberBuiltinKeywords$_runFeatureFile_closure1.doCall(CucumberBuiltinKeywords.groovy:112)
	at com.kms.katalon.core.cucumber.keyword.CucumberBuiltinKeywords$_runFeatureFile_closure1.doCall(CucumberBuiltinKeywords.groovy)
	at com.kms.katalon.core.keyword.internal.KeywordMain.runKeyword(KeywordMain.groovy:68)
	at com.kms.katalon.core.keyword.internal.KeywordMain$runKeyword.call(Unknown Source)
	at com.kms.katalon.core.cucumber.keyword.CucumberBuiltinKeywords.runFeatureFile(CucumberBuiltinKeywords.groovy:73)
	at com.kms.katalon.core.cucumber.keyword.CucumberBuiltinKeywords$runFeatureFile$0.callStatic(Unknown Source)
	at com.kms.katalon.core.cucumber.keyword.CucumberBuiltinKeywords.runFeatureFile(CucumberBuiltinKeywords.groovy:246)
	at com.kms.katalon.core.cucumber.keyword.CucumberBuiltinKeywords$runFeatureFile.call(Unknown Source)
	at Yukle e-Fatura.run(Yukle e-Fatura:19)
	at com.kms.katalon.core.main.ScriptEngine.run(ScriptEngine.java:194)
	at com.kms.katalon.core.main.ScriptEngine.runScriptAsRawText(ScriptEngine.java:119)
	at com.kms.katalon.core.main.TestCaseExecutor.runScript(TestCaseExecutor.java:369)
	at com.kms.katalon.core.main.TestCaseExecutor.doExecute(TestCaseExecutor.java:360)
	at com.kms.katalon.core.main.TestCaseExecutor.processExecutionPhase(TestCaseExecutor.java:339)
	at com.kms.katalon.core.main.TestCaseExecutor.accessMainPhase(TestCaseExecutor.java:331)
	at com.kms.katalon.core.main.TestCaseExecutor.execute(TestCaseExecutor.java:248)
	at com.kms.katalon.core.main.TestSuiteExecutor.accessTestCaseMainPhase(TestSuiteExecutor.java:191)
	at com.kms.katalon.core.main.TestSuiteExecutor.accessTestSuiteMainPhase(TestSuiteExecutor.java:140)
	at com.kms.katalon.core.main.TestSuiteExecutor.execute(TestSuiteExecutor.java:89)
	at com.kms.katalon.core.main.TestCaseMain.startTestSuite(TestCaseMain.java:181)
	at com.kms.katalon.core.main.TestCaseMain$startTestSuite$0.call(Unknown Source)
	at TempTestSuite1637042483031.run(TempTestSuite1637042483031.groovy:39)]]></system-out>
      <system-err><![CDATA[2021-11-16 09:33:54 - [TEST_SUITE][FAILED] - Ayarlar: Test Cases/Case Repository/Ayarlar/Gorsel Tasarim/Tasarim Araclari/Yukle e-Fatura FAILED.
Reason:
com.kms.katalon.core.exception.StepFailedException: Feature file 'Include/features/Ayarlar/Gorsel Tasarimlar/Tasarim Araclari/Yukle e-Fatura.feature' was failed
	at com.kms.katalon.core.keyword.internal.KeywordMain.stepFailed(KeywordMain.groovy:50)
	at com.kms.katalon.core.keyword.internal.KeywordMain.stepFailed(KeywordMain.groovy)
	at com.kms.katalon.core.keyword.internal.KeywordMain.stepFailed(KeywordMain.groovy:23)
	at com.kms.katalon.core.keyword.internal.KeywordMain$stepFailed$0.call(Unknown Source)
	at com.kms.katalon.core.cucumber.keyword.CucumberBuiltinKeywords$_runFeatureFile_closure1.doCall(CucumberBuiltinKeywords.groovy:112)
	at com.kms.katalon.core.cucumber.keyword.CucumberBuiltinKeywords$_runFeatureFile_closure1.doCall(CucumberBuiltinKeywords.groovy)
	at com.kms.katalon.core.keyword.internal.KeywordMain.runKeyword(KeywordMain.groovy:68)
	at com.kms.katalon.core.keyword.internal.KeywordMain$runKeyword.call(Unknown Source)
	at com.kms.katalon.core.cucumber.keyword.CucumberBuiltinKeywords.runFeatureFile(CucumberBuiltinKeywords.groovy:73)
	at com.kms.katalon.core.cucumber.keyword.CucumberBuiltinKeywords$runFeatureFile$0.callStatic(Unknown Source)
	at com.kms.katalon.core.cucumber.keyword.CucumberBuiltinKeywords.runFeatureFile(CucumberBuiltinKeywords.groovy:246)
	at com.kms.katalon.core.cucumber.keyword.CucumberBuiltinKeywords$runFeatureFile.call(Unknown Source)
	at Yukle e-Fatura.run(Yukle e-Fatura:19)
	at com.kms.katalon.core.main.ScriptEngine.run(ScriptEngine.java:194)
	at com.kms.katalon.core.main.ScriptEngine.runScriptAsRawText(ScriptEngine.java:119)
	at com.kms.katalon.core.main.TestCaseExecutor.runScript(TestCaseExecutor.java:369)
	at com.kms.katalon.core.main.TestCaseExecutor.doExecute(TestCaseExecutor.java:360)
	at com.kms.katalon.core.main.TestCaseExecutor.processExecutionPhase(TestCaseExecutor.java:339)
	at com.kms.katalon.core.main.TestCaseExecutor.accessMainPhase(TestCaseExecutor.java:331)
	at com.kms.katalon.core.main.TestCaseExecutor.execute(TestCaseExecutor.java:248)
	at com.kms.katalon.core.main.TestSuiteExecutor.accessTestCaseMainPhase(TestSuiteExecutor.java:191)
	at com.kms.katalon.core.main.TestSuiteExecutor.accessTestSuiteMainPhase(TestSuiteExecutor.java:140)
	at com.kms.katalon.core.main.TestSuiteExecutor.execute(TestSuiteExecutor.java:89)
	at com.kms.katalon.core.main.TestCaseMain.startTestSuite(TestCaseMain.java:181)
	at com.kms.katalon.core.main.TestCaseMain$startTestSuite$0.call(Unknown Source)
	at TempTestSuite1637042483031.run(TempTestSuite1637042483031.groovy:39)]]></system-err>
   </testsuite>
</testsuites>
