<?xml version="1.0" encoding="UTF-8"?>
<testsuites name="e-Saklama" time="239.981" tests="5" failures="0" errors="0">
   <testsuite name="e-Saklama" tests="5" failures="0" errors="0" time="239.981" skipped="0" timestamp="2021-11-23 09:46:56" hostname="DELL - DESKTOP-QBVMTUG" id="">
      <properties>
         <property name="deviceName" value=""/>
         <property name="devicePlatform" value=""/>
         <property name="logFolder" value="C:\\Users\\DELL\\Documents\\GitHub\\EES_KatalonLogo\\Reports\\20211123_091110\\Suite Repository\\e-Saklama\\20211123_091205"/>
         <property name="logFiles" value="C:\\Users\\DELL\\Documents\\GitHub\\EES_KatalonLogo\\Reports\\20211123_091110\\Suite Repository\\e-Saklama\\20211123_091205\\execution0.log"/>
         <property name="attachments" value=""/>
         <property name="hostName" value="DELL - DESKTOP-QBVMTUG"/>
         <property name="os" value="Windows 10 64bit"/>
         <property name="katalonVersion" value="8.0.5.208"/>
         <property name="browser" value="Chrome 96.0.4664.45"/>
         <property name="hostAddress" value="192.168.1.24"/>
         <property name="sessionId" value="91190105227dbe00b8bce2918cf65fc7"/>
         <property name="seleniumVersion" value="3.141.59"/>
         <property name="proxyInformation" value="ProxyInformation { proxyOption=NO_PROXY, proxyServerType=HTTP, username=, password=********, proxyServerAddress=, proxyServerPort=0, executionList=&quot;&quot;, isApplyToDesiredCapabilities=true }"/>
         <property name="platform" value="Windows 10"/>
      </properties>
      <testcase name="Test Cases/Case Repository/e-Saklama/e-Defter/e-Defter Saklama/Ekran Kontrolu" time="67.419" classname="Test Cases/Case Repository/e-Saklama/e-Defter/e-Defter Saklama/Ekran Kontrolu" status="PASSED">
         <system-out><![CDATA[2021-11-23 09:46:57 - [TEST_CASE][PASSED] - Test Cases/Case Repository/e-Saklama/e-Defter/e-Defter Saklama/Ekran Kontrolu: Test Cases/Case Repository/e-Saklama/e-Defter/e-Defter Saklama/Ekran Kontrolu

2021-11-23 09:46:57 - [TEST_STEP][PASSED] - Start listener action : sampleBeforeTestSuite: Invoke 'com.kms.katalon.core.annotation.BeforeTestCase' method: 'Listener.sampleBeforeTestSuite(...)' completed.

2021-11-23 09:46:57 - [MESSAGE][INFO] - Starting invoke 'com.kms.katalon.core.annotation.BeforeTestCase' method: 'Listener.sampleBeforeTestSuite(...)'

2021-11-23 09:46:57 - [TEST_STEP][PASSED] - openBrowser(baseUrl): Browser is opened with url: 'https://efatura-stage.elogo.com.tr/'

2021-11-23 09:46:58 - [MESSAGE][INFO] - Opening browser

2021-11-23 09:46:58 - [MESSAGE][INFO] - Starting 'Chrome' driver

2021-11-23 09:46:58 - [MESSAGE][INFO] - User set preference: ['prefs', '{download.default_directory=C:\otomasyondownfiles}']

2021-11-23 09:46:58 - [MESSAGE][INFO] - Action delay is set to 0 milliseconds

2021-11-23 09:47:01 - [MESSAGE][INFO] - Navigating browser to: 'https://efatura-stage.elogo.com.tr/'

2021-11-23 09:47:12 - [MESSAGE][PASSED] - Browser is opened with url: 'https://efatura-stage.elogo.com.tr/'

2021-11-23 09:47:12 - [TEST_STEP][PASSED] - maximizeWindow(): Invoke 'com.kms.katalon.core.annotation.BeforeTestCase' method: 'Listener.sampleBeforeTestSuite(...)' completed.

2021-11-23 09:47:12 - [MESSAGE][INFO] - Maximizing current window

2021-11-23 09:47:12 - [MESSAGE][PASSED] - Current window maximized

2021-11-23 09:47:12 - [MESSAGE][INFO] - Invoke 'com.kms.katalon.core.annotation.BeforeTestCase' method: 'Listener.sampleBeforeTestSuite(...)' completed.

2021-11-23 09:47:13 - [TEST_STEP][PASSED] - runFeatureFile("Include/features/e-Saklama/e-Defter/e-Defter Saklama/Ekran Kontrolu.feature"): Feature file: 'Include/features/e-Saklama/e-Defter/e-Defter Saklama/Ekran Kontrolu.feature' was passed

2021-11-23 09:47:13 - [MESSAGE][INFO] - Starting run keyword runFeatureFile: 'Include/features/e-Saklama/e-Defter/e-Defter Saklama/Ekran Kontrolu.feature' and extract report to folder: 'C:\Users\DELL\Documents\GitHub\EES_KatalonLogo\Reports\20211123_091110\Suite Repository\e-Saklama\20211123_091205/cucumber_report/1637650033146'...

2021-11-23 09:47:13 - [MESSAGE][INFO] - Glue: []

2021-11-23 09:47:16 - [MESSAGE][INFO] - Checking called Test Case

2021-11-23 09:47:16 - [MESSAGE][INFO] - Starting to call Test Case 'Test Cases/Sayfalar/Giris_Sayfasi/Login'

2021-11-23 09:47:16 - [TEST_CASE][PASSED] - Test Cases/Sayfalar/Giris_Sayfasi/Login: Test Cases/Sayfalar/Giris_Sayfasi/Login

2021-11-23 09:47:17 - [TEST_STEP][PASSED] - Sayfa_Basligi = getWindowTitle(): Current window's title is: 'LOGO e-Fatura'

2021-11-23 09:47:17 - [MESSAGE][INFO] - Getting current window's title

2021-11-23 09:47:17 - [MESSAGE][PASSED] - Current window's title is: 'LOGO e-Fatura'

2021-11-23 09:47:17 - [TEST_STEP][PASSED] - verifyMatch(Sayfa_Basligi, "LOGO e-Fatura", false): Actual text 'LOGO e-Fatura' and expected text 'LOGO e-Fatura' are matched 

2021-11-23 09:47:17 - [MESSAGE][INFO] - Matching actual text 'LOGO e-Fatura' with expected text 'LOGO e-Fatura'

2021-11-23 09:47:17 - [MESSAGE][PASSED] - Actual text 'LOGO e-Fatura' and expected text 'LOGO e-Fatura' are matched 

2021-11-23 09:47:17 - [TEST_STEP][PASSED] - sendKeys(findTestObject("Sayfalar/Giris_Sayfasi/Firma_Kodu"), KullaniciAdi): Keys 'ELOGO6' sent to object: 'Object Repository/Sayfalar/Giris_Sayfasi/Firma_Kodu'

2021-11-23 09:47:17 - [MESSAGE][INFO] - Finding Test Object 'Object Repository/Sayfalar/Giris_Sayfasi/Firma_Kodu'

2021-11-23 09:47:17 - [MESSAGE][INFO] - Sending keys 'ELOGO6' to object: 'Object Repository/Sayfalar/Giris_Sayfasi/Firma_Kodu'

2021-11-23 09:47:17 - [MESSAGE][INFO] - Finding web element from Test Object's properties

2021-11-23 09:47:17 - [MESSAGE][INFO] - Checking timeout

2021-11-23 09:47:17 - [MESSAGE][INFO] - Finding web element with id: 'Object Repository/Sayfalar/Giris_Sayfasi/Firma_Kodu' located by 'By.xpath: //*[@id = 'AccountName']' in '30' second(s)

2021-11-23 09:47:17 - [MESSAGE][INFO] - Smart Wait Function is triggered

2021-11-23 09:47:17 - [MESSAGE][INFO] - Found 1 web elements with id: 'Object Repository/Sayfalar/Giris_Sayfasi/Firma_Kodu' located by 'By.xpath: //*[@id = 'AccountName']' in '30' second(s)

2021-11-23 09:47:17 - [MESSAGE][PASSED] - Keys 'ELOGO6' sent to object: 'Object Repository/Sayfalar/Giris_Sayfasi/Firma_Kodu'

2021-11-23 09:47:17 - [TEST_STEP][PASSED] - sendKeys(findTestObject("Sayfalar/Giris_Sayfasi/Sifre"), Sifre): Keys '123456' sent to object: 'Object Repository/Sayfalar/Giris_Sayfasi/Sifre'

2021-11-23 09:47:17 - [MESSAGE][INFO] - Finding Test Object 'Object Repository/Sayfalar/Giris_Sayfasi/Sifre'

2021-11-23 09:47:17 - [MESSAGE][INFO] - Sending keys '123456' to object: 'Object Repository/Sayfalar/Giris_Sayfasi/Sifre'

2021-11-23 09:47:17 - [MESSAGE][INFO] - Finding web element from Test Object's properties

2021-11-23 09:47:17 - [MESSAGE][INFO] - Checking timeout

2021-11-23 09:47:17 - [MESSAGE][INFO] - Finding web element with id: 'Object Repository/Sayfalar/Giris_Sayfasi/Sifre' located by 'By.xpath: //*[@id = 'Password']' in '30' second(s)

2021-11-23 09:47:17 - [MESSAGE][INFO] - Smart Wait Function is triggered

2021-11-23 09:47:18 - [MESSAGE][INFO] - Found 1 web elements with id: 'Object Repository/Sayfalar/Giris_Sayfasi/Sifre' located by 'By.xpath: //*[@id = 'Password']' in '30' second(s)

2021-11-23 09:47:18 - [MESSAGE][PASSED] - Keys '123456' sent to object: 'Object Repository/Sayfalar/Giris_Sayfasi/Sifre'

2021-11-23 09:47:18 - [TEST_STEP][PASSED] - findWebElement(findTestObject("Sayfalar/Giris_Sayfasi/Giris_Butonu")).click(): Found 1 web elements with id: 'Object Repository/Sayfalar/Giris_Sayfasi/Giris_Butonu' located by 'By.cssSelector: #btnLogin' in '30' second(s)

2021-11-23 09:47:18 - [MESSAGE][INFO] - Finding Test Object 'Object Repository/Sayfalar/Giris_Sayfasi/Giris_Butonu'

2021-11-23 09:47:18 - [MESSAGE][INFO] - Finding web element from Test Object's properties

2021-11-23 09:47:18 - [MESSAGE][INFO] - Checking timeout

2021-11-23 09:47:18 - [MESSAGE][INFO] - Finding web element with id: 'Object Repository/Sayfalar/Giris_Sayfasi/Giris_Butonu' located by 'By.cssSelector: #btnLogin' in '30' second(s)

2021-11-23 09:47:18 - [MESSAGE][INFO] - Smart Wait Function is triggered

2021-11-23 09:47:18 - [MESSAGE][INFO] - Found 1 web elements with id: 'Object Repository/Sayfalar/Giris_Sayfasi/Giris_Butonu' located by 'By.cssSelector: #btnLogin' in '30' second(s)

2021-11-23 09:47:21 - [TEST_STEP][PASSED] - if (verifyElementPresent(findTestObject("Object Repository/Sayfalar/Giris_Sayfasi/RetveTamam_Butonu"), 5, OPTIONAL)): null

2021-11-23 09:47:21 - [MESSAGE][INFO] - Finding Test Object 'Object Repository/Sayfalar/Giris_Sayfasi/RetveTamam_Butonu'

2021-11-23 09:47:21 - [MESSAGE][INFO] - Checking object

2021-11-23 09:47:21 - [MESSAGE][INFO] - Finding web element from Test Object's properties

2021-11-23 09:47:21 - [MESSAGE][INFO] - Checking timeout

2021-11-23 09:47:21 - [MESSAGE][INFO] - Finding web element with id: 'Object Repository/Sayfalar/Giris_Sayfasi/RetveTamam_Butonu' located by 'By.xpath: //*[@class = 'btn btn-default']' in '5' second(s)

2021-11-23 09:47:21 - [MESSAGE][INFO] - Smart Wait Function is triggered

2021-11-23 09:47:21 - [MESSAGE][INFO] - Found 1 web elements with id: 'Object Repository/Sayfalar/Giris_Sayfasi/RetveTamam_Butonu' located by 'By.xpath: //*[@class = 'btn btn-default']' in '5' second(s)

2021-11-23 09:47:21 - [MESSAGE][PASSED] - Object 'Object Repository/Sayfalar/Giris_Sayfasi/RetveTamam_Butonu' is present

2021-11-23 09:47:21 - [TEST_STEP][PASSED] - click(findTestObject("Object Repository/Sayfalar/Giris_Sayfasi/RetveTamam_Butonu")): Object: 'Object Repository/Sayfalar/Giris_Sayfasi/RetveTamam_Butonu' is clicked on

2021-11-23 09:47:21 - [MESSAGE][INFO] - Finding Test Object 'Object Repository/Sayfalar/Giris_Sayfasi/RetveTamam_Butonu'

2021-11-23 09:47:21 - [MESSAGE][INFO] - Checking object

2021-11-23 09:47:21 - [MESSAGE][INFO] - Finding web element from Test Object's properties

2021-11-23 09:47:21 - [MESSAGE][INFO] - Checking timeout

2021-11-23 09:47:21 - [MESSAGE][INFO] - Finding web element with id: 'Object Repository/Sayfalar/Giris_Sayfasi/RetveTamam_Butonu' located by 'By.xpath: //*[@class = 'btn btn-default']' in '30' second(s)

2021-11-23 09:47:21 - [MESSAGE][INFO] - Smart Wait Function is triggered

2021-11-23 09:47:21 - [MESSAGE][INFO] - Found 1 web elements with id: 'Object Repository/Sayfalar/Giris_Sayfasi/RetveTamam_Butonu' located by 'By.xpath: //*[@class = 'btn btn-default']' in '30' second(s)

2021-11-23 09:47:21 - [MESSAGE][INFO] - Clicking on object: 'Object Repository/Sayfalar/Giris_Sayfasi/RetveTamam_Butonu'

2021-11-23 09:47:21 - [MESSAGE][PASSED] - Object: 'Object Repository/Sayfalar/Giris_Sayfasi/RetveTamam_Butonu' is clicked on

2021-11-23 09:47:21 - [TEST_STEP][PASSED] - click(findTestObject("Object Repository/Sayfalar/Giris_Sayfasi/RetveTamam_Butonu")): Object: 'Object Repository/Sayfalar/Giris_Sayfasi/RetveTamam_Butonu' is clicked on

2021-11-23 09:47:21 - [MESSAGE][INFO] - Finding Test Object 'Object Repository/Sayfalar/Giris_Sayfasi/RetveTamam_Butonu'

2021-11-23 09:47:21 - [MESSAGE][INFO] - Checking object

2021-11-23 09:47:21 - [MESSAGE][INFO] - Finding web element from Test Object's properties

2021-11-23 09:47:21 - [MESSAGE][INFO] - Checking timeout

2021-11-23 09:47:21 - [MESSAGE][INFO] - Finding web element with id: 'Object Repository/Sayfalar/Giris_Sayfasi/RetveTamam_Butonu' located by 'By.xpath: //*[@class = 'btn btn-default']' in '30' second(s)

2021-11-23 09:47:21 - [MESSAGE][INFO] - Smart Wait Function is triggered

2021-11-23 09:47:38 - [MESSAGE][INFO] - Found 1 web elements with id: 'Object Repository/Sayfalar/Giris_Sayfasi/RetveTamam_Butonu' located by 'By.xpath: //*[@class = 'btn btn-default']' in '30' second(s)

2021-11-23 09:47:38 - [MESSAGE][INFO] - Clicking on object: 'Object Repository/Sayfalar/Giris_Sayfasi/RetveTamam_Butonu'

2021-11-23 09:47:38 - [MESSAGE][PASSED] - Object: 'Object Repository/Sayfalar/Giris_Sayfasi/RetveTamam_Butonu' is clicked on

2021-11-23 09:47:38 - [TEST_STEP][PASSED] - if (verifyElementPresent(findTestObject("Sayfalar/Giris_Sayfasi/PopupOK"), 5, OPTIONAL)): null

2021-11-23 09:47:38 - [MESSAGE][INFO] - Finding Test Object 'Object Repository/Sayfalar/Giris_Sayfasi/PopupOK'

2021-11-23 09:47:38 - [MESSAGE][INFO] - Checking object

2021-11-23 09:47:38 - [MESSAGE][INFO] - Finding web element from Test Object's properties

2021-11-23 09:47:38 - [MESSAGE][INFO] - Checking timeout

2021-11-23 09:47:38 - [MESSAGE][INFO] - Finding web element with id: 'Object Repository/Sayfalar/Giris_Sayfasi/PopupOK' located by 'By.cssSelector: .btn.btn-success' in '5' second(s)

2021-11-23 09:47:38 - [MESSAGE][INFO] - Smart Wait Function is triggered

2021-11-23 09:47:39 - [MESSAGE][INFO] - Found 1 web elements with id: 'Object Repository/Sayfalar/Giris_Sayfasi/PopupOK' located by 'By.cssSelector: .btn.btn-success' in '5' second(s)

2021-11-23 09:47:39 - [MESSAGE][PASSED] - Object 'Object Repository/Sayfalar/Giris_Sayfasi/PopupOK' is present

2021-11-23 09:47:39 - [TEST_STEP][PASSED] - click(findTestObject("Object Repository/Sayfalar/Giris_Sayfasi/PopupCarpiGiris")): Object: 'Object Repository/Sayfalar/Giris_Sayfasi/PopupCarpiGiris' is clicked on

2021-11-23 09:47:39 - [MESSAGE][INFO] - Finding Test Object 'Object Repository/Sayfalar/Giris_Sayfasi/PopupCarpiGiris'

2021-11-23 09:47:39 - [MESSAGE][INFO] - Checking object

2021-11-23 09:47:39 - [MESSAGE][INFO] - Finding web element from Test Object's properties

2021-11-23 09:47:39 - [MESSAGE][INFO] - Checking timeout

2021-11-23 09:47:39 - [MESSAGE][INFO] - Finding web element with id: 'Object Repository/Sayfalar/Giris_Sayfasi/PopupCarpiGiris' located by 'By.cssSelector: .bootbox-close-button.close' in '30' second(s)

2021-11-23 09:47:39 - [MESSAGE][INFO] - Smart Wait Function is triggered

2021-11-23 09:47:39 - [MESSAGE][INFO] - Found 1 web elements with id: 'Object Repository/Sayfalar/Giris_Sayfasi/PopupCarpiGiris' located by 'By.cssSelector: .bootbox-close-button.close' in '30' second(s)

2021-11-23 09:47:39 - [MESSAGE][INFO] - Clicking on object: 'Object Repository/Sayfalar/Giris_Sayfasi/PopupCarpiGiris'

2021-11-23 09:47:39 - [MESSAGE][PASSED] - Object: 'Object Repository/Sayfalar/Giris_Sayfasi/PopupCarpiGiris' is clicked on

2021-11-23 09:47:39 - [TEST_STEP][PASSED] - verifyElementVisible(findTestObject("Object Repository/Kullanici_Islemleri/KullaniciIslemleri")): Object 'Object Repository/Kullanici_Islemleri/KullaniciIslemleri' is visible

2021-11-23 09:47:39 - [MESSAGE][INFO] - Finding Test Object 'Object Repository/Kullanici_Islemleri/KullaniciIslemleri'

2021-11-23 09:47:39 - [MESSAGE][INFO] - Checking object

2021-11-23 09:47:39 - [MESSAGE][INFO] - Finding web element from Test Object's properties

2021-11-23 09:47:39 - [MESSAGE][INFO] - Checking timeout

2021-11-23 09:47:39 - [MESSAGE][INFO] - Finding web element with id: 'Object Repository/Kullanici_Islemleri/KullaniciIslemleri' located by 'By.cssSelector: .dropdown>a>img' in '30' second(s)

2021-11-23 09:47:39 - [MESSAGE][INFO] - Smart Wait Function is triggered

2021-11-23 09:47:40 - [MESSAGE][INFO] - Found 1 web elements with id: 'Object Repository/Kullanici_Islemleri/KullaniciIslemleri' located by 'By.cssSelector: .dropdown>a>img' in '30' second(s)

2021-11-23 09:47:40 - [MESSAGE][PASSED] - Object 'Object Repository/Kullanici_Islemleri/KullaniciIslemleri' is visible

2021-11-23 09:47:40 - [MESSAGE][PASSED] - Call Test Case 'Test Cases/Sayfalar/Giris_Sayfasi/Login' successfully

2021-11-23 09:47:40 - [MESSAGE][INFO] - Checking called Test Case

2021-11-23 09:47:40 - [MESSAGE][INFO] - Starting to call Test Case 'Test Cases/Menu/AnaMenuSecimi'

2021-11-23 09:47:40 - [TEST_CASE][PASSED] - Test Cases/Menu/AnaMenuSecimi: Test Cases/Menu/AnaMenuSecimi

2021-11-23 09:47:41 - [TEST_STEP][PASSED] - Method.TextDegerineEsitElementeTikla(findTestObject("Menu/Ana_Menu"), Ana_Menu): Method.TextDegerineEsitElementeTikla is PASSED

2021-11-23 09:47:41 - [MESSAGE][INFO] - Finding Test Object 'Object Repository/Menu/Ana_Menu'

2021-11-23 09:47:41 - [MESSAGE][INFO] - Checking timeout

2021-11-23 09:47:41 - [MESSAGE][INFO] - Finding web element with id: 'Object Repository/Menu/Ana_Menu' located by 'By.xpath: //*[@class = 'dropdown-toggle']' in '10' second(s)

2021-11-23 09:47:41 - [MESSAGE][INFO] - Smart Wait Function is triggered

2021-11-23 09:47:41 - [MESSAGE][INFO] - Found 14 web elements with id: 'Object Repository/Menu/Ana_Menu' located by 'By.xpath: //*[@class = 'dropdown-toggle']' in '10' second(s)

2021-11-23 09:47:41 - [MESSAGE][PASSED] - Method.TextDegerineEsitElementeTikla is PASSED

2021-11-23 09:47:41 - [MESSAGE][PASSED] - Call Test Case 'Test Cases/Menu/AnaMenuSecimi' successfully

2021-11-23 09:47:42 - [MESSAGE][INFO] - Checking called Test Case

2021-11-23 09:47:42 - [MESSAGE][INFO] - Starting to call Test Case 'Test Cases/Menu/BasligaGoreAltMenuSecimi'

2021-11-23 09:47:42 - [TEST_CASE][PASSED] - Test Cases/Menu/BasligaGoreAltMenuSecimi: Test Cases/Menu/BasligaGoreAltMenuSecimi

2021-11-23 09:47:42 - [TEST_STEP][PASSED] - Method.TextDegerineEsitElementinAltindakiTextDegerineEsitOlanaTikla(findTestObject("Menu/Menu_Basligi"), findTestObject("Menu/Basliga_Gore_Alt_Menu"), Baslik, Alt_Menu): Method.TextDegerineEsitElementinAltindakiTextDegerineEsitOlanaTikla is PASSED

2021-11-23 09:47:42 - [MESSAGE][INFO] - Finding Test Object 'Object Repository/Menu/Menu_Basligi'

2021-11-23 09:47:42 - [MESSAGE][INFO] - Finding Test Object 'Object Repository/Menu/Basliga_Gore_Alt_Menu'

2021-11-23 09:47:42 - [MESSAGE][INFO] - Checking timeout

2021-11-23 09:47:42 - [MESSAGE][INFO] - Finding web element with id: 'Object Repository/Menu/Menu_Basligi' located by 'By.xpath: //li[@class='dropdown dropdown-large open']//li[@class='dropdown-header']' in '10' second(s)

2021-11-23 09:47:42 - [MESSAGE][INFO] - Smart Wait Function is triggered

2021-11-23 09:47:43 - [MESSAGE][INFO] - Found 2 web elements with id: 'Object Repository/Menu/Menu_Basligi' located by 'By.xpath: //li[@class='dropdown dropdown-large open']//li[@class='dropdown-header']' in '10' second(s)

2021-11-23 09:47:43 - [MESSAGE][INFO] - Smart Wait Function is triggered

2021-11-23 09:47:54 - [MESSAGE][PASSED] - Method.TextDegerineEsitElementinAltindakiTextDegerineEsitOlanaTikla is PASSED

2021-11-23 09:47:54 - [MESSAGE][PASSED] - Call Test Case 'Test Cases/Menu/BasligaGoreAltMenuSecimi' successfully

2021-11-23 09:47:54 - [MESSAGE][INFO] - Checking called Test Case

2021-11-23 09:47:54 - [MESSAGE][INFO] - Starting to call Test Case 'Test Cases/Filtreler/FiltreVarMi'

2021-11-23 09:47:54 - [TEST_CASE][PASSED] - Test Cases/Filtreler/FiltreVarMi: Test Cases/Filtreler/FiltreVarMi

2021-11-23 09:47:55 - [TEST_STEP][PASSED] - Method.TextDegerineEsitElementVarMi(findTestObject("Filtreler/Basliklar"), Filtre_alan): Method.TextDegerineEsitElementVarMi is PASSED

2021-11-23 09:47:55 - [MESSAGE][INFO] - Finding Test Object 'Object Repository/Filtreler/Basliklar'

2021-11-23 09:47:55 - [MESSAGE][INFO] - Checking timeout

2021-11-23 09:47:55 - [MESSAGE][INFO] - Finding web element with id: 'Object Repository/Filtreler/Basliklar' located by 'By.cssSelector: .control-label.col-sm-4.paddingMarginRLC' in '10' second(s)

2021-11-23 09:47:55 - [MESSAGE][INFO] - Smart Wait Function is triggered

2021-11-23 09:47:55 - [MESSAGE][INFO] - Found 1 web elements with id: 'Object Repository/Filtreler/Basliklar' located by 'By.cssSelector: .control-label.col-sm-4.paddingMarginRLC' in '10' second(s)

2021-11-23 09:47:55 - [MESSAGE][PASSED] - Method.TextDegerineEsitElementVarMi is PASSED

2021-11-23 09:47:55 - [MESSAGE][PASSED] - Call Test Case 'Test Cases/Filtreler/FiltreVarMi' successfully

2021-11-23 09:47:55 - [MESSAGE][INFO] - Checking called Test Case

2021-11-23 09:47:55 - [MESSAGE][INFO] - Starting to call Test Case 'Test Cases/Filtreler/ButonVarMi'

2021-11-23 09:47:55 - [TEST_CASE][PASSED] - Test Cases/Filtreler/ButonVarMi: Test Cases/Filtreler/ButonVarMi

2021-11-23 09:47:56 - [TEST_STEP][PASSED] - Method.TextDegerineEsitElementVarMi(findTestObject("Filtreler/Butonlar"), Filtre_Buton): Method.TextDegerineEsitElementVarMi is PASSED

2021-11-23 09:47:56 - [MESSAGE][INFO] - Finding Test Object 'Object Repository/Filtreler/Butonlar'

2021-11-23 09:47:56 - [MESSAGE][INFO] - Checking timeout

2021-11-23 09:47:56 - [MESSAGE][INFO] - Finding web element with id: 'Object Repository/Filtreler/Butonlar' located by 'By.cssSelector: .dxb>span' in '10' second(s)

2021-11-23 09:47:56 - [MESSAGE][INFO] - Smart Wait Function is triggered

2021-11-23 09:47:56 - [MESSAGE][INFO] - Found 1 web elements with id: 'Object Repository/Filtreler/Butonlar' located by 'By.cssSelector: .dxb>span' in '10' second(s)

2021-11-23 09:47:56 - [MESSAGE][PASSED] - Method.TextDegerineEsitElementVarMi is PASSED

2021-11-23 09:47:56 - [MESSAGE][PASSED] - Call Test Case 'Test Cases/Filtreler/ButonVarMi' successfully

2021-11-23 09:47:56 - [MESSAGE][INFO] - Checking called Test Case

2021-11-23 09:47:56 - [MESSAGE][INFO] - Starting to call Test Case 'Test Cases/Butonlar/ButonVarMi'

2021-11-23 09:47:56 - [TEST_CASE][PASSED] - Test Cases/Butonlar/ButonVarMi: Test Cases/Butonlar/ButonVarMi

2021-11-23 09:47:57 - [TEST_STEP][PASSED] - Method.TextDegerineEsitElementVarMi(findTestObject("Butonlar/Butonlar"), Buton): Method.TextDegerineEsitElementVarMi is PASSED

2021-11-23 09:47:57 - [MESSAGE][INFO] - Finding Test Object 'Object Repository/Butonlar/Butonlar'

2021-11-23 09:47:57 - [MESSAGE][INFO] - Checking timeout

2021-11-23 09:47:57 - [MESSAGE][INFO] - Finding web element with id: 'Object Repository/Butonlar/Butonlar' located by 'By.cssSelector: .panel.panel-default.text-center.footerPanel .btn,.btn.btn-primary.btnControls' in '10' second(s)

2021-11-23 09:47:57 - [MESSAGE][INFO] - Smart Wait Function is triggered

2021-11-23 09:47:57 - [MESSAGE][INFO] - Found 8 web elements with id: 'Object Repository/Butonlar/Butonlar' located by 'By.cssSelector: .panel.panel-default.text-center.footerPanel .btn,.btn.btn-primary.btnControls' in '10' second(s)

2021-11-23 09:47:57 - [MESSAGE][PASSED] - Method.TextDegerineEsitElementVarMi is PASSED

2021-11-23 09:47:57 - [MESSAGE][PASSED] - Call Test Case 'Test Cases/Butonlar/ButonVarMi' successfully

2021-11-23 09:47:57 - [MESSAGE][INFO] - Checking called Test Case

2021-11-23 09:47:57 - [MESSAGE][INFO] - Starting to call Test Case 'Test Cases/Butonlar/ButonVarMi'

2021-11-23 09:47:57 - [TEST_CASE][PASSED] - Test Cases/Butonlar/ButonVarMi: Test Cases/Butonlar/ButonVarMi

2021-11-23 09:47:57 - [TEST_STEP][PASSED] - Method.TextDegerineEsitElementVarMi(findTestObject("Butonlar/Butonlar"), Buton): Method.TextDegerineEsitElementVarMi is PASSED

2021-11-23 09:47:57 - [MESSAGE][INFO] - Finding Test Object 'Object Repository/Butonlar/Butonlar'

2021-11-23 09:47:57 - [MESSAGE][INFO] - Checking timeout

2021-11-23 09:47:57 - [MESSAGE][INFO] - Finding web element with id: 'Object Repository/Butonlar/Butonlar' located by 'By.cssSelector: .panel.panel-default.text-center.footerPanel .btn,.btn.btn-primary.btnControls' in '10' second(s)

2021-11-23 09:47:57 - [MESSAGE][INFO] - Smart Wait Function is triggered

2021-11-23 09:47:58 - [MESSAGE][INFO] - Found 8 web elements with id: 'Object Repository/Butonlar/Butonlar' located by 'By.cssSelector: .panel.panel-default.text-center.footerPanel .btn,.btn.btn-primary.btnControls' in '10' second(s)

2021-11-23 09:47:58 - [MESSAGE][PASSED] - Method.TextDegerineEsitElementVarMi is PASSED

2021-11-23 09:47:58 - [MESSAGE][PASSED] - Call Test Case 'Test Cases/Butonlar/ButonVarMi' successfully

2021-11-23 09:47:58 - [MESSAGE][INFO] - Checking called Test Case

2021-11-23 09:47:58 - [MESSAGE][INFO] - Starting to call Test Case 'Test Cases/Butonlar/ButonVarMi'

2021-11-23 09:47:58 - [TEST_CASE][PASSED] - Test Cases/Butonlar/ButonVarMi: Test Cases/Butonlar/ButonVarMi

2021-11-23 09:47:58 - [TEST_STEP][PASSED] - Method.TextDegerineEsitElementVarMi(findTestObject("Butonlar/Butonlar"), Buton): Method.TextDegerineEsitElementVarMi is PASSED

2021-11-23 09:47:58 - [MESSAGE][INFO] - Finding Test Object 'Object Repository/Butonlar/Butonlar'

2021-11-23 09:47:58 - [MESSAGE][INFO] - Checking timeout

2021-11-23 09:47:58 - [MESSAGE][INFO] - Finding web element with id: 'Object Repository/Butonlar/Butonlar' located by 'By.cssSelector: .panel.panel-default.text-center.footerPanel .btn,.btn.btn-primary.btnControls' in '10' second(s)

2021-11-23 09:47:58 - [MESSAGE][INFO] - Smart Wait Function is triggered

2021-11-23 09:47:58 - [MESSAGE][INFO] - Found 8 web elements with id: 'Object Repository/Butonlar/Butonlar' located by 'By.cssSelector: .panel.panel-default.text-center.footerPanel .btn,.btn.btn-primary.btnControls' in '10' second(s)

2021-11-23 09:47:58 - [MESSAGE][PASSED] - Method.TextDegerineEsitElementVarMi is PASSED

2021-11-23 09:47:58 - [MESSAGE][PASSED] - Call Test Case 'Test Cases/Butonlar/ButonVarMi' successfully

2021-11-23 09:47:58 - [MESSAGE][INFO] - Checking called Test Case

2021-11-23 09:47:58 - [MESSAGE][INFO] - Starting to call Test Case 'Test Cases/Butonlar/ButonVarMi'

2021-11-23 09:47:58 - [TEST_CASE][PASSED] - Test Cases/Butonlar/ButonVarMi: Test Cases/Butonlar/ButonVarMi

2021-11-23 09:47:58 - [TEST_STEP][PASSED] - Method.TextDegerineEsitElementVarMi(findTestObject("Butonlar/Butonlar"), Buton): Method.TextDegerineEsitElementVarMi is PASSED

2021-11-23 09:47:58 - [MESSAGE][INFO] - Finding Test Object 'Object Repository/Butonlar/Butonlar'

2021-11-23 09:47:58 - [MESSAGE][INFO] - Checking timeout

2021-11-23 09:47:58 - [MESSAGE][INFO] - Finding web element with id: 'Object Repository/Butonlar/Butonlar' located by 'By.cssSelector: .panel.panel-default.text-center.footerPanel .btn,.btn.btn-primary.btnControls' in '10' second(s)

2021-11-23 09:47:58 - [MESSAGE][INFO] - Smart Wait Function is triggered

2021-11-23 09:47:59 - [MESSAGE][INFO] - Found 8 web elements with id: 'Object Repository/Butonlar/Butonlar' located by 'By.cssSelector: .panel.panel-default.text-center.footerPanel .btn,.btn.btn-primary.btnControls' in '10' second(s)

2021-11-23 09:47:59 - [MESSAGE][PASSED] - Method.TextDegerineEsitElementVarMi is PASSED

2021-11-23 09:47:59 - [MESSAGE][PASSED] - Call Test Case 'Test Cases/Butonlar/ButonVarMi' successfully

2021-11-23 09:47:59 - [MESSAGE][INFO] - Checking called Test Case

2021-11-23 09:47:59 - [MESSAGE][INFO] - Starting to call Test Case 'Test Cases/Kullanici_Islemleri/KullaniciIslemlerindenSecimYapilir'

2021-11-23 09:47:59 - [TEST_CASE][PASSED] - Test Cases/Kullanici_Islemleri/KullaniciIslemlerindenSecimYapilir: Test Cases/Kullanici_Islemleri/KullaniciIslemlerindenSecimYapilir

2021-11-23 09:47:59 - [TEST_STEP][PASSED] - waitForElementClickable(findTestObject("Object Repository/Kullanici_Islemleri/KullaniciIslemleri"), 10): Object 'Object Repository/Kullanici_Islemleri/KullaniciIslemleri' is clickable

2021-11-23 09:47:59 - [MESSAGE][INFO] - Finding Test Object 'Object Repository/Kullanici_Islemleri/KullaniciIslemleri'

2021-11-23 09:47:59 - [MESSAGE][INFO] - Checking object

2021-11-23 09:47:59 - [MESSAGE][INFO] - Checking timeout

2021-11-23 09:48:00 - [MESSAGE][INFO] - Finding web element from Test Object's properties

2021-11-23 09:48:00 - [MESSAGE][INFO] - Checking timeout

2021-11-23 09:48:00 - [MESSAGE][INFO] - Finding web element with id: 'Object Repository/Kullanici_Islemleri/KullaniciIslemleri' located by 'By.cssSelector: .dropdown>a>img' in '10' second(s)

2021-11-23 09:48:00 - [MESSAGE][INFO] - Smart Wait Function is triggered

2021-11-23 09:48:00 - [MESSAGE][INFO] - Found 1 web elements with id: 'Object Repository/Kullanici_Islemleri/KullaniciIslemleri' located by 'By.cssSelector: .dropdown>a>img' in '10' second(s)

2021-11-23 09:48:00 - [MESSAGE][PASSED] - Object 'Object Repository/Kullanici_Islemleri/KullaniciIslemleri' is clickable

2021-11-23 09:48:00 - [TEST_STEP][PASSED] - click(findTestObject("Object Repository/Kullanici_Islemleri/KullaniciIslemleri")): Object: 'Object Repository/Kullanici_Islemleri/KullaniciIslemleri' is clicked on

2021-11-23 09:48:00 - [MESSAGE][INFO] - Finding Test Object 'Object Repository/Kullanici_Islemleri/KullaniciIslemleri'

2021-11-23 09:48:00 - [MESSAGE][INFO] - Checking object

2021-11-23 09:48:00 - [MESSAGE][INFO] - Finding web element from Test Object's properties

2021-11-23 09:48:00 - [MESSAGE][INFO] - Checking timeout

2021-11-23 09:48:00 - [MESSAGE][INFO] - Finding web element with id: 'Object Repository/Kullanici_Islemleri/KullaniciIslemleri' located by 'By.cssSelector: .dropdown>a>img' in '30' second(s)

2021-11-23 09:48:00 - [MESSAGE][INFO] - Smart Wait Function is triggered

2021-11-23 09:48:00 - [MESSAGE][INFO] - Found 1 web elements with id: 'Object Repository/Kullanici_Islemleri/KullaniciIslemleri' located by 'By.cssSelector: .dropdown>a>img' in '30' second(s)

2021-11-23 09:48:00 - [MESSAGE][INFO] - Clicking on object: 'Object Repository/Kullanici_Islemleri/KullaniciIslemleri'

2021-11-23 09:48:00 - [MESSAGE][PASSED] - Object: 'Object Repository/Kullanici_Islemleri/KullaniciIslemleri' is clicked on

2021-11-23 09:48:00 - [TEST_STEP][PASSED] - Method.TextDegerineEsitElementeTikla(findTestObject("Object Repository/Kullanici_Islemleri/Secenekler"), Islem): Method.TextDegerineEsitElementeTikla is PASSED

2021-11-23 09:48:00 - [MESSAGE][INFO] - Finding Test Object 'Object Repository/Kullanici_Islemleri/Secenekler'

2021-11-23 09:48:00 - [MESSAGE][INFO] - Checking timeout

2021-11-23 09:48:00 - [MESSAGE][INFO] - Finding web element with id: 'Object Repository/Kullanici_Islemleri/Secenekler' located by 'By.cssSelector: .nav.navbar-nav.navbar-right li a' in '10' second(s)

2021-11-23 09:48:00 - [MESSAGE][INFO] - Smart Wait Function is triggered

2021-11-23 09:48:01 - [MESSAGE][INFO] - Found 22 web elements with id: 'Object Repository/Kullanici_Islemleri/Secenekler' located by 'By.cssSelector: .nav.navbar-nav.navbar-right li a' in '10' second(s)

2021-11-23 09:48:03 - [MESSAGE][PASSED] - Method.TextDegerineEsitElementeTikla is PASSED

2021-11-23 09:48:03 - [TEST_STEP][PASSED] - verifyElementNotPresent(findTestObject("Object Repository/Kullanici_Islemleri/Secenekler"), 10): Web element with id: 'Object Repository/Kullanici_Islemleri/Secenekler' located by 'By.cssSelector: .nav.navbar-nav.navbar-right li a' is not present after '10' second(s)

2021-11-23 09:48:03 - [MESSAGE][INFO] - Finding Test Object 'Object Repository/Kullanici_Islemleri/Secenekler'

2021-11-23 09:48:03 - [MESSAGE][INFO] - Checking object

2021-11-23 09:48:03 - [MESSAGE][INFO] - Checking timeout

2021-11-23 09:48:03 - [MESSAGE][INFO] - Finding web element with id: 'Object Repository/Kullanici_Islemleri/Secenekler' located by 'By.cssSelector: .nav.navbar-nav.navbar-right li a' in '10' second(s)

2021-11-23 09:48:03 - [MESSAGE][INFO] - Smart Wait Function is triggered

2021-11-23 09:48:03 - [MESSAGE][PASSED] - Web element with id: 'Object Repository/Kullanici_Islemleri/Secenekler' located by 'By.cssSelector: .nav.navbar-nav.navbar-right li a' is not present after '10' second(s)

2021-11-23 09:48:03 - [MESSAGE][PASSED] - Call Test Case 'Test Cases/Kullanici_Islemleri/KullaniciIslemlerindenSecimYapilir' successfully

2021-11-23 09:48:03 - [TEST_CASE][PASSED] - Start Test Case : SCENARIO e-Defter Saklama Buton Kontrolu: SCENARIO e-Defter Saklama Buton Kontrolu

2021-11-23 09:48:03 - [TEST_STEP][PASSED] - Kullanıcı adı ELOGO6 ve Şifre 123456 olarak giriş yapılır: Kullanıcı adı ELOGO6 ve Şifre 123456 olarak giriş yapılır

2021-11-23 09:48:03 - [MESSAGE][PASSED] - Kullanıcı adı ELOGO6 ve Şifre 123456 olarak giriş yapılır

2021-11-23 09:48:03 - [TEST_STEP][PASSED] - Ana menüden e-Saklama seçilir: Ana menüden e-Saklama seçilir

2021-11-23 09:48:03 - [MESSAGE][PASSED] - Ana menüden e-Saklama seçilir

2021-11-23 09:48:03 - [TEST_STEP][PASSED] - Alt menü e-Defter başlığı altındaki e-Defter Saklama seçilir: Alt menü e-Defter başlığı altındaki e-Defter Saklama seçilir

2021-11-23 09:48:03 - [MESSAGE][PASSED] - Alt menü e-Defter başlığı altındaki e-Defter Saklama seçilir

2021-11-23 09:48:03 - [TEST_STEP][PASSED] - Filtre alanlarında YIL var mı: Filtre alanlarında YIL var mı

2021-11-23 09:48:03 - [MESSAGE][PASSED] - Filtre alanlarında YIL var mı

2021-11-23 09:48:03 - [TEST_STEP][PASSED] - Filtre butonlarında Listele var mı: Filtre butonlarında Listele var mı

2021-11-23 09:48:03 - [MESSAGE][PASSED] - Filtre butonlarında Listele var mı

2021-11-23 09:48:03 - [TEST_STEP][PASSED] - Butonlardan Yükle var mı: Butonlardan Yükle var mı

2021-11-23 09:48:03 - [MESSAGE][PASSED] - Butonlardan Yükle var mı

2021-11-23 09:48:03 - [TEST_STEP][PASSED] - Butonlardan İndir var mı: Butonlardan İndir var mı

2021-11-23 09:48:03 - [MESSAGE][PASSED] - Butonlardan İndir var mı

2021-11-23 09:48:03 - [TEST_STEP][PASSED] - Butonlardan Sil var mı: Butonlardan Sil var mı

2021-11-23 09:48:03 - [MESSAGE][PASSED] - Butonlardan Sil var mı

2021-11-23 09:48:03 - [TEST_STEP][PASSED] - Butonlardan Göster var mı: Butonlardan Göster var mı

2021-11-23 09:48:03 - [MESSAGE][PASSED] - Butonlardan Göster var mı

2021-11-23 09:48:03 - [TEST_STEP][PASSED] - Kullanıcı işlemlerinden Çıkış seçilir: Kullanıcı işlemlerinden Çıkış seçilir

2021-11-23 09:48:03 - [MESSAGE][PASSED] - Kullanıcı işlemlerinden Çıkış seçilir

2021-11-23 09:48:03 - [MESSAGE][PASSED] - Feature file: 'Include/features/e-Saklama/e-Defter/e-Defter Saklama/Ekran Kontrolu.feature' was passed

2021-11-23 09:48:03 - [TEST_STEP][PASSED] - Start listener action : sampleAfterTestSuite: Invoke 'com.kms.katalon.core.annotation.AfterTestCase' method: 'Listener.sampleAfterTestSuite(...)' completed.

2021-11-23 09:48:03 - [MESSAGE][INFO] - Starting invoke 'com.kms.katalon.core.annotation.AfterTestCase' method: 'Listener.sampleAfterTestSuite(...)'

2021-11-23 09:48:03 - [TEST_STEP][PASSED] - closeBrowser(): Invoke 'com.kms.katalon.core.annotation.AfterTestCase' method: 'Listener.sampleAfterTestSuite(...)' completed.

2021-11-23 09:48:03 - [MESSAGE][INFO] - Closing browser

2021-11-23 09:48:04 - [MESSAGE][PASSED] - Browser is closed

2021-11-23 09:48:04 - [MESSAGE][INFO] - Invoke 'com.kms.katalon.core.annotation.AfterTestCase' method: 'Listener.sampleAfterTestSuite(...)' completed.]]></system-out>
         <system-err><![CDATA[]]></system-err>
      </testcase>
      <testcase name="Test Cases/Case Repository/e-Saklama/e-Defter/e-Defter Saklama/Goster" time="49.731" classname="Test Cases/Case Repository/e-Saklama/e-Defter/e-Defter Saklama/Goster" status="PASSED">
         <system-out><![CDATA[2021-11-23 09:48:04 - [TEST_CASE][PASSED] - Test Cases/Case Repository/e-Saklama/e-Defter/e-Defter Saklama/Goster: Test Cases/Case Repository/e-Saklama/e-Defter/e-Defter Saklama/Goster

2021-11-23 09:48:04 - [TEST_STEP][PASSED] - Start listener action : sampleBeforeTestSuite: Invoke 'com.kms.katalon.core.annotation.BeforeTestCase' method: 'Listener.sampleBeforeTestSuite(...)' completed.

2021-11-23 09:48:04 - [MESSAGE][INFO] - Starting invoke 'com.kms.katalon.core.annotation.BeforeTestCase' method: 'Listener.sampleBeforeTestSuite(...)'

2021-11-23 09:48:04 - [TEST_STEP][PASSED] - openBrowser(baseUrl): Browser is opened with url: 'https://efatura-stage.elogo.com.tr/'

2021-11-23 09:48:04 - [MESSAGE][INFO] - Opening browser

2021-11-23 09:48:04 - [MESSAGE][INFO] - Starting 'Chrome' driver

2021-11-23 09:48:04 - [MESSAGE][INFO] - User set preference: ['prefs', '{download.default_directory=C:\otomasyondownfiles}']

2021-11-23 09:48:04 - [MESSAGE][INFO] - Action delay is set to 0 milliseconds

2021-11-23 09:48:06 - [MESSAGE][INFO] - Navigating browser to: 'https://efatura-stage.elogo.com.tr/'

2021-11-23 09:48:17 - [MESSAGE][PASSED] - Browser is opened with url: 'https://efatura-stage.elogo.com.tr/'

2021-11-23 09:48:17 - [TEST_STEP][PASSED] - maximizeWindow(): Invoke 'com.kms.katalon.core.annotation.BeforeTestCase' method: 'Listener.sampleBeforeTestSuite(...)' completed.

2021-11-23 09:48:17 - [MESSAGE][INFO] - Maximizing current window

2021-11-23 09:48:17 - [MESSAGE][PASSED] - Current window maximized

2021-11-23 09:48:17 - [MESSAGE][INFO] - Invoke 'com.kms.katalon.core.annotation.BeforeTestCase' method: 'Listener.sampleBeforeTestSuite(...)' completed.

2021-11-23 09:48:17 - [TEST_STEP][PASSED] - runFeatureFile("Include/features/e-Saklama/e-Defter/e-Defter Saklama/Goster.feature"): Feature file: 'Include/features/e-Saklama/e-Defter/e-Defter Saklama/Goster.feature' was passed

2021-11-23 09:48:17 - [MESSAGE][INFO] - Starting run keyword runFeatureFile: 'Include/features/e-Saklama/e-Defter/e-Defter Saklama/Goster.feature' and extract report to folder: 'C:\Users\DELL\Documents\GitHub\EES_KatalonLogo\Reports\20211123_091110\Suite Repository\e-Saklama\20211123_091205/cucumber_report/1637650097772'...

2021-11-23 09:48:17 - [MESSAGE][INFO] - Glue: []

2021-11-23 09:48:19 - [MESSAGE][INFO] - Checking called Test Case

2021-11-23 09:48:19 - [MESSAGE][INFO] - Starting to call Test Case 'Test Cases/Sayfalar/Giris_Sayfasi/Login'

2021-11-23 09:48:19 - [TEST_CASE][PASSED] - Test Cases/Sayfalar/Giris_Sayfasi/Login: Test Cases/Sayfalar/Giris_Sayfasi/Login

2021-11-23 09:48:19 - [TEST_STEP][PASSED] - Sayfa_Basligi = getWindowTitle(): Current window's title is: 'LOGO e-Fatura'

2021-11-23 09:48:19 - [MESSAGE][INFO] - Getting current window's title

2021-11-23 09:48:19 - [MESSAGE][PASSED] - Current window's title is: 'LOGO e-Fatura'

2021-11-23 09:48:19 - [TEST_STEP][PASSED] - verifyMatch(Sayfa_Basligi, "LOGO e-Fatura", false): Actual text 'LOGO e-Fatura' and expected text 'LOGO e-Fatura' are matched 

2021-11-23 09:48:19 - [MESSAGE][INFO] - Matching actual text 'LOGO e-Fatura' with expected text 'LOGO e-Fatura'

2021-11-23 09:48:19 - [MESSAGE][PASSED] - Actual text 'LOGO e-Fatura' and expected text 'LOGO e-Fatura' are matched 

2021-11-23 09:48:19 - [TEST_STEP][PASSED] - sendKeys(findTestObject("Sayfalar/Giris_Sayfasi/Firma_Kodu"), KullaniciAdi): Keys 'ELOGOGIB' sent to object: 'Object Repository/Sayfalar/Giris_Sayfasi/Firma_Kodu'

2021-11-23 09:48:19 - [MESSAGE][INFO] - Finding Test Object 'Object Repository/Sayfalar/Giris_Sayfasi/Firma_Kodu'

2021-11-23 09:48:20 - [MESSAGE][INFO] - Sending keys 'ELOGOGIB' to object: 'Object Repository/Sayfalar/Giris_Sayfasi/Firma_Kodu'

2021-11-23 09:48:20 - [MESSAGE][INFO] - Finding web element from Test Object's properties

2021-11-23 09:48:20 - [MESSAGE][INFO] - Checking timeout

2021-11-23 09:48:20 - [MESSAGE][INFO] - Finding web element with id: 'Object Repository/Sayfalar/Giris_Sayfasi/Firma_Kodu' located by 'By.xpath: //*[@id = 'AccountName']' in '30' second(s)

2021-11-23 09:48:20 - [MESSAGE][INFO] - Smart Wait Function is triggered

2021-11-23 09:48:20 - [MESSAGE][INFO] - Found 1 web elements with id: 'Object Repository/Sayfalar/Giris_Sayfasi/Firma_Kodu' located by 'By.xpath: //*[@id = 'AccountName']' in '30' second(s)

2021-11-23 09:48:20 - [MESSAGE][PASSED] - Keys 'ELOGOGIB' sent to object: 'Object Repository/Sayfalar/Giris_Sayfasi/Firma_Kodu'

2021-11-23 09:48:20 - [TEST_STEP][PASSED] - sendKeys(findTestObject("Sayfalar/Giris_Sayfasi/Sifre"), Sifre): Keys '123456' sent to object: 'Object Repository/Sayfalar/Giris_Sayfasi/Sifre'

2021-11-23 09:48:20 - [MESSAGE][INFO] - Finding Test Object 'Object Repository/Sayfalar/Giris_Sayfasi/Sifre'

2021-11-23 09:48:20 - [MESSAGE][INFO] - Sending keys '123456' to object: 'Object Repository/Sayfalar/Giris_Sayfasi/Sifre'

2021-11-23 09:48:20 - [MESSAGE][INFO] - Finding web element from Test Object's properties

2021-11-23 09:48:20 - [MESSAGE][INFO] - Checking timeout

2021-11-23 09:48:20 - [MESSAGE][INFO] - Finding web element with id: 'Object Repository/Sayfalar/Giris_Sayfasi/Sifre' located by 'By.xpath: //*[@id = 'Password']' in '30' second(s)

2021-11-23 09:48:20 - [MESSAGE][INFO] - Smart Wait Function is triggered

2021-11-23 09:48:20 - [MESSAGE][INFO] - Found 1 web elements with id: 'Object Repository/Sayfalar/Giris_Sayfasi/Sifre' located by 'By.xpath: //*[@id = 'Password']' in '30' second(s)

2021-11-23 09:48:20 - [MESSAGE][PASSED] - Keys '123456' sent to object: 'Object Repository/Sayfalar/Giris_Sayfasi/Sifre'

2021-11-23 09:48:20 - [TEST_STEP][PASSED] - findWebElement(findTestObject("Sayfalar/Giris_Sayfasi/Giris_Butonu")).click(): Found 1 web elements with id: 'Object Repository/Sayfalar/Giris_Sayfasi/Giris_Butonu' located by 'By.cssSelector: #btnLogin' in '30' second(s)

2021-11-23 09:48:20 - [MESSAGE][INFO] - Finding Test Object 'Object Repository/Sayfalar/Giris_Sayfasi/Giris_Butonu'

2021-11-23 09:48:20 - [MESSAGE][INFO] - Finding web element from Test Object's properties

2021-11-23 09:48:20 - [MESSAGE][INFO] - Checking timeout

2021-11-23 09:48:20 - [MESSAGE][INFO] - Finding web element with id: 'Object Repository/Sayfalar/Giris_Sayfasi/Giris_Butonu' located by 'By.cssSelector: #btnLogin' in '30' second(s)

2021-11-23 09:48:20 - [MESSAGE][INFO] - Smart Wait Function is triggered

2021-11-23 09:48:21 - [MESSAGE][INFO] - Found 1 web elements with id: 'Object Repository/Sayfalar/Giris_Sayfasi/Giris_Butonu' located by 'By.cssSelector: #btnLogin' in '30' second(s)

2021-11-23 09:48:23 - [TEST_STEP][PASSED] - if (verifyElementPresent(findTestObject("Object Repository/Sayfalar/Giris_Sayfasi/RetveTamam_Butonu"), 5, OPTIONAL)): null

2021-11-23 09:48:23 - [MESSAGE][INFO] - Finding Test Object 'Object Repository/Sayfalar/Giris_Sayfasi/RetveTamam_Butonu'

2021-11-23 09:48:23 - [MESSAGE][INFO] - Checking object

2021-11-23 09:48:23 - [MESSAGE][INFO] - Finding web element from Test Object's properties

2021-11-23 09:48:23 - [MESSAGE][INFO] - Checking timeout

2021-11-23 09:48:23 - [MESSAGE][INFO] - Finding web element with id: 'Object Repository/Sayfalar/Giris_Sayfasi/RetveTamam_Butonu' located by 'By.xpath: //*[@class = 'btn btn-default']' in '5' second(s)

2021-11-23 09:48:23 - [MESSAGE][INFO] - Smart Wait Function is triggered

2021-11-23 09:48:23 - [MESSAGE][INFO] - Found 1 web elements with id: 'Object Repository/Sayfalar/Giris_Sayfasi/RetveTamam_Butonu' located by 'By.xpath: //*[@class = 'btn btn-default']' in '5' second(s)

2021-11-23 09:48:23 - [MESSAGE][PASSED] - Object 'Object Repository/Sayfalar/Giris_Sayfasi/RetveTamam_Butonu' is present

2021-11-23 09:48:23 - [TEST_STEP][PASSED] - click(findTestObject("Object Repository/Sayfalar/Giris_Sayfasi/RetveTamam_Butonu")): Object: 'Object Repository/Sayfalar/Giris_Sayfasi/RetveTamam_Butonu' is clicked on

2021-11-23 09:48:23 - [MESSAGE][INFO] - Finding Test Object 'Object Repository/Sayfalar/Giris_Sayfasi/RetveTamam_Butonu'

2021-11-23 09:48:23 - [MESSAGE][INFO] - Checking object

2021-11-23 09:48:23 - [MESSAGE][INFO] - Finding web element from Test Object's properties

2021-11-23 09:48:23 - [MESSAGE][INFO] - Checking timeout

2021-11-23 09:48:23 - [MESSAGE][INFO] - Finding web element with id: 'Object Repository/Sayfalar/Giris_Sayfasi/RetveTamam_Butonu' located by 'By.xpath: //*[@class = 'btn btn-default']' in '30' second(s)

2021-11-23 09:48:23 - [MESSAGE][INFO] - Smart Wait Function is triggered

2021-11-23 09:48:23 - [MESSAGE][INFO] - Found 1 web elements with id: 'Object Repository/Sayfalar/Giris_Sayfasi/RetveTamam_Butonu' located by 'By.xpath: //*[@class = 'btn btn-default']' in '30' second(s)

2021-11-23 09:48:23 - [MESSAGE][INFO] - Clicking on object: 'Object Repository/Sayfalar/Giris_Sayfasi/RetveTamam_Butonu'

2021-11-23 09:48:23 - [MESSAGE][PASSED] - Object: 'Object Repository/Sayfalar/Giris_Sayfasi/RetveTamam_Butonu' is clicked on

2021-11-23 09:48:23 - [TEST_STEP][PASSED] - click(findTestObject("Object Repository/Sayfalar/Giris_Sayfasi/RetveTamam_Butonu")): Object: 'Object Repository/Sayfalar/Giris_Sayfasi/RetveTamam_Butonu' is clicked on

2021-11-23 09:48:23 - [MESSAGE][INFO] - Finding Test Object 'Object Repository/Sayfalar/Giris_Sayfasi/RetveTamam_Butonu'

2021-11-23 09:48:24 - [MESSAGE][INFO] - Checking object

2021-11-23 09:48:24 - [MESSAGE][INFO] - Finding web element from Test Object's properties

2021-11-23 09:48:24 - [MESSAGE][INFO] - Checking timeout

2021-11-23 09:48:24 - [MESSAGE][INFO] - Finding web element with id: 'Object Repository/Sayfalar/Giris_Sayfasi/RetveTamam_Butonu' located by 'By.xpath: //*[@class = 'btn btn-default']' in '30' second(s)

2021-11-23 09:48:24 - [MESSAGE][INFO] - Smart Wait Function is triggered

2021-11-23 09:48:26 - [MESSAGE][INFO] - Found 1 web elements with id: 'Object Repository/Sayfalar/Giris_Sayfasi/RetveTamam_Butonu' located by 'By.xpath: //*[@class = 'btn btn-default']' in '30' second(s)

2021-11-23 09:48:26 - [MESSAGE][INFO] - Clicking on object: 'Object Repository/Sayfalar/Giris_Sayfasi/RetveTamam_Butonu'

2021-11-23 09:48:26 - [MESSAGE][PASSED] - Object: 'Object Repository/Sayfalar/Giris_Sayfasi/RetveTamam_Butonu' is clicked on

2021-11-23 09:48:26 - [TEST_STEP][PASSED] - if (verifyElementPresent(findTestObject("Sayfalar/Giris_Sayfasi/PopupOK"), 5, OPTIONAL)): null

2021-11-23 09:48:26 - [MESSAGE][INFO] - Finding Test Object 'Object Repository/Sayfalar/Giris_Sayfasi/PopupOK'

2021-11-23 09:48:27 - [MESSAGE][INFO] - Checking object

2021-11-23 09:48:27 - [MESSAGE][INFO] - Finding web element from Test Object's properties

2021-11-23 09:48:27 - [MESSAGE][INFO] - Checking timeout

2021-11-23 09:48:27 - [MESSAGE][INFO] - Finding web element with id: 'Object Repository/Sayfalar/Giris_Sayfasi/PopupOK' located by 'By.cssSelector: .btn.btn-success' in '5' second(s)

2021-11-23 09:48:27 - [MESSAGE][INFO] - Smart Wait Function is triggered

2021-11-23 09:48:27 - [MESSAGE][INFO] - Found 1 web elements with id: 'Object Repository/Sayfalar/Giris_Sayfasi/PopupOK' located by 'By.cssSelector: .btn.btn-success' in '5' second(s)

2021-11-23 09:48:27 - [MESSAGE][PASSED] - Object 'Object Repository/Sayfalar/Giris_Sayfasi/PopupOK' is present

2021-11-23 09:48:27 - [TEST_STEP][PASSED] - click(findTestObject("Object Repository/Sayfalar/Giris_Sayfasi/PopupCarpiGiris")): Object: 'Object Repository/Sayfalar/Giris_Sayfasi/PopupCarpiGiris' is clicked on

2021-11-23 09:48:27 - [MESSAGE][INFO] - Finding Test Object 'Object Repository/Sayfalar/Giris_Sayfasi/PopupCarpiGiris'

2021-11-23 09:48:27 - [MESSAGE][INFO] - Checking object

2021-11-23 09:48:27 - [MESSAGE][INFO] - Finding web element from Test Object's properties

2021-11-23 09:48:27 - [MESSAGE][INFO] - Checking timeout

2021-11-23 09:48:27 - [MESSAGE][INFO] - Finding web element with id: 'Object Repository/Sayfalar/Giris_Sayfasi/PopupCarpiGiris' located by 'By.cssSelector: .bootbox-close-button.close' in '30' second(s)

2021-11-23 09:48:27 - [MESSAGE][INFO] - Smart Wait Function is triggered

2021-11-23 09:48:28 - [MESSAGE][INFO] - Found 1 web elements with id: 'Object Repository/Sayfalar/Giris_Sayfasi/PopupCarpiGiris' located by 'By.cssSelector: .bootbox-close-button.close' in '30' second(s)

2021-11-23 09:48:28 - [MESSAGE][INFO] - Clicking on object: 'Object Repository/Sayfalar/Giris_Sayfasi/PopupCarpiGiris'

2021-11-23 09:48:28 - [MESSAGE][PASSED] - Object: 'Object Repository/Sayfalar/Giris_Sayfasi/PopupCarpiGiris' is clicked on

2021-11-23 09:48:28 - [TEST_STEP][PASSED] - verifyElementVisible(findTestObject("Object Repository/Kullanici_Islemleri/KullaniciIslemleri")): Object 'Object Repository/Kullanici_Islemleri/KullaniciIslemleri' is visible

2021-11-23 09:48:28 - [MESSAGE][INFO] - Finding Test Object 'Object Repository/Kullanici_Islemleri/KullaniciIslemleri'

2021-11-23 09:48:28 - [MESSAGE][INFO] - Checking object

2021-11-23 09:48:28 - [MESSAGE][INFO] - Finding web element from Test Object's properties

2021-11-23 09:48:28 - [MESSAGE][INFO] - Checking timeout

2021-11-23 09:48:28 - [MESSAGE][INFO] - Finding web element with id: 'Object Repository/Kullanici_Islemleri/KullaniciIslemleri' located by 'By.cssSelector: .dropdown>a>img' in '30' second(s)

2021-11-23 09:48:28 - [MESSAGE][INFO] - Smart Wait Function is triggered

2021-11-23 09:48:29 - [MESSAGE][INFO] - Found 1 web elements with id: 'Object Repository/Kullanici_Islemleri/KullaniciIslemleri' located by 'By.cssSelector: .dropdown>a>img' in '30' second(s)

2021-11-23 09:48:29 - [MESSAGE][PASSED] - Object 'Object Repository/Kullanici_Islemleri/KullaniciIslemleri' is visible

2021-11-23 09:48:29 - [MESSAGE][PASSED] - Call Test Case 'Test Cases/Sayfalar/Giris_Sayfasi/Login' successfully

2021-11-23 09:48:29 - [MESSAGE][INFO] - Checking called Test Case

2021-11-23 09:48:29 - [MESSAGE][INFO] - Starting to call Test Case 'Test Cases/Menu/AnaMenuSecimi'

2021-11-23 09:48:29 - [TEST_CASE][PASSED] - Test Cases/Menu/AnaMenuSecimi: Test Cases/Menu/AnaMenuSecimi

2021-11-23 09:48:29 - [TEST_STEP][PASSED] - Method.TextDegerineEsitElementeTikla(findTestObject("Menu/Ana_Menu"), Ana_Menu): Method.TextDegerineEsitElementeTikla is PASSED

2021-11-23 09:48:29 - [MESSAGE][INFO] - Finding Test Object 'Object Repository/Menu/Ana_Menu'

2021-11-23 09:48:29 - [MESSAGE][INFO] - Checking timeout

2021-11-23 09:48:29 - [MESSAGE][INFO] - Finding web element with id: 'Object Repository/Menu/Ana_Menu' located by 'By.xpath: //*[@class = 'dropdown-toggle']' in '10' second(s)

2021-11-23 09:48:29 - [MESSAGE][INFO] - Smart Wait Function is triggered

2021-11-23 09:48:29 - [MESSAGE][INFO] - Found 14 web elements with id: 'Object Repository/Menu/Ana_Menu' located by 'By.xpath: //*[@class = 'dropdown-toggle']' in '10' second(s)

2021-11-23 09:48:29 - [MESSAGE][PASSED] - Method.TextDegerineEsitElementeTikla is PASSED

2021-11-23 09:48:29 - [MESSAGE][PASSED] - Call Test Case 'Test Cases/Menu/AnaMenuSecimi' successfully

2021-11-23 09:48:29 - [MESSAGE][INFO] - Checking called Test Case

2021-11-23 09:48:29 - [MESSAGE][INFO] - Starting to call Test Case 'Test Cases/Menu/BasligaGoreAltMenuSecimi'

2021-11-23 09:48:29 - [TEST_CASE][PASSED] - Test Cases/Menu/BasligaGoreAltMenuSecimi: Test Cases/Menu/BasligaGoreAltMenuSecimi

2021-11-23 09:48:29 - [TEST_STEP][PASSED] - Method.TextDegerineEsitElementinAltindakiTextDegerineEsitOlanaTikla(findTestObject("Menu/Menu_Basligi"), findTestObject("Menu/Basliga_Gore_Alt_Menu"), Baslik, Alt_Menu): Method.TextDegerineEsitElementinAltindakiTextDegerineEsitOlanaTikla is PASSED

2021-11-23 09:48:29 - [MESSAGE][INFO] - Finding Test Object 'Object Repository/Menu/Menu_Basligi'

2021-11-23 09:48:29 - [MESSAGE][INFO] - Finding Test Object 'Object Repository/Menu/Basliga_Gore_Alt_Menu'

2021-11-23 09:48:29 - [MESSAGE][INFO] - Checking timeout

2021-11-23 09:48:29 - [MESSAGE][INFO] - Finding web element with id: 'Object Repository/Menu/Menu_Basligi' located by 'By.xpath: //li[@class='dropdown dropdown-large open']//li[@class='dropdown-header']' in '10' second(s)

2021-11-23 09:48:29 - [MESSAGE][INFO] - Smart Wait Function is triggered

2021-11-23 09:48:30 - [MESSAGE][INFO] - Found 2 web elements with id: 'Object Repository/Menu/Menu_Basligi' located by 'By.xpath: //li[@class='dropdown dropdown-large open']//li[@class='dropdown-header']' in '10' second(s)

2021-11-23 09:48:30 - [MESSAGE][INFO] - Smart Wait Function is triggered

2021-11-23 09:48:37 - [MESSAGE][PASSED] - Method.TextDegerineEsitElementinAltindakiTextDegerineEsitOlanaTikla is PASSED

2021-11-23 09:48:37 - [MESSAGE][PASSED] - Call Test Case 'Test Cases/Menu/BasligaGoreAltMenuSecimi' successfully

2021-11-23 09:48:37 - [MESSAGE][INFO] - Checking called Test Case

2021-11-23 09:48:37 - [MESSAGE][INFO] - Starting to call Test Case 'Test Cases/Filtreler/DropdownSec'

2021-11-23 09:48:37 - [TEST_CASE][PASSED] - Test Cases/Filtreler/DropdownSec: Test Cases/Filtreler/DropdownSec

2021-11-23 09:48:37 - [TEST_STEP][PASSED] - Method.TextDegerineEsitElementinAltindakineTikla(findTestObject("Filtreler/Basliklar"), findTestObject("Filtreler/Basliga_Gore_Baslangic_Image"), Filtre_Adi): Method.TextDegerineEsitElementinAltindakineTikla is PASSED

2021-11-23 09:48:37 - [MESSAGE][INFO] - Finding Test Object 'Object Repository/Filtreler/Basliklar'

2021-11-23 09:48:37 - [MESSAGE][INFO] - Finding Test Object 'Object Repository/Filtreler/Basliga_Gore_Baslangic_Image'

2021-11-23 09:48:38 - [MESSAGE][INFO] - Checking timeout

2021-11-23 09:48:38 - [MESSAGE][INFO] - Finding web element with id: 'Object Repository/Filtreler/Basliklar' located by 'By.cssSelector: .control-label.col-sm-4.paddingMarginRLC' in '10' second(s)

2021-11-23 09:48:38 - [MESSAGE][INFO] - Smart Wait Function is triggered

2021-11-23 09:48:38 - [MESSAGE][INFO] - Found 1 web elements with id: 'Object Repository/Filtreler/Basliklar' located by 'By.cssSelector: .control-label.col-sm-4.paddingMarginRLC' in '10' second(s)

2021-11-23 09:48:38 - [MESSAGE][INFO] - Smart Wait Function is triggered

2021-11-23 09:48:38 - [MESSAGE][PASSED] - Method.TextDegerineEsitElementinAltindakineTikla is PASSED

2021-11-23 09:48:38 - [TEST_STEP][PASSED] - Method.TextDegerineEsitElementeTikla(findTestObject("Object Repository/Filtreler/Basliga_Gore_Dropdown"), Filtre_Degeri): Method.TextDegerineEsitElementeTikla is PASSED

2021-11-23 09:48:38 - [MESSAGE][INFO] - Finding Test Object 'Object Repository/Filtreler/Basliga_Gore_Dropdown'

2021-11-23 09:48:38 - [MESSAGE][INFO] - Checking timeout

2021-11-23 09:48:38 - [MESSAGE][INFO] - Finding web element with id: 'Object Repository/Filtreler/Basliga_Gore_Dropdown' located by 'By.xpath: //*[@class = 'dxeListBoxItemRow_LECustomTheme']' in '10' second(s)

2021-11-23 09:48:38 - [MESSAGE][INFO] - Smart Wait Function is triggered

2021-11-23 09:48:39 - [MESSAGE][INFO] - Found 4 web elements with id: 'Object Repository/Filtreler/Basliga_Gore_Dropdown' located by 'By.xpath: //*[@class = 'dxeListBoxItemRow_LECustomTheme']' in '10' second(s)

2021-11-23 09:48:39 - [MESSAGE][PASSED] - Method.TextDegerineEsitElementeTikla is PASSED

2021-11-23 09:48:39 - [MESSAGE][PASSED] - Call Test Case 'Test Cases/Filtreler/DropdownSec' successfully

2021-11-23 09:48:39 - [MESSAGE][INFO] - Checking called Test Case

2021-11-23 09:48:39 - [MESSAGE][INFO] - Starting to call Test Case 'Test Cases/Filtreler/ButonaTikla'

2021-11-23 09:48:39 - [TEST_CASE][PASSED] - Test Cases/Filtreler/ButonaTikla: Test Cases/Filtreler/ButonaTikla

2021-11-23 09:48:39 - [TEST_STEP][PASSED] - Method.TextDegerineEsitElementeTikla(findTestObject("Filtreler/Butonlar"), Filtre_Buton): Method.TextDegerineEsitElementeTikla is PASSED

2021-11-23 09:48:39 - [MESSAGE][INFO] - Finding Test Object 'Object Repository/Filtreler/Butonlar'

2021-11-23 09:48:39 - [MESSAGE][INFO] - Checking timeout

2021-11-23 09:48:39 - [MESSAGE][INFO] - Finding web element with id: 'Object Repository/Filtreler/Butonlar' located by 'By.cssSelector: .dxb>span' in '10' second(s)

2021-11-23 09:48:39 - [MESSAGE][INFO] - Smart Wait Function is triggered

2021-11-23 09:48:39 - [MESSAGE][INFO] - Found 1 web elements with id: 'Object Repository/Filtreler/Butonlar' located by 'By.cssSelector: .dxb>span' in '10' second(s)

2021-11-23 09:48:40 - [MESSAGE][PASSED] - Method.TextDegerineEsitElementeTikla is PASSED

2021-11-23 09:48:40 - [MESSAGE][PASSED] - Call Test Case 'Test Cases/Filtreler/ButonaTikla' successfully

2021-11-23 09:48:40 - [MESSAGE][INFO] - Checking called Test Case

2021-11-23 09:48:40 - [MESSAGE][INFO] - Starting to call Test Case 'Test Cases/Tablo/KlasorAcilir'

2021-11-23 09:48:40 - [TEST_CASE][PASSED] - Test Cases/Tablo/KlasorAcilir: Test Cases/Tablo/KlasorAcilir

2021-11-23 09:48:41 - [TEST_STEP][PASSED] - Method.TextDegerineEsitElementinAltindakineTikla(findTestObject("Object Repository/Tablo/Klasorler"), findTestObject("Object Repository/Tablo/KlasorAc"), Klasor): Method.TextDegerineEsitElementinAltindakineTikla is PASSED

2021-11-23 09:48:41 - [MESSAGE][INFO] - Finding Test Object 'Object Repository/Tablo/Klasorler'

2021-11-23 09:48:41 - [MESSAGE][INFO] - Finding Test Object 'Object Repository/Tablo/KlasorAc'

2021-11-23 09:48:41 - [MESSAGE][INFO] - Checking timeout

2021-11-23 09:48:41 - [MESSAGE][INFO] - Finding web element with id: 'Object Repository/Tablo/Klasorler' located by 'By.cssSelector: .dxtl.dxtl__B0' in '10' second(s)

2021-11-23 09:48:41 - [MESSAGE][INFO] - Smart Wait Function is triggered

2021-11-23 09:48:41 - [MESSAGE][INFO] - Found 6 web elements with id: 'Object Repository/Tablo/Klasorler' located by 'By.cssSelector: .dxtl.dxtl__B0' in '10' second(s)

2021-11-23 09:48:41 - [MESSAGE][INFO] - Smart Wait Function is triggered

2021-11-23 09:48:42 - [MESSAGE][PASSED] - Method.TextDegerineEsitElementinAltindakineTikla is PASSED

2021-11-23 09:48:42 - [MESSAGE][PASSED] - Call Test Case 'Test Cases/Tablo/KlasorAcilir' successfully

2021-11-23 09:48:42 - [MESSAGE][INFO] - Checking called Test Case

2021-11-23 09:48:42 - [MESSAGE][INFO] - Starting to call Test Case 'Test Cases/Tablo/KlasorAcilir'

2021-11-23 09:48:42 - [TEST_CASE][PASSED] - Test Cases/Tablo/KlasorAcilir: Test Cases/Tablo/KlasorAcilir

2021-11-23 09:48:42 - [TEST_STEP][PASSED] - Method.TextDegerineEsitElementinAltindakineTikla(findTestObject("Object Repository/Tablo/Klasorler"), findTestObject("Object Repository/Tablo/KlasorAc"), Klasor): Method.TextDegerineEsitElementinAltindakineTikla is PASSED

2021-11-23 09:48:42 - [MESSAGE][INFO] - Finding Test Object 'Object Repository/Tablo/Klasorler'

2021-11-23 09:48:42 - [MESSAGE][INFO] - Finding Test Object 'Object Repository/Tablo/KlasorAc'

2021-11-23 09:48:42 - [MESSAGE][INFO] - Checking timeout

2021-11-23 09:48:42 - [MESSAGE][INFO] - Finding web element with id: 'Object Repository/Tablo/Klasorler' located by 'By.cssSelector: .dxtl.dxtl__B0' in '10' second(s)

2021-11-23 09:48:42 - [MESSAGE][INFO] - Smart Wait Function is triggered

2021-11-23 09:48:42 - [MESSAGE][INFO] - Found 30 web elements with id: 'Object Repository/Tablo/Klasorler' located by 'By.cssSelector: .dxtl.dxtl__B0' in '10' second(s)

2021-11-23 09:48:42 - [MESSAGE][INFO] - Smart Wait Function is triggered

2021-11-23 09:48:43 - [MESSAGE][PASSED] - Method.TextDegerineEsitElementinAltindakineTikla is PASSED

2021-11-23 09:48:43 - [MESSAGE][PASSED] - Call Test Case 'Test Cases/Tablo/KlasorAcilir' successfully

2021-11-23 09:48:43 - [MESSAGE][INFO] - Checking called Test Case

2021-11-23 09:48:43 - [MESSAGE][INFO] - Starting to call Test Case 'Test Cases/Tablo/KlasorAcilir'

2021-11-23 09:48:43 - [TEST_CASE][PASSED] - Test Cases/Tablo/KlasorAcilir: Test Cases/Tablo/KlasorAcilir

2021-11-23 09:48:43 - [TEST_STEP][PASSED] - Method.TextDegerineEsitElementinAltindakineTikla(findTestObject("Object Repository/Tablo/Klasorler"), findTestObject("Object Repository/Tablo/KlasorAc"), Klasor): Method.TextDegerineEsitElementinAltindakineTikla is PASSED

2021-11-23 09:48:43 - [MESSAGE][INFO] - Finding Test Object 'Object Repository/Tablo/Klasorler'

2021-11-23 09:48:43 - [MESSAGE][INFO] - Finding Test Object 'Object Repository/Tablo/KlasorAc'

2021-11-23 09:48:43 - [MESSAGE][INFO] - Checking timeout

2021-11-23 09:48:43 - [MESSAGE][INFO] - Finding web element with id: 'Object Repository/Tablo/Klasorler' located by 'By.cssSelector: .dxtl.dxtl__B0' in '10' second(s)

2021-11-23 09:48:43 - [MESSAGE][INFO] - Smart Wait Function is triggered

2021-11-23 09:48:43 - [MESSAGE][INFO] - Found 42 web elements with id: 'Object Repository/Tablo/Klasorler' located by 'By.cssSelector: .dxtl.dxtl__B0' in '10' second(s)

2021-11-23 09:48:43 - [MESSAGE][INFO] - Smart Wait Function is triggered

2021-11-23 09:48:44 - [MESSAGE][PASSED] - Method.TextDegerineEsitElementinAltindakineTikla is PASSED

2021-11-23 09:48:44 - [MESSAGE][PASSED] - Call Test Case 'Test Cases/Tablo/KlasorAcilir' successfully

2021-11-23 09:48:44 - [MESSAGE][INFO] - Checking called Test Case

2021-11-23 09:48:44 - [MESSAGE][INFO] - Starting to call Test Case 'Test Cases/Tablo/KlasorAcilir'

2021-11-23 09:48:44 - [TEST_CASE][PASSED] - Test Cases/Tablo/KlasorAcilir: Test Cases/Tablo/KlasorAcilir

2021-11-23 09:48:44 - [TEST_STEP][PASSED] - Method.TextDegerineEsitElementinAltindakineTikla(findTestObject("Object Repository/Tablo/Klasorler"), findTestObject("Object Repository/Tablo/KlasorAc"), Klasor): Method.TextDegerineEsitElementinAltindakineTikla is PASSED

2021-11-23 09:48:44 - [MESSAGE][INFO] - Finding Test Object 'Object Repository/Tablo/Klasorler'

2021-11-23 09:48:44 - [MESSAGE][INFO] - Finding Test Object 'Object Repository/Tablo/KlasorAc'

2021-11-23 09:48:44 - [MESSAGE][INFO] - Checking timeout

2021-11-23 09:48:44 - [MESSAGE][INFO] - Finding web element with id: 'Object Repository/Tablo/Klasorler' located by 'By.cssSelector: .dxtl.dxtl__B0' in '10' second(s)

2021-11-23 09:48:44 - [MESSAGE][INFO] - Smart Wait Function is triggered

2021-11-23 09:48:44 - [MESSAGE][INFO] - Found 72 web elements with id: 'Object Repository/Tablo/Klasorler' located by 'By.cssSelector: .dxtl.dxtl__B0' in '10' second(s)

2021-11-23 09:48:45 - [MESSAGE][INFO] - Smart Wait Function is triggered

2021-11-23 09:48:45 - [MESSAGE][PASSED] - Method.TextDegerineEsitElementinAltindakineTikla is PASSED

2021-11-23 09:48:45 - [MESSAGE][PASSED] - Call Test Case 'Test Cases/Tablo/KlasorAcilir' successfully

2021-11-23 09:48:45 - [MESSAGE][INFO] - Checking called Test Case

2021-11-23 09:48:45 - [MESSAGE][INFO] - Starting to call Test Case 'Test Cases/Tablo/KlasorSecilir'

2021-11-23 09:48:45 - [TEST_CASE][PASSED] - Test Cases/Tablo/KlasorSecilir: Test Cases/Tablo/KlasorSecilir

2021-11-23 09:48:45 - [TEST_STEP][PASSED] - Method.KlasorSec(findTestObject("Tablo/Klasorler"), findTestObject("Tablo/KlasorSec"), Klasor): Method.KlasorSec is PASSED

2021-11-23 09:48:45 - [MESSAGE][INFO] - Finding Test Object 'Object Repository/Tablo/Klasorler'

2021-11-23 09:48:46 - [MESSAGE][INFO] - Finding Test Object 'Object Repository/Tablo/KlasorSec'

2021-11-23 09:48:46 - [MESSAGE][INFO] - Checking timeout

2021-11-23 09:48:46 - [MESSAGE][INFO] - Finding web element with id: 'Object Repository/Tablo/Klasorler' located by 'By.cssSelector: .dxtl.dxtl__B0' in '10' second(s)

2021-11-23 09:48:46 - [MESSAGE][INFO] - Smart Wait Function is triggered

2021-11-23 09:48:46 - [MESSAGE][INFO] - Found 78 web elements with id: 'Object Repository/Tablo/Klasorler' located by 'By.cssSelector: .dxtl.dxtl__B0' in '10' second(s)

2021-11-23 09:48:46 - [MESSAGE][INFO] - Smart Wait Function is triggered

2021-11-23 09:48:47 - [MESSAGE][INFO] - Smart Wait Function is triggered

2021-11-23 09:48:47 - [MESSAGE][PASSED] - Method.KlasorSec is PASSED

2021-11-23 09:48:47 - [MESSAGE][PASSED] - Call Test Case 'Test Cases/Tablo/KlasorSecilir' successfully

2021-11-23 09:48:47 - [MESSAGE][INFO] - Checking called Test Case

2021-11-23 09:48:47 - [MESSAGE][INFO] - Starting to call Test Case 'Test Cases/Butonlar/ButonaTikla'

2021-11-23 09:48:47 - [TEST_CASE][PASSED] - Test Cases/Butonlar/ButonaTikla: Test Cases/Butonlar/ButonaTikla

2021-11-23 09:48:47 - [TEST_STEP][PASSED] - Method.TextDegerineEsitElementeTiklaEquals(findTestObject("Butonlar/Butonlar"), Buton_Adi): Method.TextDegerineEsitElementeTiklaEquals is PASSED

2021-11-23 09:48:47 - [MESSAGE][INFO] - Finding Test Object 'Object Repository/Butonlar/Butonlar'

2021-11-23 09:48:47 - [MESSAGE][INFO] - Checking timeout

2021-11-23 09:48:47 - [MESSAGE][INFO] - Finding web element with id: 'Object Repository/Butonlar/Butonlar' located by 'By.cssSelector: .panel.panel-default.text-center.footerPanel .btn,.btn.btn-primary.btnControls' in '10' second(s)

2021-11-23 09:48:47 - [MESSAGE][INFO] - Smart Wait Function is triggered

2021-11-23 09:48:48 - [MESSAGE][INFO] - Found 9 web elements with id: 'Object Repository/Butonlar/Butonlar' located by 'By.cssSelector: .panel.panel-default.text-center.footerPanel .btn,.btn.btn-primary.btnControls' in '10' second(s)

2021-11-23 09:48:48 - [MESSAGE][PASSED] - Method.TextDegerineEsitElementeTiklaEquals is PASSED

2021-11-23 09:48:48 - [MESSAGE][PASSED] - Call Test Case 'Test Cases/Butonlar/ButonaTikla' successfully

2021-11-23 09:48:48 - [MESSAGE][INFO] - Checking called Test Case

2021-11-23 09:48:48 - [MESSAGE][INFO] - Starting to call Test Case 'Test Cases/Sekmeler/YeniSekmeyeGec'

2021-11-23 09:48:48 - [TEST_CASE][PASSED] - Test Cases/Sekmeler/YeniSekmeyeGec: Test Cases/Sekmeler/YeniSekmeyeGec

2021-11-23 09:48:48 - [TEST_STEP][PASSED] - switchToWindowIndex(1): Switched to window with index: '1'

2021-11-23 09:48:48 - [MESSAGE][INFO] - Checking index

2021-11-23 09:48:48 - [MESSAGE][INFO] - Switching window with index: '1'

2021-11-23 09:48:48 - [MESSAGE][PASSED] - Switched to window with index: '1'

2021-11-23 09:48:48 - [MESSAGE][PASSED] - Call Test Case 'Test Cases/Sekmeler/YeniSekmeyeGec' successfully

2021-11-23 09:48:48 - [MESSAGE][INFO] - Checking called Test Case

2021-11-23 09:48:48 - [MESSAGE][INFO] - Starting to call Test Case 'Test Cases/Sekmeler/YeniSekmeBasligindaVarMi'

2021-11-23 09:48:49 - [TEST_CASE][PASSED] - Test Cases/Sekmeler/YeniSekmeBasligindaVarMi: Test Cases/Sekmeler/YeniSekmeBasligindaVarMi

2021-11-23 09:48:49 - [TEST_STEP][PASSED] - verifyElementText(findTestObject("Object Repository/Sekmeler/Olusturma_Goster_Baslik"), Title): Actual text and expected text of test object 'Object Repository/Sekmeler/Olusturma_Goster_Baslik' are matched.

2021-11-23 09:48:49 - [MESSAGE][INFO] - Finding Test Object 'Object Repository/Sekmeler/Olusturma_Goster_Baslik'

2021-11-23 09:48:49 - [MESSAGE][INFO] - Checking object

2021-11-23 09:48:49 - [MESSAGE][INFO] - Finding web element from Test Object's properties

2021-11-23 09:48:49 - [MESSAGE][INFO] - Checking timeout

2021-11-23 09:48:49 - [MESSAGE][INFO] - Finding web element with id: 'Object Repository/Sekmeler/Olusturma_Goster_Baslik' located by 'By.cssSelector: h1>span,td>font,font' in '30' second(s)

2021-11-23 09:48:49 - [MESSAGE][INFO] - Smart Wait Function is triggered

2021-11-23 09:48:49 - [MESSAGE][INFO] - Found 1 web elements with id: 'Object Repository/Sekmeler/Olusturma_Goster_Baslik' located by 'By.cssSelector: h1>span,td>font,font' in '30' second(s)

2021-11-23 09:48:49 - [MESSAGE][PASSED] - Actual text and expected text of test object 'Object Repository/Sekmeler/Olusturma_Goster_Baslik' are matched.

2021-11-23 09:48:49 - [MESSAGE][PASSED] - Call Test Case 'Test Cases/Sekmeler/YeniSekmeBasligindaVarMi' successfully

2021-11-23 09:48:49 - [MESSAGE][INFO] - Checking called Test Case

2021-11-23 09:48:49 - [MESSAGE][INFO] - Starting to call Test Case 'Test Cases/Sekmeler/Ana_Sekmeye_Gec'

2021-11-23 09:48:49 - [TEST_CASE][PASSED] - Test Cases/Sekmeler/Ana_Sekmeye_Gec: Test Cases/Sekmeler/Ana_Sekmeye_Gec

2021-11-23 09:48:50 - [TEST_STEP][PASSED] - try: Window with index 1 is closed

2021-11-23 09:48:50 - [TEST_STEP][PASSED] - index = getWindowIndex(): Current window's index is: 1

2021-11-23 09:48:50 - [MESSAGE][INFO] - Getting current window's index

2021-11-23 09:48:50 - [MESSAGE][PASSED] - Current window's index is: 1

2021-11-23 09:48:50 - [TEST_STEP][PASSED] - closeWindowIndex(index): Window with index 1 is closed

2021-11-23 09:48:50 - [MESSAGE][INFO] - Checking index

2021-11-23 09:48:50 - [MESSAGE][INFO] - Closing window with index 1

2021-11-23 09:48:50 - [MESSAGE][PASSED] - Window with index 1 is closed

2021-11-23 09:48:50 - [TEST_STEP][PASSED] - switchToWindowIndex(0): Switched to window with index: '0'

2021-11-23 09:48:50 - [MESSAGE][INFO] - Checking index

2021-11-23 09:48:50 - [MESSAGE][INFO] - Switching window with index: '0'

2021-11-23 09:48:50 - [MESSAGE][PASSED] - Switched to window with index: '0'

2021-11-23 09:48:50 - [MESSAGE][PASSED] - Call Test Case 'Test Cases/Sekmeler/Ana_Sekmeye_Gec' successfully

2021-11-23 09:48:50 - [MESSAGE][INFO] - Checking called Test Case

2021-11-23 09:48:50 - [MESSAGE][INFO] - Starting to call Test Case 'Test Cases/Kullanici_Islemleri/KullaniciIslemlerindenSecimYapilir'

2021-11-23 09:48:50 - [TEST_CASE][PASSED] - Test Cases/Kullanici_Islemleri/KullaniciIslemlerindenSecimYapilir: Test Cases/Kullanici_Islemleri/KullaniciIslemlerindenSecimYapilir

2021-11-23 09:48:50 - [TEST_STEP][PASSED] - waitForElementClickable(findTestObject("Object Repository/Kullanici_Islemleri/KullaniciIslemleri"), 10): Object 'Object Repository/Kullanici_Islemleri/KullaniciIslemleri' is clickable

2021-11-23 09:48:50 - [MESSAGE][INFO] - Finding Test Object 'Object Repository/Kullanici_Islemleri/KullaniciIslemleri'

2021-11-23 09:48:50 - [MESSAGE][INFO] - Checking object

2021-11-23 09:48:50 - [MESSAGE][INFO] - Checking timeout

2021-11-23 09:48:50 - [MESSAGE][INFO] - Finding web element from Test Object's properties

2021-11-23 09:48:50 - [MESSAGE][INFO] - Checking timeout

2021-11-23 09:48:50 - [MESSAGE][INFO] - Finding web element with id: 'Object Repository/Kullanici_Islemleri/KullaniciIslemleri' located by 'By.cssSelector: .dropdown>a>img' in '10' second(s)

2021-11-23 09:48:50 - [MESSAGE][INFO] - Smart Wait Function is triggered

2021-11-23 09:48:51 - [MESSAGE][INFO] - Found 1 web elements with id: 'Object Repository/Kullanici_Islemleri/KullaniciIslemleri' located by 'By.cssSelector: .dropdown>a>img' in '10' second(s)

2021-11-23 09:48:51 - [MESSAGE][PASSED] - Object 'Object Repository/Kullanici_Islemleri/KullaniciIslemleri' is clickable

2021-11-23 09:48:51 - [TEST_STEP][PASSED] - click(findTestObject("Object Repository/Kullanici_Islemleri/KullaniciIslemleri")): Object: 'Object Repository/Kullanici_Islemleri/KullaniciIslemleri' is clicked on

2021-11-23 09:48:51 - [MESSAGE][INFO] - Finding Test Object 'Object Repository/Kullanici_Islemleri/KullaniciIslemleri'

2021-11-23 09:48:51 - [MESSAGE][INFO] - Checking object

2021-11-23 09:48:51 - [MESSAGE][INFO] - Finding web element from Test Object's properties

2021-11-23 09:48:51 - [MESSAGE][INFO] - Checking timeout

2021-11-23 09:48:51 - [MESSAGE][INFO] - Finding web element with id: 'Object Repository/Kullanici_Islemleri/KullaniciIslemleri' located by 'By.cssSelector: .dropdown>a>img' in '30' second(s)

2021-11-23 09:48:51 - [MESSAGE][INFO] - Smart Wait Function is triggered

2021-11-23 09:48:51 - [MESSAGE][INFO] - Found 1 web elements with id: 'Object Repository/Kullanici_Islemleri/KullaniciIslemleri' located by 'By.cssSelector: .dropdown>a>img' in '30' second(s)

2021-11-23 09:48:51 - [MESSAGE][INFO] - Clicking on object: 'Object Repository/Kullanici_Islemleri/KullaniciIslemleri'

2021-11-23 09:48:51 - [MESSAGE][PASSED] - Object: 'Object Repository/Kullanici_Islemleri/KullaniciIslemleri' is clicked on

2021-11-23 09:48:51 - [TEST_STEP][PASSED] - Method.TextDegerineEsitElementeTikla(findTestObject("Object Repository/Kullanici_Islemleri/Secenekler"), Islem): Method.TextDegerineEsitElementeTikla is PASSED

2021-11-23 09:48:51 - [MESSAGE][INFO] - Finding Test Object 'Object Repository/Kullanici_Islemleri/Secenekler'

2021-11-23 09:48:51 - [MESSAGE][INFO] - Checking timeout

2021-11-23 09:48:51 - [MESSAGE][INFO] - Finding web element with id: 'Object Repository/Kullanici_Islemleri/Secenekler' located by 'By.cssSelector: .nav.navbar-nav.navbar-right li a' in '10' second(s)

2021-11-23 09:48:51 - [MESSAGE][INFO] - Smart Wait Function is triggered

2021-11-23 09:48:51 - [MESSAGE][INFO] - Found 22 web elements with id: 'Object Repository/Kullanici_Islemleri/Secenekler' located by 'By.cssSelector: .nav.navbar-nav.navbar-right li a' in '10' second(s)

2021-11-23 09:48:53 - [MESSAGE][PASSED] - Method.TextDegerineEsitElementeTikla is PASSED

2021-11-23 09:48:53 - [TEST_STEP][PASSED] - verifyElementNotPresent(findTestObject("Object Repository/Kullanici_Islemleri/Secenekler"), 10): Web element with id: 'Object Repository/Kullanici_Islemleri/Secenekler' located by 'By.cssSelector: .nav.navbar-nav.navbar-right li a' is not present after '10' second(s)

2021-11-23 09:48:53 - [MESSAGE][INFO] - Finding Test Object 'Object Repository/Kullanici_Islemleri/Secenekler'

2021-11-23 09:48:53 - [MESSAGE][INFO] - Checking object

2021-11-23 09:48:53 - [MESSAGE][INFO] - Checking timeout

2021-11-23 09:48:53 - [MESSAGE][INFO] - Finding web element with id: 'Object Repository/Kullanici_Islemleri/Secenekler' located by 'By.cssSelector: .nav.navbar-nav.navbar-right li a' in '10' second(s)

2021-11-23 09:48:53 - [MESSAGE][INFO] - Smart Wait Function is triggered

2021-11-23 09:48:53 - [MESSAGE][PASSED] - Web element with id: 'Object Repository/Kullanici_Islemleri/Secenekler' located by 'By.cssSelector: .nav.navbar-nav.navbar-right li a' is not present after '10' second(s)

2021-11-23 09:48:53 - [MESSAGE][PASSED] - Call Test Case 'Test Cases/Kullanici_Islemleri/KullaniciIslemlerindenSecimYapilir' successfully

2021-11-23 09:48:53 - [TEST_CASE][PASSED] - Start Test Case : SCENARIO e-Defter Saklama Goster: SCENARIO e-Defter Saklama Goster

2021-11-23 09:48:53 - [TEST_STEP][PASSED] - Kullanıcı adı ELOGOGIB ve Şifre 123456 olarak giriş yapılır: Kullanıcı adı ELOGOGIB ve Şifre 123456 olarak giriş yapılır

2021-11-23 09:48:53 - [MESSAGE][PASSED] - Kullanıcı adı ELOGOGIB ve Şifre 123456 olarak giriş yapılır

2021-11-23 09:48:53 - [TEST_STEP][PASSED] - Ana menüden e-Saklama seçilir: Ana menüden e-Saklama seçilir

2021-11-23 09:48:53 - [MESSAGE][PASSED] - Ana menüden e-Saklama seçilir

2021-11-23 09:48:53 - [TEST_STEP][PASSED] - Alt menü e-Defter başlığı altındaki e-Defter Saklama seçilir: Alt menü e-Defter başlığı altındaki e-Defter Saklama seçilir

2021-11-23 09:48:53 - [MESSAGE][PASSED] - Alt menü e-Defter başlığı altındaki e-Defter Saklama seçilir

2021-11-23 09:48:53 - [TEST_STEP][PASSED] - Filtrelerden YIL filtresine 2019 dropdowndan degeri seçilir: Filtrelerden YIL filtresine 2019 dropdowndan degeri seçilir

2021-11-23 09:48:53 - [MESSAGE][PASSED] - Filtrelerden YIL filtresine 2019 dropdowndan degeri seçilir

2021-11-23 09:48:53 - [TEST_STEP][PASSED] - Filtre butonlarından Listele seçilir: Filtre butonlarından Listele seçilir

2021-11-23 09:48:53 - [MESSAGE][PASSED] - Filtre butonlarından Listele seçilir

2021-11-23 09:48:53 - [TEST_STEP][PASSED] - 2019 adlı klasör açılır: 2019 adlı klasör açılır

2021-11-23 09:48:53 - [MESSAGE][PASSED] - 2019 adlı klasör açılır

2021-11-23 09:48:53 - [TEST_STEP][PASSED] - Mayıs 2019 adlı klasör açılır: Mayıs 2019 adlı klasör açılır

2021-11-23 09:48:53 - [MESSAGE][PASSED] - Mayıs 2019 adlı klasör açılır

2021-11-23 09:48:53 - [TEST_STEP][PASSED] - Kebir Dosyaları adlı klasör açılır: Kebir Dosyaları adlı klasör açılır

2021-11-23 09:48:53 - [MESSAGE][PASSED] - Kebir Dosyaları adlı klasör açılır

2021-11-23 09:48:53 - [TEST_STEP][PASSED] - Defter Raporu Beratı adlı klasör açılır: Defter Raporu Beratı adlı klasör açılır

2021-11-23 09:48:53 - [MESSAGE][PASSED] - Defter Raporu Beratı adlı klasör açılır

2021-11-23 09:48:53 - [TEST_STEP][PASSED] - 9250128841-201905-DR-000000.zip adlı klasör seçilir: 9250128841-201905-DR-000000.zip adlı klasör seçilir

2021-11-23 09:48:53 - [MESSAGE][PASSED] - 9250128841-201905-DR-000000.zip adlı klasör seçilir

2021-11-23 09:48:53 - [TEST_STEP][PASSED] - Butonlardan Göster isimli butona tıklanır: Butonlardan Göster isimli butona tıklanır

2021-11-23 09:48:53 - [MESSAGE][PASSED] - Butonlardan Göster isimli butona tıklanır

2021-11-23 09:48:53 - [TEST_STEP][PASSED] - Yeni açılan sekmeye geçilir: Yeni açılan sekmeye geçilir

2021-11-23 09:48:53 - [MESSAGE][PASSED] - Yeni açılan sekmeye geçilir

2021-11-23 09:48:53 - [TEST_STEP][PASSED] - Yeni sekme başlığında BERAT (DEFTER RAPORU) var mı kontrol edilir: Yeni sekme başlığında BERAT (DEFTER RAPORU) var mı kontrol edilir

2021-11-23 09:48:53 - [MESSAGE][PASSED] - Yeni sekme başlığında BERAT (DEFTER RAPORU) var mı kontrol edilir

2021-11-23 09:48:53 - [TEST_STEP][PASSED] - Ana sekmeye geçilir: Ana sekmeye geçilir

2021-11-23 09:48:53 - [MESSAGE][PASSED] - Ana sekmeye geçilir

2021-11-23 09:48:53 - [TEST_STEP][PASSED] - Kullanıcı işlemlerinden Çıkış seçilir: Kullanıcı işlemlerinden Çıkış seçilir

2021-11-23 09:48:53 - [MESSAGE][PASSED] - Kullanıcı işlemlerinden Çıkış seçilir

2021-11-23 09:48:53 - [MESSAGE][PASSED] - Feature file: 'Include/features/e-Saklama/e-Defter/e-Defter Saklama/Goster.feature' was passed

2021-11-23 09:48:53 - [TEST_STEP][PASSED] - Start listener action : sampleAfterTestSuite: Invoke 'com.kms.katalon.core.annotation.AfterTestCase' method: 'Listener.sampleAfterTestSuite(...)' completed.

2021-11-23 09:48:53 - [MESSAGE][INFO] - Starting invoke 'com.kms.katalon.core.annotation.AfterTestCase' method: 'Listener.sampleAfterTestSuite(...)'

2021-11-23 09:48:53 - [TEST_STEP][PASSED] - closeBrowser(): Invoke 'com.kms.katalon.core.annotation.AfterTestCase' method: 'Listener.sampleAfterTestSuite(...)' completed.

2021-11-23 09:48:53 - [MESSAGE][INFO] - Closing browser

2021-11-23 09:48:54 - [MESSAGE][PASSED] - Browser is closed

2021-11-23 09:48:54 - [MESSAGE][INFO] - Invoke 'com.kms.katalon.core.annotation.AfterTestCase' method: 'Listener.sampleAfterTestSuite(...)' completed.]]></system-out>
         <system-err><![CDATA[]]></system-err>
      </testcase>
      <testcase name="Test Cases/Case Repository/e-Saklama/e-Defter/e-Defter Saklama/Indir" time="39.564" classname="Test Cases/Case Repository/e-Saklama/e-Defter/e-Defter Saklama/Indir" status="PASSED">
         <system-out><![CDATA[2021-11-23 09:48:54 - [TEST_CASE][PASSED] - Test Cases/Case Repository/e-Saklama/e-Defter/e-Defter Saklama/Indir: Test Cases/Case Repository/e-Saklama/e-Defter/e-Defter Saklama/Indir

2021-11-23 09:48:54 - [TEST_STEP][PASSED] - Start listener action : sampleBeforeTestSuite: Invoke 'com.kms.katalon.core.annotation.BeforeTestCase' method: 'Listener.sampleBeforeTestSuite(...)' completed.

2021-11-23 09:48:54 - [MESSAGE][INFO] - Starting invoke 'com.kms.katalon.core.annotation.BeforeTestCase' method: 'Listener.sampleBeforeTestSuite(...)'

2021-11-23 09:48:54 - [TEST_STEP][PASSED] - openBrowser(baseUrl): Browser is opened with url: 'https://efatura-stage.elogo.com.tr/'

2021-11-23 09:48:54 - [MESSAGE][INFO] - Opening browser

2021-11-23 09:48:54 - [MESSAGE][INFO] - Starting 'Chrome' driver

2021-11-23 09:48:54 - [MESSAGE][INFO] - User set preference: ['prefs', '{download.default_directory=C:\otomasyondownfiles}']

2021-11-23 09:48:54 - [MESSAGE][INFO] - Action delay is set to 0 milliseconds

2021-11-23 09:48:55 - [MESSAGE][INFO] - Navigating browser to: 'https://efatura-stage.elogo.com.tr/'

2021-11-23 09:48:58 - [MESSAGE][PASSED] - Browser is opened with url: 'https://efatura-stage.elogo.com.tr/'

2021-11-23 09:48:58 - [TEST_STEP][PASSED] - maximizeWindow(): Invoke 'com.kms.katalon.core.annotation.BeforeTestCase' method: 'Listener.sampleBeforeTestSuite(...)' completed.

2021-11-23 09:48:58 - [MESSAGE][INFO] - Maximizing current window

2021-11-23 09:48:58 - [MESSAGE][PASSED] - Current window maximized

2021-11-23 09:48:58 - [MESSAGE][INFO] - Invoke 'com.kms.katalon.core.annotation.BeforeTestCase' method: 'Listener.sampleBeforeTestSuite(...)' completed.

2021-11-23 09:48:59 - [TEST_STEP][PASSED] - runFeatureFile("Include/features/e-Saklama/e-Defter/e-Defter Saklama/Indir.feature"): Feature file: 'Include/features/e-Saklama/e-Defter/e-Defter Saklama/Indir.feature' was passed

2021-11-23 09:48:59 - [MESSAGE][INFO] - Starting run keyword runFeatureFile: 'Include/features/e-Saklama/e-Defter/e-Defter Saklama/Indir.feature' and extract report to folder: 'C:\Users\DELL\Documents\GitHub\EES_KatalonLogo\Reports\20211123_091110\Suite Repository\e-Saklama\20211123_091205/cucumber_report/1637650139390'...

2021-11-23 09:48:59 - [MESSAGE][INFO] - Glue: []

2021-11-23 09:49:01 - [MESSAGE][INFO] - Checking called Test Case

2021-11-23 09:49:01 - [MESSAGE][INFO] - Starting to call Test Case 'Test Cases/Sayfalar/Giris_Sayfasi/Login'

2021-11-23 09:49:01 - [TEST_CASE][PASSED] - Test Cases/Sayfalar/Giris_Sayfasi/Login: Test Cases/Sayfalar/Giris_Sayfasi/Login

2021-11-23 09:49:01 - [TEST_STEP][PASSED] - Sayfa_Basligi = getWindowTitle(): Current window's title is: 'LOGO e-Fatura'

2021-11-23 09:49:01 - [MESSAGE][INFO] - Getting current window's title

2021-11-23 09:49:01 - [MESSAGE][PASSED] - Current window's title is: 'LOGO e-Fatura'

2021-11-23 09:49:01 - [TEST_STEP][PASSED] - verifyMatch(Sayfa_Basligi, "LOGO e-Fatura", false): Actual text 'LOGO e-Fatura' and expected text 'LOGO e-Fatura' are matched 

2021-11-23 09:49:01 - [MESSAGE][INFO] - Matching actual text 'LOGO e-Fatura' with expected text 'LOGO e-Fatura'

2021-11-23 09:49:01 - [MESSAGE][PASSED] - Actual text 'LOGO e-Fatura' and expected text 'LOGO e-Fatura' are matched 

2021-11-23 09:49:01 - [TEST_STEP][PASSED] - sendKeys(findTestObject("Sayfalar/Giris_Sayfasi/Firma_Kodu"), KullaniciAdi): Keys 'ELOGOGIB' sent to object: 'Object Repository/Sayfalar/Giris_Sayfasi/Firma_Kodu'

2021-11-23 09:49:01 - [MESSAGE][INFO] - Finding Test Object 'Object Repository/Sayfalar/Giris_Sayfasi/Firma_Kodu'

2021-11-23 09:49:01 - [MESSAGE][INFO] - Sending keys 'ELOGOGIB' to object: 'Object Repository/Sayfalar/Giris_Sayfasi/Firma_Kodu'

2021-11-23 09:49:01 - [MESSAGE][INFO] - Finding web element from Test Object's properties

2021-11-23 09:49:01 - [MESSAGE][INFO] - Checking timeout

2021-11-23 09:49:01 - [MESSAGE][INFO] - Finding web element with id: 'Object Repository/Sayfalar/Giris_Sayfasi/Firma_Kodu' located by 'By.xpath: //*[@id = 'AccountName']' in '30' second(s)

2021-11-23 09:49:01 - [MESSAGE][INFO] - Smart Wait Function is triggered

2021-11-23 09:49:01 - [MESSAGE][INFO] - Found 1 web elements with id: 'Object Repository/Sayfalar/Giris_Sayfasi/Firma_Kodu' located by 'By.xpath: //*[@id = 'AccountName']' in '30' second(s)

2021-11-23 09:49:01 - [MESSAGE][PASSED] - Keys 'ELOGOGIB' sent to object: 'Object Repository/Sayfalar/Giris_Sayfasi/Firma_Kodu'

2021-11-23 09:49:01 - [TEST_STEP][PASSED] - sendKeys(findTestObject("Sayfalar/Giris_Sayfasi/Sifre"), Sifre): Keys '123456' sent to object: 'Object Repository/Sayfalar/Giris_Sayfasi/Sifre'

2021-11-23 09:49:01 - [MESSAGE][INFO] - Finding Test Object 'Object Repository/Sayfalar/Giris_Sayfasi/Sifre'

2021-11-23 09:49:01 - [MESSAGE][INFO] - Sending keys '123456' to object: 'Object Repository/Sayfalar/Giris_Sayfasi/Sifre'

2021-11-23 09:49:01 - [MESSAGE][INFO] - Finding web element from Test Object's properties

2021-11-23 09:49:01 - [MESSAGE][INFO] - Checking timeout

2021-11-23 09:49:01 - [MESSAGE][INFO] - Finding web element with id: 'Object Repository/Sayfalar/Giris_Sayfasi/Sifre' located by 'By.xpath: //*[@id = 'Password']' in '30' second(s)

2021-11-23 09:49:01 - [MESSAGE][INFO] - Smart Wait Function is triggered

2021-11-23 09:49:02 - [MESSAGE][INFO] - Found 1 web elements with id: 'Object Repository/Sayfalar/Giris_Sayfasi/Sifre' located by 'By.xpath: //*[@id = 'Password']' in '30' second(s)

2021-11-23 09:49:02 - [MESSAGE][PASSED] - Keys '123456' sent to object: 'Object Repository/Sayfalar/Giris_Sayfasi/Sifre'

2021-11-23 09:49:02 - [TEST_STEP][PASSED] - findWebElement(findTestObject("Sayfalar/Giris_Sayfasi/Giris_Butonu")).click(): Found 1 web elements with id: 'Object Repository/Sayfalar/Giris_Sayfasi/Giris_Butonu' located by 'By.cssSelector: #btnLogin' in '30' second(s)

2021-11-23 09:49:02 - [MESSAGE][INFO] - Finding Test Object 'Object Repository/Sayfalar/Giris_Sayfasi/Giris_Butonu'

2021-11-23 09:49:02 - [MESSAGE][INFO] - Finding web element from Test Object's properties

2021-11-23 09:49:02 - [MESSAGE][INFO] - Checking timeout

2021-11-23 09:49:02 - [MESSAGE][INFO] - Finding web element with id: 'Object Repository/Sayfalar/Giris_Sayfasi/Giris_Butonu' located by 'By.cssSelector: #btnLogin' in '30' second(s)

2021-11-23 09:49:02 - [MESSAGE][INFO] - Smart Wait Function is triggered

2021-11-23 09:49:02 - [MESSAGE][INFO] - Found 1 web elements with id: 'Object Repository/Sayfalar/Giris_Sayfasi/Giris_Butonu' located by 'By.cssSelector: #btnLogin' in '30' second(s)

2021-11-23 09:49:04 - [TEST_STEP][PASSED] - if (verifyElementPresent(findTestObject("Object Repository/Sayfalar/Giris_Sayfasi/RetveTamam_Butonu"), 5, OPTIONAL)): null

2021-11-23 09:49:04 - [MESSAGE][INFO] - Finding Test Object 'Object Repository/Sayfalar/Giris_Sayfasi/RetveTamam_Butonu'

2021-11-23 09:49:04 - [MESSAGE][INFO] - Checking object

2021-11-23 09:49:04 - [MESSAGE][INFO] - Finding web element from Test Object's properties

2021-11-23 09:49:04 - [MESSAGE][INFO] - Checking timeout

2021-11-23 09:49:04 - [MESSAGE][INFO] - Finding web element with id: 'Object Repository/Sayfalar/Giris_Sayfasi/RetveTamam_Butonu' located by 'By.xpath: //*[@class = 'btn btn-default']' in '5' second(s)

2021-11-23 09:49:04 - [MESSAGE][INFO] - Smart Wait Function is triggered

2021-11-23 09:49:04 - [MESSAGE][INFO] - Found 1 web elements with id: 'Object Repository/Sayfalar/Giris_Sayfasi/RetveTamam_Butonu' located by 'By.xpath: //*[@class = 'btn btn-default']' in '5' second(s)

2021-11-23 09:49:04 - [MESSAGE][PASSED] - Object 'Object Repository/Sayfalar/Giris_Sayfasi/RetveTamam_Butonu' is present

2021-11-23 09:49:04 - [TEST_STEP][PASSED] - click(findTestObject("Object Repository/Sayfalar/Giris_Sayfasi/RetveTamam_Butonu")): Object: 'Object Repository/Sayfalar/Giris_Sayfasi/RetveTamam_Butonu' is clicked on

2021-11-23 09:49:04 - [MESSAGE][INFO] - Finding Test Object 'Object Repository/Sayfalar/Giris_Sayfasi/RetveTamam_Butonu'

2021-11-23 09:49:04 - [MESSAGE][INFO] - Checking object

2021-11-23 09:49:04 - [MESSAGE][INFO] - Finding web element from Test Object's properties

2021-11-23 09:49:04 - [MESSAGE][INFO] - Checking timeout

2021-11-23 09:49:04 - [MESSAGE][INFO] - Finding web element with id: 'Object Repository/Sayfalar/Giris_Sayfasi/RetveTamam_Butonu' located by 'By.xpath: //*[@class = 'btn btn-default']' in '30' second(s)

2021-11-23 09:49:04 - [MESSAGE][INFO] - Smart Wait Function is triggered

2021-11-23 09:49:04 - [MESSAGE][INFO] - Found 1 web elements with id: 'Object Repository/Sayfalar/Giris_Sayfasi/RetveTamam_Butonu' located by 'By.xpath: //*[@class = 'btn btn-default']' in '30' second(s)

2021-11-23 09:49:04 - [MESSAGE][INFO] - Clicking on object: 'Object Repository/Sayfalar/Giris_Sayfasi/RetveTamam_Butonu'

2021-11-23 09:49:04 - [MESSAGE][PASSED] - Object: 'Object Repository/Sayfalar/Giris_Sayfasi/RetveTamam_Butonu' is clicked on

2021-11-23 09:49:04 - [TEST_STEP][PASSED] - click(findTestObject("Object Repository/Sayfalar/Giris_Sayfasi/RetveTamam_Butonu")): Object: 'Object Repository/Sayfalar/Giris_Sayfasi/RetveTamam_Butonu' is clicked on

2021-11-23 09:49:04 - [MESSAGE][INFO] - Finding Test Object 'Object Repository/Sayfalar/Giris_Sayfasi/RetveTamam_Butonu'

2021-11-23 09:49:04 - [MESSAGE][INFO] - Checking object

2021-11-23 09:49:04 - [MESSAGE][INFO] - Finding web element from Test Object's properties

2021-11-23 09:49:04 - [MESSAGE][INFO] - Checking timeout

2021-11-23 09:49:04 - [MESSAGE][INFO] - Finding web element with id: 'Object Repository/Sayfalar/Giris_Sayfasi/RetveTamam_Butonu' located by 'By.xpath: //*[@class = 'btn btn-default']' in '30' second(s)

2021-11-23 09:49:04 - [MESSAGE][INFO] - Smart Wait Function is triggered

2021-11-23 09:49:07 - [MESSAGE][INFO] - Found 1 web elements with id: 'Object Repository/Sayfalar/Giris_Sayfasi/RetveTamam_Butonu' located by 'By.xpath: //*[@class = 'btn btn-default']' in '30' second(s)

2021-11-23 09:49:07 - [MESSAGE][INFO] - Clicking on object: 'Object Repository/Sayfalar/Giris_Sayfasi/RetveTamam_Butonu'

2021-11-23 09:49:07 - [MESSAGE][PASSED] - Object: 'Object Repository/Sayfalar/Giris_Sayfasi/RetveTamam_Butonu' is clicked on

2021-11-23 09:49:07 - [TEST_STEP][PASSED] - if (verifyElementPresent(findTestObject("Sayfalar/Giris_Sayfasi/PopupOK"), 5, OPTIONAL)): null

2021-11-23 09:49:07 - [MESSAGE][INFO] - Finding Test Object 'Object Repository/Sayfalar/Giris_Sayfasi/PopupOK'

2021-11-23 09:49:08 - [MESSAGE][INFO] - Checking object

2021-11-23 09:49:08 - [MESSAGE][INFO] - Finding web element from Test Object's properties

2021-11-23 09:49:08 - [MESSAGE][INFO] - Checking timeout

2021-11-23 09:49:08 - [MESSAGE][INFO] - Finding web element with id: 'Object Repository/Sayfalar/Giris_Sayfasi/PopupOK' located by 'By.cssSelector: .btn.btn-success' in '5' second(s)

2021-11-23 09:49:08 - [MESSAGE][INFO] - Smart Wait Function is triggered

2021-11-23 09:49:08 - [MESSAGE][INFO] - Found 1 web elements with id: 'Object Repository/Sayfalar/Giris_Sayfasi/PopupOK' located by 'By.cssSelector: .btn.btn-success' in '5' second(s)

2021-11-23 09:49:08 - [MESSAGE][PASSED] - Object 'Object Repository/Sayfalar/Giris_Sayfasi/PopupOK' is present

2021-11-23 09:49:08 - [TEST_STEP][PASSED] - click(findTestObject("Object Repository/Sayfalar/Giris_Sayfasi/PopupCarpiGiris")): Object: 'Object Repository/Sayfalar/Giris_Sayfasi/PopupCarpiGiris' is clicked on

2021-11-23 09:49:08 - [MESSAGE][INFO] - Finding Test Object 'Object Repository/Sayfalar/Giris_Sayfasi/PopupCarpiGiris'

2021-11-23 09:49:08 - [MESSAGE][INFO] - Checking object

2021-11-23 09:49:08 - [MESSAGE][INFO] - Finding web element from Test Object's properties

2021-11-23 09:49:08 - [MESSAGE][INFO] - Checking timeout

2021-11-23 09:49:08 - [MESSAGE][INFO] - Finding web element with id: 'Object Repository/Sayfalar/Giris_Sayfasi/PopupCarpiGiris' located by 'By.cssSelector: .bootbox-close-button.close' in '30' second(s)

2021-11-23 09:49:08 - [MESSAGE][INFO] - Smart Wait Function is triggered

2021-11-23 09:49:09 - [MESSAGE][INFO] - Found 1 web elements with id: 'Object Repository/Sayfalar/Giris_Sayfasi/PopupCarpiGiris' located by 'By.cssSelector: .bootbox-close-button.close' in '30' second(s)

2021-11-23 09:49:09 - [MESSAGE][INFO] - Clicking on object: 'Object Repository/Sayfalar/Giris_Sayfasi/PopupCarpiGiris'

2021-11-23 09:49:09 - [MESSAGE][PASSED] - Object: 'Object Repository/Sayfalar/Giris_Sayfasi/PopupCarpiGiris' is clicked on

2021-11-23 09:49:09 - [TEST_STEP][PASSED] - verifyElementVisible(findTestObject("Object Repository/Kullanici_Islemleri/KullaniciIslemleri")): Object 'Object Repository/Kullanici_Islemleri/KullaniciIslemleri' is visible

2021-11-23 09:49:09 - [MESSAGE][INFO] - Finding Test Object 'Object Repository/Kullanici_Islemleri/KullaniciIslemleri'

2021-11-23 09:49:09 - [MESSAGE][INFO] - Checking object

2021-11-23 09:49:09 - [MESSAGE][INFO] - Finding web element from Test Object's properties

2021-11-23 09:49:09 - [MESSAGE][INFO] - Checking timeout

2021-11-23 09:49:09 - [MESSAGE][INFO] - Finding web element with id: 'Object Repository/Kullanici_Islemleri/KullaniciIslemleri' located by 'By.cssSelector: .dropdown>a>img' in '30' second(s)

2021-11-23 09:49:09 - [MESSAGE][INFO] - Smart Wait Function is triggered

2021-11-23 09:49:09 - [MESSAGE][INFO] - Found 1 web elements with id: 'Object Repository/Kullanici_Islemleri/KullaniciIslemleri' located by 'By.cssSelector: .dropdown>a>img' in '30' second(s)

2021-11-23 09:49:09 - [MESSAGE][PASSED] - Object 'Object Repository/Kullanici_Islemleri/KullaniciIslemleri' is visible

2021-11-23 09:49:09 - [MESSAGE][PASSED] - Call Test Case 'Test Cases/Sayfalar/Giris_Sayfasi/Login' successfully

2021-11-23 09:49:09 - [MESSAGE][INFO] - Checking called Test Case

2021-11-23 09:49:09 - [MESSAGE][INFO] - Starting to call Test Case 'Test Cases/Menu/AnaMenuSecimi'

2021-11-23 09:49:10 - [TEST_CASE][PASSED] - Test Cases/Menu/AnaMenuSecimi: Test Cases/Menu/AnaMenuSecimi

2021-11-23 09:49:10 - [TEST_STEP][PASSED] - Method.TextDegerineEsitElementeTikla(findTestObject("Menu/Ana_Menu"), Ana_Menu): Method.TextDegerineEsitElementeTikla is PASSED

2021-11-23 09:49:10 - [MESSAGE][INFO] - Finding Test Object 'Object Repository/Menu/Ana_Menu'

2021-11-23 09:49:10 - [MESSAGE][INFO] - Checking timeout

2021-11-23 09:49:10 - [MESSAGE][INFO] - Finding web element with id: 'Object Repository/Menu/Ana_Menu' located by 'By.xpath: //*[@class = 'dropdown-toggle']' in '10' second(s)

2021-11-23 09:49:10 - [MESSAGE][INFO] - Smart Wait Function is triggered

2021-11-23 09:49:10 - [MESSAGE][INFO] - Found 14 web elements with id: 'Object Repository/Menu/Ana_Menu' located by 'By.xpath: //*[@class = 'dropdown-toggle']' in '10' second(s)

2021-11-23 09:49:10 - [MESSAGE][PASSED] - Method.TextDegerineEsitElementeTikla is PASSED

2021-11-23 09:49:10 - [MESSAGE][PASSED] - Call Test Case 'Test Cases/Menu/AnaMenuSecimi' successfully

2021-11-23 09:49:10 - [MESSAGE][INFO] - Checking called Test Case

2021-11-23 09:49:10 - [MESSAGE][INFO] - Starting to call Test Case 'Test Cases/Menu/BasligaGoreAltMenuSecimi'

2021-11-23 09:49:10 - [TEST_CASE][PASSED] - Test Cases/Menu/BasligaGoreAltMenuSecimi: Test Cases/Menu/BasligaGoreAltMenuSecimi

2021-11-23 09:49:10 - [TEST_STEP][PASSED] - Method.TextDegerineEsitElementinAltindakiTextDegerineEsitOlanaTikla(findTestObject("Menu/Menu_Basligi"), findTestObject("Menu/Basliga_Gore_Alt_Menu"), Baslik, Alt_Menu): Method.TextDegerineEsitElementinAltindakiTextDegerineEsitOlanaTikla is PASSED

2021-11-23 09:49:10 - [MESSAGE][INFO] - Finding Test Object 'Object Repository/Menu/Menu_Basligi'

2021-11-23 09:49:10 - [MESSAGE][INFO] - Finding Test Object 'Object Repository/Menu/Basliga_Gore_Alt_Menu'

2021-11-23 09:49:10 - [MESSAGE][INFO] - Checking timeout

2021-11-23 09:49:10 - [MESSAGE][INFO] - Finding web element with id: 'Object Repository/Menu/Menu_Basligi' located by 'By.xpath: //li[@class='dropdown dropdown-large open']//li[@class='dropdown-header']' in '10' second(s)

2021-11-23 09:49:10 - [MESSAGE][INFO] - Smart Wait Function is triggered

2021-11-23 09:49:11 - [MESSAGE][INFO] - Found 2 web elements with id: 'Object Repository/Menu/Menu_Basligi' located by 'By.xpath: //li[@class='dropdown dropdown-large open']//li[@class='dropdown-header']' in '10' second(s)

2021-11-23 09:49:11 - [MESSAGE][INFO] - Smart Wait Function is triggered

2021-11-23 09:49:13 - [MESSAGE][PASSED] - Method.TextDegerineEsitElementinAltindakiTextDegerineEsitOlanaTikla is PASSED

2021-11-23 09:49:13 - [MESSAGE][PASSED] - Call Test Case 'Test Cases/Menu/BasligaGoreAltMenuSecimi' successfully

2021-11-23 09:49:13 - [MESSAGE][INFO] - Checking called Test Case

2021-11-23 09:49:13 - [MESSAGE][INFO] - Starting to call Test Case 'Test Cases/Filtreler/ButonaTikla'

2021-11-23 09:49:13 - [TEST_CASE][PASSED] - Test Cases/Filtreler/ButonaTikla: Test Cases/Filtreler/ButonaTikla

2021-11-23 09:49:13 - [TEST_STEP][PASSED] - Method.TextDegerineEsitElementeTikla(findTestObject("Filtreler/Butonlar"), Filtre_Buton): Method.TextDegerineEsitElementeTikla is PASSED

2021-11-23 09:49:13 - [MESSAGE][INFO] - Finding Test Object 'Object Repository/Filtreler/Butonlar'

2021-11-23 09:49:13 - [MESSAGE][INFO] - Checking timeout

2021-11-23 09:49:13 - [MESSAGE][INFO] - Finding web element with id: 'Object Repository/Filtreler/Butonlar' located by 'By.cssSelector: .dxb>span' in '10' second(s)

2021-11-23 09:49:13 - [MESSAGE][INFO] - Smart Wait Function is triggered

2021-11-23 09:49:13 - [MESSAGE][INFO] - Found 1 web elements with id: 'Object Repository/Filtreler/Butonlar' located by 'By.cssSelector: .dxb>span' in '10' second(s)

2021-11-23 09:49:14 - [MESSAGE][PASSED] - Method.TextDegerineEsitElementeTikla is PASSED

2021-11-23 09:49:14 - [MESSAGE][PASSED] - Call Test Case 'Test Cases/Filtreler/ButonaTikla' successfully

2021-11-23 09:49:14 - [MESSAGE][INFO] - Checking called Test Case

2021-11-23 09:49:14 - [MESSAGE][INFO] - Starting to call Test Case 'Test Cases/Tablo/YilSecilir'

2021-11-23 09:49:14 - [TEST_CASE][PASSED] - Test Cases/Tablo/YilSecilir: Test Cases/Tablo/YilSecilir

2021-11-23 09:49:14 - [TEST_STEP][PASSED] - click(findTestObject("Object Repository/Tablo/YilDropdown"), STOP_ON_FAILURE): Object: 'Object Repository/Tablo/YilDropdown' is clicked on

2021-11-23 09:49:14 - [MESSAGE][INFO] - Finding Test Object 'Object Repository/Tablo/YilDropdown'

2021-11-23 09:49:14 - [MESSAGE][INFO] - Checking object

2021-11-23 09:49:14 - [MESSAGE][INFO] - Finding web element from Test Object's properties

2021-11-23 09:49:14 - [MESSAGE][INFO] - Checking timeout

2021-11-23 09:49:14 - [MESSAGE][INFO] - Finding web element with id: 'Object Repository/Tablo/YilDropdown' located by 'By.xpath: //*[@id = 'EBookYear_B-1Img']' in '30' second(s)

2021-11-23 09:49:14 - [MESSAGE][INFO] - Smart Wait Function is triggered

2021-11-23 09:49:15 - [MESSAGE][INFO] - Found 1 web elements with id: 'Object Repository/Tablo/YilDropdown' located by 'By.xpath: //*[@id = 'EBookYear_B-1Img']' in '30' second(s)

2021-11-23 09:49:15 - [MESSAGE][INFO] - Clicking on object: 'Object Repository/Tablo/YilDropdown'

2021-11-23 09:49:15 - [MESSAGE][PASSED] - Object: 'Object Repository/Tablo/YilDropdown' is clicked on

2021-11-23 09:49:15 - [TEST_STEP][PASSED] - delay(2): Delayed 2 second(s)

2021-11-23 09:49:15 - [MESSAGE][INFO] - Delaying browser in 2 second(s)

2021-11-23 09:49:17 - [MESSAGE][PASSED] - Delayed 2 second(s)

2021-11-23 09:49:17 - [TEST_STEP][PASSED] - Method.TextDegerineEsitElementeTikla(findTestObject("Object Repository/Tablo/Yil"), Yil): Method.TextDegerineEsitElementeTikla is PASSED

2021-11-23 09:49:17 - [MESSAGE][INFO] - Finding Test Object 'Object Repository/Tablo/Yil'

2021-11-23 09:49:17 - [MESSAGE][INFO] - Checking timeout

2021-11-23 09:49:17 - [MESSAGE][INFO] - Finding web element with id: 'Object Repository/Tablo/Yil' located by 'By.xpath: //*[@class = 'dxeListBoxItemRow_LECustomTheme']' in '10' second(s)

2021-11-23 09:49:17 - [MESSAGE][INFO] - Smart Wait Function is triggered

2021-11-23 09:49:17 - [MESSAGE][INFO] - Found 4 web elements with id: 'Object Repository/Tablo/Yil' located by 'By.xpath: //*[@class = 'dxeListBoxItemRow_LECustomTheme']' in '10' second(s)

2021-11-23 09:49:17 - [MESSAGE][PASSED] - Method.TextDegerineEsitElementeTikla is PASSED

2021-11-23 09:49:17 - [MESSAGE][PASSED] - Call Test Case 'Test Cases/Tablo/YilSecilir' successfully

2021-11-23 09:49:17 - [MESSAGE][INFO] - Checking called Test Case

2021-11-23 09:49:17 - [MESSAGE][INFO] - Starting to call Test Case 'Test Cases/Filtreler/ButonaTikla'

2021-11-23 09:49:17 - [TEST_CASE][PASSED] - Test Cases/Filtreler/ButonaTikla: Test Cases/Filtreler/ButonaTikla

2021-11-23 09:49:17 - [TEST_STEP][PASSED] - Method.TextDegerineEsitElementeTikla(findTestObject("Filtreler/Butonlar"), Filtre_Buton): Method.TextDegerineEsitElementeTikla is PASSED

2021-11-23 09:49:17 - [MESSAGE][INFO] - Finding Test Object 'Object Repository/Filtreler/Butonlar'

2021-11-23 09:49:17 - [MESSAGE][INFO] - Checking timeout

2021-11-23 09:49:17 - [MESSAGE][INFO] - Finding web element with id: 'Object Repository/Filtreler/Butonlar' located by 'By.cssSelector: .dxb>span' in '10' second(s)

2021-11-23 09:49:17 - [MESSAGE][INFO] - Smart Wait Function is triggered

2021-11-23 09:49:18 - [MESSAGE][INFO] - Found 1 web elements with id: 'Object Repository/Filtreler/Butonlar' located by 'By.cssSelector: .dxb>span' in '10' second(s)

2021-11-23 09:49:18 - [MESSAGE][PASSED] - Method.TextDegerineEsitElementeTikla is PASSED

2021-11-23 09:49:18 - [MESSAGE][PASSED] - Call Test Case 'Test Cases/Filtreler/ButonaTikla' successfully

2021-11-23 09:49:18 - [MESSAGE][INFO] - Checking called Test Case

2021-11-23 09:49:18 - [MESSAGE][INFO] - Starting to call Test Case 'Test Cases/Tablo/KlasorAcilir'

2021-11-23 09:49:18 - [TEST_CASE][PASSED] - Test Cases/Tablo/KlasorAcilir: Test Cases/Tablo/KlasorAcilir

2021-11-23 09:49:18 - [TEST_STEP][PASSED] - Method.TextDegerineEsitElementinAltindakineTikla(findTestObject("Object Repository/Tablo/Klasorler"), findTestObject("Object Repository/Tablo/KlasorAc"), Klasor): Method.TextDegerineEsitElementinAltindakineTikla is PASSED

2021-11-23 09:49:18 - [MESSAGE][INFO] - Finding Test Object 'Object Repository/Tablo/Klasorler'

2021-11-23 09:49:18 - [MESSAGE][INFO] - Finding Test Object 'Object Repository/Tablo/KlasorAc'

2021-11-23 09:49:19 - [MESSAGE][INFO] - Checking timeout

2021-11-23 09:49:19 - [MESSAGE][INFO] - Finding web element with id: 'Object Repository/Tablo/Klasorler' located by 'By.cssSelector: .dxtl.dxtl__B0' in '10' second(s)

2021-11-23 09:49:19 - [MESSAGE][INFO] - Smart Wait Function is triggered

2021-11-23 09:49:19 - [MESSAGE][INFO] - Found 6 web elements with id: 'Object Repository/Tablo/Klasorler' located by 'By.cssSelector: .dxtl.dxtl__B0' in '10' second(s)

2021-11-23 09:49:19 - [MESSAGE][INFO] - Smart Wait Function is triggered

2021-11-23 09:49:19 - [MESSAGE][PASSED] - Method.TextDegerineEsitElementinAltindakineTikla is PASSED

2021-11-23 09:49:19 - [MESSAGE][PASSED] - Call Test Case 'Test Cases/Tablo/KlasorAcilir' successfully

2021-11-23 09:49:19 - [MESSAGE][INFO] - Checking called Test Case

2021-11-23 09:49:19 - [MESSAGE][INFO] - Starting to call Test Case 'Test Cases/Tablo/KlasorAcilir'

2021-11-23 09:49:19 - [TEST_CASE][PASSED] - Test Cases/Tablo/KlasorAcilir: Test Cases/Tablo/KlasorAcilir

2021-11-23 09:49:19 - [TEST_STEP][PASSED] - Method.TextDegerineEsitElementinAltindakineTikla(findTestObject("Object Repository/Tablo/Klasorler"), findTestObject("Object Repository/Tablo/KlasorAc"), Klasor): Method.TextDegerineEsitElementinAltindakineTikla is PASSED

2021-11-23 09:49:19 - [MESSAGE][INFO] - Finding Test Object 'Object Repository/Tablo/Klasorler'

2021-11-23 09:49:19 - [MESSAGE][INFO] - Finding Test Object 'Object Repository/Tablo/KlasorAc'

2021-11-23 09:49:19 - [MESSAGE][INFO] - Checking timeout

2021-11-23 09:49:19 - [MESSAGE][INFO] - Finding web element with id: 'Object Repository/Tablo/Klasorler' located by 'By.cssSelector: .dxtl.dxtl__B0' in '10' second(s)

2021-11-23 09:49:19 - [MESSAGE][INFO] - Smart Wait Function is triggered

2021-11-23 09:49:20 - [MESSAGE][INFO] - Found 12 web elements with id: 'Object Repository/Tablo/Klasorler' located by 'By.cssSelector: .dxtl.dxtl__B0' in '10' second(s)

2021-11-23 09:49:20 - [MESSAGE][INFO] - Smart Wait Function is triggered

2021-11-23 09:49:20 - [MESSAGE][PASSED] - Method.TextDegerineEsitElementinAltindakineTikla is PASSED

2021-11-23 09:49:20 - [MESSAGE][PASSED] - Call Test Case 'Test Cases/Tablo/KlasorAcilir' successfully

2021-11-23 09:49:20 - [MESSAGE][INFO] - Checking called Test Case

2021-11-23 09:49:20 - [MESSAGE][INFO] - Starting to call Test Case 'Test Cases/Tablo/KlasorAcilir'

2021-11-23 09:49:20 - [TEST_CASE][PASSED] - Test Cases/Tablo/KlasorAcilir: Test Cases/Tablo/KlasorAcilir

2021-11-23 09:49:20 - [TEST_STEP][PASSED] - Method.TextDegerineEsitElementinAltindakineTikla(findTestObject("Object Repository/Tablo/Klasorler"), findTestObject("Object Repository/Tablo/KlasorAc"), Klasor): Method.TextDegerineEsitElementinAltindakineTikla is PASSED

2021-11-23 09:49:20 - [MESSAGE][INFO] - Finding Test Object 'Object Repository/Tablo/Klasorler'

2021-11-23 09:49:20 - [MESSAGE][INFO] - Finding Test Object 'Object Repository/Tablo/KlasorAc'

2021-11-23 09:49:20 - [MESSAGE][INFO] - Checking timeout

2021-11-23 09:49:20 - [MESSAGE][INFO] - Finding web element with id: 'Object Repository/Tablo/Klasorler' located by 'By.cssSelector: .dxtl.dxtl__B0' in '10' second(s)

2021-11-23 09:49:20 - [MESSAGE][INFO] - Smart Wait Function is triggered

2021-11-23 09:49:21 - [MESSAGE][INFO] - Found 18 web elements with id: 'Object Repository/Tablo/Klasorler' located by 'By.cssSelector: .dxtl.dxtl__B0' in '10' second(s)

2021-11-23 09:49:21 - [MESSAGE][INFO] - Smart Wait Function is triggered

2021-11-23 09:49:21 - [MESSAGE][PASSED] - Method.TextDegerineEsitElementinAltindakineTikla is PASSED

2021-11-23 09:49:21 - [MESSAGE][PASSED] - Call Test Case 'Test Cases/Tablo/KlasorAcilir' successfully

2021-11-23 09:49:21 - [MESSAGE][INFO] - Checking called Test Case

2021-11-23 09:49:21 - [MESSAGE][INFO] - Starting to call Test Case 'Test Cases/Tablo/KlasorSecilir'

2021-11-23 09:49:21 - [TEST_CASE][PASSED] - Test Cases/Tablo/KlasorSecilir: Test Cases/Tablo/KlasorSecilir

2021-11-23 09:49:21 - [TEST_STEP][PASSED] - Method.KlasorSec(findTestObject("Tablo/Klasorler"), findTestObject("Tablo/KlasorSec"), Klasor): Method.KlasorSec is PASSED

2021-11-23 09:49:21 - [MESSAGE][INFO] - Finding Test Object 'Object Repository/Tablo/Klasorler'

2021-11-23 09:49:21 - [MESSAGE][INFO] - Finding Test Object 'Object Repository/Tablo/KlasorSec'

2021-11-23 09:49:21 - [MESSAGE][INFO] - Checking timeout

2021-11-23 09:49:21 - [MESSAGE][INFO] - Finding web element with id: 'Object Repository/Tablo/Klasorler' located by 'By.cssSelector: .dxtl.dxtl__B0' in '10' second(s)

2021-11-23 09:49:21 - [MESSAGE][INFO] - Smart Wait Function is triggered

2021-11-23 09:49:22 - [MESSAGE][INFO] - Found 24 web elements with id: 'Object Repository/Tablo/Klasorler' located by 'By.cssSelector: .dxtl.dxtl__B0' in '10' second(s)

2021-11-23 09:49:22 - [MESSAGE][INFO] - Smart Wait Function is triggered

2021-11-23 09:49:22 - [MESSAGE][INFO] - Smart Wait Function is triggered

2021-11-23 09:49:23 - [MESSAGE][PASSED] - Method.KlasorSec is PASSED

2021-11-23 09:49:23 - [MESSAGE][PASSED] - Call Test Case 'Test Cases/Tablo/KlasorSecilir' successfully

2021-11-23 09:49:23 - [MESSAGE][INFO] - Checking called Test Case

2021-11-23 09:49:23 - [MESSAGE][INFO] - Starting to call Test Case 'Test Cases/Butonlar/ButonaTikla'

2021-11-23 09:49:23 - [TEST_CASE][PASSED] - Test Cases/Butonlar/ButonaTikla: Test Cases/Butonlar/ButonaTikla

2021-11-23 09:49:23 - [TEST_STEP][PASSED] - Method.TextDegerineEsitElementeTiklaEquals(findTestObject("Butonlar/Butonlar"), Buton_Adi): Method.TextDegerineEsitElementeTiklaEquals is PASSED

2021-11-23 09:49:23 - [MESSAGE][INFO] - Finding Test Object 'Object Repository/Butonlar/Butonlar'

2021-11-23 09:49:23 - [MESSAGE][INFO] - Checking timeout

2021-11-23 09:49:23 - [MESSAGE][INFO] - Finding web element with id: 'Object Repository/Butonlar/Butonlar' located by 'By.cssSelector: .panel.panel-default.text-center.footerPanel .btn,.btn.btn-primary.btnControls' in '10' second(s)

2021-11-23 09:49:23 - [MESSAGE][INFO] - Smart Wait Function is triggered

2021-11-23 09:49:23 - [MESSAGE][INFO] - Found 9 web elements with id: 'Object Repository/Butonlar/Butonlar' located by 'By.cssSelector: .panel.panel-default.text-center.footerPanel .btn,.btn.btn-primary.btnControls' in '10' second(s)

2021-11-23 09:49:23 - [MESSAGE][PASSED] - Method.TextDegerineEsitElementeTiklaEquals is PASSED

2021-11-23 09:49:23 - [MESSAGE][PASSED] - Call Test Case 'Test Cases/Butonlar/ButonaTikla' successfully

2021-11-23 09:49:23 - [MESSAGE][INFO] - Checking called Test Case

2021-11-23 09:49:23 - [MESSAGE][INFO] - Starting to call Test Case 'Test Cases/Popup/PopupMesajiIceriyorMu'

2021-11-23 09:49:23 - [TEST_CASE][PASSED] - Test Cases/Popup/PopupMesajiIceriyorMu: Test Cases/Popup/PopupMesajiIceriyorMu

2021-11-23 09:49:24 - [TEST_STEP][PASSED] - waitForElementVisible(findTestObject("Popup/Popup"), 10): Object 'Object Repository/Popup/Popup' is visible

2021-11-23 09:49:24 - [MESSAGE][INFO] - Finding Test Object 'Object Repository/Popup/Popup'

2021-11-23 09:49:24 - [MESSAGE][INFO] - Checking object

2021-11-23 09:49:24 - [MESSAGE][INFO] - Checking timeout

2021-11-23 09:49:24 - [MESSAGE][INFO] - Finding web element from Test Object's properties

2021-11-23 09:49:24 - [MESSAGE][INFO] - Checking timeout

2021-11-23 09:49:24 - [MESSAGE][INFO] - Finding web element with id: 'Object Repository/Popup/Popup' located by 'By.cssSelector: .bootbox-body' in '10' second(s)

2021-11-23 09:49:24 - [MESSAGE][INFO] - Smart Wait Function is triggered

2021-11-23 09:49:24 - [MESSAGE][INFO] - Found 1 web elements with id: 'Object Repository/Popup/Popup' located by 'By.cssSelector: .bootbox-body' in '10' second(s)

2021-11-23 09:49:24 - [MESSAGE][PASSED] - Object 'Object Repository/Popup/Popup' is visible

2021-11-23 09:49:24 - [TEST_STEP][PASSED] - if (!(getText(findTestObject("Popup/Popup")).contains(Mesaj))): Text of object 'Object Repository/Popup/Popup' is: 'Seçili e-Defter dosyaları indirilecek!

6090408038-202001-Y-000000.zip

Devam etmek istiyor musunuz?'

2021-11-23 09:49:24 - [MESSAGE][INFO] - Finding Test Object 'Object Repository/Popup/Popup'

2021-11-23 09:49:24 - [MESSAGE][INFO] - Checking object

2021-11-23 09:49:24 - [MESSAGE][INFO] - Finding web element from Test Object's properties

2021-11-23 09:49:24 - [MESSAGE][INFO] - Checking timeout

2021-11-23 09:49:24 - [MESSAGE][INFO] - Finding web element with id: 'Object Repository/Popup/Popup' located by 'By.cssSelector: .bootbox-body' in '30' second(s)

2021-11-23 09:49:24 - [MESSAGE][INFO] - Smart Wait Function is triggered

2021-11-23 09:49:25 - [MESSAGE][INFO] - Found 1 web elements with id: 'Object Repository/Popup/Popup' located by 'By.cssSelector: .bootbox-body' in '30' second(s)

2021-11-23 09:49:25 - [MESSAGE][INFO] - Getting text of object 'Object Repository/Popup/Popup'

2021-11-23 09:49:25 - [MESSAGE][PASSED] - Text of object 'Object Repository/Popup/Popup' is: 'Seçili e-Defter dosyaları indirilecek!

6090408038-202001-Y-000000.zip

Devam etmek istiyor musunuz?'

2021-11-23 09:49:25 - [TEST_STEP][PASSED] - RaporNo = getText(findTestObject("Popup/Popup")).substring(0, 6): Text of object 'Object Repository/Popup/Popup' is: 'Seçili e-Defter dosyaları indirilecek!

6090408038-202001-Y-000000.zip

Devam etmek istiyor musunuz?'

2021-11-23 09:49:25 - [MESSAGE][INFO] - Finding Test Object 'Object Repository/Popup/Popup'

2021-11-23 09:49:25 - [MESSAGE][INFO] - Checking object

2021-11-23 09:49:25 - [MESSAGE][INFO] - Finding web element from Test Object's properties

2021-11-23 09:49:25 - [MESSAGE][INFO] - Checking timeout

2021-11-23 09:49:25 - [MESSAGE][INFO] - Finding web element with id: 'Object Repository/Popup/Popup' located by 'By.cssSelector: .bootbox-body' in '30' second(s)

2021-11-23 09:49:25 - [MESSAGE][INFO] - Smart Wait Function is triggered

2021-11-23 09:49:25 - [MESSAGE][INFO] - Found 1 web elements with id: 'Object Repository/Popup/Popup' located by 'By.cssSelector: .bootbox-body' in '30' second(s)

2021-11-23 09:49:25 - [MESSAGE][INFO] - Getting text of object 'Object Repository/Popup/Popup'

2021-11-23 09:49:25 - [MESSAGE][PASSED] - Text of object 'Object Repository/Popup/Popup' is: 'Seçili e-Defter dosyaları indirilecek!

6090408038-202001-Y-000000.zip

Devam etmek istiyor musunuz?'

2021-11-23 09:49:25 - [TEST_STEP][PASSED] - Console.println(RaporNo): null

2021-11-23 09:49:25 - [MESSAGE][PASSED] - Call Test Case 'Test Cases/Popup/PopupMesajiIceriyorMu' successfully

2021-11-23 09:49:25 - [MESSAGE][INFO] - Checking called Test Case

2021-11-23 09:49:25 - [MESSAGE][INFO] - Starting to call Test Case 'Test Cases/Popup/PopupButonSecilir'

2021-11-23 09:49:25 - [TEST_CASE][PASSED] - Test Cases/Popup/PopupButonSecilir: Test Cases/Popup/PopupButonSecilir

2021-11-23 09:49:26 - [TEST_STEP][PASSED] - Method.TextDegerineEsitElementeTikla(findTestObject("Popup/Popup_Butons"), Buton): Method.TextDegerineEsitElementeTikla is PASSED

2021-11-23 09:49:26 - [MESSAGE][INFO] - Finding Test Object 'Object Repository/Popup/Popup_Butons'

2021-11-23 09:49:26 - [MESSAGE][INFO] - Checking timeout

2021-11-23 09:49:26 - [MESSAGE][INFO] - Finding web element with id: 'Object Repository/Popup/Popup_Butons' located by 'By.cssSelector: .modal-footer>button' in '10' second(s)

2021-11-23 09:49:26 - [MESSAGE][INFO] - Smart Wait Function is triggered

2021-11-23 09:49:26 - [MESSAGE][INFO] - Found 2 web elements with id: 'Object Repository/Popup/Popup_Butons' located by 'By.cssSelector: .modal-footer>button' in '10' second(s)

2021-11-23 09:49:26 - [MESSAGE][PASSED] - Method.TextDegerineEsitElementeTikla is PASSED

2021-11-23 09:49:26 - [MESSAGE][PASSED] - Call Test Case 'Test Cases/Popup/PopupButonSecilir' successfully

2021-11-23 09:49:26 - [MESSAGE][INFO] - Checking called Test Case

2021-11-23 09:49:26 - [MESSAGE][INFO] - Starting to call Test Case 'Test Cases/Butonlar/DosyaIndirildiMi'

2021-11-23 09:49:26 - [TEST_CASE][PASSED] - Test Cases/Butonlar/DosyaIndirildiMi: Test Cases/Butonlar/DosyaIndirildiMi

2021-11-23 09:49:27 - [TEST_STEP][PASSED] - Method.isimliDosyaIndirildiMi(DownloadFile, FileName): Method.isimliDosyaIndirildiMi is PASSED

2021-11-23 09:49:27 - [MESSAGE][INFO] - Delaying browser in 3 second(s)

2021-11-23 09:49:30 - [MESSAGE][PASSED] - Delayed 3 second(s)

2021-11-23 09:49:30 - [MESSAGE][PASSED] - Method.isimliDosyaIndirildiMi is PASSED

2021-11-23 09:49:30 - [MESSAGE][PASSED] - Call Test Case 'Test Cases/Butonlar/DosyaIndirildiMi' successfully

2021-11-23 09:49:30 - [MESSAGE][INFO] - Checking called Test Case

2021-11-23 09:49:30 - [MESSAGE][INFO] - Starting to call Test Case 'Test Cases/Kullanici_Islemleri/KullaniciIslemlerindenSecimYapilir'

2021-11-23 09:49:30 - [TEST_CASE][PASSED] - Test Cases/Kullanici_Islemleri/KullaniciIslemlerindenSecimYapilir: Test Cases/Kullanici_Islemleri/KullaniciIslemlerindenSecimYapilir

2021-11-23 09:49:30 - [TEST_STEP][PASSED] - waitForElementClickable(findTestObject("Object Repository/Kullanici_Islemleri/KullaniciIslemleri"), 10): Object 'Object Repository/Kullanici_Islemleri/KullaniciIslemleri' is clickable

2021-11-23 09:49:30 - [MESSAGE][INFO] - Finding Test Object 'Object Repository/Kullanici_Islemleri/KullaniciIslemleri'

2021-11-23 09:49:30 - [MESSAGE][INFO] - Checking object

2021-11-23 09:49:30 - [MESSAGE][INFO] - Checking timeout

2021-11-23 09:49:30 - [MESSAGE][INFO] - Finding web element from Test Object's properties

2021-11-23 09:49:30 - [MESSAGE][INFO] - Checking timeout

2021-11-23 09:49:30 - [MESSAGE][INFO] - Finding web element with id: 'Object Repository/Kullanici_Islemleri/KullaniciIslemleri' located by 'By.cssSelector: .dropdown>a>img' in '10' second(s)

2021-11-23 09:49:30 - [MESSAGE][INFO] - Smart Wait Function is triggered

2021-11-23 09:49:30 - [MESSAGE][INFO] - Found 1 web elements with id: 'Object Repository/Kullanici_Islemleri/KullaniciIslemleri' located by 'By.cssSelector: .dropdown>a>img' in '10' second(s)

2021-11-23 09:49:30 - [MESSAGE][PASSED] - Object 'Object Repository/Kullanici_Islemleri/KullaniciIslemleri' is clickable

2021-11-23 09:49:30 - [TEST_STEP][PASSED] - click(findTestObject("Object Repository/Kullanici_Islemleri/KullaniciIslemleri")): Object: 'Object Repository/Kullanici_Islemleri/KullaniciIslemleri' is clicked on

2021-11-23 09:49:30 - [MESSAGE][INFO] - Finding Test Object 'Object Repository/Kullanici_Islemleri/KullaniciIslemleri'

2021-11-23 09:49:30 - [MESSAGE][INFO] - Checking object

2021-11-23 09:49:30 - [MESSAGE][INFO] - Finding web element from Test Object's properties

2021-11-23 09:49:30 - [MESSAGE][INFO] - Checking timeout

2021-11-23 09:49:30 - [MESSAGE][INFO] - Finding web element with id: 'Object Repository/Kullanici_Islemleri/KullaniciIslemleri' located by 'By.cssSelector: .dropdown>a>img' in '30' second(s)

2021-11-23 09:49:30 - [MESSAGE][INFO] - Smart Wait Function is triggered

2021-11-23 09:49:31 - [MESSAGE][INFO] - Found 1 web elements with id: 'Object Repository/Kullanici_Islemleri/KullaniciIslemleri' located by 'By.cssSelector: .dropdown>a>img' in '30' second(s)

2021-11-23 09:49:31 - [MESSAGE][INFO] - Clicking on object: 'Object Repository/Kullanici_Islemleri/KullaniciIslemleri'

2021-11-23 09:49:31 - [MESSAGE][PASSED] - Object: 'Object Repository/Kullanici_Islemleri/KullaniciIslemleri' is clicked on

2021-11-23 09:49:31 - [TEST_STEP][PASSED] - Method.TextDegerineEsitElementeTikla(findTestObject("Object Repository/Kullanici_Islemleri/Secenekler"), Islem): Method.TextDegerineEsitElementeTikla is PASSED

2021-11-23 09:49:31 - [MESSAGE][INFO] - Finding Test Object 'Object Repository/Kullanici_Islemleri/Secenekler'

2021-11-23 09:49:31 - [MESSAGE][INFO] - Checking timeout

2021-11-23 09:49:31 - [MESSAGE][INFO] - Finding web element with id: 'Object Repository/Kullanici_Islemleri/Secenekler' located by 'By.cssSelector: .nav.navbar-nav.navbar-right li a' in '10' second(s)

2021-11-23 09:49:31 - [MESSAGE][INFO] - Smart Wait Function is triggered

2021-11-23 09:49:31 - [MESSAGE][INFO] - Found 22 web elements with id: 'Object Repository/Kullanici_Islemleri/Secenekler' located by 'By.cssSelector: .nav.navbar-nav.navbar-right li a' in '10' second(s)

2021-11-23 09:49:32 - [MESSAGE][PASSED] - Method.TextDegerineEsitElementeTikla is PASSED

2021-11-23 09:49:32 - [TEST_STEP][PASSED] - verifyElementNotPresent(findTestObject("Object Repository/Kullanici_Islemleri/Secenekler"), 10): Web element with id: 'Object Repository/Kullanici_Islemleri/Secenekler' located by 'By.cssSelector: .nav.navbar-nav.navbar-right li a' is not present after '10' second(s)

2021-11-23 09:49:32 - [MESSAGE][INFO] - Finding Test Object 'Object Repository/Kullanici_Islemleri/Secenekler'

2021-11-23 09:49:32 - [MESSAGE][INFO] - Checking object

2021-11-23 09:49:32 - [MESSAGE][INFO] - Checking timeout

2021-11-23 09:49:32 - [MESSAGE][INFO] - Finding web element with id: 'Object Repository/Kullanici_Islemleri/Secenekler' located by 'By.cssSelector: .nav.navbar-nav.navbar-right li a' in '10' second(s)

2021-11-23 09:49:32 - [MESSAGE][INFO] - Smart Wait Function is triggered

2021-11-23 09:49:33 - [MESSAGE][PASSED] - Web element with id: 'Object Repository/Kullanici_Islemleri/Secenekler' located by 'By.cssSelector: .nav.navbar-nav.navbar-right li a' is not present after '10' second(s)

2021-11-23 09:49:33 - [MESSAGE][PASSED] - Call Test Case 'Test Cases/Kullanici_Islemleri/KullaniciIslemlerindenSecimYapilir' successfully

2021-11-23 09:49:33 - [TEST_CASE][PASSED] - Start Test Case : SCENARIO e-Defter Saklama Indir: SCENARIO e-Defter Saklama Indir

2021-11-23 09:49:33 - [TEST_STEP][PASSED] - Kullanıcı adı ELOGOGIB ve Şifre 123456 olarak giriş yapılır: Kullanıcı adı ELOGOGIB ve Şifre 123456 olarak giriş yapılır

2021-11-23 09:49:33 - [MESSAGE][PASSED] - Kullanıcı adı ELOGOGIB ve Şifre 123456 olarak giriş yapılır

2021-11-23 09:49:33 - [TEST_STEP][PASSED] - Ana menüden e-Saklama seçilir: Ana menüden e-Saklama seçilir

2021-11-23 09:49:33 - [MESSAGE][PASSED] - Ana menüden e-Saklama seçilir

2021-11-23 09:49:33 - [TEST_STEP][PASSED] - Alt menü e-Defter başlığı altındaki e-Defter Saklama seçilir: Alt menü e-Defter başlığı altındaki e-Defter Saklama seçilir

2021-11-23 09:49:33 - [MESSAGE][PASSED] - Alt menü e-Defter başlığı altındaki e-Defter Saklama seçilir

2021-11-23 09:49:33 - [TEST_STEP][PASSED] - Filtre butonlarından Listele seçilir: Filtre butonlarından Listele seçilir

2021-11-23 09:49:33 - [MESSAGE][PASSED] - Filtre butonlarından Listele seçilir

2021-11-23 09:49:33 - [TEST_STEP][PASSED] - 2020 adlı yıl seçilir: 2020 adlı yıl seçilir

2021-11-23 09:49:33 - [MESSAGE][PASSED] - 2020 adlı yıl seçilir

2021-11-23 09:49:33 - [TEST_STEP][PASSED] - Filtre butonlarından Listele seçilir: Filtre butonlarından Listele seçilir

2021-11-23 09:49:33 - [MESSAGE][PASSED] - Filtre butonlarından Listele seçilir

2021-11-23 09:49:33 - [TEST_STEP][PASSED] - 2020 adlı klasör açılır: 2020 adlı klasör açılır

2021-11-23 09:49:33 - [MESSAGE][PASSED] - 2020 adlı klasör açılır

2021-11-23 09:49:33 - [TEST_STEP][PASSED] - Ocak 2020 adlı klasör açılır: Ocak 2020 adlı klasör açılır

2021-11-23 09:49:33 - [MESSAGE][PASSED] - Ocak 2020 adlı klasör açılır

2021-11-23 09:49:33 - [TEST_STEP][PASSED] - Yevmiye Dosyaları adlı klasör açılır: Yevmiye Dosyaları adlı klasör açılır

2021-11-23 09:49:33 - [MESSAGE][PASSED] - Yevmiye Dosyaları adlı klasör açılır

2021-11-23 09:49:33 - [TEST_STEP][PASSED] - 6090408038-202001-Y-000000.zip adlı klasör seçilir: 6090408038-202001-Y-000000.zip adlı klasör seçilir

2021-11-23 09:49:33 - [MESSAGE][PASSED] - 6090408038-202001-Y-000000.zip adlı klasör seçilir

2021-11-23 09:49:33 - [TEST_STEP][PASSED] - Butonlardan İndir isimli butona tıklanır: Butonlardan İndir isimli butona tıklanır

2021-11-23 09:49:33 - [MESSAGE][PASSED] - Butonlardan İndir isimli butona tıklanır

2021-11-23 09:49:33 - [TEST_STEP][PASSED] - Popup mesajı Seçili e-Defter dosyaları indirilecek içeriyor mu: Popup mesajı Seçili e-Defter dosyaları indirilecek içeriyor mu

2021-11-23 09:49:33 - [MESSAGE][PASSED] - Popup mesajı Seçili e-Defter dosyaları indirilecek içeriyor mu

2021-11-23 09:49:33 - [TEST_STEP][PASSED] - Yönetim popupında Evet seçilir: Yönetim popupında Evet seçilir

2021-11-23 09:49:33 - [MESSAGE][PASSED] - Yönetim popupında Evet seçilir

2021-11-23 09:49:33 - [TEST_STEP][PASSED] - Ön eki eDefter olan dosya indirildi mi: Ön eki eDefter olan dosya indirildi mi

2021-11-23 09:49:33 - [MESSAGE][PASSED] - Ön eki eDefter olan dosya indirildi mi

2021-11-23 09:49:33 - [TEST_STEP][PASSED] - Kullanıcı işlemlerinden Çıkış seçilir: Kullanıcı işlemlerinden Çıkış seçilir

2021-11-23 09:49:33 - [MESSAGE][PASSED] - Kullanıcı işlemlerinden Çıkış seçilir

2021-11-23 09:49:33 - [MESSAGE][PASSED] - Feature file: 'Include/features/e-Saklama/e-Defter/e-Defter Saklama/Indir.feature' was passed

2021-11-23 09:49:33 - [TEST_STEP][PASSED] - Start listener action : sampleAfterTestSuite: Invoke 'com.kms.katalon.core.annotation.AfterTestCase' method: 'Listener.sampleAfterTestSuite(...)' completed.

2021-11-23 09:49:33 - [MESSAGE][INFO] - Starting invoke 'com.kms.katalon.core.annotation.AfterTestCase' method: 'Listener.sampleAfterTestSuite(...)'

2021-11-23 09:49:33 - [TEST_STEP][PASSED] - closeBrowser(): Invoke 'com.kms.katalon.core.annotation.AfterTestCase' method: 'Listener.sampleAfterTestSuite(...)' completed.

2021-11-23 09:49:33 - [MESSAGE][INFO] - Closing browser

2021-11-23 09:49:33 - [MESSAGE][PASSED] - Browser is closed

2021-11-23 09:49:33 - [MESSAGE][INFO] - Invoke 'com.kms.katalon.core.annotation.AfterTestCase' method: 'Listener.sampleAfterTestSuite(...)' completed.]]></system-out>
         <system-err><![CDATA[]]></system-err>
      </testcase>
      <testcase name="Test Cases/Case Repository/e-Saklama/e-Defter/e-Defter Saklama/Yukle" time="32.957" classname="Test Cases/Case Repository/e-Saklama/e-Defter/e-Defter Saklama/Yukle" status="PASSED">
         <system-out><![CDATA[2021-11-23 09:49:33 - [TEST_CASE][PASSED] - Test Cases/Case Repository/e-Saklama/e-Defter/e-Defter Saklama/Yukle: Test Cases/Case Repository/e-Saklama/e-Defter/e-Defter Saklama/Yukle

2021-11-23 09:49:33 - [TEST_STEP][PASSED] - Start listener action : sampleBeforeTestSuite: Invoke 'com.kms.katalon.core.annotation.BeforeTestCase' method: 'Listener.sampleBeforeTestSuite(...)' completed.

2021-11-23 09:49:33 - [MESSAGE][INFO] - Starting invoke 'com.kms.katalon.core.annotation.BeforeTestCase' method: 'Listener.sampleBeforeTestSuite(...)'

2021-11-23 09:49:33 - [TEST_STEP][PASSED] - openBrowser(baseUrl): Browser is opened with url: 'https://efatura-stage.elogo.com.tr/'

2021-11-23 09:49:33 - [MESSAGE][INFO] - Opening browser

2021-11-23 09:49:33 - [MESSAGE][INFO] - Starting 'Chrome' driver

2021-11-23 09:49:33 - [MESSAGE][INFO] - User set preference: ['prefs', '{download.default_directory=C:\otomasyondownfiles}']

2021-11-23 09:49:33 - [MESSAGE][INFO] - Action delay is set to 0 milliseconds

2021-11-23 09:49:35 - [MESSAGE][INFO] - Navigating browser to: 'https://efatura-stage.elogo.com.tr/'

2021-11-23 09:49:37 - [MESSAGE][PASSED] - Browser is opened with url: 'https://efatura-stage.elogo.com.tr/'

2021-11-23 09:49:37 - [TEST_STEP][PASSED] - maximizeWindow(): Invoke 'com.kms.katalon.core.annotation.BeforeTestCase' method: 'Listener.sampleBeforeTestSuite(...)' completed.

2021-11-23 09:49:37 - [MESSAGE][INFO] - Maximizing current window

2021-11-23 09:49:37 - [MESSAGE][PASSED] - Current window maximized

2021-11-23 09:49:37 - [MESSAGE][INFO] - Invoke 'com.kms.katalon.core.annotation.BeforeTestCase' method: 'Listener.sampleBeforeTestSuite(...)' completed.

2021-11-23 09:49:38 - [TEST_STEP][PASSED] - runFeatureFile("Include/features/e-Saklama/e-Defter/e-Defter Saklama/Yukle.feature"): Feature file: 'Include/features/e-Saklama/e-Defter/e-Defter Saklama/Yukle.feature' was passed

2021-11-23 09:49:38 - [MESSAGE][INFO] - Starting run keyword runFeatureFile: 'Include/features/e-Saklama/e-Defter/e-Defter Saklama/Yukle.feature' and extract report to folder: 'C:\Users\DELL\Documents\GitHub\EES_KatalonLogo\Reports\20211123_091110\Suite Repository\e-Saklama\20211123_091205/cucumber_report/1637650178049'...

2021-11-23 09:49:38 - [MESSAGE][INFO] - Glue: []

2021-11-23 09:49:39 - [MESSAGE][INFO] - Checking called Test Case

2021-11-23 09:49:39 - [MESSAGE][INFO] - Starting to call Test Case 'Test Cases/Sayfalar/Giris_Sayfasi/Login'

2021-11-23 09:49:39 - [TEST_CASE][PASSED] - Test Cases/Sayfalar/Giris_Sayfasi/Login: Test Cases/Sayfalar/Giris_Sayfasi/Login

2021-11-23 09:49:39 - [TEST_STEP][PASSED] - Sayfa_Basligi = getWindowTitle(): Current window's title is: 'LOGO e-Fatura'

2021-11-23 09:49:39 - [MESSAGE][INFO] - Getting current window's title

2021-11-23 09:49:39 - [MESSAGE][PASSED] - Current window's title is: 'LOGO e-Fatura'

2021-11-23 09:49:39 - [TEST_STEP][PASSED] - verifyMatch(Sayfa_Basligi, "LOGO e-Fatura", false): Actual text 'LOGO e-Fatura' and expected text 'LOGO e-Fatura' are matched 

2021-11-23 09:49:39 - [MESSAGE][INFO] - Matching actual text 'LOGO e-Fatura' with expected text 'LOGO e-Fatura'

2021-11-23 09:49:39 - [MESSAGE][PASSED] - Actual text 'LOGO e-Fatura' and expected text 'LOGO e-Fatura' are matched 

2021-11-23 09:49:39 - [TEST_STEP][PASSED] - sendKeys(findTestObject("Sayfalar/Giris_Sayfasi/Firma_Kodu"), KullaniciAdi): Keys 'ELOGO6' sent to object: 'Object Repository/Sayfalar/Giris_Sayfasi/Firma_Kodu'

2021-11-23 09:49:39 - [MESSAGE][INFO] - Finding Test Object 'Object Repository/Sayfalar/Giris_Sayfasi/Firma_Kodu'

2021-11-23 09:49:39 - [MESSAGE][INFO] - Sending keys 'ELOGO6' to object: 'Object Repository/Sayfalar/Giris_Sayfasi/Firma_Kodu'

2021-11-23 09:49:39 - [MESSAGE][INFO] - Finding web element from Test Object's properties

2021-11-23 09:49:39 - [MESSAGE][INFO] - Checking timeout

2021-11-23 09:49:39 - [MESSAGE][INFO] - Finding web element with id: 'Object Repository/Sayfalar/Giris_Sayfasi/Firma_Kodu' located by 'By.xpath: //*[@id = 'AccountName']' in '30' second(s)

2021-11-23 09:49:39 - [MESSAGE][INFO] - Smart Wait Function is triggered

2021-11-23 09:49:39 - [MESSAGE][INFO] - Found 1 web elements with id: 'Object Repository/Sayfalar/Giris_Sayfasi/Firma_Kodu' located by 'By.xpath: //*[@id = 'AccountName']' in '30' second(s)

2021-11-23 09:49:40 - [MESSAGE][PASSED] - Keys 'ELOGO6' sent to object: 'Object Repository/Sayfalar/Giris_Sayfasi/Firma_Kodu'

2021-11-23 09:49:40 - [TEST_STEP][PASSED] - sendKeys(findTestObject("Sayfalar/Giris_Sayfasi/Sifre"), Sifre): Keys '123456' sent to object: 'Object Repository/Sayfalar/Giris_Sayfasi/Sifre'

2021-11-23 09:49:40 - [MESSAGE][INFO] - Finding Test Object 'Object Repository/Sayfalar/Giris_Sayfasi/Sifre'

2021-11-23 09:49:40 - [MESSAGE][INFO] - Sending keys '123456' to object: 'Object Repository/Sayfalar/Giris_Sayfasi/Sifre'

2021-11-23 09:49:40 - [MESSAGE][INFO] - Finding web element from Test Object's properties

2021-11-23 09:49:40 - [MESSAGE][INFO] - Checking timeout

2021-11-23 09:49:40 - [MESSAGE][INFO] - Finding web element with id: 'Object Repository/Sayfalar/Giris_Sayfasi/Sifre' located by 'By.xpath: //*[@id = 'Password']' in '30' second(s)

2021-11-23 09:49:40 - [MESSAGE][INFO] - Smart Wait Function is triggered

2021-11-23 09:49:40 - [MESSAGE][INFO] - Found 1 web elements with id: 'Object Repository/Sayfalar/Giris_Sayfasi/Sifre' located by 'By.xpath: //*[@id = 'Password']' in '30' second(s)

2021-11-23 09:49:40 - [MESSAGE][PASSED] - Keys '123456' sent to object: 'Object Repository/Sayfalar/Giris_Sayfasi/Sifre'

2021-11-23 09:49:40 - [TEST_STEP][PASSED] - findWebElement(findTestObject("Sayfalar/Giris_Sayfasi/Giris_Butonu")).click(): Found 1 web elements with id: 'Object Repository/Sayfalar/Giris_Sayfasi/Giris_Butonu' located by 'By.cssSelector: #btnLogin' in '30' second(s)

2021-11-23 09:49:40 - [MESSAGE][INFO] - Finding Test Object 'Object Repository/Sayfalar/Giris_Sayfasi/Giris_Butonu'

2021-11-23 09:49:40 - [MESSAGE][INFO] - Finding web element from Test Object's properties

2021-11-23 09:49:40 - [MESSAGE][INFO] - Checking timeout

2021-11-23 09:49:40 - [MESSAGE][INFO] - Finding web element with id: 'Object Repository/Sayfalar/Giris_Sayfasi/Giris_Butonu' located by 'By.cssSelector: #btnLogin' in '30' second(s)

2021-11-23 09:49:40 - [MESSAGE][INFO] - Smart Wait Function is triggered

2021-11-23 09:49:40 - [MESSAGE][INFO] - Found 1 web elements with id: 'Object Repository/Sayfalar/Giris_Sayfasi/Giris_Butonu' located by 'By.cssSelector: #btnLogin' in '30' second(s)

2021-11-23 09:49:43 - [TEST_STEP][PASSED] - if (verifyElementPresent(findTestObject("Object Repository/Sayfalar/Giris_Sayfasi/RetveTamam_Butonu"), 5, OPTIONAL)): null

2021-11-23 09:49:43 - [MESSAGE][INFO] - Finding Test Object 'Object Repository/Sayfalar/Giris_Sayfasi/RetveTamam_Butonu'

2021-11-23 09:49:43 - [MESSAGE][INFO] - Checking object

2021-11-23 09:49:43 - [MESSAGE][INFO] - Finding web element from Test Object's properties

2021-11-23 09:49:43 - [MESSAGE][INFO] - Checking timeout

2021-11-23 09:49:43 - [MESSAGE][INFO] - Finding web element with id: 'Object Repository/Sayfalar/Giris_Sayfasi/RetveTamam_Butonu' located by 'By.xpath: //*[@class = 'btn btn-default']' in '5' second(s)

2021-11-23 09:49:43 - [MESSAGE][INFO] - Smart Wait Function is triggered

2021-11-23 09:49:43 - [MESSAGE][INFO] - Found 1 web elements with id: 'Object Repository/Sayfalar/Giris_Sayfasi/RetveTamam_Butonu' located by 'By.xpath: //*[@class = 'btn btn-default']' in '5' second(s)

2021-11-23 09:49:43 - [MESSAGE][PASSED] - Object 'Object Repository/Sayfalar/Giris_Sayfasi/RetveTamam_Butonu' is present

2021-11-23 09:49:43 - [TEST_STEP][PASSED] - click(findTestObject("Object Repository/Sayfalar/Giris_Sayfasi/RetveTamam_Butonu")): Object: 'Object Repository/Sayfalar/Giris_Sayfasi/RetveTamam_Butonu' is clicked on

2021-11-23 09:49:43 - [MESSAGE][INFO] - Finding Test Object 'Object Repository/Sayfalar/Giris_Sayfasi/RetveTamam_Butonu'

2021-11-23 09:49:43 - [MESSAGE][INFO] - Checking object

2021-11-23 09:49:43 - [MESSAGE][INFO] - Finding web element from Test Object's properties

2021-11-23 09:49:43 - [MESSAGE][INFO] - Checking timeout

2021-11-23 09:49:43 - [MESSAGE][INFO] - Finding web element with id: 'Object Repository/Sayfalar/Giris_Sayfasi/RetveTamam_Butonu' located by 'By.xpath: //*[@class = 'btn btn-default']' in '30' second(s)

2021-11-23 09:49:43 - [MESSAGE][INFO] - Smart Wait Function is triggered

2021-11-23 09:49:43 - [MESSAGE][INFO] - Found 1 web elements with id: 'Object Repository/Sayfalar/Giris_Sayfasi/RetveTamam_Butonu' located by 'By.xpath: //*[@class = 'btn btn-default']' in '30' second(s)

2021-11-23 09:49:43 - [MESSAGE][INFO] - Clicking on object: 'Object Repository/Sayfalar/Giris_Sayfasi/RetveTamam_Butonu'

2021-11-23 09:49:43 - [MESSAGE][PASSED] - Object: 'Object Repository/Sayfalar/Giris_Sayfasi/RetveTamam_Butonu' is clicked on

2021-11-23 09:49:43 - [TEST_STEP][PASSED] - click(findTestObject("Object Repository/Sayfalar/Giris_Sayfasi/RetveTamam_Butonu")): Object: 'Object Repository/Sayfalar/Giris_Sayfasi/RetveTamam_Butonu' is clicked on

2021-11-23 09:49:43 - [MESSAGE][INFO] - Finding Test Object 'Object Repository/Sayfalar/Giris_Sayfasi/RetveTamam_Butonu'

2021-11-23 09:49:44 - [MESSAGE][INFO] - Checking object

2021-11-23 09:49:44 - [MESSAGE][INFO] - Finding web element from Test Object's properties

2021-11-23 09:49:44 - [MESSAGE][INFO] - Checking timeout

2021-11-23 09:49:44 - [MESSAGE][INFO] - Finding web element with id: 'Object Repository/Sayfalar/Giris_Sayfasi/RetveTamam_Butonu' located by 'By.xpath: //*[@class = 'btn btn-default']' in '30' second(s)

2021-11-23 09:49:44 - [MESSAGE][INFO] - Smart Wait Function is triggered

2021-11-23 09:49:47 - [MESSAGE][INFO] - Found 1 web elements with id: 'Object Repository/Sayfalar/Giris_Sayfasi/RetveTamam_Butonu' located by 'By.xpath: //*[@class = 'btn btn-default']' in '30' second(s)

2021-11-23 09:49:47 - [MESSAGE][INFO] - Clicking on object: 'Object Repository/Sayfalar/Giris_Sayfasi/RetveTamam_Butonu'

2021-11-23 09:49:47 - [MESSAGE][PASSED] - Object: 'Object Repository/Sayfalar/Giris_Sayfasi/RetveTamam_Butonu' is clicked on

2021-11-23 09:49:47 - [TEST_STEP][PASSED] - if (verifyElementPresent(findTestObject("Sayfalar/Giris_Sayfasi/PopupOK"), 5, OPTIONAL)): null

2021-11-23 09:49:47 - [MESSAGE][INFO] - Finding Test Object 'Object Repository/Sayfalar/Giris_Sayfasi/PopupOK'

2021-11-23 09:49:47 - [MESSAGE][INFO] - Checking object

2021-11-23 09:49:47 - [MESSAGE][INFO] - Finding web element from Test Object's properties

2021-11-23 09:49:47 - [MESSAGE][INFO] - Checking timeout

2021-11-23 09:49:47 - [MESSAGE][INFO] - Finding web element with id: 'Object Repository/Sayfalar/Giris_Sayfasi/PopupOK' located by 'By.cssSelector: .btn.btn-success' in '5' second(s)

2021-11-23 09:49:47 - [MESSAGE][INFO] - Smart Wait Function is triggered

2021-11-23 09:49:47 - [MESSAGE][INFO] - Found 1 web elements with id: 'Object Repository/Sayfalar/Giris_Sayfasi/PopupOK' located by 'By.cssSelector: .btn.btn-success' in '5' second(s)

2021-11-23 09:49:47 - [MESSAGE][PASSED] - Object 'Object Repository/Sayfalar/Giris_Sayfasi/PopupOK' is present

2021-11-23 09:49:47 - [TEST_STEP][PASSED] - click(findTestObject("Object Repository/Sayfalar/Giris_Sayfasi/PopupCarpiGiris")): Object: 'Object Repository/Sayfalar/Giris_Sayfasi/PopupCarpiGiris' is clicked on

2021-11-23 09:49:47 - [MESSAGE][INFO] - Finding Test Object 'Object Repository/Sayfalar/Giris_Sayfasi/PopupCarpiGiris'

2021-11-23 09:49:47 - [MESSAGE][INFO] - Checking object

2021-11-23 09:49:47 - [MESSAGE][INFO] - Finding web element from Test Object's properties

2021-11-23 09:49:47 - [MESSAGE][INFO] - Checking timeout

2021-11-23 09:49:47 - [MESSAGE][INFO] - Finding web element with id: 'Object Repository/Sayfalar/Giris_Sayfasi/PopupCarpiGiris' located by 'By.cssSelector: .bootbox-close-button.close' in '30' second(s)

2021-11-23 09:49:47 - [MESSAGE][INFO] - Smart Wait Function is triggered

2021-11-23 09:49:48 - [MESSAGE][INFO] - Found 1 web elements with id: 'Object Repository/Sayfalar/Giris_Sayfasi/PopupCarpiGiris' located by 'By.cssSelector: .bootbox-close-button.close' in '30' second(s)

2021-11-23 09:49:48 - [MESSAGE][INFO] - Clicking on object: 'Object Repository/Sayfalar/Giris_Sayfasi/PopupCarpiGiris'

2021-11-23 09:49:48 - [MESSAGE][PASSED] - Object: 'Object Repository/Sayfalar/Giris_Sayfasi/PopupCarpiGiris' is clicked on

2021-11-23 09:49:48 - [TEST_STEP][PASSED] - verifyElementVisible(findTestObject("Object Repository/Kullanici_Islemleri/KullaniciIslemleri")): Object 'Object Repository/Kullanici_Islemleri/KullaniciIslemleri' is visible

2021-11-23 09:49:48 - [MESSAGE][INFO] - Finding Test Object 'Object Repository/Kullanici_Islemleri/KullaniciIslemleri'

2021-11-23 09:49:48 - [MESSAGE][INFO] - Checking object

2021-11-23 09:49:48 - [MESSAGE][INFO] - Finding web element from Test Object's properties

2021-11-23 09:49:48 - [MESSAGE][INFO] - Checking timeout

2021-11-23 09:49:48 - [MESSAGE][INFO] - Finding web element with id: 'Object Repository/Kullanici_Islemleri/KullaniciIslemleri' located by 'By.cssSelector: .dropdown>a>img' in '30' second(s)

2021-11-23 09:49:48 - [MESSAGE][INFO] - Smart Wait Function is triggered

2021-11-23 09:49:49 - [MESSAGE][INFO] - Found 1 web elements with id: 'Object Repository/Kullanici_Islemleri/KullaniciIslemleri' located by 'By.cssSelector: .dropdown>a>img' in '30' second(s)

2021-11-23 09:49:49 - [MESSAGE][PASSED] - Object 'Object Repository/Kullanici_Islemleri/KullaniciIslemleri' is visible

2021-11-23 09:49:49 - [MESSAGE][PASSED] - Call Test Case 'Test Cases/Sayfalar/Giris_Sayfasi/Login' successfully

2021-11-23 09:49:49 - [MESSAGE][INFO] - Checking called Test Case

2021-11-23 09:49:49 - [MESSAGE][INFO] - Starting to call Test Case 'Test Cases/Menu/AnaMenuSecimi'

2021-11-23 09:49:49 - [TEST_CASE][PASSED] - Test Cases/Menu/AnaMenuSecimi: Test Cases/Menu/AnaMenuSecimi

2021-11-23 09:49:49 - [TEST_STEP][PASSED] - Method.TextDegerineEsitElementeTikla(findTestObject("Menu/Ana_Menu"), Ana_Menu): Method.TextDegerineEsitElementeTikla is PASSED

2021-11-23 09:49:49 - [MESSAGE][INFO] - Finding Test Object 'Object Repository/Menu/Ana_Menu'

2021-11-23 09:49:49 - [MESSAGE][INFO] - Checking timeout

2021-11-23 09:49:49 - [MESSAGE][INFO] - Finding web element with id: 'Object Repository/Menu/Ana_Menu' located by 'By.xpath: //*[@class = 'dropdown-toggle']' in '10' second(s)

2021-11-23 09:49:49 - [MESSAGE][INFO] - Smart Wait Function is triggered

2021-11-23 09:49:49 - [MESSAGE][INFO] - Found 14 web elements with id: 'Object Repository/Menu/Ana_Menu' located by 'By.xpath: //*[@class = 'dropdown-toggle']' in '10' second(s)

2021-11-23 09:49:49 - [MESSAGE][PASSED] - Method.TextDegerineEsitElementeTikla is PASSED

2021-11-23 09:49:49 - [MESSAGE][PASSED] - Call Test Case 'Test Cases/Menu/AnaMenuSecimi' successfully

2021-11-23 09:49:49 - [MESSAGE][INFO] - Checking called Test Case

2021-11-23 09:49:49 - [MESSAGE][INFO] - Starting to call Test Case 'Test Cases/Menu/BasligaGoreAltMenuSecimi'

2021-11-23 09:49:49 - [TEST_CASE][PASSED] - Test Cases/Menu/BasligaGoreAltMenuSecimi: Test Cases/Menu/BasligaGoreAltMenuSecimi

2021-11-23 09:49:49 - [TEST_STEP][PASSED] - Method.TextDegerineEsitElementinAltindakiTextDegerineEsitOlanaTikla(findTestObject("Menu/Menu_Basligi"), findTestObject("Menu/Basliga_Gore_Alt_Menu"), Baslik, Alt_Menu): Method.TextDegerineEsitElementinAltindakiTextDegerineEsitOlanaTikla is PASSED

2021-11-23 09:49:49 - [MESSAGE][INFO] - Finding Test Object 'Object Repository/Menu/Menu_Basligi'

2021-11-23 09:49:49 - [MESSAGE][INFO] - Finding Test Object 'Object Repository/Menu/Basliga_Gore_Alt_Menu'

2021-11-23 09:49:50 - [MESSAGE][INFO] - Checking timeout

2021-11-23 09:49:50 - [MESSAGE][INFO] - Finding web element with id: 'Object Repository/Menu/Menu_Basligi' located by 'By.xpath: //li[@class='dropdown dropdown-large open']//li[@class='dropdown-header']' in '10' second(s)

2021-11-23 09:49:50 - [MESSAGE][INFO] - Smart Wait Function is triggered

2021-11-23 09:49:50 - [MESSAGE][INFO] - Found 2 web elements with id: 'Object Repository/Menu/Menu_Basligi' located by 'By.xpath: //li[@class='dropdown dropdown-large open']//li[@class='dropdown-header']' in '10' second(s)

2021-11-23 09:49:50 - [MESSAGE][INFO] - Smart Wait Function is triggered

2021-11-23 09:49:52 - [MESSAGE][PASSED] - Method.TextDegerineEsitElementinAltindakiTextDegerineEsitOlanaTikla is PASSED

2021-11-23 09:49:52 - [MESSAGE][PASSED] - Call Test Case 'Test Cases/Menu/BasligaGoreAltMenuSecimi' successfully

2021-11-23 09:49:52 - [MESSAGE][INFO] - Checking called Test Case

2021-11-23 09:49:52 - [MESSAGE][INFO] - Starting to call Test Case 'Test Cases/Filtreler/ButonaTikla'

2021-11-23 09:49:52 - [TEST_CASE][PASSED] - Test Cases/Filtreler/ButonaTikla: Test Cases/Filtreler/ButonaTikla

2021-11-23 09:49:52 - [TEST_STEP][PASSED] - Method.TextDegerineEsitElementeTikla(findTestObject("Filtreler/Butonlar"), Filtre_Buton): Method.TextDegerineEsitElementeTikla is PASSED

2021-11-23 09:49:52 - [MESSAGE][INFO] - Finding Test Object 'Object Repository/Filtreler/Butonlar'

2021-11-23 09:49:52 - [MESSAGE][INFO] - Checking timeout

2021-11-23 09:49:52 - [MESSAGE][INFO] - Finding web element with id: 'Object Repository/Filtreler/Butonlar' located by 'By.cssSelector: .dxb>span' in '10' second(s)

2021-11-23 09:49:52 - [MESSAGE][INFO] - Smart Wait Function is triggered

2021-11-23 09:49:52 - [MESSAGE][INFO] - Found 1 web elements with id: 'Object Repository/Filtreler/Butonlar' located by 'By.cssSelector: .dxb>span' in '10' second(s)

2021-11-23 09:49:53 - [MESSAGE][PASSED] - Method.TextDegerineEsitElementeTikla is PASSED

2021-11-23 09:49:53 - [MESSAGE][PASSED] - Call Test Case 'Test Cases/Filtreler/ButonaTikla' successfully

2021-11-23 09:49:53 - [MESSAGE][INFO] - Checking called Test Case

2021-11-23 09:49:53 - [MESSAGE][INFO] - Starting to call Test Case 'Test Cases/Butonlar/ButonaTikla'

2021-11-23 09:49:53 - [TEST_CASE][PASSED] - Test Cases/Butonlar/ButonaTikla: Test Cases/Butonlar/ButonaTikla

2021-11-23 09:49:53 - [TEST_STEP][PASSED] - Method.TextDegerineEsitElementeTiklaEquals(findTestObject("Butonlar/Butonlar"), Buton_Adi): Method.TextDegerineEsitElementeTiklaEquals is PASSED

2021-11-23 09:49:53 - [MESSAGE][INFO] - Finding Test Object 'Object Repository/Butonlar/Butonlar'

2021-11-23 09:49:53 - [MESSAGE][INFO] - Checking timeout

2021-11-23 09:49:53 - [MESSAGE][INFO] - Finding web element with id: 'Object Repository/Butonlar/Butonlar' located by 'By.cssSelector: .panel.panel-default.text-center.footerPanel .btn,.btn.btn-primary.btnControls' in '10' second(s)

2021-11-23 09:49:53 - [MESSAGE][INFO] - Smart Wait Function is triggered

2021-11-23 09:49:53 - [MESSAGE][INFO] - Found 8 web elements with id: 'Object Repository/Butonlar/Butonlar' located by 'By.cssSelector: .panel.panel-default.text-center.footerPanel .btn,.btn.btn-primary.btnControls' in '10' second(s)

2021-11-23 09:49:53 - [MESSAGE][PASSED] - Method.TextDegerineEsitElementeTiklaEquals is PASSED

2021-11-23 09:49:53 - [MESSAGE][PASSED] - Call Test Case 'Test Cases/Butonlar/ButonaTikla' successfully

2021-11-23 09:49:53 - [MESSAGE][INFO] - Checking called Test Case

2021-11-23 09:49:53 - [MESSAGE][INFO] - Starting to call Test Case 'Test Cases/Yukle/DosyaYukleme'

2021-11-23 09:49:53 - [TEST_CASE][PASSED] - Test Cases/Yukle/DosyaYukleme: Test Cases/Yukle/DosyaYukleme

2021-11-23 09:49:54 - [TEST_STEP][PASSED] - waitForElementPresent(findTestObject("Object Repository/Yukle/DosyaYukle"), 10): Object 'Object Repository/Yukle/DosyaYukle' is present

2021-11-23 09:49:54 - [MESSAGE][INFO] - Finding Test Object 'Object Repository/Yukle/DosyaYukle'

2021-11-23 09:49:54 - [MESSAGE][INFO] - Checking object

2021-11-23 09:49:54 - [MESSAGE][INFO] - Finding web element from Test Object's properties

2021-11-23 09:49:54 - [MESSAGE][INFO] - Checking timeout

2021-11-23 09:49:54 - [MESSAGE][INFO] - Finding web element with id: 'Object Repository/Yukle/DosyaYukle' located by 'By.cssSelector: .dxucTextBox_LECustomTheme.dxucNullText_LECustomTheme>input' in '10' second(s)

2021-11-23 09:49:54 - [MESSAGE][INFO] - Smart Wait Function is triggered

2021-11-23 09:49:54 - [MESSAGE][INFO] - Found 2 web elements with id: 'Object Repository/Yukle/DosyaYukle' located by 'By.cssSelector: .dxucTextBox_LECustomTheme.dxucNullText_LECustomTheme>input' in '10' second(s)

2021-11-23 09:49:54 - [MESSAGE][PASSED] - Object 'Object Repository/Yukle/DosyaYukle' is present

2021-11-23 09:49:54 - [TEST_STEP][PASSED] - sendKeys(findTestObject("Object Repository/Yukle/DosyaYukle"), Dosya): Keys 'C:\otomasyonupfiles\e-Saklama\e-Defter\1234567806-202103-YB-000001.zip' sent to object: 'Object Repository/Yukle/DosyaYukle'

2021-11-23 09:49:54 - [MESSAGE][INFO] - Finding Test Object 'Object Repository/Yukle/DosyaYukle'

2021-11-23 09:49:54 - [MESSAGE][INFO] - Sending keys 'C:\otomasyonupfiles\e-Saklama\e-Defter\1234567806-202103-YB-000001.zip' to object: 'Object Repository/Yukle/DosyaYukle'

2021-11-23 09:49:54 - [MESSAGE][INFO] - Finding web element from Test Object's properties

2021-11-23 09:49:54 - [MESSAGE][INFO] - Checking timeout

2021-11-23 09:49:54 - [MESSAGE][INFO] - Finding web element with id: 'Object Repository/Yukle/DosyaYukle' located by 'By.cssSelector: .dxucTextBox_LECustomTheme.dxucNullText_LECustomTheme>input' in '30' second(s)

2021-11-23 09:49:54 - [MESSAGE][INFO] - Smart Wait Function is triggered

2021-11-23 09:49:54 - [MESSAGE][INFO] - Found 2 web elements with id: 'Object Repository/Yukle/DosyaYukle' located by 'By.cssSelector: .dxucTextBox_LECustomTheme.dxucNullText_LECustomTheme>input' in '30' second(s)

2021-11-23 09:49:54 - [MESSAGE][PASSED] - Keys 'C:\otomasyonupfiles\e-Saklama\e-Defter\1234567806-202103-YB-000001.zip' sent to object: 'Object Repository/Yukle/DosyaYukle'

2021-11-23 09:49:54 - [TEST_STEP][PASSED] - waitForElementClickable(findTestObject("Object Repository/Yukle/YuklemeyiBaslat"), 10): Object 'Object Repository/Yukle/YuklemeyiBaslat' is clickable

2021-11-23 09:49:54 - [MESSAGE][INFO] - Finding Test Object 'Object Repository/Yukle/YuklemeyiBaslat'

2021-11-23 09:49:55 - [MESSAGE][INFO] - Checking object

2021-11-23 09:49:55 - [MESSAGE][INFO] - Checking timeout

2021-11-23 09:49:55 - [MESSAGE][INFO] - Finding web element from Test Object's properties

2021-11-23 09:49:55 - [MESSAGE][INFO] - Checking timeout

2021-11-23 09:49:55 - [MESSAGE][INFO] - Finding web element with id: 'Object Repository/Yukle/YuklemeyiBaslat' located by 'By.cssSelector: .btn.btn-success.btn-sm' in '10' second(s)

2021-11-23 09:49:55 - [MESSAGE][INFO] - Smart Wait Function is triggered

2021-11-23 09:49:55 - [MESSAGE][INFO] - Found 1 web elements with id: 'Object Repository/Yukle/YuklemeyiBaslat' located by 'By.cssSelector: .btn.btn-success.btn-sm' in '10' second(s)

2021-11-23 09:49:55 - [MESSAGE][PASSED] - Object 'Object Repository/Yukle/YuklemeyiBaslat' is clickable

2021-11-23 09:49:55 - [TEST_STEP][PASSED] - click(findTestObject("Object Repository/Yukle/YuklemeyiBaslat")): Object: 'Object Repository/Yukle/YuklemeyiBaslat' is clicked on

2021-11-23 09:49:55 - [MESSAGE][INFO] - Finding Test Object 'Object Repository/Yukle/YuklemeyiBaslat'

2021-11-23 09:49:55 - [MESSAGE][INFO] - Checking object

2021-11-23 09:49:55 - [MESSAGE][INFO] - Finding web element from Test Object's properties

2021-11-23 09:49:55 - [MESSAGE][INFO] - Checking timeout

2021-11-23 09:49:55 - [MESSAGE][INFO] - Finding web element with id: 'Object Repository/Yukle/YuklemeyiBaslat' located by 'By.cssSelector: .btn.btn-success.btn-sm' in '30' second(s)

2021-11-23 09:49:55 - [MESSAGE][INFO] - Smart Wait Function is triggered

2021-11-23 09:49:55 - [MESSAGE][INFO] - Found 1 web elements with id: 'Object Repository/Yukle/YuklemeyiBaslat' located by 'By.cssSelector: .btn.btn-success.btn-sm' in '30' second(s)

2021-11-23 09:49:55 - [MESSAGE][INFO] - Clicking on object: 'Object Repository/Yukle/YuklemeyiBaslat'

2021-11-23 09:49:55 - [MESSAGE][PASSED] - Object: 'Object Repository/Yukle/YuklemeyiBaslat' is clicked on

2021-11-23 09:49:55 - [TEST_STEP][PASSED] - delay(3): Delayed 3 second(s)

2021-11-23 09:49:55 - [MESSAGE][INFO] - Delaying browser in 3 second(s)

2021-11-23 09:49:58 - [MESSAGE][PASSED] - Delayed 3 second(s)

2021-11-23 09:49:58 - [MESSAGE][PASSED] - Call Test Case 'Test Cases/Yukle/DosyaYukleme' successfully

2021-11-23 09:49:58 - [MESSAGE][INFO] - Checking called Test Case

2021-11-23 09:49:58 - [MESSAGE][INFO] - Starting to call Test Case 'Test Cases/Popup/PopupMesajiIceriyorMu'

2021-11-23 09:49:58 - [TEST_CASE][PASSED] - Test Cases/Popup/PopupMesajiIceriyorMu: Test Cases/Popup/PopupMesajiIceriyorMu

2021-11-23 09:49:58 - [TEST_STEP][PASSED] - waitForElementVisible(findTestObject("Popup/Popup"), 10): Object 'Object Repository/Popup/Popup' is visible

2021-11-23 09:49:58 - [MESSAGE][INFO] - Finding Test Object 'Object Repository/Popup/Popup'

2021-11-23 09:49:59 - [MESSAGE][INFO] - Checking object

2021-11-23 09:49:59 - [MESSAGE][INFO] - Checking timeout

2021-11-23 09:49:59 - [MESSAGE][INFO] - Finding web element from Test Object's properties

2021-11-23 09:49:59 - [MESSAGE][INFO] - Checking timeout

2021-11-23 09:49:59 - [MESSAGE][INFO] - Finding web element with id: 'Object Repository/Popup/Popup' located by 'By.cssSelector: .bootbox-body' in '10' second(s)

2021-11-23 09:49:59 - [MESSAGE][INFO] - Smart Wait Function is triggered

2021-11-23 09:49:59 - [MESSAGE][INFO] - Found 1 web elements with id: 'Object Repository/Popup/Popup' located by 'By.cssSelector: .bootbox-body' in '10' second(s)

2021-11-23 09:49:59 - [MESSAGE][PASSED] - Object 'Object Repository/Popup/Popup' is visible

2021-11-23 09:49:59 - [TEST_STEP][PASSED] - if (!(getText(findTestObject("Popup/Popup")).contains(Mesaj))): Text of object 'Object Repository/Popup/Popup' is: 'Her aya ait yevmiye defteri - yevmiye defteri beratı - onaylı yevmiye defteri beratı – defter-i kebir dosyası - defter-i kebir beratı - onaylı defter-i kebir beratı dosyalarının saklanması zorunludur.

Devam etmek istiyor musunuz?'

2021-11-23 09:49:59 - [MESSAGE][INFO] - Finding Test Object 'Object Repository/Popup/Popup'

2021-11-23 09:49:59 - [MESSAGE][INFO] - Checking object

2021-11-23 09:49:59 - [MESSAGE][INFO] - Finding web element from Test Object's properties

2021-11-23 09:49:59 - [MESSAGE][INFO] - Checking timeout

2021-11-23 09:49:59 - [MESSAGE][INFO] - Finding web element with id: 'Object Repository/Popup/Popup' located by 'By.cssSelector: .bootbox-body' in '30' second(s)

2021-11-23 09:49:59 - [MESSAGE][INFO] - Smart Wait Function is triggered

2021-11-23 09:49:59 - [MESSAGE][INFO] - Found 1 web elements with id: 'Object Repository/Popup/Popup' located by 'By.cssSelector: .bootbox-body' in '30' second(s)

2021-11-23 09:49:59 - [MESSAGE][INFO] - Getting text of object 'Object Repository/Popup/Popup'

2021-11-23 09:49:59 - [MESSAGE][PASSED] - Text of object 'Object Repository/Popup/Popup' is: 'Her aya ait yevmiye defteri - yevmiye defteri beratı - onaylı yevmiye defteri beratı – defter-i kebir dosyası - defter-i kebir beratı - onaylı defter-i kebir beratı dosyalarının saklanması zorunludur.

Devam etmek istiyor musunuz?'

2021-11-23 09:49:59 - [TEST_STEP][PASSED] - RaporNo = getText(findTestObject("Popup/Popup")).substring(0, 6): Text of object 'Object Repository/Popup/Popup' is: 'Her aya ait yevmiye defteri - yevmiye defteri beratı - onaylı yevmiye defteri beratı – defter-i kebir dosyası - defter-i kebir beratı - onaylı defter-i kebir beratı dosyalarının saklanması zorunludur.

Devam etmek istiyor musunuz?'

2021-11-23 09:49:59 - [MESSAGE][INFO] - Finding Test Object 'Object Repository/Popup/Popup'

2021-11-23 09:49:59 - [MESSAGE][INFO] - Checking object

2021-11-23 09:49:59 - [MESSAGE][INFO] - Finding web element from Test Object's properties

2021-11-23 09:49:59 - [MESSAGE][INFO] - Checking timeout

2021-11-23 09:49:59 - [MESSAGE][INFO] - Finding web element with id: 'Object Repository/Popup/Popup' located by 'By.cssSelector: .bootbox-body' in '30' second(s)

2021-11-23 09:49:59 - [MESSAGE][INFO] - Smart Wait Function is triggered

2021-11-23 09:50:00 - [MESSAGE][INFO] - Found 1 web elements with id: 'Object Repository/Popup/Popup' located by 'By.cssSelector: .bootbox-body' in '30' second(s)

2021-11-23 09:50:00 - [MESSAGE][INFO] - Getting text of object 'Object Repository/Popup/Popup'

2021-11-23 09:50:00 - [MESSAGE][PASSED] - Text of object 'Object Repository/Popup/Popup' is: 'Her aya ait yevmiye defteri - yevmiye defteri beratı - onaylı yevmiye defteri beratı – defter-i kebir dosyası - defter-i kebir beratı - onaylı defter-i kebir beratı dosyalarının saklanması zorunludur.

Devam etmek istiyor musunuz?'

2021-11-23 09:50:00 - [TEST_STEP][PASSED] - Console.println(RaporNo): null

2021-11-23 09:50:00 - [MESSAGE][PASSED] - Call Test Case 'Test Cases/Popup/PopupMesajiIceriyorMu' successfully

2021-11-23 09:50:00 - [MESSAGE][INFO] - Checking called Test Case

2021-11-23 09:50:00 - [MESSAGE][INFO] - Starting to call Test Case 'Test Cases/Popup/PopupButonSecilir'

2021-11-23 09:50:00 - [TEST_CASE][PASSED] - Test Cases/Popup/PopupButonSecilir: Test Cases/Popup/PopupButonSecilir

2021-11-23 09:50:00 - [TEST_STEP][PASSED] - Method.TextDegerineEsitElementeTikla(findTestObject("Popup/Popup_Butons"), Buton): Method.TextDegerineEsitElementeTikla is PASSED

2021-11-23 09:50:00 - [MESSAGE][INFO] - Finding Test Object 'Object Repository/Popup/Popup_Butons'

2021-11-23 09:50:00 - [MESSAGE][INFO] - Checking timeout

2021-11-23 09:50:00 - [MESSAGE][INFO] - Finding web element with id: 'Object Repository/Popup/Popup_Butons' located by 'By.cssSelector: .modal-footer>button' in '10' second(s)

2021-11-23 09:50:00 - [MESSAGE][INFO] - Smart Wait Function is triggered

2021-11-23 09:50:00 - [MESSAGE][INFO] - Found 2 web elements with id: 'Object Repository/Popup/Popup_Butons' located by 'By.cssSelector: .modal-footer>button' in '10' second(s)

2021-11-23 09:50:00 - [MESSAGE][PASSED] - Method.TextDegerineEsitElementeTikla is PASSED

2021-11-23 09:50:00 - [MESSAGE][PASSED] - Call Test Case 'Test Cases/Popup/PopupButonSecilir' successfully

2021-11-23 09:50:00 - [MESSAGE][INFO] - Checking called Test Case

2021-11-23 09:50:00 - [MESSAGE][INFO] - Starting to call Test Case 'Test Cases/Yukle/YuklemeEkranindanCikilir'

2021-11-23 09:50:00 - [TEST_CASE][PASSED] - Test Cases/Yukle/YuklemeEkranindanCikilir: Test Cases/Yukle/YuklemeEkranindanCikilir

2021-11-23 09:50:01 - [TEST_STEP][PASSED] - waitForElementClickable(findTestObject("Yukle/Cikis"), 10): Object 'Object Repository/Yukle/Cikis' is clickable

2021-11-23 09:50:01 - [MESSAGE][INFO] - Finding Test Object 'Object Repository/Yukle/Cikis'

2021-11-23 09:50:01 - [MESSAGE][INFO] - Checking object

2021-11-23 09:50:01 - [MESSAGE][INFO] - Checking timeout

2021-11-23 09:50:01 - [MESSAGE][INFO] - Finding web element from Test Object's properties

2021-11-23 09:50:01 - [MESSAGE][INFO] - Checking timeout

2021-11-23 09:50:01 - [MESSAGE][INFO] - Finding web element with id: 'Object Repository/Yukle/Cikis' located by 'By.xpath: //*[@id = 'closeButton']' in '10' second(s)

2021-11-23 09:50:01 - [MESSAGE][INFO] - Smart Wait Function is triggered

2021-11-23 09:50:01 - [MESSAGE][INFO] - Found 1 web elements with id: 'Object Repository/Yukle/Cikis' located by 'By.xpath: //*[@id = 'closeButton']' in '10' second(s)

2021-11-23 09:50:01 - [MESSAGE][PASSED] - Object 'Object Repository/Yukle/Cikis' is clickable

2021-11-23 09:50:01 - [TEST_STEP][PASSED] - click(findTestObject("Yukle/Cikis")): Object: 'Object Repository/Yukle/Cikis' is clicked on

2021-11-23 09:50:01 - [MESSAGE][INFO] - Finding Test Object 'Object Repository/Yukle/Cikis'

2021-11-23 09:50:01 - [MESSAGE][INFO] - Checking object

2021-11-23 09:50:01 - [MESSAGE][INFO] - Finding web element from Test Object's properties

2021-11-23 09:50:01 - [MESSAGE][INFO] - Checking timeout

2021-11-23 09:50:01 - [MESSAGE][INFO] - Finding web element with id: 'Object Repository/Yukle/Cikis' located by 'By.xpath: //*[@id = 'closeButton']' in '30' second(s)

2021-11-23 09:50:01 - [MESSAGE][INFO] - Smart Wait Function is triggered

2021-11-23 09:50:02 - [MESSAGE][INFO] - Found 1 web elements with id: 'Object Repository/Yukle/Cikis' located by 'By.xpath: //*[@id = 'closeButton']' in '30' second(s)

2021-11-23 09:50:02 - [MESSAGE][INFO] - Clicking on object: 'Object Repository/Yukle/Cikis'

2021-11-23 09:50:02 - [MESSAGE][PASSED] - Object: 'Object Repository/Yukle/Cikis' is clicked on

2021-11-23 09:50:02 - [MESSAGE][PASSED] - Call Test Case 'Test Cases/Yukle/YuklemeEkranindanCikilir' successfully

2021-11-23 09:50:02 - [MESSAGE][INFO] - Checking called Test Case

2021-11-23 09:50:02 - [MESSAGE][INFO] - Starting to call Test Case 'Test Cases/Kullanici_Islemleri/KullaniciIslemlerindenSecimYapilir'

2021-11-23 09:50:02 - [TEST_CASE][PASSED] - Test Cases/Kullanici_Islemleri/KullaniciIslemlerindenSecimYapilir: Test Cases/Kullanici_Islemleri/KullaniciIslemlerindenSecimYapilir

2021-11-23 09:50:02 - [TEST_STEP][PASSED] - waitForElementClickable(findTestObject("Object Repository/Kullanici_Islemleri/KullaniciIslemleri"), 10): Object 'Object Repository/Kullanici_Islemleri/KullaniciIslemleri' is clickable

2021-11-23 09:50:02 - [MESSAGE][INFO] - Finding Test Object 'Object Repository/Kullanici_Islemleri/KullaniciIslemleri'

2021-11-23 09:50:02 - [MESSAGE][INFO] - Checking object

2021-11-23 09:50:02 - [MESSAGE][INFO] - Checking timeout

2021-11-23 09:50:02 - [MESSAGE][INFO] - Finding web element from Test Object's properties

2021-11-23 09:50:02 - [MESSAGE][INFO] - Checking timeout

2021-11-23 09:50:02 - [MESSAGE][INFO] - Finding web element with id: 'Object Repository/Kullanici_Islemleri/KullaniciIslemleri' located by 'By.cssSelector: .dropdown>a>img' in '10' second(s)

2021-11-23 09:50:02 - [MESSAGE][INFO] - Smart Wait Function is triggered

2021-11-23 09:50:03 - [MESSAGE][INFO] - Found 1 web elements with id: 'Object Repository/Kullanici_Islemleri/KullaniciIslemleri' located by 'By.cssSelector: .dropdown>a>img' in '10' second(s)

2021-11-23 09:50:03 - [MESSAGE][PASSED] - Object 'Object Repository/Kullanici_Islemleri/KullaniciIslemleri' is clickable

2021-11-23 09:50:03 - [TEST_STEP][PASSED] - click(findTestObject("Object Repository/Kullanici_Islemleri/KullaniciIslemleri")): Object: 'Object Repository/Kullanici_Islemleri/KullaniciIslemleri' is clicked on

2021-11-23 09:50:03 - [MESSAGE][INFO] - Finding Test Object 'Object Repository/Kullanici_Islemleri/KullaniciIslemleri'

2021-11-23 09:50:03 - [MESSAGE][INFO] - Checking object

2021-11-23 09:50:03 - [MESSAGE][INFO] - Finding web element from Test Object's properties

2021-11-23 09:50:03 - [MESSAGE][INFO] - Checking timeout

2021-11-23 09:50:03 - [MESSAGE][INFO] - Finding web element with id: 'Object Repository/Kullanici_Islemleri/KullaniciIslemleri' located by 'By.cssSelector: .dropdown>a>img' in '30' second(s)

2021-11-23 09:50:03 - [MESSAGE][INFO] - Smart Wait Function is triggered

2021-11-23 09:50:03 - [MESSAGE][INFO] - Found 1 web elements with id: 'Object Repository/Kullanici_Islemleri/KullaniciIslemleri' located by 'By.cssSelector: .dropdown>a>img' in '30' second(s)

2021-11-23 09:50:03 - [MESSAGE][INFO] - Clicking on object: 'Object Repository/Kullanici_Islemleri/KullaniciIslemleri'

2021-11-23 09:50:03 - [MESSAGE][PASSED] - Object: 'Object Repository/Kullanici_Islemleri/KullaniciIslemleri' is clicked on

2021-11-23 09:50:03 - [TEST_STEP][PASSED] - Method.TextDegerineEsitElementeTikla(findTestObject("Object Repository/Kullanici_Islemleri/Secenekler"), Islem): Method.TextDegerineEsitElementeTikla is PASSED

2021-11-23 09:50:03 - [MESSAGE][INFO] - Finding Test Object 'Object Repository/Kullanici_Islemleri/Secenekler'

2021-11-23 09:50:03 - [MESSAGE][INFO] - Checking timeout

2021-11-23 09:50:03 - [MESSAGE][INFO] - Finding web element with id: 'Object Repository/Kullanici_Islemleri/Secenekler' located by 'By.cssSelector: .nav.navbar-nav.navbar-right li a' in '10' second(s)

2021-11-23 09:50:03 - [MESSAGE][INFO] - Smart Wait Function is triggered

2021-11-23 09:50:04 - [MESSAGE][INFO] - Found 22 web elements with id: 'Object Repository/Kullanici_Islemleri/Secenekler' located by 'By.cssSelector: .nav.navbar-nav.navbar-right li a' in '10' second(s)

2021-11-23 09:50:05 - [MESSAGE][PASSED] - Method.TextDegerineEsitElementeTikla is PASSED

2021-11-23 09:50:05 - [TEST_STEP][PASSED] - verifyElementNotPresent(findTestObject("Object Repository/Kullanici_Islemleri/Secenekler"), 10): Web element with id: 'Object Repository/Kullanici_Islemleri/Secenekler' located by 'By.cssSelector: .nav.navbar-nav.navbar-right li a' is not present after '10' second(s)

2021-11-23 09:50:05 - [MESSAGE][INFO] - Finding Test Object 'Object Repository/Kullanici_Islemleri/Secenekler'

2021-11-23 09:50:05 - [MESSAGE][INFO] - Checking object

2021-11-23 09:50:05 - [MESSAGE][INFO] - Checking timeout

2021-11-23 09:50:05 - [MESSAGE][INFO] - Finding web element with id: 'Object Repository/Kullanici_Islemleri/Secenekler' located by 'By.cssSelector: .nav.navbar-nav.navbar-right li a' in '10' second(s)

2021-11-23 09:50:05 - [MESSAGE][INFO] - Smart Wait Function is triggered

2021-11-23 09:50:06 - [MESSAGE][PASSED] - Web element with id: 'Object Repository/Kullanici_Islemleri/Secenekler' located by 'By.cssSelector: .nav.navbar-nav.navbar-right li a' is not present after '10' second(s)

2021-11-23 09:50:06 - [MESSAGE][PASSED] - Call Test Case 'Test Cases/Kullanici_Islemleri/KullaniciIslemlerindenSecimYapilir' successfully

2021-11-23 09:50:06 - [TEST_CASE][PASSED] - Start Test Case : SCENARIO e-Defter Saklama Yukle: SCENARIO e-Defter Saklama Yukle

2021-11-23 09:50:06 - [TEST_STEP][PASSED] - Kullanıcı adı ELOGO6 ve Şifre 123456 olarak giriş yapılır: Kullanıcı adı ELOGO6 ve Şifre 123456 olarak giriş yapılır

2021-11-23 09:50:06 - [MESSAGE][PASSED] - Kullanıcı adı ELOGO6 ve Şifre 123456 olarak giriş yapılır

2021-11-23 09:50:06 - [TEST_STEP][PASSED] - Ana menüden e-Saklama seçilir: Ana menüden e-Saklama seçilir

2021-11-23 09:50:06 - [MESSAGE][PASSED] - Ana menüden e-Saklama seçilir

2021-11-23 09:50:06 - [TEST_STEP][PASSED] - Alt menü e-Defter başlığı altındaki e-Defter Saklama seçilir: Alt menü e-Defter başlığı altındaki e-Defter Saklama seçilir

2021-11-23 09:50:06 - [MESSAGE][PASSED] - Alt menü e-Defter başlığı altındaki e-Defter Saklama seçilir

2021-11-23 09:50:06 - [TEST_STEP][PASSED] - Filtre butonlarından Listele seçilir: Filtre butonlarından Listele seçilir

2021-11-23 09:50:06 - [MESSAGE][PASSED] - Filtre butonlarından Listele seçilir

2021-11-23 09:50:06 - [TEST_STEP][PASSED] - Butonlardan Yükle isimli butona tıklanır: Butonlardan Yükle isimli butona tıklanır

2021-11-23 09:50:06 - [MESSAGE][PASSED] - Butonlardan Yükle isimli butona tıklanır

2021-11-23 09:50:06 - [TEST_STEP][PASSED] - Dosya Yükleme alanına C:\otomasyonupfiles\e-Saklama\e-Defter\1234567806-202103-YB-000001.zip dizinindeki dosya yüklenir: Dosya Yükleme alanına C:\otomasyonupfiles\e-Saklama\e-Defter\1234567806-202103-YB-000001.zip dizinindeki dosya yüklenir

2021-11-23 09:50:06 - [MESSAGE][PASSED] - Dosya Yükleme alanına C:\otomasyonupfiles\e-Saklama\e-Defter\1234567806-202103-YB-000001.zip dizinindeki dosya yüklenir

2021-11-23 09:50:06 - [TEST_STEP][PASSED] - Popup mesajı Devam etmek istiyor musunuz? içeriyor mu: Popup mesajı Devam etmek istiyor musunuz? içeriyor mu

2021-11-23 09:50:06 - [MESSAGE][PASSED] - Popup mesajı Devam etmek istiyor musunuz? içeriyor mu

2021-11-23 09:50:06 - [TEST_STEP][PASSED] - Yönetim popupında Onayla seçilir: Yönetim popupında Onayla seçilir

2021-11-23 09:50:06 - [MESSAGE][PASSED] - Yönetim popupında Onayla seçilir

2021-11-23 09:50:06 - [TEST_STEP][PASSED] - Yükleme ekranından çıkılır: Yükleme ekranından çıkılır

2021-11-23 09:50:06 - [MESSAGE][PASSED] - Yükleme ekranından çıkılır

2021-11-23 09:50:06 - [TEST_STEP][PASSED] - Kullanıcı işlemlerinden Çıkış seçilir: Kullanıcı işlemlerinden Çıkış seçilir

2021-11-23 09:50:06 - [MESSAGE][PASSED] - Kullanıcı işlemlerinden Çıkış seçilir

2021-11-23 09:50:06 - [MESSAGE][PASSED] - Feature file: 'Include/features/e-Saklama/e-Defter/e-Defter Saklama/Yukle.feature' was passed

2021-11-23 09:50:06 - [TEST_STEP][PASSED] - Start listener action : sampleAfterTestSuite: Invoke 'com.kms.katalon.core.annotation.AfterTestCase' method: 'Listener.sampleAfterTestSuite(...)' completed.

2021-11-23 09:50:06 - [MESSAGE][INFO] - Starting invoke 'com.kms.katalon.core.annotation.AfterTestCase' method: 'Listener.sampleAfterTestSuite(...)'

2021-11-23 09:50:06 - [TEST_STEP][PASSED] - closeBrowser(): Invoke 'com.kms.katalon.core.annotation.AfterTestCase' method: 'Listener.sampleAfterTestSuite(...)' completed.

2021-11-23 09:50:06 - [MESSAGE][INFO] - Closing browser

2021-11-23 09:50:06 - [MESSAGE][PASSED] - Browser is closed

2021-11-23 09:50:06 - [MESSAGE][INFO] - Invoke 'com.kms.katalon.core.annotation.AfterTestCase' method: 'Listener.sampleAfterTestSuite(...)' completed.]]></system-out>
         <system-err><![CDATA[]]></system-err>
      </testcase>
      <testcase name="Test Cases/Case Repository/e-Saklama/e-Defter/e-Defter Saklama/Sil" time="39.101" classname="Test Cases/Case Repository/e-Saklama/e-Defter/e-Defter Saklama/Sil" status="PASSED">
         <system-out><![CDATA[2021-11-23 09:50:06 - [TEST_CASE][PASSED] - Test Cases/Case Repository/e-Saklama/e-Defter/e-Defter Saklama/Sil: Test Cases/Case Repository/e-Saklama/e-Defter/e-Defter Saklama/Sil

2021-11-23 09:50:06 - [TEST_STEP][PASSED] - Start listener action : sampleBeforeTestSuite: Invoke 'com.kms.katalon.core.annotation.BeforeTestCase' method: 'Listener.sampleBeforeTestSuite(...)' completed.

2021-11-23 09:50:06 - [MESSAGE][INFO] - Starting invoke 'com.kms.katalon.core.annotation.BeforeTestCase' method: 'Listener.sampleBeforeTestSuite(...)'

2021-11-23 09:50:06 - [TEST_STEP][PASSED] - openBrowser(baseUrl): Browser is opened with url: 'https://efatura-stage.elogo.com.tr/'

2021-11-23 09:50:06 - [MESSAGE][INFO] - Opening browser

2021-11-23 09:50:06 - [MESSAGE][INFO] - Starting 'Chrome' driver

2021-11-23 09:50:06 - [MESSAGE][INFO] - User set preference: ['prefs', '{download.default_directory=C:\otomasyondownfiles}']

2021-11-23 09:50:06 - [MESSAGE][INFO] - Action delay is set to 0 milliseconds

2021-11-23 09:50:09 - [MESSAGE][INFO] - Navigating browser to: 'https://efatura-stage.elogo.com.tr/'

2021-11-23 09:50:11 - [MESSAGE][PASSED] - Browser is opened with url: 'https://efatura-stage.elogo.com.tr/'

2021-11-23 09:50:11 - [TEST_STEP][PASSED] - maximizeWindow(): Invoke 'com.kms.katalon.core.annotation.BeforeTestCase' method: 'Listener.sampleBeforeTestSuite(...)' completed.

2021-11-23 09:50:11 - [MESSAGE][INFO] - Maximizing current window

2021-11-23 09:50:11 - [MESSAGE][PASSED] - Current window maximized

2021-11-23 09:50:11 - [MESSAGE][INFO] - Invoke 'com.kms.katalon.core.annotation.BeforeTestCase' method: 'Listener.sampleBeforeTestSuite(...)' completed.

2021-11-23 09:50:12 - [TEST_STEP][PASSED] - runFeatureFile("Include/features/e-Saklama/e-Defter/e-Defter Saklama/Sil.feature"): Feature file: 'Include/features/e-Saklama/e-Defter/e-Defter Saklama/Sil.feature' was passed

2021-11-23 09:50:12 - [MESSAGE][INFO] - Starting run keyword runFeatureFile: 'Include/features/e-Saklama/e-Defter/e-Defter Saklama/Sil.feature' and extract report to folder: 'C:\Users\DELL\Documents\GitHub\EES_KatalonLogo\Reports\20211123_091110\Suite Repository\e-Saklama\20211123_091205/cucumber_report/1637650212526'...

2021-11-23 09:50:12 - [MESSAGE][INFO] - Glue: []

2021-11-23 09:50:15 - [MESSAGE][INFO] - Checking called Test Case

2021-11-23 09:50:15 - [MESSAGE][INFO] - Starting to call Test Case 'Test Cases/Sayfalar/Giris_Sayfasi/Login'

2021-11-23 09:50:15 - [TEST_CASE][PASSED] - Test Cases/Sayfalar/Giris_Sayfasi/Login: Test Cases/Sayfalar/Giris_Sayfasi/Login

2021-11-23 09:50:15 - [TEST_STEP][PASSED] - Sayfa_Basligi = getWindowTitle(): Current window's title is: 'LOGO e-Fatura'

2021-11-23 09:50:15 - [MESSAGE][INFO] - Getting current window's title

2021-11-23 09:50:15 - [MESSAGE][PASSED] - Current window's title is: 'LOGO e-Fatura'

2021-11-23 09:50:15 - [TEST_STEP][PASSED] - verifyMatch(Sayfa_Basligi, "LOGO e-Fatura", false): Actual text 'LOGO e-Fatura' and expected text 'LOGO e-Fatura' are matched 

2021-11-23 09:50:15 - [MESSAGE][INFO] - Matching actual text 'LOGO e-Fatura' with expected text 'LOGO e-Fatura'

2021-11-23 09:50:15 - [MESSAGE][PASSED] - Actual text 'LOGO e-Fatura' and expected text 'LOGO e-Fatura' are matched 

2021-11-23 09:50:15 - [TEST_STEP][PASSED] - sendKeys(findTestObject("Sayfalar/Giris_Sayfasi/Firma_Kodu"), KullaniciAdi): Keys 'ELOGO6' sent to object: 'Object Repository/Sayfalar/Giris_Sayfasi/Firma_Kodu'

2021-11-23 09:50:15 - [MESSAGE][INFO] - Finding Test Object 'Object Repository/Sayfalar/Giris_Sayfasi/Firma_Kodu'

2021-11-23 09:50:15 - [MESSAGE][INFO] - Sending keys 'ELOGO6' to object: 'Object Repository/Sayfalar/Giris_Sayfasi/Firma_Kodu'

2021-11-23 09:50:15 - [MESSAGE][INFO] - Finding web element from Test Object's properties

2021-11-23 09:50:15 - [MESSAGE][INFO] - Checking timeout

2021-11-23 09:50:15 - [MESSAGE][INFO] - Finding web element with id: 'Object Repository/Sayfalar/Giris_Sayfasi/Firma_Kodu' located by 'By.xpath: //*[@id = 'AccountName']' in '30' second(s)

2021-11-23 09:50:15 - [MESSAGE][INFO] - Smart Wait Function is triggered

2021-11-23 09:50:16 - [MESSAGE][INFO] - Found 1 web elements with id: 'Object Repository/Sayfalar/Giris_Sayfasi/Firma_Kodu' located by 'By.xpath: //*[@id = 'AccountName']' in '30' second(s)

2021-11-23 09:50:16 - [MESSAGE][PASSED] - Keys 'ELOGO6' sent to object: 'Object Repository/Sayfalar/Giris_Sayfasi/Firma_Kodu'

2021-11-23 09:50:16 - [TEST_STEP][PASSED] - sendKeys(findTestObject("Sayfalar/Giris_Sayfasi/Sifre"), Sifre): Keys '123456' sent to object: 'Object Repository/Sayfalar/Giris_Sayfasi/Sifre'

2021-11-23 09:50:16 - [MESSAGE][INFO] - Finding Test Object 'Object Repository/Sayfalar/Giris_Sayfasi/Sifre'

2021-11-23 09:50:16 - [MESSAGE][INFO] - Sending keys '123456' to object: 'Object Repository/Sayfalar/Giris_Sayfasi/Sifre'

2021-11-23 09:50:16 - [MESSAGE][INFO] - Finding web element from Test Object's properties

2021-11-23 09:50:16 - [MESSAGE][INFO] - Checking timeout

2021-11-23 09:50:16 - [MESSAGE][INFO] - Finding web element with id: 'Object Repository/Sayfalar/Giris_Sayfasi/Sifre' located by 'By.xpath: //*[@id = 'Password']' in '30' second(s)

2021-11-23 09:50:16 - [MESSAGE][INFO] - Smart Wait Function is triggered

2021-11-23 09:50:17 - [MESSAGE][INFO] - Found 1 web elements with id: 'Object Repository/Sayfalar/Giris_Sayfasi/Sifre' located by 'By.xpath: //*[@id = 'Password']' in '30' second(s)

2021-11-23 09:50:17 - [MESSAGE][PASSED] - Keys '123456' sent to object: 'Object Repository/Sayfalar/Giris_Sayfasi/Sifre'

2021-11-23 09:50:17 - [TEST_STEP][PASSED] - findWebElement(findTestObject("Sayfalar/Giris_Sayfasi/Giris_Butonu")).click(): Found 1 web elements with id: 'Object Repository/Sayfalar/Giris_Sayfasi/Giris_Butonu' located by 'By.cssSelector: #btnLogin' in '30' second(s)

2021-11-23 09:50:17 - [MESSAGE][INFO] - Finding Test Object 'Object Repository/Sayfalar/Giris_Sayfasi/Giris_Butonu'

2021-11-23 09:50:17 - [MESSAGE][INFO] - Finding web element from Test Object's properties

2021-11-23 09:50:17 - [MESSAGE][INFO] - Checking timeout

2021-11-23 09:50:17 - [MESSAGE][INFO] - Finding web element with id: 'Object Repository/Sayfalar/Giris_Sayfasi/Giris_Butonu' located by 'By.cssSelector: #btnLogin' in '30' second(s)

2021-11-23 09:50:17 - [MESSAGE][INFO] - Smart Wait Function is triggered

2021-11-23 09:50:18 - [MESSAGE][INFO] - Found 1 web elements with id: 'Object Repository/Sayfalar/Giris_Sayfasi/Giris_Butonu' located by 'By.cssSelector: #btnLogin' in '30' second(s)

2021-11-23 09:50:20 - [TEST_STEP][PASSED] - if (verifyElementPresent(findTestObject("Object Repository/Sayfalar/Giris_Sayfasi/RetveTamam_Butonu"), 5, OPTIONAL)): null

2021-11-23 09:50:20 - [MESSAGE][INFO] - Finding Test Object 'Object Repository/Sayfalar/Giris_Sayfasi/RetveTamam_Butonu'

2021-11-23 09:50:20 - [MESSAGE][INFO] - Checking object

2021-11-23 09:50:20 - [MESSAGE][INFO] - Finding web element from Test Object's properties

2021-11-23 09:50:20 - [MESSAGE][INFO] - Checking timeout

2021-11-23 09:50:20 - [MESSAGE][INFO] - Finding web element with id: 'Object Repository/Sayfalar/Giris_Sayfasi/RetveTamam_Butonu' located by 'By.xpath: //*[@class = 'btn btn-default']' in '5' second(s)

2021-11-23 09:50:20 - [MESSAGE][INFO] - Smart Wait Function is triggered

2021-11-23 09:50:21 - [MESSAGE][INFO] - Found 1 web elements with id: 'Object Repository/Sayfalar/Giris_Sayfasi/RetveTamam_Butonu' located by 'By.xpath: //*[@class = 'btn btn-default']' in '5' second(s)

2021-11-23 09:50:21 - [MESSAGE][PASSED] - Object 'Object Repository/Sayfalar/Giris_Sayfasi/RetveTamam_Butonu' is present

2021-11-23 09:50:21 - [TEST_STEP][PASSED] - click(findTestObject("Object Repository/Sayfalar/Giris_Sayfasi/RetveTamam_Butonu")): Object: 'Object Repository/Sayfalar/Giris_Sayfasi/RetveTamam_Butonu' is clicked on

2021-11-23 09:50:21 - [MESSAGE][INFO] - Finding Test Object 'Object Repository/Sayfalar/Giris_Sayfasi/RetveTamam_Butonu'

2021-11-23 09:50:21 - [MESSAGE][INFO] - Checking object

2021-11-23 09:50:21 - [MESSAGE][INFO] - Finding web element from Test Object's properties

2021-11-23 09:50:21 - [MESSAGE][INFO] - Checking timeout

2021-11-23 09:50:21 - [MESSAGE][INFO] - Finding web element with id: 'Object Repository/Sayfalar/Giris_Sayfasi/RetveTamam_Butonu' located by 'By.xpath: //*[@class = 'btn btn-default']' in '30' second(s)

2021-11-23 09:50:21 - [MESSAGE][INFO] - Smart Wait Function is triggered

2021-11-23 09:50:21 - [MESSAGE][INFO] - Found 1 web elements with id: 'Object Repository/Sayfalar/Giris_Sayfasi/RetveTamam_Butonu' located by 'By.xpath: //*[@class = 'btn btn-default']' in '30' second(s)

2021-11-23 09:50:21 - [MESSAGE][INFO] - Clicking on object: 'Object Repository/Sayfalar/Giris_Sayfasi/RetveTamam_Butonu'

2021-11-23 09:50:21 - [MESSAGE][PASSED] - Object: 'Object Repository/Sayfalar/Giris_Sayfasi/RetveTamam_Butonu' is clicked on

2021-11-23 09:50:21 - [TEST_STEP][PASSED] - click(findTestObject("Object Repository/Sayfalar/Giris_Sayfasi/RetveTamam_Butonu")): Object: 'Object Repository/Sayfalar/Giris_Sayfasi/RetveTamam_Butonu' is clicked on

2021-11-23 09:50:21 - [MESSAGE][INFO] - Finding Test Object 'Object Repository/Sayfalar/Giris_Sayfasi/RetveTamam_Butonu'

2021-11-23 09:50:21 - [MESSAGE][INFO] - Checking object

2021-11-23 09:50:21 - [MESSAGE][INFO] - Finding web element from Test Object's properties

2021-11-23 09:50:21 - [MESSAGE][INFO] - Checking timeout

2021-11-23 09:50:21 - [MESSAGE][INFO] - Finding web element with id: 'Object Repository/Sayfalar/Giris_Sayfasi/RetveTamam_Butonu' located by 'By.xpath: //*[@class = 'btn btn-default']' in '30' second(s)

2021-11-23 09:50:21 - [MESSAGE][INFO] - Smart Wait Function is triggered

2021-11-23 09:50:25 - [MESSAGE][INFO] - Found 1 web elements with id: 'Object Repository/Sayfalar/Giris_Sayfasi/RetveTamam_Butonu' located by 'By.xpath: //*[@class = 'btn btn-default']' in '30' second(s)

2021-11-23 09:50:25 - [MESSAGE][INFO] - Clicking on object: 'Object Repository/Sayfalar/Giris_Sayfasi/RetveTamam_Butonu'

2021-11-23 09:50:26 - [MESSAGE][PASSED] - Object: 'Object Repository/Sayfalar/Giris_Sayfasi/RetveTamam_Butonu' is clicked on

2021-11-23 09:50:26 - [TEST_STEP][PASSED] - if (verifyElementPresent(findTestObject("Sayfalar/Giris_Sayfasi/PopupOK"), 5, OPTIONAL)): null

2021-11-23 09:50:26 - [MESSAGE][INFO] - Finding Test Object 'Object Repository/Sayfalar/Giris_Sayfasi/PopupOK'

2021-11-23 09:50:26 - [MESSAGE][INFO] - Checking object

2021-11-23 09:50:26 - [MESSAGE][INFO] - Finding web element from Test Object's properties

2021-11-23 09:50:26 - [MESSAGE][INFO] - Checking timeout

2021-11-23 09:50:26 - [MESSAGE][INFO] - Finding web element with id: 'Object Repository/Sayfalar/Giris_Sayfasi/PopupOK' located by 'By.cssSelector: .btn.btn-success' in '5' second(s)

2021-11-23 09:50:26 - [MESSAGE][INFO] - Smart Wait Function is triggered

2021-11-23 09:50:26 - [MESSAGE][INFO] - Found 1 web elements with id: 'Object Repository/Sayfalar/Giris_Sayfasi/PopupOK' located by 'By.cssSelector: .btn.btn-success' in '5' second(s)

2021-11-23 09:50:26 - [MESSAGE][PASSED] - Object 'Object Repository/Sayfalar/Giris_Sayfasi/PopupOK' is present

2021-11-23 09:50:26 - [TEST_STEP][PASSED] - click(findTestObject("Object Repository/Sayfalar/Giris_Sayfasi/PopupCarpiGiris")): Object: 'Object Repository/Sayfalar/Giris_Sayfasi/PopupCarpiGiris' is clicked on

2021-11-23 09:50:26 - [MESSAGE][INFO] - Finding Test Object 'Object Repository/Sayfalar/Giris_Sayfasi/PopupCarpiGiris'

2021-11-23 09:50:26 - [MESSAGE][INFO] - Checking object

2021-11-23 09:50:26 - [MESSAGE][INFO] - Finding web element from Test Object's properties

2021-11-23 09:50:26 - [MESSAGE][INFO] - Checking timeout

2021-11-23 09:50:26 - [MESSAGE][INFO] - Finding web element with id: 'Object Repository/Sayfalar/Giris_Sayfasi/PopupCarpiGiris' located by 'By.cssSelector: .bootbox-close-button.close' in '30' second(s)

2021-11-23 09:50:26 - [MESSAGE][INFO] - Smart Wait Function is triggered

2021-11-23 09:50:27 - [MESSAGE][INFO] - Found 1 web elements with id: 'Object Repository/Sayfalar/Giris_Sayfasi/PopupCarpiGiris' located by 'By.cssSelector: .bootbox-close-button.close' in '30' second(s)

2021-11-23 09:50:27 - [MESSAGE][INFO] - Clicking on object: 'Object Repository/Sayfalar/Giris_Sayfasi/PopupCarpiGiris'

2021-11-23 09:50:27 - [MESSAGE][PASSED] - Object: 'Object Repository/Sayfalar/Giris_Sayfasi/PopupCarpiGiris' is clicked on

2021-11-23 09:50:27 - [TEST_STEP][PASSED] - verifyElementVisible(findTestObject("Object Repository/Kullanici_Islemleri/KullaniciIslemleri")): Object 'Object Repository/Kullanici_Islemleri/KullaniciIslemleri' is visible

2021-11-23 09:50:27 - [MESSAGE][INFO] - Finding Test Object 'Object Repository/Kullanici_Islemleri/KullaniciIslemleri'

2021-11-23 09:50:27 - [MESSAGE][INFO] - Checking object

2021-11-23 09:50:27 - [MESSAGE][INFO] - Finding web element from Test Object's properties

2021-11-23 09:50:27 - [MESSAGE][INFO] - Checking timeout

2021-11-23 09:50:27 - [MESSAGE][INFO] - Finding web element with id: 'Object Repository/Kullanici_Islemleri/KullaniciIslemleri' located by 'By.cssSelector: .dropdown>a>img' in '30' second(s)

2021-11-23 09:50:27 - [MESSAGE][INFO] - Smart Wait Function is triggered

2021-11-23 09:50:28 - [MESSAGE][INFO] - Found 1 web elements with id: 'Object Repository/Kullanici_Islemleri/KullaniciIslemleri' located by 'By.cssSelector: .dropdown>a>img' in '30' second(s)

2021-11-23 09:50:28 - [MESSAGE][PASSED] - Object 'Object Repository/Kullanici_Islemleri/KullaniciIslemleri' is visible

2021-11-23 09:50:28 - [MESSAGE][PASSED] - Call Test Case 'Test Cases/Sayfalar/Giris_Sayfasi/Login' successfully

2021-11-23 09:50:28 - [MESSAGE][INFO] - Checking called Test Case

2021-11-23 09:50:28 - [MESSAGE][INFO] - Starting to call Test Case 'Test Cases/Menu/AnaMenuSecimi'

2021-11-23 09:50:28 - [TEST_CASE][PASSED] - Test Cases/Menu/AnaMenuSecimi: Test Cases/Menu/AnaMenuSecimi

2021-11-23 09:50:28 - [TEST_STEP][PASSED] - Method.TextDegerineEsitElementeTikla(findTestObject("Menu/Ana_Menu"), Ana_Menu): Method.TextDegerineEsitElementeTikla is PASSED

2021-11-23 09:50:28 - [MESSAGE][INFO] - Finding Test Object 'Object Repository/Menu/Ana_Menu'

2021-11-23 09:50:28 - [MESSAGE][INFO] - Checking timeout

2021-11-23 09:50:28 - [MESSAGE][INFO] - Finding web element with id: 'Object Repository/Menu/Ana_Menu' located by 'By.xpath: //*[@class = 'dropdown-toggle']' in '10' second(s)

2021-11-23 09:50:28 - [MESSAGE][INFO] - Smart Wait Function is triggered

2021-11-23 09:50:28 - [MESSAGE][INFO] - Found 14 web elements with id: 'Object Repository/Menu/Ana_Menu' located by 'By.xpath: //*[@class = 'dropdown-toggle']' in '10' second(s)

2021-11-23 09:50:29 - [MESSAGE][PASSED] - Method.TextDegerineEsitElementeTikla is PASSED

2021-11-23 09:50:29 - [MESSAGE][PASSED] - Call Test Case 'Test Cases/Menu/AnaMenuSecimi' successfully

2021-11-23 09:50:29 - [MESSAGE][INFO] - Checking called Test Case

2021-11-23 09:50:29 - [MESSAGE][INFO] - Starting to call Test Case 'Test Cases/Menu/BasligaGoreAltMenuSecimi'

2021-11-23 09:50:29 - [TEST_CASE][PASSED] - Test Cases/Menu/BasligaGoreAltMenuSecimi: Test Cases/Menu/BasligaGoreAltMenuSecimi

2021-11-23 09:50:29 - [TEST_STEP][PASSED] - Method.TextDegerineEsitElementinAltindakiTextDegerineEsitOlanaTikla(findTestObject("Menu/Menu_Basligi"), findTestObject("Menu/Basliga_Gore_Alt_Menu"), Baslik, Alt_Menu): Method.TextDegerineEsitElementinAltindakiTextDegerineEsitOlanaTikla is PASSED

2021-11-23 09:50:29 - [MESSAGE][INFO] - Finding Test Object 'Object Repository/Menu/Menu_Basligi'

2021-11-23 09:50:29 - [MESSAGE][INFO] - Finding Test Object 'Object Repository/Menu/Basliga_Gore_Alt_Menu'

2021-11-23 09:50:29 - [MESSAGE][INFO] - Checking timeout

2021-11-23 09:50:29 - [MESSAGE][INFO] - Finding web element with id: 'Object Repository/Menu/Menu_Basligi' located by 'By.xpath: //li[@class='dropdown dropdown-large open']//li[@class='dropdown-header']' in '10' second(s)

2021-11-23 09:50:29 - [MESSAGE][INFO] - Smart Wait Function is triggered

2021-11-23 09:50:29 - [MESSAGE][INFO] - Found 2 web elements with id: 'Object Repository/Menu/Menu_Basligi' located by 'By.xpath: //li[@class='dropdown dropdown-large open']//li[@class='dropdown-header']' in '10' second(s)

2021-11-23 09:50:29 - [MESSAGE][INFO] - Smart Wait Function is triggered

2021-11-23 09:50:31 - [MESSAGE][PASSED] - Method.TextDegerineEsitElementinAltindakiTextDegerineEsitOlanaTikla is PASSED

2021-11-23 09:50:31 - [MESSAGE][PASSED] - Call Test Case 'Test Cases/Menu/BasligaGoreAltMenuSecimi' successfully

2021-11-23 09:50:31 - [MESSAGE][INFO] - Checking called Test Case

2021-11-23 09:50:31 - [MESSAGE][INFO] - Starting to call Test Case 'Test Cases/Filtreler/ButonaTikla'

2021-11-23 09:50:31 - [TEST_CASE][PASSED] - Test Cases/Filtreler/ButonaTikla: Test Cases/Filtreler/ButonaTikla

2021-11-23 09:50:31 - [TEST_STEP][PASSED] - Method.TextDegerineEsitElementeTikla(findTestObject("Filtreler/Butonlar"), Filtre_Buton): Method.TextDegerineEsitElementeTikla is PASSED

2021-11-23 09:50:31 - [MESSAGE][INFO] - Finding Test Object 'Object Repository/Filtreler/Butonlar'

2021-11-23 09:50:31 - [MESSAGE][INFO] - Checking timeout

2021-11-23 09:50:31 - [MESSAGE][INFO] - Finding web element with id: 'Object Repository/Filtreler/Butonlar' located by 'By.cssSelector: .dxb>span' in '10' second(s)

2021-11-23 09:50:31 - [MESSAGE][INFO] - Smart Wait Function is triggered

2021-11-23 09:50:32 - [MESSAGE][INFO] - Found 1 web elements with id: 'Object Repository/Filtreler/Butonlar' located by 'By.cssSelector: .dxb>span' in '10' second(s)

2021-11-23 09:50:32 - [MESSAGE][PASSED] - Method.TextDegerineEsitElementeTikla is PASSED

2021-11-23 09:50:32 - [MESSAGE][PASSED] - Call Test Case 'Test Cases/Filtreler/ButonaTikla' successfully

2021-11-23 09:50:32 - [MESSAGE][INFO] - Checking called Test Case

2021-11-23 09:50:32 - [MESSAGE][INFO] - Starting to call Test Case 'Test Cases/Tablo/KlasorAcilir'

2021-11-23 09:50:32 - [TEST_CASE][PASSED] - Test Cases/Tablo/KlasorAcilir: Test Cases/Tablo/KlasorAcilir

2021-11-23 09:50:32 - [TEST_STEP][PASSED] - Method.TextDegerineEsitElementinAltindakineTikla(findTestObject("Object Repository/Tablo/Klasorler"), findTestObject("Object Repository/Tablo/KlasorAc"), Klasor): Method.TextDegerineEsitElementinAltindakineTikla is PASSED

2021-11-23 09:50:32 - [MESSAGE][INFO] - Finding Test Object 'Object Repository/Tablo/Klasorler'

2021-11-23 09:50:32 - [MESSAGE][INFO] - Finding Test Object 'Object Repository/Tablo/KlasorAc'

2021-11-23 09:50:33 - [MESSAGE][INFO] - Checking timeout

2021-11-23 09:50:33 - [MESSAGE][INFO] - Finding web element with id: 'Object Repository/Tablo/Klasorler' located by 'By.cssSelector: .dxtl.dxtl__B0' in '10' second(s)

2021-11-23 09:50:33 - [MESSAGE][INFO] - Smart Wait Function is triggered

2021-11-23 09:50:33 - [MESSAGE][INFO] - Found 6 web elements with id: 'Object Repository/Tablo/Klasorler' located by 'By.cssSelector: .dxtl.dxtl__B0' in '10' second(s)

2021-11-23 09:50:33 - [MESSAGE][INFO] - Smart Wait Function is triggered

2021-11-23 09:50:33 - [MESSAGE][PASSED] - Method.TextDegerineEsitElementinAltindakineTikla is PASSED

2021-11-23 09:50:33 - [MESSAGE][PASSED] - Call Test Case 'Test Cases/Tablo/KlasorAcilir' successfully

2021-11-23 09:50:33 - [MESSAGE][INFO] - Checking called Test Case

2021-11-23 09:50:33 - [MESSAGE][INFO] - Starting to call Test Case 'Test Cases/Tablo/KlasorAcilir'

2021-11-23 09:50:33 - [TEST_CASE][PASSED] - Test Cases/Tablo/KlasorAcilir: Test Cases/Tablo/KlasorAcilir

2021-11-23 09:50:33 - [TEST_STEP][PASSED] - Method.TextDegerineEsitElementinAltindakineTikla(findTestObject("Object Repository/Tablo/Klasorler"), findTestObject("Object Repository/Tablo/KlasorAc"), Klasor): Method.TextDegerineEsitElementinAltindakineTikla is PASSED

2021-11-23 09:50:33 - [MESSAGE][INFO] - Finding Test Object 'Object Repository/Tablo/Klasorler'

2021-11-23 09:50:33 - [MESSAGE][INFO] - Finding Test Object 'Object Repository/Tablo/KlasorAc'

2021-11-23 09:50:33 - [MESSAGE][INFO] - Checking timeout

2021-11-23 09:50:33 - [MESSAGE][INFO] - Finding web element with id: 'Object Repository/Tablo/Klasorler' located by 'By.cssSelector: .dxtl.dxtl__B0' in '10' second(s)

2021-11-23 09:50:33 - [MESSAGE][INFO] - Smart Wait Function is triggered

2021-11-23 09:50:34 - [MESSAGE][INFO] - Found 12 web elements with id: 'Object Repository/Tablo/Klasorler' located by 'By.cssSelector: .dxtl.dxtl__B0' in '10' second(s)

2021-11-23 09:50:34 - [MESSAGE][INFO] - Smart Wait Function is triggered

2021-11-23 09:50:34 - [MESSAGE][PASSED] - Method.TextDegerineEsitElementinAltindakineTikla is PASSED

2021-11-23 09:50:34 - [MESSAGE][PASSED] - Call Test Case 'Test Cases/Tablo/KlasorAcilir' successfully

2021-11-23 09:50:34 - [MESSAGE][INFO] - Checking called Test Case

2021-11-23 09:50:34 - [MESSAGE][INFO] - Starting to call Test Case 'Test Cases/Tablo/KlasorAcilir'

2021-11-23 09:50:34 - [TEST_CASE][PASSED] - Test Cases/Tablo/KlasorAcilir: Test Cases/Tablo/KlasorAcilir

2021-11-23 09:50:34 - [TEST_STEP][PASSED] - Method.TextDegerineEsitElementinAltindakineTikla(findTestObject("Object Repository/Tablo/Klasorler"), findTestObject("Object Repository/Tablo/KlasorAc"), Klasor): Method.TextDegerineEsitElementinAltindakineTikla is PASSED

2021-11-23 09:50:34 - [MESSAGE][INFO] - Finding Test Object 'Object Repository/Tablo/Klasorler'

2021-11-23 09:50:34 - [MESSAGE][INFO] - Finding Test Object 'Object Repository/Tablo/KlasorAc'

2021-11-23 09:50:34 - [MESSAGE][INFO] - Checking timeout

2021-11-23 09:50:34 - [MESSAGE][INFO] - Finding web element with id: 'Object Repository/Tablo/Klasorler' located by 'By.cssSelector: .dxtl.dxtl__B0' in '10' second(s)

2021-11-23 09:50:34 - [MESSAGE][INFO] - Smart Wait Function is triggered

2021-11-23 09:50:35 - [MESSAGE][INFO] - Found 18 web elements with id: 'Object Repository/Tablo/Klasorler' located by 'By.cssSelector: .dxtl.dxtl__B0' in '10' second(s)

2021-11-23 09:50:35 - [MESSAGE][INFO] - Smart Wait Function is triggered

2021-11-23 09:50:35 - [MESSAGE][PASSED] - Method.TextDegerineEsitElementinAltindakineTikla is PASSED

2021-11-23 09:50:35 - [MESSAGE][PASSED] - Call Test Case 'Test Cases/Tablo/KlasorAcilir' successfully

2021-11-23 09:50:35 - [MESSAGE][INFO] - Checking called Test Case

2021-11-23 09:50:35 - [MESSAGE][INFO] - Starting to call Test Case 'Test Cases/Tablo/KlasorAcilir'

2021-11-23 09:50:35 - [TEST_CASE][PASSED] - Test Cases/Tablo/KlasorAcilir: Test Cases/Tablo/KlasorAcilir

2021-11-23 09:50:35 - [TEST_STEP][PASSED] - Method.TextDegerineEsitElementinAltindakineTikla(findTestObject("Object Repository/Tablo/Klasorler"), findTestObject("Object Repository/Tablo/KlasorAc"), Klasor): Method.TextDegerineEsitElementinAltindakineTikla is PASSED

2021-11-23 09:50:35 - [MESSAGE][INFO] - Finding Test Object 'Object Repository/Tablo/Klasorler'

2021-11-23 09:50:35 - [MESSAGE][INFO] - Finding Test Object 'Object Repository/Tablo/KlasorAc'

2021-11-23 09:50:35 - [MESSAGE][INFO] - Checking timeout

2021-11-23 09:50:35 - [MESSAGE][INFO] - Finding web element with id: 'Object Repository/Tablo/Klasorler' located by 'By.cssSelector: .dxtl.dxtl__B0' in '10' second(s)

2021-11-23 09:50:35 - [MESSAGE][INFO] - Smart Wait Function is triggered

2021-11-23 09:50:36 - [MESSAGE][INFO] - Found 24 web elements with id: 'Object Repository/Tablo/Klasorler' located by 'By.cssSelector: .dxtl.dxtl__B0' in '10' second(s)

2021-11-23 09:50:36 - [MESSAGE][INFO] - Smart Wait Function is triggered

2021-11-23 09:50:36 - [MESSAGE][PASSED] - Method.TextDegerineEsitElementinAltindakineTikla is PASSED

2021-11-23 09:50:36 - [MESSAGE][PASSED] - Call Test Case 'Test Cases/Tablo/KlasorAcilir' successfully

2021-11-23 09:50:36 - [MESSAGE][INFO] - Checking called Test Case

2021-11-23 09:50:36 - [MESSAGE][INFO] - Starting to call Test Case 'Test Cases/Tablo/KlasorSecilir'

2021-11-23 09:50:36 - [TEST_CASE][PASSED] - Test Cases/Tablo/KlasorSecilir: Test Cases/Tablo/KlasorSecilir

2021-11-23 09:50:36 - [TEST_STEP][PASSED] - Method.KlasorSec(findTestObject("Tablo/Klasorler"), findTestObject("Tablo/KlasorSec"), Klasor): Method.KlasorSec is PASSED

2021-11-23 09:50:36 - [MESSAGE][INFO] - Finding Test Object 'Object Repository/Tablo/Klasorler'

2021-11-23 09:50:36 - [MESSAGE][INFO] - Finding Test Object 'Object Repository/Tablo/KlasorSec'

2021-11-23 09:50:36 - [MESSAGE][INFO] - Checking timeout

2021-11-23 09:50:36 - [MESSAGE][INFO] - Finding web element with id: 'Object Repository/Tablo/Klasorler' located by 'By.cssSelector: .dxtl.dxtl__B0' in '10' second(s)

2021-11-23 09:50:36 - [MESSAGE][INFO] - Smart Wait Function is triggered

2021-11-23 09:50:37 - [MESSAGE][INFO] - Found 30 web elements with id: 'Object Repository/Tablo/Klasorler' located by 'By.cssSelector: .dxtl.dxtl__B0' in '10' second(s)

2021-11-23 09:50:37 - [MESSAGE][INFO] - Smart Wait Function is triggered

2021-11-23 09:50:37 - [MESSAGE][INFO] - Smart Wait Function is triggered

2021-11-23 09:50:38 - [MESSAGE][PASSED] - Method.KlasorSec is PASSED

2021-11-23 09:50:38 - [MESSAGE][PASSED] - Call Test Case 'Test Cases/Tablo/KlasorSecilir' successfully

2021-11-23 09:50:38 - [MESSAGE][INFO] - Checking called Test Case

2021-11-23 09:50:38 - [MESSAGE][INFO] - Starting to call Test Case 'Test Cases/Butonlar/ButonaTikla'

2021-11-23 09:50:38 - [TEST_CASE][PASSED] - Test Cases/Butonlar/ButonaTikla: Test Cases/Butonlar/ButonaTikla

2021-11-23 09:50:38 - [TEST_STEP][PASSED] - Method.TextDegerineEsitElementeTiklaEquals(findTestObject("Butonlar/Butonlar"), Buton_Adi): Method.TextDegerineEsitElementeTiklaEquals is PASSED

2021-11-23 09:50:38 - [MESSAGE][INFO] - Finding Test Object 'Object Repository/Butonlar/Butonlar'

2021-11-23 09:50:38 - [MESSAGE][INFO] - Checking timeout

2021-11-23 09:50:38 - [MESSAGE][INFO] - Finding web element with id: 'Object Repository/Butonlar/Butonlar' located by 'By.cssSelector: .panel.panel-default.text-center.footerPanel .btn,.btn.btn-primary.btnControls' in '10' second(s)

2021-11-23 09:50:38 - [MESSAGE][INFO] - Smart Wait Function is triggered

2021-11-23 09:50:38 - [MESSAGE][INFO] - Found 8 web elements with id: 'Object Repository/Butonlar/Butonlar' located by 'By.cssSelector: .panel.panel-default.text-center.footerPanel .btn,.btn.btn-primary.btnControls' in '10' second(s)

2021-11-23 09:50:38 - [MESSAGE][PASSED] - Method.TextDegerineEsitElementeTiklaEquals is PASSED

2021-11-23 09:50:38 - [MESSAGE][PASSED] - Call Test Case 'Test Cases/Butonlar/ButonaTikla' successfully

2021-11-23 09:50:38 - [MESSAGE][INFO] - Checking called Test Case

2021-11-23 09:50:38 - [MESSAGE][INFO] - Starting to call Test Case 'Test Cases/Popup/PopupMesajiIceriyorMu'

2021-11-23 09:50:39 - [TEST_CASE][PASSED] - Test Cases/Popup/PopupMesajiIceriyorMu: Test Cases/Popup/PopupMesajiIceriyorMu

2021-11-23 09:50:39 - [TEST_STEP][PASSED] - waitForElementVisible(findTestObject("Popup/Popup"), 10): Object 'Object Repository/Popup/Popup' is visible

2021-11-23 09:50:39 - [MESSAGE][INFO] - Finding Test Object 'Object Repository/Popup/Popup'

2021-11-23 09:50:39 - [MESSAGE][INFO] - Checking object

2021-11-23 09:50:39 - [MESSAGE][INFO] - Checking timeout

2021-11-23 09:50:39 - [MESSAGE][INFO] - Finding web element from Test Object's properties

2021-11-23 09:50:39 - [MESSAGE][INFO] - Checking timeout

2021-11-23 09:50:39 - [MESSAGE][INFO] - Finding web element with id: 'Object Repository/Popup/Popup' located by 'By.cssSelector: .bootbox-body' in '10' second(s)

2021-11-23 09:50:39 - [MESSAGE][INFO] - Smart Wait Function is triggered

2021-11-23 09:50:39 - [MESSAGE][INFO] - Found 1 web elements with id: 'Object Repository/Popup/Popup' located by 'By.cssSelector: .bootbox-body' in '10' second(s)

2021-11-23 09:50:39 - [MESSAGE][PASSED] - Object 'Object Repository/Popup/Popup' is visible

2021-11-23 09:50:39 - [TEST_STEP][PASSED] - if (!(getText(findTestObject("Popup/Popup")).contains(Mesaj))): Text of object 'Object Repository/Popup/Popup' is: 'Seçili e-Defter dosyaları silinecektir!

1234567806-202103-YB-000001.zip (Bu dosya için hesabınıza kontör yüklenmeyecektir.)

Devam etmek istiyor musunuz?'

2021-11-23 09:50:39 - [MESSAGE][INFO] - Finding Test Object 'Object Repository/Popup/Popup'

2021-11-23 09:50:40 - [MESSAGE][INFO] - Checking object

2021-11-23 09:50:40 - [MESSAGE][INFO] - Finding web element from Test Object's properties

2021-11-23 09:50:40 - [MESSAGE][INFO] - Checking timeout

2021-11-23 09:50:40 - [MESSAGE][INFO] - Finding web element with id: 'Object Repository/Popup/Popup' located by 'By.cssSelector: .bootbox-body' in '30' second(s)

2021-11-23 09:50:40 - [MESSAGE][INFO] - Smart Wait Function is triggered

2021-11-23 09:50:40 - [MESSAGE][INFO] - Found 1 web elements with id: 'Object Repository/Popup/Popup' located by 'By.cssSelector: .bootbox-body' in '30' second(s)

2021-11-23 09:50:40 - [MESSAGE][INFO] - Getting text of object 'Object Repository/Popup/Popup'

2021-11-23 09:50:40 - [MESSAGE][PASSED] - Text of object 'Object Repository/Popup/Popup' is: 'Seçili e-Defter dosyaları silinecektir!

1234567806-202103-YB-000001.zip (Bu dosya için hesabınıza kontör yüklenmeyecektir.)

Devam etmek istiyor musunuz?'

2021-11-23 09:50:40 - [TEST_STEP][PASSED] - RaporNo = getText(findTestObject("Popup/Popup")).substring(0, 6): Text of object 'Object Repository/Popup/Popup' is: 'Seçili e-Defter dosyaları silinecektir!

1234567806-202103-YB-000001.zip (Bu dosya için hesabınıza kontör yüklenmeyecektir.)

Devam etmek istiyor musunuz?'

2021-11-23 09:50:40 - [MESSAGE][INFO] - Finding Test Object 'Object Repository/Popup/Popup'

2021-11-23 09:50:40 - [MESSAGE][INFO] - Checking object

2021-11-23 09:50:40 - [MESSAGE][INFO] - Finding web element from Test Object's properties

2021-11-23 09:50:40 - [MESSAGE][INFO] - Checking timeout

2021-11-23 09:50:40 - [MESSAGE][INFO] - Finding web element with id: 'Object Repository/Popup/Popup' located by 'By.cssSelector: .bootbox-body' in '30' second(s)

2021-11-23 09:50:40 - [MESSAGE][INFO] - Smart Wait Function is triggered

2021-11-23 09:50:40 - [MESSAGE][INFO] - Found 1 web elements with id: 'Object Repository/Popup/Popup' located by 'By.cssSelector: .bootbox-body' in '30' second(s)

2021-11-23 09:50:40 - [MESSAGE][INFO] - Getting text of object 'Object Repository/Popup/Popup'

2021-11-23 09:50:40 - [MESSAGE][PASSED] - Text of object 'Object Repository/Popup/Popup' is: 'Seçili e-Defter dosyaları silinecektir!

1234567806-202103-YB-000001.zip (Bu dosya için hesabınıza kontör yüklenmeyecektir.)

Devam etmek istiyor musunuz?'

2021-11-23 09:50:40 - [TEST_STEP][PASSED] - Console.println(RaporNo): null

2021-11-23 09:50:40 - [MESSAGE][PASSED] - Call Test Case 'Test Cases/Popup/PopupMesajiIceriyorMu' successfully

2021-11-23 09:50:40 - [MESSAGE][INFO] - Checking called Test Case

2021-11-23 09:50:40 - [MESSAGE][INFO] - Starting to call Test Case 'Test Cases/Popup/PopupButonSecilir'

2021-11-23 09:50:40 - [TEST_CASE][PASSED] - Test Cases/Popup/PopupButonSecilir: Test Cases/Popup/PopupButonSecilir

2021-11-23 09:50:40 - [TEST_STEP][PASSED] - Method.TextDegerineEsitElementeTikla(findTestObject("Popup/Popup_Butons"), Buton): Method.TextDegerineEsitElementeTikla is PASSED

2021-11-23 09:50:40 - [MESSAGE][INFO] - Finding Test Object 'Object Repository/Popup/Popup_Butons'

2021-11-23 09:50:40 - [MESSAGE][INFO] - Checking timeout

2021-11-23 09:50:40 - [MESSAGE][INFO] - Finding web element with id: 'Object Repository/Popup/Popup_Butons' located by 'By.cssSelector: .modal-footer>button' in '10' second(s)

2021-11-23 09:50:40 - [MESSAGE][INFO] - Smart Wait Function is triggered

2021-11-23 09:50:41 - [MESSAGE][INFO] - Found 2 web elements with id: 'Object Repository/Popup/Popup_Butons' located by 'By.cssSelector: .modal-footer>button' in '10' second(s)

2021-11-23 09:50:41 - [MESSAGE][PASSED] - Method.TextDegerineEsitElementeTikla is PASSED

2021-11-23 09:50:41 - [MESSAGE][PASSED] - Call Test Case 'Test Cases/Popup/PopupButonSecilir' successfully

2021-11-23 09:50:41 - [MESSAGE][INFO] - Checking called Test Case

2021-11-23 09:50:41 - [MESSAGE][INFO] - Starting to call Test Case 'Test Cases/Popup/PopupButonSecilir'

2021-11-23 09:50:41 - [TEST_CASE][PASSED] - Test Cases/Popup/PopupButonSecilir: Test Cases/Popup/PopupButonSecilir

2021-11-23 09:50:41 - [TEST_STEP][PASSED] - Method.TextDegerineEsitElementeTikla(findTestObject("Popup/Popup_Butons"), Buton): Method.TextDegerineEsitElementeTikla is PASSED

2021-11-23 09:50:41 - [MESSAGE][INFO] - Finding Test Object 'Object Repository/Popup/Popup_Butons'

2021-11-23 09:50:41 - [MESSAGE][INFO] - Checking timeout

2021-11-23 09:50:41 - [MESSAGE][INFO] - Finding web element with id: 'Object Repository/Popup/Popup_Butons' located by 'By.cssSelector: .modal-footer>button' in '10' second(s)

2021-11-23 09:50:41 - [MESSAGE][INFO] - Smart Wait Function is triggered

2021-11-23 09:50:42 - [MESSAGE][INFO] - Found 1 web elements with id: 'Object Repository/Popup/Popup_Butons' located by 'By.cssSelector: .modal-footer>button' in '10' second(s)

2021-11-23 09:50:42 - [MESSAGE][PASSED] - Method.TextDegerineEsitElementeTikla is PASSED

2021-11-23 09:50:42 - [MESSAGE][PASSED] - Call Test Case 'Test Cases/Popup/PopupButonSecilir' successfully

2021-11-23 09:50:42 - [MESSAGE][INFO] - Checking called Test Case

2021-11-23 09:50:42 - [MESSAGE][INFO] - Starting to call Test Case 'Test Cases/Kullanici_Islemleri/KullaniciIslemlerindenSecimYapilir'

2021-11-23 09:50:42 - [TEST_CASE][PASSED] - Test Cases/Kullanici_Islemleri/KullaniciIslemlerindenSecimYapilir: Test Cases/Kullanici_Islemleri/KullaniciIslemlerindenSecimYapilir

2021-11-23 09:50:42 - [TEST_STEP][PASSED] - waitForElementClickable(findTestObject("Object Repository/Kullanici_Islemleri/KullaniciIslemleri"), 10): Object 'Object Repository/Kullanici_Islemleri/KullaniciIslemleri' is clickable

2021-11-23 09:50:42 - [MESSAGE][INFO] - Finding Test Object 'Object Repository/Kullanici_Islemleri/KullaniciIslemleri'

2021-11-23 09:50:42 - [MESSAGE][INFO] - Checking object

2021-11-23 09:50:42 - [MESSAGE][INFO] - Checking timeout

2021-11-23 09:50:42 - [MESSAGE][INFO] - Finding web element from Test Object's properties

2021-11-23 09:50:42 - [MESSAGE][INFO] - Checking timeout

2021-11-23 09:50:42 - [MESSAGE][INFO] - Finding web element with id: 'Object Repository/Kullanici_Islemleri/KullaniciIslemleri' located by 'By.cssSelector: .dropdown>a>img' in '10' second(s)

2021-11-23 09:50:42 - [MESSAGE][INFO] - Smart Wait Function is triggered

2021-11-23 09:50:42 - [MESSAGE][INFO] - Found 1 web elements with id: 'Object Repository/Kullanici_Islemleri/KullaniciIslemleri' located by 'By.cssSelector: .dropdown>a>img' in '10' second(s)

2021-11-23 09:50:42 - [MESSAGE][PASSED] - Object 'Object Repository/Kullanici_Islemleri/KullaniciIslemleri' is clickable

2021-11-23 09:50:42 - [TEST_STEP][PASSED] - click(findTestObject("Object Repository/Kullanici_Islemleri/KullaniciIslemleri")): Object: 'Object Repository/Kullanici_Islemleri/KullaniciIslemleri' is clicked on

2021-11-23 09:50:42 - [MESSAGE][INFO] - Finding Test Object 'Object Repository/Kullanici_Islemleri/KullaniciIslemleri'

2021-11-23 09:50:42 - [MESSAGE][INFO] - Checking object

2021-11-23 09:50:42 - [MESSAGE][INFO] - Finding web element from Test Object's properties

2021-11-23 09:50:42 - [MESSAGE][INFO] - Checking timeout

2021-11-23 09:50:42 - [MESSAGE][INFO] - Finding web element with id: 'Object Repository/Kullanici_Islemleri/KullaniciIslemleri' located by 'By.cssSelector: .dropdown>a>img' in '30' second(s)

2021-11-23 09:50:42 - [MESSAGE][INFO] - Smart Wait Function is triggered

2021-11-23 09:50:43 - [MESSAGE][INFO] - Found 1 web elements with id: 'Object Repository/Kullanici_Islemleri/KullaniciIslemleri' located by 'By.cssSelector: .dropdown>a>img' in '30' second(s)

2021-11-23 09:50:43 - [MESSAGE][INFO] - Clicking on object: 'Object Repository/Kullanici_Islemleri/KullaniciIslemleri'

2021-11-23 09:50:43 - [MESSAGE][PASSED] - Object: 'Object Repository/Kullanici_Islemleri/KullaniciIslemleri' is clicked on

2021-11-23 09:50:43 - [TEST_STEP][PASSED] - Method.TextDegerineEsitElementeTikla(findTestObject("Object Repository/Kullanici_Islemleri/Secenekler"), Islem): Method.TextDegerineEsitElementeTikla is PASSED

2021-11-23 09:50:43 - [MESSAGE][INFO] - Finding Test Object 'Object Repository/Kullanici_Islemleri/Secenekler'

2021-11-23 09:50:43 - [MESSAGE][INFO] - Checking timeout

2021-11-23 09:50:43 - [MESSAGE][INFO] - Finding web element with id: 'Object Repository/Kullanici_Islemleri/Secenekler' located by 'By.cssSelector: .nav.navbar-nav.navbar-right li a' in '10' second(s)

2021-11-23 09:50:43 - [MESSAGE][INFO] - Smart Wait Function is triggered

2021-11-23 09:50:43 - [MESSAGE][INFO] - Found 22 web elements with id: 'Object Repository/Kullanici_Islemleri/Secenekler' located by 'By.cssSelector: .nav.navbar-nav.navbar-right li a' in '10' second(s)

2021-11-23 09:50:44 - [MESSAGE][PASSED] - Method.TextDegerineEsitElementeTikla is PASSED

2021-11-23 09:50:44 - [TEST_STEP][PASSED] - verifyElementNotPresent(findTestObject("Object Repository/Kullanici_Islemleri/Secenekler"), 10): Web element with id: 'Object Repository/Kullanici_Islemleri/Secenekler' located by 'By.cssSelector: .nav.navbar-nav.navbar-right li a' is not present after '10' second(s)

2021-11-23 09:50:44 - [MESSAGE][INFO] - Finding Test Object 'Object Repository/Kullanici_Islemleri/Secenekler'

2021-11-23 09:50:44 - [MESSAGE][INFO] - Checking object

2021-11-23 09:50:44 - [MESSAGE][INFO] - Checking timeout

2021-11-23 09:50:44 - [MESSAGE][INFO] - Finding web element with id: 'Object Repository/Kullanici_Islemleri/Secenekler' located by 'By.cssSelector: .nav.navbar-nav.navbar-right li a' in '10' second(s)

2021-11-23 09:50:44 - [MESSAGE][INFO] - Smart Wait Function is triggered

2021-11-23 09:50:45 - [MESSAGE][PASSED] - Web element with id: 'Object Repository/Kullanici_Islemleri/Secenekler' located by 'By.cssSelector: .nav.navbar-nav.navbar-right li a' is not present after '10' second(s)

2021-11-23 09:50:45 - [MESSAGE][PASSED] - Call Test Case 'Test Cases/Kullanici_Islemleri/KullaniciIslemlerindenSecimYapilir' successfully

2021-11-23 09:50:45 - [TEST_CASE][PASSED] - Start Test Case : SCENARIO e-Defter Saklama Goster: SCENARIO e-Defter Saklama Goster

2021-11-23 09:50:45 - [TEST_STEP][PASSED] - Kullanıcı adı ELOGO6 ve Şifre 123456 olarak giriş yapılır: Kullanıcı adı ELOGO6 ve Şifre 123456 olarak giriş yapılır

2021-11-23 09:50:45 - [MESSAGE][PASSED] - Kullanıcı adı ELOGO6 ve Şifre 123456 olarak giriş yapılır

2021-11-23 09:50:45 - [TEST_STEP][PASSED] - Ana menüden e-Saklama seçilir: Ana menüden e-Saklama seçilir

2021-11-23 09:50:45 - [MESSAGE][PASSED] - Ana menüden e-Saklama seçilir

2021-11-23 09:50:45 - [TEST_STEP][PASSED] - Alt menü e-Defter başlığı altındaki e-Defter Saklama seçilir: Alt menü e-Defter başlığı altındaki e-Defter Saklama seçilir

2021-11-23 09:50:45 - [MESSAGE][PASSED] - Alt menü e-Defter başlığı altındaki e-Defter Saklama seçilir

2021-11-23 09:50:45 - [TEST_STEP][PASSED] - Filtre butonlarından Listele seçilir: Filtre butonlarından Listele seçilir

2021-11-23 09:50:45 - [MESSAGE][PASSED] - Filtre butonlarından Listele seçilir

2021-11-23 09:50:45 - [TEST_STEP][PASSED] - 2021 adlı klasör açılır: 2021 adlı klasör açılır

2021-11-23 09:50:45 - [MESSAGE][PASSED] - 2021 adlı klasör açılır

2021-11-23 09:50:45 - [TEST_STEP][PASSED] - Mart 2021 adlı klasör açılır: Mart 2021 adlı klasör açılır

2021-11-23 09:50:45 - [MESSAGE][PASSED] - Mart 2021 adlı klasör açılır

2021-11-23 09:50:45 - [TEST_STEP][PASSED] - Yevmiye Dosyaları adlı klasör açılır: Yevmiye Dosyaları adlı klasör açılır

2021-11-23 09:50:45 - [MESSAGE][PASSED] - Yevmiye Dosyaları adlı klasör açılır

2021-11-23 09:50:45 - [TEST_STEP][PASSED] - Berat Dosyaları adlı klasör açılır: Berat Dosyaları adlı klasör açılır

2021-11-23 09:50:45 - [MESSAGE][PASSED] - Berat Dosyaları adlı klasör açılır

2021-11-23 09:50:45 - [TEST_STEP][PASSED] - 1234567806-202103-YB-000001.zip adlı klasör seçilir: 1234567806-202103-YB-000001.zip adlı klasör seçilir

2021-11-23 09:50:45 - [MESSAGE][PASSED] - 1234567806-202103-YB-000001.zip adlı klasör seçilir

2021-11-23 09:50:45 - [TEST_STEP][PASSED] - Butonlardan Sil isimli butona tıklanır: Butonlardan Sil isimli butona tıklanır

2021-11-23 09:50:45 - [MESSAGE][PASSED] - Butonlardan Sil isimli butona tıklanır

2021-11-23 09:50:45 - [TEST_STEP][PASSED] - Popup mesajı Seçili e-Defter dosyaları silinecektir içeriyor mu: Popup mesajı Seçili e-Defter dosyaları silinecektir içeriyor mu

2021-11-23 09:50:45 - [MESSAGE][PASSED] - Popup mesajı Seçili e-Defter dosyaları silinecektir içeriyor mu

2021-11-23 09:50:45 - [TEST_STEP][PASSED] - Yönetim popupında Evet seçilir: Yönetim popupında Evet seçilir

2021-11-23 09:50:45 - [MESSAGE][PASSED] - Yönetim popupında Evet seçilir

2021-11-23 09:50:45 - [TEST_STEP][PASSED] - Yönetim popupında Tamam seçilir: Yönetim popupında Tamam seçilir

2021-11-23 09:50:45 - [MESSAGE][PASSED] - Yönetim popupında Tamam seçilir

2021-11-23 09:50:45 - [TEST_STEP][PASSED] - Kullanıcı işlemlerinden Çıkış seçilir: Kullanıcı işlemlerinden Çıkış seçilir

2021-11-23 09:50:45 - [MESSAGE][PASSED] - Kullanıcı işlemlerinden Çıkış seçilir

2021-11-23 09:50:45 - [MESSAGE][PASSED] - Feature file: 'Include/features/e-Saklama/e-Defter/e-Defter Saklama/Sil.feature' was passed

2021-11-23 09:50:45 - [TEST_STEP][PASSED] - Start listener action : sampleAfterTestSuite: Invoke 'com.kms.katalon.core.annotation.AfterTestCase' method: 'Listener.sampleAfterTestSuite(...)' completed.

2021-11-23 09:50:45 - [MESSAGE][INFO] - Starting invoke 'com.kms.katalon.core.annotation.AfterTestCase' method: 'Listener.sampleAfterTestSuite(...)'

2021-11-23 09:50:45 - [TEST_STEP][PASSED] - closeBrowser(): Invoke 'com.kms.katalon.core.annotation.AfterTestCase' method: 'Listener.sampleAfterTestSuite(...)' completed.

2021-11-23 09:50:45 - [MESSAGE][INFO] - Closing browser

2021-11-23 09:50:45 - [MESSAGE][PASSED] - Browser is closed

2021-11-23 09:50:45 - [MESSAGE][INFO] - Invoke 'com.kms.katalon.core.annotation.AfterTestCase' method: 'Listener.sampleAfterTestSuite(...)' completed.]]></system-out>
         <system-err><![CDATA[]]></system-err>
      </testcase>
      <system-out><![CDATA[2021-11-23 09:46:56 - [TEST_SUITE][PASSED] - e-Saklama: Test Cases/Case Repository/e-Saklama/e-Defter/e-Defter Saklama/Sil]]></system-out>
      <system-err><![CDATA[]]></system-err>
   </testsuite>
</testsuites>
