<?xml version="1.0" encoding="UTF-8"?>
<testsuites name="Regresyon-eArsiv-eMakbuz" time="2372.957" tests="20" failures="0" errors="0">
   <testsuite name="Regresyon-eArsiv-eMakbuz" tests="20" failures="0" errors="0" time="2372.957" skipped="0" timestamp="2021-11-23 16:34:58" hostname="DELL - DESKTOP-QBVMTUG" id="">
      <properties>
         <property name="deviceName" value=""/>
         <property name="devicePlatform" value=""/>
         <property name="logFolder" value="C:\\Users\\DELL\\Documents\\GitHub\\EES_KatalonLogo\\Reports\\20211123_163326\\Suite Repository\\Regresyon-eArsiv-eMakbuz\\20211123_163404"/>
         <property name="logFiles" value="C:\\Users\\DELL\\Documents\\GitHub\\EES_KatalonLogo\\Reports\\20211123_163326\\Suite Repository\\Regresyon-eArsiv-eMakbuz\\20211123_163404\\execution0.log, C:\\Users\\DELL\\Documents\\GitHub\\EES_KatalonLogo\\Reports\\20211123_163326\\Suite Repository\\Regresyon-eArsiv-eMakbuz\\20211123_163404\\execution1.log, C:\\Users\\DELL\\Documents\\GitHub\\EES_KatalonLogo\\Reports\\20211123_163326\\Suite Repository\\Regresyon-eArsiv-eMakbuz\\20211123_163404\\execution2.log"/>
         <property name="attachments" value=""/>
         <property name="hostName" value="DELL - DESKTOP-QBVMTUG"/>
         <property name="os" value="Windows 10 64bit"/>
         <property name="katalonVersion" value="8.0.5.208"/>
         <property name="browser" value="Chrome 96.0.4664.45"/>
         <property name="hostAddress" value="192.168.1.24"/>
         <property name="sessionId" value="b5d72f537e21876d322599695b8ea705"/>
         <property name="seleniumVersion" value="3.141.59"/>
         <property name="proxyInformation" value="ProxyInformation { proxyOption=NO_PROXY, proxyServerType=HTTP, username=, password=********, proxyServerAddress=, proxyServerPort=0, executionList=&quot;&quot;, isApplyToDesiredCapabilities=true }"/>
         <property name="platform" value="Windows 10"/>
      </properties>
      <testcase name="Test Cases/Case Repository/Regresyon/e-Arsiv/VKN-Elektronik-Hal Komisyoncu" time="149.151" classname="Test Cases/Case Repository/Regresyon/e-Arsiv/VKN-Elektronik-Hal Komisyoncu" status="PASSED">
         <system-out><![CDATA[2021-11-23 16:35:00 - [TEST_CASE][PASSED] - Test Cases/Case Repository/Regresyon/e-Arsiv/VKN-Elektronik-Hal Komisyoncu: Test Cases/Case Repository/Regresyon/e-Arsiv/VKN-Elektronik-Hal Komisyoncu

2021-11-23 16:35:00 - [TEST_STEP][PASSED] - Start listener action : sampleBeforeTestSuite: Invoke 'com.kms.katalon.core.annotation.BeforeTestCase' method: 'Listener.sampleBeforeTestSuite(...)' completed.

2021-11-23 16:35:00 - [MESSAGE][INFO] - Starting invoke 'com.kms.katalon.core.annotation.BeforeTestCase' method: 'Listener.sampleBeforeTestSuite(...)'

2021-11-23 16:35:00 - [TEST_STEP][PASSED] - openBrowser(baseUrl): Browser is opened with url: 'https://efatura-stage.elogo.com.tr/'

2021-11-23 16:35:01 - [MESSAGE][INFO] - Opening browser

2021-11-23 16:35:01 - [MESSAGE][INFO] - Starting 'Chrome' driver

2021-11-23 16:35:01 - [MESSAGE][INFO] - User set preference: ['prefs', '{download.default_directory=C:\otomasyondownfiles}']

2021-11-23 16:35:01 - [MESSAGE][INFO] - Action delay is set to 0 milliseconds

2021-11-23 16:35:06 - [MESSAGE][INFO] - Navigating browser to: 'https://efatura-stage.elogo.com.tr/'

2021-11-23 16:35:10 - [MESSAGE][PASSED] - Browser is opened with url: 'https://efatura-stage.elogo.com.tr/'

2021-11-23 16:35:10 - [TEST_STEP][PASSED] - maximizeWindow(): Invoke 'com.kms.katalon.core.annotation.BeforeTestCase' method: 'Listener.sampleBeforeTestSuite(...)' completed.

2021-11-23 16:35:10 - [MESSAGE][INFO] - Maximizing current window

2021-11-23 16:35:10 - [MESSAGE][PASSED] - Current window maximized

2021-11-23 16:35:10 - [MESSAGE][INFO] - Invoke 'com.kms.katalon.core.annotation.BeforeTestCase' method: 'Listener.sampleBeforeTestSuite(...)' completed.

2021-11-23 16:35:11 - [TEST_STEP][PASSED] - runFeatureFile("Include/features/Regresyon/e-Arsiv/VKN-Elektronik-Hal Komisyoncu.feature"): Feature file: 'Include/features/Regresyon/e-Arsiv/VKN-Elektronik-Hal Komisyoncu.feature' was passed

2021-11-23 16:35:11 - [MESSAGE][INFO] - Starting run keyword runFeatureFile: 'Include/features/Regresyon/e-Arsiv/VKN-Elektronik-Hal Komisyoncu.feature' and extract report to folder: 'C:\Users\DELL\Documents\GitHub\EES_KatalonLogo\Reports\20211123_163326\Suite Repository\Regresyon-eArsiv-eMakbuz\20211123_163404/cucumber_report/1637674511582'...

2021-11-23 16:35:11 - [MESSAGE][INFO] - Glue: []

2021-11-23 16:35:16 - [MESSAGE][INFO] - Checking called Test Case

2021-11-23 16:35:16 - [MESSAGE][INFO] - Starting to call Test Case 'Test Cases/Sayfalar/Giris_Sayfasi/Login'

2021-11-23 16:35:16 - [TEST_CASE][PASSED] - Test Cases/Sayfalar/Giris_Sayfasi/Login: Test Cases/Sayfalar/Giris_Sayfasi/Login

2021-11-23 16:35:18 - [TEST_STEP][PASSED] - Sayfa_Basligi = getWindowTitle(): Current window's title is: 'LOGO e-Fatura'

2021-11-23 16:35:18 - [MESSAGE][INFO] - Getting current window's title

2021-11-23 16:35:18 - [MESSAGE][PASSED] - Current window's title is: 'LOGO e-Fatura'

2021-11-23 16:35:18 - [TEST_STEP][PASSED] - verifyMatch(Sayfa_Basligi, "LOGO e-Fatura", false): Actual text 'LOGO e-Fatura' and expected text 'LOGO e-Fatura' are matched 

2021-11-23 16:35:18 - [MESSAGE][INFO] - Matching actual text 'LOGO e-Fatura' with expected text 'LOGO e-Fatura'

2021-11-23 16:35:18 - [MESSAGE][PASSED] - Actual text 'LOGO e-Fatura' and expected text 'LOGO e-Fatura' are matched 

2021-11-23 16:35:18 - [TEST_STEP][PASSED] - sendKeys(findTestObject("Sayfalar/Giris_Sayfasi/Firma_Kodu"), KullaniciAdi): Keys 'HALKOMIS' sent to object: 'Object Repository/Sayfalar/Giris_Sayfasi/Firma_Kodu'

2021-11-23 16:35:18 - [MESSAGE][INFO] - Finding Test Object 'Object Repository/Sayfalar/Giris_Sayfasi/Firma_Kodu'

2021-11-23 16:35:18 - [MESSAGE][INFO] - Sending keys 'HALKOMIS' to object: 'Object Repository/Sayfalar/Giris_Sayfasi/Firma_Kodu'

2021-11-23 16:35:18 - [MESSAGE][INFO] - Finding web element from Test Object's properties

2021-11-23 16:35:18 - [MESSAGE][INFO] - Checking timeout

2021-11-23 16:35:18 - [MESSAGE][INFO] - Finding web element with id: 'Object Repository/Sayfalar/Giris_Sayfasi/Firma_Kodu' located by 'By.xpath: //*[@id = 'AccountName']' in '30' second(s)

2021-11-23 16:35:18 - [MESSAGE][INFO] - Smart Wait Function is triggered

2021-11-23 16:35:19 - [MESSAGE][INFO] - Found 1 web elements with id: 'Object Repository/Sayfalar/Giris_Sayfasi/Firma_Kodu' located by 'By.xpath: //*[@id = 'AccountName']' in '30' second(s)

2021-11-23 16:35:19 - [MESSAGE][PASSED] - Keys 'HALKOMIS' sent to object: 'Object Repository/Sayfalar/Giris_Sayfasi/Firma_Kodu'

2021-11-23 16:35:19 - [TEST_STEP][PASSED] - sendKeys(findTestObject("Sayfalar/Giris_Sayfasi/Sifre"), Sifre): Keys 'test1234' sent to object: 'Object Repository/Sayfalar/Giris_Sayfasi/Sifre'

2021-11-23 16:35:19 - [MESSAGE][INFO] - Finding Test Object 'Object Repository/Sayfalar/Giris_Sayfasi/Sifre'

2021-11-23 16:35:19 - [MESSAGE][INFO] - Sending keys 'test1234' to object: 'Object Repository/Sayfalar/Giris_Sayfasi/Sifre'

2021-11-23 16:35:19 - [MESSAGE][INFO] - Finding web element from Test Object's properties

2021-11-23 16:35:19 - [MESSAGE][INFO] - Checking timeout

2021-11-23 16:35:19 - [MESSAGE][INFO] - Finding web element with id: 'Object Repository/Sayfalar/Giris_Sayfasi/Sifre' located by 'By.xpath: //*[@id = 'Password']' in '30' second(s)

2021-11-23 16:35:19 - [MESSAGE][INFO] - Smart Wait Function is triggered

2021-11-23 16:35:20 - [MESSAGE][INFO] - Found 1 web elements with id: 'Object Repository/Sayfalar/Giris_Sayfasi/Sifre' located by 'By.xpath: //*[@id = 'Password']' in '30' second(s)

2021-11-23 16:35:20 - [MESSAGE][PASSED] - Keys 'test1234' sent to object: 'Object Repository/Sayfalar/Giris_Sayfasi/Sifre'

2021-11-23 16:35:20 - [TEST_STEP][PASSED] - findWebElement(findTestObject("Sayfalar/Giris_Sayfasi/Giris_Butonu")).click(): Found 1 web elements with id: 'Object Repository/Sayfalar/Giris_Sayfasi/Giris_Butonu' located by 'By.cssSelector: #btnLogin' in '30' second(s)

2021-11-23 16:35:20 - [MESSAGE][INFO] - Finding Test Object 'Object Repository/Sayfalar/Giris_Sayfasi/Giris_Butonu'

2021-11-23 16:35:20 - [MESSAGE][INFO] - Finding web element from Test Object's properties

2021-11-23 16:35:20 - [MESSAGE][INFO] - Checking timeout

2021-11-23 16:35:20 - [MESSAGE][INFO] - Finding web element with id: 'Object Repository/Sayfalar/Giris_Sayfasi/Giris_Butonu' located by 'By.cssSelector: #btnLogin' in '30' second(s)

2021-11-23 16:35:20 - [MESSAGE][INFO] - Smart Wait Function is triggered

2021-11-23 16:35:21 - [MESSAGE][INFO] - Found 1 web elements with id: 'Object Repository/Sayfalar/Giris_Sayfasi/Giris_Butonu' located by 'By.cssSelector: #btnLogin' in '30' second(s)

2021-11-23 16:35:24 - [TEST_STEP][PASSED] - if (verifyElementPresent(findTestObject("Object Repository/Sayfalar/Giris_Sayfasi/RetveTamam_Butonu"), 5, OPTIONAL)): null

2021-11-23 16:35:24 - [MESSAGE][INFO] - Finding Test Object 'Object Repository/Sayfalar/Giris_Sayfasi/RetveTamam_Butonu'

2021-11-23 16:35:24 - [MESSAGE][INFO] - Checking object

2021-11-23 16:35:24 - [MESSAGE][INFO] - Finding web element from Test Object's properties

2021-11-23 16:35:24 - [MESSAGE][INFO] - Checking timeout

2021-11-23 16:35:24 - [MESSAGE][INFO] - Finding web element with id: 'Object Repository/Sayfalar/Giris_Sayfasi/RetveTamam_Butonu' located by 'By.xpath: //*[@class = 'btn btn-default']' in '5' second(s)

2021-11-23 16:35:24 - [MESSAGE][INFO] - Smart Wait Function is triggered

2021-11-23 16:35:24 - [MESSAGE][INFO] - Found 1 web elements with id: 'Object Repository/Sayfalar/Giris_Sayfasi/RetveTamam_Butonu' located by 'By.xpath: //*[@class = 'btn btn-default']' in '5' second(s)

2021-11-23 16:35:24 - [MESSAGE][PASSED] - Object 'Object Repository/Sayfalar/Giris_Sayfasi/RetveTamam_Butonu' is present

2021-11-23 16:35:24 - [TEST_STEP][PASSED] - click(findTestObject("Object Repository/Sayfalar/Giris_Sayfasi/RetveTamam_Butonu")): Object: 'Object Repository/Sayfalar/Giris_Sayfasi/RetveTamam_Butonu' is clicked on

2021-11-23 16:35:24 - [MESSAGE][INFO] - Finding Test Object 'Object Repository/Sayfalar/Giris_Sayfasi/RetveTamam_Butonu'

2021-11-23 16:35:24 - [MESSAGE][INFO] - Checking object

2021-11-23 16:35:24 - [MESSAGE][INFO] - Finding web element from Test Object's properties

2021-11-23 16:35:24 - [MESSAGE][INFO] - Checking timeout

2021-11-23 16:35:24 - [MESSAGE][INFO] - Finding web element with id: 'Object Repository/Sayfalar/Giris_Sayfasi/RetveTamam_Butonu' located by 'By.xpath: //*[@class = 'btn btn-default']' in '30' second(s)

2021-11-23 16:35:24 - [MESSAGE][INFO] - Smart Wait Function is triggered

2021-11-23 16:35:25 - [MESSAGE][INFO] - Found 1 web elements with id: 'Object Repository/Sayfalar/Giris_Sayfasi/RetveTamam_Butonu' located by 'By.xpath: //*[@class = 'btn btn-default']' in '30' second(s)

2021-11-23 16:35:25 - [MESSAGE][INFO] - Clicking on object: 'Object Repository/Sayfalar/Giris_Sayfasi/RetveTamam_Butonu'

2021-11-23 16:35:25 - [MESSAGE][PASSED] - Object: 'Object Repository/Sayfalar/Giris_Sayfasi/RetveTamam_Butonu' is clicked on

2021-11-23 16:35:25 - [TEST_STEP][PASSED] - click(findTestObject("Object Repository/Sayfalar/Giris_Sayfasi/RetveTamam_Butonu")): Object: 'Object Repository/Sayfalar/Giris_Sayfasi/RetveTamam_Butonu' is clicked on

2021-11-23 16:35:25 - [MESSAGE][INFO] - Finding Test Object 'Object Repository/Sayfalar/Giris_Sayfasi/RetveTamam_Butonu'

2021-11-23 16:35:25 - [MESSAGE][INFO] - Checking object

2021-11-23 16:35:25 - [MESSAGE][INFO] - Finding web element from Test Object's properties

2021-11-23 16:35:25 - [MESSAGE][INFO] - Checking timeout

2021-11-23 16:35:25 - [MESSAGE][INFO] - Finding web element with id: 'Object Repository/Sayfalar/Giris_Sayfasi/RetveTamam_Butonu' located by 'By.xpath: //*[@class = 'btn btn-default']' in '30' second(s)

2021-11-23 16:35:25 - [MESSAGE][INFO] - Smart Wait Function is triggered

2021-11-23 16:35:28 - [MESSAGE][INFO] - Found 1 web elements with id: 'Object Repository/Sayfalar/Giris_Sayfasi/RetveTamam_Butonu' located by 'By.xpath: //*[@class = 'btn btn-default']' in '30' second(s)

2021-11-23 16:35:28 - [MESSAGE][INFO] - Clicking on object: 'Object Repository/Sayfalar/Giris_Sayfasi/RetveTamam_Butonu'

2021-11-23 16:35:28 - [MESSAGE][PASSED] - Object: 'Object Repository/Sayfalar/Giris_Sayfasi/RetveTamam_Butonu' is clicked on

2021-11-23 16:35:28 - [TEST_STEP][PASSED] - if (verifyElementPresent(findTestObject("Sayfalar/Giris_Sayfasi/PopupOK"), 5, OPTIONAL)): null

2021-11-23 16:35:28 - [MESSAGE][INFO] - Finding Test Object 'Object Repository/Sayfalar/Giris_Sayfasi/PopupOK'

2021-11-23 16:35:28 - [MESSAGE][INFO] - Checking object

2021-11-23 16:35:28 - [MESSAGE][INFO] - Finding web element from Test Object's properties

2021-11-23 16:35:28 - [MESSAGE][INFO] - Checking timeout

2021-11-23 16:35:28 - [MESSAGE][INFO] - Finding web element with id: 'Object Repository/Sayfalar/Giris_Sayfasi/PopupOK' located by 'By.cssSelector: .btn.btn-success' in '5' second(s)

2021-11-23 16:35:28 - [MESSAGE][INFO] - Smart Wait Function is triggered

2021-11-23 16:35:28 - [MESSAGE][INFO] - Found 1 web elements with id: 'Object Repository/Sayfalar/Giris_Sayfasi/PopupOK' located by 'By.cssSelector: .btn.btn-success' in '5' second(s)

2021-11-23 16:35:28 - [MESSAGE][PASSED] - Object 'Object Repository/Sayfalar/Giris_Sayfasi/PopupOK' is present

2021-11-23 16:35:28 - [TEST_STEP][PASSED] - click(findTestObject("Object Repository/Sayfalar/Giris_Sayfasi/PopupCarpiGiris")): Object: 'Object Repository/Sayfalar/Giris_Sayfasi/PopupCarpiGiris' is clicked on

2021-11-23 16:35:28 - [MESSAGE][INFO] - Finding Test Object 'Object Repository/Sayfalar/Giris_Sayfasi/PopupCarpiGiris'

2021-11-23 16:35:29 - [MESSAGE][INFO] - Checking object

2021-11-23 16:35:29 - [MESSAGE][INFO] - Finding web element from Test Object's properties

2021-11-23 16:35:29 - [MESSAGE][INFO] - Checking timeout

2021-11-23 16:35:29 - [MESSAGE][INFO] - Finding web element with id: 'Object Repository/Sayfalar/Giris_Sayfasi/PopupCarpiGiris' located by 'By.cssSelector: .bootbox-close-button.close' in '30' second(s)

2021-11-23 16:35:29 - [MESSAGE][INFO] - Smart Wait Function is triggered

2021-11-23 16:35:29 - [MESSAGE][INFO] - Found 1 web elements with id: 'Object Repository/Sayfalar/Giris_Sayfasi/PopupCarpiGiris' located by 'By.cssSelector: .bootbox-close-button.close' in '30' second(s)

2021-11-23 16:35:29 - [MESSAGE][INFO] - Clicking on object: 'Object Repository/Sayfalar/Giris_Sayfasi/PopupCarpiGiris'

2021-11-23 16:35:29 - [MESSAGE][PASSED] - Object: 'Object Repository/Sayfalar/Giris_Sayfasi/PopupCarpiGiris' is clicked on

2021-11-23 16:35:29 - [TEST_STEP][PASSED] - verifyElementVisible(findTestObject("Object Repository/Kullanici_Islemleri/KullaniciIslemleri")): Object 'Object Repository/Kullanici_Islemleri/KullaniciIslemleri' is visible

2021-11-23 16:35:29 - [MESSAGE][INFO] - Finding Test Object 'Object Repository/Kullanici_Islemleri/KullaniciIslemleri'

2021-11-23 16:35:29 - [MESSAGE][INFO] - Checking object

2021-11-23 16:35:29 - [MESSAGE][INFO] - Finding web element from Test Object's properties

2021-11-23 16:35:29 - [MESSAGE][INFO] - Checking timeout

2021-11-23 16:35:29 - [MESSAGE][INFO] - Finding web element with id: 'Object Repository/Kullanici_Islemleri/KullaniciIslemleri' located by 'By.cssSelector: .dropdown>a>img' in '30' second(s)

2021-11-23 16:35:29 - [MESSAGE][INFO] - Smart Wait Function is triggered

2021-11-23 16:35:30 - [MESSAGE][INFO] - Found 1 web elements with id: 'Object Repository/Kullanici_Islemleri/KullaniciIslemleri' located by 'By.cssSelector: .dropdown>a>img' in '30' second(s)

2021-11-23 16:35:30 - [MESSAGE][PASSED] - Object 'Object Repository/Kullanici_Islemleri/KullaniciIslemleri' is visible

2021-11-23 16:35:30 - [MESSAGE][PASSED] - Call Test Case 'Test Cases/Sayfalar/Giris_Sayfasi/Login' successfully

2021-11-23 16:35:30 - [MESSAGE][INFO] - Checking called Test Case

2021-11-23 16:35:30 - [MESSAGE][INFO] - Starting to call Test Case 'Test Cases/Menu/AnaMenuSecimi'

2021-11-23 16:35:30 - [TEST_CASE][PASSED] - Test Cases/Menu/AnaMenuSecimi: Test Cases/Menu/AnaMenuSecimi

2021-11-23 16:35:30 - [TEST_STEP][PASSED] - Method.TextDegerineEsitElementeTikla(findTestObject("Menu/Ana_Menu"), Ana_Menu): Method.TextDegerineEsitElementeTikla is PASSED

2021-11-23 16:35:30 - [MESSAGE][INFO] - Finding Test Object 'Object Repository/Menu/Ana_Menu'

2021-11-23 16:35:30 - [MESSAGE][INFO] - Checking timeout

2021-11-23 16:35:30 - [MESSAGE][INFO] - Finding web element with id: 'Object Repository/Menu/Ana_Menu' located by 'By.xpath: //*[@class = 'dropdown-toggle']' in '10' second(s)

2021-11-23 16:35:30 - [MESSAGE][INFO] - Smart Wait Function is triggered

2021-11-23 16:35:31 - [MESSAGE][INFO] - Found 13 web elements with id: 'Object Repository/Menu/Ana_Menu' located by 'By.xpath: //*[@class = 'dropdown-toggle']' in '10' second(s)

2021-11-23 16:35:31 - [MESSAGE][PASSED] - Method.TextDegerineEsitElementeTikla is PASSED

2021-11-23 16:35:31 - [MESSAGE][PASSED] - Call Test Case 'Test Cases/Menu/AnaMenuSecimi' successfully

2021-11-23 16:35:31 - [MESSAGE][INFO] - Checking called Test Case

2021-11-23 16:35:31 - [MESSAGE][INFO] - Starting to call Test Case 'Test Cases/Menu/BasligaGoreAltMenuSecimi'

2021-11-23 16:35:31 - [TEST_CASE][PASSED] - Test Cases/Menu/BasligaGoreAltMenuSecimi: Test Cases/Menu/BasligaGoreAltMenuSecimi

2021-11-23 16:35:31 - [TEST_STEP][PASSED] - Method.TextDegerineEsitElementinAltindakiTextDegerineEsitOlanaTikla(findTestObject("Menu/Menu_Basligi"), findTestObject("Menu/Basliga_Gore_Alt_Menu"), Baslik, Alt_Menu): Method.TextDegerineEsitElementinAltindakiTextDegerineEsitOlanaTikla is PASSED

2021-11-23 16:35:31 - [MESSAGE][INFO] - Finding Test Object 'Object Repository/Menu/Menu_Basligi'

2021-11-23 16:35:31 - [MESSAGE][INFO] - Finding Test Object 'Object Repository/Menu/Basliga_Gore_Alt_Menu'

2021-11-23 16:35:32 - [MESSAGE][INFO] - Checking timeout

2021-11-23 16:35:32 - [MESSAGE][INFO] - Finding web element with id: 'Object Repository/Menu/Menu_Basligi' located by 'By.xpath: //li[@class='dropdown dropdown-large open']//li[@class='dropdown-header']' in '10' second(s)

2021-11-23 16:35:32 - [MESSAGE][INFO] - Smart Wait Function is triggered

2021-11-23 16:35:32 - [MESSAGE][INFO] - Found 2 web elements with id: 'Object Repository/Menu/Menu_Basligi' located by 'By.xpath: //li[@class='dropdown dropdown-large open']//li[@class='dropdown-header']' in '10' second(s)

2021-11-23 16:35:32 - [MESSAGE][INFO] - Smart Wait Function is triggered

2021-11-23 16:35:35 - [MESSAGE][PASSED] - Method.TextDegerineEsitElementinAltindakiTextDegerineEsitOlanaTikla is PASSED

2021-11-23 16:35:35 - [MESSAGE][PASSED] - Call Test Case 'Test Cases/Menu/BasligaGoreAltMenuSecimi' successfully

2021-11-23 16:35:35 - [MESSAGE][INFO] - Checking called Test Case

2021-11-23 16:35:35 - [MESSAGE][INFO] - Starting to call Test Case 'Test Cases/Tablo/Olusturma Tarihi'

2021-11-23 16:35:35 - [TEST_CASE][PASSED] - Test Cases/Tablo/Olusturma Tarihi: Test Cases/Tablo/Olusturma Tarihi

2021-11-23 16:35:36 - [TEST_STEP][PASSED] - if (verifyTextNotPresent("Görüntülenecek veri yok", true, OPTIONAL)): null

2021-11-23 16:35:36 - [MESSAGE][INFO] - Checking text present  using regular expression

2021-11-23 16:35:36 - [MESSAGE][INFO] - Smart Wait Function is triggered

2021-11-23 16:35:36 - [MESSAGE][INFO] - Finding text 'Görüntülenecek veri yok' on page  using regular expression

2021-11-23 16:35:36 - [MESSAGE][PASSED] - Text 'Görüntülenecek veri yok' is not present on page using regular expression

2021-11-23 16:35:36 - [TEST_STEP][PASSED] - click(findTestObject("Temizle/Olusturma_Tarihi_CheckBox")): Object: 'Object Repository/Temizle/Olusturma_Tarihi_CheckBox' is clicked on

2021-11-23 16:35:36 - [MESSAGE][INFO] - Finding Test Object 'Object Repository/Temizle/Olusturma_Tarihi_CheckBox'

2021-11-23 16:35:37 - [MESSAGE][INFO] - Checking object

2021-11-23 16:35:37 - [MESSAGE][INFO] - Finding web element from Test Object's properties

2021-11-23 16:35:37 - [MESSAGE][INFO] - Checking timeout

2021-11-23 16:35:37 - [MESSAGE][INFO] - Finding web element with id: 'Object Repository/Temizle/Olusturma_Tarihi_CheckBox' located by 'By.xpath: //*[@title = 'Bu sayfadaki tüm satırları Seç']' in '30' second(s)

2021-11-23 16:35:37 - [MESSAGE][INFO] - Smart Wait Function is triggered

2021-11-23 16:35:37 - [MESSAGE][INFO] - Found 1 web elements with id: 'Object Repository/Temizle/Olusturma_Tarihi_CheckBox' located by 'By.xpath: //*[@title = 'Bu sayfadaki tüm satırları Seç']' in '30' second(s)

2021-11-23 16:35:37 - [MESSAGE][INFO] - Clicking on object: 'Object Repository/Temizle/Olusturma_Tarihi_CheckBox'

2021-11-23 16:35:37 - [MESSAGE][PASSED] - Object: 'Object Repository/Temizle/Olusturma_Tarihi_CheckBox' is clicked on

2021-11-23 16:35:37 - [TEST_STEP][PASSED] - Method.TextDegerineEsitElementeTiklaEquals(findTestObject("Butonlar/Butonlar"), "Sil"): Method.TextDegerineEsitElementeTiklaEquals is PASSED

2021-11-23 16:35:37 - [MESSAGE][INFO] - Finding Test Object 'Object Repository/Butonlar/Butonlar'

2021-11-23 16:35:37 - [MESSAGE][INFO] - Checking timeout

2021-11-23 16:35:37 - [MESSAGE][INFO] - Finding web element with id: 'Object Repository/Butonlar/Butonlar' located by 'By.cssSelector: .panel.panel-default.text-center.footerPanel .btn,.btn.btn-primary.btnControls' in '10' second(s)

2021-11-23 16:35:37 - [MESSAGE][INFO] - Smart Wait Function is triggered

2021-11-23 16:35:37 - [MESSAGE][INFO] - Found 9 web elements with id: 'Object Repository/Butonlar/Butonlar' located by 'By.cssSelector: .panel.panel-default.text-center.footerPanel .btn,.btn.btn-primary.btnControls' in '10' second(s)

2021-11-23 16:35:38 - [MESSAGE][PASSED] - Method.TextDegerineEsitElementeTiklaEquals is PASSED

2021-11-23 16:35:38 - [TEST_STEP][PASSED] - Method.TextDegerineEsitElementeTikla(findTestObject("Popup/Popup_Butons"), "Evet"): Method.TextDegerineEsitElementeTikla is PASSED

2021-11-23 16:35:38 - [MESSAGE][INFO] - Finding Test Object 'Object Repository/Popup/Popup_Butons'

2021-11-23 16:35:38 - [MESSAGE][INFO] - Checking timeout

2021-11-23 16:35:38 - [MESSAGE][INFO] - Finding web element with id: 'Object Repository/Popup/Popup_Butons' located by 'By.cssSelector: .modal-footer>button' in '10' second(s)

2021-11-23 16:35:38 - [MESSAGE][INFO] - Smart Wait Function is triggered

2021-11-23 16:35:39 - [MESSAGE][INFO] - Found 2 web elements with id: 'Object Repository/Popup/Popup_Butons' located by 'By.cssSelector: .modal-footer>button' in '10' second(s)

2021-11-23 16:35:39 - [MESSAGE][PASSED] - Method.TextDegerineEsitElementeTikla is PASSED

2021-11-23 16:35:39 - [TEST_STEP][PASSED] - Method.TextDegerineEsitElementeTikla(findTestObject("Popup/Popup_Butons"), "Tamam"): Method.TextDegerineEsitElementeTikla is PASSED

2021-11-23 16:35:39 - [MESSAGE][INFO] - Finding Test Object 'Object Repository/Popup/Popup_Butons'

2021-11-23 16:35:39 - [MESSAGE][INFO] - Checking timeout

2021-11-23 16:35:39 - [MESSAGE][INFO] - Finding web element with id: 'Object Repository/Popup/Popup_Butons' located by 'By.cssSelector: .modal-footer>button' in '10' second(s)

2021-11-23 16:35:39 - [MESSAGE][INFO] - Smart Wait Function is triggered

2021-11-23 16:35:40 - [MESSAGE][INFO] - Found 1 web elements with id: 'Object Repository/Popup/Popup_Butons' located by 'By.cssSelector: .modal-footer>button' in '10' second(s)

2021-11-23 16:35:40 - [MESSAGE][PASSED] - Method.TextDegerineEsitElementeTikla is PASSED

2021-11-23 16:35:40 - [MESSAGE][PASSED] - Call Test Case 'Test Cases/Tablo/Olusturma Tarihi' successfully

2021-11-23 16:35:40 - [MESSAGE][INFO] - Checking called Test Case

2021-11-23 16:35:40 - [MESSAGE][INFO] - Starting to call Test Case 'Test Cases/Butonlar/ButonaTikla'

2021-11-23 16:35:40 - [TEST_CASE][PASSED] - Test Cases/Butonlar/ButonaTikla: Test Cases/Butonlar/ButonaTikla

2021-11-23 16:35:40 - [TEST_STEP][PASSED] - Method.TextDegerineEsitElementeTiklaEquals(findTestObject("Butonlar/Butonlar"), Buton_Adi): Method.TextDegerineEsitElementeTiklaEquals is PASSED

2021-11-23 16:35:40 - [MESSAGE][INFO] - Finding Test Object 'Object Repository/Butonlar/Butonlar'

2021-11-23 16:35:41 - [MESSAGE][INFO] - Checking timeout

2021-11-23 16:35:41 - [MESSAGE][INFO] - Finding web element with id: 'Object Repository/Butonlar/Butonlar' located by 'By.cssSelector: .panel.panel-default.text-center.footerPanel .btn,.btn.btn-primary.btnControls' in '10' second(s)

2021-11-23 16:35:41 - [MESSAGE][INFO] - Smart Wait Function is triggered

2021-11-23 16:35:41 - [MESSAGE][INFO] - Found 9 web elements with id: 'Object Repository/Butonlar/Butonlar' located by 'By.cssSelector: .panel.panel-default.text-center.footerPanel .btn,.btn.btn-primary.btnControls' in '10' second(s)

2021-11-23 16:35:41 - [MESSAGE][PASSED] - Method.TextDegerineEsitElementeTiklaEquals is PASSED

2021-11-23 16:35:41 - [MESSAGE][PASSED] - Call Test Case 'Test Cases/Butonlar/ButonaTikla' successfully

2021-11-23 16:35:41 - [MESSAGE][INFO] - Checking called Test Case

2021-11-23 16:35:41 - [MESSAGE][INFO] - Starting to call Test Case 'Test Cases/Olusturma/Genel/GorselTasarimSayfasıBasligiIceriyorMu'

2021-11-23 16:35:41 - [TEST_CASE][PASSED] - Test Cases/Olusturma/Genel/GorselTasarimSayfasıBasligiIceriyorMu: Test Cases/Olusturma/Genel/GorselTasarimSayfasıBasligiIceriyorMu

2021-11-23 16:35:42 - [TEST_STEP][PASSED] - verifyElementText(findTestObject("Object Repository/Olusturma/Genel/GorselTasarimBaslik"), Baslik): Actual text and expected text of test object 'Object Repository/Olusturma/Genel/GorselTasarimBaslik' are matched.

2021-11-23 16:35:42 - [MESSAGE][INFO] - Finding Test Object 'Object Repository/Olusturma/Genel/GorselTasarimBaslik'

2021-11-23 16:35:42 - [MESSAGE][INFO] - Checking object

2021-11-23 16:35:42 - [MESSAGE][INFO] - Finding web element from Test Object's properties

2021-11-23 16:35:42 - [MESSAGE][INFO] - Checking timeout

2021-11-23 16:35:42 - [MESSAGE][INFO] - Finding web element with id: 'Object Repository/Olusturma/Genel/GorselTasarimBaslik' located by 'By.cssSelector: #flAlici_0>div>span' in '30' second(s)

2021-11-23 16:35:42 - [MESSAGE][INFO] - Smart Wait Function is triggered

2021-11-23 16:35:49 - [MESSAGE][INFO] - Found 1 web elements with id: 'Object Repository/Olusturma/Genel/GorselTasarimBaslik' located by 'By.cssSelector: #flAlici_0>div>span' in '30' second(s)

2021-11-23 16:35:49 - [MESSAGE][PASSED] - Actual text and expected text of test object 'Object Repository/Olusturma/Genel/GorselTasarimBaslik' are matched.

2021-11-23 16:35:49 - [MESSAGE][PASSED] - Call Test Case 'Test Cases/Olusturma/Genel/GorselTasarimSayfasıBasligiIceriyorMu' successfully

2021-11-23 16:35:49 - [MESSAGE][INFO] - Checking called Test Case

2021-11-23 16:35:49 - [MESSAGE][INFO] - Starting to call Test Case 'Test Cases/Olusturma/Genel/AliciSecilir'

2021-11-23 16:35:49 - [TEST_CASE][PASSED] - Test Cases/Olusturma/Genel/AliciSecilir: Test Cases/Olusturma/Genel/AliciSecilir

2021-11-23 16:35:50 - [TEST_STEP][PASSED] - click(findTestObject("Olusturma/Genel/AliciBilgisi/Alici_Ara")): Object: 'Object Repository/Olusturma/Genel/AliciBilgisi/Alici_Ara' is clicked on

2021-11-23 16:35:50 - [MESSAGE][INFO] - Finding Test Object 'Object Repository/Olusturma/Genel/AliciBilgisi/Alici_Ara'

2021-11-23 16:35:50 - [MESSAGE][INFO] - Checking object

2021-11-23 16:35:50 - [MESSAGE][INFO] - Finding web element from Test Object's properties

2021-11-23 16:35:50 - [MESSAGE][INFO] - Checking timeout

2021-11-23 16:35:50 - [MESSAGE][INFO] - Finding web element with id: 'Object Repository/Olusturma/Genel/AliciBilgisi/Alici_Ara' located by 'By.xpath: //td[@id='txtCustomerText_B-1']' in '30' second(s)

2021-11-23 16:35:50 - [MESSAGE][INFO] - Smart Wait Function is triggered

2021-11-23 16:35:50 - [MESSAGE][INFO] - Found 1 web elements with id: 'Object Repository/Olusturma/Genel/AliciBilgisi/Alici_Ara' located by 'By.xpath: //td[@id='txtCustomerText_B-1']' in '30' second(s)

2021-11-23 16:35:50 - [MESSAGE][INFO] - Clicking on object: 'Object Repository/Olusturma/Genel/AliciBilgisi/Alici_Ara'

2021-11-23 16:35:50 - [MESSAGE][PASSED] - Object: 'Object Repository/Olusturma/Genel/AliciBilgisi/Alici_Ara' is clicked on

2021-11-23 16:35:50 - [TEST_STEP][PASSED] - click(findTestObject("Olusturma/Genel/AliciBilgisi/Alici_Bilgisi")): Object: 'Object Repository/Olusturma/Genel/AliciBilgisi/Alici_Bilgisi' is clicked on

2021-11-23 16:35:50 - [MESSAGE][INFO] - Finding Test Object 'Object Repository/Olusturma/Genel/AliciBilgisi/Alici_Bilgisi'

2021-11-23 16:35:50 - [MESSAGE][INFO] - Checking object

2021-11-23 16:35:50 - [MESSAGE][INFO] - Finding web element from Test Object's properties

2021-11-23 16:35:50 - [MESSAGE][INFO] - Checking timeout

2021-11-23 16:35:50 - [MESSAGE][INFO] - Finding web element with id: 'Object Repository/Olusturma/Genel/AliciBilgisi/Alici_Bilgisi' located by 'By.xpath: //iframe[@id='customerselectiframe']' in '30' second(s)

2021-11-23 16:35:50 - [MESSAGE][INFO] - Smart Wait Function is triggered

2021-11-23 16:35:51 - [MESSAGE][INFO] - Found 1 web elements with id: 'Object Repository/Olusturma/Genel/AliciBilgisi/Alici_Bilgisi' located by 'By.xpath: //iframe[@id='customerselectiframe']' in '30' second(s)

2021-11-23 16:35:51 - [MESSAGE][INFO] - Clicking on object: 'Object Repository/Olusturma/Genel/AliciBilgisi/Alici_Bilgisi'

2021-11-23 16:35:51 - [MESSAGE][PASSED] - Object: 'Object Repository/Olusturma/Genel/AliciBilgisi/Alici_Bilgisi' is clicked on

2021-11-23 16:35:51 - [TEST_STEP][PASSED] - setText(findTestObject("Olusturma/Genel/AliciBilgisi/Alici_Gir"), Alici_Adi): Switching to default content

2021-11-23 16:35:51 - [MESSAGE][INFO] - Finding Test Object 'Object Repository/Olusturma/Genel/AliciBilgisi/Alici_Gir'

2021-11-23 16:35:51 - [MESSAGE][INFO] - Finding Test Object 'Object Repository/Olusturma/Genel/AliciBilgisi/Alici_Bilgisi'

2021-11-23 16:35:51 - [MESSAGE][INFO] - Checking object

2021-11-23 16:35:51 - [MESSAGE][INFO] - Checking text

2021-11-23 16:35:51 - [MESSAGE][INFO] - Object: 'Object Repository/Olusturma/Genel/AliciBilgisi/Alici_Gir' has parent object(s)

2021-11-23 16:35:51 - [MESSAGE][INFO] - Switching to iframe: 'Object Repository/Olusturma/Genel/AliciBilgisi/Alici_Bilgisi'

2021-11-23 16:35:51 - [MESSAGE][INFO] - Finding web element from Test Object's properties

2021-11-23 16:35:51 - [MESSAGE][INFO] - Checking timeout

2021-11-23 16:35:51 - [MESSAGE][INFO] - Finding web element with id: 'Object Repository/Olusturma/Genel/AliciBilgisi/Alici_Bilgisi' located by 'By.xpath: //iframe[@id='customerselectiframe']' in '30' second(s)

2021-11-23 16:35:51 - [MESSAGE][INFO] - Smart Wait Function is triggered

2021-11-23 16:35:51 - [MESSAGE][INFO] - Found 1 web elements with id: 'Object Repository/Olusturma/Genel/AliciBilgisi/Alici_Bilgisi' located by 'By.xpath: //iframe[@id='customerselectiframe']' in '30' second(s)

2021-11-23 16:35:51 - [MESSAGE][INFO] - Switched to iframe: 'Object Repository/Olusturma/Genel/AliciBilgisi/Alici_Bilgisi'

2021-11-23 16:35:51 - [MESSAGE][INFO] - Finding web element from Test Object's properties

2021-11-23 16:35:51 - [MESSAGE][INFO] - Checking timeout

2021-11-23 16:35:51 - [MESSAGE][INFO] - Finding web element with id: 'Object Repository/Olusturma/Genel/AliciBilgisi/Alici_Gir' located by 'By.xpath: //input[@id='GridViewCustomer_DXFREditorcol1_I']' in '30' second(s)

2021-11-23 16:35:51 - [MESSAGE][INFO] - Smart Wait Function is triggered

2021-11-23 16:35:51 - [MESSAGE][INFO] - Found 1 web elements with id: 'Object Repository/Olusturma/Genel/AliciBilgisi/Alici_Gir' located by 'By.xpath: //input[@id='GridViewCustomer_DXFREditorcol1_I']' in '30' second(s)

2021-11-23 16:35:51 - [MESSAGE][INFO] - Clearing text of object 'Object Repository/Olusturma/Genel/AliciBilgisi/Alici_Gir'

2021-11-23 16:35:51 - [MESSAGE][INFO] - Finding web element from Test Object's properties

2021-11-23 16:35:51 - [MESSAGE][INFO] - Checking timeout

2021-11-23 16:35:51 - [MESSAGE][INFO] - Finding web element with id: 'Object Repository/Olusturma/Genel/AliciBilgisi/Alici_Gir' located by 'By.xpath: //input[@id='GridViewCustomer_DXFREditorcol1_I']' in '30' second(s)

2021-11-23 16:35:51 - [MESSAGE][INFO] - Smart Wait Function is triggered

2021-11-23 16:35:51 - [MESSAGE][INFO] - Found 1 web elements with id: 'Object Repository/Olusturma/Genel/AliciBilgisi/Alici_Gir' located by 'By.xpath: //input[@id='GridViewCustomer_DXFREditorcol1_I']' in '30' second(s)

2021-11-23 16:35:51 - [MESSAGE][INFO] - Setting text of object 'Object Repository/Olusturma/Genel/AliciBilgisi/Alici_Gir' to value 'UC0001'

2021-11-23 16:35:51 - [MESSAGE][PASSED] - Text 'UC0001' is set on object 'Object Repository/Olusturma/Genel/AliciBilgisi/Alici_Gir'

2021-11-23 16:35:51 - [MESSAGE][INFO] - Switching to default content

2021-11-23 16:35:51 - [TEST_STEP][PASSED] - waitForElementClickable(findTestObject("Olusturma/Genel/AliciBilgisi/Alici_Adi"), 10): Switching to default content

2021-11-23 16:35:51 - [MESSAGE][INFO] - Finding Test Object 'Object Repository/Olusturma/Genel/AliciBilgisi/Alici_Adi'

2021-11-23 16:35:51 - [MESSAGE][INFO] - Finding Test Object 'Object Repository/Olusturma/Genel/AliciBilgisi/iframe_Alc Bilgisi_customerselectiframe'

2021-11-23 16:35:52 - [MESSAGE][INFO] - Checking object

2021-11-23 16:35:52 - [MESSAGE][INFO] - Checking timeout

2021-11-23 16:35:52 - [MESSAGE][INFO] - Object: 'Object Repository/Olusturma/Genel/AliciBilgisi/Alici_Adi' has parent object(s)

2021-11-23 16:35:52 - [MESSAGE][INFO] - Switching to iframe: 'Object Repository/Olusturma/Genel/AliciBilgisi/iframe_Alc Bilgisi_customerselectiframe'

2021-11-23 16:35:52 - [MESSAGE][INFO] - Finding web element from Test Object's properties

2021-11-23 16:35:52 - [MESSAGE][INFO] - Checking timeout

2021-11-23 16:35:52 - [MESSAGE][INFO] - Finding web element with id: 'Object Repository/Olusturma/Genel/AliciBilgisi/iframe_Alc Bilgisi_customerselectiframe' located by 'By.xpath: //iframe[@id='customerselectiframe']' in '10' second(s)

2021-11-23 16:35:52 - [MESSAGE][INFO] - Smart Wait Function is triggered

2021-11-23 16:35:52 - [MESSAGE][INFO] - Found 1 web elements with id: 'Object Repository/Olusturma/Genel/AliciBilgisi/iframe_Alc Bilgisi_customerselectiframe' located by 'By.xpath: //iframe[@id='customerselectiframe']' in '10' second(s)

2021-11-23 16:35:52 - [MESSAGE][INFO] - Switched to iframe: 'Object Repository/Olusturma/Genel/AliciBilgisi/iframe_Alc Bilgisi_customerselectiframe'

2021-11-23 16:35:52 - [MESSAGE][INFO] - Finding web element from Test Object's properties

2021-11-23 16:35:52 - [MESSAGE][INFO] - Checking timeout

2021-11-23 16:35:52 - [MESSAGE][INFO] - Finding web element with id: 'Object Repository/Olusturma/Genel/AliciBilgisi/Alici_Adi' located by 'By.xpath: //tr[@id='GridViewCustomer_DXDataRow0']/td[2]' in '10' second(s)

2021-11-23 16:35:52 - [MESSAGE][INFO] - Smart Wait Function is triggered

2021-11-23 16:35:52 - [MESSAGE][INFO] - Found 1 web elements with id: 'Object Repository/Olusturma/Genel/AliciBilgisi/Alici_Adi' located by 'By.xpath: //tr[@id='GridViewCustomer_DXDataRow0']/td[2]' in '10' second(s)

2021-11-23 16:35:52 - [MESSAGE][PASSED] - Object 'Object Repository/Olusturma/Genel/AliciBilgisi/Alici_Adi' is clickable

2021-11-23 16:35:52 - [MESSAGE][INFO] - Switching to default content

2021-11-23 16:35:52 - [TEST_STEP][PASSED] - click(findTestObject("Olusturma/Genel/AliciBilgisi/frame")): Switching to default content

2021-11-23 16:35:52 - [MESSAGE][INFO] - Finding Test Object 'Object Repository/Olusturma/Genel/AliciBilgisi/frame'

2021-11-23 16:35:52 - [MESSAGE][INFO] - Finding Test Object 'Object Repository/Olusturma/Genel/AliciBilgisi/iframe_Alc Bilgisi_customerselectiframe'

2021-11-23 16:35:52 - [MESSAGE][INFO] - Checking object

2021-11-23 16:35:52 - [MESSAGE][INFO] - Object: 'Object Repository/Olusturma/Genel/AliciBilgisi/frame' has parent object(s)

2021-11-23 16:35:52 - [MESSAGE][INFO] - Switching to iframe: 'Object Repository/Olusturma/Genel/AliciBilgisi/iframe_Alc Bilgisi_customerselectiframe'

2021-11-23 16:35:52 - [MESSAGE][INFO] - Finding web element from Test Object's properties

2021-11-23 16:35:52 - [MESSAGE][INFO] - Checking timeout

2021-11-23 16:35:52 - [MESSAGE][INFO] - Finding web element with id: 'Object Repository/Olusturma/Genel/AliciBilgisi/iframe_Alc Bilgisi_customerselectiframe' located by 'By.xpath: //iframe[@id='customerselectiframe']' in '30' second(s)

2021-11-23 16:35:52 - [MESSAGE][INFO] - Smart Wait Function is triggered

2021-11-23 16:35:53 - [MESSAGE][INFO] - Found 1 web elements with id: 'Object Repository/Olusturma/Genel/AliciBilgisi/iframe_Alc Bilgisi_customerselectiframe' located by 'By.xpath: //iframe[@id='customerselectiframe']' in '30' second(s)

2021-11-23 16:35:53 - [MESSAGE][INFO] - Switched to iframe: 'Object Repository/Olusturma/Genel/AliciBilgisi/iframe_Alc Bilgisi_customerselectiframe'

2021-11-23 16:35:53 - [MESSAGE][INFO] - Finding web element from Test Object's properties

2021-11-23 16:35:53 - [MESSAGE][INFO] - Checking timeout

2021-11-23 16:35:53 - [MESSAGE][INFO] - Finding web element with id: 'Object Repository/Olusturma/Genel/AliciBilgisi/frame' located by 'By.xpath: //*/text()[normalize-space(.)='']/parent::*' in '30' second(s)

2021-11-23 16:35:53 - [MESSAGE][INFO] - Smart Wait Function is triggered

2021-11-23 16:35:53 - [MESSAGE][INFO] - Found 66 web elements with id: 'Object Repository/Olusturma/Genel/AliciBilgisi/frame' located by 'By.xpath: //*/text()[normalize-space(.)='']/parent::*' in '30' second(s)

2021-11-23 16:35:53 - [MESSAGE][INFO] - Clicking on object: 'Object Repository/Olusturma/Genel/AliciBilgisi/frame'

2021-11-23 16:35:53 - [MESSAGE][PASSED] - Object: 'Object Repository/Olusturma/Genel/AliciBilgisi/frame' is clicked on

2021-11-23 16:35:53 - [MESSAGE][INFO] - Switching to default content

2021-11-23 16:35:53 - [TEST_STEP][PASSED] - click(findTestObject("Olusturma/Genel/AliciBilgisi/Alici_Adi")): Switching to default content

2021-11-23 16:35:53 - [MESSAGE][INFO] - Finding Test Object 'Object Repository/Olusturma/Genel/AliciBilgisi/Alici_Adi'

2021-11-23 16:35:53 - [MESSAGE][INFO] - Finding Test Object 'Object Repository/Olusturma/Genel/AliciBilgisi/iframe_Alc Bilgisi_customerselectiframe'

2021-11-23 16:35:53 - [MESSAGE][INFO] - Checking object

2021-11-23 16:35:53 - [MESSAGE][INFO] - Object: 'Object Repository/Olusturma/Genel/AliciBilgisi/Alici_Adi' has parent object(s)

2021-11-23 16:35:53 - [MESSAGE][INFO] - Switching to iframe: 'Object Repository/Olusturma/Genel/AliciBilgisi/iframe_Alc Bilgisi_customerselectiframe'

2021-11-23 16:35:53 - [MESSAGE][INFO] - Finding web element from Test Object's properties

2021-11-23 16:35:53 - [MESSAGE][INFO] - Checking timeout

2021-11-23 16:35:53 - [MESSAGE][INFO] - Finding web element with id: 'Object Repository/Olusturma/Genel/AliciBilgisi/iframe_Alc Bilgisi_customerselectiframe' located by 'By.xpath: //iframe[@id='customerselectiframe']' in '30' second(s)

2021-11-23 16:35:53 - [MESSAGE][INFO] - Smart Wait Function is triggered

2021-11-23 16:35:53 - [MESSAGE][INFO] - Found 1 web elements with id: 'Object Repository/Olusturma/Genel/AliciBilgisi/iframe_Alc Bilgisi_customerselectiframe' located by 'By.xpath: //iframe[@id='customerselectiframe']' in '30' second(s)

2021-11-23 16:35:53 - [MESSAGE][INFO] - Switched to iframe: 'Object Repository/Olusturma/Genel/AliciBilgisi/iframe_Alc Bilgisi_customerselectiframe'

2021-11-23 16:35:53 - [MESSAGE][INFO] - Finding web element from Test Object's properties

2021-11-23 16:35:53 - [MESSAGE][INFO] - Checking timeout

2021-11-23 16:35:53 - [MESSAGE][INFO] - Finding web element with id: 'Object Repository/Olusturma/Genel/AliciBilgisi/Alici_Adi' located by 'By.xpath: //tr[@id='GridViewCustomer_DXDataRow0']/td[2]' in '30' second(s)

2021-11-23 16:35:53 - [MESSAGE][INFO] - Smart Wait Function is triggered

2021-11-23 16:35:53 - [MESSAGE][INFO] - Found 1 web elements with id: 'Object Repository/Olusturma/Genel/AliciBilgisi/Alici_Adi' located by 'By.xpath: //tr[@id='GridViewCustomer_DXDataRow0']/td[2]' in '30' second(s)

2021-11-23 16:35:53 - [MESSAGE][INFO] - Clicking on object: 'Object Repository/Olusturma/Genel/AliciBilgisi/Alici_Adi'

2021-11-23 16:35:53 - [MESSAGE][PASSED] - Object: 'Object Repository/Olusturma/Genel/AliciBilgisi/Alici_Adi' is clicked on

2021-11-23 16:35:53 - [MESSAGE][INFO] - Switching to default content

2021-11-23 16:35:53 - [TEST_STEP][PASSED] - click(findTestObject("Olusturma/Genel/AliciBilgisi/Tamam_Bosluk")): Switching to default content

2021-11-23 16:35:53 - [MESSAGE][INFO] - Finding Test Object 'Object Repository/Olusturma/Genel/AliciBilgisi/Tamam_Bosluk'

2021-11-23 16:35:54 - [MESSAGE][INFO] - Finding Test Object 'Object Repository/Olusturma/Genel/AliciBilgisi/Alici_Bilgisi'

2021-11-23 16:35:54 - [MESSAGE][INFO] - Checking object

2021-11-23 16:35:54 - [MESSAGE][INFO] - Object: 'Object Repository/Olusturma/Genel/AliciBilgisi/Tamam_Bosluk' has parent object(s)

2021-11-23 16:35:54 - [MESSAGE][INFO] - Switching to iframe: 'Object Repository/Olusturma/Genel/AliciBilgisi/Alici_Bilgisi'

2021-11-23 16:35:54 - [MESSAGE][INFO] - Finding web element from Test Object's properties

2021-11-23 16:35:54 - [MESSAGE][INFO] - Checking timeout

2021-11-23 16:35:54 - [MESSAGE][INFO] - Finding web element with id: 'Object Repository/Olusturma/Genel/AliciBilgisi/Alici_Bilgisi' located by 'By.xpath: //iframe[@id='customerselectiframe']' in '30' second(s)

2021-11-23 16:35:54 - [MESSAGE][INFO] - Smart Wait Function is triggered

2021-11-23 16:35:54 - [MESSAGE][INFO] - Found 1 web elements with id: 'Object Repository/Olusturma/Genel/AliciBilgisi/Alici_Bilgisi' located by 'By.xpath: //iframe[@id='customerselectiframe']' in '30' second(s)

2021-11-23 16:35:54 - [MESSAGE][INFO] - Switched to iframe: 'Object Repository/Olusturma/Genel/AliciBilgisi/Alici_Bilgisi'

2021-11-23 16:35:54 - [MESSAGE][INFO] - Finding web element from Test Object's properties

2021-11-23 16:35:54 - [MESSAGE][INFO] - Checking timeout

2021-11-23 16:35:54 - [MESSAGE][INFO] - Finding web element with id: 'Object Repository/Olusturma/Genel/AliciBilgisi/Tamam_Bosluk' located by 'By.xpath: (.//*[normalize-space(text()) and normalize-space(.)='Sayfa Boyutu:'])[1]/following::div[7]' in '30' second(s)

2021-11-23 16:35:54 - [MESSAGE][INFO] - Smart Wait Function is triggered

2021-11-23 16:35:54 - [MESSAGE][INFO] - Found 1 web elements with id: 'Object Repository/Olusturma/Genel/AliciBilgisi/Tamam_Bosluk' located by 'By.xpath: (.//*[normalize-space(text()) and normalize-space(.)='Sayfa Boyutu:'])[1]/following::div[7]' in '30' second(s)

2021-11-23 16:35:54 - [MESSAGE][INFO] - Clicking on object: 'Object Repository/Olusturma/Genel/AliciBilgisi/Tamam_Bosluk'

2021-11-23 16:35:54 - [MESSAGE][PASSED] - Object: 'Object Repository/Olusturma/Genel/AliciBilgisi/Tamam_Bosluk' is clicked on

2021-11-23 16:35:54 - [MESSAGE][INFO] - Switching to default content

2021-11-23 16:35:54 - [TEST_STEP][PASSED] - waitForElementClickable(findTestObject("Olusturma/Genel/AliciBilgisi/Tamam_Butonu"), 10): Switching to default content

2021-11-23 16:35:54 - [MESSAGE][INFO] - Finding Test Object 'Object Repository/Olusturma/Genel/AliciBilgisi/Tamam_Butonu'

2021-11-23 16:35:54 - [MESSAGE][INFO] - Finding Test Object 'Object Repository/Olusturma/Genel/AliciBilgisi/Alici_Bilgisi'

2021-11-23 16:35:54 - [MESSAGE][INFO] - Checking object

2021-11-23 16:35:54 - [MESSAGE][INFO] - Checking timeout

2021-11-23 16:35:54 - [MESSAGE][INFO] - Object: 'Object Repository/Olusturma/Genel/AliciBilgisi/Tamam_Butonu' has parent object(s)

2021-11-23 16:35:54 - [MESSAGE][INFO] - Switching to iframe: 'Object Repository/Olusturma/Genel/AliciBilgisi/Alici_Bilgisi'

2021-11-23 16:35:54 - [MESSAGE][INFO] - Finding web element from Test Object's properties

2021-11-23 16:35:54 - [MESSAGE][INFO] - Checking timeout

2021-11-23 16:35:54 - [MESSAGE][INFO] - Finding web element with id: 'Object Repository/Olusturma/Genel/AliciBilgisi/Alici_Bilgisi' located by 'By.xpath: //iframe[@id='customerselectiframe']' in '10' second(s)

2021-11-23 16:35:54 - [MESSAGE][INFO] - Smart Wait Function is triggered

2021-11-23 16:35:55 - [MESSAGE][INFO] - Found 1 web elements with id: 'Object Repository/Olusturma/Genel/AliciBilgisi/Alici_Bilgisi' located by 'By.xpath: //iframe[@id='customerselectiframe']' in '10' second(s)

2021-11-23 16:35:55 - [MESSAGE][INFO] - Switched to iframe: 'Object Repository/Olusturma/Genel/AliciBilgisi/Alici_Bilgisi'

2021-11-23 16:35:55 - [MESSAGE][INFO] - Finding web element from Test Object's properties

2021-11-23 16:35:55 - [MESSAGE][INFO] - Checking timeout

2021-11-23 16:35:55 - [MESSAGE][INFO] - Finding web element with id: 'Object Repository/Olusturma/Genel/AliciBilgisi/Tamam_Butonu' located by 'By.xpath: //div[@id='btnSelectCustomer_CD']/span' in '10' second(s)

2021-11-23 16:35:55 - [MESSAGE][INFO] - Smart Wait Function is triggered

2021-11-23 16:35:55 - [MESSAGE][INFO] - Found 1 web elements with id: 'Object Repository/Olusturma/Genel/AliciBilgisi/Tamam_Butonu' located by 'By.xpath: //div[@id='btnSelectCustomer_CD']/span' in '10' second(s)

2021-11-23 16:35:55 - [MESSAGE][PASSED] - Object 'Object Repository/Olusturma/Genel/AliciBilgisi/Tamam_Butonu' is clickable

2021-11-23 16:35:55 - [MESSAGE][INFO] - Switching to default content

2021-11-23 16:35:55 - [TEST_STEP][PASSED] - click(findTestObject("Olusturma/Genel/AliciBilgisi/Tamam_Butonu")): Switching to default content

2021-11-23 16:35:55 - [MESSAGE][INFO] - Finding Test Object 'Object Repository/Olusturma/Genel/AliciBilgisi/Tamam_Butonu'

2021-11-23 16:35:55 - [MESSAGE][INFO] - Finding Test Object 'Object Repository/Olusturma/Genel/AliciBilgisi/Alici_Bilgisi'

2021-11-23 16:35:55 - [MESSAGE][INFO] - Checking object

2021-11-23 16:35:55 - [MESSAGE][INFO] - Object: 'Object Repository/Olusturma/Genel/AliciBilgisi/Tamam_Butonu' has parent object(s)

2021-11-23 16:35:55 - [MESSAGE][INFO] - Switching to iframe: 'Object Repository/Olusturma/Genel/AliciBilgisi/Alici_Bilgisi'

2021-11-23 16:35:55 - [MESSAGE][INFO] - Finding web element from Test Object's properties

2021-11-23 16:35:55 - [MESSAGE][INFO] - Checking timeout

2021-11-23 16:35:55 - [MESSAGE][INFO] - Finding web element with id: 'Object Repository/Olusturma/Genel/AliciBilgisi/Alici_Bilgisi' located by 'By.xpath: //iframe[@id='customerselectiframe']' in '30' second(s)

2021-11-23 16:35:55 - [MESSAGE][INFO] - Smart Wait Function is triggered

2021-11-23 16:35:55 - [MESSAGE][INFO] - Found 1 web elements with id: 'Object Repository/Olusturma/Genel/AliciBilgisi/Alici_Bilgisi' located by 'By.xpath: //iframe[@id='customerselectiframe']' in '30' second(s)

2021-11-23 16:35:55 - [MESSAGE][INFO] - Switched to iframe: 'Object Repository/Olusturma/Genel/AliciBilgisi/Alici_Bilgisi'

2021-11-23 16:35:55 - [MESSAGE][INFO] - Finding web element from Test Object's properties

2021-11-23 16:35:55 - [MESSAGE][INFO] - Checking timeout

2021-11-23 16:35:55 - [MESSAGE][INFO] - Finding web element with id: 'Object Repository/Olusturma/Genel/AliciBilgisi/Tamam_Butonu' located by 'By.xpath: //div[@id='btnSelectCustomer_CD']/span' in '30' second(s)

2021-11-23 16:35:55 - [MESSAGE][INFO] - Smart Wait Function is triggered

2021-11-23 16:35:56 - [MESSAGE][INFO] - Found 1 web elements with id: 'Object Repository/Olusturma/Genel/AliciBilgisi/Tamam_Butonu' located by 'By.xpath: //div[@id='btnSelectCustomer_CD']/span' in '30' second(s)

2021-11-23 16:35:56 - [MESSAGE][INFO] - Clicking on object: 'Object Repository/Olusturma/Genel/AliciBilgisi/Tamam_Butonu'

2021-11-23 16:35:56 - [MESSAGE][PASSED] - Object: 'Object Repository/Olusturma/Genel/AliciBilgisi/Tamam_Butonu' is clicked on

2021-11-23 16:35:56 - [MESSAGE][INFO] - Switching to default content

2021-11-23 16:35:56 - [TEST_STEP][PASSED] - waitForElementPresent(findTestObject("Olusturma/Genel/AliciBilgisi/VKN-TCKN"), 10): Object 'Object Repository/Olusturma/Genel/AliciBilgisi/VKN-TCKN' is present

2021-11-23 16:35:56 - [MESSAGE][INFO] - Finding Test Object 'Object Repository/Olusturma/Genel/AliciBilgisi/VKN-TCKN'

2021-11-23 16:35:56 - [MESSAGE][INFO] - Checking object

2021-11-23 16:35:56 - [MESSAGE][INFO] - Finding web element from Test Object's properties

2021-11-23 16:35:56 - [MESSAGE][INFO] - Checking timeout

2021-11-23 16:35:56 - [MESSAGE][INFO] - Finding web element with id: 'Object Repository/Olusturma/Genel/AliciBilgisi/VKN-TCKN' located by 'By.xpath: //*[@id = 'txtVknTckn_I']' in '10' second(s)

2021-11-23 16:35:56 - [MESSAGE][INFO] - Smart Wait Function is triggered

2021-11-23 16:35:56 - [MESSAGE][INFO] - Found 1 web elements with id: 'Object Repository/Olusturma/Genel/AliciBilgisi/VKN-TCKN' located by 'By.xpath: //*[@id = 'txtVknTckn_I']' in '10' second(s)

2021-11-23 16:35:56 - [MESSAGE][PASSED] - Object 'Object Repository/Olusturma/Genel/AliciBilgisi/VKN-TCKN' is present

2021-11-23 16:35:56 - [TEST_STEP][PASSED] - text = getAttribute(findTestObject("Olusturma/Genel/AliciBilgisi/VKN-TCKN"), "value"): Attribute 'value' of object 'Object Repository/Olusturma/Genel/AliciBilgisi/VKN-TCKN' is: '5321289071'

2021-11-23 16:35:56 - [MESSAGE][INFO] - Finding Test Object 'Object Repository/Olusturma/Genel/AliciBilgisi/VKN-TCKN'

2021-11-23 16:35:56 - [MESSAGE][INFO] - Checking object

2021-11-23 16:35:56 - [MESSAGE][INFO] - Checking attribute

2021-11-23 16:35:56 - [MESSAGE][INFO] - Finding web element from Test Object's properties

2021-11-23 16:35:56 - [MESSAGE][INFO] - Checking timeout

2021-11-23 16:35:56 - [MESSAGE][INFO] - Finding web element with id: 'Object Repository/Olusturma/Genel/AliciBilgisi/VKN-TCKN' located by 'By.xpath: //*[@id = 'txtVknTckn_I']' in '30' second(s)

2021-11-23 16:35:56 - [MESSAGE][INFO] - Smart Wait Function is triggered

2021-11-23 16:35:57 - [MESSAGE][INFO] - Found 1 web elements with id: 'Object Repository/Olusturma/Genel/AliciBilgisi/VKN-TCKN' located by 'By.xpath: //*[@id = 'txtVknTckn_I']' in '30' second(s)

2021-11-23 16:35:57 - [MESSAGE][INFO] - Getting attribute 'value' of object 'Object Repository/Olusturma/Genel/AliciBilgisi/VKN-TCKN'

2021-11-23 16:35:57 - [MESSAGE][PASSED] - Attribute 'value' of object 'Object Repository/Olusturma/Genel/AliciBilgisi/VKN-TCKN' is: '5321289071'

2021-11-23 16:35:57 - [TEST_STEP][PASSED] - if (text.equals("")): null

2021-11-23 16:35:57 - [MESSAGE][PASSED] - Call Test Case 'Test Cases/Olusturma/Genel/AliciSecilir' successfully

2021-11-23 16:35:57 - [MESSAGE][INFO] - Checking called Test Case

2021-11-23 16:35:57 - [MESSAGE][INFO] - Starting to call Test Case 'Test Cases/Olusturma/Genel/GonderimSekliSecilir'

2021-11-23 16:35:57 - [TEST_CASE][PASSED] - Test Cases/Olusturma/Genel/GonderimSekliSecilir: Test Cases/Olusturma/Genel/GonderimSekliSecilir

2021-11-23 16:35:57 - [TEST_STEP][PASSED] - waitForElementClickable(findTestObject("Object Repository/Olusturma/Genel/GonderimSekli/GonderimSekli"), 10): Object 'Object Repository/Olusturma/Genel/GonderimSekli/GonderimSekli' is clickable

2021-11-23 16:35:57 - [MESSAGE][INFO] - Finding Test Object 'Object Repository/Olusturma/Genel/GonderimSekli/GonderimSekli'

2021-11-23 16:35:58 - [MESSAGE][INFO] - Checking object

2021-11-23 16:35:58 - [MESSAGE][INFO] - Checking timeout

2021-11-23 16:35:58 - [MESSAGE][INFO] - Finding web element from Test Object's properties

2021-11-23 16:35:58 - [MESSAGE][INFO] - Checking timeout

2021-11-23 16:35:58 - [MESSAGE][INFO] - Finding web element with id: 'Object Repository/Olusturma/Genel/GonderimSekli/GonderimSekli' located by 'By.xpath: //*[@id = 'txtGonderimSekil_I']' in '10' second(s)

2021-11-23 16:35:58 - [MESSAGE][INFO] - Smart Wait Function is triggered

2021-11-23 16:35:58 - [MESSAGE][INFO] - Found 1 web elements with id: 'Object Repository/Olusturma/Genel/GonderimSekli/GonderimSekli' located by 'By.xpath: //*[@id = 'txtGonderimSekil_I']' in '10' second(s)

2021-11-23 16:35:58 - [MESSAGE][PASSED] - Object 'Object Repository/Olusturma/Genel/GonderimSekli/GonderimSekli' is clickable

2021-11-23 16:35:58 - [TEST_STEP][PASSED] - click(findTestObject("Object Repository/Olusturma/Genel/GonderimSekli/GonderimSekli")): Object: 'Object Repository/Olusturma/Genel/GonderimSekli/GonderimSekli' is clicked on

2021-11-23 16:35:58 - [MESSAGE][INFO] - Finding Test Object 'Object Repository/Olusturma/Genel/GonderimSekli/GonderimSekli'

2021-11-23 16:35:58 - [MESSAGE][INFO] - Checking object

2021-11-23 16:35:58 - [MESSAGE][INFO] - Finding web element from Test Object's properties

2021-11-23 16:35:58 - [MESSAGE][INFO] - Checking timeout

2021-11-23 16:35:58 - [MESSAGE][INFO] - Finding web element with id: 'Object Repository/Olusturma/Genel/GonderimSekli/GonderimSekli' located by 'By.xpath: //*[@id = 'txtGonderimSekil_I']' in '30' second(s)

2021-11-23 16:35:58 - [MESSAGE][INFO] - Smart Wait Function is triggered

2021-11-23 16:35:58 - [MESSAGE][INFO] - Found 1 web elements with id: 'Object Repository/Olusturma/Genel/GonderimSekli/GonderimSekli' located by 'By.xpath: //*[@id = 'txtGonderimSekil_I']' in '30' second(s)

2021-11-23 16:35:58 - [MESSAGE][INFO] - Clicking on object: 'Object Repository/Olusturma/Genel/GonderimSekli/GonderimSekli'

2021-11-23 16:35:59 - [MESSAGE][PASSED] - Object: 'Object Repository/Olusturma/Genel/GonderimSekli/GonderimSekli' is clicked on

2021-11-23 16:35:59 - [TEST_STEP][PASSED] - Method.TextDegerineEsitElementeTikla(findTestObject("Object Repository/Olusturma/Genel/GonderimSekli/GonderimSekliAdi"), GonderimSekli): Method.TextDegerineEsitElementeTikla is PASSED

2021-11-23 16:35:59 - [MESSAGE][INFO] - Finding Test Object 'Object Repository/Olusturma/Genel/GonderimSekli/GonderimSekliAdi'

2021-11-23 16:35:59 - [MESSAGE][INFO] - Checking timeout

2021-11-23 16:35:59 - [MESSAGE][INFO] - Finding web element with id: 'Object Repository/Olusturma/Genel/GonderimSekli/GonderimSekliAdi' located by 'By.cssSelector: #txtGonderimSekil_DDD_L_LBT td' in '10' second(s)

2021-11-23 16:35:59 - [MESSAGE][INFO] - Smart Wait Function is triggered

2021-11-23 16:35:59 - [MESSAGE][INFO] - Found 2 web elements with id: 'Object Repository/Olusturma/Genel/GonderimSekli/GonderimSekliAdi' located by 'By.cssSelector: #txtGonderimSekil_DDD_L_LBT td' in '10' second(s)

2021-11-23 16:35:59 - [MESSAGE][PASSED] - Method.TextDegerineEsitElementeTikla is PASSED

2021-11-23 16:35:59 - [MESSAGE][PASSED] - Call Test Case 'Test Cases/Olusturma/Genel/GonderimSekliSecilir' successfully

2021-11-23 16:35:59 - [MESSAGE][INFO] - Checking called Test Case

2021-11-23 16:35:59 - [MESSAGE][INFO] - Starting to call Test Case 'Test Cases/Olusturma/Genel/TipSecilir'

2021-11-23 16:35:59 - [TEST_CASE][PASSED] - Test Cases/Olusturma/Genel/TipSecilir: Test Cases/Olusturma/Genel/TipSecilir

2021-11-23 16:36:00 - [TEST_STEP][PASSED] - waitForElementClickable(findTestObject("Olusturma/Genel/TipSecilir/Tip"), 10): Object 'Object Repository/Olusturma/Genel/TipSecilir/Tip' is clickable

2021-11-23 16:36:00 - [MESSAGE][INFO] - Finding Test Object 'Object Repository/Olusturma/Genel/TipSecilir/Tip'

2021-11-23 16:36:00 - [MESSAGE][INFO] - Checking object

2021-11-23 16:36:00 - [MESSAGE][INFO] - Checking timeout

2021-11-23 16:36:00 - [MESSAGE][INFO] - Finding web element from Test Object's properties

2021-11-23 16:36:00 - [MESSAGE][INFO] - Checking timeout

2021-11-23 16:36:00 - [MESSAGE][INFO] - Finding web element with id: 'Object Repository/Olusturma/Genel/TipSecilir/Tip' located by 'By.xpath: //*[@id = 'DocumentTypeCode_I']' in '10' second(s)

2021-11-23 16:36:00 - [MESSAGE][INFO] - Smart Wait Function is triggered

2021-11-23 16:36:00 - [MESSAGE][INFO] - Found 1 web elements with id: 'Object Repository/Olusturma/Genel/TipSecilir/Tip' located by 'By.xpath: //*[@id = 'DocumentTypeCode_I']' in '10' second(s)

2021-11-23 16:36:00 - [MESSAGE][PASSED] - Object 'Object Repository/Olusturma/Genel/TipSecilir/Tip' is clickable

2021-11-23 16:36:00 - [TEST_STEP][PASSED] - click(findTestObject("Olusturma/Genel/TipSecilir/Tip")): Object: 'Object Repository/Olusturma/Genel/TipSecilir/Tip' is clicked on

2021-11-23 16:36:00 - [MESSAGE][INFO] - Finding Test Object 'Object Repository/Olusturma/Genel/TipSecilir/Tip'

2021-11-23 16:36:00 - [MESSAGE][INFO] - Checking object

2021-11-23 16:36:00 - [MESSAGE][INFO] - Finding web element from Test Object's properties

2021-11-23 16:36:00 - [MESSAGE][INFO] - Checking timeout

2021-11-23 16:36:00 - [MESSAGE][INFO] - Finding web element with id: 'Object Repository/Olusturma/Genel/TipSecilir/Tip' located by 'By.xpath: //*[@id = 'DocumentTypeCode_I']' in '30' second(s)

2021-11-23 16:36:00 - [MESSAGE][INFO] - Smart Wait Function is triggered

2021-11-23 16:36:01 - [MESSAGE][INFO] - Found 1 web elements with id: 'Object Repository/Olusturma/Genel/TipSecilir/Tip' located by 'By.xpath: //*[@id = 'DocumentTypeCode_I']' in '30' second(s)

2021-11-23 16:36:01 - [MESSAGE][INFO] - Clicking on object: 'Object Repository/Olusturma/Genel/TipSecilir/Tip'

2021-11-23 16:36:01 - [MESSAGE][PASSED] - Object: 'Object Repository/Olusturma/Genel/TipSecilir/Tip' is clicked on

2021-11-23 16:36:01 - [TEST_STEP][PASSED] - Method.TextDegerineEsitElementeTikla(findTestObject("Object Repository/Olusturma/Genel/TipSecilir/Tip_Adi"), Tip): Method.TextDegerineEsitElementeTikla is PASSED

2021-11-23 16:36:01 - [MESSAGE][INFO] - Finding Test Object 'Object Repository/Olusturma/Genel/TipSecilir/Tip_Adi'

2021-11-23 16:36:01 - [MESSAGE][INFO] - Checking timeout

2021-11-23 16:36:01 - [MESSAGE][INFO] - Finding web element with id: 'Object Repository/Olusturma/Genel/TipSecilir/Tip_Adi' located by 'By.cssSelector: #DocumentTypeCode_DDD_L_LBT td' in '10' second(s)

2021-11-23 16:36:01 - [MESSAGE][INFO] - Smart Wait Function is triggered

2021-11-23 16:36:01 - [MESSAGE][INFO] - Found 9 web elements with id: 'Object Repository/Olusturma/Genel/TipSecilir/Tip_Adi' located by 'By.cssSelector: #DocumentTypeCode_DDD_L_LBT td' in '10' second(s)

2021-11-23 16:36:02 - [MESSAGE][PASSED] - Method.TextDegerineEsitElementeTikla is PASSED

2021-11-23 16:36:02 - [MESSAGE][PASSED] - Call Test Case 'Test Cases/Olusturma/Genel/TipSecilir' successfully

2021-11-23 16:36:02 - [MESSAGE][INFO] - Checking called Test Case

2021-11-23 16:36:02 - [MESSAGE][INFO] - Starting to call Test Case 'Test Cases/Olusturma/Genel/DokumanParaBirimiSecilir'

2021-11-23 16:36:02 - [TEST_CASE][PASSED] - Test Cases/Olusturma/Genel/DokumanParaBirimiSecilir: Test Cases/Olusturma/Genel/DokumanParaBirimiSecilir

2021-11-23 16:36:02 - [TEST_STEP][PASSED] - waitForElementClickable(findTestObject("Object Repository/Olusturma/Genel/DokumanParaBirimiSecilir/Para"), 10): Object 'Object Repository/Olusturma/Genel/DokumanParaBirimiSecilir/Para' is clickable

2021-11-23 16:36:02 - [MESSAGE][INFO] - Finding Test Object 'Object Repository/Olusturma/Genel/DokumanParaBirimiSecilir/Para'

2021-11-23 16:36:02 - [MESSAGE][INFO] - Checking object

2021-11-23 16:36:02 - [MESSAGE][INFO] - Checking timeout

2021-11-23 16:36:02 - [MESSAGE][INFO] - Finding web element from Test Object's properties

2021-11-23 16:36:02 - [MESSAGE][INFO] - Checking timeout

2021-11-23 16:36:02 - [MESSAGE][INFO] - Finding web element with id: 'Object Repository/Olusturma/Genel/DokumanParaBirimiSecilir/Para' located by 'By.xpath: //*[@id = 'CurrencyUnit_I']' in '10' second(s)

2021-11-23 16:36:02 - [MESSAGE][INFO] - Smart Wait Function is triggered

2021-11-23 16:36:03 - [MESSAGE][INFO] - Found 1 web elements with id: 'Object Repository/Olusturma/Genel/DokumanParaBirimiSecilir/Para' located by 'By.xpath: //*[@id = 'CurrencyUnit_I']' in '10' second(s)

2021-11-23 16:36:03 - [MESSAGE][PASSED] - Object 'Object Repository/Olusturma/Genel/DokumanParaBirimiSecilir/Para' is clickable

2021-11-23 16:36:03 - [TEST_STEP][PASSED] - click(findTestObject("Object Repository/Olusturma/Genel/DokumanParaBirimiSecilir/Para")): Object: 'Object Repository/Olusturma/Genel/DokumanParaBirimiSecilir/Para' is clicked on

2021-11-23 16:36:03 - [MESSAGE][INFO] - Finding Test Object 'Object Repository/Olusturma/Genel/DokumanParaBirimiSecilir/Para'

2021-11-23 16:36:03 - [MESSAGE][INFO] - Checking object

2021-11-23 16:36:03 - [MESSAGE][INFO] - Finding web element from Test Object's properties

2021-11-23 16:36:03 - [MESSAGE][INFO] - Checking timeout

2021-11-23 16:36:03 - [MESSAGE][INFO] - Finding web element with id: 'Object Repository/Olusturma/Genel/DokumanParaBirimiSecilir/Para' located by 'By.xpath: //*[@id = 'CurrencyUnit_I']' in '30' second(s)

2021-11-23 16:36:03 - [MESSAGE][INFO] - Smart Wait Function is triggered

2021-11-23 16:36:04 - [MESSAGE][INFO] - Found 1 web elements with id: 'Object Repository/Olusturma/Genel/DokumanParaBirimiSecilir/Para' located by 'By.xpath: //*[@id = 'CurrencyUnit_I']' in '30' second(s)

2021-11-23 16:36:04 - [MESSAGE][INFO] - Clicking on object: 'Object Repository/Olusturma/Genel/DokumanParaBirimiSecilir/Para'

2021-11-23 16:36:04 - [MESSAGE][PASSED] - Object: 'Object Repository/Olusturma/Genel/DokumanParaBirimiSecilir/Para' is clicked on

2021-11-23 16:36:04 - [TEST_STEP][PASSED] - Method.TextDegerineEsitElementeTikla(findTestObject("Object Repository/Olusturma/Genel/DokumanParaBirimiSecilir/Para_Adi"), Para): Method.TextDegerineEsitElementeTikla is PASSED

2021-11-23 16:36:04 - [MESSAGE][INFO] - Finding Test Object 'Object Repository/Olusturma/Genel/DokumanParaBirimiSecilir/Para_Adi'

2021-11-23 16:36:04 - [MESSAGE][INFO] - Checking timeout

2021-11-23 16:36:04 - [MESSAGE][INFO] - Finding web element with id: 'Object Repository/Olusturma/Genel/DokumanParaBirimiSecilir/Para_Adi' located by 'By.cssSelector: #CurrencyUnit_DDD_L_LBT td' in '10' second(s)

2021-11-23 16:36:04 - [MESSAGE][INFO] - Smart Wait Function is triggered

2021-11-23 16:36:04 - [MESSAGE][INFO] - Found 203 web elements with id: 'Object Repository/Olusturma/Genel/DokumanParaBirimiSecilir/Para_Adi' located by 'By.cssSelector: #CurrencyUnit_DDD_L_LBT td' in '10' second(s)

2021-11-23 16:36:10 - [MESSAGE][PASSED] - Method.TextDegerineEsitElementeTikla is PASSED

2021-11-23 16:36:10 - [MESSAGE][PASSED] - Call Test Case 'Test Cases/Olusturma/Genel/DokumanParaBirimiSecilir' successfully

2021-11-23 16:36:10 - [MESSAGE][INFO] - Checking called Test Case

2021-11-23 16:36:10 - [MESSAGE][INFO] - Starting to call Test Case 'Test Cases/Olusturma/Genel/OnEkSecilir'

2021-11-23 16:36:10 - [TEST_CASE][PASSED] - Test Cases/Olusturma/Genel/OnEkSecilir: Test Cases/Olusturma/Genel/OnEkSecilir

2021-11-23 16:36:10 - [TEST_STEP][PASSED] - waitForElementClickable(findTestObject("Object Repository/Olusturma/Genel/OnEkSecilir/OnEk"), 10): Object 'Object Repository/Olusturma/Genel/OnEkSecilir/OnEk' is clickable

2021-11-23 16:36:10 - [MESSAGE][INFO] - Finding Test Object 'Object Repository/Olusturma/Genel/OnEkSecilir/OnEk'

2021-11-23 16:36:10 - [MESSAGE][INFO] - Checking object

2021-11-23 16:36:10 - [MESSAGE][INFO] - Checking timeout

2021-11-23 16:36:10 - [MESSAGE][INFO] - Finding web element from Test Object's properties

2021-11-23 16:36:10 - [MESSAGE][INFO] - Checking timeout

2021-11-23 16:36:10 - [MESSAGE][INFO] - Finding web element with id: 'Object Repository/Olusturma/Genel/OnEkSecilir/OnEk' located by 'By.xpath: //*[@id = 'InvoicePrefix_I']' in '10' second(s)

2021-11-23 16:36:10 - [MESSAGE][INFO] - Smart Wait Function is triggered

2021-11-23 16:36:11 - [MESSAGE][INFO] - Found 1 web elements with id: 'Object Repository/Olusturma/Genel/OnEkSecilir/OnEk' located by 'By.xpath: //*[@id = 'InvoicePrefix_I']' in '10' second(s)

2021-11-23 16:36:11 - [MESSAGE][PASSED] - Object 'Object Repository/Olusturma/Genel/OnEkSecilir/OnEk' is clickable

2021-11-23 16:36:11 - [TEST_STEP][PASSED] - click(findTestObject("Object Repository/Olusturma/Genel/OnEkSecilir/OnEk")): Object: 'Object Repository/Olusturma/Genel/OnEkSecilir/OnEk' is clicked on

2021-11-23 16:36:11 - [MESSAGE][INFO] - Finding Test Object 'Object Repository/Olusturma/Genel/OnEkSecilir/OnEk'

2021-11-23 16:36:11 - [MESSAGE][INFO] - Checking object

2021-11-23 16:36:11 - [MESSAGE][INFO] - Finding web element from Test Object's properties

2021-11-23 16:36:11 - [MESSAGE][INFO] - Checking timeout

2021-11-23 16:36:11 - [MESSAGE][INFO] - Finding web element with id: 'Object Repository/Olusturma/Genel/OnEkSecilir/OnEk' located by 'By.xpath: //*[@id = 'InvoicePrefix_I']' in '30' second(s)

2021-11-23 16:36:11 - [MESSAGE][INFO] - Smart Wait Function is triggered

2021-11-23 16:36:11 - [MESSAGE][INFO] - Found 1 web elements with id: 'Object Repository/Olusturma/Genel/OnEkSecilir/OnEk' located by 'By.xpath: //*[@id = 'InvoicePrefix_I']' in '30' second(s)

2021-11-23 16:36:11 - [MESSAGE][INFO] - Clicking on object: 'Object Repository/Olusturma/Genel/OnEkSecilir/OnEk'

2021-11-23 16:36:11 - [MESSAGE][PASSED] - Object: 'Object Repository/Olusturma/Genel/OnEkSecilir/OnEk' is clicked on

2021-11-23 16:36:11 - [TEST_STEP][PASSED] - Method.TextDegerineEsitElementeTiklaEquals(findTestObject("Object Repository/Olusturma/Genel/OnEkSecilir/OnEkAdi"), Ek): Method.TextDegerineEsitElementeTiklaEquals is PASSED

2021-11-23 16:36:11 - [MESSAGE][INFO] - Finding Test Object 'Object Repository/Olusturma/Genel/OnEkSecilir/OnEkAdi'

2021-11-23 16:36:11 - [MESSAGE][INFO] - Checking timeout

2021-11-23 16:36:11 - [MESSAGE][INFO] - Finding web element with id: 'Object Repository/Olusturma/Genel/OnEkSecilir/OnEkAdi' located by 'By.cssSelector: #InvoicePrefix_DDD_L_LBT td' in '10' second(s)

2021-11-23 16:36:11 - [MESSAGE][INFO] - Smart Wait Function is triggered

2021-11-23 16:36:12 - [MESSAGE][INFO] - Found 1 web elements with id: 'Object Repository/Olusturma/Genel/OnEkSecilir/OnEkAdi' located by 'By.cssSelector: #InvoicePrefix_DDD_L_LBT td' in '10' second(s)

2021-11-23 16:36:12 - [MESSAGE][PASSED] - Method.TextDegerineEsitElementeTiklaEquals is PASSED

2021-11-23 16:36:12 - [MESSAGE][PASSED] - Call Test Case 'Test Cases/Olusturma/Genel/OnEkSecilir' successfully

2021-11-23 16:36:12 - [MESSAGE][INFO] - Checking called Test Case

2021-11-23 16:36:12 - [MESSAGE][INFO] - Starting to call Test Case 'Test Cases/Olusturma/Genel/TasarimSecilir'

2021-11-23 16:36:12 - [TEST_CASE][PASSED] - Test Cases/Olusturma/Genel/TasarimSecilir: Test Cases/Olusturma/Genel/TasarimSecilir

2021-11-23 16:36:13 - [TEST_STEP][PASSED] - waitForElementClickable(findTestObject("Object Repository/Olusturma/Genel/TasarimSecilir/Tasarim"), 10): Object 'Object Repository/Olusturma/Genel/TasarimSecilir/Tasarim' is clickable

2021-11-23 16:36:13 - [MESSAGE][INFO] - Finding Test Object 'Object Repository/Olusturma/Genel/TasarimSecilir/Tasarim'

2021-11-23 16:36:13 - [MESSAGE][INFO] - Checking object

2021-11-23 16:36:13 - [MESSAGE][INFO] - Checking timeout

2021-11-23 16:36:13 - [MESSAGE][INFO] - Finding web element from Test Object's properties

2021-11-23 16:36:13 - [MESSAGE][INFO] - Checking timeout

2021-11-23 16:36:13 - [MESSAGE][INFO] - Finding web element with id: 'Object Repository/Olusturma/Genel/TasarimSecilir/Tasarim' located by 'By.xpath: //*[@id = 'DesignId_I']' in '10' second(s)

2021-11-23 16:36:13 - [MESSAGE][INFO] - Smart Wait Function is triggered

2021-11-23 16:36:13 - [MESSAGE][INFO] - Found 1 web elements with id: 'Object Repository/Olusturma/Genel/TasarimSecilir/Tasarim' located by 'By.xpath: //*[@id = 'DesignId_I']' in '10' second(s)

2021-11-23 16:36:13 - [MESSAGE][PASSED] - Object 'Object Repository/Olusturma/Genel/TasarimSecilir/Tasarim' is clickable

2021-11-23 16:36:13 - [TEST_STEP][PASSED] - click(findTestObject("Object Repository/Olusturma/Genel/TasarimSecilir/Tasarim")): Object: 'Object Repository/Olusturma/Genel/TasarimSecilir/Tasarim' is clicked on

2021-11-23 16:36:13 - [MESSAGE][INFO] - Finding Test Object 'Object Repository/Olusturma/Genel/TasarimSecilir/Tasarim'

2021-11-23 16:36:13 - [MESSAGE][INFO] - Checking object

2021-11-23 16:36:13 - [MESSAGE][INFO] - Finding web element from Test Object's properties

2021-11-23 16:36:13 - [MESSAGE][INFO] - Checking timeout

2021-11-23 16:36:13 - [MESSAGE][INFO] - Finding web element with id: 'Object Repository/Olusturma/Genel/TasarimSecilir/Tasarim' located by 'By.xpath: //*[@id = 'DesignId_I']' in '30' second(s)

2021-11-23 16:36:13 - [MESSAGE][INFO] - Smart Wait Function is triggered

2021-11-23 16:36:13 - [MESSAGE][INFO] - Found 1 web elements with id: 'Object Repository/Olusturma/Genel/TasarimSecilir/Tasarim' located by 'By.xpath: //*[@id = 'DesignId_I']' in '30' second(s)

2021-11-23 16:36:13 - [MESSAGE][INFO] - Clicking on object: 'Object Repository/Olusturma/Genel/TasarimSecilir/Tasarim'

2021-11-23 16:36:13 - [MESSAGE][PASSED] - Object: 'Object Repository/Olusturma/Genel/TasarimSecilir/Tasarim' is clicked on

2021-11-23 16:36:13 - [TEST_STEP][PASSED] - Method.TextDegerineEsitElementeTikla(findTestObject("Object Repository/Olusturma/Genel/TasarimSecilir/Tasarim_Adi"), Tasarim): Method.TextDegerineEsitElementeTikla is PASSED

2021-11-23 16:36:13 - [MESSAGE][INFO] - Finding Test Object 'Object Repository/Olusturma/Genel/TasarimSecilir/Tasarim_Adi'

2021-11-23 16:36:14 - [MESSAGE][INFO] - Checking timeout

2021-11-23 16:36:14 - [MESSAGE][INFO] - Finding web element with id: 'Object Repository/Olusturma/Genel/TasarimSecilir/Tasarim_Adi' located by 'By.cssSelector: #DesignId_DDD_L_LBT td' in '10' second(s)

2021-11-23 16:36:14 - [MESSAGE][INFO] - Smart Wait Function is triggered

2021-11-23 16:36:14 - [MESSAGE][INFO] - Found 1 web elements with id: 'Object Repository/Olusturma/Genel/TasarimSecilir/Tasarim_Adi' located by 'By.cssSelector: #DesignId_DDD_L_LBT td' in '10' second(s)

2021-11-23 16:36:14 - [MESSAGE][PASSED] - Method.TextDegerineEsitElementeTikla is PASSED

2021-11-23 16:36:14 - [MESSAGE][PASSED] - Call Test Case 'Test Cases/Olusturma/Genel/TasarimSecilir' successfully

2021-11-23 16:36:14 - [MESSAGE][INFO] - Checking called Test Case

2021-11-23 16:36:14 - [MESSAGE][INFO] - Starting to call Test Case 'Test Cases/Olusturma/Genel/Kutular/SiparisBilgileriGirilir'

2021-11-23 16:36:14 - [TEST_CASE][PASSED] - Test Cases/Olusturma/Genel/Kutular/SiparisBilgileriGirilir: Test Cases/Olusturma/Genel/Kutular/SiparisBilgileriGirilir

2021-11-23 16:36:15 - [TEST_STEP][PASSED] - Method.TextDegerineEsitElementeTikla(findTestObject("Olusturma/Genel/Kutular/KapaliKutular"), "Sipariş Bilgileri"): Method.TextDegerineEsitElementeTikla is PASSED

2021-11-23 16:36:15 - [MESSAGE][INFO] - Finding Test Object 'Object Repository/Olusturma/Genel/Kutular/KapaliKutular'

2021-11-23 16:36:15 - [MESSAGE][INFO] - Checking timeout

2021-11-23 16:36:15 - [MESSAGE][INFO] - Finding web element with id: 'Object Repository/Olusturma/Genel/Kutular/KapaliKutular' located by 'By.cssSelector: .dxnb-headerCollapsed>span' in '10' second(s)

2021-11-23 16:36:15 - [MESSAGE][INFO] - Smart Wait Function is triggered

2021-11-23 16:36:15 - [MESSAGE][INFO] - Found 8 web elements with id: 'Object Repository/Olusturma/Genel/Kutular/KapaliKutular' located by 'By.cssSelector: .dxnb-headerCollapsed>span' in '10' second(s)

2021-11-23 16:36:16 - [MESSAGE][PASSED] - Method.TextDegerineEsitElementeTikla is PASSED

2021-11-23 16:36:16 - [TEST_STEP][PASSED] - waitForElementPresent(findTestObject("Object Repository/Olusturma/Genel/Kutular/SiparisBilgileri/SiparisNo"), 10): Object 'Object Repository/Olusturma/Genel/Kutular/SiparisBilgileri/SiparisNo' is present

2021-11-23 16:36:16 - [MESSAGE][INFO] - Finding Test Object 'Object Repository/Olusturma/Genel/Kutular/SiparisBilgileri/SiparisNo'

2021-11-23 16:36:16 - [MESSAGE][INFO] - Checking object

2021-11-23 16:36:16 - [MESSAGE][INFO] - Finding web element from Test Object's properties

2021-11-23 16:36:16 - [MESSAGE][INFO] - Checking timeout

2021-11-23 16:36:16 - [MESSAGE][INFO] - Finding web element with id: 'Object Repository/Olusturma/Genel/Kutular/SiparisBilgileri/SiparisNo' located by 'By.xpath: //*[@id = 'txtSiparisNo_I']' in '10' second(s)

2021-11-23 16:36:16 - [MESSAGE][INFO] - Smart Wait Function is triggered

2021-11-23 16:36:16 - [MESSAGE][INFO] - Found 1 web elements with id: 'Object Repository/Olusturma/Genel/Kutular/SiparisBilgileri/SiparisNo' located by 'By.xpath: //*[@id = 'txtSiparisNo_I']' in '10' second(s)

2021-11-23 16:36:16 - [MESSAGE][PASSED] - Object 'Object Repository/Olusturma/Genel/Kutular/SiparisBilgileri/SiparisNo' is present

2021-11-23 16:36:16 - [TEST_STEP][PASSED] - clearText(findTestObject("Object Repository/Olusturma/Genel/Kutular/SiparisBilgileri/SiparisNo")): Text of object 'Object Repository/Olusturma/Genel/Kutular/SiparisBilgileri/SiparisNo' is cleared

2021-11-23 16:36:16 - [MESSAGE][INFO] - Finding Test Object 'Object Repository/Olusturma/Genel/Kutular/SiparisBilgileri/SiparisNo'

2021-11-23 16:36:16 - [MESSAGE][INFO] - Checking object

2021-11-23 16:36:16 - [MESSAGE][INFO] - Finding web element from Test Object's properties

2021-11-23 16:36:16 - [MESSAGE][INFO] - Checking timeout

2021-11-23 16:36:16 - [MESSAGE][INFO] - Finding web element with id: 'Object Repository/Olusturma/Genel/Kutular/SiparisBilgileri/SiparisNo' located by 'By.xpath: //*[@id = 'txtSiparisNo_I']' in '30' second(s)

2021-11-23 16:36:16 - [MESSAGE][INFO] - Smart Wait Function is triggered

2021-11-23 16:36:17 - [MESSAGE][INFO] - Found 1 web elements with id: 'Object Repository/Olusturma/Genel/Kutular/SiparisBilgileri/SiparisNo' located by 'By.xpath: //*[@id = 'txtSiparisNo_I']' in '30' second(s)

2021-11-23 16:36:17 - [MESSAGE][INFO] - Clearing text of object 'Object Repository/Olusturma/Genel/Kutular/SiparisBilgileri/SiparisNo'

2021-11-23 16:36:17 - [MESSAGE][PASSED] - Text of object 'Object Repository/Olusturma/Genel/Kutular/SiparisBilgileri/SiparisNo' is cleared

2021-11-23 16:36:17 - [TEST_STEP][PASSED] - sendKeys(findTestObject("Object Repository/Olusturma/Genel/Kutular/SiparisBilgileri/SiparisNo"), SiparisNo): Keys 'UUC-SAT-1200001' sent to object: 'Object Repository/Olusturma/Genel/Kutular/SiparisBilgileri/SiparisNo'

2021-11-23 16:36:17 - [MESSAGE][INFO] - Finding Test Object 'Object Repository/Olusturma/Genel/Kutular/SiparisBilgileri/SiparisNo'

2021-11-23 16:36:17 - [MESSAGE][INFO] - Sending keys 'UUC-SAT-1200001' to object: 'Object Repository/Olusturma/Genel/Kutular/SiparisBilgileri/SiparisNo'

2021-11-23 16:36:17 - [MESSAGE][INFO] - Finding web element from Test Object's properties

2021-11-23 16:36:17 - [MESSAGE][INFO] - Checking timeout

2021-11-23 16:36:17 - [MESSAGE][INFO] - Finding web element with id: 'Object Repository/Olusturma/Genel/Kutular/SiparisBilgileri/SiparisNo' located by 'By.xpath: //*[@id = 'txtSiparisNo_I']' in '30' second(s)

2021-11-23 16:36:17 - [MESSAGE][INFO] - Smart Wait Function is triggered

2021-11-23 16:36:17 - [MESSAGE][INFO] - Found 1 web elements with id: 'Object Repository/Olusturma/Genel/Kutular/SiparisBilgileri/SiparisNo' located by 'By.xpath: //*[@id = 'txtSiparisNo_I']' in '30' second(s)

2021-11-23 16:36:17 - [MESSAGE][PASSED] - Keys 'UUC-SAT-1200001' sent to object: 'Object Repository/Olusturma/Genel/Kutular/SiparisBilgileri/SiparisNo'

2021-11-23 16:36:17 - [TEST_STEP][PASSED] - waitForElementClickable(findTestObject("Object Repository/Olusturma/Genel/Kutular/SiparisBilgileri/SiparisTarihiImage"), 10): Object 'Object Repository/Olusturma/Genel/Kutular/SiparisBilgileri/SiparisTarihiImage' is clickable

2021-11-23 16:36:17 - [MESSAGE][INFO] - Finding Test Object 'Object Repository/Olusturma/Genel/Kutular/SiparisBilgileri/SiparisTarihiImage'

2021-11-23 16:36:17 - [MESSAGE][INFO] - Checking object

2021-11-23 16:36:17 - [MESSAGE][INFO] - Checking timeout

2021-11-23 16:36:17 - [MESSAGE][INFO] - Finding web element from Test Object's properties

2021-11-23 16:36:17 - [MESSAGE][INFO] - Checking timeout

2021-11-23 16:36:17 - [MESSAGE][INFO] - Finding web element with id: 'Object Repository/Olusturma/Genel/Kutular/SiparisBilgileri/SiparisTarihiImage' located by 'By.cssSelector: #dateSiparisTarih img' in '10' second(s)

2021-11-23 16:36:17 - [MESSAGE][INFO] - Smart Wait Function is triggered

2021-11-23 16:36:18 - [MESSAGE][INFO] - Found 1 web elements with id: 'Object Repository/Olusturma/Genel/Kutular/SiparisBilgileri/SiparisTarihiImage' located by 'By.cssSelector: #dateSiparisTarih img' in '10' second(s)

2021-11-23 16:36:18 - [MESSAGE][PASSED] - Object 'Object Repository/Olusturma/Genel/Kutular/SiparisBilgileri/SiparisTarihiImage' is clickable

2021-11-23 16:36:18 - [TEST_STEP][PASSED] - click(findTestObject("Object Repository/Olusturma/Genel/Kutular/SiparisBilgileri/SiparisTarihiImage")): Object: 'Object Repository/Olusturma/Genel/Kutular/SiparisBilgileri/SiparisTarihiImage' is clicked on

2021-11-23 16:36:18 - [MESSAGE][INFO] - Finding Test Object 'Object Repository/Olusturma/Genel/Kutular/SiparisBilgileri/SiparisTarihiImage'

2021-11-23 16:36:18 - [MESSAGE][INFO] - Checking object

2021-11-23 16:36:18 - [MESSAGE][INFO] - Finding web element from Test Object's properties

2021-11-23 16:36:18 - [MESSAGE][INFO] - Checking timeout

2021-11-23 16:36:18 - [MESSAGE][INFO] - Finding web element with id: 'Object Repository/Olusturma/Genel/Kutular/SiparisBilgileri/SiparisTarihiImage' located by 'By.cssSelector: #dateSiparisTarih img' in '30' second(s)

2021-11-23 16:36:18 - [MESSAGE][INFO] - Smart Wait Function is triggered

2021-11-23 16:36:18 - [MESSAGE][INFO] - Found 1 web elements with id: 'Object Repository/Olusturma/Genel/Kutular/SiparisBilgileri/SiparisTarihiImage' located by 'By.cssSelector: #dateSiparisTarih img' in '30' second(s)

2021-11-23 16:36:18 - [MESSAGE][INFO] - Clicking on object: 'Object Repository/Olusturma/Genel/Kutular/SiparisBilgileri/SiparisTarihiImage'

2021-11-23 16:36:18 - [MESSAGE][PASSED] - Object: 'Object Repository/Olusturma/Genel/Kutular/SiparisBilgileri/SiparisTarihiImage' is clicked on

2021-11-23 16:36:18 - [TEST_STEP][PASSED] - waitForElementPresent(findTestObject("Object Repository/Olusturma/Genel/Kutular/SiparisBilgileri/SiparisTarihi"), 10): Object 'Object Repository/Olusturma/Genel/Kutular/SiparisBilgileri/SiparisTarihi' is present

2021-11-23 16:36:18 - [MESSAGE][INFO] - Finding Test Object 'Object Repository/Olusturma/Genel/Kutular/SiparisBilgileri/SiparisTarihi'

2021-11-23 16:36:18 - [MESSAGE][INFO] - Checking object

2021-11-23 16:36:18 - [MESSAGE][INFO] - Finding web element from Test Object's properties

2021-11-23 16:36:18 - [MESSAGE][INFO] - Checking timeout

2021-11-23 16:36:18 - [MESSAGE][INFO] - Finding web element with id: 'Object Repository/Olusturma/Genel/Kutular/SiparisBilgileri/SiparisTarihi' located by 'By.xpath: //*[@id = 'dateSiparisTarih_I']' in '10' second(s)

2021-11-23 16:36:18 - [MESSAGE][INFO] - Smart Wait Function is triggered

2021-11-23 16:36:19 - [MESSAGE][INFO] - Found 1 web elements with id: 'Object Repository/Olusturma/Genel/Kutular/SiparisBilgileri/SiparisTarihi' located by 'By.xpath: //*[@id = 'dateSiparisTarih_I']' in '10' second(s)

2021-11-23 16:36:19 - [MESSAGE][PASSED] - Object 'Object Repository/Olusturma/Genel/Kutular/SiparisBilgileri/SiparisTarihi' is present

2021-11-23 16:36:19 - [TEST_STEP][PASSED] - clearText(findTestObject("Object Repository/Olusturma/Genel/Kutular/SiparisBilgileri/SiparisTarihi")): Text of object 'Object Repository/Olusturma/Genel/Kutular/SiparisBilgileri/SiparisTarihi' is cleared

2021-11-23 16:36:19 - [MESSAGE][INFO] - Finding Test Object 'Object Repository/Olusturma/Genel/Kutular/SiparisBilgileri/SiparisTarihi'

2021-11-23 16:36:19 - [MESSAGE][INFO] - Checking object

2021-11-23 16:36:19 - [MESSAGE][INFO] - Finding web element from Test Object's properties

2021-11-23 16:36:19 - [MESSAGE][INFO] - Checking timeout

2021-11-23 16:36:19 - [MESSAGE][INFO] - Finding web element with id: 'Object Repository/Olusturma/Genel/Kutular/SiparisBilgileri/SiparisTarihi' located by 'By.xpath: //*[@id = 'dateSiparisTarih_I']' in '30' second(s)

2021-11-23 16:36:19 - [MESSAGE][INFO] - Smart Wait Function is triggered

2021-11-23 16:36:19 - [MESSAGE][INFO] - Found 1 web elements with id: 'Object Repository/Olusturma/Genel/Kutular/SiparisBilgileri/SiparisTarihi' located by 'By.xpath: //*[@id = 'dateSiparisTarih_I']' in '30' second(s)

2021-11-23 16:36:19 - [MESSAGE][INFO] - Clearing text of object 'Object Repository/Olusturma/Genel/Kutular/SiparisBilgileri/SiparisTarihi'

2021-11-23 16:36:19 - [MESSAGE][PASSED] - Text of object 'Object Repository/Olusturma/Genel/Kutular/SiparisBilgileri/SiparisTarihi' is cleared

2021-11-23 16:36:19 - [TEST_STEP][PASSED] - sendKeys(findTestObject("Object Repository/Olusturma/Genel/Kutular/SiparisBilgileri/SiparisTarihi"), Tarih): Keys '30.04.2020' sent to object: 'Object Repository/Olusturma/Genel/Kutular/SiparisBilgileri/SiparisTarihi'

2021-11-23 16:36:19 - [MESSAGE][INFO] - Finding Test Object 'Object Repository/Olusturma/Genel/Kutular/SiparisBilgileri/SiparisTarihi'

2021-11-23 16:36:20 - [MESSAGE][INFO] - Sending keys '30.04.2020' to object: 'Object Repository/Olusturma/Genel/Kutular/SiparisBilgileri/SiparisTarihi'

2021-11-23 16:36:20 - [MESSAGE][INFO] - Finding web element from Test Object's properties

2021-11-23 16:36:20 - [MESSAGE][INFO] - Checking timeout

2021-11-23 16:36:20 - [MESSAGE][INFO] - Finding web element with id: 'Object Repository/Olusturma/Genel/Kutular/SiparisBilgileri/SiparisTarihi' located by 'By.xpath: //*[@id = 'dateSiparisTarih_I']' in '30' second(s)

2021-11-23 16:36:20 - [MESSAGE][INFO] - Smart Wait Function is triggered

2021-11-23 16:36:20 - [MESSAGE][INFO] - Found 1 web elements with id: 'Object Repository/Olusturma/Genel/Kutular/SiparisBilgileri/SiparisTarihi' located by 'By.xpath: //*[@id = 'dateSiparisTarih_I']' in '30' second(s)

2021-11-23 16:36:20 - [MESSAGE][PASSED] - Keys '30.04.2020' sent to object: 'Object Repository/Olusturma/Genel/Kutular/SiparisBilgileri/SiparisTarihi'

2021-11-23 16:36:20 - [MESSAGE][PASSED] - Call Test Case 'Test Cases/Olusturma/Genel/Kutular/SiparisBilgileriGirilir' successfully

2021-11-23 16:36:20 - [MESSAGE][INFO] - Checking called Test Case

2021-11-23 16:36:20 - [MESSAGE][INFO] - Starting to call Test Case 'Test Cases/Olusturma/Genel/Kutular/IrsaliyeBilgileri'

2021-11-23 16:36:20 - [TEST_CASE][PASSED] - Test Cases/Olusturma/Genel/Kutular/IrsaliyeBilgileri: Test Cases/Olusturma/Genel/Kutular/IrsaliyeBilgileri

2021-11-23 16:36:21 - [TEST_STEP][PASSED] - Method.TextDegerineEsitElementeTikla(findTestObject("Olusturma/Genel/Kutular/KapaliKutular"), "İrsaliye Bilgileri"): Method.TextDegerineEsitElementeTikla is PASSED

2021-11-23 16:36:21 - [MESSAGE][INFO] - Finding Test Object 'Object Repository/Olusturma/Genel/Kutular/KapaliKutular'

2021-11-23 16:36:21 - [MESSAGE][INFO] - Checking timeout

2021-11-23 16:36:21 - [MESSAGE][INFO] - Finding web element with id: 'Object Repository/Olusturma/Genel/Kutular/KapaliKutular' located by 'By.cssSelector: .dxnb-headerCollapsed>span' in '10' second(s)

2021-11-23 16:36:21 - [MESSAGE][INFO] - Smart Wait Function is triggered

2021-11-23 16:36:21 - [MESSAGE][INFO] - Found 8 web elements with id: 'Object Repository/Olusturma/Genel/Kutular/KapaliKutular' located by 'By.cssSelector: .dxnb-headerCollapsed>span' in '10' second(s)

2021-11-23 16:36:21 - [MESSAGE][PASSED] - Method.TextDegerineEsitElementeTikla is PASSED

2021-11-23 16:36:21 - [TEST_STEP][PASSED] - waitForElementClickable(findTestObject("Olusturma/Genel/Kutular/IrsaliyeBilgileri/Ekle"), 10): Object 'Object Repository/Olusturma/Genel/Kutular/IrsaliyeBilgileri/Ekle' is clickable

2021-11-23 16:36:21 - [MESSAGE][INFO] - Finding Test Object 'Object Repository/Olusturma/Genel/Kutular/IrsaliyeBilgileri/Ekle'

2021-11-23 16:36:21 - [MESSAGE][INFO] - Checking object

2021-11-23 16:36:21 - [MESSAGE][INFO] - Checking timeout

2021-11-23 16:36:21 - [MESSAGE][INFO] - Finding web element from Test Object's properties

2021-11-23 16:36:21 - [MESSAGE][INFO] - Checking timeout

2021-11-23 16:36:21 - [MESSAGE][INFO] - Finding web element with id: 'Object Repository/Olusturma/Genel/Kutular/IrsaliyeBilgileri/Ekle' located by 'By.xpath: //*[@id = 'DXEditorgvUserInvoiceBillsNewRowBtn']' in '10' second(s)

2021-11-23 16:36:21 - [MESSAGE][INFO] - Smart Wait Function is triggered

2021-11-23 16:36:22 - [MESSAGE][INFO] - Found 1 web elements with id: 'Object Repository/Olusturma/Genel/Kutular/IrsaliyeBilgileri/Ekle' located by 'By.xpath: //*[@id = 'DXEditorgvUserInvoiceBillsNewRowBtn']' in '10' second(s)

2021-11-23 16:36:22 - [MESSAGE][PASSED] - Object 'Object Repository/Olusturma/Genel/Kutular/IrsaliyeBilgileri/Ekle' is clickable

2021-11-23 16:36:22 - [TEST_STEP][PASSED] - click(findTestObject("Olusturma/Genel/Kutular/IrsaliyeBilgileri/Ekle")): Object: 'Object Repository/Olusturma/Genel/Kutular/IrsaliyeBilgileri/Ekle' is clicked on

2021-11-23 16:36:22 - [MESSAGE][INFO] - Finding Test Object 'Object Repository/Olusturma/Genel/Kutular/IrsaliyeBilgileri/Ekle'

2021-11-23 16:36:22 - [MESSAGE][INFO] - Checking object

2021-11-23 16:36:22 - [MESSAGE][INFO] - Finding web element from Test Object's properties

2021-11-23 16:36:22 - [MESSAGE][INFO] - Checking timeout

2021-11-23 16:36:22 - [MESSAGE][INFO] - Finding web element with id: 'Object Repository/Olusturma/Genel/Kutular/IrsaliyeBilgileri/Ekle' located by 'By.xpath: //*[@id = 'DXEditorgvUserInvoiceBillsNewRowBtn']' in '30' second(s)

2021-11-23 16:36:22 - [MESSAGE][INFO] - Smart Wait Function is triggered

2021-11-23 16:36:22 - [MESSAGE][INFO] - Found 1 web elements with id: 'Object Repository/Olusturma/Genel/Kutular/IrsaliyeBilgileri/Ekle' located by 'By.xpath: //*[@id = 'DXEditorgvUserInvoiceBillsNewRowBtn']' in '30' second(s)

2021-11-23 16:36:22 - [MESSAGE][INFO] - Clicking on object: 'Object Repository/Olusturma/Genel/Kutular/IrsaliyeBilgileri/Ekle'

2021-11-23 16:36:22 - [MESSAGE][PASSED] - Object: 'Object Repository/Olusturma/Genel/Kutular/IrsaliyeBilgileri/Ekle' is clicked on

2021-11-23 16:36:22 - [TEST_STEP][PASSED] - waitForElementPresent(findTestObject("Object Repository/Olusturma/Genel/Kutular/IrsaliyeBilgileri/IrsaliyeNumarasi"), 10): Object 'Object Repository/Olusturma/Genel/Kutular/IrsaliyeBilgileri/IrsaliyeNumarasi' is present

2021-11-23 16:36:22 - [MESSAGE][INFO] - Finding Test Object 'Object Repository/Olusturma/Genel/Kutular/IrsaliyeBilgileri/IrsaliyeNumarasi'

2021-11-23 16:36:22 - [MESSAGE][INFO] - Checking object

2021-11-23 16:36:22 - [MESSAGE][INFO] - Finding web element from Test Object's properties

2021-11-23 16:36:22 - [MESSAGE][INFO] - Checking timeout

2021-11-23 16:36:22 - [MESSAGE][INFO] - Finding web element with id: 'Object Repository/Olusturma/Genel/Kutular/IrsaliyeBilgileri/IrsaliyeNumarasi' located by 'By.xpath: //*[@id = 'gvUserInvoiceBills_DXEditor1_I']' in '10' second(s)

2021-11-23 16:36:22 - [MESSAGE][INFO] - Smart Wait Function is triggered

2021-11-23 16:36:23 - [MESSAGE][INFO] - Smart Wait Function is triggered

2021-11-23 16:36:24 - [MESSAGE][INFO] - Found 1 web elements with id: 'Object Repository/Olusturma/Genel/Kutular/IrsaliyeBilgileri/IrsaliyeNumarasi' located by 'By.xpath: //*[@id = 'gvUserInvoiceBills_DXEditor1_I']' in '10' second(s)

2021-11-23 16:36:24 - [MESSAGE][PASSED] - Object 'Object Repository/Olusturma/Genel/Kutular/IrsaliyeBilgileri/IrsaliyeNumarasi' is present

2021-11-23 16:36:24 - [TEST_STEP][PASSED] - clearText(findTestObject("Object Repository/Olusturma/Genel/Kutular/IrsaliyeBilgileri/IrsaliyeNumarasi")): Text of object 'Object Repository/Olusturma/Genel/Kutular/IrsaliyeBilgileri/IrsaliyeNumarasi' is cleared

2021-11-23 16:36:24 - [MESSAGE][INFO] - Finding Test Object 'Object Repository/Olusturma/Genel/Kutular/IrsaliyeBilgileri/IrsaliyeNumarasi'

2021-11-23 16:36:24 - [MESSAGE][INFO] - Checking object

2021-11-23 16:36:24 - [MESSAGE][INFO] - Finding web element from Test Object's properties

2021-11-23 16:36:24 - [MESSAGE][INFO] - Checking timeout

2021-11-23 16:36:24 - [MESSAGE][INFO] - Finding web element with id: 'Object Repository/Olusturma/Genel/Kutular/IrsaliyeBilgileri/IrsaliyeNumarasi' located by 'By.xpath: //*[@id = 'gvUserInvoiceBills_DXEditor1_I']' in '30' second(s)

2021-11-23 16:36:24 - [MESSAGE][INFO] - Smart Wait Function is triggered

2021-11-23 16:36:24 - [MESSAGE][INFO] - Found 1 web elements with id: 'Object Repository/Olusturma/Genel/Kutular/IrsaliyeBilgileri/IrsaliyeNumarasi' located by 'By.xpath: //*[@id = 'gvUserInvoiceBills_DXEditor1_I']' in '30' second(s)

2021-11-23 16:36:24 - [MESSAGE][INFO] - Clearing text of object 'Object Repository/Olusturma/Genel/Kutular/IrsaliyeBilgileri/IrsaliyeNumarasi'

2021-11-23 16:36:24 - [MESSAGE][PASSED] - Text of object 'Object Repository/Olusturma/Genel/Kutular/IrsaliyeBilgileri/IrsaliyeNumarasi' is cleared

2021-11-23 16:36:24 - [TEST_STEP][PASSED] - sendKeys(findTestObject("Object Repository/Olusturma/Genel/Kutular/IrsaliyeBilgileri/IrsaliyeNumarasi"), Numara): Keys 'AAAAAAAAAA' sent to object: 'Object Repository/Olusturma/Genel/Kutular/IrsaliyeBilgileri/IrsaliyeNumarasi'

2021-11-23 16:36:24 - [MESSAGE][INFO] - Finding Test Object 'Object Repository/Olusturma/Genel/Kutular/IrsaliyeBilgileri/IrsaliyeNumarasi'

2021-11-23 16:36:24 - [MESSAGE][INFO] - Sending keys 'AAAAAAAAAA' to object: 'Object Repository/Olusturma/Genel/Kutular/IrsaliyeBilgileri/IrsaliyeNumarasi'

2021-11-23 16:36:24 - [MESSAGE][INFO] - Finding web element from Test Object's properties

2021-11-23 16:36:24 - [MESSAGE][INFO] - Checking timeout

2021-11-23 16:36:24 - [MESSAGE][INFO] - Finding web element with id: 'Object Repository/Olusturma/Genel/Kutular/IrsaliyeBilgileri/IrsaliyeNumarasi' located by 'By.xpath: //*[@id = 'gvUserInvoiceBills_DXEditor1_I']' in '30' second(s)

2021-11-23 16:36:24 - [MESSAGE][INFO] - Smart Wait Function is triggered

2021-11-23 16:36:24 - [MESSAGE][INFO] - Found 1 web elements with id: 'Object Repository/Olusturma/Genel/Kutular/IrsaliyeBilgileri/IrsaliyeNumarasi' located by 'By.xpath: //*[@id = 'gvUserInvoiceBills_DXEditor1_I']' in '30' second(s)

2021-11-23 16:36:25 - [MESSAGE][PASSED] - Keys 'AAAAAAAAAA' sent to object: 'Object Repository/Olusturma/Genel/Kutular/IrsaliyeBilgileri/IrsaliyeNumarasi'

2021-11-23 16:36:25 - [TEST_STEP][PASSED] - waitForElementClickable(findTestObject("Object Repository/Olusturma/Genel/Kutular/IrsaliyeBilgileri/IrsaliyeTarihi"), 10): Object 'Object Repository/Olusturma/Genel/Kutular/IrsaliyeBilgileri/IrsaliyeTarihi' is clickable

2021-11-23 16:36:25 - [MESSAGE][INFO] - Finding Test Object 'Object Repository/Olusturma/Genel/Kutular/IrsaliyeBilgileri/IrsaliyeTarihi'

2021-11-23 16:36:25 - [MESSAGE][INFO] - Checking object

2021-11-23 16:36:25 - [MESSAGE][INFO] - Checking timeout

2021-11-23 16:36:25 - [MESSAGE][INFO] - Finding web element from Test Object's properties

2021-11-23 16:36:25 - [MESSAGE][INFO] - Checking timeout

2021-11-23 16:36:25 - [MESSAGE][INFO] - Finding web element with id: 'Object Repository/Olusturma/Genel/Kutular/IrsaliyeBilgileri/IrsaliyeTarihi' located by 'By.xpath: //*[@id = 'gvUserInvoiceBills_DXEditor2_I']' in '10' second(s)

2021-11-23 16:36:25 - [MESSAGE][INFO] - Smart Wait Function is triggered

2021-11-23 16:36:25 - [MESSAGE][INFO] - Found 1 web elements with id: 'Object Repository/Olusturma/Genel/Kutular/IrsaliyeBilgileri/IrsaliyeTarihi' located by 'By.xpath: //*[@id = 'gvUserInvoiceBills_DXEditor2_I']' in '10' second(s)

2021-11-23 16:36:25 - [MESSAGE][PASSED] - Object 'Object Repository/Olusturma/Genel/Kutular/IrsaliyeBilgileri/IrsaliyeTarihi' is clickable

2021-11-23 16:36:25 - [TEST_STEP][PASSED] - click(findTestObject("Object Repository/Olusturma/Genel/Kutular/IrsaliyeBilgileri/IrsaliyeTarihi")): Object: 'Object Repository/Olusturma/Genel/Kutular/IrsaliyeBilgileri/IrsaliyeTarihi' is clicked on

2021-11-23 16:36:25 - [MESSAGE][INFO] - Finding Test Object 'Object Repository/Olusturma/Genel/Kutular/IrsaliyeBilgileri/IrsaliyeTarihi'

2021-11-23 16:36:25 - [MESSAGE][INFO] - Checking object

2021-11-23 16:36:25 - [MESSAGE][INFO] - Finding web element from Test Object's properties

2021-11-23 16:36:25 - [MESSAGE][INFO] - Checking timeout

2021-11-23 16:36:25 - [MESSAGE][INFO] - Finding web element with id: 'Object Repository/Olusturma/Genel/Kutular/IrsaliyeBilgileri/IrsaliyeTarihi' located by 'By.xpath: //*[@id = 'gvUserInvoiceBills_DXEditor2_I']' in '30' second(s)

2021-11-23 16:36:25 - [MESSAGE][INFO] - Smart Wait Function is triggered

2021-11-23 16:36:25 - [MESSAGE][INFO] - Found 1 web elements with id: 'Object Repository/Olusturma/Genel/Kutular/IrsaliyeBilgileri/IrsaliyeTarihi' located by 'By.xpath: //*[@id = 'gvUserInvoiceBills_DXEditor2_I']' in '30' second(s)

2021-11-23 16:36:25 - [MESSAGE][INFO] - Clicking on object: 'Object Repository/Olusturma/Genel/Kutular/IrsaliyeBilgileri/IrsaliyeTarihi'

2021-11-23 16:36:26 - [MESSAGE][PASSED] - Object: 'Object Repository/Olusturma/Genel/Kutular/IrsaliyeBilgileri/IrsaliyeTarihi' is clicked on

2021-11-23 16:36:26 - [TEST_STEP][PASSED] - sendKeys(findTestObject("Object Repository/Olusturma/Genel/Kutular/IrsaliyeBilgileri/IrsaliyeTarihi"), Tarih): Keys '31.04.2020' sent to object: 'Object Repository/Olusturma/Genel/Kutular/IrsaliyeBilgileri/IrsaliyeTarihi'

2021-11-23 16:36:26 - [MESSAGE][INFO] - Finding Test Object 'Object Repository/Olusturma/Genel/Kutular/IrsaliyeBilgileri/IrsaliyeTarihi'

2021-11-23 16:36:26 - [MESSAGE][INFO] - Sending keys '31.04.2020' to object: 'Object Repository/Olusturma/Genel/Kutular/IrsaliyeBilgileri/IrsaliyeTarihi'

2021-11-23 16:36:26 - [MESSAGE][INFO] - Finding web element from Test Object's properties

2021-11-23 16:36:26 - [MESSAGE][INFO] - Checking timeout

2021-11-23 16:36:26 - [MESSAGE][INFO] - Finding web element with id: 'Object Repository/Olusturma/Genel/Kutular/IrsaliyeBilgileri/IrsaliyeTarihi' located by 'By.xpath: //*[@id = 'gvUserInvoiceBills_DXEditor2_I']' in '30' second(s)

2021-11-23 16:36:26 - [MESSAGE][INFO] - Smart Wait Function is triggered

2021-11-23 16:36:26 - [MESSAGE][INFO] - Found 1 web elements with id: 'Object Repository/Olusturma/Genel/Kutular/IrsaliyeBilgileri/IrsaliyeTarihi' located by 'By.xpath: //*[@id = 'gvUserInvoiceBills_DXEditor2_I']' in '30' second(s)

2021-11-23 16:36:26 - [MESSAGE][PASSED] - Keys '31.04.2020' sent to object: 'Object Repository/Olusturma/Genel/Kutular/IrsaliyeBilgileri/IrsaliyeTarihi'

2021-11-23 16:36:26 - [MESSAGE][PASSED] - Call Test Case 'Test Cases/Olusturma/Genel/Kutular/IrsaliyeBilgileri' successfully

2021-11-23 16:36:26 - [MESSAGE][INFO] - Checking called Test Case

2021-11-23 16:36:26 - [MESSAGE][INFO] - Starting to call Test Case 'Test Cases/Olusturma/Genel/EkleButonunaBasilir'

2021-11-23 16:36:26 - [TEST_CASE][PASSED] - Test Cases/Olusturma/Genel/EkleButonunaBasilir: Test Cases/Olusturma/Genel/EkleButonunaBasilir

2021-11-23 16:36:27 - [TEST_STEP][PASSED] - waitForElementClickable(findTestObject("Object Repository/Olusturma/Genel/Olusturma/Ekle"), 10): Object 'Object Repository/Olusturma/Genel/Olusturma/Ekle' is clickable

2021-11-23 16:36:27 - [MESSAGE][INFO] - Finding Test Object 'Object Repository/Olusturma/Genel/Olusturma/Ekle'

2021-11-23 16:36:27 - [MESSAGE][INFO] - Checking object

2021-11-23 16:36:27 - [MESSAGE][INFO] - Checking timeout

2021-11-23 16:36:27 - [MESSAGE][INFO] - Finding web element from Test Object's properties

2021-11-23 16:36:27 - [MESSAGE][INFO] - Checking timeout

2021-11-23 16:36:27 - [MESSAGE][INFO] - Finding web element with id: 'Object Repository/Olusturma/Genel/Olusturma/Ekle' located by 'By.cssSelector: #divmalhizmet i.fa.fa-plus.fa-lg.text-muted' in '10' second(s)

2021-11-23 16:36:27 - [MESSAGE][INFO] - Smart Wait Function is triggered

2021-11-23 16:36:27 - [MESSAGE][INFO] - Found 1 web elements with id: 'Object Repository/Olusturma/Genel/Olusturma/Ekle' located by 'By.cssSelector: #divmalhizmet i.fa.fa-plus.fa-lg.text-muted' in '10' second(s)

2021-11-23 16:36:27 - [MESSAGE][PASSED] - Object 'Object Repository/Olusturma/Genel/Olusturma/Ekle' is clickable

2021-11-23 16:36:27 - [TEST_STEP][PASSED] - click(findTestObject("Object Repository/Olusturma/Genel/Olusturma/Ekle")): Object: 'Object Repository/Olusturma/Genel/Olusturma/Ekle' is clicked on

2021-11-23 16:36:27 - [MESSAGE][INFO] - Finding Test Object 'Object Repository/Olusturma/Genel/Olusturma/Ekle'

2021-11-23 16:36:27 - [MESSAGE][INFO] - Checking object

2021-11-23 16:36:27 - [MESSAGE][INFO] - Finding web element from Test Object's properties

2021-11-23 16:36:27 - [MESSAGE][INFO] - Checking timeout

2021-11-23 16:36:27 - [MESSAGE][INFO] - Finding web element with id: 'Object Repository/Olusturma/Genel/Olusturma/Ekle' located by 'By.cssSelector: #divmalhizmet i.fa.fa-plus.fa-lg.text-muted' in '30' second(s)

2021-11-23 16:36:27 - [MESSAGE][INFO] - Smart Wait Function is triggered

2021-11-23 16:36:28 - [MESSAGE][INFO] - Found 1 web elements with id: 'Object Repository/Olusturma/Genel/Olusturma/Ekle' located by 'By.cssSelector: #divmalhizmet i.fa.fa-plus.fa-lg.text-muted' in '30' second(s)

2021-11-23 16:36:28 - [MESSAGE][INFO] - Clicking on object: 'Object Repository/Olusturma/Genel/Olusturma/Ekle'

2021-11-23 16:36:28 - [MESSAGE][PASSED] - Object: 'Object Repository/Olusturma/Genel/Olusturma/Ekle' is clicked on

2021-11-23 16:36:28 - [TEST_STEP][PASSED] - waitForElementClickable(findTestObject("Olusturma/Genel/Olusturma/EklenenSatirCarpiImage"), 10): Object 'Object Repository/Olusturma/Genel/Olusturma/EklenenSatirCarpiImage' is clickable

2021-11-23 16:36:28 - [MESSAGE][INFO] - Finding Test Object 'Object Repository/Olusturma/Genel/Olusturma/EklenenSatirCarpiImage'

2021-11-23 16:36:28 - [MESSAGE][INFO] - Checking object

2021-11-23 16:36:28 - [MESSAGE][INFO] - Checking timeout

2021-11-23 16:36:28 - [MESSAGE][INFO] - Finding web element from Test Object's properties

2021-11-23 16:36:28 - [MESSAGE][INFO] - Checking timeout

2021-11-23 16:36:28 - [MESSAGE][INFO] - Finding web element with id: 'Object Repository/Olusturma/Genel/Olusturma/EklenenSatirCarpiImage' located by 'By.cssSelector: .fa.fa-times.fa-lg.text-primary' in '10' second(s)

2021-11-23 16:36:28 - [MESSAGE][INFO] - Smart Wait Function is triggered

2021-11-23 16:36:28 - [MESSAGE][INFO] - Found 1 web elements with id: 'Object Repository/Olusturma/Genel/Olusturma/EklenenSatirCarpiImage' located by 'By.cssSelector: .fa.fa-times.fa-lg.text-primary' in '10' second(s)

2021-11-23 16:36:28 - [MESSAGE][PASSED] - Object 'Object Repository/Olusturma/Genel/Olusturma/EklenenSatirCarpiImage' is clickable

2021-11-23 16:36:28 - [MESSAGE][PASSED] - Call Test Case 'Test Cases/Olusturma/Genel/EkleButonunaBasilir' successfully

2021-11-23 16:36:28 - [MESSAGE][INFO] - Checking called Test Case

2021-11-23 16:36:28 - [MESSAGE][INFO] - Starting to call Test Case 'Test Cases/Olusturma/Genel/Olusturma'

2021-11-23 16:36:28 - [TEST_CASE][PASSED] - Test Cases/Olusturma/Genel/Olusturma: Test Cases/Olusturma/Genel/Olusturma

2021-11-23 16:36:29 - [TEST_STEP][PASSED] - driver = getWebDriver(): null

2021-11-23 16:36:29 - [TEST_STEP][PASSED] - action = new org.openqa.selenium.interactions.Actions(driver): null

2021-11-23 16:36:29 - [TEST_STEP][PASSED] - baslikElement = <not implemented yet for class: org.codehaus.groovy.ast.expr.EmptyExpression>: null

2021-11-23 16:36:29 - [TEST_STEP][PASSED] - sonElement = <not implemented yet for class: org.codehaus.groovy.ast.expr.EmptyExpression>: null

2021-11-23 16:36:29 - [TEST_STEP][PASSED] - attr = <not implemented yet for class: org.codehaus.groovy.ast.expr.EmptyExpression>: null

2021-11-23 16:36:29 - [TEST_STEP][PASSED] - a = 0: null

2021-11-23 16:36:29 - [TEST_STEP][PASSED] - elements = findWebElements(findTestObject("Object Repository/Olusturma/Genel/Olusturma/TabloBasliklari"), 10): Found 14 web elements with id: 'Object Repository/Olusturma/Genel/Olusturma/TabloBasliklari' located by 'By.cssSelector: div#divmalhizmet .dxgvTable_LECustomTheme td.dxgvHeader_LECustomTheme tr>td:nth-child(1)' in '10' second(s)

2021-11-23 16:36:29 - [MESSAGE][INFO] - Finding Test Object 'Object Repository/Olusturma/Genel/Olusturma/TabloBasliklari'

2021-11-23 16:36:29 - [MESSAGE][INFO] - Checking timeout

2021-11-23 16:36:29 - [MESSAGE][INFO] - Finding web element with id: 'Object Repository/Olusturma/Genel/Olusturma/TabloBasliklari' located by 'By.cssSelector: div#divmalhizmet .dxgvTable_LECustomTheme td.dxgvHeader_LECustomTheme tr>td:nth-child(1)' in '10' second(s)

2021-11-23 16:36:29 - [MESSAGE][INFO] - Smart Wait Function is triggered

2021-11-23 16:36:29 - [MESSAGE][INFO] - Found 14 web elements with id: 'Object Repository/Olusturma/Genel/Olusturma/TabloBasliklari' located by 'By.cssSelector: div#divmalhizmet .dxgvTable_LECustomTheme td.dxgvHeader_LECustomTheme tr>td:nth-child(1)' in '10' second(s)

2021-11-23 16:36:29 - [TEST_STEP][PASSED] - for (def element : elements): null

2021-11-23 16:36:29 - [TEST_STEP][PASSED] - build().perform(): null

2021-11-23 16:36:29 - [TEST_STEP][PASSED] - if (getText().equals(Baslik)): null

2021-11-23 16:36:29 - [TEST_STEP][PASSED] - baslikElement = element.findElement(By.xpath("../../../..")): Smart Wait Function is triggered

2021-11-23 16:36:29 - [MESSAGE][INFO] - Smart Wait Function is triggered

2021-11-23 16:36:30 - [TEST_STEP][PASSED] - attr = baslikElement.getAttribute("id"): null

2021-11-23 16:36:30 - [TEST_STEP][PASSED] - println("girdi ve idsini aldı = " + attr): null

2021-11-23 16:36:30 - [TEST_STEP][PASSED] - break: null

2021-11-23 16:36:30 - [TEST_STEP][PASSED] - countElement = baslikElement.findElements(By.xpath("../td")): Smart Wait Function is triggered

2021-11-23 16:36:30 - [MESSAGE][INFO] - Smart Wait Function is triggered

2021-11-23 16:36:30 - [TEST_STEP][PASSED] - for (def element : countElement): null

2021-11-23 16:36:30 - [TEST_STEP][PASSED] - if (toString().equals(attr.toString())): null

2021-11-23 16:36:30 - [TEST_STEP][PASSED] - (a++): null

2021-11-23 16:36:30 - [TEST_STEP][PASSED] - if (toString().equals(attr.toString())): null

2021-11-23 16:36:30 - [TEST_STEP][PASSED] - break: null

2021-11-23 16:36:30 - [TEST_STEP][PASSED] - son = findWebElement(findTestObject("Object Repository/Olusturma/Genel/Olusturma/EklenenSatir")).findElement(By.xpath("td[@class='dxgvInlineEditCell_LECustomTheme dxgv'][" + a + "]//td[@class='dxic']/input")): Smart Wait Function is triggered

2021-11-23 16:36:30 - [MESSAGE][INFO] - Finding Test Object 'Object Repository/Olusturma/Genel/Olusturma/EklenenSatir'

2021-11-23 16:36:30 - [MESSAGE][INFO] - Finding web element from Test Object's properties

2021-11-23 16:36:30 - [MESSAGE][INFO] - Checking timeout

2021-11-23 16:36:30 - [MESSAGE][INFO] - Finding web element with id: 'Object Repository/Olusturma/Genel/Olusturma/EklenenSatir' located by 'By.cssSelector: #divmalhizmet .dxgvInlineEditRow_LECustomTheme' in '30' second(s)

2021-11-23 16:36:30 - [MESSAGE][INFO] - Smart Wait Function is triggered

2021-11-23 16:36:30 - [MESSAGE][INFO] - Found 1 web elements with id: 'Object Repository/Olusturma/Genel/Olusturma/EklenenSatir' located by 'By.cssSelector: #divmalhizmet .dxgvInlineEditRow_LECustomTheme' in '30' second(s)

2021-11-23 16:36:30 - [MESSAGE][INFO] - Smart Wait Function is triggered

2021-11-23 16:36:31 - [TEST_STEP][PASSED] - if (!(getAttribute("value").contains("Vkn"))): null

2021-11-23 16:36:31 - [TEST_STEP][PASSED] - son.clear(): null

2021-11-23 16:36:31 - [TEST_STEP][PASSED] - son.sendKeys(Deger): null

2021-11-23 16:36:31 - [MESSAGE][PASSED] - Call Test Case 'Test Cases/Olusturma/Genel/Olusturma' successfully

2021-11-23 16:36:31 - [MESSAGE][INFO] - Checking called Test Case

2021-11-23 16:36:31 - [MESSAGE][INFO] - Starting to call Test Case 'Test Cases/Olusturma/Genel/Olusturma'

2021-11-23 16:36:31 - [TEST_CASE][PASSED] - Test Cases/Olusturma/Genel/Olusturma: Test Cases/Olusturma/Genel/Olusturma

2021-11-23 16:36:31 - [TEST_STEP][PASSED] - driver = getWebDriver(): null

2021-11-23 16:36:31 - [TEST_STEP][PASSED] - action = new org.openqa.selenium.interactions.Actions(driver): null

2021-11-23 16:36:31 - [TEST_STEP][PASSED] - baslikElement = <not implemented yet for class: org.codehaus.groovy.ast.expr.EmptyExpression>: null

2021-11-23 16:36:31 - [TEST_STEP][PASSED] - sonElement = <not implemented yet for class: org.codehaus.groovy.ast.expr.EmptyExpression>: null

2021-11-23 16:36:31 - [TEST_STEP][PASSED] - attr = <not implemented yet for class: org.codehaus.groovy.ast.expr.EmptyExpression>: null

2021-11-23 16:36:31 - [TEST_STEP][PASSED] - a = 0: null

2021-11-23 16:36:31 - [TEST_STEP][PASSED] - elements = findWebElements(findTestObject("Object Repository/Olusturma/Genel/Olusturma/TabloBasliklari"), 10): Found 14 web elements with id: 'Object Repository/Olusturma/Genel/Olusturma/TabloBasliklari' located by 'By.cssSelector: div#divmalhizmet .dxgvTable_LECustomTheme td.dxgvHeader_LECustomTheme tr>td:nth-child(1)' in '10' second(s)

2021-11-23 16:36:31 - [MESSAGE][INFO] - Finding Test Object 'Object Repository/Olusturma/Genel/Olusturma/TabloBasliklari'

2021-11-23 16:36:31 - [MESSAGE][INFO] - Checking timeout

2021-11-23 16:36:31 - [MESSAGE][INFO] - Finding web element with id: 'Object Repository/Olusturma/Genel/Olusturma/TabloBasliklari' located by 'By.cssSelector: div#divmalhizmet .dxgvTable_LECustomTheme td.dxgvHeader_LECustomTheme tr>td:nth-child(1)' in '10' second(s)

2021-11-23 16:36:31 - [MESSAGE][INFO] - Smart Wait Function is triggered

2021-11-23 16:36:31 - [MESSAGE][INFO] - Found 14 web elements with id: 'Object Repository/Olusturma/Genel/Olusturma/TabloBasliklari' located by 'By.cssSelector: div#divmalhizmet .dxgvTable_LECustomTheme td.dxgvHeader_LECustomTheme tr>td:nth-child(1)' in '10' second(s)

2021-11-23 16:36:31 - [TEST_STEP][PASSED] - for (def element : elements): null

2021-11-23 16:36:31 - [TEST_STEP][PASSED] - build().perform(): null

2021-11-23 16:36:31 - [TEST_STEP][PASSED] - if (getText().equals(Baslik)): null

2021-11-23 16:36:31 - [TEST_STEP][PASSED] - build().perform(): null

2021-11-23 16:36:32 - [TEST_STEP][PASSED] - if (getText().equals(Baslik)): null

2021-11-23 16:36:32 - [TEST_STEP][PASSED] - baslikElement = element.findElement(By.xpath("../../../..")): Smart Wait Function is triggered

2021-11-23 16:36:32 - [MESSAGE][INFO] - Smart Wait Function is triggered

2021-11-23 16:36:32 - [TEST_STEP][PASSED] - attr = baslikElement.getAttribute("id"): null

2021-11-23 16:36:32 - [TEST_STEP][PASSED] - println("girdi ve idsini aldı = " + attr): null

2021-11-23 16:36:32 - [TEST_STEP][PASSED] - break: null

2021-11-23 16:36:32 - [TEST_STEP][PASSED] - countElement = baslikElement.findElements(By.xpath("../td")): Smart Wait Function is triggered

2021-11-23 16:36:32 - [MESSAGE][INFO] - Smart Wait Function is triggered

2021-11-23 16:36:32 - [TEST_STEP][PASSED] - for (def element : countElement): null

2021-11-23 16:36:32 - [TEST_STEP][PASSED] - if (toString().equals(attr.toString())): null

2021-11-23 16:36:32 - [TEST_STEP][PASSED] - (a++): null

2021-11-23 16:36:32 - [TEST_STEP][PASSED] - if (toString().equals(attr.toString())): null

2021-11-23 16:36:32 - [TEST_STEP][PASSED] - (a++): null

2021-11-23 16:36:32 - [TEST_STEP][PASSED] - if (toString().equals(attr.toString())): null

2021-11-23 16:36:32 - [TEST_STEP][PASSED] - break: null

2021-11-23 16:36:32 - [TEST_STEP][PASSED] - son = findWebElement(findTestObject("Object Repository/Olusturma/Genel/Olusturma/EklenenSatir")).findElement(By.xpath("td[@class='dxgvInlineEditCell_LECustomTheme dxgv'][" + a + "]//td[@class='dxic']/input")): Smart Wait Function is triggered

2021-11-23 16:36:32 - [MESSAGE][INFO] - Finding Test Object 'Object Repository/Olusturma/Genel/Olusturma/EklenenSatir'

2021-11-23 16:36:32 - [MESSAGE][INFO] - Finding web element from Test Object's properties

2021-11-23 16:36:32 - [MESSAGE][INFO] - Checking timeout

2021-11-23 16:36:32 - [MESSAGE][INFO] - Finding web element with id: 'Object Repository/Olusturma/Genel/Olusturma/EklenenSatir' located by 'By.cssSelector: #divmalhizmet .dxgvInlineEditRow_LECustomTheme' in '30' second(s)

2021-11-23 16:36:32 - [MESSAGE][INFO] - Smart Wait Function is triggered

2021-11-23 16:36:33 - [MESSAGE][INFO] - Found 1 web elements with id: 'Object Repository/Olusturma/Genel/Olusturma/EklenenSatir' located by 'By.cssSelector: #divmalhizmet .dxgvInlineEditRow_LECustomTheme' in '30' second(s)

2021-11-23 16:36:33 - [MESSAGE][INFO] - Smart Wait Function is triggered

2021-11-23 16:36:33 - [TEST_STEP][PASSED] - if (!(getAttribute("value").contains("Vkn"))): null

2021-11-23 16:36:33 - [TEST_STEP][PASSED] - son.clear(): null

2021-11-23 16:36:33 - [TEST_STEP][PASSED] - son.sendKeys(Deger): null

2021-11-23 16:36:33 - [MESSAGE][PASSED] - Call Test Case 'Test Cases/Olusturma/Genel/Olusturma' successfully

2021-11-23 16:36:33 - [MESSAGE][INFO] - Checking called Test Case

2021-11-23 16:36:33 - [MESSAGE][INFO] - Starting to call Test Case 'Test Cases/Olusturma/Genel/Olusturma'

2021-11-23 16:36:33 - [TEST_CASE][PASSED] - Test Cases/Olusturma/Genel/Olusturma: Test Cases/Olusturma/Genel/Olusturma

2021-11-23 16:36:33 - [TEST_STEP][PASSED] - driver = getWebDriver(): null

2021-11-23 16:36:33 - [TEST_STEP][PASSED] - action = new org.openqa.selenium.interactions.Actions(driver): null

2021-11-23 16:36:33 - [TEST_STEP][PASSED] - baslikElement = <not implemented yet for class: org.codehaus.groovy.ast.expr.EmptyExpression>: null

2021-11-23 16:36:33 - [TEST_STEP][PASSED] - sonElement = <not implemented yet for class: org.codehaus.groovy.ast.expr.EmptyExpression>: null

2021-11-23 16:36:33 - [TEST_STEP][PASSED] - attr = <not implemented yet for class: org.codehaus.groovy.ast.expr.EmptyExpression>: null

2021-11-23 16:36:33 - [TEST_STEP][PASSED] - a = 0: null

2021-11-23 16:36:33 - [TEST_STEP][PASSED] - elements = findWebElements(findTestObject("Object Repository/Olusturma/Genel/Olusturma/TabloBasliklari"), 10): Found 14 web elements with id: 'Object Repository/Olusturma/Genel/Olusturma/TabloBasliklari' located by 'By.cssSelector: div#divmalhizmet .dxgvTable_LECustomTheme td.dxgvHeader_LECustomTheme tr>td:nth-child(1)' in '10' second(s)

2021-11-23 16:36:33 - [MESSAGE][INFO] - Finding Test Object 'Object Repository/Olusturma/Genel/Olusturma/TabloBasliklari'

2021-11-23 16:36:33 - [MESSAGE][INFO] - Checking timeout

2021-11-23 16:36:33 - [MESSAGE][INFO] - Finding web element with id: 'Object Repository/Olusturma/Genel/Olusturma/TabloBasliklari' located by 'By.cssSelector: div#divmalhizmet .dxgvTable_LECustomTheme td.dxgvHeader_LECustomTheme tr>td:nth-child(1)' in '10' second(s)

2021-11-23 16:36:33 - [MESSAGE][INFO] - Smart Wait Function is triggered

2021-11-23 16:36:34 - [MESSAGE][INFO] - Found 14 web elements with id: 'Object Repository/Olusturma/Genel/Olusturma/TabloBasliklari' located by 'By.cssSelector: div#divmalhizmet .dxgvTable_LECustomTheme td.dxgvHeader_LECustomTheme tr>td:nth-child(1)' in '10' second(s)

2021-11-23 16:36:34 - [TEST_STEP][PASSED] - for (def element : elements): null

2021-11-23 16:36:34 - [TEST_STEP][PASSED] - build().perform(): null

2021-11-23 16:36:34 - [TEST_STEP][PASSED] - if (getText().equals(Baslik)): null

2021-11-23 16:36:34 - [TEST_STEP][PASSED] - build().perform(): null

2021-11-23 16:36:34 - [TEST_STEP][PASSED] - if (getText().equals(Baslik)): null

2021-11-23 16:36:34 - [TEST_STEP][PASSED] - build().perform(): null

2021-11-23 16:36:34 - [TEST_STEP][PASSED] - if (getText().equals(Baslik)): null

2021-11-23 16:36:34 - [TEST_STEP][PASSED] - build().perform(): null

2021-11-23 16:36:34 - [TEST_STEP][PASSED] - if (getText().equals(Baslik)): null

2021-11-23 16:36:34 - [TEST_STEP][PASSED] - baslikElement = element.findElement(By.xpath("../../../..")): Smart Wait Function is triggered

2021-11-23 16:36:34 - [MESSAGE][INFO] - Smart Wait Function is triggered

2021-11-23 16:36:35 - [TEST_STEP][PASSED] - attr = baslikElement.getAttribute("id"): null

2021-11-23 16:36:35 - [TEST_STEP][PASSED] - println("girdi ve idsini aldı = " + attr): null

2021-11-23 16:36:35 - [TEST_STEP][PASSED] - break: null

2021-11-23 16:36:35 - [TEST_STEP][PASSED] - countElement = baslikElement.findElements(By.xpath("../td")): Smart Wait Function is triggered

2021-11-23 16:36:35 - [MESSAGE][INFO] - Smart Wait Function is triggered

2021-11-23 16:36:35 - [TEST_STEP][PASSED] - for (def element : countElement): null

2021-11-23 16:36:35 - [TEST_STEP][PASSED] - if (toString().equals(attr.toString())): null

2021-11-23 16:36:35 - [TEST_STEP][PASSED] - (a++): null

2021-11-23 16:36:35 - [TEST_STEP][PASSED] - if (toString().equals(attr.toString())): null

2021-11-23 16:36:35 - [TEST_STEP][PASSED] - (a++): null

2021-11-23 16:36:35 - [TEST_STEP][PASSED] - if (toString().equals(attr.toString())): null

2021-11-23 16:36:35 - [TEST_STEP][PASSED] - (a++): null

2021-11-23 16:36:35 - [TEST_STEP][PASSED] - if (toString().equals(attr.toString())): null

2021-11-23 16:36:35 - [TEST_STEP][PASSED] - (a++): null

2021-11-23 16:36:35 - [TEST_STEP][PASSED] - if (toString().equals(attr.toString())): null

2021-11-23 16:36:35 - [TEST_STEP][PASSED] - break: null

2021-11-23 16:36:35 - [TEST_STEP][PASSED] - son = findWebElement(findTestObject("Object Repository/Olusturma/Genel/Olusturma/EklenenSatir")).findElement(By.xpath("td[@class='dxgvInlineEditCell_LECustomTheme dxgv'][" + a + "]//td[@class='dxic']/input")): Smart Wait Function is triggered

2021-11-23 16:36:35 - [MESSAGE][INFO] - Finding Test Object 'Object Repository/Olusturma/Genel/Olusturma/EklenenSatir'

2021-11-23 16:36:35 - [MESSAGE][INFO] - Finding web element from Test Object's properties

2021-11-23 16:36:35 - [MESSAGE][INFO] - Checking timeout

2021-11-23 16:36:35 - [MESSAGE][INFO] - Finding web element with id: 'Object Repository/Olusturma/Genel/Olusturma/EklenenSatir' located by 'By.cssSelector: #divmalhizmet .dxgvInlineEditRow_LECustomTheme' in '30' second(s)

2021-11-23 16:36:35 - [MESSAGE][INFO] - Smart Wait Function is triggered

2021-11-23 16:36:35 - [MESSAGE][INFO] - Found 1 web elements with id: 'Object Repository/Olusturma/Genel/Olusturma/EklenenSatir' located by 'By.cssSelector: #divmalhizmet .dxgvInlineEditRow_LECustomTheme' in '30' second(s)

2021-11-23 16:36:35 - [MESSAGE][INFO] - Smart Wait Function is triggered

2021-11-23 16:36:36 - [TEST_STEP][PASSED] - if (!(getAttribute("value").contains("Vkn"))): null

2021-11-23 16:36:36 - [TEST_STEP][PASSED] - son.clear(): null

2021-11-23 16:36:36 - [TEST_STEP][PASSED] - son.sendKeys(Deger): null

2021-11-23 16:36:36 - [MESSAGE][PASSED] - Call Test Case 'Test Cases/Olusturma/Genel/Olusturma' successfully

2021-11-23 16:36:36 - [MESSAGE][INFO] - Checking called Test Case

2021-11-23 16:36:36 - [MESSAGE][INFO] - Starting to call Test Case 'Test Cases/Olusturma/Genel/Olusturma'

2021-11-23 16:36:36 - [TEST_CASE][PASSED] - Test Cases/Olusturma/Genel/Olusturma: Test Cases/Olusturma/Genel/Olusturma

2021-11-23 16:36:36 - [TEST_STEP][PASSED] - driver = getWebDriver(): null

2021-11-23 16:36:36 - [TEST_STEP][PASSED] - action = new org.openqa.selenium.interactions.Actions(driver): null

2021-11-23 16:36:36 - [TEST_STEP][PASSED] - baslikElement = <not implemented yet for class: org.codehaus.groovy.ast.expr.EmptyExpression>: null

2021-11-23 16:36:36 - [TEST_STEP][PASSED] - sonElement = <not implemented yet for class: org.codehaus.groovy.ast.expr.EmptyExpression>: null

2021-11-23 16:36:36 - [TEST_STEP][PASSED] - attr = <not implemented yet for class: org.codehaus.groovy.ast.expr.EmptyExpression>: null

2021-11-23 16:36:36 - [TEST_STEP][PASSED] - a = 0: null

2021-11-23 16:36:36 - [TEST_STEP][PASSED] - elements = findWebElements(findTestObject("Object Repository/Olusturma/Genel/Olusturma/TabloBasliklari"), 10): Found 14 web elements with id: 'Object Repository/Olusturma/Genel/Olusturma/TabloBasliklari' located by 'By.cssSelector: div#divmalhizmet .dxgvTable_LECustomTheme td.dxgvHeader_LECustomTheme tr>td:nth-child(1)' in '10' second(s)

2021-11-23 16:36:36 - [MESSAGE][INFO] - Finding Test Object 'Object Repository/Olusturma/Genel/Olusturma/TabloBasliklari'

2021-11-23 16:36:36 - [MESSAGE][INFO] - Checking timeout

2021-11-23 16:36:36 - [MESSAGE][INFO] - Finding web element with id: 'Object Repository/Olusturma/Genel/Olusturma/TabloBasliklari' located by 'By.cssSelector: div#divmalhizmet .dxgvTable_LECustomTheme td.dxgvHeader_LECustomTheme tr>td:nth-child(1)' in '10' second(s)

2021-11-23 16:36:36 - [MESSAGE][INFO] - Smart Wait Function is triggered

2021-11-23 16:36:36 - [MESSAGE][INFO] - Found 14 web elements with id: 'Object Repository/Olusturma/Genel/Olusturma/TabloBasliklari' located by 'By.cssSelector: div#divmalhizmet .dxgvTable_LECustomTheme td.dxgvHeader_LECustomTheme tr>td:nth-child(1)' in '10' second(s)

2021-11-23 16:36:36 - [TEST_STEP][PASSED] - for (def element : elements): null

2021-11-23 16:36:36 - [TEST_STEP][PASSED] - build().perform(): null

2021-11-23 16:36:36 - [TEST_STEP][PASSED] - if (getText().equals(Baslik)): null

2021-11-23 16:36:36 - [TEST_STEP][PASSED] - build().perform(): null

2021-11-23 16:36:37 - [TEST_STEP][PASSED] - if (getText().equals(Baslik)): null

2021-11-23 16:36:37 - [TEST_STEP][PASSED] - build().perform(): null

2021-11-23 16:36:37 - [TEST_STEP][PASSED] - if (getText().equals(Baslik)): null

2021-11-23 16:36:37 - [TEST_STEP][PASSED] - build().perform(): null

2021-11-23 16:36:37 - [TEST_STEP][PASSED] - if (getText().equals(Baslik)): null

2021-11-23 16:36:37 - [TEST_STEP][PASSED] - build().perform(): null

2021-11-23 16:36:37 - [TEST_STEP][PASSED] - if (getText().equals(Baslik)): null

2021-11-23 16:36:37 - [TEST_STEP][PASSED] - baslikElement = element.findElement(By.xpath("../../../..")): Smart Wait Function is triggered

2021-11-23 16:36:37 - [MESSAGE][INFO] - Smart Wait Function is triggered

2021-11-23 16:36:37 - [TEST_STEP][PASSED] - attr = baslikElement.getAttribute("id"): null

2021-11-23 16:36:37 - [TEST_STEP][PASSED] - println("girdi ve idsini aldı = " + attr): null

2021-11-23 16:36:37 - [TEST_STEP][PASSED] - break: null

2021-11-23 16:36:37 - [TEST_STEP][PASSED] - countElement = baslikElement.findElements(By.xpath("../td")): Smart Wait Function is triggered

2021-11-23 16:36:37 - [MESSAGE][INFO] - Smart Wait Function is triggered

2021-11-23 16:36:38 - [TEST_STEP][PASSED] - for (def element : countElement): null

2021-11-23 16:36:38 - [TEST_STEP][PASSED] - if (toString().equals(attr.toString())): null

2021-11-23 16:36:38 - [TEST_STEP][PASSED] - (a++): null

2021-11-23 16:36:38 - [TEST_STEP][PASSED] - if (toString().equals(attr.toString())): null

2021-11-23 16:36:38 - [TEST_STEP][PASSED] - (a++): null

2021-11-23 16:36:38 - [TEST_STEP][PASSED] - if (toString().equals(attr.toString())): null

2021-11-23 16:36:38 - [TEST_STEP][PASSED] - (a++): null

2021-11-23 16:36:38 - [TEST_STEP][PASSED] - if (toString().equals(attr.toString())): null

2021-11-23 16:36:38 - [TEST_STEP][PASSED] - (a++): null

2021-11-23 16:36:38 - [TEST_STEP][PASSED] - if (toString().equals(attr.toString())): null

2021-11-23 16:36:38 - [TEST_STEP][PASSED] - (a++): null

2021-11-23 16:36:38 - [TEST_STEP][PASSED] - if (toString().equals(attr.toString())): null

2021-11-23 16:36:38 - [TEST_STEP][PASSED] - break: null

2021-11-23 16:36:38 - [TEST_STEP][PASSED] - son = findWebElement(findTestObject("Object Repository/Olusturma/Genel/Olusturma/EklenenSatir")).findElement(By.xpath("td[@class='dxgvInlineEditCell_LECustomTheme dxgv'][" + a + "]//td[@class='dxic']/input")): Smart Wait Function is triggered

2021-11-23 16:36:38 - [MESSAGE][INFO] - Finding Test Object 'Object Repository/Olusturma/Genel/Olusturma/EklenenSatir'

2021-11-23 16:36:38 - [MESSAGE][INFO] - Finding web element from Test Object's properties

2021-11-23 16:36:38 - [MESSAGE][INFO] - Checking timeout

2021-11-23 16:36:38 - [MESSAGE][INFO] - Finding web element with id: 'Object Repository/Olusturma/Genel/Olusturma/EklenenSatir' located by 'By.cssSelector: #divmalhizmet .dxgvInlineEditRow_LECustomTheme' in '30' second(s)

2021-11-23 16:36:38 - [MESSAGE][INFO] - Smart Wait Function is triggered

2021-11-23 16:36:38 - [MESSAGE][INFO] - Found 1 web elements with id: 'Object Repository/Olusturma/Genel/Olusturma/EklenenSatir' located by 'By.cssSelector: #divmalhizmet .dxgvInlineEditRow_LECustomTheme' in '30' second(s)

2021-11-23 16:36:38 - [MESSAGE][INFO] - Smart Wait Function is triggered

2021-11-23 16:36:38 - [TEST_STEP][PASSED] - if (!(getAttribute("value").contains("Vkn"))): null

2021-11-23 16:36:38 - [TEST_STEP][PASSED] - son.clear(): null

2021-11-23 16:36:38 - [TEST_STEP][PASSED] - son.sendKeys(Deger): null

2021-11-23 16:36:39 - [MESSAGE][PASSED] - Call Test Case 'Test Cases/Olusturma/Genel/Olusturma' successfully

2021-11-23 16:36:39 - [MESSAGE][INFO] - Checking called Test Case

2021-11-23 16:36:39 - [MESSAGE][INFO] - Starting to call Test Case 'Test Cases/Olusturma/Genel/Olusturma'

2021-11-23 16:36:39 - [TEST_CASE][PASSED] - Test Cases/Olusturma/Genel/Olusturma: Test Cases/Olusturma/Genel/Olusturma

2021-11-23 16:36:39 - [TEST_STEP][PASSED] - driver = getWebDriver(): null

2021-11-23 16:36:39 - [TEST_STEP][PASSED] - action = new org.openqa.selenium.interactions.Actions(driver): null

2021-11-23 16:36:39 - [TEST_STEP][PASSED] - baslikElement = <not implemented yet for class: org.codehaus.groovy.ast.expr.EmptyExpression>: null

2021-11-23 16:36:39 - [TEST_STEP][PASSED] - sonElement = <not implemented yet for class: org.codehaus.groovy.ast.expr.EmptyExpression>: null

2021-11-23 16:36:39 - [TEST_STEP][PASSED] - attr = <not implemented yet for class: org.codehaus.groovy.ast.expr.EmptyExpression>: null

2021-11-23 16:36:39 - [TEST_STEP][PASSED] - a = 0: null

2021-11-23 16:36:39 - [TEST_STEP][PASSED] - elements = findWebElements(findTestObject("Object Repository/Olusturma/Genel/Olusturma/TabloBasliklari"), 10): Found 14 web elements with id: 'Object Repository/Olusturma/Genel/Olusturma/TabloBasliklari' located by 'By.cssSelector: div#divmalhizmet .dxgvTable_LECustomTheme td.dxgvHeader_LECustomTheme tr>td:nth-child(1)' in '10' second(s)

2021-11-23 16:36:39 - [MESSAGE][INFO] - Finding Test Object 'Object Repository/Olusturma/Genel/Olusturma/TabloBasliklari'

2021-11-23 16:36:39 - [MESSAGE][INFO] - Checking timeout

2021-11-23 16:36:39 - [MESSAGE][INFO] - Finding web element with id: 'Object Repository/Olusturma/Genel/Olusturma/TabloBasliklari' located by 'By.cssSelector: div#divmalhizmet .dxgvTable_LECustomTheme td.dxgvHeader_LECustomTheme tr>td:nth-child(1)' in '10' second(s)

2021-11-23 16:36:39 - [MESSAGE][INFO] - Smart Wait Function is triggered

2021-11-23 16:36:39 - [MESSAGE][INFO] - Found 14 web elements with id: 'Object Repository/Olusturma/Genel/Olusturma/TabloBasliklari' located by 'By.cssSelector: div#divmalhizmet .dxgvTable_LECustomTheme td.dxgvHeader_LECustomTheme tr>td:nth-child(1)' in '10' second(s)

2021-11-23 16:36:39 - [TEST_STEP][PASSED] - for (def element : elements): null

2021-11-23 16:36:39 - [TEST_STEP][PASSED] - build().perform(): null

2021-11-23 16:36:39 - [TEST_STEP][PASSED] - if (getText().equals(Baslik)): null

2021-11-23 16:36:39 - [TEST_STEP][PASSED] - build().perform(): null

2021-11-23 16:36:39 - [TEST_STEP][PASSED] - if (getText().equals(Baslik)): null

2021-11-23 16:36:39 - [TEST_STEP][PASSED] - build().perform(): null

2021-11-23 16:36:39 - [TEST_STEP][PASSED] - if (getText().equals(Baslik)): null

2021-11-23 16:36:39 - [TEST_STEP][PASSED] - build().perform(): null

2021-11-23 16:36:40 - [TEST_STEP][PASSED] - if (getText().equals(Baslik)): null

2021-11-23 16:36:40 - [TEST_STEP][PASSED] - build().perform(): null

2021-11-23 16:36:40 - [TEST_STEP][PASSED] - if (getText().equals(Baslik)): null

2021-11-23 16:36:40 - [TEST_STEP][PASSED] - build().perform(): null

2021-11-23 16:36:40 - [TEST_STEP][PASSED] - if (getText().equals(Baslik)): null

2021-11-23 16:36:40 - [TEST_STEP][PASSED] - build().perform(): null

2021-11-23 16:36:40 - [TEST_STEP][PASSED] - if (getText().equals(Baslik)): null

2021-11-23 16:36:40 - [TEST_STEP][PASSED] - baslikElement = element.findElement(By.xpath("../../../..")): Smart Wait Function is triggered

2021-11-23 16:36:40 - [MESSAGE][INFO] - Smart Wait Function is triggered

2021-11-23 16:36:40 - [TEST_STEP][PASSED] - attr = baslikElement.getAttribute("id"): null

2021-11-23 16:36:40 - [TEST_STEP][PASSED] - println("girdi ve idsini aldı = " + attr): null

2021-11-23 16:36:40 - [TEST_STEP][PASSED] - break: null

2021-11-23 16:36:40 - [TEST_STEP][PASSED] - countElement = baslikElement.findElements(By.xpath("../td")): Smart Wait Function is triggered

2021-11-23 16:36:40 - [MESSAGE][INFO] - Smart Wait Function is triggered

2021-11-23 16:36:41 - [TEST_STEP][PASSED] - for (def element : countElement): null

2021-11-23 16:36:41 - [TEST_STEP][PASSED] - if (toString().equals(attr.toString())): null

2021-11-23 16:36:41 - [TEST_STEP][PASSED] - (a++): null

2021-11-23 16:36:41 - [TEST_STEP][PASSED] - if (toString().equals(attr.toString())): null

2021-11-23 16:36:41 - [TEST_STEP][PASSED] - (a++): null

2021-11-23 16:36:41 - [TEST_STEP][PASSED] - if (toString().equals(attr.toString())): null

2021-11-23 16:36:41 - [TEST_STEP][PASSED] - (a++): null

2021-11-23 16:36:41 - [TEST_STEP][PASSED] - if (toString().equals(attr.toString())): null

2021-11-23 16:36:41 - [TEST_STEP][PASSED] - (a++): null

2021-11-23 16:36:41 - [TEST_STEP][PASSED] - if (toString().equals(attr.toString())): null

2021-11-23 16:36:41 - [TEST_STEP][PASSED] - (a++): null

2021-11-23 16:36:41 - [TEST_STEP][PASSED] - if (toString().equals(attr.toString())): null

2021-11-23 16:36:41 - [TEST_STEP][PASSED] - (a++): null

2021-11-23 16:36:41 - [TEST_STEP][PASSED] - if (toString().equals(attr.toString())): null

2021-11-23 16:36:41 - [TEST_STEP][PASSED] - (a++): null

2021-11-23 16:36:41 - [TEST_STEP][PASSED] - if (toString().equals(attr.toString())): null

2021-11-23 16:36:41 - [TEST_STEP][PASSED] - break: null

2021-11-23 16:36:41 - [TEST_STEP][PASSED] - son = findWebElement(findTestObject("Object Repository/Olusturma/Genel/Olusturma/EklenenSatir")).findElement(By.xpath("td[@class='dxgvInlineEditCell_LECustomTheme dxgv'][" + a + "]//td[@class='dxic']/input")): Smart Wait Function is triggered

2021-11-23 16:36:41 - [MESSAGE][INFO] - Finding Test Object 'Object Repository/Olusturma/Genel/Olusturma/EklenenSatir'

2021-11-23 16:36:41 - [MESSAGE][INFO] - Finding web element from Test Object's properties

2021-11-23 16:36:41 - [MESSAGE][INFO] - Checking timeout

2021-11-23 16:36:41 - [MESSAGE][INFO] - Finding web element with id: 'Object Repository/Olusturma/Genel/Olusturma/EklenenSatir' located by 'By.cssSelector: #divmalhizmet .dxgvInlineEditRow_LECustomTheme' in '30' second(s)

2021-11-23 16:36:41 - [MESSAGE][INFO] - Smart Wait Function is triggered

2021-11-23 16:36:41 - [MESSAGE][INFO] - Found 1 web elements with id: 'Object Repository/Olusturma/Genel/Olusturma/EklenenSatir' located by 'By.cssSelector: #divmalhizmet .dxgvInlineEditRow_LECustomTheme' in '30' second(s)

2021-11-23 16:36:41 - [MESSAGE][INFO] - Smart Wait Function is triggered

2021-11-23 16:36:41 - [TEST_STEP][PASSED] - if (!(getAttribute("value").contains("Vkn"))): null

2021-11-23 16:36:41 - [TEST_STEP][PASSED] - son.clear(): null

2021-11-23 16:36:41 - [TEST_STEP][PASSED] - son.sendKeys(Deger): null

2021-11-23 16:36:42 - [MESSAGE][PASSED] - Call Test Case 'Test Cases/Olusturma/Genel/Olusturma' successfully

2021-11-23 16:36:42 - [MESSAGE][INFO] - Checking called Test Case

2021-11-23 16:36:42 - [MESSAGE][INFO] - Starting to call Test Case 'Test Cases/Olusturma/Genel/Kutular/MasrafBilgileriEkleButonu'

2021-11-23 16:36:42 - [TEST_CASE][PASSED] - Test Cases/Olusturma/Genel/Kutular/MasrafBilgileriEkleButonu: Test Cases/Olusturma/Genel/Kutular/MasrafBilgileriEkleButonu

2021-11-23 16:36:43 - [TEST_STEP][PASSED] - waitForElementClickable(findTestObject("Object Repository/Olusturma/Genel/Kutular/MasrafBilgileri/Ekle"), 10): Object 'Object Repository/Olusturma/Genel/Kutular/MasrafBilgileri/Ekle' is clickable

2021-11-23 16:36:43 - [MESSAGE][INFO] - Finding Test Object 'Object Repository/Olusturma/Genel/Kutular/MasrafBilgileri/Ekle'

2021-11-23 16:36:43 - [MESSAGE][INFO] - Checking object

2021-11-23 16:36:43 - [MESSAGE][INFO] - Checking timeout

2021-11-23 16:36:43 - [MESSAGE][INFO] - Finding web element from Test Object's properties

2021-11-23 16:36:43 - [MESSAGE][INFO] - Checking timeout

2021-11-23 16:36:43 - [MESSAGE][INFO] - Finding web element with id: 'Object Repository/Olusturma/Genel/Kutular/MasrafBilgileri/Ekle' located by 'By.xpath: //*[@id = 'DXEditorgvAllowanceChargeNewRowBtn']' in '10' second(s)

2021-11-23 16:36:43 - [MESSAGE][INFO] - Smart Wait Function is triggered

2021-11-23 16:36:43 - [MESSAGE][INFO] - Found 1 web elements with id: 'Object Repository/Olusturma/Genel/Kutular/MasrafBilgileri/Ekle' located by 'By.xpath: //*[@id = 'DXEditorgvAllowanceChargeNewRowBtn']' in '10' second(s)

2021-11-23 16:36:43 - [MESSAGE][PASSED] - Object 'Object Repository/Olusturma/Genel/Kutular/MasrafBilgileri/Ekle' is clickable

2021-11-23 16:36:43 - [TEST_STEP][PASSED] - click(findTestObject("Object Repository/Olusturma/Genel/Kutular/MasrafBilgileri/Ekle")): Object: 'Object Repository/Olusturma/Genel/Kutular/MasrafBilgileri/Ekle' is clicked on

2021-11-23 16:36:43 - [MESSAGE][INFO] - Finding Test Object 'Object Repository/Olusturma/Genel/Kutular/MasrafBilgileri/Ekle'

2021-11-23 16:36:43 - [MESSAGE][INFO] - Checking object

2021-11-23 16:36:43 - [MESSAGE][INFO] - Finding web element from Test Object's properties

2021-11-23 16:36:43 - [MESSAGE][INFO] - Checking timeout

2021-11-23 16:36:43 - [MESSAGE][INFO] - Finding web element with id: 'Object Repository/Olusturma/Genel/Kutular/MasrafBilgileri/Ekle' located by 'By.xpath: //*[@id = 'DXEditorgvAllowanceChargeNewRowBtn']' in '30' second(s)

2021-11-23 16:36:43 - [MESSAGE][INFO] - Smart Wait Function is triggered

2021-11-23 16:36:43 - [MESSAGE][INFO] - Found 1 web elements with id: 'Object Repository/Olusturma/Genel/Kutular/MasrafBilgileri/Ekle' located by 'By.xpath: //*[@id = 'DXEditorgvAllowanceChargeNewRowBtn']' in '30' second(s)

2021-11-23 16:36:43 - [MESSAGE][INFO] - Clicking on object: 'Object Repository/Olusturma/Genel/Kutular/MasrafBilgileri/Ekle'

2021-11-23 16:36:44 - [MESSAGE][PASSED] - Object: 'Object Repository/Olusturma/Genel/Kutular/MasrafBilgileri/Ekle' is clicked on

2021-11-23 16:36:44 - [TEST_STEP][PASSED] - waitForElementClickable(findTestObject("Object Repository/Olusturma/Genel/Kutular/MasrafBilgileri/EklenenSatirCarpiImage"), 10): Object 'Object Repository/Olusturma/Genel/Kutular/MasrafBilgileri/EklenenSatirCarpiImage' is clickable

2021-11-23 16:36:44 - [MESSAGE][INFO] - Finding Test Object 'Object Repository/Olusturma/Genel/Kutular/MasrafBilgileri/EklenenSatirCarpiImage'

2021-11-23 16:36:44 - [MESSAGE][INFO] - Checking object

2021-11-23 16:36:44 - [MESSAGE][INFO] - Checking timeout

2021-11-23 16:36:44 - [MESSAGE][INFO] - Finding web element from Test Object's properties

2021-11-23 16:36:44 - [MESSAGE][INFO] - Checking timeout

2021-11-23 16:36:44 - [MESSAGE][INFO] - Finding web element with id: 'Object Repository/Olusturma/Genel/Kutular/MasrafBilgileri/EklenenSatirCarpiImage' located by 'By.xpath: //*[@id = 'DXEditorgvAllowanceChargeCancelEditBtn']' in '10' second(s)

2021-11-23 16:36:44 - [MESSAGE][INFO] - Smart Wait Function is triggered

2021-11-23 16:36:44 - [MESSAGE][INFO] - Smart Wait Function is triggered

2021-11-23 16:36:45 - [MESSAGE][INFO] - Found 1 web elements with id: 'Object Repository/Olusturma/Genel/Kutular/MasrafBilgileri/EklenenSatirCarpiImage' located by 'By.xpath: //*[@id = 'DXEditorgvAllowanceChargeCancelEditBtn']' in '10' second(s)

2021-11-23 16:36:45 - [MESSAGE][PASSED] - Object 'Object Repository/Olusturma/Genel/Kutular/MasrafBilgileri/EklenenSatirCarpiImage' is clickable

2021-11-23 16:36:45 - [MESSAGE][PASSED] - Call Test Case 'Test Cases/Olusturma/Genel/Kutular/MasrafBilgileriEkleButonu' successfully

2021-11-23 16:36:45 - [MESSAGE][INFO] - Checking called Test Case

2021-11-23 16:36:45 - [MESSAGE][INFO] - Starting to call Test Case 'Test Cases/Olusturma/Genel/Kutular/MasrafBilgileriGirilir'

2021-11-23 16:36:45 - [TEST_CASE][PASSED] - Test Cases/Olusturma/Genel/Kutular/MasrafBilgileriGirilir: Test Cases/Olusturma/Genel/Kutular/MasrafBilgileriGirilir

2021-11-23 16:36:46 - [TEST_STEP][PASSED] - driver = getWebDriver(): null

2021-11-23 16:36:46 - [TEST_STEP][PASSED] - action = new org.openqa.selenium.interactions.Actions(driver): null

2021-11-23 16:36:46 - [TEST_STEP][PASSED] - baslikElement = <not implemented yet for class: org.codehaus.groovy.ast.expr.EmptyExpression>: null

2021-11-23 16:36:46 - [TEST_STEP][PASSED] - sonElement = <not implemented yet for class: org.codehaus.groovy.ast.expr.EmptyExpression>: null

2021-11-23 16:36:46 - [TEST_STEP][PASSED] - attr = <not implemented yet for class: org.codehaus.groovy.ast.expr.EmptyExpression>: null

2021-11-23 16:36:46 - [TEST_STEP][PASSED] - a = 0: null

2021-11-23 16:36:46 - [TEST_STEP][PASSED] - elements = findWebElements(findTestObject("Object Repository/Olusturma/Genel/Kutular/MasrafBilgileri/TabloBasliklari"), 10): Found 7 web elements with id: 'Object Repository/Olusturma/Genel/Kutular/MasrafBilgileri/TabloBasliklari' located by 'By.cssSelector: #divhal .dxgvTable_LECustomTheme td.dxgvHeader_LECustomTheme tr>td:nth-child(1)' in '10' second(s)

2021-11-23 16:36:46 - [MESSAGE][INFO] - Finding Test Object 'Object Repository/Olusturma/Genel/Kutular/MasrafBilgileri/TabloBasliklari'

2021-11-23 16:36:46 - [MESSAGE][INFO] - Checking timeout

2021-11-23 16:36:46 - [MESSAGE][INFO] - Finding web element with id: 'Object Repository/Olusturma/Genel/Kutular/MasrafBilgileri/TabloBasliklari' located by 'By.cssSelector: #divhal .dxgvTable_LECustomTheme td.dxgvHeader_LECustomTheme tr>td:nth-child(1)' in '10' second(s)

2021-11-23 16:36:46 - [MESSAGE][INFO] - Smart Wait Function is triggered

2021-11-23 16:36:47 - [MESSAGE][INFO] - Found 7 web elements with id: 'Object Repository/Olusturma/Genel/Kutular/MasrafBilgileri/TabloBasliklari' located by 'By.cssSelector: #divhal .dxgvTable_LECustomTheme td.dxgvHeader_LECustomTheme tr>td:nth-child(1)' in '10' second(s)

2021-11-23 16:36:47 - [TEST_STEP][PASSED] - for (def element : elements): null

2021-11-23 16:36:47 - [TEST_STEP][PASSED] - build().perform(): null

2021-11-23 16:36:47 - [TEST_STEP][PASSED] - if (getText().equals(Baslik)): null

2021-11-23 16:36:47 - [TEST_STEP][PASSED] - baslikElement = element.findElement(By.xpath("../../../..")): Smart Wait Function is triggered

2021-11-23 16:36:47 - [MESSAGE][INFO] - Smart Wait Function is triggered

2021-11-23 16:36:47 - [TEST_STEP][PASSED] - attr = baslikElement.getAttribute("id"): null

2021-11-23 16:36:47 - [TEST_STEP][PASSED] - break: null

2021-11-23 16:36:47 - [TEST_STEP][PASSED] - countElement = baslikElement.findElements(By.xpath("../td")): Smart Wait Function is triggered

2021-11-23 16:36:47 - [MESSAGE][INFO] - Smart Wait Function is triggered

2021-11-23 16:36:47 - [TEST_STEP][PASSED] - for (def element : countElement): null

2021-11-23 16:36:47 - [TEST_STEP][PASSED] - if (toString().equals(attr.toString())): null

2021-11-23 16:36:47 - [TEST_STEP][PASSED] - (a++): null

2021-11-23 16:36:47 - [TEST_STEP][PASSED] - if (toString().equals(attr.toString())): null

2021-11-23 16:36:47 - [TEST_STEP][PASSED] - break: null

2021-11-23 16:36:47 - [TEST_STEP][PASSED] - son = findWebElement(findTestObject("Object Repository/Olusturma/Genel/Kutular/MasrafBilgileri/EklenenSatir")).findElement(By.xpath("td[@class='dxgvInlineEditCell_LECustomTheme dxgv'][" + a + "]//td[@class='dxic']/input")): Smart Wait Function is triggered

2021-11-23 16:36:47 - [MESSAGE][INFO] - Finding Test Object 'Object Repository/Olusturma/Genel/Kutular/MasrafBilgileri/EklenenSatir'

2021-11-23 16:36:47 - [MESSAGE][INFO] - Finding web element from Test Object's properties

2021-11-23 16:36:47 - [MESSAGE][INFO] - Checking timeout

2021-11-23 16:36:47 - [MESSAGE][INFO] - Finding web element with id: 'Object Repository/Olusturma/Genel/Kutular/MasrafBilgileri/EklenenSatir' located by 'By.cssSelector: #divhal .dxgvInlineEditRow_LECustomTheme' in '30' second(s)

2021-11-23 16:36:47 - [MESSAGE][INFO] - Smart Wait Function is triggered

2021-11-23 16:36:48 - [MESSAGE][INFO] - Found 1 web elements with id: 'Object Repository/Olusturma/Genel/Kutular/MasrafBilgileri/EklenenSatir' located by 'By.cssSelector: #divhal .dxgvInlineEditRow_LECustomTheme' in '30' second(s)

2021-11-23 16:36:48 - [MESSAGE][INFO] - Smart Wait Function is triggered

2021-11-23 16:36:48 - [TEST_STEP][PASSED] - son.sendKeys(Keys.chord(CONTROL, "a")): null

2021-11-23 16:36:48 - [TEST_STEP][PASSED] - son.sendKeys(Deger): null

2021-11-23 16:36:48 - [MESSAGE][PASSED] - Call Test Case 'Test Cases/Olusturma/Genel/Kutular/MasrafBilgileriGirilir' successfully

2021-11-23 16:36:48 - [MESSAGE][INFO] - Checking called Test Case

2021-11-23 16:36:48 - [MESSAGE][INFO] - Starting to call Test Case 'Test Cases/Olusturma/Genel/Kutular/MasrafBilgileriGirilir'

2021-11-23 16:36:48 - [TEST_CASE][PASSED] - Test Cases/Olusturma/Genel/Kutular/MasrafBilgileriGirilir: Test Cases/Olusturma/Genel/Kutular/MasrafBilgileriGirilir

2021-11-23 16:36:48 - [TEST_STEP][PASSED] - driver = getWebDriver(): null

2021-11-23 16:36:48 - [TEST_STEP][PASSED] - action = new org.openqa.selenium.interactions.Actions(driver): null

2021-11-23 16:36:48 - [TEST_STEP][PASSED] - baslikElement = <not implemented yet for class: org.codehaus.groovy.ast.expr.EmptyExpression>: null

2021-11-23 16:36:48 - [TEST_STEP][PASSED] - sonElement = <not implemented yet for class: org.codehaus.groovy.ast.expr.EmptyExpression>: null

2021-11-23 16:36:48 - [TEST_STEP][PASSED] - attr = <not implemented yet for class: org.codehaus.groovy.ast.expr.EmptyExpression>: null

2021-11-23 16:36:48 - [TEST_STEP][PASSED] - a = 0: null

2021-11-23 16:36:48 - [TEST_STEP][PASSED] - elements = findWebElements(findTestObject("Object Repository/Olusturma/Genel/Kutular/MasrafBilgileri/TabloBasliklari"), 10): Found 7 web elements with id: 'Object Repository/Olusturma/Genel/Kutular/MasrafBilgileri/TabloBasliklari' located by 'By.cssSelector: #divhal .dxgvTable_LECustomTheme td.dxgvHeader_LECustomTheme tr>td:nth-child(1)' in '10' second(s)

2021-11-23 16:36:48 - [MESSAGE][INFO] - Finding Test Object 'Object Repository/Olusturma/Genel/Kutular/MasrafBilgileri/TabloBasliklari'

2021-11-23 16:36:49 - [MESSAGE][INFO] - Checking timeout

2021-11-23 16:36:49 - [MESSAGE][INFO] - Finding web element with id: 'Object Repository/Olusturma/Genel/Kutular/MasrafBilgileri/TabloBasliklari' located by 'By.cssSelector: #divhal .dxgvTable_LECustomTheme td.dxgvHeader_LECustomTheme tr>td:nth-child(1)' in '10' second(s)

2021-11-23 16:36:49 - [MESSAGE][INFO] - Smart Wait Function is triggered

2021-11-23 16:36:49 - [MESSAGE][INFO] - Found 7 web elements with id: 'Object Repository/Olusturma/Genel/Kutular/MasrafBilgileri/TabloBasliklari' located by 'By.cssSelector: #divhal .dxgvTable_LECustomTheme td.dxgvHeader_LECustomTheme tr>td:nth-child(1)' in '10' second(s)

2021-11-23 16:36:49 - [TEST_STEP][PASSED] - for (def element : elements): null

2021-11-23 16:36:49 - [TEST_STEP][PASSED] - build().perform(): null

2021-11-23 16:36:49 - [TEST_STEP][PASSED] - if (getText().equals(Baslik)): null

2021-11-23 16:36:49 - [TEST_STEP][PASSED] - build().perform(): null

2021-11-23 16:36:49 - [TEST_STEP][PASSED] - if (getText().equals(Baslik)): null

2021-11-23 16:36:49 - [TEST_STEP][PASSED] - build().perform(): null

2021-11-23 16:36:49 - [TEST_STEP][PASSED] - if (getText().equals(Baslik)): null

2021-11-23 16:36:49 - [TEST_STEP][PASSED] - baslikElement = element.findElement(By.xpath("../../../..")): Smart Wait Function is triggered

2021-11-23 16:36:49 - [MESSAGE][INFO] - Smart Wait Function is triggered

2021-11-23 16:36:49 - [TEST_STEP][PASSED] - attr = baslikElement.getAttribute("id"): null

2021-11-23 16:36:50 - [TEST_STEP][PASSED] - break: null

2021-11-23 16:36:50 - [TEST_STEP][PASSED] - countElement = baslikElement.findElements(By.xpath("../td")): Smart Wait Function is triggered

2021-11-23 16:36:50 - [MESSAGE][INFO] - Smart Wait Function is triggered

2021-11-23 16:36:50 - [TEST_STEP][PASSED] - for (def element : countElement): null

2021-11-23 16:36:50 - [TEST_STEP][PASSED] - if (toString().equals(attr.toString())): null

2021-11-23 16:36:50 - [TEST_STEP][PASSED] - (a++): null

2021-11-23 16:36:50 - [TEST_STEP][PASSED] - if (toString().equals(attr.toString())): null

2021-11-23 16:36:50 - [TEST_STEP][PASSED] - (a++): null

2021-11-23 16:36:50 - [TEST_STEP][PASSED] - if (toString().equals(attr.toString())): null

2021-11-23 16:36:50 - [TEST_STEP][PASSED] - (a++): null

2021-11-23 16:36:50 - [TEST_STEP][PASSED] - if (toString().equals(attr.toString())): null

2021-11-23 16:36:50 - [TEST_STEP][PASSED] - break: null

2021-11-23 16:36:50 - [TEST_STEP][PASSED] - son = findWebElement(findTestObject("Object Repository/Olusturma/Genel/Kutular/MasrafBilgileri/EklenenSatir")).findElement(By.xpath("td[@class='dxgvInlineEditCell_LECustomTheme dxgv'][" + a + "]//td[@class='dxic']/input")): Smart Wait Function is triggered

2021-11-23 16:36:50 - [MESSAGE][INFO] - Finding Test Object 'Object Repository/Olusturma/Genel/Kutular/MasrafBilgileri/EklenenSatir'

2021-11-23 16:36:50 - [MESSAGE][INFO] - Finding web element from Test Object's properties

2021-11-23 16:36:50 - [MESSAGE][INFO] - Checking timeout

2021-11-23 16:36:50 - [MESSAGE][INFO] - Finding web element with id: 'Object Repository/Olusturma/Genel/Kutular/MasrafBilgileri/EklenenSatir' located by 'By.cssSelector: #divhal .dxgvInlineEditRow_LECustomTheme' in '30' second(s)

2021-11-23 16:36:50 - [MESSAGE][INFO] - Smart Wait Function is triggered

2021-11-23 16:36:50 - [MESSAGE][INFO] - Found 1 web elements with id: 'Object Repository/Olusturma/Genel/Kutular/MasrafBilgileri/EklenenSatir' located by 'By.cssSelector: #divhal .dxgvInlineEditRow_LECustomTheme' in '30' second(s)

2021-11-23 16:36:50 - [MESSAGE][INFO] - Smart Wait Function is triggered

2021-11-23 16:36:50 - [TEST_STEP][PASSED] - son.sendKeys(Keys.chord(CONTROL, "a")): null

2021-11-23 16:36:51 - [TEST_STEP][PASSED] - son.sendKeys(Deger): null

2021-11-23 16:36:51 - [MESSAGE][PASSED] - Call Test Case 'Test Cases/Olusturma/Genel/Kutular/MasrafBilgileriGirilir' successfully

2021-11-23 16:36:51 - [MESSAGE][INFO] - Checking called Test Case

2021-11-23 16:36:51 - [MESSAGE][INFO] - Starting to call Test Case 'Test Cases/Olusturma/Genel/NotGirilir'

2021-11-23 16:36:51 - [TEST_CASE][PASSED] - Test Cases/Olusturma/Genel/NotGirilir: Test Cases/Olusturma/Genel/NotGirilir

2021-11-23 16:36:51 - [TEST_STEP][PASSED] - i = 0: null

2021-11-23 16:36:51 - [TEST_STEP][PASSED] - waitForElementClickable(findTestObject("Olusturma/Genel/Not/Notlar"), 10): Object 'Object Repository/Olusturma/Genel/Not/Notlar' is clickable

2021-11-23 16:36:51 - [MESSAGE][INFO] - Finding Test Object 'Object Repository/Olusturma/Genel/Not/Notlar'

2021-11-23 16:36:51 - [MESSAGE][INFO] - Checking object

2021-11-23 16:36:51 - [MESSAGE][INFO] - Checking timeout

2021-11-23 16:36:51 - [MESSAGE][INFO] - Finding web element from Test Object's properties

2021-11-23 16:36:51 - [MESSAGE][INFO] - Checking timeout

2021-11-23 16:36:51 - [MESSAGE][INFO] - Finding web element with id: 'Object Repository/Olusturma/Genel/Not/Notlar' located by 'By.xpath: //*[@id = 'txtNote_I']' in '10' second(s)

2021-11-23 16:36:51 - [MESSAGE][INFO] - Smart Wait Function is triggered

2021-11-23 16:36:52 - [MESSAGE][INFO] - Found 1 web elements with id: 'Object Repository/Olusturma/Genel/Not/Notlar' located by 'By.xpath: //*[@id = 'txtNote_I']' in '10' second(s)

2021-11-23 16:36:52 - [MESSAGE][PASSED] - Object 'Object Repository/Olusturma/Genel/Not/Notlar' is clickable

2021-11-23 16:36:52 - [TEST_STEP][PASSED] - clearText(findTestObject("Olusturma/Genel/Not/Notlar")): Text of object 'Object Repository/Olusturma/Genel/Not/Notlar' is cleared

2021-11-23 16:36:52 - [MESSAGE][INFO] - Finding Test Object 'Object Repository/Olusturma/Genel/Not/Notlar'

2021-11-23 16:36:52 - [MESSAGE][INFO] - Checking object

2021-11-23 16:36:52 - [MESSAGE][INFO] - Finding web element from Test Object's properties

2021-11-23 16:36:52 - [MESSAGE][INFO] - Checking timeout

2021-11-23 16:36:52 - [MESSAGE][INFO] - Finding web element with id: 'Object Repository/Olusturma/Genel/Not/Notlar' located by 'By.xpath: //*[@id = 'txtNote_I']' in '30' second(s)

2021-11-23 16:36:52 - [MESSAGE][INFO] - Smart Wait Function is triggered

2021-11-23 16:36:52 - [MESSAGE][INFO] - Found 1 web elements with id: 'Object Repository/Olusturma/Genel/Not/Notlar' located by 'By.xpath: //*[@id = 'txtNote_I']' in '30' second(s)

2021-11-23 16:36:52 - [MESSAGE][INFO] - Clearing text of object 'Object Repository/Olusturma/Genel/Not/Notlar'

2021-11-23 16:36:52 - [MESSAGE][PASSED] - Text of object 'Object Repository/Olusturma/Genel/Not/Notlar' is cleared

2021-11-23 16:36:52 - [TEST_STEP][PASSED] - click(findTestObject("Olusturma/Genel/Not/Notlar")): Object: 'Object Repository/Olusturma/Genel/Not/Notlar' is clicked on

2021-11-23 16:36:52 - [MESSAGE][INFO] - Finding Test Object 'Object Repository/Olusturma/Genel/Not/Notlar'

2021-11-23 16:36:52 - [MESSAGE][INFO] - Checking object

2021-11-23 16:36:52 - [MESSAGE][INFO] - Finding web element from Test Object's properties

2021-11-23 16:36:52 - [MESSAGE][INFO] - Checking timeout

2021-11-23 16:36:52 - [MESSAGE][INFO] - Finding web element with id: 'Object Repository/Olusturma/Genel/Not/Notlar' located by 'By.xpath: //*[@id = 'txtNote_I']' in '30' second(s)

2021-11-23 16:36:52 - [MESSAGE][INFO] - Smart Wait Function is triggered

2021-11-23 16:36:52 - [MESSAGE][INFO] - Found 1 web elements with id: 'Object Repository/Olusturma/Genel/Not/Notlar' located by 'By.xpath: //*[@id = 'txtNote_I']' in '30' second(s)

2021-11-23 16:36:52 - [MESSAGE][INFO] - Clicking on object: 'Object Repository/Olusturma/Genel/Not/Notlar'

2021-11-23 16:36:53 - [MESSAGE][PASSED] - Object: 'Object Repository/Olusturma/Genel/Not/Notlar' is clicked on

2021-11-23 16:36:53 - [TEST_STEP][PASSED] - while (true): null

2021-11-23 16:36:53 - [TEST_STEP][PASSED] - delay(1): Delayed 1 second(s)

2021-11-23 16:36:53 - [MESSAGE][INFO] - Delaying browser in 1 second(s)

2021-11-23 16:36:54 - [MESSAGE][PASSED] - Delayed 1 second(s)

2021-11-23 16:36:54 - [TEST_STEP][PASSED] - ajaxIsComplete = executeJavaScript("return jQuery.active == 0", null): Execute JavaScript 'return jQuery.active == 0' successfully

2021-11-23 16:36:54 - [MESSAGE][PASSED] - Execute JavaScript 'return jQuery.active == 0' successfully

2021-11-23 16:36:54 - [TEST_STEP][PASSED] - if (ajaxIsComplete): null

2021-11-23 16:36:54 - [TEST_STEP][PASSED] - break: null

2021-11-23 16:36:54 - [TEST_STEP][PASSED] - sendKeys(findTestObject("Olusturma/Genel/Not/Notlar"), Not): Keys 'Otomasyon Not' sent to object: 'Object Repository/Olusturma/Genel/Not/Notlar'

2021-11-23 16:36:54 - [MESSAGE][INFO] - Finding Test Object 'Object Repository/Olusturma/Genel/Not/Notlar'

2021-11-23 16:36:54 - [MESSAGE][INFO] - Sending keys 'Otomasyon Not' to object: 'Object Repository/Olusturma/Genel/Not/Notlar'

2021-11-23 16:36:54 - [MESSAGE][INFO] - Finding web element from Test Object's properties

2021-11-23 16:36:54 - [MESSAGE][INFO] - Checking timeout

2021-11-23 16:36:54 - [MESSAGE][INFO] - Finding web element with id: 'Object Repository/Olusturma/Genel/Not/Notlar' located by 'By.xpath: //*[@id = 'txtNote_I']' in '30' second(s)

2021-11-23 16:36:54 - [MESSAGE][INFO] - Smart Wait Function is triggered

2021-11-23 16:36:54 - [MESSAGE][INFO] - Found 1 web elements with id: 'Object Repository/Olusturma/Genel/Not/Notlar' located by 'By.xpath: //*[@id = 'txtNote_I']' in '30' second(s)

2021-11-23 16:36:54 - [MESSAGE][PASSED] - Keys 'Otomasyon Not' sent to object: 'Object Repository/Olusturma/Genel/Not/Notlar'

2021-11-23 16:36:54 - [MESSAGE][PASSED] - Call Test Case 'Test Cases/Olusturma/Genel/NotGirilir' successfully

2021-11-23 16:36:54 - [MESSAGE][INFO] - Checking called Test Case

2021-11-23 16:36:54 - [MESSAGE][INFO] - Starting to call Test Case 'Test Cases/Olusturma/Genel/EttnBilgisiKayitEdilir'

2021-11-23 16:36:54 - [TEST_CASE][PASSED] - Test Cases/Olusturma/Genel/EttnBilgisiKayitEdilir: Test Cases/Olusturma/Genel/EttnBilgisiKayitEdilir

2021-11-23 16:36:55 - [TEST_STEP][PASSED] - verifyElementPresent(findTestObject("Object Repository/Olusturma/Genel/Olusturma/eArsivEttnBilgisi"), 7): Object 'Object Repository/Olusturma/Genel/Olusturma/eArsivEttnBilgisi' is present

2021-11-23 16:36:55 - [MESSAGE][INFO] - Finding Test Object 'Object Repository/Olusturma/Genel/Olusturma/eArsivEttnBilgisi'

2021-11-23 16:36:55 - [MESSAGE][INFO] - Checking object

2021-11-23 16:36:55 - [MESSAGE][INFO] - Finding web element from Test Object's properties

2021-11-23 16:36:55 - [MESSAGE][INFO] - Checking timeout

2021-11-23 16:36:55 - [MESSAGE][INFO] - Finding web element with id: 'Object Repository/Olusturma/Genel/Olusturma/eArsivEttnBilgisi' located by 'By.xpath: //*[@id = 'Uuid_I']' in '7' second(s)

2021-11-23 16:36:55 - [MESSAGE][INFO] - Smart Wait Function is triggered

2021-11-23 16:36:55 - [MESSAGE][INFO] - Found 1 web elements with id: 'Object Repository/Olusturma/Genel/Olusturma/eArsivEttnBilgisi' located by 'By.xpath: //*[@id = 'Uuid_I']' in '7' second(s)

2021-11-23 16:36:55 - [MESSAGE][PASSED] - Object 'Object Repository/Olusturma/Genel/Olusturma/eArsivEttnBilgisi' is present

2021-11-23 16:36:55 - [TEST_STEP][PASSED] - ettn = getAttribute(findTestObject("Object Repository/Olusturma/Genel/Olusturma/eArsivEttnBilgisi"), "value"): Attribute 'value' of object 'Object Repository/Olusturma/Genel/Olusturma/eArsivEttnBilgisi' is: '85e090b9-a54f-4c93-967e-6d886f6acac3'

2021-11-23 16:36:55 - [MESSAGE][INFO] - Finding Test Object 'Object Repository/Olusturma/Genel/Olusturma/eArsivEttnBilgisi'

2021-11-23 16:36:55 - [MESSAGE][INFO] - Checking object

2021-11-23 16:36:55 - [MESSAGE][INFO] - Checking attribute

2021-11-23 16:36:55 - [MESSAGE][INFO] - Finding web element from Test Object's properties

2021-11-23 16:36:55 - [MESSAGE][INFO] - Checking timeout

2021-11-23 16:36:55 - [MESSAGE][INFO] - Finding web element with id: 'Object Repository/Olusturma/Genel/Olusturma/eArsivEttnBilgisi' located by 'By.xpath: //*[@id = 'Uuid_I']' in '30' second(s)

2021-11-23 16:36:55 - [MESSAGE][INFO] - Smart Wait Function is triggered

2021-11-23 16:36:56 - [MESSAGE][INFO] - Found 1 web elements with id: 'Object Repository/Olusturma/Genel/Olusturma/eArsivEttnBilgisi' located by 'By.xpath: //*[@id = 'Uuid_I']' in '30' second(s)

2021-11-23 16:36:56 - [MESSAGE][INFO] - Getting attribute 'value' of object 'Object Repository/Olusturma/Genel/Olusturma/eArsivEttnBilgisi'

2021-11-23 16:36:56 - [MESSAGE][PASSED] - Attribute 'value' of object 'Object Repository/Olusturma/Genel/Olusturma/eArsivEttnBilgisi' is: '85e090b9-a54f-4c93-967e-6d886f6acac3'

2021-11-23 16:36:56 - [MESSAGE][PASSED] - Call Test Case 'Test Cases/Olusturma/Genel/EttnBilgisiKayitEdilir' successfully

2021-11-23 16:36:56 - [MESSAGE][INFO] - Checking called Test Case

2021-11-23 16:36:56 - [MESSAGE][INFO] - Starting to call Test Case 'Test Cases/Olusturma/Genel/KaydetButonunaTiklanir'

2021-11-23 16:36:56 - [TEST_CASE][PASSED] - Test Cases/Olusturma/Genel/KaydetButonunaTiklanir: Test Cases/Olusturma/Genel/KaydetButonunaTiklanir

2021-11-23 16:36:56 - [TEST_STEP][PASSED] - i = 0: null

2021-11-23 16:36:56 - [TEST_STEP][PASSED] - waitForElementPresent(findTestObject("Olusturma/Genel/Not/Notlar"), 10): Object 'Object Repository/Olusturma/Genel/Not/Notlar' is present

2021-11-23 16:36:56 - [MESSAGE][INFO] - Finding Test Object 'Object Repository/Olusturma/Genel/Not/Notlar'

2021-11-23 16:36:56 - [MESSAGE][INFO] - Checking object

2021-11-23 16:36:56 - [MESSAGE][INFO] - Finding web element from Test Object's properties

2021-11-23 16:36:56 - [MESSAGE][INFO] - Checking timeout

2021-11-23 16:36:56 - [MESSAGE][INFO] - Finding web element with id: 'Object Repository/Olusturma/Genel/Not/Notlar' located by 'By.xpath: //*[@id = 'txtNote_I']' in '10' second(s)

2021-11-23 16:36:56 - [MESSAGE][INFO] - Smart Wait Function is triggered

2021-11-23 16:36:56 - [MESSAGE][INFO] - Found 1 web elements with id: 'Object Repository/Olusturma/Genel/Not/Notlar' located by 'By.xpath: //*[@id = 'txtNote_I']' in '10' second(s)

2021-11-23 16:36:56 - [MESSAGE][PASSED] - Object 'Object Repository/Olusturma/Genel/Not/Notlar' is present

2021-11-23 16:36:56 - [TEST_STEP][PASSED] - click(findTestObject("Olusturma/Genel/Not/Notlar")): Object: 'Object Repository/Olusturma/Genel/Not/Notlar' is clicked on

2021-11-23 16:36:56 - [MESSAGE][INFO] - Finding Test Object 'Object Repository/Olusturma/Genel/Not/Notlar'

2021-11-23 16:36:56 - [MESSAGE][INFO] - Checking object

2021-11-23 16:36:56 - [MESSAGE][INFO] - Finding web element from Test Object's properties

2021-11-23 16:36:56 - [MESSAGE][INFO] - Checking timeout

2021-11-23 16:36:56 - [MESSAGE][INFO] - Finding web element with id: 'Object Repository/Olusturma/Genel/Not/Notlar' located by 'By.xpath: //*[@id = 'txtNote_I']' in '30' second(s)

2021-11-23 16:36:56 - [MESSAGE][INFO] - Smart Wait Function is triggered

2021-11-23 16:36:57 - [MESSAGE][INFO] - Found 1 web elements with id: 'Object Repository/Olusturma/Genel/Not/Notlar' located by 'By.xpath: //*[@id = 'txtNote_I']' in '30' second(s)

2021-11-23 16:36:57 - [MESSAGE][INFO] - Clicking on object: 'Object Repository/Olusturma/Genel/Not/Notlar'

2021-11-23 16:36:57 - [MESSAGE][PASSED] - Object: 'Object Repository/Olusturma/Genel/Not/Notlar' is clicked on

2021-11-23 16:36:57 - [TEST_STEP][PASSED] - while (true): null

2021-11-23 16:36:57 - [TEST_STEP][PASSED] - delay(1): Delayed 1 second(s)

2021-11-23 16:36:57 - [MESSAGE][INFO] - Delaying browser in 1 second(s)

2021-11-23 16:36:58 - [MESSAGE][PASSED] - Delayed 1 second(s)

2021-11-23 16:36:58 - [TEST_STEP][PASSED] - ajaxIsComplete = executeJavaScript("return jQuery.active == 0", null): Execute JavaScript 'return jQuery.active == 0' successfully

2021-11-23 16:36:58 - [MESSAGE][PASSED] - Execute JavaScript 'return jQuery.active == 0' successfully

2021-11-23 16:36:58 - [TEST_STEP][PASSED] - if (ajaxIsComplete): null

2021-11-23 16:36:58 - [TEST_STEP][PASSED] - break: null

2021-11-23 16:36:58 - [TEST_STEP][PASSED] - waitForElementClickable(findTestObject("Object Repository/Olusturma/Genel/Buton"), 10): Object 'Object Repository/Olusturma/Genel/Buton' is clickable

2021-11-23 16:36:58 - [MESSAGE][INFO] - Finding Test Object 'Object Repository/Olusturma/Genel/Buton'

2021-11-23 16:36:58 - [MESSAGE][INFO] - Checking object

2021-11-23 16:36:58 - [MESSAGE][INFO] - Checking timeout

2021-11-23 16:36:58 - [MESSAGE][INFO] - Finding web element from Test Object's properties

2021-11-23 16:36:58 - [MESSAGE][INFO] - Checking timeout

2021-11-23 16:36:58 - [MESSAGE][INFO] - Finding web element with id: 'Object Repository/Olusturma/Genel/Buton' located by 'By.xpath: //*[@id = 'btnKaydet']' in '10' second(s)

2021-11-23 16:36:58 - [MESSAGE][INFO] - Smart Wait Function is triggered

2021-11-23 16:36:58 - [MESSAGE][INFO] - Found 1 web elements with id: 'Object Repository/Olusturma/Genel/Buton' located by 'By.xpath: //*[@id = 'btnKaydet']' in '10' second(s)

2021-11-23 16:36:58 - [MESSAGE][PASSED] - Object 'Object Repository/Olusturma/Genel/Buton' is clickable

2021-11-23 16:36:58 - [TEST_STEP][PASSED] - click(findTestObject("Object Repository/Olusturma/Genel/Buton")): Object: 'Object Repository/Olusturma/Genel/Buton' is clicked on

2021-11-23 16:36:58 - [MESSAGE][INFO] - Finding Test Object 'Object Repository/Olusturma/Genel/Buton'

2021-11-23 16:36:58 - [MESSAGE][INFO] - Checking object

2021-11-23 16:36:58 - [MESSAGE][INFO] - Finding web element from Test Object's properties

2021-11-23 16:36:58 - [MESSAGE][INFO] - Checking timeout

2021-11-23 16:36:58 - [MESSAGE][INFO] - Finding web element with id: 'Object Repository/Olusturma/Genel/Buton' located by 'By.xpath: //*[@id = 'btnKaydet']' in '30' second(s)

2021-11-23 16:36:58 - [MESSAGE][INFO] - Smart Wait Function is triggered

2021-11-23 16:36:59 - [MESSAGE][INFO] - Found 1 web elements with id: 'Object Repository/Olusturma/Genel/Buton' located by 'By.xpath: //*[@id = 'btnKaydet']' in '30' second(s)

2021-11-23 16:36:59 - [MESSAGE][INFO] - Clicking on object: 'Object Repository/Olusturma/Genel/Buton'

2021-11-23 16:37:01 - [MESSAGE][PASSED] - Object: 'Object Repository/Olusturma/Genel/Buton' is clicked on

2021-11-23 16:37:01 - [MESSAGE][PASSED] - Call Test Case 'Test Cases/Olusturma/Genel/KaydetButonunaTiklanir' successfully

2021-11-23 16:37:01 - [MESSAGE][INFO] - Checking called Test Case

2021-11-23 16:37:01 - [MESSAGE][INFO] - Starting to call Test Case 'Test Cases/Tablo/TablodaEttnliVeriOlusturulduMu'

2021-11-23 16:37:01 - [TEST_CASE][PASSED] - Test Cases/Tablo/TablodaEttnliVeriOlusturulduMu: Test Cases/Tablo/TablodaEttnliVeriOlusturulduMu

2021-11-23 16:37:01 - [TEST_STEP][PASSED] - Method.TextDegerineEsitElementVarMi(findTestObject("Tablo/OlusturulanVeri"), ettn): Method.TextDegerineEsitElementVarMi is PASSED

2021-11-23 16:37:01 - [MESSAGE][INFO] - Finding Test Object 'Object Repository/Tablo/OlusturulanVeri'

2021-11-23 16:37:01 - [MESSAGE][INFO] - Checking timeout

2021-11-23 16:37:01 - [MESSAGE][INFO] - Finding web element with id: 'Object Repository/Tablo/OlusturulanVeri' located by 'By.cssSelector: table.dxgvTable_LECustomTheme>tbody>tr:nth-child(3)>td.dxgv b,table.dxgvTable_LECustomTheme>tbody>tr:nth-child(3)>td.dxgv' in '10' second(s)

2021-11-23 16:37:01 - [MESSAGE][INFO] - Smart Wait Function is triggered

2021-11-23 16:37:02 - [MESSAGE][INFO] - Found 14 web elements with id: 'Object Repository/Tablo/OlusturulanVeri' located by 'By.cssSelector: table.dxgvTable_LECustomTheme>tbody>tr:nth-child(3)>td.dxgv b,table.dxgvTable_LECustomTheme>tbody>tr:nth-child(3)>td.dxgv' in '10' second(s)

2021-11-23 16:37:02 - [MESSAGE][PASSED] - Method.TextDegerineEsitElementVarMi is PASSED

2021-11-23 16:37:02 - [MESSAGE][PASSED] - Call Test Case 'Test Cases/Tablo/TablodaEttnliVeriOlusturulduMu' successfully

2021-11-23 16:37:02 - [MESSAGE][INFO] - Checking called Test Case

2021-11-23 16:37:02 - [MESSAGE][INFO] - Starting to call Test Case 'Test Cases/Tablo/TablodanEttnliVeriSec'

2021-11-23 16:37:02 - [TEST_CASE][PASSED] - Test Cases/Tablo/TablodanEttnliVeriSec: Test Cases/Tablo/TablodanEttnliVeriSec

2021-11-23 16:37:03 - [TEST_STEP][PASSED] - Method.TextDegerineEsitElementinAltindakineTikla(findTestObject("Tablo/Veriler"), findTestObject("Tablo/VerininCheckBoxi"), ettn): Method.TextDegerineEsitElementinAltindakineTikla is PASSED

2021-11-23 16:37:03 - [MESSAGE][INFO] - Finding Test Object 'Object Repository/Tablo/Veriler'

2021-11-23 16:37:03 - [MESSAGE][INFO] - Finding Test Object 'Object Repository/Tablo/VerininCheckBoxi'

2021-11-23 16:37:03 - [MESSAGE][INFO] - Checking timeout

2021-11-23 16:37:03 - [MESSAGE][INFO] - Finding web element with id: 'Object Repository/Tablo/Veriler' located by 'By.cssSelector: td.dxgv b ,td.dxgv' in '10' second(s)

2021-11-23 16:37:03 - [MESSAGE][INFO] - Smart Wait Function is triggered

2021-11-23 16:37:03 - [MESSAGE][INFO] - Found 70 web elements with id: 'Object Repository/Tablo/Veriler' located by 'By.cssSelector: td.dxgv b ,td.dxgv' in '10' second(s)

2021-11-23 16:37:03 - [MESSAGE][INFO] - Smart Wait Function is triggered

2021-11-23 16:37:03 - [MESSAGE][PASSED] - Method.TextDegerineEsitElementinAltindakineTikla is PASSED

2021-11-23 16:37:03 - [MESSAGE][PASSED] - Call Test Case 'Test Cases/Tablo/TablodanEttnliVeriSec' successfully

2021-11-23 16:37:03 - [MESSAGE][INFO] - Checking called Test Case

2021-11-23 16:37:03 - [MESSAGE][INFO] - Starting to call Test Case 'Test Cases/Butonlar/ButonaTikla'

2021-11-23 16:37:03 - [TEST_CASE][PASSED] - Test Cases/Butonlar/ButonaTikla: Test Cases/Butonlar/ButonaTikla

2021-11-23 16:37:03 - [TEST_STEP][PASSED] - Method.TextDegerineEsitElementeTiklaEquals(findTestObject("Butonlar/Butonlar"), Buton_Adi): Method.TextDegerineEsitElementeTiklaEquals is PASSED

2021-11-23 16:37:03 - [MESSAGE][INFO] - Finding Test Object 'Object Repository/Butonlar/Butonlar'

2021-11-23 16:37:04 - [MESSAGE][INFO] - Checking timeout

2021-11-23 16:37:04 - [MESSAGE][INFO] - Finding web element with id: 'Object Repository/Butonlar/Butonlar' located by 'By.cssSelector: .panel.panel-default.text-center.footerPanel .btn,.btn.btn-primary.btnControls' in '10' second(s)

2021-11-23 16:37:04 - [MESSAGE][INFO] - Smart Wait Function is triggered

2021-11-23 16:37:04 - [MESSAGE][INFO] - Found 9 web elements with id: 'Object Repository/Butonlar/Butonlar' located by 'By.cssSelector: .panel.panel-default.text-center.footerPanel .btn,.btn.btn-primary.btnControls' in '10' second(s)

2021-11-23 16:37:04 - [MESSAGE][PASSED] - Method.TextDegerineEsitElementeTiklaEquals is PASSED

2021-11-23 16:37:04 - [MESSAGE][PASSED] - Call Test Case 'Test Cases/Butonlar/ButonaTikla' successfully

2021-11-23 16:37:04 - [MESSAGE][INFO] - Checking called Test Case

2021-11-23 16:37:04 - [MESSAGE][INFO] - Starting to call Test Case 'Test Cases/Popup/PopupMesajiIceriyorMu'

2021-11-23 16:37:04 - [TEST_CASE][PASSED] - Test Cases/Popup/PopupMesajiIceriyorMu: Test Cases/Popup/PopupMesajiIceriyorMu

2021-11-23 16:37:05 - [TEST_STEP][PASSED] - waitForElementVisible(findTestObject("Popup/Popup"), 10): Object 'Object Repository/Popup/Popup' is visible

2021-11-23 16:37:05 - [MESSAGE][INFO] - Finding Test Object 'Object Repository/Popup/Popup'

2021-11-23 16:37:05 - [MESSAGE][INFO] - Checking object

2021-11-23 16:37:05 - [MESSAGE][INFO] - Checking timeout

2021-11-23 16:37:05 - [MESSAGE][INFO] - Finding web element from Test Object's properties

2021-11-23 16:37:05 - [MESSAGE][INFO] - Checking timeout

2021-11-23 16:37:05 - [MESSAGE][INFO] - Finding web element with id: 'Object Repository/Popup/Popup' located by 'By.cssSelector: .bootbox-body' in '10' second(s)

2021-11-23 16:37:05 - [MESSAGE][INFO] - Smart Wait Function is triggered

2021-11-23 16:37:05 - [MESSAGE][INFO] - Found 1 web elements with id: 'Object Repository/Popup/Popup' located by 'By.cssSelector: .bootbox-body' in '10' second(s)

2021-11-23 16:37:05 - [MESSAGE][PASSED] - Object 'Object Repository/Popup/Popup' is visible

2021-11-23 16:37:05 - [TEST_STEP][PASSED] - if (!(getText(findTestObject("Popup/Popup")).contains(Mesaj))): Text of object 'Object Repository/Popup/Popup' is: 'Oluşturulacak fatura numarası : FGX2021000000521 Fatura numarası oluşturulduktan sonra fatura silinemez. Fatura numarası, tarihi ve ön eki değiştirilemez. Devam etmek istiyor musunuz?'

2021-11-23 16:37:05 - [MESSAGE][INFO] - Finding Test Object 'Object Repository/Popup/Popup'

2021-11-23 16:37:05 - [MESSAGE][INFO] - Checking object

2021-11-23 16:37:05 - [MESSAGE][INFO] - Finding web element from Test Object's properties

2021-11-23 16:37:05 - [MESSAGE][INFO] - Checking timeout

2021-11-23 16:37:05 - [MESSAGE][INFO] - Finding web element with id: 'Object Repository/Popup/Popup' located by 'By.cssSelector: .bootbox-body' in '30' second(s)

2021-11-23 16:37:05 - [MESSAGE][INFO] - Smart Wait Function is triggered

2021-11-23 16:37:06 - [MESSAGE][INFO] - Found 1 web elements with id: 'Object Repository/Popup/Popup' located by 'By.cssSelector: .bootbox-body' in '30' second(s)

2021-11-23 16:37:06 - [MESSAGE][INFO] - Getting text of object 'Object Repository/Popup/Popup'

2021-11-23 16:37:06 - [MESSAGE][PASSED] - Text of object 'Object Repository/Popup/Popup' is: 'Oluşturulacak fatura numarası : FGX2021000000521 Fatura numarası oluşturulduktan sonra fatura silinemez. Fatura numarası, tarihi ve ön eki değiştirilemez. Devam etmek istiyor musunuz?'

2021-11-23 16:37:06 - [TEST_STEP][PASSED] - RaporNo = getText(findTestObject("Popup/Popup")).substring(0, 6): Text of object 'Object Repository/Popup/Popup' is: 'Oluşturulacak fatura numarası : FGX2021000000521 Fatura numarası oluşturulduktan sonra fatura silinemez. Fatura numarası, tarihi ve ön eki değiştirilemez. Devam etmek istiyor musunuz?'

2021-11-23 16:37:06 - [MESSAGE][INFO] - Finding Test Object 'Object Repository/Popup/Popup'

2021-11-23 16:37:06 - [MESSAGE][INFO] - Checking object

2021-11-23 16:37:06 - [MESSAGE][INFO] - Finding web element from Test Object's properties

2021-11-23 16:37:06 - [MESSAGE][INFO] - Checking timeout

2021-11-23 16:37:06 - [MESSAGE][INFO] - Finding web element with id: 'Object Repository/Popup/Popup' located by 'By.cssSelector: .bootbox-body' in '30' second(s)

2021-11-23 16:37:06 - [MESSAGE][INFO] - Smart Wait Function is triggered

2021-11-23 16:37:06 - [MESSAGE][INFO] - Found 1 web elements with id: 'Object Repository/Popup/Popup' located by 'By.cssSelector: .bootbox-body' in '30' second(s)

2021-11-23 16:37:06 - [MESSAGE][INFO] - Getting text of object 'Object Repository/Popup/Popup'

2021-11-23 16:37:06 - [MESSAGE][PASSED] - Text of object 'Object Repository/Popup/Popup' is: 'Oluşturulacak fatura numarası : FGX2021000000521 Fatura numarası oluşturulduktan sonra fatura silinemez. Fatura numarası, tarihi ve ön eki değiştirilemez. Devam etmek istiyor musunuz?'

2021-11-23 16:37:06 - [TEST_STEP][PASSED] - Console.println(RaporNo): null

2021-11-23 16:37:06 - [MESSAGE][PASSED] - Call Test Case 'Test Cases/Popup/PopupMesajiIceriyorMu' successfully

2021-11-23 16:37:06 - [MESSAGE][INFO] - Checking called Test Case

2021-11-23 16:37:06 - [MESSAGE][INFO] - Starting to call Test Case 'Test Cases/Popup/PopupButonSecilir'

2021-11-23 16:37:06 - [TEST_CASE][PASSED] - Test Cases/Popup/PopupButonSecilir: Test Cases/Popup/PopupButonSecilir

2021-11-23 16:37:07 - [TEST_STEP][PASSED] - Method.TextDegerineEsitElementeTikla(findTestObject("Popup/Popup_Butons"), Buton): Method.TextDegerineEsitElementeTikla is PASSED

2021-11-23 16:37:07 - [MESSAGE][INFO] - Finding Test Object 'Object Repository/Popup/Popup_Butons'

2021-11-23 16:37:07 - [MESSAGE][INFO] - Checking timeout

2021-11-23 16:37:07 - [MESSAGE][INFO] - Finding web element with id: 'Object Repository/Popup/Popup_Butons' located by 'By.cssSelector: .modal-footer>button' in '10' second(s)

2021-11-23 16:37:07 - [MESSAGE][INFO] - Smart Wait Function is triggered

2021-11-23 16:37:07 - [MESSAGE][INFO] - Found 2 web elements with id: 'Object Repository/Popup/Popup_Butons' located by 'By.cssSelector: .modal-footer>button' in '10' second(s)

2021-11-23 16:37:07 - [MESSAGE][PASSED] - Method.TextDegerineEsitElementeTikla is PASSED

2021-11-23 16:37:07 - [MESSAGE][PASSED] - Call Test Case 'Test Cases/Popup/PopupButonSecilir' successfully

2021-11-23 16:37:07 - [MESSAGE][INFO] - Checking called Test Case

2021-11-23 16:37:07 - [MESSAGE][INFO] - Starting to call Test Case 'Test Cases/Popup/PopupMesajiIceriyorMu'

2021-11-23 16:37:07 - [TEST_CASE][PASSED] - Test Cases/Popup/PopupMesajiIceriyorMu: Test Cases/Popup/PopupMesajiIceriyorMu

2021-11-23 16:37:07 - [TEST_STEP][PASSED] - waitForElementVisible(findTestObject("Popup/Popup"), 10): Object 'Object Repository/Popup/Popup' is visible

2021-11-23 16:37:07 - [MESSAGE][INFO] - Finding Test Object 'Object Repository/Popup/Popup'

2021-11-23 16:37:07 - [MESSAGE][INFO] - Checking object

2021-11-23 16:37:07 - [MESSAGE][INFO] - Checking timeout

2021-11-23 16:37:07 - [MESSAGE][INFO] - Finding web element from Test Object's properties

2021-11-23 16:37:07 - [MESSAGE][INFO] - Checking timeout

2021-11-23 16:37:07 - [MESSAGE][INFO] - Finding web element with id: 'Object Repository/Popup/Popup' located by 'By.cssSelector: .bootbox-body' in '10' second(s)

2021-11-23 16:37:07 - [MESSAGE][INFO] - Smart Wait Function is triggered

2021-11-23 16:37:08 - [MESSAGE][INFO] - Found 1 web elements with id: 'Object Repository/Popup/Popup' located by 'By.cssSelector: .bootbox-body' in '10' second(s)

2021-11-23 16:37:08 - [MESSAGE][PASSED] - Object 'Object Repository/Popup/Popup' is visible

2021-11-23 16:37:08 - [TEST_STEP][PASSED] - if (!(getText(findTestObject("Popup/Popup")).contains(Mesaj))): Text of object 'Object Repository/Popup/Popup' is: 'Fatura numaranız FGX2021000000521 olarak oluşmuştur.'

2021-11-23 16:37:08 - [MESSAGE][INFO] - Finding Test Object 'Object Repository/Popup/Popup'

2021-11-23 16:37:08 - [MESSAGE][INFO] - Checking object

2021-11-23 16:37:08 - [MESSAGE][INFO] - Finding web element from Test Object's properties

2021-11-23 16:37:08 - [MESSAGE][INFO] - Checking timeout

2021-11-23 16:37:08 - [MESSAGE][INFO] - Finding web element with id: 'Object Repository/Popup/Popup' located by 'By.cssSelector: .bootbox-body' in '30' second(s)

2021-11-23 16:37:08 - [MESSAGE][INFO] - Smart Wait Function is triggered

2021-11-23 16:37:08 - [MESSAGE][INFO] - Found 1 web elements with id: 'Object Repository/Popup/Popup' located by 'By.cssSelector: .bootbox-body' in '30' second(s)

2021-11-23 16:37:08 - [MESSAGE][INFO] - Getting text of object 'Object Repository/Popup/Popup'

2021-11-23 16:37:08 - [MESSAGE][PASSED] - Text of object 'Object Repository/Popup/Popup' is: 'Fatura numaranız FGX2021000000521 olarak oluşmuştur.'

2021-11-23 16:37:08 - [TEST_STEP][PASSED] - RaporNo = getText(findTestObject("Popup/Popup")).substring(0, 6): Text of object 'Object Repository/Popup/Popup' is: 'Fatura numaranız FGX2021000000521 olarak oluşmuştur.'

2021-11-23 16:37:08 - [MESSAGE][INFO] - Finding Test Object 'Object Repository/Popup/Popup'

2021-11-23 16:37:08 - [MESSAGE][INFO] - Checking object

2021-11-23 16:37:08 - [MESSAGE][INFO] - Finding web element from Test Object's properties

2021-11-23 16:37:08 - [MESSAGE][INFO] - Checking timeout

2021-11-23 16:37:08 - [MESSAGE][INFO] - Finding web element with id: 'Object Repository/Popup/Popup' located by 'By.cssSelector: .bootbox-body' in '30' second(s)

2021-11-23 16:37:08 - [MESSAGE][INFO] - Smart Wait Function is triggered

2021-11-23 16:37:09 - [MESSAGE][INFO] - Found 1 web elements with id: 'Object Repository/Popup/Popup' located by 'By.cssSelector: .bootbox-body' in '30' second(s)

2021-11-23 16:37:09 - [MESSAGE][INFO] - Getting text of object 'Object Repository/Popup/Popup'

2021-11-23 16:37:09 - [MESSAGE][PASSED] - Text of object 'Object Repository/Popup/Popup' is: 'Fatura numaranız FGX2021000000521 olarak oluşmuştur.'

2021-11-23 16:37:09 - [TEST_STEP][PASSED] - Console.println(RaporNo): null

2021-11-23 16:37:09 - [MESSAGE][PASSED] - Call Test Case 'Test Cases/Popup/PopupMesajiIceriyorMu' successfully

2021-11-23 16:37:09 - [MESSAGE][INFO] - Checking called Test Case

2021-11-23 16:37:09 - [MESSAGE][INFO] - Starting to call Test Case 'Test Cases/Popup/PopupButonSecilir'

2021-11-23 16:37:09 - [TEST_CASE][PASSED] - Test Cases/Popup/PopupButonSecilir: Test Cases/Popup/PopupButonSecilir

2021-11-23 16:37:09 - [TEST_STEP][PASSED] - Method.TextDegerineEsitElementeTikla(findTestObject("Popup/Popup_Butons"), Buton): Method.TextDegerineEsitElementeTikla is PASSED

2021-11-23 16:37:09 - [MESSAGE][INFO] - Finding Test Object 'Object Repository/Popup/Popup_Butons'

2021-11-23 16:37:09 - [MESSAGE][INFO] - Checking timeout

2021-11-23 16:37:09 - [MESSAGE][INFO] - Finding web element with id: 'Object Repository/Popup/Popup_Butons' located by 'By.cssSelector: .modal-footer>button' in '10' second(s)

2021-11-23 16:37:09 - [MESSAGE][INFO] - Smart Wait Function is triggered

2021-11-23 16:37:09 - [MESSAGE][INFO] - Found 1 web elements with id: 'Object Repository/Popup/Popup_Butons' located by 'By.cssSelector: .modal-footer>button' in '10' second(s)

2021-11-23 16:37:09 - [MESSAGE][PASSED] - Method.TextDegerineEsitElementeTikla is PASSED

2021-11-23 16:37:09 - [MESSAGE][PASSED] - Call Test Case 'Test Cases/Popup/PopupButonSecilir' successfully

2021-11-23 16:37:09 - [MESSAGE][INFO] - Checking called Test Case

2021-11-23 16:37:09 - [MESSAGE][INFO] - Starting to call Test Case 'Test Cases/Tablo/TablodanEttnliVeriSec'

2021-11-23 16:37:09 - [TEST_CASE][PASSED] - Test Cases/Tablo/TablodanEttnliVeriSec: Test Cases/Tablo/TablodanEttnliVeriSec

2021-11-23 16:37:09 - [TEST_STEP][PASSED] - Method.TextDegerineEsitElementinAltindakineTikla(findTestObject("Tablo/Veriler"), findTestObject("Tablo/VerininCheckBoxi"), ettn): Method.TextDegerineEsitElementinAltindakineTikla is PASSED

2021-11-23 16:37:09 - [MESSAGE][INFO] - Finding Test Object 'Object Repository/Tablo/Veriler'

2021-11-23 16:37:09 - [MESSAGE][INFO] - Finding Test Object 'Object Repository/Tablo/VerininCheckBoxi'

2021-11-23 16:37:09 - [MESSAGE][INFO] - Checking timeout

2021-11-23 16:37:09 - [MESSAGE][INFO] - Finding web element with id: 'Object Repository/Tablo/Veriler' located by 'By.cssSelector: td.dxgv b ,td.dxgv' in '10' second(s)

2021-11-23 16:37:09 - [MESSAGE][INFO] - Smart Wait Function is triggered

2021-11-23 16:37:10 - [MESSAGE][INFO] - Found 70 web elements with id: 'Object Repository/Tablo/Veriler' located by 'By.cssSelector: td.dxgv b ,td.dxgv' in '10' second(s)

2021-11-23 16:37:10 - [MESSAGE][INFO] - Smart Wait Function is triggered

2021-11-23 16:37:10 - [MESSAGE][PASSED] - Method.TextDegerineEsitElementinAltindakineTikla is PASSED

2021-11-23 16:37:10 - [MESSAGE][PASSED] - Call Test Case 'Test Cases/Tablo/TablodanEttnliVeriSec' successfully

2021-11-23 16:37:10 - [MESSAGE][INFO] - Checking called Test Case

2021-11-23 16:37:10 - [MESSAGE][INFO] - Starting to call Test Case 'Test Cases/Butonlar/ButonaTikla'

2021-11-23 16:37:11 - [TEST_CASE][PASSED] - Test Cases/Butonlar/ButonaTikla: Test Cases/Butonlar/ButonaTikla

2021-11-23 16:37:11 - [TEST_STEP][PASSED] - Method.TextDegerineEsitElementeTiklaEquals(findTestObject("Butonlar/Butonlar"), Buton_Adi): Method.TextDegerineEsitElementeTiklaEquals is PASSED

2021-11-23 16:37:11 - [MESSAGE][INFO] - Finding Test Object 'Object Repository/Butonlar/Butonlar'

2021-11-23 16:37:11 - [MESSAGE][INFO] - Checking timeout

2021-11-23 16:37:11 - [MESSAGE][INFO] - Finding web element with id: 'Object Repository/Butonlar/Butonlar' located by 'By.cssSelector: .panel.panel-default.text-center.footerPanel .btn,.btn.btn-primary.btnControls' in '10' second(s)

2021-11-23 16:37:11 - [MESSAGE][INFO] - Smart Wait Function is triggered

2021-11-23 16:37:11 - [MESSAGE][INFO] - Found 9 web elements with id: 'Object Repository/Butonlar/Butonlar' located by 'By.cssSelector: .panel.panel-default.text-center.footerPanel .btn,.btn.btn-primary.btnControls' in '10' second(s)

2021-11-23 16:37:12 - [MESSAGE][PASSED] - Method.TextDegerineEsitElementeTiklaEquals is PASSED

2021-11-23 16:37:12 - [MESSAGE][PASSED] - Call Test Case 'Test Cases/Butonlar/ButonaTikla' successfully

2021-11-23 16:37:12 - [MESSAGE][INFO] - Checking called Test Case

2021-11-23 16:37:12 - [MESSAGE][INFO] - Starting to call Test Case 'Test Cases/Popup/PopupMesajiIceriyorMu'

2021-11-23 16:37:12 - [TEST_CASE][PASSED] - Test Cases/Popup/PopupMesajiIceriyorMu: Test Cases/Popup/PopupMesajiIceriyorMu

2021-11-23 16:37:12 - [TEST_STEP][PASSED] - waitForElementVisible(findTestObject("Popup/Popup"), 10): Object 'Object Repository/Popup/Popup' is visible

2021-11-23 16:37:12 - [MESSAGE][INFO] - Finding Test Object 'Object Repository/Popup/Popup'

2021-11-23 16:37:12 - [MESSAGE][INFO] - Checking object

2021-11-23 16:37:12 - [MESSAGE][INFO] - Checking timeout

2021-11-23 16:37:12 - [MESSAGE][INFO] - Finding web element from Test Object's properties

2021-11-23 16:37:12 - [MESSAGE][INFO] - Checking timeout

2021-11-23 16:37:12 - [MESSAGE][INFO] - Finding web element with id: 'Object Repository/Popup/Popup' located by 'By.cssSelector: .bootbox-body' in '10' second(s)

2021-11-23 16:37:12 - [MESSAGE][INFO] - Smart Wait Function is triggered

2021-11-23 16:37:12 - [MESSAGE][INFO] - Found 1 web elements with id: 'Object Repository/Popup/Popup' located by 'By.cssSelector: .bootbox-body' in '10' second(s)

2021-11-23 16:37:12 - [MESSAGE][PASSED] - Object 'Object Repository/Popup/Popup' is visible

2021-11-23 16:37:12 - [TEST_STEP][PASSED] - if (!(getText(findTestObject("Popup/Popup")).contains(Mesaj))): Text of object 'Object Repository/Popup/Popup' is: 'Seçilen faturalarınız onaylanacaktır. Onaylanan faturalar üzerinde değişiklik yapılamaz. Devam etmek istiyor musunuz?'

2021-11-23 16:37:12 - [MESSAGE][INFO] - Finding Test Object 'Object Repository/Popup/Popup'

2021-11-23 16:37:12 - [MESSAGE][INFO] - Checking object

2021-11-23 16:37:12 - [MESSAGE][INFO] - Finding web element from Test Object's properties

2021-11-23 16:37:12 - [MESSAGE][INFO] - Checking timeout

2021-11-23 16:37:12 - [MESSAGE][INFO] - Finding web element with id: 'Object Repository/Popup/Popup' located by 'By.cssSelector: .bootbox-body' in '30' second(s)

2021-11-23 16:37:12 - [MESSAGE][INFO] - Smart Wait Function is triggered

2021-11-23 16:37:12 - [MESSAGE][INFO] - Found 1 web elements with id: 'Object Repository/Popup/Popup' located by 'By.cssSelector: .bootbox-body' in '30' second(s)

2021-11-23 16:37:12 - [MESSAGE][INFO] - Getting text of object 'Object Repository/Popup/Popup'

2021-11-23 16:37:12 - [MESSAGE][PASSED] - Text of object 'Object Repository/Popup/Popup' is: 'Seçilen faturalarınız onaylanacaktır. Onaylanan faturalar üzerinde değişiklik yapılamaz. Devam etmek istiyor musunuz?'

2021-11-23 16:37:12 - [TEST_STEP][PASSED] - RaporNo = getText(findTestObject("Popup/Popup")).substring(0, 6): Text of object 'Object Repository/Popup/Popup' is: 'Seçilen faturalarınız onaylanacaktır. Onaylanan faturalar üzerinde değişiklik yapılamaz. Devam etmek istiyor musunuz?'

2021-11-23 16:37:12 - [MESSAGE][INFO] - Finding Test Object 'Object Repository/Popup/Popup'

2021-11-23 16:37:12 - [MESSAGE][INFO] - Checking object

2021-11-23 16:37:12 - [MESSAGE][INFO] - Finding web element from Test Object's properties

2021-11-23 16:37:12 - [MESSAGE][INFO] - Checking timeout

2021-11-23 16:37:12 - [MESSAGE][INFO] - Finding web element with id: 'Object Repository/Popup/Popup' located by 'By.cssSelector: .bootbox-body' in '30' second(s)

2021-11-23 16:37:12 - [MESSAGE][INFO] - Smart Wait Function is triggered

2021-11-23 16:37:13 - [MESSAGE][INFO] - Found 1 web elements with id: 'Object Repository/Popup/Popup' located by 'By.cssSelector: .bootbox-body' in '30' second(s)

2021-11-23 16:37:13 - [MESSAGE][INFO] - Getting text of object 'Object Repository/Popup/Popup'

2021-11-23 16:37:13 - [MESSAGE][PASSED] - Text of object 'Object Repository/Popup/Popup' is: 'Seçilen faturalarınız onaylanacaktır. Onaylanan faturalar üzerinde değişiklik yapılamaz. Devam etmek istiyor musunuz?'

2021-11-23 16:37:13 - [TEST_STEP][PASSED] - Console.println(RaporNo): null

2021-11-23 16:37:13 - [MESSAGE][PASSED] - Call Test Case 'Test Cases/Popup/PopupMesajiIceriyorMu' successfully

2021-11-23 16:37:13 - [MESSAGE][INFO] - Checking called Test Case

2021-11-23 16:37:13 - [MESSAGE][INFO] - Starting to call Test Case 'Test Cases/Popup/PopupButonSecilir'

2021-11-23 16:37:13 - [TEST_CASE][PASSED] - Test Cases/Popup/PopupButonSecilir: Test Cases/Popup/PopupButonSecilir

2021-11-23 16:37:13 - [TEST_STEP][PASSED] - Method.TextDegerineEsitElementeTikla(findTestObject("Popup/Popup_Butons"), Buton): Method.TextDegerineEsitElementeTikla is PASSED

2021-11-23 16:37:13 - [MESSAGE][INFO] - Finding Test Object 'Object Repository/Popup/Popup_Butons'

2021-11-23 16:37:13 - [MESSAGE][INFO] - Checking timeout

2021-11-23 16:37:13 - [MESSAGE][INFO] - Finding web element with id: 'Object Repository/Popup/Popup_Butons' located by 'By.cssSelector: .modal-footer>button' in '10' second(s)

2021-11-23 16:37:13 - [MESSAGE][INFO] - Smart Wait Function is triggered

2021-11-23 16:37:13 - [MESSAGE][INFO] - Found 2 web elements with id: 'Object Repository/Popup/Popup_Butons' located by 'By.cssSelector: .modal-footer>button' in '10' second(s)

2021-11-23 16:37:13 - [MESSAGE][PASSED] - Method.TextDegerineEsitElementeTikla is PASSED

2021-11-23 16:37:13 - [MESSAGE][PASSED] - Call Test Case 'Test Cases/Popup/PopupButonSecilir' successfully

2021-11-23 16:37:13 - [MESSAGE][INFO] - Checking called Test Case

2021-11-23 16:37:13 - [MESSAGE][INFO] - Starting to call Test Case 'Test Cases/Menu/AnaMenuSecimi'

2021-11-23 16:37:13 - [TEST_CASE][PASSED] - Test Cases/Menu/AnaMenuSecimi: Test Cases/Menu/AnaMenuSecimi

2021-11-23 16:37:13 - [TEST_STEP][PASSED] - Method.TextDegerineEsitElementeTikla(findTestObject("Menu/Ana_Menu"), Ana_Menu): Method.TextDegerineEsitElementeTikla is PASSED

2021-11-23 16:37:13 - [MESSAGE][INFO] - Finding Test Object 'Object Repository/Menu/Ana_Menu'

2021-11-23 16:37:14 - [MESSAGE][INFO] - Checking timeout

2021-11-23 16:37:14 - [MESSAGE][INFO] - Finding web element with id: 'Object Repository/Menu/Ana_Menu' located by 'By.xpath: //*[@class = 'dropdown-toggle']' in '10' second(s)

2021-11-23 16:37:14 - [MESSAGE][INFO] - Smart Wait Function is triggered

2021-11-23 16:37:14 - [MESSAGE][INFO] - Found 13 web elements with id: 'Object Repository/Menu/Ana_Menu' located by 'By.xpath: //*[@class = 'dropdown-toggle']' in '10' second(s)

2021-11-23 16:37:15 - [MESSAGE][PASSED] - Method.TextDegerineEsitElementeTikla is PASSED

2021-11-23 16:37:15 - [MESSAGE][PASSED] - Call Test Case 'Test Cases/Menu/AnaMenuSecimi' successfully

2021-11-23 16:37:15 - [MESSAGE][INFO] - Checking called Test Case

2021-11-23 16:37:15 - [MESSAGE][INFO] - Starting to call Test Case 'Test Cases/Menu/BasligaGoreAltMenuSecimi'

2021-11-23 16:37:15 - [TEST_CASE][PASSED] - Test Cases/Menu/BasligaGoreAltMenuSecimi: Test Cases/Menu/BasligaGoreAltMenuSecimi

2021-11-23 16:37:15 - [TEST_STEP][PASSED] - Method.TextDegerineEsitElementinAltindakiTextDegerineEsitOlanaTikla(findTestObject("Menu/Menu_Basligi"), findTestObject("Menu/Basliga_Gore_Alt_Menu"), Baslik, Alt_Menu): Method.TextDegerineEsitElementinAltindakiTextDegerineEsitOlanaTikla is PASSED

2021-11-23 16:37:15 - [MESSAGE][INFO] - Finding Test Object 'Object Repository/Menu/Menu_Basligi'

2021-11-23 16:37:15 - [MESSAGE][INFO] - Finding Test Object 'Object Repository/Menu/Basliga_Gore_Alt_Menu'

2021-11-23 16:37:15 - [MESSAGE][INFO] - Checking timeout

2021-11-23 16:37:15 - [MESSAGE][INFO] - Finding web element with id: 'Object Repository/Menu/Menu_Basligi' located by 'By.xpath: //li[@class='dropdown dropdown-large open']//li[@class='dropdown-header']' in '10' second(s)

2021-11-23 16:37:15 - [MESSAGE][INFO] - Smart Wait Function is triggered

2021-11-23 16:37:15 - [MESSAGE][INFO] - Found 2 web elements with id: 'Object Repository/Menu/Menu_Basligi' located by 'By.xpath: //li[@class='dropdown dropdown-large open']//li[@class='dropdown-header']' in '10' second(s)

2021-11-23 16:37:15 - [MESSAGE][INFO] - Smart Wait Function is triggered

2021-11-23 16:37:17 - [MESSAGE][PASSED] - Method.TextDegerineEsitElementinAltindakiTextDegerineEsitOlanaTikla is PASSED

2021-11-23 16:37:17 - [MESSAGE][PASSED] - Call Test Case 'Test Cases/Menu/BasligaGoreAltMenuSecimi' successfully

2021-11-23 16:37:17 - [MESSAGE][INFO] - Checking called Test Case

2021-11-23 16:37:17 - [MESSAGE][INFO] - Starting to call Test Case 'Test Cases/Filtreler/EttnYaz'

2021-11-23 16:37:17 - [TEST_CASE][PASSED] - Test Cases/Filtreler/EttnYaz: Test Cases/Filtreler/EttnYaz

2021-11-23 16:37:17 - [TEST_STEP][PASSED] - Method.TextDegerineEsitElementinAltindakiTextboxtaYaz(findTestObject("Filtreler/Basliklar"), findTestObject("Filtreler/Basliga_Gore_Textbox"), "ETTN", ettn): Method.TextDegerineEsitElementinAltindakiTextboxtaYaz is PASSED

2021-11-23 16:37:17 - [MESSAGE][INFO] - Finding Test Object 'Object Repository/Filtreler/Basliklar'

2021-11-23 16:37:17 - [MESSAGE][INFO] - Finding Test Object 'Object Repository/Filtreler/Basliga_Gore_Textbox'

2021-11-23 16:37:17 - [MESSAGE][INFO] - Checking timeout

2021-11-23 16:37:17 - [MESSAGE][INFO] - Finding web element with id: 'Object Repository/Filtreler/Basliklar' located by 'By.cssSelector: .control-label.col-sm-4.paddingMarginRLC' in '10' second(s)

2021-11-23 16:37:17 - [MESSAGE][INFO] - Smart Wait Function is triggered

2021-11-23 16:37:18 - [MESSAGE][INFO] - Found 19 web elements with id: 'Object Repository/Filtreler/Basliklar' located by 'By.cssSelector: .control-label.col-sm-4.paddingMarginRLC' in '10' second(s)

2021-11-23 16:37:18 - [MESSAGE][INFO] - Smart Wait Function is triggered

2021-11-23 16:37:19 - [MESSAGE][PASSED] - Method.TextDegerineEsitElementinAltindakiTextboxtaYaz is PASSED

2021-11-23 16:37:19 - [MESSAGE][PASSED] - Call Test Case 'Test Cases/Filtreler/EttnYaz' successfully

2021-11-23 16:37:19 - [MESSAGE][INFO] - Checking called Test Case

2021-11-23 16:37:19 - [MESSAGE][INFO] - Starting to call Test Case 'Test Cases/Filtreler/ButonaTikla'

2021-11-23 16:37:19 - [TEST_CASE][PASSED] - Test Cases/Filtreler/ButonaTikla: Test Cases/Filtreler/ButonaTikla

2021-11-23 16:37:19 - [TEST_STEP][PASSED] - Method.TextDegerineEsitElementeTikla(findTestObject("Filtreler/Butonlar"), Filtre_Buton): Method.TextDegerineEsitElementeTikla is PASSED

2021-11-23 16:37:19 - [MESSAGE][INFO] - Finding Test Object 'Object Repository/Filtreler/Butonlar'

2021-11-23 16:37:19 - [MESSAGE][INFO] - Checking timeout

2021-11-23 16:37:19 - [MESSAGE][INFO] - Finding web element with id: 'Object Repository/Filtreler/Butonlar' located by 'By.cssSelector: .dxb>span' in '10' second(s)

2021-11-23 16:37:19 - [MESSAGE][INFO] - Smart Wait Function is triggered

2021-11-23 16:37:20 - [MESSAGE][INFO] - Found 3 web elements with id: 'Object Repository/Filtreler/Butonlar' located by 'By.cssSelector: .dxb>span' in '10' second(s)

2021-11-23 16:37:20 - [MESSAGE][PASSED] - Method.TextDegerineEsitElementeTikla is PASSED

2021-11-23 16:37:20 - [MESSAGE][PASSED] - Call Test Case 'Test Cases/Filtreler/ButonaTikla' successfully

2021-11-23 16:37:20 - [MESSAGE][INFO] - Checking called Test Case

2021-11-23 16:37:20 - [MESSAGE][INFO] - Starting to call Test Case 'Test Cases/Tablo/TablodaVeriVarMi'

2021-11-23 16:37:20 - [TEST_CASE][PASSED] - Test Cases/Tablo/TablodaVeriVarMi: Test Cases/Tablo/TablodaVeriVarMi

2021-11-23 16:37:21 - [TEST_STEP][PASSED] - verifyTextNotPresent("Görüntülenecek veri yok", true): Text 'Görüntülenecek veri yok' is not present on page using regular expression

2021-11-23 16:37:21 - [MESSAGE][INFO] - Checking text present  using regular expression

2021-11-23 16:37:21 - [MESSAGE][INFO] - Smart Wait Function is triggered

2021-11-23 16:37:21 - [MESSAGE][INFO] - Finding text 'Görüntülenecek veri yok' on page  using regular expression

2021-11-23 16:37:21 - [MESSAGE][PASSED] - Text 'Görüntülenecek veri yok' is not present on page using regular expression

2021-11-23 16:37:21 - [MESSAGE][PASSED] - Call Test Case 'Test Cases/Tablo/TablodaVeriVarMi' successfully

2021-11-23 16:37:21 - [MESSAGE][INFO] - Checking called Test Case

2021-11-23 16:37:21 - [MESSAGE][INFO] - Starting to call Test Case 'Test Cases/Tablo/TablodaVeriBasariliMiArsiv'

2021-11-23 16:37:22 - [TEST_CASE][PASSED] - Test Cases/Tablo/TablodaVeriBasariliMiArsiv: Test Cases/Tablo/TablodaVeriBasariliMiArsiv

2021-11-23 16:37:22 - [TEST_STEP][PASSED] - sayac = 80: null

2021-11-23 16:37:22 - [TEST_STEP][PASSED] - while (verifyElementText(findTestObject("Object Repository/Tablo/DurumBilgisiArsiv"), "Henüz Sonuçlanmadı", OPTIONAL)): Actual text 'Başarılı' and expected text 'Henüz Sonuçlanmadı' of test object 'Object Repository/Tablo/DurumBilgisiArsiv' are NOT matched. (Root cause: com.kms.katalon.core.exception.StepFailedException: Actual text 'Başarılı' and expected text 'Henüz Sonuçlanmadı' of test object 'Object Repository/Tablo/DurumBilgisiArsiv' are NOT matched.
	at com.kms.katalon.core.webui.keyword.internal.WebUIKeywordMain.stepFailed(WebUIKeywordMain.groovy:64)
	at com.kms.katalon.core.webui.keyword.builtin.VerifyElementTextKeyword$_verifyElementText_closure1.doCall(VerifyElementTextKeyword.groovy:57)
	at com.kms.katalon.core.webui.keyword.builtin.VerifyElementTextKeyword$_verifyElementText_closure1.call(VerifyElementTextKeyword.groovy)
	at com.kms.katalon.core.webui.keyword.internal.WebUIKeywordMain.runKeyword(WebUIKeywordMain.groovy:20)
	at com.kms.katalon.core.webui.keyword.builtin.VerifyElementTextKeyword.verifyElementText(VerifyElementTextKeyword.groovy:72)
	at com.kms.katalon.core.webui.keyword.builtin.VerifyElementTextKeyword.execute(VerifyElementTextKeyword.groovy:40)
	at com.kms.katalon.core.keyword.internal.KeywordExecutor.executeKeywordForPlatform(KeywordExecutor.groovy:73)
	at com.kms.katalon.core.webui.keyword.WebUiBuiltInKeywords.verifyElementText(WebUiBuiltInKeywords.groovy:4733)
	at com.kms.katalon.core.webui.keyword.WebUiBuiltInKeywords$verifyElementText$20.call(Unknown Source)
	at TablodaVeriBasariliMiArsiv.run(TablodaVeriBasariliMiArsiv:22)
	at com.kms.katalon.core.main.ScriptEngine.run(ScriptEngine.java:194)
	at com.kms.katalon.core.main.ScriptEngine.runScriptAsRawText(ScriptEngine.java:119)
	at com.kms.katalon.core.main.TestCaseExecutor.runScript(TestCaseExecutor.java:369)
	at com.kms.katalon.core.main.TestCaseExecutor.doExecute(TestCaseExecutor.java:360)
	at com.kms.katalon.core.main.TestCaseExecutor.processExecutionPhase(TestCaseExecutor.java:339)
	at com.kms.katalon.core.main.TestCaseExecutor.accessMainPhase(TestCaseExecutor.java:331)
	at com.kms.katalon.core.main.TestCaseExecutor.execute(TestCaseExecutor.java:248)
	at com.kms.katalon.core.main.TestCaseMain.runTestCase(TestCaseMain.java:138)
	at com.kms.katalon.core.keyword.builtin.CallTestCaseKeyword$_callTestCase_closure1.doCall(CallTestCaseKeyword.groovy:59)
	at com.kms.katalon.core.keyword.builtin.CallTestCaseKeyword$_callTestCase_closure1.call(CallTestCaseKeyword.groovy)
	at com.kms.katalon.core.keyword.internal.KeywordMain.runKeyword(KeywordMain.groovy:68)
	at com.kms.katalon.core.keyword.builtin.CallTestCaseKeyword.callTestCase(CallTestCaseKeyword.groovy:81)
	at com.kms.katalon.core.keyword.builtin.CallTestCaseKeyword.execute(CallTestCaseKeyword.groovy:44)
	at com.kms.katalon.core.keyword.internal.KeywordExecutor.executeKeywordForPlatform(KeywordExecutor.groovy:73)
	at com.kms.katalon.core.keyword.BuiltinKeywords.callTestCase(BuiltinKeywords.groovy:334)
	at tablo.tablo.tablodaVeriBasariliMiArsiv(tablo.groovy:95)
	at cucumber.runtime.Utils$1.call(Utils.java:26)
	at cucumber.runtime.Timeout.timeout(Timeout.java:16)
	at cucumber.runtime.Utils.invoke(Utils.java:20)
	at cucumber.runtime.java.JavaStepDefinition.execute(JavaStepDefinition.java:49)
	at cucumber.runner.PickleStepDefinitionMatch.runStep(PickleStepDefinitionMatch.java:50)
	at cucumber.runner.TestStep.executeStep(TestStep.java:63)
	at cucumber.runner.TestStep.run(TestStep.java:49)
	at cucumber.runner.PickleStepTestStep.run(PickleStepTestStep.java:43)
	at cucumber.runner.TestCase.run(TestCase.java:44)
	at cucumber.runner.Runner.runPickle(Runner.java:40)
	at cucumber.runtime.Runtime$1.run(Runtime.java:84)
	at cucumber.runtime.Runtime$SameThreadExecutorService.execute(Runtime.java:220)
	at cucumber.runtime.Runtime.run(Runtime.java:81)
	at cucumber.api.cli.Main.run(Main.java:26)
	at cucumber.api.cli.Main$run.call(Unknown Source)
	at com.kms.katalon.core.cucumber.keyword.CucumberBuiltinKeywords$_runFeatureFile_closure1.doCall(CucumberBuiltinKeywords.groovy:106)
	at com.kms.katalon.core.cucumber.keyword.CucumberBuiltinKeywords$_runFeatureFile_closure1.doCall(CucumberBuiltinKeywords.groovy)
	at com.kms.katalon.core.keyword.internal.KeywordMain.runKeyword(KeywordMain.groovy:68)
	at com.kms.katalon.core.keyword.internal.KeywordMain$runKeyword.call(Unknown Source)
	at com.kms.katalon.core.cucumber.keyword.CucumberBuiltinKeywords.runFeatureFile(CucumberBuiltinKeywords.groovy:73)
	at com.kms.katalon.core.cucumber.keyword.CucumberBuiltinKeywords$runFeatureFile$0.callStatic(Unknown Source)
	at com.kms.katalon.core.cucumber.keyword.CucumberBuiltinKeywords.runFeatureFile(CucumberBuiltinKeywords.groovy:246)
	at com.kms.katalon.core.cucumber.keyword.CucumberBuiltinKeywords$runFeatureFile.call(Unknown Source)
	at VKN-Elektronik-Hal Komisyoncu.run(VKN-Elektronik-Hal Komisyoncu:19)
	at com.kms.katalon.core.main.ScriptEngine.run(ScriptEngine.java:194)
	at com.kms.katalon.core.main.ScriptEngine.runScriptAsRawText(ScriptEngine.java:119)
	at com.kms.katalon.core.main.TestCaseExecutor.runScript(TestCaseExecutor.java:369)
	at com.kms.katalon.core.main.TestCaseExecutor.doExecute(TestCaseExecutor.java:360)
	at com.kms.katalon.core.main.TestCaseExecutor.processExecutionPhase(TestCaseExecutor.java:339)
	at com.kms.katalon.core.main.TestCaseExecutor.accessMainPhase(TestCaseExecutor.java:331)
	at com.kms.katalon.core.main.TestCaseExecutor.execute(TestCaseExecutor.java:248)
	at com.kms.katalon.core.main.TestSuiteExecutor.accessTestCaseMainPhase(TestSuiteExecutor.java:191)
	at com.kms.katalon.core.main.TestSuiteExecutor.accessTestSuiteMainPhase(TestSuiteExecutor.java:140)
	at com.kms.katalon.core.main.TestSuiteExecutor.execute(TestSuiteExecutor.java:89)
	at com.kms.katalon.core.main.TestCaseMain.startTestSuite(TestCaseMain.java:181)
	at com.kms.katalon.core.main.TestCaseMain$startTestSuite$0.call(Unknown Source)
	at TempTestSuite1637674444414.run(TempTestSuite1637674444414.groovy:39)
)

2021-11-23 16:37:22 - [MESSAGE][INFO] - Finding Test Object 'Object Repository/Tablo/DurumBilgisiArsiv'

2021-11-23 16:37:23 - [MESSAGE][INFO] - Checking object

2021-11-23 16:37:23 - [MESSAGE][INFO] - Finding web element from Test Object's properties

2021-11-23 16:37:23 - [MESSAGE][INFO] - Checking timeout

2021-11-23 16:37:23 - [MESSAGE][INFO] - Finding web element with id: 'Object Repository/Tablo/DurumBilgisiArsiv' located by 'By.xpath: //*[@id = 'GridViewEArchiveInvoices_tccell0_9']' in '30' second(s)

2021-11-23 16:37:23 - [MESSAGE][INFO] - Smart Wait Function is triggered

2021-11-23 16:37:23 - [MESSAGE][INFO] - Found 1 web elements with id: 'Object Repository/Tablo/DurumBilgisiArsiv' located by 'By.xpath: //*[@id = 'GridViewEArchiveInvoices_tccell0_9']' in '30' second(s)

2021-11-23 16:37:23 - [MESSAGE][WARNING] - Actual text 'Başarılı' and expected text 'Henüz Sonuçlanmadı' of test object 'Object Repository/Tablo/DurumBilgisiArsiv' are NOT matched. (Root cause: com.kms.katalon.core.exception.StepFailedException: Actual text 'Başarılı' and expected text 'Henüz Sonuçlanmadı' of test object 'Object Repository/Tablo/DurumBilgisiArsiv' are NOT matched.
	at com.kms.katalon.core.webui.keyword.internal.WebUIKeywordMain.stepFailed(WebUIKeywordMain.groovy:64)
	at com.kms.katalon.core.webui.keyword.builtin.VerifyElementTextKeyword$_verifyElementText_closure1.doCall(VerifyElementTextKeyword.groovy:57)
	at com.kms.katalon.core.webui.keyword.builtin.VerifyElementTextKeyword$_verifyElementText_closure1.call(VerifyElementTextKeyword.groovy)
	at com.kms.katalon.core.webui.keyword.internal.WebUIKeywordMain.runKeyword(WebUIKeywordMain.groovy:20)
	at com.kms.katalon.core.webui.keyword.builtin.VerifyElementTextKeyword.verifyElementText(VerifyElementTextKeyword.groovy:72)
	at com.kms.katalon.core.webui.keyword.builtin.VerifyElementTextKeyword.execute(VerifyElementTextKeyword.groovy:40)
	at com.kms.katalon.core.keyword.internal.KeywordExecutor.executeKeywordForPlatform(KeywordExecutor.groovy:73)
	at com.kms.katalon.core.webui.keyword.WebUiBuiltInKeywords.verifyElementText(WebUiBuiltInKeywords.groovy:4733)
	at com.kms.katalon.core.webui.keyword.WebUiBuiltInKeywords$verifyElementText$20.call(Unknown Source)
	at TablodaVeriBasariliMiArsiv.run(TablodaVeriBasariliMiArsiv:22)
	at com.kms.katalon.core.main.ScriptEngine.run(ScriptEngine.java:194)
	at com.kms.katalon.core.main.ScriptEngine.runScriptAsRawText(ScriptEngine.java:119)
	at com.kms.katalon.core.main.TestCaseExecutor.runScript(TestCaseExecutor.java:369)
	at com.kms.katalon.core.main.TestCaseExecutor.doExecute(TestCaseExecutor.java:360)
	at com.kms.katalon.core.main.TestCaseExecutor.processExecutionPhase(TestCaseExecutor.java:339)
	at com.kms.katalon.core.main.TestCaseExecutor.accessMainPhase(TestCaseExecutor.java:331)
	at com.kms.katalon.core.main.TestCaseExecutor.execute(TestCaseExecutor.java:248)
	at com.kms.katalon.core.main.TestCaseMain.runTestCase(TestCaseMain.java:138)
	at com.kms.katalon.core.keyword.builtin.CallTestCaseKeyword$_callTestCase_closure1.doCall(CallTestCaseKeyword.groovy:59)
	at com.kms.katalon.core.keyword.builtin.CallTestCaseKeyword$_callTestCase_closure1.call(CallTestCaseKeyword.groovy)
	at com.kms.katalon.core.keyword.internal.KeywordMain.runKeyword(KeywordMain.groovy:68)
	at com.kms.katalon.core.keyword.builtin.CallTestCaseKeyword.callTestCase(CallTestCaseKeyword.groovy:81)
	at com.kms.katalon.core.keyword.builtin.CallTestCaseKeyword.execute(CallTestCaseKeyword.groovy:44)
	at com.kms.katalon.core.keyword.internal.KeywordExecutor.executeKeywordForPlatform(KeywordExecutor.groovy:73)
	at com.kms.katalon.core.keyword.BuiltinKeywords.callTestCase(BuiltinKeywords.groovy:334)
	at tablo.tablo.tablodaVeriBasariliMiArsiv(tablo.groovy:95)
	at cucumber.runtime.Utils$1.call(Utils.java:26)
	at cucumber.runtime.Timeout.timeout(Timeout.java:16)
	at cucumber.runtime.Utils.invoke(Utils.java:20)
	at cucumber.runtime.java.JavaStepDefinition.execute(JavaStepDefinition.java:49)
	at cucumber.runner.PickleStepDefinitionMatch.runStep(PickleStepDefinitionMatch.java:50)
	at cucumber.runner.TestStep.executeStep(TestStep.java:63)
	at cucumber.runner.TestStep.run(TestStep.java:49)
	at cucumber.runner.PickleStepTestStep.run(PickleStepTestStep.java:43)
	at cucumber.runner.TestCase.run(TestCase.java:44)
	at cucumber.runner.Runner.runPickle(Runner.java:40)
	at cucumber.runtime.Runtime$1.run(Runtime.java:84)
	at cucumber.runtime.Runtime$SameThreadExecutorService.execute(Runtime.java:220)
	at cucumber.runtime.Runtime.run(Runtime.java:81)
	at cucumber.api.cli.Main.run(Main.java:26)
	at cucumber.api.cli.Main$run.call(Unknown Source)
	at com.kms.katalon.core.cucumber.keyword.CucumberBuiltinKeywords$_runFeatureFile_closure1.doCall(CucumberBuiltinKeywords.groovy:106)
	at com.kms.katalon.core.cucumber.keyword.CucumberBuiltinKeywords$_runFeatureFile_closure1.doCall(CucumberBuiltinKeywords.groovy)
	at com.kms.katalon.core.keyword.internal.KeywordMain.runKeyword(KeywordMain.groovy:68)
	at com.kms.katalon.core.keyword.internal.KeywordMain$runKeyword.call(Unknown Source)
	at com.kms.katalon.core.cucumber.keyword.CucumberBuiltinKeywords.runFeatureFile(CucumberBuiltinKeywords.groovy:73)
	at com.kms.katalon.core.cucumber.keyword.CucumberBuiltinKeywords$runFeatureFile$0.callStatic(Unknown Source)
	at com.kms.katalon.core.cucumber.keyword.CucumberBuiltinKeywords.runFeatureFile(CucumberBuiltinKeywords.groovy:246)
	at com.kms.katalon.core.cucumber.keyword.CucumberBuiltinKeywords$runFeatureFile.call(Unknown Source)
	at VKN-Elektronik-Hal Komisyoncu.run(VKN-Elektronik-Hal Komisyoncu:19)
	at com.kms.katalon.core.main.ScriptEngine.run(ScriptEngine.java:194)
	at com.kms.katalon.core.main.ScriptEngine.runScriptAsRawText(ScriptEngine.java:119)
	at com.kms.katalon.core.main.TestCaseExecutor.runScript(TestCaseExecutor.java:369)
	at com.kms.katalon.core.main.TestCaseExecutor.doExecute(TestCaseExecutor.java:360)
	at com.kms.katalon.core.main.TestCaseExecutor.processExecutionPhase(TestCaseExecutor.java:339)
	at com.kms.katalon.core.main.TestCaseExecutor.accessMainPhase(TestCaseExecutor.java:331)
	at com.kms.katalon.core.main.TestCaseExecutor.execute(TestCaseExecutor.java:248)
	at com.kms.katalon.core.main.TestSuiteExecutor.accessTestCaseMainPhase(TestSuiteExecutor.java:191)
	at com.kms.katalon.core.main.TestSuiteExecutor.accessTestSuiteMainPhase(TestSuiteExecutor.java:140)
	at com.kms.katalon.core.main.TestSuiteExecutor.execute(TestSuiteExecutor.java:89)
	at com.kms.katalon.core.main.TestCaseMain.startTestSuite(TestCaseMain.java:181)
	at com.kms.katalon.core.main.TestCaseMain$startTestSuite$0.call(Unknown Source)
	at TempTestSuite1637674444414.run(TempTestSuite1637674444414.groovy:39)
)

2021-11-23 16:37:23 - [TEST_STEP][PASSED] - Method.TextDegerineEsitElementVarMi(findTestObject("Object Repository/Tablo/DurumBilgisiArsiv"), "Başarılı"): Method.TextDegerineEsitElementVarMi is PASSED

2021-11-23 16:37:23 - [MESSAGE][INFO] - Finding Test Object 'Object Repository/Tablo/DurumBilgisiArsiv'

2021-11-23 16:37:23 - [MESSAGE][INFO] - Checking timeout

2021-11-23 16:37:23 - [MESSAGE][INFO] - Finding web element with id: 'Object Repository/Tablo/DurumBilgisiArsiv' located by 'By.xpath: //*[@id = 'GridViewEArchiveInvoices_tccell0_9']' in '10' second(s)

2021-11-23 16:37:23 - [MESSAGE][INFO] - Smart Wait Function is triggered

2021-11-23 16:37:23 - [MESSAGE][INFO] - Found 1 web elements with id: 'Object Repository/Tablo/DurumBilgisiArsiv' located by 'By.xpath: //*[@id = 'GridViewEArchiveInvoices_tccell0_9']' in '10' second(s)

2021-11-23 16:37:23 - [MESSAGE][PASSED] - Method.TextDegerineEsitElementVarMi is PASSED

2021-11-23 16:37:23 - [MESSAGE][PASSED] - Call Test Case 'Test Cases/Tablo/TablodaVeriBasariliMiArsiv' successfully

2021-11-23 16:37:23 - [MESSAGE][INFO] - Checking called Test Case

2021-11-23 16:37:23 - [MESSAGE][INFO] - Starting to call Test Case 'Test Cases/Kullanici_Islemleri/KullaniciIslemlerindenSecimYapilir'

2021-11-23 16:37:23 - [TEST_CASE][PASSED] - Test Cases/Kullanici_Islemleri/KullaniciIslemlerindenSecimYapilir: Test Cases/Kullanici_Islemleri/KullaniciIslemlerindenSecimYapilir

2021-11-23 16:37:24 - [TEST_STEP][PASSED] - waitForElementClickable(findTestObject("Object Repository/Kullanici_Islemleri/KullaniciIslemleri"), 10): Object 'Object Repository/Kullanici_Islemleri/KullaniciIslemleri' is clickable

2021-11-23 16:37:24 - [MESSAGE][INFO] - Finding Test Object 'Object Repository/Kullanici_Islemleri/KullaniciIslemleri'

2021-11-23 16:37:24 - [MESSAGE][INFO] - Checking object

2021-11-23 16:37:24 - [MESSAGE][INFO] - Checking timeout

2021-11-23 16:37:24 - [MESSAGE][INFO] - Finding web element from Test Object's properties

2021-11-23 16:37:24 - [MESSAGE][INFO] - Checking timeout

2021-11-23 16:37:24 - [MESSAGE][INFO] - Finding web element with id: 'Object Repository/Kullanici_Islemleri/KullaniciIslemleri' located by 'By.cssSelector: .dropdown>a>img' in '10' second(s)

2021-11-23 16:37:24 - [MESSAGE][INFO] - Smart Wait Function is triggered

2021-11-23 16:37:25 - [MESSAGE][INFO] - Found 1 web elements with id: 'Object Repository/Kullanici_Islemleri/KullaniciIslemleri' located by 'By.cssSelector: .dropdown>a>img' in '10' second(s)

2021-11-23 16:37:25 - [MESSAGE][PASSED] - Object 'Object Repository/Kullanici_Islemleri/KullaniciIslemleri' is clickable

2021-11-23 16:37:25 - [TEST_STEP][PASSED] - click(findTestObject("Object Repository/Kullanici_Islemleri/KullaniciIslemleri")): Object: 'Object Repository/Kullanici_Islemleri/KullaniciIslemleri' is clicked on

2021-11-23 16:37:25 - [MESSAGE][INFO] - Finding Test Object 'Object Repository/Kullanici_Islemleri/KullaniciIslemleri'

2021-11-23 16:37:25 - [MESSAGE][INFO] - Checking object

2021-11-23 16:37:25 - [MESSAGE][INFO] - Finding web element from Test Object's properties

2021-11-23 16:37:25 - [MESSAGE][INFO] - Checking timeout

2021-11-23 16:37:25 - [MESSAGE][INFO] - Finding web element with id: 'Object Repository/Kullanici_Islemleri/KullaniciIslemleri' located by 'By.cssSelector: .dropdown>a>img' in '30' second(s)

2021-11-23 16:37:25 - [MESSAGE][INFO] - Smart Wait Function is triggered

2021-11-23 16:37:25 - [MESSAGE][INFO] - Found 1 web elements with id: 'Object Repository/Kullanici_Islemleri/KullaniciIslemleri' located by 'By.cssSelector: .dropdown>a>img' in '30' second(s)

2021-11-23 16:37:25 - [MESSAGE][INFO] - Clicking on object: 'Object Repository/Kullanici_Islemleri/KullaniciIslemleri'

2021-11-23 16:37:25 - [MESSAGE][PASSED] - Object: 'Object Repository/Kullanici_Islemleri/KullaniciIslemleri' is clicked on

2021-11-23 16:37:25 - [TEST_STEP][PASSED] - Method.TextDegerineEsitElementeTikla(findTestObject("Object Repository/Kullanici_Islemleri/Secenekler"), Islem): Method.TextDegerineEsitElementeTikla is PASSED

2021-11-23 16:37:25 - [MESSAGE][INFO] - Finding Test Object 'Object Repository/Kullanici_Islemleri/Secenekler'

2021-11-23 16:37:25 - [MESSAGE][INFO] - Checking timeout

2021-11-23 16:37:25 - [MESSAGE][INFO] - Finding web element with id: 'Object Repository/Kullanici_Islemleri/Secenekler' located by 'By.cssSelector: .nav.navbar-nav.navbar-right li a' in '10' second(s)

2021-11-23 16:37:25 - [MESSAGE][INFO] - Smart Wait Function is triggered

2021-11-23 16:37:26 - [MESSAGE][INFO] - Found 22 web elements with id: 'Object Repository/Kullanici_Islemleri/Secenekler' located by 'By.cssSelector: .nav.navbar-nav.navbar-right li a' in '10' second(s)

2021-11-23 16:37:27 - [MESSAGE][PASSED] - Method.TextDegerineEsitElementeTikla is PASSED

2021-11-23 16:37:27 - [TEST_STEP][PASSED] - verifyElementNotPresent(findTestObject("Object Repository/Kullanici_Islemleri/Secenekler"), 10): Web element with id: 'Object Repository/Kullanici_Islemleri/Secenekler' located by 'By.cssSelector: .nav.navbar-nav.navbar-right li a' is not present after '10' second(s)

2021-11-23 16:37:27 - [MESSAGE][INFO] - Finding Test Object 'Object Repository/Kullanici_Islemleri/Secenekler'

2021-11-23 16:37:27 - [MESSAGE][INFO] - Checking object

2021-11-23 16:37:27 - [MESSAGE][INFO] - Checking timeout

2021-11-23 16:37:27 - [MESSAGE][INFO] - Finding web element with id: 'Object Repository/Kullanici_Islemleri/Secenekler' located by 'By.cssSelector: .nav.navbar-nav.navbar-right li a' in '10' second(s)

2021-11-23 16:37:27 - [MESSAGE][INFO] - Smart Wait Function is triggered

2021-11-23 16:37:28 - [MESSAGE][PASSED] - Web element with id: 'Object Repository/Kullanici_Islemleri/Secenekler' located by 'By.cssSelector: .nav.navbar-nav.navbar-right li a' is not present after '10' second(s)

2021-11-23 16:37:28 - [MESSAGE][PASSED] - Call Test Case 'Test Cases/Kullanici_Islemleri/KullaniciIslemlerindenSecimYapilir' successfully

2021-11-23 16:37:28 - [TEST_CASE][PASSED] - Start Test Case : SCENARIO Gonderim tipi Kagit ve Hal Komisyoncu tipinde e-Arsiv faturasi olusturulmasi: SCENARIO Gonderim tipi Kagit ve Hal Komisyoncu tipinde e-Arsiv faturasi olusturulmasi

2021-11-23 16:37:28 - [TEST_STEP][PASSED] - Kullanıcı adı HALKOMIS ve Şifre test1234 olarak giriş yapılır: Kullanıcı adı HALKOMIS ve Şifre test1234 olarak giriş yapılır

2021-11-23 16:37:28 - [MESSAGE][PASSED] - Kullanıcı adı HALKOMIS ve Şifre test1234 olarak giriş yapılır

2021-11-23 16:37:28 - [TEST_STEP][PASSED] - Ana menüden e-Arşiv seçilir: Ana menüden e-Arşiv seçilir

2021-11-23 16:37:28 - [MESSAGE][PASSED] - Ana menüden e-Arşiv seçilir

2021-11-23 16:37:28 - [TEST_STEP][PASSED] - Alt menü e-Arşiv Araçları başlığı altındaki e-Arşiv Fatura Oluşturma seçilir: Alt menü e-Arşiv Araçları başlığı altındaki e-Arşiv Fatura Oluşturma seçilir

2021-11-23 16:37:28 - [MESSAGE][PASSED] - Alt menü e-Arşiv Araçları başlığı altındaki e-Arşiv Fatura Oluşturma seçilir

2021-11-23 16:37:28 - [TEST_STEP][PASSED] - Tablodaki tüm veriler silinir: Tablodaki tüm veriler silinir

2021-11-23 16:37:28 - [MESSAGE][PASSED] - Tablodaki tüm veriler silinir

2021-11-23 16:37:28 - [TEST_STEP][PASSED] - Butonlardan Ekle isimli butona tıklanır: Butonlardan Ekle isimli butona tıklanır

2021-11-23 16:37:28 - [MESSAGE][PASSED] - Butonlardan Ekle isimli butona tıklanır

2021-11-23 16:37:28 - [TEST_STEP][PASSED] - Görsel tasarım sayfasının e-Arşiv Fatura Bilgileri başlığını içerdiği kontrol edilir: Görsel tasarım sayfasının e-Arşiv Fatura Bilgileri başlığını içerdiği kontrol edilir

2021-11-23 16:37:28 - [MESSAGE][PASSED] - Görsel tasarım sayfasının e-Arşiv Fatura Bilgileri başlığını içerdiği kontrol edilir

2021-11-23 16:37:28 - [TEST_STEP][PASSED] - Alıcı adı alanına UC0001 girilir: Alıcı adı alanına UC0001 girilir

2021-11-23 16:37:28 - [MESSAGE][PASSED] - Alıcı adı alanına UC0001 girilir

2021-11-23 16:37:28 - [TEST_STEP][PASSED] - Gönderim Şekli Elektronik olarak seçilir: Gönderim Şekli Elektronik olarak seçilir

2021-11-23 16:37:28 - [MESSAGE][PASSED] - Gönderim Şekli Elektronik olarak seçilir

2021-11-23 16:37:28 - [TEST_STEP][PASSED] - Tip alanından Hal Komisyoncu seçilir: Tip alanından Hal Komisyoncu seçilir

2021-11-23 16:37:28 - [MESSAGE][PASSED] - Tip alanından Hal Komisyoncu seçilir

2021-11-23 16:37:28 - [TEST_STEP][PASSED] - Döküman Para Birimi alanından Türk Lirası seçilir: Döküman Para Birimi alanından Türk Lirası seçilir

2021-11-23 16:37:28 - [MESSAGE][PASSED] - Döküman Para Birimi alanından Türk Lirası seçilir

2021-11-23 16:37:28 - [TEST_STEP][PASSED] - Ön Ek FGX olarak seçilir: Ön Ek FGX olarak seçilir

2021-11-23 16:37:28 - [MESSAGE][PASSED] - Ön Ek FGX olarak seçilir

2021-11-23 16:37:28 - [TEST_STEP][PASSED] - Tasarım alanından Otomasyon seçilir: Tasarım alanından Otomasyon seçilir

2021-11-23 16:37:28 - [MESSAGE][PASSED] - Tasarım alanından Otomasyon seçilir

2021-11-23 16:37:28 - [TEST_STEP][PASSED] - Sipariş bilgileri UUC-SAT-1200001 ve 30.04.2020 olarak girilir: Sipariş bilgileri UUC-SAT-1200001 ve 30.04.2020 olarak girilir

2021-11-23 16:37:28 - [MESSAGE][PASSED] - Sipariş bilgileri UUC-SAT-1200001 ve 30.04.2020 olarak girilir

2021-11-23 16:37:28 - [TEST_STEP][PASSED] - İrsaliye Bilgileri AAAAAAAAAA,31.04.2020 olarak girilir: İrsaliye Bilgileri AAAAAAAAAA,31.04.2020 olarak girilir

2021-11-23 16:37:28 - [MESSAGE][PASSED] - İrsaliye Bilgileri AAAAAAAAAA,31.04.2020 olarak girilir

2021-11-23 16:37:28 - [TEST_STEP][PASSED] - Ekle butonuna basılır: Ekle butonuna basılır

2021-11-23 16:37:28 - [MESSAGE][PASSED] - Ekle butonuna basılır

2021-11-23 16:37:28 - [TEST_STEP][PASSED] - Ürün ekleme alanında Mal/Hizmet başlığına Otomasyon girilir: Ürün ekleme alanında Mal/Hizmet başlığına Otomasyon girilir

2021-11-23 16:37:28 - [MESSAGE][PASSED] - Ürün ekleme alanında Mal/Hizmet başlığına Otomasyon girilir

2021-11-23 16:37:28 - [TEST_STEP][PASSED] - Ürün ekleme alanında Açıklaması başlığına Virgosol girilir: Ürün ekleme alanında Açıklaması başlığına Virgosol girilir

2021-11-23 16:37:28 - [MESSAGE][PASSED] - Ürün ekleme alanında Açıklaması başlığına Virgosol girilir

2021-11-23 16:37:28 - [TEST_STEP][PASSED] - Ürün ekleme alanında Künye Numarası başlığına 1234567890123456789 girilir: Ürün ekleme alanında Künye Numarası başlığına 1234567890123456789 girilir

2021-11-23 16:37:28 - [MESSAGE][PASSED] - Ürün ekleme alanında Künye Numarası başlığına 1234567890123456789 girilir

2021-11-23 16:37:28 - [TEST_STEP][PASSED] - Ürün ekleme alanında Miktarı başlığına 400 girilir: Ürün ekleme alanında Miktarı başlığına 400 girilir

2021-11-23 16:37:28 - [MESSAGE][PASSED] - Ürün ekleme alanında Miktarı başlığına 400 girilir

2021-11-23 16:37:28 - [TEST_STEP][PASSED] - Ürün ekleme alanında Birim Fiyat başlığına 100 girilir: Ürün ekleme alanında Birim Fiyat başlığına 100 girilir

2021-11-23 16:37:28 - [MESSAGE][PASSED] - Ürün ekleme alanında Birim Fiyat başlığına 100 girilir

2021-11-23 16:37:28 - [TEST_STEP][PASSED] - Masraf Bilgileri Ekle butonuna basılır: Masraf Bilgileri Ekle butonuna basılır

2021-11-23 16:37:28 - [MESSAGE][PASSED] - Masraf Bilgileri Ekle butonuna basılır

2021-11-23 16:37:28 - [TEST_STEP][PASSED] - Masraf Bilgileri alanında Masraf Türü başlığına Komisyon girilir: Masraf Bilgileri alanında Masraf Türü başlığına Komisyon girilir

2021-11-23 16:37:28 - [MESSAGE][PASSED] - Masraf Bilgileri alanında Masraf Türü başlığına Komisyon girilir

2021-11-23 16:37:28 - [TEST_STEP][PASSED] - Masraf Bilgileri alanında Masraf Oranı % başlığına 10 girilir: Masraf Bilgileri alanında Masraf Oranı % başlığına 10 girilir

2021-11-23 16:37:28 - [MESSAGE][PASSED] - Masraf Bilgileri alanında Masraf Oranı % başlığına 10 girilir

2021-11-23 16:37:28 - [TEST_STEP][PASSED] - Notlar alanına Otomasyon Not girilir: Notlar alanına Otomasyon Not girilir

2021-11-23 16:37:28 - [MESSAGE][PASSED] - Notlar alanına Otomasyon Not girilir

2021-11-23 16:37:28 - [TEST_STEP][PASSED] - Ettn bilgisi kayıt edilir: Ettn bilgisi kayıt edilir

2021-11-23 16:37:28 - [MESSAGE][PASSED] - Ettn bilgisi kayıt edilir

2021-11-23 16:37:28 - [TEST_STEP][PASSED] - Kaydet butonu seçilir: Kaydet butonu seçilir

2021-11-23 16:37:28 - [MESSAGE][PASSED] - Kaydet butonu seçilir

2021-11-23 16:37:28 - [TEST_STEP][PASSED] - Tabloda Ettn bilgisi kaydedilen veri oluşturuldu mu: Tabloda Ettn bilgisi kaydedilen veri oluşturuldu mu

2021-11-23 16:37:28 - [MESSAGE][PASSED] - Tabloda Ettn bilgisi kaydedilen veri oluşturuldu mu

2021-11-23 16:37:28 - [TEST_STEP][PASSED] - Tablodan Ettn bilgisi kaydedilen veri seçilir: Tablodan Ettn bilgisi kaydedilen veri seçilir

2021-11-23 16:37:28 - [MESSAGE][PASSED] - Tablodan Ettn bilgisi kaydedilen veri seçilir

2021-11-23 16:37:28 - [TEST_STEP][PASSED] - Butonlardan Numara Oluştur isimli butona tıklanır: Butonlardan Numara Oluştur isimli butona tıklanır

2021-11-23 16:37:28 - [MESSAGE][PASSED] - Butonlardan Numara Oluştur isimli butona tıklanır

2021-11-23 16:37:28 - [TEST_STEP][PASSED] - Popup mesajı Devam etmek istiyor musunuz içeriyor mu: Popup mesajı Devam etmek istiyor musunuz içeriyor mu

2021-11-23 16:37:28 - [MESSAGE][PASSED] - Popup mesajı Devam etmek istiyor musunuz içeriyor mu

2021-11-23 16:37:28 - [TEST_STEP][PASSED] - Yönetim popupında Evet seçilir: Yönetim popupında Evet seçilir

2021-11-23 16:37:28 - [MESSAGE][PASSED] - Yönetim popupında Evet seçilir

2021-11-23 16:37:28 - [TEST_STEP][PASSED] - Popup mesajı oluşmuştur içeriyor mu: Popup mesajı oluşmuştur içeriyor mu

2021-11-23 16:37:28 - [MESSAGE][PASSED] - Popup mesajı oluşmuştur içeriyor mu

2021-11-23 16:37:28 - [TEST_STEP][PASSED] - Yönetim popupında Tamam seçilir: Yönetim popupında Tamam seçilir

2021-11-23 16:37:28 - [MESSAGE][PASSED] - Yönetim popupında Tamam seçilir

2021-11-23 16:37:28 - [TEST_STEP][PASSED] - Tablodan Ettn bilgisi kaydedilen veri seçilir: Tablodan Ettn bilgisi kaydedilen veri seçilir

2021-11-23 16:37:28 - [MESSAGE][PASSED] - Tablodan Ettn bilgisi kaydedilen veri seçilir

2021-11-23 16:37:28 - [TEST_STEP][PASSED] - Butonlardan Gönder isimli butona tıklanır: Butonlardan Gönder isimli butona tıklanır

2021-11-23 16:37:28 - [MESSAGE][PASSED] - Butonlardan Gönder isimli butona tıklanır

2021-11-23 16:37:28 - [TEST_STEP][PASSED] - Popup mesajı Devam etmek istiyor musunuz içeriyor mu: Popup mesajı Devam etmek istiyor musunuz içeriyor mu

2021-11-23 16:37:28 - [MESSAGE][PASSED] - Popup mesajı Devam etmek istiyor musunuz içeriyor mu

2021-11-23 16:37:28 - [TEST_STEP][PASSED] - Yönetim popupında Evet seçilir: Yönetim popupında Evet seçilir

2021-11-23 16:37:28 - [MESSAGE][PASSED] - Yönetim popupında Evet seçilir

2021-11-23 16:37:28 - [TEST_STEP][PASSED] - Ana menüden e-Arşiv seçilir: Ana menüden e-Arşiv seçilir

2021-11-23 16:37:28 - [MESSAGE][PASSED] - Ana menüden e-Arşiv seçilir

2021-11-23 16:37:28 - [TEST_STEP][PASSED] - Alt menü e-Arşiv Hareketleri başlığı altındaki e-Arşiv Faturaları seçilir: Alt menü e-Arşiv Hareketleri başlığı altındaki e-Arşiv Faturaları seçilir

2021-11-23 16:37:28 - [MESSAGE][PASSED] - Alt menü e-Arşiv Hareketleri başlığı altındaki e-Arşiv Faturaları seçilir

2021-11-23 16:37:28 - [TEST_STEP][PASSED] - Filtrelerden Ettn filtresine Ettn bilgisi yaz: Filtrelerden Ettn filtresine Ettn bilgisi yaz

2021-11-23 16:37:28 - [MESSAGE][PASSED] - Filtrelerden Ettn filtresine Ettn bilgisi yaz

2021-11-23 16:37:28 - [TEST_STEP][PASSED] - Filtre butonlarından Listele seçilir: Filtre butonlarından Listele seçilir

2021-11-23 16:37:28 - [MESSAGE][PASSED] - Filtre butonlarından Listele seçilir

2021-11-23 16:37:28 - [TEST_STEP][PASSED] - Tabloda veri var mı kontrol edilir: Tabloda veri var mı kontrol edilir

2021-11-23 16:37:28 - [MESSAGE][PASSED] - Tabloda veri var mı kontrol edilir

2021-11-23 16:37:28 - [TEST_STEP][PASSED] - Tabloda yeni oluşturulan eArsiv verisi başarılı mı: Tabloda yeni oluşturulan eArsiv verisi başarılı mı

2021-11-23 16:37:28 - [MESSAGE][PASSED] - Tabloda yeni oluşturulan eArsiv verisi başarılı mı

2021-11-23 16:37:28 - [TEST_STEP][PASSED] - Kullanıcı işlemlerinden Çıkış seçilir: Kullanıcı işlemlerinden Çıkış seçilir

2021-11-23 16:37:28 - [MESSAGE][PASSED] - Kullanıcı işlemlerinden Çıkış seçilir

2021-11-23 16:37:28 - [MESSAGE][PASSED] - Feature file: 'Include/features/Regresyon/e-Arsiv/VKN-Elektronik-Hal Komisyoncu.feature' was passed

2021-11-23 16:37:28 - [TEST_STEP][PASSED] - Start listener action : sampleAfterTestSuite: Invoke 'com.kms.katalon.core.annotation.AfterTestCase' method: 'Listener.sampleAfterTestSuite(...)' completed.

2021-11-23 16:37:28 - [MESSAGE][INFO] - Starting invoke 'com.kms.katalon.core.annotation.AfterTestCase' method: 'Listener.sampleAfterTestSuite(...)'

2021-11-23 16:37:28 - [TEST_STEP][PASSED] - closeBrowser(): Invoke 'com.kms.katalon.core.annotation.AfterTestCase' method: 'Listener.sampleAfterTestSuite(...)' completed.

2021-11-23 16:37:28 - [MESSAGE][INFO] - Closing browser

2021-11-23 16:37:29 - [MESSAGE][PASSED] - Browser is closed

2021-11-23 16:37:29 - [MESSAGE][INFO] - Invoke 'com.kms.katalon.core.annotation.AfterTestCase' method: 'Listener.sampleAfterTestSuite(...)' completed.]]></system-out>
         <system-err><![CDATA[]]></system-err>
      </testcase>
      <testcase name="Test Cases/Case Repository/Regresyon/e-Arsiv/VKN-Elektronik-Hal Satis" time="127.282" classname="Test Cases/Case Repository/Regresyon/e-Arsiv/VKN-Elektronik-Hal Satis" status="PASSED">
         <system-out><![CDATA[2021-11-23 16:37:29 - [TEST_CASE][PASSED] - Test Cases/Case Repository/Regresyon/e-Arsiv/VKN-Elektronik-Hal Satis: Test Cases/Case Repository/Regresyon/e-Arsiv/VKN-Elektronik-Hal Satis

2021-11-23 16:37:29 - [TEST_STEP][PASSED] - Start listener action : sampleBeforeTestSuite: Invoke 'com.kms.katalon.core.annotation.BeforeTestCase' method: 'Listener.sampleBeforeTestSuite(...)' completed.

2021-11-23 16:37:29 - [MESSAGE][INFO] - Starting invoke 'com.kms.katalon.core.annotation.BeforeTestCase' method: 'Listener.sampleBeforeTestSuite(...)'

2021-11-23 16:37:29 - [TEST_STEP][PASSED] - openBrowser(baseUrl): Browser is opened with url: 'https://efatura-stage.elogo.com.tr/'

2021-11-23 16:37:29 - [MESSAGE][INFO] - Opening browser

2021-11-23 16:37:29 - [MESSAGE][INFO] - Starting 'Chrome' driver

2021-11-23 16:37:29 - [MESSAGE][INFO] - User set preference: ['prefs', '{download.default_directory=C:\otomasyondownfiles}']

2021-11-23 16:37:29 - [MESSAGE][INFO] - Action delay is set to 0 milliseconds

2021-11-23 16:37:30 - [MESSAGE][INFO] - Navigating browser to: 'https://efatura-stage.elogo.com.tr/'

2021-11-23 16:37:33 - [MESSAGE][PASSED] - Browser is opened with url: 'https://efatura-stage.elogo.com.tr/'

2021-11-23 16:37:33 - [TEST_STEP][PASSED] - maximizeWindow(): Invoke 'com.kms.katalon.core.annotation.BeforeTestCase' method: 'Listener.sampleBeforeTestSuite(...)' completed.

2021-11-23 16:37:33 - [MESSAGE][INFO] - Maximizing current window

2021-11-23 16:37:33 - [MESSAGE][PASSED] - Current window maximized

2021-11-23 16:37:33 - [MESSAGE][INFO] - Invoke 'com.kms.katalon.core.annotation.BeforeTestCase' method: 'Listener.sampleBeforeTestSuite(...)' completed.

2021-11-23 16:37:34 - [TEST_STEP][PASSED] - runFeatureFile("Include/features/Regresyon/e-Arsiv/VKN-Elektronik-Hal Satis.feature"): Feature file: 'Include/features/Regresyon/e-Arsiv/VKN-Elektronik-Hal Satis.feature' was passed

2021-11-23 16:37:34 - [MESSAGE][INFO] - Starting run keyword runFeatureFile: 'Include/features/Regresyon/e-Arsiv/VKN-Elektronik-Hal Satis.feature' and extract report to folder: 'C:\Users\DELL\Documents\GitHub\EES_KatalonLogo\Reports\20211123_163326\Suite Repository\Regresyon-eArsiv-eMakbuz\20211123_163404/cucumber_report/1637674654621'...

2021-11-23 16:37:34 - [MESSAGE][INFO] - Glue: []

2021-11-23 16:37:37 - [MESSAGE][INFO] - Checking called Test Case

2021-11-23 16:37:37 - [MESSAGE][INFO] - Starting to call Test Case 'Test Cases/Sayfalar/Giris_Sayfasi/Login'

2021-11-23 16:37:37 - [TEST_CASE][PASSED] - Test Cases/Sayfalar/Giris_Sayfasi/Login: Test Cases/Sayfalar/Giris_Sayfasi/Login

2021-11-23 16:37:37 - [TEST_STEP][PASSED] - Sayfa_Basligi = getWindowTitle(): Current window's title is: 'LOGO e-Fatura'

2021-11-23 16:37:37 - [MESSAGE][INFO] - Getting current window's title

2021-11-23 16:37:37 - [MESSAGE][PASSED] - Current window's title is: 'LOGO e-Fatura'

2021-11-23 16:37:37 - [TEST_STEP][PASSED] - verifyMatch(Sayfa_Basligi, "LOGO e-Fatura", false): Actual text 'LOGO e-Fatura' and expected text 'LOGO e-Fatura' are matched 

2021-11-23 16:37:37 - [MESSAGE][INFO] - Matching actual text 'LOGO e-Fatura' with expected text 'LOGO e-Fatura'

2021-11-23 16:37:37 - [MESSAGE][PASSED] - Actual text 'LOGO e-Fatura' and expected text 'LOGO e-Fatura' are matched 

2021-11-23 16:37:37 - [TEST_STEP][PASSED] - sendKeys(findTestObject("Sayfalar/Giris_Sayfasi/Firma_Kodu"), KullaniciAdi): Keys 'HALSATIS' sent to object: 'Object Repository/Sayfalar/Giris_Sayfasi/Firma_Kodu'

2021-11-23 16:37:37 - [MESSAGE][INFO] - Finding Test Object 'Object Repository/Sayfalar/Giris_Sayfasi/Firma_Kodu'

2021-11-23 16:37:37 - [MESSAGE][INFO] - Sending keys 'HALSATIS' to object: 'Object Repository/Sayfalar/Giris_Sayfasi/Firma_Kodu'

2021-11-23 16:37:37 - [MESSAGE][INFO] - Finding web element from Test Object's properties

2021-11-23 16:37:37 - [MESSAGE][INFO] - Checking timeout

2021-11-23 16:37:37 - [MESSAGE][INFO] - Finding web element with id: 'Object Repository/Sayfalar/Giris_Sayfasi/Firma_Kodu' located by 'By.xpath: //*[@id = 'AccountName']' in '30' second(s)

2021-11-23 16:37:37 - [MESSAGE][INFO] - Smart Wait Function is triggered

2021-11-23 16:37:38 - [MESSAGE][INFO] - Found 1 web elements with id: 'Object Repository/Sayfalar/Giris_Sayfasi/Firma_Kodu' located by 'By.xpath: //*[@id = 'AccountName']' in '30' second(s)

2021-11-23 16:37:38 - [MESSAGE][PASSED] - Keys 'HALSATIS' sent to object: 'Object Repository/Sayfalar/Giris_Sayfasi/Firma_Kodu'

2021-11-23 16:37:38 - [TEST_STEP][PASSED] - sendKeys(findTestObject("Sayfalar/Giris_Sayfasi/Sifre"), Sifre): Keys 'test1234' sent to object: 'Object Repository/Sayfalar/Giris_Sayfasi/Sifre'

2021-11-23 16:37:38 - [MESSAGE][INFO] - Finding Test Object 'Object Repository/Sayfalar/Giris_Sayfasi/Sifre'

2021-11-23 16:37:38 - [MESSAGE][INFO] - Sending keys 'test1234' to object: 'Object Repository/Sayfalar/Giris_Sayfasi/Sifre'

2021-11-23 16:37:38 - [MESSAGE][INFO] - Finding web element from Test Object's properties

2021-11-23 16:37:38 - [MESSAGE][INFO] - Checking timeout

2021-11-23 16:37:38 - [MESSAGE][INFO] - Finding web element with id: 'Object Repository/Sayfalar/Giris_Sayfasi/Sifre' located by 'By.xpath: //*[@id = 'Password']' in '30' second(s)

2021-11-23 16:37:38 - [MESSAGE][INFO] - Smart Wait Function is triggered

2021-11-23 16:37:38 - [MESSAGE][INFO] - Found 1 web elements with id: 'Object Repository/Sayfalar/Giris_Sayfasi/Sifre' located by 'By.xpath: //*[@id = 'Password']' in '30' second(s)

2021-11-23 16:37:39 - [MESSAGE][PASSED] - Keys 'test1234' sent to object: 'Object Repository/Sayfalar/Giris_Sayfasi/Sifre'

2021-11-23 16:37:39 - [TEST_STEP][PASSED] - findWebElement(findTestObject("Sayfalar/Giris_Sayfasi/Giris_Butonu")).click(): Found 1 web elements with id: 'Object Repository/Sayfalar/Giris_Sayfasi/Giris_Butonu' located by 'By.cssSelector: #btnLogin' in '30' second(s)

2021-11-23 16:37:39 - [MESSAGE][INFO] - Finding Test Object 'Object Repository/Sayfalar/Giris_Sayfasi/Giris_Butonu'

2021-11-23 16:37:39 - [MESSAGE][INFO] - Finding web element from Test Object's properties

2021-11-23 16:37:39 - [MESSAGE][INFO] - Checking timeout

2021-11-23 16:37:39 - [MESSAGE][INFO] - Finding web element with id: 'Object Repository/Sayfalar/Giris_Sayfasi/Giris_Butonu' located by 'By.cssSelector: #btnLogin' in '30' second(s)

2021-11-23 16:37:39 - [MESSAGE][INFO] - Smart Wait Function is triggered

2021-11-23 16:37:39 - [MESSAGE][INFO] - Found 1 web elements with id: 'Object Repository/Sayfalar/Giris_Sayfasi/Giris_Butonu' located by 'By.cssSelector: #btnLogin' in '30' second(s)

2021-11-23 16:37:41 - [TEST_STEP][PASSED] - if (verifyElementPresent(findTestObject("Object Repository/Sayfalar/Giris_Sayfasi/RetveTamam_Butonu"), 5, OPTIONAL)): null

2021-11-23 16:37:41 - [MESSAGE][INFO] - Finding Test Object 'Object Repository/Sayfalar/Giris_Sayfasi/RetveTamam_Butonu'

2021-11-23 16:37:41 - [MESSAGE][INFO] - Checking object

2021-11-23 16:37:41 - [MESSAGE][INFO] - Finding web element from Test Object's properties

2021-11-23 16:37:41 - [MESSAGE][INFO] - Checking timeout

2021-11-23 16:37:41 - [MESSAGE][INFO] - Finding web element with id: 'Object Repository/Sayfalar/Giris_Sayfasi/RetveTamam_Butonu' located by 'By.xpath: //*[@class = 'btn btn-default']' in '5' second(s)

2021-11-23 16:37:41 - [MESSAGE][INFO] - Smart Wait Function is triggered

2021-11-23 16:37:42 - [MESSAGE][INFO] - Found 1 web elements with id: 'Object Repository/Sayfalar/Giris_Sayfasi/RetveTamam_Butonu' located by 'By.xpath: //*[@class = 'btn btn-default']' in '5' second(s)

2021-11-23 16:37:42 - [MESSAGE][PASSED] - Object 'Object Repository/Sayfalar/Giris_Sayfasi/RetveTamam_Butonu' is present

2021-11-23 16:37:42 - [TEST_STEP][PASSED] - click(findTestObject("Object Repository/Sayfalar/Giris_Sayfasi/RetveTamam_Butonu")): Object: 'Object Repository/Sayfalar/Giris_Sayfasi/RetveTamam_Butonu' is clicked on

2021-11-23 16:37:42 - [MESSAGE][INFO] - Finding Test Object 'Object Repository/Sayfalar/Giris_Sayfasi/RetveTamam_Butonu'

2021-11-23 16:37:42 - [MESSAGE][INFO] - Checking object

2021-11-23 16:37:42 - [MESSAGE][INFO] - Finding web element from Test Object's properties

2021-11-23 16:37:42 - [MESSAGE][INFO] - Checking timeout

2021-11-23 16:37:42 - [MESSAGE][INFO] - Finding web element with id: 'Object Repository/Sayfalar/Giris_Sayfasi/RetveTamam_Butonu' located by 'By.xpath: //*[@class = 'btn btn-default']' in '30' second(s)

2021-11-23 16:37:42 - [MESSAGE][INFO] - Smart Wait Function is triggered

2021-11-23 16:37:42 - [MESSAGE][INFO] - Found 1 web elements with id: 'Object Repository/Sayfalar/Giris_Sayfasi/RetveTamam_Butonu' located by 'By.xpath: //*[@class = 'btn btn-default']' in '30' second(s)

2021-11-23 16:37:42 - [MESSAGE][INFO] - Clicking on object: 'Object Repository/Sayfalar/Giris_Sayfasi/RetveTamam_Butonu'

2021-11-23 16:37:42 - [MESSAGE][PASSED] - Object: 'Object Repository/Sayfalar/Giris_Sayfasi/RetveTamam_Butonu' is clicked on

2021-11-23 16:37:42 - [TEST_STEP][PASSED] - click(findTestObject("Object Repository/Sayfalar/Giris_Sayfasi/RetveTamam_Butonu")): Object: 'Object Repository/Sayfalar/Giris_Sayfasi/RetveTamam_Butonu' is clicked on

2021-11-23 16:37:42 - [MESSAGE][INFO] - Finding Test Object 'Object Repository/Sayfalar/Giris_Sayfasi/RetveTamam_Butonu'

2021-11-23 16:37:42 - [MESSAGE][INFO] - Checking object

2021-11-23 16:37:42 - [MESSAGE][INFO] - Finding web element from Test Object's properties

2021-11-23 16:37:42 - [MESSAGE][INFO] - Checking timeout

2021-11-23 16:37:42 - [MESSAGE][INFO] - Finding web element with id: 'Object Repository/Sayfalar/Giris_Sayfasi/RetveTamam_Butonu' located by 'By.xpath: //*[@class = 'btn btn-default']' in '30' second(s)

2021-11-23 16:37:42 - [MESSAGE][INFO] - Smart Wait Function is triggered

2021-11-23 16:37:45 - [MESSAGE][INFO] - Found 1 web elements with id: 'Object Repository/Sayfalar/Giris_Sayfasi/RetveTamam_Butonu' located by 'By.xpath: //*[@class = 'btn btn-default']' in '30' second(s)

2021-11-23 16:37:45 - [MESSAGE][INFO] - Clicking on object: 'Object Repository/Sayfalar/Giris_Sayfasi/RetveTamam_Butonu'

2021-11-23 16:37:45 - [MESSAGE][PASSED] - Object: 'Object Repository/Sayfalar/Giris_Sayfasi/RetveTamam_Butonu' is clicked on

2021-11-23 16:37:45 - [TEST_STEP][PASSED] - if (verifyElementPresent(findTestObject("Sayfalar/Giris_Sayfasi/PopupOK"), 5, OPTIONAL)): null

2021-11-23 16:37:45 - [MESSAGE][INFO] - Finding Test Object 'Object Repository/Sayfalar/Giris_Sayfasi/PopupOK'

2021-11-23 16:37:45 - [MESSAGE][INFO] - Checking object

2021-11-23 16:37:45 - [MESSAGE][INFO] - Finding web element from Test Object's properties

2021-11-23 16:37:45 - [MESSAGE][INFO] - Checking timeout

2021-11-23 16:37:45 - [MESSAGE][INFO] - Finding web element with id: 'Object Repository/Sayfalar/Giris_Sayfasi/PopupOK' located by 'By.cssSelector: .btn.btn-success' in '5' second(s)

2021-11-23 16:37:45 - [MESSAGE][INFO] - Smart Wait Function is triggered

2021-11-23 16:37:46 - [MESSAGE][INFO] - Found 1 web elements with id: 'Object Repository/Sayfalar/Giris_Sayfasi/PopupOK' located by 'By.cssSelector: .btn.btn-success' in '5' second(s)

2021-11-23 16:37:46 - [MESSAGE][PASSED] - Object 'Object Repository/Sayfalar/Giris_Sayfasi/PopupOK' is present

2021-11-23 16:37:46 - [TEST_STEP][PASSED] - click(findTestObject("Object Repository/Sayfalar/Giris_Sayfasi/PopupCarpiGiris")): Object: 'Object Repository/Sayfalar/Giris_Sayfasi/PopupCarpiGiris' is clicked on

2021-11-23 16:37:46 - [MESSAGE][INFO] - Finding Test Object 'Object Repository/Sayfalar/Giris_Sayfasi/PopupCarpiGiris'

2021-11-23 16:37:46 - [MESSAGE][INFO] - Checking object

2021-11-23 16:37:46 - [MESSAGE][INFO] - Finding web element from Test Object's properties

2021-11-23 16:37:46 - [MESSAGE][INFO] - Checking timeout

2021-11-23 16:37:46 - [MESSAGE][INFO] - Finding web element with id: 'Object Repository/Sayfalar/Giris_Sayfasi/PopupCarpiGiris' located by 'By.cssSelector: .bootbox-close-button.close' in '30' second(s)

2021-11-23 16:37:46 - [MESSAGE][INFO] - Smart Wait Function is triggered

2021-11-23 16:37:46 - [MESSAGE][INFO] - Found 1 web elements with id: 'Object Repository/Sayfalar/Giris_Sayfasi/PopupCarpiGiris' located by 'By.cssSelector: .bootbox-close-button.close' in '30' second(s)

2021-11-23 16:37:46 - [MESSAGE][INFO] - Clicking on object: 'Object Repository/Sayfalar/Giris_Sayfasi/PopupCarpiGiris'

2021-11-23 16:37:46 - [MESSAGE][PASSED] - Object: 'Object Repository/Sayfalar/Giris_Sayfasi/PopupCarpiGiris' is clicked on

2021-11-23 16:37:46 - [TEST_STEP][PASSED] - verifyElementVisible(findTestObject("Object Repository/Kullanici_Islemleri/KullaniciIslemleri")): Object 'Object Repository/Kullanici_Islemleri/KullaniciIslemleri' is visible

2021-11-23 16:37:46 - [MESSAGE][INFO] - Finding Test Object 'Object Repository/Kullanici_Islemleri/KullaniciIslemleri'

2021-11-23 16:37:47 - [MESSAGE][INFO] - Checking object

2021-11-23 16:37:47 - [MESSAGE][INFO] - Finding web element from Test Object's properties

2021-11-23 16:37:47 - [MESSAGE][INFO] - Checking timeout

2021-11-23 16:37:47 - [MESSAGE][INFO] - Finding web element with id: 'Object Repository/Kullanici_Islemleri/KullaniciIslemleri' located by 'By.cssSelector: .dropdown>a>img' in '30' second(s)

2021-11-23 16:37:47 - [MESSAGE][INFO] - Smart Wait Function is triggered

2021-11-23 16:37:47 - [MESSAGE][INFO] - Found 1 web elements with id: 'Object Repository/Kullanici_Islemleri/KullaniciIslemleri' located by 'By.cssSelector: .dropdown>a>img' in '30' second(s)

2021-11-23 16:37:47 - [MESSAGE][PASSED] - Object 'Object Repository/Kullanici_Islemleri/KullaniciIslemleri' is visible

2021-11-23 16:37:47 - [MESSAGE][PASSED] - Call Test Case 'Test Cases/Sayfalar/Giris_Sayfasi/Login' successfully

2021-11-23 16:37:47 - [MESSAGE][INFO] - Checking called Test Case

2021-11-23 16:37:47 - [MESSAGE][INFO] - Starting to call Test Case 'Test Cases/Menu/AnaMenuSecimi'

2021-11-23 16:37:47 - [TEST_CASE][PASSED] - Test Cases/Menu/AnaMenuSecimi: Test Cases/Menu/AnaMenuSecimi

2021-11-23 16:37:47 - [TEST_STEP][PASSED] - Method.TextDegerineEsitElementeTikla(findTestObject("Menu/Ana_Menu"), Ana_Menu): Method.TextDegerineEsitElementeTikla is PASSED

2021-11-23 16:37:47 - [MESSAGE][INFO] - Finding Test Object 'Object Repository/Menu/Ana_Menu'

2021-11-23 16:37:47 - [MESSAGE][INFO] - Checking timeout

2021-11-23 16:37:47 - [MESSAGE][INFO] - Finding web element with id: 'Object Repository/Menu/Ana_Menu' located by 'By.xpath: //*[@class = 'dropdown-toggle']' in '10' second(s)

2021-11-23 16:37:47 - [MESSAGE][INFO] - Smart Wait Function is triggered

2021-11-23 16:37:48 - [MESSAGE][INFO] - Found 13 web elements with id: 'Object Repository/Menu/Ana_Menu' located by 'By.xpath: //*[@class = 'dropdown-toggle']' in '10' second(s)

2021-11-23 16:37:48 - [MESSAGE][PASSED] - Method.TextDegerineEsitElementeTikla is PASSED

2021-11-23 16:37:48 - [MESSAGE][PASSED] - Call Test Case 'Test Cases/Menu/AnaMenuSecimi' successfully

2021-11-23 16:37:48 - [MESSAGE][INFO] - Checking called Test Case

2021-11-23 16:37:48 - [MESSAGE][INFO] - Starting to call Test Case 'Test Cases/Menu/BasligaGoreAltMenuSecimi'

2021-11-23 16:37:48 - [TEST_CASE][PASSED] - Test Cases/Menu/BasligaGoreAltMenuSecimi: Test Cases/Menu/BasligaGoreAltMenuSecimi

2021-11-23 16:37:48 - [TEST_STEP][PASSED] - Method.TextDegerineEsitElementinAltindakiTextDegerineEsitOlanaTikla(findTestObject("Menu/Menu_Basligi"), findTestObject("Menu/Basliga_Gore_Alt_Menu"), Baslik, Alt_Menu): Method.TextDegerineEsitElementinAltindakiTextDegerineEsitOlanaTikla is PASSED

2021-11-23 16:37:48 - [MESSAGE][INFO] - Finding Test Object 'Object Repository/Menu/Menu_Basligi'

2021-11-23 16:37:48 - [MESSAGE][INFO] - Finding Test Object 'Object Repository/Menu/Basliga_Gore_Alt_Menu'

2021-11-23 16:37:48 - [MESSAGE][INFO] - Checking timeout

2021-11-23 16:37:48 - [MESSAGE][INFO] - Finding web element with id: 'Object Repository/Menu/Menu_Basligi' located by 'By.xpath: //li[@class='dropdown dropdown-large open']//li[@class='dropdown-header']' in '10' second(s)

2021-11-23 16:37:48 - [MESSAGE][INFO] - Smart Wait Function is triggered

2021-11-23 16:37:49 - [MESSAGE][INFO] - Found 2 web elements with id: 'Object Repository/Menu/Menu_Basligi' located by 'By.xpath: //li[@class='dropdown dropdown-large open']//li[@class='dropdown-header']' in '10' second(s)

2021-11-23 16:37:49 - [MESSAGE][INFO] - Smart Wait Function is triggered

2021-11-23 16:37:52 - [MESSAGE][PASSED] - Method.TextDegerineEsitElementinAltindakiTextDegerineEsitOlanaTikla is PASSED

2021-11-23 16:37:52 - [MESSAGE][PASSED] - Call Test Case 'Test Cases/Menu/BasligaGoreAltMenuSecimi' successfully

2021-11-23 16:37:52 - [MESSAGE][INFO] - Checking called Test Case

2021-11-23 16:37:52 - [MESSAGE][INFO] - Starting to call Test Case 'Test Cases/Tablo/Olusturma Tarihi'

2021-11-23 16:37:52 - [TEST_CASE][PASSED] - Test Cases/Tablo/Olusturma Tarihi: Test Cases/Tablo/Olusturma Tarihi

2021-11-23 16:37:52 - [TEST_STEP][PASSED] - if (verifyTextNotPresent("Görüntülenecek veri yok", true, OPTIONAL)): null

2021-11-23 16:37:52 - [MESSAGE][INFO] - Checking text present  using regular expression

2021-11-23 16:37:52 - [MESSAGE][INFO] - Smart Wait Function is triggered

2021-11-23 16:37:52 - [MESSAGE][INFO] - Finding text 'Görüntülenecek veri yok' on page  using regular expression

2021-11-23 16:37:52 - [MESSAGE][PASSED] - Text 'Görüntülenecek veri yok' is not present on page using regular expression

2021-11-23 16:37:52 - [TEST_STEP][PASSED] - click(findTestObject("Temizle/Olusturma_Tarihi_CheckBox")): Object: 'Object Repository/Temizle/Olusturma_Tarihi_CheckBox' is clicked on

2021-11-23 16:37:52 - [MESSAGE][INFO] - Finding Test Object 'Object Repository/Temizle/Olusturma_Tarihi_CheckBox'

2021-11-23 16:37:52 - [MESSAGE][INFO] - Checking object

2021-11-23 16:37:52 - [MESSAGE][INFO] - Finding web element from Test Object's properties

2021-11-23 16:37:52 - [MESSAGE][INFO] - Checking timeout

2021-11-23 16:37:52 - [MESSAGE][INFO] - Finding web element with id: 'Object Repository/Temizle/Olusturma_Tarihi_CheckBox' located by 'By.xpath: //*[@title = 'Bu sayfadaki tüm satırları Seç']' in '30' second(s)

2021-11-23 16:37:52 - [MESSAGE][INFO] - Smart Wait Function is triggered

2021-11-23 16:37:53 - [MESSAGE][INFO] - Found 1 web elements with id: 'Object Repository/Temizle/Olusturma_Tarihi_CheckBox' located by 'By.xpath: //*[@title = 'Bu sayfadaki tüm satırları Seç']' in '30' second(s)

2021-11-23 16:37:53 - [MESSAGE][INFO] - Clicking on object: 'Object Repository/Temizle/Olusturma_Tarihi_CheckBox'

2021-11-23 16:37:53 - [MESSAGE][PASSED] - Object: 'Object Repository/Temizle/Olusturma_Tarihi_CheckBox' is clicked on

2021-11-23 16:37:53 - [TEST_STEP][PASSED] - Method.TextDegerineEsitElementeTiklaEquals(findTestObject("Butonlar/Butonlar"), "Sil"): Method.TextDegerineEsitElementeTiklaEquals is PASSED

2021-11-23 16:37:53 - [MESSAGE][INFO] - Finding Test Object 'Object Repository/Butonlar/Butonlar'

2021-11-23 16:37:53 - [MESSAGE][INFO] - Checking timeout

2021-11-23 16:37:53 - [MESSAGE][INFO] - Finding web element with id: 'Object Repository/Butonlar/Butonlar' located by 'By.cssSelector: .panel.panel-default.text-center.footerPanel .btn,.btn.btn-primary.btnControls' in '10' second(s)

2021-11-23 16:37:53 - [MESSAGE][INFO] - Smart Wait Function is triggered

2021-11-23 16:37:53 - [MESSAGE][INFO] - Found 9 web elements with id: 'Object Repository/Butonlar/Butonlar' located by 'By.cssSelector: .panel.panel-default.text-center.footerPanel .btn,.btn.btn-primary.btnControls' in '10' second(s)

2021-11-23 16:37:54 - [MESSAGE][PASSED] - Method.TextDegerineEsitElementeTiklaEquals is PASSED

2021-11-23 16:37:54 - [TEST_STEP][PASSED] - Method.TextDegerineEsitElementeTikla(findTestObject("Popup/Popup_Butons"), "Evet"): Method.TextDegerineEsitElementeTikla is PASSED

2021-11-23 16:37:54 - [MESSAGE][INFO] - Finding Test Object 'Object Repository/Popup/Popup_Butons'

2021-11-23 16:37:54 - [MESSAGE][INFO] - Checking timeout

2021-11-23 16:37:54 - [MESSAGE][INFO] - Finding web element with id: 'Object Repository/Popup/Popup_Butons' located by 'By.cssSelector: .modal-footer>button' in '10' second(s)

2021-11-23 16:37:54 - [MESSAGE][INFO] - Smart Wait Function is triggered

2021-11-23 16:37:55 - [MESSAGE][INFO] - Found 2 web elements with id: 'Object Repository/Popup/Popup_Butons' located by 'By.cssSelector: .modal-footer>button' in '10' second(s)

2021-11-23 16:37:55 - [MESSAGE][PASSED] - Method.TextDegerineEsitElementeTikla is PASSED

2021-11-23 16:37:55 - [TEST_STEP][PASSED] - Method.TextDegerineEsitElementeTikla(findTestObject("Popup/Popup_Butons"), "Tamam"): Method.TextDegerineEsitElementeTikla is PASSED

2021-11-23 16:37:55 - [MESSAGE][INFO] - Finding Test Object 'Object Repository/Popup/Popup_Butons'

2021-11-23 16:37:55 - [MESSAGE][INFO] - Checking timeout

2021-11-23 16:37:55 - [MESSAGE][INFO] - Finding web element with id: 'Object Repository/Popup/Popup_Butons' located by 'By.cssSelector: .modal-footer>button' in '10' second(s)

2021-11-23 16:37:55 - [MESSAGE][INFO] - Smart Wait Function is triggered

2021-11-23 16:37:56 - [MESSAGE][INFO] - Found 1 web elements with id: 'Object Repository/Popup/Popup_Butons' located by 'By.cssSelector: .modal-footer>button' in '10' second(s)

2021-11-23 16:37:56 - [MESSAGE][PASSED] - Method.TextDegerineEsitElementeTikla is PASSED

2021-11-23 16:37:56 - [MESSAGE][PASSED] - Call Test Case 'Test Cases/Tablo/Olusturma Tarihi' successfully

2021-11-23 16:37:56 - [MESSAGE][INFO] - Checking called Test Case

2021-11-23 16:37:56 - [MESSAGE][INFO] - Starting to call Test Case 'Test Cases/Butonlar/ButonaTikla'

2021-11-23 16:37:56 - [TEST_CASE][PASSED] - Test Cases/Butonlar/ButonaTikla: Test Cases/Butonlar/ButonaTikla

2021-11-23 16:37:56 - [TEST_STEP][PASSED] - Method.TextDegerineEsitElementeTiklaEquals(findTestObject("Butonlar/Butonlar"), Buton_Adi): Method.TextDegerineEsitElementeTiklaEquals is PASSED

2021-11-23 16:37:56 - [MESSAGE][INFO] - Finding Test Object 'Object Repository/Butonlar/Butonlar'

2021-11-23 16:37:56 - [MESSAGE][INFO] - Checking timeout

2021-11-23 16:37:56 - [MESSAGE][INFO] - Finding web element with id: 'Object Repository/Butonlar/Butonlar' located by 'By.cssSelector: .panel.panel-default.text-center.footerPanel .btn,.btn.btn-primary.btnControls' in '10' second(s)

2021-11-23 16:37:56 - [MESSAGE][INFO] - Smart Wait Function is triggered

2021-11-23 16:37:57 - [MESSAGE][INFO] - Found 9 web elements with id: 'Object Repository/Butonlar/Butonlar' located by 'By.cssSelector: .panel.panel-default.text-center.footerPanel .btn,.btn.btn-primary.btnControls' in '10' second(s)

2021-11-23 16:37:57 - [MESSAGE][PASSED] - Method.TextDegerineEsitElementeTiklaEquals is PASSED

2021-11-23 16:37:57 - [MESSAGE][PASSED] - Call Test Case 'Test Cases/Butonlar/ButonaTikla' successfully

2021-11-23 16:37:57 - [MESSAGE][INFO] - Checking called Test Case

2021-11-23 16:37:57 - [MESSAGE][INFO] - Starting to call Test Case 'Test Cases/Olusturma/Genel/GorselTasarimSayfasıBasligiIceriyorMu'

2021-11-23 16:37:57 - [TEST_CASE][PASSED] - Test Cases/Olusturma/Genel/GorselTasarimSayfasıBasligiIceriyorMu: Test Cases/Olusturma/Genel/GorselTasarimSayfasıBasligiIceriyorMu

2021-11-23 16:37:57 - [TEST_STEP][PASSED] - verifyElementText(findTestObject("Object Repository/Olusturma/Genel/GorselTasarimBaslik"), Baslik): Actual text and expected text of test object 'Object Repository/Olusturma/Genel/GorselTasarimBaslik' are matched.

2021-11-23 16:37:57 - [MESSAGE][INFO] - Finding Test Object 'Object Repository/Olusturma/Genel/GorselTasarimBaslik'

2021-11-23 16:37:57 - [MESSAGE][INFO] - Checking object

2021-11-23 16:37:57 - [MESSAGE][INFO] - Finding web element from Test Object's properties

2021-11-23 16:37:57 - [MESSAGE][INFO] - Checking timeout

2021-11-23 16:37:57 - [MESSAGE][INFO] - Finding web element with id: 'Object Repository/Olusturma/Genel/GorselTasarimBaslik' located by 'By.cssSelector: #flAlici_0>div>span' in '30' second(s)

2021-11-23 16:37:57 - [MESSAGE][INFO] - Smart Wait Function is triggered

2021-11-23 16:38:04 - [MESSAGE][INFO] - Found 1 web elements with id: 'Object Repository/Olusturma/Genel/GorselTasarimBaslik' located by 'By.cssSelector: #flAlici_0>div>span' in '30' second(s)

2021-11-23 16:38:04 - [MESSAGE][PASSED] - Actual text and expected text of test object 'Object Repository/Olusturma/Genel/GorselTasarimBaslik' are matched.

2021-11-23 16:38:04 - [MESSAGE][PASSED] - Call Test Case 'Test Cases/Olusturma/Genel/GorselTasarimSayfasıBasligiIceriyorMu' successfully

2021-11-23 16:38:04 - [MESSAGE][INFO] - Checking called Test Case

2021-11-23 16:38:04 - [MESSAGE][INFO] - Starting to call Test Case 'Test Cases/Olusturma/Genel/AliciSecilir'

2021-11-23 16:38:04 - [TEST_CASE][PASSED] - Test Cases/Olusturma/Genel/AliciSecilir: Test Cases/Olusturma/Genel/AliciSecilir

2021-11-23 16:38:04 - [TEST_STEP][PASSED] - click(findTestObject("Olusturma/Genel/AliciBilgisi/Alici_Ara")): Object: 'Object Repository/Olusturma/Genel/AliciBilgisi/Alici_Ara' is clicked on

2021-11-23 16:38:04 - [MESSAGE][INFO] - Finding Test Object 'Object Repository/Olusturma/Genel/AliciBilgisi/Alici_Ara'

2021-11-23 16:38:04 - [MESSAGE][INFO] - Checking object

2021-11-23 16:38:04 - [MESSAGE][INFO] - Finding web element from Test Object's properties

2021-11-23 16:38:04 - [MESSAGE][INFO] - Checking timeout

2021-11-23 16:38:04 - [MESSAGE][INFO] - Finding web element with id: 'Object Repository/Olusturma/Genel/AliciBilgisi/Alici_Ara' located by 'By.xpath: //td[@id='txtCustomerText_B-1']' in '30' second(s)

2021-11-23 16:38:04 - [MESSAGE][INFO] - Smart Wait Function is triggered

2021-11-23 16:38:04 - [MESSAGE][INFO] - Found 1 web elements with id: 'Object Repository/Olusturma/Genel/AliciBilgisi/Alici_Ara' located by 'By.xpath: //td[@id='txtCustomerText_B-1']' in '30' second(s)

2021-11-23 16:38:04 - [MESSAGE][INFO] - Clicking on object: 'Object Repository/Olusturma/Genel/AliciBilgisi/Alici_Ara'

2021-11-23 16:38:04 - [MESSAGE][PASSED] - Object: 'Object Repository/Olusturma/Genel/AliciBilgisi/Alici_Ara' is clicked on

2021-11-23 16:38:04 - [TEST_STEP][PASSED] - click(findTestObject("Olusturma/Genel/AliciBilgisi/Alici_Bilgisi")): Object: 'Object Repository/Olusturma/Genel/AliciBilgisi/Alici_Bilgisi' is clicked on

2021-11-23 16:38:04 - [MESSAGE][INFO] - Finding Test Object 'Object Repository/Olusturma/Genel/AliciBilgisi/Alici_Bilgisi'

2021-11-23 16:38:04 - [MESSAGE][INFO] - Checking object

2021-11-23 16:38:04 - [MESSAGE][INFO] - Finding web element from Test Object's properties

2021-11-23 16:38:04 - [MESSAGE][INFO] - Checking timeout

2021-11-23 16:38:04 - [MESSAGE][INFO] - Finding web element with id: 'Object Repository/Olusturma/Genel/AliciBilgisi/Alici_Bilgisi' located by 'By.xpath: //iframe[@id='customerselectiframe']' in '30' second(s)

2021-11-23 16:38:04 - [MESSAGE][INFO] - Smart Wait Function is triggered

2021-11-23 16:38:05 - [MESSAGE][INFO] - Found 1 web elements with id: 'Object Repository/Olusturma/Genel/AliciBilgisi/Alici_Bilgisi' located by 'By.xpath: //iframe[@id='customerselectiframe']' in '30' second(s)

2021-11-23 16:38:05 - [MESSAGE][INFO] - Clicking on object: 'Object Repository/Olusturma/Genel/AliciBilgisi/Alici_Bilgisi'

2021-11-23 16:38:05 - [MESSAGE][PASSED] - Object: 'Object Repository/Olusturma/Genel/AliciBilgisi/Alici_Bilgisi' is clicked on

2021-11-23 16:38:05 - [TEST_STEP][PASSED] - setText(findTestObject("Olusturma/Genel/AliciBilgisi/Alici_Gir"), Alici_Adi): Switching to default content

2021-11-23 16:38:05 - [MESSAGE][INFO] - Finding Test Object 'Object Repository/Olusturma/Genel/AliciBilgisi/Alici_Gir'

2021-11-23 16:38:05 - [MESSAGE][INFO] - Finding Test Object 'Object Repository/Olusturma/Genel/AliciBilgisi/Alici_Bilgisi'

2021-11-23 16:38:05 - [MESSAGE][INFO] - Checking object

2021-11-23 16:38:05 - [MESSAGE][INFO] - Checking text

2021-11-23 16:38:05 - [MESSAGE][INFO] - Object: 'Object Repository/Olusturma/Genel/AliciBilgisi/Alici_Gir' has parent object(s)

2021-11-23 16:38:05 - [MESSAGE][INFO] - Switching to iframe: 'Object Repository/Olusturma/Genel/AliciBilgisi/Alici_Bilgisi'

2021-11-23 16:38:05 - [MESSAGE][INFO] - Finding web element from Test Object's properties

2021-11-23 16:38:05 - [MESSAGE][INFO] - Checking timeout

2021-11-23 16:38:05 - [MESSAGE][INFO] - Finding web element with id: 'Object Repository/Olusturma/Genel/AliciBilgisi/Alici_Bilgisi' located by 'By.xpath: //iframe[@id='customerselectiframe']' in '30' second(s)

2021-11-23 16:38:05 - [MESSAGE][INFO] - Smart Wait Function is triggered

2021-11-23 16:38:05 - [MESSAGE][INFO] - Found 1 web elements with id: 'Object Repository/Olusturma/Genel/AliciBilgisi/Alici_Bilgisi' located by 'By.xpath: //iframe[@id='customerselectiframe']' in '30' second(s)

2021-11-23 16:38:05 - [MESSAGE][INFO] - Switched to iframe: 'Object Repository/Olusturma/Genel/AliciBilgisi/Alici_Bilgisi'

2021-11-23 16:38:05 - [MESSAGE][INFO] - Finding web element from Test Object's properties

2021-11-23 16:38:05 - [MESSAGE][INFO] - Checking timeout

2021-11-23 16:38:05 - [MESSAGE][INFO] - Finding web element with id: 'Object Repository/Olusturma/Genel/AliciBilgisi/Alici_Gir' located by 'By.xpath: //input[@id='GridViewCustomer_DXFREditorcol1_I']' in '30' second(s)

2021-11-23 16:38:05 - [MESSAGE][INFO] - Smart Wait Function is triggered

2021-11-23 16:38:05 - [MESSAGE][INFO] - Found 1 web elements with id: 'Object Repository/Olusturma/Genel/AliciBilgisi/Alici_Gir' located by 'By.xpath: //input[@id='GridViewCustomer_DXFREditorcol1_I']' in '30' second(s)

2021-11-23 16:38:05 - [MESSAGE][INFO] - Clearing text of object 'Object Repository/Olusturma/Genel/AliciBilgisi/Alici_Gir'

2021-11-23 16:38:05 - [MESSAGE][INFO] - Finding web element from Test Object's properties

2021-11-23 16:38:05 - [MESSAGE][INFO] - Checking timeout

2021-11-23 16:38:05 - [MESSAGE][INFO] - Finding web element with id: 'Object Repository/Olusturma/Genel/AliciBilgisi/Alici_Gir' located by 'By.xpath: //input[@id='GridViewCustomer_DXFREditorcol1_I']' in '30' second(s)

2021-11-23 16:38:05 - [MESSAGE][INFO] - Smart Wait Function is triggered

2021-11-23 16:38:06 - [MESSAGE][INFO] - Found 1 web elements with id: 'Object Repository/Olusturma/Genel/AliciBilgisi/Alici_Gir' located by 'By.xpath: //input[@id='GridViewCustomer_DXFREditorcol1_I']' in '30' second(s)

2021-11-23 16:38:06 - [MESSAGE][INFO] - Setting text of object 'Object Repository/Olusturma/Genel/AliciBilgisi/Alici_Gir' to value 'UC0002'

2021-11-23 16:38:06 - [MESSAGE][PASSED] - Text 'UC0002' is set on object 'Object Repository/Olusturma/Genel/AliciBilgisi/Alici_Gir'

2021-11-23 16:38:06 - [MESSAGE][INFO] - Switching to default content

2021-11-23 16:38:06 - [TEST_STEP][PASSED] - waitForElementClickable(findTestObject("Olusturma/Genel/AliciBilgisi/Alici_Adi"), 10): Switching to default content

2021-11-23 16:38:06 - [MESSAGE][INFO] - Finding Test Object 'Object Repository/Olusturma/Genel/AliciBilgisi/Alici_Adi'

2021-11-23 16:38:06 - [MESSAGE][INFO] - Finding Test Object 'Object Repository/Olusturma/Genel/AliciBilgisi/iframe_Alc Bilgisi_customerselectiframe'

2021-11-23 16:38:06 - [MESSAGE][INFO] - Checking object

2021-11-23 16:38:06 - [MESSAGE][INFO] - Checking timeout

2021-11-23 16:38:06 - [MESSAGE][INFO] - Object: 'Object Repository/Olusturma/Genel/AliciBilgisi/Alici_Adi' has parent object(s)

2021-11-23 16:38:06 - [MESSAGE][INFO] - Switching to iframe: 'Object Repository/Olusturma/Genel/AliciBilgisi/iframe_Alc Bilgisi_customerselectiframe'

2021-11-23 16:38:06 - [MESSAGE][INFO] - Finding web element from Test Object's properties

2021-11-23 16:38:06 - [MESSAGE][INFO] - Checking timeout

2021-11-23 16:38:06 - [MESSAGE][INFO] - Finding web element with id: 'Object Repository/Olusturma/Genel/AliciBilgisi/iframe_Alc Bilgisi_customerselectiframe' located by 'By.xpath: //iframe[@id='customerselectiframe']' in '10' second(s)

2021-11-23 16:38:06 - [MESSAGE][INFO] - Smart Wait Function is triggered

2021-11-23 16:38:06 - [MESSAGE][INFO] - Found 1 web elements with id: 'Object Repository/Olusturma/Genel/AliciBilgisi/iframe_Alc Bilgisi_customerselectiframe' located by 'By.xpath: //iframe[@id='customerselectiframe']' in '10' second(s)

2021-11-23 16:38:06 - [MESSAGE][INFO] - Switched to iframe: 'Object Repository/Olusturma/Genel/AliciBilgisi/iframe_Alc Bilgisi_customerselectiframe'

2021-11-23 16:38:06 - [MESSAGE][INFO] - Finding web element from Test Object's properties

2021-11-23 16:38:06 - [MESSAGE][INFO] - Checking timeout

2021-11-23 16:38:06 - [MESSAGE][INFO] - Finding web element with id: 'Object Repository/Olusturma/Genel/AliciBilgisi/Alici_Adi' located by 'By.xpath: //tr[@id='GridViewCustomer_DXDataRow0']/td[2]' in '10' second(s)

2021-11-23 16:38:06 - [MESSAGE][INFO] - Smart Wait Function is triggered

2021-11-23 16:38:06 - [MESSAGE][INFO] - Found 1 web elements with id: 'Object Repository/Olusturma/Genel/AliciBilgisi/Alici_Adi' located by 'By.xpath: //tr[@id='GridViewCustomer_DXDataRow0']/td[2]' in '10' second(s)

2021-11-23 16:38:06 - [MESSAGE][PASSED] - Object 'Object Repository/Olusturma/Genel/AliciBilgisi/Alici_Adi' is clickable

2021-11-23 16:38:06 - [MESSAGE][INFO] - Switching to default content

2021-11-23 16:38:06 - [TEST_STEP][PASSED] - click(findTestObject("Olusturma/Genel/AliciBilgisi/frame")): Switching to default content

2021-11-23 16:38:06 - [MESSAGE][INFO] - Finding Test Object 'Object Repository/Olusturma/Genel/AliciBilgisi/frame'

2021-11-23 16:38:06 - [MESSAGE][INFO] - Finding Test Object 'Object Repository/Olusturma/Genel/AliciBilgisi/iframe_Alc Bilgisi_customerselectiframe'

2021-11-23 16:38:07 - [MESSAGE][INFO] - Checking object

2021-11-23 16:38:07 - [MESSAGE][INFO] - Object: 'Object Repository/Olusturma/Genel/AliciBilgisi/frame' has parent object(s)

2021-11-23 16:38:07 - [MESSAGE][INFO] - Switching to iframe: 'Object Repository/Olusturma/Genel/AliciBilgisi/iframe_Alc Bilgisi_customerselectiframe'

2021-11-23 16:38:07 - [MESSAGE][INFO] - Finding web element from Test Object's properties

2021-11-23 16:38:07 - [MESSAGE][INFO] - Checking timeout

2021-11-23 16:38:07 - [MESSAGE][INFO] - Finding web element with id: 'Object Repository/Olusturma/Genel/AliciBilgisi/iframe_Alc Bilgisi_customerselectiframe' located by 'By.xpath: //iframe[@id='customerselectiframe']' in '30' second(s)

2021-11-23 16:38:07 - [MESSAGE][INFO] - Smart Wait Function is triggered

2021-11-23 16:38:07 - [MESSAGE][INFO] - Found 1 web elements with id: 'Object Repository/Olusturma/Genel/AliciBilgisi/iframe_Alc Bilgisi_customerselectiframe' located by 'By.xpath: //iframe[@id='customerselectiframe']' in '30' second(s)

2021-11-23 16:38:07 - [MESSAGE][INFO] - Switched to iframe: 'Object Repository/Olusturma/Genel/AliciBilgisi/iframe_Alc Bilgisi_customerselectiframe'

2021-11-23 16:38:07 - [MESSAGE][INFO] - Finding web element from Test Object's properties

2021-11-23 16:38:07 - [MESSAGE][INFO] - Checking timeout

2021-11-23 16:38:07 - [MESSAGE][INFO] - Finding web element with id: 'Object Repository/Olusturma/Genel/AliciBilgisi/frame' located by 'By.xpath: //*/text()[normalize-space(.)='']/parent::*' in '30' second(s)

2021-11-23 16:38:07 - [MESSAGE][INFO] - Smart Wait Function is triggered

2021-11-23 16:38:07 - [MESSAGE][INFO] - Found 64 web elements with id: 'Object Repository/Olusturma/Genel/AliciBilgisi/frame' located by 'By.xpath: //*/text()[normalize-space(.)='']/parent::*' in '30' second(s)

2021-11-23 16:38:07 - [MESSAGE][INFO] - Clicking on object: 'Object Repository/Olusturma/Genel/AliciBilgisi/frame'

2021-11-23 16:38:07 - [MESSAGE][PASSED] - Object: 'Object Repository/Olusturma/Genel/AliciBilgisi/frame' is clicked on

2021-11-23 16:38:07 - [MESSAGE][INFO] - Switching to default content

2021-11-23 16:38:07 - [TEST_STEP][PASSED] - click(findTestObject("Olusturma/Genel/AliciBilgisi/Alici_Adi")): Switching to default content

2021-11-23 16:38:07 - [MESSAGE][INFO] - Finding Test Object 'Object Repository/Olusturma/Genel/AliciBilgisi/Alici_Adi'

2021-11-23 16:38:07 - [MESSAGE][INFO] - Finding Test Object 'Object Repository/Olusturma/Genel/AliciBilgisi/iframe_Alc Bilgisi_customerselectiframe'

2021-11-23 16:38:07 - [MESSAGE][INFO] - Checking object

2021-11-23 16:38:07 - [MESSAGE][INFO] - Object: 'Object Repository/Olusturma/Genel/AliciBilgisi/Alici_Adi' has parent object(s)

2021-11-23 16:38:07 - [MESSAGE][INFO] - Switching to iframe: 'Object Repository/Olusturma/Genel/AliciBilgisi/iframe_Alc Bilgisi_customerselectiframe'

2021-11-23 16:38:07 - [MESSAGE][INFO] - Finding web element from Test Object's properties

2021-11-23 16:38:07 - [MESSAGE][INFO] - Checking timeout

2021-11-23 16:38:07 - [MESSAGE][INFO] - Finding web element with id: 'Object Repository/Olusturma/Genel/AliciBilgisi/iframe_Alc Bilgisi_customerselectiframe' located by 'By.xpath: //iframe[@id='customerselectiframe']' in '30' second(s)

2021-11-23 16:38:07 - [MESSAGE][INFO] - Smart Wait Function is triggered

2021-11-23 16:38:08 - [MESSAGE][INFO] - Found 1 web elements with id: 'Object Repository/Olusturma/Genel/AliciBilgisi/iframe_Alc Bilgisi_customerselectiframe' located by 'By.xpath: //iframe[@id='customerselectiframe']' in '30' second(s)

2021-11-23 16:38:08 - [MESSAGE][INFO] - Switched to iframe: 'Object Repository/Olusturma/Genel/AliciBilgisi/iframe_Alc Bilgisi_customerselectiframe'

2021-11-23 16:38:08 - [MESSAGE][INFO] - Finding web element from Test Object's properties

2021-11-23 16:38:08 - [MESSAGE][INFO] - Checking timeout

2021-11-23 16:38:08 - [MESSAGE][INFO] - Finding web element with id: 'Object Repository/Olusturma/Genel/AliciBilgisi/Alici_Adi' located by 'By.xpath: //tr[@id='GridViewCustomer_DXDataRow0']/td[2]' in '30' second(s)

2021-11-23 16:38:08 - [MESSAGE][INFO] - Smart Wait Function is triggered

2021-11-23 16:38:08 - [MESSAGE][INFO] - Found 1 web elements with id: 'Object Repository/Olusturma/Genel/AliciBilgisi/Alici_Adi' located by 'By.xpath: //tr[@id='GridViewCustomer_DXDataRow0']/td[2]' in '30' second(s)

2021-11-23 16:38:08 - [MESSAGE][INFO] - Clicking on object: 'Object Repository/Olusturma/Genel/AliciBilgisi/Alici_Adi'

2021-11-23 16:38:08 - [MESSAGE][PASSED] - Object: 'Object Repository/Olusturma/Genel/AliciBilgisi/Alici_Adi' is clicked on

2021-11-23 16:38:08 - [MESSAGE][INFO] - Switching to default content

2021-11-23 16:38:08 - [TEST_STEP][PASSED] - click(findTestObject("Olusturma/Genel/AliciBilgisi/Tamam_Bosluk")): Switching to default content

2021-11-23 16:38:08 - [MESSAGE][INFO] - Finding Test Object 'Object Repository/Olusturma/Genel/AliciBilgisi/Tamam_Bosluk'

2021-11-23 16:38:08 - [MESSAGE][INFO] - Finding Test Object 'Object Repository/Olusturma/Genel/AliciBilgisi/Alici_Bilgisi'

2021-11-23 16:38:08 - [MESSAGE][INFO] - Checking object

2021-11-23 16:38:08 - [MESSAGE][INFO] - Object: 'Object Repository/Olusturma/Genel/AliciBilgisi/Tamam_Bosluk' has parent object(s)

2021-11-23 16:38:08 - [MESSAGE][INFO] - Switching to iframe: 'Object Repository/Olusturma/Genel/AliciBilgisi/Alici_Bilgisi'

2021-11-23 16:38:08 - [MESSAGE][INFO] - Finding web element from Test Object's properties

2021-11-23 16:38:08 - [MESSAGE][INFO] - Checking timeout

2021-11-23 16:38:08 - [MESSAGE][INFO] - Finding web element with id: 'Object Repository/Olusturma/Genel/AliciBilgisi/Alici_Bilgisi' located by 'By.xpath: //iframe[@id='customerselectiframe']' in '30' second(s)

2021-11-23 16:38:08 - [MESSAGE][INFO] - Smart Wait Function is triggered

2021-11-23 16:38:08 - [MESSAGE][INFO] - Found 1 web elements with id: 'Object Repository/Olusturma/Genel/AliciBilgisi/Alici_Bilgisi' located by 'By.xpath: //iframe[@id='customerselectiframe']' in '30' second(s)

2021-11-23 16:38:08 - [MESSAGE][INFO] - Switched to iframe: 'Object Repository/Olusturma/Genel/AliciBilgisi/Alici_Bilgisi'

2021-11-23 16:38:08 - [MESSAGE][INFO] - Finding web element from Test Object's properties

2021-11-23 16:38:08 - [MESSAGE][INFO] - Checking timeout

2021-11-23 16:38:08 - [MESSAGE][INFO] - Finding web element with id: 'Object Repository/Olusturma/Genel/AliciBilgisi/Tamam_Bosluk' located by 'By.xpath: (.//*[normalize-space(text()) and normalize-space(.)='Sayfa Boyutu:'])[1]/following::div[7]' in '30' second(s)

2021-11-23 16:38:08 - [MESSAGE][INFO] - Smart Wait Function is triggered

2021-11-23 16:38:08 - [MESSAGE][INFO] - Found 1 web elements with id: 'Object Repository/Olusturma/Genel/AliciBilgisi/Tamam_Bosluk' located by 'By.xpath: (.//*[normalize-space(text()) and normalize-space(.)='Sayfa Boyutu:'])[1]/following::div[7]' in '30' second(s)

2021-11-23 16:38:08 - [MESSAGE][INFO] - Clicking on object: 'Object Repository/Olusturma/Genel/AliciBilgisi/Tamam_Bosluk'

2021-11-23 16:38:08 - [MESSAGE][PASSED] - Object: 'Object Repository/Olusturma/Genel/AliciBilgisi/Tamam_Bosluk' is clicked on

2021-11-23 16:38:08 - [MESSAGE][INFO] - Switching to default content

2021-11-23 16:38:08 - [TEST_STEP][PASSED] - waitForElementClickable(findTestObject("Olusturma/Genel/AliciBilgisi/Tamam_Butonu"), 10): Switching to default content

2021-11-23 16:38:08 - [MESSAGE][INFO] - Finding Test Object 'Object Repository/Olusturma/Genel/AliciBilgisi/Tamam_Butonu'

2021-11-23 16:38:08 - [MESSAGE][INFO] - Finding Test Object 'Object Repository/Olusturma/Genel/AliciBilgisi/Alici_Bilgisi'

2021-11-23 16:38:09 - [MESSAGE][INFO] - Checking object

2021-11-23 16:38:09 - [MESSAGE][INFO] - Checking timeout

2021-11-23 16:38:09 - [MESSAGE][INFO] - Object: 'Object Repository/Olusturma/Genel/AliciBilgisi/Tamam_Butonu' has parent object(s)

2021-11-23 16:38:09 - [MESSAGE][INFO] - Switching to iframe: 'Object Repository/Olusturma/Genel/AliciBilgisi/Alici_Bilgisi'

2021-11-23 16:38:09 - [MESSAGE][INFO] - Finding web element from Test Object's properties

2021-11-23 16:38:09 - [MESSAGE][INFO] - Checking timeout

2021-11-23 16:38:09 - [MESSAGE][INFO] - Finding web element with id: 'Object Repository/Olusturma/Genel/AliciBilgisi/Alici_Bilgisi' located by 'By.xpath: //iframe[@id='customerselectiframe']' in '10' second(s)

2021-11-23 16:38:09 - [MESSAGE][INFO] - Smart Wait Function is triggered

2021-11-23 16:38:09 - [MESSAGE][INFO] - Found 1 web elements with id: 'Object Repository/Olusturma/Genel/AliciBilgisi/Alici_Bilgisi' located by 'By.xpath: //iframe[@id='customerselectiframe']' in '10' second(s)

2021-11-23 16:38:09 - [MESSAGE][INFO] - Switched to iframe: 'Object Repository/Olusturma/Genel/AliciBilgisi/Alici_Bilgisi'

2021-11-23 16:38:09 - [MESSAGE][INFO] - Finding web element from Test Object's properties

2021-11-23 16:38:09 - [MESSAGE][INFO] - Checking timeout

2021-11-23 16:38:09 - [MESSAGE][INFO] - Finding web element with id: 'Object Repository/Olusturma/Genel/AliciBilgisi/Tamam_Butonu' located by 'By.xpath: //div[@id='btnSelectCustomer_CD']/span' in '10' second(s)

2021-11-23 16:38:09 - [MESSAGE][INFO] - Smart Wait Function is triggered

2021-11-23 16:38:09 - [MESSAGE][INFO] - Found 1 web elements with id: 'Object Repository/Olusturma/Genel/AliciBilgisi/Tamam_Butonu' located by 'By.xpath: //div[@id='btnSelectCustomer_CD']/span' in '10' second(s)

2021-11-23 16:38:09 - [MESSAGE][PASSED] - Object 'Object Repository/Olusturma/Genel/AliciBilgisi/Tamam_Butonu' is clickable

2021-11-23 16:38:09 - [MESSAGE][INFO] - Switching to default content

2021-11-23 16:38:09 - [TEST_STEP][PASSED] - click(findTestObject("Olusturma/Genel/AliciBilgisi/Tamam_Butonu")): Switching to default content

2021-11-23 16:38:09 - [MESSAGE][INFO] - Finding Test Object 'Object Repository/Olusturma/Genel/AliciBilgisi/Tamam_Butonu'

2021-11-23 16:38:09 - [MESSAGE][INFO] - Finding Test Object 'Object Repository/Olusturma/Genel/AliciBilgisi/Alici_Bilgisi'

2021-11-23 16:38:09 - [MESSAGE][INFO] - Checking object

2021-11-23 16:38:09 - [MESSAGE][INFO] - Object: 'Object Repository/Olusturma/Genel/AliciBilgisi/Tamam_Butonu' has parent object(s)

2021-11-23 16:38:09 - [MESSAGE][INFO] - Switching to iframe: 'Object Repository/Olusturma/Genel/AliciBilgisi/Alici_Bilgisi'

2021-11-23 16:38:09 - [MESSAGE][INFO] - Finding web element from Test Object's properties

2021-11-23 16:38:09 - [MESSAGE][INFO] - Checking timeout

2021-11-23 16:38:09 - [MESSAGE][INFO] - Finding web element with id: 'Object Repository/Olusturma/Genel/AliciBilgisi/Alici_Bilgisi' located by 'By.xpath: //iframe[@id='customerselectiframe']' in '30' second(s)

2021-11-23 16:38:09 - [MESSAGE][INFO] - Smart Wait Function is triggered

2021-11-23 16:38:09 - [MESSAGE][INFO] - Found 1 web elements with id: 'Object Repository/Olusturma/Genel/AliciBilgisi/Alici_Bilgisi' located by 'By.xpath: //iframe[@id='customerselectiframe']' in '30' second(s)

2021-11-23 16:38:09 - [MESSAGE][INFO] - Switched to iframe: 'Object Repository/Olusturma/Genel/AliciBilgisi/Alici_Bilgisi'

2021-11-23 16:38:09 - [MESSAGE][INFO] - Finding web element from Test Object's properties

2021-11-23 16:38:09 - [MESSAGE][INFO] - Checking timeout

2021-11-23 16:38:09 - [MESSAGE][INFO] - Finding web element with id: 'Object Repository/Olusturma/Genel/AliciBilgisi/Tamam_Butonu' located by 'By.xpath: //div[@id='btnSelectCustomer_CD']/span' in '30' second(s)

2021-11-23 16:38:09 - [MESSAGE][INFO] - Smart Wait Function is triggered

2021-11-23 16:38:09 - [MESSAGE][INFO] - Found 1 web elements with id: 'Object Repository/Olusturma/Genel/AliciBilgisi/Tamam_Butonu' located by 'By.xpath: //div[@id='btnSelectCustomer_CD']/span' in '30' second(s)

2021-11-23 16:38:09 - [MESSAGE][INFO] - Clicking on object: 'Object Repository/Olusturma/Genel/AliciBilgisi/Tamam_Butonu'

2021-11-23 16:38:10 - [MESSAGE][PASSED] - Object: 'Object Repository/Olusturma/Genel/AliciBilgisi/Tamam_Butonu' is clicked on

2021-11-23 16:38:10 - [MESSAGE][INFO] - Switching to default content

2021-11-23 16:38:10 - [TEST_STEP][PASSED] - waitForElementPresent(findTestObject("Olusturma/Genel/AliciBilgisi/VKN-TCKN"), 10): Object 'Object Repository/Olusturma/Genel/AliciBilgisi/VKN-TCKN' is present

2021-11-23 16:38:10 - [MESSAGE][INFO] - Finding Test Object 'Object Repository/Olusturma/Genel/AliciBilgisi/VKN-TCKN'

2021-11-23 16:38:10 - [MESSAGE][INFO] - Checking object

2021-11-23 16:38:10 - [MESSAGE][INFO] - Finding web element from Test Object's properties

2021-11-23 16:38:10 - [MESSAGE][INFO] - Checking timeout

2021-11-23 16:38:10 - [MESSAGE][INFO] - Finding web element with id: 'Object Repository/Olusturma/Genel/AliciBilgisi/VKN-TCKN' located by 'By.xpath: //*[@id = 'txtVknTckn_I']' in '10' second(s)

2021-11-23 16:38:10 - [MESSAGE][INFO] - Smart Wait Function is triggered

2021-11-23 16:38:10 - [MESSAGE][INFO] - Found 1 web elements with id: 'Object Repository/Olusturma/Genel/AliciBilgisi/VKN-TCKN' located by 'By.xpath: //*[@id = 'txtVknTckn_I']' in '10' second(s)

2021-11-23 16:38:10 - [MESSAGE][PASSED] - Object 'Object Repository/Olusturma/Genel/AliciBilgisi/VKN-TCKN' is present

2021-11-23 16:38:10 - [TEST_STEP][PASSED] - text = getAttribute(findTestObject("Olusturma/Genel/AliciBilgisi/VKN-TCKN"), "value"): Attribute 'value' of object 'Object Repository/Olusturma/Genel/AliciBilgisi/VKN-TCKN' is: '5325240898'

2021-11-23 16:38:10 - [MESSAGE][INFO] - Finding Test Object 'Object Repository/Olusturma/Genel/AliciBilgisi/VKN-TCKN'

2021-11-23 16:38:10 - [MESSAGE][INFO] - Checking object

2021-11-23 16:38:10 - [MESSAGE][INFO] - Checking attribute

2021-11-23 16:38:10 - [MESSAGE][INFO] - Finding web element from Test Object's properties

2021-11-23 16:38:10 - [MESSAGE][INFO] - Checking timeout

2021-11-23 16:38:10 - [MESSAGE][INFO] - Finding web element with id: 'Object Repository/Olusturma/Genel/AliciBilgisi/VKN-TCKN' located by 'By.xpath: //*[@id = 'txtVknTckn_I']' in '30' second(s)

2021-11-23 16:38:10 - [MESSAGE][INFO] - Smart Wait Function is triggered

2021-11-23 16:38:11 - [MESSAGE][INFO] - Found 1 web elements with id: 'Object Repository/Olusturma/Genel/AliciBilgisi/VKN-TCKN' located by 'By.xpath: //*[@id = 'txtVknTckn_I']' in '30' second(s)

2021-11-23 16:38:11 - [MESSAGE][INFO] - Getting attribute 'value' of object 'Object Repository/Olusturma/Genel/AliciBilgisi/VKN-TCKN'

2021-11-23 16:38:11 - [MESSAGE][PASSED] - Attribute 'value' of object 'Object Repository/Olusturma/Genel/AliciBilgisi/VKN-TCKN' is: '5325240898'

2021-11-23 16:38:11 - [TEST_STEP][PASSED] - if (text.equals("")): null

2021-11-23 16:38:11 - [MESSAGE][PASSED] - Call Test Case 'Test Cases/Olusturma/Genel/AliciSecilir' successfully

2021-11-23 16:38:11 - [MESSAGE][INFO] - Checking called Test Case

2021-11-23 16:38:11 - [MESSAGE][INFO] - Starting to call Test Case 'Test Cases/Olusturma/Genel/GonderimSekliSecilir'

2021-11-23 16:38:11 - [TEST_CASE][PASSED] - Test Cases/Olusturma/Genel/GonderimSekliSecilir: Test Cases/Olusturma/Genel/GonderimSekliSecilir

2021-11-23 16:38:11 - [TEST_STEP][PASSED] - waitForElementClickable(findTestObject("Object Repository/Olusturma/Genel/GonderimSekli/GonderimSekli"), 10): Object 'Object Repository/Olusturma/Genel/GonderimSekli/GonderimSekli' is clickable

2021-11-23 16:38:11 - [MESSAGE][INFO] - Finding Test Object 'Object Repository/Olusturma/Genel/GonderimSekli/GonderimSekli'

2021-11-23 16:38:11 - [MESSAGE][INFO] - Checking object

2021-11-23 16:38:11 - [MESSAGE][INFO] - Checking timeout

2021-11-23 16:38:11 - [MESSAGE][INFO] - Finding web element from Test Object's properties

2021-11-23 16:38:11 - [MESSAGE][INFO] - Checking timeout

2021-11-23 16:38:11 - [MESSAGE][INFO] - Finding web element with id: 'Object Repository/Olusturma/Genel/GonderimSekli/GonderimSekli' located by 'By.xpath: //*[@id = 'txtGonderimSekil_I']' in '10' second(s)

2021-11-23 16:38:11 - [MESSAGE][INFO] - Smart Wait Function is triggered

2021-11-23 16:38:11 - [MESSAGE][INFO] - Found 1 web elements with id: 'Object Repository/Olusturma/Genel/GonderimSekli/GonderimSekli' located by 'By.xpath: //*[@id = 'txtGonderimSekil_I']' in '10' second(s)

2021-11-23 16:38:11 - [MESSAGE][PASSED] - Object 'Object Repository/Olusturma/Genel/GonderimSekli/GonderimSekli' is clickable

2021-11-23 16:38:11 - [TEST_STEP][PASSED] - click(findTestObject("Object Repository/Olusturma/Genel/GonderimSekli/GonderimSekli")): Object: 'Object Repository/Olusturma/Genel/GonderimSekli/GonderimSekli' is clicked on

2021-11-23 16:38:11 - [MESSAGE][INFO] - Finding Test Object 'Object Repository/Olusturma/Genel/GonderimSekli/GonderimSekli'

2021-11-23 16:38:11 - [MESSAGE][INFO] - Checking object

2021-11-23 16:38:11 - [MESSAGE][INFO] - Finding web element from Test Object's properties

2021-11-23 16:38:11 - [MESSAGE][INFO] - Checking timeout

2021-11-23 16:38:11 - [MESSAGE][INFO] - Finding web element with id: 'Object Repository/Olusturma/Genel/GonderimSekli/GonderimSekli' located by 'By.xpath: //*[@id = 'txtGonderimSekil_I']' in '30' second(s)

2021-11-23 16:38:11 - [MESSAGE][INFO] - Smart Wait Function is triggered

2021-11-23 16:38:12 - [MESSAGE][INFO] - Found 1 web elements with id: 'Object Repository/Olusturma/Genel/GonderimSekli/GonderimSekli' located by 'By.xpath: //*[@id = 'txtGonderimSekil_I']' in '30' second(s)

2021-11-23 16:38:12 - [MESSAGE][INFO] - Clicking on object: 'Object Repository/Olusturma/Genel/GonderimSekli/GonderimSekli'

2021-11-23 16:38:12 - [MESSAGE][PASSED] - Object: 'Object Repository/Olusturma/Genel/GonderimSekli/GonderimSekli' is clicked on

2021-11-23 16:38:12 - [TEST_STEP][PASSED] - Method.TextDegerineEsitElementeTikla(findTestObject("Object Repository/Olusturma/Genel/GonderimSekli/GonderimSekliAdi"), GonderimSekli): Method.TextDegerineEsitElementeTikla is PASSED

2021-11-23 16:38:12 - [MESSAGE][INFO] - Finding Test Object 'Object Repository/Olusturma/Genel/GonderimSekli/GonderimSekliAdi'

2021-11-23 16:38:12 - [MESSAGE][INFO] - Checking timeout

2021-11-23 16:38:12 - [MESSAGE][INFO] - Finding web element with id: 'Object Repository/Olusturma/Genel/GonderimSekli/GonderimSekliAdi' located by 'By.cssSelector: #txtGonderimSekil_DDD_L_LBT td' in '10' second(s)

2021-11-23 16:38:12 - [MESSAGE][INFO] - Smart Wait Function is triggered

2021-11-23 16:38:12 - [MESSAGE][INFO] - Found 2 web elements with id: 'Object Repository/Olusturma/Genel/GonderimSekli/GonderimSekliAdi' located by 'By.cssSelector: #txtGonderimSekil_DDD_L_LBT td' in '10' second(s)

2021-11-23 16:38:12 - [MESSAGE][PASSED] - Method.TextDegerineEsitElementeTikla is PASSED

2021-11-23 16:38:12 - [MESSAGE][PASSED] - Call Test Case 'Test Cases/Olusturma/Genel/GonderimSekliSecilir' successfully

2021-11-23 16:38:12 - [MESSAGE][INFO] - Checking called Test Case

2021-11-23 16:38:12 - [MESSAGE][INFO] - Starting to call Test Case 'Test Cases/Olusturma/Genel/TipSecilir'

2021-11-23 16:38:13 - [TEST_CASE][PASSED] - Test Cases/Olusturma/Genel/TipSecilir: Test Cases/Olusturma/Genel/TipSecilir

2021-11-23 16:38:13 - [TEST_STEP][PASSED] - waitForElementClickable(findTestObject("Olusturma/Genel/TipSecilir/Tip"), 10): Object 'Object Repository/Olusturma/Genel/TipSecilir/Tip' is clickable

2021-11-23 16:38:13 - [MESSAGE][INFO] - Finding Test Object 'Object Repository/Olusturma/Genel/TipSecilir/Tip'

2021-11-23 16:38:13 - [MESSAGE][INFO] - Checking object

2021-11-23 16:38:13 - [MESSAGE][INFO] - Checking timeout

2021-11-23 16:38:13 - [MESSAGE][INFO] - Finding web element from Test Object's properties

2021-11-23 16:38:13 - [MESSAGE][INFO] - Checking timeout

2021-11-23 16:38:13 - [MESSAGE][INFO] - Finding web element with id: 'Object Repository/Olusturma/Genel/TipSecilir/Tip' located by 'By.xpath: //*[@id = 'DocumentTypeCode_I']' in '10' second(s)

2021-11-23 16:38:13 - [MESSAGE][INFO] - Smart Wait Function is triggered

2021-11-23 16:38:13 - [MESSAGE][INFO] - Found 1 web elements with id: 'Object Repository/Olusturma/Genel/TipSecilir/Tip' located by 'By.xpath: //*[@id = 'DocumentTypeCode_I']' in '10' second(s)

2021-11-23 16:38:13 - [MESSAGE][PASSED] - Object 'Object Repository/Olusturma/Genel/TipSecilir/Tip' is clickable

2021-11-23 16:38:13 - [TEST_STEP][PASSED] - click(findTestObject("Olusturma/Genel/TipSecilir/Tip")): Object: 'Object Repository/Olusturma/Genel/TipSecilir/Tip' is clicked on

2021-11-23 16:38:13 - [MESSAGE][INFO] - Finding Test Object 'Object Repository/Olusturma/Genel/TipSecilir/Tip'

2021-11-23 16:38:13 - [MESSAGE][INFO] - Checking object

2021-11-23 16:38:13 - [MESSAGE][INFO] - Finding web element from Test Object's properties

2021-11-23 16:38:13 - [MESSAGE][INFO] - Checking timeout

2021-11-23 16:38:13 - [MESSAGE][INFO] - Finding web element with id: 'Object Repository/Olusturma/Genel/TipSecilir/Tip' located by 'By.xpath: //*[@id = 'DocumentTypeCode_I']' in '30' second(s)

2021-11-23 16:38:13 - [MESSAGE][INFO] - Smart Wait Function is triggered

2021-11-23 16:38:13 - [MESSAGE][INFO] - Found 1 web elements with id: 'Object Repository/Olusturma/Genel/TipSecilir/Tip' located by 'By.xpath: //*[@id = 'DocumentTypeCode_I']' in '30' second(s)

2021-11-23 16:38:13 - [MESSAGE][INFO] - Clicking on object: 'Object Repository/Olusturma/Genel/TipSecilir/Tip'

2021-11-23 16:38:13 - [MESSAGE][PASSED] - Object: 'Object Repository/Olusturma/Genel/TipSecilir/Tip' is clicked on

2021-11-23 16:38:13 - [TEST_STEP][PASSED] - Method.TextDegerineEsitElementeTikla(findTestObject("Object Repository/Olusturma/Genel/TipSecilir/Tip_Adi"), Tip): Method.TextDegerineEsitElementeTikla is PASSED

2021-11-23 16:38:13 - [MESSAGE][INFO] - Finding Test Object 'Object Repository/Olusturma/Genel/TipSecilir/Tip_Adi'

2021-11-23 16:38:14 - [MESSAGE][INFO] - Checking timeout

2021-11-23 16:38:14 - [MESSAGE][INFO] - Finding web element with id: 'Object Repository/Olusturma/Genel/TipSecilir/Tip_Adi' located by 'By.cssSelector: #DocumentTypeCode_DDD_L_LBT td' in '10' second(s)

2021-11-23 16:38:14 - [MESSAGE][INFO] - Smart Wait Function is triggered

2021-11-23 16:38:14 - [MESSAGE][INFO] - Found 9 web elements with id: 'Object Repository/Olusturma/Genel/TipSecilir/Tip_Adi' located by 'By.cssSelector: #DocumentTypeCode_DDD_L_LBT td' in '10' second(s)

2021-11-23 16:38:14 - [MESSAGE][PASSED] - Method.TextDegerineEsitElementeTikla is PASSED

2021-11-23 16:38:14 - [MESSAGE][PASSED] - Call Test Case 'Test Cases/Olusturma/Genel/TipSecilir' successfully

2021-11-23 16:38:14 - [MESSAGE][INFO] - Checking called Test Case

2021-11-23 16:38:14 - [MESSAGE][INFO] - Starting to call Test Case 'Test Cases/Olusturma/Genel/DokumanParaBirimiSecilir'

2021-11-23 16:38:14 - [TEST_CASE][PASSED] - Test Cases/Olusturma/Genel/DokumanParaBirimiSecilir: Test Cases/Olusturma/Genel/DokumanParaBirimiSecilir

2021-11-23 16:38:14 - [TEST_STEP][PASSED] - waitForElementClickable(findTestObject("Object Repository/Olusturma/Genel/DokumanParaBirimiSecilir/Para"), 10): Object 'Object Repository/Olusturma/Genel/DokumanParaBirimiSecilir/Para' is clickable

2021-11-23 16:38:14 - [MESSAGE][INFO] - Finding Test Object 'Object Repository/Olusturma/Genel/DokumanParaBirimiSecilir/Para'

2021-11-23 16:38:15 - [MESSAGE][INFO] - Checking object

2021-11-23 16:38:15 - [MESSAGE][INFO] - Checking timeout

2021-11-23 16:38:15 - [MESSAGE][INFO] - Finding web element from Test Object's properties

2021-11-23 16:38:15 - [MESSAGE][INFO] - Checking timeout

2021-11-23 16:38:15 - [MESSAGE][INFO] - Finding web element with id: 'Object Repository/Olusturma/Genel/DokumanParaBirimiSecilir/Para' located by 'By.xpath: //*[@id = 'CurrencyUnit_I']' in '10' second(s)

2021-11-23 16:38:15 - [MESSAGE][INFO] - Smart Wait Function is triggered

2021-11-23 16:38:16 - [MESSAGE][INFO] - Found 1 web elements with id: 'Object Repository/Olusturma/Genel/DokumanParaBirimiSecilir/Para' located by 'By.xpath: //*[@id = 'CurrencyUnit_I']' in '10' second(s)

2021-11-23 16:38:16 - [MESSAGE][PASSED] - Object 'Object Repository/Olusturma/Genel/DokumanParaBirimiSecilir/Para' is clickable

2021-11-23 16:38:16 - [TEST_STEP][PASSED] - click(findTestObject("Object Repository/Olusturma/Genel/DokumanParaBirimiSecilir/Para")): Object: 'Object Repository/Olusturma/Genel/DokumanParaBirimiSecilir/Para' is clicked on

2021-11-23 16:38:16 - [MESSAGE][INFO] - Finding Test Object 'Object Repository/Olusturma/Genel/DokumanParaBirimiSecilir/Para'

2021-11-23 16:38:16 - [MESSAGE][INFO] - Checking object

2021-11-23 16:38:16 - [MESSAGE][INFO] - Finding web element from Test Object's properties

2021-11-23 16:38:16 - [MESSAGE][INFO] - Checking timeout

2021-11-23 16:38:16 - [MESSAGE][INFO] - Finding web element with id: 'Object Repository/Olusturma/Genel/DokumanParaBirimiSecilir/Para' located by 'By.xpath: //*[@id = 'CurrencyUnit_I']' in '30' second(s)

2021-11-23 16:38:16 - [MESSAGE][INFO] - Smart Wait Function is triggered

2021-11-23 16:38:16 - [MESSAGE][INFO] - Found 1 web elements with id: 'Object Repository/Olusturma/Genel/DokumanParaBirimiSecilir/Para' located by 'By.xpath: //*[@id = 'CurrencyUnit_I']' in '30' second(s)

2021-11-23 16:38:16 - [MESSAGE][INFO] - Clicking on object: 'Object Repository/Olusturma/Genel/DokumanParaBirimiSecilir/Para'

2021-11-23 16:38:17 - [MESSAGE][PASSED] - Object: 'Object Repository/Olusturma/Genel/DokumanParaBirimiSecilir/Para' is clicked on

2021-11-23 16:38:17 - [TEST_STEP][PASSED] - Method.TextDegerineEsitElementeTikla(findTestObject("Object Repository/Olusturma/Genel/DokumanParaBirimiSecilir/Para_Adi"), Para): Method.TextDegerineEsitElementeTikla is PASSED

2021-11-23 16:38:17 - [MESSAGE][INFO] - Finding Test Object 'Object Repository/Olusturma/Genel/DokumanParaBirimiSecilir/Para_Adi'

2021-11-23 16:38:17 - [MESSAGE][INFO] - Checking timeout

2021-11-23 16:38:17 - [MESSAGE][INFO] - Finding web element with id: 'Object Repository/Olusturma/Genel/DokumanParaBirimiSecilir/Para_Adi' located by 'By.cssSelector: #CurrencyUnit_DDD_L_LBT td' in '10' second(s)

2021-11-23 16:38:17 - [MESSAGE][INFO] - Smart Wait Function is triggered

2021-11-23 16:38:17 - [MESSAGE][INFO] - Found 203 web elements with id: 'Object Repository/Olusturma/Genel/DokumanParaBirimiSecilir/Para_Adi' located by 'By.cssSelector: #CurrencyUnit_DDD_L_LBT td' in '10' second(s)

2021-11-23 16:38:24 - [MESSAGE][PASSED] - Method.TextDegerineEsitElementeTikla is PASSED

2021-11-23 16:38:24 - [MESSAGE][PASSED] - Call Test Case 'Test Cases/Olusturma/Genel/DokumanParaBirimiSecilir' successfully

2021-11-23 16:38:24 - [MESSAGE][INFO] - Checking called Test Case

2021-11-23 16:38:24 - [MESSAGE][INFO] - Starting to call Test Case 'Test Cases/Olusturma/Genel/OnEkSecilir'

2021-11-23 16:38:24 - [TEST_CASE][PASSED] - Test Cases/Olusturma/Genel/OnEkSecilir: Test Cases/Olusturma/Genel/OnEkSecilir

2021-11-23 16:38:24 - [TEST_STEP][PASSED] - waitForElementClickable(findTestObject("Object Repository/Olusturma/Genel/OnEkSecilir/OnEk"), 10): Object 'Object Repository/Olusturma/Genel/OnEkSecilir/OnEk' is clickable

2021-11-23 16:38:24 - [MESSAGE][INFO] - Finding Test Object 'Object Repository/Olusturma/Genel/OnEkSecilir/OnEk'

2021-11-23 16:38:24 - [MESSAGE][INFO] - Checking object

2021-11-23 16:38:24 - [MESSAGE][INFO] - Checking timeout

2021-11-23 16:38:24 - [MESSAGE][INFO] - Finding web element from Test Object's properties

2021-11-23 16:38:24 - [MESSAGE][INFO] - Checking timeout

2021-11-23 16:38:24 - [MESSAGE][INFO] - Finding web element with id: 'Object Repository/Olusturma/Genel/OnEkSecilir/OnEk' located by 'By.xpath: //*[@id = 'InvoicePrefix_I']' in '10' second(s)

2021-11-23 16:38:24 - [MESSAGE][INFO] - Smart Wait Function is triggered

2021-11-23 16:38:24 - [MESSAGE][INFO] - Found 1 web elements with id: 'Object Repository/Olusturma/Genel/OnEkSecilir/OnEk' located by 'By.xpath: //*[@id = 'InvoicePrefix_I']' in '10' second(s)

2021-11-23 16:38:24 - [MESSAGE][PASSED] - Object 'Object Repository/Olusturma/Genel/OnEkSecilir/OnEk' is clickable

2021-11-23 16:38:24 - [TEST_STEP][PASSED] - click(findTestObject("Object Repository/Olusturma/Genel/OnEkSecilir/OnEk")): Object: 'Object Repository/Olusturma/Genel/OnEkSecilir/OnEk' is clicked on

2021-11-23 16:38:24 - [MESSAGE][INFO] - Finding Test Object 'Object Repository/Olusturma/Genel/OnEkSecilir/OnEk'

2021-11-23 16:38:25 - [MESSAGE][INFO] - Checking object

2021-11-23 16:38:25 - [MESSAGE][INFO] - Finding web element from Test Object's properties

2021-11-23 16:38:25 - [MESSAGE][INFO] - Checking timeout

2021-11-23 16:38:25 - [MESSAGE][INFO] - Finding web element with id: 'Object Repository/Olusturma/Genel/OnEkSecilir/OnEk' located by 'By.xpath: //*[@id = 'InvoicePrefix_I']' in '30' second(s)

2021-11-23 16:38:25 - [MESSAGE][INFO] - Smart Wait Function is triggered

2021-11-23 16:38:25 - [MESSAGE][INFO] - Found 1 web elements with id: 'Object Repository/Olusturma/Genel/OnEkSecilir/OnEk' located by 'By.xpath: //*[@id = 'InvoicePrefix_I']' in '30' second(s)

2021-11-23 16:38:25 - [MESSAGE][INFO] - Clicking on object: 'Object Repository/Olusturma/Genel/OnEkSecilir/OnEk'

2021-11-23 16:38:25 - [MESSAGE][PASSED] - Object: 'Object Repository/Olusturma/Genel/OnEkSecilir/OnEk' is clicked on

2021-11-23 16:38:25 - [TEST_STEP][PASSED] - Method.TextDegerineEsitElementeTiklaEquals(findTestObject("Object Repository/Olusturma/Genel/OnEkSecilir/OnEkAdi"), Ek): Method.TextDegerineEsitElementeTiklaEquals is PASSED

2021-11-23 16:38:25 - [MESSAGE][INFO] - Finding Test Object 'Object Repository/Olusturma/Genel/OnEkSecilir/OnEkAdi'

2021-11-23 16:38:25 - [MESSAGE][INFO] - Checking timeout

2021-11-23 16:38:25 - [MESSAGE][INFO] - Finding web element with id: 'Object Repository/Olusturma/Genel/OnEkSecilir/OnEkAdi' located by 'By.cssSelector: #InvoicePrefix_DDD_L_LBT td' in '10' second(s)

2021-11-23 16:38:25 - [MESSAGE][INFO] - Smart Wait Function is triggered

2021-11-23 16:38:25 - [MESSAGE][INFO] - Found 1 web elements with id: 'Object Repository/Olusturma/Genel/OnEkSecilir/OnEkAdi' located by 'By.cssSelector: #InvoicePrefix_DDD_L_LBT td' in '10' second(s)

2021-11-23 16:38:26 - [MESSAGE][PASSED] - Method.TextDegerineEsitElementeTiklaEquals is PASSED

2021-11-23 16:38:26 - [MESSAGE][PASSED] - Call Test Case 'Test Cases/Olusturma/Genel/OnEkSecilir' successfully

2021-11-23 16:38:26 - [MESSAGE][INFO] - Checking called Test Case

2021-11-23 16:38:26 - [MESSAGE][INFO] - Starting to call Test Case 'Test Cases/Olusturma/Genel/TasarimSecilir'

2021-11-23 16:38:26 - [TEST_CASE][PASSED] - Test Cases/Olusturma/Genel/TasarimSecilir: Test Cases/Olusturma/Genel/TasarimSecilir

2021-11-23 16:38:26 - [TEST_STEP][PASSED] - waitForElementClickable(findTestObject("Object Repository/Olusturma/Genel/TasarimSecilir/Tasarim"), 10): Object 'Object Repository/Olusturma/Genel/TasarimSecilir/Tasarim' is clickable

2021-11-23 16:38:26 - [MESSAGE][INFO] - Finding Test Object 'Object Repository/Olusturma/Genel/TasarimSecilir/Tasarim'

2021-11-23 16:38:26 - [MESSAGE][INFO] - Checking object

2021-11-23 16:38:26 - [MESSAGE][INFO] - Checking timeout

2021-11-23 16:38:26 - [MESSAGE][INFO] - Finding web element from Test Object's properties

2021-11-23 16:38:26 - [MESSAGE][INFO] - Checking timeout

2021-11-23 16:38:26 - [MESSAGE][INFO] - Finding web element with id: 'Object Repository/Olusturma/Genel/TasarimSecilir/Tasarim' located by 'By.xpath: //*[@id = 'DesignId_I']' in '10' second(s)

2021-11-23 16:38:26 - [MESSAGE][INFO] - Smart Wait Function is triggered

2021-11-23 16:38:26 - [MESSAGE][INFO] - Found 1 web elements with id: 'Object Repository/Olusturma/Genel/TasarimSecilir/Tasarim' located by 'By.xpath: //*[@id = 'DesignId_I']' in '10' second(s)

2021-11-23 16:38:26 - [MESSAGE][PASSED] - Object 'Object Repository/Olusturma/Genel/TasarimSecilir/Tasarim' is clickable

2021-11-23 16:38:26 - [TEST_STEP][PASSED] - click(findTestObject("Object Repository/Olusturma/Genel/TasarimSecilir/Tasarim")): Object: 'Object Repository/Olusturma/Genel/TasarimSecilir/Tasarim' is clicked on

2021-11-23 16:38:26 - [MESSAGE][INFO] - Finding Test Object 'Object Repository/Olusturma/Genel/TasarimSecilir/Tasarim'

2021-11-23 16:38:26 - [MESSAGE][INFO] - Checking object

2021-11-23 16:38:26 - [MESSAGE][INFO] - Finding web element from Test Object's properties

2021-11-23 16:38:26 - [MESSAGE][INFO] - Checking timeout

2021-11-23 16:38:26 - [MESSAGE][INFO] - Finding web element with id: 'Object Repository/Olusturma/Genel/TasarimSecilir/Tasarim' located by 'By.xpath: //*[@id = 'DesignId_I']' in '30' second(s)

2021-11-23 16:38:26 - [MESSAGE][INFO] - Smart Wait Function is triggered

2021-11-23 16:38:26 - [MESSAGE][INFO] - Found 1 web elements with id: 'Object Repository/Olusturma/Genel/TasarimSecilir/Tasarim' located by 'By.xpath: //*[@id = 'DesignId_I']' in '30' second(s)

2021-11-23 16:38:26 - [MESSAGE][INFO] - Clicking on object: 'Object Repository/Olusturma/Genel/TasarimSecilir/Tasarim'

2021-11-23 16:38:27 - [MESSAGE][PASSED] - Object: 'Object Repository/Olusturma/Genel/TasarimSecilir/Tasarim' is clicked on

2021-11-23 16:38:27 - [TEST_STEP][PASSED] - Method.TextDegerineEsitElementeTikla(findTestObject("Object Repository/Olusturma/Genel/TasarimSecilir/Tasarim_Adi"), Tasarim): Method.TextDegerineEsitElementeTikla is PASSED

2021-11-23 16:38:27 - [MESSAGE][INFO] - Finding Test Object 'Object Repository/Olusturma/Genel/TasarimSecilir/Tasarim_Adi'

2021-11-23 16:38:27 - [MESSAGE][INFO] - Checking timeout

2021-11-23 16:38:27 - [MESSAGE][INFO] - Finding web element with id: 'Object Repository/Olusturma/Genel/TasarimSecilir/Tasarim_Adi' located by 'By.cssSelector: #DesignId_DDD_L_LBT td' in '10' second(s)

2021-11-23 16:38:27 - [MESSAGE][INFO] - Smart Wait Function is triggered

2021-11-23 16:38:27 - [MESSAGE][INFO] - Found 1 web elements with id: 'Object Repository/Olusturma/Genel/TasarimSecilir/Tasarim_Adi' located by 'By.cssSelector: #DesignId_DDD_L_LBT td' in '10' second(s)

2021-11-23 16:38:27 - [MESSAGE][PASSED] - Method.TextDegerineEsitElementeTikla is PASSED

2021-11-23 16:38:27 - [MESSAGE][PASSED] - Call Test Case 'Test Cases/Olusturma/Genel/TasarimSecilir' successfully

2021-11-23 16:38:27 - [MESSAGE][INFO] - Checking called Test Case

2021-11-23 16:38:27 - [MESSAGE][INFO] - Starting to call Test Case 'Test Cases/Olusturma/Genel/Kutular/SiparisBilgileriGirilir'

2021-11-23 16:38:27 - [TEST_CASE][PASSED] - Test Cases/Olusturma/Genel/Kutular/SiparisBilgileriGirilir: Test Cases/Olusturma/Genel/Kutular/SiparisBilgileriGirilir

2021-11-23 16:38:27 - [TEST_STEP][PASSED] - Method.TextDegerineEsitElementeTikla(findTestObject("Olusturma/Genel/Kutular/KapaliKutular"), "Sipariş Bilgileri"): Method.TextDegerineEsitElementeTikla is PASSED

2021-11-23 16:38:27 - [MESSAGE][INFO] - Finding Test Object 'Object Repository/Olusturma/Genel/Kutular/KapaliKutular'

2021-11-23 16:38:28 - [MESSAGE][INFO] - Checking timeout

2021-11-23 16:38:28 - [MESSAGE][INFO] - Finding web element with id: 'Object Repository/Olusturma/Genel/Kutular/KapaliKutular' located by 'By.cssSelector: .dxnb-headerCollapsed>span' in '10' second(s)

2021-11-23 16:38:28 - [MESSAGE][INFO] - Smart Wait Function is triggered

2021-11-23 16:38:28 - [MESSAGE][INFO] - Found 8 web elements with id: 'Object Repository/Olusturma/Genel/Kutular/KapaliKutular' located by 'By.cssSelector: .dxnb-headerCollapsed>span' in '10' second(s)

2021-11-23 16:38:28 - [MESSAGE][PASSED] - Method.TextDegerineEsitElementeTikla is PASSED

2021-11-23 16:38:28 - [TEST_STEP][PASSED] - waitForElementPresent(findTestObject("Object Repository/Olusturma/Genel/Kutular/SiparisBilgileri/SiparisNo"), 10): Object 'Object Repository/Olusturma/Genel/Kutular/SiparisBilgileri/SiparisNo' is present

2021-11-23 16:38:28 - [MESSAGE][INFO] - Finding Test Object 'Object Repository/Olusturma/Genel/Kutular/SiparisBilgileri/SiparisNo'

2021-11-23 16:38:28 - [MESSAGE][INFO] - Checking object

2021-11-23 16:38:28 - [MESSAGE][INFO] - Finding web element from Test Object's properties

2021-11-23 16:38:28 - [MESSAGE][INFO] - Checking timeout

2021-11-23 16:38:28 - [MESSAGE][INFO] - Finding web element with id: 'Object Repository/Olusturma/Genel/Kutular/SiparisBilgileri/SiparisNo' located by 'By.xpath: //*[@id = 'txtSiparisNo_I']' in '10' second(s)

2021-11-23 16:38:28 - [MESSAGE][INFO] - Smart Wait Function is triggered

2021-11-23 16:38:29 - [MESSAGE][INFO] - Found 1 web elements with id: 'Object Repository/Olusturma/Genel/Kutular/SiparisBilgileri/SiparisNo' located by 'By.xpath: //*[@id = 'txtSiparisNo_I']' in '10' second(s)

2021-11-23 16:38:29 - [MESSAGE][PASSED] - Object 'Object Repository/Olusturma/Genel/Kutular/SiparisBilgileri/SiparisNo' is present

2021-11-23 16:38:29 - [TEST_STEP][PASSED] - clearText(findTestObject("Object Repository/Olusturma/Genel/Kutular/SiparisBilgileri/SiparisNo")): Text of object 'Object Repository/Olusturma/Genel/Kutular/SiparisBilgileri/SiparisNo' is cleared

2021-11-23 16:38:29 - [MESSAGE][INFO] - Finding Test Object 'Object Repository/Olusturma/Genel/Kutular/SiparisBilgileri/SiparisNo'

2021-11-23 16:38:29 - [MESSAGE][INFO] - Checking object

2021-11-23 16:38:29 - [MESSAGE][INFO] - Finding web element from Test Object's properties

2021-11-23 16:38:29 - [MESSAGE][INFO] - Checking timeout

2021-11-23 16:38:29 - [MESSAGE][INFO] - Finding web element with id: 'Object Repository/Olusturma/Genel/Kutular/SiparisBilgileri/SiparisNo' located by 'By.xpath: //*[@id = 'txtSiparisNo_I']' in '30' second(s)

2021-11-23 16:38:29 - [MESSAGE][INFO] - Smart Wait Function is triggered

2021-11-23 16:38:29 - [MESSAGE][INFO] - Found 1 web elements with id: 'Object Repository/Olusturma/Genel/Kutular/SiparisBilgileri/SiparisNo' located by 'By.xpath: //*[@id = 'txtSiparisNo_I']' in '30' second(s)

2021-11-23 16:38:29 - [MESSAGE][INFO] - Clearing text of object 'Object Repository/Olusturma/Genel/Kutular/SiparisBilgileri/SiparisNo'

2021-11-23 16:38:29 - [MESSAGE][PASSED] - Text of object 'Object Repository/Olusturma/Genel/Kutular/SiparisBilgileri/SiparisNo' is cleared

2021-11-23 16:38:29 - [TEST_STEP][PASSED] - sendKeys(findTestObject("Object Repository/Olusturma/Genel/Kutular/SiparisBilgileri/SiparisNo"), SiparisNo): Keys 'UUC-SAT-1200001' sent to object: 'Object Repository/Olusturma/Genel/Kutular/SiparisBilgileri/SiparisNo'

2021-11-23 16:38:29 - [MESSAGE][INFO] - Finding Test Object 'Object Repository/Olusturma/Genel/Kutular/SiparisBilgileri/SiparisNo'

2021-11-23 16:38:29 - [MESSAGE][INFO] - Sending keys 'UUC-SAT-1200001' to object: 'Object Repository/Olusturma/Genel/Kutular/SiparisBilgileri/SiparisNo'

2021-11-23 16:38:29 - [MESSAGE][INFO] - Finding web element from Test Object's properties

2021-11-23 16:38:29 - [MESSAGE][INFO] - Checking timeout

2021-11-23 16:38:29 - [MESSAGE][INFO] - Finding web element with id: 'Object Repository/Olusturma/Genel/Kutular/SiparisBilgileri/SiparisNo' located by 'By.xpath: //*[@id = 'txtSiparisNo_I']' in '30' second(s)

2021-11-23 16:38:29 - [MESSAGE][INFO] - Smart Wait Function is triggered

2021-11-23 16:38:29 - [MESSAGE][INFO] - Found 1 web elements with id: 'Object Repository/Olusturma/Genel/Kutular/SiparisBilgileri/SiparisNo' located by 'By.xpath: //*[@id = 'txtSiparisNo_I']' in '30' second(s)

2021-11-23 16:38:30 - [MESSAGE][PASSED] - Keys 'UUC-SAT-1200001' sent to object: 'Object Repository/Olusturma/Genel/Kutular/SiparisBilgileri/SiparisNo'

2021-11-23 16:38:30 - [TEST_STEP][PASSED] - waitForElementClickable(findTestObject("Object Repository/Olusturma/Genel/Kutular/SiparisBilgileri/SiparisTarihiImage"), 10): Object 'Object Repository/Olusturma/Genel/Kutular/SiparisBilgileri/SiparisTarihiImage' is clickable

2021-11-23 16:38:30 - [MESSAGE][INFO] - Finding Test Object 'Object Repository/Olusturma/Genel/Kutular/SiparisBilgileri/SiparisTarihiImage'

2021-11-23 16:38:30 - [MESSAGE][INFO] - Checking object

2021-11-23 16:38:30 - [MESSAGE][INFO] - Checking timeout

2021-11-23 16:38:30 - [MESSAGE][INFO] - Finding web element from Test Object's properties

2021-11-23 16:38:30 - [MESSAGE][INFO] - Checking timeout

2021-11-23 16:38:30 - [MESSAGE][INFO] - Finding web element with id: 'Object Repository/Olusturma/Genel/Kutular/SiparisBilgileri/SiparisTarihiImage' located by 'By.cssSelector: #dateSiparisTarih img' in '10' second(s)

2021-11-23 16:38:30 - [MESSAGE][INFO] - Smart Wait Function is triggered

2021-11-23 16:38:30 - [MESSAGE][INFO] - Found 1 web elements with id: 'Object Repository/Olusturma/Genel/Kutular/SiparisBilgileri/SiparisTarihiImage' located by 'By.cssSelector: #dateSiparisTarih img' in '10' second(s)

2021-11-23 16:38:30 - [MESSAGE][PASSED] - Object 'Object Repository/Olusturma/Genel/Kutular/SiparisBilgileri/SiparisTarihiImage' is clickable

2021-11-23 16:38:30 - [TEST_STEP][PASSED] - click(findTestObject("Object Repository/Olusturma/Genel/Kutular/SiparisBilgileri/SiparisTarihiImage")): Object: 'Object Repository/Olusturma/Genel/Kutular/SiparisBilgileri/SiparisTarihiImage' is clicked on

2021-11-23 16:38:30 - [MESSAGE][INFO] - Finding Test Object 'Object Repository/Olusturma/Genel/Kutular/SiparisBilgileri/SiparisTarihiImage'

2021-11-23 16:38:30 - [MESSAGE][INFO] - Checking object

2021-11-23 16:38:30 - [MESSAGE][INFO] - Finding web element from Test Object's properties

2021-11-23 16:38:30 - [MESSAGE][INFO] - Checking timeout

2021-11-23 16:38:30 - [MESSAGE][INFO] - Finding web element with id: 'Object Repository/Olusturma/Genel/Kutular/SiparisBilgileri/SiparisTarihiImage' located by 'By.cssSelector: #dateSiparisTarih img' in '30' second(s)

2021-11-23 16:38:30 - [MESSAGE][INFO] - Smart Wait Function is triggered

2021-11-23 16:38:31 - [MESSAGE][INFO] - Found 1 web elements with id: 'Object Repository/Olusturma/Genel/Kutular/SiparisBilgileri/SiparisTarihiImage' located by 'By.cssSelector: #dateSiparisTarih img' in '30' second(s)

2021-11-23 16:38:31 - [MESSAGE][INFO] - Clicking on object: 'Object Repository/Olusturma/Genel/Kutular/SiparisBilgileri/SiparisTarihiImage'

2021-11-23 16:38:31 - [MESSAGE][PASSED] - Object: 'Object Repository/Olusturma/Genel/Kutular/SiparisBilgileri/SiparisTarihiImage' is clicked on

2021-11-23 16:38:31 - [TEST_STEP][PASSED] - waitForElementPresent(findTestObject("Object Repository/Olusturma/Genel/Kutular/SiparisBilgileri/SiparisTarihi"), 10): Object 'Object Repository/Olusturma/Genel/Kutular/SiparisBilgileri/SiparisTarihi' is present

2021-11-23 16:38:31 - [MESSAGE][INFO] - Finding Test Object 'Object Repository/Olusturma/Genel/Kutular/SiparisBilgileri/SiparisTarihi'

2021-11-23 16:38:31 - [MESSAGE][INFO] - Checking object

2021-11-23 16:38:31 - [MESSAGE][INFO] - Finding web element from Test Object's properties

2021-11-23 16:38:31 - [MESSAGE][INFO] - Checking timeout

2021-11-23 16:38:31 - [MESSAGE][INFO] - Finding web element with id: 'Object Repository/Olusturma/Genel/Kutular/SiparisBilgileri/SiparisTarihi' located by 'By.xpath: //*[@id = 'dateSiparisTarih_I']' in '10' second(s)

2021-11-23 16:38:31 - [MESSAGE][INFO] - Smart Wait Function is triggered

2021-11-23 16:38:31 - [MESSAGE][INFO] - Found 1 web elements with id: 'Object Repository/Olusturma/Genel/Kutular/SiparisBilgileri/SiparisTarihi' located by 'By.xpath: //*[@id = 'dateSiparisTarih_I']' in '10' second(s)

2021-11-23 16:38:31 - [MESSAGE][PASSED] - Object 'Object Repository/Olusturma/Genel/Kutular/SiparisBilgileri/SiparisTarihi' is present

2021-11-23 16:38:31 - [TEST_STEP][PASSED] - clearText(findTestObject("Object Repository/Olusturma/Genel/Kutular/SiparisBilgileri/SiparisTarihi")): Text of object 'Object Repository/Olusturma/Genel/Kutular/SiparisBilgileri/SiparisTarihi' is cleared

2021-11-23 16:38:31 - [MESSAGE][INFO] - Finding Test Object 'Object Repository/Olusturma/Genel/Kutular/SiparisBilgileri/SiparisTarihi'

2021-11-23 16:38:32 - [MESSAGE][INFO] - Checking object

2021-11-23 16:38:32 - [MESSAGE][INFO] - Finding web element from Test Object's properties

2021-11-23 16:38:32 - [MESSAGE][INFO] - Checking timeout

2021-11-23 16:38:32 - [MESSAGE][INFO] - Finding web element with id: 'Object Repository/Olusturma/Genel/Kutular/SiparisBilgileri/SiparisTarihi' located by 'By.xpath: //*[@id = 'dateSiparisTarih_I']' in '30' second(s)

2021-11-23 16:38:32 - [MESSAGE][INFO] - Smart Wait Function is triggered

2021-11-23 16:38:32 - [MESSAGE][INFO] - Found 1 web elements with id: 'Object Repository/Olusturma/Genel/Kutular/SiparisBilgileri/SiparisTarihi' located by 'By.xpath: //*[@id = 'dateSiparisTarih_I']' in '30' second(s)

2021-11-23 16:38:32 - [MESSAGE][INFO] - Clearing text of object 'Object Repository/Olusturma/Genel/Kutular/SiparisBilgileri/SiparisTarihi'

2021-11-23 16:38:32 - [MESSAGE][PASSED] - Text of object 'Object Repository/Olusturma/Genel/Kutular/SiparisBilgileri/SiparisTarihi' is cleared

2021-11-23 16:38:32 - [TEST_STEP][PASSED] - sendKeys(findTestObject("Object Repository/Olusturma/Genel/Kutular/SiparisBilgileri/SiparisTarihi"), Tarih): Keys '30.04.2020' sent to object: 'Object Repository/Olusturma/Genel/Kutular/SiparisBilgileri/SiparisTarihi'

2021-11-23 16:38:32 - [MESSAGE][INFO] - Finding Test Object 'Object Repository/Olusturma/Genel/Kutular/SiparisBilgileri/SiparisTarihi'

2021-11-23 16:38:32 - [MESSAGE][INFO] - Sending keys '30.04.2020' to object: 'Object Repository/Olusturma/Genel/Kutular/SiparisBilgileri/SiparisTarihi'

2021-11-23 16:38:32 - [MESSAGE][INFO] - Finding web element from Test Object's properties

2021-11-23 16:38:32 - [MESSAGE][INFO] - Checking timeout

2021-11-23 16:38:32 - [MESSAGE][INFO] - Finding web element with id: 'Object Repository/Olusturma/Genel/Kutular/SiparisBilgileri/SiparisTarihi' located by 'By.xpath: //*[@id = 'dateSiparisTarih_I']' in '30' second(s)

2021-11-23 16:38:32 - [MESSAGE][INFO] - Smart Wait Function is triggered

2021-11-23 16:38:33 - [MESSAGE][INFO] - Found 1 web elements with id: 'Object Repository/Olusturma/Genel/Kutular/SiparisBilgileri/SiparisTarihi' located by 'By.xpath: //*[@id = 'dateSiparisTarih_I']' in '30' second(s)

2021-11-23 16:38:33 - [MESSAGE][PASSED] - Keys '30.04.2020' sent to object: 'Object Repository/Olusturma/Genel/Kutular/SiparisBilgileri/SiparisTarihi'

2021-11-23 16:38:33 - [MESSAGE][PASSED] - Call Test Case 'Test Cases/Olusturma/Genel/Kutular/SiparisBilgileriGirilir' successfully

2021-11-23 16:38:33 - [MESSAGE][INFO] - Checking called Test Case

2021-11-23 16:38:33 - [MESSAGE][INFO] - Starting to call Test Case 'Test Cases/Olusturma/Genel/Kutular/IrsaliyeBilgileri'

2021-11-23 16:38:33 - [TEST_CASE][PASSED] - Test Cases/Olusturma/Genel/Kutular/IrsaliyeBilgileri: Test Cases/Olusturma/Genel/Kutular/IrsaliyeBilgileri

2021-11-23 16:38:33 - [TEST_STEP][PASSED] - Method.TextDegerineEsitElementeTikla(findTestObject("Olusturma/Genel/Kutular/KapaliKutular"), "İrsaliye Bilgileri"): Method.TextDegerineEsitElementeTikla is PASSED

2021-11-23 16:38:33 - [MESSAGE][INFO] - Finding Test Object 'Object Repository/Olusturma/Genel/Kutular/KapaliKutular'

2021-11-23 16:38:33 - [MESSAGE][INFO] - Checking timeout

2021-11-23 16:38:33 - [MESSAGE][INFO] - Finding web element with id: 'Object Repository/Olusturma/Genel/Kutular/KapaliKutular' located by 'By.cssSelector: .dxnb-headerCollapsed>span' in '10' second(s)

2021-11-23 16:38:33 - [MESSAGE][INFO] - Smart Wait Function is triggered

2021-11-23 16:38:33 - [MESSAGE][INFO] - Found 8 web elements with id: 'Object Repository/Olusturma/Genel/Kutular/KapaliKutular' located by 'By.cssSelector: .dxnb-headerCollapsed>span' in '10' second(s)

2021-11-23 16:38:34 - [MESSAGE][PASSED] - Method.TextDegerineEsitElementeTikla is PASSED

2021-11-23 16:38:34 - [TEST_STEP][PASSED] - waitForElementClickable(findTestObject("Olusturma/Genel/Kutular/IrsaliyeBilgileri/Ekle"), 10): Object 'Object Repository/Olusturma/Genel/Kutular/IrsaliyeBilgileri/Ekle' is clickable

2021-11-23 16:38:34 - [MESSAGE][INFO] - Finding Test Object 'Object Repository/Olusturma/Genel/Kutular/IrsaliyeBilgileri/Ekle'

2021-11-23 16:38:34 - [MESSAGE][INFO] - Checking object

2021-11-23 16:38:34 - [MESSAGE][INFO] - Checking timeout

2021-11-23 16:38:34 - [MESSAGE][INFO] - Finding web element from Test Object's properties

2021-11-23 16:38:34 - [MESSAGE][INFO] - Checking timeout

2021-11-23 16:38:34 - [MESSAGE][INFO] - Finding web element with id: 'Object Repository/Olusturma/Genel/Kutular/IrsaliyeBilgileri/Ekle' located by 'By.xpath: //*[@id = 'DXEditorgvUserInvoiceBillsNewRowBtn']' in '10' second(s)

2021-11-23 16:38:34 - [MESSAGE][INFO] - Smart Wait Function is triggered

2021-11-23 16:38:34 - [MESSAGE][INFO] - Found 1 web elements with id: 'Object Repository/Olusturma/Genel/Kutular/IrsaliyeBilgileri/Ekle' located by 'By.xpath: //*[@id = 'DXEditorgvUserInvoiceBillsNewRowBtn']' in '10' second(s)

2021-11-23 16:38:34 - [MESSAGE][PASSED] - Object 'Object Repository/Olusturma/Genel/Kutular/IrsaliyeBilgileri/Ekle' is clickable

2021-11-23 16:38:34 - [TEST_STEP][PASSED] - click(findTestObject("Olusturma/Genel/Kutular/IrsaliyeBilgileri/Ekle")): Object: 'Object Repository/Olusturma/Genel/Kutular/IrsaliyeBilgileri/Ekle' is clicked on

2021-11-23 16:38:34 - [MESSAGE][INFO] - Finding Test Object 'Object Repository/Olusturma/Genel/Kutular/IrsaliyeBilgileri/Ekle'

2021-11-23 16:38:34 - [MESSAGE][INFO] - Checking object

2021-11-23 16:38:34 - [MESSAGE][INFO] - Finding web element from Test Object's properties

2021-11-23 16:38:34 - [MESSAGE][INFO] - Checking timeout

2021-11-23 16:38:34 - [MESSAGE][INFO] - Finding web element with id: 'Object Repository/Olusturma/Genel/Kutular/IrsaliyeBilgileri/Ekle' located by 'By.xpath: //*[@id = 'DXEditorgvUserInvoiceBillsNewRowBtn']' in '30' second(s)

2021-11-23 16:38:34 - [MESSAGE][INFO] - Smart Wait Function is triggered

2021-11-23 16:38:35 - [MESSAGE][INFO] - Found 1 web elements with id: 'Object Repository/Olusturma/Genel/Kutular/IrsaliyeBilgileri/Ekle' located by 'By.xpath: //*[@id = 'DXEditorgvUserInvoiceBillsNewRowBtn']' in '30' second(s)

2021-11-23 16:38:35 - [MESSAGE][INFO] - Clicking on object: 'Object Repository/Olusturma/Genel/Kutular/IrsaliyeBilgileri/Ekle'

2021-11-23 16:38:35 - [MESSAGE][PASSED] - Object: 'Object Repository/Olusturma/Genel/Kutular/IrsaliyeBilgileri/Ekle' is clicked on

2021-11-23 16:38:35 - [TEST_STEP][PASSED] - waitForElementPresent(findTestObject("Object Repository/Olusturma/Genel/Kutular/IrsaliyeBilgileri/IrsaliyeNumarasi"), 10): Object 'Object Repository/Olusturma/Genel/Kutular/IrsaliyeBilgileri/IrsaliyeNumarasi' is present

2021-11-23 16:38:35 - [MESSAGE][INFO] - Finding Test Object 'Object Repository/Olusturma/Genel/Kutular/IrsaliyeBilgileri/IrsaliyeNumarasi'

2021-11-23 16:38:35 - [MESSAGE][INFO] - Checking object

2021-11-23 16:38:35 - [MESSAGE][INFO] - Finding web element from Test Object's properties

2021-11-23 16:38:35 - [MESSAGE][INFO] - Checking timeout

2021-11-23 16:38:35 - [MESSAGE][INFO] - Finding web element with id: 'Object Repository/Olusturma/Genel/Kutular/IrsaliyeBilgileri/IrsaliyeNumarasi' located by 'By.xpath: //*[@id = 'gvUserInvoiceBills_DXEditor1_I']' in '10' second(s)

2021-11-23 16:38:35 - [MESSAGE][INFO] - Smart Wait Function is triggered

2021-11-23 16:38:35 - [MESSAGE][INFO] - Smart Wait Function is triggered

2021-11-23 16:38:36 - [MESSAGE][INFO] - Found 1 web elements with id: 'Object Repository/Olusturma/Genel/Kutular/IrsaliyeBilgileri/IrsaliyeNumarasi' located by 'By.xpath: //*[@id = 'gvUserInvoiceBills_DXEditor1_I']' in '10' second(s)

2021-11-23 16:38:36 - [MESSAGE][PASSED] - Object 'Object Repository/Olusturma/Genel/Kutular/IrsaliyeBilgileri/IrsaliyeNumarasi' is present

2021-11-23 16:38:36 - [TEST_STEP][PASSED] - clearText(findTestObject("Object Repository/Olusturma/Genel/Kutular/IrsaliyeBilgileri/IrsaliyeNumarasi")): Text of object 'Object Repository/Olusturma/Genel/Kutular/IrsaliyeBilgileri/IrsaliyeNumarasi' is cleared

2021-11-23 16:38:36 - [MESSAGE][INFO] - Finding Test Object 'Object Repository/Olusturma/Genel/Kutular/IrsaliyeBilgileri/IrsaliyeNumarasi'

2021-11-23 16:38:36 - [MESSAGE][INFO] - Checking object

2021-11-23 16:38:36 - [MESSAGE][INFO] - Finding web element from Test Object's properties

2021-11-23 16:38:36 - [MESSAGE][INFO] - Checking timeout

2021-11-23 16:38:36 - [MESSAGE][INFO] - Finding web element with id: 'Object Repository/Olusturma/Genel/Kutular/IrsaliyeBilgileri/IrsaliyeNumarasi' located by 'By.xpath: //*[@id = 'gvUserInvoiceBills_DXEditor1_I']' in '30' second(s)

2021-11-23 16:38:36 - [MESSAGE][INFO] - Smart Wait Function is triggered

2021-11-23 16:38:36 - [MESSAGE][INFO] - Found 1 web elements with id: 'Object Repository/Olusturma/Genel/Kutular/IrsaliyeBilgileri/IrsaliyeNumarasi' located by 'By.xpath: //*[@id = 'gvUserInvoiceBills_DXEditor1_I']' in '30' second(s)

2021-11-23 16:38:36 - [MESSAGE][INFO] - Clearing text of object 'Object Repository/Olusturma/Genel/Kutular/IrsaliyeBilgileri/IrsaliyeNumarasi'

2021-11-23 16:38:36 - [MESSAGE][PASSED] - Text of object 'Object Repository/Olusturma/Genel/Kutular/IrsaliyeBilgileri/IrsaliyeNumarasi' is cleared

2021-11-23 16:38:36 - [TEST_STEP][PASSED] - sendKeys(findTestObject("Object Repository/Olusturma/Genel/Kutular/IrsaliyeBilgileri/IrsaliyeNumarasi"), Numara): Keys 'AAAAAAAAAA' sent to object: 'Object Repository/Olusturma/Genel/Kutular/IrsaliyeBilgileri/IrsaliyeNumarasi'

2021-11-23 16:38:36 - [MESSAGE][INFO] - Finding Test Object 'Object Repository/Olusturma/Genel/Kutular/IrsaliyeBilgileri/IrsaliyeNumarasi'

2021-11-23 16:38:37 - [MESSAGE][INFO] - Sending keys 'AAAAAAAAAA' to object: 'Object Repository/Olusturma/Genel/Kutular/IrsaliyeBilgileri/IrsaliyeNumarasi'

2021-11-23 16:38:37 - [MESSAGE][INFO] - Finding web element from Test Object's properties

2021-11-23 16:38:37 - [MESSAGE][INFO] - Checking timeout

2021-11-23 16:38:37 - [MESSAGE][INFO] - Finding web element with id: 'Object Repository/Olusturma/Genel/Kutular/IrsaliyeBilgileri/IrsaliyeNumarasi' located by 'By.xpath: //*[@id = 'gvUserInvoiceBills_DXEditor1_I']' in '30' second(s)

2021-11-23 16:38:37 - [MESSAGE][INFO] - Smart Wait Function is triggered

2021-11-23 16:38:37 - [MESSAGE][INFO] - Found 1 web elements with id: 'Object Repository/Olusturma/Genel/Kutular/IrsaliyeBilgileri/IrsaliyeNumarasi' located by 'By.xpath: //*[@id = 'gvUserInvoiceBills_DXEditor1_I']' in '30' second(s)

2021-11-23 16:38:37 - [MESSAGE][PASSED] - Keys 'AAAAAAAAAA' sent to object: 'Object Repository/Olusturma/Genel/Kutular/IrsaliyeBilgileri/IrsaliyeNumarasi'

2021-11-23 16:38:37 - [TEST_STEP][PASSED] - waitForElementClickable(findTestObject("Object Repository/Olusturma/Genel/Kutular/IrsaliyeBilgileri/IrsaliyeTarihi"), 10): Object 'Object Repository/Olusturma/Genel/Kutular/IrsaliyeBilgileri/IrsaliyeTarihi' is clickable

2021-11-23 16:38:37 - [MESSAGE][INFO] - Finding Test Object 'Object Repository/Olusturma/Genel/Kutular/IrsaliyeBilgileri/IrsaliyeTarihi'

2021-11-23 16:38:37 - [MESSAGE][INFO] - Checking object

2021-11-23 16:38:37 - [MESSAGE][INFO] - Checking timeout

2021-11-23 16:38:37 - [MESSAGE][INFO] - Finding web element from Test Object's properties

2021-11-23 16:38:37 - [MESSAGE][INFO] - Checking timeout

2021-11-23 16:38:37 - [MESSAGE][INFO] - Finding web element with id: 'Object Repository/Olusturma/Genel/Kutular/IrsaliyeBilgileri/IrsaliyeTarihi' located by 'By.xpath: //*[@id = 'gvUserInvoiceBills_DXEditor2_I']' in '10' second(s)

2021-11-23 16:38:37 - [MESSAGE][INFO] - Smart Wait Function is triggered

2021-11-23 16:38:37 - [MESSAGE][INFO] - Found 1 web elements with id: 'Object Repository/Olusturma/Genel/Kutular/IrsaliyeBilgileri/IrsaliyeTarihi' located by 'By.xpath: //*[@id = 'gvUserInvoiceBills_DXEditor2_I']' in '10' second(s)

2021-11-23 16:38:37 - [MESSAGE][PASSED] - Object 'Object Repository/Olusturma/Genel/Kutular/IrsaliyeBilgileri/IrsaliyeTarihi' is clickable

2021-11-23 16:38:37 - [TEST_STEP][PASSED] - click(findTestObject("Object Repository/Olusturma/Genel/Kutular/IrsaliyeBilgileri/IrsaliyeTarihi")): Object: 'Object Repository/Olusturma/Genel/Kutular/IrsaliyeBilgileri/IrsaliyeTarihi' is clicked on

2021-11-23 16:38:37 - [MESSAGE][INFO] - Finding Test Object 'Object Repository/Olusturma/Genel/Kutular/IrsaliyeBilgileri/IrsaliyeTarihi'

2021-11-23 16:38:38 - [MESSAGE][INFO] - Checking object

2021-11-23 16:38:38 - [MESSAGE][INFO] - Finding web element from Test Object's properties

2021-11-23 16:38:38 - [MESSAGE][INFO] - Checking timeout

2021-11-23 16:38:38 - [MESSAGE][INFO] - Finding web element with id: 'Object Repository/Olusturma/Genel/Kutular/IrsaliyeBilgileri/IrsaliyeTarihi' located by 'By.xpath: //*[@id = 'gvUserInvoiceBills_DXEditor2_I']' in '30' second(s)

2021-11-23 16:38:38 - [MESSAGE][INFO] - Smart Wait Function is triggered

2021-11-23 16:38:38 - [MESSAGE][INFO] - Found 1 web elements with id: 'Object Repository/Olusturma/Genel/Kutular/IrsaliyeBilgileri/IrsaliyeTarihi' located by 'By.xpath: //*[@id = 'gvUserInvoiceBills_DXEditor2_I']' in '30' second(s)

2021-11-23 16:38:38 - [MESSAGE][INFO] - Clicking on object: 'Object Repository/Olusturma/Genel/Kutular/IrsaliyeBilgileri/IrsaliyeTarihi'

2021-11-23 16:38:38 - [MESSAGE][PASSED] - Object: 'Object Repository/Olusturma/Genel/Kutular/IrsaliyeBilgileri/IrsaliyeTarihi' is clicked on

2021-11-23 16:38:38 - [TEST_STEP][PASSED] - sendKeys(findTestObject("Object Repository/Olusturma/Genel/Kutular/IrsaliyeBilgileri/IrsaliyeTarihi"), Tarih): Keys '30.04.2020' sent to object: 'Object Repository/Olusturma/Genel/Kutular/IrsaliyeBilgileri/IrsaliyeTarihi'

2021-11-23 16:38:38 - [MESSAGE][INFO] - Finding Test Object 'Object Repository/Olusturma/Genel/Kutular/IrsaliyeBilgileri/IrsaliyeTarihi'

2021-11-23 16:38:38 - [MESSAGE][INFO] - Sending keys '30.04.2020' to object: 'Object Repository/Olusturma/Genel/Kutular/IrsaliyeBilgileri/IrsaliyeTarihi'

2021-11-23 16:38:38 - [MESSAGE][INFO] - Finding web element from Test Object's properties

2021-11-23 16:38:38 - [MESSAGE][INFO] - Checking timeout

2021-11-23 16:38:38 - [MESSAGE][INFO] - Finding web element with id: 'Object Repository/Olusturma/Genel/Kutular/IrsaliyeBilgileri/IrsaliyeTarihi' located by 'By.xpath: //*[@id = 'gvUserInvoiceBills_DXEditor2_I']' in '30' second(s)

2021-11-23 16:38:38 - [MESSAGE][INFO] - Smart Wait Function is triggered

2021-11-23 16:38:38 - [MESSAGE][INFO] - Found 1 web elements with id: 'Object Repository/Olusturma/Genel/Kutular/IrsaliyeBilgileri/IrsaliyeTarihi' located by 'By.xpath: //*[@id = 'gvUserInvoiceBills_DXEditor2_I']' in '30' second(s)

2021-11-23 16:38:38 - [MESSAGE][PASSED] - Keys '30.04.2020' sent to object: 'Object Repository/Olusturma/Genel/Kutular/IrsaliyeBilgileri/IrsaliyeTarihi'

2021-11-23 16:38:38 - [MESSAGE][PASSED] - Call Test Case 'Test Cases/Olusturma/Genel/Kutular/IrsaliyeBilgileri' successfully

2021-11-23 16:38:38 - [MESSAGE][INFO] - Checking called Test Case

2021-11-23 16:38:38 - [MESSAGE][INFO] - Starting to call Test Case 'Test Cases/Olusturma/Genel/EkleButonunaBasilir'

2021-11-23 16:38:39 - [TEST_CASE][PASSED] - Test Cases/Olusturma/Genel/EkleButonunaBasilir: Test Cases/Olusturma/Genel/EkleButonunaBasilir

2021-11-23 16:38:39 - [TEST_STEP][PASSED] - waitForElementClickable(findTestObject("Object Repository/Olusturma/Genel/Olusturma/Ekle"), 10): Object 'Object Repository/Olusturma/Genel/Olusturma/Ekle' is clickable

2021-11-23 16:38:39 - [MESSAGE][INFO] - Finding Test Object 'Object Repository/Olusturma/Genel/Olusturma/Ekle'

2021-11-23 16:38:39 - [MESSAGE][INFO] - Checking object

2021-11-23 16:38:39 - [MESSAGE][INFO] - Checking timeout

2021-11-23 16:38:39 - [MESSAGE][INFO] - Finding web element from Test Object's properties

2021-11-23 16:38:39 - [MESSAGE][INFO] - Checking timeout

2021-11-23 16:38:39 - [MESSAGE][INFO] - Finding web element with id: 'Object Repository/Olusturma/Genel/Olusturma/Ekle' located by 'By.cssSelector: #divmalhizmet i.fa.fa-plus.fa-lg.text-muted' in '10' second(s)

2021-11-23 16:38:39 - [MESSAGE][INFO] - Smart Wait Function is triggered

2021-11-23 16:38:39 - [MESSAGE][INFO] - Found 1 web elements with id: 'Object Repository/Olusturma/Genel/Olusturma/Ekle' located by 'By.cssSelector: #divmalhizmet i.fa.fa-plus.fa-lg.text-muted' in '10' second(s)

2021-11-23 16:38:39 - [MESSAGE][PASSED] - Object 'Object Repository/Olusturma/Genel/Olusturma/Ekle' is clickable

2021-11-23 16:38:39 - [TEST_STEP][PASSED] - click(findTestObject("Object Repository/Olusturma/Genel/Olusturma/Ekle")): Object: 'Object Repository/Olusturma/Genel/Olusturma/Ekle' is clicked on

2021-11-23 16:38:39 - [MESSAGE][INFO] - Finding Test Object 'Object Repository/Olusturma/Genel/Olusturma/Ekle'

2021-11-23 16:38:39 - [MESSAGE][INFO] - Checking object

2021-11-23 16:38:39 - [MESSAGE][INFO] - Finding web element from Test Object's properties

2021-11-23 16:38:39 - [MESSAGE][INFO] - Checking timeout

2021-11-23 16:38:39 - [MESSAGE][INFO] - Finding web element with id: 'Object Repository/Olusturma/Genel/Olusturma/Ekle' located by 'By.cssSelector: #divmalhizmet i.fa.fa-plus.fa-lg.text-muted' in '30' second(s)

2021-11-23 16:38:39 - [MESSAGE][INFO] - Smart Wait Function is triggered

2021-11-23 16:38:39 - [MESSAGE][INFO] - Found 1 web elements with id: 'Object Repository/Olusturma/Genel/Olusturma/Ekle' located by 'By.cssSelector: #divmalhizmet i.fa.fa-plus.fa-lg.text-muted' in '30' second(s)

2021-11-23 16:38:39 - [MESSAGE][INFO] - Clicking on object: 'Object Repository/Olusturma/Genel/Olusturma/Ekle'

2021-11-23 16:38:40 - [MESSAGE][PASSED] - Object: 'Object Repository/Olusturma/Genel/Olusturma/Ekle' is clicked on

2021-11-23 16:38:40 - [TEST_STEP][PASSED] - waitForElementClickable(findTestObject("Olusturma/Genel/Olusturma/EklenenSatirCarpiImage"), 10): Object 'Object Repository/Olusturma/Genel/Olusturma/EklenenSatirCarpiImage' is clickable

2021-11-23 16:38:40 - [MESSAGE][INFO] - Finding Test Object 'Object Repository/Olusturma/Genel/Olusturma/EklenenSatirCarpiImage'

2021-11-23 16:38:40 - [MESSAGE][INFO] - Checking object

2021-11-23 16:38:40 - [MESSAGE][INFO] - Checking timeout

2021-11-23 16:38:40 - [MESSAGE][INFO] - Finding web element from Test Object's properties

2021-11-23 16:38:40 - [MESSAGE][INFO] - Checking timeout

2021-11-23 16:38:40 - [MESSAGE][INFO] - Finding web element with id: 'Object Repository/Olusturma/Genel/Olusturma/EklenenSatirCarpiImage' located by 'By.cssSelector: .fa.fa-times.fa-lg.text-primary' in '10' second(s)

2021-11-23 16:38:40 - [MESSAGE][INFO] - Smart Wait Function is triggered

2021-11-23 16:38:40 - [MESSAGE][INFO] - Found 1 web elements with id: 'Object Repository/Olusturma/Genel/Olusturma/EklenenSatirCarpiImage' located by 'By.cssSelector: .fa.fa-times.fa-lg.text-primary' in '10' second(s)

2021-11-23 16:38:40 - [MESSAGE][PASSED] - Object 'Object Repository/Olusturma/Genel/Olusturma/EklenenSatirCarpiImage' is clickable

2021-11-23 16:38:40 - [MESSAGE][PASSED] - Call Test Case 'Test Cases/Olusturma/Genel/EkleButonunaBasilir' successfully

2021-11-23 16:38:40 - [MESSAGE][INFO] - Checking called Test Case

2021-11-23 16:38:40 - [MESSAGE][INFO] - Starting to call Test Case 'Test Cases/Olusturma/Genel/Olusturma'

2021-11-23 16:38:40 - [TEST_CASE][PASSED] - Test Cases/Olusturma/Genel/Olusturma: Test Cases/Olusturma/Genel/Olusturma

2021-11-23 16:38:40 - [TEST_STEP][PASSED] - driver = getWebDriver(): null

2021-11-23 16:38:40 - [TEST_STEP][PASSED] - action = new org.openqa.selenium.interactions.Actions(driver): null

2021-11-23 16:38:40 - [TEST_STEP][PASSED] - baslikElement = <not implemented yet for class: org.codehaus.groovy.ast.expr.EmptyExpression>: null

2021-11-23 16:38:40 - [TEST_STEP][PASSED] - sonElement = <not implemented yet for class: org.codehaus.groovy.ast.expr.EmptyExpression>: null

2021-11-23 16:38:40 - [TEST_STEP][PASSED] - attr = <not implemented yet for class: org.codehaus.groovy.ast.expr.EmptyExpression>: null

2021-11-23 16:38:40 - [TEST_STEP][PASSED] - a = 0: null

2021-11-23 16:38:40 - [TEST_STEP][PASSED] - elements = findWebElements(findTestObject("Object Repository/Olusturma/Genel/Olusturma/TabloBasliklari"), 10): Found 16 web elements with id: 'Object Repository/Olusturma/Genel/Olusturma/TabloBasliklari' located by 'By.cssSelector: div#divmalhizmet .dxgvTable_LECustomTheme td.dxgvHeader_LECustomTheme tr>td:nth-child(1)' in '10' second(s)

2021-11-23 16:38:40 - [MESSAGE][INFO] - Finding Test Object 'Object Repository/Olusturma/Genel/Olusturma/TabloBasliklari'

2021-11-23 16:38:40 - [MESSAGE][INFO] - Checking timeout

2021-11-23 16:38:40 - [MESSAGE][INFO] - Finding web element with id: 'Object Repository/Olusturma/Genel/Olusturma/TabloBasliklari' located by 'By.cssSelector: div#divmalhizmet .dxgvTable_LECustomTheme td.dxgvHeader_LECustomTheme tr>td:nth-child(1)' in '10' second(s)

2021-11-23 16:38:40 - [MESSAGE][INFO] - Smart Wait Function is triggered

2021-11-23 16:38:41 - [MESSAGE][INFO] - Found 16 web elements with id: 'Object Repository/Olusturma/Genel/Olusturma/TabloBasliklari' located by 'By.cssSelector: div#divmalhizmet .dxgvTable_LECustomTheme td.dxgvHeader_LECustomTheme tr>td:nth-child(1)' in '10' second(s)

2021-11-23 16:38:41 - [TEST_STEP][PASSED] - for (def element : elements): null

2021-11-23 16:38:41 - [TEST_STEP][PASSED] - build().perform(): null

2021-11-23 16:38:41 - [TEST_STEP][PASSED] - if (getText().equals(Baslik)): null

2021-11-23 16:38:41 - [TEST_STEP][PASSED] - baslikElement = element.findElement(By.xpath("../../../..")): Smart Wait Function is triggered

2021-11-23 16:38:41 - [MESSAGE][INFO] - Smart Wait Function is triggered

2021-11-23 16:38:42 - [TEST_STEP][PASSED] - attr = baslikElement.getAttribute("id"): null

2021-11-23 16:38:42 - [TEST_STEP][PASSED] - println("girdi ve idsini aldı = " + attr): null

2021-11-23 16:38:42 - [TEST_STEP][PASSED] - break: null

2021-11-23 16:38:42 - [TEST_STEP][PASSED] - countElement = baslikElement.findElements(By.xpath("../td")): Smart Wait Function is triggered

2021-11-23 16:38:42 - [MESSAGE][INFO] - Smart Wait Function is triggered

2021-11-23 16:38:42 - [TEST_STEP][PASSED] - for (def element : countElement): null

2021-11-23 16:38:42 - [TEST_STEP][PASSED] - if (toString().equals(attr.toString())): null

2021-11-23 16:38:42 - [TEST_STEP][PASSED] - (a++): null

2021-11-23 16:38:42 - [TEST_STEP][PASSED] - if (toString().equals(attr.toString())): null

2021-11-23 16:38:42 - [TEST_STEP][PASSED] - break: null

2021-11-23 16:38:42 - [TEST_STEP][PASSED] - son = findWebElement(findTestObject("Object Repository/Olusturma/Genel/Olusturma/EklenenSatir")).findElement(By.xpath("td[@class='dxgvInlineEditCell_LECustomTheme dxgv'][" + a + "]//td[@class='dxic']/input")): Smart Wait Function is triggered

2021-11-23 16:38:42 - [MESSAGE][INFO] - Finding Test Object 'Object Repository/Olusturma/Genel/Olusturma/EklenenSatir'

2021-11-23 16:38:42 - [MESSAGE][INFO] - Finding web element from Test Object's properties

2021-11-23 16:38:42 - [MESSAGE][INFO] - Checking timeout

2021-11-23 16:38:42 - [MESSAGE][INFO] - Finding web element with id: 'Object Repository/Olusturma/Genel/Olusturma/EklenenSatir' located by 'By.cssSelector: #divmalhizmet .dxgvInlineEditRow_LECustomTheme' in '30' second(s)

2021-11-23 16:38:42 - [MESSAGE][INFO] - Smart Wait Function is triggered

2021-11-23 16:38:42 - [MESSAGE][INFO] - Found 1 web elements with id: 'Object Repository/Olusturma/Genel/Olusturma/EklenenSatir' located by 'By.cssSelector: #divmalhizmet .dxgvInlineEditRow_LECustomTheme' in '30' second(s)

2021-11-23 16:38:42 - [MESSAGE][INFO] - Smart Wait Function is triggered

2021-11-23 16:38:43 - [TEST_STEP][PASSED] - if (!(getAttribute("value").contains("Vkn"))): null

2021-11-23 16:38:43 - [TEST_STEP][PASSED] - son.clear(): null

2021-11-23 16:38:43 - [TEST_STEP][PASSED] - son.sendKeys(Deger): null

2021-11-23 16:38:43 - [MESSAGE][PASSED] - Call Test Case 'Test Cases/Olusturma/Genel/Olusturma' successfully

2021-11-23 16:38:43 - [MESSAGE][INFO] - Checking called Test Case

2021-11-23 16:38:43 - [MESSAGE][INFO] - Starting to call Test Case 'Test Cases/Olusturma/Genel/Olusturma'

2021-11-23 16:38:43 - [TEST_CASE][PASSED] - Test Cases/Olusturma/Genel/Olusturma: Test Cases/Olusturma/Genel/Olusturma

2021-11-23 16:38:43 - [TEST_STEP][PASSED] - driver = getWebDriver(): null

2021-11-23 16:38:43 - [TEST_STEP][PASSED] - action = new org.openqa.selenium.interactions.Actions(driver): null

2021-11-23 16:38:43 - [TEST_STEP][PASSED] - baslikElement = <not implemented yet for class: org.codehaus.groovy.ast.expr.EmptyExpression>: null

2021-11-23 16:38:43 - [TEST_STEP][PASSED] - sonElement = <not implemented yet for class: org.codehaus.groovy.ast.expr.EmptyExpression>: null

2021-11-23 16:38:43 - [TEST_STEP][PASSED] - attr = <not implemented yet for class: org.codehaus.groovy.ast.expr.EmptyExpression>: null

2021-11-23 16:38:43 - [TEST_STEP][PASSED] - a = 0: null

2021-11-23 16:38:43 - [TEST_STEP][PASSED] - elements = findWebElements(findTestObject("Object Repository/Olusturma/Genel/Olusturma/TabloBasliklari"), 10): Found 16 web elements with id: 'Object Repository/Olusturma/Genel/Olusturma/TabloBasliklari' located by 'By.cssSelector: div#divmalhizmet .dxgvTable_LECustomTheme td.dxgvHeader_LECustomTheme tr>td:nth-child(1)' in '10' second(s)

2021-11-23 16:38:43 - [MESSAGE][INFO] - Finding Test Object 'Object Repository/Olusturma/Genel/Olusturma/TabloBasliklari'

2021-11-23 16:38:43 - [MESSAGE][INFO] - Checking timeout

2021-11-23 16:38:43 - [MESSAGE][INFO] - Finding web element with id: 'Object Repository/Olusturma/Genel/Olusturma/TabloBasliklari' located by 'By.cssSelector: div#divmalhizmet .dxgvTable_LECustomTheme td.dxgvHeader_LECustomTheme tr>td:nth-child(1)' in '10' second(s)

2021-11-23 16:38:43 - [MESSAGE][INFO] - Smart Wait Function is triggered

2021-11-23 16:38:43 - [MESSAGE][INFO] - Found 16 web elements with id: 'Object Repository/Olusturma/Genel/Olusturma/TabloBasliklari' located by 'By.cssSelector: div#divmalhizmet .dxgvTable_LECustomTheme td.dxgvHeader_LECustomTheme tr>td:nth-child(1)' in '10' second(s)

2021-11-23 16:38:43 - [TEST_STEP][PASSED] - for (def element : elements): null

2021-11-23 16:38:43 - [TEST_STEP][PASSED] - build().perform(): null

2021-11-23 16:38:43 - [TEST_STEP][PASSED] - if (getText().equals(Baslik)): null

2021-11-23 16:38:43 - [TEST_STEP][PASSED] - build().perform(): null

2021-11-23 16:38:44 - [TEST_STEP][PASSED] - if (getText().equals(Baslik)): null

2021-11-23 16:38:44 - [TEST_STEP][PASSED] - baslikElement = element.findElement(By.xpath("../../../..")): Smart Wait Function is triggered

2021-11-23 16:38:44 - [MESSAGE][INFO] - Smart Wait Function is triggered

2021-11-23 16:38:44 - [TEST_STEP][PASSED] - attr = baslikElement.getAttribute("id"): null

2021-11-23 16:38:44 - [TEST_STEP][PASSED] - println("girdi ve idsini aldı = " + attr): null

2021-11-23 16:38:44 - [TEST_STEP][PASSED] - break: null

2021-11-23 16:38:44 - [TEST_STEP][PASSED] - countElement = baslikElement.findElements(By.xpath("../td")): Smart Wait Function is triggered

2021-11-23 16:38:44 - [MESSAGE][INFO] - Smart Wait Function is triggered

2021-11-23 16:38:44 - [TEST_STEP][PASSED] - for (def element : countElement): null

2021-11-23 16:38:44 - [TEST_STEP][PASSED] - if (toString().equals(attr.toString())): null

2021-11-23 16:38:44 - [TEST_STEP][PASSED] - (a++): null

2021-11-23 16:38:44 - [TEST_STEP][PASSED] - if (toString().equals(attr.toString())): null

2021-11-23 16:38:44 - [TEST_STEP][PASSED] - (a++): null

2021-11-23 16:38:44 - [TEST_STEP][PASSED] - if (toString().equals(attr.toString())): null

2021-11-23 16:38:44 - [TEST_STEP][PASSED] - break: null

2021-11-23 16:38:44 - [TEST_STEP][PASSED] - son = findWebElement(findTestObject("Object Repository/Olusturma/Genel/Olusturma/EklenenSatir")).findElement(By.xpath("td[@class='dxgvInlineEditCell_LECustomTheme dxgv'][" + a + "]//td[@class='dxic']/input")): Smart Wait Function is triggered

2021-11-23 16:38:44 - [MESSAGE][INFO] - Finding Test Object 'Object Repository/Olusturma/Genel/Olusturma/EklenenSatir'

2021-11-23 16:38:44 - [MESSAGE][INFO] - Finding web element from Test Object's properties

2021-11-23 16:38:44 - [MESSAGE][INFO] - Checking timeout

2021-11-23 16:38:44 - [MESSAGE][INFO] - Finding web element with id: 'Object Repository/Olusturma/Genel/Olusturma/EklenenSatir' located by 'By.cssSelector: #divmalhizmet .dxgvInlineEditRow_LECustomTheme' in '30' second(s)

2021-11-23 16:38:44 - [MESSAGE][INFO] - Smart Wait Function is triggered

2021-11-23 16:38:45 - [MESSAGE][INFO] - Found 1 web elements with id: 'Object Repository/Olusturma/Genel/Olusturma/EklenenSatir' located by 'By.cssSelector: #divmalhizmet .dxgvInlineEditRow_LECustomTheme' in '30' second(s)

2021-11-23 16:38:45 - [MESSAGE][INFO] - Smart Wait Function is triggered

2021-11-23 16:38:45 - [TEST_STEP][PASSED] - if (!(getAttribute("value").contains("Vkn"))): null

2021-11-23 16:38:45 - [TEST_STEP][PASSED] - son.clear(): null

2021-11-23 16:38:45 - [TEST_STEP][PASSED] - son.sendKeys(Deger): null

2021-11-23 16:38:45 - [MESSAGE][PASSED] - Call Test Case 'Test Cases/Olusturma/Genel/Olusturma' successfully

2021-11-23 16:38:45 - [MESSAGE][INFO] - Checking called Test Case

2021-11-23 16:38:45 - [MESSAGE][INFO] - Starting to call Test Case 'Test Cases/Olusturma/Genel/Olusturma'

2021-11-23 16:38:45 - [TEST_CASE][PASSED] - Test Cases/Olusturma/Genel/Olusturma: Test Cases/Olusturma/Genel/Olusturma

2021-11-23 16:38:45 - [TEST_STEP][PASSED] - driver = getWebDriver(): null

2021-11-23 16:38:45 - [TEST_STEP][PASSED] - action = new org.openqa.selenium.interactions.Actions(driver): null

2021-11-23 16:38:45 - [TEST_STEP][PASSED] - baslikElement = <not implemented yet for class: org.codehaus.groovy.ast.expr.EmptyExpression>: null

2021-11-23 16:38:45 - [TEST_STEP][PASSED] - sonElement = <not implemented yet for class: org.codehaus.groovy.ast.expr.EmptyExpression>: null

2021-11-23 16:38:45 - [TEST_STEP][PASSED] - attr = <not implemented yet for class: org.codehaus.groovy.ast.expr.EmptyExpression>: null

2021-11-23 16:38:45 - [TEST_STEP][PASSED] - a = 0: null

2021-11-23 16:38:45 - [TEST_STEP][PASSED] - elements = findWebElements(findTestObject("Object Repository/Olusturma/Genel/Olusturma/TabloBasliklari"), 10): Found 16 web elements with id: 'Object Repository/Olusturma/Genel/Olusturma/TabloBasliklari' located by 'By.cssSelector: div#divmalhizmet .dxgvTable_LECustomTheme td.dxgvHeader_LECustomTheme tr>td:nth-child(1)' in '10' second(s)

2021-11-23 16:38:45 - [MESSAGE][INFO] - Finding Test Object 'Object Repository/Olusturma/Genel/Olusturma/TabloBasliklari'

2021-11-23 16:38:45 - [MESSAGE][INFO] - Checking timeout

2021-11-23 16:38:45 - [MESSAGE][INFO] - Finding web element with id: 'Object Repository/Olusturma/Genel/Olusturma/TabloBasliklari' located by 'By.cssSelector: div#divmalhizmet .dxgvTable_LECustomTheme td.dxgvHeader_LECustomTheme tr>td:nth-child(1)' in '10' second(s)

2021-11-23 16:38:45 - [MESSAGE][INFO] - Smart Wait Function is triggered

2021-11-23 16:38:46 - [MESSAGE][INFO] - Found 16 web elements with id: 'Object Repository/Olusturma/Genel/Olusturma/TabloBasliklari' located by 'By.cssSelector: div#divmalhizmet .dxgvTable_LECustomTheme td.dxgvHeader_LECustomTheme tr>td:nth-child(1)' in '10' second(s)

2021-11-23 16:38:46 - [TEST_STEP][PASSED] - for (def element : elements): null

2021-11-23 16:38:46 - [TEST_STEP][PASSED] - build().perform(): null

2021-11-23 16:38:46 - [TEST_STEP][PASSED] - if (getText().equals(Baslik)): null

2021-11-23 16:38:46 - [TEST_STEP][PASSED] - build().perform(): null

2021-11-23 16:38:46 - [TEST_STEP][PASSED] - if (getText().equals(Baslik)): null

2021-11-23 16:38:46 - [TEST_STEP][PASSED] - build().perform(): null

2021-11-23 16:38:46 - [TEST_STEP][PASSED] - if (getText().equals(Baslik)): null

2021-11-23 16:38:46 - [TEST_STEP][PASSED] - build().perform(): null

2021-11-23 16:38:46 - [TEST_STEP][PASSED] - if (getText().equals(Baslik)): null

2021-11-23 16:38:46 - [TEST_STEP][PASSED] - baslikElement = element.findElement(By.xpath("../../../..")): Smart Wait Function is triggered

2021-11-23 16:38:46 - [MESSAGE][INFO] - Smart Wait Function is triggered

2021-11-23 16:38:47 - [TEST_STEP][PASSED] - attr = baslikElement.getAttribute("id"): null

2021-11-23 16:38:47 - [TEST_STEP][PASSED] - println("girdi ve idsini aldı = " + attr): null

2021-11-23 16:38:47 - [TEST_STEP][PASSED] - break: null

2021-11-23 16:38:47 - [TEST_STEP][PASSED] - countElement = baslikElement.findElements(By.xpath("../td")): Smart Wait Function is triggered

2021-11-23 16:38:47 - [MESSAGE][INFO] - Smart Wait Function is triggered

2021-11-23 16:38:47 - [TEST_STEP][PASSED] - for (def element : countElement): null

2021-11-23 16:38:47 - [TEST_STEP][PASSED] - if (toString().equals(attr.toString())): null

2021-11-23 16:38:47 - [TEST_STEP][PASSED] - (a++): null

2021-11-23 16:38:47 - [TEST_STEP][PASSED] - if (toString().equals(attr.toString())): null

2021-11-23 16:38:47 - [TEST_STEP][PASSED] - (a++): null

2021-11-23 16:38:47 - [TEST_STEP][PASSED] - if (toString().equals(attr.toString())): null

2021-11-23 16:38:47 - [TEST_STEP][PASSED] - (a++): null

2021-11-23 16:38:47 - [TEST_STEP][PASSED] - if (toString().equals(attr.toString())): null

2021-11-23 16:38:47 - [TEST_STEP][PASSED] - (a++): null

2021-11-23 16:38:47 - [TEST_STEP][PASSED] - if (toString().equals(attr.toString())): null

2021-11-23 16:38:47 - [TEST_STEP][PASSED] - break: null

2021-11-23 16:38:47 - [TEST_STEP][PASSED] - son = findWebElement(findTestObject("Object Repository/Olusturma/Genel/Olusturma/EklenenSatir")).findElement(By.xpath("td[@class='dxgvInlineEditCell_LECustomTheme dxgv'][" + a + "]//td[@class='dxic']/input")): Smart Wait Function is triggered

2021-11-23 16:38:47 - [MESSAGE][INFO] - Finding Test Object 'Object Repository/Olusturma/Genel/Olusturma/EklenenSatir'

2021-11-23 16:38:47 - [MESSAGE][INFO] - Finding web element from Test Object's properties

2021-11-23 16:38:47 - [MESSAGE][INFO] - Checking timeout

2021-11-23 16:38:47 - [MESSAGE][INFO] - Finding web element with id: 'Object Repository/Olusturma/Genel/Olusturma/EklenenSatir' located by 'By.cssSelector: #divmalhizmet .dxgvInlineEditRow_LECustomTheme' in '30' second(s)

2021-11-23 16:38:47 - [MESSAGE][INFO] - Smart Wait Function is triggered

2021-11-23 16:38:47 - [MESSAGE][INFO] - Found 1 web elements with id: 'Object Repository/Olusturma/Genel/Olusturma/EklenenSatir' located by 'By.cssSelector: #divmalhizmet .dxgvInlineEditRow_LECustomTheme' in '30' second(s)

2021-11-23 16:38:47 - [MESSAGE][INFO] - Smart Wait Function is triggered

2021-11-23 16:38:48 - [TEST_STEP][PASSED] - if (!(getAttribute("value").contains("Vkn"))): null

2021-11-23 16:38:48 - [TEST_STEP][PASSED] - son.clear(): null

2021-11-23 16:38:48 - [TEST_STEP][PASSED] - son.sendKeys(Deger): null

2021-11-23 16:38:48 - [MESSAGE][PASSED] - Call Test Case 'Test Cases/Olusturma/Genel/Olusturma' successfully

2021-11-23 16:38:48 - [MESSAGE][INFO] - Checking called Test Case

2021-11-23 16:38:48 - [MESSAGE][INFO] - Starting to call Test Case 'Test Cases/Olusturma/Genel/Olusturma'

2021-11-23 16:38:48 - [TEST_CASE][PASSED] - Test Cases/Olusturma/Genel/Olusturma: Test Cases/Olusturma/Genel/Olusturma

2021-11-23 16:38:48 - [TEST_STEP][PASSED] - driver = getWebDriver(): null

2021-11-23 16:38:48 - [TEST_STEP][PASSED] - action = new org.openqa.selenium.interactions.Actions(driver): null

2021-11-23 16:38:48 - [TEST_STEP][PASSED] - baslikElement = <not implemented yet for class: org.codehaus.groovy.ast.expr.EmptyExpression>: null

2021-11-23 16:38:48 - [TEST_STEP][PASSED] - sonElement = <not implemented yet for class: org.codehaus.groovy.ast.expr.EmptyExpression>: null

2021-11-23 16:38:48 - [TEST_STEP][PASSED] - attr = <not implemented yet for class: org.codehaus.groovy.ast.expr.EmptyExpression>: null

2021-11-23 16:38:48 - [TEST_STEP][PASSED] - a = 0: null

2021-11-23 16:38:48 - [TEST_STEP][PASSED] - elements = findWebElements(findTestObject("Object Repository/Olusturma/Genel/Olusturma/TabloBasliklari"), 10): Found 16 web elements with id: 'Object Repository/Olusturma/Genel/Olusturma/TabloBasliklari' located by 'By.cssSelector: div#divmalhizmet .dxgvTable_LECustomTheme td.dxgvHeader_LECustomTheme tr>td:nth-child(1)' in '10' second(s)

2021-11-23 16:38:48 - [MESSAGE][INFO] - Finding Test Object 'Object Repository/Olusturma/Genel/Olusturma/TabloBasliklari'

2021-11-23 16:38:48 - [MESSAGE][INFO] - Checking timeout

2021-11-23 16:38:48 - [MESSAGE][INFO] - Finding web element with id: 'Object Repository/Olusturma/Genel/Olusturma/TabloBasliklari' located by 'By.cssSelector: div#divmalhizmet .dxgvTable_LECustomTheme td.dxgvHeader_LECustomTheme tr>td:nth-child(1)' in '10' second(s)

2021-11-23 16:38:48 - [MESSAGE][INFO] - Smart Wait Function is triggered

2021-11-23 16:38:48 - [MESSAGE][INFO] - Found 16 web elements with id: 'Object Repository/Olusturma/Genel/Olusturma/TabloBasliklari' located by 'By.cssSelector: div#divmalhizmet .dxgvTable_LECustomTheme td.dxgvHeader_LECustomTheme tr>td:nth-child(1)' in '10' second(s)

2021-11-23 16:38:48 - [TEST_STEP][PASSED] - for (def element : elements): null

2021-11-23 16:38:48 - [TEST_STEP][PASSED] - build().perform(): null

2021-11-23 16:38:48 - [TEST_STEP][PASSED] - if (getText().equals(Baslik)): null

2021-11-23 16:38:48 - [TEST_STEP][PASSED] - build().perform(): null

2021-11-23 16:38:48 - [TEST_STEP][PASSED] - if (getText().equals(Baslik)): null

2021-11-23 16:38:49 - [TEST_STEP][PASSED] - build().perform(): null

2021-11-23 16:38:49 - [TEST_STEP][PASSED] - if (getText().equals(Baslik)): null

2021-11-23 16:38:49 - [TEST_STEP][PASSED] - build().perform(): null

2021-11-23 16:38:49 - [TEST_STEP][PASSED] - if (getText().equals(Baslik)): null

2021-11-23 16:38:49 - [TEST_STEP][PASSED] - build().perform(): null

2021-11-23 16:38:49 - [TEST_STEP][PASSED] - if (getText().equals(Baslik)): null

2021-11-23 16:38:49 - [TEST_STEP][PASSED] - baslikElement = element.findElement(By.xpath("../../../..")): Smart Wait Function is triggered

2021-11-23 16:38:49 - [MESSAGE][INFO] - Smart Wait Function is triggered

2021-11-23 16:38:49 - [TEST_STEP][PASSED] - attr = baslikElement.getAttribute("id"): null

2021-11-23 16:38:49 - [TEST_STEP][PASSED] - println("girdi ve idsini aldı = " + attr): null

2021-11-23 16:38:49 - [TEST_STEP][PASSED] - break: null

2021-11-23 16:38:49 - [TEST_STEP][PASSED] - countElement = baslikElement.findElements(By.xpath("../td")): Smart Wait Function is triggered

2021-11-23 16:38:49 - [MESSAGE][INFO] - Smart Wait Function is triggered

2021-11-23 16:38:49 - [TEST_STEP][PASSED] - for (def element : countElement): null

2021-11-23 16:38:49 - [TEST_STEP][PASSED] - if (toString().equals(attr.toString())): null

2021-11-23 16:38:49 - [TEST_STEP][PASSED] - (a++): null

2021-11-23 16:38:49 - [TEST_STEP][PASSED] - if (toString().equals(attr.toString())): null

2021-11-23 16:38:49 - [TEST_STEP][PASSED] - (a++): null

2021-11-23 16:38:49 - [TEST_STEP][PASSED] - if (toString().equals(attr.toString())): null

2021-11-23 16:38:50 - [TEST_STEP][PASSED] - (a++): null

2021-11-23 16:38:50 - [TEST_STEP][PASSED] - if (toString().equals(attr.toString())): null

2021-11-23 16:38:50 - [TEST_STEP][PASSED] - (a++): null

2021-11-23 16:38:50 - [TEST_STEP][PASSED] - if (toString().equals(attr.toString())): null

2021-11-23 16:38:50 - [TEST_STEP][PASSED] - (a++): null

2021-11-23 16:38:50 - [TEST_STEP][PASSED] - if (toString().equals(attr.toString())): null

2021-11-23 16:38:50 - [TEST_STEP][PASSED] - break: null

2021-11-23 16:38:50 - [TEST_STEP][PASSED] - son = findWebElement(findTestObject("Object Repository/Olusturma/Genel/Olusturma/EklenenSatir")).findElement(By.xpath("td[@class='dxgvInlineEditCell_LECustomTheme dxgv'][" + a + "]//td[@class='dxic']/input")): Smart Wait Function is triggered

2021-11-23 16:38:50 - [MESSAGE][INFO] - Finding Test Object 'Object Repository/Olusturma/Genel/Olusturma/EklenenSatir'

2021-11-23 16:38:50 - [MESSAGE][INFO] - Finding web element from Test Object's properties

2021-11-23 16:38:50 - [MESSAGE][INFO] - Checking timeout

2021-11-23 16:38:50 - [MESSAGE][INFO] - Finding web element with id: 'Object Repository/Olusturma/Genel/Olusturma/EklenenSatir' located by 'By.cssSelector: #divmalhizmet .dxgvInlineEditRow_LECustomTheme' in '30' second(s)

2021-11-23 16:38:50 - [MESSAGE][INFO] - Smart Wait Function is triggered

2021-11-23 16:38:50 - [MESSAGE][INFO] - Found 1 web elements with id: 'Object Repository/Olusturma/Genel/Olusturma/EklenenSatir' located by 'By.cssSelector: #divmalhizmet .dxgvInlineEditRow_LECustomTheme' in '30' second(s)

2021-11-23 16:38:50 - [MESSAGE][INFO] - Smart Wait Function is triggered

2021-11-23 16:38:50 - [TEST_STEP][PASSED] - if (!(getAttribute("value").contains("Vkn"))): null

2021-11-23 16:38:50 - [TEST_STEP][PASSED] - else: null

2021-11-23 16:38:50 - [TEST_STEP][PASSED] - son.click(): null

2021-11-23 16:38:50 - [TEST_STEP][PASSED] - son.sendKeys(Deger): null

2021-11-23 16:38:50 - [MESSAGE][PASSED] - Call Test Case 'Test Cases/Olusturma/Genel/Olusturma' successfully

2021-11-23 16:38:50 - [MESSAGE][INFO] - Checking called Test Case

2021-11-23 16:38:50 - [MESSAGE][INFO] - Starting to call Test Case 'Test Cases/Olusturma/Genel/Olusturma'

2021-11-23 16:38:50 - [TEST_CASE][PASSED] - Test Cases/Olusturma/Genel/Olusturma: Test Cases/Olusturma/Genel/Olusturma

2021-11-23 16:38:50 - [TEST_STEP][PASSED] - driver = getWebDriver(): null

2021-11-23 16:38:50 - [TEST_STEP][PASSED] - action = new org.openqa.selenium.interactions.Actions(driver): null

2021-11-23 16:38:50 - [TEST_STEP][PASSED] - baslikElement = <not implemented yet for class: org.codehaus.groovy.ast.expr.EmptyExpression>: null

2021-11-23 16:38:50 - [TEST_STEP][PASSED] - sonElement = <not implemented yet for class: org.codehaus.groovy.ast.expr.EmptyExpression>: null

2021-11-23 16:38:50 - [TEST_STEP][PASSED] - attr = <not implemented yet for class: org.codehaus.groovy.ast.expr.EmptyExpression>: null

2021-11-23 16:38:50 - [TEST_STEP][PASSED] - a = 0: null

2021-11-23 16:38:50 - [TEST_STEP][PASSED] - elements = findWebElements(findTestObject("Object Repository/Olusturma/Genel/Olusturma/TabloBasliklari"), 10): Found 16 web elements with id: 'Object Repository/Olusturma/Genel/Olusturma/TabloBasliklari' located by 'By.cssSelector: div#divmalhizmet .dxgvTable_LECustomTheme td.dxgvHeader_LECustomTheme tr>td:nth-child(1)' in '10' second(s)

2021-11-23 16:38:50 - [MESSAGE][INFO] - Finding Test Object 'Object Repository/Olusturma/Genel/Olusturma/TabloBasliklari'

2021-11-23 16:38:51 - [MESSAGE][INFO] - Checking timeout

2021-11-23 16:38:51 - [MESSAGE][INFO] - Finding web element with id: 'Object Repository/Olusturma/Genel/Olusturma/TabloBasliklari' located by 'By.cssSelector: div#divmalhizmet .dxgvTable_LECustomTheme td.dxgvHeader_LECustomTheme tr>td:nth-child(1)' in '10' second(s)

2021-11-23 16:38:51 - [MESSAGE][INFO] - Smart Wait Function is triggered

2021-11-23 16:38:51 - [MESSAGE][INFO] - Found 16 web elements with id: 'Object Repository/Olusturma/Genel/Olusturma/TabloBasliklari' located by 'By.cssSelector: div#divmalhizmet .dxgvTable_LECustomTheme td.dxgvHeader_LECustomTheme tr>td:nth-child(1)' in '10' second(s)

2021-11-23 16:38:51 - [TEST_STEP][PASSED] - for (def element : elements): null

2021-11-23 16:38:51 - [TEST_STEP][PASSED] - build().perform(): null

2021-11-23 16:38:51 - [TEST_STEP][PASSED] - if (getText().equals(Baslik)): null

2021-11-23 16:38:51 - [TEST_STEP][PASSED] - build().perform(): null

2021-11-23 16:38:51 - [TEST_STEP][PASSED] - if (getText().equals(Baslik)): null

2021-11-23 16:38:51 - [TEST_STEP][PASSED] - build().perform(): null

2021-11-23 16:38:51 - [TEST_STEP][PASSED] - if (getText().equals(Baslik)): null

2021-11-23 16:38:51 - [TEST_STEP][PASSED] - build().perform(): null

2021-11-23 16:38:51 - [TEST_STEP][PASSED] - if (getText().equals(Baslik)): null

2021-11-23 16:38:51 - [TEST_STEP][PASSED] - build().perform(): null

2021-11-23 16:38:52 - [TEST_STEP][PASSED] - if (getText().equals(Baslik)): null

2021-11-23 16:38:52 - [TEST_STEP][PASSED] - build().perform(): null

2021-11-23 16:38:52 - [TEST_STEP][PASSED] - if (getText().equals(Baslik)): null

2021-11-23 16:38:52 - [TEST_STEP][PASSED] - baslikElement = element.findElement(By.xpath("../../../..")): Smart Wait Function is triggered

2021-11-23 16:38:52 - [MESSAGE][INFO] - Smart Wait Function is triggered

2021-11-23 16:38:52 - [TEST_STEP][PASSED] - attr = baslikElement.getAttribute("id"): null

2021-11-23 16:38:52 - [TEST_STEP][PASSED] - println("girdi ve idsini aldı = " + attr): null

2021-11-23 16:38:52 - [TEST_STEP][PASSED] - break: null

2021-11-23 16:38:52 - [TEST_STEP][PASSED] - countElement = baslikElement.findElements(By.xpath("../td")): Smart Wait Function is triggered

2021-11-23 16:38:52 - [MESSAGE][INFO] - Smart Wait Function is triggered

2021-11-23 16:38:52 - [TEST_STEP][PASSED] - for (def element : countElement): null

2021-11-23 16:38:52 - [TEST_STEP][PASSED] - if (toString().equals(attr.toString())): null

2021-11-23 16:38:52 - [TEST_STEP][PASSED] - (a++): null

2021-11-23 16:38:52 - [TEST_STEP][PASSED] - if (toString().equals(attr.toString())): null

2021-11-23 16:38:52 - [TEST_STEP][PASSED] - (a++): null

2021-11-23 16:38:52 - [TEST_STEP][PASSED] - if (toString().equals(attr.toString())): null

2021-11-23 16:38:52 - [TEST_STEP][PASSED] - (a++): null

2021-11-23 16:38:52 - [TEST_STEP][PASSED] - if (toString().equals(attr.toString())): null

2021-11-23 16:38:52 - [TEST_STEP][PASSED] - (a++): null

2021-11-23 16:38:52 - [TEST_STEP][PASSED] - if (toString().equals(attr.toString())): null

2021-11-23 16:38:52 - [TEST_STEP][PASSED] - (a++): null

2021-11-23 16:38:52 - [TEST_STEP][PASSED] - if (toString().equals(attr.toString())): null

2021-11-23 16:38:52 - [TEST_STEP][PASSED] - (a++): null

2021-11-23 16:38:52 - [TEST_STEP][PASSED] - if (toString().equals(attr.toString())): null

2021-11-23 16:38:52 - [TEST_STEP][PASSED] - break: null

2021-11-23 16:38:52 - [TEST_STEP][PASSED] - son = findWebElement(findTestObject("Object Repository/Olusturma/Genel/Olusturma/EklenenSatir")).findElement(By.xpath("td[@class='dxgvInlineEditCell_LECustomTheme dxgv'][" + a + "]//td[@class='dxic']/input")): Smart Wait Function is triggered

2021-11-23 16:38:52 - [MESSAGE][INFO] - Finding Test Object 'Object Repository/Olusturma/Genel/Olusturma/EklenenSatir'

2021-11-23 16:38:53 - [MESSAGE][INFO] - Finding web element from Test Object's properties

2021-11-23 16:38:53 - [MESSAGE][INFO] - Checking timeout

2021-11-23 16:38:53 - [MESSAGE][INFO] - Finding web element with id: 'Object Repository/Olusturma/Genel/Olusturma/EklenenSatir' located by 'By.cssSelector: #divmalhizmet .dxgvInlineEditRow_LECustomTheme' in '30' second(s)

2021-11-23 16:38:53 - [MESSAGE][INFO] - Smart Wait Function is triggered

2021-11-23 16:38:53 - [MESSAGE][INFO] - Found 1 web elements with id: 'Object Repository/Olusturma/Genel/Olusturma/EklenenSatir' located by 'By.cssSelector: #divmalhizmet .dxgvInlineEditRow_LECustomTheme' in '30' second(s)

2021-11-23 16:38:53 - [MESSAGE][INFO] - Smart Wait Function is triggered

2021-11-23 16:38:53 - [TEST_STEP][PASSED] - if (!(getAttribute("value").contains("Vkn"))): null

2021-11-23 16:38:53 - [TEST_STEP][PASSED] - son.clear(): null

2021-11-23 16:38:53 - [TEST_STEP][PASSED] - son.sendKeys(Deger): null

2021-11-23 16:38:53 - [MESSAGE][PASSED] - Call Test Case 'Test Cases/Olusturma/Genel/Olusturma' successfully

2021-11-23 16:38:53 - [MESSAGE][INFO] - Checking called Test Case

2021-11-23 16:38:53 - [MESSAGE][INFO] - Starting to call Test Case 'Test Cases/Olusturma/Genel/Olusturma'

2021-11-23 16:38:53 - [TEST_CASE][PASSED] - Test Cases/Olusturma/Genel/Olusturma: Test Cases/Olusturma/Genel/Olusturma

2021-11-23 16:38:53 - [TEST_STEP][PASSED] - driver = getWebDriver(): null

2021-11-23 16:38:53 - [TEST_STEP][PASSED] - action = new org.openqa.selenium.interactions.Actions(driver): null

2021-11-23 16:38:53 - [TEST_STEP][PASSED] - baslikElement = <not implemented yet for class: org.codehaus.groovy.ast.expr.EmptyExpression>: null

2021-11-23 16:38:53 - [TEST_STEP][PASSED] - sonElement = <not implemented yet for class: org.codehaus.groovy.ast.expr.EmptyExpression>: null

2021-11-23 16:38:53 - [TEST_STEP][PASSED] - attr = <not implemented yet for class: org.codehaus.groovy.ast.expr.EmptyExpression>: null

2021-11-23 16:38:53 - [TEST_STEP][PASSED] - a = 0: null

2021-11-23 16:38:53 - [TEST_STEP][PASSED] - elements = findWebElements(findTestObject("Object Repository/Olusturma/Genel/Olusturma/TabloBasliklari"), 10): Found 16 web elements with id: 'Object Repository/Olusturma/Genel/Olusturma/TabloBasliklari' located by 'By.cssSelector: div#divmalhizmet .dxgvTable_LECustomTheme td.dxgvHeader_LECustomTheme tr>td:nth-child(1)' in '10' second(s)

2021-11-23 16:38:53 - [MESSAGE][INFO] - Finding Test Object 'Object Repository/Olusturma/Genel/Olusturma/TabloBasliklari'

2021-11-23 16:38:53 - [MESSAGE][INFO] - Checking timeout

2021-11-23 16:38:53 - [MESSAGE][INFO] - Finding web element with id: 'Object Repository/Olusturma/Genel/Olusturma/TabloBasliklari' located by 'By.cssSelector: div#divmalhizmet .dxgvTable_LECustomTheme td.dxgvHeader_LECustomTheme tr>td:nth-child(1)' in '10' second(s)

2021-11-23 16:38:53 - [MESSAGE][INFO] - Smart Wait Function is triggered

2021-11-23 16:38:54 - [MESSAGE][INFO] - Found 16 web elements with id: 'Object Repository/Olusturma/Genel/Olusturma/TabloBasliklari' located by 'By.cssSelector: div#divmalhizmet .dxgvTable_LECustomTheme td.dxgvHeader_LECustomTheme tr>td:nth-child(1)' in '10' second(s)

2021-11-23 16:38:54 - [TEST_STEP][PASSED] - for (def element : elements): null

2021-11-23 16:38:54 - [TEST_STEP][PASSED] - build().perform(): null

2021-11-23 16:38:54 - [TEST_STEP][PASSED] - if (getText().equals(Baslik)): null

2021-11-23 16:38:54 - [TEST_STEP][PASSED] - build().perform(): null

2021-11-23 16:38:54 - [TEST_STEP][PASSED] - if (getText().equals(Baslik)): null

2021-11-23 16:38:54 - [TEST_STEP][PASSED] - build().perform(): null

2021-11-23 16:38:54 - [TEST_STEP][PASSED] - if (getText().equals(Baslik)): null

2021-11-23 16:38:54 - [TEST_STEP][PASSED] - build().perform(): null

2021-11-23 16:38:54 - [TEST_STEP][PASSED] - if (getText().equals(Baslik)): null

2021-11-23 16:38:54 - [TEST_STEP][PASSED] - build().perform(): null

2021-11-23 16:38:54 - [TEST_STEP][PASSED] - if (getText().equals(Baslik)): null

2021-11-23 16:38:54 - [TEST_STEP][PASSED] - build().perform(): null

2021-11-23 16:38:54 - [TEST_STEP][PASSED] - if (getText().equals(Baslik)): null

2021-11-23 16:38:55 - [TEST_STEP][PASSED] - build().perform(): null

2021-11-23 16:38:55 - [TEST_STEP][PASSED] - if (getText().equals(Baslik)): null

2021-11-23 16:38:55 - [TEST_STEP][PASSED] - baslikElement = element.findElement(By.xpath("../../../..")): Smart Wait Function is triggered

2021-11-23 16:38:55 - [MESSAGE][INFO] - Smart Wait Function is triggered

2021-11-23 16:38:55 - [TEST_STEP][PASSED] - attr = baslikElement.getAttribute("id"): null

2021-11-23 16:38:55 - [TEST_STEP][PASSED] - println("girdi ve idsini aldı = " + attr): null

2021-11-23 16:38:55 - [TEST_STEP][PASSED] - break: null

2021-11-23 16:38:55 - [TEST_STEP][PASSED] - countElement = baslikElement.findElements(By.xpath("../td")): Smart Wait Function is triggered

2021-11-23 16:38:55 - [MESSAGE][INFO] - Smart Wait Function is triggered

2021-11-23 16:38:55 - [TEST_STEP][PASSED] - for (def element : countElement): null

2021-11-23 16:38:55 - [TEST_STEP][PASSED] - if (toString().equals(attr.toString())): null

2021-11-23 16:38:55 - [TEST_STEP][PASSED] - (a++): null

2021-11-23 16:38:55 - [TEST_STEP][PASSED] - if (toString().equals(attr.toString())): null

2021-11-23 16:38:55 - [TEST_STEP][PASSED] - (a++): null

2021-11-23 16:38:55 - [TEST_STEP][PASSED] - if (toString().equals(attr.toString())): null

2021-11-23 16:38:55 - [TEST_STEP][PASSED] - (a++): null

2021-11-23 16:38:55 - [TEST_STEP][PASSED] - if (toString().equals(attr.toString())): null

2021-11-23 16:38:55 - [TEST_STEP][PASSED] - (a++): null

2021-11-23 16:38:55 - [TEST_STEP][PASSED] - if (toString().equals(attr.toString())): null

2021-11-23 16:38:55 - [TEST_STEP][PASSED] - (a++): null

2021-11-23 16:38:55 - [TEST_STEP][PASSED] - if (toString().equals(attr.toString())): null

2021-11-23 16:38:55 - [TEST_STEP][PASSED] - (a++): null

2021-11-23 16:38:55 - [TEST_STEP][PASSED] - if (toString().equals(attr.toString())): null

2021-11-23 16:38:55 - [TEST_STEP][PASSED] - (a++): null

2021-11-23 16:38:55 - [TEST_STEP][PASSED] - if (toString().equals(attr.toString())): null

2021-11-23 16:38:55 - [TEST_STEP][PASSED] - break: null

2021-11-23 16:38:55 - [TEST_STEP][PASSED] - son = findWebElement(findTestObject("Object Repository/Olusturma/Genel/Olusturma/EklenenSatir")).findElement(By.xpath("td[@class='dxgvInlineEditCell_LECustomTheme dxgv'][" + a + "]//td[@class='dxic']/input")): Smart Wait Function is triggered

2021-11-23 16:38:55 - [MESSAGE][INFO] - Finding Test Object 'Object Repository/Olusturma/Genel/Olusturma/EklenenSatir'

2021-11-23 16:38:55 - [MESSAGE][INFO] - Finding web element from Test Object's properties

2021-11-23 16:38:55 - [MESSAGE][INFO] - Checking timeout

2021-11-23 16:38:55 - [MESSAGE][INFO] - Finding web element with id: 'Object Repository/Olusturma/Genel/Olusturma/EklenenSatir' located by 'By.cssSelector: #divmalhizmet .dxgvInlineEditRow_LECustomTheme' in '30' second(s)

2021-11-23 16:38:55 - [MESSAGE][INFO] - Smart Wait Function is triggered

2021-11-23 16:38:56 - [MESSAGE][INFO] - Found 1 web elements with id: 'Object Repository/Olusturma/Genel/Olusturma/EklenenSatir' located by 'By.cssSelector: #divmalhizmet .dxgvInlineEditRow_LECustomTheme' in '30' second(s)

2021-11-23 16:38:56 - [MESSAGE][INFO] - Smart Wait Function is triggered

2021-11-23 16:38:56 - [TEST_STEP][PASSED] - if (!(getAttribute("value").contains("Vkn"))): null

2021-11-23 16:38:56 - [TEST_STEP][PASSED] - son.clear(): null

2021-11-23 16:38:56 - [TEST_STEP][PASSED] - son.sendKeys(Deger): null

2021-11-23 16:38:56 - [MESSAGE][PASSED] - Call Test Case 'Test Cases/Olusturma/Genel/Olusturma' successfully

2021-11-23 16:38:56 - [MESSAGE][INFO] - Checking called Test Case

2021-11-23 16:38:56 - [MESSAGE][INFO] - Starting to call Test Case 'Test Cases/Olusturma/Genel/Olusturma'

2021-11-23 16:38:56 - [TEST_CASE][PASSED] - Test Cases/Olusturma/Genel/Olusturma: Test Cases/Olusturma/Genel/Olusturma

2021-11-23 16:38:56 - [TEST_STEP][PASSED] - driver = getWebDriver(): null

2021-11-23 16:38:56 - [TEST_STEP][PASSED] - action = new org.openqa.selenium.interactions.Actions(driver): null

2021-11-23 16:38:56 - [TEST_STEP][PASSED] - baslikElement = <not implemented yet for class: org.codehaus.groovy.ast.expr.EmptyExpression>: null

2021-11-23 16:38:56 - [TEST_STEP][PASSED] - sonElement = <not implemented yet for class: org.codehaus.groovy.ast.expr.EmptyExpression>: null

2021-11-23 16:38:56 - [TEST_STEP][PASSED] - attr = <not implemented yet for class: org.codehaus.groovy.ast.expr.EmptyExpression>: null

2021-11-23 16:38:56 - [TEST_STEP][PASSED] - a = 0: null

2021-11-23 16:38:56 - [TEST_STEP][PASSED] - elements = findWebElements(findTestObject("Object Repository/Olusturma/Genel/Olusturma/TabloBasliklari"), 10): Found 16 web elements with id: 'Object Repository/Olusturma/Genel/Olusturma/TabloBasliklari' located by 'By.cssSelector: div#divmalhizmet .dxgvTable_LECustomTheme td.dxgvHeader_LECustomTheme tr>td:nth-child(1)' in '10' second(s)

2021-11-23 16:38:56 - [MESSAGE][INFO] - Finding Test Object 'Object Repository/Olusturma/Genel/Olusturma/TabloBasliklari'

2021-11-23 16:38:56 - [MESSAGE][INFO] - Checking timeout

2021-11-23 16:38:56 - [MESSAGE][INFO] - Finding web element with id: 'Object Repository/Olusturma/Genel/Olusturma/TabloBasliklari' located by 'By.cssSelector: div#divmalhizmet .dxgvTable_LECustomTheme td.dxgvHeader_LECustomTheme tr>td:nth-child(1)' in '10' second(s)

2021-11-23 16:38:56 - [MESSAGE][INFO] - Smart Wait Function is triggered

2021-11-23 16:38:57 - [MESSAGE][INFO] - Found 16 web elements with id: 'Object Repository/Olusturma/Genel/Olusturma/TabloBasliklari' located by 'By.cssSelector: div#divmalhizmet .dxgvTable_LECustomTheme td.dxgvHeader_LECustomTheme tr>td:nth-child(1)' in '10' second(s)

2021-11-23 16:38:57 - [TEST_STEP][PASSED] - for (def element : elements): null

2021-11-23 16:38:57 - [TEST_STEP][PASSED] - build().perform(): null

2021-11-23 16:38:57 - [TEST_STEP][PASSED] - if (getText().equals(Baslik)): null

2021-11-23 16:38:57 - [TEST_STEP][PASSED] - build().perform(): null

2021-11-23 16:38:57 - [TEST_STEP][PASSED] - if (getText().equals(Baslik)): null

2021-11-23 16:38:57 - [TEST_STEP][PASSED] - build().perform(): null

2021-11-23 16:38:57 - [TEST_STEP][PASSED] - if (getText().equals(Baslik)): null

2021-11-23 16:38:57 - [TEST_STEP][PASSED] - build().perform(): null

2021-11-23 16:38:57 - [TEST_STEP][PASSED] - if (getText().equals(Baslik)): null

2021-11-23 16:38:57 - [TEST_STEP][PASSED] - build().perform(): null

2021-11-23 16:38:57 - [TEST_STEP][PASSED] - if (getText().equals(Baslik)): null

2021-11-23 16:38:57 - [TEST_STEP][PASSED] - build().perform(): null

2021-11-23 16:38:57 - [TEST_STEP][PASSED] - if (getText().equals(Baslik)): null

2021-11-23 16:38:57 - [TEST_STEP][PASSED] - build().perform(): null

2021-11-23 16:38:58 - [TEST_STEP][PASSED] - if (getText().equals(Baslik)): null

2021-11-23 16:38:58 - [TEST_STEP][PASSED] - build().perform(): null

2021-11-23 16:38:58 - [TEST_STEP][PASSED] - if (getText().equals(Baslik)): null

2021-11-23 16:38:58 - [TEST_STEP][PASSED] - build().perform(): null

2021-11-23 16:38:58 - [TEST_STEP][PASSED] - if (getText().equals(Baslik)): null

2021-11-23 16:38:58 - [TEST_STEP][PASSED] - baslikElement = element.findElement(By.xpath("../../../..")): Smart Wait Function is triggered

2021-11-23 16:38:58 - [MESSAGE][INFO] - Smart Wait Function is triggered

2021-11-23 16:38:58 - [TEST_STEP][PASSED] - attr = baslikElement.getAttribute("id"): null

2021-11-23 16:38:58 - [TEST_STEP][PASSED] - println("girdi ve idsini aldı = " + attr): null

2021-11-23 16:38:58 - [TEST_STEP][PASSED] - break: null

2021-11-23 16:38:58 - [TEST_STEP][PASSED] - countElement = baslikElement.findElements(By.xpath("../td")): Smart Wait Function is triggered

2021-11-23 16:38:58 - [MESSAGE][INFO] - Smart Wait Function is triggered

2021-11-23 16:38:59 - [TEST_STEP][PASSED] - for (def element : countElement): null

2021-11-23 16:38:59 - [TEST_STEP][PASSED] - if (toString().equals(attr.toString())): null

2021-11-23 16:38:59 - [TEST_STEP][PASSED] - (a++): null

2021-11-23 16:38:59 - [TEST_STEP][PASSED] - if (toString().equals(attr.toString())): null

2021-11-23 16:38:59 - [TEST_STEP][PASSED] - (a++): null

2021-11-23 16:38:59 - [TEST_STEP][PASSED] - if (toString().equals(attr.toString())): null

2021-11-23 16:38:59 - [TEST_STEP][PASSED] - (a++): null

2021-11-23 16:38:59 - [TEST_STEP][PASSED] - if (toString().equals(attr.toString())): null

2021-11-23 16:38:59 - [TEST_STEP][PASSED] - (a++): null

2021-11-23 16:38:59 - [TEST_STEP][PASSED] - if (toString().equals(attr.toString())): null

2021-11-23 16:38:59 - [TEST_STEP][PASSED] - (a++): null

2021-11-23 16:38:59 - [TEST_STEP][PASSED] - if (toString().equals(attr.toString())): null

2021-11-23 16:38:59 - [TEST_STEP][PASSED] - (a++): null

2021-11-23 16:38:59 - [TEST_STEP][PASSED] - if (toString().equals(attr.toString())): null

2021-11-23 16:38:59 - [TEST_STEP][PASSED] - (a++): null

2021-11-23 16:38:59 - [TEST_STEP][PASSED] - if (toString().equals(attr.toString())): null

2021-11-23 16:38:59 - [TEST_STEP][PASSED] - (a++): null

2021-11-23 16:38:59 - [TEST_STEP][PASSED] - if (toString().equals(attr.toString())): null

2021-11-23 16:38:59 - [TEST_STEP][PASSED] - (a++): null

2021-11-23 16:38:59 - [TEST_STEP][PASSED] - if (toString().equals(attr.toString())): null

2021-11-23 16:38:59 - [TEST_STEP][PASSED] - break: null

2021-11-23 16:38:59 - [TEST_STEP][PASSED] - son = findWebElement(findTestObject("Object Repository/Olusturma/Genel/Olusturma/EklenenSatir")).findElement(By.xpath("td[@class='dxgvInlineEditCell_LECustomTheme dxgv'][" + a + "]//td[@class='dxic']/input")): Smart Wait Function is triggered

2021-11-23 16:38:59 - [MESSAGE][INFO] - Finding Test Object 'Object Repository/Olusturma/Genel/Olusturma/EklenenSatir'

2021-11-23 16:38:59 - [MESSAGE][INFO] - Finding web element from Test Object's properties

2021-11-23 16:38:59 - [MESSAGE][INFO] - Checking timeout

2021-11-23 16:38:59 - [MESSAGE][INFO] - Finding web element with id: 'Object Repository/Olusturma/Genel/Olusturma/EklenenSatir' located by 'By.cssSelector: #divmalhizmet .dxgvInlineEditRow_LECustomTheme' in '30' second(s)

2021-11-23 16:38:59 - [MESSAGE][INFO] - Smart Wait Function is triggered

2021-11-23 16:38:59 - [MESSAGE][INFO] - Found 1 web elements with id: 'Object Repository/Olusturma/Genel/Olusturma/EklenenSatir' located by 'By.cssSelector: #divmalhizmet .dxgvInlineEditRow_LECustomTheme' in '30' second(s)

2021-11-23 16:38:59 - [MESSAGE][INFO] - Smart Wait Function is triggered

2021-11-23 16:38:59 - [TEST_STEP][PASSED] - if (!(getAttribute("value").contains("Vkn"))): null

2021-11-23 16:38:59 - [TEST_STEP][PASSED] - son.clear(): null

2021-11-23 16:39:00 - [TEST_STEP][PASSED] - son.sendKeys(Deger): null

2021-11-23 16:39:00 - [MESSAGE][PASSED] - Call Test Case 'Test Cases/Olusturma/Genel/Olusturma' successfully

2021-11-23 16:39:00 - [MESSAGE][INFO] - Checking called Test Case

2021-11-23 16:39:00 - [MESSAGE][INFO] - Starting to call Test Case 'Test Cases/Olusturma/Genel/Olusturma'

2021-11-23 16:39:00 - [TEST_CASE][PASSED] - Test Cases/Olusturma/Genel/Olusturma: Test Cases/Olusturma/Genel/Olusturma

2021-11-23 16:39:00 - [TEST_STEP][PASSED] - driver = getWebDriver(): null

2021-11-23 16:39:00 - [TEST_STEP][PASSED] - action = new org.openqa.selenium.interactions.Actions(driver): null

2021-11-23 16:39:00 - [TEST_STEP][PASSED] - baslikElement = <not implemented yet for class: org.codehaus.groovy.ast.expr.EmptyExpression>: null

2021-11-23 16:39:00 - [TEST_STEP][PASSED] - sonElement = <not implemented yet for class: org.codehaus.groovy.ast.expr.EmptyExpression>: null

2021-11-23 16:39:00 - [TEST_STEP][PASSED] - attr = <not implemented yet for class: org.codehaus.groovy.ast.expr.EmptyExpression>: null

2021-11-23 16:39:00 - [TEST_STEP][PASSED] - a = 0: null

2021-11-23 16:39:00 - [TEST_STEP][PASSED] - elements = findWebElements(findTestObject("Object Repository/Olusturma/Genel/Olusturma/TabloBasliklari"), 10): Found 16 web elements with id: 'Object Repository/Olusturma/Genel/Olusturma/TabloBasliklari' located by 'By.cssSelector: div#divmalhizmet .dxgvTable_LECustomTheme td.dxgvHeader_LECustomTheme tr>td:nth-child(1)' in '10' second(s)

2021-11-23 16:39:00 - [MESSAGE][INFO] - Finding Test Object 'Object Repository/Olusturma/Genel/Olusturma/TabloBasliklari'

2021-11-23 16:39:00 - [MESSAGE][INFO] - Checking timeout

2021-11-23 16:39:00 - [MESSAGE][INFO] - Finding web element with id: 'Object Repository/Olusturma/Genel/Olusturma/TabloBasliklari' located by 'By.cssSelector: div#divmalhizmet .dxgvTable_LECustomTheme td.dxgvHeader_LECustomTheme tr>td:nth-child(1)' in '10' second(s)

2021-11-23 16:39:00 - [MESSAGE][INFO] - Smart Wait Function is triggered

2021-11-23 16:39:00 - [MESSAGE][INFO] - Found 16 web elements with id: 'Object Repository/Olusturma/Genel/Olusturma/TabloBasliklari' located by 'By.cssSelector: div#divmalhizmet .dxgvTable_LECustomTheme td.dxgvHeader_LECustomTheme tr>td:nth-child(1)' in '10' second(s)

2021-11-23 16:39:00 - [TEST_STEP][PASSED] - for (def element : elements): null

2021-11-23 16:39:00 - [TEST_STEP][PASSED] - build().perform(): null

2021-11-23 16:39:00 - [TEST_STEP][PASSED] - if (getText().equals(Baslik)): null

2021-11-23 16:39:00 - [TEST_STEP][PASSED] - build().perform(): null

2021-11-23 16:39:01 - [TEST_STEP][PASSED] - if (getText().equals(Baslik)): null

2021-11-23 16:39:01 - [TEST_STEP][PASSED] - build().perform(): null

2021-11-23 16:39:01 - [TEST_STEP][PASSED] - if (getText().equals(Baslik)): null

2021-11-23 16:39:01 - [TEST_STEP][PASSED] - build().perform(): null

2021-11-23 16:39:01 - [TEST_STEP][PASSED] - if (getText().equals(Baslik)): null

2021-11-23 16:39:01 - [TEST_STEP][PASSED] - build().perform(): null

2021-11-23 16:39:01 - [TEST_STEP][PASSED] - if (getText().equals(Baslik)): null

2021-11-23 16:39:01 - [TEST_STEP][PASSED] - build().perform(): null

2021-11-23 16:39:01 - [TEST_STEP][PASSED] - if (getText().equals(Baslik)): null

2021-11-23 16:39:01 - [TEST_STEP][PASSED] - build().perform(): null

2021-11-23 16:39:01 - [TEST_STEP][PASSED] - if (getText().equals(Baslik)): null

2021-11-23 16:39:01 - [TEST_STEP][PASSED] - build().perform(): null

2021-11-23 16:39:01 - [TEST_STEP][PASSED] - if (getText().equals(Baslik)): null

2021-11-23 16:39:01 - [TEST_STEP][PASSED] - build().perform(): null

2021-11-23 16:39:02 - [TEST_STEP][PASSED] - if (getText().equals(Baslik)): null

2021-11-23 16:39:02 - [TEST_STEP][PASSED] - build().perform(): null

2021-11-23 16:39:02 - [TEST_STEP][PASSED] - if (getText().equals(Baslik)): null

2021-11-23 16:39:02 - [TEST_STEP][PASSED] - baslikElement = element.findElement(By.xpath("../../../..")): Smart Wait Function is triggered

2021-11-23 16:39:02 - [MESSAGE][INFO] - Smart Wait Function is triggered

2021-11-23 16:39:02 - [TEST_STEP][PASSED] - attr = baslikElement.getAttribute("id"): null

2021-11-23 16:39:02 - [TEST_STEP][PASSED] - println("girdi ve idsini aldı = " + attr): null

2021-11-23 16:39:02 - [TEST_STEP][PASSED] - break: null

2021-11-23 16:39:02 - [TEST_STEP][PASSED] - countElement = baslikElement.findElements(By.xpath("../td")): Smart Wait Function is triggered

2021-11-23 16:39:02 - [MESSAGE][INFO] - Smart Wait Function is triggered

2021-11-23 16:39:02 - [TEST_STEP][PASSED] - for (def element : countElement): null

2021-11-23 16:39:02 - [TEST_STEP][PASSED] - if (toString().equals(attr.toString())): null

2021-11-23 16:39:02 - [TEST_STEP][PASSED] - (a++): null

2021-11-23 16:39:02 - [TEST_STEP][PASSED] - if (toString().equals(attr.toString())): null

2021-11-23 16:39:02 - [TEST_STEP][PASSED] - (a++): null

2021-11-23 16:39:02 - [TEST_STEP][PASSED] - if (toString().equals(attr.toString())): null

2021-11-23 16:39:02 - [TEST_STEP][PASSED] - (a++): null

2021-11-23 16:39:02 - [TEST_STEP][PASSED] - if (toString().equals(attr.toString())): null

2021-11-23 16:39:02 - [TEST_STEP][PASSED] - (a++): null

2021-11-23 16:39:02 - [TEST_STEP][PASSED] - if (toString().equals(attr.toString())): null

2021-11-23 16:39:02 - [TEST_STEP][PASSED] - (a++): null

2021-11-23 16:39:02 - [TEST_STEP][PASSED] - if (toString().equals(attr.toString())): null

2021-11-23 16:39:02 - [TEST_STEP][PASSED] - (a++): null

2021-11-23 16:39:02 - [TEST_STEP][PASSED] - if (toString().equals(attr.toString())): null

2021-11-23 16:39:02 - [TEST_STEP][PASSED] - (a++): null

2021-11-23 16:39:02 - [TEST_STEP][PASSED] - if (toString().equals(attr.toString())): null

2021-11-23 16:39:02 - [TEST_STEP][PASSED] - (a++): null

2021-11-23 16:39:02 - [TEST_STEP][PASSED] - if (toString().equals(attr.toString())): null

2021-11-23 16:39:02 - [TEST_STEP][PASSED] - (a++): null

2021-11-23 16:39:02 - [TEST_STEP][PASSED] - if (toString().equals(attr.toString())): null

2021-11-23 16:39:02 - [TEST_STEP][PASSED] - (a++): null

2021-11-23 16:39:02 - [TEST_STEP][PASSED] - if (toString().equals(attr.toString())): null

2021-11-23 16:39:02 - [TEST_STEP][PASSED] - break: null

2021-11-23 16:39:02 - [TEST_STEP][PASSED] - son = findWebElement(findTestObject("Object Repository/Olusturma/Genel/Olusturma/EklenenSatir")).findElement(By.xpath("td[@class='dxgvInlineEditCell_LECustomTheme dxgv'][" + a + "]//td[@class='dxic']/input")): Smart Wait Function is triggered

2021-11-23 16:39:02 - [MESSAGE][INFO] - Finding Test Object 'Object Repository/Olusturma/Genel/Olusturma/EklenenSatir'

2021-11-23 16:39:03 - [MESSAGE][INFO] - Finding web element from Test Object's properties

2021-11-23 16:39:03 - [MESSAGE][INFO] - Checking timeout

2021-11-23 16:39:03 - [MESSAGE][INFO] - Finding web element with id: 'Object Repository/Olusturma/Genel/Olusturma/EklenenSatir' located by 'By.cssSelector: #divmalhizmet .dxgvInlineEditRow_LECustomTheme' in '30' second(s)

2021-11-23 16:39:03 - [MESSAGE][INFO] - Smart Wait Function is triggered

2021-11-23 16:39:03 - [MESSAGE][INFO] - Found 1 web elements with id: 'Object Repository/Olusturma/Genel/Olusturma/EklenenSatir' located by 'By.cssSelector: #divmalhizmet .dxgvInlineEditRow_LECustomTheme' in '30' second(s)

2021-11-23 16:39:03 - [MESSAGE][INFO] - Smart Wait Function is triggered

2021-11-23 16:39:03 - [TEST_STEP][PASSED] - if (!(getAttribute("value").contains("Vkn"))): null

2021-11-23 16:39:03 - [TEST_STEP][PASSED] - son.clear(): null

2021-11-23 16:39:03 - [TEST_STEP][PASSED] - son.sendKeys(Deger): null

2021-11-23 16:39:03 - [MESSAGE][PASSED] - Call Test Case 'Test Cases/Olusturma/Genel/Olusturma' successfully

2021-11-23 16:39:04 - [MESSAGE][INFO] - Checking called Test Case

2021-11-23 16:39:04 - [MESSAGE][INFO] - Starting to call Test Case 'Test Cases/Olusturma/Genel/NotGirilir'

2021-11-23 16:39:04 - [TEST_CASE][PASSED] - Test Cases/Olusturma/Genel/NotGirilir: Test Cases/Olusturma/Genel/NotGirilir

2021-11-23 16:39:04 - [TEST_STEP][PASSED] - i = 0: null

2021-11-23 16:39:04 - [TEST_STEP][PASSED] - waitForElementClickable(findTestObject("Olusturma/Genel/Not/Notlar"), 10): Object 'Object Repository/Olusturma/Genel/Not/Notlar' is clickable

2021-11-23 16:39:04 - [MESSAGE][INFO] - Finding Test Object 'Object Repository/Olusturma/Genel/Not/Notlar'

2021-11-23 16:39:04 - [MESSAGE][INFO] - Checking object

2021-11-23 16:39:04 - [MESSAGE][INFO] - Checking timeout

2021-11-23 16:39:04 - [MESSAGE][INFO] - Finding web element from Test Object's properties

2021-11-23 16:39:04 - [MESSAGE][INFO] - Checking timeout

2021-11-23 16:39:04 - [MESSAGE][INFO] - Finding web element with id: 'Object Repository/Olusturma/Genel/Not/Notlar' located by 'By.xpath: //*[@id = 'txtNote_I']' in '10' second(s)

2021-11-23 16:39:04 - [MESSAGE][INFO] - Smart Wait Function is triggered

2021-11-23 16:39:04 - [MESSAGE][INFO] - Found 1 web elements with id: 'Object Repository/Olusturma/Genel/Not/Notlar' located by 'By.xpath: //*[@id = 'txtNote_I']' in '10' second(s)

2021-11-23 16:39:04 - [MESSAGE][PASSED] - Object 'Object Repository/Olusturma/Genel/Not/Notlar' is clickable

2021-11-23 16:39:04 - [TEST_STEP][PASSED] - clearText(findTestObject("Olusturma/Genel/Not/Notlar")): Text of object 'Object Repository/Olusturma/Genel/Not/Notlar' is cleared

2021-11-23 16:39:04 - [MESSAGE][INFO] - Finding Test Object 'Object Repository/Olusturma/Genel/Not/Notlar'

2021-11-23 16:39:04 - [MESSAGE][INFO] - Checking object

2021-11-23 16:39:04 - [MESSAGE][INFO] - Finding web element from Test Object's properties

2021-11-23 16:39:04 - [MESSAGE][INFO] - Checking timeout

2021-11-23 16:39:04 - [MESSAGE][INFO] - Finding web element with id: 'Object Repository/Olusturma/Genel/Not/Notlar' located by 'By.xpath: //*[@id = 'txtNote_I']' in '30' second(s)

2021-11-23 16:39:04 - [MESSAGE][INFO] - Smart Wait Function is triggered

2021-11-23 16:39:04 - [MESSAGE][INFO] - Found 1 web elements with id: 'Object Repository/Olusturma/Genel/Not/Notlar' located by 'By.xpath: //*[@id = 'txtNote_I']' in '30' second(s)

2021-11-23 16:39:04 - [MESSAGE][INFO] - Clearing text of object 'Object Repository/Olusturma/Genel/Not/Notlar'

2021-11-23 16:39:04 - [MESSAGE][PASSED] - Text of object 'Object Repository/Olusturma/Genel/Not/Notlar' is cleared

2021-11-23 16:39:04 - [TEST_STEP][PASSED] - click(findTestObject("Olusturma/Genel/Not/Notlar")): Object: 'Object Repository/Olusturma/Genel/Not/Notlar' is clicked on

2021-11-23 16:39:04 - [MESSAGE][INFO] - Finding Test Object 'Object Repository/Olusturma/Genel/Not/Notlar'

2021-11-23 16:39:05 - [MESSAGE][INFO] - Checking object

2021-11-23 16:39:05 - [MESSAGE][INFO] - Finding web element from Test Object's properties

2021-11-23 16:39:05 - [MESSAGE][INFO] - Checking timeout

2021-11-23 16:39:05 - [MESSAGE][INFO] - Finding web element with id: 'Object Repository/Olusturma/Genel/Not/Notlar' located by 'By.xpath: //*[@id = 'txtNote_I']' in '30' second(s)

2021-11-23 16:39:05 - [MESSAGE][INFO] - Smart Wait Function is triggered

2021-11-23 16:39:05 - [MESSAGE][INFO] - Found 1 web elements with id: 'Object Repository/Olusturma/Genel/Not/Notlar' located by 'By.xpath: //*[@id = 'txtNote_I']' in '30' second(s)

2021-11-23 16:39:05 - [MESSAGE][INFO] - Clicking on object: 'Object Repository/Olusturma/Genel/Not/Notlar'

2021-11-23 16:39:05 - [MESSAGE][PASSED] - Object: 'Object Repository/Olusturma/Genel/Not/Notlar' is clicked on

2021-11-23 16:39:05 - [TEST_STEP][PASSED] - while (true): null

2021-11-23 16:39:05 - [TEST_STEP][PASSED] - delay(1): Delayed 1 second(s)

2021-11-23 16:39:05 - [MESSAGE][INFO] - Delaying browser in 1 second(s)

2021-11-23 16:39:06 - [MESSAGE][PASSED] - Delayed 1 second(s)

2021-11-23 16:39:06 - [TEST_STEP][PASSED] - ajaxIsComplete = executeJavaScript("return jQuery.active == 0", null): Execute JavaScript 'return jQuery.active == 0' successfully

2021-11-23 16:39:06 - [MESSAGE][PASSED] - Execute JavaScript 'return jQuery.active == 0' successfully

2021-11-23 16:39:06 - [TEST_STEP][PASSED] - if (ajaxIsComplete): null

2021-11-23 16:39:06 - [TEST_STEP][PASSED] - break: null

2021-11-23 16:39:06 - [TEST_STEP][PASSED] - sendKeys(findTestObject("Olusturma/Genel/Not/Notlar"), Not): Keys 'Otomasyon Not' sent to object: 'Object Repository/Olusturma/Genel/Not/Notlar'

2021-11-23 16:39:06 - [MESSAGE][INFO] - Finding Test Object 'Object Repository/Olusturma/Genel/Not/Notlar'

2021-11-23 16:39:06 - [MESSAGE][INFO] - Sending keys 'Otomasyon Not' to object: 'Object Repository/Olusturma/Genel/Not/Notlar'

2021-11-23 16:39:06 - [MESSAGE][INFO] - Finding web element from Test Object's properties

2021-11-23 16:39:06 - [MESSAGE][INFO] - Checking timeout

2021-11-23 16:39:06 - [MESSAGE][INFO] - Finding web element with id: 'Object Repository/Olusturma/Genel/Not/Notlar' located by 'By.xpath: //*[@id = 'txtNote_I']' in '30' second(s)

2021-11-23 16:39:06 - [MESSAGE][INFO] - Smart Wait Function is triggered

2021-11-23 16:39:07 - [MESSAGE][INFO] - Found 1 web elements with id: 'Object Repository/Olusturma/Genel/Not/Notlar' located by 'By.xpath: //*[@id = 'txtNote_I']' in '30' second(s)

2021-11-23 16:39:07 - [MESSAGE][PASSED] - Keys 'Otomasyon Not' sent to object: 'Object Repository/Olusturma/Genel/Not/Notlar'

2021-11-23 16:39:07 - [MESSAGE][PASSED] - Call Test Case 'Test Cases/Olusturma/Genel/NotGirilir' successfully

2021-11-23 16:39:07 - [MESSAGE][INFO] - Checking called Test Case

2021-11-23 16:39:07 - [MESSAGE][INFO] - Starting to call Test Case 'Test Cases/Olusturma/Genel/EttnBilgisiKayitEdilir'

2021-11-23 16:39:07 - [TEST_CASE][PASSED] - Test Cases/Olusturma/Genel/EttnBilgisiKayitEdilir: Test Cases/Olusturma/Genel/EttnBilgisiKayitEdilir

2021-11-23 16:39:07 - [TEST_STEP][PASSED] - verifyElementPresent(findTestObject("Object Repository/Olusturma/Genel/Olusturma/eArsivEttnBilgisi"), 7): Object 'Object Repository/Olusturma/Genel/Olusturma/eArsivEttnBilgisi' is present

2021-11-23 16:39:07 - [MESSAGE][INFO] - Finding Test Object 'Object Repository/Olusturma/Genel/Olusturma/eArsivEttnBilgisi'

2021-11-23 16:39:07 - [MESSAGE][INFO] - Checking object

2021-11-23 16:39:07 - [MESSAGE][INFO] - Finding web element from Test Object's properties

2021-11-23 16:39:07 - [MESSAGE][INFO] - Checking timeout

2021-11-23 16:39:07 - [MESSAGE][INFO] - Finding web element with id: 'Object Repository/Olusturma/Genel/Olusturma/eArsivEttnBilgisi' located by 'By.xpath: //*[@id = 'Uuid_I']' in '7' second(s)

2021-11-23 16:39:07 - [MESSAGE][INFO] - Smart Wait Function is triggered

2021-11-23 16:39:07 - [MESSAGE][INFO] - Found 1 web elements with id: 'Object Repository/Olusturma/Genel/Olusturma/eArsivEttnBilgisi' located by 'By.xpath: //*[@id = 'Uuid_I']' in '7' second(s)

2021-11-23 16:39:07 - [MESSAGE][PASSED] - Object 'Object Repository/Olusturma/Genel/Olusturma/eArsivEttnBilgisi' is present

2021-11-23 16:39:07 - [TEST_STEP][PASSED] - ettn = getAttribute(findTestObject("Object Repository/Olusturma/Genel/Olusturma/eArsivEttnBilgisi"), "value"): Attribute 'value' of object 'Object Repository/Olusturma/Genel/Olusturma/eArsivEttnBilgisi' is: '020a2e23-43c8-4a2b-ab9b-949df7883665'

2021-11-23 16:39:07 - [MESSAGE][INFO] - Finding Test Object 'Object Repository/Olusturma/Genel/Olusturma/eArsivEttnBilgisi'

2021-11-23 16:39:08 - [MESSAGE][INFO] - Checking object

2021-11-23 16:39:08 - [MESSAGE][INFO] - Checking attribute

2021-11-23 16:39:08 - [MESSAGE][INFO] - Finding web element from Test Object's properties

2021-11-23 16:39:08 - [MESSAGE][INFO] - Checking timeout

2021-11-23 16:39:08 - [MESSAGE][INFO] - Finding web element with id: 'Object Repository/Olusturma/Genel/Olusturma/eArsivEttnBilgisi' located by 'By.xpath: //*[@id = 'Uuid_I']' in '30' second(s)

2021-11-23 16:39:08 - [MESSAGE][INFO] - Smart Wait Function is triggered

2021-11-23 16:39:08 - [MESSAGE][INFO] - Found 1 web elements with id: 'Object Repository/Olusturma/Genel/Olusturma/eArsivEttnBilgisi' located by 'By.xpath: //*[@id = 'Uuid_I']' in '30' second(s)

2021-11-23 16:39:08 - [MESSAGE][INFO] - Getting attribute 'value' of object 'Object Repository/Olusturma/Genel/Olusturma/eArsivEttnBilgisi'

2021-11-23 16:39:08 - [MESSAGE][PASSED] - Attribute 'value' of object 'Object Repository/Olusturma/Genel/Olusturma/eArsivEttnBilgisi' is: '020a2e23-43c8-4a2b-ab9b-949df7883665'

2021-11-23 16:39:08 - [MESSAGE][PASSED] - Call Test Case 'Test Cases/Olusturma/Genel/EttnBilgisiKayitEdilir' successfully

2021-11-23 16:39:08 - [MESSAGE][INFO] - Checking called Test Case

2021-11-23 16:39:08 - [MESSAGE][INFO] - Starting to call Test Case 'Test Cases/Olusturma/Genel/KaydetButonunaTiklanir'

2021-11-23 16:39:08 - [TEST_CASE][PASSED] - Test Cases/Olusturma/Genel/KaydetButonunaTiklanir: Test Cases/Olusturma/Genel/KaydetButonunaTiklanir

2021-11-23 16:39:08 - [TEST_STEP][PASSED] - i = 0: null

2021-11-23 16:39:08 - [TEST_STEP][PASSED] - waitForElementPresent(findTestObject("Olusturma/Genel/Not/Notlar"), 10): Object 'Object Repository/Olusturma/Genel/Not/Notlar' is present

2021-11-23 16:39:08 - [MESSAGE][INFO] - Finding Test Object 'Object Repository/Olusturma/Genel/Not/Notlar'

2021-11-23 16:39:08 - [MESSAGE][INFO] - Checking object

2021-11-23 16:39:08 - [MESSAGE][INFO] - Finding web element from Test Object's properties

2021-11-23 16:39:08 - [MESSAGE][INFO] - Checking timeout

2021-11-23 16:39:08 - [MESSAGE][INFO] - Finding web element with id: 'Object Repository/Olusturma/Genel/Not/Notlar' located by 'By.xpath: //*[@id = 'txtNote_I']' in '10' second(s)

2021-11-23 16:39:08 - [MESSAGE][INFO] - Smart Wait Function is triggered

2021-11-23 16:39:08 - [MESSAGE][INFO] - Found 1 web elements with id: 'Object Repository/Olusturma/Genel/Not/Notlar' located by 'By.xpath: //*[@id = 'txtNote_I']' in '10' second(s)

2021-11-23 16:39:08 - [MESSAGE][PASSED] - Object 'Object Repository/Olusturma/Genel/Not/Notlar' is present

2021-11-23 16:39:08 - [TEST_STEP][PASSED] - click(findTestObject("Olusturma/Genel/Not/Notlar")): Object: 'Object Repository/Olusturma/Genel/Not/Notlar' is clicked on

2021-11-23 16:39:08 - [MESSAGE][INFO] - Finding Test Object 'Object Repository/Olusturma/Genel/Not/Notlar'

2021-11-23 16:39:08 - [MESSAGE][INFO] - Checking object

2021-11-23 16:39:08 - [MESSAGE][INFO] - Finding web element from Test Object's properties

2021-11-23 16:39:08 - [MESSAGE][INFO] - Checking timeout

2021-11-23 16:39:08 - [MESSAGE][INFO] - Finding web element with id: 'Object Repository/Olusturma/Genel/Not/Notlar' located by 'By.xpath: //*[@id = 'txtNote_I']' in '30' second(s)

2021-11-23 16:39:08 - [MESSAGE][INFO] - Smart Wait Function is triggered

2021-11-23 16:39:09 - [MESSAGE][INFO] - Found 1 web elements with id: 'Object Repository/Olusturma/Genel/Not/Notlar' located by 'By.xpath: //*[@id = 'txtNote_I']' in '30' second(s)

2021-11-23 16:39:09 - [MESSAGE][INFO] - Clicking on object: 'Object Repository/Olusturma/Genel/Not/Notlar'

2021-11-23 16:39:09 - [MESSAGE][PASSED] - Object: 'Object Repository/Olusturma/Genel/Not/Notlar' is clicked on

2021-11-23 16:39:09 - [TEST_STEP][PASSED] - while (true): null

2021-11-23 16:39:09 - [TEST_STEP][PASSED] - delay(1): Delayed 1 second(s)

2021-11-23 16:39:09 - [MESSAGE][INFO] - Delaying browser in 1 second(s)

2021-11-23 16:39:10 - [MESSAGE][PASSED] - Delayed 1 second(s)

2021-11-23 16:39:10 - [TEST_STEP][PASSED] - ajaxIsComplete = executeJavaScript("return jQuery.active == 0", null): Execute JavaScript 'return jQuery.active == 0' successfully

2021-11-23 16:39:10 - [MESSAGE][PASSED] - Execute JavaScript 'return jQuery.active == 0' successfully

2021-11-23 16:39:10 - [TEST_STEP][PASSED] - if (ajaxIsComplete): null

2021-11-23 16:39:10 - [TEST_STEP][PASSED] - break: null

2021-11-23 16:39:10 - [TEST_STEP][PASSED] - waitForElementClickable(findTestObject("Object Repository/Olusturma/Genel/Buton"), 10): Object 'Object Repository/Olusturma/Genel/Buton' is clickable

2021-11-23 16:39:10 - [MESSAGE][INFO] - Finding Test Object 'Object Repository/Olusturma/Genel/Buton'

2021-11-23 16:39:10 - [MESSAGE][INFO] - Checking object

2021-11-23 16:39:10 - [MESSAGE][INFO] - Checking timeout

2021-11-23 16:39:10 - [MESSAGE][INFO] - Finding web element from Test Object's properties

2021-11-23 16:39:10 - [MESSAGE][INFO] - Checking timeout

2021-11-23 16:39:10 - [MESSAGE][INFO] - Finding web element with id: 'Object Repository/Olusturma/Genel/Buton' located by 'By.xpath: //*[@id = 'btnKaydet']' in '10' second(s)

2021-11-23 16:39:10 - [MESSAGE][INFO] - Smart Wait Function is triggered

2021-11-23 16:39:10 - [MESSAGE][INFO] - Found 1 web elements with id: 'Object Repository/Olusturma/Genel/Buton' located by 'By.xpath: //*[@id = 'btnKaydet']' in '10' second(s)

2021-11-23 16:39:10 - [MESSAGE][PASSED] - Object 'Object Repository/Olusturma/Genel/Buton' is clickable

2021-11-23 16:39:10 - [TEST_STEP][PASSED] - click(findTestObject("Object Repository/Olusturma/Genel/Buton")): Object: 'Object Repository/Olusturma/Genel/Buton' is clicked on

2021-11-23 16:39:10 - [MESSAGE][INFO] - Finding Test Object 'Object Repository/Olusturma/Genel/Buton'

2021-11-23 16:39:10 - [MESSAGE][INFO] - Checking object

2021-11-23 16:39:10 - [MESSAGE][INFO] - Finding web element from Test Object's properties

2021-11-23 16:39:10 - [MESSAGE][INFO] - Checking timeout

2021-11-23 16:39:10 - [MESSAGE][INFO] - Finding web element with id: 'Object Repository/Olusturma/Genel/Buton' located by 'By.xpath: //*[@id = 'btnKaydet']' in '30' second(s)

2021-11-23 16:39:10 - [MESSAGE][INFO] - Smart Wait Function is triggered

2021-11-23 16:39:11 - [MESSAGE][INFO] - Found 1 web elements with id: 'Object Repository/Olusturma/Genel/Buton' located by 'By.xpath: //*[@id = 'btnKaydet']' in '30' second(s)

2021-11-23 16:39:11 - [MESSAGE][INFO] - Clicking on object: 'Object Repository/Olusturma/Genel/Buton'

2021-11-23 16:39:14 - [MESSAGE][PASSED] - Object: 'Object Repository/Olusturma/Genel/Buton' is clicked on

2021-11-23 16:39:14 - [MESSAGE][PASSED] - Call Test Case 'Test Cases/Olusturma/Genel/KaydetButonunaTiklanir' successfully

2021-11-23 16:39:14 - [MESSAGE][INFO] - Checking called Test Case

2021-11-23 16:39:14 - [MESSAGE][INFO] - Starting to call Test Case 'Test Cases/Tablo/TablodaEttnliVeriOlusturulduMu'

2021-11-23 16:39:14 - [TEST_CASE][PASSED] - Test Cases/Tablo/TablodaEttnliVeriOlusturulduMu: Test Cases/Tablo/TablodaEttnliVeriOlusturulduMu

2021-11-23 16:39:14 - [TEST_STEP][PASSED] - Method.TextDegerineEsitElementVarMi(findTestObject("Tablo/OlusturulanVeri"), ettn): Method.TextDegerineEsitElementVarMi is PASSED

2021-11-23 16:39:14 - [MESSAGE][INFO] - Finding Test Object 'Object Repository/Tablo/OlusturulanVeri'

2021-11-23 16:39:14 - [MESSAGE][INFO] - Checking timeout

2021-11-23 16:39:14 - [MESSAGE][INFO] - Finding web element with id: 'Object Repository/Tablo/OlusturulanVeri' located by 'By.cssSelector: table.dxgvTable_LECustomTheme>tbody>tr:nth-child(3)>td.dxgv b,table.dxgvTable_LECustomTheme>tbody>tr:nth-child(3)>td.dxgv' in '10' second(s)

2021-11-23 16:39:14 - [MESSAGE][INFO] - Smart Wait Function is triggered

2021-11-23 16:39:15 - [MESSAGE][INFO] - Found 14 web elements with id: 'Object Repository/Tablo/OlusturulanVeri' located by 'By.cssSelector: table.dxgvTable_LECustomTheme>tbody>tr:nth-child(3)>td.dxgv b,table.dxgvTable_LECustomTheme>tbody>tr:nth-child(3)>td.dxgv' in '10' second(s)

2021-11-23 16:39:15 - [MESSAGE][PASSED] - Method.TextDegerineEsitElementVarMi is PASSED

2021-11-23 16:39:15 - [MESSAGE][PASSED] - Call Test Case 'Test Cases/Tablo/TablodaEttnliVeriOlusturulduMu' successfully

2021-11-23 16:39:15 - [MESSAGE][INFO] - Checking called Test Case

2021-11-23 16:39:15 - [MESSAGE][INFO] - Starting to call Test Case 'Test Cases/Tablo/TablodanEttnliVeriSec'

2021-11-23 16:39:15 - [TEST_CASE][PASSED] - Test Cases/Tablo/TablodanEttnliVeriSec: Test Cases/Tablo/TablodanEttnliVeriSec

2021-11-23 16:39:15 - [TEST_STEP][PASSED] - Method.TextDegerineEsitElementinAltindakineTikla(findTestObject("Tablo/Veriler"), findTestObject("Tablo/VerininCheckBoxi"), ettn): Method.TextDegerineEsitElementinAltindakineTikla is PASSED

2021-11-23 16:39:15 - [MESSAGE][INFO] - Finding Test Object 'Object Repository/Tablo/Veriler'

2021-11-23 16:39:15 - [MESSAGE][INFO] - Finding Test Object 'Object Repository/Tablo/VerininCheckBoxi'

2021-11-23 16:39:15 - [MESSAGE][INFO] - Checking timeout

2021-11-23 16:39:15 - [MESSAGE][INFO] - Finding web element with id: 'Object Repository/Tablo/Veriler' located by 'By.cssSelector: td.dxgv b ,td.dxgv' in '10' second(s)

2021-11-23 16:39:15 - [MESSAGE][INFO] - Smart Wait Function is triggered

2021-11-23 16:39:15 - [MESSAGE][INFO] - Found 112 web elements with id: 'Object Repository/Tablo/Veriler' located by 'By.cssSelector: td.dxgv b ,td.dxgv' in '10' second(s)

2021-11-23 16:39:16 - [MESSAGE][INFO] - Smart Wait Function is triggered

2021-11-23 16:39:16 - [MESSAGE][PASSED] - Method.TextDegerineEsitElementinAltindakineTikla is PASSED

2021-11-23 16:39:16 - [MESSAGE][PASSED] - Call Test Case 'Test Cases/Tablo/TablodanEttnliVeriSec' successfully

2021-11-23 16:39:16 - [MESSAGE][INFO] - Checking called Test Case

2021-11-23 16:39:16 - [MESSAGE][INFO] - Starting to call Test Case 'Test Cases/Butonlar/ButonaTikla'

2021-11-23 16:39:16 - [TEST_CASE][PASSED] - Test Cases/Butonlar/ButonaTikla: Test Cases/Butonlar/ButonaTikla

2021-11-23 16:39:16 - [TEST_STEP][PASSED] - Method.TextDegerineEsitElementeTiklaEquals(findTestObject("Butonlar/Butonlar"), Buton_Adi): Method.TextDegerineEsitElementeTiklaEquals is PASSED

2021-11-23 16:39:16 - [MESSAGE][INFO] - Finding Test Object 'Object Repository/Butonlar/Butonlar'

2021-11-23 16:39:16 - [MESSAGE][INFO] - Checking timeout

2021-11-23 16:39:16 - [MESSAGE][INFO] - Finding web element with id: 'Object Repository/Butonlar/Butonlar' located by 'By.cssSelector: .panel.panel-default.text-center.footerPanel .btn,.btn.btn-primary.btnControls' in '10' second(s)

2021-11-23 16:39:16 - [MESSAGE][INFO] - Smart Wait Function is triggered

2021-11-23 16:39:16 - [MESSAGE][INFO] - Found 9 web elements with id: 'Object Repository/Butonlar/Butonlar' located by 'By.cssSelector: .panel.panel-default.text-center.footerPanel .btn,.btn.btn-primary.btnControls' in '10' second(s)

2021-11-23 16:39:17 - [MESSAGE][PASSED] - Method.TextDegerineEsitElementeTiklaEquals is PASSED

2021-11-23 16:39:17 - [MESSAGE][PASSED] - Call Test Case 'Test Cases/Butonlar/ButonaTikla' successfully

2021-11-23 16:39:17 - [MESSAGE][INFO] - Checking called Test Case

2021-11-23 16:39:17 - [MESSAGE][INFO] - Starting to call Test Case 'Test Cases/Popup/PopupMesajiIceriyorMu'

2021-11-23 16:39:17 - [TEST_CASE][PASSED] - Test Cases/Popup/PopupMesajiIceriyorMu: Test Cases/Popup/PopupMesajiIceriyorMu

2021-11-23 16:39:17 - [TEST_STEP][PASSED] - waitForElementVisible(findTestObject("Popup/Popup"), 10): Object 'Object Repository/Popup/Popup' is visible

2021-11-23 16:39:17 - [MESSAGE][INFO] - Finding Test Object 'Object Repository/Popup/Popup'

2021-11-23 16:39:17 - [MESSAGE][INFO] - Checking object

2021-11-23 16:39:17 - [MESSAGE][INFO] - Checking timeout

2021-11-23 16:39:17 - [MESSAGE][INFO] - Finding web element from Test Object's properties

2021-11-23 16:39:17 - [MESSAGE][INFO] - Checking timeout

2021-11-23 16:39:17 - [MESSAGE][INFO] - Finding web element with id: 'Object Repository/Popup/Popup' located by 'By.cssSelector: .bootbox-body' in '10' second(s)

2021-11-23 16:39:17 - [MESSAGE][INFO] - Smart Wait Function is triggered

2021-11-23 16:39:18 - [MESSAGE][INFO] - Found 1 web elements with id: 'Object Repository/Popup/Popup' located by 'By.cssSelector: .bootbox-body' in '10' second(s)

2021-11-23 16:39:18 - [MESSAGE][PASSED] - Object 'Object Repository/Popup/Popup' is visible

2021-11-23 16:39:18 - [TEST_STEP][PASSED] - if (!(getText(findTestObject("Popup/Popup")).contains(Mesaj))): Text of object 'Object Repository/Popup/Popup' is: 'Oluşturulacak fatura numarası : YIG2021000000507 Fatura numarası oluşturulduktan sonra fatura silinemez. Fatura numarası, tarihi ve ön eki değiştirilemez. Devam etmek istiyor musunuz?'

2021-11-23 16:39:18 - [MESSAGE][INFO] - Finding Test Object 'Object Repository/Popup/Popup'

2021-11-23 16:39:18 - [MESSAGE][INFO] - Checking object

2021-11-23 16:39:18 - [MESSAGE][INFO] - Finding web element from Test Object's properties

2021-11-23 16:39:18 - [MESSAGE][INFO] - Checking timeout

2021-11-23 16:39:18 - [MESSAGE][INFO] - Finding web element with id: 'Object Repository/Popup/Popup' located by 'By.cssSelector: .bootbox-body' in '30' second(s)

2021-11-23 16:39:18 - [MESSAGE][INFO] - Smart Wait Function is triggered

2021-11-23 16:39:18 - [MESSAGE][INFO] - Found 1 web elements with id: 'Object Repository/Popup/Popup' located by 'By.cssSelector: .bootbox-body' in '30' second(s)

2021-11-23 16:39:18 - [MESSAGE][INFO] - Getting text of object 'Object Repository/Popup/Popup'

2021-11-23 16:39:18 - [MESSAGE][PASSED] - Text of object 'Object Repository/Popup/Popup' is: 'Oluşturulacak fatura numarası : YIG2021000000507 Fatura numarası oluşturulduktan sonra fatura silinemez. Fatura numarası, tarihi ve ön eki değiştirilemez. Devam etmek istiyor musunuz?'

2021-11-23 16:39:18 - [TEST_STEP][PASSED] - RaporNo = getText(findTestObject("Popup/Popup")).substring(0, 6): Text of object 'Object Repository/Popup/Popup' is: 'Oluşturulacak fatura numarası : YIG2021000000507 Fatura numarası oluşturulduktan sonra fatura silinemez. Fatura numarası, tarihi ve ön eki değiştirilemez. Devam etmek istiyor musunuz?'

2021-11-23 16:39:18 - [MESSAGE][INFO] - Finding Test Object 'Object Repository/Popup/Popup'

2021-11-23 16:39:18 - [MESSAGE][INFO] - Checking object

2021-11-23 16:39:18 - [MESSAGE][INFO] - Finding web element from Test Object's properties

2021-11-23 16:39:18 - [MESSAGE][INFO] - Checking timeout

2021-11-23 16:39:18 - [MESSAGE][INFO] - Finding web element with id: 'Object Repository/Popup/Popup' located by 'By.cssSelector: .bootbox-body' in '30' second(s)

2021-11-23 16:39:18 - [MESSAGE][INFO] - Smart Wait Function is triggered

2021-11-23 16:39:18 - [MESSAGE][INFO] - Found 1 web elements with id: 'Object Repository/Popup/Popup' located by 'By.cssSelector: .bootbox-body' in '30' second(s)

2021-11-23 16:39:18 - [MESSAGE][INFO] - Getting text of object 'Object Repository/Popup/Popup'

2021-11-23 16:39:18 - [MESSAGE][PASSED] - Text of object 'Object Repository/Popup/Popup' is: 'Oluşturulacak fatura numarası : YIG2021000000507 Fatura numarası oluşturulduktan sonra fatura silinemez. Fatura numarası, tarihi ve ön eki değiştirilemez. Devam etmek istiyor musunuz?'

2021-11-23 16:39:18 - [TEST_STEP][PASSED] - Console.println(RaporNo): null

2021-11-23 16:39:18 - [MESSAGE][PASSED] - Call Test Case 'Test Cases/Popup/PopupMesajiIceriyorMu' successfully

2021-11-23 16:39:18 - [MESSAGE][INFO] - Checking called Test Case

2021-11-23 16:39:18 - [MESSAGE][INFO] - Starting to call Test Case 'Test Cases/Popup/PopupButonSecilir'

2021-11-23 16:39:18 - [TEST_CASE][PASSED] - Test Cases/Popup/PopupButonSecilir: Test Cases/Popup/PopupButonSecilir

2021-11-23 16:39:18 - [TEST_STEP][PASSED] - Method.TextDegerineEsitElementeTikla(findTestObject("Popup/Popup_Butons"), Buton): Method.TextDegerineEsitElementeTikla is PASSED

2021-11-23 16:39:18 - [MESSAGE][INFO] - Finding Test Object 'Object Repository/Popup/Popup_Butons'

2021-11-23 16:39:19 - [MESSAGE][INFO] - Checking timeout

2021-11-23 16:39:19 - [MESSAGE][INFO] - Finding web element with id: 'Object Repository/Popup/Popup_Butons' located by 'By.cssSelector: .modal-footer>button' in '10' second(s)

2021-11-23 16:39:19 - [MESSAGE][INFO] - Smart Wait Function is triggered

2021-11-23 16:39:19 - [MESSAGE][INFO] - Found 2 web elements with id: 'Object Repository/Popup/Popup_Butons' located by 'By.cssSelector: .modal-footer>button' in '10' second(s)

2021-11-23 16:39:19 - [MESSAGE][PASSED] - Method.TextDegerineEsitElementeTikla is PASSED

2021-11-23 16:39:19 - [MESSAGE][PASSED] - Call Test Case 'Test Cases/Popup/PopupButonSecilir' successfully

2021-11-23 16:39:19 - [MESSAGE][INFO] - Checking called Test Case

2021-11-23 16:39:19 - [MESSAGE][INFO] - Starting to call Test Case 'Test Cases/Popup/PopupMesajiIceriyorMu'

2021-11-23 16:39:19 - [TEST_CASE][PASSED] - Test Cases/Popup/PopupMesajiIceriyorMu: Test Cases/Popup/PopupMesajiIceriyorMu

2021-11-23 16:39:19 - [TEST_STEP][PASSED] - waitForElementVisible(findTestObject("Popup/Popup"), 10): Object 'Object Repository/Popup/Popup' is visible

2021-11-23 16:39:19 - [MESSAGE][INFO] - Finding Test Object 'Object Repository/Popup/Popup'

2021-11-23 16:39:19 - [MESSAGE][INFO] - Checking object

2021-11-23 16:39:19 - [MESSAGE][INFO] - Checking timeout

2021-11-23 16:39:19 - [MESSAGE][INFO] - Finding web element from Test Object's properties

2021-11-23 16:39:19 - [MESSAGE][INFO] - Checking timeout

2021-11-23 16:39:19 - [MESSAGE][INFO] - Finding web element with id: 'Object Repository/Popup/Popup' located by 'By.cssSelector: .bootbox-body' in '10' second(s)

2021-11-23 16:39:19 - [MESSAGE][INFO] - Smart Wait Function is triggered

2021-11-23 16:39:20 - [MESSAGE][INFO] - Found 1 web elements with id: 'Object Repository/Popup/Popup' located by 'By.cssSelector: .bootbox-body' in '10' second(s)

2021-11-23 16:39:20 - [MESSAGE][PASSED] - Object 'Object Repository/Popup/Popup' is visible

2021-11-23 16:39:20 - [TEST_STEP][PASSED] - if (!(getText(findTestObject("Popup/Popup")).contains(Mesaj))): Text of object 'Object Repository/Popup/Popup' is: 'Fatura numaranız YIG2021000000507 olarak oluşmuştur.'

2021-11-23 16:39:20 - [MESSAGE][INFO] - Finding Test Object 'Object Repository/Popup/Popup'

2021-11-23 16:39:20 - [MESSAGE][INFO] - Checking object

2021-11-23 16:39:20 - [MESSAGE][INFO] - Finding web element from Test Object's properties

2021-11-23 16:39:20 - [MESSAGE][INFO] - Checking timeout

2021-11-23 16:39:20 - [MESSAGE][INFO] - Finding web element with id: 'Object Repository/Popup/Popup' located by 'By.cssSelector: .bootbox-body' in '30' second(s)

2021-11-23 16:39:20 - [MESSAGE][INFO] - Smart Wait Function is triggered

2021-11-23 16:39:20 - [MESSAGE][INFO] - Found 1 web elements with id: 'Object Repository/Popup/Popup' located by 'By.cssSelector: .bootbox-body' in '30' second(s)

2021-11-23 16:39:20 - [MESSAGE][INFO] - Getting text of object 'Object Repository/Popup/Popup'

2021-11-23 16:39:20 - [MESSAGE][PASSED] - Text of object 'Object Repository/Popup/Popup' is: 'Fatura numaranız YIG2021000000507 olarak oluşmuştur.'

2021-11-23 16:39:20 - [TEST_STEP][PASSED] - RaporNo = getText(findTestObject("Popup/Popup")).substring(0, 6): Text of object 'Object Repository/Popup/Popup' is: 'Fatura numaranız YIG2021000000507 olarak oluşmuştur.'

2021-11-23 16:39:20 - [MESSAGE][INFO] - Finding Test Object 'Object Repository/Popup/Popup'

2021-11-23 16:39:21 - [MESSAGE][INFO] - Checking object

2021-11-23 16:39:21 - [MESSAGE][INFO] - Finding web element from Test Object's properties

2021-11-23 16:39:21 - [MESSAGE][INFO] - Checking timeout

2021-11-23 16:39:21 - [MESSAGE][INFO] - Finding web element with id: 'Object Repository/Popup/Popup' located by 'By.cssSelector: .bootbox-body' in '30' second(s)

2021-11-23 16:39:21 - [MESSAGE][INFO] - Smart Wait Function is triggered

2021-11-23 16:39:21 - [MESSAGE][INFO] - Found 1 web elements with id: 'Object Repository/Popup/Popup' located by 'By.cssSelector: .bootbox-body' in '30' second(s)

2021-11-23 16:39:21 - [MESSAGE][INFO] - Getting text of object 'Object Repository/Popup/Popup'

2021-11-23 16:39:21 - [MESSAGE][PASSED] - Text of object 'Object Repository/Popup/Popup' is: 'Fatura numaranız YIG2021000000507 olarak oluşmuştur.'

2021-11-23 16:39:21 - [TEST_STEP][PASSED] - Console.println(RaporNo): null

2021-11-23 16:39:21 - [MESSAGE][PASSED] - Call Test Case 'Test Cases/Popup/PopupMesajiIceriyorMu' successfully

2021-11-23 16:39:21 - [MESSAGE][INFO] - Checking called Test Case

2021-11-23 16:39:21 - [MESSAGE][INFO] - Starting to call Test Case 'Test Cases/Popup/PopupButonSecilir'

2021-11-23 16:39:21 - [TEST_CASE][PASSED] - Test Cases/Popup/PopupButonSecilir: Test Cases/Popup/PopupButonSecilir

2021-11-23 16:39:21 - [TEST_STEP][PASSED] - Method.TextDegerineEsitElementeTikla(findTestObject("Popup/Popup_Butons"), Buton): Method.TextDegerineEsitElementeTikla is PASSED

2021-11-23 16:39:21 - [MESSAGE][INFO] - Finding Test Object 'Object Repository/Popup/Popup_Butons'

2021-11-23 16:39:21 - [MESSAGE][INFO] - Checking timeout

2021-11-23 16:39:21 - [MESSAGE][INFO] - Finding web element with id: 'Object Repository/Popup/Popup_Butons' located by 'By.cssSelector: .modal-footer>button' in '10' second(s)

2021-11-23 16:39:21 - [MESSAGE][INFO] - Smart Wait Function is triggered

2021-11-23 16:39:21 - [MESSAGE][INFO] - Found 1 web elements with id: 'Object Repository/Popup/Popup_Butons' located by 'By.cssSelector: .modal-footer>button' in '10' second(s)

2021-11-23 16:39:21 - [MESSAGE][PASSED] - Method.TextDegerineEsitElementeTikla is PASSED

2021-11-23 16:39:21 - [MESSAGE][PASSED] - Call Test Case 'Test Cases/Popup/PopupButonSecilir' successfully

2021-11-23 16:39:21 - [MESSAGE][INFO] - Checking called Test Case

2021-11-23 16:39:21 - [MESSAGE][INFO] - Starting to call Test Case 'Test Cases/Tablo/TablodanEttnliVeriSec'

2021-11-23 16:39:21 - [TEST_CASE][PASSED] - Test Cases/Tablo/TablodanEttnliVeriSec: Test Cases/Tablo/TablodanEttnliVeriSec

2021-11-23 16:39:21 - [TEST_STEP][PASSED] - Method.TextDegerineEsitElementinAltindakineTikla(findTestObject("Tablo/Veriler"), findTestObject("Tablo/VerininCheckBoxi"), ettn): Method.TextDegerineEsitElementinAltindakineTikla is PASSED

2021-11-23 16:39:21 - [MESSAGE][INFO] - Finding Test Object 'Object Repository/Tablo/Veriler'

2021-11-23 16:39:22 - [MESSAGE][INFO] - Finding Test Object 'Object Repository/Tablo/VerininCheckBoxi'

2021-11-23 16:39:22 - [MESSAGE][INFO] - Checking timeout

2021-11-23 16:39:22 - [MESSAGE][INFO] - Finding web element with id: 'Object Repository/Tablo/Veriler' located by 'By.cssSelector: td.dxgv b ,td.dxgv' in '10' second(s)

2021-11-23 16:39:22 - [MESSAGE][INFO] - Smart Wait Function is triggered

2021-11-23 16:39:22 - [MESSAGE][INFO] - Found 112 web elements with id: 'Object Repository/Tablo/Veriler' located by 'By.cssSelector: td.dxgv b ,td.dxgv' in '10' second(s)

2021-11-23 16:39:22 - [MESSAGE][INFO] - Smart Wait Function is triggered

2021-11-23 16:39:23 - [MESSAGE][PASSED] - Method.TextDegerineEsitElementinAltindakineTikla is PASSED

2021-11-23 16:39:23 - [MESSAGE][PASSED] - Call Test Case 'Test Cases/Tablo/TablodanEttnliVeriSec' successfully

2021-11-23 16:39:23 - [MESSAGE][INFO] - Checking called Test Case

2021-11-23 16:39:23 - [MESSAGE][INFO] - Starting to call Test Case 'Test Cases/Butonlar/ButonaTikla'

2021-11-23 16:39:23 - [TEST_CASE][PASSED] - Test Cases/Butonlar/ButonaTikla: Test Cases/Butonlar/ButonaTikla

2021-11-23 16:39:23 - [TEST_STEP][PASSED] - Method.TextDegerineEsitElementeTiklaEquals(findTestObject("Butonlar/Butonlar"), Buton_Adi): Method.TextDegerineEsitElementeTiklaEquals is PASSED

2021-11-23 16:39:23 - [MESSAGE][INFO] - Finding Test Object 'Object Repository/Butonlar/Butonlar'

2021-11-23 16:39:23 - [MESSAGE][INFO] - Checking timeout

2021-11-23 16:39:23 - [MESSAGE][INFO] - Finding web element with id: 'Object Repository/Butonlar/Butonlar' located by 'By.cssSelector: .panel.panel-default.text-center.footerPanel .btn,.btn.btn-primary.btnControls' in '10' second(s)

2021-11-23 16:39:23 - [MESSAGE][INFO] - Smart Wait Function is triggered

2021-11-23 16:39:23 - [MESSAGE][INFO] - Found 9 web elements with id: 'Object Repository/Butonlar/Butonlar' located by 'By.cssSelector: .panel.panel-default.text-center.footerPanel .btn,.btn.btn-primary.btnControls' in '10' second(s)

2021-11-23 16:39:24 - [MESSAGE][PASSED] - Method.TextDegerineEsitElementeTiklaEquals is PASSED

2021-11-23 16:39:24 - [MESSAGE][PASSED] - Call Test Case 'Test Cases/Butonlar/ButonaTikla' successfully

2021-11-23 16:39:24 - [MESSAGE][INFO] - Checking called Test Case

2021-11-23 16:39:24 - [MESSAGE][INFO] - Starting to call Test Case 'Test Cases/Popup/PopupMesajiIceriyorMu'

2021-11-23 16:39:24 - [TEST_CASE][PASSED] - Test Cases/Popup/PopupMesajiIceriyorMu: Test Cases/Popup/PopupMesajiIceriyorMu

2021-11-23 16:39:24 - [TEST_STEP][PASSED] - waitForElementVisible(findTestObject("Popup/Popup"), 10): Object 'Object Repository/Popup/Popup' is visible

2021-11-23 16:39:24 - [MESSAGE][INFO] - Finding Test Object 'Object Repository/Popup/Popup'

2021-11-23 16:39:24 - [MESSAGE][INFO] - Checking object

2021-11-23 16:39:24 - [MESSAGE][INFO] - Checking timeout

2021-11-23 16:39:24 - [MESSAGE][INFO] - Finding web element from Test Object's properties

2021-11-23 16:39:24 - [MESSAGE][INFO] - Checking timeout

2021-11-23 16:39:24 - [MESSAGE][INFO] - Finding web element with id: 'Object Repository/Popup/Popup' located by 'By.cssSelector: .bootbox-body' in '10' second(s)

2021-11-23 16:39:24 - [MESSAGE][INFO] - Smart Wait Function is triggered

2021-11-23 16:39:24 - [MESSAGE][INFO] - Found 1 web elements with id: 'Object Repository/Popup/Popup' located by 'By.cssSelector: .bootbox-body' in '10' second(s)

2021-11-23 16:39:24 - [MESSAGE][PASSED] - Object 'Object Repository/Popup/Popup' is visible

2021-11-23 16:39:24 - [TEST_STEP][PASSED] - if (!(getText(findTestObject("Popup/Popup")).contains(Mesaj))): Text of object 'Object Repository/Popup/Popup' is: 'Seçilen faturalarınız onaylanacaktır. Onaylanan faturalar üzerinde değişiklik yapılamaz. Devam etmek istiyor musunuz?'

2021-11-23 16:39:24 - [MESSAGE][INFO] - Finding Test Object 'Object Repository/Popup/Popup'

2021-11-23 16:39:24 - [MESSAGE][INFO] - Checking object

2021-11-23 16:39:24 - [MESSAGE][INFO] - Finding web element from Test Object's properties

2021-11-23 16:39:24 - [MESSAGE][INFO] - Checking timeout

2021-11-23 16:39:24 - [MESSAGE][INFO] - Finding web element with id: 'Object Repository/Popup/Popup' located by 'By.cssSelector: .bootbox-body' in '30' second(s)

2021-11-23 16:39:24 - [MESSAGE][INFO] - Smart Wait Function is triggered

2021-11-23 16:39:25 - [MESSAGE][INFO] - Found 1 web elements with id: 'Object Repository/Popup/Popup' located by 'By.cssSelector: .bootbox-body' in '30' second(s)

2021-11-23 16:39:25 - [MESSAGE][INFO] - Getting text of object 'Object Repository/Popup/Popup'

2021-11-23 16:39:25 - [MESSAGE][PASSED] - Text of object 'Object Repository/Popup/Popup' is: 'Seçilen faturalarınız onaylanacaktır. Onaylanan faturalar üzerinde değişiklik yapılamaz. Devam etmek istiyor musunuz?'

2021-11-23 16:39:25 - [TEST_STEP][PASSED] - RaporNo = getText(findTestObject("Popup/Popup")).substring(0, 6): Text of object 'Object Repository/Popup/Popup' is: 'Seçilen faturalarınız onaylanacaktır. Onaylanan faturalar üzerinde değişiklik yapılamaz. Devam etmek istiyor musunuz?'

2021-11-23 16:39:25 - [MESSAGE][INFO] - Finding Test Object 'Object Repository/Popup/Popup'

2021-11-23 16:39:25 - [MESSAGE][INFO] - Checking object

2021-11-23 16:39:25 - [MESSAGE][INFO] - Finding web element from Test Object's properties

2021-11-23 16:39:25 - [MESSAGE][INFO] - Checking timeout

2021-11-23 16:39:25 - [MESSAGE][INFO] - Finding web element with id: 'Object Repository/Popup/Popup' located by 'By.cssSelector: .bootbox-body' in '30' second(s)

2021-11-23 16:39:25 - [MESSAGE][INFO] - Smart Wait Function is triggered

2021-11-23 16:39:25 - [MESSAGE][INFO] - Found 1 web elements with id: 'Object Repository/Popup/Popup' located by 'By.cssSelector: .bootbox-body' in '30' second(s)

2021-11-23 16:39:25 - [MESSAGE][INFO] - Getting text of object 'Object Repository/Popup/Popup'

2021-11-23 16:39:25 - [MESSAGE][PASSED] - Text of object 'Object Repository/Popup/Popup' is: 'Seçilen faturalarınız onaylanacaktır. Onaylanan faturalar üzerinde değişiklik yapılamaz. Devam etmek istiyor musunuz?'

2021-11-23 16:39:25 - [TEST_STEP][PASSED] - Console.println(RaporNo): null

2021-11-23 16:39:25 - [MESSAGE][PASSED] - Call Test Case 'Test Cases/Popup/PopupMesajiIceriyorMu' successfully

2021-11-23 16:39:25 - [MESSAGE][INFO] - Checking called Test Case

2021-11-23 16:39:25 - [MESSAGE][INFO] - Starting to call Test Case 'Test Cases/Popup/PopupButonSecilir'

2021-11-23 16:39:25 - [TEST_CASE][PASSED] - Test Cases/Popup/PopupButonSecilir: Test Cases/Popup/PopupButonSecilir

2021-11-23 16:39:25 - [TEST_STEP][PASSED] - Method.TextDegerineEsitElementeTikla(findTestObject("Popup/Popup_Butons"), Buton): Method.TextDegerineEsitElementeTikla is PASSED

2021-11-23 16:39:25 - [MESSAGE][INFO] - Finding Test Object 'Object Repository/Popup/Popup_Butons'

2021-11-23 16:39:25 - [MESSAGE][INFO] - Checking timeout

2021-11-23 16:39:25 - [MESSAGE][INFO] - Finding web element with id: 'Object Repository/Popup/Popup_Butons' located by 'By.cssSelector: .modal-footer>button' in '10' second(s)

2021-11-23 16:39:25 - [MESSAGE][INFO] - Smart Wait Function is triggered

2021-11-23 16:39:26 - [MESSAGE][INFO] - Found 2 web elements with id: 'Object Repository/Popup/Popup_Butons' located by 'By.cssSelector: .modal-footer>button' in '10' second(s)

2021-11-23 16:39:26 - [MESSAGE][PASSED] - Method.TextDegerineEsitElementeTikla is PASSED

2021-11-23 16:39:26 - [MESSAGE][PASSED] - Call Test Case 'Test Cases/Popup/PopupButonSecilir' successfully

2021-11-23 16:39:26 - [MESSAGE][INFO] - Checking called Test Case

2021-11-23 16:39:26 - [MESSAGE][INFO] - Starting to call Test Case 'Test Cases/Menu/AnaMenuSecimi'

2021-11-23 16:39:26 - [TEST_CASE][PASSED] - Test Cases/Menu/AnaMenuSecimi: Test Cases/Menu/AnaMenuSecimi

2021-11-23 16:39:26 - [TEST_STEP][PASSED] - Method.TextDegerineEsitElementeTikla(findTestObject("Menu/Ana_Menu"), Ana_Menu): Method.TextDegerineEsitElementeTikla is PASSED

2021-11-23 16:39:26 - [MESSAGE][INFO] - Finding Test Object 'Object Repository/Menu/Ana_Menu'

2021-11-23 16:39:26 - [MESSAGE][INFO] - Checking timeout

2021-11-23 16:39:26 - [MESSAGE][INFO] - Finding web element with id: 'Object Repository/Menu/Ana_Menu' located by 'By.xpath: //*[@class = 'dropdown-toggle']' in '10' second(s)

2021-11-23 16:39:26 - [MESSAGE][INFO] - Smart Wait Function is triggered

2021-11-23 16:39:27 - [MESSAGE][INFO] - Found 13 web elements with id: 'Object Repository/Menu/Ana_Menu' located by 'By.xpath: //*[@class = 'dropdown-toggle']' in '10' second(s)

2021-11-23 16:39:27 - [MESSAGE][PASSED] - Method.TextDegerineEsitElementeTikla is PASSED

2021-11-23 16:39:27 - [MESSAGE][PASSED] - Call Test Case 'Test Cases/Menu/AnaMenuSecimi' successfully

2021-11-23 16:39:27 - [MESSAGE][INFO] - Checking called Test Case

2021-11-23 16:39:27 - [MESSAGE][INFO] - Starting to call Test Case 'Test Cases/Menu/BasligaGoreAltMenuSecimi'

2021-11-23 16:39:27 - [TEST_CASE][PASSED] - Test Cases/Menu/BasligaGoreAltMenuSecimi: Test Cases/Menu/BasligaGoreAltMenuSecimi

2021-11-23 16:39:27 - [TEST_STEP][PASSED] - Method.TextDegerineEsitElementinAltindakiTextDegerineEsitOlanaTikla(findTestObject("Menu/Menu_Basligi"), findTestObject("Menu/Basliga_Gore_Alt_Menu"), Baslik, Alt_Menu): Method.TextDegerineEsitElementinAltindakiTextDegerineEsitOlanaTikla is PASSED

2021-11-23 16:39:27 - [MESSAGE][INFO] - Finding Test Object 'Object Repository/Menu/Menu_Basligi'

2021-11-23 16:39:27 - [MESSAGE][INFO] - Finding Test Object 'Object Repository/Menu/Basliga_Gore_Alt_Menu'

2021-11-23 16:39:27 - [MESSAGE][INFO] - Checking timeout

2021-11-23 16:39:27 - [MESSAGE][INFO] - Finding web element with id: 'Object Repository/Menu/Menu_Basligi' located by 'By.xpath: //li[@class='dropdown dropdown-large open']//li[@class='dropdown-header']' in '10' second(s)

2021-11-23 16:39:27 - [MESSAGE][INFO] - Smart Wait Function is triggered

2021-11-23 16:39:27 - [MESSAGE][INFO] - Found 2 web elements with id: 'Object Repository/Menu/Menu_Basligi' located by 'By.xpath: //li[@class='dropdown dropdown-large open']//li[@class='dropdown-header']' in '10' second(s)

2021-11-23 16:39:27 - [MESSAGE][INFO] - Smart Wait Function is triggered

2021-11-23 16:39:28 - [MESSAGE][PASSED] - Method.TextDegerineEsitElementinAltindakiTextDegerineEsitOlanaTikla is PASSED

2021-11-23 16:39:28 - [MESSAGE][PASSED] - Call Test Case 'Test Cases/Menu/BasligaGoreAltMenuSecimi' successfully

2021-11-23 16:39:28 - [MESSAGE][INFO] - Checking called Test Case

2021-11-23 16:39:28 - [MESSAGE][INFO] - Starting to call Test Case 'Test Cases/Filtreler/EttnYaz'

2021-11-23 16:39:28 - [TEST_CASE][PASSED] - Test Cases/Filtreler/EttnYaz: Test Cases/Filtreler/EttnYaz

2021-11-23 16:39:28 - [TEST_STEP][PASSED] - Method.TextDegerineEsitElementinAltindakiTextboxtaYaz(findTestObject("Filtreler/Basliklar"), findTestObject("Filtreler/Basliga_Gore_Textbox"), "ETTN", ettn): Method.TextDegerineEsitElementinAltindakiTextboxtaYaz is PASSED

2021-11-23 16:39:28 - [MESSAGE][INFO] - Finding Test Object 'Object Repository/Filtreler/Basliklar'

2021-11-23 16:39:28 - [MESSAGE][INFO] - Finding Test Object 'Object Repository/Filtreler/Basliga_Gore_Textbox'

2021-11-23 16:39:29 - [MESSAGE][INFO] - Checking timeout

2021-11-23 16:39:29 - [MESSAGE][INFO] - Finding web element with id: 'Object Repository/Filtreler/Basliklar' located by 'By.cssSelector: .control-label.col-sm-4.paddingMarginRLC' in '10' second(s)

2021-11-23 16:39:29 - [MESSAGE][INFO] - Smart Wait Function is triggered

2021-11-23 16:39:29 - [MESSAGE][INFO] - Found 19 web elements with id: 'Object Repository/Filtreler/Basliklar' located by 'By.cssSelector: .control-label.col-sm-4.paddingMarginRLC' in '10' second(s)

2021-11-23 16:39:29 - [MESSAGE][INFO] - Smart Wait Function is triggered

2021-11-23 16:39:29 - [MESSAGE][PASSED] - Method.TextDegerineEsitElementinAltindakiTextboxtaYaz is PASSED

2021-11-23 16:39:29 - [MESSAGE][PASSED] - Call Test Case 'Test Cases/Filtreler/EttnYaz' successfully

2021-11-23 16:39:29 - [MESSAGE][INFO] - Checking called Test Case

2021-11-23 16:39:29 - [MESSAGE][INFO] - Starting to call Test Case 'Test Cases/Filtreler/ButonaTikla'

2021-11-23 16:39:30 - [TEST_CASE][PASSED] - Test Cases/Filtreler/ButonaTikla: Test Cases/Filtreler/ButonaTikla

2021-11-23 16:39:30 - [TEST_STEP][PASSED] - Method.TextDegerineEsitElementeTikla(findTestObject("Filtreler/Butonlar"), Filtre_Buton): Method.TextDegerineEsitElementeTikla is PASSED

2021-11-23 16:39:30 - [MESSAGE][INFO] - Finding Test Object 'Object Repository/Filtreler/Butonlar'

2021-11-23 16:39:30 - [MESSAGE][INFO] - Checking timeout

2021-11-23 16:39:30 - [MESSAGE][INFO] - Finding web element with id: 'Object Repository/Filtreler/Butonlar' located by 'By.cssSelector: .dxb>span' in '10' second(s)

2021-11-23 16:39:30 - [MESSAGE][INFO] - Smart Wait Function is triggered

2021-11-23 16:39:30 - [MESSAGE][INFO] - Found 3 web elements with id: 'Object Repository/Filtreler/Butonlar' located by 'By.cssSelector: .dxb>span' in '10' second(s)

2021-11-23 16:39:30 - [MESSAGE][PASSED] - Method.TextDegerineEsitElementeTikla is PASSED

2021-11-23 16:39:30 - [MESSAGE][PASSED] - Call Test Case 'Test Cases/Filtreler/ButonaTikla' successfully

2021-11-23 16:39:30 - [MESSAGE][INFO] - Checking called Test Case

2021-11-23 16:39:30 - [MESSAGE][INFO] - Starting to call Test Case 'Test Cases/Tablo/TablodaVeriVarMi'

2021-11-23 16:39:30 - [TEST_CASE][PASSED] - Test Cases/Tablo/TablodaVeriVarMi: Test Cases/Tablo/TablodaVeriVarMi

2021-11-23 16:39:30 - [TEST_STEP][PASSED] - verifyTextNotPresent("Görüntülenecek veri yok", true): Text 'Görüntülenecek veri yok' is not present on page using regular expression

2021-11-23 16:39:30 - [MESSAGE][INFO] - Checking text present  using regular expression

2021-11-23 16:39:30 - [MESSAGE][INFO] - Smart Wait Function is triggered

2021-11-23 16:39:31 - [MESSAGE][INFO] - Finding text 'Görüntülenecek veri yok' on page  using regular expression

2021-11-23 16:39:31 - [MESSAGE][PASSED] - Text 'Görüntülenecek veri yok' is not present on page using regular expression

2021-11-23 16:39:31 - [MESSAGE][PASSED] - Call Test Case 'Test Cases/Tablo/TablodaVeriVarMi' successfully

2021-11-23 16:39:31 - [MESSAGE][INFO] - Checking called Test Case

2021-11-23 16:39:31 - [MESSAGE][INFO] - Starting to call Test Case 'Test Cases/Tablo/TablodaVeriBasariliMiArsiv'

2021-11-23 16:39:31 - [TEST_CASE][PASSED] - Test Cases/Tablo/TablodaVeriBasariliMiArsiv: Test Cases/Tablo/TablodaVeriBasariliMiArsiv

2021-11-23 16:39:31 - [TEST_STEP][PASSED] - sayac = 80: null

2021-11-23 16:39:31 - [TEST_STEP][PASSED] - while (verifyElementText(findTestObject("Object Repository/Tablo/DurumBilgisiArsiv"), "Henüz Sonuçlanmadı", OPTIONAL)): Actual text 'Başarılı' and expected text 'Henüz Sonuçlanmadı' of test object 'Object Repository/Tablo/DurumBilgisiArsiv' are NOT matched. (Root cause: com.kms.katalon.core.exception.StepFailedException: Actual text 'Başarılı' and expected text 'Henüz Sonuçlanmadı' of test object 'Object Repository/Tablo/DurumBilgisiArsiv' are NOT matched.
	at com.kms.katalon.core.webui.keyword.internal.WebUIKeywordMain.stepFailed(WebUIKeywordMain.groovy:64)
	at com.kms.katalon.core.webui.keyword.builtin.VerifyElementTextKeyword$_verifyElementText_closure1.doCall(VerifyElementTextKeyword.groovy:57)
	at com.kms.katalon.core.webui.keyword.builtin.VerifyElementTextKeyword$_verifyElementText_closure1.call(VerifyElementTextKeyword.groovy)
	at com.kms.katalon.core.webui.keyword.internal.WebUIKeywordMain.runKeyword(WebUIKeywordMain.groovy:20)
	at com.kms.katalon.core.webui.keyword.builtin.VerifyElementTextKeyword.verifyElementText(VerifyElementTextKeyword.groovy:72)
	at com.kms.katalon.core.webui.keyword.builtin.VerifyElementTextKeyword.execute(VerifyElementTextKeyword.groovy:40)
	at com.kms.katalon.core.keyword.internal.KeywordExecutor.executeKeywordForPlatform(KeywordExecutor.groovy:73)
	at com.kms.katalon.core.webui.keyword.WebUiBuiltInKeywords.verifyElementText(WebUiBuiltInKeywords.groovy:4733)
	at com.kms.katalon.core.webui.keyword.WebUiBuiltInKeywords$verifyElementText$20.call(Unknown Source)
	at TablodaVeriBasariliMiArsiv.run(TablodaVeriBasariliMiArsiv:22)
	at com.kms.katalon.core.main.ScriptEngine.run(ScriptEngine.java:194)
	at com.kms.katalon.core.main.ScriptEngine.runScriptAsRawText(ScriptEngine.java:119)
	at com.kms.katalon.core.main.TestCaseExecutor.runScript(TestCaseExecutor.java:369)
	at com.kms.katalon.core.main.TestCaseExecutor.doExecute(TestCaseExecutor.java:360)
	at com.kms.katalon.core.main.TestCaseExecutor.processExecutionPhase(TestCaseExecutor.java:339)
	at com.kms.katalon.core.main.TestCaseExecutor.accessMainPhase(TestCaseExecutor.java:331)
	at com.kms.katalon.core.main.TestCaseExecutor.execute(TestCaseExecutor.java:248)
	at com.kms.katalon.core.main.TestCaseMain.runTestCase(TestCaseMain.java:138)
	at com.kms.katalon.core.keyword.builtin.CallTestCaseKeyword$_callTestCase_closure1.doCall(CallTestCaseKeyword.groovy:59)
	at com.kms.katalon.core.keyword.builtin.CallTestCaseKeyword$_callTestCase_closure1.call(CallTestCaseKeyword.groovy)
	at com.kms.katalon.core.keyword.internal.KeywordMain.runKeyword(KeywordMain.groovy:68)
	at com.kms.katalon.core.keyword.builtin.CallTestCaseKeyword.callTestCase(CallTestCaseKeyword.groovy:81)
	at com.kms.katalon.core.keyword.builtin.CallTestCaseKeyword.execute(CallTestCaseKeyword.groovy:44)
	at com.kms.katalon.core.keyword.internal.KeywordExecutor.executeKeywordForPlatform(KeywordExecutor.groovy:73)
	at com.kms.katalon.core.keyword.BuiltinKeywords.callTestCase(BuiltinKeywords.groovy:334)
	at tablo.tablo.tablodaVeriBasariliMiArsiv(tablo.groovy:95)
	at cucumber.runtime.Utils$1.call(Utils.java:26)
	at cucumber.runtime.Timeout.timeout(Timeout.java:16)
	at cucumber.runtime.Utils.invoke(Utils.java:20)
	at cucumber.runtime.java.JavaStepDefinition.execute(JavaStepDefinition.java:49)
	at cucumber.runner.PickleStepDefinitionMatch.runStep(PickleStepDefinitionMatch.java:50)
	at cucumber.runner.TestStep.executeStep(TestStep.java:63)
	at cucumber.runner.TestStep.run(TestStep.java:49)
	at cucumber.runner.PickleStepTestStep.run(PickleStepTestStep.java:43)
	at cucumber.runner.TestCase.run(TestCase.java:44)
	at cucumber.runner.Runner.runPickle(Runner.java:40)
	at cucumber.runtime.Runtime$1.run(Runtime.java:84)
	at cucumber.runtime.Runtime$SameThreadExecutorService.execute(Runtime.java:220)
	at cucumber.runtime.Runtime.run(Runtime.java:81)
	at cucumber.api.cli.Main.run(Main.java:26)
	at cucumber.api.cli.Main$run.call(Unknown Source)
	at com.kms.katalon.core.cucumber.keyword.CucumberBuiltinKeywords$_runFeatureFile_closure1.doCall(CucumberBuiltinKeywords.groovy:106)
	at com.kms.katalon.core.cucumber.keyword.CucumberBuiltinKeywords$_runFeatureFile_closure1.doCall(CucumberBuiltinKeywords.groovy)
	at com.kms.katalon.core.keyword.internal.KeywordMain.runKeyword(KeywordMain.groovy:68)
	at com.kms.katalon.core.keyword.internal.KeywordMain$runKeyword.call(Unknown Source)
	at com.kms.katalon.core.cucumber.keyword.CucumberBuiltinKeywords.runFeatureFile(CucumberBuiltinKeywords.groovy:73)
	at com.kms.katalon.core.cucumber.keyword.CucumberBuiltinKeywords$runFeatureFile$0.callStatic(Unknown Source)
	at com.kms.katalon.core.cucumber.keyword.CucumberBuiltinKeywords.runFeatureFile(CucumberBuiltinKeywords.groovy:246)
	at com.kms.katalon.core.cucumber.keyword.CucumberBuiltinKeywords$runFeatureFile.call(Unknown Source)
	at VKN-Elektronik-Hal Satis.run(VKN-Elektronik-Hal Satis:19)
	at com.kms.katalon.core.main.ScriptEngine.run(ScriptEngine.java:194)
	at com.kms.katalon.core.main.ScriptEngine.runScriptAsRawText(ScriptEngine.java:119)
	at com.kms.katalon.core.main.TestCaseExecutor.runScript(TestCaseExecutor.java:369)
	at com.kms.katalon.core.main.TestCaseExecutor.doExecute(TestCaseExecutor.java:360)
	at com.kms.katalon.core.main.TestCaseExecutor.processExecutionPhase(TestCaseExecutor.java:339)
	at com.kms.katalon.core.main.TestCaseExecutor.accessMainPhase(TestCaseExecutor.java:331)
	at com.kms.katalon.core.main.TestCaseExecutor.execute(TestCaseExecutor.java:248)
	at com.kms.katalon.core.main.TestSuiteExecutor.accessTestCaseMainPhase(TestSuiteExecutor.java:191)
	at com.kms.katalon.core.main.TestSuiteExecutor.accessTestSuiteMainPhase(TestSuiteExecutor.java:140)
	at com.kms.katalon.core.main.TestSuiteExecutor.execute(TestSuiteExecutor.java:89)
	at com.kms.katalon.core.main.TestCaseMain.startTestSuite(TestCaseMain.java:181)
	at com.kms.katalon.core.main.TestCaseMain$startTestSuite$0.call(Unknown Source)
	at TempTestSuite1637674444414.run(TempTestSuite1637674444414.groovy:39)
)

2021-11-23 16:39:31 - [MESSAGE][INFO] - Finding Test Object 'Object Repository/Tablo/DurumBilgisiArsiv'

2021-11-23 16:39:31 - [MESSAGE][INFO] - Checking object

2021-11-23 16:39:31 - [MESSAGE][INFO] - Finding web element from Test Object's properties

2021-11-23 16:39:31 - [MESSAGE][INFO] - Checking timeout

2021-11-23 16:39:31 - [MESSAGE][INFO] - Finding web element with id: 'Object Repository/Tablo/DurumBilgisiArsiv' located by 'By.xpath: //*[@id = 'GridViewEArchiveInvoices_tccell0_9']' in '30' second(s)

2021-11-23 16:39:31 - [MESSAGE][INFO] - Smart Wait Function is triggered

2021-11-23 16:39:31 - [MESSAGE][INFO] - Found 1 web elements with id: 'Object Repository/Tablo/DurumBilgisiArsiv' located by 'By.xpath: //*[@id = 'GridViewEArchiveInvoices_tccell0_9']' in '30' second(s)

2021-11-23 16:39:31 - [MESSAGE][WARNING] - Actual text 'Başarılı' and expected text 'Henüz Sonuçlanmadı' of test object 'Object Repository/Tablo/DurumBilgisiArsiv' are NOT matched. (Root cause: com.kms.katalon.core.exception.StepFailedException: Actual text 'Başarılı' and expected text 'Henüz Sonuçlanmadı' of test object 'Object Repository/Tablo/DurumBilgisiArsiv' are NOT matched.
	at com.kms.katalon.core.webui.keyword.internal.WebUIKeywordMain.stepFailed(WebUIKeywordMain.groovy:64)
	at com.kms.katalon.core.webui.keyword.builtin.VerifyElementTextKeyword$_verifyElementText_closure1.doCall(VerifyElementTextKeyword.groovy:57)
	at com.kms.katalon.core.webui.keyword.builtin.VerifyElementTextKeyword$_verifyElementText_closure1.call(VerifyElementTextKeyword.groovy)
	at com.kms.katalon.core.webui.keyword.internal.WebUIKeywordMain.runKeyword(WebUIKeywordMain.groovy:20)
	at com.kms.katalon.core.webui.keyword.builtin.VerifyElementTextKeyword.verifyElementText(VerifyElementTextKeyword.groovy:72)
	at com.kms.katalon.core.webui.keyword.builtin.VerifyElementTextKeyword.execute(VerifyElementTextKeyword.groovy:40)
	at com.kms.katalon.core.keyword.internal.KeywordExecutor.executeKeywordForPlatform(KeywordExecutor.groovy:73)
	at com.kms.katalon.core.webui.keyword.WebUiBuiltInKeywords.verifyElementText(WebUiBuiltInKeywords.groovy:4733)
	at com.kms.katalon.core.webui.keyword.WebUiBuiltInKeywords$verifyElementText$20.call(Unknown Source)
	at TablodaVeriBasariliMiArsiv.run(TablodaVeriBasariliMiArsiv:22)
	at com.kms.katalon.core.main.ScriptEngine.run(ScriptEngine.java:194)
	at com.kms.katalon.core.main.ScriptEngine.runScriptAsRawText(ScriptEngine.java:119)
	at com.kms.katalon.core.main.TestCaseExecutor.runScript(TestCaseExecutor.java:369)
	at com.kms.katalon.core.main.TestCaseExecutor.doExecute(TestCaseExecutor.java:360)
	at com.kms.katalon.core.main.TestCaseExecutor.processExecutionPhase(TestCaseExecutor.java:339)
	at com.kms.katalon.core.main.TestCaseExecutor.accessMainPhase(TestCaseExecutor.java:331)
	at com.kms.katalon.core.main.TestCaseExecutor.execute(TestCaseExecutor.java:248)
	at com.kms.katalon.core.main.TestCaseMain.runTestCase(TestCaseMain.java:138)
	at com.kms.katalon.core.keyword.builtin.CallTestCaseKeyword$_callTestCase_closure1.doCall(CallTestCaseKeyword.groovy:59)
	at com.kms.katalon.core.keyword.builtin.CallTestCaseKeyword$_callTestCase_closure1.call(CallTestCaseKeyword.groovy)
	at com.kms.katalon.core.keyword.internal.KeywordMain.runKeyword(KeywordMain.groovy:68)
	at com.kms.katalon.core.keyword.builtin.CallTestCaseKeyword.callTestCase(CallTestCaseKeyword.groovy:81)
	at com.kms.katalon.core.keyword.builtin.CallTestCaseKeyword.execute(CallTestCaseKeyword.groovy:44)
	at com.kms.katalon.core.keyword.internal.KeywordExecutor.executeKeywordForPlatform(KeywordExecutor.groovy:73)
	at com.kms.katalon.core.keyword.BuiltinKeywords.callTestCase(BuiltinKeywords.groovy:334)
	at tablo.tablo.tablodaVeriBasariliMiArsiv(tablo.groovy:95)
	at cucumber.runtime.Utils$1.call(Utils.java:26)
	at cucumber.runtime.Timeout.timeout(Timeout.java:16)
	at cucumber.runtime.Utils.invoke(Utils.java:20)
	at cucumber.runtime.java.JavaStepDefinition.execute(JavaStepDefinition.java:49)
	at cucumber.runner.PickleStepDefinitionMatch.runStep(PickleStepDefinitionMatch.java:50)
	at cucumber.runner.TestStep.executeStep(TestStep.java:63)
	at cucumber.runner.TestStep.run(TestStep.java:49)
	at cucumber.runner.PickleStepTestStep.run(PickleStepTestStep.java:43)
	at cucumber.runner.TestCase.run(TestCase.java:44)
	at cucumber.runner.Runner.runPickle(Runner.java:40)
	at cucumber.runtime.Runtime$1.run(Runtime.java:84)
	at cucumber.runtime.Runtime$SameThreadExecutorService.execute(Runtime.java:220)
	at cucumber.runtime.Runtime.run(Runtime.java:81)
	at cucumber.api.cli.Main.run(Main.java:26)
	at cucumber.api.cli.Main$run.call(Unknown Source)
	at com.kms.katalon.core.cucumber.keyword.CucumberBuiltinKeywords$_runFeatureFile_closure1.doCall(CucumberBuiltinKeywords.groovy:106)
	at com.kms.katalon.core.cucumber.keyword.CucumberBuiltinKeywords$_runFeatureFile_closure1.doCall(CucumberBuiltinKeywords.groovy)
	at com.kms.katalon.core.keyword.internal.KeywordMain.runKeyword(KeywordMain.groovy:68)
	at com.kms.katalon.core.keyword.internal.KeywordMain$runKeyword.call(Unknown Source)
	at com.kms.katalon.core.cucumber.keyword.CucumberBuiltinKeywords.runFeatureFile(CucumberBuiltinKeywords.groovy:73)
	at com.kms.katalon.core.cucumber.keyword.CucumberBuiltinKeywords$runFeatureFile$0.callStatic(Unknown Source)
	at com.kms.katalon.core.cucumber.keyword.CucumberBuiltinKeywords.runFeatureFile(CucumberBuiltinKeywords.groovy:246)
	at com.kms.katalon.core.cucumber.keyword.CucumberBuiltinKeywords$runFeatureFile.call(Unknown Source)
	at VKN-Elektronik-Hal Satis.run(VKN-Elektronik-Hal Satis:19)
	at com.kms.katalon.core.main.ScriptEngine.run(ScriptEngine.java:194)
	at com.kms.katalon.core.main.ScriptEngine.runScriptAsRawText(ScriptEngine.java:119)
	at com.kms.katalon.core.main.TestCaseExecutor.runScript(TestCaseExecutor.java:369)
	at com.kms.katalon.core.main.TestCaseExecutor.doExecute(TestCaseExecutor.java:360)
	at com.kms.katalon.core.main.TestCaseExecutor.processExecutionPhase(TestCaseExecutor.java:339)
	at com.kms.katalon.core.main.TestCaseExecutor.accessMainPhase(TestCaseExecutor.java:331)
	at com.kms.katalon.core.main.TestCaseExecutor.execute(TestCaseExecutor.java:248)
	at com.kms.katalon.core.main.TestSuiteExecutor.accessTestCaseMainPhase(TestSuiteExecutor.java:191)
	at com.kms.katalon.core.main.TestSuiteExecutor.accessTestSuiteMainPhase(TestSuiteExecutor.java:140)
	at com.kms.katalon.core.main.TestSuiteExecutor.execute(TestSuiteExecutor.java:89)
	at com.kms.katalon.core.main.TestCaseMain.startTestSuite(TestCaseMain.java:181)
	at com.kms.katalon.core.main.TestCaseMain$startTestSuite$0.call(Unknown Source)
	at TempTestSuite1637674444414.run(TempTestSuite1637674444414.groovy:39)
)

2021-11-23 16:39:31 - [TEST_STEP][PASSED] - Method.TextDegerineEsitElementVarMi(findTestObject("Object Repository/Tablo/DurumBilgisiArsiv"), "Başarılı"): Method.TextDegerineEsitElementVarMi is PASSED

2021-11-23 16:39:31 - [MESSAGE][INFO] - Finding Test Object 'Object Repository/Tablo/DurumBilgisiArsiv'

2021-11-23 16:39:31 - [MESSAGE][INFO] - Checking timeout

2021-11-23 16:39:31 - [MESSAGE][INFO] - Finding web element with id: 'Object Repository/Tablo/DurumBilgisiArsiv' located by 'By.xpath: //*[@id = 'GridViewEArchiveInvoices_tccell0_9']' in '10' second(s)

2021-11-23 16:39:31 - [MESSAGE][INFO] - Smart Wait Function is triggered

2021-11-23 16:39:32 - [MESSAGE][INFO] - Found 1 web elements with id: 'Object Repository/Tablo/DurumBilgisiArsiv' located by 'By.xpath: //*[@id = 'GridViewEArchiveInvoices_tccell0_9']' in '10' second(s)

2021-11-23 16:39:32 - [MESSAGE][PASSED] - Method.TextDegerineEsitElementVarMi is PASSED

2021-11-23 16:39:32 - [MESSAGE][PASSED] - Call Test Case 'Test Cases/Tablo/TablodaVeriBasariliMiArsiv' successfully

2021-11-23 16:39:32 - [MESSAGE][INFO] - Checking called Test Case

2021-11-23 16:39:32 - [MESSAGE][INFO] - Starting to call Test Case 'Test Cases/Kullanici_Islemleri/KullaniciIslemlerindenSecimYapilir'

2021-11-23 16:39:32 - [TEST_CASE][PASSED] - Test Cases/Kullanici_Islemleri/KullaniciIslemlerindenSecimYapilir: Test Cases/Kullanici_Islemleri/KullaniciIslemlerindenSecimYapilir

2021-11-23 16:39:32 - [TEST_STEP][PASSED] - waitForElementClickable(findTestObject("Object Repository/Kullanici_Islemleri/KullaniciIslemleri"), 10): Object 'Object Repository/Kullanici_Islemleri/KullaniciIslemleri' is clickable

2021-11-23 16:39:32 - [MESSAGE][INFO] - Finding Test Object 'Object Repository/Kullanici_Islemleri/KullaniciIslemleri'

2021-11-23 16:39:32 - [MESSAGE][INFO] - Checking object

2021-11-23 16:39:32 - [MESSAGE][INFO] - Checking timeout

2021-11-23 16:39:32 - [MESSAGE][INFO] - Finding web element from Test Object's properties

2021-11-23 16:39:32 - [MESSAGE][INFO] - Checking timeout

2021-11-23 16:39:32 - [MESSAGE][INFO] - Finding web element with id: 'Object Repository/Kullanici_Islemleri/KullaniciIslemleri' located by 'By.cssSelector: .dropdown>a>img' in '10' second(s)

2021-11-23 16:39:32 - [MESSAGE][INFO] - Smart Wait Function is triggered

2021-11-23 16:39:32 - [MESSAGE][INFO] - Found 1 web elements with id: 'Object Repository/Kullanici_Islemleri/KullaniciIslemleri' located by 'By.cssSelector: .dropdown>a>img' in '10' second(s)

2021-11-23 16:39:32 - [MESSAGE][PASSED] - Object 'Object Repository/Kullanici_Islemleri/KullaniciIslemleri' is clickable

2021-11-23 16:39:32 - [TEST_STEP][PASSED] - click(findTestObject("Object Repository/Kullanici_Islemleri/KullaniciIslemleri")): Object: 'Object Repository/Kullanici_Islemleri/KullaniciIslemleri' is clicked on

2021-11-23 16:39:32 - [MESSAGE][INFO] - Finding Test Object 'Object Repository/Kullanici_Islemleri/KullaniciIslemleri'

2021-11-23 16:39:32 - [MESSAGE][INFO] - Checking object

2021-11-23 16:39:32 - [MESSAGE][INFO] - Finding web element from Test Object's properties

2021-11-23 16:39:32 - [MESSAGE][INFO] - Checking timeout

2021-11-23 16:39:32 - [MESSAGE][INFO] - Finding web element with id: 'Object Repository/Kullanici_Islemleri/KullaniciIslemleri' located by 'By.cssSelector: .dropdown>a>img' in '30' second(s)

2021-11-23 16:39:32 - [MESSAGE][INFO] - Smart Wait Function is triggered

2021-11-23 16:39:32 - [MESSAGE][INFO] - Found 1 web elements with id: 'Object Repository/Kullanici_Islemleri/KullaniciIslemleri' located by 'By.cssSelector: .dropdown>a>img' in '30' second(s)

2021-11-23 16:39:32 - [MESSAGE][INFO] - Clicking on object: 'Object Repository/Kullanici_Islemleri/KullaniciIslemleri'

2021-11-23 16:39:32 - [MESSAGE][PASSED] - Object: 'Object Repository/Kullanici_Islemleri/KullaniciIslemleri' is clicked on

2021-11-23 16:39:32 - [TEST_STEP][PASSED] - Method.TextDegerineEsitElementeTikla(findTestObject("Object Repository/Kullanici_Islemleri/Secenekler"), Islem): Method.TextDegerineEsitElementeTikla is PASSED

2021-11-23 16:39:32 - [MESSAGE][INFO] - Finding Test Object 'Object Repository/Kullanici_Islemleri/Secenekler'

2021-11-23 16:39:33 - [MESSAGE][INFO] - Checking timeout

2021-11-23 16:39:33 - [MESSAGE][INFO] - Finding web element with id: 'Object Repository/Kullanici_Islemleri/Secenekler' located by 'By.cssSelector: .nav.navbar-nav.navbar-right li a' in '10' second(s)

2021-11-23 16:39:33 - [MESSAGE][INFO] - Smart Wait Function is triggered

2021-11-23 16:39:33 - [MESSAGE][INFO] - Found 22 web elements with id: 'Object Repository/Kullanici_Islemleri/Secenekler' located by 'By.cssSelector: .nav.navbar-nav.navbar-right li a' in '10' second(s)

2021-11-23 16:39:34 - [MESSAGE][PASSED] - Method.TextDegerineEsitElementeTikla is PASSED

2021-11-23 16:39:34 - [TEST_STEP][PASSED] - verifyElementNotPresent(findTestObject("Object Repository/Kullanici_Islemleri/Secenekler"), 10): Web element with id: 'Object Repository/Kullanici_Islemleri/Secenekler' located by 'By.cssSelector: .nav.navbar-nav.navbar-right li a' is not present after '10' second(s)

2021-11-23 16:39:34 - [MESSAGE][INFO] - Finding Test Object 'Object Repository/Kullanici_Islemleri/Secenekler'

2021-11-23 16:39:35 - [MESSAGE][INFO] - Checking object

2021-11-23 16:39:35 - [MESSAGE][INFO] - Checking timeout

2021-11-23 16:39:35 - [MESSAGE][INFO] - Finding web element with id: 'Object Repository/Kullanici_Islemleri/Secenekler' located by 'By.cssSelector: .nav.navbar-nav.navbar-right li a' in '10' second(s)

2021-11-23 16:39:35 - [MESSAGE][INFO] - Smart Wait Function is triggered

2021-11-23 16:39:35 - [MESSAGE][PASSED] - Web element with id: 'Object Repository/Kullanici_Islemleri/Secenekler' located by 'By.cssSelector: .nav.navbar-nav.navbar-right li a' is not present after '10' second(s)

2021-11-23 16:39:35 - [MESSAGE][PASSED] - Call Test Case 'Test Cases/Kullanici_Islemleri/KullaniciIslemlerindenSecimYapilir' successfully

2021-11-23 16:39:35 - [TEST_CASE][PASSED] - Start Test Case : SCENARIO Gonderim tipi Kagit ve Hal Satis tipinde e-Arsiv faturasi olusturulmasi: SCENARIO Gonderim tipi Kagit ve Hal Satis tipinde e-Arsiv faturasi olusturulmasi

2021-11-23 16:39:35 - [TEST_STEP][PASSED] - Kullanıcı adı HALSATIS ve Şifre test1234 olarak giriş yapılır: Kullanıcı adı HALSATIS ve Şifre test1234 olarak giriş yapılır

2021-11-23 16:39:35 - [MESSAGE][PASSED] - Kullanıcı adı HALSATIS ve Şifre test1234 olarak giriş yapılır

2021-11-23 16:39:35 - [TEST_STEP][PASSED] - Ana menüden e-Arşiv seçilir: Ana menüden e-Arşiv seçilir

2021-11-23 16:39:35 - [MESSAGE][PASSED] - Ana menüden e-Arşiv seçilir

2021-11-23 16:39:35 - [TEST_STEP][PASSED] - Alt menü e-Arşiv Araçları başlığı altındaki e-Arşiv Fatura Oluşturma seçilir: Alt menü e-Arşiv Araçları başlığı altındaki e-Arşiv Fatura Oluşturma seçilir

2021-11-23 16:39:35 - [MESSAGE][PASSED] - Alt menü e-Arşiv Araçları başlığı altındaki e-Arşiv Fatura Oluşturma seçilir

2021-11-23 16:39:35 - [TEST_STEP][PASSED] - Tablodaki tüm veriler silinir: Tablodaki tüm veriler silinir

2021-11-23 16:39:35 - [MESSAGE][PASSED] - Tablodaki tüm veriler silinir

2021-11-23 16:39:35 - [TEST_STEP][PASSED] - Butonlardan Ekle isimli butona tıklanır: Butonlardan Ekle isimli butona tıklanır

2021-11-23 16:39:35 - [MESSAGE][PASSED] - Butonlardan Ekle isimli butona tıklanır

2021-11-23 16:39:35 - [TEST_STEP][PASSED] - Görsel tasarım sayfasının e-Arşiv Fatura Bilgileri başlığını içerdiği kontrol edilir: Görsel tasarım sayfasının e-Arşiv Fatura Bilgileri başlığını içerdiği kontrol edilir

2021-11-23 16:39:35 - [MESSAGE][PASSED] - Görsel tasarım sayfasının e-Arşiv Fatura Bilgileri başlığını içerdiği kontrol edilir

2021-11-23 16:39:35 - [TEST_STEP][PASSED] - Alıcı adı alanına UC0002 girilir: Alıcı adı alanına UC0002 girilir

2021-11-23 16:39:35 - [MESSAGE][PASSED] - Alıcı adı alanına UC0002 girilir

2021-11-23 16:39:35 - [TEST_STEP][PASSED] - Gönderim Şekli Elektronik olarak seçilir: Gönderim Şekli Elektronik olarak seçilir

2021-11-23 16:39:35 - [MESSAGE][PASSED] - Gönderim Şekli Elektronik olarak seçilir

2021-11-23 16:39:35 - [TEST_STEP][PASSED] - Tip alanından Hal Satış seçilir: Tip alanından Hal Satış seçilir

2021-11-23 16:39:35 - [MESSAGE][PASSED] - Tip alanından Hal Satış seçilir

2021-11-23 16:39:35 - [TEST_STEP][PASSED] - Döküman Para Birimi alanından Türk Lirası seçilir: Döküman Para Birimi alanından Türk Lirası seçilir

2021-11-23 16:39:35 - [MESSAGE][PASSED] - Döküman Para Birimi alanından Türk Lirası seçilir

2021-11-23 16:39:35 - [TEST_STEP][PASSED] - Ön Ek YIG olarak seçilir: Ön Ek YIG olarak seçilir

2021-11-23 16:39:35 - [MESSAGE][PASSED] - Ön Ek YIG olarak seçilir

2021-11-23 16:39:35 - [TEST_STEP][PASSED] - Tasarım alanından Otomasyon seçilir: Tasarım alanından Otomasyon seçilir

2021-11-23 16:39:35 - [MESSAGE][PASSED] - Tasarım alanından Otomasyon seçilir

2021-11-23 16:39:35 - [TEST_STEP][PASSED] - Sipariş bilgileri UUC-SAT-1200001 ve 30.04.2020 olarak girilir: Sipariş bilgileri UUC-SAT-1200001 ve 30.04.2020 olarak girilir

2021-11-23 16:39:35 - [MESSAGE][PASSED] - Sipariş bilgileri UUC-SAT-1200001 ve 30.04.2020 olarak girilir

2021-11-23 16:39:35 - [TEST_STEP][PASSED] - İrsaliye Bilgileri AAAAAAAAAA,30.04.2020 olarak girilir: İrsaliye Bilgileri AAAAAAAAAA,30.04.2020 olarak girilir

2021-11-23 16:39:35 - [MESSAGE][PASSED] - İrsaliye Bilgileri AAAAAAAAAA,30.04.2020 olarak girilir

2021-11-23 16:39:35 - [TEST_STEP][PASSED] - Ekle butonuna basılır: Ekle butonuna basılır

2021-11-23 16:39:35 - [MESSAGE][PASSED] - Ekle butonuna basılır

2021-11-23 16:39:35 - [TEST_STEP][PASSED] - Ürün ekleme alanında Mal/Hizmet başlığına Otomasyon girilir: Ürün ekleme alanında Mal/Hizmet başlığına Otomasyon girilir

2021-11-23 16:39:35 - [MESSAGE][PASSED] - Ürün ekleme alanında Mal/Hizmet başlığına Otomasyon girilir

2021-11-23 16:39:35 - [TEST_STEP][PASSED] - Ürün ekleme alanında Açıklaması başlığına Virgosol girilir: Ürün ekleme alanında Açıklaması başlığına Virgosol girilir

2021-11-23 16:39:35 - [MESSAGE][PASSED] - Ürün ekleme alanında Açıklaması başlığına Virgosol girilir

2021-11-23 16:39:35 - [TEST_STEP][PASSED] - Ürün ekleme alanında Künye Numarası başlığına 1234567890123456789 girilir: Ürün ekleme alanında Künye Numarası başlığına 1234567890123456789 girilir

2021-11-23 16:39:35 - [MESSAGE][PASSED] - Ürün ekleme alanında Künye Numarası başlığına 1234567890123456789 girilir

2021-11-23 16:39:35 - [TEST_STEP][PASSED] - Ürün ekleme alanında Vkn/Tckn başlığına 11111111110 girilir: Ürün ekleme alanında Vkn/Tckn başlığına 11111111110 girilir

2021-11-23 16:39:35 - [MESSAGE][PASSED] - Ürün ekleme alanında Vkn/Tckn başlığına 11111111110 girilir

2021-11-23 16:39:35 - [TEST_STEP][PASSED] - Ürün ekleme alanında Mal Sahibi başlığına AAAAAAAAA girilir: Ürün ekleme alanında Mal Sahibi başlığına AAAAAAAAA girilir

2021-11-23 16:39:35 - [MESSAGE][PASSED] - Ürün ekleme alanında Mal Sahibi başlığına AAAAAAAAA girilir

2021-11-23 16:39:35 - [TEST_STEP][PASSED] - Ürün ekleme alanında Miktarı başlığına 400 girilir: Ürün ekleme alanında Miktarı başlığına 400 girilir

2021-11-23 16:39:35 - [MESSAGE][PASSED] - Ürün ekleme alanında Miktarı başlığına 400 girilir

2021-11-23 16:39:35 - [TEST_STEP][PASSED] - Ürün ekleme alanında Birim Fiyat başlığına 100 girilir: Ürün ekleme alanında Birim Fiyat başlığına 100 girilir

2021-11-23 16:39:35 - [MESSAGE][PASSED] - Ürün ekleme alanında Birim Fiyat başlığına 100 girilir

2021-11-23 16:39:35 - [TEST_STEP][PASSED] - Ürün ekleme alanında İskonto Oranı % başlığına 10 girilir: Ürün ekleme alanında İskonto Oranı % başlığına 10 girilir

2021-11-23 16:39:35 - [MESSAGE][PASSED] - Ürün ekleme alanında İskonto Oranı % başlığına 10 girilir

2021-11-23 16:39:35 - [TEST_STEP][PASSED] - Notlar alanına Otomasyon Not girilir: Notlar alanına Otomasyon Not girilir

2021-11-23 16:39:35 - [MESSAGE][PASSED] - Notlar alanına Otomasyon Not girilir

2021-11-23 16:39:35 - [TEST_STEP][PASSED] - Ettn bilgisi kayıt edilir: Ettn bilgisi kayıt edilir

2021-11-23 16:39:35 - [MESSAGE][PASSED] - Ettn bilgisi kayıt edilir

2021-11-23 16:39:35 - [TEST_STEP][PASSED] - Kaydet butonu seçilir: Kaydet butonu seçilir

2021-11-23 16:39:35 - [MESSAGE][PASSED] - Kaydet butonu seçilir

2021-11-23 16:39:35 - [TEST_STEP][PASSED] - Tabloda Ettn bilgisi kaydedilen veri oluşturuldu mu: Tabloda Ettn bilgisi kaydedilen veri oluşturuldu mu

2021-11-23 16:39:35 - [MESSAGE][PASSED] - Tabloda Ettn bilgisi kaydedilen veri oluşturuldu mu

2021-11-23 16:39:35 - [TEST_STEP][PASSED] - Tablodan Ettn bilgisi kaydedilen veri seçilir: Tablodan Ettn bilgisi kaydedilen veri seçilir

2021-11-23 16:39:35 - [MESSAGE][PASSED] - Tablodan Ettn bilgisi kaydedilen veri seçilir

2021-11-23 16:39:35 - [TEST_STEP][PASSED] - Butonlardan Numara Oluştur isimli butona tıklanır: Butonlardan Numara Oluştur isimli butona tıklanır

2021-11-23 16:39:35 - [MESSAGE][PASSED] - Butonlardan Numara Oluştur isimli butona tıklanır

2021-11-23 16:39:35 - [TEST_STEP][PASSED] - Popup mesajı Devam etmek istiyor musunuz içeriyor mu: Popup mesajı Devam etmek istiyor musunuz içeriyor mu

2021-11-23 16:39:35 - [MESSAGE][PASSED] - Popup mesajı Devam etmek istiyor musunuz içeriyor mu

2021-11-23 16:39:35 - [TEST_STEP][PASSED] - Yönetim popupında Evet seçilir: Yönetim popupında Evet seçilir

2021-11-23 16:39:35 - [MESSAGE][PASSED] - Yönetim popupında Evet seçilir

2021-11-23 16:39:35 - [TEST_STEP][PASSED] - Popup mesajı oluşmuştur içeriyor mu: Popup mesajı oluşmuştur içeriyor mu

2021-11-23 16:39:35 - [MESSAGE][PASSED] - Popup mesajı oluşmuştur içeriyor mu

2021-11-23 16:39:35 - [TEST_STEP][PASSED] - Yönetim popupında Tamam seçilir: Yönetim popupında Tamam seçilir

2021-11-23 16:39:35 - [MESSAGE][PASSED] - Yönetim popupında Tamam seçilir

2021-11-23 16:39:35 - [TEST_STEP][PASSED] - Tablodan Ettn bilgisi kaydedilen veri seçilir: Tablodan Ettn bilgisi kaydedilen veri seçilir

2021-11-23 16:39:35 - [MESSAGE][PASSED] - Tablodan Ettn bilgisi kaydedilen veri seçilir

2021-11-23 16:39:35 - [TEST_STEP][PASSED] - Butonlardan Gönder isimli butona tıklanır: Butonlardan Gönder isimli butona tıklanır

2021-11-23 16:39:35 - [MESSAGE][PASSED] - Butonlardan Gönder isimli butona tıklanır

2021-11-23 16:39:35 - [TEST_STEP][PASSED] - Popup mesajı Devam etmek istiyor musunuz içeriyor mu: Popup mesajı Devam etmek istiyor musunuz içeriyor mu

2021-11-23 16:39:35 - [MESSAGE][PASSED] - Popup mesajı Devam etmek istiyor musunuz içeriyor mu

2021-11-23 16:39:35 - [TEST_STEP][PASSED] - Yönetim popupında Evet seçilir: Yönetim popupında Evet seçilir

2021-11-23 16:39:35 - [MESSAGE][PASSED] - Yönetim popupında Evet seçilir

2021-11-23 16:39:35 - [TEST_STEP][PASSED] - Ana menüden e-Arşiv seçilir: Ana menüden e-Arşiv seçilir

2021-11-23 16:39:35 - [MESSAGE][PASSED] - Ana menüden e-Arşiv seçilir

2021-11-23 16:39:35 - [TEST_STEP][PASSED] - Alt menü e-Arşiv Hareketleri başlığı altındaki e-Arşiv Faturaları seçilir: Alt menü e-Arşiv Hareketleri başlığı altındaki e-Arşiv Faturaları seçilir

2021-11-23 16:39:35 - [MESSAGE][PASSED] - Alt menü e-Arşiv Hareketleri başlığı altındaki e-Arşiv Faturaları seçilir

2021-11-23 16:39:35 - [TEST_STEP][PASSED] - Filtrelerden Ettn filtresine Ettn bilgisi yaz: Filtrelerden Ettn filtresine Ettn bilgisi yaz

2021-11-23 16:39:35 - [MESSAGE][PASSED] - Filtrelerden Ettn filtresine Ettn bilgisi yaz

2021-11-23 16:39:35 - [TEST_STEP][PASSED] - Filtre butonlarından Listele seçilir: Filtre butonlarından Listele seçilir

2021-11-23 16:39:35 - [MESSAGE][PASSED] - Filtre butonlarından Listele seçilir

2021-11-23 16:39:35 - [TEST_STEP][PASSED] - Tabloda veri var mı kontrol edilir: Tabloda veri var mı kontrol edilir

2021-11-23 16:39:35 - [MESSAGE][PASSED] - Tabloda veri var mı kontrol edilir

2021-11-23 16:39:35 - [TEST_STEP][PASSED] - Tabloda yeni oluşturulan eArsiv verisi başarılı mı: Tabloda yeni oluşturulan eArsiv verisi başarılı mı

2021-11-23 16:39:35 - [MESSAGE][PASSED] - Tabloda yeni oluşturulan eArsiv verisi başarılı mı

2021-11-23 16:39:35 - [TEST_STEP][PASSED] - Kullanıcı işlemlerinden Çıkış seçilir: Kullanıcı işlemlerinden Çıkış seçilir

2021-11-23 16:39:35 - [MESSAGE][PASSED] - Kullanıcı işlemlerinden Çıkış seçilir

2021-11-23 16:39:35 - [MESSAGE][PASSED] - Feature file: 'Include/features/Regresyon/e-Arsiv/VKN-Elektronik-Hal Satis.feature' was passed

2021-11-23 16:39:35 - [TEST_STEP][PASSED] - Start listener action : sampleAfterTestSuite: Invoke 'com.kms.katalon.core.annotation.AfterTestCase' method: 'Listener.sampleAfterTestSuite(...)' completed.

2021-11-23 16:39:35 - [MESSAGE][INFO] - Starting invoke 'com.kms.katalon.core.annotation.AfterTestCase' method: 'Listener.sampleAfterTestSuite(...)'

2021-11-23 16:39:35 - [TEST_STEP][PASSED] - closeBrowser(): Invoke 'com.kms.katalon.core.annotation.AfterTestCase' method: 'Listener.sampleAfterTestSuite(...)' completed.

2021-11-23 16:39:35 - [MESSAGE][INFO] - Closing browser

2021-11-23 16:39:36 - [MESSAGE][PASSED] - Browser is closed

2021-11-23 16:39:36 - [MESSAGE][INFO] - Invoke 'com.kms.katalon.core.annotation.AfterTestCase' method: 'Listener.sampleAfterTestSuite(...)' completed.]]></system-out>
         <system-err><![CDATA[]]></system-err>
      </testcase>
      <testcase name="Test Cases/Case Repository/Regresyon/e-Arsiv/VKN-Elektronik-Iade" time="116.923" classname="Test Cases/Case Repository/Regresyon/e-Arsiv/VKN-Elektronik-Iade" status="PASSED">
         <system-out><![CDATA[2021-11-23 16:39:36 - [TEST_CASE][PASSED] - Test Cases/Case Repository/Regresyon/e-Arsiv/VKN-Elektronik-Iade: Test Cases/Case Repository/Regresyon/e-Arsiv/VKN-Elektronik-Iade

2021-11-23 16:39:36 - [TEST_STEP][PASSED] - Start listener action : sampleBeforeTestSuite: Invoke 'com.kms.katalon.core.annotation.BeforeTestCase' method: 'Listener.sampleBeforeTestSuite(...)' completed.

2021-11-23 16:39:36 - [MESSAGE][INFO] - Starting invoke 'com.kms.katalon.core.annotation.BeforeTestCase' method: 'Listener.sampleBeforeTestSuite(...)'

2021-11-23 16:39:36 - [TEST_STEP][PASSED] - openBrowser(baseUrl): Browser is opened with url: 'https://efatura-stage.elogo.com.tr/'

2021-11-23 16:39:36 - [MESSAGE][INFO] - Opening browser

2021-11-23 16:39:36 - [MESSAGE][INFO] - Starting 'Chrome' driver

2021-11-23 16:39:36 - [MESSAGE][INFO] - User set preference: ['prefs', '{download.default_directory=C:\otomasyondownfiles}']

2021-11-23 16:39:36 - [MESSAGE][INFO] - Action delay is set to 0 milliseconds

2021-11-23 16:39:37 - [MESSAGE][INFO] - Navigating browser to: 'https://efatura-stage.elogo.com.tr/'

2021-11-23 16:39:40 - [MESSAGE][PASSED] - Browser is opened with url: 'https://efatura-stage.elogo.com.tr/'

2021-11-23 16:39:40 - [TEST_STEP][PASSED] - maximizeWindow(): Invoke 'com.kms.katalon.core.annotation.BeforeTestCase' method: 'Listener.sampleBeforeTestSuite(...)' completed.

2021-11-23 16:39:40 - [MESSAGE][INFO] - Maximizing current window

2021-11-23 16:39:40 - [MESSAGE][PASSED] - Current window maximized

2021-11-23 16:39:40 - [MESSAGE][INFO] - Invoke 'com.kms.katalon.core.annotation.BeforeTestCase' method: 'Listener.sampleBeforeTestSuite(...)' completed.

2021-11-23 16:39:41 - [TEST_STEP][PASSED] - runFeatureFile("Include/features/Regresyon/e-Arsiv/VKN-Elektronik-Iade.feature"): Feature file: 'Include/features/Regresyon/e-Arsiv/VKN-Elektronik-Iade.feature' was passed

2021-11-23 16:39:41 - [MESSAGE][INFO] - Starting run keyword runFeatureFile: 'Include/features/Regresyon/e-Arsiv/VKN-Elektronik-Iade.feature' and extract report to folder: 'C:\Users\DELL\Documents\GitHub\EES_KatalonLogo\Reports\20211123_163326\Suite Repository\Regresyon-eArsiv-eMakbuz\20211123_163404/cucumber_report/1637674781301'...

2021-11-23 16:39:41 - [MESSAGE][INFO] - Glue: []

2021-11-23 16:39:44 - [MESSAGE][INFO] - Checking called Test Case

2021-11-23 16:39:44 - [MESSAGE][INFO] - Starting to call Test Case 'Test Cases/Sayfalar/Giris_Sayfasi/Login'

2021-11-23 16:39:44 - [TEST_CASE][PASSED] - Test Cases/Sayfalar/Giris_Sayfasi/Login: Test Cases/Sayfalar/Giris_Sayfasi/Login

2021-11-23 16:39:44 - [TEST_STEP][PASSED] - Sayfa_Basligi = getWindowTitle(): Current window's title is: 'LOGO e-Fatura'

2021-11-23 16:39:44 - [MESSAGE][INFO] - Getting current window's title

2021-11-23 16:39:44 - [MESSAGE][PASSED] - Current window's title is: 'LOGO e-Fatura'

2021-11-23 16:39:44 - [TEST_STEP][PASSED] - verifyMatch(Sayfa_Basligi, "LOGO e-Fatura", false): Actual text 'LOGO e-Fatura' and expected text 'LOGO e-Fatura' are matched 

2021-11-23 16:39:44 - [MESSAGE][INFO] - Matching actual text 'LOGO e-Fatura' with expected text 'LOGO e-Fatura'

2021-11-23 16:39:44 - [MESSAGE][PASSED] - Actual text 'LOGO e-Fatura' and expected text 'LOGO e-Fatura' are matched 

2021-11-23 16:39:44 - [TEST_STEP][PASSED] - sendKeys(findTestObject("Sayfalar/Giris_Sayfasi/Firma_Kodu"), KullaniciAdi): Keys 'EARIADE' sent to object: 'Object Repository/Sayfalar/Giris_Sayfasi/Firma_Kodu'

2021-11-23 16:39:44 - [MESSAGE][INFO] - Finding Test Object 'Object Repository/Sayfalar/Giris_Sayfasi/Firma_Kodu'

2021-11-23 16:39:44 - [MESSAGE][INFO] - Sending keys 'EARIADE' to object: 'Object Repository/Sayfalar/Giris_Sayfasi/Firma_Kodu'

2021-11-23 16:39:44 - [MESSAGE][INFO] - Finding web element from Test Object's properties

2021-11-23 16:39:44 - [MESSAGE][INFO] - Checking timeout

2021-11-23 16:39:44 - [MESSAGE][INFO] - Finding web element with id: 'Object Repository/Sayfalar/Giris_Sayfasi/Firma_Kodu' located by 'By.xpath: //*[@id = 'AccountName']' in '30' second(s)

2021-11-23 16:39:44 - [MESSAGE][INFO] - Smart Wait Function is triggered

2021-11-23 16:39:44 - [MESSAGE][INFO] - Found 1 web elements with id: 'Object Repository/Sayfalar/Giris_Sayfasi/Firma_Kodu' located by 'By.xpath: //*[@id = 'AccountName']' in '30' second(s)

2021-11-23 16:39:44 - [MESSAGE][PASSED] - Keys 'EARIADE' sent to object: 'Object Repository/Sayfalar/Giris_Sayfasi/Firma_Kodu'

2021-11-23 16:39:44 - [TEST_STEP][PASSED] - sendKeys(findTestObject("Sayfalar/Giris_Sayfasi/Sifre"), Sifre): Keys 'test1234' sent to object: 'Object Repository/Sayfalar/Giris_Sayfasi/Sifre'

2021-11-23 16:39:44 - [MESSAGE][INFO] - Finding Test Object 'Object Repository/Sayfalar/Giris_Sayfasi/Sifre'

2021-11-23 16:39:45 - [MESSAGE][INFO] - Sending keys 'test1234' to object: 'Object Repository/Sayfalar/Giris_Sayfasi/Sifre'

2021-11-23 16:39:45 - [MESSAGE][INFO] - Finding web element from Test Object's properties

2021-11-23 16:39:45 - [MESSAGE][INFO] - Checking timeout

2021-11-23 16:39:45 - [MESSAGE][INFO] - Finding web element with id: 'Object Repository/Sayfalar/Giris_Sayfasi/Sifre' located by 'By.xpath: //*[@id = 'Password']' in '30' second(s)

2021-11-23 16:39:45 - [MESSAGE][INFO] - Smart Wait Function is triggered

2021-11-23 16:39:45 - [MESSAGE][INFO] - Found 1 web elements with id: 'Object Repository/Sayfalar/Giris_Sayfasi/Sifre' located by 'By.xpath: //*[@id = 'Password']' in '30' second(s)

2021-11-23 16:39:45 - [MESSAGE][PASSED] - Keys 'test1234' sent to object: 'Object Repository/Sayfalar/Giris_Sayfasi/Sifre'

2021-11-23 16:39:45 - [TEST_STEP][PASSED] - findWebElement(findTestObject("Sayfalar/Giris_Sayfasi/Giris_Butonu")).click(): Found 1 web elements with id: 'Object Repository/Sayfalar/Giris_Sayfasi/Giris_Butonu' located by 'By.cssSelector: #btnLogin' in '30' second(s)

2021-11-23 16:39:45 - [MESSAGE][INFO] - Finding Test Object 'Object Repository/Sayfalar/Giris_Sayfasi/Giris_Butonu'

2021-11-23 16:39:45 - [MESSAGE][INFO] - Finding web element from Test Object's properties

2021-11-23 16:39:45 - [MESSAGE][INFO] - Checking timeout

2021-11-23 16:39:45 - [MESSAGE][INFO] - Finding web element with id: 'Object Repository/Sayfalar/Giris_Sayfasi/Giris_Butonu' located by 'By.cssSelector: #btnLogin' in '30' second(s)

2021-11-23 16:39:45 - [MESSAGE][INFO] - Smart Wait Function is triggered

2021-11-23 16:39:45 - [MESSAGE][INFO] - Found 1 web elements with id: 'Object Repository/Sayfalar/Giris_Sayfasi/Giris_Butonu' located by 'By.cssSelector: #btnLogin' in '30' second(s)

2021-11-23 16:39:47 - [TEST_STEP][PASSED] - if (verifyElementPresent(findTestObject("Object Repository/Sayfalar/Giris_Sayfasi/RetveTamam_Butonu"), 5, OPTIONAL)): null

2021-11-23 16:39:47 - [MESSAGE][INFO] - Finding Test Object 'Object Repository/Sayfalar/Giris_Sayfasi/RetveTamam_Butonu'

2021-11-23 16:39:47 - [MESSAGE][INFO] - Checking object

2021-11-23 16:39:47 - [MESSAGE][INFO] - Finding web element from Test Object's properties

2021-11-23 16:39:47 - [MESSAGE][INFO] - Checking timeout

2021-11-23 16:39:47 - [MESSAGE][INFO] - Finding web element with id: 'Object Repository/Sayfalar/Giris_Sayfasi/RetveTamam_Butonu' located by 'By.xpath: //*[@class = 'btn btn-default']' in '5' second(s)

2021-11-23 16:39:47 - [MESSAGE][INFO] - Smart Wait Function is triggered

2021-11-23 16:39:48 - [MESSAGE][INFO] - Found 1 web elements with id: 'Object Repository/Sayfalar/Giris_Sayfasi/RetveTamam_Butonu' located by 'By.xpath: //*[@class = 'btn btn-default']' in '5' second(s)

2021-11-23 16:39:48 - [MESSAGE][PASSED] - Object 'Object Repository/Sayfalar/Giris_Sayfasi/RetveTamam_Butonu' is present

2021-11-23 16:39:48 - [TEST_STEP][PASSED] - click(findTestObject("Object Repository/Sayfalar/Giris_Sayfasi/RetveTamam_Butonu")): Object: 'Object Repository/Sayfalar/Giris_Sayfasi/RetveTamam_Butonu' is clicked on

2021-11-23 16:39:48 - [MESSAGE][INFO] - Finding Test Object 'Object Repository/Sayfalar/Giris_Sayfasi/RetveTamam_Butonu'

2021-11-23 16:39:48 - [MESSAGE][INFO] - Checking object

2021-11-23 16:39:48 - [MESSAGE][INFO] - Finding web element from Test Object's properties

2021-11-23 16:39:48 - [MESSAGE][INFO] - Checking timeout

2021-11-23 16:39:48 - [MESSAGE][INFO] - Finding web element with id: 'Object Repository/Sayfalar/Giris_Sayfasi/RetveTamam_Butonu' located by 'By.xpath: //*[@class = 'btn btn-default']' in '30' second(s)

2021-11-23 16:39:48 - [MESSAGE][INFO] - Smart Wait Function is triggered

2021-11-23 16:39:48 - [MESSAGE][INFO] - Found 1 web elements with id: 'Object Repository/Sayfalar/Giris_Sayfasi/RetveTamam_Butonu' located by 'By.xpath: //*[@class = 'btn btn-default']' in '30' second(s)

2021-11-23 16:39:48 - [MESSAGE][INFO] - Clicking on object: 'Object Repository/Sayfalar/Giris_Sayfasi/RetveTamam_Butonu'

2021-11-23 16:39:48 - [MESSAGE][PASSED] - Object: 'Object Repository/Sayfalar/Giris_Sayfasi/RetveTamam_Butonu' is clicked on

2021-11-23 16:39:48 - [TEST_STEP][PASSED] - click(findTestObject("Object Repository/Sayfalar/Giris_Sayfasi/RetveTamam_Butonu")): Object: 'Object Repository/Sayfalar/Giris_Sayfasi/RetveTamam_Butonu' is clicked on

2021-11-23 16:39:48 - [MESSAGE][INFO] - Finding Test Object 'Object Repository/Sayfalar/Giris_Sayfasi/RetveTamam_Butonu'

2021-11-23 16:39:48 - [MESSAGE][INFO] - Checking object

2021-11-23 16:39:48 - [MESSAGE][INFO] - Finding web element from Test Object's properties

2021-11-23 16:39:48 - [MESSAGE][INFO] - Checking timeout

2021-11-23 16:39:48 - [MESSAGE][INFO] - Finding web element with id: 'Object Repository/Sayfalar/Giris_Sayfasi/RetveTamam_Butonu' located by 'By.xpath: //*[@class = 'btn btn-default']' in '30' second(s)

2021-11-23 16:39:48 - [MESSAGE][INFO] - Smart Wait Function is triggered

2021-11-23 16:39:51 - [MESSAGE][INFO] - Found 1 web elements with id: 'Object Repository/Sayfalar/Giris_Sayfasi/RetveTamam_Butonu' located by 'By.xpath: //*[@class = 'btn btn-default']' in '30' second(s)

2021-11-23 16:39:51 - [MESSAGE][INFO] - Clicking on object: 'Object Repository/Sayfalar/Giris_Sayfasi/RetveTamam_Butonu'

2021-11-23 16:39:51 - [MESSAGE][PASSED] - Object: 'Object Repository/Sayfalar/Giris_Sayfasi/RetveTamam_Butonu' is clicked on

2021-11-23 16:39:51 - [TEST_STEP][PASSED] - if (verifyElementPresent(findTestObject("Sayfalar/Giris_Sayfasi/PopupOK"), 5, OPTIONAL)): com.kms.katalon.core.webui.exception.WebElementNotFoundException: Web element with id: 'Object Repository/Sayfalar/Giris_Sayfasi/PopupOK' located by '.btn.btn-success' not found (Root cause: com.kms.katalon.core.exception.StepFailedException: com.kms.katalon.core.webui.exception.WebElementNotFoundException: Web element with id: 'Object Repository/Sayfalar/Giris_Sayfasi/PopupOK' located by '.btn.btn-success' not found
	at com.kms.katalon.core.webui.keyword.internal.WebUIKeywordMain.stepFailed(WebUIKeywordMain.groovy:64)
	at com.kms.katalon.core.webui.keyword.builtin.VerifyElementPresentKeyword$_verifyElementPresent_closure1.doCall(VerifyElementPresentKeyword.groovy:85)
	at com.kms.katalon.core.webui.keyword.builtin.VerifyElementPresentKeyword$_verifyElementPresent_closure1.call(VerifyElementPresentKeyword.groovy)
	at com.kms.katalon.core.webui.keyword.internal.WebUIKeywordMain.runKeyword(WebUIKeywordMain.groovy:20)
	at com.kms.katalon.core.webui.keyword.builtin.VerifyElementPresentKeyword.verifyElementPresent(VerifyElementPresentKeyword.groovy:92)
	at com.kms.katalon.core.webui.keyword.builtin.VerifyElementPresentKeyword.execute(VerifyElementPresentKeyword.groovy:68)
	at com.kms.katalon.core.keyword.internal.KeywordExecutor.executeKeywordForPlatform(KeywordExecutor.groovy:73)
	at com.kms.katalon.core.webui.keyword.WebUiBuiltInKeywords.verifyElementPresent(WebUiBuiltInKeywords.groovy:1448)
	at com.kms.katalon.core.webui.keyword.WebUiBuiltInKeywords$verifyElementPresent$4.call(Unknown Source)
	at Login.run(Login:40)
	at com.kms.katalon.core.main.ScriptEngine.run(ScriptEngine.java:194)
	at com.kms.katalon.core.main.ScriptEngine.runScriptAsRawText(ScriptEngine.java:119)
	at com.kms.katalon.core.main.TestCaseExecutor.runScript(TestCaseExecutor.java:369)
	at com.kms.katalon.core.main.TestCaseExecutor.doExecute(TestCaseExecutor.java:360)
	at com.kms.katalon.core.main.TestCaseExecutor.processExecutionPhase(TestCaseExecutor.java:339)
	at com.kms.katalon.core.main.TestCaseExecutor.accessMainPhase(TestCaseExecutor.java:331)
	at com.kms.katalon.core.main.TestCaseExecutor.execute(TestCaseExecutor.java:248)
	at com.kms.katalon.core.main.TestCaseMain.runTestCase(TestCaseMain.java:138)
	at com.kms.katalon.core.keyword.builtin.CallTestCaseKeyword$_callTestCase_closure1.doCall(CallTestCaseKeyword.groovy:59)
	at com.kms.katalon.core.keyword.builtin.CallTestCaseKeyword$_callTestCase_closure1.call(CallTestCaseKeyword.groovy)
	at com.kms.katalon.core.keyword.internal.KeywordMain.runKeyword(KeywordMain.groovy:68)
	at com.kms.katalon.core.keyword.builtin.CallTestCaseKeyword.callTestCase(CallTestCaseKeyword.groovy:81)
	at com.kms.katalon.core.keyword.builtin.CallTestCaseKeyword.execute(CallTestCaseKeyword.groovy:44)
	at com.kms.katalon.core.keyword.internal.KeywordExecutor.executeKeywordForPlatform(KeywordExecutor.groovy:73)
	at com.kms.katalon.core.keyword.BuiltinKeywords.callTestCase(BuiltinKeywords.groovy:334)
	at sayfalar.girisSayfasi.login(girisSayfasi.groovy:50)
	at cucumber.runtime.Utils$1.call(Utils.java:26)
	at cucumber.runtime.Timeout.timeout(Timeout.java:16)
	at cucumber.runtime.Utils.invoke(Utils.java:20)
	at cucumber.runtime.java.JavaStepDefinition.execute(JavaStepDefinition.java:49)
	at cucumber.runner.PickleStepDefinitionMatch.runStep(PickleStepDefinitionMatch.java:50)
	at cucumber.runner.TestStep.executeStep(TestStep.java:63)
	at cucumber.runner.TestStep.run(TestStep.java:49)
	at cucumber.runner.PickleStepTestStep.run(PickleStepTestStep.java:43)
	at cucumber.runner.TestCase.run(TestCase.java:44)
	at cucumber.runner.Runner.runPickle(Runner.java:40)
	at cucumber.runtime.Runtime$1.run(Runtime.java:84)
	at cucumber.runtime.Runtime$SameThreadExecutorService.execute(Runtime.java:220)
	at cucumber.runtime.Runtime.run(Runtime.java:81)
	at cucumber.api.cli.Main.run(Main.java:26)
	at cucumber.api.cli.Main$run.call(Unknown Source)
	at com.kms.katalon.core.cucumber.keyword.CucumberBuiltinKeywords$_runFeatureFile_closure1.doCall(CucumberBuiltinKeywords.groovy:106)
	at com.kms.katalon.core.cucumber.keyword.CucumberBuiltinKeywords$_runFeatureFile_closure1.doCall(CucumberBuiltinKeywords.groovy)
	at com.kms.katalon.core.keyword.internal.KeywordMain.runKeyword(KeywordMain.groovy:68)
	at com.kms.katalon.core.keyword.internal.KeywordMain$runKeyword.call(Unknown Source)
	at com.kms.katalon.core.cucumber.keyword.CucumberBuiltinKeywords.runFeatureFile(CucumberBuiltinKeywords.groovy:73)
	at com.kms.katalon.core.cucumber.keyword.CucumberBuiltinKeywords$runFeatureFile$0.callStatic(Unknown Source)
	at com.kms.katalon.core.cucumber.keyword.CucumberBuiltinKeywords.runFeatureFile(CucumberBuiltinKeywords.groovy:246)
	at com.kms.katalon.core.cucumber.keyword.CucumberBuiltinKeywords$runFeatureFile.call(Unknown Source)
	at VKN-Elektronik-Iade.run(VKN-Elektronik-Iade:19)
	at com.kms.katalon.core.main.ScriptEngine.run(ScriptEngine.java:194)
	at com.kms.katalon.core.main.ScriptEngine.runScriptAsRawText(ScriptEngine.java:119)
	at com.kms.katalon.core.main.TestCaseExecutor.runScript(TestCaseExecutor.java:369)
	at com.kms.katalon.core.main.TestCaseExecutor.doExecute(TestCaseExecutor.java:360)
	at com.kms.katalon.core.main.TestCaseExecutor.processExecutionPhase(TestCaseExecutor.java:339)
	at com.kms.katalon.core.main.TestCaseExecutor.accessMainPhase(TestCaseExecutor.java:331)
	at com.kms.katalon.core.main.TestCaseExecutor.execute(TestCaseExecutor.java:248)
	at com.kms.katalon.core.main.TestSuiteExecutor.accessTestCaseMainPhase(TestSuiteExecutor.java:191)
	at com.kms.katalon.core.main.TestSuiteExecutor.accessTestSuiteMainPhase(TestSuiteExecutor.java:140)
	at com.kms.katalon.core.main.TestSuiteExecutor.execute(TestSuiteExecutor.java:89)
	at com.kms.katalon.core.main.TestCaseMain.startTestSuite(TestCaseMain.java:181)
	at com.kms.katalon.core.main.TestCaseMain$startTestSuite$0.call(Unknown Source)
	at TempTestSuite1637674444414.run(TempTestSuite1637674444414.groovy:39)
)

2021-11-23 16:39:51 - [MESSAGE][INFO] - Finding Test Object 'Object Repository/Sayfalar/Giris_Sayfasi/PopupOK'

2021-11-23 16:39:51 - [MESSAGE][INFO] - Checking object

2021-11-23 16:39:51 - [MESSAGE][INFO] - Finding web element from Test Object's properties

2021-11-23 16:39:51 - [MESSAGE][INFO] - Checking timeout

2021-11-23 16:39:51 - [MESSAGE][INFO] - Finding web element with id: 'Object Repository/Sayfalar/Giris_Sayfasi/PopupOK' located by 'By.cssSelector: .btn.btn-success' in '5' second(s)

2021-11-23 16:39:51 - [MESSAGE][INFO] - Smart Wait Function is triggered

2021-11-23 16:39:52 - [MESSAGE][INFO] - Smart Wait Function is triggered

2021-11-23 16:39:52 - [MESSAGE][INFO] - Smart Wait Function is triggered

2021-11-23 16:39:52 - [MESSAGE][INFO] - Smart Wait Function is triggered

2021-11-23 16:39:53 - [MESSAGE][INFO] - Smart Wait Function is triggered

2021-11-23 16:39:53 - [MESSAGE][INFO] - Smart Wait Function is triggered

2021-11-23 16:39:53 - [MESSAGE][INFO] - Smart Wait Function is triggered

2021-11-23 16:39:54 - [MESSAGE][INFO] - Smart Wait Function is triggered

2021-11-23 16:39:54 - [MESSAGE][INFO] - Smart Wait Function is triggered

2021-11-23 16:39:54 - [MESSAGE][INFO] - Smart Wait Function is triggered

2021-11-23 16:39:54 - [MESSAGE][INFO] - Smart Wait Function is triggered

2021-11-23 16:39:55 - [MESSAGE][INFO] - Smart Wait Function is triggered

2021-11-23 16:39:55 - [MESSAGE][INFO] - Smart Wait Function is triggered

2021-11-23 16:39:55 - [MESSAGE][INFO] - Smart Wait Function is triggered

2021-11-23 16:39:55 - [MESSAGE][INFO] - Smart Wait Function is triggered

2021-11-23 16:39:56 - [MESSAGE][INFO] - Smart Wait Function is triggered

2021-11-23 16:39:57 - [MESSAGE][INFO] - Smart Wait Function is triggered

2021-11-23 16:39:57 - [MESSAGE][INFO] - Smart Wait Function is triggered

2021-11-23 16:39:57 - [MESSAGE][INFO] - Unable to find the element located by 'By.cssSelector: .btn.btn-success'. Please recheck the objects properties to make sure the desired element is located. 

2021-11-23 16:39:57 - [MESSAGE][WARNING] - com.kms.katalon.core.webui.exception.WebElementNotFoundException: Web element with id: 'Object Repository/Sayfalar/Giris_Sayfasi/PopupOK' located by '.btn.btn-success' not found (Root cause: com.kms.katalon.core.exception.StepFailedException: com.kms.katalon.core.webui.exception.WebElementNotFoundException: Web element with id: 'Object Repository/Sayfalar/Giris_Sayfasi/PopupOK' located by '.btn.btn-success' not found
	at com.kms.katalon.core.webui.keyword.internal.WebUIKeywordMain.stepFailed(WebUIKeywordMain.groovy:64)
	at com.kms.katalon.core.webui.keyword.builtin.VerifyElementPresentKeyword$_verifyElementPresent_closure1.doCall(VerifyElementPresentKeyword.groovy:85)
	at com.kms.katalon.core.webui.keyword.builtin.VerifyElementPresentKeyword$_verifyElementPresent_closure1.call(VerifyElementPresentKeyword.groovy)
	at com.kms.katalon.core.webui.keyword.internal.WebUIKeywordMain.runKeyword(WebUIKeywordMain.groovy:20)
	at com.kms.katalon.core.webui.keyword.builtin.VerifyElementPresentKeyword.verifyElementPresent(VerifyElementPresentKeyword.groovy:92)
	at com.kms.katalon.core.webui.keyword.builtin.VerifyElementPresentKeyword.execute(VerifyElementPresentKeyword.groovy:68)
	at com.kms.katalon.core.keyword.internal.KeywordExecutor.executeKeywordForPlatform(KeywordExecutor.groovy:73)
	at com.kms.katalon.core.webui.keyword.WebUiBuiltInKeywords.verifyElementPresent(WebUiBuiltInKeywords.groovy:1448)
	at com.kms.katalon.core.webui.keyword.WebUiBuiltInKeywords$verifyElementPresent$4.call(Unknown Source)
	at Login.run(Login:40)
	at com.kms.katalon.core.main.ScriptEngine.run(ScriptEngine.java:194)
	at com.kms.katalon.core.main.ScriptEngine.runScriptAsRawText(ScriptEngine.java:119)
	at com.kms.katalon.core.main.TestCaseExecutor.runScript(TestCaseExecutor.java:369)
	at com.kms.katalon.core.main.TestCaseExecutor.doExecute(TestCaseExecutor.java:360)
	at com.kms.katalon.core.main.TestCaseExecutor.processExecutionPhase(TestCaseExecutor.java:339)
	at com.kms.katalon.core.main.TestCaseExecutor.accessMainPhase(TestCaseExecutor.java:331)
	at com.kms.katalon.core.main.TestCaseExecutor.execute(TestCaseExecutor.java:248)
	at com.kms.katalon.core.main.TestCaseMain.runTestCase(TestCaseMain.java:138)
	at com.kms.katalon.core.keyword.builtin.CallTestCaseKeyword$_callTestCase_closure1.doCall(CallTestCaseKeyword.groovy:59)
	at com.kms.katalon.core.keyword.builtin.CallTestCaseKeyword$_callTestCase_closure1.call(CallTestCaseKeyword.groovy)
	at com.kms.katalon.core.keyword.internal.KeywordMain.runKeyword(KeywordMain.groovy:68)
	at com.kms.katalon.core.keyword.builtin.CallTestCaseKeyword.callTestCase(CallTestCaseKeyword.groovy:81)
	at com.kms.katalon.core.keyword.builtin.CallTestCaseKeyword.execute(CallTestCaseKeyword.groovy:44)
	at com.kms.katalon.core.keyword.internal.KeywordExecutor.executeKeywordForPlatform(KeywordExecutor.groovy:73)
	at com.kms.katalon.core.keyword.BuiltinKeywords.callTestCase(BuiltinKeywords.groovy:334)
	at sayfalar.girisSayfasi.login(girisSayfasi.groovy:50)
	at cucumber.runtime.Utils$1.call(Utils.java:26)
	at cucumber.runtime.Timeout.timeout(Timeout.java:16)
	at cucumber.runtime.Utils.invoke(Utils.java:20)
	at cucumber.runtime.java.JavaStepDefinition.execute(JavaStepDefinition.java:49)
	at cucumber.runner.PickleStepDefinitionMatch.runStep(PickleStepDefinitionMatch.java:50)
	at cucumber.runner.TestStep.executeStep(TestStep.java:63)
	at cucumber.runner.TestStep.run(TestStep.java:49)
	at cucumber.runner.PickleStepTestStep.run(PickleStepTestStep.java:43)
	at cucumber.runner.TestCase.run(TestCase.java:44)
	at cucumber.runner.Runner.runPickle(Runner.java:40)
	at cucumber.runtime.Runtime$1.run(Runtime.java:84)
	at cucumber.runtime.Runtime$SameThreadExecutorService.execute(Runtime.java:220)
	at cucumber.runtime.Runtime.run(Runtime.java:81)
	at cucumber.api.cli.Main.run(Main.java:26)
	at cucumber.api.cli.Main$run.call(Unknown Source)
	at com.kms.katalon.core.cucumber.keyword.CucumberBuiltinKeywords$_runFeatureFile_closure1.doCall(CucumberBuiltinKeywords.groovy:106)
	at com.kms.katalon.core.cucumber.keyword.CucumberBuiltinKeywords$_runFeatureFile_closure1.doCall(CucumberBuiltinKeywords.groovy)
	at com.kms.katalon.core.keyword.internal.KeywordMain.runKeyword(KeywordMain.groovy:68)
	at com.kms.katalon.core.keyword.internal.KeywordMain$runKeyword.call(Unknown Source)
	at com.kms.katalon.core.cucumber.keyword.CucumberBuiltinKeywords.runFeatureFile(CucumberBuiltinKeywords.groovy:73)
	at com.kms.katalon.core.cucumber.keyword.CucumberBuiltinKeywords$runFeatureFile$0.callStatic(Unknown Source)
	at com.kms.katalon.core.cucumber.keyword.CucumberBuiltinKeywords.runFeatureFile(CucumberBuiltinKeywords.groovy:246)
	at com.kms.katalon.core.cucumber.keyword.CucumberBuiltinKeywords$runFeatureFile.call(Unknown Source)
	at VKN-Elektronik-Iade.run(VKN-Elektronik-Iade:19)
	at com.kms.katalon.core.main.ScriptEngine.run(ScriptEngine.java:194)
	at com.kms.katalon.core.main.ScriptEngine.runScriptAsRawText(ScriptEngine.java:119)
	at com.kms.katalon.core.main.TestCaseExecutor.runScript(TestCaseExecutor.java:369)
	at com.kms.katalon.core.main.TestCaseExecutor.doExecute(TestCaseExecutor.java:360)
	at com.kms.katalon.core.main.TestCaseExecutor.processExecutionPhase(TestCaseExecutor.java:339)
	at com.kms.katalon.core.main.TestCaseExecutor.accessMainPhase(TestCaseExecutor.java:331)
	at com.kms.katalon.core.main.TestCaseExecutor.execute(TestCaseExecutor.java:248)
	at com.kms.katalon.core.main.TestSuiteExecutor.accessTestCaseMainPhase(TestSuiteExecutor.java:191)
	at com.kms.katalon.core.main.TestSuiteExecutor.accessTestSuiteMainPhase(TestSuiteExecutor.java:140)
	at com.kms.katalon.core.main.TestSuiteExecutor.execute(TestSuiteExecutor.java:89)
	at com.kms.katalon.core.main.TestCaseMain.startTestSuite(TestCaseMain.java:181)
	at com.kms.katalon.core.main.TestCaseMain$startTestSuite$0.call(Unknown Source)
	at TempTestSuite1637674444414.run(TempTestSuite1637674444414.groovy:39)
)

2021-11-23 16:39:57 - [TEST_STEP][PASSED] - verifyElementVisible(findTestObject("Object Repository/Kullanici_Islemleri/KullaniciIslemleri")): Object 'Object Repository/Kullanici_Islemleri/KullaniciIslemleri' is visible

2021-11-23 16:39:57 - [MESSAGE][INFO] - Finding Test Object 'Object Repository/Kullanici_Islemleri/KullaniciIslemleri'

2021-11-23 16:39:58 - [MESSAGE][INFO] - Checking object

2021-11-23 16:39:58 - [MESSAGE][INFO] - Finding web element from Test Object's properties

2021-11-23 16:39:58 - [MESSAGE][INFO] - Checking timeout

2021-11-23 16:39:58 - [MESSAGE][INFO] - Finding web element with id: 'Object Repository/Kullanici_Islemleri/KullaniciIslemleri' located by 'By.cssSelector: .dropdown>a>img' in '30' second(s)

2021-11-23 16:39:58 - [MESSAGE][INFO] - Smart Wait Function is triggered

2021-11-23 16:39:58 - [MESSAGE][INFO] - Found 1 web elements with id: 'Object Repository/Kullanici_Islemleri/KullaniciIslemleri' located by 'By.cssSelector: .dropdown>a>img' in '30' second(s)

2021-11-23 16:39:58 - [MESSAGE][PASSED] - Object 'Object Repository/Kullanici_Islemleri/KullaniciIslemleri' is visible

2021-11-23 16:39:58 - [MESSAGE][PASSED] - Call Test Case 'Test Cases/Sayfalar/Giris_Sayfasi/Login' successfully

2021-11-23 16:39:58 - [MESSAGE][INFO] - Checking called Test Case

2021-11-23 16:39:58 - [MESSAGE][INFO] - Starting to call Test Case 'Test Cases/Menu/AnaMenuSecimi'

2021-11-23 16:39:58 - [TEST_CASE][PASSED] - Test Cases/Menu/AnaMenuSecimi: Test Cases/Menu/AnaMenuSecimi

2021-11-23 16:39:58 - [TEST_STEP][PASSED] - Method.TextDegerineEsitElementeTikla(findTestObject("Menu/Ana_Menu"), Ana_Menu): Method.TextDegerineEsitElementeTikla is PASSED

2021-11-23 16:39:58 - [MESSAGE][INFO] - Finding Test Object 'Object Repository/Menu/Ana_Menu'

2021-11-23 16:39:58 - [MESSAGE][INFO] - Checking timeout

2021-11-23 16:39:58 - [MESSAGE][INFO] - Finding web element with id: 'Object Repository/Menu/Ana_Menu' located by 'By.xpath: //*[@class = 'dropdown-toggle']' in '10' second(s)

2021-11-23 16:39:58 - [MESSAGE][INFO] - Smart Wait Function is triggered

2021-11-23 16:39:59 - [MESSAGE][INFO] - Found 13 web elements with id: 'Object Repository/Menu/Ana_Menu' located by 'By.xpath: //*[@class = 'dropdown-toggle']' in '10' second(s)

2021-11-23 16:39:59 - [MESSAGE][PASSED] - Method.TextDegerineEsitElementeTikla is PASSED

2021-11-23 16:39:59 - [MESSAGE][PASSED] - Call Test Case 'Test Cases/Menu/AnaMenuSecimi' successfully

2021-11-23 16:39:59 - [MESSAGE][INFO] - Checking called Test Case

2021-11-23 16:39:59 - [MESSAGE][INFO] - Starting to call Test Case 'Test Cases/Menu/BasligaGoreAltMenuSecimi'

2021-11-23 16:39:59 - [TEST_CASE][PASSED] - Test Cases/Menu/BasligaGoreAltMenuSecimi: Test Cases/Menu/BasligaGoreAltMenuSecimi

2021-11-23 16:39:59 - [TEST_STEP][PASSED] - Method.TextDegerineEsitElementinAltindakiTextDegerineEsitOlanaTikla(findTestObject("Menu/Menu_Basligi"), findTestObject("Menu/Basliga_Gore_Alt_Menu"), Baslik, Alt_Menu): Method.TextDegerineEsitElementinAltindakiTextDegerineEsitOlanaTikla is PASSED

2021-11-23 16:39:59 - [MESSAGE][INFO] - Finding Test Object 'Object Repository/Menu/Menu_Basligi'

2021-11-23 16:39:59 - [MESSAGE][INFO] - Finding Test Object 'Object Repository/Menu/Basliga_Gore_Alt_Menu'

2021-11-23 16:39:59 - [MESSAGE][INFO] - Checking timeout

2021-11-23 16:39:59 - [MESSAGE][INFO] - Finding web element with id: 'Object Repository/Menu/Menu_Basligi' located by 'By.xpath: //li[@class='dropdown dropdown-large open']//li[@class='dropdown-header']' in '10' second(s)

2021-11-23 16:39:59 - [MESSAGE][INFO] - Smart Wait Function is triggered

2021-11-23 16:40:00 - [MESSAGE][INFO] - Found 2 web elements with id: 'Object Repository/Menu/Menu_Basligi' located by 'By.xpath: //li[@class='dropdown dropdown-large open']//li[@class='dropdown-header']' in '10' second(s)

2021-11-23 16:40:00 - [MESSAGE][INFO] - Smart Wait Function is triggered

2021-11-23 16:40:02 - [MESSAGE][PASSED] - Method.TextDegerineEsitElementinAltindakiTextDegerineEsitOlanaTikla is PASSED

2021-11-23 16:40:02 - [MESSAGE][PASSED] - Call Test Case 'Test Cases/Menu/BasligaGoreAltMenuSecimi' successfully

2021-11-23 16:40:02 - [MESSAGE][INFO] - Checking called Test Case

2021-11-23 16:40:02 - [MESSAGE][INFO] - Starting to call Test Case 'Test Cases/Tablo/Olusturma Tarihi'

2021-11-23 16:40:02 - [TEST_CASE][PASSED] - Test Cases/Tablo/Olusturma Tarihi: Test Cases/Tablo/Olusturma Tarihi

2021-11-23 16:40:02 - [TEST_STEP][PASSED] - if (verifyTextNotPresent("Görüntülenecek veri yok", true, OPTIONAL)): null

2021-11-23 16:40:02 - [MESSAGE][INFO] - Checking text present  using regular expression

2021-11-23 16:40:02 - [MESSAGE][INFO] - Smart Wait Function is triggered

2021-11-23 16:40:03 - [MESSAGE][INFO] - Finding text 'Görüntülenecek veri yok' on page  using regular expression

2021-11-23 16:40:03 - [MESSAGE][PASSED] - Text 'Görüntülenecek veri yok' is not present on page using regular expression

2021-11-23 16:40:03 - [TEST_STEP][PASSED] - click(findTestObject("Temizle/Olusturma_Tarihi_CheckBox")): Object: 'Object Repository/Temizle/Olusturma_Tarihi_CheckBox' is clicked on

2021-11-23 16:40:03 - [MESSAGE][INFO] - Finding Test Object 'Object Repository/Temizle/Olusturma_Tarihi_CheckBox'

2021-11-23 16:40:03 - [MESSAGE][INFO] - Checking object

2021-11-23 16:40:03 - [MESSAGE][INFO] - Finding web element from Test Object's properties

2021-11-23 16:40:03 - [MESSAGE][INFO] - Checking timeout

2021-11-23 16:40:03 - [MESSAGE][INFO] - Finding web element with id: 'Object Repository/Temizle/Olusturma_Tarihi_CheckBox' located by 'By.xpath: //*[@title = 'Bu sayfadaki tüm satırları Seç']' in '30' second(s)

2021-11-23 16:40:03 - [MESSAGE][INFO] - Smart Wait Function is triggered

2021-11-23 16:40:03 - [MESSAGE][INFO] - Found 1 web elements with id: 'Object Repository/Temizle/Olusturma_Tarihi_CheckBox' located by 'By.xpath: //*[@title = 'Bu sayfadaki tüm satırları Seç']' in '30' second(s)

2021-11-23 16:40:03 - [MESSAGE][INFO] - Clicking on object: 'Object Repository/Temizle/Olusturma_Tarihi_CheckBox'

2021-11-23 16:40:03 - [MESSAGE][PASSED] - Object: 'Object Repository/Temizle/Olusturma_Tarihi_CheckBox' is clicked on

2021-11-23 16:40:03 - [TEST_STEP][PASSED] - Method.TextDegerineEsitElementeTiklaEquals(findTestObject("Butonlar/Butonlar"), "Sil"): Method.TextDegerineEsitElementeTiklaEquals is PASSED

2021-11-23 16:40:03 - [MESSAGE][INFO] - Finding Test Object 'Object Repository/Butonlar/Butonlar'

2021-11-23 16:40:03 - [MESSAGE][INFO] - Checking timeout

2021-11-23 16:40:03 - [MESSAGE][INFO] - Finding web element with id: 'Object Repository/Butonlar/Butonlar' located by 'By.cssSelector: .panel.panel-default.text-center.footerPanel .btn,.btn.btn-primary.btnControls' in '10' second(s)

2021-11-23 16:40:03 - [MESSAGE][INFO] - Smart Wait Function is triggered

2021-11-23 16:40:04 - [MESSAGE][INFO] - Found 9 web elements with id: 'Object Repository/Butonlar/Butonlar' located by 'By.cssSelector: .panel.panel-default.text-center.footerPanel .btn,.btn.btn-primary.btnControls' in '10' second(s)

2021-11-23 16:40:04 - [MESSAGE][PASSED] - Method.TextDegerineEsitElementeTiklaEquals is PASSED

2021-11-23 16:40:04 - [TEST_STEP][PASSED] - Method.TextDegerineEsitElementeTikla(findTestObject("Popup/Popup_Butons"), "Evet"): Method.TextDegerineEsitElementeTikla is PASSED

2021-11-23 16:40:04 - [MESSAGE][INFO] - Finding Test Object 'Object Repository/Popup/Popup_Butons'

2021-11-23 16:40:04 - [MESSAGE][INFO] - Checking timeout

2021-11-23 16:40:04 - [MESSAGE][INFO] - Finding web element with id: 'Object Repository/Popup/Popup_Butons' located by 'By.cssSelector: .modal-footer>button' in '10' second(s)

2021-11-23 16:40:04 - [MESSAGE][INFO] - Smart Wait Function is triggered

2021-11-23 16:40:05 - [MESSAGE][INFO] - Found 2 web elements with id: 'Object Repository/Popup/Popup_Butons' located by 'By.cssSelector: .modal-footer>button' in '10' second(s)

2021-11-23 16:40:05 - [MESSAGE][PASSED] - Method.TextDegerineEsitElementeTikla is PASSED

2021-11-23 16:40:05 - [TEST_STEP][PASSED] - Method.TextDegerineEsitElementeTikla(findTestObject("Popup/Popup_Butons"), "Tamam"): Method.TextDegerineEsitElementeTikla is PASSED

2021-11-23 16:40:05 - [MESSAGE][INFO] - Finding Test Object 'Object Repository/Popup/Popup_Butons'

2021-11-23 16:40:05 - [MESSAGE][INFO] - Checking timeout

2021-11-23 16:40:05 - [MESSAGE][INFO] - Finding web element with id: 'Object Repository/Popup/Popup_Butons' located by 'By.cssSelector: .modal-footer>button' in '10' second(s)

2021-11-23 16:40:05 - [MESSAGE][INFO] - Smart Wait Function is triggered

2021-11-23 16:40:06 - [MESSAGE][INFO] - Found 1 web elements with id: 'Object Repository/Popup/Popup_Butons' located by 'By.cssSelector: .modal-footer>button' in '10' second(s)

2021-11-23 16:40:06 - [MESSAGE][PASSED] - Method.TextDegerineEsitElementeTikla is PASSED

2021-11-23 16:40:06 - [MESSAGE][PASSED] - Call Test Case 'Test Cases/Tablo/Olusturma Tarihi' successfully

2021-11-23 16:40:06 - [MESSAGE][INFO] - Checking called Test Case

2021-11-23 16:40:06 - [MESSAGE][INFO] - Starting to call Test Case 'Test Cases/Butonlar/ButonaTikla'

2021-11-23 16:40:06 - [TEST_CASE][PASSED] - Test Cases/Butonlar/ButonaTikla: Test Cases/Butonlar/ButonaTikla

2021-11-23 16:40:06 - [TEST_STEP][PASSED] - Method.TextDegerineEsitElementeTiklaEquals(findTestObject("Butonlar/Butonlar"), Buton_Adi): Method.TextDegerineEsitElementeTiklaEquals is PASSED

2021-11-23 16:40:06 - [MESSAGE][INFO] - Finding Test Object 'Object Repository/Butonlar/Butonlar'

2021-11-23 16:40:06 - [MESSAGE][INFO] - Checking timeout

2021-11-23 16:40:06 - [MESSAGE][INFO] - Finding web element with id: 'Object Repository/Butonlar/Butonlar' located by 'By.cssSelector: .panel.panel-default.text-center.footerPanel .btn,.btn.btn-primary.btnControls' in '10' second(s)

2021-11-23 16:40:06 - [MESSAGE][INFO] - Smart Wait Function is triggered

2021-11-23 16:40:07 - [MESSAGE][INFO] - Found 9 web elements with id: 'Object Repository/Butonlar/Butonlar' located by 'By.cssSelector: .panel.panel-default.text-center.footerPanel .btn,.btn.btn-primary.btnControls' in '10' second(s)

2021-11-23 16:40:07 - [MESSAGE][PASSED] - Method.TextDegerineEsitElementeTiklaEquals is PASSED

2021-11-23 16:40:07 - [MESSAGE][PASSED] - Call Test Case 'Test Cases/Butonlar/ButonaTikla' successfully

2021-11-23 16:40:07 - [MESSAGE][INFO] - Checking called Test Case

2021-11-23 16:40:07 - [MESSAGE][INFO] - Starting to call Test Case 'Test Cases/Olusturma/Genel/GorselTasarimSayfasıBasligiIceriyorMu'

2021-11-23 16:40:07 - [TEST_CASE][PASSED] - Test Cases/Olusturma/Genel/GorselTasarimSayfasıBasligiIceriyorMu: Test Cases/Olusturma/Genel/GorselTasarimSayfasıBasligiIceriyorMu

2021-11-23 16:40:07 - [TEST_STEP][PASSED] - verifyElementText(findTestObject("Object Repository/Olusturma/Genel/GorselTasarimBaslik"), Baslik): Actual text and expected text of test object 'Object Repository/Olusturma/Genel/GorselTasarimBaslik' are matched.

2021-11-23 16:40:07 - [MESSAGE][INFO] - Finding Test Object 'Object Repository/Olusturma/Genel/GorselTasarimBaslik'

2021-11-23 16:40:07 - [MESSAGE][INFO] - Checking object

2021-11-23 16:40:07 - [MESSAGE][INFO] - Finding web element from Test Object's properties

2021-11-23 16:40:07 - [MESSAGE][INFO] - Checking timeout

2021-11-23 16:40:07 - [MESSAGE][INFO] - Finding web element with id: 'Object Repository/Olusturma/Genel/GorselTasarimBaslik' located by 'By.cssSelector: #flAlici_0>div>span' in '30' second(s)

2021-11-23 16:40:07 - [MESSAGE][INFO] - Smart Wait Function is triggered

2021-11-23 16:40:14 - [MESSAGE][INFO] - Found 1 web elements with id: 'Object Repository/Olusturma/Genel/GorselTasarimBaslik' located by 'By.cssSelector: #flAlici_0>div>span' in '30' second(s)

2021-11-23 16:40:14 - [MESSAGE][PASSED] - Actual text and expected text of test object 'Object Repository/Olusturma/Genel/GorselTasarimBaslik' are matched.

2021-11-23 16:40:14 - [MESSAGE][PASSED] - Call Test Case 'Test Cases/Olusturma/Genel/GorselTasarimSayfasıBasligiIceriyorMu' successfully

2021-11-23 16:40:14 - [MESSAGE][INFO] - Checking called Test Case

2021-11-23 16:40:14 - [MESSAGE][INFO] - Starting to call Test Case 'Test Cases/Olusturma/Genel/AliciSecilir'

2021-11-23 16:40:14 - [TEST_CASE][PASSED] - Test Cases/Olusturma/Genel/AliciSecilir: Test Cases/Olusturma/Genel/AliciSecilir

2021-11-23 16:40:14 - [TEST_STEP][PASSED] - click(findTestObject("Olusturma/Genel/AliciBilgisi/Alici_Ara")): Object: 'Object Repository/Olusturma/Genel/AliciBilgisi/Alici_Ara' is clicked on

2021-11-23 16:40:14 - [MESSAGE][INFO] - Finding Test Object 'Object Repository/Olusturma/Genel/AliciBilgisi/Alici_Ara'

2021-11-23 16:40:14 - [MESSAGE][INFO] - Checking object

2021-11-23 16:40:14 - [MESSAGE][INFO] - Finding web element from Test Object's properties

2021-11-23 16:40:14 - [MESSAGE][INFO] - Checking timeout

2021-11-23 16:40:14 - [MESSAGE][INFO] - Finding web element with id: 'Object Repository/Olusturma/Genel/AliciBilgisi/Alici_Ara' located by 'By.xpath: //td[@id='txtCustomerText_B-1']' in '30' second(s)

2021-11-23 16:40:14 - [MESSAGE][INFO] - Smart Wait Function is triggered

2021-11-23 16:40:15 - [MESSAGE][INFO] - Found 1 web elements with id: 'Object Repository/Olusturma/Genel/AliciBilgisi/Alici_Ara' located by 'By.xpath: //td[@id='txtCustomerText_B-1']' in '30' second(s)

2021-11-23 16:40:15 - [MESSAGE][INFO] - Clicking on object: 'Object Repository/Olusturma/Genel/AliciBilgisi/Alici_Ara'

2021-11-23 16:40:15 - [MESSAGE][PASSED] - Object: 'Object Repository/Olusturma/Genel/AliciBilgisi/Alici_Ara' is clicked on

2021-11-23 16:40:15 - [TEST_STEP][PASSED] - click(findTestObject("Olusturma/Genel/AliciBilgisi/Alici_Bilgisi")): Object: 'Object Repository/Olusturma/Genel/AliciBilgisi/Alici_Bilgisi' is clicked on

2021-11-23 16:40:15 - [MESSAGE][INFO] - Finding Test Object 'Object Repository/Olusturma/Genel/AliciBilgisi/Alici_Bilgisi'

2021-11-23 16:40:15 - [MESSAGE][INFO] - Checking object

2021-11-23 16:40:15 - [MESSAGE][INFO] - Finding web element from Test Object's properties

2021-11-23 16:40:15 - [MESSAGE][INFO] - Checking timeout

2021-11-23 16:40:15 - [MESSAGE][INFO] - Finding web element with id: 'Object Repository/Olusturma/Genel/AliciBilgisi/Alici_Bilgisi' located by 'By.xpath: //iframe[@id='customerselectiframe']' in '30' second(s)

2021-11-23 16:40:15 - [MESSAGE][INFO] - Smart Wait Function is triggered

2021-11-23 16:40:15 - [MESSAGE][INFO] - Found 1 web elements with id: 'Object Repository/Olusturma/Genel/AliciBilgisi/Alici_Bilgisi' located by 'By.xpath: //iframe[@id='customerselectiframe']' in '30' second(s)

2021-11-23 16:40:15 - [MESSAGE][INFO] - Clicking on object: 'Object Repository/Olusturma/Genel/AliciBilgisi/Alici_Bilgisi'

2021-11-23 16:40:15 - [MESSAGE][PASSED] - Object: 'Object Repository/Olusturma/Genel/AliciBilgisi/Alici_Bilgisi' is clicked on

2021-11-23 16:40:15 - [TEST_STEP][PASSED] - setText(findTestObject("Olusturma/Genel/AliciBilgisi/Alici_Gir"), Alici_Adi): Switching to default content

2021-11-23 16:40:15 - [MESSAGE][INFO] - Finding Test Object 'Object Repository/Olusturma/Genel/AliciBilgisi/Alici_Gir'

2021-11-23 16:40:15 - [MESSAGE][INFO] - Finding Test Object 'Object Repository/Olusturma/Genel/AliciBilgisi/Alici_Bilgisi'

2021-11-23 16:40:15 - [MESSAGE][INFO] - Checking object

2021-11-23 16:40:15 - [MESSAGE][INFO] - Checking text

2021-11-23 16:40:15 - [MESSAGE][INFO] - Object: 'Object Repository/Olusturma/Genel/AliciBilgisi/Alici_Gir' has parent object(s)

2021-11-23 16:40:15 - [MESSAGE][INFO] - Switching to iframe: 'Object Repository/Olusturma/Genel/AliciBilgisi/Alici_Bilgisi'

2021-11-23 16:40:15 - [MESSAGE][INFO] - Finding web element from Test Object's properties

2021-11-23 16:40:15 - [MESSAGE][INFO] - Checking timeout

2021-11-23 16:40:15 - [MESSAGE][INFO] - Finding web element with id: 'Object Repository/Olusturma/Genel/AliciBilgisi/Alici_Bilgisi' located by 'By.xpath: //iframe[@id='customerselectiframe']' in '30' second(s)

2021-11-23 16:40:15 - [MESSAGE][INFO] - Smart Wait Function is triggered

2021-11-23 16:40:16 - [MESSAGE][INFO] - Found 1 web elements with id: 'Object Repository/Olusturma/Genel/AliciBilgisi/Alici_Bilgisi' located by 'By.xpath: //iframe[@id='customerselectiframe']' in '30' second(s)

2021-11-23 16:40:16 - [MESSAGE][INFO] - Switched to iframe: 'Object Repository/Olusturma/Genel/AliciBilgisi/Alici_Bilgisi'

2021-11-23 16:40:16 - [MESSAGE][INFO] - Finding web element from Test Object's properties

2021-11-23 16:40:16 - [MESSAGE][INFO] - Checking timeout

2021-11-23 16:40:16 - [MESSAGE][INFO] - Finding web element with id: 'Object Repository/Olusturma/Genel/AliciBilgisi/Alici_Gir' located by 'By.xpath: //input[@id='GridViewCustomer_DXFREditorcol1_I']' in '30' second(s)

2021-11-23 16:40:16 - [MESSAGE][INFO] - Smart Wait Function is triggered

2021-11-23 16:40:16 - [MESSAGE][INFO] - Found 1 web elements with id: 'Object Repository/Olusturma/Genel/AliciBilgisi/Alici_Gir' located by 'By.xpath: //input[@id='GridViewCustomer_DXFREditorcol1_I']' in '30' second(s)

2021-11-23 16:40:16 - [MESSAGE][INFO] - Clearing text of object 'Object Repository/Olusturma/Genel/AliciBilgisi/Alici_Gir'

2021-11-23 16:40:16 - [MESSAGE][INFO] - Finding web element from Test Object's properties

2021-11-23 16:40:16 - [MESSAGE][INFO] - Checking timeout

2021-11-23 16:40:16 - [MESSAGE][INFO] - Finding web element with id: 'Object Repository/Olusturma/Genel/AliciBilgisi/Alici_Gir' located by 'By.xpath: //input[@id='GridViewCustomer_DXFREditorcol1_I']' in '30' second(s)

2021-11-23 16:40:16 - [MESSAGE][INFO] - Smart Wait Function is triggered

2021-11-23 16:40:16 - [MESSAGE][INFO] - Found 1 web elements with id: 'Object Repository/Olusturma/Genel/AliciBilgisi/Alici_Gir' located by 'By.xpath: //input[@id='GridViewCustomer_DXFREditorcol1_I']' in '30' second(s)

2021-11-23 16:40:16 - [MESSAGE][INFO] - Setting text of object 'Object Repository/Olusturma/Genel/AliciBilgisi/Alici_Gir' to value 'UC0003'

2021-11-23 16:40:16 - [MESSAGE][PASSED] - Text 'UC0003' is set on object 'Object Repository/Olusturma/Genel/AliciBilgisi/Alici_Gir'

2021-11-23 16:40:16 - [MESSAGE][INFO] - Switching to default content

2021-11-23 16:40:16 - [TEST_STEP][PASSED] - waitForElementClickable(findTestObject("Olusturma/Genel/AliciBilgisi/Alici_Adi"), 10): Switching to default content

2021-11-23 16:40:16 - [MESSAGE][INFO] - Finding Test Object 'Object Repository/Olusturma/Genel/AliciBilgisi/Alici_Adi'

2021-11-23 16:40:16 - [MESSAGE][INFO] - Finding Test Object 'Object Repository/Olusturma/Genel/AliciBilgisi/iframe_Alc Bilgisi_customerselectiframe'

2021-11-23 16:40:16 - [MESSAGE][INFO] - Checking object

2021-11-23 16:40:16 - [MESSAGE][INFO] - Checking timeout

2021-11-23 16:40:16 - [MESSAGE][INFO] - Object: 'Object Repository/Olusturma/Genel/AliciBilgisi/Alici_Adi' has parent object(s)

2021-11-23 16:40:16 - [MESSAGE][INFO] - Switching to iframe: 'Object Repository/Olusturma/Genel/AliciBilgisi/iframe_Alc Bilgisi_customerselectiframe'

2021-11-23 16:40:16 - [MESSAGE][INFO] - Finding web element from Test Object's properties

2021-11-23 16:40:16 - [MESSAGE][INFO] - Checking timeout

2021-11-23 16:40:16 - [MESSAGE][INFO] - Finding web element with id: 'Object Repository/Olusturma/Genel/AliciBilgisi/iframe_Alc Bilgisi_customerselectiframe' located by 'By.xpath: //iframe[@id='customerselectiframe']' in '10' second(s)

2021-11-23 16:40:16 - [MESSAGE][INFO] - Smart Wait Function is triggered

2021-11-23 16:40:16 - [MESSAGE][INFO] - Found 1 web elements with id: 'Object Repository/Olusturma/Genel/AliciBilgisi/iframe_Alc Bilgisi_customerselectiframe' located by 'By.xpath: //iframe[@id='customerselectiframe']' in '10' second(s)

2021-11-23 16:40:16 - [MESSAGE][INFO] - Switched to iframe: 'Object Repository/Olusturma/Genel/AliciBilgisi/iframe_Alc Bilgisi_customerselectiframe'

2021-11-23 16:40:16 - [MESSAGE][INFO] - Finding web element from Test Object's properties

2021-11-23 16:40:16 - [MESSAGE][INFO] - Checking timeout

2021-11-23 16:40:16 - [MESSAGE][INFO] - Finding web element with id: 'Object Repository/Olusturma/Genel/AliciBilgisi/Alici_Adi' located by 'By.xpath: //tr[@id='GridViewCustomer_DXDataRow0']/td[2]' in '10' second(s)

2021-11-23 16:40:16 - [MESSAGE][INFO] - Smart Wait Function is triggered

2021-11-23 16:40:16 - [MESSAGE][INFO] - Found 1 web elements with id: 'Object Repository/Olusturma/Genel/AliciBilgisi/Alici_Adi' located by 'By.xpath: //tr[@id='GridViewCustomer_DXDataRow0']/td[2]' in '10' second(s)

2021-11-23 16:40:16 - [MESSAGE][PASSED] - Object 'Object Repository/Olusturma/Genel/AliciBilgisi/Alici_Adi' is clickable

2021-11-23 16:40:16 - [MESSAGE][INFO] - Switching to default content

2021-11-23 16:40:16 - [TEST_STEP][PASSED] - click(findTestObject("Olusturma/Genel/AliciBilgisi/frame")): Switching to default content

2021-11-23 16:40:16 - [MESSAGE][INFO] - Finding Test Object 'Object Repository/Olusturma/Genel/AliciBilgisi/frame'

2021-11-23 16:40:16 - [MESSAGE][INFO] - Finding Test Object 'Object Repository/Olusturma/Genel/AliciBilgisi/iframe_Alc Bilgisi_customerselectiframe'

2021-11-23 16:40:16 - [MESSAGE][INFO] - Checking object

2021-11-23 16:40:16 - [MESSAGE][INFO] - Object: 'Object Repository/Olusturma/Genel/AliciBilgisi/frame' has parent object(s)

2021-11-23 16:40:16 - [MESSAGE][INFO] - Switching to iframe: 'Object Repository/Olusturma/Genel/AliciBilgisi/iframe_Alc Bilgisi_customerselectiframe'

2021-11-23 16:40:16 - [MESSAGE][INFO] - Finding web element from Test Object's properties

2021-11-23 16:40:16 - [MESSAGE][INFO] - Checking timeout

2021-11-23 16:40:16 - [MESSAGE][INFO] - Finding web element with id: 'Object Repository/Olusturma/Genel/AliciBilgisi/iframe_Alc Bilgisi_customerselectiframe' located by 'By.xpath: //iframe[@id='customerselectiframe']' in '30' second(s)

2021-11-23 16:40:16 - [MESSAGE][INFO] - Smart Wait Function is triggered

2021-11-23 16:40:17 - [MESSAGE][INFO] - Found 1 web elements with id: 'Object Repository/Olusturma/Genel/AliciBilgisi/iframe_Alc Bilgisi_customerselectiframe' located by 'By.xpath: //iframe[@id='customerselectiframe']' in '30' second(s)

2021-11-23 16:40:17 - [MESSAGE][INFO] - Switched to iframe: 'Object Repository/Olusturma/Genel/AliciBilgisi/iframe_Alc Bilgisi_customerselectiframe'

2021-11-23 16:40:17 - [MESSAGE][INFO] - Finding web element from Test Object's properties

2021-11-23 16:40:17 - [MESSAGE][INFO] - Checking timeout

2021-11-23 16:40:17 - [MESSAGE][INFO] - Finding web element with id: 'Object Repository/Olusturma/Genel/AliciBilgisi/frame' located by 'By.xpath: //*/text()[normalize-space(.)='']/parent::*' in '30' second(s)

2021-11-23 16:40:17 - [MESSAGE][INFO] - Smart Wait Function is triggered

2021-11-23 16:40:17 - [MESSAGE][INFO] - Found 66 web elements with id: 'Object Repository/Olusturma/Genel/AliciBilgisi/frame' located by 'By.xpath: //*/text()[normalize-space(.)='']/parent::*' in '30' second(s)

2021-11-23 16:40:17 - [MESSAGE][INFO] - Clicking on object: 'Object Repository/Olusturma/Genel/AliciBilgisi/frame'

2021-11-23 16:40:17 - [MESSAGE][PASSED] - Object: 'Object Repository/Olusturma/Genel/AliciBilgisi/frame' is clicked on

2021-11-23 16:40:17 - [MESSAGE][INFO] - Switching to default content

2021-11-23 16:40:17 - [TEST_STEP][PASSED] - click(findTestObject("Olusturma/Genel/AliciBilgisi/Alici_Adi")): Switching to default content

2021-11-23 16:40:17 - [MESSAGE][INFO] - Finding Test Object 'Object Repository/Olusturma/Genel/AliciBilgisi/Alici_Adi'

2021-11-23 16:40:17 - [MESSAGE][INFO] - Finding Test Object 'Object Repository/Olusturma/Genel/AliciBilgisi/iframe_Alc Bilgisi_customerselectiframe'

2021-11-23 16:40:17 - [MESSAGE][INFO] - Checking object

2021-11-23 16:40:17 - [MESSAGE][INFO] - Object: 'Object Repository/Olusturma/Genel/AliciBilgisi/Alici_Adi' has parent object(s)

2021-11-23 16:40:17 - [MESSAGE][INFO] - Switching to iframe: 'Object Repository/Olusturma/Genel/AliciBilgisi/iframe_Alc Bilgisi_customerselectiframe'

2021-11-23 16:40:17 - [MESSAGE][INFO] - Finding web element from Test Object's properties

2021-11-23 16:40:17 - [MESSAGE][INFO] - Checking timeout

2021-11-23 16:40:17 - [MESSAGE][INFO] - Finding web element with id: 'Object Repository/Olusturma/Genel/AliciBilgisi/iframe_Alc Bilgisi_customerselectiframe' located by 'By.xpath: //iframe[@id='customerselectiframe']' in '30' second(s)

2021-11-23 16:40:17 - [MESSAGE][INFO] - Smart Wait Function is triggered

2021-11-23 16:40:17 - [MESSAGE][INFO] - Found 1 web elements with id: 'Object Repository/Olusturma/Genel/AliciBilgisi/iframe_Alc Bilgisi_customerselectiframe' located by 'By.xpath: //iframe[@id='customerselectiframe']' in '30' second(s)

2021-11-23 16:40:17 - [MESSAGE][INFO] - Switched to iframe: 'Object Repository/Olusturma/Genel/AliciBilgisi/iframe_Alc Bilgisi_customerselectiframe'

2021-11-23 16:40:17 - [MESSAGE][INFO] - Finding web element from Test Object's properties

2021-11-23 16:40:17 - [MESSAGE][INFO] - Checking timeout

2021-11-23 16:40:17 - [MESSAGE][INFO] - Finding web element with id: 'Object Repository/Olusturma/Genel/AliciBilgisi/Alici_Adi' located by 'By.xpath: //tr[@id='GridViewCustomer_DXDataRow0']/td[2]' in '30' second(s)

2021-11-23 16:40:17 - [MESSAGE][INFO] - Smart Wait Function is triggered

2021-11-23 16:40:17 - [MESSAGE][INFO] - Found 1 web elements with id: 'Object Repository/Olusturma/Genel/AliciBilgisi/Alici_Adi' located by 'By.xpath: //tr[@id='GridViewCustomer_DXDataRow0']/td[2]' in '30' second(s)

2021-11-23 16:40:17 - [MESSAGE][INFO] - Clicking on object: 'Object Repository/Olusturma/Genel/AliciBilgisi/Alici_Adi'

2021-11-23 16:40:17 - [MESSAGE][PASSED] - Object: 'Object Repository/Olusturma/Genel/AliciBilgisi/Alici_Adi' is clicked on

2021-11-23 16:40:17 - [MESSAGE][INFO] - Switching to default content

2021-11-23 16:40:17 - [TEST_STEP][PASSED] - click(findTestObject("Olusturma/Genel/AliciBilgisi/Tamam_Bosluk")): Switching to default content

2021-11-23 16:40:17 - [MESSAGE][INFO] - Finding Test Object 'Object Repository/Olusturma/Genel/AliciBilgisi/Tamam_Bosluk'

2021-11-23 16:40:17 - [MESSAGE][INFO] - Finding Test Object 'Object Repository/Olusturma/Genel/AliciBilgisi/Alici_Bilgisi'

2021-11-23 16:40:18 - [MESSAGE][INFO] - Checking object

2021-11-23 16:40:18 - [MESSAGE][INFO] - Object: 'Object Repository/Olusturma/Genel/AliciBilgisi/Tamam_Bosluk' has parent object(s)

2021-11-23 16:40:18 - [MESSAGE][INFO] - Switching to iframe: 'Object Repository/Olusturma/Genel/AliciBilgisi/Alici_Bilgisi'

2021-11-23 16:40:18 - [MESSAGE][INFO] - Finding web element from Test Object's properties

2021-11-23 16:40:18 - [MESSAGE][INFO] - Checking timeout

2021-11-23 16:40:18 - [MESSAGE][INFO] - Finding web element with id: 'Object Repository/Olusturma/Genel/AliciBilgisi/Alici_Bilgisi' located by 'By.xpath: //iframe[@id='customerselectiframe']' in '30' second(s)

2021-11-23 16:40:18 - [MESSAGE][INFO] - Smart Wait Function is triggered

2021-11-23 16:40:18 - [MESSAGE][INFO] - Found 1 web elements with id: 'Object Repository/Olusturma/Genel/AliciBilgisi/Alici_Bilgisi' located by 'By.xpath: //iframe[@id='customerselectiframe']' in '30' second(s)

2021-11-23 16:40:18 - [MESSAGE][INFO] - Switched to iframe: 'Object Repository/Olusturma/Genel/AliciBilgisi/Alici_Bilgisi'

2021-11-23 16:40:18 - [MESSAGE][INFO] - Finding web element from Test Object's properties

2021-11-23 16:40:18 - [MESSAGE][INFO] - Checking timeout

2021-11-23 16:40:18 - [MESSAGE][INFO] - Finding web element with id: 'Object Repository/Olusturma/Genel/AliciBilgisi/Tamam_Bosluk' located by 'By.xpath: (.//*[normalize-space(text()) and normalize-space(.)='Sayfa Boyutu:'])[1]/following::div[7]' in '30' second(s)

2021-11-23 16:40:18 - [MESSAGE][INFO] - Smart Wait Function is triggered

2021-11-23 16:40:18 - [MESSAGE][INFO] - Found 1 web elements with id: 'Object Repository/Olusturma/Genel/AliciBilgisi/Tamam_Bosluk' located by 'By.xpath: (.//*[normalize-space(text()) and normalize-space(.)='Sayfa Boyutu:'])[1]/following::div[7]' in '30' second(s)

2021-11-23 16:40:18 - [MESSAGE][INFO] - Clicking on object: 'Object Repository/Olusturma/Genel/AliciBilgisi/Tamam_Bosluk'

2021-11-23 16:40:18 - [MESSAGE][PASSED] - Object: 'Object Repository/Olusturma/Genel/AliciBilgisi/Tamam_Bosluk' is clicked on

2021-11-23 16:40:18 - [MESSAGE][INFO] - Switching to default content

2021-11-23 16:40:18 - [TEST_STEP][PASSED] - waitForElementClickable(findTestObject("Olusturma/Genel/AliciBilgisi/Tamam_Butonu"), 10): Switching to default content

2021-11-23 16:40:18 - [MESSAGE][INFO] - Finding Test Object 'Object Repository/Olusturma/Genel/AliciBilgisi/Tamam_Butonu'

2021-11-23 16:40:18 - [MESSAGE][INFO] - Finding Test Object 'Object Repository/Olusturma/Genel/AliciBilgisi/Alici_Bilgisi'

2021-11-23 16:40:18 - [MESSAGE][INFO] - Checking object

2021-11-23 16:40:18 - [MESSAGE][INFO] - Checking timeout

2021-11-23 16:40:18 - [MESSAGE][INFO] - Object: 'Object Repository/Olusturma/Genel/AliciBilgisi/Tamam_Butonu' has parent object(s)

2021-11-23 16:40:18 - [MESSAGE][INFO] - Switching to iframe: 'Object Repository/Olusturma/Genel/AliciBilgisi/Alici_Bilgisi'

2021-11-23 16:40:18 - [MESSAGE][INFO] - Finding web element from Test Object's properties

2021-11-23 16:40:18 - [MESSAGE][INFO] - Checking timeout

2021-11-23 16:40:18 - [MESSAGE][INFO] - Finding web element with id: 'Object Repository/Olusturma/Genel/AliciBilgisi/Alici_Bilgisi' located by 'By.xpath: //iframe[@id='customerselectiframe']' in '10' second(s)

2021-11-23 16:40:18 - [MESSAGE][INFO] - Smart Wait Function is triggered

2021-11-23 16:40:18 - [MESSAGE][INFO] - Found 1 web elements with id: 'Object Repository/Olusturma/Genel/AliciBilgisi/Alici_Bilgisi' located by 'By.xpath: //iframe[@id='customerselectiframe']' in '10' second(s)

2021-11-23 16:40:18 - [MESSAGE][INFO] - Switched to iframe: 'Object Repository/Olusturma/Genel/AliciBilgisi/Alici_Bilgisi'

2021-11-23 16:40:18 - [MESSAGE][INFO] - Finding web element from Test Object's properties

2021-11-23 16:40:18 - [MESSAGE][INFO] - Checking timeout

2021-11-23 16:40:18 - [MESSAGE][INFO] - Finding web element with id: 'Object Repository/Olusturma/Genel/AliciBilgisi/Tamam_Butonu' located by 'By.xpath: //div[@id='btnSelectCustomer_CD']/span' in '10' second(s)

2021-11-23 16:40:18 - [MESSAGE][INFO] - Smart Wait Function is triggered

2021-11-23 16:40:18 - [MESSAGE][INFO] - Found 1 web elements with id: 'Object Repository/Olusturma/Genel/AliciBilgisi/Tamam_Butonu' located by 'By.xpath: //div[@id='btnSelectCustomer_CD']/span' in '10' second(s)

2021-11-23 16:40:18 - [MESSAGE][PASSED] - Object 'Object Repository/Olusturma/Genel/AliciBilgisi/Tamam_Butonu' is clickable

2021-11-23 16:40:18 - [MESSAGE][INFO] - Switching to default content

2021-11-23 16:40:18 - [TEST_STEP][PASSED] - click(findTestObject("Olusturma/Genel/AliciBilgisi/Tamam_Butonu")): Switching to default content

2021-11-23 16:40:18 - [MESSAGE][INFO] - Finding Test Object 'Object Repository/Olusturma/Genel/AliciBilgisi/Tamam_Butonu'

2021-11-23 16:40:19 - [MESSAGE][INFO] - Finding Test Object 'Object Repository/Olusturma/Genel/AliciBilgisi/Alici_Bilgisi'

2021-11-23 16:40:19 - [MESSAGE][INFO] - Checking object

2021-11-23 16:40:19 - [MESSAGE][INFO] - Object: 'Object Repository/Olusturma/Genel/AliciBilgisi/Tamam_Butonu' has parent object(s)

2021-11-23 16:40:19 - [MESSAGE][INFO] - Switching to iframe: 'Object Repository/Olusturma/Genel/AliciBilgisi/Alici_Bilgisi'

2021-11-23 16:40:19 - [MESSAGE][INFO] - Finding web element from Test Object's properties

2021-11-23 16:40:19 - [MESSAGE][INFO] - Checking timeout

2021-11-23 16:40:19 - [MESSAGE][INFO] - Finding web element with id: 'Object Repository/Olusturma/Genel/AliciBilgisi/Alici_Bilgisi' located by 'By.xpath: //iframe[@id='customerselectiframe']' in '30' second(s)

2021-11-23 16:40:19 - [MESSAGE][INFO] - Smart Wait Function is triggered

2021-11-23 16:40:19 - [MESSAGE][INFO] - Found 1 web elements with id: 'Object Repository/Olusturma/Genel/AliciBilgisi/Alici_Bilgisi' located by 'By.xpath: //iframe[@id='customerselectiframe']' in '30' second(s)

2021-11-23 16:40:19 - [MESSAGE][INFO] - Switched to iframe: 'Object Repository/Olusturma/Genel/AliciBilgisi/Alici_Bilgisi'

2021-11-23 16:40:19 - [MESSAGE][INFO] - Finding web element from Test Object's properties

2021-11-23 16:40:19 - [MESSAGE][INFO] - Checking timeout

2021-11-23 16:40:19 - [MESSAGE][INFO] - Finding web element with id: 'Object Repository/Olusturma/Genel/AliciBilgisi/Tamam_Butonu' located by 'By.xpath: //div[@id='btnSelectCustomer_CD']/span' in '30' second(s)

2021-11-23 16:40:19 - [MESSAGE][INFO] - Smart Wait Function is triggered

2021-11-23 16:40:19 - [MESSAGE][INFO] - Found 1 web elements with id: 'Object Repository/Olusturma/Genel/AliciBilgisi/Tamam_Butonu' located by 'By.xpath: //div[@id='btnSelectCustomer_CD']/span' in '30' second(s)

2021-11-23 16:40:19 - [MESSAGE][INFO] - Clicking on object: 'Object Repository/Olusturma/Genel/AliciBilgisi/Tamam_Butonu'

2021-11-23 16:40:19 - [MESSAGE][PASSED] - Object: 'Object Repository/Olusturma/Genel/AliciBilgisi/Tamam_Butonu' is clicked on

2021-11-23 16:40:19 - [MESSAGE][INFO] - Switching to default content

2021-11-23 16:40:19 - [TEST_STEP][PASSED] - waitForElementPresent(findTestObject("Olusturma/Genel/AliciBilgisi/VKN-TCKN"), 10): Object 'Object Repository/Olusturma/Genel/AliciBilgisi/VKN-TCKN' is present

2021-11-23 16:40:19 - [MESSAGE][INFO] - Finding Test Object 'Object Repository/Olusturma/Genel/AliciBilgisi/VKN-TCKN'

2021-11-23 16:40:19 - [MESSAGE][INFO] - Checking object

2021-11-23 16:40:19 - [MESSAGE][INFO] - Finding web element from Test Object's properties

2021-11-23 16:40:19 - [MESSAGE][INFO] - Checking timeout

2021-11-23 16:40:19 - [MESSAGE][INFO] - Finding web element with id: 'Object Repository/Olusturma/Genel/AliciBilgisi/VKN-TCKN' located by 'By.xpath: //*[@id = 'txtVknTckn_I']' in '10' second(s)

2021-11-23 16:40:19 - [MESSAGE][INFO] - Smart Wait Function is triggered

2021-11-23 16:40:20 - [MESSAGE][INFO] - Found 1 web elements with id: 'Object Repository/Olusturma/Genel/AliciBilgisi/VKN-TCKN' located by 'By.xpath: //*[@id = 'txtVknTckn_I']' in '10' second(s)

2021-11-23 16:40:20 - [MESSAGE][PASSED] - Object 'Object Repository/Olusturma/Genel/AliciBilgisi/VKN-TCKN' is present

2021-11-23 16:40:20 - [TEST_STEP][PASSED] - text = getAttribute(findTestObject("Olusturma/Genel/AliciBilgisi/VKN-TCKN"), "value"): Attribute 'value' of object 'Object Repository/Olusturma/Genel/AliciBilgisi/VKN-TCKN' is: '5324544750'

2021-11-23 16:40:20 - [MESSAGE][INFO] - Finding Test Object 'Object Repository/Olusturma/Genel/AliciBilgisi/VKN-TCKN'

2021-11-23 16:40:20 - [MESSAGE][INFO] - Checking object

2021-11-23 16:40:20 - [MESSAGE][INFO] - Checking attribute

2021-11-23 16:40:20 - [MESSAGE][INFO] - Finding web element from Test Object's properties

2021-11-23 16:40:20 - [MESSAGE][INFO] - Checking timeout

2021-11-23 16:40:20 - [MESSAGE][INFO] - Finding web element with id: 'Object Repository/Olusturma/Genel/AliciBilgisi/VKN-TCKN' located by 'By.xpath: //*[@id = 'txtVknTckn_I']' in '30' second(s)

2021-11-23 16:40:20 - [MESSAGE][INFO] - Smart Wait Function is triggered

2021-11-23 16:40:20 - [MESSAGE][INFO] - Found 1 web elements with id: 'Object Repository/Olusturma/Genel/AliciBilgisi/VKN-TCKN' located by 'By.xpath: //*[@id = 'txtVknTckn_I']' in '30' second(s)

2021-11-23 16:40:20 - [MESSAGE][INFO] - Getting attribute 'value' of object 'Object Repository/Olusturma/Genel/AliciBilgisi/VKN-TCKN'

2021-11-23 16:40:20 - [MESSAGE][PASSED] - Attribute 'value' of object 'Object Repository/Olusturma/Genel/AliciBilgisi/VKN-TCKN' is: '5324544750'

2021-11-23 16:40:20 - [TEST_STEP][PASSED] - if (text.equals("")): null

2021-11-23 16:40:20 - [MESSAGE][PASSED] - Call Test Case 'Test Cases/Olusturma/Genel/AliciSecilir' successfully

2021-11-23 16:40:20 - [MESSAGE][INFO] - Checking called Test Case

2021-11-23 16:40:20 - [MESSAGE][INFO] - Starting to call Test Case 'Test Cases/Olusturma/Genel/GonderimSekliSecilir'

2021-11-23 16:40:20 - [TEST_CASE][PASSED] - Test Cases/Olusturma/Genel/GonderimSekliSecilir: Test Cases/Olusturma/Genel/GonderimSekliSecilir

2021-11-23 16:40:20 - [TEST_STEP][PASSED] - waitForElementClickable(findTestObject("Object Repository/Olusturma/Genel/GonderimSekli/GonderimSekli"), 10): Object 'Object Repository/Olusturma/Genel/GonderimSekli/GonderimSekli' is clickable

2021-11-23 16:40:20 - [MESSAGE][INFO] - Finding Test Object 'Object Repository/Olusturma/Genel/GonderimSekli/GonderimSekli'

2021-11-23 16:40:20 - [MESSAGE][INFO] - Checking object

2021-11-23 16:40:20 - [MESSAGE][INFO] - Checking timeout

2021-11-23 16:40:20 - [MESSAGE][INFO] - Finding web element from Test Object's properties

2021-11-23 16:40:20 - [MESSAGE][INFO] - Checking timeout

2021-11-23 16:40:20 - [MESSAGE][INFO] - Finding web element with id: 'Object Repository/Olusturma/Genel/GonderimSekli/GonderimSekli' located by 'By.xpath: //*[@id = 'txtGonderimSekil_I']' in '10' second(s)

2021-11-23 16:40:20 - [MESSAGE][INFO] - Smart Wait Function is triggered

2021-11-23 16:40:20 - [MESSAGE][INFO] - Found 1 web elements with id: 'Object Repository/Olusturma/Genel/GonderimSekli/GonderimSekli' located by 'By.xpath: //*[@id = 'txtGonderimSekil_I']' in '10' second(s)

2021-11-23 16:40:20 - [MESSAGE][PASSED] - Object 'Object Repository/Olusturma/Genel/GonderimSekli/GonderimSekli' is clickable

2021-11-23 16:40:20 - [TEST_STEP][PASSED] - click(findTestObject("Object Repository/Olusturma/Genel/GonderimSekli/GonderimSekli")): Object: 'Object Repository/Olusturma/Genel/GonderimSekli/GonderimSekli' is clicked on

2021-11-23 16:40:20 - [MESSAGE][INFO] - Finding Test Object 'Object Repository/Olusturma/Genel/GonderimSekli/GonderimSekli'

2021-11-23 16:40:21 - [MESSAGE][INFO] - Checking object

2021-11-23 16:40:21 - [MESSAGE][INFO] - Finding web element from Test Object's properties

2021-11-23 16:40:21 - [MESSAGE][INFO] - Checking timeout

2021-11-23 16:40:21 - [MESSAGE][INFO] - Finding web element with id: 'Object Repository/Olusturma/Genel/GonderimSekli/GonderimSekli' located by 'By.xpath: //*[@id = 'txtGonderimSekil_I']' in '30' second(s)

2021-11-23 16:40:21 - [MESSAGE][INFO] - Smart Wait Function is triggered

2021-11-23 16:40:21 - [MESSAGE][INFO] - Found 1 web elements with id: 'Object Repository/Olusturma/Genel/GonderimSekli/GonderimSekli' located by 'By.xpath: //*[@id = 'txtGonderimSekil_I']' in '30' second(s)

2021-11-23 16:40:21 - [MESSAGE][INFO] - Clicking on object: 'Object Repository/Olusturma/Genel/GonderimSekli/GonderimSekli'

2021-11-23 16:40:21 - [MESSAGE][PASSED] - Object: 'Object Repository/Olusturma/Genel/GonderimSekli/GonderimSekli' is clicked on

2021-11-23 16:40:21 - [TEST_STEP][PASSED] - Method.TextDegerineEsitElementeTikla(findTestObject("Object Repository/Olusturma/Genel/GonderimSekli/GonderimSekliAdi"), GonderimSekli): Method.TextDegerineEsitElementeTikla is PASSED

2021-11-23 16:40:21 - [MESSAGE][INFO] - Finding Test Object 'Object Repository/Olusturma/Genel/GonderimSekli/GonderimSekliAdi'

2021-11-23 16:40:21 - [MESSAGE][INFO] - Checking timeout

2021-11-23 16:40:21 - [MESSAGE][INFO] - Finding web element with id: 'Object Repository/Olusturma/Genel/GonderimSekli/GonderimSekliAdi' located by 'By.cssSelector: #txtGonderimSekil_DDD_L_LBT td' in '10' second(s)

2021-11-23 16:40:21 - [MESSAGE][INFO] - Smart Wait Function is triggered

2021-11-23 16:40:21 - [MESSAGE][INFO] - Found 2 web elements with id: 'Object Repository/Olusturma/Genel/GonderimSekli/GonderimSekliAdi' located by 'By.cssSelector: #txtGonderimSekil_DDD_L_LBT td' in '10' second(s)

2021-11-23 16:40:22 - [MESSAGE][PASSED] - Method.TextDegerineEsitElementeTikla is PASSED

2021-11-23 16:40:22 - [MESSAGE][PASSED] - Call Test Case 'Test Cases/Olusturma/Genel/GonderimSekliSecilir' successfully

2021-11-23 16:40:22 - [MESSAGE][INFO] - Checking called Test Case

2021-11-23 16:40:22 - [MESSAGE][INFO] - Starting to call Test Case 'Test Cases/Olusturma/Genel/TipSecilir'

2021-11-23 16:40:22 - [TEST_CASE][PASSED] - Test Cases/Olusturma/Genel/TipSecilir: Test Cases/Olusturma/Genel/TipSecilir

2021-11-23 16:40:22 - [TEST_STEP][PASSED] - waitForElementClickable(findTestObject("Olusturma/Genel/TipSecilir/Tip"), 10): Object 'Object Repository/Olusturma/Genel/TipSecilir/Tip' is clickable

2021-11-23 16:40:22 - [MESSAGE][INFO] - Finding Test Object 'Object Repository/Olusturma/Genel/TipSecilir/Tip'

2021-11-23 16:40:22 - [MESSAGE][INFO] - Checking object

2021-11-23 16:40:22 - [MESSAGE][INFO] - Checking timeout

2021-11-23 16:40:22 - [MESSAGE][INFO] - Finding web element from Test Object's properties

2021-11-23 16:40:22 - [MESSAGE][INFO] - Checking timeout

2021-11-23 16:40:22 - [MESSAGE][INFO] - Finding web element with id: 'Object Repository/Olusturma/Genel/TipSecilir/Tip' located by 'By.xpath: //*[@id = 'DocumentTypeCode_I']' in '10' second(s)

2021-11-23 16:40:22 - [MESSAGE][INFO] - Smart Wait Function is triggered

2021-11-23 16:40:22 - [MESSAGE][INFO] - Found 1 web elements with id: 'Object Repository/Olusturma/Genel/TipSecilir/Tip' located by 'By.xpath: //*[@id = 'DocumentTypeCode_I']' in '10' second(s)

2021-11-23 16:40:22 - [MESSAGE][PASSED] - Object 'Object Repository/Olusturma/Genel/TipSecilir/Tip' is clickable

2021-11-23 16:40:22 - [TEST_STEP][PASSED] - click(findTestObject("Olusturma/Genel/TipSecilir/Tip")): Object: 'Object Repository/Olusturma/Genel/TipSecilir/Tip' is clicked on

2021-11-23 16:40:22 - [MESSAGE][INFO] - Finding Test Object 'Object Repository/Olusturma/Genel/TipSecilir/Tip'

2021-11-23 16:40:22 - [MESSAGE][INFO] - Checking object

2021-11-23 16:40:22 - [MESSAGE][INFO] - Finding web element from Test Object's properties

2021-11-23 16:40:22 - [MESSAGE][INFO] - Checking timeout

2021-11-23 16:40:22 - [MESSAGE][INFO] - Finding web element with id: 'Object Repository/Olusturma/Genel/TipSecilir/Tip' located by 'By.xpath: //*[@id = 'DocumentTypeCode_I']' in '30' second(s)

2021-11-23 16:40:22 - [MESSAGE][INFO] - Smart Wait Function is triggered

2021-11-23 16:40:22 - [MESSAGE][INFO] - Found 1 web elements with id: 'Object Repository/Olusturma/Genel/TipSecilir/Tip' located by 'By.xpath: //*[@id = 'DocumentTypeCode_I']' in '30' second(s)

2021-11-23 16:40:22 - [MESSAGE][INFO] - Clicking on object: 'Object Repository/Olusturma/Genel/TipSecilir/Tip'

2021-11-23 16:40:22 - [MESSAGE][PASSED] - Object: 'Object Repository/Olusturma/Genel/TipSecilir/Tip' is clicked on

2021-11-23 16:40:22 - [TEST_STEP][PASSED] - Method.TextDegerineEsitElementeTikla(findTestObject("Object Repository/Olusturma/Genel/TipSecilir/Tip_Adi"), Tip): Method.TextDegerineEsitElementeTikla is PASSED

2021-11-23 16:40:22 - [MESSAGE][INFO] - Finding Test Object 'Object Repository/Olusturma/Genel/TipSecilir/Tip_Adi'

2021-11-23 16:40:23 - [MESSAGE][INFO] - Checking timeout

2021-11-23 16:40:23 - [MESSAGE][INFO] - Finding web element with id: 'Object Repository/Olusturma/Genel/TipSecilir/Tip_Adi' located by 'By.cssSelector: #DocumentTypeCode_DDD_L_LBT td' in '10' second(s)

2021-11-23 16:40:23 - [MESSAGE][INFO] - Smart Wait Function is triggered

2021-11-23 16:40:23 - [MESSAGE][INFO] - Found 9 web elements with id: 'Object Repository/Olusturma/Genel/TipSecilir/Tip_Adi' located by 'By.cssSelector: #DocumentTypeCode_DDD_L_LBT td' in '10' second(s)

2021-11-23 16:40:23 - [MESSAGE][PASSED] - Method.TextDegerineEsitElementeTikla is PASSED

2021-11-23 16:40:23 - [MESSAGE][PASSED] - Call Test Case 'Test Cases/Olusturma/Genel/TipSecilir' successfully

2021-11-23 16:40:23 - [MESSAGE][INFO] - Checking called Test Case

2021-11-23 16:40:23 - [MESSAGE][INFO] - Starting to call Test Case 'Test Cases/Olusturma/Genel/DokumanParaBirimiSecilir'

2021-11-23 16:40:23 - [TEST_CASE][PASSED] - Test Cases/Olusturma/Genel/DokumanParaBirimiSecilir: Test Cases/Olusturma/Genel/DokumanParaBirimiSecilir

2021-11-23 16:40:23 - [TEST_STEP][PASSED] - waitForElementClickable(findTestObject("Object Repository/Olusturma/Genel/DokumanParaBirimiSecilir/Para"), 10): Object 'Object Repository/Olusturma/Genel/DokumanParaBirimiSecilir/Para' is clickable

2021-11-23 16:40:23 - [MESSAGE][INFO] - Finding Test Object 'Object Repository/Olusturma/Genel/DokumanParaBirimiSecilir/Para'

2021-11-23 16:40:23 - [MESSAGE][INFO] - Checking object

2021-11-23 16:40:23 - [MESSAGE][INFO] - Checking timeout

2021-11-23 16:40:23 - [MESSAGE][INFO] - Finding web element from Test Object's properties

2021-11-23 16:40:23 - [MESSAGE][INFO] - Checking timeout

2021-11-23 16:40:23 - [MESSAGE][INFO] - Finding web element with id: 'Object Repository/Olusturma/Genel/DokumanParaBirimiSecilir/Para' located by 'By.xpath: //*[@id = 'CurrencyUnit_I']' in '10' second(s)

2021-11-23 16:40:23 - [MESSAGE][INFO] - Smart Wait Function is triggered

2021-11-23 16:40:25 - [MESSAGE][INFO] - Found 1 web elements with id: 'Object Repository/Olusturma/Genel/DokumanParaBirimiSecilir/Para' located by 'By.xpath: //*[@id = 'CurrencyUnit_I']' in '10' second(s)

2021-11-23 16:40:25 - [MESSAGE][PASSED] - Object 'Object Repository/Olusturma/Genel/DokumanParaBirimiSecilir/Para' is clickable

2021-11-23 16:40:25 - [TEST_STEP][PASSED] - click(findTestObject("Object Repository/Olusturma/Genel/DokumanParaBirimiSecilir/Para")): Object: 'Object Repository/Olusturma/Genel/DokumanParaBirimiSecilir/Para' is clicked on

2021-11-23 16:40:25 - [MESSAGE][INFO] - Finding Test Object 'Object Repository/Olusturma/Genel/DokumanParaBirimiSecilir/Para'

2021-11-23 16:40:25 - [MESSAGE][INFO] - Checking object

2021-11-23 16:40:25 - [MESSAGE][INFO] - Finding web element from Test Object's properties

2021-11-23 16:40:25 - [MESSAGE][INFO] - Checking timeout

2021-11-23 16:40:25 - [MESSAGE][INFO] - Finding web element with id: 'Object Repository/Olusturma/Genel/DokumanParaBirimiSecilir/Para' located by 'By.xpath: //*[@id = 'CurrencyUnit_I']' in '30' second(s)

2021-11-23 16:40:25 - [MESSAGE][INFO] - Smart Wait Function is triggered

2021-11-23 16:40:25 - [MESSAGE][INFO] - Found 1 web elements with id: 'Object Repository/Olusturma/Genel/DokumanParaBirimiSecilir/Para' located by 'By.xpath: //*[@id = 'CurrencyUnit_I']' in '30' second(s)

2021-11-23 16:40:25 - [MESSAGE][INFO] - Clicking on object: 'Object Repository/Olusturma/Genel/DokumanParaBirimiSecilir/Para'

2021-11-23 16:40:25 - [MESSAGE][PASSED] - Object: 'Object Repository/Olusturma/Genel/DokumanParaBirimiSecilir/Para' is clicked on

2021-11-23 16:40:25 - [TEST_STEP][PASSED] - Method.TextDegerineEsitElementeTikla(findTestObject("Object Repository/Olusturma/Genel/DokumanParaBirimiSecilir/Para_Adi"), Para): Method.TextDegerineEsitElementeTikla is PASSED

2021-11-23 16:40:25 - [MESSAGE][INFO] - Finding Test Object 'Object Repository/Olusturma/Genel/DokumanParaBirimiSecilir/Para_Adi'

2021-11-23 16:40:25 - [MESSAGE][INFO] - Checking timeout

2021-11-23 16:40:25 - [MESSAGE][INFO] - Finding web element with id: 'Object Repository/Olusturma/Genel/DokumanParaBirimiSecilir/Para_Adi' located by 'By.cssSelector: #CurrencyUnit_DDD_L_LBT td' in '10' second(s)

2021-11-23 16:40:25 - [MESSAGE][INFO] - Smart Wait Function is triggered

2021-11-23 16:40:26 - [MESSAGE][INFO] - Found 203 web elements with id: 'Object Repository/Olusturma/Genel/DokumanParaBirimiSecilir/Para_Adi' located by 'By.cssSelector: #CurrencyUnit_DDD_L_LBT td' in '10' second(s)

2021-11-23 16:40:31 - [MESSAGE][PASSED] - Method.TextDegerineEsitElementeTikla is PASSED

2021-11-23 16:40:31 - [MESSAGE][PASSED] - Call Test Case 'Test Cases/Olusturma/Genel/DokumanParaBirimiSecilir' successfully

2021-11-23 16:40:31 - [MESSAGE][INFO] - Checking called Test Case

2021-11-23 16:40:31 - [MESSAGE][INFO] - Starting to call Test Case 'Test Cases/Olusturma/Genel/OnEkSecilir'

2021-11-23 16:40:31 - [TEST_CASE][PASSED] - Test Cases/Olusturma/Genel/OnEkSecilir: Test Cases/Olusturma/Genel/OnEkSecilir

2021-11-23 16:40:31 - [TEST_STEP][PASSED] - waitForElementClickable(findTestObject("Object Repository/Olusturma/Genel/OnEkSecilir/OnEk"), 10): Object 'Object Repository/Olusturma/Genel/OnEkSecilir/OnEk' is clickable

2021-11-23 16:40:31 - [MESSAGE][INFO] - Finding Test Object 'Object Repository/Olusturma/Genel/OnEkSecilir/OnEk'

2021-11-23 16:40:31 - [MESSAGE][INFO] - Checking object

2021-11-23 16:40:31 - [MESSAGE][INFO] - Checking timeout

2021-11-23 16:40:31 - [MESSAGE][INFO] - Finding web element from Test Object's properties

2021-11-23 16:40:31 - [MESSAGE][INFO] - Checking timeout

2021-11-23 16:40:31 - [MESSAGE][INFO] - Finding web element with id: 'Object Repository/Olusturma/Genel/OnEkSecilir/OnEk' located by 'By.xpath: //*[@id = 'InvoicePrefix_I']' in '10' second(s)

2021-11-23 16:40:31 - [MESSAGE][INFO] - Smart Wait Function is triggered

2021-11-23 16:40:31 - [MESSAGE][INFO] - Found 1 web elements with id: 'Object Repository/Olusturma/Genel/OnEkSecilir/OnEk' located by 'By.xpath: //*[@id = 'InvoicePrefix_I']' in '10' second(s)

2021-11-23 16:40:31 - [MESSAGE][PASSED] - Object 'Object Repository/Olusturma/Genel/OnEkSecilir/OnEk' is clickable

2021-11-23 16:40:31 - [TEST_STEP][PASSED] - click(findTestObject("Object Repository/Olusturma/Genel/OnEkSecilir/OnEk")): Object: 'Object Repository/Olusturma/Genel/OnEkSecilir/OnEk' is clicked on

2021-11-23 16:40:31 - [MESSAGE][INFO] - Finding Test Object 'Object Repository/Olusturma/Genel/OnEkSecilir/OnEk'

2021-11-23 16:40:31 - [MESSAGE][INFO] - Checking object

2021-11-23 16:40:31 - [MESSAGE][INFO] - Finding web element from Test Object's properties

2021-11-23 16:40:31 - [MESSAGE][INFO] - Checking timeout

2021-11-23 16:40:31 - [MESSAGE][INFO] - Finding web element with id: 'Object Repository/Olusturma/Genel/OnEkSecilir/OnEk' located by 'By.xpath: //*[@id = 'InvoicePrefix_I']' in '30' second(s)

2021-11-23 16:40:31 - [MESSAGE][INFO] - Smart Wait Function is triggered

2021-11-23 16:40:31 - [MESSAGE][INFO] - Found 1 web elements with id: 'Object Repository/Olusturma/Genel/OnEkSecilir/OnEk' located by 'By.xpath: //*[@id = 'InvoicePrefix_I']' in '30' second(s)

2021-11-23 16:40:31 - [MESSAGE][INFO] - Clicking on object: 'Object Repository/Olusturma/Genel/OnEkSecilir/OnEk'

2021-11-23 16:40:32 - [MESSAGE][PASSED] - Object: 'Object Repository/Olusturma/Genel/OnEkSecilir/OnEk' is clicked on

2021-11-23 16:40:32 - [TEST_STEP][PASSED] - Method.TextDegerineEsitElementeTiklaEquals(findTestObject("Object Repository/Olusturma/Genel/OnEkSecilir/OnEkAdi"), Ek): Method.TextDegerineEsitElementeTiklaEquals is PASSED

2021-11-23 16:40:32 - [MESSAGE][INFO] - Finding Test Object 'Object Repository/Olusturma/Genel/OnEkSecilir/OnEkAdi'

2021-11-23 16:40:32 - [MESSAGE][INFO] - Checking timeout

2021-11-23 16:40:32 - [MESSAGE][INFO] - Finding web element with id: 'Object Repository/Olusturma/Genel/OnEkSecilir/OnEkAdi' located by 'By.cssSelector: #InvoicePrefix_DDD_L_LBT td' in '10' second(s)

2021-11-23 16:40:32 - [MESSAGE][INFO] - Smart Wait Function is triggered

2021-11-23 16:40:32 - [MESSAGE][INFO] - Found 1 web elements with id: 'Object Repository/Olusturma/Genel/OnEkSecilir/OnEkAdi' located by 'By.cssSelector: #InvoicePrefix_DDD_L_LBT td' in '10' second(s)

2021-11-23 16:40:32 - [MESSAGE][PASSED] - Method.TextDegerineEsitElementeTiklaEquals is PASSED

2021-11-23 16:40:32 - [MESSAGE][PASSED] - Call Test Case 'Test Cases/Olusturma/Genel/OnEkSecilir' successfully

2021-11-23 16:40:32 - [MESSAGE][INFO] - Checking called Test Case

2021-11-23 16:40:32 - [MESSAGE][INFO] - Starting to call Test Case 'Test Cases/Olusturma/Genel/TasarimSecilir'

2021-11-23 16:40:32 - [TEST_CASE][PASSED] - Test Cases/Olusturma/Genel/TasarimSecilir: Test Cases/Olusturma/Genel/TasarimSecilir

2021-11-23 16:40:32 - [TEST_STEP][PASSED] - waitForElementClickable(findTestObject("Object Repository/Olusturma/Genel/TasarimSecilir/Tasarim"), 10): Object 'Object Repository/Olusturma/Genel/TasarimSecilir/Tasarim' is clickable

2021-11-23 16:40:32 - [MESSAGE][INFO] - Finding Test Object 'Object Repository/Olusturma/Genel/TasarimSecilir/Tasarim'

2021-11-23 16:40:32 - [MESSAGE][INFO] - Checking object

2021-11-23 16:40:32 - [MESSAGE][INFO] - Checking timeout

2021-11-23 16:40:32 - [MESSAGE][INFO] - Finding web element from Test Object's properties

2021-11-23 16:40:32 - [MESSAGE][INFO] - Checking timeout

2021-11-23 16:40:32 - [MESSAGE][INFO] - Finding web element with id: 'Object Repository/Olusturma/Genel/TasarimSecilir/Tasarim' located by 'By.xpath: //*[@id = 'DesignId_I']' in '10' second(s)

2021-11-23 16:40:32 - [MESSAGE][INFO] - Smart Wait Function is triggered

2021-11-23 16:40:33 - [MESSAGE][INFO] - Found 1 web elements with id: 'Object Repository/Olusturma/Genel/TasarimSecilir/Tasarim' located by 'By.xpath: //*[@id = 'DesignId_I']' in '10' second(s)

2021-11-23 16:40:33 - [MESSAGE][PASSED] - Object 'Object Repository/Olusturma/Genel/TasarimSecilir/Tasarim' is clickable

2021-11-23 16:40:33 - [TEST_STEP][PASSED] - click(findTestObject("Object Repository/Olusturma/Genel/TasarimSecilir/Tasarim")): Object: 'Object Repository/Olusturma/Genel/TasarimSecilir/Tasarim' is clicked on

2021-11-23 16:40:33 - [MESSAGE][INFO] - Finding Test Object 'Object Repository/Olusturma/Genel/TasarimSecilir/Tasarim'

2021-11-23 16:40:33 - [MESSAGE][INFO] - Checking object

2021-11-23 16:40:33 - [MESSAGE][INFO] - Finding web element from Test Object's properties

2021-11-23 16:40:33 - [MESSAGE][INFO] - Checking timeout

2021-11-23 16:40:33 - [MESSAGE][INFO] - Finding web element with id: 'Object Repository/Olusturma/Genel/TasarimSecilir/Tasarim' located by 'By.xpath: //*[@id = 'DesignId_I']' in '30' second(s)

2021-11-23 16:40:33 - [MESSAGE][INFO] - Smart Wait Function is triggered

2021-11-23 16:40:33 - [MESSAGE][INFO] - Found 1 web elements with id: 'Object Repository/Olusturma/Genel/TasarimSecilir/Tasarim' located by 'By.xpath: //*[@id = 'DesignId_I']' in '30' second(s)

2021-11-23 16:40:33 - [MESSAGE][INFO] - Clicking on object: 'Object Repository/Olusturma/Genel/TasarimSecilir/Tasarim'

2021-11-23 16:40:33 - [MESSAGE][PASSED] - Object: 'Object Repository/Olusturma/Genel/TasarimSecilir/Tasarim' is clicked on

2021-11-23 16:40:33 - [TEST_STEP][PASSED] - Method.TextDegerineEsitElementeTikla(findTestObject("Object Repository/Olusturma/Genel/TasarimSecilir/Tasarim_Adi"), Tasarim): Method.TextDegerineEsitElementeTikla is PASSED

2021-11-23 16:40:33 - [MESSAGE][INFO] - Finding Test Object 'Object Repository/Olusturma/Genel/TasarimSecilir/Tasarim_Adi'

2021-11-23 16:40:33 - [MESSAGE][INFO] - Checking timeout

2021-11-23 16:40:33 - [MESSAGE][INFO] - Finding web element with id: 'Object Repository/Olusturma/Genel/TasarimSecilir/Tasarim_Adi' located by 'By.cssSelector: #DesignId_DDD_L_LBT td' in '10' second(s)

2021-11-23 16:40:33 - [MESSAGE][INFO] - Smart Wait Function is triggered

2021-11-23 16:40:34 - [MESSAGE][INFO] - Found 1 web elements with id: 'Object Repository/Olusturma/Genel/TasarimSecilir/Tasarim_Adi' located by 'By.cssSelector: #DesignId_DDD_L_LBT td' in '10' second(s)

2021-11-23 16:40:34 - [MESSAGE][PASSED] - Method.TextDegerineEsitElementeTikla is PASSED

2021-11-23 16:40:34 - [MESSAGE][PASSED] - Call Test Case 'Test Cases/Olusturma/Genel/TasarimSecilir' successfully

2021-11-23 16:40:34 - [MESSAGE][INFO] - Checking called Test Case

2021-11-23 16:40:34 - [MESSAGE][INFO] - Starting to call Test Case 'Test Cases/Olusturma/Genel/Kutular/SiparisBilgileriGirilir'

2021-11-23 16:40:34 - [TEST_CASE][PASSED] - Test Cases/Olusturma/Genel/Kutular/SiparisBilgileriGirilir: Test Cases/Olusturma/Genel/Kutular/SiparisBilgileriGirilir

2021-11-23 16:40:34 - [TEST_STEP][PASSED] - Method.TextDegerineEsitElementeTikla(findTestObject("Olusturma/Genel/Kutular/KapaliKutular"), "Sipariş Bilgileri"): Method.TextDegerineEsitElementeTikla is PASSED

2021-11-23 16:40:34 - [MESSAGE][INFO] - Finding Test Object 'Object Repository/Olusturma/Genel/Kutular/KapaliKutular'

2021-11-23 16:40:34 - [MESSAGE][INFO] - Checking timeout

2021-11-23 16:40:34 - [MESSAGE][INFO] - Finding web element with id: 'Object Repository/Olusturma/Genel/Kutular/KapaliKutular' located by 'By.cssSelector: .dxnb-headerCollapsed>span' in '10' second(s)

2021-11-23 16:40:34 - [MESSAGE][INFO] - Smart Wait Function is triggered

2021-11-23 16:40:35 - [MESSAGE][INFO] - Found 8 web elements with id: 'Object Repository/Olusturma/Genel/Kutular/KapaliKutular' located by 'By.cssSelector: .dxnb-headerCollapsed>span' in '10' second(s)

2021-11-23 16:40:35 - [MESSAGE][PASSED] - Method.TextDegerineEsitElementeTikla is PASSED

2021-11-23 16:40:35 - [TEST_STEP][PASSED] - waitForElementPresent(findTestObject("Object Repository/Olusturma/Genel/Kutular/SiparisBilgileri/SiparisNo"), 10): Object 'Object Repository/Olusturma/Genel/Kutular/SiparisBilgileri/SiparisNo' is present

2021-11-23 16:40:35 - [MESSAGE][INFO] - Finding Test Object 'Object Repository/Olusturma/Genel/Kutular/SiparisBilgileri/SiparisNo'

2021-11-23 16:40:35 - [MESSAGE][INFO] - Checking object

2021-11-23 16:40:35 - [MESSAGE][INFO] - Finding web element from Test Object's properties

2021-11-23 16:40:35 - [MESSAGE][INFO] - Checking timeout

2021-11-23 16:40:35 - [MESSAGE][INFO] - Finding web element with id: 'Object Repository/Olusturma/Genel/Kutular/SiparisBilgileri/SiparisNo' located by 'By.xpath: //*[@id = 'txtSiparisNo_I']' in '10' second(s)

2021-11-23 16:40:35 - [MESSAGE][INFO] - Smart Wait Function is triggered

2021-11-23 16:40:35 - [MESSAGE][INFO] - Found 1 web elements with id: 'Object Repository/Olusturma/Genel/Kutular/SiparisBilgileri/SiparisNo' located by 'By.xpath: //*[@id = 'txtSiparisNo_I']' in '10' second(s)

2021-11-23 16:40:35 - [MESSAGE][PASSED] - Object 'Object Repository/Olusturma/Genel/Kutular/SiparisBilgileri/SiparisNo' is present

2021-11-23 16:40:35 - [TEST_STEP][PASSED] - clearText(findTestObject("Object Repository/Olusturma/Genel/Kutular/SiparisBilgileri/SiparisNo")): Text of object 'Object Repository/Olusturma/Genel/Kutular/SiparisBilgileri/SiparisNo' is cleared

2021-11-23 16:40:35 - [MESSAGE][INFO] - Finding Test Object 'Object Repository/Olusturma/Genel/Kutular/SiparisBilgileri/SiparisNo'

2021-11-23 16:40:35 - [MESSAGE][INFO] - Checking object

2021-11-23 16:40:35 - [MESSAGE][INFO] - Finding web element from Test Object's properties

2021-11-23 16:40:35 - [MESSAGE][INFO] - Checking timeout

2021-11-23 16:40:35 - [MESSAGE][INFO] - Finding web element with id: 'Object Repository/Olusturma/Genel/Kutular/SiparisBilgileri/SiparisNo' located by 'By.xpath: //*[@id = 'txtSiparisNo_I']' in '30' second(s)

2021-11-23 16:40:35 - [MESSAGE][INFO] - Smart Wait Function is triggered

2021-11-23 16:40:36 - [MESSAGE][INFO] - Found 1 web elements with id: 'Object Repository/Olusturma/Genel/Kutular/SiparisBilgileri/SiparisNo' located by 'By.xpath: //*[@id = 'txtSiparisNo_I']' in '30' second(s)

2021-11-23 16:40:36 - [MESSAGE][INFO] - Clearing text of object 'Object Repository/Olusturma/Genel/Kutular/SiparisBilgileri/SiparisNo'

2021-11-23 16:40:36 - [MESSAGE][PASSED] - Text of object 'Object Repository/Olusturma/Genel/Kutular/SiparisBilgileri/SiparisNo' is cleared

2021-11-23 16:40:36 - [TEST_STEP][PASSED] - sendKeys(findTestObject("Object Repository/Olusturma/Genel/Kutular/SiparisBilgileri/SiparisNo"), SiparisNo): Keys 'UUC-SAT-1200001' sent to object: 'Object Repository/Olusturma/Genel/Kutular/SiparisBilgileri/SiparisNo'

2021-11-23 16:40:36 - [MESSAGE][INFO] - Finding Test Object 'Object Repository/Olusturma/Genel/Kutular/SiparisBilgileri/SiparisNo'

2021-11-23 16:40:36 - [MESSAGE][INFO] - Sending keys 'UUC-SAT-1200001' to object: 'Object Repository/Olusturma/Genel/Kutular/SiparisBilgileri/SiparisNo'

2021-11-23 16:40:36 - [MESSAGE][INFO] - Finding web element from Test Object's properties

2021-11-23 16:40:36 - [MESSAGE][INFO] - Checking timeout

2021-11-23 16:40:36 - [MESSAGE][INFO] - Finding web element with id: 'Object Repository/Olusturma/Genel/Kutular/SiparisBilgileri/SiparisNo' located by 'By.xpath: //*[@id = 'txtSiparisNo_I']' in '30' second(s)

2021-11-23 16:40:36 - [MESSAGE][INFO] - Smart Wait Function is triggered

2021-11-23 16:40:36 - [MESSAGE][INFO] - Found 1 web elements with id: 'Object Repository/Olusturma/Genel/Kutular/SiparisBilgileri/SiparisNo' located by 'By.xpath: //*[@id = 'txtSiparisNo_I']' in '30' second(s)

2021-11-23 16:40:36 - [MESSAGE][PASSED] - Keys 'UUC-SAT-1200001' sent to object: 'Object Repository/Olusturma/Genel/Kutular/SiparisBilgileri/SiparisNo'

2021-11-23 16:40:36 - [TEST_STEP][PASSED] - waitForElementClickable(findTestObject("Object Repository/Olusturma/Genel/Kutular/SiparisBilgileri/SiparisTarihiImage"), 10): Object 'Object Repository/Olusturma/Genel/Kutular/SiparisBilgileri/SiparisTarihiImage' is clickable

2021-11-23 16:40:36 - [MESSAGE][INFO] - Finding Test Object 'Object Repository/Olusturma/Genel/Kutular/SiparisBilgileri/SiparisTarihiImage'

2021-11-23 16:40:37 - [MESSAGE][INFO] - Checking object

2021-11-23 16:40:37 - [MESSAGE][INFO] - Checking timeout

2021-11-23 16:40:37 - [MESSAGE][INFO] - Finding web element from Test Object's properties

2021-11-23 16:40:37 - [MESSAGE][INFO] - Checking timeout

2021-11-23 16:40:37 - [MESSAGE][INFO] - Finding web element with id: 'Object Repository/Olusturma/Genel/Kutular/SiparisBilgileri/SiparisTarihiImage' located by 'By.cssSelector: #dateSiparisTarih img' in '10' second(s)

2021-11-23 16:40:37 - [MESSAGE][INFO] - Smart Wait Function is triggered

2021-11-23 16:40:37 - [MESSAGE][INFO] - Found 1 web elements with id: 'Object Repository/Olusturma/Genel/Kutular/SiparisBilgileri/SiparisTarihiImage' located by 'By.cssSelector: #dateSiparisTarih img' in '10' second(s)

2021-11-23 16:40:37 - [MESSAGE][PASSED] - Object 'Object Repository/Olusturma/Genel/Kutular/SiparisBilgileri/SiparisTarihiImage' is clickable

2021-11-23 16:40:37 - [TEST_STEP][PASSED] - click(findTestObject("Object Repository/Olusturma/Genel/Kutular/SiparisBilgileri/SiparisTarihiImage")): Object: 'Object Repository/Olusturma/Genel/Kutular/SiparisBilgileri/SiparisTarihiImage' is clicked on

2021-11-23 16:40:37 - [MESSAGE][INFO] - Finding Test Object 'Object Repository/Olusturma/Genel/Kutular/SiparisBilgileri/SiparisTarihiImage'

2021-11-23 16:40:37 - [MESSAGE][INFO] - Checking object

2021-11-23 16:40:37 - [MESSAGE][INFO] - Finding web element from Test Object's properties

2021-11-23 16:40:37 - [MESSAGE][INFO] - Checking timeout

2021-11-23 16:40:37 - [MESSAGE][INFO] - Finding web element with id: 'Object Repository/Olusturma/Genel/Kutular/SiparisBilgileri/SiparisTarihiImage' located by 'By.cssSelector: #dateSiparisTarih img' in '30' second(s)

2021-11-23 16:40:37 - [MESSAGE][INFO] - Smart Wait Function is triggered

2021-11-23 16:40:37 - [MESSAGE][INFO] - Found 1 web elements with id: 'Object Repository/Olusturma/Genel/Kutular/SiparisBilgileri/SiparisTarihiImage' located by 'By.cssSelector: #dateSiparisTarih img' in '30' second(s)

2021-11-23 16:40:37 - [MESSAGE][INFO] - Clicking on object: 'Object Repository/Olusturma/Genel/Kutular/SiparisBilgileri/SiparisTarihiImage'

2021-11-23 16:40:37 - [MESSAGE][PASSED] - Object: 'Object Repository/Olusturma/Genel/Kutular/SiparisBilgileri/SiparisTarihiImage' is clicked on

2021-11-23 16:40:37 - [TEST_STEP][PASSED] - waitForElementPresent(findTestObject("Object Repository/Olusturma/Genel/Kutular/SiparisBilgileri/SiparisTarihi"), 10): Object 'Object Repository/Olusturma/Genel/Kutular/SiparisBilgileri/SiparisTarihi' is present

2021-11-23 16:40:37 - [MESSAGE][INFO] - Finding Test Object 'Object Repository/Olusturma/Genel/Kutular/SiparisBilgileri/SiparisTarihi'

2021-11-23 16:40:37 - [MESSAGE][INFO] - Checking object

2021-11-23 16:40:37 - [MESSAGE][INFO] - Finding web element from Test Object's properties

2021-11-23 16:40:37 - [MESSAGE][INFO] - Checking timeout

2021-11-23 16:40:37 - [MESSAGE][INFO] - Finding web element with id: 'Object Repository/Olusturma/Genel/Kutular/SiparisBilgileri/SiparisTarihi' located by 'By.xpath: //*[@id = 'dateSiparisTarih_I']' in '10' second(s)

2021-11-23 16:40:37 - [MESSAGE][INFO] - Smart Wait Function is triggered

2021-11-23 16:40:38 - [MESSAGE][INFO] - Found 1 web elements with id: 'Object Repository/Olusturma/Genel/Kutular/SiparisBilgileri/SiparisTarihi' located by 'By.xpath: //*[@id = 'dateSiparisTarih_I']' in '10' second(s)

2021-11-23 16:40:38 - [MESSAGE][PASSED] - Object 'Object Repository/Olusturma/Genel/Kutular/SiparisBilgileri/SiparisTarihi' is present

2021-11-23 16:40:38 - [TEST_STEP][PASSED] - clearText(findTestObject("Object Repository/Olusturma/Genel/Kutular/SiparisBilgileri/SiparisTarihi")): Text of object 'Object Repository/Olusturma/Genel/Kutular/SiparisBilgileri/SiparisTarihi' is cleared

2021-11-23 16:40:38 - [MESSAGE][INFO] - Finding Test Object 'Object Repository/Olusturma/Genel/Kutular/SiparisBilgileri/SiparisTarihi'

2021-11-23 16:40:38 - [MESSAGE][INFO] - Checking object

2021-11-23 16:40:38 - [MESSAGE][INFO] - Finding web element from Test Object's properties

2021-11-23 16:40:38 - [MESSAGE][INFO] - Checking timeout

2021-11-23 16:40:38 - [MESSAGE][INFO] - Finding web element with id: 'Object Repository/Olusturma/Genel/Kutular/SiparisBilgileri/SiparisTarihi' located by 'By.xpath: //*[@id = 'dateSiparisTarih_I']' in '30' second(s)

2021-11-23 16:40:38 - [MESSAGE][INFO] - Smart Wait Function is triggered

2021-11-23 16:40:38 - [MESSAGE][INFO] - Found 1 web elements with id: 'Object Repository/Olusturma/Genel/Kutular/SiparisBilgileri/SiparisTarihi' located by 'By.xpath: //*[@id = 'dateSiparisTarih_I']' in '30' second(s)

2021-11-23 16:40:38 - [MESSAGE][INFO] - Clearing text of object 'Object Repository/Olusturma/Genel/Kutular/SiparisBilgileri/SiparisTarihi'

2021-11-23 16:40:38 - [MESSAGE][PASSED] - Text of object 'Object Repository/Olusturma/Genel/Kutular/SiparisBilgileri/SiparisTarihi' is cleared

2021-11-23 16:40:38 - [TEST_STEP][PASSED] - sendKeys(findTestObject("Object Repository/Olusturma/Genel/Kutular/SiparisBilgileri/SiparisTarihi"), Tarih): Keys '31.04.2020' sent to object: 'Object Repository/Olusturma/Genel/Kutular/SiparisBilgileri/SiparisTarihi'

2021-11-23 16:40:38 - [MESSAGE][INFO] - Finding Test Object 'Object Repository/Olusturma/Genel/Kutular/SiparisBilgileri/SiparisTarihi'

2021-11-23 16:40:39 - [MESSAGE][INFO] - Sending keys '31.04.2020' to object: 'Object Repository/Olusturma/Genel/Kutular/SiparisBilgileri/SiparisTarihi'

2021-11-23 16:40:39 - [MESSAGE][INFO] - Finding web element from Test Object's properties

2021-11-23 16:40:39 - [MESSAGE][INFO] - Checking timeout

2021-11-23 16:40:39 - [MESSAGE][INFO] - Finding web element with id: 'Object Repository/Olusturma/Genel/Kutular/SiparisBilgileri/SiparisTarihi' located by 'By.xpath: //*[@id = 'dateSiparisTarih_I']' in '30' second(s)

2021-11-23 16:40:39 - [MESSAGE][INFO] - Smart Wait Function is triggered

2021-11-23 16:40:39 - [MESSAGE][INFO] - Found 1 web elements with id: 'Object Repository/Olusturma/Genel/Kutular/SiparisBilgileri/SiparisTarihi' located by 'By.xpath: //*[@id = 'dateSiparisTarih_I']' in '30' second(s)

2021-11-23 16:40:39 - [MESSAGE][PASSED] - Keys '31.04.2020' sent to object: 'Object Repository/Olusturma/Genel/Kutular/SiparisBilgileri/SiparisTarihi'

2021-11-23 16:40:39 - [MESSAGE][PASSED] - Call Test Case 'Test Cases/Olusturma/Genel/Kutular/SiparisBilgileriGirilir' successfully

2021-11-23 16:40:39 - [MESSAGE][INFO] - Checking called Test Case

2021-11-23 16:40:39 - [MESSAGE][INFO] - Starting to call Test Case 'Test Cases/Olusturma/Genel/Kutular/IrsaliyeBilgileri'

2021-11-23 16:40:39 - [TEST_CASE][PASSED] - Test Cases/Olusturma/Genel/Kutular/IrsaliyeBilgileri: Test Cases/Olusturma/Genel/Kutular/IrsaliyeBilgileri

2021-11-23 16:40:39 - [TEST_STEP][PASSED] - Method.TextDegerineEsitElementeTikla(findTestObject("Olusturma/Genel/Kutular/KapaliKutular"), "İrsaliye Bilgileri"): Method.TextDegerineEsitElementeTikla is PASSED

2021-11-23 16:40:39 - [MESSAGE][INFO] - Finding Test Object 'Object Repository/Olusturma/Genel/Kutular/KapaliKutular'

2021-11-23 16:40:39 - [MESSAGE][INFO] - Checking timeout

2021-11-23 16:40:39 - [MESSAGE][INFO] - Finding web element with id: 'Object Repository/Olusturma/Genel/Kutular/KapaliKutular' located by 'By.cssSelector: .dxnb-headerCollapsed>span' in '10' second(s)

2021-11-23 16:40:39 - [MESSAGE][INFO] - Smart Wait Function is triggered

2021-11-23 16:40:40 - [MESSAGE][INFO] - Found 8 web elements with id: 'Object Repository/Olusturma/Genel/Kutular/KapaliKutular' located by 'By.cssSelector: .dxnb-headerCollapsed>span' in '10' second(s)

2021-11-23 16:40:40 - [MESSAGE][PASSED] - Method.TextDegerineEsitElementeTikla is PASSED

2021-11-23 16:40:40 - [TEST_STEP][PASSED] - waitForElementClickable(findTestObject("Olusturma/Genel/Kutular/IrsaliyeBilgileri/Ekle"), 10): Object 'Object Repository/Olusturma/Genel/Kutular/IrsaliyeBilgileri/Ekle' is clickable

2021-11-23 16:40:40 - [MESSAGE][INFO] - Finding Test Object 'Object Repository/Olusturma/Genel/Kutular/IrsaliyeBilgileri/Ekle'

2021-11-23 16:40:40 - [MESSAGE][INFO] - Checking object

2021-11-23 16:40:40 - [MESSAGE][INFO] - Checking timeout

2021-11-23 16:40:40 - [MESSAGE][INFO] - Finding web element from Test Object's properties

2021-11-23 16:40:40 - [MESSAGE][INFO] - Checking timeout

2021-11-23 16:40:40 - [MESSAGE][INFO] - Finding web element with id: 'Object Repository/Olusturma/Genel/Kutular/IrsaliyeBilgileri/Ekle' located by 'By.xpath: //*[@id = 'DXEditorgvUserInvoiceBillsNewRowBtn']' in '10' second(s)

2021-11-23 16:40:40 - [MESSAGE][INFO] - Smart Wait Function is triggered

2021-11-23 16:40:40 - [MESSAGE][INFO] - Found 1 web elements with id: 'Object Repository/Olusturma/Genel/Kutular/IrsaliyeBilgileri/Ekle' located by 'By.xpath: //*[@id = 'DXEditorgvUserInvoiceBillsNewRowBtn']' in '10' second(s)

2021-11-23 16:40:40 - [MESSAGE][PASSED] - Object 'Object Repository/Olusturma/Genel/Kutular/IrsaliyeBilgileri/Ekle' is clickable

2021-11-23 16:40:40 - [TEST_STEP][PASSED] - click(findTestObject("Olusturma/Genel/Kutular/IrsaliyeBilgileri/Ekle")): Object: 'Object Repository/Olusturma/Genel/Kutular/IrsaliyeBilgileri/Ekle' is clicked on

2021-11-23 16:40:40 - [MESSAGE][INFO] - Finding Test Object 'Object Repository/Olusturma/Genel/Kutular/IrsaliyeBilgileri/Ekle'

2021-11-23 16:40:40 - [MESSAGE][INFO] - Checking object

2021-11-23 16:40:40 - [MESSAGE][INFO] - Finding web element from Test Object's properties

2021-11-23 16:40:40 - [MESSAGE][INFO] - Checking timeout

2021-11-23 16:40:40 - [MESSAGE][INFO] - Finding web element with id: 'Object Repository/Olusturma/Genel/Kutular/IrsaliyeBilgileri/Ekle' located by 'By.xpath: //*[@id = 'DXEditorgvUserInvoiceBillsNewRowBtn']' in '30' second(s)

2021-11-23 16:40:40 - [MESSAGE][INFO] - Smart Wait Function is triggered

2021-11-23 16:40:41 - [MESSAGE][INFO] - Found 1 web elements with id: 'Object Repository/Olusturma/Genel/Kutular/IrsaliyeBilgileri/Ekle' located by 'By.xpath: //*[@id = 'DXEditorgvUserInvoiceBillsNewRowBtn']' in '30' second(s)

2021-11-23 16:40:41 - [MESSAGE][INFO] - Clicking on object: 'Object Repository/Olusturma/Genel/Kutular/IrsaliyeBilgileri/Ekle'

2021-11-23 16:40:41 - [MESSAGE][PASSED] - Object: 'Object Repository/Olusturma/Genel/Kutular/IrsaliyeBilgileri/Ekle' is clicked on

2021-11-23 16:40:41 - [TEST_STEP][PASSED] - waitForElementPresent(findTestObject("Object Repository/Olusturma/Genel/Kutular/IrsaliyeBilgileri/IrsaliyeNumarasi"), 10): Object 'Object Repository/Olusturma/Genel/Kutular/IrsaliyeBilgileri/IrsaliyeNumarasi' is present

2021-11-23 16:40:41 - [MESSAGE][INFO] - Finding Test Object 'Object Repository/Olusturma/Genel/Kutular/IrsaliyeBilgileri/IrsaliyeNumarasi'

2021-11-23 16:40:41 - [MESSAGE][INFO] - Checking object

2021-11-23 16:40:41 - [MESSAGE][INFO] - Finding web element from Test Object's properties

2021-11-23 16:40:41 - [MESSAGE][INFO] - Checking timeout

2021-11-23 16:40:41 - [MESSAGE][INFO] - Finding web element with id: 'Object Repository/Olusturma/Genel/Kutular/IrsaliyeBilgileri/IrsaliyeNumarasi' located by 'By.xpath: //*[@id = 'gvUserInvoiceBills_DXEditor1_I']' in '10' second(s)

2021-11-23 16:40:41 - [MESSAGE][INFO] - Smart Wait Function is triggered

2021-11-23 16:40:41 - [MESSAGE][INFO] - Smart Wait Function is triggered

2021-11-23 16:40:42 - [MESSAGE][INFO] - Found 1 web elements with id: 'Object Repository/Olusturma/Genel/Kutular/IrsaliyeBilgileri/IrsaliyeNumarasi' located by 'By.xpath: //*[@id = 'gvUserInvoiceBills_DXEditor1_I']' in '10' second(s)

2021-11-23 16:40:42 - [MESSAGE][PASSED] - Object 'Object Repository/Olusturma/Genel/Kutular/IrsaliyeBilgileri/IrsaliyeNumarasi' is present

2021-11-23 16:40:42 - [TEST_STEP][PASSED] - clearText(findTestObject("Object Repository/Olusturma/Genel/Kutular/IrsaliyeBilgileri/IrsaliyeNumarasi")): Text of object 'Object Repository/Olusturma/Genel/Kutular/IrsaliyeBilgileri/IrsaliyeNumarasi' is cleared

2021-11-23 16:40:42 - [MESSAGE][INFO] - Finding Test Object 'Object Repository/Olusturma/Genel/Kutular/IrsaliyeBilgileri/IrsaliyeNumarasi'

2021-11-23 16:40:42 - [MESSAGE][INFO] - Checking object

2021-11-23 16:40:42 - [MESSAGE][INFO] - Finding web element from Test Object's properties

2021-11-23 16:40:42 - [MESSAGE][INFO] - Checking timeout

2021-11-23 16:40:42 - [MESSAGE][INFO] - Finding web element with id: 'Object Repository/Olusturma/Genel/Kutular/IrsaliyeBilgileri/IrsaliyeNumarasi' located by 'By.xpath: //*[@id = 'gvUserInvoiceBills_DXEditor1_I']' in '30' second(s)

2021-11-23 16:40:42 - [MESSAGE][INFO] - Smart Wait Function is triggered

2021-11-23 16:40:43 - [MESSAGE][INFO] - Found 1 web elements with id: 'Object Repository/Olusturma/Genel/Kutular/IrsaliyeBilgileri/IrsaliyeNumarasi' located by 'By.xpath: //*[@id = 'gvUserInvoiceBills_DXEditor1_I']' in '30' second(s)

2021-11-23 16:40:43 - [MESSAGE][INFO] - Clearing text of object 'Object Repository/Olusturma/Genel/Kutular/IrsaliyeBilgileri/IrsaliyeNumarasi'

2021-11-23 16:40:43 - [MESSAGE][PASSED] - Text of object 'Object Repository/Olusturma/Genel/Kutular/IrsaliyeBilgileri/IrsaliyeNumarasi' is cleared

2021-11-23 16:40:43 - [TEST_STEP][PASSED] - sendKeys(findTestObject("Object Repository/Olusturma/Genel/Kutular/IrsaliyeBilgileri/IrsaliyeNumarasi"), Numara): Keys 'AAAAAAAAAA' sent to object: 'Object Repository/Olusturma/Genel/Kutular/IrsaliyeBilgileri/IrsaliyeNumarasi'

2021-11-23 16:40:43 - [MESSAGE][INFO] - Finding Test Object 'Object Repository/Olusturma/Genel/Kutular/IrsaliyeBilgileri/IrsaliyeNumarasi'

2021-11-23 16:40:43 - [MESSAGE][INFO] - Sending keys 'AAAAAAAAAA' to object: 'Object Repository/Olusturma/Genel/Kutular/IrsaliyeBilgileri/IrsaliyeNumarasi'

2021-11-23 16:40:43 - [MESSAGE][INFO] - Finding web element from Test Object's properties

2021-11-23 16:40:43 - [MESSAGE][INFO] - Checking timeout

2021-11-23 16:40:43 - [MESSAGE][INFO] - Finding web element with id: 'Object Repository/Olusturma/Genel/Kutular/IrsaliyeBilgileri/IrsaliyeNumarasi' located by 'By.xpath: //*[@id = 'gvUserInvoiceBills_DXEditor1_I']' in '30' second(s)

2021-11-23 16:40:43 - [MESSAGE][INFO] - Smart Wait Function is triggered

2021-11-23 16:40:43 - [MESSAGE][INFO] - Found 1 web elements with id: 'Object Repository/Olusturma/Genel/Kutular/IrsaliyeBilgileri/IrsaliyeNumarasi' located by 'By.xpath: //*[@id = 'gvUserInvoiceBills_DXEditor1_I']' in '30' second(s)

2021-11-23 16:40:43 - [MESSAGE][PASSED] - Keys 'AAAAAAAAAA' sent to object: 'Object Repository/Olusturma/Genel/Kutular/IrsaliyeBilgileri/IrsaliyeNumarasi'

2021-11-23 16:40:43 - [TEST_STEP][PASSED] - waitForElementClickable(findTestObject("Object Repository/Olusturma/Genel/Kutular/IrsaliyeBilgileri/IrsaliyeTarihi"), 10): Object 'Object Repository/Olusturma/Genel/Kutular/IrsaliyeBilgileri/IrsaliyeTarihi' is clickable

2021-11-23 16:40:43 - [MESSAGE][INFO] - Finding Test Object 'Object Repository/Olusturma/Genel/Kutular/IrsaliyeBilgileri/IrsaliyeTarihi'

2021-11-23 16:40:43 - [MESSAGE][INFO] - Checking object

2021-11-23 16:40:43 - [MESSAGE][INFO] - Checking timeout

2021-11-23 16:40:43 - [MESSAGE][INFO] - Finding web element from Test Object's properties

2021-11-23 16:40:43 - [MESSAGE][INFO] - Checking timeout

2021-11-23 16:40:43 - [MESSAGE][INFO] - Finding web element with id: 'Object Repository/Olusturma/Genel/Kutular/IrsaliyeBilgileri/IrsaliyeTarihi' located by 'By.xpath: //*[@id = 'gvUserInvoiceBills_DXEditor2_I']' in '10' second(s)

2021-11-23 16:40:43 - [MESSAGE][INFO] - Smart Wait Function is triggered

2021-11-23 16:40:44 - [MESSAGE][INFO] - Found 1 web elements with id: 'Object Repository/Olusturma/Genel/Kutular/IrsaliyeBilgileri/IrsaliyeTarihi' located by 'By.xpath: //*[@id = 'gvUserInvoiceBills_DXEditor2_I']' in '10' second(s)

2021-11-23 16:40:44 - [MESSAGE][PASSED] - Object 'Object Repository/Olusturma/Genel/Kutular/IrsaliyeBilgileri/IrsaliyeTarihi' is clickable

2021-11-23 16:40:44 - [TEST_STEP][PASSED] - click(findTestObject("Object Repository/Olusturma/Genel/Kutular/IrsaliyeBilgileri/IrsaliyeTarihi")): Object: 'Object Repository/Olusturma/Genel/Kutular/IrsaliyeBilgileri/IrsaliyeTarihi' is clicked on

2021-11-23 16:40:44 - [MESSAGE][INFO] - Finding Test Object 'Object Repository/Olusturma/Genel/Kutular/IrsaliyeBilgileri/IrsaliyeTarihi'

2021-11-23 16:40:44 - [MESSAGE][INFO] - Checking object

2021-11-23 16:40:44 - [MESSAGE][INFO] - Finding web element from Test Object's properties

2021-11-23 16:40:44 - [MESSAGE][INFO] - Checking timeout

2021-11-23 16:40:44 - [MESSAGE][INFO] - Finding web element with id: 'Object Repository/Olusturma/Genel/Kutular/IrsaliyeBilgileri/IrsaliyeTarihi' located by 'By.xpath: //*[@id = 'gvUserInvoiceBills_DXEditor2_I']' in '30' second(s)

2021-11-23 16:40:44 - [MESSAGE][INFO] - Smart Wait Function is triggered

2021-11-23 16:40:44 - [MESSAGE][INFO] - Found 1 web elements with id: 'Object Repository/Olusturma/Genel/Kutular/IrsaliyeBilgileri/IrsaliyeTarihi' located by 'By.xpath: //*[@id = 'gvUserInvoiceBills_DXEditor2_I']' in '30' second(s)

2021-11-23 16:40:44 - [MESSAGE][INFO] - Clicking on object: 'Object Repository/Olusturma/Genel/Kutular/IrsaliyeBilgileri/IrsaliyeTarihi'

2021-11-23 16:40:44 - [MESSAGE][PASSED] - Object: 'Object Repository/Olusturma/Genel/Kutular/IrsaliyeBilgileri/IrsaliyeTarihi' is clicked on

2021-11-23 16:40:44 - [TEST_STEP][PASSED] - sendKeys(findTestObject("Object Repository/Olusturma/Genel/Kutular/IrsaliyeBilgileri/IrsaliyeTarihi"), Tarih): Keys '31.04.2020' sent to object: 'Object Repository/Olusturma/Genel/Kutular/IrsaliyeBilgileri/IrsaliyeTarihi'

2021-11-23 16:40:44 - [MESSAGE][INFO] - Finding Test Object 'Object Repository/Olusturma/Genel/Kutular/IrsaliyeBilgileri/IrsaliyeTarihi'

2021-11-23 16:40:44 - [MESSAGE][INFO] - Sending keys '31.04.2020' to object: 'Object Repository/Olusturma/Genel/Kutular/IrsaliyeBilgileri/IrsaliyeTarihi'

2021-11-23 16:40:44 - [MESSAGE][INFO] - Finding web element from Test Object's properties

2021-11-23 16:40:44 - [MESSAGE][INFO] - Checking timeout

2021-11-23 16:40:44 - [MESSAGE][INFO] - Finding web element with id: 'Object Repository/Olusturma/Genel/Kutular/IrsaliyeBilgileri/IrsaliyeTarihi' located by 'By.xpath: //*[@id = 'gvUserInvoiceBills_DXEditor2_I']' in '30' second(s)

2021-11-23 16:40:44 - [MESSAGE][INFO] - Smart Wait Function is triggered

2021-11-23 16:40:45 - [MESSAGE][INFO] - Found 1 web elements with id: 'Object Repository/Olusturma/Genel/Kutular/IrsaliyeBilgileri/IrsaliyeTarihi' located by 'By.xpath: //*[@id = 'gvUserInvoiceBills_DXEditor2_I']' in '30' second(s)

2021-11-23 16:40:45 - [MESSAGE][PASSED] - Keys '31.04.2020' sent to object: 'Object Repository/Olusturma/Genel/Kutular/IrsaliyeBilgileri/IrsaliyeTarihi'

2021-11-23 16:40:45 - [MESSAGE][PASSED] - Call Test Case 'Test Cases/Olusturma/Genel/Kutular/IrsaliyeBilgileri' successfully

2021-11-23 16:40:45 - [MESSAGE][INFO] - Checking called Test Case

2021-11-23 16:40:45 - [MESSAGE][INFO] - Starting to call Test Case 'Test Cases/Olusturma/Genel/EkleButonunaBasilir'

2021-11-23 16:40:45 - [TEST_CASE][PASSED] - Test Cases/Olusturma/Genel/EkleButonunaBasilir: Test Cases/Olusturma/Genel/EkleButonunaBasilir

2021-11-23 16:40:45 - [TEST_STEP][PASSED] - waitForElementClickable(findTestObject("Object Repository/Olusturma/Genel/Olusturma/Ekle"), 10): Object 'Object Repository/Olusturma/Genel/Olusturma/Ekle' is clickable

2021-11-23 16:40:45 - [MESSAGE][INFO] - Finding Test Object 'Object Repository/Olusturma/Genel/Olusturma/Ekle'

2021-11-23 16:40:45 - [MESSAGE][INFO] - Checking object

2021-11-23 16:40:45 - [MESSAGE][INFO] - Checking timeout

2021-11-23 16:40:45 - [MESSAGE][INFO] - Finding web element from Test Object's properties

2021-11-23 16:40:45 - [MESSAGE][INFO] - Checking timeout

2021-11-23 16:40:45 - [MESSAGE][INFO] - Finding web element with id: 'Object Repository/Olusturma/Genel/Olusturma/Ekle' located by 'By.cssSelector: #divmalhizmet i.fa.fa-plus.fa-lg.text-muted' in '10' second(s)

2021-11-23 16:40:45 - [MESSAGE][INFO] - Smart Wait Function is triggered

2021-11-23 16:40:45 - [MESSAGE][INFO] - Found 1 web elements with id: 'Object Repository/Olusturma/Genel/Olusturma/Ekle' located by 'By.cssSelector: #divmalhizmet i.fa.fa-plus.fa-lg.text-muted' in '10' second(s)

2021-11-23 16:40:45 - [MESSAGE][PASSED] - Object 'Object Repository/Olusturma/Genel/Olusturma/Ekle' is clickable

2021-11-23 16:40:45 - [TEST_STEP][PASSED] - click(findTestObject("Object Repository/Olusturma/Genel/Olusturma/Ekle")): Object: 'Object Repository/Olusturma/Genel/Olusturma/Ekle' is clicked on

2021-11-23 16:40:45 - [MESSAGE][INFO] - Finding Test Object 'Object Repository/Olusturma/Genel/Olusturma/Ekle'

2021-11-23 16:40:46 - [MESSAGE][INFO] - Checking object

2021-11-23 16:40:46 - [MESSAGE][INFO] - Finding web element from Test Object's properties

2021-11-23 16:40:46 - [MESSAGE][INFO] - Checking timeout

2021-11-23 16:40:46 - [MESSAGE][INFO] - Finding web element with id: 'Object Repository/Olusturma/Genel/Olusturma/Ekle' located by 'By.cssSelector: #divmalhizmet i.fa.fa-plus.fa-lg.text-muted' in '30' second(s)

2021-11-23 16:40:46 - [MESSAGE][INFO] - Smart Wait Function is triggered

2021-11-23 16:40:46 - [MESSAGE][INFO] - Found 1 web elements with id: 'Object Repository/Olusturma/Genel/Olusturma/Ekle' located by 'By.cssSelector: #divmalhizmet i.fa.fa-plus.fa-lg.text-muted' in '30' second(s)

2021-11-23 16:40:46 - [MESSAGE][INFO] - Clicking on object: 'Object Repository/Olusturma/Genel/Olusturma/Ekle'

2021-11-23 16:40:46 - [MESSAGE][PASSED] - Object: 'Object Repository/Olusturma/Genel/Olusturma/Ekle' is clicked on

2021-11-23 16:40:46 - [TEST_STEP][PASSED] - waitForElementClickable(findTestObject("Olusturma/Genel/Olusturma/EklenenSatirCarpiImage"), 10): Object 'Object Repository/Olusturma/Genel/Olusturma/EklenenSatirCarpiImage' is clickable

2021-11-23 16:40:46 - [MESSAGE][INFO] - Finding Test Object 'Object Repository/Olusturma/Genel/Olusturma/EklenenSatirCarpiImage'

2021-11-23 16:40:46 - [MESSAGE][INFO] - Checking object

2021-11-23 16:40:46 - [MESSAGE][INFO] - Checking timeout

2021-11-23 16:40:46 - [MESSAGE][INFO] - Finding web element from Test Object's properties

2021-11-23 16:40:46 - [MESSAGE][INFO] - Checking timeout

2021-11-23 16:40:46 - [MESSAGE][INFO] - Finding web element with id: 'Object Repository/Olusturma/Genel/Olusturma/EklenenSatirCarpiImage' located by 'By.cssSelector: .fa.fa-times.fa-lg.text-primary' in '10' second(s)

2021-11-23 16:40:46 - [MESSAGE][INFO] - Smart Wait Function is triggered

2021-11-23 16:40:46 - [MESSAGE][INFO] - Found 1 web elements with id: 'Object Repository/Olusturma/Genel/Olusturma/EklenenSatirCarpiImage' located by 'By.cssSelector: .fa.fa-times.fa-lg.text-primary' in '10' second(s)

2021-11-23 16:40:46 - [MESSAGE][PASSED] - Object 'Object Repository/Olusturma/Genel/Olusturma/EklenenSatirCarpiImage' is clickable

2021-11-23 16:40:46 - [MESSAGE][PASSED] - Call Test Case 'Test Cases/Olusturma/Genel/EkleButonunaBasilir' successfully

2021-11-23 16:40:46 - [MESSAGE][INFO] - Checking called Test Case

2021-11-23 16:40:46 - [MESSAGE][INFO] - Starting to call Test Case 'Test Cases/Olusturma/Genel/Olusturma'

2021-11-23 16:40:46 - [TEST_CASE][PASSED] - Test Cases/Olusturma/Genel/Olusturma: Test Cases/Olusturma/Genel/Olusturma

2021-11-23 16:40:46 - [TEST_STEP][PASSED] - driver = getWebDriver(): null

2021-11-23 16:40:46 - [TEST_STEP][PASSED] - action = new org.openqa.selenium.interactions.Actions(driver): null

2021-11-23 16:40:46 - [TEST_STEP][PASSED] - baslikElement = <not implemented yet for class: org.codehaus.groovy.ast.expr.EmptyExpression>: null

2021-11-23 16:40:46 - [TEST_STEP][PASSED] - sonElement = <not implemented yet for class: org.codehaus.groovy.ast.expr.EmptyExpression>: null

2021-11-23 16:40:46 - [TEST_STEP][PASSED] - attr = <not implemented yet for class: org.codehaus.groovy.ast.expr.EmptyExpression>: null

2021-11-23 16:40:46 - [TEST_STEP][PASSED] - a = 0: null

2021-11-23 16:40:46 - [TEST_STEP][PASSED] - elements = findWebElements(findTestObject("Object Repository/Olusturma/Genel/Olusturma/TabloBasliklari"), 10): Found 13 web elements with id: 'Object Repository/Olusturma/Genel/Olusturma/TabloBasliklari' located by 'By.cssSelector: div#divmalhizmet .dxgvTable_LECustomTheme td.dxgvHeader_LECustomTheme tr>td:nth-child(1)' in '10' second(s)

2021-11-23 16:40:46 - [MESSAGE][INFO] - Finding Test Object 'Object Repository/Olusturma/Genel/Olusturma/TabloBasliklari'

2021-11-23 16:40:47 - [MESSAGE][INFO] - Checking timeout

2021-11-23 16:40:47 - [MESSAGE][INFO] - Finding web element with id: 'Object Repository/Olusturma/Genel/Olusturma/TabloBasliklari' located by 'By.cssSelector: div#divmalhizmet .dxgvTable_LECustomTheme td.dxgvHeader_LECustomTheme tr>td:nth-child(1)' in '10' second(s)

2021-11-23 16:40:47 - [MESSAGE][INFO] - Smart Wait Function is triggered

2021-11-23 16:40:48 - [MESSAGE][INFO] - Found 13 web elements with id: 'Object Repository/Olusturma/Genel/Olusturma/TabloBasliklari' located by 'By.cssSelector: div#divmalhizmet .dxgvTable_LECustomTheme td.dxgvHeader_LECustomTheme tr>td:nth-child(1)' in '10' second(s)

2021-11-23 16:40:48 - [TEST_STEP][PASSED] - for (def element : elements): null

2021-11-23 16:40:48 - [TEST_STEP][PASSED] - build().perform(): null

2021-11-23 16:40:48 - [TEST_STEP][PASSED] - if (getText().equals(Baslik)): null

2021-11-23 16:40:48 - [TEST_STEP][PASSED] - baslikElement = element.findElement(By.xpath("../../../..")): Smart Wait Function is triggered

2021-11-23 16:40:48 - [MESSAGE][INFO] - Smart Wait Function is triggered

2021-11-23 16:40:48 - [TEST_STEP][PASSED] - attr = baslikElement.getAttribute("id"): null

2021-11-23 16:40:48 - [TEST_STEP][PASSED] - println("girdi ve idsini aldı = " + attr): null

2021-11-23 16:40:48 - [TEST_STEP][PASSED] - break: null

2021-11-23 16:40:48 - [TEST_STEP][PASSED] - countElement = baslikElement.findElements(By.xpath("../td")): Smart Wait Function is triggered

2021-11-23 16:40:48 - [MESSAGE][INFO] - Smart Wait Function is triggered

2021-11-23 16:40:49 - [TEST_STEP][PASSED] - for (def element : countElement): null

2021-11-23 16:40:49 - [TEST_STEP][PASSED] - if (toString().equals(attr.toString())): null

2021-11-23 16:40:49 - [TEST_STEP][PASSED] - (a++): null

2021-11-23 16:40:49 - [TEST_STEP][PASSED] - if (toString().equals(attr.toString())): null

2021-11-23 16:40:49 - [TEST_STEP][PASSED] - break: null

2021-11-23 16:40:49 - [TEST_STEP][PASSED] - son = findWebElement(findTestObject("Object Repository/Olusturma/Genel/Olusturma/EklenenSatir")).findElement(By.xpath("td[@class='dxgvInlineEditCell_LECustomTheme dxgv'][" + a + "]//td[@class='dxic']/input")): Smart Wait Function is triggered

2021-11-23 16:40:49 - [MESSAGE][INFO] - Finding Test Object 'Object Repository/Olusturma/Genel/Olusturma/EklenenSatir'

2021-11-23 16:40:49 - [MESSAGE][INFO] - Finding web element from Test Object's properties

2021-11-23 16:40:49 - [MESSAGE][INFO] - Checking timeout

2021-11-23 16:40:49 - [MESSAGE][INFO] - Finding web element with id: 'Object Repository/Olusturma/Genel/Olusturma/EklenenSatir' located by 'By.cssSelector: #divmalhizmet .dxgvInlineEditRow_LECustomTheme' in '30' second(s)

2021-11-23 16:40:49 - [MESSAGE][INFO] - Smart Wait Function is triggered

2021-11-23 16:40:49 - [MESSAGE][INFO] - Found 1 web elements with id: 'Object Repository/Olusturma/Genel/Olusturma/EklenenSatir' located by 'By.cssSelector: #divmalhizmet .dxgvInlineEditRow_LECustomTheme' in '30' second(s)

2021-11-23 16:40:49 - [MESSAGE][INFO] - Smart Wait Function is triggered

2021-11-23 16:40:49 - [TEST_STEP][PASSED] - if (!(getAttribute("value").contains("Vkn"))): null

2021-11-23 16:40:49 - [TEST_STEP][PASSED] - son.clear(): null

2021-11-23 16:40:49 - [TEST_STEP][PASSED] - son.sendKeys(Deger): null

2021-11-23 16:40:49 - [MESSAGE][PASSED] - Call Test Case 'Test Cases/Olusturma/Genel/Olusturma' successfully

2021-11-23 16:40:49 - [MESSAGE][INFO] - Checking called Test Case

2021-11-23 16:40:49 - [MESSAGE][INFO] - Starting to call Test Case 'Test Cases/Olusturma/Genel/Olusturma'

2021-11-23 16:40:50 - [TEST_CASE][PASSED] - Test Cases/Olusturma/Genel/Olusturma: Test Cases/Olusturma/Genel/Olusturma

2021-11-23 16:40:50 - [TEST_STEP][PASSED] - driver = getWebDriver(): null

2021-11-23 16:40:50 - [TEST_STEP][PASSED] - action = new org.openqa.selenium.interactions.Actions(driver): null

2021-11-23 16:40:50 - [TEST_STEP][PASSED] - baslikElement = <not implemented yet for class: org.codehaus.groovy.ast.expr.EmptyExpression>: null

2021-11-23 16:40:50 - [TEST_STEP][PASSED] - sonElement = <not implemented yet for class: org.codehaus.groovy.ast.expr.EmptyExpression>: null

2021-11-23 16:40:50 - [TEST_STEP][PASSED] - attr = <not implemented yet for class: org.codehaus.groovy.ast.expr.EmptyExpression>: null

2021-11-23 16:40:50 - [TEST_STEP][PASSED] - a = 0: null

2021-11-23 16:40:50 - [TEST_STEP][PASSED] - elements = findWebElements(findTestObject("Object Repository/Olusturma/Genel/Olusturma/TabloBasliklari"), 10): Found 13 web elements with id: 'Object Repository/Olusturma/Genel/Olusturma/TabloBasliklari' located by 'By.cssSelector: div#divmalhizmet .dxgvTable_LECustomTheme td.dxgvHeader_LECustomTheme tr>td:nth-child(1)' in '10' second(s)

2021-11-23 16:40:50 - [MESSAGE][INFO] - Finding Test Object 'Object Repository/Olusturma/Genel/Olusturma/TabloBasliklari'

2021-11-23 16:40:50 - [MESSAGE][INFO] - Checking timeout

2021-11-23 16:40:50 - [MESSAGE][INFO] - Finding web element with id: 'Object Repository/Olusturma/Genel/Olusturma/TabloBasliklari' located by 'By.cssSelector: div#divmalhizmet .dxgvTable_LECustomTheme td.dxgvHeader_LECustomTheme tr>td:nth-child(1)' in '10' second(s)

2021-11-23 16:40:50 - [MESSAGE][INFO] - Smart Wait Function is triggered

2021-11-23 16:40:50 - [MESSAGE][INFO] - Found 13 web elements with id: 'Object Repository/Olusturma/Genel/Olusturma/TabloBasliklari' located by 'By.cssSelector: div#divmalhizmet .dxgvTable_LECustomTheme td.dxgvHeader_LECustomTheme tr>td:nth-child(1)' in '10' second(s)

2021-11-23 16:40:50 - [TEST_STEP][PASSED] - for (def element : elements): null

2021-11-23 16:40:50 - [TEST_STEP][PASSED] - build().perform(): null

2021-11-23 16:40:50 - [TEST_STEP][PASSED] - if (getText().equals(Baslik)): null

2021-11-23 16:40:50 - [TEST_STEP][PASSED] - build().perform(): null

2021-11-23 16:40:50 - [TEST_STEP][PASSED] - if (getText().equals(Baslik)): null

2021-11-23 16:40:50 - [TEST_STEP][PASSED] - baslikElement = element.findElement(By.xpath("../../../..")): Smart Wait Function is triggered

2021-11-23 16:40:50 - [MESSAGE][INFO] - Smart Wait Function is triggered

2021-11-23 16:40:51 - [TEST_STEP][PASSED] - attr = baslikElement.getAttribute("id"): null

2021-11-23 16:40:51 - [TEST_STEP][PASSED] - println("girdi ve idsini aldı = " + attr): null

2021-11-23 16:40:51 - [TEST_STEP][PASSED] - break: null

2021-11-23 16:40:51 - [TEST_STEP][PASSED] - countElement = baslikElement.findElements(By.xpath("../td")): Smart Wait Function is triggered

2021-11-23 16:40:51 - [MESSAGE][INFO] - Smart Wait Function is triggered

2021-11-23 16:40:51 - [TEST_STEP][PASSED] - for (def element : countElement): null

2021-11-23 16:40:51 - [TEST_STEP][PASSED] - if (toString().equals(attr.toString())): null

2021-11-23 16:40:51 - [TEST_STEP][PASSED] - (a++): null

2021-11-23 16:40:51 - [TEST_STEP][PASSED] - if (toString().equals(attr.toString())): null

2021-11-23 16:40:51 - [TEST_STEP][PASSED] - (a++): null

2021-11-23 16:40:51 - [TEST_STEP][PASSED] - if (toString().equals(attr.toString())): null

2021-11-23 16:40:51 - [TEST_STEP][PASSED] - break: null

2021-11-23 16:40:51 - [TEST_STEP][PASSED] - son = findWebElement(findTestObject("Object Repository/Olusturma/Genel/Olusturma/EklenenSatir")).findElement(By.xpath("td[@class='dxgvInlineEditCell_LECustomTheme dxgv'][" + a + "]//td[@class='dxic']/input")): Smart Wait Function is triggered

2021-11-23 16:40:51 - [MESSAGE][INFO] - Finding Test Object 'Object Repository/Olusturma/Genel/Olusturma/EklenenSatir'

2021-11-23 16:40:51 - [MESSAGE][INFO] - Finding web element from Test Object's properties

2021-11-23 16:40:51 - [MESSAGE][INFO] - Checking timeout

2021-11-23 16:40:51 - [MESSAGE][INFO] - Finding web element with id: 'Object Repository/Olusturma/Genel/Olusturma/EklenenSatir' located by 'By.cssSelector: #divmalhizmet .dxgvInlineEditRow_LECustomTheme' in '30' second(s)

2021-11-23 16:40:51 - [MESSAGE][INFO] - Smart Wait Function is triggered

2021-11-23 16:40:51 - [MESSAGE][INFO] - Found 1 web elements with id: 'Object Repository/Olusturma/Genel/Olusturma/EklenenSatir' located by 'By.cssSelector: #divmalhizmet .dxgvInlineEditRow_LECustomTheme' in '30' second(s)

2021-11-23 16:40:51 - [MESSAGE][INFO] - Smart Wait Function is triggered

2021-11-23 16:40:52 - [TEST_STEP][PASSED] - if (!(getAttribute("value").contains("Vkn"))): null

2021-11-23 16:40:52 - [TEST_STEP][PASSED] - son.clear(): null

2021-11-23 16:40:52 - [TEST_STEP][PASSED] - son.sendKeys(Deger): null

2021-11-23 16:40:52 - [MESSAGE][PASSED] - Call Test Case 'Test Cases/Olusturma/Genel/Olusturma' successfully

2021-11-23 16:40:52 - [MESSAGE][INFO] - Checking called Test Case

2021-11-23 16:40:52 - [MESSAGE][INFO] - Starting to call Test Case 'Test Cases/Olusturma/Genel/Olusturma'

2021-11-23 16:40:52 - [TEST_CASE][PASSED] - Test Cases/Olusturma/Genel/Olusturma: Test Cases/Olusturma/Genel/Olusturma

2021-11-23 16:40:52 - [TEST_STEP][PASSED] - driver = getWebDriver(): null

2021-11-23 16:40:52 - [TEST_STEP][PASSED] - action = new org.openqa.selenium.interactions.Actions(driver): null

2021-11-23 16:40:52 - [TEST_STEP][PASSED] - baslikElement = <not implemented yet for class: org.codehaus.groovy.ast.expr.EmptyExpression>: null

2021-11-23 16:40:52 - [TEST_STEP][PASSED] - sonElement = <not implemented yet for class: org.codehaus.groovy.ast.expr.EmptyExpression>: null

2021-11-23 16:40:52 - [TEST_STEP][PASSED] - attr = <not implemented yet for class: org.codehaus.groovy.ast.expr.EmptyExpression>: null

2021-11-23 16:40:52 - [TEST_STEP][PASSED] - a = 0: null

2021-11-23 16:40:52 - [TEST_STEP][PASSED] - elements = findWebElements(findTestObject("Object Repository/Olusturma/Genel/Olusturma/TabloBasliklari"), 10): Found 13 web elements with id: 'Object Repository/Olusturma/Genel/Olusturma/TabloBasliklari' located by 'By.cssSelector: div#divmalhizmet .dxgvTable_LECustomTheme td.dxgvHeader_LECustomTheme tr>td:nth-child(1)' in '10' second(s)

2021-11-23 16:40:52 - [MESSAGE][INFO] - Finding Test Object 'Object Repository/Olusturma/Genel/Olusturma/TabloBasliklari'

2021-11-23 16:40:52 - [MESSAGE][INFO] - Checking timeout

2021-11-23 16:40:52 - [MESSAGE][INFO] - Finding web element with id: 'Object Repository/Olusturma/Genel/Olusturma/TabloBasliklari' located by 'By.cssSelector: div#divmalhizmet .dxgvTable_LECustomTheme td.dxgvHeader_LECustomTheme tr>td:nth-child(1)' in '10' second(s)

2021-11-23 16:40:52 - [MESSAGE][INFO] - Smart Wait Function is triggered

2021-11-23 16:40:52 - [MESSAGE][INFO] - Found 13 web elements with id: 'Object Repository/Olusturma/Genel/Olusturma/TabloBasliklari' located by 'By.cssSelector: div#divmalhizmet .dxgvTable_LECustomTheme td.dxgvHeader_LECustomTheme tr>td:nth-child(1)' in '10' second(s)

2021-11-23 16:40:52 - [TEST_STEP][PASSED] - for (def element : elements): null

2021-11-23 16:40:52 - [TEST_STEP][PASSED] - build().perform(): null

2021-11-23 16:40:52 - [TEST_STEP][PASSED] - if (getText().equals(Baslik)): null

2021-11-23 16:40:52 - [TEST_STEP][PASSED] - build().perform(): null

2021-11-23 16:40:52 - [TEST_STEP][PASSED] - if (getText().equals(Baslik)): null

2021-11-23 16:40:53 - [TEST_STEP][PASSED] - build().perform(): null

2021-11-23 16:40:53 - [TEST_STEP][PASSED] - if (getText().equals(Baslik)): null

2021-11-23 16:40:53 - [TEST_STEP][PASSED] - build().perform(): null

2021-11-23 16:40:53 - [TEST_STEP][PASSED] - if (getText().equals(Baslik)): null

2021-11-23 16:40:53 - [TEST_STEP][PASSED] - baslikElement = element.findElement(By.xpath("../../../..")): Smart Wait Function is triggered

2021-11-23 16:40:53 - [MESSAGE][INFO] - Smart Wait Function is triggered

2021-11-23 16:40:53 - [TEST_STEP][PASSED] - attr = baslikElement.getAttribute("id"): null

2021-11-23 16:40:53 - [TEST_STEP][PASSED] - println("girdi ve idsini aldı = " + attr): null

2021-11-23 16:40:53 - [TEST_STEP][PASSED] - break: null

2021-11-23 16:40:53 - [TEST_STEP][PASSED] - countElement = baslikElement.findElements(By.xpath("../td")): Smart Wait Function is triggered

2021-11-23 16:40:53 - [MESSAGE][INFO] - Smart Wait Function is triggered

2021-11-23 16:40:53 - [TEST_STEP][PASSED] - for (def element : countElement): null

2021-11-23 16:40:53 - [TEST_STEP][PASSED] - if (toString().equals(attr.toString())): null

2021-11-23 16:40:53 - [TEST_STEP][PASSED] - (a++): null

2021-11-23 16:40:53 - [TEST_STEP][PASSED] - if (toString().equals(attr.toString())): null

2021-11-23 16:40:53 - [TEST_STEP][PASSED] - (a++): null

2021-11-23 16:40:53 - [TEST_STEP][PASSED] - if (toString().equals(attr.toString())): null

2021-11-23 16:40:53 - [TEST_STEP][PASSED] - (a++): null

2021-11-23 16:40:53 - [TEST_STEP][PASSED] - if (toString().equals(attr.toString())): null

2021-11-23 16:40:53 - [TEST_STEP][PASSED] - (a++): null

2021-11-23 16:40:53 - [TEST_STEP][PASSED] - if (toString().equals(attr.toString())): null

2021-11-23 16:40:53 - [TEST_STEP][PASSED] - break: null

2021-11-23 16:40:53 - [TEST_STEP][PASSED] - son = findWebElement(findTestObject("Object Repository/Olusturma/Genel/Olusturma/EklenenSatir")).findElement(By.xpath("td[@class='dxgvInlineEditCell_LECustomTheme dxgv'][" + a + "]//td[@class='dxic']/input")): Smart Wait Function is triggered

2021-11-23 16:40:53 - [MESSAGE][INFO] - Finding Test Object 'Object Repository/Olusturma/Genel/Olusturma/EklenenSatir'

2021-11-23 16:40:54 - [MESSAGE][INFO] - Finding web element from Test Object's properties

2021-11-23 16:40:54 - [MESSAGE][INFO] - Checking timeout

2021-11-23 16:40:54 - [MESSAGE][INFO] - Finding web element with id: 'Object Repository/Olusturma/Genel/Olusturma/EklenenSatir' located by 'By.cssSelector: #divmalhizmet .dxgvInlineEditRow_LECustomTheme' in '30' second(s)

2021-11-23 16:40:54 - [MESSAGE][INFO] - Smart Wait Function is triggered

2021-11-23 16:40:54 - [MESSAGE][INFO] - Found 1 web elements with id: 'Object Repository/Olusturma/Genel/Olusturma/EklenenSatir' located by 'By.cssSelector: #divmalhizmet .dxgvInlineEditRow_LECustomTheme' in '30' second(s)

2021-11-23 16:40:54 - [MESSAGE][INFO] - Smart Wait Function is triggered

2021-11-23 16:40:54 - [TEST_STEP][PASSED] - if (!(getAttribute("value").contains("Vkn"))): null

2021-11-23 16:40:54 - [TEST_STEP][PASSED] - son.clear(): null

2021-11-23 16:40:54 - [TEST_STEP][PASSED] - son.sendKeys(Deger): null

2021-11-23 16:40:54 - [MESSAGE][PASSED] - Call Test Case 'Test Cases/Olusturma/Genel/Olusturma' successfully

2021-11-23 16:40:54 - [MESSAGE][INFO] - Checking called Test Case

2021-11-23 16:40:54 - [MESSAGE][INFO] - Starting to call Test Case 'Test Cases/Olusturma/Genel/Olusturma'

2021-11-23 16:40:55 - [TEST_CASE][PASSED] - Test Cases/Olusturma/Genel/Olusturma: Test Cases/Olusturma/Genel/Olusturma

2021-11-23 16:40:55 - [TEST_STEP][PASSED] - driver = getWebDriver(): null

2021-11-23 16:40:55 - [TEST_STEP][PASSED] - action = new org.openqa.selenium.interactions.Actions(driver): null

2021-11-23 16:40:55 - [TEST_STEP][PASSED] - baslikElement = <not implemented yet for class: org.codehaus.groovy.ast.expr.EmptyExpression>: null

2021-11-23 16:40:55 - [TEST_STEP][PASSED] - sonElement = <not implemented yet for class: org.codehaus.groovy.ast.expr.EmptyExpression>: null

2021-11-23 16:40:55 - [TEST_STEP][PASSED] - attr = <not implemented yet for class: org.codehaus.groovy.ast.expr.EmptyExpression>: null

2021-11-23 16:40:55 - [TEST_STEP][PASSED] - a = 0: null

2021-11-23 16:40:55 - [TEST_STEP][PASSED] - elements = findWebElements(findTestObject("Object Repository/Olusturma/Genel/Olusturma/TabloBasliklari"), 10): Found 13 web elements with id: 'Object Repository/Olusturma/Genel/Olusturma/TabloBasliklari' located by 'By.cssSelector: div#divmalhizmet .dxgvTable_LECustomTheme td.dxgvHeader_LECustomTheme tr>td:nth-child(1)' in '10' second(s)

2021-11-23 16:40:55 - [MESSAGE][INFO] - Finding Test Object 'Object Repository/Olusturma/Genel/Olusturma/TabloBasliklari'

2021-11-23 16:40:55 - [MESSAGE][INFO] - Checking timeout

2021-11-23 16:40:55 - [MESSAGE][INFO] - Finding web element with id: 'Object Repository/Olusturma/Genel/Olusturma/TabloBasliklari' located by 'By.cssSelector: div#divmalhizmet .dxgvTable_LECustomTheme td.dxgvHeader_LECustomTheme tr>td:nth-child(1)' in '10' second(s)

2021-11-23 16:40:55 - [MESSAGE][INFO] - Smart Wait Function is triggered

2021-11-23 16:40:55 - [MESSAGE][INFO] - Found 13 web elements with id: 'Object Repository/Olusturma/Genel/Olusturma/TabloBasliklari' located by 'By.cssSelector: div#divmalhizmet .dxgvTable_LECustomTheme td.dxgvHeader_LECustomTheme tr>td:nth-child(1)' in '10' second(s)

2021-11-23 16:40:55 - [TEST_STEP][PASSED] - for (def element : elements): null

2021-11-23 16:40:55 - [TEST_STEP][PASSED] - build().perform(): null

2021-11-23 16:40:55 - [TEST_STEP][PASSED] - if (getText().equals(Baslik)): null

2021-11-23 16:40:55 - [TEST_STEP][PASSED] - build().perform(): null

2021-11-23 16:40:55 - [TEST_STEP][PASSED] - if (getText().equals(Baslik)): null

2021-11-23 16:40:55 - [TEST_STEP][PASSED] - build().perform(): null

2021-11-23 16:40:55 - [TEST_STEP][PASSED] - if (getText().equals(Baslik)): null

2021-11-23 16:40:55 - [TEST_STEP][PASSED] - build().perform(): null

2021-11-23 16:40:55 - [TEST_STEP][PASSED] - if (getText().equals(Baslik)): null

2021-11-23 16:40:56 - [TEST_STEP][PASSED] - build().perform(): null

2021-11-23 16:40:56 - [TEST_STEP][PASSED] - if (getText().equals(Baslik)): null

2021-11-23 16:40:56 - [TEST_STEP][PASSED] - build().perform(): null

2021-11-23 16:40:56 - [TEST_STEP][PASSED] - if (getText().equals(Baslik)): null

2021-11-23 16:40:56 - [TEST_STEP][PASSED] - baslikElement = element.findElement(By.xpath("../../../..")): Smart Wait Function is triggered

2021-11-23 16:40:56 - [MESSAGE][INFO] - Smart Wait Function is triggered

2021-11-23 16:40:56 - [TEST_STEP][PASSED] - attr = baslikElement.getAttribute("id"): null

2021-11-23 16:40:56 - [TEST_STEP][PASSED] - println("girdi ve idsini aldı = " + attr): null

2021-11-23 16:40:56 - [TEST_STEP][PASSED] - break: null

2021-11-23 16:40:56 - [TEST_STEP][PASSED] - countElement = baslikElement.findElements(By.xpath("../td")): Smart Wait Function is triggered

2021-11-23 16:40:56 - [MESSAGE][INFO] - Smart Wait Function is triggered

2021-11-23 16:40:56 - [TEST_STEP][PASSED] - for (def element : countElement): null

2021-11-23 16:40:56 - [TEST_STEP][PASSED] - if (toString().equals(attr.toString())): null

2021-11-23 16:40:56 - [TEST_STEP][PASSED] - (a++): null

2021-11-23 16:40:56 - [TEST_STEP][PASSED] - if (toString().equals(attr.toString())): null

2021-11-23 16:40:56 - [TEST_STEP][PASSED] - (a++): null

2021-11-23 16:40:56 - [TEST_STEP][PASSED] - if (toString().equals(attr.toString())): null

2021-11-23 16:40:56 - [TEST_STEP][PASSED] - (a++): null

2021-11-23 16:40:56 - [TEST_STEP][PASSED] - if (toString().equals(attr.toString())): null

2021-11-23 16:40:56 - [TEST_STEP][PASSED] - (a++): null

2021-11-23 16:40:56 - [TEST_STEP][PASSED] - if (toString().equals(attr.toString())): null

2021-11-23 16:40:56 - [TEST_STEP][PASSED] - (a++): null

2021-11-23 16:40:56 - [TEST_STEP][PASSED] - if (toString().equals(attr.toString())): null

2021-11-23 16:40:56 - [TEST_STEP][PASSED] - (a++): null

2021-11-23 16:40:56 - [TEST_STEP][PASSED] - if (toString().equals(attr.toString())): null

2021-11-23 16:40:56 - [TEST_STEP][PASSED] - break: null

2021-11-23 16:40:56 - [TEST_STEP][PASSED] - son = findWebElement(findTestObject("Object Repository/Olusturma/Genel/Olusturma/EklenenSatir")).findElement(By.xpath("td[@class='dxgvInlineEditCell_LECustomTheme dxgv'][" + a + "]//td[@class='dxic']/input")): Smart Wait Function is triggered

2021-11-23 16:40:56 - [MESSAGE][INFO] - Finding Test Object 'Object Repository/Olusturma/Genel/Olusturma/EklenenSatir'

2021-11-23 16:40:57 - [MESSAGE][INFO] - Finding web element from Test Object's properties

2021-11-23 16:40:57 - [MESSAGE][INFO] - Checking timeout

2021-11-23 16:40:57 - [MESSAGE][INFO] - Finding web element with id: 'Object Repository/Olusturma/Genel/Olusturma/EklenenSatir' located by 'By.cssSelector: #divmalhizmet .dxgvInlineEditRow_LECustomTheme' in '30' second(s)

2021-11-23 16:40:57 - [MESSAGE][INFO] - Smart Wait Function is triggered

2021-11-23 16:40:57 - [MESSAGE][INFO] - Found 1 web elements with id: 'Object Repository/Olusturma/Genel/Olusturma/EklenenSatir' located by 'By.cssSelector: #divmalhizmet .dxgvInlineEditRow_LECustomTheme' in '30' second(s)

2021-11-23 16:40:57 - [MESSAGE][INFO] - Smart Wait Function is triggered

2021-11-23 16:40:57 - [TEST_STEP][PASSED] - if (!(getAttribute("value").contains("Vkn"))): null

2021-11-23 16:40:57 - [TEST_STEP][PASSED] - son.clear(): null

2021-11-23 16:40:57 - [TEST_STEP][PASSED] - son.sendKeys(Deger): null

2021-11-23 16:40:57 - [MESSAGE][PASSED] - Call Test Case 'Test Cases/Olusturma/Genel/Olusturma' successfully

2021-11-23 16:40:57 - [MESSAGE][INFO] - Checking called Test Case

2021-11-23 16:40:57 - [MESSAGE][INFO] - Starting to call Test Case 'Test Cases/Olusturma/Genel/Olusturma'

2021-11-23 16:40:58 - [TEST_CASE][PASSED] - Test Cases/Olusturma/Genel/Olusturma: Test Cases/Olusturma/Genel/Olusturma

2021-11-23 16:40:58 - [TEST_STEP][PASSED] - driver = getWebDriver(): null

2021-11-23 16:40:58 - [TEST_STEP][PASSED] - action = new org.openqa.selenium.interactions.Actions(driver): null

2021-11-23 16:40:58 - [TEST_STEP][PASSED] - baslikElement = <not implemented yet for class: org.codehaus.groovy.ast.expr.EmptyExpression>: null

2021-11-23 16:40:58 - [TEST_STEP][PASSED] - sonElement = <not implemented yet for class: org.codehaus.groovy.ast.expr.EmptyExpression>: null

2021-11-23 16:40:58 - [TEST_STEP][PASSED] - attr = <not implemented yet for class: org.codehaus.groovy.ast.expr.EmptyExpression>: null

2021-11-23 16:40:58 - [TEST_STEP][PASSED] - a = 0: null

2021-11-23 16:40:58 - [TEST_STEP][PASSED] - elements = findWebElements(findTestObject("Object Repository/Olusturma/Genel/Olusturma/TabloBasliklari"), 10): Found 13 web elements with id: 'Object Repository/Olusturma/Genel/Olusturma/TabloBasliklari' located by 'By.cssSelector: div#divmalhizmet .dxgvTable_LECustomTheme td.dxgvHeader_LECustomTheme tr>td:nth-child(1)' in '10' second(s)

2021-11-23 16:40:58 - [MESSAGE][INFO] - Finding Test Object 'Object Repository/Olusturma/Genel/Olusturma/TabloBasliklari'

2021-11-23 16:40:58 - [MESSAGE][INFO] - Checking timeout

2021-11-23 16:40:58 - [MESSAGE][INFO] - Finding web element with id: 'Object Repository/Olusturma/Genel/Olusturma/TabloBasliklari' located by 'By.cssSelector: div#divmalhizmet .dxgvTable_LECustomTheme td.dxgvHeader_LECustomTheme tr>td:nth-child(1)' in '10' second(s)

2021-11-23 16:40:58 - [MESSAGE][INFO] - Smart Wait Function is triggered

2021-11-23 16:40:58 - [MESSAGE][INFO] - Found 13 web elements with id: 'Object Repository/Olusturma/Genel/Olusturma/TabloBasliklari' located by 'By.cssSelector: div#divmalhizmet .dxgvTable_LECustomTheme td.dxgvHeader_LECustomTheme tr>td:nth-child(1)' in '10' second(s)

2021-11-23 16:40:58 - [TEST_STEP][PASSED] - for (def element : elements): null

2021-11-23 16:40:58 - [TEST_STEP][PASSED] - build().perform(): null

2021-11-23 16:40:58 - [TEST_STEP][PASSED] - if (getText().equals(Baslik)): null

2021-11-23 16:40:58 - [TEST_STEP][PASSED] - build().perform(): null

2021-11-23 16:40:58 - [TEST_STEP][PASSED] - if (getText().equals(Baslik)): null

2021-11-23 16:40:58 - [TEST_STEP][PASSED] - build().perform(): null

2021-11-23 16:40:58 - [TEST_STEP][PASSED] - if (getText().equals(Baslik)): null

2021-11-23 16:40:58 - [TEST_STEP][PASSED] - build().perform(): null

2021-11-23 16:40:59 - [TEST_STEP][PASSED] - if (getText().equals(Baslik)): null

2021-11-23 16:40:59 - [TEST_STEP][PASSED] - build().perform(): null

2021-11-23 16:40:59 - [TEST_STEP][PASSED] - if (getText().equals(Baslik)): null

2021-11-23 16:40:59 - [TEST_STEP][PASSED] - build().perform(): null

2021-11-23 16:40:59 - [TEST_STEP][PASSED] - if (getText().equals(Baslik)): null

2021-11-23 16:40:59 - [TEST_STEP][PASSED] - build().perform(): null

2021-11-23 16:40:59 - [TEST_STEP][PASSED] - if (getText().equals(Baslik)): null

2021-11-23 16:40:59 - [TEST_STEP][PASSED] - baslikElement = element.findElement(By.xpath("../../../..")): Smart Wait Function is triggered

2021-11-23 16:40:59 - [MESSAGE][INFO] - Smart Wait Function is triggered

2021-11-23 16:40:59 - [TEST_STEP][PASSED] - attr = baslikElement.getAttribute("id"): null

2021-11-23 16:40:59 - [TEST_STEP][PASSED] - println("girdi ve idsini aldı = " + attr): null

2021-11-23 16:40:59 - [TEST_STEP][PASSED] - break: null

2021-11-23 16:40:59 - [TEST_STEP][PASSED] - countElement = baslikElement.findElements(By.xpath("../td")): Smart Wait Function is triggered

2021-11-23 16:40:59 - [MESSAGE][INFO] - Smart Wait Function is triggered

2021-11-23 16:41:00 - [TEST_STEP][PASSED] - for (def element : countElement): null

2021-11-23 16:41:00 - [TEST_STEP][PASSED] - if (toString().equals(attr.toString())): null

2021-11-23 16:41:00 - [TEST_STEP][PASSED] - (a++): null

2021-11-23 16:41:00 - [TEST_STEP][PASSED] - if (toString().equals(attr.toString())): null

2021-11-23 16:41:00 - [TEST_STEP][PASSED] - (a++): null

2021-11-23 16:41:00 - [TEST_STEP][PASSED] - if (toString().equals(attr.toString())): null

2021-11-23 16:41:00 - [TEST_STEP][PASSED] - (a++): null

2021-11-23 16:41:00 - [TEST_STEP][PASSED] - if (toString().equals(attr.toString())): null

2021-11-23 16:41:00 - [TEST_STEP][PASSED] - (a++): null

2021-11-23 16:41:00 - [TEST_STEP][PASSED] - if (toString().equals(attr.toString())): null

2021-11-23 16:41:00 - [TEST_STEP][PASSED] - (a++): null

2021-11-23 16:41:00 - [TEST_STEP][PASSED] - if (toString().equals(attr.toString())): null

2021-11-23 16:41:00 - [TEST_STEP][PASSED] - (a++): null

2021-11-23 16:41:00 - [TEST_STEP][PASSED] - if (toString().equals(attr.toString())): null

2021-11-23 16:41:00 - [TEST_STEP][PASSED] - (a++): null

2021-11-23 16:41:00 - [TEST_STEP][PASSED] - if (toString().equals(attr.toString())): null

2021-11-23 16:41:00 - [TEST_STEP][PASSED] - break: null

2021-11-23 16:41:00 - [TEST_STEP][PASSED] - son = findWebElement(findTestObject("Object Repository/Olusturma/Genel/Olusturma/EklenenSatir")).findElement(By.xpath("td[@class='dxgvInlineEditCell_LECustomTheme dxgv'][" + a + "]//td[@class='dxic']/input")): Smart Wait Function is triggered

2021-11-23 16:41:00 - [MESSAGE][INFO] - Finding Test Object 'Object Repository/Olusturma/Genel/Olusturma/EklenenSatir'

2021-11-23 16:41:00 - [MESSAGE][INFO] - Finding web element from Test Object's properties

2021-11-23 16:41:00 - [MESSAGE][INFO] - Checking timeout

2021-11-23 16:41:00 - [MESSAGE][INFO] - Finding web element with id: 'Object Repository/Olusturma/Genel/Olusturma/EklenenSatir' located by 'By.cssSelector: #divmalhizmet .dxgvInlineEditRow_LECustomTheme' in '30' second(s)

2021-11-23 16:41:00 - [MESSAGE][INFO] - Smart Wait Function is triggered

2021-11-23 16:41:00 - [MESSAGE][INFO] - Found 1 web elements with id: 'Object Repository/Olusturma/Genel/Olusturma/EklenenSatir' located by 'By.cssSelector: #divmalhizmet .dxgvInlineEditRow_LECustomTheme' in '30' second(s)

2021-11-23 16:41:00 - [MESSAGE][INFO] - Smart Wait Function is triggered

2021-11-23 16:41:00 - [TEST_STEP][PASSED] - if (!(getAttribute("value").contains("Vkn"))): null

2021-11-23 16:41:00 - [TEST_STEP][PASSED] - son.clear(): null

2021-11-23 16:41:00 - [TEST_STEP][PASSED] - son.sendKeys(Deger): null

2021-11-23 16:41:01 - [MESSAGE][PASSED] - Call Test Case 'Test Cases/Olusturma/Genel/Olusturma' successfully

2021-11-23 16:41:01 - [MESSAGE][INFO] - Checking called Test Case

2021-11-23 16:41:01 - [MESSAGE][INFO] - Starting to call Test Case 'Test Cases/Olusturma/Genel/NotGirilir'

2021-11-23 16:41:01 - [TEST_CASE][PASSED] - Test Cases/Olusturma/Genel/NotGirilir: Test Cases/Olusturma/Genel/NotGirilir

2021-11-23 16:41:01 - [TEST_STEP][PASSED] - i = 0: null

2021-11-23 16:41:01 - [TEST_STEP][PASSED] - waitForElementClickable(findTestObject("Olusturma/Genel/Not/Notlar"), 10): Object 'Object Repository/Olusturma/Genel/Not/Notlar' is clickable

2021-11-23 16:41:01 - [MESSAGE][INFO] - Finding Test Object 'Object Repository/Olusturma/Genel/Not/Notlar'

2021-11-23 16:41:01 - [MESSAGE][INFO] - Checking object

2021-11-23 16:41:01 - [MESSAGE][INFO] - Checking timeout

2021-11-23 16:41:01 - [MESSAGE][INFO] - Finding web element from Test Object's properties

2021-11-23 16:41:01 - [MESSAGE][INFO] - Checking timeout

2021-11-23 16:41:01 - [MESSAGE][INFO] - Finding web element with id: 'Object Repository/Olusturma/Genel/Not/Notlar' located by 'By.xpath: //*[@id = 'txtNote_I']' in '10' second(s)

2021-11-23 16:41:01 - [MESSAGE][INFO] - Smart Wait Function is triggered

2021-11-23 16:41:01 - [MESSAGE][INFO] - Found 1 web elements with id: 'Object Repository/Olusturma/Genel/Not/Notlar' located by 'By.xpath: //*[@id = 'txtNote_I']' in '10' second(s)

2021-11-23 16:41:01 - [MESSAGE][PASSED] - Object 'Object Repository/Olusturma/Genel/Not/Notlar' is clickable

2021-11-23 16:41:01 - [TEST_STEP][PASSED] - clearText(findTestObject("Olusturma/Genel/Not/Notlar")): Text of object 'Object Repository/Olusturma/Genel/Not/Notlar' is cleared

2021-11-23 16:41:01 - [MESSAGE][INFO] - Finding Test Object 'Object Repository/Olusturma/Genel/Not/Notlar'

2021-11-23 16:41:01 - [MESSAGE][INFO] - Checking object

2021-11-23 16:41:01 - [MESSAGE][INFO] - Finding web element from Test Object's properties

2021-11-23 16:41:01 - [MESSAGE][INFO] - Checking timeout

2021-11-23 16:41:01 - [MESSAGE][INFO] - Finding web element with id: 'Object Repository/Olusturma/Genel/Not/Notlar' located by 'By.xpath: //*[@id = 'txtNote_I']' in '30' second(s)

2021-11-23 16:41:01 - [MESSAGE][INFO] - Smart Wait Function is triggered

2021-11-23 16:41:02 - [MESSAGE][INFO] - Found 1 web elements with id: 'Object Repository/Olusturma/Genel/Not/Notlar' located by 'By.xpath: //*[@id = 'txtNote_I']' in '30' second(s)

2021-11-23 16:41:02 - [MESSAGE][INFO] - Clearing text of object 'Object Repository/Olusturma/Genel/Not/Notlar'

2021-11-23 16:41:02 - [MESSAGE][PASSED] - Text of object 'Object Repository/Olusturma/Genel/Not/Notlar' is cleared

2021-11-23 16:41:02 - [TEST_STEP][PASSED] - click(findTestObject("Olusturma/Genel/Not/Notlar")): Object: 'Object Repository/Olusturma/Genel/Not/Notlar' is clicked on

2021-11-23 16:41:02 - [MESSAGE][INFO] - Finding Test Object 'Object Repository/Olusturma/Genel/Not/Notlar'

2021-11-23 16:41:02 - [MESSAGE][INFO] - Checking object

2021-11-23 16:41:02 - [MESSAGE][INFO] - Finding web element from Test Object's properties

2021-11-23 16:41:02 - [MESSAGE][INFO] - Checking timeout

2021-11-23 16:41:02 - [MESSAGE][INFO] - Finding web element with id: 'Object Repository/Olusturma/Genel/Not/Notlar' located by 'By.xpath: //*[@id = 'txtNote_I']' in '30' second(s)

2021-11-23 16:41:02 - [MESSAGE][INFO] - Smart Wait Function is triggered

2021-11-23 16:41:02 - [MESSAGE][INFO] - Found 1 web elements with id: 'Object Repository/Olusturma/Genel/Not/Notlar' located by 'By.xpath: //*[@id = 'txtNote_I']' in '30' second(s)

2021-11-23 16:41:02 - [MESSAGE][INFO] - Clicking on object: 'Object Repository/Olusturma/Genel/Not/Notlar'

2021-11-23 16:41:02 - [MESSAGE][PASSED] - Object: 'Object Repository/Olusturma/Genel/Not/Notlar' is clicked on

2021-11-23 16:41:02 - [TEST_STEP][PASSED] - while (true): null

2021-11-23 16:41:02 - [TEST_STEP][PASSED] - delay(1): Delayed 1 second(s)

2021-11-23 16:41:02 - [MESSAGE][INFO] - Delaying browser in 1 second(s)

2021-11-23 16:41:03 - [MESSAGE][PASSED] - Delayed 1 second(s)

2021-11-23 16:41:03 - [TEST_STEP][PASSED] - ajaxIsComplete = executeJavaScript("return jQuery.active == 0", null): Execute JavaScript 'return jQuery.active == 0' successfully

2021-11-23 16:41:03 - [MESSAGE][PASSED] - Execute JavaScript 'return jQuery.active == 0' successfully

2021-11-23 16:41:03 - [TEST_STEP][PASSED] - if (ajaxIsComplete): null

2021-11-23 16:41:03 - [TEST_STEP][PASSED] - if (i > 10): null

2021-11-23 16:41:03 - [TEST_STEP][PASSED] - (i++): null

2021-11-23 16:41:03 - [TEST_STEP][PASSED] - delay(1): Delayed 1 second(s)

2021-11-23 16:41:03 - [MESSAGE][INFO] - Delaying browser in 1 second(s)

2021-11-23 16:41:04 - [MESSAGE][PASSED] - Delayed 1 second(s)

2021-11-23 16:41:04 - [TEST_STEP][PASSED] - ajaxIsComplete = executeJavaScript("return jQuery.active == 0", null): Execute JavaScript 'return jQuery.active == 0' successfully

2021-11-23 16:41:04 - [MESSAGE][PASSED] - Execute JavaScript 'return jQuery.active == 0' successfully

2021-11-23 16:41:04 - [TEST_STEP][PASSED] - if (ajaxIsComplete): null

2021-11-23 16:41:04 - [TEST_STEP][PASSED] - break: null

2021-11-23 16:41:04 - [TEST_STEP][PASSED] - sendKeys(findTestObject("Olusturma/Genel/Not/Notlar"), Not): Keys 'Otomasyon Not' sent to object: 'Object Repository/Olusturma/Genel/Not/Notlar'

2021-11-23 16:41:04 - [MESSAGE][INFO] - Finding Test Object 'Object Repository/Olusturma/Genel/Not/Notlar'

2021-11-23 16:41:04 - [MESSAGE][INFO] - Sending keys 'Otomasyon Not' to object: 'Object Repository/Olusturma/Genel/Not/Notlar'

2021-11-23 16:41:04 - [MESSAGE][INFO] - Finding web element from Test Object's properties

2021-11-23 16:41:04 - [MESSAGE][INFO] - Checking timeout

2021-11-23 16:41:04 - [MESSAGE][INFO] - Finding web element with id: 'Object Repository/Olusturma/Genel/Not/Notlar' located by 'By.xpath: //*[@id = 'txtNote_I']' in '30' second(s)

2021-11-23 16:41:04 - [MESSAGE][INFO] - Smart Wait Function is triggered

2021-11-23 16:41:05 - [MESSAGE][INFO] - Found 1 web elements with id: 'Object Repository/Olusturma/Genel/Not/Notlar' located by 'By.xpath: //*[@id = 'txtNote_I']' in '30' second(s)

2021-11-23 16:41:05 - [MESSAGE][PASSED] - Keys 'Otomasyon Not' sent to object: 'Object Repository/Olusturma/Genel/Not/Notlar'

2021-11-23 16:41:05 - [MESSAGE][PASSED] - Call Test Case 'Test Cases/Olusturma/Genel/NotGirilir' successfully

2021-11-23 16:41:05 - [MESSAGE][INFO] - Checking called Test Case

2021-11-23 16:41:05 - [MESSAGE][INFO] - Starting to call Test Case 'Test Cases/Olusturma/Genel/EttnBilgisiKayitEdilir'

2021-11-23 16:41:05 - [TEST_CASE][PASSED] - Test Cases/Olusturma/Genel/EttnBilgisiKayitEdilir: Test Cases/Olusturma/Genel/EttnBilgisiKayitEdilir

2021-11-23 16:41:05 - [TEST_STEP][PASSED] - verifyElementPresent(findTestObject("Object Repository/Olusturma/Genel/Olusturma/eArsivEttnBilgisi"), 7): Object 'Object Repository/Olusturma/Genel/Olusturma/eArsivEttnBilgisi' is present

2021-11-23 16:41:05 - [MESSAGE][INFO] - Finding Test Object 'Object Repository/Olusturma/Genel/Olusturma/eArsivEttnBilgisi'

2021-11-23 16:41:05 - [MESSAGE][INFO] - Checking object

2021-11-23 16:41:05 - [MESSAGE][INFO] - Finding web element from Test Object's properties

2021-11-23 16:41:05 - [MESSAGE][INFO] - Checking timeout

2021-11-23 16:41:05 - [MESSAGE][INFO] - Finding web element with id: 'Object Repository/Olusturma/Genel/Olusturma/eArsivEttnBilgisi' located by 'By.xpath: //*[@id = 'Uuid_I']' in '7' second(s)

2021-11-23 16:41:05 - [MESSAGE][INFO] - Smart Wait Function is triggered

2021-11-23 16:41:05 - [MESSAGE][INFO] - Found 1 web elements with id: 'Object Repository/Olusturma/Genel/Olusturma/eArsivEttnBilgisi' located by 'By.xpath: //*[@id = 'Uuid_I']' in '7' second(s)

2021-11-23 16:41:05 - [MESSAGE][PASSED] - Object 'Object Repository/Olusturma/Genel/Olusturma/eArsivEttnBilgisi' is present

2021-11-23 16:41:05 - [TEST_STEP][PASSED] - ettn = getAttribute(findTestObject("Object Repository/Olusturma/Genel/Olusturma/eArsivEttnBilgisi"), "value"): Attribute 'value' of object 'Object Repository/Olusturma/Genel/Olusturma/eArsivEttnBilgisi' is: '598c1657-2f74-41f4-ae79-01d639828ba7'

2021-11-23 16:41:05 - [MESSAGE][INFO] - Finding Test Object 'Object Repository/Olusturma/Genel/Olusturma/eArsivEttnBilgisi'

2021-11-23 16:41:05 - [MESSAGE][INFO] - Checking object

2021-11-23 16:41:05 - [MESSAGE][INFO] - Checking attribute

2021-11-23 16:41:05 - [MESSAGE][INFO] - Finding web element from Test Object's properties

2021-11-23 16:41:05 - [MESSAGE][INFO] - Checking timeout

2021-11-23 16:41:05 - [MESSAGE][INFO] - Finding web element with id: 'Object Repository/Olusturma/Genel/Olusturma/eArsivEttnBilgisi' located by 'By.xpath: //*[@id = 'Uuid_I']' in '30' second(s)

2021-11-23 16:41:05 - [MESSAGE][INFO] - Smart Wait Function is triggered

2021-11-23 16:41:05 - [MESSAGE][INFO] - Found 1 web elements with id: 'Object Repository/Olusturma/Genel/Olusturma/eArsivEttnBilgisi' located by 'By.xpath: //*[@id = 'Uuid_I']' in '30' second(s)

2021-11-23 16:41:05 - [MESSAGE][INFO] - Getting attribute 'value' of object 'Object Repository/Olusturma/Genel/Olusturma/eArsivEttnBilgisi'

2021-11-23 16:41:05 - [MESSAGE][PASSED] - Attribute 'value' of object 'Object Repository/Olusturma/Genel/Olusturma/eArsivEttnBilgisi' is: '598c1657-2f74-41f4-ae79-01d639828ba7'

2021-11-23 16:41:05 - [MESSAGE][PASSED] - Call Test Case 'Test Cases/Olusturma/Genel/EttnBilgisiKayitEdilir' successfully

2021-11-23 16:41:05 - [MESSAGE][INFO] - Checking called Test Case

2021-11-23 16:41:05 - [MESSAGE][INFO] - Starting to call Test Case 'Test Cases/Olusturma/Genel/KaydetButonunaTiklanir'

2021-11-23 16:41:06 - [TEST_CASE][PASSED] - Test Cases/Olusturma/Genel/KaydetButonunaTiklanir: Test Cases/Olusturma/Genel/KaydetButonunaTiklanir

2021-11-23 16:41:06 - [TEST_STEP][PASSED] - i = 0: null

2021-11-23 16:41:06 - [TEST_STEP][PASSED] - waitForElementPresent(findTestObject("Olusturma/Genel/Not/Notlar"), 10): Object 'Object Repository/Olusturma/Genel/Not/Notlar' is present

2021-11-23 16:41:06 - [MESSAGE][INFO] - Finding Test Object 'Object Repository/Olusturma/Genel/Not/Notlar'

2021-11-23 16:41:06 - [MESSAGE][INFO] - Checking object

2021-11-23 16:41:06 - [MESSAGE][INFO] - Finding web element from Test Object's properties

2021-11-23 16:41:06 - [MESSAGE][INFO] - Checking timeout

2021-11-23 16:41:06 - [MESSAGE][INFO] - Finding web element with id: 'Object Repository/Olusturma/Genel/Not/Notlar' located by 'By.xpath: //*[@id = 'txtNote_I']' in '10' second(s)

2021-11-23 16:41:06 - [MESSAGE][INFO] - Smart Wait Function is triggered

2021-11-23 16:41:06 - [MESSAGE][INFO] - Found 1 web elements with id: 'Object Repository/Olusturma/Genel/Not/Notlar' located by 'By.xpath: //*[@id = 'txtNote_I']' in '10' second(s)

2021-11-23 16:41:06 - [MESSAGE][PASSED] - Object 'Object Repository/Olusturma/Genel/Not/Notlar' is present

2021-11-23 16:41:06 - [TEST_STEP][PASSED] - click(findTestObject("Olusturma/Genel/Not/Notlar")): Object: 'Object Repository/Olusturma/Genel/Not/Notlar' is clicked on

2021-11-23 16:41:06 - [MESSAGE][INFO] - Finding Test Object 'Object Repository/Olusturma/Genel/Not/Notlar'

2021-11-23 16:41:06 - [MESSAGE][INFO] - Checking object

2021-11-23 16:41:06 - [MESSAGE][INFO] - Finding web element from Test Object's properties

2021-11-23 16:41:06 - [MESSAGE][INFO] - Checking timeout

2021-11-23 16:41:06 - [MESSAGE][INFO] - Finding web element with id: 'Object Repository/Olusturma/Genel/Not/Notlar' located by 'By.xpath: //*[@id = 'txtNote_I']' in '30' second(s)

2021-11-23 16:41:06 - [MESSAGE][INFO] - Smart Wait Function is triggered

2021-11-23 16:41:06 - [MESSAGE][INFO] - Found 1 web elements with id: 'Object Repository/Olusturma/Genel/Not/Notlar' located by 'By.xpath: //*[@id = 'txtNote_I']' in '30' second(s)

2021-11-23 16:41:06 - [MESSAGE][INFO] - Clicking on object: 'Object Repository/Olusturma/Genel/Not/Notlar'

2021-11-23 16:41:07 - [MESSAGE][PASSED] - Object: 'Object Repository/Olusturma/Genel/Not/Notlar' is clicked on

2021-11-23 16:41:07 - [TEST_STEP][PASSED] - while (true): null

2021-11-23 16:41:07 - [TEST_STEP][PASSED] - delay(1): Delayed 1 second(s)

2021-11-23 16:41:07 - [MESSAGE][INFO] - Delaying browser in 1 second(s)

2021-11-23 16:41:08 - [MESSAGE][PASSED] - Delayed 1 second(s)

2021-11-23 16:41:08 - [TEST_STEP][PASSED] - ajaxIsComplete = executeJavaScript("return jQuery.active == 0", null): Execute JavaScript 'return jQuery.active == 0' successfully

2021-11-23 16:41:08 - [MESSAGE][PASSED] - Execute JavaScript 'return jQuery.active == 0' successfully

2021-11-23 16:41:08 - [TEST_STEP][PASSED] - if (ajaxIsComplete): null

2021-11-23 16:41:08 - [TEST_STEP][PASSED] - break: null

2021-11-23 16:41:08 - [TEST_STEP][PASSED] - waitForElementClickable(findTestObject("Object Repository/Olusturma/Genel/Buton"), 10): Object 'Object Repository/Olusturma/Genel/Buton' is clickable

2021-11-23 16:41:08 - [MESSAGE][INFO] - Finding Test Object 'Object Repository/Olusturma/Genel/Buton'

2021-11-23 16:41:08 - [MESSAGE][INFO] - Checking object

2021-11-23 16:41:08 - [MESSAGE][INFO] - Checking timeout

2021-11-23 16:41:08 - [MESSAGE][INFO] - Finding web element from Test Object's properties

2021-11-23 16:41:08 - [MESSAGE][INFO] - Checking timeout

2021-11-23 16:41:08 - [MESSAGE][INFO] - Finding web element with id: 'Object Repository/Olusturma/Genel/Buton' located by 'By.xpath: //*[@id = 'btnKaydet']' in '10' second(s)

2021-11-23 16:41:08 - [MESSAGE][INFO] - Smart Wait Function is triggered

2021-11-23 16:41:08 - [MESSAGE][INFO] - Found 1 web elements with id: 'Object Repository/Olusturma/Genel/Buton' located by 'By.xpath: //*[@id = 'btnKaydet']' in '10' second(s)

2021-11-23 16:41:08 - [MESSAGE][PASSED] - Object 'Object Repository/Olusturma/Genel/Buton' is clickable

2021-11-23 16:41:08 - [TEST_STEP][PASSED] - click(findTestObject("Object Repository/Olusturma/Genel/Buton")): Object: 'Object Repository/Olusturma/Genel/Buton' is clicked on

2021-11-23 16:41:08 - [MESSAGE][INFO] - Finding Test Object 'Object Repository/Olusturma/Genel/Buton'

2021-11-23 16:41:08 - [MESSAGE][INFO] - Checking object

2021-11-23 16:41:08 - [MESSAGE][INFO] - Finding web element from Test Object's properties

2021-11-23 16:41:08 - [MESSAGE][INFO] - Checking timeout

2021-11-23 16:41:08 - [MESSAGE][INFO] - Finding web element with id: 'Object Repository/Olusturma/Genel/Buton' located by 'By.xpath: //*[@id = 'btnKaydet']' in '30' second(s)

2021-11-23 16:41:08 - [MESSAGE][INFO] - Smart Wait Function is triggered

2021-11-23 16:41:08 - [MESSAGE][INFO] - Found 1 web elements with id: 'Object Repository/Olusturma/Genel/Buton' located by 'By.xpath: //*[@id = 'btnKaydet']' in '30' second(s)

2021-11-23 16:41:08 - [MESSAGE][INFO] - Clicking on object: 'Object Repository/Olusturma/Genel/Buton'

2021-11-23 16:41:11 - [MESSAGE][PASSED] - Object: 'Object Repository/Olusturma/Genel/Buton' is clicked on

2021-11-23 16:41:11 - [MESSAGE][PASSED] - Call Test Case 'Test Cases/Olusturma/Genel/KaydetButonunaTiklanir' successfully

2021-11-23 16:41:11 - [MESSAGE][INFO] - Checking called Test Case

2021-11-23 16:41:11 - [MESSAGE][INFO] - Starting to call Test Case 'Test Cases/Tablo/TablodaEttnliVeriOlusturulduMu'

2021-11-23 16:41:11 - [TEST_CASE][PASSED] - Test Cases/Tablo/TablodaEttnliVeriOlusturulduMu: Test Cases/Tablo/TablodaEttnliVeriOlusturulduMu

2021-11-23 16:41:11 - [TEST_STEP][PASSED] - Method.TextDegerineEsitElementVarMi(findTestObject("Tablo/OlusturulanVeri"), ettn): Method.TextDegerineEsitElementVarMi is PASSED

2021-11-23 16:41:11 - [MESSAGE][INFO] - Finding Test Object 'Object Repository/Tablo/OlusturulanVeri'

2021-11-23 16:41:11 - [MESSAGE][INFO] - Checking timeout

2021-11-23 16:41:11 - [MESSAGE][INFO] - Finding web element with id: 'Object Repository/Tablo/OlusturulanVeri' located by 'By.cssSelector: table.dxgvTable_LECustomTheme>tbody>tr:nth-child(3)>td.dxgv b,table.dxgvTable_LECustomTheme>tbody>tr:nth-child(3)>td.dxgv' in '10' second(s)

2021-11-23 16:41:11 - [MESSAGE][INFO] - Smart Wait Function is triggered

2021-11-23 16:41:11 - [MESSAGE][INFO] - Found 14 web elements with id: 'Object Repository/Tablo/OlusturulanVeri' located by 'By.cssSelector: table.dxgvTable_LECustomTheme>tbody>tr:nth-child(3)>td.dxgv b,table.dxgvTable_LECustomTheme>tbody>tr:nth-child(3)>td.dxgv' in '10' second(s)

2021-11-23 16:41:11 - [MESSAGE][PASSED] - Method.TextDegerineEsitElementVarMi is PASSED

2021-11-23 16:41:11 - [MESSAGE][PASSED] - Call Test Case 'Test Cases/Tablo/TablodaEttnliVeriOlusturulduMu' successfully

2021-11-23 16:41:11 - [MESSAGE][INFO] - Checking called Test Case

2021-11-23 16:41:11 - [MESSAGE][INFO] - Starting to call Test Case 'Test Cases/Tablo/TablodanEttnliVeriSec'

2021-11-23 16:41:11 - [TEST_CASE][PASSED] - Test Cases/Tablo/TablodanEttnliVeriSec: Test Cases/Tablo/TablodanEttnliVeriSec

2021-11-23 16:41:11 - [TEST_STEP][PASSED] - Method.TextDegerineEsitElementinAltindakineTikla(findTestObject("Tablo/Veriler"), findTestObject("Tablo/VerininCheckBoxi"), ettn): Method.TextDegerineEsitElementinAltindakineTikla is PASSED

2021-11-23 16:41:11 - [MESSAGE][INFO] - Finding Test Object 'Object Repository/Tablo/Veriler'

2021-11-23 16:41:11 - [MESSAGE][INFO] - Finding Test Object 'Object Repository/Tablo/VerininCheckBoxi'

2021-11-23 16:41:12 - [MESSAGE][INFO] - Checking timeout

2021-11-23 16:41:12 - [MESSAGE][INFO] - Finding web element with id: 'Object Repository/Tablo/Veriler' located by 'By.cssSelector: td.dxgv b ,td.dxgv' in '10' second(s)

2021-11-23 16:41:12 - [MESSAGE][INFO] - Smart Wait Function is triggered

2021-11-23 16:41:12 - [MESSAGE][INFO] - Found 84 web elements with id: 'Object Repository/Tablo/Veriler' located by 'By.cssSelector: td.dxgv b ,td.dxgv' in '10' second(s)

2021-11-23 16:41:12 - [MESSAGE][INFO] - Smart Wait Function is triggered

2021-11-23 16:41:12 - [MESSAGE][PASSED] - Method.TextDegerineEsitElementinAltindakineTikla is PASSED

2021-11-23 16:41:12 - [MESSAGE][PASSED] - Call Test Case 'Test Cases/Tablo/TablodanEttnliVeriSec' successfully

2021-11-23 16:41:12 - [MESSAGE][INFO] - Checking called Test Case

2021-11-23 16:41:12 - [MESSAGE][INFO] - Starting to call Test Case 'Test Cases/Butonlar/ButonaTikla'

2021-11-23 16:41:12 - [TEST_CASE][PASSED] - Test Cases/Butonlar/ButonaTikla: Test Cases/Butonlar/ButonaTikla

2021-11-23 16:41:12 - [TEST_STEP][PASSED] - Method.TextDegerineEsitElementeTiklaEquals(findTestObject("Butonlar/Butonlar"), Buton_Adi): Method.TextDegerineEsitElementeTiklaEquals is PASSED

2021-11-23 16:41:12 - [MESSAGE][INFO] - Finding Test Object 'Object Repository/Butonlar/Butonlar'

2021-11-23 16:41:12 - [MESSAGE][INFO] - Checking timeout

2021-11-23 16:41:12 - [MESSAGE][INFO] - Finding web element with id: 'Object Repository/Butonlar/Butonlar' located by 'By.cssSelector: .panel.panel-default.text-center.footerPanel .btn,.btn.btn-primary.btnControls' in '10' second(s)

2021-11-23 16:41:12 - [MESSAGE][INFO] - Smart Wait Function is triggered

2021-11-23 16:41:13 - [MESSAGE][INFO] - Found 9 web elements with id: 'Object Repository/Butonlar/Butonlar' located by 'By.cssSelector: .panel.panel-default.text-center.footerPanel .btn,.btn.btn-primary.btnControls' in '10' second(s)

2021-11-23 16:41:13 - [MESSAGE][PASSED] - Method.TextDegerineEsitElementeTiklaEquals is PASSED

2021-11-23 16:41:13 - [MESSAGE][PASSED] - Call Test Case 'Test Cases/Butonlar/ButonaTikla' successfully

2021-11-23 16:41:13 - [MESSAGE][INFO] - Checking called Test Case

2021-11-23 16:41:13 - [MESSAGE][INFO] - Starting to call Test Case 'Test Cases/Popup/PopupMesajiIceriyorMu'

2021-11-23 16:41:13 - [TEST_CASE][PASSED] - Test Cases/Popup/PopupMesajiIceriyorMu: Test Cases/Popup/PopupMesajiIceriyorMu

2021-11-23 16:41:13 - [TEST_STEP][PASSED] - waitForElementVisible(findTestObject("Popup/Popup"), 10): Object 'Object Repository/Popup/Popup' is visible

2021-11-23 16:41:13 - [MESSAGE][INFO] - Finding Test Object 'Object Repository/Popup/Popup'

2021-11-23 16:41:13 - [MESSAGE][INFO] - Checking object

2021-11-23 16:41:13 - [MESSAGE][INFO] - Checking timeout

2021-11-23 16:41:13 - [MESSAGE][INFO] - Finding web element from Test Object's properties

2021-11-23 16:41:13 - [MESSAGE][INFO] - Checking timeout

2021-11-23 16:41:13 - [MESSAGE][INFO] - Finding web element with id: 'Object Repository/Popup/Popup' located by 'By.cssSelector: .bootbox-body' in '10' second(s)

2021-11-23 16:41:13 - [MESSAGE][INFO] - Smart Wait Function is triggered

2021-11-23 16:41:14 - [MESSAGE][INFO] - Found 1 web elements with id: 'Object Repository/Popup/Popup' located by 'By.cssSelector: .bootbox-body' in '10' second(s)

2021-11-23 16:41:14 - [MESSAGE][PASSED] - Object 'Object Repository/Popup/Popup' is visible

2021-11-23 16:41:14 - [TEST_STEP][PASSED] - if (!(getText(findTestObject("Popup/Popup")).contains(Mesaj))): Text of object 'Object Repository/Popup/Popup' is: 'Oluşturulacak fatura numarası : EAR2021000000507 Fatura numarası oluşturulduktan sonra fatura silinemez. Fatura numarası, tarihi ve ön eki değiştirilemez. Devam etmek istiyor musunuz?'

2021-11-23 16:41:14 - [MESSAGE][INFO] - Finding Test Object 'Object Repository/Popup/Popup'

2021-11-23 16:41:14 - [MESSAGE][INFO] - Checking object

2021-11-23 16:41:14 - [MESSAGE][INFO] - Finding web element from Test Object's properties

2021-11-23 16:41:14 - [MESSAGE][INFO] - Checking timeout

2021-11-23 16:41:14 - [MESSAGE][INFO] - Finding web element with id: 'Object Repository/Popup/Popup' located by 'By.cssSelector: .bootbox-body' in '30' second(s)

2021-11-23 16:41:14 - [MESSAGE][INFO] - Smart Wait Function is triggered

2021-11-23 16:41:14 - [MESSAGE][INFO] - Found 1 web elements with id: 'Object Repository/Popup/Popup' located by 'By.cssSelector: .bootbox-body' in '30' second(s)

2021-11-23 16:41:14 - [MESSAGE][INFO] - Getting text of object 'Object Repository/Popup/Popup'

2021-11-23 16:41:14 - [MESSAGE][PASSED] - Text of object 'Object Repository/Popup/Popup' is: 'Oluşturulacak fatura numarası : EAR2021000000507 Fatura numarası oluşturulduktan sonra fatura silinemez. Fatura numarası, tarihi ve ön eki değiştirilemez. Devam etmek istiyor musunuz?'

2021-11-23 16:41:14 - [TEST_STEP][PASSED] - RaporNo = getText(findTestObject("Popup/Popup")).substring(0, 6): Text of object 'Object Repository/Popup/Popup' is: 'Oluşturulacak fatura numarası : EAR2021000000507 Fatura numarası oluşturulduktan sonra fatura silinemez. Fatura numarası, tarihi ve ön eki değiştirilemez. Devam etmek istiyor musunuz?'

2021-11-23 16:41:14 - [MESSAGE][INFO] - Finding Test Object 'Object Repository/Popup/Popup'

2021-11-23 16:41:15 - [MESSAGE][INFO] - Checking object

2021-11-23 16:41:15 - [MESSAGE][INFO] - Finding web element from Test Object's properties

2021-11-23 16:41:15 - [MESSAGE][INFO] - Checking timeout

2021-11-23 16:41:15 - [MESSAGE][INFO] - Finding web element with id: 'Object Repository/Popup/Popup' located by 'By.cssSelector: .bootbox-body' in '30' second(s)

2021-11-23 16:41:15 - [MESSAGE][INFO] - Smart Wait Function is triggered

2021-11-23 16:41:15 - [MESSAGE][INFO] - Found 1 web elements with id: 'Object Repository/Popup/Popup' located by 'By.cssSelector: .bootbox-body' in '30' second(s)

2021-11-23 16:41:15 - [MESSAGE][INFO] - Getting text of object 'Object Repository/Popup/Popup'

2021-11-23 16:41:15 - [MESSAGE][PASSED] - Text of object 'Object Repository/Popup/Popup' is: 'Oluşturulacak fatura numarası : EAR2021000000507 Fatura numarası oluşturulduktan sonra fatura silinemez. Fatura numarası, tarihi ve ön eki değiştirilemez. Devam etmek istiyor musunuz?'

2021-11-23 16:41:15 - [TEST_STEP][PASSED] - Console.println(RaporNo): null

2021-11-23 16:41:15 - [MESSAGE][PASSED] - Call Test Case 'Test Cases/Popup/PopupMesajiIceriyorMu' successfully

2021-11-23 16:41:15 - [MESSAGE][INFO] - Checking called Test Case

2021-11-23 16:41:15 - [MESSAGE][INFO] - Starting to call Test Case 'Test Cases/Popup/PopupButonSecilir'

2021-11-23 16:41:15 - [TEST_CASE][PASSED] - Test Cases/Popup/PopupButonSecilir: Test Cases/Popup/PopupButonSecilir

2021-11-23 16:41:15 - [TEST_STEP][PASSED] - Method.TextDegerineEsitElementeTikla(findTestObject("Popup/Popup_Butons"), Buton): Method.TextDegerineEsitElementeTikla is PASSED

2021-11-23 16:41:15 - [MESSAGE][INFO] - Finding Test Object 'Object Repository/Popup/Popup_Butons'

2021-11-23 16:41:15 - [MESSAGE][INFO] - Checking timeout

2021-11-23 16:41:15 - [MESSAGE][INFO] - Finding web element with id: 'Object Repository/Popup/Popup_Butons' located by 'By.cssSelector: .modal-footer>button' in '10' second(s)

2021-11-23 16:41:15 - [MESSAGE][INFO] - Smart Wait Function is triggered

2021-11-23 16:41:15 - [MESSAGE][INFO] - Found 2 web elements with id: 'Object Repository/Popup/Popup_Butons' located by 'By.cssSelector: .modal-footer>button' in '10' second(s)

2021-11-23 16:41:16 - [MESSAGE][PASSED] - Method.TextDegerineEsitElementeTikla is PASSED

2021-11-23 16:41:16 - [MESSAGE][PASSED] - Call Test Case 'Test Cases/Popup/PopupButonSecilir' successfully

2021-11-23 16:41:16 - [MESSAGE][INFO] - Checking called Test Case

2021-11-23 16:41:16 - [MESSAGE][INFO] - Starting to call Test Case 'Test Cases/Popup/PopupMesajiIceriyorMu'

2021-11-23 16:41:16 - [TEST_CASE][PASSED] - Test Cases/Popup/PopupMesajiIceriyorMu: Test Cases/Popup/PopupMesajiIceriyorMu

2021-11-23 16:41:16 - [TEST_STEP][PASSED] - waitForElementVisible(findTestObject("Popup/Popup"), 10): Object 'Object Repository/Popup/Popup' is visible

2021-11-23 16:41:16 - [MESSAGE][INFO] - Finding Test Object 'Object Repository/Popup/Popup'

2021-11-23 16:41:16 - [MESSAGE][INFO] - Checking object

2021-11-23 16:41:16 - [MESSAGE][INFO] - Checking timeout

2021-11-23 16:41:16 - [MESSAGE][INFO] - Finding web element from Test Object's properties

2021-11-23 16:41:16 - [MESSAGE][INFO] - Checking timeout

2021-11-23 16:41:16 - [MESSAGE][INFO] - Finding web element with id: 'Object Repository/Popup/Popup' located by 'By.cssSelector: .bootbox-body' in '10' second(s)

2021-11-23 16:41:16 - [MESSAGE][INFO] - Smart Wait Function is triggered

2021-11-23 16:41:16 - [MESSAGE][INFO] - Found 1 web elements with id: 'Object Repository/Popup/Popup' located by 'By.cssSelector: .bootbox-body' in '10' second(s)

2021-11-23 16:41:16 - [MESSAGE][PASSED] - Object 'Object Repository/Popup/Popup' is visible

2021-11-23 16:41:16 - [TEST_STEP][PASSED] - if (!(getText(findTestObject("Popup/Popup")).contains(Mesaj))): Text of object 'Object Repository/Popup/Popup' is: 'Fatura numaranız EAR2021000000507 olarak oluşmuştur.'

2021-11-23 16:41:16 - [MESSAGE][INFO] - Finding Test Object 'Object Repository/Popup/Popup'

2021-11-23 16:41:17 - [MESSAGE][INFO] - Checking object

2021-11-23 16:41:17 - [MESSAGE][INFO] - Finding web element from Test Object's properties

2021-11-23 16:41:17 - [MESSAGE][INFO] - Checking timeout

2021-11-23 16:41:17 - [MESSAGE][INFO] - Finding web element with id: 'Object Repository/Popup/Popup' located by 'By.cssSelector: .bootbox-body' in '30' second(s)

2021-11-23 16:41:17 - [MESSAGE][INFO] - Smart Wait Function is triggered

2021-11-23 16:41:17 - [MESSAGE][INFO] - Found 1 web elements with id: 'Object Repository/Popup/Popup' located by 'By.cssSelector: .bootbox-body' in '30' second(s)

2021-11-23 16:41:17 - [MESSAGE][INFO] - Getting text of object 'Object Repository/Popup/Popup'

2021-11-23 16:41:17 - [MESSAGE][PASSED] - Text of object 'Object Repository/Popup/Popup' is: 'Fatura numaranız EAR2021000000507 olarak oluşmuştur.'

2021-11-23 16:41:17 - [TEST_STEP][PASSED] - RaporNo = getText(findTestObject("Popup/Popup")).substring(0, 6): Text of object 'Object Repository/Popup/Popup' is: 'Fatura numaranız EAR2021000000507 olarak oluşmuştur.'

2021-11-23 16:41:17 - [MESSAGE][INFO] - Finding Test Object 'Object Repository/Popup/Popup'

2021-11-23 16:41:17 - [MESSAGE][INFO] - Checking object

2021-11-23 16:41:17 - [MESSAGE][INFO] - Finding web element from Test Object's properties

2021-11-23 16:41:17 - [MESSAGE][INFO] - Checking timeout

2021-11-23 16:41:17 - [MESSAGE][INFO] - Finding web element with id: 'Object Repository/Popup/Popup' located by 'By.cssSelector: .bootbox-body' in '30' second(s)

2021-11-23 16:41:17 - [MESSAGE][INFO] - Smart Wait Function is triggered

2021-11-23 16:41:17 - [MESSAGE][INFO] - Found 1 web elements with id: 'Object Repository/Popup/Popup' located by 'By.cssSelector: .bootbox-body' in '30' second(s)

2021-11-23 16:41:17 - [MESSAGE][INFO] - Getting text of object 'Object Repository/Popup/Popup'

2021-11-23 16:41:17 - [MESSAGE][PASSED] - Text of object 'Object Repository/Popup/Popup' is: 'Fatura numaranız EAR2021000000507 olarak oluşmuştur.'

2021-11-23 16:41:17 - [TEST_STEP][PASSED] - Console.println(RaporNo): null

2021-11-23 16:41:17 - [MESSAGE][PASSED] - Call Test Case 'Test Cases/Popup/PopupMesajiIceriyorMu' successfully

2021-11-23 16:41:17 - [MESSAGE][INFO] - Checking called Test Case

2021-11-23 16:41:17 - [MESSAGE][INFO] - Starting to call Test Case 'Test Cases/Popup/PopupButonSecilir'

2021-11-23 16:41:17 - [TEST_CASE][PASSED] - Test Cases/Popup/PopupButonSecilir: Test Cases/Popup/PopupButonSecilir

2021-11-23 16:41:17 - [TEST_STEP][PASSED] - Method.TextDegerineEsitElementeTikla(findTestObject("Popup/Popup_Butons"), Buton): Method.TextDegerineEsitElementeTikla is PASSED

2021-11-23 16:41:17 - [MESSAGE][INFO] - Finding Test Object 'Object Repository/Popup/Popup_Butons'

2021-11-23 16:41:17 - [MESSAGE][INFO] - Checking timeout

2021-11-23 16:41:17 - [MESSAGE][INFO] - Finding web element with id: 'Object Repository/Popup/Popup_Butons' located by 'By.cssSelector: .modal-footer>button' in '10' second(s)

2021-11-23 16:41:17 - [MESSAGE][INFO] - Smart Wait Function is triggered

2021-11-23 16:41:18 - [MESSAGE][INFO] - Found 1 web elements with id: 'Object Repository/Popup/Popup_Butons' located by 'By.cssSelector: .modal-footer>button' in '10' second(s)

2021-11-23 16:41:18 - [MESSAGE][PASSED] - Method.TextDegerineEsitElementeTikla is PASSED

2021-11-23 16:41:18 - [MESSAGE][PASSED] - Call Test Case 'Test Cases/Popup/PopupButonSecilir' successfully

2021-11-23 16:41:18 - [MESSAGE][INFO] - Checking called Test Case

2021-11-23 16:41:18 - [MESSAGE][INFO] - Starting to call Test Case 'Test Cases/Tablo/TablodanEttnliVeriSec'

2021-11-23 16:41:18 - [TEST_CASE][PASSED] - Test Cases/Tablo/TablodanEttnliVeriSec: Test Cases/Tablo/TablodanEttnliVeriSec

2021-11-23 16:41:18 - [TEST_STEP][PASSED] - Method.TextDegerineEsitElementinAltindakineTikla(findTestObject("Tablo/Veriler"), findTestObject("Tablo/VerininCheckBoxi"), ettn): Method.TextDegerineEsitElementinAltindakineTikla is PASSED

2021-11-23 16:41:18 - [MESSAGE][INFO] - Finding Test Object 'Object Repository/Tablo/Veriler'

2021-11-23 16:41:18 - [MESSAGE][INFO] - Finding Test Object 'Object Repository/Tablo/VerininCheckBoxi'

2021-11-23 16:41:18 - [MESSAGE][INFO] - Checking timeout

2021-11-23 16:41:18 - [MESSAGE][INFO] - Finding web element with id: 'Object Repository/Tablo/Veriler' located by 'By.cssSelector: td.dxgv b ,td.dxgv' in '10' second(s)

2021-11-23 16:41:18 - [MESSAGE][INFO] - Smart Wait Function is triggered

2021-11-23 16:41:18 - [MESSAGE][INFO] - Found 84 web elements with id: 'Object Repository/Tablo/Veriler' located by 'By.cssSelector: td.dxgv b ,td.dxgv' in '10' second(s)

2021-11-23 16:41:19 - [MESSAGE][INFO] - Smart Wait Function is triggered

2021-11-23 16:41:19 - [MESSAGE][PASSED] - Method.TextDegerineEsitElementinAltindakineTikla is PASSED

2021-11-23 16:41:19 - [MESSAGE][PASSED] - Call Test Case 'Test Cases/Tablo/TablodanEttnliVeriSec' successfully

2021-11-23 16:41:19 - [MESSAGE][INFO] - Checking called Test Case

2021-11-23 16:41:19 - [MESSAGE][INFO] - Starting to call Test Case 'Test Cases/Butonlar/ButonaTikla'

2021-11-23 16:41:19 - [TEST_CASE][PASSED] - Test Cases/Butonlar/ButonaTikla: Test Cases/Butonlar/ButonaTikla

2021-11-23 16:41:19 - [TEST_STEP][PASSED] - Method.TextDegerineEsitElementeTiklaEquals(findTestObject("Butonlar/Butonlar"), Buton_Adi): Method.TextDegerineEsitElementeTiklaEquals is PASSED

2021-11-23 16:41:19 - [MESSAGE][INFO] - Finding Test Object 'Object Repository/Butonlar/Butonlar'

2021-11-23 16:41:19 - [MESSAGE][INFO] - Checking timeout

2021-11-23 16:41:19 - [MESSAGE][INFO] - Finding web element with id: 'Object Repository/Butonlar/Butonlar' located by 'By.cssSelector: .panel.panel-default.text-center.footerPanel .btn,.btn.btn-primary.btnControls' in '10' second(s)

2021-11-23 16:41:19 - [MESSAGE][INFO] - Smart Wait Function is triggered

2021-11-23 16:41:19 - [MESSAGE][INFO] - Found 9 web elements with id: 'Object Repository/Butonlar/Butonlar' located by 'By.cssSelector: .panel.panel-default.text-center.footerPanel .btn,.btn.btn-primary.btnControls' in '10' second(s)

2021-11-23 16:41:20 - [MESSAGE][PASSED] - Method.TextDegerineEsitElementeTiklaEquals is PASSED

2021-11-23 16:41:20 - [MESSAGE][PASSED] - Call Test Case 'Test Cases/Butonlar/ButonaTikla' successfully

2021-11-23 16:41:20 - [MESSAGE][INFO] - Checking called Test Case

2021-11-23 16:41:20 - [MESSAGE][INFO] - Starting to call Test Case 'Test Cases/Popup/PopupMesajiIceriyorMu'

2021-11-23 16:41:20 - [TEST_CASE][PASSED] - Test Cases/Popup/PopupMesajiIceriyorMu: Test Cases/Popup/PopupMesajiIceriyorMu

2021-11-23 16:41:20 - [TEST_STEP][PASSED] - waitForElementVisible(findTestObject("Popup/Popup"), 10): Object 'Object Repository/Popup/Popup' is visible

2021-11-23 16:41:20 - [MESSAGE][INFO] - Finding Test Object 'Object Repository/Popup/Popup'

2021-11-23 16:41:20 - [MESSAGE][INFO] - Checking object

2021-11-23 16:41:20 - [MESSAGE][INFO] - Checking timeout

2021-11-23 16:41:20 - [MESSAGE][INFO] - Finding web element from Test Object's properties

2021-11-23 16:41:20 - [MESSAGE][INFO] - Checking timeout

2021-11-23 16:41:20 - [MESSAGE][INFO] - Finding web element with id: 'Object Repository/Popup/Popup' located by 'By.cssSelector: .bootbox-body' in '10' second(s)

2021-11-23 16:41:20 - [MESSAGE][INFO] - Smart Wait Function is triggered

2021-11-23 16:41:20 - [MESSAGE][INFO] - Found 1 web elements with id: 'Object Repository/Popup/Popup' located by 'By.cssSelector: .bootbox-body' in '10' second(s)

2021-11-23 16:41:20 - [MESSAGE][PASSED] - Object 'Object Repository/Popup/Popup' is visible

2021-11-23 16:41:20 - [TEST_STEP][PASSED] - if (!(getText(findTestObject("Popup/Popup")).contains(Mesaj))): Text of object 'Object Repository/Popup/Popup' is: 'EAR serisi için onaylanmamış belge(leri)niz bulunmaktadır.
Devam etmek istiyor musunuz?'

2021-11-23 16:41:20 - [MESSAGE][INFO] - Finding Test Object 'Object Repository/Popup/Popup'

2021-11-23 16:41:21 - [MESSAGE][INFO] - Checking object

2021-11-23 16:41:21 - [MESSAGE][INFO] - Finding web element from Test Object's properties

2021-11-23 16:41:21 - [MESSAGE][INFO] - Checking timeout

2021-11-23 16:41:21 - [MESSAGE][INFO] - Finding web element with id: 'Object Repository/Popup/Popup' located by 'By.cssSelector: .bootbox-body' in '30' second(s)

2021-11-23 16:41:21 - [MESSAGE][INFO] - Smart Wait Function is triggered

2021-11-23 16:41:21 - [MESSAGE][INFO] - Found 1 web elements with id: 'Object Repository/Popup/Popup' located by 'By.cssSelector: .bootbox-body' in '30' second(s)

2021-11-23 16:41:21 - [MESSAGE][INFO] - Getting text of object 'Object Repository/Popup/Popup'

2021-11-23 16:41:21 - [MESSAGE][PASSED] - Text of object 'Object Repository/Popup/Popup' is: 'EAR serisi için onaylanmamış belge(leri)niz bulunmaktadır.
Devam etmek istiyor musunuz?'

2021-11-23 16:41:21 - [TEST_STEP][PASSED] - RaporNo = getText(findTestObject("Popup/Popup")).substring(0, 6): Text of object 'Object Repository/Popup/Popup' is: 'EAR serisi için onaylanmamış belge(leri)niz bulunmaktadır.
Devam etmek istiyor musunuz?'

2021-11-23 16:41:21 - [MESSAGE][INFO] - Finding Test Object 'Object Repository/Popup/Popup'

2021-11-23 16:41:21 - [MESSAGE][INFO] - Checking object

2021-11-23 16:41:21 - [MESSAGE][INFO] - Finding web element from Test Object's properties

2021-11-23 16:41:21 - [MESSAGE][INFO] - Checking timeout

2021-11-23 16:41:21 - [MESSAGE][INFO] - Finding web element with id: 'Object Repository/Popup/Popup' located by 'By.cssSelector: .bootbox-body' in '30' second(s)

2021-11-23 16:41:21 - [MESSAGE][INFO] - Smart Wait Function is triggered

2021-11-23 16:41:21 - [MESSAGE][INFO] - Found 1 web elements with id: 'Object Repository/Popup/Popup' located by 'By.cssSelector: .bootbox-body' in '30' second(s)

2021-11-23 16:41:21 - [MESSAGE][INFO] - Getting text of object 'Object Repository/Popup/Popup'

2021-11-23 16:41:21 - [MESSAGE][PASSED] - Text of object 'Object Repository/Popup/Popup' is: 'EAR serisi için onaylanmamış belge(leri)niz bulunmaktadır.
Devam etmek istiyor musunuz?'

2021-11-23 16:41:21 - [TEST_STEP][PASSED] - Console.println(RaporNo): null

2021-11-23 16:41:21 - [MESSAGE][PASSED] - Call Test Case 'Test Cases/Popup/PopupMesajiIceriyorMu' successfully

2021-11-23 16:41:21 - [MESSAGE][INFO] - Checking called Test Case

2021-11-23 16:41:21 - [MESSAGE][INFO] - Starting to call Test Case 'Test Cases/Popup/PopupButonSecilir'

2021-11-23 16:41:21 - [TEST_CASE][PASSED] - Test Cases/Popup/PopupButonSecilir: Test Cases/Popup/PopupButonSecilir

2021-11-23 16:41:21 - [TEST_STEP][PASSED] - Method.TextDegerineEsitElementeTikla(findTestObject("Popup/Popup_Butons"), Buton): Method.TextDegerineEsitElementeTikla is PASSED

2021-11-23 16:41:21 - [MESSAGE][INFO] - Finding Test Object 'Object Repository/Popup/Popup_Butons'

2021-11-23 16:41:21 - [MESSAGE][INFO] - Checking timeout

2021-11-23 16:41:21 - [MESSAGE][INFO] - Finding web element with id: 'Object Repository/Popup/Popup_Butons' located by 'By.cssSelector: .modal-footer>button' in '10' second(s)

2021-11-23 16:41:21 - [MESSAGE][INFO] - Smart Wait Function is triggered

2021-11-23 16:41:22 - [MESSAGE][INFO] - Found 2 web elements with id: 'Object Repository/Popup/Popup_Butons' located by 'By.cssSelector: .modal-footer>button' in '10' second(s)

2021-11-23 16:41:22 - [MESSAGE][PASSED] - Method.TextDegerineEsitElementeTikla is PASSED

2021-11-23 16:41:22 - [MESSAGE][PASSED] - Call Test Case 'Test Cases/Popup/PopupButonSecilir' successfully

2021-11-23 16:41:22 - [MESSAGE][INFO] - Checking called Test Case

2021-11-23 16:41:22 - [MESSAGE][INFO] - Starting to call Test Case 'Test Cases/Menu/AnaMenuSecimi'

2021-11-23 16:41:22 - [TEST_CASE][PASSED] - Test Cases/Menu/AnaMenuSecimi: Test Cases/Menu/AnaMenuSecimi

2021-11-23 16:41:22 - [TEST_STEP][PASSED] - Method.TextDegerineEsitElementeTikla(findTestObject("Menu/Ana_Menu"), Ana_Menu): Method.TextDegerineEsitElementeTikla is PASSED

2021-11-23 16:41:22 - [MESSAGE][INFO] - Finding Test Object 'Object Repository/Menu/Ana_Menu'

2021-11-23 16:41:22 - [MESSAGE][INFO] - Checking timeout

2021-11-23 16:41:22 - [MESSAGE][INFO] - Finding web element with id: 'Object Repository/Menu/Ana_Menu' located by 'By.xpath: //*[@class = 'dropdown-toggle']' in '10' second(s)

2021-11-23 16:41:22 - [MESSAGE][INFO] - Smart Wait Function is triggered

2021-11-23 16:41:23 - [MESSAGE][INFO] - Found 13 web elements with id: 'Object Repository/Menu/Ana_Menu' located by 'By.xpath: //*[@class = 'dropdown-toggle']' in '10' second(s)

2021-11-23 16:41:23 - [MESSAGE][PASSED] - Method.TextDegerineEsitElementeTikla is PASSED

2021-11-23 16:41:23 - [MESSAGE][PASSED] - Call Test Case 'Test Cases/Menu/AnaMenuSecimi' successfully

2021-11-23 16:41:23 - [MESSAGE][INFO] - Checking called Test Case

2021-11-23 16:41:23 - [MESSAGE][INFO] - Starting to call Test Case 'Test Cases/Menu/BasligaGoreAltMenuSecimi'

2021-11-23 16:41:23 - [TEST_CASE][PASSED] - Test Cases/Menu/BasligaGoreAltMenuSecimi: Test Cases/Menu/BasligaGoreAltMenuSecimi

2021-11-23 16:41:23 - [TEST_STEP][PASSED] - Method.TextDegerineEsitElementinAltindakiTextDegerineEsitOlanaTikla(findTestObject("Menu/Menu_Basligi"), findTestObject("Menu/Basliga_Gore_Alt_Menu"), Baslik, Alt_Menu): Method.TextDegerineEsitElementinAltindakiTextDegerineEsitOlanaTikla is PASSED

2021-11-23 16:41:23 - [MESSAGE][INFO] - Finding Test Object 'Object Repository/Menu/Menu_Basligi'

2021-11-23 16:41:23 - [MESSAGE][INFO] - Finding Test Object 'Object Repository/Menu/Basliga_Gore_Alt_Menu'

2021-11-23 16:41:23 - [MESSAGE][INFO] - Checking timeout

2021-11-23 16:41:23 - [MESSAGE][INFO] - Finding web element with id: 'Object Repository/Menu/Menu_Basligi' located by 'By.xpath: //li[@class='dropdown dropdown-large open']//li[@class='dropdown-header']' in '10' second(s)

2021-11-23 16:41:23 - [MESSAGE][INFO] - Smart Wait Function is triggered

2021-11-23 16:41:24 - [MESSAGE][INFO] - Found 2 web elements with id: 'Object Repository/Menu/Menu_Basligi' located by 'By.xpath: //li[@class='dropdown dropdown-large open']//li[@class='dropdown-header']' in '10' second(s)

2021-11-23 16:41:24 - [MESSAGE][INFO] - Smart Wait Function is triggered

2021-11-23 16:41:25 - [MESSAGE][PASSED] - Method.TextDegerineEsitElementinAltindakiTextDegerineEsitOlanaTikla is PASSED

2021-11-23 16:41:25 - [MESSAGE][PASSED] - Call Test Case 'Test Cases/Menu/BasligaGoreAltMenuSecimi' successfully

2021-11-23 16:41:25 - [MESSAGE][INFO] - Checking called Test Case

2021-11-23 16:41:25 - [MESSAGE][INFO] - Starting to call Test Case 'Test Cases/Filtreler/EttnYaz'

2021-11-23 16:41:25 - [TEST_CASE][PASSED] - Test Cases/Filtreler/EttnYaz: Test Cases/Filtreler/EttnYaz

2021-11-23 16:41:25 - [TEST_STEP][PASSED] - Method.TextDegerineEsitElementinAltindakiTextboxtaYaz(findTestObject("Filtreler/Basliklar"), findTestObject("Filtreler/Basliga_Gore_Textbox"), "ETTN", ettn): Method.TextDegerineEsitElementinAltindakiTextboxtaYaz is PASSED

2021-11-23 16:41:25 - [MESSAGE][INFO] - Finding Test Object 'Object Repository/Filtreler/Basliklar'

2021-11-23 16:41:25 - [MESSAGE][INFO] - Finding Test Object 'Object Repository/Filtreler/Basliga_Gore_Textbox'

2021-11-23 16:41:25 - [MESSAGE][INFO] - Checking timeout

2021-11-23 16:41:25 - [MESSAGE][INFO] - Finding web element with id: 'Object Repository/Filtreler/Basliklar' located by 'By.cssSelector: .control-label.col-sm-4.paddingMarginRLC' in '10' second(s)

2021-11-23 16:41:25 - [MESSAGE][INFO] - Smart Wait Function is triggered

2021-11-23 16:41:25 - [MESSAGE][INFO] - Found 19 web elements with id: 'Object Repository/Filtreler/Basliklar' located by 'By.cssSelector: .control-label.col-sm-4.paddingMarginRLC' in '10' second(s)

2021-11-23 16:41:25 - [MESSAGE][INFO] - Smart Wait Function is triggered

2021-11-23 16:41:26 - [MESSAGE][PASSED] - Method.TextDegerineEsitElementinAltindakiTextboxtaYaz is PASSED

2021-11-23 16:41:26 - [MESSAGE][PASSED] - Call Test Case 'Test Cases/Filtreler/EttnYaz' successfully

2021-11-23 16:41:26 - [MESSAGE][INFO] - Checking called Test Case

2021-11-23 16:41:26 - [MESSAGE][INFO] - Starting to call Test Case 'Test Cases/Filtreler/ButonaTikla'

2021-11-23 16:41:26 - [TEST_CASE][PASSED] - Test Cases/Filtreler/ButonaTikla: Test Cases/Filtreler/ButonaTikla

2021-11-23 16:41:26 - [TEST_STEP][PASSED] - Method.TextDegerineEsitElementeTikla(findTestObject("Filtreler/Butonlar"), Filtre_Buton): Method.TextDegerineEsitElementeTikla is PASSED

2021-11-23 16:41:26 - [MESSAGE][INFO] - Finding Test Object 'Object Repository/Filtreler/Butonlar'

2021-11-23 16:41:26 - [MESSAGE][INFO] - Checking timeout

2021-11-23 16:41:26 - [MESSAGE][INFO] - Finding web element with id: 'Object Repository/Filtreler/Butonlar' located by 'By.cssSelector: .dxb>span' in '10' second(s)

2021-11-23 16:41:26 - [MESSAGE][INFO] - Smart Wait Function is triggered

2021-11-23 16:41:26 - [MESSAGE][INFO] - Found 3 web elements with id: 'Object Repository/Filtreler/Butonlar' located by 'By.cssSelector: .dxb>span' in '10' second(s)

2021-11-23 16:41:26 - [MESSAGE][PASSED] - Method.TextDegerineEsitElementeTikla is PASSED

2021-11-23 16:41:26 - [MESSAGE][PASSED] - Call Test Case 'Test Cases/Filtreler/ButonaTikla' successfully

2021-11-23 16:41:26 - [MESSAGE][INFO] - Checking called Test Case

2021-11-23 16:41:26 - [MESSAGE][INFO] - Starting to call Test Case 'Test Cases/Tablo/TablodaVeriVarMi'

2021-11-23 16:41:26 - [TEST_CASE][PASSED] - Test Cases/Tablo/TablodaVeriVarMi: Test Cases/Tablo/TablodaVeriVarMi

2021-11-23 16:41:26 - [TEST_STEP][PASSED] - verifyTextNotPresent("Görüntülenecek veri yok", true): Text 'Görüntülenecek veri yok' is not present on page using regular expression

2021-11-23 16:41:26 - [MESSAGE][INFO] - Checking text present  using regular expression

2021-11-23 16:41:26 - [MESSAGE][INFO] - Smart Wait Function is triggered

2021-11-23 16:41:27 - [MESSAGE][INFO] - Finding text 'Görüntülenecek veri yok' on page  using regular expression

2021-11-23 16:41:27 - [MESSAGE][PASSED] - Text 'Görüntülenecek veri yok' is not present on page using regular expression

2021-11-23 16:41:27 - [MESSAGE][PASSED] - Call Test Case 'Test Cases/Tablo/TablodaVeriVarMi' successfully

2021-11-23 16:41:27 - [MESSAGE][INFO] - Checking called Test Case

2021-11-23 16:41:27 - [MESSAGE][INFO] - Starting to call Test Case 'Test Cases/Tablo/TablodaVeriBasariliMiArsiv'

2021-11-23 16:41:27 - [TEST_CASE][PASSED] - Test Cases/Tablo/TablodaVeriBasariliMiArsiv: Test Cases/Tablo/TablodaVeriBasariliMiArsiv

2021-11-23 16:41:27 - [TEST_STEP][PASSED] - sayac = 80: null

2021-11-23 16:41:27 - [TEST_STEP][PASSED] - while (verifyElementText(findTestObject("Object Repository/Tablo/DurumBilgisiArsiv"), "Henüz Sonuçlanmadı", OPTIONAL)): Actual text 'Başarılı' and expected text 'Henüz Sonuçlanmadı' of test object 'Object Repository/Tablo/DurumBilgisiArsiv' are NOT matched. (Root cause: com.kms.katalon.core.exception.StepFailedException: Actual text 'Başarılı' and expected text 'Henüz Sonuçlanmadı' of test object 'Object Repository/Tablo/DurumBilgisiArsiv' are NOT matched.
	at com.kms.katalon.core.webui.keyword.internal.WebUIKeywordMain.stepFailed(WebUIKeywordMain.groovy:64)
	at com.kms.katalon.core.webui.keyword.builtin.VerifyElementTextKeyword$_verifyElementText_closure1.doCall(VerifyElementTextKeyword.groovy:57)
	at com.kms.katalon.core.webui.keyword.builtin.VerifyElementTextKeyword$_verifyElementText_closure1.call(VerifyElementTextKeyword.groovy)
	at com.kms.katalon.core.webui.keyword.internal.WebUIKeywordMain.runKeyword(WebUIKeywordMain.groovy:20)
	at com.kms.katalon.core.webui.keyword.builtin.VerifyElementTextKeyword.verifyElementText(VerifyElementTextKeyword.groovy:72)
	at com.kms.katalon.core.webui.keyword.builtin.VerifyElementTextKeyword.execute(VerifyElementTextKeyword.groovy:40)
	at com.kms.katalon.core.keyword.internal.KeywordExecutor.executeKeywordForPlatform(KeywordExecutor.groovy:73)
	at com.kms.katalon.core.webui.keyword.WebUiBuiltInKeywords.verifyElementText(WebUiBuiltInKeywords.groovy:4733)
	at com.kms.katalon.core.webui.keyword.WebUiBuiltInKeywords$verifyElementText$20.call(Unknown Source)
	at TablodaVeriBasariliMiArsiv.run(TablodaVeriBasariliMiArsiv:22)
	at com.kms.katalon.core.main.ScriptEngine.run(ScriptEngine.java:194)
	at com.kms.katalon.core.main.ScriptEngine.runScriptAsRawText(ScriptEngine.java:119)
	at com.kms.katalon.core.main.TestCaseExecutor.runScript(TestCaseExecutor.java:369)
	at com.kms.katalon.core.main.TestCaseExecutor.doExecute(TestCaseExecutor.java:360)
	at com.kms.katalon.core.main.TestCaseExecutor.processExecutionPhase(TestCaseExecutor.java:339)
	at com.kms.katalon.core.main.TestCaseExecutor.accessMainPhase(TestCaseExecutor.java:331)
	at com.kms.katalon.core.main.TestCaseExecutor.execute(TestCaseExecutor.java:248)
	at com.kms.katalon.core.main.TestCaseMain.runTestCase(TestCaseMain.java:138)
	at com.kms.katalon.core.keyword.builtin.CallTestCaseKeyword$_callTestCase_closure1.doCall(CallTestCaseKeyword.groovy:59)
	at com.kms.katalon.core.keyword.builtin.CallTestCaseKeyword$_callTestCase_closure1.call(CallTestCaseKeyword.groovy)
	at com.kms.katalon.core.keyword.internal.KeywordMain.runKeyword(KeywordMain.groovy:68)
	at com.kms.katalon.core.keyword.builtin.CallTestCaseKeyword.callTestCase(CallTestCaseKeyword.groovy:81)
	at com.kms.katalon.core.keyword.builtin.CallTestCaseKeyword.execute(CallTestCaseKeyword.groovy:44)
	at com.kms.katalon.core.keyword.internal.KeywordExecutor.executeKeywordForPlatform(KeywordExecutor.groovy:73)
	at com.kms.katalon.core.keyword.BuiltinKeywords.callTestCase(BuiltinKeywords.groovy:334)
	at tablo.tablo.tablodaVeriBasariliMiArsiv(tablo.groovy:95)
	at cucumber.runtime.Utils$1.call(Utils.java:26)
	at cucumber.runtime.Timeout.timeout(Timeout.java:16)
	at cucumber.runtime.Utils.invoke(Utils.java:20)
	at cucumber.runtime.java.JavaStepDefinition.execute(JavaStepDefinition.java:49)
	at cucumber.runner.PickleStepDefinitionMatch.runStep(PickleStepDefinitionMatch.java:50)
	at cucumber.runner.TestStep.executeStep(TestStep.java:63)
	at cucumber.runner.TestStep.run(TestStep.java:49)
	at cucumber.runner.PickleStepTestStep.run(PickleStepTestStep.java:43)
	at cucumber.runner.TestCase.run(TestCase.java:44)
	at cucumber.runner.Runner.runPickle(Runner.java:40)
	at cucumber.runtime.Runtime$1.run(Runtime.java:84)
	at cucumber.runtime.Runtime$SameThreadExecutorService.execute(Runtime.java:220)
	at cucumber.runtime.Runtime.run(Runtime.java:81)
	at cucumber.api.cli.Main.run(Main.java:26)
	at cucumber.api.cli.Main$run.call(Unknown Source)
	at com.kms.katalon.core.cucumber.keyword.CucumberBuiltinKeywords$_runFeatureFile_closure1.doCall(CucumberBuiltinKeywords.groovy:106)
	at com.kms.katalon.core.cucumber.keyword.CucumberBuiltinKeywords$_runFeatureFile_closure1.doCall(CucumberBuiltinKeywords.groovy)
	at com.kms.katalon.core.keyword.internal.KeywordMain.runKeyword(KeywordMain.groovy:68)
	at com.kms.katalon.core.keyword.internal.KeywordMain$runKeyword.call(Unknown Source)
	at com.kms.katalon.core.cucumber.keyword.CucumberBuiltinKeywords.runFeatureFile(CucumberBuiltinKeywords.groovy:73)
	at com.kms.katalon.core.cucumber.keyword.CucumberBuiltinKeywords$runFeatureFile$0.callStatic(Unknown Source)
	at com.kms.katalon.core.cucumber.keyword.CucumberBuiltinKeywords.runFeatureFile(CucumberBuiltinKeywords.groovy:246)
	at com.kms.katalon.core.cucumber.keyword.CucumberBuiltinKeywords$runFeatureFile.call(Unknown Source)
	at VKN-Elektronik-Iade.run(VKN-Elektronik-Iade:19)
	at com.kms.katalon.core.main.ScriptEngine.run(ScriptEngine.java:194)
	at com.kms.katalon.core.main.ScriptEngine.runScriptAsRawText(ScriptEngine.java:119)
	at com.kms.katalon.core.main.TestCaseExecutor.runScript(TestCaseExecutor.java:369)
	at com.kms.katalon.core.main.TestCaseExecutor.doExecute(TestCaseExecutor.java:360)
	at com.kms.katalon.core.main.TestCaseExecutor.processExecutionPhase(TestCaseExecutor.java:339)
	at com.kms.katalon.core.main.TestCaseExecutor.accessMainPhase(TestCaseExecutor.java:331)
	at com.kms.katalon.core.main.TestCaseExecutor.execute(TestCaseExecutor.java:248)
	at com.kms.katalon.core.main.TestSuiteExecutor.accessTestCaseMainPhase(TestSuiteExecutor.java:191)
	at com.kms.katalon.core.main.TestSuiteExecutor.accessTestSuiteMainPhase(TestSuiteExecutor.java:140)
	at com.kms.katalon.core.main.TestSuiteExecutor.execute(TestSuiteExecutor.java:89)
	at com.kms.katalon.core.main.TestCaseMain.startTestSuite(TestCaseMain.java:181)
	at com.kms.katalon.core.main.TestCaseMain$startTestSuite$0.call(Unknown Source)
	at TempTestSuite1637674444414.run(TempTestSuite1637674444414.groovy:39)
)

2021-11-23 16:41:27 - [MESSAGE][INFO] - Finding Test Object 'Object Repository/Tablo/DurumBilgisiArsiv'

2021-11-23 16:41:27 - [MESSAGE][INFO] - Checking object

2021-11-23 16:41:27 - [MESSAGE][INFO] - Finding web element from Test Object's properties

2021-11-23 16:41:27 - [MESSAGE][INFO] - Checking timeout

2021-11-23 16:41:27 - [MESSAGE][INFO] - Finding web element with id: 'Object Repository/Tablo/DurumBilgisiArsiv' located by 'By.xpath: //*[@id = 'GridViewEArchiveInvoices_tccell0_9']' in '30' second(s)

2021-11-23 16:41:27 - [MESSAGE][INFO] - Smart Wait Function is triggered

2021-11-23 16:41:28 - [MESSAGE][INFO] - Found 1 web elements with id: 'Object Repository/Tablo/DurumBilgisiArsiv' located by 'By.xpath: //*[@id = 'GridViewEArchiveInvoices_tccell0_9']' in '30' second(s)

2021-11-23 16:41:28 - [MESSAGE][WARNING] - Actual text 'Başarılı' and expected text 'Henüz Sonuçlanmadı' of test object 'Object Repository/Tablo/DurumBilgisiArsiv' are NOT matched. (Root cause: com.kms.katalon.core.exception.StepFailedException: Actual text 'Başarılı' and expected text 'Henüz Sonuçlanmadı' of test object 'Object Repository/Tablo/DurumBilgisiArsiv' are NOT matched.
	at com.kms.katalon.core.webui.keyword.internal.WebUIKeywordMain.stepFailed(WebUIKeywordMain.groovy:64)
	at com.kms.katalon.core.webui.keyword.builtin.VerifyElementTextKeyword$_verifyElementText_closure1.doCall(VerifyElementTextKeyword.groovy:57)
	at com.kms.katalon.core.webui.keyword.builtin.VerifyElementTextKeyword$_verifyElementText_closure1.call(VerifyElementTextKeyword.groovy)
	at com.kms.katalon.core.webui.keyword.internal.WebUIKeywordMain.runKeyword(WebUIKeywordMain.groovy:20)
	at com.kms.katalon.core.webui.keyword.builtin.VerifyElementTextKeyword.verifyElementText(VerifyElementTextKeyword.groovy:72)
	at com.kms.katalon.core.webui.keyword.builtin.VerifyElementTextKeyword.execute(VerifyElementTextKeyword.groovy:40)
	at com.kms.katalon.core.keyword.internal.KeywordExecutor.executeKeywordForPlatform(KeywordExecutor.groovy:73)
	at com.kms.katalon.core.webui.keyword.WebUiBuiltInKeywords.verifyElementText(WebUiBuiltInKeywords.groovy:4733)
	at com.kms.katalon.core.webui.keyword.WebUiBuiltInKeywords$verifyElementText$20.call(Unknown Source)
	at TablodaVeriBasariliMiArsiv.run(TablodaVeriBasariliMiArsiv:22)
	at com.kms.katalon.core.main.ScriptEngine.run(ScriptEngine.java:194)
	at com.kms.katalon.core.main.ScriptEngine.runScriptAsRawText(ScriptEngine.java:119)
	at com.kms.katalon.core.main.TestCaseExecutor.runScript(TestCaseExecutor.java:369)
	at com.kms.katalon.core.main.TestCaseExecutor.doExecute(TestCaseExecutor.java:360)
	at com.kms.katalon.core.main.TestCaseExecutor.processExecutionPhase(TestCaseExecutor.java:339)
	at com.kms.katalon.core.main.TestCaseExecutor.accessMainPhase(TestCaseExecutor.java:331)
	at com.kms.katalon.core.main.TestCaseExecutor.execute(TestCaseExecutor.java:248)
	at com.kms.katalon.core.main.TestCaseMain.runTestCase(TestCaseMain.java:138)
	at com.kms.katalon.core.keyword.builtin.CallTestCaseKeyword$_callTestCase_closure1.doCall(CallTestCaseKeyword.groovy:59)
	at com.kms.katalon.core.keyword.builtin.CallTestCaseKeyword$_callTestCase_closure1.call(CallTestCaseKeyword.groovy)
	at com.kms.katalon.core.keyword.internal.KeywordMain.runKeyword(KeywordMain.groovy:68)
	at com.kms.katalon.core.keyword.builtin.CallTestCaseKeyword.callTestCase(CallTestCaseKeyword.groovy:81)
	at com.kms.katalon.core.keyword.builtin.CallTestCaseKeyword.execute(CallTestCaseKeyword.groovy:44)
	at com.kms.katalon.core.keyword.internal.KeywordExecutor.executeKeywordForPlatform(KeywordExecutor.groovy:73)
	at com.kms.katalon.core.keyword.BuiltinKeywords.callTestCase(BuiltinKeywords.groovy:334)
	at tablo.tablo.tablodaVeriBasariliMiArsiv(tablo.groovy:95)
	at cucumber.runtime.Utils$1.call(Utils.java:26)
	at cucumber.runtime.Timeout.timeout(Timeout.java:16)
	at cucumber.runtime.Utils.invoke(Utils.java:20)
	at cucumber.runtime.java.JavaStepDefinition.execute(JavaStepDefinition.java:49)
	at cucumber.runner.PickleStepDefinitionMatch.runStep(PickleStepDefinitionMatch.java:50)
	at cucumber.runner.TestStep.executeStep(TestStep.java:63)
	at cucumber.runner.TestStep.run(TestStep.java:49)
	at cucumber.runner.PickleStepTestStep.run(PickleStepTestStep.java:43)
	at cucumber.runner.TestCase.run(TestCase.java:44)
	at cucumber.runner.Runner.runPickle(Runner.java:40)
	at cucumber.runtime.Runtime$1.run(Runtime.java:84)
	at cucumber.runtime.Runtime$SameThreadExecutorService.execute(Runtime.java:220)
	at cucumber.runtime.Runtime.run(Runtime.java:81)
	at cucumber.api.cli.Main.run(Main.java:26)
	at cucumber.api.cli.Main$run.call(Unknown Source)
	at com.kms.katalon.core.cucumber.keyword.CucumberBuiltinKeywords$_runFeatureFile_closure1.doCall(CucumberBuiltinKeywords.groovy:106)
	at com.kms.katalon.core.cucumber.keyword.CucumberBuiltinKeywords$_runFeatureFile_closure1.doCall(CucumberBuiltinKeywords.groovy)
	at com.kms.katalon.core.keyword.internal.KeywordMain.runKeyword(KeywordMain.groovy:68)
	at com.kms.katalon.core.keyword.internal.KeywordMain$runKeyword.call(Unknown Source)
	at com.kms.katalon.core.cucumber.keyword.CucumberBuiltinKeywords.runFeatureFile(CucumberBuiltinKeywords.groovy:73)
	at com.kms.katalon.core.cucumber.keyword.CucumberBuiltinKeywords$runFeatureFile$0.callStatic(Unknown Source)
	at com.kms.katalon.core.cucumber.keyword.CucumberBuiltinKeywords.runFeatureFile(CucumberBuiltinKeywords.groovy:246)
	at com.kms.katalon.core.cucumber.keyword.CucumberBuiltinKeywords$runFeatureFile.call(Unknown Source)
	at VKN-Elektronik-Iade.run(VKN-Elektronik-Iade:19)
	at com.kms.katalon.core.main.ScriptEngine.run(ScriptEngine.java:194)
	at com.kms.katalon.core.main.ScriptEngine.runScriptAsRawText(ScriptEngine.java:119)
	at com.kms.katalon.core.main.TestCaseExecutor.runScript(TestCaseExecutor.java:369)
	at com.kms.katalon.core.main.TestCaseExecutor.doExecute(TestCaseExecutor.java:360)
	at com.kms.katalon.core.main.TestCaseExecutor.processExecutionPhase(TestCaseExecutor.java:339)
	at com.kms.katalon.core.main.TestCaseExecutor.accessMainPhase(TestCaseExecutor.java:331)
	at com.kms.katalon.core.main.TestCaseExecutor.execute(TestCaseExecutor.java:248)
	at com.kms.katalon.core.main.TestSuiteExecutor.accessTestCaseMainPhase(TestSuiteExecutor.java:191)
	at com.kms.katalon.core.main.TestSuiteExecutor.accessTestSuiteMainPhase(TestSuiteExecutor.java:140)
	at com.kms.katalon.core.main.TestSuiteExecutor.execute(TestSuiteExecutor.java:89)
	at com.kms.katalon.core.main.TestCaseMain.startTestSuite(TestCaseMain.java:181)
	at com.kms.katalon.core.main.TestCaseMain$startTestSuite$0.call(Unknown Source)
	at TempTestSuite1637674444414.run(TempTestSuite1637674444414.groovy:39)
)

2021-11-23 16:41:28 - [TEST_STEP][PASSED] - Method.TextDegerineEsitElementVarMi(findTestObject("Object Repository/Tablo/DurumBilgisiArsiv"), "Başarılı"): Method.TextDegerineEsitElementVarMi is PASSED

2021-11-23 16:41:28 - [MESSAGE][INFO] - Finding Test Object 'Object Repository/Tablo/DurumBilgisiArsiv'

2021-11-23 16:41:28 - [MESSAGE][INFO] - Checking timeout

2021-11-23 16:41:28 - [MESSAGE][INFO] - Finding web element with id: 'Object Repository/Tablo/DurumBilgisiArsiv' located by 'By.xpath: //*[@id = 'GridViewEArchiveInvoices_tccell0_9']' in '10' second(s)

2021-11-23 16:41:28 - [MESSAGE][INFO] - Smart Wait Function is triggered

2021-11-23 16:41:28 - [MESSAGE][INFO] - Found 1 web elements with id: 'Object Repository/Tablo/DurumBilgisiArsiv' located by 'By.xpath: //*[@id = 'GridViewEArchiveInvoices_tccell0_9']' in '10' second(s)

2021-11-23 16:41:28 - [MESSAGE][PASSED] - Method.TextDegerineEsitElementVarMi is PASSED

2021-11-23 16:41:28 - [MESSAGE][PASSED] - Call Test Case 'Test Cases/Tablo/TablodaVeriBasariliMiArsiv' successfully

2021-11-23 16:41:28 - [MESSAGE][INFO] - Checking called Test Case

2021-11-23 16:41:28 - [MESSAGE][INFO] - Starting to call Test Case 'Test Cases/Kullanici_Islemleri/KullaniciIslemlerindenSecimYapilir'

2021-11-23 16:41:28 - [TEST_CASE][PASSED] - Test Cases/Kullanici_Islemleri/KullaniciIslemlerindenSecimYapilir: Test Cases/Kullanici_Islemleri/KullaniciIslemlerindenSecimYapilir

2021-11-23 16:41:28 - [TEST_STEP][PASSED] - waitForElementClickable(findTestObject("Object Repository/Kullanici_Islemleri/KullaniciIslemleri"), 10): Object 'Object Repository/Kullanici_Islemleri/KullaniciIslemleri' is clickable

2021-11-23 16:41:28 - [MESSAGE][INFO] - Finding Test Object 'Object Repository/Kullanici_Islemleri/KullaniciIslemleri'

2021-11-23 16:41:28 - [MESSAGE][INFO] - Checking object

2021-11-23 16:41:28 - [MESSAGE][INFO] - Checking timeout

2021-11-23 16:41:28 - [MESSAGE][INFO] - Finding web element from Test Object's properties

2021-11-23 16:41:28 - [MESSAGE][INFO] - Checking timeout

2021-11-23 16:41:28 - [MESSAGE][INFO] - Finding web element with id: 'Object Repository/Kullanici_Islemleri/KullaniciIslemleri' located by 'By.cssSelector: .dropdown>a>img' in '10' second(s)

2021-11-23 16:41:28 - [MESSAGE][INFO] - Smart Wait Function is triggered

2021-11-23 16:41:28 - [MESSAGE][INFO] - Found 1 web elements with id: 'Object Repository/Kullanici_Islemleri/KullaniciIslemleri' located by 'By.cssSelector: .dropdown>a>img' in '10' second(s)

2021-11-23 16:41:28 - [MESSAGE][PASSED] - Object 'Object Repository/Kullanici_Islemleri/KullaniciIslemleri' is clickable

2021-11-23 16:41:28 - [TEST_STEP][PASSED] - click(findTestObject("Object Repository/Kullanici_Islemleri/KullaniciIslemleri")): Object: 'Object Repository/Kullanici_Islemleri/KullaniciIslemleri' is clicked on

2021-11-23 16:41:28 - [MESSAGE][INFO] - Finding Test Object 'Object Repository/Kullanici_Islemleri/KullaniciIslemleri'

2021-11-23 16:41:28 - [MESSAGE][INFO] - Checking object

2021-11-23 16:41:28 - [MESSAGE][INFO] - Finding web element from Test Object's properties

2021-11-23 16:41:28 - [MESSAGE][INFO] - Checking timeout

2021-11-23 16:41:28 - [MESSAGE][INFO] - Finding web element with id: 'Object Repository/Kullanici_Islemleri/KullaniciIslemleri' located by 'By.cssSelector: .dropdown>a>img' in '30' second(s)

2021-11-23 16:41:28 - [MESSAGE][INFO] - Smart Wait Function is triggered

2021-11-23 16:41:29 - [MESSAGE][INFO] - Found 1 web elements with id: 'Object Repository/Kullanici_Islemleri/KullaniciIslemleri' located by 'By.cssSelector: .dropdown>a>img' in '30' second(s)

2021-11-23 16:41:29 - [MESSAGE][INFO] - Clicking on object: 'Object Repository/Kullanici_Islemleri/KullaniciIslemleri'

2021-11-23 16:41:29 - [MESSAGE][PASSED] - Object: 'Object Repository/Kullanici_Islemleri/KullaniciIslemleri' is clicked on

2021-11-23 16:41:29 - [TEST_STEP][PASSED] - Method.TextDegerineEsitElementeTikla(findTestObject("Object Repository/Kullanici_Islemleri/Secenekler"), Islem): Method.TextDegerineEsitElementeTikla is PASSED

2021-11-23 16:41:29 - [MESSAGE][INFO] - Finding Test Object 'Object Repository/Kullanici_Islemleri/Secenekler'

2021-11-23 16:41:29 - [MESSAGE][INFO] - Checking timeout

2021-11-23 16:41:29 - [MESSAGE][INFO] - Finding web element with id: 'Object Repository/Kullanici_Islemleri/Secenekler' located by 'By.cssSelector: .nav.navbar-nav.navbar-right li a' in '10' second(s)

2021-11-23 16:41:29 - [MESSAGE][INFO] - Smart Wait Function is triggered

2021-11-23 16:41:29 - [MESSAGE][INFO] - Found 20 web elements with id: 'Object Repository/Kullanici_Islemleri/Secenekler' located by 'By.cssSelector: .nav.navbar-nav.navbar-right li a' in '10' second(s)

2021-11-23 16:41:32 - [MESSAGE][PASSED] - Method.TextDegerineEsitElementeTikla is PASSED

2021-11-23 16:41:32 - [TEST_STEP][PASSED] - verifyElementNotPresent(findTestObject("Object Repository/Kullanici_Islemleri/Secenekler"), 10): Web element with id: 'Object Repository/Kullanici_Islemleri/Secenekler' located by 'By.cssSelector: .nav.navbar-nav.navbar-right li a' is not present after '10' second(s)

2021-11-23 16:41:32 - [MESSAGE][INFO] - Finding Test Object 'Object Repository/Kullanici_Islemleri/Secenekler'

2021-11-23 16:41:32 - [MESSAGE][INFO] - Checking object

2021-11-23 16:41:32 - [MESSAGE][INFO] - Checking timeout

2021-11-23 16:41:32 - [MESSAGE][INFO] - Finding web element with id: 'Object Repository/Kullanici_Islemleri/Secenekler' located by 'By.cssSelector: .nav.navbar-nav.navbar-right li a' in '10' second(s)

2021-11-23 16:41:32 - [MESSAGE][INFO] - Smart Wait Function is triggered

2021-11-23 16:41:32 - [MESSAGE][PASSED] - Web element with id: 'Object Repository/Kullanici_Islemleri/Secenekler' located by 'By.cssSelector: .nav.navbar-nav.navbar-right li a' is not present after '10' second(s)

2021-11-23 16:41:32 - [MESSAGE][PASSED] - Call Test Case 'Test Cases/Kullanici_Islemleri/KullaniciIslemlerindenSecimYapilir' successfully

2021-11-23 16:41:32 - [TEST_CASE][PASSED] - Start Test Case : SCENARIO Gonderim tipi Kagit ve Iade tipinde e-Arsiv faturasi olusturulmasi: SCENARIO Gonderim tipi Kagit ve Iade tipinde e-Arsiv faturasi olusturulmasi

2021-11-23 16:41:32 - [TEST_STEP][PASSED] - Kullanıcı adı EARIADE ve Şifre test1234 olarak giriş yapılır: Kullanıcı adı EARIADE ve Şifre test1234 olarak giriş yapılır

2021-11-23 16:41:32 - [MESSAGE][PASSED] - Kullanıcı adı EARIADE ve Şifre test1234 olarak giriş yapılır

2021-11-23 16:41:32 - [TEST_STEP][PASSED] - Ana menüden e-Arşiv seçilir: Ana menüden e-Arşiv seçilir

2021-11-23 16:41:32 - [MESSAGE][PASSED] - Ana menüden e-Arşiv seçilir

2021-11-23 16:41:32 - [TEST_STEP][PASSED] - Alt menü e-Arşiv Araçları başlığı altındaki e-Arşiv Fatura Oluşturma seçilir: Alt menü e-Arşiv Araçları başlığı altındaki e-Arşiv Fatura Oluşturma seçilir

2021-11-23 16:41:32 - [MESSAGE][PASSED] - Alt menü e-Arşiv Araçları başlığı altındaki e-Arşiv Fatura Oluşturma seçilir

2021-11-23 16:41:32 - [TEST_STEP][PASSED] - Tablodaki tüm veriler silinir: Tablodaki tüm veriler silinir

2021-11-23 16:41:32 - [MESSAGE][PASSED] - Tablodaki tüm veriler silinir

2021-11-23 16:41:32 - [TEST_STEP][PASSED] - Butonlardan Ekle isimli butona tıklanır: Butonlardan Ekle isimli butona tıklanır

2021-11-23 16:41:32 - [MESSAGE][PASSED] - Butonlardan Ekle isimli butona tıklanır

2021-11-23 16:41:32 - [TEST_STEP][PASSED] - Görsel tasarım sayfasının e-Arşiv Fatura Bilgileri başlığını içerdiği kontrol edilir: Görsel tasarım sayfasının e-Arşiv Fatura Bilgileri başlığını içerdiği kontrol edilir

2021-11-23 16:41:32 - [MESSAGE][PASSED] - Görsel tasarım sayfasının e-Arşiv Fatura Bilgileri başlığını içerdiği kontrol edilir

2021-11-23 16:41:32 - [TEST_STEP][PASSED] - Alıcı adı alanına UC0003 girilir: Alıcı adı alanına UC0003 girilir

2021-11-23 16:41:32 - [MESSAGE][PASSED] - Alıcı adı alanına UC0003 girilir

2021-11-23 16:41:32 - [TEST_STEP][PASSED] - Gönderim Şekli Elektronik olarak seçilir: Gönderim Şekli Elektronik olarak seçilir

2021-11-23 16:41:32 - [MESSAGE][PASSED] - Gönderim Şekli Elektronik olarak seçilir

2021-11-23 16:41:32 - [TEST_STEP][PASSED] - Tip alanından İade seçilir: Tip alanından İade seçilir

2021-11-23 16:41:32 - [MESSAGE][PASSED] - Tip alanından İade seçilir

2021-11-23 16:41:32 - [TEST_STEP][PASSED] - Döküman Para Birimi alanından Türk Lirası seçilir: Döküman Para Birimi alanından Türk Lirası seçilir

2021-11-23 16:41:32 - [MESSAGE][PASSED] - Döküman Para Birimi alanından Türk Lirası seçilir

2021-11-23 16:41:32 - [TEST_STEP][PASSED] - Ön Ek EAR olarak seçilir: Ön Ek EAR olarak seçilir

2021-11-23 16:41:32 - [MESSAGE][PASSED] - Ön Ek EAR olarak seçilir

2021-11-23 16:41:32 - [TEST_STEP][PASSED] - Tasarım alanından Otomasyon seçilir: Tasarım alanından Otomasyon seçilir

2021-11-23 16:41:32 - [MESSAGE][PASSED] - Tasarım alanından Otomasyon seçilir

2021-11-23 16:41:32 - [TEST_STEP][PASSED] - Sipariş bilgileri UUC-SAT-1200001 ve 31.04.2020 olarak girilir: Sipariş bilgileri UUC-SAT-1200001 ve 31.04.2020 olarak girilir

2021-11-23 16:41:32 - [MESSAGE][PASSED] - Sipariş bilgileri UUC-SAT-1200001 ve 31.04.2020 olarak girilir

2021-11-23 16:41:32 - [TEST_STEP][PASSED] - İrsaliye Bilgileri AAAAAAAAAA,31.04.2020 olarak girilir: İrsaliye Bilgileri AAAAAAAAAA,31.04.2020 olarak girilir

2021-11-23 16:41:32 - [MESSAGE][PASSED] - İrsaliye Bilgileri AAAAAAAAAA,31.04.2020 olarak girilir

2021-11-23 16:41:32 - [TEST_STEP][PASSED] - Ekle butonuna basılır: Ekle butonuna basılır

2021-11-23 16:41:32 - [MESSAGE][PASSED] - Ekle butonuna basılır

2021-11-23 16:41:32 - [TEST_STEP][PASSED] - Ürün ekleme alanında Mal/Hizmet başlığına Otomasyon girilir: Ürün ekleme alanında Mal/Hizmet başlığına Otomasyon girilir

2021-11-23 16:41:32 - [MESSAGE][PASSED] - Ürün ekleme alanında Mal/Hizmet başlığına Otomasyon girilir

2021-11-23 16:41:32 - [TEST_STEP][PASSED] - Ürün ekleme alanında Açıklaması başlığına Virgosol girilir: Ürün ekleme alanında Açıklaması başlığına Virgosol girilir

2021-11-23 16:41:32 - [MESSAGE][PASSED] - Ürün ekleme alanında Açıklaması başlığına Virgosol girilir

2021-11-23 16:41:32 - [TEST_STEP][PASSED] - Ürün ekleme alanında Miktarı başlığına 400 girilir: Ürün ekleme alanında Miktarı başlığına 400 girilir

2021-11-23 16:41:32 - [MESSAGE][PASSED] - Ürün ekleme alanında Miktarı başlığına 400 girilir

2021-11-23 16:41:32 - [TEST_STEP][PASSED] - Ürün ekleme alanında Birim Fiyat başlığına 100 girilir: Ürün ekleme alanında Birim Fiyat başlığına 100 girilir

2021-11-23 16:41:32 - [MESSAGE][PASSED] - Ürün ekleme alanında Birim Fiyat başlığına 100 girilir

2021-11-23 16:41:32 - [TEST_STEP][PASSED] - Ürün ekleme alanında İskonto Oranı % başlığına 10 girilir: Ürün ekleme alanında İskonto Oranı % başlığına 10 girilir

2021-11-23 16:41:32 - [MESSAGE][PASSED] - Ürün ekleme alanında İskonto Oranı % başlığına 10 girilir

2021-11-23 16:41:32 - [TEST_STEP][PASSED] - Notlar alanına Otomasyon Not girilir: Notlar alanına Otomasyon Not girilir

2021-11-23 16:41:32 - [MESSAGE][PASSED] - Notlar alanına Otomasyon Not girilir

2021-11-23 16:41:32 - [TEST_STEP][PASSED] - Ettn bilgisi kayıt edilir: Ettn bilgisi kayıt edilir

2021-11-23 16:41:32 - [MESSAGE][PASSED] - Ettn bilgisi kayıt edilir

2021-11-23 16:41:32 - [TEST_STEP][PASSED] - Kaydet butonu seçilir: Kaydet butonu seçilir

2021-11-23 16:41:32 - [MESSAGE][PASSED] - Kaydet butonu seçilir

2021-11-23 16:41:32 - [TEST_STEP][PASSED] - Tabloda Ettn bilgisi kaydedilen veri oluşturuldu mu: Tabloda Ettn bilgisi kaydedilen veri oluşturuldu mu

2021-11-23 16:41:32 - [MESSAGE][PASSED] - Tabloda Ettn bilgisi kaydedilen veri oluşturuldu mu

2021-11-23 16:41:32 - [TEST_STEP][PASSED] - Tablodan Ettn bilgisi kaydedilen veri seçilir: Tablodan Ettn bilgisi kaydedilen veri seçilir

2021-11-23 16:41:32 - [MESSAGE][PASSED] - Tablodan Ettn bilgisi kaydedilen veri seçilir

2021-11-23 16:41:32 - [TEST_STEP][PASSED] - Butonlardan Numara Oluştur isimli butona tıklanır: Butonlardan Numara Oluştur isimli butona tıklanır

2021-11-23 16:41:32 - [MESSAGE][PASSED] - Butonlardan Numara Oluştur isimli butona tıklanır

2021-11-23 16:41:32 - [TEST_STEP][PASSED] - Popup mesajı Devam etmek istiyor musunuz içeriyor mu: Popup mesajı Devam etmek istiyor musunuz içeriyor mu

2021-11-23 16:41:32 - [MESSAGE][PASSED] - Popup mesajı Devam etmek istiyor musunuz içeriyor mu

2021-11-23 16:41:32 - [TEST_STEP][PASSED] - Yönetim popupında Evet seçilir: Yönetim popupında Evet seçilir

2021-11-23 16:41:32 - [MESSAGE][PASSED] - Yönetim popupında Evet seçilir

2021-11-23 16:41:32 - [TEST_STEP][PASSED] - Popup mesajı oluşmuştur içeriyor mu: Popup mesajı oluşmuştur içeriyor mu

2021-11-23 16:41:32 - [MESSAGE][PASSED] - Popup mesajı oluşmuştur içeriyor mu

2021-11-23 16:41:32 - [TEST_STEP][PASSED] - Yönetim popupında Tamam seçilir: Yönetim popupında Tamam seçilir

2021-11-23 16:41:32 - [MESSAGE][PASSED] - Yönetim popupında Tamam seçilir

2021-11-23 16:41:32 - [TEST_STEP][PASSED] - Tablodan Ettn bilgisi kaydedilen veri seçilir: Tablodan Ettn bilgisi kaydedilen veri seçilir

2021-11-23 16:41:32 - [MESSAGE][PASSED] - Tablodan Ettn bilgisi kaydedilen veri seçilir

2021-11-23 16:41:32 - [TEST_STEP][PASSED] - Butonlardan Gönder isimli butona tıklanır: Butonlardan Gönder isimli butona tıklanır

2021-11-23 16:41:32 - [MESSAGE][PASSED] - Butonlardan Gönder isimli butona tıklanır

2021-11-23 16:41:32 - [TEST_STEP][PASSED] - Popup mesajı Devam etmek istiyor musunuz içeriyor mu: Popup mesajı Devam etmek istiyor musunuz içeriyor mu

2021-11-23 16:41:32 - [MESSAGE][PASSED] - Popup mesajı Devam etmek istiyor musunuz içeriyor mu

2021-11-23 16:41:32 - [TEST_STEP][PASSED] - Yönetim popupında Evet seçilir: Yönetim popupında Evet seçilir

2021-11-23 16:41:32 - [MESSAGE][PASSED] - Yönetim popupında Evet seçilir

2021-11-23 16:41:32 - [TEST_STEP][PASSED] - Ana menüden e-Arşiv seçilir: Ana menüden e-Arşiv seçilir

2021-11-23 16:41:32 - [MESSAGE][PASSED] - Ana menüden e-Arşiv seçilir

2021-11-23 16:41:32 - [TEST_STEP][PASSED] - Alt menü e-Arşiv Hareketleri başlığı altındaki e-Arşiv Faturaları seçilir: Alt menü e-Arşiv Hareketleri başlığı altındaki e-Arşiv Faturaları seçilir

2021-11-23 16:41:32 - [MESSAGE][PASSED] - Alt menü e-Arşiv Hareketleri başlığı altındaki e-Arşiv Faturaları seçilir

2021-11-23 16:41:32 - [TEST_STEP][PASSED] - Filtrelerden Ettn filtresine Ettn bilgisi yaz: Filtrelerden Ettn filtresine Ettn bilgisi yaz

2021-11-23 16:41:32 - [MESSAGE][PASSED] - Filtrelerden Ettn filtresine Ettn bilgisi yaz

2021-11-23 16:41:32 - [TEST_STEP][PASSED] - Filtre butonlarından Listele seçilir: Filtre butonlarından Listele seçilir

2021-11-23 16:41:32 - [MESSAGE][PASSED] - Filtre butonlarından Listele seçilir

2021-11-23 16:41:32 - [TEST_STEP][PASSED] - Tabloda veri var mı kontrol edilir: Tabloda veri var mı kontrol edilir

2021-11-23 16:41:32 - [MESSAGE][PASSED] - Tabloda veri var mı kontrol edilir

2021-11-23 16:41:32 - [TEST_STEP][PASSED] - Tabloda yeni oluşturulan eArsiv verisi başarılı mı: Tabloda yeni oluşturulan eArsiv verisi başarılı mı

2021-11-23 16:41:32 - [MESSAGE][PASSED] - Tabloda yeni oluşturulan eArsiv verisi başarılı mı

2021-11-23 16:41:32 - [TEST_STEP][PASSED] - Kullanıcı işlemlerinden Çıkış seçilir: Kullanıcı işlemlerinden Çıkış seçilir

2021-11-23 16:41:32 - [MESSAGE][PASSED] - Kullanıcı işlemlerinden Çıkış seçilir

2021-11-23 16:41:32 - [MESSAGE][PASSED] - Feature file: 'Include/features/Regresyon/e-Arsiv/VKN-Elektronik-Iade.feature' was passed

2021-11-23 16:41:32 - [TEST_STEP][PASSED] - Start listener action : sampleAfterTestSuite: Invoke 'com.kms.katalon.core.annotation.AfterTestCase' method: 'Listener.sampleAfterTestSuite(...)' completed.

2021-11-23 16:41:32 - [MESSAGE][INFO] - Starting invoke 'com.kms.katalon.core.annotation.AfterTestCase' method: 'Listener.sampleAfterTestSuite(...)'

2021-11-23 16:41:32 - [TEST_STEP][PASSED] - closeBrowser(): Invoke 'com.kms.katalon.core.annotation.AfterTestCase' method: 'Listener.sampleAfterTestSuite(...)' completed.

2021-11-23 16:41:32 - [MESSAGE][INFO] - Closing browser

2021-11-23 16:41:33 - [MESSAGE][PASSED] - Browser is closed

2021-11-23 16:41:33 - [MESSAGE][INFO] - Invoke 'com.kms.katalon.core.annotation.AfterTestCase' method: 'Listener.sampleAfterTestSuite(...)' completed.]]></system-out>
         <system-err><![CDATA[]]></system-err>
      </testcase>
      <testcase name="Test Cases/Case Repository/Regresyon/e-Arsiv/VKN-Elektronik-Ihrac Kayitli" time="125.554" classname="Test Cases/Case Repository/Regresyon/e-Arsiv/VKN-Elektronik-Ihrac Kayitli" status="PASSED">
         <system-out><![CDATA[2021-11-23 16:41:33 - [TEST_CASE][PASSED] - Test Cases/Case Repository/Regresyon/e-Arsiv/VKN-Elektronik-Ihrac Kayitli: Test Cases/Case Repository/Regresyon/e-Arsiv/VKN-Elektronik-Ihrac Kayitli

2021-11-23 16:41:33 - [TEST_STEP][PASSED] - Start listener action : sampleBeforeTestSuite: Invoke 'com.kms.katalon.core.annotation.BeforeTestCase' method: 'Listener.sampleBeforeTestSuite(...)' completed.

2021-11-23 16:41:33 - [MESSAGE][INFO] - Starting invoke 'com.kms.katalon.core.annotation.BeforeTestCase' method: 'Listener.sampleBeforeTestSuite(...)'

2021-11-23 16:41:33 - [TEST_STEP][PASSED] - openBrowser(baseUrl): Browser is opened with url: 'https://efatura-stage.elogo.com.tr/'

2021-11-23 16:41:33 - [MESSAGE][INFO] - Opening browser

2021-11-23 16:41:33 - [MESSAGE][INFO] - Starting 'Chrome' driver

2021-11-23 16:41:33 - [MESSAGE][INFO] - User set preference: ['prefs', '{download.default_directory=C:\otomasyondownfiles}']

2021-11-23 16:41:33 - [MESSAGE][INFO] - Action delay is set to 0 milliseconds

2021-11-23 16:41:34 - [MESSAGE][INFO] - Navigating browser to: 'https://efatura-stage.elogo.com.tr/'

2021-11-23 16:41:37 - [MESSAGE][PASSED] - Browser is opened with url: 'https://efatura-stage.elogo.com.tr/'

2021-11-23 16:41:37 - [TEST_STEP][PASSED] - maximizeWindow(): Invoke 'com.kms.katalon.core.annotation.BeforeTestCase' method: 'Listener.sampleBeforeTestSuite(...)' completed.

2021-11-23 16:41:37 - [MESSAGE][INFO] - Maximizing current window

2021-11-23 16:41:37 - [MESSAGE][PASSED] - Current window maximized

2021-11-23 16:41:37 - [MESSAGE][INFO] - Invoke 'com.kms.katalon.core.annotation.BeforeTestCase' method: 'Listener.sampleBeforeTestSuite(...)' completed.

2021-11-23 16:41:38 - [TEST_STEP][PASSED] - runFeatureFile("Include/features/Regresyon/e-Arsiv/VKN-Elektronik-Ihrac Kayitli.feature"): Feature file: 'Include/features/Regresyon/e-Arsiv/VKN-Elektronik-Ihrac Kayitli.feature' was passed

2021-11-23 16:41:38 - [MESSAGE][INFO] - Starting run keyword runFeatureFile: 'Include/features/Regresyon/e-Arsiv/VKN-Elektronik-Ihrac Kayitli.feature' and extract report to folder: 'C:\Users\DELL\Documents\GitHub\EES_KatalonLogo\Reports\20211123_163326\Suite Repository\Regresyon-eArsiv-eMakbuz\20211123_163404/cucumber_report/1637674898428'...

2021-11-23 16:41:38 - [MESSAGE][INFO] - Glue: []

2021-11-23 16:41:41 - [MESSAGE][INFO] - Checking called Test Case

2021-11-23 16:41:41 - [MESSAGE][INFO] - Starting to call Test Case 'Test Cases/Sayfalar/Giris_Sayfasi/Login'

2021-11-23 16:41:41 - [TEST_CASE][PASSED] - Test Cases/Sayfalar/Giris_Sayfasi/Login: Test Cases/Sayfalar/Giris_Sayfasi/Login

2021-11-23 16:41:41 - [TEST_STEP][PASSED] - Sayfa_Basligi = getWindowTitle(): Current window's title is: 'LOGO e-Fatura'

2021-11-23 16:41:41 - [MESSAGE][INFO] - Getting current window's title

2021-11-23 16:41:41 - [MESSAGE][PASSED] - Current window's title is: 'LOGO e-Fatura'

2021-11-23 16:41:41 - [TEST_STEP][PASSED] - verifyMatch(Sayfa_Basligi, "LOGO e-Fatura", false): Actual text 'LOGO e-Fatura' and expected text 'LOGO e-Fatura' are matched 

2021-11-23 16:41:41 - [MESSAGE][INFO] - Matching actual text 'LOGO e-Fatura' with expected text 'LOGO e-Fatura'

2021-11-23 16:41:41 - [MESSAGE][PASSED] - Actual text 'LOGO e-Fatura' and expected text 'LOGO e-Fatura' are matched 

2021-11-23 16:41:41 - [TEST_STEP][PASSED] - sendKeys(findTestObject("Sayfalar/Giris_Sayfasi/Firma_Kodu"), KullaniciAdi): Keys 'EARIHRAC' sent to object: 'Object Repository/Sayfalar/Giris_Sayfasi/Firma_Kodu'

2021-11-23 16:41:41 - [MESSAGE][INFO] - Finding Test Object 'Object Repository/Sayfalar/Giris_Sayfasi/Firma_Kodu'

2021-11-23 16:41:41 - [MESSAGE][INFO] - Sending keys 'EARIHRAC' to object: 'Object Repository/Sayfalar/Giris_Sayfasi/Firma_Kodu'

2021-11-23 16:41:41 - [MESSAGE][INFO] - Finding web element from Test Object's properties

2021-11-23 16:41:41 - [MESSAGE][INFO] - Checking timeout

2021-11-23 16:41:41 - [MESSAGE][INFO] - Finding web element with id: 'Object Repository/Sayfalar/Giris_Sayfasi/Firma_Kodu' located by 'By.xpath: //*[@id = 'AccountName']' in '30' second(s)

2021-11-23 16:41:41 - [MESSAGE][INFO] - Smart Wait Function is triggered

2021-11-23 16:41:41 - [MESSAGE][INFO] - Found 1 web elements with id: 'Object Repository/Sayfalar/Giris_Sayfasi/Firma_Kodu' located by 'By.xpath: //*[@id = 'AccountName']' in '30' second(s)

2021-11-23 16:41:41 - [MESSAGE][PASSED] - Keys 'EARIHRAC' sent to object: 'Object Repository/Sayfalar/Giris_Sayfasi/Firma_Kodu'

2021-11-23 16:41:41 - [TEST_STEP][PASSED] - sendKeys(findTestObject("Sayfalar/Giris_Sayfasi/Sifre"), Sifre): Keys 'test1234' sent to object: 'Object Repository/Sayfalar/Giris_Sayfasi/Sifre'

2021-11-23 16:41:41 - [MESSAGE][INFO] - Finding Test Object 'Object Repository/Sayfalar/Giris_Sayfasi/Sifre'

2021-11-23 16:41:41 - [MESSAGE][INFO] - Sending keys 'test1234' to object: 'Object Repository/Sayfalar/Giris_Sayfasi/Sifre'

2021-11-23 16:41:41 - [MESSAGE][INFO] - Finding web element from Test Object's properties

2021-11-23 16:41:41 - [MESSAGE][INFO] - Checking timeout

2021-11-23 16:41:41 - [MESSAGE][INFO] - Finding web element with id: 'Object Repository/Sayfalar/Giris_Sayfasi/Sifre' located by 'By.xpath: //*[@id = 'Password']' in '30' second(s)

2021-11-23 16:41:41 - [MESSAGE][INFO] - Smart Wait Function is triggered

2021-11-23 16:41:42 - [MESSAGE][INFO] - Found 1 web elements with id: 'Object Repository/Sayfalar/Giris_Sayfasi/Sifre' located by 'By.xpath: //*[@id = 'Password']' in '30' second(s)

2021-11-23 16:41:42 - [MESSAGE][PASSED] - Keys 'test1234' sent to object: 'Object Repository/Sayfalar/Giris_Sayfasi/Sifre'

2021-11-23 16:41:42 - [TEST_STEP][PASSED] - findWebElement(findTestObject("Sayfalar/Giris_Sayfasi/Giris_Butonu")).click(): Found 1 web elements with id: 'Object Repository/Sayfalar/Giris_Sayfasi/Giris_Butonu' located by 'By.cssSelector: #btnLogin' in '30' second(s)

2021-11-23 16:41:42 - [MESSAGE][INFO] - Finding Test Object 'Object Repository/Sayfalar/Giris_Sayfasi/Giris_Butonu'

2021-11-23 16:41:42 - [MESSAGE][INFO] - Finding web element from Test Object's properties

2021-11-23 16:41:42 - [MESSAGE][INFO] - Checking timeout

2021-11-23 16:41:42 - [MESSAGE][INFO] - Finding web element with id: 'Object Repository/Sayfalar/Giris_Sayfasi/Giris_Butonu' located by 'By.cssSelector: #btnLogin' in '30' second(s)

2021-11-23 16:41:42 - [MESSAGE][INFO] - Smart Wait Function is triggered

2021-11-23 16:41:42 - [MESSAGE][INFO] - Found 1 web elements with id: 'Object Repository/Sayfalar/Giris_Sayfasi/Giris_Butonu' located by 'By.cssSelector: #btnLogin' in '30' second(s)

2021-11-23 16:41:44 - [TEST_STEP][PASSED] - if (verifyElementPresent(findTestObject("Object Repository/Sayfalar/Giris_Sayfasi/RetveTamam_Butonu"), 5, OPTIONAL)): null

2021-11-23 16:41:44 - [MESSAGE][INFO] - Finding Test Object 'Object Repository/Sayfalar/Giris_Sayfasi/RetveTamam_Butonu'

2021-11-23 16:41:44 - [MESSAGE][INFO] - Checking object

2021-11-23 16:41:44 - [MESSAGE][INFO] - Finding web element from Test Object's properties

2021-11-23 16:41:44 - [MESSAGE][INFO] - Checking timeout

2021-11-23 16:41:44 - [MESSAGE][INFO] - Finding web element with id: 'Object Repository/Sayfalar/Giris_Sayfasi/RetveTamam_Butonu' located by 'By.xpath: //*[@class = 'btn btn-default']' in '5' second(s)

2021-11-23 16:41:44 - [MESSAGE][INFO] - Smart Wait Function is triggered

2021-11-23 16:41:44 - [MESSAGE][INFO] - Found 1 web elements with id: 'Object Repository/Sayfalar/Giris_Sayfasi/RetveTamam_Butonu' located by 'By.xpath: //*[@class = 'btn btn-default']' in '5' second(s)

2021-11-23 16:41:44 - [MESSAGE][PASSED] - Object 'Object Repository/Sayfalar/Giris_Sayfasi/RetveTamam_Butonu' is present

2021-11-23 16:41:44 - [TEST_STEP][PASSED] - click(findTestObject("Object Repository/Sayfalar/Giris_Sayfasi/RetveTamam_Butonu")): Object: 'Object Repository/Sayfalar/Giris_Sayfasi/RetveTamam_Butonu' is clicked on

2021-11-23 16:41:44 - [MESSAGE][INFO] - Finding Test Object 'Object Repository/Sayfalar/Giris_Sayfasi/RetveTamam_Butonu'

2021-11-23 16:41:44 - [MESSAGE][INFO] - Checking object

2021-11-23 16:41:44 - [MESSAGE][INFO] - Finding web element from Test Object's properties

2021-11-23 16:41:44 - [MESSAGE][INFO] - Checking timeout

2021-11-23 16:41:44 - [MESSAGE][INFO] - Finding web element with id: 'Object Repository/Sayfalar/Giris_Sayfasi/RetveTamam_Butonu' located by 'By.xpath: //*[@class = 'btn btn-default']' in '30' second(s)

2021-11-23 16:41:44 - [MESSAGE][INFO] - Smart Wait Function is triggered

2021-11-23 16:41:45 - [MESSAGE][INFO] - Found 1 web elements with id: 'Object Repository/Sayfalar/Giris_Sayfasi/RetveTamam_Butonu' located by 'By.xpath: //*[@class = 'btn btn-default']' in '30' second(s)

2021-11-23 16:41:45 - [MESSAGE][INFO] - Clicking on object: 'Object Repository/Sayfalar/Giris_Sayfasi/RetveTamam_Butonu'

2021-11-23 16:41:45 - [MESSAGE][PASSED] - Object: 'Object Repository/Sayfalar/Giris_Sayfasi/RetveTamam_Butonu' is clicked on

2021-11-23 16:41:45 - [TEST_STEP][PASSED] - click(findTestObject("Object Repository/Sayfalar/Giris_Sayfasi/RetveTamam_Butonu")): Object: 'Object Repository/Sayfalar/Giris_Sayfasi/RetveTamam_Butonu' is clicked on

2021-11-23 16:41:45 - [MESSAGE][INFO] - Finding Test Object 'Object Repository/Sayfalar/Giris_Sayfasi/RetveTamam_Butonu'

2021-11-23 16:41:45 - [MESSAGE][INFO] - Checking object

2021-11-23 16:41:45 - [MESSAGE][INFO] - Finding web element from Test Object's properties

2021-11-23 16:41:45 - [MESSAGE][INFO] - Checking timeout

2021-11-23 16:41:45 - [MESSAGE][INFO] - Finding web element with id: 'Object Repository/Sayfalar/Giris_Sayfasi/RetveTamam_Butonu' located by 'By.xpath: //*[@class = 'btn btn-default']' in '30' second(s)

2021-11-23 16:41:45 - [MESSAGE][INFO] - Smart Wait Function is triggered

2021-11-23 16:41:48 - [MESSAGE][INFO] - Found 1 web elements with id: 'Object Repository/Sayfalar/Giris_Sayfasi/RetveTamam_Butonu' located by 'By.xpath: //*[@class = 'btn btn-default']' in '30' second(s)

2021-11-23 16:41:48 - [MESSAGE][INFO] - Clicking on object: 'Object Repository/Sayfalar/Giris_Sayfasi/RetveTamam_Butonu'

2021-11-23 16:41:48 - [MESSAGE][PASSED] - Object: 'Object Repository/Sayfalar/Giris_Sayfasi/RetveTamam_Butonu' is clicked on

2021-11-23 16:41:48 - [TEST_STEP][PASSED] - if (verifyElementPresent(findTestObject("Sayfalar/Giris_Sayfasi/PopupOK"), 5, OPTIONAL)): com.kms.katalon.core.webui.exception.WebElementNotFoundException: Web element with id: 'Object Repository/Sayfalar/Giris_Sayfasi/PopupOK' located by '.btn.btn-success' not found (Root cause: com.kms.katalon.core.exception.StepFailedException: com.kms.katalon.core.webui.exception.WebElementNotFoundException: Web element with id: 'Object Repository/Sayfalar/Giris_Sayfasi/PopupOK' located by '.btn.btn-success' not found
	at com.kms.katalon.core.webui.keyword.internal.WebUIKeywordMain.stepFailed(WebUIKeywordMain.groovy:64)
	at com.kms.katalon.core.webui.keyword.builtin.VerifyElementPresentKeyword$_verifyElementPresent_closure1.doCall(VerifyElementPresentKeyword.groovy:85)
	at com.kms.katalon.core.webui.keyword.builtin.VerifyElementPresentKeyword$_verifyElementPresent_closure1.call(VerifyElementPresentKeyword.groovy)
	at com.kms.katalon.core.webui.keyword.internal.WebUIKeywordMain.runKeyword(WebUIKeywordMain.groovy:20)
	at com.kms.katalon.core.webui.keyword.builtin.VerifyElementPresentKeyword.verifyElementPresent(VerifyElementPresentKeyword.groovy:92)
	at com.kms.katalon.core.webui.keyword.builtin.VerifyElementPresentKeyword.execute(VerifyElementPresentKeyword.groovy:68)
	at com.kms.katalon.core.keyword.internal.KeywordExecutor.executeKeywordForPlatform(KeywordExecutor.groovy:73)
	at com.kms.katalon.core.webui.keyword.WebUiBuiltInKeywords.verifyElementPresent(WebUiBuiltInKeywords.groovy:1448)
	at com.kms.katalon.core.webui.keyword.WebUiBuiltInKeywords$verifyElementPresent$4.call(Unknown Source)
	at Login.run(Login:40)
	at com.kms.katalon.core.main.ScriptEngine.run(ScriptEngine.java:194)
	at com.kms.katalon.core.main.ScriptEngine.runScriptAsRawText(ScriptEngine.java:119)
	at com.kms.katalon.core.main.TestCaseExecutor.runScript(TestCaseExecutor.java:369)
	at com.kms.katalon.core.main.TestCaseExecutor.doExecute(TestCaseExecutor.java:360)
	at com.kms.katalon.core.main.TestCaseExecutor.processExecutionPhase(TestCaseExecutor.java:339)
	at com.kms.katalon.core.main.TestCaseExecutor.accessMainPhase(TestCaseExecutor.java:331)
	at com.kms.katalon.core.main.TestCaseExecutor.execute(TestCaseExecutor.java:248)
	at com.kms.katalon.core.main.TestCaseMain.runTestCase(TestCaseMain.java:138)
	at com.kms.katalon.core.keyword.builtin.CallTestCaseKeyword$_callTestCase_closure1.doCall(CallTestCaseKeyword.groovy:59)
	at com.kms.katalon.core.keyword.builtin.CallTestCaseKeyword$_callTestCase_closure1.call(CallTestCaseKeyword.groovy)
	at com.kms.katalon.core.keyword.internal.KeywordMain.runKeyword(KeywordMain.groovy:68)
	at com.kms.katalon.core.keyword.builtin.CallTestCaseKeyword.callTestCase(CallTestCaseKeyword.groovy:81)
	at com.kms.katalon.core.keyword.builtin.CallTestCaseKeyword.execute(CallTestCaseKeyword.groovy:44)
	at com.kms.katalon.core.keyword.internal.KeywordExecutor.executeKeywordForPlatform(KeywordExecutor.groovy:73)
	at com.kms.katalon.core.keyword.BuiltinKeywords.callTestCase(BuiltinKeywords.groovy:334)
	at sayfalar.girisSayfasi.login(girisSayfasi.groovy:50)
	at cucumber.runtime.Utils$1.call(Utils.java:26)
	at cucumber.runtime.Timeout.timeout(Timeout.java:16)
	at cucumber.runtime.Utils.invoke(Utils.java:20)
	at cucumber.runtime.java.JavaStepDefinition.execute(JavaStepDefinition.java:49)
	at cucumber.runner.PickleStepDefinitionMatch.runStep(PickleStepDefinitionMatch.java:50)
	at cucumber.runner.TestStep.executeStep(TestStep.java:63)
	at cucumber.runner.TestStep.run(TestStep.java:49)
	at cucumber.runner.PickleStepTestStep.run(PickleStepTestStep.java:43)
	at cucumber.runner.TestCase.run(TestCase.java:44)
	at cucumber.runner.Runner.runPickle(Runner.java:40)
	at cucumber.runtime.Runtime$1.run(Runtime.java:84)
	at cucumber.runtime.Runtime$SameThreadExecutorService.execute(Runtime.java:220)
	at cucumber.runtime.Runtime.run(Runtime.java:81)
	at cucumber.api.cli.Main.run(Main.java:26)
	at cucumber.api.cli.Main$run.call(Unknown Source)
	at com.kms.katalon.core.cucumber.keyword.CucumberBuiltinKeywords$_runFeatureFile_closure1.doCall(CucumberBuiltinKeywords.groovy:106)
	at com.kms.katalon.core.cucumber.keyword.CucumberBuiltinKeywords$_runFeatureFile_closure1.doCall(CucumberBuiltinKeywords.groovy)
	at com.kms.katalon.core.keyword.internal.KeywordMain.runKeyword(KeywordMain.groovy:68)
	at com.kms.katalon.core.keyword.internal.KeywordMain$runKeyword.call(Unknown Source)
	at com.kms.katalon.core.cucumber.keyword.CucumberBuiltinKeywords.runFeatureFile(CucumberBuiltinKeywords.groovy:73)
	at com.kms.katalon.core.cucumber.keyword.CucumberBuiltinKeywords$runFeatureFile$0.callStatic(Unknown Source)
	at com.kms.katalon.core.cucumber.keyword.CucumberBuiltinKeywords.runFeatureFile(CucumberBuiltinKeywords.groovy:246)
	at com.kms.katalon.core.cucumber.keyword.CucumberBuiltinKeywords$runFeatureFile.call(Unknown Source)
	at VKN-Elektronik-Ihrac Kayitli.run(VKN-Elektronik-Ihrac Kayitli:19)
	at com.kms.katalon.core.main.ScriptEngine.run(ScriptEngine.java:194)
	at com.kms.katalon.core.main.ScriptEngine.runScriptAsRawText(ScriptEngine.java:119)
	at com.kms.katalon.core.main.TestCaseExecutor.runScript(TestCaseExecutor.java:369)
	at com.kms.katalon.core.main.TestCaseExecutor.doExecute(TestCaseExecutor.java:360)
	at com.kms.katalon.core.main.TestCaseExecutor.processExecutionPhase(TestCaseExecutor.java:339)
	at com.kms.katalon.core.main.TestCaseExecutor.accessMainPhase(TestCaseExecutor.java:331)
	at com.kms.katalon.core.main.TestCaseExecutor.execute(TestCaseExecutor.java:248)
	at com.kms.katalon.core.main.TestSuiteExecutor.accessTestCaseMainPhase(TestSuiteExecutor.java:191)
	at com.kms.katalon.core.main.TestSuiteExecutor.accessTestSuiteMainPhase(TestSuiteExecutor.java:140)
	at com.kms.katalon.core.main.TestSuiteExecutor.execute(TestSuiteExecutor.java:89)
	at com.kms.katalon.core.main.TestCaseMain.startTestSuite(TestCaseMain.java:181)
	at com.kms.katalon.core.main.TestCaseMain$startTestSuite$0.call(Unknown Source)
	at TempTestSuite1637674444414.run(TempTestSuite1637674444414.groovy:39)
)

2021-11-23 16:41:48 - [MESSAGE][INFO] - Finding Test Object 'Object Repository/Sayfalar/Giris_Sayfasi/PopupOK'

2021-11-23 16:41:48 - [MESSAGE][INFO] - Checking object

2021-11-23 16:41:48 - [MESSAGE][INFO] - Finding web element from Test Object's properties

2021-11-23 16:41:48 - [MESSAGE][INFO] - Checking timeout

2021-11-23 16:41:48 - [MESSAGE][INFO] - Finding web element with id: 'Object Repository/Sayfalar/Giris_Sayfasi/PopupOK' located by 'By.cssSelector: .btn.btn-success' in '5' second(s)

2021-11-23 16:41:48 - [MESSAGE][INFO] - Smart Wait Function is triggered

2021-11-23 16:41:49 - [MESSAGE][INFO] - Smart Wait Function is triggered

2021-11-23 16:41:49 - [MESSAGE][INFO] - Smart Wait Function is triggered

2021-11-23 16:41:49 - [MESSAGE][INFO] - Smart Wait Function is triggered

2021-11-23 16:41:49 - [MESSAGE][INFO] - Smart Wait Function is triggered

2021-11-23 16:41:50 - [MESSAGE][INFO] - Smart Wait Function is triggered

2021-11-23 16:41:50 - [MESSAGE][INFO] - Smart Wait Function is triggered

2021-11-23 16:41:50 - [MESSAGE][INFO] - Smart Wait Function is triggered

2021-11-23 16:41:50 - [MESSAGE][INFO] - Smart Wait Function is triggered

2021-11-23 16:41:51 - [MESSAGE][INFO] - Smart Wait Function is triggered

2021-11-23 16:41:51 - [MESSAGE][INFO] - Smart Wait Function is triggered

2021-11-23 16:41:51 - [MESSAGE][INFO] - Smart Wait Function is triggered

2021-11-23 16:41:52 - [MESSAGE][INFO] - Smart Wait Function is triggered

2021-11-23 16:41:52 - [MESSAGE][INFO] - Smart Wait Function is triggered

2021-11-23 16:41:52 - [MESSAGE][INFO] - Smart Wait Function is triggered

2021-11-23 16:41:52 - [MESSAGE][INFO] - Smart Wait Function is triggered

2021-11-23 16:41:53 - [MESSAGE][INFO] - Smart Wait Function is triggered

2021-11-23 16:41:53 - [MESSAGE][INFO] - Smart Wait Function is triggered

2021-11-23 16:41:53 - [MESSAGE][INFO] - Smart Wait Function is triggered

2021-11-23 16:41:53 - [MESSAGE][INFO] - Smart Wait Function is triggered

2021-11-23 16:41:54 - [MESSAGE][INFO] - Smart Wait Function is triggered

2021-11-23 16:41:54 - [MESSAGE][INFO] - Unable to find the element located by 'By.cssSelector: .btn.btn-success'. Please recheck the objects properties to make sure the desired element is located. 

2021-11-23 16:41:54 - [MESSAGE][WARNING] - com.kms.katalon.core.webui.exception.WebElementNotFoundException: Web element with id: 'Object Repository/Sayfalar/Giris_Sayfasi/PopupOK' located by '.btn.btn-success' not found (Root cause: com.kms.katalon.core.exception.StepFailedException: com.kms.katalon.core.webui.exception.WebElementNotFoundException: Web element with id: 'Object Repository/Sayfalar/Giris_Sayfasi/PopupOK' located by '.btn.btn-success' not found
	at com.kms.katalon.core.webui.keyword.internal.WebUIKeywordMain.stepFailed(WebUIKeywordMain.groovy:64)
	at com.kms.katalon.core.webui.keyword.builtin.VerifyElementPresentKeyword$_verifyElementPresent_closure1.doCall(VerifyElementPresentKeyword.groovy:85)
	at com.kms.katalon.core.webui.keyword.builtin.VerifyElementPresentKeyword$_verifyElementPresent_closure1.call(VerifyElementPresentKeyword.groovy)
	at com.kms.katalon.core.webui.keyword.internal.WebUIKeywordMain.runKeyword(WebUIKeywordMain.groovy:20)
	at com.kms.katalon.core.webui.keyword.builtin.VerifyElementPresentKeyword.verifyElementPresent(VerifyElementPresentKeyword.groovy:92)
	at com.kms.katalon.core.webui.keyword.builtin.VerifyElementPresentKeyword.execute(VerifyElementPresentKeyword.groovy:68)
	at com.kms.katalon.core.keyword.internal.KeywordExecutor.executeKeywordForPlatform(KeywordExecutor.groovy:73)
	at com.kms.katalon.core.webui.keyword.WebUiBuiltInKeywords.verifyElementPresent(WebUiBuiltInKeywords.groovy:1448)
	at com.kms.katalon.core.webui.keyword.WebUiBuiltInKeywords$verifyElementPresent$4.call(Unknown Source)
	at Login.run(Login:40)
	at com.kms.katalon.core.main.ScriptEngine.run(ScriptEngine.java:194)
	at com.kms.katalon.core.main.ScriptEngine.runScriptAsRawText(ScriptEngine.java:119)
	at com.kms.katalon.core.main.TestCaseExecutor.runScript(TestCaseExecutor.java:369)
	at com.kms.katalon.core.main.TestCaseExecutor.doExecute(TestCaseExecutor.java:360)
	at com.kms.katalon.core.main.TestCaseExecutor.processExecutionPhase(TestCaseExecutor.java:339)
	at com.kms.katalon.core.main.TestCaseExecutor.accessMainPhase(TestCaseExecutor.java:331)
	at com.kms.katalon.core.main.TestCaseExecutor.execute(TestCaseExecutor.java:248)
	at com.kms.katalon.core.main.TestCaseMain.runTestCase(TestCaseMain.java:138)
	at com.kms.katalon.core.keyword.builtin.CallTestCaseKeyword$_callTestCase_closure1.doCall(CallTestCaseKeyword.groovy:59)
	at com.kms.katalon.core.keyword.builtin.CallTestCaseKeyword$_callTestCase_closure1.call(CallTestCaseKeyword.groovy)
	at com.kms.katalon.core.keyword.internal.KeywordMain.runKeyword(KeywordMain.groovy:68)
	at com.kms.katalon.core.keyword.builtin.CallTestCaseKeyword.callTestCase(CallTestCaseKeyword.groovy:81)
	at com.kms.katalon.core.keyword.builtin.CallTestCaseKeyword.execute(CallTestCaseKeyword.groovy:44)
	at com.kms.katalon.core.keyword.internal.KeywordExecutor.executeKeywordForPlatform(KeywordExecutor.groovy:73)
	at com.kms.katalon.core.keyword.BuiltinKeywords.callTestCase(BuiltinKeywords.groovy:334)
	at sayfalar.girisSayfasi.login(girisSayfasi.groovy:50)
	at cucumber.runtime.Utils$1.call(Utils.java:26)
	at cucumber.runtime.Timeout.timeout(Timeout.java:16)
	at cucumber.runtime.Utils.invoke(Utils.java:20)
	at cucumber.runtime.java.JavaStepDefinition.execute(JavaStepDefinition.java:49)
	at cucumber.runner.PickleStepDefinitionMatch.runStep(PickleStepDefinitionMatch.java:50)
	at cucumber.runner.TestStep.executeStep(TestStep.java:63)
	at cucumber.runner.TestStep.run(TestStep.java:49)
	at cucumber.runner.PickleStepTestStep.run(PickleStepTestStep.java:43)
	at cucumber.runner.TestCase.run(TestCase.java:44)
	at cucumber.runner.Runner.runPickle(Runner.java:40)
	at cucumber.runtime.Runtime$1.run(Runtime.java:84)
	at cucumber.runtime.Runtime$SameThreadExecutorService.execute(Runtime.java:220)
	at cucumber.runtime.Runtime.run(Runtime.java:81)
	at cucumber.api.cli.Main.run(Main.java:26)
	at cucumber.api.cli.Main$run.call(Unknown Source)
	at com.kms.katalon.core.cucumber.keyword.CucumberBuiltinKeywords$_runFeatureFile_closure1.doCall(CucumberBuiltinKeywords.groovy:106)
	at com.kms.katalon.core.cucumber.keyword.CucumberBuiltinKeywords$_runFeatureFile_closure1.doCall(CucumberBuiltinKeywords.groovy)
	at com.kms.katalon.core.keyword.internal.KeywordMain.runKeyword(KeywordMain.groovy:68)
	at com.kms.katalon.core.keyword.internal.KeywordMain$runKeyword.call(Unknown Source)
	at com.kms.katalon.core.cucumber.keyword.CucumberBuiltinKeywords.runFeatureFile(CucumberBuiltinKeywords.groovy:73)
	at com.kms.katalon.core.cucumber.keyword.CucumberBuiltinKeywords$runFeatureFile$0.callStatic(Unknown Source)
	at com.kms.katalon.core.cucumber.keyword.CucumberBuiltinKeywords.runFeatureFile(CucumberBuiltinKeywords.groovy:246)
	at com.kms.katalon.core.cucumber.keyword.CucumberBuiltinKeywords$runFeatureFile.call(Unknown Source)
	at VKN-Elektronik-Ihrac Kayitli.run(VKN-Elektronik-Ihrac Kayitli:19)
	at com.kms.katalon.core.main.ScriptEngine.run(ScriptEngine.java:194)
	at com.kms.katalon.core.main.ScriptEngine.runScriptAsRawText(ScriptEngine.java:119)
	at com.kms.katalon.core.main.TestCaseExecutor.runScript(TestCaseExecutor.java:369)
	at com.kms.katalon.core.main.TestCaseExecutor.doExecute(TestCaseExecutor.java:360)
	at com.kms.katalon.core.main.TestCaseExecutor.processExecutionPhase(TestCaseExecutor.java:339)
	at com.kms.katalon.core.main.TestCaseExecutor.accessMainPhase(TestCaseExecutor.java:331)
	at com.kms.katalon.core.main.TestCaseExecutor.execute(TestCaseExecutor.java:248)
	at com.kms.katalon.core.main.TestSuiteExecutor.accessTestCaseMainPhase(TestSuiteExecutor.java:191)
	at com.kms.katalon.core.main.TestSuiteExecutor.accessTestSuiteMainPhase(TestSuiteExecutor.java:140)
	at com.kms.katalon.core.main.TestSuiteExecutor.execute(TestSuiteExecutor.java:89)
	at com.kms.katalon.core.main.TestCaseMain.startTestSuite(TestCaseMain.java:181)
	at com.kms.katalon.core.main.TestCaseMain$startTestSuite$0.call(Unknown Source)
	at TempTestSuite1637674444414.run(TempTestSuite1637674444414.groovy:39)
)

2021-11-23 16:41:54 - [TEST_STEP][PASSED] - verifyElementVisible(findTestObject("Object Repository/Kullanici_Islemleri/KullaniciIslemleri")): Object 'Object Repository/Kullanici_Islemleri/KullaniciIslemleri' is visible

2021-11-23 16:41:54 - [MESSAGE][INFO] - Finding Test Object 'Object Repository/Kullanici_Islemleri/KullaniciIslemleri'

2021-11-23 16:41:54 - [MESSAGE][INFO] - Checking object

2021-11-23 16:41:54 - [MESSAGE][INFO] - Finding web element from Test Object's properties

2021-11-23 16:41:54 - [MESSAGE][INFO] - Checking timeout

2021-11-23 16:41:54 - [MESSAGE][INFO] - Finding web element with id: 'Object Repository/Kullanici_Islemleri/KullaniciIslemleri' located by 'By.cssSelector: .dropdown>a>img' in '30' second(s)

2021-11-23 16:41:54 - [MESSAGE][INFO] - Smart Wait Function is triggered

2021-11-23 16:41:55 - [MESSAGE][INFO] - Found 1 web elements with id: 'Object Repository/Kullanici_Islemleri/KullaniciIslemleri' located by 'By.cssSelector: .dropdown>a>img' in '30' second(s)

2021-11-23 16:41:55 - [MESSAGE][PASSED] - Object 'Object Repository/Kullanici_Islemleri/KullaniciIslemleri' is visible

2021-11-23 16:41:55 - [MESSAGE][PASSED] - Call Test Case 'Test Cases/Sayfalar/Giris_Sayfasi/Login' successfully

2021-11-23 16:41:55 - [MESSAGE][INFO] - Checking called Test Case

2021-11-23 16:41:55 - [MESSAGE][INFO] - Starting to call Test Case 'Test Cases/Menu/AnaMenuSecimi'

2021-11-23 16:41:55 - [TEST_CASE][PASSED] - Test Cases/Menu/AnaMenuSecimi: Test Cases/Menu/AnaMenuSecimi

2021-11-23 16:41:55 - [TEST_STEP][PASSED] - Method.TextDegerineEsitElementeTikla(findTestObject("Menu/Ana_Menu"), Ana_Menu): Method.TextDegerineEsitElementeTikla is PASSED

2021-11-23 16:41:55 - [MESSAGE][INFO] - Finding Test Object 'Object Repository/Menu/Ana_Menu'

2021-11-23 16:41:55 - [MESSAGE][INFO] - Checking timeout

2021-11-23 16:41:55 - [MESSAGE][INFO] - Finding web element with id: 'Object Repository/Menu/Ana_Menu' located by 'By.xpath: //*[@class = 'dropdown-toggle']' in '10' second(s)

2021-11-23 16:41:55 - [MESSAGE][INFO] - Smart Wait Function is triggered

2021-11-23 16:41:55 - [MESSAGE][INFO] - Found 13 web elements with id: 'Object Repository/Menu/Ana_Menu' located by 'By.xpath: //*[@class = 'dropdown-toggle']' in '10' second(s)

2021-11-23 16:41:55 - [MESSAGE][PASSED] - Method.TextDegerineEsitElementeTikla is PASSED

2021-11-23 16:41:55 - [MESSAGE][PASSED] - Call Test Case 'Test Cases/Menu/AnaMenuSecimi' successfully

2021-11-23 16:41:55 - [MESSAGE][INFO] - Checking called Test Case

2021-11-23 16:41:55 - [MESSAGE][INFO] - Starting to call Test Case 'Test Cases/Menu/BasligaGoreAltMenuSecimi'

2021-11-23 16:41:56 - [TEST_CASE][PASSED] - Test Cases/Menu/BasligaGoreAltMenuSecimi: Test Cases/Menu/BasligaGoreAltMenuSecimi

2021-11-23 16:41:56 - [TEST_STEP][PASSED] - Method.TextDegerineEsitElementinAltindakiTextDegerineEsitOlanaTikla(findTestObject("Menu/Menu_Basligi"), findTestObject("Menu/Basliga_Gore_Alt_Menu"), Baslik, Alt_Menu): Method.TextDegerineEsitElementinAltindakiTextDegerineEsitOlanaTikla is PASSED

2021-11-23 16:41:56 - [MESSAGE][INFO] - Finding Test Object 'Object Repository/Menu/Menu_Basligi'

2021-11-23 16:41:56 - [MESSAGE][INFO] - Finding Test Object 'Object Repository/Menu/Basliga_Gore_Alt_Menu'

2021-11-23 16:41:56 - [MESSAGE][INFO] - Checking timeout

2021-11-23 16:41:56 - [MESSAGE][INFO] - Finding web element with id: 'Object Repository/Menu/Menu_Basligi' located by 'By.xpath: //li[@class='dropdown dropdown-large open']//li[@class='dropdown-header']' in '10' second(s)

2021-11-23 16:41:56 - [MESSAGE][INFO] - Smart Wait Function is triggered

2021-11-23 16:41:56 - [MESSAGE][INFO] - Found 2 web elements with id: 'Object Repository/Menu/Menu_Basligi' located by 'By.xpath: //li[@class='dropdown dropdown-large open']//li[@class='dropdown-header']' in '10' second(s)

2021-11-23 16:41:56 - [MESSAGE][INFO] - Smart Wait Function is triggered

2021-11-23 16:41:58 - [MESSAGE][PASSED] - Method.TextDegerineEsitElementinAltindakiTextDegerineEsitOlanaTikla is PASSED

2021-11-23 16:41:58 - [MESSAGE][PASSED] - Call Test Case 'Test Cases/Menu/BasligaGoreAltMenuSecimi' successfully

2021-11-23 16:41:58 - [MESSAGE][INFO] - Checking called Test Case

2021-11-23 16:41:58 - [MESSAGE][INFO] - Starting to call Test Case 'Test Cases/Tablo/Olusturma Tarihi'

2021-11-23 16:41:58 - [TEST_CASE][PASSED] - Test Cases/Tablo/Olusturma Tarihi: Test Cases/Tablo/Olusturma Tarihi

2021-11-23 16:41:58 - [TEST_STEP][PASSED] - if (verifyTextNotPresent("Görüntülenecek veri yok", true, OPTIONAL)): null

2021-11-23 16:41:58 - [MESSAGE][INFO] - Checking text present  using regular expression

2021-11-23 16:41:58 - [MESSAGE][INFO] - Smart Wait Function is triggered

2021-11-23 16:41:59 - [MESSAGE][INFO] - Finding text 'Görüntülenecek veri yok' on page  using regular expression

2021-11-23 16:41:59 - [MESSAGE][PASSED] - Text 'Görüntülenecek veri yok' is not present on page using regular expression

2021-11-23 16:41:59 - [TEST_STEP][PASSED] - click(findTestObject("Temizle/Olusturma_Tarihi_CheckBox")): Object: 'Object Repository/Temizle/Olusturma_Tarihi_CheckBox' is clicked on

2021-11-23 16:41:59 - [MESSAGE][INFO] - Finding Test Object 'Object Repository/Temizle/Olusturma_Tarihi_CheckBox'

2021-11-23 16:41:59 - [MESSAGE][INFO] - Checking object

2021-11-23 16:41:59 - [MESSAGE][INFO] - Finding web element from Test Object's properties

2021-11-23 16:41:59 - [MESSAGE][INFO] - Checking timeout

2021-11-23 16:41:59 - [MESSAGE][INFO] - Finding web element with id: 'Object Repository/Temizle/Olusturma_Tarihi_CheckBox' located by 'By.xpath: //*[@title = 'Bu sayfadaki tüm satırları Seç']' in '30' second(s)

2021-11-23 16:41:59 - [MESSAGE][INFO] - Smart Wait Function is triggered

2021-11-23 16:42:00 - [MESSAGE][INFO] - Found 1 web elements with id: 'Object Repository/Temizle/Olusturma_Tarihi_CheckBox' located by 'By.xpath: //*[@title = 'Bu sayfadaki tüm satırları Seç']' in '30' second(s)

2021-11-23 16:42:00 - [MESSAGE][INFO] - Clicking on object: 'Object Repository/Temizle/Olusturma_Tarihi_CheckBox'

2021-11-23 16:42:00 - [MESSAGE][PASSED] - Object: 'Object Repository/Temizle/Olusturma_Tarihi_CheckBox' is clicked on

2021-11-23 16:42:00 - [TEST_STEP][PASSED] - Method.TextDegerineEsitElementeTiklaEquals(findTestObject("Butonlar/Butonlar"), "Sil"): Method.TextDegerineEsitElementeTiklaEquals is PASSED

2021-11-23 16:42:00 - [MESSAGE][INFO] - Finding Test Object 'Object Repository/Butonlar/Butonlar'

2021-11-23 16:42:00 - [MESSAGE][INFO] - Checking timeout

2021-11-23 16:42:00 - [MESSAGE][INFO] - Finding web element with id: 'Object Repository/Butonlar/Butonlar' located by 'By.cssSelector: .panel.panel-default.text-center.footerPanel .btn,.btn.btn-primary.btnControls' in '10' second(s)

2021-11-23 16:42:00 - [MESSAGE][INFO] - Smart Wait Function is triggered

2021-11-23 16:42:00 - [MESSAGE][INFO] - Found 9 web elements with id: 'Object Repository/Butonlar/Butonlar' located by 'By.cssSelector: .panel.panel-default.text-center.footerPanel .btn,.btn.btn-primary.btnControls' in '10' second(s)

2021-11-23 16:42:00 - [MESSAGE][PASSED] - Method.TextDegerineEsitElementeTiklaEquals is PASSED

2021-11-23 16:42:00 - [TEST_STEP][PASSED] - Method.TextDegerineEsitElementeTikla(findTestObject("Popup/Popup_Butons"), "Evet"): Method.TextDegerineEsitElementeTikla is PASSED

2021-11-23 16:42:00 - [MESSAGE][INFO] - Finding Test Object 'Object Repository/Popup/Popup_Butons'

2021-11-23 16:42:00 - [MESSAGE][INFO] - Checking timeout

2021-11-23 16:42:00 - [MESSAGE][INFO] - Finding web element with id: 'Object Repository/Popup/Popup_Butons' located by 'By.cssSelector: .modal-footer>button' in '10' second(s)

2021-11-23 16:42:00 - [MESSAGE][INFO] - Smart Wait Function is triggered

2021-11-23 16:42:01 - [MESSAGE][INFO] - Found 2 web elements with id: 'Object Repository/Popup/Popup_Butons' located by 'By.cssSelector: .modal-footer>button' in '10' second(s)

2021-11-23 16:42:02 - [MESSAGE][PASSED] - Method.TextDegerineEsitElementeTikla is PASSED

2021-11-23 16:42:02 - [TEST_STEP][PASSED] - Method.TextDegerineEsitElementeTikla(findTestObject("Popup/Popup_Butons"), "Tamam"): Method.TextDegerineEsitElementeTikla is PASSED

2021-11-23 16:42:02 - [MESSAGE][INFO] - Finding Test Object 'Object Repository/Popup/Popup_Butons'

2021-11-23 16:42:02 - [MESSAGE][INFO] - Checking timeout

2021-11-23 16:42:02 - [MESSAGE][INFO] - Finding web element with id: 'Object Repository/Popup/Popup_Butons' located by 'By.cssSelector: .modal-footer>button' in '10' second(s)

2021-11-23 16:42:02 - [MESSAGE][INFO] - Smart Wait Function is triggered

2021-11-23 16:42:02 - [MESSAGE][INFO] - Found 1 web elements with id: 'Object Repository/Popup/Popup_Butons' located by 'By.cssSelector: .modal-footer>button' in '10' second(s)

2021-11-23 16:42:02 - [MESSAGE][PASSED] - Method.TextDegerineEsitElementeTikla is PASSED

2021-11-23 16:42:02 - [MESSAGE][PASSED] - Call Test Case 'Test Cases/Tablo/Olusturma Tarihi' successfully

2021-11-23 16:42:02 - [MESSAGE][INFO] - Checking called Test Case

2021-11-23 16:42:02 - [MESSAGE][INFO] - Starting to call Test Case 'Test Cases/Butonlar/ButonaTikla'

2021-11-23 16:42:03 - [TEST_CASE][PASSED] - Test Cases/Butonlar/ButonaTikla: Test Cases/Butonlar/ButonaTikla

2021-11-23 16:42:03 - [TEST_STEP][PASSED] - Method.TextDegerineEsitElementeTiklaEquals(findTestObject("Butonlar/Butonlar"), Buton_Adi): Method.TextDegerineEsitElementeTiklaEquals is PASSED

2021-11-23 16:42:03 - [MESSAGE][INFO] - Finding Test Object 'Object Repository/Butonlar/Butonlar'

2021-11-23 16:42:03 - [MESSAGE][INFO] - Checking timeout

2021-11-23 16:42:03 - [MESSAGE][INFO] - Finding web element with id: 'Object Repository/Butonlar/Butonlar' located by 'By.cssSelector: .panel.panel-default.text-center.footerPanel .btn,.btn.btn-primary.btnControls' in '10' second(s)

2021-11-23 16:42:03 - [MESSAGE][INFO] - Smart Wait Function is triggered

2021-11-23 16:42:03 - [MESSAGE][INFO] - Found 9 web elements with id: 'Object Repository/Butonlar/Butonlar' located by 'By.cssSelector: .panel.panel-default.text-center.footerPanel .btn,.btn.btn-primary.btnControls' in '10' second(s)

2021-11-23 16:42:03 - [MESSAGE][PASSED] - Method.TextDegerineEsitElementeTiklaEquals is PASSED

2021-11-23 16:42:03 - [MESSAGE][PASSED] - Call Test Case 'Test Cases/Butonlar/ButonaTikla' successfully

2021-11-23 16:42:03 - [MESSAGE][INFO] - Checking called Test Case

2021-11-23 16:42:03 - [MESSAGE][INFO] - Starting to call Test Case 'Test Cases/Olusturma/Genel/GorselTasarimSayfasıBasligiIceriyorMu'

2021-11-23 16:42:03 - [TEST_CASE][PASSED] - Test Cases/Olusturma/Genel/GorselTasarimSayfasıBasligiIceriyorMu: Test Cases/Olusturma/Genel/GorselTasarimSayfasıBasligiIceriyorMu

2021-11-23 16:42:03 - [TEST_STEP][PASSED] - verifyElementText(findTestObject("Object Repository/Olusturma/Genel/GorselTasarimBaslik"), Baslik): Actual text and expected text of test object 'Object Repository/Olusturma/Genel/GorselTasarimBaslik' are matched.

2021-11-23 16:42:03 - [MESSAGE][INFO] - Finding Test Object 'Object Repository/Olusturma/Genel/GorselTasarimBaslik'

2021-11-23 16:42:04 - [MESSAGE][INFO] - Checking object

2021-11-23 16:42:04 - [MESSAGE][INFO] - Finding web element from Test Object's properties

2021-11-23 16:42:04 - [MESSAGE][INFO] - Checking timeout

2021-11-23 16:42:04 - [MESSAGE][INFO] - Finding web element with id: 'Object Repository/Olusturma/Genel/GorselTasarimBaslik' located by 'By.cssSelector: #flAlici_0>div>span' in '30' second(s)

2021-11-23 16:42:04 - [MESSAGE][INFO] - Smart Wait Function is triggered

2021-11-23 16:42:12 - [MESSAGE][INFO] - Found 1 web elements with id: 'Object Repository/Olusturma/Genel/GorselTasarimBaslik' located by 'By.cssSelector: #flAlici_0>div>span' in '30' second(s)

2021-11-23 16:42:12 - [MESSAGE][PASSED] - Actual text and expected text of test object 'Object Repository/Olusturma/Genel/GorselTasarimBaslik' are matched.

2021-11-23 16:42:12 - [MESSAGE][PASSED] - Call Test Case 'Test Cases/Olusturma/Genel/GorselTasarimSayfasıBasligiIceriyorMu' successfully

2021-11-23 16:42:12 - [MESSAGE][INFO] - Checking called Test Case

2021-11-23 16:42:12 - [MESSAGE][INFO] - Starting to call Test Case 'Test Cases/Olusturma/Genel/AliciSecilir'

2021-11-23 16:42:12 - [TEST_CASE][PASSED] - Test Cases/Olusturma/Genel/AliciSecilir: Test Cases/Olusturma/Genel/AliciSecilir

2021-11-23 16:42:12 - [TEST_STEP][PASSED] - click(findTestObject("Olusturma/Genel/AliciBilgisi/Alici_Ara")): Object: 'Object Repository/Olusturma/Genel/AliciBilgisi/Alici_Ara' is clicked on

2021-11-23 16:42:12 - [MESSAGE][INFO] - Finding Test Object 'Object Repository/Olusturma/Genel/AliciBilgisi/Alici_Ara'

2021-11-23 16:42:12 - [MESSAGE][INFO] - Checking object

2021-11-23 16:42:12 - [MESSAGE][INFO] - Finding web element from Test Object's properties

2021-11-23 16:42:12 - [MESSAGE][INFO] - Checking timeout

2021-11-23 16:42:12 - [MESSAGE][INFO] - Finding web element with id: 'Object Repository/Olusturma/Genel/AliciBilgisi/Alici_Ara' located by 'By.xpath: //td[@id='txtCustomerText_B-1']' in '30' second(s)

2021-11-23 16:42:12 - [MESSAGE][INFO] - Smart Wait Function is triggered

2021-11-23 16:42:12 - [MESSAGE][INFO] - Found 1 web elements with id: 'Object Repository/Olusturma/Genel/AliciBilgisi/Alici_Ara' located by 'By.xpath: //td[@id='txtCustomerText_B-1']' in '30' second(s)

2021-11-23 16:42:12 - [MESSAGE][INFO] - Clicking on object: 'Object Repository/Olusturma/Genel/AliciBilgisi/Alici_Ara'

2021-11-23 16:42:12 - [MESSAGE][PASSED] - Object: 'Object Repository/Olusturma/Genel/AliciBilgisi/Alici_Ara' is clicked on

2021-11-23 16:42:12 - [TEST_STEP][PASSED] - click(findTestObject("Olusturma/Genel/AliciBilgisi/Alici_Bilgisi")): Object: 'Object Repository/Olusturma/Genel/AliciBilgisi/Alici_Bilgisi' is clicked on

2021-11-23 16:42:12 - [MESSAGE][INFO] - Finding Test Object 'Object Repository/Olusturma/Genel/AliciBilgisi/Alici_Bilgisi'

2021-11-23 16:42:12 - [MESSAGE][INFO] - Checking object

2021-11-23 16:42:12 - [MESSAGE][INFO] - Finding web element from Test Object's properties

2021-11-23 16:42:12 - [MESSAGE][INFO] - Checking timeout

2021-11-23 16:42:12 - [MESSAGE][INFO] - Finding web element with id: 'Object Repository/Olusturma/Genel/AliciBilgisi/Alici_Bilgisi' located by 'By.xpath: //iframe[@id='customerselectiframe']' in '30' second(s)

2021-11-23 16:42:12 - [MESSAGE][INFO] - Smart Wait Function is triggered

2021-11-23 16:42:13 - [MESSAGE][INFO] - Found 1 web elements with id: 'Object Repository/Olusturma/Genel/AliciBilgisi/Alici_Bilgisi' located by 'By.xpath: //iframe[@id='customerselectiframe']' in '30' second(s)

2021-11-23 16:42:13 - [MESSAGE][INFO] - Clicking on object: 'Object Repository/Olusturma/Genel/AliciBilgisi/Alici_Bilgisi'

2021-11-23 16:42:13 - [MESSAGE][PASSED] - Object: 'Object Repository/Olusturma/Genel/AliciBilgisi/Alici_Bilgisi' is clicked on

2021-11-23 16:42:13 - [TEST_STEP][PASSED] - setText(findTestObject("Olusturma/Genel/AliciBilgisi/Alici_Gir"), Alici_Adi): Switching to default content

2021-11-23 16:42:13 - [MESSAGE][INFO] - Finding Test Object 'Object Repository/Olusturma/Genel/AliciBilgisi/Alici_Gir'

2021-11-23 16:42:13 - [MESSAGE][INFO] - Finding Test Object 'Object Repository/Olusturma/Genel/AliciBilgisi/Alici_Bilgisi'

2021-11-23 16:42:13 - [MESSAGE][INFO] - Checking object

2021-11-23 16:42:13 - [MESSAGE][INFO] - Checking text

2021-11-23 16:42:13 - [MESSAGE][INFO] - Object: 'Object Repository/Olusturma/Genel/AliciBilgisi/Alici_Gir' has parent object(s)

2021-11-23 16:42:13 - [MESSAGE][INFO] - Switching to iframe: 'Object Repository/Olusturma/Genel/AliciBilgisi/Alici_Bilgisi'

2021-11-23 16:42:13 - [MESSAGE][INFO] - Finding web element from Test Object's properties

2021-11-23 16:42:13 - [MESSAGE][INFO] - Checking timeout

2021-11-23 16:42:13 - [MESSAGE][INFO] - Finding web element with id: 'Object Repository/Olusturma/Genel/AliciBilgisi/Alici_Bilgisi' located by 'By.xpath: //iframe[@id='customerselectiframe']' in '30' second(s)

2021-11-23 16:42:13 - [MESSAGE][INFO] - Smart Wait Function is triggered

2021-11-23 16:42:14 - [MESSAGE][INFO] - Found 1 web elements with id: 'Object Repository/Olusturma/Genel/AliciBilgisi/Alici_Bilgisi' located by 'By.xpath: //iframe[@id='customerselectiframe']' in '30' second(s)

2021-11-23 16:42:14 - [MESSAGE][INFO] - Switched to iframe: 'Object Repository/Olusturma/Genel/AliciBilgisi/Alici_Bilgisi'

2021-11-23 16:42:14 - [MESSAGE][INFO] - Finding web element from Test Object's properties

2021-11-23 16:42:14 - [MESSAGE][INFO] - Checking timeout

2021-11-23 16:42:14 - [MESSAGE][INFO] - Finding web element with id: 'Object Repository/Olusturma/Genel/AliciBilgisi/Alici_Gir' located by 'By.xpath: //input[@id='GridViewCustomer_DXFREditorcol1_I']' in '30' second(s)

2021-11-23 16:42:14 - [MESSAGE][INFO] - Smart Wait Function is triggered

2021-11-23 16:42:14 - [MESSAGE][INFO] - Found 1 web elements with id: 'Object Repository/Olusturma/Genel/AliciBilgisi/Alici_Gir' located by 'By.xpath: //input[@id='GridViewCustomer_DXFREditorcol1_I']' in '30' second(s)

2021-11-23 16:42:14 - [MESSAGE][INFO] - Clearing text of object 'Object Repository/Olusturma/Genel/AliciBilgisi/Alici_Gir'

2021-11-23 16:42:14 - [MESSAGE][INFO] - Finding web element from Test Object's properties

2021-11-23 16:42:14 - [MESSAGE][INFO] - Checking timeout

2021-11-23 16:42:14 - [MESSAGE][INFO] - Finding web element with id: 'Object Repository/Olusturma/Genel/AliciBilgisi/Alici_Gir' located by 'By.xpath: //input[@id='GridViewCustomer_DXFREditorcol1_I']' in '30' second(s)

2021-11-23 16:42:14 - [MESSAGE][INFO] - Smart Wait Function is triggered

2021-11-23 16:42:14 - [MESSAGE][INFO] - Found 1 web elements with id: 'Object Repository/Olusturma/Genel/AliciBilgisi/Alici_Gir' located by 'By.xpath: //input[@id='GridViewCustomer_DXFREditorcol1_I']' in '30' second(s)

2021-11-23 16:42:14 - [MESSAGE][INFO] - Setting text of object 'Object Repository/Olusturma/Genel/AliciBilgisi/Alici_Gir' to value 'UC0004'

2021-11-23 16:42:14 - [MESSAGE][PASSED] - Text 'UC0004' is set on object 'Object Repository/Olusturma/Genel/AliciBilgisi/Alici_Gir'

2021-11-23 16:42:14 - [MESSAGE][INFO] - Switching to default content

2021-11-23 16:42:14 - [TEST_STEP][PASSED] - waitForElementClickable(findTestObject("Olusturma/Genel/AliciBilgisi/Alici_Adi"), 10): Switching to default content

2021-11-23 16:42:14 - [MESSAGE][INFO] - Finding Test Object 'Object Repository/Olusturma/Genel/AliciBilgisi/Alici_Adi'

2021-11-23 16:42:15 - [MESSAGE][INFO] - Finding Test Object 'Object Repository/Olusturma/Genel/AliciBilgisi/iframe_Alc Bilgisi_customerselectiframe'

2021-11-23 16:42:15 - [MESSAGE][INFO] - Checking object

2021-11-23 16:42:15 - [MESSAGE][INFO] - Checking timeout

2021-11-23 16:42:15 - [MESSAGE][INFO] - Object: 'Object Repository/Olusturma/Genel/AliciBilgisi/Alici_Adi' has parent object(s)

2021-11-23 16:42:15 - [MESSAGE][INFO] - Switching to iframe: 'Object Repository/Olusturma/Genel/AliciBilgisi/iframe_Alc Bilgisi_customerselectiframe'

2021-11-23 16:42:15 - [MESSAGE][INFO] - Finding web element from Test Object's properties

2021-11-23 16:42:15 - [MESSAGE][INFO] - Checking timeout

2021-11-23 16:42:15 - [MESSAGE][INFO] - Finding web element with id: 'Object Repository/Olusturma/Genel/AliciBilgisi/iframe_Alc Bilgisi_customerselectiframe' located by 'By.xpath: //iframe[@id='customerselectiframe']' in '10' second(s)

2021-11-23 16:42:15 - [MESSAGE][INFO] - Smart Wait Function is triggered

2021-11-23 16:42:15 - [MESSAGE][INFO] - Found 1 web elements with id: 'Object Repository/Olusturma/Genel/AliciBilgisi/iframe_Alc Bilgisi_customerselectiframe' located by 'By.xpath: //iframe[@id='customerselectiframe']' in '10' second(s)

2021-11-23 16:42:15 - [MESSAGE][INFO] - Switched to iframe: 'Object Repository/Olusturma/Genel/AliciBilgisi/iframe_Alc Bilgisi_customerselectiframe'

2021-11-23 16:42:15 - [MESSAGE][INFO] - Finding web element from Test Object's properties

2021-11-23 16:42:15 - [MESSAGE][INFO] - Checking timeout

2021-11-23 16:42:15 - [MESSAGE][INFO] - Finding web element with id: 'Object Repository/Olusturma/Genel/AliciBilgisi/Alici_Adi' located by 'By.xpath: //tr[@id='GridViewCustomer_DXDataRow0']/td[2]' in '10' second(s)

2021-11-23 16:42:15 - [MESSAGE][INFO] - Smart Wait Function is triggered

2021-11-23 16:42:15 - [MESSAGE][INFO] - Found 1 web elements with id: 'Object Repository/Olusturma/Genel/AliciBilgisi/Alici_Adi' located by 'By.xpath: //tr[@id='GridViewCustomer_DXDataRow0']/td[2]' in '10' second(s)

2021-11-23 16:42:15 - [MESSAGE][PASSED] - Object 'Object Repository/Olusturma/Genel/AliciBilgisi/Alici_Adi' is clickable

2021-11-23 16:42:15 - [MESSAGE][INFO] - Switching to default content

2021-11-23 16:42:15 - [TEST_STEP][PASSED] - click(findTestObject("Olusturma/Genel/AliciBilgisi/frame")): Switching to default content

2021-11-23 16:42:15 - [MESSAGE][INFO] - Finding Test Object 'Object Repository/Olusturma/Genel/AliciBilgisi/frame'

2021-11-23 16:42:15 - [MESSAGE][INFO] - Finding Test Object 'Object Repository/Olusturma/Genel/AliciBilgisi/iframe_Alc Bilgisi_customerselectiframe'

2021-11-23 16:42:15 - [MESSAGE][INFO] - Checking object

2021-11-23 16:42:15 - [MESSAGE][INFO] - Object: 'Object Repository/Olusturma/Genel/AliciBilgisi/frame' has parent object(s)

2021-11-23 16:42:15 - [MESSAGE][INFO] - Switching to iframe: 'Object Repository/Olusturma/Genel/AliciBilgisi/iframe_Alc Bilgisi_customerselectiframe'

2021-11-23 16:42:15 - [MESSAGE][INFO] - Finding web element from Test Object's properties

2021-11-23 16:42:15 - [MESSAGE][INFO] - Checking timeout

2021-11-23 16:42:15 - [MESSAGE][INFO] - Finding web element with id: 'Object Repository/Olusturma/Genel/AliciBilgisi/iframe_Alc Bilgisi_customerselectiframe' located by 'By.xpath: //iframe[@id='customerselectiframe']' in '30' second(s)

2021-11-23 16:42:15 - [MESSAGE][INFO] - Smart Wait Function is triggered

2021-11-23 16:42:16 - [MESSAGE][INFO] - Found 1 web elements with id: 'Object Repository/Olusturma/Genel/AliciBilgisi/iframe_Alc Bilgisi_customerselectiframe' located by 'By.xpath: //iframe[@id='customerselectiframe']' in '30' second(s)

2021-11-23 16:42:16 - [MESSAGE][INFO] - Switched to iframe: 'Object Repository/Olusturma/Genel/AliciBilgisi/iframe_Alc Bilgisi_customerselectiframe'

2021-11-23 16:42:16 - [MESSAGE][INFO] - Finding web element from Test Object's properties

2021-11-23 16:42:16 - [MESSAGE][INFO] - Checking timeout

2021-11-23 16:42:16 - [MESSAGE][INFO] - Finding web element with id: 'Object Repository/Olusturma/Genel/AliciBilgisi/frame' located by 'By.xpath: //*/text()[normalize-space(.)='']/parent::*' in '30' second(s)

2021-11-23 16:42:16 - [MESSAGE][INFO] - Smart Wait Function is triggered

2021-11-23 16:42:16 - [MESSAGE][INFO] - Found 66 web elements with id: 'Object Repository/Olusturma/Genel/AliciBilgisi/frame' located by 'By.xpath: //*/text()[normalize-space(.)='']/parent::*' in '30' second(s)

2021-11-23 16:42:16 - [MESSAGE][INFO] - Clicking on object: 'Object Repository/Olusturma/Genel/AliciBilgisi/frame'

2021-11-23 16:42:16 - [MESSAGE][PASSED] - Object: 'Object Repository/Olusturma/Genel/AliciBilgisi/frame' is clicked on

2021-11-23 16:42:16 - [MESSAGE][INFO] - Switching to default content

2021-11-23 16:42:16 - [TEST_STEP][PASSED] - click(findTestObject("Olusturma/Genel/AliciBilgisi/Alici_Adi")): Switching to default content

2021-11-23 16:42:16 - [MESSAGE][INFO] - Finding Test Object 'Object Repository/Olusturma/Genel/AliciBilgisi/Alici_Adi'

2021-11-23 16:42:16 - [MESSAGE][INFO] - Finding Test Object 'Object Repository/Olusturma/Genel/AliciBilgisi/iframe_Alc Bilgisi_customerselectiframe'

2021-11-23 16:42:16 - [MESSAGE][INFO] - Checking object

2021-11-23 16:42:16 - [MESSAGE][INFO] - Object: 'Object Repository/Olusturma/Genel/AliciBilgisi/Alici_Adi' has parent object(s)

2021-11-23 16:42:16 - [MESSAGE][INFO] - Switching to iframe: 'Object Repository/Olusturma/Genel/AliciBilgisi/iframe_Alc Bilgisi_customerselectiframe'

2021-11-23 16:42:16 - [MESSAGE][INFO] - Finding web element from Test Object's properties

2021-11-23 16:42:16 - [MESSAGE][INFO] - Checking timeout

2021-11-23 16:42:16 - [MESSAGE][INFO] - Finding web element with id: 'Object Repository/Olusturma/Genel/AliciBilgisi/iframe_Alc Bilgisi_customerselectiframe' located by 'By.xpath: //iframe[@id='customerselectiframe']' in '30' second(s)

2021-11-23 16:42:16 - [MESSAGE][INFO] - Smart Wait Function is triggered

2021-11-23 16:42:16 - [MESSAGE][INFO] - Found 1 web elements with id: 'Object Repository/Olusturma/Genel/AliciBilgisi/iframe_Alc Bilgisi_customerselectiframe' located by 'By.xpath: //iframe[@id='customerselectiframe']' in '30' second(s)

2021-11-23 16:42:16 - [MESSAGE][INFO] - Switched to iframe: 'Object Repository/Olusturma/Genel/AliciBilgisi/iframe_Alc Bilgisi_customerselectiframe'

2021-11-23 16:42:16 - [MESSAGE][INFO] - Finding web element from Test Object's properties

2021-11-23 16:42:16 - [MESSAGE][INFO] - Checking timeout

2021-11-23 16:42:16 - [MESSAGE][INFO] - Finding web element with id: 'Object Repository/Olusturma/Genel/AliciBilgisi/Alici_Adi' located by 'By.xpath: //tr[@id='GridViewCustomer_DXDataRow0']/td[2]' in '30' second(s)

2021-11-23 16:42:16 - [MESSAGE][INFO] - Smart Wait Function is triggered

2021-11-23 16:42:16 - [MESSAGE][INFO] - Found 1 web elements with id: 'Object Repository/Olusturma/Genel/AliciBilgisi/Alici_Adi' located by 'By.xpath: //tr[@id='GridViewCustomer_DXDataRow0']/td[2]' in '30' second(s)

2021-11-23 16:42:16 - [MESSAGE][INFO] - Clicking on object: 'Object Repository/Olusturma/Genel/AliciBilgisi/Alici_Adi'

2021-11-23 16:42:16 - [MESSAGE][PASSED] - Object: 'Object Repository/Olusturma/Genel/AliciBilgisi/Alici_Adi' is clicked on

2021-11-23 16:42:16 - [MESSAGE][INFO] - Switching to default content

2021-11-23 16:42:16 - [TEST_STEP][PASSED] - click(findTestObject("Olusturma/Genel/AliciBilgisi/Tamam_Bosluk")): Switching to default content

2021-11-23 16:42:16 - [MESSAGE][INFO] - Finding Test Object 'Object Repository/Olusturma/Genel/AliciBilgisi/Tamam_Bosluk'

2021-11-23 16:42:17 - [MESSAGE][INFO] - Finding Test Object 'Object Repository/Olusturma/Genel/AliciBilgisi/Alici_Bilgisi'

2021-11-23 16:42:17 - [MESSAGE][INFO] - Checking object

2021-11-23 16:42:17 - [MESSAGE][INFO] - Object: 'Object Repository/Olusturma/Genel/AliciBilgisi/Tamam_Bosluk' has parent object(s)

2021-11-23 16:42:17 - [MESSAGE][INFO] - Switching to iframe: 'Object Repository/Olusturma/Genel/AliciBilgisi/Alici_Bilgisi'

2021-11-23 16:42:17 - [MESSAGE][INFO] - Finding web element from Test Object's properties

2021-11-23 16:42:17 - [MESSAGE][INFO] - Checking timeout

2021-11-23 16:42:17 - [MESSAGE][INFO] - Finding web element with id: 'Object Repository/Olusturma/Genel/AliciBilgisi/Alici_Bilgisi' located by 'By.xpath: //iframe[@id='customerselectiframe']' in '30' second(s)

2021-11-23 16:42:17 - [MESSAGE][INFO] - Smart Wait Function is triggered

2021-11-23 16:42:17 - [MESSAGE][INFO] - Found 1 web elements with id: 'Object Repository/Olusturma/Genel/AliciBilgisi/Alici_Bilgisi' located by 'By.xpath: //iframe[@id='customerselectiframe']' in '30' second(s)

2021-11-23 16:42:17 - [MESSAGE][INFO] - Switched to iframe: 'Object Repository/Olusturma/Genel/AliciBilgisi/Alici_Bilgisi'

2021-11-23 16:42:17 - [MESSAGE][INFO] - Finding web element from Test Object's properties

2021-11-23 16:42:17 - [MESSAGE][INFO] - Checking timeout

2021-11-23 16:42:17 - [MESSAGE][INFO] - Finding web element with id: 'Object Repository/Olusturma/Genel/AliciBilgisi/Tamam_Bosluk' located by 'By.xpath: (.//*[normalize-space(text()) and normalize-space(.)='Sayfa Boyutu:'])[1]/following::div[7]' in '30' second(s)

2021-11-23 16:42:17 - [MESSAGE][INFO] - Smart Wait Function is triggered

2021-11-23 16:42:17 - [MESSAGE][INFO] - Found 1 web elements with id: 'Object Repository/Olusturma/Genel/AliciBilgisi/Tamam_Bosluk' located by 'By.xpath: (.//*[normalize-space(text()) and normalize-space(.)='Sayfa Boyutu:'])[1]/following::div[7]' in '30' second(s)

2021-11-23 16:42:17 - [MESSAGE][INFO] - Clicking on object: 'Object Repository/Olusturma/Genel/AliciBilgisi/Tamam_Bosluk'

2021-11-23 16:42:17 - [MESSAGE][PASSED] - Object: 'Object Repository/Olusturma/Genel/AliciBilgisi/Tamam_Bosluk' is clicked on

2021-11-23 16:42:17 - [MESSAGE][INFO] - Switching to default content

2021-11-23 16:42:17 - [TEST_STEP][PASSED] - waitForElementClickable(findTestObject("Olusturma/Genel/AliciBilgisi/Tamam_Butonu"), 10): Switching to default content

2021-11-23 16:42:17 - [MESSAGE][INFO] - Finding Test Object 'Object Repository/Olusturma/Genel/AliciBilgisi/Tamam_Butonu'

2021-11-23 16:42:17 - [MESSAGE][INFO] - Finding Test Object 'Object Repository/Olusturma/Genel/AliciBilgisi/Alici_Bilgisi'

2021-11-23 16:42:17 - [MESSAGE][INFO] - Checking object

2021-11-23 16:42:17 - [MESSAGE][INFO] - Checking timeout

2021-11-23 16:42:17 - [MESSAGE][INFO] - Object: 'Object Repository/Olusturma/Genel/AliciBilgisi/Tamam_Butonu' has parent object(s)

2021-11-23 16:42:17 - [MESSAGE][INFO] - Switching to iframe: 'Object Repository/Olusturma/Genel/AliciBilgisi/Alici_Bilgisi'

2021-11-23 16:42:17 - [MESSAGE][INFO] - Finding web element from Test Object's properties

2021-11-23 16:42:17 - [MESSAGE][INFO] - Checking timeout

2021-11-23 16:42:17 - [MESSAGE][INFO] - Finding web element with id: 'Object Repository/Olusturma/Genel/AliciBilgisi/Alici_Bilgisi' located by 'By.xpath: //iframe[@id='customerselectiframe']' in '10' second(s)

2021-11-23 16:42:17 - [MESSAGE][INFO] - Smart Wait Function is triggered

2021-11-23 16:42:18 - [MESSAGE][INFO] - Found 1 web elements with id: 'Object Repository/Olusturma/Genel/AliciBilgisi/Alici_Bilgisi' located by 'By.xpath: //iframe[@id='customerselectiframe']' in '10' second(s)

2021-11-23 16:42:18 - [MESSAGE][INFO] - Switched to iframe: 'Object Repository/Olusturma/Genel/AliciBilgisi/Alici_Bilgisi'

2021-11-23 16:42:18 - [MESSAGE][INFO] - Finding web element from Test Object's properties

2021-11-23 16:42:18 - [MESSAGE][INFO] - Checking timeout

2021-11-23 16:42:18 - [MESSAGE][INFO] - Finding web element with id: 'Object Repository/Olusturma/Genel/AliciBilgisi/Tamam_Butonu' located by 'By.xpath: //div[@id='btnSelectCustomer_CD']/span' in '10' second(s)

2021-11-23 16:42:18 - [MESSAGE][INFO] - Smart Wait Function is triggered

2021-11-23 16:42:18 - [MESSAGE][INFO] - Found 1 web elements with id: 'Object Repository/Olusturma/Genel/AliciBilgisi/Tamam_Butonu' located by 'By.xpath: //div[@id='btnSelectCustomer_CD']/span' in '10' second(s)

2021-11-23 16:42:18 - [MESSAGE][PASSED] - Object 'Object Repository/Olusturma/Genel/AliciBilgisi/Tamam_Butonu' is clickable

2021-11-23 16:42:18 - [MESSAGE][INFO] - Switching to default content

2021-11-23 16:42:18 - [TEST_STEP][PASSED] - click(findTestObject("Olusturma/Genel/AliciBilgisi/Tamam_Butonu")): Switching to default content

2021-11-23 16:42:18 - [MESSAGE][INFO] - Finding Test Object 'Object Repository/Olusturma/Genel/AliciBilgisi/Tamam_Butonu'

2021-11-23 16:42:18 - [MESSAGE][INFO] - Finding Test Object 'Object Repository/Olusturma/Genel/AliciBilgisi/Alici_Bilgisi'

2021-11-23 16:42:18 - [MESSAGE][INFO] - Checking object

2021-11-23 16:42:18 - [MESSAGE][INFO] - Object: 'Object Repository/Olusturma/Genel/AliciBilgisi/Tamam_Butonu' has parent object(s)

2021-11-23 16:42:18 - [MESSAGE][INFO] - Switching to iframe: 'Object Repository/Olusturma/Genel/AliciBilgisi/Alici_Bilgisi'

2021-11-23 16:42:18 - [MESSAGE][INFO] - Finding web element from Test Object's properties

2021-11-23 16:42:18 - [MESSAGE][INFO] - Checking timeout

2021-11-23 16:42:18 - [MESSAGE][INFO] - Finding web element with id: 'Object Repository/Olusturma/Genel/AliciBilgisi/Alici_Bilgisi' located by 'By.xpath: //iframe[@id='customerselectiframe']' in '30' second(s)

2021-11-23 16:42:18 - [MESSAGE][INFO] - Smart Wait Function is triggered

2021-11-23 16:42:18 - [MESSAGE][INFO] - Found 1 web elements with id: 'Object Repository/Olusturma/Genel/AliciBilgisi/Alici_Bilgisi' located by 'By.xpath: //iframe[@id='customerselectiframe']' in '30' second(s)

2021-11-23 16:42:18 - [MESSAGE][INFO] - Switched to iframe: 'Object Repository/Olusturma/Genel/AliciBilgisi/Alici_Bilgisi'

2021-11-23 16:42:18 - [MESSAGE][INFO] - Finding web element from Test Object's properties

2021-11-23 16:42:18 - [MESSAGE][INFO] - Checking timeout

2021-11-23 16:42:18 - [MESSAGE][INFO] - Finding web element with id: 'Object Repository/Olusturma/Genel/AliciBilgisi/Tamam_Butonu' located by 'By.xpath: //div[@id='btnSelectCustomer_CD']/span' in '30' second(s)

2021-11-23 16:42:18 - [MESSAGE][INFO] - Smart Wait Function is triggered

2021-11-23 16:42:18 - [MESSAGE][INFO] - Found 1 web elements with id: 'Object Repository/Olusturma/Genel/AliciBilgisi/Tamam_Butonu' located by 'By.xpath: //div[@id='btnSelectCustomer_CD']/span' in '30' second(s)

2021-11-23 16:42:18 - [MESSAGE][INFO] - Clicking on object: 'Object Repository/Olusturma/Genel/AliciBilgisi/Tamam_Butonu'

2021-11-23 16:42:18 - [MESSAGE][PASSED] - Object: 'Object Repository/Olusturma/Genel/AliciBilgisi/Tamam_Butonu' is clicked on

2021-11-23 16:42:18 - [MESSAGE][INFO] - Switching to default content

2021-11-23 16:42:18 - [TEST_STEP][PASSED] - waitForElementPresent(findTestObject("Olusturma/Genel/AliciBilgisi/VKN-TCKN"), 10): Object 'Object Repository/Olusturma/Genel/AliciBilgisi/VKN-TCKN' is present

2021-11-23 16:42:18 - [MESSAGE][INFO] - Finding Test Object 'Object Repository/Olusturma/Genel/AliciBilgisi/VKN-TCKN'

2021-11-23 16:42:18 - [MESSAGE][INFO] - Checking object

2021-11-23 16:42:18 - [MESSAGE][INFO] - Finding web element from Test Object's properties

2021-11-23 16:42:18 - [MESSAGE][INFO] - Checking timeout

2021-11-23 16:42:18 - [MESSAGE][INFO] - Finding web element with id: 'Object Repository/Olusturma/Genel/AliciBilgisi/VKN-TCKN' located by 'By.xpath: //*[@id = 'txtVknTckn_I']' in '10' second(s)

2021-11-23 16:42:18 - [MESSAGE][INFO] - Smart Wait Function is triggered

2021-11-23 16:42:19 - [MESSAGE][INFO] - Found 1 web elements with id: 'Object Repository/Olusturma/Genel/AliciBilgisi/VKN-TCKN' located by 'By.xpath: //*[@id = 'txtVknTckn_I']' in '10' second(s)

2021-11-23 16:42:19 - [MESSAGE][PASSED] - Object 'Object Repository/Olusturma/Genel/AliciBilgisi/VKN-TCKN' is present

2021-11-23 16:42:19 - [TEST_STEP][PASSED] - text = getAttribute(findTestObject("Olusturma/Genel/AliciBilgisi/VKN-TCKN"), "value"): Attribute 'value' of object 'Object Repository/Olusturma/Genel/AliciBilgisi/VKN-TCKN' is: '5327841420'

2021-11-23 16:42:19 - [MESSAGE][INFO] - Finding Test Object 'Object Repository/Olusturma/Genel/AliciBilgisi/VKN-TCKN'

2021-11-23 16:42:19 - [MESSAGE][INFO] - Checking object

2021-11-23 16:42:19 - [MESSAGE][INFO] - Checking attribute

2021-11-23 16:42:19 - [MESSAGE][INFO] - Finding web element from Test Object's properties

2021-11-23 16:42:19 - [MESSAGE][INFO] - Checking timeout

2021-11-23 16:42:19 - [MESSAGE][INFO] - Finding web element with id: 'Object Repository/Olusturma/Genel/AliciBilgisi/VKN-TCKN' located by 'By.xpath: //*[@id = 'txtVknTckn_I']' in '30' second(s)

2021-11-23 16:42:19 - [MESSAGE][INFO] - Smart Wait Function is triggered

2021-11-23 16:42:19 - [MESSAGE][INFO] - Found 1 web elements with id: 'Object Repository/Olusturma/Genel/AliciBilgisi/VKN-TCKN' located by 'By.xpath: //*[@id = 'txtVknTckn_I']' in '30' second(s)

2021-11-23 16:42:19 - [MESSAGE][INFO] - Getting attribute 'value' of object 'Object Repository/Olusturma/Genel/AliciBilgisi/VKN-TCKN'

2021-11-23 16:42:19 - [MESSAGE][PASSED] - Attribute 'value' of object 'Object Repository/Olusturma/Genel/AliciBilgisi/VKN-TCKN' is: '5327841420'

2021-11-23 16:42:19 - [TEST_STEP][PASSED] - if (text.equals("")): null

2021-11-23 16:42:19 - [MESSAGE][PASSED] - Call Test Case 'Test Cases/Olusturma/Genel/AliciSecilir' successfully

2021-11-23 16:42:19 - [MESSAGE][INFO] - Checking called Test Case

2021-11-23 16:42:19 - [MESSAGE][INFO] - Starting to call Test Case 'Test Cases/Olusturma/Genel/GonderimSekliSecilir'

2021-11-23 16:42:19 - [TEST_CASE][PASSED] - Test Cases/Olusturma/Genel/GonderimSekliSecilir: Test Cases/Olusturma/Genel/GonderimSekliSecilir

2021-11-23 16:42:19 - [TEST_STEP][PASSED] - waitForElementClickable(findTestObject("Object Repository/Olusturma/Genel/GonderimSekli/GonderimSekli"), 10): Object 'Object Repository/Olusturma/Genel/GonderimSekli/GonderimSekli' is clickable

2021-11-23 16:42:19 - [MESSAGE][INFO] - Finding Test Object 'Object Repository/Olusturma/Genel/GonderimSekli/GonderimSekli'

2021-11-23 16:42:19 - [MESSAGE][INFO] - Checking object

2021-11-23 16:42:19 - [MESSAGE][INFO] - Checking timeout

2021-11-23 16:42:19 - [MESSAGE][INFO] - Finding web element from Test Object's properties

2021-11-23 16:42:19 - [MESSAGE][INFO] - Checking timeout

2021-11-23 16:42:19 - [MESSAGE][INFO] - Finding web element with id: 'Object Repository/Olusturma/Genel/GonderimSekli/GonderimSekli' located by 'By.xpath: //*[@id = 'txtGonderimSekil_I']' in '10' second(s)

2021-11-23 16:42:19 - [MESSAGE][INFO] - Smart Wait Function is triggered

2021-11-23 16:42:20 - [MESSAGE][INFO] - Found 1 web elements with id: 'Object Repository/Olusturma/Genel/GonderimSekli/GonderimSekli' located by 'By.xpath: //*[@id = 'txtGonderimSekil_I']' in '10' second(s)

2021-11-23 16:42:20 - [MESSAGE][PASSED] - Object 'Object Repository/Olusturma/Genel/GonderimSekli/GonderimSekli' is clickable

2021-11-23 16:42:20 - [TEST_STEP][PASSED] - click(findTestObject("Object Repository/Olusturma/Genel/GonderimSekli/GonderimSekli")): Object: 'Object Repository/Olusturma/Genel/GonderimSekli/GonderimSekli' is clicked on

2021-11-23 16:42:20 - [MESSAGE][INFO] - Finding Test Object 'Object Repository/Olusturma/Genel/GonderimSekli/GonderimSekli'

2021-11-23 16:42:20 - [MESSAGE][INFO] - Checking object

2021-11-23 16:42:20 - [MESSAGE][INFO] - Finding web element from Test Object's properties

2021-11-23 16:42:20 - [MESSAGE][INFO] - Checking timeout

2021-11-23 16:42:20 - [MESSAGE][INFO] - Finding web element with id: 'Object Repository/Olusturma/Genel/GonderimSekli/GonderimSekli' located by 'By.xpath: //*[@id = 'txtGonderimSekil_I']' in '30' second(s)

2021-11-23 16:42:20 - [MESSAGE][INFO] - Smart Wait Function is triggered

2021-11-23 16:42:20 - [MESSAGE][INFO] - Found 1 web elements with id: 'Object Repository/Olusturma/Genel/GonderimSekli/GonderimSekli' located by 'By.xpath: //*[@id = 'txtGonderimSekil_I']' in '30' second(s)

2021-11-23 16:42:20 - [MESSAGE][INFO] - Clicking on object: 'Object Repository/Olusturma/Genel/GonderimSekli/GonderimSekli'

2021-11-23 16:42:20 - [MESSAGE][PASSED] - Object: 'Object Repository/Olusturma/Genel/GonderimSekli/GonderimSekli' is clicked on

2021-11-23 16:42:20 - [TEST_STEP][PASSED] - Method.TextDegerineEsitElementeTikla(findTestObject("Object Repository/Olusturma/Genel/GonderimSekli/GonderimSekliAdi"), GonderimSekli): Method.TextDegerineEsitElementeTikla is PASSED

2021-11-23 16:42:20 - [MESSAGE][INFO] - Finding Test Object 'Object Repository/Olusturma/Genel/GonderimSekli/GonderimSekliAdi'

2021-11-23 16:42:21 - [MESSAGE][INFO] - Checking timeout

2021-11-23 16:42:21 - [MESSAGE][INFO] - Finding web element with id: 'Object Repository/Olusturma/Genel/GonderimSekli/GonderimSekliAdi' located by 'By.cssSelector: #txtGonderimSekil_DDD_L_LBT td' in '10' second(s)

2021-11-23 16:42:21 - [MESSAGE][INFO] - Smart Wait Function is triggered

2021-11-23 16:42:21 - [MESSAGE][INFO] - Found 2 web elements with id: 'Object Repository/Olusturma/Genel/GonderimSekli/GonderimSekliAdi' located by 'By.cssSelector: #txtGonderimSekil_DDD_L_LBT td' in '10' second(s)

2021-11-23 16:42:21 - [MESSAGE][PASSED] - Method.TextDegerineEsitElementeTikla is PASSED

2021-11-23 16:42:21 - [MESSAGE][PASSED] - Call Test Case 'Test Cases/Olusturma/Genel/GonderimSekliSecilir' successfully

2021-11-23 16:42:21 - [MESSAGE][INFO] - Checking called Test Case

2021-11-23 16:42:21 - [MESSAGE][INFO] - Starting to call Test Case 'Test Cases/Olusturma/Genel/TipSecilir'

2021-11-23 16:42:21 - [TEST_CASE][PASSED] - Test Cases/Olusturma/Genel/TipSecilir: Test Cases/Olusturma/Genel/TipSecilir

2021-11-23 16:42:21 - [TEST_STEP][PASSED] - waitForElementClickable(findTestObject("Olusturma/Genel/TipSecilir/Tip"), 10): Object 'Object Repository/Olusturma/Genel/TipSecilir/Tip' is clickable

2021-11-23 16:42:21 - [MESSAGE][INFO] - Finding Test Object 'Object Repository/Olusturma/Genel/TipSecilir/Tip'

2021-11-23 16:42:21 - [MESSAGE][INFO] - Checking object

2021-11-23 16:42:21 - [MESSAGE][INFO] - Checking timeout

2021-11-23 16:42:21 - [MESSAGE][INFO] - Finding web element from Test Object's properties

2021-11-23 16:42:21 - [MESSAGE][INFO] - Checking timeout

2021-11-23 16:42:21 - [MESSAGE][INFO] - Finding web element with id: 'Object Repository/Olusturma/Genel/TipSecilir/Tip' located by 'By.xpath: //*[@id = 'DocumentTypeCode_I']' in '10' second(s)

2021-11-23 16:42:21 - [MESSAGE][INFO] - Smart Wait Function is triggered

2021-11-23 16:42:22 - [MESSAGE][INFO] - Found 1 web elements with id: 'Object Repository/Olusturma/Genel/TipSecilir/Tip' located by 'By.xpath: //*[@id = 'DocumentTypeCode_I']' in '10' second(s)

2021-11-23 16:42:22 - [MESSAGE][PASSED] - Object 'Object Repository/Olusturma/Genel/TipSecilir/Tip' is clickable

2021-11-23 16:42:22 - [TEST_STEP][PASSED] - click(findTestObject("Olusturma/Genel/TipSecilir/Tip")): Object: 'Object Repository/Olusturma/Genel/TipSecilir/Tip' is clicked on

2021-11-23 16:42:22 - [MESSAGE][INFO] - Finding Test Object 'Object Repository/Olusturma/Genel/TipSecilir/Tip'

2021-11-23 16:42:22 - [MESSAGE][INFO] - Checking object

2021-11-23 16:42:22 - [MESSAGE][INFO] - Finding web element from Test Object's properties

2021-11-23 16:42:22 - [MESSAGE][INFO] - Checking timeout

2021-11-23 16:42:22 - [MESSAGE][INFO] - Finding web element with id: 'Object Repository/Olusturma/Genel/TipSecilir/Tip' located by 'By.xpath: //*[@id = 'DocumentTypeCode_I']' in '30' second(s)

2021-11-23 16:42:22 - [MESSAGE][INFO] - Smart Wait Function is triggered

2021-11-23 16:42:22 - [MESSAGE][INFO] - Found 1 web elements with id: 'Object Repository/Olusturma/Genel/TipSecilir/Tip' located by 'By.xpath: //*[@id = 'DocumentTypeCode_I']' in '30' second(s)

2021-11-23 16:42:22 - [MESSAGE][INFO] - Clicking on object: 'Object Repository/Olusturma/Genel/TipSecilir/Tip'

2021-11-23 16:42:22 - [MESSAGE][PASSED] - Object: 'Object Repository/Olusturma/Genel/TipSecilir/Tip' is clicked on

2021-11-23 16:42:22 - [TEST_STEP][PASSED] - Method.TextDegerineEsitElementeTikla(findTestObject("Object Repository/Olusturma/Genel/TipSecilir/Tip_Adi"), Tip): Method.TextDegerineEsitElementeTikla is PASSED

2021-11-23 16:42:22 - [MESSAGE][INFO] - Finding Test Object 'Object Repository/Olusturma/Genel/TipSecilir/Tip_Adi'

2021-11-23 16:42:23 - [MESSAGE][INFO] - Checking timeout

2021-11-23 16:42:23 - [MESSAGE][INFO] - Finding web element with id: 'Object Repository/Olusturma/Genel/TipSecilir/Tip_Adi' located by 'By.cssSelector: #DocumentTypeCode_DDD_L_LBT td' in '10' second(s)

2021-11-23 16:42:23 - [MESSAGE][INFO] - Smart Wait Function is triggered

2021-11-23 16:42:23 - [MESSAGE][INFO] - Found 9 web elements with id: 'Object Repository/Olusturma/Genel/TipSecilir/Tip_Adi' located by 'By.cssSelector: #DocumentTypeCode_DDD_L_LBT td' in '10' second(s)

2021-11-23 16:42:23 - [MESSAGE][PASSED] - Method.TextDegerineEsitElementeTikla is PASSED

2021-11-23 16:42:23 - [MESSAGE][PASSED] - Call Test Case 'Test Cases/Olusturma/Genel/TipSecilir' successfully

2021-11-23 16:42:23 - [MESSAGE][INFO] - Checking called Test Case

2021-11-23 16:42:23 - [MESSAGE][INFO] - Starting to call Test Case 'Test Cases/Olusturma/Genel/DokumanParaBirimiSecilir'

2021-11-23 16:42:23 - [TEST_CASE][PASSED] - Test Cases/Olusturma/Genel/DokumanParaBirimiSecilir: Test Cases/Olusturma/Genel/DokumanParaBirimiSecilir

2021-11-23 16:42:23 - [TEST_STEP][PASSED] - waitForElementClickable(findTestObject("Object Repository/Olusturma/Genel/DokumanParaBirimiSecilir/Para"), 10): Object 'Object Repository/Olusturma/Genel/DokumanParaBirimiSecilir/Para' is clickable

2021-11-23 16:42:23 - [MESSAGE][INFO] - Finding Test Object 'Object Repository/Olusturma/Genel/DokumanParaBirimiSecilir/Para'

2021-11-23 16:42:24 - [MESSAGE][INFO] - Checking object

2021-11-23 16:42:24 - [MESSAGE][INFO] - Checking timeout

2021-11-23 16:42:24 - [MESSAGE][INFO] - Finding web element from Test Object's properties

2021-11-23 16:42:24 - [MESSAGE][INFO] - Checking timeout

2021-11-23 16:42:24 - [MESSAGE][INFO] - Finding web element with id: 'Object Repository/Olusturma/Genel/DokumanParaBirimiSecilir/Para' located by 'By.xpath: //*[@id = 'CurrencyUnit_I']' in '10' second(s)

2021-11-23 16:42:24 - [MESSAGE][INFO] - Smart Wait Function is triggered

2021-11-23 16:42:25 - [MESSAGE][INFO] - Found 1 web elements with id: 'Object Repository/Olusturma/Genel/DokumanParaBirimiSecilir/Para' located by 'By.xpath: //*[@id = 'CurrencyUnit_I']' in '10' second(s)

2021-11-23 16:42:25 - [MESSAGE][PASSED] - Object 'Object Repository/Olusturma/Genel/DokumanParaBirimiSecilir/Para' is clickable

2021-11-23 16:42:25 - [TEST_STEP][PASSED] - click(findTestObject("Object Repository/Olusturma/Genel/DokumanParaBirimiSecilir/Para")): Object: 'Object Repository/Olusturma/Genel/DokumanParaBirimiSecilir/Para' is clicked on

2021-11-23 16:42:25 - [MESSAGE][INFO] - Finding Test Object 'Object Repository/Olusturma/Genel/DokumanParaBirimiSecilir/Para'

2021-11-23 16:42:25 - [MESSAGE][INFO] - Checking object

2021-11-23 16:42:25 - [MESSAGE][INFO] - Finding web element from Test Object's properties

2021-11-23 16:42:25 - [MESSAGE][INFO] - Checking timeout

2021-11-23 16:42:25 - [MESSAGE][INFO] - Finding web element with id: 'Object Repository/Olusturma/Genel/DokumanParaBirimiSecilir/Para' located by 'By.xpath: //*[@id = 'CurrencyUnit_I']' in '30' second(s)

2021-11-23 16:42:25 - [MESSAGE][INFO] - Smart Wait Function is triggered

2021-11-23 16:42:26 - [MESSAGE][INFO] - Found 1 web elements with id: 'Object Repository/Olusturma/Genel/DokumanParaBirimiSecilir/Para' located by 'By.xpath: //*[@id = 'CurrencyUnit_I']' in '30' second(s)

2021-11-23 16:42:26 - [MESSAGE][INFO] - Clicking on object: 'Object Repository/Olusturma/Genel/DokumanParaBirimiSecilir/Para'

2021-11-23 16:42:26 - [MESSAGE][PASSED] - Object: 'Object Repository/Olusturma/Genel/DokumanParaBirimiSecilir/Para' is clicked on

2021-11-23 16:42:26 - [TEST_STEP][PASSED] - Method.TextDegerineEsitElementeTikla(findTestObject("Object Repository/Olusturma/Genel/DokumanParaBirimiSecilir/Para_Adi"), Para): Method.TextDegerineEsitElementeTikla is PASSED

2021-11-23 16:42:26 - [MESSAGE][INFO] - Finding Test Object 'Object Repository/Olusturma/Genel/DokumanParaBirimiSecilir/Para_Adi'

2021-11-23 16:42:26 - [MESSAGE][INFO] - Checking timeout

2021-11-23 16:42:26 - [MESSAGE][INFO] - Finding web element with id: 'Object Repository/Olusturma/Genel/DokumanParaBirimiSecilir/Para_Adi' located by 'By.cssSelector: #CurrencyUnit_DDD_L_LBT td' in '10' second(s)

2021-11-23 16:42:26 - [MESSAGE][INFO] - Smart Wait Function is triggered

2021-11-23 16:42:26 - [MESSAGE][INFO] - Found 203 web elements with id: 'Object Repository/Olusturma/Genel/DokumanParaBirimiSecilir/Para_Adi' located by 'By.cssSelector: #CurrencyUnit_DDD_L_LBT td' in '10' second(s)

2021-11-23 16:42:32 - [MESSAGE][PASSED] - Method.TextDegerineEsitElementeTikla is PASSED

2021-11-23 16:42:32 - [MESSAGE][PASSED] - Call Test Case 'Test Cases/Olusturma/Genel/DokumanParaBirimiSecilir' successfully

2021-11-23 16:42:32 - [MESSAGE][INFO] - Checking called Test Case

2021-11-23 16:42:32 - [MESSAGE][INFO] - Starting to call Test Case 'Test Cases/Olusturma/Genel/OnEkSecilir'

2021-11-23 16:42:32 - [TEST_CASE][PASSED] - Test Cases/Olusturma/Genel/OnEkSecilir: Test Cases/Olusturma/Genel/OnEkSecilir

2021-11-23 16:42:32 - [TEST_STEP][PASSED] - waitForElementClickable(findTestObject("Object Repository/Olusturma/Genel/OnEkSecilir/OnEk"), 10): Object 'Object Repository/Olusturma/Genel/OnEkSecilir/OnEk' is clickable

2021-11-23 16:42:32 - [MESSAGE][INFO] - Finding Test Object 'Object Repository/Olusturma/Genel/OnEkSecilir/OnEk'

2021-11-23 16:42:32 - [MESSAGE][INFO] - Checking object

2021-11-23 16:42:32 - [MESSAGE][INFO] - Checking timeout

2021-11-23 16:42:32 - [MESSAGE][INFO] - Finding web element from Test Object's properties

2021-11-23 16:42:32 - [MESSAGE][INFO] - Checking timeout

2021-11-23 16:42:32 - [MESSAGE][INFO] - Finding web element with id: 'Object Repository/Olusturma/Genel/OnEkSecilir/OnEk' located by 'By.xpath: //*[@id = 'InvoicePrefix_I']' in '10' second(s)

2021-11-23 16:42:32 - [MESSAGE][INFO] - Smart Wait Function is triggered

2021-11-23 16:42:32 - [MESSAGE][INFO] - Found 1 web elements with id: 'Object Repository/Olusturma/Genel/OnEkSecilir/OnEk' located by 'By.xpath: //*[@id = 'InvoicePrefix_I']' in '10' second(s)

2021-11-23 16:42:32 - [MESSAGE][PASSED] - Object 'Object Repository/Olusturma/Genel/OnEkSecilir/OnEk' is clickable

2021-11-23 16:42:32 - [TEST_STEP][PASSED] - click(findTestObject("Object Repository/Olusturma/Genel/OnEkSecilir/OnEk")): Object: 'Object Repository/Olusturma/Genel/OnEkSecilir/OnEk' is clicked on

2021-11-23 16:42:32 - [MESSAGE][INFO] - Finding Test Object 'Object Repository/Olusturma/Genel/OnEkSecilir/OnEk'

2021-11-23 16:42:32 - [MESSAGE][INFO] - Checking object

2021-11-23 16:42:32 - [MESSAGE][INFO] - Finding web element from Test Object's properties

2021-11-23 16:42:32 - [MESSAGE][INFO] - Checking timeout

2021-11-23 16:42:32 - [MESSAGE][INFO] - Finding web element with id: 'Object Repository/Olusturma/Genel/OnEkSecilir/OnEk' located by 'By.xpath: //*[@id = 'InvoicePrefix_I']' in '30' second(s)

2021-11-23 16:42:32 - [MESSAGE][INFO] - Smart Wait Function is triggered

2021-11-23 16:42:33 - [MESSAGE][INFO] - Found 1 web elements with id: 'Object Repository/Olusturma/Genel/OnEkSecilir/OnEk' located by 'By.xpath: //*[@id = 'InvoicePrefix_I']' in '30' second(s)

2021-11-23 16:42:33 - [MESSAGE][INFO] - Clicking on object: 'Object Repository/Olusturma/Genel/OnEkSecilir/OnEk'

2021-11-23 16:42:33 - [MESSAGE][PASSED] - Object: 'Object Repository/Olusturma/Genel/OnEkSecilir/OnEk' is clicked on

2021-11-23 16:42:33 - [TEST_STEP][PASSED] - Method.TextDegerineEsitElementeTiklaEquals(findTestObject("Object Repository/Olusturma/Genel/OnEkSecilir/OnEkAdi"), Ek): Method.TextDegerineEsitElementeTiklaEquals is PASSED

2021-11-23 16:42:33 - [MESSAGE][INFO] - Finding Test Object 'Object Repository/Olusturma/Genel/OnEkSecilir/OnEkAdi'

2021-11-23 16:42:33 - [MESSAGE][INFO] - Checking timeout

2021-11-23 16:42:33 - [MESSAGE][INFO] - Finding web element with id: 'Object Repository/Olusturma/Genel/OnEkSecilir/OnEkAdi' located by 'By.cssSelector: #InvoicePrefix_DDD_L_LBT td' in '10' second(s)

2021-11-23 16:42:33 - [MESSAGE][INFO] - Smart Wait Function is triggered

2021-11-23 16:42:33 - [MESSAGE][INFO] - Found 1 web elements with id: 'Object Repository/Olusturma/Genel/OnEkSecilir/OnEkAdi' located by 'By.cssSelector: #InvoicePrefix_DDD_L_LBT td' in '10' second(s)

2021-11-23 16:42:33 - [MESSAGE][PASSED] - Method.TextDegerineEsitElementeTiklaEquals is PASSED

2021-11-23 16:42:33 - [MESSAGE][PASSED] - Call Test Case 'Test Cases/Olusturma/Genel/OnEkSecilir' successfully

2021-11-23 16:42:33 - [MESSAGE][INFO] - Checking called Test Case

2021-11-23 16:42:33 - [MESSAGE][INFO] - Starting to call Test Case 'Test Cases/Olusturma/Genel/TasarimSecilir'

2021-11-23 16:42:33 - [TEST_CASE][PASSED] - Test Cases/Olusturma/Genel/TasarimSecilir: Test Cases/Olusturma/Genel/TasarimSecilir

2021-11-23 16:42:33 - [TEST_STEP][PASSED] - waitForElementClickable(findTestObject("Object Repository/Olusturma/Genel/TasarimSecilir/Tasarim"), 10): Object 'Object Repository/Olusturma/Genel/TasarimSecilir/Tasarim' is clickable

2021-11-23 16:42:33 - [MESSAGE][INFO] - Finding Test Object 'Object Repository/Olusturma/Genel/TasarimSecilir/Tasarim'

2021-11-23 16:42:33 - [MESSAGE][INFO] - Checking object

2021-11-23 16:42:33 - [MESSAGE][INFO] - Checking timeout

2021-11-23 16:42:33 - [MESSAGE][INFO] - Finding web element from Test Object's properties

2021-11-23 16:42:33 - [MESSAGE][INFO] - Checking timeout

2021-11-23 16:42:33 - [MESSAGE][INFO] - Finding web element with id: 'Object Repository/Olusturma/Genel/TasarimSecilir/Tasarim' located by 'By.xpath: //*[@id = 'DesignId_I']' in '10' second(s)

2021-11-23 16:42:33 - [MESSAGE][INFO] - Smart Wait Function is triggered

2021-11-23 16:42:34 - [MESSAGE][INFO] - Found 1 web elements with id: 'Object Repository/Olusturma/Genel/TasarimSecilir/Tasarim' located by 'By.xpath: //*[@id = 'DesignId_I']' in '10' second(s)

2021-11-23 16:42:34 - [MESSAGE][PASSED] - Object 'Object Repository/Olusturma/Genel/TasarimSecilir/Tasarim' is clickable

2021-11-23 16:42:34 - [TEST_STEP][PASSED] - click(findTestObject("Object Repository/Olusturma/Genel/TasarimSecilir/Tasarim")): Object: 'Object Repository/Olusturma/Genel/TasarimSecilir/Tasarim' is clicked on

2021-11-23 16:42:34 - [MESSAGE][INFO] - Finding Test Object 'Object Repository/Olusturma/Genel/TasarimSecilir/Tasarim'

2021-11-23 16:42:34 - [MESSAGE][INFO] - Checking object

2021-11-23 16:42:34 - [MESSAGE][INFO] - Finding web element from Test Object's properties

2021-11-23 16:42:34 - [MESSAGE][INFO] - Checking timeout

2021-11-23 16:42:34 - [MESSAGE][INFO] - Finding web element with id: 'Object Repository/Olusturma/Genel/TasarimSecilir/Tasarim' located by 'By.xpath: //*[@id = 'DesignId_I']' in '30' second(s)

2021-11-23 16:42:34 - [MESSAGE][INFO] - Smart Wait Function is triggered

2021-11-23 16:42:34 - [MESSAGE][INFO] - Found 1 web elements with id: 'Object Repository/Olusturma/Genel/TasarimSecilir/Tasarim' located by 'By.xpath: //*[@id = 'DesignId_I']' in '30' second(s)

2021-11-23 16:42:34 - [MESSAGE][INFO] - Clicking on object: 'Object Repository/Olusturma/Genel/TasarimSecilir/Tasarim'

2021-11-23 16:42:34 - [MESSAGE][PASSED] - Object: 'Object Repository/Olusturma/Genel/TasarimSecilir/Tasarim' is clicked on

2021-11-23 16:42:34 - [TEST_STEP][PASSED] - Method.TextDegerineEsitElementeTikla(findTestObject("Object Repository/Olusturma/Genel/TasarimSecilir/Tasarim_Adi"), Tasarim): Method.TextDegerineEsitElementeTikla is PASSED

2021-11-23 16:42:34 - [MESSAGE][INFO] - Finding Test Object 'Object Repository/Olusturma/Genel/TasarimSecilir/Tasarim_Adi'

2021-11-23 16:42:34 - [MESSAGE][INFO] - Checking timeout

2021-11-23 16:42:34 - [MESSAGE][INFO] - Finding web element with id: 'Object Repository/Olusturma/Genel/TasarimSecilir/Tasarim_Adi' located by 'By.cssSelector: #DesignId_DDD_L_LBT td' in '10' second(s)

2021-11-23 16:42:34 - [MESSAGE][INFO] - Smart Wait Function is triggered

2021-11-23 16:42:34 - [MESSAGE][INFO] - Found 1 web elements with id: 'Object Repository/Olusturma/Genel/TasarimSecilir/Tasarim_Adi' located by 'By.cssSelector: #DesignId_DDD_L_LBT td' in '10' second(s)

2021-11-23 16:42:35 - [MESSAGE][PASSED] - Method.TextDegerineEsitElementeTikla is PASSED

2021-11-23 16:42:35 - [MESSAGE][PASSED] - Call Test Case 'Test Cases/Olusturma/Genel/TasarimSecilir' successfully

2021-11-23 16:42:35 - [MESSAGE][INFO] - Checking called Test Case

2021-11-23 16:42:35 - [MESSAGE][INFO] - Starting to call Test Case 'Test Cases/Olusturma/Genel/Kutular/SiparisBilgileriGirilir'

2021-11-23 16:42:35 - [TEST_CASE][PASSED] - Test Cases/Olusturma/Genel/Kutular/SiparisBilgileriGirilir: Test Cases/Olusturma/Genel/Kutular/SiparisBilgileriGirilir

2021-11-23 16:42:35 - [TEST_STEP][PASSED] - Method.TextDegerineEsitElementeTikla(findTestObject("Olusturma/Genel/Kutular/KapaliKutular"), "Sipariş Bilgileri"): Method.TextDegerineEsitElementeTikla is PASSED

2021-11-23 16:42:35 - [MESSAGE][INFO] - Finding Test Object 'Object Repository/Olusturma/Genel/Kutular/KapaliKutular'

2021-11-23 16:42:35 - [MESSAGE][INFO] - Checking timeout

2021-11-23 16:42:35 - [MESSAGE][INFO] - Finding web element with id: 'Object Repository/Olusturma/Genel/Kutular/KapaliKutular' located by 'By.cssSelector: .dxnb-headerCollapsed>span' in '10' second(s)

2021-11-23 16:42:35 - [MESSAGE][INFO] - Smart Wait Function is triggered

2021-11-23 16:42:35 - [MESSAGE][INFO] - Found 8 web elements with id: 'Object Repository/Olusturma/Genel/Kutular/KapaliKutular' located by 'By.cssSelector: .dxnb-headerCollapsed>span' in '10' second(s)

2021-11-23 16:42:35 - [MESSAGE][PASSED] - Method.TextDegerineEsitElementeTikla is PASSED

2021-11-23 16:42:35 - [TEST_STEP][PASSED] - waitForElementPresent(findTestObject("Object Repository/Olusturma/Genel/Kutular/SiparisBilgileri/SiparisNo"), 10): Object 'Object Repository/Olusturma/Genel/Kutular/SiparisBilgileri/SiparisNo' is present

2021-11-23 16:42:35 - [MESSAGE][INFO] - Finding Test Object 'Object Repository/Olusturma/Genel/Kutular/SiparisBilgileri/SiparisNo'

2021-11-23 16:42:35 - [MESSAGE][INFO] - Checking object

2021-11-23 16:42:35 - [MESSAGE][INFO] - Finding web element from Test Object's properties

2021-11-23 16:42:35 - [MESSAGE][INFO] - Checking timeout

2021-11-23 16:42:35 - [MESSAGE][INFO] - Finding web element with id: 'Object Repository/Olusturma/Genel/Kutular/SiparisBilgileri/SiparisNo' located by 'By.xpath: //*[@id = 'txtSiparisNo_I']' in '10' second(s)

2021-11-23 16:42:35 - [MESSAGE][INFO] - Smart Wait Function is triggered

2021-11-23 16:42:36 - [MESSAGE][INFO] - Found 1 web elements with id: 'Object Repository/Olusturma/Genel/Kutular/SiparisBilgileri/SiparisNo' located by 'By.xpath: //*[@id = 'txtSiparisNo_I']' in '10' second(s)

2021-11-23 16:42:36 - [MESSAGE][PASSED] - Object 'Object Repository/Olusturma/Genel/Kutular/SiparisBilgileri/SiparisNo' is present

2021-11-23 16:42:36 - [TEST_STEP][PASSED] - clearText(findTestObject("Object Repository/Olusturma/Genel/Kutular/SiparisBilgileri/SiparisNo")): Text of object 'Object Repository/Olusturma/Genel/Kutular/SiparisBilgileri/SiparisNo' is cleared

2021-11-23 16:42:36 - [MESSAGE][INFO] - Finding Test Object 'Object Repository/Olusturma/Genel/Kutular/SiparisBilgileri/SiparisNo'

2021-11-23 16:42:36 - [MESSAGE][INFO] - Checking object

2021-11-23 16:42:36 - [MESSAGE][INFO] - Finding web element from Test Object's properties

2021-11-23 16:42:36 - [MESSAGE][INFO] - Checking timeout

2021-11-23 16:42:36 - [MESSAGE][INFO] - Finding web element with id: 'Object Repository/Olusturma/Genel/Kutular/SiparisBilgileri/SiparisNo' located by 'By.xpath: //*[@id = 'txtSiparisNo_I']' in '30' second(s)

2021-11-23 16:42:36 - [MESSAGE][INFO] - Smart Wait Function is triggered

2021-11-23 16:42:36 - [MESSAGE][INFO] - Found 1 web elements with id: 'Object Repository/Olusturma/Genel/Kutular/SiparisBilgileri/SiparisNo' located by 'By.xpath: //*[@id = 'txtSiparisNo_I']' in '30' second(s)

2021-11-23 16:42:36 - [MESSAGE][INFO] - Clearing text of object 'Object Repository/Olusturma/Genel/Kutular/SiparisBilgileri/SiparisNo'

2021-11-23 16:42:36 - [MESSAGE][PASSED] - Text of object 'Object Repository/Olusturma/Genel/Kutular/SiparisBilgileri/SiparisNo' is cleared

2021-11-23 16:42:36 - [TEST_STEP][PASSED] - sendKeys(findTestObject("Object Repository/Olusturma/Genel/Kutular/SiparisBilgileri/SiparisNo"), SiparisNo): Keys 'UUC-SAT-1200001' sent to object: 'Object Repository/Olusturma/Genel/Kutular/SiparisBilgileri/SiparisNo'

2021-11-23 16:42:36 - [MESSAGE][INFO] - Finding Test Object 'Object Repository/Olusturma/Genel/Kutular/SiparisBilgileri/SiparisNo'

2021-11-23 16:42:36 - [MESSAGE][INFO] - Sending keys 'UUC-SAT-1200001' to object: 'Object Repository/Olusturma/Genel/Kutular/SiparisBilgileri/SiparisNo'

2021-11-23 16:42:36 - [MESSAGE][INFO] - Finding web element from Test Object's properties

2021-11-23 16:42:36 - [MESSAGE][INFO] - Checking timeout

2021-11-23 16:42:36 - [MESSAGE][INFO] - Finding web element with id: 'Object Repository/Olusturma/Genel/Kutular/SiparisBilgileri/SiparisNo' located by 'By.xpath: //*[@id = 'txtSiparisNo_I']' in '30' second(s)

2021-11-23 16:42:36 - [MESSAGE][INFO] - Smart Wait Function is triggered

2021-11-23 16:42:37 - [MESSAGE][INFO] - Found 1 web elements with id: 'Object Repository/Olusturma/Genel/Kutular/SiparisBilgileri/SiparisNo' located by 'By.xpath: //*[@id = 'txtSiparisNo_I']' in '30' second(s)

2021-11-23 16:42:37 - [MESSAGE][PASSED] - Keys 'UUC-SAT-1200001' sent to object: 'Object Repository/Olusturma/Genel/Kutular/SiparisBilgileri/SiparisNo'

2021-11-23 16:42:37 - [TEST_STEP][PASSED] - waitForElementClickable(findTestObject("Object Repository/Olusturma/Genel/Kutular/SiparisBilgileri/SiparisTarihiImage"), 10): Object 'Object Repository/Olusturma/Genel/Kutular/SiparisBilgileri/SiparisTarihiImage' is clickable

2021-11-23 16:42:37 - [MESSAGE][INFO] - Finding Test Object 'Object Repository/Olusturma/Genel/Kutular/SiparisBilgileri/SiparisTarihiImage'

2021-11-23 16:42:37 - [MESSAGE][INFO] - Checking object

2021-11-23 16:42:37 - [MESSAGE][INFO] - Checking timeout

2021-11-23 16:42:37 - [MESSAGE][INFO] - Finding web element from Test Object's properties

2021-11-23 16:42:37 - [MESSAGE][INFO] - Checking timeout

2021-11-23 16:42:37 - [MESSAGE][INFO] - Finding web element with id: 'Object Repository/Olusturma/Genel/Kutular/SiparisBilgileri/SiparisTarihiImage' located by 'By.cssSelector: #dateSiparisTarih img' in '10' second(s)

2021-11-23 16:42:37 - [MESSAGE][INFO] - Smart Wait Function is triggered

2021-11-23 16:42:37 - [MESSAGE][INFO] - Found 1 web elements with id: 'Object Repository/Olusturma/Genel/Kutular/SiparisBilgileri/SiparisTarihiImage' located by 'By.cssSelector: #dateSiparisTarih img' in '10' second(s)

2021-11-23 16:42:37 - [MESSAGE][PASSED] - Object 'Object Repository/Olusturma/Genel/Kutular/SiparisBilgileri/SiparisTarihiImage' is clickable

2021-11-23 16:42:37 - [TEST_STEP][PASSED] - click(findTestObject("Object Repository/Olusturma/Genel/Kutular/SiparisBilgileri/SiparisTarihiImage")): Object: 'Object Repository/Olusturma/Genel/Kutular/SiparisBilgileri/SiparisTarihiImage' is clicked on

2021-11-23 16:42:37 - [MESSAGE][INFO] - Finding Test Object 'Object Repository/Olusturma/Genel/Kutular/SiparisBilgileri/SiparisTarihiImage'

2021-11-23 16:42:37 - [MESSAGE][INFO] - Checking object

2021-11-23 16:42:37 - [MESSAGE][INFO] - Finding web element from Test Object's properties

2021-11-23 16:42:37 - [MESSAGE][INFO] - Checking timeout

2021-11-23 16:42:37 - [MESSAGE][INFO] - Finding web element with id: 'Object Repository/Olusturma/Genel/Kutular/SiparisBilgileri/SiparisTarihiImage' located by 'By.cssSelector: #dateSiparisTarih img' in '30' second(s)

2021-11-23 16:42:37 - [MESSAGE][INFO] - Smart Wait Function is triggered

2021-11-23 16:42:38 - [MESSAGE][INFO] - Found 1 web elements with id: 'Object Repository/Olusturma/Genel/Kutular/SiparisBilgileri/SiparisTarihiImage' located by 'By.cssSelector: #dateSiparisTarih img' in '30' second(s)

2021-11-23 16:42:38 - [MESSAGE][INFO] - Clicking on object: 'Object Repository/Olusturma/Genel/Kutular/SiparisBilgileri/SiparisTarihiImage'

2021-11-23 16:42:38 - [MESSAGE][PASSED] - Object: 'Object Repository/Olusturma/Genel/Kutular/SiparisBilgileri/SiparisTarihiImage' is clicked on

2021-11-23 16:42:38 - [TEST_STEP][PASSED] - waitForElementPresent(findTestObject("Object Repository/Olusturma/Genel/Kutular/SiparisBilgileri/SiparisTarihi"), 10): Object 'Object Repository/Olusturma/Genel/Kutular/SiparisBilgileri/SiparisTarihi' is present

2021-11-23 16:42:38 - [MESSAGE][INFO] - Finding Test Object 'Object Repository/Olusturma/Genel/Kutular/SiparisBilgileri/SiparisTarihi'

2021-11-23 16:42:38 - [MESSAGE][INFO] - Checking object

2021-11-23 16:42:38 - [MESSAGE][INFO] - Finding web element from Test Object's properties

2021-11-23 16:42:38 - [MESSAGE][INFO] - Checking timeout

2021-11-23 16:42:38 - [MESSAGE][INFO] - Finding web element with id: 'Object Repository/Olusturma/Genel/Kutular/SiparisBilgileri/SiparisTarihi' located by 'By.xpath: //*[@id = 'dateSiparisTarih_I']' in '10' second(s)

2021-11-23 16:42:38 - [MESSAGE][INFO] - Smart Wait Function is triggered

2021-11-23 16:42:38 - [MESSAGE][INFO] - Found 1 web elements with id: 'Object Repository/Olusturma/Genel/Kutular/SiparisBilgileri/SiparisTarihi' located by 'By.xpath: //*[@id = 'dateSiparisTarih_I']' in '10' second(s)

2021-11-23 16:42:38 - [MESSAGE][PASSED] - Object 'Object Repository/Olusturma/Genel/Kutular/SiparisBilgileri/SiparisTarihi' is present

2021-11-23 16:42:38 - [TEST_STEP][PASSED] - clearText(findTestObject("Object Repository/Olusturma/Genel/Kutular/SiparisBilgileri/SiparisTarihi")): Text of object 'Object Repository/Olusturma/Genel/Kutular/SiparisBilgileri/SiparisTarihi' is cleared

2021-11-23 16:42:38 - [MESSAGE][INFO] - Finding Test Object 'Object Repository/Olusturma/Genel/Kutular/SiparisBilgileri/SiparisTarihi'

2021-11-23 16:42:38 - [MESSAGE][INFO] - Checking object

2021-11-23 16:42:38 - [MESSAGE][INFO] - Finding web element from Test Object's properties

2021-11-23 16:42:38 - [MESSAGE][INFO] - Checking timeout

2021-11-23 16:42:38 - [MESSAGE][INFO] - Finding web element with id: 'Object Repository/Olusturma/Genel/Kutular/SiparisBilgileri/SiparisTarihi' located by 'By.xpath: //*[@id = 'dateSiparisTarih_I']' in '30' second(s)

2021-11-23 16:42:38 - [MESSAGE][INFO] - Smart Wait Function is triggered

2021-11-23 16:42:39 - [MESSAGE][INFO] - Found 1 web elements with id: 'Object Repository/Olusturma/Genel/Kutular/SiparisBilgileri/SiparisTarihi' located by 'By.xpath: //*[@id = 'dateSiparisTarih_I']' in '30' second(s)

2021-11-23 16:42:39 - [MESSAGE][INFO] - Clearing text of object 'Object Repository/Olusturma/Genel/Kutular/SiparisBilgileri/SiparisTarihi'

2021-11-23 16:42:39 - [MESSAGE][PASSED] - Text of object 'Object Repository/Olusturma/Genel/Kutular/SiparisBilgileri/SiparisTarihi' is cleared

2021-11-23 16:42:39 - [TEST_STEP][PASSED] - sendKeys(findTestObject("Object Repository/Olusturma/Genel/Kutular/SiparisBilgileri/SiparisTarihi"), Tarih): Keys '31.04.2020' sent to object: 'Object Repository/Olusturma/Genel/Kutular/SiparisBilgileri/SiparisTarihi'

2021-11-23 16:42:39 - [MESSAGE][INFO] - Finding Test Object 'Object Repository/Olusturma/Genel/Kutular/SiparisBilgileri/SiparisTarihi'

2021-11-23 16:42:39 - [MESSAGE][INFO] - Sending keys '31.04.2020' to object: 'Object Repository/Olusturma/Genel/Kutular/SiparisBilgileri/SiparisTarihi'

2021-11-23 16:42:39 - [MESSAGE][INFO] - Finding web element from Test Object's properties

2021-11-23 16:42:39 - [MESSAGE][INFO] - Checking timeout

2021-11-23 16:42:39 - [MESSAGE][INFO] - Finding web element with id: 'Object Repository/Olusturma/Genel/Kutular/SiparisBilgileri/SiparisTarihi' located by 'By.xpath: //*[@id = 'dateSiparisTarih_I']' in '30' second(s)

2021-11-23 16:42:39 - [MESSAGE][INFO] - Smart Wait Function is triggered

2021-11-23 16:42:39 - [MESSAGE][INFO] - Found 1 web elements with id: 'Object Repository/Olusturma/Genel/Kutular/SiparisBilgileri/SiparisTarihi' located by 'By.xpath: //*[@id = 'dateSiparisTarih_I']' in '30' second(s)

2021-11-23 16:42:39 - [MESSAGE][PASSED] - Keys '31.04.2020' sent to object: 'Object Repository/Olusturma/Genel/Kutular/SiparisBilgileri/SiparisTarihi'

2021-11-23 16:42:39 - [MESSAGE][PASSED] - Call Test Case 'Test Cases/Olusturma/Genel/Kutular/SiparisBilgileriGirilir' successfully

2021-11-23 16:42:39 - [MESSAGE][INFO] - Checking called Test Case

2021-11-23 16:42:39 - [MESSAGE][INFO] - Starting to call Test Case 'Test Cases/Olusturma/Genel/Kutular/IrsaliyeBilgileri'

2021-11-23 16:42:39 - [TEST_CASE][PASSED] - Test Cases/Olusturma/Genel/Kutular/IrsaliyeBilgileri: Test Cases/Olusturma/Genel/Kutular/IrsaliyeBilgileri

2021-11-23 16:42:39 - [TEST_STEP][PASSED] - Method.TextDegerineEsitElementeTikla(findTestObject("Olusturma/Genel/Kutular/KapaliKutular"), "İrsaliye Bilgileri"): Method.TextDegerineEsitElementeTikla is PASSED

2021-11-23 16:42:39 - [MESSAGE][INFO] - Finding Test Object 'Object Repository/Olusturma/Genel/Kutular/KapaliKutular'

2021-11-23 16:42:39 - [MESSAGE][INFO] - Checking timeout

2021-11-23 16:42:39 - [MESSAGE][INFO] - Finding web element with id: 'Object Repository/Olusturma/Genel/Kutular/KapaliKutular' located by 'By.cssSelector: .dxnb-headerCollapsed>span' in '10' second(s)

2021-11-23 16:42:39 - [MESSAGE][INFO] - Smart Wait Function is triggered

2021-11-23 16:42:39 - [MESSAGE][INFO] - Found 8 web elements with id: 'Object Repository/Olusturma/Genel/Kutular/KapaliKutular' located by 'By.cssSelector: .dxnb-headerCollapsed>span' in '10' second(s)

2021-11-23 16:42:40 - [MESSAGE][PASSED] - Method.TextDegerineEsitElementeTikla is PASSED

2021-11-23 16:42:40 - [TEST_STEP][PASSED] - waitForElementClickable(findTestObject("Olusturma/Genel/Kutular/IrsaliyeBilgileri/Ekle"), 10): Object 'Object Repository/Olusturma/Genel/Kutular/IrsaliyeBilgileri/Ekle' is clickable

2021-11-23 16:42:40 - [MESSAGE][INFO] - Finding Test Object 'Object Repository/Olusturma/Genel/Kutular/IrsaliyeBilgileri/Ekle'

2021-11-23 16:42:40 - [MESSAGE][INFO] - Checking object

2021-11-23 16:42:40 - [MESSAGE][INFO] - Checking timeout

2021-11-23 16:42:40 - [MESSAGE][INFO] - Finding web element from Test Object's properties

2021-11-23 16:42:40 - [MESSAGE][INFO] - Checking timeout

2021-11-23 16:42:40 - [MESSAGE][INFO] - Finding web element with id: 'Object Repository/Olusturma/Genel/Kutular/IrsaliyeBilgileri/Ekle' located by 'By.xpath: //*[@id = 'DXEditorgvUserInvoiceBillsNewRowBtn']' in '10' second(s)

2021-11-23 16:42:40 - [MESSAGE][INFO] - Smart Wait Function is triggered

2021-11-23 16:42:40 - [MESSAGE][INFO] - Found 1 web elements with id: 'Object Repository/Olusturma/Genel/Kutular/IrsaliyeBilgileri/Ekle' located by 'By.xpath: //*[@id = 'DXEditorgvUserInvoiceBillsNewRowBtn']' in '10' second(s)

2021-11-23 16:42:40 - [MESSAGE][PASSED] - Object 'Object Repository/Olusturma/Genel/Kutular/IrsaliyeBilgileri/Ekle' is clickable

2021-11-23 16:42:40 - [TEST_STEP][PASSED] - click(findTestObject("Olusturma/Genel/Kutular/IrsaliyeBilgileri/Ekle")): Object: 'Object Repository/Olusturma/Genel/Kutular/IrsaliyeBilgileri/Ekle' is clicked on

2021-11-23 16:42:40 - [MESSAGE][INFO] - Finding Test Object 'Object Repository/Olusturma/Genel/Kutular/IrsaliyeBilgileri/Ekle'

2021-11-23 16:42:40 - [MESSAGE][INFO] - Checking object

2021-11-23 16:42:40 - [MESSAGE][INFO] - Finding web element from Test Object's properties

2021-11-23 16:42:40 - [MESSAGE][INFO] - Checking timeout

2021-11-23 16:42:40 - [MESSAGE][INFO] - Finding web element with id: 'Object Repository/Olusturma/Genel/Kutular/IrsaliyeBilgileri/Ekle' located by 'By.xpath: //*[@id = 'DXEditorgvUserInvoiceBillsNewRowBtn']' in '30' second(s)

2021-11-23 16:42:40 - [MESSAGE][INFO] - Smart Wait Function is triggered

2021-11-23 16:42:40 - [MESSAGE][INFO] - Found 1 web elements with id: 'Object Repository/Olusturma/Genel/Kutular/IrsaliyeBilgileri/Ekle' located by 'By.xpath: //*[@id = 'DXEditorgvUserInvoiceBillsNewRowBtn']' in '30' second(s)

2021-11-23 16:42:40 - [MESSAGE][INFO] - Clicking on object: 'Object Repository/Olusturma/Genel/Kutular/IrsaliyeBilgileri/Ekle'

2021-11-23 16:42:40 - [MESSAGE][PASSED] - Object: 'Object Repository/Olusturma/Genel/Kutular/IrsaliyeBilgileri/Ekle' is clicked on

2021-11-23 16:42:40 - [TEST_STEP][PASSED] - waitForElementPresent(findTestObject("Object Repository/Olusturma/Genel/Kutular/IrsaliyeBilgileri/IrsaliyeNumarasi"), 10): Object 'Object Repository/Olusturma/Genel/Kutular/IrsaliyeBilgileri/IrsaliyeNumarasi' is present

2021-11-23 16:42:40 - [MESSAGE][INFO] - Finding Test Object 'Object Repository/Olusturma/Genel/Kutular/IrsaliyeBilgileri/IrsaliyeNumarasi'

2021-11-23 16:42:41 - [MESSAGE][INFO] - Checking object

2021-11-23 16:42:41 - [MESSAGE][INFO] - Finding web element from Test Object's properties

2021-11-23 16:42:41 - [MESSAGE][INFO] - Checking timeout

2021-11-23 16:42:41 - [MESSAGE][INFO] - Finding web element with id: 'Object Repository/Olusturma/Genel/Kutular/IrsaliyeBilgileri/IrsaliyeNumarasi' located by 'By.xpath: //*[@id = 'gvUserInvoiceBills_DXEditor1_I']' in '10' second(s)

2021-11-23 16:42:41 - [MESSAGE][INFO] - Smart Wait Function is triggered

2021-11-23 16:42:41 - [MESSAGE][INFO] - Smart Wait Function is triggered

2021-11-23 16:42:42 - [MESSAGE][INFO] - Found 1 web elements with id: 'Object Repository/Olusturma/Genel/Kutular/IrsaliyeBilgileri/IrsaliyeNumarasi' located by 'By.xpath: //*[@id = 'gvUserInvoiceBills_DXEditor1_I']' in '10' second(s)

2021-11-23 16:42:42 - [MESSAGE][PASSED] - Object 'Object Repository/Olusturma/Genel/Kutular/IrsaliyeBilgileri/IrsaliyeNumarasi' is present

2021-11-23 16:42:42 - [TEST_STEP][PASSED] - clearText(findTestObject("Object Repository/Olusturma/Genel/Kutular/IrsaliyeBilgileri/IrsaliyeNumarasi")): Text of object 'Object Repository/Olusturma/Genel/Kutular/IrsaliyeBilgileri/IrsaliyeNumarasi' is cleared

2021-11-23 16:42:42 - [MESSAGE][INFO] - Finding Test Object 'Object Repository/Olusturma/Genel/Kutular/IrsaliyeBilgileri/IrsaliyeNumarasi'

2021-11-23 16:42:42 - [MESSAGE][INFO] - Checking object

2021-11-23 16:42:42 - [MESSAGE][INFO] - Finding web element from Test Object's properties

2021-11-23 16:42:42 - [MESSAGE][INFO] - Checking timeout

2021-11-23 16:42:42 - [MESSAGE][INFO] - Finding web element with id: 'Object Repository/Olusturma/Genel/Kutular/IrsaliyeBilgileri/IrsaliyeNumarasi' located by 'By.xpath: //*[@id = 'gvUserInvoiceBills_DXEditor1_I']' in '30' second(s)

2021-11-23 16:42:42 - [MESSAGE][INFO] - Smart Wait Function is triggered

2021-11-23 16:42:42 - [MESSAGE][INFO] - Found 1 web elements with id: 'Object Repository/Olusturma/Genel/Kutular/IrsaliyeBilgileri/IrsaliyeNumarasi' located by 'By.xpath: //*[@id = 'gvUserInvoiceBills_DXEditor1_I']' in '30' second(s)

2021-11-23 16:42:42 - [MESSAGE][INFO] - Clearing text of object 'Object Repository/Olusturma/Genel/Kutular/IrsaliyeBilgileri/IrsaliyeNumarasi'

2021-11-23 16:42:42 - [MESSAGE][PASSED] - Text of object 'Object Repository/Olusturma/Genel/Kutular/IrsaliyeBilgileri/IrsaliyeNumarasi' is cleared

2021-11-23 16:42:42 - [TEST_STEP][PASSED] - sendKeys(findTestObject("Object Repository/Olusturma/Genel/Kutular/IrsaliyeBilgileri/IrsaliyeNumarasi"), Numara): Keys 'AAAAAAAAAA' sent to object: 'Object Repository/Olusturma/Genel/Kutular/IrsaliyeBilgileri/IrsaliyeNumarasi'

2021-11-23 16:42:42 - [MESSAGE][INFO] - Finding Test Object 'Object Repository/Olusturma/Genel/Kutular/IrsaliyeBilgileri/IrsaliyeNumarasi'

2021-11-23 16:42:42 - [MESSAGE][INFO] - Sending keys 'AAAAAAAAAA' to object: 'Object Repository/Olusturma/Genel/Kutular/IrsaliyeBilgileri/IrsaliyeNumarasi'

2021-11-23 16:42:42 - [MESSAGE][INFO] - Finding web element from Test Object's properties

2021-11-23 16:42:42 - [MESSAGE][INFO] - Checking timeout

2021-11-23 16:42:42 - [MESSAGE][INFO] - Finding web element with id: 'Object Repository/Olusturma/Genel/Kutular/IrsaliyeBilgileri/IrsaliyeNumarasi' located by 'By.xpath: //*[@id = 'gvUserInvoiceBills_DXEditor1_I']' in '30' second(s)

2021-11-23 16:42:42 - [MESSAGE][INFO] - Smart Wait Function is triggered

2021-11-23 16:42:42 - [MESSAGE][INFO] - Found 1 web elements with id: 'Object Repository/Olusturma/Genel/Kutular/IrsaliyeBilgileri/IrsaliyeNumarasi' located by 'By.xpath: //*[@id = 'gvUserInvoiceBills_DXEditor1_I']' in '30' second(s)

2021-11-23 16:42:43 - [MESSAGE][PASSED] - Keys 'AAAAAAAAAA' sent to object: 'Object Repository/Olusturma/Genel/Kutular/IrsaliyeBilgileri/IrsaliyeNumarasi'

2021-11-23 16:42:43 - [TEST_STEP][PASSED] - waitForElementClickable(findTestObject("Object Repository/Olusturma/Genel/Kutular/IrsaliyeBilgileri/IrsaliyeTarihi"), 10): Object 'Object Repository/Olusturma/Genel/Kutular/IrsaliyeBilgileri/IrsaliyeTarihi' is clickable

2021-11-23 16:42:43 - [MESSAGE][INFO] - Finding Test Object 'Object Repository/Olusturma/Genel/Kutular/IrsaliyeBilgileri/IrsaliyeTarihi'

2021-11-23 16:42:43 - [MESSAGE][INFO] - Checking object

2021-11-23 16:42:43 - [MESSAGE][INFO] - Checking timeout

2021-11-23 16:42:43 - [MESSAGE][INFO] - Finding web element from Test Object's properties

2021-11-23 16:42:43 - [MESSAGE][INFO] - Checking timeout

2021-11-23 16:42:43 - [MESSAGE][INFO] - Finding web element with id: 'Object Repository/Olusturma/Genel/Kutular/IrsaliyeBilgileri/IrsaliyeTarihi' located by 'By.xpath: //*[@id = 'gvUserInvoiceBills_DXEditor2_I']' in '10' second(s)

2021-11-23 16:42:43 - [MESSAGE][INFO] - Smart Wait Function is triggered

2021-11-23 16:42:43 - [MESSAGE][INFO] - Found 1 web elements with id: 'Object Repository/Olusturma/Genel/Kutular/IrsaliyeBilgileri/IrsaliyeTarihi' located by 'By.xpath: //*[@id = 'gvUserInvoiceBills_DXEditor2_I']' in '10' second(s)

2021-11-23 16:42:43 - [MESSAGE][PASSED] - Object 'Object Repository/Olusturma/Genel/Kutular/IrsaliyeBilgileri/IrsaliyeTarihi' is clickable

2021-11-23 16:42:43 - [TEST_STEP][PASSED] - click(findTestObject("Object Repository/Olusturma/Genel/Kutular/IrsaliyeBilgileri/IrsaliyeTarihi")): Object: 'Object Repository/Olusturma/Genel/Kutular/IrsaliyeBilgileri/IrsaliyeTarihi' is clicked on

2021-11-23 16:42:43 - [MESSAGE][INFO] - Finding Test Object 'Object Repository/Olusturma/Genel/Kutular/IrsaliyeBilgileri/IrsaliyeTarihi'

2021-11-23 16:42:43 - [MESSAGE][INFO] - Checking object

2021-11-23 16:42:43 - [MESSAGE][INFO] - Finding web element from Test Object's properties

2021-11-23 16:42:43 - [MESSAGE][INFO] - Checking timeout

2021-11-23 16:42:43 - [MESSAGE][INFO] - Finding web element with id: 'Object Repository/Olusturma/Genel/Kutular/IrsaliyeBilgileri/IrsaliyeTarihi' located by 'By.xpath: //*[@id = 'gvUserInvoiceBills_DXEditor2_I']' in '30' second(s)

2021-11-23 16:42:43 - [MESSAGE][INFO] - Smart Wait Function is triggered

2021-11-23 16:42:43 - [MESSAGE][INFO] - Found 1 web elements with id: 'Object Repository/Olusturma/Genel/Kutular/IrsaliyeBilgileri/IrsaliyeTarihi' located by 'By.xpath: //*[@id = 'gvUserInvoiceBills_DXEditor2_I']' in '30' second(s)

2021-11-23 16:42:43 - [MESSAGE][INFO] - Clicking on object: 'Object Repository/Olusturma/Genel/Kutular/IrsaliyeBilgileri/IrsaliyeTarihi'

2021-11-23 16:42:44 - [MESSAGE][PASSED] - Object: 'Object Repository/Olusturma/Genel/Kutular/IrsaliyeBilgileri/IrsaliyeTarihi' is clicked on

2021-11-23 16:42:44 - [TEST_STEP][PASSED] - sendKeys(findTestObject("Object Repository/Olusturma/Genel/Kutular/IrsaliyeBilgileri/IrsaliyeTarihi"), Tarih): Keys '31.04.2020' sent to object: 'Object Repository/Olusturma/Genel/Kutular/IrsaliyeBilgileri/IrsaliyeTarihi'

2021-11-23 16:42:44 - [MESSAGE][INFO] - Finding Test Object 'Object Repository/Olusturma/Genel/Kutular/IrsaliyeBilgileri/IrsaliyeTarihi'

2021-11-23 16:42:44 - [MESSAGE][INFO] - Sending keys '31.04.2020' to object: 'Object Repository/Olusturma/Genel/Kutular/IrsaliyeBilgileri/IrsaliyeTarihi'

2021-11-23 16:42:44 - [MESSAGE][INFO] - Finding web element from Test Object's properties

2021-11-23 16:42:44 - [MESSAGE][INFO] - Checking timeout

2021-11-23 16:42:44 - [MESSAGE][INFO] - Finding web element with id: 'Object Repository/Olusturma/Genel/Kutular/IrsaliyeBilgileri/IrsaliyeTarihi' located by 'By.xpath: //*[@id = 'gvUserInvoiceBills_DXEditor2_I']' in '30' second(s)

2021-11-23 16:42:44 - [MESSAGE][INFO] - Smart Wait Function is triggered

2021-11-23 16:42:44 - [MESSAGE][INFO] - Found 1 web elements with id: 'Object Repository/Olusturma/Genel/Kutular/IrsaliyeBilgileri/IrsaliyeTarihi' located by 'By.xpath: //*[@id = 'gvUserInvoiceBills_DXEditor2_I']' in '30' second(s)

2021-11-23 16:42:44 - [MESSAGE][PASSED] - Keys '31.04.2020' sent to object: 'Object Repository/Olusturma/Genel/Kutular/IrsaliyeBilgileri/IrsaliyeTarihi'

2021-11-23 16:42:44 - [MESSAGE][PASSED] - Call Test Case 'Test Cases/Olusturma/Genel/Kutular/IrsaliyeBilgileri' successfully

2021-11-23 16:42:44 - [MESSAGE][INFO] - Checking called Test Case

2021-11-23 16:42:44 - [MESSAGE][INFO] - Starting to call Test Case 'Test Cases/Olusturma/Genel/EkleButonunaBasilir'

2021-11-23 16:42:44 - [TEST_CASE][PASSED] - Test Cases/Olusturma/Genel/EkleButonunaBasilir: Test Cases/Olusturma/Genel/EkleButonunaBasilir

2021-11-23 16:42:44 - [TEST_STEP][PASSED] - waitForElementClickable(findTestObject("Object Repository/Olusturma/Genel/Olusturma/Ekle"), 10): Object 'Object Repository/Olusturma/Genel/Olusturma/Ekle' is clickable

2021-11-23 16:42:44 - [MESSAGE][INFO] - Finding Test Object 'Object Repository/Olusturma/Genel/Olusturma/Ekle'

2021-11-23 16:42:44 - [MESSAGE][INFO] - Checking object

2021-11-23 16:42:44 - [MESSAGE][INFO] - Checking timeout

2021-11-23 16:42:44 - [MESSAGE][INFO] - Finding web element from Test Object's properties

2021-11-23 16:42:44 - [MESSAGE][INFO] - Checking timeout

2021-11-23 16:42:44 - [MESSAGE][INFO] - Finding web element with id: 'Object Repository/Olusturma/Genel/Olusturma/Ekle' located by 'By.cssSelector: #divmalhizmet i.fa.fa-plus.fa-lg.text-muted' in '10' second(s)

2021-11-23 16:42:44 - [MESSAGE][INFO] - Smart Wait Function is triggered

2021-11-23 16:42:45 - [MESSAGE][INFO] - Found 1 web elements with id: 'Object Repository/Olusturma/Genel/Olusturma/Ekle' located by 'By.cssSelector: #divmalhizmet i.fa.fa-plus.fa-lg.text-muted' in '10' second(s)

2021-11-23 16:42:45 - [MESSAGE][PASSED] - Object 'Object Repository/Olusturma/Genel/Olusturma/Ekle' is clickable

2021-11-23 16:42:45 - [TEST_STEP][PASSED] - click(findTestObject("Object Repository/Olusturma/Genel/Olusturma/Ekle")): Object: 'Object Repository/Olusturma/Genel/Olusturma/Ekle' is clicked on

2021-11-23 16:42:45 - [MESSAGE][INFO] - Finding Test Object 'Object Repository/Olusturma/Genel/Olusturma/Ekle'

2021-11-23 16:42:45 - [MESSAGE][INFO] - Checking object

2021-11-23 16:42:45 - [MESSAGE][INFO] - Finding web element from Test Object's properties

2021-11-23 16:42:45 - [MESSAGE][INFO] - Checking timeout

2021-11-23 16:42:45 - [MESSAGE][INFO] - Finding web element with id: 'Object Repository/Olusturma/Genel/Olusturma/Ekle' located by 'By.cssSelector: #divmalhizmet i.fa.fa-plus.fa-lg.text-muted' in '30' second(s)

2021-11-23 16:42:45 - [MESSAGE][INFO] - Smart Wait Function is triggered

2021-11-23 16:42:45 - [MESSAGE][INFO] - Found 1 web elements with id: 'Object Repository/Olusturma/Genel/Olusturma/Ekle' located by 'By.cssSelector: #divmalhizmet i.fa.fa-plus.fa-lg.text-muted' in '30' second(s)

2021-11-23 16:42:45 - [MESSAGE][INFO] - Clicking on object: 'Object Repository/Olusturma/Genel/Olusturma/Ekle'

2021-11-23 16:42:45 - [MESSAGE][PASSED] - Object: 'Object Repository/Olusturma/Genel/Olusturma/Ekle' is clicked on

2021-11-23 16:42:45 - [TEST_STEP][PASSED] - waitForElementClickable(findTestObject("Olusturma/Genel/Olusturma/EklenenSatirCarpiImage"), 10): Object 'Object Repository/Olusturma/Genel/Olusturma/EklenenSatirCarpiImage' is clickable

2021-11-23 16:42:45 - [MESSAGE][INFO] - Finding Test Object 'Object Repository/Olusturma/Genel/Olusturma/EklenenSatirCarpiImage'

2021-11-23 16:42:45 - [MESSAGE][INFO] - Checking object

2021-11-23 16:42:45 - [MESSAGE][INFO] - Checking timeout

2021-11-23 16:42:45 - [MESSAGE][INFO] - Finding web element from Test Object's properties

2021-11-23 16:42:45 - [MESSAGE][INFO] - Checking timeout

2021-11-23 16:42:45 - [MESSAGE][INFO] - Finding web element with id: 'Object Repository/Olusturma/Genel/Olusturma/EklenenSatirCarpiImage' located by 'By.cssSelector: .fa.fa-times.fa-lg.text-primary' in '10' second(s)

2021-11-23 16:42:45 - [MESSAGE][INFO] - Smart Wait Function is triggered

2021-11-23 16:42:46 - [MESSAGE][INFO] - Found 1 web elements with id: 'Object Repository/Olusturma/Genel/Olusturma/EklenenSatirCarpiImage' located by 'By.cssSelector: .fa.fa-times.fa-lg.text-primary' in '10' second(s)

2021-11-23 16:42:46 - [MESSAGE][PASSED] - Object 'Object Repository/Olusturma/Genel/Olusturma/EklenenSatirCarpiImage' is clickable

2021-11-23 16:42:46 - [MESSAGE][PASSED] - Call Test Case 'Test Cases/Olusturma/Genel/EkleButonunaBasilir' successfully

2021-11-23 16:42:46 - [MESSAGE][INFO] - Checking called Test Case

2021-11-23 16:42:46 - [MESSAGE][INFO] - Starting to call Test Case 'Test Cases/Olusturma/Genel/Olusturma'

2021-11-23 16:42:46 - [TEST_CASE][PASSED] - Test Cases/Olusturma/Genel/Olusturma: Test Cases/Olusturma/Genel/Olusturma

2021-11-23 16:42:46 - [TEST_STEP][PASSED] - driver = getWebDriver(): null

2021-11-23 16:42:46 - [TEST_STEP][PASSED] - action = new org.openqa.selenium.interactions.Actions(driver): null

2021-11-23 16:42:46 - [TEST_STEP][PASSED] - baslikElement = <not implemented yet for class: org.codehaus.groovy.ast.expr.EmptyExpression>: null

2021-11-23 16:42:46 - [TEST_STEP][PASSED] - sonElement = <not implemented yet for class: org.codehaus.groovy.ast.expr.EmptyExpression>: null

2021-11-23 16:42:46 - [TEST_STEP][PASSED] - attr = <not implemented yet for class: org.codehaus.groovy.ast.expr.EmptyExpression>: null

2021-11-23 16:42:46 - [TEST_STEP][PASSED] - a = 0: null

2021-11-23 16:42:46 - [TEST_STEP][PASSED] - elements = findWebElements(findTestObject("Object Repository/Olusturma/Genel/Olusturma/TabloBasliklari"), 10): Found 13 web elements with id: 'Object Repository/Olusturma/Genel/Olusturma/TabloBasliklari' located by 'By.cssSelector: div#divmalhizmet .dxgvTable_LECustomTheme td.dxgvHeader_LECustomTheme tr>td:nth-child(1)' in '10' second(s)

2021-11-23 16:42:46 - [MESSAGE][INFO] - Finding Test Object 'Object Repository/Olusturma/Genel/Olusturma/TabloBasliklari'

2021-11-23 16:42:46 - [MESSAGE][INFO] - Checking timeout

2021-11-23 16:42:46 - [MESSAGE][INFO] - Finding web element with id: 'Object Repository/Olusturma/Genel/Olusturma/TabloBasliklari' located by 'By.cssSelector: div#divmalhizmet .dxgvTable_LECustomTheme td.dxgvHeader_LECustomTheme tr>td:nth-child(1)' in '10' second(s)

2021-11-23 16:42:46 - [MESSAGE][INFO] - Smart Wait Function is triggered

2021-11-23 16:42:47 - [MESSAGE][INFO] - Found 13 web elements with id: 'Object Repository/Olusturma/Genel/Olusturma/TabloBasliklari' located by 'By.cssSelector: div#divmalhizmet .dxgvTable_LECustomTheme td.dxgvHeader_LECustomTheme tr>td:nth-child(1)' in '10' second(s)

2021-11-23 16:42:47 - [TEST_STEP][PASSED] - for (def element : elements): null

2021-11-23 16:42:47 - [TEST_STEP][PASSED] - build().perform(): null

2021-11-23 16:42:47 - [TEST_STEP][PASSED] - if (getText().equals(Baslik)): null

2021-11-23 16:42:47 - [TEST_STEP][PASSED] - baslikElement = element.findElement(By.xpath("../../../..")): Smart Wait Function is triggered

2021-11-23 16:42:47 - [MESSAGE][INFO] - Smart Wait Function is triggered

2021-11-23 16:42:47 - [TEST_STEP][PASSED] - attr = baslikElement.getAttribute("id"): null

2021-11-23 16:42:47 - [TEST_STEP][PASSED] - println("girdi ve idsini aldı = " + attr): null

2021-11-23 16:42:47 - [TEST_STEP][PASSED] - break: null

2021-11-23 16:42:47 - [TEST_STEP][PASSED] - countElement = baslikElement.findElements(By.xpath("../td")): Smart Wait Function is triggered

2021-11-23 16:42:47 - [MESSAGE][INFO] - Smart Wait Function is triggered

2021-11-23 16:42:48 - [TEST_STEP][PASSED] - for (def element : countElement): null

2021-11-23 16:42:48 - [TEST_STEP][PASSED] - if (toString().equals(attr.toString())): null

2021-11-23 16:42:48 - [TEST_STEP][PASSED] - (a++): null

2021-11-23 16:42:48 - [TEST_STEP][PASSED] - if (toString().equals(attr.toString())): null

2021-11-23 16:42:48 - [TEST_STEP][PASSED] - break: null

2021-11-23 16:42:48 - [TEST_STEP][PASSED] - son = findWebElement(findTestObject("Object Repository/Olusturma/Genel/Olusturma/EklenenSatir")).findElement(By.xpath("td[@class='dxgvInlineEditCell_LECustomTheme dxgv'][" + a + "]//td[@class='dxic']/input")): Smart Wait Function is triggered

2021-11-23 16:42:48 - [MESSAGE][INFO] - Finding Test Object 'Object Repository/Olusturma/Genel/Olusturma/EklenenSatir'

2021-11-23 16:42:48 - [MESSAGE][INFO] - Finding web element from Test Object's properties

2021-11-23 16:42:48 - [MESSAGE][INFO] - Checking timeout

2021-11-23 16:42:48 - [MESSAGE][INFO] - Finding web element with id: 'Object Repository/Olusturma/Genel/Olusturma/EklenenSatir' located by 'By.cssSelector: #divmalhizmet .dxgvInlineEditRow_LECustomTheme' in '30' second(s)

2021-11-23 16:42:48 - [MESSAGE][INFO] - Smart Wait Function is triggered

2021-11-23 16:42:48 - [MESSAGE][INFO] - Found 1 web elements with id: 'Object Repository/Olusturma/Genel/Olusturma/EklenenSatir' located by 'By.cssSelector: #divmalhizmet .dxgvInlineEditRow_LECustomTheme' in '30' second(s)

2021-11-23 16:42:48 - [MESSAGE][INFO] - Smart Wait Function is triggered

2021-11-23 16:42:48 - [TEST_STEP][PASSED] - if (!(getAttribute("value").contains("Vkn"))): null

2021-11-23 16:42:48 - [TEST_STEP][PASSED] - son.clear(): null

2021-11-23 16:42:48 - [TEST_STEP][PASSED] - son.sendKeys(Deger): null

2021-11-23 16:42:49 - [MESSAGE][PASSED] - Call Test Case 'Test Cases/Olusturma/Genel/Olusturma' successfully

2021-11-23 16:42:49 - [MESSAGE][INFO] - Checking called Test Case

2021-11-23 16:42:49 - [MESSAGE][INFO] - Starting to call Test Case 'Test Cases/Olusturma/Genel/Olusturma'

2021-11-23 16:42:49 - [TEST_CASE][PASSED] - Test Cases/Olusturma/Genel/Olusturma: Test Cases/Olusturma/Genel/Olusturma

2021-11-23 16:42:49 - [TEST_STEP][PASSED] - driver = getWebDriver(): null

2021-11-23 16:42:49 - [TEST_STEP][PASSED] - action = new org.openqa.selenium.interactions.Actions(driver): null

2021-11-23 16:42:49 - [TEST_STEP][PASSED] - baslikElement = <not implemented yet for class: org.codehaus.groovy.ast.expr.EmptyExpression>: null

2021-11-23 16:42:49 - [TEST_STEP][PASSED] - sonElement = <not implemented yet for class: org.codehaus.groovy.ast.expr.EmptyExpression>: null

2021-11-23 16:42:49 - [TEST_STEP][PASSED] - attr = <not implemented yet for class: org.codehaus.groovy.ast.expr.EmptyExpression>: null

2021-11-23 16:42:49 - [TEST_STEP][PASSED] - a = 0: null

2021-11-23 16:42:49 - [TEST_STEP][PASSED] - elements = findWebElements(findTestObject("Object Repository/Olusturma/Genel/Olusturma/TabloBasliklari"), 10): Found 13 web elements with id: 'Object Repository/Olusturma/Genel/Olusturma/TabloBasliklari' located by 'By.cssSelector: div#divmalhizmet .dxgvTable_LECustomTheme td.dxgvHeader_LECustomTheme tr>td:nth-child(1)' in '10' second(s)

2021-11-23 16:42:49 - [MESSAGE][INFO] - Finding Test Object 'Object Repository/Olusturma/Genel/Olusturma/TabloBasliklari'

2021-11-23 16:42:49 - [MESSAGE][INFO] - Checking timeout

2021-11-23 16:42:49 - [MESSAGE][INFO] - Finding web element with id: 'Object Repository/Olusturma/Genel/Olusturma/TabloBasliklari' located by 'By.cssSelector: div#divmalhizmet .dxgvTable_LECustomTheme td.dxgvHeader_LECustomTheme tr>td:nth-child(1)' in '10' second(s)

2021-11-23 16:42:49 - [MESSAGE][INFO] - Smart Wait Function is triggered

2021-11-23 16:42:49 - [MESSAGE][INFO] - Found 13 web elements with id: 'Object Repository/Olusturma/Genel/Olusturma/TabloBasliklari' located by 'By.cssSelector: div#divmalhizmet .dxgvTable_LECustomTheme td.dxgvHeader_LECustomTheme tr>td:nth-child(1)' in '10' second(s)

2021-11-23 16:42:49 - [TEST_STEP][PASSED] - for (def element : elements): null

2021-11-23 16:42:49 - [TEST_STEP][PASSED] - build().perform(): null

2021-11-23 16:42:49 - [TEST_STEP][PASSED] - if (getText().equals(Baslik)): null

2021-11-23 16:42:49 - [TEST_STEP][PASSED] - build().perform(): null

2021-11-23 16:42:49 - [TEST_STEP][PASSED] - if (getText().equals(Baslik)): null

2021-11-23 16:42:49 - [TEST_STEP][PASSED] - baslikElement = element.findElement(By.xpath("../../../..")): Smart Wait Function is triggered

2021-11-23 16:42:49 - [MESSAGE][INFO] - Smart Wait Function is triggered

2021-11-23 16:42:50 - [TEST_STEP][PASSED] - attr = baslikElement.getAttribute("id"): null

2021-11-23 16:42:50 - [TEST_STEP][PASSED] - println("girdi ve idsini aldı = " + attr): null

2021-11-23 16:42:50 - [TEST_STEP][PASSED] - break: null

2021-11-23 16:42:50 - [TEST_STEP][PASSED] - countElement = baslikElement.findElements(By.xpath("../td")): Smart Wait Function is triggered

2021-11-23 16:42:50 - [MESSAGE][INFO] - Smart Wait Function is triggered

2021-11-23 16:42:50 - [TEST_STEP][PASSED] - for (def element : countElement): null

2021-11-23 16:42:50 - [TEST_STEP][PASSED] - if (toString().equals(attr.toString())): null

2021-11-23 16:42:50 - [TEST_STEP][PASSED] - (a++): null

2021-11-23 16:42:50 - [TEST_STEP][PASSED] - if (toString().equals(attr.toString())): null

2021-11-23 16:42:50 - [TEST_STEP][PASSED] - (a++): null

2021-11-23 16:42:50 - [TEST_STEP][PASSED] - if (toString().equals(attr.toString())): null

2021-11-23 16:42:50 - [TEST_STEP][PASSED] - break: null

2021-11-23 16:42:50 - [TEST_STEP][PASSED] - son = findWebElement(findTestObject("Object Repository/Olusturma/Genel/Olusturma/EklenenSatir")).findElement(By.xpath("td[@class='dxgvInlineEditCell_LECustomTheme dxgv'][" + a + "]//td[@class='dxic']/input")): Smart Wait Function is triggered

2021-11-23 16:42:50 - [MESSAGE][INFO] - Finding Test Object 'Object Repository/Olusturma/Genel/Olusturma/EklenenSatir'

2021-11-23 16:42:50 - [MESSAGE][INFO] - Finding web element from Test Object's properties

2021-11-23 16:42:50 - [MESSAGE][INFO] - Checking timeout

2021-11-23 16:42:50 - [MESSAGE][INFO] - Finding web element with id: 'Object Repository/Olusturma/Genel/Olusturma/EklenenSatir' located by 'By.cssSelector: #divmalhizmet .dxgvInlineEditRow_LECustomTheme' in '30' second(s)

2021-11-23 16:42:50 - [MESSAGE][INFO] - Smart Wait Function is triggered

2021-11-23 16:42:50 - [MESSAGE][INFO] - Found 1 web elements with id: 'Object Repository/Olusturma/Genel/Olusturma/EklenenSatir' located by 'By.cssSelector: #divmalhizmet .dxgvInlineEditRow_LECustomTheme' in '30' second(s)

2021-11-23 16:42:50 - [MESSAGE][INFO] - Smart Wait Function is triggered

2021-11-23 16:42:51 - [TEST_STEP][PASSED] - if (!(getAttribute("value").contains("Vkn"))): null

2021-11-23 16:42:51 - [TEST_STEP][PASSED] - son.clear(): null

2021-11-23 16:42:51 - [TEST_STEP][PASSED] - son.sendKeys(Deger): null

2021-11-23 16:42:51 - [MESSAGE][PASSED] - Call Test Case 'Test Cases/Olusturma/Genel/Olusturma' successfully

2021-11-23 16:42:51 - [MESSAGE][INFO] - Checking called Test Case

2021-11-23 16:42:51 - [MESSAGE][INFO] - Starting to call Test Case 'Test Cases/Olusturma/Genel/Olusturma'

2021-11-23 16:42:51 - [TEST_CASE][PASSED] - Test Cases/Olusturma/Genel/Olusturma: Test Cases/Olusturma/Genel/Olusturma

2021-11-23 16:42:51 - [TEST_STEP][PASSED] - driver = getWebDriver(): null

2021-11-23 16:42:51 - [TEST_STEP][PASSED] - action = new org.openqa.selenium.interactions.Actions(driver): null

2021-11-23 16:42:51 - [TEST_STEP][PASSED] - baslikElement = <not implemented yet for class: org.codehaus.groovy.ast.expr.EmptyExpression>: null

2021-11-23 16:42:51 - [TEST_STEP][PASSED] - sonElement = <not implemented yet for class: org.codehaus.groovy.ast.expr.EmptyExpression>: null

2021-11-23 16:42:51 - [TEST_STEP][PASSED] - attr = <not implemented yet for class: org.codehaus.groovy.ast.expr.EmptyExpression>: null

2021-11-23 16:42:51 - [TEST_STEP][PASSED] - a = 0: null

2021-11-23 16:42:51 - [TEST_STEP][PASSED] - elements = findWebElements(findTestObject("Object Repository/Olusturma/Genel/Olusturma/TabloBasliklari"), 10): Found 13 web elements with id: 'Object Repository/Olusturma/Genel/Olusturma/TabloBasliklari' located by 'By.cssSelector: div#divmalhizmet .dxgvTable_LECustomTheme td.dxgvHeader_LECustomTheme tr>td:nth-child(1)' in '10' second(s)

2021-11-23 16:42:51 - [MESSAGE][INFO] - Finding Test Object 'Object Repository/Olusturma/Genel/Olusturma/TabloBasliklari'

2021-11-23 16:42:51 - [MESSAGE][INFO] - Checking timeout

2021-11-23 16:42:51 - [MESSAGE][INFO] - Finding web element with id: 'Object Repository/Olusturma/Genel/Olusturma/TabloBasliklari' located by 'By.cssSelector: div#divmalhizmet .dxgvTable_LECustomTheme td.dxgvHeader_LECustomTheme tr>td:nth-child(1)' in '10' second(s)

2021-11-23 16:42:51 - [MESSAGE][INFO] - Smart Wait Function is triggered

2021-11-23 16:42:52 - [MESSAGE][INFO] - Found 13 web elements with id: 'Object Repository/Olusturma/Genel/Olusturma/TabloBasliklari' located by 'By.cssSelector: div#divmalhizmet .dxgvTable_LECustomTheme td.dxgvHeader_LECustomTheme tr>td:nth-child(1)' in '10' second(s)

2021-11-23 16:42:52 - [TEST_STEP][PASSED] - for (def element : elements): null

2021-11-23 16:42:52 - [TEST_STEP][PASSED] - build().perform(): null

2021-11-23 16:42:52 - [TEST_STEP][PASSED] - if (getText().equals(Baslik)): null

2021-11-23 16:42:52 - [TEST_STEP][PASSED] - build().perform(): null

2021-11-23 16:42:52 - [TEST_STEP][PASSED] - if (getText().equals(Baslik)): null

2021-11-23 16:42:52 - [TEST_STEP][PASSED] - build().perform(): null

2021-11-23 16:42:52 - [TEST_STEP][PASSED] - if (getText().equals(Baslik)): null

2021-11-23 16:42:52 - [TEST_STEP][PASSED] - build().perform(): null

2021-11-23 16:42:52 - [TEST_STEP][PASSED] - if (getText().equals(Baslik)): null

2021-11-23 16:42:52 - [TEST_STEP][PASSED] - baslikElement = element.findElement(By.xpath("../../../..")): Smart Wait Function is triggered

2021-11-23 16:42:52 - [MESSAGE][INFO] - Smart Wait Function is triggered

2021-11-23 16:42:53 - [TEST_STEP][PASSED] - attr = baslikElement.getAttribute("id"): null

2021-11-23 16:42:53 - [TEST_STEP][PASSED] - println("girdi ve idsini aldı = " + attr): null

2021-11-23 16:42:53 - [TEST_STEP][PASSED] - break: null

2021-11-23 16:42:53 - [TEST_STEP][PASSED] - countElement = baslikElement.findElements(By.xpath("../td")): Smart Wait Function is triggered

2021-11-23 16:42:53 - [MESSAGE][INFO] - Smart Wait Function is triggered

2021-11-23 16:42:53 - [TEST_STEP][PASSED] - for (def element : countElement): null

2021-11-23 16:42:53 - [TEST_STEP][PASSED] - if (toString().equals(attr.toString())): null

2021-11-23 16:42:53 - [TEST_STEP][PASSED] - (a++): null

2021-11-23 16:42:53 - [TEST_STEP][PASSED] - if (toString().equals(attr.toString())): null

2021-11-23 16:42:53 - [TEST_STEP][PASSED] - (a++): null

2021-11-23 16:42:53 - [TEST_STEP][PASSED] - if (toString().equals(attr.toString())): null

2021-11-23 16:42:53 - [TEST_STEP][PASSED] - (a++): null

2021-11-23 16:42:53 - [TEST_STEP][PASSED] - if (toString().equals(attr.toString())): null

2021-11-23 16:42:53 - [TEST_STEP][PASSED] - (a++): null

2021-11-23 16:42:53 - [TEST_STEP][PASSED] - if (toString().equals(attr.toString())): null

2021-11-23 16:42:53 - [TEST_STEP][PASSED] - break: null

2021-11-23 16:42:53 - [TEST_STEP][PASSED] - son = findWebElement(findTestObject("Object Repository/Olusturma/Genel/Olusturma/EklenenSatir")).findElement(By.xpath("td[@class='dxgvInlineEditCell_LECustomTheme dxgv'][" + a + "]//td[@class='dxic']/input")): Smart Wait Function is triggered

2021-11-23 16:42:53 - [MESSAGE][INFO] - Finding Test Object 'Object Repository/Olusturma/Genel/Olusturma/EklenenSatir'

2021-11-23 16:42:53 - [MESSAGE][INFO] - Finding web element from Test Object's properties

2021-11-23 16:42:53 - [MESSAGE][INFO] - Checking timeout

2021-11-23 16:42:53 - [MESSAGE][INFO] - Finding web element with id: 'Object Repository/Olusturma/Genel/Olusturma/EklenenSatir' located by 'By.cssSelector: #divmalhizmet .dxgvInlineEditRow_LECustomTheme' in '30' second(s)

2021-11-23 16:42:53 - [MESSAGE][INFO] - Smart Wait Function is triggered

2021-11-23 16:42:53 - [MESSAGE][INFO] - Found 1 web elements with id: 'Object Repository/Olusturma/Genel/Olusturma/EklenenSatir' located by 'By.cssSelector: #divmalhizmet .dxgvInlineEditRow_LECustomTheme' in '30' second(s)

2021-11-23 16:42:53 - [MESSAGE][INFO] - Smart Wait Function is triggered

2021-11-23 16:42:54 - [TEST_STEP][PASSED] - if (!(getAttribute("value").contains("Vkn"))): null

2021-11-23 16:42:54 - [TEST_STEP][PASSED] - son.clear(): null

2021-11-23 16:42:54 - [TEST_STEP][PASSED] - son.sendKeys(Deger): null

2021-11-23 16:42:54 - [MESSAGE][PASSED] - Call Test Case 'Test Cases/Olusturma/Genel/Olusturma' successfully

2021-11-23 16:42:54 - [MESSAGE][INFO] - Checking called Test Case

2021-11-23 16:42:54 - [MESSAGE][INFO] - Starting to call Test Case 'Test Cases/Olusturma/Genel/Olusturma'

2021-11-23 16:42:54 - [TEST_CASE][PASSED] - Test Cases/Olusturma/Genel/Olusturma: Test Cases/Olusturma/Genel/Olusturma

2021-11-23 16:42:54 - [TEST_STEP][PASSED] - driver = getWebDriver(): null

2021-11-23 16:42:54 - [TEST_STEP][PASSED] - action = new org.openqa.selenium.interactions.Actions(driver): null

2021-11-23 16:42:54 - [TEST_STEP][PASSED] - baslikElement = <not implemented yet for class: org.codehaus.groovy.ast.expr.EmptyExpression>: null

2021-11-23 16:42:54 - [TEST_STEP][PASSED] - sonElement = <not implemented yet for class: org.codehaus.groovy.ast.expr.EmptyExpression>: null

2021-11-23 16:42:54 - [TEST_STEP][PASSED] - attr = <not implemented yet for class: org.codehaus.groovy.ast.expr.EmptyExpression>: null

2021-11-23 16:42:54 - [TEST_STEP][PASSED] - a = 0: null

2021-11-23 16:42:54 - [TEST_STEP][PASSED] - elements = findWebElements(findTestObject("Object Repository/Olusturma/Genel/Olusturma/TabloBasliklari"), 10): Found 13 web elements with id: 'Object Repository/Olusturma/Genel/Olusturma/TabloBasliklari' located by 'By.cssSelector: div#divmalhizmet .dxgvTable_LECustomTheme td.dxgvHeader_LECustomTheme tr>td:nth-child(1)' in '10' second(s)

2021-11-23 16:42:54 - [MESSAGE][INFO] - Finding Test Object 'Object Repository/Olusturma/Genel/Olusturma/TabloBasliklari'

2021-11-23 16:42:54 - [MESSAGE][INFO] - Checking timeout

2021-11-23 16:42:54 - [MESSAGE][INFO] - Finding web element with id: 'Object Repository/Olusturma/Genel/Olusturma/TabloBasliklari' located by 'By.cssSelector: div#divmalhizmet .dxgvTable_LECustomTheme td.dxgvHeader_LECustomTheme tr>td:nth-child(1)' in '10' second(s)

2021-11-23 16:42:54 - [MESSAGE][INFO] - Smart Wait Function is triggered

2021-11-23 16:42:54 - [MESSAGE][INFO] - Found 13 web elements with id: 'Object Repository/Olusturma/Genel/Olusturma/TabloBasliklari' located by 'By.cssSelector: div#divmalhizmet .dxgvTable_LECustomTheme td.dxgvHeader_LECustomTheme tr>td:nth-child(1)' in '10' second(s)

2021-11-23 16:42:54 - [TEST_STEP][PASSED] - for (def element : elements): null

2021-11-23 16:42:54 - [TEST_STEP][PASSED] - build().perform(): null

2021-11-23 16:42:55 - [TEST_STEP][PASSED] - if (getText().equals(Baslik)): null

2021-11-23 16:42:55 - [TEST_STEP][PASSED] - build().perform(): null

2021-11-23 16:42:55 - [TEST_STEP][PASSED] - if (getText().equals(Baslik)): null

2021-11-23 16:42:55 - [TEST_STEP][PASSED] - build().perform(): null

2021-11-23 16:42:55 - [TEST_STEP][PASSED] - if (getText().equals(Baslik)): null

2021-11-23 16:42:55 - [TEST_STEP][PASSED] - build().perform(): null

2021-11-23 16:42:55 - [TEST_STEP][PASSED] - if (getText().equals(Baslik)): null

2021-11-23 16:42:55 - [TEST_STEP][PASSED] - build().perform(): null

2021-11-23 16:42:55 - [TEST_STEP][PASSED] - if (getText().equals(Baslik)): null

2021-11-23 16:42:55 - [TEST_STEP][PASSED] - build().perform(): null

2021-11-23 16:42:55 - [TEST_STEP][PASSED] - if (getText().equals(Baslik)): null

2021-11-23 16:42:55 - [TEST_STEP][PASSED] - baslikElement = element.findElement(By.xpath("../../../..")): Smart Wait Function is triggered

2021-11-23 16:42:55 - [MESSAGE][INFO] - Smart Wait Function is triggered

2021-11-23 16:42:56 - [TEST_STEP][PASSED] - attr = baslikElement.getAttribute("id"): null

2021-11-23 16:42:56 - [TEST_STEP][PASSED] - println("girdi ve idsini aldı = " + attr): null

2021-11-23 16:42:56 - [TEST_STEP][PASSED] - break: null

2021-11-23 16:42:56 - [TEST_STEP][PASSED] - countElement = baslikElement.findElements(By.xpath("../td")): Smart Wait Function is triggered

2021-11-23 16:42:56 - [MESSAGE][INFO] - Smart Wait Function is triggered

2021-11-23 16:42:56 - [TEST_STEP][PASSED] - for (def element : countElement): null

2021-11-23 16:42:56 - [TEST_STEP][PASSED] - if (toString().equals(attr.toString())): null

2021-11-23 16:42:56 - [TEST_STEP][PASSED] - (a++): null

2021-11-23 16:42:56 - [TEST_STEP][PASSED] - if (toString().equals(attr.toString())): null

2021-11-23 16:42:56 - [TEST_STEP][PASSED] - (a++): null

2021-11-23 16:42:56 - [TEST_STEP][PASSED] - if (toString().equals(attr.toString())): null

2021-11-23 16:42:56 - [TEST_STEP][PASSED] - (a++): null

2021-11-23 16:42:56 - [TEST_STEP][PASSED] - if (toString().equals(attr.toString())): null

2021-11-23 16:42:56 - [TEST_STEP][PASSED] - (a++): null

2021-11-23 16:42:56 - [TEST_STEP][PASSED] - if (toString().equals(attr.toString())): null

2021-11-23 16:42:56 - [TEST_STEP][PASSED] - (a++): null

2021-11-23 16:42:56 - [TEST_STEP][PASSED] - if (toString().equals(attr.toString())): null

2021-11-23 16:42:56 - [TEST_STEP][PASSED] - (a++): null

2021-11-23 16:42:56 - [TEST_STEP][PASSED] - if (toString().equals(attr.toString())): null

2021-11-23 16:42:56 - [TEST_STEP][PASSED] - break: null

2021-11-23 16:42:56 - [TEST_STEP][PASSED] - son = findWebElement(findTestObject("Object Repository/Olusturma/Genel/Olusturma/EklenenSatir")).findElement(By.xpath("td[@class='dxgvInlineEditCell_LECustomTheme dxgv'][" + a + "]//td[@class='dxic']/input")): Smart Wait Function is triggered

2021-11-23 16:42:56 - [MESSAGE][INFO] - Finding Test Object 'Object Repository/Olusturma/Genel/Olusturma/EklenenSatir'

2021-11-23 16:42:56 - [MESSAGE][INFO] - Finding web element from Test Object's properties

2021-11-23 16:42:56 - [MESSAGE][INFO] - Checking timeout

2021-11-23 16:42:56 - [MESSAGE][INFO] - Finding web element with id: 'Object Repository/Olusturma/Genel/Olusturma/EklenenSatir' located by 'By.cssSelector: #divmalhizmet .dxgvInlineEditRow_LECustomTheme' in '30' second(s)

2021-11-23 16:42:56 - [MESSAGE][INFO] - Smart Wait Function is triggered

2021-11-23 16:42:56 - [MESSAGE][INFO] - Found 1 web elements with id: 'Object Repository/Olusturma/Genel/Olusturma/EklenenSatir' located by 'By.cssSelector: #divmalhizmet .dxgvInlineEditRow_LECustomTheme' in '30' second(s)

2021-11-23 16:42:56 - [MESSAGE][INFO] - Smart Wait Function is triggered

2021-11-23 16:42:57 - [TEST_STEP][PASSED] - if (!(getAttribute("value").contains("Vkn"))): null

2021-11-23 16:42:57 - [TEST_STEP][PASSED] - son.clear(): null

2021-11-23 16:42:57 - [TEST_STEP][PASSED] - son.sendKeys(Deger): null

2021-11-23 16:42:57 - [MESSAGE][PASSED] - Call Test Case 'Test Cases/Olusturma/Genel/Olusturma' successfully

2021-11-23 16:42:57 - [MESSAGE][INFO] - Checking called Test Case

2021-11-23 16:42:57 - [MESSAGE][INFO] - Starting to call Test Case 'Test Cases/Olusturma/Genel/Olusturma'

2021-11-23 16:42:57 - [TEST_CASE][PASSED] - Test Cases/Olusturma/Genel/Olusturma: Test Cases/Olusturma/Genel/Olusturma

2021-11-23 16:42:57 - [TEST_STEP][PASSED] - driver = getWebDriver(): null

2021-11-23 16:42:57 - [TEST_STEP][PASSED] - action = new org.openqa.selenium.interactions.Actions(driver): null

2021-11-23 16:42:57 - [TEST_STEP][PASSED] - baslikElement = <not implemented yet for class: org.codehaus.groovy.ast.expr.EmptyExpression>: null

2021-11-23 16:42:57 - [TEST_STEP][PASSED] - sonElement = <not implemented yet for class: org.codehaus.groovy.ast.expr.EmptyExpression>: null

2021-11-23 16:42:57 - [TEST_STEP][PASSED] - attr = <not implemented yet for class: org.codehaus.groovy.ast.expr.EmptyExpression>: null

2021-11-23 16:42:57 - [TEST_STEP][PASSED] - a = 0: null

2021-11-23 16:42:57 - [TEST_STEP][PASSED] - elements = findWebElements(findTestObject("Object Repository/Olusturma/Genel/Olusturma/TabloBasliklari"), 10): Found 13 web elements with id: 'Object Repository/Olusturma/Genel/Olusturma/TabloBasliklari' located by 'By.cssSelector: div#divmalhizmet .dxgvTable_LECustomTheme td.dxgvHeader_LECustomTheme tr>td:nth-child(1)' in '10' second(s)

2021-11-23 16:42:57 - [MESSAGE][INFO] - Finding Test Object 'Object Repository/Olusturma/Genel/Olusturma/TabloBasliklari'

2021-11-23 16:42:57 - [MESSAGE][INFO] - Checking timeout

2021-11-23 16:42:57 - [MESSAGE][INFO] - Finding web element with id: 'Object Repository/Olusturma/Genel/Olusturma/TabloBasliklari' located by 'By.cssSelector: div#divmalhizmet .dxgvTable_LECustomTheme td.dxgvHeader_LECustomTheme tr>td:nth-child(1)' in '10' second(s)

2021-11-23 16:42:57 - [MESSAGE][INFO] - Smart Wait Function is triggered

2021-11-23 16:42:58 - [MESSAGE][INFO] - Found 13 web elements with id: 'Object Repository/Olusturma/Genel/Olusturma/TabloBasliklari' located by 'By.cssSelector: div#divmalhizmet .dxgvTable_LECustomTheme td.dxgvHeader_LECustomTheme tr>td:nth-child(1)' in '10' second(s)

2021-11-23 16:42:58 - [TEST_STEP][PASSED] - for (def element : elements): null

2021-11-23 16:42:58 - [TEST_STEP][PASSED] - build().perform(): null

2021-11-23 16:42:58 - [TEST_STEP][PASSED] - if (getText().equals(Baslik)): null

2021-11-23 16:42:58 - [TEST_STEP][PASSED] - build().perform(): null

2021-11-23 16:42:58 - [TEST_STEP][PASSED] - if (getText().equals(Baslik)): null

2021-11-23 16:42:58 - [TEST_STEP][PASSED] - build().perform(): null

2021-11-23 16:42:58 - [TEST_STEP][PASSED] - if (getText().equals(Baslik)): null

2021-11-23 16:42:58 - [TEST_STEP][PASSED] - build().perform(): null

2021-11-23 16:42:58 - [TEST_STEP][PASSED] - if (getText().equals(Baslik)): null

2021-11-23 16:42:58 - [TEST_STEP][PASSED] - build().perform(): null

2021-11-23 16:42:58 - [TEST_STEP][PASSED] - if (getText().equals(Baslik)): null

2021-11-23 16:42:58 - [TEST_STEP][PASSED] - build().perform(): null

2021-11-23 16:42:58 - [TEST_STEP][PASSED] - if (getText().equals(Baslik)): null

2021-11-23 16:42:58 - [TEST_STEP][PASSED] - build().perform(): null

2021-11-23 16:42:58 - [TEST_STEP][PASSED] - if (getText().equals(Baslik)): null

2021-11-23 16:42:58 - [TEST_STEP][PASSED] - baslikElement = element.findElement(By.xpath("../../../..")): Smart Wait Function is triggered

2021-11-23 16:42:58 - [MESSAGE][INFO] - Smart Wait Function is triggered

2021-11-23 16:42:59 - [TEST_STEP][PASSED] - attr = baslikElement.getAttribute("id"): null

2021-11-23 16:42:59 - [TEST_STEP][PASSED] - println("girdi ve idsini aldı = " + attr): null

2021-11-23 16:42:59 - [TEST_STEP][PASSED] - break: null

2021-11-23 16:42:59 - [TEST_STEP][PASSED] - countElement = baslikElement.findElements(By.xpath("../td")): Smart Wait Function is triggered

2021-11-23 16:42:59 - [MESSAGE][INFO] - Smart Wait Function is triggered

2021-11-23 16:42:59 - [TEST_STEP][PASSED] - for (def element : countElement): null

2021-11-23 16:42:59 - [TEST_STEP][PASSED] - if (toString().equals(attr.toString())): null

2021-11-23 16:42:59 - [TEST_STEP][PASSED] - (a++): null

2021-11-23 16:42:59 - [TEST_STEP][PASSED] - if (toString().equals(attr.toString())): null

2021-11-23 16:42:59 - [TEST_STEP][PASSED] - (a++): null

2021-11-23 16:42:59 - [TEST_STEP][PASSED] - if (toString().equals(attr.toString())): null

2021-11-23 16:42:59 - [TEST_STEP][PASSED] - (a++): null

2021-11-23 16:42:59 - [TEST_STEP][PASSED] - if (toString().equals(attr.toString())): null

2021-11-23 16:42:59 - [TEST_STEP][PASSED] - (a++): null

2021-11-23 16:42:59 - [TEST_STEP][PASSED] - if (toString().equals(attr.toString())): null

2021-11-23 16:42:59 - [TEST_STEP][PASSED] - (a++): null

2021-11-23 16:42:59 - [TEST_STEP][PASSED] - if (toString().equals(attr.toString())): null

2021-11-23 16:42:59 - [TEST_STEP][PASSED] - (a++): null

2021-11-23 16:42:59 - [TEST_STEP][PASSED] - if (toString().equals(attr.toString())): null

2021-11-23 16:42:59 - [TEST_STEP][PASSED] - (a++): null

2021-11-23 16:42:59 - [TEST_STEP][PASSED] - if (toString().equals(attr.toString())): null

2021-11-23 16:42:59 - [TEST_STEP][PASSED] - break: null

2021-11-23 16:42:59 - [TEST_STEP][PASSED] - son = findWebElement(findTestObject("Object Repository/Olusturma/Genel/Olusturma/EklenenSatir")).findElement(By.xpath("td[@class='dxgvInlineEditCell_LECustomTheme dxgv'][" + a + "]//td[@class='dxic']/input")): Smart Wait Function is triggered

2021-11-23 16:42:59 - [MESSAGE][INFO] - Finding Test Object 'Object Repository/Olusturma/Genel/Olusturma/EklenenSatir'

2021-11-23 16:42:59 - [MESSAGE][INFO] - Finding web element from Test Object's properties

2021-11-23 16:42:59 - [MESSAGE][INFO] - Checking timeout

2021-11-23 16:42:59 - [MESSAGE][INFO] - Finding web element with id: 'Object Repository/Olusturma/Genel/Olusturma/EklenenSatir' located by 'By.cssSelector: #divmalhizmet .dxgvInlineEditRow_LECustomTheme' in '30' second(s)

2021-11-23 16:42:59 - [MESSAGE][INFO] - Smart Wait Function is triggered

2021-11-23 16:43:00 - [MESSAGE][INFO] - Found 1 web elements with id: 'Object Repository/Olusturma/Genel/Olusturma/EklenenSatir' located by 'By.cssSelector: #divmalhizmet .dxgvInlineEditRow_LECustomTheme' in '30' second(s)

2021-11-23 16:43:00 - [MESSAGE][INFO] - Smart Wait Function is triggered

2021-11-23 16:43:00 - [TEST_STEP][PASSED] - if (!(getAttribute("value").contains("Vkn"))): null

2021-11-23 16:43:00 - [TEST_STEP][PASSED] - son.clear(): null

2021-11-23 16:43:00 - [TEST_STEP][PASSED] - son.sendKeys(Deger): null

2021-11-23 16:43:00 - [MESSAGE][PASSED] - Call Test Case 'Test Cases/Olusturma/Genel/Olusturma' successfully

2021-11-23 16:43:00 - [MESSAGE][INFO] - Checking called Test Case

2021-11-23 16:43:00 - [MESSAGE][INFO] - Starting to call Test Case 'Test Cases/Olusturma/Genel/NotGirilir'

2021-11-23 16:43:00 - [TEST_CASE][PASSED] - Test Cases/Olusturma/Genel/NotGirilir: Test Cases/Olusturma/Genel/NotGirilir

2021-11-23 16:43:00 - [TEST_STEP][PASSED] - i = 0: null

2021-11-23 16:43:00 - [TEST_STEP][PASSED] - waitForElementClickable(findTestObject("Olusturma/Genel/Not/Notlar"), 10): Object 'Object Repository/Olusturma/Genel/Not/Notlar' is clickable

2021-11-23 16:43:00 - [MESSAGE][INFO] - Finding Test Object 'Object Repository/Olusturma/Genel/Not/Notlar'

2021-11-23 16:43:01 - [MESSAGE][INFO] - Checking object

2021-11-23 16:43:01 - [MESSAGE][INFO] - Checking timeout

2021-11-23 16:43:01 - [MESSAGE][INFO] - Finding web element from Test Object's properties

2021-11-23 16:43:01 - [MESSAGE][INFO] - Checking timeout

2021-11-23 16:43:01 - [MESSAGE][INFO] - Finding web element with id: 'Object Repository/Olusturma/Genel/Not/Notlar' located by 'By.xpath: //*[@id = 'txtNote_I']' in '10' second(s)

2021-11-23 16:43:01 - [MESSAGE][INFO] - Smart Wait Function is triggered

2021-11-23 16:43:01 - [MESSAGE][INFO] - Found 1 web elements with id: 'Object Repository/Olusturma/Genel/Not/Notlar' located by 'By.xpath: //*[@id = 'txtNote_I']' in '10' second(s)

2021-11-23 16:43:01 - [MESSAGE][PASSED] - Object 'Object Repository/Olusturma/Genel/Not/Notlar' is clickable

2021-11-23 16:43:01 - [TEST_STEP][PASSED] - clearText(findTestObject("Olusturma/Genel/Not/Notlar")): Text of object 'Object Repository/Olusturma/Genel/Not/Notlar' is cleared

2021-11-23 16:43:01 - [MESSAGE][INFO] - Finding Test Object 'Object Repository/Olusturma/Genel/Not/Notlar'

2021-11-23 16:43:01 - [MESSAGE][INFO] - Checking object

2021-11-23 16:43:01 - [MESSAGE][INFO] - Finding web element from Test Object's properties

2021-11-23 16:43:01 - [MESSAGE][INFO] - Checking timeout

2021-11-23 16:43:01 - [MESSAGE][INFO] - Finding web element with id: 'Object Repository/Olusturma/Genel/Not/Notlar' located by 'By.xpath: //*[@id = 'txtNote_I']' in '30' second(s)

2021-11-23 16:43:01 - [MESSAGE][INFO] - Smart Wait Function is triggered

2021-11-23 16:43:01 - [MESSAGE][INFO] - Found 1 web elements with id: 'Object Repository/Olusturma/Genel/Not/Notlar' located by 'By.xpath: //*[@id = 'txtNote_I']' in '30' second(s)

2021-11-23 16:43:01 - [MESSAGE][INFO] - Clearing text of object 'Object Repository/Olusturma/Genel/Not/Notlar'

2021-11-23 16:43:01 - [MESSAGE][PASSED] - Text of object 'Object Repository/Olusturma/Genel/Not/Notlar' is cleared

2021-11-23 16:43:01 - [TEST_STEP][PASSED] - click(findTestObject("Olusturma/Genel/Not/Notlar")): Object: 'Object Repository/Olusturma/Genel/Not/Notlar' is clicked on

2021-11-23 16:43:01 - [MESSAGE][INFO] - Finding Test Object 'Object Repository/Olusturma/Genel/Not/Notlar'

2021-11-23 16:43:01 - [MESSAGE][INFO] - Checking object

2021-11-23 16:43:01 - [MESSAGE][INFO] - Finding web element from Test Object's properties

2021-11-23 16:43:01 - [MESSAGE][INFO] - Checking timeout

2021-11-23 16:43:01 - [MESSAGE][INFO] - Finding web element with id: 'Object Repository/Olusturma/Genel/Not/Notlar' located by 'By.xpath: //*[@id = 'txtNote_I']' in '30' second(s)

2021-11-23 16:43:01 - [MESSAGE][INFO] - Smart Wait Function is triggered

2021-11-23 16:43:02 - [MESSAGE][INFO] - Found 1 web elements with id: 'Object Repository/Olusturma/Genel/Not/Notlar' located by 'By.xpath: //*[@id = 'txtNote_I']' in '30' second(s)

2021-11-23 16:43:02 - [MESSAGE][INFO] - Clicking on object: 'Object Repository/Olusturma/Genel/Not/Notlar'

2021-11-23 16:43:02 - [MESSAGE][PASSED] - Object: 'Object Repository/Olusturma/Genel/Not/Notlar' is clicked on

2021-11-23 16:43:02 - [TEST_STEP][PASSED] - while (true): null

2021-11-23 16:43:02 - [TEST_STEP][PASSED] - delay(1): Delayed 1 second(s)

2021-11-23 16:43:02 - [MESSAGE][INFO] - Delaying browser in 1 second(s)

2021-11-23 16:43:03 - [MESSAGE][PASSED] - Delayed 1 second(s)

2021-11-23 16:43:03 - [TEST_STEP][PASSED] - ajaxIsComplete = executeJavaScript("return jQuery.active == 0", null): Execute JavaScript 'return jQuery.active == 0' successfully

2021-11-23 16:43:03 - [MESSAGE][PASSED] - Execute JavaScript 'return jQuery.active == 0' successfully

2021-11-23 16:43:03 - [TEST_STEP][PASSED] - if (ajaxIsComplete): null

2021-11-23 16:43:03 - [TEST_STEP][PASSED] - if (i > 10): null

2021-11-23 16:43:03 - [TEST_STEP][PASSED] - (i++): null

2021-11-23 16:43:03 - [TEST_STEP][PASSED] - delay(1): Delayed 1 second(s)

2021-11-23 16:43:03 - [MESSAGE][INFO] - Delaying browser in 1 second(s)

2021-11-23 16:43:04 - [MESSAGE][PASSED] - Delayed 1 second(s)

2021-11-23 16:43:04 - [TEST_STEP][PASSED] - ajaxIsComplete = executeJavaScript("return jQuery.active == 0", null): Execute JavaScript 'return jQuery.active == 0' successfully

2021-11-23 16:43:04 - [MESSAGE][PASSED] - Execute JavaScript 'return jQuery.active == 0' successfully

2021-11-23 16:43:04 - [TEST_STEP][PASSED] - if (ajaxIsComplete): null

2021-11-23 16:43:04 - [TEST_STEP][PASSED] - break: null

2021-11-23 16:43:04 - [TEST_STEP][PASSED] - sendKeys(findTestObject("Olusturma/Genel/Not/Notlar"), Not): Keys 'Otomasyon Not' sent to object: 'Object Repository/Olusturma/Genel/Not/Notlar'

2021-11-23 16:43:04 - [MESSAGE][INFO] - Finding Test Object 'Object Repository/Olusturma/Genel/Not/Notlar'

2021-11-23 16:43:04 - [MESSAGE][INFO] - Sending keys 'Otomasyon Not' to object: 'Object Repository/Olusturma/Genel/Not/Notlar'

2021-11-23 16:43:04 - [MESSAGE][INFO] - Finding web element from Test Object's properties

2021-11-23 16:43:04 - [MESSAGE][INFO] - Checking timeout

2021-11-23 16:43:04 - [MESSAGE][INFO] - Finding web element with id: 'Object Repository/Olusturma/Genel/Not/Notlar' located by 'By.xpath: //*[@id = 'txtNote_I']' in '30' second(s)

2021-11-23 16:43:04 - [MESSAGE][INFO] - Smart Wait Function is triggered

2021-11-23 16:43:05 - [MESSAGE][INFO] - Found 1 web elements with id: 'Object Repository/Olusturma/Genel/Not/Notlar' located by 'By.xpath: //*[@id = 'txtNote_I']' in '30' second(s)

2021-11-23 16:43:05 - [MESSAGE][PASSED] - Keys 'Otomasyon Not' sent to object: 'Object Repository/Olusturma/Genel/Not/Notlar'

2021-11-23 16:43:05 - [MESSAGE][PASSED] - Call Test Case 'Test Cases/Olusturma/Genel/NotGirilir' successfully

2021-11-23 16:43:05 - [MESSAGE][INFO] - Checking called Test Case

2021-11-23 16:43:05 - [MESSAGE][INFO] - Starting to call Test Case 'Test Cases/Olusturma/Genel/EttnBilgisiKayitEdilir'

2021-11-23 16:43:05 - [TEST_CASE][PASSED] - Test Cases/Olusturma/Genel/EttnBilgisiKayitEdilir: Test Cases/Olusturma/Genel/EttnBilgisiKayitEdilir

2021-11-23 16:43:05 - [TEST_STEP][PASSED] - verifyElementPresent(findTestObject("Object Repository/Olusturma/Genel/Olusturma/eArsivEttnBilgisi"), 7): Object 'Object Repository/Olusturma/Genel/Olusturma/eArsivEttnBilgisi' is present

2021-11-23 16:43:05 - [MESSAGE][INFO] - Finding Test Object 'Object Repository/Olusturma/Genel/Olusturma/eArsivEttnBilgisi'

2021-11-23 16:43:05 - [MESSAGE][INFO] - Checking object

2021-11-23 16:43:05 - [MESSAGE][INFO] - Finding web element from Test Object's properties

2021-11-23 16:43:05 - [MESSAGE][INFO] - Checking timeout

2021-11-23 16:43:05 - [MESSAGE][INFO] - Finding web element with id: 'Object Repository/Olusturma/Genel/Olusturma/eArsivEttnBilgisi' located by 'By.xpath: //*[@id = 'Uuid_I']' in '7' second(s)

2021-11-23 16:43:05 - [MESSAGE][INFO] - Smart Wait Function is triggered

2021-11-23 16:43:05 - [MESSAGE][INFO] - Found 1 web elements with id: 'Object Repository/Olusturma/Genel/Olusturma/eArsivEttnBilgisi' located by 'By.xpath: //*[@id = 'Uuid_I']' in '7' second(s)

2021-11-23 16:43:05 - [MESSAGE][PASSED] - Object 'Object Repository/Olusturma/Genel/Olusturma/eArsivEttnBilgisi' is present

2021-11-23 16:43:05 - [TEST_STEP][PASSED] - ettn = getAttribute(findTestObject("Object Repository/Olusturma/Genel/Olusturma/eArsivEttnBilgisi"), "value"): Attribute 'value' of object 'Object Repository/Olusturma/Genel/Olusturma/eArsivEttnBilgisi' is: 'b51431b3-8f67-41dd-ae45-e126353a4ae3'

2021-11-23 16:43:05 - [MESSAGE][INFO] - Finding Test Object 'Object Repository/Olusturma/Genel/Olusturma/eArsivEttnBilgisi'

2021-11-23 16:43:05 - [MESSAGE][INFO] - Checking object

2021-11-23 16:43:05 - [MESSAGE][INFO] - Checking attribute

2021-11-23 16:43:05 - [MESSAGE][INFO] - Finding web element from Test Object's properties

2021-11-23 16:43:05 - [MESSAGE][INFO] - Checking timeout

2021-11-23 16:43:05 - [MESSAGE][INFO] - Finding web element with id: 'Object Repository/Olusturma/Genel/Olusturma/eArsivEttnBilgisi' located by 'By.xpath: //*[@id = 'Uuid_I']' in '30' second(s)

2021-11-23 16:43:05 - [MESSAGE][INFO] - Smart Wait Function is triggered

2021-11-23 16:43:06 - [MESSAGE][INFO] - Found 1 web elements with id: 'Object Repository/Olusturma/Genel/Olusturma/eArsivEttnBilgisi' located by 'By.xpath: //*[@id = 'Uuid_I']' in '30' second(s)

2021-11-23 16:43:06 - [MESSAGE][INFO] - Getting attribute 'value' of object 'Object Repository/Olusturma/Genel/Olusturma/eArsivEttnBilgisi'

2021-11-23 16:43:06 - [MESSAGE][PASSED] - Attribute 'value' of object 'Object Repository/Olusturma/Genel/Olusturma/eArsivEttnBilgisi' is: 'b51431b3-8f67-41dd-ae45-e126353a4ae3'

2021-11-23 16:43:06 - [MESSAGE][PASSED] - Call Test Case 'Test Cases/Olusturma/Genel/EttnBilgisiKayitEdilir' successfully

2021-11-23 16:43:06 - [MESSAGE][INFO] - Checking called Test Case

2021-11-23 16:43:06 - [MESSAGE][INFO] - Starting to call Test Case 'Test Cases/Olusturma/Genel/KaydetButonunaTiklanir'

2021-11-23 16:43:06 - [TEST_CASE][PASSED] - Test Cases/Olusturma/Genel/KaydetButonunaTiklanir: Test Cases/Olusturma/Genel/KaydetButonunaTiklanir

2021-11-23 16:43:06 - [TEST_STEP][PASSED] - i = 0: null

2021-11-23 16:43:06 - [TEST_STEP][PASSED] - waitForElementPresent(findTestObject("Olusturma/Genel/Not/Notlar"), 10): Object 'Object Repository/Olusturma/Genel/Not/Notlar' is present

2021-11-23 16:43:06 - [MESSAGE][INFO] - Finding Test Object 'Object Repository/Olusturma/Genel/Not/Notlar'

2021-11-23 16:43:06 - [MESSAGE][INFO] - Checking object

2021-11-23 16:43:06 - [MESSAGE][INFO] - Finding web element from Test Object's properties

2021-11-23 16:43:06 - [MESSAGE][INFO] - Checking timeout

2021-11-23 16:43:06 - [MESSAGE][INFO] - Finding web element with id: 'Object Repository/Olusturma/Genel/Not/Notlar' located by 'By.xpath: //*[@id = 'txtNote_I']' in '10' second(s)

2021-11-23 16:43:06 - [MESSAGE][INFO] - Smart Wait Function is triggered

2021-11-23 16:43:06 - [MESSAGE][INFO] - Found 1 web elements with id: 'Object Repository/Olusturma/Genel/Not/Notlar' located by 'By.xpath: //*[@id = 'txtNote_I']' in '10' second(s)

2021-11-23 16:43:06 - [MESSAGE][PASSED] - Object 'Object Repository/Olusturma/Genel/Not/Notlar' is present

2021-11-23 16:43:06 - [TEST_STEP][PASSED] - click(findTestObject("Olusturma/Genel/Not/Notlar")): Object: 'Object Repository/Olusturma/Genel/Not/Notlar' is clicked on

2021-11-23 16:43:06 - [MESSAGE][INFO] - Finding Test Object 'Object Repository/Olusturma/Genel/Not/Notlar'

2021-11-23 16:43:06 - [MESSAGE][INFO] - Checking object

2021-11-23 16:43:06 - [MESSAGE][INFO] - Finding web element from Test Object's properties

2021-11-23 16:43:06 - [MESSAGE][INFO] - Checking timeout

2021-11-23 16:43:06 - [MESSAGE][INFO] - Finding web element with id: 'Object Repository/Olusturma/Genel/Not/Notlar' located by 'By.xpath: //*[@id = 'txtNote_I']' in '30' second(s)

2021-11-23 16:43:06 - [MESSAGE][INFO] - Smart Wait Function is triggered

2021-11-23 16:43:06 - [MESSAGE][INFO] - Found 1 web elements with id: 'Object Repository/Olusturma/Genel/Not/Notlar' located by 'By.xpath: //*[@id = 'txtNote_I']' in '30' second(s)

2021-11-23 16:43:06 - [MESSAGE][INFO] - Clicking on object: 'Object Repository/Olusturma/Genel/Not/Notlar'

2021-11-23 16:43:07 - [MESSAGE][PASSED] - Object: 'Object Repository/Olusturma/Genel/Not/Notlar' is clicked on

2021-11-23 16:43:07 - [TEST_STEP][PASSED] - while (true): null

2021-11-23 16:43:07 - [TEST_STEP][PASSED] - delay(1): Delayed 1 second(s)

2021-11-23 16:43:07 - [MESSAGE][INFO] - Delaying browser in 1 second(s)

2021-11-23 16:43:08 - [MESSAGE][PASSED] - Delayed 1 second(s)

2021-11-23 16:43:08 - [TEST_STEP][PASSED] - ajaxIsComplete = executeJavaScript("return jQuery.active == 0", null): Execute JavaScript 'return jQuery.active == 0' successfully

2021-11-23 16:43:08 - [MESSAGE][PASSED] - Execute JavaScript 'return jQuery.active == 0' successfully

2021-11-23 16:43:08 - [TEST_STEP][PASSED] - if (ajaxIsComplete): null

2021-11-23 16:43:08 - [TEST_STEP][PASSED] - if (i > 10): null

2021-11-23 16:43:08 - [TEST_STEP][PASSED] - (i++): null

2021-11-23 16:43:08 - [TEST_STEP][PASSED] - delay(1): Delayed 1 second(s)

2021-11-23 16:43:08 - [MESSAGE][INFO] - Delaying browser in 1 second(s)

2021-11-23 16:43:09 - [MESSAGE][PASSED] - Delayed 1 second(s)

2021-11-23 16:43:09 - [TEST_STEP][PASSED] - ajaxIsComplete = executeJavaScript("return jQuery.active == 0", null): Execute JavaScript 'return jQuery.active == 0' successfully

2021-11-23 16:43:09 - [MESSAGE][PASSED] - Execute JavaScript 'return jQuery.active == 0' successfully

2021-11-23 16:43:09 - [TEST_STEP][PASSED] - if (ajaxIsComplete): null

2021-11-23 16:43:09 - [TEST_STEP][PASSED] - break: null

2021-11-23 16:43:09 - [TEST_STEP][PASSED] - waitForElementClickable(findTestObject("Object Repository/Olusturma/Genel/Buton"), 10): Object 'Object Repository/Olusturma/Genel/Buton' is clickable

2021-11-23 16:43:09 - [MESSAGE][INFO] - Finding Test Object 'Object Repository/Olusturma/Genel/Buton'

2021-11-23 16:43:09 - [MESSAGE][INFO] - Checking object

2021-11-23 16:43:09 - [MESSAGE][INFO] - Checking timeout

2021-11-23 16:43:09 - [MESSAGE][INFO] - Finding web element from Test Object's properties

2021-11-23 16:43:09 - [MESSAGE][INFO] - Checking timeout

2021-11-23 16:43:09 - [MESSAGE][INFO] - Finding web element with id: 'Object Repository/Olusturma/Genel/Buton' located by 'By.xpath: //*[@id = 'btnKaydet']' in '10' second(s)

2021-11-23 16:43:09 - [MESSAGE][INFO] - Smart Wait Function is triggered

2021-11-23 16:43:09 - [MESSAGE][INFO] - Found 1 web elements with id: 'Object Repository/Olusturma/Genel/Buton' located by 'By.xpath: //*[@id = 'btnKaydet']' in '10' second(s)

2021-11-23 16:43:09 - [MESSAGE][PASSED] - Object 'Object Repository/Olusturma/Genel/Buton' is clickable

2021-11-23 16:43:09 - [TEST_STEP][PASSED] - click(findTestObject("Object Repository/Olusturma/Genel/Buton")): Object: 'Object Repository/Olusturma/Genel/Buton' is clicked on

2021-11-23 16:43:09 - [MESSAGE][INFO] - Finding Test Object 'Object Repository/Olusturma/Genel/Buton'

2021-11-23 16:43:09 - [MESSAGE][INFO] - Checking object

2021-11-23 16:43:09 - [MESSAGE][INFO] - Finding web element from Test Object's properties

2021-11-23 16:43:09 - [MESSAGE][INFO] - Checking timeout

2021-11-23 16:43:09 - [MESSAGE][INFO] - Finding web element with id: 'Object Repository/Olusturma/Genel/Buton' located by 'By.xpath: //*[@id = 'btnKaydet']' in '30' second(s)

2021-11-23 16:43:09 - [MESSAGE][INFO] - Smart Wait Function is triggered

2021-11-23 16:43:09 - [MESSAGE][INFO] - Found 1 web elements with id: 'Object Repository/Olusturma/Genel/Buton' located by 'By.xpath: //*[@id = 'btnKaydet']' in '30' second(s)

2021-11-23 16:43:09 - [MESSAGE][INFO] - Clicking on object: 'Object Repository/Olusturma/Genel/Buton'

2021-11-23 16:43:16 - [MESSAGE][PASSED] - Object: 'Object Repository/Olusturma/Genel/Buton' is clicked on

2021-11-23 16:43:16 - [MESSAGE][PASSED] - Call Test Case 'Test Cases/Olusturma/Genel/KaydetButonunaTiklanir' successfully

2021-11-23 16:43:16 - [MESSAGE][INFO] - Checking called Test Case

2021-11-23 16:43:16 - [MESSAGE][INFO] - Starting to call Test Case 'Test Cases/Tablo/TablodaEttnliVeriOlusturulduMu'

2021-11-23 16:43:16 - [TEST_CASE][PASSED] - Test Cases/Tablo/TablodaEttnliVeriOlusturulduMu: Test Cases/Tablo/TablodaEttnliVeriOlusturulduMu

2021-11-23 16:43:16 - [TEST_STEP][PASSED] - Method.TextDegerineEsitElementVarMi(findTestObject("Tablo/OlusturulanVeri"), ettn): Method.TextDegerineEsitElementVarMi is PASSED

2021-11-23 16:43:16 - [MESSAGE][INFO] - Finding Test Object 'Object Repository/Tablo/OlusturulanVeri'

2021-11-23 16:43:16 - [MESSAGE][INFO] - Checking timeout

2021-11-23 16:43:16 - [MESSAGE][INFO] - Finding web element with id: 'Object Repository/Tablo/OlusturulanVeri' located by 'By.cssSelector: table.dxgvTable_LECustomTheme>tbody>tr:nth-child(3)>td.dxgv b,table.dxgvTable_LECustomTheme>tbody>tr:nth-child(3)>td.dxgv' in '10' second(s)

2021-11-23 16:43:16 - [MESSAGE][INFO] - Smart Wait Function is triggered

2021-11-23 16:43:17 - [MESSAGE][INFO] - Found 14 web elements with id: 'Object Repository/Tablo/OlusturulanVeri' located by 'By.cssSelector: table.dxgvTable_LECustomTheme>tbody>tr:nth-child(3)>td.dxgv b,table.dxgvTable_LECustomTheme>tbody>tr:nth-child(3)>td.dxgv' in '10' second(s)

2021-11-23 16:43:17 - [MESSAGE][PASSED] - Method.TextDegerineEsitElementVarMi is PASSED

2021-11-23 16:43:17 - [MESSAGE][PASSED] - Call Test Case 'Test Cases/Tablo/TablodaEttnliVeriOlusturulduMu' successfully

2021-11-23 16:43:17 - [MESSAGE][INFO] - Checking called Test Case

2021-11-23 16:43:17 - [MESSAGE][INFO] - Starting to call Test Case 'Test Cases/Tablo/TablodanEttnliVeriSec'

2021-11-23 16:43:17 - [TEST_CASE][PASSED] - Test Cases/Tablo/TablodanEttnliVeriSec: Test Cases/Tablo/TablodanEttnliVeriSec

2021-11-23 16:43:17 - [TEST_STEP][PASSED] - Method.TextDegerineEsitElementinAltindakineTikla(findTestObject("Tablo/Veriler"), findTestObject("Tablo/VerininCheckBoxi"), ettn): Method.TextDegerineEsitElementinAltindakineTikla is PASSED

2021-11-23 16:43:17 - [MESSAGE][INFO] - Finding Test Object 'Object Repository/Tablo/Veriler'

2021-11-23 16:43:17 - [MESSAGE][INFO] - Finding Test Object 'Object Repository/Tablo/VerininCheckBoxi'

2021-11-23 16:43:17 - [MESSAGE][INFO] - Checking timeout

2021-11-23 16:43:17 - [MESSAGE][INFO] - Finding web element with id: 'Object Repository/Tablo/Veriler' located by 'By.cssSelector: td.dxgv b ,td.dxgv' in '10' second(s)

2021-11-23 16:43:17 - [MESSAGE][INFO] - Smart Wait Function is triggered

2021-11-23 16:43:17 - [MESSAGE][INFO] - Found 70 web elements with id: 'Object Repository/Tablo/Veriler' located by 'By.cssSelector: td.dxgv b ,td.dxgv' in '10' second(s)

2021-11-23 16:43:17 - [MESSAGE][INFO] - Smart Wait Function is triggered

2021-11-23 16:43:18 - [MESSAGE][PASSED] - Method.TextDegerineEsitElementinAltindakineTikla is PASSED

2021-11-23 16:43:18 - [MESSAGE][PASSED] - Call Test Case 'Test Cases/Tablo/TablodanEttnliVeriSec' successfully

2021-11-23 16:43:18 - [MESSAGE][INFO] - Checking called Test Case

2021-11-23 16:43:18 - [MESSAGE][INFO] - Starting to call Test Case 'Test Cases/Butonlar/ButonaTikla'

2021-11-23 16:43:18 - [TEST_CASE][PASSED] - Test Cases/Butonlar/ButonaTikla: Test Cases/Butonlar/ButonaTikla

2021-11-23 16:43:18 - [TEST_STEP][PASSED] - Method.TextDegerineEsitElementeTiklaEquals(findTestObject("Butonlar/Butonlar"), Buton_Adi): Method.TextDegerineEsitElementeTiklaEquals is PASSED

2021-11-23 16:43:18 - [MESSAGE][INFO] - Finding Test Object 'Object Repository/Butonlar/Butonlar'

2021-11-23 16:43:18 - [MESSAGE][INFO] - Checking timeout

2021-11-23 16:43:18 - [MESSAGE][INFO] - Finding web element with id: 'Object Repository/Butonlar/Butonlar' located by 'By.cssSelector: .panel.panel-default.text-center.footerPanel .btn,.btn.btn-primary.btnControls' in '10' second(s)

2021-11-23 16:43:18 - [MESSAGE][INFO] - Smart Wait Function is triggered

2021-11-23 16:43:18 - [MESSAGE][INFO] - Found 9 web elements with id: 'Object Repository/Butonlar/Butonlar' located by 'By.cssSelector: .panel.panel-default.text-center.footerPanel .btn,.btn.btn-primary.btnControls' in '10' second(s)

2021-11-23 16:43:19 - [MESSAGE][PASSED] - Method.TextDegerineEsitElementeTiklaEquals is PASSED

2021-11-23 16:43:19 - [MESSAGE][PASSED] - Call Test Case 'Test Cases/Butonlar/ButonaTikla' successfully

2021-11-23 16:43:19 - [MESSAGE][INFO] - Checking called Test Case

2021-11-23 16:43:19 - [MESSAGE][INFO] - Starting to call Test Case 'Test Cases/Popup/PopupMesajiIceriyorMu'

2021-11-23 16:43:19 - [TEST_CASE][PASSED] - Test Cases/Popup/PopupMesajiIceriyorMu: Test Cases/Popup/PopupMesajiIceriyorMu

2021-11-23 16:43:19 - [TEST_STEP][PASSED] - waitForElementVisible(findTestObject("Popup/Popup"), 10): Object 'Object Repository/Popup/Popup' is visible

2021-11-23 16:43:19 - [MESSAGE][INFO] - Finding Test Object 'Object Repository/Popup/Popup'

2021-11-23 16:43:19 - [MESSAGE][INFO] - Checking object

2021-11-23 16:43:19 - [MESSAGE][INFO] - Checking timeout

2021-11-23 16:43:19 - [MESSAGE][INFO] - Finding web element from Test Object's properties

2021-11-23 16:43:19 - [MESSAGE][INFO] - Checking timeout

2021-11-23 16:43:19 - [MESSAGE][INFO] - Finding web element with id: 'Object Repository/Popup/Popup' located by 'By.cssSelector: .bootbox-body' in '10' second(s)

2021-11-23 16:43:19 - [MESSAGE][INFO] - Smart Wait Function is triggered

2021-11-23 16:43:20 - [MESSAGE][INFO] - Found 1 web elements with id: 'Object Repository/Popup/Popup' located by 'By.cssSelector: .bootbox-body' in '10' second(s)

2021-11-23 16:43:20 - [MESSAGE][PASSED] - Object 'Object Repository/Popup/Popup' is visible

2021-11-23 16:43:20 - [TEST_STEP][PASSED] - if (!(getText(findTestObject("Popup/Popup")).contains(Mesaj))): Text of object 'Object Repository/Popup/Popup' is: 'Oluşturulacak fatura numarası : EAR2021000000497 Fatura numarası oluşturulduktan sonra fatura silinemez. Fatura numarası, tarihi ve ön eki değiştirilemez. Devam etmek istiyor musunuz?'

2021-11-23 16:43:20 - [MESSAGE][INFO] - Finding Test Object 'Object Repository/Popup/Popup'

2021-11-23 16:43:20 - [MESSAGE][INFO] - Checking object

2021-11-23 16:43:20 - [MESSAGE][INFO] - Finding web element from Test Object's properties

2021-11-23 16:43:20 - [MESSAGE][INFO] - Checking timeout

2021-11-23 16:43:20 - [MESSAGE][INFO] - Finding web element with id: 'Object Repository/Popup/Popup' located by 'By.cssSelector: .bootbox-body' in '30' second(s)

2021-11-23 16:43:20 - [MESSAGE][INFO] - Smart Wait Function is triggered

2021-11-23 16:43:20 - [MESSAGE][INFO] - Found 1 web elements with id: 'Object Repository/Popup/Popup' located by 'By.cssSelector: .bootbox-body' in '30' second(s)

2021-11-23 16:43:20 - [MESSAGE][INFO] - Getting text of object 'Object Repository/Popup/Popup'

2021-11-23 16:43:20 - [MESSAGE][PASSED] - Text of object 'Object Repository/Popup/Popup' is: 'Oluşturulacak fatura numarası : EAR2021000000497 Fatura numarası oluşturulduktan sonra fatura silinemez. Fatura numarası, tarihi ve ön eki değiştirilemez. Devam etmek istiyor musunuz?'

2021-11-23 16:43:20 - [TEST_STEP][PASSED] - RaporNo = getText(findTestObject("Popup/Popup")).substring(0, 6): Text of object 'Object Repository/Popup/Popup' is: 'Oluşturulacak fatura numarası : EAR2021000000497 Fatura numarası oluşturulduktan sonra fatura silinemez. Fatura numarası, tarihi ve ön eki değiştirilemez. Devam etmek istiyor musunuz?'

2021-11-23 16:43:20 - [MESSAGE][INFO] - Finding Test Object 'Object Repository/Popup/Popup'

2021-11-23 16:43:20 - [MESSAGE][INFO] - Checking object

2021-11-23 16:43:20 - [MESSAGE][INFO] - Finding web element from Test Object's properties

2021-11-23 16:43:20 - [MESSAGE][INFO] - Checking timeout

2021-11-23 16:43:20 - [MESSAGE][INFO] - Finding web element with id: 'Object Repository/Popup/Popup' located by 'By.cssSelector: .bootbox-body' in '30' second(s)

2021-11-23 16:43:20 - [MESSAGE][INFO] - Smart Wait Function is triggered

2021-11-23 16:43:20 - [MESSAGE][INFO] - Found 1 web elements with id: 'Object Repository/Popup/Popup' located by 'By.cssSelector: .bootbox-body' in '30' second(s)

2021-11-23 16:43:20 - [MESSAGE][INFO] - Getting text of object 'Object Repository/Popup/Popup'

2021-11-23 16:43:20 - [MESSAGE][PASSED] - Text of object 'Object Repository/Popup/Popup' is: 'Oluşturulacak fatura numarası : EAR2021000000497 Fatura numarası oluşturulduktan sonra fatura silinemez. Fatura numarası, tarihi ve ön eki değiştirilemez. Devam etmek istiyor musunuz?'

2021-11-23 16:43:20 - [TEST_STEP][PASSED] - Console.println(RaporNo): null

2021-11-23 16:43:20 - [MESSAGE][PASSED] - Call Test Case 'Test Cases/Popup/PopupMesajiIceriyorMu' successfully

2021-11-23 16:43:20 - [MESSAGE][INFO] - Checking called Test Case

2021-11-23 16:43:20 - [MESSAGE][INFO] - Starting to call Test Case 'Test Cases/Popup/PopupButonSecilir'

2021-11-23 16:43:21 - [TEST_CASE][PASSED] - Test Cases/Popup/PopupButonSecilir: Test Cases/Popup/PopupButonSecilir

2021-11-23 16:43:21 - [TEST_STEP][PASSED] - Method.TextDegerineEsitElementeTikla(findTestObject("Popup/Popup_Butons"), Buton): Method.TextDegerineEsitElementeTikla is PASSED

2021-11-23 16:43:21 - [MESSAGE][INFO] - Finding Test Object 'Object Repository/Popup/Popup_Butons'

2021-11-23 16:43:21 - [MESSAGE][INFO] - Checking timeout

2021-11-23 16:43:21 - [MESSAGE][INFO] - Finding web element with id: 'Object Repository/Popup/Popup_Butons' located by 'By.cssSelector: .modal-footer>button' in '10' second(s)

2021-11-23 16:43:21 - [MESSAGE][INFO] - Smart Wait Function is triggered

2021-11-23 16:43:21 - [MESSAGE][INFO] - Found 2 web elements with id: 'Object Repository/Popup/Popup_Butons' located by 'By.cssSelector: .modal-footer>button' in '10' second(s)

2021-11-23 16:43:21 - [MESSAGE][PASSED] - Method.TextDegerineEsitElementeTikla is PASSED

2021-11-23 16:43:21 - [MESSAGE][PASSED] - Call Test Case 'Test Cases/Popup/PopupButonSecilir' successfully

2021-11-23 16:43:21 - [MESSAGE][INFO] - Checking called Test Case

2021-11-23 16:43:21 - [MESSAGE][INFO] - Starting to call Test Case 'Test Cases/Popup/PopupMesajiIceriyorMu'

2021-11-23 16:43:21 - [TEST_CASE][PASSED] - Test Cases/Popup/PopupMesajiIceriyorMu: Test Cases/Popup/PopupMesajiIceriyorMu

2021-11-23 16:43:21 - [TEST_STEP][PASSED] - waitForElementVisible(findTestObject("Popup/Popup"), 10): Object 'Object Repository/Popup/Popup' is visible

2021-11-23 16:43:21 - [MESSAGE][INFO] - Finding Test Object 'Object Repository/Popup/Popup'

2021-11-23 16:43:22 - [MESSAGE][INFO] - Checking object

2021-11-23 16:43:22 - [MESSAGE][INFO] - Checking timeout

2021-11-23 16:43:22 - [MESSAGE][INFO] - Finding web element from Test Object's properties

2021-11-23 16:43:22 - [MESSAGE][INFO] - Checking timeout

2021-11-23 16:43:22 - [MESSAGE][INFO] - Finding web element with id: 'Object Repository/Popup/Popup' located by 'By.cssSelector: .bootbox-body' in '10' second(s)

2021-11-23 16:43:22 - [MESSAGE][INFO] - Smart Wait Function is triggered

2021-11-23 16:43:22 - [MESSAGE][INFO] - Found 1 web elements with id: 'Object Repository/Popup/Popup' located by 'By.cssSelector: .bootbox-body' in '10' second(s)

2021-11-23 16:43:22 - [MESSAGE][PASSED] - Object 'Object Repository/Popup/Popup' is visible

2021-11-23 16:43:22 - [TEST_STEP][PASSED] - if (!(getText(findTestObject("Popup/Popup")).contains(Mesaj))): Text of object 'Object Repository/Popup/Popup' is: 'Fatura numaranız EAR2021000000497 olarak oluşmuştur.'

2021-11-23 16:43:22 - [MESSAGE][INFO] - Finding Test Object 'Object Repository/Popup/Popup'

2021-11-23 16:43:22 - [MESSAGE][INFO] - Checking object

2021-11-23 16:43:22 - [MESSAGE][INFO] - Finding web element from Test Object's properties

2021-11-23 16:43:22 - [MESSAGE][INFO] - Checking timeout

2021-11-23 16:43:22 - [MESSAGE][INFO] - Finding web element with id: 'Object Repository/Popup/Popup' located by 'By.cssSelector: .bootbox-body' in '30' second(s)

2021-11-23 16:43:22 - [MESSAGE][INFO] - Smart Wait Function is triggered

2021-11-23 16:43:23 - [MESSAGE][INFO] - Found 1 web elements with id: 'Object Repository/Popup/Popup' located by 'By.cssSelector: .bootbox-body' in '30' second(s)

2021-11-23 16:43:23 - [MESSAGE][INFO] - Getting text of object 'Object Repository/Popup/Popup'

2021-11-23 16:43:23 - [MESSAGE][PASSED] - Text of object 'Object Repository/Popup/Popup' is: 'Fatura numaranız EAR2021000000497 olarak oluşmuştur.'

2021-11-23 16:43:23 - [TEST_STEP][PASSED] - RaporNo = getText(findTestObject("Popup/Popup")).substring(0, 6): Text of object 'Object Repository/Popup/Popup' is: 'Fatura numaranız EAR2021000000497 olarak oluşmuştur.'

2021-11-23 16:43:23 - [MESSAGE][INFO] - Finding Test Object 'Object Repository/Popup/Popup'

2021-11-23 16:43:23 - [MESSAGE][INFO] - Checking object

2021-11-23 16:43:23 - [MESSAGE][INFO] - Finding web element from Test Object's properties

2021-11-23 16:43:23 - [MESSAGE][INFO] - Checking timeout

2021-11-23 16:43:23 - [MESSAGE][INFO] - Finding web element with id: 'Object Repository/Popup/Popup' located by 'By.cssSelector: .bootbox-body' in '30' second(s)

2021-11-23 16:43:23 - [MESSAGE][INFO] - Smart Wait Function is triggered

2021-11-23 16:43:23 - [MESSAGE][INFO] - Found 1 web elements with id: 'Object Repository/Popup/Popup' located by 'By.cssSelector: .bootbox-body' in '30' second(s)

2021-11-23 16:43:23 - [MESSAGE][INFO] - Getting text of object 'Object Repository/Popup/Popup'

2021-11-23 16:43:23 - [MESSAGE][PASSED] - Text of object 'Object Repository/Popup/Popup' is: 'Fatura numaranız EAR2021000000497 olarak oluşmuştur.'

2021-11-23 16:43:23 - [TEST_STEP][PASSED] - Console.println(RaporNo): null

2021-11-23 16:43:23 - [MESSAGE][PASSED] - Call Test Case 'Test Cases/Popup/PopupMesajiIceriyorMu' successfully

2021-11-23 16:43:23 - [MESSAGE][INFO] - Checking called Test Case

2021-11-23 16:43:23 - [MESSAGE][INFO] - Starting to call Test Case 'Test Cases/Popup/PopupButonSecilir'

2021-11-23 16:43:23 - [TEST_CASE][PASSED] - Test Cases/Popup/PopupButonSecilir: Test Cases/Popup/PopupButonSecilir

2021-11-23 16:43:23 - [TEST_STEP][PASSED] - Method.TextDegerineEsitElementeTikla(findTestObject("Popup/Popup_Butons"), Buton): Method.TextDegerineEsitElementeTikla is PASSED

2021-11-23 16:43:23 - [MESSAGE][INFO] - Finding Test Object 'Object Repository/Popup/Popup_Butons'

2021-11-23 16:43:23 - [MESSAGE][INFO] - Checking timeout

2021-11-23 16:43:23 - [MESSAGE][INFO] - Finding web element with id: 'Object Repository/Popup/Popup_Butons' located by 'By.cssSelector: .modal-footer>button' in '10' second(s)

2021-11-23 16:43:23 - [MESSAGE][INFO] - Smart Wait Function is triggered

2021-11-23 16:43:24 - [MESSAGE][INFO] - Found 1 web elements with id: 'Object Repository/Popup/Popup_Butons' located by 'By.cssSelector: .modal-footer>button' in '10' second(s)

2021-11-23 16:43:24 - [MESSAGE][PASSED] - Method.TextDegerineEsitElementeTikla is PASSED

2021-11-23 16:43:24 - [MESSAGE][PASSED] - Call Test Case 'Test Cases/Popup/PopupButonSecilir' successfully

2021-11-23 16:43:24 - [MESSAGE][INFO] - Checking called Test Case

2021-11-23 16:43:24 - [MESSAGE][INFO] - Starting to call Test Case 'Test Cases/Tablo/TablodanEttnliVeriSec'

2021-11-23 16:43:24 - [TEST_CASE][PASSED] - Test Cases/Tablo/TablodanEttnliVeriSec: Test Cases/Tablo/TablodanEttnliVeriSec

2021-11-23 16:43:24 - [TEST_STEP][PASSED] - Method.TextDegerineEsitElementinAltindakineTikla(findTestObject("Tablo/Veriler"), findTestObject("Tablo/VerininCheckBoxi"), ettn): Method.TextDegerineEsitElementinAltindakineTikla is PASSED

2021-11-23 16:43:24 - [MESSAGE][INFO] - Finding Test Object 'Object Repository/Tablo/Veriler'

2021-11-23 16:43:24 - [MESSAGE][INFO] - Finding Test Object 'Object Repository/Tablo/VerininCheckBoxi'

2021-11-23 16:43:24 - [MESSAGE][INFO] - Checking timeout

2021-11-23 16:43:24 - [MESSAGE][INFO] - Finding web element with id: 'Object Repository/Tablo/Veriler' located by 'By.cssSelector: td.dxgv b ,td.dxgv' in '10' second(s)

2021-11-23 16:43:24 - [MESSAGE][INFO] - Smart Wait Function is triggered

2021-11-23 16:43:25 - [MESSAGE][INFO] - Found 70 web elements with id: 'Object Repository/Tablo/Veriler' located by 'By.cssSelector: td.dxgv b ,td.dxgv' in '10' second(s)

2021-11-23 16:43:25 - [MESSAGE][INFO] - Smart Wait Function is triggered

2021-11-23 16:43:25 - [MESSAGE][PASSED] - Method.TextDegerineEsitElementinAltindakineTikla is PASSED

2021-11-23 16:43:25 - [MESSAGE][PASSED] - Call Test Case 'Test Cases/Tablo/TablodanEttnliVeriSec' successfully

2021-11-23 16:43:25 - [MESSAGE][INFO] - Checking called Test Case

2021-11-23 16:43:25 - [MESSAGE][INFO] - Starting to call Test Case 'Test Cases/Butonlar/ButonaTikla'

2021-11-23 16:43:25 - [TEST_CASE][PASSED] - Test Cases/Butonlar/ButonaTikla: Test Cases/Butonlar/ButonaTikla

2021-11-23 16:43:25 - [TEST_STEP][PASSED] - Method.TextDegerineEsitElementeTiklaEquals(findTestObject("Butonlar/Butonlar"), Buton_Adi): Method.TextDegerineEsitElementeTiklaEquals is PASSED

2021-11-23 16:43:25 - [MESSAGE][INFO] - Finding Test Object 'Object Repository/Butonlar/Butonlar'

2021-11-23 16:43:25 - [MESSAGE][INFO] - Checking timeout

2021-11-23 16:43:25 - [MESSAGE][INFO] - Finding web element with id: 'Object Repository/Butonlar/Butonlar' located by 'By.cssSelector: .panel.panel-default.text-center.footerPanel .btn,.btn.btn-primary.btnControls' in '10' second(s)

2021-11-23 16:43:25 - [MESSAGE][INFO] - Smart Wait Function is triggered

2021-11-23 16:43:26 - [MESSAGE][INFO] - Found 9 web elements with id: 'Object Repository/Butonlar/Butonlar' located by 'By.cssSelector: .panel.panel-default.text-center.footerPanel .btn,.btn.btn-primary.btnControls' in '10' second(s)

2021-11-23 16:43:27 - [MESSAGE][PASSED] - Method.TextDegerineEsitElementeTiklaEquals is PASSED

2021-11-23 16:43:27 - [MESSAGE][PASSED] - Call Test Case 'Test Cases/Butonlar/ButonaTikla' successfully

2021-11-23 16:43:27 - [MESSAGE][INFO] - Checking called Test Case

2021-11-23 16:43:27 - [MESSAGE][INFO] - Starting to call Test Case 'Test Cases/Popup/PopupMesajiIceriyorMu'

2021-11-23 16:43:27 - [TEST_CASE][PASSED] - Test Cases/Popup/PopupMesajiIceriyorMu: Test Cases/Popup/PopupMesajiIceriyorMu

2021-11-23 16:43:27 - [TEST_STEP][PASSED] - waitForElementVisible(findTestObject("Popup/Popup"), 10): Object 'Object Repository/Popup/Popup' is visible

2021-11-23 16:43:27 - [MESSAGE][INFO] - Finding Test Object 'Object Repository/Popup/Popup'

2021-11-23 16:43:27 - [MESSAGE][INFO] - Checking object

2021-11-23 16:43:27 - [MESSAGE][INFO] - Checking timeout

2021-11-23 16:43:27 - [MESSAGE][INFO] - Finding web element from Test Object's properties

2021-11-23 16:43:27 - [MESSAGE][INFO] - Checking timeout

2021-11-23 16:43:27 - [MESSAGE][INFO] - Finding web element with id: 'Object Repository/Popup/Popup' located by 'By.cssSelector: .bootbox-body' in '10' second(s)

2021-11-23 16:43:27 - [MESSAGE][INFO] - Smart Wait Function is triggered

2021-11-23 16:43:27 - [MESSAGE][INFO] - Found 1 web elements with id: 'Object Repository/Popup/Popup' located by 'By.cssSelector: .bootbox-body' in '10' second(s)

2021-11-23 16:43:27 - [MESSAGE][PASSED] - Object 'Object Repository/Popup/Popup' is visible

2021-11-23 16:43:27 - [TEST_STEP][PASSED] - if (!(getText(findTestObject("Popup/Popup")).contains(Mesaj))): Text of object 'Object Repository/Popup/Popup' is: 'Seçilen faturalarınız onaylanacaktır. Onaylanan faturalar üzerinde değişiklik yapılamaz. Devam etmek istiyor musunuz?'

2021-11-23 16:43:27 - [MESSAGE][INFO] - Finding Test Object 'Object Repository/Popup/Popup'

2021-11-23 16:43:27 - [MESSAGE][INFO] - Checking object

2021-11-23 16:43:27 - [MESSAGE][INFO] - Finding web element from Test Object's properties

2021-11-23 16:43:27 - [MESSAGE][INFO] - Checking timeout

2021-11-23 16:43:27 - [MESSAGE][INFO] - Finding web element with id: 'Object Repository/Popup/Popup' located by 'By.cssSelector: .bootbox-body' in '30' second(s)

2021-11-23 16:43:27 - [MESSAGE][INFO] - Smart Wait Function is triggered

2021-11-23 16:43:28 - [MESSAGE][INFO] - Found 1 web elements with id: 'Object Repository/Popup/Popup' located by 'By.cssSelector: .bootbox-body' in '30' second(s)

2021-11-23 16:43:28 - [MESSAGE][INFO] - Getting text of object 'Object Repository/Popup/Popup'

2021-11-23 16:43:28 - [MESSAGE][PASSED] - Text of object 'Object Repository/Popup/Popup' is: 'Seçilen faturalarınız onaylanacaktır. Onaylanan faturalar üzerinde değişiklik yapılamaz. Devam etmek istiyor musunuz?'

2021-11-23 16:43:28 - [TEST_STEP][PASSED] - RaporNo = getText(findTestObject("Popup/Popup")).substring(0, 6): Text of object 'Object Repository/Popup/Popup' is: 'Seçilen faturalarınız onaylanacaktır. Onaylanan faturalar üzerinde değişiklik yapılamaz. Devam etmek istiyor musunuz?'

2021-11-23 16:43:28 - [MESSAGE][INFO] - Finding Test Object 'Object Repository/Popup/Popup'

2021-11-23 16:43:28 - [MESSAGE][INFO] - Checking object

2021-11-23 16:43:28 - [MESSAGE][INFO] - Finding web element from Test Object's properties

2021-11-23 16:43:28 - [MESSAGE][INFO] - Checking timeout

2021-11-23 16:43:28 - [MESSAGE][INFO] - Finding web element with id: 'Object Repository/Popup/Popup' located by 'By.cssSelector: .bootbox-body' in '30' second(s)

2021-11-23 16:43:28 - [MESSAGE][INFO] - Smart Wait Function is triggered

2021-11-23 16:43:28 - [MESSAGE][INFO] - Found 1 web elements with id: 'Object Repository/Popup/Popup' located by 'By.cssSelector: .bootbox-body' in '30' second(s)

2021-11-23 16:43:28 - [MESSAGE][INFO] - Getting text of object 'Object Repository/Popup/Popup'

2021-11-23 16:43:28 - [MESSAGE][PASSED] - Text of object 'Object Repository/Popup/Popup' is: 'Seçilen faturalarınız onaylanacaktır. Onaylanan faturalar üzerinde değişiklik yapılamaz. Devam etmek istiyor musunuz?'

2021-11-23 16:43:28 - [TEST_STEP][PASSED] - Console.println(RaporNo): null

2021-11-23 16:43:28 - [MESSAGE][PASSED] - Call Test Case 'Test Cases/Popup/PopupMesajiIceriyorMu' successfully

2021-11-23 16:43:28 - [MESSAGE][INFO] - Checking called Test Case

2021-11-23 16:43:28 - [MESSAGE][INFO] - Starting to call Test Case 'Test Cases/Popup/PopupButonSecilir'

2021-11-23 16:43:28 - [TEST_CASE][PASSED] - Test Cases/Popup/PopupButonSecilir: Test Cases/Popup/PopupButonSecilir

2021-11-23 16:43:28 - [TEST_STEP][PASSED] - Method.TextDegerineEsitElementeTikla(findTestObject("Popup/Popup_Butons"), Buton): Method.TextDegerineEsitElementeTikla is PASSED

2021-11-23 16:43:28 - [MESSAGE][INFO] - Finding Test Object 'Object Repository/Popup/Popup_Butons'

2021-11-23 16:43:28 - [MESSAGE][INFO] - Checking timeout

2021-11-23 16:43:28 - [MESSAGE][INFO] - Finding web element with id: 'Object Repository/Popup/Popup_Butons' located by 'By.cssSelector: .modal-footer>button' in '10' second(s)

2021-11-23 16:43:28 - [MESSAGE][INFO] - Smart Wait Function is triggered

2021-11-23 16:43:28 - [MESSAGE][INFO] - Found 2 web elements with id: 'Object Repository/Popup/Popup_Butons' located by 'By.cssSelector: .modal-footer>button' in '10' second(s)

2021-11-23 16:43:28 - [MESSAGE][PASSED] - Method.TextDegerineEsitElementeTikla is PASSED

2021-11-23 16:43:28 - [MESSAGE][PASSED] - Call Test Case 'Test Cases/Popup/PopupButonSecilir' successfully

2021-11-23 16:43:28 - [MESSAGE][INFO] - Checking called Test Case

2021-11-23 16:43:28 - [MESSAGE][INFO] - Starting to call Test Case 'Test Cases/Menu/AnaMenuSecimi'

2021-11-23 16:43:29 - [TEST_CASE][PASSED] - Test Cases/Menu/AnaMenuSecimi: Test Cases/Menu/AnaMenuSecimi

2021-11-23 16:43:29 - [TEST_STEP][PASSED] - Method.TextDegerineEsitElementeTikla(findTestObject("Menu/Ana_Menu"), Ana_Menu): Method.TextDegerineEsitElementeTikla is PASSED

2021-11-23 16:43:29 - [MESSAGE][INFO] - Finding Test Object 'Object Repository/Menu/Ana_Menu'

2021-11-23 16:43:29 - [MESSAGE][INFO] - Checking timeout

2021-11-23 16:43:29 - [MESSAGE][INFO] - Finding web element with id: 'Object Repository/Menu/Ana_Menu' located by 'By.xpath: //*[@class = 'dropdown-toggle']' in '10' second(s)

2021-11-23 16:43:29 - [MESSAGE][INFO] - Smart Wait Function is triggered

2021-11-23 16:43:29 - [MESSAGE][INFO] - Found 13 web elements with id: 'Object Repository/Menu/Ana_Menu' located by 'By.xpath: //*[@class = 'dropdown-toggle']' in '10' second(s)

2021-11-23 16:43:30 - [MESSAGE][PASSED] - Method.TextDegerineEsitElementeTikla is PASSED

2021-11-23 16:43:30 - [MESSAGE][PASSED] - Call Test Case 'Test Cases/Menu/AnaMenuSecimi' successfully

2021-11-23 16:43:30 - [MESSAGE][INFO] - Checking called Test Case

2021-11-23 16:43:30 - [MESSAGE][INFO] - Starting to call Test Case 'Test Cases/Menu/BasligaGoreAltMenuSecimi'

2021-11-23 16:43:30 - [TEST_CASE][PASSED] - Test Cases/Menu/BasligaGoreAltMenuSecimi: Test Cases/Menu/BasligaGoreAltMenuSecimi

2021-11-23 16:43:30 - [TEST_STEP][PASSED] - Method.TextDegerineEsitElementinAltindakiTextDegerineEsitOlanaTikla(findTestObject("Menu/Menu_Basligi"), findTestObject("Menu/Basliga_Gore_Alt_Menu"), Baslik, Alt_Menu): Method.TextDegerineEsitElementinAltindakiTextDegerineEsitOlanaTikla is PASSED

2021-11-23 16:43:30 - [MESSAGE][INFO] - Finding Test Object 'Object Repository/Menu/Menu_Basligi'

2021-11-23 16:43:30 - [MESSAGE][INFO] - Finding Test Object 'Object Repository/Menu/Basliga_Gore_Alt_Menu'

2021-11-23 16:43:30 - [MESSAGE][INFO] - Checking timeout

2021-11-23 16:43:30 - [MESSAGE][INFO] - Finding web element with id: 'Object Repository/Menu/Menu_Basligi' located by 'By.xpath: //li[@class='dropdown dropdown-large open']//li[@class='dropdown-header']' in '10' second(s)

2021-11-23 16:43:30 - [MESSAGE][INFO] - Smart Wait Function is triggered

2021-11-23 16:43:30 - [MESSAGE][INFO] - Found 2 web elements with id: 'Object Repository/Menu/Menu_Basligi' located by 'By.xpath: //li[@class='dropdown dropdown-large open']//li[@class='dropdown-header']' in '10' second(s)

2021-11-23 16:43:30 - [MESSAGE][INFO] - Smart Wait Function is triggered

2021-11-23 16:43:31 - [MESSAGE][PASSED] - Method.TextDegerineEsitElementinAltindakiTextDegerineEsitOlanaTikla is PASSED

2021-11-23 16:43:31 - [MESSAGE][PASSED] - Call Test Case 'Test Cases/Menu/BasligaGoreAltMenuSecimi' successfully

2021-11-23 16:43:31 - [MESSAGE][INFO] - Checking called Test Case

2021-11-23 16:43:31 - [MESSAGE][INFO] - Starting to call Test Case 'Test Cases/Filtreler/EttnYaz'

2021-11-23 16:43:31 - [TEST_CASE][PASSED] - Test Cases/Filtreler/EttnYaz: Test Cases/Filtreler/EttnYaz

2021-11-23 16:43:31 - [TEST_STEP][PASSED] - Method.TextDegerineEsitElementinAltindakiTextboxtaYaz(findTestObject("Filtreler/Basliklar"), findTestObject("Filtreler/Basliga_Gore_Textbox"), "ETTN", ettn): Method.TextDegerineEsitElementinAltindakiTextboxtaYaz is PASSED

2021-11-23 16:43:31 - [MESSAGE][INFO] - Finding Test Object 'Object Repository/Filtreler/Basliklar'

2021-11-23 16:43:31 - [MESSAGE][INFO] - Finding Test Object 'Object Repository/Filtreler/Basliga_Gore_Textbox'

2021-11-23 16:43:32 - [MESSAGE][INFO] - Checking timeout

2021-11-23 16:43:32 - [MESSAGE][INFO] - Finding web element with id: 'Object Repository/Filtreler/Basliklar' located by 'By.cssSelector: .control-label.col-sm-4.paddingMarginRLC' in '10' second(s)

2021-11-23 16:43:32 - [MESSAGE][INFO] - Smart Wait Function is triggered

2021-11-23 16:43:32 - [MESSAGE][INFO] - Found 19 web elements with id: 'Object Repository/Filtreler/Basliklar' located by 'By.cssSelector: .control-label.col-sm-4.paddingMarginRLC' in '10' second(s)

2021-11-23 16:43:32 - [MESSAGE][INFO] - Smart Wait Function is triggered

2021-11-23 16:43:32 - [MESSAGE][PASSED] - Method.TextDegerineEsitElementinAltindakiTextboxtaYaz is PASSED

2021-11-23 16:43:32 - [MESSAGE][PASSED] - Call Test Case 'Test Cases/Filtreler/EttnYaz' successfully

2021-11-23 16:43:32 - [MESSAGE][INFO] - Checking called Test Case

2021-11-23 16:43:32 - [MESSAGE][INFO] - Starting to call Test Case 'Test Cases/Filtreler/ButonaTikla'

2021-11-23 16:43:32 - [TEST_CASE][PASSED] - Test Cases/Filtreler/ButonaTikla: Test Cases/Filtreler/ButonaTikla

2021-11-23 16:43:32 - [TEST_STEP][PASSED] - Method.TextDegerineEsitElementeTikla(findTestObject("Filtreler/Butonlar"), Filtre_Buton): Method.TextDegerineEsitElementeTikla is PASSED

2021-11-23 16:43:32 - [MESSAGE][INFO] - Finding Test Object 'Object Repository/Filtreler/Butonlar'

2021-11-23 16:43:33 - [MESSAGE][INFO] - Checking timeout

2021-11-23 16:43:33 - [MESSAGE][INFO] - Finding web element with id: 'Object Repository/Filtreler/Butonlar' located by 'By.cssSelector: .dxb>span' in '10' second(s)

2021-11-23 16:43:33 - [MESSAGE][INFO] - Smart Wait Function is triggered

2021-11-23 16:43:33 - [MESSAGE][INFO] - Found 3 web elements with id: 'Object Repository/Filtreler/Butonlar' located by 'By.cssSelector: .dxb>span' in '10' second(s)

2021-11-23 16:43:33 - [MESSAGE][PASSED] - Method.TextDegerineEsitElementeTikla is PASSED

2021-11-23 16:43:33 - [MESSAGE][PASSED] - Call Test Case 'Test Cases/Filtreler/ButonaTikla' successfully

2021-11-23 16:43:33 - [MESSAGE][INFO] - Checking called Test Case

2021-11-23 16:43:33 - [MESSAGE][INFO] - Starting to call Test Case 'Test Cases/Tablo/TablodaVeriVarMi'

2021-11-23 16:43:33 - [TEST_CASE][PASSED] - Test Cases/Tablo/TablodaVeriVarMi: Test Cases/Tablo/TablodaVeriVarMi

2021-11-23 16:43:33 - [TEST_STEP][PASSED] - verifyTextNotPresent("Görüntülenecek veri yok", true): Text 'Görüntülenecek veri yok' is not present on page using regular expression

2021-11-23 16:43:33 - [MESSAGE][INFO] - Checking text present  using regular expression

2021-11-23 16:43:33 - [MESSAGE][INFO] - Smart Wait Function is triggered

2021-11-23 16:43:34 - [MESSAGE][INFO] - Finding text 'Görüntülenecek veri yok' on page  using regular expression

2021-11-23 16:43:34 - [MESSAGE][PASSED] - Text 'Görüntülenecek veri yok' is not present on page using regular expression

2021-11-23 16:43:34 - [MESSAGE][PASSED] - Call Test Case 'Test Cases/Tablo/TablodaVeriVarMi' successfully

2021-11-23 16:43:34 - [MESSAGE][INFO] - Checking called Test Case

2021-11-23 16:43:34 - [MESSAGE][INFO] - Starting to call Test Case 'Test Cases/Tablo/TablodaVeriBasariliMiArsiv'

2021-11-23 16:43:34 - [TEST_CASE][PASSED] - Test Cases/Tablo/TablodaVeriBasariliMiArsiv: Test Cases/Tablo/TablodaVeriBasariliMiArsiv

2021-11-23 16:43:34 - [TEST_STEP][PASSED] - sayac = 80: null

2021-11-23 16:43:34 - [TEST_STEP][PASSED] - while (verifyElementText(findTestObject("Object Repository/Tablo/DurumBilgisiArsiv"), "Henüz Sonuçlanmadı", OPTIONAL)): Actual text 'Başarılı' and expected text 'Henüz Sonuçlanmadı' of test object 'Object Repository/Tablo/DurumBilgisiArsiv' are NOT matched. (Root cause: com.kms.katalon.core.exception.StepFailedException: Actual text 'Başarılı' and expected text 'Henüz Sonuçlanmadı' of test object 'Object Repository/Tablo/DurumBilgisiArsiv' are NOT matched.
	at com.kms.katalon.core.webui.keyword.internal.WebUIKeywordMain.stepFailed(WebUIKeywordMain.groovy:64)
	at com.kms.katalon.core.webui.keyword.builtin.VerifyElementTextKeyword$_verifyElementText_closure1.doCall(VerifyElementTextKeyword.groovy:57)
	at com.kms.katalon.core.webui.keyword.builtin.VerifyElementTextKeyword$_verifyElementText_closure1.call(VerifyElementTextKeyword.groovy)
	at com.kms.katalon.core.webui.keyword.internal.WebUIKeywordMain.runKeyword(WebUIKeywordMain.groovy:20)
	at com.kms.katalon.core.webui.keyword.builtin.VerifyElementTextKeyword.verifyElementText(VerifyElementTextKeyword.groovy:72)
	at com.kms.katalon.core.webui.keyword.builtin.VerifyElementTextKeyword.execute(VerifyElementTextKeyword.groovy:40)
	at com.kms.katalon.core.keyword.internal.KeywordExecutor.executeKeywordForPlatform(KeywordExecutor.groovy:73)
	at com.kms.katalon.core.webui.keyword.WebUiBuiltInKeywords.verifyElementText(WebUiBuiltInKeywords.groovy:4733)
	at com.kms.katalon.core.webui.keyword.WebUiBuiltInKeywords$verifyElementText$20.call(Unknown Source)
	at TablodaVeriBasariliMiArsiv.run(TablodaVeriBasariliMiArsiv:22)
	at com.kms.katalon.core.main.ScriptEngine.run(ScriptEngine.java:194)
	at com.kms.katalon.core.main.ScriptEngine.runScriptAsRawText(ScriptEngine.java:119)
	at com.kms.katalon.core.main.TestCaseExecutor.runScript(TestCaseExecutor.java:369)
	at com.kms.katalon.core.main.TestCaseExecutor.doExecute(TestCaseExecutor.java:360)
	at com.kms.katalon.core.main.TestCaseExecutor.processExecutionPhase(TestCaseExecutor.java:339)
	at com.kms.katalon.core.main.TestCaseExecutor.accessMainPhase(TestCaseExecutor.java:331)
	at com.kms.katalon.core.main.TestCaseExecutor.execute(TestCaseExecutor.java:248)
	at com.kms.katalon.core.main.TestCaseMain.runTestCase(TestCaseMain.java:138)
	at com.kms.katalon.core.keyword.builtin.CallTestCaseKeyword$_callTestCase_closure1.doCall(CallTestCaseKeyword.groovy:59)
	at com.kms.katalon.core.keyword.builtin.CallTestCaseKeyword$_callTestCase_closure1.call(CallTestCaseKeyword.groovy)
	at com.kms.katalon.core.keyword.internal.KeywordMain.runKeyword(KeywordMain.groovy:68)
	at com.kms.katalon.core.keyword.builtin.CallTestCaseKeyword.callTestCase(CallTestCaseKeyword.groovy:81)
	at com.kms.katalon.core.keyword.builtin.CallTestCaseKeyword.execute(CallTestCaseKeyword.groovy:44)
	at com.kms.katalon.core.keyword.internal.KeywordExecutor.executeKeywordForPlatform(KeywordExecutor.groovy:73)
	at com.kms.katalon.core.keyword.BuiltinKeywords.callTestCase(BuiltinKeywords.groovy:334)
	at tablo.tablo.tablodaVeriBasariliMiArsiv(tablo.groovy:95)
	at cucumber.runtime.Utils$1.call(Utils.java:26)
	at cucumber.runtime.Timeout.timeout(Timeout.java:16)
	at cucumber.runtime.Utils.invoke(Utils.java:20)
	at cucumber.runtime.java.JavaStepDefinition.execute(JavaStepDefinition.java:49)
	at cucumber.runner.PickleStepDefinitionMatch.runStep(PickleStepDefinitionMatch.java:50)
	at cucumber.runner.TestStep.executeStep(TestStep.java:63)
	at cucumber.runner.TestStep.run(TestStep.java:49)
	at cucumber.runner.PickleStepTestStep.run(PickleStepTestStep.java:43)
	at cucumber.runner.TestCase.run(TestCase.java:44)
	at cucumber.runner.Runner.runPickle(Runner.java:40)
	at cucumber.runtime.Runtime$1.run(Runtime.java:84)
	at cucumber.runtime.Runtime$SameThreadExecutorService.execute(Runtime.java:220)
	at cucumber.runtime.Runtime.run(Runtime.java:81)
	at cucumber.api.cli.Main.run(Main.java:26)
	at cucumber.api.cli.Main$run.call(Unknown Source)
	at com.kms.katalon.core.cucumber.keyword.CucumberBuiltinKeywords$_runFeatureFile_closure1.doCall(CucumberBuiltinKeywords.groovy:106)
	at com.kms.katalon.core.cucumber.keyword.CucumberBuiltinKeywords$_runFeatureFile_closure1.doCall(CucumberBuiltinKeywords.groovy)
	at com.kms.katalon.core.keyword.internal.KeywordMain.runKeyword(KeywordMain.groovy:68)
	at com.kms.katalon.core.keyword.internal.KeywordMain$runKeyword.call(Unknown Source)
	at com.kms.katalon.core.cucumber.keyword.CucumberBuiltinKeywords.runFeatureFile(CucumberBuiltinKeywords.groovy:73)
	at com.kms.katalon.core.cucumber.keyword.CucumberBuiltinKeywords$runFeatureFile$0.callStatic(Unknown Source)
	at com.kms.katalon.core.cucumber.keyword.CucumberBuiltinKeywords.runFeatureFile(CucumberBuiltinKeywords.groovy:246)
	at com.kms.katalon.core.cucumber.keyword.CucumberBuiltinKeywords$runFeatureFile.call(Unknown Source)
	at VKN-Elektronik-Ihrac Kayitli.run(VKN-Elektronik-Ihrac Kayitli:19)
	at com.kms.katalon.core.main.ScriptEngine.run(ScriptEngine.java:194)
	at com.kms.katalon.core.main.ScriptEngine.runScriptAsRawText(ScriptEngine.java:119)
	at com.kms.katalon.core.main.TestCaseExecutor.runScript(TestCaseExecutor.java:369)
	at com.kms.katalon.core.main.TestCaseExecutor.doExecute(TestCaseExecutor.java:360)
	at com.kms.katalon.core.main.TestCaseExecutor.processExecutionPhase(TestCaseExecutor.java:339)
	at com.kms.katalon.core.main.TestCaseExecutor.accessMainPhase(TestCaseExecutor.java:331)
	at com.kms.katalon.core.main.TestCaseExecutor.execute(TestCaseExecutor.java:248)
	at com.kms.katalon.core.main.TestSuiteExecutor.accessTestCaseMainPhase(TestSuiteExecutor.java:191)
	at com.kms.katalon.core.main.TestSuiteExecutor.accessTestSuiteMainPhase(TestSuiteExecutor.java:140)
	at com.kms.katalon.core.main.TestSuiteExecutor.execute(TestSuiteExecutor.java:89)
	at com.kms.katalon.core.main.TestCaseMain.startTestSuite(TestCaseMain.java:181)
	at com.kms.katalon.core.main.TestCaseMain$startTestSuite$0.call(Unknown Source)
	at TempTestSuite1637674444414.run(TempTestSuite1637674444414.groovy:39)
)

2021-11-23 16:43:34 - [MESSAGE][INFO] - Finding Test Object 'Object Repository/Tablo/DurumBilgisiArsiv'

2021-11-23 16:43:34 - [MESSAGE][INFO] - Checking object

2021-11-23 16:43:34 - [MESSAGE][INFO] - Finding web element from Test Object's properties

2021-11-23 16:43:34 - [MESSAGE][INFO] - Checking timeout

2021-11-23 16:43:34 - [MESSAGE][INFO] - Finding web element with id: 'Object Repository/Tablo/DurumBilgisiArsiv' located by 'By.xpath: //*[@id = 'GridViewEArchiveInvoices_tccell0_9']' in '30' second(s)

2021-11-23 16:43:34 - [MESSAGE][INFO] - Smart Wait Function is triggered

2021-11-23 16:43:34 - [MESSAGE][INFO] - Found 1 web elements with id: 'Object Repository/Tablo/DurumBilgisiArsiv' located by 'By.xpath: //*[@id = 'GridViewEArchiveInvoices_tccell0_9']' in '30' second(s)

2021-11-23 16:43:34 - [MESSAGE][WARNING] - Actual text 'Başarılı' and expected text 'Henüz Sonuçlanmadı' of test object 'Object Repository/Tablo/DurumBilgisiArsiv' are NOT matched. (Root cause: com.kms.katalon.core.exception.StepFailedException: Actual text 'Başarılı' and expected text 'Henüz Sonuçlanmadı' of test object 'Object Repository/Tablo/DurumBilgisiArsiv' are NOT matched.
	at com.kms.katalon.core.webui.keyword.internal.WebUIKeywordMain.stepFailed(WebUIKeywordMain.groovy:64)
	at com.kms.katalon.core.webui.keyword.builtin.VerifyElementTextKeyword$_verifyElementText_closure1.doCall(VerifyElementTextKeyword.groovy:57)
	at com.kms.katalon.core.webui.keyword.builtin.VerifyElementTextKeyword$_verifyElementText_closure1.call(VerifyElementTextKeyword.groovy)
	at com.kms.katalon.core.webui.keyword.internal.WebUIKeywordMain.runKeyword(WebUIKeywordMain.groovy:20)
	at com.kms.katalon.core.webui.keyword.builtin.VerifyElementTextKeyword.verifyElementText(VerifyElementTextKeyword.groovy:72)
	at com.kms.katalon.core.webui.keyword.builtin.VerifyElementTextKeyword.execute(VerifyElementTextKeyword.groovy:40)
	at com.kms.katalon.core.keyword.internal.KeywordExecutor.executeKeywordForPlatform(KeywordExecutor.groovy:73)
	at com.kms.katalon.core.webui.keyword.WebUiBuiltInKeywords.verifyElementText(WebUiBuiltInKeywords.groovy:4733)
	at com.kms.katalon.core.webui.keyword.WebUiBuiltInKeywords$verifyElementText$20.call(Unknown Source)
	at TablodaVeriBasariliMiArsiv.run(TablodaVeriBasariliMiArsiv:22)
	at com.kms.katalon.core.main.ScriptEngine.run(ScriptEngine.java:194)
	at com.kms.katalon.core.main.ScriptEngine.runScriptAsRawText(ScriptEngine.java:119)
	at com.kms.katalon.core.main.TestCaseExecutor.runScript(TestCaseExecutor.java:369)
	at com.kms.katalon.core.main.TestCaseExecutor.doExecute(TestCaseExecutor.java:360)
	at com.kms.katalon.core.main.TestCaseExecutor.processExecutionPhase(TestCaseExecutor.java:339)
	at com.kms.katalon.core.main.TestCaseExecutor.accessMainPhase(TestCaseExecutor.java:331)
	at com.kms.katalon.core.main.TestCaseExecutor.execute(TestCaseExecutor.java:248)
	at com.kms.katalon.core.main.TestCaseMain.runTestCase(TestCaseMain.java:138)
	at com.kms.katalon.core.keyword.builtin.CallTestCaseKeyword$_callTestCase_closure1.doCall(CallTestCaseKeyword.groovy:59)
	at com.kms.katalon.core.keyword.builtin.CallTestCaseKeyword$_callTestCase_closure1.call(CallTestCaseKeyword.groovy)
	at com.kms.katalon.core.keyword.internal.KeywordMain.runKeyword(KeywordMain.groovy:68)
	at com.kms.katalon.core.keyword.builtin.CallTestCaseKeyword.callTestCase(CallTestCaseKeyword.groovy:81)
	at com.kms.katalon.core.keyword.builtin.CallTestCaseKeyword.execute(CallTestCaseKeyword.groovy:44)
	at com.kms.katalon.core.keyword.internal.KeywordExecutor.executeKeywordForPlatform(KeywordExecutor.groovy:73)
	at com.kms.katalon.core.keyword.BuiltinKeywords.callTestCase(BuiltinKeywords.groovy:334)
	at tablo.tablo.tablodaVeriBasariliMiArsiv(tablo.groovy:95)
	at cucumber.runtime.Utils$1.call(Utils.java:26)
	at cucumber.runtime.Timeout.timeout(Timeout.java:16)
	at cucumber.runtime.Utils.invoke(Utils.java:20)
	at cucumber.runtime.java.JavaStepDefinition.execute(JavaStepDefinition.java:49)
	at cucumber.runner.PickleStepDefinitionMatch.runStep(PickleStepDefinitionMatch.java:50)
	at cucumber.runner.TestStep.executeStep(TestStep.java:63)
	at cucumber.runner.TestStep.run(TestStep.java:49)
	at cucumber.runner.PickleStepTestStep.run(PickleStepTestStep.java:43)
	at cucumber.runner.TestCase.run(TestCase.java:44)
	at cucumber.runner.Runner.runPickle(Runner.java:40)
	at cucumber.runtime.Runtime$1.run(Runtime.java:84)
	at cucumber.runtime.Runtime$SameThreadExecutorService.execute(Runtime.java:220)
	at cucumber.runtime.Runtime.run(Runtime.java:81)
	at cucumber.api.cli.Main.run(Main.java:26)
	at cucumber.api.cli.Main$run.call(Unknown Source)
	at com.kms.katalon.core.cucumber.keyword.CucumberBuiltinKeywords$_runFeatureFile_closure1.doCall(CucumberBuiltinKeywords.groovy:106)
	at com.kms.katalon.core.cucumber.keyword.CucumberBuiltinKeywords$_runFeatureFile_closure1.doCall(CucumberBuiltinKeywords.groovy)
	at com.kms.katalon.core.keyword.internal.KeywordMain.runKeyword(KeywordMain.groovy:68)
	at com.kms.katalon.core.keyword.internal.KeywordMain$runKeyword.call(Unknown Source)
	at com.kms.katalon.core.cucumber.keyword.CucumberBuiltinKeywords.runFeatureFile(CucumberBuiltinKeywords.groovy:73)
	at com.kms.katalon.core.cucumber.keyword.CucumberBuiltinKeywords$runFeatureFile$0.callStatic(Unknown Source)
	at com.kms.katalon.core.cucumber.keyword.CucumberBuiltinKeywords.runFeatureFile(CucumberBuiltinKeywords.groovy:246)
	at com.kms.katalon.core.cucumber.keyword.CucumberBuiltinKeywords$runFeatureFile.call(Unknown Source)
	at VKN-Elektronik-Ihrac Kayitli.run(VKN-Elektronik-Ihrac Kayitli:19)
	at com.kms.katalon.core.main.ScriptEngine.run(ScriptEngine.java:194)
	at com.kms.katalon.core.main.ScriptEngine.runScriptAsRawText(ScriptEngine.java:119)
	at com.kms.katalon.core.main.TestCaseExecutor.runScript(TestCaseExecutor.java:369)
	at com.kms.katalon.core.main.TestCaseExecutor.doExecute(TestCaseExecutor.java:360)
	at com.kms.katalon.core.main.TestCaseExecutor.processExecutionPhase(TestCaseExecutor.java:339)
	at com.kms.katalon.core.main.TestCaseExecutor.accessMainPhase(TestCaseExecutor.java:331)
	at com.kms.katalon.core.main.TestCaseExecutor.execute(TestCaseExecutor.java:248)
	at com.kms.katalon.core.main.TestSuiteExecutor.accessTestCaseMainPhase(TestSuiteExecutor.java:191)
	at com.kms.katalon.core.main.TestSuiteExecutor.accessTestSuiteMainPhase(TestSuiteExecutor.java:140)
	at com.kms.katalon.core.main.TestSuiteExecutor.execute(TestSuiteExecutor.java:89)
	at com.kms.katalon.core.main.TestCaseMain.startTestSuite(TestCaseMain.java:181)
	at com.kms.katalon.core.main.TestCaseMain$startTestSuite$0.call(Unknown Source)
	at TempTestSuite1637674444414.run(TempTestSuite1637674444414.groovy:39)
)

2021-11-23 16:43:34 - [TEST_STEP][PASSED] - Method.TextDegerineEsitElementVarMi(findTestObject("Object Repository/Tablo/DurumBilgisiArsiv"), "Başarılı"): Method.TextDegerineEsitElementVarMi is PASSED

2021-11-23 16:43:34 - [MESSAGE][INFO] - Finding Test Object 'Object Repository/Tablo/DurumBilgisiArsiv'

2021-11-23 16:43:34 - [MESSAGE][INFO] - Checking timeout

2021-11-23 16:43:34 - [MESSAGE][INFO] - Finding web element with id: 'Object Repository/Tablo/DurumBilgisiArsiv' located by 'By.xpath: //*[@id = 'GridViewEArchiveInvoices_tccell0_9']' in '10' second(s)

2021-11-23 16:43:34 - [MESSAGE][INFO] - Smart Wait Function is triggered

2021-11-23 16:43:35 - [MESSAGE][INFO] - Found 1 web elements with id: 'Object Repository/Tablo/DurumBilgisiArsiv' located by 'By.xpath: //*[@id = 'GridViewEArchiveInvoices_tccell0_9']' in '10' second(s)

2021-11-23 16:43:35 - [MESSAGE][PASSED] - Method.TextDegerineEsitElementVarMi is PASSED

2021-11-23 16:43:35 - [MESSAGE][PASSED] - Call Test Case 'Test Cases/Tablo/TablodaVeriBasariliMiArsiv' successfully

2021-11-23 16:43:35 - [MESSAGE][INFO] - Checking called Test Case

2021-11-23 16:43:35 - [MESSAGE][INFO] - Starting to call Test Case 'Test Cases/Kullanici_Islemleri/KullaniciIslemlerindenSecimYapilir'

2021-11-23 16:43:35 - [TEST_CASE][PASSED] - Test Cases/Kullanici_Islemleri/KullaniciIslemlerindenSecimYapilir: Test Cases/Kullanici_Islemleri/KullaniciIslemlerindenSecimYapilir

2021-11-23 16:43:35 - [TEST_STEP][PASSED] - waitForElementClickable(findTestObject("Object Repository/Kullanici_Islemleri/KullaniciIslemleri"), 10): Object 'Object Repository/Kullanici_Islemleri/KullaniciIslemleri' is clickable

2021-11-23 16:43:35 - [MESSAGE][INFO] - Finding Test Object 'Object Repository/Kullanici_Islemleri/KullaniciIslemleri'

2021-11-23 16:43:35 - [MESSAGE][INFO] - Checking object

2021-11-23 16:43:35 - [MESSAGE][INFO] - Checking timeout

2021-11-23 16:43:35 - [MESSAGE][INFO] - Finding web element from Test Object's properties

2021-11-23 16:43:35 - [MESSAGE][INFO] - Checking timeout

2021-11-23 16:43:35 - [MESSAGE][INFO] - Finding web element with id: 'Object Repository/Kullanici_Islemleri/KullaniciIslemleri' located by 'By.cssSelector: .dropdown>a>img' in '10' second(s)

2021-11-23 16:43:35 - [MESSAGE][INFO] - Smart Wait Function is triggered

2021-11-23 16:43:35 - [MESSAGE][INFO] - Found 1 web elements with id: 'Object Repository/Kullanici_Islemleri/KullaniciIslemleri' located by 'By.cssSelector: .dropdown>a>img' in '10' second(s)

2021-11-23 16:43:35 - [MESSAGE][PASSED] - Object 'Object Repository/Kullanici_Islemleri/KullaniciIslemleri' is clickable

2021-11-23 16:43:35 - [TEST_STEP][PASSED] - click(findTestObject("Object Repository/Kullanici_Islemleri/KullaniciIslemleri")): Object: 'Object Repository/Kullanici_Islemleri/KullaniciIslemleri' is clicked on

2021-11-23 16:43:35 - [MESSAGE][INFO] - Finding Test Object 'Object Repository/Kullanici_Islemleri/KullaniciIslemleri'

2021-11-23 16:43:35 - [MESSAGE][INFO] - Checking object

2021-11-23 16:43:35 - [MESSAGE][INFO] - Finding web element from Test Object's properties

2021-11-23 16:43:35 - [MESSAGE][INFO] - Checking timeout

2021-11-23 16:43:35 - [MESSAGE][INFO] - Finding web element with id: 'Object Repository/Kullanici_Islemleri/KullaniciIslemleri' located by 'By.cssSelector: .dropdown>a>img' in '30' second(s)

2021-11-23 16:43:35 - [MESSAGE][INFO] - Smart Wait Function is triggered

2021-11-23 16:43:35 - [MESSAGE][INFO] - Found 1 web elements with id: 'Object Repository/Kullanici_Islemleri/KullaniciIslemleri' located by 'By.cssSelector: .dropdown>a>img' in '30' second(s)

2021-11-23 16:43:35 - [MESSAGE][INFO] - Clicking on object: 'Object Repository/Kullanici_Islemleri/KullaniciIslemleri'

2021-11-23 16:43:35 - [MESSAGE][PASSED] - Object: 'Object Repository/Kullanici_Islemleri/KullaniciIslemleri' is clicked on

2021-11-23 16:43:35 - [TEST_STEP][PASSED] - Method.TextDegerineEsitElementeTikla(findTestObject("Object Repository/Kullanici_Islemleri/Secenekler"), Islem): Method.TextDegerineEsitElementeTikla is PASSED

2021-11-23 16:43:35 - [MESSAGE][INFO] - Finding Test Object 'Object Repository/Kullanici_Islemleri/Secenekler'

2021-11-23 16:43:35 - [MESSAGE][INFO] - Checking timeout

2021-11-23 16:43:35 - [MESSAGE][INFO] - Finding web element with id: 'Object Repository/Kullanici_Islemleri/Secenekler' located by 'By.cssSelector: .nav.navbar-nav.navbar-right li a' in '10' second(s)

2021-11-23 16:43:35 - [MESSAGE][INFO] - Smart Wait Function is triggered

2021-11-23 16:43:36 - [MESSAGE][INFO] - Found 20 web elements with id: 'Object Repository/Kullanici_Islemleri/Secenekler' located by 'By.cssSelector: .nav.navbar-nav.navbar-right li a' in '10' second(s)

2021-11-23 16:43:37 - [MESSAGE][PASSED] - Method.TextDegerineEsitElementeTikla is PASSED

2021-11-23 16:43:37 - [TEST_STEP][PASSED] - verifyElementNotPresent(findTestObject("Object Repository/Kullanici_Islemleri/Secenekler"), 10): Web element with id: 'Object Repository/Kullanici_Islemleri/Secenekler' located by 'By.cssSelector: .nav.navbar-nav.navbar-right li a' is not present after '10' second(s)

2021-11-23 16:43:37 - [MESSAGE][INFO] - Finding Test Object 'Object Repository/Kullanici_Islemleri/Secenekler'

2021-11-23 16:43:37 - [MESSAGE][INFO] - Checking object

2021-11-23 16:43:37 - [MESSAGE][INFO] - Checking timeout

2021-11-23 16:43:37 - [MESSAGE][INFO] - Finding web element with id: 'Object Repository/Kullanici_Islemleri/Secenekler' located by 'By.cssSelector: .nav.navbar-nav.navbar-right li a' in '10' second(s)

2021-11-23 16:43:37 - [MESSAGE][INFO] - Smart Wait Function is triggered

2021-11-23 16:43:38 - [MESSAGE][PASSED] - Web element with id: 'Object Repository/Kullanici_Islemleri/Secenekler' located by 'By.cssSelector: .nav.navbar-nav.navbar-right li a' is not present after '10' second(s)

2021-11-23 16:43:38 - [MESSAGE][PASSED] - Call Test Case 'Test Cases/Kullanici_Islemleri/KullaniciIslemlerindenSecimYapilir' successfully

2021-11-23 16:43:38 - [TEST_CASE][PASSED] - Start Test Case : SCENARIO Gonderim tipi Kagit ve Ihrac Kayitli tipinde e-Arsiv faturasi olusturulmasi: SCENARIO Gonderim tipi Kagit ve Ihrac Kayitli tipinde e-Arsiv faturasi olusturulmasi

2021-11-23 16:43:38 - [TEST_STEP][PASSED] - Kullanıcı adı EARIHRAC ve Şifre test1234 olarak giriş yapılır: Kullanıcı adı EARIHRAC ve Şifre test1234 olarak giriş yapılır

2021-11-23 16:43:38 - [MESSAGE][PASSED] - Kullanıcı adı EARIHRAC ve Şifre test1234 olarak giriş yapılır

2021-11-23 16:43:38 - [TEST_STEP][PASSED] - Ana menüden e-Arşiv seçilir: Ana menüden e-Arşiv seçilir

2021-11-23 16:43:38 - [MESSAGE][PASSED] - Ana menüden e-Arşiv seçilir

2021-11-23 16:43:38 - [TEST_STEP][PASSED] - Alt menü e-Arşiv Araçları başlığı altındaki e-Arşiv Fatura Oluşturma seçilir: Alt menü e-Arşiv Araçları başlığı altındaki e-Arşiv Fatura Oluşturma seçilir

2021-11-23 16:43:38 - [MESSAGE][PASSED] - Alt menü e-Arşiv Araçları başlığı altındaki e-Arşiv Fatura Oluşturma seçilir

2021-11-23 16:43:38 - [TEST_STEP][PASSED] - Tablodaki tüm veriler silinir: Tablodaki tüm veriler silinir

2021-11-23 16:43:38 - [MESSAGE][PASSED] - Tablodaki tüm veriler silinir

2021-11-23 16:43:38 - [TEST_STEP][PASSED] - Butonlardan Ekle isimli butona tıklanır: Butonlardan Ekle isimli butona tıklanır

2021-11-23 16:43:38 - [MESSAGE][PASSED] - Butonlardan Ekle isimli butona tıklanır

2021-11-23 16:43:38 - [TEST_STEP][PASSED] - Görsel tasarım sayfasının e-Arşiv Fatura Bilgileri başlığını içerdiği kontrol edilir: Görsel tasarım sayfasının e-Arşiv Fatura Bilgileri başlığını içerdiği kontrol edilir

2021-11-23 16:43:38 - [MESSAGE][PASSED] - Görsel tasarım sayfasının e-Arşiv Fatura Bilgileri başlığını içerdiği kontrol edilir

2021-11-23 16:43:38 - [TEST_STEP][PASSED] - Alıcı adı alanına UC0004 girilir: Alıcı adı alanına UC0004 girilir

2021-11-23 16:43:38 - [MESSAGE][PASSED] - Alıcı adı alanına UC0004 girilir

2021-11-23 16:43:38 - [TEST_STEP][PASSED] - Gönderim Şekli Elektronik olarak seçilir: Gönderim Şekli Elektronik olarak seçilir

2021-11-23 16:43:38 - [MESSAGE][PASSED] - Gönderim Şekli Elektronik olarak seçilir

2021-11-23 16:43:38 - [TEST_STEP][PASSED] - Tip alanından İhraç Kayıtlı seçilir: Tip alanından İhraç Kayıtlı seçilir

2021-11-23 16:43:38 - [MESSAGE][PASSED] - Tip alanından İhraç Kayıtlı seçilir

2021-11-23 16:43:38 - [TEST_STEP][PASSED] - Döküman Para Birimi alanından Türk Lirası seçilir: Döküman Para Birimi alanından Türk Lirası seçilir

2021-11-23 16:43:38 - [MESSAGE][PASSED] - Döküman Para Birimi alanından Türk Lirası seçilir

2021-11-23 16:43:38 - [TEST_STEP][PASSED] - Ön Ek EAR olarak seçilir: Ön Ek EAR olarak seçilir

2021-11-23 16:43:38 - [MESSAGE][PASSED] - Ön Ek EAR olarak seçilir

2021-11-23 16:43:38 - [TEST_STEP][PASSED] - Tasarım alanından Otomasyon seçilir: Tasarım alanından Otomasyon seçilir

2021-11-23 16:43:38 - [MESSAGE][PASSED] - Tasarım alanından Otomasyon seçilir

2021-11-23 16:43:38 - [TEST_STEP][PASSED] - Sipariş bilgileri UUC-SAT-1200001 ve 31.04.2020 olarak girilir: Sipariş bilgileri UUC-SAT-1200001 ve 31.04.2020 olarak girilir

2021-11-23 16:43:38 - [MESSAGE][PASSED] - Sipariş bilgileri UUC-SAT-1200001 ve 31.04.2020 olarak girilir

2021-11-23 16:43:38 - [TEST_STEP][PASSED] - İrsaliye Bilgileri AAAAAAAAAA,31.04.2020 olarak girilir: İrsaliye Bilgileri AAAAAAAAAA,31.04.2020 olarak girilir

2021-11-23 16:43:38 - [MESSAGE][PASSED] - İrsaliye Bilgileri AAAAAAAAAA,31.04.2020 olarak girilir

2021-11-23 16:43:38 - [TEST_STEP][PASSED] - Ekle butonuna basılır: Ekle butonuna basılır

2021-11-23 16:43:38 - [MESSAGE][PASSED] - Ekle butonuna basılır

2021-11-23 16:43:38 - [TEST_STEP][PASSED] - Ürün ekleme alanında Mal/Hizmet başlığına Otomasyon girilir: Ürün ekleme alanında Mal/Hizmet başlığına Otomasyon girilir

2021-11-23 16:43:38 - [MESSAGE][PASSED] - Ürün ekleme alanında Mal/Hizmet başlığına Otomasyon girilir

2021-11-23 16:43:38 - [TEST_STEP][PASSED] - Ürün ekleme alanında Açıklaması başlığına Virgosol girilir: Ürün ekleme alanında Açıklaması başlığına Virgosol girilir

2021-11-23 16:43:38 - [MESSAGE][PASSED] - Ürün ekleme alanında Açıklaması başlığına Virgosol girilir

2021-11-23 16:43:38 - [TEST_STEP][PASSED] - Ürün ekleme alanında Miktarı başlığına 400 girilir: Ürün ekleme alanında Miktarı başlığına 400 girilir

2021-11-23 16:43:38 - [MESSAGE][PASSED] - Ürün ekleme alanında Miktarı başlığına 400 girilir

2021-11-23 16:43:38 - [TEST_STEP][PASSED] - Ürün ekleme alanında Birim Fiyat başlığına 100 girilir: Ürün ekleme alanında Birim Fiyat başlığına 100 girilir

2021-11-23 16:43:38 - [MESSAGE][PASSED] - Ürün ekleme alanında Birim Fiyat başlığına 100 girilir

2021-11-23 16:43:38 - [TEST_STEP][PASSED] - Ürün ekleme alanında İskonto Oranı % başlığına 10 girilir: Ürün ekleme alanında İskonto Oranı % başlığına 10 girilir

2021-11-23 16:43:38 - [MESSAGE][PASSED] - Ürün ekleme alanında İskonto Oranı % başlığına 10 girilir

2021-11-23 16:43:38 - [TEST_STEP][PASSED] - Notlar alanına Otomasyon Not girilir: Notlar alanına Otomasyon Not girilir

2021-11-23 16:43:38 - [MESSAGE][PASSED] - Notlar alanına Otomasyon Not girilir

2021-11-23 16:43:38 - [TEST_STEP][PASSED] - Ettn bilgisi kayıt edilir: Ettn bilgisi kayıt edilir

2021-11-23 16:43:38 - [MESSAGE][PASSED] - Ettn bilgisi kayıt edilir

2021-11-23 16:43:38 - [TEST_STEP][PASSED] - Kaydet butonu seçilir: Kaydet butonu seçilir

2021-11-23 16:43:38 - [MESSAGE][PASSED] - Kaydet butonu seçilir

2021-11-23 16:43:38 - [TEST_STEP][PASSED] - Tabloda Ettn bilgisi kaydedilen veri oluşturuldu mu: Tabloda Ettn bilgisi kaydedilen veri oluşturuldu mu

2021-11-23 16:43:38 - [MESSAGE][PASSED] - Tabloda Ettn bilgisi kaydedilen veri oluşturuldu mu

2021-11-23 16:43:38 - [TEST_STEP][PASSED] - Tablodan Ettn bilgisi kaydedilen veri seçilir: Tablodan Ettn bilgisi kaydedilen veri seçilir

2021-11-23 16:43:38 - [MESSAGE][PASSED] - Tablodan Ettn bilgisi kaydedilen veri seçilir

2021-11-23 16:43:38 - [TEST_STEP][PASSED] - Butonlardan Numara Oluştur isimli butona tıklanır: Butonlardan Numara Oluştur isimli butona tıklanır

2021-11-23 16:43:38 - [MESSAGE][PASSED] - Butonlardan Numara Oluştur isimli butona tıklanır

2021-11-23 16:43:38 - [TEST_STEP][PASSED] - Popup mesajı Devam etmek istiyor musunuz içeriyor mu: Popup mesajı Devam etmek istiyor musunuz içeriyor mu

2021-11-23 16:43:38 - [MESSAGE][PASSED] - Popup mesajı Devam etmek istiyor musunuz içeriyor mu

2021-11-23 16:43:38 - [TEST_STEP][PASSED] - Yönetim popupında Evet seçilir: Yönetim popupında Evet seçilir

2021-11-23 16:43:38 - [MESSAGE][PASSED] - Yönetim popupında Evet seçilir

2021-11-23 16:43:38 - [TEST_STEP][PASSED] - Popup mesajı oluşmuştur içeriyor mu: Popup mesajı oluşmuştur içeriyor mu

2021-11-23 16:43:38 - [MESSAGE][PASSED] - Popup mesajı oluşmuştur içeriyor mu

2021-11-23 16:43:38 - [TEST_STEP][PASSED] - Yönetim popupında Tamam seçilir: Yönetim popupında Tamam seçilir

2021-11-23 16:43:38 - [MESSAGE][PASSED] - Yönetim popupında Tamam seçilir

2021-11-23 16:43:38 - [TEST_STEP][PASSED] - Tablodan Ettn bilgisi kaydedilen veri seçilir: Tablodan Ettn bilgisi kaydedilen veri seçilir

2021-11-23 16:43:38 - [MESSAGE][PASSED] - Tablodan Ettn bilgisi kaydedilen veri seçilir

2021-11-23 16:43:38 - [TEST_STEP][PASSED] - Butonlardan Gönder isimli butona tıklanır: Butonlardan Gönder isimli butona tıklanır

2021-11-23 16:43:38 - [MESSAGE][PASSED] - Butonlardan Gönder isimli butona tıklanır

2021-11-23 16:43:38 - [TEST_STEP][PASSED] - Popup mesajı Devam etmek istiyor musunuz içeriyor mu: Popup mesajı Devam etmek istiyor musunuz içeriyor mu

2021-11-23 16:43:38 - [MESSAGE][PASSED] - Popup mesajı Devam etmek istiyor musunuz içeriyor mu

2021-11-23 16:43:38 - [TEST_STEP][PASSED] - Yönetim popupında Evet seçilir: Yönetim popupında Evet seçilir

2021-11-23 16:43:38 - [MESSAGE][PASSED] - Yönetim popupında Evet seçilir

2021-11-23 16:43:38 - [TEST_STEP][PASSED] - Ana menüden e-Arşiv seçilir: Ana menüden e-Arşiv seçilir

2021-11-23 16:43:38 - [MESSAGE][PASSED] - Ana menüden e-Arşiv seçilir

2021-11-23 16:43:38 - [TEST_STEP][PASSED] - Alt menü e-Arşiv Hareketleri başlığı altındaki e-Arşiv Faturaları seçilir: Alt menü e-Arşiv Hareketleri başlığı altındaki e-Arşiv Faturaları seçilir

2021-11-23 16:43:38 - [MESSAGE][PASSED] - Alt menü e-Arşiv Hareketleri başlığı altındaki e-Arşiv Faturaları seçilir

2021-11-23 16:43:38 - [TEST_STEP][PASSED] - Filtrelerden Ettn filtresine Ettn bilgisi yaz: Filtrelerden Ettn filtresine Ettn bilgisi yaz

2021-11-23 16:43:38 - [MESSAGE][PASSED] - Filtrelerden Ettn filtresine Ettn bilgisi yaz

2021-11-23 16:43:38 - [TEST_STEP][PASSED] - Filtre butonlarından Listele seçilir: Filtre butonlarından Listele seçilir

2021-11-23 16:43:38 - [MESSAGE][PASSED] - Filtre butonlarından Listele seçilir

2021-11-23 16:43:38 - [TEST_STEP][PASSED] - Tabloda veri var mı kontrol edilir: Tabloda veri var mı kontrol edilir

2021-11-23 16:43:38 - [MESSAGE][PASSED] - Tabloda veri var mı kontrol edilir

2021-11-23 16:43:38 - [TEST_STEP][PASSED] - Tabloda yeni oluşturulan eArsiv verisi başarılı mı: Tabloda yeni oluşturulan eArsiv verisi başarılı mı

2021-11-23 16:43:38 - [MESSAGE][PASSED] - Tabloda yeni oluşturulan eArsiv verisi başarılı mı

2021-11-23 16:43:38 - [TEST_STEP][PASSED] - Kullanıcı işlemlerinden Çıkış seçilir: Kullanıcı işlemlerinden Çıkış seçilir

2021-11-23 16:43:38 - [MESSAGE][PASSED] - Kullanıcı işlemlerinden Çıkış seçilir

2021-11-23 16:43:38 - [MESSAGE][PASSED] - Feature file: 'Include/features/Regresyon/e-Arsiv/VKN-Elektronik-Ihrac Kayitli.feature' was passed

2021-11-23 16:43:38 - [TEST_STEP][PASSED] - Start listener action : sampleAfterTestSuite: Invoke 'com.kms.katalon.core.annotation.AfterTestCase' method: 'Listener.sampleAfterTestSuite(...)' completed.

2021-11-23 16:43:38 - [MESSAGE][INFO] - Starting invoke 'com.kms.katalon.core.annotation.AfterTestCase' method: 'Listener.sampleAfterTestSuite(...)'

2021-11-23 16:43:38 - [TEST_STEP][PASSED] - closeBrowser(): Invoke 'com.kms.katalon.core.annotation.AfterTestCase' method: 'Listener.sampleAfterTestSuite(...)' completed.

2021-11-23 16:43:38 - [MESSAGE][INFO] - Closing browser

2021-11-23 16:43:38 - [MESSAGE][PASSED] - Browser is closed

2021-11-23 16:43:38 - [MESSAGE][INFO] - Invoke 'com.kms.katalon.core.annotation.AfterTestCase' method: 'Listener.sampleAfterTestSuite(...)' completed.]]></system-out>
         <system-err><![CDATA[]]></system-err>
      </testcase>
      <testcase name="Test Cases/Case Repository/Regresyon/e-Arsiv/VKN-Elektronik-Istisna" time="123.118" classname="Test Cases/Case Repository/Regresyon/e-Arsiv/VKN-Elektronik-Istisna" status="PASSED">
         <system-out><![CDATA[2021-11-23 16:43:38 - [TEST_CASE][PASSED] - Test Cases/Case Repository/Regresyon/e-Arsiv/VKN-Elektronik-Istisna: Test Cases/Case Repository/Regresyon/e-Arsiv/VKN-Elektronik-Istisna

2021-11-23 16:43:38 - [TEST_STEP][PASSED] - Start listener action : sampleBeforeTestSuite: Invoke 'com.kms.katalon.core.annotation.BeforeTestCase' method: 'Listener.sampleBeforeTestSuite(...)' completed.

2021-11-23 16:43:38 - [MESSAGE][INFO] - Starting invoke 'com.kms.katalon.core.annotation.BeforeTestCase' method: 'Listener.sampleBeforeTestSuite(...)'

2021-11-23 16:43:38 - [TEST_STEP][PASSED] - openBrowser(baseUrl): Browser is opened with url: 'https://efatura-stage.elogo.com.tr/'

2021-11-23 16:43:38 - [MESSAGE][INFO] - Opening browser

2021-11-23 16:43:38 - [MESSAGE][INFO] - Starting 'Chrome' driver

2021-11-23 16:43:38 - [MESSAGE][INFO] - User set preference: ['prefs', '{download.default_directory=C:\otomasyondownfiles}']

2021-11-23 16:43:38 - [MESSAGE][INFO] - Action delay is set to 0 milliseconds

2021-11-23 16:43:40 - [MESSAGE][INFO] - Navigating browser to: 'https://efatura-stage.elogo.com.tr/'

2021-11-23 16:43:42 - [MESSAGE][PASSED] - Browser is opened with url: 'https://efatura-stage.elogo.com.tr/'

2021-11-23 16:43:42 - [TEST_STEP][PASSED] - maximizeWindow(): Invoke 'com.kms.katalon.core.annotation.BeforeTestCase' method: 'Listener.sampleBeforeTestSuite(...)' completed.

2021-11-23 16:43:42 - [MESSAGE][INFO] - Maximizing current window

2021-11-23 16:43:42 - [MESSAGE][PASSED] - Current window maximized

2021-11-23 16:43:42 - [MESSAGE][INFO] - Invoke 'com.kms.katalon.core.annotation.BeforeTestCase' method: 'Listener.sampleBeforeTestSuite(...)' completed.

2021-11-23 16:43:43 - [TEST_STEP][PASSED] - runFeatureFile("Include/features/Regresyon/e-Arsiv/VKN-Elektronik-Istisna.feature"): Feature file: 'Include/features/Regresyon/e-Arsiv/VKN-Elektronik-Istisna.feature' was passed

2021-11-23 16:43:43 - [MESSAGE][INFO] - Starting run keyword runFeatureFile: 'Include/features/Regresyon/e-Arsiv/VKN-Elektronik-Istisna.feature' and extract report to folder: 'C:\Users\DELL\Documents\GitHub\EES_KatalonLogo\Reports\20211123_163326\Suite Repository\Regresyon-eArsiv-eMakbuz\20211123_163404/cucumber_report/1637675023454'...

2021-11-23 16:43:43 - [MESSAGE][INFO] - Glue: []

2021-11-23 16:43:46 - [MESSAGE][INFO] - Checking called Test Case

2021-11-23 16:43:46 - [MESSAGE][INFO] - Starting to call Test Case 'Test Cases/Sayfalar/Giris_Sayfasi/Login'

2021-11-23 16:43:46 - [TEST_CASE][PASSED] - Test Cases/Sayfalar/Giris_Sayfasi/Login: Test Cases/Sayfalar/Giris_Sayfasi/Login

2021-11-23 16:43:46 - [TEST_STEP][PASSED] - Sayfa_Basligi = getWindowTitle(): Current window's title is: 'LOGO e-Fatura'

2021-11-23 16:43:46 - [MESSAGE][INFO] - Getting current window's title

2021-11-23 16:43:46 - [MESSAGE][PASSED] - Current window's title is: 'LOGO e-Fatura'

2021-11-23 16:43:46 - [TEST_STEP][PASSED] - verifyMatch(Sayfa_Basligi, "LOGO e-Fatura", false): Actual text 'LOGO e-Fatura' and expected text 'LOGO e-Fatura' are matched 

2021-11-23 16:43:46 - [MESSAGE][INFO] - Matching actual text 'LOGO e-Fatura' with expected text 'LOGO e-Fatura'

2021-11-23 16:43:46 - [MESSAGE][PASSED] - Actual text 'LOGO e-Fatura' and expected text 'LOGO e-Fatura' are matched 

2021-11-23 16:43:46 - [TEST_STEP][PASSED] - sendKeys(findTestObject("Sayfalar/Giris_Sayfasi/Firma_Kodu"), KullaniciAdi): Keys 'EARISTISNA' sent to object: 'Object Repository/Sayfalar/Giris_Sayfasi/Firma_Kodu'

2021-11-23 16:43:46 - [MESSAGE][INFO] - Finding Test Object 'Object Repository/Sayfalar/Giris_Sayfasi/Firma_Kodu'

2021-11-23 16:43:46 - [MESSAGE][INFO] - Sending keys 'EARISTISNA' to object: 'Object Repository/Sayfalar/Giris_Sayfasi/Firma_Kodu'

2021-11-23 16:43:46 - [MESSAGE][INFO] - Finding web element from Test Object's properties

2021-11-23 16:43:46 - [MESSAGE][INFO] - Checking timeout

2021-11-23 16:43:46 - [MESSAGE][INFO] - Finding web element with id: 'Object Repository/Sayfalar/Giris_Sayfasi/Firma_Kodu' located by 'By.xpath: //*[@id = 'AccountName']' in '30' second(s)

2021-11-23 16:43:46 - [MESSAGE][INFO] - Smart Wait Function is triggered

2021-11-23 16:43:46 - [MESSAGE][INFO] - Found 1 web elements with id: 'Object Repository/Sayfalar/Giris_Sayfasi/Firma_Kodu' located by 'By.xpath: //*[@id = 'AccountName']' in '30' second(s)

2021-11-23 16:43:47 - [MESSAGE][PASSED] - Keys 'EARISTISNA' sent to object: 'Object Repository/Sayfalar/Giris_Sayfasi/Firma_Kodu'

2021-11-23 16:43:47 - [TEST_STEP][PASSED] - sendKeys(findTestObject("Sayfalar/Giris_Sayfasi/Sifre"), Sifre): Keys 'test1234' sent to object: 'Object Repository/Sayfalar/Giris_Sayfasi/Sifre'

2021-11-23 16:43:47 - [MESSAGE][INFO] - Finding Test Object 'Object Repository/Sayfalar/Giris_Sayfasi/Sifre'

2021-11-23 16:43:47 - [MESSAGE][INFO] - Sending keys 'test1234' to object: 'Object Repository/Sayfalar/Giris_Sayfasi/Sifre'

2021-11-23 16:43:47 - [MESSAGE][INFO] - Finding web element from Test Object's properties

2021-11-23 16:43:47 - [MESSAGE][INFO] - Checking timeout

2021-11-23 16:43:47 - [MESSAGE][INFO] - Finding web element with id: 'Object Repository/Sayfalar/Giris_Sayfasi/Sifre' located by 'By.xpath: //*[@id = 'Password']' in '30' second(s)

2021-11-23 16:43:47 - [MESSAGE][INFO] - Smart Wait Function is triggered

2021-11-23 16:43:47 - [MESSAGE][INFO] - Found 1 web elements with id: 'Object Repository/Sayfalar/Giris_Sayfasi/Sifre' located by 'By.xpath: //*[@id = 'Password']' in '30' second(s)

2021-11-23 16:43:47 - [MESSAGE][PASSED] - Keys 'test1234' sent to object: 'Object Repository/Sayfalar/Giris_Sayfasi/Sifre'

2021-11-23 16:43:47 - [TEST_STEP][PASSED] - findWebElement(findTestObject("Sayfalar/Giris_Sayfasi/Giris_Butonu")).click(): Found 1 web elements with id: 'Object Repository/Sayfalar/Giris_Sayfasi/Giris_Butonu' located by 'By.cssSelector: #btnLogin' in '30' second(s)

2021-11-23 16:43:47 - [MESSAGE][INFO] - Finding Test Object 'Object Repository/Sayfalar/Giris_Sayfasi/Giris_Butonu'

2021-11-23 16:43:47 - [MESSAGE][INFO] - Finding web element from Test Object's properties

2021-11-23 16:43:47 - [MESSAGE][INFO] - Checking timeout

2021-11-23 16:43:47 - [MESSAGE][INFO] - Finding web element with id: 'Object Repository/Sayfalar/Giris_Sayfasi/Giris_Butonu' located by 'By.cssSelector: #btnLogin' in '30' second(s)

2021-11-23 16:43:47 - [MESSAGE][INFO] - Smart Wait Function is triggered

2021-11-23 16:43:48 - [MESSAGE][INFO] - Found 1 web elements with id: 'Object Repository/Sayfalar/Giris_Sayfasi/Giris_Butonu' located by 'By.cssSelector: #btnLogin' in '30' second(s)

2021-11-23 16:43:49 - [TEST_STEP][PASSED] - if (verifyElementPresent(findTestObject("Object Repository/Sayfalar/Giris_Sayfasi/RetveTamam_Butonu"), 5, OPTIONAL)): null

2021-11-23 16:43:49 - [MESSAGE][INFO] - Finding Test Object 'Object Repository/Sayfalar/Giris_Sayfasi/RetveTamam_Butonu'

2021-11-23 16:43:49 - [MESSAGE][INFO] - Checking object

2021-11-23 16:43:49 - [MESSAGE][INFO] - Finding web element from Test Object's properties

2021-11-23 16:43:49 - [MESSAGE][INFO] - Checking timeout

2021-11-23 16:43:49 - [MESSAGE][INFO] - Finding web element with id: 'Object Repository/Sayfalar/Giris_Sayfasi/RetveTamam_Butonu' located by 'By.xpath: //*[@class = 'btn btn-default']' in '5' second(s)

2021-11-23 16:43:49 - [MESSAGE][INFO] - Smart Wait Function is triggered

2021-11-23 16:43:50 - [MESSAGE][INFO] - Found 1 web elements with id: 'Object Repository/Sayfalar/Giris_Sayfasi/RetveTamam_Butonu' located by 'By.xpath: //*[@class = 'btn btn-default']' in '5' second(s)

2021-11-23 16:43:50 - [MESSAGE][PASSED] - Object 'Object Repository/Sayfalar/Giris_Sayfasi/RetveTamam_Butonu' is present

2021-11-23 16:43:50 - [TEST_STEP][PASSED] - click(findTestObject("Object Repository/Sayfalar/Giris_Sayfasi/RetveTamam_Butonu")): Object: 'Object Repository/Sayfalar/Giris_Sayfasi/RetveTamam_Butonu' is clicked on

2021-11-23 16:43:50 - [MESSAGE][INFO] - Finding Test Object 'Object Repository/Sayfalar/Giris_Sayfasi/RetveTamam_Butonu'

2021-11-23 16:43:50 - [MESSAGE][INFO] - Checking object

2021-11-23 16:43:50 - [MESSAGE][INFO] - Finding web element from Test Object's properties

2021-11-23 16:43:50 - [MESSAGE][INFO] - Checking timeout

2021-11-23 16:43:50 - [MESSAGE][INFO] - Finding web element with id: 'Object Repository/Sayfalar/Giris_Sayfasi/RetveTamam_Butonu' located by 'By.xpath: //*[@class = 'btn btn-default']' in '30' second(s)

2021-11-23 16:43:50 - [MESSAGE][INFO] - Smart Wait Function is triggered

2021-11-23 16:43:50 - [MESSAGE][INFO] - Found 1 web elements with id: 'Object Repository/Sayfalar/Giris_Sayfasi/RetveTamam_Butonu' located by 'By.xpath: //*[@class = 'btn btn-default']' in '30' second(s)

2021-11-23 16:43:50 - [MESSAGE][INFO] - Clicking on object: 'Object Repository/Sayfalar/Giris_Sayfasi/RetveTamam_Butonu'

2021-11-23 16:43:50 - [MESSAGE][PASSED] - Object: 'Object Repository/Sayfalar/Giris_Sayfasi/RetveTamam_Butonu' is clicked on

2021-11-23 16:43:50 - [TEST_STEP][PASSED] - click(findTestObject("Object Repository/Sayfalar/Giris_Sayfasi/RetveTamam_Butonu")): Object: 'Object Repository/Sayfalar/Giris_Sayfasi/RetveTamam_Butonu' is clicked on

2021-11-23 16:43:50 - [MESSAGE][INFO] - Finding Test Object 'Object Repository/Sayfalar/Giris_Sayfasi/RetveTamam_Butonu'

2021-11-23 16:43:50 - [MESSAGE][INFO] - Checking object

2021-11-23 16:43:50 - [MESSAGE][INFO] - Finding web element from Test Object's properties

2021-11-23 16:43:50 - [MESSAGE][INFO] - Checking timeout

2021-11-23 16:43:50 - [MESSAGE][INFO] - Finding web element with id: 'Object Repository/Sayfalar/Giris_Sayfasi/RetveTamam_Butonu' located by 'By.xpath: //*[@class = 'btn btn-default']' in '30' second(s)

2021-11-23 16:43:50 - [MESSAGE][INFO] - Smart Wait Function is triggered

2021-11-23 16:43:53 - [MESSAGE][INFO] - Found 1 web elements with id: 'Object Repository/Sayfalar/Giris_Sayfasi/RetveTamam_Butonu' located by 'By.xpath: //*[@class = 'btn btn-default']' in '30' second(s)

2021-11-23 16:43:53 - [MESSAGE][INFO] - Clicking on object: 'Object Repository/Sayfalar/Giris_Sayfasi/RetveTamam_Butonu'

2021-11-23 16:43:53 - [MESSAGE][PASSED] - Object: 'Object Repository/Sayfalar/Giris_Sayfasi/RetveTamam_Butonu' is clicked on

2021-11-23 16:43:53 - [TEST_STEP][PASSED] - if (verifyElementPresent(findTestObject("Sayfalar/Giris_Sayfasi/PopupOK"), 5, OPTIONAL)): com.kms.katalon.core.webui.exception.WebElementNotFoundException: Web element with id: 'Object Repository/Sayfalar/Giris_Sayfasi/PopupOK' located by '.btn.btn-success' not found (Root cause: com.kms.katalon.core.exception.StepFailedException: com.kms.katalon.core.webui.exception.WebElementNotFoundException: Web element with id: 'Object Repository/Sayfalar/Giris_Sayfasi/PopupOK' located by '.btn.btn-success' not found
	at com.kms.katalon.core.webui.keyword.internal.WebUIKeywordMain.stepFailed(WebUIKeywordMain.groovy:64)
	at com.kms.katalon.core.webui.keyword.builtin.VerifyElementPresentKeyword$_verifyElementPresent_closure1.doCall(VerifyElementPresentKeyword.groovy:85)
	at com.kms.katalon.core.webui.keyword.builtin.VerifyElementPresentKeyword$_verifyElementPresent_closure1.call(VerifyElementPresentKeyword.groovy)
	at com.kms.katalon.core.webui.keyword.internal.WebUIKeywordMain.runKeyword(WebUIKeywordMain.groovy:20)
	at com.kms.katalon.core.webui.keyword.builtin.VerifyElementPresentKeyword.verifyElementPresent(VerifyElementPresentKeyword.groovy:92)
	at com.kms.katalon.core.webui.keyword.builtin.VerifyElementPresentKeyword.execute(VerifyElementPresentKeyword.groovy:68)
	at com.kms.katalon.core.keyword.internal.KeywordExecutor.executeKeywordForPlatform(KeywordExecutor.groovy:73)
	at com.kms.katalon.core.webui.keyword.WebUiBuiltInKeywords.verifyElementPresent(WebUiBuiltInKeywords.groovy:1448)
	at com.kms.katalon.core.webui.keyword.WebUiBuiltInKeywords$verifyElementPresent$4.call(Unknown Source)
	at Login.run(Login:40)
	at com.kms.katalon.core.main.ScriptEngine.run(ScriptEngine.java:194)
	at com.kms.katalon.core.main.ScriptEngine.runScriptAsRawText(ScriptEngine.java:119)
	at com.kms.katalon.core.main.TestCaseExecutor.runScript(TestCaseExecutor.java:369)
	at com.kms.katalon.core.main.TestCaseExecutor.doExecute(TestCaseExecutor.java:360)
	at com.kms.katalon.core.main.TestCaseExecutor.processExecutionPhase(TestCaseExecutor.java:339)
	at com.kms.katalon.core.main.TestCaseExecutor.accessMainPhase(TestCaseExecutor.java:331)
	at com.kms.katalon.core.main.TestCaseExecutor.execute(TestCaseExecutor.java:248)
	at com.kms.katalon.core.main.TestCaseMain.runTestCase(TestCaseMain.java:138)
	at com.kms.katalon.core.keyword.builtin.CallTestCaseKeyword$_callTestCase_closure1.doCall(CallTestCaseKeyword.groovy:59)
	at com.kms.katalon.core.keyword.builtin.CallTestCaseKeyword$_callTestCase_closure1.call(CallTestCaseKeyword.groovy)
	at com.kms.katalon.core.keyword.internal.KeywordMain.runKeyword(KeywordMain.groovy:68)
	at com.kms.katalon.core.keyword.builtin.CallTestCaseKeyword.callTestCase(CallTestCaseKeyword.groovy:81)
	at com.kms.katalon.core.keyword.builtin.CallTestCaseKeyword.execute(CallTestCaseKeyword.groovy:44)
	at com.kms.katalon.core.keyword.internal.KeywordExecutor.executeKeywordForPlatform(KeywordExecutor.groovy:73)
	at com.kms.katalon.core.keyword.BuiltinKeywords.callTestCase(BuiltinKeywords.groovy:334)
	at sayfalar.girisSayfasi.login(girisSayfasi.groovy:50)
	at cucumber.runtime.Utils$1.call(Utils.java:26)
	at cucumber.runtime.Timeout.timeout(Timeout.java:16)
	at cucumber.runtime.Utils.invoke(Utils.java:20)
	at cucumber.runtime.java.JavaStepDefinition.execute(JavaStepDefinition.java:49)
	at cucumber.runner.PickleStepDefinitionMatch.runStep(PickleStepDefinitionMatch.java:50)
	at cucumber.runner.TestStep.executeStep(TestStep.java:63)
	at cucumber.runner.TestStep.run(TestStep.java:49)
	at cucumber.runner.PickleStepTestStep.run(PickleStepTestStep.java:43)
	at cucumber.runner.TestCase.run(TestCase.java:44)
	at cucumber.runner.Runner.runPickle(Runner.java:40)
	at cucumber.runtime.Runtime$1.run(Runtime.java:84)
	at cucumber.runtime.Runtime$SameThreadExecutorService.execute(Runtime.java:220)
	at cucumber.runtime.Runtime.run(Runtime.java:81)
	at cucumber.api.cli.Main.run(Main.java:26)
	at cucumber.api.cli.Main$run.call(Unknown Source)
	at com.kms.katalon.core.cucumber.keyword.CucumberBuiltinKeywords$_runFeatureFile_closure1.doCall(CucumberBuiltinKeywords.groovy:106)
	at com.kms.katalon.core.cucumber.keyword.CucumberBuiltinKeywords$_runFeatureFile_closure1.doCall(CucumberBuiltinKeywords.groovy)
	at com.kms.katalon.core.keyword.internal.KeywordMain.runKeyword(KeywordMain.groovy:68)
	at com.kms.katalon.core.keyword.internal.KeywordMain$runKeyword.call(Unknown Source)
	at com.kms.katalon.core.cucumber.keyword.CucumberBuiltinKeywords.runFeatureFile(CucumberBuiltinKeywords.groovy:73)
	at com.kms.katalon.core.cucumber.keyword.CucumberBuiltinKeywords$runFeatureFile$0.callStatic(Unknown Source)
	at com.kms.katalon.core.cucumber.keyword.CucumberBuiltinKeywords.runFeatureFile(CucumberBuiltinKeywords.groovy:246)
	at com.kms.katalon.core.cucumber.keyword.CucumberBuiltinKeywords$runFeatureFile.call(Unknown Source)
	at VKN-Elektronik-Istisna.run(VKN-Elektronik-Istisna:19)
	at com.kms.katalon.core.main.ScriptEngine.run(ScriptEngine.java:194)
	at com.kms.katalon.core.main.ScriptEngine.runScriptAsRawText(ScriptEngine.java:119)
	at com.kms.katalon.core.main.TestCaseExecutor.runScript(TestCaseExecutor.java:369)
	at com.kms.katalon.core.main.TestCaseExecutor.doExecute(TestCaseExecutor.java:360)
	at com.kms.katalon.core.main.TestCaseExecutor.processExecutionPhase(TestCaseExecutor.java:339)
	at com.kms.katalon.core.main.TestCaseExecutor.accessMainPhase(TestCaseExecutor.java:331)
	at com.kms.katalon.core.main.TestCaseExecutor.execute(TestCaseExecutor.java:248)
	at com.kms.katalon.core.main.TestSuiteExecutor.accessTestCaseMainPhase(TestSuiteExecutor.java:191)
	at com.kms.katalon.core.main.TestSuiteExecutor.accessTestSuiteMainPhase(TestSuiteExecutor.java:140)
	at com.kms.katalon.core.main.TestSuiteExecutor.execute(TestSuiteExecutor.java:89)
	at com.kms.katalon.core.main.TestCaseMain.startTestSuite(TestCaseMain.java:181)
	at com.kms.katalon.core.main.TestCaseMain$startTestSuite$0.call(Unknown Source)
	at TempTestSuite1637674444414.run(TempTestSuite1637674444414.groovy:39)
)

2021-11-23 16:43:53 - [MESSAGE][INFO] - Finding Test Object 'Object Repository/Sayfalar/Giris_Sayfasi/PopupOK'

2021-11-23 16:43:53 - [MESSAGE][INFO] - Checking object

2021-11-23 16:43:53 - [MESSAGE][INFO] - Finding web element from Test Object's properties

2021-11-23 16:43:53 - [MESSAGE][INFO] - Checking timeout

2021-11-23 16:43:53 - [MESSAGE][INFO] - Finding web element with id: 'Object Repository/Sayfalar/Giris_Sayfasi/PopupOK' located by 'By.cssSelector: .btn.btn-success' in '5' second(s)

2021-11-23 16:43:53 - [MESSAGE][INFO] - Smart Wait Function is triggered

2021-11-23 16:43:54 - [MESSAGE][INFO] - Smart Wait Function is triggered

2021-11-23 16:43:54 - [MESSAGE][INFO] - Smart Wait Function is triggered

2021-11-23 16:43:55 - [MESSAGE][INFO] - Smart Wait Function is triggered

2021-11-23 16:43:55 - [MESSAGE][INFO] - Smart Wait Function is triggered

2021-11-23 16:43:55 - [MESSAGE][INFO] - Smart Wait Function is triggered

2021-11-23 16:43:55 - [MESSAGE][INFO] - Smart Wait Function is triggered

2021-11-23 16:43:56 - [MESSAGE][INFO] - Smart Wait Function is triggered

2021-11-23 16:43:56 - [MESSAGE][INFO] - Smart Wait Function is triggered

2021-11-23 16:43:56 - [MESSAGE][INFO] - Smart Wait Function is triggered

2021-11-23 16:43:57 - [MESSAGE][INFO] - Smart Wait Function is triggered

2021-11-23 16:43:57 - [MESSAGE][INFO] - Smart Wait Function is triggered

2021-11-23 16:43:57 - [MESSAGE][INFO] - Smart Wait Function is triggered

2021-11-23 16:43:57 - [MESSAGE][INFO] - Smart Wait Function is triggered

2021-11-23 16:43:58 - [MESSAGE][INFO] - Smart Wait Function is triggered

2021-11-23 16:43:58 - [MESSAGE][INFO] - Smart Wait Function is triggered

2021-11-23 16:43:58 - [MESSAGE][INFO] - Smart Wait Function is triggered

2021-11-23 16:43:58 - [MESSAGE][INFO] - Smart Wait Function is triggered

2021-11-23 16:43:59 - [MESSAGE][INFO] - Smart Wait Function is triggered

2021-11-23 16:43:59 - [MESSAGE][INFO] - Smart Wait Function is triggered

2021-11-23 16:43:59 - [MESSAGE][INFO] - Smart Wait Function is triggered

2021-11-23 16:43:59 - [MESSAGE][INFO] - Unable to find the element located by 'By.cssSelector: .btn.btn-success'. Please recheck the objects properties to make sure the desired element is located. 

2021-11-23 16:43:59 - [MESSAGE][WARNING] - com.kms.katalon.core.webui.exception.WebElementNotFoundException: Web element with id: 'Object Repository/Sayfalar/Giris_Sayfasi/PopupOK' located by '.btn.btn-success' not found (Root cause: com.kms.katalon.core.exception.StepFailedException: com.kms.katalon.core.webui.exception.WebElementNotFoundException: Web element with id: 'Object Repository/Sayfalar/Giris_Sayfasi/PopupOK' located by '.btn.btn-success' not found
	at com.kms.katalon.core.webui.keyword.internal.WebUIKeywordMain.stepFailed(WebUIKeywordMain.groovy:64)
	at com.kms.katalon.core.webui.keyword.builtin.VerifyElementPresentKeyword$_verifyElementPresent_closure1.doCall(VerifyElementPresentKeyword.groovy:85)
	at com.kms.katalon.core.webui.keyword.builtin.VerifyElementPresentKeyword$_verifyElementPresent_closure1.call(VerifyElementPresentKeyword.groovy)
	at com.kms.katalon.core.webui.keyword.internal.WebUIKeywordMain.runKeyword(WebUIKeywordMain.groovy:20)
	at com.kms.katalon.core.webui.keyword.builtin.VerifyElementPresentKeyword.verifyElementPresent(VerifyElementPresentKeyword.groovy:92)
	at com.kms.katalon.core.webui.keyword.builtin.VerifyElementPresentKeyword.execute(VerifyElementPresentKeyword.groovy:68)
	at com.kms.katalon.core.keyword.internal.KeywordExecutor.executeKeywordForPlatform(KeywordExecutor.groovy:73)
	at com.kms.katalon.core.webui.keyword.WebUiBuiltInKeywords.verifyElementPresent(WebUiBuiltInKeywords.groovy:1448)
	at com.kms.katalon.core.webui.keyword.WebUiBuiltInKeywords$verifyElementPresent$4.call(Unknown Source)
	at Login.run(Login:40)
	at com.kms.katalon.core.main.ScriptEngine.run(ScriptEngine.java:194)
	at com.kms.katalon.core.main.ScriptEngine.runScriptAsRawText(ScriptEngine.java:119)
	at com.kms.katalon.core.main.TestCaseExecutor.runScript(TestCaseExecutor.java:369)
	at com.kms.katalon.core.main.TestCaseExecutor.doExecute(TestCaseExecutor.java:360)
	at com.kms.katalon.core.main.TestCaseExecutor.processExecutionPhase(TestCaseExecutor.java:339)
	at com.kms.katalon.core.main.TestCaseExecutor.accessMainPhase(TestCaseExecutor.java:331)
	at com.kms.katalon.core.main.TestCaseExecutor.execute(TestCaseExecutor.java:248)
	at com.kms.katalon.core.main.TestCaseMain.runTestCase(TestCaseMain.java:138)
	at com.kms.katalon.core.keyword.builtin.CallTestCaseKeyword$_callTestCase_closure1.doCall(CallTestCaseKeyword.groovy:59)
	at com.kms.katalon.core.keyword.builtin.CallTestCaseKeyword$_callTestCase_closure1.call(CallTestCaseKeyword.groovy)
	at com.kms.katalon.core.keyword.internal.KeywordMain.runKeyword(KeywordMain.groovy:68)
	at com.kms.katalon.core.keyword.builtin.CallTestCaseKeyword.callTestCase(CallTestCaseKeyword.groovy:81)
	at com.kms.katalon.core.keyword.builtin.CallTestCaseKeyword.execute(CallTestCaseKeyword.groovy:44)
	at com.kms.katalon.core.keyword.internal.KeywordExecutor.executeKeywordForPlatform(KeywordExecutor.groovy:73)
	at com.kms.katalon.core.keyword.BuiltinKeywords.callTestCase(BuiltinKeywords.groovy:334)
	at sayfalar.girisSayfasi.login(girisSayfasi.groovy:50)
	at cucumber.runtime.Utils$1.call(Utils.java:26)
	at cucumber.runtime.Timeout.timeout(Timeout.java:16)
	at cucumber.runtime.Utils.invoke(Utils.java:20)
	at cucumber.runtime.java.JavaStepDefinition.execute(JavaStepDefinition.java:49)
	at cucumber.runner.PickleStepDefinitionMatch.runStep(PickleStepDefinitionMatch.java:50)
	at cucumber.runner.TestStep.executeStep(TestStep.java:63)
	at cucumber.runner.TestStep.run(TestStep.java:49)
	at cucumber.runner.PickleStepTestStep.run(PickleStepTestStep.java:43)
	at cucumber.runner.TestCase.run(TestCase.java:44)
	at cucumber.runner.Runner.runPickle(Runner.java:40)
	at cucumber.runtime.Runtime$1.run(Runtime.java:84)
	at cucumber.runtime.Runtime$SameThreadExecutorService.execute(Runtime.java:220)
	at cucumber.runtime.Runtime.run(Runtime.java:81)
	at cucumber.api.cli.Main.run(Main.java:26)
	at cucumber.api.cli.Main$run.call(Unknown Source)
	at com.kms.katalon.core.cucumber.keyword.CucumberBuiltinKeywords$_runFeatureFile_closure1.doCall(CucumberBuiltinKeywords.groovy:106)
	at com.kms.katalon.core.cucumber.keyword.CucumberBuiltinKeywords$_runFeatureFile_closure1.doCall(CucumberBuiltinKeywords.groovy)
	at com.kms.katalon.core.keyword.internal.KeywordMain.runKeyword(KeywordMain.groovy:68)
	at com.kms.katalon.core.keyword.internal.KeywordMain$runKeyword.call(Unknown Source)
	at com.kms.katalon.core.cucumber.keyword.CucumberBuiltinKeywords.runFeatureFile(CucumberBuiltinKeywords.groovy:73)
	at com.kms.katalon.core.cucumber.keyword.CucumberBuiltinKeywords$runFeatureFile$0.callStatic(Unknown Source)
	at com.kms.katalon.core.cucumber.keyword.CucumberBuiltinKeywords.runFeatureFile(CucumberBuiltinKeywords.groovy:246)
	at com.kms.katalon.core.cucumber.keyword.CucumberBuiltinKeywords$runFeatureFile.call(Unknown Source)
	at VKN-Elektronik-Istisna.run(VKN-Elektronik-Istisna:19)
	at com.kms.katalon.core.main.ScriptEngine.run(ScriptEngine.java:194)
	at com.kms.katalon.core.main.ScriptEngine.runScriptAsRawText(ScriptEngine.java:119)
	at com.kms.katalon.core.main.TestCaseExecutor.runScript(TestCaseExecutor.java:369)
	at com.kms.katalon.core.main.TestCaseExecutor.doExecute(TestCaseExecutor.java:360)
	at com.kms.katalon.core.main.TestCaseExecutor.processExecutionPhase(TestCaseExecutor.java:339)
	at com.kms.katalon.core.main.TestCaseExecutor.accessMainPhase(TestCaseExecutor.java:331)
	at com.kms.katalon.core.main.TestCaseExecutor.execute(TestCaseExecutor.java:248)
	at com.kms.katalon.core.main.TestSuiteExecutor.accessTestCaseMainPhase(TestSuiteExecutor.java:191)
	at com.kms.katalon.core.main.TestSuiteExecutor.accessTestSuiteMainPhase(TestSuiteExecutor.java:140)
	at com.kms.katalon.core.main.TestSuiteExecutor.execute(TestSuiteExecutor.java:89)
	at com.kms.katalon.core.main.TestCaseMain.startTestSuite(TestCaseMain.java:181)
	at com.kms.katalon.core.main.TestCaseMain$startTestSuite$0.call(Unknown Source)
	at TempTestSuite1637674444414.run(TempTestSuite1637674444414.groovy:39)
)

2021-11-23 16:43:59 - [TEST_STEP][PASSED] - verifyElementVisible(findTestObject("Object Repository/Kullanici_Islemleri/KullaniciIslemleri")): Object 'Object Repository/Kullanici_Islemleri/KullaniciIslemleri' is visible

2021-11-23 16:43:59 - [MESSAGE][INFO] - Finding Test Object 'Object Repository/Kullanici_Islemleri/KullaniciIslemleri'

2021-11-23 16:44:00 - [MESSAGE][INFO] - Checking object

2021-11-23 16:44:00 - [MESSAGE][INFO] - Finding web element from Test Object's properties

2021-11-23 16:44:00 - [MESSAGE][INFO] - Checking timeout

2021-11-23 16:44:00 - [MESSAGE][INFO] - Finding web element with id: 'Object Repository/Kullanici_Islemleri/KullaniciIslemleri' located by 'By.cssSelector: .dropdown>a>img' in '30' second(s)

2021-11-23 16:44:00 - [MESSAGE][INFO] - Smart Wait Function is triggered

2021-11-23 16:44:00 - [MESSAGE][INFO] - Found 1 web elements with id: 'Object Repository/Kullanici_Islemleri/KullaniciIslemleri' located by 'By.cssSelector: .dropdown>a>img' in '30' second(s)

2021-11-23 16:44:00 - [MESSAGE][PASSED] - Object 'Object Repository/Kullanici_Islemleri/KullaniciIslemleri' is visible

2021-11-23 16:44:00 - [MESSAGE][PASSED] - Call Test Case 'Test Cases/Sayfalar/Giris_Sayfasi/Login' successfully

2021-11-23 16:44:00 - [MESSAGE][INFO] - Checking called Test Case

2021-11-23 16:44:00 - [MESSAGE][INFO] - Starting to call Test Case 'Test Cases/Menu/AnaMenuSecimi'

2021-11-23 16:44:00 - [TEST_CASE][PASSED] - Test Cases/Menu/AnaMenuSecimi: Test Cases/Menu/AnaMenuSecimi

2021-11-23 16:44:00 - [TEST_STEP][PASSED] - Method.TextDegerineEsitElementeTikla(findTestObject("Menu/Ana_Menu"), Ana_Menu): Method.TextDegerineEsitElementeTikla is PASSED

2021-11-23 16:44:00 - [MESSAGE][INFO] - Finding Test Object 'Object Repository/Menu/Ana_Menu'

2021-11-23 16:44:00 - [MESSAGE][INFO] - Checking timeout

2021-11-23 16:44:00 - [MESSAGE][INFO] - Finding web element with id: 'Object Repository/Menu/Ana_Menu' located by 'By.xpath: //*[@class = 'dropdown-toggle']' in '10' second(s)

2021-11-23 16:44:00 - [MESSAGE][INFO] - Smart Wait Function is triggered

2021-11-23 16:44:00 - [MESSAGE][INFO] - Found 14 web elements with id: 'Object Repository/Menu/Ana_Menu' located by 'By.xpath: //*[@class = 'dropdown-toggle']' in '10' second(s)

2021-11-23 16:44:00 - [MESSAGE][PASSED] - Method.TextDegerineEsitElementeTikla is PASSED

2021-11-23 16:44:00 - [MESSAGE][PASSED] - Call Test Case 'Test Cases/Menu/AnaMenuSecimi' successfully

2021-11-23 16:44:00 - [MESSAGE][INFO] - Checking called Test Case

2021-11-23 16:44:00 - [MESSAGE][INFO] - Starting to call Test Case 'Test Cases/Menu/BasligaGoreAltMenuSecimi'

2021-11-23 16:44:00 - [TEST_CASE][PASSED] - Test Cases/Menu/BasligaGoreAltMenuSecimi: Test Cases/Menu/BasligaGoreAltMenuSecimi

2021-11-23 16:44:00 - [TEST_STEP][PASSED] - Method.TextDegerineEsitElementinAltindakiTextDegerineEsitOlanaTikla(findTestObject("Menu/Menu_Basligi"), findTestObject("Menu/Basliga_Gore_Alt_Menu"), Baslik, Alt_Menu): Method.TextDegerineEsitElementinAltindakiTextDegerineEsitOlanaTikla is PASSED

2021-11-23 16:44:00 - [MESSAGE][INFO] - Finding Test Object 'Object Repository/Menu/Menu_Basligi'

2021-11-23 16:44:01 - [MESSAGE][INFO] - Finding Test Object 'Object Repository/Menu/Basliga_Gore_Alt_Menu'

2021-11-23 16:44:01 - [MESSAGE][INFO] - Checking timeout

2021-11-23 16:44:01 - [MESSAGE][INFO] - Finding web element with id: 'Object Repository/Menu/Menu_Basligi' located by 'By.xpath: //li[@class='dropdown dropdown-large open']//li[@class='dropdown-header']' in '10' second(s)

2021-11-23 16:44:01 - [MESSAGE][INFO] - Smart Wait Function is triggered

2021-11-23 16:44:01 - [MESSAGE][INFO] - Found 2 web elements with id: 'Object Repository/Menu/Menu_Basligi' located by 'By.xpath: //li[@class='dropdown dropdown-large open']//li[@class='dropdown-header']' in '10' second(s)

2021-11-23 16:44:01 - [MESSAGE][INFO] - Smart Wait Function is triggered

2021-11-23 16:44:06 - [MESSAGE][PASSED] - Method.TextDegerineEsitElementinAltindakiTextDegerineEsitOlanaTikla is PASSED

2021-11-23 16:44:06 - [MESSAGE][PASSED] - Call Test Case 'Test Cases/Menu/BasligaGoreAltMenuSecimi' successfully

2021-11-23 16:44:06 - [MESSAGE][INFO] - Checking called Test Case

2021-11-23 16:44:06 - [MESSAGE][INFO] - Starting to call Test Case 'Test Cases/Tablo/Olusturma Tarihi'

2021-11-23 16:44:06 - [TEST_CASE][PASSED] - Test Cases/Tablo/Olusturma Tarihi: Test Cases/Tablo/Olusturma Tarihi

2021-11-23 16:44:06 - [TEST_STEP][PASSED] - if (verifyTextNotPresent("Görüntülenecek veri yok", true, OPTIONAL)): null

2021-11-23 16:44:06 - [MESSAGE][INFO] - Checking text present  using regular expression

2021-11-23 16:44:06 - [MESSAGE][INFO] - Smart Wait Function is triggered

2021-11-23 16:44:06 - [MESSAGE][INFO] - Finding text 'Görüntülenecek veri yok' on page  using regular expression

2021-11-23 16:44:06 - [MESSAGE][PASSED] - Text 'Görüntülenecek veri yok' is not present on page using regular expression

2021-11-23 16:44:06 - [TEST_STEP][PASSED] - click(findTestObject("Temizle/Olusturma_Tarihi_CheckBox")): Object: 'Object Repository/Temizle/Olusturma_Tarihi_CheckBox' is clicked on

2021-11-23 16:44:06 - [MESSAGE][INFO] - Finding Test Object 'Object Repository/Temizle/Olusturma_Tarihi_CheckBox'

2021-11-23 16:44:07 - [MESSAGE][INFO] - Checking object

2021-11-23 16:44:07 - [MESSAGE][INFO] - Finding web element from Test Object's properties

2021-11-23 16:44:07 - [MESSAGE][INFO] - Checking timeout

2021-11-23 16:44:07 - [MESSAGE][INFO] - Finding web element with id: 'Object Repository/Temizle/Olusturma_Tarihi_CheckBox' located by 'By.xpath: //*[@title = 'Bu sayfadaki tüm satırları Seç']' in '30' second(s)

2021-11-23 16:44:07 - [MESSAGE][INFO] - Smart Wait Function is triggered

2021-11-23 16:44:07 - [MESSAGE][INFO] - Found 1 web elements with id: 'Object Repository/Temizle/Olusturma_Tarihi_CheckBox' located by 'By.xpath: //*[@title = 'Bu sayfadaki tüm satırları Seç']' in '30' second(s)

2021-11-23 16:44:07 - [MESSAGE][INFO] - Clicking on object: 'Object Repository/Temizle/Olusturma_Tarihi_CheckBox'

2021-11-23 16:44:07 - [MESSAGE][PASSED] - Object: 'Object Repository/Temizle/Olusturma_Tarihi_CheckBox' is clicked on

2021-11-23 16:44:07 - [TEST_STEP][PASSED] - Method.TextDegerineEsitElementeTiklaEquals(findTestObject("Butonlar/Butonlar"), "Sil"): Method.TextDegerineEsitElementeTiklaEquals is PASSED

2021-11-23 16:44:07 - [MESSAGE][INFO] - Finding Test Object 'Object Repository/Butonlar/Butonlar'

2021-11-23 16:44:07 - [MESSAGE][INFO] - Checking timeout

2021-11-23 16:44:07 - [MESSAGE][INFO] - Finding web element with id: 'Object Repository/Butonlar/Butonlar' located by 'By.cssSelector: .panel.panel-default.text-center.footerPanel .btn,.btn.btn-primary.btnControls' in '10' second(s)

2021-11-23 16:44:07 - [MESSAGE][INFO] - Smart Wait Function is triggered

2021-11-23 16:44:07 - [MESSAGE][INFO] - Found 9 web elements with id: 'Object Repository/Butonlar/Butonlar' located by 'By.cssSelector: .panel.panel-default.text-center.footerPanel .btn,.btn.btn-primary.btnControls' in '10' second(s)

2021-11-23 16:44:07 - [MESSAGE][PASSED] - Method.TextDegerineEsitElementeTiklaEquals is PASSED

2021-11-23 16:44:07 - [TEST_STEP][PASSED] - Method.TextDegerineEsitElementeTikla(findTestObject("Popup/Popup_Butons"), "Evet"): Method.TextDegerineEsitElementeTikla is PASSED

2021-11-23 16:44:07 - [MESSAGE][INFO] - Finding Test Object 'Object Repository/Popup/Popup_Butons'

2021-11-23 16:44:08 - [MESSAGE][INFO] - Checking timeout

2021-11-23 16:44:08 - [MESSAGE][INFO] - Finding web element with id: 'Object Repository/Popup/Popup_Butons' located by 'By.cssSelector: .modal-footer>button' in '10' second(s)

2021-11-23 16:44:08 - [MESSAGE][INFO] - Smart Wait Function is triggered

2021-11-23 16:44:08 - [MESSAGE][INFO] - Found 2 web elements with id: 'Object Repository/Popup/Popup_Butons' located by 'By.cssSelector: .modal-footer>button' in '10' second(s)

2021-11-23 16:44:09 - [MESSAGE][PASSED] - Method.TextDegerineEsitElementeTikla is PASSED

2021-11-23 16:44:09 - [TEST_STEP][PASSED] - Method.TextDegerineEsitElementeTikla(findTestObject("Popup/Popup_Butons"), "Tamam"): Method.TextDegerineEsitElementeTikla is PASSED

2021-11-23 16:44:09 - [MESSAGE][INFO] - Finding Test Object 'Object Repository/Popup/Popup_Butons'

2021-11-23 16:44:09 - [MESSAGE][INFO] - Checking timeout

2021-11-23 16:44:09 - [MESSAGE][INFO] - Finding web element with id: 'Object Repository/Popup/Popup_Butons' located by 'By.cssSelector: .modal-footer>button' in '10' second(s)

2021-11-23 16:44:09 - [MESSAGE][INFO] - Smart Wait Function is triggered

2021-11-23 16:44:09 - [MESSAGE][INFO] - Found 1 web elements with id: 'Object Repository/Popup/Popup_Butons' located by 'By.cssSelector: .modal-footer>button' in '10' second(s)

2021-11-23 16:44:10 - [MESSAGE][PASSED] - Method.TextDegerineEsitElementeTikla is PASSED

2021-11-23 16:44:10 - [MESSAGE][PASSED] - Call Test Case 'Test Cases/Tablo/Olusturma Tarihi' successfully

2021-11-23 16:44:10 - [MESSAGE][INFO] - Checking called Test Case

2021-11-23 16:44:10 - [MESSAGE][INFO] - Starting to call Test Case 'Test Cases/Butonlar/ButonaTikla'

2021-11-23 16:44:10 - [TEST_CASE][PASSED] - Test Cases/Butonlar/ButonaTikla: Test Cases/Butonlar/ButonaTikla

2021-11-23 16:44:10 - [TEST_STEP][PASSED] - Method.TextDegerineEsitElementeTiklaEquals(findTestObject("Butonlar/Butonlar"), Buton_Adi): Method.TextDegerineEsitElementeTiklaEquals is PASSED

2021-11-23 16:44:10 - [MESSAGE][INFO] - Finding Test Object 'Object Repository/Butonlar/Butonlar'

2021-11-23 16:44:10 - [MESSAGE][INFO] - Checking timeout

2021-11-23 16:44:10 - [MESSAGE][INFO] - Finding web element with id: 'Object Repository/Butonlar/Butonlar' located by 'By.cssSelector: .panel.panel-default.text-center.footerPanel .btn,.btn.btn-primary.btnControls' in '10' second(s)

2021-11-23 16:44:10 - [MESSAGE][INFO] - Smart Wait Function is triggered

2021-11-23 16:44:10 - [MESSAGE][INFO] - Found 9 web elements with id: 'Object Repository/Butonlar/Butonlar' located by 'By.cssSelector: .panel.panel-default.text-center.footerPanel .btn,.btn.btn-primary.btnControls' in '10' second(s)

2021-11-23 16:44:10 - [MESSAGE][PASSED] - Method.TextDegerineEsitElementeTiklaEquals is PASSED

2021-11-23 16:44:10 - [MESSAGE][PASSED] - Call Test Case 'Test Cases/Butonlar/ButonaTikla' successfully

2021-11-23 16:44:10 - [MESSAGE][INFO] - Checking called Test Case

2021-11-23 16:44:10 - [MESSAGE][INFO] - Starting to call Test Case 'Test Cases/Olusturma/Genel/GorselTasarimSayfasıBasligiIceriyorMu'

2021-11-23 16:44:11 - [TEST_CASE][PASSED] - Test Cases/Olusturma/Genel/GorselTasarimSayfasıBasligiIceriyorMu: Test Cases/Olusturma/Genel/GorselTasarimSayfasıBasligiIceriyorMu

2021-11-23 16:44:11 - [TEST_STEP][PASSED] - verifyElementText(findTestObject("Object Repository/Olusturma/Genel/GorselTasarimBaslik"), Baslik): Actual text and expected text of test object 'Object Repository/Olusturma/Genel/GorselTasarimBaslik' are matched.

2021-11-23 16:44:11 - [MESSAGE][INFO] - Finding Test Object 'Object Repository/Olusturma/Genel/GorselTasarimBaslik'

2021-11-23 16:44:11 - [MESSAGE][INFO] - Checking object

2021-11-23 16:44:11 - [MESSAGE][INFO] - Finding web element from Test Object's properties

2021-11-23 16:44:11 - [MESSAGE][INFO] - Checking timeout

2021-11-23 16:44:11 - [MESSAGE][INFO] - Finding web element with id: 'Object Repository/Olusturma/Genel/GorselTasarimBaslik' located by 'By.cssSelector: #flAlici_0>div>span' in '30' second(s)

2021-11-23 16:44:11 - [MESSAGE][INFO] - Smart Wait Function is triggered

2021-11-23 16:44:18 - [MESSAGE][INFO] - Found 1 web elements with id: 'Object Repository/Olusturma/Genel/GorselTasarimBaslik' located by 'By.cssSelector: #flAlici_0>div>span' in '30' second(s)

2021-11-23 16:44:18 - [MESSAGE][PASSED] - Actual text and expected text of test object 'Object Repository/Olusturma/Genel/GorselTasarimBaslik' are matched.

2021-11-23 16:44:18 - [MESSAGE][PASSED] - Call Test Case 'Test Cases/Olusturma/Genel/GorselTasarimSayfasıBasligiIceriyorMu' successfully

2021-11-23 16:44:18 - [MESSAGE][INFO] - Checking called Test Case

2021-11-23 16:44:18 - [MESSAGE][INFO] - Starting to call Test Case 'Test Cases/Olusturma/Genel/AliciSecilir'

2021-11-23 16:44:18 - [TEST_CASE][PASSED] - Test Cases/Olusturma/Genel/AliciSecilir: Test Cases/Olusturma/Genel/AliciSecilir

2021-11-23 16:44:18 - [TEST_STEP][PASSED] - click(findTestObject("Olusturma/Genel/AliciBilgisi/Alici_Ara")): Object: 'Object Repository/Olusturma/Genel/AliciBilgisi/Alici_Ara' is clicked on

2021-11-23 16:44:18 - [MESSAGE][INFO] - Finding Test Object 'Object Repository/Olusturma/Genel/AliciBilgisi/Alici_Ara'

2021-11-23 16:44:18 - [MESSAGE][INFO] - Checking object

2021-11-23 16:44:18 - [MESSAGE][INFO] - Finding web element from Test Object's properties

2021-11-23 16:44:18 - [MESSAGE][INFO] - Checking timeout

2021-11-23 16:44:18 - [MESSAGE][INFO] - Finding web element with id: 'Object Repository/Olusturma/Genel/AliciBilgisi/Alici_Ara' located by 'By.xpath: //td[@id='txtCustomerText_B-1']' in '30' second(s)

2021-11-23 16:44:18 - [MESSAGE][INFO] - Smart Wait Function is triggered

2021-11-23 16:44:19 - [MESSAGE][INFO] - Found 1 web elements with id: 'Object Repository/Olusturma/Genel/AliciBilgisi/Alici_Ara' located by 'By.xpath: //td[@id='txtCustomerText_B-1']' in '30' second(s)

2021-11-23 16:44:19 - [MESSAGE][INFO] - Clicking on object: 'Object Repository/Olusturma/Genel/AliciBilgisi/Alici_Ara'

2021-11-23 16:44:19 - [MESSAGE][PASSED] - Object: 'Object Repository/Olusturma/Genel/AliciBilgisi/Alici_Ara' is clicked on

2021-11-23 16:44:19 - [TEST_STEP][PASSED] - click(findTestObject("Olusturma/Genel/AliciBilgisi/Alici_Bilgisi")): Object: 'Object Repository/Olusturma/Genel/AliciBilgisi/Alici_Bilgisi' is clicked on

2021-11-23 16:44:19 - [MESSAGE][INFO] - Finding Test Object 'Object Repository/Olusturma/Genel/AliciBilgisi/Alici_Bilgisi'

2021-11-23 16:44:19 - [MESSAGE][INFO] - Checking object

2021-11-23 16:44:19 - [MESSAGE][INFO] - Finding web element from Test Object's properties

2021-11-23 16:44:19 - [MESSAGE][INFO] - Checking timeout

2021-11-23 16:44:19 - [MESSAGE][INFO] - Finding web element with id: 'Object Repository/Olusturma/Genel/AliciBilgisi/Alici_Bilgisi' located by 'By.xpath: //iframe[@id='customerselectiframe']' in '30' second(s)

2021-11-23 16:44:19 - [MESSAGE][INFO] - Smart Wait Function is triggered

2021-11-23 16:44:19 - [MESSAGE][INFO] - Found 1 web elements with id: 'Object Repository/Olusturma/Genel/AliciBilgisi/Alici_Bilgisi' located by 'By.xpath: //iframe[@id='customerselectiframe']' in '30' second(s)

2021-11-23 16:44:19 - [MESSAGE][INFO] - Clicking on object: 'Object Repository/Olusturma/Genel/AliciBilgisi/Alici_Bilgisi'

2021-11-23 16:44:19 - [MESSAGE][PASSED] - Object: 'Object Repository/Olusturma/Genel/AliciBilgisi/Alici_Bilgisi' is clicked on

2021-11-23 16:44:19 - [TEST_STEP][PASSED] - setText(findTestObject("Olusturma/Genel/AliciBilgisi/Alici_Gir"), Alici_Adi): Switching to default content

2021-11-23 16:44:19 - [MESSAGE][INFO] - Finding Test Object 'Object Repository/Olusturma/Genel/AliciBilgisi/Alici_Gir'

2021-11-23 16:44:19 - [MESSAGE][INFO] - Finding Test Object 'Object Repository/Olusturma/Genel/AliciBilgisi/Alici_Bilgisi'

2021-11-23 16:44:19 - [MESSAGE][INFO] - Checking object

2021-11-23 16:44:19 - [MESSAGE][INFO] - Checking text

2021-11-23 16:44:19 - [MESSAGE][INFO] - Object: 'Object Repository/Olusturma/Genel/AliciBilgisi/Alici_Gir' has parent object(s)

2021-11-23 16:44:19 - [MESSAGE][INFO] - Switching to iframe: 'Object Repository/Olusturma/Genel/AliciBilgisi/Alici_Bilgisi'

2021-11-23 16:44:19 - [MESSAGE][INFO] - Finding web element from Test Object's properties

2021-11-23 16:44:19 - [MESSAGE][INFO] - Checking timeout

2021-11-23 16:44:19 - [MESSAGE][INFO] - Finding web element with id: 'Object Repository/Olusturma/Genel/AliciBilgisi/Alici_Bilgisi' located by 'By.xpath: //iframe[@id='customerselectiframe']' in '30' second(s)

2021-11-23 16:44:19 - [MESSAGE][INFO] - Smart Wait Function is triggered

2021-11-23 16:44:20 - [MESSAGE][INFO] - Found 1 web elements with id: 'Object Repository/Olusturma/Genel/AliciBilgisi/Alici_Bilgisi' located by 'By.xpath: //iframe[@id='customerselectiframe']' in '30' second(s)

2021-11-23 16:44:20 - [MESSAGE][INFO] - Switched to iframe: 'Object Repository/Olusturma/Genel/AliciBilgisi/Alici_Bilgisi'

2021-11-23 16:44:20 - [MESSAGE][INFO] - Finding web element from Test Object's properties

2021-11-23 16:44:20 - [MESSAGE][INFO] - Checking timeout

2021-11-23 16:44:20 - [MESSAGE][INFO] - Finding web element with id: 'Object Repository/Olusturma/Genel/AliciBilgisi/Alici_Gir' located by 'By.xpath: //input[@id='GridViewCustomer_DXFREditorcol1_I']' in '30' second(s)

2021-11-23 16:44:20 - [MESSAGE][INFO] - Smart Wait Function is triggered

2021-11-23 16:44:20 - [MESSAGE][INFO] - Found 1 web elements with id: 'Object Repository/Olusturma/Genel/AliciBilgisi/Alici_Gir' located by 'By.xpath: //input[@id='GridViewCustomer_DXFREditorcol1_I']' in '30' second(s)

2021-11-23 16:44:20 - [MESSAGE][INFO] - Clearing text of object 'Object Repository/Olusturma/Genel/AliciBilgisi/Alici_Gir'

2021-11-23 16:44:20 - [MESSAGE][INFO] - Finding web element from Test Object's properties

2021-11-23 16:44:20 - [MESSAGE][INFO] - Checking timeout

2021-11-23 16:44:20 - [MESSAGE][INFO] - Finding web element with id: 'Object Repository/Olusturma/Genel/AliciBilgisi/Alici_Gir' located by 'By.xpath: //input[@id='GridViewCustomer_DXFREditorcol1_I']' in '30' second(s)

2021-11-23 16:44:20 - [MESSAGE][INFO] - Smart Wait Function is triggered

2021-11-23 16:44:20 - [MESSAGE][INFO] - Found 1 web elements with id: 'Object Repository/Olusturma/Genel/AliciBilgisi/Alici_Gir' located by 'By.xpath: //input[@id='GridViewCustomer_DXFREditorcol1_I']' in '30' second(s)

2021-11-23 16:44:20 - [MESSAGE][INFO] - Setting text of object 'Object Repository/Olusturma/Genel/AliciBilgisi/Alici_Gir' to value 'UC0005'

2021-11-23 16:44:20 - [MESSAGE][PASSED] - Text 'UC0005' is set on object 'Object Repository/Olusturma/Genel/AliciBilgisi/Alici_Gir'

2021-11-23 16:44:20 - [MESSAGE][INFO] - Switching to default content

2021-11-23 16:44:20 - [TEST_STEP][PASSED] - waitForElementClickable(findTestObject("Olusturma/Genel/AliciBilgisi/Alici_Adi"), 10): Switching to default content

2021-11-23 16:44:20 - [MESSAGE][INFO] - Finding Test Object 'Object Repository/Olusturma/Genel/AliciBilgisi/Alici_Adi'

2021-11-23 16:44:20 - [MESSAGE][INFO] - Finding Test Object 'Object Repository/Olusturma/Genel/AliciBilgisi/iframe_Alc Bilgisi_customerselectiframe'

2021-11-23 16:44:20 - [MESSAGE][INFO] - Checking object

2021-11-23 16:44:20 - [MESSAGE][INFO] - Checking timeout

2021-11-23 16:44:20 - [MESSAGE][INFO] - Object: 'Object Repository/Olusturma/Genel/AliciBilgisi/Alici_Adi' has parent object(s)

2021-11-23 16:44:20 - [MESSAGE][INFO] - Switching to iframe: 'Object Repository/Olusturma/Genel/AliciBilgisi/iframe_Alc Bilgisi_customerselectiframe'

2021-11-23 16:44:20 - [MESSAGE][INFO] - Finding web element from Test Object's properties

2021-11-23 16:44:20 - [MESSAGE][INFO] - Checking timeout

2021-11-23 16:44:20 - [MESSAGE][INFO] - Finding web element with id: 'Object Repository/Olusturma/Genel/AliciBilgisi/iframe_Alc Bilgisi_customerselectiframe' located by 'By.xpath: //iframe[@id='customerselectiframe']' in '10' second(s)

2021-11-23 16:44:20 - [MESSAGE][INFO] - Smart Wait Function is triggered

2021-11-23 16:44:21 - [MESSAGE][INFO] - Found 1 web elements with id: 'Object Repository/Olusturma/Genel/AliciBilgisi/iframe_Alc Bilgisi_customerselectiframe' located by 'By.xpath: //iframe[@id='customerselectiframe']' in '10' second(s)

2021-11-23 16:44:21 - [MESSAGE][INFO] - Switched to iframe: 'Object Repository/Olusturma/Genel/AliciBilgisi/iframe_Alc Bilgisi_customerselectiframe'

2021-11-23 16:44:21 - [MESSAGE][INFO] - Finding web element from Test Object's properties

2021-11-23 16:44:21 - [MESSAGE][INFO] - Checking timeout

2021-11-23 16:44:21 - [MESSAGE][INFO] - Finding web element with id: 'Object Repository/Olusturma/Genel/AliciBilgisi/Alici_Adi' located by 'By.xpath: //tr[@id='GridViewCustomer_DXDataRow0']/td[2]' in '10' second(s)

2021-11-23 16:44:21 - [MESSAGE][INFO] - Smart Wait Function is triggered

2021-11-23 16:44:21 - [MESSAGE][INFO] - Found 1 web elements with id: 'Object Repository/Olusturma/Genel/AliciBilgisi/Alici_Adi' located by 'By.xpath: //tr[@id='GridViewCustomer_DXDataRow0']/td[2]' in '10' second(s)

2021-11-23 16:44:21 - [MESSAGE][PASSED] - Object 'Object Repository/Olusturma/Genel/AliciBilgisi/Alici_Adi' is clickable

2021-11-23 16:44:21 - [MESSAGE][INFO] - Switching to default content

2021-11-23 16:44:21 - [TEST_STEP][PASSED] - click(findTestObject("Olusturma/Genel/AliciBilgisi/frame")): Switching to default content

2021-11-23 16:44:21 - [MESSAGE][INFO] - Finding Test Object 'Object Repository/Olusturma/Genel/AliciBilgisi/frame'

2021-11-23 16:44:21 - [MESSAGE][INFO] - Finding Test Object 'Object Repository/Olusturma/Genel/AliciBilgisi/iframe_Alc Bilgisi_customerselectiframe'

2021-11-23 16:44:21 - [MESSAGE][INFO] - Checking object

2021-11-23 16:44:21 - [MESSAGE][INFO] - Object: 'Object Repository/Olusturma/Genel/AliciBilgisi/frame' has parent object(s)

2021-11-23 16:44:21 - [MESSAGE][INFO] - Switching to iframe: 'Object Repository/Olusturma/Genel/AliciBilgisi/iframe_Alc Bilgisi_customerselectiframe'

2021-11-23 16:44:21 - [MESSAGE][INFO] - Finding web element from Test Object's properties

2021-11-23 16:44:21 - [MESSAGE][INFO] - Checking timeout

2021-11-23 16:44:21 - [MESSAGE][INFO] - Finding web element with id: 'Object Repository/Olusturma/Genel/AliciBilgisi/iframe_Alc Bilgisi_customerselectiframe' located by 'By.xpath: //iframe[@id='customerselectiframe']' in '30' second(s)

2021-11-23 16:44:21 - [MESSAGE][INFO] - Smart Wait Function is triggered

2021-11-23 16:44:21 - [MESSAGE][INFO] - Found 1 web elements with id: 'Object Repository/Olusturma/Genel/AliciBilgisi/iframe_Alc Bilgisi_customerselectiframe' located by 'By.xpath: //iframe[@id='customerselectiframe']' in '30' second(s)

2021-11-23 16:44:21 - [MESSAGE][INFO] - Switched to iframe: 'Object Repository/Olusturma/Genel/AliciBilgisi/iframe_Alc Bilgisi_customerselectiframe'

2021-11-23 16:44:21 - [MESSAGE][INFO] - Finding web element from Test Object's properties

2021-11-23 16:44:21 - [MESSAGE][INFO] - Checking timeout

2021-11-23 16:44:21 - [MESSAGE][INFO] - Finding web element with id: 'Object Repository/Olusturma/Genel/AliciBilgisi/frame' located by 'By.xpath: //*/text()[normalize-space(.)='']/parent::*' in '30' second(s)

2021-11-23 16:44:21 - [MESSAGE][INFO] - Smart Wait Function is triggered

2021-11-23 16:44:21 - [MESSAGE][INFO] - Found 66 web elements with id: 'Object Repository/Olusturma/Genel/AliciBilgisi/frame' located by 'By.xpath: //*/text()[normalize-space(.)='']/parent::*' in '30' second(s)

2021-11-23 16:44:21 - [MESSAGE][INFO] - Clicking on object: 'Object Repository/Olusturma/Genel/AliciBilgisi/frame'

2021-11-23 16:44:22 - [MESSAGE][PASSED] - Object: 'Object Repository/Olusturma/Genel/AliciBilgisi/frame' is clicked on

2021-11-23 16:44:22 - [MESSAGE][INFO] - Switching to default content

2021-11-23 16:44:22 - [TEST_STEP][PASSED] - click(findTestObject("Olusturma/Genel/AliciBilgisi/Alici_Adi")): Switching to default content

2021-11-23 16:44:22 - [MESSAGE][INFO] - Finding Test Object 'Object Repository/Olusturma/Genel/AliciBilgisi/Alici_Adi'

2021-11-23 16:44:22 - [MESSAGE][INFO] - Finding Test Object 'Object Repository/Olusturma/Genel/AliciBilgisi/iframe_Alc Bilgisi_customerselectiframe'

2021-11-23 16:44:22 - [MESSAGE][INFO] - Checking object

2021-11-23 16:44:22 - [MESSAGE][INFO] - Object: 'Object Repository/Olusturma/Genel/AliciBilgisi/Alici_Adi' has parent object(s)

2021-11-23 16:44:22 - [MESSAGE][INFO] - Switching to iframe: 'Object Repository/Olusturma/Genel/AliciBilgisi/iframe_Alc Bilgisi_customerselectiframe'

2021-11-23 16:44:22 - [MESSAGE][INFO] - Finding web element from Test Object's properties

2021-11-23 16:44:22 - [MESSAGE][INFO] - Checking timeout

2021-11-23 16:44:22 - [MESSAGE][INFO] - Finding web element with id: 'Object Repository/Olusturma/Genel/AliciBilgisi/iframe_Alc Bilgisi_customerselectiframe' located by 'By.xpath: //iframe[@id='customerselectiframe']' in '30' second(s)

2021-11-23 16:44:22 - [MESSAGE][INFO] - Smart Wait Function is triggered

2021-11-23 16:44:22 - [MESSAGE][INFO] - Found 1 web elements with id: 'Object Repository/Olusturma/Genel/AliciBilgisi/iframe_Alc Bilgisi_customerselectiframe' located by 'By.xpath: //iframe[@id='customerselectiframe']' in '30' second(s)

2021-11-23 16:44:22 - [MESSAGE][INFO] - Switched to iframe: 'Object Repository/Olusturma/Genel/AliciBilgisi/iframe_Alc Bilgisi_customerselectiframe'

2021-11-23 16:44:22 - [MESSAGE][INFO] - Finding web element from Test Object's properties

2021-11-23 16:44:22 - [MESSAGE][INFO] - Checking timeout

2021-11-23 16:44:22 - [MESSAGE][INFO] - Finding web element with id: 'Object Repository/Olusturma/Genel/AliciBilgisi/Alici_Adi' located by 'By.xpath: //tr[@id='GridViewCustomer_DXDataRow0']/td[2]' in '30' second(s)

2021-11-23 16:44:22 - [MESSAGE][INFO] - Smart Wait Function is triggered

2021-11-23 16:44:22 - [MESSAGE][INFO] - Found 1 web elements with id: 'Object Repository/Olusturma/Genel/AliciBilgisi/Alici_Adi' located by 'By.xpath: //tr[@id='GridViewCustomer_DXDataRow0']/td[2]' in '30' second(s)

2021-11-23 16:44:22 - [MESSAGE][INFO] - Clicking on object: 'Object Repository/Olusturma/Genel/AliciBilgisi/Alici_Adi'

2021-11-23 16:44:22 - [MESSAGE][PASSED] - Object: 'Object Repository/Olusturma/Genel/AliciBilgisi/Alici_Adi' is clicked on

2021-11-23 16:44:22 - [MESSAGE][INFO] - Switching to default content

2021-11-23 16:44:22 - [TEST_STEP][PASSED] - click(findTestObject("Olusturma/Genel/AliciBilgisi/Tamam_Bosluk")): Switching to default content

2021-11-23 16:44:22 - [MESSAGE][INFO] - Finding Test Object 'Object Repository/Olusturma/Genel/AliciBilgisi/Tamam_Bosluk'

2021-11-23 16:44:22 - [MESSAGE][INFO] - Finding Test Object 'Object Repository/Olusturma/Genel/AliciBilgisi/Alici_Bilgisi'

2021-11-23 16:44:22 - [MESSAGE][INFO] - Checking object

2021-11-23 16:44:22 - [MESSAGE][INFO] - Object: 'Object Repository/Olusturma/Genel/AliciBilgisi/Tamam_Bosluk' has parent object(s)

2021-11-23 16:44:22 - [MESSAGE][INFO] - Switching to iframe: 'Object Repository/Olusturma/Genel/AliciBilgisi/Alici_Bilgisi'

2021-11-23 16:44:22 - [MESSAGE][INFO] - Finding web element from Test Object's properties

2021-11-23 16:44:22 - [MESSAGE][INFO] - Checking timeout

2021-11-23 16:44:22 - [MESSAGE][INFO] - Finding web element with id: 'Object Repository/Olusturma/Genel/AliciBilgisi/Alici_Bilgisi' located by 'By.xpath: //iframe[@id='customerselectiframe']' in '30' second(s)

2021-11-23 16:44:22 - [MESSAGE][INFO] - Smart Wait Function is triggered

2021-11-23 16:44:23 - [MESSAGE][INFO] - Found 1 web elements with id: 'Object Repository/Olusturma/Genel/AliciBilgisi/Alici_Bilgisi' located by 'By.xpath: //iframe[@id='customerselectiframe']' in '30' second(s)

2021-11-23 16:44:23 - [MESSAGE][INFO] - Switched to iframe: 'Object Repository/Olusturma/Genel/AliciBilgisi/Alici_Bilgisi'

2021-11-23 16:44:23 - [MESSAGE][INFO] - Finding web element from Test Object's properties

2021-11-23 16:44:23 - [MESSAGE][INFO] - Checking timeout

2021-11-23 16:44:23 - [MESSAGE][INFO] - Finding web element with id: 'Object Repository/Olusturma/Genel/AliciBilgisi/Tamam_Bosluk' located by 'By.xpath: (.//*[normalize-space(text()) and normalize-space(.)='Sayfa Boyutu:'])[1]/following::div[7]' in '30' second(s)

2021-11-23 16:44:23 - [MESSAGE][INFO] - Smart Wait Function is triggered

2021-11-23 16:44:23 - [MESSAGE][INFO] - Found 1 web elements with id: 'Object Repository/Olusturma/Genel/AliciBilgisi/Tamam_Bosluk' located by 'By.xpath: (.//*[normalize-space(text()) and normalize-space(.)='Sayfa Boyutu:'])[1]/following::div[7]' in '30' second(s)

2021-11-23 16:44:23 - [MESSAGE][INFO] - Clicking on object: 'Object Repository/Olusturma/Genel/AliciBilgisi/Tamam_Bosluk'

2021-11-23 16:44:23 - [MESSAGE][PASSED] - Object: 'Object Repository/Olusturma/Genel/AliciBilgisi/Tamam_Bosluk' is clicked on

2021-11-23 16:44:23 - [MESSAGE][INFO] - Switching to default content

2021-11-23 16:44:23 - [TEST_STEP][PASSED] - waitForElementClickable(findTestObject("Olusturma/Genel/AliciBilgisi/Tamam_Butonu"), 10): Switching to default content

2021-11-23 16:44:23 - [MESSAGE][INFO] - Finding Test Object 'Object Repository/Olusturma/Genel/AliciBilgisi/Tamam_Butonu'

2021-11-23 16:44:23 - [MESSAGE][INFO] - Finding Test Object 'Object Repository/Olusturma/Genel/AliciBilgisi/Alici_Bilgisi'

2021-11-23 16:44:23 - [MESSAGE][INFO] - Checking object

2021-11-23 16:44:23 - [MESSAGE][INFO] - Checking timeout

2021-11-23 16:44:23 - [MESSAGE][INFO] - Object: 'Object Repository/Olusturma/Genel/AliciBilgisi/Tamam_Butonu' has parent object(s)

2021-11-23 16:44:23 - [MESSAGE][INFO] - Switching to iframe: 'Object Repository/Olusturma/Genel/AliciBilgisi/Alici_Bilgisi'

2021-11-23 16:44:23 - [MESSAGE][INFO] - Finding web element from Test Object's properties

2021-11-23 16:44:23 - [MESSAGE][INFO] - Checking timeout

2021-11-23 16:44:23 - [MESSAGE][INFO] - Finding web element with id: 'Object Repository/Olusturma/Genel/AliciBilgisi/Alici_Bilgisi' located by 'By.xpath: //iframe[@id='customerselectiframe']' in '10' second(s)

2021-11-23 16:44:23 - [MESSAGE][INFO] - Smart Wait Function is triggered

2021-11-23 16:44:23 - [MESSAGE][INFO] - Found 1 web elements with id: 'Object Repository/Olusturma/Genel/AliciBilgisi/Alici_Bilgisi' located by 'By.xpath: //iframe[@id='customerselectiframe']' in '10' second(s)

2021-11-23 16:44:23 - [MESSAGE][INFO] - Switched to iframe: 'Object Repository/Olusturma/Genel/AliciBilgisi/Alici_Bilgisi'

2021-11-23 16:44:23 - [MESSAGE][INFO] - Finding web element from Test Object's properties

2021-11-23 16:44:23 - [MESSAGE][INFO] - Checking timeout

2021-11-23 16:44:23 - [MESSAGE][INFO] - Finding web element with id: 'Object Repository/Olusturma/Genel/AliciBilgisi/Tamam_Butonu' located by 'By.xpath: //div[@id='btnSelectCustomer_CD']/span' in '10' second(s)

2021-11-23 16:44:23 - [MESSAGE][INFO] - Smart Wait Function is triggered

2021-11-23 16:44:23 - [MESSAGE][INFO] - Found 1 web elements with id: 'Object Repository/Olusturma/Genel/AliciBilgisi/Tamam_Butonu' located by 'By.xpath: //div[@id='btnSelectCustomer_CD']/span' in '10' second(s)

2021-11-23 16:44:23 - [MESSAGE][PASSED] - Object 'Object Repository/Olusturma/Genel/AliciBilgisi/Tamam_Butonu' is clickable

2021-11-23 16:44:23 - [MESSAGE][INFO] - Switching to default content

2021-11-23 16:44:23 - [TEST_STEP][PASSED] - click(findTestObject("Olusturma/Genel/AliciBilgisi/Tamam_Butonu")): Switching to default content

2021-11-23 16:44:23 - [MESSAGE][INFO] - Finding Test Object 'Object Repository/Olusturma/Genel/AliciBilgisi/Tamam_Butonu'

2021-11-23 16:44:23 - [MESSAGE][INFO] - Finding Test Object 'Object Repository/Olusturma/Genel/AliciBilgisi/Alici_Bilgisi'

2021-11-23 16:44:24 - [MESSAGE][INFO] - Checking object

2021-11-23 16:44:24 - [MESSAGE][INFO] - Object: 'Object Repository/Olusturma/Genel/AliciBilgisi/Tamam_Butonu' has parent object(s)

2021-11-23 16:44:24 - [MESSAGE][INFO] - Switching to iframe: 'Object Repository/Olusturma/Genel/AliciBilgisi/Alici_Bilgisi'

2021-11-23 16:44:24 - [MESSAGE][INFO] - Finding web element from Test Object's properties

2021-11-23 16:44:24 - [MESSAGE][INFO] - Checking timeout

2021-11-23 16:44:24 - [MESSAGE][INFO] - Finding web element with id: 'Object Repository/Olusturma/Genel/AliciBilgisi/Alici_Bilgisi' located by 'By.xpath: //iframe[@id='customerselectiframe']' in '30' second(s)

2021-11-23 16:44:24 - [MESSAGE][INFO] - Smart Wait Function is triggered

2021-11-23 16:44:24 - [MESSAGE][INFO] - Found 1 web elements with id: 'Object Repository/Olusturma/Genel/AliciBilgisi/Alici_Bilgisi' located by 'By.xpath: //iframe[@id='customerselectiframe']' in '30' second(s)

2021-11-23 16:44:24 - [MESSAGE][INFO] - Switched to iframe: 'Object Repository/Olusturma/Genel/AliciBilgisi/Alici_Bilgisi'

2021-11-23 16:44:24 - [MESSAGE][INFO] - Finding web element from Test Object's properties

2021-11-23 16:44:24 - [MESSAGE][INFO] - Checking timeout

2021-11-23 16:44:24 - [MESSAGE][INFO] - Finding web element with id: 'Object Repository/Olusturma/Genel/AliciBilgisi/Tamam_Butonu' located by 'By.xpath: //div[@id='btnSelectCustomer_CD']/span' in '30' second(s)

2021-11-23 16:44:24 - [MESSAGE][INFO] - Smart Wait Function is triggered

2021-11-23 16:44:24 - [MESSAGE][INFO] - Found 1 web elements with id: 'Object Repository/Olusturma/Genel/AliciBilgisi/Tamam_Butonu' located by 'By.xpath: //div[@id='btnSelectCustomer_CD']/span' in '30' second(s)

2021-11-23 16:44:24 - [MESSAGE][INFO] - Clicking on object: 'Object Repository/Olusturma/Genel/AliciBilgisi/Tamam_Butonu'

2021-11-23 16:44:24 - [MESSAGE][PASSED] - Object: 'Object Repository/Olusturma/Genel/AliciBilgisi/Tamam_Butonu' is clicked on

2021-11-23 16:44:24 - [MESSAGE][INFO] - Switching to default content

2021-11-23 16:44:24 - [TEST_STEP][PASSED] - waitForElementPresent(findTestObject("Olusturma/Genel/AliciBilgisi/VKN-TCKN"), 10): Object 'Object Repository/Olusturma/Genel/AliciBilgisi/VKN-TCKN' is present

2021-11-23 16:44:24 - [MESSAGE][INFO] - Finding Test Object 'Object Repository/Olusturma/Genel/AliciBilgisi/VKN-TCKN'

2021-11-23 16:44:24 - [MESSAGE][INFO] - Checking object

2021-11-23 16:44:24 - [MESSAGE][INFO] - Finding web element from Test Object's properties

2021-11-23 16:44:24 - [MESSAGE][INFO] - Checking timeout

2021-11-23 16:44:24 - [MESSAGE][INFO] - Finding web element with id: 'Object Repository/Olusturma/Genel/AliciBilgisi/VKN-TCKN' located by 'By.xpath: //*[@id = 'txtVknTckn_I']' in '10' second(s)

2021-11-23 16:44:24 - [MESSAGE][INFO] - Smart Wait Function is triggered

2021-11-23 16:44:25 - [MESSAGE][INFO] - Found 1 web elements with id: 'Object Repository/Olusturma/Genel/AliciBilgisi/VKN-TCKN' located by 'By.xpath: //*[@id = 'txtVknTckn_I']' in '10' second(s)

2021-11-23 16:44:25 - [MESSAGE][PASSED] - Object 'Object Repository/Olusturma/Genel/AliciBilgisi/VKN-TCKN' is present

2021-11-23 16:44:25 - [TEST_STEP][PASSED] - text = getAttribute(findTestObject("Olusturma/Genel/AliciBilgisi/VKN-TCKN"), "value"): Attribute 'value' of object 'Object Repository/Olusturma/Genel/AliciBilgisi/VKN-TCKN' is: '5324497444'

2021-11-23 16:44:25 - [MESSAGE][INFO] - Finding Test Object 'Object Repository/Olusturma/Genel/AliciBilgisi/VKN-TCKN'

2021-11-23 16:44:25 - [MESSAGE][INFO] - Checking object

2021-11-23 16:44:25 - [MESSAGE][INFO] - Checking attribute

2021-11-23 16:44:25 - [MESSAGE][INFO] - Finding web element from Test Object's properties

2021-11-23 16:44:25 - [MESSAGE][INFO] - Checking timeout

2021-11-23 16:44:25 - [MESSAGE][INFO] - Finding web element with id: 'Object Repository/Olusturma/Genel/AliciBilgisi/VKN-TCKN' located by 'By.xpath: //*[@id = 'txtVknTckn_I']' in '30' second(s)

2021-11-23 16:44:25 - [MESSAGE][INFO] - Smart Wait Function is triggered

2021-11-23 16:44:25 - [MESSAGE][INFO] - Found 1 web elements with id: 'Object Repository/Olusturma/Genel/AliciBilgisi/VKN-TCKN' located by 'By.xpath: //*[@id = 'txtVknTckn_I']' in '30' second(s)

2021-11-23 16:44:25 - [MESSAGE][INFO] - Getting attribute 'value' of object 'Object Repository/Olusturma/Genel/AliciBilgisi/VKN-TCKN'

2021-11-23 16:44:25 - [MESSAGE][PASSED] - Attribute 'value' of object 'Object Repository/Olusturma/Genel/AliciBilgisi/VKN-TCKN' is: '5324497444'

2021-11-23 16:44:25 - [TEST_STEP][PASSED] - if (text.equals("")): null

2021-11-23 16:44:25 - [MESSAGE][PASSED] - Call Test Case 'Test Cases/Olusturma/Genel/AliciSecilir' successfully

2021-11-23 16:44:25 - [MESSAGE][INFO] - Checking called Test Case

2021-11-23 16:44:25 - [MESSAGE][INFO] - Starting to call Test Case 'Test Cases/Olusturma/Genel/GonderimSekliSecilir'

2021-11-23 16:44:25 - [TEST_CASE][PASSED] - Test Cases/Olusturma/Genel/GonderimSekliSecilir: Test Cases/Olusturma/Genel/GonderimSekliSecilir

2021-11-23 16:44:25 - [TEST_STEP][PASSED] - waitForElementClickable(findTestObject("Object Repository/Olusturma/Genel/GonderimSekli/GonderimSekli"), 10): Object 'Object Repository/Olusturma/Genel/GonderimSekli/GonderimSekli' is clickable

2021-11-23 16:44:25 - [MESSAGE][INFO] - Finding Test Object 'Object Repository/Olusturma/Genel/GonderimSekli/GonderimSekli'

2021-11-23 16:44:25 - [MESSAGE][INFO] - Checking object

2021-11-23 16:44:25 - [MESSAGE][INFO] - Checking timeout

2021-11-23 16:44:25 - [MESSAGE][INFO] - Finding web element from Test Object's properties

2021-11-23 16:44:25 - [MESSAGE][INFO] - Checking timeout

2021-11-23 16:44:25 - [MESSAGE][INFO] - Finding web element with id: 'Object Repository/Olusturma/Genel/GonderimSekli/GonderimSekli' located by 'By.xpath: //*[@id = 'txtGonderimSekil_I']' in '10' second(s)

2021-11-23 16:44:25 - [MESSAGE][INFO] - Smart Wait Function is triggered

2021-11-23 16:44:26 - [MESSAGE][INFO] - Found 1 web elements with id: 'Object Repository/Olusturma/Genel/GonderimSekli/GonderimSekli' located by 'By.xpath: //*[@id = 'txtGonderimSekil_I']' in '10' second(s)

2021-11-23 16:44:26 - [MESSAGE][PASSED] - Object 'Object Repository/Olusturma/Genel/GonderimSekli/GonderimSekli' is clickable

2021-11-23 16:44:26 - [TEST_STEP][PASSED] - click(findTestObject("Object Repository/Olusturma/Genel/GonderimSekli/GonderimSekli")): Object: 'Object Repository/Olusturma/Genel/GonderimSekli/GonderimSekli' is clicked on

2021-11-23 16:44:26 - [MESSAGE][INFO] - Finding Test Object 'Object Repository/Olusturma/Genel/GonderimSekli/GonderimSekli'

2021-11-23 16:44:26 - [MESSAGE][INFO] - Checking object

2021-11-23 16:44:26 - [MESSAGE][INFO] - Finding web element from Test Object's properties

2021-11-23 16:44:26 - [MESSAGE][INFO] - Checking timeout

2021-11-23 16:44:26 - [MESSAGE][INFO] - Finding web element with id: 'Object Repository/Olusturma/Genel/GonderimSekli/GonderimSekli' located by 'By.xpath: //*[@id = 'txtGonderimSekil_I']' in '30' second(s)

2021-11-23 16:44:26 - [MESSAGE][INFO] - Smart Wait Function is triggered

2021-11-23 16:44:26 - [MESSAGE][INFO] - Found 1 web elements with id: 'Object Repository/Olusturma/Genel/GonderimSekli/GonderimSekli' located by 'By.xpath: //*[@id = 'txtGonderimSekil_I']' in '30' second(s)

2021-11-23 16:44:26 - [MESSAGE][INFO] - Clicking on object: 'Object Repository/Olusturma/Genel/GonderimSekli/GonderimSekli'

2021-11-23 16:44:26 - [MESSAGE][PASSED] - Object: 'Object Repository/Olusturma/Genel/GonderimSekli/GonderimSekli' is clicked on

2021-11-23 16:44:26 - [TEST_STEP][PASSED] - Method.TextDegerineEsitElementeTikla(findTestObject("Object Repository/Olusturma/Genel/GonderimSekli/GonderimSekliAdi"), GonderimSekli): Method.TextDegerineEsitElementeTikla is PASSED

2021-11-23 16:44:26 - [MESSAGE][INFO] - Finding Test Object 'Object Repository/Olusturma/Genel/GonderimSekli/GonderimSekliAdi'

2021-11-23 16:44:26 - [MESSAGE][INFO] - Checking timeout

2021-11-23 16:44:26 - [MESSAGE][INFO] - Finding web element with id: 'Object Repository/Olusturma/Genel/GonderimSekli/GonderimSekliAdi' located by 'By.cssSelector: #txtGonderimSekil_DDD_L_LBT td' in '10' second(s)

2021-11-23 16:44:26 - [MESSAGE][INFO] - Smart Wait Function is triggered

2021-11-23 16:44:27 - [MESSAGE][INFO] - Found 2 web elements with id: 'Object Repository/Olusturma/Genel/GonderimSekli/GonderimSekliAdi' located by 'By.cssSelector: #txtGonderimSekil_DDD_L_LBT td' in '10' second(s)

2021-11-23 16:44:27 - [MESSAGE][PASSED] - Method.TextDegerineEsitElementeTikla is PASSED

2021-11-23 16:44:27 - [MESSAGE][PASSED] - Call Test Case 'Test Cases/Olusturma/Genel/GonderimSekliSecilir' successfully

2021-11-23 16:44:27 - [MESSAGE][INFO] - Checking called Test Case

2021-11-23 16:44:27 - [MESSAGE][INFO] - Starting to call Test Case 'Test Cases/Olusturma/Genel/TipSecilir'

2021-11-23 16:44:27 - [TEST_CASE][PASSED] - Test Cases/Olusturma/Genel/TipSecilir: Test Cases/Olusturma/Genel/TipSecilir

2021-11-23 16:44:27 - [TEST_STEP][PASSED] - waitForElementClickable(findTestObject("Olusturma/Genel/TipSecilir/Tip"), 10): Object 'Object Repository/Olusturma/Genel/TipSecilir/Tip' is clickable

2021-11-23 16:44:27 - [MESSAGE][INFO] - Finding Test Object 'Object Repository/Olusturma/Genel/TipSecilir/Tip'

2021-11-23 16:44:27 - [MESSAGE][INFO] - Checking object

2021-11-23 16:44:27 - [MESSAGE][INFO] - Checking timeout

2021-11-23 16:44:27 - [MESSAGE][INFO] - Finding web element from Test Object's properties

2021-11-23 16:44:27 - [MESSAGE][INFO] - Checking timeout

2021-11-23 16:44:27 - [MESSAGE][INFO] - Finding web element with id: 'Object Repository/Olusturma/Genel/TipSecilir/Tip' located by 'By.xpath: //*[@id = 'DocumentTypeCode_I']' in '10' second(s)

2021-11-23 16:44:27 - [MESSAGE][INFO] - Smart Wait Function is triggered

2021-11-23 16:44:27 - [MESSAGE][INFO] - Found 1 web elements with id: 'Object Repository/Olusturma/Genel/TipSecilir/Tip' located by 'By.xpath: //*[@id = 'DocumentTypeCode_I']' in '10' second(s)

2021-11-23 16:44:27 - [MESSAGE][PASSED] - Object 'Object Repository/Olusturma/Genel/TipSecilir/Tip' is clickable

2021-11-23 16:44:27 - [TEST_STEP][PASSED] - click(findTestObject("Olusturma/Genel/TipSecilir/Tip")): Object: 'Object Repository/Olusturma/Genel/TipSecilir/Tip' is clicked on

2021-11-23 16:44:27 - [MESSAGE][INFO] - Finding Test Object 'Object Repository/Olusturma/Genel/TipSecilir/Tip'

2021-11-23 16:44:27 - [MESSAGE][INFO] - Checking object

2021-11-23 16:44:27 - [MESSAGE][INFO] - Finding web element from Test Object's properties

2021-11-23 16:44:27 - [MESSAGE][INFO] - Checking timeout

2021-11-23 16:44:27 - [MESSAGE][INFO] - Finding web element with id: 'Object Repository/Olusturma/Genel/TipSecilir/Tip' located by 'By.xpath: //*[@id = 'DocumentTypeCode_I']' in '30' second(s)

2021-11-23 16:44:27 - [MESSAGE][INFO] - Smart Wait Function is triggered

2021-11-23 16:44:28 - [MESSAGE][INFO] - Found 1 web elements with id: 'Object Repository/Olusturma/Genel/TipSecilir/Tip' located by 'By.xpath: //*[@id = 'DocumentTypeCode_I']' in '30' second(s)

2021-11-23 16:44:28 - [MESSAGE][INFO] - Clicking on object: 'Object Repository/Olusturma/Genel/TipSecilir/Tip'

2021-11-23 16:44:28 - [MESSAGE][PASSED] - Object: 'Object Repository/Olusturma/Genel/TipSecilir/Tip' is clicked on

2021-11-23 16:44:28 - [TEST_STEP][PASSED] - Method.TextDegerineEsitElementeTikla(findTestObject("Object Repository/Olusturma/Genel/TipSecilir/Tip_Adi"), Tip): Method.TextDegerineEsitElementeTikla is PASSED

2021-11-23 16:44:28 - [MESSAGE][INFO] - Finding Test Object 'Object Repository/Olusturma/Genel/TipSecilir/Tip_Adi'

2021-11-23 16:44:28 - [MESSAGE][INFO] - Checking timeout

2021-11-23 16:44:28 - [MESSAGE][INFO] - Finding web element with id: 'Object Repository/Olusturma/Genel/TipSecilir/Tip_Adi' located by 'By.cssSelector: #DocumentTypeCode_DDD_L_LBT td' in '10' second(s)

2021-11-23 16:44:28 - [MESSAGE][INFO] - Smart Wait Function is triggered

2021-11-23 16:44:28 - [MESSAGE][INFO] - Found 9 web elements with id: 'Object Repository/Olusturma/Genel/TipSecilir/Tip_Adi' located by 'By.cssSelector: #DocumentTypeCode_DDD_L_LBT td' in '10' second(s)

2021-11-23 16:44:28 - [MESSAGE][PASSED] - Method.TextDegerineEsitElementeTikla is PASSED

2021-11-23 16:44:28 - [MESSAGE][PASSED] - Call Test Case 'Test Cases/Olusturma/Genel/TipSecilir' successfully

2021-11-23 16:44:28 - [MESSAGE][INFO] - Checking called Test Case

2021-11-23 16:44:28 - [MESSAGE][INFO] - Starting to call Test Case 'Test Cases/Olusturma/Genel/DokumanParaBirimiSecilir'

2021-11-23 16:44:28 - [TEST_CASE][PASSED] - Test Cases/Olusturma/Genel/DokumanParaBirimiSecilir: Test Cases/Olusturma/Genel/DokumanParaBirimiSecilir

2021-11-23 16:44:28 - [TEST_STEP][PASSED] - waitForElementClickable(findTestObject("Object Repository/Olusturma/Genel/DokumanParaBirimiSecilir/Para"), 10): Object 'Object Repository/Olusturma/Genel/DokumanParaBirimiSecilir/Para' is clickable

2021-11-23 16:44:28 - [MESSAGE][INFO] - Finding Test Object 'Object Repository/Olusturma/Genel/DokumanParaBirimiSecilir/Para'

2021-11-23 16:44:29 - [MESSAGE][INFO] - Checking object

2021-11-23 16:44:29 - [MESSAGE][INFO] - Checking timeout

2021-11-23 16:44:29 - [MESSAGE][INFO] - Finding web element from Test Object's properties

2021-11-23 16:44:29 - [MESSAGE][INFO] - Checking timeout

2021-11-23 16:44:29 - [MESSAGE][INFO] - Finding web element with id: 'Object Repository/Olusturma/Genel/DokumanParaBirimiSecilir/Para' located by 'By.xpath: //*[@id = 'CurrencyUnit_I']' in '10' second(s)

2021-11-23 16:44:29 - [MESSAGE][INFO] - Smart Wait Function is triggered

2021-11-23 16:44:32 - [MESSAGE][INFO] - Found 1 web elements with id: 'Object Repository/Olusturma/Genel/DokumanParaBirimiSecilir/Para' located by 'By.xpath: //*[@id = 'CurrencyUnit_I']' in '10' second(s)

2021-11-23 16:44:32 - [MESSAGE][PASSED] - Object 'Object Repository/Olusturma/Genel/DokumanParaBirimiSecilir/Para' is clickable

2021-11-23 16:44:32 - [TEST_STEP][PASSED] - click(findTestObject("Object Repository/Olusturma/Genel/DokumanParaBirimiSecilir/Para")): Object: 'Object Repository/Olusturma/Genel/DokumanParaBirimiSecilir/Para' is clicked on

2021-11-23 16:44:32 - [MESSAGE][INFO] - Finding Test Object 'Object Repository/Olusturma/Genel/DokumanParaBirimiSecilir/Para'

2021-11-23 16:44:32 - [MESSAGE][INFO] - Checking object

2021-11-23 16:44:32 - [MESSAGE][INFO] - Finding web element from Test Object's properties

2021-11-23 16:44:32 - [MESSAGE][INFO] - Checking timeout

2021-11-23 16:44:32 - [MESSAGE][INFO] - Finding web element with id: 'Object Repository/Olusturma/Genel/DokumanParaBirimiSecilir/Para' located by 'By.xpath: //*[@id = 'CurrencyUnit_I']' in '30' second(s)

2021-11-23 16:44:32 - [MESSAGE][INFO] - Smart Wait Function is triggered

2021-11-23 16:44:33 - [MESSAGE][INFO] - Found 1 web elements with id: 'Object Repository/Olusturma/Genel/DokumanParaBirimiSecilir/Para' located by 'By.xpath: //*[@id = 'CurrencyUnit_I']' in '30' second(s)

2021-11-23 16:44:33 - [MESSAGE][INFO] - Clicking on object: 'Object Repository/Olusturma/Genel/DokumanParaBirimiSecilir/Para'

2021-11-23 16:44:33 - [MESSAGE][PASSED] - Object: 'Object Repository/Olusturma/Genel/DokumanParaBirimiSecilir/Para' is clicked on

2021-11-23 16:44:33 - [TEST_STEP][PASSED] - Method.TextDegerineEsitElementeTikla(findTestObject("Object Repository/Olusturma/Genel/DokumanParaBirimiSecilir/Para_Adi"), Para): Method.TextDegerineEsitElementeTikla is PASSED

2021-11-23 16:44:33 - [MESSAGE][INFO] - Finding Test Object 'Object Repository/Olusturma/Genel/DokumanParaBirimiSecilir/Para_Adi'

2021-11-23 16:44:33 - [MESSAGE][INFO] - Checking timeout

2021-11-23 16:44:33 - [MESSAGE][INFO] - Finding web element with id: 'Object Repository/Olusturma/Genel/DokumanParaBirimiSecilir/Para_Adi' located by 'By.cssSelector: #CurrencyUnit_DDD_L_LBT td' in '10' second(s)

2021-11-23 16:44:33 - [MESSAGE][INFO] - Smart Wait Function is triggered

2021-11-23 16:44:33 - [MESSAGE][INFO] - Found 203 web elements with id: 'Object Repository/Olusturma/Genel/DokumanParaBirimiSecilir/Para_Adi' located by 'By.cssSelector: #CurrencyUnit_DDD_L_LBT td' in '10' second(s)

2021-11-23 16:44:38 - [MESSAGE][PASSED] - Method.TextDegerineEsitElementeTikla is PASSED

2021-11-23 16:44:38 - [MESSAGE][PASSED] - Call Test Case 'Test Cases/Olusturma/Genel/DokumanParaBirimiSecilir' successfully

2021-11-23 16:44:38 - [MESSAGE][INFO] - Checking called Test Case

2021-11-23 16:44:38 - [MESSAGE][INFO] - Starting to call Test Case 'Test Cases/Olusturma/Genel/OnEkSecilir'

2021-11-23 16:44:38 - [TEST_CASE][PASSED] - Test Cases/Olusturma/Genel/OnEkSecilir: Test Cases/Olusturma/Genel/OnEkSecilir

2021-11-23 16:44:38 - [TEST_STEP][PASSED] - waitForElementClickable(findTestObject("Object Repository/Olusturma/Genel/OnEkSecilir/OnEk"), 10): Object 'Object Repository/Olusturma/Genel/OnEkSecilir/OnEk' is clickable

2021-11-23 16:44:38 - [MESSAGE][INFO] - Finding Test Object 'Object Repository/Olusturma/Genel/OnEkSecilir/OnEk'

2021-11-23 16:44:38 - [MESSAGE][INFO] - Checking object

2021-11-23 16:44:38 - [MESSAGE][INFO] - Checking timeout

2021-11-23 16:44:38 - [MESSAGE][INFO] - Finding web element from Test Object's properties

2021-11-23 16:44:38 - [MESSAGE][INFO] - Checking timeout

2021-11-23 16:44:38 - [MESSAGE][INFO] - Finding web element with id: 'Object Repository/Olusturma/Genel/OnEkSecilir/OnEk' located by 'By.xpath: //*[@id = 'InvoicePrefix_I']' in '10' second(s)

2021-11-23 16:44:38 - [MESSAGE][INFO] - Smart Wait Function is triggered

2021-11-23 16:44:39 - [MESSAGE][INFO] - Found 1 web elements with id: 'Object Repository/Olusturma/Genel/OnEkSecilir/OnEk' located by 'By.xpath: //*[@id = 'InvoicePrefix_I']' in '10' second(s)

2021-11-23 16:44:39 - [MESSAGE][PASSED] - Object 'Object Repository/Olusturma/Genel/OnEkSecilir/OnEk' is clickable

2021-11-23 16:44:39 - [TEST_STEP][PASSED] - click(findTestObject("Object Repository/Olusturma/Genel/OnEkSecilir/OnEk")): Object: 'Object Repository/Olusturma/Genel/OnEkSecilir/OnEk' is clicked on

2021-11-23 16:44:39 - [MESSAGE][INFO] - Finding Test Object 'Object Repository/Olusturma/Genel/OnEkSecilir/OnEk'

2021-11-23 16:44:39 - [MESSAGE][INFO] - Checking object

2021-11-23 16:44:39 - [MESSAGE][INFO] - Finding web element from Test Object's properties

2021-11-23 16:44:39 - [MESSAGE][INFO] - Checking timeout

2021-11-23 16:44:39 - [MESSAGE][INFO] - Finding web element with id: 'Object Repository/Olusturma/Genel/OnEkSecilir/OnEk' located by 'By.xpath: //*[@id = 'InvoicePrefix_I']' in '30' second(s)

2021-11-23 16:44:39 - [MESSAGE][INFO] - Smart Wait Function is triggered

2021-11-23 16:44:39 - [MESSAGE][INFO] - Found 1 web elements with id: 'Object Repository/Olusturma/Genel/OnEkSecilir/OnEk' located by 'By.xpath: //*[@id = 'InvoicePrefix_I']' in '30' second(s)

2021-11-23 16:44:39 - [MESSAGE][INFO] - Clicking on object: 'Object Repository/Olusturma/Genel/OnEkSecilir/OnEk'

2021-11-23 16:44:39 - [MESSAGE][PASSED] - Object: 'Object Repository/Olusturma/Genel/OnEkSecilir/OnEk' is clicked on

2021-11-23 16:44:39 - [TEST_STEP][PASSED] - Method.TextDegerineEsitElementeTiklaEquals(findTestObject("Object Repository/Olusturma/Genel/OnEkSecilir/OnEkAdi"), Ek): Method.TextDegerineEsitElementeTiklaEquals is PASSED

2021-11-23 16:44:39 - [MESSAGE][INFO] - Finding Test Object 'Object Repository/Olusturma/Genel/OnEkSecilir/OnEkAdi'

2021-11-23 16:44:39 - [MESSAGE][INFO] - Checking timeout

2021-11-23 16:44:39 - [MESSAGE][INFO] - Finding web element with id: 'Object Repository/Olusturma/Genel/OnEkSecilir/OnEkAdi' located by 'By.cssSelector: #InvoicePrefix_DDD_L_LBT td' in '10' second(s)

2021-11-23 16:44:39 - [MESSAGE][INFO] - Smart Wait Function is triggered

2021-11-23 16:44:40 - [MESSAGE][INFO] - Found 1 web elements with id: 'Object Repository/Olusturma/Genel/OnEkSecilir/OnEkAdi' located by 'By.cssSelector: #InvoicePrefix_DDD_L_LBT td' in '10' second(s)

2021-11-23 16:44:40 - [MESSAGE][PASSED] - Method.TextDegerineEsitElementeTiklaEquals is PASSED

2021-11-23 16:44:40 - [MESSAGE][PASSED] - Call Test Case 'Test Cases/Olusturma/Genel/OnEkSecilir' successfully

2021-11-23 16:44:40 - [MESSAGE][INFO] - Checking called Test Case

2021-11-23 16:44:40 - [MESSAGE][INFO] - Starting to call Test Case 'Test Cases/Olusturma/Genel/TasarimSecilir'

2021-11-23 16:44:40 - [TEST_CASE][PASSED] - Test Cases/Olusturma/Genel/TasarimSecilir: Test Cases/Olusturma/Genel/TasarimSecilir

2021-11-23 16:44:40 - [TEST_STEP][PASSED] - waitForElementClickable(findTestObject("Object Repository/Olusturma/Genel/TasarimSecilir/Tasarim"), 10): Object 'Object Repository/Olusturma/Genel/TasarimSecilir/Tasarim' is clickable

2021-11-23 16:44:40 - [MESSAGE][INFO] - Finding Test Object 'Object Repository/Olusturma/Genel/TasarimSecilir/Tasarim'

2021-11-23 16:44:40 - [MESSAGE][INFO] - Checking object

2021-11-23 16:44:40 - [MESSAGE][INFO] - Checking timeout

2021-11-23 16:44:40 - [MESSAGE][INFO] - Finding web element from Test Object's properties

2021-11-23 16:44:40 - [MESSAGE][INFO] - Checking timeout

2021-11-23 16:44:40 - [MESSAGE][INFO] - Finding web element with id: 'Object Repository/Olusturma/Genel/TasarimSecilir/Tasarim' located by 'By.xpath: //*[@id = 'DesignId_I']' in '10' second(s)

2021-11-23 16:44:40 - [MESSAGE][INFO] - Smart Wait Function is triggered

2021-11-23 16:44:40 - [MESSAGE][INFO] - Found 1 web elements with id: 'Object Repository/Olusturma/Genel/TasarimSecilir/Tasarim' located by 'By.xpath: //*[@id = 'DesignId_I']' in '10' second(s)

2021-11-23 16:44:40 - [MESSAGE][PASSED] - Object 'Object Repository/Olusturma/Genel/TasarimSecilir/Tasarim' is clickable

2021-11-23 16:44:40 - [TEST_STEP][PASSED] - click(findTestObject("Object Repository/Olusturma/Genel/TasarimSecilir/Tasarim")): Object: 'Object Repository/Olusturma/Genel/TasarimSecilir/Tasarim' is clicked on

2021-11-23 16:44:40 - [MESSAGE][INFO] - Finding Test Object 'Object Repository/Olusturma/Genel/TasarimSecilir/Tasarim'

2021-11-23 16:44:40 - [MESSAGE][INFO] - Checking object

2021-11-23 16:44:40 - [MESSAGE][INFO] - Finding web element from Test Object's properties

2021-11-23 16:44:40 - [MESSAGE][INFO] - Checking timeout

2021-11-23 16:44:40 - [MESSAGE][INFO] - Finding web element with id: 'Object Repository/Olusturma/Genel/TasarimSecilir/Tasarim' located by 'By.xpath: //*[@id = 'DesignId_I']' in '30' second(s)

2021-11-23 16:44:40 - [MESSAGE][INFO] - Smart Wait Function is triggered

2021-11-23 16:44:41 - [MESSAGE][INFO] - Found 1 web elements with id: 'Object Repository/Olusturma/Genel/TasarimSecilir/Tasarim' located by 'By.xpath: //*[@id = 'DesignId_I']' in '30' second(s)

2021-11-23 16:44:41 - [MESSAGE][INFO] - Clicking on object: 'Object Repository/Olusturma/Genel/TasarimSecilir/Tasarim'

2021-11-23 16:44:41 - [MESSAGE][PASSED] - Object: 'Object Repository/Olusturma/Genel/TasarimSecilir/Tasarim' is clicked on

2021-11-23 16:44:41 - [TEST_STEP][PASSED] - Method.TextDegerineEsitElementeTikla(findTestObject("Object Repository/Olusturma/Genel/TasarimSecilir/Tasarim_Adi"), Tasarim): Method.TextDegerineEsitElementeTikla is PASSED

2021-11-23 16:44:41 - [MESSAGE][INFO] - Finding Test Object 'Object Repository/Olusturma/Genel/TasarimSecilir/Tasarim_Adi'

2021-11-23 16:44:41 - [MESSAGE][INFO] - Checking timeout

2021-11-23 16:44:41 - [MESSAGE][INFO] - Finding web element with id: 'Object Repository/Olusturma/Genel/TasarimSecilir/Tasarim_Adi' located by 'By.cssSelector: #DesignId_DDD_L_LBT td' in '10' second(s)

2021-11-23 16:44:41 - [MESSAGE][INFO] - Smart Wait Function is triggered

2021-11-23 16:44:41 - [MESSAGE][INFO] - Found 1 web elements with id: 'Object Repository/Olusturma/Genel/TasarimSecilir/Tasarim_Adi' located by 'By.cssSelector: #DesignId_DDD_L_LBT td' in '10' second(s)

2021-11-23 16:44:41 - [MESSAGE][PASSED] - Method.TextDegerineEsitElementeTikla is PASSED

2021-11-23 16:44:41 - [MESSAGE][PASSED] - Call Test Case 'Test Cases/Olusturma/Genel/TasarimSecilir' successfully

2021-11-23 16:44:41 - [MESSAGE][INFO] - Checking called Test Case

2021-11-23 16:44:41 - [MESSAGE][INFO] - Starting to call Test Case 'Test Cases/Olusturma/Genel/Kutular/SiparisBilgileriGirilir'

2021-11-23 16:44:41 - [TEST_CASE][PASSED] - Test Cases/Olusturma/Genel/Kutular/SiparisBilgileriGirilir: Test Cases/Olusturma/Genel/Kutular/SiparisBilgileriGirilir

2021-11-23 16:44:41 - [TEST_STEP][PASSED] - Method.TextDegerineEsitElementeTikla(findTestObject("Olusturma/Genel/Kutular/KapaliKutular"), "Sipariş Bilgileri"): Method.TextDegerineEsitElementeTikla is PASSED

2021-11-23 16:44:41 - [MESSAGE][INFO] - Finding Test Object 'Object Repository/Olusturma/Genel/Kutular/KapaliKutular'

2021-11-23 16:44:42 - [MESSAGE][INFO] - Checking timeout

2021-11-23 16:44:42 - [MESSAGE][INFO] - Finding web element with id: 'Object Repository/Olusturma/Genel/Kutular/KapaliKutular' located by 'By.cssSelector: .dxnb-headerCollapsed>span' in '10' second(s)

2021-11-23 16:44:42 - [MESSAGE][INFO] - Smart Wait Function is triggered

2021-11-23 16:44:42 - [MESSAGE][INFO] - Found 8 web elements with id: 'Object Repository/Olusturma/Genel/Kutular/KapaliKutular' located by 'By.cssSelector: .dxnb-headerCollapsed>span' in '10' second(s)

2021-11-23 16:44:42 - [MESSAGE][PASSED] - Method.TextDegerineEsitElementeTikla is PASSED

2021-11-23 16:44:42 - [TEST_STEP][PASSED] - waitForElementPresent(findTestObject("Object Repository/Olusturma/Genel/Kutular/SiparisBilgileri/SiparisNo"), 10): Object 'Object Repository/Olusturma/Genel/Kutular/SiparisBilgileri/SiparisNo' is present

2021-11-23 16:44:42 - [MESSAGE][INFO] - Finding Test Object 'Object Repository/Olusturma/Genel/Kutular/SiparisBilgileri/SiparisNo'

2021-11-23 16:44:42 - [MESSAGE][INFO] - Checking object

2021-11-23 16:44:42 - [MESSAGE][INFO] - Finding web element from Test Object's properties

2021-11-23 16:44:42 - [MESSAGE][INFO] - Checking timeout

2021-11-23 16:44:42 - [MESSAGE][INFO] - Finding web element with id: 'Object Repository/Olusturma/Genel/Kutular/SiparisBilgileri/SiparisNo' located by 'By.xpath: //*[@id = 'txtSiparisNo_I']' in '10' second(s)

2021-11-23 16:44:42 - [MESSAGE][INFO] - Smart Wait Function is triggered

2021-11-23 16:44:42 - [MESSAGE][INFO] - Found 1 web elements with id: 'Object Repository/Olusturma/Genel/Kutular/SiparisBilgileri/SiparisNo' located by 'By.xpath: //*[@id = 'txtSiparisNo_I']' in '10' second(s)

2021-11-23 16:44:42 - [MESSAGE][PASSED] - Object 'Object Repository/Olusturma/Genel/Kutular/SiparisBilgileri/SiparisNo' is present

2021-11-23 16:44:42 - [TEST_STEP][PASSED] - clearText(findTestObject("Object Repository/Olusturma/Genel/Kutular/SiparisBilgileri/SiparisNo")): Text of object 'Object Repository/Olusturma/Genel/Kutular/SiparisBilgileri/SiparisNo' is cleared

2021-11-23 16:44:42 - [MESSAGE][INFO] - Finding Test Object 'Object Repository/Olusturma/Genel/Kutular/SiparisBilgileri/SiparisNo'

2021-11-23 16:44:42 - [MESSAGE][INFO] - Checking object

2021-11-23 16:44:42 - [MESSAGE][INFO] - Finding web element from Test Object's properties

2021-11-23 16:44:42 - [MESSAGE][INFO] - Checking timeout

2021-11-23 16:44:42 - [MESSAGE][INFO] - Finding web element with id: 'Object Repository/Olusturma/Genel/Kutular/SiparisBilgileri/SiparisNo' located by 'By.xpath: //*[@id = 'txtSiparisNo_I']' in '30' second(s)

2021-11-23 16:44:42 - [MESSAGE][INFO] - Smart Wait Function is triggered

2021-11-23 16:44:43 - [MESSAGE][INFO] - Found 1 web elements with id: 'Object Repository/Olusturma/Genel/Kutular/SiparisBilgileri/SiparisNo' located by 'By.xpath: //*[@id = 'txtSiparisNo_I']' in '30' second(s)

2021-11-23 16:44:43 - [MESSAGE][INFO] - Clearing text of object 'Object Repository/Olusturma/Genel/Kutular/SiparisBilgileri/SiparisNo'

2021-11-23 16:44:43 - [MESSAGE][PASSED] - Text of object 'Object Repository/Olusturma/Genel/Kutular/SiparisBilgileri/SiparisNo' is cleared

2021-11-23 16:44:43 - [TEST_STEP][PASSED] - sendKeys(findTestObject("Object Repository/Olusturma/Genel/Kutular/SiparisBilgileri/SiparisNo"), SiparisNo): Keys 'UUC-SAT-1200001' sent to object: 'Object Repository/Olusturma/Genel/Kutular/SiparisBilgileri/SiparisNo'

2021-11-23 16:44:43 - [MESSAGE][INFO] - Finding Test Object 'Object Repository/Olusturma/Genel/Kutular/SiparisBilgileri/SiparisNo'

2021-11-23 16:44:43 - [MESSAGE][INFO] - Sending keys 'UUC-SAT-1200001' to object: 'Object Repository/Olusturma/Genel/Kutular/SiparisBilgileri/SiparisNo'

2021-11-23 16:44:43 - [MESSAGE][INFO] - Finding web element from Test Object's properties

2021-11-23 16:44:43 - [MESSAGE][INFO] - Checking timeout

2021-11-23 16:44:43 - [MESSAGE][INFO] - Finding web element with id: 'Object Repository/Olusturma/Genel/Kutular/SiparisBilgileri/SiparisNo' located by 'By.xpath: //*[@id = 'txtSiparisNo_I']' in '30' second(s)

2021-11-23 16:44:43 - [MESSAGE][INFO] - Smart Wait Function is triggered

2021-11-23 16:44:43 - [MESSAGE][INFO] - Found 1 web elements with id: 'Object Repository/Olusturma/Genel/Kutular/SiparisBilgileri/SiparisNo' located by 'By.xpath: //*[@id = 'txtSiparisNo_I']' in '30' second(s)

2021-11-23 16:44:43 - [MESSAGE][PASSED] - Keys 'UUC-SAT-1200001' sent to object: 'Object Repository/Olusturma/Genel/Kutular/SiparisBilgileri/SiparisNo'

2021-11-23 16:44:43 - [TEST_STEP][PASSED] - waitForElementClickable(findTestObject("Object Repository/Olusturma/Genel/Kutular/SiparisBilgileri/SiparisTarihiImage"), 10): Object 'Object Repository/Olusturma/Genel/Kutular/SiparisBilgileri/SiparisTarihiImage' is clickable

2021-11-23 16:44:43 - [MESSAGE][INFO] - Finding Test Object 'Object Repository/Olusturma/Genel/Kutular/SiparisBilgileri/SiparisTarihiImage'

2021-11-23 16:44:44 - [MESSAGE][INFO] - Checking object

2021-11-23 16:44:44 - [MESSAGE][INFO] - Checking timeout

2021-11-23 16:44:44 - [MESSAGE][INFO] - Finding web element from Test Object's properties

2021-11-23 16:44:44 - [MESSAGE][INFO] - Checking timeout

2021-11-23 16:44:44 - [MESSAGE][INFO] - Finding web element with id: 'Object Repository/Olusturma/Genel/Kutular/SiparisBilgileri/SiparisTarihiImage' located by 'By.cssSelector: #dateSiparisTarih img' in '10' second(s)

2021-11-23 16:44:44 - [MESSAGE][INFO] - Smart Wait Function is triggered

2021-11-23 16:44:44 - [MESSAGE][INFO] - Found 1 web elements with id: 'Object Repository/Olusturma/Genel/Kutular/SiparisBilgileri/SiparisTarihiImage' located by 'By.cssSelector: #dateSiparisTarih img' in '10' second(s)

2021-11-23 16:44:44 - [MESSAGE][PASSED] - Object 'Object Repository/Olusturma/Genel/Kutular/SiparisBilgileri/SiparisTarihiImage' is clickable

2021-11-23 16:44:44 - [TEST_STEP][PASSED] - click(findTestObject("Object Repository/Olusturma/Genel/Kutular/SiparisBilgileri/SiparisTarihiImage")): Object: 'Object Repository/Olusturma/Genel/Kutular/SiparisBilgileri/SiparisTarihiImage' is clicked on

2021-11-23 16:44:44 - [MESSAGE][INFO] - Finding Test Object 'Object Repository/Olusturma/Genel/Kutular/SiparisBilgileri/SiparisTarihiImage'

2021-11-23 16:44:44 - [MESSAGE][INFO] - Checking object

2021-11-23 16:44:44 - [MESSAGE][INFO] - Finding web element from Test Object's properties

2021-11-23 16:44:44 - [MESSAGE][INFO] - Checking timeout

2021-11-23 16:44:44 - [MESSAGE][INFO] - Finding web element with id: 'Object Repository/Olusturma/Genel/Kutular/SiparisBilgileri/SiparisTarihiImage' located by 'By.cssSelector: #dateSiparisTarih img' in '30' second(s)

2021-11-23 16:44:44 - [MESSAGE][INFO] - Smart Wait Function is triggered

2021-11-23 16:44:44 - [MESSAGE][INFO] - Found 1 web elements with id: 'Object Repository/Olusturma/Genel/Kutular/SiparisBilgileri/SiparisTarihiImage' located by 'By.cssSelector: #dateSiparisTarih img' in '30' second(s)

2021-11-23 16:44:44 - [MESSAGE][INFO] - Clicking on object: 'Object Repository/Olusturma/Genel/Kutular/SiparisBilgileri/SiparisTarihiImage'

2021-11-23 16:44:44 - [MESSAGE][PASSED] - Object: 'Object Repository/Olusturma/Genel/Kutular/SiparisBilgileri/SiparisTarihiImage' is clicked on

2021-11-23 16:44:44 - [TEST_STEP][PASSED] - waitForElementPresent(findTestObject("Object Repository/Olusturma/Genel/Kutular/SiparisBilgileri/SiparisTarihi"), 10): Object 'Object Repository/Olusturma/Genel/Kutular/SiparisBilgileri/SiparisTarihi' is present

2021-11-23 16:44:44 - [MESSAGE][INFO] - Finding Test Object 'Object Repository/Olusturma/Genel/Kutular/SiparisBilgileri/SiparisTarihi'

2021-11-23 16:44:45 - [MESSAGE][INFO] - Checking object

2021-11-23 16:44:45 - [MESSAGE][INFO] - Finding web element from Test Object's properties

2021-11-23 16:44:45 - [MESSAGE][INFO] - Checking timeout

2021-11-23 16:44:45 - [MESSAGE][INFO] - Finding web element with id: 'Object Repository/Olusturma/Genel/Kutular/SiparisBilgileri/SiparisTarihi' located by 'By.xpath: //*[@id = 'dateSiparisTarih_I']' in '10' second(s)

2021-11-23 16:44:45 - [MESSAGE][INFO] - Smart Wait Function is triggered

2021-11-23 16:44:45 - [MESSAGE][INFO] - Found 1 web elements with id: 'Object Repository/Olusturma/Genel/Kutular/SiparisBilgileri/SiparisTarihi' located by 'By.xpath: //*[@id = 'dateSiparisTarih_I']' in '10' second(s)

2021-11-23 16:44:45 - [MESSAGE][PASSED] - Object 'Object Repository/Olusturma/Genel/Kutular/SiparisBilgileri/SiparisTarihi' is present

2021-11-23 16:44:45 - [TEST_STEP][PASSED] - clearText(findTestObject("Object Repository/Olusturma/Genel/Kutular/SiparisBilgileri/SiparisTarihi")): Text of object 'Object Repository/Olusturma/Genel/Kutular/SiparisBilgileri/SiparisTarihi' is cleared

2021-11-23 16:44:45 - [MESSAGE][INFO] - Finding Test Object 'Object Repository/Olusturma/Genel/Kutular/SiparisBilgileri/SiparisTarihi'

2021-11-23 16:44:45 - [MESSAGE][INFO] - Checking object

2021-11-23 16:44:45 - [MESSAGE][INFO] - Finding web element from Test Object's properties

2021-11-23 16:44:45 - [MESSAGE][INFO] - Checking timeout

2021-11-23 16:44:45 - [MESSAGE][INFO] - Finding web element with id: 'Object Repository/Olusturma/Genel/Kutular/SiparisBilgileri/SiparisTarihi' located by 'By.xpath: //*[@id = 'dateSiparisTarih_I']' in '30' second(s)

2021-11-23 16:44:45 - [MESSAGE][INFO] - Smart Wait Function is triggered

2021-11-23 16:44:46 - [MESSAGE][INFO] - Found 1 web elements with id: 'Object Repository/Olusturma/Genel/Kutular/SiparisBilgileri/SiparisTarihi' located by 'By.xpath: //*[@id = 'dateSiparisTarih_I']' in '30' second(s)

2021-11-23 16:44:46 - [MESSAGE][INFO] - Clearing text of object 'Object Repository/Olusturma/Genel/Kutular/SiparisBilgileri/SiparisTarihi'

2021-11-23 16:44:46 - [MESSAGE][PASSED] - Text of object 'Object Repository/Olusturma/Genel/Kutular/SiparisBilgileri/SiparisTarihi' is cleared

2021-11-23 16:44:46 - [TEST_STEP][PASSED] - sendKeys(findTestObject("Object Repository/Olusturma/Genel/Kutular/SiparisBilgileri/SiparisTarihi"), Tarih): Keys '31.04.2020' sent to object: 'Object Repository/Olusturma/Genel/Kutular/SiparisBilgileri/SiparisTarihi'

2021-11-23 16:44:46 - [MESSAGE][INFO] - Finding Test Object 'Object Repository/Olusturma/Genel/Kutular/SiparisBilgileri/SiparisTarihi'

2021-11-23 16:44:46 - [MESSAGE][INFO] - Sending keys '31.04.2020' to object: 'Object Repository/Olusturma/Genel/Kutular/SiparisBilgileri/SiparisTarihi'

2021-11-23 16:44:46 - [MESSAGE][INFO] - Finding web element from Test Object's properties

2021-11-23 16:44:46 - [MESSAGE][INFO] - Checking timeout

2021-11-23 16:44:46 - [MESSAGE][INFO] - Finding web element with id: 'Object Repository/Olusturma/Genel/Kutular/SiparisBilgileri/SiparisTarihi' located by 'By.xpath: //*[@id = 'dateSiparisTarih_I']' in '30' second(s)

2021-11-23 16:44:46 - [MESSAGE][INFO] - Smart Wait Function is triggered

2021-11-23 16:44:46 - [MESSAGE][INFO] - Found 1 web elements with id: 'Object Repository/Olusturma/Genel/Kutular/SiparisBilgileri/SiparisTarihi' located by 'By.xpath: //*[@id = 'dateSiparisTarih_I']' in '30' second(s)

2021-11-23 16:44:46 - [MESSAGE][PASSED] - Keys '31.04.2020' sent to object: 'Object Repository/Olusturma/Genel/Kutular/SiparisBilgileri/SiparisTarihi'

2021-11-23 16:44:46 - [MESSAGE][PASSED] - Call Test Case 'Test Cases/Olusturma/Genel/Kutular/SiparisBilgileriGirilir' successfully

2021-11-23 16:44:46 - [MESSAGE][INFO] - Checking called Test Case

2021-11-23 16:44:46 - [MESSAGE][INFO] - Starting to call Test Case 'Test Cases/Olusturma/Genel/Kutular/IrsaliyeBilgileri'

2021-11-23 16:44:46 - [TEST_CASE][PASSED] - Test Cases/Olusturma/Genel/Kutular/IrsaliyeBilgileri: Test Cases/Olusturma/Genel/Kutular/IrsaliyeBilgileri

2021-11-23 16:44:46 - [TEST_STEP][PASSED] - Method.TextDegerineEsitElementeTikla(findTestObject("Olusturma/Genel/Kutular/KapaliKutular"), "İrsaliye Bilgileri"): Method.TextDegerineEsitElementeTikla is PASSED

2021-11-23 16:44:46 - [MESSAGE][INFO] - Finding Test Object 'Object Repository/Olusturma/Genel/Kutular/KapaliKutular'

2021-11-23 16:44:46 - [MESSAGE][INFO] - Checking timeout

2021-11-23 16:44:46 - [MESSAGE][INFO] - Finding web element with id: 'Object Repository/Olusturma/Genel/Kutular/KapaliKutular' located by 'By.cssSelector: .dxnb-headerCollapsed>span' in '10' second(s)

2021-11-23 16:44:46 - [MESSAGE][INFO] - Smart Wait Function is triggered

2021-11-23 16:44:47 - [MESSAGE][INFO] - Found 8 web elements with id: 'Object Repository/Olusturma/Genel/Kutular/KapaliKutular' located by 'By.cssSelector: .dxnb-headerCollapsed>span' in '10' second(s)

2021-11-23 16:44:47 - [MESSAGE][PASSED] - Method.TextDegerineEsitElementeTikla is PASSED

2021-11-23 16:44:47 - [TEST_STEP][PASSED] - waitForElementClickable(findTestObject("Olusturma/Genel/Kutular/IrsaliyeBilgileri/Ekle"), 10): Object 'Object Repository/Olusturma/Genel/Kutular/IrsaliyeBilgileri/Ekle' is clickable

2021-11-23 16:44:47 - [MESSAGE][INFO] - Finding Test Object 'Object Repository/Olusturma/Genel/Kutular/IrsaliyeBilgileri/Ekle'

2021-11-23 16:44:47 - [MESSAGE][INFO] - Checking object

2021-11-23 16:44:47 - [MESSAGE][INFO] - Checking timeout

2021-11-23 16:44:47 - [MESSAGE][INFO] - Finding web element from Test Object's properties

2021-11-23 16:44:47 - [MESSAGE][INFO] - Checking timeout

2021-11-23 16:44:47 - [MESSAGE][INFO] - Finding web element with id: 'Object Repository/Olusturma/Genel/Kutular/IrsaliyeBilgileri/Ekle' located by 'By.xpath: //*[@id = 'DXEditorgvUserInvoiceBillsNewRowBtn']' in '10' second(s)

2021-11-23 16:44:47 - [MESSAGE][INFO] - Smart Wait Function is triggered

2021-11-23 16:44:47 - [MESSAGE][INFO] - Found 1 web elements with id: 'Object Repository/Olusturma/Genel/Kutular/IrsaliyeBilgileri/Ekle' located by 'By.xpath: //*[@id = 'DXEditorgvUserInvoiceBillsNewRowBtn']' in '10' second(s)

2021-11-23 16:44:47 - [MESSAGE][PASSED] - Object 'Object Repository/Olusturma/Genel/Kutular/IrsaliyeBilgileri/Ekle' is clickable

2021-11-23 16:44:47 - [TEST_STEP][PASSED] - click(findTestObject("Olusturma/Genel/Kutular/IrsaliyeBilgileri/Ekle")): Object: 'Object Repository/Olusturma/Genel/Kutular/IrsaliyeBilgileri/Ekle' is clicked on

2021-11-23 16:44:47 - [MESSAGE][INFO] - Finding Test Object 'Object Repository/Olusturma/Genel/Kutular/IrsaliyeBilgileri/Ekle'

2021-11-23 16:44:47 - [MESSAGE][INFO] - Checking object

2021-11-23 16:44:47 - [MESSAGE][INFO] - Finding web element from Test Object's properties

2021-11-23 16:44:47 - [MESSAGE][INFO] - Checking timeout

2021-11-23 16:44:47 - [MESSAGE][INFO] - Finding web element with id: 'Object Repository/Olusturma/Genel/Kutular/IrsaliyeBilgileri/Ekle' located by 'By.xpath: //*[@id = 'DXEditorgvUserInvoiceBillsNewRowBtn']' in '30' second(s)

2021-11-23 16:44:47 - [MESSAGE][INFO] - Smart Wait Function is triggered

2021-11-23 16:44:48 - [MESSAGE][INFO] - Found 1 web elements with id: 'Object Repository/Olusturma/Genel/Kutular/IrsaliyeBilgileri/Ekle' located by 'By.xpath: //*[@id = 'DXEditorgvUserInvoiceBillsNewRowBtn']' in '30' second(s)

2021-11-23 16:44:48 - [MESSAGE][INFO] - Clicking on object: 'Object Repository/Olusturma/Genel/Kutular/IrsaliyeBilgileri/Ekle'

2021-11-23 16:44:48 - [MESSAGE][PASSED] - Object: 'Object Repository/Olusturma/Genel/Kutular/IrsaliyeBilgileri/Ekle' is clicked on

2021-11-23 16:44:48 - [TEST_STEP][PASSED] - waitForElementPresent(findTestObject("Object Repository/Olusturma/Genel/Kutular/IrsaliyeBilgileri/IrsaliyeNumarasi"), 10): Object 'Object Repository/Olusturma/Genel/Kutular/IrsaliyeBilgileri/IrsaliyeNumarasi' is present

2021-11-23 16:44:48 - [MESSAGE][INFO] - Finding Test Object 'Object Repository/Olusturma/Genel/Kutular/IrsaliyeBilgileri/IrsaliyeNumarasi'

2021-11-23 16:44:48 - [MESSAGE][INFO] - Checking object

2021-11-23 16:44:48 - [MESSAGE][INFO] - Finding web element from Test Object's properties

2021-11-23 16:44:48 - [MESSAGE][INFO] - Checking timeout

2021-11-23 16:44:48 - [MESSAGE][INFO] - Finding web element with id: 'Object Repository/Olusturma/Genel/Kutular/IrsaliyeBilgileri/IrsaliyeNumarasi' located by 'By.xpath: //*[@id = 'gvUserInvoiceBills_DXEditor1_I']' in '10' second(s)

2021-11-23 16:44:48 - [MESSAGE][INFO] - Smart Wait Function is triggered

2021-11-23 16:44:48 - [MESSAGE][INFO] - Smart Wait Function is triggered

2021-11-23 16:44:49 - [MESSAGE][INFO] - Found 1 web elements with id: 'Object Repository/Olusturma/Genel/Kutular/IrsaliyeBilgileri/IrsaliyeNumarasi' located by 'By.xpath: //*[@id = 'gvUserInvoiceBills_DXEditor1_I']' in '10' second(s)

2021-11-23 16:44:49 - [MESSAGE][PASSED] - Object 'Object Repository/Olusturma/Genel/Kutular/IrsaliyeBilgileri/IrsaliyeNumarasi' is present

2021-11-23 16:44:49 - [TEST_STEP][PASSED] - clearText(findTestObject("Object Repository/Olusturma/Genel/Kutular/IrsaliyeBilgileri/IrsaliyeNumarasi")): Text of object 'Object Repository/Olusturma/Genel/Kutular/IrsaliyeBilgileri/IrsaliyeNumarasi' is cleared

2021-11-23 16:44:49 - [MESSAGE][INFO] - Finding Test Object 'Object Repository/Olusturma/Genel/Kutular/IrsaliyeBilgileri/IrsaliyeNumarasi'

2021-11-23 16:44:49 - [MESSAGE][INFO] - Checking object

2021-11-23 16:44:49 - [MESSAGE][INFO] - Finding web element from Test Object's properties

2021-11-23 16:44:49 - [MESSAGE][INFO] - Checking timeout

2021-11-23 16:44:49 - [MESSAGE][INFO] - Finding web element with id: 'Object Repository/Olusturma/Genel/Kutular/IrsaliyeBilgileri/IrsaliyeNumarasi' located by 'By.xpath: //*[@id = 'gvUserInvoiceBills_DXEditor1_I']' in '30' second(s)

2021-11-23 16:44:49 - [MESSAGE][INFO] - Smart Wait Function is triggered

2021-11-23 16:44:49 - [MESSAGE][INFO] - Found 1 web elements with id: 'Object Repository/Olusturma/Genel/Kutular/IrsaliyeBilgileri/IrsaliyeNumarasi' located by 'By.xpath: //*[@id = 'gvUserInvoiceBills_DXEditor1_I']' in '30' second(s)

2021-11-23 16:44:49 - [MESSAGE][INFO] - Clearing text of object 'Object Repository/Olusturma/Genel/Kutular/IrsaliyeBilgileri/IrsaliyeNumarasi'

2021-11-23 16:44:49 - [MESSAGE][PASSED] - Text of object 'Object Repository/Olusturma/Genel/Kutular/IrsaliyeBilgileri/IrsaliyeNumarasi' is cleared

2021-11-23 16:44:49 - [TEST_STEP][PASSED] - sendKeys(findTestObject("Object Repository/Olusturma/Genel/Kutular/IrsaliyeBilgileri/IrsaliyeNumarasi"), Numara): Keys 'AAAAAAAAAA' sent to object: 'Object Repository/Olusturma/Genel/Kutular/IrsaliyeBilgileri/IrsaliyeNumarasi'

2021-11-23 16:44:49 - [MESSAGE][INFO] - Finding Test Object 'Object Repository/Olusturma/Genel/Kutular/IrsaliyeBilgileri/IrsaliyeNumarasi'

2021-11-23 16:44:49 - [MESSAGE][INFO] - Sending keys 'AAAAAAAAAA' to object: 'Object Repository/Olusturma/Genel/Kutular/IrsaliyeBilgileri/IrsaliyeNumarasi'

2021-11-23 16:44:49 - [MESSAGE][INFO] - Finding web element from Test Object's properties

2021-11-23 16:44:49 - [MESSAGE][INFO] - Checking timeout

2021-11-23 16:44:49 - [MESSAGE][INFO] - Finding web element with id: 'Object Repository/Olusturma/Genel/Kutular/IrsaliyeBilgileri/IrsaliyeNumarasi' located by 'By.xpath: //*[@id = 'gvUserInvoiceBills_DXEditor1_I']' in '30' second(s)

2021-11-23 16:44:50 - [MESSAGE][INFO] - Smart Wait Function is triggered

2021-11-23 16:44:50 - [MESSAGE][INFO] - Found 1 web elements with id: 'Object Repository/Olusturma/Genel/Kutular/IrsaliyeBilgileri/IrsaliyeNumarasi' located by 'By.xpath: //*[@id = 'gvUserInvoiceBills_DXEditor1_I']' in '30' second(s)

2021-11-23 16:44:50 - [MESSAGE][PASSED] - Keys 'AAAAAAAAAA' sent to object: 'Object Repository/Olusturma/Genel/Kutular/IrsaliyeBilgileri/IrsaliyeNumarasi'

2021-11-23 16:44:50 - [TEST_STEP][PASSED] - waitForElementClickable(findTestObject("Object Repository/Olusturma/Genel/Kutular/IrsaliyeBilgileri/IrsaliyeTarihi"), 10): Object 'Object Repository/Olusturma/Genel/Kutular/IrsaliyeBilgileri/IrsaliyeTarihi' is clickable

2021-11-23 16:44:50 - [MESSAGE][INFO] - Finding Test Object 'Object Repository/Olusturma/Genel/Kutular/IrsaliyeBilgileri/IrsaliyeTarihi'

2021-11-23 16:44:50 - [MESSAGE][INFO] - Checking object

2021-11-23 16:44:50 - [MESSAGE][INFO] - Checking timeout

2021-11-23 16:44:50 - [MESSAGE][INFO] - Finding web element from Test Object's properties

2021-11-23 16:44:50 - [MESSAGE][INFO] - Checking timeout

2021-11-23 16:44:50 - [MESSAGE][INFO] - Finding web element with id: 'Object Repository/Olusturma/Genel/Kutular/IrsaliyeBilgileri/IrsaliyeTarihi' located by 'By.xpath: //*[@id = 'gvUserInvoiceBills_DXEditor2_I']' in '10' second(s)

2021-11-23 16:44:50 - [MESSAGE][INFO] - Smart Wait Function is triggered

2021-11-23 16:44:50 - [MESSAGE][INFO] - Found 1 web elements with id: 'Object Repository/Olusturma/Genel/Kutular/IrsaliyeBilgileri/IrsaliyeTarihi' located by 'By.xpath: //*[@id = 'gvUserInvoiceBills_DXEditor2_I']' in '10' second(s)

2021-11-23 16:44:50 - [MESSAGE][PASSED] - Object 'Object Repository/Olusturma/Genel/Kutular/IrsaliyeBilgileri/IrsaliyeTarihi' is clickable

2021-11-23 16:44:50 - [TEST_STEP][PASSED] - click(findTestObject("Object Repository/Olusturma/Genel/Kutular/IrsaliyeBilgileri/IrsaliyeTarihi")): Object: 'Object Repository/Olusturma/Genel/Kutular/IrsaliyeBilgileri/IrsaliyeTarihi' is clicked on

2021-11-23 16:44:50 - [MESSAGE][INFO] - Finding Test Object 'Object Repository/Olusturma/Genel/Kutular/IrsaliyeBilgileri/IrsaliyeTarihi'

2021-11-23 16:44:50 - [MESSAGE][INFO] - Checking object

2021-11-23 16:44:50 - [MESSAGE][INFO] - Finding web element from Test Object's properties

2021-11-23 16:44:50 - [MESSAGE][INFO] - Checking timeout

2021-11-23 16:44:50 - [MESSAGE][INFO] - Finding web element with id: 'Object Repository/Olusturma/Genel/Kutular/IrsaliyeBilgileri/IrsaliyeTarihi' located by 'By.xpath: //*[@id = 'gvUserInvoiceBills_DXEditor2_I']' in '30' second(s)

2021-11-23 16:44:50 - [MESSAGE][INFO] - Smart Wait Function is triggered

2021-11-23 16:44:51 - [MESSAGE][INFO] - Found 1 web elements with id: 'Object Repository/Olusturma/Genel/Kutular/IrsaliyeBilgileri/IrsaliyeTarihi' located by 'By.xpath: //*[@id = 'gvUserInvoiceBills_DXEditor2_I']' in '30' second(s)

2021-11-23 16:44:51 - [MESSAGE][INFO] - Clicking on object: 'Object Repository/Olusturma/Genel/Kutular/IrsaliyeBilgileri/IrsaliyeTarihi'

2021-11-23 16:44:51 - [MESSAGE][PASSED] - Object: 'Object Repository/Olusturma/Genel/Kutular/IrsaliyeBilgileri/IrsaliyeTarihi' is clicked on

2021-11-23 16:44:51 - [TEST_STEP][PASSED] - sendKeys(findTestObject("Object Repository/Olusturma/Genel/Kutular/IrsaliyeBilgileri/IrsaliyeTarihi"), Tarih): Keys '31.04.2020' sent to object: 'Object Repository/Olusturma/Genel/Kutular/IrsaliyeBilgileri/IrsaliyeTarihi'

2021-11-23 16:44:51 - [MESSAGE][INFO] - Finding Test Object 'Object Repository/Olusturma/Genel/Kutular/IrsaliyeBilgileri/IrsaliyeTarihi'

2021-11-23 16:44:51 - [MESSAGE][INFO] - Sending keys '31.04.2020' to object: 'Object Repository/Olusturma/Genel/Kutular/IrsaliyeBilgileri/IrsaliyeTarihi'

2021-11-23 16:44:51 - [MESSAGE][INFO] - Finding web element from Test Object's properties

2021-11-23 16:44:51 - [MESSAGE][INFO] - Checking timeout

2021-11-23 16:44:51 - [MESSAGE][INFO] - Finding web element with id: 'Object Repository/Olusturma/Genel/Kutular/IrsaliyeBilgileri/IrsaliyeTarihi' located by 'By.xpath: //*[@id = 'gvUserInvoiceBills_DXEditor2_I']' in '30' second(s)

2021-11-23 16:44:51 - [MESSAGE][INFO] - Smart Wait Function is triggered

2021-11-23 16:44:51 - [MESSAGE][INFO] - Found 1 web elements with id: 'Object Repository/Olusturma/Genel/Kutular/IrsaliyeBilgileri/IrsaliyeTarihi' located by 'By.xpath: //*[@id = 'gvUserInvoiceBills_DXEditor2_I']' in '30' second(s)

2021-11-23 16:44:51 - [MESSAGE][PASSED] - Keys '31.04.2020' sent to object: 'Object Repository/Olusturma/Genel/Kutular/IrsaliyeBilgileri/IrsaliyeTarihi'

2021-11-23 16:44:51 - [MESSAGE][PASSED] - Call Test Case 'Test Cases/Olusturma/Genel/Kutular/IrsaliyeBilgileri' successfully

2021-11-23 16:44:51 - [MESSAGE][INFO] - Checking called Test Case

2021-11-23 16:44:51 - [MESSAGE][INFO] - Starting to call Test Case 'Test Cases/Olusturma/Genel/EkleButonunaBasilir'

2021-11-23 16:44:51 - [TEST_CASE][PASSED] - Test Cases/Olusturma/Genel/EkleButonunaBasilir: Test Cases/Olusturma/Genel/EkleButonunaBasilir

2021-11-23 16:44:51 - [TEST_STEP][PASSED] - waitForElementClickable(findTestObject("Object Repository/Olusturma/Genel/Olusturma/Ekle"), 10): Object 'Object Repository/Olusturma/Genel/Olusturma/Ekle' is clickable

2021-11-23 16:44:51 - [MESSAGE][INFO] - Finding Test Object 'Object Repository/Olusturma/Genel/Olusturma/Ekle'

2021-11-23 16:44:51 - [MESSAGE][INFO] - Checking object

2021-11-23 16:44:51 - [MESSAGE][INFO] - Checking timeout

2021-11-23 16:44:51 - [MESSAGE][INFO] - Finding web element from Test Object's properties

2021-11-23 16:44:51 - [MESSAGE][INFO] - Checking timeout

2021-11-23 16:44:51 - [MESSAGE][INFO] - Finding web element with id: 'Object Repository/Olusturma/Genel/Olusturma/Ekle' located by 'By.cssSelector: #divmalhizmet i.fa.fa-plus.fa-lg.text-muted' in '10' second(s)

2021-11-23 16:44:51 - [MESSAGE][INFO] - Smart Wait Function is triggered

2021-11-23 16:44:52 - [MESSAGE][INFO] - Found 1 web elements with id: 'Object Repository/Olusturma/Genel/Olusturma/Ekle' located by 'By.cssSelector: #divmalhizmet i.fa.fa-plus.fa-lg.text-muted' in '10' second(s)

2021-11-23 16:44:52 - [MESSAGE][PASSED] - Object 'Object Repository/Olusturma/Genel/Olusturma/Ekle' is clickable

2021-11-23 16:44:52 - [TEST_STEP][PASSED] - click(findTestObject("Object Repository/Olusturma/Genel/Olusturma/Ekle")): Object: 'Object Repository/Olusturma/Genel/Olusturma/Ekle' is clicked on

2021-11-23 16:44:52 - [MESSAGE][INFO] - Finding Test Object 'Object Repository/Olusturma/Genel/Olusturma/Ekle'

2021-11-23 16:44:52 - [MESSAGE][INFO] - Checking object

2021-11-23 16:44:52 - [MESSAGE][INFO] - Finding web element from Test Object's properties

2021-11-23 16:44:52 - [MESSAGE][INFO] - Checking timeout

2021-11-23 16:44:52 - [MESSAGE][INFO] - Finding web element with id: 'Object Repository/Olusturma/Genel/Olusturma/Ekle' located by 'By.cssSelector: #divmalhizmet i.fa.fa-plus.fa-lg.text-muted' in '30' second(s)

2021-11-23 16:44:52 - [MESSAGE][INFO] - Smart Wait Function is triggered

2021-11-23 16:44:52 - [MESSAGE][INFO] - Found 1 web elements with id: 'Object Repository/Olusturma/Genel/Olusturma/Ekle' located by 'By.cssSelector: #divmalhizmet i.fa.fa-plus.fa-lg.text-muted' in '30' second(s)

2021-11-23 16:44:52 - [MESSAGE][INFO] - Clicking on object: 'Object Repository/Olusturma/Genel/Olusturma/Ekle'

2021-11-23 16:44:52 - [MESSAGE][PASSED] - Object: 'Object Repository/Olusturma/Genel/Olusturma/Ekle' is clicked on

2021-11-23 16:44:52 - [TEST_STEP][PASSED] - waitForElementClickable(findTestObject("Olusturma/Genel/Olusturma/EklenenSatirCarpiImage"), 10): Object 'Object Repository/Olusturma/Genel/Olusturma/EklenenSatirCarpiImage' is clickable

2021-11-23 16:44:52 - [MESSAGE][INFO] - Finding Test Object 'Object Repository/Olusturma/Genel/Olusturma/EklenenSatirCarpiImage'

2021-11-23 16:44:52 - [MESSAGE][INFO] - Checking object

2021-11-23 16:44:52 - [MESSAGE][INFO] - Checking timeout

2021-11-23 16:44:52 - [MESSAGE][INFO] - Finding web element from Test Object's properties

2021-11-23 16:44:52 - [MESSAGE][INFO] - Checking timeout

2021-11-23 16:44:52 - [MESSAGE][INFO] - Finding web element with id: 'Object Repository/Olusturma/Genel/Olusturma/EklenenSatirCarpiImage' located by 'By.cssSelector: .fa.fa-times.fa-lg.text-primary' in '10' second(s)

2021-11-23 16:44:52 - [MESSAGE][INFO] - Smart Wait Function is triggered

2021-11-23 16:44:53 - [MESSAGE][INFO] - Found 1 web elements with id: 'Object Repository/Olusturma/Genel/Olusturma/EklenenSatirCarpiImage' located by 'By.cssSelector: .fa.fa-times.fa-lg.text-primary' in '10' second(s)

2021-11-23 16:44:53 - [MESSAGE][PASSED] - Object 'Object Repository/Olusturma/Genel/Olusturma/EklenenSatirCarpiImage' is clickable

2021-11-23 16:44:53 - [MESSAGE][PASSED] - Call Test Case 'Test Cases/Olusturma/Genel/EkleButonunaBasilir' successfully

2021-11-23 16:44:53 - [MESSAGE][INFO] - Checking called Test Case

2021-11-23 16:44:53 - [MESSAGE][INFO] - Starting to call Test Case 'Test Cases/Olusturma/Genel/Olusturma'

2021-11-23 16:44:53 - [TEST_CASE][PASSED] - Test Cases/Olusturma/Genel/Olusturma: Test Cases/Olusturma/Genel/Olusturma

2021-11-23 16:44:53 - [TEST_STEP][PASSED] - driver = getWebDriver(): null

2021-11-23 16:44:53 - [TEST_STEP][PASSED] - action = new org.openqa.selenium.interactions.Actions(driver): null

2021-11-23 16:44:53 - [TEST_STEP][PASSED] - baslikElement = <not implemented yet for class: org.codehaus.groovy.ast.expr.EmptyExpression>: null

2021-11-23 16:44:53 - [TEST_STEP][PASSED] - sonElement = <not implemented yet for class: org.codehaus.groovy.ast.expr.EmptyExpression>: null

2021-11-23 16:44:53 - [TEST_STEP][PASSED] - attr = <not implemented yet for class: org.codehaus.groovy.ast.expr.EmptyExpression>: null

2021-11-23 16:44:53 - [TEST_STEP][PASSED] - a = 0: null

2021-11-23 16:44:53 - [TEST_STEP][PASSED] - elements = findWebElements(findTestObject("Object Repository/Olusturma/Genel/Olusturma/TabloBasliklari"), 10): Found 14 web elements with id: 'Object Repository/Olusturma/Genel/Olusturma/TabloBasliklari' located by 'By.cssSelector: div#divmalhizmet .dxgvTable_LECustomTheme td.dxgvHeader_LECustomTheme tr>td:nth-child(1)' in '10' second(s)

2021-11-23 16:44:53 - [MESSAGE][INFO] - Finding Test Object 'Object Repository/Olusturma/Genel/Olusturma/TabloBasliklari'

2021-11-23 16:44:53 - [MESSAGE][INFO] - Checking timeout

2021-11-23 16:44:53 - [MESSAGE][INFO] - Finding web element with id: 'Object Repository/Olusturma/Genel/Olusturma/TabloBasliklari' located by 'By.cssSelector: div#divmalhizmet .dxgvTable_LECustomTheme td.dxgvHeader_LECustomTheme tr>td:nth-child(1)' in '10' second(s)

2021-11-23 16:44:53 - [MESSAGE][INFO] - Smart Wait Function is triggered

2021-11-23 16:44:54 - [MESSAGE][INFO] - Found 14 web elements with id: 'Object Repository/Olusturma/Genel/Olusturma/TabloBasliklari' located by 'By.cssSelector: div#divmalhizmet .dxgvTable_LECustomTheme td.dxgvHeader_LECustomTheme tr>td:nth-child(1)' in '10' second(s)

2021-11-23 16:44:54 - [TEST_STEP][PASSED] - for (def element : elements): null

2021-11-23 16:44:54 - [TEST_STEP][PASSED] - build().perform(): null

2021-11-23 16:44:54 - [TEST_STEP][PASSED] - if (getText().equals(Baslik)): null

2021-11-23 16:44:54 - [TEST_STEP][PASSED] - baslikElement = element.findElement(By.xpath("../../../..")): Smart Wait Function is triggered

2021-11-23 16:44:54 - [MESSAGE][INFO] - Smart Wait Function is triggered

2021-11-23 16:44:55 - [TEST_STEP][PASSED] - attr = baslikElement.getAttribute("id"): null

2021-11-23 16:44:55 - [TEST_STEP][PASSED] - println("girdi ve idsini aldı = " + attr): null

2021-11-23 16:44:55 - [TEST_STEP][PASSED] - break: null

2021-11-23 16:44:55 - [TEST_STEP][PASSED] - countElement = baslikElement.findElements(By.xpath("../td")): Smart Wait Function is triggered

2021-11-23 16:44:55 - [MESSAGE][INFO] - Smart Wait Function is triggered

2021-11-23 16:44:55 - [TEST_STEP][PASSED] - for (def element : countElement): null

2021-11-23 16:44:55 - [TEST_STEP][PASSED] - if (toString().equals(attr.toString())): null

2021-11-23 16:44:55 - [TEST_STEP][PASSED] - (a++): null

2021-11-23 16:44:55 - [TEST_STEP][PASSED] - if (toString().equals(attr.toString())): null

2021-11-23 16:44:55 - [TEST_STEP][PASSED] - break: null

2021-11-23 16:44:55 - [TEST_STEP][PASSED] - son = findWebElement(findTestObject("Object Repository/Olusturma/Genel/Olusturma/EklenenSatir")).findElement(By.xpath("td[@class='dxgvInlineEditCell_LECustomTheme dxgv'][" + a + "]//td[@class='dxic']/input")): Smart Wait Function is triggered

2021-11-23 16:44:55 - [MESSAGE][INFO] - Finding Test Object 'Object Repository/Olusturma/Genel/Olusturma/EklenenSatir'

2021-11-23 16:44:55 - [MESSAGE][INFO] - Finding web element from Test Object's properties

2021-11-23 16:44:55 - [MESSAGE][INFO] - Checking timeout

2021-11-23 16:44:55 - [MESSAGE][INFO] - Finding web element with id: 'Object Repository/Olusturma/Genel/Olusturma/EklenenSatir' located by 'By.cssSelector: #divmalhizmet .dxgvInlineEditRow_LECustomTheme' in '30' second(s)

2021-11-23 16:44:55 - [MESSAGE][INFO] - Smart Wait Function is triggered

2021-11-23 16:44:55 - [MESSAGE][INFO] - Found 1 web elements with id: 'Object Repository/Olusturma/Genel/Olusturma/EklenenSatir' located by 'By.cssSelector: #divmalhizmet .dxgvInlineEditRow_LECustomTheme' in '30' second(s)

2021-11-23 16:44:55 - [MESSAGE][INFO] - Smart Wait Function is triggered

2021-11-23 16:44:56 - [TEST_STEP][PASSED] - if (!(getAttribute("value").contains("Vkn"))): null

2021-11-23 16:44:56 - [TEST_STEP][PASSED] - son.clear(): null

2021-11-23 16:44:56 - [TEST_STEP][PASSED] - son.sendKeys(Deger): null

2021-11-23 16:44:56 - [MESSAGE][PASSED] - Call Test Case 'Test Cases/Olusturma/Genel/Olusturma' successfully

2021-11-23 16:44:56 - [MESSAGE][INFO] - Checking called Test Case

2021-11-23 16:44:56 - [MESSAGE][INFO] - Starting to call Test Case 'Test Cases/Olusturma/Genel/Olusturma'

2021-11-23 16:44:56 - [TEST_CASE][PASSED] - Test Cases/Olusturma/Genel/Olusturma: Test Cases/Olusturma/Genel/Olusturma

2021-11-23 16:44:56 - [TEST_STEP][PASSED] - driver = getWebDriver(): null

2021-11-23 16:44:56 - [TEST_STEP][PASSED] - action = new org.openqa.selenium.interactions.Actions(driver): null

2021-11-23 16:44:56 - [TEST_STEP][PASSED] - baslikElement = <not implemented yet for class: org.codehaus.groovy.ast.expr.EmptyExpression>: null

2021-11-23 16:44:56 - [TEST_STEP][PASSED] - sonElement = <not implemented yet for class: org.codehaus.groovy.ast.expr.EmptyExpression>: null

2021-11-23 16:44:56 - [TEST_STEP][PASSED] - attr = <not implemented yet for class: org.codehaus.groovy.ast.expr.EmptyExpression>: null

2021-11-23 16:44:56 - [TEST_STEP][PASSED] - a = 0: null

2021-11-23 16:44:56 - [TEST_STEP][PASSED] - elements = findWebElements(findTestObject("Object Repository/Olusturma/Genel/Olusturma/TabloBasliklari"), 10): Found 14 web elements with id: 'Object Repository/Olusturma/Genel/Olusturma/TabloBasliklari' located by 'By.cssSelector: div#divmalhizmet .dxgvTable_LECustomTheme td.dxgvHeader_LECustomTheme tr>td:nth-child(1)' in '10' second(s)

2021-11-23 16:44:56 - [MESSAGE][INFO] - Finding Test Object 'Object Repository/Olusturma/Genel/Olusturma/TabloBasliklari'

2021-11-23 16:44:56 - [MESSAGE][INFO] - Checking timeout

2021-11-23 16:44:56 - [MESSAGE][INFO] - Finding web element with id: 'Object Repository/Olusturma/Genel/Olusturma/TabloBasliklari' located by 'By.cssSelector: div#divmalhizmet .dxgvTable_LECustomTheme td.dxgvHeader_LECustomTheme tr>td:nth-child(1)' in '10' second(s)

2021-11-23 16:44:56 - [MESSAGE][INFO] - Smart Wait Function is triggered

2021-11-23 16:44:56 - [MESSAGE][INFO] - Found 14 web elements with id: 'Object Repository/Olusturma/Genel/Olusturma/TabloBasliklari' located by 'By.cssSelector: div#divmalhizmet .dxgvTable_LECustomTheme td.dxgvHeader_LECustomTheme tr>td:nth-child(1)' in '10' second(s)

2021-11-23 16:44:56 - [TEST_STEP][PASSED] - for (def element : elements): null

2021-11-23 16:44:56 - [TEST_STEP][PASSED] - build().perform(): null

2021-11-23 16:44:56 - [TEST_STEP][PASSED] - if (getText().equals(Baslik)): null

2021-11-23 16:44:56 - [TEST_STEP][PASSED] - build().perform(): null

2021-11-23 16:44:57 - [TEST_STEP][PASSED] - if (getText().equals(Baslik)): null

2021-11-23 16:44:57 - [TEST_STEP][PASSED] - baslikElement = element.findElement(By.xpath("../../../..")): Smart Wait Function is triggered

2021-11-23 16:44:57 - [MESSAGE][INFO] - Smart Wait Function is triggered

2021-11-23 16:44:57 - [TEST_STEP][PASSED] - attr = baslikElement.getAttribute("id"): null

2021-11-23 16:44:57 - [TEST_STEP][PASSED] - println("girdi ve idsini aldı = " + attr): null

2021-11-23 16:44:57 - [TEST_STEP][PASSED] - break: null

2021-11-23 16:44:57 - [TEST_STEP][PASSED] - countElement = baslikElement.findElements(By.xpath("../td")): Smart Wait Function is triggered

2021-11-23 16:44:57 - [MESSAGE][INFO] - Smart Wait Function is triggered

2021-11-23 16:44:57 - [TEST_STEP][PASSED] - for (def element : countElement): null

2021-11-23 16:44:57 - [TEST_STEP][PASSED] - if (toString().equals(attr.toString())): null

2021-11-23 16:44:57 - [TEST_STEP][PASSED] - (a++): null

2021-11-23 16:44:57 - [TEST_STEP][PASSED] - if (toString().equals(attr.toString())): null

2021-11-23 16:44:57 - [TEST_STEP][PASSED] - (a++): null

2021-11-23 16:44:57 - [TEST_STEP][PASSED] - if (toString().equals(attr.toString())): null

2021-11-23 16:44:57 - [TEST_STEP][PASSED] - break: null

2021-11-23 16:44:57 - [TEST_STEP][PASSED] - son = findWebElement(findTestObject("Object Repository/Olusturma/Genel/Olusturma/EklenenSatir")).findElement(By.xpath("td[@class='dxgvInlineEditCell_LECustomTheme dxgv'][" + a + "]//td[@class='dxic']/input")): Smart Wait Function is triggered

2021-11-23 16:44:57 - [MESSAGE][INFO] - Finding Test Object 'Object Repository/Olusturma/Genel/Olusturma/EklenenSatir'

2021-11-23 16:44:57 - [MESSAGE][INFO] - Finding web element from Test Object's properties

2021-11-23 16:44:57 - [MESSAGE][INFO] - Checking timeout

2021-11-23 16:44:57 - [MESSAGE][INFO] - Finding web element with id: 'Object Repository/Olusturma/Genel/Olusturma/EklenenSatir' located by 'By.cssSelector: #divmalhizmet .dxgvInlineEditRow_LECustomTheme' in '30' second(s)

2021-11-23 16:44:57 - [MESSAGE][INFO] - Smart Wait Function is triggered

2021-11-23 16:44:58 - [MESSAGE][INFO] - Found 1 web elements with id: 'Object Repository/Olusturma/Genel/Olusturma/EklenenSatir' located by 'By.cssSelector: #divmalhizmet .dxgvInlineEditRow_LECustomTheme' in '30' second(s)

2021-11-23 16:44:58 - [MESSAGE][INFO] - Smart Wait Function is triggered

2021-11-23 16:44:58 - [TEST_STEP][PASSED] - if (!(getAttribute("value").contains("Vkn"))): null

2021-11-23 16:44:58 - [TEST_STEP][PASSED] - son.clear(): null

2021-11-23 16:44:58 - [TEST_STEP][PASSED] - son.sendKeys(Deger): null

2021-11-23 16:44:58 - [MESSAGE][PASSED] - Call Test Case 'Test Cases/Olusturma/Genel/Olusturma' successfully

2021-11-23 16:44:58 - [MESSAGE][INFO] - Checking called Test Case

2021-11-23 16:44:58 - [MESSAGE][INFO] - Starting to call Test Case 'Test Cases/Olusturma/Genel/Olusturma'

2021-11-23 16:44:58 - [TEST_CASE][PASSED] - Test Cases/Olusturma/Genel/Olusturma: Test Cases/Olusturma/Genel/Olusturma

2021-11-23 16:44:58 - [TEST_STEP][PASSED] - driver = getWebDriver(): null

2021-11-23 16:44:58 - [TEST_STEP][PASSED] - action = new org.openqa.selenium.interactions.Actions(driver): null

2021-11-23 16:44:58 - [TEST_STEP][PASSED] - baslikElement = <not implemented yet for class: org.codehaus.groovy.ast.expr.EmptyExpression>: null

2021-11-23 16:44:58 - [TEST_STEP][PASSED] - sonElement = <not implemented yet for class: org.codehaus.groovy.ast.expr.EmptyExpression>: null

2021-11-23 16:44:58 - [TEST_STEP][PASSED] - attr = <not implemented yet for class: org.codehaus.groovy.ast.expr.EmptyExpression>: null

2021-11-23 16:44:58 - [TEST_STEP][PASSED] - a = 0: null

2021-11-23 16:44:58 - [TEST_STEP][PASSED] - elements = findWebElements(findTestObject("Object Repository/Olusturma/Genel/Olusturma/TabloBasliklari"), 10): Found 14 web elements with id: 'Object Repository/Olusturma/Genel/Olusturma/TabloBasliklari' located by 'By.cssSelector: div#divmalhizmet .dxgvTable_LECustomTheme td.dxgvHeader_LECustomTheme tr>td:nth-child(1)' in '10' second(s)

2021-11-23 16:44:58 - [MESSAGE][INFO] - Finding Test Object 'Object Repository/Olusturma/Genel/Olusturma/TabloBasliklari'

2021-11-23 16:44:58 - [MESSAGE][INFO] - Checking timeout

2021-11-23 16:44:58 - [MESSAGE][INFO] - Finding web element with id: 'Object Repository/Olusturma/Genel/Olusturma/TabloBasliklari' located by 'By.cssSelector: div#divmalhizmet .dxgvTable_LECustomTheme td.dxgvHeader_LECustomTheme tr>td:nth-child(1)' in '10' second(s)

2021-11-23 16:44:58 - [MESSAGE][INFO] - Smart Wait Function is triggered

2021-11-23 16:44:59 - [MESSAGE][INFO] - Found 14 web elements with id: 'Object Repository/Olusturma/Genel/Olusturma/TabloBasliklari' located by 'By.cssSelector: div#divmalhizmet .dxgvTable_LECustomTheme td.dxgvHeader_LECustomTheme tr>td:nth-child(1)' in '10' second(s)

2021-11-23 16:44:59 - [TEST_STEP][PASSED] - for (def element : elements): null

2021-11-23 16:44:59 - [TEST_STEP][PASSED] - build().perform(): null

2021-11-23 16:44:59 - [TEST_STEP][PASSED] - if (getText().equals(Baslik)): null

2021-11-23 16:44:59 - [TEST_STEP][PASSED] - build().perform(): null

2021-11-23 16:44:59 - [TEST_STEP][PASSED] - if (getText().equals(Baslik)): null

2021-11-23 16:44:59 - [TEST_STEP][PASSED] - build().perform(): null

2021-11-23 16:44:59 - [TEST_STEP][PASSED] - if (getText().equals(Baslik)): null

2021-11-23 16:44:59 - [TEST_STEP][PASSED] - build().perform(): null

2021-11-23 16:44:59 - [TEST_STEP][PASSED] - if (getText().equals(Baslik)): null

2021-11-23 16:44:59 - [TEST_STEP][PASSED] - baslikElement = element.findElement(By.xpath("../../../..")): Smart Wait Function is triggered

2021-11-23 16:44:59 - [MESSAGE][INFO] - Smart Wait Function is triggered

2021-11-23 16:45:00 - [TEST_STEP][PASSED] - attr = baslikElement.getAttribute("id"): null

2021-11-23 16:45:00 - [TEST_STEP][PASSED] - println("girdi ve idsini aldı = " + attr): null

2021-11-23 16:45:00 - [TEST_STEP][PASSED] - break: null

2021-11-23 16:45:00 - [TEST_STEP][PASSED] - countElement = baslikElement.findElements(By.xpath("../td")): Smart Wait Function is triggered

2021-11-23 16:45:00 - [MESSAGE][INFO] - Smart Wait Function is triggered

2021-11-23 16:45:00 - [TEST_STEP][PASSED] - for (def element : countElement): null

2021-11-23 16:45:00 - [TEST_STEP][PASSED] - if (toString().equals(attr.toString())): null

2021-11-23 16:45:00 - [TEST_STEP][PASSED] - (a++): null

2021-11-23 16:45:00 - [TEST_STEP][PASSED] - if (toString().equals(attr.toString())): null

2021-11-23 16:45:00 - [TEST_STEP][PASSED] - (a++): null

2021-11-23 16:45:00 - [TEST_STEP][PASSED] - if (toString().equals(attr.toString())): null

2021-11-23 16:45:00 - [TEST_STEP][PASSED] - (a++): null

2021-11-23 16:45:00 - [TEST_STEP][PASSED] - if (toString().equals(attr.toString())): null

2021-11-23 16:45:00 - [TEST_STEP][PASSED] - (a++): null

2021-11-23 16:45:00 - [TEST_STEP][PASSED] - if (toString().equals(attr.toString())): null

2021-11-23 16:45:00 - [TEST_STEP][PASSED] - break: null

2021-11-23 16:45:00 - [TEST_STEP][PASSED] - son = findWebElement(findTestObject("Object Repository/Olusturma/Genel/Olusturma/EklenenSatir")).findElement(By.xpath("td[@class='dxgvInlineEditCell_LECustomTheme dxgv'][" + a + "]//td[@class='dxic']/input")): Smart Wait Function is triggered

2021-11-23 16:45:00 - [MESSAGE][INFO] - Finding Test Object 'Object Repository/Olusturma/Genel/Olusturma/EklenenSatir'

2021-11-23 16:45:00 - [MESSAGE][INFO] - Finding web element from Test Object's properties

2021-11-23 16:45:00 - [MESSAGE][INFO] - Checking timeout

2021-11-23 16:45:00 - [MESSAGE][INFO] - Finding web element with id: 'Object Repository/Olusturma/Genel/Olusturma/EklenenSatir' located by 'By.cssSelector: #divmalhizmet .dxgvInlineEditRow_LECustomTheme' in '30' second(s)

2021-11-23 16:45:00 - [MESSAGE][INFO] - Smart Wait Function is triggered

2021-11-23 16:45:00 - [MESSAGE][INFO] - Found 1 web elements with id: 'Object Repository/Olusturma/Genel/Olusturma/EklenenSatir' located by 'By.cssSelector: #divmalhizmet .dxgvInlineEditRow_LECustomTheme' in '30' second(s)

2021-11-23 16:45:00 - [MESSAGE][INFO] - Smart Wait Function is triggered

2021-11-23 16:45:01 - [TEST_STEP][PASSED] - if (!(getAttribute("value").contains("Vkn"))): null

2021-11-23 16:45:01 - [TEST_STEP][PASSED] - son.clear(): null

2021-11-23 16:45:01 - [TEST_STEP][PASSED] - son.sendKeys(Deger): null

2021-11-23 16:45:01 - [MESSAGE][PASSED] - Call Test Case 'Test Cases/Olusturma/Genel/Olusturma' successfully

2021-11-23 16:45:01 - [MESSAGE][INFO] - Checking called Test Case

2021-11-23 16:45:01 - [MESSAGE][INFO] - Starting to call Test Case 'Test Cases/Olusturma/Genel/Olusturma'

2021-11-23 16:45:01 - [TEST_CASE][PASSED] - Test Cases/Olusturma/Genel/Olusturma: Test Cases/Olusturma/Genel/Olusturma

2021-11-23 16:45:01 - [TEST_STEP][PASSED] - driver = getWebDriver(): null

2021-11-23 16:45:01 - [TEST_STEP][PASSED] - action = new org.openqa.selenium.interactions.Actions(driver): null

2021-11-23 16:45:01 - [TEST_STEP][PASSED] - baslikElement = <not implemented yet for class: org.codehaus.groovy.ast.expr.EmptyExpression>: null

2021-11-23 16:45:01 - [TEST_STEP][PASSED] - sonElement = <not implemented yet for class: org.codehaus.groovy.ast.expr.EmptyExpression>: null

2021-11-23 16:45:01 - [TEST_STEP][PASSED] - attr = <not implemented yet for class: org.codehaus.groovy.ast.expr.EmptyExpression>: null

2021-11-23 16:45:01 - [TEST_STEP][PASSED] - a = 0: null

2021-11-23 16:45:01 - [TEST_STEP][PASSED] - elements = findWebElements(findTestObject("Object Repository/Olusturma/Genel/Olusturma/TabloBasliklari"), 10): Found 14 web elements with id: 'Object Repository/Olusturma/Genel/Olusturma/TabloBasliklari' located by 'By.cssSelector: div#divmalhizmet .dxgvTable_LECustomTheme td.dxgvHeader_LECustomTheme tr>td:nth-child(1)' in '10' second(s)

2021-11-23 16:45:01 - [MESSAGE][INFO] - Finding Test Object 'Object Repository/Olusturma/Genel/Olusturma/TabloBasliklari'

2021-11-23 16:45:01 - [MESSAGE][INFO] - Checking timeout

2021-11-23 16:45:01 - [MESSAGE][INFO] - Finding web element with id: 'Object Repository/Olusturma/Genel/Olusturma/TabloBasliklari' located by 'By.cssSelector: div#divmalhizmet .dxgvTable_LECustomTheme td.dxgvHeader_LECustomTheme tr>td:nth-child(1)' in '10' second(s)

2021-11-23 16:45:01 - [MESSAGE][INFO] - Smart Wait Function is triggered

2021-11-23 16:45:01 - [MESSAGE][INFO] - Found 14 web elements with id: 'Object Repository/Olusturma/Genel/Olusturma/TabloBasliklari' located by 'By.cssSelector: div#divmalhizmet .dxgvTable_LECustomTheme td.dxgvHeader_LECustomTheme tr>td:nth-child(1)' in '10' second(s)

2021-11-23 16:45:01 - [TEST_STEP][PASSED] - for (def element : elements): null

2021-11-23 16:45:01 - [TEST_STEP][PASSED] - build().perform(): null

2021-11-23 16:45:02 - [TEST_STEP][PASSED] - if (getText().equals(Baslik)): null

2021-11-23 16:45:02 - [TEST_STEP][PASSED] - build().perform(): null

2021-11-23 16:45:02 - [TEST_STEP][PASSED] - if (getText().equals(Baslik)): null

2021-11-23 16:45:02 - [TEST_STEP][PASSED] - build().perform(): null

2021-11-23 16:45:02 - [TEST_STEP][PASSED] - if (getText().equals(Baslik)): null

2021-11-23 16:45:02 - [TEST_STEP][PASSED] - build().perform(): null

2021-11-23 16:45:02 - [TEST_STEP][PASSED] - if (getText().equals(Baslik)): null

2021-11-23 16:45:02 - [TEST_STEP][PASSED] - build().perform(): null

2021-11-23 16:45:02 - [TEST_STEP][PASSED] - if (getText().equals(Baslik)): null

2021-11-23 16:45:02 - [TEST_STEP][PASSED] - build().perform(): null

2021-11-23 16:45:02 - [TEST_STEP][PASSED] - if (getText().equals(Baslik)): null

2021-11-23 16:45:02 - [TEST_STEP][PASSED] - baslikElement = element.findElement(By.xpath("../../../..")): Smart Wait Function is triggered

2021-11-23 16:45:02 - [MESSAGE][INFO] - Smart Wait Function is triggered

2021-11-23 16:45:03 - [TEST_STEP][PASSED] - attr = baslikElement.getAttribute("id"): null

2021-11-23 16:45:03 - [TEST_STEP][PASSED] - println("girdi ve idsini aldı = " + attr): null

2021-11-23 16:45:03 - [TEST_STEP][PASSED] - break: null

2021-11-23 16:45:03 - [TEST_STEP][PASSED] - countElement = baslikElement.findElements(By.xpath("../td")): Smart Wait Function is triggered

2021-11-23 16:45:03 - [MESSAGE][INFO] - Smart Wait Function is triggered

2021-11-23 16:45:03 - [TEST_STEP][PASSED] - for (def element : countElement): null

2021-11-23 16:45:03 - [TEST_STEP][PASSED] - if (toString().equals(attr.toString())): null

2021-11-23 16:45:03 - [TEST_STEP][PASSED] - (a++): null

2021-11-23 16:45:03 - [TEST_STEP][PASSED] - if (toString().equals(attr.toString())): null

2021-11-23 16:45:03 - [TEST_STEP][PASSED] - (a++): null

2021-11-23 16:45:03 - [TEST_STEP][PASSED] - if (toString().equals(attr.toString())): null

2021-11-23 16:45:03 - [TEST_STEP][PASSED] - (a++): null

2021-11-23 16:45:03 - [TEST_STEP][PASSED] - if (toString().equals(attr.toString())): null

2021-11-23 16:45:03 - [TEST_STEP][PASSED] - (a++): null

2021-11-23 16:45:03 - [TEST_STEP][PASSED] - if (toString().equals(attr.toString())): null

2021-11-23 16:45:03 - [TEST_STEP][PASSED] - (a++): null

2021-11-23 16:45:03 - [TEST_STEP][PASSED] - if (toString().equals(attr.toString())): null

2021-11-23 16:45:03 - [TEST_STEP][PASSED] - (a++): null

2021-11-23 16:45:03 - [TEST_STEP][PASSED] - if (toString().equals(attr.toString())): null

2021-11-23 16:45:03 - [TEST_STEP][PASSED] - break: null

2021-11-23 16:45:03 - [TEST_STEP][PASSED] - son = findWebElement(findTestObject("Object Repository/Olusturma/Genel/Olusturma/EklenenSatir")).findElement(By.xpath("td[@class='dxgvInlineEditCell_LECustomTheme dxgv'][" + a + "]//td[@class='dxic']/input")): Smart Wait Function is triggered

2021-11-23 16:45:03 - [MESSAGE][INFO] - Finding Test Object 'Object Repository/Olusturma/Genel/Olusturma/EklenenSatir'

2021-11-23 16:45:03 - [MESSAGE][INFO] - Finding web element from Test Object's properties

2021-11-23 16:45:03 - [MESSAGE][INFO] - Checking timeout

2021-11-23 16:45:03 - [MESSAGE][INFO] - Finding web element with id: 'Object Repository/Olusturma/Genel/Olusturma/EklenenSatir' located by 'By.cssSelector: #divmalhizmet .dxgvInlineEditRow_LECustomTheme' in '30' second(s)

2021-11-23 16:45:03 - [MESSAGE][INFO] - Smart Wait Function is triggered

2021-11-23 16:45:04 - [MESSAGE][INFO] - Found 1 web elements with id: 'Object Repository/Olusturma/Genel/Olusturma/EklenenSatir' located by 'By.cssSelector: #divmalhizmet .dxgvInlineEditRow_LECustomTheme' in '30' second(s)

2021-11-23 16:45:04 - [MESSAGE][INFO] - Smart Wait Function is triggered

2021-11-23 16:45:04 - [TEST_STEP][PASSED] - if (!(getAttribute("value").contains("Vkn"))): null

2021-11-23 16:45:04 - [TEST_STEP][PASSED] - son.clear(): null

2021-11-23 16:45:04 - [TEST_STEP][PASSED] - son.sendKeys(Deger): null

2021-11-23 16:45:04 - [MESSAGE][PASSED] - Call Test Case 'Test Cases/Olusturma/Genel/Olusturma' successfully

2021-11-23 16:45:04 - [MESSAGE][INFO] - Checking called Test Case

2021-11-23 16:45:04 - [MESSAGE][INFO] - Starting to call Test Case 'Test Cases/Olusturma/Genel/Olusturma'

2021-11-23 16:45:04 - [TEST_CASE][PASSED] - Test Cases/Olusturma/Genel/Olusturma: Test Cases/Olusturma/Genel/Olusturma

2021-11-23 16:45:04 - [TEST_STEP][PASSED] - driver = getWebDriver(): null

2021-11-23 16:45:04 - [TEST_STEP][PASSED] - action = new org.openqa.selenium.interactions.Actions(driver): null

2021-11-23 16:45:04 - [TEST_STEP][PASSED] - baslikElement = <not implemented yet for class: org.codehaus.groovy.ast.expr.EmptyExpression>: null

2021-11-23 16:45:04 - [TEST_STEP][PASSED] - sonElement = <not implemented yet for class: org.codehaus.groovy.ast.expr.EmptyExpression>: null

2021-11-23 16:45:04 - [TEST_STEP][PASSED] - attr = <not implemented yet for class: org.codehaus.groovy.ast.expr.EmptyExpression>: null

2021-11-23 16:45:04 - [TEST_STEP][PASSED] - a = 0: null

2021-11-23 16:45:04 - [TEST_STEP][PASSED] - elements = findWebElements(findTestObject("Object Repository/Olusturma/Genel/Olusturma/TabloBasliklari"), 10): Found 14 web elements with id: 'Object Repository/Olusturma/Genel/Olusturma/TabloBasliklari' located by 'By.cssSelector: div#divmalhizmet .dxgvTable_LECustomTheme td.dxgvHeader_LECustomTheme tr>td:nth-child(1)' in '10' second(s)

2021-11-23 16:45:04 - [MESSAGE][INFO] - Finding Test Object 'Object Repository/Olusturma/Genel/Olusturma/TabloBasliklari'

2021-11-23 16:45:04 - [MESSAGE][INFO] - Checking timeout

2021-11-23 16:45:04 - [MESSAGE][INFO] - Finding web element with id: 'Object Repository/Olusturma/Genel/Olusturma/TabloBasliklari' located by 'By.cssSelector: div#divmalhizmet .dxgvTable_LECustomTheme td.dxgvHeader_LECustomTheme tr>td:nth-child(1)' in '10' second(s)

2021-11-23 16:45:04 - [MESSAGE][INFO] - Smart Wait Function is triggered

2021-11-23 16:45:05 - [MESSAGE][INFO] - Found 14 web elements with id: 'Object Repository/Olusturma/Genel/Olusturma/TabloBasliklari' located by 'By.cssSelector: div#divmalhizmet .dxgvTable_LECustomTheme td.dxgvHeader_LECustomTheme tr>td:nth-child(1)' in '10' second(s)

2021-11-23 16:45:05 - [TEST_STEP][PASSED] - for (def element : elements): null

2021-11-23 16:45:05 - [TEST_STEP][PASSED] - build().perform(): null

2021-11-23 16:45:05 - [TEST_STEP][PASSED] - if (getText().equals(Baslik)): null

2021-11-23 16:45:05 - [TEST_STEP][PASSED] - build().perform(): null

2021-11-23 16:45:05 - [TEST_STEP][PASSED] - if (getText().equals(Baslik)): null

2021-11-23 16:45:05 - [TEST_STEP][PASSED] - build().perform(): null

2021-11-23 16:45:05 - [TEST_STEP][PASSED] - if (getText().equals(Baslik)): null

2021-11-23 16:45:05 - [TEST_STEP][PASSED] - build().perform(): null

2021-11-23 16:45:05 - [TEST_STEP][PASSED] - if (getText().equals(Baslik)): null

2021-11-23 16:45:05 - [TEST_STEP][PASSED] - build().perform(): null

2021-11-23 16:45:05 - [TEST_STEP][PASSED] - if (getText().equals(Baslik)): null

2021-11-23 16:45:05 - [TEST_STEP][PASSED] - build().perform(): null

2021-11-23 16:45:06 - [TEST_STEP][PASSED] - if (getText().equals(Baslik)): null

2021-11-23 16:45:06 - [TEST_STEP][PASSED] - build().perform(): null

2021-11-23 16:45:06 - [TEST_STEP][PASSED] - if (getText().equals(Baslik)): null

2021-11-23 16:45:06 - [TEST_STEP][PASSED] - baslikElement = element.findElement(By.xpath("../../../..")): Smart Wait Function is triggered

2021-11-23 16:45:06 - [MESSAGE][INFO] - Smart Wait Function is triggered

2021-11-23 16:45:06 - [TEST_STEP][PASSED] - attr = baslikElement.getAttribute("id"): null

2021-11-23 16:45:06 - [TEST_STEP][PASSED] - println("girdi ve idsini aldı = " + attr): null

2021-11-23 16:45:06 - [TEST_STEP][PASSED] - break: null

2021-11-23 16:45:06 - [TEST_STEP][PASSED] - countElement = baslikElement.findElements(By.xpath("../td")): Smart Wait Function is triggered

2021-11-23 16:45:06 - [MESSAGE][INFO] - Smart Wait Function is triggered

2021-11-23 16:45:06 - [TEST_STEP][PASSED] - for (def element : countElement): null

2021-11-23 16:45:06 - [TEST_STEP][PASSED] - if (toString().equals(attr.toString())): null

2021-11-23 16:45:06 - [TEST_STEP][PASSED] - (a++): null

2021-11-23 16:45:06 - [TEST_STEP][PASSED] - if (toString().equals(attr.toString())): null

2021-11-23 16:45:06 - [TEST_STEP][PASSED] - (a++): null

2021-11-23 16:45:06 - [TEST_STEP][PASSED] - if (toString().equals(attr.toString())): null

2021-11-23 16:45:06 - [TEST_STEP][PASSED] - (a++): null

2021-11-23 16:45:06 - [TEST_STEP][PASSED] - if (toString().equals(attr.toString())): null

2021-11-23 16:45:06 - [TEST_STEP][PASSED] - (a++): null

2021-11-23 16:45:06 - [TEST_STEP][PASSED] - if (toString().equals(attr.toString())): null

2021-11-23 16:45:06 - [TEST_STEP][PASSED] - (a++): null

2021-11-23 16:45:06 - [TEST_STEP][PASSED] - if (toString().equals(attr.toString())): null

2021-11-23 16:45:06 - [TEST_STEP][PASSED] - (a++): null

2021-11-23 16:45:06 - [TEST_STEP][PASSED] - if (toString().equals(attr.toString())): null

2021-11-23 16:45:06 - [TEST_STEP][PASSED] - (a++): null

2021-11-23 16:45:06 - [TEST_STEP][PASSED] - if (toString().equals(attr.toString())): null

2021-11-23 16:45:06 - [TEST_STEP][PASSED] - break: null

2021-11-23 16:45:06 - [TEST_STEP][PASSED] - son = findWebElement(findTestObject("Object Repository/Olusturma/Genel/Olusturma/EklenenSatir")).findElement(By.xpath("td[@class='dxgvInlineEditCell_LECustomTheme dxgv'][" + a + "]//td[@class='dxic']/input")): Smart Wait Function is triggered

2021-11-23 16:45:06 - [MESSAGE][INFO] - Finding Test Object 'Object Repository/Olusturma/Genel/Olusturma/EklenenSatir'

2021-11-23 16:45:07 - [MESSAGE][INFO] - Finding web element from Test Object's properties

2021-11-23 16:45:07 - [MESSAGE][INFO] - Checking timeout

2021-11-23 16:45:07 - [MESSAGE][INFO] - Finding web element with id: 'Object Repository/Olusturma/Genel/Olusturma/EklenenSatir' located by 'By.cssSelector: #divmalhizmet .dxgvInlineEditRow_LECustomTheme' in '30' second(s)

2021-11-23 16:45:07 - [MESSAGE][INFO] - Smart Wait Function is triggered

2021-11-23 16:45:07 - [MESSAGE][INFO] - Found 1 web elements with id: 'Object Repository/Olusturma/Genel/Olusturma/EklenenSatir' located by 'By.cssSelector: #divmalhizmet .dxgvInlineEditRow_LECustomTheme' in '30' second(s)

2021-11-23 16:45:07 - [MESSAGE][INFO] - Smart Wait Function is triggered

2021-11-23 16:45:07 - [TEST_STEP][PASSED] - if (!(getAttribute("value").contains("Vkn"))): null

2021-11-23 16:45:07 - [TEST_STEP][PASSED] - son.clear(): null

2021-11-23 16:45:07 - [TEST_STEP][PASSED] - son.sendKeys(Deger): null

2021-11-23 16:45:07 - [MESSAGE][PASSED] - Call Test Case 'Test Cases/Olusturma/Genel/Olusturma' successfully

2021-11-23 16:45:07 - [MESSAGE][INFO] - Checking called Test Case

2021-11-23 16:45:07 - [MESSAGE][INFO] - Starting to call Test Case 'Test Cases/Olusturma/Genel/NotGirilir'

2021-11-23 16:45:08 - [TEST_CASE][PASSED] - Test Cases/Olusturma/Genel/NotGirilir: Test Cases/Olusturma/Genel/NotGirilir

2021-11-23 16:45:08 - [TEST_STEP][PASSED] - i = 0: null

2021-11-23 16:45:08 - [TEST_STEP][PASSED] - waitForElementClickable(findTestObject("Olusturma/Genel/Not/Notlar"), 10): Object 'Object Repository/Olusturma/Genel/Not/Notlar' is clickable

2021-11-23 16:45:08 - [MESSAGE][INFO] - Finding Test Object 'Object Repository/Olusturma/Genel/Not/Notlar'

2021-11-23 16:45:08 - [MESSAGE][INFO] - Checking object

2021-11-23 16:45:08 - [MESSAGE][INFO] - Checking timeout

2021-11-23 16:45:08 - [MESSAGE][INFO] - Finding web element from Test Object's properties

2021-11-23 16:45:08 - [MESSAGE][INFO] - Checking timeout

2021-11-23 16:45:08 - [MESSAGE][INFO] - Finding web element with id: 'Object Repository/Olusturma/Genel/Not/Notlar' located by 'By.xpath: //*[@id = 'txtNote_I']' in '10' second(s)

2021-11-23 16:45:08 - [MESSAGE][INFO] - Smart Wait Function is triggered

2021-11-23 16:45:08 - [MESSAGE][INFO] - Found 1 web elements with id: 'Object Repository/Olusturma/Genel/Not/Notlar' located by 'By.xpath: //*[@id = 'txtNote_I']' in '10' second(s)

2021-11-23 16:45:08 - [MESSAGE][PASSED] - Object 'Object Repository/Olusturma/Genel/Not/Notlar' is clickable

2021-11-23 16:45:08 - [TEST_STEP][PASSED] - clearText(findTestObject("Olusturma/Genel/Not/Notlar")): Text of object 'Object Repository/Olusturma/Genel/Not/Notlar' is cleared

2021-11-23 16:45:08 - [MESSAGE][INFO] - Finding Test Object 'Object Repository/Olusturma/Genel/Not/Notlar'

2021-11-23 16:45:08 - [MESSAGE][INFO] - Checking object

2021-11-23 16:45:08 - [MESSAGE][INFO] - Finding web element from Test Object's properties

2021-11-23 16:45:08 - [MESSAGE][INFO] - Checking timeout

2021-11-23 16:45:08 - [MESSAGE][INFO] - Finding web element with id: 'Object Repository/Olusturma/Genel/Not/Notlar' located by 'By.xpath: //*[@id = 'txtNote_I']' in '30' second(s)

2021-11-23 16:45:08 - [MESSAGE][INFO] - Smart Wait Function is triggered

2021-11-23 16:45:08 - [MESSAGE][INFO] - Found 1 web elements with id: 'Object Repository/Olusturma/Genel/Not/Notlar' located by 'By.xpath: //*[@id = 'txtNote_I']' in '30' second(s)

2021-11-23 16:45:08 - [MESSAGE][INFO] - Clearing text of object 'Object Repository/Olusturma/Genel/Not/Notlar'

2021-11-23 16:45:08 - [MESSAGE][PASSED] - Text of object 'Object Repository/Olusturma/Genel/Not/Notlar' is cleared

2021-11-23 16:45:08 - [TEST_STEP][PASSED] - click(findTestObject("Olusturma/Genel/Not/Notlar")): Object: 'Object Repository/Olusturma/Genel/Not/Notlar' is clicked on

2021-11-23 16:45:08 - [MESSAGE][INFO] - Finding Test Object 'Object Repository/Olusturma/Genel/Not/Notlar'

2021-11-23 16:45:09 - [MESSAGE][INFO] - Checking object

2021-11-23 16:45:09 - [MESSAGE][INFO] - Finding web element from Test Object's properties

2021-11-23 16:45:09 - [MESSAGE][INFO] - Checking timeout

2021-11-23 16:45:09 - [MESSAGE][INFO] - Finding web element with id: 'Object Repository/Olusturma/Genel/Not/Notlar' located by 'By.xpath: //*[@id = 'txtNote_I']' in '30' second(s)

2021-11-23 16:45:09 - [MESSAGE][INFO] - Smart Wait Function is triggered

2021-11-23 16:45:09 - [MESSAGE][INFO] - Found 1 web elements with id: 'Object Repository/Olusturma/Genel/Not/Notlar' located by 'By.xpath: //*[@id = 'txtNote_I']' in '30' second(s)

2021-11-23 16:45:09 - [MESSAGE][INFO] - Clicking on object: 'Object Repository/Olusturma/Genel/Not/Notlar'

2021-11-23 16:45:09 - [MESSAGE][PASSED] - Object: 'Object Repository/Olusturma/Genel/Not/Notlar' is clicked on

2021-11-23 16:45:09 - [TEST_STEP][PASSED] - while (true): null

2021-11-23 16:45:09 - [TEST_STEP][PASSED] - delay(1): Delayed 1 second(s)

2021-11-23 16:45:09 - [MESSAGE][INFO] - Delaying browser in 1 second(s)

2021-11-23 16:45:10 - [MESSAGE][PASSED] - Delayed 1 second(s)

2021-11-23 16:45:10 - [TEST_STEP][PASSED] - ajaxIsComplete = executeJavaScript("return jQuery.active == 0", null): Execute JavaScript 'return jQuery.active == 0' successfully

2021-11-23 16:45:10 - [MESSAGE][PASSED] - Execute JavaScript 'return jQuery.active == 0' successfully

2021-11-23 16:45:10 - [TEST_STEP][PASSED] - if (ajaxIsComplete): null

2021-11-23 16:45:10 - [TEST_STEP][PASSED] - break: null

2021-11-23 16:45:10 - [TEST_STEP][PASSED] - sendKeys(findTestObject("Olusturma/Genel/Not/Notlar"), Not): Keys 'Otomasyon Not' sent to object: 'Object Repository/Olusturma/Genel/Not/Notlar'

2021-11-23 16:45:10 - [MESSAGE][INFO] - Finding Test Object 'Object Repository/Olusturma/Genel/Not/Notlar'

2021-11-23 16:45:10 - [MESSAGE][INFO] - Sending keys 'Otomasyon Not' to object: 'Object Repository/Olusturma/Genel/Not/Notlar'

2021-11-23 16:45:10 - [MESSAGE][INFO] - Finding web element from Test Object's properties

2021-11-23 16:45:10 - [MESSAGE][INFO] - Checking timeout

2021-11-23 16:45:10 - [MESSAGE][INFO] - Finding web element with id: 'Object Repository/Olusturma/Genel/Not/Notlar' located by 'By.xpath: //*[@id = 'txtNote_I']' in '30' second(s)

2021-11-23 16:45:10 - [MESSAGE][INFO] - Smart Wait Function is triggered

2021-11-23 16:45:10 - [MESSAGE][INFO] - Found 1 web elements with id: 'Object Repository/Olusturma/Genel/Not/Notlar' located by 'By.xpath: //*[@id = 'txtNote_I']' in '30' second(s)

2021-11-23 16:45:10 - [MESSAGE][PASSED] - Keys 'Otomasyon Not' sent to object: 'Object Repository/Olusturma/Genel/Not/Notlar'

2021-11-23 16:45:10 - [MESSAGE][PASSED] - Call Test Case 'Test Cases/Olusturma/Genel/NotGirilir' successfully

2021-11-23 16:45:10 - [MESSAGE][INFO] - Checking called Test Case

2021-11-23 16:45:10 - [MESSAGE][INFO] - Starting to call Test Case 'Test Cases/Olusturma/Genel/EttnBilgisiKayitEdilir'

2021-11-23 16:45:11 - [TEST_CASE][PASSED] - Test Cases/Olusturma/Genel/EttnBilgisiKayitEdilir: Test Cases/Olusturma/Genel/EttnBilgisiKayitEdilir

2021-11-23 16:45:11 - [TEST_STEP][PASSED] - verifyElementPresent(findTestObject("Object Repository/Olusturma/Genel/Olusturma/eArsivEttnBilgisi"), 7): Object 'Object Repository/Olusturma/Genel/Olusturma/eArsivEttnBilgisi' is present

2021-11-23 16:45:11 - [MESSAGE][INFO] - Finding Test Object 'Object Repository/Olusturma/Genel/Olusturma/eArsivEttnBilgisi'

2021-11-23 16:45:11 - [MESSAGE][INFO] - Checking object

2021-11-23 16:45:11 - [MESSAGE][INFO] - Finding web element from Test Object's properties

2021-11-23 16:45:11 - [MESSAGE][INFO] - Checking timeout

2021-11-23 16:45:11 - [MESSAGE][INFO] - Finding web element with id: 'Object Repository/Olusturma/Genel/Olusturma/eArsivEttnBilgisi' located by 'By.xpath: //*[@id = 'Uuid_I']' in '7' second(s)

2021-11-23 16:45:11 - [MESSAGE][INFO] - Smart Wait Function is triggered

2021-11-23 16:45:11 - [MESSAGE][INFO] - Found 1 web elements with id: 'Object Repository/Olusturma/Genel/Olusturma/eArsivEttnBilgisi' located by 'By.xpath: //*[@id = 'Uuid_I']' in '7' second(s)

2021-11-23 16:45:11 - [MESSAGE][PASSED] - Object 'Object Repository/Olusturma/Genel/Olusturma/eArsivEttnBilgisi' is present

2021-11-23 16:45:11 - [TEST_STEP][PASSED] - ettn = getAttribute(findTestObject("Object Repository/Olusturma/Genel/Olusturma/eArsivEttnBilgisi"), "value"): Attribute 'value' of object 'Object Repository/Olusturma/Genel/Olusturma/eArsivEttnBilgisi' is: '66d9212d-9501-4468-90f9-7019cdbd00b8'

2021-11-23 16:45:11 - [MESSAGE][INFO] - Finding Test Object 'Object Repository/Olusturma/Genel/Olusturma/eArsivEttnBilgisi'

2021-11-23 16:45:11 - [MESSAGE][INFO] - Checking object

2021-11-23 16:45:11 - [MESSAGE][INFO] - Checking attribute

2021-11-23 16:45:11 - [MESSAGE][INFO] - Finding web element from Test Object's properties

2021-11-23 16:45:11 - [MESSAGE][INFO] - Checking timeout

2021-11-23 16:45:11 - [MESSAGE][INFO] - Finding web element with id: 'Object Repository/Olusturma/Genel/Olusturma/eArsivEttnBilgisi' located by 'By.xpath: //*[@id = 'Uuid_I']' in '30' second(s)

2021-11-23 16:45:11 - [MESSAGE][INFO] - Smart Wait Function is triggered

2021-11-23 16:45:11 - [MESSAGE][INFO] - Found 1 web elements with id: 'Object Repository/Olusturma/Genel/Olusturma/eArsivEttnBilgisi' located by 'By.xpath: //*[@id = 'Uuid_I']' in '30' second(s)

2021-11-23 16:45:11 - [MESSAGE][INFO] - Getting attribute 'value' of object 'Object Repository/Olusturma/Genel/Olusturma/eArsivEttnBilgisi'

2021-11-23 16:45:11 - [MESSAGE][PASSED] - Attribute 'value' of object 'Object Repository/Olusturma/Genel/Olusturma/eArsivEttnBilgisi' is: '66d9212d-9501-4468-90f9-7019cdbd00b8'

2021-11-23 16:45:11 - [MESSAGE][PASSED] - Call Test Case 'Test Cases/Olusturma/Genel/EttnBilgisiKayitEdilir' successfully

2021-11-23 16:45:11 - [MESSAGE][INFO] - Checking called Test Case

2021-11-23 16:45:11 - [MESSAGE][INFO] - Starting to call Test Case 'Test Cases/Olusturma/Genel/KaydetButonunaTiklanir'

2021-11-23 16:45:11 - [TEST_CASE][PASSED] - Test Cases/Olusturma/Genel/KaydetButonunaTiklanir: Test Cases/Olusturma/Genel/KaydetButonunaTiklanir

2021-11-23 16:45:11 - [TEST_STEP][PASSED] - i = 0: null

2021-11-23 16:45:11 - [TEST_STEP][PASSED] - waitForElementPresent(findTestObject("Olusturma/Genel/Not/Notlar"), 10): Object 'Object Repository/Olusturma/Genel/Not/Notlar' is present

2021-11-23 16:45:11 - [MESSAGE][INFO] - Finding Test Object 'Object Repository/Olusturma/Genel/Not/Notlar'

2021-11-23 16:45:11 - [MESSAGE][INFO] - Checking object

2021-11-23 16:45:11 - [MESSAGE][INFO] - Finding web element from Test Object's properties

2021-11-23 16:45:11 - [MESSAGE][INFO] - Checking timeout

2021-11-23 16:45:11 - [MESSAGE][INFO] - Finding web element with id: 'Object Repository/Olusturma/Genel/Not/Notlar' located by 'By.xpath: //*[@id = 'txtNote_I']' in '10' second(s)

2021-11-23 16:45:11 - [MESSAGE][INFO] - Smart Wait Function is triggered

2021-11-23 16:45:12 - [MESSAGE][INFO] - Found 1 web elements with id: 'Object Repository/Olusturma/Genel/Not/Notlar' located by 'By.xpath: //*[@id = 'txtNote_I']' in '10' second(s)

2021-11-23 16:45:12 - [MESSAGE][PASSED] - Object 'Object Repository/Olusturma/Genel/Not/Notlar' is present

2021-11-23 16:45:12 - [TEST_STEP][PASSED] - click(findTestObject("Olusturma/Genel/Not/Notlar")): Object: 'Object Repository/Olusturma/Genel/Not/Notlar' is clicked on

2021-11-23 16:45:12 - [MESSAGE][INFO] - Finding Test Object 'Object Repository/Olusturma/Genel/Not/Notlar'

2021-11-23 16:45:12 - [MESSAGE][INFO] - Checking object

2021-11-23 16:45:12 - [MESSAGE][INFO] - Finding web element from Test Object's properties

2021-11-23 16:45:12 - [MESSAGE][INFO] - Checking timeout

2021-11-23 16:45:12 - [MESSAGE][INFO] - Finding web element with id: 'Object Repository/Olusturma/Genel/Not/Notlar' located by 'By.xpath: //*[@id = 'txtNote_I']' in '30' second(s)

2021-11-23 16:45:12 - [MESSAGE][INFO] - Smart Wait Function is triggered

2021-11-23 16:45:12 - [MESSAGE][INFO] - Found 1 web elements with id: 'Object Repository/Olusturma/Genel/Not/Notlar' located by 'By.xpath: //*[@id = 'txtNote_I']' in '30' second(s)

2021-11-23 16:45:12 - [MESSAGE][INFO] - Clicking on object: 'Object Repository/Olusturma/Genel/Not/Notlar'

2021-11-23 16:45:12 - [MESSAGE][PASSED] - Object: 'Object Repository/Olusturma/Genel/Not/Notlar' is clicked on

2021-11-23 16:45:12 - [TEST_STEP][PASSED] - while (true): null

2021-11-23 16:45:12 - [TEST_STEP][PASSED] - delay(1): Delayed 1 second(s)

2021-11-23 16:45:12 - [MESSAGE][INFO] - Delaying browser in 1 second(s)

2021-11-23 16:45:13 - [MESSAGE][PASSED] - Delayed 1 second(s)

2021-11-23 16:45:13 - [TEST_STEP][PASSED] - ajaxIsComplete = executeJavaScript("return jQuery.active == 0", null): Execute JavaScript 'return jQuery.active == 0' successfully

2021-11-23 16:45:13 - [MESSAGE][PASSED] - Execute JavaScript 'return jQuery.active == 0' successfully

2021-11-23 16:45:13 - [TEST_STEP][PASSED] - if (ajaxIsComplete): null

2021-11-23 16:45:13 - [TEST_STEP][PASSED] - break: null

2021-11-23 16:45:13 - [TEST_STEP][PASSED] - waitForElementClickable(findTestObject("Object Repository/Olusturma/Genel/Buton"), 10): Object 'Object Repository/Olusturma/Genel/Buton' is clickable

2021-11-23 16:45:13 - [MESSAGE][INFO] - Finding Test Object 'Object Repository/Olusturma/Genel/Buton'

2021-11-23 16:45:13 - [MESSAGE][INFO] - Checking object

2021-11-23 16:45:13 - [MESSAGE][INFO] - Checking timeout

2021-11-23 16:45:13 - [MESSAGE][INFO] - Finding web element from Test Object's properties

2021-11-23 16:45:13 - [MESSAGE][INFO] - Checking timeout

2021-11-23 16:45:13 - [MESSAGE][INFO] - Finding web element with id: 'Object Repository/Olusturma/Genel/Buton' located by 'By.xpath: //*[@id = 'btnKaydet']' in '10' second(s)

2021-11-23 16:45:13 - [MESSAGE][INFO] - Smart Wait Function is triggered

2021-11-23 16:45:14 - [MESSAGE][INFO] - Found 1 web elements with id: 'Object Repository/Olusturma/Genel/Buton' located by 'By.xpath: //*[@id = 'btnKaydet']' in '10' second(s)

2021-11-23 16:45:14 - [MESSAGE][PASSED] - Object 'Object Repository/Olusturma/Genel/Buton' is clickable

2021-11-23 16:45:14 - [TEST_STEP][PASSED] - click(findTestObject("Object Repository/Olusturma/Genel/Buton")): Object: 'Object Repository/Olusturma/Genel/Buton' is clicked on

2021-11-23 16:45:14 - [MESSAGE][INFO] - Finding Test Object 'Object Repository/Olusturma/Genel/Buton'

2021-11-23 16:45:14 - [MESSAGE][INFO] - Checking object

2021-11-23 16:45:14 - [MESSAGE][INFO] - Finding web element from Test Object's properties

2021-11-23 16:45:14 - [MESSAGE][INFO] - Checking timeout

2021-11-23 16:45:14 - [MESSAGE][INFO] - Finding web element with id: 'Object Repository/Olusturma/Genel/Buton' located by 'By.xpath: //*[@id = 'btnKaydet']' in '30' second(s)

2021-11-23 16:45:14 - [MESSAGE][INFO] - Smart Wait Function is triggered

2021-11-23 16:45:14 - [MESSAGE][INFO] - Found 1 web elements with id: 'Object Repository/Olusturma/Genel/Buton' located by 'By.xpath: //*[@id = 'btnKaydet']' in '30' second(s)

2021-11-23 16:45:14 - [MESSAGE][INFO] - Clicking on object: 'Object Repository/Olusturma/Genel/Buton'

2021-11-23 16:45:17 - [MESSAGE][PASSED] - Object: 'Object Repository/Olusturma/Genel/Buton' is clicked on

2021-11-23 16:45:17 - [MESSAGE][PASSED] - Call Test Case 'Test Cases/Olusturma/Genel/KaydetButonunaTiklanir' successfully

2021-11-23 16:45:17 - [MESSAGE][INFO] - Checking called Test Case

2021-11-23 16:45:17 - [MESSAGE][INFO] - Starting to call Test Case 'Test Cases/Tablo/TablodaEttnliVeriOlusturulduMu'

2021-11-23 16:45:17 - [TEST_CASE][PASSED] - Test Cases/Tablo/TablodaEttnliVeriOlusturulduMu: Test Cases/Tablo/TablodaEttnliVeriOlusturulduMu

2021-11-23 16:45:17 - [TEST_STEP][PASSED] - Method.TextDegerineEsitElementVarMi(findTestObject("Tablo/OlusturulanVeri"), ettn): Method.TextDegerineEsitElementVarMi is PASSED

2021-11-23 16:45:17 - [MESSAGE][INFO] - Finding Test Object 'Object Repository/Tablo/OlusturulanVeri'

2021-11-23 16:45:17 - [MESSAGE][INFO] - Checking timeout

2021-11-23 16:45:17 - [MESSAGE][INFO] - Finding web element with id: 'Object Repository/Tablo/OlusturulanVeri' located by 'By.cssSelector: table.dxgvTable_LECustomTheme>tbody>tr:nth-child(3)>td.dxgv b,table.dxgvTable_LECustomTheme>tbody>tr:nth-child(3)>td.dxgv' in '10' second(s)

2021-11-23 16:45:17 - [MESSAGE][INFO] - Smart Wait Function is triggered

2021-11-23 16:45:18 - [MESSAGE][INFO] - Found 14 web elements with id: 'Object Repository/Tablo/OlusturulanVeri' located by 'By.cssSelector: table.dxgvTable_LECustomTheme>tbody>tr:nth-child(3)>td.dxgv b,table.dxgvTable_LECustomTheme>tbody>tr:nth-child(3)>td.dxgv' in '10' second(s)

2021-11-23 16:45:18 - [MESSAGE][PASSED] - Method.TextDegerineEsitElementVarMi is PASSED

2021-11-23 16:45:18 - [MESSAGE][PASSED] - Call Test Case 'Test Cases/Tablo/TablodaEttnliVeriOlusturulduMu' successfully

2021-11-23 16:45:18 - [MESSAGE][INFO] - Checking called Test Case

2021-11-23 16:45:18 - [MESSAGE][INFO] - Starting to call Test Case 'Test Cases/Tablo/TablodanEttnliVeriSec'

2021-11-23 16:45:18 - [TEST_CASE][PASSED] - Test Cases/Tablo/TablodanEttnliVeriSec: Test Cases/Tablo/TablodanEttnliVeriSec

2021-11-23 16:45:18 - [TEST_STEP][PASSED] - Method.TextDegerineEsitElementinAltindakineTikla(findTestObject("Tablo/Veriler"), findTestObject("Tablo/VerininCheckBoxi"), ettn): Method.TextDegerineEsitElementinAltindakineTikla is PASSED

2021-11-23 16:45:18 - [MESSAGE][INFO] - Finding Test Object 'Object Repository/Tablo/Veriler'

2021-11-23 16:45:18 - [MESSAGE][INFO] - Finding Test Object 'Object Repository/Tablo/VerininCheckBoxi'

2021-11-23 16:45:18 - [MESSAGE][INFO] - Checking timeout

2021-11-23 16:45:18 - [MESSAGE][INFO] - Finding web element with id: 'Object Repository/Tablo/Veriler' located by 'By.cssSelector: td.dxgv b ,td.dxgv' in '10' second(s)

2021-11-23 16:45:18 - [MESSAGE][INFO] - Smart Wait Function is triggered

2021-11-23 16:45:19 - [MESSAGE][INFO] - Found 84 web elements with id: 'Object Repository/Tablo/Veriler' located by 'By.cssSelector: td.dxgv b ,td.dxgv' in '10' second(s)

2021-11-23 16:45:19 - [MESSAGE][INFO] - Smart Wait Function is triggered

2021-11-23 16:45:19 - [MESSAGE][PASSED] - Method.TextDegerineEsitElementinAltindakineTikla is PASSED

2021-11-23 16:45:19 - [MESSAGE][PASSED] - Call Test Case 'Test Cases/Tablo/TablodanEttnliVeriSec' successfully

2021-11-23 16:45:19 - [MESSAGE][INFO] - Checking called Test Case

2021-11-23 16:45:19 - [MESSAGE][INFO] - Starting to call Test Case 'Test Cases/Butonlar/ButonaTikla'

2021-11-23 16:45:19 - [TEST_CASE][PASSED] - Test Cases/Butonlar/ButonaTikla: Test Cases/Butonlar/ButonaTikla

2021-11-23 16:45:19 - [TEST_STEP][PASSED] - Method.TextDegerineEsitElementeTiklaEquals(findTestObject("Butonlar/Butonlar"), Buton_Adi): Method.TextDegerineEsitElementeTiklaEquals is PASSED

2021-11-23 16:45:19 - [MESSAGE][INFO] - Finding Test Object 'Object Repository/Butonlar/Butonlar'

2021-11-23 16:45:19 - [MESSAGE][INFO] - Checking timeout

2021-11-23 16:45:19 - [MESSAGE][INFO] - Finding web element with id: 'Object Repository/Butonlar/Butonlar' located by 'By.cssSelector: .panel.panel-default.text-center.footerPanel .btn,.btn.btn-primary.btnControls' in '10' second(s)

2021-11-23 16:45:19 - [MESSAGE][INFO] - Smart Wait Function is triggered

2021-11-23 16:45:20 - [MESSAGE][INFO] - Found 9 web elements with id: 'Object Repository/Butonlar/Butonlar' located by 'By.cssSelector: .panel.panel-default.text-center.footerPanel .btn,.btn.btn-primary.btnControls' in '10' second(s)

2021-11-23 16:45:20 - [MESSAGE][PASSED] - Method.TextDegerineEsitElementeTiklaEquals is PASSED

2021-11-23 16:45:20 - [MESSAGE][PASSED] - Call Test Case 'Test Cases/Butonlar/ButonaTikla' successfully

2021-11-23 16:45:20 - [MESSAGE][INFO] - Checking called Test Case

2021-11-23 16:45:20 - [MESSAGE][INFO] - Starting to call Test Case 'Test Cases/Popup/PopupMesajiIceriyorMu'

2021-11-23 16:45:20 - [TEST_CASE][PASSED] - Test Cases/Popup/PopupMesajiIceriyorMu: Test Cases/Popup/PopupMesajiIceriyorMu

2021-11-23 16:45:20 - [TEST_STEP][PASSED] - waitForElementVisible(findTestObject("Popup/Popup"), 10): Object 'Object Repository/Popup/Popup' is visible

2021-11-23 16:45:20 - [MESSAGE][INFO] - Finding Test Object 'Object Repository/Popup/Popup'

2021-11-23 16:45:20 - [MESSAGE][INFO] - Checking object

2021-11-23 16:45:20 - [MESSAGE][INFO] - Checking timeout

2021-11-23 16:45:20 - [MESSAGE][INFO] - Finding web element from Test Object's properties

2021-11-23 16:45:20 - [MESSAGE][INFO] - Checking timeout

2021-11-23 16:45:20 - [MESSAGE][INFO] - Finding web element with id: 'Object Repository/Popup/Popup' located by 'By.cssSelector: .bootbox-body' in '10' second(s)

2021-11-23 16:45:20 - [MESSAGE][INFO] - Smart Wait Function is triggered

2021-11-23 16:45:21 - [MESSAGE][INFO] - Found 1 web elements with id: 'Object Repository/Popup/Popup' located by 'By.cssSelector: .bootbox-body' in '10' second(s)

2021-11-23 16:45:21 - [MESSAGE][PASSED] - Object 'Object Repository/Popup/Popup' is visible

2021-11-23 16:45:21 - [TEST_STEP][PASSED] - if (!(getText(findTestObject("Popup/Popup")).contains(Mesaj))): Text of object 'Object Repository/Popup/Popup' is: 'Oluşturulacak fatura numarası : EAR2021000000498 Fatura numarası oluşturulduktan sonra fatura silinemez. Fatura numarası, tarihi ve ön eki değiştirilemez. Devam etmek istiyor musunuz?'

2021-11-23 16:45:21 - [MESSAGE][INFO] - Finding Test Object 'Object Repository/Popup/Popup'

2021-11-23 16:45:21 - [MESSAGE][INFO] - Checking object

2021-11-23 16:45:21 - [MESSAGE][INFO] - Finding web element from Test Object's properties

2021-11-23 16:45:21 - [MESSAGE][INFO] - Checking timeout

2021-11-23 16:45:21 - [MESSAGE][INFO] - Finding web element with id: 'Object Repository/Popup/Popup' located by 'By.cssSelector: .bootbox-body' in '30' second(s)

2021-11-23 16:45:21 - [MESSAGE][INFO] - Smart Wait Function is triggered

2021-11-23 16:45:21 - [MESSAGE][INFO] - Found 1 web elements with id: 'Object Repository/Popup/Popup' located by 'By.cssSelector: .bootbox-body' in '30' second(s)

2021-11-23 16:45:21 - [MESSAGE][INFO] - Getting text of object 'Object Repository/Popup/Popup'

2021-11-23 16:45:21 - [MESSAGE][PASSED] - Text of object 'Object Repository/Popup/Popup' is: 'Oluşturulacak fatura numarası : EAR2021000000498 Fatura numarası oluşturulduktan sonra fatura silinemez. Fatura numarası, tarihi ve ön eki değiştirilemez. Devam etmek istiyor musunuz?'

2021-11-23 16:45:21 - [TEST_STEP][PASSED] - RaporNo = getText(findTestObject("Popup/Popup")).substring(0, 6): Text of object 'Object Repository/Popup/Popup' is: 'Oluşturulacak fatura numarası : EAR2021000000498 Fatura numarası oluşturulduktan sonra fatura silinemez. Fatura numarası, tarihi ve ön eki değiştirilemez. Devam etmek istiyor musunuz?'

2021-11-23 16:45:21 - [MESSAGE][INFO] - Finding Test Object 'Object Repository/Popup/Popup'

2021-11-23 16:45:21 - [MESSAGE][INFO] - Checking object

2021-11-23 16:45:21 - [MESSAGE][INFO] - Finding web element from Test Object's properties

2021-11-23 16:45:21 - [MESSAGE][INFO] - Checking timeout

2021-11-23 16:45:21 - [MESSAGE][INFO] - Finding web element with id: 'Object Repository/Popup/Popup' located by 'By.cssSelector: .bootbox-body' in '30' second(s)

2021-11-23 16:45:21 - [MESSAGE][INFO] - Smart Wait Function is triggered

2021-11-23 16:45:22 - [MESSAGE][INFO] - Found 1 web elements with id: 'Object Repository/Popup/Popup' located by 'By.cssSelector: .bootbox-body' in '30' second(s)

2021-11-23 16:45:22 - [MESSAGE][INFO] - Getting text of object 'Object Repository/Popup/Popup'

2021-11-23 16:45:22 - [MESSAGE][PASSED] - Text of object 'Object Repository/Popup/Popup' is: 'Oluşturulacak fatura numarası : EAR2021000000498 Fatura numarası oluşturulduktan sonra fatura silinemez. Fatura numarası, tarihi ve ön eki değiştirilemez. Devam etmek istiyor musunuz?'

2021-11-23 16:45:22 - [TEST_STEP][PASSED] - Console.println(RaporNo): null

2021-11-23 16:45:22 - [MESSAGE][PASSED] - Call Test Case 'Test Cases/Popup/PopupMesajiIceriyorMu' successfully

2021-11-23 16:45:22 - [MESSAGE][INFO] - Checking called Test Case

2021-11-23 16:45:22 - [MESSAGE][INFO] - Starting to call Test Case 'Test Cases/Popup/PopupButonSecilir'

2021-11-23 16:45:22 - [TEST_CASE][PASSED] - Test Cases/Popup/PopupButonSecilir: Test Cases/Popup/PopupButonSecilir

2021-11-23 16:45:22 - [TEST_STEP][PASSED] - Method.TextDegerineEsitElementeTikla(findTestObject("Popup/Popup_Butons"), Buton): Method.TextDegerineEsitElementeTikla is PASSED

2021-11-23 16:45:22 - [MESSAGE][INFO] - Finding Test Object 'Object Repository/Popup/Popup_Butons'

2021-11-23 16:45:22 - [MESSAGE][INFO] - Checking timeout

2021-11-23 16:45:22 - [MESSAGE][INFO] - Finding web element with id: 'Object Repository/Popup/Popup_Butons' located by 'By.cssSelector: .modal-footer>button' in '10' second(s)

2021-11-23 16:45:22 - [MESSAGE][INFO] - Smart Wait Function is triggered

2021-11-23 16:45:22 - [MESSAGE][INFO] - Found 2 web elements with id: 'Object Repository/Popup/Popup_Butons' located by 'By.cssSelector: .modal-footer>button' in '10' second(s)

2021-11-23 16:45:22 - [MESSAGE][PASSED] - Method.TextDegerineEsitElementeTikla is PASSED

2021-11-23 16:45:22 - [MESSAGE][PASSED] - Call Test Case 'Test Cases/Popup/PopupButonSecilir' successfully

2021-11-23 16:45:22 - [MESSAGE][INFO] - Checking called Test Case

2021-11-23 16:45:22 - [MESSAGE][INFO] - Starting to call Test Case 'Test Cases/Popup/PopupMesajiIceriyorMu'

2021-11-23 16:45:22 - [TEST_CASE][PASSED] - Test Cases/Popup/PopupMesajiIceriyorMu: Test Cases/Popup/PopupMesajiIceriyorMu

2021-11-23 16:45:22 - [TEST_STEP][PASSED] - waitForElementVisible(findTestObject("Popup/Popup"), 10): Object 'Object Repository/Popup/Popup' is visible

2021-11-23 16:45:22 - [MESSAGE][INFO] - Finding Test Object 'Object Repository/Popup/Popup'

2021-11-23 16:45:23 - [MESSAGE][INFO] - Checking object

2021-11-23 16:45:23 - [MESSAGE][INFO] - Checking timeout

2021-11-23 16:45:23 - [MESSAGE][INFO] - Finding web element from Test Object's properties

2021-11-23 16:45:23 - [MESSAGE][INFO] - Checking timeout

2021-11-23 16:45:23 - [MESSAGE][INFO] - Finding web element with id: 'Object Repository/Popup/Popup' located by 'By.cssSelector: .bootbox-body' in '10' second(s)

2021-11-23 16:45:23 - [MESSAGE][INFO] - Smart Wait Function is triggered

2021-11-23 16:45:23 - [MESSAGE][INFO] - Found 1 web elements with id: 'Object Repository/Popup/Popup' located by 'By.cssSelector: .bootbox-body' in '10' second(s)

2021-11-23 16:45:23 - [MESSAGE][PASSED] - Object 'Object Repository/Popup/Popup' is visible

2021-11-23 16:45:23 - [TEST_STEP][PASSED] - if (!(getText(findTestObject("Popup/Popup")).contains(Mesaj))): Text of object 'Object Repository/Popup/Popup' is: 'Fatura numaranız EAR2021000000498 olarak oluşmuştur.'

2021-11-23 16:45:23 - [MESSAGE][INFO] - Finding Test Object 'Object Repository/Popup/Popup'

2021-11-23 16:45:23 - [MESSAGE][INFO] - Checking object

2021-11-23 16:45:23 - [MESSAGE][INFO] - Finding web element from Test Object's properties

2021-11-23 16:45:23 - [MESSAGE][INFO] - Checking timeout

2021-11-23 16:45:23 - [MESSAGE][INFO] - Finding web element with id: 'Object Repository/Popup/Popup' located by 'By.cssSelector: .bootbox-body' in '30' second(s)

2021-11-23 16:45:23 - [MESSAGE][INFO] - Smart Wait Function is triggered

2021-11-23 16:45:24 - [MESSAGE][INFO] - Found 1 web elements with id: 'Object Repository/Popup/Popup' located by 'By.cssSelector: .bootbox-body' in '30' second(s)

2021-11-23 16:45:24 - [MESSAGE][INFO] - Getting text of object 'Object Repository/Popup/Popup'

2021-11-23 16:45:24 - [MESSAGE][PASSED] - Text of object 'Object Repository/Popup/Popup' is: 'Fatura numaranız EAR2021000000498 olarak oluşmuştur.'

2021-11-23 16:45:24 - [TEST_STEP][PASSED] - RaporNo = getText(findTestObject("Popup/Popup")).substring(0, 6): Text of object 'Object Repository/Popup/Popup' is: 'Fatura numaranız EAR2021000000498 olarak oluşmuştur.'

2021-11-23 16:45:24 - [MESSAGE][INFO] - Finding Test Object 'Object Repository/Popup/Popup'

2021-11-23 16:45:24 - [MESSAGE][INFO] - Checking object

2021-11-23 16:45:24 - [MESSAGE][INFO] - Finding web element from Test Object's properties

2021-11-23 16:45:24 - [MESSAGE][INFO] - Checking timeout

2021-11-23 16:45:24 - [MESSAGE][INFO] - Finding web element with id: 'Object Repository/Popup/Popup' located by 'By.cssSelector: .bootbox-body' in '30' second(s)

2021-11-23 16:45:24 - [MESSAGE][INFO] - Smart Wait Function is triggered

2021-11-23 16:45:24 - [MESSAGE][INFO] - Found 1 web elements with id: 'Object Repository/Popup/Popup' located by 'By.cssSelector: .bootbox-body' in '30' second(s)

2021-11-23 16:45:24 - [MESSAGE][INFO] - Getting text of object 'Object Repository/Popup/Popup'

2021-11-23 16:45:24 - [MESSAGE][PASSED] - Text of object 'Object Repository/Popup/Popup' is: 'Fatura numaranız EAR2021000000498 olarak oluşmuştur.'

2021-11-23 16:45:24 - [TEST_STEP][PASSED] - Console.println(RaporNo): null

2021-11-23 16:45:24 - [MESSAGE][PASSED] - Call Test Case 'Test Cases/Popup/PopupMesajiIceriyorMu' successfully

2021-11-23 16:45:24 - [MESSAGE][INFO] - Checking called Test Case

2021-11-23 16:45:24 - [MESSAGE][INFO] - Starting to call Test Case 'Test Cases/Popup/PopupButonSecilir'

2021-11-23 16:45:24 - [TEST_CASE][PASSED] - Test Cases/Popup/PopupButonSecilir: Test Cases/Popup/PopupButonSecilir

2021-11-23 16:45:24 - [TEST_STEP][PASSED] - Method.TextDegerineEsitElementeTikla(findTestObject("Popup/Popup_Butons"), Buton): Method.TextDegerineEsitElementeTikla is PASSED

2021-11-23 16:45:24 - [MESSAGE][INFO] - Finding Test Object 'Object Repository/Popup/Popup_Butons'

2021-11-23 16:45:24 - [MESSAGE][INFO] - Checking timeout

2021-11-23 16:45:24 - [MESSAGE][INFO] - Finding web element with id: 'Object Repository/Popup/Popup_Butons' located by 'By.cssSelector: .modal-footer>button' in '10' second(s)

2021-11-23 16:45:24 - [MESSAGE][INFO] - Smart Wait Function is triggered

2021-11-23 16:45:25 - [MESSAGE][INFO] - Found 1 web elements with id: 'Object Repository/Popup/Popup_Butons' located by 'By.cssSelector: .modal-footer>button' in '10' second(s)

2021-11-23 16:45:25 - [MESSAGE][PASSED] - Method.TextDegerineEsitElementeTikla is PASSED

2021-11-23 16:45:25 - [MESSAGE][PASSED] - Call Test Case 'Test Cases/Popup/PopupButonSecilir' successfully

2021-11-23 16:45:25 - [MESSAGE][INFO] - Checking called Test Case

2021-11-23 16:45:25 - [MESSAGE][INFO] - Starting to call Test Case 'Test Cases/Tablo/TablodanEttnliVeriSec'

2021-11-23 16:45:25 - [TEST_CASE][PASSED] - Test Cases/Tablo/TablodanEttnliVeriSec: Test Cases/Tablo/TablodanEttnliVeriSec

2021-11-23 16:45:25 - [TEST_STEP][PASSED] - Method.TextDegerineEsitElementinAltindakineTikla(findTestObject("Tablo/Veriler"), findTestObject("Tablo/VerininCheckBoxi"), ettn): Method.TextDegerineEsitElementinAltindakineTikla is PASSED

2021-11-23 16:45:25 - [MESSAGE][INFO] - Finding Test Object 'Object Repository/Tablo/Veriler'

2021-11-23 16:45:25 - [MESSAGE][INFO] - Finding Test Object 'Object Repository/Tablo/VerininCheckBoxi'

2021-11-23 16:45:25 - [MESSAGE][INFO] - Checking timeout

2021-11-23 16:45:25 - [MESSAGE][INFO] - Finding web element with id: 'Object Repository/Tablo/Veriler' located by 'By.cssSelector: td.dxgv b ,td.dxgv' in '10' second(s)

2021-11-23 16:45:25 - [MESSAGE][INFO] - Smart Wait Function is triggered

2021-11-23 16:45:25 - [MESSAGE][INFO] - Found 84 web elements with id: 'Object Repository/Tablo/Veriler' located by 'By.cssSelector: td.dxgv b ,td.dxgv' in '10' second(s)

2021-11-23 16:45:26 - [MESSAGE][INFO] - Smart Wait Function is triggered

2021-11-23 16:45:26 - [MESSAGE][PASSED] - Method.TextDegerineEsitElementinAltindakineTikla is PASSED

2021-11-23 16:45:26 - [MESSAGE][PASSED] - Call Test Case 'Test Cases/Tablo/TablodanEttnliVeriSec' successfully

2021-11-23 16:45:26 - [MESSAGE][INFO] - Checking called Test Case

2021-11-23 16:45:26 - [MESSAGE][INFO] - Starting to call Test Case 'Test Cases/Butonlar/ButonaTikla'

2021-11-23 16:45:26 - [TEST_CASE][PASSED] - Test Cases/Butonlar/ButonaTikla: Test Cases/Butonlar/ButonaTikla

2021-11-23 16:45:26 - [TEST_STEP][PASSED] - Method.TextDegerineEsitElementeTiklaEquals(findTestObject("Butonlar/Butonlar"), Buton_Adi): Method.TextDegerineEsitElementeTiklaEquals is PASSED

2021-11-23 16:45:26 - [MESSAGE][INFO] - Finding Test Object 'Object Repository/Butonlar/Butonlar'

2021-11-23 16:45:26 - [MESSAGE][INFO] - Checking timeout

2021-11-23 16:45:26 - [MESSAGE][INFO] - Finding web element with id: 'Object Repository/Butonlar/Butonlar' located by 'By.cssSelector: .panel.panel-default.text-center.footerPanel .btn,.btn.btn-primary.btnControls' in '10' second(s)

2021-11-23 16:45:26 - [MESSAGE][INFO] - Smart Wait Function is triggered

2021-11-23 16:45:26 - [MESSAGE][INFO] - Found 9 web elements with id: 'Object Repository/Butonlar/Butonlar' located by 'By.cssSelector: .panel.panel-default.text-center.footerPanel .btn,.btn.btn-primary.btnControls' in '10' second(s)

2021-11-23 16:45:27 - [MESSAGE][PASSED] - Method.TextDegerineEsitElementeTiklaEquals is PASSED

2021-11-23 16:45:27 - [MESSAGE][PASSED] - Call Test Case 'Test Cases/Butonlar/ButonaTikla' successfully

2021-11-23 16:45:27 - [MESSAGE][INFO] - Checking called Test Case

2021-11-23 16:45:27 - [MESSAGE][INFO] - Starting to call Test Case 'Test Cases/Popup/PopupMesajiIceriyorMu'

2021-11-23 16:45:27 - [TEST_CASE][PASSED] - Test Cases/Popup/PopupMesajiIceriyorMu: Test Cases/Popup/PopupMesajiIceriyorMu

2021-11-23 16:45:27 - [TEST_STEP][PASSED] - waitForElementVisible(findTestObject("Popup/Popup"), 10): Object 'Object Repository/Popup/Popup' is visible

2021-11-23 16:45:27 - [MESSAGE][INFO] - Finding Test Object 'Object Repository/Popup/Popup'

2021-11-23 16:45:27 - [MESSAGE][INFO] - Checking object

2021-11-23 16:45:27 - [MESSAGE][INFO] - Checking timeout

2021-11-23 16:45:27 - [MESSAGE][INFO] - Finding web element from Test Object's properties

2021-11-23 16:45:27 - [MESSAGE][INFO] - Checking timeout

2021-11-23 16:45:27 - [MESSAGE][INFO] - Finding web element with id: 'Object Repository/Popup/Popup' located by 'By.cssSelector: .bootbox-body' in '10' second(s)

2021-11-23 16:45:27 - [MESSAGE][INFO] - Smart Wait Function is triggered

2021-11-23 16:45:28 - [MESSAGE][INFO] - Found 1 web elements with id: 'Object Repository/Popup/Popup' located by 'By.cssSelector: .bootbox-body' in '10' second(s)

2021-11-23 16:45:28 - [MESSAGE][PASSED] - Object 'Object Repository/Popup/Popup' is visible

2021-11-23 16:45:28 - [TEST_STEP][PASSED] - if (!(getText(findTestObject("Popup/Popup")).contains(Mesaj))): Text of object 'Object Repository/Popup/Popup' is: 'EAR serisi için onaylanmamış belge(leri)niz bulunmaktadır.
Devam etmek istiyor musunuz?'

2021-11-23 16:45:28 - [MESSAGE][INFO] - Finding Test Object 'Object Repository/Popup/Popup'

2021-11-23 16:45:28 - [MESSAGE][INFO] - Checking object

2021-11-23 16:45:28 - [MESSAGE][INFO] - Finding web element from Test Object's properties

2021-11-23 16:45:28 - [MESSAGE][INFO] - Checking timeout

2021-11-23 16:45:28 - [MESSAGE][INFO] - Finding web element with id: 'Object Repository/Popup/Popup' located by 'By.cssSelector: .bootbox-body' in '30' second(s)

2021-11-23 16:45:28 - [MESSAGE][INFO] - Smart Wait Function is triggered

2021-11-23 16:45:28 - [MESSAGE][INFO] - Found 1 web elements with id: 'Object Repository/Popup/Popup' located by 'By.cssSelector: .bootbox-body' in '30' second(s)

2021-11-23 16:45:28 - [MESSAGE][INFO] - Getting text of object 'Object Repository/Popup/Popup'

2021-11-23 16:45:28 - [MESSAGE][PASSED] - Text of object 'Object Repository/Popup/Popup' is: 'EAR serisi için onaylanmamış belge(leri)niz bulunmaktadır.
Devam etmek istiyor musunuz?'

2021-11-23 16:45:28 - [TEST_STEP][PASSED] - RaporNo = getText(findTestObject("Popup/Popup")).substring(0, 6): Text of object 'Object Repository/Popup/Popup' is: 'EAR serisi için onaylanmamış belge(leri)niz bulunmaktadır.
Devam etmek istiyor musunuz?'

2021-11-23 16:45:28 - [MESSAGE][INFO] - Finding Test Object 'Object Repository/Popup/Popup'

2021-11-23 16:45:28 - [MESSAGE][INFO] - Checking object

2021-11-23 16:45:28 - [MESSAGE][INFO] - Finding web element from Test Object's properties

2021-11-23 16:45:28 - [MESSAGE][INFO] - Checking timeout

2021-11-23 16:45:28 - [MESSAGE][INFO] - Finding web element with id: 'Object Repository/Popup/Popup' located by 'By.cssSelector: .bootbox-body' in '30' second(s)

2021-11-23 16:45:28 - [MESSAGE][INFO] - Smart Wait Function is triggered

2021-11-23 16:45:28 - [MESSAGE][INFO] - Found 1 web elements with id: 'Object Repository/Popup/Popup' located by 'By.cssSelector: .bootbox-body' in '30' second(s)

2021-11-23 16:45:28 - [MESSAGE][INFO] - Getting text of object 'Object Repository/Popup/Popup'

2021-11-23 16:45:28 - [MESSAGE][PASSED] - Text of object 'Object Repository/Popup/Popup' is: 'EAR serisi için onaylanmamış belge(leri)niz bulunmaktadır.
Devam etmek istiyor musunuz?'

2021-11-23 16:45:28 - [TEST_STEP][PASSED] - Console.println(RaporNo): null

2021-11-23 16:45:28 - [MESSAGE][PASSED] - Call Test Case 'Test Cases/Popup/PopupMesajiIceriyorMu' successfully

2021-11-23 16:45:28 - [MESSAGE][INFO] - Checking called Test Case

2021-11-23 16:45:28 - [MESSAGE][INFO] - Starting to call Test Case 'Test Cases/Popup/PopupButonSecilir'

2021-11-23 16:45:28 - [TEST_CASE][PASSED] - Test Cases/Popup/PopupButonSecilir: Test Cases/Popup/PopupButonSecilir

2021-11-23 16:45:28 - [TEST_STEP][PASSED] - Method.TextDegerineEsitElementeTikla(findTestObject("Popup/Popup_Butons"), Buton): Method.TextDegerineEsitElementeTikla is PASSED

2021-11-23 16:45:28 - [MESSAGE][INFO] - Finding Test Object 'Object Repository/Popup/Popup_Butons'

2021-11-23 16:45:29 - [MESSAGE][INFO] - Checking timeout

2021-11-23 16:45:29 - [MESSAGE][INFO] - Finding web element with id: 'Object Repository/Popup/Popup_Butons' located by 'By.cssSelector: .modal-footer>button' in '10' second(s)

2021-11-23 16:45:29 - [MESSAGE][INFO] - Smart Wait Function is triggered

2021-11-23 16:45:29 - [MESSAGE][INFO] - Found 2 web elements with id: 'Object Repository/Popup/Popup_Butons' located by 'By.cssSelector: .modal-footer>button' in '10' second(s)

2021-11-23 16:45:29 - [MESSAGE][PASSED] - Method.TextDegerineEsitElementeTikla is PASSED

2021-11-23 16:45:29 - [MESSAGE][PASSED] - Call Test Case 'Test Cases/Popup/PopupButonSecilir' successfully

2021-11-23 16:45:29 - [MESSAGE][INFO] - Checking called Test Case

2021-11-23 16:45:29 - [MESSAGE][INFO] - Starting to call Test Case 'Test Cases/Menu/AnaMenuSecimi'

2021-11-23 16:45:29 - [TEST_CASE][PASSED] - Test Cases/Menu/AnaMenuSecimi: Test Cases/Menu/AnaMenuSecimi

2021-11-23 16:45:29 - [TEST_STEP][PASSED] - Method.TextDegerineEsitElementeTikla(findTestObject("Menu/Ana_Menu"), Ana_Menu): Method.TextDegerineEsitElementeTikla is PASSED

2021-11-23 16:45:29 - [MESSAGE][INFO] - Finding Test Object 'Object Repository/Menu/Ana_Menu'

2021-11-23 16:45:29 - [MESSAGE][INFO] - Checking timeout

2021-11-23 16:45:29 - [MESSAGE][INFO] - Finding web element with id: 'Object Repository/Menu/Ana_Menu' located by 'By.xpath: //*[@class = 'dropdown-toggle']' in '10' second(s)

2021-11-23 16:45:29 - [MESSAGE][INFO] - Smart Wait Function is triggered

2021-11-23 16:45:30 - [MESSAGE][INFO] - Found 14 web elements with id: 'Object Repository/Menu/Ana_Menu' located by 'By.xpath: //*[@class = 'dropdown-toggle']' in '10' second(s)

2021-11-23 16:45:30 - [MESSAGE][PASSED] - Method.TextDegerineEsitElementeTikla is PASSED

2021-11-23 16:45:30 - [MESSAGE][PASSED] - Call Test Case 'Test Cases/Menu/AnaMenuSecimi' successfully

2021-11-23 16:45:30 - [MESSAGE][INFO] - Checking called Test Case

2021-11-23 16:45:30 - [MESSAGE][INFO] - Starting to call Test Case 'Test Cases/Menu/BasligaGoreAltMenuSecimi'

2021-11-23 16:45:30 - [TEST_CASE][PASSED] - Test Cases/Menu/BasligaGoreAltMenuSecimi: Test Cases/Menu/BasligaGoreAltMenuSecimi

2021-11-23 16:45:30 - [TEST_STEP][PASSED] - Method.TextDegerineEsitElementinAltindakiTextDegerineEsitOlanaTikla(findTestObject("Menu/Menu_Basligi"), findTestObject("Menu/Basliga_Gore_Alt_Menu"), Baslik, Alt_Menu): Method.TextDegerineEsitElementinAltindakiTextDegerineEsitOlanaTikla is PASSED

2021-11-23 16:45:30 - [MESSAGE][INFO] - Finding Test Object 'Object Repository/Menu/Menu_Basligi'

2021-11-23 16:45:30 - [MESSAGE][INFO] - Finding Test Object 'Object Repository/Menu/Basliga_Gore_Alt_Menu'

2021-11-23 16:45:31 - [MESSAGE][INFO] - Checking timeout

2021-11-23 16:45:31 - [MESSAGE][INFO] - Finding web element with id: 'Object Repository/Menu/Menu_Basligi' located by 'By.xpath: //li[@class='dropdown dropdown-large open']//li[@class='dropdown-header']' in '10' second(s)

2021-11-23 16:45:31 - [MESSAGE][INFO] - Smart Wait Function is triggered

2021-11-23 16:45:31 - [MESSAGE][INFO] - Found 2 web elements with id: 'Object Repository/Menu/Menu_Basligi' located by 'By.xpath: //li[@class='dropdown dropdown-large open']//li[@class='dropdown-header']' in '10' second(s)

2021-11-23 16:45:31 - [MESSAGE][INFO] - Smart Wait Function is triggered

2021-11-23 16:45:32 - [MESSAGE][PASSED] - Method.TextDegerineEsitElementinAltindakiTextDegerineEsitOlanaTikla is PASSED

2021-11-23 16:45:32 - [MESSAGE][PASSED] - Call Test Case 'Test Cases/Menu/BasligaGoreAltMenuSecimi' successfully

2021-11-23 16:45:32 - [MESSAGE][INFO] - Checking called Test Case

2021-11-23 16:45:32 - [MESSAGE][INFO] - Starting to call Test Case 'Test Cases/Filtreler/EttnYaz'

2021-11-23 16:45:32 - [TEST_CASE][PASSED] - Test Cases/Filtreler/EttnYaz: Test Cases/Filtreler/EttnYaz

2021-11-23 16:45:32 - [TEST_STEP][PASSED] - Method.TextDegerineEsitElementinAltindakiTextboxtaYaz(findTestObject("Filtreler/Basliklar"), findTestObject("Filtreler/Basliga_Gore_Textbox"), "ETTN", ettn): Method.TextDegerineEsitElementinAltindakiTextboxtaYaz is PASSED

2021-11-23 16:45:32 - [MESSAGE][INFO] - Finding Test Object 'Object Repository/Filtreler/Basliklar'

2021-11-23 16:45:32 - [MESSAGE][INFO] - Finding Test Object 'Object Repository/Filtreler/Basliga_Gore_Textbox'

2021-11-23 16:45:32 - [MESSAGE][INFO] - Checking timeout

2021-11-23 16:45:32 - [MESSAGE][INFO] - Finding web element with id: 'Object Repository/Filtreler/Basliklar' located by 'By.cssSelector: .control-label.col-sm-4.paddingMarginRLC' in '10' second(s)

2021-11-23 16:45:32 - [MESSAGE][INFO] - Smart Wait Function is triggered

2021-11-23 16:45:33 - [MESSAGE][INFO] - Found 19 web elements with id: 'Object Repository/Filtreler/Basliklar' located by 'By.cssSelector: .control-label.col-sm-4.paddingMarginRLC' in '10' second(s)

2021-11-23 16:45:33 - [MESSAGE][INFO] - Smart Wait Function is triggered

2021-11-23 16:45:33 - [MESSAGE][PASSED] - Method.TextDegerineEsitElementinAltindakiTextboxtaYaz is PASSED

2021-11-23 16:45:33 - [MESSAGE][PASSED] - Call Test Case 'Test Cases/Filtreler/EttnYaz' successfully

2021-11-23 16:45:33 - [MESSAGE][INFO] - Checking called Test Case

2021-11-23 16:45:33 - [MESSAGE][INFO] - Starting to call Test Case 'Test Cases/Filtreler/ButonaTikla'

2021-11-23 16:45:33 - [TEST_CASE][PASSED] - Test Cases/Filtreler/ButonaTikla: Test Cases/Filtreler/ButonaTikla

2021-11-23 16:45:33 - [TEST_STEP][PASSED] - Method.TextDegerineEsitElementeTikla(findTestObject("Filtreler/Butonlar"), Filtre_Buton): Method.TextDegerineEsitElementeTikla is PASSED

2021-11-23 16:45:33 - [MESSAGE][INFO] - Finding Test Object 'Object Repository/Filtreler/Butonlar'

2021-11-23 16:45:33 - [MESSAGE][INFO] - Checking timeout

2021-11-23 16:45:33 - [MESSAGE][INFO] - Finding web element with id: 'Object Repository/Filtreler/Butonlar' located by 'By.cssSelector: .dxb>span' in '10' second(s)

2021-11-23 16:45:33 - [MESSAGE][INFO] - Smart Wait Function is triggered

2021-11-23 16:45:33 - [MESSAGE][INFO] - Found 3 web elements with id: 'Object Repository/Filtreler/Butonlar' located by 'By.cssSelector: .dxb>span' in '10' second(s)

2021-11-23 16:45:34 - [MESSAGE][PASSED] - Method.TextDegerineEsitElementeTikla is PASSED

2021-11-23 16:45:34 - [MESSAGE][PASSED] - Call Test Case 'Test Cases/Filtreler/ButonaTikla' successfully

2021-11-23 16:45:34 - [MESSAGE][INFO] - Checking called Test Case

2021-11-23 16:45:34 - [MESSAGE][INFO] - Starting to call Test Case 'Test Cases/Tablo/TablodaVeriVarMi'

2021-11-23 16:45:34 - [TEST_CASE][PASSED] - Test Cases/Tablo/TablodaVeriVarMi: Test Cases/Tablo/TablodaVeriVarMi

2021-11-23 16:45:34 - [TEST_STEP][PASSED] - verifyTextNotPresent("Görüntülenecek veri yok", true): Text 'Görüntülenecek veri yok' is not present on page using regular expression

2021-11-23 16:45:34 - [MESSAGE][INFO] - Checking text present  using regular expression

2021-11-23 16:45:34 - [MESSAGE][INFO] - Smart Wait Function is triggered

2021-11-23 16:45:36 - [MESSAGE][INFO] - Finding text 'Görüntülenecek veri yok' on page  using regular expression

2021-11-23 16:45:36 - [MESSAGE][PASSED] - Text 'Görüntülenecek veri yok' is not present on page using regular expression

2021-11-23 16:45:36 - [MESSAGE][PASSED] - Call Test Case 'Test Cases/Tablo/TablodaVeriVarMi' successfully

2021-11-23 16:45:36 - [MESSAGE][INFO] - Checking called Test Case

2021-11-23 16:45:36 - [MESSAGE][INFO] - Starting to call Test Case 'Test Cases/Tablo/TablodaVeriBasariliMiArsiv'

2021-11-23 16:45:36 - [TEST_CASE][PASSED] - Test Cases/Tablo/TablodaVeriBasariliMiArsiv: Test Cases/Tablo/TablodaVeriBasariliMiArsiv

2021-11-23 16:45:36 - [TEST_STEP][PASSED] - sayac = 80: null

2021-11-23 16:45:36 - [TEST_STEP][PASSED] - while (verifyElementText(findTestObject("Object Repository/Tablo/DurumBilgisiArsiv"), "Henüz Sonuçlanmadı", OPTIONAL)): Actual text 'Başarılı' and expected text 'Henüz Sonuçlanmadı' of test object 'Object Repository/Tablo/DurumBilgisiArsiv' are NOT matched. (Root cause: com.kms.katalon.core.exception.StepFailedException: Actual text 'Başarılı' and expected text 'Henüz Sonuçlanmadı' of test object 'Object Repository/Tablo/DurumBilgisiArsiv' are NOT matched.
	at com.kms.katalon.core.webui.keyword.internal.WebUIKeywordMain.stepFailed(WebUIKeywordMain.groovy:64)
	at com.kms.katalon.core.webui.keyword.builtin.VerifyElementTextKeyword$_verifyElementText_closure1.doCall(VerifyElementTextKeyword.groovy:57)
	at com.kms.katalon.core.webui.keyword.builtin.VerifyElementTextKeyword$_verifyElementText_closure1.call(VerifyElementTextKeyword.groovy)
	at com.kms.katalon.core.webui.keyword.internal.WebUIKeywordMain.runKeyword(WebUIKeywordMain.groovy:20)
	at com.kms.katalon.core.webui.keyword.builtin.VerifyElementTextKeyword.verifyElementText(VerifyElementTextKeyword.groovy:72)
	at com.kms.katalon.core.webui.keyword.builtin.VerifyElementTextKeyword.execute(VerifyElementTextKeyword.groovy:40)
	at com.kms.katalon.core.keyword.internal.KeywordExecutor.executeKeywordForPlatform(KeywordExecutor.groovy:73)
	at com.kms.katalon.core.webui.keyword.WebUiBuiltInKeywords.verifyElementText(WebUiBuiltInKeywords.groovy:4733)
	at com.kms.katalon.core.webui.keyword.WebUiBuiltInKeywords$verifyElementText$20.call(Unknown Source)
	at TablodaVeriBasariliMiArsiv.run(TablodaVeriBasariliMiArsiv:22)
	at com.kms.katalon.core.main.ScriptEngine.run(ScriptEngine.java:194)
	at com.kms.katalon.core.main.ScriptEngine.runScriptAsRawText(ScriptEngine.java:119)
	at com.kms.katalon.core.main.TestCaseExecutor.runScript(TestCaseExecutor.java:369)
	at com.kms.katalon.core.main.TestCaseExecutor.doExecute(TestCaseExecutor.java:360)
	at com.kms.katalon.core.main.TestCaseExecutor.processExecutionPhase(TestCaseExecutor.java:339)
	at com.kms.katalon.core.main.TestCaseExecutor.accessMainPhase(TestCaseExecutor.java:331)
	at com.kms.katalon.core.main.TestCaseExecutor.execute(TestCaseExecutor.java:248)
	at com.kms.katalon.core.main.TestCaseMain.runTestCase(TestCaseMain.java:138)
	at com.kms.katalon.core.keyword.builtin.CallTestCaseKeyword$_callTestCase_closure1.doCall(CallTestCaseKeyword.groovy:59)
	at com.kms.katalon.core.keyword.builtin.CallTestCaseKeyword$_callTestCase_closure1.call(CallTestCaseKeyword.groovy)
	at com.kms.katalon.core.keyword.internal.KeywordMain.runKeyword(KeywordMain.groovy:68)
	at com.kms.katalon.core.keyword.builtin.CallTestCaseKeyword.callTestCase(CallTestCaseKeyword.groovy:81)
	at com.kms.katalon.core.keyword.builtin.CallTestCaseKeyword.execute(CallTestCaseKeyword.groovy:44)
	at com.kms.katalon.core.keyword.internal.KeywordExecutor.executeKeywordForPlatform(KeywordExecutor.groovy:73)
	at com.kms.katalon.core.keyword.BuiltinKeywords.callTestCase(BuiltinKeywords.groovy:334)
	at tablo.tablo.tablodaVeriBasariliMiArsiv(tablo.groovy:95)
	at cucumber.runtime.Utils$1.call(Utils.java:26)
	at cucumber.runtime.Timeout.timeout(Timeout.java:16)
	at cucumber.runtime.Utils.invoke(Utils.java:20)
	at cucumber.runtime.java.JavaStepDefinition.execute(JavaStepDefinition.java:49)
	at cucumber.runner.PickleStepDefinitionMatch.runStep(PickleStepDefinitionMatch.java:50)
	at cucumber.runner.TestStep.executeStep(TestStep.java:63)
	at cucumber.runner.TestStep.run(TestStep.java:49)
	at cucumber.runner.PickleStepTestStep.run(PickleStepTestStep.java:43)
	at cucumber.runner.TestCase.run(TestCase.java:44)
	at cucumber.runner.Runner.runPickle(Runner.java:40)
	at cucumber.runtime.Runtime$1.run(Runtime.java:84)
	at cucumber.runtime.Runtime$SameThreadExecutorService.execute(Runtime.java:220)
	at cucumber.runtime.Runtime.run(Runtime.java:81)
	at cucumber.api.cli.Main.run(Main.java:26)
	at cucumber.api.cli.Main$run.call(Unknown Source)
	at com.kms.katalon.core.cucumber.keyword.CucumberBuiltinKeywords$_runFeatureFile_closure1.doCall(CucumberBuiltinKeywords.groovy:106)
	at com.kms.katalon.core.cucumber.keyword.CucumberBuiltinKeywords$_runFeatureFile_closure1.doCall(CucumberBuiltinKeywords.groovy)
	at com.kms.katalon.core.keyword.internal.KeywordMain.runKeyword(KeywordMain.groovy:68)
	at com.kms.katalon.core.keyword.internal.KeywordMain$runKeyword.call(Unknown Source)
	at com.kms.katalon.core.cucumber.keyword.CucumberBuiltinKeywords.runFeatureFile(CucumberBuiltinKeywords.groovy:73)
	at com.kms.katalon.core.cucumber.keyword.CucumberBuiltinKeywords$runFeatureFile$0.callStatic(Unknown Source)
	at com.kms.katalon.core.cucumber.keyword.CucumberBuiltinKeywords.runFeatureFile(CucumberBuiltinKeywords.groovy:246)
	at com.kms.katalon.core.cucumber.keyword.CucumberBuiltinKeywords$runFeatureFile.call(Unknown Source)
	at VKN-Elektronik-Istisna.run(VKN-Elektronik-Istisna:19)
	at com.kms.katalon.core.main.ScriptEngine.run(ScriptEngine.java:194)
	at com.kms.katalon.core.main.ScriptEngine.runScriptAsRawText(ScriptEngine.java:119)
	at com.kms.katalon.core.main.TestCaseExecutor.runScript(TestCaseExecutor.java:369)
	at com.kms.katalon.core.main.TestCaseExecutor.doExecute(TestCaseExecutor.java:360)
	at com.kms.katalon.core.main.TestCaseExecutor.processExecutionPhase(TestCaseExecutor.java:339)
	at com.kms.katalon.core.main.TestCaseExecutor.accessMainPhase(TestCaseExecutor.java:331)
	at com.kms.katalon.core.main.TestCaseExecutor.execute(TestCaseExecutor.java:248)
	at com.kms.katalon.core.main.TestSuiteExecutor.accessTestCaseMainPhase(TestSuiteExecutor.java:191)
	at com.kms.katalon.core.main.TestSuiteExecutor.accessTestSuiteMainPhase(TestSuiteExecutor.java:140)
	at com.kms.katalon.core.main.TestSuiteExecutor.execute(TestSuiteExecutor.java:89)
	at com.kms.katalon.core.main.TestCaseMain.startTestSuite(TestCaseMain.java:181)
	at com.kms.katalon.core.main.TestCaseMain$startTestSuite$0.call(Unknown Source)
	at TempTestSuite1637674444414.run(TempTestSuite1637674444414.groovy:39)
)

2021-11-23 16:45:36 - [MESSAGE][INFO] - Finding Test Object 'Object Repository/Tablo/DurumBilgisiArsiv'

2021-11-23 16:45:36 - [MESSAGE][INFO] - Checking object

2021-11-23 16:45:36 - [MESSAGE][INFO] - Finding web element from Test Object's properties

2021-11-23 16:45:36 - [MESSAGE][INFO] - Checking timeout

2021-11-23 16:45:36 - [MESSAGE][INFO] - Finding web element with id: 'Object Repository/Tablo/DurumBilgisiArsiv' located by 'By.xpath: //*[@id = 'GridViewEArchiveInvoices_tccell0_9']' in '30' second(s)

2021-11-23 16:45:36 - [MESSAGE][INFO] - Smart Wait Function is triggered

2021-11-23 16:45:36 - [MESSAGE][INFO] - Found 1 web elements with id: 'Object Repository/Tablo/DurumBilgisiArsiv' located by 'By.xpath: //*[@id = 'GridViewEArchiveInvoices_tccell0_9']' in '30' second(s)

2021-11-23 16:45:36 - [MESSAGE][WARNING] - Actual text 'Başarılı' and expected text 'Henüz Sonuçlanmadı' of test object 'Object Repository/Tablo/DurumBilgisiArsiv' are NOT matched. (Root cause: com.kms.katalon.core.exception.StepFailedException: Actual text 'Başarılı' and expected text 'Henüz Sonuçlanmadı' of test object 'Object Repository/Tablo/DurumBilgisiArsiv' are NOT matched.
	at com.kms.katalon.core.webui.keyword.internal.WebUIKeywordMain.stepFailed(WebUIKeywordMain.groovy:64)
	at com.kms.katalon.core.webui.keyword.builtin.VerifyElementTextKeyword$_verifyElementText_closure1.doCall(VerifyElementTextKeyword.groovy:57)
	at com.kms.katalon.core.webui.keyword.builtin.VerifyElementTextKeyword$_verifyElementText_closure1.call(VerifyElementTextKeyword.groovy)
	at com.kms.katalon.core.webui.keyword.internal.WebUIKeywordMain.runKeyword(WebUIKeywordMain.groovy:20)
	at com.kms.katalon.core.webui.keyword.builtin.VerifyElementTextKeyword.verifyElementText(VerifyElementTextKeyword.groovy:72)
	at com.kms.katalon.core.webui.keyword.builtin.VerifyElementTextKeyword.execute(VerifyElementTextKeyword.groovy:40)
	at com.kms.katalon.core.keyword.internal.KeywordExecutor.executeKeywordForPlatform(KeywordExecutor.groovy:73)
	at com.kms.katalon.core.webui.keyword.WebUiBuiltInKeywords.verifyElementText(WebUiBuiltInKeywords.groovy:4733)
	at com.kms.katalon.core.webui.keyword.WebUiBuiltInKeywords$verifyElementText$20.call(Unknown Source)
	at TablodaVeriBasariliMiArsiv.run(TablodaVeriBasariliMiArsiv:22)
	at com.kms.katalon.core.main.ScriptEngine.run(ScriptEngine.java:194)
	at com.kms.katalon.core.main.ScriptEngine.runScriptAsRawText(ScriptEngine.java:119)
	at com.kms.katalon.core.main.TestCaseExecutor.runScript(TestCaseExecutor.java:369)
	at com.kms.katalon.core.main.TestCaseExecutor.doExecute(TestCaseExecutor.java:360)
	at com.kms.katalon.core.main.TestCaseExecutor.processExecutionPhase(TestCaseExecutor.java:339)
	at com.kms.katalon.core.main.TestCaseExecutor.accessMainPhase(TestCaseExecutor.java:331)
	at com.kms.katalon.core.main.TestCaseExecutor.execute(TestCaseExecutor.java:248)
	at com.kms.katalon.core.main.TestCaseMain.runTestCase(TestCaseMain.java:138)
	at com.kms.katalon.core.keyword.builtin.CallTestCaseKeyword$_callTestCase_closure1.doCall(CallTestCaseKeyword.groovy:59)
	at com.kms.katalon.core.keyword.builtin.CallTestCaseKeyword$_callTestCase_closure1.call(CallTestCaseKeyword.groovy)
	at com.kms.katalon.core.keyword.internal.KeywordMain.runKeyword(KeywordMain.groovy:68)
	at com.kms.katalon.core.keyword.builtin.CallTestCaseKeyword.callTestCase(CallTestCaseKeyword.groovy:81)
	at com.kms.katalon.core.keyword.builtin.CallTestCaseKeyword.execute(CallTestCaseKeyword.groovy:44)
	at com.kms.katalon.core.keyword.internal.KeywordExecutor.executeKeywordForPlatform(KeywordExecutor.groovy:73)
	at com.kms.katalon.core.keyword.BuiltinKeywords.callTestCase(BuiltinKeywords.groovy:334)
	at tablo.tablo.tablodaVeriBasariliMiArsiv(tablo.groovy:95)
	at cucumber.runtime.Utils$1.call(Utils.java:26)
	at cucumber.runtime.Timeout.timeout(Timeout.java:16)
	at cucumber.runtime.Utils.invoke(Utils.java:20)
	at cucumber.runtime.java.JavaStepDefinition.execute(JavaStepDefinition.java:49)
	at cucumber.runner.PickleStepDefinitionMatch.runStep(PickleStepDefinitionMatch.java:50)
	at cucumber.runner.TestStep.executeStep(TestStep.java:63)
	at cucumber.runner.TestStep.run(TestStep.java:49)
	at cucumber.runner.PickleStepTestStep.run(PickleStepTestStep.java:43)
	at cucumber.runner.TestCase.run(TestCase.java:44)
	at cucumber.runner.Runner.runPickle(Runner.java:40)
	at cucumber.runtime.Runtime$1.run(Runtime.java:84)
	at cucumber.runtime.Runtime$SameThreadExecutorService.execute(Runtime.java:220)
	at cucumber.runtime.Runtime.run(Runtime.java:81)
	at cucumber.api.cli.Main.run(Main.java:26)
	at cucumber.api.cli.Main$run.call(Unknown Source)
	at com.kms.katalon.core.cucumber.keyword.CucumberBuiltinKeywords$_runFeatureFile_closure1.doCall(CucumberBuiltinKeywords.groovy:106)
	at com.kms.katalon.core.cucumber.keyword.CucumberBuiltinKeywords$_runFeatureFile_closure1.doCall(CucumberBuiltinKeywords.groovy)
	at com.kms.katalon.core.keyword.internal.KeywordMain.runKeyword(KeywordMain.groovy:68)
	at com.kms.katalon.core.keyword.internal.KeywordMain$runKeyword.call(Unknown Source)
	at com.kms.katalon.core.cucumber.keyword.CucumberBuiltinKeywords.runFeatureFile(CucumberBuiltinKeywords.groovy:73)
	at com.kms.katalon.core.cucumber.keyword.CucumberBuiltinKeywords$runFeatureFile$0.callStatic(Unknown Source)
	at com.kms.katalon.core.cucumber.keyword.CucumberBuiltinKeywords.runFeatureFile(CucumberBuiltinKeywords.groovy:246)
	at com.kms.katalon.core.cucumber.keyword.CucumberBuiltinKeywords$runFeatureFile.call(Unknown Source)
	at VKN-Elektronik-Istisna.run(VKN-Elektronik-Istisna:19)
	at com.kms.katalon.core.main.ScriptEngine.run(ScriptEngine.java:194)
	at com.kms.katalon.core.main.ScriptEngine.runScriptAsRawText(ScriptEngine.java:119)
	at com.kms.katalon.core.main.TestCaseExecutor.runScript(TestCaseExecutor.java:369)
	at com.kms.katalon.core.main.TestCaseExecutor.doExecute(TestCaseExecutor.java:360)
	at com.kms.katalon.core.main.TestCaseExecutor.processExecutionPhase(TestCaseExecutor.java:339)
	at com.kms.katalon.core.main.TestCaseExecutor.accessMainPhase(TestCaseExecutor.java:331)
	at com.kms.katalon.core.main.TestCaseExecutor.execute(TestCaseExecutor.java:248)
	at com.kms.katalon.core.main.TestSuiteExecutor.accessTestCaseMainPhase(TestSuiteExecutor.java:191)
	at com.kms.katalon.core.main.TestSuiteExecutor.accessTestSuiteMainPhase(TestSuiteExecutor.java:140)
	at com.kms.katalon.core.main.TestSuiteExecutor.execute(TestSuiteExecutor.java:89)
	at com.kms.katalon.core.main.TestCaseMain.startTestSuite(TestCaseMain.java:181)
	at com.kms.katalon.core.main.TestCaseMain$startTestSuite$0.call(Unknown Source)
	at TempTestSuite1637674444414.run(TempTestSuite1637674444414.groovy:39)
)

2021-11-23 16:45:36 - [TEST_STEP][PASSED] - Method.TextDegerineEsitElementVarMi(findTestObject("Object Repository/Tablo/DurumBilgisiArsiv"), "Başarılı"): Method.TextDegerineEsitElementVarMi is PASSED

2021-11-23 16:45:36 - [MESSAGE][INFO] - Finding Test Object 'Object Repository/Tablo/DurumBilgisiArsiv'

2021-11-23 16:45:36 - [MESSAGE][INFO] - Checking timeout

2021-11-23 16:45:36 - [MESSAGE][INFO] - Finding web element with id: 'Object Repository/Tablo/DurumBilgisiArsiv' located by 'By.xpath: //*[@id = 'GridViewEArchiveInvoices_tccell0_9']' in '10' second(s)

2021-11-23 16:45:36 - [MESSAGE][INFO] - Smart Wait Function is triggered

2021-11-23 16:45:36 - [MESSAGE][INFO] - Found 1 web elements with id: 'Object Repository/Tablo/DurumBilgisiArsiv' located by 'By.xpath: //*[@id = 'GridViewEArchiveInvoices_tccell0_9']' in '10' second(s)

2021-11-23 16:45:36 - [MESSAGE][PASSED] - Method.TextDegerineEsitElementVarMi is PASSED

2021-11-23 16:45:36 - [MESSAGE][PASSED] - Call Test Case 'Test Cases/Tablo/TablodaVeriBasariliMiArsiv' successfully

2021-11-23 16:45:36 - [MESSAGE][INFO] - Checking called Test Case

2021-11-23 16:45:36 - [MESSAGE][INFO] - Starting to call Test Case 'Test Cases/Kullanici_Islemleri/KullaniciIslemlerindenSecimYapilir'

2021-11-23 16:45:37 - [TEST_CASE][PASSED] - Test Cases/Kullanici_Islemleri/KullaniciIslemlerindenSecimYapilir: Test Cases/Kullanici_Islemleri/KullaniciIslemlerindenSecimYapilir

2021-11-23 16:45:37 - [TEST_STEP][PASSED] - waitForElementClickable(findTestObject("Object Repository/Kullanici_Islemleri/KullaniciIslemleri"), 10): Object 'Object Repository/Kullanici_Islemleri/KullaniciIslemleri' is clickable

2021-11-23 16:45:37 - [MESSAGE][INFO] - Finding Test Object 'Object Repository/Kullanici_Islemleri/KullaniciIslemleri'

2021-11-23 16:45:37 - [MESSAGE][INFO] - Checking object

2021-11-23 16:45:37 - [MESSAGE][INFO] - Checking timeout

2021-11-23 16:45:37 - [MESSAGE][INFO] - Finding web element from Test Object's properties

2021-11-23 16:45:37 - [MESSAGE][INFO] - Checking timeout

2021-11-23 16:45:37 - [MESSAGE][INFO] - Finding web element with id: 'Object Repository/Kullanici_Islemleri/KullaniciIslemleri' located by 'By.cssSelector: .dropdown>a>img' in '10' second(s)

2021-11-23 16:45:37 - [MESSAGE][INFO] - Smart Wait Function is triggered

2021-11-23 16:45:37 - [MESSAGE][INFO] - Found 1 web elements with id: 'Object Repository/Kullanici_Islemleri/KullaniciIslemleri' located by 'By.cssSelector: .dropdown>a>img' in '10' second(s)

2021-11-23 16:45:37 - [MESSAGE][PASSED] - Object 'Object Repository/Kullanici_Islemleri/KullaniciIslemleri' is clickable

2021-11-23 16:45:37 - [TEST_STEP][PASSED] - click(findTestObject("Object Repository/Kullanici_Islemleri/KullaniciIslemleri")): Object: 'Object Repository/Kullanici_Islemleri/KullaniciIslemleri' is clicked on

2021-11-23 16:45:37 - [MESSAGE][INFO] - Finding Test Object 'Object Repository/Kullanici_Islemleri/KullaniciIslemleri'

2021-11-23 16:45:37 - [MESSAGE][INFO] - Checking object

2021-11-23 16:45:37 - [MESSAGE][INFO] - Finding web element from Test Object's properties

2021-11-23 16:45:37 - [MESSAGE][INFO] - Checking timeout

2021-11-23 16:45:37 - [MESSAGE][INFO] - Finding web element with id: 'Object Repository/Kullanici_Islemleri/KullaniciIslemleri' located by 'By.cssSelector: .dropdown>a>img' in '30' second(s)

2021-11-23 16:45:37 - [MESSAGE][INFO] - Smart Wait Function is triggered

2021-11-23 16:45:37 - [MESSAGE][INFO] - Found 1 web elements with id: 'Object Repository/Kullanici_Islemleri/KullaniciIslemleri' located by 'By.cssSelector: .dropdown>a>img' in '30' second(s)

2021-11-23 16:45:37 - [MESSAGE][INFO] - Clicking on object: 'Object Repository/Kullanici_Islemleri/KullaniciIslemleri'

2021-11-23 16:45:37 - [MESSAGE][PASSED] - Object: 'Object Repository/Kullanici_Islemleri/KullaniciIslemleri' is clicked on

2021-11-23 16:45:37 - [TEST_STEP][PASSED] - Method.TextDegerineEsitElementeTikla(findTestObject("Object Repository/Kullanici_Islemleri/Secenekler"), Islem): Method.TextDegerineEsitElementeTikla is PASSED

2021-11-23 16:45:37 - [MESSAGE][INFO] - Finding Test Object 'Object Repository/Kullanici_Islemleri/Secenekler'

2021-11-23 16:45:37 - [MESSAGE][INFO] - Checking timeout

2021-11-23 16:45:37 - [MESSAGE][INFO] - Finding web element with id: 'Object Repository/Kullanici_Islemleri/Secenekler' located by 'By.cssSelector: .nav.navbar-nav.navbar-right li a' in '10' second(s)

2021-11-23 16:45:37 - [MESSAGE][INFO] - Smart Wait Function is triggered

2021-11-23 16:45:38 - [MESSAGE][INFO] - Found 20 web elements with id: 'Object Repository/Kullanici_Islemleri/Secenekler' located by 'By.cssSelector: .nav.navbar-nav.navbar-right li a' in '10' second(s)

2021-11-23 16:45:40 - [MESSAGE][PASSED] - Method.TextDegerineEsitElementeTikla is PASSED

2021-11-23 16:45:40 - [TEST_STEP][PASSED] - verifyElementNotPresent(findTestObject("Object Repository/Kullanici_Islemleri/Secenekler"), 10): Web element with id: 'Object Repository/Kullanici_Islemleri/Secenekler' located by 'By.cssSelector: .nav.navbar-nav.navbar-right li a' is not present after '10' second(s)

2021-11-23 16:45:40 - [MESSAGE][INFO] - Finding Test Object 'Object Repository/Kullanici_Islemleri/Secenekler'

2021-11-23 16:45:40 - [MESSAGE][INFO] - Checking object

2021-11-23 16:45:40 - [MESSAGE][INFO] - Checking timeout

2021-11-23 16:45:40 - [MESSAGE][INFO] - Finding web element with id: 'Object Repository/Kullanici_Islemleri/Secenekler' located by 'By.cssSelector: .nav.navbar-nav.navbar-right li a' in '10' second(s)

2021-11-23 16:45:40 - [MESSAGE][INFO] - Smart Wait Function is triggered

2021-11-23 16:45:41 - [MESSAGE][PASSED] - Web element with id: 'Object Repository/Kullanici_Islemleri/Secenekler' located by 'By.cssSelector: .nav.navbar-nav.navbar-right li a' is not present after '10' second(s)

2021-11-23 16:45:41 - [MESSAGE][PASSED] - Call Test Case 'Test Cases/Kullanici_Islemleri/KullaniciIslemlerindenSecimYapilir' successfully

2021-11-23 16:45:41 - [TEST_CASE][PASSED] - Start Test Case : SCENARIO Gonderim tipi Kagit ve Istisna tipinde e-Arsiv faturasi olusturulmasi: SCENARIO Gonderim tipi Kagit ve Istisna tipinde e-Arsiv faturasi olusturulmasi

2021-11-23 16:45:41 - [TEST_STEP][PASSED] - Kullanıcı adı EARISTISNA ve Şifre test1234 olarak giriş yapılır: Kullanıcı adı EARISTISNA ve Şifre test1234 olarak giriş yapılır

2021-11-23 16:45:41 - [MESSAGE][PASSED] - Kullanıcı adı EARISTISNA ve Şifre test1234 olarak giriş yapılır

2021-11-23 16:45:41 - [TEST_STEP][PASSED] - Ana menüden e-Arşiv seçilir: Ana menüden e-Arşiv seçilir

2021-11-23 16:45:41 - [MESSAGE][PASSED] - Ana menüden e-Arşiv seçilir

2021-11-23 16:45:41 - [TEST_STEP][PASSED] - Alt menü e-Arşiv Araçları başlığı altındaki e-Arşiv Fatura Oluşturma seçilir: Alt menü e-Arşiv Araçları başlığı altındaki e-Arşiv Fatura Oluşturma seçilir

2021-11-23 16:45:41 - [MESSAGE][PASSED] - Alt menü e-Arşiv Araçları başlığı altındaki e-Arşiv Fatura Oluşturma seçilir

2021-11-23 16:45:41 - [TEST_STEP][PASSED] - Tablodaki tüm veriler silinir: Tablodaki tüm veriler silinir

2021-11-23 16:45:41 - [MESSAGE][PASSED] - Tablodaki tüm veriler silinir

2021-11-23 16:45:41 - [TEST_STEP][PASSED] - Butonlardan Ekle isimli butona tıklanır: Butonlardan Ekle isimli butona tıklanır

2021-11-23 16:45:41 - [MESSAGE][PASSED] - Butonlardan Ekle isimli butona tıklanır

2021-11-23 16:45:41 - [TEST_STEP][PASSED] - Görsel tasarım sayfasının e-Arşiv Fatura Bilgileri başlığını içerdiği kontrol edilir: Görsel tasarım sayfasının e-Arşiv Fatura Bilgileri başlığını içerdiği kontrol edilir

2021-11-23 16:45:41 - [MESSAGE][PASSED] - Görsel tasarım sayfasının e-Arşiv Fatura Bilgileri başlığını içerdiği kontrol edilir

2021-11-23 16:45:41 - [TEST_STEP][PASSED] - Alıcı adı alanına UC0005 girilir: Alıcı adı alanına UC0005 girilir

2021-11-23 16:45:41 - [MESSAGE][PASSED] - Alıcı adı alanına UC0005 girilir

2021-11-23 16:45:41 - [TEST_STEP][PASSED] - Gönderim Şekli Elektronik olarak seçilir: Gönderim Şekli Elektronik olarak seçilir

2021-11-23 16:45:41 - [MESSAGE][PASSED] - Gönderim Şekli Elektronik olarak seçilir

2021-11-23 16:45:41 - [TEST_STEP][PASSED] - Tip alanından İstisna seçilir: Tip alanından İstisna seçilir

2021-11-23 16:45:41 - [MESSAGE][PASSED] - Tip alanından İstisna seçilir

2021-11-23 16:45:41 - [TEST_STEP][PASSED] - Döküman Para Birimi alanından Türk Lirası seçilir: Döküman Para Birimi alanından Türk Lirası seçilir

2021-11-23 16:45:41 - [MESSAGE][PASSED] - Döküman Para Birimi alanından Türk Lirası seçilir

2021-11-23 16:45:41 - [TEST_STEP][PASSED] - Ön Ek EAR olarak seçilir: Ön Ek EAR olarak seçilir

2021-11-23 16:45:41 - [MESSAGE][PASSED] - Ön Ek EAR olarak seçilir

2021-11-23 16:45:41 - [TEST_STEP][PASSED] - Tasarım alanından Otomasyon seçilir: Tasarım alanından Otomasyon seçilir

2021-11-23 16:45:41 - [MESSAGE][PASSED] - Tasarım alanından Otomasyon seçilir

2021-11-23 16:45:41 - [TEST_STEP][PASSED] - Sipariş bilgileri UUC-SAT-1200001 ve 31.04.2020 olarak girilir: Sipariş bilgileri UUC-SAT-1200001 ve 31.04.2020 olarak girilir

2021-11-23 16:45:41 - [MESSAGE][PASSED] - Sipariş bilgileri UUC-SAT-1200001 ve 31.04.2020 olarak girilir

2021-11-23 16:45:41 - [TEST_STEP][PASSED] - İrsaliye Bilgileri AAAAAAAAAA,31.04.2020 olarak girilir: İrsaliye Bilgileri AAAAAAAAAA,31.04.2020 olarak girilir

2021-11-23 16:45:41 - [MESSAGE][PASSED] - İrsaliye Bilgileri AAAAAAAAAA,31.04.2020 olarak girilir

2021-11-23 16:45:41 - [TEST_STEP][PASSED] - Ekle butonuna basılır: Ekle butonuna basılır

2021-11-23 16:45:41 - [MESSAGE][PASSED] - Ekle butonuna basılır

2021-11-23 16:45:41 - [TEST_STEP][PASSED] - Ürün ekleme alanında Mal/Hizmet başlığına Otomasyon girilir: Ürün ekleme alanında Mal/Hizmet başlığına Otomasyon girilir

2021-11-23 16:45:41 - [MESSAGE][PASSED] - Ürün ekleme alanında Mal/Hizmet başlığına Otomasyon girilir

2021-11-23 16:45:41 - [TEST_STEP][PASSED] - Ürün ekleme alanında Açıklaması başlığına Virgosol girilir: Ürün ekleme alanında Açıklaması başlığına Virgosol girilir

2021-11-23 16:45:41 - [MESSAGE][PASSED] - Ürün ekleme alanında Açıklaması başlığına Virgosol girilir

2021-11-23 16:45:41 - [TEST_STEP][PASSED] - Ürün ekleme alanında Miktarı başlığına 400 girilir: Ürün ekleme alanında Miktarı başlığına 400 girilir

2021-11-23 16:45:41 - [MESSAGE][PASSED] - Ürün ekleme alanında Miktarı başlığına 400 girilir

2021-11-23 16:45:41 - [TEST_STEP][PASSED] - Ürün ekleme alanında Birim Fiyat başlığına 100 girilir: Ürün ekleme alanında Birim Fiyat başlığına 100 girilir

2021-11-23 16:45:41 - [MESSAGE][PASSED] - Ürün ekleme alanında Birim Fiyat başlığına 100 girilir

2021-11-23 16:45:41 - [TEST_STEP][PASSED] - Ürün ekleme alanında İskonto Oranı % başlığına 10 girilir: Ürün ekleme alanında İskonto Oranı % başlığına 10 girilir

2021-11-23 16:45:41 - [MESSAGE][PASSED] - Ürün ekleme alanında İskonto Oranı % başlığına 10 girilir

2021-11-23 16:45:41 - [TEST_STEP][PASSED] - Notlar alanına Otomasyon Not girilir: Notlar alanına Otomasyon Not girilir

2021-11-23 16:45:41 - [MESSAGE][PASSED] - Notlar alanına Otomasyon Not girilir

2021-11-23 16:45:41 - [TEST_STEP][PASSED] - Ettn bilgisi kayıt edilir: Ettn bilgisi kayıt edilir

2021-11-23 16:45:41 - [MESSAGE][PASSED] - Ettn bilgisi kayıt edilir

2021-11-23 16:45:41 - [TEST_STEP][PASSED] - Kaydet butonu seçilir: Kaydet butonu seçilir

2021-11-23 16:45:41 - [MESSAGE][PASSED] - Kaydet butonu seçilir

2021-11-23 16:45:41 - [TEST_STEP][PASSED] - Tabloda Ettn bilgisi kaydedilen veri oluşturuldu mu: Tabloda Ettn bilgisi kaydedilen veri oluşturuldu mu

2021-11-23 16:45:41 - [MESSAGE][PASSED] - Tabloda Ettn bilgisi kaydedilen veri oluşturuldu mu

2021-11-23 16:45:41 - [TEST_STEP][PASSED] - Tablodan Ettn bilgisi kaydedilen veri seçilir: Tablodan Ettn bilgisi kaydedilen veri seçilir

2021-11-23 16:45:41 - [MESSAGE][PASSED] - Tablodan Ettn bilgisi kaydedilen veri seçilir

2021-11-23 16:45:41 - [TEST_STEP][PASSED] - Butonlardan Numara Oluştur isimli butona tıklanır: Butonlardan Numara Oluştur isimli butona tıklanır

2021-11-23 16:45:41 - [MESSAGE][PASSED] - Butonlardan Numara Oluştur isimli butona tıklanır

2021-11-23 16:45:41 - [TEST_STEP][PASSED] - Popup mesajı Devam etmek istiyor musunuz içeriyor mu: Popup mesajı Devam etmek istiyor musunuz içeriyor mu

2021-11-23 16:45:41 - [MESSAGE][PASSED] - Popup mesajı Devam etmek istiyor musunuz içeriyor mu

2021-11-23 16:45:41 - [TEST_STEP][PASSED] - Yönetim popupında Evet seçilir: Yönetim popupında Evet seçilir

2021-11-23 16:45:41 - [MESSAGE][PASSED] - Yönetim popupında Evet seçilir

2021-11-23 16:45:41 - [TEST_STEP][PASSED] - Popup mesajı oluşmuştur içeriyor mu: Popup mesajı oluşmuştur içeriyor mu

2021-11-23 16:45:41 - [MESSAGE][PASSED] - Popup mesajı oluşmuştur içeriyor mu

2021-11-23 16:45:41 - [TEST_STEP][PASSED] - Yönetim popupında Tamam seçilir: Yönetim popupında Tamam seçilir

2021-11-23 16:45:41 - [MESSAGE][PASSED] - Yönetim popupında Tamam seçilir

2021-11-23 16:45:41 - [TEST_STEP][PASSED] - Tablodan Ettn bilgisi kaydedilen veri seçilir: Tablodan Ettn bilgisi kaydedilen veri seçilir

2021-11-23 16:45:41 - [MESSAGE][PASSED] - Tablodan Ettn bilgisi kaydedilen veri seçilir

2021-11-23 16:45:41 - [TEST_STEP][PASSED] - Butonlardan Gönder isimli butona tıklanır: Butonlardan Gönder isimli butona tıklanır

2021-11-23 16:45:41 - [MESSAGE][PASSED] - Butonlardan Gönder isimli butona tıklanır

2021-11-23 16:45:41 - [TEST_STEP][PASSED] - Popup mesajı Devam etmek istiyor musunuz içeriyor mu: Popup mesajı Devam etmek istiyor musunuz içeriyor mu

2021-11-23 16:45:41 - [MESSAGE][PASSED] - Popup mesajı Devam etmek istiyor musunuz içeriyor mu

2021-11-23 16:45:41 - [TEST_STEP][PASSED] - Yönetim popupında Evet seçilir: Yönetim popupında Evet seçilir

2021-11-23 16:45:41 - [MESSAGE][PASSED] - Yönetim popupında Evet seçilir

2021-11-23 16:45:41 - [TEST_STEP][PASSED] - Ana menüden e-Arşiv seçilir: Ana menüden e-Arşiv seçilir

2021-11-23 16:45:41 - [MESSAGE][PASSED] - Ana menüden e-Arşiv seçilir

2021-11-23 16:45:41 - [TEST_STEP][PASSED] - Alt menü e-Arşiv Hareketleri başlığı altındaki e-Arşiv Faturaları seçilir: Alt menü e-Arşiv Hareketleri başlığı altındaki e-Arşiv Faturaları seçilir

2021-11-23 16:45:41 - [MESSAGE][PASSED] - Alt menü e-Arşiv Hareketleri başlığı altındaki e-Arşiv Faturaları seçilir

2021-11-23 16:45:41 - [TEST_STEP][PASSED] - Filtrelerden Ettn filtresine Ettn bilgisi yaz: Filtrelerden Ettn filtresine Ettn bilgisi yaz

2021-11-23 16:45:41 - [MESSAGE][PASSED] - Filtrelerden Ettn filtresine Ettn bilgisi yaz

2021-11-23 16:45:41 - [TEST_STEP][PASSED] - Filtre butonlarından Listele seçilir: Filtre butonlarından Listele seçilir

2021-11-23 16:45:41 - [MESSAGE][PASSED] - Filtre butonlarından Listele seçilir

2021-11-23 16:45:41 - [TEST_STEP][PASSED] - Tabloda veri var mı kontrol edilir: Tabloda veri var mı kontrol edilir

2021-11-23 16:45:41 - [MESSAGE][PASSED] - Tabloda veri var mı kontrol edilir

2021-11-23 16:45:41 - [TEST_STEP][PASSED] - Tabloda yeni oluşturulan eArsiv verisi başarılı mı: Tabloda yeni oluşturulan eArsiv verisi başarılı mı

2021-11-23 16:45:41 - [MESSAGE][PASSED] - Tabloda yeni oluşturulan eArsiv verisi başarılı mı

2021-11-23 16:45:41 - [TEST_STEP][PASSED] - Kullanıcı işlemlerinden Çıkış seçilir: Kullanıcı işlemlerinden Çıkış seçilir

2021-11-23 16:45:41 - [MESSAGE][PASSED] - Kullanıcı işlemlerinden Çıkış seçilir

2021-11-23 16:45:41 - [MESSAGE][PASSED] - Feature file: 'Include/features/Regresyon/e-Arsiv/VKN-Elektronik-Istisna.feature' was passed

2021-11-23 16:45:41 - [TEST_STEP][PASSED] - Start listener action : sampleAfterTestSuite: Invoke 'com.kms.katalon.core.annotation.AfterTestCase' method: 'Listener.sampleAfterTestSuite(...)' completed.

2021-11-23 16:45:41 - [MESSAGE][INFO] - Starting invoke 'com.kms.katalon.core.annotation.AfterTestCase' method: 'Listener.sampleAfterTestSuite(...)'

2021-11-23 16:45:41 - [TEST_STEP][PASSED] - closeBrowser(): Invoke 'com.kms.katalon.core.annotation.AfterTestCase' method: 'Listener.sampleAfterTestSuite(...)' completed.

2021-11-23 16:45:41 - [MESSAGE][INFO] - Closing browser

2021-11-23 16:45:42 - [MESSAGE][PASSED] - Browser is closed

2021-11-23 16:45:42 - [MESSAGE][INFO] - Invoke 'com.kms.katalon.core.annotation.AfterTestCase' method: 'Listener.sampleAfterTestSuite(...)' completed.]]></system-out>
         <system-err><![CDATA[]]></system-err>
      </testcase>
      <testcase name="Test Cases/Case Repository/Regresyon/e-Arsiv/VKN-Elektronik-Ozel Matrah" time="115.931" classname="Test Cases/Case Repository/Regresyon/e-Arsiv/VKN-Elektronik-Ozel Matrah" status="PASSED">
         <system-out><![CDATA[2021-11-23 16:45:42 - [TEST_CASE][PASSED] - Test Cases/Case Repository/Regresyon/e-Arsiv/VKN-Elektronik-Ozel Matrah: Test Cases/Case Repository/Regresyon/e-Arsiv/VKN-Elektronik-Ozel Matrah

2021-11-23 16:45:42 - [TEST_STEP][PASSED] - Start listener action : sampleBeforeTestSuite: Invoke 'com.kms.katalon.core.annotation.BeforeTestCase' method: 'Listener.sampleBeforeTestSuite(...)' completed.

2021-11-23 16:45:42 - [MESSAGE][INFO] - Starting invoke 'com.kms.katalon.core.annotation.BeforeTestCase' method: 'Listener.sampleBeforeTestSuite(...)'

2021-11-23 16:45:42 - [TEST_STEP][PASSED] - openBrowser(baseUrl): Browser is opened with url: 'https://efatura-stage.elogo.com.tr/'

2021-11-23 16:45:42 - [MESSAGE][INFO] - Opening browser

2021-11-23 16:45:42 - [MESSAGE][INFO] - Starting 'Chrome' driver

2021-11-23 16:45:42 - [MESSAGE][INFO] - User set preference: ['prefs', '{download.default_directory=C:\otomasyondownfiles}']

2021-11-23 16:45:42 - [MESSAGE][INFO] - Action delay is set to 0 milliseconds

2021-11-23 16:45:43 - [MESSAGE][INFO] - Navigating browser to: 'https://efatura-stage.elogo.com.tr/'

2021-11-23 16:45:45 - [MESSAGE][PASSED] - Browser is opened with url: 'https://efatura-stage.elogo.com.tr/'

2021-11-23 16:45:45 - [TEST_STEP][PASSED] - maximizeWindow(): Invoke 'com.kms.katalon.core.annotation.BeforeTestCase' method: 'Listener.sampleBeforeTestSuite(...)' completed.

2021-11-23 16:45:45 - [MESSAGE][INFO] - Maximizing current window

2021-11-23 16:45:46 - [MESSAGE][PASSED] - Current window maximized

2021-11-23 16:45:46 - [MESSAGE][INFO] - Invoke 'com.kms.katalon.core.annotation.BeforeTestCase' method: 'Listener.sampleBeforeTestSuite(...)' completed.

2021-11-23 16:45:46 - [TEST_STEP][PASSED] - runFeatureFile("Include/features/Regresyon/e-Arsiv/VKN-Elektronik-Ozel Matrah.feature"): Feature file: 'Include/features/Regresyon/e-Arsiv/VKN-Elektronik-Ozel Matrah.feature' was passed

2021-11-23 16:45:46 - [MESSAGE][INFO] - Starting run keyword runFeatureFile: 'Include/features/Regresyon/e-Arsiv/VKN-Elektronik-Ozel Matrah.feature' and extract report to folder: 'C:\Users\DELL\Documents\GitHub\EES_KatalonLogo\Reports\20211123_163326\Suite Repository\Regresyon-eArsiv-eMakbuz\20211123_163404/cucumber_report/1637675146620'...

2021-11-23 16:45:46 - [MESSAGE][INFO] - Glue: []

2021-11-23 16:45:49 - [MESSAGE][INFO] - Checking called Test Case

2021-11-23 16:45:49 - [MESSAGE][INFO] - Starting to call Test Case 'Test Cases/Sayfalar/Giris_Sayfasi/Login'

2021-11-23 16:45:49 - [TEST_CASE][PASSED] - Test Cases/Sayfalar/Giris_Sayfasi/Login: Test Cases/Sayfalar/Giris_Sayfasi/Login

2021-11-23 16:45:49 - [TEST_STEP][PASSED] - Sayfa_Basligi = getWindowTitle(): Current window's title is: 'LOGO e-Fatura'

2021-11-23 16:45:49 - [MESSAGE][INFO] - Getting current window's title

2021-11-23 16:45:49 - [MESSAGE][PASSED] - Current window's title is: 'LOGO e-Fatura'

2021-11-23 16:45:49 - [TEST_STEP][PASSED] - verifyMatch(Sayfa_Basligi, "LOGO e-Fatura", false): Actual text 'LOGO e-Fatura' and expected text 'LOGO e-Fatura' are matched 

2021-11-23 16:45:49 - [MESSAGE][INFO] - Matching actual text 'LOGO e-Fatura' with expected text 'LOGO e-Fatura'

2021-11-23 16:45:49 - [MESSAGE][PASSED] - Actual text 'LOGO e-Fatura' and expected text 'LOGO e-Fatura' are matched 

2021-11-23 16:45:49 - [TEST_STEP][PASSED] - sendKeys(findTestObject("Sayfalar/Giris_Sayfasi/Firma_Kodu"), KullaniciAdi): Keys 'EARMATRAH' sent to object: 'Object Repository/Sayfalar/Giris_Sayfasi/Firma_Kodu'

2021-11-23 16:45:49 - [MESSAGE][INFO] - Finding Test Object 'Object Repository/Sayfalar/Giris_Sayfasi/Firma_Kodu'

2021-11-23 16:45:49 - [MESSAGE][INFO] - Sending keys 'EARMATRAH' to object: 'Object Repository/Sayfalar/Giris_Sayfasi/Firma_Kodu'

2021-11-23 16:45:49 - [MESSAGE][INFO] - Finding web element from Test Object's properties

2021-11-23 16:45:49 - [MESSAGE][INFO] - Checking timeout

2021-11-23 16:45:49 - [MESSAGE][INFO] - Finding web element with id: 'Object Repository/Sayfalar/Giris_Sayfasi/Firma_Kodu' located by 'By.xpath: //*[@id = 'AccountName']' in '30' second(s)

2021-11-23 16:45:49 - [MESSAGE][INFO] - Smart Wait Function is triggered

2021-11-23 16:45:49 - [MESSAGE][INFO] - Found 1 web elements with id: 'Object Repository/Sayfalar/Giris_Sayfasi/Firma_Kodu' located by 'By.xpath: //*[@id = 'AccountName']' in '30' second(s)

2021-11-23 16:45:49 - [MESSAGE][PASSED] - Keys 'EARMATRAH' sent to object: 'Object Repository/Sayfalar/Giris_Sayfasi/Firma_Kodu'

2021-11-23 16:45:49 - [TEST_STEP][PASSED] - sendKeys(findTestObject("Sayfalar/Giris_Sayfasi/Sifre"), Sifre): Keys 'test1234' sent to object: 'Object Repository/Sayfalar/Giris_Sayfasi/Sifre'

2021-11-23 16:45:49 - [MESSAGE][INFO] - Finding Test Object 'Object Repository/Sayfalar/Giris_Sayfasi/Sifre'

2021-11-23 16:45:50 - [MESSAGE][INFO] - Sending keys 'test1234' to object: 'Object Repository/Sayfalar/Giris_Sayfasi/Sifre'

2021-11-23 16:45:50 - [MESSAGE][INFO] - Finding web element from Test Object's properties

2021-11-23 16:45:50 - [MESSAGE][INFO] - Checking timeout

2021-11-23 16:45:50 - [MESSAGE][INFO] - Finding web element with id: 'Object Repository/Sayfalar/Giris_Sayfasi/Sifre' located by 'By.xpath: //*[@id = 'Password']' in '30' second(s)

2021-11-23 16:45:50 - [MESSAGE][INFO] - Smart Wait Function is triggered

2021-11-23 16:45:50 - [MESSAGE][INFO] - Found 1 web elements with id: 'Object Repository/Sayfalar/Giris_Sayfasi/Sifre' located by 'By.xpath: //*[@id = 'Password']' in '30' second(s)

2021-11-23 16:45:50 - [MESSAGE][PASSED] - Keys 'test1234' sent to object: 'Object Repository/Sayfalar/Giris_Sayfasi/Sifre'

2021-11-23 16:45:50 - [TEST_STEP][PASSED] - findWebElement(findTestObject("Sayfalar/Giris_Sayfasi/Giris_Butonu")).click(): Found 1 web elements with id: 'Object Repository/Sayfalar/Giris_Sayfasi/Giris_Butonu' located by 'By.cssSelector: #btnLogin' in '30' second(s)

2021-11-23 16:45:50 - [MESSAGE][INFO] - Finding Test Object 'Object Repository/Sayfalar/Giris_Sayfasi/Giris_Butonu'

2021-11-23 16:45:50 - [MESSAGE][INFO] - Finding web element from Test Object's properties

2021-11-23 16:45:50 - [MESSAGE][INFO] - Checking timeout

2021-11-23 16:45:50 - [MESSAGE][INFO] - Finding web element with id: 'Object Repository/Sayfalar/Giris_Sayfasi/Giris_Butonu' located by 'By.cssSelector: #btnLogin' in '30' second(s)

2021-11-23 16:45:50 - [MESSAGE][INFO] - Smart Wait Function is triggered

2021-11-23 16:45:50 - [MESSAGE][INFO] - Found 1 web elements with id: 'Object Repository/Sayfalar/Giris_Sayfasi/Giris_Butonu' located by 'By.cssSelector: #btnLogin' in '30' second(s)

2021-11-23 16:45:52 - [TEST_STEP][PASSED] - if (verifyElementPresent(findTestObject("Object Repository/Sayfalar/Giris_Sayfasi/RetveTamam_Butonu"), 5, OPTIONAL)): null

2021-11-23 16:45:52 - [MESSAGE][INFO] - Finding Test Object 'Object Repository/Sayfalar/Giris_Sayfasi/RetveTamam_Butonu'

2021-11-23 16:45:52 - [MESSAGE][INFO] - Checking object

2021-11-23 16:45:52 - [MESSAGE][INFO] - Finding web element from Test Object's properties

2021-11-23 16:45:52 - [MESSAGE][INFO] - Checking timeout

2021-11-23 16:45:52 - [MESSAGE][INFO] - Finding web element with id: 'Object Repository/Sayfalar/Giris_Sayfasi/RetveTamam_Butonu' located by 'By.xpath: //*[@class = 'btn btn-default']' in '5' second(s)

2021-11-23 16:45:52 - [MESSAGE][INFO] - Smart Wait Function is triggered

2021-11-23 16:45:52 - [MESSAGE][INFO] - Found 1 web elements with id: 'Object Repository/Sayfalar/Giris_Sayfasi/RetveTamam_Butonu' located by 'By.xpath: //*[@class = 'btn btn-default']' in '5' second(s)

2021-11-23 16:45:52 - [MESSAGE][PASSED] - Object 'Object Repository/Sayfalar/Giris_Sayfasi/RetveTamam_Butonu' is present

2021-11-23 16:45:52 - [TEST_STEP][PASSED] - click(findTestObject("Object Repository/Sayfalar/Giris_Sayfasi/RetveTamam_Butonu")): Object: 'Object Repository/Sayfalar/Giris_Sayfasi/RetveTamam_Butonu' is clicked on

2021-11-23 16:45:52 - [MESSAGE][INFO] - Finding Test Object 'Object Repository/Sayfalar/Giris_Sayfasi/RetveTamam_Butonu'

2021-11-23 16:45:53 - [MESSAGE][INFO] - Checking object

2021-11-23 16:45:53 - [MESSAGE][INFO] - Finding web element from Test Object's properties

2021-11-23 16:45:53 - [MESSAGE][INFO] - Checking timeout

2021-11-23 16:45:53 - [MESSAGE][INFO] - Finding web element with id: 'Object Repository/Sayfalar/Giris_Sayfasi/RetveTamam_Butonu' located by 'By.xpath: //*[@class = 'btn btn-default']' in '30' second(s)

2021-11-23 16:45:53 - [MESSAGE][INFO] - Smart Wait Function is triggered

2021-11-23 16:45:53 - [MESSAGE][INFO] - Found 1 web elements with id: 'Object Repository/Sayfalar/Giris_Sayfasi/RetveTamam_Butonu' located by 'By.xpath: //*[@class = 'btn btn-default']' in '30' second(s)

2021-11-23 16:45:53 - [MESSAGE][INFO] - Clicking on object: 'Object Repository/Sayfalar/Giris_Sayfasi/RetveTamam_Butonu'

2021-11-23 16:45:53 - [MESSAGE][PASSED] - Object: 'Object Repository/Sayfalar/Giris_Sayfasi/RetveTamam_Butonu' is clicked on

2021-11-23 16:45:53 - [TEST_STEP][PASSED] - click(findTestObject("Object Repository/Sayfalar/Giris_Sayfasi/RetveTamam_Butonu")): Object: 'Object Repository/Sayfalar/Giris_Sayfasi/RetveTamam_Butonu' is clicked on

2021-11-23 16:45:53 - [MESSAGE][INFO] - Finding Test Object 'Object Repository/Sayfalar/Giris_Sayfasi/RetveTamam_Butonu'

2021-11-23 16:45:53 - [MESSAGE][INFO] - Checking object

2021-11-23 16:45:53 - [MESSAGE][INFO] - Finding web element from Test Object's properties

2021-11-23 16:45:53 - [MESSAGE][INFO] - Checking timeout

2021-11-23 16:45:53 - [MESSAGE][INFO] - Finding web element with id: 'Object Repository/Sayfalar/Giris_Sayfasi/RetveTamam_Butonu' located by 'By.xpath: //*[@class = 'btn btn-default']' in '30' second(s)

2021-11-23 16:45:53 - [MESSAGE][INFO] - Smart Wait Function is triggered

2021-11-23 16:45:56 - [MESSAGE][INFO] - Found 1 web elements with id: 'Object Repository/Sayfalar/Giris_Sayfasi/RetveTamam_Butonu' located by 'By.xpath: //*[@class = 'btn btn-default']' in '30' second(s)

2021-11-23 16:45:56 - [MESSAGE][INFO] - Clicking on object: 'Object Repository/Sayfalar/Giris_Sayfasi/RetveTamam_Butonu'

2021-11-23 16:45:56 - [MESSAGE][PASSED] - Object: 'Object Repository/Sayfalar/Giris_Sayfasi/RetveTamam_Butonu' is clicked on

2021-11-23 16:45:56 - [TEST_STEP][PASSED] - if (verifyElementPresent(findTestObject("Sayfalar/Giris_Sayfasi/PopupOK"), 5, OPTIONAL)): com.kms.katalon.core.webui.exception.WebElementNotFoundException: Web element with id: 'Object Repository/Sayfalar/Giris_Sayfasi/PopupOK' located by '.btn.btn-success' not found (Root cause: com.kms.katalon.core.exception.StepFailedException: com.kms.katalon.core.webui.exception.WebElementNotFoundException: Web element with id: 'Object Repository/Sayfalar/Giris_Sayfasi/PopupOK' located by '.btn.btn-success' not found
	at com.kms.katalon.core.webui.keyword.internal.WebUIKeywordMain.stepFailed(WebUIKeywordMain.groovy:64)
	at com.kms.katalon.core.webui.keyword.builtin.VerifyElementPresentKeyword$_verifyElementPresent_closure1.doCall(VerifyElementPresentKeyword.groovy:85)
	at com.kms.katalon.core.webui.keyword.builtin.VerifyElementPresentKeyword$_verifyElementPresent_closure1.call(VerifyElementPresentKeyword.groovy)
	at com.kms.katalon.core.webui.keyword.internal.WebUIKeywordMain.runKeyword(WebUIKeywordMain.groovy:20)
	at com.kms.katalon.core.webui.keyword.builtin.VerifyElementPresentKeyword.verifyElementPresent(VerifyElementPresentKeyword.groovy:92)
	at com.kms.katalon.core.webui.keyword.builtin.VerifyElementPresentKeyword.execute(VerifyElementPresentKeyword.groovy:68)
	at com.kms.katalon.core.keyword.internal.KeywordExecutor.executeKeywordForPlatform(KeywordExecutor.groovy:73)
	at com.kms.katalon.core.webui.keyword.WebUiBuiltInKeywords.verifyElementPresent(WebUiBuiltInKeywords.groovy:1448)
	at com.kms.katalon.core.webui.keyword.WebUiBuiltInKeywords$verifyElementPresent$4.call(Unknown Source)
	at Login.run(Login:40)
	at com.kms.katalon.core.main.ScriptEngine.run(ScriptEngine.java:194)
	at com.kms.katalon.core.main.ScriptEngine.runScriptAsRawText(ScriptEngine.java:119)
	at com.kms.katalon.core.main.TestCaseExecutor.runScript(TestCaseExecutor.java:369)
	at com.kms.katalon.core.main.TestCaseExecutor.doExecute(TestCaseExecutor.java:360)
	at com.kms.katalon.core.main.TestCaseExecutor.processExecutionPhase(TestCaseExecutor.java:339)
	at com.kms.katalon.core.main.TestCaseExecutor.accessMainPhase(TestCaseExecutor.java:331)
	at com.kms.katalon.core.main.TestCaseExecutor.execute(TestCaseExecutor.java:248)
	at com.kms.katalon.core.main.TestCaseMain.runTestCase(TestCaseMain.java:138)
	at com.kms.katalon.core.keyword.builtin.CallTestCaseKeyword$_callTestCase_closure1.doCall(CallTestCaseKeyword.groovy:59)
	at com.kms.katalon.core.keyword.builtin.CallTestCaseKeyword$_callTestCase_closure1.call(CallTestCaseKeyword.groovy)
	at com.kms.katalon.core.keyword.internal.KeywordMain.runKeyword(KeywordMain.groovy:68)
	at com.kms.katalon.core.keyword.builtin.CallTestCaseKeyword.callTestCase(CallTestCaseKeyword.groovy:81)
	at com.kms.katalon.core.keyword.builtin.CallTestCaseKeyword.execute(CallTestCaseKeyword.groovy:44)
	at com.kms.katalon.core.keyword.internal.KeywordExecutor.executeKeywordForPlatform(KeywordExecutor.groovy:73)
	at com.kms.katalon.core.keyword.BuiltinKeywords.callTestCase(BuiltinKeywords.groovy:334)
	at sayfalar.girisSayfasi.login(girisSayfasi.groovy:50)
	at cucumber.runtime.Utils$1.call(Utils.java:26)
	at cucumber.runtime.Timeout.timeout(Timeout.java:16)
	at cucumber.runtime.Utils.invoke(Utils.java:20)
	at cucumber.runtime.java.JavaStepDefinition.execute(JavaStepDefinition.java:49)
	at cucumber.runner.PickleStepDefinitionMatch.runStep(PickleStepDefinitionMatch.java:50)
	at cucumber.runner.TestStep.executeStep(TestStep.java:63)
	at cucumber.runner.TestStep.run(TestStep.java:49)
	at cucumber.runner.PickleStepTestStep.run(PickleStepTestStep.java:43)
	at cucumber.runner.TestCase.run(TestCase.java:44)
	at cucumber.runner.Runner.runPickle(Runner.java:40)
	at cucumber.runtime.Runtime$1.run(Runtime.java:84)
	at cucumber.runtime.Runtime$SameThreadExecutorService.execute(Runtime.java:220)
	at cucumber.runtime.Runtime.run(Runtime.java:81)
	at cucumber.api.cli.Main.run(Main.java:26)
	at cucumber.api.cli.Main$run.call(Unknown Source)
	at com.kms.katalon.core.cucumber.keyword.CucumberBuiltinKeywords$_runFeatureFile_closure1.doCall(CucumberBuiltinKeywords.groovy:106)
	at com.kms.katalon.core.cucumber.keyword.CucumberBuiltinKeywords$_runFeatureFile_closure1.doCall(CucumberBuiltinKeywords.groovy)
	at com.kms.katalon.core.keyword.internal.KeywordMain.runKeyword(KeywordMain.groovy:68)
	at com.kms.katalon.core.keyword.internal.KeywordMain$runKeyword.call(Unknown Source)
	at com.kms.katalon.core.cucumber.keyword.CucumberBuiltinKeywords.runFeatureFile(CucumberBuiltinKeywords.groovy:73)
	at com.kms.katalon.core.cucumber.keyword.CucumberBuiltinKeywords$runFeatureFile$0.callStatic(Unknown Source)
	at com.kms.katalon.core.cucumber.keyword.CucumberBuiltinKeywords.runFeatureFile(CucumberBuiltinKeywords.groovy:246)
	at com.kms.katalon.core.cucumber.keyword.CucumberBuiltinKeywords$runFeatureFile.call(Unknown Source)
	at VKN-Elektronik-Ozel Matrah.run(VKN-Elektronik-Ozel Matrah:19)
	at com.kms.katalon.core.main.ScriptEngine.run(ScriptEngine.java:194)
	at com.kms.katalon.core.main.ScriptEngine.runScriptAsRawText(ScriptEngine.java:119)
	at com.kms.katalon.core.main.TestCaseExecutor.runScript(TestCaseExecutor.java:369)
	at com.kms.katalon.core.main.TestCaseExecutor.doExecute(TestCaseExecutor.java:360)
	at com.kms.katalon.core.main.TestCaseExecutor.processExecutionPhase(TestCaseExecutor.java:339)
	at com.kms.katalon.core.main.TestCaseExecutor.accessMainPhase(TestCaseExecutor.java:331)
	at com.kms.katalon.core.main.TestCaseExecutor.execute(TestCaseExecutor.java:248)
	at com.kms.katalon.core.main.TestSuiteExecutor.accessTestCaseMainPhase(TestSuiteExecutor.java:191)
	at com.kms.katalon.core.main.TestSuiteExecutor.accessTestSuiteMainPhase(TestSuiteExecutor.java:140)
	at com.kms.katalon.core.main.TestSuiteExecutor.execute(TestSuiteExecutor.java:89)
	at com.kms.katalon.core.main.TestCaseMain.startTestSuite(TestCaseMain.java:181)
	at com.kms.katalon.core.main.TestCaseMain$startTestSuite$0.call(Unknown Source)
	at TempTestSuite1637674444414.run(TempTestSuite1637674444414.groovy:39)
)

2021-11-23 16:45:56 - [MESSAGE][INFO] - Finding Test Object 'Object Repository/Sayfalar/Giris_Sayfasi/PopupOK'

2021-11-23 16:45:56 - [MESSAGE][INFO] - Checking object

2021-11-23 16:45:56 - [MESSAGE][INFO] - Finding web element from Test Object's properties

2021-11-23 16:45:56 - [MESSAGE][INFO] - Checking timeout

2021-11-23 16:45:56 - [MESSAGE][INFO] - Finding web element with id: 'Object Repository/Sayfalar/Giris_Sayfasi/PopupOK' located by 'By.cssSelector: .btn.btn-success' in '5' second(s)

2021-11-23 16:45:56 - [MESSAGE][INFO] - Smart Wait Function is triggered

2021-11-23 16:45:57 - [MESSAGE][INFO] - Smart Wait Function is triggered

2021-11-23 16:45:57 - [MESSAGE][INFO] - Smart Wait Function is triggered

2021-11-23 16:45:58 - [MESSAGE][INFO] - Smart Wait Function is triggered

2021-11-23 16:45:58 - [MESSAGE][INFO] - Smart Wait Function is triggered

2021-11-23 16:45:58 - [MESSAGE][INFO] - Smart Wait Function is triggered

2021-11-23 16:45:58 - [MESSAGE][INFO] - Smart Wait Function is triggered

2021-11-23 16:45:59 - [MESSAGE][INFO] - Smart Wait Function is triggered

2021-11-23 16:45:59 - [MESSAGE][INFO] - Smart Wait Function is triggered

2021-11-23 16:45:59 - [MESSAGE][INFO] - Smart Wait Function is triggered

2021-11-23 16:45:59 - [MESSAGE][INFO] - Smart Wait Function is triggered

2021-11-23 16:46:00 - [MESSAGE][INFO] - Smart Wait Function is triggered

2021-11-23 16:46:00 - [MESSAGE][INFO] - Smart Wait Function is triggered

2021-11-23 16:46:00 - [MESSAGE][INFO] - Smart Wait Function is triggered

2021-11-23 16:46:01 - [MESSAGE][INFO] - Smart Wait Function is triggered

2021-11-23 16:46:01 - [MESSAGE][INFO] - Smart Wait Function is triggered

2021-11-23 16:46:01 - [MESSAGE][INFO] - Smart Wait Function is triggered

2021-11-23 16:46:01 - [MESSAGE][INFO] - Smart Wait Function is triggered

2021-11-23 16:46:02 - [MESSAGE][INFO] - Smart Wait Function is triggered

2021-11-23 16:46:02 - [MESSAGE][INFO] - Smart Wait Function is triggered

2021-11-23 16:46:02 - [MESSAGE][INFO] - Smart Wait Function is triggered

2021-11-23 16:46:03 - [MESSAGE][INFO] - Unable to find the element located by 'By.cssSelector: .btn.btn-success'. Please recheck the objects properties to make sure the desired element is located. 

2021-11-23 16:46:03 - [MESSAGE][WARNING] - com.kms.katalon.core.webui.exception.WebElementNotFoundException: Web element with id: 'Object Repository/Sayfalar/Giris_Sayfasi/PopupOK' located by '.btn.btn-success' not found (Root cause: com.kms.katalon.core.exception.StepFailedException: com.kms.katalon.core.webui.exception.WebElementNotFoundException: Web element with id: 'Object Repository/Sayfalar/Giris_Sayfasi/PopupOK' located by '.btn.btn-success' not found
	at com.kms.katalon.core.webui.keyword.internal.WebUIKeywordMain.stepFailed(WebUIKeywordMain.groovy:64)
	at com.kms.katalon.core.webui.keyword.builtin.VerifyElementPresentKeyword$_verifyElementPresent_closure1.doCall(VerifyElementPresentKeyword.groovy:85)
	at com.kms.katalon.core.webui.keyword.builtin.VerifyElementPresentKeyword$_verifyElementPresent_closure1.call(VerifyElementPresentKeyword.groovy)
	at com.kms.katalon.core.webui.keyword.internal.WebUIKeywordMain.runKeyword(WebUIKeywordMain.groovy:20)
	at com.kms.katalon.core.webui.keyword.builtin.VerifyElementPresentKeyword.verifyElementPresent(VerifyElementPresentKeyword.groovy:92)
	at com.kms.katalon.core.webui.keyword.builtin.VerifyElementPresentKeyword.execute(VerifyElementPresentKeyword.groovy:68)
	at com.kms.katalon.core.keyword.internal.KeywordExecutor.executeKeywordForPlatform(KeywordExecutor.groovy:73)
	at com.kms.katalon.core.webui.keyword.WebUiBuiltInKeywords.verifyElementPresent(WebUiBuiltInKeywords.groovy:1448)
	at com.kms.katalon.core.webui.keyword.WebUiBuiltInKeywords$verifyElementPresent$4.call(Unknown Source)
	at Login.run(Login:40)
	at com.kms.katalon.core.main.ScriptEngine.run(ScriptEngine.java:194)
	at com.kms.katalon.core.main.ScriptEngine.runScriptAsRawText(ScriptEngine.java:119)
	at com.kms.katalon.core.main.TestCaseExecutor.runScript(TestCaseExecutor.java:369)
	at com.kms.katalon.core.main.TestCaseExecutor.doExecute(TestCaseExecutor.java:360)
	at com.kms.katalon.core.main.TestCaseExecutor.processExecutionPhase(TestCaseExecutor.java:339)
	at com.kms.katalon.core.main.TestCaseExecutor.accessMainPhase(TestCaseExecutor.java:331)
	at com.kms.katalon.core.main.TestCaseExecutor.execute(TestCaseExecutor.java:248)
	at com.kms.katalon.core.main.TestCaseMain.runTestCase(TestCaseMain.java:138)
	at com.kms.katalon.core.keyword.builtin.CallTestCaseKeyword$_callTestCase_closure1.doCall(CallTestCaseKeyword.groovy:59)
	at com.kms.katalon.core.keyword.builtin.CallTestCaseKeyword$_callTestCase_closure1.call(CallTestCaseKeyword.groovy)
	at com.kms.katalon.core.keyword.internal.KeywordMain.runKeyword(KeywordMain.groovy:68)
	at com.kms.katalon.core.keyword.builtin.CallTestCaseKeyword.callTestCase(CallTestCaseKeyword.groovy:81)
	at com.kms.katalon.core.keyword.builtin.CallTestCaseKeyword.execute(CallTestCaseKeyword.groovy:44)
	at com.kms.katalon.core.keyword.internal.KeywordExecutor.executeKeywordForPlatform(KeywordExecutor.groovy:73)
	at com.kms.katalon.core.keyword.BuiltinKeywords.callTestCase(BuiltinKeywords.groovy:334)
	at sayfalar.girisSayfasi.login(girisSayfasi.groovy:50)
	at cucumber.runtime.Utils$1.call(Utils.java:26)
	at cucumber.runtime.Timeout.timeout(Timeout.java:16)
	at cucumber.runtime.Utils.invoke(Utils.java:20)
	at cucumber.runtime.java.JavaStepDefinition.execute(JavaStepDefinition.java:49)
	at cucumber.runner.PickleStepDefinitionMatch.runStep(PickleStepDefinitionMatch.java:50)
	at cucumber.runner.TestStep.executeStep(TestStep.java:63)
	at cucumber.runner.TestStep.run(TestStep.java:49)
	at cucumber.runner.PickleStepTestStep.run(PickleStepTestStep.java:43)
	at cucumber.runner.TestCase.run(TestCase.java:44)
	at cucumber.runner.Runner.runPickle(Runner.java:40)
	at cucumber.runtime.Runtime$1.run(Runtime.java:84)
	at cucumber.runtime.Runtime$SameThreadExecutorService.execute(Runtime.java:220)
	at cucumber.runtime.Runtime.run(Runtime.java:81)
	at cucumber.api.cli.Main.run(Main.java:26)
	at cucumber.api.cli.Main$run.call(Unknown Source)
	at com.kms.katalon.core.cucumber.keyword.CucumberBuiltinKeywords$_runFeatureFile_closure1.doCall(CucumberBuiltinKeywords.groovy:106)
	at com.kms.katalon.core.cucumber.keyword.CucumberBuiltinKeywords$_runFeatureFile_closure1.doCall(CucumberBuiltinKeywords.groovy)
	at com.kms.katalon.core.keyword.internal.KeywordMain.runKeyword(KeywordMain.groovy:68)
	at com.kms.katalon.core.keyword.internal.KeywordMain$runKeyword.call(Unknown Source)
	at com.kms.katalon.core.cucumber.keyword.CucumberBuiltinKeywords.runFeatureFile(CucumberBuiltinKeywords.groovy:73)
	at com.kms.katalon.core.cucumber.keyword.CucumberBuiltinKeywords$runFeatureFile$0.callStatic(Unknown Source)
	at com.kms.katalon.core.cucumber.keyword.CucumberBuiltinKeywords.runFeatureFile(CucumberBuiltinKeywords.groovy:246)
	at com.kms.katalon.core.cucumber.keyword.CucumberBuiltinKeywords$runFeatureFile.call(Unknown Source)
	at VKN-Elektronik-Ozel Matrah.run(VKN-Elektronik-Ozel Matrah:19)
	at com.kms.katalon.core.main.ScriptEngine.run(ScriptEngine.java:194)
	at com.kms.katalon.core.main.ScriptEngine.runScriptAsRawText(ScriptEngine.java:119)
	at com.kms.katalon.core.main.TestCaseExecutor.runScript(TestCaseExecutor.java:369)
	at com.kms.katalon.core.main.TestCaseExecutor.doExecute(TestCaseExecutor.java:360)
	at com.kms.katalon.core.main.TestCaseExecutor.processExecutionPhase(TestCaseExecutor.java:339)
	at com.kms.katalon.core.main.TestCaseExecutor.accessMainPhase(TestCaseExecutor.java:331)
	at com.kms.katalon.core.main.TestCaseExecutor.execute(TestCaseExecutor.java:248)
	at com.kms.katalon.core.main.TestSuiteExecutor.accessTestCaseMainPhase(TestSuiteExecutor.java:191)
	at com.kms.katalon.core.main.TestSuiteExecutor.accessTestSuiteMainPhase(TestSuiteExecutor.java:140)
	at com.kms.katalon.core.main.TestSuiteExecutor.execute(TestSuiteExecutor.java:89)
	at com.kms.katalon.core.main.TestCaseMain.startTestSuite(TestCaseMain.java:181)
	at com.kms.katalon.core.main.TestCaseMain$startTestSuite$0.call(Unknown Source)
	at TempTestSuite1637674444414.run(TempTestSuite1637674444414.groovy:39)
)

2021-11-23 16:46:03 - [TEST_STEP][PASSED] - verifyElementVisible(findTestObject("Object Repository/Kullanici_Islemleri/KullaniciIslemleri")): Object 'Object Repository/Kullanici_Islemleri/KullaniciIslemleri' is visible

2021-11-23 16:46:03 - [MESSAGE][INFO] - Finding Test Object 'Object Repository/Kullanici_Islemleri/KullaniciIslemleri'

2021-11-23 16:46:03 - [MESSAGE][INFO] - Checking object

2021-11-23 16:46:03 - [MESSAGE][INFO] - Finding web element from Test Object's properties

2021-11-23 16:46:03 - [MESSAGE][INFO] - Checking timeout

2021-11-23 16:46:03 - [MESSAGE][INFO] - Finding web element with id: 'Object Repository/Kullanici_Islemleri/KullaniciIslemleri' located by 'By.cssSelector: .dropdown>a>img' in '30' second(s)

2021-11-23 16:46:03 - [MESSAGE][INFO] - Smart Wait Function is triggered

2021-11-23 16:46:03 - [MESSAGE][INFO] - Found 1 web elements with id: 'Object Repository/Kullanici_Islemleri/KullaniciIslemleri' located by 'By.cssSelector: .dropdown>a>img' in '30' second(s)

2021-11-23 16:46:03 - [MESSAGE][PASSED] - Object 'Object Repository/Kullanici_Islemleri/KullaniciIslemleri' is visible

2021-11-23 16:46:03 - [MESSAGE][PASSED] - Call Test Case 'Test Cases/Sayfalar/Giris_Sayfasi/Login' successfully

2021-11-23 16:46:03 - [MESSAGE][INFO] - Checking called Test Case

2021-11-23 16:46:03 - [MESSAGE][INFO] - Starting to call Test Case 'Test Cases/Menu/AnaMenuSecimi'

2021-11-23 16:46:03 - [TEST_CASE][PASSED] - Test Cases/Menu/AnaMenuSecimi: Test Cases/Menu/AnaMenuSecimi

2021-11-23 16:46:03 - [TEST_STEP][PASSED] - Method.TextDegerineEsitElementeTikla(findTestObject("Menu/Ana_Menu"), Ana_Menu): Method.TextDegerineEsitElementeTikla is PASSED

2021-11-23 16:46:03 - [MESSAGE][INFO] - Finding Test Object 'Object Repository/Menu/Ana_Menu'

2021-11-23 16:46:03 - [MESSAGE][INFO] - Checking timeout

2021-11-23 16:46:03 - [MESSAGE][INFO] - Finding web element with id: 'Object Repository/Menu/Ana_Menu' located by 'By.xpath: //*[@class = 'dropdown-toggle']' in '10' second(s)

2021-11-23 16:46:03 - [MESSAGE][INFO] - Smart Wait Function is triggered

2021-11-23 16:46:03 - [MESSAGE][INFO] - Found 13 web elements with id: 'Object Repository/Menu/Ana_Menu' located by 'By.xpath: //*[@class = 'dropdown-toggle']' in '10' second(s)

2021-11-23 16:46:04 - [MESSAGE][PASSED] - Method.TextDegerineEsitElementeTikla is PASSED

2021-11-23 16:46:04 - [MESSAGE][PASSED] - Call Test Case 'Test Cases/Menu/AnaMenuSecimi' successfully

2021-11-23 16:46:04 - [MESSAGE][INFO] - Checking called Test Case

2021-11-23 16:46:04 - [MESSAGE][INFO] - Starting to call Test Case 'Test Cases/Menu/BasligaGoreAltMenuSecimi'

2021-11-23 16:46:04 - [TEST_CASE][PASSED] - Test Cases/Menu/BasligaGoreAltMenuSecimi: Test Cases/Menu/BasligaGoreAltMenuSecimi

2021-11-23 16:46:04 - [TEST_STEP][PASSED] - Method.TextDegerineEsitElementinAltindakiTextDegerineEsitOlanaTikla(findTestObject("Menu/Menu_Basligi"), findTestObject("Menu/Basliga_Gore_Alt_Menu"), Baslik, Alt_Menu): Method.TextDegerineEsitElementinAltindakiTextDegerineEsitOlanaTikla is PASSED

2021-11-23 16:46:04 - [MESSAGE][INFO] - Finding Test Object 'Object Repository/Menu/Menu_Basligi'

2021-11-23 16:46:04 - [MESSAGE][INFO] - Finding Test Object 'Object Repository/Menu/Basliga_Gore_Alt_Menu'

2021-11-23 16:46:04 - [MESSAGE][INFO] - Checking timeout

2021-11-23 16:46:04 - [MESSAGE][INFO] - Finding web element with id: 'Object Repository/Menu/Menu_Basligi' located by 'By.xpath: //li[@class='dropdown dropdown-large open']//li[@class='dropdown-header']' in '10' second(s)

2021-11-23 16:46:04 - [MESSAGE][INFO] - Smart Wait Function is triggered

2021-11-23 16:46:04 - [MESSAGE][INFO] - Found 2 web elements with id: 'Object Repository/Menu/Menu_Basligi' located by 'By.xpath: //li[@class='dropdown dropdown-large open']//li[@class='dropdown-header']' in '10' second(s)

2021-11-23 16:46:04 - [MESSAGE][INFO] - Smart Wait Function is triggered

2021-11-23 16:46:06 - [MESSAGE][PASSED] - Method.TextDegerineEsitElementinAltindakiTextDegerineEsitOlanaTikla is PASSED

2021-11-23 16:46:06 - [MESSAGE][PASSED] - Call Test Case 'Test Cases/Menu/BasligaGoreAltMenuSecimi' successfully

2021-11-23 16:46:06 - [MESSAGE][INFO] - Checking called Test Case

2021-11-23 16:46:06 - [MESSAGE][INFO] - Starting to call Test Case 'Test Cases/Tablo/Olusturma Tarihi'

2021-11-23 16:46:06 - [TEST_CASE][PASSED] - Test Cases/Tablo/Olusturma Tarihi: Test Cases/Tablo/Olusturma Tarihi

2021-11-23 16:46:06 - [TEST_STEP][PASSED] - if (verifyTextNotPresent("Görüntülenecek veri yok", true, OPTIONAL)): null

2021-11-23 16:46:06 - [MESSAGE][INFO] - Checking text present  using regular expression

2021-11-23 16:46:06 - [MESSAGE][INFO] - Smart Wait Function is triggered

2021-11-23 16:46:07 - [MESSAGE][INFO] - Finding text 'Görüntülenecek veri yok' on page  using regular expression

2021-11-23 16:46:07 - [MESSAGE][PASSED] - Text 'Görüntülenecek veri yok' is not present on page using regular expression

2021-11-23 16:46:07 - [TEST_STEP][PASSED] - click(findTestObject("Temizle/Olusturma_Tarihi_CheckBox")): Object: 'Object Repository/Temizle/Olusturma_Tarihi_CheckBox' is clicked on

2021-11-23 16:46:07 - [MESSAGE][INFO] - Finding Test Object 'Object Repository/Temizle/Olusturma_Tarihi_CheckBox'

2021-11-23 16:46:07 - [MESSAGE][INFO] - Checking object

2021-11-23 16:46:07 - [MESSAGE][INFO] - Finding web element from Test Object's properties

2021-11-23 16:46:07 - [MESSAGE][INFO] - Checking timeout

2021-11-23 16:46:07 - [MESSAGE][INFO] - Finding web element with id: 'Object Repository/Temizle/Olusturma_Tarihi_CheckBox' located by 'By.xpath: //*[@title = 'Bu sayfadaki tüm satırları Seç']' in '30' second(s)

2021-11-23 16:46:07 - [MESSAGE][INFO] - Smart Wait Function is triggered

2021-11-23 16:46:07 - [MESSAGE][INFO] - Found 1 web elements with id: 'Object Repository/Temizle/Olusturma_Tarihi_CheckBox' located by 'By.xpath: //*[@title = 'Bu sayfadaki tüm satırları Seç']' in '30' second(s)

2021-11-23 16:46:07 - [MESSAGE][INFO] - Clicking on object: 'Object Repository/Temizle/Olusturma_Tarihi_CheckBox'

2021-11-23 16:46:07 - [MESSAGE][PASSED] - Object: 'Object Repository/Temizle/Olusturma_Tarihi_CheckBox' is clicked on

2021-11-23 16:46:07 - [TEST_STEP][PASSED] - Method.TextDegerineEsitElementeTiklaEquals(findTestObject("Butonlar/Butonlar"), "Sil"): Method.TextDegerineEsitElementeTiklaEquals is PASSED

2021-11-23 16:46:07 - [MESSAGE][INFO] - Finding Test Object 'Object Repository/Butonlar/Butonlar'

2021-11-23 16:46:07 - [MESSAGE][INFO] - Checking timeout

2021-11-23 16:46:07 - [MESSAGE][INFO] - Finding web element with id: 'Object Repository/Butonlar/Butonlar' located by 'By.cssSelector: .panel.panel-default.text-center.footerPanel .btn,.btn.btn-primary.btnControls' in '10' second(s)

2021-11-23 16:46:07 - [MESSAGE][INFO] - Smart Wait Function is triggered

2021-11-23 16:46:08 - [MESSAGE][INFO] - Found 9 web elements with id: 'Object Repository/Butonlar/Butonlar' located by 'By.cssSelector: .panel.panel-default.text-center.footerPanel .btn,.btn.btn-primary.btnControls' in '10' second(s)

2021-11-23 16:46:08 - [MESSAGE][PASSED] - Method.TextDegerineEsitElementeTiklaEquals is PASSED

2021-11-23 16:46:08 - [TEST_STEP][PASSED] - Method.TextDegerineEsitElementeTikla(findTestObject("Popup/Popup_Butons"), "Evet"): Method.TextDegerineEsitElementeTikla is PASSED

2021-11-23 16:46:08 - [MESSAGE][INFO] - Finding Test Object 'Object Repository/Popup/Popup_Butons'

2021-11-23 16:46:08 - [MESSAGE][INFO] - Checking timeout

2021-11-23 16:46:08 - [MESSAGE][INFO] - Finding web element with id: 'Object Repository/Popup/Popup_Butons' located by 'By.cssSelector: .modal-footer>button' in '10' second(s)

2021-11-23 16:46:08 - [MESSAGE][INFO] - Smart Wait Function is triggered

2021-11-23 16:46:09 - [MESSAGE][INFO] - Found 2 web elements with id: 'Object Repository/Popup/Popup_Butons' located by 'By.cssSelector: .modal-footer>button' in '10' second(s)

2021-11-23 16:46:09 - [MESSAGE][PASSED] - Method.TextDegerineEsitElementeTikla is PASSED

2021-11-23 16:46:09 - [TEST_STEP][PASSED] - Method.TextDegerineEsitElementeTikla(findTestObject("Popup/Popup_Butons"), "Tamam"): Method.TextDegerineEsitElementeTikla is PASSED

2021-11-23 16:46:09 - [MESSAGE][INFO] - Finding Test Object 'Object Repository/Popup/Popup_Butons'

2021-11-23 16:46:09 - [MESSAGE][INFO] - Checking timeout

2021-11-23 16:46:09 - [MESSAGE][INFO] - Finding web element with id: 'Object Repository/Popup/Popup_Butons' located by 'By.cssSelector: .modal-footer>button' in '10' second(s)

2021-11-23 16:46:09 - [MESSAGE][INFO] - Smart Wait Function is triggered

2021-11-23 16:46:11 - [MESSAGE][INFO] - Found 1 web elements with id: 'Object Repository/Popup/Popup_Butons' located by 'By.cssSelector: .modal-footer>button' in '10' second(s)

2021-11-23 16:46:11 - [MESSAGE][PASSED] - Method.TextDegerineEsitElementeTikla is PASSED

2021-11-23 16:46:11 - [MESSAGE][PASSED] - Call Test Case 'Test Cases/Tablo/Olusturma Tarihi' successfully

2021-11-23 16:46:11 - [MESSAGE][INFO] - Checking called Test Case

2021-11-23 16:46:11 - [MESSAGE][INFO] - Starting to call Test Case 'Test Cases/Butonlar/ButonaTikla'

2021-11-23 16:46:11 - [TEST_CASE][PASSED] - Test Cases/Butonlar/ButonaTikla: Test Cases/Butonlar/ButonaTikla

2021-11-23 16:46:11 - [TEST_STEP][PASSED] - Method.TextDegerineEsitElementeTiklaEquals(findTestObject("Butonlar/Butonlar"), Buton_Adi): Method.TextDegerineEsitElementeTiklaEquals is PASSED

2021-11-23 16:46:11 - [MESSAGE][INFO] - Finding Test Object 'Object Repository/Butonlar/Butonlar'

2021-11-23 16:46:11 - [MESSAGE][INFO] - Checking timeout

2021-11-23 16:46:11 - [MESSAGE][INFO] - Finding web element with id: 'Object Repository/Butonlar/Butonlar' located by 'By.cssSelector: .panel.panel-default.text-center.footerPanel .btn,.btn.btn-primary.btnControls' in '10' second(s)

2021-11-23 16:46:11 - [MESSAGE][INFO] - Smart Wait Function is triggered

2021-11-23 16:46:12 - [MESSAGE][INFO] - Found 9 web elements with id: 'Object Repository/Butonlar/Butonlar' located by 'By.cssSelector: .panel.panel-default.text-center.footerPanel .btn,.btn.btn-primary.btnControls' in '10' second(s)

2021-11-23 16:46:12 - [MESSAGE][PASSED] - Method.TextDegerineEsitElementeTiklaEquals is PASSED

2021-11-23 16:46:12 - [MESSAGE][PASSED] - Call Test Case 'Test Cases/Butonlar/ButonaTikla' successfully

2021-11-23 16:46:12 - [MESSAGE][INFO] - Checking called Test Case

2021-11-23 16:46:12 - [MESSAGE][INFO] - Starting to call Test Case 'Test Cases/Olusturma/Genel/GorselTasarimSayfasıBasligiIceriyorMu'

2021-11-23 16:46:12 - [TEST_CASE][PASSED] - Test Cases/Olusturma/Genel/GorselTasarimSayfasıBasligiIceriyorMu: Test Cases/Olusturma/Genel/GorselTasarimSayfasıBasligiIceriyorMu

2021-11-23 16:46:12 - [TEST_STEP][PASSED] - verifyElementText(findTestObject("Object Repository/Olusturma/Genel/GorselTasarimBaslik"), Baslik): Actual text and expected text of test object 'Object Repository/Olusturma/Genel/GorselTasarimBaslik' are matched.

2021-11-23 16:46:12 - [MESSAGE][INFO] - Finding Test Object 'Object Repository/Olusturma/Genel/GorselTasarimBaslik'

2021-11-23 16:46:12 - [MESSAGE][INFO] - Checking object

2021-11-23 16:46:12 - [MESSAGE][INFO] - Finding web element from Test Object's properties

2021-11-23 16:46:12 - [MESSAGE][INFO] - Checking timeout

2021-11-23 16:46:12 - [MESSAGE][INFO] - Finding web element with id: 'Object Repository/Olusturma/Genel/GorselTasarimBaslik' located by 'By.cssSelector: #flAlici_0>div>span' in '30' second(s)

2021-11-23 16:46:12 - [MESSAGE][INFO] - Smart Wait Function is triggered

2021-11-23 16:46:18 - [MESSAGE][INFO] - Found 1 web elements with id: 'Object Repository/Olusturma/Genel/GorselTasarimBaslik' located by 'By.cssSelector: #flAlici_0>div>span' in '30' second(s)

2021-11-23 16:46:18 - [MESSAGE][PASSED] - Actual text and expected text of test object 'Object Repository/Olusturma/Genel/GorselTasarimBaslik' are matched.

2021-11-23 16:46:18 - [MESSAGE][PASSED] - Call Test Case 'Test Cases/Olusturma/Genel/GorselTasarimSayfasıBasligiIceriyorMu' successfully

2021-11-23 16:46:18 - [MESSAGE][INFO] - Checking called Test Case

2021-11-23 16:46:18 - [MESSAGE][INFO] - Starting to call Test Case 'Test Cases/Olusturma/Genel/AliciSecilir'

2021-11-23 16:46:19 - [TEST_CASE][PASSED] - Test Cases/Olusturma/Genel/AliciSecilir: Test Cases/Olusturma/Genel/AliciSecilir

2021-11-23 16:46:19 - [TEST_STEP][PASSED] - click(findTestObject("Olusturma/Genel/AliciBilgisi/Alici_Ara")): Object: 'Object Repository/Olusturma/Genel/AliciBilgisi/Alici_Ara' is clicked on

2021-11-23 16:46:19 - [MESSAGE][INFO] - Finding Test Object 'Object Repository/Olusturma/Genel/AliciBilgisi/Alici_Ara'

2021-11-23 16:46:19 - [MESSAGE][INFO] - Checking object

2021-11-23 16:46:19 - [MESSAGE][INFO] - Finding web element from Test Object's properties

2021-11-23 16:46:19 - [MESSAGE][INFO] - Checking timeout

2021-11-23 16:46:19 - [MESSAGE][INFO] - Finding web element with id: 'Object Repository/Olusturma/Genel/AliciBilgisi/Alici_Ara' located by 'By.xpath: //td[@id='txtCustomerText_B-1']' in '30' second(s)

2021-11-23 16:46:19 - [MESSAGE][INFO] - Smart Wait Function is triggered

2021-11-23 16:46:19 - [MESSAGE][INFO] - Found 1 web elements with id: 'Object Repository/Olusturma/Genel/AliciBilgisi/Alici_Ara' located by 'By.xpath: //td[@id='txtCustomerText_B-1']' in '30' second(s)

2021-11-23 16:46:19 - [MESSAGE][INFO] - Clicking on object: 'Object Repository/Olusturma/Genel/AliciBilgisi/Alici_Ara'

2021-11-23 16:46:19 - [MESSAGE][PASSED] - Object: 'Object Repository/Olusturma/Genel/AliciBilgisi/Alici_Ara' is clicked on

2021-11-23 16:46:19 - [TEST_STEP][PASSED] - click(findTestObject("Olusturma/Genel/AliciBilgisi/Alici_Bilgisi")): Object: 'Object Repository/Olusturma/Genel/AliciBilgisi/Alici_Bilgisi' is clicked on

2021-11-23 16:46:19 - [MESSAGE][INFO] - Finding Test Object 'Object Repository/Olusturma/Genel/AliciBilgisi/Alici_Bilgisi'

2021-11-23 16:46:19 - [MESSAGE][INFO] - Checking object

2021-11-23 16:46:19 - [MESSAGE][INFO] - Finding web element from Test Object's properties

2021-11-23 16:46:19 - [MESSAGE][INFO] - Checking timeout

2021-11-23 16:46:19 - [MESSAGE][INFO] - Finding web element with id: 'Object Repository/Olusturma/Genel/AliciBilgisi/Alici_Bilgisi' located by 'By.xpath: //iframe[@id='customerselectiframe']' in '30' second(s)

2021-11-23 16:46:19 - [MESSAGE][INFO] - Smart Wait Function is triggered

2021-11-23 16:46:19 - [MESSAGE][INFO] - Found 1 web elements with id: 'Object Repository/Olusturma/Genel/AliciBilgisi/Alici_Bilgisi' located by 'By.xpath: //iframe[@id='customerselectiframe']' in '30' second(s)

2021-11-23 16:46:19 - [MESSAGE][INFO] - Clicking on object: 'Object Repository/Olusturma/Genel/AliciBilgisi/Alici_Bilgisi'

2021-11-23 16:46:20 - [MESSAGE][PASSED] - Object: 'Object Repository/Olusturma/Genel/AliciBilgisi/Alici_Bilgisi' is clicked on

2021-11-23 16:46:20 - [TEST_STEP][PASSED] - setText(findTestObject("Olusturma/Genel/AliciBilgisi/Alici_Gir"), Alici_Adi): Switching to default content

2021-11-23 16:46:20 - [MESSAGE][INFO] - Finding Test Object 'Object Repository/Olusturma/Genel/AliciBilgisi/Alici_Gir'

2021-11-23 16:46:20 - [MESSAGE][INFO] - Finding Test Object 'Object Repository/Olusturma/Genel/AliciBilgisi/Alici_Bilgisi'

2021-11-23 16:46:20 - [MESSAGE][INFO] - Checking object

2021-11-23 16:46:20 - [MESSAGE][INFO] - Checking text

2021-11-23 16:46:20 - [MESSAGE][INFO] - Object: 'Object Repository/Olusturma/Genel/AliciBilgisi/Alici_Gir' has parent object(s)

2021-11-23 16:46:20 - [MESSAGE][INFO] - Switching to iframe: 'Object Repository/Olusturma/Genel/AliciBilgisi/Alici_Bilgisi'

2021-11-23 16:46:20 - [MESSAGE][INFO] - Finding web element from Test Object's properties

2021-11-23 16:46:20 - [MESSAGE][INFO] - Checking timeout

2021-11-23 16:46:20 - [MESSAGE][INFO] - Finding web element with id: 'Object Repository/Olusturma/Genel/AliciBilgisi/Alici_Bilgisi' located by 'By.xpath: //iframe[@id='customerselectiframe']' in '30' second(s)

2021-11-23 16:46:20 - [MESSAGE][INFO] - Smart Wait Function is triggered

2021-11-23 16:46:20 - [MESSAGE][INFO] - Found 1 web elements with id: 'Object Repository/Olusturma/Genel/AliciBilgisi/Alici_Bilgisi' located by 'By.xpath: //iframe[@id='customerselectiframe']' in '30' second(s)

2021-11-23 16:46:20 - [MESSAGE][INFO] - Switched to iframe: 'Object Repository/Olusturma/Genel/AliciBilgisi/Alici_Bilgisi'

2021-11-23 16:46:20 - [MESSAGE][INFO] - Finding web element from Test Object's properties

2021-11-23 16:46:20 - [MESSAGE][INFO] - Checking timeout

2021-11-23 16:46:20 - [MESSAGE][INFO] - Finding web element with id: 'Object Repository/Olusturma/Genel/AliciBilgisi/Alici_Gir' located by 'By.xpath: //input[@id='GridViewCustomer_DXFREditorcol1_I']' in '30' second(s)

2021-11-23 16:46:20 - [MESSAGE][INFO] - Smart Wait Function is triggered

2021-11-23 16:46:20 - [MESSAGE][INFO] - Found 1 web elements with id: 'Object Repository/Olusturma/Genel/AliciBilgisi/Alici_Gir' located by 'By.xpath: //input[@id='GridViewCustomer_DXFREditorcol1_I']' in '30' second(s)

2021-11-23 16:46:20 - [MESSAGE][INFO] - Clearing text of object 'Object Repository/Olusturma/Genel/AliciBilgisi/Alici_Gir'

2021-11-23 16:46:20 - [MESSAGE][INFO] - Finding web element from Test Object's properties

2021-11-23 16:46:20 - [MESSAGE][INFO] - Checking timeout

2021-11-23 16:46:20 - [MESSAGE][INFO] - Finding web element with id: 'Object Repository/Olusturma/Genel/AliciBilgisi/Alici_Gir' located by 'By.xpath: //input[@id='GridViewCustomer_DXFREditorcol1_I']' in '30' second(s)

2021-11-23 16:46:20 - [MESSAGE][INFO] - Smart Wait Function is triggered

2021-11-23 16:46:20 - [MESSAGE][INFO] - Found 1 web elements with id: 'Object Repository/Olusturma/Genel/AliciBilgisi/Alici_Gir' located by 'By.xpath: //input[@id='GridViewCustomer_DXFREditorcol1_I']' in '30' second(s)

2021-11-23 16:46:20 - [MESSAGE][INFO] - Setting text of object 'Object Repository/Olusturma/Genel/AliciBilgisi/Alici_Gir' to value 'UC0006'

2021-11-23 16:46:20 - [MESSAGE][PASSED] - Text 'UC0006' is set on object 'Object Repository/Olusturma/Genel/AliciBilgisi/Alici_Gir'

2021-11-23 16:46:20 - [MESSAGE][INFO] - Switching to default content

2021-11-23 16:46:20 - [TEST_STEP][PASSED] - waitForElementClickable(findTestObject("Olusturma/Genel/AliciBilgisi/Alici_Adi"), 10): Switching to default content

2021-11-23 16:46:20 - [MESSAGE][INFO] - Finding Test Object 'Object Repository/Olusturma/Genel/AliciBilgisi/Alici_Adi'

2021-11-23 16:46:20 - [MESSAGE][INFO] - Finding Test Object 'Object Repository/Olusturma/Genel/AliciBilgisi/iframe_Alc Bilgisi_customerselectiframe'

2021-11-23 16:46:20 - [MESSAGE][INFO] - Checking object

2021-11-23 16:46:20 - [MESSAGE][INFO] - Checking timeout

2021-11-23 16:46:20 - [MESSAGE][INFO] - Object: 'Object Repository/Olusturma/Genel/AliciBilgisi/Alici_Adi' has parent object(s)

2021-11-23 16:46:20 - [MESSAGE][INFO] - Switching to iframe: 'Object Repository/Olusturma/Genel/AliciBilgisi/iframe_Alc Bilgisi_customerselectiframe'

2021-11-23 16:46:20 - [MESSAGE][INFO] - Finding web element from Test Object's properties

2021-11-23 16:46:20 - [MESSAGE][INFO] - Checking timeout

2021-11-23 16:46:20 - [MESSAGE][INFO] - Finding web element with id: 'Object Repository/Olusturma/Genel/AliciBilgisi/iframe_Alc Bilgisi_customerselectiframe' located by 'By.xpath: //iframe[@id='customerselectiframe']' in '10' second(s)

2021-11-23 16:46:20 - [MESSAGE][INFO] - Smart Wait Function is triggered

2021-11-23 16:46:21 - [MESSAGE][INFO] - Found 1 web elements with id: 'Object Repository/Olusturma/Genel/AliciBilgisi/iframe_Alc Bilgisi_customerselectiframe' located by 'By.xpath: //iframe[@id='customerselectiframe']' in '10' second(s)

2021-11-23 16:46:21 - [MESSAGE][INFO] - Switched to iframe: 'Object Repository/Olusturma/Genel/AliciBilgisi/iframe_Alc Bilgisi_customerselectiframe'

2021-11-23 16:46:21 - [MESSAGE][INFO] - Finding web element from Test Object's properties

2021-11-23 16:46:21 - [MESSAGE][INFO] - Checking timeout

2021-11-23 16:46:21 - [MESSAGE][INFO] - Finding web element with id: 'Object Repository/Olusturma/Genel/AliciBilgisi/Alici_Adi' located by 'By.xpath: //tr[@id='GridViewCustomer_DXDataRow0']/td[2]' in '10' second(s)

2021-11-23 16:46:21 - [MESSAGE][INFO] - Smart Wait Function is triggered

2021-11-23 16:46:21 - [MESSAGE][INFO] - Found 1 web elements with id: 'Object Repository/Olusturma/Genel/AliciBilgisi/Alici_Adi' located by 'By.xpath: //tr[@id='GridViewCustomer_DXDataRow0']/td[2]' in '10' second(s)

2021-11-23 16:46:21 - [MESSAGE][PASSED] - Object 'Object Repository/Olusturma/Genel/AliciBilgisi/Alici_Adi' is clickable

2021-11-23 16:46:21 - [MESSAGE][INFO] - Switching to default content

2021-11-23 16:46:21 - [TEST_STEP][PASSED] - click(findTestObject("Olusturma/Genel/AliciBilgisi/frame")): Switching to default content

2021-11-23 16:46:21 - [MESSAGE][INFO] - Finding Test Object 'Object Repository/Olusturma/Genel/AliciBilgisi/frame'

2021-11-23 16:46:21 - [MESSAGE][INFO] - Finding Test Object 'Object Repository/Olusturma/Genel/AliciBilgisi/iframe_Alc Bilgisi_customerselectiframe'

2021-11-23 16:46:21 - [MESSAGE][INFO] - Checking object

2021-11-23 16:46:21 - [MESSAGE][INFO] - Object: 'Object Repository/Olusturma/Genel/AliciBilgisi/frame' has parent object(s)

2021-11-23 16:46:21 - [MESSAGE][INFO] - Switching to iframe: 'Object Repository/Olusturma/Genel/AliciBilgisi/iframe_Alc Bilgisi_customerselectiframe'

2021-11-23 16:46:21 - [MESSAGE][INFO] - Finding web element from Test Object's properties

2021-11-23 16:46:21 - [MESSAGE][INFO] - Checking timeout

2021-11-23 16:46:21 - [MESSAGE][INFO] - Finding web element with id: 'Object Repository/Olusturma/Genel/AliciBilgisi/iframe_Alc Bilgisi_customerselectiframe' located by 'By.xpath: //iframe[@id='customerselectiframe']' in '30' second(s)

2021-11-23 16:46:21 - [MESSAGE][INFO] - Smart Wait Function is triggered

2021-11-23 16:46:21 - [MESSAGE][INFO] - Found 1 web elements with id: 'Object Repository/Olusturma/Genel/AliciBilgisi/iframe_Alc Bilgisi_customerselectiframe' located by 'By.xpath: //iframe[@id='customerselectiframe']' in '30' second(s)

2021-11-23 16:46:21 - [MESSAGE][INFO] - Switched to iframe: 'Object Repository/Olusturma/Genel/AliciBilgisi/iframe_Alc Bilgisi_customerselectiframe'

2021-11-23 16:46:21 - [MESSAGE][INFO] - Finding web element from Test Object's properties

2021-11-23 16:46:21 - [MESSAGE][INFO] - Checking timeout

2021-11-23 16:46:21 - [MESSAGE][INFO] - Finding web element with id: 'Object Repository/Olusturma/Genel/AliciBilgisi/frame' located by 'By.xpath: //*/text()[normalize-space(.)='']/parent::*' in '30' second(s)

2021-11-23 16:46:21 - [MESSAGE][INFO] - Smart Wait Function is triggered

2021-11-23 16:46:21 - [MESSAGE][INFO] - Found 66 web elements with id: 'Object Repository/Olusturma/Genel/AliciBilgisi/frame' located by 'By.xpath: //*/text()[normalize-space(.)='']/parent::*' in '30' second(s)

2021-11-23 16:46:21 - [MESSAGE][INFO] - Clicking on object: 'Object Repository/Olusturma/Genel/AliciBilgisi/frame'

2021-11-23 16:46:21 - [MESSAGE][PASSED] - Object: 'Object Repository/Olusturma/Genel/AliciBilgisi/frame' is clicked on

2021-11-23 16:46:21 - [MESSAGE][INFO] - Switching to default content

2021-11-23 16:46:21 - [TEST_STEP][PASSED] - click(findTestObject("Olusturma/Genel/AliciBilgisi/Alici_Adi")): Switching to default content

2021-11-23 16:46:21 - [MESSAGE][INFO] - Finding Test Object 'Object Repository/Olusturma/Genel/AliciBilgisi/Alici_Adi'

2021-11-23 16:46:22 - [MESSAGE][INFO] - Finding Test Object 'Object Repository/Olusturma/Genel/AliciBilgisi/iframe_Alc Bilgisi_customerselectiframe'

2021-11-23 16:46:22 - [MESSAGE][INFO] - Checking object

2021-11-23 16:46:22 - [MESSAGE][INFO] - Object: 'Object Repository/Olusturma/Genel/AliciBilgisi/Alici_Adi' has parent object(s)

2021-11-23 16:46:22 - [MESSAGE][INFO] - Switching to iframe: 'Object Repository/Olusturma/Genel/AliciBilgisi/iframe_Alc Bilgisi_customerselectiframe'

2021-11-23 16:46:22 - [MESSAGE][INFO] - Finding web element from Test Object's properties

2021-11-23 16:46:22 - [MESSAGE][INFO] - Checking timeout

2021-11-23 16:46:22 - [MESSAGE][INFO] - Finding web element with id: 'Object Repository/Olusturma/Genel/AliciBilgisi/iframe_Alc Bilgisi_customerselectiframe' located by 'By.xpath: //iframe[@id='customerselectiframe']' in '30' second(s)

2021-11-23 16:46:22 - [MESSAGE][INFO] - Smart Wait Function is triggered

2021-11-23 16:46:22 - [MESSAGE][INFO] - Found 1 web elements with id: 'Object Repository/Olusturma/Genel/AliciBilgisi/iframe_Alc Bilgisi_customerselectiframe' located by 'By.xpath: //iframe[@id='customerselectiframe']' in '30' second(s)

2021-11-23 16:46:22 - [MESSAGE][INFO] - Switched to iframe: 'Object Repository/Olusturma/Genel/AliciBilgisi/iframe_Alc Bilgisi_customerselectiframe'

2021-11-23 16:46:22 - [MESSAGE][INFO] - Finding web element from Test Object's properties

2021-11-23 16:46:22 - [MESSAGE][INFO] - Checking timeout

2021-11-23 16:46:22 - [MESSAGE][INFO] - Finding web element with id: 'Object Repository/Olusturma/Genel/AliciBilgisi/Alici_Adi' located by 'By.xpath: //tr[@id='GridViewCustomer_DXDataRow0']/td[2]' in '30' second(s)

2021-11-23 16:46:22 - [MESSAGE][INFO] - Smart Wait Function is triggered

2021-11-23 16:46:22 - [MESSAGE][INFO] - Found 1 web elements with id: 'Object Repository/Olusturma/Genel/AliciBilgisi/Alici_Adi' located by 'By.xpath: //tr[@id='GridViewCustomer_DXDataRow0']/td[2]' in '30' second(s)

2021-11-23 16:46:22 - [MESSAGE][INFO] - Clicking on object: 'Object Repository/Olusturma/Genel/AliciBilgisi/Alici_Adi'

2021-11-23 16:46:22 - [MESSAGE][PASSED] - Object: 'Object Repository/Olusturma/Genel/AliciBilgisi/Alici_Adi' is clicked on

2021-11-23 16:46:22 - [MESSAGE][INFO] - Switching to default content

2021-11-23 16:46:22 - [TEST_STEP][PASSED] - click(findTestObject("Olusturma/Genel/AliciBilgisi/Tamam_Bosluk")): Switching to default content

2021-11-23 16:46:22 - [MESSAGE][INFO] - Finding Test Object 'Object Repository/Olusturma/Genel/AliciBilgisi/Tamam_Bosluk'

2021-11-23 16:46:23 - [MESSAGE][INFO] - Finding Test Object 'Object Repository/Olusturma/Genel/AliciBilgisi/Alici_Bilgisi'

2021-11-23 16:46:23 - [MESSAGE][INFO] - Checking object

2021-11-23 16:46:23 - [MESSAGE][INFO] - Object: 'Object Repository/Olusturma/Genel/AliciBilgisi/Tamam_Bosluk' has parent object(s)

2021-11-23 16:46:23 - [MESSAGE][INFO] - Switching to iframe: 'Object Repository/Olusturma/Genel/AliciBilgisi/Alici_Bilgisi'

2021-11-23 16:46:23 - [MESSAGE][INFO] - Finding web element from Test Object's properties

2021-11-23 16:46:23 - [MESSAGE][INFO] - Checking timeout

2021-11-23 16:46:23 - [MESSAGE][INFO] - Finding web element with id: 'Object Repository/Olusturma/Genel/AliciBilgisi/Alici_Bilgisi' located by 'By.xpath: //iframe[@id='customerselectiframe']' in '30' second(s)

2021-11-23 16:46:23 - [MESSAGE][INFO] - Smart Wait Function is triggered

2021-11-23 16:46:23 - [MESSAGE][INFO] - Found 1 web elements with id: 'Object Repository/Olusturma/Genel/AliciBilgisi/Alici_Bilgisi' located by 'By.xpath: //iframe[@id='customerselectiframe']' in '30' second(s)

2021-11-23 16:46:23 - [MESSAGE][INFO] - Switched to iframe: 'Object Repository/Olusturma/Genel/AliciBilgisi/Alici_Bilgisi'

2021-11-23 16:46:23 - [MESSAGE][INFO] - Finding web element from Test Object's properties

2021-11-23 16:46:23 - [MESSAGE][INFO] - Checking timeout

2021-11-23 16:46:23 - [MESSAGE][INFO] - Finding web element with id: 'Object Repository/Olusturma/Genel/AliciBilgisi/Tamam_Bosluk' located by 'By.xpath: (.//*[normalize-space(text()) and normalize-space(.)='Sayfa Boyutu:'])[1]/following::div[7]' in '30' second(s)

2021-11-23 16:46:23 - [MESSAGE][INFO] - Smart Wait Function is triggered

2021-11-23 16:46:23 - [MESSAGE][INFO] - Found 1 web elements with id: 'Object Repository/Olusturma/Genel/AliciBilgisi/Tamam_Bosluk' located by 'By.xpath: (.//*[normalize-space(text()) and normalize-space(.)='Sayfa Boyutu:'])[1]/following::div[7]' in '30' second(s)

2021-11-23 16:46:23 - [MESSAGE][INFO] - Clicking on object: 'Object Repository/Olusturma/Genel/AliciBilgisi/Tamam_Bosluk'

2021-11-23 16:46:23 - [MESSAGE][PASSED] - Object: 'Object Repository/Olusturma/Genel/AliciBilgisi/Tamam_Bosluk' is clicked on

2021-11-23 16:46:23 - [MESSAGE][INFO] - Switching to default content

2021-11-23 16:46:23 - [TEST_STEP][PASSED] - waitForElementClickable(findTestObject("Olusturma/Genel/AliciBilgisi/Tamam_Butonu"), 10): Switching to default content

2021-11-23 16:46:23 - [MESSAGE][INFO] - Finding Test Object 'Object Repository/Olusturma/Genel/AliciBilgisi/Tamam_Butonu'

2021-11-23 16:46:23 - [MESSAGE][INFO] - Finding Test Object 'Object Repository/Olusturma/Genel/AliciBilgisi/Alici_Bilgisi'

2021-11-23 16:46:23 - [MESSAGE][INFO] - Checking object

2021-11-23 16:46:23 - [MESSAGE][INFO] - Checking timeout

2021-11-23 16:46:23 - [MESSAGE][INFO] - Object: 'Object Repository/Olusturma/Genel/AliciBilgisi/Tamam_Butonu' has parent object(s)

2021-11-23 16:46:23 - [MESSAGE][INFO] - Switching to iframe: 'Object Repository/Olusturma/Genel/AliciBilgisi/Alici_Bilgisi'

2021-11-23 16:46:23 - [MESSAGE][INFO] - Finding web element from Test Object's properties

2021-11-23 16:46:23 - [MESSAGE][INFO] - Checking timeout

2021-11-23 16:46:23 - [MESSAGE][INFO] - Finding web element with id: 'Object Repository/Olusturma/Genel/AliciBilgisi/Alici_Bilgisi' located by 'By.xpath: //iframe[@id='customerselectiframe']' in '10' second(s)

2021-11-23 16:46:23 - [MESSAGE][INFO] - Smart Wait Function is triggered

2021-11-23 16:46:24 - [MESSAGE][INFO] - Found 1 web elements with id: 'Object Repository/Olusturma/Genel/AliciBilgisi/Alici_Bilgisi' located by 'By.xpath: //iframe[@id='customerselectiframe']' in '10' second(s)

2021-11-23 16:46:24 - [MESSAGE][INFO] - Switched to iframe: 'Object Repository/Olusturma/Genel/AliciBilgisi/Alici_Bilgisi'

2021-11-23 16:46:24 - [MESSAGE][INFO] - Finding web element from Test Object's properties

2021-11-23 16:46:24 - [MESSAGE][INFO] - Checking timeout

2021-11-23 16:46:24 - [MESSAGE][INFO] - Finding web element with id: 'Object Repository/Olusturma/Genel/AliciBilgisi/Tamam_Butonu' located by 'By.xpath: //div[@id='btnSelectCustomer_CD']/span' in '10' second(s)

2021-11-23 16:46:24 - [MESSAGE][INFO] - Smart Wait Function is triggered

2021-11-23 16:46:24 - [MESSAGE][INFO] - Found 1 web elements with id: 'Object Repository/Olusturma/Genel/AliciBilgisi/Tamam_Butonu' located by 'By.xpath: //div[@id='btnSelectCustomer_CD']/span' in '10' second(s)

2021-11-23 16:46:24 - [MESSAGE][PASSED] - Object 'Object Repository/Olusturma/Genel/AliciBilgisi/Tamam_Butonu' is clickable

2021-11-23 16:46:24 - [MESSAGE][INFO] - Switching to default content

2021-11-23 16:46:24 - [TEST_STEP][PASSED] - click(findTestObject("Olusturma/Genel/AliciBilgisi/Tamam_Butonu")): Switching to default content

2021-11-23 16:46:24 - [MESSAGE][INFO] - Finding Test Object 'Object Repository/Olusturma/Genel/AliciBilgisi/Tamam_Butonu'

2021-11-23 16:46:24 - [MESSAGE][INFO] - Finding Test Object 'Object Repository/Olusturma/Genel/AliciBilgisi/Alici_Bilgisi'

2021-11-23 16:46:24 - [MESSAGE][INFO] - Checking object

2021-11-23 16:46:24 - [MESSAGE][INFO] - Object: 'Object Repository/Olusturma/Genel/AliciBilgisi/Tamam_Butonu' has parent object(s)

2021-11-23 16:46:24 - [MESSAGE][INFO] - Switching to iframe: 'Object Repository/Olusturma/Genel/AliciBilgisi/Alici_Bilgisi'

2021-11-23 16:46:24 - [MESSAGE][INFO] - Finding web element from Test Object's properties

2021-11-23 16:46:24 - [MESSAGE][INFO] - Checking timeout

2021-11-23 16:46:24 - [MESSAGE][INFO] - Finding web element with id: 'Object Repository/Olusturma/Genel/AliciBilgisi/Alici_Bilgisi' located by 'By.xpath: //iframe[@id='customerselectiframe']' in '30' second(s)

2021-11-23 16:46:24 - [MESSAGE][INFO] - Smart Wait Function is triggered

2021-11-23 16:46:24 - [MESSAGE][INFO] - Found 1 web elements with id: 'Object Repository/Olusturma/Genel/AliciBilgisi/Alici_Bilgisi' located by 'By.xpath: //iframe[@id='customerselectiframe']' in '30' second(s)

2021-11-23 16:46:24 - [MESSAGE][INFO] - Switched to iframe: 'Object Repository/Olusturma/Genel/AliciBilgisi/Alici_Bilgisi'

2021-11-23 16:46:24 - [MESSAGE][INFO] - Finding web element from Test Object's properties

2021-11-23 16:46:24 - [MESSAGE][INFO] - Checking timeout

2021-11-23 16:46:24 - [MESSAGE][INFO] - Finding web element with id: 'Object Repository/Olusturma/Genel/AliciBilgisi/Tamam_Butonu' located by 'By.xpath: //div[@id='btnSelectCustomer_CD']/span' in '30' second(s)

2021-11-23 16:46:24 - [MESSAGE][INFO] - Smart Wait Function is triggered

2021-11-23 16:46:24 - [MESSAGE][INFO] - Found 1 web elements with id: 'Object Repository/Olusturma/Genel/AliciBilgisi/Tamam_Butonu' located by 'By.xpath: //div[@id='btnSelectCustomer_CD']/span' in '30' second(s)

2021-11-23 16:46:24 - [MESSAGE][INFO] - Clicking on object: 'Object Repository/Olusturma/Genel/AliciBilgisi/Tamam_Butonu'

2021-11-23 16:46:24 - [MESSAGE][PASSED] - Object: 'Object Repository/Olusturma/Genel/AliciBilgisi/Tamam_Butonu' is clicked on

2021-11-23 16:46:24 - [MESSAGE][INFO] - Switching to default content

2021-11-23 16:46:24 - [TEST_STEP][PASSED] - waitForElementPresent(findTestObject("Olusturma/Genel/AliciBilgisi/VKN-TCKN"), 10): Object 'Object Repository/Olusturma/Genel/AliciBilgisi/VKN-TCKN' is present

2021-11-23 16:46:24 - [MESSAGE][INFO] - Finding Test Object 'Object Repository/Olusturma/Genel/AliciBilgisi/VKN-TCKN'

2021-11-23 16:46:24 - [MESSAGE][INFO] - Checking object

2021-11-23 16:46:24 - [MESSAGE][INFO] - Finding web element from Test Object's properties

2021-11-23 16:46:24 - [MESSAGE][INFO] - Checking timeout

2021-11-23 16:46:24 - [MESSAGE][INFO] - Finding web element with id: 'Object Repository/Olusturma/Genel/AliciBilgisi/VKN-TCKN' located by 'By.xpath: //*[@id = 'txtVknTckn_I']' in '10' second(s)

2021-11-23 16:46:24 - [MESSAGE][INFO] - Smart Wait Function is triggered

2021-11-23 16:46:25 - [MESSAGE][INFO] - Found 1 web elements with id: 'Object Repository/Olusturma/Genel/AliciBilgisi/VKN-TCKN' located by 'By.xpath: //*[@id = 'txtVknTckn_I']' in '10' second(s)

2021-11-23 16:46:25 - [MESSAGE][PASSED] - Object 'Object Repository/Olusturma/Genel/AliciBilgisi/VKN-TCKN' is present

2021-11-23 16:46:25 - [TEST_STEP][PASSED] - text = getAttribute(findTestObject("Olusturma/Genel/AliciBilgisi/VKN-TCKN"), "value"): Attribute 'value' of object 'Object Repository/Olusturma/Genel/AliciBilgisi/VKN-TCKN' is: '5321181097'

2021-11-23 16:46:25 - [MESSAGE][INFO] - Finding Test Object 'Object Repository/Olusturma/Genel/AliciBilgisi/VKN-TCKN'

2021-11-23 16:46:25 - [MESSAGE][INFO] - Checking object

2021-11-23 16:46:25 - [MESSAGE][INFO] - Checking attribute

2021-11-23 16:46:25 - [MESSAGE][INFO] - Finding web element from Test Object's properties

2021-11-23 16:46:25 - [MESSAGE][INFO] - Checking timeout

2021-11-23 16:46:25 - [MESSAGE][INFO] - Finding web element with id: 'Object Repository/Olusturma/Genel/AliciBilgisi/VKN-TCKN' located by 'By.xpath: //*[@id = 'txtVknTckn_I']' in '30' second(s)

2021-11-23 16:46:25 - [MESSAGE][INFO] - Smart Wait Function is triggered

2021-11-23 16:46:25 - [MESSAGE][INFO] - Found 1 web elements with id: 'Object Repository/Olusturma/Genel/AliciBilgisi/VKN-TCKN' located by 'By.xpath: //*[@id = 'txtVknTckn_I']' in '30' second(s)

2021-11-23 16:46:25 - [MESSAGE][INFO] - Getting attribute 'value' of object 'Object Repository/Olusturma/Genel/AliciBilgisi/VKN-TCKN'

2021-11-23 16:46:25 - [MESSAGE][PASSED] - Attribute 'value' of object 'Object Repository/Olusturma/Genel/AliciBilgisi/VKN-TCKN' is: '5321181097'

2021-11-23 16:46:25 - [TEST_STEP][PASSED] - if (text.equals("")): null

2021-11-23 16:46:25 - [MESSAGE][PASSED] - Call Test Case 'Test Cases/Olusturma/Genel/AliciSecilir' successfully

2021-11-23 16:46:25 - [MESSAGE][INFO] - Checking called Test Case

2021-11-23 16:46:25 - [MESSAGE][INFO] - Starting to call Test Case 'Test Cases/Olusturma/Genel/GonderimSekliSecilir'

2021-11-23 16:46:25 - [TEST_CASE][PASSED] - Test Cases/Olusturma/Genel/GonderimSekliSecilir: Test Cases/Olusturma/Genel/GonderimSekliSecilir

2021-11-23 16:46:25 - [TEST_STEP][PASSED] - waitForElementClickable(findTestObject("Object Repository/Olusturma/Genel/GonderimSekli/GonderimSekli"), 10): Object 'Object Repository/Olusturma/Genel/GonderimSekli/GonderimSekli' is clickable

2021-11-23 16:46:25 - [MESSAGE][INFO] - Finding Test Object 'Object Repository/Olusturma/Genel/GonderimSekli/GonderimSekli'

2021-11-23 16:46:25 - [MESSAGE][INFO] - Checking object

2021-11-23 16:46:25 - [MESSAGE][INFO] - Checking timeout

2021-11-23 16:46:25 - [MESSAGE][INFO] - Finding web element from Test Object's properties

2021-11-23 16:46:25 - [MESSAGE][INFO] - Checking timeout

2021-11-23 16:46:25 - [MESSAGE][INFO] - Finding web element with id: 'Object Repository/Olusturma/Genel/GonderimSekli/GonderimSekli' located by 'By.xpath: //*[@id = 'txtGonderimSekil_I']' in '10' second(s)

2021-11-23 16:46:25 - [MESSAGE][INFO] - Smart Wait Function is triggered

2021-11-23 16:46:26 - [MESSAGE][INFO] - Found 1 web elements with id: 'Object Repository/Olusturma/Genel/GonderimSekli/GonderimSekli' located by 'By.xpath: //*[@id = 'txtGonderimSekil_I']' in '10' second(s)

2021-11-23 16:46:26 - [MESSAGE][PASSED] - Object 'Object Repository/Olusturma/Genel/GonderimSekli/GonderimSekli' is clickable

2021-11-23 16:46:26 - [TEST_STEP][PASSED] - click(findTestObject("Object Repository/Olusturma/Genel/GonderimSekli/GonderimSekli")): Object: 'Object Repository/Olusturma/Genel/GonderimSekli/GonderimSekli' is clicked on

2021-11-23 16:46:26 - [MESSAGE][INFO] - Finding Test Object 'Object Repository/Olusturma/Genel/GonderimSekli/GonderimSekli'

2021-11-23 16:46:26 - [MESSAGE][INFO] - Checking object

2021-11-23 16:46:26 - [MESSAGE][INFO] - Finding web element from Test Object's properties

2021-11-23 16:46:26 - [MESSAGE][INFO] - Checking timeout

2021-11-23 16:46:26 - [MESSAGE][INFO] - Finding web element with id: 'Object Repository/Olusturma/Genel/GonderimSekli/GonderimSekli' located by 'By.xpath: //*[@id = 'txtGonderimSekil_I']' in '30' second(s)

2021-11-23 16:46:26 - [MESSAGE][INFO] - Smart Wait Function is triggered

2021-11-23 16:46:26 - [MESSAGE][INFO] - Found 1 web elements with id: 'Object Repository/Olusturma/Genel/GonderimSekli/GonderimSekli' located by 'By.xpath: //*[@id = 'txtGonderimSekil_I']' in '30' second(s)

2021-11-23 16:46:26 - [MESSAGE][INFO] - Clicking on object: 'Object Repository/Olusturma/Genel/GonderimSekli/GonderimSekli'

2021-11-23 16:46:26 - [MESSAGE][PASSED] - Object: 'Object Repository/Olusturma/Genel/GonderimSekli/GonderimSekli' is clicked on

2021-11-23 16:46:26 - [TEST_STEP][PASSED] - Method.TextDegerineEsitElementeTikla(findTestObject("Object Repository/Olusturma/Genel/GonderimSekli/GonderimSekliAdi"), GonderimSekli): Method.TextDegerineEsitElementeTikla is PASSED

2021-11-23 16:46:26 - [MESSAGE][INFO] - Finding Test Object 'Object Repository/Olusturma/Genel/GonderimSekli/GonderimSekliAdi'

2021-11-23 16:46:26 - [MESSAGE][INFO] - Checking timeout

2021-11-23 16:46:26 - [MESSAGE][INFO] - Finding web element with id: 'Object Repository/Olusturma/Genel/GonderimSekli/GonderimSekliAdi' located by 'By.cssSelector: #txtGonderimSekil_DDD_L_LBT td' in '10' second(s)

2021-11-23 16:46:26 - [MESSAGE][INFO] - Smart Wait Function is triggered

2021-11-23 16:46:27 - [MESSAGE][INFO] - Found 2 web elements with id: 'Object Repository/Olusturma/Genel/GonderimSekli/GonderimSekliAdi' located by 'By.cssSelector: #txtGonderimSekil_DDD_L_LBT td' in '10' second(s)

2021-11-23 16:46:27 - [MESSAGE][PASSED] - Method.TextDegerineEsitElementeTikla is PASSED

2021-11-23 16:46:27 - [MESSAGE][PASSED] - Call Test Case 'Test Cases/Olusturma/Genel/GonderimSekliSecilir' successfully

2021-11-23 16:46:27 - [MESSAGE][INFO] - Checking called Test Case

2021-11-23 16:46:27 - [MESSAGE][INFO] - Starting to call Test Case 'Test Cases/Olusturma/Genel/TipSecilir'

2021-11-23 16:46:27 - [TEST_CASE][PASSED] - Test Cases/Olusturma/Genel/TipSecilir: Test Cases/Olusturma/Genel/TipSecilir

2021-11-23 16:46:27 - [TEST_STEP][PASSED] - waitForElementClickable(findTestObject("Olusturma/Genel/TipSecilir/Tip"), 10): Object 'Object Repository/Olusturma/Genel/TipSecilir/Tip' is clickable

2021-11-23 16:46:27 - [MESSAGE][INFO] - Finding Test Object 'Object Repository/Olusturma/Genel/TipSecilir/Tip'

2021-11-23 16:46:27 - [MESSAGE][INFO] - Checking object

2021-11-23 16:46:27 - [MESSAGE][INFO] - Checking timeout

2021-11-23 16:46:27 - [MESSAGE][INFO] - Finding web element from Test Object's properties

2021-11-23 16:46:27 - [MESSAGE][INFO] - Checking timeout

2021-11-23 16:46:27 - [MESSAGE][INFO] - Finding web element with id: 'Object Repository/Olusturma/Genel/TipSecilir/Tip' located by 'By.xpath: //*[@id = 'DocumentTypeCode_I']' in '10' second(s)

2021-11-23 16:46:27 - [MESSAGE][INFO] - Smart Wait Function is triggered

2021-11-23 16:46:27 - [MESSAGE][INFO] - Found 1 web elements with id: 'Object Repository/Olusturma/Genel/TipSecilir/Tip' located by 'By.xpath: //*[@id = 'DocumentTypeCode_I']' in '10' second(s)

2021-11-23 16:46:28 - [MESSAGE][PASSED] - Object 'Object Repository/Olusturma/Genel/TipSecilir/Tip' is clickable

2021-11-23 16:46:28 - [TEST_STEP][PASSED] - click(findTestObject("Olusturma/Genel/TipSecilir/Tip")): Object: 'Object Repository/Olusturma/Genel/TipSecilir/Tip' is clicked on

2021-11-23 16:46:28 - [MESSAGE][INFO] - Finding Test Object 'Object Repository/Olusturma/Genel/TipSecilir/Tip'

2021-11-23 16:46:28 - [MESSAGE][INFO] - Checking object

2021-11-23 16:46:28 - [MESSAGE][INFO] - Finding web element from Test Object's properties

2021-11-23 16:46:28 - [MESSAGE][INFO] - Checking timeout

2021-11-23 16:46:28 - [MESSAGE][INFO] - Finding web element with id: 'Object Repository/Olusturma/Genel/TipSecilir/Tip' located by 'By.xpath: //*[@id = 'DocumentTypeCode_I']' in '30' second(s)

2021-11-23 16:46:28 - [MESSAGE][INFO] - Smart Wait Function is triggered

2021-11-23 16:46:28 - [MESSAGE][INFO] - Found 1 web elements with id: 'Object Repository/Olusturma/Genel/TipSecilir/Tip' located by 'By.xpath: //*[@id = 'DocumentTypeCode_I']' in '30' second(s)

2021-11-23 16:46:28 - [MESSAGE][INFO] - Clicking on object: 'Object Repository/Olusturma/Genel/TipSecilir/Tip'

2021-11-23 16:46:28 - [MESSAGE][PASSED] - Object: 'Object Repository/Olusturma/Genel/TipSecilir/Tip' is clicked on

2021-11-23 16:46:28 - [TEST_STEP][PASSED] - Method.TextDegerineEsitElementeTikla(findTestObject("Object Repository/Olusturma/Genel/TipSecilir/Tip_Adi"), Tip): Method.TextDegerineEsitElementeTikla is PASSED

2021-11-23 16:46:28 - [MESSAGE][INFO] - Finding Test Object 'Object Repository/Olusturma/Genel/TipSecilir/Tip_Adi'

2021-11-23 16:46:28 - [MESSAGE][INFO] - Checking timeout

2021-11-23 16:46:28 - [MESSAGE][INFO] - Finding web element with id: 'Object Repository/Olusturma/Genel/TipSecilir/Tip_Adi' located by 'By.cssSelector: #DocumentTypeCode_DDD_L_LBT td' in '10' second(s)

2021-11-23 16:46:28 - [MESSAGE][INFO] - Smart Wait Function is triggered

2021-11-23 16:46:28 - [MESSAGE][INFO] - Found 9 web elements with id: 'Object Repository/Olusturma/Genel/TipSecilir/Tip_Adi' located by 'By.cssSelector: #DocumentTypeCode_DDD_L_LBT td' in '10' second(s)

2021-11-23 16:46:29 - [MESSAGE][PASSED] - Method.TextDegerineEsitElementeTikla is PASSED

2021-11-23 16:46:29 - [MESSAGE][PASSED] - Call Test Case 'Test Cases/Olusturma/Genel/TipSecilir' successfully

2021-11-23 16:46:29 - [MESSAGE][INFO] - Checking called Test Case

2021-11-23 16:46:29 - [MESSAGE][INFO] - Starting to call Test Case 'Test Cases/Olusturma/Genel/DokumanParaBirimiSecilir'

2021-11-23 16:46:29 - [TEST_CASE][PASSED] - Test Cases/Olusturma/Genel/DokumanParaBirimiSecilir: Test Cases/Olusturma/Genel/DokumanParaBirimiSecilir

2021-11-23 16:46:29 - [TEST_STEP][PASSED] - waitForElementClickable(findTestObject("Object Repository/Olusturma/Genel/DokumanParaBirimiSecilir/Para"), 10): Object 'Object Repository/Olusturma/Genel/DokumanParaBirimiSecilir/Para' is clickable

2021-11-23 16:46:29 - [MESSAGE][INFO] - Finding Test Object 'Object Repository/Olusturma/Genel/DokumanParaBirimiSecilir/Para'

2021-11-23 16:46:29 - [MESSAGE][INFO] - Checking object

2021-11-23 16:46:29 - [MESSAGE][INFO] - Checking timeout

2021-11-23 16:46:29 - [MESSAGE][INFO] - Finding web element from Test Object's properties

2021-11-23 16:46:29 - [MESSAGE][INFO] - Checking timeout

2021-11-23 16:46:29 - [MESSAGE][INFO] - Finding web element with id: 'Object Repository/Olusturma/Genel/DokumanParaBirimiSecilir/Para' located by 'By.xpath: //*[@id = 'CurrencyUnit_I']' in '10' second(s)

2021-11-23 16:46:29 - [MESSAGE][INFO] - Smart Wait Function is triggered

2021-11-23 16:46:30 - [MESSAGE][INFO] - Found 1 web elements with id: 'Object Repository/Olusturma/Genel/DokumanParaBirimiSecilir/Para' located by 'By.xpath: //*[@id = 'CurrencyUnit_I']' in '10' second(s)

2021-11-23 16:46:30 - [MESSAGE][PASSED] - Object 'Object Repository/Olusturma/Genel/DokumanParaBirimiSecilir/Para' is clickable

2021-11-23 16:46:30 - [TEST_STEP][PASSED] - click(findTestObject("Object Repository/Olusturma/Genel/DokumanParaBirimiSecilir/Para")): Object: 'Object Repository/Olusturma/Genel/DokumanParaBirimiSecilir/Para' is clicked on

2021-11-23 16:46:30 - [MESSAGE][INFO] - Finding Test Object 'Object Repository/Olusturma/Genel/DokumanParaBirimiSecilir/Para'

2021-11-23 16:46:30 - [MESSAGE][INFO] - Checking object

2021-11-23 16:46:30 - [MESSAGE][INFO] - Finding web element from Test Object's properties

2021-11-23 16:46:30 - [MESSAGE][INFO] - Checking timeout

2021-11-23 16:46:30 - [MESSAGE][INFO] - Finding web element with id: 'Object Repository/Olusturma/Genel/DokumanParaBirimiSecilir/Para' located by 'By.xpath: //*[@id = 'CurrencyUnit_I']' in '30' second(s)

2021-11-23 16:46:30 - [MESSAGE][INFO] - Smart Wait Function is triggered

2021-11-23 16:46:31 - [MESSAGE][INFO] - Found 1 web elements with id: 'Object Repository/Olusturma/Genel/DokumanParaBirimiSecilir/Para' located by 'By.xpath: //*[@id = 'CurrencyUnit_I']' in '30' second(s)

2021-11-23 16:46:31 - [MESSAGE][INFO] - Clicking on object: 'Object Repository/Olusturma/Genel/DokumanParaBirimiSecilir/Para'

2021-11-23 16:46:31 - [MESSAGE][PASSED] - Object: 'Object Repository/Olusturma/Genel/DokumanParaBirimiSecilir/Para' is clicked on

2021-11-23 16:46:31 - [TEST_STEP][PASSED] - Method.TextDegerineEsitElementeTikla(findTestObject("Object Repository/Olusturma/Genel/DokumanParaBirimiSecilir/Para_Adi"), Para): Method.TextDegerineEsitElementeTikla is PASSED

2021-11-23 16:46:31 - [MESSAGE][INFO] - Finding Test Object 'Object Repository/Olusturma/Genel/DokumanParaBirimiSecilir/Para_Adi'

2021-11-23 16:46:31 - [MESSAGE][INFO] - Checking timeout

2021-11-23 16:46:31 - [MESSAGE][INFO] - Finding web element with id: 'Object Repository/Olusturma/Genel/DokumanParaBirimiSecilir/Para_Adi' located by 'By.cssSelector: #CurrencyUnit_DDD_L_LBT td' in '10' second(s)

2021-11-23 16:46:31 - [MESSAGE][INFO] - Smart Wait Function is triggered

2021-11-23 16:46:31 - [MESSAGE][INFO] - Found 203 web elements with id: 'Object Repository/Olusturma/Genel/DokumanParaBirimiSecilir/Para_Adi' located by 'By.cssSelector: #CurrencyUnit_DDD_L_LBT td' in '10' second(s)

2021-11-23 16:46:36 - [MESSAGE][PASSED] - Method.TextDegerineEsitElementeTikla is PASSED

2021-11-23 16:46:36 - [MESSAGE][PASSED] - Call Test Case 'Test Cases/Olusturma/Genel/DokumanParaBirimiSecilir' successfully

2021-11-23 16:46:36 - [MESSAGE][INFO] - Checking called Test Case

2021-11-23 16:46:36 - [MESSAGE][INFO] - Starting to call Test Case 'Test Cases/Olusturma/Genel/OnEkSecilir'

2021-11-23 16:46:36 - [TEST_CASE][PASSED] - Test Cases/Olusturma/Genel/OnEkSecilir: Test Cases/Olusturma/Genel/OnEkSecilir

2021-11-23 16:46:36 - [TEST_STEP][PASSED] - waitForElementClickable(findTestObject("Object Repository/Olusturma/Genel/OnEkSecilir/OnEk"), 10): Object 'Object Repository/Olusturma/Genel/OnEkSecilir/OnEk' is clickable

2021-11-23 16:46:36 - [MESSAGE][INFO] - Finding Test Object 'Object Repository/Olusturma/Genel/OnEkSecilir/OnEk'

2021-11-23 16:46:36 - [MESSAGE][INFO] - Checking object

2021-11-23 16:46:36 - [MESSAGE][INFO] - Checking timeout

2021-11-23 16:46:36 - [MESSAGE][INFO] - Finding web element from Test Object's properties

2021-11-23 16:46:36 - [MESSAGE][INFO] - Checking timeout

2021-11-23 16:46:36 - [MESSAGE][INFO] - Finding web element with id: 'Object Repository/Olusturma/Genel/OnEkSecilir/OnEk' located by 'By.xpath: //*[@id = 'InvoicePrefix_I']' in '10' second(s)

2021-11-23 16:46:36 - [MESSAGE][INFO] - Smart Wait Function is triggered

2021-11-23 16:46:36 - [MESSAGE][INFO] - Found 1 web elements with id: 'Object Repository/Olusturma/Genel/OnEkSecilir/OnEk' located by 'By.xpath: //*[@id = 'InvoicePrefix_I']' in '10' second(s)

2021-11-23 16:46:36 - [MESSAGE][PASSED] - Object 'Object Repository/Olusturma/Genel/OnEkSecilir/OnEk' is clickable

2021-11-23 16:46:36 - [TEST_STEP][PASSED] - click(findTestObject("Object Repository/Olusturma/Genel/OnEkSecilir/OnEk")): Object: 'Object Repository/Olusturma/Genel/OnEkSecilir/OnEk' is clicked on

2021-11-23 16:46:36 - [MESSAGE][INFO] - Finding Test Object 'Object Repository/Olusturma/Genel/OnEkSecilir/OnEk'

2021-11-23 16:46:36 - [MESSAGE][INFO] - Checking object

2021-11-23 16:46:36 - [MESSAGE][INFO] - Finding web element from Test Object's properties

2021-11-23 16:46:36 - [MESSAGE][INFO] - Checking timeout

2021-11-23 16:46:36 - [MESSAGE][INFO] - Finding web element with id: 'Object Repository/Olusturma/Genel/OnEkSecilir/OnEk' located by 'By.xpath: //*[@id = 'InvoicePrefix_I']' in '30' second(s)

2021-11-23 16:46:36 - [MESSAGE][INFO] - Smart Wait Function is triggered

2021-11-23 16:46:36 - [MESSAGE][INFO] - Found 1 web elements with id: 'Object Repository/Olusturma/Genel/OnEkSecilir/OnEk' located by 'By.xpath: //*[@id = 'InvoicePrefix_I']' in '30' second(s)

2021-11-23 16:46:36 - [MESSAGE][INFO] - Clicking on object: 'Object Repository/Olusturma/Genel/OnEkSecilir/OnEk'

2021-11-23 16:46:36 - [MESSAGE][PASSED] - Object: 'Object Repository/Olusturma/Genel/OnEkSecilir/OnEk' is clicked on

2021-11-23 16:46:36 - [TEST_STEP][PASSED] - Method.TextDegerineEsitElementeTiklaEquals(findTestObject("Object Repository/Olusturma/Genel/OnEkSecilir/OnEkAdi"), Ek): Method.TextDegerineEsitElementeTiklaEquals is PASSED

2021-11-23 16:46:36 - [MESSAGE][INFO] - Finding Test Object 'Object Repository/Olusturma/Genel/OnEkSecilir/OnEkAdi'

2021-11-23 16:46:37 - [MESSAGE][INFO] - Checking timeout

2021-11-23 16:46:37 - [MESSAGE][INFO] - Finding web element with id: 'Object Repository/Olusturma/Genel/OnEkSecilir/OnEkAdi' located by 'By.cssSelector: #InvoicePrefix_DDD_L_LBT td' in '10' second(s)

2021-11-23 16:46:37 - [MESSAGE][INFO] - Smart Wait Function is triggered

2021-11-23 16:46:37 - [MESSAGE][INFO] - Found 1 web elements with id: 'Object Repository/Olusturma/Genel/OnEkSecilir/OnEkAdi' located by 'By.cssSelector: #InvoicePrefix_DDD_L_LBT td' in '10' second(s)

2021-11-23 16:46:37 - [MESSAGE][PASSED] - Method.TextDegerineEsitElementeTiklaEquals is PASSED

2021-11-23 16:46:37 - [MESSAGE][PASSED] - Call Test Case 'Test Cases/Olusturma/Genel/OnEkSecilir' successfully

2021-11-23 16:46:37 - [MESSAGE][INFO] - Checking called Test Case

2021-11-23 16:46:37 - [MESSAGE][INFO] - Starting to call Test Case 'Test Cases/Olusturma/Genel/TasarimSecilir'

2021-11-23 16:46:37 - [TEST_CASE][PASSED] - Test Cases/Olusturma/Genel/TasarimSecilir: Test Cases/Olusturma/Genel/TasarimSecilir

2021-11-23 16:46:37 - [TEST_STEP][PASSED] - waitForElementClickable(findTestObject("Object Repository/Olusturma/Genel/TasarimSecilir/Tasarim"), 10): Object 'Object Repository/Olusturma/Genel/TasarimSecilir/Tasarim' is clickable

2021-11-23 16:46:37 - [MESSAGE][INFO] - Finding Test Object 'Object Repository/Olusturma/Genel/TasarimSecilir/Tasarim'

2021-11-23 16:46:37 - [MESSAGE][INFO] - Checking object

2021-11-23 16:46:37 - [MESSAGE][INFO] - Checking timeout

2021-11-23 16:46:37 - [MESSAGE][INFO] - Finding web element from Test Object's properties

2021-11-23 16:46:37 - [MESSAGE][INFO] - Checking timeout

2021-11-23 16:46:37 - [MESSAGE][INFO] - Finding web element with id: 'Object Repository/Olusturma/Genel/TasarimSecilir/Tasarim' located by 'By.xpath: //*[@id = 'DesignId_I']' in '10' second(s)

2021-11-23 16:46:37 - [MESSAGE][INFO] - Smart Wait Function is triggered

2021-11-23 16:46:37 - [MESSAGE][INFO] - Found 1 web elements with id: 'Object Repository/Olusturma/Genel/TasarimSecilir/Tasarim' located by 'By.xpath: //*[@id = 'DesignId_I']' in '10' second(s)

2021-11-23 16:46:37 - [MESSAGE][PASSED] - Object 'Object Repository/Olusturma/Genel/TasarimSecilir/Tasarim' is clickable

2021-11-23 16:46:37 - [TEST_STEP][PASSED] - click(findTestObject("Object Repository/Olusturma/Genel/TasarimSecilir/Tasarim")): Object: 'Object Repository/Olusturma/Genel/TasarimSecilir/Tasarim' is clicked on

2021-11-23 16:46:37 - [MESSAGE][INFO] - Finding Test Object 'Object Repository/Olusturma/Genel/TasarimSecilir/Tasarim'

2021-11-23 16:46:37 - [MESSAGE][INFO] - Checking object

2021-11-23 16:46:37 - [MESSAGE][INFO] - Finding web element from Test Object's properties

2021-11-23 16:46:37 - [MESSAGE][INFO] - Checking timeout

2021-11-23 16:46:37 - [MESSAGE][INFO] - Finding web element with id: 'Object Repository/Olusturma/Genel/TasarimSecilir/Tasarim' located by 'By.xpath: //*[@id = 'DesignId_I']' in '30' second(s)

2021-11-23 16:46:37 - [MESSAGE][INFO] - Smart Wait Function is triggered

2021-11-23 16:46:38 - [MESSAGE][INFO] - Found 1 web elements with id: 'Object Repository/Olusturma/Genel/TasarimSecilir/Tasarim' located by 'By.xpath: //*[@id = 'DesignId_I']' in '30' second(s)

2021-11-23 16:46:38 - [MESSAGE][INFO] - Clicking on object: 'Object Repository/Olusturma/Genel/TasarimSecilir/Tasarim'

2021-11-23 16:46:38 - [MESSAGE][PASSED] - Object: 'Object Repository/Olusturma/Genel/TasarimSecilir/Tasarim' is clicked on

2021-11-23 16:46:38 - [TEST_STEP][PASSED] - Method.TextDegerineEsitElementeTikla(findTestObject("Object Repository/Olusturma/Genel/TasarimSecilir/Tasarim_Adi"), Tasarim): Method.TextDegerineEsitElementeTikla is PASSED

2021-11-23 16:46:38 - [MESSAGE][INFO] - Finding Test Object 'Object Repository/Olusturma/Genel/TasarimSecilir/Tasarim_Adi'

2021-11-23 16:46:38 - [MESSAGE][INFO] - Checking timeout

2021-11-23 16:46:38 - [MESSAGE][INFO] - Finding web element with id: 'Object Repository/Olusturma/Genel/TasarimSecilir/Tasarim_Adi' located by 'By.cssSelector: #DesignId_DDD_L_LBT td' in '10' second(s)

2021-11-23 16:46:38 - [MESSAGE][INFO] - Smart Wait Function is triggered

2021-11-23 16:46:38 - [MESSAGE][INFO] - Found 1 web elements with id: 'Object Repository/Olusturma/Genel/TasarimSecilir/Tasarim_Adi' located by 'By.cssSelector: #DesignId_DDD_L_LBT td' in '10' second(s)

2021-11-23 16:46:38 - [MESSAGE][PASSED] - Method.TextDegerineEsitElementeTikla is PASSED

2021-11-23 16:46:38 - [MESSAGE][PASSED] - Call Test Case 'Test Cases/Olusturma/Genel/TasarimSecilir' successfully

2021-11-23 16:46:38 - [MESSAGE][INFO] - Checking called Test Case

2021-11-23 16:46:38 - [MESSAGE][INFO] - Starting to call Test Case 'Test Cases/Olusturma/Genel/Kutular/SiparisBilgileriGirilir'

2021-11-23 16:46:38 - [TEST_CASE][PASSED] - Test Cases/Olusturma/Genel/Kutular/SiparisBilgileriGirilir: Test Cases/Olusturma/Genel/Kutular/SiparisBilgileriGirilir

2021-11-23 16:46:38 - [TEST_STEP][PASSED] - Method.TextDegerineEsitElementeTikla(findTestObject("Olusturma/Genel/Kutular/KapaliKutular"), "Sipariş Bilgileri"): Method.TextDegerineEsitElementeTikla is PASSED

2021-11-23 16:46:38 - [MESSAGE][INFO] - Finding Test Object 'Object Repository/Olusturma/Genel/Kutular/KapaliKutular'

2021-11-23 16:46:38 - [MESSAGE][INFO] - Checking timeout

2021-11-23 16:46:38 - [MESSAGE][INFO] - Finding web element with id: 'Object Repository/Olusturma/Genel/Kutular/KapaliKutular' located by 'By.cssSelector: .dxnb-headerCollapsed>span' in '10' second(s)

2021-11-23 16:46:38 - [MESSAGE][INFO] - Smart Wait Function is triggered

2021-11-23 16:46:39 - [MESSAGE][INFO] - Found 8 web elements with id: 'Object Repository/Olusturma/Genel/Kutular/KapaliKutular' located by 'By.cssSelector: .dxnb-headerCollapsed>span' in '10' second(s)

2021-11-23 16:46:39 - [MESSAGE][PASSED] - Method.TextDegerineEsitElementeTikla is PASSED

2021-11-23 16:46:39 - [TEST_STEP][PASSED] - waitForElementPresent(findTestObject("Object Repository/Olusturma/Genel/Kutular/SiparisBilgileri/SiparisNo"), 10): Object 'Object Repository/Olusturma/Genel/Kutular/SiparisBilgileri/SiparisNo' is present

2021-11-23 16:46:39 - [MESSAGE][INFO] - Finding Test Object 'Object Repository/Olusturma/Genel/Kutular/SiparisBilgileri/SiparisNo'

2021-11-23 16:46:39 - [MESSAGE][INFO] - Checking object

2021-11-23 16:46:39 - [MESSAGE][INFO] - Finding web element from Test Object's properties

2021-11-23 16:46:39 - [MESSAGE][INFO] - Checking timeout

2021-11-23 16:46:39 - [MESSAGE][INFO] - Finding web element with id: 'Object Repository/Olusturma/Genel/Kutular/SiparisBilgileri/SiparisNo' located by 'By.xpath: //*[@id = 'txtSiparisNo_I']' in '10' second(s)

2021-11-23 16:46:39 - [MESSAGE][INFO] - Smart Wait Function is triggered

2021-11-23 16:46:39 - [MESSAGE][INFO] - Found 1 web elements with id: 'Object Repository/Olusturma/Genel/Kutular/SiparisBilgileri/SiparisNo' located by 'By.xpath: //*[@id = 'txtSiparisNo_I']' in '10' second(s)

2021-11-23 16:46:39 - [MESSAGE][PASSED] - Object 'Object Repository/Olusturma/Genel/Kutular/SiparisBilgileri/SiparisNo' is present

2021-11-23 16:46:39 - [TEST_STEP][PASSED] - clearText(findTestObject("Object Repository/Olusturma/Genel/Kutular/SiparisBilgileri/SiparisNo")): Text of object 'Object Repository/Olusturma/Genel/Kutular/SiparisBilgileri/SiparisNo' is cleared

2021-11-23 16:46:39 - [MESSAGE][INFO] - Finding Test Object 'Object Repository/Olusturma/Genel/Kutular/SiparisBilgileri/SiparisNo'

2021-11-23 16:46:39 - [MESSAGE][INFO] - Checking object

2021-11-23 16:46:39 - [MESSAGE][INFO] - Finding web element from Test Object's properties

2021-11-23 16:46:39 - [MESSAGE][INFO] - Checking timeout

2021-11-23 16:46:39 - [MESSAGE][INFO] - Finding web element with id: 'Object Repository/Olusturma/Genel/Kutular/SiparisBilgileri/SiparisNo' located by 'By.xpath: //*[@id = 'txtSiparisNo_I']' in '30' second(s)

2021-11-23 16:46:39 - [MESSAGE][INFO] - Smart Wait Function is triggered

2021-11-23 16:46:40 - [MESSAGE][INFO] - Found 1 web elements with id: 'Object Repository/Olusturma/Genel/Kutular/SiparisBilgileri/SiparisNo' located by 'By.xpath: //*[@id = 'txtSiparisNo_I']' in '30' second(s)

2021-11-23 16:46:40 - [MESSAGE][INFO] - Clearing text of object 'Object Repository/Olusturma/Genel/Kutular/SiparisBilgileri/SiparisNo'

2021-11-23 16:46:40 - [MESSAGE][PASSED] - Text of object 'Object Repository/Olusturma/Genel/Kutular/SiparisBilgileri/SiparisNo' is cleared

2021-11-23 16:46:40 - [TEST_STEP][PASSED] - sendKeys(findTestObject("Object Repository/Olusturma/Genel/Kutular/SiparisBilgileri/SiparisNo"), SiparisNo): Keys 'UUC-SAT-1200001' sent to object: 'Object Repository/Olusturma/Genel/Kutular/SiparisBilgileri/SiparisNo'

2021-11-23 16:46:40 - [MESSAGE][INFO] - Finding Test Object 'Object Repository/Olusturma/Genel/Kutular/SiparisBilgileri/SiparisNo'

2021-11-23 16:46:40 - [MESSAGE][INFO] - Sending keys 'UUC-SAT-1200001' to object: 'Object Repository/Olusturma/Genel/Kutular/SiparisBilgileri/SiparisNo'

2021-11-23 16:46:40 - [MESSAGE][INFO] - Finding web element from Test Object's properties

2021-11-23 16:46:40 - [MESSAGE][INFO] - Checking timeout

2021-11-23 16:46:40 - [MESSAGE][INFO] - Finding web element with id: 'Object Repository/Olusturma/Genel/Kutular/SiparisBilgileri/SiparisNo' located by 'By.xpath: //*[@id = 'txtSiparisNo_I']' in '30' second(s)

2021-11-23 16:46:40 - [MESSAGE][INFO] - Smart Wait Function is triggered

2021-11-23 16:46:40 - [MESSAGE][INFO] - Found 1 web elements with id: 'Object Repository/Olusturma/Genel/Kutular/SiparisBilgileri/SiparisNo' located by 'By.xpath: //*[@id = 'txtSiparisNo_I']' in '30' second(s)

2021-11-23 16:46:40 - [MESSAGE][PASSED] - Keys 'UUC-SAT-1200001' sent to object: 'Object Repository/Olusturma/Genel/Kutular/SiparisBilgileri/SiparisNo'

2021-11-23 16:46:40 - [TEST_STEP][PASSED] - waitForElementClickable(findTestObject("Object Repository/Olusturma/Genel/Kutular/SiparisBilgileri/SiparisTarihiImage"), 10): Object 'Object Repository/Olusturma/Genel/Kutular/SiparisBilgileri/SiparisTarihiImage' is clickable

2021-11-23 16:46:40 - [MESSAGE][INFO] - Finding Test Object 'Object Repository/Olusturma/Genel/Kutular/SiparisBilgileri/SiparisTarihiImage'

2021-11-23 16:46:40 - [MESSAGE][INFO] - Checking object

2021-11-23 16:46:40 - [MESSAGE][INFO] - Checking timeout

2021-11-23 16:46:40 - [MESSAGE][INFO] - Finding web element from Test Object's properties

2021-11-23 16:46:40 - [MESSAGE][INFO] - Checking timeout

2021-11-23 16:46:40 - [MESSAGE][INFO] - Finding web element with id: 'Object Repository/Olusturma/Genel/Kutular/SiparisBilgileri/SiparisTarihiImage' located by 'By.cssSelector: #dateSiparisTarih img' in '10' second(s)

2021-11-23 16:46:40 - [MESSAGE][INFO] - Smart Wait Function is triggered

2021-11-23 16:46:41 - [MESSAGE][INFO] - Found 1 web elements with id: 'Object Repository/Olusturma/Genel/Kutular/SiparisBilgileri/SiparisTarihiImage' located by 'By.cssSelector: #dateSiparisTarih img' in '10' second(s)

2021-11-23 16:46:41 - [MESSAGE][PASSED] - Object 'Object Repository/Olusturma/Genel/Kutular/SiparisBilgileri/SiparisTarihiImage' is clickable

2021-11-23 16:46:41 - [TEST_STEP][PASSED] - click(findTestObject("Object Repository/Olusturma/Genel/Kutular/SiparisBilgileri/SiparisTarihiImage")): Object: 'Object Repository/Olusturma/Genel/Kutular/SiparisBilgileri/SiparisTarihiImage' is clicked on

2021-11-23 16:46:41 - [MESSAGE][INFO] - Finding Test Object 'Object Repository/Olusturma/Genel/Kutular/SiparisBilgileri/SiparisTarihiImage'

2021-11-23 16:46:41 - [MESSAGE][INFO] - Checking object

2021-11-23 16:46:41 - [MESSAGE][INFO] - Finding web element from Test Object's properties

2021-11-23 16:46:41 - [MESSAGE][INFO] - Checking timeout

2021-11-23 16:46:41 - [MESSAGE][INFO] - Finding web element with id: 'Object Repository/Olusturma/Genel/Kutular/SiparisBilgileri/SiparisTarihiImage' located by 'By.cssSelector: #dateSiparisTarih img' in '30' second(s)

2021-11-23 16:46:41 - [MESSAGE][INFO] - Smart Wait Function is triggered

2021-11-23 16:46:41 - [MESSAGE][INFO] - Found 1 web elements with id: 'Object Repository/Olusturma/Genel/Kutular/SiparisBilgileri/SiparisTarihiImage' located by 'By.cssSelector: #dateSiparisTarih img' in '30' second(s)

2021-11-23 16:46:41 - [MESSAGE][INFO] - Clicking on object: 'Object Repository/Olusturma/Genel/Kutular/SiparisBilgileri/SiparisTarihiImage'

2021-11-23 16:46:41 - [MESSAGE][PASSED] - Object: 'Object Repository/Olusturma/Genel/Kutular/SiparisBilgileri/SiparisTarihiImage' is clicked on

2021-11-23 16:46:41 - [TEST_STEP][PASSED] - waitForElementPresent(findTestObject("Object Repository/Olusturma/Genel/Kutular/SiparisBilgileri/SiparisTarihi"), 10): Object 'Object Repository/Olusturma/Genel/Kutular/SiparisBilgileri/SiparisTarihi' is present

2021-11-23 16:46:41 - [MESSAGE][INFO] - Finding Test Object 'Object Repository/Olusturma/Genel/Kutular/SiparisBilgileri/SiparisTarihi'

2021-11-23 16:46:41 - [MESSAGE][INFO] - Checking object

2021-11-23 16:46:41 - [MESSAGE][INFO] - Finding web element from Test Object's properties

2021-11-23 16:46:41 - [MESSAGE][INFO] - Checking timeout

2021-11-23 16:46:41 - [MESSAGE][INFO] - Finding web element with id: 'Object Repository/Olusturma/Genel/Kutular/SiparisBilgileri/SiparisTarihi' located by 'By.xpath: //*[@id = 'dateSiparisTarih_I']' in '10' second(s)

2021-11-23 16:46:41 - [MESSAGE][INFO] - Smart Wait Function is triggered

2021-11-23 16:46:42 - [MESSAGE][INFO] - Found 1 web elements with id: 'Object Repository/Olusturma/Genel/Kutular/SiparisBilgileri/SiparisTarihi' located by 'By.xpath: //*[@id = 'dateSiparisTarih_I']' in '10' second(s)

2021-11-23 16:46:42 - [MESSAGE][PASSED] - Object 'Object Repository/Olusturma/Genel/Kutular/SiparisBilgileri/SiparisTarihi' is present

2021-11-23 16:46:42 - [TEST_STEP][PASSED] - clearText(findTestObject("Object Repository/Olusturma/Genel/Kutular/SiparisBilgileri/SiparisTarihi")): Text of object 'Object Repository/Olusturma/Genel/Kutular/SiparisBilgileri/SiparisTarihi' is cleared

2021-11-23 16:46:42 - [MESSAGE][INFO] - Finding Test Object 'Object Repository/Olusturma/Genel/Kutular/SiparisBilgileri/SiparisTarihi'

2021-11-23 16:46:42 - [MESSAGE][INFO] - Checking object

2021-11-23 16:46:42 - [MESSAGE][INFO] - Finding web element from Test Object's properties

2021-11-23 16:46:42 - [MESSAGE][INFO] - Checking timeout

2021-11-23 16:46:42 - [MESSAGE][INFO] - Finding web element with id: 'Object Repository/Olusturma/Genel/Kutular/SiparisBilgileri/SiparisTarihi' located by 'By.xpath: //*[@id = 'dateSiparisTarih_I']' in '30' second(s)

2021-11-23 16:46:42 - [MESSAGE][INFO] - Smart Wait Function is triggered

2021-11-23 16:46:42 - [MESSAGE][INFO] - Found 1 web elements with id: 'Object Repository/Olusturma/Genel/Kutular/SiparisBilgileri/SiparisTarihi' located by 'By.xpath: //*[@id = 'dateSiparisTarih_I']' in '30' second(s)

2021-11-23 16:46:42 - [MESSAGE][INFO] - Clearing text of object 'Object Repository/Olusturma/Genel/Kutular/SiparisBilgileri/SiparisTarihi'

2021-11-23 16:46:42 - [MESSAGE][PASSED] - Text of object 'Object Repository/Olusturma/Genel/Kutular/SiparisBilgileri/SiparisTarihi' is cleared

2021-11-23 16:46:42 - [TEST_STEP][PASSED] - sendKeys(findTestObject("Object Repository/Olusturma/Genel/Kutular/SiparisBilgileri/SiparisTarihi"), Tarih): Keys '31.04.2020' sent to object: 'Object Repository/Olusturma/Genel/Kutular/SiparisBilgileri/SiparisTarihi'

2021-11-23 16:46:42 - [MESSAGE][INFO] - Finding Test Object 'Object Repository/Olusturma/Genel/Kutular/SiparisBilgileri/SiparisTarihi'

2021-11-23 16:46:42 - [MESSAGE][INFO] - Sending keys '31.04.2020' to object: 'Object Repository/Olusturma/Genel/Kutular/SiparisBilgileri/SiparisTarihi'

2021-11-23 16:46:42 - [MESSAGE][INFO] - Finding web element from Test Object's properties

2021-11-23 16:46:42 - [MESSAGE][INFO] - Checking timeout

2021-11-23 16:46:42 - [MESSAGE][INFO] - Finding web element with id: 'Object Repository/Olusturma/Genel/Kutular/SiparisBilgileri/SiparisTarihi' located by 'By.xpath: //*[@id = 'dateSiparisTarih_I']' in '30' second(s)

2021-11-23 16:46:42 - [MESSAGE][INFO] - Smart Wait Function is triggered

2021-11-23 16:46:42 - [MESSAGE][INFO] - Found 1 web elements with id: 'Object Repository/Olusturma/Genel/Kutular/SiparisBilgileri/SiparisTarihi' located by 'By.xpath: //*[@id = 'dateSiparisTarih_I']' in '30' second(s)

2021-11-23 16:46:42 - [MESSAGE][PASSED] - Keys '31.04.2020' sent to object: 'Object Repository/Olusturma/Genel/Kutular/SiparisBilgileri/SiparisTarihi'

2021-11-23 16:46:42 - [MESSAGE][PASSED] - Call Test Case 'Test Cases/Olusturma/Genel/Kutular/SiparisBilgileriGirilir' successfully

2021-11-23 16:46:42 - [MESSAGE][INFO] - Checking called Test Case

2021-11-23 16:46:42 - [MESSAGE][INFO] - Starting to call Test Case 'Test Cases/Olusturma/Genel/Kutular/IrsaliyeBilgileri'

2021-11-23 16:46:42 - [TEST_CASE][PASSED] - Test Cases/Olusturma/Genel/Kutular/IrsaliyeBilgileri: Test Cases/Olusturma/Genel/Kutular/IrsaliyeBilgileri

2021-11-23 16:46:42 - [TEST_STEP][PASSED] - Method.TextDegerineEsitElementeTikla(findTestObject("Olusturma/Genel/Kutular/KapaliKutular"), "İrsaliye Bilgileri"): Method.TextDegerineEsitElementeTikla is PASSED

2021-11-23 16:46:42 - [MESSAGE][INFO] - Finding Test Object 'Object Repository/Olusturma/Genel/Kutular/KapaliKutular'

2021-11-23 16:46:42 - [MESSAGE][INFO] - Checking timeout

2021-11-23 16:46:42 - [MESSAGE][INFO] - Finding web element with id: 'Object Repository/Olusturma/Genel/Kutular/KapaliKutular' located by 'By.cssSelector: .dxnb-headerCollapsed>span' in '10' second(s)

2021-11-23 16:46:42 - [MESSAGE][INFO] - Smart Wait Function is triggered

2021-11-23 16:46:43 - [MESSAGE][INFO] - Found 8 web elements with id: 'Object Repository/Olusturma/Genel/Kutular/KapaliKutular' located by 'By.cssSelector: .dxnb-headerCollapsed>span' in '10' second(s)

2021-11-23 16:46:43 - [MESSAGE][PASSED] - Method.TextDegerineEsitElementeTikla is PASSED

2021-11-23 16:46:43 - [TEST_STEP][PASSED] - waitForElementClickable(findTestObject("Olusturma/Genel/Kutular/IrsaliyeBilgileri/Ekle"), 10): Object 'Object Repository/Olusturma/Genel/Kutular/IrsaliyeBilgileri/Ekle' is clickable

2021-11-23 16:46:43 - [MESSAGE][INFO] - Finding Test Object 'Object Repository/Olusturma/Genel/Kutular/IrsaliyeBilgileri/Ekle'

2021-11-23 16:46:43 - [MESSAGE][INFO] - Checking object

2021-11-23 16:46:43 - [MESSAGE][INFO] - Checking timeout

2021-11-23 16:46:43 - [MESSAGE][INFO] - Finding web element from Test Object's properties

2021-11-23 16:46:43 - [MESSAGE][INFO] - Checking timeout

2021-11-23 16:46:43 - [MESSAGE][INFO] - Finding web element with id: 'Object Repository/Olusturma/Genel/Kutular/IrsaliyeBilgileri/Ekle' located by 'By.xpath: //*[@id = 'DXEditorgvUserInvoiceBillsNewRowBtn']' in '10' second(s)

2021-11-23 16:46:43 - [MESSAGE][INFO] - Smart Wait Function is triggered

2021-11-23 16:46:43 - [MESSAGE][INFO] - Found 1 web elements with id: 'Object Repository/Olusturma/Genel/Kutular/IrsaliyeBilgileri/Ekle' located by 'By.xpath: //*[@id = 'DXEditorgvUserInvoiceBillsNewRowBtn']' in '10' second(s)

2021-11-23 16:46:43 - [MESSAGE][PASSED] - Object 'Object Repository/Olusturma/Genel/Kutular/IrsaliyeBilgileri/Ekle' is clickable

2021-11-23 16:46:43 - [TEST_STEP][PASSED] - click(findTestObject("Olusturma/Genel/Kutular/IrsaliyeBilgileri/Ekle")): Object: 'Object Repository/Olusturma/Genel/Kutular/IrsaliyeBilgileri/Ekle' is clicked on

2021-11-23 16:46:43 - [MESSAGE][INFO] - Finding Test Object 'Object Repository/Olusturma/Genel/Kutular/IrsaliyeBilgileri/Ekle'

2021-11-23 16:46:43 - [MESSAGE][INFO] - Checking object

2021-11-23 16:46:43 - [MESSAGE][INFO] - Finding web element from Test Object's properties

2021-11-23 16:46:43 - [MESSAGE][INFO] - Checking timeout

2021-11-23 16:46:43 - [MESSAGE][INFO] - Finding web element with id: 'Object Repository/Olusturma/Genel/Kutular/IrsaliyeBilgileri/Ekle' located by 'By.xpath: //*[@id = 'DXEditorgvUserInvoiceBillsNewRowBtn']' in '30' second(s)

2021-11-23 16:46:43 - [MESSAGE][INFO] - Smart Wait Function is triggered

2021-11-23 16:46:44 - [MESSAGE][INFO] - Found 1 web elements with id: 'Object Repository/Olusturma/Genel/Kutular/IrsaliyeBilgileri/Ekle' located by 'By.xpath: //*[@id = 'DXEditorgvUserInvoiceBillsNewRowBtn']' in '30' second(s)

2021-11-23 16:46:44 - [MESSAGE][INFO] - Clicking on object: 'Object Repository/Olusturma/Genel/Kutular/IrsaliyeBilgileri/Ekle'

2021-11-23 16:46:44 - [MESSAGE][PASSED] - Object: 'Object Repository/Olusturma/Genel/Kutular/IrsaliyeBilgileri/Ekle' is clicked on

2021-11-23 16:46:44 - [TEST_STEP][PASSED] - waitForElementPresent(findTestObject("Object Repository/Olusturma/Genel/Kutular/IrsaliyeBilgileri/IrsaliyeNumarasi"), 10): Object 'Object Repository/Olusturma/Genel/Kutular/IrsaliyeBilgileri/IrsaliyeNumarasi' is present

2021-11-23 16:46:44 - [MESSAGE][INFO] - Finding Test Object 'Object Repository/Olusturma/Genel/Kutular/IrsaliyeBilgileri/IrsaliyeNumarasi'

2021-11-23 16:46:44 - [MESSAGE][INFO] - Checking object

2021-11-23 16:46:44 - [MESSAGE][INFO] - Finding web element from Test Object's properties

2021-11-23 16:46:44 - [MESSAGE][INFO] - Checking timeout

2021-11-23 16:46:44 - [MESSAGE][INFO] - Finding web element with id: 'Object Repository/Olusturma/Genel/Kutular/IrsaliyeBilgileri/IrsaliyeNumarasi' located by 'By.xpath: //*[@id = 'gvUserInvoiceBills_DXEditor1_I']' in '10' second(s)

2021-11-23 16:46:44 - [MESSAGE][INFO] - Smart Wait Function is triggered

2021-11-23 16:46:44 - [MESSAGE][INFO] - Smart Wait Function is triggered

2021-11-23 16:46:45 - [MESSAGE][INFO] - Found 1 web elements with id: 'Object Repository/Olusturma/Genel/Kutular/IrsaliyeBilgileri/IrsaliyeNumarasi' located by 'By.xpath: //*[@id = 'gvUserInvoiceBills_DXEditor1_I']' in '10' second(s)

2021-11-23 16:46:45 - [MESSAGE][PASSED] - Object 'Object Repository/Olusturma/Genel/Kutular/IrsaliyeBilgileri/IrsaliyeNumarasi' is present

2021-11-23 16:46:45 - [TEST_STEP][PASSED] - clearText(findTestObject("Object Repository/Olusturma/Genel/Kutular/IrsaliyeBilgileri/IrsaliyeNumarasi")): Text of object 'Object Repository/Olusturma/Genel/Kutular/IrsaliyeBilgileri/IrsaliyeNumarasi' is cleared

2021-11-23 16:46:45 - [MESSAGE][INFO] - Finding Test Object 'Object Repository/Olusturma/Genel/Kutular/IrsaliyeBilgileri/IrsaliyeNumarasi'

2021-11-23 16:46:45 - [MESSAGE][INFO] - Checking object

2021-11-23 16:46:45 - [MESSAGE][INFO] - Finding web element from Test Object's properties

2021-11-23 16:46:45 - [MESSAGE][INFO] - Checking timeout

2021-11-23 16:46:45 - [MESSAGE][INFO] - Finding web element with id: 'Object Repository/Olusturma/Genel/Kutular/IrsaliyeBilgileri/IrsaliyeNumarasi' located by 'By.xpath: //*[@id = 'gvUserInvoiceBills_DXEditor1_I']' in '30' second(s)

2021-11-23 16:46:45 - [MESSAGE][INFO] - Smart Wait Function is triggered

2021-11-23 16:46:45 - [MESSAGE][INFO] - Found 1 web elements with id: 'Object Repository/Olusturma/Genel/Kutular/IrsaliyeBilgileri/IrsaliyeNumarasi' located by 'By.xpath: //*[@id = 'gvUserInvoiceBills_DXEditor1_I']' in '30' second(s)

2021-11-23 16:46:45 - [MESSAGE][INFO] - Clearing text of object 'Object Repository/Olusturma/Genel/Kutular/IrsaliyeBilgileri/IrsaliyeNumarasi'

2021-11-23 16:46:45 - [MESSAGE][PASSED] - Text of object 'Object Repository/Olusturma/Genel/Kutular/IrsaliyeBilgileri/IrsaliyeNumarasi' is cleared

2021-11-23 16:46:45 - [TEST_STEP][PASSED] - sendKeys(findTestObject("Object Repository/Olusturma/Genel/Kutular/IrsaliyeBilgileri/IrsaliyeNumarasi"), Numara): Keys 'AAAAAAAAAA' sent to object: 'Object Repository/Olusturma/Genel/Kutular/IrsaliyeBilgileri/IrsaliyeNumarasi'

2021-11-23 16:46:45 - [MESSAGE][INFO] - Finding Test Object 'Object Repository/Olusturma/Genel/Kutular/IrsaliyeBilgileri/IrsaliyeNumarasi'

2021-11-23 16:46:46 - [MESSAGE][INFO] - Sending keys 'AAAAAAAAAA' to object: 'Object Repository/Olusturma/Genel/Kutular/IrsaliyeBilgileri/IrsaliyeNumarasi'

2021-11-23 16:46:46 - [MESSAGE][INFO] - Finding web element from Test Object's properties

2021-11-23 16:46:46 - [MESSAGE][INFO] - Checking timeout

2021-11-23 16:46:46 - [MESSAGE][INFO] - Finding web element with id: 'Object Repository/Olusturma/Genel/Kutular/IrsaliyeBilgileri/IrsaliyeNumarasi' located by 'By.xpath: //*[@id = 'gvUserInvoiceBills_DXEditor1_I']' in '30' second(s)

2021-11-23 16:46:46 - [MESSAGE][INFO] - Smart Wait Function is triggered

2021-11-23 16:46:46 - [MESSAGE][INFO] - Found 1 web elements with id: 'Object Repository/Olusturma/Genel/Kutular/IrsaliyeBilgileri/IrsaliyeNumarasi' located by 'By.xpath: //*[@id = 'gvUserInvoiceBills_DXEditor1_I']' in '30' second(s)

2021-11-23 16:46:46 - [MESSAGE][PASSED] - Keys 'AAAAAAAAAA' sent to object: 'Object Repository/Olusturma/Genel/Kutular/IrsaliyeBilgileri/IrsaliyeNumarasi'

2021-11-23 16:46:46 - [TEST_STEP][PASSED] - waitForElementClickable(findTestObject("Object Repository/Olusturma/Genel/Kutular/IrsaliyeBilgileri/IrsaliyeTarihi"), 10): Object 'Object Repository/Olusturma/Genel/Kutular/IrsaliyeBilgileri/IrsaliyeTarihi' is clickable

2021-11-23 16:46:46 - [MESSAGE][INFO] - Finding Test Object 'Object Repository/Olusturma/Genel/Kutular/IrsaliyeBilgileri/IrsaliyeTarihi'

2021-11-23 16:46:46 - [MESSAGE][INFO] - Checking object

2021-11-23 16:46:46 - [MESSAGE][INFO] - Checking timeout

2021-11-23 16:46:46 - [MESSAGE][INFO] - Finding web element from Test Object's properties

2021-11-23 16:46:46 - [MESSAGE][INFO] - Checking timeout

2021-11-23 16:46:46 - [MESSAGE][INFO] - Finding web element with id: 'Object Repository/Olusturma/Genel/Kutular/IrsaliyeBilgileri/IrsaliyeTarihi' located by 'By.xpath: //*[@id = 'gvUserInvoiceBills_DXEditor2_I']' in '10' second(s)

2021-11-23 16:46:46 - [MESSAGE][INFO] - Smart Wait Function is triggered

2021-11-23 16:46:46 - [MESSAGE][INFO] - Found 1 web elements with id: 'Object Repository/Olusturma/Genel/Kutular/IrsaliyeBilgileri/IrsaliyeTarihi' located by 'By.xpath: //*[@id = 'gvUserInvoiceBills_DXEditor2_I']' in '10' second(s)

2021-11-23 16:46:46 - [MESSAGE][PASSED] - Object 'Object Repository/Olusturma/Genel/Kutular/IrsaliyeBilgileri/IrsaliyeTarihi' is clickable

2021-11-23 16:46:46 - [TEST_STEP][PASSED] - click(findTestObject("Object Repository/Olusturma/Genel/Kutular/IrsaliyeBilgileri/IrsaliyeTarihi")): Object: 'Object Repository/Olusturma/Genel/Kutular/IrsaliyeBilgileri/IrsaliyeTarihi' is clicked on

2021-11-23 16:46:46 - [MESSAGE][INFO] - Finding Test Object 'Object Repository/Olusturma/Genel/Kutular/IrsaliyeBilgileri/IrsaliyeTarihi'

2021-11-23 16:46:46 - [MESSAGE][INFO] - Checking object

2021-11-23 16:46:46 - [MESSAGE][INFO] - Finding web element from Test Object's properties

2021-11-23 16:46:46 - [MESSAGE][INFO] - Checking timeout

2021-11-23 16:46:46 - [MESSAGE][INFO] - Finding web element with id: 'Object Repository/Olusturma/Genel/Kutular/IrsaliyeBilgileri/IrsaliyeTarihi' located by 'By.xpath: //*[@id = 'gvUserInvoiceBills_DXEditor2_I']' in '30' second(s)

2021-11-23 16:46:46 - [MESSAGE][INFO] - Smart Wait Function is triggered

2021-11-23 16:46:47 - [MESSAGE][INFO] - Found 1 web elements with id: 'Object Repository/Olusturma/Genel/Kutular/IrsaliyeBilgileri/IrsaliyeTarihi' located by 'By.xpath: //*[@id = 'gvUserInvoiceBills_DXEditor2_I']' in '30' second(s)

2021-11-23 16:46:47 - [MESSAGE][INFO] - Clicking on object: 'Object Repository/Olusturma/Genel/Kutular/IrsaliyeBilgileri/IrsaliyeTarihi'

2021-11-23 16:46:47 - [MESSAGE][PASSED] - Object: 'Object Repository/Olusturma/Genel/Kutular/IrsaliyeBilgileri/IrsaliyeTarihi' is clicked on

2021-11-23 16:46:47 - [TEST_STEP][PASSED] - sendKeys(findTestObject("Object Repository/Olusturma/Genel/Kutular/IrsaliyeBilgileri/IrsaliyeTarihi"), Tarih): Keys '31.04.2020' sent to object: 'Object Repository/Olusturma/Genel/Kutular/IrsaliyeBilgileri/IrsaliyeTarihi'

2021-11-23 16:46:47 - [MESSAGE][INFO] - Finding Test Object 'Object Repository/Olusturma/Genel/Kutular/IrsaliyeBilgileri/IrsaliyeTarihi'

2021-11-23 16:46:47 - [MESSAGE][INFO] - Sending keys '31.04.2020' to object: 'Object Repository/Olusturma/Genel/Kutular/IrsaliyeBilgileri/IrsaliyeTarihi'

2021-11-23 16:46:47 - [MESSAGE][INFO] - Finding web element from Test Object's properties

2021-11-23 16:46:47 - [MESSAGE][INFO] - Checking timeout

2021-11-23 16:46:47 - [MESSAGE][INFO] - Finding web element with id: 'Object Repository/Olusturma/Genel/Kutular/IrsaliyeBilgileri/IrsaliyeTarihi' located by 'By.xpath: //*[@id = 'gvUserInvoiceBills_DXEditor2_I']' in '30' second(s)

2021-11-23 16:46:47 - [MESSAGE][INFO] - Smart Wait Function is triggered

2021-11-23 16:46:47 - [MESSAGE][INFO] - Found 1 web elements with id: 'Object Repository/Olusturma/Genel/Kutular/IrsaliyeBilgileri/IrsaliyeTarihi' located by 'By.xpath: //*[@id = 'gvUserInvoiceBills_DXEditor2_I']' in '30' second(s)

2021-11-23 16:46:47 - [MESSAGE][PASSED] - Keys '31.04.2020' sent to object: 'Object Repository/Olusturma/Genel/Kutular/IrsaliyeBilgileri/IrsaliyeTarihi'

2021-11-23 16:46:47 - [MESSAGE][PASSED] - Call Test Case 'Test Cases/Olusturma/Genel/Kutular/IrsaliyeBilgileri' successfully

2021-11-23 16:46:47 - [MESSAGE][INFO] - Checking called Test Case

2021-11-23 16:46:47 - [MESSAGE][INFO] - Starting to call Test Case 'Test Cases/Olusturma/Genel/EkleButonunaBasilir'

2021-11-23 16:46:47 - [TEST_CASE][PASSED] - Test Cases/Olusturma/Genel/EkleButonunaBasilir: Test Cases/Olusturma/Genel/EkleButonunaBasilir

2021-11-23 16:46:47 - [TEST_STEP][PASSED] - waitForElementClickable(findTestObject("Object Repository/Olusturma/Genel/Olusturma/Ekle"), 10): Object 'Object Repository/Olusturma/Genel/Olusturma/Ekle' is clickable

2021-11-23 16:46:47 - [MESSAGE][INFO] - Finding Test Object 'Object Repository/Olusturma/Genel/Olusturma/Ekle'

2021-11-23 16:46:47 - [MESSAGE][INFO] - Checking object

2021-11-23 16:46:47 - [MESSAGE][INFO] - Checking timeout

2021-11-23 16:46:47 - [MESSAGE][INFO] - Finding web element from Test Object's properties

2021-11-23 16:46:47 - [MESSAGE][INFO] - Checking timeout

2021-11-23 16:46:47 - [MESSAGE][INFO] - Finding web element with id: 'Object Repository/Olusturma/Genel/Olusturma/Ekle' located by 'By.cssSelector: #divmalhizmet i.fa.fa-plus.fa-lg.text-muted' in '10' second(s)

2021-11-23 16:46:47 - [MESSAGE][INFO] - Smart Wait Function is triggered

2021-11-23 16:46:48 - [MESSAGE][INFO] - Found 1 web elements with id: 'Object Repository/Olusturma/Genel/Olusturma/Ekle' located by 'By.cssSelector: #divmalhizmet i.fa.fa-plus.fa-lg.text-muted' in '10' second(s)

2021-11-23 16:46:48 - [MESSAGE][PASSED] - Object 'Object Repository/Olusturma/Genel/Olusturma/Ekle' is clickable

2021-11-23 16:46:48 - [TEST_STEP][PASSED] - click(findTestObject("Object Repository/Olusturma/Genel/Olusturma/Ekle")): Object: 'Object Repository/Olusturma/Genel/Olusturma/Ekle' is clicked on

2021-11-23 16:46:48 - [MESSAGE][INFO] - Finding Test Object 'Object Repository/Olusturma/Genel/Olusturma/Ekle'

2021-11-23 16:46:48 - [MESSAGE][INFO] - Checking object

2021-11-23 16:46:48 - [MESSAGE][INFO] - Finding web element from Test Object's properties

2021-11-23 16:46:48 - [MESSAGE][INFO] - Checking timeout

2021-11-23 16:46:48 - [MESSAGE][INFO] - Finding web element with id: 'Object Repository/Olusturma/Genel/Olusturma/Ekle' located by 'By.cssSelector: #divmalhizmet i.fa.fa-plus.fa-lg.text-muted' in '30' second(s)

2021-11-23 16:46:48 - [MESSAGE][INFO] - Smart Wait Function is triggered

2021-11-23 16:46:48 - [MESSAGE][INFO] - Found 1 web elements with id: 'Object Repository/Olusturma/Genel/Olusturma/Ekle' located by 'By.cssSelector: #divmalhizmet i.fa.fa-plus.fa-lg.text-muted' in '30' second(s)

2021-11-23 16:46:48 - [MESSAGE][INFO] - Clicking on object: 'Object Repository/Olusturma/Genel/Olusturma/Ekle'

2021-11-23 16:46:48 - [MESSAGE][PASSED] - Object: 'Object Repository/Olusturma/Genel/Olusturma/Ekle' is clicked on

2021-11-23 16:46:48 - [TEST_STEP][PASSED] - waitForElementClickable(findTestObject("Olusturma/Genel/Olusturma/EklenenSatirCarpiImage"), 10): Object 'Object Repository/Olusturma/Genel/Olusturma/EklenenSatirCarpiImage' is clickable

2021-11-23 16:46:48 - [MESSAGE][INFO] - Finding Test Object 'Object Repository/Olusturma/Genel/Olusturma/EklenenSatirCarpiImage'

2021-11-23 16:46:48 - [MESSAGE][INFO] - Checking object

2021-11-23 16:46:48 - [MESSAGE][INFO] - Checking timeout

2021-11-23 16:46:48 - [MESSAGE][INFO] - Finding web element from Test Object's properties

2021-11-23 16:46:48 - [MESSAGE][INFO] - Checking timeout

2021-11-23 16:46:48 - [MESSAGE][INFO] - Finding web element with id: 'Object Repository/Olusturma/Genel/Olusturma/EklenenSatirCarpiImage' located by 'By.cssSelector: .fa.fa-times.fa-lg.text-primary' in '10' second(s)

2021-11-23 16:46:48 - [MESSAGE][INFO] - Smart Wait Function is triggered

2021-11-23 16:46:49 - [MESSAGE][INFO] - Found 1 web elements with id: 'Object Repository/Olusturma/Genel/Olusturma/EklenenSatirCarpiImage' located by 'By.cssSelector: .fa.fa-times.fa-lg.text-primary' in '10' second(s)

2021-11-23 16:46:49 - [MESSAGE][PASSED] - Object 'Object Repository/Olusturma/Genel/Olusturma/EklenenSatirCarpiImage' is clickable

2021-11-23 16:46:49 - [MESSAGE][PASSED] - Call Test Case 'Test Cases/Olusturma/Genel/EkleButonunaBasilir' successfully

2021-11-23 16:46:49 - [MESSAGE][INFO] - Checking called Test Case

2021-11-23 16:46:49 - [MESSAGE][INFO] - Starting to call Test Case 'Test Cases/Olusturma/Genel/Olusturma'

2021-11-23 16:46:49 - [TEST_CASE][PASSED] - Test Cases/Olusturma/Genel/Olusturma: Test Cases/Olusturma/Genel/Olusturma

2021-11-23 16:46:49 - [TEST_STEP][PASSED] - driver = getWebDriver(): null

2021-11-23 16:46:49 - [TEST_STEP][PASSED] - action = new org.openqa.selenium.interactions.Actions(driver): null

2021-11-23 16:46:49 - [TEST_STEP][PASSED] - baslikElement = <not implemented yet for class: org.codehaus.groovy.ast.expr.EmptyExpression>: null

2021-11-23 16:46:49 - [TEST_STEP][PASSED] - sonElement = <not implemented yet for class: org.codehaus.groovy.ast.expr.EmptyExpression>: null

2021-11-23 16:46:49 - [TEST_STEP][PASSED] - attr = <not implemented yet for class: org.codehaus.groovy.ast.expr.EmptyExpression>: null

2021-11-23 16:46:49 - [TEST_STEP][PASSED] - a = 0: null

2021-11-23 16:46:49 - [TEST_STEP][PASSED] - elements = findWebElements(findTestObject("Object Repository/Olusturma/Genel/Olusturma/TabloBasliklari"), 10): Found 13 web elements with id: 'Object Repository/Olusturma/Genel/Olusturma/TabloBasliklari' located by 'By.cssSelector: div#divmalhizmet .dxgvTable_LECustomTheme td.dxgvHeader_LECustomTheme tr>td:nth-child(1)' in '10' second(s)

2021-11-23 16:46:49 - [MESSAGE][INFO] - Finding Test Object 'Object Repository/Olusturma/Genel/Olusturma/TabloBasliklari'

2021-11-23 16:46:49 - [MESSAGE][INFO] - Checking timeout

2021-11-23 16:46:49 - [MESSAGE][INFO] - Finding web element with id: 'Object Repository/Olusturma/Genel/Olusturma/TabloBasliklari' located by 'By.cssSelector: div#divmalhizmet .dxgvTable_LECustomTheme td.dxgvHeader_LECustomTheme tr>td:nth-child(1)' in '10' second(s)

2021-11-23 16:46:49 - [MESSAGE][INFO] - Smart Wait Function is triggered

2021-11-23 16:46:50 - [MESSAGE][INFO] - Found 13 web elements with id: 'Object Repository/Olusturma/Genel/Olusturma/TabloBasliklari' located by 'By.cssSelector: div#divmalhizmet .dxgvTable_LECustomTheme td.dxgvHeader_LECustomTheme tr>td:nth-child(1)' in '10' second(s)

2021-11-23 16:46:50 - [TEST_STEP][PASSED] - for (def element : elements): null

2021-11-23 16:46:50 - [TEST_STEP][PASSED] - build().perform(): null

2021-11-23 16:46:50 - [TEST_STEP][PASSED] - if (getText().equals(Baslik)): null

2021-11-23 16:46:50 - [TEST_STEP][PASSED] - baslikElement = element.findElement(By.xpath("../../../..")): Smart Wait Function is triggered

2021-11-23 16:46:50 - [MESSAGE][INFO] - Smart Wait Function is triggered

2021-11-23 16:46:50 - [TEST_STEP][PASSED] - attr = baslikElement.getAttribute("id"): null

2021-11-23 16:46:50 - [TEST_STEP][PASSED] - println("girdi ve idsini aldı = " + attr): null

2021-11-23 16:46:50 - [TEST_STEP][PASSED] - break: null

2021-11-23 16:46:50 - [TEST_STEP][PASSED] - countElement = baslikElement.findElements(By.xpath("../td")): Smart Wait Function is triggered

2021-11-23 16:46:50 - [MESSAGE][INFO] - Smart Wait Function is triggered

2021-11-23 16:46:50 - [TEST_STEP][PASSED] - for (def element : countElement): null

2021-11-23 16:46:50 - [TEST_STEP][PASSED] - if (toString().equals(attr.toString())): null

2021-11-23 16:46:50 - [TEST_STEP][PASSED] - (a++): null

2021-11-23 16:46:50 - [TEST_STEP][PASSED] - if (toString().equals(attr.toString())): null

2021-11-23 16:46:50 - [TEST_STEP][PASSED] - break: null

2021-11-23 16:46:50 - [TEST_STEP][PASSED] - son = findWebElement(findTestObject("Object Repository/Olusturma/Genel/Olusturma/EklenenSatir")).findElement(By.xpath("td[@class='dxgvInlineEditCell_LECustomTheme dxgv'][" + a + "]//td[@class='dxic']/input")): Smart Wait Function is triggered

2021-11-23 16:46:50 - [MESSAGE][INFO] - Finding Test Object 'Object Repository/Olusturma/Genel/Olusturma/EklenenSatir'

2021-11-23 16:46:51 - [MESSAGE][INFO] - Finding web element from Test Object's properties

2021-11-23 16:46:51 - [MESSAGE][INFO] - Checking timeout

2021-11-23 16:46:51 - [MESSAGE][INFO] - Finding web element with id: 'Object Repository/Olusturma/Genel/Olusturma/EklenenSatir' located by 'By.cssSelector: #divmalhizmet .dxgvInlineEditRow_LECustomTheme' in '30' second(s)

2021-11-23 16:46:51 - [MESSAGE][INFO] - Smart Wait Function is triggered

2021-11-23 16:46:51 - [MESSAGE][INFO] - Found 1 web elements with id: 'Object Repository/Olusturma/Genel/Olusturma/EklenenSatir' located by 'By.cssSelector: #divmalhizmet .dxgvInlineEditRow_LECustomTheme' in '30' second(s)

2021-11-23 16:46:51 - [MESSAGE][INFO] - Smart Wait Function is triggered

2021-11-23 16:46:51 - [TEST_STEP][PASSED] - if (!(getAttribute("value").contains("Vkn"))): null

2021-11-23 16:46:51 - [TEST_STEP][PASSED] - son.clear(): null

2021-11-23 16:46:51 - [TEST_STEP][PASSED] - son.sendKeys(Deger): null

2021-11-23 16:46:51 - [MESSAGE][PASSED] - Call Test Case 'Test Cases/Olusturma/Genel/Olusturma' successfully

2021-11-23 16:46:51 - [MESSAGE][INFO] - Checking called Test Case

2021-11-23 16:46:51 - [MESSAGE][INFO] - Starting to call Test Case 'Test Cases/Olusturma/Genel/Olusturma'

2021-11-23 16:46:52 - [TEST_CASE][PASSED] - Test Cases/Olusturma/Genel/Olusturma: Test Cases/Olusturma/Genel/Olusturma

2021-11-23 16:46:52 - [TEST_STEP][PASSED] - driver = getWebDriver(): null

2021-11-23 16:46:52 - [TEST_STEP][PASSED] - action = new org.openqa.selenium.interactions.Actions(driver): null

2021-11-23 16:46:52 - [TEST_STEP][PASSED] - baslikElement = <not implemented yet for class: org.codehaus.groovy.ast.expr.EmptyExpression>: null

2021-11-23 16:46:52 - [TEST_STEP][PASSED] - sonElement = <not implemented yet for class: org.codehaus.groovy.ast.expr.EmptyExpression>: null

2021-11-23 16:46:52 - [TEST_STEP][PASSED] - attr = <not implemented yet for class: org.codehaus.groovy.ast.expr.EmptyExpression>: null

2021-11-23 16:46:52 - [TEST_STEP][PASSED] - a = 0: null

2021-11-23 16:46:52 - [TEST_STEP][PASSED] - elements = findWebElements(findTestObject("Object Repository/Olusturma/Genel/Olusturma/TabloBasliklari"), 10): Found 13 web elements with id: 'Object Repository/Olusturma/Genel/Olusturma/TabloBasliklari' located by 'By.cssSelector: div#divmalhizmet .dxgvTable_LECustomTheme td.dxgvHeader_LECustomTheme tr>td:nth-child(1)' in '10' second(s)

2021-11-23 16:46:52 - [MESSAGE][INFO] - Finding Test Object 'Object Repository/Olusturma/Genel/Olusturma/TabloBasliklari'

2021-11-23 16:46:52 - [MESSAGE][INFO] - Checking timeout

2021-11-23 16:46:52 - [MESSAGE][INFO] - Finding web element with id: 'Object Repository/Olusturma/Genel/Olusturma/TabloBasliklari' located by 'By.cssSelector: div#divmalhizmet .dxgvTable_LECustomTheme td.dxgvHeader_LECustomTheme tr>td:nth-child(1)' in '10' second(s)

2021-11-23 16:46:52 - [MESSAGE][INFO] - Smart Wait Function is triggered

2021-11-23 16:46:52 - [MESSAGE][INFO] - Found 13 web elements with id: 'Object Repository/Olusturma/Genel/Olusturma/TabloBasliklari' located by 'By.cssSelector: div#divmalhizmet .dxgvTable_LECustomTheme td.dxgvHeader_LECustomTheme tr>td:nth-child(1)' in '10' second(s)

2021-11-23 16:46:52 - [TEST_STEP][PASSED] - for (def element : elements): null

2021-11-23 16:46:52 - [TEST_STEP][PASSED] - build().perform(): null

2021-11-23 16:46:52 - [TEST_STEP][PASSED] - if (getText().equals(Baslik)): null

2021-11-23 16:46:52 - [TEST_STEP][PASSED] - build().perform(): null

2021-11-23 16:46:52 - [TEST_STEP][PASSED] - if (getText().equals(Baslik)): null

2021-11-23 16:46:52 - [TEST_STEP][PASSED] - baslikElement = element.findElement(By.xpath("../../../..")): Smart Wait Function is triggered

2021-11-23 16:46:52 - [MESSAGE][INFO] - Smart Wait Function is triggered

2021-11-23 16:46:53 - [TEST_STEP][PASSED] - attr = baslikElement.getAttribute("id"): null

2021-11-23 16:46:53 - [TEST_STEP][PASSED] - println("girdi ve idsini aldı = " + attr): null

2021-11-23 16:46:53 - [TEST_STEP][PASSED] - break: null

2021-11-23 16:46:53 - [TEST_STEP][PASSED] - countElement = baslikElement.findElements(By.xpath("../td")): Smart Wait Function is triggered

2021-11-23 16:46:53 - [MESSAGE][INFO] - Smart Wait Function is triggered

2021-11-23 16:46:53 - [TEST_STEP][PASSED] - for (def element : countElement): null

2021-11-23 16:46:53 - [TEST_STEP][PASSED] - if (toString().equals(attr.toString())): null

2021-11-23 16:46:53 - [TEST_STEP][PASSED] - (a++): null

2021-11-23 16:46:53 - [TEST_STEP][PASSED] - if (toString().equals(attr.toString())): null

2021-11-23 16:46:53 - [TEST_STEP][PASSED] - (a++): null

2021-11-23 16:46:53 - [TEST_STEP][PASSED] - if (toString().equals(attr.toString())): null

2021-11-23 16:46:53 - [TEST_STEP][PASSED] - break: null

2021-11-23 16:46:53 - [TEST_STEP][PASSED] - son = findWebElement(findTestObject("Object Repository/Olusturma/Genel/Olusturma/EklenenSatir")).findElement(By.xpath("td[@class='dxgvInlineEditCell_LECustomTheme dxgv'][" + a + "]//td[@class='dxic']/input")): Smart Wait Function is triggered

2021-11-23 16:46:53 - [MESSAGE][INFO] - Finding Test Object 'Object Repository/Olusturma/Genel/Olusturma/EklenenSatir'

2021-11-23 16:46:53 - [MESSAGE][INFO] - Finding web element from Test Object's properties

2021-11-23 16:46:53 - [MESSAGE][INFO] - Checking timeout

2021-11-23 16:46:53 - [MESSAGE][INFO] - Finding web element with id: 'Object Repository/Olusturma/Genel/Olusturma/EklenenSatir' located by 'By.cssSelector: #divmalhizmet .dxgvInlineEditRow_LECustomTheme' in '30' second(s)

2021-11-23 16:46:53 - [MESSAGE][INFO] - Smart Wait Function is triggered

2021-11-23 16:46:53 - [MESSAGE][INFO] - Found 1 web elements with id: 'Object Repository/Olusturma/Genel/Olusturma/EklenenSatir' located by 'By.cssSelector: #divmalhizmet .dxgvInlineEditRow_LECustomTheme' in '30' second(s)

2021-11-23 16:46:53 - [MESSAGE][INFO] - Smart Wait Function is triggered

2021-11-23 16:46:54 - [TEST_STEP][PASSED] - if (!(getAttribute("value").contains("Vkn"))): null

2021-11-23 16:46:54 - [TEST_STEP][PASSED] - son.clear(): null

2021-11-23 16:46:54 - [TEST_STEP][PASSED] - son.sendKeys(Deger): null

2021-11-23 16:46:54 - [MESSAGE][PASSED] - Call Test Case 'Test Cases/Olusturma/Genel/Olusturma' successfully

2021-11-23 16:46:54 - [MESSAGE][INFO] - Checking called Test Case

2021-11-23 16:46:54 - [MESSAGE][INFO] - Starting to call Test Case 'Test Cases/Olusturma/Genel/Olusturma'

2021-11-23 16:46:54 - [TEST_CASE][PASSED] - Test Cases/Olusturma/Genel/Olusturma: Test Cases/Olusturma/Genel/Olusturma

2021-11-23 16:46:54 - [TEST_STEP][PASSED] - driver = getWebDriver(): null

2021-11-23 16:46:54 - [TEST_STEP][PASSED] - action = new org.openqa.selenium.interactions.Actions(driver): null

2021-11-23 16:46:54 - [TEST_STEP][PASSED] - baslikElement = <not implemented yet for class: org.codehaus.groovy.ast.expr.EmptyExpression>: null

2021-11-23 16:46:54 - [TEST_STEP][PASSED] - sonElement = <not implemented yet for class: org.codehaus.groovy.ast.expr.EmptyExpression>: null

2021-11-23 16:46:54 - [TEST_STEP][PASSED] - attr = <not implemented yet for class: org.codehaus.groovy.ast.expr.EmptyExpression>: null

2021-11-23 16:46:54 - [TEST_STEP][PASSED] - a = 0: null

2021-11-23 16:46:54 - [TEST_STEP][PASSED] - elements = findWebElements(findTestObject("Object Repository/Olusturma/Genel/Olusturma/TabloBasliklari"), 10): Found 13 web elements with id: 'Object Repository/Olusturma/Genel/Olusturma/TabloBasliklari' located by 'By.cssSelector: div#divmalhizmet .dxgvTable_LECustomTheme td.dxgvHeader_LECustomTheme tr>td:nth-child(1)' in '10' second(s)

2021-11-23 16:46:54 - [MESSAGE][INFO] - Finding Test Object 'Object Repository/Olusturma/Genel/Olusturma/TabloBasliklari'

2021-11-23 16:46:54 - [MESSAGE][INFO] - Checking timeout

2021-11-23 16:46:54 - [MESSAGE][INFO] - Finding web element with id: 'Object Repository/Olusturma/Genel/Olusturma/TabloBasliklari' located by 'By.cssSelector: div#divmalhizmet .dxgvTable_LECustomTheme td.dxgvHeader_LECustomTheme tr>td:nth-child(1)' in '10' second(s)

2021-11-23 16:46:54 - [MESSAGE][INFO] - Smart Wait Function is triggered

2021-11-23 16:46:54 - [MESSAGE][INFO] - Found 13 web elements with id: 'Object Repository/Olusturma/Genel/Olusturma/TabloBasliklari' located by 'By.cssSelector: div#divmalhizmet .dxgvTable_LECustomTheme td.dxgvHeader_LECustomTheme tr>td:nth-child(1)' in '10' second(s)

2021-11-23 16:46:54 - [TEST_STEP][PASSED] - for (def element : elements): null

2021-11-23 16:46:54 - [TEST_STEP][PASSED] - build().perform(): null

2021-11-23 16:46:54 - [TEST_STEP][PASSED] - if (getText().equals(Baslik)): null

2021-11-23 16:46:54 - [TEST_STEP][PASSED] - build().perform(): null

2021-11-23 16:46:55 - [TEST_STEP][PASSED] - if (getText().equals(Baslik)): null

2021-11-23 16:46:55 - [TEST_STEP][PASSED] - build().perform(): null

2021-11-23 16:46:55 - [TEST_STEP][PASSED] - if (getText().equals(Baslik)): null

2021-11-23 16:46:55 - [TEST_STEP][PASSED] - build().perform(): null

2021-11-23 16:46:55 - [TEST_STEP][PASSED] - if (getText().equals(Baslik)): null

2021-11-23 16:46:55 - [TEST_STEP][PASSED] - baslikElement = element.findElement(By.xpath("../../../..")): Smart Wait Function is triggered

2021-11-23 16:46:55 - [MESSAGE][INFO] - Smart Wait Function is triggered

2021-11-23 16:46:55 - [TEST_STEP][PASSED] - attr = baslikElement.getAttribute("id"): null

2021-11-23 16:46:55 - [TEST_STEP][PASSED] - println("girdi ve idsini aldı = " + attr): null

2021-11-23 16:46:55 - [TEST_STEP][PASSED] - break: null

2021-11-23 16:46:55 - [TEST_STEP][PASSED] - countElement = baslikElement.findElements(By.xpath("../td")): Smart Wait Function is triggered

2021-11-23 16:46:55 - [MESSAGE][INFO] - Smart Wait Function is triggered

2021-11-23 16:46:55 - [TEST_STEP][PASSED] - for (def element : countElement): null

2021-11-23 16:46:55 - [TEST_STEP][PASSED] - if (toString().equals(attr.toString())): null

2021-11-23 16:46:56 - [TEST_STEP][PASSED] - (a++): null

2021-11-23 16:46:56 - [TEST_STEP][PASSED] - if (toString().equals(attr.toString())): null

2021-11-23 16:46:56 - [TEST_STEP][PASSED] - (a++): null

2021-11-23 16:46:56 - [TEST_STEP][PASSED] - if (toString().equals(attr.toString())): null

2021-11-23 16:46:56 - [TEST_STEP][PASSED] - (a++): null

2021-11-23 16:46:56 - [TEST_STEP][PASSED] - if (toString().equals(attr.toString())): null

2021-11-23 16:46:56 - [TEST_STEP][PASSED] - (a++): null

2021-11-23 16:46:56 - [TEST_STEP][PASSED] - if (toString().equals(attr.toString())): null

2021-11-23 16:46:56 - [TEST_STEP][PASSED] - break: null

2021-11-23 16:46:56 - [TEST_STEP][PASSED] - son = findWebElement(findTestObject("Object Repository/Olusturma/Genel/Olusturma/EklenenSatir")).findElement(By.xpath("td[@class='dxgvInlineEditCell_LECustomTheme dxgv'][" + a + "]//td[@class='dxic']/input")): Smart Wait Function is triggered

2021-11-23 16:46:56 - [MESSAGE][INFO] - Finding Test Object 'Object Repository/Olusturma/Genel/Olusturma/EklenenSatir'

2021-11-23 16:46:56 - [MESSAGE][INFO] - Finding web element from Test Object's properties

2021-11-23 16:46:56 - [MESSAGE][INFO] - Checking timeout

2021-11-23 16:46:56 - [MESSAGE][INFO] - Finding web element with id: 'Object Repository/Olusturma/Genel/Olusturma/EklenenSatir' located by 'By.cssSelector: #divmalhizmet .dxgvInlineEditRow_LECustomTheme' in '30' second(s)

2021-11-23 16:46:56 - [MESSAGE][INFO] - Smart Wait Function is triggered

2021-11-23 16:46:56 - [MESSAGE][INFO] - Found 1 web elements with id: 'Object Repository/Olusturma/Genel/Olusturma/EklenenSatir' located by 'By.cssSelector: #divmalhizmet .dxgvInlineEditRow_LECustomTheme' in '30' second(s)

2021-11-23 16:46:56 - [MESSAGE][INFO] - Smart Wait Function is triggered

2021-11-23 16:46:56 - [TEST_STEP][PASSED] - if (!(getAttribute("value").contains("Vkn"))): null

2021-11-23 16:46:56 - [TEST_STEP][PASSED] - son.clear(): null

2021-11-23 16:46:56 - [TEST_STEP][PASSED] - son.sendKeys(Deger): null

2021-11-23 16:46:57 - [MESSAGE][PASSED] - Call Test Case 'Test Cases/Olusturma/Genel/Olusturma' successfully

2021-11-23 16:46:57 - [MESSAGE][INFO] - Checking called Test Case

2021-11-23 16:46:57 - [MESSAGE][INFO] - Starting to call Test Case 'Test Cases/Olusturma/Genel/Olusturma'

2021-11-23 16:46:57 - [TEST_CASE][PASSED] - Test Cases/Olusturma/Genel/Olusturma: Test Cases/Olusturma/Genel/Olusturma

2021-11-23 16:46:57 - [TEST_STEP][PASSED] - driver = getWebDriver(): null

2021-11-23 16:46:57 - [TEST_STEP][PASSED] - action = new org.openqa.selenium.interactions.Actions(driver): null

2021-11-23 16:46:57 - [TEST_STEP][PASSED] - baslikElement = <not implemented yet for class: org.codehaus.groovy.ast.expr.EmptyExpression>: null

2021-11-23 16:46:57 - [TEST_STEP][PASSED] - sonElement = <not implemented yet for class: org.codehaus.groovy.ast.expr.EmptyExpression>: null

2021-11-23 16:46:57 - [TEST_STEP][PASSED] - attr = <not implemented yet for class: org.codehaus.groovy.ast.expr.EmptyExpression>: null

2021-11-23 16:46:57 - [TEST_STEP][PASSED] - a = 0: null

2021-11-23 16:46:57 - [TEST_STEP][PASSED] - elements = findWebElements(findTestObject("Object Repository/Olusturma/Genel/Olusturma/TabloBasliklari"), 10): Found 13 web elements with id: 'Object Repository/Olusturma/Genel/Olusturma/TabloBasliklari' located by 'By.cssSelector: div#divmalhizmet .dxgvTable_LECustomTheme td.dxgvHeader_LECustomTheme tr>td:nth-child(1)' in '10' second(s)

2021-11-23 16:46:57 - [MESSAGE][INFO] - Finding Test Object 'Object Repository/Olusturma/Genel/Olusturma/TabloBasliklari'

2021-11-23 16:46:57 - [MESSAGE][INFO] - Checking timeout

2021-11-23 16:46:57 - [MESSAGE][INFO] - Finding web element with id: 'Object Repository/Olusturma/Genel/Olusturma/TabloBasliklari' located by 'By.cssSelector: div#divmalhizmet .dxgvTable_LECustomTheme td.dxgvHeader_LECustomTheme tr>td:nth-child(1)' in '10' second(s)

2021-11-23 16:46:57 - [MESSAGE][INFO] - Smart Wait Function is triggered

2021-11-23 16:46:57 - [MESSAGE][INFO] - Found 13 web elements with id: 'Object Repository/Olusturma/Genel/Olusturma/TabloBasliklari' located by 'By.cssSelector: div#divmalhizmet .dxgvTable_LECustomTheme td.dxgvHeader_LECustomTheme tr>td:nth-child(1)' in '10' second(s)

2021-11-23 16:46:57 - [TEST_STEP][PASSED] - for (def element : elements): null

2021-11-23 16:46:57 - [TEST_STEP][PASSED] - build().perform(): null

2021-11-23 16:46:57 - [TEST_STEP][PASSED] - if (getText().equals(Baslik)): null

2021-11-23 16:46:57 - [TEST_STEP][PASSED] - build().perform(): null

2021-11-23 16:46:57 - [TEST_STEP][PASSED] - if (getText().equals(Baslik)): null

2021-11-23 16:46:57 - [TEST_STEP][PASSED] - build().perform(): null

2021-11-23 16:46:57 - [TEST_STEP][PASSED] - if (getText().equals(Baslik)): null

2021-11-23 16:46:57 - [TEST_STEP][PASSED] - build().perform(): null

2021-11-23 16:46:58 - [TEST_STEP][PASSED] - if (getText().equals(Baslik)): null

2021-11-23 16:46:58 - [TEST_STEP][PASSED] - build().perform(): null

2021-11-23 16:46:58 - [TEST_STEP][PASSED] - if (getText().equals(Baslik)): null

2021-11-23 16:46:58 - [TEST_STEP][PASSED] - build().perform(): null

2021-11-23 16:46:58 - [TEST_STEP][PASSED] - if (getText().equals(Baslik)): null

2021-11-23 16:46:58 - [TEST_STEP][PASSED] - baslikElement = element.findElement(By.xpath("../../../..")): Smart Wait Function is triggered

2021-11-23 16:46:58 - [MESSAGE][INFO] - Smart Wait Function is triggered

2021-11-23 16:46:58 - [TEST_STEP][PASSED] - attr = baslikElement.getAttribute("id"): null

2021-11-23 16:46:58 - [TEST_STEP][PASSED] - println("girdi ve idsini aldı = " + attr): null

2021-11-23 16:46:58 - [TEST_STEP][PASSED] - break: null

2021-11-23 16:46:58 - [TEST_STEP][PASSED] - countElement = baslikElement.findElements(By.xpath("../td")): Smart Wait Function is triggered

2021-11-23 16:46:58 - [MESSAGE][INFO] - Smart Wait Function is triggered

2021-11-23 16:46:58 - [TEST_STEP][PASSED] - for (def element : countElement): null

2021-11-23 16:46:58 - [TEST_STEP][PASSED] - if (toString().equals(attr.toString())): null

2021-11-23 16:46:59 - [TEST_STEP][PASSED] - (a++): null

2021-11-23 16:46:59 - [TEST_STEP][PASSED] - if (toString().equals(attr.toString())): null

2021-11-23 16:46:59 - [TEST_STEP][PASSED] - (a++): null

2021-11-23 16:46:59 - [TEST_STEP][PASSED] - if (toString().equals(attr.toString())): null

2021-11-23 16:46:59 - [TEST_STEP][PASSED] - (a++): null

2021-11-23 16:46:59 - [TEST_STEP][PASSED] - if (toString().equals(attr.toString())): null

2021-11-23 16:46:59 - [TEST_STEP][PASSED] - (a++): null

2021-11-23 16:46:59 - [TEST_STEP][PASSED] - if (toString().equals(attr.toString())): null

2021-11-23 16:46:59 - [TEST_STEP][PASSED] - (a++): null

2021-11-23 16:46:59 - [TEST_STEP][PASSED] - if (toString().equals(attr.toString())): null

2021-11-23 16:46:59 - [TEST_STEP][PASSED] - (a++): null

2021-11-23 16:46:59 - [TEST_STEP][PASSED] - if (toString().equals(attr.toString())): null

2021-11-23 16:46:59 - [TEST_STEP][PASSED] - break: null

2021-11-23 16:46:59 - [TEST_STEP][PASSED] - son = findWebElement(findTestObject("Object Repository/Olusturma/Genel/Olusturma/EklenenSatir")).findElement(By.xpath("td[@class='dxgvInlineEditCell_LECustomTheme dxgv'][" + a + "]//td[@class='dxic']/input")): Smart Wait Function is triggered

2021-11-23 16:46:59 - [MESSAGE][INFO] - Finding Test Object 'Object Repository/Olusturma/Genel/Olusturma/EklenenSatir'

2021-11-23 16:46:59 - [MESSAGE][INFO] - Finding web element from Test Object's properties

2021-11-23 16:46:59 - [MESSAGE][INFO] - Checking timeout

2021-11-23 16:46:59 - [MESSAGE][INFO] - Finding web element with id: 'Object Repository/Olusturma/Genel/Olusturma/EklenenSatir' located by 'By.cssSelector: #divmalhizmet .dxgvInlineEditRow_LECustomTheme' in '30' second(s)

2021-11-23 16:46:59 - [MESSAGE][INFO] - Smart Wait Function is triggered

2021-11-23 16:46:59 - [MESSAGE][INFO] - Found 1 web elements with id: 'Object Repository/Olusturma/Genel/Olusturma/EklenenSatir' located by 'By.cssSelector: #divmalhizmet .dxgvInlineEditRow_LECustomTheme' in '30' second(s)

2021-11-23 16:46:59 - [MESSAGE][INFO] - Smart Wait Function is triggered

2021-11-23 16:46:59 - [TEST_STEP][PASSED] - if (!(getAttribute("value").contains("Vkn"))): null

2021-11-23 16:46:59 - [TEST_STEP][PASSED] - son.clear(): null

2021-11-23 16:46:59 - [TEST_STEP][PASSED] - son.sendKeys(Deger): null

2021-11-23 16:47:00 - [MESSAGE][PASSED] - Call Test Case 'Test Cases/Olusturma/Genel/Olusturma' successfully

2021-11-23 16:47:00 - [MESSAGE][INFO] - Checking called Test Case

2021-11-23 16:47:00 - [MESSAGE][INFO] - Starting to call Test Case 'Test Cases/Olusturma/Genel/Olusturma'

2021-11-23 16:47:00 - [TEST_CASE][PASSED] - Test Cases/Olusturma/Genel/Olusturma: Test Cases/Olusturma/Genel/Olusturma

2021-11-23 16:47:00 - [TEST_STEP][PASSED] - driver = getWebDriver(): null

2021-11-23 16:47:00 - [TEST_STEP][PASSED] - action = new org.openqa.selenium.interactions.Actions(driver): null

2021-11-23 16:47:00 - [TEST_STEP][PASSED] - baslikElement = <not implemented yet for class: org.codehaus.groovy.ast.expr.EmptyExpression>: null

2021-11-23 16:47:00 - [TEST_STEP][PASSED] - sonElement = <not implemented yet for class: org.codehaus.groovy.ast.expr.EmptyExpression>: null

2021-11-23 16:47:00 - [TEST_STEP][PASSED] - attr = <not implemented yet for class: org.codehaus.groovy.ast.expr.EmptyExpression>: null

2021-11-23 16:47:00 - [TEST_STEP][PASSED] - a = 0: null

2021-11-23 16:47:00 - [TEST_STEP][PASSED] - elements = findWebElements(findTestObject("Object Repository/Olusturma/Genel/Olusturma/TabloBasliklari"), 10): Found 13 web elements with id: 'Object Repository/Olusturma/Genel/Olusturma/TabloBasliklari' located by 'By.cssSelector: div#divmalhizmet .dxgvTable_LECustomTheme td.dxgvHeader_LECustomTheme tr>td:nth-child(1)' in '10' second(s)

2021-11-23 16:47:00 - [MESSAGE][INFO] - Finding Test Object 'Object Repository/Olusturma/Genel/Olusturma/TabloBasliklari'

2021-11-23 16:47:00 - [MESSAGE][INFO] - Checking timeout

2021-11-23 16:47:00 - [MESSAGE][INFO] - Finding web element with id: 'Object Repository/Olusturma/Genel/Olusturma/TabloBasliklari' located by 'By.cssSelector: div#divmalhizmet .dxgvTable_LECustomTheme td.dxgvHeader_LECustomTheme tr>td:nth-child(1)' in '10' second(s)

2021-11-23 16:47:00 - [MESSAGE][INFO] - Smart Wait Function is triggered

2021-11-23 16:47:00 - [MESSAGE][INFO] - Found 13 web elements with id: 'Object Repository/Olusturma/Genel/Olusturma/TabloBasliklari' located by 'By.cssSelector: div#divmalhizmet .dxgvTable_LECustomTheme td.dxgvHeader_LECustomTheme tr>td:nth-child(1)' in '10' second(s)

2021-11-23 16:47:00 - [TEST_STEP][PASSED] - for (def element : elements): null

2021-11-23 16:47:00 - [TEST_STEP][PASSED] - build().perform(): null

2021-11-23 16:47:00 - [TEST_STEP][PASSED] - if (getText().equals(Baslik)): null

2021-11-23 16:47:00 - [TEST_STEP][PASSED] - build().perform(): null

2021-11-23 16:47:00 - [TEST_STEP][PASSED] - if (getText().equals(Baslik)): null

2021-11-23 16:47:00 - [TEST_STEP][PASSED] - build().perform(): null

2021-11-23 16:47:01 - [TEST_STEP][PASSED] - if (getText().equals(Baslik)): null

2021-11-23 16:47:01 - [TEST_STEP][PASSED] - build().perform(): null

2021-11-23 16:47:01 - [TEST_STEP][PASSED] - if (getText().equals(Baslik)): null

2021-11-23 16:47:01 - [TEST_STEP][PASSED] - build().perform(): null

2021-11-23 16:47:01 - [TEST_STEP][PASSED] - if (getText().equals(Baslik)): null

2021-11-23 16:47:01 - [TEST_STEP][PASSED] - build().perform(): null

2021-11-23 16:47:01 - [TEST_STEP][PASSED] - if (getText().equals(Baslik)): null

2021-11-23 16:47:01 - [TEST_STEP][PASSED] - build().perform(): null

2021-11-23 16:47:01 - [TEST_STEP][PASSED] - if (getText().equals(Baslik)): null

2021-11-23 16:47:01 - [TEST_STEP][PASSED] - baslikElement = element.findElement(By.xpath("../../../..")): Smart Wait Function is triggered

2021-11-23 16:47:01 - [MESSAGE][INFO] - Smart Wait Function is triggered

2021-11-23 16:47:01 - [TEST_STEP][PASSED] - attr = baslikElement.getAttribute("id"): null

2021-11-23 16:47:01 - [TEST_STEP][PASSED] - println("girdi ve idsini aldı = " + attr): null

2021-11-23 16:47:01 - [TEST_STEP][PASSED] - break: null

2021-11-23 16:47:01 - [TEST_STEP][PASSED] - countElement = baslikElement.findElements(By.xpath("../td")): Smart Wait Function is triggered

2021-11-23 16:47:01 - [MESSAGE][INFO] - Smart Wait Function is triggered

2021-11-23 16:47:02 - [TEST_STEP][PASSED] - for (def element : countElement): null

2021-11-23 16:47:02 - [TEST_STEP][PASSED] - if (toString().equals(attr.toString())): null

2021-11-23 16:47:02 - [TEST_STEP][PASSED] - (a++): null

2021-11-23 16:47:02 - [TEST_STEP][PASSED] - if (toString().equals(attr.toString())): null

2021-11-23 16:47:02 - [TEST_STEP][PASSED] - (a++): null

2021-11-23 16:47:02 - [TEST_STEP][PASSED] - if (toString().equals(attr.toString())): null

2021-11-23 16:47:02 - [TEST_STEP][PASSED] - (a++): null

2021-11-23 16:47:02 - [TEST_STEP][PASSED] - if (toString().equals(attr.toString())): null

2021-11-23 16:47:02 - [TEST_STEP][PASSED] - (a++): null

2021-11-23 16:47:02 - [TEST_STEP][PASSED] - if (toString().equals(attr.toString())): null

2021-11-23 16:47:02 - [TEST_STEP][PASSED] - (a++): null

2021-11-23 16:47:02 - [TEST_STEP][PASSED] - if (toString().equals(attr.toString())): null

2021-11-23 16:47:02 - [TEST_STEP][PASSED] - (a++): null

2021-11-23 16:47:02 - [TEST_STEP][PASSED] - if (toString().equals(attr.toString())): null

2021-11-23 16:47:02 - [TEST_STEP][PASSED] - (a++): null

2021-11-23 16:47:02 - [TEST_STEP][PASSED] - if (toString().equals(attr.toString())): null

2021-11-23 16:47:02 - [TEST_STEP][PASSED] - break: null

2021-11-23 16:47:02 - [TEST_STEP][PASSED] - son = findWebElement(findTestObject("Object Repository/Olusturma/Genel/Olusturma/EklenenSatir")).findElement(By.xpath("td[@class='dxgvInlineEditCell_LECustomTheme dxgv'][" + a + "]//td[@class='dxic']/input")): Smart Wait Function is triggered

2021-11-23 16:47:02 - [MESSAGE][INFO] - Finding Test Object 'Object Repository/Olusturma/Genel/Olusturma/EklenenSatir'

2021-11-23 16:47:02 - [MESSAGE][INFO] - Finding web element from Test Object's properties

2021-11-23 16:47:02 - [MESSAGE][INFO] - Checking timeout

2021-11-23 16:47:02 - [MESSAGE][INFO] - Finding web element with id: 'Object Repository/Olusturma/Genel/Olusturma/EklenenSatir' located by 'By.cssSelector: #divmalhizmet .dxgvInlineEditRow_LECustomTheme' in '30' second(s)

2021-11-23 16:47:02 - [MESSAGE][INFO] - Smart Wait Function is triggered

2021-11-23 16:47:02 - [MESSAGE][INFO] - Found 1 web elements with id: 'Object Repository/Olusturma/Genel/Olusturma/EklenenSatir' located by 'By.cssSelector: #divmalhizmet .dxgvInlineEditRow_LECustomTheme' in '30' second(s)

2021-11-23 16:47:02 - [MESSAGE][INFO] - Smart Wait Function is triggered

2021-11-23 16:47:03 - [TEST_STEP][PASSED] - if (!(getAttribute("value").contains("Vkn"))): null

2021-11-23 16:47:03 - [TEST_STEP][PASSED] - son.clear(): null

2021-11-23 16:47:03 - [TEST_STEP][PASSED] - son.sendKeys(Deger): null

2021-11-23 16:47:03 - [MESSAGE][PASSED] - Call Test Case 'Test Cases/Olusturma/Genel/Olusturma' successfully

2021-11-23 16:47:03 - [MESSAGE][INFO] - Checking called Test Case

2021-11-23 16:47:03 - [MESSAGE][INFO] - Starting to call Test Case 'Test Cases/Olusturma/Genel/NotGirilir'

2021-11-23 16:47:03 - [TEST_CASE][PASSED] - Test Cases/Olusturma/Genel/NotGirilir: Test Cases/Olusturma/Genel/NotGirilir

2021-11-23 16:47:03 - [TEST_STEP][PASSED] - i = 0: null

2021-11-23 16:47:03 - [TEST_STEP][PASSED] - waitForElementClickable(findTestObject("Olusturma/Genel/Not/Notlar"), 10): Object 'Object Repository/Olusturma/Genel/Not/Notlar' is clickable

2021-11-23 16:47:03 - [MESSAGE][INFO] - Finding Test Object 'Object Repository/Olusturma/Genel/Not/Notlar'

2021-11-23 16:47:03 - [MESSAGE][INFO] - Checking object

2021-11-23 16:47:03 - [MESSAGE][INFO] - Checking timeout

2021-11-23 16:47:03 - [MESSAGE][INFO] - Finding web element from Test Object's properties

2021-11-23 16:47:03 - [MESSAGE][INFO] - Checking timeout

2021-11-23 16:47:03 - [MESSAGE][INFO] - Finding web element with id: 'Object Repository/Olusturma/Genel/Not/Notlar' located by 'By.xpath: //*[@id = 'txtNote_I']' in '10' second(s)

2021-11-23 16:47:03 - [MESSAGE][INFO] - Smart Wait Function is triggered

2021-11-23 16:47:04 - [MESSAGE][INFO] - Found 1 web elements with id: 'Object Repository/Olusturma/Genel/Not/Notlar' located by 'By.xpath: //*[@id = 'txtNote_I']' in '10' second(s)

2021-11-23 16:47:04 - [MESSAGE][PASSED] - Object 'Object Repository/Olusturma/Genel/Not/Notlar' is clickable

2021-11-23 16:47:04 - [TEST_STEP][PASSED] - clearText(findTestObject("Olusturma/Genel/Not/Notlar")): Text of object 'Object Repository/Olusturma/Genel/Not/Notlar' is cleared

2021-11-23 16:47:04 - [MESSAGE][INFO] - Finding Test Object 'Object Repository/Olusturma/Genel/Not/Notlar'

2021-11-23 16:47:04 - [MESSAGE][INFO] - Checking object

2021-11-23 16:47:04 - [MESSAGE][INFO] - Finding web element from Test Object's properties

2021-11-23 16:47:04 - [MESSAGE][INFO] - Checking timeout

2021-11-23 16:47:04 - [MESSAGE][INFO] - Finding web element with id: 'Object Repository/Olusturma/Genel/Not/Notlar' located by 'By.xpath: //*[@id = 'txtNote_I']' in '30' second(s)

2021-11-23 16:47:04 - [MESSAGE][INFO] - Smart Wait Function is triggered

2021-11-23 16:47:04 - [MESSAGE][INFO] - Found 1 web elements with id: 'Object Repository/Olusturma/Genel/Not/Notlar' located by 'By.xpath: //*[@id = 'txtNote_I']' in '30' second(s)

2021-11-23 16:47:04 - [MESSAGE][INFO] - Clearing text of object 'Object Repository/Olusturma/Genel/Not/Notlar'

2021-11-23 16:47:04 - [MESSAGE][PASSED] - Text of object 'Object Repository/Olusturma/Genel/Not/Notlar' is cleared

2021-11-23 16:47:04 - [TEST_STEP][PASSED] - click(findTestObject("Olusturma/Genel/Not/Notlar")): Object: 'Object Repository/Olusturma/Genel/Not/Notlar' is clicked on

2021-11-23 16:47:04 - [MESSAGE][INFO] - Finding Test Object 'Object Repository/Olusturma/Genel/Not/Notlar'

2021-11-23 16:47:04 - [MESSAGE][INFO] - Checking object

2021-11-23 16:47:04 - [MESSAGE][INFO] - Finding web element from Test Object's properties

2021-11-23 16:47:04 - [MESSAGE][INFO] - Checking timeout

2021-11-23 16:47:04 - [MESSAGE][INFO] - Finding web element with id: 'Object Repository/Olusturma/Genel/Not/Notlar' located by 'By.xpath: //*[@id = 'txtNote_I']' in '30' second(s)

2021-11-23 16:47:04 - [MESSAGE][INFO] - Smart Wait Function is triggered

2021-11-23 16:47:05 - [MESSAGE][INFO] - Found 1 web elements with id: 'Object Repository/Olusturma/Genel/Not/Notlar' located by 'By.xpath: //*[@id = 'txtNote_I']' in '30' second(s)

2021-11-23 16:47:05 - [MESSAGE][INFO] - Clicking on object: 'Object Repository/Olusturma/Genel/Not/Notlar'

2021-11-23 16:47:05 - [MESSAGE][PASSED] - Object: 'Object Repository/Olusturma/Genel/Not/Notlar' is clicked on

2021-11-23 16:47:05 - [TEST_STEP][PASSED] - while (true): null

2021-11-23 16:47:05 - [TEST_STEP][PASSED] - delay(1): Delayed 1 second(s)

2021-11-23 16:47:05 - [MESSAGE][INFO] - Delaying browser in 1 second(s)

2021-11-23 16:47:06 - [MESSAGE][PASSED] - Delayed 1 second(s)

2021-11-23 16:47:06 - [TEST_STEP][PASSED] - ajaxIsComplete = executeJavaScript("return jQuery.active == 0", null): Execute JavaScript 'return jQuery.active == 0' successfully

2021-11-23 16:47:06 - [MESSAGE][PASSED] - Execute JavaScript 'return jQuery.active == 0' successfully

2021-11-23 16:47:06 - [TEST_STEP][PASSED] - if (ajaxIsComplete): null

2021-11-23 16:47:06 - [TEST_STEP][PASSED] - if (i > 10): null

2021-11-23 16:47:06 - [TEST_STEP][PASSED] - (i++): null

2021-11-23 16:47:06 - [TEST_STEP][PASSED] - delay(1): Delayed 1 second(s)

2021-11-23 16:47:06 - [MESSAGE][INFO] - Delaying browser in 1 second(s)

2021-11-23 16:47:07 - [MESSAGE][PASSED] - Delayed 1 second(s)

2021-11-23 16:47:07 - [TEST_STEP][PASSED] - ajaxIsComplete = executeJavaScript("return jQuery.active == 0", null): Execute JavaScript 'return jQuery.active == 0' successfully

2021-11-23 16:47:07 - [MESSAGE][PASSED] - Execute JavaScript 'return jQuery.active == 0' successfully

2021-11-23 16:47:07 - [TEST_STEP][PASSED] - if (ajaxIsComplete): null

2021-11-23 16:47:07 - [TEST_STEP][PASSED] - break: null

2021-11-23 16:47:07 - [TEST_STEP][PASSED] - sendKeys(findTestObject("Olusturma/Genel/Not/Notlar"), Not): Keys 'Otomasyon Not' sent to object: 'Object Repository/Olusturma/Genel/Not/Notlar'

2021-11-23 16:47:07 - [MESSAGE][INFO] - Finding Test Object 'Object Repository/Olusturma/Genel/Not/Notlar'

2021-11-23 16:47:07 - [MESSAGE][INFO] - Sending keys 'Otomasyon Not' to object: 'Object Repository/Olusturma/Genel/Not/Notlar'

2021-11-23 16:47:07 - [MESSAGE][INFO] - Finding web element from Test Object's properties

2021-11-23 16:47:07 - [MESSAGE][INFO] - Checking timeout

2021-11-23 16:47:07 - [MESSAGE][INFO] - Finding web element with id: 'Object Repository/Olusturma/Genel/Not/Notlar' located by 'By.xpath: //*[@id = 'txtNote_I']' in '30' second(s)

2021-11-23 16:47:07 - [MESSAGE][INFO] - Smart Wait Function is triggered

2021-11-23 16:47:07 - [MESSAGE][INFO] - Found 1 web elements with id: 'Object Repository/Olusturma/Genel/Not/Notlar' located by 'By.xpath: //*[@id = 'txtNote_I']' in '30' second(s)

2021-11-23 16:47:07 - [MESSAGE][PASSED] - Keys 'Otomasyon Not' sent to object: 'Object Repository/Olusturma/Genel/Not/Notlar'

2021-11-23 16:47:07 - [MESSAGE][PASSED] - Call Test Case 'Test Cases/Olusturma/Genel/NotGirilir' successfully

2021-11-23 16:47:07 - [MESSAGE][INFO] - Checking called Test Case

2021-11-23 16:47:07 - [MESSAGE][INFO] - Starting to call Test Case 'Test Cases/Olusturma/Genel/EttnBilgisiKayitEdilir'

2021-11-23 16:47:08 - [TEST_CASE][PASSED] - Test Cases/Olusturma/Genel/EttnBilgisiKayitEdilir: Test Cases/Olusturma/Genel/EttnBilgisiKayitEdilir

2021-11-23 16:47:08 - [TEST_STEP][PASSED] - verifyElementPresent(findTestObject("Object Repository/Olusturma/Genel/Olusturma/eArsivEttnBilgisi"), 7): Object 'Object Repository/Olusturma/Genel/Olusturma/eArsivEttnBilgisi' is present

2021-11-23 16:47:08 - [MESSAGE][INFO] - Finding Test Object 'Object Repository/Olusturma/Genel/Olusturma/eArsivEttnBilgisi'

2021-11-23 16:47:08 - [MESSAGE][INFO] - Checking object

2021-11-23 16:47:08 - [MESSAGE][INFO] - Finding web element from Test Object's properties

2021-11-23 16:47:08 - [MESSAGE][INFO] - Checking timeout

2021-11-23 16:47:08 - [MESSAGE][INFO] - Finding web element with id: 'Object Repository/Olusturma/Genel/Olusturma/eArsivEttnBilgisi' located by 'By.xpath: //*[@id = 'Uuid_I']' in '7' second(s)

2021-11-23 16:47:08 - [MESSAGE][INFO] - Smart Wait Function is triggered

2021-11-23 16:47:08 - [MESSAGE][INFO] - Found 1 web elements with id: 'Object Repository/Olusturma/Genel/Olusturma/eArsivEttnBilgisi' located by 'By.xpath: //*[@id = 'Uuid_I']' in '7' second(s)

2021-11-23 16:47:08 - [MESSAGE][PASSED] - Object 'Object Repository/Olusturma/Genel/Olusturma/eArsivEttnBilgisi' is present

2021-11-23 16:47:08 - [TEST_STEP][PASSED] - ettn = getAttribute(findTestObject("Object Repository/Olusturma/Genel/Olusturma/eArsivEttnBilgisi"), "value"): Attribute 'value' of object 'Object Repository/Olusturma/Genel/Olusturma/eArsivEttnBilgisi' is: '758fcdc7-816c-4b2b-8abe-511e994c654b'

2021-11-23 16:47:08 - [MESSAGE][INFO] - Finding Test Object 'Object Repository/Olusturma/Genel/Olusturma/eArsivEttnBilgisi'

2021-11-23 16:47:08 - [MESSAGE][INFO] - Checking object

2021-11-23 16:47:08 - [MESSAGE][INFO] - Checking attribute

2021-11-23 16:47:08 - [MESSAGE][INFO] - Finding web element from Test Object's properties

2021-11-23 16:47:08 - [MESSAGE][INFO] - Checking timeout

2021-11-23 16:47:08 - [MESSAGE][INFO] - Finding web element with id: 'Object Repository/Olusturma/Genel/Olusturma/eArsivEttnBilgisi' located by 'By.xpath: //*[@id = 'Uuid_I']' in '30' second(s)

2021-11-23 16:47:08 - [MESSAGE][INFO] - Smart Wait Function is triggered

2021-11-23 16:47:08 - [MESSAGE][INFO] - Found 1 web elements with id: 'Object Repository/Olusturma/Genel/Olusturma/eArsivEttnBilgisi' located by 'By.xpath: //*[@id = 'Uuid_I']' in '30' second(s)

2021-11-23 16:47:08 - [MESSAGE][INFO] - Getting attribute 'value' of object 'Object Repository/Olusturma/Genel/Olusturma/eArsivEttnBilgisi'

2021-11-23 16:47:08 - [MESSAGE][PASSED] - Attribute 'value' of object 'Object Repository/Olusturma/Genel/Olusturma/eArsivEttnBilgisi' is: '758fcdc7-816c-4b2b-8abe-511e994c654b'

2021-11-23 16:47:08 - [MESSAGE][PASSED] - Call Test Case 'Test Cases/Olusturma/Genel/EttnBilgisiKayitEdilir' successfully

2021-11-23 16:47:08 - [MESSAGE][INFO] - Checking called Test Case

2021-11-23 16:47:08 - [MESSAGE][INFO] - Starting to call Test Case 'Test Cases/Olusturma/Genel/KaydetButonunaTiklanir'

2021-11-23 16:47:08 - [TEST_CASE][PASSED] - Test Cases/Olusturma/Genel/KaydetButonunaTiklanir: Test Cases/Olusturma/Genel/KaydetButonunaTiklanir

2021-11-23 16:47:08 - [TEST_STEP][PASSED] - i = 0: null

2021-11-23 16:47:08 - [TEST_STEP][PASSED] - waitForElementPresent(findTestObject("Olusturma/Genel/Not/Notlar"), 10): Object 'Object Repository/Olusturma/Genel/Not/Notlar' is present

2021-11-23 16:47:08 - [MESSAGE][INFO] - Finding Test Object 'Object Repository/Olusturma/Genel/Not/Notlar'

2021-11-23 16:47:09 - [MESSAGE][INFO] - Checking object

2021-11-23 16:47:09 - [MESSAGE][INFO] - Finding web element from Test Object's properties

2021-11-23 16:47:09 - [MESSAGE][INFO] - Checking timeout

2021-11-23 16:47:09 - [MESSAGE][INFO] - Finding web element with id: 'Object Repository/Olusturma/Genel/Not/Notlar' located by 'By.xpath: //*[@id = 'txtNote_I']' in '10' second(s)

2021-11-23 16:47:09 - [MESSAGE][INFO] - Smart Wait Function is triggered

2021-11-23 16:47:09 - [MESSAGE][INFO] - Found 1 web elements with id: 'Object Repository/Olusturma/Genel/Not/Notlar' located by 'By.xpath: //*[@id = 'txtNote_I']' in '10' second(s)

2021-11-23 16:47:09 - [MESSAGE][PASSED] - Object 'Object Repository/Olusturma/Genel/Not/Notlar' is present

2021-11-23 16:47:09 - [TEST_STEP][PASSED] - click(findTestObject("Olusturma/Genel/Not/Notlar")): Object: 'Object Repository/Olusturma/Genel/Not/Notlar' is clicked on

2021-11-23 16:47:09 - [MESSAGE][INFO] - Finding Test Object 'Object Repository/Olusturma/Genel/Not/Notlar'

2021-11-23 16:47:09 - [MESSAGE][INFO] - Checking object

2021-11-23 16:47:09 - [MESSAGE][INFO] - Finding web element from Test Object's properties

2021-11-23 16:47:09 - [MESSAGE][INFO] - Checking timeout

2021-11-23 16:47:09 - [MESSAGE][INFO] - Finding web element with id: 'Object Repository/Olusturma/Genel/Not/Notlar' located by 'By.xpath: //*[@id = 'txtNote_I']' in '30' second(s)

2021-11-23 16:47:09 - [MESSAGE][INFO] - Smart Wait Function is triggered

2021-11-23 16:47:09 - [MESSAGE][INFO] - Found 1 web elements with id: 'Object Repository/Olusturma/Genel/Not/Notlar' located by 'By.xpath: //*[@id = 'txtNote_I']' in '30' second(s)

2021-11-23 16:47:09 - [MESSAGE][INFO] - Clicking on object: 'Object Repository/Olusturma/Genel/Not/Notlar'

2021-11-23 16:47:09 - [MESSAGE][PASSED] - Object: 'Object Repository/Olusturma/Genel/Not/Notlar' is clicked on

2021-11-23 16:47:09 - [TEST_STEP][PASSED] - while (true): null

2021-11-23 16:47:09 - [TEST_STEP][PASSED] - delay(1): Delayed 1 second(s)

2021-11-23 16:47:09 - [MESSAGE][INFO] - Delaying browser in 1 second(s)

2021-11-23 16:47:10 - [MESSAGE][PASSED] - Delayed 1 second(s)

2021-11-23 16:47:10 - [TEST_STEP][PASSED] - ajaxIsComplete = executeJavaScript("return jQuery.active == 0", null): Execute JavaScript 'return jQuery.active == 0' successfully

2021-11-23 16:47:10 - [MESSAGE][PASSED] - Execute JavaScript 'return jQuery.active == 0' successfully

2021-11-23 16:47:10 - [TEST_STEP][PASSED] - if (ajaxIsComplete): null

2021-11-23 16:47:10 - [TEST_STEP][PASSED] - break: null

2021-11-23 16:47:10 - [TEST_STEP][PASSED] - waitForElementClickable(findTestObject("Object Repository/Olusturma/Genel/Buton"), 10): Object 'Object Repository/Olusturma/Genel/Buton' is clickable

2021-11-23 16:47:10 - [MESSAGE][INFO] - Finding Test Object 'Object Repository/Olusturma/Genel/Buton'

2021-11-23 16:47:11 - [MESSAGE][INFO] - Checking object

2021-11-23 16:47:11 - [MESSAGE][INFO] - Checking timeout

2021-11-23 16:47:11 - [MESSAGE][INFO] - Finding web element from Test Object's properties

2021-11-23 16:47:11 - [MESSAGE][INFO] - Checking timeout

2021-11-23 16:47:11 - [MESSAGE][INFO] - Finding web element with id: 'Object Repository/Olusturma/Genel/Buton' located by 'By.xpath: //*[@id = 'btnKaydet']' in '10' second(s)

2021-11-23 16:47:11 - [MESSAGE][INFO] - Smart Wait Function is triggered

2021-11-23 16:47:11 - [MESSAGE][INFO] - Found 1 web elements with id: 'Object Repository/Olusturma/Genel/Buton' located by 'By.xpath: //*[@id = 'btnKaydet']' in '10' second(s)

2021-11-23 16:47:11 - [MESSAGE][PASSED] - Object 'Object Repository/Olusturma/Genel/Buton' is clickable

2021-11-23 16:47:11 - [TEST_STEP][PASSED] - click(findTestObject("Object Repository/Olusturma/Genel/Buton")): Object: 'Object Repository/Olusturma/Genel/Buton' is clicked on

2021-11-23 16:47:11 - [MESSAGE][INFO] - Finding Test Object 'Object Repository/Olusturma/Genel/Buton'

2021-11-23 16:47:11 - [MESSAGE][INFO] - Checking object

2021-11-23 16:47:11 - [MESSAGE][INFO] - Finding web element from Test Object's properties

2021-11-23 16:47:11 - [MESSAGE][INFO] - Checking timeout

2021-11-23 16:47:11 - [MESSAGE][INFO] - Finding web element with id: 'Object Repository/Olusturma/Genel/Buton' located by 'By.xpath: //*[@id = 'btnKaydet']' in '30' second(s)

2021-11-23 16:47:11 - [MESSAGE][INFO] - Smart Wait Function is triggered

2021-11-23 16:47:11 - [MESSAGE][INFO] - Found 1 web elements with id: 'Object Repository/Olusturma/Genel/Buton' located by 'By.xpath: //*[@id = 'btnKaydet']' in '30' second(s)

2021-11-23 16:47:11 - [MESSAGE][INFO] - Clicking on object: 'Object Repository/Olusturma/Genel/Buton'

2021-11-23 16:47:15 - [MESSAGE][PASSED] - Object: 'Object Repository/Olusturma/Genel/Buton' is clicked on

2021-11-23 16:47:15 - [MESSAGE][PASSED] - Call Test Case 'Test Cases/Olusturma/Genel/KaydetButonunaTiklanir' successfully

2021-11-23 16:47:15 - [MESSAGE][INFO] - Checking called Test Case

2021-11-23 16:47:15 - [MESSAGE][INFO] - Starting to call Test Case 'Test Cases/Tablo/TablodaEttnliVeriOlusturulduMu'

2021-11-23 16:47:15 - [TEST_CASE][PASSED] - Test Cases/Tablo/TablodaEttnliVeriOlusturulduMu: Test Cases/Tablo/TablodaEttnliVeriOlusturulduMu

2021-11-23 16:47:15 - [TEST_STEP][PASSED] - Method.TextDegerineEsitElementVarMi(findTestObject("Tablo/OlusturulanVeri"), ettn): Method.TextDegerineEsitElementVarMi is PASSED

2021-11-23 16:47:15 - [MESSAGE][INFO] - Finding Test Object 'Object Repository/Tablo/OlusturulanVeri'

2021-11-23 16:47:15 - [MESSAGE][INFO] - Checking timeout

2021-11-23 16:47:15 - [MESSAGE][INFO] - Finding web element with id: 'Object Repository/Tablo/OlusturulanVeri' located by 'By.cssSelector: table.dxgvTable_LECustomTheme>tbody>tr:nth-child(3)>td.dxgv b,table.dxgvTable_LECustomTheme>tbody>tr:nth-child(3)>td.dxgv' in '10' second(s)

2021-11-23 16:47:15 - [MESSAGE][INFO] - Smart Wait Function is triggered

2021-11-23 16:47:15 - [MESSAGE][INFO] - Found 14 web elements with id: 'Object Repository/Tablo/OlusturulanVeri' located by 'By.cssSelector: table.dxgvTable_LECustomTheme>tbody>tr:nth-child(3)>td.dxgv b,table.dxgvTable_LECustomTheme>tbody>tr:nth-child(3)>td.dxgv' in '10' second(s)

2021-11-23 16:47:15 - [MESSAGE][PASSED] - Method.TextDegerineEsitElementVarMi is PASSED

2021-11-23 16:47:15 - [MESSAGE][PASSED] - Call Test Case 'Test Cases/Tablo/TablodaEttnliVeriOlusturulduMu' successfully

2021-11-23 16:47:15 - [MESSAGE][INFO] - Checking called Test Case

2021-11-23 16:47:15 - [MESSAGE][INFO] - Starting to call Test Case 'Test Cases/Tablo/TablodanEttnliVeriSec'

2021-11-23 16:47:15 - [TEST_CASE][PASSED] - Test Cases/Tablo/TablodanEttnliVeriSec: Test Cases/Tablo/TablodanEttnliVeriSec

2021-11-23 16:47:15 - [TEST_STEP][PASSED] - Method.TextDegerineEsitElementinAltindakineTikla(findTestObject("Tablo/Veriler"), findTestObject("Tablo/VerininCheckBoxi"), ettn): Method.TextDegerineEsitElementinAltindakineTikla is PASSED

2021-11-23 16:47:15 - [MESSAGE][INFO] - Finding Test Object 'Object Repository/Tablo/Veriler'

2021-11-23 16:47:16 - [MESSAGE][INFO] - Finding Test Object 'Object Repository/Tablo/VerininCheckBoxi'

2021-11-23 16:47:16 - [MESSAGE][INFO] - Checking timeout

2021-11-23 16:47:16 - [MESSAGE][INFO] - Finding web element with id: 'Object Repository/Tablo/Veriler' located by 'By.cssSelector: td.dxgv b ,td.dxgv' in '10' second(s)

2021-11-23 16:47:16 - [MESSAGE][INFO] - Smart Wait Function is triggered

2021-11-23 16:47:16 - [MESSAGE][INFO] - Found 70 web elements with id: 'Object Repository/Tablo/Veriler' located by 'By.cssSelector: td.dxgv b ,td.dxgv' in '10' second(s)

2021-11-23 16:47:16 - [MESSAGE][INFO] - Smart Wait Function is triggered

2021-11-23 16:47:16 - [MESSAGE][PASSED] - Method.TextDegerineEsitElementinAltindakineTikla is PASSED

2021-11-23 16:47:16 - [MESSAGE][PASSED] - Call Test Case 'Test Cases/Tablo/TablodanEttnliVeriSec' successfully

2021-11-23 16:47:17 - [MESSAGE][INFO] - Checking called Test Case

2021-11-23 16:47:17 - [MESSAGE][INFO] - Starting to call Test Case 'Test Cases/Butonlar/ButonaTikla'

2021-11-23 16:47:17 - [TEST_CASE][PASSED] - Test Cases/Butonlar/ButonaTikla: Test Cases/Butonlar/ButonaTikla

2021-11-23 16:47:17 - [TEST_STEP][PASSED] - Method.TextDegerineEsitElementeTiklaEquals(findTestObject("Butonlar/Butonlar"), Buton_Adi): Method.TextDegerineEsitElementeTiklaEquals is PASSED

2021-11-23 16:47:17 - [MESSAGE][INFO] - Finding Test Object 'Object Repository/Butonlar/Butonlar'

2021-11-23 16:47:17 - [MESSAGE][INFO] - Checking timeout

2021-11-23 16:47:17 - [MESSAGE][INFO] - Finding web element with id: 'Object Repository/Butonlar/Butonlar' located by 'By.cssSelector: .panel.panel-default.text-center.footerPanel .btn,.btn.btn-primary.btnControls' in '10' second(s)

2021-11-23 16:47:17 - [MESSAGE][INFO] - Smart Wait Function is triggered

2021-11-23 16:47:17 - [MESSAGE][INFO] - Found 9 web elements with id: 'Object Repository/Butonlar/Butonlar' located by 'By.cssSelector: .panel.panel-default.text-center.footerPanel .btn,.btn.btn-primary.btnControls' in '10' second(s)

2021-11-23 16:47:18 - [MESSAGE][PASSED] - Method.TextDegerineEsitElementeTiklaEquals is PASSED

2021-11-23 16:47:18 - [MESSAGE][PASSED] - Call Test Case 'Test Cases/Butonlar/ButonaTikla' successfully

2021-11-23 16:47:18 - [MESSAGE][INFO] - Checking called Test Case

2021-11-23 16:47:18 - [MESSAGE][INFO] - Starting to call Test Case 'Test Cases/Popup/PopupMesajiIceriyorMu'

2021-11-23 16:47:18 - [TEST_CASE][PASSED] - Test Cases/Popup/PopupMesajiIceriyorMu: Test Cases/Popup/PopupMesajiIceriyorMu

2021-11-23 16:47:18 - [TEST_STEP][PASSED] - waitForElementVisible(findTestObject("Popup/Popup"), 10): Object 'Object Repository/Popup/Popup' is visible

2021-11-23 16:47:18 - [MESSAGE][INFO] - Finding Test Object 'Object Repository/Popup/Popup'

2021-11-23 16:47:18 - [MESSAGE][INFO] - Checking object

2021-11-23 16:47:18 - [MESSAGE][INFO] - Checking timeout

2021-11-23 16:47:18 - [MESSAGE][INFO] - Finding web element from Test Object's properties

2021-11-23 16:47:18 - [MESSAGE][INFO] - Checking timeout

2021-11-23 16:47:18 - [MESSAGE][INFO] - Finding web element with id: 'Object Repository/Popup/Popup' located by 'By.cssSelector: .bootbox-body' in '10' second(s)

2021-11-23 16:47:18 - [MESSAGE][INFO] - Smart Wait Function is triggered

2021-11-23 16:47:18 - [MESSAGE][INFO] - Found 1 web elements with id: 'Object Repository/Popup/Popup' located by 'By.cssSelector: .bootbox-body' in '10' second(s)

2021-11-23 16:47:18 - [MESSAGE][PASSED] - Object 'Object Repository/Popup/Popup' is visible

2021-11-23 16:47:18 - [TEST_STEP][PASSED] - if (!(getText(findTestObject("Popup/Popup")).contains(Mesaj))): Text of object 'Object Repository/Popup/Popup' is: 'Oluşturulacak fatura numarası : EAR2021000000494 Fatura numarası oluşturulduktan sonra fatura silinemez. Fatura numarası, tarihi ve ön eki değiştirilemez. Devam etmek istiyor musunuz?'

2021-11-23 16:47:18 - [MESSAGE][INFO] - Finding Test Object 'Object Repository/Popup/Popup'

2021-11-23 16:47:19 - [MESSAGE][INFO] - Checking object

2021-11-23 16:47:19 - [MESSAGE][INFO] - Finding web element from Test Object's properties

2021-11-23 16:47:19 - [MESSAGE][INFO] - Checking timeout

2021-11-23 16:47:19 - [MESSAGE][INFO] - Finding web element with id: 'Object Repository/Popup/Popup' located by 'By.cssSelector: .bootbox-body' in '30' second(s)

2021-11-23 16:47:19 - [MESSAGE][INFO] - Smart Wait Function is triggered

2021-11-23 16:47:19 - [MESSAGE][INFO] - Found 1 web elements with id: 'Object Repository/Popup/Popup' located by 'By.cssSelector: .bootbox-body' in '30' second(s)

2021-11-23 16:47:19 - [MESSAGE][INFO] - Getting text of object 'Object Repository/Popup/Popup'

2021-11-23 16:47:19 - [MESSAGE][PASSED] - Text of object 'Object Repository/Popup/Popup' is: 'Oluşturulacak fatura numarası : EAR2021000000494 Fatura numarası oluşturulduktan sonra fatura silinemez. Fatura numarası, tarihi ve ön eki değiştirilemez. Devam etmek istiyor musunuz?'

2021-11-23 16:47:19 - [TEST_STEP][PASSED] - RaporNo = getText(findTestObject("Popup/Popup")).substring(0, 6): Text of object 'Object Repository/Popup/Popup' is: 'Oluşturulacak fatura numarası : EAR2021000000494 Fatura numarası oluşturulduktan sonra fatura silinemez. Fatura numarası, tarihi ve ön eki değiştirilemez. Devam etmek istiyor musunuz?'

2021-11-23 16:47:19 - [MESSAGE][INFO] - Finding Test Object 'Object Repository/Popup/Popup'

2021-11-23 16:47:19 - [MESSAGE][INFO] - Checking object

2021-11-23 16:47:19 - [MESSAGE][INFO] - Finding web element from Test Object's properties

2021-11-23 16:47:19 - [MESSAGE][INFO] - Checking timeout

2021-11-23 16:47:19 - [MESSAGE][INFO] - Finding web element with id: 'Object Repository/Popup/Popup' located by 'By.cssSelector: .bootbox-body' in '30' second(s)

2021-11-23 16:47:19 - [MESSAGE][INFO] - Smart Wait Function is triggered

2021-11-23 16:47:19 - [MESSAGE][INFO] - Found 1 web elements with id: 'Object Repository/Popup/Popup' located by 'By.cssSelector: .bootbox-body' in '30' second(s)

2021-11-23 16:47:19 - [MESSAGE][INFO] - Getting text of object 'Object Repository/Popup/Popup'

2021-11-23 16:47:19 - [MESSAGE][PASSED] - Text of object 'Object Repository/Popup/Popup' is: 'Oluşturulacak fatura numarası : EAR2021000000494 Fatura numarası oluşturulduktan sonra fatura silinemez. Fatura numarası, tarihi ve ön eki değiştirilemez. Devam etmek istiyor musunuz?'

2021-11-23 16:47:19 - [TEST_STEP][PASSED] - Console.println(RaporNo): null

2021-11-23 16:47:19 - [MESSAGE][PASSED] - Call Test Case 'Test Cases/Popup/PopupMesajiIceriyorMu' successfully

2021-11-23 16:47:19 - [MESSAGE][INFO] - Checking called Test Case

2021-11-23 16:47:19 - [MESSAGE][INFO] - Starting to call Test Case 'Test Cases/Popup/PopupButonSecilir'

2021-11-23 16:47:19 - [TEST_CASE][PASSED] - Test Cases/Popup/PopupButonSecilir: Test Cases/Popup/PopupButonSecilir

2021-11-23 16:47:19 - [TEST_STEP][PASSED] - Method.TextDegerineEsitElementeTikla(findTestObject("Popup/Popup_Butons"), Buton): Method.TextDegerineEsitElementeTikla is PASSED

2021-11-23 16:47:19 - [MESSAGE][INFO] - Finding Test Object 'Object Repository/Popup/Popup_Butons'

2021-11-23 16:47:19 - [MESSAGE][INFO] - Checking timeout

2021-11-23 16:47:19 - [MESSAGE][INFO] - Finding web element with id: 'Object Repository/Popup/Popup_Butons' located by 'By.cssSelector: .modal-footer>button' in '10' second(s)

2021-11-23 16:47:19 - [MESSAGE][INFO] - Smart Wait Function is triggered

2021-11-23 16:47:20 - [MESSAGE][INFO] - Found 2 web elements with id: 'Object Repository/Popup/Popup_Butons' located by 'By.cssSelector: .modal-footer>button' in '10' second(s)

2021-11-23 16:47:20 - [MESSAGE][PASSED] - Method.TextDegerineEsitElementeTikla is PASSED

2021-11-23 16:47:20 - [MESSAGE][PASSED] - Call Test Case 'Test Cases/Popup/PopupButonSecilir' successfully

2021-11-23 16:47:20 - [MESSAGE][INFO] - Checking called Test Case

2021-11-23 16:47:20 - [MESSAGE][INFO] - Starting to call Test Case 'Test Cases/Popup/PopupMesajiIceriyorMu'

2021-11-23 16:47:20 - [TEST_CASE][PASSED] - Test Cases/Popup/PopupMesajiIceriyorMu: Test Cases/Popup/PopupMesajiIceriyorMu

2021-11-23 16:47:20 - [TEST_STEP][PASSED] - waitForElementVisible(findTestObject("Popup/Popup"), 10): Object 'Object Repository/Popup/Popup' is visible

2021-11-23 16:47:20 - [MESSAGE][INFO] - Finding Test Object 'Object Repository/Popup/Popup'

2021-11-23 16:47:20 - [MESSAGE][INFO] - Checking object

2021-11-23 16:47:20 - [MESSAGE][INFO] - Checking timeout

2021-11-23 16:47:20 - [MESSAGE][INFO] - Finding web element from Test Object's properties

2021-11-23 16:47:20 - [MESSAGE][INFO] - Checking timeout

2021-11-23 16:47:20 - [MESSAGE][INFO] - Finding web element with id: 'Object Repository/Popup/Popup' located by 'By.cssSelector: .bootbox-body' in '10' second(s)

2021-11-23 16:47:20 - [MESSAGE][INFO] - Smart Wait Function is triggered

2021-11-23 16:47:21 - [MESSAGE][INFO] - Found 1 web elements with id: 'Object Repository/Popup/Popup' located by 'By.cssSelector: .bootbox-body' in '10' second(s)

2021-11-23 16:47:21 - [MESSAGE][PASSED] - Object 'Object Repository/Popup/Popup' is visible

2021-11-23 16:47:21 - [TEST_STEP][PASSED] - if (!(getText(findTestObject("Popup/Popup")).contains(Mesaj))): Text of object 'Object Repository/Popup/Popup' is: 'Fatura numaranız EAR2021000000494 olarak oluşmuştur.'

2021-11-23 16:47:21 - [MESSAGE][INFO] - Finding Test Object 'Object Repository/Popup/Popup'

2021-11-23 16:47:21 - [MESSAGE][INFO] - Checking object

2021-11-23 16:47:21 - [MESSAGE][INFO] - Finding web element from Test Object's properties

2021-11-23 16:47:21 - [MESSAGE][INFO] - Checking timeout

2021-11-23 16:47:21 - [MESSAGE][INFO] - Finding web element with id: 'Object Repository/Popup/Popup' located by 'By.cssSelector: .bootbox-body' in '30' second(s)

2021-11-23 16:47:21 - [MESSAGE][INFO] - Smart Wait Function is triggered

2021-11-23 16:47:21 - [MESSAGE][INFO] - Found 1 web elements with id: 'Object Repository/Popup/Popup' located by 'By.cssSelector: .bootbox-body' in '30' second(s)

2021-11-23 16:47:21 - [MESSAGE][INFO] - Getting text of object 'Object Repository/Popup/Popup'

2021-11-23 16:47:21 - [MESSAGE][PASSED] - Text of object 'Object Repository/Popup/Popup' is: 'Fatura numaranız EAR2021000000494 olarak oluşmuştur.'

2021-11-23 16:47:21 - [TEST_STEP][PASSED] - RaporNo = getText(findTestObject("Popup/Popup")).substring(0, 6): Text of object 'Object Repository/Popup/Popup' is: 'Fatura numaranız EAR2021000000494 olarak oluşmuştur.'

2021-11-23 16:47:21 - [MESSAGE][INFO] - Finding Test Object 'Object Repository/Popup/Popup'

2021-11-23 16:47:21 - [MESSAGE][INFO] - Checking object

2021-11-23 16:47:21 - [MESSAGE][INFO] - Finding web element from Test Object's properties

2021-11-23 16:47:21 - [MESSAGE][INFO] - Checking timeout

2021-11-23 16:47:21 - [MESSAGE][INFO] - Finding web element with id: 'Object Repository/Popup/Popup' located by 'By.cssSelector: .bootbox-body' in '30' second(s)

2021-11-23 16:47:21 - [MESSAGE][INFO] - Smart Wait Function is triggered

2021-11-23 16:47:22 - [MESSAGE][INFO] - Found 1 web elements with id: 'Object Repository/Popup/Popup' located by 'By.cssSelector: .bootbox-body' in '30' second(s)

2021-11-23 16:47:22 - [MESSAGE][INFO] - Getting text of object 'Object Repository/Popup/Popup'

2021-11-23 16:47:22 - [MESSAGE][PASSED] - Text of object 'Object Repository/Popup/Popup' is: 'Fatura numaranız EAR2021000000494 olarak oluşmuştur.'

2021-11-23 16:47:22 - [TEST_STEP][PASSED] - Console.println(RaporNo): null

2021-11-23 16:47:22 - [MESSAGE][PASSED] - Call Test Case 'Test Cases/Popup/PopupMesajiIceriyorMu' successfully

2021-11-23 16:47:22 - [MESSAGE][INFO] - Checking called Test Case

2021-11-23 16:47:22 - [MESSAGE][INFO] - Starting to call Test Case 'Test Cases/Popup/PopupButonSecilir'

2021-11-23 16:47:22 - [TEST_CASE][PASSED] - Test Cases/Popup/PopupButonSecilir: Test Cases/Popup/PopupButonSecilir

2021-11-23 16:47:22 - [TEST_STEP][PASSED] - Method.TextDegerineEsitElementeTikla(findTestObject("Popup/Popup_Butons"), Buton): Method.TextDegerineEsitElementeTikla is PASSED

2021-11-23 16:47:22 - [MESSAGE][INFO] - Finding Test Object 'Object Repository/Popup/Popup_Butons'

2021-11-23 16:47:22 - [MESSAGE][INFO] - Checking timeout

2021-11-23 16:47:22 - [MESSAGE][INFO] - Finding web element with id: 'Object Repository/Popup/Popup_Butons' located by 'By.cssSelector: .modal-footer>button' in '10' second(s)

2021-11-23 16:47:22 - [MESSAGE][INFO] - Smart Wait Function is triggered

2021-11-23 16:47:22 - [MESSAGE][INFO] - Found 1 web elements with id: 'Object Repository/Popup/Popup_Butons' located by 'By.cssSelector: .modal-footer>button' in '10' second(s)

2021-11-23 16:47:22 - [MESSAGE][PASSED] - Method.TextDegerineEsitElementeTikla is PASSED

2021-11-23 16:47:22 - [MESSAGE][PASSED] - Call Test Case 'Test Cases/Popup/PopupButonSecilir' successfully

2021-11-23 16:47:22 - [MESSAGE][INFO] - Checking called Test Case

2021-11-23 16:47:22 - [MESSAGE][INFO] - Starting to call Test Case 'Test Cases/Tablo/TablodanEttnliVeriSec'

2021-11-23 16:47:22 - [TEST_CASE][PASSED] - Test Cases/Tablo/TablodanEttnliVeriSec: Test Cases/Tablo/TablodanEttnliVeriSec

2021-11-23 16:47:22 - [TEST_STEP][PASSED] - Method.TextDegerineEsitElementinAltindakineTikla(findTestObject("Tablo/Veriler"), findTestObject("Tablo/VerininCheckBoxi"), ettn): Method.TextDegerineEsitElementinAltindakineTikla is PASSED

2021-11-23 16:47:22 - [MESSAGE][INFO] - Finding Test Object 'Object Repository/Tablo/Veriler'

2021-11-23 16:47:22 - [MESSAGE][INFO] - Finding Test Object 'Object Repository/Tablo/VerininCheckBoxi'

2021-11-23 16:47:22 - [MESSAGE][INFO] - Checking timeout

2021-11-23 16:47:22 - [MESSAGE][INFO] - Finding web element with id: 'Object Repository/Tablo/Veriler' located by 'By.cssSelector: td.dxgv b ,td.dxgv' in '10' second(s)

2021-11-23 16:47:22 - [MESSAGE][INFO] - Smart Wait Function is triggered

2021-11-23 16:47:23 - [MESSAGE][INFO] - Found 70 web elements with id: 'Object Repository/Tablo/Veriler' located by 'By.cssSelector: td.dxgv b ,td.dxgv' in '10' second(s)

2021-11-23 16:47:23 - [MESSAGE][INFO] - Smart Wait Function is triggered

2021-11-23 16:47:23 - [MESSAGE][PASSED] - Method.TextDegerineEsitElementinAltindakineTikla is PASSED

2021-11-23 16:47:23 - [MESSAGE][PASSED] - Call Test Case 'Test Cases/Tablo/TablodanEttnliVeriSec' successfully

2021-11-23 16:47:23 - [MESSAGE][INFO] - Checking called Test Case

2021-11-23 16:47:23 - [MESSAGE][INFO] - Starting to call Test Case 'Test Cases/Butonlar/ButonaTikla'

2021-11-23 16:47:23 - [TEST_CASE][PASSED] - Test Cases/Butonlar/ButonaTikla: Test Cases/Butonlar/ButonaTikla

2021-11-23 16:47:23 - [TEST_STEP][PASSED] - Method.TextDegerineEsitElementeTiklaEquals(findTestObject("Butonlar/Butonlar"), Buton_Adi): Method.TextDegerineEsitElementeTiklaEquals is PASSED

2021-11-23 16:47:23 - [MESSAGE][INFO] - Finding Test Object 'Object Repository/Butonlar/Butonlar'

2021-11-23 16:47:24 - [MESSAGE][INFO] - Checking timeout

2021-11-23 16:47:24 - [MESSAGE][INFO] - Finding web element with id: 'Object Repository/Butonlar/Butonlar' located by 'By.cssSelector: .panel.panel-default.text-center.footerPanel .btn,.btn.btn-primary.btnControls' in '10' second(s)

2021-11-23 16:47:24 - [MESSAGE][INFO] - Smart Wait Function is triggered

2021-11-23 16:47:24 - [MESSAGE][INFO] - Found 9 web elements with id: 'Object Repository/Butonlar/Butonlar' located by 'By.cssSelector: .panel.panel-default.text-center.footerPanel .btn,.btn.btn-primary.btnControls' in '10' second(s)

2021-11-23 16:47:24 - [MESSAGE][PASSED] - Method.TextDegerineEsitElementeTiklaEquals is PASSED

2021-11-23 16:47:24 - [MESSAGE][PASSED] - Call Test Case 'Test Cases/Butonlar/ButonaTikla' successfully

2021-11-23 16:47:24 - [MESSAGE][INFO] - Checking called Test Case

2021-11-23 16:47:24 - [MESSAGE][INFO] - Starting to call Test Case 'Test Cases/Popup/PopupMesajiIceriyorMu'

2021-11-23 16:47:24 - [TEST_CASE][PASSED] - Test Cases/Popup/PopupMesajiIceriyorMu: Test Cases/Popup/PopupMesajiIceriyorMu

2021-11-23 16:47:25 - [TEST_STEP][PASSED] - waitForElementVisible(findTestObject("Popup/Popup"), 10): Object 'Object Repository/Popup/Popup' is visible

2021-11-23 16:47:25 - [MESSAGE][INFO] - Finding Test Object 'Object Repository/Popup/Popup'

2021-11-23 16:47:25 - [MESSAGE][INFO] - Checking object

2021-11-23 16:47:25 - [MESSAGE][INFO] - Checking timeout

2021-11-23 16:47:25 - [MESSAGE][INFO] - Finding web element from Test Object's properties

2021-11-23 16:47:25 - [MESSAGE][INFO] - Checking timeout

2021-11-23 16:47:25 - [MESSAGE][INFO] - Finding web element with id: 'Object Repository/Popup/Popup' located by 'By.cssSelector: .bootbox-body' in '10' second(s)

2021-11-23 16:47:25 - [MESSAGE][INFO] - Smart Wait Function is triggered

2021-11-23 16:47:25 - [MESSAGE][INFO] - Found 1 web elements with id: 'Object Repository/Popup/Popup' located by 'By.cssSelector: .bootbox-body' in '10' second(s)

2021-11-23 16:47:25 - [MESSAGE][PASSED] - Object 'Object Repository/Popup/Popup' is visible

2021-11-23 16:47:25 - [TEST_STEP][PASSED] - if (!(getText(findTestObject("Popup/Popup")).contains(Mesaj))): Text of object 'Object Repository/Popup/Popup' is: 'Seçilen faturalarınız onaylanacaktır. Onaylanan faturalar üzerinde değişiklik yapılamaz. Devam etmek istiyor musunuz?'

2021-11-23 16:47:25 - [MESSAGE][INFO] - Finding Test Object 'Object Repository/Popup/Popup'

2021-11-23 16:47:25 - [MESSAGE][INFO] - Checking object

2021-11-23 16:47:25 - [MESSAGE][INFO] - Finding web element from Test Object's properties

2021-11-23 16:47:25 - [MESSAGE][INFO] - Checking timeout

2021-11-23 16:47:25 - [MESSAGE][INFO] - Finding web element with id: 'Object Repository/Popup/Popup' located by 'By.cssSelector: .bootbox-body' in '30' second(s)

2021-11-23 16:47:25 - [MESSAGE][INFO] - Smart Wait Function is triggered

2021-11-23 16:47:25 - [MESSAGE][INFO] - Found 1 web elements with id: 'Object Repository/Popup/Popup' located by 'By.cssSelector: .bootbox-body' in '30' second(s)

2021-11-23 16:47:25 - [MESSAGE][INFO] - Getting text of object 'Object Repository/Popup/Popup'

2021-11-23 16:47:25 - [MESSAGE][PASSED] - Text of object 'Object Repository/Popup/Popup' is: 'Seçilen faturalarınız onaylanacaktır. Onaylanan faturalar üzerinde değişiklik yapılamaz. Devam etmek istiyor musunuz?'

2021-11-23 16:47:25 - [TEST_STEP][PASSED] - RaporNo = getText(findTestObject("Popup/Popup")).substring(0, 6): Text of object 'Object Repository/Popup/Popup' is: 'Seçilen faturalarınız onaylanacaktır. Onaylanan faturalar üzerinde değişiklik yapılamaz. Devam etmek istiyor musunuz?'

2021-11-23 16:47:25 - [MESSAGE][INFO] - Finding Test Object 'Object Repository/Popup/Popup'

2021-11-23 16:47:25 - [MESSAGE][INFO] - Checking object

2021-11-23 16:47:25 - [MESSAGE][INFO] - Finding web element from Test Object's properties

2021-11-23 16:47:25 - [MESSAGE][INFO] - Checking timeout

2021-11-23 16:47:25 - [MESSAGE][INFO] - Finding web element with id: 'Object Repository/Popup/Popup' located by 'By.cssSelector: .bootbox-body' in '30' second(s)

2021-11-23 16:47:25 - [MESSAGE][INFO] - Smart Wait Function is triggered

2021-11-23 16:47:26 - [MESSAGE][INFO] - Found 1 web elements with id: 'Object Repository/Popup/Popup' located by 'By.cssSelector: .bootbox-body' in '30' second(s)

2021-11-23 16:47:26 - [MESSAGE][INFO] - Getting text of object 'Object Repository/Popup/Popup'

2021-11-23 16:47:26 - [MESSAGE][PASSED] - Text of object 'Object Repository/Popup/Popup' is: 'Seçilen faturalarınız onaylanacaktır. Onaylanan faturalar üzerinde değişiklik yapılamaz. Devam etmek istiyor musunuz?'

2021-11-23 16:47:26 - [TEST_STEP][PASSED] - Console.println(RaporNo): null

2021-11-23 16:47:26 - [MESSAGE][PASSED] - Call Test Case 'Test Cases/Popup/PopupMesajiIceriyorMu' successfully

2021-11-23 16:47:26 - [MESSAGE][INFO] - Checking called Test Case

2021-11-23 16:47:26 - [MESSAGE][INFO] - Starting to call Test Case 'Test Cases/Popup/PopupButonSecilir'

2021-11-23 16:47:26 - [TEST_CASE][PASSED] - Test Cases/Popup/PopupButonSecilir: Test Cases/Popup/PopupButonSecilir

2021-11-23 16:47:26 - [TEST_STEP][PASSED] - Method.TextDegerineEsitElementeTikla(findTestObject("Popup/Popup_Butons"), Buton): Method.TextDegerineEsitElementeTikla is PASSED

2021-11-23 16:47:26 - [MESSAGE][INFO] - Finding Test Object 'Object Repository/Popup/Popup_Butons'

2021-11-23 16:47:26 - [MESSAGE][INFO] - Checking timeout

2021-11-23 16:47:26 - [MESSAGE][INFO] - Finding web element with id: 'Object Repository/Popup/Popup_Butons' located by 'By.cssSelector: .modal-footer>button' in '10' second(s)

2021-11-23 16:47:26 - [MESSAGE][INFO] - Smart Wait Function is triggered

2021-11-23 16:47:26 - [MESSAGE][INFO] - Found 2 web elements with id: 'Object Repository/Popup/Popup_Butons' located by 'By.cssSelector: .modal-footer>button' in '10' second(s)

2021-11-23 16:47:26 - [MESSAGE][PASSED] - Method.TextDegerineEsitElementeTikla is PASSED

2021-11-23 16:47:26 - [MESSAGE][PASSED] - Call Test Case 'Test Cases/Popup/PopupButonSecilir' successfully

2021-11-23 16:47:26 - [MESSAGE][INFO] - Checking called Test Case

2021-11-23 16:47:26 - [MESSAGE][INFO] - Starting to call Test Case 'Test Cases/Menu/AnaMenuSecimi'

2021-11-23 16:47:26 - [TEST_CASE][PASSED] - Test Cases/Menu/AnaMenuSecimi: Test Cases/Menu/AnaMenuSecimi

2021-11-23 16:47:26 - [TEST_STEP][PASSED] - Method.TextDegerineEsitElementeTikla(findTestObject("Menu/Ana_Menu"), Ana_Menu): Method.TextDegerineEsitElementeTikla is PASSED

2021-11-23 16:47:26 - [MESSAGE][INFO] - Finding Test Object 'Object Repository/Menu/Ana_Menu'

2021-11-23 16:47:26 - [MESSAGE][INFO] - Checking timeout

2021-11-23 16:47:26 - [MESSAGE][INFO] - Finding web element with id: 'Object Repository/Menu/Ana_Menu' located by 'By.xpath: //*[@class = 'dropdown-toggle']' in '10' second(s)

2021-11-23 16:47:26 - [MESSAGE][INFO] - Smart Wait Function is triggered

2021-11-23 16:47:27 - [MESSAGE][INFO] - Found 13 web elements with id: 'Object Repository/Menu/Ana_Menu' located by 'By.xpath: //*[@class = 'dropdown-toggle']' in '10' second(s)

2021-11-23 16:47:28 - [MESSAGE][PASSED] - Method.TextDegerineEsitElementeTikla is PASSED

2021-11-23 16:47:28 - [MESSAGE][PASSED] - Call Test Case 'Test Cases/Menu/AnaMenuSecimi' successfully

2021-11-23 16:47:28 - [MESSAGE][INFO] - Checking called Test Case

2021-11-23 16:47:28 - [MESSAGE][INFO] - Starting to call Test Case 'Test Cases/Menu/BasligaGoreAltMenuSecimi'

2021-11-23 16:47:28 - [TEST_CASE][PASSED] - Test Cases/Menu/BasligaGoreAltMenuSecimi: Test Cases/Menu/BasligaGoreAltMenuSecimi

2021-11-23 16:47:28 - [TEST_STEP][PASSED] - Method.TextDegerineEsitElementinAltindakiTextDegerineEsitOlanaTikla(findTestObject("Menu/Menu_Basligi"), findTestObject("Menu/Basliga_Gore_Alt_Menu"), Baslik, Alt_Menu): Method.TextDegerineEsitElementinAltindakiTextDegerineEsitOlanaTikla is PASSED

2021-11-23 16:47:28 - [MESSAGE][INFO] - Finding Test Object 'Object Repository/Menu/Menu_Basligi'

2021-11-23 16:47:28 - [MESSAGE][INFO] - Finding Test Object 'Object Repository/Menu/Basliga_Gore_Alt_Menu'

2021-11-23 16:47:28 - [MESSAGE][INFO] - Checking timeout

2021-11-23 16:47:28 - [MESSAGE][INFO] - Finding web element with id: 'Object Repository/Menu/Menu_Basligi' located by 'By.xpath: //li[@class='dropdown dropdown-large open']//li[@class='dropdown-header']' in '10' second(s)

2021-11-23 16:47:28 - [MESSAGE][INFO] - Smart Wait Function is triggered

2021-11-23 16:47:28 - [MESSAGE][INFO] - Found 2 web elements with id: 'Object Repository/Menu/Menu_Basligi' located by 'By.xpath: //li[@class='dropdown dropdown-large open']//li[@class='dropdown-header']' in '10' second(s)

2021-11-23 16:47:28 - [MESSAGE][INFO] - Smart Wait Function is triggered

2021-11-23 16:47:29 - [MESSAGE][PASSED] - Method.TextDegerineEsitElementinAltindakiTextDegerineEsitOlanaTikla is PASSED

2021-11-23 16:47:29 - [MESSAGE][PASSED] - Call Test Case 'Test Cases/Menu/BasligaGoreAltMenuSecimi' successfully

2021-11-23 16:47:29 - [MESSAGE][INFO] - Checking called Test Case

2021-11-23 16:47:29 - [MESSAGE][INFO] - Starting to call Test Case 'Test Cases/Filtreler/EttnYaz'

2021-11-23 16:47:30 - [TEST_CASE][PASSED] - Test Cases/Filtreler/EttnYaz: Test Cases/Filtreler/EttnYaz

2021-11-23 16:47:30 - [TEST_STEP][PASSED] - Method.TextDegerineEsitElementinAltindakiTextboxtaYaz(findTestObject("Filtreler/Basliklar"), findTestObject("Filtreler/Basliga_Gore_Textbox"), "ETTN", ettn): Method.TextDegerineEsitElementinAltindakiTextboxtaYaz is PASSED

2021-11-23 16:47:30 - [MESSAGE][INFO] - Finding Test Object 'Object Repository/Filtreler/Basliklar'

2021-11-23 16:47:30 - [MESSAGE][INFO] - Finding Test Object 'Object Repository/Filtreler/Basliga_Gore_Textbox'

2021-11-23 16:47:30 - [MESSAGE][INFO] - Checking timeout

2021-11-23 16:47:30 - [MESSAGE][INFO] - Finding web element with id: 'Object Repository/Filtreler/Basliklar' located by 'By.cssSelector: .control-label.col-sm-4.paddingMarginRLC' in '10' second(s)

2021-11-23 16:47:30 - [MESSAGE][INFO] - Smart Wait Function is triggered

2021-11-23 16:47:30 - [MESSAGE][INFO] - Found 19 web elements with id: 'Object Repository/Filtreler/Basliklar' located by 'By.cssSelector: .control-label.col-sm-4.paddingMarginRLC' in '10' second(s)

2021-11-23 16:47:30 - [MESSAGE][INFO] - Smart Wait Function is triggered

2021-11-23 16:47:31 - [MESSAGE][PASSED] - Method.TextDegerineEsitElementinAltindakiTextboxtaYaz is PASSED

2021-11-23 16:47:31 - [MESSAGE][PASSED] - Call Test Case 'Test Cases/Filtreler/EttnYaz' successfully

2021-11-23 16:47:31 - [MESSAGE][INFO] - Checking called Test Case

2021-11-23 16:47:31 - [MESSAGE][INFO] - Starting to call Test Case 'Test Cases/Filtreler/ButonaTikla'

2021-11-23 16:47:31 - [TEST_CASE][PASSED] - Test Cases/Filtreler/ButonaTikla: Test Cases/Filtreler/ButonaTikla

2021-11-23 16:47:31 - [TEST_STEP][PASSED] - Method.TextDegerineEsitElementeTikla(findTestObject("Filtreler/Butonlar"), Filtre_Buton): Method.TextDegerineEsitElementeTikla is PASSED

2021-11-23 16:47:31 - [MESSAGE][INFO] - Finding Test Object 'Object Repository/Filtreler/Butonlar'

2021-11-23 16:47:31 - [MESSAGE][INFO] - Checking timeout

2021-11-23 16:47:31 - [MESSAGE][INFO] - Finding web element with id: 'Object Repository/Filtreler/Butonlar' located by 'By.cssSelector: .dxb>span' in '10' second(s)

2021-11-23 16:47:31 - [MESSAGE][INFO] - Smart Wait Function is triggered

2021-11-23 16:47:31 - [MESSAGE][INFO] - Found 3 web elements with id: 'Object Repository/Filtreler/Butonlar' located by 'By.cssSelector: .dxb>span' in '10' second(s)

2021-11-23 16:47:31 - [MESSAGE][PASSED] - Method.TextDegerineEsitElementeTikla is PASSED

2021-11-23 16:47:31 - [MESSAGE][PASSED] - Call Test Case 'Test Cases/Filtreler/ButonaTikla' successfully

2021-11-23 16:47:31 - [MESSAGE][INFO] - Checking called Test Case

2021-11-23 16:47:31 - [MESSAGE][INFO] - Starting to call Test Case 'Test Cases/Tablo/TablodaVeriVarMi'

2021-11-23 16:47:31 - [TEST_CASE][PASSED] - Test Cases/Tablo/TablodaVeriVarMi: Test Cases/Tablo/TablodaVeriVarMi

2021-11-23 16:47:31 - [TEST_STEP][PASSED] - verifyTextNotPresent("Görüntülenecek veri yok", true): Text 'Görüntülenecek veri yok' is not present on page using regular expression

2021-11-23 16:47:31 - [MESSAGE][INFO] - Checking text present  using regular expression

2021-11-23 16:47:31 - [MESSAGE][INFO] - Smart Wait Function is triggered

2021-11-23 16:47:32 - [MESSAGE][INFO] - Finding text 'Görüntülenecek veri yok' on page  using regular expression

2021-11-23 16:47:32 - [MESSAGE][PASSED] - Text 'Görüntülenecek veri yok' is not present on page using regular expression

2021-11-23 16:47:32 - [MESSAGE][PASSED] - Call Test Case 'Test Cases/Tablo/TablodaVeriVarMi' successfully

2021-11-23 16:47:32 - [MESSAGE][INFO] - Checking called Test Case

2021-11-23 16:47:32 - [MESSAGE][INFO] - Starting to call Test Case 'Test Cases/Tablo/TablodaVeriBasariliMiArsiv'

2021-11-23 16:47:32 - [TEST_CASE][PASSED] - Test Cases/Tablo/TablodaVeriBasariliMiArsiv: Test Cases/Tablo/TablodaVeriBasariliMiArsiv

2021-11-23 16:47:32 - [TEST_STEP][PASSED] - sayac = 80: null

2021-11-23 16:47:32 - [TEST_STEP][PASSED] - while (verifyElementText(findTestObject("Object Repository/Tablo/DurumBilgisiArsiv"), "Henüz Sonuçlanmadı", OPTIONAL)): Actual text 'Başarılı' and expected text 'Henüz Sonuçlanmadı' of test object 'Object Repository/Tablo/DurumBilgisiArsiv' are NOT matched. (Root cause: com.kms.katalon.core.exception.StepFailedException: Actual text 'Başarılı' and expected text 'Henüz Sonuçlanmadı' of test object 'Object Repository/Tablo/DurumBilgisiArsiv' are NOT matched.
	at com.kms.katalon.core.webui.keyword.internal.WebUIKeywordMain.stepFailed(WebUIKeywordMain.groovy:64)
	at com.kms.katalon.core.webui.keyword.builtin.VerifyElementTextKeyword$_verifyElementText_closure1.doCall(VerifyElementTextKeyword.groovy:57)
	at com.kms.katalon.core.webui.keyword.builtin.VerifyElementTextKeyword$_verifyElementText_closure1.call(VerifyElementTextKeyword.groovy)
	at com.kms.katalon.core.webui.keyword.internal.WebUIKeywordMain.runKeyword(WebUIKeywordMain.groovy:20)
	at com.kms.katalon.core.webui.keyword.builtin.VerifyElementTextKeyword.verifyElementText(VerifyElementTextKeyword.groovy:72)
	at com.kms.katalon.core.webui.keyword.builtin.VerifyElementTextKeyword.execute(VerifyElementTextKeyword.groovy:40)
	at com.kms.katalon.core.keyword.internal.KeywordExecutor.executeKeywordForPlatform(KeywordExecutor.groovy:73)
	at com.kms.katalon.core.webui.keyword.WebUiBuiltInKeywords.verifyElementText(WebUiBuiltInKeywords.groovy:4733)
	at com.kms.katalon.core.webui.keyword.WebUiBuiltInKeywords$verifyElementText$20.call(Unknown Source)
	at TablodaVeriBasariliMiArsiv.run(TablodaVeriBasariliMiArsiv:22)
	at com.kms.katalon.core.main.ScriptEngine.run(ScriptEngine.java:194)
	at com.kms.katalon.core.main.ScriptEngine.runScriptAsRawText(ScriptEngine.java:119)
	at com.kms.katalon.core.main.TestCaseExecutor.runScript(TestCaseExecutor.java:369)
	at com.kms.katalon.core.main.TestCaseExecutor.doExecute(TestCaseExecutor.java:360)
	at com.kms.katalon.core.main.TestCaseExecutor.processExecutionPhase(TestCaseExecutor.java:339)
	at com.kms.katalon.core.main.TestCaseExecutor.accessMainPhase(TestCaseExecutor.java:331)
	at com.kms.katalon.core.main.TestCaseExecutor.execute(TestCaseExecutor.java:248)
	at com.kms.katalon.core.main.TestCaseMain.runTestCase(TestCaseMain.java:138)
	at com.kms.katalon.core.keyword.builtin.CallTestCaseKeyword$_callTestCase_closure1.doCall(CallTestCaseKeyword.groovy:59)
	at com.kms.katalon.core.keyword.builtin.CallTestCaseKeyword$_callTestCase_closure1.call(CallTestCaseKeyword.groovy)
	at com.kms.katalon.core.keyword.internal.KeywordMain.runKeyword(KeywordMain.groovy:68)
	at com.kms.katalon.core.keyword.builtin.CallTestCaseKeyword.callTestCase(CallTestCaseKeyword.groovy:81)
	at com.kms.katalon.core.keyword.builtin.CallTestCaseKeyword.execute(CallTestCaseKeyword.groovy:44)
	at com.kms.katalon.core.keyword.internal.KeywordExecutor.executeKeywordForPlatform(KeywordExecutor.groovy:73)
	at com.kms.katalon.core.keyword.BuiltinKeywords.callTestCase(BuiltinKeywords.groovy:334)
	at tablo.tablo.tablodaVeriBasariliMiArsiv(tablo.groovy:95)
	at cucumber.runtime.Utils$1.call(Utils.java:26)
	at cucumber.runtime.Timeout.timeout(Timeout.java:16)
	at cucumber.runtime.Utils.invoke(Utils.java:20)
	at cucumber.runtime.java.JavaStepDefinition.execute(JavaStepDefinition.java:49)
	at cucumber.runner.PickleStepDefinitionMatch.runStep(PickleStepDefinitionMatch.java:50)
	at cucumber.runner.TestStep.executeStep(TestStep.java:63)
	at cucumber.runner.TestStep.run(TestStep.java:49)
	at cucumber.runner.PickleStepTestStep.run(PickleStepTestStep.java:43)
	at cucumber.runner.TestCase.run(TestCase.java:44)
	at cucumber.runner.Runner.runPickle(Runner.java:40)
	at cucumber.runtime.Runtime$1.run(Runtime.java:84)
	at cucumber.runtime.Runtime$SameThreadExecutorService.execute(Runtime.java:220)
	at cucumber.runtime.Runtime.run(Runtime.java:81)
	at cucumber.api.cli.Main.run(Main.java:26)
	at cucumber.api.cli.Main$run.call(Unknown Source)
	at com.kms.katalon.core.cucumber.keyword.CucumberBuiltinKeywords$_runFeatureFile_closure1.doCall(CucumberBuiltinKeywords.groovy:106)
	at com.kms.katalon.core.cucumber.keyword.CucumberBuiltinKeywords$_runFeatureFile_closure1.doCall(CucumberBuiltinKeywords.groovy)
	at com.kms.katalon.core.keyword.internal.KeywordMain.runKeyword(KeywordMain.groovy:68)
	at com.kms.katalon.core.keyword.internal.KeywordMain$runKeyword.call(Unknown Source)
	at com.kms.katalon.core.cucumber.keyword.CucumberBuiltinKeywords.runFeatureFile(CucumberBuiltinKeywords.groovy:73)
	at com.kms.katalon.core.cucumber.keyword.CucumberBuiltinKeywords$runFeatureFile$0.callStatic(Unknown Source)
	at com.kms.katalon.core.cucumber.keyword.CucumberBuiltinKeywords.runFeatureFile(CucumberBuiltinKeywords.groovy:246)
	at com.kms.katalon.core.cucumber.keyword.CucumberBuiltinKeywords$runFeatureFile.call(Unknown Source)
	at VKN-Elektronik-Ozel Matrah.run(VKN-Elektronik-Ozel Matrah:19)
	at com.kms.katalon.core.main.ScriptEngine.run(ScriptEngine.java:194)
	at com.kms.katalon.core.main.ScriptEngine.runScriptAsRawText(ScriptEngine.java:119)
	at com.kms.katalon.core.main.TestCaseExecutor.runScript(TestCaseExecutor.java:369)
	at com.kms.katalon.core.main.TestCaseExecutor.doExecute(TestCaseExecutor.java:360)
	at com.kms.katalon.core.main.TestCaseExecutor.processExecutionPhase(TestCaseExecutor.java:339)
	at com.kms.katalon.core.main.TestCaseExecutor.accessMainPhase(TestCaseExecutor.java:331)
	at com.kms.katalon.core.main.TestCaseExecutor.execute(TestCaseExecutor.java:248)
	at com.kms.katalon.core.main.TestSuiteExecutor.accessTestCaseMainPhase(TestSuiteExecutor.java:191)
	at com.kms.katalon.core.main.TestSuiteExecutor.accessTestSuiteMainPhase(TestSuiteExecutor.java:140)
	at com.kms.katalon.core.main.TestSuiteExecutor.execute(TestSuiteExecutor.java:89)
	at com.kms.katalon.core.main.TestCaseMain.startTestSuite(TestCaseMain.java:181)
	at com.kms.katalon.core.main.TestCaseMain$startTestSuite$0.call(Unknown Source)
	at TempTestSuite1637674444414.run(TempTestSuite1637674444414.groovy:39)
)

2021-11-23 16:47:32 - [MESSAGE][INFO] - Finding Test Object 'Object Repository/Tablo/DurumBilgisiArsiv'

2021-11-23 16:47:32 - [MESSAGE][INFO] - Checking object

2021-11-23 16:47:32 - [MESSAGE][INFO] - Finding web element from Test Object's properties

2021-11-23 16:47:32 - [MESSAGE][INFO] - Checking timeout

2021-11-23 16:47:32 - [MESSAGE][INFO] - Finding web element with id: 'Object Repository/Tablo/DurumBilgisiArsiv' located by 'By.xpath: //*[@id = 'GridViewEArchiveInvoices_tccell0_9']' in '30' second(s)

2021-11-23 16:47:32 - [MESSAGE][INFO] - Smart Wait Function is triggered

2021-11-23 16:47:33 - [MESSAGE][INFO] - Found 1 web elements with id: 'Object Repository/Tablo/DurumBilgisiArsiv' located by 'By.xpath: //*[@id = 'GridViewEArchiveInvoices_tccell0_9']' in '30' second(s)

2021-11-23 16:47:33 - [MESSAGE][WARNING] - Actual text 'Başarılı' and expected text 'Henüz Sonuçlanmadı' of test object 'Object Repository/Tablo/DurumBilgisiArsiv' are NOT matched. (Root cause: com.kms.katalon.core.exception.StepFailedException: Actual text 'Başarılı' and expected text 'Henüz Sonuçlanmadı' of test object 'Object Repository/Tablo/DurumBilgisiArsiv' are NOT matched.
	at com.kms.katalon.core.webui.keyword.internal.WebUIKeywordMain.stepFailed(WebUIKeywordMain.groovy:64)
	at com.kms.katalon.core.webui.keyword.builtin.VerifyElementTextKeyword$_verifyElementText_closure1.doCall(VerifyElementTextKeyword.groovy:57)
	at com.kms.katalon.core.webui.keyword.builtin.VerifyElementTextKeyword$_verifyElementText_closure1.call(VerifyElementTextKeyword.groovy)
	at com.kms.katalon.core.webui.keyword.internal.WebUIKeywordMain.runKeyword(WebUIKeywordMain.groovy:20)
	at com.kms.katalon.core.webui.keyword.builtin.VerifyElementTextKeyword.verifyElementText(VerifyElementTextKeyword.groovy:72)
	at com.kms.katalon.core.webui.keyword.builtin.VerifyElementTextKeyword.execute(VerifyElementTextKeyword.groovy:40)
	at com.kms.katalon.core.keyword.internal.KeywordExecutor.executeKeywordForPlatform(KeywordExecutor.groovy:73)
	at com.kms.katalon.core.webui.keyword.WebUiBuiltInKeywords.verifyElementText(WebUiBuiltInKeywords.groovy:4733)
	at com.kms.katalon.core.webui.keyword.WebUiBuiltInKeywords$verifyElementText$20.call(Unknown Source)
	at TablodaVeriBasariliMiArsiv.run(TablodaVeriBasariliMiArsiv:22)
	at com.kms.katalon.core.main.ScriptEngine.run(ScriptEngine.java:194)
	at com.kms.katalon.core.main.ScriptEngine.runScriptAsRawText(ScriptEngine.java:119)
	at com.kms.katalon.core.main.TestCaseExecutor.runScript(TestCaseExecutor.java:369)
	at com.kms.katalon.core.main.TestCaseExecutor.doExecute(TestCaseExecutor.java:360)
	at com.kms.katalon.core.main.TestCaseExecutor.processExecutionPhase(TestCaseExecutor.java:339)
	at com.kms.katalon.core.main.TestCaseExecutor.accessMainPhase(TestCaseExecutor.java:331)
	at com.kms.katalon.core.main.TestCaseExecutor.execute(TestCaseExecutor.java:248)
	at com.kms.katalon.core.main.TestCaseMain.runTestCase(TestCaseMain.java:138)
	at com.kms.katalon.core.keyword.builtin.CallTestCaseKeyword$_callTestCase_closure1.doCall(CallTestCaseKeyword.groovy:59)
	at com.kms.katalon.core.keyword.builtin.CallTestCaseKeyword$_callTestCase_closure1.call(CallTestCaseKeyword.groovy)
	at com.kms.katalon.core.keyword.internal.KeywordMain.runKeyword(KeywordMain.groovy:68)
	at com.kms.katalon.core.keyword.builtin.CallTestCaseKeyword.callTestCase(CallTestCaseKeyword.groovy:81)
	at com.kms.katalon.core.keyword.builtin.CallTestCaseKeyword.execute(CallTestCaseKeyword.groovy:44)
	at com.kms.katalon.core.keyword.internal.KeywordExecutor.executeKeywordForPlatform(KeywordExecutor.groovy:73)
	at com.kms.katalon.core.keyword.BuiltinKeywords.callTestCase(BuiltinKeywords.groovy:334)
	at tablo.tablo.tablodaVeriBasariliMiArsiv(tablo.groovy:95)
	at cucumber.runtime.Utils$1.call(Utils.java:26)
	at cucumber.runtime.Timeout.timeout(Timeout.java:16)
	at cucumber.runtime.Utils.invoke(Utils.java:20)
	at cucumber.runtime.java.JavaStepDefinition.execute(JavaStepDefinition.java:49)
	at cucumber.runner.PickleStepDefinitionMatch.runStep(PickleStepDefinitionMatch.java:50)
	at cucumber.runner.TestStep.executeStep(TestStep.java:63)
	at cucumber.runner.TestStep.run(TestStep.java:49)
	at cucumber.runner.PickleStepTestStep.run(PickleStepTestStep.java:43)
	at cucumber.runner.TestCase.run(TestCase.java:44)
	at cucumber.runner.Runner.runPickle(Runner.java:40)
	at cucumber.runtime.Runtime$1.run(Runtime.java:84)
	at cucumber.runtime.Runtime$SameThreadExecutorService.execute(Runtime.java:220)
	at cucumber.runtime.Runtime.run(Runtime.java:81)
	at cucumber.api.cli.Main.run(Main.java:26)
	at cucumber.api.cli.Main$run.call(Unknown Source)
	at com.kms.katalon.core.cucumber.keyword.CucumberBuiltinKeywords$_runFeatureFile_closure1.doCall(CucumberBuiltinKeywords.groovy:106)
	at com.kms.katalon.core.cucumber.keyword.CucumberBuiltinKeywords$_runFeatureFile_closure1.doCall(CucumberBuiltinKeywords.groovy)
	at com.kms.katalon.core.keyword.internal.KeywordMain.runKeyword(KeywordMain.groovy:68)
	at com.kms.katalon.core.keyword.internal.KeywordMain$runKeyword.call(Unknown Source)
	at com.kms.katalon.core.cucumber.keyword.CucumberBuiltinKeywords.runFeatureFile(CucumberBuiltinKeywords.groovy:73)
	at com.kms.katalon.core.cucumber.keyword.CucumberBuiltinKeywords$runFeatureFile$0.callStatic(Unknown Source)
	at com.kms.katalon.core.cucumber.keyword.CucumberBuiltinKeywords.runFeatureFile(CucumberBuiltinKeywords.groovy:246)
	at com.kms.katalon.core.cucumber.keyword.CucumberBuiltinKeywords$runFeatureFile.call(Unknown Source)
	at VKN-Elektronik-Ozel Matrah.run(VKN-Elektronik-Ozel Matrah:19)
	at com.kms.katalon.core.main.ScriptEngine.run(ScriptEngine.java:194)
	at com.kms.katalon.core.main.ScriptEngine.runScriptAsRawText(ScriptEngine.java:119)
	at com.kms.katalon.core.main.TestCaseExecutor.runScript(TestCaseExecutor.java:369)
	at com.kms.katalon.core.main.TestCaseExecutor.doExecute(TestCaseExecutor.java:360)
	at com.kms.katalon.core.main.TestCaseExecutor.processExecutionPhase(TestCaseExecutor.java:339)
	at com.kms.katalon.core.main.TestCaseExecutor.accessMainPhase(TestCaseExecutor.java:331)
	at com.kms.katalon.core.main.TestCaseExecutor.execute(TestCaseExecutor.java:248)
	at com.kms.katalon.core.main.TestSuiteExecutor.accessTestCaseMainPhase(TestSuiteExecutor.java:191)
	at com.kms.katalon.core.main.TestSuiteExecutor.accessTestSuiteMainPhase(TestSuiteExecutor.java:140)
	at com.kms.katalon.core.main.TestSuiteExecutor.execute(TestSuiteExecutor.java:89)
	at com.kms.katalon.core.main.TestCaseMain.startTestSuite(TestCaseMain.java:181)
	at com.kms.katalon.core.main.TestCaseMain$startTestSuite$0.call(Unknown Source)
	at TempTestSuite1637674444414.run(TempTestSuite1637674444414.groovy:39)
)

2021-11-23 16:47:33 - [TEST_STEP][PASSED] - Method.TextDegerineEsitElementVarMi(findTestObject("Object Repository/Tablo/DurumBilgisiArsiv"), "Başarılı"): Method.TextDegerineEsitElementVarMi is PASSED

2021-11-23 16:47:33 - [MESSAGE][INFO] - Finding Test Object 'Object Repository/Tablo/DurumBilgisiArsiv'

2021-11-23 16:47:33 - [MESSAGE][INFO] - Checking timeout

2021-11-23 16:47:33 - [MESSAGE][INFO] - Finding web element with id: 'Object Repository/Tablo/DurumBilgisiArsiv' located by 'By.xpath: //*[@id = 'GridViewEArchiveInvoices_tccell0_9']' in '10' second(s)

2021-11-23 16:47:33 - [MESSAGE][INFO] - Smart Wait Function is triggered

2021-11-23 16:47:33 - [MESSAGE][INFO] - Found 1 web elements with id: 'Object Repository/Tablo/DurumBilgisiArsiv' located by 'By.xpath: //*[@id = 'GridViewEArchiveInvoices_tccell0_9']' in '10' second(s)

2021-11-23 16:47:33 - [MESSAGE][PASSED] - Method.TextDegerineEsitElementVarMi is PASSED

2021-11-23 16:47:33 - [MESSAGE][PASSED] - Call Test Case 'Test Cases/Tablo/TablodaVeriBasariliMiArsiv' successfully

2021-11-23 16:47:33 - [MESSAGE][INFO] - Checking called Test Case

2021-11-23 16:47:33 - [MESSAGE][INFO] - Starting to call Test Case 'Test Cases/Kullanici_Islemleri/KullaniciIslemlerindenSecimYapilir'

2021-11-23 16:47:33 - [TEST_CASE][PASSED] - Test Cases/Kullanici_Islemleri/KullaniciIslemlerindenSecimYapilir: Test Cases/Kullanici_Islemleri/KullaniciIslemlerindenSecimYapilir

2021-11-23 16:47:33 - [TEST_STEP][PASSED] - waitForElementClickable(findTestObject("Object Repository/Kullanici_Islemleri/KullaniciIslemleri"), 10): Object 'Object Repository/Kullanici_Islemleri/KullaniciIslemleri' is clickable

2021-11-23 16:47:33 - [MESSAGE][INFO] - Finding Test Object 'Object Repository/Kullanici_Islemleri/KullaniciIslemleri'

2021-11-23 16:47:33 - [MESSAGE][INFO] - Checking object

2021-11-23 16:47:33 - [MESSAGE][INFO] - Checking timeout

2021-11-23 16:47:33 - [MESSAGE][INFO] - Finding web element from Test Object's properties

2021-11-23 16:47:33 - [MESSAGE][INFO] - Checking timeout

2021-11-23 16:47:33 - [MESSAGE][INFO] - Finding web element with id: 'Object Repository/Kullanici_Islemleri/KullaniciIslemleri' located by 'By.cssSelector: .dropdown>a>img' in '10' second(s)

2021-11-23 16:47:33 - [MESSAGE][INFO] - Smart Wait Function is triggered

2021-11-23 16:47:33 - [MESSAGE][INFO] - Found 1 web elements with id: 'Object Repository/Kullanici_Islemleri/KullaniciIslemleri' located by 'By.cssSelector: .dropdown>a>img' in '10' second(s)

2021-11-23 16:47:33 - [MESSAGE][PASSED] - Object 'Object Repository/Kullanici_Islemleri/KullaniciIslemleri' is clickable

2021-11-23 16:47:33 - [TEST_STEP][PASSED] - click(findTestObject("Object Repository/Kullanici_Islemleri/KullaniciIslemleri")): Object: 'Object Repository/Kullanici_Islemleri/KullaniciIslemleri' is clicked on

2021-11-23 16:47:33 - [MESSAGE][INFO] - Finding Test Object 'Object Repository/Kullanici_Islemleri/KullaniciIslemleri'

2021-11-23 16:47:34 - [MESSAGE][INFO] - Checking object

2021-11-23 16:47:34 - [MESSAGE][INFO] - Finding web element from Test Object's properties

2021-11-23 16:47:34 - [MESSAGE][INFO] - Checking timeout

2021-11-23 16:47:34 - [MESSAGE][INFO] - Finding web element with id: 'Object Repository/Kullanici_Islemleri/KullaniciIslemleri' located by 'By.cssSelector: .dropdown>a>img' in '30' second(s)

2021-11-23 16:47:34 - [MESSAGE][INFO] - Smart Wait Function is triggered

2021-11-23 16:47:34 - [MESSAGE][INFO] - Found 1 web elements with id: 'Object Repository/Kullanici_Islemleri/KullaniciIslemleri' located by 'By.cssSelector: .dropdown>a>img' in '30' second(s)

2021-11-23 16:47:34 - [MESSAGE][INFO] - Clicking on object: 'Object Repository/Kullanici_Islemleri/KullaniciIslemleri'

2021-11-23 16:47:34 - [MESSAGE][PASSED] - Object: 'Object Repository/Kullanici_Islemleri/KullaniciIslemleri' is clicked on

2021-11-23 16:47:34 - [TEST_STEP][PASSED] - Method.TextDegerineEsitElementeTikla(findTestObject("Object Repository/Kullanici_Islemleri/Secenekler"), Islem): Method.TextDegerineEsitElementeTikla is PASSED

2021-11-23 16:47:34 - [MESSAGE][INFO] - Finding Test Object 'Object Repository/Kullanici_Islemleri/Secenekler'

2021-11-23 16:47:34 - [MESSAGE][INFO] - Checking timeout

2021-11-23 16:47:34 - [MESSAGE][INFO] - Finding web element with id: 'Object Repository/Kullanici_Islemleri/Secenekler' located by 'By.cssSelector: .nav.navbar-nav.navbar-right li a' in '10' second(s)

2021-11-23 16:47:34 - [MESSAGE][INFO] - Smart Wait Function is triggered

2021-11-23 16:47:35 - [MESSAGE][INFO] - Found 20 web elements with id: 'Object Repository/Kullanici_Islemleri/Secenekler' located by 'By.cssSelector: .nav.navbar-nav.navbar-right li a' in '10' second(s)

2021-11-23 16:47:36 - [MESSAGE][PASSED] - Method.TextDegerineEsitElementeTikla is PASSED

2021-11-23 16:47:36 - [TEST_STEP][PASSED] - verifyElementNotPresent(findTestObject("Object Repository/Kullanici_Islemleri/Secenekler"), 10): Web element with id: 'Object Repository/Kullanici_Islemleri/Secenekler' located by 'By.cssSelector: .nav.navbar-nav.navbar-right li a' is not present after '10' second(s)

2021-11-23 16:47:36 - [MESSAGE][INFO] - Finding Test Object 'Object Repository/Kullanici_Islemleri/Secenekler'

2021-11-23 16:47:36 - [MESSAGE][INFO] - Checking object

2021-11-23 16:47:36 - [MESSAGE][INFO] - Checking timeout

2021-11-23 16:47:36 - [MESSAGE][INFO] - Finding web element with id: 'Object Repository/Kullanici_Islemleri/Secenekler' located by 'By.cssSelector: .nav.navbar-nav.navbar-right li a' in '10' second(s)

2021-11-23 16:47:36 - [MESSAGE][INFO] - Smart Wait Function is triggered

2021-11-23 16:47:37 - [MESSAGE][PASSED] - Web element with id: 'Object Repository/Kullanici_Islemleri/Secenekler' located by 'By.cssSelector: .nav.navbar-nav.navbar-right li a' is not present after '10' second(s)

2021-11-23 16:47:37 - [MESSAGE][PASSED] - Call Test Case 'Test Cases/Kullanici_Islemleri/KullaniciIslemlerindenSecimYapilir' successfully

2021-11-23 16:47:37 - [TEST_CASE][PASSED] - Start Test Case : SCENARIO Gonderim tipi Kagit ve Ozel Matrah tipinde e-Arsiv faturasi olusturulmasi: SCENARIO Gonderim tipi Kagit ve Ozel Matrah tipinde e-Arsiv faturasi olusturulmasi

2021-11-23 16:47:37 - [TEST_STEP][PASSED] - Kullanıcı adı EARMATRAH ve Şifre test1234 olarak giriş yapılır: Kullanıcı adı EARMATRAH ve Şifre test1234 olarak giriş yapılır

2021-11-23 16:47:37 - [MESSAGE][PASSED] - Kullanıcı adı EARMATRAH ve Şifre test1234 olarak giriş yapılır

2021-11-23 16:47:37 - [TEST_STEP][PASSED] - Ana menüden e-Arşiv seçilir: Ana menüden e-Arşiv seçilir

2021-11-23 16:47:37 - [MESSAGE][PASSED] - Ana menüden e-Arşiv seçilir

2021-11-23 16:47:37 - [TEST_STEP][PASSED] - Alt menü e-Arşiv Araçları başlığı altındaki e-Arşiv Fatura Oluşturma seçilir: Alt menü e-Arşiv Araçları başlığı altındaki e-Arşiv Fatura Oluşturma seçilir

2021-11-23 16:47:37 - [MESSAGE][PASSED] - Alt menü e-Arşiv Araçları başlığı altındaki e-Arşiv Fatura Oluşturma seçilir

2021-11-23 16:47:37 - [TEST_STEP][PASSED] - Tablodaki tüm veriler silinir: Tablodaki tüm veriler silinir

2021-11-23 16:47:37 - [MESSAGE][PASSED] - Tablodaki tüm veriler silinir

2021-11-23 16:47:37 - [TEST_STEP][PASSED] - Butonlardan Ekle isimli butona tıklanır: Butonlardan Ekle isimli butona tıklanır

2021-11-23 16:47:37 - [MESSAGE][PASSED] - Butonlardan Ekle isimli butona tıklanır

2021-11-23 16:47:37 - [TEST_STEP][PASSED] - Görsel tasarım sayfasının e-Arşiv Fatura Bilgileri başlığını içerdiği kontrol edilir: Görsel tasarım sayfasının e-Arşiv Fatura Bilgileri başlığını içerdiği kontrol edilir

2021-11-23 16:47:37 - [MESSAGE][PASSED] - Görsel tasarım sayfasının e-Arşiv Fatura Bilgileri başlığını içerdiği kontrol edilir

2021-11-23 16:47:37 - [TEST_STEP][PASSED] - Alıcı adı alanına UC0006 girilir: Alıcı adı alanına UC0006 girilir

2021-11-23 16:47:37 - [MESSAGE][PASSED] - Alıcı adı alanına UC0006 girilir

2021-11-23 16:47:37 - [TEST_STEP][PASSED] - Gönderim Şekli Elektronik olarak seçilir: Gönderim Şekli Elektronik olarak seçilir

2021-11-23 16:47:37 - [MESSAGE][PASSED] - Gönderim Şekli Elektronik olarak seçilir

2021-11-23 16:47:37 - [TEST_STEP][PASSED] - Tip alanından Özel Matrah seçilir: Tip alanından Özel Matrah seçilir

2021-11-23 16:47:37 - [MESSAGE][PASSED] - Tip alanından Özel Matrah seçilir

2021-11-23 16:47:37 - [TEST_STEP][PASSED] - Döküman Para Birimi alanından Türk Lirası seçilir: Döküman Para Birimi alanından Türk Lirası seçilir

2021-11-23 16:47:37 - [MESSAGE][PASSED] - Döküman Para Birimi alanından Türk Lirası seçilir

2021-11-23 16:47:37 - [TEST_STEP][PASSED] - Ön Ek EAR olarak seçilir: Ön Ek EAR olarak seçilir

2021-11-23 16:47:37 - [MESSAGE][PASSED] - Ön Ek EAR olarak seçilir

2021-11-23 16:47:37 - [TEST_STEP][PASSED] - Tasarım alanından Otomasyon seçilir: Tasarım alanından Otomasyon seçilir

2021-11-23 16:47:37 - [MESSAGE][PASSED] - Tasarım alanından Otomasyon seçilir

2021-11-23 16:47:37 - [TEST_STEP][PASSED] - Sipariş bilgileri UUC-SAT-1200001 ve 31.04.2020 olarak girilir: Sipariş bilgileri UUC-SAT-1200001 ve 31.04.2020 olarak girilir

2021-11-23 16:47:37 - [MESSAGE][PASSED] - Sipariş bilgileri UUC-SAT-1200001 ve 31.04.2020 olarak girilir

2021-11-23 16:47:37 - [TEST_STEP][PASSED] - İrsaliye Bilgileri AAAAAAAAAA,31.04.2020 olarak girilir: İrsaliye Bilgileri AAAAAAAAAA,31.04.2020 olarak girilir

2021-11-23 16:47:37 - [MESSAGE][PASSED] - İrsaliye Bilgileri AAAAAAAAAA,31.04.2020 olarak girilir

2021-11-23 16:47:37 - [TEST_STEP][PASSED] - Ekle butonuna basılır: Ekle butonuna basılır

2021-11-23 16:47:37 - [MESSAGE][PASSED] - Ekle butonuna basılır

2021-11-23 16:47:37 - [TEST_STEP][PASSED] - Ürün ekleme alanında Mal/Hizmet başlığına Otomasyon girilir: Ürün ekleme alanında Mal/Hizmet başlığına Otomasyon girilir

2021-11-23 16:47:37 - [MESSAGE][PASSED] - Ürün ekleme alanında Mal/Hizmet başlığına Otomasyon girilir

2021-11-23 16:47:37 - [TEST_STEP][PASSED] - Ürün ekleme alanında Açıklaması başlığına Virgosol girilir: Ürün ekleme alanında Açıklaması başlığına Virgosol girilir

2021-11-23 16:47:37 - [MESSAGE][PASSED] - Ürün ekleme alanında Açıklaması başlığına Virgosol girilir

2021-11-23 16:47:37 - [TEST_STEP][PASSED] - Ürün ekleme alanında Miktarı başlığına 400 girilir: Ürün ekleme alanında Miktarı başlığına 400 girilir

2021-11-23 16:47:37 - [MESSAGE][PASSED] - Ürün ekleme alanında Miktarı başlığına 400 girilir

2021-11-23 16:47:37 - [TEST_STEP][PASSED] - Ürün ekleme alanında Birim Fiyat başlığına 100 girilir: Ürün ekleme alanında Birim Fiyat başlığına 100 girilir

2021-11-23 16:47:37 - [MESSAGE][PASSED] - Ürün ekleme alanında Birim Fiyat başlığına 100 girilir

2021-11-23 16:47:37 - [TEST_STEP][PASSED] - Ürün ekleme alanında İskonto Oranı % başlığına 10 girilir: Ürün ekleme alanında İskonto Oranı % başlığına 10 girilir

2021-11-23 16:47:37 - [MESSAGE][PASSED] - Ürün ekleme alanında İskonto Oranı % başlığına 10 girilir

2021-11-23 16:47:37 - [TEST_STEP][PASSED] - Notlar alanına Otomasyon Not girilir: Notlar alanına Otomasyon Not girilir

2021-11-23 16:47:37 - [MESSAGE][PASSED] - Notlar alanına Otomasyon Not girilir

2021-11-23 16:47:37 - [TEST_STEP][PASSED] - Ettn bilgisi kayıt edilir: Ettn bilgisi kayıt edilir

2021-11-23 16:47:37 - [MESSAGE][PASSED] - Ettn bilgisi kayıt edilir

2021-11-23 16:47:37 - [TEST_STEP][PASSED] - Kaydet butonu seçilir: Kaydet butonu seçilir

2021-11-23 16:47:37 - [MESSAGE][PASSED] - Kaydet butonu seçilir

2021-11-23 16:47:37 - [TEST_STEP][PASSED] - Tabloda Ettn bilgisi kaydedilen veri oluşturuldu mu: Tabloda Ettn bilgisi kaydedilen veri oluşturuldu mu

2021-11-23 16:47:37 - [MESSAGE][PASSED] - Tabloda Ettn bilgisi kaydedilen veri oluşturuldu mu

2021-11-23 16:47:37 - [TEST_STEP][PASSED] - Tablodan Ettn bilgisi kaydedilen veri seçilir: Tablodan Ettn bilgisi kaydedilen veri seçilir

2021-11-23 16:47:37 - [MESSAGE][PASSED] - Tablodan Ettn bilgisi kaydedilen veri seçilir

2021-11-23 16:47:37 - [TEST_STEP][PASSED] - Butonlardan Numara Oluştur isimli butona tıklanır: Butonlardan Numara Oluştur isimli butona tıklanır

2021-11-23 16:47:37 - [MESSAGE][PASSED] - Butonlardan Numara Oluştur isimli butona tıklanır

2021-11-23 16:47:37 - [TEST_STEP][PASSED] - Popup mesajı Devam etmek istiyor musunuz içeriyor mu: Popup mesajı Devam etmek istiyor musunuz içeriyor mu

2021-11-23 16:47:37 - [MESSAGE][PASSED] - Popup mesajı Devam etmek istiyor musunuz içeriyor mu

2021-11-23 16:47:37 - [TEST_STEP][PASSED] - Yönetim popupında Evet seçilir: Yönetim popupında Evet seçilir

2021-11-23 16:47:37 - [MESSAGE][PASSED] - Yönetim popupında Evet seçilir

2021-11-23 16:47:37 - [TEST_STEP][PASSED] - Popup mesajı oluşmuştur içeriyor mu: Popup mesajı oluşmuştur içeriyor mu

2021-11-23 16:47:37 - [MESSAGE][PASSED] - Popup mesajı oluşmuştur içeriyor mu

2021-11-23 16:47:37 - [TEST_STEP][PASSED] - Yönetim popupında Tamam seçilir: Yönetim popupında Tamam seçilir

2021-11-23 16:47:37 - [MESSAGE][PASSED] - Yönetim popupında Tamam seçilir

2021-11-23 16:47:37 - [TEST_STEP][PASSED] - Tablodan Ettn bilgisi kaydedilen veri seçilir: Tablodan Ettn bilgisi kaydedilen veri seçilir

2021-11-23 16:47:37 - [MESSAGE][PASSED] - Tablodan Ettn bilgisi kaydedilen veri seçilir

2021-11-23 16:47:37 - [TEST_STEP][PASSED] - Butonlardan Gönder isimli butona tıklanır: Butonlardan Gönder isimli butona tıklanır

2021-11-23 16:47:37 - [MESSAGE][PASSED] - Butonlardan Gönder isimli butona tıklanır

2021-11-23 16:47:37 - [TEST_STEP][PASSED] - Popup mesajı Devam etmek istiyor musunuz içeriyor mu: Popup mesajı Devam etmek istiyor musunuz içeriyor mu

2021-11-23 16:47:37 - [MESSAGE][PASSED] - Popup mesajı Devam etmek istiyor musunuz içeriyor mu

2021-11-23 16:47:37 - [TEST_STEP][PASSED] - Yönetim popupında Evet seçilir: Yönetim popupında Evet seçilir

2021-11-23 16:47:37 - [MESSAGE][PASSED] - Yönetim popupında Evet seçilir

2021-11-23 16:47:37 - [TEST_STEP][PASSED] - Ana menüden e-Arşiv seçilir: Ana menüden e-Arşiv seçilir

2021-11-23 16:47:37 - [MESSAGE][PASSED] - Ana menüden e-Arşiv seçilir

2021-11-23 16:47:37 - [TEST_STEP][PASSED] - Alt menü e-Arşiv Hareketleri başlığı altındaki e-Arşiv Faturaları seçilir: Alt menü e-Arşiv Hareketleri başlığı altındaki e-Arşiv Faturaları seçilir

2021-11-23 16:47:37 - [MESSAGE][PASSED] - Alt menü e-Arşiv Hareketleri başlığı altındaki e-Arşiv Faturaları seçilir

2021-11-23 16:47:37 - [TEST_STEP][PASSED] - Filtrelerden Ettn filtresine Ettn bilgisi yaz: Filtrelerden Ettn filtresine Ettn bilgisi yaz

2021-11-23 16:47:37 - [MESSAGE][PASSED] - Filtrelerden Ettn filtresine Ettn bilgisi yaz

2021-11-23 16:47:37 - [TEST_STEP][PASSED] - Filtre butonlarından Listele seçilir: Filtre butonlarından Listele seçilir

2021-11-23 16:47:37 - [MESSAGE][PASSED] - Filtre butonlarından Listele seçilir

2021-11-23 16:47:37 - [TEST_STEP][PASSED] - Tabloda veri var mı kontrol edilir: Tabloda veri var mı kontrol edilir

2021-11-23 16:47:37 - [MESSAGE][PASSED] - Tabloda veri var mı kontrol edilir

2021-11-23 16:47:37 - [TEST_STEP][PASSED] - Tabloda yeni oluşturulan eArsiv verisi başarılı mı: Tabloda yeni oluşturulan eArsiv verisi başarılı mı

2021-11-23 16:47:37 - [MESSAGE][PASSED] - Tabloda yeni oluşturulan eArsiv verisi başarılı mı

2021-11-23 16:47:37 - [TEST_STEP][PASSED] - Kullanıcı işlemlerinden Çıkış seçilir: Kullanıcı işlemlerinden Çıkış seçilir

2021-11-23 16:47:37 - [MESSAGE][PASSED] - Kullanıcı işlemlerinden Çıkış seçilir

2021-11-23 16:47:37 - [MESSAGE][PASSED] - Feature file: 'Include/features/Regresyon/e-Arsiv/VKN-Elektronik-Ozel Matrah.feature' was passed

2021-11-23 16:47:37 - [TEST_STEP][PASSED] - Start listener action : sampleAfterTestSuite: Invoke 'com.kms.katalon.core.annotation.AfterTestCase' method: 'Listener.sampleAfterTestSuite(...)' completed.

2021-11-23 16:47:37 - [MESSAGE][INFO] - Starting invoke 'com.kms.katalon.core.annotation.AfterTestCase' method: 'Listener.sampleAfterTestSuite(...)'

2021-11-23 16:47:37 - [TEST_STEP][PASSED] - closeBrowser(): Invoke 'com.kms.katalon.core.annotation.AfterTestCase' method: 'Listener.sampleAfterTestSuite(...)' completed.

2021-11-23 16:47:37 - [MESSAGE][INFO] - Closing browser

2021-11-23 16:47:38 - [MESSAGE][PASSED] - Browser is closed

2021-11-23 16:47:38 - [MESSAGE][INFO] - Invoke 'com.kms.katalon.core.annotation.AfterTestCase' method: 'Listener.sampleAfterTestSuite(...)' completed.]]></system-out>
         <system-err><![CDATA[]]></system-err>
      </testcase>
      <testcase name="Test Cases/Case Repository/Regresyon/e-Arsiv/VKN-Elektronik-Satis" time="118.274" classname="Test Cases/Case Repository/Regresyon/e-Arsiv/VKN-Elektronik-Satis" status="PASSED">
         <system-out><![CDATA[2021-11-23 16:47:38 - [TEST_CASE][PASSED] - Test Cases/Case Repository/Regresyon/e-Arsiv/VKN-Elektronik-Satis: Test Cases/Case Repository/Regresyon/e-Arsiv/VKN-Elektronik-Satis

2021-11-23 16:47:38 - [TEST_STEP][PASSED] - Start listener action : sampleBeforeTestSuite: Invoke 'com.kms.katalon.core.annotation.BeforeTestCase' method: 'Listener.sampleBeforeTestSuite(...)' completed.

2021-11-23 16:47:38 - [MESSAGE][INFO] - Starting invoke 'com.kms.katalon.core.annotation.BeforeTestCase' method: 'Listener.sampleBeforeTestSuite(...)'

2021-11-23 16:47:38 - [TEST_STEP][PASSED] - openBrowser(baseUrl): Browser is opened with url: 'https://efatura-stage.elogo.com.tr/'

2021-11-23 16:47:38 - [MESSAGE][INFO] - Opening browser

2021-11-23 16:47:38 - [MESSAGE][INFO] - Starting 'Chrome' driver

2021-11-23 16:47:38 - [MESSAGE][INFO] - User set preference: ['prefs', '{download.default_directory=C:\otomasyondownfiles}']

2021-11-23 16:47:38 - [MESSAGE][INFO] - Action delay is set to 0 milliseconds

2021-11-23 16:47:39 - [MESSAGE][INFO] - Navigating browser to: 'https://efatura-stage.elogo.com.tr/'

2021-11-23 16:47:42 - [MESSAGE][PASSED] - Browser is opened with url: 'https://efatura-stage.elogo.com.tr/'

2021-11-23 16:47:42 - [TEST_STEP][PASSED] - maximizeWindow(): Invoke 'com.kms.katalon.core.annotation.BeforeTestCase' method: 'Listener.sampleBeforeTestSuite(...)' completed.

2021-11-23 16:47:42 - [MESSAGE][INFO] - Maximizing current window

2021-11-23 16:47:42 - [MESSAGE][PASSED] - Current window maximized

2021-11-23 16:47:42 - [MESSAGE][INFO] - Invoke 'com.kms.katalon.core.annotation.BeforeTestCase' method: 'Listener.sampleBeforeTestSuite(...)' completed.

2021-11-23 16:47:42 - [TEST_STEP][PASSED] - runFeatureFile("Include/features/Regresyon/e-Arsiv/VKN-Elektronik-Satis.feature"): Feature file: 'Include/features/Regresyon/e-Arsiv/VKN-Elektronik-Satis.feature' was passed

2021-11-23 16:47:42 - [MESSAGE][INFO] - Starting run keyword runFeatureFile: 'Include/features/Regresyon/e-Arsiv/VKN-Elektronik-Satis.feature' and extract report to folder: 'C:\Users\DELL\Documents\GitHub\EES_KatalonLogo\Reports\20211123_163326\Suite Repository\Regresyon-eArsiv-eMakbuz\20211123_163404/cucumber_report/1637675262935'...

2021-11-23 16:47:42 - [MESSAGE][INFO] - Glue: []

2021-11-23 16:47:46 - [MESSAGE][INFO] - Checking called Test Case

2021-11-23 16:47:46 - [MESSAGE][INFO] - Starting to call Test Case 'Test Cases/Sayfalar/Giris_Sayfasi/Login'

2021-11-23 16:47:46 - [TEST_CASE][PASSED] - Test Cases/Sayfalar/Giris_Sayfasi/Login: Test Cases/Sayfalar/Giris_Sayfasi/Login

2021-11-23 16:47:46 - [TEST_STEP][PASSED] - Sayfa_Basligi = getWindowTitle(): Current window's title is: 'LOGO e-Fatura'

2021-11-23 16:47:46 - [MESSAGE][INFO] - Getting current window's title

2021-11-23 16:47:46 - [MESSAGE][PASSED] - Current window's title is: 'LOGO e-Fatura'

2021-11-23 16:47:46 - [TEST_STEP][PASSED] - verifyMatch(Sayfa_Basligi, "LOGO e-Fatura", false): Actual text 'LOGO e-Fatura' and expected text 'LOGO e-Fatura' are matched 

2021-11-23 16:47:46 - [MESSAGE][INFO] - Matching actual text 'LOGO e-Fatura' with expected text 'LOGO e-Fatura'

2021-11-23 16:47:46 - [MESSAGE][PASSED] - Actual text 'LOGO e-Fatura' and expected text 'LOGO e-Fatura' are matched 

2021-11-23 16:47:46 - [TEST_STEP][PASSED] - sendKeys(findTestObject("Sayfalar/Giris_Sayfasi/Firma_Kodu"), KullaniciAdi): Keys 'EARSATIS' sent to object: 'Object Repository/Sayfalar/Giris_Sayfasi/Firma_Kodu'

2021-11-23 16:47:46 - [MESSAGE][INFO] - Finding Test Object 'Object Repository/Sayfalar/Giris_Sayfasi/Firma_Kodu'

2021-11-23 16:47:46 - [MESSAGE][INFO] - Sending keys 'EARSATIS' to object: 'Object Repository/Sayfalar/Giris_Sayfasi/Firma_Kodu'

2021-11-23 16:47:46 - [MESSAGE][INFO] - Finding web element from Test Object's properties

2021-11-23 16:47:46 - [MESSAGE][INFO] - Checking timeout

2021-11-23 16:47:46 - [MESSAGE][INFO] - Finding web element with id: 'Object Repository/Sayfalar/Giris_Sayfasi/Firma_Kodu' located by 'By.xpath: //*[@id = 'AccountName']' in '30' second(s)

2021-11-23 16:47:46 - [MESSAGE][INFO] - Smart Wait Function is triggered

2021-11-23 16:47:46 - [MESSAGE][INFO] - Found 1 web elements with id: 'Object Repository/Sayfalar/Giris_Sayfasi/Firma_Kodu' located by 'By.xpath: //*[@id = 'AccountName']' in '30' second(s)

2021-11-23 16:47:47 - [MESSAGE][PASSED] - Keys 'EARSATIS' sent to object: 'Object Repository/Sayfalar/Giris_Sayfasi/Firma_Kodu'

2021-11-23 16:47:47 - [TEST_STEP][PASSED] - sendKeys(findTestObject("Sayfalar/Giris_Sayfasi/Sifre"), Sifre): Keys 'test1234' sent to object: 'Object Repository/Sayfalar/Giris_Sayfasi/Sifre'

2021-11-23 16:47:47 - [MESSAGE][INFO] - Finding Test Object 'Object Repository/Sayfalar/Giris_Sayfasi/Sifre'

2021-11-23 16:47:47 - [MESSAGE][INFO] - Sending keys 'test1234' to object: 'Object Repository/Sayfalar/Giris_Sayfasi/Sifre'

2021-11-23 16:47:47 - [MESSAGE][INFO] - Finding web element from Test Object's properties

2021-11-23 16:47:47 - [MESSAGE][INFO] - Checking timeout

2021-11-23 16:47:47 - [MESSAGE][INFO] - Finding web element with id: 'Object Repository/Sayfalar/Giris_Sayfasi/Sifre' located by 'By.xpath: //*[@id = 'Password']' in '30' second(s)

2021-11-23 16:47:47 - [MESSAGE][INFO] - Smart Wait Function is triggered

2021-11-23 16:47:47 - [MESSAGE][INFO] - Found 1 web elements with id: 'Object Repository/Sayfalar/Giris_Sayfasi/Sifre' located by 'By.xpath: //*[@id = 'Password']' in '30' second(s)

2021-11-23 16:47:47 - [MESSAGE][PASSED] - Keys 'test1234' sent to object: 'Object Repository/Sayfalar/Giris_Sayfasi/Sifre'

2021-11-23 16:47:47 - [TEST_STEP][PASSED] - findWebElement(findTestObject("Sayfalar/Giris_Sayfasi/Giris_Butonu")).click(): Found 1 web elements with id: 'Object Repository/Sayfalar/Giris_Sayfasi/Giris_Butonu' located by 'By.cssSelector: #btnLogin' in '30' second(s)

2021-11-23 16:47:47 - [MESSAGE][INFO] - Finding Test Object 'Object Repository/Sayfalar/Giris_Sayfasi/Giris_Butonu'

2021-11-23 16:47:48 - [MESSAGE][INFO] - Finding web element from Test Object's properties

2021-11-23 16:47:48 - [MESSAGE][INFO] - Checking timeout

2021-11-23 16:47:48 - [MESSAGE][INFO] - Finding web element with id: 'Object Repository/Sayfalar/Giris_Sayfasi/Giris_Butonu' located by 'By.cssSelector: #btnLogin' in '30' second(s)

2021-11-23 16:47:48 - [MESSAGE][INFO] - Smart Wait Function is triggered

2021-11-23 16:47:48 - [MESSAGE][INFO] - Found 1 web elements with id: 'Object Repository/Sayfalar/Giris_Sayfasi/Giris_Butonu' located by 'By.cssSelector: #btnLogin' in '30' second(s)

2021-11-23 16:47:50 - [TEST_STEP][PASSED] - if (verifyElementPresent(findTestObject("Object Repository/Sayfalar/Giris_Sayfasi/RetveTamam_Butonu"), 5, OPTIONAL)): null

2021-11-23 16:47:50 - [MESSAGE][INFO] - Finding Test Object 'Object Repository/Sayfalar/Giris_Sayfasi/RetveTamam_Butonu'

2021-11-23 16:47:50 - [MESSAGE][INFO] - Checking object

2021-11-23 16:47:50 - [MESSAGE][INFO] - Finding web element from Test Object's properties

2021-11-23 16:47:50 - [MESSAGE][INFO] - Checking timeout

2021-11-23 16:47:50 - [MESSAGE][INFO] - Finding web element with id: 'Object Repository/Sayfalar/Giris_Sayfasi/RetveTamam_Butonu' located by 'By.xpath: //*[@class = 'btn btn-default']' in '5' second(s)

2021-11-23 16:47:50 - [MESSAGE][INFO] - Smart Wait Function is triggered

2021-11-23 16:47:50 - [MESSAGE][INFO] - Found 1 web elements with id: 'Object Repository/Sayfalar/Giris_Sayfasi/RetveTamam_Butonu' located by 'By.xpath: //*[@class = 'btn btn-default']' in '5' second(s)

2021-11-23 16:47:50 - [MESSAGE][PASSED] - Object 'Object Repository/Sayfalar/Giris_Sayfasi/RetveTamam_Butonu' is present

2021-11-23 16:47:50 - [TEST_STEP][PASSED] - click(findTestObject("Object Repository/Sayfalar/Giris_Sayfasi/RetveTamam_Butonu")): Object: 'Object Repository/Sayfalar/Giris_Sayfasi/RetveTamam_Butonu' is clicked on

2021-11-23 16:47:50 - [MESSAGE][INFO] - Finding Test Object 'Object Repository/Sayfalar/Giris_Sayfasi/RetveTamam_Butonu'

2021-11-23 16:47:50 - [MESSAGE][INFO] - Checking object

2021-11-23 16:47:50 - [MESSAGE][INFO] - Finding web element from Test Object's properties

2021-11-23 16:47:50 - [MESSAGE][INFO] - Checking timeout

2021-11-23 16:47:50 - [MESSAGE][INFO] - Finding web element with id: 'Object Repository/Sayfalar/Giris_Sayfasi/RetveTamam_Butonu' located by 'By.xpath: //*[@class = 'btn btn-default']' in '30' second(s)

2021-11-23 16:47:50 - [MESSAGE][INFO] - Smart Wait Function is triggered

2021-11-23 16:47:50 - [MESSAGE][INFO] - Found 1 web elements with id: 'Object Repository/Sayfalar/Giris_Sayfasi/RetveTamam_Butonu' located by 'By.xpath: //*[@class = 'btn btn-default']' in '30' second(s)

2021-11-23 16:47:50 - [MESSAGE][INFO] - Clicking on object: 'Object Repository/Sayfalar/Giris_Sayfasi/RetveTamam_Butonu'

2021-11-23 16:47:51 - [MESSAGE][PASSED] - Object: 'Object Repository/Sayfalar/Giris_Sayfasi/RetveTamam_Butonu' is clicked on

2021-11-23 16:47:51 - [TEST_STEP][PASSED] - click(findTestObject("Object Repository/Sayfalar/Giris_Sayfasi/RetveTamam_Butonu")): Object: 'Object Repository/Sayfalar/Giris_Sayfasi/RetveTamam_Butonu' is clicked on

2021-11-23 16:47:51 - [MESSAGE][INFO] - Finding Test Object 'Object Repository/Sayfalar/Giris_Sayfasi/RetveTamam_Butonu'

2021-11-23 16:47:51 - [MESSAGE][INFO] - Checking object

2021-11-23 16:47:51 - [MESSAGE][INFO] - Finding web element from Test Object's properties

2021-11-23 16:47:51 - [MESSAGE][INFO] - Checking timeout

2021-11-23 16:47:51 - [MESSAGE][INFO] - Finding web element with id: 'Object Repository/Sayfalar/Giris_Sayfasi/RetveTamam_Butonu' located by 'By.xpath: //*[@class = 'btn btn-default']' in '30' second(s)

2021-11-23 16:47:51 - [MESSAGE][INFO] - Smart Wait Function is triggered

2021-11-23 16:47:54 - [MESSAGE][INFO] - Found 1 web elements with id: 'Object Repository/Sayfalar/Giris_Sayfasi/RetveTamam_Butonu' located by 'By.xpath: //*[@class = 'btn btn-default']' in '30' second(s)

2021-11-23 16:47:54 - [MESSAGE][INFO] - Clicking on object: 'Object Repository/Sayfalar/Giris_Sayfasi/RetveTamam_Butonu'

2021-11-23 16:47:54 - [MESSAGE][PASSED] - Object: 'Object Repository/Sayfalar/Giris_Sayfasi/RetveTamam_Butonu' is clicked on

2021-11-23 16:47:54 - [TEST_STEP][PASSED] - if (verifyElementPresent(findTestObject("Sayfalar/Giris_Sayfasi/PopupOK"), 5, OPTIONAL)): com.kms.katalon.core.webui.exception.WebElementNotFoundException: Web element with id: 'Object Repository/Sayfalar/Giris_Sayfasi/PopupOK' located by '.btn.btn-success' not found (Root cause: com.kms.katalon.core.exception.StepFailedException: com.kms.katalon.core.webui.exception.WebElementNotFoundException: Web element with id: 'Object Repository/Sayfalar/Giris_Sayfasi/PopupOK' located by '.btn.btn-success' not found
	at com.kms.katalon.core.webui.keyword.internal.WebUIKeywordMain.stepFailed(WebUIKeywordMain.groovy:64)
	at com.kms.katalon.core.webui.keyword.builtin.VerifyElementPresentKeyword$_verifyElementPresent_closure1.doCall(VerifyElementPresentKeyword.groovy:85)
	at com.kms.katalon.core.webui.keyword.builtin.VerifyElementPresentKeyword$_verifyElementPresent_closure1.call(VerifyElementPresentKeyword.groovy)
	at com.kms.katalon.core.webui.keyword.internal.WebUIKeywordMain.runKeyword(WebUIKeywordMain.groovy:20)
	at com.kms.katalon.core.webui.keyword.builtin.VerifyElementPresentKeyword.verifyElementPresent(VerifyElementPresentKeyword.groovy:92)
	at com.kms.katalon.core.webui.keyword.builtin.VerifyElementPresentKeyword.execute(VerifyElementPresentKeyword.groovy:68)
	at com.kms.katalon.core.keyword.internal.KeywordExecutor.executeKeywordForPlatform(KeywordExecutor.groovy:73)
	at com.kms.katalon.core.webui.keyword.WebUiBuiltInKeywords.verifyElementPresent(WebUiBuiltInKeywords.groovy:1448)
	at com.kms.katalon.core.webui.keyword.WebUiBuiltInKeywords$verifyElementPresent$4.call(Unknown Source)
	at Login.run(Login:40)
	at com.kms.katalon.core.main.ScriptEngine.run(ScriptEngine.java:194)
	at com.kms.katalon.core.main.ScriptEngine.runScriptAsRawText(ScriptEngine.java:119)
	at com.kms.katalon.core.main.TestCaseExecutor.runScript(TestCaseExecutor.java:369)
	at com.kms.katalon.core.main.TestCaseExecutor.doExecute(TestCaseExecutor.java:360)
	at com.kms.katalon.core.main.TestCaseExecutor.processExecutionPhase(TestCaseExecutor.java:339)
	at com.kms.katalon.core.main.TestCaseExecutor.accessMainPhase(TestCaseExecutor.java:331)
	at com.kms.katalon.core.main.TestCaseExecutor.execute(TestCaseExecutor.java:248)
	at com.kms.katalon.core.main.TestCaseMain.runTestCase(TestCaseMain.java:138)
	at com.kms.katalon.core.keyword.builtin.CallTestCaseKeyword$_callTestCase_closure1.doCall(CallTestCaseKeyword.groovy:59)
	at com.kms.katalon.core.keyword.builtin.CallTestCaseKeyword$_callTestCase_closure1.call(CallTestCaseKeyword.groovy)
	at com.kms.katalon.core.keyword.internal.KeywordMain.runKeyword(KeywordMain.groovy:68)
	at com.kms.katalon.core.keyword.builtin.CallTestCaseKeyword.callTestCase(CallTestCaseKeyword.groovy:81)
	at com.kms.katalon.core.keyword.builtin.CallTestCaseKeyword.execute(CallTestCaseKeyword.groovy:44)
	at com.kms.katalon.core.keyword.internal.KeywordExecutor.executeKeywordForPlatform(KeywordExecutor.groovy:73)
	at com.kms.katalon.core.keyword.BuiltinKeywords.callTestCase(BuiltinKeywords.groovy:334)
	at sayfalar.girisSayfasi.login(girisSayfasi.groovy:50)
	at cucumber.runtime.Utils$1.call(Utils.java:26)
	at cucumber.runtime.Timeout.timeout(Timeout.java:16)
	at cucumber.runtime.Utils.invoke(Utils.java:20)
	at cucumber.runtime.java.JavaStepDefinition.execute(JavaStepDefinition.java:49)
	at cucumber.runner.PickleStepDefinitionMatch.runStep(PickleStepDefinitionMatch.java:50)
	at cucumber.runner.TestStep.executeStep(TestStep.java:63)
	at cucumber.runner.TestStep.run(TestStep.java:49)
	at cucumber.runner.PickleStepTestStep.run(PickleStepTestStep.java:43)
	at cucumber.runner.TestCase.run(TestCase.java:44)
	at cucumber.runner.Runner.runPickle(Runner.java:40)
	at cucumber.runtime.Runtime$1.run(Runtime.java:84)
	at cucumber.runtime.Runtime$SameThreadExecutorService.execute(Runtime.java:220)
	at cucumber.runtime.Runtime.run(Runtime.java:81)
	at cucumber.api.cli.Main.run(Main.java:26)
	at cucumber.api.cli.Main$run.call(Unknown Source)
	at com.kms.katalon.core.cucumber.keyword.CucumberBuiltinKeywords$_runFeatureFile_closure1.doCall(CucumberBuiltinKeywords.groovy:106)
	at com.kms.katalon.core.cucumber.keyword.CucumberBuiltinKeywords$_runFeatureFile_closure1.doCall(CucumberBuiltinKeywords.groovy)
	at com.kms.katalon.core.keyword.internal.KeywordMain.runKeyword(KeywordMain.groovy:68)
	at com.kms.katalon.core.keyword.internal.KeywordMain$runKeyword.call(Unknown Source)
	at com.kms.katalon.core.cucumber.keyword.CucumberBuiltinKeywords.runFeatureFile(CucumberBuiltinKeywords.groovy:73)
	at com.kms.katalon.core.cucumber.keyword.CucumberBuiltinKeywords$runFeatureFile$0.callStatic(Unknown Source)
	at com.kms.katalon.core.cucumber.keyword.CucumberBuiltinKeywords.runFeatureFile(CucumberBuiltinKeywords.groovy:246)
	at com.kms.katalon.core.cucumber.keyword.CucumberBuiltinKeywords$runFeatureFile.call(Unknown Source)
	at VKN-Elektronik-Satis.run(VKN-Elektronik-Satis:19)
	at com.kms.katalon.core.main.ScriptEngine.run(ScriptEngine.java:194)
	at com.kms.katalon.core.main.ScriptEngine.runScriptAsRawText(ScriptEngine.java:119)
	at com.kms.katalon.core.main.TestCaseExecutor.runScript(TestCaseExecutor.java:369)
	at com.kms.katalon.core.main.TestCaseExecutor.doExecute(TestCaseExecutor.java:360)
	at com.kms.katalon.core.main.TestCaseExecutor.processExecutionPhase(TestCaseExecutor.java:339)
	at com.kms.katalon.core.main.TestCaseExecutor.accessMainPhase(TestCaseExecutor.java:331)
	at com.kms.katalon.core.main.TestCaseExecutor.execute(TestCaseExecutor.java:248)
	at com.kms.katalon.core.main.TestSuiteExecutor.accessTestCaseMainPhase(TestSuiteExecutor.java:191)
	at com.kms.katalon.core.main.TestSuiteExecutor.accessTestSuiteMainPhase(TestSuiteExecutor.java:140)
	at com.kms.katalon.core.main.TestSuiteExecutor.execute(TestSuiteExecutor.java:89)
	at com.kms.katalon.core.main.TestCaseMain.startTestSuite(TestCaseMain.java:181)
	at com.kms.katalon.core.main.TestCaseMain$startTestSuite$0.call(Unknown Source)
	at TempTestSuite1637674444414.run(TempTestSuite1637674444414.groovy:39)
)

2021-11-23 16:47:54 - [MESSAGE][INFO] - Finding Test Object 'Object Repository/Sayfalar/Giris_Sayfasi/PopupOK'

2021-11-23 16:47:54 - [MESSAGE][INFO] - Checking object

2021-11-23 16:47:54 - [MESSAGE][INFO] - Finding web element from Test Object's properties

2021-11-23 16:47:54 - [MESSAGE][INFO] - Checking timeout

2021-11-23 16:47:54 - [MESSAGE][INFO] - Finding web element with id: 'Object Repository/Sayfalar/Giris_Sayfasi/PopupOK' located by 'By.cssSelector: .btn.btn-success' in '5' second(s)

2021-11-23 16:47:54 - [MESSAGE][INFO] - Smart Wait Function is triggered

2021-11-23 16:47:55 - [MESSAGE][INFO] - Smart Wait Function is triggered

2021-11-23 16:47:55 - [MESSAGE][INFO] - Smart Wait Function is triggered

2021-11-23 16:47:55 - [MESSAGE][INFO] - Smart Wait Function is triggered

2021-11-23 16:47:55 - [MESSAGE][INFO] - Smart Wait Function is triggered

2021-11-23 16:47:56 - [MESSAGE][INFO] - Smart Wait Function is triggered

2021-11-23 16:47:56 - [MESSAGE][INFO] - Smart Wait Function is triggered

2021-11-23 16:47:56 - [MESSAGE][INFO] - Smart Wait Function is triggered

2021-11-23 16:47:57 - [MESSAGE][INFO] - Smart Wait Function is triggered

2021-11-23 16:47:57 - [MESSAGE][INFO] - Smart Wait Function is triggered

2021-11-23 16:47:57 - [MESSAGE][INFO] - Smart Wait Function is triggered

2021-11-23 16:47:57 - [MESSAGE][INFO] - Smart Wait Function is triggered

2021-11-23 16:47:58 - [MESSAGE][INFO] - Smart Wait Function is triggered

2021-11-23 16:47:58 - [MESSAGE][INFO] - Smart Wait Function is triggered

2021-11-23 16:47:58 - [MESSAGE][INFO] - Smart Wait Function is triggered

2021-11-23 16:47:59 - [MESSAGE][INFO] - Smart Wait Function is triggered

2021-11-23 16:47:59 - [MESSAGE][INFO] - Smart Wait Function is triggered

2021-11-23 16:47:59 - [MESSAGE][INFO] - Smart Wait Function is triggered

2021-11-23 16:47:59 - [MESSAGE][INFO] - Smart Wait Function is triggered

2021-11-23 16:48:00 - [MESSAGE][INFO] - Smart Wait Function is triggered

2021-11-23 16:48:00 - [MESSAGE][INFO] - Smart Wait Function is triggered

2021-11-23 16:48:00 - [MESSAGE][INFO] - Unable to find the element located by 'By.cssSelector: .btn.btn-success'. Please recheck the objects properties to make sure the desired element is located. 

2021-11-23 16:48:00 - [MESSAGE][WARNING] - com.kms.katalon.core.webui.exception.WebElementNotFoundException: Web element with id: 'Object Repository/Sayfalar/Giris_Sayfasi/PopupOK' located by '.btn.btn-success' not found (Root cause: com.kms.katalon.core.exception.StepFailedException: com.kms.katalon.core.webui.exception.WebElementNotFoundException: Web element with id: 'Object Repository/Sayfalar/Giris_Sayfasi/PopupOK' located by '.btn.btn-success' not found
	at com.kms.katalon.core.webui.keyword.internal.WebUIKeywordMain.stepFailed(WebUIKeywordMain.groovy:64)
	at com.kms.katalon.core.webui.keyword.builtin.VerifyElementPresentKeyword$_verifyElementPresent_closure1.doCall(VerifyElementPresentKeyword.groovy:85)
	at com.kms.katalon.core.webui.keyword.builtin.VerifyElementPresentKeyword$_verifyElementPresent_closure1.call(VerifyElementPresentKeyword.groovy)
	at com.kms.katalon.core.webui.keyword.internal.WebUIKeywordMain.runKeyword(WebUIKeywordMain.groovy:20)
	at com.kms.katalon.core.webui.keyword.builtin.VerifyElementPresentKeyword.verifyElementPresent(VerifyElementPresentKeyword.groovy:92)
	at com.kms.katalon.core.webui.keyword.builtin.VerifyElementPresentKeyword.execute(VerifyElementPresentKeyword.groovy:68)
	at com.kms.katalon.core.keyword.internal.KeywordExecutor.executeKeywordForPlatform(KeywordExecutor.groovy:73)
	at com.kms.katalon.core.webui.keyword.WebUiBuiltInKeywords.verifyElementPresent(WebUiBuiltInKeywords.groovy:1448)
	at com.kms.katalon.core.webui.keyword.WebUiBuiltInKeywords$verifyElementPresent$4.call(Unknown Source)
	at Login.run(Login:40)
	at com.kms.katalon.core.main.ScriptEngine.run(ScriptEngine.java:194)
	at com.kms.katalon.core.main.ScriptEngine.runScriptAsRawText(ScriptEngine.java:119)
	at com.kms.katalon.core.main.TestCaseExecutor.runScript(TestCaseExecutor.java:369)
	at com.kms.katalon.core.main.TestCaseExecutor.doExecute(TestCaseExecutor.java:360)
	at com.kms.katalon.core.main.TestCaseExecutor.processExecutionPhase(TestCaseExecutor.java:339)
	at com.kms.katalon.core.main.TestCaseExecutor.accessMainPhase(TestCaseExecutor.java:331)
	at com.kms.katalon.core.main.TestCaseExecutor.execute(TestCaseExecutor.java:248)
	at com.kms.katalon.core.main.TestCaseMain.runTestCase(TestCaseMain.java:138)
	at com.kms.katalon.core.keyword.builtin.CallTestCaseKeyword$_callTestCase_closure1.doCall(CallTestCaseKeyword.groovy:59)
	at com.kms.katalon.core.keyword.builtin.CallTestCaseKeyword$_callTestCase_closure1.call(CallTestCaseKeyword.groovy)
	at com.kms.katalon.core.keyword.internal.KeywordMain.runKeyword(KeywordMain.groovy:68)
	at com.kms.katalon.core.keyword.builtin.CallTestCaseKeyword.callTestCase(CallTestCaseKeyword.groovy:81)
	at com.kms.katalon.core.keyword.builtin.CallTestCaseKeyword.execute(CallTestCaseKeyword.groovy:44)
	at com.kms.katalon.core.keyword.internal.KeywordExecutor.executeKeywordForPlatform(KeywordExecutor.groovy:73)
	at com.kms.katalon.core.keyword.BuiltinKeywords.callTestCase(BuiltinKeywords.groovy:334)
	at sayfalar.girisSayfasi.login(girisSayfasi.groovy:50)
	at cucumber.runtime.Utils$1.call(Utils.java:26)
	at cucumber.runtime.Timeout.timeout(Timeout.java:16)
	at cucumber.runtime.Utils.invoke(Utils.java:20)
	at cucumber.runtime.java.JavaStepDefinition.execute(JavaStepDefinition.java:49)
	at cucumber.runner.PickleStepDefinitionMatch.runStep(PickleStepDefinitionMatch.java:50)
	at cucumber.runner.TestStep.executeStep(TestStep.java:63)
	at cucumber.runner.TestStep.run(TestStep.java:49)
	at cucumber.runner.PickleStepTestStep.run(PickleStepTestStep.java:43)
	at cucumber.runner.TestCase.run(TestCase.java:44)
	at cucumber.runner.Runner.runPickle(Runner.java:40)
	at cucumber.runtime.Runtime$1.run(Runtime.java:84)
	at cucumber.runtime.Runtime$SameThreadExecutorService.execute(Runtime.java:220)
	at cucumber.runtime.Runtime.run(Runtime.java:81)
	at cucumber.api.cli.Main.run(Main.java:26)
	at cucumber.api.cli.Main$run.call(Unknown Source)
	at com.kms.katalon.core.cucumber.keyword.CucumberBuiltinKeywords$_runFeatureFile_closure1.doCall(CucumberBuiltinKeywords.groovy:106)
	at com.kms.katalon.core.cucumber.keyword.CucumberBuiltinKeywords$_runFeatureFile_closure1.doCall(CucumberBuiltinKeywords.groovy)
	at com.kms.katalon.core.keyword.internal.KeywordMain.runKeyword(KeywordMain.groovy:68)
	at com.kms.katalon.core.keyword.internal.KeywordMain$runKeyword.call(Unknown Source)
	at com.kms.katalon.core.cucumber.keyword.CucumberBuiltinKeywords.runFeatureFile(CucumberBuiltinKeywords.groovy:73)
	at com.kms.katalon.core.cucumber.keyword.CucumberBuiltinKeywords$runFeatureFile$0.callStatic(Unknown Source)
	at com.kms.katalon.core.cucumber.keyword.CucumberBuiltinKeywords.runFeatureFile(CucumberBuiltinKeywords.groovy:246)
	at com.kms.katalon.core.cucumber.keyword.CucumberBuiltinKeywords$runFeatureFile.call(Unknown Source)
	at VKN-Elektronik-Satis.run(VKN-Elektronik-Satis:19)
	at com.kms.katalon.core.main.ScriptEngine.run(ScriptEngine.java:194)
	at com.kms.katalon.core.main.ScriptEngine.runScriptAsRawText(ScriptEngine.java:119)
	at com.kms.katalon.core.main.TestCaseExecutor.runScript(TestCaseExecutor.java:369)
	at com.kms.katalon.core.main.TestCaseExecutor.doExecute(TestCaseExecutor.java:360)
	at com.kms.katalon.core.main.TestCaseExecutor.processExecutionPhase(TestCaseExecutor.java:339)
	at com.kms.katalon.core.main.TestCaseExecutor.accessMainPhase(TestCaseExecutor.java:331)
	at com.kms.katalon.core.main.TestCaseExecutor.execute(TestCaseExecutor.java:248)
	at com.kms.katalon.core.main.TestSuiteExecutor.accessTestCaseMainPhase(TestSuiteExecutor.java:191)
	at com.kms.katalon.core.main.TestSuiteExecutor.accessTestSuiteMainPhase(TestSuiteExecutor.java:140)
	at com.kms.katalon.core.main.TestSuiteExecutor.execute(TestSuiteExecutor.java:89)
	at com.kms.katalon.core.main.TestCaseMain.startTestSuite(TestCaseMain.java:181)
	at com.kms.katalon.core.main.TestCaseMain$startTestSuite$0.call(Unknown Source)
	at TempTestSuite1637674444414.run(TempTestSuite1637674444414.groovy:39)
)

2021-11-23 16:48:00 - [TEST_STEP][PASSED] - verifyElementVisible(findTestObject("Object Repository/Kullanici_Islemleri/KullaniciIslemleri")): Object 'Object Repository/Kullanici_Islemleri/KullaniciIslemleri' is visible

2021-11-23 16:48:00 - [MESSAGE][INFO] - Finding Test Object 'Object Repository/Kullanici_Islemleri/KullaniciIslemleri'

2021-11-23 16:48:00 - [MESSAGE][INFO] - Checking object

2021-11-23 16:48:00 - [MESSAGE][INFO] - Finding web element from Test Object's properties

2021-11-23 16:48:00 - [MESSAGE][INFO] - Checking timeout

2021-11-23 16:48:00 - [MESSAGE][INFO] - Finding web element with id: 'Object Repository/Kullanici_Islemleri/KullaniciIslemleri' located by 'By.cssSelector: .dropdown>a>img' in '30' second(s)

2021-11-23 16:48:00 - [MESSAGE][INFO] - Smart Wait Function is triggered

2021-11-23 16:48:00 - [MESSAGE][INFO] - Found 1 web elements with id: 'Object Repository/Kullanici_Islemleri/KullaniciIslemleri' located by 'By.cssSelector: .dropdown>a>img' in '30' second(s)

2021-11-23 16:48:01 - [MESSAGE][PASSED] - Object 'Object Repository/Kullanici_Islemleri/KullaniciIslemleri' is visible

2021-11-23 16:48:01 - [MESSAGE][PASSED] - Call Test Case 'Test Cases/Sayfalar/Giris_Sayfasi/Login' successfully

2021-11-23 16:48:01 - [MESSAGE][INFO] - Checking called Test Case

2021-11-23 16:48:01 - [MESSAGE][INFO] - Starting to call Test Case 'Test Cases/Menu/AnaMenuSecimi'

2021-11-23 16:48:01 - [TEST_CASE][PASSED] - Test Cases/Menu/AnaMenuSecimi: Test Cases/Menu/AnaMenuSecimi

2021-11-23 16:48:01 - [TEST_STEP][PASSED] - Method.TextDegerineEsitElementeTikla(findTestObject("Menu/Ana_Menu"), Ana_Menu): Method.TextDegerineEsitElementeTikla is PASSED

2021-11-23 16:48:01 - [MESSAGE][INFO] - Finding Test Object 'Object Repository/Menu/Ana_Menu'

2021-11-23 16:48:01 - [MESSAGE][INFO] - Checking timeout

2021-11-23 16:48:01 - [MESSAGE][INFO] - Finding web element with id: 'Object Repository/Menu/Ana_Menu' located by 'By.xpath: //*[@class = 'dropdown-toggle']' in '10' second(s)

2021-11-23 16:48:01 - [MESSAGE][INFO] - Smart Wait Function is triggered

2021-11-23 16:48:01 - [MESSAGE][INFO] - Found 13 web elements with id: 'Object Repository/Menu/Ana_Menu' located by 'By.xpath: //*[@class = 'dropdown-toggle']' in '10' second(s)

2021-11-23 16:48:01 - [MESSAGE][PASSED] - Method.TextDegerineEsitElementeTikla is PASSED

2021-11-23 16:48:01 - [MESSAGE][PASSED] - Call Test Case 'Test Cases/Menu/AnaMenuSecimi' successfully

2021-11-23 16:48:01 - [MESSAGE][INFO] - Checking called Test Case

2021-11-23 16:48:01 - [MESSAGE][INFO] - Starting to call Test Case 'Test Cases/Menu/BasligaGoreAltMenuSecimi'

2021-11-23 16:48:01 - [TEST_CASE][PASSED] - Test Cases/Menu/BasligaGoreAltMenuSecimi: Test Cases/Menu/BasligaGoreAltMenuSecimi

2021-11-23 16:48:01 - [TEST_STEP][PASSED] - Method.TextDegerineEsitElementinAltindakiTextDegerineEsitOlanaTikla(findTestObject("Menu/Menu_Basligi"), findTestObject("Menu/Basliga_Gore_Alt_Menu"), Baslik, Alt_Menu): Method.TextDegerineEsitElementinAltindakiTextDegerineEsitOlanaTikla is PASSED

2021-11-23 16:48:01 - [MESSAGE][INFO] - Finding Test Object 'Object Repository/Menu/Menu_Basligi'

2021-11-23 16:48:01 - [MESSAGE][INFO] - Finding Test Object 'Object Repository/Menu/Basliga_Gore_Alt_Menu'

2021-11-23 16:48:01 - [MESSAGE][INFO] - Checking timeout

2021-11-23 16:48:01 - [MESSAGE][INFO] - Finding web element with id: 'Object Repository/Menu/Menu_Basligi' located by 'By.xpath: //li[@class='dropdown dropdown-large open']//li[@class='dropdown-header']' in '10' second(s)

2021-11-23 16:48:01 - [MESSAGE][INFO] - Smart Wait Function is triggered

2021-11-23 16:48:02 - [MESSAGE][INFO] - Found 2 web elements with id: 'Object Repository/Menu/Menu_Basligi' located by 'By.xpath: //li[@class='dropdown dropdown-large open']//li[@class='dropdown-header']' in '10' second(s)

2021-11-23 16:48:02 - [MESSAGE][INFO] - Smart Wait Function is triggered

2021-11-23 16:48:06 - [MESSAGE][PASSED] - Method.TextDegerineEsitElementinAltindakiTextDegerineEsitOlanaTikla is PASSED

2021-11-23 16:48:06 - [MESSAGE][PASSED] - Call Test Case 'Test Cases/Menu/BasligaGoreAltMenuSecimi' successfully

2021-11-23 16:48:06 - [MESSAGE][INFO] - Checking called Test Case

2021-11-23 16:48:06 - [MESSAGE][INFO] - Starting to call Test Case 'Test Cases/Tablo/Olusturma Tarihi'

2021-11-23 16:48:06 - [TEST_CASE][PASSED] - Test Cases/Tablo/Olusturma Tarihi: Test Cases/Tablo/Olusturma Tarihi

2021-11-23 16:48:06 - [TEST_STEP][PASSED] - if (verifyTextNotPresent("Görüntülenecek veri yok", true, OPTIONAL)): null

2021-11-23 16:48:06 - [MESSAGE][INFO] - Checking text present  using regular expression

2021-11-23 16:48:06 - [MESSAGE][INFO] - Smart Wait Function is triggered

2021-11-23 16:48:06 - [MESSAGE][INFO] - Finding text 'Görüntülenecek veri yok' on page  using regular expression

2021-11-23 16:48:06 - [MESSAGE][PASSED] - Text 'Görüntülenecek veri yok' is not present on page using regular expression

2021-11-23 16:48:06 - [TEST_STEP][PASSED] - click(findTestObject("Temizle/Olusturma_Tarihi_CheckBox")): Object: 'Object Repository/Temizle/Olusturma_Tarihi_CheckBox' is clicked on

2021-11-23 16:48:06 - [MESSAGE][INFO] - Finding Test Object 'Object Repository/Temizle/Olusturma_Tarihi_CheckBox'

2021-11-23 16:48:06 - [MESSAGE][INFO] - Checking object

2021-11-23 16:48:06 - [MESSAGE][INFO] - Finding web element from Test Object's properties

2021-11-23 16:48:06 - [MESSAGE][INFO] - Checking timeout

2021-11-23 16:48:06 - [MESSAGE][INFO] - Finding web element with id: 'Object Repository/Temizle/Olusturma_Tarihi_CheckBox' located by 'By.xpath: //*[@title = 'Bu sayfadaki tüm satırları Seç']' in '30' second(s)

2021-11-23 16:48:06 - [MESSAGE][INFO] - Smart Wait Function is triggered

2021-11-23 16:48:07 - [MESSAGE][INFO] - Found 1 web elements with id: 'Object Repository/Temizle/Olusturma_Tarihi_CheckBox' located by 'By.xpath: //*[@title = 'Bu sayfadaki tüm satırları Seç']' in '30' second(s)

2021-11-23 16:48:07 - [MESSAGE][INFO] - Clicking on object: 'Object Repository/Temizle/Olusturma_Tarihi_CheckBox'

2021-11-23 16:48:07 - [MESSAGE][PASSED] - Object: 'Object Repository/Temizle/Olusturma_Tarihi_CheckBox' is clicked on

2021-11-23 16:48:07 - [TEST_STEP][PASSED] - Method.TextDegerineEsitElementeTiklaEquals(findTestObject("Butonlar/Butonlar"), "Sil"): Method.TextDegerineEsitElementeTiklaEquals is PASSED

2021-11-23 16:48:07 - [MESSAGE][INFO] - Finding Test Object 'Object Repository/Butonlar/Butonlar'

2021-11-23 16:48:07 - [MESSAGE][INFO] - Checking timeout

2021-11-23 16:48:07 - [MESSAGE][INFO] - Finding web element with id: 'Object Repository/Butonlar/Butonlar' located by 'By.cssSelector: .panel.panel-default.text-center.footerPanel .btn,.btn.btn-primary.btnControls' in '10' second(s)

2021-11-23 16:48:07 - [MESSAGE][INFO] - Smart Wait Function is triggered

2021-11-23 16:48:07 - [MESSAGE][INFO] - Found 9 web elements with id: 'Object Repository/Butonlar/Butonlar' located by 'By.cssSelector: .panel.panel-default.text-center.footerPanel .btn,.btn.btn-primary.btnControls' in '10' second(s)

2021-11-23 16:48:07 - [MESSAGE][PASSED] - Method.TextDegerineEsitElementeTiklaEquals is PASSED

2021-11-23 16:48:07 - [TEST_STEP][PASSED] - Method.TextDegerineEsitElementeTikla(findTestObject("Popup/Popup_Butons"), "Evet"): Method.TextDegerineEsitElementeTikla is PASSED

2021-11-23 16:48:07 - [MESSAGE][INFO] - Finding Test Object 'Object Repository/Popup/Popup_Butons'

2021-11-23 16:48:07 - [MESSAGE][INFO] - Checking timeout

2021-11-23 16:48:07 - [MESSAGE][INFO] - Finding web element with id: 'Object Repository/Popup/Popup_Butons' located by 'By.cssSelector: .modal-footer>button' in '10' second(s)

2021-11-23 16:48:07 - [MESSAGE][INFO] - Smart Wait Function is triggered

2021-11-23 16:48:08 - [MESSAGE][INFO] - Found 2 web elements with id: 'Object Repository/Popup/Popup_Butons' located by 'By.cssSelector: .modal-footer>button' in '10' second(s)

2021-11-23 16:48:08 - [MESSAGE][PASSED] - Method.TextDegerineEsitElementeTikla is PASSED

2021-11-23 16:48:08 - [TEST_STEP][PASSED] - Method.TextDegerineEsitElementeTikla(findTestObject("Popup/Popup_Butons"), "Tamam"): Method.TextDegerineEsitElementeTikla is PASSED

2021-11-23 16:48:08 - [MESSAGE][INFO] - Finding Test Object 'Object Repository/Popup/Popup_Butons'

2021-11-23 16:48:08 - [MESSAGE][INFO] - Checking timeout

2021-11-23 16:48:08 - [MESSAGE][INFO] - Finding web element with id: 'Object Repository/Popup/Popup_Butons' located by 'By.cssSelector: .modal-footer>button' in '10' second(s)

2021-11-23 16:48:08 - [MESSAGE][INFO] - Smart Wait Function is triggered

2021-11-23 16:48:09 - [MESSAGE][INFO] - Found 1 web elements with id: 'Object Repository/Popup/Popup_Butons' located by 'By.cssSelector: .modal-footer>button' in '10' second(s)

2021-11-23 16:48:09 - [MESSAGE][PASSED] - Method.TextDegerineEsitElementeTikla is PASSED

2021-11-23 16:48:09 - [MESSAGE][PASSED] - Call Test Case 'Test Cases/Tablo/Olusturma Tarihi' successfully

2021-11-23 16:48:09 - [MESSAGE][INFO] - Checking called Test Case

2021-11-23 16:48:09 - [MESSAGE][INFO] - Starting to call Test Case 'Test Cases/Butonlar/ButonaTikla'

2021-11-23 16:48:09 - [TEST_CASE][PASSED] - Test Cases/Butonlar/ButonaTikla: Test Cases/Butonlar/ButonaTikla

2021-11-23 16:48:09 - [TEST_STEP][PASSED] - Method.TextDegerineEsitElementeTiklaEquals(findTestObject("Butonlar/Butonlar"), Buton_Adi): Method.TextDegerineEsitElementeTiklaEquals is PASSED

2021-11-23 16:48:09 - [MESSAGE][INFO] - Finding Test Object 'Object Repository/Butonlar/Butonlar'

2021-11-23 16:48:09 - [MESSAGE][INFO] - Checking timeout

2021-11-23 16:48:09 - [MESSAGE][INFO] - Finding web element with id: 'Object Repository/Butonlar/Butonlar' located by 'By.cssSelector: .panel.panel-default.text-center.footerPanel .btn,.btn.btn-primary.btnControls' in '10' second(s)

2021-11-23 16:48:09 - [MESSAGE][INFO] - Smart Wait Function is triggered

2021-11-23 16:48:10 - [MESSAGE][INFO] - Found 9 web elements with id: 'Object Repository/Butonlar/Butonlar' located by 'By.cssSelector: .panel.panel-default.text-center.footerPanel .btn,.btn.btn-primary.btnControls' in '10' second(s)

2021-11-23 16:48:10 - [MESSAGE][PASSED] - Method.TextDegerineEsitElementeTiklaEquals is PASSED

2021-11-23 16:48:10 - [MESSAGE][PASSED] - Call Test Case 'Test Cases/Butonlar/ButonaTikla' successfully

2021-11-23 16:48:10 - [MESSAGE][INFO] - Checking called Test Case

2021-11-23 16:48:10 - [MESSAGE][INFO] - Starting to call Test Case 'Test Cases/Olusturma/Genel/GorselTasarimSayfasıBasligiIceriyorMu'

2021-11-23 16:48:10 - [TEST_CASE][PASSED] - Test Cases/Olusturma/Genel/GorselTasarimSayfasıBasligiIceriyorMu: Test Cases/Olusturma/Genel/GorselTasarimSayfasıBasligiIceriyorMu

2021-11-23 16:48:10 - [TEST_STEP][PASSED] - verifyElementText(findTestObject("Object Repository/Olusturma/Genel/GorselTasarimBaslik"), Baslik): Actual text and expected text of test object 'Object Repository/Olusturma/Genel/GorselTasarimBaslik' are matched.

2021-11-23 16:48:10 - [MESSAGE][INFO] - Finding Test Object 'Object Repository/Olusturma/Genel/GorselTasarimBaslik'

2021-11-23 16:48:10 - [MESSAGE][INFO] - Checking object

2021-11-23 16:48:10 - [MESSAGE][INFO] - Finding web element from Test Object's properties

2021-11-23 16:48:10 - [MESSAGE][INFO] - Checking timeout

2021-11-23 16:48:10 - [MESSAGE][INFO] - Finding web element with id: 'Object Repository/Olusturma/Genel/GorselTasarimBaslik' located by 'By.cssSelector: #flAlici_0>div>span' in '30' second(s)

2021-11-23 16:48:10 - [MESSAGE][INFO] - Smart Wait Function is triggered

2021-11-23 16:48:16 - [MESSAGE][INFO] - Found 1 web elements with id: 'Object Repository/Olusturma/Genel/GorselTasarimBaslik' located by 'By.cssSelector: #flAlici_0>div>span' in '30' second(s)

2021-11-23 16:48:17 - [MESSAGE][PASSED] - Actual text and expected text of test object 'Object Repository/Olusturma/Genel/GorselTasarimBaslik' are matched.

2021-11-23 16:48:17 - [MESSAGE][PASSED] - Call Test Case 'Test Cases/Olusturma/Genel/GorselTasarimSayfasıBasligiIceriyorMu' successfully

2021-11-23 16:48:17 - [MESSAGE][INFO] - Checking called Test Case

2021-11-23 16:48:17 - [MESSAGE][INFO] - Starting to call Test Case 'Test Cases/Olusturma/Genel/AliciSecilir'

2021-11-23 16:48:17 - [TEST_CASE][PASSED] - Test Cases/Olusturma/Genel/AliciSecilir: Test Cases/Olusturma/Genel/AliciSecilir

2021-11-23 16:48:17 - [TEST_STEP][PASSED] - click(findTestObject("Olusturma/Genel/AliciBilgisi/Alici_Ara")): Object: 'Object Repository/Olusturma/Genel/AliciBilgisi/Alici_Ara' is clicked on

2021-11-23 16:48:17 - [MESSAGE][INFO] - Finding Test Object 'Object Repository/Olusturma/Genel/AliciBilgisi/Alici_Ara'

2021-11-23 16:48:17 - [MESSAGE][INFO] - Checking object

2021-11-23 16:48:17 - [MESSAGE][INFO] - Finding web element from Test Object's properties

2021-11-23 16:48:17 - [MESSAGE][INFO] - Checking timeout

2021-11-23 16:48:17 - [MESSAGE][INFO] - Finding web element with id: 'Object Repository/Olusturma/Genel/AliciBilgisi/Alici_Ara' located by 'By.xpath: //td[@id='txtCustomerText_B-1']' in '30' second(s)

2021-11-23 16:48:17 - [MESSAGE][INFO] - Smart Wait Function is triggered

2021-11-23 16:48:17 - [MESSAGE][INFO] - Found 1 web elements with id: 'Object Repository/Olusturma/Genel/AliciBilgisi/Alici_Ara' located by 'By.xpath: //td[@id='txtCustomerText_B-1']' in '30' second(s)

2021-11-23 16:48:17 - [MESSAGE][INFO] - Clicking on object: 'Object Repository/Olusturma/Genel/AliciBilgisi/Alici_Ara'

2021-11-23 16:48:17 - [MESSAGE][PASSED] - Object: 'Object Repository/Olusturma/Genel/AliciBilgisi/Alici_Ara' is clicked on

2021-11-23 16:48:17 - [TEST_STEP][PASSED] - click(findTestObject("Olusturma/Genel/AliciBilgisi/Alici_Bilgisi")): Object: 'Object Repository/Olusturma/Genel/AliciBilgisi/Alici_Bilgisi' is clicked on

2021-11-23 16:48:17 - [MESSAGE][INFO] - Finding Test Object 'Object Repository/Olusturma/Genel/AliciBilgisi/Alici_Bilgisi'

2021-11-23 16:48:17 - [MESSAGE][INFO] - Checking object

2021-11-23 16:48:17 - [MESSAGE][INFO] - Finding web element from Test Object's properties

2021-11-23 16:48:17 - [MESSAGE][INFO] - Checking timeout

2021-11-23 16:48:17 - [MESSAGE][INFO] - Finding web element with id: 'Object Repository/Olusturma/Genel/AliciBilgisi/Alici_Bilgisi' located by 'By.xpath: //iframe[@id='customerselectiframe']' in '30' second(s)

2021-11-23 16:48:17 - [MESSAGE][INFO] - Smart Wait Function is triggered

2021-11-23 16:48:18 - [MESSAGE][INFO] - Found 1 web elements with id: 'Object Repository/Olusturma/Genel/AliciBilgisi/Alici_Bilgisi' located by 'By.xpath: //iframe[@id='customerselectiframe']' in '30' second(s)

2021-11-23 16:48:18 - [MESSAGE][INFO] - Clicking on object: 'Object Repository/Olusturma/Genel/AliciBilgisi/Alici_Bilgisi'

2021-11-23 16:48:18 - [MESSAGE][PASSED] - Object: 'Object Repository/Olusturma/Genel/AliciBilgisi/Alici_Bilgisi' is clicked on

2021-11-23 16:48:18 - [TEST_STEP][PASSED] - setText(findTestObject("Olusturma/Genel/AliciBilgisi/Alici_Gir"), Alici_Adi): Switching to default content

2021-11-23 16:48:18 - [MESSAGE][INFO] - Finding Test Object 'Object Repository/Olusturma/Genel/AliciBilgisi/Alici_Gir'

2021-11-23 16:48:18 - [MESSAGE][INFO] - Finding Test Object 'Object Repository/Olusturma/Genel/AliciBilgisi/Alici_Bilgisi'

2021-11-23 16:48:18 - [MESSAGE][INFO] - Checking object

2021-11-23 16:48:18 - [MESSAGE][INFO] - Checking text

2021-11-23 16:48:18 - [MESSAGE][INFO] - Object: 'Object Repository/Olusturma/Genel/AliciBilgisi/Alici_Gir' has parent object(s)

2021-11-23 16:48:18 - [MESSAGE][INFO] - Switching to iframe: 'Object Repository/Olusturma/Genel/AliciBilgisi/Alici_Bilgisi'

2021-11-23 16:48:18 - [MESSAGE][INFO] - Finding web element from Test Object's properties

2021-11-23 16:48:18 - [MESSAGE][INFO] - Checking timeout

2021-11-23 16:48:18 - [MESSAGE][INFO] - Finding web element with id: 'Object Repository/Olusturma/Genel/AliciBilgisi/Alici_Bilgisi' located by 'By.xpath: //iframe[@id='customerselectiframe']' in '30' second(s)

2021-11-23 16:48:18 - [MESSAGE][INFO] - Smart Wait Function is triggered

2021-11-23 16:48:18 - [MESSAGE][INFO] - Found 1 web elements with id: 'Object Repository/Olusturma/Genel/AliciBilgisi/Alici_Bilgisi' located by 'By.xpath: //iframe[@id='customerselectiframe']' in '30' second(s)

2021-11-23 16:48:18 - [MESSAGE][INFO] - Switched to iframe: 'Object Repository/Olusturma/Genel/AliciBilgisi/Alici_Bilgisi'

2021-11-23 16:48:18 - [MESSAGE][INFO] - Finding web element from Test Object's properties

2021-11-23 16:48:18 - [MESSAGE][INFO] - Checking timeout

2021-11-23 16:48:18 - [MESSAGE][INFO] - Finding web element with id: 'Object Repository/Olusturma/Genel/AliciBilgisi/Alici_Gir' located by 'By.xpath: //input[@id='GridViewCustomer_DXFREditorcol1_I']' in '30' second(s)

2021-11-23 16:48:18 - [MESSAGE][INFO] - Smart Wait Function is triggered

2021-11-23 16:48:18 - [MESSAGE][INFO] - Found 1 web elements with id: 'Object Repository/Olusturma/Genel/AliciBilgisi/Alici_Gir' located by 'By.xpath: //input[@id='GridViewCustomer_DXFREditorcol1_I']' in '30' second(s)

2021-11-23 16:48:18 - [MESSAGE][INFO] - Clearing text of object 'Object Repository/Olusturma/Genel/AliciBilgisi/Alici_Gir'

2021-11-23 16:48:18 - [MESSAGE][INFO] - Finding web element from Test Object's properties

2021-11-23 16:48:18 - [MESSAGE][INFO] - Checking timeout

2021-11-23 16:48:18 - [MESSAGE][INFO] - Finding web element with id: 'Object Repository/Olusturma/Genel/AliciBilgisi/Alici_Gir' located by 'By.xpath: //input[@id='GridViewCustomer_DXFREditorcol1_I']' in '30' second(s)

2021-11-23 16:48:18 - [MESSAGE][INFO] - Smart Wait Function is triggered

2021-11-23 16:48:18 - [MESSAGE][INFO] - Found 1 web elements with id: 'Object Repository/Olusturma/Genel/AliciBilgisi/Alici_Gir' located by 'By.xpath: //input[@id='GridViewCustomer_DXFREditorcol1_I']' in '30' second(s)

2021-11-23 16:48:18 - [MESSAGE][INFO] - Setting text of object 'Object Repository/Olusturma/Genel/AliciBilgisi/Alici_Gir' to value 'UC0007'

2021-11-23 16:48:18 - [MESSAGE][PASSED] - Text 'UC0007' is set on object 'Object Repository/Olusturma/Genel/AliciBilgisi/Alici_Gir'

2021-11-23 16:48:18 - [MESSAGE][INFO] - Switching to default content

2021-11-23 16:48:18 - [TEST_STEP][PASSED] - waitForElementClickable(findTestObject("Olusturma/Genel/AliciBilgisi/Alici_Adi"), 10): Switching to default content

2021-11-23 16:48:18 - [MESSAGE][INFO] - Finding Test Object 'Object Repository/Olusturma/Genel/AliciBilgisi/Alici_Adi'

2021-11-23 16:48:18 - [MESSAGE][INFO] - Finding Test Object 'Object Repository/Olusturma/Genel/AliciBilgisi/iframe_Alc Bilgisi_customerselectiframe'

2021-11-23 16:48:18 - [MESSAGE][INFO] - Checking object

2021-11-23 16:48:18 - [MESSAGE][INFO] - Checking timeout

2021-11-23 16:48:18 - [MESSAGE][INFO] - Object: 'Object Repository/Olusturma/Genel/AliciBilgisi/Alici_Adi' has parent object(s)

2021-11-23 16:48:18 - [MESSAGE][INFO] - Switching to iframe: 'Object Repository/Olusturma/Genel/AliciBilgisi/iframe_Alc Bilgisi_customerselectiframe'

2021-11-23 16:48:18 - [MESSAGE][INFO] - Finding web element from Test Object's properties

2021-11-23 16:48:18 - [MESSAGE][INFO] - Checking timeout

2021-11-23 16:48:18 - [MESSAGE][INFO] - Finding web element with id: 'Object Repository/Olusturma/Genel/AliciBilgisi/iframe_Alc Bilgisi_customerselectiframe' located by 'By.xpath: //iframe[@id='customerselectiframe']' in '10' second(s)

2021-11-23 16:48:18 - [MESSAGE][INFO] - Smart Wait Function is triggered

2021-11-23 16:48:19 - [MESSAGE][INFO] - Found 1 web elements with id: 'Object Repository/Olusturma/Genel/AliciBilgisi/iframe_Alc Bilgisi_customerselectiframe' located by 'By.xpath: //iframe[@id='customerselectiframe']' in '10' second(s)

2021-11-23 16:48:19 - [MESSAGE][INFO] - Switched to iframe: 'Object Repository/Olusturma/Genel/AliciBilgisi/iframe_Alc Bilgisi_customerselectiframe'

2021-11-23 16:48:19 - [MESSAGE][INFO] - Finding web element from Test Object's properties

2021-11-23 16:48:19 - [MESSAGE][INFO] - Checking timeout

2021-11-23 16:48:19 - [MESSAGE][INFO] - Finding web element with id: 'Object Repository/Olusturma/Genel/AliciBilgisi/Alici_Adi' located by 'By.xpath: //tr[@id='GridViewCustomer_DXDataRow0']/td[2]' in '10' second(s)

2021-11-23 16:48:19 - [MESSAGE][INFO] - Smart Wait Function is triggered

2021-11-23 16:48:19 - [MESSAGE][INFO] - Found 1 web elements with id: 'Object Repository/Olusturma/Genel/AliciBilgisi/Alici_Adi' located by 'By.xpath: //tr[@id='GridViewCustomer_DXDataRow0']/td[2]' in '10' second(s)

2021-11-23 16:48:19 - [MESSAGE][PASSED] - Object 'Object Repository/Olusturma/Genel/AliciBilgisi/Alici_Adi' is clickable

2021-11-23 16:48:19 - [MESSAGE][INFO] - Switching to default content

2021-11-23 16:48:19 - [TEST_STEP][PASSED] - click(findTestObject("Olusturma/Genel/AliciBilgisi/frame")): Switching to default content

2021-11-23 16:48:19 - [MESSAGE][INFO] - Finding Test Object 'Object Repository/Olusturma/Genel/AliciBilgisi/frame'

2021-11-23 16:48:19 - [MESSAGE][INFO] - Finding Test Object 'Object Repository/Olusturma/Genel/AliciBilgisi/iframe_Alc Bilgisi_customerselectiframe'

2021-11-23 16:48:19 - [MESSAGE][INFO] - Checking object

2021-11-23 16:48:19 - [MESSAGE][INFO] - Object: 'Object Repository/Olusturma/Genel/AliciBilgisi/frame' has parent object(s)

2021-11-23 16:48:19 - [MESSAGE][INFO] - Switching to iframe: 'Object Repository/Olusturma/Genel/AliciBilgisi/iframe_Alc Bilgisi_customerselectiframe'

2021-11-23 16:48:19 - [MESSAGE][INFO] - Finding web element from Test Object's properties

2021-11-23 16:48:19 - [MESSAGE][INFO] - Checking timeout

2021-11-23 16:48:19 - [MESSAGE][INFO] - Finding web element with id: 'Object Repository/Olusturma/Genel/AliciBilgisi/iframe_Alc Bilgisi_customerselectiframe' located by 'By.xpath: //iframe[@id='customerselectiframe']' in '30' second(s)

2021-11-23 16:48:19 - [MESSAGE][INFO] - Smart Wait Function is triggered

2021-11-23 16:48:19 - [MESSAGE][INFO] - Found 1 web elements with id: 'Object Repository/Olusturma/Genel/AliciBilgisi/iframe_Alc Bilgisi_customerselectiframe' located by 'By.xpath: //iframe[@id='customerselectiframe']' in '30' second(s)

2021-11-23 16:48:19 - [MESSAGE][INFO] - Switched to iframe: 'Object Repository/Olusturma/Genel/AliciBilgisi/iframe_Alc Bilgisi_customerselectiframe'

2021-11-23 16:48:19 - [MESSAGE][INFO] - Finding web element from Test Object's properties

2021-11-23 16:48:19 - [MESSAGE][INFO] - Checking timeout

2021-11-23 16:48:19 - [MESSAGE][INFO] - Finding web element with id: 'Object Repository/Olusturma/Genel/AliciBilgisi/frame' located by 'By.xpath: //*/text()[normalize-space(.)='']/parent::*' in '30' second(s)

2021-11-23 16:48:19 - [MESSAGE][INFO] - Smart Wait Function is triggered

2021-11-23 16:48:19 - [MESSAGE][INFO] - Found 66 web elements with id: 'Object Repository/Olusturma/Genel/AliciBilgisi/frame' located by 'By.xpath: //*/text()[normalize-space(.)='']/parent::*' in '30' second(s)

2021-11-23 16:48:19 - [MESSAGE][INFO] - Clicking on object: 'Object Repository/Olusturma/Genel/AliciBilgisi/frame'

2021-11-23 16:48:19 - [MESSAGE][PASSED] - Object: 'Object Repository/Olusturma/Genel/AliciBilgisi/frame' is clicked on

2021-11-23 16:48:19 - [MESSAGE][INFO] - Switching to default content

2021-11-23 16:48:19 - [TEST_STEP][PASSED] - click(findTestObject("Olusturma/Genel/AliciBilgisi/Alici_Adi")): Switching to default content

2021-11-23 16:48:19 - [MESSAGE][INFO] - Finding Test Object 'Object Repository/Olusturma/Genel/AliciBilgisi/Alici_Adi'

2021-11-23 16:48:20 - [MESSAGE][INFO] - Finding Test Object 'Object Repository/Olusturma/Genel/AliciBilgisi/iframe_Alc Bilgisi_customerselectiframe'

2021-11-23 16:48:20 - [MESSAGE][INFO] - Checking object

2021-11-23 16:48:20 - [MESSAGE][INFO] - Object: 'Object Repository/Olusturma/Genel/AliciBilgisi/Alici_Adi' has parent object(s)

2021-11-23 16:48:20 - [MESSAGE][INFO] - Switching to iframe: 'Object Repository/Olusturma/Genel/AliciBilgisi/iframe_Alc Bilgisi_customerselectiframe'

2021-11-23 16:48:20 - [MESSAGE][INFO] - Finding web element from Test Object's properties

2021-11-23 16:48:20 - [MESSAGE][INFO] - Checking timeout

2021-11-23 16:48:20 - [MESSAGE][INFO] - Finding web element with id: 'Object Repository/Olusturma/Genel/AliciBilgisi/iframe_Alc Bilgisi_customerselectiframe' located by 'By.xpath: //iframe[@id='customerselectiframe']' in '30' second(s)

2021-11-23 16:48:20 - [MESSAGE][INFO] - Smart Wait Function is triggered

2021-11-23 16:48:20 - [MESSAGE][INFO] - Found 1 web elements with id: 'Object Repository/Olusturma/Genel/AliciBilgisi/iframe_Alc Bilgisi_customerselectiframe' located by 'By.xpath: //iframe[@id='customerselectiframe']' in '30' second(s)

2021-11-23 16:48:20 - [MESSAGE][INFO] - Switched to iframe: 'Object Repository/Olusturma/Genel/AliciBilgisi/iframe_Alc Bilgisi_customerselectiframe'

2021-11-23 16:48:20 - [MESSAGE][INFO] - Finding web element from Test Object's properties

2021-11-23 16:48:20 - [MESSAGE][INFO] - Checking timeout

2021-11-23 16:48:20 - [MESSAGE][INFO] - Finding web element with id: 'Object Repository/Olusturma/Genel/AliciBilgisi/Alici_Adi' located by 'By.xpath: //tr[@id='GridViewCustomer_DXDataRow0']/td[2]' in '30' second(s)

2021-11-23 16:48:20 - [MESSAGE][INFO] - Smart Wait Function is triggered

2021-11-23 16:48:20 - [MESSAGE][INFO] - Found 1 web elements with id: 'Object Repository/Olusturma/Genel/AliciBilgisi/Alici_Adi' located by 'By.xpath: //tr[@id='GridViewCustomer_DXDataRow0']/td[2]' in '30' second(s)

2021-11-23 16:48:20 - [MESSAGE][INFO] - Clicking on object: 'Object Repository/Olusturma/Genel/AliciBilgisi/Alici_Adi'

2021-11-23 16:48:20 - [MESSAGE][PASSED] - Object: 'Object Repository/Olusturma/Genel/AliciBilgisi/Alici_Adi' is clicked on

2021-11-23 16:48:20 - [MESSAGE][INFO] - Switching to default content

2021-11-23 16:48:20 - [TEST_STEP][PASSED] - click(findTestObject("Olusturma/Genel/AliciBilgisi/Tamam_Bosluk")): Switching to default content

2021-11-23 16:48:20 - [MESSAGE][INFO] - Finding Test Object 'Object Repository/Olusturma/Genel/AliciBilgisi/Tamam_Bosluk'

2021-11-23 16:48:20 - [MESSAGE][INFO] - Finding Test Object 'Object Repository/Olusturma/Genel/AliciBilgisi/Alici_Bilgisi'

2021-11-23 16:48:20 - [MESSAGE][INFO] - Checking object

2021-11-23 16:48:20 - [MESSAGE][INFO] - Object: 'Object Repository/Olusturma/Genel/AliciBilgisi/Tamam_Bosluk' has parent object(s)

2021-11-23 16:48:20 - [MESSAGE][INFO] - Switching to iframe: 'Object Repository/Olusturma/Genel/AliciBilgisi/Alici_Bilgisi'

2021-11-23 16:48:20 - [MESSAGE][INFO] - Finding web element from Test Object's properties

2021-11-23 16:48:20 - [MESSAGE][INFO] - Checking timeout

2021-11-23 16:48:20 - [MESSAGE][INFO] - Finding web element with id: 'Object Repository/Olusturma/Genel/AliciBilgisi/Alici_Bilgisi' located by 'By.xpath: //iframe[@id='customerselectiframe']' in '30' second(s)

2021-11-23 16:48:20 - [MESSAGE][INFO] - Smart Wait Function is triggered

2021-11-23 16:48:20 - [MESSAGE][INFO] - Found 1 web elements with id: 'Object Repository/Olusturma/Genel/AliciBilgisi/Alici_Bilgisi' located by 'By.xpath: //iframe[@id='customerselectiframe']' in '30' second(s)

2021-11-23 16:48:20 - [MESSAGE][INFO] - Switched to iframe: 'Object Repository/Olusturma/Genel/AliciBilgisi/Alici_Bilgisi'

2021-11-23 16:48:20 - [MESSAGE][INFO] - Finding web element from Test Object's properties

2021-11-23 16:48:20 - [MESSAGE][INFO] - Checking timeout

2021-11-23 16:48:20 - [MESSAGE][INFO] - Finding web element with id: 'Object Repository/Olusturma/Genel/AliciBilgisi/Tamam_Bosluk' located by 'By.xpath: (.//*[normalize-space(text()) and normalize-space(.)='Sayfa Boyutu:'])[1]/following::div[7]' in '30' second(s)

2021-11-23 16:48:20 - [MESSAGE][INFO] - Smart Wait Function is triggered

2021-11-23 16:48:21 - [MESSAGE][INFO] - Found 1 web elements with id: 'Object Repository/Olusturma/Genel/AliciBilgisi/Tamam_Bosluk' located by 'By.xpath: (.//*[normalize-space(text()) and normalize-space(.)='Sayfa Boyutu:'])[1]/following::div[7]' in '30' second(s)

2021-11-23 16:48:21 - [MESSAGE][INFO] - Clicking on object: 'Object Repository/Olusturma/Genel/AliciBilgisi/Tamam_Bosluk'

2021-11-23 16:48:21 - [MESSAGE][PASSED] - Object: 'Object Repository/Olusturma/Genel/AliciBilgisi/Tamam_Bosluk' is clicked on

2021-11-23 16:48:21 - [MESSAGE][INFO] - Switching to default content

2021-11-23 16:48:21 - [TEST_STEP][PASSED] - waitForElementClickable(findTestObject("Olusturma/Genel/AliciBilgisi/Tamam_Butonu"), 10): Switching to default content

2021-11-23 16:48:21 - [MESSAGE][INFO] - Finding Test Object 'Object Repository/Olusturma/Genel/AliciBilgisi/Tamam_Butonu'

2021-11-23 16:48:21 - [MESSAGE][INFO] - Finding Test Object 'Object Repository/Olusturma/Genel/AliciBilgisi/Alici_Bilgisi'

2021-11-23 16:48:21 - [MESSAGE][INFO] - Checking object

2021-11-23 16:48:21 - [MESSAGE][INFO] - Checking timeout

2021-11-23 16:48:21 - [MESSAGE][INFO] - Object: 'Object Repository/Olusturma/Genel/AliciBilgisi/Tamam_Butonu' has parent object(s)

2021-11-23 16:48:21 - [MESSAGE][INFO] - Switching to iframe: 'Object Repository/Olusturma/Genel/AliciBilgisi/Alici_Bilgisi'

2021-11-23 16:48:21 - [MESSAGE][INFO] - Finding web element from Test Object's properties

2021-11-23 16:48:21 - [MESSAGE][INFO] - Checking timeout

2021-11-23 16:48:21 - [MESSAGE][INFO] - Finding web element with id: 'Object Repository/Olusturma/Genel/AliciBilgisi/Alici_Bilgisi' located by 'By.xpath: //iframe[@id='customerselectiframe']' in '10' second(s)

2021-11-23 16:48:21 - [MESSAGE][INFO] - Smart Wait Function is triggered

2021-11-23 16:48:21 - [MESSAGE][INFO] - Found 1 web elements with id: 'Object Repository/Olusturma/Genel/AliciBilgisi/Alici_Bilgisi' located by 'By.xpath: //iframe[@id='customerselectiframe']' in '10' second(s)

2021-11-23 16:48:21 - [MESSAGE][INFO] - Switched to iframe: 'Object Repository/Olusturma/Genel/AliciBilgisi/Alici_Bilgisi'

2021-11-23 16:48:21 - [MESSAGE][INFO] - Finding web element from Test Object's properties

2021-11-23 16:48:21 - [MESSAGE][INFO] - Checking timeout

2021-11-23 16:48:21 - [MESSAGE][INFO] - Finding web element with id: 'Object Repository/Olusturma/Genel/AliciBilgisi/Tamam_Butonu' located by 'By.xpath: //div[@id='btnSelectCustomer_CD']/span' in '10' second(s)

2021-11-23 16:48:21 - [MESSAGE][INFO] - Smart Wait Function is triggered

2021-11-23 16:48:21 - [MESSAGE][INFO] - Found 1 web elements with id: 'Object Repository/Olusturma/Genel/AliciBilgisi/Tamam_Butonu' located by 'By.xpath: //div[@id='btnSelectCustomer_CD']/span' in '10' second(s)

2021-11-23 16:48:21 - [MESSAGE][PASSED] - Object 'Object Repository/Olusturma/Genel/AliciBilgisi/Tamam_Butonu' is clickable

2021-11-23 16:48:21 - [MESSAGE][INFO] - Switching to default content

2021-11-23 16:48:21 - [TEST_STEP][PASSED] - click(findTestObject("Olusturma/Genel/AliciBilgisi/Tamam_Butonu")): Switching to default content

2021-11-23 16:48:21 - [MESSAGE][INFO] - Finding Test Object 'Object Repository/Olusturma/Genel/AliciBilgisi/Tamam_Butonu'

2021-11-23 16:48:21 - [MESSAGE][INFO] - Finding Test Object 'Object Repository/Olusturma/Genel/AliciBilgisi/Alici_Bilgisi'

2021-11-23 16:48:21 - [MESSAGE][INFO] - Checking object

2021-11-23 16:48:21 - [MESSAGE][INFO] - Object: 'Object Repository/Olusturma/Genel/AliciBilgisi/Tamam_Butonu' has parent object(s)

2021-11-23 16:48:21 - [MESSAGE][INFO] - Switching to iframe: 'Object Repository/Olusturma/Genel/AliciBilgisi/Alici_Bilgisi'

2021-11-23 16:48:21 - [MESSAGE][INFO] - Finding web element from Test Object's properties

2021-11-23 16:48:21 - [MESSAGE][INFO] - Checking timeout

2021-11-23 16:48:21 - [MESSAGE][INFO] - Finding web element with id: 'Object Repository/Olusturma/Genel/AliciBilgisi/Alici_Bilgisi' located by 'By.xpath: //iframe[@id='customerselectiframe']' in '30' second(s)

2021-11-23 16:48:21 - [MESSAGE][INFO] - Smart Wait Function is triggered

2021-11-23 16:48:22 - [MESSAGE][INFO] - Found 1 web elements with id: 'Object Repository/Olusturma/Genel/AliciBilgisi/Alici_Bilgisi' located by 'By.xpath: //iframe[@id='customerselectiframe']' in '30' second(s)

2021-11-23 16:48:22 - [MESSAGE][INFO] - Switched to iframe: 'Object Repository/Olusturma/Genel/AliciBilgisi/Alici_Bilgisi'

2021-11-23 16:48:22 - [MESSAGE][INFO] - Finding web element from Test Object's properties

2021-11-23 16:48:22 - [MESSAGE][INFO] - Checking timeout

2021-11-23 16:48:22 - [MESSAGE][INFO] - Finding web element with id: 'Object Repository/Olusturma/Genel/AliciBilgisi/Tamam_Butonu' located by 'By.xpath: //div[@id='btnSelectCustomer_CD']/span' in '30' second(s)

2021-11-23 16:48:22 - [MESSAGE][INFO] - Smart Wait Function is triggered

2021-11-23 16:48:22 - [MESSAGE][INFO] - Found 1 web elements with id: 'Object Repository/Olusturma/Genel/AliciBilgisi/Tamam_Butonu' located by 'By.xpath: //div[@id='btnSelectCustomer_CD']/span' in '30' second(s)

2021-11-23 16:48:22 - [MESSAGE][INFO] - Clicking on object: 'Object Repository/Olusturma/Genel/AliciBilgisi/Tamam_Butonu'

2021-11-23 16:48:22 - [MESSAGE][PASSED] - Object: 'Object Repository/Olusturma/Genel/AliciBilgisi/Tamam_Butonu' is clicked on

2021-11-23 16:48:22 - [MESSAGE][INFO] - Switching to default content

2021-11-23 16:48:22 - [TEST_STEP][PASSED] - waitForElementPresent(findTestObject("Olusturma/Genel/AliciBilgisi/VKN-TCKN"), 10): Object 'Object Repository/Olusturma/Genel/AliciBilgisi/VKN-TCKN' is present

2021-11-23 16:48:22 - [MESSAGE][INFO] - Finding Test Object 'Object Repository/Olusturma/Genel/AliciBilgisi/VKN-TCKN'

2021-11-23 16:48:22 - [MESSAGE][INFO] - Checking object

2021-11-23 16:48:22 - [MESSAGE][INFO] - Finding web element from Test Object's properties

2021-11-23 16:48:22 - [MESSAGE][INFO] - Checking timeout

2021-11-23 16:48:22 - [MESSAGE][INFO] - Finding web element with id: 'Object Repository/Olusturma/Genel/AliciBilgisi/VKN-TCKN' located by 'By.xpath: //*[@id = 'txtVknTckn_I']' in '10' second(s)

2021-11-23 16:48:22 - [MESSAGE][INFO] - Smart Wait Function is triggered

2021-11-23 16:48:22 - [MESSAGE][INFO] - Found 1 web elements with id: 'Object Repository/Olusturma/Genel/AliciBilgisi/VKN-TCKN' located by 'By.xpath: //*[@id = 'txtVknTckn_I']' in '10' second(s)

2021-11-23 16:48:22 - [MESSAGE][PASSED] - Object 'Object Repository/Olusturma/Genel/AliciBilgisi/VKN-TCKN' is present

2021-11-23 16:48:22 - [TEST_STEP][PASSED] - text = getAttribute(findTestObject("Olusturma/Genel/AliciBilgisi/VKN-TCKN"), "value"): Attribute 'value' of object 'Object Repository/Olusturma/Genel/AliciBilgisi/VKN-TCKN' is: '5328391866'

2021-11-23 16:48:22 - [MESSAGE][INFO] - Finding Test Object 'Object Repository/Olusturma/Genel/AliciBilgisi/VKN-TCKN'

2021-11-23 16:48:22 - [MESSAGE][INFO] - Checking object

2021-11-23 16:48:22 - [MESSAGE][INFO] - Checking attribute

2021-11-23 16:48:22 - [MESSAGE][INFO] - Finding web element from Test Object's properties

2021-11-23 16:48:22 - [MESSAGE][INFO] - Checking timeout

2021-11-23 16:48:22 - [MESSAGE][INFO] - Finding web element with id: 'Object Repository/Olusturma/Genel/AliciBilgisi/VKN-TCKN' located by 'By.xpath: //*[@id = 'txtVknTckn_I']' in '30' second(s)

2021-11-23 16:48:22 - [MESSAGE][INFO] - Smart Wait Function is triggered

2021-11-23 16:48:23 - [MESSAGE][INFO] - Found 1 web elements with id: 'Object Repository/Olusturma/Genel/AliciBilgisi/VKN-TCKN' located by 'By.xpath: //*[@id = 'txtVknTckn_I']' in '30' second(s)

2021-11-23 16:48:23 - [MESSAGE][INFO] - Getting attribute 'value' of object 'Object Repository/Olusturma/Genel/AliciBilgisi/VKN-TCKN'

2021-11-23 16:48:23 - [MESSAGE][PASSED] - Attribute 'value' of object 'Object Repository/Olusturma/Genel/AliciBilgisi/VKN-TCKN' is: '5328391866'

2021-11-23 16:48:23 - [TEST_STEP][PASSED] - if (text.equals("")): null

2021-11-23 16:48:23 - [MESSAGE][PASSED] - Call Test Case 'Test Cases/Olusturma/Genel/AliciSecilir' successfully

2021-11-23 16:48:23 - [MESSAGE][INFO] - Checking called Test Case

2021-11-23 16:48:23 - [MESSAGE][INFO] - Starting to call Test Case 'Test Cases/Olusturma/Genel/GonderimSekliSecilir'

2021-11-23 16:48:23 - [TEST_CASE][PASSED] - Test Cases/Olusturma/Genel/GonderimSekliSecilir: Test Cases/Olusturma/Genel/GonderimSekliSecilir

2021-11-23 16:48:23 - [TEST_STEP][PASSED] - waitForElementClickable(findTestObject("Object Repository/Olusturma/Genel/GonderimSekli/GonderimSekli"), 10): Object 'Object Repository/Olusturma/Genel/GonderimSekli/GonderimSekli' is clickable

2021-11-23 16:48:23 - [MESSAGE][INFO] - Finding Test Object 'Object Repository/Olusturma/Genel/GonderimSekli/GonderimSekli'

2021-11-23 16:48:23 - [MESSAGE][INFO] - Checking object

2021-11-23 16:48:23 - [MESSAGE][INFO] - Checking timeout

2021-11-23 16:48:23 - [MESSAGE][INFO] - Finding web element from Test Object's properties

2021-11-23 16:48:23 - [MESSAGE][INFO] - Checking timeout

2021-11-23 16:48:23 - [MESSAGE][INFO] - Finding web element with id: 'Object Repository/Olusturma/Genel/GonderimSekli/GonderimSekli' located by 'By.xpath: //*[@id = 'txtGonderimSekil_I']' in '10' second(s)

2021-11-23 16:48:23 - [MESSAGE][INFO] - Smart Wait Function is triggered

2021-11-23 16:48:23 - [MESSAGE][INFO] - Found 1 web elements with id: 'Object Repository/Olusturma/Genel/GonderimSekli/GonderimSekli' located by 'By.xpath: //*[@id = 'txtGonderimSekil_I']' in '10' second(s)

2021-11-23 16:48:23 - [MESSAGE][PASSED] - Object 'Object Repository/Olusturma/Genel/GonderimSekli/GonderimSekli' is clickable

2021-11-23 16:48:23 - [TEST_STEP][PASSED] - click(findTestObject("Object Repository/Olusturma/Genel/GonderimSekli/GonderimSekli")): Object: 'Object Repository/Olusturma/Genel/GonderimSekli/GonderimSekli' is clicked on

2021-11-23 16:48:23 - [MESSAGE][INFO] - Finding Test Object 'Object Repository/Olusturma/Genel/GonderimSekli/GonderimSekli'

2021-11-23 16:48:23 - [MESSAGE][INFO] - Checking object

2021-11-23 16:48:23 - [MESSAGE][INFO] - Finding web element from Test Object's properties

2021-11-23 16:48:23 - [MESSAGE][INFO] - Checking timeout

2021-11-23 16:48:23 - [MESSAGE][INFO] - Finding web element with id: 'Object Repository/Olusturma/Genel/GonderimSekli/GonderimSekli' located by 'By.xpath: //*[@id = 'txtGonderimSekil_I']' in '30' second(s)

2021-11-23 16:48:23 - [MESSAGE][INFO] - Smart Wait Function is triggered

2021-11-23 16:48:24 - [MESSAGE][INFO] - Found 1 web elements with id: 'Object Repository/Olusturma/Genel/GonderimSekli/GonderimSekli' located by 'By.xpath: //*[@id = 'txtGonderimSekil_I']' in '30' second(s)

2021-11-23 16:48:24 - [MESSAGE][INFO] - Clicking on object: 'Object Repository/Olusturma/Genel/GonderimSekli/GonderimSekli'

2021-11-23 16:48:24 - [MESSAGE][PASSED] - Object: 'Object Repository/Olusturma/Genel/GonderimSekli/GonderimSekli' is clicked on

2021-11-23 16:48:24 - [TEST_STEP][PASSED] - Method.TextDegerineEsitElementeTikla(findTestObject("Object Repository/Olusturma/Genel/GonderimSekli/GonderimSekliAdi"), GonderimSekli): Method.TextDegerineEsitElementeTikla is PASSED

2021-11-23 16:48:24 - [MESSAGE][INFO] - Finding Test Object 'Object Repository/Olusturma/Genel/GonderimSekli/GonderimSekliAdi'

2021-11-23 16:48:24 - [MESSAGE][INFO] - Checking timeout

2021-11-23 16:48:24 - [MESSAGE][INFO] - Finding web element with id: 'Object Repository/Olusturma/Genel/GonderimSekli/GonderimSekliAdi' located by 'By.cssSelector: #txtGonderimSekil_DDD_L_LBT td' in '10' second(s)

2021-11-23 16:48:24 - [MESSAGE][INFO] - Smart Wait Function is triggered

2021-11-23 16:48:24 - [MESSAGE][INFO] - Found 2 web elements with id: 'Object Repository/Olusturma/Genel/GonderimSekli/GonderimSekliAdi' located by 'By.cssSelector: #txtGonderimSekil_DDD_L_LBT td' in '10' second(s)

2021-11-23 16:48:24 - [MESSAGE][PASSED] - Method.TextDegerineEsitElementeTikla is PASSED

2021-11-23 16:48:24 - [MESSAGE][PASSED] - Call Test Case 'Test Cases/Olusturma/Genel/GonderimSekliSecilir' successfully

2021-11-23 16:48:24 - [MESSAGE][INFO] - Checking called Test Case

2021-11-23 16:48:24 - [MESSAGE][INFO] - Starting to call Test Case 'Test Cases/Olusturma/Genel/TipSecilir'

2021-11-23 16:48:24 - [TEST_CASE][PASSED] - Test Cases/Olusturma/Genel/TipSecilir: Test Cases/Olusturma/Genel/TipSecilir

2021-11-23 16:48:24 - [TEST_STEP][PASSED] - waitForElementClickable(findTestObject("Olusturma/Genel/TipSecilir/Tip"), 10): Object 'Object Repository/Olusturma/Genel/TipSecilir/Tip' is clickable

2021-11-23 16:48:24 - [MESSAGE][INFO] - Finding Test Object 'Object Repository/Olusturma/Genel/TipSecilir/Tip'

2021-11-23 16:48:25 - [MESSAGE][INFO] - Checking object

2021-11-23 16:48:25 - [MESSAGE][INFO] - Checking timeout

2021-11-23 16:48:25 - [MESSAGE][INFO] - Finding web element from Test Object's properties

2021-11-23 16:48:25 - [MESSAGE][INFO] - Checking timeout

2021-11-23 16:48:25 - [MESSAGE][INFO] - Finding web element with id: 'Object Repository/Olusturma/Genel/TipSecilir/Tip' located by 'By.xpath: //*[@id = 'DocumentTypeCode_I']' in '10' second(s)

2021-11-23 16:48:25 - [MESSAGE][INFO] - Smart Wait Function is triggered

2021-11-23 16:48:25 - [MESSAGE][INFO] - Found 1 web elements with id: 'Object Repository/Olusturma/Genel/TipSecilir/Tip' located by 'By.xpath: //*[@id = 'DocumentTypeCode_I']' in '10' second(s)

2021-11-23 16:48:25 - [MESSAGE][PASSED] - Object 'Object Repository/Olusturma/Genel/TipSecilir/Tip' is clickable

2021-11-23 16:48:25 - [TEST_STEP][PASSED] - click(findTestObject("Olusturma/Genel/TipSecilir/Tip")): Object: 'Object Repository/Olusturma/Genel/TipSecilir/Tip' is clicked on

2021-11-23 16:48:25 - [MESSAGE][INFO] - Finding Test Object 'Object Repository/Olusturma/Genel/TipSecilir/Tip'

2021-11-23 16:48:25 - [MESSAGE][INFO] - Checking object

2021-11-23 16:48:25 - [MESSAGE][INFO] - Finding web element from Test Object's properties

2021-11-23 16:48:25 - [MESSAGE][INFO] - Checking timeout

2021-11-23 16:48:25 - [MESSAGE][INFO] - Finding web element with id: 'Object Repository/Olusturma/Genel/TipSecilir/Tip' located by 'By.xpath: //*[@id = 'DocumentTypeCode_I']' in '30' second(s)

2021-11-23 16:48:25 - [MESSAGE][INFO] - Smart Wait Function is triggered

2021-11-23 16:48:25 - [MESSAGE][INFO] - Found 1 web elements with id: 'Object Repository/Olusturma/Genel/TipSecilir/Tip' located by 'By.xpath: //*[@id = 'DocumentTypeCode_I']' in '30' second(s)

2021-11-23 16:48:25 - [MESSAGE][INFO] - Clicking on object: 'Object Repository/Olusturma/Genel/TipSecilir/Tip'

2021-11-23 16:48:26 - [MESSAGE][PASSED] - Object: 'Object Repository/Olusturma/Genel/TipSecilir/Tip' is clicked on

2021-11-23 16:48:26 - [TEST_STEP][PASSED] - Method.TextDegerineEsitElementeTikla(findTestObject("Object Repository/Olusturma/Genel/TipSecilir/Tip_Adi"), Tip): Method.TextDegerineEsitElementeTikla is PASSED

2021-11-23 16:48:26 - [MESSAGE][INFO] - Finding Test Object 'Object Repository/Olusturma/Genel/TipSecilir/Tip_Adi'

2021-11-23 16:48:26 - [MESSAGE][INFO] - Checking timeout

2021-11-23 16:48:26 - [MESSAGE][INFO] - Finding web element with id: 'Object Repository/Olusturma/Genel/TipSecilir/Tip_Adi' located by 'By.cssSelector: #DocumentTypeCode_DDD_L_LBT td' in '10' second(s)

2021-11-23 16:48:26 - [MESSAGE][INFO] - Smart Wait Function is triggered

2021-11-23 16:48:26 - [MESSAGE][INFO] - Found 9 web elements with id: 'Object Repository/Olusturma/Genel/TipSecilir/Tip_Adi' located by 'By.cssSelector: #DocumentTypeCode_DDD_L_LBT td' in '10' second(s)

2021-11-23 16:48:26 - [MESSAGE][PASSED] - Method.TextDegerineEsitElementeTikla is PASSED

2021-11-23 16:48:26 - [MESSAGE][PASSED] - Call Test Case 'Test Cases/Olusturma/Genel/TipSecilir' successfully

2021-11-23 16:48:26 - [MESSAGE][INFO] - Checking called Test Case

2021-11-23 16:48:26 - [MESSAGE][INFO] - Starting to call Test Case 'Test Cases/Olusturma/Genel/DokumanParaBirimiSecilir'

2021-11-23 16:48:26 - [TEST_CASE][PASSED] - Test Cases/Olusturma/Genel/DokumanParaBirimiSecilir: Test Cases/Olusturma/Genel/DokumanParaBirimiSecilir

2021-11-23 16:48:26 - [TEST_STEP][PASSED] - waitForElementClickable(findTestObject("Object Repository/Olusturma/Genel/DokumanParaBirimiSecilir/Para"), 10): Object 'Object Repository/Olusturma/Genel/DokumanParaBirimiSecilir/Para' is clickable

2021-11-23 16:48:26 - [MESSAGE][INFO] - Finding Test Object 'Object Repository/Olusturma/Genel/DokumanParaBirimiSecilir/Para'

2021-11-23 16:48:26 - [MESSAGE][INFO] - Checking object

2021-11-23 16:48:26 - [MESSAGE][INFO] - Checking timeout

2021-11-23 16:48:26 - [MESSAGE][INFO] - Finding web element from Test Object's properties

2021-11-23 16:48:26 - [MESSAGE][INFO] - Checking timeout

2021-11-23 16:48:26 - [MESSAGE][INFO] - Finding web element with id: 'Object Repository/Olusturma/Genel/DokumanParaBirimiSecilir/Para' located by 'By.xpath: //*[@id = 'CurrencyUnit_I']' in '10' second(s)

2021-11-23 16:48:26 - [MESSAGE][INFO] - Smart Wait Function is triggered

2021-11-23 16:48:27 - [MESSAGE][INFO] - Found 1 web elements with id: 'Object Repository/Olusturma/Genel/DokumanParaBirimiSecilir/Para' located by 'By.xpath: //*[@id = 'CurrencyUnit_I']' in '10' second(s)

2021-11-23 16:48:27 - [MESSAGE][PASSED] - Object 'Object Repository/Olusturma/Genel/DokumanParaBirimiSecilir/Para' is clickable

2021-11-23 16:48:27 - [TEST_STEP][PASSED] - click(findTestObject("Object Repository/Olusturma/Genel/DokumanParaBirimiSecilir/Para")): Object: 'Object Repository/Olusturma/Genel/DokumanParaBirimiSecilir/Para' is clicked on

2021-11-23 16:48:27 - [MESSAGE][INFO] - Finding Test Object 'Object Repository/Olusturma/Genel/DokumanParaBirimiSecilir/Para'

2021-11-23 16:48:27 - [MESSAGE][INFO] - Checking object

2021-11-23 16:48:27 - [MESSAGE][INFO] - Finding web element from Test Object's properties

2021-11-23 16:48:27 - [MESSAGE][INFO] - Checking timeout

2021-11-23 16:48:27 - [MESSAGE][INFO] - Finding web element with id: 'Object Repository/Olusturma/Genel/DokumanParaBirimiSecilir/Para' located by 'By.xpath: //*[@id = 'CurrencyUnit_I']' in '30' second(s)

2021-11-23 16:48:27 - [MESSAGE][INFO] - Smart Wait Function is triggered

2021-11-23 16:48:27 - [MESSAGE][INFO] - Found 1 web elements with id: 'Object Repository/Olusturma/Genel/DokumanParaBirimiSecilir/Para' located by 'By.xpath: //*[@id = 'CurrencyUnit_I']' in '30' second(s)

2021-11-23 16:48:27 - [MESSAGE][INFO] - Clicking on object: 'Object Repository/Olusturma/Genel/DokumanParaBirimiSecilir/Para'

2021-11-23 16:48:28 - [MESSAGE][PASSED] - Object: 'Object Repository/Olusturma/Genel/DokumanParaBirimiSecilir/Para' is clicked on

2021-11-23 16:48:28 - [TEST_STEP][PASSED] - Method.TextDegerineEsitElementeTikla(findTestObject("Object Repository/Olusturma/Genel/DokumanParaBirimiSecilir/Para_Adi"), Para): Method.TextDegerineEsitElementeTikla is PASSED

2021-11-23 16:48:28 - [MESSAGE][INFO] - Finding Test Object 'Object Repository/Olusturma/Genel/DokumanParaBirimiSecilir/Para_Adi'

2021-11-23 16:48:28 - [MESSAGE][INFO] - Checking timeout

2021-11-23 16:48:28 - [MESSAGE][INFO] - Finding web element with id: 'Object Repository/Olusturma/Genel/DokumanParaBirimiSecilir/Para_Adi' located by 'By.cssSelector: #CurrencyUnit_DDD_L_LBT td' in '10' second(s)

2021-11-23 16:48:28 - [MESSAGE][INFO] - Smart Wait Function is triggered

2021-11-23 16:48:28 - [MESSAGE][INFO] - Found 203 web elements with id: 'Object Repository/Olusturma/Genel/DokumanParaBirimiSecilir/Para_Adi' located by 'By.cssSelector: #CurrencyUnit_DDD_L_LBT td' in '10' second(s)

2021-11-23 16:48:34 - [MESSAGE][PASSED] - Method.TextDegerineEsitElementeTikla is PASSED

2021-11-23 16:48:34 - [MESSAGE][PASSED] - Call Test Case 'Test Cases/Olusturma/Genel/DokumanParaBirimiSecilir' successfully

2021-11-23 16:48:34 - [MESSAGE][INFO] - Checking called Test Case

2021-11-23 16:48:34 - [MESSAGE][INFO] - Starting to call Test Case 'Test Cases/Olusturma/Genel/OnEkSecilir'

2021-11-23 16:48:34 - [TEST_CASE][PASSED] - Test Cases/Olusturma/Genel/OnEkSecilir: Test Cases/Olusturma/Genel/OnEkSecilir

2021-11-23 16:48:34 - [TEST_STEP][PASSED] - waitForElementClickable(findTestObject("Object Repository/Olusturma/Genel/OnEkSecilir/OnEk"), 10): Object 'Object Repository/Olusturma/Genel/OnEkSecilir/OnEk' is clickable

2021-11-23 16:48:34 - [MESSAGE][INFO] - Finding Test Object 'Object Repository/Olusturma/Genel/OnEkSecilir/OnEk'

2021-11-23 16:48:34 - [MESSAGE][INFO] - Checking object

2021-11-23 16:48:34 - [MESSAGE][INFO] - Checking timeout

2021-11-23 16:48:34 - [MESSAGE][INFO] - Finding web element from Test Object's properties

2021-11-23 16:48:34 - [MESSAGE][INFO] - Checking timeout

2021-11-23 16:48:34 - [MESSAGE][INFO] - Finding web element with id: 'Object Repository/Olusturma/Genel/OnEkSecilir/OnEk' located by 'By.xpath: //*[@id = 'InvoicePrefix_I']' in '10' second(s)

2021-11-23 16:48:34 - [MESSAGE][INFO] - Smart Wait Function is triggered

2021-11-23 16:48:35 - [MESSAGE][INFO] - Found 1 web elements with id: 'Object Repository/Olusturma/Genel/OnEkSecilir/OnEk' located by 'By.xpath: //*[@id = 'InvoicePrefix_I']' in '10' second(s)

2021-11-23 16:48:35 - [MESSAGE][PASSED] - Object 'Object Repository/Olusturma/Genel/OnEkSecilir/OnEk' is clickable

2021-11-23 16:48:35 - [TEST_STEP][PASSED] - click(findTestObject("Object Repository/Olusturma/Genel/OnEkSecilir/OnEk")): Object: 'Object Repository/Olusturma/Genel/OnEkSecilir/OnEk' is clicked on

2021-11-23 16:48:35 - [MESSAGE][INFO] - Finding Test Object 'Object Repository/Olusturma/Genel/OnEkSecilir/OnEk'

2021-11-23 16:48:35 - [MESSAGE][INFO] - Checking object

2021-11-23 16:48:35 - [MESSAGE][INFO] - Finding web element from Test Object's properties

2021-11-23 16:48:35 - [MESSAGE][INFO] - Checking timeout

2021-11-23 16:48:35 - [MESSAGE][INFO] - Finding web element with id: 'Object Repository/Olusturma/Genel/OnEkSecilir/OnEk' located by 'By.xpath: //*[@id = 'InvoicePrefix_I']' in '30' second(s)

2021-11-23 16:48:35 - [MESSAGE][INFO] - Smart Wait Function is triggered

2021-11-23 16:48:35 - [MESSAGE][INFO] - Found 1 web elements with id: 'Object Repository/Olusturma/Genel/OnEkSecilir/OnEk' located by 'By.xpath: //*[@id = 'InvoicePrefix_I']' in '30' second(s)

2021-11-23 16:48:35 - [MESSAGE][INFO] - Clicking on object: 'Object Repository/Olusturma/Genel/OnEkSecilir/OnEk'

2021-11-23 16:48:35 - [MESSAGE][PASSED] - Object: 'Object Repository/Olusturma/Genel/OnEkSecilir/OnEk' is clicked on

2021-11-23 16:48:35 - [TEST_STEP][PASSED] - Method.TextDegerineEsitElementeTiklaEquals(findTestObject("Object Repository/Olusturma/Genel/OnEkSecilir/OnEkAdi"), Ek): Method.TextDegerineEsitElementeTiklaEquals is PASSED

2021-11-23 16:48:35 - [MESSAGE][INFO] - Finding Test Object 'Object Repository/Olusturma/Genel/OnEkSecilir/OnEkAdi'

2021-11-23 16:48:35 - [MESSAGE][INFO] - Checking timeout

2021-11-23 16:48:35 - [MESSAGE][INFO] - Finding web element with id: 'Object Repository/Olusturma/Genel/OnEkSecilir/OnEkAdi' located by 'By.cssSelector: #InvoicePrefix_DDD_L_LBT td' in '10' second(s)

2021-11-23 16:48:35 - [MESSAGE][INFO] - Smart Wait Function is triggered

2021-11-23 16:48:36 - [MESSAGE][INFO] - Found 1 web elements with id: 'Object Repository/Olusturma/Genel/OnEkSecilir/OnEkAdi' located by 'By.cssSelector: #InvoicePrefix_DDD_L_LBT td' in '10' second(s)

2021-11-23 16:48:36 - [MESSAGE][PASSED] - Method.TextDegerineEsitElementeTiklaEquals is PASSED

2021-11-23 16:48:36 - [MESSAGE][PASSED] - Call Test Case 'Test Cases/Olusturma/Genel/OnEkSecilir' successfully

2021-11-23 16:48:36 - [MESSAGE][INFO] - Checking called Test Case

2021-11-23 16:48:36 - [MESSAGE][INFO] - Starting to call Test Case 'Test Cases/Olusturma/Genel/TasarimSecilir'

2021-11-23 16:48:36 - [TEST_CASE][PASSED] - Test Cases/Olusturma/Genel/TasarimSecilir: Test Cases/Olusturma/Genel/TasarimSecilir

2021-11-23 16:48:36 - [TEST_STEP][PASSED] - waitForElementClickable(findTestObject("Object Repository/Olusturma/Genel/TasarimSecilir/Tasarim"), 10): Object 'Object Repository/Olusturma/Genel/TasarimSecilir/Tasarim' is clickable

2021-11-23 16:48:36 - [MESSAGE][INFO] - Finding Test Object 'Object Repository/Olusturma/Genel/TasarimSecilir/Tasarim'

2021-11-23 16:48:36 - [MESSAGE][INFO] - Checking object

2021-11-23 16:48:36 - [MESSAGE][INFO] - Checking timeout

2021-11-23 16:48:36 - [MESSAGE][INFO] - Finding web element from Test Object's properties

2021-11-23 16:48:36 - [MESSAGE][INFO] - Checking timeout

2021-11-23 16:48:36 - [MESSAGE][INFO] - Finding web element with id: 'Object Repository/Olusturma/Genel/TasarimSecilir/Tasarim' located by 'By.xpath: //*[@id = 'DesignId_I']' in '10' second(s)

2021-11-23 16:48:36 - [MESSAGE][INFO] - Smart Wait Function is triggered

2021-11-23 16:48:37 - [MESSAGE][INFO] - Found 1 web elements with id: 'Object Repository/Olusturma/Genel/TasarimSecilir/Tasarim' located by 'By.xpath: //*[@id = 'DesignId_I']' in '10' second(s)

2021-11-23 16:48:37 - [MESSAGE][PASSED] - Object 'Object Repository/Olusturma/Genel/TasarimSecilir/Tasarim' is clickable

2021-11-23 16:48:37 - [TEST_STEP][PASSED] - click(findTestObject("Object Repository/Olusturma/Genel/TasarimSecilir/Tasarim")): Object: 'Object Repository/Olusturma/Genel/TasarimSecilir/Tasarim' is clicked on

2021-11-23 16:48:37 - [MESSAGE][INFO] - Finding Test Object 'Object Repository/Olusturma/Genel/TasarimSecilir/Tasarim'

2021-11-23 16:48:37 - [MESSAGE][INFO] - Checking object

2021-11-23 16:48:37 - [MESSAGE][INFO] - Finding web element from Test Object's properties

2021-11-23 16:48:37 - [MESSAGE][INFO] - Checking timeout

2021-11-23 16:48:37 - [MESSAGE][INFO] - Finding web element with id: 'Object Repository/Olusturma/Genel/TasarimSecilir/Tasarim' located by 'By.xpath: //*[@id = 'DesignId_I']' in '30' second(s)

2021-11-23 16:48:37 - [MESSAGE][INFO] - Smart Wait Function is triggered

2021-11-23 16:48:37 - [MESSAGE][INFO] - Found 1 web elements with id: 'Object Repository/Olusturma/Genel/TasarimSecilir/Tasarim' located by 'By.xpath: //*[@id = 'DesignId_I']' in '30' second(s)

2021-11-23 16:48:37 - [MESSAGE][INFO] - Clicking on object: 'Object Repository/Olusturma/Genel/TasarimSecilir/Tasarim'

2021-11-23 16:48:37 - [MESSAGE][PASSED] - Object: 'Object Repository/Olusturma/Genel/TasarimSecilir/Tasarim' is clicked on

2021-11-23 16:48:37 - [TEST_STEP][PASSED] - Method.TextDegerineEsitElementeTikla(findTestObject("Object Repository/Olusturma/Genel/TasarimSecilir/Tasarim_Adi"), Tasarim): Method.TextDegerineEsitElementeTikla is PASSED

2021-11-23 16:48:37 - [MESSAGE][INFO] - Finding Test Object 'Object Repository/Olusturma/Genel/TasarimSecilir/Tasarim_Adi'

2021-11-23 16:48:37 - [MESSAGE][INFO] - Checking timeout

2021-11-23 16:48:37 - [MESSAGE][INFO] - Finding web element with id: 'Object Repository/Olusturma/Genel/TasarimSecilir/Tasarim_Adi' located by 'By.cssSelector: #DesignId_DDD_L_LBT td' in '10' second(s)

2021-11-23 16:48:37 - [MESSAGE][INFO] - Smart Wait Function is triggered

2021-11-23 16:48:38 - [MESSAGE][INFO] - Found 1 web elements with id: 'Object Repository/Olusturma/Genel/TasarimSecilir/Tasarim_Adi' located by 'By.cssSelector: #DesignId_DDD_L_LBT td' in '10' second(s)

2021-11-23 16:48:38 - [MESSAGE][PASSED] - Method.TextDegerineEsitElementeTikla is PASSED

2021-11-23 16:48:38 - [MESSAGE][PASSED] - Call Test Case 'Test Cases/Olusturma/Genel/TasarimSecilir' successfully

2021-11-23 16:48:38 - [MESSAGE][INFO] - Checking called Test Case

2021-11-23 16:48:38 - [MESSAGE][INFO] - Starting to call Test Case 'Test Cases/Olusturma/Genel/Kutular/SiparisBilgileriGirilir'

2021-11-23 16:48:38 - [TEST_CASE][PASSED] - Test Cases/Olusturma/Genel/Kutular/SiparisBilgileriGirilir: Test Cases/Olusturma/Genel/Kutular/SiparisBilgileriGirilir

2021-11-23 16:48:38 - [TEST_STEP][PASSED] - Method.TextDegerineEsitElementeTikla(findTestObject("Olusturma/Genel/Kutular/KapaliKutular"), "Sipariş Bilgileri"): Method.TextDegerineEsitElementeTikla is PASSED

2021-11-23 16:48:38 - [MESSAGE][INFO] - Finding Test Object 'Object Repository/Olusturma/Genel/Kutular/KapaliKutular'

2021-11-23 16:48:38 - [MESSAGE][INFO] - Checking timeout

2021-11-23 16:48:38 - [MESSAGE][INFO] - Finding web element with id: 'Object Repository/Olusturma/Genel/Kutular/KapaliKutular' located by 'By.cssSelector: .dxnb-headerCollapsed>span' in '10' second(s)

2021-11-23 16:48:38 - [MESSAGE][INFO] - Smart Wait Function is triggered

2021-11-23 16:48:38 - [MESSAGE][INFO] - Found 8 web elements with id: 'Object Repository/Olusturma/Genel/Kutular/KapaliKutular' located by 'By.cssSelector: .dxnb-headerCollapsed>span' in '10' second(s)

2021-11-23 16:48:38 - [MESSAGE][PASSED] - Method.TextDegerineEsitElementeTikla is PASSED

2021-11-23 16:48:38 - [TEST_STEP][PASSED] - waitForElementPresent(findTestObject("Object Repository/Olusturma/Genel/Kutular/SiparisBilgileri/SiparisNo"), 10): Object 'Object Repository/Olusturma/Genel/Kutular/SiparisBilgileri/SiparisNo' is present

2021-11-23 16:48:38 - [MESSAGE][INFO] - Finding Test Object 'Object Repository/Olusturma/Genel/Kutular/SiparisBilgileri/SiparisNo'

2021-11-23 16:48:38 - [MESSAGE][INFO] - Checking object

2021-11-23 16:48:38 - [MESSAGE][INFO] - Finding web element from Test Object's properties

2021-11-23 16:48:38 - [MESSAGE][INFO] - Checking timeout

2021-11-23 16:48:38 - [MESSAGE][INFO] - Finding web element with id: 'Object Repository/Olusturma/Genel/Kutular/SiparisBilgileri/SiparisNo' located by 'By.xpath: //*[@id = 'txtSiparisNo_I']' in '10' second(s)

2021-11-23 16:48:38 - [MESSAGE][INFO] - Smart Wait Function is triggered

2021-11-23 16:48:39 - [MESSAGE][INFO] - Found 1 web elements with id: 'Object Repository/Olusturma/Genel/Kutular/SiparisBilgileri/SiparisNo' located by 'By.xpath: //*[@id = 'txtSiparisNo_I']' in '10' second(s)

2021-11-23 16:48:39 - [MESSAGE][PASSED] - Object 'Object Repository/Olusturma/Genel/Kutular/SiparisBilgileri/SiparisNo' is present

2021-11-23 16:48:39 - [TEST_STEP][PASSED] - clearText(findTestObject("Object Repository/Olusturma/Genel/Kutular/SiparisBilgileri/SiparisNo")): Text of object 'Object Repository/Olusturma/Genel/Kutular/SiparisBilgileri/SiparisNo' is cleared

2021-11-23 16:48:39 - [MESSAGE][INFO] - Finding Test Object 'Object Repository/Olusturma/Genel/Kutular/SiparisBilgileri/SiparisNo'

2021-11-23 16:48:39 - [MESSAGE][INFO] - Checking object

2021-11-23 16:48:39 - [MESSAGE][INFO] - Finding web element from Test Object's properties

2021-11-23 16:48:39 - [MESSAGE][INFO] - Checking timeout

2021-11-23 16:48:39 - [MESSAGE][INFO] - Finding web element with id: 'Object Repository/Olusturma/Genel/Kutular/SiparisBilgileri/SiparisNo' located by 'By.xpath: //*[@id = 'txtSiparisNo_I']' in '30' second(s)

2021-11-23 16:48:39 - [MESSAGE][INFO] - Smart Wait Function is triggered

2021-11-23 16:48:39 - [MESSAGE][INFO] - Found 1 web elements with id: 'Object Repository/Olusturma/Genel/Kutular/SiparisBilgileri/SiparisNo' located by 'By.xpath: //*[@id = 'txtSiparisNo_I']' in '30' second(s)

2021-11-23 16:48:39 - [MESSAGE][INFO] - Clearing text of object 'Object Repository/Olusturma/Genel/Kutular/SiparisBilgileri/SiparisNo'

2021-11-23 16:48:39 - [MESSAGE][PASSED] - Text of object 'Object Repository/Olusturma/Genel/Kutular/SiparisBilgileri/SiparisNo' is cleared

2021-11-23 16:48:39 - [TEST_STEP][PASSED] - sendKeys(findTestObject("Object Repository/Olusturma/Genel/Kutular/SiparisBilgileri/SiparisNo"), SiparisNo): Keys 'UUC-SAT-1200001' sent to object: 'Object Repository/Olusturma/Genel/Kutular/SiparisBilgileri/SiparisNo'

2021-11-23 16:48:39 - [MESSAGE][INFO] - Finding Test Object 'Object Repository/Olusturma/Genel/Kutular/SiparisBilgileri/SiparisNo'

2021-11-23 16:48:40 - [MESSAGE][INFO] - Sending keys 'UUC-SAT-1200001' to object: 'Object Repository/Olusturma/Genel/Kutular/SiparisBilgileri/SiparisNo'

2021-11-23 16:48:40 - [MESSAGE][INFO] - Finding web element from Test Object's properties

2021-11-23 16:48:40 - [MESSAGE][INFO] - Checking timeout

2021-11-23 16:48:40 - [MESSAGE][INFO] - Finding web element with id: 'Object Repository/Olusturma/Genel/Kutular/SiparisBilgileri/SiparisNo' located by 'By.xpath: //*[@id = 'txtSiparisNo_I']' in '30' second(s)

2021-11-23 16:48:40 - [MESSAGE][INFO] - Smart Wait Function is triggered

2021-11-23 16:48:40 - [MESSAGE][INFO] - Found 1 web elements with id: 'Object Repository/Olusturma/Genel/Kutular/SiparisBilgileri/SiparisNo' located by 'By.xpath: //*[@id = 'txtSiparisNo_I']' in '30' second(s)

2021-11-23 16:48:40 - [MESSAGE][PASSED] - Keys 'UUC-SAT-1200001' sent to object: 'Object Repository/Olusturma/Genel/Kutular/SiparisBilgileri/SiparisNo'

2021-11-23 16:48:40 - [TEST_STEP][PASSED] - waitForElementClickable(findTestObject("Object Repository/Olusturma/Genel/Kutular/SiparisBilgileri/SiparisTarihiImage"), 10): Object 'Object Repository/Olusturma/Genel/Kutular/SiparisBilgileri/SiparisTarihiImage' is clickable

2021-11-23 16:48:40 - [MESSAGE][INFO] - Finding Test Object 'Object Repository/Olusturma/Genel/Kutular/SiparisBilgileri/SiparisTarihiImage'

2021-11-23 16:48:40 - [MESSAGE][INFO] - Checking object

2021-11-23 16:48:40 - [MESSAGE][INFO] - Checking timeout

2021-11-23 16:48:40 - [MESSAGE][INFO] - Finding web element from Test Object's properties

2021-11-23 16:48:40 - [MESSAGE][INFO] - Checking timeout

2021-11-23 16:48:40 - [MESSAGE][INFO] - Finding web element with id: 'Object Repository/Olusturma/Genel/Kutular/SiparisBilgileri/SiparisTarihiImage' located by 'By.cssSelector: #dateSiparisTarih img' in '10' second(s)

2021-11-23 16:48:40 - [MESSAGE][INFO] - Smart Wait Function is triggered

2021-11-23 16:48:40 - [MESSAGE][INFO] - Found 1 web elements with id: 'Object Repository/Olusturma/Genel/Kutular/SiparisBilgileri/SiparisTarihiImage' located by 'By.cssSelector: #dateSiparisTarih img' in '10' second(s)

2021-11-23 16:48:40 - [MESSAGE][PASSED] - Object 'Object Repository/Olusturma/Genel/Kutular/SiparisBilgileri/SiparisTarihiImage' is clickable

2021-11-23 16:48:40 - [TEST_STEP][PASSED] - click(findTestObject("Object Repository/Olusturma/Genel/Kutular/SiparisBilgileri/SiparisTarihiImage")): Object: 'Object Repository/Olusturma/Genel/Kutular/SiparisBilgileri/SiparisTarihiImage' is clicked on

2021-11-23 16:48:40 - [MESSAGE][INFO] - Finding Test Object 'Object Repository/Olusturma/Genel/Kutular/SiparisBilgileri/SiparisTarihiImage'

2021-11-23 16:48:41 - [MESSAGE][INFO] - Checking object

2021-11-23 16:48:41 - [MESSAGE][INFO] - Finding web element from Test Object's properties

2021-11-23 16:48:41 - [MESSAGE][INFO] - Checking timeout

2021-11-23 16:48:41 - [MESSAGE][INFO] - Finding web element with id: 'Object Repository/Olusturma/Genel/Kutular/SiparisBilgileri/SiparisTarihiImage' located by 'By.cssSelector: #dateSiparisTarih img' in '30' second(s)

2021-11-23 16:48:41 - [MESSAGE][INFO] - Smart Wait Function is triggered

2021-11-23 16:48:41 - [MESSAGE][INFO] - Found 1 web elements with id: 'Object Repository/Olusturma/Genel/Kutular/SiparisBilgileri/SiparisTarihiImage' located by 'By.cssSelector: #dateSiparisTarih img' in '30' second(s)

2021-11-23 16:48:41 - [MESSAGE][INFO] - Clicking on object: 'Object Repository/Olusturma/Genel/Kutular/SiparisBilgileri/SiparisTarihiImage'

2021-11-23 16:48:41 - [MESSAGE][PASSED] - Object: 'Object Repository/Olusturma/Genel/Kutular/SiparisBilgileri/SiparisTarihiImage' is clicked on

2021-11-23 16:48:41 - [TEST_STEP][PASSED] - waitForElementPresent(findTestObject("Object Repository/Olusturma/Genel/Kutular/SiparisBilgileri/SiparisTarihi"), 10): Object 'Object Repository/Olusturma/Genel/Kutular/SiparisBilgileri/SiparisTarihi' is present

2021-11-23 16:48:41 - [MESSAGE][INFO] - Finding Test Object 'Object Repository/Olusturma/Genel/Kutular/SiparisBilgileri/SiparisTarihi'

2021-11-23 16:48:41 - [MESSAGE][INFO] - Checking object

2021-11-23 16:48:41 - [MESSAGE][INFO] - Finding web element from Test Object's properties

2021-11-23 16:48:41 - [MESSAGE][INFO] - Checking timeout

2021-11-23 16:48:41 - [MESSAGE][INFO] - Finding web element with id: 'Object Repository/Olusturma/Genel/Kutular/SiparisBilgileri/SiparisTarihi' located by 'By.xpath: //*[@id = 'dateSiparisTarih_I']' in '10' second(s)

2021-11-23 16:48:41 - [MESSAGE][INFO] - Smart Wait Function is triggered

2021-11-23 16:48:42 - [MESSAGE][INFO] - Found 1 web elements with id: 'Object Repository/Olusturma/Genel/Kutular/SiparisBilgileri/SiparisTarihi' located by 'By.xpath: //*[@id = 'dateSiparisTarih_I']' in '10' second(s)

2021-11-23 16:48:42 - [MESSAGE][PASSED] - Object 'Object Repository/Olusturma/Genel/Kutular/SiparisBilgileri/SiparisTarihi' is present

2021-11-23 16:48:42 - [TEST_STEP][PASSED] - clearText(findTestObject("Object Repository/Olusturma/Genel/Kutular/SiparisBilgileri/SiparisTarihi")): Text of object 'Object Repository/Olusturma/Genel/Kutular/SiparisBilgileri/SiparisTarihi' is cleared

2021-11-23 16:48:42 - [MESSAGE][INFO] - Finding Test Object 'Object Repository/Olusturma/Genel/Kutular/SiparisBilgileri/SiparisTarihi'

2021-11-23 16:48:42 - [MESSAGE][INFO] - Checking object

2021-11-23 16:48:42 - [MESSAGE][INFO] - Finding web element from Test Object's properties

2021-11-23 16:48:42 - [MESSAGE][INFO] - Checking timeout

2021-11-23 16:48:42 - [MESSAGE][INFO] - Finding web element with id: 'Object Repository/Olusturma/Genel/Kutular/SiparisBilgileri/SiparisTarihi' located by 'By.xpath: //*[@id = 'dateSiparisTarih_I']' in '30' second(s)

2021-11-23 16:48:42 - [MESSAGE][INFO] - Smart Wait Function is triggered

2021-11-23 16:48:42 - [MESSAGE][INFO] - Found 1 web elements with id: 'Object Repository/Olusturma/Genel/Kutular/SiparisBilgileri/SiparisTarihi' located by 'By.xpath: //*[@id = 'dateSiparisTarih_I']' in '30' second(s)

2021-11-23 16:48:42 - [MESSAGE][INFO] - Clearing text of object 'Object Repository/Olusturma/Genel/Kutular/SiparisBilgileri/SiparisTarihi'

2021-11-23 16:48:42 - [MESSAGE][PASSED] - Text of object 'Object Repository/Olusturma/Genel/Kutular/SiparisBilgileri/SiparisTarihi' is cleared

2021-11-23 16:48:42 - [TEST_STEP][PASSED] - sendKeys(findTestObject("Object Repository/Olusturma/Genel/Kutular/SiparisBilgileri/SiparisTarihi"), Tarih): Keys '31.04.2020' sent to object: 'Object Repository/Olusturma/Genel/Kutular/SiparisBilgileri/SiparisTarihi'

2021-11-23 16:48:42 - [MESSAGE][INFO] - Finding Test Object 'Object Repository/Olusturma/Genel/Kutular/SiparisBilgileri/SiparisTarihi'

2021-11-23 16:48:42 - [MESSAGE][INFO] - Sending keys '31.04.2020' to object: 'Object Repository/Olusturma/Genel/Kutular/SiparisBilgileri/SiparisTarihi'

2021-11-23 16:48:42 - [MESSAGE][INFO] - Finding web element from Test Object's properties

2021-11-23 16:48:42 - [MESSAGE][INFO] - Checking timeout

2021-11-23 16:48:42 - [MESSAGE][INFO] - Finding web element with id: 'Object Repository/Olusturma/Genel/Kutular/SiparisBilgileri/SiparisTarihi' located by 'By.xpath: //*[@id = 'dateSiparisTarih_I']' in '30' second(s)

2021-11-23 16:48:42 - [MESSAGE][INFO] - Smart Wait Function is triggered

2021-11-23 16:48:42 - [MESSAGE][INFO] - Found 1 web elements with id: 'Object Repository/Olusturma/Genel/Kutular/SiparisBilgileri/SiparisTarihi' located by 'By.xpath: //*[@id = 'dateSiparisTarih_I']' in '30' second(s)

2021-11-23 16:48:42 - [MESSAGE][PASSED] - Keys '31.04.2020' sent to object: 'Object Repository/Olusturma/Genel/Kutular/SiparisBilgileri/SiparisTarihi'

2021-11-23 16:48:42 - [MESSAGE][PASSED] - Call Test Case 'Test Cases/Olusturma/Genel/Kutular/SiparisBilgileriGirilir' successfully

2021-11-23 16:48:42 - [MESSAGE][INFO] - Checking called Test Case

2021-11-23 16:48:42 - [MESSAGE][INFO] - Starting to call Test Case 'Test Cases/Olusturma/Genel/Kutular/IrsaliyeBilgileri'

2021-11-23 16:48:42 - [TEST_CASE][PASSED] - Test Cases/Olusturma/Genel/Kutular/IrsaliyeBilgileri: Test Cases/Olusturma/Genel/Kutular/IrsaliyeBilgileri

2021-11-23 16:48:42 - [TEST_STEP][PASSED] - Method.TextDegerineEsitElementeTikla(findTestObject("Olusturma/Genel/Kutular/KapaliKutular"), "İrsaliye Bilgileri"): Method.TextDegerineEsitElementeTikla is PASSED

2021-11-23 16:48:42 - [MESSAGE][INFO] - Finding Test Object 'Object Repository/Olusturma/Genel/Kutular/KapaliKutular'

2021-11-23 16:48:43 - [MESSAGE][INFO] - Checking timeout

2021-11-23 16:48:43 - [MESSAGE][INFO] - Finding web element with id: 'Object Repository/Olusturma/Genel/Kutular/KapaliKutular' located by 'By.cssSelector: .dxnb-headerCollapsed>span' in '10' second(s)

2021-11-23 16:48:43 - [MESSAGE][INFO] - Smart Wait Function is triggered

2021-11-23 16:48:43 - [MESSAGE][INFO] - Found 8 web elements with id: 'Object Repository/Olusturma/Genel/Kutular/KapaliKutular' located by 'By.cssSelector: .dxnb-headerCollapsed>span' in '10' second(s)

2021-11-23 16:48:43 - [MESSAGE][PASSED] - Method.TextDegerineEsitElementeTikla is PASSED

2021-11-23 16:48:43 - [TEST_STEP][PASSED] - waitForElementClickable(findTestObject("Olusturma/Genel/Kutular/IrsaliyeBilgileri/Ekle"), 10): Object 'Object Repository/Olusturma/Genel/Kutular/IrsaliyeBilgileri/Ekle' is clickable

2021-11-23 16:48:43 - [MESSAGE][INFO] - Finding Test Object 'Object Repository/Olusturma/Genel/Kutular/IrsaliyeBilgileri/Ekle'

2021-11-23 16:48:43 - [MESSAGE][INFO] - Checking object

2021-11-23 16:48:43 - [MESSAGE][INFO] - Checking timeout

2021-11-23 16:48:43 - [MESSAGE][INFO] - Finding web element from Test Object's properties

2021-11-23 16:48:43 - [MESSAGE][INFO] - Checking timeout

2021-11-23 16:48:43 - [MESSAGE][INFO] - Finding web element with id: 'Object Repository/Olusturma/Genel/Kutular/IrsaliyeBilgileri/Ekle' located by 'By.xpath: //*[@id = 'DXEditorgvUserInvoiceBillsNewRowBtn']' in '10' second(s)

2021-11-23 16:48:43 - [MESSAGE][INFO] - Smart Wait Function is triggered

2021-11-23 16:48:43 - [MESSAGE][INFO] - Found 1 web elements with id: 'Object Repository/Olusturma/Genel/Kutular/IrsaliyeBilgileri/Ekle' located by 'By.xpath: //*[@id = 'DXEditorgvUserInvoiceBillsNewRowBtn']' in '10' second(s)

2021-11-23 16:48:44 - [MESSAGE][PASSED] - Object 'Object Repository/Olusturma/Genel/Kutular/IrsaliyeBilgileri/Ekle' is clickable

2021-11-23 16:48:44 - [TEST_STEP][PASSED] - click(findTestObject("Olusturma/Genel/Kutular/IrsaliyeBilgileri/Ekle")): Object: 'Object Repository/Olusturma/Genel/Kutular/IrsaliyeBilgileri/Ekle' is clicked on

2021-11-23 16:48:44 - [MESSAGE][INFO] - Finding Test Object 'Object Repository/Olusturma/Genel/Kutular/IrsaliyeBilgileri/Ekle'

2021-11-23 16:48:44 - [MESSAGE][INFO] - Checking object

2021-11-23 16:48:44 - [MESSAGE][INFO] - Finding web element from Test Object's properties

2021-11-23 16:48:44 - [MESSAGE][INFO] - Checking timeout

2021-11-23 16:48:44 - [MESSAGE][INFO] - Finding web element with id: 'Object Repository/Olusturma/Genel/Kutular/IrsaliyeBilgileri/Ekle' located by 'By.xpath: //*[@id = 'DXEditorgvUserInvoiceBillsNewRowBtn']' in '30' second(s)

2021-11-23 16:48:44 - [MESSAGE][INFO] - Smart Wait Function is triggered

2021-11-23 16:48:44 - [MESSAGE][INFO] - Found 1 web elements with id: 'Object Repository/Olusturma/Genel/Kutular/IrsaliyeBilgileri/Ekle' located by 'By.xpath: //*[@id = 'DXEditorgvUserInvoiceBillsNewRowBtn']' in '30' second(s)

2021-11-23 16:48:44 - [MESSAGE][INFO] - Clicking on object: 'Object Repository/Olusturma/Genel/Kutular/IrsaliyeBilgileri/Ekle'

2021-11-23 16:48:44 - [MESSAGE][PASSED] - Object: 'Object Repository/Olusturma/Genel/Kutular/IrsaliyeBilgileri/Ekle' is clicked on

2021-11-23 16:48:44 - [TEST_STEP][PASSED] - waitForElementPresent(findTestObject("Object Repository/Olusturma/Genel/Kutular/IrsaliyeBilgileri/IrsaliyeNumarasi"), 10): Object 'Object Repository/Olusturma/Genel/Kutular/IrsaliyeBilgileri/IrsaliyeNumarasi' is present

2021-11-23 16:48:44 - [MESSAGE][INFO] - Finding Test Object 'Object Repository/Olusturma/Genel/Kutular/IrsaliyeBilgileri/IrsaliyeNumarasi'

2021-11-23 16:48:44 - [MESSAGE][INFO] - Checking object

2021-11-23 16:48:44 - [MESSAGE][INFO] - Finding web element from Test Object's properties

2021-11-23 16:48:44 - [MESSAGE][INFO] - Checking timeout

2021-11-23 16:48:44 - [MESSAGE][INFO] - Finding web element with id: 'Object Repository/Olusturma/Genel/Kutular/IrsaliyeBilgileri/IrsaliyeNumarasi' located by 'By.xpath: //*[@id = 'gvUserInvoiceBills_DXEditor1_I']' in '10' second(s)

2021-11-23 16:48:44 - [MESSAGE][INFO] - Smart Wait Function is triggered

2021-11-23 16:48:45 - [MESSAGE][INFO] - Smart Wait Function is triggered

2021-11-23 16:48:45 - [MESSAGE][INFO] - Found 1 web elements with id: 'Object Repository/Olusturma/Genel/Kutular/IrsaliyeBilgileri/IrsaliyeNumarasi' located by 'By.xpath: //*[@id = 'gvUserInvoiceBills_DXEditor1_I']' in '10' second(s)

2021-11-23 16:48:45 - [MESSAGE][PASSED] - Object 'Object Repository/Olusturma/Genel/Kutular/IrsaliyeBilgileri/IrsaliyeNumarasi' is present

2021-11-23 16:48:45 - [TEST_STEP][PASSED] - clearText(findTestObject("Object Repository/Olusturma/Genel/Kutular/IrsaliyeBilgileri/IrsaliyeNumarasi")): Text of object 'Object Repository/Olusturma/Genel/Kutular/IrsaliyeBilgileri/IrsaliyeNumarasi' is cleared

2021-11-23 16:48:45 - [MESSAGE][INFO] - Finding Test Object 'Object Repository/Olusturma/Genel/Kutular/IrsaliyeBilgileri/IrsaliyeNumarasi'

2021-11-23 16:48:46 - [MESSAGE][INFO] - Checking object

2021-11-23 16:48:46 - [MESSAGE][INFO] - Finding web element from Test Object's properties

2021-11-23 16:48:46 - [MESSAGE][INFO] - Checking timeout

2021-11-23 16:48:46 - [MESSAGE][INFO] - Finding web element with id: 'Object Repository/Olusturma/Genel/Kutular/IrsaliyeBilgileri/IrsaliyeNumarasi' located by 'By.xpath: //*[@id = 'gvUserInvoiceBills_DXEditor1_I']' in '30' second(s)

2021-11-23 16:48:46 - [MESSAGE][INFO] - Smart Wait Function is triggered

2021-11-23 16:48:46 - [MESSAGE][INFO] - Found 1 web elements with id: 'Object Repository/Olusturma/Genel/Kutular/IrsaliyeBilgileri/IrsaliyeNumarasi' located by 'By.xpath: //*[@id = 'gvUserInvoiceBills_DXEditor1_I']' in '30' second(s)

2021-11-23 16:48:46 - [MESSAGE][INFO] - Clearing text of object 'Object Repository/Olusturma/Genel/Kutular/IrsaliyeBilgileri/IrsaliyeNumarasi'

2021-11-23 16:48:46 - [MESSAGE][PASSED] - Text of object 'Object Repository/Olusturma/Genel/Kutular/IrsaliyeBilgileri/IrsaliyeNumarasi' is cleared

2021-11-23 16:48:46 - [TEST_STEP][PASSED] - sendKeys(findTestObject("Object Repository/Olusturma/Genel/Kutular/IrsaliyeBilgileri/IrsaliyeNumarasi"), Numara): Keys 'AAAAAAAAAA' sent to object: 'Object Repository/Olusturma/Genel/Kutular/IrsaliyeBilgileri/IrsaliyeNumarasi'

2021-11-23 16:48:46 - [MESSAGE][INFO] - Finding Test Object 'Object Repository/Olusturma/Genel/Kutular/IrsaliyeBilgileri/IrsaliyeNumarasi'

2021-11-23 16:48:46 - [MESSAGE][INFO] - Sending keys 'AAAAAAAAAA' to object: 'Object Repository/Olusturma/Genel/Kutular/IrsaliyeBilgileri/IrsaliyeNumarasi'

2021-11-23 16:48:46 - [MESSAGE][INFO] - Finding web element from Test Object's properties

2021-11-23 16:48:46 - [MESSAGE][INFO] - Checking timeout

2021-11-23 16:48:46 - [MESSAGE][INFO] - Finding web element with id: 'Object Repository/Olusturma/Genel/Kutular/IrsaliyeBilgileri/IrsaliyeNumarasi' located by 'By.xpath: //*[@id = 'gvUserInvoiceBills_DXEditor1_I']' in '30' second(s)

2021-11-23 16:48:46 - [MESSAGE][INFO] - Smart Wait Function is triggered

2021-11-23 16:48:46 - [MESSAGE][INFO] - Found 1 web elements with id: 'Object Repository/Olusturma/Genel/Kutular/IrsaliyeBilgileri/IrsaliyeNumarasi' located by 'By.xpath: //*[@id = 'gvUserInvoiceBills_DXEditor1_I']' in '30' second(s)

2021-11-23 16:48:46 - [MESSAGE][PASSED] - Keys 'AAAAAAAAAA' sent to object: 'Object Repository/Olusturma/Genel/Kutular/IrsaliyeBilgileri/IrsaliyeNumarasi'

2021-11-23 16:48:46 - [TEST_STEP][PASSED] - waitForElementClickable(findTestObject("Object Repository/Olusturma/Genel/Kutular/IrsaliyeBilgileri/IrsaliyeTarihi"), 10): Object 'Object Repository/Olusturma/Genel/Kutular/IrsaliyeBilgileri/IrsaliyeTarihi' is clickable

2021-11-23 16:48:46 - [MESSAGE][INFO] - Finding Test Object 'Object Repository/Olusturma/Genel/Kutular/IrsaliyeBilgileri/IrsaliyeTarihi'

2021-11-23 16:48:46 - [MESSAGE][INFO] - Checking object

2021-11-23 16:48:46 - [MESSAGE][INFO] - Checking timeout

2021-11-23 16:48:46 - [MESSAGE][INFO] - Finding web element from Test Object's properties

2021-11-23 16:48:46 - [MESSAGE][INFO] - Checking timeout

2021-11-23 16:48:46 - [MESSAGE][INFO] - Finding web element with id: 'Object Repository/Olusturma/Genel/Kutular/IrsaliyeBilgileri/IrsaliyeTarihi' located by 'By.xpath: //*[@id = 'gvUserInvoiceBills_DXEditor2_I']' in '10' second(s)

2021-11-23 16:48:46 - [MESSAGE][INFO] - Smart Wait Function is triggered

2021-11-23 16:48:47 - [MESSAGE][INFO] - Found 1 web elements with id: 'Object Repository/Olusturma/Genel/Kutular/IrsaliyeBilgileri/IrsaliyeTarihi' located by 'By.xpath: //*[@id = 'gvUserInvoiceBills_DXEditor2_I']' in '10' second(s)

2021-11-23 16:48:47 - [MESSAGE][PASSED] - Object 'Object Repository/Olusturma/Genel/Kutular/IrsaliyeBilgileri/IrsaliyeTarihi' is clickable

2021-11-23 16:48:47 - [TEST_STEP][PASSED] - click(findTestObject("Object Repository/Olusturma/Genel/Kutular/IrsaliyeBilgileri/IrsaliyeTarihi")): Object: 'Object Repository/Olusturma/Genel/Kutular/IrsaliyeBilgileri/IrsaliyeTarihi' is clicked on

2021-11-23 16:48:47 - [MESSAGE][INFO] - Finding Test Object 'Object Repository/Olusturma/Genel/Kutular/IrsaliyeBilgileri/IrsaliyeTarihi'

2021-11-23 16:48:47 - [MESSAGE][INFO] - Checking object

2021-11-23 16:48:47 - [MESSAGE][INFO] - Finding web element from Test Object's properties

2021-11-23 16:48:47 - [MESSAGE][INFO] - Checking timeout

2021-11-23 16:48:47 - [MESSAGE][INFO] - Finding web element with id: 'Object Repository/Olusturma/Genel/Kutular/IrsaliyeBilgileri/IrsaliyeTarihi' located by 'By.xpath: //*[@id = 'gvUserInvoiceBills_DXEditor2_I']' in '30' second(s)

2021-11-23 16:48:47 - [MESSAGE][INFO] - Smart Wait Function is triggered

2021-11-23 16:48:47 - [MESSAGE][INFO] - Found 1 web elements with id: 'Object Repository/Olusturma/Genel/Kutular/IrsaliyeBilgileri/IrsaliyeTarihi' located by 'By.xpath: //*[@id = 'gvUserInvoiceBills_DXEditor2_I']' in '30' second(s)

2021-11-23 16:48:47 - [MESSAGE][INFO] - Clicking on object: 'Object Repository/Olusturma/Genel/Kutular/IrsaliyeBilgileri/IrsaliyeTarihi'

2021-11-23 16:48:47 - [MESSAGE][PASSED] - Object: 'Object Repository/Olusturma/Genel/Kutular/IrsaliyeBilgileri/IrsaliyeTarihi' is clicked on

2021-11-23 16:48:47 - [TEST_STEP][PASSED] - sendKeys(findTestObject("Object Repository/Olusturma/Genel/Kutular/IrsaliyeBilgileri/IrsaliyeTarihi"), Tarih): Keys '31.04.2020' sent to object: 'Object Repository/Olusturma/Genel/Kutular/IrsaliyeBilgileri/IrsaliyeTarihi'

2021-11-23 16:48:47 - [MESSAGE][INFO] - Finding Test Object 'Object Repository/Olusturma/Genel/Kutular/IrsaliyeBilgileri/IrsaliyeTarihi'

2021-11-23 16:48:47 - [MESSAGE][INFO] - Sending keys '31.04.2020' to object: 'Object Repository/Olusturma/Genel/Kutular/IrsaliyeBilgileri/IrsaliyeTarihi'

2021-11-23 16:48:47 - [MESSAGE][INFO] - Finding web element from Test Object's properties

2021-11-23 16:48:47 - [MESSAGE][INFO] - Checking timeout

2021-11-23 16:48:47 - [MESSAGE][INFO] - Finding web element with id: 'Object Repository/Olusturma/Genel/Kutular/IrsaliyeBilgileri/IrsaliyeTarihi' located by 'By.xpath: //*[@id = 'gvUserInvoiceBills_DXEditor2_I']' in '30' second(s)

2021-11-23 16:48:47 - [MESSAGE][INFO] - Smart Wait Function is triggered

2021-11-23 16:48:47 - [MESSAGE][INFO] - Found 1 web elements with id: 'Object Repository/Olusturma/Genel/Kutular/IrsaliyeBilgileri/IrsaliyeTarihi' located by 'By.xpath: //*[@id = 'gvUserInvoiceBills_DXEditor2_I']' in '30' second(s)

2021-11-23 16:48:48 - [MESSAGE][PASSED] - Keys '31.04.2020' sent to object: 'Object Repository/Olusturma/Genel/Kutular/IrsaliyeBilgileri/IrsaliyeTarihi'

2021-11-23 16:48:48 - [MESSAGE][PASSED] - Call Test Case 'Test Cases/Olusturma/Genel/Kutular/IrsaliyeBilgileri' successfully

2021-11-23 16:48:48 - [MESSAGE][INFO] - Checking called Test Case

2021-11-23 16:48:48 - [MESSAGE][INFO] - Starting to call Test Case 'Test Cases/Olusturma/Genel/EkleButonunaBasilir'

2021-11-23 16:48:48 - [TEST_CASE][PASSED] - Test Cases/Olusturma/Genel/EkleButonunaBasilir: Test Cases/Olusturma/Genel/EkleButonunaBasilir

2021-11-23 16:48:48 - [TEST_STEP][PASSED] - waitForElementClickable(findTestObject("Object Repository/Olusturma/Genel/Olusturma/Ekle"), 10): Object 'Object Repository/Olusturma/Genel/Olusturma/Ekle' is clickable

2021-11-23 16:48:48 - [MESSAGE][INFO] - Finding Test Object 'Object Repository/Olusturma/Genel/Olusturma/Ekle'

2021-11-23 16:48:48 - [MESSAGE][INFO] - Checking object

2021-11-23 16:48:48 - [MESSAGE][INFO] - Checking timeout

2021-11-23 16:48:48 - [MESSAGE][INFO] - Finding web element from Test Object's properties

2021-11-23 16:48:48 - [MESSAGE][INFO] - Checking timeout

2021-11-23 16:48:48 - [MESSAGE][INFO] - Finding web element with id: 'Object Repository/Olusturma/Genel/Olusturma/Ekle' located by 'By.cssSelector: #divmalhizmet i.fa.fa-plus.fa-lg.text-muted' in '10' second(s)

2021-11-23 16:48:48 - [MESSAGE][INFO] - Smart Wait Function is triggered

2021-11-23 16:48:48 - [MESSAGE][INFO] - Found 1 web elements with id: 'Object Repository/Olusturma/Genel/Olusturma/Ekle' located by 'By.cssSelector: #divmalhizmet i.fa.fa-plus.fa-lg.text-muted' in '10' second(s)

2021-11-23 16:48:48 - [MESSAGE][PASSED] - Object 'Object Repository/Olusturma/Genel/Olusturma/Ekle' is clickable

2021-11-23 16:48:48 - [TEST_STEP][PASSED] - click(findTestObject("Object Repository/Olusturma/Genel/Olusturma/Ekle")): Object: 'Object Repository/Olusturma/Genel/Olusturma/Ekle' is clicked on

2021-11-23 16:48:48 - [MESSAGE][INFO] - Finding Test Object 'Object Repository/Olusturma/Genel/Olusturma/Ekle'

2021-11-23 16:48:48 - [MESSAGE][INFO] - Checking object

2021-11-23 16:48:48 - [MESSAGE][INFO] - Finding web element from Test Object's properties

2021-11-23 16:48:48 - [MESSAGE][INFO] - Checking timeout

2021-11-23 16:48:48 - [MESSAGE][INFO] - Finding web element with id: 'Object Repository/Olusturma/Genel/Olusturma/Ekle' located by 'By.cssSelector: #divmalhizmet i.fa.fa-plus.fa-lg.text-muted' in '30' second(s)

2021-11-23 16:48:48 - [MESSAGE][INFO] - Smart Wait Function is triggered

2021-11-23 16:48:48 - [MESSAGE][INFO] - Found 1 web elements with id: 'Object Repository/Olusturma/Genel/Olusturma/Ekle' located by 'By.cssSelector: #divmalhizmet i.fa.fa-plus.fa-lg.text-muted' in '30' second(s)

2021-11-23 16:48:48 - [MESSAGE][INFO] - Clicking on object: 'Object Repository/Olusturma/Genel/Olusturma/Ekle'

2021-11-23 16:48:48 - [MESSAGE][PASSED] - Object: 'Object Repository/Olusturma/Genel/Olusturma/Ekle' is clicked on

2021-11-23 16:48:48 - [TEST_STEP][PASSED] - waitForElementClickable(findTestObject("Olusturma/Genel/Olusturma/EklenenSatirCarpiImage"), 10): Object 'Object Repository/Olusturma/Genel/Olusturma/EklenenSatirCarpiImage' is clickable

2021-11-23 16:48:48 - [MESSAGE][INFO] - Finding Test Object 'Object Repository/Olusturma/Genel/Olusturma/EklenenSatirCarpiImage'

2021-11-23 16:48:48 - [MESSAGE][INFO] - Checking object

2021-11-23 16:48:49 - [MESSAGE][INFO] - Checking timeout

2021-11-23 16:48:49 - [MESSAGE][INFO] - Finding web element from Test Object's properties

2021-11-23 16:48:49 - [MESSAGE][INFO] - Checking timeout

2021-11-23 16:48:49 - [MESSAGE][INFO] - Finding web element with id: 'Object Repository/Olusturma/Genel/Olusturma/EklenenSatirCarpiImage' located by 'By.cssSelector: .fa.fa-times.fa-lg.text-primary' in '10' second(s)

2021-11-23 16:48:49 - [MESSAGE][INFO] - Smart Wait Function is triggered

2021-11-23 16:48:49 - [MESSAGE][INFO] - Found 1 web elements with id: 'Object Repository/Olusturma/Genel/Olusturma/EklenenSatirCarpiImage' located by 'By.cssSelector: .fa.fa-times.fa-lg.text-primary' in '10' second(s)

2021-11-23 16:48:49 - [MESSAGE][PASSED] - Object 'Object Repository/Olusturma/Genel/Olusturma/EklenenSatirCarpiImage' is clickable

2021-11-23 16:48:49 - [MESSAGE][PASSED] - Call Test Case 'Test Cases/Olusturma/Genel/EkleButonunaBasilir' successfully

2021-11-23 16:48:49 - [MESSAGE][INFO] - Checking called Test Case

2021-11-23 16:48:49 - [MESSAGE][INFO] - Starting to call Test Case 'Test Cases/Olusturma/Genel/Olusturma'

2021-11-23 16:48:49 - [TEST_CASE][PASSED] - Test Cases/Olusturma/Genel/Olusturma: Test Cases/Olusturma/Genel/Olusturma

2021-11-23 16:48:49 - [TEST_STEP][PASSED] - driver = getWebDriver(): null

2021-11-23 16:48:49 - [TEST_STEP][PASSED] - action = new org.openqa.selenium.interactions.Actions(driver): null

2021-11-23 16:48:49 - [TEST_STEP][PASSED] - baslikElement = <not implemented yet for class: org.codehaus.groovy.ast.expr.EmptyExpression>: null

2021-11-23 16:48:49 - [TEST_STEP][PASSED] - sonElement = <not implemented yet for class: org.codehaus.groovy.ast.expr.EmptyExpression>: null

2021-11-23 16:48:49 - [TEST_STEP][PASSED] - attr = <not implemented yet for class: org.codehaus.groovy.ast.expr.EmptyExpression>: null

2021-11-23 16:48:49 - [TEST_STEP][PASSED] - a = 0: null

2021-11-23 16:48:49 - [TEST_STEP][PASSED] - elements = findWebElements(findTestObject("Object Repository/Olusturma/Genel/Olusturma/TabloBasliklari"), 10): Found 13 web elements with id: 'Object Repository/Olusturma/Genel/Olusturma/TabloBasliklari' located by 'By.cssSelector: div#divmalhizmet .dxgvTable_LECustomTheme td.dxgvHeader_LECustomTheme tr>td:nth-child(1)' in '10' second(s)

2021-11-23 16:48:49 - [MESSAGE][INFO] - Finding Test Object 'Object Repository/Olusturma/Genel/Olusturma/TabloBasliklari'

2021-11-23 16:48:49 - [MESSAGE][INFO] - Checking timeout

2021-11-23 16:48:49 - [MESSAGE][INFO] - Finding web element with id: 'Object Repository/Olusturma/Genel/Olusturma/TabloBasliklari' located by 'By.cssSelector: div#divmalhizmet .dxgvTable_LECustomTheme td.dxgvHeader_LECustomTheme tr>td:nth-child(1)' in '10' second(s)

2021-11-23 16:48:49 - [MESSAGE][INFO] - Smart Wait Function is triggered

2021-11-23 16:48:50 - [MESSAGE][INFO] - Found 13 web elements with id: 'Object Repository/Olusturma/Genel/Olusturma/TabloBasliklari' located by 'By.cssSelector: div#divmalhizmet .dxgvTable_LECustomTheme td.dxgvHeader_LECustomTheme tr>td:nth-child(1)' in '10' second(s)

2021-11-23 16:48:50 - [TEST_STEP][PASSED] - for (def element : elements): null

2021-11-23 16:48:50 - [TEST_STEP][PASSED] - build().perform(): null

2021-11-23 16:48:50 - [TEST_STEP][PASSED] - if (getText().equals(Baslik)): null

2021-11-23 16:48:50 - [TEST_STEP][PASSED] - baslikElement = element.findElement(By.xpath("../../../..")): Smart Wait Function is triggered

2021-11-23 16:48:50 - [MESSAGE][INFO] - Smart Wait Function is triggered

2021-11-23 16:48:50 - [TEST_STEP][PASSED] - attr = baslikElement.getAttribute("id"): null

2021-11-23 16:48:50 - [TEST_STEP][PASSED] - println("girdi ve idsini aldı = " + attr): null

2021-11-23 16:48:50 - [TEST_STEP][PASSED] - break: null

2021-11-23 16:48:50 - [TEST_STEP][PASSED] - countElement = baslikElement.findElements(By.xpath("../td")): Smart Wait Function is triggered

2021-11-23 16:48:50 - [MESSAGE][INFO] - Smart Wait Function is triggered

2021-11-23 16:48:51 - [TEST_STEP][PASSED] - for (def element : countElement): null

2021-11-23 16:48:51 - [TEST_STEP][PASSED] - if (toString().equals(attr.toString())): null

2021-11-23 16:48:51 - [TEST_STEP][PASSED] - (a++): null

2021-11-23 16:48:51 - [TEST_STEP][PASSED] - if (toString().equals(attr.toString())): null

2021-11-23 16:48:51 - [TEST_STEP][PASSED] - break: null

2021-11-23 16:48:51 - [TEST_STEP][PASSED] - son = findWebElement(findTestObject("Object Repository/Olusturma/Genel/Olusturma/EklenenSatir")).findElement(By.xpath("td[@class='dxgvInlineEditCell_LECustomTheme dxgv'][" + a + "]//td[@class='dxic']/input")): Smart Wait Function is triggered

2021-11-23 16:48:51 - [MESSAGE][INFO] - Finding Test Object 'Object Repository/Olusturma/Genel/Olusturma/EklenenSatir'

2021-11-23 16:48:51 - [MESSAGE][INFO] - Finding web element from Test Object's properties

2021-11-23 16:48:51 - [MESSAGE][INFO] - Checking timeout

2021-11-23 16:48:51 - [MESSAGE][INFO] - Finding web element with id: 'Object Repository/Olusturma/Genel/Olusturma/EklenenSatir' located by 'By.cssSelector: #divmalhizmet .dxgvInlineEditRow_LECustomTheme' in '30' second(s)

2021-11-23 16:48:51 - [MESSAGE][INFO] - Smart Wait Function is triggered

2021-11-23 16:48:51 - [MESSAGE][INFO] - Found 1 web elements with id: 'Object Repository/Olusturma/Genel/Olusturma/EklenenSatir' located by 'By.cssSelector: #divmalhizmet .dxgvInlineEditRow_LECustomTheme' in '30' second(s)

2021-11-23 16:48:51 - [MESSAGE][INFO] - Smart Wait Function is triggered

2021-11-23 16:48:51 - [TEST_STEP][PASSED] - if (!(getAttribute("value").contains("Vkn"))): null

2021-11-23 16:48:51 - [TEST_STEP][PASSED] - son.clear(): null

2021-11-23 16:48:51 - [TEST_STEP][PASSED] - son.sendKeys(Deger): null

2021-11-23 16:48:51 - [MESSAGE][PASSED] - Call Test Case 'Test Cases/Olusturma/Genel/Olusturma' successfully

2021-11-23 16:48:51 - [MESSAGE][INFO] - Checking called Test Case

2021-11-23 16:48:51 - [MESSAGE][INFO] - Starting to call Test Case 'Test Cases/Olusturma/Genel/Olusturma'

2021-11-23 16:48:52 - [TEST_CASE][PASSED] - Test Cases/Olusturma/Genel/Olusturma: Test Cases/Olusturma/Genel/Olusturma

2021-11-23 16:48:52 - [TEST_STEP][PASSED] - driver = getWebDriver(): null

2021-11-23 16:48:52 - [TEST_STEP][PASSED] - action = new org.openqa.selenium.interactions.Actions(driver): null

2021-11-23 16:48:52 - [TEST_STEP][PASSED] - baslikElement = <not implemented yet for class: org.codehaus.groovy.ast.expr.EmptyExpression>: null

2021-11-23 16:48:52 - [TEST_STEP][PASSED] - sonElement = <not implemented yet for class: org.codehaus.groovy.ast.expr.EmptyExpression>: null

2021-11-23 16:48:52 - [TEST_STEP][PASSED] - attr = <not implemented yet for class: org.codehaus.groovy.ast.expr.EmptyExpression>: null

2021-11-23 16:48:52 - [TEST_STEP][PASSED] - a = 0: null

2021-11-23 16:48:52 - [TEST_STEP][PASSED] - elements = findWebElements(findTestObject("Object Repository/Olusturma/Genel/Olusturma/TabloBasliklari"), 10): Found 13 web elements with id: 'Object Repository/Olusturma/Genel/Olusturma/TabloBasliklari' located by 'By.cssSelector: div#divmalhizmet .dxgvTable_LECustomTheme td.dxgvHeader_LECustomTheme tr>td:nth-child(1)' in '10' second(s)

2021-11-23 16:48:52 - [MESSAGE][INFO] - Finding Test Object 'Object Repository/Olusturma/Genel/Olusturma/TabloBasliklari'

2021-11-23 16:48:52 - [MESSAGE][INFO] - Checking timeout

2021-11-23 16:48:52 - [MESSAGE][INFO] - Finding web element with id: 'Object Repository/Olusturma/Genel/Olusturma/TabloBasliklari' located by 'By.cssSelector: div#divmalhizmet .dxgvTable_LECustomTheme td.dxgvHeader_LECustomTheme tr>td:nth-child(1)' in '10' second(s)

2021-11-23 16:48:52 - [MESSAGE][INFO] - Smart Wait Function is triggered

2021-11-23 16:48:52 - [MESSAGE][INFO] - Found 13 web elements with id: 'Object Repository/Olusturma/Genel/Olusturma/TabloBasliklari' located by 'By.cssSelector: div#divmalhizmet .dxgvTable_LECustomTheme td.dxgvHeader_LECustomTheme tr>td:nth-child(1)' in '10' second(s)

2021-11-23 16:48:52 - [TEST_STEP][PASSED] - for (def element : elements): null

2021-11-23 16:48:52 - [TEST_STEP][PASSED] - build().perform(): null

2021-11-23 16:48:52 - [TEST_STEP][PASSED] - if (getText().equals(Baslik)): null

2021-11-23 16:48:52 - [TEST_STEP][PASSED] - build().perform(): null

2021-11-23 16:48:52 - [TEST_STEP][PASSED] - if (getText().equals(Baslik)): null

2021-11-23 16:48:52 - [TEST_STEP][PASSED] - baslikElement = element.findElement(By.xpath("../../../..")): Smart Wait Function is triggered

2021-11-23 16:48:52 - [MESSAGE][INFO] - Smart Wait Function is triggered

2021-11-23 16:48:52 - [TEST_STEP][PASSED] - attr = baslikElement.getAttribute("id"): null

2021-11-23 16:48:52 - [TEST_STEP][PASSED] - println("girdi ve idsini aldı = " + attr): null

2021-11-23 16:48:52 - [TEST_STEP][PASSED] - break: null

2021-11-23 16:48:52 - [TEST_STEP][PASSED] - countElement = baslikElement.findElements(By.xpath("../td")): Smart Wait Function is triggered

2021-11-23 16:48:52 - [MESSAGE][INFO] - Smart Wait Function is triggered

2021-11-23 16:48:53 - [TEST_STEP][PASSED] - for (def element : countElement): null

2021-11-23 16:48:53 - [TEST_STEP][PASSED] - if (toString().equals(attr.toString())): null

2021-11-23 16:48:53 - [TEST_STEP][PASSED] - (a++): null

2021-11-23 16:48:53 - [TEST_STEP][PASSED] - if (toString().equals(attr.toString())): null

2021-11-23 16:48:53 - [TEST_STEP][PASSED] - (a++): null

2021-11-23 16:48:53 - [TEST_STEP][PASSED] - if (toString().equals(attr.toString())): null

2021-11-23 16:48:53 - [TEST_STEP][PASSED] - break: null

2021-11-23 16:48:53 - [TEST_STEP][PASSED] - son = findWebElement(findTestObject("Object Repository/Olusturma/Genel/Olusturma/EklenenSatir")).findElement(By.xpath("td[@class='dxgvInlineEditCell_LECustomTheme dxgv'][" + a + "]//td[@class='dxic']/input")): Smart Wait Function is triggered

2021-11-23 16:48:53 - [MESSAGE][INFO] - Finding Test Object 'Object Repository/Olusturma/Genel/Olusturma/EklenenSatir'

2021-11-23 16:48:53 - [MESSAGE][INFO] - Finding web element from Test Object's properties

2021-11-23 16:48:53 - [MESSAGE][INFO] - Checking timeout

2021-11-23 16:48:53 - [MESSAGE][INFO] - Finding web element with id: 'Object Repository/Olusturma/Genel/Olusturma/EklenenSatir' located by 'By.cssSelector: #divmalhizmet .dxgvInlineEditRow_LECustomTheme' in '30' second(s)

2021-11-23 16:48:53 - [MESSAGE][INFO] - Smart Wait Function is triggered

2021-11-23 16:48:53 - [MESSAGE][INFO] - Found 1 web elements with id: 'Object Repository/Olusturma/Genel/Olusturma/EklenenSatir' located by 'By.cssSelector: #divmalhizmet .dxgvInlineEditRow_LECustomTheme' in '30' second(s)

2021-11-23 16:48:53 - [MESSAGE][INFO] - Smart Wait Function is triggered

2021-11-23 16:48:53 - [TEST_STEP][PASSED] - if (!(getAttribute("value").contains("Vkn"))): null

2021-11-23 16:48:53 - [TEST_STEP][PASSED] - son.clear(): null

2021-11-23 16:48:53 - [TEST_STEP][PASSED] - son.sendKeys(Deger): null

2021-11-23 16:48:54 - [MESSAGE][PASSED] - Call Test Case 'Test Cases/Olusturma/Genel/Olusturma' successfully

2021-11-23 16:48:54 - [MESSAGE][INFO] - Checking called Test Case

2021-11-23 16:48:54 - [MESSAGE][INFO] - Starting to call Test Case 'Test Cases/Olusturma/Genel/Olusturma'

2021-11-23 16:48:54 - [TEST_CASE][PASSED] - Test Cases/Olusturma/Genel/Olusturma: Test Cases/Olusturma/Genel/Olusturma

2021-11-23 16:48:54 - [TEST_STEP][PASSED] - driver = getWebDriver(): null

2021-11-23 16:48:54 - [TEST_STEP][PASSED] - action = new org.openqa.selenium.interactions.Actions(driver): null

2021-11-23 16:48:54 - [TEST_STEP][PASSED] - baslikElement = <not implemented yet for class: org.codehaus.groovy.ast.expr.EmptyExpression>: null

2021-11-23 16:48:54 - [TEST_STEP][PASSED] - sonElement = <not implemented yet for class: org.codehaus.groovy.ast.expr.EmptyExpression>: null

2021-11-23 16:48:54 - [TEST_STEP][PASSED] - attr = <not implemented yet for class: org.codehaus.groovy.ast.expr.EmptyExpression>: null

2021-11-23 16:48:54 - [TEST_STEP][PASSED] - a = 0: null

2021-11-23 16:48:54 - [TEST_STEP][PASSED] - elements = findWebElements(findTestObject("Object Repository/Olusturma/Genel/Olusturma/TabloBasliklari"), 10): Found 13 web elements with id: 'Object Repository/Olusturma/Genel/Olusturma/TabloBasliklari' located by 'By.cssSelector: div#divmalhizmet .dxgvTable_LECustomTheme td.dxgvHeader_LECustomTheme tr>td:nth-child(1)' in '10' second(s)

2021-11-23 16:48:54 - [MESSAGE][INFO] - Finding Test Object 'Object Repository/Olusturma/Genel/Olusturma/TabloBasliklari'

2021-11-23 16:48:54 - [MESSAGE][INFO] - Checking timeout

2021-11-23 16:48:54 - [MESSAGE][INFO] - Finding web element with id: 'Object Repository/Olusturma/Genel/Olusturma/TabloBasliklari' located by 'By.cssSelector: div#divmalhizmet .dxgvTable_LECustomTheme td.dxgvHeader_LECustomTheme tr>td:nth-child(1)' in '10' second(s)

2021-11-23 16:48:54 - [MESSAGE][INFO] - Smart Wait Function is triggered

2021-11-23 16:48:54 - [MESSAGE][INFO] - Found 13 web elements with id: 'Object Repository/Olusturma/Genel/Olusturma/TabloBasliklari' located by 'By.cssSelector: div#divmalhizmet .dxgvTable_LECustomTheme td.dxgvHeader_LECustomTheme tr>td:nth-child(1)' in '10' second(s)

2021-11-23 16:48:54 - [TEST_STEP][PASSED] - for (def element : elements): null

2021-11-23 16:48:54 - [TEST_STEP][PASSED] - build().perform(): null

2021-11-23 16:48:54 - [TEST_STEP][PASSED] - if (getText().equals(Baslik)): null

2021-11-23 16:48:54 - [TEST_STEP][PASSED] - build().perform(): null

2021-11-23 16:48:54 - [TEST_STEP][PASSED] - if (getText().equals(Baslik)): null

2021-11-23 16:48:54 - [TEST_STEP][PASSED] - build().perform(): null

2021-11-23 16:48:54 - [TEST_STEP][PASSED] - if (getText().equals(Baslik)): null

2021-11-23 16:48:54 - [TEST_STEP][PASSED] - build().perform(): null

2021-11-23 16:48:55 - [TEST_STEP][PASSED] - if (getText().equals(Baslik)): null

2021-11-23 16:48:55 - [TEST_STEP][PASSED] - baslikElement = element.findElement(By.xpath("../../../..")): Smart Wait Function is triggered

2021-11-23 16:48:55 - [MESSAGE][INFO] - Smart Wait Function is triggered

2021-11-23 16:48:55 - [TEST_STEP][PASSED] - attr = baslikElement.getAttribute("id"): null

2021-11-23 16:48:55 - [TEST_STEP][PASSED] - println("girdi ve idsini aldı = " + attr): null

2021-11-23 16:48:55 - [TEST_STEP][PASSED] - break: null

2021-11-23 16:48:55 - [TEST_STEP][PASSED] - countElement = baslikElement.findElements(By.xpath("../td")): Smart Wait Function is triggered

2021-11-23 16:48:55 - [MESSAGE][INFO] - Smart Wait Function is triggered

2021-11-23 16:48:55 - [TEST_STEP][PASSED] - for (def element : countElement): null

2021-11-23 16:48:55 - [TEST_STEP][PASSED] - if (toString().equals(attr.toString())): null

2021-11-23 16:48:55 - [TEST_STEP][PASSED] - (a++): null

2021-11-23 16:48:55 - [TEST_STEP][PASSED] - if (toString().equals(attr.toString())): null

2021-11-23 16:48:55 - [TEST_STEP][PASSED] - (a++): null

2021-11-23 16:48:55 - [TEST_STEP][PASSED] - if (toString().equals(attr.toString())): null

2021-11-23 16:48:55 - [TEST_STEP][PASSED] - (a++): null

2021-11-23 16:48:55 - [TEST_STEP][PASSED] - if (toString().equals(attr.toString())): null

2021-11-23 16:48:55 - [TEST_STEP][PASSED] - (a++): null

2021-11-23 16:48:55 - [TEST_STEP][PASSED] - if (toString().equals(attr.toString())): null

2021-11-23 16:48:55 - [TEST_STEP][PASSED] - break: null

2021-11-23 16:48:55 - [TEST_STEP][PASSED] - son = findWebElement(findTestObject("Object Repository/Olusturma/Genel/Olusturma/EklenenSatir")).findElement(By.xpath("td[@class='dxgvInlineEditCell_LECustomTheme dxgv'][" + a + "]//td[@class='dxic']/input")): Smart Wait Function is triggered

2021-11-23 16:48:55 - [MESSAGE][INFO] - Finding Test Object 'Object Repository/Olusturma/Genel/Olusturma/EklenenSatir'

2021-11-23 16:48:55 - [MESSAGE][INFO] - Finding web element from Test Object's properties

2021-11-23 16:48:55 - [MESSAGE][INFO] - Checking timeout

2021-11-23 16:48:55 - [MESSAGE][INFO] - Finding web element with id: 'Object Repository/Olusturma/Genel/Olusturma/EklenenSatir' located by 'By.cssSelector: #divmalhizmet .dxgvInlineEditRow_LECustomTheme' in '30' second(s)

2021-11-23 16:48:55 - [MESSAGE][INFO] - Smart Wait Function is triggered

2021-11-23 16:48:56 - [MESSAGE][INFO] - Found 1 web elements with id: 'Object Repository/Olusturma/Genel/Olusturma/EklenenSatir' located by 'By.cssSelector: #divmalhizmet .dxgvInlineEditRow_LECustomTheme' in '30' second(s)

2021-11-23 16:48:56 - [MESSAGE][INFO] - Smart Wait Function is triggered

2021-11-23 16:48:56 - [TEST_STEP][PASSED] - if (!(getAttribute("value").contains("Vkn"))): null

2021-11-23 16:48:56 - [TEST_STEP][PASSED] - son.clear(): null

2021-11-23 16:48:56 - [TEST_STEP][PASSED] - son.sendKeys(Deger): null

2021-11-23 16:48:56 - [MESSAGE][PASSED] - Call Test Case 'Test Cases/Olusturma/Genel/Olusturma' successfully

2021-11-23 16:48:56 - [MESSAGE][INFO] - Checking called Test Case

2021-11-23 16:48:56 - [MESSAGE][INFO] - Starting to call Test Case 'Test Cases/Olusturma/Genel/Olusturma'

2021-11-23 16:48:56 - [TEST_CASE][PASSED] - Test Cases/Olusturma/Genel/Olusturma: Test Cases/Olusturma/Genel/Olusturma

2021-11-23 16:48:56 - [TEST_STEP][PASSED] - driver = getWebDriver(): null

2021-11-23 16:48:56 - [TEST_STEP][PASSED] - action = new org.openqa.selenium.interactions.Actions(driver): null

2021-11-23 16:48:56 - [TEST_STEP][PASSED] - baslikElement = <not implemented yet for class: org.codehaus.groovy.ast.expr.EmptyExpression>: null

2021-11-23 16:48:56 - [TEST_STEP][PASSED] - sonElement = <not implemented yet for class: org.codehaus.groovy.ast.expr.EmptyExpression>: null

2021-11-23 16:48:56 - [TEST_STEP][PASSED] - attr = <not implemented yet for class: org.codehaus.groovy.ast.expr.EmptyExpression>: null

2021-11-23 16:48:56 - [TEST_STEP][PASSED] - a = 0: null

2021-11-23 16:48:56 - [TEST_STEP][PASSED] - elements = findWebElements(findTestObject("Object Repository/Olusturma/Genel/Olusturma/TabloBasliklari"), 10): Found 13 web elements with id: 'Object Repository/Olusturma/Genel/Olusturma/TabloBasliklari' located by 'By.cssSelector: div#divmalhizmet .dxgvTable_LECustomTheme td.dxgvHeader_LECustomTheme tr>td:nth-child(1)' in '10' second(s)

2021-11-23 16:48:56 - [MESSAGE][INFO] - Finding Test Object 'Object Repository/Olusturma/Genel/Olusturma/TabloBasliklari'

2021-11-23 16:48:56 - [MESSAGE][INFO] - Checking timeout

2021-11-23 16:48:56 - [MESSAGE][INFO] - Finding web element with id: 'Object Repository/Olusturma/Genel/Olusturma/TabloBasliklari' located by 'By.cssSelector: div#divmalhizmet .dxgvTable_LECustomTheme td.dxgvHeader_LECustomTheme tr>td:nth-child(1)' in '10' second(s)

2021-11-23 16:48:56 - [MESSAGE][INFO] - Smart Wait Function is triggered

2021-11-23 16:48:56 - [MESSAGE][INFO] - Found 13 web elements with id: 'Object Repository/Olusturma/Genel/Olusturma/TabloBasliklari' located by 'By.cssSelector: div#divmalhizmet .dxgvTable_LECustomTheme td.dxgvHeader_LECustomTheme tr>td:nth-child(1)' in '10' second(s)

2021-11-23 16:48:56 - [TEST_STEP][PASSED] - for (def element : elements): null

2021-11-23 16:48:56 - [TEST_STEP][PASSED] - build().perform(): null

2021-11-23 16:48:57 - [TEST_STEP][PASSED] - if (getText().equals(Baslik)): null

2021-11-23 16:48:57 - [TEST_STEP][PASSED] - build().perform(): null

2021-11-23 16:48:57 - [TEST_STEP][PASSED] - if (getText().equals(Baslik)): null

2021-11-23 16:48:57 - [TEST_STEP][PASSED] - build().perform(): null

2021-11-23 16:48:57 - [TEST_STEP][PASSED] - if (getText().equals(Baslik)): null

2021-11-23 16:48:57 - [TEST_STEP][PASSED] - build().perform(): null

2021-11-23 16:48:57 - [TEST_STEP][PASSED] - if (getText().equals(Baslik)): null

2021-11-23 16:48:57 - [TEST_STEP][PASSED] - build().perform(): null

2021-11-23 16:48:57 - [TEST_STEP][PASSED] - if (getText().equals(Baslik)): null

2021-11-23 16:48:57 - [TEST_STEP][PASSED] - build().perform(): null

2021-11-23 16:48:57 - [TEST_STEP][PASSED] - if (getText().equals(Baslik)): null

2021-11-23 16:48:57 - [TEST_STEP][PASSED] - baslikElement = element.findElement(By.xpath("../../../..")): Smart Wait Function is triggered

2021-11-23 16:48:57 - [MESSAGE][INFO] - Smart Wait Function is triggered

2021-11-23 16:48:58 - [TEST_STEP][PASSED] - attr = baslikElement.getAttribute("id"): null

2021-11-23 16:48:58 - [TEST_STEP][PASSED] - println("girdi ve idsini aldı = " + attr): null

2021-11-23 16:48:58 - [TEST_STEP][PASSED] - break: null

2021-11-23 16:48:58 - [TEST_STEP][PASSED] - countElement = baslikElement.findElements(By.xpath("../td")): Smart Wait Function is triggered

2021-11-23 16:48:58 - [MESSAGE][INFO] - Smart Wait Function is triggered

2021-11-23 16:48:58 - [TEST_STEP][PASSED] - for (def element : countElement): null

2021-11-23 16:48:58 - [TEST_STEP][PASSED] - if (toString().equals(attr.toString())): null

2021-11-23 16:48:58 - [TEST_STEP][PASSED] - (a++): null

2021-11-23 16:48:58 - [TEST_STEP][PASSED] - if (toString().equals(attr.toString())): null

2021-11-23 16:48:58 - [TEST_STEP][PASSED] - (a++): null

2021-11-23 16:48:58 - [TEST_STEP][PASSED] - if (toString().equals(attr.toString())): null

2021-11-23 16:48:58 - [TEST_STEP][PASSED] - (a++): null

2021-11-23 16:48:58 - [TEST_STEP][PASSED] - if (toString().equals(attr.toString())): null

2021-11-23 16:48:58 - [TEST_STEP][PASSED] - (a++): null

2021-11-23 16:48:58 - [TEST_STEP][PASSED] - if (toString().equals(attr.toString())): null

2021-11-23 16:48:58 - [TEST_STEP][PASSED] - (a++): null

2021-11-23 16:48:58 - [TEST_STEP][PASSED] - if (toString().equals(attr.toString())): null

2021-11-23 16:48:58 - [TEST_STEP][PASSED] - (a++): null

2021-11-23 16:48:58 - [TEST_STEP][PASSED] - if (toString().equals(attr.toString())): null

2021-11-23 16:48:58 - [TEST_STEP][PASSED] - break: null

2021-11-23 16:48:58 - [TEST_STEP][PASSED] - son = findWebElement(findTestObject("Object Repository/Olusturma/Genel/Olusturma/EklenenSatir")).findElement(By.xpath("td[@class='dxgvInlineEditCell_LECustomTheme dxgv'][" + a + "]//td[@class='dxic']/input")): Smart Wait Function is triggered

2021-11-23 16:48:58 - [MESSAGE][INFO] - Finding Test Object 'Object Repository/Olusturma/Genel/Olusturma/EklenenSatir'

2021-11-23 16:48:58 - [MESSAGE][INFO] - Finding web element from Test Object's properties

2021-11-23 16:48:58 - [MESSAGE][INFO] - Checking timeout

2021-11-23 16:48:58 - [MESSAGE][INFO] - Finding web element with id: 'Object Repository/Olusturma/Genel/Olusturma/EklenenSatir' located by 'By.cssSelector: #divmalhizmet .dxgvInlineEditRow_LECustomTheme' in '30' second(s)

2021-11-23 16:48:58 - [MESSAGE][INFO] - Smart Wait Function is triggered

2021-11-23 16:48:58 - [MESSAGE][INFO] - Found 1 web elements with id: 'Object Repository/Olusturma/Genel/Olusturma/EklenenSatir' located by 'By.cssSelector: #divmalhizmet .dxgvInlineEditRow_LECustomTheme' in '30' second(s)

2021-11-23 16:48:58 - [MESSAGE][INFO] - Smart Wait Function is triggered

2021-11-23 16:48:59 - [TEST_STEP][PASSED] - if (!(getAttribute("value").contains("Vkn"))): null

2021-11-23 16:48:59 - [TEST_STEP][PASSED] - son.clear(): null

2021-11-23 16:48:59 - [TEST_STEP][PASSED] - son.sendKeys(Deger): null

2021-11-23 16:48:59 - [MESSAGE][PASSED] - Call Test Case 'Test Cases/Olusturma/Genel/Olusturma' successfully

2021-11-23 16:48:59 - [MESSAGE][INFO] - Checking called Test Case

2021-11-23 16:48:59 - [MESSAGE][INFO] - Starting to call Test Case 'Test Cases/Olusturma/Genel/Olusturma'

2021-11-23 16:48:59 - [TEST_CASE][PASSED] - Test Cases/Olusturma/Genel/Olusturma: Test Cases/Olusturma/Genel/Olusturma

2021-11-23 16:48:59 - [TEST_STEP][PASSED] - driver = getWebDriver(): null

2021-11-23 16:48:59 - [TEST_STEP][PASSED] - action = new org.openqa.selenium.interactions.Actions(driver): null

2021-11-23 16:48:59 - [TEST_STEP][PASSED] - baslikElement = <not implemented yet for class: org.codehaus.groovy.ast.expr.EmptyExpression>: null

2021-11-23 16:48:59 - [TEST_STEP][PASSED] - sonElement = <not implemented yet for class: org.codehaus.groovy.ast.expr.EmptyExpression>: null

2021-11-23 16:48:59 - [TEST_STEP][PASSED] - attr = <not implemented yet for class: org.codehaus.groovy.ast.expr.EmptyExpression>: null

2021-11-23 16:48:59 - [TEST_STEP][PASSED] - a = 0: null

2021-11-23 16:48:59 - [TEST_STEP][PASSED] - elements = findWebElements(findTestObject("Object Repository/Olusturma/Genel/Olusturma/TabloBasliklari"), 10): Found 13 web elements with id: 'Object Repository/Olusturma/Genel/Olusturma/TabloBasliklari' located by 'By.cssSelector: div#divmalhizmet .dxgvTable_LECustomTheme td.dxgvHeader_LECustomTheme tr>td:nth-child(1)' in '10' second(s)

2021-11-23 16:48:59 - [MESSAGE][INFO] - Finding Test Object 'Object Repository/Olusturma/Genel/Olusturma/TabloBasliklari'

2021-11-23 16:48:59 - [MESSAGE][INFO] - Checking timeout

2021-11-23 16:48:59 - [MESSAGE][INFO] - Finding web element with id: 'Object Repository/Olusturma/Genel/Olusturma/TabloBasliklari' located by 'By.cssSelector: div#divmalhizmet .dxgvTable_LECustomTheme td.dxgvHeader_LECustomTheme tr>td:nth-child(1)' in '10' second(s)

2021-11-23 16:48:59 - [MESSAGE][INFO] - Smart Wait Function is triggered

2021-11-23 16:48:59 - [MESSAGE][INFO] - Found 13 web elements with id: 'Object Repository/Olusturma/Genel/Olusturma/TabloBasliklari' located by 'By.cssSelector: div#divmalhizmet .dxgvTable_LECustomTheme td.dxgvHeader_LECustomTheme tr>td:nth-child(1)' in '10' second(s)

2021-11-23 16:48:59 - [TEST_STEP][PASSED] - for (def element : elements): null

2021-11-23 16:48:59 - [TEST_STEP][PASSED] - build().perform(): null

2021-11-23 16:49:00 - [TEST_STEP][PASSED] - if (getText().equals(Baslik)): null

2021-11-23 16:49:00 - [TEST_STEP][PASSED] - build().perform(): null

2021-11-23 16:49:00 - [TEST_STEP][PASSED] - if (getText().equals(Baslik)): null

2021-11-23 16:49:00 - [TEST_STEP][PASSED] - build().perform(): null

2021-11-23 16:49:00 - [TEST_STEP][PASSED] - if (getText().equals(Baslik)): null

2021-11-23 16:49:00 - [TEST_STEP][PASSED] - build().perform(): null

2021-11-23 16:49:00 - [TEST_STEP][PASSED] - if (getText().equals(Baslik)): null

2021-11-23 16:49:00 - [TEST_STEP][PASSED] - build().perform(): null

2021-11-23 16:49:00 - [TEST_STEP][PASSED] - if (getText().equals(Baslik)): null

2021-11-23 16:49:00 - [TEST_STEP][PASSED] - build().perform(): null

2021-11-23 16:49:00 - [TEST_STEP][PASSED] - if (getText().equals(Baslik)): null

2021-11-23 16:49:00 - [TEST_STEP][PASSED] - build().perform(): null

2021-11-23 16:49:00 - [TEST_STEP][PASSED] - if (getText().equals(Baslik)): null

2021-11-23 16:49:00 - [TEST_STEP][PASSED] - baslikElement = element.findElement(By.xpath("../../../..")): Smart Wait Function is triggered

2021-11-23 16:49:00 - [MESSAGE][INFO] - Smart Wait Function is triggered

2021-11-23 16:49:01 - [TEST_STEP][PASSED] - attr = baslikElement.getAttribute("id"): null

2021-11-23 16:49:01 - [TEST_STEP][PASSED] - println("girdi ve idsini aldı = " + attr): null

2021-11-23 16:49:01 - [TEST_STEP][PASSED] - break: null

2021-11-23 16:49:01 - [TEST_STEP][PASSED] - countElement = baslikElement.findElements(By.xpath("../td")): Smart Wait Function is triggered

2021-11-23 16:49:01 - [MESSAGE][INFO] - Smart Wait Function is triggered

2021-11-23 16:49:01 - [TEST_STEP][PASSED] - for (def element : countElement): null

2021-11-23 16:49:01 - [TEST_STEP][PASSED] - if (toString().equals(attr.toString())): null

2021-11-23 16:49:01 - [TEST_STEP][PASSED] - (a++): null

2021-11-23 16:49:01 - [TEST_STEP][PASSED] - if (toString().equals(attr.toString())): null

2021-11-23 16:49:01 - [TEST_STEP][PASSED] - (a++): null

2021-11-23 16:49:01 - [TEST_STEP][PASSED] - if (toString().equals(attr.toString())): null

2021-11-23 16:49:01 - [TEST_STEP][PASSED] - (a++): null

2021-11-23 16:49:01 - [TEST_STEP][PASSED] - if (toString().equals(attr.toString())): null

2021-11-23 16:49:01 - [TEST_STEP][PASSED] - (a++): null

2021-11-23 16:49:01 - [TEST_STEP][PASSED] - if (toString().equals(attr.toString())): null

2021-11-23 16:49:01 - [TEST_STEP][PASSED] - (a++): null

2021-11-23 16:49:01 - [TEST_STEP][PASSED] - if (toString().equals(attr.toString())): null

2021-11-23 16:49:01 - [TEST_STEP][PASSED] - (a++): null

2021-11-23 16:49:01 - [TEST_STEP][PASSED] - if (toString().equals(attr.toString())): null

2021-11-23 16:49:01 - [TEST_STEP][PASSED] - (a++): null

2021-11-23 16:49:01 - [TEST_STEP][PASSED] - if (toString().equals(attr.toString())): null

2021-11-23 16:49:01 - [TEST_STEP][PASSED] - break: null

2021-11-23 16:49:01 - [TEST_STEP][PASSED] - son = findWebElement(findTestObject("Object Repository/Olusturma/Genel/Olusturma/EklenenSatir")).findElement(By.xpath("td[@class='dxgvInlineEditCell_LECustomTheme dxgv'][" + a + "]//td[@class='dxic']/input")): Smart Wait Function is triggered

2021-11-23 16:49:01 - [MESSAGE][INFO] - Finding Test Object 'Object Repository/Olusturma/Genel/Olusturma/EklenenSatir'

2021-11-23 16:49:01 - [MESSAGE][INFO] - Finding web element from Test Object's properties

2021-11-23 16:49:01 - [MESSAGE][INFO] - Checking timeout

2021-11-23 16:49:01 - [MESSAGE][INFO] - Finding web element with id: 'Object Repository/Olusturma/Genel/Olusturma/EklenenSatir' located by 'By.cssSelector: #divmalhizmet .dxgvInlineEditRow_LECustomTheme' in '30' second(s)

2021-11-23 16:49:01 - [MESSAGE][INFO] - Smart Wait Function is triggered

2021-11-23 16:49:01 - [MESSAGE][INFO] - Found 1 web elements with id: 'Object Repository/Olusturma/Genel/Olusturma/EklenenSatir' located by 'By.cssSelector: #divmalhizmet .dxgvInlineEditRow_LECustomTheme' in '30' second(s)

2021-11-23 16:49:01 - [MESSAGE][INFO] - Smart Wait Function is triggered

2021-11-23 16:49:02 - [TEST_STEP][PASSED] - if (!(getAttribute("value").contains("Vkn"))): null

2021-11-23 16:49:02 - [TEST_STEP][PASSED] - son.clear(): null

2021-11-23 16:49:02 - [TEST_STEP][PASSED] - son.sendKeys(Deger): null

2021-11-23 16:49:02 - [MESSAGE][PASSED] - Call Test Case 'Test Cases/Olusturma/Genel/Olusturma' successfully

2021-11-23 16:49:02 - [MESSAGE][INFO] - Checking called Test Case

2021-11-23 16:49:02 - [MESSAGE][INFO] - Starting to call Test Case 'Test Cases/Olusturma/Genel/NotGirilir'

2021-11-23 16:49:02 - [TEST_CASE][PASSED] - Test Cases/Olusturma/Genel/NotGirilir: Test Cases/Olusturma/Genel/NotGirilir

2021-11-23 16:49:02 - [TEST_STEP][PASSED] - i = 0: null

2021-11-23 16:49:02 - [TEST_STEP][PASSED] - waitForElementClickable(findTestObject("Olusturma/Genel/Not/Notlar"), 10): Object 'Object Repository/Olusturma/Genel/Not/Notlar' is clickable

2021-11-23 16:49:02 - [MESSAGE][INFO] - Finding Test Object 'Object Repository/Olusturma/Genel/Not/Notlar'

2021-11-23 16:49:02 - [MESSAGE][INFO] - Checking object

2021-11-23 16:49:02 - [MESSAGE][INFO] - Checking timeout

2021-11-23 16:49:02 - [MESSAGE][INFO] - Finding web element from Test Object's properties

2021-11-23 16:49:02 - [MESSAGE][INFO] - Checking timeout

2021-11-23 16:49:02 - [MESSAGE][INFO] - Finding web element with id: 'Object Repository/Olusturma/Genel/Not/Notlar' located by 'By.xpath: //*[@id = 'txtNote_I']' in '10' second(s)

2021-11-23 16:49:02 - [MESSAGE][INFO] - Smart Wait Function is triggered

2021-11-23 16:49:02 - [MESSAGE][INFO] - Found 1 web elements with id: 'Object Repository/Olusturma/Genel/Not/Notlar' located by 'By.xpath: //*[@id = 'txtNote_I']' in '10' second(s)

2021-11-23 16:49:02 - [MESSAGE][PASSED] - Object 'Object Repository/Olusturma/Genel/Not/Notlar' is clickable

2021-11-23 16:49:02 - [TEST_STEP][PASSED] - clearText(findTestObject("Olusturma/Genel/Not/Notlar")): Text of object 'Object Repository/Olusturma/Genel/Not/Notlar' is cleared

2021-11-23 16:49:02 - [MESSAGE][INFO] - Finding Test Object 'Object Repository/Olusturma/Genel/Not/Notlar'

2021-11-23 16:49:03 - [MESSAGE][INFO] - Checking object

2021-11-23 16:49:03 - [MESSAGE][INFO] - Finding web element from Test Object's properties

2021-11-23 16:49:03 - [MESSAGE][INFO] - Checking timeout

2021-11-23 16:49:03 - [MESSAGE][INFO] - Finding web element with id: 'Object Repository/Olusturma/Genel/Not/Notlar' located by 'By.xpath: //*[@id = 'txtNote_I']' in '30' second(s)

2021-11-23 16:49:03 - [MESSAGE][INFO] - Smart Wait Function is triggered

2021-11-23 16:49:03 - [MESSAGE][INFO] - Found 1 web elements with id: 'Object Repository/Olusturma/Genel/Not/Notlar' located by 'By.xpath: //*[@id = 'txtNote_I']' in '30' second(s)

2021-11-23 16:49:03 - [MESSAGE][INFO] - Clearing text of object 'Object Repository/Olusturma/Genel/Not/Notlar'

2021-11-23 16:49:03 - [MESSAGE][PASSED] - Text of object 'Object Repository/Olusturma/Genel/Not/Notlar' is cleared

2021-11-23 16:49:03 - [TEST_STEP][PASSED] - click(findTestObject("Olusturma/Genel/Not/Notlar")): Object: 'Object Repository/Olusturma/Genel/Not/Notlar' is clicked on

2021-11-23 16:49:03 - [MESSAGE][INFO] - Finding Test Object 'Object Repository/Olusturma/Genel/Not/Notlar'

2021-11-23 16:49:03 - [MESSAGE][INFO] - Checking object

2021-11-23 16:49:03 - [MESSAGE][INFO] - Finding web element from Test Object's properties

2021-11-23 16:49:03 - [MESSAGE][INFO] - Checking timeout

2021-11-23 16:49:03 - [MESSAGE][INFO] - Finding web element with id: 'Object Repository/Olusturma/Genel/Not/Notlar' located by 'By.xpath: //*[@id = 'txtNote_I']' in '30' second(s)

2021-11-23 16:49:03 - [MESSAGE][INFO] - Smart Wait Function is triggered

2021-11-23 16:49:03 - [MESSAGE][INFO] - Found 1 web elements with id: 'Object Repository/Olusturma/Genel/Not/Notlar' located by 'By.xpath: //*[@id = 'txtNote_I']' in '30' second(s)

2021-11-23 16:49:03 - [MESSAGE][INFO] - Clicking on object: 'Object Repository/Olusturma/Genel/Not/Notlar'

2021-11-23 16:49:03 - [MESSAGE][PASSED] - Object: 'Object Repository/Olusturma/Genel/Not/Notlar' is clicked on

2021-11-23 16:49:03 - [TEST_STEP][PASSED] - while (true): null

2021-11-23 16:49:03 - [TEST_STEP][PASSED] - delay(1): Delayed 1 second(s)

2021-11-23 16:49:03 - [MESSAGE][INFO] - Delaying browser in 1 second(s)

2021-11-23 16:49:04 - [MESSAGE][PASSED] - Delayed 1 second(s)

2021-11-23 16:49:04 - [TEST_STEP][PASSED] - ajaxIsComplete = executeJavaScript("return jQuery.active == 0", null): Execute JavaScript 'return jQuery.active == 0' successfully

2021-11-23 16:49:04 - [MESSAGE][PASSED] - Execute JavaScript 'return jQuery.active == 0' successfully

2021-11-23 16:49:04 - [TEST_STEP][PASSED] - if (ajaxIsComplete): null

2021-11-23 16:49:04 - [TEST_STEP][PASSED] - if (i > 10): null

2021-11-23 16:49:04 - [TEST_STEP][PASSED] - (i++): null

2021-11-23 16:49:04 - [TEST_STEP][PASSED] - delay(1): Delayed 1 second(s)

2021-11-23 16:49:04 - [MESSAGE][INFO] - Delaying browser in 1 second(s)

2021-11-23 16:49:05 - [MESSAGE][PASSED] - Delayed 1 second(s)

2021-11-23 16:49:05 - [TEST_STEP][PASSED] - ajaxIsComplete = executeJavaScript("return jQuery.active == 0", null): Execute JavaScript 'return jQuery.active == 0' successfully

2021-11-23 16:49:05 - [MESSAGE][PASSED] - Execute JavaScript 'return jQuery.active == 0' successfully

2021-11-23 16:49:05 - [TEST_STEP][PASSED] - if (ajaxIsComplete): null

2021-11-23 16:49:05 - [TEST_STEP][PASSED] - break: null

2021-11-23 16:49:05 - [TEST_STEP][PASSED] - sendKeys(findTestObject("Olusturma/Genel/Not/Notlar"), Not): Keys 'Otomasyon Not' sent to object: 'Object Repository/Olusturma/Genel/Not/Notlar'

2021-11-23 16:49:05 - [MESSAGE][INFO] - Finding Test Object 'Object Repository/Olusturma/Genel/Not/Notlar'

2021-11-23 16:49:06 - [MESSAGE][INFO] - Sending keys 'Otomasyon Not' to object: 'Object Repository/Olusturma/Genel/Not/Notlar'

2021-11-23 16:49:06 - [MESSAGE][INFO] - Finding web element from Test Object's properties

2021-11-23 16:49:06 - [MESSAGE][INFO] - Checking timeout

2021-11-23 16:49:06 - [MESSAGE][INFO] - Finding web element with id: 'Object Repository/Olusturma/Genel/Not/Notlar' located by 'By.xpath: //*[@id = 'txtNote_I']' in '30' second(s)

2021-11-23 16:49:06 - [MESSAGE][INFO] - Smart Wait Function is triggered

2021-11-23 16:49:06 - [MESSAGE][INFO] - Found 1 web elements with id: 'Object Repository/Olusturma/Genel/Not/Notlar' located by 'By.xpath: //*[@id = 'txtNote_I']' in '30' second(s)

2021-11-23 16:49:06 - [MESSAGE][PASSED] - Keys 'Otomasyon Not' sent to object: 'Object Repository/Olusturma/Genel/Not/Notlar'

2021-11-23 16:49:06 - [MESSAGE][PASSED] - Call Test Case 'Test Cases/Olusturma/Genel/NotGirilir' successfully

2021-11-23 16:49:06 - [MESSAGE][INFO] - Checking called Test Case

2021-11-23 16:49:06 - [MESSAGE][INFO] - Starting to call Test Case 'Test Cases/Olusturma/Genel/EttnBilgisiKayitEdilir'

2021-11-23 16:49:06 - [TEST_CASE][PASSED] - Test Cases/Olusturma/Genel/EttnBilgisiKayitEdilir: Test Cases/Olusturma/Genel/EttnBilgisiKayitEdilir

2021-11-23 16:49:06 - [TEST_STEP][PASSED] - verifyElementPresent(findTestObject("Object Repository/Olusturma/Genel/Olusturma/eArsivEttnBilgisi"), 7): Object 'Object Repository/Olusturma/Genel/Olusturma/eArsivEttnBilgisi' is present

2021-11-23 16:49:06 - [MESSAGE][INFO] - Finding Test Object 'Object Repository/Olusturma/Genel/Olusturma/eArsivEttnBilgisi'

2021-11-23 16:49:06 - [MESSAGE][INFO] - Checking object

2021-11-23 16:49:06 - [MESSAGE][INFO] - Finding web element from Test Object's properties

2021-11-23 16:49:06 - [MESSAGE][INFO] - Checking timeout

2021-11-23 16:49:06 - [MESSAGE][INFO] - Finding web element with id: 'Object Repository/Olusturma/Genel/Olusturma/eArsivEttnBilgisi' located by 'By.xpath: //*[@id = 'Uuid_I']' in '7' second(s)

2021-11-23 16:49:06 - [MESSAGE][INFO] - Smart Wait Function is triggered

2021-11-23 16:49:06 - [MESSAGE][INFO] - Found 1 web elements with id: 'Object Repository/Olusturma/Genel/Olusturma/eArsivEttnBilgisi' located by 'By.xpath: //*[@id = 'Uuid_I']' in '7' second(s)

2021-11-23 16:49:06 - [MESSAGE][PASSED] - Object 'Object Repository/Olusturma/Genel/Olusturma/eArsivEttnBilgisi' is present

2021-11-23 16:49:06 - [TEST_STEP][PASSED] - ettn = getAttribute(findTestObject("Object Repository/Olusturma/Genel/Olusturma/eArsivEttnBilgisi"), "value"): Attribute 'value' of object 'Object Repository/Olusturma/Genel/Olusturma/eArsivEttnBilgisi' is: 'ba73446e-79f9-49e6-967c-5f74847c3a1a'

2021-11-23 16:49:06 - [MESSAGE][INFO] - Finding Test Object 'Object Repository/Olusturma/Genel/Olusturma/eArsivEttnBilgisi'

2021-11-23 16:49:07 - [MESSAGE][INFO] - Checking object

2021-11-23 16:49:07 - [MESSAGE][INFO] - Checking attribute

2021-11-23 16:49:07 - [MESSAGE][INFO] - Finding web element from Test Object's properties

2021-11-23 16:49:07 - [MESSAGE][INFO] - Checking timeout

2021-11-23 16:49:07 - [MESSAGE][INFO] - Finding web element with id: 'Object Repository/Olusturma/Genel/Olusturma/eArsivEttnBilgisi' located by 'By.xpath: //*[@id = 'Uuid_I']' in '30' second(s)

2021-11-23 16:49:07 - [MESSAGE][INFO] - Smart Wait Function is triggered

2021-11-23 16:49:07 - [MESSAGE][INFO] - Found 1 web elements with id: 'Object Repository/Olusturma/Genel/Olusturma/eArsivEttnBilgisi' located by 'By.xpath: //*[@id = 'Uuid_I']' in '30' second(s)

2021-11-23 16:49:07 - [MESSAGE][INFO] - Getting attribute 'value' of object 'Object Repository/Olusturma/Genel/Olusturma/eArsivEttnBilgisi'

2021-11-23 16:49:07 - [MESSAGE][PASSED] - Attribute 'value' of object 'Object Repository/Olusturma/Genel/Olusturma/eArsivEttnBilgisi' is: 'ba73446e-79f9-49e6-967c-5f74847c3a1a'

2021-11-23 16:49:07 - [MESSAGE][PASSED] - Call Test Case 'Test Cases/Olusturma/Genel/EttnBilgisiKayitEdilir' successfully

2021-11-23 16:49:07 - [MESSAGE][INFO] - Checking called Test Case

2021-11-23 16:49:07 - [MESSAGE][INFO] - Starting to call Test Case 'Test Cases/Olusturma/Genel/KaydetButonunaTiklanir'

2021-11-23 16:49:07 - [TEST_CASE][PASSED] - Test Cases/Olusturma/Genel/KaydetButonunaTiklanir: Test Cases/Olusturma/Genel/KaydetButonunaTiklanir

2021-11-23 16:49:07 - [TEST_STEP][PASSED] - i = 0: null

2021-11-23 16:49:07 - [TEST_STEP][PASSED] - waitForElementPresent(findTestObject("Olusturma/Genel/Not/Notlar"), 10): Object 'Object Repository/Olusturma/Genel/Not/Notlar' is present

2021-11-23 16:49:07 - [MESSAGE][INFO] - Finding Test Object 'Object Repository/Olusturma/Genel/Not/Notlar'

2021-11-23 16:49:07 - [MESSAGE][INFO] - Checking object

2021-11-23 16:49:07 - [MESSAGE][INFO] - Finding web element from Test Object's properties

2021-11-23 16:49:07 - [MESSAGE][INFO] - Checking timeout

2021-11-23 16:49:07 - [MESSAGE][INFO] - Finding web element with id: 'Object Repository/Olusturma/Genel/Not/Notlar' located by 'By.xpath: //*[@id = 'txtNote_I']' in '10' second(s)

2021-11-23 16:49:07 - [MESSAGE][INFO] - Smart Wait Function is triggered

2021-11-23 16:49:08 - [MESSAGE][INFO] - Found 1 web elements with id: 'Object Repository/Olusturma/Genel/Not/Notlar' located by 'By.xpath: //*[@id = 'txtNote_I']' in '10' second(s)

2021-11-23 16:49:08 - [MESSAGE][PASSED] - Object 'Object Repository/Olusturma/Genel/Not/Notlar' is present

2021-11-23 16:49:08 - [TEST_STEP][PASSED] - click(findTestObject("Olusturma/Genel/Not/Notlar")): Object: 'Object Repository/Olusturma/Genel/Not/Notlar' is clicked on

2021-11-23 16:49:08 - [MESSAGE][INFO] - Finding Test Object 'Object Repository/Olusturma/Genel/Not/Notlar'

2021-11-23 16:49:08 - [MESSAGE][INFO] - Checking object

2021-11-23 16:49:08 - [MESSAGE][INFO] - Finding web element from Test Object's properties

2021-11-23 16:49:08 - [MESSAGE][INFO] - Checking timeout

2021-11-23 16:49:08 - [MESSAGE][INFO] - Finding web element with id: 'Object Repository/Olusturma/Genel/Not/Notlar' located by 'By.xpath: //*[@id = 'txtNote_I']' in '30' second(s)

2021-11-23 16:49:08 - [MESSAGE][INFO] - Smart Wait Function is triggered

2021-11-23 16:49:08 - [MESSAGE][INFO] - Found 1 web elements with id: 'Object Repository/Olusturma/Genel/Not/Notlar' located by 'By.xpath: //*[@id = 'txtNote_I']' in '30' second(s)

2021-11-23 16:49:08 - [MESSAGE][INFO] - Clicking on object: 'Object Repository/Olusturma/Genel/Not/Notlar'

2021-11-23 16:49:08 - [MESSAGE][PASSED] - Object: 'Object Repository/Olusturma/Genel/Not/Notlar' is clicked on

2021-11-23 16:49:08 - [TEST_STEP][PASSED] - while (true): null

2021-11-23 16:49:08 - [TEST_STEP][PASSED] - delay(1): Delayed 1 second(s)

2021-11-23 16:49:08 - [MESSAGE][INFO] - Delaying browser in 1 second(s)

2021-11-23 16:49:09 - [MESSAGE][PASSED] - Delayed 1 second(s)

2021-11-23 16:49:09 - [TEST_STEP][PASSED] - ajaxIsComplete = executeJavaScript("return jQuery.active == 0", null): Execute JavaScript 'return jQuery.active == 0' successfully

2021-11-23 16:49:09 - [MESSAGE][PASSED] - Execute JavaScript 'return jQuery.active == 0' successfully

2021-11-23 16:49:09 - [TEST_STEP][PASSED] - if (ajaxIsComplete): null

2021-11-23 16:49:09 - [TEST_STEP][PASSED] - break: null

2021-11-23 16:49:09 - [TEST_STEP][PASSED] - waitForElementClickable(findTestObject("Object Repository/Olusturma/Genel/Buton"), 10): Object 'Object Repository/Olusturma/Genel/Buton' is clickable

2021-11-23 16:49:09 - [MESSAGE][INFO] - Finding Test Object 'Object Repository/Olusturma/Genel/Buton'

2021-11-23 16:49:09 - [MESSAGE][INFO] - Checking object

2021-11-23 16:49:09 - [MESSAGE][INFO] - Checking timeout

2021-11-23 16:49:09 - [MESSAGE][INFO] - Finding web element from Test Object's properties

2021-11-23 16:49:09 - [MESSAGE][INFO] - Checking timeout

2021-11-23 16:49:09 - [MESSAGE][INFO] - Finding web element with id: 'Object Repository/Olusturma/Genel/Buton' located by 'By.xpath: //*[@id = 'btnKaydet']' in '10' second(s)

2021-11-23 16:49:09 - [MESSAGE][INFO] - Smart Wait Function is triggered

2021-11-23 16:49:10 - [MESSAGE][INFO] - Found 1 web elements with id: 'Object Repository/Olusturma/Genel/Buton' located by 'By.xpath: //*[@id = 'btnKaydet']' in '10' second(s)

2021-11-23 16:49:10 - [MESSAGE][PASSED] - Object 'Object Repository/Olusturma/Genel/Buton' is clickable

2021-11-23 16:49:10 - [TEST_STEP][PASSED] - click(findTestObject("Object Repository/Olusturma/Genel/Buton")): Object: 'Object Repository/Olusturma/Genel/Buton' is clicked on

2021-11-23 16:49:10 - [MESSAGE][INFO] - Finding Test Object 'Object Repository/Olusturma/Genel/Buton'

2021-11-23 16:49:10 - [MESSAGE][INFO] - Checking object

2021-11-23 16:49:10 - [MESSAGE][INFO] - Finding web element from Test Object's properties

2021-11-23 16:49:10 - [MESSAGE][INFO] - Checking timeout

2021-11-23 16:49:10 - [MESSAGE][INFO] - Finding web element with id: 'Object Repository/Olusturma/Genel/Buton' located by 'By.xpath: //*[@id = 'btnKaydet']' in '30' second(s)

2021-11-23 16:49:10 - [MESSAGE][INFO] - Smart Wait Function is triggered

2021-11-23 16:49:10 - [MESSAGE][INFO] - Found 1 web elements with id: 'Object Repository/Olusturma/Genel/Buton' located by 'By.xpath: //*[@id = 'btnKaydet']' in '30' second(s)

2021-11-23 16:49:10 - [MESSAGE][INFO] - Clicking on object: 'Object Repository/Olusturma/Genel/Buton'

2021-11-23 16:49:13 - [MESSAGE][PASSED] - Object: 'Object Repository/Olusturma/Genel/Buton' is clicked on

2021-11-23 16:49:13 - [MESSAGE][PASSED] - Call Test Case 'Test Cases/Olusturma/Genel/KaydetButonunaTiklanir' successfully

2021-11-23 16:49:13 - [MESSAGE][INFO] - Checking called Test Case

2021-11-23 16:49:13 - [MESSAGE][INFO] - Starting to call Test Case 'Test Cases/Tablo/TablodaEttnliVeriOlusturulduMu'

2021-11-23 16:49:13 - [TEST_CASE][PASSED] - Test Cases/Tablo/TablodaEttnliVeriOlusturulduMu: Test Cases/Tablo/TablodaEttnliVeriOlusturulduMu

2021-11-23 16:49:13 - [TEST_STEP][PASSED] - Method.TextDegerineEsitElementVarMi(findTestObject("Tablo/OlusturulanVeri"), ettn): Method.TextDegerineEsitElementVarMi is PASSED

2021-11-23 16:49:13 - [MESSAGE][INFO] - Finding Test Object 'Object Repository/Tablo/OlusturulanVeri'

2021-11-23 16:49:13 - [MESSAGE][INFO] - Checking timeout

2021-11-23 16:49:13 - [MESSAGE][INFO] - Finding web element with id: 'Object Repository/Tablo/OlusturulanVeri' located by 'By.cssSelector: table.dxgvTable_LECustomTheme>tbody>tr:nth-child(3)>td.dxgv b,table.dxgvTable_LECustomTheme>tbody>tr:nth-child(3)>td.dxgv' in '10' second(s)

2021-11-23 16:49:13 - [MESSAGE][INFO] - Smart Wait Function is triggered

2021-11-23 16:49:13 - [MESSAGE][INFO] - Found 14 web elements with id: 'Object Repository/Tablo/OlusturulanVeri' located by 'By.cssSelector: table.dxgvTable_LECustomTheme>tbody>tr:nth-child(3)>td.dxgv b,table.dxgvTable_LECustomTheme>tbody>tr:nth-child(3)>td.dxgv' in '10' second(s)

2021-11-23 16:49:13 - [MESSAGE][PASSED] - Method.TextDegerineEsitElementVarMi is PASSED

2021-11-23 16:49:13 - [MESSAGE][PASSED] - Call Test Case 'Test Cases/Tablo/TablodaEttnliVeriOlusturulduMu' successfully

2021-11-23 16:49:13 - [MESSAGE][INFO] - Checking called Test Case

2021-11-23 16:49:13 - [MESSAGE][INFO] - Starting to call Test Case 'Test Cases/Tablo/TablodanEttnliVeriSec'

2021-11-23 16:49:13 - [TEST_CASE][PASSED] - Test Cases/Tablo/TablodanEttnliVeriSec: Test Cases/Tablo/TablodanEttnliVeriSec

2021-11-23 16:49:13 - [TEST_STEP][PASSED] - Method.TextDegerineEsitElementinAltindakineTikla(findTestObject("Tablo/Veriler"), findTestObject("Tablo/VerininCheckBoxi"), ettn): Method.TextDegerineEsitElementinAltindakineTikla is PASSED

2021-11-23 16:49:13 - [MESSAGE][INFO] - Finding Test Object 'Object Repository/Tablo/Veriler'

2021-11-23 16:49:13 - [MESSAGE][INFO] - Finding Test Object 'Object Repository/Tablo/VerininCheckBoxi'

2021-11-23 16:49:14 - [MESSAGE][INFO] - Checking timeout

2021-11-23 16:49:14 - [MESSAGE][INFO] - Finding web element with id: 'Object Repository/Tablo/Veriler' located by 'By.cssSelector: td.dxgv b ,td.dxgv' in '10' second(s)

2021-11-23 16:49:14 - [MESSAGE][INFO] - Smart Wait Function is triggered

2021-11-23 16:49:14 - [MESSAGE][INFO] - Found 70 web elements with id: 'Object Repository/Tablo/Veriler' located by 'By.cssSelector: td.dxgv b ,td.dxgv' in '10' second(s)

2021-11-23 16:49:14 - [MESSAGE][INFO] - Smart Wait Function is triggered

2021-11-23 16:49:14 - [MESSAGE][PASSED] - Method.TextDegerineEsitElementinAltindakineTikla is PASSED

2021-11-23 16:49:14 - [MESSAGE][PASSED] - Call Test Case 'Test Cases/Tablo/TablodanEttnliVeriSec' successfully

2021-11-23 16:49:14 - [MESSAGE][INFO] - Checking called Test Case

2021-11-23 16:49:14 - [MESSAGE][INFO] - Starting to call Test Case 'Test Cases/Butonlar/ButonaTikla'

2021-11-23 16:49:15 - [TEST_CASE][PASSED] - Test Cases/Butonlar/ButonaTikla: Test Cases/Butonlar/ButonaTikla

2021-11-23 16:49:15 - [TEST_STEP][PASSED] - Method.TextDegerineEsitElementeTiklaEquals(findTestObject("Butonlar/Butonlar"), Buton_Adi): Method.TextDegerineEsitElementeTiklaEquals is PASSED

2021-11-23 16:49:15 - [MESSAGE][INFO] - Finding Test Object 'Object Repository/Butonlar/Butonlar'

2021-11-23 16:49:15 - [MESSAGE][INFO] - Checking timeout

2021-11-23 16:49:15 - [MESSAGE][INFO] - Finding web element with id: 'Object Repository/Butonlar/Butonlar' located by 'By.cssSelector: .panel.panel-default.text-center.footerPanel .btn,.btn.btn-primary.btnControls' in '10' second(s)

2021-11-23 16:49:15 - [MESSAGE][INFO] - Smart Wait Function is triggered

2021-11-23 16:49:15 - [MESSAGE][INFO] - Found 9 web elements with id: 'Object Repository/Butonlar/Butonlar' located by 'By.cssSelector: .panel.panel-default.text-center.footerPanel .btn,.btn.btn-primary.btnControls' in '10' second(s)

2021-11-23 16:49:15 - [MESSAGE][PASSED] - Method.TextDegerineEsitElementeTiklaEquals is PASSED

2021-11-23 16:49:15 - [MESSAGE][PASSED] - Call Test Case 'Test Cases/Butonlar/ButonaTikla' successfully

2021-11-23 16:49:15 - [MESSAGE][INFO] - Checking called Test Case

2021-11-23 16:49:15 - [MESSAGE][INFO] - Starting to call Test Case 'Test Cases/Popup/PopupMesajiIceriyorMu'

2021-11-23 16:49:16 - [TEST_CASE][PASSED] - Test Cases/Popup/PopupMesajiIceriyorMu: Test Cases/Popup/PopupMesajiIceriyorMu

2021-11-23 16:49:16 - [TEST_STEP][PASSED] - waitForElementVisible(findTestObject("Popup/Popup"), 10): Object 'Object Repository/Popup/Popup' is visible

2021-11-23 16:49:16 - [MESSAGE][INFO] - Finding Test Object 'Object Repository/Popup/Popup'

2021-11-23 16:49:16 - [MESSAGE][INFO] - Checking object

2021-11-23 16:49:16 - [MESSAGE][INFO] - Checking timeout

2021-11-23 16:49:16 - [MESSAGE][INFO] - Finding web element from Test Object's properties

2021-11-23 16:49:16 - [MESSAGE][INFO] - Checking timeout

2021-11-23 16:49:16 - [MESSAGE][INFO] - Finding web element with id: 'Object Repository/Popup/Popup' located by 'By.cssSelector: .bootbox-body' in '10' second(s)

2021-11-23 16:49:16 - [MESSAGE][INFO] - Smart Wait Function is triggered

2021-11-23 16:49:16 - [MESSAGE][INFO] - Found 1 web elements with id: 'Object Repository/Popup/Popup' located by 'By.cssSelector: .bootbox-body' in '10' second(s)

2021-11-23 16:49:16 - [MESSAGE][PASSED] - Object 'Object Repository/Popup/Popup' is visible

2021-11-23 16:49:16 - [TEST_STEP][PASSED] - if (!(getText(findTestObject("Popup/Popup")).contains(Mesaj))): Text of object 'Object Repository/Popup/Popup' is: 'Oluşturulacak fatura numarası : EAR2021000000491 Fatura numarası oluşturulduktan sonra fatura silinemez. Fatura numarası, tarihi ve ön eki değiştirilemez. Devam etmek istiyor musunuz?'

2021-11-23 16:49:16 - [MESSAGE][INFO] - Finding Test Object 'Object Repository/Popup/Popup'

2021-11-23 16:49:17 - [MESSAGE][INFO] - Checking object

2021-11-23 16:49:17 - [MESSAGE][INFO] - Finding web element from Test Object's properties

2021-11-23 16:49:17 - [MESSAGE][INFO] - Checking timeout

2021-11-23 16:49:17 - [MESSAGE][INFO] - Finding web element with id: 'Object Repository/Popup/Popup' located by 'By.cssSelector: .bootbox-body' in '30' second(s)

2021-11-23 16:49:17 - [MESSAGE][INFO] - Smart Wait Function is triggered

2021-11-23 16:49:17 - [MESSAGE][INFO] - Found 1 web elements with id: 'Object Repository/Popup/Popup' located by 'By.cssSelector: .bootbox-body' in '30' second(s)

2021-11-23 16:49:17 - [MESSAGE][INFO] - Getting text of object 'Object Repository/Popup/Popup'

2021-11-23 16:49:17 - [MESSAGE][PASSED] - Text of object 'Object Repository/Popup/Popup' is: 'Oluşturulacak fatura numarası : EAR2021000000491 Fatura numarası oluşturulduktan sonra fatura silinemez. Fatura numarası, tarihi ve ön eki değiştirilemez. Devam etmek istiyor musunuz?'

2021-11-23 16:49:17 - [TEST_STEP][PASSED] - RaporNo = getText(findTestObject("Popup/Popup")).substring(0, 6): Text of object 'Object Repository/Popup/Popup' is: 'Oluşturulacak fatura numarası : EAR2021000000491 Fatura numarası oluşturulduktan sonra fatura silinemez. Fatura numarası, tarihi ve ön eki değiştirilemez. Devam etmek istiyor musunuz?'

2021-11-23 16:49:17 - [MESSAGE][INFO] - Finding Test Object 'Object Repository/Popup/Popup'

2021-11-23 16:49:17 - [MESSAGE][INFO] - Checking object

2021-11-23 16:49:17 - [MESSAGE][INFO] - Finding web element from Test Object's properties

2021-11-23 16:49:17 - [MESSAGE][INFO] - Checking timeout

2021-11-23 16:49:17 - [MESSAGE][INFO] - Finding web element with id: 'Object Repository/Popup/Popup' located by 'By.cssSelector: .bootbox-body' in '30' second(s)

2021-11-23 16:49:17 - [MESSAGE][INFO] - Smart Wait Function is triggered

2021-11-23 16:49:17 - [MESSAGE][INFO] - Found 1 web elements with id: 'Object Repository/Popup/Popup' located by 'By.cssSelector: .bootbox-body' in '30' second(s)

2021-11-23 16:49:17 - [MESSAGE][INFO] - Getting text of object 'Object Repository/Popup/Popup'

2021-11-23 16:49:17 - [MESSAGE][PASSED] - Text of object 'Object Repository/Popup/Popup' is: 'Oluşturulacak fatura numarası : EAR2021000000491 Fatura numarası oluşturulduktan sonra fatura silinemez. Fatura numarası, tarihi ve ön eki değiştirilemez. Devam etmek istiyor musunuz?'

2021-11-23 16:49:17 - [TEST_STEP][PASSED] - Console.println(RaporNo): null

2021-11-23 16:49:17 - [MESSAGE][PASSED] - Call Test Case 'Test Cases/Popup/PopupMesajiIceriyorMu' successfully

2021-11-23 16:49:17 - [MESSAGE][INFO] - Checking called Test Case

2021-11-23 16:49:17 - [MESSAGE][INFO] - Starting to call Test Case 'Test Cases/Popup/PopupButonSecilir'

2021-11-23 16:49:17 - [TEST_CASE][PASSED] - Test Cases/Popup/PopupButonSecilir: Test Cases/Popup/PopupButonSecilir

2021-11-23 16:49:17 - [TEST_STEP][PASSED] - Method.TextDegerineEsitElementeTikla(findTestObject("Popup/Popup_Butons"), Buton): Method.TextDegerineEsitElementeTikla is PASSED

2021-11-23 16:49:17 - [MESSAGE][INFO] - Finding Test Object 'Object Repository/Popup/Popup_Butons'

2021-11-23 16:49:17 - [MESSAGE][INFO] - Checking timeout

2021-11-23 16:49:17 - [MESSAGE][INFO] - Finding web element with id: 'Object Repository/Popup/Popup_Butons' located by 'By.cssSelector: .modal-footer>button' in '10' second(s)

2021-11-23 16:49:17 - [MESSAGE][INFO] - Smart Wait Function is triggered

2021-11-23 16:49:18 - [MESSAGE][INFO] - Found 2 web elements with id: 'Object Repository/Popup/Popup_Butons' located by 'By.cssSelector: .modal-footer>button' in '10' second(s)

2021-11-23 16:49:18 - [MESSAGE][PASSED] - Method.TextDegerineEsitElementeTikla is PASSED

2021-11-23 16:49:18 - [MESSAGE][PASSED] - Call Test Case 'Test Cases/Popup/PopupButonSecilir' successfully

2021-11-23 16:49:18 - [MESSAGE][INFO] - Checking called Test Case

2021-11-23 16:49:18 - [MESSAGE][INFO] - Starting to call Test Case 'Test Cases/Popup/PopupMesajiIceriyorMu'

2021-11-23 16:49:18 - [TEST_CASE][PASSED] - Test Cases/Popup/PopupMesajiIceriyorMu: Test Cases/Popup/PopupMesajiIceriyorMu

2021-11-23 16:49:18 - [TEST_STEP][PASSED] - waitForElementVisible(findTestObject("Popup/Popup"), 10): Object 'Object Repository/Popup/Popup' is visible

2021-11-23 16:49:18 - [MESSAGE][INFO] - Finding Test Object 'Object Repository/Popup/Popup'

2021-11-23 16:49:18 - [MESSAGE][INFO] - Checking object

2021-11-23 16:49:18 - [MESSAGE][INFO] - Checking timeout

2021-11-23 16:49:18 - [MESSAGE][INFO] - Finding web element from Test Object's properties

2021-11-23 16:49:18 - [MESSAGE][INFO] - Checking timeout

2021-11-23 16:49:18 - [MESSAGE][INFO] - Finding web element with id: 'Object Repository/Popup/Popup' located by 'By.cssSelector: .bootbox-body' in '10' second(s)

2021-11-23 16:49:18 - [MESSAGE][INFO] - Smart Wait Function is triggered

2021-11-23 16:49:19 - [MESSAGE][INFO] - Found 1 web elements with id: 'Object Repository/Popup/Popup' located by 'By.cssSelector: .bootbox-body' in '10' second(s)

2021-11-23 16:49:19 - [MESSAGE][PASSED] - Object 'Object Repository/Popup/Popup' is visible

2021-11-23 16:49:19 - [TEST_STEP][PASSED] - if (!(getText(findTestObject("Popup/Popup")).contains(Mesaj))): Text of object 'Object Repository/Popup/Popup' is: 'Fatura numaranız EAR2021000000491 olarak oluşmuştur.'

2021-11-23 16:49:19 - [MESSAGE][INFO] - Finding Test Object 'Object Repository/Popup/Popup'

2021-11-23 16:49:19 - [MESSAGE][INFO] - Checking object

2021-11-23 16:49:19 - [MESSAGE][INFO] - Finding web element from Test Object's properties

2021-11-23 16:49:19 - [MESSAGE][INFO] - Checking timeout

2021-11-23 16:49:19 - [MESSAGE][INFO] - Finding web element with id: 'Object Repository/Popup/Popup' located by 'By.cssSelector: .bootbox-body' in '30' second(s)

2021-11-23 16:49:19 - [MESSAGE][INFO] - Smart Wait Function is triggered

2021-11-23 16:49:19 - [MESSAGE][INFO] - Found 1 web elements with id: 'Object Repository/Popup/Popup' located by 'By.cssSelector: .bootbox-body' in '30' second(s)

2021-11-23 16:49:19 - [MESSAGE][INFO] - Getting text of object 'Object Repository/Popup/Popup'

2021-11-23 16:49:19 - [MESSAGE][PASSED] - Text of object 'Object Repository/Popup/Popup' is: 'Fatura numaranız EAR2021000000491 olarak oluşmuştur.'

2021-11-23 16:49:19 - [TEST_STEP][PASSED] - RaporNo = getText(findTestObject("Popup/Popup")).substring(0, 6): Text of object 'Object Repository/Popup/Popup' is: 'Fatura numaranız EAR2021000000491 olarak oluşmuştur.'

2021-11-23 16:49:19 - [MESSAGE][INFO] - Finding Test Object 'Object Repository/Popup/Popup'

2021-11-23 16:49:19 - [MESSAGE][INFO] - Checking object

2021-11-23 16:49:19 - [MESSAGE][INFO] - Finding web element from Test Object's properties

2021-11-23 16:49:19 - [MESSAGE][INFO] - Checking timeout

2021-11-23 16:49:19 - [MESSAGE][INFO] - Finding web element with id: 'Object Repository/Popup/Popup' located by 'By.cssSelector: .bootbox-body' in '30' second(s)

2021-11-23 16:49:19 - [MESSAGE][INFO] - Smart Wait Function is triggered

2021-11-23 16:49:20 - [MESSAGE][INFO] - Found 1 web elements with id: 'Object Repository/Popup/Popup' located by 'By.cssSelector: .bootbox-body' in '30' second(s)

2021-11-23 16:49:20 - [MESSAGE][INFO] - Getting text of object 'Object Repository/Popup/Popup'

2021-11-23 16:49:20 - [MESSAGE][PASSED] - Text of object 'Object Repository/Popup/Popup' is: 'Fatura numaranız EAR2021000000491 olarak oluşmuştur.'

2021-11-23 16:49:20 - [TEST_STEP][PASSED] - Console.println(RaporNo): null

2021-11-23 16:49:20 - [MESSAGE][PASSED] - Call Test Case 'Test Cases/Popup/PopupMesajiIceriyorMu' successfully

2021-11-23 16:49:20 - [MESSAGE][INFO] - Checking called Test Case

2021-11-23 16:49:20 - [MESSAGE][INFO] - Starting to call Test Case 'Test Cases/Popup/PopupButonSecilir'

2021-11-23 16:49:20 - [TEST_CASE][PASSED] - Test Cases/Popup/PopupButonSecilir: Test Cases/Popup/PopupButonSecilir

2021-11-23 16:49:20 - [TEST_STEP][PASSED] - Method.TextDegerineEsitElementeTikla(findTestObject("Popup/Popup_Butons"), Buton): Method.TextDegerineEsitElementeTikla is PASSED

2021-11-23 16:49:20 - [MESSAGE][INFO] - Finding Test Object 'Object Repository/Popup/Popup_Butons'

2021-11-23 16:49:20 - [MESSAGE][INFO] - Checking timeout

2021-11-23 16:49:20 - [MESSAGE][INFO] - Finding web element with id: 'Object Repository/Popup/Popup_Butons' located by 'By.cssSelector: .modal-footer>button' in '10' second(s)

2021-11-23 16:49:20 - [MESSAGE][INFO] - Smart Wait Function is triggered

2021-11-23 16:49:20 - [MESSAGE][INFO] - Found 1 web elements with id: 'Object Repository/Popup/Popup_Butons' located by 'By.cssSelector: .modal-footer>button' in '10' second(s)

2021-11-23 16:49:20 - [MESSAGE][PASSED] - Method.TextDegerineEsitElementeTikla is PASSED

2021-11-23 16:49:20 - [MESSAGE][PASSED] - Call Test Case 'Test Cases/Popup/PopupButonSecilir' successfully

2021-11-23 16:49:20 - [MESSAGE][INFO] - Checking called Test Case

2021-11-23 16:49:20 - [MESSAGE][INFO] - Starting to call Test Case 'Test Cases/Tablo/TablodanEttnliVeriSec'

2021-11-23 16:49:20 - [TEST_CASE][PASSED] - Test Cases/Tablo/TablodanEttnliVeriSec: Test Cases/Tablo/TablodanEttnliVeriSec

2021-11-23 16:49:20 - [TEST_STEP][PASSED] - Method.TextDegerineEsitElementinAltindakineTikla(findTestObject("Tablo/Veriler"), findTestObject("Tablo/VerininCheckBoxi"), ettn): Method.TextDegerineEsitElementinAltindakineTikla is PASSED

2021-11-23 16:49:20 - [MESSAGE][INFO] - Finding Test Object 'Object Repository/Tablo/Veriler'

2021-11-23 16:49:21 - [MESSAGE][INFO] - Finding Test Object 'Object Repository/Tablo/VerininCheckBoxi'

2021-11-23 16:49:21 - [MESSAGE][INFO] - Checking timeout

2021-11-23 16:49:21 - [MESSAGE][INFO] - Finding web element with id: 'Object Repository/Tablo/Veriler' located by 'By.cssSelector: td.dxgv b ,td.dxgv' in '10' second(s)

2021-11-23 16:49:21 - [MESSAGE][INFO] - Smart Wait Function is triggered

2021-11-23 16:49:21 - [MESSAGE][INFO] - Found 70 web elements with id: 'Object Repository/Tablo/Veriler' located by 'By.cssSelector: td.dxgv b ,td.dxgv' in '10' second(s)

2021-11-23 16:49:21 - [MESSAGE][INFO] - Smart Wait Function is triggered

2021-11-23 16:49:22 - [MESSAGE][PASSED] - Method.TextDegerineEsitElementinAltindakineTikla is PASSED

2021-11-23 16:49:22 - [MESSAGE][PASSED] - Call Test Case 'Test Cases/Tablo/TablodanEttnliVeriSec' successfully

2021-11-23 16:49:22 - [MESSAGE][INFO] - Checking called Test Case

2021-11-23 16:49:22 - [MESSAGE][INFO] - Starting to call Test Case 'Test Cases/Butonlar/ButonaTikla'

2021-11-23 16:49:22 - [TEST_CASE][PASSED] - Test Cases/Butonlar/ButonaTikla: Test Cases/Butonlar/ButonaTikla

2021-11-23 16:49:22 - [TEST_STEP][PASSED] - Method.TextDegerineEsitElementeTiklaEquals(findTestObject("Butonlar/Butonlar"), Buton_Adi): Method.TextDegerineEsitElementeTiklaEquals is PASSED

2021-11-23 16:49:22 - [MESSAGE][INFO] - Finding Test Object 'Object Repository/Butonlar/Butonlar'

2021-11-23 16:49:22 - [MESSAGE][INFO] - Checking timeout

2021-11-23 16:49:22 - [MESSAGE][INFO] - Finding web element with id: 'Object Repository/Butonlar/Butonlar' located by 'By.cssSelector: .panel.panel-default.text-center.footerPanel .btn,.btn.btn-primary.btnControls' in '10' second(s)

2021-11-23 16:49:22 - [MESSAGE][INFO] - Smart Wait Function is triggered

2021-11-23 16:49:22 - [MESSAGE][INFO] - Found 9 web elements with id: 'Object Repository/Butonlar/Butonlar' located by 'By.cssSelector: .panel.panel-default.text-center.footerPanel .btn,.btn.btn-primary.btnControls' in '10' second(s)

2021-11-23 16:49:23 - [MESSAGE][PASSED] - Method.TextDegerineEsitElementeTiklaEquals is PASSED

2021-11-23 16:49:23 - [MESSAGE][PASSED] - Call Test Case 'Test Cases/Butonlar/ButonaTikla' successfully

2021-11-23 16:49:23 - [MESSAGE][INFO] - Checking called Test Case

2021-11-23 16:49:23 - [MESSAGE][INFO] - Starting to call Test Case 'Test Cases/Popup/PopupMesajiIceriyorMu'

2021-11-23 16:49:23 - [TEST_CASE][PASSED] - Test Cases/Popup/PopupMesajiIceriyorMu: Test Cases/Popup/PopupMesajiIceriyorMu

2021-11-23 16:49:23 - [TEST_STEP][PASSED] - waitForElementVisible(findTestObject("Popup/Popup"), 10): Object 'Object Repository/Popup/Popup' is visible

2021-11-23 16:49:23 - [MESSAGE][INFO] - Finding Test Object 'Object Repository/Popup/Popup'

2021-11-23 16:49:23 - [MESSAGE][INFO] - Checking object

2021-11-23 16:49:23 - [MESSAGE][INFO] - Checking timeout

2021-11-23 16:49:23 - [MESSAGE][INFO] - Finding web element from Test Object's properties

2021-11-23 16:49:23 - [MESSAGE][INFO] - Checking timeout

2021-11-23 16:49:23 - [MESSAGE][INFO] - Finding web element with id: 'Object Repository/Popup/Popup' located by 'By.cssSelector: .bootbox-body' in '10' second(s)

2021-11-23 16:49:23 - [MESSAGE][INFO] - Smart Wait Function is triggered

2021-11-23 16:49:23 - [MESSAGE][INFO] - Found 1 web elements with id: 'Object Repository/Popup/Popup' located by 'By.cssSelector: .bootbox-body' in '10' second(s)

2021-11-23 16:49:23 - [MESSAGE][PASSED] - Object 'Object Repository/Popup/Popup' is visible

2021-11-23 16:49:23 - [TEST_STEP][PASSED] - if (!(getText(findTestObject("Popup/Popup")).contains(Mesaj))): Text of object 'Object Repository/Popup/Popup' is: 'Seçilen faturalarınız onaylanacaktır. Onaylanan faturalar üzerinde değişiklik yapılamaz. Devam etmek istiyor musunuz?'

2021-11-23 16:49:23 - [MESSAGE][INFO] - Finding Test Object 'Object Repository/Popup/Popup'

2021-11-23 16:49:23 - [MESSAGE][INFO] - Checking object

2021-11-23 16:49:23 - [MESSAGE][INFO] - Finding web element from Test Object's properties

2021-11-23 16:49:23 - [MESSAGE][INFO] - Checking timeout

2021-11-23 16:49:23 - [MESSAGE][INFO] - Finding web element with id: 'Object Repository/Popup/Popup' located by 'By.cssSelector: .bootbox-body' in '30' second(s)

2021-11-23 16:49:23 - [MESSAGE][INFO] - Smart Wait Function is triggered

2021-11-23 16:49:24 - [MESSAGE][INFO] - Found 1 web elements with id: 'Object Repository/Popup/Popup' located by 'By.cssSelector: .bootbox-body' in '30' second(s)

2021-11-23 16:49:24 - [MESSAGE][INFO] - Getting text of object 'Object Repository/Popup/Popup'

2021-11-23 16:49:24 - [MESSAGE][PASSED] - Text of object 'Object Repository/Popup/Popup' is: 'Seçilen faturalarınız onaylanacaktır. Onaylanan faturalar üzerinde değişiklik yapılamaz. Devam etmek istiyor musunuz?'

2021-11-23 16:49:24 - [TEST_STEP][PASSED] - RaporNo = getText(findTestObject("Popup/Popup")).substring(0, 6): Text of object 'Object Repository/Popup/Popup' is: 'Seçilen faturalarınız onaylanacaktır. Onaylanan faturalar üzerinde değişiklik yapılamaz. Devam etmek istiyor musunuz?'

2021-11-23 16:49:24 - [MESSAGE][INFO] - Finding Test Object 'Object Repository/Popup/Popup'

2021-11-23 16:49:24 - [MESSAGE][INFO] - Checking object

2021-11-23 16:49:24 - [MESSAGE][INFO] - Finding web element from Test Object's properties

2021-11-23 16:49:24 - [MESSAGE][INFO] - Checking timeout

2021-11-23 16:49:24 - [MESSAGE][INFO] - Finding web element with id: 'Object Repository/Popup/Popup' located by 'By.cssSelector: .bootbox-body' in '30' second(s)

2021-11-23 16:49:24 - [MESSAGE][INFO] - Smart Wait Function is triggered

2021-11-23 16:49:24 - [MESSAGE][INFO] - Found 1 web elements with id: 'Object Repository/Popup/Popup' located by 'By.cssSelector: .bootbox-body' in '30' second(s)

2021-11-23 16:49:24 - [MESSAGE][INFO] - Getting text of object 'Object Repository/Popup/Popup'

2021-11-23 16:49:24 - [MESSAGE][PASSED] - Text of object 'Object Repository/Popup/Popup' is: 'Seçilen faturalarınız onaylanacaktır. Onaylanan faturalar üzerinde değişiklik yapılamaz. Devam etmek istiyor musunuz?'

2021-11-23 16:49:24 - [TEST_STEP][PASSED] - Console.println(RaporNo): null

2021-11-23 16:49:24 - [MESSAGE][PASSED] - Call Test Case 'Test Cases/Popup/PopupMesajiIceriyorMu' successfully

2021-11-23 16:49:24 - [MESSAGE][INFO] - Checking called Test Case

2021-11-23 16:49:24 - [MESSAGE][INFO] - Starting to call Test Case 'Test Cases/Popup/PopupButonSecilir'

2021-11-23 16:49:24 - [TEST_CASE][PASSED] - Test Cases/Popup/PopupButonSecilir: Test Cases/Popup/PopupButonSecilir

2021-11-23 16:49:24 - [TEST_STEP][PASSED] - Method.TextDegerineEsitElementeTikla(findTestObject("Popup/Popup_Butons"), Buton): Method.TextDegerineEsitElementeTikla is PASSED

2021-11-23 16:49:24 - [MESSAGE][INFO] - Finding Test Object 'Object Repository/Popup/Popup_Butons'

2021-11-23 16:49:24 - [MESSAGE][INFO] - Checking timeout

2021-11-23 16:49:24 - [MESSAGE][INFO] - Finding web element with id: 'Object Repository/Popup/Popup_Butons' located by 'By.cssSelector: .modal-footer>button' in '10' second(s)

2021-11-23 16:49:24 - [MESSAGE][INFO] - Smart Wait Function is triggered

2021-11-23 16:49:25 - [MESSAGE][INFO] - Found 2 web elements with id: 'Object Repository/Popup/Popup_Butons' located by 'By.cssSelector: .modal-footer>button' in '10' second(s)

2021-11-23 16:49:25 - [MESSAGE][PASSED] - Method.TextDegerineEsitElementeTikla is PASSED

2021-11-23 16:49:25 - [MESSAGE][PASSED] - Call Test Case 'Test Cases/Popup/PopupButonSecilir' successfully

2021-11-23 16:49:25 - [MESSAGE][INFO] - Checking called Test Case

2021-11-23 16:49:25 - [MESSAGE][INFO] - Starting to call Test Case 'Test Cases/Menu/AnaMenuSecimi'

2021-11-23 16:49:25 - [TEST_CASE][PASSED] - Test Cases/Menu/AnaMenuSecimi: Test Cases/Menu/AnaMenuSecimi

2021-11-23 16:49:25 - [TEST_STEP][PASSED] - Method.TextDegerineEsitElementeTikla(findTestObject("Menu/Ana_Menu"), Ana_Menu): Method.TextDegerineEsitElementeTikla is PASSED

2021-11-23 16:49:25 - [MESSAGE][INFO] - Finding Test Object 'Object Repository/Menu/Ana_Menu'

2021-11-23 16:49:25 - [MESSAGE][INFO] - Checking timeout

2021-11-23 16:49:25 - [MESSAGE][INFO] - Finding web element with id: 'Object Repository/Menu/Ana_Menu' located by 'By.xpath: //*[@class = 'dropdown-toggle']' in '10' second(s)

2021-11-23 16:49:25 - [MESSAGE][INFO] - Smart Wait Function is triggered

2021-11-23 16:49:26 - [MESSAGE][INFO] - Found 13 web elements with id: 'Object Repository/Menu/Ana_Menu' located by 'By.xpath: //*[@class = 'dropdown-toggle']' in '10' second(s)

2021-11-23 16:49:26 - [MESSAGE][PASSED] - Method.TextDegerineEsitElementeTikla is PASSED

2021-11-23 16:49:26 - [MESSAGE][PASSED] - Call Test Case 'Test Cases/Menu/AnaMenuSecimi' successfully

2021-11-23 16:49:26 - [MESSAGE][INFO] - Checking called Test Case

2021-11-23 16:49:26 - [MESSAGE][INFO] - Starting to call Test Case 'Test Cases/Menu/BasligaGoreAltMenuSecimi'

2021-11-23 16:49:26 - [TEST_CASE][PASSED] - Test Cases/Menu/BasligaGoreAltMenuSecimi: Test Cases/Menu/BasligaGoreAltMenuSecimi

2021-11-23 16:49:26 - [TEST_STEP][PASSED] - Method.TextDegerineEsitElementinAltindakiTextDegerineEsitOlanaTikla(findTestObject("Menu/Menu_Basligi"), findTestObject("Menu/Basliga_Gore_Alt_Menu"), Baslik, Alt_Menu): Method.TextDegerineEsitElementinAltindakiTextDegerineEsitOlanaTikla is PASSED

2021-11-23 16:49:26 - [MESSAGE][INFO] - Finding Test Object 'Object Repository/Menu/Menu_Basligi'

2021-11-23 16:49:26 - [MESSAGE][INFO] - Finding Test Object 'Object Repository/Menu/Basliga_Gore_Alt_Menu'

2021-11-23 16:49:26 - [MESSAGE][INFO] - Checking timeout

2021-11-23 16:49:26 - [MESSAGE][INFO] - Finding web element with id: 'Object Repository/Menu/Menu_Basligi' located by 'By.xpath: //li[@class='dropdown dropdown-large open']//li[@class='dropdown-header']' in '10' second(s)

2021-11-23 16:49:26 - [MESSAGE][INFO] - Smart Wait Function is triggered

2021-11-23 16:49:26 - [MESSAGE][INFO] - Found 2 web elements with id: 'Object Repository/Menu/Menu_Basligi' located by 'By.xpath: //li[@class='dropdown dropdown-large open']//li[@class='dropdown-header']' in '10' second(s)

2021-11-23 16:49:26 - [MESSAGE][INFO] - Smart Wait Function is triggered

2021-11-23 16:49:28 - [MESSAGE][PASSED] - Method.TextDegerineEsitElementinAltindakiTextDegerineEsitOlanaTikla is PASSED

2021-11-23 16:49:28 - [MESSAGE][PASSED] - Call Test Case 'Test Cases/Menu/BasligaGoreAltMenuSecimi' successfully

2021-11-23 16:49:28 - [MESSAGE][INFO] - Checking called Test Case

2021-11-23 16:49:28 - [MESSAGE][INFO] - Starting to call Test Case 'Test Cases/Filtreler/EttnYaz'

2021-11-23 16:49:28 - [TEST_CASE][PASSED] - Test Cases/Filtreler/EttnYaz: Test Cases/Filtreler/EttnYaz

2021-11-23 16:49:28 - [TEST_STEP][PASSED] - Method.TextDegerineEsitElementinAltindakiTextboxtaYaz(findTestObject("Filtreler/Basliklar"), findTestObject("Filtreler/Basliga_Gore_Textbox"), "ETTN", ettn): Method.TextDegerineEsitElementinAltindakiTextboxtaYaz is PASSED

2021-11-23 16:49:28 - [MESSAGE][INFO] - Finding Test Object 'Object Repository/Filtreler/Basliklar'

2021-11-23 16:49:28 - [MESSAGE][INFO] - Finding Test Object 'Object Repository/Filtreler/Basliga_Gore_Textbox'

2021-11-23 16:49:28 - [MESSAGE][INFO] - Checking timeout

2021-11-23 16:49:28 - [MESSAGE][INFO] - Finding web element with id: 'Object Repository/Filtreler/Basliklar' located by 'By.cssSelector: .control-label.col-sm-4.paddingMarginRLC' in '10' second(s)

2021-11-23 16:49:28 - [MESSAGE][INFO] - Smart Wait Function is triggered

2021-11-23 16:49:29 - [MESSAGE][INFO] - Found 19 web elements with id: 'Object Repository/Filtreler/Basliklar' located by 'By.cssSelector: .control-label.col-sm-4.paddingMarginRLC' in '10' second(s)

2021-11-23 16:49:29 - [MESSAGE][INFO] - Smart Wait Function is triggered

2021-11-23 16:49:29 - [MESSAGE][PASSED] - Method.TextDegerineEsitElementinAltindakiTextboxtaYaz is PASSED

2021-11-23 16:49:29 - [MESSAGE][PASSED] - Call Test Case 'Test Cases/Filtreler/EttnYaz' successfully

2021-11-23 16:49:29 - [MESSAGE][INFO] - Checking called Test Case

2021-11-23 16:49:29 - [MESSAGE][INFO] - Starting to call Test Case 'Test Cases/Filtreler/ButonaTikla'

2021-11-23 16:49:29 - [TEST_CASE][PASSED] - Test Cases/Filtreler/ButonaTikla: Test Cases/Filtreler/ButonaTikla

2021-11-23 16:49:29 - [TEST_STEP][PASSED] - Method.TextDegerineEsitElementeTikla(findTestObject("Filtreler/Butonlar"), Filtre_Buton): Method.TextDegerineEsitElementeTikla is PASSED

2021-11-23 16:49:29 - [MESSAGE][INFO] - Finding Test Object 'Object Repository/Filtreler/Butonlar'

2021-11-23 16:49:29 - [MESSAGE][INFO] - Checking timeout

2021-11-23 16:49:29 - [MESSAGE][INFO] - Finding web element with id: 'Object Repository/Filtreler/Butonlar' located by 'By.cssSelector: .dxb>span' in '10' second(s)

2021-11-23 16:49:29 - [MESSAGE][INFO] - Smart Wait Function is triggered

2021-11-23 16:49:30 - [MESSAGE][INFO] - Found 3 web elements with id: 'Object Repository/Filtreler/Butonlar' located by 'By.cssSelector: .dxb>span' in '10' second(s)

2021-11-23 16:49:30 - [MESSAGE][PASSED] - Method.TextDegerineEsitElementeTikla is PASSED

2021-11-23 16:49:30 - [MESSAGE][PASSED] - Call Test Case 'Test Cases/Filtreler/ButonaTikla' successfully

2021-11-23 16:49:30 - [MESSAGE][INFO] - Checking called Test Case

2021-11-23 16:49:30 - [MESSAGE][INFO] - Starting to call Test Case 'Test Cases/Tablo/TablodaVeriVarMi'

2021-11-23 16:49:30 - [TEST_CASE][PASSED] - Test Cases/Tablo/TablodaVeriVarMi: Test Cases/Tablo/TablodaVeriVarMi

2021-11-23 16:49:30 - [TEST_STEP][PASSED] - verifyTextNotPresent("Görüntülenecek veri yok", true): Text 'Görüntülenecek veri yok' is not present on page using regular expression

2021-11-23 16:49:30 - [MESSAGE][INFO] - Checking text present  using regular expression

2021-11-23 16:49:30 - [MESSAGE][INFO] - Smart Wait Function is triggered

2021-11-23 16:49:31 - [MESSAGE][INFO] - Finding text 'Görüntülenecek veri yok' on page  using regular expression

2021-11-23 16:49:31 - [MESSAGE][PASSED] - Text 'Görüntülenecek veri yok' is not present on page using regular expression

2021-11-23 16:49:31 - [MESSAGE][PASSED] - Call Test Case 'Test Cases/Tablo/TablodaVeriVarMi' successfully

2021-11-23 16:49:31 - [MESSAGE][INFO] - Checking called Test Case

2021-11-23 16:49:31 - [MESSAGE][INFO] - Starting to call Test Case 'Test Cases/Tablo/TablodaVeriBasariliMiArsiv'

2021-11-23 16:49:31 - [TEST_CASE][PASSED] - Test Cases/Tablo/TablodaVeriBasariliMiArsiv: Test Cases/Tablo/TablodaVeriBasariliMiArsiv

2021-11-23 16:49:31 - [TEST_STEP][PASSED] - sayac = 80: null

2021-11-23 16:49:31 - [TEST_STEP][PASSED] - while (verifyElementText(findTestObject("Object Repository/Tablo/DurumBilgisiArsiv"), "Henüz Sonuçlanmadı", OPTIONAL)): Actual text 'Başarılı' and expected text 'Henüz Sonuçlanmadı' of test object 'Object Repository/Tablo/DurumBilgisiArsiv' are NOT matched. (Root cause: com.kms.katalon.core.exception.StepFailedException: Actual text 'Başarılı' and expected text 'Henüz Sonuçlanmadı' of test object 'Object Repository/Tablo/DurumBilgisiArsiv' are NOT matched.
	at com.kms.katalon.core.webui.keyword.internal.WebUIKeywordMain.stepFailed(WebUIKeywordMain.groovy:64)
	at com.kms.katalon.core.webui.keyword.builtin.VerifyElementTextKeyword$_verifyElementText_closure1.doCall(VerifyElementTextKeyword.groovy:57)
	at com.kms.katalon.core.webui.keyword.builtin.VerifyElementTextKeyword$_verifyElementText_closure1.call(VerifyElementTextKeyword.groovy)
	at com.kms.katalon.core.webui.keyword.internal.WebUIKeywordMain.runKeyword(WebUIKeywordMain.groovy:20)
	at com.kms.katalon.core.webui.keyword.builtin.VerifyElementTextKeyword.verifyElementText(VerifyElementTextKeyword.groovy:72)
	at com.kms.katalon.core.webui.keyword.builtin.VerifyElementTextKeyword.execute(VerifyElementTextKeyword.groovy:40)
	at com.kms.katalon.core.keyword.internal.KeywordExecutor.executeKeywordForPlatform(KeywordExecutor.groovy:73)
	at com.kms.katalon.core.webui.keyword.WebUiBuiltInKeywords.verifyElementText(WebUiBuiltInKeywords.groovy:4733)
	at com.kms.katalon.core.webui.keyword.WebUiBuiltInKeywords$verifyElementText$20.call(Unknown Source)
	at TablodaVeriBasariliMiArsiv.run(TablodaVeriBasariliMiArsiv:22)
	at com.kms.katalon.core.main.ScriptEngine.run(ScriptEngine.java:194)
	at com.kms.katalon.core.main.ScriptEngine.runScriptAsRawText(ScriptEngine.java:119)
	at com.kms.katalon.core.main.TestCaseExecutor.runScript(TestCaseExecutor.java:369)
	at com.kms.katalon.core.main.TestCaseExecutor.doExecute(TestCaseExecutor.java:360)
	at com.kms.katalon.core.main.TestCaseExecutor.processExecutionPhase(TestCaseExecutor.java:339)
	at com.kms.katalon.core.main.TestCaseExecutor.accessMainPhase(TestCaseExecutor.java:331)
	at com.kms.katalon.core.main.TestCaseExecutor.execute(TestCaseExecutor.java:248)
	at com.kms.katalon.core.main.TestCaseMain.runTestCase(TestCaseMain.java:138)
	at com.kms.katalon.core.keyword.builtin.CallTestCaseKeyword$_callTestCase_closure1.doCall(CallTestCaseKeyword.groovy:59)
	at com.kms.katalon.core.keyword.builtin.CallTestCaseKeyword$_callTestCase_closure1.call(CallTestCaseKeyword.groovy)
	at com.kms.katalon.core.keyword.internal.KeywordMain.runKeyword(KeywordMain.groovy:68)
	at com.kms.katalon.core.keyword.builtin.CallTestCaseKeyword.callTestCase(CallTestCaseKeyword.groovy:81)
	at com.kms.katalon.core.keyword.builtin.CallTestCaseKeyword.execute(CallTestCaseKeyword.groovy:44)
	at com.kms.katalon.core.keyword.internal.KeywordExecutor.executeKeywordForPlatform(KeywordExecutor.groovy:73)
	at com.kms.katalon.core.keyword.BuiltinKeywords.callTestCase(BuiltinKeywords.groovy:334)
	at tablo.tablo.tablodaVeriBasariliMiArsiv(tablo.groovy:95)
	at cucumber.runtime.Utils$1.call(Utils.java:26)
	at cucumber.runtime.Timeout.timeout(Timeout.java:16)
	at cucumber.runtime.Utils.invoke(Utils.java:20)
	at cucumber.runtime.java.JavaStepDefinition.execute(JavaStepDefinition.java:49)
	at cucumber.runner.PickleStepDefinitionMatch.runStep(PickleStepDefinitionMatch.java:50)
	at cucumber.runner.TestStep.executeStep(TestStep.java:63)
	at cucumber.runner.TestStep.run(TestStep.java:49)
	at cucumber.runner.PickleStepTestStep.run(PickleStepTestStep.java:43)
	at cucumber.runner.TestCase.run(TestCase.java:44)
	at cucumber.runner.Runner.runPickle(Runner.java:40)
	at cucumber.runtime.Runtime$1.run(Runtime.java:84)
	at cucumber.runtime.Runtime$SameThreadExecutorService.execute(Runtime.java:220)
	at cucumber.runtime.Runtime.run(Runtime.java:81)
	at cucumber.api.cli.Main.run(Main.java:26)
	at cucumber.api.cli.Main$run.call(Unknown Source)
	at com.kms.katalon.core.cucumber.keyword.CucumberBuiltinKeywords$_runFeatureFile_closure1.doCall(CucumberBuiltinKeywords.groovy:106)
	at com.kms.katalon.core.cucumber.keyword.CucumberBuiltinKeywords$_runFeatureFile_closure1.doCall(CucumberBuiltinKeywords.groovy)
	at com.kms.katalon.core.keyword.internal.KeywordMain.runKeyword(KeywordMain.groovy:68)
	at com.kms.katalon.core.keyword.internal.KeywordMain$runKeyword.call(Unknown Source)
	at com.kms.katalon.core.cucumber.keyword.CucumberBuiltinKeywords.runFeatureFile(CucumberBuiltinKeywords.groovy:73)
	at com.kms.katalon.core.cucumber.keyword.CucumberBuiltinKeywords$runFeatureFile$0.callStatic(Unknown Source)
	at com.kms.katalon.core.cucumber.keyword.CucumberBuiltinKeywords.runFeatureFile(CucumberBuiltinKeywords.groovy:246)
	at com.kms.katalon.core.cucumber.keyword.CucumberBuiltinKeywords$runFeatureFile.call(Unknown Source)
	at VKN-Elektronik-Satis.run(VKN-Elektronik-Satis:19)
	at com.kms.katalon.core.main.ScriptEngine.run(ScriptEngine.java:194)
	at com.kms.katalon.core.main.ScriptEngine.runScriptAsRawText(ScriptEngine.java:119)
	at com.kms.katalon.core.main.TestCaseExecutor.runScript(TestCaseExecutor.java:369)
	at com.kms.katalon.core.main.TestCaseExecutor.doExecute(TestCaseExecutor.java:360)
	at com.kms.katalon.core.main.TestCaseExecutor.processExecutionPhase(TestCaseExecutor.java:339)
	at com.kms.katalon.core.main.TestCaseExecutor.accessMainPhase(TestCaseExecutor.java:331)
	at com.kms.katalon.core.main.TestCaseExecutor.execute(TestCaseExecutor.java:248)
	at com.kms.katalon.core.main.TestSuiteExecutor.accessTestCaseMainPhase(TestSuiteExecutor.java:191)
	at com.kms.katalon.core.main.TestSuiteExecutor.accessTestSuiteMainPhase(TestSuiteExecutor.java:140)
	at com.kms.katalon.core.main.TestSuiteExecutor.execute(TestSuiteExecutor.java:89)
	at com.kms.katalon.core.main.TestCaseMain.startTestSuite(TestCaseMain.java:181)
	at com.kms.katalon.core.main.TestCaseMain$startTestSuite$0.call(Unknown Source)
	at TempTestSuite1637674444414.run(TempTestSuite1637674444414.groovy:39)
)

2021-11-23 16:49:31 - [MESSAGE][INFO] - Finding Test Object 'Object Repository/Tablo/DurumBilgisiArsiv'

2021-11-23 16:49:31 - [MESSAGE][INFO] - Checking object

2021-11-23 16:49:31 - [MESSAGE][INFO] - Finding web element from Test Object's properties

2021-11-23 16:49:31 - [MESSAGE][INFO] - Checking timeout

2021-11-23 16:49:31 - [MESSAGE][INFO] - Finding web element with id: 'Object Repository/Tablo/DurumBilgisiArsiv' located by 'By.xpath: //*[@id = 'GridViewEArchiveInvoices_tccell0_9']' in '30' second(s)

2021-11-23 16:49:31 - [MESSAGE][INFO] - Smart Wait Function is triggered

2021-11-23 16:49:31 - [MESSAGE][INFO] - Found 1 web elements with id: 'Object Repository/Tablo/DurumBilgisiArsiv' located by 'By.xpath: //*[@id = 'GridViewEArchiveInvoices_tccell0_9']' in '30' second(s)

2021-11-23 16:49:31 - [MESSAGE][WARNING] - Actual text 'Başarılı' and expected text 'Henüz Sonuçlanmadı' of test object 'Object Repository/Tablo/DurumBilgisiArsiv' are NOT matched. (Root cause: com.kms.katalon.core.exception.StepFailedException: Actual text 'Başarılı' and expected text 'Henüz Sonuçlanmadı' of test object 'Object Repository/Tablo/DurumBilgisiArsiv' are NOT matched.
	at com.kms.katalon.core.webui.keyword.internal.WebUIKeywordMain.stepFailed(WebUIKeywordMain.groovy:64)
	at com.kms.katalon.core.webui.keyword.builtin.VerifyElementTextKeyword$_verifyElementText_closure1.doCall(VerifyElementTextKeyword.groovy:57)
	at com.kms.katalon.core.webui.keyword.builtin.VerifyElementTextKeyword$_verifyElementText_closure1.call(VerifyElementTextKeyword.groovy)
	at com.kms.katalon.core.webui.keyword.internal.WebUIKeywordMain.runKeyword(WebUIKeywordMain.groovy:20)
	at com.kms.katalon.core.webui.keyword.builtin.VerifyElementTextKeyword.verifyElementText(VerifyElementTextKeyword.groovy:72)
	at com.kms.katalon.core.webui.keyword.builtin.VerifyElementTextKeyword.execute(VerifyElementTextKeyword.groovy:40)
	at com.kms.katalon.core.keyword.internal.KeywordExecutor.executeKeywordForPlatform(KeywordExecutor.groovy:73)
	at com.kms.katalon.core.webui.keyword.WebUiBuiltInKeywords.verifyElementText(WebUiBuiltInKeywords.groovy:4733)
	at com.kms.katalon.core.webui.keyword.WebUiBuiltInKeywords$verifyElementText$20.call(Unknown Source)
	at TablodaVeriBasariliMiArsiv.run(TablodaVeriBasariliMiArsiv:22)
	at com.kms.katalon.core.main.ScriptEngine.run(ScriptEngine.java:194)
	at com.kms.katalon.core.main.ScriptEngine.runScriptAsRawText(ScriptEngine.java:119)
	at com.kms.katalon.core.main.TestCaseExecutor.runScript(TestCaseExecutor.java:369)
	at com.kms.katalon.core.main.TestCaseExecutor.doExecute(TestCaseExecutor.java:360)
	at com.kms.katalon.core.main.TestCaseExecutor.processExecutionPhase(TestCaseExecutor.java:339)
	at com.kms.katalon.core.main.TestCaseExecutor.accessMainPhase(TestCaseExecutor.java:331)
	at com.kms.katalon.core.main.TestCaseExecutor.execute(TestCaseExecutor.java:248)
	at com.kms.katalon.core.main.TestCaseMain.runTestCase(TestCaseMain.java:138)
	at com.kms.katalon.core.keyword.builtin.CallTestCaseKeyword$_callTestCase_closure1.doCall(CallTestCaseKeyword.groovy:59)
	at com.kms.katalon.core.keyword.builtin.CallTestCaseKeyword$_callTestCase_closure1.call(CallTestCaseKeyword.groovy)
	at com.kms.katalon.core.keyword.internal.KeywordMain.runKeyword(KeywordMain.groovy:68)
	at com.kms.katalon.core.keyword.builtin.CallTestCaseKeyword.callTestCase(CallTestCaseKeyword.groovy:81)
	at com.kms.katalon.core.keyword.builtin.CallTestCaseKeyword.execute(CallTestCaseKeyword.groovy:44)
	at com.kms.katalon.core.keyword.internal.KeywordExecutor.executeKeywordForPlatform(KeywordExecutor.groovy:73)
	at com.kms.katalon.core.keyword.BuiltinKeywords.callTestCase(BuiltinKeywords.groovy:334)
	at tablo.tablo.tablodaVeriBasariliMiArsiv(tablo.groovy:95)
	at cucumber.runtime.Utils$1.call(Utils.java:26)
	at cucumber.runtime.Timeout.timeout(Timeout.java:16)
	at cucumber.runtime.Utils.invoke(Utils.java:20)
	at cucumber.runtime.java.JavaStepDefinition.execute(JavaStepDefinition.java:49)
	at cucumber.runner.PickleStepDefinitionMatch.runStep(PickleStepDefinitionMatch.java:50)
	at cucumber.runner.TestStep.executeStep(TestStep.java:63)
	at cucumber.runner.TestStep.run(TestStep.java:49)
	at cucumber.runner.PickleStepTestStep.run(PickleStepTestStep.java:43)
	at cucumber.runner.TestCase.run(TestCase.java:44)
	at cucumber.runner.Runner.runPickle(Runner.java:40)
	at cucumber.runtime.Runtime$1.run(Runtime.java:84)
	at cucumber.runtime.Runtime$SameThreadExecutorService.execute(Runtime.java:220)
	at cucumber.runtime.Runtime.run(Runtime.java:81)
	at cucumber.api.cli.Main.run(Main.java:26)
	at cucumber.api.cli.Main$run.call(Unknown Source)
	at com.kms.katalon.core.cucumber.keyword.CucumberBuiltinKeywords$_runFeatureFile_closure1.doCall(CucumberBuiltinKeywords.groovy:106)
	at com.kms.katalon.core.cucumber.keyword.CucumberBuiltinKeywords$_runFeatureFile_closure1.doCall(CucumberBuiltinKeywords.groovy)
	at com.kms.katalon.core.keyword.internal.KeywordMain.runKeyword(KeywordMain.groovy:68)
	at com.kms.katalon.core.keyword.internal.KeywordMain$runKeyword.call(Unknown Source)
	at com.kms.katalon.core.cucumber.keyword.CucumberBuiltinKeywords.runFeatureFile(CucumberBuiltinKeywords.groovy:73)
	at com.kms.katalon.core.cucumber.keyword.CucumberBuiltinKeywords$runFeatureFile$0.callStatic(Unknown Source)
	at com.kms.katalon.core.cucumber.keyword.CucumberBuiltinKeywords.runFeatureFile(CucumberBuiltinKeywords.groovy:246)
	at com.kms.katalon.core.cucumber.keyword.CucumberBuiltinKeywords$runFeatureFile.call(Unknown Source)
	at VKN-Elektronik-Satis.run(VKN-Elektronik-Satis:19)
	at com.kms.katalon.core.main.ScriptEngine.run(ScriptEngine.java:194)
	at com.kms.katalon.core.main.ScriptEngine.runScriptAsRawText(ScriptEngine.java:119)
	at com.kms.katalon.core.main.TestCaseExecutor.runScript(TestCaseExecutor.java:369)
	at com.kms.katalon.core.main.TestCaseExecutor.doExecute(TestCaseExecutor.java:360)
	at com.kms.katalon.core.main.TestCaseExecutor.processExecutionPhase(TestCaseExecutor.java:339)
	at com.kms.katalon.core.main.TestCaseExecutor.accessMainPhase(TestCaseExecutor.java:331)
	at com.kms.katalon.core.main.TestCaseExecutor.execute(TestCaseExecutor.java:248)
	at com.kms.katalon.core.main.TestSuiteExecutor.accessTestCaseMainPhase(TestSuiteExecutor.java:191)
	at com.kms.katalon.core.main.TestSuiteExecutor.accessTestSuiteMainPhase(TestSuiteExecutor.java:140)
	at com.kms.katalon.core.main.TestSuiteExecutor.execute(TestSuiteExecutor.java:89)
	at com.kms.katalon.core.main.TestCaseMain.startTestSuite(TestCaseMain.java:181)
	at com.kms.katalon.core.main.TestCaseMain$startTestSuite$0.call(Unknown Source)
	at TempTestSuite1637674444414.run(TempTestSuite1637674444414.groovy:39)
)

2021-11-23 16:49:31 - [TEST_STEP][PASSED] - Method.TextDegerineEsitElementVarMi(findTestObject("Object Repository/Tablo/DurumBilgisiArsiv"), "Başarılı"): Method.TextDegerineEsitElementVarMi is PASSED

2021-11-23 16:49:31 - [MESSAGE][INFO] - Finding Test Object 'Object Repository/Tablo/DurumBilgisiArsiv'

2021-11-23 16:49:32 - [MESSAGE][INFO] - Checking timeout

2021-11-23 16:49:32 - [MESSAGE][INFO] - Finding web element with id: 'Object Repository/Tablo/DurumBilgisiArsiv' located by 'By.xpath: //*[@id = 'GridViewEArchiveInvoices_tccell0_9']' in '10' second(s)

2021-11-23 16:49:32 - [MESSAGE][INFO] - Smart Wait Function is triggered

2021-11-23 16:49:32 - [MESSAGE][INFO] - Found 1 web elements with id: 'Object Repository/Tablo/DurumBilgisiArsiv' located by 'By.xpath: //*[@id = 'GridViewEArchiveInvoices_tccell0_9']' in '10' second(s)

2021-11-23 16:49:32 - [MESSAGE][PASSED] - Method.TextDegerineEsitElementVarMi is PASSED

2021-11-23 16:49:32 - [MESSAGE][PASSED] - Call Test Case 'Test Cases/Tablo/TablodaVeriBasariliMiArsiv' successfully

2021-11-23 16:49:32 - [MESSAGE][INFO] - Checking called Test Case

2021-11-23 16:49:32 - [MESSAGE][INFO] - Starting to call Test Case 'Test Cases/Kullanici_Islemleri/KullaniciIslemlerindenSecimYapilir'

2021-11-23 16:49:32 - [TEST_CASE][PASSED] - Test Cases/Kullanici_Islemleri/KullaniciIslemlerindenSecimYapilir: Test Cases/Kullanici_Islemleri/KullaniciIslemlerindenSecimYapilir

2021-11-23 16:49:32 - [TEST_STEP][PASSED] - waitForElementClickable(findTestObject("Object Repository/Kullanici_Islemleri/KullaniciIslemleri"), 10): Object 'Object Repository/Kullanici_Islemleri/KullaniciIslemleri' is clickable

2021-11-23 16:49:32 - [MESSAGE][INFO] - Finding Test Object 'Object Repository/Kullanici_Islemleri/KullaniciIslemleri'

2021-11-23 16:49:32 - [MESSAGE][INFO] - Checking object

2021-11-23 16:49:32 - [MESSAGE][INFO] - Checking timeout

2021-11-23 16:49:32 - [MESSAGE][INFO] - Finding web element from Test Object's properties

2021-11-23 16:49:32 - [MESSAGE][INFO] - Checking timeout

2021-11-23 16:49:32 - [MESSAGE][INFO] - Finding web element with id: 'Object Repository/Kullanici_Islemleri/KullaniciIslemleri' located by 'By.cssSelector: .dropdown>a>img' in '10' second(s)

2021-11-23 16:49:32 - [MESSAGE][INFO] - Smart Wait Function is triggered

2021-11-23 16:49:32 - [MESSAGE][INFO] - Found 1 web elements with id: 'Object Repository/Kullanici_Islemleri/KullaniciIslemleri' located by 'By.cssSelector: .dropdown>a>img' in '10' second(s)

2021-11-23 16:49:32 - [MESSAGE][PASSED] - Object 'Object Repository/Kullanici_Islemleri/KullaniciIslemleri' is clickable

2021-11-23 16:49:32 - [TEST_STEP][PASSED] - click(findTestObject("Object Repository/Kullanici_Islemleri/KullaniciIslemleri")): Object: 'Object Repository/Kullanici_Islemleri/KullaniciIslemleri' is clicked on

2021-11-23 16:49:32 - [MESSAGE][INFO] - Finding Test Object 'Object Repository/Kullanici_Islemleri/KullaniciIslemleri'

2021-11-23 16:49:32 - [MESSAGE][INFO] - Checking object

2021-11-23 16:49:32 - [MESSAGE][INFO] - Finding web element from Test Object's properties

2021-11-23 16:49:32 - [MESSAGE][INFO] - Checking timeout

2021-11-23 16:49:32 - [MESSAGE][INFO] - Finding web element with id: 'Object Repository/Kullanici_Islemleri/KullaniciIslemleri' located by 'By.cssSelector: .dropdown>a>img' in '30' second(s)

2021-11-23 16:49:32 - [MESSAGE][INFO] - Smart Wait Function is triggered

2021-11-23 16:49:33 - [MESSAGE][INFO] - Found 1 web elements with id: 'Object Repository/Kullanici_Islemleri/KullaniciIslemleri' located by 'By.cssSelector: .dropdown>a>img' in '30' second(s)

2021-11-23 16:49:33 - [MESSAGE][INFO] - Clicking on object: 'Object Repository/Kullanici_Islemleri/KullaniciIslemleri'

2021-11-23 16:49:33 - [MESSAGE][PASSED] - Object: 'Object Repository/Kullanici_Islemleri/KullaniciIslemleri' is clicked on

2021-11-23 16:49:33 - [TEST_STEP][PASSED] - Method.TextDegerineEsitElementeTikla(findTestObject("Object Repository/Kullanici_Islemleri/Secenekler"), Islem): Method.TextDegerineEsitElementeTikla is PASSED

2021-11-23 16:49:33 - [MESSAGE][INFO] - Finding Test Object 'Object Repository/Kullanici_Islemleri/Secenekler'

2021-11-23 16:49:33 - [MESSAGE][INFO] - Checking timeout

2021-11-23 16:49:33 - [MESSAGE][INFO] - Finding web element with id: 'Object Repository/Kullanici_Islemleri/Secenekler' located by 'By.cssSelector: .nav.navbar-nav.navbar-right li a' in '10' second(s)

2021-11-23 16:49:33 - [MESSAGE][INFO] - Smart Wait Function is triggered

2021-11-23 16:49:33 - [MESSAGE][INFO] - Found 20 web elements with id: 'Object Repository/Kullanici_Islemleri/Secenekler' located by 'By.cssSelector: .nav.navbar-nav.navbar-right li a' in '10' second(s)

2021-11-23 16:49:35 - [MESSAGE][PASSED] - Method.TextDegerineEsitElementeTikla is PASSED

2021-11-23 16:49:35 - [TEST_STEP][PASSED] - verifyElementNotPresent(findTestObject("Object Repository/Kullanici_Islemleri/Secenekler"), 10): Web element with id: 'Object Repository/Kullanici_Islemleri/Secenekler' located by 'By.cssSelector: .nav.navbar-nav.navbar-right li a' is not present after '10' second(s)

2021-11-23 16:49:35 - [MESSAGE][INFO] - Finding Test Object 'Object Repository/Kullanici_Islemleri/Secenekler'

2021-11-23 16:49:35 - [MESSAGE][INFO] - Checking object

2021-11-23 16:49:35 - [MESSAGE][INFO] - Checking timeout

2021-11-23 16:49:35 - [MESSAGE][INFO] - Finding web element with id: 'Object Repository/Kullanici_Islemleri/Secenekler' located by 'By.cssSelector: .nav.navbar-nav.navbar-right li a' in '10' second(s)

2021-11-23 16:49:35 - [MESSAGE][INFO] - Smart Wait Function is triggered

2021-11-23 16:49:35 - [MESSAGE][PASSED] - Web element with id: 'Object Repository/Kullanici_Islemleri/Secenekler' located by 'By.cssSelector: .nav.navbar-nav.navbar-right li a' is not present after '10' second(s)

2021-11-23 16:49:35 - [MESSAGE][PASSED] - Call Test Case 'Test Cases/Kullanici_Islemleri/KullaniciIslemlerindenSecimYapilir' successfully

2021-11-23 16:49:35 - [TEST_CASE][PASSED] - Start Test Case : SCENARIO Gonderim tipi Kagit ve Satis tipinde e-Arsiv faturasi olusturulmasi: SCENARIO Gonderim tipi Kagit ve Satis tipinde e-Arsiv faturasi olusturulmasi

2021-11-23 16:49:35 - [TEST_STEP][PASSED] - Kullanıcı adı EARSATIS ve Şifre test1234 olarak giriş yapılır: Kullanıcı adı EARSATIS ve Şifre test1234 olarak giriş yapılır

2021-11-23 16:49:35 - [MESSAGE][PASSED] - Kullanıcı adı EARSATIS ve Şifre test1234 olarak giriş yapılır

2021-11-23 16:49:35 - [TEST_STEP][PASSED] - Ana menüden e-Arşiv seçilir: Ana menüden e-Arşiv seçilir

2021-11-23 16:49:35 - [MESSAGE][PASSED] - Ana menüden e-Arşiv seçilir

2021-11-23 16:49:35 - [TEST_STEP][PASSED] - Alt menü e-Arşiv Araçları başlığı altındaki e-Arşiv Fatura Oluşturma seçilir: Alt menü e-Arşiv Araçları başlığı altındaki e-Arşiv Fatura Oluşturma seçilir

2021-11-23 16:49:35 - [MESSAGE][PASSED] - Alt menü e-Arşiv Araçları başlığı altındaki e-Arşiv Fatura Oluşturma seçilir

2021-11-23 16:49:35 - [TEST_STEP][PASSED] - Tablodaki tüm veriler silinir: Tablodaki tüm veriler silinir

2021-11-23 16:49:35 - [MESSAGE][PASSED] - Tablodaki tüm veriler silinir

2021-11-23 16:49:35 - [TEST_STEP][PASSED] - Butonlardan Ekle isimli butona tıklanır: Butonlardan Ekle isimli butona tıklanır

2021-11-23 16:49:35 - [MESSAGE][PASSED] - Butonlardan Ekle isimli butona tıklanır

2021-11-23 16:49:35 - [TEST_STEP][PASSED] - Görsel tasarım sayfasının e-Arşiv Fatura Bilgileri başlığını içerdiği kontrol edilir: Görsel tasarım sayfasının e-Arşiv Fatura Bilgileri başlığını içerdiği kontrol edilir

2021-11-23 16:49:35 - [MESSAGE][PASSED] - Görsel tasarım sayfasının e-Arşiv Fatura Bilgileri başlığını içerdiği kontrol edilir

2021-11-23 16:49:35 - [TEST_STEP][PASSED] - Alıcı adı alanına UC0007 girilir: Alıcı adı alanına UC0007 girilir

2021-11-23 16:49:35 - [MESSAGE][PASSED] - Alıcı adı alanına UC0007 girilir

2021-11-23 16:49:35 - [TEST_STEP][PASSED] - Gönderim Şekli Elektronik olarak seçilir: Gönderim Şekli Elektronik olarak seçilir

2021-11-23 16:49:35 - [MESSAGE][PASSED] - Gönderim Şekli Elektronik olarak seçilir

2021-11-23 16:49:35 - [TEST_STEP][PASSED] - Tip alanından Satış seçilir: Tip alanından Satış seçilir

2021-11-23 16:49:35 - [MESSAGE][PASSED] - Tip alanından Satış seçilir

2021-11-23 16:49:35 - [TEST_STEP][PASSED] - Döküman Para Birimi alanından Türk Lirası seçilir: Döküman Para Birimi alanından Türk Lirası seçilir

2021-11-23 16:49:35 - [MESSAGE][PASSED] - Döküman Para Birimi alanından Türk Lirası seçilir

2021-11-23 16:49:35 - [TEST_STEP][PASSED] - Ön Ek EAR olarak seçilir: Ön Ek EAR olarak seçilir

2021-11-23 16:49:35 - [MESSAGE][PASSED] - Ön Ek EAR olarak seçilir

2021-11-23 16:49:35 - [TEST_STEP][PASSED] - Tasarım alanından Otomasyon seçilir: Tasarım alanından Otomasyon seçilir

2021-11-23 16:49:35 - [MESSAGE][PASSED] - Tasarım alanından Otomasyon seçilir

2021-11-23 16:49:35 - [TEST_STEP][PASSED] - Sipariş bilgileri UUC-SAT-1200001 ve 31.04.2020 olarak girilir: Sipariş bilgileri UUC-SAT-1200001 ve 31.04.2020 olarak girilir

2021-11-23 16:49:35 - [MESSAGE][PASSED] - Sipariş bilgileri UUC-SAT-1200001 ve 31.04.2020 olarak girilir

2021-11-23 16:49:35 - [TEST_STEP][PASSED] - İrsaliye Bilgileri AAAAAAAAAA,31.04.2020 olarak girilir: İrsaliye Bilgileri AAAAAAAAAA,31.04.2020 olarak girilir

2021-11-23 16:49:35 - [MESSAGE][PASSED] - İrsaliye Bilgileri AAAAAAAAAA,31.04.2020 olarak girilir

2021-11-23 16:49:35 - [TEST_STEP][PASSED] - Ekle butonuna basılır: Ekle butonuna basılır

2021-11-23 16:49:35 - [MESSAGE][PASSED] - Ekle butonuna basılır

2021-11-23 16:49:35 - [TEST_STEP][PASSED] - Ürün ekleme alanında Mal/Hizmet başlığına Otomasyon girilir: Ürün ekleme alanında Mal/Hizmet başlığına Otomasyon girilir

2021-11-23 16:49:35 - [MESSAGE][PASSED] - Ürün ekleme alanında Mal/Hizmet başlığına Otomasyon girilir

2021-11-23 16:49:35 - [TEST_STEP][PASSED] - Ürün ekleme alanında Açıklaması başlığına Virgosol girilir: Ürün ekleme alanında Açıklaması başlığına Virgosol girilir

2021-11-23 16:49:35 - [MESSAGE][PASSED] - Ürün ekleme alanında Açıklaması başlığına Virgosol girilir

2021-11-23 16:49:35 - [TEST_STEP][PASSED] - Ürün ekleme alanında Miktarı başlığına 400 girilir: Ürün ekleme alanında Miktarı başlığına 400 girilir

2021-11-23 16:49:35 - [MESSAGE][PASSED] - Ürün ekleme alanında Miktarı başlığına 400 girilir

2021-11-23 16:49:35 - [TEST_STEP][PASSED] - Ürün ekleme alanında Birim Fiyat başlığına 100 girilir: Ürün ekleme alanında Birim Fiyat başlığına 100 girilir

2021-11-23 16:49:35 - [MESSAGE][PASSED] - Ürün ekleme alanında Birim Fiyat başlığına 100 girilir

2021-11-23 16:49:35 - [TEST_STEP][PASSED] - Ürün ekleme alanında İskonto Oranı % başlığına 10 girilir: Ürün ekleme alanında İskonto Oranı % başlığına 10 girilir

2021-11-23 16:49:35 - [MESSAGE][PASSED] - Ürün ekleme alanında İskonto Oranı % başlığına 10 girilir

2021-11-23 16:49:35 - [TEST_STEP][PASSED] - Notlar alanına Otomasyon Not girilir: Notlar alanına Otomasyon Not girilir

2021-11-23 16:49:35 - [MESSAGE][PASSED] - Notlar alanına Otomasyon Not girilir

2021-11-23 16:49:35 - [TEST_STEP][PASSED] - Ettn bilgisi kayıt edilir: Ettn bilgisi kayıt edilir

2021-11-23 16:49:35 - [MESSAGE][PASSED] - Ettn bilgisi kayıt edilir

2021-11-23 16:49:35 - [TEST_STEP][PASSED] - Kaydet butonu seçilir: Kaydet butonu seçilir

2021-11-23 16:49:35 - [MESSAGE][PASSED] - Kaydet butonu seçilir

2021-11-23 16:49:35 - [TEST_STEP][PASSED] - Tabloda Ettn bilgisi kaydedilen veri oluşturuldu mu: Tabloda Ettn bilgisi kaydedilen veri oluşturuldu mu

2021-11-23 16:49:35 - [MESSAGE][PASSED] - Tabloda Ettn bilgisi kaydedilen veri oluşturuldu mu

2021-11-23 16:49:35 - [TEST_STEP][PASSED] - Tablodan Ettn bilgisi kaydedilen veri seçilir: Tablodan Ettn bilgisi kaydedilen veri seçilir

2021-11-23 16:49:35 - [MESSAGE][PASSED] - Tablodan Ettn bilgisi kaydedilen veri seçilir

2021-11-23 16:49:35 - [TEST_STEP][PASSED] - Butonlardan Numara Oluştur isimli butona tıklanır: Butonlardan Numara Oluştur isimli butona tıklanır

2021-11-23 16:49:35 - [MESSAGE][PASSED] - Butonlardan Numara Oluştur isimli butona tıklanır

2021-11-23 16:49:35 - [TEST_STEP][PASSED] - Popup mesajı Devam etmek istiyor musunuz içeriyor mu: Popup mesajı Devam etmek istiyor musunuz içeriyor mu

2021-11-23 16:49:35 - [MESSAGE][PASSED] - Popup mesajı Devam etmek istiyor musunuz içeriyor mu

2021-11-23 16:49:35 - [TEST_STEP][PASSED] - Yönetim popupında Evet seçilir: Yönetim popupında Evet seçilir

2021-11-23 16:49:35 - [MESSAGE][PASSED] - Yönetim popupında Evet seçilir

2021-11-23 16:49:35 - [TEST_STEP][PASSED] - Popup mesajı oluşmuştur içeriyor mu: Popup mesajı oluşmuştur içeriyor mu

2021-11-23 16:49:35 - [MESSAGE][PASSED] - Popup mesajı oluşmuştur içeriyor mu

2021-11-23 16:49:35 - [TEST_STEP][PASSED] - Yönetim popupında Tamam seçilir: Yönetim popupında Tamam seçilir

2021-11-23 16:49:35 - [MESSAGE][PASSED] - Yönetim popupında Tamam seçilir

2021-11-23 16:49:35 - [TEST_STEP][PASSED] - Tablodan Ettn bilgisi kaydedilen veri seçilir: Tablodan Ettn bilgisi kaydedilen veri seçilir

2021-11-23 16:49:35 - [MESSAGE][PASSED] - Tablodan Ettn bilgisi kaydedilen veri seçilir

2021-11-23 16:49:35 - [TEST_STEP][PASSED] - Butonlardan Gönder isimli butona tıklanır: Butonlardan Gönder isimli butona tıklanır

2021-11-23 16:49:35 - [MESSAGE][PASSED] - Butonlardan Gönder isimli butona tıklanır

2021-11-23 16:49:35 - [TEST_STEP][PASSED] - Popup mesajı Devam etmek istiyor musunuz içeriyor mu: Popup mesajı Devam etmek istiyor musunuz içeriyor mu

2021-11-23 16:49:35 - [MESSAGE][PASSED] - Popup mesajı Devam etmek istiyor musunuz içeriyor mu

2021-11-23 16:49:35 - [TEST_STEP][PASSED] - Yönetim popupında Evet seçilir: Yönetim popupında Evet seçilir

2021-11-23 16:49:35 - [MESSAGE][PASSED] - Yönetim popupında Evet seçilir

2021-11-23 16:49:35 - [TEST_STEP][PASSED] - Ana menüden e-Arşiv seçilir: Ana menüden e-Arşiv seçilir

2021-11-23 16:49:35 - [MESSAGE][PASSED] - Ana menüden e-Arşiv seçilir

2021-11-23 16:49:35 - [TEST_STEP][PASSED] - Alt menü e-Arşiv Hareketleri başlığı altındaki e-Arşiv Faturaları seçilir: Alt menü e-Arşiv Hareketleri başlığı altındaki e-Arşiv Faturaları seçilir

2021-11-23 16:49:35 - [MESSAGE][PASSED] - Alt menü e-Arşiv Hareketleri başlığı altındaki e-Arşiv Faturaları seçilir

2021-11-23 16:49:35 - [TEST_STEP][PASSED] - Filtrelerden Ettn filtresine Ettn bilgisi yaz: Filtrelerden Ettn filtresine Ettn bilgisi yaz

2021-11-23 16:49:35 - [MESSAGE][PASSED] - Filtrelerden Ettn filtresine Ettn bilgisi yaz

2021-11-23 16:49:35 - [TEST_STEP][PASSED] - Filtre butonlarından Listele seçilir: Filtre butonlarından Listele seçilir

2021-11-23 16:49:35 - [MESSAGE][PASSED] - Filtre butonlarından Listele seçilir

2021-11-23 16:49:35 - [TEST_STEP][PASSED] - Tabloda veri var mı kontrol edilir: Tabloda veri var mı kontrol edilir

2021-11-23 16:49:35 - [MESSAGE][PASSED] - Tabloda veri var mı kontrol edilir

2021-11-23 16:49:35 - [TEST_STEP][PASSED] - Tabloda yeni oluşturulan eArsiv verisi başarılı mı: Tabloda yeni oluşturulan eArsiv verisi başarılı mı

2021-11-23 16:49:35 - [MESSAGE][PASSED] - Tabloda yeni oluşturulan eArsiv verisi başarılı mı

2021-11-23 16:49:35 - [TEST_STEP][PASSED] - Kullanıcı işlemlerinden Çıkış seçilir: Kullanıcı işlemlerinden Çıkış seçilir

2021-11-23 16:49:35 - [MESSAGE][PASSED] - Kullanıcı işlemlerinden Çıkış seçilir

2021-11-23 16:49:35 - [MESSAGE][PASSED] - Feature file: 'Include/features/Regresyon/e-Arsiv/VKN-Elektronik-Satis.feature' was passed

2021-11-23 16:49:35 - [TEST_STEP][PASSED] - Start listener action : sampleAfterTestSuite: Invoke 'com.kms.katalon.core.annotation.AfterTestCase' method: 'Listener.sampleAfterTestSuite(...)' completed.

2021-11-23 16:49:35 - [MESSAGE][INFO] - Starting invoke 'com.kms.katalon.core.annotation.AfterTestCase' method: 'Listener.sampleAfterTestSuite(...)'

2021-11-23 16:49:35 - [TEST_STEP][PASSED] - closeBrowser(): Invoke 'com.kms.katalon.core.annotation.AfterTestCase' method: 'Listener.sampleAfterTestSuite(...)' completed.

2021-11-23 16:49:35 - [MESSAGE][INFO] - Closing browser

2021-11-23 16:49:36 - [MESSAGE][PASSED] - Browser is closed

2021-11-23 16:49:36 - [MESSAGE][INFO] - Invoke 'com.kms.katalon.core.annotation.AfterTestCase' method: 'Listener.sampleAfterTestSuite(...)' completed.]]></system-out>
         <system-err><![CDATA[]]></system-err>
      </testcase>
      <testcase name="Test Cases/Case Repository/Regresyon/e-Arsiv/VKN-Elektronik-Tevkifat" time="128.865" classname="Test Cases/Case Repository/Regresyon/e-Arsiv/VKN-Elektronik-Tevkifat" status="PASSED">
         <system-out><![CDATA[2021-11-23 16:49:36 - [TEST_CASE][PASSED] - Test Cases/Case Repository/Regresyon/e-Arsiv/VKN-Elektronik-Tevkifat: Test Cases/Case Repository/Regresyon/e-Arsiv/VKN-Elektronik-Tevkifat

2021-11-23 16:49:36 - [TEST_STEP][PASSED] - Start listener action : sampleBeforeTestSuite: Invoke 'com.kms.katalon.core.annotation.BeforeTestCase' method: 'Listener.sampleBeforeTestSuite(...)' completed.

2021-11-23 16:49:36 - [MESSAGE][INFO] - Starting invoke 'com.kms.katalon.core.annotation.BeforeTestCase' method: 'Listener.sampleBeforeTestSuite(...)'

2021-11-23 16:49:36 - [TEST_STEP][PASSED] - openBrowser(baseUrl): Browser is opened with url: 'https://efatura-stage.elogo.com.tr/'

2021-11-23 16:49:36 - [MESSAGE][INFO] - Opening browser

2021-11-23 16:49:36 - [MESSAGE][INFO] - Starting 'Chrome' driver

2021-11-23 16:49:36 - [MESSAGE][INFO] - User set preference: ['prefs', '{download.default_directory=C:\otomasyondownfiles}']

2021-11-23 16:49:36 - [MESSAGE][INFO] - Action delay is set to 0 milliseconds

2021-11-23 16:49:38 - [MESSAGE][INFO] - Navigating browser to: 'https://efatura-stage.elogo.com.tr/'

2021-11-23 16:49:40 - [MESSAGE][PASSED] - Browser is opened with url: 'https://efatura-stage.elogo.com.tr/'

2021-11-23 16:49:40 - [TEST_STEP][PASSED] - maximizeWindow(): Invoke 'com.kms.katalon.core.annotation.BeforeTestCase' method: 'Listener.sampleBeforeTestSuite(...)' completed.

2021-11-23 16:49:40 - [MESSAGE][INFO] - Maximizing current window

2021-11-23 16:49:41 - [MESSAGE][PASSED] - Current window maximized

2021-11-23 16:49:41 - [MESSAGE][INFO] - Invoke 'com.kms.katalon.core.annotation.BeforeTestCase' method: 'Listener.sampleBeforeTestSuite(...)' completed.

2021-11-23 16:49:41 - [TEST_STEP][PASSED] - runFeatureFile("Include/features/Regresyon/e-Arsiv/VKN-Elektronik-Tevkifat.feature"): Feature file: 'Include/features/Regresyon/e-Arsiv/VKN-Elektronik-Tevkifat.feature' was passed

2021-11-23 16:49:41 - [MESSAGE][INFO] - Starting run keyword runFeatureFile: 'Include/features/Regresyon/e-Arsiv/VKN-Elektronik-Tevkifat.feature' and extract report to folder: 'C:\Users\DELL\Documents\GitHub\EES_KatalonLogo\Reports\20211123_163326\Suite Repository\Regresyon-eArsiv-eMakbuz\20211123_163404/cucumber_report/1637675381684'...

2021-11-23 16:49:41 - [MESSAGE][INFO] - Glue: []

2021-11-23 16:49:44 - [MESSAGE][INFO] - Checking called Test Case

2021-11-23 16:49:44 - [MESSAGE][INFO] - Starting to call Test Case 'Test Cases/Sayfalar/Giris_Sayfasi/Login'

2021-11-23 16:49:44 - [TEST_CASE][PASSED] - Test Cases/Sayfalar/Giris_Sayfasi/Login: Test Cases/Sayfalar/Giris_Sayfasi/Login

2021-11-23 16:49:44 - [TEST_STEP][PASSED] - Sayfa_Basligi = getWindowTitle(): Current window's title is: 'LOGO e-Fatura'

2021-11-23 16:49:44 - [MESSAGE][INFO] - Getting current window's title

2021-11-23 16:49:44 - [MESSAGE][PASSED] - Current window's title is: 'LOGO e-Fatura'

2021-11-23 16:49:44 - [TEST_STEP][PASSED] - verifyMatch(Sayfa_Basligi, "LOGO e-Fatura", false): Actual text 'LOGO e-Fatura' and expected text 'LOGO e-Fatura' are matched 

2021-11-23 16:49:44 - [MESSAGE][INFO] - Matching actual text 'LOGO e-Fatura' with expected text 'LOGO e-Fatura'

2021-11-23 16:49:44 - [MESSAGE][PASSED] - Actual text 'LOGO e-Fatura' and expected text 'LOGO e-Fatura' are matched 

2021-11-23 16:49:44 - [TEST_STEP][PASSED] - sendKeys(findTestObject("Sayfalar/Giris_Sayfasi/Firma_Kodu"), KullaniciAdi): Keys 'EARTEVKIFAT' sent to object: 'Object Repository/Sayfalar/Giris_Sayfasi/Firma_Kodu'

2021-11-23 16:49:44 - [MESSAGE][INFO] - Finding Test Object 'Object Repository/Sayfalar/Giris_Sayfasi/Firma_Kodu'

2021-11-23 16:49:44 - [MESSAGE][INFO] - Sending keys 'EARTEVKIFAT' to object: 'Object Repository/Sayfalar/Giris_Sayfasi/Firma_Kodu'

2021-11-23 16:49:44 - [MESSAGE][INFO] - Finding web element from Test Object's properties

2021-11-23 16:49:44 - [MESSAGE][INFO] - Checking timeout

2021-11-23 16:49:44 - [MESSAGE][INFO] - Finding web element with id: 'Object Repository/Sayfalar/Giris_Sayfasi/Firma_Kodu' located by 'By.xpath: //*[@id = 'AccountName']' in '30' second(s)

2021-11-23 16:49:44 - [MESSAGE][INFO] - Smart Wait Function is triggered

2021-11-23 16:49:45 - [MESSAGE][INFO] - Found 1 web elements with id: 'Object Repository/Sayfalar/Giris_Sayfasi/Firma_Kodu' located by 'By.xpath: //*[@id = 'AccountName']' in '30' second(s)

2021-11-23 16:49:45 - [MESSAGE][PASSED] - Keys 'EARTEVKIFAT' sent to object: 'Object Repository/Sayfalar/Giris_Sayfasi/Firma_Kodu'

2021-11-23 16:49:45 - [TEST_STEP][PASSED] - sendKeys(findTestObject("Sayfalar/Giris_Sayfasi/Sifre"), Sifre): Keys 'test1234' sent to object: 'Object Repository/Sayfalar/Giris_Sayfasi/Sifre'

2021-11-23 16:49:45 - [MESSAGE][INFO] - Finding Test Object 'Object Repository/Sayfalar/Giris_Sayfasi/Sifre'

2021-11-23 16:49:45 - [MESSAGE][INFO] - Sending keys 'test1234' to object: 'Object Repository/Sayfalar/Giris_Sayfasi/Sifre'

2021-11-23 16:49:45 - [MESSAGE][INFO] - Finding web element from Test Object's properties

2021-11-23 16:49:45 - [MESSAGE][INFO] - Checking timeout

2021-11-23 16:49:45 - [MESSAGE][INFO] - Finding web element with id: 'Object Repository/Sayfalar/Giris_Sayfasi/Sifre' located by 'By.xpath: //*[@id = 'Password']' in '30' second(s)

2021-11-23 16:49:45 - [MESSAGE][INFO] - Smart Wait Function is triggered

2021-11-23 16:49:45 - [MESSAGE][INFO] - Found 1 web elements with id: 'Object Repository/Sayfalar/Giris_Sayfasi/Sifre' located by 'By.xpath: //*[@id = 'Password']' in '30' second(s)

2021-11-23 16:49:45 - [MESSAGE][PASSED] - Keys 'test1234' sent to object: 'Object Repository/Sayfalar/Giris_Sayfasi/Sifre'

2021-11-23 16:49:45 - [TEST_STEP][PASSED] - findWebElement(findTestObject("Sayfalar/Giris_Sayfasi/Giris_Butonu")).click(): Found 1 web elements with id: 'Object Repository/Sayfalar/Giris_Sayfasi/Giris_Butonu' located by 'By.cssSelector: #btnLogin' in '30' second(s)

2021-11-23 16:49:45 - [MESSAGE][INFO] - Finding Test Object 'Object Repository/Sayfalar/Giris_Sayfasi/Giris_Butonu'

2021-11-23 16:49:46 - [MESSAGE][INFO] - Finding web element from Test Object's properties

2021-11-23 16:49:46 - [MESSAGE][INFO] - Checking timeout

2021-11-23 16:49:46 - [MESSAGE][INFO] - Finding web element with id: 'Object Repository/Sayfalar/Giris_Sayfasi/Giris_Butonu' located by 'By.cssSelector: #btnLogin' in '30' second(s)

2021-11-23 16:49:46 - [MESSAGE][INFO] - Smart Wait Function is triggered

2021-11-23 16:49:46 - [MESSAGE][INFO] - Found 1 web elements with id: 'Object Repository/Sayfalar/Giris_Sayfasi/Giris_Butonu' located by 'By.cssSelector: #btnLogin' in '30' second(s)

2021-11-23 16:49:47 - [TEST_STEP][PASSED] - if (verifyElementPresent(findTestObject("Object Repository/Sayfalar/Giris_Sayfasi/RetveTamam_Butonu"), 5, OPTIONAL)): null

2021-11-23 16:49:47 - [MESSAGE][INFO] - Finding Test Object 'Object Repository/Sayfalar/Giris_Sayfasi/RetveTamam_Butonu'

2021-11-23 16:49:47 - [MESSAGE][INFO] - Checking object

2021-11-23 16:49:47 - [MESSAGE][INFO] - Finding web element from Test Object's properties

2021-11-23 16:49:47 - [MESSAGE][INFO] - Checking timeout

2021-11-23 16:49:47 - [MESSAGE][INFO] - Finding web element with id: 'Object Repository/Sayfalar/Giris_Sayfasi/RetveTamam_Butonu' located by 'By.xpath: //*[@class = 'btn btn-default']' in '5' second(s)

2021-11-23 16:49:47 - [MESSAGE][INFO] - Smart Wait Function is triggered

2021-11-23 16:49:48 - [MESSAGE][INFO] - Found 1 web elements with id: 'Object Repository/Sayfalar/Giris_Sayfasi/RetveTamam_Butonu' located by 'By.xpath: //*[@class = 'btn btn-default']' in '5' second(s)

2021-11-23 16:49:48 - [MESSAGE][PASSED] - Object 'Object Repository/Sayfalar/Giris_Sayfasi/RetveTamam_Butonu' is present

2021-11-23 16:49:48 - [TEST_STEP][PASSED] - click(findTestObject("Object Repository/Sayfalar/Giris_Sayfasi/RetveTamam_Butonu")): Object: 'Object Repository/Sayfalar/Giris_Sayfasi/RetveTamam_Butonu' is clicked on

2021-11-23 16:49:48 - [MESSAGE][INFO] - Finding Test Object 'Object Repository/Sayfalar/Giris_Sayfasi/RetveTamam_Butonu'

2021-11-23 16:49:48 - [MESSAGE][INFO] - Checking object

2021-11-23 16:49:48 - [MESSAGE][INFO] - Finding web element from Test Object's properties

2021-11-23 16:49:48 - [MESSAGE][INFO] - Checking timeout

2021-11-23 16:49:48 - [MESSAGE][INFO] - Finding web element with id: 'Object Repository/Sayfalar/Giris_Sayfasi/RetveTamam_Butonu' located by 'By.xpath: //*[@class = 'btn btn-default']' in '30' second(s)

2021-11-23 16:49:48 - [MESSAGE][INFO] - Smart Wait Function is triggered

2021-11-23 16:49:48 - [MESSAGE][INFO] - Found 1 web elements with id: 'Object Repository/Sayfalar/Giris_Sayfasi/RetveTamam_Butonu' located by 'By.xpath: //*[@class = 'btn btn-default']' in '30' second(s)

2021-11-23 16:49:48 - [MESSAGE][INFO] - Clicking on object: 'Object Repository/Sayfalar/Giris_Sayfasi/RetveTamam_Butonu'

2021-11-23 16:49:48 - [MESSAGE][PASSED] - Object: 'Object Repository/Sayfalar/Giris_Sayfasi/RetveTamam_Butonu' is clicked on

2021-11-23 16:49:48 - [TEST_STEP][PASSED] - click(findTestObject("Object Repository/Sayfalar/Giris_Sayfasi/RetveTamam_Butonu")): Object: 'Object Repository/Sayfalar/Giris_Sayfasi/RetveTamam_Butonu' is clicked on

2021-11-23 16:49:48 - [MESSAGE][INFO] - Finding Test Object 'Object Repository/Sayfalar/Giris_Sayfasi/RetveTamam_Butonu'

2021-11-23 16:49:48 - [MESSAGE][INFO] - Checking object

2021-11-23 16:49:48 - [MESSAGE][INFO] - Finding web element from Test Object's properties

2021-11-23 16:49:48 - [MESSAGE][INFO] - Checking timeout

2021-11-23 16:49:48 - [MESSAGE][INFO] - Finding web element with id: 'Object Repository/Sayfalar/Giris_Sayfasi/RetveTamam_Butonu' located by 'By.xpath: //*[@class = 'btn btn-default']' in '30' second(s)

2021-11-23 16:49:48 - [MESSAGE][INFO] - Smart Wait Function is triggered

2021-11-23 16:49:51 - [MESSAGE][INFO] - Found 1 web elements with id: 'Object Repository/Sayfalar/Giris_Sayfasi/RetveTamam_Butonu' located by 'By.xpath: //*[@class = 'btn btn-default']' in '30' second(s)

2021-11-23 16:49:51 - [MESSAGE][INFO] - Clicking on object: 'Object Repository/Sayfalar/Giris_Sayfasi/RetveTamam_Butonu'

2021-11-23 16:49:51 - [MESSAGE][PASSED] - Object: 'Object Repository/Sayfalar/Giris_Sayfasi/RetveTamam_Butonu' is clicked on

2021-11-23 16:49:51 - [TEST_STEP][PASSED] - if (verifyElementPresent(findTestObject("Sayfalar/Giris_Sayfasi/PopupOK"), 5, OPTIONAL)): com.kms.katalon.core.webui.exception.WebElementNotFoundException: Web element with id: 'Object Repository/Sayfalar/Giris_Sayfasi/PopupOK' located by '.btn.btn-success' not found (Root cause: com.kms.katalon.core.exception.StepFailedException: com.kms.katalon.core.webui.exception.WebElementNotFoundException: Web element with id: 'Object Repository/Sayfalar/Giris_Sayfasi/PopupOK' located by '.btn.btn-success' not found
	at com.kms.katalon.core.webui.keyword.internal.WebUIKeywordMain.stepFailed(WebUIKeywordMain.groovy:64)
	at com.kms.katalon.core.webui.keyword.builtin.VerifyElementPresentKeyword$_verifyElementPresent_closure1.doCall(VerifyElementPresentKeyword.groovy:85)
	at com.kms.katalon.core.webui.keyword.builtin.VerifyElementPresentKeyword$_verifyElementPresent_closure1.call(VerifyElementPresentKeyword.groovy)
	at com.kms.katalon.core.webui.keyword.internal.WebUIKeywordMain.runKeyword(WebUIKeywordMain.groovy:20)
	at com.kms.katalon.core.webui.keyword.builtin.VerifyElementPresentKeyword.verifyElementPresent(VerifyElementPresentKeyword.groovy:92)
	at com.kms.katalon.core.webui.keyword.builtin.VerifyElementPresentKeyword.execute(VerifyElementPresentKeyword.groovy:68)
	at com.kms.katalon.core.keyword.internal.KeywordExecutor.executeKeywordForPlatform(KeywordExecutor.groovy:73)
	at com.kms.katalon.core.webui.keyword.WebUiBuiltInKeywords.verifyElementPresent(WebUiBuiltInKeywords.groovy:1448)
	at com.kms.katalon.core.webui.keyword.WebUiBuiltInKeywords$verifyElementPresent$4.call(Unknown Source)
	at Login.run(Login:40)
	at com.kms.katalon.core.main.ScriptEngine.run(ScriptEngine.java:194)
	at com.kms.katalon.core.main.ScriptEngine.runScriptAsRawText(ScriptEngine.java:119)
	at com.kms.katalon.core.main.TestCaseExecutor.runScript(TestCaseExecutor.java:369)
	at com.kms.katalon.core.main.TestCaseExecutor.doExecute(TestCaseExecutor.java:360)
	at com.kms.katalon.core.main.TestCaseExecutor.processExecutionPhase(TestCaseExecutor.java:339)
	at com.kms.katalon.core.main.TestCaseExecutor.accessMainPhase(TestCaseExecutor.java:331)
	at com.kms.katalon.core.main.TestCaseExecutor.execute(TestCaseExecutor.java:248)
	at com.kms.katalon.core.main.TestCaseMain.runTestCase(TestCaseMain.java:138)
	at com.kms.katalon.core.keyword.builtin.CallTestCaseKeyword$_callTestCase_closure1.doCall(CallTestCaseKeyword.groovy:59)
	at com.kms.katalon.core.keyword.builtin.CallTestCaseKeyword$_callTestCase_closure1.call(CallTestCaseKeyword.groovy)
	at com.kms.katalon.core.keyword.internal.KeywordMain.runKeyword(KeywordMain.groovy:68)
	at com.kms.katalon.core.keyword.builtin.CallTestCaseKeyword.callTestCase(CallTestCaseKeyword.groovy:81)
	at com.kms.katalon.core.keyword.builtin.CallTestCaseKeyword.execute(CallTestCaseKeyword.groovy:44)
	at com.kms.katalon.core.keyword.internal.KeywordExecutor.executeKeywordForPlatform(KeywordExecutor.groovy:73)
	at com.kms.katalon.core.keyword.BuiltinKeywords.callTestCase(BuiltinKeywords.groovy:334)
	at sayfalar.girisSayfasi.login(girisSayfasi.groovy:50)
	at cucumber.runtime.Utils$1.call(Utils.java:26)
	at cucumber.runtime.Timeout.timeout(Timeout.java:16)
	at cucumber.runtime.Utils.invoke(Utils.java:20)
	at cucumber.runtime.java.JavaStepDefinition.execute(JavaStepDefinition.java:49)
	at cucumber.runner.PickleStepDefinitionMatch.runStep(PickleStepDefinitionMatch.java:50)
	at cucumber.runner.TestStep.executeStep(TestStep.java:63)
	at cucumber.runner.TestStep.run(TestStep.java:49)
	at cucumber.runner.PickleStepTestStep.run(PickleStepTestStep.java:43)
	at cucumber.runner.TestCase.run(TestCase.java:44)
	at cucumber.runner.Runner.runPickle(Runner.java:40)
	at cucumber.runtime.Runtime$1.run(Runtime.java:84)
	at cucumber.runtime.Runtime$SameThreadExecutorService.execute(Runtime.java:220)
	at cucumber.runtime.Runtime.run(Runtime.java:81)
	at cucumber.api.cli.Main.run(Main.java:26)
	at cucumber.api.cli.Main$run.call(Unknown Source)
	at com.kms.katalon.core.cucumber.keyword.CucumberBuiltinKeywords$_runFeatureFile_closure1.doCall(CucumberBuiltinKeywords.groovy:106)
	at com.kms.katalon.core.cucumber.keyword.CucumberBuiltinKeywords$_runFeatureFile_closure1.doCall(CucumberBuiltinKeywords.groovy)
	at com.kms.katalon.core.keyword.internal.KeywordMain.runKeyword(KeywordMain.groovy:68)
	at com.kms.katalon.core.keyword.internal.KeywordMain$runKeyword.call(Unknown Source)
	at com.kms.katalon.core.cucumber.keyword.CucumberBuiltinKeywords.runFeatureFile(CucumberBuiltinKeywords.groovy:73)
	at com.kms.katalon.core.cucumber.keyword.CucumberBuiltinKeywords$runFeatureFile$0.callStatic(Unknown Source)
	at com.kms.katalon.core.cucumber.keyword.CucumberBuiltinKeywords.runFeatureFile(CucumberBuiltinKeywords.groovy:246)
	at com.kms.katalon.core.cucumber.keyword.CucumberBuiltinKeywords$runFeatureFile.call(Unknown Source)
	at VKN-Elektronik-Tevkifat.run(VKN-Elektronik-Tevkifat:19)
	at com.kms.katalon.core.main.ScriptEngine.run(ScriptEngine.java:194)
	at com.kms.katalon.core.main.ScriptEngine.runScriptAsRawText(ScriptEngine.java:119)
	at com.kms.katalon.core.main.TestCaseExecutor.runScript(TestCaseExecutor.java:369)
	at com.kms.katalon.core.main.TestCaseExecutor.doExecute(TestCaseExecutor.java:360)
	at com.kms.katalon.core.main.TestCaseExecutor.processExecutionPhase(TestCaseExecutor.java:339)
	at com.kms.katalon.core.main.TestCaseExecutor.accessMainPhase(TestCaseExecutor.java:331)
	at com.kms.katalon.core.main.TestCaseExecutor.execute(TestCaseExecutor.java:248)
	at com.kms.katalon.core.main.TestSuiteExecutor.accessTestCaseMainPhase(TestSuiteExecutor.java:191)
	at com.kms.katalon.core.main.TestSuiteExecutor.accessTestSuiteMainPhase(TestSuiteExecutor.java:140)
	at com.kms.katalon.core.main.TestSuiteExecutor.execute(TestSuiteExecutor.java:89)
	at com.kms.katalon.core.main.TestCaseMain.startTestSuite(TestCaseMain.java:181)
	at com.kms.katalon.core.main.TestCaseMain$startTestSuite$0.call(Unknown Source)
	at TempTestSuite1637674444414.run(TempTestSuite1637674444414.groovy:39)
)

2021-11-23 16:49:51 - [MESSAGE][INFO] - Finding Test Object 'Object Repository/Sayfalar/Giris_Sayfasi/PopupOK'

2021-11-23 16:49:51 - [MESSAGE][INFO] - Checking object

2021-11-23 16:49:51 - [MESSAGE][INFO] - Finding web element from Test Object's properties

2021-11-23 16:49:51 - [MESSAGE][INFO] - Checking timeout

2021-11-23 16:49:51 - [MESSAGE][INFO] - Finding web element with id: 'Object Repository/Sayfalar/Giris_Sayfasi/PopupOK' located by 'By.cssSelector: .btn.btn-success' in '5' second(s)

2021-11-23 16:49:51 - [MESSAGE][INFO] - Smart Wait Function is triggered

2021-11-23 16:49:52 - [MESSAGE][INFO] - Smart Wait Function is triggered

2021-11-23 16:49:52 - [MESSAGE][INFO] - Smart Wait Function is triggered

2021-11-23 16:49:53 - [MESSAGE][INFO] - Smart Wait Function is triggered

2021-11-23 16:49:53 - [MESSAGE][INFO] - Smart Wait Function is triggered

2021-11-23 16:49:53 - [MESSAGE][INFO] - Smart Wait Function is triggered

2021-11-23 16:49:54 - [MESSAGE][INFO] - Smart Wait Function is triggered

2021-11-23 16:49:54 - [MESSAGE][INFO] - Smart Wait Function is triggered

2021-11-23 16:49:54 - [MESSAGE][INFO] - Smart Wait Function is triggered

2021-11-23 16:49:54 - [MESSAGE][INFO] - Smart Wait Function is triggered

2021-11-23 16:49:55 - [MESSAGE][INFO] - Smart Wait Function is triggered

2021-11-23 16:49:55 - [MESSAGE][INFO] - Smart Wait Function is triggered

2021-11-23 16:49:55 - [MESSAGE][INFO] - Smart Wait Function is triggered

2021-11-23 16:49:55 - [MESSAGE][INFO] - Smart Wait Function is triggered

2021-11-23 16:49:56 - [MESSAGE][INFO] - Smart Wait Function is triggered

2021-11-23 16:49:56 - [MESSAGE][INFO] - Smart Wait Function is triggered

2021-11-23 16:49:56 - [MESSAGE][INFO] - Smart Wait Function is triggered

2021-11-23 16:49:57 - [MESSAGE][INFO] - Smart Wait Function is triggered

2021-11-23 16:49:57 - [MESSAGE][INFO] - Smart Wait Function is triggered

2021-11-23 16:49:57 - [MESSAGE][INFO] - Smart Wait Function is triggered

2021-11-23 16:49:57 - [MESSAGE][INFO] - Smart Wait Function is triggered

2021-11-23 16:49:58 - [MESSAGE][INFO] - Unable to find the element located by 'By.cssSelector: .btn.btn-success'. Please recheck the objects properties to make sure the desired element is located. 

2021-11-23 16:49:58 - [MESSAGE][WARNING] - com.kms.katalon.core.webui.exception.WebElementNotFoundException: Web element with id: 'Object Repository/Sayfalar/Giris_Sayfasi/PopupOK' located by '.btn.btn-success' not found (Root cause: com.kms.katalon.core.exception.StepFailedException: com.kms.katalon.core.webui.exception.WebElementNotFoundException: Web element with id: 'Object Repository/Sayfalar/Giris_Sayfasi/PopupOK' located by '.btn.btn-success' not found
	at com.kms.katalon.core.webui.keyword.internal.WebUIKeywordMain.stepFailed(WebUIKeywordMain.groovy:64)
	at com.kms.katalon.core.webui.keyword.builtin.VerifyElementPresentKeyword$_verifyElementPresent_closure1.doCall(VerifyElementPresentKeyword.groovy:85)
	at com.kms.katalon.core.webui.keyword.builtin.VerifyElementPresentKeyword$_verifyElementPresent_closure1.call(VerifyElementPresentKeyword.groovy)
	at com.kms.katalon.core.webui.keyword.internal.WebUIKeywordMain.runKeyword(WebUIKeywordMain.groovy:20)
	at com.kms.katalon.core.webui.keyword.builtin.VerifyElementPresentKeyword.verifyElementPresent(VerifyElementPresentKeyword.groovy:92)
	at com.kms.katalon.core.webui.keyword.builtin.VerifyElementPresentKeyword.execute(VerifyElementPresentKeyword.groovy:68)
	at com.kms.katalon.core.keyword.internal.KeywordExecutor.executeKeywordForPlatform(KeywordExecutor.groovy:73)
	at com.kms.katalon.core.webui.keyword.WebUiBuiltInKeywords.verifyElementPresent(WebUiBuiltInKeywords.groovy:1448)
	at com.kms.katalon.core.webui.keyword.WebUiBuiltInKeywords$verifyElementPresent$4.call(Unknown Source)
	at Login.run(Login:40)
	at com.kms.katalon.core.main.ScriptEngine.run(ScriptEngine.java:194)
	at com.kms.katalon.core.main.ScriptEngine.runScriptAsRawText(ScriptEngine.java:119)
	at com.kms.katalon.core.main.TestCaseExecutor.runScript(TestCaseExecutor.java:369)
	at com.kms.katalon.core.main.TestCaseExecutor.doExecute(TestCaseExecutor.java:360)
	at com.kms.katalon.core.main.TestCaseExecutor.processExecutionPhase(TestCaseExecutor.java:339)
	at com.kms.katalon.core.main.TestCaseExecutor.accessMainPhase(TestCaseExecutor.java:331)
	at com.kms.katalon.core.main.TestCaseExecutor.execute(TestCaseExecutor.java:248)
	at com.kms.katalon.core.main.TestCaseMain.runTestCase(TestCaseMain.java:138)
	at com.kms.katalon.core.keyword.builtin.CallTestCaseKeyword$_callTestCase_closure1.doCall(CallTestCaseKeyword.groovy:59)
	at com.kms.katalon.core.keyword.builtin.CallTestCaseKeyword$_callTestCase_closure1.call(CallTestCaseKeyword.groovy)
	at com.kms.katalon.core.keyword.internal.KeywordMain.runKeyword(KeywordMain.groovy:68)
	at com.kms.katalon.core.keyword.builtin.CallTestCaseKeyword.callTestCase(CallTestCaseKeyword.groovy:81)
	at com.kms.katalon.core.keyword.builtin.CallTestCaseKeyword.execute(CallTestCaseKeyword.groovy:44)
	at com.kms.katalon.core.keyword.internal.KeywordExecutor.executeKeywordForPlatform(KeywordExecutor.groovy:73)
	at com.kms.katalon.core.keyword.BuiltinKeywords.callTestCase(BuiltinKeywords.groovy:334)
	at sayfalar.girisSayfasi.login(girisSayfasi.groovy:50)
	at cucumber.runtime.Utils$1.call(Utils.java:26)
	at cucumber.runtime.Timeout.timeout(Timeout.java:16)
	at cucumber.runtime.Utils.invoke(Utils.java:20)
	at cucumber.runtime.java.JavaStepDefinition.execute(JavaStepDefinition.java:49)
	at cucumber.runner.PickleStepDefinitionMatch.runStep(PickleStepDefinitionMatch.java:50)
	at cucumber.runner.TestStep.executeStep(TestStep.java:63)
	at cucumber.runner.TestStep.run(TestStep.java:49)
	at cucumber.runner.PickleStepTestStep.run(PickleStepTestStep.java:43)
	at cucumber.runner.TestCase.run(TestCase.java:44)
	at cucumber.runner.Runner.runPickle(Runner.java:40)
	at cucumber.runtime.Runtime$1.run(Runtime.java:84)
	at cucumber.runtime.Runtime$SameThreadExecutorService.execute(Runtime.java:220)
	at cucumber.runtime.Runtime.run(Runtime.java:81)
	at cucumber.api.cli.Main.run(Main.java:26)
	at cucumber.api.cli.Main$run.call(Unknown Source)
	at com.kms.katalon.core.cucumber.keyword.CucumberBuiltinKeywords$_runFeatureFile_closure1.doCall(CucumberBuiltinKeywords.groovy:106)
	at com.kms.katalon.core.cucumber.keyword.CucumberBuiltinKeywords$_runFeatureFile_closure1.doCall(CucumberBuiltinKeywords.groovy)
	at com.kms.katalon.core.keyword.internal.KeywordMain.runKeyword(KeywordMain.groovy:68)
	at com.kms.katalon.core.keyword.internal.KeywordMain$runKeyword.call(Unknown Source)
	at com.kms.katalon.core.cucumber.keyword.CucumberBuiltinKeywords.runFeatureFile(CucumberBuiltinKeywords.groovy:73)
	at com.kms.katalon.core.cucumber.keyword.CucumberBuiltinKeywords$runFeatureFile$0.callStatic(Unknown Source)
	at com.kms.katalon.core.cucumber.keyword.CucumberBuiltinKeywords.runFeatureFile(CucumberBuiltinKeywords.groovy:246)
	at com.kms.katalon.core.cucumber.keyword.CucumberBuiltinKeywords$runFeatureFile.call(Unknown Source)
	at VKN-Elektronik-Tevkifat.run(VKN-Elektronik-Tevkifat:19)
	at com.kms.katalon.core.main.ScriptEngine.run(ScriptEngine.java:194)
	at com.kms.katalon.core.main.ScriptEngine.runScriptAsRawText(ScriptEngine.java:119)
	at com.kms.katalon.core.main.TestCaseExecutor.runScript(TestCaseExecutor.java:369)
	at com.kms.katalon.core.main.TestCaseExecutor.doExecute(TestCaseExecutor.java:360)
	at com.kms.katalon.core.main.TestCaseExecutor.processExecutionPhase(TestCaseExecutor.java:339)
	at com.kms.katalon.core.main.TestCaseExecutor.accessMainPhase(TestCaseExecutor.java:331)
	at com.kms.katalon.core.main.TestCaseExecutor.execute(TestCaseExecutor.java:248)
	at com.kms.katalon.core.main.TestSuiteExecutor.accessTestCaseMainPhase(TestSuiteExecutor.java:191)
	at com.kms.katalon.core.main.TestSuiteExecutor.accessTestSuiteMainPhase(TestSuiteExecutor.java:140)
	at com.kms.katalon.core.main.TestSuiteExecutor.execute(TestSuiteExecutor.java:89)
	at com.kms.katalon.core.main.TestCaseMain.startTestSuite(TestCaseMain.java:181)
	at com.kms.katalon.core.main.TestCaseMain$startTestSuite$0.call(Unknown Source)
	at TempTestSuite1637674444414.run(TempTestSuite1637674444414.groovy:39)
)

2021-11-23 16:49:58 - [TEST_STEP][PASSED] - verifyElementVisible(findTestObject("Object Repository/Kullanici_Islemleri/KullaniciIslemleri")): Object 'Object Repository/Kullanici_Islemleri/KullaniciIslemleri' is visible

2021-11-23 16:49:58 - [MESSAGE][INFO] - Finding Test Object 'Object Repository/Kullanici_Islemleri/KullaniciIslemleri'

2021-11-23 16:49:58 - [MESSAGE][INFO] - Checking object

2021-11-23 16:49:58 - [MESSAGE][INFO] - Finding web element from Test Object's properties

2021-11-23 16:49:58 - [MESSAGE][INFO] - Checking timeout

2021-11-23 16:49:58 - [MESSAGE][INFO] - Finding web element with id: 'Object Repository/Kullanici_Islemleri/KullaniciIslemleri' located by 'By.cssSelector: .dropdown>a>img' in '30' second(s)

2021-11-23 16:49:58 - [MESSAGE][INFO] - Smart Wait Function is triggered

2021-11-23 16:49:58 - [MESSAGE][INFO] - Found 1 web elements with id: 'Object Repository/Kullanici_Islemleri/KullaniciIslemleri' located by 'By.cssSelector: .dropdown>a>img' in '30' second(s)

2021-11-23 16:49:58 - [MESSAGE][PASSED] - Object 'Object Repository/Kullanici_Islemleri/KullaniciIslemleri' is visible

2021-11-23 16:49:58 - [MESSAGE][PASSED] - Call Test Case 'Test Cases/Sayfalar/Giris_Sayfasi/Login' successfully

2021-11-23 16:49:58 - [MESSAGE][INFO] - Checking called Test Case

2021-11-23 16:49:58 - [MESSAGE][INFO] - Starting to call Test Case 'Test Cases/Menu/AnaMenuSecimi'

2021-11-23 16:49:58 - [TEST_CASE][PASSED] - Test Cases/Menu/AnaMenuSecimi: Test Cases/Menu/AnaMenuSecimi

2021-11-23 16:49:58 - [TEST_STEP][PASSED] - Method.TextDegerineEsitElementeTikla(findTestObject("Menu/Ana_Menu"), Ana_Menu): Method.TextDegerineEsitElementeTikla is PASSED

2021-11-23 16:49:58 - [MESSAGE][INFO] - Finding Test Object 'Object Repository/Menu/Ana_Menu'

2021-11-23 16:49:58 - [MESSAGE][INFO] - Checking timeout

2021-11-23 16:49:58 - [MESSAGE][INFO] - Finding web element with id: 'Object Repository/Menu/Ana_Menu' located by 'By.xpath: //*[@class = 'dropdown-toggle']' in '10' second(s)

2021-11-23 16:49:58 - [MESSAGE][INFO] - Smart Wait Function is triggered

2021-11-23 16:49:58 - [MESSAGE][INFO] - Found 13 web elements with id: 'Object Repository/Menu/Ana_Menu' located by 'By.xpath: //*[@class = 'dropdown-toggle']' in '10' second(s)

2021-11-23 16:49:59 - [MESSAGE][PASSED] - Method.TextDegerineEsitElementeTikla is PASSED

2021-11-23 16:49:59 - [MESSAGE][PASSED] - Call Test Case 'Test Cases/Menu/AnaMenuSecimi' successfully

2021-11-23 16:49:59 - [MESSAGE][INFO] - Checking called Test Case

2021-11-23 16:49:59 - [MESSAGE][INFO] - Starting to call Test Case 'Test Cases/Menu/BasligaGoreAltMenuSecimi'

2021-11-23 16:49:59 - [TEST_CASE][PASSED] - Test Cases/Menu/BasligaGoreAltMenuSecimi: Test Cases/Menu/BasligaGoreAltMenuSecimi

2021-11-23 16:49:59 - [TEST_STEP][PASSED] - Method.TextDegerineEsitElementinAltindakiTextDegerineEsitOlanaTikla(findTestObject("Menu/Menu_Basligi"), findTestObject("Menu/Basliga_Gore_Alt_Menu"), Baslik, Alt_Menu): Method.TextDegerineEsitElementinAltindakiTextDegerineEsitOlanaTikla is PASSED

2021-11-23 16:49:59 - [MESSAGE][INFO] - Finding Test Object 'Object Repository/Menu/Menu_Basligi'

2021-11-23 16:49:59 - [MESSAGE][INFO] - Finding Test Object 'Object Repository/Menu/Basliga_Gore_Alt_Menu'

2021-11-23 16:49:59 - [MESSAGE][INFO] - Checking timeout

2021-11-23 16:49:59 - [MESSAGE][INFO] - Finding web element with id: 'Object Repository/Menu/Menu_Basligi' located by 'By.xpath: //li[@class='dropdown dropdown-large open']//li[@class='dropdown-header']' in '10' second(s)

2021-11-23 16:49:59 - [MESSAGE][INFO] - Smart Wait Function is triggered

2021-11-23 16:49:59 - [MESSAGE][INFO] - Found 2 web elements with id: 'Object Repository/Menu/Menu_Basligi' located by 'By.xpath: //li[@class='dropdown dropdown-large open']//li[@class='dropdown-header']' in '10' second(s)

2021-11-23 16:49:59 - [MESSAGE][INFO] - Smart Wait Function is triggered

2021-11-23 16:50:01 - [MESSAGE][PASSED] - Method.TextDegerineEsitElementinAltindakiTextDegerineEsitOlanaTikla is PASSED

2021-11-23 16:50:01 - [MESSAGE][PASSED] - Call Test Case 'Test Cases/Menu/BasligaGoreAltMenuSecimi' successfully

2021-11-23 16:50:01 - [MESSAGE][INFO] - Checking called Test Case

2021-11-23 16:50:01 - [MESSAGE][INFO] - Starting to call Test Case 'Test Cases/Tablo/Olusturma Tarihi'

2021-11-23 16:50:01 - [TEST_CASE][PASSED] - Test Cases/Tablo/Olusturma Tarihi: Test Cases/Tablo/Olusturma Tarihi

2021-11-23 16:50:01 - [TEST_STEP][PASSED] - if (verifyTextNotPresent("Görüntülenecek veri yok", true, OPTIONAL)): null

2021-11-23 16:50:01 - [MESSAGE][INFO] - Checking text present  using regular expression

2021-11-23 16:50:01 - [MESSAGE][INFO] - Smart Wait Function is triggered

2021-11-23 16:50:02 - [MESSAGE][INFO] - Finding text 'Görüntülenecek veri yok' on page  using regular expression

2021-11-23 16:50:02 - [MESSAGE][PASSED] - Text 'Görüntülenecek veri yok' is not present on page using regular expression

2021-11-23 16:50:02 - [TEST_STEP][PASSED] - click(findTestObject("Temizle/Olusturma_Tarihi_CheckBox")): Object: 'Object Repository/Temizle/Olusturma_Tarihi_CheckBox' is clicked on

2021-11-23 16:50:02 - [MESSAGE][INFO] - Finding Test Object 'Object Repository/Temizle/Olusturma_Tarihi_CheckBox'

2021-11-23 16:50:02 - [MESSAGE][INFO] - Checking object

2021-11-23 16:50:02 - [MESSAGE][INFO] - Finding web element from Test Object's properties

2021-11-23 16:50:02 - [MESSAGE][INFO] - Checking timeout

2021-11-23 16:50:02 - [MESSAGE][INFO] - Finding web element with id: 'Object Repository/Temizle/Olusturma_Tarihi_CheckBox' located by 'By.xpath: //*[@title = 'Bu sayfadaki tüm satırları Seç']' in '30' second(s)

2021-11-23 16:50:02 - [MESSAGE][INFO] - Smart Wait Function is triggered

2021-11-23 16:50:02 - [MESSAGE][INFO] - Found 1 web elements with id: 'Object Repository/Temizle/Olusturma_Tarihi_CheckBox' located by 'By.xpath: //*[@title = 'Bu sayfadaki tüm satırları Seç']' in '30' second(s)

2021-11-23 16:50:02 - [MESSAGE][INFO] - Clicking on object: 'Object Repository/Temizle/Olusturma_Tarihi_CheckBox'

2021-11-23 16:50:02 - [MESSAGE][PASSED] - Object: 'Object Repository/Temizle/Olusturma_Tarihi_CheckBox' is clicked on

2021-11-23 16:50:02 - [TEST_STEP][PASSED] - Method.TextDegerineEsitElementeTiklaEquals(findTestObject("Butonlar/Butonlar"), "Sil"): Method.TextDegerineEsitElementeTiklaEquals is PASSED

2021-11-23 16:50:02 - [MESSAGE][INFO] - Finding Test Object 'Object Repository/Butonlar/Butonlar'

2021-11-23 16:50:02 - [MESSAGE][INFO] - Checking timeout

2021-11-23 16:50:02 - [MESSAGE][INFO] - Finding web element with id: 'Object Repository/Butonlar/Butonlar' located by 'By.cssSelector: .panel.panel-default.text-center.footerPanel .btn,.btn.btn-primary.btnControls' in '10' second(s)

2021-11-23 16:50:02 - [MESSAGE][INFO] - Smart Wait Function is triggered

2021-11-23 16:50:03 - [MESSAGE][INFO] - Found 9 web elements with id: 'Object Repository/Butonlar/Butonlar' located by 'By.cssSelector: .panel.panel-default.text-center.footerPanel .btn,.btn.btn-primary.btnControls' in '10' second(s)

2021-11-23 16:50:03 - [MESSAGE][PASSED] - Method.TextDegerineEsitElementeTiklaEquals is PASSED

2021-11-23 16:50:03 - [TEST_STEP][PASSED] - Method.TextDegerineEsitElementeTikla(findTestObject("Popup/Popup_Butons"), "Evet"): Method.TextDegerineEsitElementeTikla is PASSED

2021-11-23 16:50:03 - [MESSAGE][INFO] - Finding Test Object 'Object Repository/Popup/Popup_Butons'

2021-11-23 16:50:03 - [MESSAGE][INFO] - Checking timeout

2021-11-23 16:50:03 - [MESSAGE][INFO] - Finding web element with id: 'Object Repository/Popup/Popup_Butons' located by 'By.cssSelector: .modal-footer>button' in '10' second(s)

2021-11-23 16:50:03 - [MESSAGE][INFO] - Smart Wait Function is triggered

2021-11-23 16:50:04 - [MESSAGE][INFO] - Found 2 web elements with id: 'Object Repository/Popup/Popup_Butons' located by 'By.cssSelector: .modal-footer>button' in '10' second(s)

2021-11-23 16:50:04 - [MESSAGE][PASSED] - Method.TextDegerineEsitElementeTikla is PASSED

2021-11-23 16:50:04 - [TEST_STEP][PASSED] - Method.TextDegerineEsitElementeTikla(findTestObject("Popup/Popup_Butons"), "Tamam"): Method.TextDegerineEsitElementeTikla is PASSED

2021-11-23 16:50:04 - [MESSAGE][INFO] - Finding Test Object 'Object Repository/Popup/Popup_Butons'

2021-11-23 16:50:04 - [MESSAGE][INFO] - Checking timeout

2021-11-23 16:50:04 - [MESSAGE][INFO] - Finding web element with id: 'Object Repository/Popup/Popup_Butons' located by 'By.cssSelector: .modal-footer>button' in '10' second(s)

2021-11-23 16:50:04 - [MESSAGE][INFO] - Smart Wait Function is triggered

2021-11-23 16:50:05 - [MESSAGE][INFO] - Found 1 web elements with id: 'Object Repository/Popup/Popup_Butons' located by 'By.cssSelector: .modal-footer>button' in '10' second(s)

2021-11-23 16:50:05 - [MESSAGE][PASSED] - Method.TextDegerineEsitElementeTikla is PASSED

2021-11-23 16:50:05 - [MESSAGE][PASSED] - Call Test Case 'Test Cases/Tablo/Olusturma Tarihi' successfully

2021-11-23 16:50:05 - [MESSAGE][INFO] - Checking called Test Case

2021-11-23 16:50:05 - [MESSAGE][INFO] - Starting to call Test Case 'Test Cases/Butonlar/ButonaTikla'

2021-11-23 16:50:05 - [TEST_CASE][PASSED] - Test Cases/Butonlar/ButonaTikla: Test Cases/Butonlar/ButonaTikla

2021-11-23 16:50:05 - [TEST_STEP][PASSED] - Method.TextDegerineEsitElementeTiklaEquals(findTestObject("Butonlar/Butonlar"), Buton_Adi): Method.TextDegerineEsitElementeTiklaEquals is PASSED

2021-11-23 16:50:05 - [MESSAGE][INFO] - Finding Test Object 'Object Repository/Butonlar/Butonlar'

2021-11-23 16:50:05 - [MESSAGE][INFO] - Checking timeout

2021-11-23 16:50:05 - [MESSAGE][INFO] - Finding web element with id: 'Object Repository/Butonlar/Butonlar' located by 'By.cssSelector: .panel.panel-default.text-center.footerPanel .btn,.btn.btn-primary.btnControls' in '10' second(s)

2021-11-23 16:50:05 - [MESSAGE][INFO] - Smart Wait Function is triggered

2021-11-23 16:50:06 - [MESSAGE][INFO] - Found 9 web elements with id: 'Object Repository/Butonlar/Butonlar' located by 'By.cssSelector: .panel.panel-default.text-center.footerPanel .btn,.btn.btn-primary.btnControls' in '10' second(s)

2021-11-23 16:50:06 - [MESSAGE][PASSED] - Method.TextDegerineEsitElementeTiklaEquals is PASSED

2021-11-23 16:50:06 - [MESSAGE][PASSED] - Call Test Case 'Test Cases/Butonlar/ButonaTikla' successfully

2021-11-23 16:50:06 - [MESSAGE][INFO] - Checking called Test Case

2021-11-23 16:50:06 - [MESSAGE][INFO] - Starting to call Test Case 'Test Cases/Olusturma/Genel/GorselTasarimSayfasıBasligiIceriyorMu'

2021-11-23 16:50:06 - [TEST_CASE][PASSED] - Test Cases/Olusturma/Genel/GorselTasarimSayfasıBasligiIceriyorMu: Test Cases/Olusturma/Genel/GorselTasarimSayfasıBasligiIceriyorMu

2021-11-23 16:50:06 - [TEST_STEP][PASSED] - verifyElementText(findTestObject("Object Repository/Olusturma/Genel/GorselTasarimBaslik"), Baslik): Actual text and expected text of test object 'Object Repository/Olusturma/Genel/GorselTasarimBaslik' are matched.

2021-11-23 16:50:06 - [MESSAGE][INFO] - Finding Test Object 'Object Repository/Olusturma/Genel/GorselTasarimBaslik'

2021-11-23 16:50:06 - [MESSAGE][INFO] - Checking object

2021-11-23 16:50:06 - [MESSAGE][INFO] - Finding web element from Test Object's properties

2021-11-23 16:50:06 - [MESSAGE][INFO] - Checking timeout

2021-11-23 16:50:06 - [MESSAGE][INFO] - Finding web element with id: 'Object Repository/Olusturma/Genel/GorselTasarimBaslik' located by 'By.cssSelector: #flAlici_0>div>span' in '30' second(s)

2021-11-23 16:50:06 - [MESSAGE][INFO] - Smart Wait Function is triggered

2021-11-23 16:50:16 - [MESSAGE][INFO] - Found 1 web elements with id: 'Object Repository/Olusturma/Genel/GorselTasarimBaslik' located by 'By.cssSelector: #flAlici_0>div>span' in '30' second(s)

2021-11-23 16:50:16 - [MESSAGE][PASSED] - Actual text and expected text of test object 'Object Repository/Olusturma/Genel/GorselTasarimBaslik' are matched.

2021-11-23 16:50:16 - [MESSAGE][PASSED] - Call Test Case 'Test Cases/Olusturma/Genel/GorselTasarimSayfasıBasligiIceriyorMu' successfully

2021-11-23 16:50:16 - [MESSAGE][INFO] - Checking called Test Case

2021-11-23 16:50:16 - [MESSAGE][INFO] - Starting to call Test Case 'Test Cases/Olusturma/Genel/AliciSecilir'

2021-11-23 16:50:16 - [TEST_CASE][PASSED] - Test Cases/Olusturma/Genel/AliciSecilir: Test Cases/Olusturma/Genel/AliciSecilir

2021-11-23 16:50:16 - [TEST_STEP][PASSED] - click(findTestObject("Olusturma/Genel/AliciBilgisi/Alici_Ara")): Object: 'Object Repository/Olusturma/Genel/AliciBilgisi/Alici_Ara' is clicked on

2021-11-23 16:50:16 - [MESSAGE][INFO] - Finding Test Object 'Object Repository/Olusturma/Genel/AliciBilgisi/Alici_Ara'

2021-11-23 16:50:16 - [MESSAGE][INFO] - Checking object

2021-11-23 16:50:16 - [MESSAGE][INFO] - Finding web element from Test Object's properties

2021-11-23 16:50:16 - [MESSAGE][INFO] - Checking timeout

2021-11-23 16:50:16 - [MESSAGE][INFO] - Finding web element with id: 'Object Repository/Olusturma/Genel/AliciBilgisi/Alici_Ara' located by 'By.xpath: //td[@id='txtCustomerText_B-1']' in '30' second(s)

2021-11-23 16:50:16 - [MESSAGE][INFO] - Smart Wait Function is triggered

2021-11-23 16:50:16 - [MESSAGE][INFO] - Found 1 web elements with id: 'Object Repository/Olusturma/Genel/AliciBilgisi/Alici_Ara' located by 'By.xpath: //td[@id='txtCustomerText_B-1']' in '30' second(s)

2021-11-23 16:50:16 - [MESSAGE][INFO] - Clicking on object: 'Object Repository/Olusturma/Genel/AliciBilgisi/Alici_Ara'

2021-11-23 16:50:16 - [MESSAGE][PASSED] - Object: 'Object Repository/Olusturma/Genel/AliciBilgisi/Alici_Ara' is clicked on

2021-11-23 16:50:16 - [TEST_STEP][PASSED] - click(findTestObject("Olusturma/Genel/AliciBilgisi/Alici_Bilgisi")): Object: 'Object Repository/Olusturma/Genel/AliciBilgisi/Alici_Bilgisi' is clicked on

2021-11-23 16:50:16 - [MESSAGE][INFO] - Finding Test Object 'Object Repository/Olusturma/Genel/AliciBilgisi/Alici_Bilgisi'

2021-11-23 16:50:16 - [MESSAGE][INFO] - Checking object

2021-11-23 16:50:16 - [MESSAGE][INFO] - Finding web element from Test Object's properties

2021-11-23 16:50:16 - [MESSAGE][INFO] - Checking timeout

2021-11-23 16:50:16 - [MESSAGE][INFO] - Finding web element with id: 'Object Repository/Olusturma/Genel/AliciBilgisi/Alici_Bilgisi' located by 'By.xpath: //iframe[@id='customerselectiframe']' in '30' second(s)

2021-11-23 16:50:16 - [MESSAGE][INFO] - Smart Wait Function is triggered

2021-11-23 16:50:17 - [MESSAGE][INFO] - Found 1 web elements with id: 'Object Repository/Olusturma/Genel/AliciBilgisi/Alici_Bilgisi' located by 'By.xpath: //iframe[@id='customerselectiframe']' in '30' second(s)

2021-11-23 16:50:17 - [MESSAGE][INFO] - Clicking on object: 'Object Repository/Olusturma/Genel/AliciBilgisi/Alici_Bilgisi'

2021-11-23 16:50:17 - [MESSAGE][PASSED] - Object: 'Object Repository/Olusturma/Genel/AliciBilgisi/Alici_Bilgisi' is clicked on

2021-11-23 16:50:17 - [TEST_STEP][PASSED] - setText(findTestObject("Olusturma/Genel/AliciBilgisi/Alici_Gir"), Alici_Adi): Switching to default content

2021-11-23 16:50:17 - [MESSAGE][INFO] - Finding Test Object 'Object Repository/Olusturma/Genel/AliciBilgisi/Alici_Gir'

2021-11-23 16:50:17 - [MESSAGE][INFO] - Finding Test Object 'Object Repository/Olusturma/Genel/AliciBilgisi/Alici_Bilgisi'

2021-11-23 16:50:17 - [MESSAGE][INFO] - Checking object

2021-11-23 16:50:17 - [MESSAGE][INFO] - Checking text

2021-11-23 16:50:17 - [MESSAGE][INFO] - Object: 'Object Repository/Olusturma/Genel/AliciBilgisi/Alici_Gir' has parent object(s)

2021-11-23 16:50:17 - [MESSAGE][INFO] - Switching to iframe: 'Object Repository/Olusturma/Genel/AliciBilgisi/Alici_Bilgisi'

2021-11-23 16:50:17 - [MESSAGE][INFO] - Finding web element from Test Object's properties

2021-11-23 16:50:17 - [MESSAGE][INFO] - Checking timeout

2021-11-23 16:50:17 - [MESSAGE][INFO] - Finding web element with id: 'Object Repository/Olusturma/Genel/AliciBilgisi/Alici_Bilgisi' located by 'By.xpath: //iframe[@id='customerselectiframe']' in '30' second(s)

2021-11-23 16:50:17 - [MESSAGE][INFO] - Smart Wait Function is triggered

2021-11-23 16:50:17 - [MESSAGE][INFO] - Found 1 web elements with id: 'Object Repository/Olusturma/Genel/AliciBilgisi/Alici_Bilgisi' located by 'By.xpath: //iframe[@id='customerselectiframe']' in '30' second(s)

2021-11-23 16:50:17 - [MESSAGE][INFO] - Switched to iframe: 'Object Repository/Olusturma/Genel/AliciBilgisi/Alici_Bilgisi'

2021-11-23 16:50:17 - [MESSAGE][INFO] - Finding web element from Test Object's properties

2021-11-23 16:50:17 - [MESSAGE][INFO] - Checking timeout

2021-11-23 16:50:17 - [MESSAGE][INFO] - Finding web element with id: 'Object Repository/Olusturma/Genel/AliciBilgisi/Alici_Gir' located by 'By.xpath: //input[@id='GridViewCustomer_DXFREditorcol1_I']' in '30' second(s)

2021-11-23 16:50:17 - [MESSAGE][INFO] - Smart Wait Function is triggered

2021-11-23 16:50:17 - [MESSAGE][INFO] - Found 1 web elements with id: 'Object Repository/Olusturma/Genel/AliciBilgisi/Alici_Gir' located by 'By.xpath: //input[@id='GridViewCustomer_DXFREditorcol1_I']' in '30' second(s)

2021-11-23 16:50:17 - [MESSAGE][INFO] - Clearing text of object 'Object Repository/Olusturma/Genel/AliciBilgisi/Alici_Gir'

2021-11-23 16:50:17 - [MESSAGE][INFO] - Finding web element from Test Object's properties

2021-11-23 16:50:17 - [MESSAGE][INFO] - Checking timeout

2021-11-23 16:50:17 - [MESSAGE][INFO] - Finding web element with id: 'Object Repository/Olusturma/Genel/AliciBilgisi/Alici_Gir' located by 'By.xpath: //input[@id='GridViewCustomer_DXFREditorcol1_I']' in '30' second(s)

2021-11-23 16:50:17 - [MESSAGE][INFO] - Smart Wait Function is triggered

2021-11-23 16:50:17 - [MESSAGE][INFO] - Found 1 web elements with id: 'Object Repository/Olusturma/Genel/AliciBilgisi/Alici_Gir' located by 'By.xpath: //input[@id='GridViewCustomer_DXFREditorcol1_I']' in '30' second(s)

2021-11-23 16:50:17 - [MESSAGE][INFO] - Setting text of object 'Object Repository/Olusturma/Genel/AliciBilgisi/Alici_Gir' to value 'UC0008'

2021-11-23 16:50:18 - [MESSAGE][PASSED] - Text 'UC0008' is set on object 'Object Repository/Olusturma/Genel/AliciBilgisi/Alici_Gir'

2021-11-23 16:50:18 - [MESSAGE][INFO] - Switching to default content

2021-11-23 16:50:18 - [TEST_STEP][PASSED] - waitForElementClickable(findTestObject("Olusturma/Genel/AliciBilgisi/Alici_Adi"), 10): Switching to default content

2021-11-23 16:50:18 - [MESSAGE][INFO] - Finding Test Object 'Object Repository/Olusturma/Genel/AliciBilgisi/Alici_Adi'

2021-11-23 16:50:18 - [MESSAGE][INFO] - Finding Test Object 'Object Repository/Olusturma/Genel/AliciBilgisi/iframe_Alc Bilgisi_customerselectiframe'

2021-11-23 16:50:18 - [MESSAGE][INFO] - Checking object

2021-11-23 16:50:18 - [MESSAGE][INFO] - Checking timeout

2021-11-23 16:50:18 - [MESSAGE][INFO] - Object: 'Object Repository/Olusturma/Genel/AliciBilgisi/Alici_Adi' has parent object(s)

2021-11-23 16:50:18 - [MESSAGE][INFO] - Switching to iframe: 'Object Repository/Olusturma/Genel/AliciBilgisi/iframe_Alc Bilgisi_customerselectiframe'

2021-11-23 16:50:18 - [MESSAGE][INFO] - Finding web element from Test Object's properties

2021-11-23 16:50:18 - [MESSAGE][INFO] - Checking timeout

2021-11-23 16:50:18 - [MESSAGE][INFO] - Finding web element with id: 'Object Repository/Olusturma/Genel/AliciBilgisi/iframe_Alc Bilgisi_customerselectiframe' located by 'By.xpath: //iframe[@id='customerselectiframe']' in '10' second(s)

2021-11-23 16:50:18 - [MESSAGE][INFO] - Smart Wait Function is triggered

2021-11-23 16:50:18 - [MESSAGE][INFO] - Found 1 web elements with id: 'Object Repository/Olusturma/Genel/AliciBilgisi/iframe_Alc Bilgisi_customerselectiframe' located by 'By.xpath: //iframe[@id='customerselectiframe']' in '10' second(s)

2021-11-23 16:50:18 - [MESSAGE][INFO] - Switched to iframe: 'Object Repository/Olusturma/Genel/AliciBilgisi/iframe_Alc Bilgisi_customerselectiframe'

2021-11-23 16:50:18 - [MESSAGE][INFO] - Finding web element from Test Object's properties

2021-11-23 16:50:18 - [MESSAGE][INFO] - Checking timeout

2021-11-23 16:50:18 - [MESSAGE][INFO] - Finding web element with id: 'Object Repository/Olusturma/Genel/AliciBilgisi/Alici_Adi' located by 'By.xpath: //tr[@id='GridViewCustomer_DXDataRow0']/td[2]' in '10' second(s)

2021-11-23 16:50:18 - [MESSAGE][INFO] - Smart Wait Function is triggered

2021-11-23 16:50:18 - [MESSAGE][INFO] - Found 1 web elements with id: 'Object Repository/Olusturma/Genel/AliciBilgisi/Alici_Adi' located by 'By.xpath: //tr[@id='GridViewCustomer_DXDataRow0']/td[2]' in '10' second(s)

2021-11-23 16:50:18 - [MESSAGE][PASSED] - Object 'Object Repository/Olusturma/Genel/AliciBilgisi/Alici_Adi' is clickable

2021-11-23 16:50:18 - [MESSAGE][INFO] - Switching to default content

2021-11-23 16:50:18 - [TEST_STEP][PASSED] - click(findTestObject("Olusturma/Genel/AliciBilgisi/frame")): Switching to default content

2021-11-23 16:50:18 - [MESSAGE][INFO] - Finding Test Object 'Object Repository/Olusturma/Genel/AliciBilgisi/frame'

2021-11-23 16:50:18 - [MESSAGE][INFO] - Finding Test Object 'Object Repository/Olusturma/Genel/AliciBilgisi/iframe_Alc Bilgisi_customerselectiframe'

2021-11-23 16:50:18 - [MESSAGE][INFO] - Checking object

2021-11-23 16:50:18 - [MESSAGE][INFO] - Object: 'Object Repository/Olusturma/Genel/AliciBilgisi/frame' has parent object(s)

2021-11-23 16:50:18 - [MESSAGE][INFO] - Switching to iframe: 'Object Repository/Olusturma/Genel/AliciBilgisi/iframe_Alc Bilgisi_customerselectiframe'

2021-11-23 16:50:18 - [MESSAGE][INFO] - Finding web element from Test Object's properties

2021-11-23 16:50:18 - [MESSAGE][INFO] - Checking timeout

2021-11-23 16:50:18 - [MESSAGE][INFO] - Finding web element with id: 'Object Repository/Olusturma/Genel/AliciBilgisi/iframe_Alc Bilgisi_customerselectiframe' located by 'By.xpath: //iframe[@id='customerselectiframe']' in '30' second(s)

2021-11-23 16:50:18 - [MESSAGE][INFO] - Smart Wait Function is triggered

2021-11-23 16:50:19 - [MESSAGE][INFO] - Found 1 web elements with id: 'Object Repository/Olusturma/Genel/AliciBilgisi/iframe_Alc Bilgisi_customerselectiframe' located by 'By.xpath: //iframe[@id='customerselectiframe']' in '30' second(s)

2021-11-23 16:50:19 - [MESSAGE][INFO] - Switched to iframe: 'Object Repository/Olusturma/Genel/AliciBilgisi/iframe_Alc Bilgisi_customerselectiframe'

2021-11-23 16:50:19 - [MESSAGE][INFO] - Finding web element from Test Object's properties

2021-11-23 16:50:19 - [MESSAGE][INFO] - Checking timeout

2021-11-23 16:50:19 - [MESSAGE][INFO] - Finding web element with id: 'Object Repository/Olusturma/Genel/AliciBilgisi/frame' located by 'By.xpath: //*/text()[normalize-space(.)='']/parent::*' in '30' second(s)

2021-11-23 16:50:19 - [MESSAGE][INFO] - Smart Wait Function is triggered

2021-11-23 16:50:19 - [MESSAGE][INFO] - Found 66 web elements with id: 'Object Repository/Olusturma/Genel/AliciBilgisi/frame' located by 'By.xpath: //*/text()[normalize-space(.)='']/parent::*' in '30' second(s)

2021-11-23 16:50:19 - [MESSAGE][INFO] - Clicking on object: 'Object Repository/Olusturma/Genel/AliciBilgisi/frame'

2021-11-23 16:50:19 - [MESSAGE][PASSED] - Object: 'Object Repository/Olusturma/Genel/AliciBilgisi/frame' is clicked on

2021-11-23 16:50:19 - [MESSAGE][INFO] - Switching to default content

2021-11-23 16:50:19 - [TEST_STEP][PASSED] - click(findTestObject("Olusturma/Genel/AliciBilgisi/Alici_Adi")): Switching to default content

2021-11-23 16:50:19 - [MESSAGE][INFO] - Finding Test Object 'Object Repository/Olusturma/Genel/AliciBilgisi/Alici_Adi'

2021-11-23 16:50:19 - [MESSAGE][INFO] - Finding Test Object 'Object Repository/Olusturma/Genel/AliciBilgisi/iframe_Alc Bilgisi_customerselectiframe'

2021-11-23 16:50:19 - [MESSAGE][INFO] - Checking object

2021-11-23 16:50:19 - [MESSAGE][INFO] - Object: 'Object Repository/Olusturma/Genel/AliciBilgisi/Alici_Adi' has parent object(s)

2021-11-23 16:50:19 - [MESSAGE][INFO] - Switching to iframe: 'Object Repository/Olusturma/Genel/AliciBilgisi/iframe_Alc Bilgisi_customerselectiframe'

2021-11-23 16:50:19 - [MESSAGE][INFO] - Finding web element from Test Object's properties

2021-11-23 16:50:19 - [MESSAGE][INFO] - Checking timeout

2021-11-23 16:50:19 - [MESSAGE][INFO] - Finding web element with id: 'Object Repository/Olusturma/Genel/AliciBilgisi/iframe_Alc Bilgisi_customerselectiframe' located by 'By.xpath: //iframe[@id='customerselectiframe']' in '30' second(s)

2021-11-23 16:50:19 - [MESSAGE][INFO] - Smart Wait Function is triggered

2021-11-23 16:50:19 - [MESSAGE][INFO] - Found 1 web elements with id: 'Object Repository/Olusturma/Genel/AliciBilgisi/iframe_Alc Bilgisi_customerselectiframe' located by 'By.xpath: //iframe[@id='customerselectiframe']' in '30' second(s)

2021-11-23 16:50:19 - [MESSAGE][INFO] - Switched to iframe: 'Object Repository/Olusturma/Genel/AliciBilgisi/iframe_Alc Bilgisi_customerselectiframe'

2021-11-23 16:50:19 - [MESSAGE][INFO] - Finding web element from Test Object's properties

2021-11-23 16:50:19 - [MESSAGE][INFO] - Checking timeout

2021-11-23 16:50:19 - [MESSAGE][INFO] - Finding web element with id: 'Object Repository/Olusturma/Genel/AliciBilgisi/Alici_Adi' located by 'By.xpath: //tr[@id='GridViewCustomer_DXDataRow0']/td[2]' in '30' second(s)

2021-11-23 16:50:19 - [MESSAGE][INFO] - Smart Wait Function is triggered

2021-11-23 16:50:19 - [MESSAGE][INFO] - Found 1 web elements with id: 'Object Repository/Olusturma/Genel/AliciBilgisi/Alici_Adi' located by 'By.xpath: //tr[@id='GridViewCustomer_DXDataRow0']/td[2]' in '30' second(s)

2021-11-23 16:50:19 - [MESSAGE][INFO] - Clicking on object: 'Object Repository/Olusturma/Genel/AliciBilgisi/Alici_Adi'

2021-11-23 16:50:19 - [MESSAGE][PASSED] - Object: 'Object Repository/Olusturma/Genel/AliciBilgisi/Alici_Adi' is clicked on

2021-11-23 16:50:19 - [MESSAGE][INFO] - Switching to default content

2021-11-23 16:50:19 - [TEST_STEP][PASSED] - click(findTestObject("Olusturma/Genel/AliciBilgisi/Tamam_Bosluk")): Switching to default content

2021-11-23 16:50:19 - [MESSAGE][INFO] - Finding Test Object 'Object Repository/Olusturma/Genel/AliciBilgisi/Tamam_Bosluk'

2021-11-23 16:50:19 - [MESSAGE][INFO] - Finding Test Object 'Object Repository/Olusturma/Genel/AliciBilgisi/Alici_Bilgisi'

2021-11-23 16:50:19 - [MESSAGE][INFO] - Checking object

2021-11-23 16:50:19 - [MESSAGE][INFO] - Object: 'Object Repository/Olusturma/Genel/AliciBilgisi/Tamam_Bosluk' has parent object(s)

2021-11-23 16:50:19 - [MESSAGE][INFO] - Switching to iframe: 'Object Repository/Olusturma/Genel/AliciBilgisi/Alici_Bilgisi'

2021-11-23 16:50:19 - [MESSAGE][INFO] - Finding web element from Test Object's properties

2021-11-23 16:50:19 - [MESSAGE][INFO] - Checking timeout

2021-11-23 16:50:19 - [MESSAGE][INFO] - Finding web element with id: 'Object Repository/Olusturma/Genel/AliciBilgisi/Alici_Bilgisi' located by 'By.xpath: //iframe[@id='customerselectiframe']' in '30' second(s)

2021-11-23 16:50:19 - [MESSAGE][INFO] - Smart Wait Function is triggered

2021-11-23 16:50:20 - [MESSAGE][INFO] - Found 1 web elements with id: 'Object Repository/Olusturma/Genel/AliciBilgisi/Alici_Bilgisi' located by 'By.xpath: //iframe[@id='customerselectiframe']' in '30' second(s)

2021-11-23 16:50:20 - [MESSAGE][INFO] - Switched to iframe: 'Object Repository/Olusturma/Genel/AliciBilgisi/Alici_Bilgisi'

2021-11-23 16:50:20 - [MESSAGE][INFO] - Finding web element from Test Object's properties

2021-11-23 16:50:20 - [MESSAGE][INFO] - Checking timeout

2021-11-23 16:50:20 - [MESSAGE][INFO] - Finding web element with id: 'Object Repository/Olusturma/Genel/AliciBilgisi/Tamam_Bosluk' located by 'By.xpath: (.//*[normalize-space(text()) and normalize-space(.)='Sayfa Boyutu:'])[1]/following::div[7]' in '30' second(s)

2021-11-23 16:50:20 - [MESSAGE][INFO] - Smart Wait Function is triggered

2021-11-23 16:50:20 - [MESSAGE][INFO] - Found 1 web elements with id: 'Object Repository/Olusturma/Genel/AliciBilgisi/Tamam_Bosluk' located by 'By.xpath: (.//*[normalize-space(text()) and normalize-space(.)='Sayfa Boyutu:'])[1]/following::div[7]' in '30' second(s)

2021-11-23 16:50:20 - [MESSAGE][INFO] - Clicking on object: 'Object Repository/Olusturma/Genel/AliciBilgisi/Tamam_Bosluk'

2021-11-23 16:50:20 - [MESSAGE][PASSED] - Object: 'Object Repository/Olusturma/Genel/AliciBilgisi/Tamam_Bosluk' is clicked on

2021-11-23 16:50:20 - [MESSAGE][INFO] - Switching to default content

2021-11-23 16:50:20 - [TEST_STEP][PASSED] - waitForElementClickable(findTestObject("Olusturma/Genel/AliciBilgisi/Tamam_Butonu"), 10): Switching to default content

2021-11-23 16:50:20 - [MESSAGE][INFO] - Finding Test Object 'Object Repository/Olusturma/Genel/AliciBilgisi/Tamam_Butonu'

2021-11-23 16:50:20 - [MESSAGE][INFO] - Finding Test Object 'Object Repository/Olusturma/Genel/AliciBilgisi/Alici_Bilgisi'

2021-11-23 16:50:20 - [MESSAGE][INFO] - Checking object

2021-11-23 16:50:20 - [MESSAGE][INFO] - Checking timeout

2021-11-23 16:50:20 - [MESSAGE][INFO] - Object: 'Object Repository/Olusturma/Genel/AliciBilgisi/Tamam_Butonu' has parent object(s)

2021-11-23 16:50:20 - [MESSAGE][INFO] - Switching to iframe: 'Object Repository/Olusturma/Genel/AliciBilgisi/Alici_Bilgisi'

2021-11-23 16:50:20 - [MESSAGE][INFO] - Finding web element from Test Object's properties

2021-11-23 16:50:20 - [MESSAGE][INFO] - Checking timeout

2021-11-23 16:50:20 - [MESSAGE][INFO] - Finding web element with id: 'Object Repository/Olusturma/Genel/AliciBilgisi/Alici_Bilgisi' located by 'By.xpath: //iframe[@id='customerselectiframe']' in '10' second(s)

2021-11-23 16:50:20 - [MESSAGE][INFO] - Smart Wait Function is triggered

2021-11-23 16:50:20 - [MESSAGE][INFO] - Found 1 web elements with id: 'Object Repository/Olusturma/Genel/AliciBilgisi/Alici_Bilgisi' located by 'By.xpath: //iframe[@id='customerselectiframe']' in '10' second(s)

2021-11-23 16:50:20 - [MESSAGE][INFO] - Switched to iframe: 'Object Repository/Olusturma/Genel/AliciBilgisi/Alici_Bilgisi'

2021-11-23 16:50:20 - [MESSAGE][INFO] - Finding web element from Test Object's properties

2021-11-23 16:50:20 - [MESSAGE][INFO] - Checking timeout

2021-11-23 16:50:20 - [MESSAGE][INFO] - Finding web element with id: 'Object Repository/Olusturma/Genel/AliciBilgisi/Tamam_Butonu' located by 'By.xpath: //div[@id='btnSelectCustomer_CD']/span' in '10' second(s)

2021-11-23 16:50:20 - [MESSAGE][INFO] - Smart Wait Function is triggered

2021-11-23 16:50:20 - [MESSAGE][INFO] - Found 1 web elements with id: 'Object Repository/Olusturma/Genel/AliciBilgisi/Tamam_Butonu' located by 'By.xpath: //div[@id='btnSelectCustomer_CD']/span' in '10' second(s)

2021-11-23 16:50:20 - [MESSAGE][PASSED] - Object 'Object Repository/Olusturma/Genel/AliciBilgisi/Tamam_Butonu' is clickable

2021-11-23 16:50:20 - [MESSAGE][INFO] - Switching to default content

2021-11-23 16:50:20 - [TEST_STEP][PASSED] - click(findTestObject("Olusturma/Genel/AliciBilgisi/Tamam_Butonu")): Switching to default content

2021-11-23 16:50:20 - [MESSAGE][INFO] - Finding Test Object 'Object Repository/Olusturma/Genel/AliciBilgisi/Tamam_Butonu'

2021-11-23 16:50:20 - [MESSAGE][INFO] - Finding Test Object 'Object Repository/Olusturma/Genel/AliciBilgisi/Alici_Bilgisi'

2021-11-23 16:50:20 - [MESSAGE][INFO] - Checking object

2021-11-23 16:50:20 - [MESSAGE][INFO] - Object: 'Object Repository/Olusturma/Genel/AliciBilgisi/Tamam_Butonu' has parent object(s)

2021-11-23 16:50:20 - [MESSAGE][INFO] - Switching to iframe: 'Object Repository/Olusturma/Genel/AliciBilgisi/Alici_Bilgisi'

2021-11-23 16:50:20 - [MESSAGE][INFO] - Finding web element from Test Object's properties

2021-11-23 16:50:20 - [MESSAGE][INFO] - Checking timeout

2021-11-23 16:50:20 - [MESSAGE][INFO] - Finding web element with id: 'Object Repository/Olusturma/Genel/AliciBilgisi/Alici_Bilgisi' located by 'By.xpath: //iframe[@id='customerselectiframe']' in '30' second(s)

2021-11-23 16:50:20 - [MESSAGE][INFO] - Smart Wait Function is triggered

2021-11-23 16:50:21 - [MESSAGE][INFO] - Found 1 web elements with id: 'Object Repository/Olusturma/Genel/AliciBilgisi/Alici_Bilgisi' located by 'By.xpath: //iframe[@id='customerselectiframe']' in '30' second(s)

2021-11-23 16:50:21 - [MESSAGE][INFO] - Switched to iframe: 'Object Repository/Olusturma/Genel/AliciBilgisi/Alici_Bilgisi'

2021-11-23 16:50:21 - [MESSAGE][INFO] - Finding web element from Test Object's properties

2021-11-23 16:50:21 - [MESSAGE][INFO] - Checking timeout

2021-11-23 16:50:21 - [MESSAGE][INFO] - Finding web element with id: 'Object Repository/Olusturma/Genel/AliciBilgisi/Tamam_Butonu' located by 'By.xpath: //div[@id='btnSelectCustomer_CD']/span' in '30' second(s)

2021-11-23 16:50:21 - [MESSAGE][INFO] - Smart Wait Function is triggered

2021-11-23 16:50:21 - [MESSAGE][INFO] - Found 1 web elements with id: 'Object Repository/Olusturma/Genel/AliciBilgisi/Tamam_Butonu' located by 'By.xpath: //div[@id='btnSelectCustomer_CD']/span' in '30' second(s)

2021-11-23 16:50:21 - [MESSAGE][INFO] - Clicking on object: 'Object Repository/Olusturma/Genel/AliciBilgisi/Tamam_Butonu'

2021-11-23 16:50:21 - [MESSAGE][PASSED] - Object: 'Object Repository/Olusturma/Genel/AliciBilgisi/Tamam_Butonu' is clicked on

2021-11-23 16:50:21 - [MESSAGE][INFO] - Switching to default content

2021-11-23 16:50:21 - [TEST_STEP][PASSED] - waitForElementPresent(findTestObject("Olusturma/Genel/AliciBilgisi/VKN-TCKN"), 10): Object 'Object Repository/Olusturma/Genel/AliciBilgisi/VKN-TCKN' is present

2021-11-23 16:50:21 - [MESSAGE][INFO] - Finding Test Object 'Object Repository/Olusturma/Genel/AliciBilgisi/VKN-TCKN'

2021-11-23 16:50:21 - [MESSAGE][INFO] - Checking object

2021-11-23 16:50:21 - [MESSAGE][INFO] - Finding web element from Test Object's properties

2021-11-23 16:50:21 - [MESSAGE][INFO] - Checking timeout

2021-11-23 16:50:21 - [MESSAGE][INFO] - Finding web element with id: 'Object Repository/Olusturma/Genel/AliciBilgisi/VKN-TCKN' located by 'By.xpath: //*[@id = 'txtVknTckn_I']' in '10' second(s)

2021-11-23 16:50:21 - [MESSAGE][INFO] - Smart Wait Function is triggered

2021-11-23 16:50:22 - [MESSAGE][INFO] - Found 1 web elements with id: 'Object Repository/Olusturma/Genel/AliciBilgisi/VKN-TCKN' located by 'By.xpath: //*[@id = 'txtVknTckn_I']' in '10' second(s)

2021-11-23 16:50:22 - [MESSAGE][PASSED] - Object 'Object Repository/Olusturma/Genel/AliciBilgisi/VKN-TCKN' is present

2021-11-23 16:50:22 - [TEST_STEP][PASSED] - text = getAttribute(findTestObject("Olusturma/Genel/AliciBilgisi/VKN-TCKN"), "value"): Attribute 'value' of object 'Object Repository/Olusturma/Genel/AliciBilgisi/VKN-TCKN' is: '5325232699'

2021-11-23 16:50:22 - [MESSAGE][INFO] - Finding Test Object 'Object Repository/Olusturma/Genel/AliciBilgisi/VKN-TCKN'

2021-11-23 16:50:22 - [MESSAGE][INFO] - Checking object

2021-11-23 16:50:22 - [MESSAGE][INFO] - Checking attribute

2021-11-23 16:50:22 - [MESSAGE][INFO] - Finding web element from Test Object's properties

2021-11-23 16:50:22 - [MESSAGE][INFO] - Checking timeout

2021-11-23 16:50:22 - [MESSAGE][INFO] - Finding web element with id: 'Object Repository/Olusturma/Genel/AliciBilgisi/VKN-TCKN' located by 'By.xpath: //*[@id = 'txtVknTckn_I']' in '30' second(s)

2021-11-23 16:50:22 - [MESSAGE][INFO] - Smart Wait Function is triggered

2021-11-23 16:50:22 - [MESSAGE][INFO] - Found 1 web elements with id: 'Object Repository/Olusturma/Genel/AliciBilgisi/VKN-TCKN' located by 'By.xpath: //*[@id = 'txtVknTckn_I']' in '30' second(s)

2021-11-23 16:50:22 - [MESSAGE][INFO] - Getting attribute 'value' of object 'Object Repository/Olusturma/Genel/AliciBilgisi/VKN-TCKN'

2021-11-23 16:50:22 - [MESSAGE][PASSED] - Attribute 'value' of object 'Object Repository/Olusturma/Genel/AliciBilgisi/VKN-TCKN' is: '5325232699'

2021-11-23 16:50:22 - [TEST_STEP][PASSED] - if (text.equals("")): null

2021-11-23 16:50:22 - [MESSAGE][PASSED] - Call Test Case 'Test Cases/Olusturma/Genel/AliciSecilir' successfully

2021-11-23 16:50:22 - [MESSAGE][INFO] - Checking called Test Case

2021-11-23 16:50:22 - [MESSAGE][INFO] - Starting to call Test Case 'Test Cases/Olusturma/Genel/GonderimSekliSecilir'

2021-11-23 16:50:22 - [TEST_CASE][PASSED] - Test Cases/Olusturma/Genel/GonderimSekliSecilir: Test Cases/Olusturma/Genel/GonderimSekliSecilir

2021-11-23 16:50:22 - [TEST_STEP][PASSED] - waitForElementClickable(findTestObject("Object Repository/Olusturma/Genel/GonderimSekli/GonderimSekli"), 10): Object 'Object Repository/Olusturma/Genel/GonderimSekli/GonderimSekli' is clickable

2021-11-23 16:50:22 - [MESSAGE][INFO] - Finding Test Object 'Object Repository/Olusturma/Genel/GonderimSekli/GonderimSekli'

2021-11-23 16:50:22 - [MESSAGE][INFO] - Checking object

2021-11-23 16:50:22 - [MESSAGE][INFO] - Checking timeout

2021-11-23 16:50:22 - [MESSAGE][INFO] - Finding web element from Test Object's properties

2021-11-23 16:50:22 - [MESSAGE][INFO] - Checking timeout

2021-11-23 16:50:22 - [MESSAGE][INFO] - Finding web element with id: 'Object Repository/Olusturma/Genel/GonderimSekli/GonderimSekli' located by 'By.xpath: //*[@id = 'txtGonderimSekil_I']' in '10' second(s)

2021-11-23 16:50:22 - [MESSAGE][INFO] - Smart Wait Function is triggered

2021-11-23 16:50:22 - [MESSAGE][INFO] - Found 1 web elements with id: 'Object Repository/Olusturma/Genel/GonderimSekli/GonderimSekli' located by 'By.xpath: //*[@id = 'txtGonderimSekil_I']' in '10' second(s)

2021-11-23 16:50:22 - [MESSAGE][PASSED] - Object 'Object Repository/Olusturma/Genel/GonderimSekli/GonderimSekli' is clickable

2021-11-23 16:50:22 - [TEST_STEP][PASSED] - click(findTestObject("Object Repository/Olusturma/Genel/GonderimSekli/GonderimSekli")): Object: 'Object Repository/Olusturma/Genel/GonderimSekli/GonderimSekli' is clicked on

2021-11-23 16:50:22 - [MESSAGE][INFO] - Finding Test Object 'Object Repository/Olusturma/Genel/GonderimSekli/GonderimSekli'

2021-11-23 16:50:23 - [MESSAGE][INFO] - Checking object

2021-11-23 16:50:23 - [MESSAGE][INFO] - Finding web element from Test Object's properties

2021-11-23 16:50:23 - [MESSAGE][INFO] - Checking timeout

2021-11-23 16:50:23 - [MESSAGE][INFO] - Finding web element with id: 'Object Repository/Olusturma/Genel/GonderimSekli/GonderimSekli' located by 'By.xpath: //*[@id = 'txtGonderimSekil_I']' in '30' second(s)

2021-11-23 16:50:23 - [MESSAGE][INFO] - Smart Wait Function is triggered

2021-11-23 16:50:23 - [MESSAGE][INFO] - Found 1 web elements with id: 'Object Repository/Olusturma/Genel/GonderimSekli/GonderimSekli' located by 'By.xpath: //*[@id = 'txtGonderimSekil_I']' in '30' second(s)

2021-11-23 16:50:23 - [MESSAGE][INFO] - Clicking on object: 'Object Repository/Olusturma/Genel/GonderimSekli/GonderimSekli'

2021-11-23 16:50:23 - [MESSAGE][PASSED] - Object: 'Object Repository/Olusturma/Genel/GonderimSekli/GonderimSekli' is clicked on

2021-11-23 16:50:23 - [TEST_STEP][PASSED] - Method.TextDegerineEsitElementeTikla(findTestObject("Object Repository/Olusturma/Genel/GonderimSekli/GonderimSekliAdi"), GonderimSekli): Method.TextDegerineEsitElementeTikla is PASSED

2021-11-23 16:50:23 - [MESSAGE][INFO] - Finding Test Object 'Object Repository/Olusturma/Genel/GonderimSekli/GonderimSekliAdi'

2021-11-23 16:50:23 - [MESSAGE][INFO] - Checking timeout

2021-11-23 16:50:23 - [MESSAGE][INFO] - Finding web element with id: 'Object Repository/Olusturma/Genel/GonderimSekli/GonderimSekliAdi' located by 'By.cssSelector: #txtGonderimSekil_DDD_L_LBT td' in '10' second(s)

2021-11-23 16:50:23 - [MESSAGE][INFO] - Smart Wait Function is triggered

2021-11-23 16:50:23 - [MESSAGE][INFO] - Found 2 web elements with id: 'Object Repository/Olusturma/Genel/GonderimSekli/GonderimSekliAdi' located by 'By.cssSelector: #txtGonderimSekil_DDD_L_LBT td' in '10' second(s)

2021-11-23 16:50:23 - [MESSAGE][PASSED] - Method.TextDegerineEsitElementeTikla is PASSED

2021-11-23 16:50:23 - [MESSAGE][PASSED] - Call Test Case 'Test Cases/Olusturma/Genel/GonderimSekliSecilir' successfully

2021-11-23 16:50:24 - [MESSAGE][INFO] - Checking called Test Case

2021-11-23 16:50:24 - [MESSAGE][INFO] - Starting to call Test Case 'Test Cases/Olusturma/Genel/TipSecilir'

2021-11-23 16:50:24 - [TEST_CASE][PASSED] - Test Cases/Olusturma/Genel/TipSecilir: Test Cases/Olusturma/Genel/TipSecilir

2021-11-23 16:50:24 - [TEST_STEP][PASSED] - waitForElementClickable(findTestObject("Olusturma/Genel/TipSecilir/Tip"), 10): Object 'Object Repository/Olusturma/Genel/TipSecilir/Tip' is clickable

2021-11-23 16:50:24 - [MESSAGE][INFO] - Finding Test Object 'Object Repository/Olusturma/Genel/TipSecilir/Tip'

2021-11-23 16:50:24 - [MESSAGE][INFO] - Checking object

2021-11-23 16:50:24 - [MESSAGE][INFO] - Checking timeout

2021-11-23 16:50:24 - [MESSAGE][INFO] - Finding web element from Test Object's properties

2021-11-23 16:50:24 - [MESSAGE][INFO] - Checking timeout

2021-11-23 16:50:24 - [MESSAGE][INFO] - Finding web element with id: 'Object Repository/Olusturma/Genel/TipSecilir/Tip' located by 'By.xpath: //*[@id = 'DocumentTypeCode_I']' in '10' second(s)

2021-11-23 16:50:24 - [MESSAGE][INFO] - Smart Wait Function is triggered

2021-11-23 16:50:24 - [MESSAGE][INFO] - Found 1 web elements with id: 'Object Repository/Olusturma/Genel/TipSecilir/Tip' located by 'By.xpath: //*[@id = 'DocumentTypeCode_I']' in '10' second(s)

2021-11-23 16:50:24 - [MESSAGE][PASSED] - Object 'Object Repository/Olusturma/Genel/TipSecilir/Tip' is clickable

2021-11-23 16:50:24 - [TEST_STEP][PASSED] - click(findTestObject("Olusturma/Genel/TipSecilir/Tip")): Object: 'Object Repository/Olusturma/Genel/TipSecilir/Tip' is clicked on

2021-11-23 16:50:24 - [MESSAGE][INFO] - Finding Test Object 'Object Repository/Olusturma/Genel/TipSecilir/Tip'

2021-11-23 16:50:24 - [MESSAGE][INFO] - Checking object

2021-11-23 16:50:24 - [MESSAGE][INFO] - Finding web element from Test Object's properties

2021-11-23 16:50:24 - [MESSAGE][INFO] - Checking timeout

2021-11-23 16:50:24 - [MESSAGE][INFO] - Finding web element with id: 'Object Repository/Olusturma/Genel/TipSecilir/Tip' located by 'By.xpath: //*[@id = 'DocumentTypeCode_I']' in '30' second(s)

2021-11-23 16:50:24 - [MESSAGE][INFO] - Smart Wait Function is triggered

2021-11-23 16:50:24 - [MESSAGE][INFO] - Found 1 web elements with id: 'Object Repository/Olusturma/Genel/TipSecilir/Tip' located by 'By.xpath: //*[@id = 'DocumentTypeCode_I']' in '30' second(s)

2021-11-23 16:50:24 - [MESSAGE][INFO] - Clicking on object: 'Object Repository/Olusturma/Genel/TipSecilir/Tip'

2021-11-23 16:50:24 - [MESSAGE][PASSED] - Object: 'Object Repository/Olusturma/Genel/TipSecilir/Tip' is clicked on

2021-11-23 16:50:24 - [TEST_STEP][PASSED] - Method.TextDegerineEsitElementeTikla(findTestObject("Object Repository/Olusturma/Genel/TipSecilir/Tip_Adi"), Tip): Method.TextDegerineEsitElementeTikla is PASSED

2021-11-23 16:50:24 - [MESSAGE][INFO] - Finding Test Object 'Object Repository/Olusturma/Genel/TipSecilir/Tip_Adi'

2021-11-23 16:50:25 - [MESSAGE][INFO] - Checking timeout

2021-11-23 16:50:25 - [MESSAGE][INFO] - Finding web element with id: 'Object Repository/Olusturma/Genel/TipSecilir/Tip_Adi' located by 'By.cssSelector: #DocumentTypeCode_DDD_L_LBT td' in '10' second(s)

2021-11-23 16:50:25 - [MESSAGE][INFO] - Smart Wait Function is triggered

2021-11-23 16:50:25 - [MESSAGE][INFO] - Found 9 web elements with id: 'Object Repository/Olusturma/Genel/TipSecilir/Tip_Adi' located by 'By.cssSelector: #DocumentTypeCode_DDD_L_LBT td' in '10' second(s)

2021-11-23 16:50:25 - [MESSAGE][PASSED] - Method.TextDegerineEsitElementeTikla is PASSED

2021-11-23 16:50:25 - [MESSAGE][PASSED] - Call Test Case 'Test Cases/Olusturma/Genel/TipSecilir' successfully

2021-11-23 16:50:25 - [MESSAGE][INFO] - Checking called Test Case

2021-11-23 16:50:25 - [MESSAGE][INFO] - Starting to call Test Case 'Test Cases/Olusturma/Genel/DokumanParaBirimiSecilir'

2021-11-23 16:50:25 - [TEST_CASE][PASSED] - Test Cases/Olusturma/Genel/DokumanParaBirimiSecilir: Test Cases/Olusturma/Genel/DokumanParaBirimiSecilir

2021-11-23 16:50:25 - [TEST_STEP][PASSED] - waitForElementClickable(findTestObject("Object Repository/Olusturma/Genel/DokumanParaBirimiSecilir/Para"), 10): Object 'Object Repository/Olusturma/Genel/DokumanParaBirimiSecilir/Para' is clickable

2021-11-23 16:50:25 - [MESSAGE][INFO] - Finding Test Object 'Object Repository/Olusturma/Genel/DokumanParaBirimiSecilir/Para'

2021-11-23 16:50:25 - [MESSAGE][INFO] - Checking object

2021-11-23 16:50:25 - [MESSAGE][INFO] - Checking timeout

2021-11-23 16:50:25 - [MESSAGE][INFO] - Finding web element from Test Object's properties

2021-11-23 16:50:25 - [MESSAGE][INFO] - Checking timeout

2021-11-23 16:50:25 - [MESSAGE][INFO] - Finding web element with id: 'Object Repository/Olusturma/Genel/DokumanParaBirimiSecilir/Para' located by 'By.xpath: //*[@id = 'CurrencyUnit_I']' in '10' second(s)

2021-11-23 16:50:25 - [MESSAGE][INFO] - Smart Wait Function is triggered

2021-11-23 16:50:27 - [MESSAGE][INFO] - Found 1 web elements with id: 'Object Repository/Olusturma/Genel/DokumanParaBirimiSecilir/Para' located by 'By.xpath: //*[@id = 'CurrencyUnit_I']' in '10' second(s)

2021-11-23 16:50:27 - [MESSAGE][PASSED] - Object 'Object Repository/Olusturma/Genel/DokumanParaBirimiSecilir/Para' is clickable

2021-11-23 16:50:27 - [TEST_STEP][PASSED] - click(findTestObject("Object Repository/Olusturma/Genel/DokumanParaBirimiSecilir/Para")): Object: 'Object Repository/Olusturma/Genel/DokumanParaBirimiSecilir/Para' is clicked on

2021-11-23 16:50:27 - [MESSAGE][INFO] - Finding Test Object 'Object Repository/Olusturma/Genel/DokumanParaBirimiSecilir/Para'

2021-11-23 16:50:27 - [MESSAGE][INFO] - Checking object

2021-11-23 16:50:27 - [MESSAGE][INFO] - Finding web element from Test Object's properties

2021-11-23 16:50:27 - [MESSAGE][INFO] - Checking timeout

2021-11-23 16:50:27 - [MESSAGE][INFO] - Finding web element with id: 'Object Repository/Olusturma/Genel/DokumanParaBirimiSecilir/Para' located by 'By.xpath: //*[@id = 'CurrencyUnit_I']' in '30' second(s)

2021-11-23 16:50:27 - [MESSAGE][INFO] - Smart Wait Function is triggered

2021-11-23 16:50:27 - [MESSAGE][INFO] - Found 1 web elements with id: 'Object Repository/Olusturma/Genel/DokumanParaBirimiSecilir/Para' located by 'By.xpath: //*[@id = 'CurrencyUnit_I']' in '30' second(s)

2021-11-23 16:50:27 - [MESSAGE][INFO] - Clicking on object: 'Object Repository/Olusturma/Genel/DokumanParaBirimiSecilir/Para'

2021-11-23 16:50:27 - [MESSAGE][PASSED] - Object: 'Object Repository/Olusturma/Genel/DokumanParaBirimiSecilir/Para' is clicked on

2021-11-23 16:50:27 - [TEST_STEP][PASSED] - Method.TextDegerineEsitElementeTikla(findTestObject("Object Repository/Olusturma/Genel/DokumanParaBirimiSecilir/Para_Adi"), Para): Method.TextDegerineEsitElementeTikla is PASSED

2021-11-23 16:50:27 - [MESSAGE][INFO] - Finding Test Object 'Object Repository/Olusturma/Genel/DokumanParaBirimiSecilir/Para_Adi'

2021-11-23 16:50:27 - [MESSAGE][INFO] - Checking timeout

2021-11-23 16:50:27 - [MESSAGE][INFO] - Finding web element with id: 'Object Repository/Olusturma/Genel/DokumanParaBirimiSecilir/Para_Adi' located by 'By.cssSelector: #CurrencyUnit_DDD_L_LBT td' in '10' second(s)

2021-11-23 16:50:27 - [MESSAGE][INFO] - Smart Wait Function is triggered

2021-11-23 16:50:28 - [MESSAGE][INFO] - Found 203 web elements with id: 'Object Repository/Olusturma/Genel/DokumanParaBirimiSecilir/Para_Adi' located by 'By.cssSelector: #CurrencyUnit_DDD_L_LBT td' in '10' second(s)

2021-11-23 16:50:33 - [MESSAGE][PASSED] - Method.TextDegerineEsitElementeTikla is PASSED

2021-11-23 16:50:33 - [MESSAGE][PASSED] - Call Test Case 'Test Cases/Olusturma/Genel/DokumanParaBirimiSecilir' successfully

2021-11-23 16:50:33 - [MESSAGE][INFO] - Checking called Test Case

2021-11-23 16:50:33 - [MESSAGE][INFO] - Starting to call Test Case 'Test Cases/Olusturma/Genel/OnEkSecilir'

2021-11-23 16:50:33 - [TEST_CASE][PASSED] - Test Cases/Olusturma/Genel/OnEkSecilir: Test Cases/Olusturma/Genel/OnEkSecilir

2021-11-23 16:50:33 - [TEST_STEP][PASSED] - waitForElementClickable(findTestObject("Object Repository/Olusturma/Genel/OnEkSecilir/OnEk"), 10): Object 'Object Repository/Olusturma/Genel/OnEkSecilir/OnEk' is clickable

2021-11-23 16:50:33 - [MESSAGE][INFO] - Finding Test Object 'Object Repository/Olusturma/Genel/OnEkSecilir/OnEk'

2021-11-23 16:50:33 - [MESSAGE][INFO] - Checking object

2021-11-23 16:50:33 - [MESSAGE][INFO] - Checking timeout

2021-11-23 16:50:33 - [MESSAGE][INFO] - Finding web element from Test Object's properties

2021-11-23 16:50:33 - [MESSAGE][INFO] - Checking timeout

2021-11-23 16:50:33 - [MESSAGE][INFO] - Finding web element with id: 'Object Repository/Olusturma/Genel/OnEkSecilir/OnEk' located by 'By.xpath: //*[@id = 'InvoicePrefix_I']' in '10' second(s)

2021-11-23 16:50:33 - [MESSAGE][INFO] - Smart Wait Function is triggered

2021-11-23 16:50:33 - [MESSAGE][INFO] - Found 1 web elements with id: 'Object Repository/Olusturma/Genel/OnEkSecilir/OnEk' located by 'By.xpath: //*[@id = 'InvoicePrefix_I']' in '10' second(s)

2021-11-23 16:50:33 - [MESSAGE][PASSED] - Object 'Object Repository/Olusturma/Genel/OnEkSecilir/OnEk' is clickable

2021-11-23 16:50:33 - [TEST_STEP][PASSED] - click(findTestObject("Object Repository/Olusturma/Genel/OnEkSecilir/OnEk")): Object: 'Object Repository/Olusturma/Genel/OnEkSecilir/OnEk' is clicked on

2021-11-23 16:50:33 - [MESSAGE][INFO] - Finding Test Object 'Object Repository/Olusturma/Genel/OnEkSecilir/OnEk'

2021-11-23 16:50:33 - [MESSAGE][INFO] - Checking object

2021-11-23 16:50:33 - [MESSAGE][INFO] - Finding web element from Test Object's properties

2021-11-23 16:50:33 - [MESSAGE][INFO] - Checking timeout

2021-11-23 16:50:33 - [MESSAGE][INFO] - Finding web element with id: 'Object Repository/Olusturma/Genel/OnEkSecilir/OnEk' located by 'By.xpath: //*[@id = 'InvoicePrefix_I']' in '30' second(s)

2021-11-23 16:50:33 - [MESSAGE][INFO] - Smart Wait Function is triggered

2021-11-23 16:50:34 - [MESSAGE][INFO] - Found 1 web elements with id: 'Object Repository/Olusturma/Genel/OnEkSecilir/OnEk' located by 'By.xpath: //*[@id = 'InvoicePrefix_I']' in '30' second(s)

2021-11-23 16:50:34 - [MESSAGE][INFO] - Clicking on object: 'Object Repository/Olusturma/Genel/OnEkSecilir/OnEk'

2021-11-23 16:50:34 - [MESSAGE][PASSED] - Object: 'Object Repository/Olusturma/Genel/OnEkSecilir/OnEk' is clicked on

2021-11-23 16:50:34 - [TEST_STEP][PASSED] - Method.TextDegerineEsitElementeTiklaEquals(findTestObject("Object Repository/Olusturma/Genel/OnEkSecilir/OnEkAdi"), Ek): Method.TextDegerineEsitElementeTiklaEquals is PASSED

2021-11-23 16:50:34 - [MESSAGE][INFO] - Finding Test Object 'Object Repository/Olusturma/Genel/OnEkSecilir/OnEkAdi'

2021-11-23 16:50:34 - [MESSAGE][INFO] - Checking timeout

2021-11-23 16:50:34 - [MESSAGE][INFO] - Finding web element with id: 'Object Repository/Olusturma/Genel/OnEkSecilir/OnEkAdi' located by 'By.cssSelector: #InvoicePrefix_DDD_L_LBT td' in '10' second(s)

2021-11-23 16:50:34 - [MESSAGE][INFO] - Smart Wait Function is triggered

2021-11-23 16:50:34 - [MESSAGE][INFO] - Found 1 web elements with id: 'Object Repository/Olusturma/Genel/OnEkSecilir/OnEkAdi' located by 'By.cssSelector: #InvoicePrefix_DDD_L_LBT td' in '10' second(s)

2021-11-23 16:50:34 - [MESSAGE][PASSED] - Method.TextDegerineEsitElementeTiklaEquals is PASSED

2021-11-23 16:50:34 - [MESSAGE][PASSED] - Call Test Case 'Test Cases/Olusturma/Genel/OnEkSecilir' successfully

2021-11-23 16:50:34 - [MESSAGE][INFO] - Checking called Test Case

2021-11-23 16:50:34 - [MESSAGE][INFO] - Starting to call Test Case 'Test Cases/Olusturma/Genel/TasarimSecilir'

2021-11-23 16:50:34 - [TEST_CASE][PASSED] - Test Cases/Olusturma/Genel/TasarimSecilir: Test Cases/Olusturma/Genel/TasarimSecilir

2021-11-23 16:50:34 - [TEST_STEP][PASSED] - waitForElementClickable(findTestObject("Object Repository/Olusturma/Genel/TasarimSecilir/Tasarim"), 10): Object 'Object Repository/Olusturma/Genel/TasarimSecilir/Tasarim' is clickable

2021-11-23 16:50:34 - [MESSAGE][INFO] - Finding Test Object 'Object Repository/Olusturma/Genel/TasarimSecilir/Tasarim'

2021-11-23 16:50:35 - [MESSAGE][INFO] - Checking object

2021-11-23 16:50:35 - [MESSAGE][INFO] - Checking timeout

2021-11-23 16:50:35 - [MESSAGE][INFO] - Finding web element from Test Object's properties

2021-11-23 16:50:35 - [MESSAGE][INFO] - Checking timeout

2021-11-23 16:50:35 - [MESSAGE][INFO] - Finding web element with id: 'Object Repository/Olusturma/Genel/TasarimSecilir/Tasarim' located by 'By.xpath: //*[@id = 'DesignId_I']' in '10' second(s)

2021-11-23 16:50:35 - [MESSAGE][INFO] - Smart Wait Function is triggered

2021-11-23 16:50:35 - [MESSAGE][INFO] - Found 1 web elements with id: 'Object Repository/Olusturma/Genel/TasarimSecilir/Tasarim' located by 'By.xpath: //*[@id = 'DesignId_I']' in '10' second(s)

2021-11-23 16:50:35 - [MESSAGE][PASSED] - Object 'Object Repository/Olusturma/Genel/TasarimSecilir/Tasarim' is clickable

2021-11-23 16:50:35 - [TEST_STEP][PASSED] - click(findTestObject("Object Repository/Olusturma/Genel/TasarimSecilir/Tasarim")): Object: 'Object Repository/Olusturma/Genel/TasarimSecilir/Tasarim' is clicked on

2021-11-23 16:50:35 - [MESSAGE][INFO] - Finding Test Object 'Object Repository/Olusturma/Genel/TasarimSecilir/Tasarim'

2021-11-23 16:50:35 - [MESSAGE][INFO] - Checking object

2021-11-23 16:50:35 - [MESSAGE][INFO] - Finding web element from Test Object's properties

2021-11-23 16:50:35 - [MESSAGE][INFO] - Checking timeout

2021-11-23 16:50:35 - [MESSAGE][INFO] - Finding web element with id: 'Object Repository/Olusturma/Genel/TasarimSecilir/Tasarim' located by 'By.xpath: //*[@id = 'DesignId_I']' in '30' second(s)

2021-11-23 16:50:35 - [MESSAGE][INFO] - Smart Wait Function is triggered

2021-11-23 16:50:35 - [MESSAGE][INFO] - Found 1 web elements with id: 'Object Repository/Olusturma/Genel/TasarimSecilir/Tasarim' located by 'By.xpath: //*[@id = 'DesignId_I']' in '30' second(s)

2021-11-23 16:50:35 - [MESSAGE][INFO] - Clicking on object: 'Object Repository/Olusturma/Genel/TasarimSecilir/Tasarim'

2021-11-23 16:50:36 - [MESSAGE][PASSED] - Object: 'Object Repository/Olusturma/Genel/TasarimSecilir/Tasarim' is clicked on

2021-11-23 16:50:36 - [TEST_STEP][PASSED] - Method.TextDegerineEsitElementeTikla(findTestObject("Object Repository/Olusturma/Genel/TasarimSecilir/Tasarim_Adi"), Tasarim): Method.TextDegerineEsitElementeTikla is PASSED

2021-11-23 16:50:36 - [MESSAGE][INFO] - Finding Test Object 'Object Repository/Olusturma/Genel/TasarimSecilir/Tasarim_Adi'

2021-11-23 16:50:36 - [MESSAGE][INFO] - Checking timeout

2021-11-23 16:50:36 - [MESSAGE][INFO] - Finding web element with id: 'Object Repository/Olusturma/Genel/TasarimSecilir/Tasarim_Adi' located by 'By.cssSelector: #DesignId_DDD_L_LBT td' in '10' second(s)

2021-11-23 16:50:36 - [MESSAGE][INFO] - Smart Wait Function is triggered

2021-11-23 16:50:36 - [MESSAGE][INFO] - Found 1 web elements with id: 'Object Repository/Olusturma/Genel/TasarimSecilir/Tasarim_Adi' located by 'By.cssSelector: #DesignId_DDD_L_LBT td' in '10' second(s)

2021-11-23 16:50:36 - [MESSAGE][PASSED] - Method.TextDegerineEsitElementeTikla is PASSED

2021-11-23 16:50:36 - [MESSAGE][PASSED] - Call Test Case 'Test Cases/Olusturma/Genel/TasarimSecilir' successfully

2021-11-23 16:50:36 - [MESSAGE][INFO] - Checking called Test Case

2021-11-23 16:50:36 - [MESSAGE][INFO] - Starting to call Test Case 'Test Cases/Olusturma/Genel/Kutular/SiparisBilgileriGirilir'

2021-11-23 16:50:36 - [TEST_CASE][PASSED] - Test Cases/Olusturma/Genel/Kutular/SiparisBilgileriGirilir: Test Cases/Olusturma/Genel/Kutular/SiparisBilgileriGirilir

2021-11-23 16:50:36 - [TEST_STEP][PASSED] - Method.TextDegerineEsitElementeTikla(findTestObject("Olusturma/Genel/Kutular/KapaliKutular"), "Sipariş Bilgileri"): Method.TextDegerineEsitElementeTikla is PASSED

2021-11-23 16:50:36 - [MESSAGE][INFO] - Finding Test Object 'Object Repository/Olusturma/Genel/Kutular/KapaliKutular'

2021-11-23 16:50:36 - [MESSAGE][INFO] - Checking timeout

2021-11-23 16:50:36 - [MESSAGE][INFO] - Finding web element with id: 'Object Repository/Olusturma/Genel/Kutular/KapaliKutular' located by 'By.cssSelector: .dxnb-headerCollapsed>span' in '10' second(s)

2021-11-23 16:50:36 - [MESSAGE][INFO] - Smart Wait Function is triggered

2021-11-23 16:50:37 - [MESSAGE][INFO] - Found 8 web elements with id: 'Object Repository/Olusturma/Genel/Kutular/KapaliKutular' located by 'By.cssSelector: .dxnb-headerCollapsed>span' in '10' second(s)

2021-11-23 16:50:37 - [MESSAGE][PASSED] - Method.TextDegerineEsitElementeTikla is PASSED

2021-11-23 16:50:37 - [TEST_STEP][PASSED] - waitForElementPresent(findTestObject("Object Repository/Olusturma/Genel/Kutular/SiparisBilgileri/SiparisNo"), 10): Object 'Object Repository/Olusturma/Genel/Kutular/SiparisBilgileri/SiparisNo' is present

2021-11-23 16:50:37 - [MESSAGE][INFO] - Finding Test Object 'Object Repository/Olusturma/Genel/Kutular/SiparisBilgileri/SiparisNo'

2021-11-23 16:50:37 - [MESSAGE][INFO] - Checking object

2021-11-23 16:50:37 - [MESSAGE][INFO] - Finding web element from Test Object's properties

2021-11-23 16:50:37 - [MESSAGE][INFO] - Checking timeout

2021-11-23 16:50:37 - [MESSAGE][INFO] - Finding web element with id: 'Object Repository/Olusturma/Genel/Kutular/SiparisBilgileri/SiparisNo' located by 'By.xpath: //*[@id = 'txtSiparisNo_I']' in '10' second(s)

2021-11-23 16:50:37 - [MESSAGE][INFO] - Smart Wait Function is triggered

2021-11-23 16:50:37 - [MESSAGE][INFO] - Found 1 web elements with id: 'Object Repository/Olusturma/Genel/Kutular/SiparisBilgileri/SiparisNo' located by 'By.xpath: //*[@id = 'txtSiparisNo_I']' in '10' second(s)

2021-11-23 16:50:37 - [MESSAGE][PASSED] - Object 'Object Repository/Olusturma/Genel/Kutular/SiparisBilgileri/SiparisNo' is present

2021-11-23 16:50:37 - [TEST_STEP][PASSED] - clearText(findTestObject("Object Repository/Olusturma/Genel/Kutular/SiparisBilgileri/SiparisNo")): Text of object 'Object Repository/Olusturma/Genel/Kutular/SiparisBilgileri/SiparisNo' is cleared

2021-11-23 16:50:37 - [MESSAGE][INFO] - Finding Test Object 'Object Repository/Olusturma/Genel/Kutular/SiparisBilgileri/SiparisNo'

2021-11-23 16:50:37 - [MESSAGE][INFO] - Checking object

2021-11-23 16:50:37 - [MESSAGE][INFO] - Finding web element from Test Object's properties

2021-11-23 16:50:37 - [MESSAGE][INFO] - Checking timeout

2021-11-23 16:50:37 - [MESSAGE][INFO] - Finding web element with id: 'Object Repository/Olusturma/Genel/Kutular/SiparisBilgileri/SiparisNo' located by 'By.xpath: //*[@id = 'txtSiparisNo_I']' in '30' second(s)

2021-11-23 16:50:37 - [MESSAGE][INFO] - Smart Wait Function is triggered

2021-11-23 16:50:38 - [MESSAGE][INFO] - Found 1 web elements with id: 'Object Repository/Olusturma/Genel/Kutular/SiparisBilgileri/SiparisNo' located by 'By.xpath: //*[@id = 'txtSiparisNo_I']' in '30' second(s)

2021-11-23 16:50:38 - [MESSAGE][INFO] - Clearing text of object 'Object Repository/Olusturma/Genel/Kutular/SiparisBilgileri/SiparisNo'

2021-11-23 16:50:38 - [MESSAGE][PASSED] - Text of object 'Object Repository/Olusturma/Genel/Kutular/SiparisBilgileri/SiparisNo' is cleared

2021-11-23 16:50:38 - [TEST_STEP][PASSED] - sendKeys(findTestObject("Object Repository/Olusturma/Genel/Kutular/SiparisBilgileri/SiparisNo"), SiparisNo): Keys 'UUC-SAT-1200001' sent to object: 'Object Repository/Olusturma/Genel/Kutular/SiparisBilgileri/SiparisNo'

2021-11-23 16:50:38 - [MESSAGE][INFO] - Finding Test Object 'Object Repository/Olusturma/Genel/Kutular/SiparisBilgileri/SiparisNo'

2021-11-23 16:50:38 - [MESSAGE][INFO] - Sending keys 'UUC-SAT-1200001' to object: 'Object Repository/Olusturma/Genel/Kutular/SiparisBilgileri/SiparisNo'

2021-11-23 16:50:38 - [MESSAGE][INFO] - Finding web element from Test Object's properties

2021-11-23 16:50:38 - [MESSAGE][INFO] - Checking timeout

2021-11-23 16:50:38 - [MESSAGE][INFO] - Finding web element with id: 'Object Repository/Olusturma/Genel/Kutular/SiparisBilgileri/SiparisNo' located by 'By.xpath: //*[@id = 'txtSiparisNo_I']' in '30' second(s)

2021-11-23 16:50:38 - [MESSAGE][INFO] - Smart Wait Function is triggered

2021-11-23 16:50:38 - [MESSAGE][INFO] - Found 1 web elements with id: 'Object Repository/Olusturma/Genel/Kutular/SiparisBilgileri/SiparisNo' located by 'By.xpath: //*[@id = 'txtSiparisNo_I']' in '30' second(s)

2021-11-23 16:50:39 - [MESSAGE][PASSED] - Keys 'UUC-SAT-1200001' sent to object: 'Object Repository/Olusturma/Genel/Kutular/SiparisBilgileri/SiparisNo'

2021-11-23 16:50:39 - [TEST_STEP][PASSED] - waitForElementClickable(findTestObject("Object Repository/Olusturma/Genel/Kutular/SiparisBilgileri/SiparisTarihiImage"), 10): Object 'Object Repository/Olusturma/Genel/Kutular/SiparisBilgileri/SiparisTarihiImage' is clickable

2021-11-23 16:50:39 - [MESSAGE][INFO] - Finding Test Object 'Object Repository/Olusturma/Genel/Kutular/SiparisBilgileri/SiparisTarihiImage'

2021-11-23 16:50:39 - [MESSAGE][INFO] - Checking object

2021-11-23 16:50:39 - [MESSAGE][INFO] - Checking timeout

2021-11-23 16:50:39 - [MESSAGE][INFO] - Finding web element from Test Object's properties

2021-11-23 16:50:39 - [MESSAGE][INFO] - Checking timeout

2021-11-23 16:50:39 - [MESSAGE][INFO] - Finding web element with id: 'Object Repository/Olusturma/Genel/Kutular/SiparisBilgileri/SiparisTarihiImage' located by 'By.cssSelector: #dateSiparisTarih img' in '10' second(s)

2021-11-23 16:50:39 - [MESSAGE][INFO] - Smart Wait Function is triggered

2021-11-23 16:50:39 - [MESSAGE][INFO] - Found 1 web elements with id: 'Object Repository/Olusturma/Genel/Kutular/SiparisBilgileri/SiparisTarihiImage' located by 'By.cssSelector: #dateSiparisTarih img' in '10' second(s)

2021-11-23 16:50:39 - [MESSAGE][PASSED] - Object 'Object Repository/Olusturma/Genel/Kutular/SiparisBilgileri/SiparisTarihiImage' is clickable

2021-11-23 16:50:39 - [TEST_STEP][PASSED] - click(findTestObject("Object Repository/Olusturma/Genel/Kutular/SiparisBilgileri/SiparisTarihiImage")): Object: 'Object Repository/Olusturma/Genel/Kutular/SiparisBilgileri/SiparisTarihiImage' is clicked on

2021-11-23 16:50:39 - [MESSAGE][INFO] - Finding Test Object 'Object Repository/Olusturma/Genel/Kutular/SiparisBilgileri/SiparisTarihiImage'

2021-11-23 16:50:39 - [MESSAGE][INFO] - Checking object

2021-11-23 16:50:39 - [MESSAGE][INFO] - Finding web element from Test Object's properties

2021-11-23 16:50:39 - [MESSAGE][INFO] - Checking timeout

2021-11-23 16:50:39 - [MESSAGE][INFO] - Finding web element with id: 'Object Repository/Olusturma/Genel/Kutular/SiparisBilgileri/SiparisTarihiImage' located by 'By.cssSelector: #dateSiparisTarih img' in '30' second(s)

2021-11-23 16:50:39 - [MESSAGE][INFO] - Smart Wait Function is triggered

2021-11-23 16:50:39 - [MESSAGE][INFO] - Found 1 web elements with id: 'Object Repository/Olusturma/Genel/Kutular/SiparisBilgileri/SiparisTarihiImage' located by 'By.cssSelector: #dateSiparisTarih img' in '30' second(s)

2021-11-23 16:50:39 - [MESSAGE][INFO] - Clicking on object: 'Object Repository/Olusturma/Genel/Kutular/SiparisBilgileri/SiparisTarihiImage'

2021-11-23 16:50:39 - [MESSAGE][PASSED] - Object: 'Object Repository/Olusturma/Genel/Kutular/SiparisBilgileri/SiparisTarihiImage' is clicked on

2021-11-23 16:50:39 - [TEST_STEP][PASSED] - waitForElementPresent(findTestObject("Object Repository/Olusturma/Genel/Kutular/SiparisBilgileri/SiparisTarihi"), 10): Object 'Object Repository/Olusturma/Genel/Kutular/SiparisBilgileri/SiparisTarihi' is present

2021-11-23 16:50:39 - [MESSAGE][INFO] - Finding Test Object 'Object Repository/Olusturma/Genel/Kutular/SiparisBilgileri/SiparisTarihi'

2021-11-23 16:50:39 - [MESSAGE][INFO] - Checking object

2021-11-23 16:50:39 - [MESSAGE][INFO] - Finding web element from Test Object's properties

2021-11-23 16:50:39 - [MESSAGE][INFO] - Checking timeout

2021-11-23 16:50:39 - [MESSAGE][INFO] - Finding web element with id: 'Object Repository/Olusturma/Genel/Kutular/SiparisBilgileri/SiparisTarihi' located by 'By.xpath: //*[@id = 'dateSiparisTarih_I']' in '10' second(s)

2021-11-23 16:50:39 - [MESSAGE][INFO] - Smart Wait Function is triggered

2021-11-23 16:50:40 - [MESSAGE][INFO] - Found 1 web elements with id: 'Object Repository/Olusturma/Genel/Kutular/SiparisBilgileri/SiparisTarihi' located by 'By.xpath: //*[@id = 'dateSiparisTarih_I']' in '10' second(s)

2021-11-23 16:50:40 - [MESSAGE][PASSED] - Object 'Object Repository/Olusturma/Genel/Kutular/SiparisBilgileri/SiparisTarihi' is present

2021-11-23 16:50:40 - [TEST_STEP][PASSED] - clearText(findTestObject("Object Repository/Olusturma/Genel/Kutular/SiparisBilgileri/SiparisTarihi")): Text of object 'Object Repository/Olusturma/Genel/Kutular/SiparisBilgileri/SiparisTarihi' is cleared

2021-11-23 16:50:40 - [MESSAGE][INFO] - Finding Test Object 'Object Repository/Olusturma/Genel/Kutular/SiparisBilgileri/SiparisTarihi'

2021-11-23 16:50:40 - [MESSAGE][INFO] - Checking object

2021-11-23 16:50:40 - [MESSAGE][INFO] - Finding web element from Test Object's properties

2021-11-23 16:50:40 - [MESSAGE][INFO] - Checking timeout

2021-11-23 16:50:40 - [MESSAGE][INFO] - Finding web element with id: 'Object Repository/Olusturma/Genel/Kutular/SiparisBilgileri/SiparisTarihi' located by 'By.xpath: //*[@id = 'dateSiparisTarih_I']' in '30' second(s)

2021-11-23 16:50:40 - [MESSAGE][INFO] - Smart Wait Function is triggered

2021-11-23 16:50:40 - [MESSAGE][INFO] - Found 1 web elements with id: 'Object Repository/Olusturma/Genel/Kutular/SiparisBilgileri/SiparisTarihi' located by 'By.xpath: //*[@id = 'dateSiparisTarih_I']' in '30' second(s)

2021-11-23 16:50:40 - [MESSAGE][INFO] - Clearing text of object 'Object Repository/Olusturma/Genel/Kutular/SiparisBilgileri/SiparisTarihi'

2021-11-23 16:50:40 - [MESSAGE][PASSED] - Text of object 'Object Repository/Olusturma/Genel/Kutular/SiparisBilgileri/SiparisTarihi' is cleared

2021-11-23 16:50:40 - [TEST_STEP][PASSED] - sendKeys(findTestObject("Object Repository/Olusturma/Genel/Kutular/SiparisBilgileri/SiparisTarihi"), Tarih): Keys '31.04.2020' sent to object: 'Object Repository/Olusturma/Genel/Kutular/SiparisBilgileri/SiparisTarihi'

2021-11-23 16:50:40 - [MESSAGE][INFO] - Finding Test Object 'Object Repository/Olusturma/Genel/Kutular/SiparisBilgileri/SiparisTarihi'

2021-11-23 16:50:41 - [MESSAGE][INFO] - Sending keys '31.04.2020' to object: 'Object Repository/Olusturma/Genel/Kutular/SiparisBilgileri/SiparisTarihi'

2021-11-23 16:50:41 - [MESSAGE][INFO] - Finding web element from Test Object's properties

2021-11-23 16:50:41 - [MESSAGE][INFO] - Checking timeout

2021-11-23 16:50:41 - [MESSAGE][INFO] - Finding web element with id: 'Object Repository/Olusturma/Genel/Kutular/SiparisBilgileri/SiparisTarihi' located by 'By.xpath: //*[@id = 'dateSiparisTarih_I']' in '30' second(s)

2021-11-23 16:50:41 - [MESSAGE][INFO] - Smart Wait Function is triggered

2021-11-23 16:50:41 - [MESSAGE][INFO] - Found 1 web elements with id: 'Object Repository/Olusturma/Genel/Kutular/SiparisBilgileri/SiparisTarihi' located by 'By.xpath: //*[@id = 'dateSiparisTarih_I']' in '30' second(s)

2021-11-23 16:50:41 - [MESSAGE][PASSED] - Keys '31.04.2020' sent to object: 'Object Repository/Olusturma/Genel/Kutular/SiparisBilgileri/SiparisTarihi'

2021-11-23 16:50:41 - [MESSAGE][PASSED] - Call Test Case 'Test Cases/Olusturma/Genel/Kutular/SiparisBilgileriGirilir' successfully

2021-11-23 16:50:41 - [MESSAGE][INFO] - Checking called Test Case

2021-11-23 16:50:41 - [MESSAGE][INFO] - Starting to call Test Case 'Test Cases/Olusturma/Genel/Kutular/IrsaliyeBilgileri'

2021-11-23 16:50:41 - [TEST_CASE][PASSED] - Test Cases/Olusturma/Genel/Kutular/IrsaliyeBilgileri: Test Cases/Olusturma/Genel/Kutular/IrsaliyeBilgileri

2021-11-23 16:50:41 - [TEST_STEP][PASSED] - Method.TextDegerineEsitElementeTikla(findTestObject("Olusturma/Genel/Kutular/KapaliKutular"), "İrsaliye Bilgileri"): Method.TextDegerineEsitElementeTikla is PASSED

2021-11-23 16:50:41 - [MESSAGE][INFO] - Finding Test Object 'Object Repository/Olusturma/Genel/Kutular/KapaliKutular'

2021-11-23 16:50:41 - [MESSAGE][INFO] - Checking timeout

2021-11-23 16:50:41 - [MESSAGE][INFO] - Finding web element with id: 'Object Repository/Olusturma/Genel/Kutular/KapaliKutular' located by 'By.cssSelector: .dxnb-headerCollapsed>span' in '10' second(s)

2021-11-23 16:50:41 - [MESSAGE][INFO] - Smart Wait Function is triggered

2021-11-23 16:50:42 - [MESSAGE][INFO] - Found 8 web elements with id: 'Object Repository/Olusturma/Genel/Kutular/KapaliKutular' located by 'By.cssSelector: .dxnb-headerCollapsed>span' in '10' second(s)

2021-11-23 16:50:42 - [MESSAGE][PASSED] - Method.TextDegerineEsitElementeTikla is PASSED

2021-11-23 16:50:42 - [TEST_STEP][PASSED] - waitForElementClickable(findTestObject("Olusturma/Genel/Kutular/IrsaliyeBilgileri/Ekle"), 10): Object 'Object Repository/Olusturma/Genel/Kutular/IrsaliyeBilgileri/Ekle' is clickable

2021-11-23 16:50:42 - [MESSAGE][INFO] - Finding Test Object 'Object Repository/Olusturma/Genel/Kutular/IrsaliyeBilgileri/Ekle'

2021-11-23 16:50:42 - [MESSAGE][INFO] - Checking object

2021-11-23 16:50:42 - [MESSAGE][INFO] - Checking timeout

2021-11-23 16:50:42 - [MESSAGE][INFO] - Finding web element from Test Object's properties

2021-11-23 16:50:42 - [MESSAGE][INFO] - Checking timeout

2021-11-23 16:50:42 - [MESSAGE][INFO] - Finding web element with id: 'Object Repository/Olusturma/Genel/Kutular/IrsaliyeBilgileri/Ekle' located by 'By.xpath: //*[@id = 'DXEditorgvUserInvoiceBillsNewRowBtn']' in '10' second(s)

2021-11-23 16:50:42 - [MESSAGE][INFO] - Smart Wait Function is triggered

2021-11-23 16:50:42 - [MESSAGE][INFO] - Found 1 web elements with id: 'Object Repository/Olusturma/Genel/Kutular/IrsaliyeBilgileri/Ekle' located by 'By.xpath: //*[@id = 'DXEditorgvUserInvoiceBillsNewRowBtn']' in '10' second(s)

2021-11-23 16:50:42 - [MESSAGE][PASSED] - Object 'Object Repository/Olusturma/Genel/Kutular/IrsaliyeBilgileri/Ekle' is clickable

2021-11-23 16:50:42 - [TEST_STEP][PASSED] - click(findTestObject("Olusturma/Genel/Kutular/IrsaliyeBilgileri/Ekle")): Object: 'Object Repository/Olusturma/Genel/Kutular/IrsaliyeBilgileri/Ekle' is clicked on

2021-11-23 16:50:42 - [MESSAGE][INFO] - Finding Test Object 'Object Repository/Olusturma/Genel/Kutular/IrsaliyeBilgileri/Ekle'

2021-11-23 16:50:43 - [MESSAGE][INFO] - Checking object

2021-11-23 16:50:43 - [MESSAGE][INFO] - Finding web element from Test Object's properties

2021-11-23 16:50:43 - [MESSAGE][INFO] - Checking timeout

2021-11-23 16:50:43 - [MESSAGE][INFO] - Finding web element with id: 'Object Repository/Olusturma/Genel/Kutular/IrsaliyeBilgileri/Ekle' located by 'By.xpath: //*[@id = 'DXEditorgvUserInvoiceBillsNewRowBtn']' in '30' second(s)

2021-11-23 16:50:43 - [MESSAGE][INFO] - Smart Wait Function is triggered

2021-11-23 16:50:43 - [MESSAGE][INFO] - Found 1 web elements with id: 'Object Repository/Olusturma/Genel/Kutular/IrsaliyeBilgileri/Ekle' located by 'By.xpath: //*[@id = 'DXEditorgvUserInvoiceBillsNewRowBtn']' in '30' second(s)

2021-11-23 16:50:43 - [MESSAGE][INFO] - Clicking on object: 'Object Repository/Olusturma/Genel/Kutular/IrsaliyeBilgileri/Ekle'

2021-11-23 16:50:43 - [MESSAGE][PASSED] - Object: 'Object Repository/Olusturma/Genel/Kutular/IrsaliyeBilgileri/Ekle' is clicked on

2021-11-23 16:50:43 - [TEST_STEP][PASSED] - waitForElementPresent(findTestObject("Object Repository/Olusturma/Genel/Kutular/IrsaliyeBilgileri/IrsaliyeNumarasi"), 10): Object 'Object Repository/Olusturma/Genel/Kutular/IrsaliyeBilgileri/IrsaliyeNumarasi' is present

2021-11-23 16:50:43 - [MESSAGE][INFO] - Finding Test Object 'Object Repository/Olusturma/Genel/Kutular/IrsaliyeBilgileri/IrsaliyeNumarasi'

2021-11-23 16:50:43 - [MESSAGE][INFO] - Checking object

2021-11-23 16:50:43 - [MESSAGE][INFO] - Finding web element from Test Object's properties

2021-11-23 16:50:43 - [MESSAGE][INFO] - Checking timeout

2021-11-23 16:50:43 - [MESSAGE][INFO] - Finding web element with id: 'Object Repository/Olusturma/Genel/Kutular/IrsaliyeBilgileri/IrsaliyeNumarasi' located by 'By.xpath: //*[@id = 'gvUserInvoiceBills_DXEditor1_I']' in '10' second(s)

2021-11-23 16:50:43 - [MESSAGE][INFO] - Smart Wait Function is triggered

2021-11-23 16:50:43 - [MESSAGE][INFO] - Smart Wait Function is triggered

2021-11-23 16:50:44 - [MESSAGE][INFO] - Found 1 web elements with id: 'Object Repository/Olusturma/Genel/Kutular/IrsaliyeBilgileri/IrsaliyeNumarasi' located by 'By.xpath: //*[@id = 'gvUserInvoiceBills_DXEditor1_I']' in '10' second(s)

2021-11-23 16:50:44 - [MESSAGE][PASSED] - Object 'Object Repository/Olusturma/Genel/Kutular/IrsaliyeBilgileri/IrsaliyeNumarasi' is present

2021-11-23 16:50:44 - [TEST_STEP][PASSED] - clearText(findTestObject("Object Repository/Olusturma/Genel/Kutular/IrsaliyeBilgileri/IrsaliyeNumarasi")): Text of object 'Object Repository/Olusturma/Genel/Kutular/IrsaliyeBilgileri/IrsaliyeNumarasi' is cleared

2021-11-23 16:50:44 - [MESSAGE][INFO] - Finding Test Object 'Object Repository/Olusturma/Genel/Kutular/IrsaliyeBilgileri/IrsaliyeNumarasi'

2021-11-23 16:50:44 - [MESSAGE][INFO] - Checking object

2021-11-23 16:50:44 - [MESSAGE][INFO] - Finding web element from Test Object's properties

2021-11-23 16:50:44 - [MESSAGE][INFO] - Checking timeout

2021-11-23 16:50:44 - [MESSAGE][INFO] - Finding web element with id: 'Object Repository/Olusturma/Genel/Kutular/IrsaliyeBilgileri/IrsaliyeNumarasi' located by 'By.xpath: //*[@id = 'gvUserInvoiceBills_DXEditor1_I']' in '30' second(s)

2021-11-23 16:50:44 - [MESSAGE][INFO] - Smart Wait Function is triggered

2021-11-23 16:50:45 - [MESSAGE][INFO] - Found 1 web elements with id: 'Object Repository/Olusturma/Genel/Kutular/IrsaliyeBilgileri/IrsaliyeNumarasi' located by 'By.xpath: //*[@id = 'gvUserInvoiceBills_DXEditor1_I']' in '30' second(s)

2021-11-23 16:50:45 - [MESSAGE][INFO] - Clearing text of object 'Object Repository/Olusturma/Genel/Kutular/IrsaliyeBilgileri/IrsaliyeNumarasi'

2021-11-23 16:50:45 - [MESSAGE][PASSED] - Text of object 'Object Repository/Olusturma/Genel/Kutular/IrsaliyeBilgileri/IrsaliyeNumarasi' is cleared

2021-11-23 16:50:45 - [TEST_STEP][PASSED] - sendKeys(findTestObject("Object Repository/Olusturma/Genel/Kutular/IrsaliyeBilgileri/IrsaliyeNumarasi"), Numara): Keys 'AAAAAAAAAA' sent to object: 'Object Repository/Olusturma/Genel/Kutular/IrsaliyeBilgileri/IrsaliyeNumarasi'

2021-11-23 16:50:45 - [MESSAGE][INFO] - Finding Test Object 'Object Repository/Olusturma/Genel/Kutular/IrsaliyeBilgileri/IrsaliyeNumarasi'

2021-11-23 16:50:45 - [MESSAGE][INFO] - Sending keys 'AAAAAAAAAA' to object: 'Object Repository/Olusturma/Genel/Kutular/IrsaliyeBilgileri/IrsaliyeNumarasi'

2021-11-23 16:50:45 - [MESSAGE][INFO] - Finding web element from Test Object's properties

2021-11-23 16:50:45 - [MESSAGE][INFO] - Checking timeout

2021-11-23 16:50:45 - [MESSAGE][INFO] - Finding web element with id: 'Object Repository/Olusturma/Genel/Kutular/IrsaliyeBilgileri/IrsaliyeNumarasi' located by 'By.xpath: //*[@id = 'gvUserInvoiceBills_DXEditor1_I']' in '30' second(s)

2021-11-23 16:50:45 - [MESSAGE][INFO] - Smart Wait Function is triggered

2021-11-23 16:50:45 - [MESSAGE][INFO] - Found 1 web elements with id: 'Object Repository/Olusturma/Genel/Kutular/IrsaliyeBilgileri/IrsaliyeNumarasi' located by 'By.xpath: //*[@id = 'gvUserInvoiceBills_DXEditor1_I']' in '30' second(s)

2021-11-23 16:50:45 - [MESSAGE][PASSED] - Keys 'AAAAAAAAAA' sent to object: 'Object Repository/Olusturma/Genel/Kutular/IrsaliyeBilgileri/IrsaliyeNumarasi'

2021-11-23 16:50:45 - [TEST_STEP][PASSED] - waitForElementClickable(findTestObject("Object Repository/Olusturma/Genel/Kutular/IrsaliyeBilgileri/IrsaliyeTarihi"), 10): Object 'Object Repository/Olusturma/Genel/Kutular/IrsaliyeBilgileri/IrsaliyeTarihi' is clickable

2021-11-23 16:50:45 - [MESSAGE][INFO] - Finding Test Object 'Object Repository/Olusturma/Genel/Kutular/IrsaliyeBilgileri/IrsaliyeTarihi'

2021-11-23 16:50:45 - [MESSAGE][INFO] - Checking object

2021-11-23 16:50:45 - [MESSAGE][INFO] - Checking timeout

2021-11-23 16:50:45 - [MESSAGE][INFO] - Finding web element from Test Object's properties

2021-11-23 16:50:45 - [MESSAGE][INFO] - Checking timeout

2021-11-23 16:50:45 - [MESSAGE][INFO] - Finding web element with id: 'Object Repository/Olusturma/Genel/Kutular/IrsaliyeBilgileri/IrsaliyeTarihi' located by 'By.xpath: //*[@id = 'gvUserInvoiceBills_DXEditor2_I']' in '10' second(s)

2021-11-23 16:50:45 - [MESSAGE][INFO] - Smart Wait Function is triggered

2021-11-23 16:50:46 - [MESSAGE][INFO] - Found 1 web elements with id: 'Object Repository/Olusturma/Genel/Kutular/IrsaliyeBilgileri/IrsaliyeTarihi' located by 'By.xpath: //*[@id = 'gvUserInvoiceBills_DXEditor2_I']' in '10' second(s)

2021-11-23 16:50:46 - [MESSAGE][PASSED] - Object 'Object Repository/Olusturma/Genel/Kutular/IrsaliyeBilgileri/IrsaliyeTarihi' is clickable

2021-11-23 16:50:46 - [TEST_STEP][PASSED] - click(findTestObject("Object Repository/Olusturma/Genel/Kutular/IrsaliyeBilgileri/IrsaliyeTarihi")): Object: 'Object Repository/Olusturma/Genel/Kutular/IrsaliyeBilgileri/IrsaliyeTarihi' is clicked on

2021-11-23 16:50:46 - [MESSAGE][INFO] - Finding Test Object 'Object Repository/Olusturma/Genel/Kutular/IrsaliyeBilgileri/IrsaliyeTarihi'

2021-11-23 16:50:46 - [MESSAGE][INFO] - Checking object

2021-11-23 16:50:46 - [MESSAGE][INFO] - Finding web element from Test Object's properties

2021-11-23 16:50:46 - [MESSAGE][INFO] - Checking timeout

2021-11-23 16:50:46 - [MESSAGE][INFO] - Finding web element with id: 'Object Repository/Olusturma/Genel/Kutular/IrsaliyeBilgileri/IrsaliyeTarihi' located by 'By.xpath: //*[@id = 'gvUserInvoiceBills_DXEditor2_I']' in '30' second(s)

2021-11-23 16:50:46 - [MESSAGE][INFO] - Smart Wait Function is triggered

2021-11-23 16:50:46 - [MESSAGE][INFO] - Found 1 web elements with id: 'Object Repository/Olusturma/Genel/Kutular/IrsaliyeBilgileri/IrsaliyeTarihi' located by 'By.xpath: //*[@id = 'gvUserInvoiceBills_DXEditor2_I']' in '30' second(s)

2021-11-23 16:50:46 - [MESSAGE][INFO] - Clicking on object: 'Object Repository/Olusturma/Genel/Kutular/IrsaliyeBilgileri/IrsaliyeTarihi'

2021-11-23 16:50:46 - [MESSAGE][PASSED] - Object: 'Object Repository/Olusturma/Genel/Kutular/IrsaliyeBilgileri/IrsaliyeTarihi' is clicked on

2021-11-23 16:50:46 - [TEST_STEP][PASSED] - sendKeys(findTestObject("Object Repository/Olusturma/Genel/Kutular/IrsaliyeBilgileri/IrsaliyeTarihi"), Tarih): Keys '31.04.2020' sent to object: 'Object Repository/Olusturma/Genel/Kutular/IrsaliyeBilgileri/IrsaliyeTarihi'

2021-11-23 16:50:46 - [MESSAGE][INFO] - Finding Test Object 'Object Repository/Olusturma/Genel/Kutular/IrsaliyeBilgileri/IrsaliyeTarihi'

2021-11-23 16:50:46 - [MESSAGE][INFO] - Sending keys '31.04.2020' to object: 'Object Repository/Olusturma/Genel/Kutular/IrsaliyeBilgileri/IrsaliyeTarihi'

2021-11-23 16:50:46 - [MESSAGE][INFO] - Finding web element from Test Object's properties

2021-11-23 16:50:46 - [MESSAGE][INFO] - Checking timeout

2021-11-23 16:50:46 - [MESSAGE][INFO] - Finding web element with id: 'Object Repository/Olusturma/Genel/Kutular/IrsaliyeBilgileri/IrsaliyeTarihi' located by 'By.xpath: //*[@id = 'gvUserInvoiceBills_DXEditor2_I']' in '30' second(s)

2021-11-23 16:50:46 - [MESSAGE][INFO] - Smart Wait Function is triggered

2021-11-23 16:50:47 - [MESSAGE][INFO] - Found 1 web elements with id: 'Object Repository/Olusturma/Genel/Kutular/IrsaliyeBilgileri/IrsaliyeTarihi' located by 'By.xpath: //*[@id = 'gvUserInvoiceBills_DXEditor2_I']' in '30' second(s)

2021-11-23 16:50:47 - [MESSAGE][PASSED] - Keys '31.04.2020' sent to object: 'Object Repository/Olusturma/Genel/Kutular/IrsaliyeBilgileri/IrsaliyeTarihi'

2021-11-23 16:50:47 - [MESSAGE][PASSED] - Call Test Case 'Test Cases/Olusturma/Genel/Kutular/IrsaliyeBilgileri' successfully

2021-11-23 16:50:47 - [MESSAGE][INFO] - Checking called Test Case

2021-11-23 16:50:47 - [MESSAGE][INFO] - Starting to call Test Case 'Test Cases/Olusturma/Genel/EkleButonunaBasilir'

2021-11-23 16:50:47 - [TEST_CASE][PASSED] - Test Cases/Olusturma/Genel/EkleButonunaBasilir: Test Cases/Olusturma/Genel/EkleButonunaBasilir

2021-11-23 16:50:47 - [TEST_STEP][PASSED] - waitForElementClickable(findTestObject("Object Repository/Olusturma/Genel/Olusturma/Ekle"), 10): Object 'Object Repository/Olusturma/Genel/Olusturma/Ekle' is clickable

2021-11-23 16:50:47 - [MESSAGE][INFO] - Finding Test Object 'Object Repository/Olusturma/Genel/Olusturma/Ekle'

2021-11-23 16:50:47 - [MESSAGE][INFO] - Checking object

2021-11-23 16:50:47 - [MESSAGE][INFO] - Checking timeout

2021-11-23 16:50:47 - [MESSAGE][INFO] - Finding web element from Test Object's properties

2021-11-23 16:50:47 - [MESSAGE][INFO] - Checking timeout

2021-11-23 16:50:47 - [MESSAGE][INFO] - Finding web element with id: 'Object Repository/Olusturma/Genel/Olusturma/Ekle' located by 'By.cssSelector: #divmalhizmet i.fa.fa-plus.fa-lg.text-muted' in '10' second(s)

2021-11-23 16:50:47 - [MESSAGE][INFO] - Smart Wait Function is triggered

2021-11-23 16:50:47 - [MESSAGE][INFO] - Found 1 web elements with id: 'Object Repository/Olusturma/Genel/Olusturma/Ekle' located by 'By.cssSelector: #divmalhizmet i.fa.fa-plus.fa-lg.text-muted' in '10' second(s)

2021-11-23 16:50:47 - [MESSAGE][PASSED] - Object 'Object Repository/Olusturma/Genel/Olusturma/Ekle' is clickable

2021-11-23 16:50:47 - [TEST_STEP][PASSED] - click(findTestObject("Object Repository/Olusturma/Genel/Olusturma/Ekle")): Object: 'Object Repository/Olusturma/Genel/Olusturma/Ekle' is clicked on

2021-11-23 16:50:47 - [MESSAGE][INFO] - Finding Test Object 'Object Repository/Olusturma/Genel/Olusturma/Ekle'

2021-11-23 16:50:47 - [MESSAGE][INFO] - Checking object

2021-11-23 16:50:47 - [MESSAGE][INFO] - Finding web element from Test Object's properties

2021-11-23 16:50:47 - [MESSAGE][INFO] - Checking timeout

2021-11-23 16:50:47 - [MESSAGE][INFO] - Finding web element with id: 'Object Repository/Olusturma/Genel/Olusturma/Ekle' located by 'By.cssSelector: #divmalhizmet i.fa.fa-plus.fa-lg.text-muted' in '30' second(s)

2021-11-23 16:50:47 - [MESSAGE][INFO] - Smart Wait Function is triggered

2021-11-23 16:50:48 - [MESSAGE][INFO] - Found 1 web elements with id: 'Object Repository/Olusturma/Genel/Olusturma/Ekle' located by 'By.cssSelector: #divmalhizmet i.fa.fa-plus.fa-lg.text-muted' in '30' second(s)

2021-11-23 16:50:48 - [MESSAGE][INFO] - Clicking on object: 'Object Repository/Olusturma/Genel/Olusturma/Ekle'

2021-11-23 16:50:48 - [MESSAGE][PASSED] - Object: 'Object Repository/Olusturma/Genel/Olusturma/Ekle' is clicked on

2021-11-23 16:50:48 - [TEST_STEP][PASSED] - waitForElementClickable(findTestObject("Olusturma/Genel/Olusturma/EklenenSatirCarpiImage"), 10): Object 'Object Repository/Olusturma/Genel/Olusturma/EklenenSatirCarpiImage' is clickable

2021-11-23 16:50:48 - [MESSAGE][INFO] - Finding Test Object 'Object Repository/Olusturma/Genel/Olusturma/EklenenSatirCarpiImage'

2021-11-23 16:50:48 - [MESSAGE][INFO] - Checking object

2021-11-23 16:50:48 - [MESSAGE][INFO] - Checking timeout

2021-11-23 16:50:48 - [MESSAGE][INFO] - Finding web element from Test Object's properties

2021-11-23 16:50:48 - [MESSAGE][INFO] - Checking timeout

2021-11-23 16:50:48 - [MESSAGE][INFO] - Finding web element with id: 'Object Repository/Olusturma/Genel/Olusturma/EklenenSatirCarpiImage' located by 'By.cssSelector: .fa.fa-times.fa-lg.text-primary' in '10' second(s)

2021-11-23 16:50:48 - [MESSAGE][INFO] - Smart Wait Function is triggered

2021-11-23 16:50:48 - [MESSAGE][INFO] - Found 1 web elements with id: 'Object Repository/Olusturma/Genel/Olusturma/EklenenSatirCarpiImage' located by 'By.cssSelector: .fa.fa-times.fa-lg.text-primary' in '10' second(s)

2021-11-23 16:50:48 - [MESSAGE][PASSED] - Object 'Object Repository/Olusturma/Genel/Olusturma/EklenenSatirCarpiImage' is clickable

2021-11-23 16:50:48 - [MESSAGE][PASSED] - Call Test Case 'Test Cases/Olusturma/Genel/EkleButonunaBasilir' successfully

2021-11-23 16:50:48 - [MESSAGE][INFO] - Checking called Test Case

2021-11-23 16:50:48 - [MESSAGE][INFO] - Starting to call Test Case 'Test Cases/Olusturma/Genel/Olusturma'

2021-11-23 16:50:48 - [TEST_CASE][PASSED] - Test Cases/Olusturma/Genel/Olusturma: Test Cases/Olusturma/Genel/Olusturma

2021-11-23 16:50:48 - [TEST_STEP][PASSED] - driver = getWebDriver(): null

2021-11-23 16:50:48 - [TEST_STEP][PASSED] - action = new org.openqa.selenium.interactions.Actions(driver): null

2021-11-23 16:50:48 - [TEST_STEP][PASSED] - baslikElement = <not implemented yet for class: org.codehaus.groovy.ast.expr.EmptyExpression>: null

2021-11-23 16:50:48 - [TEST_STEP][PASSED] - sonElement = <not implemented yet for class: org.codehaus.groovy.ast.expr.EmptyExpression>: null

2021-11-23 16:50:48 - [TEST_STEP][PASSED] - attr = <not implemented yet for class: org.codehaus.groovy.ast.expr.EmptyExpression>: null

2021-11-23 16:50:48 - [TEST_STEP][PASSED] - a = 0: null

2021-11-23 16:50:48 - [TEST_STEP][PASSED] - elements = findWebElements(findTestObject("Object Repository/Olusturma/Genel/Olusturma/TabloBasliklari"), 10): Found 17 web elements with id: 'Object Repository/Olusturma/Genel/Olusturma/TabloBasliklari' located by 'By.cssSelector: div#divmalhizmet .dxgvTable_LECustomTheme td.dxgvHeader_LECustomTheme tr>td:nth-child(1)' in '10' second(s)

2021-11-23 16:50:48 - [MESSAGE][INFO] - Finding Test Object 'Object Repository/Olusturma/Genel/Olusturma/TabloBasliklari'

2021-11-23 16:50:48 - [MESSAGE][INFO] - Checking timeout

2021-11-23 16:50:48 - [MESSAGE][INFO] - Finding web element with id: 'Object Repository/Olusturma/Genel/Olusturma/TabloBasliklari' located by 'By.cssSelector: div#divmalhizmet .dxgvTable_LECustomTheme td.dxgvHeader_LECustomTheme tr>td:nth-child(1)' in '10' second(s)

2021-11-23 16:50:48 - [MESSAGE][INFO] - Smart Wait Function is triggered

2021-11-23 16:50:49 - [MESSAGE][INFO] - Found 17 web elements with id: 'Object Repository/Olusturma/Genel/Olusturma/TabloBasliklari' located by 'By.cssSelector: div#divmalhizmet .dxgvTable_LECustomTheme td.dxgvHeader_LECustomTheme tr>td:nth-child(1)' in '10' second(s)

2021-11-23 16:50:49 - [TEST_STEP][PASSED] - for (def element : elements): null

2021-11-23 16:50:49 - [TEST_STEP][PASSED] - build().perform(): null

2021-11-23 16:50:50 - [TEST_STEP][PASSED] - if (getText().equals(Baslik)): null

2021-11-23 16:50:50 - [TEST_STEP][PASSED] - baslikElement = element.findElement(By.xpath("../../../..")): Smart Wait Function is triggered

2021-11-23 16:50:50 - [MESSAGE][INFO] - Smart Wait Function is triggered

2021-11-23 16:50:50 - [TEST_STEP][PASSED] - attr = baslikElement.getAttribute("id"): null

2021-11-23 16:50:50 - [TEST_STEP][PASSED] - println("girdi ve idsini aldı = " + attr): null

2021-11-23 16:50:50 - [TEST_STEP][PASSED] - break: null

2021-11-23 16:50:50 - [TEST_STEP][PASSED] - countElement = baslikElement.findElements(By.xpath("../td")): Smart Wait Function is triggered

2021-11-23 16:50:50 - [MESSAGE][INFO] - Smart Wait Function is triggered

2021-11-23 16:50:50 - [TEST_STEP][PASSED] - for (def element : countElement): null

2021-11-23 16:50:50 - [TEST_STEP][PASSED] - if (toString().equals(attr.toString())): null

2021-11-23 16:50:50 - [TEST_STEP][PASSED] - (a++): null

2021-11-23 16:50:50 - [TEST_STEP][PASSED] - if (toString().equals(attr.toString())): null

2021-11-23 16:50:50 - [TEST_STEP][PASSED] - break: null

2021-11-23 16:50:50 - [TEST_STEP][PASSED] - son = findWebElement(findTestObject("Object Repository/Olusturma/Genel/Olusturma/EklenenSatir")).findElement(By.xpath("td[@class='dxgvInlineEditCell_LECustomTheme dxgv'][" + a + "]//td[@class='dxic']/input")): Smart Wait Function is triggered

2021-11-23 16:50:50 - [MESSAGE][INFO] - Finding Test Object 'Object Repository/Olusturma/Genel/Olusturma/EklenenSatir'

2021-11-23 16:50:50 - [MESSAGE][INFO] - Finding web element from Test Object's properties

2021-11-23 16:50:50 - [MESSAGE][INFO] - Checking timeout

2021-11-23 16:50:50 - [MESSAGE][INFO] - Finding web element with id: 'Object Repository/Olusturma/Genel/Olusturma/EklenenSatir' located by 'By.cssSelector: #divmalhizmet .dxgvInlineEditRow_LECustomTheme' in '30' second(s)

2021-11-23 16:50:50 - [MESSAGE][INFO] - Smart Wait Function is triggered

2021-11-23 16:50:51 - [MESSAGE][INFO] - Found 1 web elements with id: 'Object Repository/Olusturma/Genel/Olusturma/EklenenSatir' located by 'By.cssSelector: #divmalhizmet .dxgvInlineEditRow_LECustomTheme' in '30' second(s)

2021-11-23 16:50:51 - [MESSAGE][INFO] - Smart Wait Function is triggered

2021-11-23 16:50:51 - [TEST_STEP][PASSED] - if (!(getAttribute("value").contains("Vkn"))): null

2021-11-23 16:50:51 - [TEST_STEP][PASSED] - son.clear(): null

2021-11-23 16:50:51 - [TEST_STEP][PASSED] - son.sendKeys(Deger): null

2021-11-23 16:50:51 - [MESSAGE][PASSED] - Call Test Case 'Test Cases/Olusturma/Genel/Olusturma' successfully

2021-11-23 16:50:51 - [MESSAGE][INFO] - Checking called Test Case

2021-11-23 16:50:51 - [MESSAGE][INFO] - Starting to call Test Case 'Test Cases/Olusturma/Genel/Olusturma'

2021-11-23 16:50:51 - [TEST_CASE][PASSED] - Test Cases/Olusturma/Genel/Olusturma: Test Cases/Olusturma/Genel/Olusturma

2021-11-23 16:50:51 - [TEST_STEP][PASSED] - driver = getWebDriver(): null

2021-11-23 16:50:51 - [TEST_STEP][PASSED] - action = new org.openqa.selenium.interactions.Actions(driver): null

2021-11-23 16:50:51 - [TEST_STEP][PASSED] - baslikElement = <not implemented yet for class: org.codehaus.groovy.ast.expr.EmptyExpression>: null

2021-11-23 16:50:51 - [TEST_STEP][PASSED] - sonElement = <not implemented yet for class: org.codehaus.groovy.ast.expr.EmptyExpression>: null

2021-11-23 16:50:51 - [TEST_STEP][PASSED] - attr = <not implemented yet for class: org.codehaus.groovy.ast.expr.EmptyExpression>: null

2021-11-23 16:50:51 - [TEST_STEP][PASSED] - a = 0: null

2021-11-23 16:50:51 - [TEST_STEP][PASSED] - elements = findWebElements(findTestObject("Object Repository/Olusturma/Genel/Olusturma/TabloBasliklari"), 10): Found 17 web elements with id: 'Object Repository/Olusturma/Genel/Olusturma/TabloBasliklari' located by 'By.cssSelector: div#divmalhizmet .dxgvTable_LECustomTheme td.dxgvHeader_LECustomTheme tr>td:nth-child(1)' in '10' second(s)

2021-11-23 16:50:51 - [MESSAGE][INFO] - Finding Test Object 'Object Repository/Olusturma/Genel/Olusturma/TabloBasliklari'

2021-11-23 16:50:51 - [MESSAGE][INFO] - Checking timeout

2021-11-23 16:50:51 - [MESSAGE][INFO] - Finding web element with id: 'Object Repository/Olusturma/Genel/Olusturma/TabloBasliklari' located by 'By.cssSelector: div#divmalhizmet .dxgvTable_LECustomTheme td.dxgvHeader_LECustomTheme tr>td:nth-child(1)' in '10' second(s)

2021-11-23 16:50:51 - [MESSAGE][INFO] - Smart Wait Function is triggered

2021-11-23 16:50:52 - [MESSAGE][INFO] - Found 17 web elements with id: 'Object Repository/Olusturma/Genel/Olusturma/TabloBasliklari' located by 'By.cssSelector: div#divmalhizmet .dxgvTable_LECustomTheme td.dxgvHeader_LECustomTheme tr>td:nth-child(1)' in '10' second(s)

2021-11-23 16:50:52 - [TEST_STEP][PASSED] - for (def element : elements): null

2021-11-23 16:50:52 - [TEST_STEP][PASSED] - build().perform(): null

2021-11-23 16:50:52 - [TEST_STEP][PASSED] - if (getText().equals(Baslik)): null

2021-11-23 16:50:52 - [TEST_STEP][PASSED] - build().perform(): null

2021-11-23 16:50:52 - [TEST_STEP][PASSED] - if (getText().equals(Baslik)): null

2021-11-23 16:50:52 - [TEST_STEP][PASSED] - baslikElement = element.findElement(By.xpath("../../../..")): Smart Wait Function is triggered

2021-11-23 16:50:52 - [MESSAGE][INFO] - Smart Wait Function is triggered

2021-11-23 16:50:52 - [TEST_STEP][PASSED] - attr = baslikElement.getAttribute("id"): null

2021-11-23 16:50:52 - [TEST_STEP][PASSED] - println("girdi ve idsini aldı = " + attr): null

2021-11-23 16:50:52 - [TEST_STEP][PASSED] - break: null

2021-11-23 16:50:52 - [TEST_STEP][PASSED] - countElement = baslikElement.findElements(By.xpath("../td")): Smart Wait Function is triggered

2021-11-23 16:50:52 - [MESSAGE][INFO] - Smart Wait Function is triggered

2021-11-23 16:50:53 - [TEST_STEP][PASSED] - for (def element : countElement): null

2021-11-23 16:50:53 - [TEST_STEP][PASSED] - if (toString().equals(attr.toString())): null

2021-11-23 16:50:53 - [TEST_STEP][PASSED] - (a++): null

2021-11-23 16:50:53 - [TEST_STEP][PASSED] - if (toString().equals(attr.toString())): null

2021-11-23 16:50:53 - [TEST_STEP][PASSED] - (a++): null

2021-11-23 16:50:53 - [TEST_STEP][PASSED] - if (toString().equals(attr.toString())): null

2021-11-23 16:50:53 - [TEST_STEP][PASSED] - break: null

2021-11-23 16:50:53 - [TEST_STEP][PASSED] - son = findWebElement(findTestObject("Object Repository/Olusturma/Genel/Olusturma/EklenenSatir")).findElement(By.xpath("td[@class='dxgvInlineEditCell_LECustomTheme dxgv'][" + a + "]//td[@class='dxic']/input")): Smart Wait Function is triggered

2021-11-23 16:50:53 - [MESSAGE][INFO] - Finding Test Object 'Object Repository/Olusturma/Genel/Olusturma/EklenenSatir'

2021-11-23 16:50:53 - [MESSAGE][INFO] - Finding web element from Test Object's properties

2021-11-23 16:50:53 - [MESSAGE][INFO] - Checking timeout

2021-11-23 16:50:53 - [MESSAGE][INFO] - Finding web element with id: 'Object Repository/Olusturma/Genel/Olusturma/EklenenSatir' located by 'By.cssSelector: #divmalhizmet .dxgvInlineEditRow_LECustomTheme' in '30' second(s)

2021-11-23 16:50:53 - [MESSAGE][INFO] - Smart Wait Function is triggered

2021-11-23 16:50:53 - [MESSAGE][INFO] - Found 1 web elements with id: 'Object Repository/Olusturma/Genel/Olusturma/EklenenSatir' located by 'By.cssSelector: #divmalhizmet .dxgvInlineEditRow_LECustomTheme' in '30' second(s)

2021-11-23 16:50:53 - [MESSAGE][INFO] - Smart Wait Function is triggered

2021-11-23 16:50:53 - [TEST_STEP][PASSED] - if (!(getAttribute("value").contains("Vkn"))): null

2021-11-23 16:50:53 - [TEST_STEP][PASSED] - son.clear(): null

2021-11-23 16:50:53 - [TEST_STEP][PASSED] - son.sendKeys(Deger): null

2021-11-23 16:50:53 - [MESSAGE][PASSED] - Call Test Case 'Test Cases/Olusturma/Genel/Olusturma' successfully

2021-11-23 16:50:53 - [MESSAGE][INFO] - Checking called Test Case

2021-11-23 16:50:53 - [MESSAGE][INFO] - Starting to call Test Case 'Test Cases/Olusturma/Genel/Olusturma'

2021-11-23 16:50:53 - [TEST_CASE][PASSED] - Test Cases/Olusturma/Genel/Olusturma: Test Cases/Olusturma/Genel/Olusturma

2021-11-23 16:50:53 - [TEST_STEP][PASSED] - driver = getWebDriver(): null

2021-11-23 16:50:53 - [TEST_STEP][PASSED] - action = new org.openqa.selenium.interactions.Actions(driver): null

2021-11-23 16:50:53 - [TEST_STEP][PASSED] - baslikElement = <not implemented yet for class: org.codehaus.groovy.ast.expr.EmptyExpression>: null

2021-11-23 16:50:53 - [TEST_STEP][PASSED] - sonElement = <not implemented yet for class: org.codehaus.groovy.ast.expr.EmptyExpression>: null

2021-11-23 16:50:53 - [TEST_STEP][PASSED] - attr = <not implemented yet for class: org.codehaus.groovy.ast.expr.EmptyExpression>: null

2021-11-23 16:50:53 - [TEST_STEP][PASSED] - a = 0: null

2021-11-23 16:50:53 - [TEST_STEP][PASSED] - elements = findWebElements(findTestObject("Object Repository/Olusturma/Genel/Olusturma/TabloBasliklari"), 10): Found 17 web elements with id: 'Object Repository/Olusturma/Genel/Olusturma/TabloBasliklari' located by 'By.cssSelector: div#divmalhizmet .dxgvTable_LECustomTheme td.dxgvHeader_LECustomTheme tr>td:nth-child(1)' in '10' second(s)

2021-11-23 16:50:53 - [MESSAGE][INFO] - Finding Test Object 'Object Repository/Olusturma/Genel/Olusturma/TabloBasliklari'

2021-11-23 16:50:54 - [MESSAGE][INFO] - Checking timeout

2021-11-23 16:50:54 - [MESSAGE][INFO] - Finding web element with id: 'Object Repository/Olusturma/Genel/Olusturma/TabloBasliklari' located by 'By.cssSelector: div#divmalhizmet .dxgvTable_LECustomTheme td.dxgvHeader_LECustomTheme tr>td:nth-child(1)' in '10' second(s)

2021-11-23 16:50:54 - [MESSAGE][INFO] - Smart Wait Function is triggered

2021-11-23 16:50:54 - [MESSAGE][INFO] - Found 17 web elements with id: 'Object Repository/Olusturma/Genel/Olusturma/TabloBasliklari' located by 'By.cssSelector: div#divmalhizmet .dxgvTable_LECustomTheme td.dxgvHeader_LECustomTheme tr>td:nth-child(1)' in '10' second(s)

2021-11-23 16:50:54 - [TEST_STEP][PASSED] - for (def element : elements): null

2021-11-23 16:50:54 - [TEST_STEP][PASSED] - build().perform(): null

2021-11-23 16:50:54 - [TEST_STEP][PASSED] - if (getText().equals(Baslik)): null

2021-11-23 16:50:54 - [TEST_STEP][PASSED] - build().perform(): null

2021-11-23 16:50:54 - [TEST_STEP][PASSED] - if (getText().equals(Baslik)): null

2021-11-23 16:50:54 - [TEST_STEP][PASSED] - build().perform(): null

2021-11-23 16:50:54 - [TEST_STEP][PASSED] - if (getText().equals(Baslik)): null

2021-11-23 16:50:54 - [TEST_STEP][PASSED] - build().perform(): null

2021-11-23 16:50:54 - [TEST_STEP][PASSED] - if (getText().equals(Baslik)): null

2021-11-23 16:50:54 - [TEST_STEP][PASSED] - baslikElement = element.findElement(By.xpath("../../../..")): Smart Wait Function is triggered

2021-11-23 16:50:54 - [MESSAGE][INFO] - Smart Wait Function is triggered

2021-11-23 16:50:55 - [TEST_STEP][PASSED] - attr = baslikElement.getAttribute("id"): null

2021-11-23 16:50:55 - [TEST_STEP][PASSED] - println("girdi ve idsini aldı = " + attr): null

2021-11-23 16:50:55 - [TEST_STEP][PASSED] - break: null

2021-11-23 16:50:55 - [TEST_STEP][PASSED] - countElement = baslikElement.findElements(By.xpath("../td")): Smart Wait Function is triggered

2021-11-23 16:50:55 - [MESSAGE][INFO] - Smart Wait Function is triggered

2021-11-23 16:50:55 - [TEST_STEP][PASSED] - for (def element : countElement): null

2021-11-23 16:50:55 - [TEST_STEP][PASSED] - if (toString().equals(attr.toString())): null

2021-11-23 16:50:55 - [TEST_STEP][PASSED] - (a++): null

2021-11-23 16:50:55 - [TEST_STEP][PASSED] - if (toString().equals(attr.toString())): null

2021-11-23 16:50:55 - [TEST_STEP][PASSED] - (a++): null

2021-11-23 16:50:55 - [TEST_STEP][PASSED] - if (toString().equals(attr.toString())): null

2021-11-23 16:50:55 - [TEST_STEP][PASSED] - (a++): null

2021-11-23 16:50:55 - [TEST_STEP][PASSED] - if (toString().equals(attr.toString())): null

2021-11-23 16:50:55 - [TEST_STEP][PASSED] - (a++): null

2021-11-23 16:50:55 - [TEST_STEP][PASSED] - if (toString().equals(attr.toString())): null

2021-11-23 16:50:55 - [TEST_STEP][PASSED] - break: null

2021-11-23 16:50:55 - [TEST_STEP][PASSED] - son = findWebElement(findTestObject("Object Repository/Olusturma/Genel/Olusturma/EklenenSatir")).findElement(By.xpath("td[@class='dxgvInlineEditCell_LECustomTheme dxgv'][" + a + "]//td[@class='dxic']/input")): Smart Wait Function is triggered

2021-11-23 16:50:55 - [MESSAGE][INFO] - Finding Test Object 'Object Repository/Olusturma/Genel/Olusturma/EklenenSatir'

2021-11-23 16:50:55 - [MESSAGE][INFO] - Finding web element from Test Object's properties

2021-11-23 16:50:55 - [MESSAGE][INFO] - Checking timeout

2021-11-23 16:50:55 - [MESSAGE][INFO] - Finding web element with id: 'Object Repository/Olusturma/Genel/Olusturma/EklenenSatir' located by 'By.cssSelector: #divmalhizmet .dxgvInlineEditRow_LECustomTheme' in '30' second(s)

2021-11-23 16:50:55 - [MESSAGE][INFO] - Smart Wait Function is triggered

2021-11-23 16:50:55 - [MESSAGE][INFO] - Found 1 web elements with id: 'Object Repository/Olusturma/Genel/Olusturma/EklenenSatir' located by 'By.cssSelector: #divmalhizmet .dxgvInlineEditRow_LECustomTheme' in '30' second(s)

2021-11-23 16:50:55 - [MESSAGE][INFO] - Smart Wait Function is triggered

2021-11-23 16:50:56 - [TEST_STEP][PASSED] - if (!(getAttribute("value").contains("Vkn"))): null

2021-11-23 16:50:56 - [TEST_STEP][PASSED] - son.clear(): null

2021-11-23 16:50:56 - [TEST_STEP][PASSED] - son.sendKeys(Deger): null

2021-11-23 16:50:56 - [MESSAGE][PASSED] - Call Test Case 'Test Cases/Olusturma/Genel/Olusturma' successfully

2021-11-23 16:50:56 - [MESSAGE][INFO] - Checking called Test Case

2021-11-23 16:50:56 - [MESSAGE][INFO] - Starting to call Test Case 'Test Cases/Olusturma/Genel/Olusturma'

2021-11-23 16:50:56 - [TEST_CASE][PASSED] - Test Cases/Olusturma/Genel/Olusturma: Test Cases/Olusturma/Genel/Olusturma

2021-11-23 16:50:56 - [TEST_STEP][PASSED] - driver = getWebDriver(): null

2021-11-23 16:50:56 - [TEST_STEP][PASSED] - action = new org.openqa.selenium.interactions.Actions(driver): null

2021-11-23 16:50:56 - [TEST_STEP][PASSED] - baslikElement = <not implemented yet for class: org.codehaus.groovy.ast.expr.EmptyExpression>: null

2021-11-23 16:50:56 - [TEST_STEP][PASSED] - sonElement = <not implemented yet for class: org.codehaus.groovy.ast.expr.EmptyExpression>: null

2021-11-23 16:50:56 - [TEST_STEP][PASSED] - attr = <not implemented yet for class: org.codehaus.groovy.ast.expr.EmptyExpression>: null

2021-11-23 16:50:56 - [TEST_STEP][PASSED] - a = 0: null

2021-11-23 16:50:56 - [TEST_STEP][PASSED] - elements = findWebElements(findTestObject("Object Repository/Olusturma/Genel/Olusturma/TabloBasliklari"), 10): Found 17 web elements with id: 'Object Repository/Olusturma/Genel/Olusturma/TabloBasliklari' located by 'By.cssSelector: div#divmalhizmet .dxgvTable_LECustomTheme td.dxgvHeader_LECustomTheme tr>td:nth-child(1)' in '10' second(s)

2021-11-23 16:50:56 - [MESSAGE][INFO] - Finding Test Object 'Object Repository/Olusturma/Genel/Olusturma/TabloBasliklari'

2021-11-23 16:50:56 - [MESSAGE][INFO] - Checking timeout

2021-11-23 16:50:56 - [MESSAGE][INFO] - Finding web element with id: 'Object Repository/Olusturma/Genel/Olusturma/TabloBasliklari' located by 'By.cssSelector: div#divmalhizmet .dxgvTable_LECustomTheme td.dxgvHeader_LECustomTheme tr>td:nth-child(1)' in '10' second(s)

2021-11-23 16:50:56 - [MESSAGE][INFO] - Smart Wait Function is triggered

2021-11-23 16:50:56 - [MESSAGE][INFO] - Found 17 web elements with id: 'Object Repository/Olusturma/Genel/Olusturma/TabloBasliklari' located by 'By.cssSelector: div#divmalhizmet .dxgvTable_LECustomTheme td.dxgvHeader_LECustomTheme tr>td:nth-child(1)' in '10' second(s)

2021-11-23 16:50:56 - [TEST_STEP][PASSED] - for (def element : elements): null

2021-11-23 16:50:56 - [TEST_STEP][PASSED] - build().perform(): null

2021-11-23 16:50:56 - [TEST_STEP][PASSED] - if (getText().equals(Baslik)): null

2021-11-23 16:50:56 - [TEST_STEP][PASSED] - build().perform(): null

2021-11-23 16:50:57 - [TEST_STEP][PASSED] - if (getText().equals(Baslik)): null

2021-11-23 16:50:57 - [TEST_STEP][PASSED] - build().perform(): null

2021-11-23 16:50:57 - [TEST_STEP][PASSED] - if (getText().equals(Baslik)): null

2021-11-23 16:50:57 - [TEST_STEP][PASSED] - build().perform(): null

2021-11-23 16:50:57 - [TEST_STEP][PASSED] - if (getText().equals(Baslik)): null

2021-11-23 16:50:57 - [TEST_STEP][PASSED] - build().perform(): null

2021-11-23 16:50:57 - [TEST_STEP][PASSED] - if (getText().equals(Baslik)): null

2021-11-23 16:50:57 - [TEST_STEP][PASSED] - build().perform(): null

2021-11-23 16:50:57 - [TEST_STEP][PASSED] - if (getText().equals(Baslik)): null

2021-11-23 16:50:57 - [TEST_STEP][PASSED] - baslikElement = element.findElement(By.xpath("../../../..")): Smart Wait Function is triggered

2021-11-23 16:50:57 - [MESSAGE][INFO] - Smart Wait Function is triggered

2021-11-23 16:50:58 - [TEST_STEP][PASSED] - attr = baslikElement.getAttribute("id"): null

2021-11-23 16:50:58 - [TEST_STEP][PASSED] - println("girdi ve idsini aldı = " + attr): null

2021-11-23 16:50:58 - [TEST_STEP][PASSED] - break: null

2021-11-23 16:50:58 - [TEST_STEP][PASSED] - countElement = baslikElement.findElements(By.xpath("../td")): Smart Wait Function is triggered

2021-11-23 16:50:58 - [MESSAGE][INFO] - Smart Wait Function is triggered

2021-11-23 16:50:58 - [TEST_STEP][PASSED] - for (def element : countElement): null

2021-11-23 16:50:58 - [TEST_STEP][PASSED] - if (toString().equals(attr.toString())): null

2021-11-23 16:50:58 - [TEST_STEP][PASSED] - (a++): null

2021-11-23 16:50:58 - [TEST_STEP][PASSED] - if (toString().equals(attr.toString())): null

2021-11-23 16:50:58 - [TEST_STEP][PASSED] - (a++): null

2021-11-23 16:50:58 - [TEST_STEP][PASSED] - if (toString().equals(attr.toString())): null

2021-11-23 16:50:58 - [TEST_STEP][PASSED] - (a++): null

2021-11-23 16:50:58 - [TEST_STEP][PASSED] - if (toString().equals(attr.toString())): null

2021-11-23 16:50:58 - [TEST_STEP][PASSED] - (a++): null

2021-11-23 16:50:58 - [TEST_STEP][PASSED] - if (toString().equals(attr.toString())): null

2021-11-23 16:50:58 - [TEST_STEP][PASSED] - (a++): null

2021-11-23 16:50:58 - [TEST_STEP][PASSED] - if (toString().equals(attr.toString())): null

2021-11-23 16:50:58 - [TEST_STEP][PASSED] - (a++): null

2021-11-23 16:50:58 - [TEST_STEP][PASSED] - if (toString().equals(attr.toString())): null

2021-11-23 16:50:58 - [TEST_STEP][PASSED] - break: null

2021-11-23 16:50:58 - [TEST_STEP][PASSED] - son = findWebElement(findTestObject("Object Repository/Olusturma/Genel/Olusturma/EklenenSatir")).findElement(By.xpath("td[@class='dxgvInlineEditCell_LECustomTheme dxgv'][" + a + "]//td[@class='dxic']/input")): Smart Wait Function is triggered

2021-11-23 16:50:58 - [MESSAGE][INFO] - Finding Test Object 'Object Repository/Olusturma/Genel/Olusturma/EklenenSatir'

2021-11-23 16:50:58 - [MESSAGE][INFO] - Finding web element from Test Object's properties

2021-11-23 16:50:58 - [MESSAGE][INFO] - Checking timeout

2021-11-23 16:50:58 - [MESSAGE][INFO] - Finding web element with id: 'Object Repository/Olusturma/Genel/Olusturma/EklenenSatir' located by 'By.cssSelector: #divmalhizmet .dxgvInlineEditRow_LECustomTheme' in '30' second(s)

2021-11-23 16:50:58 - [MESSAGE][INFO] - Smart Wait Function is triggered

2021-11-23 16:50:58 - [MESSAGE][INFO] - Found 1 web elements with id: 'Object Repository/Olusturma/Genel/Olusturma/EklenenSatir' located by 'By.cssSelector: #divmalhizmet .dxgvInlineEditRow_LECustomTheme' in '30' second(s)

2021-11-23 16:50:58 - [MESSAGE][INFO] - Smart Wait Function is triggered

2021-11-23 16:50:59 - [TEST_STEP][PASSED] - if (!(getAttribute("value").contains("Vkn"))): null

2021-11-23 16:50:59 - [TEST_STEP][PASSED] - son.clear(): null

2021-11-23 16:50:59 - [TEST_STEP][PASSED] - son.sendKeys(Deger): null

2021-11-23 16:50:59 - [MESSAGE][PASSED] - Call Test Case 'Test Cases/Olusturma/Genel/Olusturma' successfully

2021-11-23 16:50:59 - [MESSAGE][INFO] - Checking called Test Case

2021-11-23 16:50:59 - [MESSAGE][INFO] - Starting to call Test Case 'Test Cases/Olusturma/Genel/Olusturma'

2021-11-23 16:50:59 - [TEST_CASE][PASSED] - Test Cases/Olusturma/Genel/Olusturma: Test Cases/Olusturma/Genel/Olusturma

2021-11-23 16:50:59 - [TEST_STEP][PASSED] - driver = getWebDriver(): null

2021-11-23 16:50:59 - [TEST_STEP][PASSED] - action = new org.openqa.selenium.interactions.Actions(driver): null

2021-11-23 16:50:59 - [TEST_STEP][PASSED] - baslikElement = <not implemented yet for class: org.codehaus.groovy.ast.expr.EmptyExpression>: null

2021-11-23 16:50:59 - [TEST_STEP][PASSED] - sonElement = <not implemented yet for class: org.codehaus.groovy.ast.expr.EmptyExpression>: null

2021-11-23 16:50:59 - [TEST_STEP][PASSED] - attr = <not implemented yet for class: org.codehaus.groovy.ast.expr.EmptyExpression>: null

2021-11-23 16:50:59 - [TEST_STEP][PASSED] - a = 0: null

2021-11-23 16:50:59 - [TEST_STEP][PASSED] - elements = findWebElements(findTestObject("Object Repository/Olusturma/Genel/Olusturma/TabloBasliklari"), 10): Found 17 web elements with id: 'Object Repository/Olusturma/Genel/Olusturma/TabloBasliklari' located by 'By.cssSelector: div#divmalhizmet .dxgvTable_LECustomTheme td.dxgvHeader_LECustomTheme tr>td:nth-child(1)' in '10' second(s)

2021-11-23 16:50:59 - [MESSAGE][INFO] - Finding Test Object 'Object Repository/Olusturma/Genel/Olusturma/TabloBasliklari'

2021-11-23 16:50:59 - [MESSAGE][INFO] - Checking timeout

2021-11-23 16:50:59 - [MESSAGE][INFO] - Finding web element with id: 'Object Repository/Olusturma/Genel/Olusturma/TabloBasliklari' located by 'By.cssSelector: div#divmalhizmet .dxgvTable_LECustomTheme td.dxgvHeader_LECustomTheme tr>td:nth-child(1)' in '10' second(s)

2021-11-23 16:50:59 - [MESSAGE][INFO] - Smart Wait Function is triggered

2021-11-23 16:50:59 - [MESSAGE][INFO] - Found 17 web elements with id: 'Object Repository/Olusturma/Genel/Olusturma/TabloBasliklari' located by 'By.cssSelector: div#divmalhizmet .dxgvTable_LECustomTheme td.dxgvHeader_LECustomTheme tr>td:nth-child(1)' in '10' second(s)

2021-11-23 16:50:59 - [TEST_STEP][PASSED] - for (def element : elements): null

2021-11-23 16:50:59 - [TEST_STEP][PASSED] - build().perform(): null

2021-11-23 16:51:00 - [TEST_STEP][PASSED] - if (getText().equals(Baslik)): null

2021-11-23 16:51:00 - [TEST_STEP][PASSED] - build().perform(): null

2021-11-23 16:51:00 - [TEST_STEP][PASSED] - if (getText().equals(Baslik)): null

2021-11-23 16:51:00 - [TEST_STEP][PASSED] - build().perform(): null

2021-11-23 16:51:00 - [TEST_STEP][PASSED] - if (getText().equals(Baslik)): null

2021-11-23 16:51:00 - [TEST_STEP][PASSED] - build().perform(): null

2021-11-23 16:51:00 - [TEST_STEP][PASSED] - if (getText().equals(Baslik)): null

2021-11-23 16:51:00 - [TEST_STEP][PASSED] - build().perform(): null

2021-11-23 16:51:00 - [TEST_STEP][PASSED] - if (getText().equals(Baslik)): null

2021-11-23 16:51:00 - [TEST_STEP][PASSED] - build().perform(): null

2021-11-23 16:51:00 - [TEST_STEP][PASSED] - if (getText().equals(Baslik)): null

2021-11-23 16:51:00 - [TEST_STEP][PASSED] - build().perform(): null

2021-11-23 16:51:01 - [TEST_STEP][PASSED] - if (getText().equals(Baslik)): null

2021-11-23 16:51:01 - [TEST_STEP][PASSED] - baslikElement = element.findElement(By.xpath("../../../..")): Smart Wait Function is triggered

2021-11-23 16:51:01 - [MESSAGE][INFO] - Smart Wait Function is triggered

2021-11-23 16:51:01 - [TEST_STEP][PASSED] - attr = baslikElement.getAttribute("id"): null

2021-11-23 16:51:01 - [TEST_STEP][PASSED] - println("girdi ve idsini aldı = " + attr): null

2021-11-23 16:51:01 - [TEST_STEP][PASSED] - break: null

2021-11-23 16:51:01 - [TEST_STEP][PASSED] - countElement = baslikElement.findElements(By.xpath("../td")): Smart Wait Function is triggered

2021-11-23 16:51:01 - [MESSAGE][INFO] - Smart Wait Function is triggered

2021-11-23 16:51:01 - [TEST_STEP][PASSED] - for (def element : countElement): null

2021-11-23 16:51:01 - [TEST_STEP][PASSED] - if (toString().equals(attr.toString())): null

2021-11-23 16:51:01 - [TEST_STEP][PASSED] - (a++): null

2021-11-23 16:51:01 - [TEST_STEP][PASSED] - if (toString().equals(attr.toString())): null

2021-11-23 16:51:01 - [TEST_STEP][PASSED] - (a++): null

2021-11-23 16:51:01 - [TEST_STEP][PASSED] - if (toString().equals(attr.toString())): null

2021-11-23 16:51:02 - [TEST_STEP][PASSED] - (a++): null

2021-11-23 16:51:02 - [TEST_STEP][PASSED] - if (toString().equals(attr.toString())): null

2021-11-23 16:51:02 - [TEST_STEP][PASSED] - (a++): null

2021-11-23 16:51:02 - [TEST_STEP][PASSED] - if (toString().equals(attr.toString())): null

2021-11-23 16:51:02 - [TEST_STEP][PASSED] - (a++): null

2021-11-23 16:51:02 - [TEST_STEP][PASSED] - if (toString().equals(attr.toString())): null

2021-11-23 16:51:02 - [TEST_STEP][PASSED] - (a++): null

2021-11-23 16:51:02 - [TEST_STEP][PASSED] - if (toString().equals(attr.toString())): null

2021-11-23 16:51:02 - [TEST_STEP][PASSED] - (a++): null

2021-11-23 16:51:02 - [TEST_STEP][PASSED] - if (toString().equals(attr.toString())): null

2021-11-23 16:51:02 - [TEST_STEP][PASSED] - break: null

2021-11-23 16:51:02 - [TEST_STEP][PASSED] - son = findWebElement(findTestObject("Object Repository/Olusturma/Genel/Olusturma/EklenenSatir")).findElement(By.xpath("td[@class='dxgvInlineEditCell_LECustomTheme dxgv'][" + a + "]//td[@class='dxic']/input")): Smart Wait Function is triggered

2021-11-23 16:51:02 - [MESSAGE][INFO] - Finding Test Object 'Object Repository/Olusturma/Genel/Olusturma/EklenenSatir'

2021-11-23 16:51:02 - [MESSAGE][INFO] - Finding web element from Test Object's properties

2021-11-23 16:51:02 - [MESSAGE][INFO] - Checking timeout

2021-11-23 16:51:02 - [MESSAGE][INFO] - Finding web element with id: 'Object Repository/Olusturma/Genel/Olusturma/EklenenSatir' located by 'By.cssSelector: #divmalhizmet .dxgvInlineEditRow_LECustomTheme' in '30' second(s)

2021-11-23 16:51:02 - [MESSAGE][INFO] - Smart Wait Function is triggered

2021-11-23 16:51:02 - [MESSAGE][INFO] - Found 1 web elements with id: 'Object Repository/Olusturma/Genel/Olusturma/EklenenSatir' located by 'By.cssSelector: #divmalhizmet .dxgvInlineEditRow_LECustomTheme' in '30' second(s)

2021-11-23 16:51:02 - [MESSAGE][INFO] - Smart Wait Function is triggered

2021-11-23 16:51:02 - [TEST_STEP][PASSED] - if (!(getAttribute("value").contains("Vkn"))): null

2021-11-23 16:51:02 - [TEST_STEP][PASSED] - son.clear(): null

2021-11-23 16:51:02 - [TEST_STEP][PASSED] - son.sendKeys(Deger): null

2021-11-23 16:51:03 - [MESSAGE][PASSED] - Call Test Case 'Test Cases/Olusturma/Genel/Olusturma' successfully

2021-11-23 16:51:03 - [MESSAGE][INFO] - Checking called Test Case

2021-11-23 16:51:03 - [MESSAGE][INFO] - Starting to call Test Case 'Test Cases/Olusturma/Genel/Olusturma'

2021-11-23 16:51:03 - [TEST_CASE][PASSED] - Test Cases/Olusturma/Genel/Olusturma: Test Cases/Olusturma/Genel/Olusturma

2021-11-23 16:51:03 - [TEST_STEP][PASSED] - driver = getWebDriver(): null

2021-11-23 16:51:03 - [TEST_STEP][PASSED] - action = new org.openqa.selenium.interactions.Actions(driver): null

2021-11-23 16:51:03 - [TEST_STEP][PASSED] - baslikElement = <not implemented yet for class: org.codehaus.groovy.ast.expr.EmptyExpression>: null

2021-11-23 16:51:03 - [TEST_STEP][PASSED] - sonElement = <not implemented yet for class: org.codehaus.groovy.ast.expr.EmptyExpression>: null

2021-11-23 16:51:03 - [TEST_STEP][PASSED] - attr = <not implemented yet for class: org.codehaus.groovy.ast.expr.EmptyExpression>: null

2021-11-23 16:51:03 - [TEST_STEP][PASSED] - a = 0: null

2021-11-23 16:51:03 - [TEST_STEP][PASSED] - elements = findWebElements(findTestObject("Object Repository/Olusturma/Genel/Olusturma/TabloBasliklari"), 10): Found 17 web elements with id: 'Object Repository/Olusturma/Genel/Olusturma/TabloBasliklari' located by 'By.cssSelector: div#divmalhizmet .dxgvTable_LECustomTheme td.dxgvHeader_LECustomTheme tr>td:nth-child(1)' in '10' second(s)

2021-11-23 16:51:03 - [MESSAGE][INFO] - Finding Test Object 'Object Repository/Olusturma/Genel/Olusturma/TabloBasliklari'

2021-11-23 16:51:03 - [MESSAGE][INFO] - Checking timeout

2021-11-23 16:51:03 - [MESSAGE][INFO] - Finding web element with id: 'Object Repository/Olusturma/Genel/Olusturma/TabloBasliklari' located by 'By.cssSelector: div#divmalhizmet .dxgvTable_LECustomTheme td.dxgvHeader_LECustomTheme tr>td:nth-child(1)' in '10' second(s)

2021-11-23 16:51:03 - [MESSAGE][INFO] - Smart Wait Function is triggered

2021-11-23 16:51:03 - [MESSAGE][INFO] - Found 17 web elements with id: 'Object Repository/Olusturma/Genel/Olusturma/TabloBasliklari' located by 'By.cssSelector: div#divmalhizmet .dxgvTable_LECustomTheme td.dxgvHeader_LECustomTheme tr>td:nth-child(1)' in '10' second(s)

2021-11-23 16:51:03 - [TEST_STEP][PASSED] - for (def element : elements): null

2021-11-23 16:51:03 - [TEST_STEP][PASSED] - build().perform(): null

2021-11-23 16:51:03 - [TEST_STEP][PASSED] - if (getText().equals(Baslik)): null

2021-11-23 16:51:03 - [TEST_STEP][PASSED] - build().perform(): null

2021-11-23 16:51:03 - [TEST_STEP][PASSED] - if (getText().equals(Baslik)): null

2021-11-23 16:51:03 - [TEST_STEP][PASSED] - build().perform(): null

2021-11-23 16:51:04 - [TEST_STEP][PASSED] - if (getText().equals(Baslik)): null

2021-11-23 16:51:04 - [TEST_STEP][PASSED] - build().perform(): null

2021-11-23 16:51:04 - [TEST_STEP][PASSED] - if (getText().equals(Baslik)): null

2021-11-23 16:51:04 - [TEST_STEP][PASSED] - build().perform(): null

2021-11-23 16:51:04 - [TEST_STEP][PASSED] - if (getText().equals(Baslik)): null

2021-11-23 16:51:04 - [TEST_STEP][PASSED] - build().perform(): null

2021-11-23 16:51:04 - [TEST_STEP][PASSED] - if (getText().equals(Baslik)): null

2021-11-23 16:51:04 - [TEST_STEP][PASSED] - build().perform(): null

2021-11-23 16:51:04 - [TEST_STEP][PASSED] - if (getText().equals(Baslik)): null

2021-11-23 16:51:04 - [TEST_STEP][PASSED] - build().perform(): null

2021-11-23 16:51:04 - [TEST_STEP][PASSED] - if (getText().equals(Baslik)): null

2021-11-23 16:51:04 - [TEST_STEP][PASSED] - build().perform(): null

2021-11-23 16:51:05 - [TEST_STEP][PASSED] - if (getText().equals(Baslik)): null

2021-11-23 16:51:05 - [TEST_STEP][PASSED] - build().perform(): null

2021-11-23 16:51:05 - [TEST_STEP][PASSED] - if (getText().equals(Baslik)): null

2021-11-23 16:51:05 - [TEST_STEP][PASSED] - build().perform(): null

2021-11-23 16:51:05 - [TEST_STEP][PASSED] - if (getText().equals(Baslik)): null

2021-11-23 16:51:05 - [TEST_STEP][PASSED] - build().perform(): null

2021-11-23 16:51:05 - [TEST_STEP][PASSED] - if (getText().equals(Baslik)): null

2021-11-23 16:51:05 - [TEST_STEP][PASSED] - build().perform(): null

2021-11-23 16:51:05 - [TEST_STEP][PASSED] - if (getText().equals(Baslik)): null

2021-11-23 16:51:05 - [TEST_STEP][PASSED] - build().perform(): null

2021-11-23 16:51:05 - [TEST_STEP][PASSED] - if (getText().equals(Baslik)): null

2021-11-23 16:51:05 - [TEST_STEP][PASSED] - build().perform(): null

2021-11-23 16:51:05 - [TEST_STEP][PASSED] - if (getText().equals(Baslik)): null

2021-11-23 16:51:05 - [TEST_STEP][PASSED] - build().perform(): null

2021-11-23 16:51:06 - [TEST_STEP][PASSED] - if (getText().equals(Baslik)): null

2021-11-23 16:51:06 - [TEST_STEP][PASSED] - baslikElement = element.findElement(By.xpath("../../../..")): Smart Wait Function is triggered

2021-11-23 16:51:06 - [MESSAGE][INFO] - Smart Wait Function is triggered

2021-11-23 16:51:06 - [TEST_STEP][PASSED] - attr = baslikElement.getAttribute("id"): null

2021-11-23 16:51:06 - [TEST_STEP][PASSED] - println("girdi ve idsini aldı = " + attr): null

2021-11-23 16:51:06 - [TEST_STEP][PASSED] - break: null

2021-11-23 16:51:06 - [TEST_STEP][PASSED] - countElement = baslikElement.findElements(By.xpath("../td")): Smart Wait Function is triggered

2021-11-23 16:51:06 - [MESSAGE][INFO] - Smart Wait Function is triggered

2021-11-23 16:51:06 - [TEST_STEP][PASSED] - for (def element : countElement): null

2021-11-23 16:51:06 - [TEST_STEP][PASSED] - if (toString().equals(attr.toString())): null

2021-11-23 16:51:06 - [TEST_STEP][PASSED] - (a++): null

2021-11-23 16:51:06 - [TEST_STEP][PASSED] - if (toString().equals(attr.toString())): null

2021-11-23 16:51:06 - [TEST_STEP][PASSED] - (a++): null

2021-11-23 16:51:06 - [TEST_STEP][PASSED] - if (toString().equals(attr.toString())): null

2021-11-23 16:51:06 - [TEST_STEP][PASSED] - (a++): null

2021-11-23 16:51:06 - [TEST_STEP][PASSED] - if (toString().equals(attr.toString())): null

2021-11-23 16:51:06 - [TEST_STEP][PASSED] - (a++): null

2021-11-23 16:51:06 - [TEST_STEP][PASSED] - if (toString().equals(attr.toString())): null

2021-11-23 16:51:06 - [TEST_STEP][PASSED] - (a++): null

2021-11-23 16:51:06 - [TEST_STEP][PASSED] - if (toString().equals(attr.toString())): null

2021-11-23 16:51:06 - [TEST_STEP][PASSED] - (a++): null

2021-11-23 16:51:06 - [TEST_STEP][PASSED] - if (toString().equals(attr.toString())): null

2021-11-23 16:51:06 - [TEST_STEP][PASSED] - (a++): null

2021-11-23 16:51:06 - [TEST_STEP][PASSED] - if (toString().equals(attr.toString())): null

2021-11-23 16:51:06 - [TEST_STEP][PASSED] - (a++): null

2021-11-23 16:51:06 - [TEST_STEP][PASSED] - if (toString().equals(attr.toString())): null

2021-11-23 16:51:06 - [TEST_STEP][PASSED] - (a++): null

2021-11-23 16:51:06 - [TEST_STEP][PASSED] - if (toString().equals(attr.toString())): null

2021-11-23 16:51:06 - [TEST_STEP][PASSED] - (a++): null

2021-11-23 16:51:06 - [TEST_STEP][PASSED] - if (toString().equals(attr.toString())): null

2021-11-23 16:51:06 - [TEST_STEP][PASSED] - (a++): null

2021-11-23 16:51:06 - [TEST_STEP][PASSED] - if (toString().equals(attr.toString())): null

2021-11-23 16:51:06 - [TEST_STEP][PASSED] - (a++): null

2021-11-23 16:51:06 - [TEST_STEP][PASSED] - if (toString().equals(attr.toString())): null

2021-11-23 16:51:06 - [TEST_STEP][PASSED] - (a++): null

2021-11-23 16:51:06 - [TEST_STEP][PASSED] - if (toString().equals(attr.toString())): null

2021-11-23 16:51:06 - [TEST_STEP][PASSED] - (a++): null

2021-11-23 16:51:06 - [TEST_STEP][PASSED] - if (toString().equals(attr.toString())): null

2021-11-23 16:51:06 - [TEST_STEP][PASSED] - (a++): null

2021-11-23 16:51:06 - [TEST_STEP][PASSED] - if (toString().equals(attr.toString())): null

2021-11-23 16:51:06 - [TEST_STEP][PASSED] - (a++): null

2021-11-23 16:51:06 - [TEST_STEP][PASSED] - if (toString().equals(attr.toString())): null

2021-11-23 16:51:06 - [TEST_STEP][PASSED] - break: null

2021-11-23 16:51:06 - [TEST_STEP][PASSED] - son = findWebElement(findTestObject("Object Repository/Olusturma/Genel/Olusturma/EklenenSatir")).findElement(By.xpath("td[@class='dxgvInlineEditCell_LECustomTheme dxgv'][" + a + "]//td[@class='dxic']/input")): Smart Wait Function is triggered

2021-11-23 16:51:06 - [MESSAGE][INFO] - Finding Test Object 'Object Repository/Olusturma/Genel/Olusturma/EklenenSatir'

2021-11-23 16:51:07 - [MESSAGE][INFO] - Finding web element from Test Object's properties

2021-11-23 16:51:07 - [MESSAGE][INFO] - Checking timeout

2021-11-23 16:51:07 - [MESSAGE][INFO] - Finding web element with id: 'Object Repository/Olusturma/Genel/Olusturma/EklenenSatir' located by 'By.cssSelector: #divmalhizmet .dxgvInlineEditRow_LECustomTheme' in '30' second(s)

2021-11-23 16:51:07 - [MESSAGE][INFO] - Smart Wait Function is triggered

2021-11-23 16:51:07 - [MESSAGE][INFO] - Found 1 web elements with id: 'Object Repository/Olusturma/Genel/Olusturma/EklenenSatir' located by 'By.cssSelector: #divmalhizmet .dxgvInlineEditRow_LECustomTheme' in '30' second(s)

2021-11-23 16:51:07 - [MESSAGE][INFO] - Smart Wait Function is triggered

2021-11-23 16:51:07 - [TEST_STEP][PASSED] - if (!(getAttribute("value").contains("Vkn"))): null

2021-11-23 16:51:07 - [TEST_STEP][PASSED] - son.clear(): null

2021-11-23 16:51:07 - [TEST_STEP][PASSED] - son.sendKeys(Deger): null

2021-11-23 16:51:07 - [MESSAGE][PASSED] - Call Test Case 'Test Cases/Olusturma/Genel/Olusturma' successfully

2021-11-23 16:51:07 - [MESSAGE][INFO] - Checking called Test Case

2021-11-23 16:51:07 - [MESSAGE][INFO] - Starting to call Test Case 'Test Cases/Olusturma/Genel/NotGirilir'

2021-11-23 16:51:07 - [TEST_CASE][PASSED] - Test Cases/Olusturma/Genel/NotGirilir: Test Cases/Olusturma/Genel/NotGirilir

2021-11-23 16:51:07 - [TEST_STEP][PASSED] - i = 0: null

2021-11-23 16:51:07 - [TEST_STEP][PASSED] - waitForElementClickable(findTestObject("Olusturma/Genel/Not/Notlar"), 10): Object 'Object Repository/Olusturma/Genel/Not/Notlar' is clickable

2021-11-23 16:51:07 - [MESSAGE][INFO] - Finding Test Object 'Object Repository/Olusturma/Genel/Not/Notlar'

2021-11-23 16:51:08 - [MESSAGE][INFO] - Checking object

2021-11-23 16:51:08 - [MESSAGE][INFO] - Checking timeout

2021-11-23 16:51:08 - [MESSAGE][INFO] - Finding web element from Test Object's properties

2021-11-23 16:51:08 - [MESSAGE][INFO] - Checking timeout

2021-11-23 16:51:08 - [MESSAGE][INFO] - Finding web element with id: 'Object Repository/Olusturma/Genel/Not/Notlar' located by 'By.xpath: //*[@id = 'txtNote_I']' in '10' second(s)

2021-11-23 16:51:08 - [MESSAGE][INFO] - Smart Wait Function is triggered

2021-11-23 16:51:08 - [MESSAGE][INFO] - Found 1 web elements with id: 'Object Repository/Olusturma/Genel/Not/Notlar' located by 'By.xpath: //*[@id = 'txtNote_I']' in '10' second(s)

2021-11-23 16:51:08 - [MESSAGE][PASSED] - Object 'Object Repository/Olusturma/Genel/Not/Notlar' is clickable

2021-11-23 16:51:08 - [TEST_STEP][PASSED] - clearText(findTestObject("Olusturma/Genel/Not/Notlar")): Text of object 'Object Repository/Olusturma/Genel/Not/Notlar' is cleared

2021-11-23 16:51:08 - [MESSAGE][INFO] - Finding Test Object 'Object Repository/Olusturma/Genel/Not/Notlar'

2021-11-23 16:51:08 - [MESSAGE][INFO] - Checking object

2021-11-23 16:51:08 - [MESSAGE][INFO] - Finding web element from Test Object's properties

2021-11-23 16:51:08 - [MESSAGE][INFO] - Checking timeout

2021-11-23 16:51:08 - [MESSAGE][INFO] - Finding web element with id: 'Object Repository/Olusturma/Genel/Not/Notlar' located by 'By.xpath: //*[@id = 'txtNote_I']' in '30' second(s)

2021-11-23 16:51:08 - [MESSAGE][INFO] - Smart Wait Function is triggered

2021-11-23 16:51:08 - [MESSAGE][INFO] - Found 1 web elements with id: 'Object Repository/Olusturma/Genel/Not/Notlar' located by 'By.xpath: //*[@id = 'txtNote_I']' in '30' second(s)

2021-11-23 16:51:08 - [MESSAGE][INFO] - Clearing text of object 'Object Repository/Olusturma/Genel/Not/Notlar'

2021-11-23 16:51:08 - [MESSAGE][PASSED] - Text of object 'Object Repository/Olusturma/Genel/Not/Notlar' is cleared

2021-11-23 16:51:08 - [TEST_STEP][PASSED] - click(findTestObject("Olusturma/Genel/Not/Notlar")): Object: 'Object Repository/Olusturma/Genel/Not/Notlar' is clicked on

2021-11-23 16:51:08 - [MESSAGE][INFO] - Finding Test Object 'Object Repository/Olusturma/Genel/Not/Notlar'

2021-11-23 16:51:09 - [MESSAGE][INFO] - Checking object

2021-11-23 16:51:09 - [MESSAGE][INFO] - Finding web element from Test Object's properties

2021-11-23 16:51:09 - [MESSAGE][INFO] - Checking timeout

2021-11-23 16:51:09 - [MESSAGE][INFO] - Finding web element with id: 'Object Repository/Olusturma/Genel/Not/Notlar' located by 'By.xpath: //*[@id = 'txtNote_I']' in '30' second(s)

2021-11-23 16:51:09 - [MESSAGE][INFO] - Smart Wait Function is triggered

2021-11-23 16:51:09 - [MESSAGE][INFO] - Found 1 web elements with id: 'Object Repository/Olusturma/Genel/Not/Notlar' located by 'By.xpath: //*[@id = 'txtNote_I']' in '30' second(s)

2021-11-23 16:51:09 - [MESSAGE][INFO] - Clicking on object: 'Object Repository/Olusturma/Genel/Not/Notlar'

2021-11-23 16:51:09 - [MESSAGE][PASSED] - Object: 'Object Repository/Olusturma/Genel/Not/Notlar' is clicked on

2021-11-23 16:51:09 - [TEST_STEP][PASSED] - while (true): null

2021-11-23 16:51:09 - [TEST_STEP][PASSED] - delay(1): Delayed 1 second(s)

2021-11-23 16:51:09 - [MESSAGE][INFO] - Delaying browser in 1 second(s)

2021-11-23 16:51:10 - [MESSAGE][PASSED] - Delayed 1 second(s)

2021-11-23 16:51:10 - [TEST_STEP][PASSED] - ajaxIsComplete = executeJavaScript("return jQuery.active == 0", null): Execute JavaScript 'return jQuery.active == 0' successfully

2021-11-23 16:51:10 - [MESSAGE][PASSED] - Execute JavaScript 'return jQuery.active == 0' successfully

2021-11-23 16:51:10 - [TEST_STEP][PASSED] - if (ajaxIsComplete): null

2021-11-23 16:51:10 - [TEST_STEP][PASSED] - break: null

2021-11-23 16:51:10 - [TEST_STEP][PASSED] - sendKeys(findTestObject("Olusturma/Genel/Not/Notlar"), Not): Keys 'Otomasyon Not' sent to object: 'Object Repository/Olusturma/Genel/Not/Notlar'

2021-11-23 16:51:10 - [MESSAGE][INFO] - Finding Test Object 'Object Repository/Olusturma/Genel/Not/Notlar'

2021-11-23 16:51:10 - [MESSAGE][INFO] - Sending keys 'Otomasyon Not' to object: 'Object Repository/Olusturma/Genel/Not/Notlar'

2021-11-23 16:51:10 - [MESSAGE][INFO] - Finding web element from Test Object's properties

2021-11-23 16:51:11 - [MESSAGE][INFO] - Checking timeout

2021-11-23 16:51:11 - [MESSAGE][INFO] - Finding web element with id: 'Object Repository/Olusturma/Genel/Not/Notlar' located by 'By.xpath: //*[@id = 'txtNote_I']' in '30' second(s)

2021-11-23 16:51:11 - [MESSAGE][INFO] - Smart Wait Function is triggered

2021-11-23 16:51:11 - [MESSAGE][INFO] - Found 1 web elements with id: 'Object Repository/Olusturma/Genel/Not/Notlar' located by 'By.xpath: //*[@id = 'txtNote_I']' in '30' second(s)

2021-11-23 16:51:11 - [MESSAGE][PASSED] - Keys 'Otomasyon Not' sent to object: 'Object Repository/Olusturma/Genel/Not/Notlar'

2021-11-23 16:51:11 - [MESSAGE][PASSED] - Call Test Case 'Test Cases/Olusturma/Genel/NotGirilir' successfully

2021-11-23 16:51:11 - [MESSAGE][INFO] - Checking called Test Case

2021-11-23 16:51:11 - [MESSAGE][INFO] - Starting to call Test Case 'Test Cases/Olusturma/Genel/EttnBilgisiKayitEdilir'

2021-11-23 16:51:11 - [TEST_CASE][PASSED] - Test Cases/Olusturma/Genel/EttnBilgisiKayitEdilir: Test Cases/Olusturma/Genel/EttnBilgisiKayitEdilir

2021-11-23 16:51:11 - [TEST_STEP][PASSED] - verifyElementPresent(findTestObject("Object Repository/Olusturma/Genel/Olusturma/eArsivEttnBilgisi"), 7): Object 'Object Repository/Olusturma/Genel/Olusturma/eArsivEttnBilgisi' is present

2021-11-23 16:51:11 - [MESSAGE][INFO] - Finding Test Object 'Object Repository/Olusturma/Genel/Olusturma/eArsivEttnBilgisi'

2021-11-23 16:51:11 - [MESSAGE][INFO] - Checking object

2021-11-23 16:51:11 - [MESSAGE][INFO] - Finding web element from Test Object's properties

2021-11-23 16:51:11 - [MESSAGE][INFO] - Checking timeout

2021-11-23 16:51:11 - [MESSAGE][INFO] - Finding web element with id: 'Object Repository/Olusturma/Genel/Olusturma/eArsivEttnBilgisi' located by 'By.xpath: //*[@id = 'Uuid_I']' in '7' second(s)

2021-11-23 16:51:11 - [MESSAGE][INFO] - Smart Wait Function is triggered

2021-11-23 16:51:12 - [MESSAGE][INFO] - Found 1 web elements with id: 'Object Repository/Olusturma/Genel/Olusturma/eArsivEttnBilgisi' located by 'By.xpath: //*[@id = 'Uuid_I']' in '7' second(s)

2021-11-23 16:51:12 - [MESSAGE][PASSED] - Object 'Object Repository/Olusturma/Genel/Olusturma/eArsivEttnBilgisi' is present

2021-11-23 16:51:12 - [TEST_STEP][PASSED] - ettn = getAttribute(findTestObject("Object Repository/Olusturma/Genel/Olusturma/eArsivEttnBilgisi"), "value"): Attribute 'value' of object 'Object Repository/Olusturma/Genel/Olusturma/eArsivEttnBilgisi' is: 'd503a0e4-fe86-4e6e-bcb8-db6e687d534f'

2021-11-23 16:51:12 - [MESSAGE][INFO] - Finding Test Object 'Object Repository/Olusturma/Genel/Olusturma/eArsivEttnBilgisi'

2021-11-23 16:51:12 - [MESSAGE][INFO] - Checking object

2021-11-23 16:51:12 - [MESSAGE][INFO] - Checking attribute

2021-11-23 16:51:12 - [MESSAGE][INFO] - Finding web element from Test Object's properties

2021-11-23 16:51:12 - [MESSAGE][INFO] - Checking timeout

2021-11-23 16:51:12 - [MESSAGE][INFO] - Finding web element with id: 'Object Repository/Olusturma/Genel/Olusturma/eArsivEttnBilgisi' located by 'By.xpath: //*[@id = 'Uuid_I']' in '30' second(s)

2021-11-23 16:51:12 - [MESSAGE][INFO] - Smart Wait Function is triggered

2021-11-23 16:51:12 - [MESSAGE][INFO] - Found 1 web elements with id: 'Object Repository/Olusturma/Genel/Olusturma/eArsivEttnBilgisi' located by 'By.xpath: //*[@id = 'Uuid_I']' in '30' second(s)

2021-11-23 16:51:12 - [MESSAGE][INFO] - Getting attribute 'value' of object 'Object Repository/Olusturma/Genel/Olusturma/eArsivEttnBilgisi'

2021-11-23 16:51:12 - [MESSAGE][PASSED] - Attribute 'value' of object 'Object Repository/Olusturma/Genel/Olusturma/eArsivEttnBilgisi' is: 'd503a0e4-fe86-4e6e-bcb8-db6e687d534f'

2021-11-23 16:51:12 - [MESSAGE][PASSED] - Call Test Case 'Test Cases/Olusturma/Genel/EttnBilgisiKayitEdilir' successfully

2021-11-23 16:51:12 - [MESSAGE][INFO] - Checking called Test Case

2021-11-23 16:51:12 - [MESSAGE][INFO] - Starting to call Test Case 'Test Cases/Olusturma/Genel/KaydetButonunaTiklanir'

2021-11-23 16:51:12 - [TEST_CASE][PASSED] - Test Cases/Olusturma/Genel/KaydetButonunaTiklanir: Test Cases/Olusturma/Genel/KaydetButonunaTiklanir

2021-11-23 16:51:12 - [TEST_STEP][PASSED] - i = 0: null

2021-11-23 16:51:12 - [TEST_STEP][PASSED] - waitForElementPresent(findTestObject("Olusturma/Genel/Not/Notlar"), 10): Object 'Object Repository/Olusturma/Genel/Not/Notlar' is present

2021-11-23 16:51:12 - [MESSAGE][INFO] - Finding Test Object 'Object Repository/Olusturma/Genel/Not/Notlar'

2021-11-23 16:51:12 - [MESSAGE][INFO] - Checking object

2021-11-23 16:51:12 - [MESSAGE][INFO] - Finding web element from Test Object's properties

2021-11-23 16:51:12 - [MESSAGE][INFO] - Checking timeout

2021-11-23 16:51:12 - [MESSAGE][INFO] - Finding web element with id: 'Object Repository/Olusturma/Genel/Not/Notlar' located by 'By.xpath: //*[@id = 'txtNote_I']' in '10' second(s)

2021-11-23 16:51:12 - [MESSAGE][INFO] - Smart Wait Function is triggered

2021-11-23 16:51:12 - [MESSAGE][INFO] - Found 1 web elements with id: 'Object Repository/Olusturma/Genel/Not/Notlar' located by 'By.xpath: //*[@id = 'txtNote_I']' in '10' second(s)

2021-11-23 16:51:12 - [MESSAGE][PASSED] - Object 'Object Repository/Olusturma/Genel/Not/Notlar' is present

2021-11-23 16:51:12 - [TEST_STEP][PASSED] - click(findTestObject("Olusturma/Genel/Not/Notlar")): Object: 'Object Repository/Olusturma/Genel/Not/Notlar' is clicked on

2021-11-23 16:51:12 - [MESSAGE][INFO] - Finding Test Object 'Object Repository/Olusturma/Genel/Not/Notlar'

2021-11-23 16:51:13 - [MESSAGE][INFO] - Checking object

2021-11-23 16:51:13 - [MESSAGE][INFO] - Finding web element from Test Object's properties

2021-11-23 16:51:13 - [MESSAGE][INFO] - Checking timeout

2021-11-23 16:51:13 - [MESSAGE][INFO] - Finding web element with id: 'Object Repository/Olusturma/Genel/Not/Notlar' located by 'By.xpath: //*[@id = 'txtNote_I']' in '30' second(s)

2021-11-23 16:51:13 - [MESSAGE][INFO] - Smart Wait Function is triggered

2021-11-23 16:51:13 - [MESSAGE][INFO] - Found 1 web elements with id: 'Object Repository/Olusturma/Genel/Not/Notlar' located by 'By.xpath: //*[@id = 'txtNote_I']' in '30' second(s)

2021-11-23 16:51:13 - [MESSAGE][INFO] - Clicking on object: 'Object Repository/Olusturma/Genel/Not/Notlar'

2021-11-23 16:51:13 - [MESSAGE][PASSED] - Object: 'Object Repository/Olusturma/Genel/Not/Notlar' is clicked on

2021-11-23 16:51:13 - [TEST_STEP][PASSED] - while (true): null

2021-11-23 16:51:13 - [TEST_STEP][PASSED] - delay(1): Delayed 1 second(s)

2021-11-23 16:51:13 - [MESSAGE][INFO] - Delaying browser in 1 second(s)

2021-11-23 16:51:14 - [MESSAGE][PASSED] - Delayed 1 second(s)

2021-11-23 16:51:14 - [TEST_STEP][PASSED] - ajaxIsComplete = executeJavaScript("return jQuery.active == 0", null): Execute JavaScript 'return jQuery.active == 0' successfully

2021-11-23 16:51:14 - [MESSAGE][PASSED] - Execute JavaScript 'return jQuery.active == 0' successfully

2021-11-23 16:51:14 - [TEST_STEP][PASSED] - if (ajaxIsComplete): null

2021-11-23 16:51:14 - [TEST_STEP][PASSED] - break: null

2021-11-23 16:51:14 - [TEST_STEP][PASSED] - waitForElementClickable(findTestObject("Object Repository/Olusturma/Genel/Buton"), 10): Object 'Object Repository/Olusturma/Genel/Buton' is clickable

2021-11-23 16:51:14 - [MESSAGE][INFO] - Finding Test Object 'Object Repository/Olusturma/Genel/Buton'

2021-11-23 16:51:14 - [MESSAGE][INFO] - Checking object

2021-11-23 16:51:14 - [MESSAGE][INFO] - Checking timeout

2021-11-23 16:51:14 - [MESSAGE][INFO] - Finding web element from Test Object's properties

2021-11-23 16:51:14 - [MESSAGE][INFO] - Checking timeout

2021-11-23 16:51:14 - [MESSAGE][INFO] - Finding web element with id: 'Object Repository/Olusturma/Genel/Buton' located by 'By.xpath: //*[@id = 'btnKaydet']' in '10' second(s)

2021-11-23 16:51:14 - [MESSAGE][INFO] - Smart Wait Function is triggered

2021-11-23 16:51:14 - [MESSAGE][INFO] - Found 1 web elements with id: 'Object Repository/Olusturma/Genel/Buton' located by 'By.xpath: //*[@id = 'btnKaydet']' in '10' second(s)

2021-11-23 16:51:14 - [MESSAGE][PASSED] - Object 'Object Repository/Olusturma/Genel/Buton' is clickable

2021-11-23 16:51:14 - [TEST_STEP][PASSED] - click(findTestObject("Object Repository/Olusturma/Genel/Buton")): Object: 'Object Repository/Olusturma/Genel/Buton' is clicked on

2021-11-23 16:51:14 - [MESSAGE][INFO] - Finding Test Object 'Object Repository/Olusturma/Genel/Buton'

2021-11-23 16:51:14 - [MESSAGE][INFO] - Checking object

2021-11-23 16:51:14 - [MESSAGE][INFO] - Finding web element from Test Object's properties

2021-11-23 16:51:14 - [MESSAGE][INFO] - Checking timeout

2021-11-23 16:51:14 - [MESSAGE][INFO] - Finding web element with id: 'Object Repository/Olusturma/Genel/Buton' located by 'By.xpath: //*[@id = 'btnKaydet']' in '30' second(s)

2021-11-23 16:51:14 - [MESSAGE][INFO] - Smart Wait Function is triggered

2021-11-23 16:51:15 - [MESSAGE][INFO] - Found 1 web elements with id: 'Object Repository/Olusturma/Genel/Buton' located by 'By.xpath: //*[@id = 'btnKaydet']' in '30' second(s)

2021-11-23 16:51:15 - [MESSAGE][INFO] - Clicking on object: 'Object Repository/Olusturma/Genel/Buton'

2021-11-23 16:51:21 - [MESSAGE][PASSED] - Object: 'Object Repository/Olusturma/Genel/Buton' is clicked on

2021-11-23 16:51:21 - [MESSAGE][PASSED] - Call Test Case 'Test Cases/Olusturma/Genel/KaydetButonunaTiklanir' successfully

2021-11-23 16:51:21 - [MESSAGE][INFO] - Checking called Test Case

2021-11-23 16:51:21 - [MESSAGE][INFO] - Starting to call Test Case 'Test Cases/Tablo/TablodaEttnliVeriOlusturulduMu'

2021-11-23 16:51:21 - [TEST_CASE][PASSED] - Test Cases/Tablo/TablodaEttnliVeriOlusturulduMu: Test Cases/Tablo/TablodaEttnliVeriOlusturulduMu

2021-11-23 16:51:21 - [TEST_STEP][PASSED] - Method.TextDegerineEsitElementVarMi(findTestObject("Tablo/OlusturulanVeri"), ettn): Method.TextDegerineEsitElementVarMi is PASSED

2021-11-23 16:51:21 - [MESSAGE][INFO] - Finding Test Object 'Object Repository/Tablo/OlusturulanVeri'

2021-11-23 16:51:21 - [MESSAGE][INFO] - Checking timeout

2021-11-23 16:51:21 - [MESSAGE][INFO] - Finding web element with id: 'Object Repository/Tablo/OlusturulanVeri' located by 'By.cssSelector: table.dxgvTable_LECustomTheme>tbody>tr:nth-child(3)>td.dxgv b,table.dxgvTable_LECustomTheme>tbody>tr:nth-child(3)>td.dxgv' in '10' second(s)

2021-11-23 16:51:21 - [MESSAGE][INFO] - Smart Wait Function is triggered

2021-11-23 16:51:21 - [MESSAGE][INFO] - Found 14 web elements with id: 'Object Repository/Tablo/OlusturulanVeri' located by 'By.cssSelector: table.dxgvTable_LECustomTheme>tbody>tr:nth-child(3)>td.dxgv b,table.dxgvTable_LECustomTheme>tbody>tr:nth-child(3)>td.dxgv' in '10' second(s)

2021-11-23 16:51:21 - [MESSAGE][PASSED] - Method.TextDegerineEsitElementVarMi is PASSED

2021-11-23 16:51:21 - [MESSAGE][PASSED] - Call Test Case 'Test Cases/Tablo/TablodaEttnliVeriOlusturulduMu' successfully

2021-11-23 16:51:21 - [MESSAGE][INFO] - Checking called Test Case

2021-11-23 16:51:21 - [MESSAGE][INFO] - Starting to call Test Case 'Test Cases/Tablo/TablodanEttnliVeriSec'

2021-11-23 16:51:21 - [TEST_CASE][PASSED] - Test Cases/Tablo/TablodanEttnliVeriSec: Test Cases/Tablo/TablodanEttnliVeriSec

2021-11-23 16:51:21 - [TEST_STEP][PASSED] - Method.TextDegerineEsitElementinAltindakineTikla(findTestObject("Tablo/Veriler"), findTestObject("Tablo/VerininCheckBoxi"), ettn): Method.TextDegerineEsitElementinAltindakineTikla is PASSED

2021-11-23 16:51:21 - [MESSAGE][INFO] - Finding Test Object 'Object Repository/Tablo/Veriler'

2021-11-23 16:51:22 - [MESSAGE][INFO] - Finding Test Object 'Object Repository/Tablo/VerininCheckBoxi'

2021-11-23 16:51:22 - [MESSAGE][INFO] - Checking timeout

2021-11-23 16:51:22 - [MESSAGE][INFO] - Finding web element with id: 'Object Repository/Tablo/Veriler' located by 'By.cssSelector: td.dxgv b ,td.dxgv' in '10' second(s)

2021-11-23 16:51:22 - [MESSAGE][INFO] - Smart Wait Function is triggered

2021-11-23 16:51:22 - [MESSAGE][INFO] - Found 70 web elements with id: 'Object Repository/Tablo/Veriler' located by 'By.cssSelector: td.dxgv b ,td.dxgv' in '10' second(s)

2021-11-23 16:51:22 - [MESSAGE][INFO] - Smart Wait Function is triggered

2021-11-23 16:51:22 - [MESSAGE][PASSED] - Method.TextDegerineEsitElementinAltindakineTikla is PASSED

2021-11-23 16:51:22 - [MESSAGE][PASSED] - Call Test Case 'Test Cases/Tablo/TablodanEttnliVeriSec' successfully

2021-11-23 16:51:22 - [MESSAGE][INFO] - Checking called Test Case

2021-11-23 16:51:22 - [MESSAGE][INFO] - Starting to call Test Case 'Test Cases/Butonlar/ButonaTikla'

2021-11-23 16:51:22 - [TEST_CASE][PASSED] - Test Cases/Butonlar/ButonaTikla: Test Cases/Butonlar/ButonaTikla

2021-11-23 16:51:22 - [TEST_STEP][PASSED] - Method.TextDegerineEsitElementeTiklaEquals(findTestObject("Butonlar/Butonlar"), Buton_Adi): Method.TextDegerineEsitElementeTiklaEquals is PASSED

2021-11-23 16:51:22 - [MESSAGE][INFO] - Finding Test Object 'Object Repository/Butonlar/Butonlar'

2021-11-23 16:51:22 - [MESSAGE][INFO] - Checking timeout

2021-11-23 16:51:22 - [MESSAGE][INFO] - Finding web element with id: 'Object Repository/Butonlar/Butonlar' located by 'By.cssSelector: .panel.panel-default.text-center.footerPanel .btn,.btn.btn-primary.btnControls' in '10' second(s)

2021-11-23 16:51:22 - [MESSAGE][INFO] - Smart Wait Function is triggered

2021-11-23 16:51:23 - [MESSAGE][INFO] - Found 9 web elements with id: 'Object Repository/Butonlar/Butonlar' located by 'By.cssSelector: .panel.panel-default.text-center.footerPanel .btn,.btn.btn-primary.btnControls' in '10' second(s)

2021-11-23 16:51:23 - [MESSAGE][PASSED] - Method.TextDegerineEsitElementeTiklaEquals is PASSED

2021-11-23 16:51:23 - [MESSAGE][PASSED] - Call Test Case 'Test Cases/Butonlar/ButonaTikla' successfully

2021-11-23 16:51:23 - [MESSAGE][INFO] - Checking called Test Case

2021-11-23 16:51:23 - [MESSAGE][INFO] - Starting to call Test Case 'Test Cases/Popup/PopupMesajiIceriyorMu'

2021-11-23 16:51:23 - [TEST_CASE][PASSED] - Test Cases/Popup/PopupMesajiIceriyorMu: Test Cases/Popup/PopupMesajiIceriyorMu

2021-11-23 16:51:23 - [TEST_STEP][PASSED] - waitForElementVisible(findTestObject("Popup/Popup"), 10): Object 'Object Repository/Popup/Popup' is visible

2021-11-23 16:51:23 - [MESSAGE][INFO] - Finding Test Object 'Object Repository/Popup/Popup'

2021-11-23 16:51:23 - [MESSAGE][INFO] - Checking object

2021-11-23 16:51:23 - [MESSAGE][INFO] - Checking timeout

2021-11-23 16:51:23 - [MESSAGE][INFO] - Finding web element from Test Object's properties

2021-11-23 16:51:23 - [MESSAGE][INFO] - Checking timeout

2021-11-23 16:51:23 - [MESSAGE][INFO] - Finding web element with id: 'Object Repository/Popup/Popup' located by 'By.cssSelector: .bootbox-body' in '10' second(s)

2021-11-23 16:51:23 - [MESSAGE][INFO] - Smart Wait Function is triggered

2021-11-23 16:51:24 - [MESSAGE][INFO] - Found 1 web elements with id: 'Object Repository/Popup/Popup' located by 'By.cssSelector: .bootbox-body' in '10' second(s)

2021-11-23 16:51:24 - [MESSAGE][PASSED] - Object 'Object Repository/Popup/Popup' is visible

2021-11-23 16:51:24 - [TEST_STEP][PASSED] - if (!(getText(findTestObject("Popup/Popup")).contains(Mesaj))): Text of object 'Object Repository/Popup/Popup' is: 'Oluşturulacak fatura numarası : EAR2021000000486 Fatura numarası oluşturulduktan sonra fatura silinemez. Fatura numarası, tarihi ve ön eki değiştirilemez. Devam etmek istiyor musunuz?'

2021-11-23 16:51:24 - [MESSAGE][INFO] - Finding Test Object 'Object Repository/Popup/Popup'

2021-11-23 16:51:24 - [MESSAGE][INFO] - Checking object

2021-11-23 16:51:24 - [MESSAGE][INFO] - Finding web element from Test Object's properties

2021-11-23 16:51:24 - [MESSAGE][INFO] - Checking timeout

2021-11-23 16:51:24 - [MESSAGE][INFO] - Finding web element with id: 'Object Repository/Popup/Popup' located by 'By.cssSelector: .bootbox-body' in '30' second(s)

2021-11-23 16:51:24 - [MESSAGE][INFO] - Smart Wait Function is triggered

2021-11-23 16:51:24 - [MESSAGE][INFO] - Found 1 web elements with id: 'Object Repository/Popup/Popup' located by 'By.cssSelector: .bootbox-body' in '30' second(s)

2021-11-23 16:51:24 - [MESSAGE][INFO] - Getting text of object 'Object Repository/Popup/Popup'

2021-11-23 16:51:24 - [MESSAGE][PASSED] - Text of object 'Object Repository/Popup/Popup' is: 'Oluşturulacak fatura numarası : EAR2021000000486 Fatura numarası oluşturulduktan sonra fatura silinemez. Fatura numarası, tarihi ve ön eki değiştirilemez. Devam etmek istiyor musunuz?'

2021-11-23 16:51:24 - [TEST_STEP][PASSED] - RaporNo = getText(findTestObject("Popup/Popup")).substring(0, 6): Text of object 'Object Repository/Popup/Popup' is: 'Oluşturulacak fatura numarası : EAR2021000000486 Fatura numarası oluşturulduktan sonra fatura silinemez. Fatura numarası, tarihi ve ön eki değiştirilemez. Devam etmek istiyor musunuz?'

2021-11-23 16:51:24 - [MESSAGE][INFO] - Finding Test Object 'Object Repository/Popup/Popup'

2021-11-23 16:51:25 - [MESSAGE][INFO] - Checking object

2021-11-23 16:51:25 - [MESSAGE][INFO] - Finding web element from Test Object's properties

2021-11-23 16:51:25 - [MESSAGE][INFO] - Checking timeout

2021-11-23 16:51:25 - [MESSAGE][INFO] - Finding web element with id: 'Object Repository/Popup/Popup' located by 'By.cssSelector: .bootbox-body' in '30' second(s)

2021-11-23 16:51:25 - [MESSAGE][INFO] - Smart Wait Function is triggered

2021-11-23 16:51:25 - [MESSAGE][INFO] - Found 1 web elements with id: 'Object Repository/Popup/Popup' located by 'By.cssSelector: .bootbox-body' in '30' second(s)

2021-11-23 16:51:25 - [MESSAGE][INFO] - Getting text of object 'Object Repository/Popup/Popup'

2021-11-23 16:51:25 - [MESSAGE][PASSED] - Text of object 'Object Repository/Popup/Popup' is: 'Oluşturulacak fatura numarası : EAR2021000000486 Fatura numarası oluşturulduktan sonra fatura silinemez. Fatura numarası, tarihi ve ön eki değiştirilemez. Devam etmek istiyor musunuz?'

2021-11-23 16:51:25 - [TEST_STEP][PASSED] - Console.println(RaporNo): null

2021-11-23 16:51:25 - [MESSAGE][PASSED] - Call Test Case 'Test Cases/Popup/PopupMesajiIceriyorMu' successfully

2021-11-23 16:51:25 - [MESSAGE][INFO] - Checking called Test Case

2021-11-23 16:51:25 - [MESSAGE][INFO] - Starting to call Test Case 'Test Cases/Popup/PopupButonSecilir'

2021-11-23 16:51:25 - [TEST_CASE][PASSED] - Test Cases/Popup/PopupButonSecilir: Test Cases/Popup/PopupButonSecilir

2021-11-23 16:51:25 - [TEST_STEP][PASSED] - Method.TextDegerineEsitElementeTikla(findTestObject("Popup/Popup_Butons"), Buton): Method.TextDegerineEsitElementeTikla is PASSED

2021-11-23 16:51:25 - [MESSAGE][INFO] - Finding Test Object 'Object Repository/Popup/Popup_Butons'

2021-11-23 16:51:25 - [MESSAGE][INFO] - Checking timeout

2021-11-23 16:51:25 - [MESSAGE][INFO] - Finding web element with id: 'Object Repository/Popup/Popup_Butons' located by 'By.cssSelector: .modal-footer>button' in '10' second(s)

2021-11-23 16:51:25 - [MESSAGE][INFO] - Smart Wait Function is triggered

2021-11-23 16:51:25 - [MESSAGE][INFO] - Found 2 web elements with id: 'Object Repository/Popup/Popup_Butons' located by 'By.cssSelector: .modal-footer>button' in '10' second(s)

2021-11-23 16:51:25 - [MESSAGE][PASSED] - Method.TextDegerineEsitElementeTikla is PASSED

2021-11-23 16:51:25 - [MESSAGE][PASSED] - Call Test Case 'Test Cases/Popup/PopupButonSecilir' successfully

2021-11-23 16:51:25 - [MESSAGE][INFO] - Checking called Test Case

2021-11-23 16:51:25 - [MESSAGE][INFO] - Starting to call Test Case 'Test Cases/Popup/PopupMesajiIceriyorMu'

2021-11-23 16:51:26 - [TEST_CASE][PASSED] - Test Cases/Popup/PopupMesajiIceriyorMu: Test Cases/Popup/PopupMesajiIceriyorMu

2021-11-23 16:51:26 - [TEST_STEP][PASSED] - waitForElementVisible(findTestObject("Popup/Popup"), 10): Object 'Object Repository/Popup/Popup' is visible

2021-11-23 16:51:26 - [MESSAGE][INFO] - Finding Test Object 'Object Repository/Popup/Popup'

2021-11-23 16:51:26 - [MESSAGE][INFO] - Checking object

2021-11-23 16:51:26 - [MESSAGE][INFO] - Checking timeout

2021-11-23 16:51:26 - [MESSAGE][INFO] - Finding web element from Test Object's properties

2021-11-23 16:51:26 - [MESSAGE][INFO] - Checking timeout

2021-11-23 16:51:26 - [MESSAGE][INFO] - Finding web element with id: 'Object Repository/Popup/Popup' located by 'By.cssSelector: .bootbox-body' in '10' second(s)

2021-11-23 16:51:26 - [MESSAGE][INFO] - Smart Wait Function is triggered

2021-11-23 16:51:26 - [MESSAGE][INFO] - Found 1 web elements with id: 'Object Repository/Popup/Popup' located by 'By.cssSelector: .bootbox-body' in '10' second(s)

2021-11-23 16:51:26 - [MESSAGE][PASSED] - Object 'Object Repository/Popup/Popup' is visible

2021-11-23 16:51:26 - [TEST_STEP][PASSED] - if (!(getText(findTestObject("Popup/Popup")).contains(Mesaj))): Text of object 'Object Repository/Popup/Popup' is: 'Fatura numaranız EAR2021000000486 olarak oluşmuştur.'

2021-11-23 16:51:26 - [MESSAGE][INFO] - Finding Test Object 'Object Repository/Popup/Popup'

2021-11-23 16:51:26 - [MESSAGE][INFO] - Checking object

2021-11-23 16:51:26 - [MESSAGE][INFO] - Finding web element from Test Object's properties

2021-11-23 16:51:26 - [MESSAGE][INFO] - Checking timeout

2021-11-23 16:51:26 - [MESSAGE][INFO] - Finding web element with id: 'Object Repository/Popup/Popup' located by 'By.cssSelector: .bootbox-body' in '30' second(s)

2021-11-23 16:51:26 - [MESSAGE][INFO] - Smart Wait Function is triggered

2021-11-23 16:51:27 - [MESSAGE][INFO] - Found 1 web elements with id: 'Object Repository/Popup/Popup' located by 'By.cssSelector: .bootbox-body' in '30' second(s)

2021-11-23 16:51:27 - [MESSAGE][INFO] - Getting text of object 'Object Repository/Popup/Popup'

2021-11-23 16:51:27 - [MESSAGE][PASSED] - Text of object 'Object Repository/Popup/Popup' is: 'Fatura numaranız EAR2021000000486 olarak oluşmuştur.'

2021-11-23 16:51:27 - [TEST_STEP][PASSED] - RaporNo = getText(findTestObject("Popup/Popup")).substring(0, 6): Text of object 'Object Repository/Popup/Popup' is: 'Fatura numaranız EAR2021000000486 olarak oluşmuştur.'

2021-11-23 16:51:27 - [MESSAGE][INFO] - Finding Test Object 'Object Repository/Popup/Popup'

2021-11-23 16:51:27 - [MESSAGE][INFO] - Checking object

2021-11-23 16:51:27 - [MESSAGE][INFO] - Finding web element from Test Object's properties

2021-11-23 16:51:27 - [MESSAGE][INFO] - Checking timeout

2021-11-23 16:51:27 - [MESSAGE][INFO] - Finding web element with id: 'Object Repository/Popup/Popup' located by 'By.cssSelector: .bootbox-body' in '30' second(s)

2021-11-23 16:51:27 - [MESSAGE][INFO] - Smart Wait Function is triggered

2021-11-23 16:51:27 - [MESSAGE][INFO] - Found 1 web elements with id: 'Object Repository/Popup/Popup' located by 'By.cssSelector: .bootbox-body' in '30' second(s)

2021-11-23 16:51:27 - [MESSAGE][INFO] - Getting text of object 'Object Repository/Popup/Popup'

2021-11-23 16:51:27 - [MESSAGE][PASSED] - Text of object 'Object Repository/Popup/Popup' is: 'Fatura numaranız EAR2021000000486 olarak oluşmuştur.'

2021-11-23 16:51:27 - [TEST_STEP][PASSED] - Console.println(RaporNo): null

2021-11-23 16:51:27 - [MESSAGE][PASSED] - Call Test Case 'Test Cases/Popup/PopupMesajiIceriyorMu' successfully

2021-11-23 16:51:27 - [MESSAGE][INFO] - Checking called Test Case

2021-11-23 16:51:27 - [MESSAGE][INFO] - Starting to call Test Case 'Test Cases/Popup/PopupButonSecilir'

2021-11-23 16:51:27 - [TEST_CASE][PASSED] - Test Cases/Popup/PopupButonSecilir: Test Cases/Popup/PopupButonSecilir

2021-11-23 16:51:27 - [TEST_STEP][PASSED] - Method.TextDegerineEsitElementeTikla(findTestObject("Popup/Popup_Butons"), Buton): Method.TextDegerineEsitElementeTikla is PASSED

2021-11-23 16:51:27 - [MESSAGE][INFO] - Finding Test Object 'Object Repository/Popup/Popup_Butons'

2021-11-23 16:51:27 - [MESSAGE][INFO] - Checking timeout

2021-11-23 16:51:27 - [MESSAGE][INFO] - Finding web element with id: 'Object Repository/Popup/Popup_Butons' located by 'By.cssSelector: .modal-footer>button' in '10' second(s)

2021-11-23 16:51:27 - [MESSAGE][INFO] - Smart Wait Function is triggered

2021-11-23 16:51:28 - [MESSAGE][INFO] - Found 1 web elements with id: 'Object Repository/Popup/Popup_Butons' located by 'By.cssSelector: .modal-footer>button' in '10' second(s)

2021-11-23 16:51:28 - [MESSAGE][PASSED] - Method.TextDegerineEsitElementeTikla is PASSED

2021-11-23 16:51:28 - [MESSAGE][PASSED] - Call Test Case 'Test Cases/Popup/PopupButonSecilir' successfully

2021-11-23 16:51:28 - [MESSAGE][INFO] - Checking called Test Case

2021-11-23 16:51:28 - [MESSAGE][INFO] - Starting to call Test Case 'Test Cases/Tablo/TablodanEttnliVeriSec'

2021-11-23 16:51:28 - [TEST_CASE][PASSED] - Test Cases/Tablo/TablodanEttnliVeriSec: Test Cases/Tablo/TablodanEttnliVeriSec

2021-11-23 16:51:28 - [TEST_STEP][PASSED] - Method.TextDegerineEsitElementinAltindakineTikla(findTestObject("Tablo/Veriler"), findTestObject("Tablo/VerininCheckBoxi"), ettn): Method.TextDegerineEsitElementinAltindakineTikla is PASSED

2021-11-23 16:51:28 - [MESSAGE][INFO] - Finding Test Object 'Object Repository/Tablo/Veriler'

2021-11-23 16:51:28 - [MESSAGE][INFO] - Finding Test Object 'Object Repository/Tablo/VerininCheckBoxi'

2021-11-23 16:51:28 - [MESSAGE][INFO] - Checking timeout

2021-11-23 16:51:28 - [MESSAGE][INFO] - Finding web element with id: 'Object Repository/Tablo/Veriler' located by 'By.cssSelector: td.dxgv b ,td.dxgv' in '10' second(s)

2021-11-23 16:51:28 - [MESSAGE][INFO] - Smart Wait Function is triggered

2021-11-23 16:51:28 - [MESSAGE][INFO] - Found 70 web elements with id: 'Object Repository/Tablo/Veriler' located by 'By.cssSelector: td.dxgv b ,td.dxgv' in '10' second(s)

2021-11-23 16:51:29 - [MESSAGE][INFO] - Smart Wait Function is triggered

2021-11-23 16:51:29 - [MESSAGE][PASSED] - Method.TextDegerineEsitElementinAltindakineTikla is PASSED

2021-11-23 16:51:29 - [MESSAGE][PASSED] - Call Test Case 'Test Cases/Tablo/TablodanEttnliVeriSec' successfully

2021-11-23 16:51:29 - [MESSAGE][INFO] - Checking called Test Case

2021-11-23 16:51:29 - [MESSAGE][INFO] - Starting to call Test Case 'Test Cases/Butonlar/ButonaTikla'

2021-11-23 16:51:29 - [TEST_CASE][PASSED] - Test Cases/Butonlar/ButonaTikla: Test Cases/Butonlar/ButonaTikla

2021-11-23 16:51:29 - [TEST_STEP][PASSED] - Method.TextDegerineEsitElementeTiklaEquals(findTestObject("Butonlar/Butonlar"), Buton_Adi): Method.TextDegerineEsitElementeTiklaEquals is PASSED

2021-11-23 16:51:29 - [MESSAGE][INFO] - Finding Test Object 'Object Repository/Butonlar/Butonlar'

2021-11-23 16:51:29 - [MESSAGE][INFO] - Checking timeout

2021-11-23 16:51:29 - [MESSAGE][INFO] - Finding web element with id: 'Object Repository/Butonlar/Butonlar' located by 'By.cssSelector: .panel.panel-default.text-center.footerPanel .btn,.btn.btn-primary.btnControls' in '10' second(s)

2021-11-23 16:51:29 - [MESSAGE][INFO] - Smart Wait Function is triggered

2021-11-23 16:51:29 - [MESSAGE][INFO] - Found 9 web elements with id: 'Object Repository/Butonlar/Butonlar' located by 'By.cssSelector: .panel.panel-default.text-center.footerPanel .btn,.btn.btn-primary.btnControls' in '10' second(s)

2021-11-23 16:51:30 - [MESSAGE][PASSED] - Method.TextDegerineEsitElementeTiklaEquals is PASSED

2021-11-23 16:51:30 - [MESSAGE][PASSED] - Call Test Case 'Test Cases/Butonlar/ButonaTikla' successfully

2021-11-23 16:51:30 - [MESSAGE][INFO] - Checking called Test Case

2021-11-23 16:51:30 - [MESSAGE][INFO] - Starting to call Test Case 'Test Cases/Popup/PopupMesajiIceriyorMu'

2021-11-23 16:51:30 - [TEST_CASE][PASSED] - Test Cases/Popup/PopupMesajiIceriyorMu: Test Cases/Popup/PopupMesajiIceriyorMu

2021-11-23 16:51:30 - [TEST_STEP][PASSED] - waitForElementVisible(findTestObject("Popup/Popup"), 10): Object 'Object Repository/Popup/Popup' is visible

2021-11-23 16:51:30 - [MESSAGE][INFO] - Finding Test Object 'Object Repository/Popup/Popup'

2021-11-23 16:51:30 - [MESSAGE][INFO] - Checking object

2021-11-23 16:51:30 - [MESSAGE][INFO] - Checking timeout

2021-11-23 16:51:30 - [MESSAGE][INFO] - Finding web element from Test Object's properties

2021-11-23 16:51:30 - [MESSAGE][INFO] - Checking timeout

2021-11-23 16:51:30 - [MESSAGE][INFO] - Finding web element with id: 'Object Repository/Popup/Popup' located by 'By.cssSelector: .bootbox-body' in '10' second(s)

2021-11-23 16:51:30 - [MESSAGE][INFO] - Smart Wait Function is triggered

2021-11-23 16:51:31 - [MESSAGE][INFO] - Found 1 web elements with id: 'Object Repository/Popup/Popup' located by 'By.cssSelector: .bootbox-body' in '10' second(s)

2021-11-23 16:51:31 - [MESSAGE][PASSED] - Object 'Object Repository/Popup/Popup' is visible

2021-11-23 16:51:31 - [TEST_STEP][PASSED] - if (!(getText(findTestObject("Popup/Popup")).contains(Mesaj))): Text of object 'Object Repository/Popup/Popup' is: 'Seçilen faturalarınız onaylanacaktır. Onaylanan faturalar üzerinde değişiklik yapılamaz. Devam etmek istiyor musunuz?'

2021-11-23 16:51:31 - [MESSAGE][INFO] - Finding Test Object 'Object Repository/Popup/Popup'

2021-11-23 16:51:31 - [MESSAGE][INFO] - Checking object

2021-11-23 16:51:31 - [MESSAGE][INFO] - Finding web element from Test Object's properties

2021-11-23 16:51:31 - [MESSAGE][INFO] - Checking timeout

2021-11-23 16:51:31 - [MESSAGE][INFO] - Finding web element with id: 'Object Repository/Popup/Popup' located by 'By.cssSelector: .bootbox-body' in '30' second(s)

2021-11-23 16:51:31 - [MESSAGE][INFO] - Smart Wait Function is triggered

2021-11-23 16:51:31 - [MESSAGE][INFO] - Found 1 web elements with id: 'Object Repository/Popup/Popup' located by 'By.cssSelector: .bootbox-body' in '30' second(s)

2021-11-23 16:51:31 - [MESSAGE][INFO] - Getting text of object 'Object Repository/Popup/Popup'

2021-11-23 16:51:31 - [MESSAGE][PASSED] - Text of object 'Object Repository/Popup/Popup' is: 'Seçilen faturalarınız onaylanacaktır. Onaylanan faturalar üzerinde değişiklik yapılamaz. Devam etmek istiyor musunuz?'

2021-11-23 16:51:31 - [TEST_STEP][PASSED] - RaporNo = getText(findTestObject("Popup/Popup")).substring(0, 6): Text of object 'Object Repository/Popup/Popup' is: 'Seçilen faturalarınız onaylanacaktır. Onaylanan faturalar üzerinde değişiklik yapılamaz. Devam etmek istiyor musunuz?'

2021-11-23 16:51:31 - [MESSAGE][INFO] - Finding Test Object 'Object Repository/Popup/Popup'

2021-11-23 16:51:31 - [MESSAGE][INFO] - Checking object

2021-11-23 16:51:31 - [MESSAGE][INFO] - Finding web element from Test Object's properties

2021-11-23 16:51:31 - [MESSAGE][INFO] - Checking timeout

2021-11-23 16:51:31 - [MESSAGE][INFO] - Finding web element with id: 'Object Repository/Popup/Popup' located by 'By.cssSelector: .bootbox-body' in '30' second(s)

2021-11-23 16:51:31 - [MESSAGE][INFO] - Smart Wait Function is triggered

2021-11-23 16:51:32 - [MESSAGE][INFO] - Found 1 web elements with id: 'Object Repository/Popup/Popup' located by 'By.cssSelector: .bootbox-body' in '30' second(s)

2021-11-23 16:51:32 - [MESSAGE][INFO] - Getting text of object 'Object Repository/Popup/Popup'

2021-11-23 16:51:32 - [MESSAGE][PASSED] - Text of object 'Object Repository/Popup/Popup' is: 'Seçilen faturalarınız onaylanacaktır. Onaylanan faturalar üzerinde değişiklik yapılamaz. Devam etmek istiyor musunuz?'

2021-11-23 16:51:32 - [TEST_STEP][PASSED] - Console.println(RaporNo): null

2021-11-23 16:51:32 - [MESSAGE][PASSED] - Call Test Case 'Test Cases/Popup/PopupMesajiIceriyorMu' successfully

2021-11-23 16:51:32 - [MESSAGE][INFO] - Checking called Test Case

2021-11-23 16:51:32 - [MESSAGE][INFO] - Starting to call Test Case 'Test Cases/Popup/PopupButonSecilir'

2021-11-23 16:51:32 - [TEST_CASE][PASSED] - Test Cases/Popup/PopupButonSecilir: Test Cases/Popup/PopupButonSecilir

2021-11-23 16:51:32 - [TEST_STEP][PASSED] - Method.TextDegerineEsitElementeTikla(findTestObject("Popup/Popup_Butons"), Buton): Method.TextDegerineEsitElementeTikla is PASSED

2021-11-23 16:51:32 - [MESSAGE][INFO] - Finding Test Object 'Object Repository/Popup/Popup_Butons'

2021-11-23 16:51:32 - [MESSAGE][INFO] - Checking timeout

2021-11-23 16:51:32 - [MESSAGE][INFO] - Finding web element with id: 'Object Repository/Popup/Popup_Butons' located by 'By.cssSelector: .modal-footer>button' in '10' second(s)

2021-11-23 16:51:32 - [MESSAGE][INFO] - Smart Wait Function is triggered

2021-11-23 16:51:32 - [MESSAGE][INFO] - Found 2 web elements with id: 'Object Repository/Popup/Popup_Butons' located by 'By.cssSelector: .modal-footer>button' in '10' second(s)

2021-11-23 16:51:32 - [MESSAGE][PASSED] - Method.TextDegerineEsitElementeTikla is PASSED

2021-11-23 16:51:32 - [MESSAGE][PASSED] - Call Test Case 'Test Cases/Popup/PopupButonSecilir' successfully

2021-11-23 16:51:32 - [MESSAGE][INFO] - Checking called Test Case

2021-11-23 16:51:32 - [MESSAGE][INFO] - Starting to call Test Case 'Test Cases/Menu/AnaMenuSecimi'

2021-11-23 16:51:32 - [TEST_CASE][PASSED] - Test Cases/Menu/AnaMenuSecimi: Test Cases/Menu/AnaMenuSecimi

2021-11-23 16:51:32 - [TEST_STEP][PASSED] - Method.TextDegerineEsitElementeTikla(findTestObject("Menu/Ana_Menu"), Ana_Menu): Method.TextDegerineEsitElementeTikla is PASSED

2021-11-23 16:51:32 - [MESSAGE][INFO] - Finding Test Object 'Object Repository/Menu/Ana_Menu'

2021-11-23 16:51:32 - [MESSAGE][INFO] - Checking timeout

2021-11-23 16:51:32 - [MESSAGE][INFO] - Finding web element with id: 'Object Repository/Menu/Ana_Menu' located by 'By.xpath: //*[@class = 'dropdown-toggle']' in '10' second(s)

2021-11-23 16:51:32 - [MESSAGE][INFO] - Smart Wait Function is triggered

2021-11-23 16:51:33 - [MESSAGE][INFO] - Found 13 web elements with id: 'Object Repository/Menu/Ana_Menu' located by 'By.xpath: //*[@class = 'dropdown-toggle']' in '10' second(s)

2021-11-23 16:51:33 - [MESSAGE][PASSED] - Method.TextDegerineEsitElementeTikla is PASSED

2021-11-23 16:51:33 - [MESSAGE][PASSED] - Call Test Case 'Test Cases/Menu/AnaMenuSecimi' successfully

2021-11-23 16:51:33 - [MESSAGE][INFO] - Checking called Test Case

2021-11-23 16:51:33 - [MESSAGE][INFO] - Starting to call Test Case 'Test Cases/Menu/BasligaGoreAltMenuSecimi'

2021-11-23 16:51:33 - [TEST_CASE][PASSED] - Test Cases/Menu/BasligaGoreAltMenuSecimi: Test Cases/Menu/BasligaGoreAltMenuSecimi

2021-11-23 16:51:33 - [TEST_STEP][PASSED] - Method.TextDegerineEsitElementinAltindakiTextDegerineEsitOlanaTikla(findTestObject("Menu/Menu_Basligi"), findTestObject("Menu/Basliga_Gore_Alt_Menu"), Baslik, Alt_Menu): Method.TextDegerineEsitElementinAltindakiTextDegerineEsitOlanaTikla is PASSED

2021-11-23 16:51:33 - [MESSAGE][INFO] - Finding Test Object 'Object Repository/Menu/Menu_Basligi'

2021-11-23 16:51:34 - [MESSAGE][INFO] - Finding Test Object 'Object Repository/Menu/Basliga_Gore_Alt_Menu'

2021-11-23 16:51:34 - [MESSAGE][INFO] - Checking timeout

2021-11-23 16:51:34 - [MESSAGE][INFO] - Finding web element with id: 'Object Repository/Menu/Menu_Basligi' located by 'By.xpath: //li[@class='dropdown dropdown-large open']//li[@class='dropdown-header']' in '10' second(s)

2021-11-23 16:51:34 - [MESSAGE][INFO] - Smart Wait Function is triggered

2021-11-23 16:51:34 - [MESSAGE][INFO] - Found 2 web elements with id: 'Object Repository/Menu/Menu_Basligi' located by 'By.xpath: //li[@class='dropdown dropdown-large open']//li[@class='dropdown-header']' in '10' second(s)

2021-11-23 16:51:34 - [MESSAGE][INFO] - Smart Wait Function is triggered

2021-11-23 16:51:36 - [MESSAGE][PASSED] - Method.TextDegerineEsitElementinAltindakiTextDegerineEsitOlanaTikla is PASSED

2021-11-23 16:51:36 - [MESSAGE][PASSED] - Call Test Case 'Test Cases/Menu/BasligaGoreAltMenuSecimi' successfully

2021-11-23 16:51:36 - [MESSAGE][INFO] - Checking called Test Case

2021-11-23 16:51:36 - [MESSAGE][INFO] - Starting to call Test Case 'Test Cases/Filtreler/EttnYaz'

2021-11-23 16:51:36 - [TEST_CASE][PASSED] - Test Cases/Filtreler/EttnYaz: Test Cases/Filtreler/EttnYaz

2021-11-23 16:51:36 - [TEST_STEP][PASSED] - Method.TextDegerineEsitElementinAltindakiTextboxtaYaz(findTestObject("Filtreler/Basliklar"), findTestObject("Filtreler/Basliga_Gore_Textbox"), "ETTN", ettn): Method.TextDegerineEsitElementinAltindakiTextboxtaYaz is PASSED

2021-11-23 16:51:36 - [MESSAGE][INFO] - Finding Test Object 'Object Repository/Filtreler/Basliklar'

2021-11-23 16:51:36 - [MESSAGE][INFO] - Finding Test Object 'Object Repository/Filtreler/Basliga_Gore_Textbox'

2021-11-23 16:51:36 - [MESSAGE][INFO] - Checking timeout

2021-11-23 16:51:36 - [MESSAGE][INFO] - Finding web element with id: 'Object Repository/Filtreler/Basliklar' located by 'By.cssSelector: .control-label.col-sm-4.paddingMarginRLC' in '10' second(s)

2021-11-23 16:51:36 - [MESSAGE][INFO] - Smart Wait Function is triggered

2021-11-23 16:51:36 - [MESSAGE][INFO] - Found 19 web elements with id: 'Object Repository/Filtreler/Basliklar' located by 'By.cssSelector: .control-label.col-sm-4.paddingMarginRLC' in '10' second(s)

2021-11-23 16:51:36 - [MESSAGE][INFO] - Smart Wait Function is triggered

2021-11-23 16:51:37 - [MESSAGE][PASSED] - Method.TextDegerineEsitElementinAltindakiTextboxtaYaz is PASSED

2021-11-23 16:51:37 - [MESSAGE][PASSED] - Call Test Case 'Test Cases/Filtreler/EttnYaz' successfully

2021-11-23 16:51:37 - [MESSAGE][INFO] - Checking called Test Case

2021-11-23 16:51:37 - [MESSAGE][INFO] - Starting to call Test Case 'Test Cases/Filtreler/ButonaTikla'

2021-11-23 16:51:37 - [TEST_CASE][PASSED] - Test Cases/Filtreler/ButonaTikla: Test Cases/Filtreler/ButonaTikla

2021-11-23 16:51:37 - [TEST_STEP][PASSED] - Method.TextDegerineEsitElementeTikla(findTestObject("Filtreler/Butonlar"), Filtre_Buton): Method.TextDegerineEsitElementeTikla is PASSED

2021-11-23 16:51:37 - [MESSAGE][INFO] - Finding Test Object 'Object Repository/Filtreler/Butonlar'

2021-11-23 16:51:37 - [MESSAGE][INFO] - Checking timeout

2021-11-23 16:51:37 - [MESSAGE][INFO] - Finding web element with id: 'Object Repository/Filtreler/Butonlar' located by 'By.cssSelector: .dxb>span' in '10' second(s)

2021-11-23 16:51:37 - [MESSAGE][INFO] - Smart Wait Function is triggered

2021-11-23 16:51:38 - [MESSAGE][INFO] - Found 3 web elements with id: 'Object Repository/Filtreler/Butonlar' located by 'By.cssSelector: .dxb>span' in '10' second(s)

2021-11-23 16:51:38 - [MESSAGE][PASSED] - Method.TextDegerineEsitElementeTikla is PASSED

2021-11-23 16:51:38 - [MESSAGE][PASSED] - Call Test Case 'Test Cases/Filtreler/ButonaTikla' successfully

2021-11-23 16:51:38 - [MESSAGE][INFO] - Checking called Test Case

2021-11-23 16:51:38 - [MESSAGE][INFO] - Starting to call Test Case 'Test Cases/Tablo/TablodaVeriVarMi'

2021-11-23 16:51:38 - [TEST_CASE][PASSED] - Test Cases/Tablo/TablodaVeriVarMi: Test Cases/Tablo/TablodaVeriVarMi

2021-11-23 16:51:38 - [TEST_STEP][PASSED] - verifyTextNotPresent("Görüntülenecek veri yok", true): Text 'Görüntülenecek veri yok' is not present on page using regular expression

2021-11-23 16:51:38 - [MESSAGE][INFO] - Checking text present  using regular expression

2021-11-23 16:51:38 - [MESSAGE][INFO] - Smart Wait Function is triggered

2021-11-23 16:51:39 - [MESSAGE][INFO] - Finding text 'Görüntülenecek veri yok' on page  using regular expression

2021-11-23 16:51:39 - [MESSAGE][PASSED] - Text 'Görüntülenecek veri yok' is not present on page using regular expression

2021-11-23 16:51:39 - [MESSAGE][PASSED] - Call Test Case 'Test Cases/Tablo/TablodaVeriVarMi' successfully

2021-11-23 16:51:39 - [MESSAGE][INFO] - Checking called Test Case

2021-11-23 16:51:39 - [MESSAGE][INFO] - Starting to call Test Case 'Test Cases/Tablo/TablodaVeriBasariliMiArsiv'

2021-11-23 16:51:39 - [TEST_CASE][PASSED] - Test Cases/Tablo/TablodaVeriBasariliMiArsiv: Test Cases/Tablo/TablodaVeriBasariliMiArsiv

2021-11-23 16:51:39 - [TEST_STEP][PASSED] - sayac = 80: null

2021-11-23 16:51:39 - [TEST_STEP][PASSED] - while (verifyElementText(findTestObject("Object Repository/Tablo/DurumBilgisiArsiv"), "Henüz Sonuçlanmadı", OPTIONAL)): Actual text 'Başarılı' and expected text 'Henüz Sonuçlanmadı' of test object 'Object Repository/Tablo/DurumBilgisiArsiv' are NOT matched. (Root cause: com.kms.katalon.core.exception.StepFailedException: Actual text 'Başarılı' and expected text 'Henüz Sonuçlanmadı' of test object 'Object Repository/Tablo/DurumBilgisiArsiv' are NOT matched.
	at com.kms.katalon.core.webui.keyword.internal.WebUIKeywordMain.stepFailed(WebUIKeywordMain.groovy:64)
	at com.kms.katalon.core.webui.keyword.builtin.VerifyElementTextKeyword$_verifyElementText_closure1.doCall(VerifyElementTextKeyword.groovy:57)
	at com.kms.katalon.core.webui.keyword.builtin.VerifyElementTextKeyword$_verifyElementText_closure1.call(VerifyElementTextKeyword.groovy)
	at com.kms.katalon.core.webui.keyword.internal.WebUIKeywordMain.runKeyword(WebUIKeywordMain.groovy:20)
	at com.kms.katalon.core.webui.keyword.builtin.VerifyElementTextKeyword.verifyElementText(VerifyElementTextKeyword.groovy:72)
	at com.kms.katalon.core.webui.keyword.builtin.VerifyElementTextKeyword.execute(VerifyElementTextKeyword.groovy:40)
	at com.kms.katalon.core.keyword.internal.KeywordExecutor.executeKeywordForPlatform(KeywordExecutor.groovy:73)
	at com.kms.katalon.core.webui.keyword.WebUiBuiltInKeywords.verifyElementText(WebUiBuiltInKeywords.groovy:4733)
	at com.kms.katalon.core.webui.keyword.WebUiBuiltInKeywords$verifyElementText$20.call(Unknown Source)
	at TablodaVeriBasariliMiArsiv.run(TablodaVeriBasariliMiArsiv:22)
	at com.kms.katalon.core.main.ScriptEngine.run(ScriptEngine.java:194)
	at com.kms.katalon.core.main.ScriptEngine.runScriptAsRawText(ScriptEngine.java:119)
	at com.kms.katalon.core.main.TestCaseExecutor.runScript(TestCaseExecutor.java:369)
	at com.kms.katalon.core.main.TestCaseExecutor.doExecute(TestCaseExecutor.java:360)
	at com.kms.katalon.core.main.TestCaseExecutor.processExecutionPhase(TestCaseExecutor.java:339)
	at com.kms.katalon.core.main.TestCaseExecutor.accessMainPhase(TestCaseExecutor.java:331)
	at com.kms.katalon.core.main.TestCaseExecutor.execute(TestCaseExecutor.java:248)
	at com.kms.katalon.core.main.TestCaseMain.runTestCase(TestCaseMain.java:138)
	at com.kms.katalon.core.keyword.builtin.CallTestCaseKeyword$_callTestCase_closure1.doCall(CallTestCaseKeyword.groovy:59)
	at com.kms.katalon.core.keyword.builtin.CallTestCaseKeyword$_callTestCase_closure1.call(CallTestCaseKeyword.groovy)
	at com.kms.katalon.core.keyword.internal.KeywordMain.runKeyword(KeywordMain.groovy:68)
	at com.kms.katalon.core.keyword.builtin.CallTestCaseKeyword.callTestCase(CallTestCaseKeyword.groovy:81)
	at com.kms.katalon.core.keyword.builtin.CallTestCaseKeyword.execute(CallTestCaseKeyword.groovy:44)
	at com.kms.katalon.core.keyword.internal.KeywordExecutor.executeKeywordForPlatform(KeywordExecutor.groovy:73)
	at com.kms.katalon.core.keyword.BuiltinKeywords.callTestCase(BuiltinKeywords.groovy:334)
	at tablo.tablo.tablodaVeriBasariliMiArsiv(tablo.groovy:95)
	at cucumber.runtime.Utils$1.call(Utils.java:26)
	at cucumber.runtime.Timeout.timeout(Timeout.java:16)
	at cucumber.runtime.Utils.invoke(Utils.java:20)
	at cucumber.runtime.java.JavaStepDefinition.execute(JavaStepDefinition.java:49)
	at cucumber.runner.PickleStepDefinitionMatch.runStep(PickleStepDefinitionMatch.java:50)
	at cucumber.runner.TestStep.executeStep(TestStep.java:63)
	at cucumber.runner.TestStep.run(TestStep.java:49)
	at cucumber.runner.PickleStepTestStep.run(PickleStepTestStep.java:43)
	at cucumber.runner.TestCase.run(TestCase.java:44)
	at cucumber.runner.Runner.runPickle(Runner.java:40)
	at cucumber.runtime.Runtime$1.run(Runtime.java:84)
	at cucumber.runtime.Runtime$SameThreadExecutorService.execute(Runtime.java:220)
	at cucumber.runtime.Runtime.run(Runtime.java:81)
	at cucumber.api.cli.Main.run(Main.java:26)
	at cucumber.api.cli.Main$run.call(Unknown Source)
	at com.kms.katalon.core.cucumber.keyword.CucumberBuiltinKeywords$_runFeatureFile_closure1.doCall(CucumberBuiltinKeywords.groovy:106)
	at com.kms.katalon.core.cucumber.keyword.CucumberBuiltinKeywords$_runFeatureFile_closure1.doCall(CucumberBuiltinKeywords.groovy)
	at com.kms.katalon.core.keyword.internal.KeywordMain.runKeyword(KeywordMain.groovy:68)
	at com.kms.katalon.core.keyword.internal.KeywordMain$runKeyword.call(Unknown Source)
	at com.kms.katalon.core.cucumber.keyword.CucumberBuiltinKeywords.runFeatureFile(CucumberBuiltinKeywords.groovy:73)
	at com.kms.katalon.core.cucumber.keyword.CucumberBuiltinKeywords$runFeatureFile$0.callStatic(Unknown Source)
	at com.kms.katalon.core.cucumber.keyword.CucumberBuiltinKeywords.runFeatureFile(CucumberBuiltinKeywords.groovy:246)
	at com.kms.katalon.core.cucumber.keyword.CucumberBuiltinKeywords$runFeatureFile.call(Unknown Source)
	at VKN-Elektronik-Tevkifat.run(VKN-Elektronik-Tevkifat:19)
	at com.kms.katalon.core.main.ScriptEngine.run(ScriptEngine.java:194)
	at com.kms.katalon.core.main.ScriptEngine.runScriptAsRawText(ScriptEngine.java:119)
	at com.kms.katalon.core.main.TestCaseExecutor.runScript(TestCaseExecutor.java:369)
	at com.kms.katalon.core.main.TestCaseExecutor.doExecute(TestCaseExecutor.java:360)
	at com.kms.katalon.core.main.TestCaseExecutor.processExecutionPhase(TestCaseExecutor.java:339)
	at com.kms.katalon.core.main.TestCaseExecutor.accessMainPhase(TestCaseExecutor.java:331)
	at com.kms.katalon.core.main.TestCaseExecutor.execute(TestCaseExecutor.java:248)
	at com.kms.katalon.core.main.TestSuiteExecutor.accessTestCaseMainPhase(TestSuiteExecutor.java:191)
	at com.kms.katalon.core.main.TestSuiteExecutor.accessTestSuiteMainPhase(TestSuiteExecutor.java:140)
	at com.kms.katalon.core.main.TestSuiteExecutor.execute(TestSuiteExecutor.java:89)
	at com.kms.katalon.core.main.TestCaseMain.startTestSuite(TestCaseMain.java:181)
	at com.kms.katalon.core.main.TestCaseMain$startTestSuite$0.call(Unknown Source)
	at TempTestSuite1637674444414.run(TempTestSuite1637674444414.groovy:39)
)

2021-11-23 16:51:39 - [MESSAGE][INFO] - Finding Test Object 'Object Repository/Tablo/DurumBilgisiArsiv'

2021-11-23 16:51:39 - [MESSAGE][INFO] - Checking object

2021-11-23 16:51:39 - [MESSAGE][INFO] - Finding web element from Test Object's properties

2021-11-23 16:51:39 - [MESSAGE][INFO] - Checking timeout

2021-11-23 16:51:39 - [MESSAGE][INFO] - Finding web element with id: 'Object Repository/Tablo/DurumBilgisiArsiv' located by 'By.xpath: //*[@id = 'GridViewEArchiveInvoices_tccell0_9']' in '30' second(s)

2021-11-23 16:51:39 - [MESSAGE][INFO] - Smart Wait Function is triggered

2021-11-23 16:51:39 - [MESSAGE][INFO] - Found 1 web elements with id: 'Object Repository/Tablo/DurumBilgisiArsiv' located by 'By.xpath: //*[@id = 'GridViewEArchiveInvoices_tccell0_9']' in '30' second(s)

2021-11-23 16:51:40 - [MESSAGE][WARNING] - Actual text 'Başarılı' and expected text 'Henüz Sonuçlanmadı' of test object 'Object Repository/Tablo/DurumBilgisiArsiv' are NOT matched. (Root cause: com.kms.katalon.core.exception.StepFailedException: Actual text 'Başarılı' and expected text 'Henüz Sonuçlanmadı' of test object 'Object Repository/Tablo/DurumBilgisiArsiv' are NOT matched.
	at com.kms.katalon.core.webui.keyword.internal.WebUIKeywordMain.stepFailed(WebUIKeywordMain.groovy:64)
	at com.kms.katalon.core.webui.keyword.builtin.VerifyElementTextKeyword$_verifyElementText_closure1.doCall(VerifyElementTextKeyword.groovy:57)
	at com.kms.katalon.core.webui.keyword.builtin.VerifyElementTextKeyword$_verifyElementText_closure1.call(VerifyElementTextKeyword.groovy)
	at com.kms.katalon.core.webui.keyword.internal.WebUIKeywordMain.runKeyword(WebUIKeywordMain.groovy:20)
	at com.kms.katalon.core.webui.keyword.builtin.VerifyElementTextKeyword.verifyElementText(VerifyElementTextKeyword.groovy:72)
	at com.kms.katalon.core.webui.keyword.builtin.VerifyElementTextKeyword.execute(VerifyElementTextKeyword.groovy:40)
	at com.kms.katalon.core.keyword.internal.KeywordExecutor.executeKeywordForPlatform(KeywordExecutor.groovy:73)
	at com.kms.katalon.core.webui.keyword.WebUiBuiltInKeywords.verifyElementText(WebUiBuiltInKeywords.groovy:4733)
	at com.kms.katalon.core.webui.keyword.WebUiBuiltInKeywords$verifyElementText$20.call(Unknown Source)
	at TablodaVeriBasariliMiArsiv.run(TablodaVeriBasariliMiArsiv:22)
	at com.kms.katalon.core.main.ScriptEngine.run(ScriptEngine.java:194)
	at com.kms.katalon.core.main.ScriptEngine.runScriptAsRawText(ScriptEngine.java:119)
	at com.kms.katalon.core.main.TestCaseExecutor.runScript(TestCaseExecutor.java:369)
	at com.kms.katalon.core.main.TestCaseExecutor.doExecute(TestCaseExecutor.java:360)
	at com.kms.katalon.core.main.TestCaseExecutor.processExecutionPhase(TestCaseExecutor.java:339)
	at com.kms.katalon.core.main.TestCaseExecutor.accessMainPhase(TestCaseExecutor.java:331)
	at com.kms.katalon.core.main.TestCaseExecutor.execute(TestCaseExecutor.java:248)
	at com.kms.katalon.core.main.TestCaseMain.runTestCase(TestCaseMain.java:138)
	at com.kms.katalon.core.keyword.builtin.CallTestCaseKeyword$_callTestCase_closure1.doCall(CallTestCaseKeyword.groovy:59)
	at com.kms.katalon.core.keyword.builtin.CallTestCaseKeyword$_callTestCase_closure1.call(CallTestCaseKeyword.groovy)
	at com.kms.katalon.core.keyword.internal.KeywordMain.runKeyword(KeywordMain.groovy:68)
	at com.kms.katalon.core.keyword.builtin.CallTestCaseKeyword.callTestCase(CallTestCaseKeyword.groovy:81)
	at com.kms.katalon.core.keyword.builtin.CallTestCaseKeyword.execute(CallTestCaseKeyword.groovy:44)
	at com.kms.katalon.core.keyword.internal.KeywordExecutor.executeKeywordForPlatform(KeywordExecutor.groovy:73)
	at com.kms.katalon.core.keyword.BuiltinKeywords.callTestCase(BuiltinKeywords.groovy:334)
	at tablo.tablo.tablodaVeriBasariliMiArsiv(tablo.groovy:95)
	at cucumber.runtime.Utils$1.call(Utils.java:26)
	at cucumber.runtime.Timeout.timeout(Timeout.java:16)
	at cucumber.runtime.Utils.invoke(Utils.java:20)
	at cucumber.runtime.java.JavaStepDefinition.execute(JavaStepDefinition.java:49)
	at cucumber.runner.PickleStepDefinitionMatch.runStep(PickleStepDefinitionMatch.java:50)
	at cucumber.runner.TestStep.executeStep(TestStep.java:63)
	at cucumber.runner.TestStep.run(TestStep.java:49)
	at cucumber.runner.PickleStepTestStep.run(PickleStepTestStep.java:43)
	at cucumber.runner.TestCase.run(TestCase.java:44)
	at cucumber.runner.Runner.runPickle(Runner.java:40)
	at cucumber.runtime.Runtime$1.run(Runtime.java:84)
	at cucumber.runtime.Runtime$SameThreadExecutorService.execute(Runtime.java:220)
	at cucumber.runtime.Runtime.run(Runtime.java:81)
	at cucumber.api.cli.Main.run(Main.java:26)
	at cucumber.api.cli.Main$run.call(Unknown Source)
	at com.kms.katalon.core.cucumber.keyword.CucumberBuiltinKeywords$_runFeatureFile_closure1.doCall(CucumberBuiltinKeywords.groovy:106)
	at com.kms.katalon.core.cucumber.keyword.CucumberBuiltinKeywords$_runFeatureFile_closure1.doCall(CucumberBuiltinKeywords.groovy)
	at com.kms.katalon.core.keyword.internal.KeywordMain.runKeyword(KeywordMain.groovy:68)
	at com.kms.katalon.core.keyword.internal.KeywordMain$runKeyword.call(Unknown Source)
	at com.kms.katalon.core.cucumber.keyword.CucumberBuiltinKeywords.runFeatureFile(CucumberBuiltinKeywords.groovy:73)
	at com.kms.katalon.core.cucumber.keyword.CucumberBuiltinKeywords$runFeatureFile$0.callStatic(Unknown Source)
	at com.kms.katalon.core.cucumber.keyword.CucumberBuiltinKeywords.runFeatureFile(CucumberBuiltinKeywords.groovy:246)
	at com.kms.katalon.core.cucumber.keyword.CucumberBuiltinKeywords$runFeatureFile.call(Unknown Source)
	at VKN-Elektronik-Tevkifat.run(VKN-Elektronik-Tevkifat:19)
	at com.kms.katalon.core.main.ScriptEngine.run(ScriptEngine.java:194)
	at com.kms.katalon.core.main.ScriptEngine.runScriptAsRawText(ScriptEngine.java:119)
	at com.kms.katalon.core.main.TestCaseExecutor.runScript(TestCaseExecutor.java:369)
	at com.kms.katalon.core.main.TestCaseExecutor.doExecute(TestCaseExecutor.java:360)
	at com.kms.katalon.core.main.TestCaseExecutor.processExecutionPhase(TestCaseExecutor.java:339)
	at com.kms.katalon.core.main.TestCaseExecutor.accessMainPhase(TestCaseExecutor.java:331)
	at com.kms.katalon.core.main.TestCaseExecutor.execute(TestCaseExecutor.java:248)
	at com.kms.katalon.core.main.TestSuiteExecutor.accessTestCaseMainPhase(TestSuiteExecutor.java:191)
	at com.kms.katalon.core.main.TestSuiteExecutor.accessTestSuiteMainPhase(TestSuiteExecutor.java:140)
	at com.kms.katalon.core.main.TestSuiteExecutor.execute(TestSuiteExecutor.java:89)
	at com.kms.katalon.core.main.TestCaseMain.startTestSuite(TestCaseMain.java:181)
	at com.kms.katalon.core.main.TestCaseMain$startTestSuite$0.call(Unknown Source)
	at TempTestSuite1637674444414.run(TempTestSuite1637674444414.groovy:39)
)

2021-11-23 16:51:40 - [TEST_STEP][PASSED] - Method.TextDegerineEsitElementVarMi(findTestObject("Object Repository/Tablo/DurumBilgisiArsiv"), "Başarılı"): Method.TextDegerineEsitElementVarMi is PASSED

2021-11-23 16:51:40 - [MESSAGE][INFO] - Finding Test Object 'Object Repository/Tablo/DurumBilgisiArsiv'

2021-11-23 16:51:40 - [MESSAGE][INFO] - Checking timeout

2021-11-23 16:51:40 - [MESSAGE][INFO] - Finding web element with id: 'Object Repository/Tablo/DurumBilgisiArsiv' located by 'By.xpath: //*[@id = 'GridViewEArchiveInvoices_tccell0_9']' in '10' second(s)

2021-11-23 16:51:40 - [MESSAGE][INFO] - Smart Wait Function is triggered

2021-11-23 16:51:40 - [MESSAGE][INFO] - Found 1 web elements with id: 'Object Repository/Tablo/DurumBilgisiArsiv' located by 'By.xpath: //*[@id = 'GridViewEArchiveInvoices_tccell0_9']' in '10' second(s)

2021-11-23 16:51:40 - [MESSAGE][PASSED] - Method.TextDegerineEsitElementVarMi is PASSED

2021-11-23 16:51:40 - [MESSAGE][PASSED] - Call Test Case 'Test Cases/Tablo/TablodaVeriBasariliMiArsiv' successfully

2021-11-23 16:51:40 - [MESSAGE][INFO] - Checking called Test Case

2021-11-23 16:51:40 - [MESSAGE][INFO] - Starting to call Test Case 'Test Cases/Kullanici_Islemleri/KullaniciIslemlerindenSecimYapilir'

2021-11-23 16:51:40 - [TEST_CASE][PASSED] - Test Cases/Kullanici_Islemleri/KullaniciIslemlerindenSecimYapilir: Test Cases/Kullanici_Islemleri/KullaniciIslemlerindenSecimYapilir

2021-11-23 16:51:40 - [TEST_STEP][PASSED] - waitForElementClickable(findTestObject("Object Repository/Kullanici_Islemleri/KullaniciIslemleri"), 10): Object 'Object Repository/Kullanici_Islemleri/KullaniciIslemleri' is clickable

2021-11-23 16:51:40 - [MESSAGE][INFO] - Finding Test Object 'Object Repository/Kullanici_Islemleri/KullaniciIslemleri'

2021-11-23 16:51:40 - [MESSAGE][INFO] - Checking object

2021-11-23 16:51:40 - [MESSAGE][INFO] - Checking timeout

2021-11-23 16:51:40 - [MESSAGE][INFO] - Finding web element from Test Object's properties

2021-11-23 16:51:40 - [MESSAGE][INFO] - Checking timeout

2021-11-23 16:51:40 - [MESSAGE][INFO] - Finding web element with id: 'Object Repository/Kullanici_Islemleri/KullaniciIslemleri' located by 'By.cssSelector: .dropdown>a>img' in '10' second(s)

2021-11-23 16:51:40 - [MESSAGE][INFO] - Smart Wait Function is triggered

2021-11-23 16:51:40 - [MESSAGE][INFO] - Found 1 web elements with id: 'Object Repository/Kullanici_Islemleri/KullaniciIslemleri' located by 'By.cssSelector: .dropdown>a>img' in '10' second(s)

2021-11-23 16:51:40 - [MESSAGE][PASSED] - Object 'Object Repository/Kullanici_Islemleri/KullaniciIslemleri' is clickable

2021-11-23 16:51:40 - [TEST_STEP][PASSED] - click(findTestObject("Object Repository/Kullanici_Islemleri/KullaniciIslemleri")): Object: 'Object Repository/Kullanici_Islemleri/KullaniciIslemleri' is clicked on

2021-11-23 16:51:40 - [MESSAGE][INFO] - Finding Test Object 'Object Repository/Kullanici_Islemleri/KullaniciIslemleri'

2021-11-23 16:51:41 - [MESSAGE][INFO] - Checking object

2021-11-23 16:51:41 - [MESSAGE][INFO] - Finding web element from Test Object's properties

2021-11-23 16:51:41 - [MESSAGE][INFO] - Checking timeout

2021-11-23 16:51:41 - [MESSAGE][INFO] - Finding web element with id: 'Object Repository/Kullanici_Islemleri/KullaniciIslemleri' located by 'By.cssSelector: .dropdown>a>img' in '30' second(s)

2021-11-23 16:51:41 - [MESSAGE][INFO] - Smart Wait Function is triggered

2021-11-23 16:51:41 - [MESSAGE][INFO] - Found 1 web elements with id: 'Object Repository/Kullanici_Islemleri/KullaniciIslemleri' located by 'By.cssSelector: .dropdown>a>img' in '30' second(s)

2021-11-23 16:51:41 - [MESSAGE][INFO] - Clicking on object: 'Object Repository/Kullanici_Islemleri/KullaniciIslemleri'

2021-11-23 16:51:41 - [MESSAGE][PASSED] - Object: 'Object Repository/Kullanici_Islemleri/KullaniciIslemleri' is clicked on

2021-11-23 16:51:41 - [TEST_STEP][PASSED] - Method.TextDegerineEsitElementeTikla(findTestObject("Object Repository/Kullanici_Islemleri/Secenekler"), Islem): Method.TextDegerineEsitElementeTikla is PASSED

2021-11-23 16:51:41 - [MESSAGE][INFO] - Finding Test Object 'Object Repository/Kullanici_Islemleri/Secenekler'

2021-11-23 16:51:41 - [MESSAGE][INFO] - Checking timeout

2021-11-23 16:51:41 - [MESSAGE][INFO] - Finding web element with id: 'Object Repository/Kullanici_Islemleri/Secenekler' located by 'By.cssSelector: .nav.navbar-nav.navbar-right li a' in '10' second(s)

2021-11-23 16:51:41 - [MESSAGE][INFO] - Smart Wait Function is triggered

2021-11-23 16:51:41 - [MESSAGE][INFO] - Found 20 web elements with id: 'Object Repository/Kullanici_Islemleri/Secenekler' located by 'By.cssSelector: .nav.navbar-nav.navbar-right li a' in '10' second(s)

2021-11-23 16:51:43 - [MESSAGE][PASSED] - Method.TextDegerineEsitElementeTikla is PASSED

2021-11-23 16:51:43 - [TEST_STEP][PASSED] - verifyElementNotPresent(findTestObject("Object Repository/Kullanici_Islemleri/Secenekler"), 10): Web element with id: 'Object Repository/Kullanici_Islemleri/Secenekler' located by 'By.cssSelector: .nav.navbar-nav.navbar-right li a' is not present after '10' second(s)

2021-11-23 16:51:43 - [MESSAGE][INFO] - Finding Test Object 'Object Repository/Kullanici_Islemleri/Secenekler'

2021-11-23 16:51:43 - [MESSAGE][INFO] - Checking object

2021-11-23 16:51:43 - [MESSAGE][INFO] - Checking timeout

2021-11-23 16:51:43 - [MESSAGE][INFO] - Finding web element with id: 'Object Repository/Kullanici_Islemleri/Secenekler' located by 'By.cssSelector: .nav.navbar-nav.navbar-right li a' in '10' second(s)

2021-11-23 16:51:43 - [MESSAGE][INFO] - Smart Wait Function is triggered

2021-11-23 16:51:44 - [MESSAGE][PASSED] - Web element with id: 'Object Repository/Kullanici_Islemleri/Secenekler' located by 'By.cssSelector: .nav.navbar-nav.navbar-right li a' is not present after '10' second(s)

2021-11-23 16:51:44 - [MESSAGE][PASSED] - Call Test Case 'Test Cases/Kullanici_Islemleri/KullaniciIslemlerindenSecimYapilir' successfully

2021-11-23 16:51:44 - [TEST_CASE][PASSED] - Start Test Case : SCENARIO Gonderim tipi Kagit ve Tevkifat tipinde e-Arsiv faturasi olusturulmasi: SCENARIO Gonderim tipi Kagit ve Tevkifat tipinde e-Arsiv faturasi olusturulmasi

2021-11-23 16:51:44 - [TEST_STEP][PASSED] - Kullanıcı adı EARTEVKIFAT ve Şifre test1234 olarak giriş yapılır: Kullanıcı adı EARTEVKIFAT ve Şifre test1234 olarak giriş yapılır

2021-11-23 16:51:44 - [MESSAGE][PASSED] - Kullanıcı adı EARTEVKIFAT ve Şifre test1234 olarak giriş yapılır

2021-11-23 16:51:44 - [TEST_STEP][PASSED] - Ana menüden e-Arşiv seçilir: Ana menüden e-Arşiv seçilir

2021-11-23 16:51:44 - [MESSAGE][PASSED] - Ana menüden e-Arşiv seçilir

2021-11-23 16:51:44 - [TEST_STEP][PASSED] - Alt menü e-Arşiv Araçları başlığı altındaki e-Arşiv Fatura Oluşturma seçilir: Alt menü e-Arşiv Araçları başlığı altındaki e-Arşiv Fatura Oluşturma seçilir

2021-11-23 16:51:44 - [MESSAGE][PASSED] - Alt menü e-Arşiv Araçları başlığı altındaki e-Arşiv Fatura Oluşturma seçilir

2021-11-23 16:51:44 - [TEST_STEP][PASSED] - Tablodaki tüm veriler silinir: Tablodaki tüm veriler silinir

2021-11-23 16:51:44 - [MESSAGE][PASSED] - Tablodaki tüm veriler silinir

2021-11-23 16:51:44 - [TEST_STEP][PASSED] - Butonlardan Ekle isimli butona tıklanır: Butonlardan Ekle isimli butona tıklanır

2021-11-23 16:51:44 - [MESSAGE][PASSED] - Butonlardan Ekle isimli butona tıklanır

2021-11-23 16:51:44 - [TEST_STEP][PASSED] - Görsel tasarım sayfasının e-Arşiv Fatura Bilgileri başlığını içerdiği kontrol edilir: Görsel tasarım sayfasının e-Arşiv Fatura Bilgileri başlığını içerdiği kontrol edilir

2021-11-23 16:51:44 - [MESSAGE][PASSED] - Görsel tasarım sayfasının e-Arşiv Fatura Bilgileri başlığını içerdiği kontrol edilir

2021-11-23 16:51:44 - [TEST_STEP][PASSED] - Alıcı adı alanına UC0008 girilir: Alıcı adı alanına UC0008 girilir

2021-11-23 16:51:44 - [MESSAGE][PASSED] - Alıcı adı alanına UC0008 girilir

2021-11-23 16:51:44 - [TEST_STEP][PASSED] - Gönderim Şekli Elektronik olarak seçilir: Gönderim Şekli Elektronik olarak seçilir

2021-11-23 16:51:44 - [MESSAGE][PASSED] - Gönderim Şekli Elektronik olarak seçilir

2021-11-23 16:51:44 - [TEST_STEP][PASSED] - Tip alanından Tevkifat seçilir: Tip alanından Tevkifat seçilir

2021-11-23 16:51:44 - [MESSAGE][PASSED] - Tip alanından Tevkifat seçilir

2021-11-23 16:51:44 - [TEST_STEP][PASSED] - Döküman Para Birimi alanından Türk Lirası seçilir: Döküman Para Birimi alanından Türk Lirası seçilir

2021-11-23 16:51:44 - [MESSAGE][PASSED] - Döküman Para Birimi alanından Türk Lirası seçilir

2021-11-23 16:51:44 - [TEST_STEP][PASSED] - Ön Ek EAR olarak seçilir: Ön Ek EAR olarak seçilir

2021-11-23 16:51:44 - [MESSAGE][PASSED] - Ön Ek EAR olarak seçilir

2021-11-23 16:51:44 - [TEST_STEP][PASSED] - Tasarım alanından Otomasyon seçilir: Tasarım alanından Otomasyon seçilir

2021-11-23 16:51:44 - [MESSAGE][PASSED] - Tasarım alanından Otomasyon seçilir

2021-11-23 16:51:44 - [TEST_STEP][PASSED] - Sipariş bilgileri UUC-SAT-1200001 ve 31.04.2020 olarak girilir: Sipariş bilgileri UUC-SAT-1200001 ve 31.04.2020 olarak girilir

2021-11-23 16:51:44 - [MESSAGE][PASSED] - Sipariş bilgileri UUC-SAT-1200001 ve 31.04.2020 olarak girilir

2021-11-23 16:51:44 - [TEST_STEP][PASSED] - İrsaliye Bilgileri AAAAAAAAAA,31.04.2020 olarak girilir: İrsaliye Bilgileri AAAAAAAAAA,31.04.2020 olarak girilir

2021-11-23 16:51:44 - [MESSAGE][PASSED] - İrsaliye Bilgileri AAAAAAAAAA,31.04.2020 olarak girilir

2021-11-23 16:51:44 - [TEST_STEP][PASSED] - Ekle butonuna basılır: Ekle butonuna basılır

2021-11-23 16:51:44 - [MESSAGE][PASSED] - Ekle butonuna basılır

2021-11-23 16:51:44 - [TEST_STEP][PASSED] - Ürün ekleme alanında Mal/Hizmet başlığına Otomasyon girilir: Ürün ekleme alanında Mal/Hizmet başlığına Otomasyon girilir

2021-11-23 16:51:44 - [MESSAGE][PASSED] - Ürün ekleme alanında Mal/Hizmet başlığına Otomasyon girilir

2021-11-23 16:51:44 - [TEST_STEP][PASSED] - Ürün ekleme alanında Açıklaması başlığına Virgosol girilir: Ürün ekleme alanında Açıklaması başlığına Virgosol girilir

2021-11-23 16:51:44 - [MESSAGE][PASSED] - Ürün ekleme alanında Açıklaması başlığına Virgosol girilir

2021-11-23 16:51:44 - [TEST_STEP][PASSED] - Ürün ekleme alanında Miktarı başlığına 400 girilir: Ürün ekleme alanında Miktarı başlığına 400 girilir

2021-11-23 16:51:44 - [MESSAGE][PASSED] - Ürün ekleme alanında Miktarı başlığına 400 girilir

2021-11-23 16:51:44 - [TEST_STEP][PASSED] - Ürün ekleme alanında Birim Fiyat başlığına 100 girilir: Ürün ekleme alanında Birim Fiyat başlığına 100 girilir

2021-11-23 16:51:44 - [MESSAGE][PASSED] - Ürün ekleme alanında Birim Fiyat başlığına 100 girilir

2021-11-23 16:51:44 - [TEST_STEP][PASSED] - Ürün ekleme alanında İskonto Oranı % başlığına 10 girilir: Ürün ekleme alanında İskonto Oranı % başlığına 10 girilir

2021-11-23 16:51:44 - [MESSAGE][PASSED] - Ürün ekleme alanında İskonto Oranı % başlığına 10 girilir

2021-11-23 16:51:44 - [TEST_STEP][PASSED] - Ürün ekleme alanında KDV TEVKİFAT Kodu başlığına 604 - YEMEK SERVİS HİZMETİ girilir: Ürün ekleme alanında KDV TEVKİFAT Kodu başlığına 604 - YEMEK SERVİS HİZMETİ girilir

2021-11-23 16:51:44 - [MESSAGE][PASSED] - Ürün ekleme alanında KDV TEVKİFAT Kodu başlığına 604 - YEMEK SERVİS HİZMETİ girilir

2021-11-23 16:51:44 - [TEST_STEP][PASSED] - Notlar alanına Otomasyon Not girilir: Notlar alanına Otomasyon Not girilir

2021-11-23 16:51:44 - [MESSAGE][PASSED] - Notlar alanına Otomasyon Not girilir

2021-11-23 16:51:44 - [TEST_STEP][PASSED] - Ettn bilgisi kayıt edilir: Ettn bilgisi kayıt edilir

2021-11-23 16:51:44 - [MESSAGE][PASSED] - Ettn bilgisi kayıt edilir

2021-11-23 16:51:44 - [TEST_STEP][PASSED] - Kaydet butonu seçilir: Kaydet butonu seçilir

2021-11-23 16:51:44 - [MESSAGE][PASSED] - Kaydet butonu seçilir

2021-11-23 16:51:44 - [TEST_STEP][PASSED] - Tabloda Ettn bilgisi kaydedilen veri oluşturuldu mu: Tabloda Ettn bilgisi kaydedilen veri oluşturuldu mu

2021-11-23 16:51:44 - [MESSAGE][PASSED] - Tabloda Ettn bilgisi kaydedilen veri oluşturuldu mu

2021-11-23 16:51:44 - [TEST_STEP][PASSED] - Tablodan Ettn bilgisi kaydedilen veri seçilir: Tablodan Ettn bilgisi kaydedilen veri seçilir

2021-11-23 16:51:44 - [MESSAGE][PASSED] - Tablodan Ettn bilgisi kaydedilen veri seçilir

2021-11-23 16:51:44 - [TEST_STEP][PASSED] - Butonlardan Numara Oluştur isimli butona tıklanır: Butonlardan Numara Oluştur isimli butona tıklanır

2021-11-23 16:51:44 - [MESSAGE][PASSED] - Butonlardan Numara Oluştur isimli butona tıklanır

2021-11-23 16:51:44 - [TEST_STEP][PASSED] - Popup mesajı Devam etmek istiyor musunuz içeriyor mu: Popup mesajı Devam etmek istiyor musunuz içeriyor mu

2021-11-23 16:51:44 - [MESSAGE][PASSED] - Popup mesajı Devam etmek istiyor musunuz içeriyor mu

2021-11-23 16:51:44 - [TEST_STEP][PASSED] - Yönetim popupında Evet seçilir: Yönetim popupında Evet seçilir

2021-11-23 16:51:44 - [MESSAGE][PASSED] - Yönetim popupında Evet seçilir

2021-11-23 16:51:44 - [TEST_STEP][PASSED] - Popup mesajı oluşmuştur içeriyor mu: Popup mesajı oluşmuştur içeriyor mu

2021-11-23 16:51:44 - [MESSAGE][PASSED] - Popup mesajı oluşmuştur içeriyor mu

2021-11-23 16:51:44 - [TEST_STEP][PASSED] - Yönetim popupında Tamam seçilir: Yönetim popupında Tamam seçilir

2021-11-23 16:51:44 - [MESSAGE][PASSED] - Yönetim popupında Tamam seçilir

2021-11-23 16:51:44 - [TEST_STEP][PASSED] - Tablodan Ettn bilgisi kaydedilen veri seçilir: Tablodan Ettn bilgisi kaydedilen veri seçilir

2021-11-23 16:51:44 - [MESSAGE][PASSED] - Tablodan Ettn bilgisi kaydedilen veri seçilir

2021-11-23 16:51:44 - [TEST_STEP][PASSED] - Butonlardan Gönder isimli butona tıklanır: Butonlardan Gönder isimli butona tıklanır

2021-11-23 16:51:44 - [MESSAGE][PASSED] - Butonlardan Gönder isimli butona tıklanır

2021-11-23 16:51:44 - [TEST_STEP][PASSED] - Popup mesajı Devam etmek istiyor musunuz içeriyor mu: Popup mesajı Devam etmek istiyor musunuz içeriyor mu

2021-11-23 16:51:44 - [MESSAGE][PASSED] - Popup mesajı Devam etmek istiyor musunuz içeriyor mu

2021-11-23 16:51:44 - [TEST_STEP][PASSED] - Yönetim popupında Evet seçilir: Yönetim popupında Evet seçilir

2021-11-23 16:51:44 - [MESSAGE][PASSED] - Yönetim popupında Evet seçilir

2021-11-23 16:51:44 - [TEST_STEP][PASSED] - Ana menüden e-Arşiv seçilir: Ana menüden e-Arşiv seçilir

2021-11-23 16:51:44 - [MESSAGE][PASSED] - Ana menüden e-Arşiv seçilir

2021-11-23 16:51:44 - [TEST_STEP][PASSED] - Alt menü e-Arşiv Hareketleri başlığı altındaki e-Arşiv Faturaları seçilir: Alt menü e-Arşiv Hareketleri başlığı altındaki e-Arşiv Faturaları seçilir

2021-11-23 16:51:44 - [MESSAGE][PASSED] - Alt menü e-Arşiv Hareketleri başlığı altındaki e-Arşiv Faturaları seçilir

2021-11-23 16:51:44 - [TEST_STEP][PASSED] - Filtrelerden Ettn filtresine Ettn bilgisi yaz: Filtrelerden Ettn filtresine Ettn bilgisi yaz

2021-11-23 16:51:44 - [MESSAGE][PASSED] - Filtrelerden Ettn filtresine Ettn bilgisi yaz

2021-11-23 16:51:44 - [TEST_STEP][PASSED] - Filtre butonlarından Listele seçilir: Filtre butonlarından Listele seçilir

2021-11-23 16:51:44 - [MESSAGE][PASSED] - Filtre butonlarından Listele seçilir

2021-11-23 16:51:44 - [TEST_STEP][PASSED] - Tabloda veri var mı kontrol edilir: Tabloda veri var mı kontrol edilir

2021-11-23 16:51:44 - [MESSAGE][PASSED] - Tabloda veri var mı kontrol edilir

2021-11-23 16:51:44 - [TEST_STEP][PASSED] - Tabloda yeni oluşturulan eArsiv verisi başarılı mı: Tabloda yeni oluşturulan eArsiv verisi başarılı mı

2021-11-23 16:51:44 - [MESSAGE][PASSED] - Tabloda yeni oluşturulan eArsiv verisi başarılı mı

2021-11-23 16:51:44 - [TEST_STEP][PASSED] - Kullanıcı işlemlerinden Çıkış seçilir: Kullanıcı işlemlerinden Çıkış seçilir

2021-11-23 16:51:44 - [MESSAGE][PASSED] - Kullanıcı işlemlerinden Çıkış seçilir

2021-11-23 16:51:44 - [MESSAGE][PASSED] - Feature file: 'Include/features/Regresyon/e-Arsiv/VKN-Elektronik-Tevkifat.feature' was passed

2021-11-23 16:51:44 - [TEST_STEP][PASSED] - Start listener action : sampleAfterTestSuite: Invoke 'com.kms.katalon.core.annotation.AfterTestCase' method: 'Listener.sampleAfterTestSuite(...)' completed.

2021-11-23 16:51:44 - [MESSAGE][INFO] - Starting invoke 'com.kms.katalon.core.annotation.AfterTestCase' method: 'Listener.sampleAfterTestSuite(...)'

2021-11-23 16:51:44 - [TEST_STEP][PASSED] - closeBrowser(): Invoke 'com.kms.katalon.core.annotation.AfterTestCase' method: 'Listener.sampleAfterTestSuite(...)' completed.

2021-11-23 16:51:44 - [MESSAGE][INFO] - Closing browser

2021-11-23 16:51:45 - [MESSAGE][PASSED] - Browser is closed

2021-11-23 16:51:45 - [MESSAGE][INFO] - Invoke 'com.kms.katalon.core.annotation.AfterTestCase' method: 'Listener.sampleAfterTestSuite(...)' completed.]]></system-out>
         <system-err><![CDATA[]]></system-err>
      </testcase>
      <testcase name="Test Cases/Case Repository/Regresyon/e-Arsiv/VKN-Internet" time="122.186" classname="Test Cases/Case Repository/Regresyon/e-Arsiv/VKN-Internet" status="PASSED">
         <system-out><![CDATA[2021-11-23 16:51:45 - [TEST_CASE][PASSED] - Test Cases/Case Repository/Regresyon/e-Arsiv/VKN-Internet: Test Cases/Case Repository/Regresyon/e-Arsiv/VKN-Internet

2021-11-23 16:51:45 - [TEST_STEP][PASSED] - Start listener action : sampleBeforeTestSuite: Invoke 'com.kms.katalon.core.annotation.BeforeTestCase' method: 'Listener.sampleBeforeTestSuite(...)' completed.

2021-11-23 16:51:45 - [MESSAGE][INFO] - Starting invoke 'com.kms.katalon.core.annotation.BeforeTestCase' method: 'Listener.sampleBeforeTestSuite(...)'

2021-11-23 16:51:45 - [TEST_STEP][PASSED] - openBrowser(baseUrl): Browser is opened with url: 'https://efatura-stage.elogo.com.tr/'

2021-11-23 16:51:45 - [MESSAGE][INFO] - Opening browser

2021-11-23 16:51:45 - [MESSAGE][INFO] - Starting 'Chrome' driver

2021-11-23 16:51:45 - [MESSAGE][INFO] - User set preference: ['prefs', '{download.default_directory=C:\otomasyondownfiles}']

2021-11-23 16:51:45 - [MESSAGE][INFO] - Action delay is set to 0 milliseconds

2021-11-23 16:51:46 - [MESSAGE][INFO] - Navigating browser to: 'https://efatura-stage.elogo.com.tr/'

2021-11-23 16:51:49 - [MESSAGE][PASSED] - Browser is opened with url: 'https://efatura-stage.elogo.com.tr/'

2021-11-23 16:51:49 - [TEST_STEP][PASSED] - maximizeWindow(): Invoke 'com.kms.katalon.core.annotation.BeforeTestCase' method: 'Listener.sampleBeforeTestSuite(...)' completed.

2021-11-23 16:51:49 - [MESSAGE][INFO] - Maximizing current window

2021-11-23 16:51:49 - [MESSAGE][PASSED] - Current window maximized

2021-11-23 16:51:49 - [MESSAGE][INFO] - Invoke 'com.kms.katalon.core.annotation.BeforeTestCase' method: 'Listener.sampleBeforeTestSuite(...)' completed.

2021-11-23 16:51:50 - [TEST_STEP][PASSED] - runFeatureFile("Include/features/Regresyon/e-Arsiv/VKN-Internet.feature"): Feature file: 'Include/features/Regresyon/e-Arsiv/VKN-Internet.feature' was passed

2021-11-23 16:51:50 - [MESSAGE][INFO] - Starting run keyword runFeatureFile: 'Include/features/Regresyon/e-Arsiv/VKN-Internet.feature' and extract report to folder: 'C:\Users\DELL\Documents\GitHub\EES_KatalonLogo\Reports\20211123_163326\Suite Repository\Regresyon-eArsiv-eMakbuz\20211123_163404/cucumber_report/1637675510710'...

2021-11-23 16:51:50 - [MESSAGE][INFO] - Glue: []

2021-11-23 16:51:53 - [MESSAGE][INFO] - Checking called Test Case

2021-11-23 16:51:53 - [MESSAGE][INFO] - Starting to call Test Case 'Test Cases/Sayfalar/Giris_Sayfasi/Login'

2021-11-23 16:51:53 - [TEST_CASE][PASSED] - Test Cases/Sayfalar/Giris_Sayfasi/Login: Test Cases/Sayfalar/Giris_Sayfasi/Login

2021-11-23 16:51:53 - [TEST_STEP][PASSED] - Sayfa_Basligi = getWindowTitle(): Current window's title is: 'LOGO e-Fatura'

2021-11-23 16:51:53 - [MESSAGE][INFO] - Getting current window's title

2021-11-23 16:51:53 - [MESSAGE][PASSED] - Current window's title is: 'LOGO e-Fatura'

2021-11-23 16:51:53 - [TEST_STEP][PASSED] - verifyMatch(Sayfa_Basligi, "LOGO e-Fatura", false): Actual text 'LOGO e-Fatura' and expected text 'LOGO e-Fatura' are matched 

2021-11-23 16:51:53 - [MESSAGE][INFO] - Matching actual text 'LOGO e-Fatura' with expected text 'LOGO e-Fatura'

2021-11-23 16:51:53 - [MESSAGE][PASSED] - Actual text 'LOGO e-Fatura' and expected text 'LOGO e-Fatura' are matched 

2021-11-23 16:51:53 - [TEST_STEP][PASSED] - sendKeys(findTestObject("Sayfalar/Giris_Sayfasi/Firma_Kodu"), KullaniciAdi): Keys 'ELOGO6' sent to object: 'Object Repository/Sayfalar/Giris_Sayfasi/Firma_Kodu'

2021-11-23 16:51:53 - [MESSAGE][INFO] - Finding Test Object 'Object Repository/Sayfalar/Giris_Sayfasi/Firma_Kodu'

2021-11-23 16:51:53 - [MESSAGE][INFO] - Sending keys 'ELOGO6' to object: 'Object Repository/Sayfalar/Giris_Sayfasi/Firma_Kodu'

2021-11-23 16:51:53 - [MESSAGE][INFO] - Finding web element from Test Object's properties

2021-11-23 16:51:53 - [MESSAGE][INFO] - Checking timeout

2021-11-23 16:51:53 - [MESSAGE][INFO] - Finding web element with id: 'Object Repository/Sayfalar/Giris_Sayfasi/Firma_Kodu' located by 'By.xpath: //*[@id = 'AccountName']' in '30' second(s)

2021-11-23 16:51:53 - [MESSAGE][INFO] - Smart Wait Function is triggered

2021-11-23 16:51:54 - [MESSAGE][INFO] - Found 1 web elements with id: 'Object Repository/Sayfalar/Giris_Sayfasi/Firma_Kodu' located by 'By.xpath: //*[@id = 'AccountName']' in '30' second(s)

2021-11-23 16:51:54 - [MESSAGE][PASSED] - Keys 'ELOGO6' sent to object: 'Object Repository/Sayfalar/Giris_Sayfasi/Firma_Kodu'

2021-11-23 16:51:54 - [TEST_STEP][PASSED] - sendKeys(findTestObject("Sayfalar/Giris_Sayfasi/Sifre"), Sifre): Keys '123456' sent to object: 'Object Repository/Sayfalar/Giris_Sayfasi/Sifre'

2021-11-23 16:51:54 - [MESSAGE][INFO] - Finding Test Object 'Object Repository/Sayfalar/Giris_Sayfasi/Sifre'

2021-11-23 16:51:54 - [MESSAGE][INFO] - Sending keys '123456' to object: 'Object Repository/Sayfalar/Giris_Sayfasi/Sifre'

2021-11-23 16:51:54 - [MESSAGE][INFO] - Finding web element from Test Object's properties

2021-11-23 16:51:54 - [MESSAGE][INFO] - Checking timeout

2021-11-23 16:51:54 - [MESSAGE][INFO] - Finding web element with id: 'Object Repository/Sayfalar/Giris_Sayfasi/Sifre' located by 'By.xpath: //*[@id = 'Password']' in '30' second(s)

2021-11-23 16:51:54 - [MESSAGE][INFO] - Smart Wait Function is triggered

2021-11-23 16:51:54 - [MESSAGE][INFO] - Found 1 web elements with id: 'Object Repository/Sayfalar/Giris_Sayfasi/Sifre' located by 'By.xpath: //*[@id = 'Password']' in '30' second(s)

2021-11-23 16:51:54 - [MESSAGE][PASSED] - Keys '123456' sent to object: 'Object Repository/Sayfalar/Giris_Sayfasi/Sifre'

2021-11-23 16:51:54 - [TEST_STEP][PASSED] - findWebElement(findTestObject("Sayfalar/Giris_Sayfasi/Giris_Butonu")).click(): Found 1 web elements with id: 'Object Repository/Sayfalar/Giris_Sayfasi/Giris_Butonu' located by 'By.cssSelector: #btnLogin' in '30' second(s)

2021-11-23 16:51:54 - [MESSAGE][INFO] - Finding Test Object 'Object Repository/Sayfalar/Giris_Sayfasi/Giris_Butonu'

2021-11-23 16:51:55 - [MESSAGE][INFO] - Finding web element from Test Object's properties

2021-11-23 16:51:55 - [MESSAGE][INFO] - Checking timeout

2021-11-23 16:51:55 - [MESSAGE][INFO] - Finding web element with id: 'Object Repository/Sayfalar/Giris_Sayfasi/Giris_Butonu' located by 'By.cssSelector: #btnLogin' in '30' second(s)

2021-11-23 16:51:55 - [MESSAGE][INFO] - Smart Wait Function is triggered

2021-11-23 16:51:55 - [MESSAGE][INFO] - Found 1 web elements with id: 'Object Repository/Sayfalar/Giris_Sayfasi/Giris_Butonu' located by 'By.cssSelector: #btnLogin' in '30' second(s)

2021-11-23 16:51:58 - [TEST_STEP][PASSED] - if (verifyElementPresent(findTestObject("Object Repository/Sayfalar/Giris_Sayfasi/RetveTamam_Butonu"), 5, OPTIONAL)): null

2021-11-23 16:51:58 - [MESSAGE][INFO] - Finding Test Object 'Object Repository/Sayfalar/Giris_Sayfasi/RetveTamam_Butonu'

2021-11-23 16:51:58 - [MESSAGE][INFO] - Checking object

2021-11-23 16:51:58 - [MESSAGE][INFO] - Finding web element from Test Object's properties

2021-11-23 16:51:58 - [MESSAGE][INFO] - Checking timeout

2021-11-23 16:51:58 - [MESSAGE][INFO] - Finding web element with id: 'Object Repository/Sayfalar/Giris_Sayfasi/RetveTamam_Butonu' located by 'By.xpath: //*[@class = 'btn btn-default']' in '5' second(s)

2021-11-23 16:51:58 - [MESSAGE][INFO] - Smart Wait Function is triggered

2021-11-23 16:51:59 - [MESSAGE][INFO] - Found 1 web elements with id: 'Object Repository/Sayfalar/Giris_Sayfasi/RetveTamam_Butonu' located by 'By.xpath: //*[@class = 'btn btn-default']' in '5' second(s)

2021-11-23 16:51:59 - [MESSAGE][PASSED] - Object 'Object Repository/Sayfalar/Giris_Sayfasi/RetveTamam_Butonu' is present

2021-11-23 16:51:59 - [TEST_STEP][PASSED] - click(findTestObject("Object Repository/Sayfalar/Giris_Sayfasi/RetveTamam_Butonu")): Object: 'Object Repository/Sayfalar/Giris_Sayfasi/RetveTamam_Butonu' is clicked on

2021-11-23 16:51:59 - [MESSAGE][INFO] - Finding Test Object 'Object Repository/Sayfalar/Giris_Sayfasi/RetveTamam_Butonu'

2021-11-23 16:51:59 - [MESSAGE][INFO] - Checking object

2021-11-23 16:51:59 - [MESSAGE][INFO] - Finding web element from Test Object's properties

2021-11-23 16:51:59 - [MESSAGE][INFO] - Checking timeout

2021-11-23 16:51:59 - [MESSAGE][INFO] - Finding web element with id: 'Object Repository/Sayfalar/Giris_Sayfasi/RetveTamam_Butonu' located by 'By.xpath: //*[@class = 'btn btn-default']' in '30' second(s)

2021-11-23 16:51:59 - [MESSAGE][INFO] - Smart Wait Function is triggered

2021-11-23 16:51:59 - [MESSAGE][INFO] - Found 1 web elements with id: 'Object Repository/Sayfalar/Giris_Sayfasi/RetveTamam_Butonu' located by 'By.xpath: //*[@class = 'btn btn-default']' in '30' second(s)

2021-11-23 16:51:59 - [MESSAGE][INFO] - Clicking on object: 'Object Repository/Sayfalar/Giris_Sayfasi/RetveTamam_Butonu'

2021-11-23 16:51:59 - [MESSAGE][PASSED] - Object: 'Object Repository/Sayfalar/Giris_Sayfasi/RetveTamam_Butonu' is clicked on

2021-11-23 16:51:59 - [TEST_STEP][PASSED] - click(findTestObject("Object Repository/Sayfalar/Giris_Sayfasi/RetveTamam_Butonu")): Object: 'Object Repository/Sayfalar/Giris_Sayfasi/RetveTamam_Butonu' is clicked on

2021-11-23 16:51:59 - [MESSAGE][INFO] - Finding Test Object 'Object Repository/Sayfalar/Giris_Sayfasi/RetveTamam_Butonu'

2021-11-23 16:51:59 - [MESSAGE][INFO] - Checking object

2021-11-23 16:51:59 - [MESSAGE][INFO] - Finding web element from Test Object's properties

2021-11-23 16:51:59 - [MESSAGE][INFO] - Checking timeout

2021-11-23 16:51:59 - [MESSAGE][INFO] - Finding web element with id: 'Object Repository/Sayfalar/Giris_Sayfasi/RetveTamam_Butonu' located by 'By.xpath: //*[@class = 'btn btn-default']' in '30' second(s)

2021-11-23 16:51:59 - [MESSAGE][INFO] - Smart Wait Function is triggered

2021-11-23 16:52:02 - [MESSAGE][INFO] - Found 1 web elements with id: 'Object Repository/Sayfalar/Giris_Sayfasi/RetveTamam_Butonu' located by 'By.xpath: //*[@class = 'btn btn-default']' in '30' second(s)

2021-11-23 16:52:02 - [MESSAGE][INFO] - Clicking on object: 'Object Repository/Sayfalar/Giris_Sayfasi/RetveTamam_Butonu'

2021-11-23 16:52:02 - [MESSAGE][PASSED] - Object: 'Object Repository/Sayfalar/Giris_Sayfasi/RetveTamam_Butonu' is clicked on

2021-11-23 16:52:02 - [TEST_STEP][PASSED] - if (verifyElementPresent(findTestObject("Sayfalar/Giris_Sayfasi/PopupOK"), 5, OPTIONAL)): null

2021-11-23 16:52:02 - [MESSAGE][INFO] - Finding Test Object 'Object Repository/Sayfalar/Giris_Sayfasi/PopupOK'

2021-11-23 16:52:02 - [MESSAGE][INFO] - Checking object

2021-11-23 16:52:02 - [MESSAGE][INFO] - Finding web element from Test Object's properties

2021-11-23 16:52:02 - [MESSAGE][INFO] - Checking timeout

2021-11-23 16:52:02 - [MESSAGE][INFO] - Finding web element with id: 'Object Repository/Sayfalar/Giris_Sayfasi/PopupOK' located by 'By.cssSelector: .btn.btn-success' in '5' second(s)

2021-11-23 16:52:02 - [MESSAGE][INFO] - Smart Wait Function is triggered

2021-11-23 16:52:03 - [MESSAGE][INFO] - Found 1 web elements with id: 'Object Repository/Sayfalar/Giris_Sayfasi/PopupOK' located by 'By.cssSelector: .btn.btn-success' in '5' second(s)

2021-11-23 16:52:03 - [MESSAGE][PASSED] - Object 'Object Repository/Sayfalar/Giris_Sayfasi/PopupOK' is present

2021-11-23 16:52:03 - [TEST_STEP][PASSED] - click(findTestObject("Object Repository/Sayfalar/Giris_Sayfasi/PopupCarpiGiris")): Object: 'Object Repository/Sayfalar/Giris_Sayfasi/PopupCarpiGiris' is clicked on

2021-11-23 16:52:03 - [MESSAGE][INFO] - Finding Test Object 'Object Repository/Sayfalar/Giris_Sayfasi/PopupCarpiGiris'

2021-11-23 16:52:03 - [MESSAGE][INFO] - Checking object

2021-11-23 16:52:03 - [MESSAGE][INFO] - Finding web element from Test Object's properties

2021-11-23 16:52:03 - [MESSAGE][INFO] - Checking timeout

2021-11-23 16:52:03 - [MESSAGE][INFO] - Finding web element with id: 'Object Repository/Sayfalar/Giris_Sayfasi/PopupCarpiGiris' located by 'By.cssSelector: .bootbox-close-button.close' in '30' second(s)

2021-11-23 16:52:03 - [MESSAGE][INFO] - Smart Wait Function is triggered

2021-11-23 16:52:03 - [MESSAGE][INFO] - Found 1 web elements with id: 'Object Repository/Sayfalar/Giris_Sayfasi/PopupCarpiGiris' located by 'By.cssSelector: .bootbox-close-button.close' in '30' second(s)

2021-11-23 16:52:03 - [MESSAGE][INFO] - Clicking on object: 'Object Repository/Sayfalar/Giris_Sayfasi/PopupCarpiGiris'

2021-11-23 16:52:03 - [MESSAGE][PASSED] - Object: 'Object Repository/Sayfalar/Giris_Sayfasi/PopupCarpiGiris' is clicked on

2021-11-23 16:52:03 - [TEST_STEP][PASSED] - verifyElementVisible(findTestObject("Object Repository/Kullanici_Islemleri/KullaniciIslemleri")): Object 'Object Repository/Kullanici_Islemleri/KullaniciIslemleri' is visible

2021-11-23 16:52:03 - [MESSAGE][INFO] - Finding Test Object 'Object Repository/Kullanici_Islemleri/KullaniciIslemleri'

2021-11-23 16:52:03 - [MESSAGE][INFO] - Checking object

2021-11-23 16:52:03 - [MESSAGE][INFO] - Finding web element from Test Object's properties

2021-11-23 16:52:03 - [MESSAGE][INFO] - Checking timeout

2021-11-23 16:52:03 - [MESSAGE][INFO] - Finding web element with id: 'Object Repository/Kullanici_Islemleri/KullaniciIslemleri' located by 'By.cssSelector: .dropdown>a>img' in '30' second(s)

2021-11-23 16:52:03 - [MESSAGE][INFO] - Smart Wait Function is triggered

2021-11-23 16:52:04 - [MESSAGE][INFO] - Found 1 web elements with id: 'Object Repository/Kullanici_Islemleri/KullaniciIslemleri' located by 'By.cssSelector: .dropdown>a>img' in '30' second(s)

2021-11-23 16:52:04 - [MESSAGE][PASSED] - Object 'Object Repository/Kullanici_Islemleri/KullaniciIslemleri' is visible

2021-11-23 16:52:04 - [MESSAGE][PASSED] - Call Test Case 'Test Cases/Sayfalar/Giris_Sayfasi/Login' successfully

2021-11-23 16:52:04 - [MESSAGE][INFO] - Checking called Test Case

2021-11-23 16:52:04 - [MESSAGE][INFO] - Starting to call Test Case 'Test Cases/Menu/AnaMenuSecimi'

2021-11-23 16:52:04 - [TEST_CASE][PASSED] - Test Cases/Menu/AnaMenuSecimi: Test Cases/Menu/AnaMenuSecimi

2021-11-23 16:52:04 - [TEST_STEP][PASSED] - Method.TextDegerineEsitElementeTikla(findTestObject("Menu/Ana_Menu"), Ana_Menu): Method.TextDegerineEsitElementeTikla is PASSED

2021-11-23 16:52:04 - [MESSAGE][INFO] - Finding Test Object 'Object Repository/Menu/Ana_Menu'

2021-11-23 16:52:04 - [MESSAGE][INFO] - Checking timeout

2021-11-23 16:52:04 - [MESSAGE][INFO] - Finding web element with id: 'Object Repository/Menu/Ana_Menu' located by 'By.xpath: //*[@class = 'dropdown-toggle']' in '10' second(s)

2021-11-23 16:52:04 - [MESSAGE][INFO] - Smart Wait Function is triggered

2021-11-23 16:52:05 - [MESSAGE][INFO] - Found 14 web elements with id: 'Object Repository/Menu/Ana_Menu' located by 'By.xpath: //*[@class = 'dropdown-toggle']' in '10' second(s)

2021-11-23 16:52:05 - [MESSAGE][PASSED] - Method.TextDegerineEsitElementeTikla is PASSED

2021-11-23 16:52:05 - [MESSAGE][PASSED] - Call Test Case 'Test Cases/Menu/AnaMenuSecimi' successfully

2021-11-23 16:52:05 - [MESSAGE][INFO] - Checking called Test Case

2021-11-23 16:52:05 - [MESSAGE][INFO] - Starting to call Test Case 'Test Cases/Menu/BasligaGoreAltMenuSecimi'

2021-11-23 16:52:05 - [TEST_CASE][PASSED] - Test Cases/Menu/BasligaGoreAltMenuSecimi: Test Cases/Menu/BasligaGoreAltMenuSecimi

2021-11-23 16:52:05 - [TEST_STEP][PASSED] - Method.TextDegerineEsitElementinAltindakiTextDegerineEsitOlanaTikla(findTestObject("Menu/Menu_Basligi"), findTestObject("Menu/Basliga_Gore_Alt_Menu"), Baslik, Alt_Menu): Method.TextDegerineEsitElementinAltindakiTextDegerineEsitOlanaTikla is PASSED

2021-11-23 16:52:05 - [MESSAGE][INFO] - Finding Test Object 'Object Repository/Menu/Menu_Basligi'

2021-11-23 16:52:05 - [MESSAGE][INFO] - Finding Test Object 'Object Repository/Menu/Basliga_Gore_Alt_Menu'

2021-11-23 16:52:05 - [MESSAGE][INFO] - Checking timeout

2021-11-23 16:52:05 - [MESSAGE][INFO] - Finding web element with id: 'Object Repository/Menu/Menu_Basligi' located by 'By.xpath: //li[@class='dropdown dropdown-large open']//li[@class='dropdown-header']' in '10' second(s)

2021-11-23 16:52:05 - [MESSAGE][INFO] - Smart Wait Function is triggered

2021-11-23 16:52:05 - [MESSAGE][INFO] - Found 2 web elements with id: 'Object Repository/Menu/Menu_Basligi' located by 'By.xpath: //li[@class='dropdown dropdown-large open']//li[@class='dropdown-header']' in '10' second(s)

2021-11-23 16:52:05 - [MESSAGE][INFO] - Smart Wait Function is triggered

2021-11-23 16:52:08 - [MESSAGE][PASSED] - Method.TextDegerineEsitElementinAltindakiTextDegerineEsitOlanaTikla is PASSED

2021-11-23 16:52:08 - [MESSAGE][PASSED] - Call Test Case 'Test Cases/Menu/BasligaGoreAltMenuSecimi' successfully

2021-11-23 16:52:08 - [MESSAGE][INFO] - Checking called Test Case

2021-11-23 16:52:08 - [MESSAGE][INFO] - Starting to call Test Case 'Test Cases/Tablo/Olusturma Tarihi'

2021-11-23 16:52:08 - [TEST_CASE][PASSED] - Test Cases/Tablo/Olusturma Tarihi: Test Cases/Tablo/Olusturma Tarihi

2021-11-23 16:52:08 - [TEST_STEP][PASSED] - if (verifyTextNotPresent("Görüntülenecek veri yok", true, OPTIONAL)): null

2021-11-23 16:52:08 - [MESSAGE][INFO] - Checking text present  using regular expression

2021-11-23 16:52:08 - [MESSAGE][INFO] - Smart Wait Function is triggered

2021-11-23 16:52:08 - [MESSAGE][INFO] - Finding text 'Görüntülenecek veri yok' on page  using regular expression

2021-11-23 16:52:08 - [MESSAGE][PASSED] - Text 'Görüntülenecek veri yok' is not present on page using regular expression

2021-11-23 16:52:08 - [TEST_STEP][PASSED] - click(findTestObject("Temizle/Olusturma_Tarihi_CheckBox")): Object: 'Object Repository/Temizle/Olusturma_Tarihi_CheckBox' is clicked on

2021-11-23 16:52:08 - [MESSAGE][INFO] - Finding Test Object 'Object Repository/Temizle/Olusturma_Tarihi_CheckBox'

2021-11-23 16:52:08 - [MESSAGE][INFO] - Checking object

2021-11-23 16:52:08 - [MESSAGE][INFO] - Finding web element from Test Object's properties

2021-11-23 16:52:08 - [MESSAGE][INFO] - Checking timeout

2021-11-23 16:52:08 - [MESSAGE][INFO] - Finding web element with id: 'Object Repository/Temizle/Olusturma_Tarihi_CheckBox' located by 'By.xpath: //*[@title = 'Bu sayfadaki tüm satırları Seç']' in '30' second(s)

2021-11-23 16:52:08 - [MESSAGE][INFO] - Smart Wait Function is triggered

2021-11-23 16:52:09 - [MESSAGE][INFO] - Found 1 web elements with id: 'Object Repository/Temizle/Olusturma_Tarihi_CheckBox' located by 'By.xpath: //*[@title = 'Bu sayfadaki tüm satırları Seç']' in '30' second(s)

2021-11-23 16:52:09 - [MESSAGE][INFO] - Clicking on object: 'Object Repository/Temizle/Olusturma_Tarihi_CheckBox'

2021-11-23 16:52:09 - [MESSAGE][PASSED] - Object: 'Object Repository/Temizle/Olusturma_Tarihi_CheckBox' is clicked on

2021-11-23 16:52:09 - [TEST_STEP][PASSED] - Method.TextDegerineEsitElementeTiklaEquals(findTestObject("Butonlar/Butonlar"), "Sil"): Method.TextDegerineEsitElementeTiklaEquals is PASSED

2021-11-23 16:52:09 - [MESSAGE][INFO] - Finding Test Object 'Object Repository/Butonlar/Butonlar'

2021-11-23 16:52:09 - [MESSAGE][INFO] - Checking timeout

2021-11-23 16:52:09 - [MESSAGE][INFO] - Finding web element with id: 'Object Repository/Butonlar/Butonlar' located by 'By.cssSelector: .panel.panel-default.text-center.footerPanel .btn,.btn.btn-primary.btnControls' in '10' second(s)

2021-11-23 16:52:09 - [MESSAGE][INFO] - Smart Wait Function is triggered

2021-11-23 16:52:09 - [MESSAGE][INFO] - Found 9 web elements with id: 'Object Repository/Butonlar/Butonlar' located by 'By.cssSelector: .panel.panel-default.text-center.footerPanel .btn,.btn.btn-primary.btnControls' in '10' second(s)

2021-11-23 16:52:09 - [MESSAGE][PASSED] - Method.TextDegerineEsitElementeTiklaEquals is PASSED

2021-11-23 16:52:09 - [TEST_STEP][PASSED] - Method.TextDegerineEsitElementeTikla(findTestObject("Popup/Popup_Butons"), "Evet"): Method.TextDegerineEsitElementeTikla is PASSED

2021-11-23 16:52:09 - [MESSAGE][INFO] - Finding Test Object 'Object Repository/Popup/Popup_Butons'

2021-11-23 16:52:09 - [MESSAGE][INFO] - Checking timeout

2021-11-23 16:52:09 - [MESSAGE][INFO] - Finding web element with id: 'Object Repository/Popup/Popup_Butons' located by 'By.cssSelector: .modal-footer>button' in '10' second(s)

2021-11-23 16:52:09 - [MESSAGE][INFO] - Smart Wait Function is triggered

2021-11-23 16:52:10 - [MESSAGE][INFO] - Found 2 web elements with id: 'Object Repository/Popup/Popup_Butons' located by 'By.cssSelector: .modal-footer>button' in '10' second(s)

2021-11-23 16:52:10 - [MESSAGE][PASSED] - Method.TextDegerineEsitElementeTikla is PASSED

2021-11-23 16:52:10 - [TEST_STEP][PASSED] - Method.TextDegerineEsitElementeTikla(findTestObject("Popup/Popup_Butons"), "Tamam"): Method.TextDegerineEsitElementeTikla is PASSED

2021-11-23 16:52:10 - [MESSAGE][INFO] - Finding Test Object 'Object Repository/Popup/Popup_Butons'

2021-11-23 16:52:10 - [MESSAGE][INFO] - Checking timeout

2021-11-23 16:52:10 - [MESSAGE][INFO] - Finding web element with id: 'Object Repository/Popup/Popup_Butons' located by 'By.cssSelector: .modal-footer>button' in '10' second(s)

2021-11-23 16:52:10 - [MESSAGE][INFO] - Smart Wait Function is triggered

2021-11-23 16:52:11 - [MESSAGE][INFO] - Found 1 web elements with id: 'Object Repository/Popup/Popup_Butons' located by 'By.cssSelector: .modal-footer>button' in '10' second(s)

2021-11-23 16:52:11 - [MESSAGE][PASSED] - Method.TextDegerineEsitElementeTikla is PASSED

2021-11-23 16:52:11 - [MESSAGE][PASSED] - Call Test Case 'Test Cases/Tablo/Olusturma Tarihi' successfully

2021-11-23 16:52:11 - [MESSAGE][INFO] - Checking called Test Case

2021-11-23 16:52:11 - [MESSAGE][INFO] - Starting to call Test Case 'Test Cases/Filtreler/faturaTipiSec'

2021-11-23 16:52:11 - [TEST_CASE][PASSED] - Test Cases/Filtreler/faturaTipiSec: Test Cases/Filtreler/faturaTipiSec

2021-11-23 16:52:12 - [TEST_STEP][PASSED] - click(findTestObject("Filtreler/Fatura_Tipi"), STOP_ON_FAILURE): Object: 'Object Repository/Filtreler/Fatura_Tipi' is clicked on

2021-11-23 16:52:12 - [MESSAGE][INFO] - Finding Test Object 'Object Repository/Filtreler/Fatura_Tipi'

2021-11-23 16:52:12 - [MESSAGE][INFO] - Checking object

2021-11-23 16:52:12 - [MESSAGE][INFO] - Finding web element from Test Object's properties

2021-11-23 16:52:12 - [MESSAGE][INFO] - Checking timeout

2021-11-23 16:52:12 - [MESSAGE][INFO] - Finding web element with id: 'Object Repository/Filtreler/Fatura_Tipi' located by 'By.cssSelector: #cmbFaturaTip > option:nth-child(2)' in '30' second(s)

2021-11-23 16:52:12 - [MESSAGE][INFO] - Smart Wait Function is triggered

2021-11-23 16:52:12 - [MESSAGE][INFO] - Found 1 web elements with id: 'Object Repository/Filtreler/Fatura_Tipi' located by 'By.cssSelector: #cmbFaturaTip > option:nth-child(2)' in '30' second(s)

2021-11-23 16:52:12 - [MESSAGE][INFO] - Clicking on object: 'Object Repository/Filtreler/Fatura_Tipi'

2021-11-23 16:52:12 - [MESSAGE][PASSED] - Object: 'Object Repository/Filtreler/Fatura_Tipi' is clicked on

2021-11-23 16:52:12 - [MESSAGE][PASSED] - Call Test Case 'Test Cases/Filtreler/faturaTipiSec' successfully

2021-11-23 16:52:12 - [MESSAGE][INFO] - Checking called Test Case

2021-11-23 16:52:12 - [MESSAGE][INFO] - Starting to call Test Case 'Test Cases/Butonlar/ButonaTikla'

2021-11-23 16:52:12 - [TEST_CASE][PASSED] - Test Cases/Butonlar/ButonaTikla: Test Cases/Butonlar/ButonaTikla

2021-11-23 16:52:12 - [TEST_STEP][PASSED] - Method.TextDegerineEsitElementeTiklaEquals(findTestObject("Butonlar/Butonlar"), Buton_Adi): Method.TextDegerineEsitElementeTiklaEquals is PASSED

2021-11-23 16:52:12 - [MESSAGE][INFO] - Finding Test Object 'Object Repository/Butonlar/Butonlar'

2021-11-23 16:52:13 - [MESSAGE][INFO] - Checking timeout

2021-11-23 16:52:13 - [MESSAGE][INFO] - Finding web element with id: 'Object Repository/Butonlar/Butonlar' located by 'By.cssSelector: .panel.panel-default.text-center.footerPanel .btn,.btn.btn-primary.btnControls' in '10' second(s)

2021-11-23 16:52:13 - [MESSAGE][INFO] - Smart Wait Function is triggered

2021-11-23 16:52:13 - [MESSAGE][INFO] - Found 9 web elements with id: 'Object Repository/Butonlar/Butonlar' located by 'By.cssSelector: .panel.panel-default.text-center.footerPanel .btn,.btn.btn-primary.btnControls' in '10' second(s)

2021-11-23 16:52:13 - [MESSAGE][PASSED] - Method.TextDegerineEsitElementeTiklaEquals is PASSED

2021-11-23 16:52:13 - [MESSAGE][PASSED] - Call Test Case 'Test Cases/Butonlar/ButonaTikla' successfully

2021-11-23 16:52:13 - [MESSAGE][INFO] - Checking called Test Case

2021-11-23 16:52:13 - [MESSAGE][INFO] - Starting to call Test Case 'Test Cases/Olusturma/Genel/GorselTasarimSayfasıBasligiIceriyorMu'

2021-11-23 16:52:13 - [TEST_CASE][PASSED] - Test Cases/Olusturma/Genel/GorselTasarimSayfasıBasligiIceriyorMu: Test Cases/Olusturma/Genel/GorselTasarimSayfasıBasligiIceriyorMu

2021-11-23 16:52:13 - [TEST_STEP][PASSED] - verifyElementText(findTestObject("Object Repository/Olusturma/Genel/GorselTasarimBaslik"), Baslik): Actual text and expected text of test object 'Object Repository/Olusturma/Genel/GorselTasarimBaslik' are matched.

2021-11-23 16:52:13 - [MESSAGE][INFO] - Finding Test Object 'Object Repository/Olusturma/Genel/GorselTasarimBaslik'

2021-11-23 16:52:13 - [MESSAGE][INFO] - Checking object

2021-11-23 16:52:13 - [MESSAGE][INFO] - Finding web element from Test Object's properties

2021-11-23 16:52:13 - [MESSAGE][INFO] - Checking timeout

2021-11-23 16:52:13 - [MESSAGE][INFO] - Finding web element with id: 'Object Repository/Olusturma/Genel/GorselTasarimBaslik' located by 'By.cssSelector: #flAlici_0>div>span' in '30' second(s)

2021-11-23 16:52:13 - [MESSAGE][INFO] - Smart Wait Function is triggered

2021-11-23 16:52:20 - [MESSAGE][INFO] - Found 1 web elements with id: 'Object Repository/Olusturma/Genel/GorselTasarimBaslik' located by 'By.cssSelector: #flAlici_0>div>span' in '30' second(s)

2021-11-23 16:52:20 - [MESSAGE][PASSED] - Actual text and expected text of test object 'Object Repository/Olusturma/Genel/GorselTasarimBaslik' are matched.

2021-11-23 16:52:20 - [MESSAGE][PASSED] - Call Test Case 'Test Cases/Olusturma/Genel/GorselTasarimSayfasıBasligiIceriyorMu' successfully

2021-11-23 16:52:20 - [MESSAGE][INFO] - Checking called Test Case

2021-11-23 16:52:20 - [MESSAGE][INFO] - Starting to call Test Case 'Test Cases/Olusturma/Genel/AliciSecilir'

2021-11-23 16:52:21 - [TEST_CASE][PASSED] - Test Cases/Olusturma/Genel/AliciSecilir: Test Cases/Olusturma/Genel/AliciSecilir

2021-11-23 16:52:21 - [TEST_STEP][PASSED] - click(findTestObject("Olusturma/Genel/AliciBilgisi/Alici_Ara")): Object: 'Object Repository/Olusturma/Genel/AliciBilgisi/Alici_Ara' is clicked on

2021-11-23 16:52:21 - [MESSAGE][INFO] - Finding Test Object 'Object Repository/Olusturma/Genel/AliciBilgisi/Alici_Ara'

2021-11-23 16:52:21 - [MESSAGE][INFO] - Checking object

2021-11-23 16:52:21 - [MESSAGE][INFO] - Finding web element from Test Object's properties

2021-11-23 16:52:21 - [MESSAGE][INFO] - Checking timeout

2021-11-23 16:52:21 - [MESSAGE][INFO] - Finding web element with id: 'Object Repository/Olusturma/Genel/AliciBilgisi/Alici_Ara' located by 'By.xpath: //td[@id='txtCustomerText_B-1']' in '30' second(s)

2021-11-23 16:52:21 - [MESSAGE][INFO] - Smart Wait Function is triggered

2021-11-23 16:52:21 - [MESSAGE][INFO] - Found 1 web elements with id: 'Object Repository/Olusturma/Genel/AliciBilgisi/Alici_Ara' located by 'By.xpath: //td[@id='txtCustomerText_B-1']' in '30' second(s)

2021-11-23 16:52:21 - [MESSAGE][INFO] - Clicking on object: 'Object Repository/Olusturma/Genel/AliciBilgisi/Alici_Ara'

2021-11-23 16:52:21 - [MESSAGE][PASSED] - Object: 'Object Repository/Olusturma/Genel/AliciBilgisi/Alici_Ara' is clicked on

2021-11-23 16:52:21 - [TEST_STEP][PASSED] - click(findTestObject("Olusturma/Genel/AliciBilgisi/Alici_Bilgisi")): Object: 'Object Repository/Olusturma/Genel/AliciBilgisi/Alici_Bilgisi' is clicked on

2021-11-23 16:52:21 - [MESSAGE][INFO] - Finding Test Object 'Object Repository/Olusturma/Genel/AliciBilgisi/Alici_Bilgisi'

2021-11-23 16:52:21 - [MESSAGE][INFO] - Checking object

2021-11-23 16:52:21 - [MESSAGE][INFO] - Finding web element from Test Object's properties

2021-11-23 16:52:21 - [MESSAGE][INFO] - Checking timeout

2021-11-23 16:52:21 - [MESSAGE][INFO] - Finding web element with id: 'Object Repository/Olusturma/Genel/AliciBilgisi/Alici_Bilgisi' located by 'By.xpath: //iframe[@id='customerselectiframe']' in '30' second(s)

2021-11-23 16:52:21 - [MESSAGE][INFO] - Smart Wait Function is triggered

2021-11-23 16:52:21 - [MESSAGE][INFO] - Found 1 web elements with id: 'Object Repository/Olusturma/Genel/AliciBilgisi/Alici_Bilgisi' located by 'By.xpath: //iframe[@id='customerselectiframe']' in '30' second(s)

2021-11-23 16:52:21 - [MESSAGE][INFO] - Clicking on object: 'Object Repository/Olusturma/Genel/AliciBilgisi/Alici_Bilgisi'

2021-11-23 16:52:22 - [MESSAGE][PASSED] - Object: 'Object Repository/Olusturma/Genel/AliciBilgisi/Alici_Bilgisi' is clicked on

2021-11-23 16:52:22 - [TEST_STEP][PASSED] - setText(findTestObject("Olusturma/Genel/AliciBilgisi/Alici_Gir"), Alici_Adi): Switching to default content

2021-11-23 16:52:22 - [MESSAGE][INFO] - Finding Test Object 'Object Repository/Olusturma/Genel/AliciBilgisi/Alici_Gir'

2021-11-23 16:52:22 - [MESSAGE][INFO] - Finding Test Object 'Object Repository/Olusturma/Genel/AliciBilgisi/Alici_Bilgisi'

2021-11-23 16:52:22 - [MESSAGE][INFO] - Checking object

2021-11-23 16:52:22 - [MESSAGE][INFO] - Checking text

2021-11-23 16:52:22 - [MESSAGE][INFO] - Object: 'Object Repository/Olusturma/Genel/AliciBilgisi/Alici_Gir' has parent object(s)

2021-11-23 16:52:22 - [MESSAGE][INFO] - Switching to iframe: 'Object Repository/Olusturma/Genel/AliciBilgisi/Alici_Bilgisi'

2021-11-23 16:52:22 - [MESSAGE][INFO] - Finding web element from Test Object's properties

2021-11-23 16:52:22 - [MESSAGE][INFO] - Checking timeout

2021-11-23 16:52:22 - [MESSAGE][INFO] - Finding web element with id: 'Object Repository/Olusturma/Genel/AliciBilgisi/Alici_Bilgisi' located by 'By.xpath: //iframe[@id='customerselectiframe']' in '30' second(s)

2021-11-23 16:52:22 - [MESSAGE][INFO] - Smart Wait Function is triggered

2021-11-23 16:52:22 - [MESSAGE][INFO] - Found 1 web elements with id: 'Object Repository/Olusturma/Genel/AliciBilgisi/Alici_Bilgisi' located by 'By.xpath: //iframe[@id='customerselectiframe']' in '30' second(s)

2021-11-23 16:52:22 - [MESSAGE][INFO] - Switched to iframe: 'Object Repository/Olusturma/Genel/AliciBilgisi/Alici_Bilgisi'

2021-11-23 16:52:22 - [MESSAGE][INFO] - Finding web element from Test Object's properties

2021-11-23 16:52:22 - [MESSAGE][INFO] - Checking timeout

2021-11-23 16:52:22 - [MESSAGE][INFO] - Finding web element with id: 'Object Repository/Olusturma/Genel/AliciBilgisi/Alici_Gir' located by 'By.xpath: //input[@id='GridViewCustomer_DXFREditorcol1_I']' in '30' second(s)

2021-11-23 16:52:22 - [MESSAGE][INFO] - Smart Wait Function is triggered

2021-11-23 16:52:22 - [MESSAGE][INFO] - Found 1 web elements with id: 'Object Repository/Olusturma/Genel/AliciBilgisi/Alici_Gir' located by 'By.xpath: //input[@id='GridViewCustomer_DXFREditorcol1_I']' in '30' second(s)

2021-11-23 16:52:22 - [MESSAGE][INFO] - Clearing text of object 'Object Repository/Olusturma/Genel/AliciBilgisi/Alici_Gir'

2021-11-23 16:52:22 - [MESSAGE][INFO] - Finding web element from Test Object's properties

2021-11-23 16:52:22 - [MESSAGE][INFO] - Checking timeout

2021-11-23 16:52:22 - [MESSAGE][INFO] - Finding web element with id: 'Object Repository/Olusturma/Genel/AliciBilgisi/Alici_Gir' located by 'By.xpath: //input[@id='GridViewCustomer_DXFREditorcol1_I']' in '30' second(s)

2021-11-23 16:52:22 - [MESSAGE][INFO] - Smart Wait Function is triggered

2021-11-23 16:52:22 - [MESSAGE][INFO] - Found 1 web elements with id: 'Object Repository/Olusturma/Genel/AliciBilgisi/Alici_Gir' located by 'By.xpath: //input[@id='GridViewCustomer_DXFREditorcol1_I']' in '30' second(s)

2021-11-23 16:52:22 - [MESSAGE][INFO] - Setting text of object 'Object Repository/Olusturma/Genel/AliciBilgisi/Alici_Gir' to value 'VirgosolArsivVKN'

2021-11-23 16:52:22 - [MESSAGE][PASSED] - Text 'VirgosolArsivVKN' is set on object 'Object Repository/Olusturma/Genel/AliciBilgisi/Alici_Gir'

2021-11-23 16:52:22 - [MESSAGE][INFO] - Switching to default content

2021-11-23 16:52:22 - [TEST_STEP][PASSED] - waitForElementClickable(findTestObject("Olusturma/Genel/AliciBilgisi/Alici_Adi"), 10): Switching to default content

2021-11-23 16:52:22 - [MESSAGE][INFO] - Finding Test Object 'Object Repository/Olusturma/Genel/AliciBilgisi/Alici_Adi'

2021-11-23 16:52:22 - [MESSAGE][INFO] - Finding Test Object 'Object Repository/Olusturma/Genel/AliciBilgisi/iframe_Alc Bilgisi_customerselectiframe'

2021-11-23 16:52:22 - [MESSAGE][INFO] - Checking object

2021-11-23 16:52:22 - [MESSAGE][INFO] - Checking timeout

2021-11-23 16:52:22 - [MESSAGE][INFO] - Object: 'Object Repository/Olusturma/Genel/AliciBilgisi/Alici_Adi' has parent object(s)

2021-11-23 16:52:22 - [MESSAGE][INFO] - Switching to iframe: 'Object Repository/Olusturma/Genel/AliciBilgisi/iframe_Alc Bilgisi_customerselectiframe'

2021-11-23 16:52:22 - [MESSAGE][INFO] - Finding web element from Test Object's properties

2021-11-23 16:52:22 - [MESSAGE][INFO] - Checking timeout

2021-11-23 16:52:22 - [MESSAGE][INFO] - Finding web element with id: 'Object Repository/Olusturma/Genel/AliciBilgisi/iframe_Alc Bilgisi_customerselectiframe' located by 'By.xpath: //iframe[@id='customerselectiframe']' in '10' second(s)

2021-11-23 16:52:22 - [MESSAGE][INFO] - Smart Wait Function is triggered

2021-11-23 16:52:23 - [MESSAGE][INFO] - Found 1 web elements with id: 'Object Repository/Olusturma/Genel/AliciBilgisi/iframe_Alc Bilgisi_customerselectiframe' located by 'By.xpath: //iframe[@id='customerselectiframe']' in '10' second(s)

2021-11-23 16:52:23 - [MESSAGE][INFO] - Switched to iframe: 'Object Repository/Olusturma/Genel/AliciBilgisi/iframe_Alc Bilgisi_customerselectiframe'

2021-11-23 16:52:23 - [MESSAGE][INFO] - Finding web element from Test Object's properties

2021-11-23 16:52:23 - [MESSAGE][INFO] - Checking timeout

2021-11-23 16:52:23 - [MESSAGE][INFO] - Finding web element with id: 'Object Repository/Olusturma/Genel/AliciBilgisi/Alici_Adi' located by 'By.xpath: //tr[@id='GridViewCustomer_DXDataRow0']/td[2]' in '10' second(s)

2021-11-23 16:52:23 - [MESSAGE][INFO] - Smart Wait Function is triggered

2021-11-23 16:52:23 - [MESSAGE][INFO] - Found 1 web elements with id: 'Object Repository/Olusturma/Genel/AliciBilgisi/Alici_Adi' located by 'By.xpath: //tr[@id='GridViewCustomer_DXDataRow0']/td[2]' in '10' second(s)

2021-11-23 16:52:23 - [MESSAGE][PASSED] - Object 'Object Repository/Olusturma/Genel/AliciBilgisi/Alici_Adi' is clickable

2021-11-23 16:52:23 - [MESSAGE][INFO] - Switching to default content

2021-11-23 16:52:23 - [TEST_STEP][PASSED] - click(findTestObject("Olusturma/Genel/AliciBilgisi/frame")): Switching to default content

2021-11-23 16:52:23 - [MESSAGE][INFO] - Finding Test Object 'Object Repository/Olusturma/Genel/AliciBilgisi/frame'

2021-11-23 16:52:23 - [MESSAGE][INFO] - Finding Test Object 'Object Repository/Olusturma/Genel/AliciBilgisi/iframe_Alc Bilgisi_customerselectiframe'

2021-11-23 16:52:23 - [MESSAGE][INFO] - Checking object

2021-11-23 16:52:23 - [MESSAGE][INFO] - Object: 'Object Repository/Olusturma/Genel/AliciBilgisi/frame' has parent object(s)

2021-11-23 16:52:23 - [MESSAGE][INFO] - Switching to iframe: 'Object Repository/Olusturma/Genel/AliciBilgisi/iframe_Alc Bilgisi_customerselectiframe'

2021-11-23 16:52:23 - [MESSAGE][INFO] - Finding web element from Test Object's properties

2021-11-23 16:52:23 - [MESSAGE][INFO] - Checking timeout

2021-11-23 16:52:23 - [MESSAGE][INFO] - Finding web element with id: 'Object Repository/Olusturma/Genel/AliciBilgisi/iframe_Alc Bilgisi_customerselectiframe' located by 'By.xpath: //iframe[@id='customerselectiframe']' in '30' second(s)

2021-11-23 16:52:23 - [MESSAGE][INFO] - Smart Wait Function is triggered

2021-11-23 16:52:23 - [MESSAGE][INFO] - Found 1 web elements with id: 'Object Repository/Olusturma/Genel/AliciBilgisi/iframe_Alc Bilgisi_customerselectiframe' located by 'By.xpath: //iframe[@id='customerselectiframe']' in '30' second(s)

2021-11-23 16:52:23 - [MESSAGE][INFO] - Switched to iframe: 'Object Repository/Olusturma/Genel/AliciBilgisi/iframe_Alc Bilgisi_customerselectiframe'

2021-11-23 16:52:23 - [MESSAGE][INFO] - Finding web element from Test Object's properties

2021-11-23 16:52:23 - [MESSAGE][INFO] - Checking timeout

2021-11-23 16:52:23 - [MESSAGE][INFO] - Finding web element with id: 'Object Repository/Olusturma/Genel/AliciBilgisi/frame' located by 'By.xpath: //*/text()[normalize-space(.)='']/parent::*' in '30' second(s)

2021-11-23 16:52:23 - [MESSAGE][INFO] - Smart Wait Function is triggered

2021-11-23 16:52:23 - [MESSAGE][INFO] - Found 73 web elements with id: 'Object Repository/Olusturma/Genel/AliciBilgisi/frame' located by 'By.xpath: //*/text()[normalize-space(.)='']/parent::*' in '30' second(s)

2021-11-23 16:52:23 - [MESSAGE][INFO] - Clicking on object: 'Object Repository/Olusturma/Genel/AliciBilgisi/frame'

2021-11-23 16:52:23 - [MESSAGE][PASSED] - Object: 'Object Repository/Olusturma/Genel/AliciBilgisi/frame' is clicked on

2021-11-23 16:52:23 - [MESSAGE][INFO] - Switching to default content

2021-11-23 16:52:23 - [TEST_STEP][PASSED] - click(findTestObject("Olusturma/Genel/AliciBilgisi/Alici_Adi")): Switching to default content

2021-11-23 16:52:23 - [MESSAGE][INFO] - Finding Test Object 'Object Repository/Olusturma/Genel/AliciBilgisi/Alici_Adi'

2021-11-23 16:52:23 - [MESSAGE][INFO] - Finding Test Object 'Object Repository/Olusturma/Genel/AliciBilgisi/iframe_Alc Bilgisi_customerselectiframe'

2021-11-23 16:52:24 - [MESSAGE][INFO] - Checking object

2021-11-23 16:52:24 - [MESSAGE][INFO] - Object: 'Object Repository/Olusturma/Genel/AliciBilgisi/Alici_Adi' has parent object(s)

2021-11-23 16:52:24 - [MESSAGE][INFO] - Switching to iframe: 'Object Repository/Olusturma/Genel/AliciBilgisi/iframe_Alc Bilgisi_customerselectiframe'

2021-11-23 16:52:24 - [MESSAGE][INFO] - Finding web element from Test Object's properties

2021-11-23 16:52:24 - [MESSAGE][INFO] - Checking timeout

2021-11-23 16:52:24 - [MESSAGE][INFO] - Finding web element with id: 'Object Repository/Olusturma/Genel/AliciBilgisi/iframe_Alc Bilgisi_customerselectiframe' located by 'By.xpath: //iframe[@id='customerselectiframe']' in '30' second(s)

2021-11-23 16:52:24 - [MESSAGE][INFO] - Smart Wait Function is triggered

2021-11-23 16:52:24 - [MESSAGE][INFO] - Found 1 web elements with id: 'Object Repository/Olusturma/Genel/AliciBilgisi/iframe_Alc Bilgisi_customerselectiframe' located by 'By.xpath: //iframe[@id='customerselectiframe']' in '30' second(s)

2021-11-23 16:52:24 - [MESSAGE][INFO] - Switched to iframe: 'Object Repository/Olusturma/Genel/AliciBilgisi/iframe_Alc Bilgisi_customerselectiframe'

2021-11-23 16:52:24 - [MESSAGE][INFO] - Finding web element from Test Object's properties

2021-11-23 16:52:24 - [MESSAGE][INFO] - Checking timeout

2021-11-23 16:52:24 - [MESSAGE][INFO] - Finding web element with id: 'Object Repository/Olusturma/Genel/AliciBilgisi/Alici_Adi' located by 'By.xpath: //tr[@id='GridViewCustomer_DXDataRow0']/td[2]' in '30' second(s)

2021-11-23 16:52:24 - [MESSAGE][INFO] - Smart Wait Function is triggered

2021-11-23 16:52:24 - [MESSAGE][INFO] - Found 1 web elements with id: 'Object Repository/Olusturma/Genel/AliciBilgisi/Alici_Adi' located by 'By.xpath: //tr[@id='GridViewCustomer_DXDataRow0']/td[2]' in '30' second(s)

2021-11-23 16:52:24 - [MESSAGE][INFO] - Clicking on object: 'Object Repository/Olusturma/Genel/AliciBilgisi/Alici_Adi'

2021-11-23 16:52:24 - [MESSAGE][PASSED] - Object: 'Object Repository/Olusturma/Genel/AliciBilgisi/Alici_Adi' is clicked on

2021-11-23 16:52:24 - [MESSAGE][INFO] - Switching to default content

2021-11-23 16:52:24 - [TEST_STEP][PASSED] - click(findTestObject("Olusturma/Genel/AliciBilgisi/Tamam_Bosluk")): Switching to default content

2021-11-23 16:52:24 - [MESSAGE][INFO] - Finding Test Object 'Object Repository/Olusturma/Genel/AliciBilgisi/Tamam_Bosluk'

2021-11-23 16:52:24 - [MESSAGE][INFO] - Finding Test Object 'Object Repository/Olusturma/Genel/AliciBilgisi/Alici_Bilgisi'

2021-11-23 16:52:24 - [MESSAGE][INFO] - Checking object

2021-11-23 16:52:24 - [MESSAGE][INFO] - Object: 'Object Repository/Olusturma/Genel/AliciBilgisi/Tamam_Bosluk' has parent object(s)

2021-11-23 16:52:24 - [MESSAGE][INFO] - Switching to iframe: 'Object Repository/Olusturma/Genel/AliciBilgisi/Alici_Bilgisi'

2021-11-23 16:52:24 - [MESSAGE][INFO] - Finding web element from Test Object's properties

2021-11-23 16:52:24 - [MESSAGE][INFO] - Checking timeout

2021-11-23 16:52:24 - [MESSAGE][INFO] - Finding web element with id: 'Object Repository/Olusturma/Genel/AliciBilgisi/Alici_Bilgisi' located by 'By.xpath: //iframe[@id='customerselectiframe']' in '30' second(s)

2021-11-23 16:52:24 - [MESSAGE][INFO] - Smart Wait Function is triggered

2021-11-23 16:52:25 - [MESSAGE][INFO] - Found 1 web elements with id: 'Object Repository/Olusturma/Genel/AliciBilgisi/Alici_Bilgisi' located by 'By.xpath: //iframe[@id='customerselectiframe']' in '30' second(s)

2021-11-23 16:52:25 - [MESSAGE][INFO] - Switched to iframe: 'Object Repository/Olusturma/Genel/AliciBilgisi/Alici_Bilgisi'

2021-11-23 16:52:25 - [MESSAGE][INFO] - Finding web element from Test Object's properties

2021-11-23 16:52:25 - [MESSAGE][INFO] - Checking timeout

2021-11-23 16:52:25 - [MESSAGE][INFO] - Finding web element with id: 'Object Repository/Olusturma/Genel/AliciBilgisi/Tamam_Bosluk' located by 'By.xpath: (.//*[normalize-space(text()) and normalize-space(.)='Sayfa Boyutu:'])[1]/following::div[7]' in '30' second(s)

2021-11-23 16:52:25 - [MESSAGE][INFO] - Smart Wait Function is triggered

2021-11-23 16:52:25 - [MESSAGE][INFO] - Found 1 web elements with id: 'Object Repository/Olusturma/Genel/AliciBilgisi/Tamam_Bosluk' located by 'By.xpath: (.//*[normalize-space(text()) and normalize-space(.)='Sayfa Boyutu:'])[1]/following::div[7]' in '30' second(s)

2021-11-23 16:52:25 - [MESSAGE][INFO] - Clicking on object: 'Object Repository/Olusturma/Genel/AliciBilgisi/Tamam_Bosluk'

2021-11-23 16:52:25 - [MESSAGE][PASSED] - Object: 'Object Repository/Olusturma/Genel/AliciBilgisi/Tamam_Bosluk' is clicked on

2021-11-23 16:52:25 - [MESSAGE][INFO] - Switching to default content

2021-11-23 16:52:25 - [TEST_STEP][PASSED] - waitForElementClickable(findTestObject("Olusturma/Genel/AliciBilgisi/Tamam_Butonu"), 10): Switching to default content

2021-11-23 16:52:25 - [MESSAGE][INFO] - Finding Test Object 'Object Repository/Olusturma/Genel/AliciBilgisi/Tamam_Butonu'

2021-11-23 16:52:25 - [MESSAGE][INFO] - Finding Test Object 'Object Repository/Olusturma/Genel/AliciBilgisi/Alici_Bilgisi'

2021-11-23 16:52:25 - [MESSAGE][INFO] - Checking object

2021-11-23 16:52:25 - [MESSAGE][INFO] - Checking timeout

2021-11-23 16:52:25 - [MESSAGE][INFO] - Object: 'Object Repository/Olusturma/Genel/AliciBilgisi/Tamam_Butonu' has parent object(s)

2021-11-23 16:52:25 - [MESSAGE][INFO] - Switching to iframe: 'Object Repository/Olusturma/Genel/AliciBilgisi/Alici_Bilgisi'

2021-11-23 16:52:25 - [MESSAGE][INFO] - Finding web element from Test Object's properties

2021-11-23 16:52:25 - [MESSAGE][INFO] - Checking timeout

2021-11-23 16:52:25 - [MESSAGE][INFO] - Finding web element with id: 'Object Repository/Olusturma/Genel/AliciBilgisi/Alici_Bilgisi' located by 'By.xpath: //iframe[@id='customerselectiframe']' in '10' second(s)

2021-11-23 16:52:25 - [MESSAGE][INFO] - Smart Wait Function is triggered

2021-11-23 16:52:25 - [MESSAGE][INFO] - Found 1 web elements with id: 'Object Repository/Olusturma/Genel/AliciBilgisi/Alici_Bilgisi' located by 'By.xpath: //iframe[@id='customerselectiframe']' in '10' second(s)

2021-11-23 16:52:25 - [MESSAGE][INFO] - Switched to iframe: 'Object Repository/Olusturma/Genel/AliciBilgisi/Alici_Bilgisi'

2021-11-23 16:52:25 - [MESSAGE][INFO] - Finding web element from Test Object's properties

2021-11-23 16:52:25 - [MESSAGE][INFO] - Checking timeout

2021-11-23 16:52:25 - [MESSAGE][INFO] - Finding web element with id: 'Object Repository/Olusturma/Genel/AliciBilgisi/Tamam_Butonu' located by 'By.xpath: //div[@id='btnSelectCustomer_CD']/span' in '10' second(s)

2021-11-23 16:52:25 - [MESSAGE][INFO] - Smart Wait Function is triggered

2021-11-23 16:52:25 - [MESSAGE][INFO] - Found 1 web elements with id: 'Object Repository/Olusturma/Genel/AliciBilgisi/Tamam_Butonu' located by 'By.xpath: //div[@id='btnSelectCustomer_CD']/span' in '10' second(s)

2021-11-23 16:52:25 - [MESSAGE][PASSED] - Object 'Object Repository/Olusturma/Genel/AliciBilgisi/Tamam_Butonu' is clickable

2021-11-23 16:52:25 - [MESSAGE][INFO] - Switching to default content

2021-11-23 16:52:25 - [TEST_STEP][PASSED] - click(findTestObject("Olusturma/Genel/AliciBilgisi/Tamam_Butonu")): Switching to default content

2021-11-23 16:52:25 - [MESSAGE][INFO] - Finding Test Object 'Object Repository/Olusturma/Genel/AliciBilgisi/Tamam_Butonu'

2021-11-23 16:52:26 - [MESSAGE][INFO] - Finding Test Object 'Object Repository/Olusturma/Genel/AliciBilgisi/Alici_Bilgisi'

2021-11-23 16:52:26 - [MESSAGE][INFO] - Checking object

2021-11-23 16:52:26 - [MESSAGE][INFO] - Object: 'Object Repository/Olusturma/Genel/AliciBilgisi/Tamam_Butonu' has parent object(s)

2021-11-23 16:52:26 - [MESSAGE][INFO] - Switching to iframe: 'Object Repository/Olusturma/Genel/AliciBilgisi/Alici_Bilgisi'

2021-11-23 16:52:26 - [MESSAGE][INFO] - Finding web element from Test Object's properties

2021-11-23 16:52:26 - [MESSAGE][INFO] - Checking timeout

2021-11-23 16:52:26 - [MESSAGE][INFO] - Finding web element with id: 'Object Repository/Olusturma/Genel/AliciBilgisi/Alici_Bilgisi' located by 'By.xpath: //iframe[@id='customerselectiframe']' in '30' second(s)

2021-11-23 16:52:26 - [MESSAGE][INFO] - Smart Wait Function is triggered

2021-11-23 16:52:26 - [MESSAGE][INFO] - Found 1 web elements with id: 'Object Repository/Olusturma/Genel/AliciBilgisi/Alici_Bilgisi' located by 'By.xpath: //iframe[@id='customerselectiframe']' in '30' second(s)

2021-11-23 16:52:26 - [MESSAGE][INFO] - Switched to iframe: 'Object Repository/Olusturma/Genel/AliciBilgisi/Alici_Bilgisi'

2021-11-23 16:52:26 - [MESSAGE][INFO] - Finding web element from Test Object's properties

2021-11-23 16:52:26 - [MESSAGE][INFO] - Checking timeout

2021-11-23 16:52:26 - [MESSAGE][INFO] - Finding web element with id: 'Object Repository/Olusturma/Genel/AliciBilgisi/Tamam_Butonu' located by 'By.xpath: //div[@id='btnSelectCustomer_CD']/span' in '30' second(s)

2021-11-23 16:52:26 - [MESSAGE][INFO] - Smart Wait Function is triggered

2021-11-23 16:52:26 - [MESSAGE][INFO] - Found 1 web elements with id: 'Object Repository/Olusturma/Genel/AliciBilgisi/Tamam_Butonu' located by 'By.xpath: //div[@id='btnSelectCustomer_CD']/span' in '30' second(s)

2021-11-23 16:52:26 - [MESSAGE][INFO] - Clicking on object: 'Object Repository/Olusturma/Genel/AliciBilgisi/Tamam_Butonu'

2021-11-23 16:52:26 - [MESSAGE][PASSED] - Object: 'Object Repository/Olusturma/Genel/AliciBilgisi/Tamam_Butonu' is clicked on

2021-11-23 16:52:26 - [MESSAGE][INFO] - Switching to default content

2021-11-23 16:52:26 - [TEST_STEP][PASSED] - waitForElementPresent(findTestObject("Olusturma/Genel/AliciBilgisi/VKN-TCKN"), 10): Object 'Object Repository/Olusturma/Genel/AliciBilgisi/VKN-TCKN' is present

2021-11-23 16:52:26 - [MESSAGE][INFO] - Finding Test Object 'Object Repository/Olusturma/Genel/AliciBilgisi/VKN-TCKN'

2021-11-23 16:52:26 - [MESSAGE][INFO] - Checking object

2021-11-23 16:52:26 - [MESSAGE][INFO] - Finding web element from Test Object's properties

2021-11-23 16:52:26 - [MESSAGE][INFO] - Checking timeout

2021-11-23 16:52:26 - [MESSAGE][INFO] - Finding web element with id: 'Object Repository/Olusturma/Genel/AliciBilgisi/VKN-TCKN' located by 'By.xpath: //*[@id = 'txtVknTckn_I']' in '10' second(s)

2021-11-23 16:52:26 - [MESSAGE][INFO] - Smart Wait Function is triggered

2021-11-23 16:52:27 - [MESSAGE][INFO] - Found 1 web elements with id: 'Object Repository/Olusturma/Genel/AliciBilgisi/VKN-TCKN' located by 'By.xpath: //*[@id = 'txtVknTckn_I']' in '10' second(s)

2021-11-23 16:52:27 - [MESSAGE][PASSED] - Object 'Object Repository/Olusturma/Genel/AliciBilgisi/VKN-TCKN' is present

2021-11-23 16:52:27 - [TEST_STEP][PASSED] - text = getAttribute(findTestObject("Olusturma/Genel/AliciBilgisi/VKN-TCKN"), "value"): Attribute 'value' of object 'Object Repository/Olusturma/Genel/AliciBilgisi/VKN-TCKN' is: '5422405266'

2021-11-23 16:52:27 - [MESSAGE][INFO] - Finding Test Object 'Object Repository/Olusturma/Genel/AliciBilgisi/VKN-TCKN'

2021-11-23 16:52:27 - [MESSAGE][INFO] - Checking object

2021-11-23 16:52:27 - [MESSAGE][INFO] - Checking attribute

2021-11-23 16:52:27 - [MESSAGE][INFO] - Finding web element from Test Object's properties

2021-11-23 16:52:27 - [MESSAGE][INFO] - Checking timeout

2021-11-23 16:52:27 - [MESSAGE][INFO] - Finding web element with id: 'Object Repository/Olusturma/Genel/AliciBilgisi/VKN-TCKN' located by 'By.xpath: //*[@id = 'txtVknTckn_I']' in '30' second(s)

2021-11-23 16:52:27 - [MESSAGE][INFO] - Smart Wait Function is triggered

2021-11-23 16:52:27 - [MESSAGE][INFO] - Found 1 web elements with id: 'Object Repository/Olusturma/Genel/AliciBilgisi/VKN-TCKN' located by 'By.xpath: //*[@id = 'txtVknTckn_I']' in '30' second(s)

2021-11-23 16:52:27 - [MESSAGE][INFO] - Getting attribute 'value' of object 'Object Repository/Olusturma/Genel/AliciBilgisi/VKN-TCKN'

2021-11-23 16:52:27 - [MESSAGE][PASSED] - Attribute 'value' of object 'Object Repository/Olusturma/Genel/AliciBilgisi/VKN-TCKN' is: '5422405266'

2021-11-23 16:52:27 - [TEST_STEP][PASSED] - if (text.equals("")): null

2021-11-23 16:52:27 - [MESSAGE][PASSED] - Call Test Case 'Test Cases/Olusturma/Genel/AliciSecilir' successfully

2021-11-23 16:52:27 - [MESSAGE][INFO] - Checking called Test Case

2021-11-23 16:52:27 - [MESSAGE][INFO] - Starting to call Test Case 'Test Cases/Olusturma/Genel/OnEkSecilir'

2021-11-23 16:52:27 - [TEST_CASE][PASSED] - Test Cases/Olusturma/Genel/OnEkSecilir: Test Cases/Olusturma/Genel/OnEkSecilir

2021-11-23 16:52:27 - [TEST_STEP][PASSED] - waitForElementClickable(findTestObject("Object Repository/Olusturma/Genel/OnEkSecilir/OnEk"), 10): Object 'Object Repository/Olusturma/Genel/OnEkSecilir/OnEk' is clickable

2021-11-23 16:52:27 - [MESSAGE][INFO] - Finding Test Object 'Object Repository/Olusturma/Genel/OnEkSecilir/OnEk'

2021-11-23 16:52:27 - [MESSAGE][INFO] - Checking object

2021-11-23 16:52:27 - [MESSAGE][INFO] - Checking timeout

2021-11-23 16:52:27 - [MESSAGE][INFO] - Finding web element from Test Object's properties

2021-11-23 16:52:27 - [MESSAGE][INFO] - Checking timeout

2021-11-23 16:52:27 - [MESSAGE][INFO] - Finding web element with id: 'Object Repository/Olusturma/Genel/OnEkSecilir/OnEk' located by 'By.xpath: //*[@id = 'InvoicePrefix_I']' in '10' second(s)

2021-11-23 16:52:27 - [MESSAGE][INFO] - Smart Wait Function is triggered

2021-11-23 16:52:27 - [MESSAGE][INFO] - Found 1 web elements with id: 'Object Repository/Olusturma/Genel/OnEkSecilir/OnEk' located by 'By.xpath: //*[@id = 'InvoicePrefix_I']' in '10' second(s)

2021-11-23 16:52:27 - [MESSAGE][PASSED] - Object 'Object Repository/Olusturma/Genel/OnEkSecilir/OnEk' is clickable

2021-11-23 16:52:27 - [TEST_STEP][PASSED] - click(findTestObject("Object Repository/Olusturma/Genel/OnEkSecilir/OnEk")): Object: 'Object Repository/Olusturma/Genel/OnEkSecilir/OnEk' is clicked on

2021-11-23 16:52:27 - [MESSAGE][INFO] - Finding Test Object 'Object Repository/Olusturma/Genel/OnEkSecilir/OnEk'

2021-11-23 16:52:27 - [MESSAGE][INFO] - Checking object

2021-11-23 16:52:27 - [MESSAGE][INFO] - Finding web element from Test Object's properties

2021-11-23 16:52:27 - [MESSAGE][INFO] - Checking timeout

2021-11-23 16:52:27 - [MESSAGE][INFO] - Finding web element with id: 'Object Repository/Olusturma/Genel/OnEkSecilir/OnEk' located by 'By.xpath: //*[@id = 'InvoicePrefix_I']' in '30' second(s)

2021-11-23 16:52:27 - [MESSAGE][INFO] - Smart Wait Function is triggered

2021-11-23 16:52:28 - [MESSAGE][INFO] - Found 1 web elements with id: 'Object Repository/Olusturma/Genel/OnEkSecilir/OnEk' located by 'By.xpath: //*[@id = 'InvoicePrefix_I']' in '30' second(s)

2021-11-23 16:52:28 - [MESSAGE][INFO] - Clicking on object: 'Object Repository/Olusturma/Genel/OnEkSecilir/OnEk'

2021-11-23 16:52:28 - [MESSAGE][PASSED] - Object: 'Object Repository/Olusturma/Genel/OnEkSecilir/OnEk' is clicked on

2021-11-23 16:52:28 - [TEST_STEP][PASSED] - Method.TextDegerineEsitElementeTiklaEquals(findTestObject("Object Repository/Olusturma/Genel/OnEkSecilir/OnEkAdi"), Ek): Method.TextDegerineEsitElementeTiklaEquals is PASSED

2021-11-23 16:52:28 - [MESSAGE][INFO] - Finding Test Object 'Object Repository/Olusturma/Genel/OnEkSecilir/OnEkAdi'

2021-11-23 16:52:28 - [MESSAGE][INFO] - Checking timeout

2021-11-23 16:52:28 - [MESSAGE][INFO] - Finding web element with id: 'Object Repository/Olusturma/Genel/OnEkSecilir/OnEkAdi' located by 'By.cssSelector: #InvoicePrefix_DDD_L_LBT td' in '10' second(s)

2021-11-23 16:52:28 - [MESSAGE][INFO] - Smart Wait Function is triggered

2021-11-23 16:52:28 - [MESSAGE][INFO] - Found 1 web elements with id: 'Object Repository/Olusturma/Genel/OnEkSecilir/OnEkAdi' located by 'By.cssSelector: #InvoicePrefix_DDD_L_LBT td' in '10' second(s)

2021-11-23 16:52:28 - [MESSAGE][PASSED] - Method.TextDegerineEsitElementeTiklaEquals is PASSED

2021-11-23 16:52:28 - [MESSAGE][PASSED] - Call Test Case 'Test Cases/Olusturma/Genel/OnEkSecilir' successfully

2021-11-23 16:52:28 - [MESSAGE][INFO] - Checking called Test Case

2021-11-23 16:52:28 - [MESSAGE][INFO] - Starting to call Test Case 'Test Cases/Olusturma/Genel/GonderimSekliSecilir'

2021-11-23 16:52:29 - [TEST_CASE][PASSED] - Test Cases/Olusturma/Genel/GonderimSekliSecilir: Test Cases/Olusturma/Genel/GonderimSekliSecilir

2021-11-23 16:52:29 - [TEST_STEP][PASSED] - waitForElementClickable(findTestObject("Object Repository/Olusturma/Genel/GonderimSekli/GonderimSekli"), 10): Object 'Object Repository/Olusturma/Genel/GonderimSekli/GonderimSekli' is clickable

2021-11-23 16:52:29 - [MESSAGE][INFO] - Finding Test Object 'Object Repository/Olusturma/Genel/GonderimSekli/GonderimSekli'

2021-11-23 16:52:29 - [MESSAGE][INFO] - Checking object

2021-11-23 16:52:29 - [MESSAGE][INFO] - Checking timeout

2021-11-23 16:52:29 - [MESSAGE][INFO] - Finding web element from Test Object's properties

2021-11-23 16:52:29 - [MESSAGE][INFO] - Checking timeout

2021-11-23 16:52:29 - [MESSAGE][INFO] - Finding web element with id: 'Object Repository/Olusturma/Genel/GonderimSekli/GonderimSekli' located by 'By.xpath: //*[@id = 'txtGonderimSekil_I']' in '10' second(s)

2021-11-23 16:52:29 - [MESSAGE][INFO] - Smart Wait Function is triggered

2021-11-23 16:52:29 - [MESSAGE][INFO] - Found 1 web elements with id: 'Object Repository/Olusturma/Genel/GonderimSekli/GonderimSekli' located by 'By.xpath: //*[@id = 'txtGonderimSekil_I']' in '10' second(s)

2021-11-23 16:52:29 - [MESSAGE][PASSED] - Object 'Object Repository/Olusturma/Genel/GonderimSekli/GonderimSekli' is clickable

2021-11-23 16:52:29 - [TEST_STEP][PASSED] - click(findTestObject("Object Repository/Olusturma/Genel/GonderimSekli/GonderimSekli")): Object: 'Object Repository/Olusturma/Genel/GonderimSekli/GonderimSekli' is clicked on

2021-11-23 16:52:29 - [MESSAGE][INFO] - Finding Test Object 'Object Repository/Olusturma/Genel/GonderimSekli/GonderimSekli'

2021-11-23 16:52:29 - [MESSAGE][INFO] - Checking object

2021-11-23 16:52:29 - [MESSAGE][INFO] - Finding web element from Test Object's properties

2021-11-23 16:52:29 - [MESSAGE][INFO] - Checking timeout

2021-11-23 16:52:29 - [MESSAGE][INFO] - Finding web element with id: 'Object Repository/Olusturma/Genel/GonderimSekli/GonderimSekli' located by 'By.xpath: //*[@id = 'txtGonderimSekil_I']' in '30' second(s)

2021-11-23 16:52:29 - [MESSAGE][INFO] - Smart Wait Function is triggered

2021-11-23 16:52:29 - [MESSAGE][INFO] - Found 1 web elements with id: 'Object Repository/Olusturma/Genel/GonderimSekli/GonderimSekli' located by 'By.xpath: //*[@id = 'txtGonderimSekil_I']' in '30' second(s)

2021-11-23 16:52:29 - [MESSAGE][INFO] - Clicking on object: 'Object Repository/Olusturma/Genel/GonderimSekli/GonderimSekli'

2021-11-23 16:52:29 - [MESSAGE][PASSED] - Object: 'Object Repository/Olusturma/Genel/GonderimSekli/GonderimSekli' is clicked on

2021-11-23 16:52:29 - [TEST_STEP][PASSED] - Method.TextDegerineEsitElementeTikla(findTestObject("Object Repository/Olusturma/Genel/GonderimSekli/GonderimSekliAdi"), GonderimSekli): Method.TextDegerineEsitElementeTikla is PASSED

2021-11-23 16:52:29 - [MESSAGE][INFO] - Finding Test Object 'Object Repository/Olusturma/Genel/GonderimSekli/GonderimSekliAdi'

2021-11-23 16:52:30 - [MESSAGE][INFO] - Checking timeout

2021-11-23 16:52:30 - [MESSAGE][INFO] - Finding web element with id: 'Object Repository/Olusturma/Genel/GonderimSekli/GonderimSekliAdi' located by 'By.cssSelector: #txtGonderimSekil_DDD_L_LBT td' in '10' second(s)

2021-11-23 16:52:30 - [MESSAGE][INFO] - Smart Wait Function is triggered

2021-11-23 16:52:30 - [MESSAGE][INFO] - Found 2 web elements with id: 'Object Repository/Olusturma/Genel/GonderimSekli/GonderimSekliAdi' located by 'By.cssSelector: #txtGonderimSekil_DDD_L_LBT td' in '10' second(s)

2021-11-23 16:52:30 - [MESSAGE][PASSED] - Method.TextDegerineEsitElementeTikla is PASSED

2021-11-23 16:52:30 - [MESSAGE][PASSED] - Call Test Case 'Test Cases/Olusturma/Genel/GonderimSekliSecilir' successfully

2021-11-23 16:52:30 - [MESSAGE][INFO] - Checking called Test Case

2021-11-23 16:52:30 - [MESSAGE][INFO] - Starting to call Test Case 'Test Cases/Olusturma/Genel/TipSecilir'

2021-11-23 16:52:30 - [TEST_CASE][PASSED] - Test Cases/Olusturma/Genel/TipSecilir: Test Cases/Olusturma/Genel/TipSecilir

2021-11-23 16:52:30 - [TEST_STEP][PASSED] - waitForElementClickable(findTestObject("Olusturma/Genel/TipSecilir/Tip"), 10): Object 'Object Repository/Olusturma/Genel/TipSecilir/Tip' is clickable

2021-11-23 16:52:30 - [MESSAGE][INFO] - Finding Test Object 'Object Repository/Olusturma/Genel/TipSecilir/Tip'

2021-11-23 16:52:30 - [MESSAGE][INFO] - Checking object

2021-11-23 16:52:30 - [MESSAGE][INFO] - Checking timeout

2021-11-23 16:52:30 - [MESSAGE][INFO] - Finding web element from Test Object's properties

2021-11-23 16:52:30 - [MESSAGE][INFO] - Checking timeout

2021-11-23 16:52:30 - [MESSAGE][INFO] - Finding web element with id: 'Object Repository/Olusturma/Genel/TipSecilir/Tip' located by 'By.xpath: //*[@id = 'DocumentTypeCode_I']' in '10' second(s)

2021-11-23 16:52:30 - [MESSAGE][INFO] - Smart Wait Function is triggered

2021-11-23 16:52:31 - [MESSAGE][INFO] - Found 1 web elements with id: 'Object Repository/Olusturma/Genel/TipSecilir/Tip' located by 'By.xpath: //*[@id = 'DocumentTypeCode_I']' in '10' second(s)

2021-11-23 16:52:31 - [MESSAGE][PASSED] - Object 'Object Repository/Olusturma/Genel/TipSecilir/Tip' is clickable

2021-11-23 16:52:31 - [TEST_STEP][PASSED] - click(findTestObject("Olusturma/Genel/TipSecilir/Tip")): Object: 'Object Repository/Olusturma/Genel/TipSecilir/Tip' is clicked on

2021-11-23 16:52:31 - [MESSAGE][INFO] - Finding Test Object 'Object Repository/Olusturma/Genel/TipSecilir/Tip'

2021-11-23 16:52:31 - [MESSAGE][INFO] - Checking object

2021-11-23 16:52:31 - [MESSAGE][INFO] - Finding web element from Test Object's properties

2021-11-23 16:52:31 - [MESSAGE][INFO] - Checking timeout

2021-11-23 16:52:31 - [MESSAGE][INFO] - Finding web element with id: 'Object Repository/Olusturma/Genel/TipSecilir/Tip' located by 'By.xpath: //*[@id = 'DocumentTypeCode_I']' in '30' second(s)

2021-11-23 16:52:31 - [MESSAGE][INFO] - Smart Wait Function is triggered

2021-11-23 16:52:31 - [MESSAGE][INFO] - Found 1 web elements with id: 'Object Repository/Olusturma/Genel/TipSecilir/Tip' located by 'By.xpath: //*[@id = 'DocumentTypeCode_I']' in '30' second(s)

2021-11-23 16:52:31 - [MESSAGE][INFO] - Clicking on object: 'Object Repository/Olusturma/Genel/TipSecilir/Tip'

2021-11-23 16:52:31 - [MESSAGE][PASSED] - Object: 'Object Repository/Olusturma/Genel/TipSecilir/Tip' is clicked on

2021-11-23 16:52:31 - [TEST_STEP][PASSED] - Method.TextDegerineEsitElementeTikla(findTestObject("Object Repository/Olusturma/Genel/TipSecilir/Tip_Adi"), Tip): Method.TextDegerineEsitElementeTikla is PASSED

2021-11-23 16:52:31 - [MESSAGE][INFO] - Finding Test Object 'Object Repository/Olusturma/Genel/TipSecilir/Tip_Adi'

2021-11-23 16:52:31 - [MESSAGE][INFO] - Checking timeout

2021-11-23 16:52:31 - [MESSAGE][INFO] - Finding web element with id: 'Object Repository/Olusturma/Genel/TipSecilir/Tip_Adi' located by 'By.cssSelector: #DocumentTypeCode_DDD_L_LBT td' in '10' second(s)

2021-11-23 16:52:31 - [MESSAGE][INFO] - Smart Wait Function is triggered

2021-11-23 16:52:32 - [MESSAGE][INFO] - Found 7 web elements with id: 'Object Repository/Olusturma/Genel/TipSecilir/Tip_Adi' located by 'By.cssSelector: #DocumentTypeCode_DDD_L_LBT td' in '10' second(s)

2021-11-23 16:52:32 - [MESSAGE][PASSED] - Method.TextDegerineEsitElementeTikla is PASSED

2021-11-23 16:52:32 - [MESSAGE][PASSED] - Call Test Case 'Test Cases/Olusturma/Genel/TipSecilir' successfully

2021-11-23 16:52:32 - [MESSAGE][INFO] - Checking called Test Case

2021-11-23 16:52:32 - [MESSAGE][INFO] - Starting to call Test Case 'Test Cases/Olusturma/Genel/DokumanParaBirimiSecilir'

2021-11-23 16:52:32 - [TEST_CASE][PASSED] - Test Cases/Olusturma/Genel/DokumanParaBirimiSecilir: Test Cases/Olusturma/Genel/DokumanParaBirimiSecilir

2021-11-23 16:52:32 - [TEST_STEP][PASSED] - waitForElementClickable(findTestObject("Object Repository/Olusturma/Genel/DokumanParaBirimiSecilir/Para"), 10): Object 'Object Repository/Olusturma/Genel/DokumanParaBirimiSecilir/Para' is clickable

2021-11-23 16:52:32 - [MESSAGE][INFO] - Finding Test Object 'Object Repository/Olusturma/Genel/DokumanParaBirimiSecilir/Para'

2021-11-23 16:52:32 - [MESSAGE][INFO] - Checking object

2021-11-23 16:52:32 - [MESSAGE][INFO] - Checking timeout

2021-11-23 16:52:32 - [MESSAGE][INFO] - Finding web element from Test Object's properties

2021-11-23 16:52:32 - [MESSAGE][INFO] - Checking timeout

2021-11-23 16:52:32 - [MESSAGE][INFO] - Finding web element with id: 'Object Repository/Olusturma/Genel/DokumanParaBirimiSecilir/Para' located by 'By.xpath: //*[@id = 'CurrencyUnit_I']' in '10' second(s)

2021-11-23 16:52:32 - [MESSAGE][INFO] - Smart Wait Function is triggered

2021-11-23 16:52:33 - [MESSAGE][INFO] - Found 1 web elements with id: 'Object Repository/Olusturma/Genel/DokumanParaBirimiSecilir/Para' located by 'By.xpath: //*[@id = 'CurrencyUnit_I']' in '10' second(s)

2021-11-23 16:52:33 - [MESSAGE][PASSED] - Object 'Object Repository/Olusturma/Genel/DokumanParaBirimiSecilir/Para' is clickable

2021-11-23 16:52:33 - [TEST_STEP][PASSED] - click(findTestObject("Object Repository/Olusturma/Genel/DokumanParaBirimiSecilir/Para")): Object: 'Object Repository/Olusturma/Genel/DokumanParaBirimiSecilir/Para' is clicked on

2021-11-23 16:52:33 - [MESSAGE][INFO] - Finding Test Object 'Object Repository/Olusturma/Genel/DokumanParaBirimiSecilir/Para'

2021-11-23 16:52:33 - [MESSAGE][INFO] - Checking object

2021-11-23 16:52:33 - [MESSAGE][INFO] - Finding web element from Test Object's properties

2021-11-23 16:52:33 - [MESSAGE][INFO] - Checking timeout

2021-11-23 16:52:33 - [MESSAGE][INFO] - Finding web element with id: 'Object Repository/Olusturma/Genel/DokumanParaBirimiSecilir/Para' located by 'By.xpath: //*[@id = 'CurrencyUnit_I']' in '30' second(s)

2021-11-23 16:52:33 - [MESSAGE][INFO] - Smart Wait Function is triggered

2021-11-23 16:52:33 - [MESSAGE][INFO] - Found 1 web elements with id: 'Object Repository/Olusturma/Genel/DokumanParaBirimiSecilir/Para' located by 'By.xpath: //*[@id = 'CurrencyUnit_I']' in '30' second(s)

2021-11-23 16:52:33 - [MESSAGE][INFO] - Clicking on object: 'Object Repository/Olusturma/Genel/DokumanParaBirimiSecilir/Para'

2021-11-23 16:52:33 - [MESSAGE][PASSED] - Object: 'Object Repository/Olusturma/Genel/DokumanParaBirimiSecilir/Para' is clicked on

2021-11-23 16:52:33 - [TEST_STEP][PASSED] - Method.TextDegerineEsitElementeTikla(findTestObject("Object Repository/Olusturma/Genel/DokumanParaBirimiSecilir/Para_Adi"), Para): Method.TextDegerineEsitElementeTikla is PASSED

2021-11-23 16:52:33 - [MESSAGE][INFO] - Finding Test Object 'Object Repository/Olusturma/Genel/DokumanParaBirimiSecilir/Para_Adi'

2021-11-23 16:52:33 - [MESSAGE][INFO] - Checking timeout

2021-11-23 16:52:33 - [MESSAGE][INFO] - Finding web element with id: 'Object Repository/Olusturma/Genel/DokumanParaBirimiSecilir/Para_Adi' located by 'By.cssSelector: #CurrencyUnit_DDD_L_LBT td' in '10' second(s)

2021-11-23 16:52:33 - [MESSAGE][INFO] - Smart Wait Function is triggered

2021-11-23 16:52:34 - [MESSAGE][INFO] - Found 203 web elements with id: 'Object Repository/Olusturma/Genel/DokumanParaBirimiSecilir/Para_Adi' located by 'By.cssSelector: #CurrencyUnit_DDD_L_LBT td' in '10' second(s)

2021-11-23 16:52:39 - [MESSAGE][PASSED] - Method.TextDegerineEsitElementeTikla is PASSED

2021-11-23 16:52:39 - [MESSAGE][PASSED] - Call Test Case 'Test Cases/Olusturma/Genel/DokumanParaBirimiSecilir' successfully

2021-11-23 16:52:39 - [MESSAGE][INFO] - Checking called Test Case

2021-11-23 16:52:39 - [MESSAGE][INFO] - Starting to call Test Case 'Test Cases/Olusturma/Genel/TasarimSecilir'

2021-11-23 16:52:39 - [TEST_CASE][PASSED] - Test Cases/Olusturma/Genel/TasarimSecilir: Test Cases/Olusturma/Genel/TasarimSecilir

2021-11-23 16:52:39 - [TEST_STEP][PASSED] - waitForElementClickable(findTestObject("Object Repository/Olusturma/Genel/TasarimSecilir/Tasarim"), 10): Object 'Object Repository/Olusturma/Genel/TasarimSecilir/Tasarim' is clickable

2021-11-23 16:52:39 - [MESSAGE][INFO] - Finding Test Object 'Object Repository/Olusturma/Genel/TasarimSecilir/Tasarim'

2021-11-23 16:52:39 - [MESSAGE][INFO] - Checking object

2021-11-23 16:52:39 - [MESSAGE][INFO] - Checking timeout

2021-11-23 16:52:39 - [MESSAGE][INFO] - Finding web element from Test Object's properties

2021-11-23 16:52:39 - [MESSAGE][INFO] - Checking timeout

2021-11-23 16:52:39 - [MESSAGE][INFO] - Finding web element with id: 'Object Repository/Olusturma/Genel/TasarimSecilir/Tasarim' located by 'By.xpath: //*[@id = 'DesignId_I']' in '10' second(s)

2021-11-23 16:52:39 - [MESSAGE][INFO] - Smart Wait Function is triggered

2021-11-23 16:52:39 - [MESSAGE][INFO] - Found 1 web elements with id: 'Object Repository/Olusturma/Genel/TasarimSecilir/Tasarim' located by 'By.xpath: //*[@id = 'DesignId_I']' in '10' second(s)

2021-11-23 16:52:39 - [MESSAGE][PASSED] - Object 'Object Repository/Olusturma/Genel/TasarimSecilir/Tasarim' is clickable

2021-11-23 16:52:39 - [TEST_STEP][PASSED] - click(findTestObject("Object Repository/Olusturma/Genel/TasarimSecilir/Tasarim")): Object: 'Object Repository/Olusturma/Genel/TasarimSecilir/Tasarim' is clicked on

2021-11-23 16:52:39 - [MESSAGE][INFO] - Finding Test Object 'Object Repository/Olusturma/Genel/TasarimSecilir/Tasarim'

2021-11-23 16:52:39 - [MESSAGE][INFO] - Checking object

2021-11-23 16:52:39 - [MESSAGE][INFO] - Finding web element from Test Object's properties

2021-11-23 16:52:39 - [MESSAGE][INFO] - Checking timeout

2021-11-23 16:52:39 - [MESSAGE][INFO] - Finding web element with id: 'Object Repository/Olusturma/Genel/TasarimSecilir/Tasarim' located by 'By.xpath: //*[@id = 'DesignId_I']' in '30' second(s)

2021-11-23 16:52:39 - [MESSAGE][INFO] - Smart Wait Function is triggered

2021-11-23 16:52:39 - [MESSAGE][INFO] - Found 1 web elements with id: 'Object Repository/Olusturma/Genel/TasarimSecilir/Tasarim' located by 'By.xpath: //*[@id = 'DesignId_I']' in '30' second(s)

2021-11-23 16:52:39 - [MESSAGE][INFO] - Clicking on object: 'Object Repository/Olusturma/Genel/TasarimSecilir/Tasarim'

2021-11-23 16:52:40 - [MESSAGE][PASSED] - Object: 'Object Repository/Olusturma/Genel/TasarimSecilir/Tasarim' is clicked on

2021-11-23 16:52:40 - [TEST_STEP][PASSED] - Method.TextDegerineEsitElementeTikla(findTestObject("Object Repository/Olusturma/Genel/TasarimSecilir/Tasarim_Adi"), Tasarim): Method.TextDegerineEsitElementeTikla is PASSED

2021-11-23 16:52:40 - [MESSAGE][INFO] - Finding Test Object 'Object Repository/Olusturma/Genel/TasarimSecilir/Tasarim_Adi'

2021-11-23 16:52:40 - [MESSAGE][INFO] - Checking timeout

2021-11-23 16:52:40 - [MESSAGE][INFO] - Finding web element with id: 'Object Repository/Olusturma/Genel/TasarimSecilir/Tasarim_Adi' located by 'By.cssSelector: #DesignId_DDD_L_LBT td' in '10' second(s)

2021-11-23 16:52:40 - [MESSAGE][INFO] - Smart Wait Function is triggered

2021-11-23 16:52:40 - [MESSAGE][INFO] - Found 5 web elements with id: 'Object Repository/Olusturma/Genel/TasarimSecilir/Tasarim_Adi' located by 'By.cssSelector: #DesignId_DDD_L_LBT td' in '10' second(s)

2021-11-23 16:52:40 - [MESSAGE][PASSED] - Method.TextDegerineEsitElementeTikla is PASSED

2021-11-23 16:52:40 - [MESSAGE][PASSED] - Call Test Case 'Test Cases/Olusturma/Genel/TasarimSecilir' successfully

2021-11-23 16:52:40 - [MESSAGE][INFO] - Checking called Test Case

2021-11-23 16:52:40 - [MESSAGE][INFO] - Starting to call Test Case 'Test Cases/Olusturma/Genel/Kutular/SiparisBilgileriGirilir'

2021-11-23 16:52:40 - [TEST_CASE][PASSED] - Test Cases/Olusturma/Genel/Kutular/SiparisBilgileriGirilir: Test Cases/Olusturma/Genel/Kutular/SiparisBilgileriGirilir

2021-11-23 16:52:40 - [TEST_STEP][PASSED] - Method.TextDegerineEsitElementeTikla(findTestObject("Olusturma/Genel/Kutular/KapaliKutular"), "Sipariş Bilgileri"): Method.TextDegerineEsitElementeTikla is PASSED

2021-11-23 16:52:40 - [MESSAGE][INFO] - Finding Test Object 'Object Repository/Olusturma/Genel/Kutular/KapaliKutular'

2021-11-23 16:52:41 - [MESSAGE][INFO] - Checking timeout

2021-11-23 16:52:41 - [MESSAGE][INFO] - Finding web element with id: 'Object Repository/Olusturma/Genel/Kutular/KapaliKutular' located by 'By.cssSelector: .dxnb-headerCollapsed>span' in '10' second(s)

2021-11-23 16:52:41 - [MESSAGE][INFO] - Smart Wait Function is triggered

2021-11-23 16:52:41 - [MESSAGE][INFO] - Found 9 web elements with id: 'Object Repository/Olusturma/Genel/Kutular/KapaliKutular' located by 'By.cssSelector: .dxnb-headerCollapsed>span' in '10' second(s)

2021-11-23 16:52:41 - [MESSAGE][PASSED] - Method.TextDegerineEsitElementeTikla is PASSED

2021-11-23 16:52:41 - [TEST_STEP][PASSED] - waitForElementPresent(findTestObject("Object Repository/Olusturma/Genel/Kutular/SiparisBilgileri/SiparisNo"), 10): Object 'Object Repository/Olusturma/Genel/Kutular/SiparisBilgileri/SiparisNo' is present

2021-11-23 16:52:41 - [MESSAGE][INFO] - Finding Test Object 'Object Repository/Olusturma/Genel/Kutular/SiparisBilgileri/SiparisNo'

2021-11-23 16:52:41 - [MESSAGE][INFO] - Checking object

2021-11-23 16:52:41 - [MESSAGE][INFO] - Finding web element from Test Object's properties

2021-11-23 16:52:41 - [MESSAGE][INFO] - Checking timeout

2021-11-23 16:52:41 - [MESSAGE][INFO] - Finding web element with id: 'Object Repository/Olusturma/Genel/Kutular/SiparisBilgileri/SiparisNo' located by 'By.xpath: //*[@id = 'txtSiparisNo_I']' in '10' second(s)

2021-11-23 16:52:41 - [MESSAGE][INFO] - Smart Wait Function is triggered

2021-11-23 16:52:41 - [MESSAGE][INFO] - Found 1 web elements with id: 'Object Repository/Olusturma/Genel/Kutular/SiparisBilgileri/SiparisNo' located by 'By.xpath: //*[@id = 'txtSiparisNo_I']' in '10' second(s)

2021-11-23 16:52:41 - [MESSAGE][PASSED] - Object 'Object Repository/Olusturma/Genel/Kutular/SiparisBilgileri/SiparisNo' is present

2021-11-23 16:52:41 - [TEST_STEP][PASSED] - clearText(findTestObject("Object Repository/Olusturma/Genel/Kutular/SiparisBilgileri/SiparisNo")): Text of object 'Object Repository/Olusturma/Genel/Kutular/SiparisBilgileri/SiparisNo' is cleared

2021-11-23 16:52:41 - [MESSAGE][INFO] - Finding Test Object 'Object Repository/Olusturma/Genel/Kutular/SiparisBilgileri/SiparisNo'

2021-11-23 16:52:42 - [MESSAGE][INFO] - Checking object

2021-11-23 16:52:42 - [MESSAGE][INFO] - Finding web element from Test Object's properties

2021-11-23 16:52:42 - [MESSAGE][INFO] - Checking timeout

2021-11-23 16:52:42 - [MESSAGE][INFO] - Finding web element with id: 'Object Repository/Olusturma/Genel/Kutular/SiparisBilgileri/SiparisNo' located by 'By.xpath: //*[@id = 'txtSiparisNo_I']' in '30' second(s)

2021-11-23 16:52:42 - [MESSAGE][INFO] - Smart Wait Function is triggered

2021-11-23 16:52:42 - [MESSAGE][INFO] - Found 1 web elements with id: 'Object Repository/Olusturma/Genel/Kutular/SiparisBilgileri/SiparisNo' located by 'By.xpath: //*[@id = 'txtSiparisNo_I']' in '30' second(s)

2021-11-23 16:52:42 - [MESSAGE][INFO] - Clearing text of object 'Object Repository/Olusturma/Genel/Kutular/SiparisBilgileri/SiparisNo'

2021-11-23 16:52:42 - [MESSAGE][PASSED] - Text of object 'Object Repository/Olusturma/Genel/Kutular/SiparisBilgileri/SiparisNo' is cleared

2021-11-23 16:52:42 - [TEST_STEP][PASSED] - sendKeys(findTestObject("Object Repository/Olusturma/Genel/Kutular/SiparisBilgileri/SiparisNo"), SiparisNo): Keys 'UUC-SAT-1200001' sent to object: 'Object Repository/Olusturma/Genel/Kutular/SiparisBilgileri/SiparisNo'

2021-11-23 16:52:42 - [MESSAGE][INFO] - Finding Test Object 'Object Repository/Olusturma/Genel/Kutular/SiparisBilgileri/SiparisNo'

2021-11-23 16:52:42 - [MESSAGE][INFO] - Sending keys 'UUC-SAT-1200001' to object: 'Object Repository/Olusturma/Genel/Kutular/SiparisBilgileri/SiparisNo'

2021-11-23 16:52:42 - [MESSAGE][INFO] - Finding web element from Test Object's properties

2021-11-23 16:52:42 - [MESSAGE][INFO] - Checking timeout

2021-11-23 16:52:42 - [MESSAGE][INFO] - Finding web element with id: 'Object Repository/Olusturma/Genel/Kutular/SiparisBilgileri/SiparisNo' located by 'By.xpath: //*[@id = 'txtSiparisNo_I']' in '30' second(s)

2021-11-23 16:52:42 - [MESSAGE][INFO] - Smart Wait Function is triggered

2021-11-23 16:52:42 - [MESSAGE][INFO] - Found 1 web elements with id: 'Object Repository/Olusturma/Genel/Kutular/SiparisBilgileri/SiparisNo' located by 'By.xpath: //*[@id = 'txtSiparisNo_I']' in '30' second(s)

2021-11-23 16:52:43 - [MESSAGE][PASSED] - Keys 'UUC-SAT-1200001' sent to object: 'Object Repository/Olusturma/Genel/Kutular/SiparisBilgileri/SiparisNo'

2021-11-23 16:52:43 - [TEST_STEP][PASSED] - waitForElementClickable(findTestObject("Object Repository/Olusturma/Genel/Kutular/SiparisBilgileri/SiparisTarihiImage"), 10): Object 'Object Repository/Olusturma/Genel/Kutular/SiparisBilgileri/SiparisTarihiImage' is clickable

2021-11-23 16:52:43 - [MESSAGE][INFO] - Finding Test Object 'Object Repository/Olusturma/Genel/Kutular/SiparisBilgileri/SiparisTarihiImage'

2021-11-23 16:52:43 - [MESSAGE][INFO] - Checking object

2021-11-23 16:52:43 - [MESSAGE][INFO] - Checking timeout

2021-11-23 16:52:43 - [MESSAGE][INFO] - Finding web element from Test Object's properties

2021-11-23 16:52:43 - [MESSAGE][INFO] - Checking timeout

2021-11-23 16:52:43 - [MESSAGE][INFO] - Finding web element with id: 'Object Repository/Olusturma/Genel/Kutular/SiparisBilgileri/SiparisTarihiImage' located by 'By.cssSelector: #dateSiparisTarih img' in '10' second(s)

2021-11-23 16:52:43 - [MESSAGE][INFO] - Smart Wait Function is triggered

2021-11-23 16:52:43 - [MESSAGE][INFO] - Found 1 web elements with id: 'Object Repository/Olusturma/Genel/Kutular/SiparisBilgileri/SiparisTarihiImage' located by 'By.cssSelector: #dateSiparisTarih img' in '10' second(s)

2021-11-23 16:52:43 - [MESSAGE][PASSED] - Object 'Object Repository/Olusturma/Genel/Kutular/SiparisBilgileri/SiparisTarihiImage' is clickable

2021-11-23 16:52:43 - [TEST_STEP][PASSED] - click(findTestObject("Object Repository/Olusturma/Genel/Kutular/SiparisBilgileri/SiparisTarihiImage")): Object: 'Object Repository/Olusturma/Genel/Kutular/SiparisBilgileri/SiparisTarihiImage' is clicked on

2021-11-23 16:52:43 - [MESSAGE][INFO] - Finding Test Object 'Object Repository/Olusturma/Genel/Kutular/SiparisBilgileri/SiparisTarihiImage'

2021-11-23 16:52:43 - [MESSAGE][INFO] - Checking object

2021-11-23 16:52:43 - [MESSAGE][INFO] - Finding web element from Test Object's properties

2021-11-23 16:52:43 - [MESSAGE][INFO] - Checking timeout

2021-11-23 16:52:43 - [MESSAGE][INFO] - Finding web element with id: 'Object Repository/Olusturma/Genel/Kutular/SiparisBilgileri/SiparisTarihiImage' located by 'By.cssSelector: #dateSiparisTarih img' in '30' second(s)

2021-11-23 16:52:43 - [MESSAGE][INFO] - Smart Wait Function is triggered

2021-11-23 16:52:43 - [MESSAGE][INFO] - Found 1 web elements with id: 'Object Repository/Olusturma/Genel/Kutular/SiparisBilgileri/SiparisTarihiImage' located by 'By.cssSelector: #dateSiparisTarih img' in '30' second(s)

2021-11-23 16:52:43 - [MESSAGE][INFO] - Clicking on object: 'Object Repository/Olusturma/Genel/Kutular/SiparisBilgileri/SiparisTarihiImage'

2021-11-23 16:52:44 - [MESSAGE][PASSED] - Object: 'Object Repository/Olusturma/Genel/Kutular/SiparisBilgileri/SiparisTarihiImage' is clicked on

2021-11-23 16:52:44 - [TEST_STEP][PASSED] - waitForElementPresent(findTestObject("Object Repository/Olusturma/Genel/Kutular/SiparisBilgileri/SiparisTarihi"), 10): Object 'Object Repository/Olusturma/Genel/Kutular/SiparisBilgileri/SiparisTarihi' is present

2021-11-23 16:52:44 - [MESSAGE][INFO] - Finding Test Object 'Object Repository/Olusturma/Genel/Kutular/SiparisBilgileri/SiparisTarihi'

2021-11-23 16:52:44 - [MESSAGE][INFO] - Checking object

2021-11-23 16:52:44 - [MESSAGE][INFO] - Finding web element from Test Object's properties

2021-11-23 16:52:44 - [MESSAGE][INFO] - Checking timeout

2021-11-23 16:52:44 - [MESSAGE][INFO] - Finding web element with id: 'Object Repository/Olusturma/Genel/Kutular/SiparisBilgileri/SiparisTarihi' located by 'By.xpath: //*[@id = 'dateSiparisTarih_I']' in '10' second(s)

2021-11-23 16:52:44 - [MESSAGE][INFO] - Smart Wait Function is triggered

2021-11-23 16:52:44 - [MESSAGE][INFO] - Found 1 web elements with id: 'Object Repository/Olusturma/Genel/Kutular/SiparisBilgileri/SiparisTarihi' located by 'By.xpath: //*[@id = 'dateSiparisTarih_I']' in '10' second(s)

2021-11-23 16:52:44 - [MESSAGE][PASSED] - Object 'Object Repository/Olusturma/Genel/Kutular/SiparisBilgileri/SiparisTarihi' is present

2021-11-23 16:52:44 - [TEST_STEP][PASSED] - clearText(findTestObject("Object Repository/Olusturma/Genel/Kutular/SiparisBilgileri/SiparisTarihi")): Text of object 'Object Repository/Olusturma/Genel/Kutular/SiparisBilgileri/SiparisTarihi' is cleared

2021-11-23 16:52:44 - [MESSAGE][INFO] - Finding Test Object 'Object Repository/Olusturma/Genel/Kutular/SiparisBilgileri/SiparisTarihi'

2021-11-23 16:52:44 - [MESSAGE][INFO] - Checking object

2021-11-23 16:52:44 - [MESSAGE][INFO] - Finding web element from Test Object's properties

2021-11-23 16:52:44 - [MESSAGE][INFO] - Checking timeout

2021-11-23 16:52:44 - [MESSAGE][INFO] - Finding web element with id: 'Object Repository/Olusturma/Genel/Kutular/SiparisBilgileri/SiparisTarihi' located by 'By.xpath: //*[@id = 'dateSiparisTarih_I']' in '30' second(s)

2021-11-23 16:52:44 - [MESSAGE][INFO] - Smart Wait Function is triggered

2021-11-23 16:52:45 - [MESSAGE][INFO] - Found 1 web elements with id: 'Object Repository/Olusturma/Genel/Kutular/SiparisBilgileri/SiparisTarihi' located by 'By.xpath: //*[@id = 'dateSiparisTarih_I']' in '30' second(s)

2021-11-23 16:52:45 - [MESSAGE][INFO] - Clearing text of object 'Object Repository/Olusturma/Genel/Kutular/SiparisBilgileri/SiparisTarihi'

2021-11-23 16:52:45 - [MESSAGE][PASSED] - Text of object 'Object Repository/Olusturma/Genel/Kutular/SiparisBilgileri/SiparisTarihi' is cleared

2021-11-23 16:52:45 - [TEST_STEP][PASSED] - sendKeys(findTestObject("Object Repository/Olusturma/Genel/Kutular/SiparisBilgileri/SiparisTarihi"), Tarih): Keys '31.06.2021' sent to object: 'Object Repository/Olusturma/Genel/Kutular/SiparisBilgileri/SiparisTarihi'

2021-11-23 16:52:45 - [MESSAGE][INFO] - Finding Test Object 'Object Repository/Olusturma/Genel/Kutular/SiparisBilgileri/SiparisTarihi'

2021-11-23 16:52:45 - [MESSAGE][INFO] - Sending keys '31.06.2021' to object: 'Object Repository/Olusturma/Genel/Kutular/SiparisBilgileri/SiparisTarihi'

2021-11-23 16:52:45 - [MESSAGE][INFO] - Finding web element from Test Object's properties

2021-11-23 16:52:45 - [MESSAGE][INFO] - Checking timeout

2021-11-23 16:52:45 - [MESSAGE][INFO] - Finding web element with id: 'Object Repository/Olusturma/Genel/Kutular/SiparisBilgileri/SiparisTarihi' located by 'By.xpath: //*[@id = 'dateSiparisTarih_I']' in '30' second(s)

2021-11-23 16:52:45 - [MESSAGE][INFO] - Smart Wait Function is triggered

2021-11-23 16:52:45 - [MESSAGE][INFO] - Found 1 web elements with id: 'Object Repository/Olusturma/Genel/Kutular/SiparisBilgileri/SiparisTarihi' located by 'By.xpath: //*[@id = 'dateSiparisTarih_I']' in '30' second(s)

2021-11-23 16:52:45 - [MESSAGE][PASSED] - Keys '31.06.2021' sent to object: 'Object Repository/Olusturma/Genel/Kutular/SiparisBilgileri/SiparisTarihi'

2021-11-23 16:52:45 - [MESSAGE][PASSED] - Call Test Case 'Test Cases/Olusturma/Genel/Kutular/SiparisBilgileriGirilir' successfully

2021-11-23 16:52:45 - [MESSAGE][INFO] - Checking called Test Case

2021-11-23 16:52:45 - [MESSAGE][INFO] - Starting to call Test Case 'Test Cases/Olusturma/Genel/Kutular/IrsaliyeBilgileri'

2021-11-23 16:52:45 - [TEST_CASE][PASSED] - Test Cases/Olusturma/Genel/Kutular/IrsaliyeBilgileri: Test Cases/Olusturma/Genel/Kutular/IrsaliyeBilgileri

2021-11-23 16:52:45 - [TEST_STEP][PASSED] - Method.TextDegerineEsitElementeTikla(findTestObject("Olusturma/Genel/Kutular/KapaliKutular"), "İrsaliye Bilgileri"): Method.TextDegerineEsitElementeTikla is PASSED

2021-11-23 16:52:45 - [MESSAGE][INFO] - Finding Test Object 'Object Repository/Olusturma/Genel/Kutular/KapaliKutular'

2021-11-23 16:52:45 - [MESSAGE][INFO] - Checking timeout

2021-11-23 16:52:45 - [MESSAGE][INFO] - Finding web element with id: 'Object Repository/Olusturma/Genel/Kutular/KapaliKutular' located by 'By.cssSelector: .dxnb-headerCollapsed>span' in '10' second(s)

2021-11-23 16:52:45 - [MESSAGE][INFO] - Smart Wait Function is triggered

2021-11-23 16:52:46 - [MESSAGE][INFO] - Found 9 web elements with id: 'Object Repository/Olusturma/Genel/Kutular/KapaliKutular' located by 'By.cssSelector: .dxnb-headerCollapsed>span' in '10' second(s)

2021-11-23 16:52:46 - [MESSAGE][PASSED] - Method.TextDegerineEsitElementeTikla is PASSED

2021-11-23 16:52:46 - [TEST_STEP][PASSED] - waitForElementClickable(findTestObject("Olusturma/Genel/Kutular/IrsaliyeBilgileri/Ekle"), 10): Object 'Object Repository/Olusturma/Genel/Kutular/IrsaliyeBilgileri/Ekle' is clickable

2021-11-23 16:52:46 - [MESSAGE][INFO] - Finding Test Object 'Object Repository/Olusturma/Genel/Kutular/IrsaliyeBilgileri/Ekle'

2021-11-23 16:52:46 - [MESSAGE][INFO] - Checking object

2021-11-23 16:52:46 - [MESSAGE][INFO] - Checking timeout

2021-11-23 16:52:46 - [MESSAGE][INFO] - Finding web element from Test Object's properties

2021-11-23 16:52:46 - [MESSAGE][INFO] - Checking timeout

2021-11-23 16:52:46 - [MESSAGE][INFO] - Finding web element with id: 'Object Repository/Olusturma/Genel/Kutular/IrsaliyeBilgileri/Ekle' located by 'By.xpath: //*[@id = 'DXEditorgvUserInvoiceBillsNewRowBtn']' in '10' second(s)

2021-11-23 16:52:46 - [MESSAGE][INFO] - Smart Wait Function is triggered

2021-11-23 16:52:46 - [MESSAGE][INFO] - Found 1 web elements with id: 'Object Repository/Olusturma/Genel/Kutular/IrsaliyeBilgileri/Ekle' located by 'By.xpath: //*[@id = 'DXEditorgvUserInvoiceBillsNewRowBtn']' in '10' second(s)

2021-11-23 16:52:46 - [MESSAGE][PASSED] - Object 'Object Repository/Olusturma/Genel/Kutular/IrsaliyeBilgileri/Ekle' is clickable

2021-11-23 16:52:46 - [TEST_STEP][PASSED] - click(findTestObject("Olusturma/Genel/Kutular/IrsaliyeBilgileri/Ekle")): Object: 'Object Repository/Olusturma/Genel/Kutular/IrsaliyeBilgileri/Ekle' is clicked on

2021-11-23 16:52:46 - [MESSAGE][INFO] - Finding Test Object 'Object Repository/Olusturma/Genel/Kutular/IrsaliyeBilgileri/Ekle'

2021-11-23 16:52:46 - [MESSAGE][INFO] - Checking object

2021-11-23 16:52:46 - [MESSAGE][INFO] - Finding web element from Test Object's properties

2021-11-23 16:52:46 - [MESSAGE][INFO] - Checking timeout

2021-11-23 16:52:46 - [MESSAGE][INFO] - Finding web element with id: 'Object Repository/Olusturma/Genel/Kutular/IrsaliyeBilgileri/Ekle' located by 'By.xpath: //*[@id = 'DXEditorgvUserInvoiceBillsNewRowBtn']' in '30' second(s)

2021-11-23 16:52:46 - [MESSAGE][INFO] - Smart Wait Function is triggered

2021-11-23 16:52:47 - [MESSAGE][INFO] - Found 1 web elements with id: 'Object Repository/Olusturma/Genel/Kutular/IrsaliyeBilgileri/Ekle' located by 'By.xpath: //*[@id = 'DXEditorgvUserInvoiceBillsNewRowBtn']' in '30' second(s)

2021-11-23 16:52:47 - [MESSAGE][INFO] - Clicking on object: 'Object Repository/Olusturma/Genel/Kutular/IrsaliyeBilgileri/Ekle'

2021-11-23 16:52:47 - [MESSAGE][PASSED] - Object: 'Object Repository/Olusturma/Genel/Kutular/IrsaliyeBilgileri/Ekle' is clicked on

2021-11-23 16:52:47 - [TEST_STEP][PASSED] - waitForElementPresent(findTestObject("Object Repository/Olusturma/Genel/Kutular/IrsaliyeBilgileri/IrsaliyeNumarasi"), 10): Object 'Object Repository/Olusturma/Genel/Kutular/IrsaliyeBilgileri/IrsaliyeNumarasi' is present

2021-11-23 16:52:47 - [MESSAGE][INFO] - Finding Test Object 'Object Repository/Olusturma/Genel/Kutular/IrsaliyeBilgileri/IrsaliyeNumarasi'

2021-11-23 16:52:47 - [MESSAGE][INFO] - Checking object

2021-11-23 16:52:47 - [MESSAGE][INFO] - Finding web element from Test Object's properties

2021-11-23 16:52:47 - [MESSAGE][INFO] - Checking timeout

2021-11-23 16:52:47 - [MESSAGE][INFO] - Finding web element with id: 'Object Repository/Olusturma/Genel/Kutular/IrsaliyeBilgileri/IrsaliyeNumarasi' located by 'By.xpath: //*[@id = 'gvUserInvoiceBills_DXEditor1_I']' in '10' second(s)

2021-11-23 16:52:47 - [MESSAGE][INFO] - Smart Wait Function is triggered

2021-11-23 16:52:47 - [MESSAGE][INFO] - Smart Wait Function is triggered

2021-11-23 16:52:48 - [MESSAGE][INFO] - Found 1 web elements with id: 'Object Repository/Olusturma/Genel/Kutular/IrsaliyeBilgileri/IrsaliyeNumarasi' located by 'By.xpath: //*[@id = 'gvUserInvoiceBills_DXEditor1_I']' in '10' second(s)

2021-11-23 16:52:48 - [MESSAGE][PASSED] - Object 'Object Repository/Olusturma/Genel/Kutular/IrsaliyeBilgileri/IrsaliyeNumarasi' is present

2021-11-23 16:52:48 - [TEST_STEP][PASSED] - clearText(findTestObject("Object Repository/Olusturma/Genel/Kutular/IrsaliyeBilgileri/IrsaliyeNumarasi")): Text of object 'Object Repository/Olusturma/Genel/Kutular/IrsaliyeBilgileri/IrsaliyeNumarasi' is cleared

2021-11-23 16:52:48 - [MESSAGE][INFO] - Finding Test Object 'Object Repository/Olusturma/Genel/Kutular/IrsaliyeBilgileri/IrsaliyeNumarasi'

2021-11-23 16:52:48 - [MESSAGE][INFO] - Checking object

2021-11-23 16:52:48 - [MESSAGE][INFO] - Finding web element from Test Object's properties

2021-11-23 16:52:48 - [MESSAGE][INFO] - Checking timeout

2021-11-23 16:52:48 - [MESSAGE][INFO] - Finding web element with id: 'Object Repository/Olusturma/Genel/Kutular/IrsaliyeBilgileri/IrsaliyeNumarasi' located by 'By.xpath: //*[@id = 'gvUserInvoiceBills_DXEditor1_I']' in '30' second(s)

2021-11-23 16:52:48 - [MESSAGE][INFO] - Smart Wait Function is triggered

2021-11-23 16:52:49 - [MESSAGE][INFO] - Found 1 web elements with id: 'Object Repository/Olusturma/Genel/Kutular/IrsaliyeBilgileri/IrsaliyeNumarasi' located by 'By.xpath: //*[@id = 'gvUserInvoiceBills_DXEditor1_I']' in '30' second(s)

2021-11-23 16:52:49 - [MESSAGE][INFO] - Clearing text of object 'Object Repository/Olusturma/Genel/Kutular/IrsaliyeBilgileri/IrsaliyeNumarasi'

2021-11-23 16:52:49 - [MESSAGE][PASSED] - Text of object 'Object Repository/Olusturma/Genel/Kutular/IrsaliyeBilgileri/IrsaliyeNumarasi' is cleared

2021-11-23 16:52:49 - [TEST_STEP][PASSED] - sendKeys(findTestObject("Object Repository/Olusturma/Genel/Kutular/IrsaliyeBilgileri/IrsaliyeNumarasi"), Numara): Keys 'AAAAAAAAAA' sent to object: 'Object Repository/Olusturma/Genel/Kutular/IrsaliyeBilgileri/IrsaliyeNumarasi'

2021-11-23 16:52:49 - [MESSAGE][INFO] - Finding Test Object 'Object Repository/Olusturma/Genel/Kutular/IrsaliyeBilgileri/IrsaliyeNumarasi'

2021-11-23 16:52:49 - [MESSAGE][INFO] - Sending keys 'AAAAAAAAAA' to object: 'Object Repository/Olusturma/Genel/Kutular/IrsaliyeBilgileri/IrsaliyeNumarasi'

2021-11-23 16:52:49 - [MESSAGE][INFO] - Finding web element from Test Object's properties

2021-11-23 16:52:49 - [MESSAGE][INFO] - Checking timeout

2021-11-23 16:52:49 - [MESSAGE][INFO] - Finding web element with id: 'Object Repository/Olusturma/Genel/Kutular/IrsaliyeBilgileri/IrsaliyeNumarasi' located by 'By.xpath: //*[@id = 'gvUserInvoiceBills_DXEditor1_I']' in '30' second(s)

2021-11-23 16:52:49 - [MESSAGE][INFO] - Smart Wait Function is triggered

2021-11-23 16:52:49 - [MESSAGE][INFO] - Found 1 web elements with id: 'Object Repository/Olusturma/Genel/Kutular/IrsaliyeBilgileri/IrsaliyeNumarasi' located by 'By.xpath: //*[@id = 'gvUserInvoiceBills_DXEditor1_I']' in '30' second(s)

2021-11-23 16:52:49 - [MESSAGE][PASSED] - Keys 'AAAAAAAAAA' sent to object: 'Object Repository/Olusturma/Genel/Kutular/IrsaliyeBilgileri/IrsaliyeNumarasi'

2021-11-23 16:52:49 - [TEST_STEP][PASSED] - waitForElementClickable(findTestObject("Object Repository/Olusturma/Genel/Kutular/IrsaliyeBilgileri/IrsaliyeTarihi"), 10): Object 'Object Repository/Olusturma/Genel/Kutular/IrsaliyeBilgileri/IrsaliyeTarihi' is clickable

2021-11-23 16:52:49 - [MESSAGE][INFO] - Finding Test Object 'Object Repository/Olusturma/Genel/Kutular/IrsaliyeBilgileri/IrsaliyeTarihi'

2021-11-23 16:52:49 - [MESSAGE][INFO] - Checking object

2021-11-23 16:52:49 - [MESSAGE][INFO] - Checking timeout

2021-11-23 16:52:49 - [MESSAGE][INFO] - Finding web element from Test Object's properties

2021-11-23 16:52:49 - [MESSAGE][INFO] - Checking timeout

2021-11-23 16:52:49 - [MESSAGE][INFO] - Finding web element with id: 'Object Repository/Olusturma/Genel/Kutular/IrsaliyeBilgileri/IrsaliyeTarihi' located by 'By.xpath: //*[@id = 'gvUserInvoiceBills_DXEditor2_I']' in '10' second(s)

2021-11-23 16:52:49 - [MESSAGE][INFO] - Smart Wait Function is triggered

2021-11-23 16:52:50 - [MESSAGE][INFO] - Found 1 web elements with id: 'Object Repository/Olusturma/Genel/Kutular/IrsaliyeBilgileri/IrsaliyeTarihi' located by 'By.xpath: //*[@id = 'gvUserInvoiceBills_DXEditor2_I']' in '10' second(s)

2021-11-23 16:52:50 - [MESSAGE][PASSED] - Object 'Object Repository/Olusturma/Genel/Kutular/IrsaliyeBilgileri/IrsaliyeTarihi' is clickable

2021-11-23 16:52:50 - [TEST_STEP][PASSED] - click(findTestObject("Object Repository/Olusturma/Genel/Kutular/IrsaliyeBilgileri/IrsaliyeTarihi")): Object: 'Object Repository/Olusturma/Genel/Kutular/IrsaliyeBilgileri/IrsaliyeTarihi' is clicked on

2021-11-23 16:52:50 - [MESSAGE][INFO] - Finding Test Object 'Object Repository/Olusturma/Genel/Kutular/IrsaliyeBilgileri/IrsaliyeTarihi'

2021-11-23 16:52:50 - [MESSAGE][INFO] - Checking object

2021-11-23 16:52:50 - [MESSAGE][INFO] - Finding web element from Test Object's properties

2021-11-23 16:52:50 - [MESSAGE][INFO] - Checking timeout

2021-11-23 16:52:50 - [MESSAGE][INFO] - Finding web element with id: 'Object Repository/Olusturma/Genel/Kutular/IrsaliyeBilgileri/IrsaliyeTarihi' located by 'By.xpath: //*[@id = 'gvUserInvoiceBills_DXEditor2_I']' in '30' second(s)

2021-11-23 16:52:50 - [MESSAGE][INFO] - Smart Wait Function is triggered

2021-11-23 16:52:50 - [MESSAGE][INFO] - Found 1 web elements with id: 'Object Repository/Olusturma/Genel/Kutular/IrsaliyeBilgileri/IrsaliyeTarihi' located by 'By.xpath: //*[@id = 'gvUserInvoiceBills_DXEditor2_I']' in '30' second(s)

2021-11-23 16:52:50 - [MESSAGE][INFO] - Clicking on object: 'Object Repository/Olusturma/Genel/Kutular/IrsaliyeBilgileri/IrsaliyeTarihi'

2021-11-23 16:52:50 - [MESSAGE][PASSED] - Object: 'Object Repository/Olusturma/Genel/Kutular/IrsaliyeBilgileri/IrsaliyeTarihi' is clicked on

2021-11-23 16:52:50 - [TEST_STEP][PASSED] - sendKeys(findTestObject("Object Repository/Olusturma/Genel/Kutular/IrsaliyeBilgileri/IrsaliyeTarihi"), Tarih): Keys '31.06.2021' sent to object: 'Object Repository/Olusturma/Genel/Kutular/IrsaliyeBilgileri/IrsaliyeTarihi'

2021-11-23 16:52:50 - [MESSAGE][INFO] - Finding Test Object 'Object Repository/Olusturma/Genel/Kutular/IrsaliyeBilgileri/IrsaliyeTarihi'

2021-11-23 16:52:50 - [MESSAGE][INFO] - Sending keys '31.06.2021' to object: 'Object Repository/Olusturma/Genel/Kutular/IrsaliyeBilgileri/IrsaliyeTarihi'

2021-11-23 16:52:50 - [MESSAGE][INFO] - Finding web element from Test Object's properties

2021-11-23 16:52:50 - [MESSAGE][INFO] - Checking timeout

2021-11-23 16:52:50 - [MESSAGE][INFO] - Finding web element with id: 'Object Repository/Olusturma/Genel/Kutular/IrsaliyeBilgileri/IrsaliyeTarihi' located by 'By.xpath: //*[@id = 'gvUserInvoiceBills_DXEditor2_I']' in '30' second(s)

2021-11-23 16:52:50 - [MESSAGE][INFO] - Smart Wait Function is triggered

2021-11-23 16:52:51 - [MESSAGE][INFO] - Found 1 web elements with id: 'Object Repository/Olusturma/Genel/Kutular/IrsaliyeBilgileri/IrsaliyeTarihi' located by 'By.xpath: //*[@id = 'gvUserInvoiceBills_DXEditor2_I']' in '30' second(s)

2021-11-23 16:52:51 - [MESSAGE][PASSED] - Keys '31.06.2021' sent to object: 'Object Repository/Olusturma/Genel/Kutular/IrsaliyeBilgileri/IrsaliyeTarihi'

2021-11-23 16:52:51 - [MESSAGE][PASSED] - Call Test Case 'Test Cases/Olusturma/Genel/Kutular/IrsaliyeBilgileri' successfully

2021-11-23 16:52:51 - [MESSAGE][INFO] - Checking called Test Case

2021-11-23 16:52:51 - [MESSAGE][INFO] - Starting to call Test Case 'Test Cases/Olusturma/Genel/Kutular/eArsivInternetBilgileriGirilir'

2021-11-23 16:52:51 - [TEST_CASE][PASSED] - Test Cases/Olusturma/Genel/Kutular/eArsivInternetBilgileriGirilir: Test Cases/Olusturma/Genel/Kutular/eArsivInternetBilgileriGirilir

2021-11-23 16:52:52 - [TEST_STEP][PASSED] - waitForElementPresent(findTestObject("Olusturma/Genel/Kutular/eArsivInternetBilgileri/odemeSekli"), 10): Object 'Object Repository/Olusturma/Genel/Kutular/eArsivInternetBilgileri/odemeSekli' is present

2021-11-23 16:52:52 - [MESSAGE][INFO] - Finding Test Object 'Object Repository/Olusturma/Genel/Kutular/eArsivInternetBilgileri/odemeSekli'

2021-11-23 16:52:52 - [MESSAGE][INFO] - Checking object

2021-11-23 16:52:52 - [MESSAGE][INFO] - Finding web element from Test Object's properties

2021-11-23 16:52:52 - [MESSAGE][INFO] - Checking timeout

2021-11-23 16:52:52 - [MESSAGE][INFO] - Finding web element with id: 'Object Repository/Olusturma/Genel/Kutular/eArsivInternetBilgileri/odemeSekli' located by 'By.xpath: //*[@id = 'cmbEArsivInternetOdemeSekli_I']' in '10' second(s)

2021-11-23 16:52:52 - [MESSAGE][INFO] - Smart Wait Function is triggered

2021-11-23 16:52:52 - [MESSAGE][INFO] - Found 1 web elements with id: 'Object Repository/Olusturma/Genel/Kutular/eArsivInternetBilgileri/odemeSekli' located by 'By.xpath: //*[@id = 'cmbEArsivInternetOdemeSekli_I']' in '10' second(s)

2021-11-23 16:52:52 - [MESSAGE][PASSED] - Object 'Object Repository/Olusturma/Genel/Kutular/eArsivInternetBilgileri/odemeSekli' is present

2021-11-23 16:52:52 - [TEST_STEP][PASSED] - sendKeys(findTestObject("Olusturma/Genel/Kutular/eArsivInternetBilgileri/odemeSekli"), Keys.chord(CONTROL, "a", BACK_SPACE)): Keys 'CONTROL + BACK_SPACE + a' sent to object: 'Object Repository/Olusturma/Genel/Kutular/eArsivInternetBilgileri/odemeSekli'

2021-11-23 16:52:52 - [MESSAGE][INFO] - Finding Test Object 'Object Repository/Olusturma/Genel/Kutular/eArsivInternetBilgileri/odemeSekli'

2021-11-23 16:52:52 - [MESSAGE][INFO] - Sending keys 'CONTROL + BACK_SPACE + a' to object: 'Object Repository/Olusturma/Genel/Kutular/eArsivInternetBilgileri/odemeSekli'

2021-11-23 16:52:52 - [MESSAGE][INFO] - Finding web element from Test Object's properties

2021-11-23 16:52:52 - [MESSAGE][INFO] - Checking timeout

2021-11-23 16:52:52 - [MESSAGE][INFO] - Finding web element with id: 'Object Repository/Olusturma/Genel/Kutular/eArsivInternetBilgileri/odemeSekli' located by 'By.xpath: //*[@id = 'cmbEArsivInternetOdemeSekli_I']' in '30' second(s)

2021-11-23 16:52:52 - [MESSAGE][INFO] - Smart Wait Function is triggered

2021-11-23 16:52:53 - [MESSAGE][INFO] - Found 1 web elements with id: 'Object Repository/Olusturma/Genel/Kutular/eArsivInternetBilgileri/odemeSekli' located by 'By.xpath: //*[@id = 'cmbEArsivInternetOdemeSekli_I']' in '30' second(s)

2021-11-23 16:52:53 - [MESSAGE][PASSED] - Keys 'CONTROL + BACK_SPACE + a' sent to object: 'Object Repository/Olusturma/Genel/Kutular/eArsivInternetBilgileri/odemeSekli'

2021-11-23 16:52:53 - [TEST_STEP][PASSED] - sendKeys(findTestObject("Olusturma/Genel/Kutular/eArsivInternetBilgileri/odemeSekli"), OdemeSekli): Keys 'Kredi Kartı / Banka Kartı' sent to object: 'Object Repository/Olusturma/Genel/Kutular/eArsivInternetBilgileri/odemeSekli'

2021-11-23 16:52:53 - [MESSAGE][INFO] - Finding Test Object 'Object Repository/Olusturma/Genel/Kutular/eArsivInternetBilgileri/odemeSekli'

2021-11-23 16:52:53 - [MESSAGE][INFO] - Sending keys 'Kredi Kartı / Banka Kartı' to object: 'Object Repository/Olusturma/Genel/Kutular/eArsivInternetBilgileri/odemeSekli'

2021-11-23 16:52:53 - [MESSAGE][INFO] - Finding web element from Test Object's properties

2021-11-23 16:52:53 - [MESSAGE][INFO] - Checking timeout

2021-11-23 16:52:53 - [MESSAGE][INFO] - Finding web element with id: 'Object Repository/Olusturma/Genel/Kutular/eArsivInternetBilgileri/odemeSekli' located by 'By.xpath: //*[@id = 'cmbEArsivInternetOdemeSekli_I']' in '30' second(s)

2021-11-23 16:52:53 - [MESSAGE][INFO] - Smart Wait Function is triggered

2021-11-23 16:52:53 - [MESSAGE][INFO] - Found 1 web elements with id: 'Object Repository/Olusturma/Genel/Kutular/eArsivInternetBilgileri/odemeSekli' located by 'By.xpath: //*[@id = 'cmbEArsivInternetOdemeSekli_I']' in '30' second(s)

2021-11-23 16:52:53 - [MESSAGE][PASSED] - Keys 'Kredi Kartı / Banka Kartı' sent to object: 'Object Repository/Olusturma/Genel/Kutular/eArsivInternetBilgileri/odemeSekli'

2021-11-23 16:52:53 - [TEST_STEP][PASSED] - sendKeys(findTestObject("Olusturma/Genel/Kutular/eArsivInternetBilgileri/webAdresi"), WebAdresi): Keys 'www.elogo.com' sent to object: 'Object Repository/Olusturma/Genel/Kutular/eArsivInternetBilgileri/webAdresi'

2021-11-23 16:52:53 - [MESSAGE][INFO] - Finding Test Object 'Object Repository/Olusturma/Genel/Kutular/eArsivInternetBilgileri/webAdresi'

2021-11-23 16:52:53 - [MESSAGE][INFO] - Sending keys 'www.elogo.com' to object: 'Object Repository/Olusturma/Genel/Kutular/eArsivInternetBilgileri/webAdresi'

2021-11-23 16:52:53 - [MESSAGE][INFO] - Finding web element from Test Object's properties

2021-11-23 16:52:53 - [MESSAGE][INFO] - Checking timeout

2021-11-23 16:52:53 - [MESSAGE][INFO] - Finding web element with id: 'Object Repository/Olusturma/Genel/Kutular/eArsivInternetBilgileri/webAdresi' located by 'By.xpath: //*[@id = 'txtEArsivInternetWebAdres_I']' in '30' second(s)

2021-11-23 16:52:53 - [MESSAGE][INFO] - Smart Wait Function is triggered

2021-11-23 16:52:54 - [MESSAGE][INFO] - Found 1 web elements with id: 'Object Repository/Olusturma/Genel/Kutular/eArsivInternetBilgileri/webAdresi' located by 'By.xpath: //*[@id = 'txtEArsivInternetWebAdres_I']' in '30' second(s)

2021-11-23 16:52:54 - [MESSAGE][PASSED] - Keys 'www.elogo.com' sent to object: 'Object Repository/Olusturma/Genel/Kutular/eArsivInternetBilgileri/webAdresi'

2021-11-23 16:52:54 - [TEST_STEP][PASSED] - sendKeys(findTestObject("Olusturma/Genel/Kutular/eArsivInternetBilgileri/TasiyiciVkn"), TasiyiciVkn): Keys '1234567806' sent to object: 'Object Repository/Olusturma/Genel/Kutular/eArsivInternetBilgileri/TasiyiciVkn'

2021-11-23 16:52:54 - [MESSAGE][INFO] - Finding Test Object 'Object Repository/Olusturma/Genel/Kutular/eArsivInternetBilgileri/TasiyiciVkn'

2021-11-23 16:52:54 - [MESSAGE][INFO] - Sending keys '1234567806' to object: 'Object Repository/Olusturma/Genel/Kutular/eArsivInternetBilgileri/TasiyiciVkn'

2021-11-23 16:52:54 - [MESSAGE][INFO] - Finding web element from Test Object's properties

2021-11-23 16:52:54 - [MESSAGE][INFO] - Checking timeout

2021-11-23 16:52:54 - [MESSAGE][INFO] - Finding web element with id: 'Object Repository/Olusturma/Genel/Kutular/eArsivInternetBilgileri/TasiyiciVkn' located by 'By.xpath: //*[@id = 'txtEArsivInternetTasiyiciVknTckn_I']' in '30' second(s)

2021-11-23 16:52:54 - [MESSAGE][INFO] - Smart Wait Function is triggered

2021-11-23 16:52:54 - [MESSAGE][INFO] - Found 1 web elements with id: 'Object Repository/Olusturma/Genel/Kutular/eArsivInternetBilgileri/TasiyiciVkn' located by 'By.xpath: //*[@id = 'txtEArsivInternetTasiyiciVknTckn_I']' in '30' second(s)

2021-11-23 16:52:55 - [MESSAGE][PASSED] - Keys '1234567806' sent to object: 'Object Repository/Olusturma/Genel/Kutular/eArsivInternetBilgileri/TasiyiciVkn'

2021-11-23 16:52:55 - [TEST_STEP][PASSED] - sendKeys(findTestObject("Olusturma/Genel/Kutular/eArsivInternetBilgileri/odemeAracisi"), OdemeAracisi): Keys 'elogo' sent to object: 'Object Repository/Olusturma/Genel/Kutular/eArsivInternetBilgileri/odemeAracisi'

2021-11-23 16:52:55 - [MESSAGE][INFO] - Finding Test Object 'Object Repository/Olusturma/Genel/Kutular/eArsivInternetBilgileri/odemeAracisi'

2021-11-23 16:52:55 - [MESSAGE][INFO] - Sending keys 'elogo' to object: 'Object Repository/Olusturma/Genel/Kutular/eArsivInternetBilgileri/odemeAracisi'

2021-11-23 16:52:55 - [MESSAGE][INFO] - Finding web element from Test Object's properties

2021-11-23 16:52:55 - [MESSAGE][INFO] - Checking timeout

2021-11-23 16:52:55 - [MESSAGE][INFO] - Finding web element with id: 'Object Repository/Olusturma/Genel/Kutular/eArsivInternetBilgileri/odemeAracisi' located by 'By.xpath: //*[@id = 'txtEArsivInternetOdemeAracisi_I']' in '30' second(s)

2021-11-23 16:52:55 - [MESSAGE][INFO] - Smart Wait Function is triggered

2021-11-23 16:52:55 - [MESSAGE][INFO] - Found 1 web elements with id: 'Object Repository/Olusturma/Genel/Kutular/eArsivInternetBilgileri/odemeAracisi' located by 'By.xpath: //*[@id = 'txtEArsivInternetOdemeAracisi_I']' in '30' second(s)

2021-11-23 16:52:55 - [MESSAGE][PASSED] - Keys 'elogo' sent to object: 'Object Repository/Olusturma/Genel/Kutular/eArsivInternetBilgileri/odemeAracisi'

2021-11-23 16:52:55 - [TEST_STEP][PASSED] - sendKeys(findTestObject("Olusturma/Genel/Kutular/eArsivInternetBilgileri/TasiyiciAdi"), TasiyiciAdi): Keys 'Virgosol' sent to object: 'Object Repository/Olusturma/Genel/Kutular/eArsivInternetBilgileri/TasiyiciAdi'

2021-11-23 16:52:55 - [MESSAGE][INFO] - Finding Test Object 'Object Repository/Olusturma/Genel/Kutular/eArsivInternetBilgileri/TasiyiciAdi'

2021-11-23 16:52:55 - [MESSAGE][INFO] - Sending keys 'Virgosol' to object: 'Object Repository/Olusturma/Genel/Kutular/eArsivInternetBilgileri/TasiyiciAdi'

2021-11-23 16:52:55 - [MESSAGE][INFO] - Finding web element from Test Object's properties

2021-11-23 16:52:55 - [MESSAGE][INFO] - Checking timeout

2021-11-23 16:52:55 - [MESSAGE][INFO] - Finding web element with id: 'Object Repository/Olusturma/Genel/Kutular/eArsivInternetBilgileri/TasiyiciAdi' located by 'By.xpath: //*[@id = 'txtEArsivInternetTasiyiciAdSoyad_I']' in '30' second(s)

2021-11-23 16:52:55 - [MESSAGE][INFO] - Smart Wait Function is triggered

2021-11-23 16:52:56 - [MESSAGE][INFO] - Found 1 web elements with id: 'Object Repository/Olusturma/Genel/Kutular/eArsivInternetBilgileri/TasiyiciAdi' located by 'By.xpath: //*[@id = 'txtEArsivInternetTasiyiciAdSoyad_I']' in '30' second(s)

2021-11-23 16:52:56 - [MESSAGE][PASSED] - Keys 'Virgosol' sent to object: 'Object Repository/Olusturma/Genel/Kutular/eArsivInternetBilgileri/TasiyiciAdi'

2021-11-23 16:52:56 - [TEST_STEP][PASSED] - scrollToElement(findTestObject("Olusturma/Genel/Kutular/eArsivInternetBilgileri/GonderimTarihi"), 1, STOP_ON_FAILURE): Scroll to object 'Object Repository/Olusturma/Genel/Kutular/eArsivInternetBilgileri/GonderimTarihi' successfully

2021-11-23 16:52:56 - [MESSAGE][INFO] - Finding Test Object 'Object Repository/Olusturma/Genel/Kutular/eArsivInternetBilgileri/GonderimTarihi'

2021-11-23 16:52:56 - [MESSAGE][INFO] - Checking object

2021-11-23 16:52:56 - [MESSAGE][INFO] - Checking timeout

2021-11-23 16:52:56 - [MESSAGE][INFO] - Finding web element from Test Object's properties

2021-11-23 16:52:56 - [MESSAGE][INFO] - Checking timeout

2021-11-23 16:52:56 - [MESSAGE][INFO] - Finding web element with id: 'Object Repository/Olusturma/Genel/Kutular/eArsivInternetBilgileri/GonderimTarihi' located by 'By.xpath: //*[@id = 'dateEArsivInternetGonderimTarih_B-1Img']' in '30' second(s)

2021-11-23 16:52:56 - [MESSAGE][INFO] - Smart Wait Function is triggered

2021-11-23 16:52:56 - [MESSAGE][INFO] - Found 1 web elements with id: 'Object Repository/Olusturma/Genel/Kutular/eArsivInternetBilgileri/GonderimTarihi' located by 'By.xpath: //*[@id = 'dateEArsivInternetGonderimTarih_B-1Img']' in '30' second(s)

2021-11-23 16:52:56 - [MESSAGE][INFO] - Scrolling to object 'Object Repository/Olusturma/Genel/Kutular/eArsivInternetBilgileri/GonderimTarihi'

2021-11-23 16:52:56 - [MESSAGE][PASSED] - Scroll to object 'Object Repository/Olusturma/Genel/Kutular/eArsivInternetBilgileri/GonderimTarihi' successfully

2021-11-23 16:52:56 - [TEST_STEP][PASSED] - click(findTestObject("Olusturma/Genel/Kutular/eArsivInternetBilgileri/GonderimTarihi"), STOP_ON_FAILURE): Object: 'Object Repository/Olusturma/Genel/Kutular/eArsivInternetBilgileri/GonderimTarihi' is clicked on

2021-11-23 16:52:56 - [MESSAGE][INFO] - Finding Test Object 'Object Repository/Olusturma/Genel/Kutular/eArsivInternetBilgileri/GonderimTarihi'

2021-11-23 16:52:56 - [MESSAGE][INFO] - Checking object

2021-11-23 16:52:56 - [MESSAGE][INFO] - Finding web element from Test Object's properties

2021-11-23 16:52:56 - [MESSAGE][INFO] - Checking timeout

2021-11-23 16:52:56 - [MESSAGE][INFO] - Finding web element with id: 'Object Repository/Olusturma/Genel/Kutular/eArsivInternetBilgileri/GonderimTarihi' located by 'By.xpath: //*[@id = 'dateEArsivInternetGonderimTarih_B-1Img']' in '30' second(s)

2021-11-23 16:52:56 - [MESSAGE][INFO] - Smart Wait Function is triggered

2021-11-23 16:52:57 - [MESSAGE][INFO] - Found 1 web elements with id: 'Object Repository/Olusturma/Genel/Kutular/eArsivInternetBilgileri/GonderimTarihi' located by 'By.xpath: //*[@id = 'dateEArsivInternetGonderimTarih_B-1Img']' in '30' second(s)

2021-11-23 16:52:57 - [MESSAGE][INFO] - Clicking on object: 'Object Repository/Olusturma/Genel/Kutular/eArsivInternetBilgileri/GonderimTarihi'

2021-11-23 16:52:57 - [MESSAGE][PASSED] - Object: 'Object Repository/Olusturma/Genel/Kutular/eArsivInternetBilgileri/GonderimTarihi' is clicked on

2021-11-23 16:52:57 - [TEST_STEP][PASSED] - click(findTestObject("Olusturma/Genel/Kutular/eArsivInternetBilgileri/BugunButonu"), STOP_ON_FAILURE): Object: 'Object Repository/Olusturma/Genel/Kutular/eArsivInternetBilgileri/BugunButonu' is clicked on

2021-11-23 16:52:57 - [MESSAGE][INFO] - Finding Test Object 'Object Repository/Olusturma/Genel/Kutular/eArsivInternetBilgileri/BugunButonu'

2021-11-23 16:52:57 - [MESSAGE][INFO] - Checking object

2021-11-23 16:52:57 - [MESSAGE][INFO] - Finding web element from Test Object's properties

2021-11-23 16:52:57 - [MESSAGE][INFO] - Checking timeout

2021-11-23 16:52:57 - [MESSAGE][INFO] - Finding web element with id: 'Object Repository/Olusturma/Genel/Kutular/eArsivInternetBilgileri/BugunButonu' located by 'By.xpath: //*[@id = 'dateEArsivInternetGonderimTarih_DDD_C_BT']' in '30' second(s)

2021-11-23 16:52:57 - [MESSAGE][INFO] - Smart Wait Function is triggered

2021-11-23 16:52:58 - [MESSAGE][INFO] - Found 1 web elements with id: 'Object Repository/Olusturma/Genel/Kutular/eArsivInternetBilgileri/BugunButonu' located by 'By.xpath: //*[@id = 'dateEArsivInternetGonderimTarih_DDD_C_BT']' in '30' second(s)

2021-11-23 16:52:58 - [MESSAGE][INFO] - Clicking on object: 'Object Repository/Olusturma/Genel/Kutular/eArsivInternetBilgileri/BugunButonu'

2021-11-23 16:52:58 - [MESSAGE][PASSED] - Object: 'Object Repository/Olusturma/Genel/Kutular/eArsivInternetBilgileri/BugunButonu' is clicked on

2021-11-23 16:52:58 - [MESSAGE][PASSED] - Call Test Case 'Test Cases/Olusturma/Genel/Kutular/eArsivInternetBilgileriGirilir' successfully

2021-11-23 16:52:58 - [MESSAGE][INFO] - Checking called Test Case

2021-11-23 16:52:58 - [MESSAGE][INFO] - Starting to call Test Case 'Test Cases/Olusturma/Genel/EkleButonunaBasilir'

2021-11-23 16:52:58 - [TEST_CASE][PASSED] - Test Cases/Olusturma/Genel/EkleButonunaBasilir: Test Cases/Olusturma/Genel/EkleButonunaBasilir

2021-11-23 16:52:58 - [TEST_STEP][PASSED] - waitForElementClickable(findTestObject("Object Repository/Olusturma/Genel/Olusturma/Ekle"), 10): Object 'Object Repository/Olusturma/Genel/Olusturma/Ekle' is clickable

2021-11-23 16:52:58 - [MESSAGE][INFO] - Finding Test Object 'Object Repository/Olusturma/Genel/Olusturma/Ekle'

2021-11-23 16:52:58 - [MESSAGE][INFO] - Checking object

2021-11-23 16:52:58 - [MESSAGE][INFO] - Checking timeout

2021-11-23 16:52:58 - [MESSAGE][INFO] - Finding web element from Test Object's properties

2021-11-23 16:52:58 - [MESSAGE][INFO] - Checking timeout

2021-11-23 16:52:58 - [MESSAGE][INFO] - Finding web element with id: 'Object Repository/Olusturma/Genel/Olusturma/Ekle' located by 'By.cssSelector: #divmalhizmet i.fa.fa-plus.fa-lg.text-muted' in '10' second(s)

2021-11-23 16:52:58 - [MESSAGE][INFO] - Smart Wait Function is triggered

2021-11-23 16:52:58 - [MESSAGE][INFO] - Found 1 web elements with id: 'Object Repository/Olusturma/Genel/Olusturma/Ekle' located by 'By.cssSelector: #divmalhizmet i.fa.fa-plus.fa-lg.text-muted' in '10' second(s)

2021-11-23 16:52:58 - [MESSAGE][PASSED] - Object 'Object Repository/Olusturma/Genel/Olusturma/Ekle' is clickable

2021-11-23 16:52:58 - [TEST_STEP][PASSED] - click(findTestObject("Object Repository/Olusturma/Genel/Olusturma/Ekle")): Object: 'Object Repository/Olusturma/Genel/Olusturma/Ekle' is clicked on

2021-11-23 16:52:58 - [MESSAGE][INFO] - Finding Test Object 'Object Repository/Olusturma/Genel/Olusturma/Ekle'

2021-11-23 16:52:59 - [MESSAGE][INFO] - Checking object

2021-11-23 16:52:59 - [MESSAGE][INFO] - Finding web element from Test Object's properties

2021-11-23 16:52:59 - [MESSAGE][INFO] - Checking timeout

2021-11-23 16:52:59 - [MESSAGE][INFO] - Finding web element with id: 'Object Repository/Olusturma/Genel/Olusturma/Ekle' located by 'By.cssSelector: #divmalhizmet i.fa.fa-plus.fa-lg.text-muted' in '30' second(s)

2021-11-23 16:52:59 - [MESSAGE][INFO] - Smart Wait Function is triggered

2021-11-23 16:52:59 - [MESSAGE][INFO] - Found 1 web elements with id: 'Object Repository/Olusturma/Genel/Olusturma/Ekle' located by 'By.cssSelector: #divmalhizmet i.fa.fa-plus.fa-lg.text-muted' in '30' second(s)

2021-11-23 16:52:59 - [MESSAGE][INFO] - Clicking on object: 'Object Repository/Olusturma/Genel/Olusturma/Ekle'

2021-11-23 16:52:59 - [MESSAGE][PASSED] - Object: 'Object Repository/Olusturma/Genel/Olusturma/Ekle' is clicked on

2021-11-23 16:52:59 - [TEST_STEP][PASSED] - waitForElementClickable(findTestObject("Olusturma/Genel/Olusturma/EklenenSatirCarpiImage"), 10): Object 'Object Repository/Olusturma/Genel/Olusturma/EklenenSatirCarpiImage' is clickable

2021-11-23 16:52:59 - [MESSAGE][INFO] - Finding Test Object 'Object Repository/Olusturma/Genel/Olusturma/EklenenSatirCarpiImage'

2021-11-23 16:52:59 - [MESSAGE][INFO] - Checking object

2021-11-23 16:52:59 - [MESSAGE][INFO] - Checking timeout

2021-11-23 16:52:59 - [MESSAGE][INFO] - Finding web element from Test Object's properties

2021-11-23 16:52:59 - [MESSAGE][INFO] - Checking timeout

2021-11-23 16:52:59 - [MESSAGE][INFO] - Finding web element with id: 'Object Repository/Olusturma/Genel/Olusturma/EklenenSatirCarpiImage' located by 'By.cssSelector: .fa.fa-times.fa-lg.text-primary' in '10' second(s)

2021-11-23 16:52:59 - [MESSAGE][INFO] - Smart Wait Function is triggered

2021-11-23 16:52:59 - [MESSAGE][INFO] - Smart Wait Function is triggered

2021-11-23 16:53:01 - [MESSAGE][INFO] - Found 1 web elements with id: 'Object Repository/Olusturma/Genel/Olusturma/EklenenSatirCarpiImage' located by 'By.cssSelector: .fa.fa-times.fa-lg.text-primary' in '10' second(s)

2021-11-23 16:53:01 - [MESSAGE][PASSED] - Object 'Object Repository/Olusturma/Genel/Olusturma/EklenenSatirCarpiImage' is clickable

2021-11-23 16:53:01 - [MESSAGE][PASSED] - Call Test Case 'Test Cases/Olusturma/Genel/EkleButonunaBasilir' successfully

2021-11-23 16:53:01 - [MESSAGE][INFO] - Checking called Test Case

2021-11-23 16:53:01 - [MESSAGE][INFO] - Starting to call Test Case 'Test Cases/Olusturma/Genel/Olusturma'

2021-11-23 16:53:01 - [TEST_CASE][PASSED] - Test Cases/Olusturma/Genel/Olusturma: Test Cases/Olusturma/Genel/Olusturma

2021-11-23 16:53:01 - [TEST_STEP][PASSED] - driver = getWebDriver(): null

2021-11-23 16:53:01 - [TEST_STEP][PASSED] - action = new org.openqa.selenium.interactions.Actions(driver): null

2021-11-23 16:53:01 - [TEST_STEP][PASSED] - baslikElement = <not implemented yet for class: org.codehaus.groovy.ast.expr.EmptyExpression>: null

2021-11-23 16:53:01 - [TEST_STEP][PASSED] - sonElement = <not implemented yet for class: org.codehaus.groovy.ast.expr.EmptyExpression>: null

2021-11-23 16:53:01 - [TEST_STEP][PASSED] - attr = <not implemented yet for class: org.codehaus.groovy.ast.expr.EmptyExpression>: null

2021-11-23 16:53:01 - [TEST_STEP][PASSED] - a = 0: null

2021-11-23 16:53:01 - [TEST_STEP][PASSED] - elements = findWebElements(findTestObject("Object Repository/Olusturma/Genel/Olusturma/TabloBasliklari"), 10): Found 13 web elements with id: 'Object Repository/Olusturma/Genel/Olusturma/TabloBasliklari' located by 'By.cssSelector: div#divmalhizmet .dxgvTable_LECustomTheme td.dxgvHeader_LECustomTheme tr>td:nth-child(1)' in '10' second(s)

2021-11-23 16:53:01 - [MESSAGE][INFO] - Finding Test Object 'Object Repository/Olusturma/Genel/Olusturma/TabloBasliklari'

2021-11-23 16:53:01 - [MESSAGE][INFO] - Checking timeout

2021-11-23 16:53:01 - [MESSAGE][INFO] - Finding web element with id: 'Object Repository/Olusturma/Genel/Olusturma/TabloBasliklari' located by 'By.cssSelector: div#divmalhizmet .dxgvTable_LECustomTheme td.dxgvHeader_LECustomTheme tr>td:nth-child(1)' in '10' second(s)

2021-11-23 16:53:01 - [MESSAGE][INFO] - Smart Wait Function is triggered

2021-11-23 16:53:01 - [MESSAGE][INFO] - Found 13 web elements with id: 'Object Repository/Olusturma/Genel/Olusturma/TabloBasliklari' located by 'By.cssSelector: div#divmalhizmet .dxgvTable_LECustomTheme td.dxgvHeader_LECustomTheme tr>td:nth-child(1)' in '10' second(s)

2021-11-23 16:53:01 - [TEST_STEP][PASSED] - for (def element : elements): null

2021-11-23 16:53:01 - [TEST_STEP][PASSED] - build().perform(): null

2021-11-23 16:53:01 - [TEST_STEP][PASSED] - if (getText().equals(Baslik)): null

2021-11-23 16:53:01 - [TEST_STEP][PASSED] - baslikElement = element.findElement(By.xpath("../../../..")): Smart Wait Function is triggered

2021-11-23 16:53:01 - [MESSAGE][INFO] - Smart Wait Function is triggered

2021-11-23 16:53:01 - [TEST_STEP][PASSED] - attr = baslikElement.getAttribute("id"): null

2021-11-23 16:53:01 - [TEST_STEP][PASSED] - println("girdi ve idsini aldı = " + attr): null

2021-11-23 16:53:01 - [TEST_STEP][PASSED] - break: null

2021-11-23 16:53:01 - [TEST_STEP][PASSED] - countElement = baslikElement.findElements(By.xpath("../td")): Smart Wait Function is triggered

2021-11-23 16:53:01 - [MESSAGE][INFO] - Smart Wait Function is triggered

2021-11-23 16:53:02 - [TEST_STEP][PASSED] - for (def element : countElement): null

2021-11-23 16:53:02 - [TEST_STEP][PASSED] - if (toString().equals(attr.toString())): null

2021-11-23 16:53:02 - [TEST_STEP][PASSED] - (a++): null

2021-11-23 16:53:02 - [TEST_STEP][PASSED] - if (toString().equals(attr.toString())): null

2021-11-23 16:53:02 - [TEST_STEP][PASSED] - break: null

2021-11-23 16:53:02 - [TEST_STEP][PASSED] - son = findWebElement(findTestObject("Object Repository/Olusturma/Genel/Olusturma/EklenenSatir")).findElement(By.xpath("td[@class='dxgvInlineEditCell_LECustomTheme dxgv'][" + a + "]//td[@class='dxic']/input")): Smart Wait Function is triggered

2021-11-23 16:53:02 - [MESSAGE][INFO] - Finding Test Object 'Object Repository/Olusturma/Genel/Olusturma/EklenenSatir'

2021-11-23 16:53:02 - [MESSAGE][INFO] - Finding web element from Test Object's properties

2021-11-23 16:53:02 - [MESSAGE][INFO] - Checking timeout

2021-11-23 16:53:02 - [MESSAGE][INFO] - Finding web element with id: 'Object Repository/Olusturma/Genel/Olusturma/EklenenSatir' located by 'By.cssSelector: #divmalhizmet .dxgvInlineEditRow_LECustomTheme' in '30' second(s)

2021-11-23 16:53:02 - [MESSAGE][INFO] - Smart Wait Function is triggered

2021-11-23 16:53:02 - [MESSAGE][INFO] - Found 1 web elements with id: 'Object Repository/Olusturma/Genel/Olusturma/EklenenSatir' located by 'By.cssSelector: #divmalhizmet .dxgvInlineEditRow_LECustomTheme' in '30' second(s)

2021-11-23 16:53:02 - [MESSAGE][INFO] - Smart Wait Function is triggered

2021-11-23 16:53:02 - [TEST_STEP][PASSED] - if (!(getAttribute("value").contains("Vkn"))): null

2021-11-23 16:53:02 - [TEST_STEP][PASSED] - son.clear(): null

2021-11-23 16:53:02 - [TEST_STEP][PASSED] - son.sendKeys(Deger): null

2021-11-23 16:53:03 - [MESSAGE][PASSED] - Call Test Case 'Test Cases/Olusturma/Genel/Olusturma' successfully

2021-11-23 16:53:03 - [MESSAGE][INFO] - Checking called Test Case

2021-11-23 16:53:03 - [MESSAGE][INFO] - Starting to call Test Case 'Test Cases/Olusturma/Genel/Olusturma'

2021-11-23 16:53:03 - [TEST_CASE][PASSED] - Test Cases/Olusturma/Genel/Olusturma: Test Cases/Olusturma/Genel/Olusturma

2021-11-23 16:53:03 - [TEST_STEP][PASSED] - driver = getWebDriver(): null

2021-11-23 16:53:03 - [TEST_STEP][PASSED] - action = new org.openqa.selenium.interactions.Actions(driver): null

2021-11-23 16:53:03 - [TEST_STEP][PASSED] - baslikElement = <not implemented yet for class: org.codehaus.groovy.ast.expr.EmptyExpression>: null

2021-11-23 16:53:03 - [TEST_STEP][PASSED] - sonElement = <not implemented yet for class: org.codehaus.groovy.ast.expr.EmptyExpression>: null

2021-11-23 16:53:03 - [TEST_STEP][PASSED] - attr = <not implemented yet for class: org.codehaus.groovy.ast.expr.EmptyExpression>: null

2021-11-23 16:53:03 - [TEST_STEP][PASSED] - a = 0: null

2021-11-23 16:53:03 - [TEST_STEP][PASSED] - elements = findWebElements(findTestObject("Object Repository/Olusturma/Genel/Olusturma/TabloBasliklari"), 10): Found 13 web elements with id: 'Object Repository/Olusturma/Genel/Olusturma/TabloBasliklari' located by 'By.cssSelector: div#divmalhizmet .dxgvTable_LECustomTheme td.dxgvHeader_LECustomTheme tr>td:nth-child(1)' in '10' second(s)

2021-11-23 16:53:03 - [MESSAGE][INFO] - Finding Test Object 'Object Repository/Olusturma/Genel/Olusturma/TabloBasliklari'

2021-11-23 16:53:03 - [MESSAGE][INFO] - Checking timeout

2021-11-23 16:53:03 - [MESSAGE][INFO] - Finding web element with id: 'Object Repository/Olusturma/Genel/Olusturma/TabloBasliklari' located by 'By.cssSelector: div#divmalhizmet .dxgvTable_LECustomTheme td.dxgvHeader_LECustomTheme tr>td:nth-child(1)' in '10' second(s)

2021-11-23 16:53:03 - [MESSAGE][INFO] - Smart Wait Function is triggered

2021-11-23 16:53:03 - [MESSAGE][INFO] - Found 13 web elements with id: 'Object Repository/Olusturma/Genel/Olusturma/TabloBasliklari' located by 'By.cssSelector: div#divmalhizmet .dxgvTable_LECustomTheme td.dxgvHeader_LECustomTheme tr>td:nth-child(1)' in '10' second(s)

2021-11-23 16:53:03 - [TEST_STEP][PASSED] - for (def element : elements): null

2021-11-23 16:53:03 - [TEST_STEP][PASSED] - build().perform(): null

2021-11-23 16:53:03 - [TEST_STEP][PASSED] - if (getText().equals(Baslik)): null

2021-11-23 16:53:03 - [TEST_STEP][PASSED] - build().perform(): null

2021-11-23 16:53:03 - [TEST_STEP][PASSED] - if (getText().equals(Baslik)): null

2021-11-23 16:53:03 - [TEST_STEP][PASSED] - baslikElement = element.findElement(By.xpath("../../../..")): Smart Wait Function is triggered

2021-11-23 16:53:03 - [MESSAGE][INFO] - Smart Wait Function is triggered

2021-11-23 16:53:04 - [TEST_STEP][PASSED] - attr = baslikElement.getAttribute("id"): null

2021-11-23 16:53:04 - [TEST_STEP][PASSED] - println("girdi ve idsini aldı = " + attr): null

2021-11-23 16:53:04 - [TEST_STEP][PASSED] - break: null

2021-11-23 16:53:04 - [TEST_STEP][PASSED] - countElement = baslikElement.findElements(By.xpath("../td")): Smart Wait Function is triggered

2021-11-23 16:53:04 - [MESSAGE][INFO] - Smart Wait Function is triggered

2021-11-23 16:53:04 - [TEST_STEP][PASSED] - for (def element : countElement): null

2021-11-23 16:53:04 - [TEST_STEP][PASSED] - if (toString().equals(attr.toString())): null

2021-11-23 16:53:04 - [TEST_STEP][PASSED] - (a++): null

2021-11-23 16:53:04 - [TEST_STEP][PASSED] - if (toString().equals(attr.toString())): null

2021-11-23 16:53:04 - [TEST_STEP][PASSED] - (a++): null

2021-11-23 16:53:04 - [TEST_STEP][PASSED] - if (toString().equals(attr.toString())): null

2021-11-23 16:53:04 - [TEST_STEP][PASSED] - break: null

2021-11-23 16:53:04 - [TEST_STEP][PASSED] - son = findWebElement(findTestObject("Object Repository/Olusturma/Genel/Olusturma/EklenenSatir")).findElement(By.xpath("td[@class='dxgvInlineEditCell_LECustomTheme dxgv'][" + a + "]//td[@class='dxic']/input")): Smart Wait Function is triggered

2021-11-23 16:53:04 - [MESSAGE][INFO] - Finding Test Object 'Object Repository/Olusturma/Genel/Olusturma/EklenenSatir'

2021-11-23 16:53:04 - [MESSAGE][INFO] - Finding web element from Test Object's properties

2021-11-23 16:53:04 - [MESSAGE][INFO] - Checking timeout

2021-11-23 16:53:04 - [MESSAGE][INFO] - Finding web element with id: 'Object Repository/Olusturma/Genel/Olusturma/EklenenSatir' located by 'By.cssSelector: #divmalhizmet .dxgvInlineEditRow_LECustomTheme' in '30' second(s)

2021-11-23 16:53:04 - [MESSAGE][INFO] - Smart Wait Function is triggered

2021-11-23 16:53:04 - [MESSAGE][INFO] - Found 1 web elements with id: 'Object Repository/Olusturma/Genel/Olusturma/EklenenSatir' located by 'By.cssSelector: #divmalhizmet .dxgvInlineEditRow_LECustomTheme' in '30' second(s)

2021-11-23 16:53:04 - [MESSAGE][INFO] - Smart Wait Function is triggered

2021-11-23 16:53:05 - [TEST_STEP][PASSED] - if (!(getAttribute("value").contains("Vkn"))): null

2021-11-23 16:53:05 - [TEST_STEP][PASSED] - son.clear(): null

2021-11-23 16:53:05 - [TEST_STEP][PASSED] - son.sendKeys(Deger): null

2021-11-23 16:53:05 - [MESSAGE][PASSED] - Call Test Case 'Test Cases/Olusturma/Genel/Olusturma' successfully

2021-11-23 16:53:05 - [MESSAGE][INFO] - Checking called Test Case

2021-11-23 16:53:05 - [MESSAGE][INFO] - Starting to call Test Case 'Test Cases/Olusturma/Genel/Olusturma'

2021-11-23 16:53:05 - [TEST_CASE][PASSED] - Test Cases/Olusturma/Genel/Olusturma: Test Cases/Olusturma/Genel/Olusturma

2021-11-23 16:53:05 - [TEST_STEP][PASSED] - driver = getWebDriver(): null

2021-11-23 16:53:05 - [TEST_STEP][PASSED] - action = new org.openqa.selenium.interactions.Actions(driver): null

2021-11-23 16:53:05 - [TEST_STEP][PASSED] - baslikElement = <not implemented yet for class: org.codehaus.groovy.ast.expr.EmptyExpression>: null

2021-11-23 16:53:05 - [TEST_STEP][PASSED] - sonElement = <not implemented yet for class: org.codehaus.groovy.ast.expr.EmptyExpression>: null

2021-11-23 16:53:05 - [TEST_STEP][PASSED] - attr = <not implemented yet for class: org.codehaus.groovy.ast.expr.EmptyExpression>: null

2021-11-23 16:53:05 - [TEST_STEP][PASSED] - a = 0: null

2021-11-23 16:53:05 - [TEST_STEP][PASSED] - elements = findWebElements(findTestObject("Object Repository/Olusturma/Genel/Olusturma/TabloBasliklari"), 10): Found 13 web elements with id: 'Object Repository/Olusturma/Genel/Olusturma/TabloBasliklari' located by 'By.cssSelector: div#divmalhizmet .dxgvTable_LECustomTheme td.dxgvHeader_LECustomTheme tr>td:nth-child(1)' in '10' second(s)

2021-11-23 16:53:05 - [MESSAGE][INFO] - Finding Test Object 'Object Repository/Olusturma/Genel/Olusturma/TabloBasliklari'

2021-11-23 16:53:05 - [MESSAGE][INFO] - Checking timeout

2021-11-23 16:53:05 - [MESSAGE][INFO] - Finding web element with id: 'Object Repository/Olusturma/Genel/Olusturma/TabloBasliklari' located by 'By.cssSelector: div#divmalhizmet .dxgvTable_LECustomTheme td.dxgvHeader_LECustomTheme tr>td:nth-child(1)' in '10' second(s)

2021-11-23 16:53:05 - [MESSAGE][INFO] - Smart Wait Function is triggered

2021-11-23 16:53:05 - [MESSAGE][INFO] - Found 13 web elements with id: 'Object Repository/Olusturma/Genel/Olusturma/TabloBasliklari' located by 'By.cssSelector: div#divmalhizmet .dxgvTable_LECustomTheme td.dxgvHeader_LECustomTheme tr>td:nth-child(1)' in '10' second(s)

2021-11-23 16:53:05 - [TEST_STEP][PASSED] - for (def element : elements): null

2021-11-23 16:53:05 - [TEST_STEP][PASSED] - build().perform(): null

2021-11-23 16:53:05 - [TEST_STEP][PASSED] - if (getText().equals(Baslik)): null

2021-11-23 16:53:05 - [TEST_STEP][PASSED] - build().perform(): null

2021-11-23 16:53:06 - [TEST_STEP][PASSED] - if (getText().equals(Baslik)): null

2021-11-23 16:53:06 - [TEST_STEP][PASSED] - build().perform(): null

2021-11-23 16:53:06 - [TEST_STEP][PASSED] - if (getText().equals(Baslik)): null

2021-11-23 16:53:06 - [TEST_STEP][PASSED] - build().perform(): null

2021-11-23 16:53:06 - [TEST_STEP][PASSED] - if (getText().equals(Baslik)): null

2021-11-23 16:53:06 - [TEST_STEP][PASSED] - baslikElement = element.findElement(By.xpath("../../../..")): Smart Wait Function is triggered

2021-11-23 16:53:06 - [MESSAGE][INFO] - Smart Wait Function is triggered

2021-11-23 16:53:06 - [TEST_STEP][PASSED] - attr = baslikElement.getAttribute("id"): null

2021-11-23 16:53:06 - [TEST_STEP][PASSED] - println("girdi ve idsini aldı = " + attr): null

2021-11-23 16:53:06 - [TEST_STEP][PASSED] - break: null

2021-11-23 16:53:06 - [TEST_STEP][PASSED] - countElement = baslikElement.findElements(By.xpath("../td")): Smart Wait Function is triggered

2021-11-23 16:53:06 - [MESSAGE][INFO] - Smart Wait Function is triggered

2021-11-23 16:53:07 - [TEST_STEP][PASSED] - for (def element : countElement): null

2021-11-23 16:53:07 - [TEST_STEP][PASSED] - if (toString().equals(attr.toString())): null

2021-11-23 16:53:07 - [TEST_STEP][PASSED] - (a++): null

2021-11-23 16:53:07 - [TEST_STEP][PASSED] - if (toString().equals(attr.toString())): null

2021-11-23 16:53:07 - [TEST_STEP][PASSED] - (a++): null

2021-11-23 16:53:07 - [TEST_STEP][PASSED] - if (toString().equals(attr.toString())): null

2021-11-23 16:53:07 - [TEST_STEP][PASSED] - (a++): null

2021-11-23 16:53:07 - [TEST_STEP][PASSED] - if (toString().equals(attr.toString())): null

2021-11-23 16:53:07 - [TEST_STEP][PASSED] - (a++): null

2021-11-23 16:53:07 - [TEST_STEP][PASSED] - if (toString().equals(attr.toString())): null

2021-11-23 16:53:07 - [TEST_STEP][PASSED] - break: null

2021-11-23 16:53:07 - [TEST_STEP][PASSED] - son = findWebElement(findTestObject("Object Repository/Olusturma/Genel/Olusturma/EklenenSatir")).findElement(By.xpath("td[@class='dxgvInlineEditCell_LECustomTheme dxgv'][" + a + "]//td[@class='dxic']/input")): Smart Wait Function is triggered

2021-11-23 16:53:07 - [MESSAGE][INFO] - Finding Test Object 'Object Repository/Olusturma/Genel/Olusturma/EklenenSatir'

2021-11-23 16:53:07 - [MESSAGE][INFO] - Finding web element from Test Object's properties

2021-11-23 16:53:07 - [MESSAGE][INFO] - Checking timeout

2021-11-23 16:53:07 - [MESSAGE][INFO] - Finding web element with id: 'Object Repository/Olusturma/Genel/Olusturma/EklenenSatir' located by 'By.cssSelector: #divmalhizmet .dxgvInlineEditRow_LECustomTheme' in '30' second(s)

2021-11-23 16:53:07 - [MESSAGE][INFO] - Smart Wait Function is triggered

2021-11-23 16:53:07 - [MESSAGE][INFO] - Found 1 web elements with id: 'Object Repository/Olusturma/Genel/Olusturma/EklenenSatir' located by 'By.cssSelector: #divmalhizmet .dxgvInlineEditRow_LECustomTheme' in '30' second(s)

2021-11-23 16:53:07 - [MESSAGE][INFO] - Smart Wait Function is triggered

2021-11-23 16:53:07 - [TEST_STEP][PASSED] - if (!(getAttribute("value").contains("Vkn"))): null

2021-11-23 16:53:07 - [TEST_STEP][PASSED] - son.clear(): null

2021-11-23 16:53:07 - [TEST_STEP][PASSED] - son.sendKeys(Deger): null

2021-11-23 16:53:07 - [MESSAGE][PASSED] - Call Test Case 'Test Cases/Olusturma/Genel/Olusturma' successfully

2021-11-23 16:53:08 - [MESSAGE][INFO] - Checking called Test Case

2021-11-23 16:53:08 - [MESSAGE][INFO] - Starting to call Test Case 'Test Cases/Olusturma/Genel/Olusturma'

2021-11-23 16:53:08 - [TEST_CASE][PASSED] - Test Cases/Olusturma/Genel/Olusturma: Test Cases/Olusturma/Genel/Olusturma

2021-11-23 16:53:08 - [TEST_STEP][PASSED] - driver = getWebDriver(): null

2021-11-23 16:53:08 - [TEST_STEP][PASSED] - action = new org.openqa.selenium.interactions.Actions(driver): null

2021-11-23 16:53:08 - [TEST_STEP][PASSED] - baslikElement = <not implemented yet for class: org.codehaus.groovy.ast.expr.EmptyExpression>: null

2021-11-23 16:53:08 - [TEST_STEP][PASSED] - sonElement = <not implemented yet for class: org.codehaus.groovy.ast.expr.EmptyExpression>: null

2021-11-23 16:53:08 - [TEST_STEP][PASSED] - attr = <not implemented yet for class: org.codehaus.groovy.ast.expr.EmptyExpression>: null

2021-11-23 16:53:08 - [TEST_STEP][PASSED] - a = 0: null

2021-11-23 16:53:08 - [TEST_STEP][PASSED] - elements = findWebElements(findTestObject("Object Repository/Olusturma/Genel/Olusturma/TabloBasliklari"), 10): Found 13 web elements with id: 'Object Repository/Olusturma/Genel/Olusturma/TabloBasliklari' located by 'By.cssSelector: div#divmalhizmet .dxgvTable_LECustomTheme td.dxgvHeader_LECustomTheme tr>td:nth-child(1)' in '10' second(s)

2021-11-23 16:53:08 - [MESSAGE][INFO] - Finding Test Object 'Object Repository/Olusturma/Genel/Olusturma/TabloBasliklari'

2021-11-23 16:53:08 - [MESSAGE][INFO] - Checking timeout

2021-11-23 16:53:08 - [MESSAGE][INFO] - Finding web element with id: 'Object Repository/Olusturma/Genel/Olusturma/TabloBasliklari' located by 'By.cssSelector: div#divmalhizmet .dxgvTable_LECustomTheme td.dxgvHeader_LECustomTheme tr>td:nth-child(1)' in '10' second(s)

2021-11-23 16:53:08 - [MESSAGE][INFO] - Smart Wait Function is triggered

2021-11-23 16:53:08 - [MESSAGE][INFO] - Found 13 web elements with id: 'Object Repository/Olusturma/Genel/Olusturma/TabloBasliklari' located by 'By.cssSelector: div#divmalhizmet .dxgvTable_LECustomTheme td.dxgvHeader_LECustomTheme tr>td:nth-child(1)' in '10' second(s)

2021-11-23 16:53:08 - [TEST_STEP][PASSED] - for (def element : elements): null

2021-11-23 16:53:08 - [TEST_STEP][PASSED] - build().perform(): null

2021-11-23 16:53:08 - [TEST_STEP][PASSED] - if (getText().equals(Baslik)): null

2021-11-23 16:53:08 - [TEST_STEP][PASSED] - build().perform(): null

2021-11-23 16:53:08 - [TEST_STEP][PASSED] - if (getText().equals(Baslik)): null

2021-11-23 16:53:08 - [TEST_STEP][PASSED] - build().perform(): null

2021-11-23 16:53:08 - [TEST_STEP][PASSED] - if (getText().equals(Baslik)): null

2021-11-23 16:53:08 - [TEST_STEP][PASSED] - build().perform(): null

2021-11-23 16:53:08 - [TEST_STEP][PASSED] - if (getText().equals(Baslik)): null

2021-11-23 16:53:08 - [TEST_STEP][PASSED] - build().perform(): null

2021-11-23 16:53:09 - [TEST_STEP][PASSED] - if (getText().equals(Baslik)): null

2021-11-23 16:53:09 - [TEST_STEP][PASSED] - build().perform(): null

2021-11-23 16:53:09 - [TEST_STEP][PASSED] - if (getText().equals(Baslik)): null

2021-11-23 16:53:09 - [TEST_STEP][PASSED] - baslikElement = element.findElement(By.xpath("../../../..")): Smart Wait Function is triggered

2021-11-23 16:53:09 - [MESSAGE][INFO] - Smart Wait Function is triggered

2021-11-23 16:53:09 - [TEST_STEP][PASSED] - attr = baslikElement.getAttribute("id"): null

2021-11-23 16:53:09 - [TEST_STEP][PASSED] - println("girdi ve idsini aldı = " + attr): null

2021-11-23 16:53:09 - [TEST_STEP][PASSED] - break: null

2021-11-23 16:53:09 - [TEST_STEP][PASSED] - countElement = baslikElement.findElements(By.xpath("../td")): Smart Wait Function is triggered

2021-11-23 16:53:09 - [MESSAGE][INFO] - Smart Wait Function is triggered

2021-11-23 16:53:09 - [TEST_STEP][PASSED] - for (def element : countElement): null

2021-11-23 16:53:09 - [TEST_STEP][PASSED] - if (toString().equals(attr.toString())): null

2021-11-23 16:53:09 - [TEST_STEP][PASSED] - (a++): null

2021-11-23 16:53:09 - [TEST_STEP][PASSED] - if (toString().equals(attr.toString())): null

2021-11-23 16:53:09 - [TEST_STEP][PASSED] - (a++): null

2021-11-23 16:53:09 - [TEST_STEP][PASSED] - if (toString().equals(attr.toString())): null

2021-11-23 16:53:09 - [TEST_STEP][PASSED] - (a++): null

2021-11-23 16:53:09 - [TEST_STEP][PASSED] - if (toString().equals(attr.toString())): null

2021-11-23 16:53:09 - [TEST_STEP][PASSED] - (a++): null

2021-11-23 16:53:09 - [TEST_STEP][PASSED] - if (toString().equals(attr.toString())): null

2021-11-23 16:53:09 - [TEST_STEP][PASSED] - (a++): null

2021-11-23 16:53:09 - [TEST_STEP][PASSED] - if (toString().equals(attr.toString())): null

2021-11-23 16:53:09 - [TEST_STEP][PASSED] - (a++): null

2021-11-23 16:53:09 - [TEST_STEP][PASSED] - if (toString().equals(attr.toString())): null

2021-11-23 16:53:09 - [TEST_STEP][PASSED] - break: null

2021-11-23 16:53:09 - [TEST_STEP][PASSED] - son = findWebElement(findTestObject("Object Repository/Olusturma/Genel/Olusturma/EklenenSatir")).findElement(By.xpath("td[@class='dxgvInlineEditCell_LECustomTheme dxgv'][" + a + "]//td[@class='dxic']/input")): Smart Wait Function is triggered

2021-11-23 16:53:09 - [MESSAGE][INFO] - Finding Test Object 'Object Repository/Olusturma/Genel/Olusturma/EklenenSatir'

2021-11-23 16:53:10 - [MESSAGE][INFO] - Finding web element from Test Object's properties

2021-11-23 16:53:10 - [MESSAGE][INFO] - Checking timeout

2021-11-23 16:53:10 - [MESSAGE][INFO] - Finding web element with id: 'Object Repository/Olusturma/Genel/Olusturma/EklenenSatir' located by 'By.cssSelector: #divmalhizmet .dxgvInlineEditRow_LECustomTheme' in '30' second(s)

2021-11-23 16:53:10 - [MESSAGE][INFO] - Smart Wait Function is triggered

2021-11-23 16:53:10 - [MESSAGE][INFO] - Found 1 web elements with id: 'Object Repository/Olusturma/Genel/Olusturma/EklenenSatir' located by 'By.cssSelector: #divmalhizmet .dxgvInlineEditRow_LECustomTheme' in '30' second(s)

2021-11-23 16:53:10 - [MESSAGE][INFO] - Smart Wait Function is triggered

2021-11-23 16:53:10 - [TEST_STEP][PASSED] - if (!(getAttribute("value").contains("Vkn"))): null

2021-11-23 16:53:10 - [TEST_STEP][PASSED] - son.clear(): null

2021-11-23 16:53:10 - [TEST_STEP][PASSED] - son.sendKeys(Deger): null

2021-11-23 16:53:10 - [MESSAGE][PASSED] - Call Test Case 'Test Cases/Olusturma/Genel/Olusturma' successfully

2021-11-23 16:53:10 - [MESSAGE][INFO] - Checking called Test Case

2021-11-23 16:53:10 - [MESSAGE][INFO] - Starting to call Test Case 'Test Cases/Olusturma/Genel/Olusturma'

2021-11-23 16:53:10 - [TEST_CASE][PASSED] - Test Cases/Olusturma/Genel/Olusturma: Test Cases/Olusturma/Genel/Olusturma

2021-11-23 16:53:10 - [TEST_STEP][PASSED] - driver = getWebDriver(): null

2021-11-23 16:53:10 - [TEST_STEP][PASSED] - action = new org.openqa.selenium.interactions.Actions(driver): null

2021-11-23 16:53:10 - [TEST_STEP][PASSED] - baslikElement = <not implemented yet for class: org.codehaus.groovy.ast.expr.EmptyExpression>: null

2021-11-23 16:53:10 - [TEST_STEP][PASSED] - sonElement = <not implemented yet for class: org.codehaus.groovy.ast.expr.EmptyExpression>: null

2021-11-23 16:53:10 - [TEST_STEP][PASSED] - attr = <not implemented yet for class: org.codehaus.groovy.ast.expr.EmptyExpression>: null

2021-11-23 16:53:10 - [TEST_STEP][PASSED] - a = 0: null

2021-11-23 16:53:10 - [TEST_STEP][PASSED] - elements = findWebElements(findTestObject("Object Repository/Olusturma/Genel/Olusturma/TabloBasliklari"), 10): Found 13 web elements with id: 'Object Repository/Olusturma/Genel/Olusturma/TabloBasliklari' located by 'By.cssSelector: div#divmalhizmet .dxgvTable_LECustomTheme td.dxgvHeader_LECustomTheme tr>td:nth-child(1)' in '10' second(s)

2021-11-23 16:53:10 - [MESSAGE][INFO] - Finding Test Object 'Object Repository/Olusturma/Genel/Olusturma/TabloBasliklari'

2021-11-23 16:53:10 - [MESSAGE][INFO] - Checking timeout

2021-11-23 16:53:10 - [MESSAGE][INFO] - Finding web element with id: 'Object Repository/Olusturma/Genel/Olusturma/TabloBasliklari' located by 'By.cssSelector: div#divmalhizmet .dxgvTable_LECustomTheme td.dxgvHeader_LECustomTheme tr>td:nth-child(1)' in '10' second(s)

2021-11-23 16:53:10 - [MESSAGE][INFO] - Smart Wait Function is triggered

2021-11-23 16:53:11 - [MESSAGE][INFO] - Found 13 web elements with id: 'Object Repository/Olusturma/Genel/Olusturma/TabloBasliklari' located by 'By.cssSelector: div#divmalhizmet .dxgvTable_LECustomTheme td.dxgvHeader_LECustomTheme tr>td:nth-child(1)' in '10' second(s)

2021-11-23 16:53:11 - [TEST_STEP][PASSED] - for (def element : elements): null

2021-11-23 16:53:11 - [TEST_STEP][PASSED] - build().perform(): null

2021-11-23 16:53:11 - [TEST_STEP][PASSED] - if (getText().equals(Baslik)): null

2021-11-23 16:53:11 - [TEST_STEP][PASSED] - build().perform(): null

2021-11-23 16:53:11 - [TEST_STEP][PASSED] - if (getText().equals(Baslik)): null

2021-11-23 16:53:11 - [TEST_STEP][PASSED] - build().perform(): null

2021-11-23 16:53:11 - [TEST_STEP][PASSED] - if (getText().equals(Baslik)): null

2021-11-23 16:53:11 - [TEST_STEP][PASSED] - build().perform(): null

2021-11-23 16:53:11 - [TEST_STEP][PASSED] - if (getText().equals(Baslik)): null

2021-11-23 16:53:11 - [TEST_STEP][PASSED] - build().perform(): null

2021-11-23 16:53:11 - [TEST_STEP][PASSED] - if (getText().equals(Baslik)): null

2021-11-23 16:53:11 - [TEST_STEP][PASSED] - build().perform(): null

2021-11-23 16:53:12 - [TEST_STEP][PASSED] - if (getText().equals(Baslik)): null

2021-11-23 16:53:12 - [TEST_STEP][PASSED] - build().perform(): null

2021-11-23 16:53:12 - [TEST_STEP][PASSED] - if (getText().equals(Baslik)): null

2021-11-23 16:53:12 - [TEST_STEP][PASSED] - baslikElement = element.findElement(By.xpath("../../../..")): Smart Wait Function is triggered

2021-11-23 16:53:12 - [MESSAGE][INFO] - Smart Wait Function is triggered

2021-11-23 16:53:12 - [TEST_STEP][PASSED] - attr = baslikElement.getAttribute("id"): null

2021-11-23 16:53:12 - [TEST_STEP][PASSED] - println("girdi ve idsini aldı = " + attr): null

2021-11-23 16:53:12 - [TEST_STEP][PASSED] - break: null

2021-11-23 16:53:12 - [TEST_STEP][PASSED] - countElement = baslikElement.findElements(By.xpath("../td")): Smart Wait Function is triggered

2021-11-23 16:53:12 - [MESSAGE][INFO] - Smart Wait Function is triggered

2021-11-23 16:53:12 - [TEST_STEP][PASSED] - for (def element : countElement): null

2021-11-23 16:53:12 - [TEST_STEP][PASSED] - if (toString().equals(attr.toString())): null

2021-11-23 16:53:12 - [TEST_STEP][PASSED] - (a++): null

2021-11-23 16:53:12 - [TEST_STEP][PASSED] - if (toString().equals(attr.toString())): null

2021-11-23 16:53:12 - [TEST_STEP][PASSED] - (a++): null

2021-11-23 16:53:12 - [TEST_STEP][PASSED] - if (toString().equals(attr.toString())): null

2021-11-23 16:53:12 - [TEST_STEP][PASSED] - (a++): null

2021-11-23 16:53:12 - [TEST_STEP][PASSED] - if (toString().equals(attr.toString())): null

2021-11-23 16:53:12 - [TEST_STEP][PASSED] - (a++): null

2021-11-23 16:53:12 - [TEST_STEP][PASSED] - if (toString().equals(attr.toString())): null

2021-11-23 16:53:12 - [TEST_STEP][PASSED] - (a++): null

2021-11-23 16:53:12 - [TEST_STEP][PASSED] - if (toString().equals(attr.toString())): null

2021-11-23 16:53:12 - [TEST_STEP][PASSED] - (a++): null

2021-11-23 16:53:12 - [TEST_STEP][PASSED] - if (toString().equals(attr.toString())): null

2021-11-23 16:53:12 - [TEST_STEP][PASSED] - (a++): null

2021-11-23 16:53:12 - [TEST_STEP][PASSED] - if (toString().equals(attr.toString())): null

2021-11-23 16:53:12 - [TEST_STEP][PASSED] - break: null

2021-11-23 16:53:12 - [TEST_STEP][PASSED] - son = findWebElement(findTestObject("Object Repository/Olusturma/Genel/Olusturma/EklenenSatir")).findElement(By.xpath("td[@class='dxgvInlineEditCell_LECustomTheme dxgv'][" + a + "]//td[@class='dxic']/input")): Smart Wait Function is triggered

2021-11-23 16:53:12 - [MESSAGE][INFO] - Finding Test Object 'Object Repository/Olusturma/Genel/Olusturma/EklenenSatir'

2021-11-23 16:53:13 - [MESSAGE][INFO] - Finding web element from Test Object's properties

2021-11-23 16:53:13 - [MESSAGE][INFO] - Checking timeout

2021-11-23 16:53:13 - [MESSAGE][INFO] - Finding web element with id: 'Object Repository/Olusturma/Genel/Olusturma/EklenenSatir' located by 'By.cssSelector: #divmalhizmet .dxgvInlineEditRow_LECustomTheme' in '30' second(s)

2021-11-23 16:53:13 - [MESSAGE][INFO] - Smart Wait Function is triggered

2021-11-23 16:53:13 - [MESSAGE][INFO] - Found 1 web elements with id: 'Object Repository/Olusturma/Genel/Olusturma/EklenenSatir' located by 'By.cssSelector: #divmalhizmet .dxgvInlineEditRow_LECustomTheme' in '30' second(s)

2021-11-23 16:53:13 - [MESSAGE][INFO] - Smart Wait Function is triggered

2021-11-23 16:53:13 - [TEST_STEP][PASSED] - if (!(getAttribute("value").contains("Vkn"))): null

2021-11-23 16:53:13 - [TEST_STEP][PASSED] - son.clear(): null

2021-11-23 16:53:13 - [TEST_STEP][PASSED] - son.sendKeys(Deger): null

2021-11-23 16:53:13 - [MESSAGE][PASSED] - Call Test Case 'Test Cases/Olusturma/Genel/Olusturma' successfully

2021-11-23 16:53:13 - [MESSAGE][INFO] - Checking called Test Case

2021-11-23 16:53:13 - [MESSAGE][INFO] - Starting to call Test Case 'Test Cases/Olusturma/Genel/NotGirilir'

2021-11-23 16:53:13 - [TEST_CASE][PASSED] - Test Cases/Olusturma/Genel/NotGirilir: Test Cases/Olusturma/Genel/NotGirilir

2021-11-23 16:53:13 - [TEST_STEP][PASSED] - i = 0: null

2021-11-23 16:53:13 - [TEST_STEP][PASSED] - waitForElementClickable(findTestObject("Olusturma/Genel/Not/Notlar"), 10): Object 'Object Repository/Olusturma/Genel/Not/Notlar' is clickable

2021-11-23 16:53:13 - [MESSAGE][INFO] - Finding Test Object 'Object Repository/Olusturma/Genel/Not/Notlar'

2021-11-23 16:53:14 - [MESSAGE][INFO] - Checking object

2021-11-23 16:53:14 - [MESSAGE][INFO] - Checking timeout

2021-11-23 16:53:14 - [MESSAGE][INFO] - Finding web element from Test Object's properties

2021-11-23 16:53:14 - [MESSAGE][INFO] - Checking timeout

2021-11-23 16:53:14 - [MESSAGE][INFO] - Finding web element with id: 'Object Repository/Olusturma/Genel/Not/Notlar' located by 'By.xpath: //*[@id = 'txtNote_I']' in '10' second(s)

2021-11-23 16:53:14 - [MESSAGE][INFO] - Smart Wait Function is triggered

2021-11-23 16:53:14 - [MESSAGE][INFO] - Found 1 web elements with id: 'Object Repository/Olusturma/Genel/Not/Notlar' located by 'By.xpath: //*[@id = 'txtNote_I']' in '10' second(s)

2021-11-23 16:53:14 - [MESSAGE][PASSED] - Object 'Object Repository/Olusturma/Genel/Not/Notlar' is clickable

2021-11-23 16:53:14 - [TEST_STEP][PASSED] - clearText(findTestObject("Olusturma/Genel/Not/Notlar")): Text of object 'Object Repository/Olusturma/Genel/Not/Notlar' is cleared

2021-11-23 16:53:14 - [MESSAGE][INFO] - Finding Test Object 'Object Repository/Olusturma/Genel/Not/Notlar'

2021-11-23 16:53:14 - [MESSAGE][INFO] - Checking object

2021-11-23 16:53:14 - [MESSAGE][INFO] - Finding web element from Test Object's properties

2021-11-23 16:53:14 - [MESSAGE][INFO] - Checking timeout

2021-11-23 16:53:14 - [MESSAGE][INFO] - Finding web element with id: 'Object Repository/Olusturma/Genel/Not/Notlar' located by 'By.xpath: //*[@id = 'txtNote_I']' in '30' second(s)

2021-11-23 16:53:14 - [MESSAGE][INFO] - Smart Wait Function is triggered

2021-11-23 16:53:14 - [MESSAGE][INFO] - Found 1 web elements with id: 'Object Repository/Olusturma/Genel/Not/Notlar' located by 'By.xpath: //*[@id = 'txtNote_I']' in '30' second(s)

2021-11-23 16:53:14 - [MESSAGE][INFO] - Clearing text of object 'Object Repository/Olusturma/Genel/Not/Notlar'

2021-11-23 16:53:14 - [MESSAGE][PASSED] - Text of object 'Object Repository/Olusturma/Genel/Not/Notlar' is cleared

2021-11-23 16:53:14 - [TEST_STEP][PASSED] - click(findTestObject("Olusturma/Genel/Not/Notlar")): Object: 'Object Repository/Olusturma/Genel/Not/Notlar' is clicked on

2021-11-23 16:53:14 - [MESSAGE][INFO] - Finding Test Object 'Object Repository/Olusturma/Genel/Not/Notlar'

2021-11-23 16:53:15 - [MESSAGE][INFO] - Checking object

2021-11-23 16:53:15 - [MESSAGE][INFO] - Finding web element from Test Object's properties

2021-11-23 16:53:15 - [MESSAGE][INFO] - Checking timeout

2021-11-23 16:53:15 - [MESSAGE][INFO] - Finding web element with id: 'Object Repository/Olusturma/Genel/Not/Notlar' located by 'By.xpath: //*[@id = 'txtNote_I']' in '30' second(s)

2021-11-23 16:53:15 - [MESSAGE][INFO] - Smart Wait Function is triggered

2021-11-23 16:53:15 - [MESSAGE][INFO] - Found 1 web elements with id: 'Object Repository/Olusturma/Genel/Not/Notlar' located by 'By.xpath: //*[@id = 'txtNote_I']' in '30' second(s)

2021-11-23 16:53:15 - [MESSAGE][INFO] - Clicking on object: 'Object Repository/Olusturma/Genel/Not/Notlar'

2021-11-23 16:53:15 - [MESSAGE][PASSED] - Object: 'Object Repository/Olusturma/Genel/Not/Notlar' is clicked on

2021-11-23 16:53:15 - [TEST_STEP][PASSED] - while (true): null

2021-11-23 16:53:15 - [TEST_STEP][PASSED] - delay(1): Delayed 1 second(s)

2021-11-23 16:53:15 - [MESSAGE][INFO] - Delaying browser in 1 second(s)

2021-11-23 16:53:16 - [MESSAGE][PASSED] - Delayed 1 second(s)

2021-11-23 16:53:16 - [TEST_STEP][PASSED] - ajaxIsComplete = executeJavaScript("return jQuery.active == 0", null): Execute JavaScript 'return jQuery.active == 0' successfully

2021-11-23 16:53:16 - [MESSAGE][PASSED] - Execute JavaScript 'return jQuery.active == 0' successfully

2021-11-23 16:53:16 - [TEST_STEP][PASSED] - if (ajaxIsComplete): null

2021-11-23 16:53:16 - [TEST_STEP][PASSED] - break: null

2021-11-23 16:53:16 - [TEST_STEP][PASSED] - sendKeys(findTestObject("Olusturma/Genel/Not/Notlar"), Not): Keys 'Otomasyon Not' sent to object: 'Object Repository/Olusturma/Genel/Not/Notlar'

2021-11-23 16:53:16 - [MESSAGE][INFO] - Finding Test Object 'Object Repository/Olusturma/Genel/Not/Notlar'

2021-11-23 16:53:16 - [MESSAGE][INFO] - Sending keys 'Otomasyon Not' to object: 'Object Repository/Olusturma/Genel/Not/Notlar'

2021-11-23 16:53:16 - [MESSAGE][INFO] - Finding web element from Test Object's properties

2021-11-23 16:53:16 - [MESSAGE][INFO] - Checking timeout

2021-11-23 16:53:16 - [MESSAGE][INFO] - Finding web element with id: 'Object Repository/Olusturma/Genel/Not/Notlar' located by 'By.xpath: //*[@id = 'txtNote_I']' in '30' second(s)

2021-11-23 16:53:16 - [MESSAGE][INFO] - Smart Wait Function is triggered

2021-11-23 16:53:16 - [MESSAGE][INFO] - Found 1 web elements with id: 'Object Repository/Olusturma/Genel/Not/Notlar' located by 'By.xpath: //*[@id = 'txtNote_I']' in '30' second(s)

2021-11-23 16:53:17 - [MESSAGE][PASSED] - Keys 'Otomasyon Not' sent to object: 'Object Repository/Olusturma/Genel/Not/Notlar'

2021-11-23 16:53:17 - [MESSAGE][PASSED] - Call Test Case 'Test Cases/Olusturma/Genel/NotGirilir' successfully

2021-11-23 16:53:17 - [MESSAGE][INFO] - Checking called Test Case

2021-11-23 16:53:17 - [MESSAGE][INFO] - Starting to call Test Case 'Test Cases/Olusturma/Genel/EttnBilgisiKayitEdilir'

2021-11-23 16:53:17 - [TEST_CASE][PASSED] - Test Cases/Olusturma/Genel/EttnBilgisiKayitEdilir: Test Cases/Olusturma/Genel/EttnBilgisiKayitEdilir

2021-11-23 16:53:17 - [TEST_STEP][PASSED] - verifyElementPresent(findTestObject("Object Repository/Olusturma/Genel/Olusturma/eArsivEttnBilgisi"), 7): Object 'Object Repository/Olusturma/Genel/Olusturma/eArsivEttnBilgisi' is present

2021-11-23 16:53:17 - [MESSAGE][INFO] - Finding Test Object 'Object Repository/Olusturma/Genel/Olusturma/eArsivEttnBilgisi'

2021-11-23 16:53:17 - [MESSAGE][INFO] - Checking object

2021-11-23 16:53:17 - [MESSAGE][INFO] - Finding web element from Test Object's properties

2021-11-23 16:53:17 - [MESSAGE][INFO] - Checking timeout

2021-11-23 16:53:17 - [MESSAGE][INFO] - Finding web element with id: 'Object Repository/Olusturma/Genel/Olusturma/eArsivEttnBilgisi' located by 'By.xpath: //*[@id = 'Uuid_I']' in '7' second(s)

2021-11-23 16:53:17 - [MESSAGE][INFO] - Smart Wait Function is triggered

2021-11-23 16:53:17 - [MESSAGE][INFO] - Found 1 web elements with id: 'Object Repository/Olusturma/Genel/Olusturma/eArsivEttnBilgisi' located by 'By.xpath: //*[@id = 'Uuid_I']' in '7' second(s)

2021-11-23 16:53:17 - [MESSAGE][PASSED] - Object 'Object Repository/Olusturma/Genel/Olusturma/eArsivEttnBilgisi' is present

2021-11-23 16:53:17 - [TEST_STEP][PASSED] - ettn = getAttribute(findTestObject("Object Repository/Olusturma/Genel/Olusturma/eArsivEttnBilgisi"), "value"): Attribute 'value' of object 'Object Repository/Olusturma/Genel/Olusturma/eArsivEttnBilgisi' is: 'f5c98cec-92db-4bf7-bc8e-6d81444954b1'

2021-11-23 16:53:17 - [MESSAGE][INFO] - Finding Test Object 'Object Repository/Olusturma/Genel/Olusturma/eArsivEttnBilgisi'

2021-11-23 16:53:17 - [MESSAGE][INFO] - Checking object

2021-11-23 16:53:17 - [MESSAGE][INFO] - Checking attribute

2021-11-23 16:53:17 - [MESSAGE][INFO] - Finding web element from Test Object's properties

2021-11-23 16:53:17 - [MESSAGE][INFO] - Checking timeout

2021-11-23 16:53:17 - [MESSAGE][INFO] - Finding web element with id: 'Object Repository/Olusturma/Genel/Olusturma/eArsivEttnBilgisi' located by 'By.xpath: //*[@id = 'Uuid_I']' in '30' second(s)

2021-11-23 16:53:17 - [MESSAGE][INFO] - Smart Wait Function is triggered

2021-11-23 16:53:17 - [MESSAGE][INFO] - Found 1 web elements with id: 'Object Repository/Olusturma/Genel/Olusturma/eArsivEttnBilgisi' located by 'By.xpath: //*[@id = 'Uuid_I']' in '30' second(s)

2021-11-23 16:53:17 - [MESSAGE][INFO] - Getting attribute 'value' of object 'Object Repository/Olusturma/Genel/Olusturma/eArsivEttnBilgisi'

2021-11-23 16:53:17 - [MESSAGE][PASSED] - Attribute 'value' of object 'Object Repository/Olusturma/Genel/Olusturma/eArsivEttnBilgisi' is: 'f5c98cec-92db-4bf7-bc8e-6d81444954b1'

2021-11-23 16:53:17 - [MESSAGE][PASSED] - Call Test Case 'Test Cases/Olusturma/Genel/EttnBilgisiKayitEdilir' successfully

2021-11-23 16:53:17 - [MESSAGE][INFO] - Checking called Test Case

2021-11-23 16:53:17 - [MESSAGE][INFO] - Starting to call Test Case 'Test Cases/Olusturma/Genel/KaydetButonunaTiklanir'

2021-11-23 16:53:17 - [TEST_CASE][PASSED] - Test Cases/Olusturma/Genel/KaydetButonunaTiklanir: Test Cases/Olusturma/Genel/KaydetButonunaTiklanir

2021-11-23 16:53:17 - [TEST_STEP][PASSED] - i = 0: null

2021-11-23 16:53:17 - [TEST_STEP][PASSED] - waitForElementPresent(findTestObject("Olusturma/Genel/Not/Notlar"), 10): Object 'Object Repository/Olusturma/Genel/Not/Notlar' is present

2021-11-23 16:53:17 - [MESSAGE][INFO] - Finding Test Object 'Object Repository/Olusturma/Genel/Not/Notlar'

2021-11-23 16:53:18 - [MESSAGE][INFO] - Checking object

2021-11-23 16:53:18 - [MESSAGE][INFO] - Finding web element from Test Object's properties

2021-11-23 16:53:18 - [MESSAGE][INFO] - Checking timeout

2021-11-23 16:53:18 - [MESSAGE][INFO] - Finding web element with id: 'Object Repository/Olusturma/Genel/Not/Notlar' located by 'By.xpath: //*[@id = 'txtNote_I']' in '10' second(s)

2021-11-23 16:53:18 - [MESSAGE][INFO] - Smart Wait Function is triggered

2021-11-23 16:53:18 - [MESSAGE][INFO] - Found 1 web elements with id: 'Object Repository/Olusturma/Genel/Not/Notlar' located by 'By.xpath: //*[@id = 'txtNote_I']' in '10' second(s)

2021-11-23 16:53:18 - [MESSAGE][PASSED] - Object 'Object Repository/Olusturma/Genel/Not/Notlar' is present

2021-11-23 16:53:18 - [TEST_STEP][PASSED] - click(findTestObject("Olusturma/Genel/Not/Notlar")): Object: 'Object Repository/Olusturma/Genel/Not/Notlar' is clicked on

2021-11-23 16:53:18 - [MESSAGE][INFO] - Finding Test Object 'Object Repository/Olusturma/Genel/Not/Notlar'

2021-11-23 16:53:18 - [MESSAGE][INFO] - Checking object

2021-11-23 16:53:18 - [MESSAGE][INFO] - Finding web element from Test Object's properties

2021-11-23 16:53:18 - [MESSAGE][INFO] - Checking timeout

2021-11-23 16:53:18 - [MESSAGE][INFO] - Finding web element with id: 'Object Repository/Olusturma/Genel/Not/Notlar' located by 'By.xpath: //*[@id = 'txtNote_I']' in '30' second(s)

2021-11-23 16:53:18 - [MESSAGE][INFO] - Smart Wait Function is triggered

2021-11-23 16:53:18 - [MESSAGE][INFO] - Found 1 web elements with id: 'Object Repository/Olusturma/Genel/Not/Notlar' located by 'By.xpath: //*[@id = 'txtNote_I']' in '30' second(s)

2021-11-23 16:53:18 - [MESSAGE][INFO] - Clicking on object: 'Object Repository/Olusturma/Genel/Not/Notlar'

2021-11-23 16:53:18 - [MESSAGE][PASSED] - Object: 'Object Repository/Olusturma/Genel/Not/Notlar' is clicked on

2021-11-23 16:53:18 - [TEST_STEP][PASSED] - while (true): null

2021-11-23 16:53:18 - [TEST_STEP][PASSED] - delay(1): Delayed 1 second(s)

2021-11-23 16:53:18 - [MESSAGE][INFO] - Delaying browser in 1 second(s)

2021-11-23 16:53:19 - [MESSAGE][PASSED] - Delayed 1 second(s)

2021-11-23 16:53:19 - [TEST_STEP][PASSED] - ajaxIsComplete = executeJavaScript("return jQuery.active == 0", null): Execute JavaScript 'return jQuery.active == 0' successfully

2021-11-23 16:53:19 - [MESSAGE][PASSED] - Execute JavaScript 'return jQuery.active == 0' successfully

2021-11-23 16:53:19 - [TEST_STEP][PASSED] - if (ajaxIsComplete): null

2021-11-23 16:53:19 - [TEST_STEP][PASSED] - break: null

2021-11-23 16:53:19 - [TEST_STEP][PASSED] - waitForElementClickable(findTestObject("Object Repository/Olusturma/Genel/Buton"), 10): Object 'Object Repository/Olusturma/Genel/Buton' is clickable

2021-11-23 16:53:19 - [MESSAGE][INFO] - Finding Test Object 'Object Repository/Olusturma/Genel/Buton'

2021-11-23 16:53:19 - [MESSAGE][INFO] - Checking object

2021-11-23 16:53:19 - [MESSAGE][INFO] - Checking timeout

2021-11-23 16:53:19 - [MESSAGE][INFO] - Finding web element from Test Object's properties

2021-11-23 16:53:19 - [MESSAGE][INFO] - Checking timeout

2021-11-23 16:53:19 - [MESSAGE][INFO] - Finding web element with id: 'Object Repository/Olusturma/Genel/Buton' located by 'By.xpath: //*[@id = 'btnKaydet']' in '10' second(s)

2021-11-23 16:53:19 - [MESSAGE][INFO] - Smart Wait Function is triggered

2021-11-23 16:53:20 - [MESSAGE][INFO] - Found 1 web elements with id: 'Object Repository/Olusturma/Genel/Buton' located by 'By.xpath: //*[@id = 'btnKaydet']' in '10' second(s)

2021-11-23 16:53:20 - [MESSAGE][PASSED] - Object 'Object Repository/Olusturma/Genel/Buton' is clickable

2021-11-23 16:53:20 - [TEST_STEP][PASSED] - click(findTestObject("Object Repository/Olusturma/Genel/Buton")): Object: 'Object Repository/Olusturma/Genel/Buton' is clicked on

2021-11-23 16:53:20 - [MESSAGE][INFO] - Finding Test Object 'Object Repository/Olusturma/Genel/Buton'

2021-11-23 16:53:20 - [MESSAGE][INFO] - Checking object

2021-11-23 16:53:20 - [MESSAGE][INFO] - Finding web element from Test Object's properties

2021-11-23 16:53:20 - [MESSAGE][INFO] - Checking timeout

2021-11-23 16:53:20 - [MESSAGE][INFO] - Finding web element with id: 'Object Repository/Olusturma/Genel/Buton' located by 'By.xpath: //*[@id = 'btnKaydet']' in '30' second(s)

2021-11-23 16:53:20 - [MESSAGE][INFO] - Smart Wait Function is triggered

2021-11-23 16:53:20 - [MESSAGE][INFO] - Found 1 web elements with id: 'Object Repository/Olusturma/Genel/Buton' located by 'By.xpath: //*[@id = 'btnKaydet']' in '30' second(s)

2021-11-23 16:53:20 - [MESSAGE][INFO] - Clicking on object: 'Object Repository/Olusturma/Genel/Buton'

2021-11-23 16:53:23 - [MESSAGE][PASSED] - Object: 'Object Repository/Olusturma/Genel/Buton' is clicked on

2021-11-23 16:53:24 - [MESSAGE][PASSED] - Call Test Case 'Test Cases/Olusturma/Genel/KaydetButonunaTiklanir' successfully

2021-11-23 16:53:24 - [MESSAGE][INFO] - Checking called Test Case

2021-11-23 16:53:24 - [MESSAGE][INFO] - Starting to call Test Case 'Test Cases/Tablo/TablodaEttnliVeriOlusturulduMu'

2021-11-23 16:53:24 - [TEST_CASE][PASSED] - Test Cases/Tablo/TablodaEttnliVeriOlusturulduMu: Test Cases/Tablo/TablodaEttnliVeriOlusturulduMu

2021-11-23 16:53:24 - [TEST_STEP][PASSED] - Method.TextDegerineEsitElementVarMi(findTestObject("Tablo/OlusturulanVeri"), ettn): Method.TextDegerineEsitElementVarMi is PASSED

2021-11-23 16:53:24 - [MESSAGE][INFO] - Finding Test Object 'Object Repository/Tablo/OlusturulanVeri'

2021-11-23 16:53:24 - [MESSAGE][INFO] - Checking timeout

2021-11-23 16:53:24 - [MESSAGE][INFO] - Finding web element with id: 'Object Repository/Tablo/OlusturulanVeri' located by 'By.cssSelector: table.dxgvTable_LECustomTheme>tbody>tr:nth-child(3)>td.dxgv b,table.dxgvTable_LECustomTheme>tbody>tr:nth-child(3)>td.dxgv' in '10' second(s)

2021-11-23 16:53:24 - [MESSAGE][INFO] - Smart Wait Function is triggered

2021-11-23 16:53:24 - [MESSAGE][INFO] - Found 14 web elements with id: 'Object Repository/Tablo/OlusturulanVeri' located by 'By.cssSelector: table.dxgvTable_LECustomTheme>tbody>tr:nth-child(3)>td.dxgv b,table.dxgvTable_LECustomTheme>tbody>tr:nth-child(3)>td.dxgv' in '10' second(s)

2021-11-23 16:53:24 - [MESSAGE][PASSED] - Method.TextDegerineEsitElementVarMi is PASSED

2021-11-23 16:53:24 - [MESSAGE][PASSED] - Call Test Case 'Test Cases/Tablo/TablodaEttnliVeriOlusturulduMu' successfully

2021-11-23 16:53:24 - [MESSAGE][INFO] - Checking called Test Case

2021-11-23 16:53:24 - [MESSAGE][INFO] - Starting to call Test Case 'Test Cases/Tablo/TablodanEttnliVeriSec'

2021-11-23 16:53:25 - [TEST_CASE][PASSED] - Test Cases/Tablo/TablodanEttnliVeriSec: Test Cases/Tablo/TablodanEttnliVeriSec

2021-11-23 16:53:25 - [TEST_STEP][PASSED] - Method.TextDegerineEsitElementinAltindakineTikla(findTestObject("Tablo/Veriler"), findTestObject("Tablo/VerininCheckBoxi"), ettn): Method.TextDegerineEsitElementinAltindakineTikla is PASSED

2021-11-23 16:53:25 - [MESSAGE][INFO] - Finding Test Object 'Object Repository/Tablo/Veriler'

2021-11-23 16:53:25 - [MESSAGE][INFO] - Finding Test Object 'Object Repository/Tablo/VerininCheckBoxi'

2021-11-23 16:53:25 - [MESSAGE][INFO] - Checking timeout

2021-11-23 16:53:25 - [MESSAGE][INFO] - Finding web element with id: 'Object Repository/Tablo/Veriler' located by 'By.cssSelector: td.dxgv b ,td.dxgv' in '10' second(s)

2021-11-23 16:53:25 - [MESSAGE][INFO] - Smart Wait Function is triggered

2021-11-23 16:53:25 - [MESSAGE][INFO] - Found 140 web elements with id: 'Object Repository/Tablo/Veriler' located by 'By.cssSelector: td.dxgv b ,td.dxgv' in '10' second(s)

2021-11-23 16:53:26 - [MESSAGE][INFO] - Smart Wait Function is triggered

2021-11-23 16:53:26 - [MESSAGE][PASSED] - Method.TextDegerineEsitElementinAltindakineTikla is PASSED

2021-11-23 16:53:26 - [MESSAGE][PASSED] - Call Test Case 'Test Cases/Tablo/TablodanEttnliVeriSec' successfully

2021-11-23 16:53:26 - [MESSAGE][INFO] - Checking called Test Case

2021-11-23 16:53:26 - [MESSAGE][INFO] - Starting to call Test Case 'Test Cases/Butonlar/ButonaTikla'

2021-11-23 16:53:26 - [TEST_CASE][PASSED] - Test Cases/Butonlar/ButonaTikla: Test Cases/Butonlar/ButonaTikla

2021-11-23 16:53:26 - [TEST_STEP][PASSED] - Method.TextDegerineEsitElementeTiklaEquals(findTestObject("Butonlar/Butonlar"), Buton_Adi): Method.TextDegerineEsitElementeTiklaEquals is PASSED

2021-11-23 16:53:26 - [MESSAGE][INFO] - Finding Test Object 'Object Repository/Butonlar/Butonlar'

2021-11-23 16:53:26 - [MESSAGE][INFO] - Checking timeout

2021-11-23 16:53:26 - [MESSAGE][INFO] - Finding web element with id: 'Object Repository/Butonlar/Butonlar' located by 'By.cssSelector: .panel.panel-default.text-center.footerPanel .btn,.btn.btn-primary.btnControls' in '10' second(s)

2021-11-23 16:53:26 - [MESSAGE][INFO] - Smart Wait Function is triggered

2021-11-23 16:53:26 - [MESSAGE][INFO] - Found 9 web elements with id: 'Object Repository/Butonlar/Butonlar' located by 'By.cssSelector: .panel.panel-default.text-center.footerPanel .btn,.btn.btn-primary.btnControls' in '10' second(s)

2021-11-23 16:53:27 - [MESSAGE][PASSED] - Method.TextDegerineEsitElementeTiklaEquals is PASSED

2021-11-23 16:53:27 - [MESSAGE][PASSED] - Call Test Case 'Test Cases/Butonlar/ButonaTikla' successfully

2021-11-23 16:53:27 - [MESSAGE][INFO] - Checking called Test Case

2021-11-23 16:53:27 - [MESSAGE][INFO] - Starting to call Test Case 'Test Cases/Popup/PopupMesajiIceriyorMu'

2021-11-23 16:53:27 - [TEST_CASE][PASSED] - Test Cases/Popup/PopupMesajiIceriyorMu: Test Cases/Popup/PopupMesajiIceriyorMu

2021-11-23 16:53:27 - [TEST_STEP][PASSED] - waitForElementVisible(findTestObject("Popup/Popup"), 10): Object 'Object Repository/Popup/Popup' is visible

2021-11-23 16:53:27 - [MESSAGE][INFO] - Finding Test Object 'Object Repository/Popup/Popup'

2021-11-23 16:53:27 - [MESSAGE][INFO] - Checking object

2021-11-23 16:53:27 - [MESSAGE][INFO] - Checking timeout

2021-11-23 16:53:27 - [MESSAGE][INFO] - Finding web element from Test Object's properties

2021-11-23 16:53:27 - [MESSAGE][INFO] - Checking timeout

2021-11-23 16:53:27 - [MESSAGE][INFO] - Finding web element with id: 'Object Repository/Popup/Popup' located by 'By.cssSelector: .bootbox-body' in '10' second(s)

2021-11-23 16:53:27 - [MESSAGE][INFO] - Smart Wait Function is triggered

2021-11-23 16:53:28 - [MESSAGE][INFO] - Found 1 web elements with id: 'Object Repository/Popup/Popup' located by 'By.cssSelector: .bootbox-body' in '10' second(s)

2021-11-23 16:53:28 - [MESSAGE][PASSED] - Object 'Object Repository/Popup/Popup' is visible

2021-11-23 16:53:28 - [TEST_STEP][PASSED] - if (!(getText(findTestObject("Popup/Popup")).contains(Mesaj))): Text of object 'Object Repository/Popup/Popup' is: 'Oluşturulacak fatura numarası : INT2021000000122 Fatura numarası oluşturulduktan sonra fatura silinemez. Fatura numarası, tarihi ve ön eki değiştirilemez. Devam etmek istiyor musunuz?'

2021-11-23 16:53:28 - [MESSAGE][INFO] - Finding Test Object 'Object Repository/Popup/Popup'

2021-11-23 16:53:28 - [MESSAGE][INFO] - Checking object

2021-11-23 16:53:28 - [MESSAGE][INFO] - Finding web element from Test Object's properties

2021-11-23 16:53:28 - [MESSAGE][INFO] - Checking timeout

2021-11-23 16:53:28 - [MESSAGE][INFO] - Finding web element with id: 'Object Repository/Popup/Popup' located by 'By.cssSelector: .bootbox-body' in '30' second(s)

2021-11-23 16:53:28 - [MESSAGE][INFO] - Smart Wait Function is triggered

2021-11-23 16:53:28 - [MESSAGE][INFO] - Found 1 web elements with id: 'Object Repository/Popup/Popup' located by 'By.cssSelector: .bootbox-body' in '30' second(s)

2021-11-23 16:53:28 - [MESSAGE][INFO] - Getting text of object 'Object Repository/Popup/Popup'

2021-11-23 16:53:28 - [MESSAGE][PASSED] - Text of object 'Object Repository/Popup/Popup' is: 'Oluşturulacak fatura numarası : INT2021000000122 Fatura numarası oluşturulduktan sonra fatura silinemez. Fatura numarası, tarihi ve ön eki değiştirilemez. Devam etmek istiyor musunuz?'

2021-11-23 16:53:28 - [TEST_STEP][PASSED] - RaporNo = getText(findTestObject("Popup/Popup")).substring(0, 6): Text of object 'Object Repository/Popup/Popup' is: 'Oluşturulacak fatura numarası : INT2021000000122 Fatura numarası oluşturulduktan sonra fatura silinemez. Fatura numarası, tarihi ve ön eki değiştirilemez. Devam etmek istiyor musunuz?'

2021-11-23 16:53:28 - [MESSAGE][INFO] - Finding Test Object 'Object Repository/Popup/Popup'

2021-11-23 16:53:29 - [MESSAGE][INFO] - Checking object

2021-11-23 16:53:29 - [MESSAGE][INFO] - Finding web element from Test Object's properties

2021-11-23 16:53:29 - [MESSAGE][INFO] - Checking timeout

2021-11-23 16:53:29 - [MESSAGE][INFO] - Finding web element with id: 'Object Repository/Popup/Popup' located by 'By.cssSelector: .bootbox-body' in '30' second(s)

2021-11-23 16:53:29 - [MESSAGE][INFO] - Smart Wait Function is triggered

2021-11-23 16:53:29 - [MESSAGE][INFO] - Found 1 web elements with id: 'Object Repository/Popup/Popup' located by 'By.cssSelector: .bootbox-body' in '30' second(s)

2021-11-23 16:53:29 - [MESSAGE][INFO] - Getting text of object 'Object Repository/Popup/Popup'

2021-11-23 16:53:29 - [MESSAGE][PASSED] - Text of object 'Object Repository/Popup/Popup' is: 'Oluşturulacak fatura numarası : INT2021000000122 Fatura numarası oluşturulduktan sonra fatura silinemez. Fatura numarası, tarihi ve ön eki değiştirilemez. Devam etmek istiyor musunuz?'

2021-11-23 16:53:29 - [TEST_STEP][PASSED] - Console.println(RaporNo): null

2021-11-23 16:53:29 - [MESSAGE][PASSED] - Call Test Case 'Test Cases/Popup/PopupMesajiIceriyorMu' successfully

2021-11-23 16:53:29 - [MESSAGE][INFO] - Checking called Test Case

2021-11-23 16:53:29 - [MESSAGE][INFO] - Starting to call Test Case 'Test Cases/Popup/PopupButonSecilir'

2021-11-23 16:53:29 - [TEST_CASE][PASSED] - Test Cases/Popup/PopupButonSecilir: Test Cases/Popup/PopupButonSecilir

2021-11-23 16:53:29 - [TEST_STEP][PASSED] - Method.TextDegerineEsitElementeTikla(findTestObject("Popup/Popup_Butons"), Buton): Method.TextDegerineEsitElementeTikla is PASSED

2021-11-23 16:53:29 - [MESSAGE][INFO] - Finding Test Object 'Object Repository/Popup/Popup_Butons'

2021-11-23 16:53:29 - [MESSAGE][INFO] - Checking timeout

2021-11-23 16:53:29 - [MESSAGE][INFO] - Finding web element with id: 'Object Repository/Popup/Popup_Butons' located by 'By.cssSelector: .modal-footer>button' in '10' second(s)

2021-11-23 16:53:29 - [MESSAGE][INFO] - Smart Wait Function is triggered

2021-11-23 16:53:29 - [MESSAGE][INFO] - Found 2 web elements with id: 'Object Repository/Popup/Popup_Butons' located by 'By.cssSelector: .modal-footer>button' in '10' second(s)

2021-11-23 16:53:30 - [MESSAGE][PASSED] - Method.TextDegerineEsitElementeTikla is PASSED

2021-11-23 16:53:30 - [MESSAGE][PASSED] - Call Test Case 'Test Cases/Popup/PopupButonSecilir' successfully

2021-11-23 16:53:30 - [MESSAGE][INFO] - Checking called Test Case

2021-11-23 16:53:30 - [MESSAGE][INFO] - Starting to call Test Case 'Test Cases/Popup/PopupMesajiIceriyorMu'

2021-11-23 16:53:30 - [TEST_CASE][PASSED] - Test Cases/Popup/PopupMesajiIceriyorMu: Test Cases/Popup/PopupMesajiIceriyorMu

2021-11-23 16:53:30 - [TEST_STEP][PASSED] - waitForElementVisible(findTestObject("Popup/Popup"), 10): Object 'Object Repository/Popup/Popup' is visible

2021-11-23 16:53:30 - [MESSAGE][INFO] - Finding Test Object 'Object Repository/Popup/Popup'

2021-11-23 16:53:30 - [MESSAGE][INFO] - Checking object

2021-11-23 16:53:30 - [MESSAGE][INFO] - Checking timeout

2021-11-23 16:53:30 - [MESSAGE][INFO] - Finding web element from Test Object's properties

2021-11-23 16:53:30 - [MESSAGE][INFO] - Checking timeout

2021-11-23 16:53:30 - [MESSAGE][INFO] - Finding web element with id: 'Object Repository/Popup/Popup' located by 'By.cssSelector: .bootbox-body' in '10' second(s)

2021-11-23 16:53:30 - [MESSAGE][INFO] - Smart Wait Function is triggered

2021-11-23 16:53:30 - [MESSAGE][INFO] - Found 1 web elements with id: 'Object Repository/Popup/Popup' located by 'By.cssSelector: .bootbox-body' in '10' second(s)

2021-11-23 16:53:30 - [MESSAGE][PASSED] - Object 'Object Repository/Popup/Popup' is visible

2021-11-23 16:53:30 - [TEST_STEP][PASSED] - if (!(getText(findTestObject("Popup/Popup")).contains(Mesaj))): Text of object 'Object Repository/Popup/Popup' is: 'Fatura numaranız INT2021000000122 olarak oluşmuştur.'

2021-11-23 16:53:30 - [MESSAGE][INFO] - Finding Test Object 'Object Repository/Popup/Popup'

2021-11-23 16:53:31 - [MESSAGE][INFO] - Checking object

2021-11-23 16:53:31 - [MESSAGE][INFO] - Finding web element from Test Object's properties

2021-11-23 16:53:31 - [MESSAGE][INFO] - Checking timeout

2021-11-23 16:53:31 - [MESSAGE][INFO] - Finding web element with id: 'Object Repository/Popup/Popup' located by 'By.cssSelector: .bootbox-body' in '30' second(s)

2021-11-23 16:53:31 - [MESSAGE][INFO] - Smart Wait Function is triggered

2021-11-23 16:53:31 - [MESSAGE][INFO] - Found 1 web elements with id: 'Object Repository/Popup/Popup' located by 'By.cssSelector: .bootbox-body' in '30' second(s)

2021-11-23 16:53:31 - [MESSAGE][INFO] - Getting text of object 'Object Repository/Popup/Popup'

2021-11-23 16:53:31 - [MESSAGE][PASSED] - Text of object 'Object Repository/Popup/Popup' is: 'Fatura numaranız INT2021000000122 olarak oluşmuştur.'

2021-11-23 16:53:31 - [TEST_STEP][PASSED] - RaporNo = getText(findTestObject("Popup/Popup")).substring(0, 6): Text of object 'Object Repository/Popup/Popup' is: 'Fatura numaranız INT2021000000122 olarak oluşmuştur.'

2021-11-23 16:53:31 - [MESSAGE][INFO] - Finding Test Object 'Object Repository/Popup/Popup'

2021-11-23 16:53:31 - [MESSAGE][INFO] - Checking object

2021-11-23 16:53:31 - [MESSAGE][INFO] - Finding web element from Test Object's properties

2021-11-23 16:53:31 - [MESSAGE][INFO] - Checking timeout

2021-11-23 16:53:31 - [MESSAGE][INFO] - Finding web element with id: 'Object Repository/Popup/Popup' located by 'By.cssSelector: .bootbox-body' in '30' second(s)

2021-11-23 16:53:31 - [MESSAGE][INFO] - Smart Wait Function is triggered

2021-11-23 16:53:31 - [MESSAGE][INFO] - Found 1 web elements with id: 'Object Repository/Popup/Popup' located by 'By.cssSelector: .bootbox-body' in '30' second(s)

2021-11-23 16:53:31 - [MESSAGE][INFO] - Getting text of object 'Object Repository/Popup/Popup'

2021-11-23 16:53:31 - [MESSAGE][PASSED] - Text of object 'Object Repository/Popup/Popup' is: 'Fatura numaranız INT2021000000122 olarak oluşmuştur.'

2021-11-23 16:53:31 - [TEST_STEP][PASSED] - Console.println(RaporNo): null

2021-11-23 16:53:31 - [MESSAGE][PASSED] - Call Test Case 'Test Cases/Popup/PopupMesajiIceriyorMu' successfully

2021-11-23 16:53:31 - [MESSAGE][INFO] - Checking called Test Case

2021-11-23 16:53:31 - [MESSAGE][INFO] - Starting to call Test Case 'Test Cases/Popup/PopupButonSecilir'

2021-11-23 16:53:31 - [TEST_CASE][PASSED] - Test Cases/Popup/PopupButonSecilir: Test Cases/Popup/PopupButonSecilir

2021-11-23 16:53:31 - [TEST_STEP][PASSED] - Method.TextDegerineEsitElementeTikla(findTestObject("Popup/Popup_Butons"), Buton): Method.TextDegerineEsitElementeTikla is PASSED

2021-11-23 16:53:31 - [MESSAGE][INFO] - Finding Test Object 'Object Repository/Popup/Popup_Butons'

2021-11-23 16:53:31 - [MESSAGE][INFO] - Checking timeout

2021-11-23 16:53:31 - [MESSAGE][INFO] - Finding web element with id: 'Object Repository/Popup/Popup_Butons' located by 'By.cssSelector: .modal-footer>button' in '10' second(s)

2021-11-23 16:53:31 - [MESSAGE][INFO] - Smart Wait Function is triggered

2021-11-23 16:53:32 - [MESSAGE][INFO] - Found 1 web elements with id: 'Object Repository/Popup/Popup_Butons' located by 'By.cssSelector: .modal-footer>button' in '10' second(s)

2021-11-23 16:53:32 - [MESSAGE][PASSED] - Method.TextDegerineEsitElementeTikla is PASSED

2021-11-23 16:53:32 - [MESSAGE][PASSED] - Call Test Case 'Test Cases/Popup/PopupButonSecilir' successfully

2021-11-23 16:53:32 - [MESSAGE][INFO] - Checking called Test Case

2021-11-23 16:53:32 - [MESSAGE][INFO] - Starting to call Test Case 'Test Cases/Tablo/TablodanEttnliVeriSec'

2021-11-23 16:53:32 - [TEST_CASE][PASSED] - Test Cases/Tablo/TablodanEttnliVeriSec: Test Cases/Tablo/TablodanEttnliVeriSec

2021-11-23 16:53:32 - [TEST_STEP][PASSED] - Method.TextDegerineEsitElementinAltindakineTikla(findTestObject("Tablo/Veriler"), findTestObject("Tablo/VerininCheckBoxi"), ettn): Method.TextDegerineEsitElementinAltindakineTikla is PASSED

2021-11-23 16:53:32 - [MESSAGE][INFO] - Finding Test Object 'Object Repository/Tablo/Veriler'

2021-11-23 16:53:32 - [MESSAGE][INFO] - Finding Test Object 'Object Repository/Tablo/VerininCheckBoxi'

2021-11-23 16:53:32 - [MESSAGE][INFO] - Checking timeout

2021-11-23 16:53:32 - [MESSAGE][INFO] - Finding web element with id: 'Object Repository/Tablo/Veriler' located by 'By.cssSelector: td.dxgv b ,td.dxgv' in '10' second(s)

2021-11-23 16:53:32 - [MESSAGE][INFO] - Smart Wait Function is triggered

2021-11-23 16:53:33 - [MESSAGE][INFO] - Found 140 web elements with id: 'Object Repository/Tablo/Veriler' located by 'By.cssSelector: td.dxgv b ,td.dxgv' in '10' second(s)

2021-11-23 16:53:33 - [MESSAGE][INFO] - Smart Wait Function is triggered

2021-11-23 16:53:33 - [MESSAGE][PASSED] - Method.TextDegerineEsitElementinAltindakineTikla is PASSED

2021-11-23 16:53:33 - [MESSAGE][PASSED] - Call Test Case 'Test Cases/Tablo/TablodanEttnliVeriSec' successfully

2021-11-23 16:53:33 - [MESSAGE][INFO] - Checking called Test Case

2021-11-23 16:53:33 - [MESSAGE][INFO] - Starting to call Test Case 'Test Cases/Butonlar/ButonaTikla'

2021-11-23 16:53:33 - [TEST_CASE][PASSED] - Test Cases/Butonlar/ButonaTikla: Test Cases/Butonlar/ButonaTikla

2021-11-23 16:53:33 - [TEST_STEP][PASSED] - Method.TextDegerineEsitElementeTiklaEquals(findTestObject("Butonlar/Butonlar"), Buton_Adi): Method.TextDegerineEsitElementeTiklaEquals is PASSED

2021-11-23 16:53:33 - [MESSAGE][INFO] - Finding Test Object 'Object Repository/Butonlar/Butonlar'

2021-11-23 16:53:33 - [MESSAGE][INFO] - Checking timeout

2021-11-23 16:53:33 - [MESSAGE][INFO] - Finding web element with id: 'Object Repository/Butonlar/Butonlar' located by 'By.cssSelector: .panel.panel-default.text-center.footerPanel .btn,.btn.btn-primary.btnControls' in '10' second(s)

2021-11-23 16:53:33 - [MESSAGE][INFO] - Smart Wait Function is triggered

2021-11-23 16:53:34 - [MESSAGE][INFO] - Found 9 web elements with id: 'Object Repository/Butonlar/Butonlar' located by 'By.cssSelector: .panel.panel-default.text-center.footerPanel .btn,.btn.btn-primary.btnControls' in '10' second(s)

2021-11-23 16:53:34 - [MESSAGE][PASSED] - Method.TextDegerineEsitElementeTiklaEquals is PASSED

2021-11-23 16:53:34 - [MESSAGE][PASSED] - Call Test Case 'Test Cases/Butonlar/ButonaTikla' successfully

2021-11-23 16:53:34 - [MESSAGE][INFO] - Checking called Test Case

2021-11-23 16:53:34 - [MESSAGE][INFO] - Starting to call Test Case 'Test Cases/Popup/PopupMesajiIceriyorMu'

2021-11-23 16:53:35 - [TEST_CASE][PASSED] - Test Cases/Popup/PopupMesajiIceriyorMu: Test Cases/Popup/PopupMesajiIceriyorMu

2021-11-23 16:53:35 - [TEST_STEP][PASSED] - waitForElementVisible(findTestObject("Popup/Popup"), 10): Object 'Object Repository/Popup/Popup' is visible

2021-11-23 16:53:35 - [MESSAGE][INFO] - Finding Test Object 'Object Repository/Popup/Popup'

2021-11-23 16:53:35 - [MESSAGE][INFO] - Checking object

2021-11-23 16:53:35 - [MESSAGE][INFO] - Checking timeout

2021-11-23 16:53:35 - [MESSAGE][INFO] - Finding web element from Test Object's properties

2021-11-23 16:53:35 - [MESSAGE][INFO] - Checking timeout

2021-11-23 16:53:35 - [MESSAGE][INFO] - Finding web element with id: 'Object Repository/Popup/Popup' located by 'By.cssSelector: .bootbox-body' in '10' second(s)

2021-11-23 16:53:35 - [MESSAGE][INFO] - Smart Wait Function is triggered

2021-11-23 16:53:35 - [MESSAGE][INFO] - Found 1 web elements with id: 'Object Repository/Popup/Popup' located by 'By.cssSelector: .bootbox-body' in '10' second(s)

2021-11-23 16:53:35 - [MESSAGE][PASSED] - Object 'Object Repository/Popup/Popup' is visible

2021-11-23 16:53:35 - [TEST_STEP][PASSED] - if (!(getText(findTestObject("Popup/Popup")).contains(Mesaj))): Text of object 'Object Repository/Popup/Popup' is: 'Seçilen faturalarınız onaylanacaktır. Onaylanan faturalar üzerinde değişiklik yapılamaz. Devam etmek istiyor musunuz?'

2021-11-23 16:53:35 - [MESSAGE][INFO] - Finding Test Object 'Object Repository/Popup/Popup'

2021-11-23 16:53:35 - [MESSAGE][INFO] - Checking object

2021-11-23 16:53:35 - [MESSAGE][INFO] - Finding web element from Test Object's properties

2021-11-23 16:53:35 - [MESSAGE][INFO] - Checking timeout

2021-11-23 16:53:35 - [MESSAGE][INFO] - Finding web element with id: 'Object Repository/Popup/Popup' located by 'By.cssSelector: .bootbox-body' in '30' second(s)

2021-11-23 16:53:35 - [MESSAGE][INFO] - Smart Wait Function is triggered

2021-11-23 16:53:35 - [MESSAGE][INFO] - Found 1 web elements with id: 'Object Repository/Popup/Popup' located by 'By.cssSelector: .bootbox-body' in '30' second(s)

2021-11-23 16:53:35 - [MESSAGE][INFO] - Getting text of object 'Object Repository/Popup/Popup'

2021-11-23 16:53:35 - [MESSAGE][PASSED] - Text of object 'Object Repository/Popup/Popup' is: 'Seçilen faturalarınız onaylanacaktır. Onaylanan faturalar üzerinde değişiklik yapılamaz. Devam etmek istiyor musunuz?'

2021-11-23 16:53:35 - [TEST_STEP][PASSED] - RaporNo = getText(findTestObject("Popup/Popup")).substring(0, 6): Text of object 'Object Repository/Popup/Popup' is: 'Seçilen faturalarınız onaylanacaktır. Onaylanan faturalar üzerinde değişiklik yapılamaz. Devam etmek istiyor musunuz?'

2021-11-23 16:53:35 - [MESSAGE][INFO] - Finding Test Object 'Object Repository/Popup/Popup'

2021-11-23 16:53:35 - [MESSAGE][INFO] - Checking object

2021-11-23 16:53:35 - [MESSAGE][INFO] - Finding web element from Test Object's properties

2021-11-23 16:53:35 - [MESSAGE][INFO] - Checking timeout

2021-11-23 16:53:35 - [MESSAGE][INFO] - Finding web element with id: 'Object Repository/Popup/Popup' located by 'By.cssSelector: .bootbox-body' in '30' second(s)

2021-11-23 16:53:35 - [MESSAGE][INFO] - Smart Wait Function is triggered

2021-11-23 16:53:36 - [MESSAGE][INFO] - Found 1 web elements with id: 'Object Repository/Popup/Popup' located by 'By.cssSelector: .bootbox-body' in '30' second(s)

2021-11-23 16:53:36 - [MESSAGE][INFO] - Getting text of object 'Object Repository/Popup/Popup'

2021-11-23 16:53:36 - [MESSAGE][PASSED] - Text of object 'Object Repository/Popup/Popup' is: 'Seçilen faturalarınız onaylanacaktır. Onaylanan faturalar üzerinde değişiklik yapılamaz. Devam etmek istiyor musunuz?'

2021-11-23 16:53:36 - [TEST_STEP][PASSED] - Console.println(RaporNo): null

2021-11-23 16:53:36 - [MESSAGE][PASSED] - Call Test Case 'Test Cases/Popup/PopupMesajiIceriyorMu' successfully

2021-11-23 16:53:36 - [MESSAGE][INFO] - Checking called Test Case

2021-11-23 16:53:36 - [MESSAGE][INFO] - Starting to call Test Case 'Test Cases/Popup/PopupButonSecilir'

2021-11-23 16:53:36 - [TEST_CASE][PASSED] - Test Cases/Popup/PopupButonSecilir: Test Cases/Popup/PopupButonSecilir

2021-11-23 16:53:36 - [TEST_STEP][PASSED] - Method.TextDegerineEsitElementeTikla(findTestObject("Popup/Popup_Butons"), Buton): Method.TextDegerineEsitElementeTikla is PASSED

2021-11-23 16:53:36 - [MESSAGE][INFO] - Finding Test Object 'Object Repository/Popup/Popup_Butons'

2021-11-23 16:53:36 - [MESSAGE][INFO] - Checking timeout

2021-11-23 16:53:36 - [MESSAGE][INFO] - Finding web element with id: 'Object Repository/Popup/Popup_Butons' located by 'By.cssSelector: .modal-footer>button' in '10' second(s)

2021-11-23 16:53:36 - [MESSAGE][INFO] - Smart Wait Function is triggered

2021-11-23 16:53:36 - [MESSAGE][INFO] - Found 2 web elements with id: 'Object Repository/Popup/Popup_Butons' located by 'By.cssSelector: .modal-footer>button' in '10' second(s)

2021-11-23 16:53:36 - [MESSAGE][PASSED] - Method.TextDegerineEsitElementeTikla is PASSED

2021-11-23 16:53:36 - [MESSAGE][PASSED] - Call Test Case 'Test Cases/Popup/PopupButonSecilir' successfully

2021-11-23 16:53:36 - [MESSAGE][INFO] - Checking called Test Case

2021-11-23 16:53:36 - [MESSAGE][INFO] - Starting to call Test Case 'Test Cases/Menu/AnaMenuSecimi'

2021-11-23 16:53:36 - [TEST_CASE][PASSED] - Test Cases/Menu/AnaMenuSecimi: Test Cases/Menu/AnaMenuSecimi

2021-11-23 16:53:36 - [TEST_STEP][PASSED] - Method.TextDegerineEsitElementeTikla(findTestObject("Menu/Ana_Menu"), Ana_Menu): Method.TextDegerineEsitElementeTikla is PASSED

2021-11-23 16:53:36 - [MESSAGE][INFO] - Finding Test Object 'Object Repository/Menu/Ana_Menu'

2021-11-23 16:53:36 - [MESSAGE][INFO] - Checking timeout

2021-11-23 16:53:36 - [MESSAGE][INFO] - Finding web element with id: 'Object Repository/Menu/Ana_Menu' located by 'By.xpath: //*[@class = 'dropdown-toggle']' in '10' second(s)

2021-11-23 16:53:36 - [MESSAGE][INFO] - Smart Wait Function is triggered

2021-11-23 16:53:38 - [MESSAGE][INFO] - Found 14 web elements with id: 'Object Repository/Menu/Ana_Menu' located by 'By.xpath: //*[@class = 'dropdown-toggle']' in '10' second(s)

2021-11-23 16:53:38 - [MESSAGE][PASSED] - Method.TextDegerineEsitElementeTikla is PASSED

2021-11-23 16:53:38 - [MESSAGE][PASSED] - Call Test Case 'Test Cases/Menu/AnaMenuSecimi' successfully

2021-11-23 16:53:38 - [MESSAGE][INFO] - Checking called Test Case

2021-11-23 16:53:38 - [MESSAGE][INFO] - Starting to call Test Case 'Test Cases/Menu/BasligaGoreAltMenuSecimi'

2021-11-23 16:53:38 - [TEST_CASE][PASSED] - Test Cases/Menu/BasligaGoreAltMenuSecimi: Test Cases/Menu/BasligaGoreAltMenuSecimi

2021-11-23 16:53:38 - [TEST_STEP][PASSED] - Method.TextDegerineEsitElementinAltindakiTextDegerineEsitOlanaTikla(findTestObject("Menu/Menu_Basligi"), findTestObject("Menu/Basliga_Gore_Alt_Menu"), Baslik, Alt_Menu): Method.TextDegerineEsitElementinAltindakiTextDegerineEsitOlanaTikla is PASSED

2021-11-23 16:53:38 - [MESSAGE][INFO] - Finding Test Object 'Object Repository/Menu/Menu_Basligi'

2021-11-23 16:53:38 - [MESSAGE][INFO] - Finding Test Object 'Object Repository/Menu/Basliga_Gore_Alt_Menu'

2021-11-23 16:53:38 - [MESSAGE][INFO] - Checking timeout

2021-11-23 16:53:38 - [MESSAGE][INFO] - Finding web element with id: 'Object Repository/Menu/Menu_Basligi' located by 'By.xpath: //li[@class='dropdown dropdown-large open']//li[@class='dropdown-header']' in '10' second(s)

2021-11-23 16:53:38 - [MESSAGE][INFO] - Smart Wait Function is triggered

2021-11-23 16:53:38 - [MESSAGE][INFO] - Found 2 web elements with id: 'Object Repository/Menu/Menu_Basligi' located by 'By.xpath: //li[@class='dropdown dropdown-large open']//li[@class='dropdown-header']' in '10' second(s)

2021-11-23 16:53:38 - [MESSAGE][INFO] - Smart Wait Function is triggered

2021-11-23 16:53:40 - [MESSAGE][PASSED] - Method.TextDegerineEsitElementinAltindakiTextDegerineEsitOlanaTikla is PASSED

2021-11-23 16:53:40 - [MESSAGE][PASSED] - Call Test Case 'Test Cases/Menu/BasligaGoreAltMenuSecimi' successfully

2021-11-23 16:53:40 - [MESSAGE][INFO] - Checking called Test Case

2021-11-23 16:53:40 - [MESSAGE][INFO] - Starting to call Test Case 'Test Cases/Filtreler/EttnYaz'

2021-11-23 16:53:40 - [TEST_CASE][PASSED] - Test Cases/Filtreler/EttnYaz: Test Cases/Filtreler/EttnYaz

2021-11-23 16:53:40 - [TEST_STEP][PASSED] - Method.TextDegerineEsitElementinAltindakiTextboxtaYaz(findTestObject("Filtreler/Basliklar"), findTestObject("Filtreler/Basliga_Gore_Textbox"), "ETTN", ettn): Method.TextDegerineEsitElementinAltindakiTextboxtaYaz is PASSED

2021-11-23 16:53:40 - [MESSAGE][INFO] - Finding Test Object 'Object Repository/Filtreler/Basliklar'

2021-11-23 16:53:40 - [MESSAGE][INFO] - Finding Test Object 'Object Repository/Filtreler/Basliga_Gore_Textbox'

2021-11-23 16:53:40 - [MESSAGE][INFO] - Checking timeout

2021-11-23 16:53:40 - [MESSAGE][INFO] - Finding web element with id: 'Object Repository/Filtreler/Basliklar' located by 'By.cssSelector: .control-label.col-sm-4.paddingMarginRLC' in '10' second(s)

2021-11-23 16:53:40 - [MESSAGE][INFO] - Smart Wait Function is triggered

2021-11-23 16:53:40 - [MESSAGE][INFO] - Found 19 web elements with id: 'Object Repository/Filtreler/Basliklar' located by 'By.cssSelector: .control-label.col-sm-4.paddingMarginRLC' in '10' second(s)

2021-11-23 16:53:40 - [MESSAGE][INFO] - Smart Wait Function is triggered

2021-11-23 16:53:41 - [MESSAGE][PASSED] - Method.TextDegerineEsitElementinAltindakiTextboxtaYaz is PASSED

2021-11-23 16:53:41 - [MESSAGE][PASSED] - Call Test Case 'Test Cases/Filtreler/EttnYaz' successfully

2021-11-23 16:53:41 - [MESSAGE][INFO] - Checking called Test Case

2021-11-23 16:53:41 - [MESSAGE][INFO] - Starting to call Test Case 'Test Cases/Filtreler/ButonaTikla'

2021-11-23 16:53:41 - [TEST_CASE][PASSED] - Test Cases/Filtreler/ButonaTikla: Test Cases/Filtreler/ButonaTikla

2021-11-23 16:53:41 - [TEST_STEP][PASSED] - Method.TextDegerineEsitElementeTikla(findTestObject("Filtreler/Butonlar"), Filtre_Buton): Method.TextDegerineEsitElementeTikla is PASSED

2021-11-23 16:53:41 - [MESSAGE][INFO] - Finding Test Object 'Object Repository/Filtreler/Butonlar'

2021-11-23 16:53:41 - [MESSAGE][INFO] - Checking timeout

2021-11-23 16:53:41 - [MESSAGE][INFO] - Finding web element with id: 'Object Repository/Filtreler/Butonlar' located by 'By.cssSelector: .dxb>span' in '10' second(s)

2021-11-23 16:53:41 - [MESSAGE][INFO] - Smart Wait Function is triggered

2021-11-23 16:53:41 - [MESSAGE][INFO] - Found 3 web elements with id: 'Object Repository/Filtreler/Butonlar' located by 'By.cssSelector: .dxb>span' in '10' second(s)

2021-11-23 16:53:41 - [MESSAGE][PASSED] - Method.TextDegerineEsitElementeTikla is PASSED

2021-11-23 16:53:41 - [MESSAGE][PASSED] - Call Test Case 'Test Cases/Filtreler/ButonaTikla' successfully

2021-11-23 16:53:41 - [MESSAGE][INFO] - Checking called Test Case

2021-11-23 16:53:41 - [MESSAGE][INFO] - Starting to call Test Case 'Test Cases/Tablo/TablodaVeriVarMi'

2021-11-23 16:53:41 - [TEST_CASE][PASSED] - Test Cases/Tablo/TablodaVeriVarMi: Test Cases/Tablo/TablodaVeriVarMi

2021-11-23 16:53:41 - [TEST_STEP][PASSED] - verifyTextNotPresent("Görüntülenecek veri yok", true): Text 'Görüntülenecek veri yok' is not present on page using regular expression

2021-11-23 16:53:41 - [MESSAGE][INFO] - Checking text present  using regular expression

2021-11-23 16:53:41 - [MESSAGE][INFO] - Smart Wait Function is triggered

2021-11-23 16:53:42 - [MESSAGE][INFO] - Finding text 'Görüntülenecek veri yok' on page  using regular expression

2021-11-23 16:53:42 - [MESSAGE][PASSED] - Text 'Görüntülenecek veri yok' is not present on page using regular expression

2021-11-23 16:53:42 - [MESSAGE][PASSED] - Call Test Case 'Test Cases/Tablo/TablodaVeriVarMi' successfully

2021-11-23 16:53:42 - [MESSAGE][INFO] - Checking called Test Case

2021-11-23 16:53:42 - [MESSAGE][INFO] - Starting to call Test Case 'Test Cases/Tablo/TablodaVeriBasariliMiArsiv'

2021-11-23 16:53:42 - [TEST_CASE][PASSED] - Test Cases/Tablo/TablodaVeriBasariliMiArsiv: Test Cases/Tablo/TablodaVeriBasariliMiArsiv

2021-11-23 16:53:42 - [TEST_STEP][PASSED] - sayac = 80: null

2021-11-23 16:53:42 - [TEST_STEP][PASSED] - while (verifyElementText(findTestObject("Object Repository/Tablo/DurumBilgisiArsiv"), "Henüz Sonuçlanmadı", OPTIONAL)): Actual text 'Başarılı' and expected text 'Henüz Sonuçlanmadı' of test object 'Object Repository/Tablo/DurumBilgisiArsiv' are NOT matched. (Root cause: com.kms.katalon.core.exception.StepFailedException: Actual text 'Başarılı' and expected text 'Henüz Sonuçlanmadı' of test object 'Object Repository/Tablo/DurumBilgisiArsiv' are NOT matched.
	at com.kms.katalon.core.webui.keyword.internal.WebUIKeywordMain.stepFailed(WebUIKeywordMain.groovy:64)
	at com.kms.katalon.core.webui.keyword.builtin.VerifyElementTextKeyword$_verifyElementText_closure1.doCall(VerifyElementTextKeyword.groovy:57)
	at com.kms.katalon.core.webui.keyword.builtin.VerifyElementTextKeyword$_verifyElementText_closure1.call(VerifyElementTextKeyword.groovy)
	at com.kms.katalon.core.webui.keyword.internal.WebUIKeywordMain.runKeyword(WebUIKeywordMain.groovy:20)
	at com.kms.katalon.core.webui.keyword.builtin.VerifyElementTextKeyword.verifyElementText(VerifyElementTextKeyword.groovy:72)
	at com.kms.katalon.core.webui.keyword.builtin.VerifyElementTextKeyword.execute(VerifyElementTextKeyword.groovy:40)
	at com.kms.katalon.core.keyword.internal.KeywordExecutor.executeKeywordForPlatform(KeywordExecutor.groovy:73)
	at com.kms.katalon.core.webui.keyword.WebUiBuiltInKeywords.verifyElementText(WebUiBuiltInKeywords.groovy:4733)
	at com.kms.katalon.core.webui.keyword.WebUiBuiltInKeywords$verifyElementText$20.call(Unknown Source)
	at TablodaVeriBasariliMiArsiv.run(TablodaVeriBasariliMiArsiv:22)
	at com.kms.katalon.core.main.ScriptEngine.run(ScriptEngine.java:194)
	at com.kms.katalon.core.main.ScriptEngine.runScriptAsRawText(ScriptEngine.java:119)
	at com.kms.katalon.core.main.TestCaseExecutor.runScript(TestCaseExecutor.java:369)
	at com.kms.katalon.core.main.TestCaseExecutor.doExecute(TestCaseExecutor.java:360)
	at com.kms.katalon.core.main.TestCaseExecutor.processExecutionPhase(TestCaseExecutor.java:339)
	at com.kms.katalon.core.main.TestCaseExecutor.accessMainPhase(TestCaseExecutor.java:331)
	at com.kms.katalon.core.main.TestCaseExecutor.execute(TestCaseExecutor.java:248)
	at com.kms.katalon.core.main.TestCaseMain.runTestCase(TestCaseMain.java:138)
	at com.kms.katalon.core.keyword.builtin.CallTestCaseKeyword$_callTestCase_closure1.doCall(CallTestCaseKeyword.groovy:59)
	at com.kms.katalon.core.keyword.builtin.CallTestCaseKeyword$_callTestCase_closure1.call(CallTestCaseKeyword.groovy)
	at com.kms.katalon.core.keyword.internal.KeywordMain.runKeyword(KeywordMain.groovy:68)
	at com.kms.katalon.core.keyword.builtin.CallTestCaseKeyword.callTestCase(CallTestCaseKeyword.groovy:81)
	at com.kms.katalon.core.keyword.builtin.CallTestCaseKeyword.execute(CallTestCaseKeyword.groovy:44)
	at com.kms.katalon.core.keyword.internal.KeywordExecutor.executeKeywordForPlatform(KeywordExecutor.groovy:73)
	at com.kms.katalon.core.keyword.BuiltinKeywords.callTestCase(BuiltinKeywords.groovy:334)
	at tablo.tablo.tablodaVeriBasariliMiArsiv(tablo.groovy:95)
	at cucumber.runtime.Utils$1.call(Utils.java:26)
	at cucumber.runtime.Timeout.timeout(Timeout.java:16)
	at cucumber.runtime.Utils.invoke(Utils.java:20)
	at cucumber.runtime.java.JavaStepDefinition.execute(JavaStepDefinition.java:49)
	at cucumber.runner.PickleStepDefinitionMatch.runStep(PickleStepDefinitionMatch.java:50)
	at cucumber.runner.TestStep.executeStep(TestStep.java:63)
	at cucumber.runner.TestStep.run(TestStep.java:49)
	at cucumber.runner.PickleStepTestStep.run(PickleStepTestStep.java:43)
	at cucumber.runner.TestCase.run(TestCase.java:44)
	at cucumber.runner.Runner.runPickle(Runner.java:40)
	at cucumber.runtime.Runtime$1.run(Runtime.java:84)
	at cucumber.runtime.Runtime$SameThreadExecutorService.execute(Runtime.java:220)
	at cucumber.runtime.Runtime.run(Runtime.java:81)
	at cucumber.api.cli.Main.run(Main.java:26)
	at cucumber.api.cli.Main$run.call(Unknown Source)
	at com.kms.katalon.core.cucumber.keyword.CucumberBuiltinKeywords$_runFeatureFile_closure1.doCall(CucumberBuiltinKeywords.groovy:106)
	at com.kms.katalon.core.cucumber.keyword.CucumberBuiltinKeywords$_runFeatureFile_closure1.doCall(CucumberBuiltinKeywords.groovy)
	at com.kms.katalon.core.keyword.internal.KeywordMain.runKeyword(KeywordMain.groovy:68)
	at com.kms.katalon.core.keyword.internal.KeywordMain$runKeyword.call(Unknown Source)
	at com.kms.katalon.core.cucumber.keyword.CucumberBuiltinKeywords.runFeatureFile(CucumberBuiltinKeywords.groovy:73)
	at com.kms.katalon.core.cucumber.keyword.CucumberBuiltinKeywords$runFeatureFile$0.callStatic(Unknown Source)
	at com.kms.katalon.core.cucumber.keyword.CucumberBuiltinKeywords.runFeatureFile(CucumberBuiltinKeywords.groovy:246)
	at com.kms.katalon.core.cucumber.keyword.CucumberBuiltinKeywords$runFeatureFile.call(Unknown Source)
	at VKN-Internet.run(VKN-Internet:20)
	at com.kms.katalon.core.main.ScriptEngine.run(ScriptEngine.java:194)
	at com.kms.katalon.core.main.ScriptEngine.runScriptAsRawText(ScriptEngine.java:119)
	at com.kms.katalon.core.main.TestCaseExecutor.runScript(TestCaseExecutor.java:369)
	at com.kms.katalon.core.main.TestCaseExecutor.doExecute(TestCaseExecutor.java:360)
	at com.kms.katalon.core.main.TestCaseExecutor.processExecutionPhase(TestCaseExecutor.java:339)
	at com.kms.katalon.core.main.TestCaseExecutor.accessMainPhase(TestCaseExecutor.java:331)
	at com.kms.katalon.core.main.TestCaseExecutor.execute(TestCaseExecutor.java:248)
	at com.kms.katalon.core.main.TestSuiteExecutor.accessTestCaseMainPhase(TestSuiteExecutor.java:191)
	at com.kms.katalon.core.main.TestSuiteExecutor.accessTestSuiteMainPhase(TestSuiteExecutor.java:140)
	at com.kms.katalon.core.main.TestSuiteExecutor.execute(TestSuiteExecutor.java:89)
	at com.kms.katalon.core.main.TestCaseMain.startTestSuite(TestCaseMain.java:181)
	at com.kms.katalon.core.main.TestCaseMain$startTestSuite$0.call(Unknown Source)
	at TempTestSuite1637674444414.run(TempTestSuite1637674444414.groovy:39)
)

2021-11-23 16:53:42 - [MESSAGE][INFO] - Finding Test Object 'Object Repository/Tablo/DurumBilgisiArsiv'

2021-11-23 16:53:42 - [MESSAGE][INFO] - Checking object

2021-11-23 16:53:42 - [MESSAGE][INFO] - Finding web element from Test Object's properties

2021-11-23 16:53:42 - [MESSAGE][INFO] - Checking timeout

2021-11-23 16:53:42 - [MESSAGE][INFO] - Finding web element with id: 'Object Repository/Tablo/DurumBilgisiArsiv' located by 'By.xpath: //*[@id = 'GridViewEArchiveInvoices_tccell0_9']' in '30' second(s)

2021-11-23 16:53:42 - [MESSAGE][INFO] - Smart Wait Function is triggered

2021-11-23 16:53:42 - [MESSAGE][INFO] - Found 1 web elements with id: 'Object Repository/Tablo/DurumBilgisiArsiv' located by 'By.xpath: //*[@id = 'GridViewEArchiveInvoices_tccell0_9']' in '30' second(s)

2021-11-23 16:53:42 - [MESSAGE][WARNING] - Actual text 'Başarılı' and expected text 'Henüz Sonuçlanmadı' of test object 'Object Repository/Tablo/DurumBilgisiArsiv' are NOT matched. (Root cause: com.kms.katalon.core.exception.StepFailedException: Actual text 'Başarılı' and expected text 'Henüz Sonuçlanmadı' of test object 'Object Repository/Tablo/DurumBilgisiArsiv' are NOT matched.
	at com.kms.katalon.core.webui.keyword.internal.WebUIKeywordMain.stepFailed(WebUIKeywordMain.groovy:64)
	at com.kms.katalon.core.webui.keyword.builtin.VerifyElementTextKeyword$_verifyElementText_closure1.doCall(VerifyElementTextKeyword.groovy:57)
	at com.kms.katalon.core.webui.keyword.builtin.VerifyElementTextKeyword$_verifyElementText_closure1.call(VerifyElementTextKeyword.groovy)
	at com.kms.katalon.core.webui.keyword.internal.WebUIKeywordMain.runKeyword(WebUIKeywordMain.groovy:20)
	at com.kms.katalon.core.webui.keyword.builtin.VerifyElementTextKeyword.verifyElementText(VerifyElementTextKeyword.groovy:72)
	at com.kms.katalon.core.webui.keyword.builtin.VerifyElementTextKeyword.execute(VerifyElementTextKeyword.groovy:40)
	at com.kms.katalon.core.keyword.internal.KeywordExecutor.executeKeywordForPlatform(KeywordExecutor.groovy:73)
	at com.kms.katalon.core.webui.keyword.WebUiBuiltInKeywords.verifyElementText(WebUiBuiltInKeywords.groovy:4733)
	at com.kms.katalon.core.webui.keyword.WebUiBuiltInKeywords$verifyElementText$20.call(Unknown Source)
	at TablodaVeriBasariliMiArsiv.run(TablodaVeriBasariliMiArsiv:22)
	at com.kms.katalon.core.main.ScriptEngine.run(ScriptEngine.java:194)
	at com.kms.katalon.core.main.ScriptEngine.runScriptAsRawText(ScriptEngine.java:119)
	at com.kms.katalon.core.main.TestCaseExecutor.runScript(TestCaseExecutor.java:369)
	at com.kms.katalon.core.main.TestCaseExecutor.doExecute(TestCaseExecutor.java:360)
	at com.kms.katalon.core.main.TestCaseExecutor.processExecutionPhase(TestCaseExecutor.java:339)
	at com.kms.katalon.core.main.TestCaseExecutor.accessMainPhase(TestCaseExecutor.java:331)
	at com.kms.katalon.core.main.TestCaseExecutor.execute(TestCaseExecutor.java:248)
	at com.kms.katalon.core.main.TestCaseMain.runTestCase(TestCaseMain.java:138)
	at com.kms.katalon.core.keyword.builtin.CallTestCaseKeyword$_callTestCase_closure1.doCall(CallTestCaseKeyword.groovy:59)
	at com.kms.katalon.core.keyword.builtin.CallTestCaseKeyword$_callTestCase_closure1.call(CallTestCaseKeyword.groovy)
	at com.kms.katalon.core.keyword.internal.KeywordMain.runKeyword(KeywordMain.groovy:68)
	at com.kms.katalon.core.keyword.builtin.CallTestCaseKeyword.callTestCase(CallTestCaseKeyword.groovy:81)
	at com.kms.katalon.core.keyword.builtin.CallTestCaseKeyword.execute(CallTestCaseKeyword.groovy:44)
	at com.kms.katalon.core.keyword.internal.KeywordExecutor.executeKeywordForPlatform(KeywordExecutor.groovy:73)
	at com.kms.katalon.core.keyword.BuiltinKeywords.callTestCase(BuiltinKeywords.groovy:334)
	at tablo.tablo.tablodaVeriBasariliMiArsiv(tablo.groovy:95)
	at cucumber.runtime.Utils$1.call(Utils.java:26)
	at cucumber.runtime.Timeout.timeout(Timeout.java:16)
	at cucumber.runtime.Utils.invoke(Utils.java:20)
	at cucumber.runtime.java.JavaStepDefinition.execute(JavaStepDefinition.java:49)
	at cucumber.runner.PickleStepDefinitionMatch.runStep(PickleStepDefinitionMatch.java:50)
	at cucumber.runner.TestStep.executeStep(TestStep.java:63)
	at cucumber.runner.TestStep.run(TestStep.java:49)
	at cucumber.runner.PickleStepTestStep.run(PickleStepTestStep.java:43)
	at cucumber.runner.TestCase.run(TestCase.java:44)
	at cucumber.runner.Runner.runPickle(Runner.java:40)
	at cucumber.runtime.Runtime$1.run(Runtime.java:84)
	at cucumber.runtime.Runtime$SameThreadExecutorService.execute(Runtime.java:220)
	at cucumber.runtime.Runtime.run(Runtime.java:81)
	at cucumber.api.cli.Main.run(Main.java:26)
	at cucumber.api.cli.Main$run.call(Unknown Source)
	at com.kms.katalon.core.cucumber.keyword.CucumberBuiltinKeywords$_runFeatureFile_closure1.doCall(CucumberBuiltinKeywords.groovy:106)
	at com.kms.katalon.core.cucumber.keyword.CucumberBuiltinKeywords$_runFeatureFile_closure1.doCall(CucumberBuiltinKeywords.groovy)
	at com.kms.katalon.core.keyword.internal.KeywordMain.runKeyword(KeywordMain.groovy:68)
	at com.kms.katalon.core.keyword.internal.KeywordMain$runKeyword.call(Unknown Source)
	at com.kms.katalon.core.cucumber.keyword.CucumberBuiltinKeywords.runFeatureFile(CucumberBuiltinKeywords.groovy:73)
	at com.kms.katalon.core.cucumber.keyword.CucumberBuiltinKeywords$runFeatureFile$0.callStatic(Unknown Source)
	at com.kms.katalon.core.cucumber.keyword.CucumberBuiltinKeywords.runFeatureFile(CucumberBuiltinKeywords.groovy:246)
	at com.kms.katalon.core.cucumber.keyword.CucumberBuiltinKeywords$runFeatureFile.call(Unknown Source)
	at VKN-Internet.run(VKN-Internet:20)
	at com.kms.katalon.core.main.ScriptEngine.run(ScriptEngine.java:194)
	at com.kms.katalon.core.main.ScriptEngine.runScriptAsRawText(ScriptEngine.java:119)
	at com.kms.katalon.core.main.TestCaseExecutor.runScript(TestCaseExecutor.java:369)
	at com.kms.katalon.core.main.TestCaseExecutor.doExecute(TestCaseExecutor.java:360)
	at com.kms.katalon.core.main.TestCaseExecutor.processExecutionPhase(TestCaseExecutor.java:339)
	at com.kms.katalon.core.main.TestCaseExecutor.accessMainPhase(TestCaseExecutor.java:331)
	at com.kms.katalon.core.main.TestCaseExecutor.execute(TestCaseExecutor.java:248)
	at com.kms.katalon.core.main.TestSuiteExecutor.accessTestCaseMainPhase(TestSuiteExecutor.java:191)
	at com.kms.katalon.core.main.TestSuiteExecutor.accessTestSuiteMainPhase(TestSuiteExecutor.java:140)
	at com.kms.katalon.core.main.TestSuiteExecutor.execute(TestSuiteExecutor.java:89)
	at com.kms.katalon.core.main.TestCaseMain.startTestSuite(TestCaseMain.java:181)
	at com.kms.katalon.core.main.TestCaseMain$startTestSuite$0.call(Unknown Source)
	at TempTestSuite1637674444414.run(TempTestSuite1637674444414.groovy:39)
)

2021-11-23 16:53:42 - [TEST_STEP][PASSED] - Method.TextDegerineEsitElementVarMi(findTestObject("Object Repository/Tablo/DurumBilgisiArsiv"), "Başarılı"): Method.TextDegerineEsitElementVarMi is PASSED

2021-11-23 16:53:42 - [MESSAGE][INFO] - Finding Test Object 'Object Repository/Tablo/DurumBilgisiArsiv'

2021-11-23 16:53:43 - [MESSAGE][INFO] - Checking timeout

2021-11-23 16:53:43 - [MESSAGE][INFO] - Finding web element with id: 'Object Repository/Tablo/DurumBilgisiArsiv' located by 'By.xpath: //*[@id = 'GridViewEArchiveInvoices_tccell0_9']' in '10' second(s)

2021-11-23 16:53:43 - [MESSAGE][INFO] - Smart Wait Function is triggered

2021-11-23 16:53:43 - [MESSAGE][INFO] - Found 1 web elements with id: 'Object Repository/Tablo/DurumBilgisiArsiv' located by 'By.xpath: //*[@id = 'GridViewEArchiveInvoices_tccell0_9']' in '10' second(s)

2021-11-23 16:53:43 - [MESSAGE][PASSED] - Method.TextDegerineEsitElementVarMi is PASSED

2021-11-23 16:53:43 - [MESSAGE][PASSED] - Call Test Case 'Test Cases/Tablo/TablodaVeriBasariliMiArsiv' successfully

2021-11-23 16:53:43 - [MESSAGE][INFO] - Checking called Test Case

2021-11-23 16:53:43 - [MESSAGE][INFO] - Starting to call Test Case 'Test Cases/Kullanici_Islemleri/KullaniciIslemlerindenSecimYapilir'

2021-11-23 16:53:43 - [TEST_CASE][PASSED] - Test Cases/Kullanici_Islemleri/KullaniciIslemlerindenSecimYapilir: Test Cases/Kullanici_Islemleri/KullaniciIslemlerindenSecimYapilir

2021-11-23 16:53:43 - [TEST_STEP][PASSED] - waitForElementClickable(findTestObject("Object Repository/Kullanici_Islemleri/KullaniciIslemleri"), 10): Object 'Object Repository/Kullanici_Islemleri/KullaniciIslemleri' is clickable

2021-11-23 16:53:43 - [MESSAGE][INFO] - Finding Test Object 'Object Repository/Kullanici_Islemleri/KullaniciIslemleri'

2021-11-23 16:53:43 - [MESSAGE][INFO] - Checking object

2021-11-23 16:53:43 - [MESSAGE][INFO] - Checking timeout

2021-11-23 16:53:43 - [MESSAGE][INFO] - Finding web element from Test Object's properties

2021-11-23 16:53:43 - [MESSAGE][INFO] - Checking timeout

2021-11-23 16:53:43 - [MESSAGE][INFO] - Finding web element with id: 'Object Repository/Kullanici_Islemleri/KullaniciIslemleri' located by 'By.cssSelector: .dropdown>a>img' in '10' second(s)

2021-11-23 16:53:43 - [MESSAGE][INFO] - Smart Wait Function is triggered

2021-11-23 16:53:43 - [MESSAGE][INFO] - Found 1 web elements with id: 'Object Repository/Kullanici_Islemleri/KullaniciIslemleri' located by 'By.cssSelector: .dropdown>a>img' in '10' second(s)

2021-11-23 16:53:43 - [MESSAGE][PASSED] - Object 'Object Repository/Kullanici_Islemleri/KullaniciIslemleri' is clickable

2021-11-23 16:53:43 - [TEST_STEP][PASSED] - click(findTestObject("Object Repository/Kullanici_Islemleri/KullaniciIslemleri")): Object: 'Object Repository/Kullanici_Islemleri/KullaniciIslemleri' is clicked on

2021-11-23 16:53:43 - [MESSAGE][INFO] - Finding Test Object 'Object Repository/Kullanici_Islemleri/KullaniciIslemleri'

2021-11-23 16:53:43 - [MESSAGE][INFO] - Checking object

2021-11-23 16:53:43 - [MESSAGE][INFO] - Finding web element from Test Object's properties

2021-11-23 16:53:43 - [MESSAGE][INFO] - Checking timeout

2021-11-23 16:53:43 - [MESSAGE][INFO] - Finding web element with id: 'Object Repository/Kullanici_Islemleri/KullaniciIslemleri' located by 'By.cssSelector: .dropdown>a>img' in '30' second(s)

2021-11-23 16:53:43 - [MESSAGE][INFO] - Smart Wait Function is triggered

2021-11-23 16:53:44 - [MESSAGE][INFO] - Found 1 web elements with id: 'Object Repository/Kullanici_Islemleri/KullaniciIslemleri' located by 'By.cssSelector: .dropdown>a>img' in '30' second(s)

2021-11-23 16:53:44 - [MESSAGE][INFO] - Clicking on object: 'Object Repository/Kullanici_Islemleri/KullaniciIslemleri'

2021-11-23 16:53:44 - [MESSAGE][PASSED] - Object: 'Object Repository/Kullanici_Islemleri/KullaniciIslemleri' is clicked on

2021-11-23 16:53:44 - [TEST_STEP][PASSED] - Method.TextDegerineEsitElementeTikla(findTestObject("Object Repository/Kullanici_Islemleri/Secenekler"), Islem): Method.TextDegerineEsitElementeTikla is PASSED

2021-11-23 16:53:44 - [MESSAGE][INFO] - Finding Test Object 'Object Repository/Kullanici_Islemleri/Secenekler'

2021-11-23 16:53:44 - [MESSAGE][INFO] - Checking timeout

2021-11-23 16:53:44 - [MESSAGE][INFO] - Finding web element with id: 'Object Repository/Kullanici_Islemleri/Secenekler' located by 'By.cssSelector: .nav.navbar-nav.navbar-right li a' in '10' second(s)

2021-11-23 16:53:44 - [MESSAGE][INFO] - Smart Wait Function is triggered

2021-11-23 16:53:44 - [MESSAGE][INFO] - Found 22 web elements with id: 'Object Repository/Kullanici_Islemleri/Secenekler' located by 'By.cssSelector: .nav.navbar-nav.navbar-right li a' in '10' second(s)

2021-11-23 16:53:46 - [MESSAGE][PASSED] - Method.TextDegerineEsitElementeTikla is PASSED

2021-11-23 16:53:46 - [TEST_STEP][PASSED] - verifyElementNotPresent(findTestObject("Object Repository/Kullanici_Islemleri/Secenekler"), 10): Web element with id: 'Object Repository/Kullanici_Islemleri/Secenekler' located by 'By.cssSelector: .nav.navbar-nav.navbar-right li a' is not present after '10' second(s)

2021-11-23 16:53:46 - [MESSAGE][INFO] - Finding Test Object 'Object Repository/Kullanici_Islemleri/Secenekler'

2021-11-23 16:53:46 - [MESSAGE][INFO] - Checking object

2021-11-23 16:53:46 - [MESSAGE][INFO] - Checking timeout

2021-11-23 16:53:46 - [MESSAGE][INFO] - Finding web element with id: 'Object Repository/Kullanici_Islemleri/Secenekler' located by 'By.cssSelector: .nav.navbar-nav.navbar-right li a' in '10' second(s)

2021-11-23 16:53:46 - [MESSAGE][INFO] - Smart Wait Function is triggered

2021-11-23 16:53:46 - [MESSAGE][PASSED] - Web element with id: 'Object Repository/Kullanici_Islemleri/Secenekler' located by 'By.cssSelector: .nav.navbar-nav.navbar-right li a' is not present after '10' second(s)

2021-11-23 16:53:46 - [MESSAGE][PASSED] - Call Test Case 'Test Cases/Kullanici_Islemleri/KullaniciIslemlerindenSecimYapilir' successfully

2021-11-23 16:53:46 - [TEST_CASE][PASSED] - Start Test Case : SCENARIO Gonderim tipi Internet tipinde e-Arsiv faturasi olusturulmasi: SCENARIO Gonderim tipi Internet tipinde e-Arsiv faturasi olusturulmasi

2021-11-23 16:53:46 - [TEST_STEP][PASSED] - Kullanıcı adı ELOGO6 ve Şifre 123456 olarak giriş yapılır: Kullanıcı adı ELOGO6 ve Şifre 123456 olarak giriş yapılır

2021-11-23 16:53:46 - [MESSAGE][PASSED] - Kullanıcı adı ELOGO6 ve Şifre 123456 olarak giriş yapılır

2021-11-23 16:53:46 - [TEST_STEP][PASSED] - Ana menüden e-Arşiv seçilir: Ana menüden e-Arşiv seçilir

2021-11-23 16:53:46 - [MESSAGE][PASSED] - Ana menüden e-Arşiv seçilir

2021-11-23 16:53:46 - [TEST_STEP][PASSED] - Alt menü e-Arşiv Araçları başlığı altındaki e-Arşiv Fatura Oluşturma seçilir: Alt menü e-Arşiv Araçları başlığı altındaki e-Arşiv Fatura Oluşturma seçilir

2021-11-23 16:53:46 - [MESSAGE][PASSED] - Alt menü e-Arşiv Araçları başlığı altındaki e-Arşiv Fatura Oluşturma seçilir

2021-11-23 16:53:46 - [TEST_STEP][PASSED] - Tablodaki tüm veriler silinir: Tablodaki tüm veriler silinir

2021-11-23 16:53:46 - [MESSAGE][PASSED] - Tablodaki tüm veriler silinir

2021-11-23 16:53:46 - [TEST_STEP][PASSED] - Fatura tipi alanından e-Arşiv İnternet seçilir: Fatura tipi alanından e-Arşiv İnternet seçilir

2021-11-23 16:53:46 - [MESSAGE][PASSED] - Fatura tipi alanından e-Arşiv İnternet seçilir

2021-11-23 16:53:46 - [TEST_STEP][PASSED] - Butonlardan Ekle isimli butona tıklanır: Butonlardan Ekle isimli butona tıklanır

2021-11-23 16:53:46 - [MESSAGE][PASSED] - Butonlardan Ekle isimli butona tıklanır

2021-11-23 16:53:46 - [TEST_STEP][PASSED] - Görsel tasarım sayfasının e-Arşiv Fatura (İnternet) Bilgileri başlığını içerdiği kontrol edilir: Görsel tasarım sayfasının e-Arşiv Fatura (İnternet) Bilgileri başlığını içerdiği kontrol edilir

2021-11-23 16:53:46 - [MESSAGE][PASSED] - Görsel tasarım sayfasının e-Arşiv Fatura (İnternet) Bilgileri başlığını içerdiği kontrol edilir

2021-11-23 16:53:46 - [TEST_STEP][PASSED] - Alıcı adı alanına VirgosolArsivVKN girilir: Alıcı adı alanına VirgosolArsivVKN girilir

2021-11-23 16:53:46 - [MESSAGE][PASSED] - Alıcı adı alanına VirgosolArsivVKN girilir

2021-11-23 16:53:46 - [TEST_STEP][PASSED] - Ön Ek INT olarak seçilir: Ön Ek INT olarak seçilir

2021-11-23 16:53:46 - [MESSAGE][PASSED] - Ön Ek INT olarak seçilir

2021-11-23 16:53:46 - [TEST_STEP][PASSED] - Gönderim Şekli Elektronik olarak seçilir: Gönderim Şekli Elektronik olarak seçilir

2021-11-23 16:53:46 - [MESSAGE][PASSED] - Gönderim Şekli Elektronik olarak seçilir

2021-11-23 16:53:46 - [TEST_STEP][PASSED] - Tip alanından Satış seçilir: Tip alanından Satış seçilir

2021-11-23 16:53:46 - [MESSAGE][PASSED] - Tip alanından Satış seçilir

2021-11-23 16:53:46 - [TEST_STEP][PASSED] - Döküman Para Birimi alanından Türk Lirası seçilir: Döküman Para Birimi alanından Türk Lirası seçilir

2021-11-23 16:53:46 - [MESSAGE][PASSED] - Döküman Para Birimi alanından Türk Lirası seçilir

2021-11-23 16:53:46 - [TEST_STEP][PASSED] - Tasarım alanından e-Arşiv Öndeğer Şablon Tasarım seçilir: Tasarım alanından e-Arşiv Öndeğer Şablon Tasarım seçilir

2021-11-23 16:53:46 - [MESSAGE][PASSED] - Tasarım alanından e-Arşiv Öndeğer Şablon Tasarım seçilir

2021-11-23 16:53:46 - [TEST_STEP][PASSED] - Sipariş bilgileri UUC-SAT-1200001 ve 31.06.2021 olarak girilir: Sipariş bilgileri UUC-SAT-1200001 ve 31.06.2021 olarak girilir

2021-11-23 16:53:46 - [MESSAGE][PASSED] - Sipariş bilgileri UUC-SAT-1200001 ve 31.06.2021 olarak girilir

2021-11-23 16:53:46 - [TEST_STEP][PASSED] - İrsaliye Bilgileri AAAAAAAAAA,31.06.2021 olarak girilir: İrsaliye Bilgileri AAAAAAAAAA,31.06.2021 olarak girilir

2021-11-23 16:53:46 - [MESSAGE][PASSED] - İrsaliye Bilgileri AAAAAAAAAA,31.06.2021 olarak girilir

2021-11-23 16:53:46 - [TEST_STEP][PASSED] - e-Arşiv İnternet Bilgileri Kredi Kartı / Banka Kartı,www.elogo.com,1234567806,elogo,Virgosol olarak girilir: e-Arşiv İnternet Bilgileri Kredi Kartı / Banka Kartı,www.elogo.com,1234567806,elogo,Virgosol olarak girilir

2021-11-23 16:53:46 - [MESSAGE][PASSED] - e-Arşiv İnternet Bilgileri Kredi Kartı / Banka Kartı,www.elogo.com,1234567806,elogo,Virgosol olarak girilir

2021-11-23 16:53:46 - [TEST_STEP][PASSED] - Ekle butonuna basılır: Ekle butonuna basılır

2021-11-23 16:53:46 - [MESSAGE][PASSED] - Ekle butonuna basılır

2021-11-23 16:53:46 - [TEST_STEP][PASSED] - Ürün ekleme alanında Mal/Hizmet başlığına Otomasyon girilir: Ürün ekleme alanında Mal/Hizmet başlığına Otomasyon girilir

2021-11-23 16:53:46 - [MESSAGE][PASSED] - Ürün ekleme alanında Mal/Hizmet başlığına Otomasyon girilir

2021-11-23 16:53:46 - [TEST_STEP][PASSED] - Ürün ekleme alanında Açıklaması başlığına Virgosol girilir: Ürün ekleme alanında Açıklaması başlığına Virgosol girilir

2021-11-23 16:53:46 - [MESSAGE][PASSED] - Ürün ekleme alanında Açıklaması başlığına Virgosol girilir

2021-11-23 16:53:46 - [TEST_STEP][PASSED] - Ürün ekleme alanında Miktarı başlığına 400 girilir: Ürün ekleme alanında Miktarı başlığına 400 girilir

2021-11-23 16:53:46 - [MESSAGE][PASSED] - Ürün ekleme alanında Miktarı başlığına 400 girilir

2021-11-23 16:53:46 - [TEST_STEP][PASSED] - Ürün ekleme alanında Birim Fiyat başlığına 100 girilir: Ürün ekleme alanında Birim Fiyat başlığına 100 girilir

2021-11-23 16:53:46 - [MESSAGE][PASSED] - Ürün ekleme alanında Birim Fiyat başlığına 100 girilir

2021-11-23 16:53:46 - [TEST_STEP][PASSED] - Ürün ekleme alanında İskonto Oranı % başlığına 10 girilir: Ürün ekleme alanında İskonto Oranı % başlığına 10 girilir

2021-11-23 16:53:46 - [MESSAGE][PASSED] - Ürün ekleme alanında İskonto Oranı % başlığına 10 girilir

2021-11-23 16:53:46 - [TEST_STEP][PASSED] - Notlar alanına Otomasyon Not girilir: Notlar alanına Otomasyon Not girilir

2021-11-23 16:53:46 - [MESSAGE][PASSED] - Notlar alanına Otomasyon Not girilir

2021-11-23 16:53:46 - [TEST_STEP][PASSED] - Ettn bilgisi kayıt edilir: Ettn bilgisi kayıt edilir

2021-11-23 16:53:46 - [MESSAGE][PASSED] - Ettn bilgisi kayıt edilir

2021-11-23 16:53:46 - [TEST_STEP][PASSED] - Kaydet butonu seçilir: Kaydet butonu seçilir

2021-11-23 16:53:46 - [MESSAGE][PASSED] - Kaydet butonu seçilir

2021-11-23 16:53:46 - [TEST_STEP][PASSED] - Tabloda Ettn bilgisi kaydedilen veri oluşturuldu mu: Tabloda Ettn bilgisi kaydedilen veri oluşturuldu mu

2021-11-23 16:53:46 - [MESSAGE][PASSED] - Tabloda Ettn bilgisi kaydedilen veri oluşturuldu mu

2021-11-23 16:53:46 - [TEST_STEP][PASSED] - Tablodan Ettn bilgisi kaydedilen veri seçilir: Tablodan Ettn bilgisi kaydedilen veri seçilir

2021-11-23 16:53:46 - [MESSAGE][PASSED] - Tablodan Ettn bilgisi kaydedilen veri seçilir

2021-11-23 16:53:46 - [TEST_STEP][PASSED] - Butonlardan Numara Oluştur isimli butona tıklanır: Butonlardan Numara Oluştur isimli butona tıklanır

2021-11-23 16:53:46 - [MESSAGE][PASSED] - Butonlardan Numara Oluştur isimli butona tıklanır

2021-11-23 16:53:46 - [TEST_STEP][PASSED] - Popup mesajı Devam etmek istiyor musunuz içeriyor mu: Popup mesajı Devam etmek istiyor musunuz içeriyor mu

2021-11-23 16:53:46 - [MESSAGE][PASSED] - Popup mesajı Devam etmek istiyor musunuz içeriyor mu

2021-11-23 16:53:46 - [TEST_STEP][PASSED] - Yönetim popupında Evet seçilir: Yönetim popupında Evet seçilir

2021-11-23 16:53:46 - [MESSAGE][PASSED] - Yönetim popupında Evet seçilir

2021-11-23 16:53:46 - [TEST_STEP][PASSED] - Popup mesajı oluşmuştur içeriyor mu: Popup mesajı oluşmuştur içeriyor mu

2021-11-23 16:53:46 - [MESSAGE][PASSED] - Popup mesajı oluşmuştur içeriyor mu

2021-11-23 16:53:46 - [TEST_STEP][PASSED] - Yönetim popupında Tamam seçilir: Yönetim popupında Tamam seçilir

2021-11-23 16:53:46 - [MESSAGE][PASSED] - Yönetim popupında Tamam seçilir

2021-11-23 16:53:46 - [TEST_STEP][PASSED] - Tablodan Ettn bilgisi kaydedilen veri seçilir: Tablodan Ettn bilgisi kaydedilen veri seçilir

2021-11-23 16:53:46 - [MESSAGE][PASSED] - Tablodan Ettn bilgisi kaydedilen veri seçilir

2021-11-23 16:53:46 - [TEST_STEP][PASSED] - Butonlardan Gönder isimli butona tıklanır: Butonlardan Gönder isimli butona tıklanır

2021-11-23 16:53:46 - [MESSAGE][PASSED] - Butonlardan Gönder isimli butona tıklanır

2021-11-23 16:53:46 - [TEST_STEP][PASSED] - Popup mesajı Devam etmek istiyor musunuz içeriyor mu: Popup mesajı Devam etmek istiyor musunuz içeriyor mu

2021-11-23 16:53:46 - [MESSAGE][PASSED] - Popup mesajı Devam etmek istiyor musunuz içeriyor mu

2021-11-23 16:53:46 - [TEST_STEP][PASSED] - Yönetim popupında Evet seçilir: Yönetim popupında Evet seçilir

2021-11-23 16:53:46 - [MESSAGE][PASSED] - Yönetim popupında Evet seçilir

2021-11-23 16:53:46 - [TEST_STEP][PASSED] - Ana menüden e-Arşiv seçilir: Ana menüden e-Arşiv seçilir

2021-11-23 16:53:46 - [MESSAGE][PASSED] - Ana menüden e-Arşiv seçilir

2021-11-23 16:53:46 - [TEST_STEP][PASSED] - Alt menü e-Arşiv Hareketleri başlığı altındaki e-Arşiv Faturaları seçilir: Alt menü e-Arşiv Hareketleri başlığı altındaki e-Arşiv Faturaları seçilir

2021-11-23 16:53:46 - [MESSAGE][PASSED] - Alt menü e-Arşiv Hareketleri başlığı altındaki e-Arşiv Faturaları seçilir

2021-11-23 16:53:46 - [TEST_STEP][PASSED] - Filtrelerden Ettn filtresine Ettn bilgisi yaz: Filtrelerden Ettn filtresine Ettn bilgisi yaz

2021-11-23 16:53:46 - [MESSAGE][PASSED] - Filtrelerden Ettn filtresine Ettn bilgisi yaz

2021-11-23 16:53:46 - [TEST_STEP][PASSED] - Filtre butonlarından Listele seçilir: Filtre butonlarından Listele seçilir

2021-11-23 16:53:46 - [MESSAGE][PASSED] - Filtre butonlarından Listele seçilir

2021-11-23 16:53:46 - [TEST_STEP][PASSED] - Tabloda veri var mı kontrol edilir: Tabloda veri var mı kontrol edilir

2021-11-23 16:53:46 - [MESSAGE][PASSED] - Tabloda veri var mı kontrol edilir

2021-11-23 16:53:46 - [TEST_STEP][PASSED] - Tabloda yeni oluşturulan eArsiv verisi başarılı mı: Tabloda yeni oluşturulan eArsiv verisi başarılı mı

2021-11-23 16:53:46 - [MESSAGE][PASSED] - Tabloda yeni oluşturulan eArsiv verisi başarılı mı

2021-11-23 16:53:46 - [TEST_STEP][PASSED] - Kullanıcı işlemlerinden Çıkış seçilir: Kullanıcı işlemlerinden Çıkış seçilir

2021-11-23 16:53:46 - [MESSAGE][PASSED] - Kullanıcı işlemlerinden Çıkış seçilir

2021-11-23 16:53:46 - [MESSAGE][PASSED] - Feature file: 'Include/features/Regresyon/e-Arsiv/VKN-Internet.feature' was passed

2021-11-23 16:53:46 - [TEST_STEP][PASSED] - Start listener action : sampleAfterTestSuite: Invoke 'com.kms.katalon.core.annotation.AfterTestCase' method: 'Listener.sampleAfterTestSuite(...)' completed.

2021-11-23 16:53:46 - [MESSAGE][INFO] - Starting invoke 'com.kms.katalon.core.annotation.AfterTestCase' method: 'Listener.sampleAfterTestSuite(...)'

2021-11-23 16:53:46 - [TEST_STEP][PASSED] - closeBrowser(): Invoke 'com.kms.katalon.core.annotation.AfterTestCase' method: 'Listener.sampleAfterTestSuite(...)' completed.

2021-11-23 16:53:46 - [MESSAGE][INFO] - Closing browser

2021-11-23 16:53:47 - [MESSAGE][PASSED] - Browser is closed

2021-11-23 16:53:47 - [MESSAGE][INFO] - Invoke 'com.kms.katalon.core.annotation.AfterTestCase' method: 'Listener.sampleAfterTestSuite(...)' completed.]]></system-out>
         <system-err><![CDATA[]]></system-err>
      </testcase>
      <testcase name="Test Cases/Case Repository/Regresyon/e-Arsiv/VKN-Kagit-Hal Komisyoncu" time="114.044" classname="Test Cases/Case Repository/Regresyon/e-Arsiv/VKN-Kagit-Hal Komisyoncu" status="PASSED">
         <system-out><![CDATA[2021-11-23 16:53:47 - [TEST_CASE][PASSED] - Test Cases/Case Repository/Regresyon/e-Arsiv/VKN-Kagit-Hal Komisyoncu: Test Cases/Case Repository/Regresyon/e-Arsiv/VKN-Kagit-Hal Komisyoncu

2021-11-23 16:53:47 - [TEST_STEP][PASSED] - Start listener action : sampleBeforeTestSuite: Invoke 'com.kms.katalon.core.annotation.BeforeTestCase' method: 'Listener.sampleBeforeTestSuite(...)' completed.

2021-11-23 16:53:47 - [MESSAGE][INFO] - Starting invoke 'com.kms.katalon.core.annotation.BeforeTestCase' method: 'Listener.sampleBeforeTestSuite(...)'

2021-11-23 16:53:47 - [TEST_STEP][PASSED] - openBrowser(baseUrl): Browser is opened with url: 'https://efatura-stage.elogo.com.tr/'

2021-11-23 16:53:47 - [MESSAGE][INFO] - Opening browser

2021-11-23 16:53:47 - [MESSAGE][INFO] - Starting 'Chrome' driver

2021-11-23 16:53:47 - [MESSAGE][INFO] - User set preference: ['prefs', '{download.default_directory=C:\otomasyondownfiles}']

2021-11-23 16:53:47 - [MESSAGE][INFO] - Action delay is set to 0 milliseconds

2021-11-23 16:53:48 - [MESSAGE][INFO] - Navigating browser to: 'https://efatura-stage.elogo.com.tr/'

2021-11-23 16:53:52 - [MESSAGE][PASSED] - Browser is opened with url: 'https://efatura-stage.elogo.com.tr/'

2021-11-23 16:53:52 - [TEST_STEP][PASSED] - maximizeWindow(): Invoke 'com.kms.katalon.core.annotation.BeforeTestCase' method: 'Listener.sampleBeforeTestSuite(...)' completed.

2021-11-23 16:53:52 - [MESSAGE][INFO] - Maximizing current window

2021-11-23 16:53:53 - [MESSAGE][PASSED] - Current window maximized

2021-11-23 16:53:53 - [MESSAGE][INFO] - Invoke 'com.kms.katalon.core.annotation.BeforeTestCase' method: 'Listener.sampleBeforeTestSuite(...)' completed.

2021-11-23 16:53:53 - [TEST_STEP][PASSED] - runFeatureFile("Include/features/Regresyon/e-Arsiv/VKN-Kagit-Hal Komisyoncu.feature"): Feature file: 'Include/features/Regresyon/e-Arsiv/VKN-Kagit-Hal Komisyoncu.feature' was passed

2021-11-23 16:53:53 - [MESSAGE][INFO] - Starting run keyword runFeatureFile: 'Include/features/Regresyon/e-Arsiv/VKN-Kagit-Hal Komisyoncu.feature' and extract report to folder: 'C:\Users\DELL\Documents\GitHub\EES_KatalonLogo\Reports\20211123_163326\Suite Repository\Regresyon-eArsiv-eMakbuz\20211123_163404/cucumber_report/1637675633632'...

2021-11-23 16:53:53 - [MESSAGE][INFO] - Glue: []

2021-11-23 16:53:56 - [MESSAGE][INFO] - Checking called Test Case

2021-11-23 16:53:56 - [MESSAGE][INFO] - Starting to call Test Case 'Test Cases/Sayfalar/Giris_Sayfasi/Login'

2021-11-23 16:53:56 - [TEST_CASE][PASSED] - Test Cases/Sayfalar/Giris_Sayfasi/Login: Test Cases/Sayfalar/Giris_Sayfasi/Login

2021-11-23 16:53:56 - [TEST_STEP][PASSED] - Sayfa_Basligi = getWindowTitle(): Current window's title is: 'LOGO e-Fatura'

2021-11-23 16:53:56 - [MESSAGE][INFO] - Getting current window's title

2021-11-23 16:53:56 - [MESSAGE][PASSED] - Current window's title is: 'LOGO e-Fatura'

2021-11-23 16:53:56 - [TEST_STEP][PASSED] - verifyMatch(Sayfa_Basligi, "LOGO e-Fatura", false): Actual text 'LOGO e-Fatura' and expected text 'LOGO e-Fatura' are matched 

2021-11-23 16:53:56 - [MESSAGE][INFO] - Matching actual text 'LOGO e-Fatura' with expected text 'LOGO e-Fatura'

2021-11-23 16:53:56 - [MESSAGE][PASSED] - Actual text 'LOGO e-Fatura' and expected text 'LOGO e-Fatura' are matched 

2021-11-23 16:53:56 - [TEST_STEP][PASSED] - sendKeys(findTestObject("Sayfalar/Giris_Sayfasi/Firma_Kodu"), KullaniciAdi): Keys 'HALKOMIS' sent to object: 'Object Repository/Sayfalar/Giris_Sayfasi/Firma_Kodu'

2021-11-23 16:53:56 - [MESSAGE][INFO] - Finding Test Object 'Object Repository/Sayfalar/Giris_Sayfasi/Firma_Kodu'

2021-11-23 16:53:56 - [MESSAGE][INFO] - Sending keys 'HALKOMIS' to object: 'Object Repository/Sayfalar/Giris_Sayfasi/Firma_Kodu'

2021-11-23 16:53:56 - [MESSAGE][INFO] - Finding web element from Test Object's properties

2021-11-23 16:53:56 - [MESSAGE][INFO] - Checking timeout

2021-11-23 16:53:56 - [MESSAGE][INFO] - Finding web element with id: 'Object Repository/Sayfalar/Giris_Sayfasi/Firma_Kodu' located by 'By.xpath: //*[@id = 'AccountName']' in '30' second(s)

2021-11-23 16:53:56 - [MESSAGE][INFO] - Smart Wait Function is triggered

2021-11-23 16:53:57 - [MESSAGE][INFO] - Found 1 web elements with id: 'Object Repository/Sayfalar/Giris_Sayfasi/Firma_Kodu' located by 'By.xpath: //*[@id = 'AccountName']' in '30' second(s)

2021-11-23 16:53:57 - [MESSAGE][PASSED] - Keys 'HALKOMIS' sent to object: 'Object Repository/Sayfalar/Giris_Sayfasi/Firma_Kodu'

2021-11-23 16:53:57 - [TEST_STEP][PASSED] - sendKeys(findTestObject("Sayfalar/Giris_Sayfasi/Sifre"), Sifre): Keys 'test1234' sent to object: 'Object Repository/Sayfalar/Giris_Sayfasi/Sifre'

2021-11-23 16:53:57 - [MESSAGE][INFO] - Finding Test Object 'Object Repository/Sayfalar/Giris_Sayfasi/Sifre'

2021-11-23 16:53:57 - [MESSAGE][INFO] - Sending keys 'test1234' to object: 'Object Repository/Sayfalar/Giris_Sayfasi/Sifre'

2021-11-23 16:53:57 - [MESSAGE][INFO] - Finding web element from Test Object's properties

2021-11-23 16:53:57 - [MESSAGE][INFO] - Checking timeout

2021-11-23 16:53:57 - [MESSAGE][INFO] - Finding web element with id: 'Object Repository/Sayfalar/Giris_Sayfasi/Sifre' located by 'By.xpath: //*[@id = 'Password']' in '30' second(s)

2021-11-23 16:53:57 - [MESSAGE][INFO] - Smart Wait Function is triggered

2021-11-23 16:53:57 - [MESSAGE][INFO] - Found 1 web elements with id: 'Object Repository/Sayfalar/Giris_Sayfasi/Sifre' located by 'By.xpath: //*[@id = 'Password']' in '30' second(s)

2021-11-23 16:53:57 - [MESSAGE][PASSED] - Keys 'test1234' sent to object: 'Object Repository/Sayfalar/Giris_Sayfasi/Sifre'

2021-11-23 16:53:57 - [TEST_STEP][PASSED] - findWebElement(findTestObject("Sayfalar/Giris_Sayfasi/Giris_Butonu")).click(): Found 1 web elements with id: 'Object Repository/Sayfalar/Giris_Sayfasi/Giris_Butonu' located by 'By.cssSelector: #btnLogin' in '30' second(s)

2021-11-23 16:53:57 - [MESSAGE][INFO] - Finding Test Object 'Object Repository/Sayfalar/Giris_Sayfasi/Giris_Butonu'

2021-11-23 16:53:57 - [MESSAGE][INFO] - Finding web element from Test Object's properties

2021-11-23 16:53:57 - [MESSAGE][INFO] - Checking timeout

2021-11-23 16:53:57 - [MESSAGE][INFO] - Finding web element with id: 'Object Repository/Sayfalar/Giris_Sayfasi/Giris_Butonu' located by 'By.cssSelector: #btnLogin' in '30' second(s)

2021-11-23 16:53:57 - [MESSAGE][INFO] - Smart Wait Function is triggered

2021-11-23 16:53:58 - [MESSAGE][INFO] - Found 1 web elements with id: 'Object Repository/Sayfalar/Giris_Sayfasi/Giris_Butonu' located by 'By.cssSelector: #btnLogin' in '30' second(s)

2021-11-23 16:54:00 - [TEST_STEP][PASSED] - if (verifyElementPresent(findTestObject("Object Repository/Sayfalar/Giris_Sayfasi/RetveTamam_Butonu"), 5, OPTIONAL)): null

2021-11-23 16:54:00 - [MESSAGE][INFO] - Finding Test Object 'Object Repository/Sayfalar/Giris_Sayfasi/RetveTamam_Butonu'

2021-11-23 16:54:00 - [MESSAGE][INFO] - Checking object

2021-11-23 16:54:00 - [MESSAGE][INFO] - Finding web element from Test Object's properties

2021-11-23 16:54:00 - [MESSAGE][INFO] - Checking timeout

2021-11-23 16:54:00 - [MESSAGE][INFO] - Finding web element with id: 'Object Repository/Sayfalar/Giris_Sayfasi/RetveTamam_Butonu' located by 'By.xpath: //*[@class = 'btn btn-default']' in '5' second(s)

2021-11-23 16:54:00 - [MESSAGE][INFO] - Smart Wait Function is triggered

2021-11-23 16:54:01 - [MESSAGE][INFO] - Found 1 web elements with id: 'Object Repository/Sayfalar/Giris_Sayfasi/RetveTamam_Butonu' located by 'By.xpath: //*[@class = 'btn btn-default']' in '5' second(s)

2021-11-23 16:54:01 - [MESSAGE][PASSED] - Object 'Object Repository/Sayfalar/Giris_Sayfasi/RetveTamam_Butonu' is present

2021-11-23 16:54:01 - [TEST_STEP][PASSED] - click(findTestObject("Object Repository/Sayfalar/Giris_Sayfasi/RetveTamam_Butonu")): Object: 'Object Repository/Sayfalar/Giris_Sayfasi/RetveTamam_Butonu' is clicked on

2021-11-23 16:54:01 - [MESSAGE][INFO] - Finding Test Object 'Object Repository/Sayfalar/Giris_Sayfasi/RetveTamam_Butonu'

2021-11-23 16:54:01 - [MESSAGE][INFO] - Checking object

2021-11-23 16:54:01 - [MESSAGE][INFO] - Finding web element from Test Object's properties

2021-11-23 16:54:01 - [MESSAGE][INFO] - Checking timeout

2021-11-23 16:54:01 - [MESSAGE][INFO] - Finding web element with id: 'Object Repository/Sayfalar/Giris_Sayfasi/RetveTamam_Butonu' located by 'By.xpath: //*[@class = 'btn btn-default']' in '30' second(s)

2021-11-23 16:54:01 - [MESSAGE][INFO] - Smart Wait Function is triggered

2021-11-23 16:54:01 - [MESSAGE][INFO] - Found 1 web elements with id: 'Object Repository/Sayfalar/Giris_Sayfasi/RetveTamam_Butonu' located by 'By.xpath: //*[@class = 'btn btn-default']' in '30' second(s)

2021-11-23 16:54:01 - [MESSAGE][INFO] - Clicking on object: 'Object Repository/Sayfalar/Giris_Sayfasi/RetveTamam_Butonu'

2021-11-23 16:54:01 - [MESSAGE][PASSED] - Object: 'Object Repository/Sayfalar/Giris_Sayfasi/RetveTamam_Butonu' is clicked on

2021-11-23 16:54:01 - [TEST_STEP][PASSED] - click(findTestObject("Object Repository/Sayfalar/Giris_Sayfasi/RetveTamam_Butonu")): Object: 'Object Repository/Sayfalar/Giris_Sayfasi/RetveTamam_Butonu' is clicked on

2021-11-23 16:54:01 - [MESSAGE][INFO] - Finding Test Object 'Object Repository/Sayfalar/Giris_Sayfasi/RetveTamam_Butonu'

2021-11-23 16:54:01 - [MESSAGE][INFO] - Checking object

2021-11-23 16:54:01 - [MESSAGE][INFO] - Finding web element from Test Object's properties

2021-11-23 16:54:01 - [MESSAGE][INFO] - Checking timeout

2021-11-23 16:54:01 - [MESSAGE][INFO] - Finding web element with id: 'Object Repository/Sayfalar/Giris_Sayfasi/RetveTamam_Butonu' located by 'By.xpath: //*[@class = 'btn btn-default']' in '30' second(s)

2021-11-23 16:54:01 - [MESSAGE][INFO] - Smart Wait Function is triggered

2021-11-23 16:54:04 - [MESSAGE][INFO] - Found 1 web elements with id: 'Object Repository/Sayfalar/Giris_Sayfasi/RetveTamam_Butonu' located by 'By.xpath: //*[@class = 'btn btn-default']' in '30' second(s)

2021-11-23 16:54:04 - [MESSAGE][INFO] - Clicking on object: 'Object Repository/Sayfalar/Giris_Sayfasi/RetveTamam_Butonu'

2021-11-23 16:54:04 - [MESSAGE][PASSED] - Object: 'Object Repository/Sayfalar/Giris_Sayfasi/RetveTamam_Butonu' is clicked on

2021-11-23 16:54:04 - [TEST_STEP][PASSED] - if (verifyElementPresent(findTestObject("Sayfalar/Giris_Sayfasi/PopupOK"), 5, OPTIONAL)): null

2021-11-23 16:54:04 - [MESSAGE][INFO] - Finding Test Object 'Object Repository/Sayfalar/Giris_Sayfasi/PopupOK'

2021-11-23 16:54:04 - [MESSAGE][INFO] - Checking object

2021-11-23 16:54:04 - [MESSAGE][INFO] - Finding web element from Test Object's properties

2021-11-23 16:54:04 - [MESSAGE][INFO] - Checking timeout

2021-11-23 16:54:04 - [MESSAGE][INFO] - Finding web element with id: 'Object Repository/Sayfalar/Giris_Sayfasi/PopupOK' located by 'By.cssSelector: .btn.btn-success' in '5' second(s)

2021-11-23 16:54:04 - [MESSAGE][INFO] - Smart Wait Function is triggered

2021-11-23 16:54:05 - [MESSAGE][INFO] - Found 1 web elements with id: 'Object Repository/Sayfalar/Giris_Sayfasi/PopupOK' located by 'By.cssSelector: .btn.btn-success' in '5' second(s)

2021-11-23 16:54:05 - [MESSAGE][PASSED] - Object 'Object Repository/Sayfalar/Giris_Sayfasi/PopupOK' is present

2021-11-23 16:54:05 - [TEST_STEP][PASSED] - click(findTestObject("Object Repository/Sayfalar/Giris_Sayfasi/PopupCarpiGiris")): Object: 'Object Repository/Sayfalar/Giris_Sayfasi/PopupCarpiGiris' is clicked on

2021-11-23 16:54:05 - [MESSAGE][INFO] - Finding Test Object 'Object Repository/Sayfalar/Giris_Sayfasi/PopupCarpiGiris'

2021-11-23 16:54:05 - [MESSAGE][INFO] - Checking object

2021-11-23 16:54:05 - [MESSAGE][INFO] - Finding web element from Test Object's properties

2021-11-23 16:54:05 - [MESSAGE][INFO] - Checking timeout

2021-11-23 16:54:05 - [MESSAGE][INFO] - Finding web element with id: 'Object Repository/Sayfalar/Giris_Sayfasi/PopupCarpiGiris' located by 'By.cssSelector: .bootbox-close-button.close' in '30' second(s)

2021-11-23 16:54:05 - [MESSAGE][INFO] - Smart Wait Function is triggered

2021-11-23 16:54:05 - [MESSAGE][INFO] - Found 1 web elements with id: 'Object Repository/Sayfalar/Giris_Sayfasi/PopupCarpiGiris' located by 'By.cssSelector: .bootbox-close-button.close' in '30' second(s)

2021-11-23 16:54:05 - [MESSAGE][INFO] - Clicking on object: 'Object Repository/Sayfalar/Giris_Sayfasi/PopupCarpiGiris'

2021-11-23 16:54:05 - [MESSAGE][PASSED] - Object: 'Object Repository/Sayfalar/Giris_Sayfasi/PopupCarpiGiris' is clicked on

2021-11-23 16:54:05 - [TEST_STEP][PASSED] - verifyElementVisible(findTestObject("Object Repository/Kullanici_Islemleri/KullaniciIslemleri")): Object 'Object Repository/Kullanici_Islemleri/KullaniciIslemleri' is visible

2021-11-23 16:54:05 - [MESSAGE][INFO] - Finding Test Object 'Object Repository/Kullanici_Islemleri/KullaniciIslemleri'

2021-11-23 16:54:05 - [MESSAGE][INFO] - Checking object

2021-11-23 16:54:05 - [MESSAGE][INFO] - Finding web element from Test Object's properties

2021-11-23 16:54:05 - [MESSAGE][INFO] - Checking timeout

2021-11-23 16:54:05 - [MESSAGE][INFO] - Finding web element with id: 'Object Repository/Kullanici_Islemleri/KullaniciIslemleri' located by 'By.cssSelector: .dropdown>a>img' in '30' second(s)

2021-11-23 16:54:05 - [MESSAGE][INFO] - Smart Wait Function is triggered

2021-11-23 16:54:06 - [MESSAGE][INFO] - Found 1 web elements with id: 'Object Repository/Kullanici_Islemleri/KullaniciIslemleri' located by 'By.cssSelector: .dropdown>a>img' in '30' second(s)

2021-11-23 16:54:06 - [MESSAGE][PASSED] - Object 'Object Repository/Kullanici_Islemleri/KullaniciIslemleri' is visible

2021-11-23 16:54:06 - [MESSAGE][PASSED] - Call Test Case 'Test Cases/Sayfalar/Giris_Sayfasi/Login' successfully

2021-11-23 16:54:06 - [MESSAGE][INFO] - Checking called Test Case

2021-11-23 16:54:06 - [MESSAGE][INFO] - Starting to call Test Case 'Test Cases/Menu/AnaMenuSecimi'

2021-11-23 16:54:06 - [TEST_CASE][PASSED] - Test Cases/Menu/AnaMenuSecimi: Test Cases/Menu/AnaMenuSecimi

2021-11-23 16:54:06 - [TEST_STEP][PASSED] - Method.TextDegerineEsitElementeTikla(findTestObject("Menu/Ana_Menu"), Ana_Menu): Method.TextDegerineEsitElementeTikla is PASSED

2021-11-23 16:54:06 - [MESSAGE][INFO] - Finding Test Object 'Object Repository/Menu/Ana_Menu'

2021-11-23 16:54:06 - [MESSAGE][INFO] - Checking timeout

2021-11-23 16:54:06 - [MESSAGE][INFO] - Finding web element with id: 'Object Repository/Menu/Ana_Menu' located by 'By.xpath: //*[@class = 'dropdown-toggle']' in '10' second(s)

2021-11-23 16:54:06 - [MESSAGE][INFO] - Smart Wait Function is triggered

2021-11-23 16:54:07 - [MESSAGE][INFO] - Found 13 web elements with id: 'Object Repository/Menu/Ana_Menu' located by 'By.xpath: //*[@class = 'dropdown-toggle']' in '10' second(s)

2021-11-23 16:54:07 - [MESSAGE][PASSED] - Method.TextDegerineEsitElementeTikla is PASSED

2021-11-23 16:54:07 - [MESSAGE][PASSED] - Call Test Case 'Test Cases/Menu/AnaMenuSecimi' successfully

2021-11-23 16:54:07 - [MESSAGE][INFO] - Checking called Test Case

2021-11-23 16:54:07 - [MESSAGE][INFO] - Starting to call Test Case 'Test Cases/Menu/BasligaGoreAltMenuSecimi'

2021-11-23 16:54:07 - [TEST_CASE][PASSED] - Test Cases/Menu/BasligaGoreAltMenuSecimi: Test Cases/Menu/BasligaGoreAltMenuSecimi

2021-11-23 16:54:07 - [TEST_STEP][PASSED] - Method.TextDegerineEsitElementinAltindakiTextDegerineEsitOlanaTikla(findTestObject("Menu/Menu_Basligi"), findTestObject("Menu/Basliga_Gore_Alt_Menu"), Baslik, Alt_Menu): Method.TextDegerineEsitElementinAltindakiTextDegerineEsitOlanaTikla is PASSED

2021-11-23 16:54:07 - [MESSAGE][INFO] - Finding Test Object 'Object Repository/Menu/Menu_Basligi'

2021-11-23 16:54:07 - [MESSAGE][INFO] - Finding Test Object 'Object Repository/Menu/Basliga_Gore_Alt_Menu'

2021-11-23 16:54:07 - [MESSAGE][INFO] - Checking timeout

2021-11-23 16:54:07 - [MESSAGE][INFO] - Finding web element with id: 'Object Repository/Menu/Menu_Basligi' located by 'By.xpath: //li[@class='dropdown dropdown-large open']//li[@class='dropdown-header']' in '10' second(s)

2021-11-23 16:54:07 - [MESSAGE][INFO] - Smart Wait Function is triggered

2021-11-23 16:54:07 - [MESSAGE][INFO] - Found 2 web elements with id: 'Object Repository/Menu/Menu_Basligi' located by 'By.xpath: //li[@class='dropdown dropdown-large open']//li[@class='dropdown-header']' in '10' second(s)

2021-11-23 16:54:07 - [MESSAGE][INFO] - Smart Wait Function is triggered

2021-11-23 16:54:10 - [MESSAGE][PASSED] - Method.TextDegerineEsitElementinAltindakiTextDegerineEsitOlanaTikla is PASSED

2021-11-23 16:54:10 - [MESSAGE][PASSED] - Call Test Case 'Test Cases/Menu/BasligaGoreAltMenuSecimi' successfully

2021-11-23 16:54:10 - [MESSAGE][INFO] - Checking called Test Case

2021-11-23 16:54:10 - [MESSAGE][INFO] - Starting to call Test Case 'Test Cases/Tablo/Olusturma Tarihi'

2021-11-23 16:54:10 - [TEST_CASE][PASSED] - Test Cases/Tablo/Olusturma Tarihi: Test Cases/Tablo/Olusturma Tarihi

2021-11-23 16:54:10 - [TEST_STEP][PASSED] - if (verifyTextNotPresent("Görüntülenecek veri yok", true, OPTIONAL)): null

2021-11-23 16:54:10 - [MESSAGE][INFO] - Checking text present  using regular expression

2021-11-23 16:54:10 - [MESSAGE][INFO] - Smart Wait Function is triggered

2021-11-23 16:54:11 - [MESSAGE][INFO] - Finding text 'Görüntülenecek veri yok' on page  using regular expression

2021-11-23 16:54:11 - [MESSAGE][PASSED] - Text 'Görüntülenecek veri yok' is not present on page using regular expression

2021-11-23 16:54:11 - [TEST_STEP][PASSED] - click(findTestObject("Temizle/Olusturma_Tarihi_CheckBox")): Object: 'Object Repository/Temizle/Olusturma_Tarihi_CheckBox' is clicked on

2021-11-23 16:54:11 - [MESSAGE][INFO] - Finding Test Object 'Object Repository/Temizle/Olusturma_Tarihi_CheckBox'

2021-11-23 16:54:11 - [MESSAGE][INFO] - Checking object

2021-11-23 16:54:11 - [MESSAGE][INFO] - Finding web element from Test Object's properties

2021-11-23 16:54:11 - [MESSAGE][INFO] - Checking timeout

2021-11-23 16:54:11 - [MESSAGE][INFO] - Finding web element with id: 'Object Repository/Temizle/Olusturma_Tarihi_CheckBox' located by 'By.xpath: //*[@title = 'Bu sayfadaki tüm satırları Seç']' in '30' second(s)

2021-11-23 16:54:11 - [MESSAGE][INFO] - Smart Wait Function is triggered

2021-11-23 16:54:11 - [MESSAGE][INFO] - Found 1 web elements with id: 'Object Repository/Temizle/Olusturma_Tarihi_CheckBox' located by 'By.xpath: //*[@title = 'Bu sayfadaki tüm satırları Seç']' in '30' second(s)

2021-11-23 16:54:11 - [MESSAGE][INFO] - Clicking on object: 'Object Repository/Temizle/Olusturma_Tarihi_CheckBox'

2021-11-23 16:54:11 - [MESSAGE][PASSED] - Object: 'Object Repository/Temizle/Olusturma_Tarihi_CheckBox' is clicked on

2021-11-23 16:54:11 - [TEST_STEP][PASSED] - Method.TextDegerineEsitElementeTiklaEquals(findTestObject("Butonlar/Butonlar"), "Sil"): Method.TextDegerineEsitElementeTiklaEquals is PASSED

2021-11-23 16:54:11 - [MESSAGE][INFO] - Finding Test Object 'Object Repository/Butonlar/Butonlar'

2021-11-23 16:54:11 - [MESSAGE][INFO] - Checking timeout

2021-11-23 16:54:11 - [MESSAGE][INFO] - Finding web element with id: 'Object Repository/Butonlar/Butonlar' located by 'By.cssSelector: .panel.panel-default.text-center.footerPanel .btn,.btn.btn-primary.btnControls' in '10' second(s)

2021-11-23 16:54:11 - [MESSAGE][INFO] - Smart Wait Function is triggered

2021-11-23 16:54:12 - [MESSAGE][INFO] - Found 9 web elements with id: 'Object Repository/Butonlar/Butonlar' located by 'By.cssSelector: .panel.panel-default.text-center.footerPanel .btn,.btn.btn-primary.btnControls' in '10' second(s)

2021-11-23 16:54:12 - [MESSAGE][PASSED] - Method.TextDegerineEsitElementeTiklaEquals is PASSED

2021-11-23 16:54:12 - [TEST_STEP][PASSED] - Method.TextDegerineEsitElementeTikla(findTestObject("Popup/Popup_Butons"), "Evet"): Method.TextDegerineEsitElementeTikla is PASSED

2021-11-23 16:54:12 - [MESSAGE][INFO] - Finding Test Object 'Object Repository/Popup/Popup_Butons'

2021-11-23 16:54:12 - [MESSAGE][INFO] - Checking timeout

2021-11-23 16:54:12 - [MESSAGE][INFO] - Finding web element with id: 'Object Repository/Popup/Popup_Butons' located by 'By.cssSelector: .modal-footer>button' in '10' second(s)

2021-11-23 16:54:12 - [MESSAGE][INFO] - Smart Wait Function is triggered

2021-11-23 16:54:13 - [MESSAGE][INFO] - Found 2 web elements with id: 'Object Repository/Popup/Popup_Butons' located by 'By.cssSelector: .modal-footer>button' in '10' second(s)

2021-11-23 16:54:13 - [MESSAGE][PASSED] - Method.TextDegerineEsitElementeTikla is PASSED

2021-11-23 16:54:13 - [TEST_STEP][PASSED] - Method.TextDegerineEsitElementeTikla(findTestObject("Popup/Popup_Butons"), "Tamam"): Method.TextDegerineEsitElementeTikla is PASSED

2021-11-23 16:54:13 - [MESSAGE][INFO] - Finding Test Object 'Object Repository/Popup/Popup_Butons'

2021-11-23 16:54:13 - [MESSAGE][INFO] - Checking timeout

2021-11-23 16:54:13 - [MESSAGE][INFO] - Finding web element with id: 'Object Repository/Popup/Popup_Butons' located by 'By.cssSelector: .modal-footer>button' in '10' second(s)

2021-11-23 16:54:13 - [MESSAGE][INFO] - Smart Wait Function is triggered

2021-11-23 16:54:14 - [MESSAGE][INFO] - Found 1 web elements with id: 'Object Repository/Popup/Popup_Butons' located by 'By.cssSelector: .modal-footer>button' in '10' second(s)

2021-11-23 16:54:14 - [MESSAGE][PASSED] - Method.TextDegerineEsitElementeTikla is PASSED

2021-11-23 16:54:14 - [MESSAGE][PASSED] - Call Test Case 'Test Cases/Tablo/Olusturma Tarihi' successfully

2021-11-23 16:54:14 - [MESSAGE][INFO] - Checking called Test Case

2021-11-23 16:54:14 - [MESSAGE][INFO] - Starting to call Test Case 'Test Cases/Butonlar/ButonaTikla'

2021-11-23 16:54:14 - [TEST_CASE][PASSED] - Test Cases/Butonlar/ButonaTikla: Test Cases/Butonlar/ButonaTikla

2021-11-23 16:54:14 - [TEST_STEP][PASSED] - Method.TextDegerineEsitElementeTiklaEquals(findTestObject("Butonlar/Butonlar"), Buton_Adi): Method.TextDegerineEsitElementeTiklaEquals is PASSED

2021-11-23 16:54:14 - [MESSAGE][INFO] - Finding Test Object 'Object Repository/Butonlar/Butonlar'

2021-11-23 16:54:14 - [MESSAGE][INFO] - Checking timeout

2021-11-23 16:54:14 - [MESSAGE][INFO] - Finding web element with id: 'Object Repository/Butonlar/Butonlar' located by 'By.cssSelector: .panel.panel-default.text-center.footerPanel .btn,.btn.btn-primary.btnControls' in '10' second(s)

2021-11-23 16:54:14 - [MESSAGE][INFO] - Smart Wait Function is triggered

2021-11-23 16:54:15 - [MESSAGE][INFO] - Found 9 web elements with id: 'Object Repository/Butonlar/Butonlar' located by 'By.cssSelector: .panel.panel-default.text-center.footerPanel .btn,.btn.btn-primary.btnControls' in '10' second(s)

2021-11-23 16:54:15 - [MESSAGE][PASSED] - Method.TextDegerineEsitElementeTiklaEquals is PASSED

2021-11-23 16:54:15 - [MESSAGE][PASSED] - Call Test Case 'Test Cases/Butonlar/ButonaTikla' successfully

2021-11-23 16:54:15 - [MESSAGE][INFO] - Checking called Test Case

2021-11-23 16:54:15 - [MESSAGE][INFO] - Starting to call Test Case 'Test Cases/Olusturma/Genel/GorselTasarimSayfasıBasligiIceriyorMu'

2021-11-23 16:54:15 - [TEST_CASE][PASSED] - Test Cases/Olusturma/Genel/GorselTasarimSayfasıBasligiIceriyorMu: Test Cases/Olusturma/Genel/GorselTasarimSayfasıBasligiIceriyorMu

2021-11-23 16:54:15 - [TEST_STEP][PASSED] - verifyElementText(findTestObject("Object Repository/Olusturma/Genel/GorselTasarimBaslik"), Baslik): Actual text and expected text of test object 'Object Repository/Olusturma/Genel/GorselTasarimBaslik' are matched.

2021-11-23 16:54:15 - [MESSAGE][INFO] - Finding Test Object 'Object Repository/Olusturma/Genel/GorselTasarimBaslik'

2021-11-23 16:54:15 - [MESSAGE][INFO] - Checking object

2021-11-23 16:54:15 - [MESSAGE][INFO] - Finding web element from Test Object's properties

2021-11-23 16:54:15 - [MESSAGE][INFO] - Checking timeout

2021-11-23 16:54:15 - [MESSAGE][INFO] - Finding web element with id: 'Object Repository/Olusturma/Genel/GorselTasarimBaslik' located by 'By.cssSelector: #flAlici_0>div>span' in '30' second(s)

2021-11-23 16:54:15 - [MESSAGE][INFO] - Smart Wait Function is triggered

2021-11-23 16:54:22 - [MESSAGE][INFO] - Found 1 web elements with id: 'Object Repository/Olusturma/Genel/GorselTasarimBaslik' located by 'By.cssSelector: #flAlici_0>div>span' in '30' second(s)

2021-11-23 16:54:22 - [MESSAGE][PASSED] - Actual text and expected text of test object 'Object Repository/Olusturma/Genel/GorselTasarimBaslik' are matched.

2021-11-23 16:54:22 - [MESSAGE][PASSED] - Call Test Case 'Test Cases/Olusturma/Genel/GorselTasarimSayfasıBasligiIceriyorMu' successfully

2021-11-23 16:54:22 - [MESSAGE][INFO] - Checking called Test Case

2021-11-23 16:54:22 - [MESSAGE][INFO] - Starting to call Test Case 'Test Cases/Olusturma/Genel/AliciSecilir'

2021-11-23 16:54:22 - [TEST_CASE][PASSED] - Test Cases/Olusturma/Genel/AliciSecilir: Test Cases/Olusturma/Genel/AliciSecilir

2021-11-23 16:54:22 - [TEST_STEP][PASSED] - click(findTestObject("Olusturma/Genel/AliciBilgisi/Alici_Ara")): Object: 'Object Repository/Olusturma/Genel/AliciBilgisi/Alici_Ara' is clicked on

2021-11-23 16:54:22 - [MESSAGE][INFO] - Finding Test Object 'Object Repository/Olusturma/Genel/AliciBilgisi/Alici_Ara'

2021-11-23 16:54:22 - [MESSAGE][INFO] - Checking object

2021-11-23 16:54:22 - [MESSAGE][INFO] - Finding web element from Test Object's properties

2021-11-23 16:54:22 - [MESSAGE][INFO] - Checking timeout

2021-11-23 16:54:22 - [MESSAGE][INFO] - Finding web element with id: 'Object Repository/Olusturma/Genel/AliciBilgisi/Alici_Ara' located by 'By.xpath: //td[@id='txtCustomerText_B-1']' in '30' second(s)

2021-11-23 16:54:22 - [MESSAGE][INFO] - Smart Wait Function is triggered

2021-11-23 16:54:22 - [MESSAGE][INFO] - Found 1 web elements with id: 'Object Repository/Olusturma/Genel/AliciBilgisi/Alici_Ara' located by 'By.xpath: //td[@id='txtCustomerText_B-1']' in '30' second(s)

2021-11-23 16:54:22 - [MESSAGE][INFO] - Clicking on object: 'Object Repository/Olusturma/Genel/AliciBilgisi/Alici_Ara'

2021-11-23 16:54:22 - [MESSAGE][PASSED] - Object: 'Object Repository/Olusturma/Genel/AliciBilgisi/Alici_Ara' is clicked on

2021-11-23 16:54:22 - [TEST_STEP][PASSED] - click(findTestObject("Olusturma/Genel/AliciBilgisi/Alici_Bilgisi")): Object: 'Object Repository/Olusturma/Genel/AliciBilgisi/Alici_Bilgisi' is clicked on

2021-11-23 16:54:22 - [MESSAGE][INFO] - Finding Test Object 'Object Repository/Olusturma/Genel/AliciBilgisi/Alici_Bilgisi'

2021-11-23 16:54:22 - [MESSAGE][INFO] - Checking object

2021-11-23 16:54:22 - [MESSAGE][INFO] - Finding web element from Test Object's properties

2021-11-23 16:54:22 - [MESSAGE][INFO] - Checking timeout

2021-11-23 16:54:22 - [MESSAGE][INFO] - Finding web element with id: 'Object Repository/Olusturma/Genel/AliciBilgisi/Alici_Bilgisi' located by 'By.xpath: //iframe[@id='customerselectiframe']' in '30' second(s)

2021-11-23 16:54:22 - [MESSAGE][INFO] - Smart Wait Function is triggered

2021-11-23 16:54:23 - [MESSAGE][INFO] - Found 1 web elements with id: 'Object Repository/Olusturma/Genel/AliciBilgisi/Alici_Bilgisi' located by 'By.xpath: //iframe[@id='customerselectiframe']' in '30' second(s)

2021-11-23 16:54:23 - [MESSAGE][INFO] - Clicking on object: 'Object Repository/Olusturma/Genel/AliciBilgisi/Alici_Bilgisi'

2021-11-23 16:54:23 - [MESSAGE][PASSED] - Object: 'Object Repository/Olusturma/Genel/AliciBilgisi/Alici_Bilgisi' is clicked on

2021-11-23 16:54:23 - [TEST_STEP][PASSED] - setText(findTestObject("Olusturma/Genel/AliciBilgisi/Alici_Gir"), Alici_Adi): Switching to default content

2021-11-23 16:54:23 - [MESSAGE][INFO] - Finding Test Object 'Object Repository/Olusturma/Genel/AliciBilgisi/Alici_Gir'

2021-11-23 16:54:23 - [MESSAGE][INFO] - Finding Test Object 'Object Repository/Olusturma/Genel/AliciBilgisi/Alici_Bilgisi'

2021-11-23 16:54:23 - [MESSAGE][INFO] - Checking object

2021-11-23 16:54:23 - [MESSAGE][INFO] - Checking text

2021-11-23 16:54:23 - [MESSAGE][INFO] - Object: 'Object Repository/Olusturma/Genel/AliciBilgisi/Alici_Gir' has parent object(s)

2021-11-23 16:54:23 - [MESSAGE][INFO] - Switching to iframe: 'Object Repository/Olusturma/Genel/AliciBilgisi/Alici_Bilgisi'

2021-11-23 16:54:23 - [MESSAGE][INFO] - Finding web element from Test Object's properties

2021-11-23 16:54:23 - [MESSAGE][INFO] - Checking timeout

2021-11-23 16:54:23 - [MESSAGE][INFO] - Finding web element with id: 'Object Repository/Olusturma/Genel/AliciBilgisi/Alici_Bilgisi' located by 'By.xpath: //iframe[@id='customerselectiframe']' in '30' second(s)

2021-11-23 16:54:23 - [MESSAGE][INFO] - Smart Wait Function is triggered

2021-11-23 16:54:23 - [MESSAGE][INFO] - Found 1 web elements with id: 'Object Repository/Olusturma/Genel/AliciBilgisi/Alici_Bilgisi' located by 'By.xpath: //iframe[@id='customerselectiframe']' in '30' second(s)

2021-11-23 16:54:23 - [MESSAGE][INFO] - Switched to iframe: 'Object Repository/Olusturma/Genel/AliciBilgisi/Alici_Bilgisi'

2021-11-23 16:54:23 - [MESSAGE][INFO] - Finding web element from Test Object's properties

2021-11-23 16:54:23 - [MESSAGE][INFO] - Checking timeout

2021-11-23 16:54:23 - [MESSAGE][INFO] - Finding web element with id: 'Object Repository/Olusturma/Genel/AliciBilgisi/Alici_Gir' located by 'By.xpath: //input[@id='GridViewCustomer_DXFREditorcol1_I']' in '30' second(s)

2021-11-23 16:54:23 - [MESSAGE][INFO] - Smart Wait Function is triggered

2021-11-23 16:54:23 - [MESSAGE][INFO] - Found 1 web elements with id: 'Object Repository/Olusturma/Genel/AliciBilgisi/Alici_Gir' located by 'By.xpath: //input[@id='GridViewCustomer_DXFREditorcol1_I']' in '30' second(s)

2021-11-23 16:54:23 - [MESSAGE][INFO] - Clearing text of object 'Object Repository/Olusturma/Genel/AliciBilgisi/Alici_Gir'

2021-11-23 16:54:23 - [MESSAGE][INFO] - Finding web element from Test Object's properties

2021-11-23 16:54:23 - [MESSAGE][INFO] - Checking timeout

2021-11-23 16:54:23 - [MESSAGE][INFO] - Finding web element with id: 'Object Repository/Olusturma/Genel/AliciBilgisi/Alici_Gir' located by 'By.xpath: //input[@id='GridViewCustomer_DXFREditorcol1_I']' in '30' second(s)

2021-11-23 16:54:23 - [MESSAGE][INFO] - Smart Wait Function is triggered

2021-11-23 16:54:23 - [MESSAGE][INFO] - Found 1 web elements with id: 'Object Repository/Olusturma/Genel/AliciBilgisi/Alici_Gir' located by 'By.xpath: //input[@id='GridViewCustomer_DXFREditorcol1_I']' in '30' second(s)

2021-11-23 16:54:23 - [MESSAGE][INFO] - Setting text of object 'Object Repository/Olusturma/Genel/AliciBilgisi/Alici_Gir' to value 'UC0009'

2021-11-23 16:54:24 - [MESSAGE][PASSED] - Text 'UC0009' is set on object 'Object Repository/Olusturma/Genel/AliciBilgisi/Alici_Gir'

2021-11-23 16:54:24 - [MESSAGE][INFO] - Switching to default content

2021-11-23 16:54:24 - [TEST_STEP][PASSED] - waitForElementClickable(findTestObject("Olusturma/Genel/AliciBilgisi/Alici_Adi"), 10): Switching to default content

2021-11-23 16:54:24 - [MESSAGE][INFO] - Finding Test Object 'Object Repository/Olusturma/Genel/AliciBilgisi/Alici_Adi'

2021-11-23 16:54:24 - [MESSAGE][INFO] - Finding Test Object 'Object Repository/Olusturma/Genel/AliciBilgisi/iframe_Alc Bilgisi_customerselectiframe'

2021-11-23 16:54:24 - [MESSAGE][INFO] - Checking object

2021-11-23 16:54:24 - [MESSAGE][INFO] - Checking timeout

2021-11-23 16:54:24 - [MESSAGE][INFO] - Object: 'Object Repository/Olusturma/Genel/AliciBilgisi/Alici_Adi' has parent object(s)

2021-11-23 16:54:24 - [MESSAGE][INFO] - Switching to iframe: 'Object Repository/Olusturma/Genel/AliciBilgisi/iframe_Alc Bilgisi_customerselectiframe'

2021-11-23 16:54:24 - [MESSAGE][INFO] - Finding web element from Test Object's properties

2021-11-23 16:54:24 - [MESSAGE][INFO] - Checking timeout

2021-11-23 16:54:24 - [MESSAGE][INFO] - Finding web element with id: 'Object Repository/Olusturma/Genel/AliciBilgisi/iframe_Alc Bilgisi_customerselectiframe' located by 'By.xpath: //iframe[@id='customerselectiframe']' in '10' second(s)

2021-11-23 16:54:24 - [MESSAGE][INFO] - Smart Wait Function is triggered

2021-11-23 16:54:24 - [MESSAGE][INFO] - Found 1 web elements with id: 'Object Repository/Olusturma/Genel/AliciBilgisi/iframe_Alc Bilgisi_customerselectiframe' located by 'By.xpath: //iframe[@id='customerselectiframe']' in '10' second(s)

2021-11-23 16:54:24 - [MESSAGE][INFO] - Switched to iframe: 'Object Repository/Olusturma/Genel/AliciBilgisi/iframe_Alc Bilgisi_customerselectiframe'

2021-11-23 16:54:24 - [MESSAGE][INFO] - Finding web element from Test Object's properties

2021-11-23 16:54:24 - [MESSAGE][INFO] - Checking timeout

2021-11-23 16:54:24 - [MESSAGE][INFO] - Finding web element with id: 'Object Repository/Olusturma/Genel/AliciBilgisi/Alici_Adi' located by 'By.xpath: //tr[@id='GridViewCustomer_DXDataRow0']/td[2]' in '10' second(s)

2021-11-23 16:54:24 - [MESSAGE][INFO] - Smart Wait Function is triggered

2021-11-23 16:54:24 - [MESSAGE][INFO] - Found 1 web elements with id: 'Object Repository/Olusturma/Genel/AliciBilgisi/Alici_Adi' located by 'By.xpath: //tr[@id='GridViewCustomer_DXDataRow0']/td[2]' in '10' second(s)

2021-11-23 16:54:24 - [MESSAGE][PASSED] - Object 'Object Repository/Olusturma/Genel/AliciBilgisi/Alici_Adi' is clickable

2021-11-23 16:54:24 - [MESSAGE][INFO] - Switching to default content

2021-11-23 16:54:24 - [TEST_STEP][PASSED] - click(findTestObject("Olusturma/Genel/AliciBilgisi/frame")): Switching to default content

2021-11-23 16:54:24 - [MESSAGE][INFO] - Finding Test Object 'Object Repository/Olusturma/Genel/AliciBilgisi/frame'

2021-11-23 16:54:24 - [MESSAGE][INFO] - Finding Test Object 'Object Repository/Olusturma/Genel/AliciBilgisi/iframe_Alc Bilgisi_customerselectiframe'

2021-11-23 16:54:24 - [MESSAGE][INFO] - Checking object

2021-11-23 16:54:24 - [MESSAGE][INFO] - Object: 'Object Repository/Olusturma/Genel/AliciBilgisi/frame' has parent object(s)

2021-11-23 16:54:24 - [MESSAGE][INFO] - Switching to iframe: 'Object Repository/Olusturma/Genel/AliciBilgisi/iframe_Alc Bilgisi_customerselectiframe'

2021-11-23 16:54:24 - [MESSAGE][INFO] - Finding web element from Test Object's properties

2021-11-23 16:54:24 - [MESSAGE][INFO] - Checking timeout

2021-11-23 16:54:24 - [MESSAGE][INFO] - Finding web element with id: 'Object Repository/Olusturma/Genel/AliciBilgisi/iframe_Alc Bilgisi_customerselectiframe' located by 'By.xpath: //iframe[@id='customerselectiframe']' in '30' second(s)

2021-11-23 16:54:24 - [MESSAGE][INFO] - Smart Wait Function is triggered

2021-11-23 16:54:24 - [MESSAGE][INFO] - Found 1 web elements with id: 'Object Repository/Olusturma/Genel/AliciBilgisi/iframe_Alc Bilgisi_customerselectiframe' located by 'By.xpath: //iframe[@id='customerselectiframe']' in '30' second(s)

2021-11-23 16:54:24 - [MESSAGE][INFO] - Switched to iframe: 'Object Repository/Olusturma/Genel/AliciBilgisi/iframe_Alc Bilgisi_customerselectiframe'

2021-11-23 16:54:24 - [MESSAGE][INFO] - Finding web element from Test Object's properties

2021-11-23 16:54:24 - [MESSAGE][INFO] - Checking timeout

2021-11-23 16:54:24 - [MESSAGE][INFO] - Finding web element with id: 'Object Repository/Olusturma/Genel/AliciBilgisi/frame' located by 'By.xpath: //*/text()[normalize-space(.)='']/parent::*' in '30' second(s)

2021-11-23 16:54:24 - [MESSAGE][INFO] - Smart Wait Function is triggered

2021-11-23 16:54:25 - [MESSAGE][INFO] - Found 66 web elements with id: 'Object Repository/Olusturma/Genel/AliciBilgisi/frame' located by 'By.xpath: //*/text()[normalize-space(.)='']/parent::*' in '30' second(s)

2021-11-23 16:54:25 - [MESSAGE][INFO] - Clicking on object: 'Object Repository/Olusturma/Genel/AliciBilgisi/frame'

2021-11-23 16:54:25 - [MESSAGE][PASSED] - Object: 'Object Repository/Olusturma/Genel/AliciBilgisi/frame' is clicked on

2021-11-23 16:54:25 - [MESSAGE][INFO] - Switching to default content

2021-11-23 16:54:25 - [TEST_STEP][PASSED] - click(findTestObject("Olusturma/Genel/AliciBilgisi/Alici_Adi")): Switching to default content

2021-11-23 16:54:25 - [MESSAGE][INFO] - Finding Test Object 'Object Repository/Olusturma/Genel/AliciBilgisi/Alici_Adi'

2021-11-23 16:54:25 - [MESSAGE][INFO] - Finding Test Object 'Object Repository/Olusturma/Genel/AliciBilgisi/iframe_Alc Bilgisi_customerselectiframe'

2021-11-23 16:54:25 - [MESSAGE][INFO] - Checking object

2021-11-23 16:54:25 - [MESSAGE][INFO] - Object: 'Object Repository/Olusturma/Genel/AliciBilgisi/Alici_Adi' has parent object(s)

2021-11-23 16:54:25 - [MESSAGE][INFO] - Switching to iframe: 'Object Repository/Olusturma/Genel/AliciBilgisi/iframe_Alc Bilgisi_customerselectiframe'

2021-11-23 16:54:25 - [MESSAGE][INFO] - Finding web element from Test Object's properties

2021-11-23 16:54:25 - [MESSAGE][INFO] - Checking timeout

2021-11-23 16:54:25 - [MESSAGE][INFO] - Finding web element with id: 'Object Repository/Olusturma/Genel/AliciBilgisi/iframe_Alc Bilgisi_customerselectiframe' located by 'By.xpath: //iframe[@id='customerselectiframe']' in '30' second(s)

2021-11-23 16:54:25 - [MESSAGE][INFO] - Smart Wait Function is triggered

2021-11-23 16:54:25 - [MESSAGE][INFO] - Found 1 web elements with id: 'Object Repository/Olusturma/Genel/AliciBilgisi/iframe_Alc Bilgisi_customerselectiframe' located by 'By.xpath: //iframe[@id='customerselectiframe']' in '30' second(s)

2021-11-23 16:54:25 - [MESSAGE][INFO] - Switched to iframe: 'Object Repository/Olusturma/Genel/AliciBilgisi/iframe_Alc Bilgisi_customerselectiframe'

2021-11-23 16:54:25 - [MESSAGE][INFO] - Finding web element from Test Object's properties

2021-11-23 16:54:25 - [MESSAGE][INFO] - Checking timeout

2021-11-23 16:54:25 - [MESSAGE][INFO] - Finding web element with id: 'Object Repository/Olusturma/Genel/AliciBilgisi/Alici_Adi' located by 'By.xpath: //tr[@id='GridViewCustomer_DXDataRow0']/td[2]' in '30' second(s)

2021-11-23 16:54:25 - [MESSAGE][INFO] - Smart Wait Function is triggered

2021-11-23 16:54:25 - [MESSAGE][INFO] - Found 1 web elements with id: 'Object Repository/Olusturma/Genel/AliciBilgisi/Alici_Adi' located by 'By.xpath: //tr[@id='GridViewCustomer_DXDataRow0']/td[2]' in '30' second(s)

2021-11-23 16:54:25 - [MESSAGE][INFO] - Clicking on object: 'Object Repository/Olusturma/Genel/AliciBilgisi/Alici_Adi'

2021-11-23 16:54:25 - [MESSAGE][PASSED] - Object: 'Object Repository/Olusturma/Genel/AliciBilgisi/Alici_Adi' is clicked on

2021-11-23 16:54:25 - [MESSAGE][INFO] - Switching to default content

2021-11-23 16:54:25 - [TEST_STEP][PASSED] - click(findTestObject("Olusturma/Genel/AliciBilgisi/Tamam_Bosluk")): Switching to default content

2021-11-23 16:54:25 - [MESSAGE][INFO] - Finding Test Object 'Object Repository/Olusturma/Genel/AliciBilgisi/Tamam_Bosluk'

2021-11-23 16:54:25 - [MESSAGE][INFO] - Finding Test Object 'Object Repository/Olusturma/Genel/AliciBilgisi/Alici_Bilgisi'

2021-11-23 16:54:25 - [MESSAGE][INFO] - Checking object

2021-11-23 16:54:25 - [MESSAGE][INFO] - Object: 'Object Repository/Olusturma/Genel/AliciBilgisi/Tamam_Bosluk' has parent object(s)

2021-11-23 16:54:25 - [MESSAGE][INFO] - Switching to iframe: 'Object Repository/Olusturma/Genel/AliciBilgisi/Alici_Bilgisi'

2021-11-23 16:54:25 - [MESSAGE][INFO] - Finding web element from Test Object's properties

2021-11-23 16:54:25 - [MESSAGE][INFO] - Checking timeout

2021-11-23 16:54:25 - [MESSAGE][INFO] - Finding web element with id: 'Object Repository/Olusturma/Genel/AliciBilgisi/Alici_Bilgisi' located by 'By.xpath: //iframe[@id='customerselectiframe']' in '30' second(s)

2021-11-23 16:54:25 - [MESSAGE][INFO] - Smart Wait Function is triggered

2021-11-23 16:54:26 - [MESSAGE][INFO] - Found 1 web elements with id: 'Object Repository/Olusturma/Genel/AliciBilgisi/Alici_Bilgisi' located by 'By.xpath: //iframe[@id='customerselectiframe']' in '30' second(s)

2021-11-23 16:54:26 - [MESSAGE][INFO] - Switched to iframe: 'Object Repository/Olusturma/Genel/AliciBilgisi/Alici_Bilgisi'

2021-11-23 16:54:26 - [MESSAGE][INFO] - Finding web element from Test Object's properties

2021-11-23 16:54:26 - [MESSAGE][INFO] - Checking timeout

2021-11-23 16:54:26 - [MESSAGE][INFO] - Finding web element with id: 'Object Repository/Olusturma/Genel/AliciBilgisi/Tamam_Bosluk' located by 'By.xpath: (.//*[normalize-space(text()) and normalize-space(.)='Sayfa Boyutu:'])[1]/following::div[7]' in '30' second(s)

2021-11-23 16:54:26 - [MESSAGE][INFO] - Smart Wait Function is triggered

2021-11-23 16:54:26 - [MESSAGE][INFO] - Found 1 web elements with id: 'Object Repository/Olusturma/Genel/AliciBilgisi/Tamam_Bosluk' located by 'By.xpath: (.//*[normalize-space(text()) and normalize-space(.)='Sayfa Boyutu:'])[1]/following::div[7]' in '30' second(s)

2021-11-23 16:54:26 - [MESSAGE][INFO] - Clicking on object: 'Object Repository/Olusturma/Genel/AliciBilgisi/Tamam_Bosluk'

2021-11-23 16:54:26 - [MESSAGE][PASSED] - Object: 'Object Repository/Olusturma/Genel/AliciBilgisi/Tamam_Bosluk' is clicked on

2021-11-23 16:54:26 - [MESSAGE][INFO] - Switching to default content

2021-11-23 16:54:26 - [TEST_STEP][PASSED] - waitForElementClickable(findTestObject("Olusturma/Genel/AliciBilgisi/Tamam_Butonu"), 10): Switching to default content

2021-11-23 16:54:26 - [MESSAGE][INFO] - Finding Test Object 'Object Repository/Olusturma/Genel/AliciBilgisi/Tamam_Butonu'

2021-11-23 16:54:26 - [MESSAGE][INFO] - Finding Test Object 'Object Repository/Olusturma/Genel/AliciBilgisi/Alici_Bilgisi'

2021-11-23 16:54:26 - [MESSAGE][INFO] - Checking object

2021-11-23 16:54:26 - [MESSAGE][INFO] - Checking timeout

2021-11-23 16:54:26 - [MESSAGE][INFO] - Object: 'Object Repository/Olusturma/Genel/AliciBilgisi/Tamam_Butonu' has parent object(s)

2021-11-23 16:54:26 - [MESSAGE][INFO] - Switching to iframe: 'Object Repository/Olusturma/Genel/AliciBilgisi/Alici_Bilgisi'

2021-11-23 16:54:26 - [MESSAGE][INFO] - Finding web element from Test Object's properties

2021-11-23 16:54:26 - [MESSAGE][INFO] - Checking timeout

2021-11-23 16:54:26 - [MESSAGE][INFO] - Finding web element with id: 'Object Repository/Olusturma/Genel/AliciBilgisi/Alici_Bilgisi' located by 'By.xpath: //iframe[@id='customerselectiframe']' in '10' second(s)

2021-11-23 16:54:26 - [MESSAGE][INFO] - Smart Wait Function is triggered

2021-11-23 16:54:26 - [MESSAGE][INFO] - Found 1 web elements with id: 'Object Repository/Olusturma/Genel/AliciBilgisi/Alici_Bilgisi' located by 'By.xpath: //iframe[@id='customerselectiframe']' in '10' second(s)

2021-11-23 16:54:26 - [MESSAGE][INFO] - Switched to iframe: 'Object Repository/Olusturma/Genel/AliciBilgisi/Alici_Bilgisi'

2021-11-23 16:54:26 - [MESSAGE][INFO] - Finding web element from Test Object's properties

2021-11-23 16:54:26 - [MESSAGE][INFO] - Checking timeout

2021-11-23 16:54:26 - [MESSAGE][INFO] - Finding web element with id: 'Object Repository/Olusturma/Genel/AliciBilgisi/Tamam_Butonu' located by 'By.xpath: //div[@id='btnSelectCustomer_CD']/span' in '10' second(s)

2021-11-23 16:54:26 - [MESSAGE][INFO] - Smart Wait Function is triggered

2021-11-23 16:54:26 - [MESSAGE][INFO] - Found 1 web elements with id: 'Object Repository/Olusturma/Genel/AliciBilgisi/Tamam_Butonu' located by 'By.xpath: //div[@id='btnSelectCustomer_CD']/span' in '10' second(s)

2021-11-23 16:54:26 - [MESSAGE][PASSED] - Object 'Object Repository/Olusturma/Genel/AliciBilgisi/Tamam_Butonu' is clickable

2021-11-23 16:54:26 - [MESSAGE][INFO] - Switching to default content

2021-11-23 16:54:26 - [TEST_STEP][PASSED] - click(findTestObject("Olusturma/Genel/AliciBilgisi/Tamam_Butonu")): Switching to default content

2021-11-23 16:54:26 - [MESSAGE][INFO] - Finding Test Object 'Object Repository/Olusturma/Genel/AliciBilgisi/Tamam_Butonu'

2021-11-23 16:54:26 - [MESSAGE][INFO] - Finding Test Object 'Object Repository/Olusturma/Genel/AliciBilgisi/Alici_Bilgisi'

2021-11-23 16:54:26 - [MESSAGE][INFO] - Checking object

2021-11-23 16:54:26 - [MESSAGE][INFO] - Object: 'Object Repository/Olusturma/Genel/AliciBilgisi/Tamam_Butonu' has parent object(s)

2021-11-23 16:54:26 - [MESSAGE][INFO] - Switching to iframe: 'Object Repository/Olusturma/Genel/AliciBilgisi/Alici_Bilgisi'

2021-11-23 16:54:26 - [MESSAGE][INFO] - Finding web element from Test Object's properties

2021-11-23 16:54:26 - [MESSAGE][INFO] - Checking timeout

2021-11-23 16:54:26 - [MESSAGE][INFO] - Finding web element with id: 'Object Repository/Olusturma/Genel/AliciBilgisi/Alici_Bilgisi' located by 'By.xpath: //iframe[@id='customerselectiframe']' in '30' second(s)

2021-11-23 16:54:26 - [MESSAGE][INFO] - Smart Wait Function is triggered

2021-11-23 16:54:27 - [MESSAGE][INFO] - Found 1 web elements with id: 'Object Repository/Olusturma/Genel/AliciBilgisi/Alici_Bilgisi' located by 'By.xpath: //iframe[@id='customerselectiframe']' in '30' second(s)

2021-11-23 16:54:27 - [MESSAGE][INFO] - Switched to iframe: 'Object Repository/Olusturma/Genel/AliciBilgisi/Alici_Bilgisi'

2021-11-23 16:54:27 - [MESSAGE][INFO] - Finding web element from Test Object's properties

2021-11-23 16:54:27 - [MESSAGE][INFO] - Checking timeout

2021-11-23 16:54:27 - [MESSAGE][INFO] - Finding web element with id: 'Object Repository/Olusturma/Genel/AliciBilgisi/Tamam_Butonu' located by 'By.xpath: //div[@id='btnSelectCustomer_CD']/span' in '30' second(s)

2021-11-23 16:54:27 - [MESSAGE][INFO] - Smart Wait Function is triggered

2021-11-23 16:54:27 - [MESSAGE][INFO] - Found 1 web elements with id: 'Object Repository/Olusturma/Genel/AliciBilgisi/Tamam_Butonu' located by 'By.xpath: //div[@id='btnSelectCustomer_CD']/span' in '30' second(s)

2021-11-23 16:54:27 - [MESSAGE][INFO] - Clicking on object: 'Object Repository/Olusturma/Genel/AliciBilgisi/Tamam_Butonu'

2021-11-23 16:54:27 - [MESSAGE][PASSED] - Object: 'Object Repository/Olusturma/Genel/AliciBilgisi/Tamam_Butonu' is clicked on

2021-11-23 16:54:27 - [MESSAGE][INFO] - Switching to default content

2021-11-23 16:54:27 - [TEST_STEP][PASSED] - waitForElementPresent(findTestObject("Olusturma/Genel/AliciBilgisi/VKN-TCKN"), 10): Object 'Object Repository/Olusturma/Genel/AliciBilgisi/VKN-TCKN' is present

2021-11-23 16:54:27 - [MESSAGE][INFO] - Finding Test Object 'Object Repository/Olusturma/Genel/AliciBilgisi/VKN-TCKN'

2021-11-23 16:54:27 - [MESSAGE][INFO] - Checking object

2021-11-23 16:54:27 - [MESSAGE][INFO] - Finding web element from Test Object's properties

2021-11-23 16:54:27 - [MESSAGE][INFO] - Checking timeout

2021-11-23 16:54:27 - [MESSAGE][INFO] - Finding web element with id: 'Object Repository/Olusturma/Genel/AliciBilgisi/VKN-TCKN' located by 'By.xpath: //*[@id = 'txtVknTckn_I']' in '10' second(s)

2021-11-23 16:54:27 - [MESSAGE][INFO] - Smart Wait Function is triggered

2021-11-23 16:54:27 - [MESSAGE][INFO] - Found 1 web elements with id: 'Object Repository/Olusturma/Genel/AliciBilgisi/VKN-TCKN' located by 'By.xpath: //*[@id = 'txtVknTckn_I']' in '10' second(s)

2021-11-23 16:54:27 - [MESSAGE][PASSED] - Object 'Object Repository/Olusturma/Genel/AliciBilgisi/VKN-TCKN' is present

2021-11-23 16:54:27 - [TEST_STEP][PASSED] - text = getAttribute(findTestObject("Olusturma/Genel/AliciBilgisi/VKN-TCKN"), "value"): Attribute 'value' of object 'Object Repository/Olusturma/Genel/AliciBilgisi/VKN-TCKN' is: '5325011910'

2021-11-23 16:54:27 - [MESSAGE][INFO] - Finding Test Object 'Object Repository/Olusturma/Genel/AliciBilgisi/VKN-TCKN'

2021-11-23 16:54:27 - [MESSAGE][INFO] - Checking object

2021-11-23 16:54:27 - [MESSAGE][INFO] - Checking attribute

2021-11-23 16:54:27 - [MESSAGE][INFO] - Finding web element from Test Object's properties

2021-11-23 16:54:27 - [MESSAGE][INFO] - Checking timeout

2021-11-23 16:54:27 - [MESSAGE][INFO] - Finding web element with id: 'Object Repository/Olusturma/Genel/AliciBilgisi/VKN-TCKN' located by 'By.xpath: //*[@id = 'txtVknTckn_I']' in '30' second(s)

2021-11-23 16:54:27 - [MESSAGE][INFO] - Smart Wait Function is triggered

2021-11-23 16:54:28 - [MESSAGE][INFO] - Found 1 web elements with id: 'Object Repository/Olusturma/Genel/AliciBilgisi/VKN-TCKN' located by 'By.xpath: //*[@id = 'txtVknTckn_I']' in '30' second(s)

2021-11-23 16:54:28 - [MESSAGE][INFO] - Getting attribute 'value' of object 'Object Repository/Olusturma/Genel/AliciBilgisi/VKN-TCKN'

2021-11-23 16:54:28 - [MESSAGE][PASSED] - Attribute 'value' of object 'Object Repository/Olusturma/Genel/AliciBilgisi/VKN-TCKN' is: '5325011910'

2021-11-23 16:54:28 - [TEST_STEP][PASSED] - if (text.equals("")): null

2021-11-23 16:54:28 - [MESSAGE][PASSED] - Call Test Case 'Test Cases/Olusturma/Genel/AliciSecilir' successfully

2021-11-23 16:54:28 - [MESSAGE][INFO] - Checking called Test Case

2021-11-23 16:54:28 - [MESSAGE][INFO] - Starting to call Test Case 'Test Cases/Olusturma/Genel/GonderimSekliSecilir'

2021-11-23 16:54:28 - [TEST_CASE][PASSED] - Test Cases/Olusturma/Genel/GonderimSekliSecilir: Test Cases/Olusturma/Genel/GonderimSekliSecilir

2021-11-23 16:54:28 - [TEST_STEP][PASSED] - waitForElementClickable(findTestObject("Object Repository/Olusturma/Genel/GonderimSekli/GonderimSekli"), 10): Object 'Object Repository/Olusturma/Genel/GonderimSekli/GonderimSekli' is clickable

2021-11-23 16:54:28 - [MESSAGE][INFO] - Finding Test Object 'Object Repository/Olusturma/Genel/GonderimSekli/GonderimSekli'

2021-11-23 16:54:28 - [MESSAGE][INFO] - Checking object

2021-11-23 16:54:28 - [MESSAGE][INFO] - Checking timeout

2021-11-23 16:54:28 - [MESSAGE][INFO] - Finding web element from Test Object's properties

2021-11-23 16:54:28 - [MESSAGE][INFO] - Checking timeout

2021-11-23 16:54:28 - [MESSAGE][INFO] - Finding web element with id: 'Object Repository/Olusturma/Genel/GonderimSekli/GonderimSekli' located by 'By.xpath: //*[@id = 'txtGonderimSekil_I']' in '10' second(s)

2021-11-23 16:54:28 - [MESSAGE][INFO] - Smart Wait Function is triggered

2021-11-23 16:54:28 - [MESSAGE][INFO] - Found 1 web elements with id: 'Object Repository/Olusturma/Genel/GonderimSekli/GonderimSekli' located by 'By.xpath: //*[@id = 'txtGonderimSekil_I']' in '10' second(s)

2021-11-23 16:54:28 - [MESSAGE][PASSED] - Object 'Object Repository/Olusturma/Genel/GonderimSekli/GonderimSekli' is clickable

2021-11-23 16:54:28 - [TEST_STEP][PASSED] - click(findTestObject("Object Repository/Olusturma/Genel/GonderimSekli/GonderimSekli")): Object: 'Object Repository/Olusturma/Genel/GonderimSekli/GonderimSekli' is clicked on

2021-11-23 16:54:28 - [MESSAGE][INFO] - Finding Test Object 'Object Repository/Olusturma/Genel/GonderimSekli/GonderimSekli'

2021-11-23 16:54:28 - [MESSAGE][INFO] - Checking object

2021-11-23 16:54:28 - [MESSAGE][INFO] - Finding web element from Test Object's properties

2021-11-23 16:54:28 - [MESSAGE][INFO] - Checking timeout

2021-11-23 16:54:28 - [MESSAGE][INFO] - Finding web element with id: 'Object Repository/Olusturma/Genel/GonderimSekli/GonderimSekli' located by 'By.xpath: //*[@id = 'txtGonderimSekil_I']' in '30' second(s)

2021-11-23 16:54:28 - [MESSAGE][INFO] - Smart Wait Function is triggered

2021-11-23 16:54:29 - [MESSAGE][INFO] - Found 1 web elements with id: 'Object Repository/Olusturma/Genel/GonderimSekli/GonderimSekli' located by 'By.xpath: //*[@id = 'txtGonderimSekil_I']' in '30' second(s)

2021-11-23 16:54:29 - [MESSAGE][INFO] - Clicking on object: 'Object Repository/Olusturma/Genel/GonderimSekli/GonderimSekli'

2021-11-23 16:54:29 - [MESSAGE][PASSED] - Object: 'Object Repository/Olusturma/Genel/GonderimSekli/GonderimSekli' is clicked on

2021-11-23 16:54:29 - [TEST_STEP][PASSED] - Method.TextDegerineEsitElementeTikla(findTestObject("Object Repository/Olusturma/Genel/GonderimSekli/GonderimSekliAdi"), GonderimSekli): Method.TextDegerineEsitElementeTikla is PASSED

2021-11-23 16:54:29 - [MESSAGE][INFO] - Finding Test Object 'Object Repository/Olusturma/Genel/GonderimSekli/GonderimSekliAdi'

2021-11-23 16:54:29 - [MESSAGE][INFO] - Checking timeout

2021-11-23 16:54:29 - [MESSAGE][INFO] - Finding web element with id: 'Object Repository/Olusturma/Genel/GonderimSekli/GonderimSekliAdi' located by 'By.cssSelector: #txtGonderimSekil_DDD_L_LBT td' in '10' second(s)

2021-11-23 16:54:29 - [MESSAGE][INFO] - Smart Wait Function is triggered

2021-11-23 16:54:29 - [MESSAGE][INFO] - Found 2 web elements with id: 'Object Repository/Olusturma/Genel/GonderimSekli/GonderimSekliAdi' located by 'By.cssSelector: #txtGonderimSekil_DDD_L_LBT td' in '10' second(s)

2021-11-23 16:54:29 - [MESSAGE][PASSED] - Method.TextDegerineEsitElementeTikla is PASSED

2021-11-23 16:54:29 - [MESSAGE][PASSED] - Call Test Case 'Test Cases/Olusturma/Genel/GonderimSekliSecilir' successfully

2021-11-23 16:54:29 - [MESSAGE][INFO] - Checking called Test Case

2021-11-23 16:54:29 - [MESSAGE][INFO] - Starting to call Test Case 'Test Cases/Olusturma/Genel/TipSecilir'

2021-11-23 16:54:29 - [TEST_CASE][PASSED] - Test Cases/Olusturma/Genel/TipSecilir: Test Cases/Olusturma/Genel/TipSecilir

2021-11-23 16:54:29 - [TEST_STEP][PASSED] - waitForElementClickable(findTestObject("Olusturma/Genel/TipSecilir/Tip"), 10): Object 'Object Repository/Olusturma/Genel/TipSecilir/Tip' is clickable

2021-11-23 16:54:29 - [MESSAGE][INFO] - Finding Test Object 'Object Repository/Olusturma/Genel/TipSecilir/Tip'

2021-11-23 16:54:29 - [MESSAGE][INFO] - Checking object

2021-11-23 16:54:29 - [MESSAGE][INFO] - Checking timeout

2021-11-23 16:54:29 - [MESSAGE][INFO] - Finding web element from Test Object's properties

2021-11-23 16:54:29 - [MESSAGE][INFO] - Checking timeout

2021-11-23 16:54:29 - [MESSAGE][INFO] - Finding web element with id: 'Object Repository/Olusturma/Genel/TipSecilir/Tip' located by 'By.xpath: //*[@id = 'DocumentTypeCode_I']' in '10' second(s)

2021-11-23 16:54:29 - [MESSAGE][INFO] - Smart Wait Function is triggered

2021-11-23 16:54:30 - [MESSAGE][INFO] - Found 1 web elements with id: 'Object Repository/Olusturma/Genel/TipSecilir/Tip' located by 'By.xpath: //*[@id = 'DocumentTypeCode_I']' in '10' second(s)

2021-11-23 16:54:30 - [MESSAGE][PASSED] - Object 'Object Repository/Olusturma/Genel/TipSecilir/Tip' is clickable

2021-11-23 16:54:30 - [TEST_STEP][PASSED] - click(findTestObject("Olusturma/Genel/TipSecilir/Tip")): Object: 'Object Repository/Olusturma/Genel/TipSecilir/Tip' is clicked on

2021-11-23 16:54:30 - [MESSAGE][INFO] - Finding Test Object 'Object Repository/Olusturma/Genel/TipSecilir/Tip'

2021-11-23 16:54:30 - [MESSAGE][INFO] - Checking object

2021-11-23 16:54:30 - [MESSAGE][INFO] - Finding web element from Test Object's properties

2021-11-23 16:54:30 - [MESSAGE][INFO] - Checking timeout

2021-11-23 16:54:30 - [MESSAGE][INFO] - Finding web element with id: 'Object Repository/Olusturma/Genel/TipSecilir/Tip' located by 'By.xpath: //*[@id = 'DocumentTypeCode_I']' in '30' second(s)

2021-11-23 16:54:30 - [MESSAGE][INFO] - Smart Wait Function is triggered

2021-11-23 16:54:30 - [MESSAGE][INFO] - Found 1 web elements with id: 'Object Repository/Olusturma/Genel/TipSecilir/Tip' located by 'By.xpath: //*[@id = 'DocumentTypeCode_I']' in '30' second(s)

2021-11-23 16:54:30 - [MESSAGE][INFO] - Clicking on object: 'Object Repository/Olusturma/Genel/TipSecilir/Tip'

2021-11-23 16:54:30 - [MESSAGE][PASSED] - Object: 'Object Repository/Olusturma/Genel/TipSecilir/Tip' is clicked on

2021-11-23 16:54:30 - [TEST_STEP][PASSED] - Method.TextDegerineEsitElementeTikla(findTestObject("Object Repository/Olusturma/Genel/TipSecilir/Tip_Adi"), Tip): Method.TextDegerineEsitElementeTikla is PASSED

2021-11-23 16:54:30 - [MESSAGE][INFO] - Finding Test Object 'Object Repository/Olusturma/Genel/TipSecilir/Tip_Adi'

2021-11-23 16:54:30 - [MESSAGE][INFO] - Checking timeout

2021-11-23 16:54:30 - [MESSAGE][INFO] - Finding web element with id: 'Object Repository/Olusturma/Genel/TipSecilir/Tip_Adi' located by 'By.cssSelector: #DocumentTypeCode_DDD_L_LBT td' in '10' second(s)

2021-11-23 16:54:30 - [MESSAGE][INFO] - Smart Wait Function is triggered

2021-11-23 16:54:30 - [MESSAGE][INFO] - Found 9 web elements with id: 'Object Repository/Olusturma/Genel/TipSecilir/Tip_Adi' located by 'By.cssSelector: #DocumentTypeCode_DDD_L_LBT td' in '10' second(s)

2021-11-23 16:54:31 - [MESSAGE][PASSED] - Method.TextDegerineEsitElementeTikla is PASSED

2021-11-23 16:54:31 - [MESSAGE][PASSED] - Call Test Case 'Test Cases/Olusturma/Genel/TipSecilir' successfully

2021-11-23 16:54:31 - [MESSAGE][INFO] - Checking called Test Case

2021-11-23 16:54:31 - [MESSAGE][INFO] - Starting to call Test Case 'Test Cases/Olusturma/Genel/DokumanParaBirimiSecilir'

2021-11-23 16:54:31 - [TEST_CASE][PASSED] - Test Cases/Olusturma/Genel/DokumanParaBirimiSecilir: Test Cases/Olusturma/Genel/DokumanParaBirimiSecilir

2021-11-23 16:54:31 - [TEST_STEP][PASSED] - waitForElementClickable(findTestObject("Object Repository/Olusturma/Genel/DokumanParaBirimiSecilir/Para"), 10): Object 'Object Repository/Olusturma/Genel/DokumanParaBirimiSecilir/Para' is clickable

2021-11-23 16:54:31 - [MESSAGE][INFO] - Finding Test Object 'Object Repository/Olusturma/Genel/DokumanParaBirimiSecilir/Para'

2021-11-23 16:54:31 - [MESSAGE][INFO] - Checking object

2021-11-23 16:54:31 - [MESSAGE][INFO] - Checking timeout

2021-11-23 16:54:31 - [MESSAGE][INFO] - Finding web element from Test Object's properties

2021-11-23 16:54:31 - [MESSAGE][INFO] - Checking timeout

2021-11-23 16:54:31 - [MESSAGE][INFO] - Finding web element with id: 'Object Repository/Olusturma/Genel/DokumanParaBirimiSecilir/Para' located by 'By.xpath: //*[@id = 'CurrencyUnit_I']' in '10' second(s)

2021-11-23 16:54:31 - [MESSAGE][INFO] - Smart Wait Function is triggered

2021-11-23 16:54:32 - [MESSAGE][INFO] - Found 1 web elements with id: 'Object Repository/Olusturma/Genel/DokumanParaBirimiSecilir/Para' located by 'By.xpath: //*[@id = 'CurrencyUnit_I']' in '10' second(s)

2021-11-23 16:54:32 - [MESSAGE][PASSED] - Object 'Object Repository/Olusturma/Genel/DokumanParaBirimiSecilir/Para' is clickable

2021-11-23 16:54:32 - [TEST_STEP][PASSED] - click(findTestObject("Object Repository/Olusturma/Genel/DokumanParaBirimiSecilir/Para")): Object: 'Object Repository/Olusturma/Genel/DokumanParaBirimiSecilir/Para' is clicked on

2021-11-23 16:54:32 - [MESSAGE][INFO] - Finding Test Object 'Object Repository/Olusturma/Genel/DokumanParaBirimiSecilir/Para'

2021-11-23 16:54:32 - [MESSAGE][INFO] - Checking object

2021-11-23 16:54:32 - [MESSAGE][INFO] - Finding web element from Test Object's properties

2021-11-23 16:54:32 - [MESSAGE][INFO] - Checking timeout

2021-11-23 16:54:32 - [MESSAGE][INFO] - Finding web element with id: 'Object Repository/Olusturma/Genel/DokumanParaBirimiSecilir/Para' located by 'By.xpath: //*[@id = 'CurrencyUnit_I']' in '30' second(s)

2021-11-23 16:54:32 - [MESSAGE][INFO] - Smart Wait Function is triggered

2021-11-23 16:54:33 - [MESSAGE][INFO] - Found 1 web elements with id: 'Object Repository/Olusturma/Genel/DokumanParaBirimiSecilir/Para' located by 'By.xpath: //*[@id = 'CurrencyUnit_I']' in '30' second(s)

2021-11-23 16:54:33 - [MESSAGE][INFO] - Clicking on object: 'Object Repository/Olusturma/Genel/DokumanParaBirimiSecilir/Para'

2021-11-23 16:54:33 - [MESSAGE][PASSED] - Object: 'Object Repository/Olusturma/Genel/DokumanParaBirimiSecilir/Para' is clicked on

2021-11-23 16:54:33 - [TEST_STEP][PASSED] - Method.TextDegerineEsitElementeTikla(findTestObject("Object Repository/Olusturma/Genel/DokumanParaBirimiSecilir/Para_Adi"), Para): Method.TextDegerineEsitElementeTikla is PASSED

2021-11-23 16:54:33 - [MESSAGE][INFO] - Finding Test Object 'Object Repository/Olusturma/Genel/DokumanParaBirimiSecilir/Para_Adi'

2021-11-23 16:54:33 - [MESSAGE][INFO] - Checking timeout

2021-11-23 16:54:33 - [MESSAGE][INFO] - Finding web element with id: 'Object Repository/Olusturma/Genel/DokumanParaBirimiSecilir/Para_Adi' located by 'By.cssSelector: #CurrencyUnit_DDD_L_LBT td' in '10' second(s)

2021-11-23 16:54:33 - [MESSAGE][INFO] - Smart Wait Function is triggered

2021-11-23 16:54:33 - [MESSAGE][INFO] - Found 203 web elements with id: 'Object Repository/Olusturma/Genel/DokumanParaBirimiSecilir/Para_Adi' located by 'By.cssSelector: #CurrencyUnit_DDD_L_LBT td' in '10' second(s)

2021-11-23 16:54:38 - [MESSAGE][PASSED] - Method.TextDegerineEsitElementeTikla is PASSED

2021-11-23 16:54:38 - [MESSAGE][PASSED] - Call Test Case 'Test Cases/Olusturma/Genel/DokumanParaBirimiSecilir' successfully

2021-11-23 16:54:38 - [MESSAGE][INFO] - Checking called Test Case

2021-11-23 16:54:38 - [MESSAGE][INFO] - Starting to call Test Case 'Test Cases/Olusturma/Genel/OnEkSecilir'

2021-11-23 16:54:38 - [TEST_CASE][PASSED] - Test Cases/Olusturma/Genel/OnEkSecilir: Test Cases/Olusturma/Genel/OnEkSecilir

2021-11-23 16:54:38 - [TEST_STEP][PASSED] - waitForElementClickable(findTestObject("Object Repository/Olusturma/Genel/OnEkSecilir/OnEk"), 10): Object 'Object Repository/Olusturma/Genel/OnEkSecilir/OnEk' is clickable

2021-11-23 16:54:38 - [MESSAGE][INFO] - Finding Test Object 'Object Repository/Olusturma/Genel/OnEkSecilir/OnEk'

2021-11-23 16:54:38 - [MESSAGE][INFO] - Checking object

2021-11-23 16:54:38 - [MESSAGE][INFO] - Checking timeout

2021-11-23 16:54:38 - [MESSAGE][INFO] - Finding web element from Test Object's properties

2021-11-23 16:54:38 - [MESSAGE][INFO] - Checking timeout

2021-11-23 16:54:38 - [MESSAGE][INFO] - Finding web element with id: 'Object Repository/Olusturma/Genel/OnEkSecilir/OnEk' located by 'By.xpath: //*[@id = 'InvoicePrefix_I']' in '10' second(s)

2021-11-23 16:54:38 - [MESSAGE][INFO] - Smart Wait Function is triggered

2021-11-23 16:54:38 - [MESSAGE][INFO] - Found 1 web elements with id: 'Object Repository/Olusturma/Genel/OnEkSecilir/OnEk' located by 'By.xpath: //*[@id = 'InvoicePrefix_I']' in '10' second(s)

2021-11-23 16:54:38 - [MESSAGE][PASSED] - Object 'Object Repository/Olusturma/Genel/OnEkSecilir/OnEk' is clickable

2021-11-23 16:54:38 - [TEST_STEP][PASSED] - click(findTestObject("Object Repository/Olusturma/Genel/OnEkSecilir/OnEk")): Object: 'Object Repository/Olusturma/Genel/OnEkSecilir/OnEk' is clicked on

2021-11-23 16:54:38 - [MESSAGE][INFO] - Finding Test Object 'Object Repository/Olusturma/Genel/OnEkSecilir/OnEk'

2021-11-23 16:54:38 - [MESSAGE][INFO] - Checking object

2021-11-23 16:54:38 - [MESSAGE][INFO] - Finding web element from Test Object's properties

2021-11-23 16:54:38 - [MESSAGE][INFO] - Checking timeout

2021-11-23 16:54:38 - [MESSAGE][INFO] - Finding web element with id: 'Object Repository/Olusturma/Genel/OnEkSecilir/OnEk' located by 'By.xpath: //*[@id = 'InvoicePrefix_I']' in '30' second(s)

2021-11-23 16:54:38 - [MESSAGE][INFO] - Smart Wait Function is triggered

2021-11-23 16:54:39 - [MESSAGE][INFO] - Found 1 web elements with id: 'Object Repository/Olusturma/Genel/OnEkSecilir/OnEk' located by 'By.xpath: //*[@id = 'InvoicePrefix_I']' in '30' second(s)

2021-11-23 16:54:39 - [MESSAGE][INFO] - Clicking on object: 'Object Repository/Olusturma/Genel/OnEkSecilir/OnEk'

2021-11-23 16:54:39 - [MESSAGE][PASSED] - Object: 'Object Repository/Olusturma/Genel/OnEkSecilir/OnEk' is clicked on

2021-11-23 16:54:39 - [TEST_STEP][PASSED] - Method.TextDegerineEsitElementeTiklaEquals(findTestObject("Object Repository/Olusturma/Genel/OnEkSecilir/OnEkAdi"), Ek): Method.TextDegerineEsitElementeTiklaEquals is PASSED

2021-11-23 16:54:39 - [MESSAGE][INFO] - Finding Test Object 'Object Repository/Olusturma/Genel/OnEkSecilir/OnEkAdi'

2021-11-23 16:54:39 - [MESSAGE][INFO] - Checking timeout

2021-11-23 16:54:39 - [MESSAGE][INFO] - Finding web element with id: 'Object Repository/Olusturma/Genel/OnEkSecilir/OnEkAdi' located by 'By.cssSelector: #InvoicePrefix_DDD_L_LBT td' in '10' second(s)

2021-11-23 16:54:39 - [MESSAGE][INFO] - Smart Wait Function is triggered

2021-11-23 16:54:39 - [MESSAGE][INFO] - Found 1 web elements with id: 'Object Repository/Olusturma/Genel/OnEkSecilir/OnEkAdi' located by 'By.cssSelector: #InvoicePrefix_DDD_L_LBT td' in '10' second(s)

2021-11-23 16:54:39 - [MESSAGE][PASSED] - Method.TextDegerineEsitElementeTiklaEquals is PASSED

2021-11-23 16:54:39 - [MESSAGE][PASSED] - Call Test Case 'Test Cases/Olusturma/Genel/OnEkSecilir' successfully

2021-11-23 16:54:39 - [MESSAGE][INFO] - Checking called Test Case

2021-11-23 16:54:39 - [MESSAGE][INFO] - Starting to call Test Case 'Test Cases/Olusturma/Genel/TasarimSecilir'

2021-11-23 16:54:39 - [TEST_CASE][PASSED] - Test Cases/Olusturma/Genel/TasarimSecilir: Test Cases/Olusturma/Genel/TasarimSecilir

2021-11-23 16:54:39 - [TEST_STEP][PASSED] - waitForElementClickable(findTestObject("Object Repository/Olusturma/Genel/TasarimSecilir/Tasarim"), 10): Object 'Object Repository/Olusturma/Genel/TasarimSecilir/Tasarim' is clickable

2021-11-23 16:54:39 - [MESSAGE][INFO] - Finding Test Object 'Object Repository/Olusturma/Genel/TasarimSecilir/Tasarim'

2021-11-23 16:54:39 - [MESSAGE][INFO] - Checking object

2021-11-23 16:54:39 - [MESSAGE][INFO] - Checking timeout

2021-11-23 16:54:39 - [MESSAGE][INFO] - Finding web element from Test Object's properties

2021-11-23 16:54:39 - [MESSAGE][INFO] - Checking timeout

2021-11-23 16:54:39 - [MESSAGE][INFO] - Finding web element with id: 'Object Repository/Olusturma/Genel/TasarimSecilir/Tasarim' located by 'By.xpath: //*[@id = 'DesignId_I']' in '10' second(s)

2021-11-23 16:54:39 - [MESSAGE][INFO] - Smart Wait Function is triggered

2021-11-23 16:54:40 - [MESSAGE][INFO] - Found 1 web elements with id: 'Object Repository/Olusturma/Genel/TasarimSecilir/Tasarim' located by 'By.xpath: //*[@id = 'DesignId_I']' in '10' second(s)

2021-11-23 16:54:40 - [MESSAGE][PASSED] - Object 'Object Repository/Olusturma/Genel/TasarimSecilir/Tasarim' is clickable

2021-11-23 16:54:40 - [TEST_STEP][PASSED] - click(findTestObject("Object Repository/Olusturma/Genel/TasarimSecilir/Tasarim")): Object: 'Object Repository/Olusturma/Genel/TasarimSecilir/Tasarim' is clicked on

2021-11-23 16:54:40 - [MESSAGE][INFO] - Finding Test Object 'Object Repository/Olusturma/Genel/TasarimSecilir/Tasarim'

2021-11-23 16:54:40 - [MESSAGE][INFO] - Checking object

2021-11-23 16:54:40 - [MESSAGE][INFO] - Finding web element from Test Object's properties

2021-11-23 16:54:40 - [MESSAGE][INFO] - Checking timeout

2021-11-23 16:54:40 - [MESSAGE][INFO] - Finding web element with id: 'Object Repository/Olusturma/Genel/TasarimSecilir/Tasarim' located by 'By.xpath: //*[@id = 'DesignId_I']' in '30' second(s)

2021-11-23 16:54:40 - [MESSAGE][INFO] - Smart Wait Function is triggered

2021-11-23 16:54:40 - [MESSAGE][INFO] - Found 1 web elements with id: 'Object Repository/Olusturma/Genel/TasarimSecilir/Tasarim' located by 'By.xpath: //*[@id = 'DesignId_I']' in '30' second(s)

2021-11-23 16:54:40 - [MESSAGE][INFO] - Clicking on object: 'Object Repository/Olusturma/Genel/TasarimSecilir/Tasarim'

2021-11-23 16:54:40 - [MESSAGE][PASSED] - Object: 'Object Repository/Olusturma/Genel/TasarimSecilir/Tasarim' is clicked on

2021-11-23 16:54:40 - [TEST_STEP][PASSED] - Method.TextDegerineEsitElementeTikla(findTestObject("Object Repository/Olusturma/Genel/TasarimSecilir/Tasarim_Adi"), Tasarim): Method.TextDegerineEsitElementeTikla is PASSED

2021-11-23 16:54:40 - [MESSAGE][INFO] - Finding Test Object 'Object Repository/Olusturma/Genel/TasarimSecilir/Tasarim_Adi'

2021-11-23 16:54:40 - [MESSAGE][INFO] - Checking timeout

2021-11-23 16:54:40 - [MESSAGE][INFO] - Finding web element with id: 'Object Repository/Olusturma/Genel/TasarimSecilir/Tasarim_Adi' located by 'By.cssSelector: #DesignId_DDD_L_LBT td' in '10' second(s)

2021-11-23 16:54:40 - [MESSAGE][INFO] - Smart Wait Function is triggered

2021-11-23 16:54:41 - [MESSAGE][INFO] - Found 1 web elements with id: 'Object Repository/Olusturma/Genel/TasarimSecilir/Tasarim_Adi' located by 'By.cssSelector: #DesignId_DDD_L_LBT td' in '10' second(s)

2021-11-23 16:54:41 - [MESSAGE][PASSED] - Method.TextDegerineEsitElementeTikla is PASSED

2021-11-23 16:54:41 - [MESSAGE][PASSED] - Call Test Case 'Test Cases/Olusturma/Genel/TasarimSecilir' successfully

2021-11-23 16:54:41 - [MESSAGE][INFO] - Checking called Test Case

2021-11-23 16:54:41 - [MESSAGE][INFO] - Starting to call Test Case 'Test Cases/Olusturma/Genel/Kutular/SiparisBilgileriGirilir'

2021-11-23 16:54:41 - [TEST_CASE][PASSED] - Test Cases/Olusturma/Genel/Kutular/SiparisBilgileriGirilir: Test Cases/Olusturma/Genel/Kutular/SiparisBilgileriGirilir

2021-11-23 16:54:41 - [TEST_STEP][PASSED] - Method.TextDegerineEsitElementeTikla(findTestObject("Olusturma/Genel/Kutular/KapaliKutular"), "Sipariş Bilgileri"): Method.TextDegerineEsitElementeTikla is PASSED

2021-11-23 16:54:41 - [MESSAGE][INFO] - Finding Test Object 'Object Repository/Olusturma/Genel/Kutular/KapaliKutular'

2021-11-23 16:54:41 - [MESSAGE][INFO] - Checking timeout

2021-11-23 16:54:41 - [MESSAGE][INFO] - Finding web element with id: 'Object Repository/Olusturma/Genel/Kutular/KapaliKutular' located by 'By.cssSelector: .dxnb-headerCollapsed>span' in '10' second(s)

2021-11-23 16:54:41 - [MESSAGE][INFO] - Smart Wait Function is triggered

2021-11-23 16:54:41 - [MESSAGE][INFO] - Found 8 web elements with id: 'Object Repository/Olusturma/Genel/Kutular/KapaliKutular' located by 'By.cssSelector: .dxnb-headerCollapsed>span' in '10' second(s)

2021-11-23 16:54:41 - [MESSAGE][PASSED] - Method.TextDegerineEsitElementeTikla is PASSED

2021-11-23 16:54:41 - [TEST_STEP][PASSED] - waitForElementPresent(findTestObject("Object Repository/Olusturma/Genel/Kutular/SiparisBilgileri/SiparisNo"), 10): Object 'Object Repository/Olusturma/Genel/Kutular/SiparisBilgileri/SiparisNo' is present

2021-11-23 16:54:41 - [MESSAGE][INFO] - Finding Test Object 'Object Repository/Olusturma/Genel/Kutular/SiparisBilgileri/SiparisNo'

2021-11-23 16:54:41 - [MESSAGE][INFO] - Checking object

2021-11-23 16:54:41 - [MESSAGE][INFO] - Finding web element from Test Object's properties

2021-11-23 16:54:41 - [MESSAGE][INFO] - Checking timeout

2021-11-23 16:54:41 - [MESSAGE][INFO] - Finding web element with id: 'Object Repository/Olusturma/Genel/Kutular/SiparisBilgileri/SiparisNo' located by 'By.xpath: //*[@id = 'txtSiparisNo_I']' in '10' second(s)

2021-11-23 16:54:41 - [MESSAGE][INFO] - Smart Wait Function is triggered

2021-11-23 16:54:42 - [MESSAGE][INFO] - Found 1 web elements with id: 'Object Repository/Olusturma/Genel/Kutular/SiparisBilgileri/SiparisNo' located by 'By.xpath: //*[@id = 'txtSiparisNo_I']' in '10' second(s)

2021-11-23 16:54:42 - [MESSAGE][PASSED] - Object 'Object Repository/Olusturma/Genel/Kutular/SiparisBilgileri/SiparisNo' is present

2021-11-23 16:54:42 - [TEST_STEP][PASSED] - clearText(findTestObject("Object Repository/Olusturma/Genel/Kutular/SiparisBilgileri/SiparisNo")): Text of object 'Object Repository/Olusturma/Genel/Kutular/SiparisBilgileri/SiparisNo' is cleared

2021-11-23 16:54:42 - [MESSAGE][INFO] - Finding Test Object 'Object Repository/Olusturma/Genel/Kutular/SiparisBilgileri/SiparisNo'

2021-11-23 16:54:42 - [MESSAGE][INFO] - Checking object

2021-11-23 16:54:42 - [MESSAGE][INFO] - Finding web element from Test Object's properties

2021-11-23 16:54:42 - [MESSAGE][INFO] - Checking timeout

2021-11-23 16:54:42 - [MESSAGE][INFO] - Finding web element with id: 'Object Repository/Olusturma/Genel/Kutular/SiparisBilgileri/SiparisNo' located by 'By.xpath: //*[@id = 'txtSiparisNo_I']' in '30' second(s)

2021-11-23 16:54:42 - [MESSAGE][INFO] - Smart Wait Function is triggered

2021-11-23 16:54:42 - [MESSAGE][INFO] - Found 1 web elements with id: 'Object Repository/Olusturma/Genel/Kutular/SiparisBilgileri/SiparisNo' located by 'By.xpath: //*[@id = 'txtSiparisNo_I']' in '30' second(s)

2021-11-23 16:54:42 - [MESSAGE][INFO] - Clearing text of object 'Object Repository/Olusturma/Genel/Kutular/SiparisBilgileri/SiparisNo'

2021-11-23 16:54:42 - [MESSAGE][PASSED] - Text of object 'Object Repository/Olusturma/Genel/Kutular/SiparisBilgileri/SiparisNo' is cleared

2021-11-23 16:54:42 - [TEST_STEP][PASSED] - sendKeys(findTestObject("Object Repository/Olusturma/Genel/Kutular/SiparisBilgileri/SiparisNo"), SiparisNo): Keys 'UUC-SAT-1200001' sent to object: 'Object Repository/Olusturma/Genel/Kutular/SiparisBilgileri/SiparisNo'

2021-11-23 16:54:42 - [MESSAGE][INFO] - Finding Test Object 'Object Repository/Olusturma/Genel/Kutular/SiparisBilgileri/SiparisNo'

2021-11-23 16:54:42 - [MESSAGE][INFO] - Sending keys 'UUC-SAT-1200001' to object: 'Object Repository/Olusturma/Genel/Kutular/SiparisBilgileri/SiparisNo'

2021-11-23 16:54:42 - [MESSAGE][INFO] - Finding web element from Test Object's properties

2021-11-23 16:54:42 - [MESSAGE][INFO] - Checking timeout

2021-11-23 16:54:42 - [MESSAGE][INFO] - Finding web element with id: 'Object Repository/Olusturma/Genel/Kutular/SiparisBilgileri/SiparisNo' located by 'By.xpath: //*[@id = 'txtSiparisNo_I']' in '30' second(s)

2021-11-23 16:54:42 - [MESSAGE][INFO] - Smart Wait Function is triggered

2021-11-23 16:54:43 - [MESSAGE][INFO] - Found 1 web elements with id: 'Object Repository/Olusturma/Genel/Kutular/SiparisBilgileri/SiparisNo' located by 'By.xpath: //*[@id = 'txtSiparisNo_I']' in '30' second(s)

2021-11-23 16:54:43 - [MESSAGE][PASSED] - Keys 'UUC-SAT-1200001' sent to object: 'Object Repository/Olusturma/Genel/Kutular/SiparisBilgileri/SiparisNo'

2021-11-23 16:54:43 - [TEST_STEP][PASSED] - waitForElementClickable(findTestObject("Object Repository/Olusturma/Genel/Kutular/SiparisBilgileri/SiparisTarihiImage"), 10): Object 'Object Repository/Olusturma/Genel/Kutular/SiparisBilgileri/SiparisTarihiImage' is clickable

2021-11-23 16:54:43 - [MESSAGE][INFO] - Finding Test Object 'Object Repository/Olusturma/Genel/Kutular/SiparisBilgileri/SiparisTarihiImage'

2021-11-23 16:54:43 - [MESSAGE][INFO] - Checking object

2021-11-23 16:54:43 - [MESSAGE][INFO] - Checking timeout

2021-11-23 16:54:43 - [MESSAGE][INFO] - Finding web element from Test Object's properties

2021-11-23 16:54:43 - [MESSAGE][INFO] - Checking timeout

2021-11-23 16:54:43 - [MESSAGE][INFO] - Finding web element with id: 'Object Repository/Olusturma/Genel/Kutular/SiparisBilgileri/SiparisTarihiImage' located by 'By.cssSelector: #dateSiparisTarih img' in '10' second(s)

2021-11-23 16:54:43 - [MESSAGE][INFO] - Smart Wait Function is triggered

2021-11-23 16:54:43 - [MESSAGE][INFO] - Found 1 web elements with id: 'Object Repository/Olusturma/Genel/Kutular/SiparisBilgileri/SiparisTarihiImage' located by 'By.cssSelector: #dateSiparisTarih img' in '10' second(s)

2021-11-23 16:54:43 - [MESSAGE][PASSED] - Object 'Object Repository/Olusturma/Genel/Kutular/SiparisBilgileri/SiparisTarihiImage' is clickable

2021-11-23 16:54:43 - [TEST_STEP][PASSED] - click(findTestObject("Object Repository/Olusturma/Genel/Kutular/SiparisBilgileri/SiparisTarihiImage")): Object: 'Object Repository/Olusturma/Genel/Kutular/SiparisBilgileri/SiparisTarihiImage' is clicked on

2021-11-23 16:54:43 - [MESSAGE][INFO] - Finding Test Object 'Object Repository/Olusturma/Genel/Kutular/SiparisBilgileri/SiparisTarihiImage'

2021-11-23 16:54:43 - [MESSAGE][INFO] - Checking object

2021-11-23 16:54:43 - [MESSAGE][INFO] - Finding web element from Test Object's properties

2021-11-23 16:54:43 - [MESSAGE][INFO] - Checking timeout

2021-11-23 16:54:43 - [MESSAGE][INFO] - Finding web element with id: 'Object Repository/Olusturma/Genel/Kutular/SiparisBilgileri/SiparisTarihiImage' located by 'By.cssSelector: #dateSiparisTarih img' in '30' second(s)

2021-11-23 16:54:43 - [MESSAGE][INFO] - Smart Wait Function is triggered

2021-11-23 16:54:43 - [MESSAGE][INFO] - Found 1 web elements with id: 'Object Repository/Olusturma/Genel/Kutular/SiparisBilgileri/SiparisTarihiImage' located by 'By.cssSelector: #dateSiparisTarih img' in '30' second(s)

2021-11-23 16:54:43 - [MESSAGE][INFO] - Clicking on object: 'Object Repository/Olusturma/Genel/Kutular/SiparisBilgileri/SiparisTarihiImage'

2021-11-23 16:54:44 - [MESSAGE][PASSED] - Object: 'Object Repository/Olusturma/Genel/Kutular/SiparisBilgileri/SiparisTarihiImage' is clicked on

2021-11-23 16:54:44 - [TEST_STEP][PASSED] - waitForElementPresent(findTestObject("Object Repository/Olusturma/Genel/Kutular/SiparisBilgileri/SiparisTarihi"), 10): Object 'Object Repository/Olusturma/Genel/Kutular/SiparisBilgileri/SiparisTarihi' is present

2021-11-23 16:54:44 - [MESSAGE][INFO] - Finding Test Object 'Object Repository/Olusturma/Genel/Kutular/SiparisBilgileri/SiparisTarihi'

2021-11-23 16:54:44 - [MESSAGE][INFO] - Checking object

2021-11-23 16:54:44 - [MESSAGE][INFO] - Finding web element from Test Object's properties

2021-11-23 16:54:44 - [MESSAGE][INFO] - Checking timeout

2021-11-23 16:54:44 - [MESSAGE][INFO] - Finding web element with id: 'Object Repository/Olusturma/Genel/Kutular/SiparisBilgileri/SiparisTarihi' located by 'By.xpath: //*[@id = 'dateSiparisTarih_I']' in '10' second(s)

2021-11-23 16:54:44 - [MESSAGE][INFO] - Smart Wait Function is triggered

2021-11-23 16:54:44 - [MESSAGE][INFO] - Found 1 web elements with id: 'Object Repository/Olusturma/Genel/Kutular/SiparisBilgileri/SiparisTarihi' located by 'By.xpath: //*[@id = 'dateSiparisTarih_I']' in '10' second(s)

2021-11-23 16:54:44 - [MESSAGE][PASSED] - Object 'Object Repository/Olusturma/Genel/Kutular/SiparisBilgileri/SiparisTarihi' is present

2021-11-23 16:54:44 - [TEST_STEP][PASSED] - clearText(findTestObject("Object Repository/Olusturma/Genel/Kutular/SiparisBilgileri/SiparisTarihi")): Text of object 'Object Repository/Olusturma/Genel/Kutular/SiparisBilgileri/SiparisTarihi' is cleared

2021-11-23 16:54:44 - [MESSAGE][INFO] - Finding Test Object 'Object Repository/Olusturma/Genel/Kutular/SiparisBilgileri/SiparisTarihi'

2021-11-23 16:54:44 - [MESSAGE][INFO] - Checking object

2021-11-23 16:54:44 - [MESSAGE][INFO] - Finding web element from Test Object's properties

2021-11-23 16:54:44 - [MESSAGE][INFO] - Checking timeout

2021-11-23 16:54:44 - [MESSAGE][INFO] - Finding web element with id: 'Object Repository/Olusturma/Genel/Kutular/SiparisBilgileri/SiparisTarihi' located by 'By.xpath: //*[@id = 'dateSiparisTarih_I']' in '30' second(s)

2021-11-23 16:54:44 - [MESSAGE][INFO] - Smart Wait Function is triggered

2021-11-23 16:54:45 - [MESSAGE][INFO] - Found 1 web elements with id: 'Object Repository/Olusturma/Genel/Kutular/SiparisBilgileri/SiparisTarihi' located by 'By.xpath: //*[@id = 'dateSiparisTarih_I']' in '30' second(s)

2021-11-23 16:54:45 - [MESSAGE][INFO] - Clearing text of object 'Object Repository/Olusturma/Genel/Kutular/SiparisBilgileri/SiparisTarihi'

2021-11-23 16:54:45 - [MESSAGE][PASSED] - Text of object 'Object Repository/Olusturma/Genel/Kutular/SiparisBilgileri/SiparisTarihi' is cleared

2021-11-23 16:54:45 - [TEST_STEP][PASSED] - sendKeys(findTestObject("Object Repository/Olusturma/Genel/Kutular/SiparisBilgileri/SiparisTarihi"), Tarih): Keys '31.04.2020' sent to object: 'Object Repository/Olusturma/Genel/Kutular/SiparisBilgileri/SiparisTarihi'

2021-11-23 16:54:45 - [MESSAGE][INFO] - Finding Test Object 'Object Repository/Olusturma/Genel/Kutular/SiparisBilgileri/SiparisTarihi'

2021-11-23 16:54:45 - [MESSAGE][INFO] - Sending keys '31.04.2020' to object: 'Object Repository/Olusturma/Genel/Kutular/SiparisBilgileri/SiparisTarihi'

2021-11-23 16:54:45 - [MESSAGE][INFO] - Finding web element from Test Object's properties

2021-11-23 16:54:45 - [MESSAGE][INFO] - Checking timeout

2021-11-23 16:54:45 - [MESSAGE][INFO] - Finding web element with id: 'Object Repository/Olusturma/Genel/Kutular/SiparisBilgileri/SiparisTarihi' located by 'By.xpath: //*[@id = 'dateSiparisTarih_I']' in '30' second(s)

2021-11-23 16:54:45 - [MESSAGE][INFO] - Smart Wait Function is triggered

2021-11-23 16:54:45 - [MESSAGE][INFO] - Found 1 web elements with id: 'Object Repository/Olusturma/Genel/Kutular/SiparisBilgileri/SiparisTarihi' located by 'By.xpath: //*[@id = 'dateSiparisTarih_I']' in '30' second(s)

2021-11-23 16:54:45 - [MESSAGE][PASSED] - Keys '31.04.2020' sent to object: 'Object Repository/Olusturma/Genel/Kutular/SiparisBilgileri/SiparisTarihi'

2021-11-23 16:54:45 - [MESSAGE][PASSED] - Call Test Case 'Test Cases/Olusturma/Genel/Kutular/SiparisBilgileriGirilir' successfully

2021-11-23 16:54:45 - [MESSAGE][INFO] - Checking called Test Case

2021-11-23 16:54:45 - [MESSAGE][INFO] - Starting to call Test Case 'Test Cases/Olusturma/Genel/Kutular/IrsaliyeBilgileri'

2021-11-23 16:54:45 - [TEST_CASE][PASSED] - Test Cases/Olusturma/Genel/Kutular/IrsaliyeBilgileri: Test Cases/Olusturma/Genel/Kutular/IrsaliyeBilgileri

2021-11-23 16:54:45 - [TEST_STEP][PASSED] - Method.TextDegerineEsitElementeTikla(findTestObject("Olusturma/Genel/Kutular/KapaliKutular"), "İrsaliye Bilgileri"): Method.TextDegerineEsitElementeTikla is PASSED

2021-11-23 16:54:45 - [MESSAGE][INFO] - Finding Test Object 'Object Repository/Olusturma/Genel/Kutular/KapaliKutular'

2021-11-23 16:54:45 - [MESSAGE][INFO] - Checking timeout

2021-11-23 16:54:45 - [MESSAGE][INFO] - Finding web element with id: 'Object Repository/Olusturma/Genel/Kutular/KapaliKutular' located by 'By.cssSelector: .dxnb-headerCollapsed>span' in '10' second(s)

2021-11-23 16:54:45 - [MESSAGE][INFO] - Smart Wait Function is triggered

2021-11-23 16:54:46 - [MESSAGE][INFO] - Found 8 web elements with id: 'Object Repository/Olusturma/Genel/Kutular/KapaliKutular' located by 'By.cssSelector: .dxnb-headerCollapsed>span' in '10' second(s)

2021-11-23 16:54:46 - [MESSAGE][PASSED] - Method.TextDegerineEsitElementeTikla is PASSED

2021-11-23 16:54:46 - [TEST_STEP][PASSED] - waitForElementClickable(findTestObject("Olusturma/Genel/Kutular/IrsaliyeBilgileri/Ekle"), 10): Object 'Object Repository/Olusturma/Genel/Kutular/IrsaliyeBilgileri/Ekle' is clickable

2021-11-23 16:54:46 - [MESSAGE][INFO] - Finding Test Object 'Object Repository/Olusturma/Genel/Kutular/IrsaliyeBilgileri/Ekle'

2021-11-23 16:54:46 - [MESSAGE][INFO] - Checking object

2021-11-23 16:54:46 - [MESSAGE][INFO] - Checking timeout

2021-11-23 16:54:46 - [MESSAGE][INFO] - Finding web element from Test Object's properties

2021-11-23 16:54:46 - [MESSAGE][INFO] - Checking timeout

2021-11-23 16:54:46 - [MESSAGE][INFO] - Finding web element with id: 'Object Repository/Olusturma/Genel/Kutular/IrsaliyeBilgileri/Ekle' located by 'By.xpath: //*[@id = 'DXEditorgvUserInvoiceBillsNewRowBtn']' in '10' second(s)

2021-11-23 16:54:46 - [MESSAGE][INFO] - Smart Wait Function is triggered

2021-11-23 16:54:46 - [MESSAGE][INFO] - Found 1 web elements with id: 'Object Repository/Olusturma/Genel/Kutular/IrsaliyeBilgileri/Ekle' located by 'By.xpath: //*[@id = 'DXEditorgvUserInvoiceBillsNewRowBtn']' in '10' second(s)

2021-11-23 16:54:46 - [MESSAGE][PASSED] - Object 'Object Repository/Olusturma/Genel/Kutular/IrsaliyeBilgileri/Ekle' is clickable

2021-11-23 16:54:46 - [TEST_STEP][PASSED] - click(findTestObject("Olusturma/Genel/Kutular/IrsaliyeBilgileri/Ekle")): Object: 'Object Repository/Olusturma/Genel/Kutular/IrsaliyeBilgileri/Ekle' is clicked on

2021-11-23 16:54:46 - [MESSAGE][INFO] - Finding Test Object 'Object Repository/Olusturma/Genel/Kutular/IrsaliyeBilgileri/Ekle'

2021-11-23 16:54:47 - [MESSAGE][INFO] - Checking object

2021-11-23 16:54:47 - [MESSAGE][INFO] - Finding web element from Test Object's properties

2021-11-23 16:54:47 - [MESSAGE][INFO] - Checking timeout

2021-11-23 16:54:47 - [MESSAGE][INFO] - Finding web element with id: 'Object Repository/Olusturma/Genel/Kutular/IrsaliyeBilgileri/Ekle' located by 'By.xpath: //*[@id = 'DXEditorgvUserInvoiceBillsNewRowBtn']' in '30' second(s)

2021-11-23 16:54:47 - [MESSAGE][INFO] - Smart Wait Function is triggered

2021-11-23 16:54:47 - [MESSAGE][INFO] - Found 1 web elements with id: 'Object Repository/Olusturma/Genel/Kutular/IrsaliyeBilgileri/Ekle' located by 'By.xpath: //*[@id = 'DXEditorgvUserInvoiceBillsNewRowBtn']' in '30' second(s)

2021-11-23 16:54:47 - [MESSAGE][INFO] - Clicking on object: 'Object Repository/Olusturma/Genel/Kutular/IrsaliyeBilgileri/Ekle'

2021-11-23 16:54:47 - [MESSAGE][PASSED] - Object: 'Object Repository/Olusturma/Genel/Kutular/IrsaliyeBilgileri/Ekle' is clicked on

2021-11-23 16:54:47 - [TEST_STEP][PASSED] - waitForElementPresent(findTestObject("Object Repository/Olusturma/Genel/Kutular/IrsaliyeBilgileri/IrsaliyeNumarasi"), 10): Object 'Object Repository/Olusturma/Genel/Kutular/IrsaliyeBilgileri/IrsaliyeNumarasi' is present

2021-11-23 16:54:47 - [MESSAGE][INFO] - Finding Test Object 'Object Repository/Olusturma/Genel/Kutular/IrsaliyeBilgileri/IrsaliyeNumarasi'

2021-11-23 16:54:47 - [MESSAGE][INFO] - Checking object

2021-11-23 16:54:47 - [MESSAGE][INFO] - Finding web element from Test Object's properties

2021-11-23 16:54:47 - [MESSAGE][INFO] - Checking timeout

2021-11-23 16:54:47 - [MESSAGE][INFO] - Finding web element with id: 'Object Repository/Olusturma/Genel/Kutular/IrsaliyeBilgileri/IrsaliyeNumarasi' located by 'By.xpath: //*[@id = 'gvUserInvoiceBills_DXEditor1_I']' in '10' second(s)

2021-11-23 16:54:47 - [MESSAGE][INFO] - Smart Wait Function is triggered

2021-11-23 16:54:47 - [MESSAGE][INFO] - Smart Wait Function is triggered

2021-11-23 16:54:48 - [MESSAGE][INFO] - Found 1 web elements with id: 'Object Repository/Olusturma/Genel/Kutular/IrsaliyeBilgileri/IrsaliyeNumarasi' located by 'By.xpath: //*[@id = 'gvUserInvoiceBills_DXEditor1_I']' in '10' second(s)

2021-11-23 16:54:48 - [MESSAGE][PASSED] - Object 'Object Repository/Olusturma/Genel/Kutular/IrsaliyeBilgileri/IrsaliyeNumarasi' is present

2021-11-23 16:54:48 - [TEST_STEP][PASSED] - clearText(findTestObject("Object Repository/Olusturma/Genel/Kutular/IrsaliyeBilgileri/IrsaliyeNumarasi")): Text of object 'Object Repository/Olusturma/Genel/Kutular/IrsaliyeBilgileri/IrsaliyeNumarasi' is cleared

2021-11-23 16:54:48 - [MESSAGE][INFO] - Finding Test Object 'Object Repository/Olusturma/Genel/Kutular/IrsaliyeBilgileri/IrsaliyeNumarasi'

2021-11-23 16:54:48 - [MESSAGE][INFO] - Checking object

2021-11-23 16:54:48 - [MESSAGE][INFO] - Finding web element from Test Object's properties

2021-11-23 16:54:48 - [MESSAGE][INFO] - Checking timeout

2021-11-23 16:54:48 - [MESSAGE][INFO] - Finding web element with id: 'Object Repository/Olusturma/Genel/Kutular/IrsaliyeBilgileri/IrsaliyeNumarasi' located by 'By.xpath: //*[@id = 'gvUserInvoiceBills_DXEditor1_I']' in '30' second(s)

2021-11-23 16:54:48 - [MESSAGE][INFO] - Smart Wait Function is triggered

2021-11-23 16:54:49 - [MESSAGE][INFO] - Found 1 web elements with id: 'Object Repository/Olusturma/Genel/Kutular/IrsaliyeBilgileri/IrsaliyeNumarasi' located by 'By.xpath: //*[@id = 'gvUserInvoiceBills_DXEditor1_I']' in '30' second(s)

2021-11-23 16:54:49 - [MESSAGE][INFO] - Clearing text of object 'Object Repository/Olusturma/Genel/Kutular/IrsaliyeBilgileri/IrsaliyeNumarasi'

2021-11-23 16:54:49 - [MESSAGE][PASSED] - Text of object 'Object Repository/Olusturma/Genel/Kutular/IrsaliyeBilgileri/IrsaliyeNumarasi' is cleared

2021-11-23 16:54:49 - [TEST_STEP][PASSED] - sendKeys(findTestObject("Object Repository/Olusturma/Genel/Kutular/IrsaliyeBilgileri/IrsaliyeNumarasi"), Numara): Keys 'AAAAAAAAAA' sent to object: 'Object Repository/Olusturma/Genel/Kutular/IrsaliyeBilgileri/IrsaliyeNumarasi'

2021-11-23 16:54:49 - [MESSAGE][INFO] - Finding Test Object 'Object Repository/Olusturma/Genel/Kutular/IrsaliyeBilgileri/IrsaliyeNumarasi'

2021-11-23 16:54:49 - [MESSAGE][INFO] - Sending keys 'AAAAAAAAAA' to object: 'Object Repository/Olusturma/Genel/Kutular/IrsaliyeBilgileri/IrsaliyeNumarasi'

2021-11-23 16:54:49 - [MESSAGE][INFO] - Finding web element from Test Object's properties

2021-11-23 16:54:49 - [MESSAGE][INFO] - Checking timeout

2021-11-23 16:54:49 - [MESSAGE][INFO] - Finding web element with id: 'Object Repository/Olusturma/Genel/Kutular/IrsaliyeBilgileri/IrsaliyeNumarasi' located by 'By.xpath: //*[@id = 'gvUserInvoiceBills_DXEditor1_I']' in '30' second(s)

2021-11-23 16:54:49 - [MESSAGE][INFO] - Smart Wait Function is triggered

2021-11-23 16:54:49 - [MESSAGE][INFO] - Found 1 web elements with id: 'Object Repository/Olusturma/Genel/Kutular/IrsaliyeBilgileri/IrsaliyeNumarasi' located by 'By.xpath: //*[@id = 'gvUserInvoiceBills_DXEditor1_I']' in '30' second(s)

2021-11-23 16:54:49 - [MESSAGE][PASSED] - Keys 'AAAAAAAAAA' sent to object: 'Object Repository/Olusturma/Genel/Kutular/IrsaliyeBilgileri/IrsaliyeNumarasi'

2021-11-23 16:54:49 - [TEST_STEP][PASSED] - waitForElementClickable(findTestObject("Object Repository/Olusturma/Genel/Kutular/IrsaliyeBilgileri/IrsaliyeTarihi"), 10): Object 'Object Repository/Olusturma/Genel/Kutular/IrsaliyeBilgileri/IrsaliyeTarihi' is clickable

2021-11-23 16:54:49 - [MESSAGE][INFO] - Finding Test Object 'Object Repository/Olusturma/Genel/Kutular/IrsaliyeBilgileri/IrsaliyeTarihi'

2021-11-23 16:54:49 - [MESSAGE][INFO] - Checking object

2021-11-23 16:54:49 - [MESSAGE][INFO] - Checking timeout

2021-11-23 16:54:49 - [MESSAGE][INFO] - Finding web element from Test Object's properties

2021-11-23 16:54:49 - [MESSAGE][INFO] - Checking timeout

2021-11-23 16:54:49 - [MESSAGE][INFO] - Finding web element with id: 'Object Repository/Olusturma/Genel/Kutular/IrsaliyeBilgileri/IrsaliyeTarihi' located by 'By.xpath: //*[@id = 'gvUserInvoiceBills_DXEditor2_I']' in '10' second(s)

2021-11-23 16:54:49 - [MESSAGE][INFO] - Smart Wait Function is triggered

2021-11-23 16:54:50 - [MESSAGE][INFO] - Found 1 web elements with id: 'Object Repository/Olusturma/Genel/Kutular/IrsaliyeBilgileri/IrsaliyeTarihi' located by 'By.xpath: //*[@id = 'gvUserInvoiceBills_DXEditor2_I']' in '10' second(s)

2021-11-23 16:54:50 - [MESSAGE][PASSED] - Object 'Object Repository/Olusturma/Genel/Kutular/IrsaliyeBilgileri/IrsaliyeTarihi' is clickable

2021-11-23 16:54:50 - [TEST_STEP][PASSED] - click(findTestObject("Object Repository/Olusturma/Genel/Kutular/IrsaliyeBilgileri/IrsaliyeTarihi")): Object: 'Object Repository/Olusturma/Genel/Kutular/IrsaliyeBilgileri/IrsaliyeTarihi' is clicked on

2021-11-23 16:54:50 - [MESSAGE][INFO] - Finding Test Object 'Object Repository/Olusturma/Genel/Kutular/IrsaliyeBilgileri/IrsaliyeTarihi'

2021-11-23 16:54:50 - [MESSAGE][INFO] - Checking object

2021-11-23 16:54:50 - [MESSAGE][INFO] - Finding web element from Test Object's properties

2021-11-23 16:54:50 - [MESSAGE][INFO] - Checking timeout

2021-11-23 16:54:50 - [MESSAGE][INFO] - Finding web element with id: 'Object Repository/Olusturma/Genel/Kutular/IrsaliyeBilgileri/IrsaliyeTarihi' located by 'By.xpath: //*[@id = 'gvUserInvoiceBills_DXEditor2_I']' in '30' second(s)

2021-11-23 16:54:50 - [MESSAGE][INFO] - Smart Wait Function is triggered

2021-11-23 16:54:50 - [MESSAGE][INFO] - Found 1 web elements with id: 'Object Repository/Olusturma/Genel/Kutular/IrsaliyeBilgileri/IrsaliyeTarihi' located by 'By.xpath: //*[@id = 'gvUserInvoiceBills_DXEditor2_I']' in '30' second(s)

2021-11-23 16:54:50 - [MESSAGE][INFO] - Clicking on object: 'Object Repository/Olusturma/Genel/Kutular/IrsaliyeBilgileri/IrsaliyeTarihi'

2021-11-23 16:54:50 - [MESSAGE][PASSED] - Object: 'Object Repository/Olusturma/Genel/Kutular/IrsaliyeBilgileri/IrsaliyeTarihi' is clicked on

2021-11-23 16:54:50 - [TEST_STEP][PASSED] - sendKeys(findTestObject("Object Repository/Olusturma/Genel/Kutular/IrsaliyeBilgileri/IrsaliyeTarihi"), Tarih): Keys '31.04.2020' sent to object: 'Object Repository/Olusturma/Genel/Kutular/IrsaliyeBilgileri/IrsaliyeTarihi'

2021-11-23 16:54:50 - [MESSAGE][INFO] - Finding Test Object 'Object Repository/Olusturma/Genel/Kutular/IrsaliyeBilgileri/IrsaliyeTarihi'

2021-11-23 16:54:51 - [MESSAGE][INFO] - Sending keys '31.04.2020' to object: 'Object Repository/Olusturma/Genel/Kutular/IrsaliyeBilgileri/IrsaliyeTarihi'

2021-11-23 16:54:51 - [MESSAGE][INFO] - Finding web element from Test Object's properties

2021-11-23 16:54:51 - [MESSAGE][INFO] - Checking timeout

2021-11-23 16:54:51 - [MESSAGE][INFO] - Finding web element with id: 'Object Repository/Olusturma/Genel/Kutular/IrsaliyeBilgileri/IrsaliyeTarihi' located by 'By.xpath: //*[@id = 'gvUserInvoiceBills_DXEditor2_I']' in '30' second(s)

2021-11-23 16:54:51 - [MESSAGE][INFO] - Smart Wait Function is triggered

2021-11-23 16:54:51 - [MESSAGE][INFO] - Found 1 web elements with id: 'Object Repository/Olusturma/Genel/Kutular/IrsaliyeBilgileri/IrsaliyeTarihi' located by 'By.xpath: //*[@id = 'gvUserInvoiceBills_DXEditor2_I']' in '30' second(s)

2021-11-23 16:54:51 - [MESSAGE][PASSED] - Keys '31.04.2020' sent to object: 'Object Repository/Olusturma/Genel/Kutular/IrsaliyeBilgileri/IrsaliyeTarihi'

2021-11-23 16:54:51 - [MESSAGE][PASSED] - Call Test Case 'Test Cases/Olusturma/Genel/Kutular/IrsaliyeBilgileri' successfully

2021-11-23 16:54:51 - [MESSAGE][INFO] - Checking called Test Case

2021-11-23 16:54:51 - [MESSAGE][INFO] - Starting to call Test Case 'Test Cases/Olusturma/Genel/EkleButonunaBasilir'

2021-11-23 16:54:51 - [TEST_CASE][PASSED] - Test Cases/Olusturma/Genel/EkleButonunaBasilir: Test Cases/Olusturma/Genel/EkleButonunaBasilir

2021-11-23 16:54:51 - [TEST_STEP][PASSED] - waitForElementClickable(findTestObject("Object Repository/Olusturma/Genel/Olusturma/Ekle"), 10): Object 'Object Repository/Olusturma/Genel/Olusturma/Ekle' is clickable

2021-11-23 16:54:51 - [MESSAGE][INFO] - Finding Test Object 'Object Repository/Olusturma/Genel/Olusturma/Ekle'

2021-11-23 16:54:51 - [MESSAGE][INFO] - Checking object

2021-11-23 16:54:51 - [MESSAGE][INFO] - Checking timeout

2021-11-23 16:54:51 - [MESSAGE][INFO] - Finding web element from Test Object's properties

2021-11-23 16:54:51 - [MESSAGE][INFO] - Checking timeout

2021-11-23 16:54:51 - [MESSAGE][INFO] - Finding web element with id: 'Object Repository/Olusturma/Genel/Olusturma/Ekle' located by 'By.cssSelector: #divmalhizmet i.fa.fa-plus.fa-lg.text-muted' in '10' second(s)

2021-11-23 16:54:51 - [MESSAGE][INFO] - Smart Wait Function is triggered

2021-11-23 16:54:51 - [MESSAGE][INFO] - Found 1 web elements with id: 'Object Repository/Olusturma/Genel/Olusturma/Ekle' located by 'By.cssSelector: #divmalhizmet i.fa.fa-plus.fa-lg.text-muted' in '10' second(s)

2021-11-23 16:54:51 - [MESSAGE][PASSED] - Object 'Object Repository/Olusturma/Genel/Olusturma/Ekle' is clickable

2021-11-23 16:54:51 - [TEST_STEP][PASSED] - click(findTestObject("Object Repository/Olusturma/Genel/Olusturma/Ekle")): Object: 'Object Repository/Olusturma/Genel/Olusturma/Ekle' is clicked on

2021-11-23 16:54:51 - [MESSAGE][INFO] - Finding Test Object 'Object Repository/Olusturma/Genel/Olusturma/Ekle'

2021-11-23 16:54:51 - [MESSAGE][INFO] - Checking object

2021-11-23 16:54:51 - [MESSAGE][INFO] - Finding web element from Test Object's properties

2021-11-23 16:54:51 - [MESSAGE][INFO] - Checking timeout

2021-11-23 16:54:51 - [MESSAGE][INFO] - Finding web element with id: 'Object Repository/Olusturma/Genel/Olusturma/Ekle' located by 'By.cssSelector: #divmalhizmet i.fa.fa-plus.fa-lg.text-muted' in '30' second(s)

2021-11-23 16:54:51 - [MESSAGE][INFO] - Smart Wait Function is triggered

2021-11-23 16:54:52 - [MESSAGE][INFO] - Found 1 web elements with id: 'Object Repository/Olusturma/Genel/Olusturma/Ekle' located by 'By.cssSelector: #divmalhizmet i.fa.fa-plus.fa-lg.text-muted' in '30' second(s)

2021-11-23 16:54:52 - [MESSAGE][INFO] - Clicking on object: 'Object Repository/Olusturma/Genel/Olusturma/Ekle'

2021-11-23 16:54:52 - [MESSAGE][PASSED] - Object: 'Object Repository/Olusturma/Genel/Olusturma/Ekle' is clicked on

2021-11-23 16:54:52 - [TEST_STEP][PASSED] - waitForElementClickable(findTestObject("Olusturma/Genel/Olusturma/EklenenSatirCarpiImage"), 10): Object 'Object Repository/Olusturma/Genel/Olusturma/EklenenSatirCarpiImage' is clickable

2021-11-23 16:54:52 - [MESSAGE][INFO] - Finding Test Object 'Object Repository/Olusturma/Genel/Olusturma/EklenenSatirCarpiImage'

2021-11-23 16:54:52 - [MESSAGE][INFO] - Checking object

2021-11-23 16:54:52 - [MESSAGE][INFO] - Checking timeout

2021-11-23 16:54:52 - [MESSAGE][INFO] - Finding web element from Test Object's properties

2021-11-23 16:54:52 - [MESSAGE][INFO] - Checking timeout

2021-11-23 16:54:52 - [MESSAGE][INFO] - Finding web element with id: 'Object Repository/Olusturma/Genel/Olusturma/EklenenSatirCarpiImage' located by 'By.cssSelector: .fa.fa-times.fa-lg.text-primary' in '10' second(s)

2021-11-23 16:54:52 - [MESSAGE][INFO] - Smart Wait Function is triggered

2021-11-23 16:54:52 - [MESSAGE][INFO] - Found 1 web elements with id: 'Object Repository/Olusturma/Genel/Olusturma/EklenenSatirCarpiImage' located by 'By.cssSelector: .fa.fa-times.fa-lg.text-primary' in '10' second(s)

2021-11-23 16:54:52 - [MESSAGE][PASSED] - Object 'Object Repository/Olusturma/Genel/Olusturma/EklenenSatirCarpiImage' is clickable

2021-11-23 16:54:52 - [MESSAGE][PASSED] - Call Test Case 'Test Cases/Olusturma/Genel/EkleButonunaBasilir' successfully

2021-11-23 16:54:52 - [MESSAGE][INFO] - Checking called Test Case

2021-11-23 16:54:52 - [MESSAGE][INFO] - Starting to call Test Case 'Test Cases/Olusturma/Genel/Olusturma'

2021-11-23 16:54:52 - [TEST_CASE][PASSED] - Test Cases/Olusturma/Genel/Olusturma: Test Cases/Olusturma/Genel/Olusturma

2021-11-23 16:54:52 - [TEST_STEP][PASSED] - driver = getWebDriver(): null

2021-11-23 16:54:52 - [TEST_STEP][PASSED] - action = new org.openqa.selenium.interactions.Actions(driver): null

2021-11-23 16:54:52 - [TEST_STEP][PASSED] - baslikElement = <not implemented yet for class: org.codehaus.groovy.ast.expr.EmptyExpression>: null

2021-11-23 16:54:52 - [TEST_STEP][PASSED] - sonElement = <not implemented yet for class: org.codehaus.groovy.ast.expr.EmptyExpression>: null

2021-11-23 16:54:52 - [TEST_STEP][PASSED] - attr = <not implemented yet for class: org.codehaus.groovy.ast.expr.EmptyExpression>: null

2021-11-23 16:54:52 - [TEST_STEP][PASSED] - a = 0: null

2021-11-23 16:54:52 - [TEST_STEP][PASSED] - elements = findWebElements(findTestObject("Object Repository/Olusturma/Genel/Olusturma/TabloBasliklari"), 10): Found 14 web elements with id: 'Object Repository/Olusturma/Genel/Olusturma/TabloBasliklari' located by 'By.cssSelector: div#divmalhizmet .dxgvTable_LECustomTheme td.dxgvHeader_LECustomTheme tr>td:nth-child(1)' in '10' second(s)

2021-11-23 16:54:52 - [MESSAGE][INFO] - Finding Test Object 'Object Repository/Olusturma/Genel/Olusturma/TabloBasliklari'

2021-11-23 16:54:53 - [MESSAGE][INFO] - Checking timeout

2021-11-23 16:54:53 - [MESSAGE][INFO] - Finding web element with id: 'Object Repository/Olusturma/Genel/Olusturma/TabloBasliklari' located by 'By.cssSelector: div#divmalhizmet .dxgvTable_LECustomTheme td.dxgvHeader_LECustomTheme tr>td:nth-child(1)' in '10' second(s)

2021-11-23 16:54:53 - [MESSAGE][INFO] - Smart Wait Function is triggered

2021-11-23 16:54:54 - [MESSAGE][INFO] - Found 14 web elements with id: 'Object Repository/Olusturma/Genel/Olusturma/TabloBasliklari' located by 'By.cssSelector: div#divmalhizmet .dxgvTable_LECustomTheme td.dxgvHeader_LECustomTheme tr>td:nth-child(1)' in '10' second(s)

2021-11-23 16:54:54 - [TEST_STEP][PASSED] - for (def element : elements): null

2021-11-23 16:54:54 - [TEST_STEP][PASSED] - build().perform(): null

2021-11-23 16:54:54 - [TEST_STEP][PASSED] - if (getText().equals(Baslik)): null

2021-11-23 16:54:54 - [TEST_STEP][PASSED] - baslikElement = element.findElement(By.xpath("../../../..")): Smart Wait Function is triggered

2021-11-23 16:54:54 - [MESSAGE][INFO] - Smart Wait Function is triggered

2021-11-23 16:54:54 - [TEST_STEP][PASSED] - attr = baslikElement.getAttribute("id"): null

2021-11-23 16:54:54 - [TEST_STEP][PASSED] - println("girdi ve idsini aldı = " + attr): null

2021-11-23 16:54:54 - [TEST_STEP][PASSED] - break: null

2021-11-23 16:54:54 - [TEST_STEP][PASSED] - countElement = baslikElement.findElements(By.xpath("../td")): Smart Wait Function is triggered

2021-11-23 16:54:54 - [MESSAGE][INFO] - Smart Wait Function is triggered

2021-11-23 16:54:54 - [TEST_STEP][PASSED] - for (def element : countElement): null

2021-11-23 16:54:54 - [TEST_STEP][PASSED] - if (toString().equals(attr.toString())): null

2021-11-23 16:54:54 - [TEST_STEP][PASSED] - (a++): null

2021-11-23 16:54:54 - [TEST_STEP][PASSED] - if (toString().equals(attr.toString())): null

2021-11-23 16:54:54 - [TEST_STEP][PASSED] - break: null

2021-11-23 16:54:54 - [TEST_STEP][PASSED] - son = findWebElement(findTestObject("Object Repository/Olusturma/Genel/Olusturma/EklenenSatir")).findElement(By.xpath("td[@class='dxgvInlineEditCell_LECustomTheme dxgv'][" + a + "]//td[@class='dxic']/input")): Smart Wait Function is triggered

2021-11-23 16:54:54 - [MESSAGE][INFO] - Finding Test Object 'Object Repository/Olusturma/Genel/Olusturma/EklenenSatir'

2021-11-23 16:54:55 - [MESSAGE][INFO] - Finding web element from Test Object's properties

2021-11-23 16:54:55 - [MESSAGE][INFO] - Checking timeout

2021-11-23 16:54:55 - [MESSAGE][INFO] - Finding web element with id: 'Object Repository/Olusturma/Genel/Olusturma/EklenenSatir' located by 'By.cssSelector: #divmalhizmet .dxgvInlineEditRow_LECustomTheme' in '30' second(s)

2021-11-23 16:54:55 - [MESSAGE][INFO] - Smart Wait Function is triggered

2021-11-23 16:54:55 - [MESSAGE][INFO] - Found 1 web elements with id: 'Object Repository/Olusturma/Genel/Olusturma/EklenenSatir' located by 'By.cssSelector: #divmalhizmet .dxgvInlineEditRow_LECustomTheme' in '30' second(s)

2021-11-23 16:54:55 - [MESSAGE][INFO] - Smart Wait Function is triggered

2021-11-23 16:54:55 - [TEST_STEP][PASSED] - if (!(getAttribute("value").contains("Vkn"))): null

2021-11-23 16:54:55 - [TEST_STEP][PASSED] - son.clear(): null

2021-11-23 16:54:55 - [TEST_STEP][PASSED] - son.sendKeys(Deger): null

2021-11-23 16:54:55 - [MESSAGE][PASSED] - Call Test Case 'Test Cases/Olusturma/Genel/Olusturma' successfully

2021-11-23 16:54:55 - [MESSAGE][INFO] - Checking called Test Case

2021-11-23 16:54:55 - [MESSAGE][INFO] - Starting to call Test Case 'Test Cases/Olusturma/Genel/Olusturma'

2021-11-23 16:54:55 - [TEST_CASE][PASSED] - Test Cases/Olusturma/Genel/Olusturma: Test Cases/Olusturma/Genel/Olusturma

2021-11-23 16:54:55 - [TEST_STEP][PASSED] - driver = getWebDriver(): null

2021-11-23 16:54:55 - [TEST_STEP][PASSED] - action = new org.openqa.selenium.interactions.Actions(driver): null

2021-11-23 16:54:55 - [TEST_STEP][PASSED] - baslikElement = <not implemented yet for class: org.codehaus.groovy.ast.expr.EmptyExpression>: null

2021-11-23 16:54:55 - [TEST_STEP][PASSED] - sonElement = <not implemented yet for class: org.codehaus.groovy.ast.expr.EmptyExpression>: null

2021-11-23 16:54:55 - [TEST_STEP][PASSED] - attr = <not implemented yet for class: org.codehaus.groovy.ast.expr.EmptyExpression>: null

2021-11-23 16:54:55 - [TEST_STEP][PASSED] - a = 0: null

2021-11-23 16:54:55 - [TEST_STEP][PASSED] - elements = findWebElements(findTestObject("Object Repository/Olusturma/Genel/Olusturma/TabloBasliklari"), 10): Found 14 web elements with id: 'Object Repository/Olusturma/Genel/Olusturma/TabloBasliklari' located by 'By.cssSelector: div#divmalhizmet .dxgvTable_LECustomTheme td.dxgvHeader_LECustomTheme tr>td:nth-child(1)' in '10' second(s)

2021-11-23 16:54:55 - [MESSAGE][INFO] - Finding Test Object 'Object Repository/Olusturma/Genel/Olusturma/TabloBasliklari'

2021-11-23 16:54:56 - [MESSAGE][INFO] - Checking timeout

2021-11-23 16:54:56 - [MESSAGE][INFO] - Finding web element with id: 'Object Repository/Olusturma/Genel/Olusturma/TabloBasliklari' located by 'By.cssSelector: div#divmalhizmet .dxgvTable_LECustomTheme td.dxgvHeader_LECustomTheme tr>td:nth-child(1)' in '10' second(s)

2021-11-23 16:54:56 - [MESSAGE][INFO] - Smart Wait Function is triggered

2021-11-23 16:54:56 - [MESSAGE][INFO] - Found 14 web elements with id: 'Object Repository/Olusturma/Genel/Olusturma/TabloBasliklari' located by 'By.cssSelector: div#divmalhizmet .dxgvTable_LECustomTheme td.dxgvHeader_LECustomTheme tr>td:nth-child(1)' in '10' second(s)

2021-11-23 16:54:56 - [TEST_STEP][PASSED] - for (def element : elements): null

2021-11-23 16:54:56 - [TEST_STEP][PASSED] - build().perform(): null

2021-11-23 16:54:56 - [TEST_STEP][PASSED] - if (getText().equals(Baslik)): null

2021-11-23 16:54:56 - [TEST_STEP][PASSED] - build().perform(): null

2021-11-23 16:54:56 - [TEST_STEP][PASSED] - if (getText().equals(Baslik)): null

2021-11-23 16:54:56 - [TEST_STEP][PASSED] - baslikElement = element.findElement(By.xpath("../../../..")): Smart Wait Function is triggered

2021-11-23 16:54:56 - [MESSAGE][INFO] - Smart Wait Function is triggered

2021-11-23 16:54:56 - [TEST_STEP][PASSED] - attr = baslikElement.getAttribute("id"): null

2021-11-23 16:54:56 - [TEST_STEP][PASSED] - println("girdi ve idsini aldı = " + attr): null

2021-11-23 16:54:56 - [TEST_STEP][PASSED] - break: null

2021-11-23 16:54:56 - [TEST_STEP][PASSED] - countElement = baslikElement.findElements(By.xpath("../td")): Smart Wait Function is triggered

2021-11-23 16:54:56 - [MESSAGE][INFO] - Smart Wait Function is triggered

2021-11-23 16:54:57 - [TEST_STEP][PASSED] - for (def element : countElement): null

2021-11-23 16:54:57 - [TEST_STEP][PASSED] - if (toString().equals(attr.toString())): null

2021-11-23 16:54:57 - [TEST_STEP][PASSED] - (a++): null

2021-11-23 16:54:57 - [TEST_STEP][PASSED] - if (toString().equals(attr.toString())): null

2021-11-23 16:54:57 - [TEST_STEP][PASSED] - (a++): null

2021-11-23 16:54:57 - [TEST_STEP][PASSED] - if (toString().equals(attr.toString())): null

2021-11-23 16:54:57 - [TEST_STEP][PASSED] - break: null

2021-11-23 16:54:57 - [TEST_STEP][PASSED] - son = findWebElement(findTestObject("Object Repository/Olusturma/Genel/Olusturma/EklenenSatir")).findElement(By.xpath("td[@class='dxgvInlineEditCell_LECustomTheme dxgv'][" + a + "]//td[@class='dxic']/input")): Smart Wait Function is triggered

2021-11-23 16:54:57 - [MESSAGE][INFO] - Finding Test Object 'Object Repository/Olusturma/Genel/Olusturma/EklenenSatir'

2021-11-23 16:54:57 - [MESSAGE][INFO] - Finding web element from Test Object's properties

2021-11-23 16:54:57 - [MESSAGE][INFO] - Checking timeout

2021-11-23 16:54:57 - [MESSAGE][INFO] - Finding web element with id: 'Object Repository/Olusturma/Genel/Olusturma/EklenenSatir' located by 'By.cssSelector: #divmalhizmet .dxgvInlineEditRow_LECustomTheme' in '30' second(s)

2021-11-23 16:54:57 - [MESSAGE][INFO] - Smart Wait Function is triggered

2021-11-23 16:54:57 - [MESSAGE][INFO] - Found 1 web elements with id: 'Object Repository/Olusturma/Genel/Olusturma/EklenenSatir' located by 'By.cssSelector: #divmalhizmet .dxgvInlineEditRow_LECustomTheme' in '30' second(s)

2021-11-23 16:54:57 - [MESSAGE][INFO] - Smart Wait Function is triggered

2021-11-23 16:54:57 - [TEST_STEP][PASSED] - if (!(getAttribute("value").contains("Vkn"))): null

2021-11-23 16:54:57 - [TEST_STEP][PASSED] - son.clear(): null

2021-11-23 16:54:57 - [TEST_STEP][PASSED] - son.sendKeys(Deger): null

2021-11-23 16:54:58 - [MESSAGE][PASSED] - Call Test Case 'Test Cases/Olusturma/Genel/Olusturma' successfully

2021-11-23 16:54:58 - [MESSAGE][INFO] - Checking called Test Case

2021-11-23 16:54:58 - [MESSAGE][INFO] - Starting to call Test Case 'Test Cases/Olusturma/Genel/Olusturma'

2021-11-23 16:54:58 - [TEST_CASE][PASSED] - Test Cases/Olusturma/Genel/Olusturma: Test Cases/Olusturma/Genel/Olusturma

2021-11-23 16:54:58 - [TEST_STEP][PASSED] - driver = getWebDriver(): null

2021-11-23 16:54:58 - [TEST_STEP][PASSED] - action = new org.openqa.selenium.interactions.Actions(driver): null

2021-11-23 16:54:58 - [TEST_STEP][PASSED] - baslikElement = <not implemented yet for class: org.codehaus.groovy.ast.expr.EmptyExpression>: null

2021-11-23 16:54:58 - [TEST_STEP][PASSED] - sonElement = <not implemented yet for class: org.codehaus.groovy.ast.expr.EmptyExpression>: null

2021-11-23 16:54:58 - [TEST_STEP][PASSED] - attr = <not implemented yet for class: org.codehaus.groovy.ast.expr.EmptyExpression>: null

2021-11-23 16:54:58 - [TEST_STEP][PASSED] - a = 0: null

2021-11-23 16:54:58 - [TEST_STEP][PASSED] - elements = findWebElements(findTestObject("Object Repository/Olusturma/Genel/Olusturma/TabloBasliklari"), 10): Found 14 web elements with id: 'Object Repository/Olusturma/Genel/Olusturma/TabloBasliklari' located by 'By.cssSelector: div#divmalhizmet .dxgvTable_LECustomTheme td.dxgvHeader_LECustomTheme tr>td:nth-child(1)' in '10' second(s)

2021-11-23 16:54:58 - [MESSAGE][INFO] - Finding Test Object 'Object Repository/Olusturma/Genel/Olusturma/TabloBasliklari'

2021-11-23 16:54:58 - [MESSAGE][INFO] - Checking timeout

2021-11-23 16:54:58 - [MESSAGE][INFO] - Finding web element with id: 'Object Repository/Olusturma/Genel/Olusturma/TabloBasliklari' located by 'By.cssSelector: div#divmalhizmet .dxgvTable_LECustomTheme td.dxgvHeader_LECustomTheme tr>td:nth-child(1)' in '10' second(s)

2021-11-23 16:54:58 - [MESSAGE][INFO] - Smart Wait Function is triggered

2021-11-23 16:54:58 - [MESSAGE][INFO] - Found 14 web elements with id: 'Object Repository/Olusturma/Genel/Olusturma/TabloBasliklari' located by 'By.cssSelector: div#divmalhizmet .dxgvTable_LECustomTheme td.dxgvHeader_LECustomTheme tr>td:nth-child(1)' in '10' second(s)

2021-11-23 16:54:58 - [TEST_STEP][PASSED] - for (def element : elements): null

2021-11-23 16:54:58 - [TEST_STEP][PASSED] - build().perform(): null

2021-11-23 16:54:58 - [TEST_STEP][PASSED] - if (getText().equals(Baslik)): null

2021-11-23 16:54:58 - [TEST_STEP][PASSED] - build().perform(): null

2021-11-23 16:54:58 - [TEST_STEP][PASSED] - if (getText().equals(Baslik)): null

2021-11-23 16:54:58 - [TEST_STEP][PASSED] - build().perform(): null

2021-11-23 16:54:58 - [TEST_STEP][PASSED] - if (getText().equals(Baslik)): null

2021-11-23 16:54:58 - [TEST_STEP][PASSED] - build().perform(): null

2021-11-23 16:54:59 - [TEST_STEP][PASSED] - if (getText().equals(Baslik)): null

2021-11-23 16:54:59 - [TEST_STEP][PASSED] - baslikElement = element.findElement(By.xpath("../../../..")): Smart Wait Function is triggered

2021-11-23 16:54:59 - [MESSAGE][INFO] - Smart Wait Function is triggered

2021-11-23 16:54:59 - [TEST_STEP][PASSED] - attr = baslikElement.getAttribute("id"): null

2021-11-23 16:54:59 - [TEST_STEP][PASSED] - println("girdi ve idsini aldı = " + attr): null

2021-11-23 16:54:59 - [TEST_STEP][PASSED] - break: null

2021-11-23 16:54:59 - [TEST_STEP][PASSED] - countElement = baslikElement.findElements(By.xpath("../td")): Smart Wait Function is triggered

2021-11-23 16:54:59 - [MESSAGE][INFO] - Smart Wait Function is triggered

2021-11-23 16:54:59 - [TEST_STEP][PASSED] - for (def element : countElement): null

2021-11-23 16:54:59 - [TEST_STEP][PASSED] - if (toString().equals(attr.toString())): null

2021-11-23 16:54:59 - [TEST_STEP][PASSED] - (a++): null

2021-11-23 16:54:59 - [TEST_STEP][PASSED] - if (toString().equals(attr.toString())): null

2021-11-23 16:54:59 - [TEST_STEP][PASSED] - (a++): null

2021-11-23 16:54:59 - [TEST_STEP][PASSED] - if (toString().equals(attr.toString())): null

2021-11-23 16:54:59 - [TEST_STEP][PASSED] - (a++): null

2021-11-23 16:54:59 - [TEST_STEP][PASSED] - if (toString().equals(attr.toString())): null

2021-11-23 16:54:59 - [TEST_STEP][PASSED] - (a++): null

2021-11-23 16:54:59 - [TEST_STEP][PASSED] - if (toString().equals(attr.toString())): null

2021-11-23 16:54:59 - [TEST_STEP][PASSED] - break: null

2021-11-23 16:54:59 - [TEST_STEP][PASSED] - son = findWebElement(findTestObject("Object Repository/Olusturma/Genel/Olusturma/EklenenSatir")).findElement(By.xpath("td[@class='dxgvInlineEditCell_LECustomTheme dxgv'][" + a + "]//td[@class='dxic']/input")): Smart Wait Function is triggered

2021-11-23 16:54:59 - [MESSAGE][INFO] - Finding Test Object 'Object Repository/Olusturma/Genel/Olusturma/EklenenSatir'

2021-11-23 16:54:59 - [MESSAGE][INFO] - Finding web element from Test Object's properties

2021-11-23 16:54:59 - [MESSAGE][INFO] - Checking timeout

2021-11-23 16:54:59 - [MESSAGE][INFO] - Finding web element with id: 'Object Repository/Olusturma/Genel/Olusturma/EklenenSatir' located by 'By.cssSelector: #divmalhizmet .dxgvInlineEditRow_LECustomTheme' in '30' second(s)

2021-11-23 16:54:59 - [MESSAGE][INFO] - Smart Wait Function is triggered

2021-11-23 16:55:00 - [MESSAGE][INFO] - Found 1 web elements with id: 'Object Repository/Olusturma/Genel/Olusturma/EklenenSatir' located by 'By.cssSelector: #divmalhizmet .dxgvInlineEditRow_LECustomTheme' in '30' second(s)

2021-11-23 16:55:00 - [MESSAGE][INFO] - Smart Wait Function is triggered

2021-11-23 16:55:00 - [TEST_STEP][PASSED] - if (!(getAttribute("value").contains("Vkn"))): null

2021-11-23 16:55:00 - [TEST_STEP][PASSED] - son.clear(): null

2021-11-23 16:55:00 - [TEST_STEP][PASSED] - son.sendKeys(Deger): null

2021-11-23 16:55:00 - [MESSAGE][PASSED] - Call Test Case 'Test Cases/Olusturma/Genel/Olusturma' successfully

2021-11-23 16:55:00 - [MESSAGE][INFO] - Checking called Test Case

2021-11-23 16:55:00 - [MESSAGE][INFO] - Starting to call Test Case 'Test Cases/Olusturma/Genel/Olusturma'

2021-11-23 16:55:00 - [TEST_CASE][PASSED] - Test Cases/Olusturma/Genel/Olusturma: Test Cases/Olusturma/Genel/Olusturma

2021-11-23 16:55:00 - [TEST_STEP][PASSED] - driver = getWebDriver(): null

2021-11-23 16:55:00 - [TEST_STEP][PASSED] - action = new org.openqa.selenium.interactions.Actions(driver): null

2021-11-23 16:55:00 - [TEST_STEP][PASSED] - baslikElement = <not implemented yet for class: org.codehaus.groovy.ast.expr.EmptyExpression>: null

2021-11-23 16:55:00 - [TEST_STEP][PASSED] - sonElement = <not implemented yet for class: org.codehaus.groovy.ast.expr.EmptyExpression>: null

2021-11-23 16:55:00 - [TEST_STEP][PASSED] - attr = <not implemented yet for class: org.codehaus.groovy.ast.expr.EmptyExpression>: null

2021-11-23 16:55:00 - [TEST_STEP][PASSED] - a = 0: null

2021-11-23 16:55:00 - [TEST_STEP][PASSED] - elements = findWebElements(findTestObject("Object Repository/Olusturma/Genel/Olusturma/TabloBasliklari"), 10): Found 14 web elements with id: 'Object Repository/Olusturma/Genel/Olusturma/TabloBasliklari' located by 'By.cssSelector: div#divmalhizmet .dxgvTable_LECustomTheme td.dxgvHeader_LECustomTheme tr>td:nth-child(1)' in '10' second(s)

2021-11-23 16:55:00 - [MESSAGE][INFO] - Finding Test Object 'Object Repository/Olusturma/Genel/Olusturma/TabloBasliklari'

2021-11-23 16:55:00 - [MESSAGE][INFO] - Checking timeout

2021-11-23 16:55:00 - [MESSAGE][INFO] - Finding web element with id: 'Object Repository/Olusturma/Genel/Olusturma/TabloBasliklari' located by 'By.cssSelector: div#divmalhizmet .dxgvTable_LECustomTheme td.dxgvHeader_LECustomTheme tr>td:nth-child(1)' in '10' second(s)

2021-11-23 16:55:00 - [MESSAGE][INFO] - Smart Wait Function is triggered

2021-11-23 16:55:01 - [MESSAGE][INFO] - Found 14 web elements with id: 'Object Repository/Olusturma/Genel/Olusturma/TabloBasliklari' located by 'By.cssSelector: div#divmalhizmet .dxgvTable_LECustomTheme td.dxgvHeader_LECustomTheme tr>td:nth-child(1)' in '10' second(s)

2021-11-23 16:55:01 - [TEST_STEP][PASSED] - for (def element : elements): null

2021-11-23 16:55:01 - [TEST_STEP][PASSED] - build().perform(): null

2021-11-23 16:55:01 - [TEST_STEP][PASSED] - if (getText().equals(Baslik)): null

2021-11-23 16:55:01 - [TEST_STEP][PASSED] - build().perform(): null

2021-11-23 16:55:01 - [TEST_STEP][PASSED] - if (getText().equals(Baslik)): null

2021-11-23 16:55:01 - [TEST_STEP][PASSED] - build().perform(): null

2021-11-23 16:55:01 - [TEST_STEP][PASSED] - if (getText().equals(Baslik)): null

2021-11-23 16:55:01 - [TEST_STEP][PASSED] - build().perform(): null

2021-11-23 16:55:01 - [TEST_STEP][PASSED] - if (getText().equals(Baslik)): null

2021-11-23 16:55:01 - [TEST_STEP][PASSED] - build().perform(): null

2021-11-23 16:55:01 - [TEST_STEP][PASSED] - if (getText().equals(Baslik)): null

2021-11-23 16:55:01 - [TEST_STEP][PASSED] - baslikElement = element.findElement(By.xpath("../../../..")): Smart Wait Function is triggered

2021-11-23 16:55:01 - [MESSAGE][INFO] - Smart Wait Function is triggered

2021-11-23 16:55:02 - [TEST_STEP][PASSED] - attr = baslikElement.getAttribute("id"): null

2021-11-23 16:55:02 - [TEST_STEP][PASSED] - println("girdi ve idsini aldı = " + attr): null

2021-11-23 16:55:02 - [TEST_STEP][PASSED] - break: null

2021-11-23 16:55:02 - [TEST_STEP][PASSED] - countElement = baslikElement.findElements(By.xpath("../td")): Smart Wait Function is triggered

2021-11-23 16:55:02 - [MESSAGE][INFO] - Smart Wait Function is triggered

2021-11-23 16:55:02 - [TEST_STEP][PASSED] - for (def element : countElement): null

2021-11-23 16:55:02 - [TEST_STEP][PASSED] - if (toString().equals(attr.toString())): null

2021-11-23 16:55:02 - [TEST_STEP][PASSED] - (a++): null

2021-11-23 16:55:02 - [TEST_STEP][PASSED] - if (toString().equals(attr.toString())): null

2021-11-23 16:55:02 - [TEST_STEP][PASSED] - (a++): null

2021-11-23 16:55:02 - [TEST_STEP][PASSED] - if (toString().equals(attr.toString())): null

2021-11-23 16:55:02 - [TEST_STEP][PASSED] - (a++): null

2021-11-23 16:55:02 - [TEST_STEP][PASSED] - if (toString().equals(attr.toString())): null

2021-11-23 16:55:02 - [TEST_STEP][PASSED] - (a++): null

2021-11-23 16:55:02 - [TEST_STEP][PASSED] - if (toString().equals(attr.toString())): null

2021-11-23 16:55:02 - [TEST_STEP][PASSED] - (a++): null

2021-11-23 16:55:02 - [TEST_STEP][PASSED] - if (toString().equals(attr.toString())): null

2021-11-23 16:55:02 - [TEST_STEP][PASSED] - break: null

2021-11-23 16:55:02 - [TEST_STEP][PASSED] - son = findWebElement(findTestObject("Object Repository/Olusturma/Genel/Olusturma/EklenenSatir")).findElement(By.xpath("td[@class='dxgvInlineEditCell_LECustomTheme dxgv'][" + a + "]//td[@class='dxic']/input")): Smart Wait Function is triggered

2021-11-23 16:55:02 - [MESSAGE][INFO] - Finding Test Object 'Object Repository/Olusturma/Genel/Olusturma/EklenenSatir'

2021-11-23 16:55:02 - [MESSAGE][INFO] - Finding web element from Test Object's properties

2021-11-23 16:55:02 - [MESSAGE][INFO] - Checking timeout

2021-11-23 16:55:02 - [MESSAGE][INFO] - Finding web element with id: 'Object Repository/Olusturma/Genel/Olusturma/EklenenSatir' located by 'By.cssSelector: #divmalhizmet .dxgvInlineEditRow_LECustomTheme' in '30' second(s)

2021-11-23 16:55:02 - [MESSAGE][INFO] - Smart Wait Function is triggered

2021-11-23 16:55:02 - [MESSAGE][INFO] - Found 1 web elements with id: 'Object Repository/Olusturma/Genel/Olusturma/EklenenSatir' located by 'By.cssSelector: #divmalhizmet .dxgvInlineEditRow_LECustomTheme' in '30' second(s)

2021-11-23 16:55:02 - [MESSAGE][INFO] - Smart Wait Function is triggered

2021-11-23 16:55:03 - [TEST_STEP][PASSED] - if (!(getAttribute("value").contains("Vkn"))): null

2021-11-23 16:55:03 - [TEST_STEP][PASSED] - son.clear(): null

2021-11-23 16:55:03 - [TEST_STEP][PASSED] - son.sendKeys(Deger): null

2021-11-23 16:55:03 - [MESSAGE][PASSED] - Call Test Case 'Test Cases/Olusturma/Genel/Olusturma' successfully

2021-11-23 16:55:03 - [MESSAGE][INFO] - Checking called Test Case

2021-11-23 16:55:03 - [MESSAGE][INFO] - Starting to call Test Case 'Test Cases/Olusturma/Genel/Olusturma'

2021-11-23 16:55:03 - [TEST_CASE][PASSED] - Test Cases/Olusturma/Genel/Olusturma: Test Cases/Olusturma/Genel/Olusturma

2021-11-23 16:55:03 - [TEST_STEP][PASSED] - driver = getWebDriver(): null

2021-11-23 16:55:03 - [TEST_STEP][PASSED] - action = new org.openqa.selenium.interactions.Actions(driver): null

2021-11-23 16:55:03 - [TEST_STEP][PASSED] - baslikElement = <not implemented yet for class: org.codehaus.groovy.ast.expr.EmptyExpression>: null

2021-11-23 16:55:03 - [TEST_STEP][PASSED] - sonElement = <not implemented yet for class: org.codehaus.groovy.ast.expr.EmptyExpression>: null

2021-11-23 16:55:03 - [TEST_STEP][PASSED] - attr = <not implemented yet for class: org.codehaus.groovy.ast.expr.EmptyExpression>: null

2021-11-23 16:55:03 - [TEST_STEP][PASSED] - a = 0: null

2021-11-23 16:55:03 - [TEST_STEP][PASSED] - elements = findWebElements(findTestObject("Object Repository/Olusturma/Genel/Olusturma/TabloBasliklari"), 10): Found 14 web elements with id: 'Object Repository/Olusturma/Genel/Olusturma/TabloBasliklari' located by 'By.cssSelector: div#divmalhizmet .dxgvTable_LECustomTheme td.dxgvHeader_LECustomTheme tr>td:nth-child(1)' in '10' second(s)

2021-11-23 16:55:03 - [MESSAGE][INFO] - Finding Test Object 'Object Repository/Olusturma/Genel/Olusturma/TabloBasliklari'

2021-11-23 16:55:03 - [MESSAGE][INFO] - Checking timeout

2021-11-23 16:55:03 - [MESSAGE][INFO] - Finding web element with id: 'Object Repository/Olusturma/Genel/Olusturma/TabloBasliklari' located by 'By.cssSelector: div#divmalhizmet .dxgvTable_LECustomTheme td.dxgvHeader_LECustomTheme tr>td:nth-child(1)' in '10' second(s)

2021-11-23 16:55:03 - [MESSAGE][INFO] - Smart Wait Function is triggered

2021-11-23 16:55:04 - [MESSAGE][INFO] - Found 14 web elements with id: 'Object Repository/Olusturma/Genel/Olusturma/TabloBasliklari' located by 'By.cssSelector: div#divmalhizmet .dxgvTable_LECustomTheme td.dxgvHeader_LECustomTheme tr>td:nth-child(1)' in '10' second(s)

2021-11-23 16:55:04 - [TEST_STEP][PASSED] - for (def element : elements): null

2021-11-23 16:55:04 - [TEST_STEP][PASSED] - build().perform(): null

2021-11-23 16:55:04 - [TEST_STEP][PASSED] - if (getText().equals(Baslik)): null

2021-11-23 16:55:04 - [TEST_STEP][PASSED] - build().perform(): null

2021-11-23 16:55:04 - [TEST_STEP][PASSED] - if (getText().equals(Baslik)): null

2021-11-23 16:55:04 - [TEST_STEP][PASSED] - build().perform(): null

2021-11-23 16:55:04 - [TEST_STEP][PASSED] - if (getText().equals(Baslik)): null

2021-11-23 16:55:04 - [TEST_STEP][PASSED] - build().perform(): null

2021-11-23 16:55:04 - [TEST_STEP][PASSED] - if (getText().equals(Baslik)): null

2021-11-23 16:55:04 - [TEST_STEP][PASSED] - build().perform(): null

2021-11-23 16:55:04 - [TEST_STEP][PASSED] - if (getText().equals(Baslik)): null

2021-11-23 16:55:04 - [TEST_STEP][PASSED] - build().perform(): null

2021-11-23 16:55:04 - [TEST_STEP][PASSED] - if (getText().equals(Baslik)): null

2021-11-23 16:55:04 - [TEST_STEP][PASSED] - build().perform(): null

2021-11-23 16:55:04 - [TEST_STEP][PASSED] - if (getText().equals(Baslik)): null

2021-11-23 16:55:04 - [TEST_STEP][PASSED] - baslikElement = element.findElement(By.xpath("../../../..")): Smart Wait Function is triggered

2021-11-23 16:55:04 - [MESSAGE][INFO] - Smart Wait Function is triggered

2021-11-23 16:55:05 - [TEST_STEP][PASSED] - attr = baslikElement.getAttribute("id"): null

2021-11-23 16:55:05 - [TEST_STEP][PASSED] - println("girdi ve idsini aldı = " + attr): null

2021-11-23 16:55:05 - [TEST_STEP][PASSED] - break: null

2021-11-23 16:55:05 - [TEST_STEP][PASSED] - countElement = baslikElement.findElements(By.xpath("../td")): Smart Wait Function is triggered

2021-11-23 16:55:05 - [MESSAGE][INFO] - Smart Wait Function is triggered

2021-11-23 16:55:05 - [TEST_STEP][PASSED] - for (def element : countElement): null

2021-11-23 16:55:05 - [TEST_STEP][PASSED] - if (toString().equals(attr.toString())): null

2021-11-23 16:55:05 - [TEST_STEP][PASSED] - (a++): null

2021-11-23 16:55:05 - [TEST_STEP][PASSED] - if (toString().equals(attr.toString())): null

2021-11-23 16:55:05 - [TEST_STEP][PASSED] - (a++): null

2021-11-23 16:55:05 - [TEST_STEP][PASSED] - if (toString().equals(attr.toString())): null

2021-11-23 16:55:05 - [TEST_STEP][PASSED] - (a++): null

2021-11-23 16:55:05 - [TEST_STEP][PASSED] - if (toString().equals(attr.toString())): null

2021-11-23 16:55:05 - [TEST_STEP][PASSED] - (a++): null

2021-11-23 16:55:05 - [TEST_STEP][PASSED] - if (toString().equals(attr.toString())): null

2021-11-23 16:55:05 - [TEST_STEP][PASSED] - (a++): null

2021-11-23 16:55:05 - [TEST_STEP][PASSED] - if (toString().equals(attr.toString())): null

2021-11-23 16:55:05 - [TEST_STEP][PASSED] - (a++): null

2021-11-23 16:55:05 - [TEST_STEP][PASSED] - if (toString().equals(attr.toString())): null

2021-11-23 16:55:05 - [TEST_STEP][PASSED] - (a++): null

2021-11-23 16:55:05 - [TEST_STEP][PASSED] - if (toString().equals(attr.toString())): null

2021-11-23 16:55:05 - [TEST_STEP][PASSED] - break: null

2021-11-23 16:55:05 - [TEST_STEP][PASSED] - son = findWebElement(findTestObject("Object Repository/Olusturma/Genel/Olusturma/EklenenSatir")).findElement(By.xpath("td[@class='dxgvInlineEditCell_LECustomTheme dxgv'][" + a + "]//td[@class='dxic']/input")): Smart Wait Function is triggered

2021-11-23 16:55:05 - [MESSAGE][INFO] - Finding Test Object 'Object Repository/Olusturma/Genel/Olusturma/EklenenSatir'

2021-11-23 16:55:05 - [MESSAGE][INFO] - Finding web element from Test Object's properties

2021-11-23 16:55:05 - [MESSAGE][INFO] - Checking timeout

2021-11-23 16:55:05 - [MESSAGE][INFO] - Finding web element with id: 'Object Repository/Olusturma/Genel/Olusturma/EklenenSatir' located by 'By.cssSelector: #divmalhizmet .dxgvInlineEditRow_LECustomTheme' in '30' second(s)

2021-11-23 16:55:05 - [MESSAGE][INFO] - Smart Wait Function is triggered

2021-11-23 16:55:06 - [MESSAGE][INFO] - Found 1 web elements with id: 'Object Repository/Olusturma/Genel/Olusturma/EklenenSatir' located by 'By.cssSelector: #divmalhizmet .dxgvInlineEditRow_LECustomTheme' in '30' second(s)

2021-11-23 16:55:06 - [MESSAGE][INFO] - Smart Wait Function is triggered

2021-11-23 16:55:06 - [TEST_STEP][PASSED] - if (!(getAttribute("value").contains("Vkn"))): null

2021-11-23 16:55:06 - [TEST_STEP][PASSED] - son.clear(): null

2021-11-23 16:55:06 - [TEST_STEP][PASSED] - son.sendKeys(Deger): null

2021-11-23 16:55:06 - [MESSAGE][PASSED] - Call Test Case 'Test Cases/Olusturma/Genel/Olusturma' successfully

2021-11-23 16:55:06 - [MESSAGE][INFO] - Checking called Test Case

2021-11-23 16:55:06 - [MESSAGE][INFO] - Starting to call Test Case 'Test Cases/Olusturma/Genel/Olusturma'

2021-11-23 16:55:06 - [TEST_CASE][PASSED] - Test Cases/Olusturma/Genel/Olusturma: Test Cases/Olusturma/Genel/Olusturma

2021-11-23 16:55:06 - [TEST_STEP][PASSED] - driver = getWebDriver(): null

2021-11-23 16:55:06 - [TEST_STEP][PASSED] - action = new org.openqa.selenium.interactions.Actions(driver): null

2021-11-23 16:55:06 - [TEST_STEP][PASSED] - baslikElement = <not implemented yet for class: org.codehaus.groovy.ast.expr.EmptyExpression>: null

2021-11-23 16:55:06 - [TEST_STEP][PASSED] - sonElement = <not implemented yet for class: org.codehaus.groovy.ast.expr.EmptyExpression>: null

2021-11-23 16:55:06 - [TEST_STEP][PASSED] - attr = <not implemented yet for class: org.codehaus.groovy.ast.expr.EmptyExpression>: null

2021-11-23 16:55:06 - [TEST_STEP][PASSED] - a = 0: null

2021-11-23 16:55:06 - [TEST_STEP][PASSED] - elements = findWebElements(findTestObject("Object Repository/Olusturma/Genel/Olusturma/TabloBasliklari"), 10): Found 14 web elements with id: 'Object Repository/Olusturma/Genel/Olusturma/TabloBasliklari' located by 'By.cssSelector: div#divmalhizmet .dxgvTable_LECustomTheme td.dxgvHeader_LECustomTheme tr>td:nth-child(1)' in '10' second(s)

2021-11-23 16:55:06 - [MESSAGE][INFO] - Finding Test Object 'Object Repository/Olusturma/Genel/Olusturma/TabloBasliklari'

2021-11-23 16:55:06 - [MESSAGE][INFO] - Checking timeout

2021-11-23 16:55:06 - [MESSAGE][INFO] - Finding web element with id: 'Object Repository/Olusturma/Genel/Olusturma/TabloBasliklari' located by 'By.cssSelector: div#divmalhizmet .dxgvTable_LECustomTheme td.dxgvHeader_LECustomTheme tr>td:nth-child(1)' in '10' second(s)

2021-11-23 16:55:06 - [MESSAGE][INFO] - Smart Wait Function is triggered

2021-11-23 16:55:06 - [MESSAGE][INFO] - Found 14 web elements with id: 'Object Repository/Olusturma/Genel/Olusturma/TabloBasliklari' located by 'By.cssSelector: div#divmalhizmet .dxgvTable_LECustomTheme td.dxgvHeader_LECustomTheme tr>td:nth-child(1)' in '10' second(s)

2021-11-23 16:55:06 - [TEST_STEP][PASSED] - for (def element : elements): null

2021-11-23 16:55:06 - [TEST_STEP][PASSED] - build().perform(): null

2021-11-23 16:55:07 - [TEST_STEP][PASSED] - if (getText().equals(Baslik)): null

2021-11-23 16:55:07 - [TEST_STEP][PASSED] - build().perform(): null

2021-11-23 16:55:07 - [TEST_STEP][PASSED] - if (getText().equals(Baslik)): null

2021-11-23 16:55:07 - [TEST_STEP][PASSED] - build().perform(): null

2021-11-23 16:55:07 - [TEST_STEP][PASSED] - if (getText().equals(Baslik)): null

2021-11-23 16:55:07 - [TEST_STEP][PASSED] - build().perform(): null

2021-11-23 16:55:07 - [TEST_STEP][PASSED] - if (getText().equals(Baslik)): null

2021-11-23 16:55:07 - [TEST_STEP][PASSED] - build().perform(): null

2021-11-23 16:55:07 - [TEST_STEP][PASSED] - if (getText().equals(Baslik)): null

2021-11-23 16:55:07 - [TEST_STEP][PASSED] - build().perform(): null

2021-11-23 16:55:07 - [TEST_STEP][PASSED] - if (getText().equals(Baslik)): null

2021-11-23 16:55:07 - [TEST_STEP][PASSED] - build().perform(): null

2021-11-23 16:55:07 - [TEST_STEP][PASSED] - if (getText().equals(Baslik)): null

2021-11-23 16:55:07 - [TEST_STEP][PASSED] - build().perform(): null

2021-11-23 16:55:08 - [TEST_STEP][PASSED] - if (getText().equals(Baslik)): null

2021-11-23 16:55:08 - [TEST_STEP][PASSED] - baslikElement = element.findElement(By.xpath("../../../..")): Smart Wait Function is triggered

2021-11-23 16:55:08 - [MESSAGE][INFO] - Smart Wait Function is triggered

2021-11-23 16:55:08 - [TEST_STEP][PASSED] - attr = baslikElement.getAttribute("id"): null

2021-11-23 16:55:08 - [TEST_STEP][PASSED] - println("girdi ve idsini aldı = " + attr): null

2021-11-23 16:55:08 - [TEST_STEP][PASSED] - break: null

2021-11-23 16:55:08 - [TEST_STEP][PASSED] - countElement = baslikElement.findElements(By.xpath("../td")): Smart Wait Function is triggered

2021-11-23 16:55:08 - [MESSAGE][INFO] - Smart Wait Function is triggered

2021-11-23 16:55:08 - [TEST_STEP][PASSED] - for (def element : countElement): null

2021-11-23 16:55:08 - [TEST_STEP][PASSED] - if (toString().equals(attr.toString())): null

2021-11-23 16:55:08 - [TEST_STEP][PASSED] - (a++): null

2021-11-23 16:55:08 - [TEST_STEP][PASSED] - if (toString().equals(attr.toString())): null

2021-11-23 16:55:08 - [TEST_STEP][PASSED] - (a++): null

2021-11-23 16:55:08 - [TEST_STEP][PASSED] - if (toString().equals(attr.toString())): null

2021-11-23 16:55:08 - [TEST_STEP][PASSED] - (a++): null

2021-11-23 16:55:08 - [TEST_STEP][PASSED] - if (toString().equals(attr.toString())): null

2021-11-23 16:55:08 - [TEST_STEP][PASSED] - (a++): null

2021-11-23 16:55:08 - [TEST_STEP][PASSED] - if (toString().equals(attr.toString())): null

2021-11-23 16:55:08 - [TEST_STEP][PASSED] - (a++): null

2021-11-23 16:55:08 - [TEST_STEP][PASSED] - if (toString().equals(attr.toString())): null

2021-11-23 16:55:08 - [TEST_STEP][PASSED] - (a++): null

2021-11-23 16:55:08 - [TEST_STEP][PASSED] - if (toString().equals(attr.toString())): null

2021-11-23 16:55:08 - [TEST_STEP][PASSED] - (a++): null

2021-11-23 16:55:08 - [TEST_STEP][PASSED] - if (toString().equals(attr.toString())): null

2021-11-23 16:55:08 - [TEST_STEP][PASSED] - (a++): null

2021-11-23 16:55:08 - [TEST_STEP][PASSED] - if (toString().equals(attr.toString())): null

2021-11-23 16:55:08 - [TEST_STEP][PASSED] - break: null

2021-11-23 16:55:08 - [TEST_STEP][PASSED] - son = findWebElement(findTestObject("Object Repository/Olusturma/Genel/Olusturma/EklenenSatir")).findElement(By.xpath("td[@class='dxgvInlineEditCell_LECustomTheme dxgv'][" + a + "]//td[@class='dxic']/input")): Smart Wait Function is triggered

2021-11-23 16:55:08 - [MESSAGE][INFO] - Finding Test Object 'Object Repository/Olusturma/Genel/Olusturma/EklenenSatir'

2021-11-23 16:55:08 - [MESSAGE][INFO] - Finding web element from Test Object's properties

2021-11-23 16:55:08 - [MESSAGE][INFO] - Checking timeout

2021-11-23 16:55:08 - [MESSAGE][INFO] - Finding web element with id: 'Object Repository/Olusturma/Genel/Olusturma/EklenenSatir' located by 'By.cssSelector: #divmalhizmet .dxgvInlineEditRow_LECustomTheme' in '30' second(s)

2021-11-23 16:55:08 - [MESSAGE][INFO] - Smart Wait Function is triggered

2021-11-23 16:55:09 - [MESSAGE][INFO] - Found 1 web elements with id: 'Object Repository/Olusturma/Genel/Olusturma/EklenenSatir' located by 'By.cssSelector: #divmalhizmet .dxgvInlineEditRow_LECustomTheme' in '30' second(s)

2021-11-23 16:55:09 - [MESSAGE][INFO] - Smart Wait Function is triggered

2021-11-23 16:55:09 - [TEST_STEP][PASSED] - if (!(getAttribute("value").contains("Vkn"))): null

2021-11-23 16:55:09 - [TEST_STEP][PASSED] - son.clear(): null

2021-11-23 16:55:09 - [TEST_STEP][PASSED] - son.sendKeys(Deger): null

2021-11-23 16:55:09 - [MESSAGE][PASSED] - Call Test Case 'Test Cases/Olusturma/Genel/Olusturma' successfully

2021-11-23 16:55:09 - [MESSAGE][INFO] - Checking called Test Case

2021-11-23 16:55:09 - [MESSAGE][INFO] - Starting to call Test Case 'Test Cases/Olusturma/Genel/NotGirilir'

2021-11-23 16:55:09 - [TEST_CASE][PASSED] - Test Cases/Olusturma/Genel/NotGirilir: Test Cases/Olusturma/Genel/NotGirilir

2021-11-23 16:55:09 - [TEST_STEP][PASSED] - i = 0: null

2021-11-23 16:55:09 - [TEST_STEP][PASSED] - waitForElementClickable(findTestObject("Olusturma/Genel/Not/Notlar"), 10): Object 'Object Repository/Olusturma/Genel/Not/Notlar' is clickable

2021-11-23 16:55:09 - [MESSAGE][INFO] - Finding Test Object 'Object Repository/Olusturma/Genel/Not/Notlar'

2021-11-23 16:55:09 - [MESSAGE][INFO] - Checking object

2021-11-23 16:55:09 - [MESSAGE][INFO] - Checking timeout

2021-11-23 16:55:09 - [MESSAGE][INFO] - Finding web element from Test Object's properties

2021-11-23 16:55:09 - [MESSAGE][INFO] - Checking timeout

2021-11-23 16:55:09 - [MESSAGE][INFO] - Finding web element with id: 'Object Repository/Olusturma/Genel/Not/Notlar' located by 'By.xpath: //*[@id = 'txtNote_I']' in '10' second(s)

2021-11-23 16:55:09 - [MESSAGE][INFO] - Smart Wait Function is triggered

2021-11-23 16:55:10 - [MESSAGE][INFO] - Found 1 web elements with id: 'Object Repository/Olusturma/Genel/Not/Notlar' located by 'By.xpath: //*[@id = 'txtNote_I']' in '10' second(s)

2021-11-23 16:55:10 - [MESSAGE][PASSED] - Object 'Object Repository/Olusturma/Genel/Not/Notlar' is clickable

2021-11-23 16:55:10 - [TEST_STEP][PASSED] - clearText(findTestObject("Olusturma/Genel/Not/Notlar")): Text of object 'Object Repository/Olusturma/Genel/Not/Notlar' is cleared

2021-11-23 16:55:10 - [MESSAGE][INFO] - Finding Test Object 'Object Repository/Olusturma/Genel/Not/Notlar'

2021-11-23 16:55:10 - [MESSAGE][INFO] - Checking object

2021-11-23 16:55:10 - [MESSAGE][INFO] - Finding web element from Test Object's properties

2021-11-23 16:55:10 - [MESSAGE][INFO] - Checking timeout

2021-11-23 16:55:10 - [MESSAGE][INFO] - Finding web element with id: 'Object Repository/Olusturma/Genel/Not/Notlar' located by 'By.xpath: //*[@id = 'txtNote_I']' in '30' second(s)

2021-11-23 16:55:10 - [MESSAGE][INFO] - Smart Wait Function is triggered

2021-11-23 16:55:10 - [MESSAGE][INFO] - Found 1 web elements with id: 'Object Repository/Olusturma/Genel/Not/Notlar' located by 'By.xpath: //*[@id = 'txtNote_I']' in '30' second(s)

2021-11-23 16:55:10 - [MESSAGE][INFO] - Clearing text of object 'Object Repository/Olusturma/Genel/Not/Notlar'

2021-11-23 16:55:10 - [MESSAGE][PASSED] - Text of object 'Object Repository/Olusturma/Genel/Not/Notlar' is cleared

2021-11-23 16:55:10 - [TEST_STEP][PASSED] - click(findTestObject("Olusturma/Genel/Not/Notlar")): Object: 'Object Repository/Olusturma/Genel/Not/Notlar' is clicked on

2021-11-23 16:55:10 - [MESSAGE][INFO] - Finding Test Object 'Object Repository/Olusturma/Genel/Not/Notlar'

2021-11-23 16:55:10 - [MESSAGE][INFO] - Checking object

2021-11-23 16:55:10 - [MESSAGE][INFO] - Finding web element from Test Object's properties

2021-11-23 16:55:10 - [MESSAGE][INFO] - Checking timeout

2021-11-23 16:55:10 - [MESSAGE][INFO] - Finding web element with id: 'Object Repository/Olusturma/Genel/Not/Notlar' located by 'By.xpath: //*[@id = 'txtNote_I']' in '30' second(s)

2021-11-23 16:55:10 - [MESSAGE][INFO] - Smart Wait Function is triggered

2021-11-23 16:55:11 - [MESSAGE][INFO] - Found 1 web elements with id: 'Object Repository/Olusturma/Genel/Not/Notlar' located by 'By.xpath: //*[@id = 'txtNote_I']' in '30' second(s)

2021-11-23 16:55:11 - [MESSAGE][INFO] - Clicking on object: 'Object Repository/Olusturma/Genel/Not/Notlar'

2021-11-23 16:55:11 - [MESSAGE][PASSED] - Object: 'Object Repository/Olusturma/Genel/Not/Notlar' is clicked on

2021-11-23 16:55:11 - [TEST_STEP][PASSED] - while (true): null

2021-11-23 16:55:11 - [TEST_STEP][PASSED] - delay(1): Delayed 1 second(s)

2021-11-23 16:55:11 - [MESSAGE][INFO] - Delaying browser in 1 second(s)

2021-11-23 16:55:12 - [MESSAGE][PASSED] - Delayed 1 second(s)

2021-11-23 16:55:12 - [TEST_STEP][PASSED] - ajaxIsComplete = executeJavaScript("return jQuery.active == 0", null): Execute JavaScript 'return jQuery.active == 0' successfully

2021-11-23 16:55:12 - [MESSAGE][PASSED] - Execute JavaScript 'return jQuery.active == 0' successfully

2021-11-23 16:55:12 - [TEST_STEP][PASSED] - if (ajaxIsComplete): null

2021-11-23 16:55:12 - [TEST_STEP][PASSED] - break: null

2021-11-23 16:55:12 - [TEST_STEP][PASSED] - sendKeys(findTestObject("Olusturma/Genel/Not/Notlar"), Not): Keys 'Otomasyon Not' sent to object: 'Object Repository/Olusturma/Genel/Not/Notlar'

2021-11-23 16:55:12 - [MESSAGE][INFO] - Finding Test Object 'Object Repository/Olusturma/Genel/Not/Notlar'

2021-11-23 16:55:12 - [MESSAGE][INFO] - Sending keys 'Otomasyon Not' to object: 'Object Repository/Olusturma/Genel/Not/Notlar'

2021-11-23 16:55:12 - [MESSAGE][INFO] - Finding web element from Test Object's properties

2021-11-23 16:55:12 - [MESSAGE][INFO] - Checking timeout

2021-11-23 16:55:12 - [MESSAGE][INFO] - Finding web element with id: 'Object Repository/Olusturma/Genel/Not/Notlar' located by 'By.xpath: //*[@id = 'txtNote_I']' in '30' second(s)

2021-11-23 16:55:12 - [MESSAGE][INFO] - Smart Wait Function is triggered

2021-11-23 16:55:12 - [MESSAGE][INFO] - Found 1 web elements with id: 'Object Repository/Olusturma/Genel/Not/Notlar' located by 'By.xpath: //*[@id = 'txtNote_I']' in '30' second(s)

2021-11-23 16:55:12 - [MESSAGE][PASSED] - Keys 'Otomasyon Not' sent to object: 'Object Repository/Olusturma/Genel/Not/Notlar'

2021-11-23 16:55:12 - [MESSAGE][PASSED] - Call Test Case 'Test Cases/Olusturma/Genel/NotGirilir' successfully

2021-11-23 16:55:12 - [MESSAGE][INFO] - Checking called Test Case

2021-11-23 16:55:12 - [MESSAGE][INFO] - Starting to call Test Case 'Test Cases/Olusturma/Genel/EttnBilgisiKayitEdilir'

2021-11-23 16:55:12 - [TEST_CASE][PASSED] - Test Cases/Olusturma/Genel/EttnBilgisiKayitEdilir: Test Cases/Olusturma/Genel/EttnBilgisiKayitEdilir

2021-11-23 16:55:12 - [TEST_STEP][PASSED] - verifyElementPresent(findTestObject("Object Repository/Olusturma/Genel/Olusturma/eArsivEttnBilgisi"), 7): Object 'Object Repository/Olusturma/Genel/Olusturma/eArsivEttnBilgisi' is present

2021-11-23 16:55:12 - [MESSAGE][INFO] - Finding Test Object 'Object Repository/Olusturma/Genel/Olusturma/eArsivEttnBilgisi'

2021-11-23 16:55:12 - [MESSAGE][INFO] - Checking object

2021-11-23 16:55:12 - [MESSAGE][INFO] - Finding web element from Test Object's properties

2021-11-23 16:55:12 - [MESSAGE][INFO] - Checking timeout

2021-11-23 16:55:12 - [MESSAGE][INFO] - Finding web element with id: 'Object Repository/Olusturma/Genel/Olusturma/eArsivEttnBilgisi' located by 'By.xpath: //*[@id = 'Uuid_I']' in '7' second(s)

2021-11-23 16:55:12 - [MESSAGE][INFO] - Smart Wait Function is triggered

2021-11-23 16:55:13 - [MESSAGE][INFO] - Found 1 web elements with id: 'Object Repository/Olusturma/Genel/Olusturma/eArsivEttnBilgisi' located by 'By.xpath: //*[@id = 'Uuid_I']' in '7' second(s)

2021-11-23 16:55:13 - [MESSAGE][PASSED] - Object 'Object Repository/Olusturma/Genel/Olusturma/eArsivEttnBilgisi' is present

2021-11-23 16:55:13 - [TEST_STEP][PASSED] - ettn = getAttribute(findTestObject("Object Repository/Olusturma/Genel/Olusturma/eArsivEttnBilgisi"), "value"): Attribute 'value' of object 'Object Repository/Olusturma/Genel/Olusturma/eArsivEttnBilgisi' is: '101dade7-ba3a-466e-8485-dcb935d7084c'

2021-11-23 16:55:13 - [MESSAGE][INFO] - Finding Test Object 'Object Repository/Olusturma/Genel/Olusturma/eArsivEttnBilgisi'

2021-11-23 16:55:13 - [MESSAGE][INFO] - Checking object

2021-11-23 16:55:13 - [MESSAGE][INFO] - Checking attribute

2021-11-23 16:55:13 - [MESSAGE][INFO] - Finding web element from Test Object's properties

2021-11-23 16:55:13 - [MESSAGE][INFO] - Checking timeout

2021-11-23 16:55:13 - [MESSAGE][INFO] - Finding web element with id: 'Object Repository/Olusturma/Genel/Olusturma/eArsivEttnBilgisi' located by 'By.xpath: //*[@id = 'Uuid_I']' in '30' second(s)

2021-11-23 16:55:13 - [MESSAGE][INFO] - Smart Wait Function is triggered

2021-11-23 16:55:13 - [MESSAGE][INFO] - Found 1 web elements with id: 'Object Repository/Olusturma/Genel/Olusturma/eArsivEttnBilgisi' located by 'By.xpath: //*[@id = 'Uuid_I']' in '30' second(s)

2021-11-23 16:55:13 - [MESSAGE][INFO] - Getting attribute 'value' of object 'Object Repository/Olusturma/Genel/Olusturma/eArsivEttnBilgisi'

2021-11-23 16:55:13 - [MESSAGE][PASSED] - Attribute 'value' of object 'Object Repository/Olusturma/Genel/Olusturma/eArsivEttnBilgisi' is: '101dade7-ba3a-466e-8485-dcb935d7084c'

2021-11-23 16:55:13 - [MESSAGE][PASSED] - Call Test Case 'Test Cases/Olusturma/Genel/EttnBilgisiKayitEdilir' successfully

2021-11-23 16:55:13 - [MESSAGE][INFO] - Checking called Test Case

2021-11-23 16:55:13 - [MESSAGE][INFO] - Starting to call Test Case 'Test Cases/Olusturma/Genel/KaydetButonunaTiklanir'

2021-11-23 16:55:13 - [TEST_CASE][PASSED] - Test Cases/Olusturma/Genel/KaydetButonunaTiklanir: Test Cases/Olusturma/Genel/KaydetButonunaTiklanir

2021-11-23 16:55:13 - [TEST_STEP][PASSED] - i = 0: null

2021-11-23 16:55:13 - [TEST_STEP][PASSED] - waitForElementPresent(findTestObject("Olusturma/Genel/Not/Notlar"), 10): Object 'Object Repository/Olusturma/Genel/Not/Notlar' is present

2021-11-23 16:55:13 - [MESSAGE][INFO] - Finding Test Object 'Object Repository/Olusturma/Genel/Not/Notlar'

2021-11-23 16:55:13 - [MESSAGE][INFO] - Checking object

2021-11-23 16:55:13 - [MESSAGE][INFO] - Finding web element from Test Object's properties

2021-11-23 16:55:13 - [MESSAGE][INFO] - Checking timeout

2021-11-23 16:55:13 - [MESSAGE][INFO] - Finding web element with id: 'Object Repository/Olusturma/Genel/Not/Notlar' located by 'By.xpath: //*[@id = 'txtNote_I']' in '10' second(s)

2021-11-23 16:55:13 - [MESSAGE][INFO] - Smart Wait Function is triggered

2021-11-23 16:55:14 - [MESSAGE][INFO] - Found 1 web elements with id: 'Object Repository/Olusturma/Genel/Not/Notlar' located by 'By.xpath: //*[@id = 'txtNote_I']' in '10' second(s)

2021-11-23 16:55:14 - [MESSAGE][PASSED] - Object 'Object Repository/Olusturma/Genel/Not/Notlar' is present

2021-11-23 16:55:14 - [TEST_STEP][PASSED] - click(findTestObject("Olusturma/Genel/Not/Notlar")): Object: 'Object Repository/Olusturma/Genel/Not/Notlar' is clicked on

2021-11-23 16:55:14 - [MESSAGE][INFO] - Finding Test Object 'Object Repository/Olusturma/Genel/Not/Notlar'

2021-11-23 16:55:14 - [MESSAGE][INFO] - Checking object

2021-11-23 16:55:14 - [MESSAGE][INFO] - Finding web element from Test Object's properties

2021-11-23 16:55:14 - [MESSAGE][INFO] - Checking timeout

2021-11-23 16:55:14 - [MESSAGE][INFO] - Finding web element with id: 'Object Repository/Olusturma/Genel/Not/Notlar' located by 'By.xpath: //*[@id = 'txtNote_I']' in '30' second(s)

2021-11-23 16:55:14 - [MESSAGE][INFO] - Smart Wait Function is triggered

2021-11-23 16:55:14 - [MESSAGE][INFO] - Found 1 web elements with id: 'Object Repository/Olusturma/Genel/Not/Notlar' located by 'By.xpath: //*[@id = 'txtNote_I']' in '30' second(s)

2021-11-23 16:55:14 - [MESSAGE][INFO] - Clicking on object: 'Object Repository/Olusturma/Genel/Not/Notlar'

2021-11-23 16:55:14 - [MESSAGE][PASSED] - Object: 'Object Repository/Olusturma/Genel/Not/Notlar' is clicked on

2021-11-23 16:55:14 - [TEST_STEP][PASSED] - while (true): null

2021-11-23 16:55:14 - [TEST_STEP][PASSED] - delay(1): Delayed 1 second(s)

2021-11-23 16:55:14 - [MESSAGE][INFO] - Delaying browser in 1 second(s)

2021-11-23 16:55:15 - [MESSAGE][PASSED] - Delayed 1 second(s)

2021-11-23 16:55:15 - [TEST_STEP][PASSED] - ajaxIsComplete = executeJavaScript("return jQuery.active == 0", null): Execute JavaScript 'return jQuery.active == 0' successfully

2021-11-23 16:55:15 - [MESSAGE][PASSED] - Execute JavaScript 'return jQuery.active == 0' successfully

2021-11-23 16:55:15 - [TEST_STEP][PASSED] - if (ajaxIsComplete): null

2021-11-23 16:55:15 - [TEST_STEP][PASSED] - break: null

2021-11-23 16:55:15 - [TEST_STEP][PASSED] - waitForElementClickable(findTestObject("Object Repository/Olusturma/Genel/Buton"), 10): Object 'Object Repository/Olusturma/Genel/Buton' is clickable

2021-11-23 16:55:15 - [MESSAGE][INFO] - Finding Test Object 'Object Repository/Olusturma/Genel/Buton'

2021-11-23 16:55:15 - [MESSAGE][INFO] - Checking object

2021-11-23 16:55:15 - [MESSAGE][INFO] - Checking timeout

2021-11-23 16:55:15 - [MESSAGE][INFO] - Finding web element from Test Object's properties

2021-11-23 16:55:15 - [MESSAGE][INFO] - Checking timeout

2021-11-23 16:55:15 - [MESSAGE][INFO] - Finding web element with id: 'Object Repository/Olusturma/Genel/Buton' located by 'By.xpath: //*[@id = 'btnKaydet']' in '10' second(s)

2021-11-23 16:55:15 - [MESSAGE][INFO] - Smart Wait Function is triggered

2021-11-23 16:55:15 - [MESSAGE][INFO] - Found 1 web elements with id: 'Object Repository/Olusturma/Genel/Buton' located by 'By.xpath: //*[@id = 'btnKaydet']' in '10' second(s)

2021-11-23 16:55:15 - [MESSAGE][PASSED] - Object 'Object Repository/Olusturma/Genel/Buton' is clickable

2021-11-23 16:55:15 - [TEST_STEP][PASSED] - click(findTestObject("Object Repository/Olusturma/Genel/Buton")): Object: 'Object Repository/Olusturma/Genel/Buton' is clicked on

2021-11-23 16:55:15 - [MESSAGE][INFO] - Finding Test Object 'Object Repository/Olusturma/Genel/Buton'

2021-11-23 16:55:15 - [MESSAGE][INFO] - Checking object

2021-11-23 16:55:15 - [MESSAGE][INFO] - Finding web element from Test Object's properties

2021-11-23 16:55:15 - [MESSAGE][INFO] - Checking timeout

2021-11-23 16:55:15 - [MESSAGE][INFO] - Finding web element with id: 'Object Repository/Olusturma/Genel/Buton' located by 'By.xpath: //*[@id = 'btnKaydet']' in '30' second(s)

2021-11-23 16:55:15 - [MESSAGE][INFO] - Smart Wait Function is triggered

2021-11-23 16:55:16 - [MESSAGE][INFO] - Found 1 web elements with id: 'Object Repository/Olusturma/Genel/Buton' located by 'By.xpath: //*[@id = 'btnKaydet']' in '30' second(s)

2021-11-23 16:55:16 - [MESSAGE][INFO] - Clicking on object: 'Object Repository/Olusturma/Genel/Buton'

2021-11-23 16:55:18 - [MESSAGE][PASSED] - Object: 'Object Repository/Olusturma/Genel/Buton' is clicked on

2021-11-23 16:55:18 - [MESSAGE][PASSED] - Call Test Case 'Test Cases/Olusturma/Genel/KaydetButonunaTiklanir' successfully

2021-11-23 16:55:18 - [MESSAGE][INFO] - Checking called Test Case

2021-11-23 16:55:18 - [MESSAGE][INFO] - Starting to call Test Case 'Test Cases/Tablo/TablodaEttnliVeriOlusturulduMu'

2021-11-23 16:55:18 - [TEST_CASE][PASSED] - Test Cases/Tablo/TablodaEttnliVeriOlusturulduMu: Test Cases/Tablo/TablodaEttnliVeriOlusturulduMu

2021-11-23 16:55:18 - [TEST_STEP][PASSED] - Method.TextDegerineEsitElementVarMi(findTestObject("Tablo/OlusturulanVeri"), ettn): Method.TextDegerineEsitElementVarMi is PASSED

2021-11-23 16:55:18 - [MESSAGE][INFO] - Finding Test Object 'Object Repository/Tablo/OlusturulanVeri'

2021-11-23 16:55:18 - [MESSAGE][INFO] - Checking timeout

2021-11-23 16:55:18 - [MESSAGE][INFO] - Finding web element with id: 'Object Repository/Tablo/OlusturulanVeri' located by 'By.cssSelector: table.dxgvTable_LECustomTheme>tbody>tr:nth-child(3)>td.dxgv b,table.dxgvTable_LECustomTheme>tbody>tr:nth-child(3)>td.dxgv' in '10' second(s)

2021-11-23 16:55:18 - [MESSAGE][INFO] - Smart Wait Function is triggered

2021-11-23 16:55:19 - [MESSAGE][INFO] - Found 14 web elements with id: 'Object Repository/Tablo/OlusturulanVeri' located by 'By.cssSelector: table.dxgvTable_LECustomTheme>tbody>tr:nth-child(3)>td.dxgv b,table.dxgvTable_LECustomTheme>tbody>tr:nth-child(3)>td.dxgv' in '10' second(s)

2021-11-23 16:55:19 - [MESSAGE][PASSED] - Method.TextDegerineEsitElementVarMi is PASSED

2021-11-23 16:55:19 - [MESSAGE][PASSED] - Call Test Case 'Test Cases/Tablo/TablodaEttnliVeriOlusturulduMu' successfully

2021-11-23 16:55:19 - [MESSAGE][INFO] - Checking called Test Case

2021-11-23 16:55:19 - [MESSAGE][INFO] - Starting to call Test Case 'Test Cases/Tablo/TablodanEttnliVeriSec'

2021-11-23 16:55:19 - [TEST_CASE][PASSED] - Test Cases/Tablo/TablodanEttnliVeriSec: Test Cases/Tablo/TablodanEttnliVeriSec

2021-11-23 16:55:19 - [TEST_STEP][PASSED] - Method.TextDegerineEsitElementinAltindakineTikla(findTestObject("Tablo/Veriler"), findTestObject("Tablo/VerininCheckBoxi"), ettn): Method.TextDegerineEsitElementinAltindakineTikla is PASSED

2021-11-23 16:55:19 - [MESSAGE][INFO] - Finding Test Object 'Object Repository/Tablo/Veriler'

2021-11-23 16:55:19 - [MESSAGE][INFO] - Finding Test Object 'Object Repository/Tablo/VerininCheckBoxi'

2021-11-23 16:55:19 - [MESSAGE][INFO] - Checking timeout

2021-11-23 16:55:19 - [MESSAGE][INFO] - Finding web element with id: 'Object Repository/Tablo/Veriler' located by 'By.cssSelector: td.dxgv b ,td.dxgv' in '10' second(s)

2021-11-23 16:55:19 - [MESSAGE][INFO] - Smart Wait Function is triggered

2021-11-23 16:55:19 - [MESSAGE][INFO] - Found 70 web elements with id: 'Object Repository/Tablo/Veriler' located by 'By.cssSelector: td.dxgv b ,td.dxgv' in '10' second(s)

2021-11-23 16:55:19 - [MESSAGE][INFO] - Smart Wait Function is triggered

2021-11-23 16:55:20 - [MESSAGE][PASSED] - Method.TextDegerineEsitElementinAltindakineTikla is PASSED

2021-11-23 16:55:20 - [MESSAGE][PASSED] - Call Test Case 'Test Cases/Tablo/TablodanEttnliVeriSec' successfully

2021-11-23 16:55:20 - [MESSAGE][INFO] - Checking called Test Case

2021-11-23 16:55:20 - [MESSAGE][INFO] - Starting to call Test Case 'Test Cases/Butonlar/ButonaTikla'

2021-11-23 16:55:20 - [TEST_CASE][PASSED] - Test Cases/Butonlar/ButonaTikla: Test Cases/Butonlar/ButonaTikla

2021-11-23 16:55:20 - [TEST_STEP][PASSED] - Method.TextDegerineEsitElementeTiklaEquals(findTestObject("Butonlar/Butonlar"), Buton_Adi): Method.TextDegerineEsitElementeTiklaEquals is PASSED

2021-11-23 16:55:20 - [MESSAGE][INFO] - Finding Test Object 'Object Repository/Butonlar/Butonlar'

2021-11-23 16:55:20 - [MESSAGE][INFO] - Checking timeout

2021-11-23 16:55:20 - [MESSAGE][INFO] - Finding web element with id: 'Object Repository/Butonlar/Butonlar' located by 'By.cssSelector: .panel.panel-default.text-center.footerPanel .btn,.btn.btn-primary.btnControls' in '10' second(s)

2021-11-23 16:55:20 - [MESSAGE][INFO] - Smart Wait Function is triggered

2021-11-23 16:55:20 - [MESSAGE][INFO] - Found 9 web elements with id: 'Object Repository/Butonlar/Butonlar' located by 'By.cssSelector: .panel.panel-default.text-center.footerPanel .btn,.btn.btn-primary.btnControls' in '10' second(s)

2021-11-23 16:55:21 - [MESSAGE][PASSED] - Method.TextDegerineEsitElementeTiklaEquals is PASSED

2021-11-23 16:55:21 - [MESSAGE][PASSED] - Call Test Case 'Test Cases/Butonlar/ButonaTikla' successfully

2021-11-23 16:55:21 - [MESSAGE][INFO] - Checking called Test Case

2021-11-23 16:55:21 - [MESSAGE][INFO] - Starting to call Test Case 'Test Cases/Popup/PopupMesajiIceriyorMu'

2021-11-23 16:55:21 - [TEST_CASE][PASSED] - Test Cases/Popup/PopupMesajiIceriyorMu: Test Cases/Popup/PopupMesajiIceriyorMu

2021-11-23 16:55:21 - [TEST_STEP][PASSED] - waitForElementVisible(findTestObject("Popup/Popup"), 10): Object 'Object Repository/Popup/Popup' is visible

2021-11-23 16:55:21 - [MESSAGE][INFO] - Finding Test Object 'Object Repository/Popup/Popup'

2021-11-23 16:55:21 - [MESSAGE][INFO] - Checking object

2021-11-23 16:55:21 - [MESSAGE][INFO] - Checking timeout

2021-11-23 16:55:21 - [MESSAGE][INFO] - Finding web element from Test Object's properties

2021-11-23 16:55:21 - [MESSAGE][INFO] - Checking timeout

2021-11-23 16:55:21 - [MESSAGE][INFO] - Finding web element with id: 'Object Repository/Popup/Popup' located by 'By.cssSelector: .bootbox-body' in '10' second(s)

2021-11-23 16:55:21 - [MESSAGE][INFO] - Smart Wait Function is triggered

2021-11-23 16:55:22 - [MESSAGE][INFO] - Found 1 web elements with id: 'Object Repository/Popup/Popup' located by 'By.cssSelector: .bootbox-body' in '10' second(s)

2021-11-23 16:55:22 - [MESSAGE][PASSED] - Object 'Object Repository/Popup/Popup' is visible

2021-11-23 16:55:22 - [TEST_STEP][PASSED] - if (!(getText(findTestObject("Popup/Popup")).contains(Mesaj))): Text of object 'Object Repository/Popup/Popup' is: 'Oluşturulacak fatura numarası : FGX2021000000522 Fatura numarası oluşturulduktan sonra fatura silinemez. Fatura numarası, tarihi ve ön eki değiştirilemez. Devam etmek istiyor musunuz?'

2021-11-23 16:55:22 - [MESSAGE][INFO] - Finding Test Object 'Object Repository/Popup/Popup'

2021-11-23 16:55:22 - [MESSAGE][INFO] - Checking object

2021-11-23 16:55:22 - [MESSAGE][INFO] - Finding web element from Test Object's properties

2021-11-23 16:55:22 - [MESSAGE][INFO] - Checking timeout

2021-11-23 16:55:22 - [MESSAGE][INFO] - Finding web element with id: 'Object Repository/Popup/Popup' located by 'By.cssSelector: .bootbox-body' in '30' second(s)

2021-11-23 16:55:22 - [MESSAGE][INFO] - Smart Wait Function is triggered

2021-11-23 16:55:22 - [MESSAGE][INFO] - Found 1 web elements with id: 'Object Repository/Popup/Popup' located by 'By.cssSelector: .bootbox-body' in '30' second(s)

2021-11-23 16:55:22 - [MESSAGE][INFO] - Getting text of object 'Object Repository/Popup/Popup'

2021-11-23 16:55:22 - [MESSAGE][PASSED] - Text of object 'Object Repository/Popup/Popup' is: 'Oluşturulacak fatura numarası : FGX2021000000522 Fatura numarası oluşturulduktan sonra fatura silinemez. Fatura numarası, tarihi ve ön eki değiştirilemez. Devam etmek istiyor musunuz?'

2021-11-23 16:55:22 - [TEST_STEP][PASSED] - RaporNo = getText(findTestObject("Popup/Popup")).substring(0, 6): Text of object 'Object Repository/Popup/Popup' is: 'Oluşturulacak fatura numarası : FGX2021000000522 Fatura numarası oluşturulduktan sonra fatura silinemez. Fatura numarası, tarihi ve ön eki değiştirilemez. Devam etmek istiyor musunuz?'

2021-11-23 16:55:22 - [MESSAGE][INFO] - Finding Test Object 'Object Repository/Popup/Popup'

2021-11-23 16:55:22 - [MESSAGE][INFO] - Checking object

2021-11-23 16:55:22 - [MESSAGE][INFO] - Finding web element from Test Object's properties

2021-11-23 16:55:22 - [MESSAGE][INFO] - Checking timeout

2021-11-23 16:55:22 - [MESSAGE][INFO] - Finding web element with id: 'Object Repository/Popup/Popup' located by 'By.cssSelector: .bootbox-body' in '30' second(s)

2021-11-23 16:55:22 - [MESSAGE][INFO] - Smart Wait Function is triggered

2021-11-23 16:55:22 - [MESSAGE][INFO] - Found 1 web elements with id: 'Object Repository/Popup/Popup' located by 'By.cssSelector: .bootbox-body' in '30' second(s)

2021-11-23 16:55:22 - [MESSAGE][INFO] - Getting text of object 'Object Repository/Popup/Popup'

2021-11-23 16:55:22 - [MESSAGE][PASSED] - Text of object 'Object Repository/Popup/Popup' is: 'Oluşturulacak fatura numarası : FGX2021000000522 Fatura numarası oluşturulduktan sonra fatura silinemez. Fatura numarası, tarihi ve ön eki değiştirilemez. Devam etmek istiyor musunuz?'

2021-11-23 16:55:22 - [TEST_STEP][PASSED] - Console.println(RaporNo): null

2021-11-23 16:55:22 - [MESSAGE][PASSED] - Call Test Case 'Test Cases/Popup/PopupMesajiIceriyorMu' successfully

2021-11-23 16:55:22 - [MESSAGE][INFO] - Checking called Test Case

2021-11-23 16:55:22 - [MESSAGE][INFO] - Starting to call Test Case 'Test Cases/Popup/PopupButonSecilir'

2021-11-23 16:55:22 - [TEST_CASE][PASSED] - Test Cases/Popup/PopupButonSecilir: Test Cases/Popup/PopupButonSecilir

2021-11-23 16:55:22 - [TEST_STEP][PASSED] - Method.TextDegerineEsitElementeTikla(findTestObject("Popup/Popup_Butons"), Buton): Method.TextDegerineEsitElementeTikla is PASSED

2021-11-23 16:55:22 - [MESSAGE][INFO] - Finding Test Object 'Object Repository/Popup/Popup_Butons'

2021-11-23 16:55:22 - [MESSAGE][INFO] - Checking timeout

2021-11-23 16:55:22 - [MESSAGE][INFO] - Finding web element with id: 'Object Repository/Popup/Popup_Butons' located by 'By.cssSelector: .modal-footer>button' in '10' second(s)

2021-11-23 16:55:22 - [MESSAGE][INFO] - Smart Wait Function is triggered

2021-11-23 16:55:23 - [MESSAGE][INFO] - Found 2 web elements with id: 'Object Repository/Popup/Popup_Butons' located by 'By.cssSelector: .modal-footer>button' in '10' second(s)

2021-11-23 16:55:23 - [MESSAGE][PASSED] - Method.TextDegerineEsitElementeTikla is PASSED

2021-11-23 16:55:23 - [MESSAGE][PASSED] - Call Test Case 'Test Cases/Popup/PopupButonSecilir' successfully

2021-11-23 16:55:23 - [MESSAGE][INFO] - Checking called Test Case

2021-11-23 16:55:23 - [MESSAGE][INFO] - Starting to call Test Case 'Test Cases/Popup/PopupMesajiIceriyorMu'

2021-11-23 16:55:23 - [TEST_CASE][PASSED] - Test Cases/Popup/PopupMesajiIceriyorMu: Test Cases/Popup/PopupMesajiIceriyorMu

2021-11-23 16:55:23 - [TEST_STEP][PASSED] - waitForElementVisible(findTestObject("Popup/Popup"), 10): Object 'Object Repository/Popup/Popup' is visible

2021-11-23 16:55:23 - [MESSAGE][INFO] - Finding Test Object 'Object Repository/Popup/Popup'

2021-11-23 16:55:23 - [MESSAGE][INFO] - Checking object

2021-11-23 16:55:23 - [MESSAGE][INFO] - Checking timeout

2021-11-23 16:55:23 - [MESSAGE][INFO] - Finding web element from Test Object's properties

2021-11-23 16:55:23 - [MESSAGE][INFO] - Checking timeout

2021-11-23 16:55:23 - [MESSAGE][INFO] - Finding web element with id: 'Object Repository/Popup/Popup' located by 'By.cssSelector: .bootbox-body' in '10' second(s)

2021-11-23 16:55:23 - [MESSAGE][INFO] - Smart Wait Function is triggered

2021-11-23 16:55:25 - [MESSAGE][INFO] - Found 1 web elements with id: 'Object Repository/Popup/Popup' located by 'By.cssSelector: .bootbox-body' in '10' second(s)

2021-11-23 16:55:25 - [MESSAGE][PASSED] - Object 'Object Repository/Popup/Popup' is visible

2021-11-23 16:55:25 - [TEST_STEP][PASSED] - if (!(getText(findTestObject("Popup/Popup")).contains(Mesaj))): Text of object 'Object Repository/Popup/Popup' is: 'Fatura numaranız FGX2021000000522 olarak oluşmuştur.'

2021-11-23 16:55:25 - [MESSAGE][INFO] - Finding Test Object 'Object Repository/Popup/Popup'

2021-11-23 16:55:25 - [MESSAGE][INFO] - Checking object

2021-11-23 16:55:25 - [MESSAGE][INFO] - Finding web element from Test Object's properties

2021-11-23 16:55:25 - [MESSAGE][INFO] - Checking timeout

2021-11-23 16:55:25 - [MESSAGE][INFO] - Finding web element with id: 'Object Repository/Popup/Popup' located by 'By.cssSelector: .bootbox-body' in '30' second(s)

2021-11-23 16:55:25 - [MESSAGE][INFO] - Smart Wait Function is triggered

2021-11-23 16:55:25 - [MESSAGE][INFO] - Found 1 web elements with id: 'Object Repository/Popup/Popup' located by 'By.cssSelector: .bootbox-body' in '30' second(s)

2021-11-23 16:55:25 - [MESSAGE][INFO] - Getting text of object 'Object Repository/Popup/Popup'

2021-11-23 16:55:25 - [MESSAGE][PASSED] - Text of object 'Object Repository/Popup/Popup' is: 'Fatura numaranız FGX2021000000522 olarak oluşmuştur.'

2021-11-23 16:55:25 - [TEST_STEP][PASSED] - RaporNo = getText(findTestObject("Popup/Popup")).substring(0, 6): Text of object 'Object Repository/Popup/Popup' is: 'Fatura numaranız FGX2021000000522 olarak oluşmuştur.'

2021-11-23 16:55:25 - [MESSAGE][INFO] - Finding Test Object 'Object Repository/Popup/Popup'

2021-11-23 16:55:25 - [MESSAGE][INFO] - Checking object

2021-11-23 16:55:25 - [MESSAGE][INFO] - Finding web element from Test Object's properties

2021-11-23 16:55:25 - [MESSAGE][INFO] - Checking timeout

2021-11-23 16:55:25 - [MESSAGE][INFO] - Finding web element with id: 'Object Repository/Popup/Popup' located by 'By.cssSelector: .bootbox-body' in '30' second(s)

2021-11-23 16:55:25 - [MESSAGE][INFO] - Smart Wait Function is triggered

2021-11-23 16:55:26 - [MESSAGE][INFO] - Found 1 web elements with id: 'Object Repository/Popup/Popup' located by 'By.cssSelector: .bootbox-body' in '30' second(s)

2021-11-23 16:55:26 - [MESSAGE][INFO] - Getting text of object 'Object Repository/Popup/Popup'

2021-11-23 16:55:26 - [MESSAGE][PASSED] - Text of object 'Object Repository/Popup/Popup' is: 'Fatura numaranız FGX2021000000522 olarak oluşmuştur.'

2021-11-23 16:55:26 - [TEST_STEP][PASSED] - Console.println(RaporNo): null

2021-11-23 16:55:26 - [MESSAGE][PASSED] - Call Test Case 'Test Cases/Popup/PopupMesajiIceriyorMu' successfully

2021-11-23 16:55:26 - [MESSAGE][INFO] - Checking called Test Case

2021-11-23 16:55:26 - [MESSAGE][INFO] - Starting to call Test Case 'Test Cases/Popup/PopupButonSecilir'

2021-11-23 16:55:26 - [TEST_CASE][PASSED] - Test Cases/Popup/PopupButonSecilir: Test Cases/Popup/PopupButonSecilir

2021-11-23 16:55:26 - [TEST_STEP][PASSED] - Method.TextDegerineEsitElementeTikla(findTestObject("Popup/Popup_Butons"), Buton): Method.TextDegerineEsitElementeTikla is PASSED

2021-11-23 16:55:26 - [MESSAGE][INFO] - Finding Test Object 'Object Repository/Popup/Popup_Butons'

2021-11-23 16:55:26 - [MESSAGE][INFO] - Checking timeout

2021-11-23 16:55:26 - [MESSAGE][INFO] - Finding web element with id: 'Object Repository/Popup/Popup_Butons' located by 'By.cssSelector: .modal-footer>button' in '10' second(s)

2021-11-23 16:55:26 - [MESSAGE][INFO] - Smart Wait Function is triggered

2021-11-23 16:55:26 - [MESSAGE][INFO] - Found 1 web elements with id: 'Object Repository/Popup/Popup_Butons' located by 'By.cssSelector: .modal-footer>button' in '10' second(s)

2021-11-23 16:55:26 - [MESSAGE][PASSED] - Method.TextDegerineEsitElementeTikla is PASSED

2021-11-23 16:55:26 - [MESSAGE][PASSED] - Call Test Case 'Test Cases/Popup/PopupButonSecilir' successfully

2021-11-23 16:55:26 - [MESSAGE][INFO] - Checking called Test Case

2021-11-23 16:55:26 - [MESSAGE][INFO] - Starting to call Test Case 'Test Cases/Tablo/TablodanEttnliVeriSec'

2021-11-23 16:55:26 - [TEST_CASE][PASSED] - Test Cases/Tablo/TablodanEttnliVeriSec: Test Cases/Tablo/TablodanEttnliVeriSec

2021-11-23 16:55:26 - [TEST_STEP][PASSED] - Method.TextDegerineEsitElementinAltindakineTikla(findTestObject("Tablo/Veriler"), findTestObject("Tablo/VerininCheckBoxi"), ettn): Method.TextDegerineEsitElementinAltindakineTikla is PASSED

2021-11-23 16:55:26 - [MESSAGE][INFO] - Finding Test Object 'Object Repository/Tablo/Veriler'

2021-11-23 16:55:26 - [MESSAGE][INFO] - Finding Test Object 'Object Repository/Tablo/VerininCheckBoxi'

2021-11-23 16:55:26 - [MESSAGE][INFO] - Checking timeout

2021-11-23 16:55:26 - [MESSAGE][INFO] - Finding web element with id: 'Object Repository/Tablo/Veriler' located by 'By.cssSelector: td.dxgv b ,td.dxgv' in '10' second(s)

2021-11-23 16:55:26 - [MESSAGE][INFO] - Smart Wait Function is triggered

2021-11-23 16:55:27 - [MESSAGE][INFO] - Found 70 web elements with id: 'Object Repository/Tablo/Veriler' located by 'By.cssSelector: td.dxgv b ,td.dxgv' in '10' second(s)

2021-11-23 16:55:27 - [MESSAGE][INFO] - Smart Wait Function is triggered

2021-11-23 16:55:27 - [MESSAGE][PASSED] - Method.TextDegerineEsitElementinAltindakineTikla is PASSED

2021-11-23 16:55:27 - [MESSAGE][PASSED] - Call Test Case 'Test Cases/Tablo/TablodanEttnliVeriSec' successfully

2021-11-23 16:55:27 - [MESSAGE][INFO] - Checking called Test Case

2021-11-23 16:55:27 - [MESSAGE][INFO] - Starting to call Test Case 'Test Cases/Butonlar/ButonaTikla'

2021-11-23 16:55:27 - [TEST_CASE][PASSED] - Test Cases/Butonlar/ButonaTikla: Test Cases/Butonlar/ButonaTikla

2021-11-23 16:55:27 - [TEST_STEP][PASSED] - Method.TextDegerineEsitElementeTiklaEquals(findTestObject("Butonlar/Butonlar"), Buton_Adi): Method.TextDegerineEsitElementeTiklaEquals is PASSED

2021-11-23 16:55:27 - [MESSAGE][INFO] - Finding Test Object 'Object Repository/Butonlar/Butonlar'

2021-11-23 16:55:27 - [MESSAGE][INFO] - Checking timeout

2021-11-23 16:55:27 - [MESSAGE][INFO] - Finding web element with id: 'Object Repository/Butonlar/Butonlar' located by 'By.cssSelector: .panel.panel-default.text-center.footerPanel .btn,.btn.btn-primary.btnControls' in '10' second(s)

2021-11-23 16:55:27 - [MESSAGE][INFO] - Smart Wait Function is triggered

2021-11-23 16:55:28 - [MESSAGE][INFO] - Found 9 web elements with id: 'Object Repository/Butonlar/Butonlar' located by 'By.cssSelector: .panel.panel-default.text-center.footerPanel .btn,.btn.btn-primary.btnControls' in '10' second(s)

2021-11-23 16:55:28 - [MESSAGE][PASSED] - Method.TextDegerineEsitElementeTiklaEquals is PASSED

2021-11-23 16:55:28 - [MESSAGE][PASSED] - Call Test Case 'Test Cases/Butonlar/ButonaTikla' successfully

2021-11-23 16:55:28 - [MESSAGE][INFO] - Checking called Test Case

2021-11-23 16:55:28 - [MESSAGE][INFO] - Starting to call Test Case 'Test Cases/Popup/PopupMesajiIceriyorMu'

2021-11-23 16:55:29 - [TEST_CASE][PASSED] - Test Cases/Popup/PopupMesajiIceriyorMu: Test Cases/Popup/PopupMesajiIceriyorMu

2021-11-23 16:55:29 - [TEST_STEP][PASSED] - waitForElementVisible(findTestObject("Popup/Popup"), 10): Object 'Object Repository/Popup/Popup' is visible

2021-11-23 16:55:29 - [MESSAGE][INFO] - Finding Test Object 'Object Repository/Popup/Popup'

2021-11-23 16:55:29 - [MESSAGE][INFO] - Checking object

2021-11-23 16:55:29 - [MESSAGE][INFO] - Checking timeout

2021-11-23 16:55:29 - [MESSAGE][INFO] - Finding web element from Test Object's properties

2021-11-23 16:55:29 - [MESSAGE][INFO] - Checking timeout

2021-11-23 16:55:29 - [MESSAGE][INFO] - Finding web element with id: 'Object Repository/Popup/Popup' located by 'By.cssSelector: .bootbox-body' in '10' second(s)

2021-11-23 16:55:29 - [MESSAGE][INFO] - Smart Wait Function is triggered

2021-11-23 16:55:29 - [MESSAGE][INFO] - Found 1 web elements with id: 'Object Repository/Popup/Popup' located by 'By.cssSelector: .bootbox-body' in '10' second(s)

2021-11-23 16:55:29 - [MESSAGE][PASSED] - Object 'Object Repository/Popup/Popup' is visible

2021-11-23 16:55:29 - [TEST_STEP][PASSED] - if (!(getText(findTestObject("Popup/Popup")).contains(Mesaj))): Text of object 'Object Repository/Popup/Popup' is: 'Seçilen faturalarınız onaylanacaktır. Onaylanan faturalar üzerinde değişiklik yapılamaz. Devam etmek istiyor musunuz?'

2021-11-23 16:55:29 - [MESSAGE][INFO] - Finding Test Object 'Object Repository/Popup/Popup'

2021-11-23 16:55:29 - [MESSAGE][INFO] - Checking object

2021-11-23 16:55:29 - [MESSAGE][INFO] - Finding web element from Test Object's properties

2021-11-23 16:55:29 - [MESSAGE][INFO] - Checking timeout

2021-11-23 16:55:29 - [MESSAGE][INFO] - Finding web element with id: 'Object Repository/Popup/Popup' located by 'By.cssSelector: .bootbox-body' in '30' second(s)

2021-11-23 16:55:29 - [MESSAGE][INFO] - Smart Wait Function is triggered

2021-11-23 16:55:29 - [MESSAGE][INFO] - Found 1 web elements with id: 'Object Repository/Popup/Popup' located by 'By.cssSelector: .bootbox-body' in '30' second(s)

2021-11-23 16:55:29 - [MESSAGE][INFO] - Getting text of object 'Object Repository/Popup/Popup'

2021-11-23 16:55:29 - [MESSAGE][PASSED] - Text of object 'Object Repository/Popup/Popup' is: 'Seçilen faturalarınız onaylanacaktır. Onaylanan faturalar üzerinde değişiklik yapılamaz. Devam etmek istiyor musunuz?'

2021-11-23 16:55:29 - [TEST_STEP][PASSED] - RaporNo = getText(findTestObject("Popup/Popup")).substring(0, 6): Text of object 'Object Repository/Popup/Popup' is: 'Seçilen faturalarınız onaylanacaktır. Onaylanan faturalar üzerinde değişiklik yapılamaz. Devam etmek istiyor musunuz?'

2021-11-23 16:55:29 - [MESSAGE][INFO] - Finding Test Object 'Object Repository/Popup/Popup'

2021-11-23 16:55:30 - [MESSAGE][INFO] - Checking object

2021-11-23 16:55:30 - [MESSAGE][INFO] - Finding web element from Test Object's properties

2021-11-23 16:55:30 - [MESSAGE][INFO] - Checking timeout

2021-11-23 16:55:30 - [MESSAGE][INFO] - Finding web element with id: 'Object Repository/Popup/Popup' located by 'By.cssSelector: .bootbox-body' in '30' second(s)

2021-11-23 16:55:30 - [MESSAGE][INFO] - Smart Wait Function is triggered

2021-11-23 16:55:30 - [MESSAGE][INFO] - Found 1 web elements with id: 'Object Repository/Popup/Popup' located by 'By.cssSelector: .bootbox-body' in '30' second(s)

2021-11-23 16:55:30 - [MESSAGE][INFO] - Getting text of object 'Object Repository/Popup/Popup'

2021-11-23 16:55:30 - [MESSAGE][PASSED] - Text of object 'Object Repository/Popup/Popup' is: 'Seçilen faturalarınız onaylanacaktır. Onaylanan faturalar üzerinde değişiklik yapılamaz. Devam etmek istiyor musunuz?'

2021-11-23 16:55:30 - [TEST_STEP][PASSED] - Console.println(RaporNo): null

2021-11-23 16:55:30 - [MESSAGE][PASSED] - Call Test Case 'Test Cases/Popup/PopupMesajiIceriyorMu' successfully

2021-11-23 16:55:30 - [MESSAGE][INFO] - Checking called Test Case

2021-11-23 16:55:30 - [MESSAGE][INFO] - Starting to call Test Case 'Test Cases/Popup/PopupButonSecilir'

2021-11-23 16:55:30 - [TEST_CASE][PASSED] - Test Cases/Popup/PopupButonSecilir: Test Cases/Popup/PopupButonSecilir

2021-11-23 16:55:30 - [TEST_STEP][PASSED] - Method.TextDegerineEsitElementeTikla(findTestObject("Popup/Popup_Butons"), Buton): Method.TextDegerineEsitElementeTikla is PASSED

2021-11-23 16:55:30 - [MESSAGE][INFO] - Finding Test Object 'Object Repository/Popup/Popup_Butons'

2021-11-23 16:55:30 - [MESSAGE][INFO] - Checking timeout

2021-11-23 16:55:30 - [MESSAGE][INFO] - Finding web element with id: 'Object Repository/Popup/Popup_Butons' located by 'By.cssSelector: .modal-footer>button' in '10' second(s)

2021-11-23 16:55:30 - [MESSAGE][INFO] - Smart Wait Function is triggered

2021-11-23 16:55:30 - [MESSAGE][INFO] - Found 2 web elements with id: 'Object Repository/Popup/Popup_Butons' located by 'By.cssSelector: .modal-footer>button' in '10' second(s)

2021-11-23 16:55:30 - [MESSAGE][PASSED] - Method.TextDegerineEsitElementeTikla is PASSED

2021-11-23 16:55:30 - [MESSAGE][PASSED] - Call Test Case 'Test Cases/Popup/PopupButonSecilir' successfully

2021-11-23 16:55:30 - [MESSAGE][INFO] - Checking called Test Case

2021-11-23 16:55:30 - [MESSAGE][INFO] - Starting to call Test Case 'Test Cases/Menu/AnaMenuSecimi'

2021-11-23 16:55:30 - [TEST_CASE][PASSED] - Test Cases/Menu/AnaMenuSecimi: Test Cases/Menu/AnaMenuSecimi

2021-11-23 16:55:30 - [TEST_STEP][PASSED] - Method.TextDegerineEsitElementeTikla(findTestObject("Menu/Ana_Menu"), Ana_Menu): Method.TextDegerineEsitElementeTikla is PASSED

2021-11-23 16:55:30 - [MESSAGE][INFO] - Finding Test Object 'Object Repository/Menu/Ana_Menu'

2021-11-23 16:55:30 - [MESSAGE][INFO] - Checking timeout

2021-11-23 16:55:30 - [MESSAGE][INFO] - Finding web element with id: 'Object Repository/Menu/Ana_Menu' located by 'By.xpath: //*[@class = 'dropdown-toggle']' in '10' second(s)

2021-11-23 16:55:30 - [MESSAGE][INFO] - Smart Wait Function is triggered

2021-11-23 16:55:31 - [MESSAGE][INFO] - Found 13 web elements with id: 'Object Repository/Menu/Ana_Menu' located by 'By.xpath: //*[@class = 'dropdown-toggle']' in '10' second(s)

2021-11-23 16:55:31 - [MESSAGE][PASSED] - Method.TextDegerineEsitElementeTikla is PASSED

2021-11-23 16:55:31 - [MESSAGE][PASSED] - Call Test Case 'Test Cases/Menu/AnaMenuSecimi' successfully

2021-11-23 16:55:31 - [MESSAGE][INFO] - Checking called Test Case

2021-11-23 16:55:31 - [MESSAGE][INFO] - Starting to call Test Case 'Test Cases/Menu/BasligaGoreAltMenuSecimi'

2021-11-23 16:55:32 - [TEST_CASE][PASSED] - Test Cases/Menu/BasligaGoreAltMenuSecimi: Test Cases/Menu/BasligaGoreAltMenuSecimi

2021-11-23 16:55:32 - [TEST_STEP][PASSED] - Method.TextDegerineEsitElementinAltindakiTextDegerineEsitOlanaTikla(findTestObject("Menu/Menu_Basligi"), findTestObject("Menu/Basliga_Gore_Alt_Menu"), Baslik, Alt_Menu): Method.TextDegerineEsitElementinAltindakiTextDegerineEsitOlanaTikla is PASSED

2021-11-23 16:55:32 - [MESSAGE][INFO] - Finding Test Object 'Object Repository/Menu/Menu_Basligi'

2021-11-23 16:55:32 - [MESSAGE][INFO] - Finding Test Object 'Object Repository/Menu/Basliga_Gore_Alt_Menu'

2021-11-23 16:55:32 - [MESSAGE][INFO] - Checking timeout

2021-11-23 16:55:32 - [MESSAGE][INFO] - Finding web element with id: 'Object Repository/Menu/Menu_Basligi' located by 'By.xpath: //li[@class='dropdown dropdown-large open']//li[@class='dropdown-header']' in '10' second(s)

2021-11-23 16:55:32 - [MESSAGE][INFO] - Smart Wait Function is triggered

2021-11-23 16:55:32 - [MESSAGE][INFO] - Found 2 web elements with id: 'Object Repository/Menu/Menu_Basligi' located by 'By.xpath: //li[@class='dropdown dropdown-large open']//li[@class='dropdown-header']' in '10' second(s)

2021-11-23 16:55:32 - [MESSAGE][INFO] - Smart Wait Function is triggered

2021-11-23 16:55:33 - [MESSAGE][PASSED] - Method.TextDegerineEsitElementinAltindakiTextDegerineEsitOlanaTikla is PASSED

2021-11-23 16:55:33 - [MESSAGE][PASSED] - Call Test Case 'Test Cases/Menu/BasligaGoreAltMenuSecimi' successfully

2021-11-23 16:55:33 - [MESSAGE][INFO] - Checking called Test Case

2021-11-23 16:55:33 - [MESSAGE][INFO] - Starting to call Test Case 'Test Cases/Filtreler/EttnYaz'

2021-11-23 16:55:33 - [TEST_CASE][PASSED] - Test Cases/Filtreler/EttnYaz: Test Cases/Filtreler/EttnYaz

2021-11-23 16:55:33 - [TEST_STEP][PASSED] - Method.TextDegerineEsitElementinAltindakiTextboxtaYaz(findTestObject("Filtreler/Basliklar"), findTestObject("Filtreler/Basliga_Gore_Textbox"), "ETTN", ettn): Method.TextDegerineEsitElementinAltindakiTextboxtaYaz is PASSED

2021-11-23 16:55:33 - [MESSAGE][INFO] - Finding Test Object 'Object Repository/Filtreler/Basliklar'

2021-11-23 16:55:33 - [MESSAGE][INFO] - Finding Test Object 'Object Repository/Filtreler/Basliga_Gore_Textbox'

2021-11-23 16:55:34 - [MESSAGE][INFO] - Checking timeout

2021-11-23 16:55:34 - [MESSAGE][INFO] - Finding web element with id: 'Object Repository/Filtreler/Basliklar' located by 'By.cssSelector: .control-label.col-sm-4.paddingMarginRLC' in '10' second(s)

2021-11-23 16:55:34 - [MESSAGE][INFO] - Smart Wait Function is triggered

2021-11-23 16:55:34 - [MESSAGE][INFO] - Found 19 web elements with id: 'Object Repository/Filtreler/Basliklar' located by 'By.cssSelector: .control-label.col-sm-4.paddingMarginRLC' in '10' second(s)

2021-11-23 16:55:34 - [MESSAGE][INFO] - Smart Wait Function is triggered

2021-11-23 16:55:35 - [MESSAGE][PASSED] - Method.TextDegerineEsitElementinAltindakiTextboxtaYaz is PASSED

2021-11-23 16:55:35 - [MESSAGE][PASSED] - Call Test Case 'Test Cases/Filtreler/EttnYaz' successfully

2021-11-23 16:55:35 - [MESSAGE][INFO] - Checking called Test Case

2021-11-23 16:55:35 - [MESSAGE][INFO] - Starting to call Test Case 'Test Cases/Filtreler/ButonaTikla'

2021-11-23 16:55:35 - [TEST_CASE][PASSED] - Test Cases/Filtreler/ButonaTikla: Test Cases/Filtreler/ButonaTikla

2021-11-23 16:55:35 - [TEST_STEP][PASSED] - Method.TextDegerineEsitElementeTikla(findTestObject("Filtreler/Butonlar"), Filtre_Buton): Method.TextDegerineEsitElementeTikla is PASSED

2021-11-23 16:55:35 - [MESSAGE][INFO] - Finding Test Object 'Object Repository/Filtreler/Butonlar'

2021-11-23 16:55:35 - [MESSAGE][INFO] - Checking timeout

2021-11-23 16:55:35 - [MESSAGE][INFO] - Finding web element with id: 'Object Repository/Filtreler/Butonlar' located by 'By.cssSelector: .dxb>span' in '10' second(s)

2021-11-23 16:55:35 - [MESSAGE][INFO] - Smart Wait Function is triggered

2021-11-23 16:55:35 - [MESSAGE][INFO] - Found 3 web elements with id: 'Object Repository/Filtreler/Butonlar' located by 'By.cssSelector: .dxb>span' in '10' second(s)

2021-11-23 16:55:35 - [MESSAGE][PASSED] - Method.TextDegerineEsitElementeTikla is PASSED

2021-11-23 16:55:35 - [MESSAGE][PASSED] - Call Test Case 'Test Cases/Filtreler/ButonaTikla' successfully

2021-11-23 16:55:35 - [MESSAGE][INFO] - Checking called Test Case

2021-11-23 16:55:35 - [MESSAGE][INFO] - Starting to call Test Case 'Test Cases/Tablo/TablodaVeriVarMi'

2021-11-23 16:55:35 - [TEST_CASE][PASSED] - Test Cases/Tablo/TablodaVeriVarMi: Test Cases/Tablo/TablodaVeriVarMi

2021-11-23 16:55:35 - [TEST_STEP][PASSED] - verifyTextNotPresent("Görüntülenecek veri yok", true): Text 'Görüntülenecek veri yok' is not present on page using regular expression

2021-11-23 16:55:35 - [MESSAGE][INFO] - Checking text present  using regular expression

2021-11-23 16:55:35 - [MESSAGE][INFO] - Smart Wait Function is triggered

2021-11-23 16:55:36 - [MESSAGE][INFO] - Finding text 'Görüntülenecek veri yok' on page  using regular expression

2021-11-23 16:55:36 - [MESSAGE][PASSED] - Text 'Görüntülenecek veri yok' is not present on page using regular expression

2021-11-23 16:55:36 - [MESSAGE][PASSED] - Call Test Case 'Test Cases/Tablo/TablodaVeriVarMi' successfully

2021-11-23 16:55:36 - [MESSAGE][INFO] - Checking called Test Case

2021-11-23 16:55:36 - [MESSAGE][INFO] - Starting to call Test Case 'Test Cases/Tablo/TablodaVeriBasariliMiArsiv'

2021-11-23 16:55:36 - [TEST_CASE][PASSED] - Test Cases/Tablo/TablodaVeriBasariliMiArsiv: Test Cases/Tablo/TablodaVeriBasariliMiArsiv

2021-11-23 16:55:36 - [TEST_STEP][PASSED] - sayac = 80: null

2021-11-23 16:55:36 - [TEST_STEP][PASSED] - while (verifyElementText(findTestObject("Object Repository/Tablo/DurumBilgisiArsiv"), "Henüz Sonuçlanmadı", OPTIONAL)): Actual text 'Başarılı' and expected text 'Henüz Sonuçlanmadı' of test object 'Object Repository/Tablo/DurumBilgisiArsiv' are NOT matched. (Root cause: com.kms.katalon.core.exception.StepFailedException: Actual text 'Başarılı' and expected text 'Henüz Sonuçlanmadı' of test object 'Object Repository/Tablo/DurumBilgisiArsiv' are NOT matched.
	at com.kms.katalon.core.webui.keyword.internal.WebUIKeywordMain.stepFailed(WebUIKeywordMain.groovy:64)
	at com.kms.katalon.core.webui.keyword.builtin.VerifyElementTextKeyword$_verifyElementText_closure1.doCall(VerifyElementTextKeyword.groovy:57)
	at com.kms.katalon.core.webui.keyword.builtin.VerifyElementTextKeyword$_verifyElementText_closure1.call(VerifyElementTextKeyword.groovy)
	at com.kms.katalon.core.webui.keyword.internal.WebUIKeywordMain.runKeyword(WebUIKeywordMain.groovy:20)
	at com.kms.katalon.core.webui.keyword.builtin.VerifyElementTextKeyword.verifyElementText(VerifyElementTextKeyword.groovy:72)
	at com.kms.katalon.core.webui.keyword.builtin.VerifyElementTextKeyword.execute(VerifyElementTextKeyword.groovy:40)
	at com.kms.katalon.core.keyword.internal.KeywordExecutor.executeKeywordForPlatform(KeywordExecutor.groovy:73)
	at com.kms.katalon.core.webui.keyword.WebUiBuiltInKeywords.verifyElementText(WebUiBuiltInKeywords.groovy:4733)
	at com.kms.katalon.core.webui.keyword.WebUiBuiltInKeywords$verifyElementText$20.call(Unknown Source)
	at TablodaVeriBasariliMiArsiv.run(TablodaVeriBasariliMiArsiv:22)
	at com.kms.katalon.core.main.ScriptEngine.run(ScriptEngine.java:194)
	at com.kms.katalon.core.main.ScriptEngine.runScriptAsRawText(ScriptEngine.java:119)
	at com.kms.katalon.core.main.TestCaseExecutor.runScript(TestCaseExecutor.java:369)
	at com.kms.katalon.core.main.TestCaseExecutor.doExecute(TestCaseExecutor.java:360)
	at com.kms.katalon.core.main.TestCaseExecutor.processExecutionPhase(TestCaseExecutor.java:339)
	at com.kms.katalon.core.main.TestCaseExecutor.accessMainPhase(TestCaseExecutor.java:331)
	at com.kms.katalon.core.main.TestCaseExecutor.execute(TestCaseExecutor.java:248)
	at com.kms.katalon.core.main.TestCaseMain.runTestCase(TestCaseMain.java:138)
	at com.kms.katalon.core.keyword.builtin.CallTestCaseKeyword$_callTestCase_closure1.doCall(CallTestCaseKeyword.groovy:59)
	at com.kms.katalon.core.keyword.builtin.CallTestCaseKeyword$_callTestCase_closure1.call(CallTestCaseKeyword.groovy)
	at com.kms.katalon.core.keyword.internal.KeywordMain.runKeyword(KeywordMain.groovy:68)
	at com.kms.katalon.core.keyword.builtin.CallTestCaseKeyword.callTestCase(CallTestCaseKeyword.groovy:81)
	at com.kms.katalon.core.keyword.builtin.CallTestCaseKeyword.execute(CallTestCaseKeyword.groovy:44)
	at com.kms.katalon.core.keyword.internal.KeywordExecutor.executeKeywordForPlatform(KeywordExecutor.groovy:73)
	at com.kms.katalon.core.keyword.BuiltinKeywords.callTestCase(BuiltinKeywords.groovy:334)
	at tablo.tablo.tablodaVeriBasariliMiArsiv(tablo.groovy:95)
	at cucumber.runtime.Utils$1.call(Utils.java:26)
	at cucumber.runtime.Timeout.timeout(Timeout.java:16)
	at cucumber.runtime.Utils.invoke(Utils.java:20)
	at cucumber.runtime.java.JavaStepDefinition.execute(JavaStepDefinition.java:49)
	at cucumber.runner.PickleStepDefinitionMatch.runStep(PickleStepDefinitionMatch.java:50)
	at cucumber.runner.TestStep.executeStep(TestStep.java:63)
	at cucumber.runner.TestStep.run(TestStep.java:49)
	at cucumber.runner.PickleStepTestStep.run(PickleStepTestStep.java:43)
	at cucumber.runner.TestCase.run(TestCase.java:44)
	at cucumber.runner.Runner.runPickle(Runner.java:40)
	at cucumber.runtime.Runtime$1.run(Runtime.java:84)
	at cucumber.runtime.Runtime$SameThreadExecutorService.execute(Runtime.java:220)
	at cucumber.runtime.Runtime.run(Runtime.java:81)
	at cucumber.api.cli.Main.run(Main.java:26)
	at cucumber.api.cli.Main$run.call(Unknown Source)
	at com.kms.katalon.core.cucumber.keyword.CucumberBuiltinKeywords$_runFeatureFile_closure1.doCall(CucumberBuiltinKeywords.groovy:106)
	at com.kms.katalon.core.cucumber.keyword.CucumberBuiltinKeywords$_runFeatureFile_closure1.doCall(CucumberBuiltinKeywords.groovy)
	at com.kms.katalon.core.keyword.internal.KeywordMain.runKeyword(KeywordMain.groovy:68)
	at com.kms.katalon.core.keyword.internal.KeywordMain$runKeyword.call(Unknown Source)
	at com.kms.katalon.core.cucumber.keyword.CucumberBuiltinKeywords.runFeatureFile(CucumberBuiltinKeywords.groovy:73)
	at com.kms.katalon.core.cucumber.keyword.CucumberBuiltinKeywords$runFeatureFile$0.callStatic(Unknown Source)
	at com.kms.katalon.core.cucumber.keyword.CucumberBuiltinKeywords.runFeatureFile(CucumberBuiltinKeywords.groovy:246)
	at com.kms.katalon.core.cucumber.keyword.CucumberBuiltinKeywords$runFeatureFile.call(Unknown Source)
	at VKN-Kagit-Hal Komisyoncu.run(VKN-Kagit-Hal Komisyoncu:19)
	at com.kms.katalon.core.main.ScriptEngine.run(ScriptEngine.java:194)
	at com.kms.katalon.core.main.ScriptEngine.runScriptAsRawText(ScriptEngine.java:119)
	at com.kms.katalon.core.main.TestCaseExecutor.runScript(TestCaseExecutor.java:369)
	at com.kms.katalon.core.main.TestCaseExecutor.doExecute(TestCaseExecutor.java:360)
	at com.kms.katalon.core.main.TestCaseExecutor.processExecutionPhase(TestCaseExecutor.java:339)
	at com.kms.katalon.core.main.TestCaseExecutor.accessMainPhase(TestCaseExecutor.java:331)
	at com.kms.katalon.core.main.TestCaseExecutor.execute(TestCaseExecutor.java:248)
	at com.kms.katalon.core.main.TestSuiteExecutor.accessTestCaseMainPhase(TestSuiteExecutor.java:191)
	at com.kms.katalon.core.main.TestSuiteExecutor.accessTestSuiteMainPhase(TestSuiteExecutor.java:140)
	at com.kms.katalon.core.main.TestSuiteExecutor.execute(TestSuiteExecutor.java:89)
	at com.kms.katalon.core.main.TestCaseMain.startTestSuite(TestCaseMain.java:181)
	at com.kms.katalon.core.main.TestCaseMain$startTestSuite$0.call(Unknown Source)
	at TempTestSuite1637674444414.run(TempTestSuite1637674444414.groovy:39)
)

2021-11-23 16:55:36 - [MESSAGE][INFO] - Finding Test Object 'Object Repository/Tablo/DurumBilgisiArsiv'

2021-11-23 16:55:36 - [MESSAGE][INFO] - Checking object

2021-11-23 16:55:36 - [MESSAGE][INFO] - Finding web element from Test Object's properties

2021-11-23 16:55:36 - [MESSAGE][INFO] - Checking timeout

2021-11-23 16:55:36 - [MESSAGE][INFO] - Finding web element with id: 'Object Repository/Tablo/DurumBilgisiArsiv' located by 'By.xpath: //*[@id = 'GridViewEArchiveInvoices_tccell0_9']' in '30' second(s)

2021-11-23 16:55:36 - [MESSAGE][INFO] - Smart Wait Function is triggered

2021-11-23 16:55:36 - [MESSAGE][INFO] - Found 1 web elements with id: 'Object Repository/Tablo/DurumBilgisiArsiv' located by 'By.xpath: //*[@id = 'GridViewEArchiveInvoices_tccell0_9']' in '30' second(s)

2021-11-23 16:55:36 - [MESSAGE][WARNING] - Actual text 'Başarılı' and expected text 'Henüz Sonuçlanmadı' of test object 'Object Repository/Tablo/DurumBilgisiArsiv' are NOT matched. (Root cause: com.kms.katalon.core.exception.StepFailedException: Actual text 'Başarılı' and expected text 'Henüz Sonuçlanmadı' of test object 'Object Repository/Tablo/DurumBilgisiArsiv' are NOT matched.
	at com.kms.katalon.core.webui.keyword.internal.WebUIKeywordMain.stepFailed(WebUIKeywordMain.groovy:64)
	at com.kms.katalon.core.webui.keyword.builtin.VerifyElementTextKeyword$_verifyElementText_closure1.doCall(VerifyElementTextKeyword.groovy:57)
	at com.kms.katalon.core.webui.keyword.builtin.VerifyElementTextKeyword$_verifyElementText_closure1.call(VerifyElementTextKeyword.groovy)
	at com.kms.katalon.core.webui.keyword.internal.WebUIKeywordMain.runKeyword(WebUIKeywordMain.groovy:20)
	at com.kms.katalon.core.webui.keyword.builtin.VerifyElementTextKeyword.verifyElementText(VerifyElementTextKeyword.groovy:72)
	at com.kms.katalon.core.webui.keyword.builtin.VerifyElementTextKeyword.execute(VerifyElementTextKeyword.groovy:40)
	at com.kms.katalon.core.keyword.internal.KeywordExecutor.executeKeywordForPlatform(KeywordExecutor.groovy:73)
	at com.kms.katalon.core.webui.keyword.WebUiBuiltInKeywords.verifyElementText(WebUiBuiltInKeywords.groovy:4733)
	at com.kms.katalon.core.webui.keyword.WebUiBuiltInKeywords$verifyElementText$20.call(Unknown Source)
	at TablodaVeriBasariliMiArsiv.run(TablodaVeriBasariliMiArsiv:22)
	at com.kms.katalon.core.main.ScriptEngine.run(ScriptEngine.java:194)
	at com.kms.katalon.core.main.ScriptEngine.runScriptAsRawText(ScriptEngine.java:119)
	at com.kms.katalon.core.main.TestCaseExecutor.runScript(TestCaseExecutor.java:369)
	at com.kms.katalon.core.main.TestCaseExecutor.doExecute(TestCaseExecutor.java:360)
	at com.kms.katalon.core.main.TestCaseExecutor.processExecutionPhase(TestCaseExecutor.java:339)
	at com.kms.katalon.core.main.TestCaseExecutor.accessMainPhase(TestCaseExecutor.java:331)
	at com.kms.katalon.core.main.TestCaseExecutor.execute(TestCaseExecutor.java:248)
	at com.kms.katalon.core.main.TestCaseMain.runTestCase(TestCaseMain.java:138)
	at com.kms.katalon.core.keyword.builtin.CallTestCaseKeyword$_callTestCase_closure1.doCall(CallTestCaseKeyword.groovy:59)
	at com.kms.katalon.core.keyword.builtin.CallTestCaseKeyword$_callTestCase_closure1.call(CallTestCaseKeyword.groovy)
	at com.kms.katalon.core.keyword.internal.KeywordMain.runKeyword(KeywordMain.groovy:68)
	at com.kms.katalon.core.keyword.builtin.CallTestCaseKeyword.callTestCase(CallTestCaseKeyword.groovy:81)
	at com.kms.katalon.core.keyword.builtin.CallTestCaseKeyword.execute(CallTestCaseKeyword.groovy:44)
	at com.kms.katalon.core.keyword.internal.KeywordExecutor.executeKeywordForPlatform(KeywordExecutor.groovy:73)
	at com.kms.katalon.core.keyword.BuiltinKeywords.callTestCase(BuiltinKeywords.groovy:334)
	at tablo.tablo.tablodaVeriBasariliMiArsiv(tablo.groovy:95)
	at cucumber.runtime.Utils$1.call(Utils.java:26)
	at cucumber.runtime.Timeout.timeout(Timeout.java:16)
	at cucumber.runtime.Utils.invoke(Utils.java:20)
	at cucumber.runtime.java.JavaStepDefinition.execute(JavaStepDefinition.java:49)
	at cucumber.runner.PickleStepDefinitionMatch.runStep(PickleStepDefinitionMatch.java:50)
	at cucumber.runner.TestStep.executeStep(TestStep.java:63)
	at cucumber.runner.TestStep.run(TestStep.java:49)
	at cucumber.runner.PickleStepTestStep.run(PickleStepTestStep.java:43)
	at cucumber.runner.TestCase.run(TestCase.java:44)
	at cucumber.runner.Runner.runPickle(Runner.java:40)
	at cucumber.runtime.Runtime$1.run(Runtime.java:84)
	at cucumber.runtime.Runtime$SameThreadExecutorService.execute(Runtime.java:220)
	at cucumber.runtime.Runtime.run(Runtime.java:81)
	at cucumber.api.cli.Main.run(Main.java:26)
	at cucumber.api.cli.Main$run.call(Unknown Source)
	at com.kms.katalon.core.cucumber.keyword.CucumberBuiltinKeywords$_runFeatureFile_closure1.doCall(CucumberBuiltinKeywords.groovy:106)
	at com.kms.katalon.core.cucumber.keyword.CucumberBuiltinKeywords$_runFeatureFile_closure1.doCall(CucumberBuiltinKeywords.groovy)
	at com.kms.katalon.core.keyword.internal.KeywordMain.runKeyword(KeywordMain.groovy:68)
	at com.kms.katalon.core.keyword.internal.KeywordMain$runKeyword.call(Unknown Source)
	at com.kms.katalon.core.cucumber.keyword.CucumberBuiltinKeywords.runFeatureFile(CucumberBuiltinKeywords.groovy:73)
	at com.kms.katalon.core.cucumber.keyword.CucumberBuiltinKeywords$runFeatureFile$0.callStatic(Unknown Source)
	at com.kms.katalon.core.cucumber.keyword.CucumberBuiltinKeywords.runFeatureFile(CucumberBuiltinKeywords.groovy:246)
	at com.kms.katalon.core.cucumber.keyword.CucumberBuiltinKeywords$runFeatureFile.call(Unknown Source)
	at VKN-Kagit-Hal Komisyoncu.run(VKN-Kagit-Hal Komisyoncu:19)
	at com.kms.katalon.core.main.ScriptEngine.run(ScriptEngine.java:194)
	at com.kms.katalon.core.main.ScriptEngine.runScriptAsRawText(ScriptEngine.java:119)
	at com.kms.katalon.core.main.TestCaseExecutor.runScript(TestCaseExecutor.java:369)
	at com.kms.katalon.core.main.TestCaseExecutor.doExecute(TestCaseExecutor.java:360)
	at com.kms.katalon.core.main.TestCaseExecutor.processExecutionPhase(TestCaseExecutor.java:339)
	at com.kms.katalon.core.main.TestCaseExecutor.accessMainPhase(TestCaseExecutor.java:331)
	at com.kms.katalon.core.main.TestCaseExecutor.execute(TestCaseExecutor.java:248)
	at com.kms.katalon.core.main.TestSuiteExecutor.accessTestCaseMainPhase(TestSuiteExecutor.java:191)
	at com.kms.katalon.core.main.TestSuiteExecutor.accessTestSuiteMainPhase(TestSuiteExecutor.java:140)
	at com.kms.katalon.core.main.TestSuiteExecutor.execute(TestSuiteExecutor.java:89)
	at com.kms.katalon.core.main.TestCaseMain.startTestSuite(TestCaseMain.java:181)
	at com.kms.katalon.core.main.TestCaseMain$startTestSuite$0.call(Unknown Source)
	at TempTestSuite1637674444414.run(TempTestSuite1637674444414.groovy:39)
)

2021-11-23 16:55:36 - [TEST_STEP][PASSED] - Method.TextDegerineEsitElementVarMi(findTestObject("Object Repository/Tablo/DurumBilgisiArsiv"), "Başarılı"): Method.TextDegerineEsitElementVarMi is PASSED

2021-11-23 16:55:36 - [MESSAGE][INFO] - Finding Test Object 'Object Repository/Tablo/DurumBilgisiArsiv'

2021-11-23 16:55:36 - [MESSAGE][INFO] - Checking timeout

2021-11-23 16:55:36 - [MESSAGE][INFO] - Finding web element with id: 'Object Repository/Tablo/DurumBilgisiArsiv' located by 'By.xpath: //*[@id = 'GridViewEArchiveInvoices_tccell0_9']' in '10' second(s)

2021-11-23 16:55:36 - [MESSAGE][INFO] - Smart Wait Function is triggered

2021-11-23 16:55:37 - [MESSAGE][INFO] - Found 1 web elements with id: 'Object Repository/Tablo/DurumBilgisiArsiv' located by 'By.xpath: //*[@id = 'GridViewEArchiveInvoices_tccell0_9']' in '10' second(s)

2021-11-23 16:55:37 - [MESSAGE][PASSED] - Method.TextDegerineEsitElementVarMi is PASSED

2021-11-23 16:55:37 - [MESSAGE][PASSED] - Call Test Case 'Test Cases/Tablo/TablodaVeriBasariliMiArsiv' successfully

2021-11-23 16:55:37 - [MESSAGE][INFO] - Checking called Test Case

2021-11-23 16:55:37 - [MESSAGE][INFO] - Starting to call Test Case 'Test Cases/Kullanici_Islemleri/KullaniciIslemlerindenSecimYapilir'

2021-11-23 16:55:37 - [TEST_CASE][PASSED] - Test Cases/Kullanici_Islemleri/KullaniciIslemlerindenSecimYapilir: Test Cases/Kullanici_Islemleri/KullaniciIslemlerindenSecimYapilir

2021-11-23 16:55:37 - [TEST_STEP][PASSED] - waitForElementClickable(findTestObject("Object Repository/Kullanici_Islemleri/KullaniciIslemleri"), 10): Object 'Object Repository/Kullanici_Islemleri/KullaniciIslemleri' is clickable

2021-11-23 16:55:37 - [MESSAGE][INFO] - Finding Test Object 'Object Repository/Kullanici_Islemleri/KullaniciIslemleri'

2021-11-23 16:55:37 - [MESSAGE][INFO] - Checking object

2021-11-23 16:55:37 - [MESSAGE][INFO] - Checking timeout

2021-11-23 16:55:37 - [MESSAGE][INFO] - Finding web element from Test Object's properties

2021-11-23 16:55:37 - [MESSAGE][INFO] - Checking timeout

2021-11-23 16:55:37 - [MESSAGE][INFO] - Finding web element with id: 'Object Repository/Kullanici_Islemleri/KullaniciIslemleri' located by 'By.cssSelector: .dropdown>a>img' in '10' second(s)

2021-11-23 16:55:37 - [MESSAGE][INFO] - Smart Wait Function is triggered

2021-11-23 16:55:37 - [MESSAGE][INFO] - Found 1 web elements with id: 'Object Repository/Kullanici_Islemleri/KullaniciIslemleri' located by 'By.cssSelector: .dropdown>a>img' in '10' second(s)

2021-11-23 16:55:37 - [MESSAGE][PASSED] - Object 'Object Repository/Kullanici_Islemleri/KullaniciIslemleri' is clickable

2021-11-23 16:55:37 - [TEST_STEP][PASSED] - click(findTestObject("Object Repository/Kullanici_Islemleri/KullaniciIslemleri")): Object: 'Object Repository/Kullanici_Islemleri/KullaniciIslemleri' is clicked on

2021-11-23 16:55:37 - [MESSAGE][INFO] - Finding Test Object 'Object Repository/Kullanici_Islemleri/KullaniciIslemleri'

2021-11-23 16:55:37 - [MESSAGE][INFO] - Checking object

2021-11-23 16:55:37 - [MESSAGE][INFO] - Finding web element from Test Object's properties

2021-11-23 16:55:37 - [MESSAGE][INFO] - Checking timeout

2021-11-23 16:55:37 - [MESSAGE][INFO] - Finding web element with id: 'Object Repository/Kullanici_Islemleri/KullaniciIslemleri' located by 'By.cssSelector: .dropdown>a>img' in '30' second(s)

2021-11-23 16:55:37 - [MESSAGE][INFO] - Smart Wait Function is triggered

2021-11-23 16:55:37 - [MESSAGE][INFO] - Found 1 web elements with id: 'Object Repository/Kullanici_Islemleri/KullaniciIslemleri' located by 'By.cssSelector: .dropdown>a>img' in '30' second(s)

2021-11-23 16:55:37 - [MESSAGE][INFO] - Clicking on object: 'Object Repository/Kullanici_Islemleri/KullaniciIslemleri'

2021-11-23 16:55:37 - [MESSAGE][PASSED] - Object: 'Object Repository/Kullanici_Islemleri/KullaniciIslemleri' is clicked on

2021-11-23 16:55:37 - [TEST_STEP][PASSED] - Method.TextDegerineEsitElementeTikla(findTestObject("Object Repository/Kullanici_Islemleri/Secenekler"), Islem): Method.TextDegerineEsitElementeTikla is PASSED

2021-11-23 16:55:37 - [MESSAGE][INFO] - Finding Test Object 'Object Repository/Kullanici_Islemleri/Secenekler'

2021-11-23 16:55:38 - [MESSAGE][INFO] - Checking timeout

2021-11-23 16:55:38 - [MESSAGE][INFO] - Finding web element with id: 'Object Repository/Kullanici_Islemleri/Secenekler' located by 'By.cssSelector: .nav.navbar-nav.navbar-right li a' in '10' second(s)

2021-11-23 16:55:38 - [MESSAGE][INFO] - Smart Wait Function is triggered

2021-11-23 16:55:38 - [MESSAGE][INFO] - Found 22 web elements with id: 'Object Repository/Kullanici_Islemleri/Secenekler' located by 'By.cssSelector: .nav.navbar-nav.navbar-right li a' in '10' second(s)

2021-11-23 16:55:40 - [MESSAGE][PASSED] - Method.TextDegerineEsitElementeTikla is PASSED

2021-11-23 16:55:40 - [TEST_STEP][PASSED] - verifyElementNotPresent(findTestObject("Object Repository/Kullanici_Islemleri/Secenekler"), 10): Web element with id: 'Object Repository/Kullanici_Islemleri/Secenekler' located by 'By.cssSelector: .nav.navbar-nav.navbar-right li a' is not present after '10' second(s)

2021-11-23 16:55:40 - [MESSAGE][INFO] - Finding Test Object 'Object Repository/Kullanici_Islemleri/Secenekler'

2021-11-23 16:55:40 - [MESSAGE][INFO] - Checking object

2021-11-23 16:55:40 - [MESSAGE][INFO] - Checking timeout

2021-11-23 16:55:40 - [MESSAGE][INFO] - Finding web element with id: 'Object Repository/Kullanici_Islemleri/Secenekler' located by 'By.cssSelector: .nav.navbar-nav.navbar-right li a' in '10' second(s)

2021-11-23 16:55:40 - [MESSAGE][INFO] - Smart Wait Function is triggered

2021-11-23 16:55:40 - [MESSAGE][PASSED] - Web element with id: 'Object Repository/Kullanici_Islemleri/Secenekler' located by 'By.cssSelector: .nav.navbar-nav.navbar-right li a' is not present after '10' second(s)

2021-11-23 16:55:40 - [MESSAGE][PASSED] - Call Test Case 'Test Cases/Kullanici_Islemleri/KullaniciIslemlerindenSecimYapilir' successfully

2021-11-23 16:55:40 - [TEST_CASE][PASSED] - Start Test Case : SCENARIO Gonderim tipi Kagit ve Hal Komisyoncu tipinde e-Arsiv faturasi olusturulmasi: SCENARIO Gonderim tipi Kagit ve Hal Komisyoncu tipinde e-Arsiv faturasi olusturulmasi

2021-11-23 16:55:40 - [TEST_STEP][PASSED] - Kullanıcı adı HALKOMIS ve Şifre test1234 olarak giriş yapılır: Kullanıcı adı HALKOMIS ve Şifre test1234 olarak giriş yapılır

2021-11-23 16:55:40 - [MESSAGE][PASSED] - Kullanıcı adı HALKOMIS ve Şifre test1234 olarak giriş yapılır

2021-11-23 16:55:40 - [TEST_STEP][PASSED] - Ana menüden e-Arşiv seçilir: Ana menüden e-Arşiv seçilir

2021-11-23 16:55:40 - [MESSAGE][PASSED] - Ana menüden e-Arşiv seçilir

2021-11-23 16:55:40 - [TEST_STEP][PASSED] - Alt menü e-Arşiv Araçları başlığı altındaki e-Arşiv Fatura Oluşturma seçilir: Alt menü e-Arşiv Araçları başlığı altındaki e-Arşiv Fatura Oluşturma seçilir

2021-11-23 16:55:40 - [MESSAGE][PASSED] - Alt menü e-Arşiv Araçları başlığı altındaki e-Arşiv Fatura Oluşturma seçilir

2021-11-23 16:55:40 - [TEST_STEP][PASSED] - Tablodaki tüm veriler silinir: Tablodaki tüm veriler silinir

2021-11-23 16:55:40 - [MESSAGE][PASSED] - Tablodaki tüm veriler silinir

2021-11-23 16:55:40 - [TEST_STEP][PASSED] - Butonlardan Ekle isimli butona tıklanır: Butonlardan Ekle isimli butona tıklanır

2021-11-23 16:55:40 - [MESSAGE][PASSED] - Butonlardan Ekle isimli butona tıklanır

2021-11-23 16:55:40 - [TEST_STEP][PASSED] - Görsel tasarım sayfasının e-Arşiv Fatura Bilgileri başlığını içerdiği kontrol edilir: Görsel tasarım sayfasının e-Arşiv Fatura Bilgileri başlığını içerdiği kontrol edilir

2021-11-23 16:55:40 - [MESSAGE][PASSED] - Görsel tasarım sayfasının e-Arşiv Fatura Bilgileri başlığını içerdiği kontrol edilir

2021-11-23 16:55:40 - [TEST_STEP][PASSED] - Alıcı adı alanına UC0009 girilir: Alıcı adı alanına UC0009 girilir

2021-11-23 16:55:40 - [MESSAGE][PASSED] - Alıcı adı alanına UC0009 girilir

2021-11-23 16:55:40 - [TEST_STEP][PASSED] - Gönderim Şekli Kağıt olarak seçilir: Gönderim Şekli Kağıt olarak seçilir

2021-11-23 16:55:40 - [MESSAGE][PASSED] - Gönderim Şekli Kağıt olarak seçilir

2021-11-23 16:55:40 - [TEST_STEP][PASSED] - Tip alanından Hal Komisyoncu seçilir: Tip alanından Hal Komisyoncu seçilir

2021-11-23 16:55:40 - [MESSAGE][PASSED] - Tip alanından Hal Komisyoncu seçilir

2021-11-23 16:55:40 - [TEST_STEP][PASSED] - Döküman Para Birimi alanından Türk Lirası seçilir: Döküman Para Birimi alanından Türk Lirası seçilir

2021-11-23 16:55:40 - [MESSAGE][PASSED] - Döküman Para Birimi alanından Türk Lirası seçilir

2021-11-23 16:55:40 - [TEST_STEP][PASSED] - Ön Ek FGX olarak seçilir: Ön Ek FGX olarak seçilir

2021-11-23 16:55:40 - [MESSAGE][PASSED] - Ön Ek FGX olarak seçilir

2021-11-23 16:55:40 - [TEST_STEP][PASSED] - Tasarım alanından Otomasyon seçilir: Tasarım alanından Otomasyon seçilir

2021-11-23 16:55:40 - [MESSAGE][PASSED] - Tasarım alanından Otomasyon seçilir

2021-11-23 16:55:40 - [TEST_STEP][PASSED] - Sipariş bilgileri UUC-SAT-1200001 ve 31.04.2020 olarak girilir: Sipariş bilgileri UUC-SAT-1200001 ve 31.04.2020 olarak girilir

2021-11-23 16:55:40 - [MESSAGE][PASSED] - Sipariş bilgileri UUC-SAT-1200001 ve 31.04.2020 olarak girilir

2021-11-23 16:55:40 - [TEST_STEP][PASSED] - İrsaliye Bilgileri AAAAAAAAAA,31.04.2020 olarak girilir: İrsaliye Bilgileri AAAAAAAAAA,31.04.2020 olarak girilir

2021-11-23 16:55:40 - [MESSAGE][PASSED] - İrsaliye Bilgileri AAAAAAAAAA,31.04.2020 olarak girilir

2021-11-23 16:55:40 - [TEST_STEP][PASSED] - Ekle butonuna basılır: Ekle butonuna basılır

2021-11-23 16:55:40 - [MESSAGE][PASSED] - Ekle butonuna basılır

2021-11-23 16:55:40 - [TEST_STEP][PASSED] - Ürün ekleme alanında Mal/Hizmet başlığına Otomasyon girilir: Ürün ekleme alanında Mal/Hizmet başlığına Otomasyon girilir

2021-11-23 16:55:40 - [MESSAGE][PASSED] - Ürün ekleme alanında Mal/Hizmet başlığına Otomasyon girilir

2021-11-23 16:55:40 - [TEST_STEP][PASSED] - Ürün ekleme alanında Açıklaması başlığına Virgosol girilir: Ürün ekleme alanında Açıklaması başlığına Virgosol girilir

2021-11-23 16:55:40 - [MESSAGE][PASSED] - Ürün ekleme alanında Açıklaması başlığına Virgosol girilir

2021-11-23 16:55:40 - [TEST_STEP][PASSED] - Ürün ekleme alanında Künye Numarası başlığına 1234567890123456789 girilir: Ürün ekleme alanında Künye Numarası başlığına 1234567890123456789 girilir

2021-11-23 16:55:40 - [MESSAGE][PASSED] - Ürün ekleme alanında Künye Numarası başlığına 1234567890123456789 girilir

2021-11-23 16:55:40 - [TEST_STEP][PASSED] - Ürün ekleme alanında Miktarı başlığına 400 girilir: Ürün ekleme alanında Miktarı başlığına 400 girilir

2021-11-23 16:55:40 - [MESSAGE][PASSED] - Ürün ekleme alanında Miktarı başlığına 400 girilir

2021-11-23 16:55:40 - [TEST_STEP][PASSED] - Ürün ekleme alanında Birim Fiyat başlığına 100 girilir: Ürün ekleme alanında Birim Fiyat başlığına 100 girilir

2021-11-23 16:55:40 - [MESSAGE][PASSED] - Ürün ekleme alanında Birim Fiyat başlığına 100 girilir

2021-11-23 16:55:40 - [TEST_STEP][PASSED] - Ürün ekleme alanında İskonto Oranı % başlığına 10 girilir: Ürün ekleme alanında İskonto Oranı % başlığına 10 girilir

2021-11-23 16:55:40 - [MESSAGE][PASSED] - Ürün ekleme alanında İskonto Oranı % başlığına 10 girilir

2021-11-23 16:55:40 - [TEST_STEP][PASSED] - Notlar alanına Otomasyon Not girilir: Notlar alanına Otomasyon Not girilir

2021-11-23 16:55:40 - [MESSAGE][PASSED] - Notlar alanına Otomasyon Not girilir

2021-11-23 16:55:40 - [TEST_STEP][PASSED] - Ettn bilgisi kayıt edilir: Ettn bilgisi kayıt edilir

2021-11-23 16:55:40 - [MESSAGE][PASSED] - Ettn bilgisi kayıt edilir

2021-11-23 16:55:40 - [TEST_STEP][PASSED] - Kaydet butonu seçilir: Kaydet butonu seçilir

2021-11-23 16:55:40 - [MESSAGE][PASSED] - Kaydet butonu seçilir

2021-11-23 16:55:40 - [TEST_STEP][PASSED] - Tabloda Ettn bilgisi kaydedilen veri oluşturuldu mu: Tabloda Ettn bilgisi kaydedilen veri oluşturuldu mu

2021-11-23 16:55:40 - [MESSAGE][PASSED] - Tabloda Ettn bilgisi kaydedilen veri oluşturuldu mu

2021-11-23 16:55:40 - [TEST_STEP][PASSED] - Tablodan Ettn bilgisi kaydedilen veri seçilir: Tablodan Ettn bilgisi kaydedilen veri seçilir

2021-11-23 16:55:40 - [MESSAGE][PASSED] - Tablodan Ettn bilgisi kaydedilen veri seçilir

2021-11-23 16:55:40 - [TEST_STEP][PASSED] - Butonlardan Numara Oluştur isimli butona tıklanır: Butonlardan Numara Oluştur isimli butona tıklanır

2021-11-23 16:55:40 - [MESSAGE][PASSED] - Butonlardan Numara Oluştur isimli butona tıklanır

2021-11-23 16:55:40 - [TEST_STEP][PASSED] - Popup mesajı Devam etmek istiyor musunuz içeriyor mu: Popup mesajı Devam etmek istiyor musunuz içeriyor mu

2021-11-23 16:55:40 - [MESSAGE][PASSED] - Popup mesajı Devam etmek istiyor musunuz içeriyor mu

2021-11-23 16:55:40 - [TEST_STEP][PASSED] - Yönetim popupında Evet seçilir: Yönetim popupında Evet seçilir

2021-11-23 16:55:40 - [MESSAGE][PASSED] - Yönetim popupında Evet seçilir

2021-11-23 16:55:40 - [TEST_STEP][PASSED] - Popup mesajı oluşmuştur içeriyor mu: Popup mesajı oluşmuştur içeriyor mu

2021-11-23 16:55:40 - [MESSAGE][PASSED] - Popup mesajı oluşmuştur içeriyor mu

2021-11-23 16:55:40 - [TEST_STEP][PASSED] - Yönetim popupında Tamam seçilir: Yönetim popupında Tamam seçilir

2021-11-23 16:55:40 - [MESSAGE][PASSED] - Yönetim popupında Tamam seçilir

2021-11-23 16:55:40 - [TEST_STEP][PASSED] - Tablodan Ettn bilgisi kaydedilen veri seçilir: Tablodan Ettn bilgisi kaydedilen veri seçilir

2021-11-23 16:55:40 - [MESSAGE][PASSED] - Tablodan Ettn bilgisi kaydedilen veri seçilir

2021-11-23 16:55:40 - [TEST_STEP][PASSED] - Butonlardan Gönder isimli butona tıklanır: Butonlardan Gönder isimli butona tıklanır

2021-11-23 16:55:40 - [MESSAGE][PASSED] - Butonlardan Gönder isimli butona tıklanır

2021-11-23 16:55:40 - [TEST_STEP][PASSED] - Popup mesajı Devam etmek istiyor musunuz içeriyor mu: Popup mesajı Devam etmek istiyor musunuz içeriyor mu

2021-11-23 16:55:40 - [MESSAGE][PASSED] - Popup mesajı Devam etmek istiyor musunuz içeriyor mu

2021-11-23 16:55:40 - [TEST_STEP][PASSED] - Yönetim popupında Evet seçilir: Yönetim popupında Evet seçilir

2021-11-23 16:55:40 - [MESSAGE][PASSED] - Yönetim popupında Evet seçilir

2021-11-23 16:55:40 - [TEST_STEP][PASSED] - Ana menüden e-Arşiv seçilir: Ana menüden e-Arşiv seçilir

2021-11-23 16:55:40 - [MESSAGE][PASSED] - Ana menüden e-Arşiv seçilir

2021-11-23 16:55:40 - [TEST_STEP][PASSED] - Alt menü e-Arşiv Hareketleri başlığı altındaki e-Arşiv Faturaları seçilir: Alt menü e-Arşiv Hareketleri başlığı altındaki e-Arşiv Faturaları seçilir

2021-11-23 16:55:40 - [MESSAGE][PASSED] - Alt menü e-Arşiv Hareketleri başlığı altındaki e-Arşiv Faturaları seçilir

2021-11-23 16:55:40 - [TEST_STEP][PASSED] - Filtrelerden Ettn filtresine Ettn bilgisi yaz: Filtrelerden Ettn filtresine Ettn bilgisi yaz

2021-11-23 16:55:40 - [MESSAGE][PASSED] - Filtrelerden Ettn filtresine Ettn bilgisi yaz

2021-11-23 16:55:40 - [TEST_STEP][PASSED] - Filtre butonlarından Listele seçilir: Filtre butonlarından Listele seçilir

2021-11-23 16:55:40 - [MESSAGE][PASSED] - Filtre butonlarından Listele seçilir

2021-11-23 16:55:40 - [TEST_STEP][PASSED] - Tabloda veri var mı kontrol edilir: Tabloda veri var mı kontrol edilir

2021-11-23 16:55:40 - [MESSAGE][PASSED] - Tabloda veri var mı kontrol edilir

2021-11-23 16:55:40 - [TEST_STEP][PASSED] - Tabloda yeni oluşturulan eArsiv verisi başarılı mı: Tabloda yeni oluşturulan eArsiv verisi başarılı mı

2021-11-23 16:55:40 - [MESSAGE][PASSED] - Tabloda yeni oluşturulan eArsiv verisi başarılı mı

2021-11-23 16:55:40 - [TEST_STEP][PASSED] - Kullanıcı işlemlerinden Çıkış seçilir: Kullanıcı işlemlerinden Çıkış seçilir

2021-11-23 16:55:40 - [MESSAGE][PASSED] - Kullanıcı işlemlerinden Çıkış seçilir

2021-11-23 16:55:40 - [MESSAGE][PASSED] - Feature file: 'Include/features/Regresyon/e-Arsiv/VKN-Kagit-Hal Komisyoncu.feature' was passed

2021-11-23 16:55:40 - [TEST_STEP][PASSED] - Start listener action : sampleAfterTestSuite: Invoke 'com.kms.katalon.core.annotation.AfterTestCase' method: 'Listener.sampleAfterTestSuite(...)' completed.

2021-11-23 16:55:40 - [MESSAGE][INFO] - Starting invoke 'com.kms.katalon.core.annotation.AfterTestCase' method: 'Listener.sampleAfterTestSuite(...)'

2021-11-23 16:55:40 - [TEST_STEP][PASSED] - closeBrowser(): Invoke 'com.kms.katalon.core.annotation.AfterTestCase' method: 'Listener.sampleAfterTestSuite(...)' completed.

2021-11-23 16:55:40 - [MESSAGE][INFO] - Closing browser

2021-11-23 16:55:41 - [MESSAGE][PASSED] - Browser is closed

2021-11-23 16:55:41 - [MESSAGE][INFO] - Invoke 'com.kms.katalon.core.annotation.AfterTestCase' method: 'Listener.sampleAfterTestSuite(...)' completed.]]></system-out>
         <system-err><![CDATA[]]></system-err>
      </testcase>
      <testcase name="Test Cases/Case Repository/Regresyon/e-Arsiv/VKN-Kagit-Hal Satis" time="118.558" classname="Test Cases/Case Repository/Regresyon/e-Arsiv/VKN-Kagit-Hal Satis" status="PASSED">
         <system-out><![CDATA[2021-11-23 16:55:41 - [TEST_CASE][PASSED] - Test Cases/Case Repository/Regresyon/e-Arsiv/VKN-Kagit-Hal Satis: Test Cases/Case Repository/Regresyon/e-Arsiv/VKN-Kagit-Hal Satis

2021-11-23 16:55:41 - [TEST_STEP][PASSED] - Start listener action : sampleBeforeTestSuite: Invoke 'com.kms.katalon.core.annotation.BeforeTestCase' method: 'Listener.sampleBeforeTestSuite(...)' completed.

2021-11-23 16:55:41 - [MESSAGE][INFO] - Starting invoke 'com.kms.katalon.core.annotation.BeforeTestCase' method: 'Listener.sampleBeforeTestSuite(...)'

2021-11-23 16:55:41 - [TEST_STEP][PASSED] - openBrowser(baseUrl): Browser is opened with url: 'https://efatura-stage.elogo.com.tr/'

2021-11-23 16:55:41 - [MESSAGE][INFO] - Opening browser

2021-11-23 16:55:41 - [MESSAGE][INFO] - Starting 'Chrome' driver

2021-11-23 16:55:41 - [MESSAGE][INFO] - User set preference: ['prefs', '{download.default_directory=C:\otomasyondownfiles}']

2021-11-23 16:55:41 - [MESSAGE][INFO] - Action delay is set to 0 milliseconds

2021-11-23 16:55:42 - [MESSAGE][INFO] - Navigating browser to: 'https://efatura-stage.elogo.com.tr/'

2021-11-23 16:55:44 - [MESSAGE][PASSED] - Browser is opened with url: 'https://efatura-stage.elogo.com.tr/'

2021-11-23 16:55:44 - [TEST_STEP][PASSED] - maximizeWindow(): Invoke 'com.kms.katalon.core.annotation.BeforeTestCase' method: 'Listener.sampleBeforeTestSuite(...)' completed.

2021-11-23 16:55:44 - [MESSAGE][INFO] - Maximizing current window

2021-11-23 16:55:44 - [MESSAGE][PASSED] - Current window maximized

2021-11-23 16:55:44 - [MESSAGE][INFO] - Invoke 'com.kms.katalon.core.annotation.BeforeTestCase' method: 'Listener.sampleBeforeTestSuite(...)' completed.

2021-11-23 16:55:45 - [TEST_STEP][PASSED] - runFeatureFile("Include/features/Regresyon/e-Arsiv/VKN-Kagit-Hal Satis.feature"): Feature file: 'Include/features/Regresyon/e-Arsiv/VKN-Kagit-Hal Satis.feature' was passed

2021-11-23 16:55:45 - [MESSAGE][INFO] - Starting run keyword runFeatureFile: 'Include/features/Regresyon/e-Arsiv/VKN-Kagit-Hal Satis.feature' and extract report to folder: 'C:\Users\DELL\Documents\GitHub\EES_KatalonLogo\Reports\20211123_163326\Suite Repository\Regresyon-eArsiv-eMakbuz\20211123_163404/cucumber_report/1637675745528'...

2021-11-23 16:55:45 - [MESSAGE][INFO] - Glue: []

2021-11-23 16:55:48 - [MESSAGE][INFO] - Checking called Test Case

2021-11-23 16:55:48 - [MESSAGE][INFO] - Starting to call Test Case 'Test Cases/Sayfalar/Giris_Sayfasi/Login'

2021-11-23 16:55:48 - [TEST_CASE][PASSED] - Test Cases/Sayfalar/Giris_Sayfasi/Login: Test Cases/Sayfalar/Giris_Sayfasi/Login

2021-11-23 16:55:48 - [TEST_STEP][PASSED] - Sayfa_Basligi = getWindowTitle(): Current window's title is: 'LOGO e-Fatura'

2021-11-23 16:55:48 - [MESSAGE][INFO] - Getting current window's title

2021-11-23 16:55:48 - [MESSAGE][PASSED] - Current window's title is: 'LOGO e-Fatura'

2021-11-23 16:55:48 - [TEST_STEP][PASSED] - verifyMatch(Sayfa_Basligi, "LOGO e-Fatura", false): Actual text 'LOGO e-Fatura' and expected text 'LOGO e-Fatura' are matched 

2021-11-23 16:55:48 - [MESSAGE][INFO] - Matching actual text 'LOGO e-Fatura' with expected text 'LOGO e-Fatura'

2021-11-23 16:55:48 - [MESSAGE][PASSED] - Actual text 'LOGO e-Fatura' and expected text 'LOGO e-Fatura' are matched 

2021-11-23 16:55:48 - [TEST_STEP][PASSED] - sendKeys(findTestObject("Sayfalar/Giris_Sayfasi/Firma_Kodu"), KullaniciAdi): Keys 'HALSATIS' sent to object: 'Object Repository/Sayfalar/Giris_Sayfasi/Firma_Kodu'

2021-11-23 16:55:48 - [MESSAGE][INFO] - Finding Test Object 'Object Repository/Sayfalar/Giris_Sayfasi/Firma_Kodu'

2021-11-23 16:55:48 - [MESSAGE][INFO] - Sending keys 'HALSATIS' to object: 'Object Repository/Sayfalar/Giris_Sayfasi/Firma_Kodu'

2021-11-23 16:55:48 - [MESSAGE][INFO] - Finding web element from Test Object's properties

2021-11-23 16:55:48 - [MESSAGE][INFO] - Checking timeout

2021-11-23 16:55:48 - [MESSAGE][INFO] - Finding web element with id: 'Object Repository/Sayfalar/Giris_Sayfasi/Firma_Kodu' located by 'By.xpath: //*[@id = 'AccountName']' in '30' second(s)

2021-11-23 16:55:48 - [MESSAGE][INFO] - Smart Wait Function is triggered

2021-11-23 16:55:49 - [MESSAGE][INFO] - Found 1 web elements with id: 'Object Repository/Sayfalar/Giris_Sayfasi/Firma_Kodu' located by 'By.xpath: //*[@id = 'AccountName']' in '30' second(s)

2021-11-23 16:55:49 - [MESSAGE][PASSED] - Keys 'HALSATIS' sent to object: 'Object Repository/Sayfalar/Giris_Sayfasi/Firma_Kodu'

2021-11-23 16:55:49 - [TEST_STEP][PASSED] - sendKeys(findTestObject("Sayfalar/Giris_Sayfasi/Sifre"), Sifre): Keys 'test1234' sent to object: 'Object Repository/Sayfalar/Giris_Sayfasi/Sifre'

2021-11-23 16:55:49 - [MESSAGE][INFO] - Finding Test Object 'Object Repository/Sayfalar/Giris_Sayfasi/Sifre'

2021-11-23 16:55:49 - [MESSAGE][INFO] - Sending keys 'test1234' to object: 'Object Repository/Sayfalar/Giris_Sayfasi/Sifre'

2021-11-23 16:55:49 - [MESSAGE][INFO] - Finding web element from Test Object's properties

2021-11-23 16:55:49 - [MESSAGE][INFO] - Checking timeout

2021-11-23 16:55:49 - [MESSAGE][INFO] - Finding web element with id: 'Object Repository/Sayfalar/Giris_Sayfasi/Sifre' located by 'By.xpath: //*[@id = 'Password']' in '30' second(s)

2021-11-23 16:55:49 - [MESSAGE][INFO] - Smart Wait Function is triggered

2021-11-23 16:55:49 - [MESSAGE][INFO] - Found 1 web elements with id: 'Object Repository/Sayfalar/Giris_Sayfasi/Sifre' located by 'By.xpath: //*[@id = 'Password']' in '30' second(s)

2021-11-23 16:55:49 - [MESSAGE][PASSED] - Keys 'test1234' sent to object: 'Object Repository/Sayfalar/Giris_Sayfasi/Sifre'

2021-11-23 16:55:49 - [TEST_STEP][PASSED] - findWebElement(findTestObject("Sayfalar/Giris_Sayfasi/Giris_Butonu")).click(): Found 1 web elements with id: 'Object Repository/Sayfalar/Giris_Sayfasi/Giris_Butonu' located by 'By.cssSelector: #btnLogin' in '30' second(s)

2021-11-23 16:55:49 - [MESSAGE][INFO] - Finding Test Object 'Object Repository/Sayfalar/Giris_Sayfasi/Giris_Butonu'

2021-11-23 16:55:49 - [MESSAGE][INFO] - Finding web element from Test Object's properties

2021-11-23 16:55:49 - [MESSAGE][INFO] - Checking timeout

2021-11-23 16:55:49 - [MESSAGE][INFO] - Finding web element with id: 'Object Repository/Sayfalar/Giris_Sayfasi/Giris_Butonu' located by 'By.cssSelector: #btnLogin' in '30' second(s)

2021-11-23 16:55:49 - [MESSAGE][INFO] - Smart Wait Function is triggered

2021-11-23 16:55:50 - [MESSAGE][INFO] - Found 1 web elements with id: 'Object Repository/Sayfalar/Giris_Sayfasi/Giris_Butonu' located by 'By.cssSelector: #btnLogin' in '30' second(s)

2021-11-23 16:55:52 - [TEST_STEP][PASSED] - if (verifyElementPresent(findTestObject("Object Repository/Sayfalar/Giris_Sayfasi/RetveTamam_Butonu"), 5, OPTIONAL)): null

2021-11-23 16:55:52 - [MESSAGE][INFO] - Finding Test Object 'Object Repository/Sayfalar/Giris_Sayfasi/RetveTamam_Butonu'

2021-11-23 16:55:52 - [MESSAGE][INFO] - Checking object

2021-11-23 16:55:52 - [MESSAGE][INFO] - Finding web element from Test Object's properties

2021-11-23 16:55:52 - [MESSAGE][INFO] - Checking timeout

2021-11-23 16:55:52 - [MESSAGE][INFO] - Finding web element with id: 'Object Repository/Sayfalar/Giris_Sayfasi/RetveTamam_Butonu' located by 'By.xpath: //*[@class = 'btn btn-default']' in '5' second(s)

2021-11-23 16:55:52 - [MESSAGE][INFO] - Smart Wait Function is triggered

2021-11-23 16:55:52 - [MESSAGE][INFO] - Found 1 web elements with id: 'Object Repository/Sayfalar/Giris_Sayfasi/RetveTamam_Butonu' located by 'By.xpath: //*[@class = 'btn btn-default']' in '5' second(s)

2021-11-23 16:55:52 - [MESSAGE][PASSED] - Object 'Object Repository/Sayfalar/Giris_Sayfasi/RetveTamam_Butonu' is present

2021-11-23 16:55:52 - [TEST_STEP][PASSED] - click(findTestObject("Object Repository/Sayfalar/Giris_Sayfasi/RetveTamam_Butonu")): Object: 'Object Repository/Sayfalar/Giris_Sayfasi/RetveTamam_Butonu' is clicked on

2021-11-23 16:55:52 - [MESSAGE][INFO] - Finding Test Object 'Object Repository/Sayfalar/Giris_Sayfasi/RetveTamam_Butonu'

2021-11-23 16:55:52 - [MESSAGE][INFO] - Checking object

2021-11-23 16:55:52 - [MESSAGE][INFO] - Finding web element from Test Object's properties

2021-11-23 16:55:52 - [MESSAGE][INFO] - Checking timeout

2021-11-23 16:55:52 - [MESSAGE][INFO] - Finding web element with id: 'Object Repository/Sayfalar/Giris_Sayfasi/RetveTamam_Butonu' located by 'By.xpath: //*[@class = 'btn btn-default']' in '30' second(s)

2021-11-23 16:55:52 - [MESSAGE][INFO] - Smart Wait Function is triggered

2021-11-23 16:55:52 - [MESSAGE][INFO] - Found 1 web elements with id: 'Object Repository/Sayfalar/Giris_Sayfasi/RetveTamam_Butonu' located by 'By.xpath: //*[@class = 'btn btn-default']' in '30' second(s)

2021-11-23 16:55:52 - [MESSAGE][INFO] - Clicking on object: 'Object Repository/Sayfalar/Giris_Sayfasi/RetveTamam_Butonu'

2021-11-23 16:55:52 - [MESSAGE][PASSED] - Object: 'Object Repository/Sayfalar/Giris_Sayfasi/RetveTamam_Butonu' is clicked on

2021-11-23 16:55:52 - [TEST_STEP][PASSED] - click(findTestObject("Object Repository/Sayfalar/Giris_Sayfasi/RetveTamam_Butonu")): Object: 'Object Repository/Sayfalar/Giris_Sayfasi/RetveTamam_Butonu' is clicked on

2021-11-23 16:55:52 - [MESSAGE][INFO] - Finding Test Object 'Object Repository/Sayfalar/Giris_Sayfasi/RetveTamam_Butonu'

2021-11-23 16:55:53 - [MESSAGE][INFO] - Checking object

2021-11-23 16:55:53 - [MESSAGE][INFO] - Finding web element from Test Object's properties

2021-11-23 16:55:53 - [MESSAGE][INFO] - Checking timeout

2021-11-23 16:55:53 - [MESSAGE][INFO] - Finding web element with id: 'Object Repository/Sayfalar/Giris_Sayfasi/RetveTamam_Butonu' located by 'By.xpath: //*[@class = 'btn btn-default']' in '30' second(s)

2021-11-23 16:55:53 - [MESSAGE][INFO] - Smart Wait Function is triggered

2021-11-23 16:55:56 - [MESSAGE][INFO] - Found 1 web elements with id: 'Object Repository/Sayfalar/Giris_Sayfasi/RetveTamam_Butonu' located by 'By.xpath: //*[@class = 'btn btn-default']' in '30' second(s)

2021-11-23 16:55:56 - [MESSAGE][INFO] - Clicking on object: 'Object Repository/Sayfalar/Giris_Sayfasi/RetveTamam_Butonu'

2021-11-23 16:55:56 - [MESSAGE][PASSED] - Object: 'Object Repository/Sayfalar/Giris_Sayfasi/RetveTamam_Butonu' is clicked on

2021-11-23 16:55:56 - [TEST_STEP][PASSED] - if (verifyElementPresent(findTestObject("Sayfalar/Giris_Sayfasi/PopupOK"), 5, OPTIONAL)): null

2021-11-23 16:55:56 - [MESSAGE][INFO] - Finding Test Object 'Object Repository/Sayfalar/Giris_Sayfasi/PopupOK'

2021-11-23 16:55:56 - [MESSAGE][INFO] - Checking object

2021-11-23 16:55:56 - [MESSAGE][INFO] - Finding web element from Test Object's properties

2021-11-23 16:55:56 - [MESSAGE][INFO] - Checking timeout

2021-11-23 16:55:56 - [MESSAGE][INFO] - Finding web element with id: 'Object Repository/Sayfalar/Giris_Sayfasi/PopupOK' located by 'By.cssSelector: .btn.btn-success' in '5' second(s)

2021-11-23 16:55:56 - [MESSAGE][INFO] - Smart Wait Function is triggered

2021-11-23 16:55:56 - [MESSAGE][INFO] - Found 1 web elements with id: 'Object Repository/Sayfalar/Giris_Sayfasi/PopupOK' located by 'By.cssSelector: .btn.btn-success' in '5' second(s)

2021-11-23 16:55:56 - [MESSAGE][PASSED] - Object 'Object Repository/Sayfalar/Giris_Sayfasi/PopupOK' is present

2021-11-23 16:55:56 - [TEST_STEP][PASSED] - click(findTestObject("Object Repository/Sayfalar/Giris_Sayfasi/PopupCarpiGiris")): Object: 'Object Repository/Sayfalar/Giris_Sayfasi/PopupCarpiGiris' is clicked on

2021-11-23 16:55:56 - [MESSAGE][INFO] - Finding Test Object 'Object Repository/Sayfalar/Giris_Sayfasi/PopupCarpiGiris'

2021-11-23 16:55:57 - [MESSAGE][INFO] - Checking object

2021-11-23 16:55:57 - [MESSAGE][INFO] - Finding web element from Test Object's properties

2021-11-23 16:55:57 - [MESSAGE][INFO] - Checking timeout

2021-11-23 16:55:57 - [MESSAGE][INFO] - Finding web element with id: 'Object Repository/Sayfalar/Giris_Sayfasi/PopupCarpiGiris' located by 'By.cssSelector: .bootbox-close-button.close' in '30' second(s)

2021-11-23 16:55:57 - [MESSAGE][INFO] - Smart Wait Function is triggered

2021-11-23 16:55:57 - [MESSAGE][INFO] - Found 1 web elements with id: 'Object Repository/Sayfalar/Giris_Sayfasi/PopupCarpiGiris' located by 'By.cssSelector: .bootbox-close-button.close' in '30' second(s)

2021-11-23 16:55:57 - [MESSAGE][INFO] - Clicking on object: 'Object Repository/Sayfalar/Giris_Sayfasi/PopupCarpiGiris'

2021-11-23 16:55:57 - [MESSAGE][PASSED] - Object: 'Object Repository/Sayfalar/Giris_Sayfasi/PopupCarpiGiris' is clicked on

2021-11-23 16:55:57 - [TEST_STEP][PASSED] - verifyElementVisible(findTestObject("Object Repository/Kullanici_Islemleri/KullaniciIslemleri")): Object 'Object Repository/Kullanici_Islemleri/KullaniciIslemleri' is visible

2021-11-23 16:55:57 - [MESSAGE][INFO] - Finding Test Object 'Object Repository/Kullanici_Islemleri/KullaniciIslemleri'

2021-11-23 16:55:57 - [MESSAGE][INFO] - Checking object

2021-11-23 16:55:57 - [MESSAGE][INFO] - Finding web element from Test Object's properties

2021-11-23 16:55:57 - [MESSAGE][INFO] - Checking timeout

2021-11-23 16:55:57 - [MESSAGE][INFO] - Finding web element with id: 'Object Repository/Kullanici_Islemleri/KullaniciIslemleri' located by 'By.cssSelector: .dropdown>a>img' in '30' second(s)

2021-11-23 16:55:57 - [MESSAGE][INFO] - Smart Wait Function is triggered

2021-11-23 16:55:58 - [MESSAGE][INFO] - Found 1 web elements with id: 'Object Repository/Kullanici_Islemleri/KullaniciIslemleri' located by 'By.cssSelector: .dropdown>a>img' in '30' second(s)

2021-11-23 16:55:58 - [MESSAGE][PASSED] - Object 'Object Repository/Kullanici_Islemleri/KullaniciIslemleri' is visible

2021-11-23 16:55:58 - [MESSAGE][PASSED] - Call Test Case 'Test Cases/Sayfalar/Giris_Sayfasi/Login' successfully

2021-11-23 16:55:58 - [MESSAGE][INFO] - Checking called Test Case

2021-11-23 16:55:58 - [MESSAGE][INFO] - Starting to call Test Case 'Test Cases/Menu/AnaMenuSecimi'

2021-11-23 16:55:58 - [TEST_CASE][PASSED] - Test Cases/Menu/AnaMenuSecimi: Test Cases/Menu/AnaMenuSecimi

2021-11-23 16:55:58 - [TEST_STEP][PASSED] - Method.TextDegerineEsitElementeTikla(findTestObject("Menu/Ana_Menu"), Ana_Menu): Method.TextDegerineEsitElementeTikla is PASSED

2021-11-23 16:55:58 - [MESSAGE][INFO] - Finding Test Object 'Object Repository/Menu/Ana_Menu'

2021-11-23 16:55:58 - [MESSAGE][INFO] - Checking timeout

2021-11-23 16:55:58 - [MESSAGE][INFO] - Finding web element with id: 'Object Repository/Menu/Ana_Menu' located by 'By.xpath: //*[@class = 'dropdown-toggle']' in '10' second(s)

2021-11-23 16:55:58 - [MESSAGE][INFO] - Smart Wait Function is triggered

2021-11-23 16:55:58 - [MESSAGE][INFO] - Found 13 web elements with id: 'Object Repository/Menu/Ana_Menu' located by 'By.xpath: //*[@class = 'dropdown-toggle']' in '10' second(s)

2021-11-23 16:55:58 - [MESSAGE][PASSED] - Method.TextDegerineEsitElementeTikla is PASSED

2021-11-23 16:55:58 - [MESSAGE][PASSED] - Call Test Case 'Test Cases/Menu/AnaMenuSecimi' successfully

2021-11-23 16:55:58 - [MESSAGE][INFO] - Checking called Test Case

2021-11-23 16:55:58 - [MESSAGE][INFO] - Starting to call Test Case 'Test Cases/Menu/BasligaGoreAltMenuSecimi'

2021-11-23 16:55:59 - [TEST_CASE][PASSED] - Test Cases/Menu/BasligaGoreAltMenuSecimi: Test Cases/Menu/BasligaGoreAltMenuSecimi

2021-11-23 16:55:59 - [TEST_STEP][PASSED] - Method.TextDegerineEsitElementinAltindakiTextDegerineEsitOlanaTikla(findTestObject("Menu/Menu_Basligi"), findTestObject("Menu/Basliga_Gore_Alt_Menu"), Baslik, Alt_Menu): Method.TextDegerineEsitElementinAltindakiTextDegerineEsitOlanaTikla is PASSED

2021-11-23 16:55:59 - [MESSAGE][INFO] - Finding Test Object 'Object Repository/Menu/Menu_Basligi'

2021-11-23 16:55:59 - [MESSAGE][INFO] - Finding Test Object 'Object Repository/Menu/Basliga_Gore_Alt_Menu'

2021-11-23 16:55:59 - [MESSAGE][INFO] - Checking timeout

2021-11-23 16:55:59 - [MESSAGE][INFO] - Finding web element with id: 'Object Repository/Menu/Menu_Basligi' located by 'By.xpath: //li[@class='dropdown dropdown-large open']//li[@class='dropdown-header']' in '10' second(s)

2021-11-23 16:55:59 - [MESSAGE][INFO] - Smart Wait Function is triggered

2021-11-23 16:55:59 - [MESSAGE][INFO] - Found 2 web elements with id: 'Object Repository/Menu/Menu_Basligi' located by 'By.xpath: //li[@class='dropdown dropdown-large open']//li[@class='dropdown-header']' in '10' second(s)

2021-11-23 16:55:59 - [MESSAGE][INFO] - Smart Wait Function is triggered

2021-11-23 16:56:04 - [MESSAGE][PASSED] - Method.TextDegerineEsitElementinAltindakiTextDegerineEsitOlanaTikla is PASSED

2021-11-23 16:56:04 - [MESSAGE][PASSED] - Call Test Case 'Test Cases/Menu/BasligaGoreAltMenuSecimi' successfully

2021-11-23 16:56:04 - [MESSAGE][INFO] - Checking called Test Case

2021-11-23 16:56:04 - [MESSAGE][INFO] - Starting to call Test Case 'Test Cases/Tablo/Olusturma Tarihi'

2021-11-23 16:56:04 - [TEST_CASE][PASSED] - Test Cases/Tablo/Olusturma Tarihi: Test Cases/Tablo/Olusturma Tarihi

2021-11-23 16:56:04 - [TEST_STEP][PASSED] - if (verifyTextNotPresent("Görüntülenecek veri yok", true, OPTIONAL)): null

2021-11-23 16:56:04 - [MESSAGE][INFO] - Checking text present  using regular expression

2021-11-23 16:56:04 - [MESSAGE][INFO] - Smart Wait Function is triggered

2021-11-23 16:56:05 - [MESSAGE][INFO] - Finding text 'Görüntülenecek veri yok' on page  using regular expression

2021-11-23 16:56:05 - [MESSAGE][PASSED] - Text 'Görüntülenecek veri yok' is not present on page using regular expression

2021-11-23 16:56:05 - [TEST_STEP][PASSED] - click(findTestObject("Temizle/Olusturma_Tarihi_CheckBox")): Object: 'Object Repository/Temizle/Olusturma_Tarihi_CheckBox' is clicked on

2021-11-23 16:56:05 - [MESSAGE][INFO] - Finding Test Object 'Object Repository/Temizle/Olusturma_Tarihi_CheckBox'

2021-11-23 16:56:05 - [MESSAGE][INFO] - Checking object

2021-11-23 16:56:05 - [MESSAGE][INFO] - Finding web element from Test Object's properties

2021-11-23 16:56:05 - [MESSAGE][INFO] - Checking timeout

2021-11-23 16:56:05 - [MESSAGE][INFO] - Finding web element with id: 'Object Repository/Temizle/Olusturma_Tarihi_CheckBox' located by 'By.xpath: //*[@title = 'Bu sayfadaki tüm satırları Seç']' in '30' second(s)

2021-11-23 16:56:05 - [MESSAGE][INFO] - Smart Wait Function is triggered

2021-11-23 16:56:06 - [MESSAGE][INFO] - Found 1 web elements with id: 'Object Repository/Temizle/Olusturma_Tarihi_CheckBox' located by 'By.xpath: //*[@title = 'Bu sayfadaki tüm satırları Seç']' in '30' second(s)

2021-11-23 16:56:06 - [MESSAGE][INFO] - Clicking on object: 'Object Repository/Temizle/Olusturma_Tarihi_CheckBox'

2021-11-23 16:56:06 - [MESSAGE][PASSED] - Object: 'Object Repository/Temizle/Olusturma_Tarihi_CheckBox' is clicked on

2021-11-23 16:56:06 - [TEST_STEP][PASSED] - Method.TextDegerineEsitElementeTiklaEquals(findTestObject("Butonlar/Butonlar"), "Sil"): Method.TextDegerineEsitElementeTiklaEquals is PASSED

2021-11-23 16:56:06 - [MESSAGE][INFO] - Finding Test Object 'Object Repository/Butonlar/Butonlar'

2021-11-23 16:56:06 - [MESSAGE][INFO] - Checking timeout

2021-11-23 16:56:06 - [MESSAGE][INFO] - Finding web element with id: 'Object Repository/Butonlar/Butonlar' located by 'By.cssSelector: .panel.panel-default.text-center.footerPanel .btn,.btn.btn-primary.btnControls' in '10' second(s)

2021-11-23 16:56:06 - [MESSAGE][INFO] - Smart Wait Function is triggered

2021-11-23 16:56:06 - [MESSAGE][INFO] - Found 9 web elements with id: 'Object Repository/Butonlar/Butonlar' located by 'By.cssSelector: .panel.panel-default.text-center.footerPanel .btn,.btn.btn-primary.btnControls' in '10' second(s)

2021-11-23 16:56:06 - [MESSAGE][PASSED] - Method.TextDegerineEsitElementeTiklaEquals is PASSED

2021-11-23 16:56:06 - [TEST_STEP][PASSED] - Method.TextDegerineEsitElementeTikla(findTestObject("Popup/Popup_Butons"), "Evet"): Method.TextDegerineEsitElementeTikla is PASSED

2021-11-23 16:56:06 - [MESSAGE][INFO] - Finding Test Object 'Object Repository/Popup/Popup_Butons'

2021-11-23 16:56:07 - [MESSAGE][INFO] - Checking timeout

2021-11-23 16:56:07 - [MESSAGE][INFO] - Finding web element with id: 'Object Repository/Popup/Popup_Butons' located by 'By.cssSelector: .modal-footer>button' in '10' second(s)

2021-11-23 16:56:07 - [MESSAGE][INFO] - Smart Wait Function is triggered

2021-11-23 16:56:07 - [MESSAGE][INFO] - Found 2 web elements with id: 'Object Repository/Popup/Popup_Butons' located by 'By.cssSelector: .modal-footer>button' in '10' second(s)

2021-11-23 16:56:08 - [MESSAGE][PASSED] - Method.TextDegerineEsitElementeTikla is PASSED

2021-11-23 16:56:08 - [TEST_STEP][PASSED] - Method.TextDegerineEsitElementeTikla(findTestObject("Popup/Popup_Butons"), "Tamam"): Method.TextDegerineEsitElementeTikla is PASSED

2021-11-23 16:56:08 - [MESSAGE][INFO] - Finding Test Object 'Object Repository/Popup/Popup_Butons'

2021-11-23 16:56:08 - [MESSAGE][INFO] - Checking timeout

2021-11-23 16:56:08 - [MESSAGE][INFO] - Finding web element with id: 'Object Repository/Popup/Popup_Butons' located by 'By.cssSelector: .modal-footer>button' in '10' second(s)

2021-11-23 16:56:08 - [MESSAGE][INFO] - Smart Wait Function is triggered

2021-11-23 16:56:08 - [MESSAGE][INFO] - Found 1 web elements with id: 'Object Repository/Popup/Popup_Butons' located by 'By.cssSelector: .modal-footer>button' in '10' second(s)

2021-11-23 16:56:08 - [MESSAGE][PASSED] - Method.TextDegerineEsitElementeTikla is PASSED

2021-11-23 16:56:08 - [MESSAGE][PASSED] - Call Test Case 'Test Cases/Tablo/Olusturma Tarihi' successfully

2021-11-23 16:56:08 - [MESSAGE][INFO] - Checking called Test Case

2021-11-23 16:56:08 - [MESSAGE][INFO] - Starting to call Test Case 'Test Cases/Butonlar/ButonaTikla'

2021-11-23 16:56:09 - [TEST_CASE][PASSED] - Test Cases/Butonlar/ButonaTikla: Test Cases/Butonlar/ButonaTikla

2021-11-23 16:56:09 - [TEST_STEP][PASSED] - Method.TextDegerineEsitElementeTiklaEquals(findTestObject("Butonlar/Butonlar"), Buton_Adi): Method.TextDegerineEsitElementeTiklaEquals is PASSED

2021-11-23 16:56:09 - [MESSAGE][INFO] - Finding Test Object 'Object Repository/Butonlar/Butonlar'

2021-11-23 16:56:09 - [MESSAGE][INFO] - Checking timeout

2021-11-23 16:56:09 - [MESSAGE][INFO] - Finding web element with id: 'Object Repository/Butonlar/Butonlar' located by 'By.cssSelector: .panel.panel-default.text-center.footerPanel .btn,.btn.btn-primary.btnControls' in '10' second(s)

2021-11-23 16:56:09 - [MESSAGE][INFO] - Smart Wait Function is triggered

2021-11-23 16:56:09 - [MESSAGE][INFO] - Found 9 web elements with id: 'Object Repository/Butonlar/Butonlar' located by 'By.cssSelector: .panel.panel-default.text-center.footerPanel .btn,.btn.btn-primary.btnControls' in '10' second(s)

2021-11-23 16:56:09 - [MESSAGE][PASSED] - Method.TextDegerineEsitElementeTiklaEquals is PASSED

2021-11-23 16:56:09 - [MESSAGE][PASSED] - Call Test Case 'Test Cases/Butonlar/ButonaTikla' successfully

2021-11-23 16:56:09 - [MESSAGE][INFO] - Checking called Test Case

2021-11-23 16:56:09 - [MESSAGE][INFO] - Starting to call Test Case 'Test Cases/Olusturma/Genel/GorselTasarimSayfasıBasligiIceriyorMu'

2021-11-23 16:56:09 - [TEST_CASE][PASSED] - Test Cases/Olusturma/Genel/GorselTasarimSayfasıBasligiIceriyorMu: Test Cases/Olusturma/Genel/GorselTasarimSayfasıBasligiIceriyorMu

2021-11-23 16:56:09 - [TEST_STEP][PASSED] - verifyElementText(findTestObject("Object Repository/Olusturma/Genel/GorselTasarimBaslik"), Baslik): Actual text and expected text of test object 'Object Repository/Olusturma/Genel/GorselTasarimBaslik' are matched.

2021-11-23 16:56:09 - [MESSAGE][INFO] - Finding Test Object 'Object Repository/Olusturma/Genel/GorselTasarimBaslik'

2021-11-23 16:56:10 - [MESSAGE][INFO] - Checking object

2021-11-23 16:56:10 - [MESSAGE][INFO] - Finding web element from Test Object's properties

2021-11-23 16:56:10 - [MESSAGE][INFO] - Checking timeout

2021-11-23 16:56:10 - [MESSAGE][INFO] - Finding web element with id: 'Object Repository/Olusturma/Genel/GorselTasarimBaslik' located by 'By.cssSelector: #flAlici_0>div>span' in '30' second(s)

2021-11-23 16:56:10 - [MESSAGE][INFO] - Smart Wait Function is triggered

2021-11-23 16:56:17 - [MESSAGE][INFO] - Found 1 web elements with id: 'Object Repository/Olusturma/Genel/GorselTasarimBaslik' located by 'By.cssSelector: #flAlici_0>div>span' in '30' second(s)

2021-11-23 16:56:17 - [MESSAGE][PASSED] - Actual text and expected text of test object 'Object Repository/Olusturma/Genel/GorselTasarimBaslik' are matched.

2021-11-23 16:56:17 - [MESSAGE][PASSED] - Call Test Case 'Test Cases/Olusturma/Genel/GorselTasarimSayfasıBasligiIceriyorMu' successfully

2021-11-23 16:56:17 - [MESSAGE][INFO] - Checking called Test Case

2021-11-23 16:56:17 - [MESSAGE][INFO] - Starting to call Test Case 'Test Cases/Olusturma/Genel/AliciSecilir'

2021-11-23 16:56:17 - [TEST_CASE][PASSED] - Test Cases/Olusturma/Genel/AliciSecilir: Test Cases/Olusturma/Genel/AliciSecilir

2021-11-23 16:56:17 - [TEST_STEP][PASSED] - click(findTestObject("Olusturma/Genel/AliciBilgisi/Alici_Ara")): Object: 'Object Repository/Olusturma/Genel/AliciBilgisi/Alici_Ara' is clicked on

2021-11-23 16:56:17 - [MESSAGE][INFO] - Finding Test Object 'Object Repository/Olusturma/Genel/AliciBilgisi/Alici_Ara'

2021-11-23 16:56:17 - [MESSAGE][INFO] - Checking object

2021-11-23 16:56:17 - [MESSAGE][INFO] - Finding web element from Test Object's properties

2021-11-23 16:56:17 - [MESSAGE][INFO] - Checking timeout

2021-11-23 16:56:17 - [MESSAGE][INFO] - Finding web element with id: 'Object Repository/Olusturma/Genel/AliciBilgisi/Alici_Ara' located by 'By.xpath: //td[@id='txtCustomerText_B-1']' in '30' second(s)

2021-11-23 16:56:17 - [MESSAGE][INFO] - Smart Wait Function is triggered

2021-11-23 16:56:18 - [MESSAGE][INFO] - Found 1 web elements with id: 'Object Repository/Olusturma/Genel/AliciBilgisi/Alici_Ara' located by 'By.xpath: //td[@id='txtCustomerText_B-1']' in '30' second(s)

2021-11-23 16:56:18 - [MESSAGE][INFO] - Clicking on object: 'Object Repository/Olusturma/Genel/AliciBilgisi/Alici_Ara'

2021-11-23 16:56:18 - [MESSAGE][PASSED] - Object: 'Object Repository/Olusturma/Genel/AliciBilgisi/Alici_Ara' is clicked on

2021-11-23 16:56:18 - [TEST_STEP][PASSED] - click(findTestObject("Olusturma/Genel/AliciBilgisi/Alici_Bilgisi")): Object: 'Object Repository/Olusturma/Genel/AliciBilgisi/Alici_Bilgisi' is clicked on

2021-11-23 16:56:18 - [MESSAGE][INFO] - Finding Test Object 'Object Repository/Olusturma/Genel/AliciBilgisi/Alici_Bilgisi'

2021-11-23 16:56:18 - [MESSAGE][INFO] - Checking object

2021-11-23 16:56:18 - [MESSAGE][INFO] - Finding web element from Test Object's properties

2021-11-23 16:56:18 - [MESSAGE][INFO] - Checking timeout

2021-11-23 16:56:18 - [MESSAGE][INFO] - Finding web element with id: 'Object Repository/Olusturma/Genel/AliciBilgisi/Alici_Bilgisi' located by 'By.xpath: //iframe[@id='customerselectiframe']' in '30' second(s)

2021-11-23 16:56:18 - [MESSAGE][INFO] - Smart Wait Function is triggered

2021-11-23 16:56:18 - [MESSAGE][INFO] - Found 1 web elements with id: 'Object Repository/Olusturma/Genel/AliciBilgisi/Alici_Bilgisi' located by 'By.xpath: //iframe[@id='customerselectiframe']' in '30' second(s)

2021-11-23 16:56:18 - [MESSAGE][INFO] - Clicking on object: 'Object Repository/Olusturma/Genel/AliciBilgisi/Alici_Bilgisi'

2021-11-23 16:56:18 - [MESSAGE][PASSED] - Object: 'Object Repository/Olusturma/Genel/AliciBilgisi/Alici_Bilgisi' is clicked on

2021-11-23 16:56:18 - [TEST_STEP][PASSED] - setText(findTestObject("Olusturma/Genel/AliciBilgisi/Alici_Gir"), Alici_Adi): Switching to default content

2021-11-23 16:56:18 - [MESSAGE][INFO] - Finding Test Object 'Object Repository/Olusturma/Genel/AliciBilgisi/Alici_Gir'

2021-11-23 16:56:18 - [MESSAGE][INFO] - Finding Test Object 'Object Repository/Olusturma/Genel/AliciBilgisi/Alici_Bilgisi'

2021-11-23 16:56:18 - [MESSAGE][INFO] - Checking object

2021-11-23 16:56:18 - [MESSAGE][INFO] - Checking text

2021-11-23 16:56:18 - [MESSAGE][INFO] - Object: 'Object Repository/Olusturma/Genel/AliciBilgisi/Alici_Gir' has parent object(s)

2021-11-23 16:56:18 - [MESSAGE][INFO] - Switching to iframe: 'Object Repository/Olusturma/Genel/AliciBilgisi/Alici_Bilgisi'

2021-11-23 16:56:18 - [MESSAGE][INFO] - Finding web element from Test Object's properties

2021-11-23 16:56:18 - [MESSAGE][INFO] - Checking timeout

2021-11-23 16:56:18 - [MESSAGE][INFO] - Finding web element with id: 'Object Repository/Olusturma/Genel/AliciBilgisi/Alici_Bilgisi' located by 'By.xpath: //iframe[@id='customerselectiframe']' in '30' second(s)

2021-11-23 16:56:18 - [MESSAGE][INFO] - Smart Wait Function is triggered

2021-11-23 16:56:18 - [MESSAGE][INFO] - Found 1 web elements with id: 'Object Repository/Olusturma/Genel/AliciBilgisi/Alici_Bilgisi' located by 'By.xpath: //iframe[@id='customerselectiframe']' in '30' second(s)

2021-11-23 16:56:18 - [MESSAGE][INFO] - Switched to iframe: 'Object Repository/Olusturma/Genel/AliciBilgisi/Alici_Bilgisi'

2021-11-23 16:56:18 - [MESSAGE][INFO] - Finding web element from Test Object's properties

2021-11-23 16:56:18 - [MESSAGE][INFO] - Checking timeout

2021-11-23 16:56:18 - [MESSAGE][INFO] - Finding web element with id: 'Object Repository/Olusturma/Genel/AliciBilgisi/Alici_Gir' located by 'By.xpath: //input[@id='GridViewCustomer_DXFREditorcol1_I']' in '30' second(s)

2021-11-23 16:56:18 - [MESSAGE][INFO] - Smart Wait Function is triggered

2021-11-23 16:56:19 - [MESSAGE][INFO] - Found 1 web elements with id: 'Object Repository/Olusturma/Genel/AliciBilgisi/Alici_Gir' located by 'By.xpath: //input[@id='GridViewCustomer_DXFREditorcol1_I']' in '30' second(s)

2021-11-23 16:56:19 - [MESSAGE][INFO] - Clearing text of object 'Object Repository/Olusturma/Genel/AliciBilgisi/Alici_Gir'

2021-11-23 16:56:19 - [MESSAGE][INFO] - Finding web element from Test Object's properties

2021-11-23 16:56:19 - [MESSAGE][INFO] - Checking timeout

2021-11-23 16:56:19 - [MESSAGE][INFO] - Finding web element with id: 'Object Repository/Olusturma/Genel/AliciBilgisi/Alici_Gir' located by 'By.xpath: //input[@id='GridViewCustomer_DXFREditorcol1_I']' in '30' second(s)

2021-11-23 16:56:19 - [MESSAGE][INFO] - Smart Wait Function is triggered

2021-11-23 16:56:19 - [MESSAGE][INFO] - Found 1 web elements with id: 'Object Repository/Olusturma/Genel/AliciBilgisi/Alici_Gir' located by 'By.xpath: //input[@id='GridViewCustomer_DXFREditorcol1_I']' in '30' second(s)

2021-11-23 16:56:19 - [MESSAGE][INFO] - Setting text of object 'Object Repository/Olusturma/Genel/AliciBilgisi/Alici_Gir' to value 'UC0010'

2021-11-23 16:56:19 - [MESSAGE][PASSED] - Text 'UC0010' is set on object 'Object Repository/Olusturma/Genel/AliciBilgisi/Alici_Gir'

2021-11-23 16:56:19 - [MESSAGE][INFO] - Switching to default content

2021-11-23 16:56:19 - [TEST_STEP][PASSED] - waitForElementClickable(findTestObject("Olusturma/Genel/AliciBilgisi/Alici_Adi"), 10): Switching to default content

2021-11-23 16:56:19 - [MESSAGE][INFO] - Finding Test Object 'Object Repository/Olusturma/Genel/AliciBilgisi/Alici_Adi'

2021-11-23 16:56:19 - [MESSAGE][INFO] - Finding Test Object 'Object Repository/Olusturma/Genel/AliciBilgisi/iframe_Alc Bilgisi_customerselectiframe'

2021-11-23 16:56:19 - [MESSAGE][INFO] - Checking object

2021-11-23 16:56:19 - [MESSAGE][INFO] - Checking timeout

2021-11-23 16:56:19 - [MESSAGE][INFO] - Object: 'Object Repository/Olusturma/Genel/AliciBilgisi/Alici_Adi' has parent object(s)

2021-11-23 16:56:19 - [MESSAGE][INFO] - Switching to iframe: 'Object Repository/Olusturma/Genel/AliciBilgisi/iframe_Alc Bilgisi_customerselectiframe'

2021-11-23 16:56:19 - [MESSAGE][INFO] - Finding web element from Test Object's properties

2021-11-23 16:56:19 - [MESSAGE][INFO] - Checking timeout

2021-11-23 16:56:19 - [MESSAGE][INFO] - Finding web element with id: 'Object Repository/Olusturma/Genel/AliciBilgisi/iframe_Alc Bilgisi_customerselectiframe' located by 'By.xpath: //iframe[@id='customerselectiframe']' in '10' second(s)

2021-11-23 16:56:19 - [MESSAGE][INFO] - Smart Wait Function is triggered

2021-11-23 16:56:19 - [MESSAGE][INFO] - Found 1 web elements with id: 'Object Repository/Olusturma/Genel/AliciBilgisi/iframe_Alc Bilgisi_customerselectiframe' located by 'By.xpath: //iframe[@id='customerselectiframe']' in '10' second(s)

2021-11-23 16:56:19 - [MESSAGE][INFO] - Switched to iframe: 'Object Repository/Olusturma/Genel/AliciBilgisi/iframe_Alc Bilgisi_customerselectiframe'

2021-11-23 16:56:19 - [MESSAGE][INFO] - Finding web element from Test Object's properties

2021-11-23 16:56:19 - [MESSAGE][INFO] - Checking timeout

2021-11-23 16:56:19 - [MESSAGE][INFO] - Finding web element with id: 'Object Repository/Olusturma/Genel/AliciBilgisi/Alici_Adi' located by 'By.xpath: //tr[@id='GridViewCustomer_DXDataRow0']/td[2]' in '10' second(s)

2021-11-23 16:56:19 - [MESSAGE][INFO] - Smart Wait Function is triggered

2021-11-23 16:56:19 - [MESSAGE][INFO] - Found 1 web elements with id: 'Object Repository/Olusturma/Genel/AliciBilgisi/Alici_Adi' located by 'By.xpath: //tr[@id='GridViewCustomer_DXDataRow0']/td[2]' in '10' second(s)

2021-11-23 16:56:19 - [MESSAGE][PASSED] - Object 'Object Repository/Olusturma/Genel/AliciBilgisi/Alici_Adi' is clickable

2021-11-23 16:56:19 - [MESSAGE][INFO] - Switching to default content

2021-11-23 16:56:19 - [TEST_STEP][PASSED] - click(findTestObject("Olusturma/Genel/AliciBilgisi/frame")): Switching to default content

2021-11-23 16:56:19 - [MESSAGE][INFO] - Finding Test Object 'Object Repository/Olusturma/Genel/AliciBilgisi/frame'

2021-11-23 16:56:19 - [MESSAGE][INFO] - Finding Test Object 'Object Repository/Olusturma/Genel/AliciBilgisi/iframe_Alc Bilgisi_customerselectiframe'

2021-11-23 16:56:19 - [MESSAGE][INFO] - Checking object

2021-11-23 16:56:19 - [MESSAGE][INFO] - Object: 'Object Repository/Olusturma/Genel/AliciBilgisi/frame' has parent object(s)

2021-11-23 16:56:19 - [MESSAGE][INFO] - Switching to iframe: 'Object Repository/Olusturma/Genel/AliciBilgisi/iframe_Alc Bilgisi_customerselectiframe'

2021-11-23 16:56:19 - [MESSAGE][INFO] - Finding web element from Test Object's properties

2021-11-23 16:56:19 - [MESSAGE][INFO] - Checking timeout

2021-11-23 16:56:19 - [MESSAGE][INFO] - Finding web element with id: 'Object Repository/Olusturma/Genel/AliciBilgisi/iframe_Alc Bilgisi_customerselectiframe' located by 'By.xpath: //iframe[@id='customerselectiframe']' in '30' second(s)

2021-11-23 16:56:19 - [MESSAGE][INFO] - Smart Wait Function is triggered

2021-11-23 16:56:20 - [MESSAGE][INFO] - Found 1 web elements with id: 'Object Repository/Olusturma/Genel/AliciBilgisi/iframe_Alc Bilgisi_customerselectiframe' located by 'By.xpath: //iframe[@id='customerselectiframe']' in '30' second(s)

2021-11-23 16:56:20 - [MESSAGE][INFO] - Switched to iframe: 'Object Repository/Olusturma/Genel/AliciBilgisi/iframe_Alc Bilgisi_customerselectiframe'

2021-11-23 16:56:20 - [MESSAGE][INFO] - Finding web element from Test Object's properties

2021-11-23 16:56:20 - [MESSAGE][INFO] - Checking timeout

2021-11-23 16:56:20 - [MESSAGE][INFO] - Finding web element with id: 'Object Repository/Olusturma/Genel/AliciBilgisi/frame' located by 'By.xpath: //*/text()[normalize-space(.)='']/parent::*' in '30' second(s)

2021-11-23 16:56:20 - [MESSAGE][INFO] - Smart Wait Function is triggered

2021-11-23 16:56:20 - [MESSAGE][INFO] - Found 65 web elements with id: 'Object Repository/Olusturma/Genel/AliciBilgisi/frame' located by 'By.xpath: //*/text()[normalize-space(.)='']/parent::*' in '30' second(s)

2021-11-23 16:56:20 - [MESSAGE][INFO] - Clicking on object: 'Object Repository/Olusturma/Genel/AliciBilgisi/frame'

2021-11-23 16:56:20 - [MESSAGE][PASSED] - Object: 'Object Repository/Olusturma/Genel/AliciBilgisi/frame' is clicked on

2021-11-23 16:56:20 - [MESSAGE][INFO] - Switching to default content

2021-11-23 16:56:20 - [TEST_STEP][PASSED] - click(findTestObject("Olusturma/Genel/AliciBilgisi/Alici_Adi")): Switching to default content

2021-11-23 16:56:20 - [MESSAGE][INFO] - Finding Test Object 'Object Repository/Olusturma/Genel/AliciBilgisi/Alici_Adi'

2021-11-23 16:56:20 - [MESSAGE][INFO] - Finding Test Object 'Object Repository/Olusturma/Genel/AliciBilgisi/iframe_Alc Bilgisi_customerselectiframe'

2021-11-23 16:56:20 - [MESSAGE][INFO] - Checking object

2021-11-23 16:56:20 - [MESSAGE][INFO] - Object: 'Object Repository/Olusturma/Genel/AliciBilgisi/Alici_Adi' has parent object(s)

2021-11-23 16:56:20 - [MESSAGE][INFO] - Switching to iframe: 'Object Repository/Olusturma/Genel/AliciBilgisi/iframe_Alc Bilgisi_customerselectiframe'

2021-11-23 16:56:20 - [MESSAGE][INFO] - Finding web element from Test Object's properties

2021-11-23 16:56:20 - [MESSAGE][INFO] - Checking timeout

2021-11-23 16:56:20 - [MESSAGE][INFO] - Finding web element with id: 'Object Repository/Olusturma/Genel/AliciBilgisi/iframe_Alc Bilgisi_customerselectiframe' located by 'By.xpath: //iframe[@id='customerselectiframe']' in '30' second(s)

2021-11-23 16:56:20 - [MESSAGE][INFO] - Smart Wait Function is triggered

2021-11-23 16:56:20 - [MESSAGE][INFO] - Found 1 web elements with id: 'Object Repository/Olusturma/Genel/AliciBilgisi/iframe_Alc Bilgisi_customerselectiframe' located by 'By.xpath: //iframe[@id='customerselectiframe']' in '30' second(s)

2021-11-23 16:56:20 - [MESSAGE][INFO] - Switched to iframe: 'Object Repository/Olusturma/Genel/AliciBilgisi/iframe_Alc Bilgisi_customerselectiframe'

2021-11-23 16:56:20 - [MESSAGE][INFO] - Finding web element from Test Object's properties

2021-11-23 16:56:20 - [MESSAGE][INFO] - Checking timeout

2021-11-23 16:56:20 - [MESSAGE][INFO] - Finding web element with id: 'Object Repository/Olusturma/Genel/AliciBilgisi/Alici_Adi' located by 'By.xpath: //tr[@id='GridViewCustomer_DXDataRow0']/td[2]' in '30' second(s)

2021-11-23 16:56:20 - [MESSAGE][INFO] - Smart Wait Function is triggered

2021-11-23 16:56:20 - [MESSAGE][INFO] - Found 1 web elements with id: 'Object Repository/Olusturma/Genel/AliciBilgisi/Alici_Adi' located by 'By.xpath: //tr[@id='GridViewCustomer_DXDataRow0']/td[2]' in '30' second(s)

2021-11-23 16:56:20 - [MESSAGE][INFO] - Clicking on object: 'Object Repository/Olusturma/Genel/AliciBilgisi/Alici_Adi'

2021-11-23 16:56:20 - [MESSAGE][PASSED] - Object: 'Object Repository/Olusturma/Genel/AliciBilgisi/Alici_Adi' is clicked on

2021-11-23 16:56:20 - [MESSAGE][INFO] - Switching to default content

2021-11-23 16:56:20 - [TEST_STEP][PASSED] - click(findTestObject("Olusturma/Genel/AliciBilgisi/Tamam_Bosluk")): Switching to default content

2021-11-23 16:56:20 - [MESSAGE][INFO] - Finding Test Object 'Object Repository/Olusturma/Genel/AliciBilgisi/Tamam_Bosluk'

2021-11-23 16:56:20 - [MESSAGE][INFO] - Finding Test Object 'Object Repository/Olusturma/Genel/AliciBilgisi/Alici_Bilgisi'

2021-11-23 16:56:20 - [MESSAGE][INFO] - Checking object

2021-11-23 16:56:20 - [MESSAGE][INFO] - Object: 'Object Repository/Olusturma/Genel/AliciBilgisi/Tamam_Bosluk' has parent object(s)

2021-11-23 16:56:20 - [MESSAGE][INFO] - Switching to iframe: 'Object Repository/Olusturma/Genel/AliciBilgisi/Alici_Bilgisi'

2021-11-23 16:56:20 - [MESSAGE][INFO] - Finding web element from Test Object's properties

2021-11-23 16:56:20 - [MESSAGE][INFO] - Checking timeout

2021-11-23 16:56:20 - [MESSAGE][INFO] - Finding web element with id: 'Object Repository/Olusturma/Genel/AliciBilgisi/Alici_Bilgisi' located by 'By.xpath: //iframe[@id='customerselectiframe']' in '30' second(s)

2021-11-23 16:56:20 - [MESSAGE][INFO] - Smart Wait Function is triggered

2021-11-23 16:56:21 - [MESSAGE][INFO] - Found 1 web elements with id: 'Object Repository/Olusturma/Genel/AliciBilgisi/Alici_Bilgisi' located by 'By.xpath: //iframe[@id='customerselectiframe']' in '30' second(s)

2021-11-23 16:56:21 - [MESSAGE][INFO] - Switched to iframe: 'Object Repository/Olusturma/Genel/AliciBilgisi/Alici_Bilgisi'

2021-11-23 16:56:21 - [MESSAGE][INFO] - Finding web element from Test Object's properties

2021-11-23 16:56:21 - [MESSAGE][INFO] - Checking timeout

2021-11-23 16:56:21 - [MESSAGE][INFO] - Finding web element with id: 'Object Repository/Olusturma/Genel/AliciBilgisi/Tamam_Bosluk' located by 'By.xpath: (.//*[normalize-space(text()) and normalize-space(.)='Sayfa Boyutu:'])[1]/following::div[7]' in '30' second(s)

2021-11-23 16:56:21 - [MESSAGE][INFO] - Smart Wait Function is triggered

2021-11-23 16:56:21 - [MESSAGE][INFO] - Found 1 web elements with id: 'Object Repository/Olusturma/Genel/AliciBilgisi/Tamam_Bosluk' located by 'By.xpath: (.//*[normalize-space(text()) and normalize-space(.)='Sayfa Boyutu:'])[1]/following::div[7]' in '30' second(s)

2021-11-23 16:56:21 - [MESSAGE][INFO] - Clicking on object: 'Object Repository/Olusturma/Genel/AliciBilgisi/Tamam_Bosluk'

2021-11-23 16:56:21 - [MESSAGE][PASSED] - Object: 'Object Repository/Olusturma/Genel/AliciBilgisi/Tamam_Bosluk' is clicked on

2021-11-23 16:56:21 - [MESSAGE][INFO] - Switching to default content

2021-11-23 16:56:21 - [TEST_STEP][PASSED] - waitForElementClickable(findTestObject("Olusturma/Genel/AliciBilgisi/Tamam_Butonu"), 10): Switching to default content

2021-11-23 16:56:21 - [MESSAGE][INFO] - Finding Test Object 'Object Repository/Olusturma/Genel/AliciBilgisi/Tamam_Butonu'

2021-11-23 16:56:21 - [MESSAGE][INFO] - Finding Test Object 'Object Repository/Olusturma/Genel/AliciBilgisi/Alici_Bilgisi'

2021-11-23 16:56:21 - [MESSAGE][INFO] - Checking object

2021-11-23 16:56:21 - [MESSAGE][INFO] - Checking timeout

2021-11-23 16:56:21 - [MESSAGE][INFO] - Object: 'Object Repository/Olusturma/Genel/AliciBilgisi/Tamam_Butonu' has parent object(s)

2021-11-23 16:56:21 - [MESSAGE][INFO] - Switching to iframe: 'Object Repository/Olusturma/Genel/AliciBilgisi/Alici_Bilgisi'

2021-11-23 16:56:21 - [MESSAGE][INFO] - Finding web element from Test Object's properties

2021-11-23 16:56:21 - [MESSAGE][INFO] - Checking timeout

2021-11-23 16:56:21 - [MESSAGE][INFO] - Finding web element with id: 'Object Repository/Olusturma/Genel/AliciBilgisi/Alici_Bilgisi' located by 'By.xpath: //iframe[@id='customerselectiframe']' in '10' second(s)

2021-11-23 16:56:21 - [MESSAGE][INFO] - Smart Wait Function is triggered

2021-11-23 16:56:21 - [MESSAGE][INFO] - Found 1 web elements with id: 'Object Repository/Olusturma/Genel/AliciBilgisi/Alici_Bilgisi' located by 'By.xpath: //iframe[@id='customerselectiframe']' in '10' second(s)

2021-11-23 16:56:21 - [MESSAGE][INFO] - Switched to iframe: 'Object Repository/Olusturma/Genel/AliciBilgisi/Alici_Bilgisi'

2021-11-23 16:56:21 - [MESSAGE][INFO] - Finding web element from Test Object's properties

2021-11-23 16:56:21 - [MESSAGE][INFO] - Checking timeout

2021-11-23 16:56:21 - [MESSAGE][INFO] - Finding web element with id: 'Object Repository/Olusturma/Genel/AliciBilgisi/Tamam_Butonu' located by 'By.xpath: //div[@id='btnSelectCustomer_CD']/span' in '10' second(s)

2021-11-23 16:56:21 - [MESSAGE][INFO] - Smart Wait Function is triggered

2021-11-23 16:56:21 - [MESSAGE][INFO] - Found 1 web elements with id: 'Object Repository/Olusturma/Genel/AliciBilgisi/Tamam_Butonu' located by 'By.xpath: //div[@id='btnSelectCustomer_CD']/span' in '10' second(s)

2021-11-23 16:56:21 - [MESSAGE][PASSED] - Object 'Object Repository/Olusturma/Genel/AliciBilgisi/Tamam_Butonu' is clickable

2021-11-23 16:56:21 - [MESSAGE][INFO] - Switching to default content

2021-11-23 16:56:21 - [TEST_STEP][PASSED] - click(findTestObject("Olusturma/Genel/AliciBilgisi/Tamam_Butonu")): Switching to default content

2021-11-23 16:56:21 - [MESSAGE][INFO] - Finding Test Object 'Object Repository/Olusturma/Genel/AliciBilgisi/Tamam_Butonu'

2021-11-23 16:56:22 - [MESSAGE][INFO] - Finding Test Object 'Object Repository/Olusturma/Genel/AliciBilgisi/Alici_Bilgisi'

2021-11-23 16:56:22 - [MESSAGE][INFO] - Checking object

2021-11-23 16:56:22 - [MESSAGE][INFO] - Object: 'Object Repository/Olusturma/Genel/AliciBilgisi/Tamam_Butonu' has parent object(s)

2021-11-23 16:56:22 - [MESSAGE][INFO] - Switching to iframe: 'Object Repository/Olusturma/Genel/AliciBilgisi/Alici_Bilgisi'

2021-11-23 16:56:22 - [MESSAGE][INFO] - Finding web element from Test Object's properties

2021-11-23 16:56:22 - [MESSAGE][INFO] - Checking timeout

2021-11-23 16:56:22 - [MESSAGE][INFO] - Finding web element with id: 'Object Repository/Olusturma/Genel/AliciBilgisi/Alici_Bilgisi' located by 'By.xpath: //iframe[@id='customerselectiframe']' in '30' second(s)

2021-11-23 16:56:22 - [MESSAGE][INFO] - Smart Wait Function is triggered

2021-11-23 16:56:22 - [MESSAGE][INFO] - Found 1 web elements with id: 'Object Repository/Olusturma/Genel/AliciBilgisi/Alici_Bilgisi' located by 'By.xpath: //iframe[@id='customerselectiframe']' in '30' second(s)

2021-11-23 16:56:22 - [MESSAGE][INFO] - Switched to iframe: 'Object Repository/Olusturma/Genel/AliciBilgisi/Alici_Bilgisi'

2021-11-23 16:56:22 - [MESSAGE][INFO] - Finding web element from Test Object's properties

2021-11-23 16:56:22 - [MESSAGE][INFO] - Checking timeout

2021-11-23 16:56:22 - [MESSAGE][INFO] - Finding web element with id: 'Object Repository/Olusturma/Genel/AliciBilgisi/Tamam_Butonu' located by 'By.xpath: //div[@id='btnSelectCustomer_CD']/span' in '30' second(s)

2021-11-23 16:56:22 - [MESSAGE][INFO] - Smart Wait Function is triggered

2021-11-23 16:56:22 - [MESSAGE][INFO] - Found 1 web elements with id: 'Object Repository/Olusturma/Genel/AliciBilgisi/Tamam_Butonu' located by 'By.xpath: //div[@id='btnSelectCustomer_CD']/span' in '30' second(s)

2021-11-23 16:56:22 - [MESSAGE][INFO] - Clicking on object: 'Object Repository/Olusturma/Genel/AliciBilgisi/Tamam_Butonu'

2021-11-23 16:56:22 - [MESSAGE][PASSED] - Object: 'Object Repository/Olusturma/Genel/AliciBilgisi/Tamam_Butonu' is clicked on

2021-11-23 16:56:22 - [MESSAGE][INFO] - Switching to default content

2021-11-23 16:56:22 - [TEST_STEP][PASSED] - waitForElementPresent(findTestObject("Olusturma/Genel/AliciBilgisi/VKN-TCKN"), 10): Object 'Object Repository/Olusturma/Genel/AliciBilgisi/VKN-TCKN' is present

2021-11-23 16:56:22 - [MESSAGE][INFO] - Finding Test Object 'Object Repository/Olusturma/Genel/AliciBilgisi/VKN-TCKN'

2021-11-23 16:56:22 - [MESSAGE][INFO] - Checking object

2021-11-23 16:56:22 - [MESSAGE][INFO] - Finding web element from Test Object's properties

2021-11-23 16:56:22 - [MESSAGE][INFO] - Checking timeout

2021-11-23 16:56:22 - [MESSAGE][INFO] - Finding web element with id: 'Object Repository/Olusturma/Genel/AliciBilgisi/VKN-TCKN' located by 'By.xpath: //*[@id = 'txtVknTckn_I']' in '10' second(s)

2021-11-23 16:56:22 - [MESSAGE][INFO] - Smart Wait Function is triggered

2021-11-23 16:56:23 - [MESSAGE][INFO] - Found 1 web elements with id: 'Object Repository/Olusturma/Genel/AliciBilgisi/VKN-TCKN' located by 'By.xpath: //*[@id = 'txtVknTckn_I']' in '10' second(s)

2021-11-23 16:56:23 - [MESSAGE][PASSED] - Object 'Object Repository/Olusturma/Genel/AliciBilgisi/VKN-TCKN' is present

2021-11-23 16:56:23 - [TEST_STEP][PASSED] - text = getAttribute(findTestObject("Olusturma/Genel/AliciBilgisi/VKN-TCKN"), "value"): Attribute 'value' of object 'Object Repository/Olusturma/Genel/AliciBilgisi/VKN-TCKN' is: '5326376795'

2021-11-23 16:56:23 - [MESSAGE][INFO] - Finding Test Object 'Object Repository/Olusturma/Genel/AliciBilgisi/VKN-TCKN'

2021-11-23 16:56:23 - [MESSAGE][INFO] - Checking object

2021-11-23 16:56:23 - [MESSAGE][INFO] - Checking attribute

2021-11-23 16:56:23 - [MESSAGE][INFO] - Finding web element from Test Object's properties

2021-11-23 16:56:23 - [MESSAGE][INFO] - Checking timeout

2021-11-23 16:56:23 - [MESSAGE][INFO] - Finding web element with id: 'Object Repository/Olusturma/Genel/AliciBilgisi/VKN-TCKN' located by 'By.xpath: //*[@id = 'txtVknTckn_I']' in '30' second(s)

2021-11-23 16:56:23 - [MESSAGE][INFO] - Smart Wait Function is triggered

2021-11-23 16:56:23 - [MESSAGE][INFO] - Found 1 web elements with id: 'Object Repository/Olusturma/Genel/AliciBilgisi/VKN-TCKN' located by 'By.xpath: //*[@id = 'txtVknTckn_I']' in '30' second(s)

2021-11-23 16:56:23 - [MESSAGE][INFO] - Getting attribute 'value' of object 'Object Repository/Olusturma/Genel/AliciBilgisi/VKN-TCKN'

2021-11-23 16:56:23 - [MESSAGE][PASSED] - Attribute 'value' of object 'Object Repository/Olusturma/Genel/AliciBilgisi/VKN-TCKN' is: '5326376795'

2021-11-23 16:56:23 - [TEST_STEP][PASSED] - if (text.equals("")): null

2021-11-23 16:56:23 - [MESSAGE][PASSED] - Call Test Case 'Test Cases/Olusturma/Genel/AliciSecilir' successfully

2021-11-23 16:56:23 - [MESSAGE][INFO] - Checking called Test Case

2021-11-23 16:56:23 - [MESSAGE][INFO] - Starting to call Test Case 'Test Cases/Olusturma/Genel/GonderimSekliSecilir'

2021-11-23 16:56:23 - [TEST_CASE][PASSED] - Test Cases/Olusturma/Genel/GonderimSekliSecilir: Test Cases/Olusturma/Genel/GonderimSekliSecilir

2021-11-23 16:56:23 - [TEST_STEP][PASSED] - waitForElementClickable(findTestObject("Object Repository/Olusturma/Genel/GonderimSekli/GonderimSekli"), 10): Object 'Object Repository/Olusturma/Genel/GonderimSekli/GonderimSekli' is clickable

2021-11-23 16:56:23 - [MESSAGE][INFO] - Finding Test Object 'Object Repository/Olusturma/Genel/GonderimSekli/GonderimSekli'

2021-11-23 16:56:23 - [MESSAGE][INFO] - Checking object

2021-11-23 16:56:23 - [MESSAGE][INFO] - Checking timeout

2021-11-23 16:56:23 - [MESSAGE][INFO] - Finding web element from Test Object's properties

2021-11-23 16:56:23 - [MESSAGE][INFO] - Checking timeout

2021-11-23 16:56:23 - [MESSAGE][INFO] - Finding web element with id: 'Object Repository/Olusturma/Genel/GonderimSekli/GonderimSekli' located by 'By.xpath: //*[@id = 'txtGonderimSekil_I']' in '10' second(s)

2021-11-23 16:56:23 - [MESSAGE][INFO] - Smart Wait Function is triggered

2021-11-23 16:56:23 - [MESSAGE][INFO] - Found 1 web elements with id: 'Object Repository/Olusturma/Genel/GonderimSekli/GonderimSekli' located by 'By.xpath: //*[@id = 'txtGonderimSekil_I']' in '10' second(s)

2021-11-23 16:56:23 - [MESSAGE][PASSED] - Object 'Object Repository/Olusturma/Genel/GonderimSekli/GonderimSekli' is clickable

2021-11-23 16:56:23 - [TEST_STEP][PASSED] - click(findTestObject("Object Repository/Olusturma/Genel/GonderimSekli/GonderimSekli")): Object: 'Object Repository/Olusturma/Genel/GonderimSekli/GonderimSekli' is clicked on

2021-11-23 16:56:23 - [MESSAGE][INFO] - Finding Test Object 'Object Repository/Olusturma/Genel/GonderimSekli/GonderimSekli'

2021-11-23 16:56:24 - [MESSAGE][INFO] - Checking object

2021-11-23 16:56:24 - [MESSAGE][INFO] - Finding web element from Test Object's properties

2021-11-23 16:56:24 - [MESSAGE][INFO] - Checking timeout

2021-11-23 16:56:24 - [MESSAGE][INFO] - Finding web element with id: 'Object Repository/Olusturma/Genel/GonderimSekli/GonderimSekli' located by 'By.xpath: //*[@id = 'txtGonderimSekil_I']' in '30' second(s)

2021-11-23 16:56:24 - [MESSAGE][INFO] - Smart Wait Function is triggered

2021-11-23 16:56:24 - [MESSAGE][INFO] - Found 1 web elements with id: 'Object Repository/Olusturma/Genel/GonderimSekli/GonderimSekli' located by 'By.xpath: //*[@id = 'txtGonderimSekil_I']' in '30' second(s)

2021-11-23 16:56:24 - [MESSAGE][INFO] - Clicking on object: 'Object Repository/Olusturma/Genel/GonderimSekli/GonderimSekli'

2021-11-23 16:56:24 - [MESSAGE][PASSED] - Object: 'Object Repository/Olusturma/Genel/GonderimSekli/GonderimSekli' is clicked on

2021-11-23 16:56:24 - [TEST_STEP][PASSED] - Method.TextDegerineEsitElementeTikla(findTestObject("Object Repository/Olusturma/Genel/GonderimSekli/GonderimSekliAdi"), GonderimSekli): Method.TextDegerineEsitElementeTikla is PASSED

2021-11-23 16:56:24 - [MESSAGE][INFO] - Finding Test Object 'Object Repository/Olusturma/Genel/GonderimSekli/GonderimSekliAdi'

2021-11-23 16:56:24 - [MESSAGE][INFO] - Checking timeout

2021-11-23 16:56:24 - [MESSAGE][INFO] - Finding web element with id: 'Object Repository/Olusturma/Genel/GonderimSekli/GonderimSekliAdi' located by 'By.cssSelector: #txtGonderimSekil_DDD_L_LBT td' in '10' second(s)

2021-11-23 16:56:24 - [MESSAGE][INFO] - Smart Wait Function is triggered

2021-11-23 16:56:24 - [MESSAGE][INFO] - Found 2 web elements with id: 'Object Repository/Olusturma/Genel/GonderimSekli/GonderimSekliAdi' located by 'By.cssSelector: #txtGonderimSekil_DDD_L_LBT td' in '10' second(s)

2021-11-23 16:56:25 - [MESSAGE][PASSED] - Method.TextDegerineEsitElementeTikla is PASSED

2021-11-23 16:56:25 - [MESSAGE][PASSED] - Call Test Case 'Test Cases/Olusturma/Genel/GonderimSekliSecilir' successfully

2021-11-23 16:56:25 - [MESSAGE][INFO] - Checking called Test Case

2021-11-23 16:56:25 - [MESSAGE][INFO] - Starting to call Test Case 'Test Cases/Olusturma/Genel/TipSecilir'

2021-11-23 16:56:25 - [TEST_CASE][PASSED] - Test Cases/Olusturma/Genel/TipSecilir: Test Cases/Olusturma/Genel/TipSecilir

2021-11-23 16:56:25 - [TEST_STEP][PASSED] - waitForElementClickable(findTestObject("Olusturma/Genel/TipSecilir/Tip"), 10): Object 'Object Repository/Olusturma/Genel/TipSecilir/Tip' is clickable

2021-11-23 16:56:25 - [MESSAGE][INFO] - Finding Test Object 'Object Repository/Olusturma/Genel/TipSecilir/Tip'

2021-11-23 16:56:25 - [MESSAGE][INFO] - Checking object

2021-11-23 16:56:25 - [MESSAGE][INFO] - Checking timeout

2021-11-23 16:56:25 - [MESSAGE][INFO] - Finding web element from Test Object's properties

2021-11-23 16:56:25 - [MESSAGE][INFO] - Checking timeout

2021-11-23 16:56:25 - [MESSAGE][INFO] - Finding web element with id: 'Object Repository/Olusturma/Genel/TipSecilir/Tip' located by 'By.xpath: //*[@id = 'DocumentTypeCode_I']' in '10' second(s)

2021-11-23 16:56:25 - [MESSAGE][INFO] - Smart Wait Function is triggered

2021-11-23 16:56:25 - [MESSAGE][INFO] - Found 1 web elements with id: 'Object Repository/Olusturma/Genel/TipSecilir/Tip' located by 'By.xpath: //*[@id = 'DocumentTypeCode_I']' in '10' second(s)

2021-11-23 16:56:25 - [MESSAGE][PASSED] - Object 'Object Repository/Olusturma/Genel/TipSecilir/Tip' is clickable

2021-11-23 16:56:25 - [TEST_STEP][PASSED] - click(findTestObject("Olusturma/Genel/TipSecilir/Tip")): Object: 'Object Repository/Olusturma/Genel/TipSecilir/Tip' is clicked on

2021-11-23 16:56:25 - [MESSAGE][INFO] - Finding Test Object 'Object Repository/Olusturma/Genel/TipSecilir/Tip'

2021-11-23 16:56:25 - [MESSAGE][INFO] - Checking object

2021-11-23 16:56:25 - [MESSAGE][INFO] - Finding web element from Test Object's properties

2021-11-23 16:56:25 - [MESSAGE][INFO] - Checking timeout

2021-11-23 16:56:25 - [MESSAGE][INFO] - Finding web element with id: 'Object Repository/Olusturma/Genel/TipSecilir/Tip' located by 'By.xpath: //*[@id = 'DocumentTypeCode_I']' in '30' second(s)

2021-11-23 16:56:25 - [MESSAGE][INFO] - Smart Wait Function is triggered

2021-11-23 16:56:25 - [MESSAGE][INFO] - Found 1 web elements with id: 'Object Repository/Olusturma/Genel/TipSecilir/Tip' located by 'By.xpath: //*[@id = 'DocumentTypeCode_I']' in '30' second(s)

2021-11-23 16:56:25 - [MESSAGE][INFO] - Clicking on object: 'Object Repository/Olusturma/Genel/TipSecilir/Tip'

2021-11-23 16:56:26 - [MESSAGE][PASSED] - Object: 'Object Repository/Olusturma/Genel/TipSecilir/Tip' is clicked on

2021-11-23 16:56:26 - [TEST_STEP][PASSED] - Method.TextDegerineEsitElementeTikla(findTestObject("Object Repository/Olusturma/Genel/TipSecilir/Tip_Adi"), Tip): Method.TextDegerineEsitElementeTikla is PASSED

2021-11-23 16:56:26 - [MESSAGE][INFO] - Finding Test Object 'Object Repository/Olusturma/Genel/TipSecilir/Tip_Adi'

2021-11-23 16:56:26 - [MESSAGE][INFO] - Checking timeout

2021-11-23 16:56:26 - [MESSAGE][INFO] - Finding web element with id: 'Object Repository/Olusturma/Genel/TipSecilir/Tip_Adi' located by 'By.cssSelector: #DocumentTypeCode_DDD_L_LBT td' in '10' second(s)

2021-11-23 16:56:26 - [MESSAGE][INFO] - Smart Wait Function is triggered

2021-11-23 16:56:26 - [MESSAGE][INFO] - Found 9 web elements with id: 'Object Repository/Olusturma/Genel/TipSecilir/Tip_Adi' located by 'By.cssSelector: #DocumentTypeCode_DDD_L_LBT td' in '10' second(s)

2021-11-23 16:56:26 - [MESSAGE][PASSED] - Method.TextDegerineEsitElementeTikla is PASSED

2021-11-23 16:56:26 - [MESSAGE][PASSED] - Call Test Case 'Test Cases/Olusturma/Genel/TipSecilir' successfully

2021-11-23 16:56:26 - [MESSAGE][INFO] - Checking called Test Case

2021-11-23 16:56:26 - [MESSAGE][INFO] - Starting to call Test Case 'Test Cases/Olusturma/Genel/DokumanParaBirimiSecilir'

2021-11-23 16:56:26 - [TEST_CASE][PASSED] - Test Cases/Olusturma/Genel/DokumanParaBirimiSecilir: Test Cases/Olusturma/Genel/DokumanParaBirimiSecilir

2021-11-23 16:56:26 - [TEST_STEP][PASSED] - waitForElementClickable(findTestObject("Object Repository/Olusturma/Genel/DokumanParaBirimiSecilir/Para"), 10): Object 'Object Repository/Olusturma/Genel/DokumanParaBirimiSecilir/Para' is clickable

2021-11-23 16:56:26 - [MESSAGE][INFO] - Finding Test Object 'Object Repository/Olusturma/Genel/DokumanParaBirimiSecilir/Para'

2021-11-23 16:56:26 - [MESSAGE][INFO] - Checking object

2021-11-23 16:56:26 - [MESSAGE][INFO] - Checking timeout

2021-11-23 16:56:26 - [MESSAGE][INFO] - Finding web element from Test Object's properties

2021-11-23 16:56:26 - [MESSAGE][INFO] - Checking timeout

2021-11-23 16:56:26 - [MESSAGE][INFO] - Finding web element with id: 'Object Repository/Olusturma/Genel/DokumanParaBirimiSecilir/Para' located by 'By.xpath: //*[@id = 'CurrencyUnit_I']' in '10' second(s)

2021-11-23 16:56:26 - [MESSAGE][INFO] - Smart Wait Function is triggered

2021-11-23 16:56:28 - [MESSAGE][INFO] - Found 1 web elements with id: 'Object Repository/Olusturma/Genel/DokumanParaBirimiSecilir/Para' located by 'By.xpath: //*[@id = 'CurrencyUnit_I']' in '10' second(s)

2021-11-23 16:56:28 - [MESSAGE][PASSED] - Object 'Object Repository/Olusturma/Genel/DokumanParaBirimiSecilir/Para' is clickable

2021-11-23 16:56:28 - [TEST_STEP][PASSED] - click(findTestObject("Object Repository/Olusturma/Genel/DokumanParaBirimiSecilir/Para")): Object: 'Object Repository/Olusturma/Genel/DokumanParaBirimiSecilir/Para' is clicked on

2021-11-23 16:56:28 - [MESSAGE][INFO] - Finding Test Object 'Object Repository/Olusturma/Genel/DokumanParaBirimiSecilir/Para'

2021-11-23 16:56:28 - [MESSAGE][INFO] - Checking object

2021-11-23 16:56:28 - [MESSAGE][INFO] - Finding web element from Test Object's properties

2021-11-23 16:56:28 - [MESSAGE][INFO] - Checking timeout

2021-11-23 16:56:28 - [MESSAGE][INFO] - Finding web element with id: 'Object Repository/Olusturma/Genel/DokumanParaBirimiSecilir/Para' located by 'By.xpath: //*[@id = 'CurrencyUnit_I']' in '30' second(s)

2021-11-23 16:56:28 - [MESSAGE][INFO] - Smart Wait Function is triggered

2021-11-23 16:56:28 - [MESSAGE][INFO] - Found 1 web elements with id: 'Object Repository/Olusturma/Genel/DokumanParaBirimiSecilir/Para' located by 'By.xpath: //*[@id = 'CurrencyUnit_I']' in '30' second(s)

2021-11-23 16:56:28 - [MESSAGE][INFO] - Clicking on object: 'Object Repository/Olusturma/Genel/DokumanParaBirimiSecilir/Para'

2021-11-23 16:56:28 - [MESSAGE][PASSED] - Object: 'Object Repository/Olusturma/Genel/DokumanParaBirimiSecilir/Para' is clicked on

2021-11-23 16:56:28 - [TEST_STEP][PASSED] - Method.TextDegerineEsitElementeTikla(findTestObject("Object Repository/Olusturma/Genel/DokumanParaBirimiSecilir/Para_Adi"), Para): Method.TextDegerineEsitElementeTikla is PASSED

2021-11-23 16:56:28 - [MESSAGE][INFO] - Finding Test Object 'Object Repository/Olusturma/Genel/DokumanParaBirimiSecilir/Para_Adi'

2021-11-23 16:56:28 - [MESSAGE][INFO] - Checking timeout

2021-11-23 16:56:28 - [MESSAGE][INFO] - Finding web element with id: 'Object Repository/Olusturma/Genel/DokumanParaBirimiSecilir/Para_Adi' located by 'By.cssSelector: #CurrencyUnit_DDD_L_LBT td' in '10' second(s)

2021-11-23 16:56:28 - [MESSAGE][INFO] - Smart Wait Function is triggered

2021-11-23 16:56:29 - [MESSAGE][INFO] - Found 203 web elements with id: 'Object Repository/Olusturma/Genel/DokumanParaBirimiSecilir/Para_Adi' located by 'By.cssSelector: #CurrencyUnit_DDD_L_LBT td' in '10' second(s)

2021-11-23 16:56:34 - [MESSAGE][PASSED] - Method.TextDegerineEsitElementeTikla is PASSED

2021-11-23 16:56:34 - [MESSAGE][PASSED] - Call Test Case 'Test Cases/Olusturma/Genel/DokumanParaBirimiSecilir' successfully

2021-11-23 16:56:34 - [MESSAGE][INFO] - Checking called Test Case

2021-11-23 16:56:34 - [MESSAGE][INFO] - Starting to call Test Case 'Test Cases/Olusturma/Genel/OnEkSecilir'

2021-11-23 16:56:34 - [TEST_CASE][PASSED] - Test Cases/Olusturma/Genel/OnEkSecilir: Test Cases/Olusturma/Genel/OnEkSecilir

2021-11-23 16:56:34 - [TEST_STEP][PASSED] - waitForElementClickable(findTestObject("Object Repository/Olusturma/Genel/OnEkSecilir/OnEk"), 10): Object 'Object Repository/Olusturma/Genel/OnEkSecilir/OnEk' is clickable

2021-11-23 16:56:34 - [MESSAGE][INFO] - Finding Test Object 'Object Repository/Olusturma/Genel/OnEkSecilir/OnEk'

2021-11-23 16:56:34 - [MESSAGE][INFO] - Checking object

2021-11-23 16:56:34 - [MESSAGE][INFO] - Checking timeout

2021-11-23 16:56:34 - [MESSAGE][INFO] - Finding web element from Test Object's properties

2021-11-23 16:56:34 - [MESSAGE][INFO] - Checking timeout

2021-11-23 16:56:34 - [MESSAGE][INFO] - Finding web element with id: 'Object Repository/Olusturma/Genel/OnEkSecilir/OnEk' located by 'By.xpath: //*[@id = 'InvoicePrefix_I']' in '10' second(s)

2021-11-23 16:56:34 - [MESSAGE][INFO] - Smart Wait Function is triggered

2021-11-23 16:56:34 - [MESSAGE][INFO] - Found 1 web elements with id: 'Object Repository/Olusturma/Genel/OnEkSecilir/OnEk' located by 'By.xpath: //*[@id = 'InvoicePrefix_I']' in '10' second(s)

2021-11-23 16:56:34 - [MESSAGE][PASSED] - Object 'Object Repository/Olusturma/Genel/OnEkSecilir/OnEk' is clickable

2021-11-23 16:56:34 - [TEST_STEP][PASSED] - click(findTestObject("Object Repository/Olusturma/Genel/OnEkSecilir/OnEk")): Object: 'Object Repository/Olusturma/Genel/OnEkSecilir/OnEk' is clicked on

2021-11-23 16:56:34 - [MESSAGE][INFO] - Finding Test Object 'Object Repository/Olusturma/Genel/OnEkSecilir/OnEk'

2021-11-23 16:56:34 - [MESSAGE][INFO] - Checking object

2021-11-23 16:56:34 - [MESSAGE][INFO] - Finding web element from Test Object's properties

2021-11-23 16:56:34 - [MESSAGE][INFO] - Checking timeout

2021-11-23 16:56:34 - [MESSAGE][INFO] - Finding web element with id: 'Object Repository/Olusturma/Genel/OnEkSecilir/OnEk' located by 'By.xpath: //*[@id = 'InvoicePrefix_I']' in '30' second(s)

2021-11-23 16:56:34 - [MESSAGE][INFO] - Smart Wait Function is triggered

2021-11-23 16:56:35 - [MESSAGE][INFO] - Found 1 web elements with id: 'Object Repository/Olusturma/Genel/OnEkSecilir/OnEk' located by 'By.xpath: //*[@id = 'InvoicePrefix_I']' in '30' second(s)

2021-11-23 16:56:35 - [MESSAGE][INFO] - Clicking on object: 'Object Repository/Olusturma/Genel/OnEkSecilir/OnEk'

2021-11-23 16:56:35 - [MESSAGE][PASSED] - Object: 'Object Repository/Olusturma/Genel/OnEkSecilir/OnEk' is clicked on

2021-11-23 16:56:35 - [TEST_STEP][PASSED] - Method.TextDegerineEsitElementeTiklaEquals(findTestObject("Object Repository/Olusturma/Genel/OnEkSecilir/OnEkAdi"), Ek): Method.TextDegerineEsitElementeTiklaEquals is PASSED

2021-11-23 16:56:35 - [MESSAGE][INFO] - Finding Test Object 'Object Repository/Olusturma/Genel/OnEkSecilir/OnEkAdi'

2021-11-23 16:56:35 - [MESSAGE][INFO] - Checking timeout

2021-11-23 16:56:35 - [MESSAGE][INFO] - Finding web element with id: 'Object Repository/Olusturma/Genel/OnEkSecilir/OnEkAdi' located by 'By.cssSelector: #InvoicePrefix_DDD_L_LBT td' in '10' second(s)

2021-11-23 16:56:35 - [MESSAGE][INFO] - Smart Wait Function is triggered

2021-11-23 16:56:35 - [MESSAGE][INFO] - Found 1 web elements with id: 'Object Repository/Olusturma/Genel/OnEkSecilir/OnEkAdi' located by 'By.cssSelector: #InvoicePrefix_DDD_L_LBT td' in '10' second(s)

2021-11-23 16:56:35 - [MESSAGE][PASSED] - Method.TextDegerineEsitElementeTiklaEquals is PASSED

2021-11-23 16:56:35 - [MESSAGE][PASSED] - Call Test Case 'Test Cases/Olusturma/Genel/OnEkSecilir' successfully

2021-11-23 16:56:35 - [MESSAGE][INFO] - Checking called Test Case

2021-11-23 16:56:35 - [MESSAGE][INFO] - Starting to call Test Case 'Test Cases/Olusturma/Genel/TasarimSecilir'

2021-11-23 16:56:35 - [TEST_CASE][PASSED] - Test Cases/Olusturma/Genel/TasarimSecilir: Test Cases/Olusturma/Genel/TasarimSecilir

2021-11-23 16:56:35 - [TEST_STEP][PASSED] - waitForElementClickable(findTestObject("Object Repository/Olusturma/Genel/TasarimSecilir/Tasarim"), 10): Object 'Object Repository/Olusturma/Genel/TasarimSecilir/Tasarim' is clickable

2021-11-23 16:56:35 - [MESSAGE][INFO] - Finding Test Object 'Object Repository/Olusturma/Genel/TasarimSecilir/Tasarim'

2021-11-23 16:56:35 - [MESSAGE][INFO] - Checking object

2021-11-23 16:56:35 - [MESSAGE][INFO] - Checking timeout

2021-11-23 16:56:35 - [MESSAGE][INFO] - Finding web element from Test Object's properties

2021-11-23 16:56:35 - [MESSAGE][INFO] - Checking timeout

2021-11-23 16:56:35 - [MESSAGE][INFO] - Finding web element with id: 'Object Repository/Olusturma/Genel/TasarimSecilir/Tasarim' located by 'By.xpath: //*[@id = 'DesignId_I']' in '10' second(s)

2021-11-23 16:56:35 - [MESSAGE][INFO] - Smart Wait Function is triggered

2021-11-23 16:56:36 - [MESSAGE][INFO] - Found 1 web elements with id: 'Object Repository/Olusturma/Genel/TasarimSecilir/Tasarim' located by 'By.xpath: //*[@id = 'DesignId_I']' in '10' second(s)

2021-11-23 16:56:36 - [MESSAGE][PASSED] - Object 'Object Repository/Olusturma/Genel/TasarimSecilir/Tasarim' is clickable

2021-11-23 16:56:36 - [TEST_STEP][PASSED] - click(findTestObject("Object Repository/Olusturma/Genel/TasarimSecilir/Tasarim")): Object: 'Object Repository/Olusturma/Genel/TasarimSecilir/Tasarim' is clicked on

2021-11-23 16:56:36 - [MESSAGE][INFO] - Finding Test Object 'Object Repository/Olusturma/Genel/TasarimSecilir/Tasarim'

2021-11-23 16:56:36 - [MESSAGE][INFO] - Checking object

2021-11-23 16:56:36 - [MESSAGE][INFO] - Finding web element from Test Object's properties

2021-11-23 16:56:36 - [MESSAGE][INFO] - Checking timeout

2021-11-23 16:56:36 - [MESSAGE][INFO] - Finding web element with id: 'Object Repository/Olusturma/Genel/TasarimSecilir/Tasarim' located by 'By.xpath: //*[@id = 'DesignId_I']' in '30' second(s)

2021-11-23 16:56:36 - [MESSAGE][INFO] - Smart Wait Function is triggered

2021-11-23 16:56:36 - [MESSAGE][INFO] - Found 1 web elements with id: 'Object Repository/Olusturma/Genel/TasarimSecilir/Tasarim' located by 'By.xpath: //*[@id = 'DesignId_I']' in '30' second(s)

2021-11-23 16:56:36 - [MESSAGE][INFO] - Clicking on object: 'Object Repository/Olusturma/Genel/TasarimSecilir/Tasarim'

2021-11-23 16:56:36 - [MESSAGE][PASSED] - Object: 'Object Repository/Olusturma/Genel/TasarimSecilir/Tasarim' is clicked on

2021-11-23 16:56:36 - [TEST_STEP][PASSED] - Method.TextDegerineEsitElementeTikla(findTestObject("Object Repository/Olusturma/Genel/TasarimSecilir/Tasarim_Adi"), Tasarim): Method.TextDegerineEsitElementeTikla is PASSED

2021-11-23 16:56:36 - [MESSAGE][INFO] - Finding Test Object 'Object Repository/Olusturma/Genel/TasarimSecilir/Tasarim_Adi'

2021-11-23 16:56:36 - [MESSAGE][INFO] - Checking timeout

2021-11-23 16:56:36 - [MESSAGE][INFO] - Finding web element with id: 'Object Repository/Olusturma/Genel/TasarimSecilir/Tasarim_Adi' located by 'By.cssSelector: #DesignId_DDD_L_LBT td' in '10' second(s)

2021-11-23 16:56:36 - [MESSAGE][INFO] - Smart Wait Function is triggered

2021-11-23 16:56:37 - [MESSAGE][INFO] - Found 1 web elements with id: 'Object Repository/Olusturma/Genel/TasarimSecilir/Tasarim_Adi' located by 'By.cssSelector: #DesignId_DDD_L_LBT td' in '10' second(s)

2021-11-23 16:56:37 - [MESSAGE][PASSED] - Method.TextDegerineEsitElementeTikla is PASSED

2021-11-23 16:56:37 - [MESSAGE][PASSED] - Call Test Case 'Test Cases/Olusturma/Genel/TasarimSecilir' successfully

2021-11-23 16:56:37 - [MESSAGE][INFO] - Checking called Test Case

2021-11-23 16:56:37 - [MESSAGE][INFO] - Starting to call Test Case 'Test Cases/Olusturma/Genel/Kutular/SiparisBilgileriGirilir'

2021-11-23 16:56:37 - [TEST_CASE][PASSED] - Test Cases/Olusturma/Genel/Kutular/SiparisBilgileriGirilir: Test Cases/Olusturma/Genel/Kutular/SiparisBilgileriGirilir

2021-11-23 16:56:37 - [TEST_STEP][PASSED] - Method.TextDegerineEsitElementeTikla(findTestObject("Olusturma/Genel/Kutular/KapaliKutular"), "Sipariş Bilgileri"): Method.TextDegerineEsitElementeTikla is PASSED

2021-11-23 16:56:37 - [MESSAGE][INFO] - Finding Test Object 'Object Repository/Olusturma/Genel/Kutular/KapaliKutular'

2021-11-23 16:56:37 - [MESSAGE][INFO] - Checking timeout

2021-11-23 16:56:37 - [MESSAGE][INFO] - Finding web element with id: 'Object Repository/Olusturma/Genel/Kutular/KapaliKutular' located by 'By.cssSelector: .dxnb-headerCollapsed>span' in '10' second(s)

2021-11-23 16:56:37 - [MESSAGE][INFO] - Smart Wait Function is triggered

2021-11-23 16:56:37 - [MESSAGE][INFO] - Found 8 web elements with id: 'Object Repository/Olusturma/Genel/Kutular/KapaliKutular' located by 'By.cssSelector: .dxnb-headerCollapsed>span' in '10' second(s)

2021-11-23 16:56:37 - [MESSAGE][PASSED] - Method.TextDegerineEsitElementeTikla is PASSED

2021-11-23 16:56:37 - [TEST_STEP][PASSED] - waitForElementPresent(findTestObject("Object Repository/Olusturma/Genel/Kutular/SiparisBilgileri/SiparisNo"), 10): Object 'Object Repository/Olusturma/Genel/Kutular/SiparisBilgileri/SiparisNo' is present

2021-11-23 16:56:37 - [MESSAGE][INFO] - Finding Test Object 'Object Repository/Olusturma/Genel/Kutular/SiparisBilgileri/SiparisNo'

2021-11-23 16:56:37 - [MESSAGE][INFO] - Checking object

2021-11-23 16:56:37 - [MESSAGE][INFO] - Finding web element from Test Object's properties

2021-11-23 16:56:37 - [MESSAGE][INFO] - Checking timeout

2021-11-23 16:56:37 - [MESSAGE][INFO] - Finding web element with id: 'Object Repository/Olusturma/Genel/Kutular/SiparisBilgileri/SiparisNo' located by 'By.xpath: //*[@id = 'txtSiparisNo_I']' in '10' second(s)

2021-11-23 16:56:37 - [MESSAGE][INFO] - Smart Wait Function is triggered

2021-11-23 16:56:38 - [MESSAGE][INFO] - Found 1 web elements with id: 'Object Repository/Olusturma/Genel/Kutular/SiparisBilgileri/SiparisNo' located by 'By.xpath: //*[@id = 'txtSiparisNo_I']' in '10' second(s)

2021-11-23 16:56:38 - [MESSAGE][PASSED] - Object 'Object Repository/Olusturma/Genel/Kutular/SiparisBilgileri/SiparisNo' is present

2021-11-23 16:56:38 - [TEST_STEP][PASSED] - clearText(findTestObject("Object Repository/Olusturma/Genel/Kutular/SiparisBilgileri/SiparisNo")): Text of object 'Object Repository/Olusturma/Genel/Kutular/SiparisBilgileri/SiparisNo' is cleared

2021-11-23 16:56:38 - [MESSAGE][INFO] - Finding Test Object 'Object Repository/Olusturma/Genel/Kutular/SiparisBilgileri/SiparisNo'

2021-11-23 16:56:38 - [MESSAGE][INFO] - Checking object

2021-11-23 16:56:38 - [MESSAGE][INFO] - Finding web element from Test Object's properties

2021-11-23 16:56:38 - [MESSAGE][INFO] - Checking timeout

2021-11-23 16:56:38 - [MESSAGE][INFO] - Finding web element with id: 'Object Repository/Olusturma/Genel/Kutular/SiparisBilgileri/SiparisNo' located by 'By.xpath: //*[@id = 'txtSiparisNo_I']' in '30' second(s)

2021-11-23 16:56:38 - [MESSAGE][INFO] - Smart Wait Function is triggered

2021-11-23 16:56:38 - [MESSAGE][INFO] - Found 1 web elements with id: 'Object Repository/Olusturma/Genel/Kutular/SiparisBilgileri/SiparisNo' located by 'By.xpath: //*[@id = 'txtSiparisNo_I']' in '30' second(s)

2021-11-23 16:56:38 - [MESSAGE][INFO] - Clearing text of object 'Object Repository/Olusturma/Genel/Kutular/SiparisBilgileri/SiparisNo'

2021-11-23 16:56:38 - [MESSAGE][PASSED] - Text of object 'Object Repository/Olusturma/Genel/Kutular/SiparisBilgileri/SiparisNo' is cleared

2021-11-23 16:56:38 - [TEST_STEP][PASSED] - sendKeys(findTestObject("Object Repository/Olusturma/Genel/Kutular/SiparisBilgileri/SiparisNo"), SiparisNo): Keys 'UUC-SAT-1200001' sent to object: 'Object Repository/Olusturma/Genel/Kutular/SiparisBilgileri/SiparisNo'

2021-11-23 16:56:38 - [MESSAGE][INFO] - Finding Test Object 'Object Repository/Olusturma/Genel/Kutular/SiparisBilgileri/SiparisNo'

2021-11-23 16:56:38 - [MESSAGE][INFO] - Sending keys 'UUC-SAT-1200001' to object: 'Object Repository/Olusturma/Genel/Kutular/SiparisBilgileri/SiparisNo'

2021-11-23 16:56:38 - [MESSAGE][INFO] - Finding web element from Test Object's properties

2021-11-23 16:56:38 - [MESSAGE][INFO] - Checking timeout

2021-11-23 16:56:38 - [MESSAGE][INFO] - Finding web element with id: 'Object Repository/Olusturma/Genel/Kutular/SiparisBilgileri/SiparisNo' located by 'By.xpath: //*[@id = 'txtSiparisNo_I']' in '30' second(s)

2021-11-23 16:56:38 - [MESSAGE][INFO] - Smart Wait Function is triggered

2021-11-23 16:56:39 - [MESSAGE][INFO] - Found 1 web elements with id: 'Object Repository/Olusturma/Genel/Kutular/SiparisBilgileri/SiparisNo' located by 'By.xpath: //*[@id = 'txtSiparisNo_I']' in '30' second(s)

2021-11-23 16:56:39 - [MESSAGE][PASSED] - Keys 'UUC-SAT-1200001' sent to object: 'Object Repository/Olusturma/Genel/Kutular/SiparisBilgileri/SiparisNo'

2021-11-23 16:56:39 - [TEST_STEP][PASSED] - waitForElementClickable(findTestObject("Object Repository/Olusturma/Genel/Kutular/SiparisBilgileri/SiparisTarihiImage"), 10): Object 'Object Repository/Olusturma/Genel/Kutular/SiparisBilgileri/SiparisTarihiImage' is clickable

2021-11-23 16:56:39 - [MESSAGE][INFO] - Finding Test Object 'Object Repository/Olusturma/Genel/Kutular/SiparisBilgileri/SiparisTarihiImage'

2021-11-23 16:56:39 - [MESSAGE][INFO] - Checking object

2021-11-23 16:56:39 - [MESSAGE][INFO] - Checking timeout

2021-11-23 16:56:39 - [MESSAGE][INFO] - Finding web element from Test Object's properties

2021-11-23 16:56:39 - [MESSAGE][INFO] - Checking timeout

2021-11-23 16:56:39 - [MESSAGE][INFO] - Finding web element with id: 'Object Repository/Olusturma/Genel/Kutular/SiparisBilgileri/SiparisTarihiImage' located by 'By.cssSelector: #dateSiparisTarih img' in '10' second(s)

2021-11-23 16:56:39 - [MESSAGE][INFO] - Smart Wait Function is triggered

2021-11-23 16:56:39 - [MESSAGE][INFO] - Found 1 web elements with id: 'Object Repository/Olusturma/Genel/Kutular/SiparisBilgileri/SiparisTarihiImage' located by 'By.cssSelector: #dateSiparisTarih img' in '10' second(s)

2021-11-23 16:56:39 - [MESSAGE][PASSED] - Object 'Object Repository/Olusturma/Genel/Kutular/SiparisBilgileri/SiparisTarihiImage' is clickable

2021-11-23 16:56:39 - [TEST_STEP][PASSED] - click(findTestObject("Object Repository/Olusturma/Genel/Kutular/SiparisBilgileri/SiparisTarihiImage")): Object: 'Object Repository/Olusturma/Genel/Kutular/SiparisBilgileri/SiparisTarihiImage' is clicked on

2021-11-23 16:56:39 - [MESSAGE][INFO] - Finding Test Object 'Object Repository/Olusturma/Genel/Kutular/SiparisBilgileri/SiparisTarihiImage'

2021-11-23 16:56:39 - [MESSAGE][INFO] - Checking object

2021-11-23 16:56:39 - [MESSAGE][INFO] - Finding web element from Test Object's properties

2021-11-23 16:56:39 - [MESSAGE][INFO] - Checking timeout

2021-11-23 16:56:39 - [MESSAGE][INFO] - Finding web element with id: 'Object Repository/Olusturma/Genel/Kutular/SiparisBilgileri/SiparisTarihiImage' located by 'By.cssSelector: #dateSiparisTarih img' in '30' second(s)

2021-11-23 16:56:39 - [MESSAGE][INFO] - Smart Wait Function is triggered

2021-11-23 16:56:40 - [MESSAGE][INFO] - Found 1 web elements with id: 'Object Repository/Olusturma/Genel/Kutular/SiparisBilgileri/SiparisTarihiImage' located by 'By.cssSelector: #dateSiparisTarih img' in '30' second(s)

2021-11-23 16:56:40 - [MESSAGE][INFO] - Clicking on object: 'Object Repository/Olusturma/Genel/Kutular/SiparisBilgileri/SiparisTarihiImage'

2021-11-23 16:56:40 - [MESSAGE][PASSED] - Object: 'Object Repository/Olusturma/Genel/Kutular/SiparisBilgileri/SiparisTarihiImage' is clicked on

2021-11-23 16:56:40 - [TEST_STEP][PASSED] - waitForElementPresent(findTestObject("Object Repository/Olusturma/Genel/Kutular/SiparisBilgileri/SiparisTarihi"), 10): Object 'Object Repository/Olusturma/Genel/Kutular/SiparisBilgileri/SiparisTarihi' is present

2021-11-23 16:56:40 - [MESSAGE][INFO] - Finding Test Object 'Object Repository/Olusturma/Genel/Kutular/SiparisBilgileri/SiparisTarihi'

2021-11-23 16:56:40 - [MESSAGE][INFO] - Checking object

2021-11-23 16:56:40 - [MESSAGE][INFO] - Finding web element from Test Object's properties

2021-11-23 16:56:40 - [MESSAGE][INFO] - Checking timeout

2021-11-23 16:56:40 - [MESSAGE][INFO] - Finding web element with id: 'Object Repository/Olusturma/Genel/Kutular/SiparisBilgileri/SiparisTarihi' located by 'By.xpath: //*[@id = 'dateSiparisTarih_I']' in '10' second(s)

2021-11-23 16:56:40 - [MESSAGE][INFO] - Smart Wait Function is triggered

2021-11-23 16:56:40 - [MESSAGE][INFO] - Found 1 web elements with id: 'Object Repository/Olusturma/Genel/Kutular/SiparisBilgileri/SiparisTarihi' located by 'By.xpath: //*[@id = 'dateSiparisTarih_I']' in '10' second(s)

2021-11-23 16:56:40 - [MESSAGE][PASSED] - Object 'Object Repository/Olusturma/Genel/Kutular/SiparisBilgileri/SiparisTarihi' is present

2021-11-23 16:56:40 - [TEST_STEP][PASSED] - clearText(findTestObject("Object Repository/Olusturma/Genel/Kutular/SiparisBilgileri/SiparisTarihi")): Text of object 'Object Repository/Olusturma/Genel/Kutular/SiparisBilgileri/SiparisTarihi' is cleared

2021-11-23 16:56:40 - [MESSAGE][INFO] - Finding Test Object 'Object Repository/Olusturma/Genel/Kutular/SiparisBilgileri/SiparisTarihi'

2021-11-23 16:56:40 - [MESSAGE][INFO] - Checking object

2021-11-23 16:56:40 - [MESSAGE][INFO] - Finding web element from Test Object's properties

2021-11-23 16:56:40 - [MESSAGE][INFO] - Checking timeout

2021-11-23 16:56:40 - [MESSAGE][INFO] - Finding web element with id: 'Object Repository/Olusturma/Genel/Kutular/SiparisBilgileri/SiparisTarihi' located by 'By.xpath: //*[@id = 'dateSiparisTarih_I']' in '30' second(s)

2021-11-23 16:56:40 - [MESSAGE][INFO] - Smart Wait Function is triggered

2021-11-23 16:56:41 - [MESSAGE][INFO] - Found 1 web elements with id: 'Object Repository/Olusturma/Genel/Kutular/SiparisBilgileri/SiparisTarihi' located by 'By.xpath: //*[@id = 'dateSiparisTarih_I']' in '30' second(s)

2021-11-23 16:56:41 - [MESSAGE][INFO] - Clearing text of object 'Object Repository/Olusturma/Genel/Kutular/SiparisBilgileri/SiparisTarihi'

2021-11-23 16:56:41 - [MESSAGE][PASSED] - Text of object 'Object Repository/Olusturma/Genel/Kutular/SiparisBilgileri/SiparisTarihi' is cleared

2021-11-23 16:56:41 - [TEST_STEP][PASSED] - sendKeys(findTestObject("Object Repository/Olusturma/Genel/Kutular/SiparisBilgileri/SiparisTarihi"), Tarih): Keys '31.04.2020' sent to object: 'Object Repository/Olusturma/Genel/Kutular/SiparisBilgileri/SiparisTarihi'

2021-11-23 16:56:41 - [MESSAGE][INFO] - Finding Test Object 'Object Repository/Olusturma/Genel/Kutular/SiparisBilgileri/SiparisTarihi'

2021-11-23 16:56:41 - [MESSAGE][INFO] - Sending keys '31.04.2020' to object: 'Object Repository/Olusturma/Genel/Kutular/SiparisBilgileri/SiparisTarihi'

2021-11-23 16:56:41 - [MESSAGE][INFO] - Finding web element from Test Object's properties

2021-11-23 16:56:41 - [MESSAGE][INFO] - Checking timeout

2021-11-23 16:56:41 - [MESSAGE][INFO] - Finding web element with id: 'Object Repository/Olusturma/Genel/Kutular/SiparisBilgileri/SiparisTarihi' located by 'By.xpath: //*[@id = 'dateSiparisTarih_I']' in '30' second(s)

2021-11-23 16:56:41 - [MESSAGE][INFO] - Smart Wait Function is triggered

2021-11-23 16:56:41 - [MESSAGE][INFO] - Found 1 web elements with id: 'Object Repository/Olusturma/Genel/Kutular/SiparisBilgileri/SiparisTarihi' located by 'By.xpath: //*[@id = 'dateSiparisTarih_I']' in '30' second(s)

2021-11-23 16:56:41 - [MESSAGE][PASSED] - Keys '31.04.2020' sent to object: 'Object Repository/Olusturma/Genel/Kutular/SiparisBilgileri/SiparisTarihi'

2021-11-23 16:56:41 - [MESSAGE][PASSED] - Call Test Case 'Test Cases/Olusturma/Genel/Kutular/SiparisBilgileriGirilir' successfully

2021-11-23 16:56:41 - [MESSAGE][INFO] - Checking called Test Case

2021-11-23 16:56:41 - [MESSAGE][INFO] - Starting to call Test Case 'Test Cases/Olusturma/Genel/Kutular/IrsaliyeBilgileri'

2021-11-23 16:56:41 - [TEST_CASE][PASSED] - Test Cases/Olusturma/Genel/Kutular/IrsaliyeBilgileri: Test Cases/Olusturma/Genel/Kutular/IrsaliyeBilgileri

2021-11-23 16:56:41 - [TEST_STEP][PASSED] - Method.TextDegerineEsitElementeTikla(findTestObject("Olusturma/Genel/Kutular/KapaliKutular"), "İrsaliye Bilgileri"): Method.TextDegerineEsitElementeTikla is PASSED

2021-11-23 16:56:41 - [MESSAGE][INFO] - Finding Test Object 'Object Repository/Olusturma/Genel/Kutular/KapaliKutular'

2021-11-23 16:56:41 - [MESSAGE][INFO] - Checking timeout

2021-11-23 16:56:41 - [MESSAGE][INFO] - Finding web element with id: 'Object Repository/Olusturma/Genel/Kutular/KapaliKutular' located by 'By.cssSelector: .dxnb-headerCollapsed>span' in '10' second(s)

2021-11-23 16:56:41 - [MESSAGE][INFO] - Smart Wait Function is triggered

2021-11-23 16:56:42 - [MESSAGE][INFO] - Found 8 web elements with id: 'Object Repository/Olusturma/Genel/Kutular/KapaliKutular' located by 'By.cssSelector: .dxnb-headerCollapsed>span' in '10' second(s)

2021-11-23 16:56:42 - [MESSAGE][PASSED] - Method.TextDegerineEsitElementeTikla is PASSED

2021-11-23 16:56:42 - [TEST_STEP][PASSED] - waitForElementClickable(findTestObject("Olusturma/Genel/Kutular/IrsaliyeBilgileri/Ekle"), 10): Object 'Object Repository/Olusturma/Genel/Kutular/IrsaliyeBilgileri/Ekle' is clickable

2021-11-23 16:56:42 - [MESSAGE][INFO] - Finding Test Object 'Object Repository/Olusturma/Genel/Kutular/IrsaliyeBilgileri/Ekle'

2021-11-23 16:56:42 - [MESSAGE][INFO] - Checking object

2021-11-23 16:56:42 - [MESSAGE][INFO] - Checking timeout

2021-11-23 16:56:42 - [MESSAGE][INFO] - Finding web element from Test Object's properties

2021-11-23 16:56:42 - [MESSAGE][INFO] - Checking timeout

2021-11-23 16:56:42 - [MESSAGE][INFO] - Finding web element with id: 'Object Repository/Olusturma/Genel/Kutular/IrsaliyeBilgileri/Ekle' located by 'By.xpath: //*[@id = 'DXEditorgvUserInvoiceBillsNewRowBtn']' in '10' second(s)

2021-11-23 16:56:42 - [MESSAGE][INFO] - Smart Wait Function is triggered

2021-11-23 16:56:42 - [MESSAGE][INFO] - Found 1 web elements with id: 'Object Repository/Olusturma/Genel/Kutular/IrsaliyeBilgileri/Ekle' located by 'By.xpath: //*[@id = 'DXEditorgvUserInvoiceBillsNewRowBtn']' in '10' second(s)

2021-11-23 16:56:42 - [MESSAGE][PASSED] - Object 'Object Repository/Olusturma/Genel/Kutular/IrsaliyeBilgileri/Ekle' is clickable

2021-11-23 16:56:42 - [TEST_STEP][PASSED] - click(findTestObject("Olusturma/Genel/Kutular/IrsaliyeBilgileri/Ekle")): Object: 'Object Repository/Olusturma/Genel/Kutular/IrsaliyeBilgileri/Ekle' is clicked on

2021-11-23 16:56:42 - [MESSAGE][INFO] - Finding Test Object 'Object Repository/Olusturma/Genel/Kutular/IrsaliyeBilgileri/Ekle'

2021-11-23 16:56:42 - [MESSAGE][INFO] - Checking object

2021-11-23 16:56:42 - [MESSAGE][INFO] - Finding web element from Test Object's properties

2021-11-23 16:56:42 - [MESSAGE][INFO] - Checking timeout

2021-11-23 16:56:42 - [MESSAGE][INFO] - Finding web element with id: 'Object Repository/Olusturma/Genel/Kutular/IrsaliyeBilgileri/Ekle' located by 'By.xpath: //*[@id = 'DXEditorgvUserInvoiceBillsNewRowBtn']' in '30' second(s)

2021-11-23 16:56:42 - [MESSAGE][INFO] - Smart Wait Function is triggered

2021-11-23 16:56:43 - [MESSAGE][INFO] - Found 1 web elements with id: 'Object Repository/Olusturma/Genel/Kutular/IrsaliyeBilgileri/Ekle' located by 'By.xpath: //*[@id = 'DXEditorgvUserInvoiceBillsNewRowBtn']' in '30' second(s)

2021-11-23 16:56:43 - [MESSAGE][INFO] - Clicking on object: 'Object Repository/Olusturma/Genel/Kutular/IrsaliyeBilgileri/Ekle'

2021-11-23 16:56:43 - [MESSAGE][PASSED] - Object: 'Object Repository/Olusturma/Genel/Kutular/IrsaliyeBilgileri/Ekle' is clicked on

2021-11-23 16:56:43 - [TEST_STEP][PASSED] - waitForElementPresent(findTestObject("Object Repository/Olusturma/Genel/Kutular/IrsaliyeBilgileri/IrsaliyeNumarasi"), 10): Object 'Object Repository/Olusturma/Genel/Kutular/IrsaliyeBilgileri/IrsaliyeNumarasi' is present

2021-11-23 16:56:43 - [MESSAGE][INFO] - Finding Test Object 'Object Repository/Olusturma/Genel/Kutular/IrsaliyeBilgileri/IrsaliyeNumarasi'

2021-11-23 16:56:43 - [MESSAGE][INFO] - Checking object

2021-11-23 16:56:43 - [MESSAGE][INFO] - Finding web element from Test Object's properties

2021-11-23 16:56:43 - [MESSAGE][INFO] - Checking timeout

2021-11-23 16:56:43 - [MESSAGE][INFO] - Finding web element with id: 'Object Repository/Olusturma/Genel/Kutular/IrsaliyeBilgileri/IrsaliyeNumarasi' located by 'By.xpath: //*[@id = 'gvUserInvoiceBills_DXEditor1_I']' in '10' second(s)

2021-11-23 16:56:43 - [MESSAGE][INFO] - Smart Wait Function is triggered

2021-11-23 16:56:43 - [MESSAGE][INFO] - Smart Wait Function is triggered

2021-11-23 16:56:44 - [MESSAGE][INFO] - Found 1 web elements with id: 'Object Repository/Olusturma/Genel/Kutular/IrsaliyeBilgileri/IrsaliyeNumarasi' located by 'By.xpath: //*[@id = 'gvUserInvoiceBills_DXEditor1_I']' in '10' second(s)

2021-11-23 16:56:44 - [MESSAGE][PASSED] - Object 'Object Repository/Olusturma/Genel/Kutular/IrsaliyeBilgileri/IrsaliyeNumarasi' is present

2021-11-23 16:56:44 - [TEST_STEP][PASSED] - clearText(findTestObject("Object Repository/Olusturma/Genel/Kutular/IrsaliyeBilgileri/IrsaliyeNumarasi")): Text of object 'Object Repository/Olusturma/Genel/Kutular/IrsaliyeBilgileri/IrsaliyeNumarasi' is cleared

2021-11-23 16:56:44 - [MESSAGE][INFO] - Finding Test Object 'Object Repository/Olusturma/Genel/Kutular/IrsaliyeBilgileri/IrsaliyeNumarasi'

2021-11-23 16:56:44 - [MESSAGE][INFO] - Checking object

2021-11-23 16:56:44 - [MESSAGE][INFO] - Finding web element from Test Object's properties

2021-11-23 16:56:44 - [MESSAGE][INFO] - Checking timeout

2021-11-23 16:56:44 - [MESSAGE][INFO] - Finding web element with id: 'Object Repository/Olusturma/Genel/Kutular/IrsaliyeBilgileri/IrsaliyeNumarasi' located by 'By.xpath: //*[@id = 'gvUserInvoiceBills_DXEditor1_I']' in '30' second(s)

2021-11-23 16:56:44 - [MESSAGE][INFO] - Smart Wait Function is triggered

2021-11-23 16:56:44 - [MESSAGE][INFO] - Found 1 web elements with id: 'Object Repository/Olusturma/Genel/Kutular/IrsaliyeBilgileri/IrsaliyeNumarasi' located by 'By.xpath: //*[@id = 'gvUserInvoiceBills_DXEditor1_I']' in '30' second(s)

2021-11-23 16:56:44 - [MESSAGE][INFO] - Clearing text of object 'Object Repository/Olusturma/Genel/Kutular/IrsaliyeBilgileri/IrsaliyeNumarasi'

2021-11-23 16:56:44 - [MESSAGE][PASSED] - Text of object 'Object Repository/Olusturma/Genel/Kutular/IrsaliyeBilgileri/IrsaliyeNumarasi' is cleared

2021-11-23 16:56:44 - [TEST_STEP][PASSED] - sendKeys(findTestObject("Object Repository/Olusturma/Genel/Kutular/IrsaliyeBilgileri/IrsaliyeNumarasi"), Numara): Keys 'AAAAAAAAAA' sent to object: 'Object Repository/Olusturma/Genel/Kutular/IrsaliyeBilgileri/IrsaliyeNumarasi'

2021-11-23 16:56:44 - [MESSAGE][INFO] - Finding Test Object 'Object Repository/Olusturma/Genel/Kutular/IrsaliyeBilgileri/IrsaliyeNumarasi'

2021-11-23 16:56:44 - [MESSAGE][INFO] - Sending keys 'AAAAAAAAAA' to object: 'Object Repository/Olusturma/Genel/Kutular/IrsaliyeBilgileri/IrsaliyeNumarasi'

2021-11-23 16:56:44 - [MESSAGE][INFO] - Finding web element from Test Object's properties

2021-11-23 16:56:44 - [MESSAGE][INFO] - Checking timeout

2021-11-23 16:56:44 - [MESSAGE][INFO] - Finding web element with id: 'Object Repository/Olusturma/Genel/Kutular/IrsaliyeBilgileri/IrsaliyeNumarasi' located by 'By.xpath: //*[@id = 'gvUserInvoiceBills_DXEditor1_I']' in '30' second(s)

2021-11-23 16:56:45 - [MESSAGE][INFO] - Smart Wait Function is triggered

2021-11-23 16:56:45 - [MESSAGE][INFO] - Found 1 web elements with id: 'Object Repository/Olusturma/Genel/Kutular/IrsaliyeBilgileri/IrsaliyeNumarasi' located by 'By.xpath: //*[@id = 'gvUserInvoiceBills_DXEditor1_I']' in '30' second(s)

2021-11-23 16:56:45 - [MESSAGE][PASSED] - Keys 'AAAAAAAAAA' sent to object: 'Object Repository/Olusturma/Genel/Kutular/IrsaliyeBilgileri/IrsaliyeNumarasi'

2021-11-23 16:56:45 - [TEST_STEP][PASSED] - waitForElementClickable(findTestObject("Object Repository/Olusturma/Genel/Kutular/IrsaliyeBilgileri/IrsaliyeTarihi"), 10): Object 'Object Repository/Olusturma/Genel/Kutular/IrsaliyeBilgileri/IrsaliyeTarihi' is clickable

2021-11-23 16:56:45 - [MESSAGE][INFO] - Finding Test Object 'Object Repository/Olusturma/Genel/Kutular/IrsaliyeBilgileri/IrsaliyeTarihi'

2021-11-23 16:56:45 - [MESSAGE][INFO] - Checking object

2021-11-23 16:56:45 - [MESSAGE][INFO] - Checking timeout

2021-11-23 16:56:45 - [MESSAGE][INFO] - Finding web element from Test Object's properties

2021-11-23 16:56:45 - [MESSAGE][INFO] - Checking timeout

2021-11-23 16:56:45 - [MESSAGE][INFO] - Finding web element with id: 'Object Repository/Olusturma/Genel/Kutular/IrsaliyeBilgileri/IrsaliyeTarihi' located by 'By.xpath: //*[@id = 'gvUserInvoiceBills_DXEditor2_I']' in '10' second(s)

2021-11-23 16:56:45 - [MESSAGE][INFO] - Smart Wait Function is triggered

2021-11-23 16:56:45 - [MESSAGE][INFO] - Found 1 web elements with id: 'Object Repository/Olusturma/Genel/Kutular/IrsaliyeBilgileri/IrsaliyeTarihi' located by 'By.xpath: //*[@id = 'gvUserInvoiceBills_DXEditor2_I']' in '10' second(s)

2021-11-23 16:56:45 - [MESSAGE][PASSED] - Object 'Object Repository/Olusturma/Genel/Kutular/IrsaliyeBilgileri/IrsaliyeTarihi' is clickable

2021-11-23 16:56:45 - [TEST_STEP][PASSED] - click(findTestObject("Object Repository/Olusturma/Genel/Kutular/IrsaliyeBilgileri/IrsaliyeTarihi")): Object: 'Object Repository/Olusturma/Genel/Kutular/IrsaliyeBilgileri/IrsaliyeTarihi' is clicked on

2021-11-23 16:56:45 - [MESSAGE][INFO] - Finding Test Object 'Object Repository/Olusturma/Genel/Kutular/IrsaliyeBilgileri/IrsaliyeTarihi'

2021-11-23 16:56:45 - [MESSAGE][INFO] - Checking object

2021-11-23 16:56:45 - [MESSAGE][INFO] - Finding web element from Test Object's properties

2021-11-23 16:56:45 - [MESSAGE][INFO] - Checking timeout

2021-11-23 16:56:45 - [MESSAGE][INFO] - Finding web element with id: 'Object Repository/Olusturma/Genel/Kutular/IrsaliyeBilgileri/IrsaliyeTarihi' located by 'By.xpath: //*[@id = 'gvUserInvoiceBills_DXEditor2_I']' in '30' second(s)

2021-11-23 16:56:45 - [MESSAGE][INFO] - Smart Wait Function is triggered

2021-11-23 16:56:46 - [MESSAGE][INFO] - Found 1 web elements with id: 'Object Repository/Olusturma/Genel/Kutular/IrsaliyeBilgileri/IrsaliyeTarihi' located by 'By.xpath: //*[@id = 'gvUserInvoiceBills_DXEditor2_I']' in '30' second(s)

2021-11-23 16:56:46 - [MESSAGE][INFO] - Clicking on object: 'Object Repository/Olusturma/Genel/Kutular/IrsaliyeBilgileri/IrsaliyeTarihi'

2021-11-23 16:56:46 - [MESSAGE][PASSED] - Object: 'Object Repository/Olusturma/Genel/Kutular/IrsaliyeBilgileri/IrsaliyeTarihi' is clicked on

2021-11-23 16:56:46 - [TEST_STEP][PASSED] - sendKeys(findTestObject("Object Repository/Olusturma/Genel/Kutular/IrsaliyeBilgileri/IrsaliyeTarihi"), Tarih): Keys '31.04.2020' sent to object: 'Object Repository/Olusturma/Genel/Kutular/IrsaliyeBilgileri/IrsaliyeTarihi'

2021-11-23 16:56:46 - [MESSAGE][INFO] - Finding Test Object 'Object Repository/Olusturma/Genel/Kutular/IrsaliyeBilgileri/IrsaliyeTarihi'

2021-11-23 16:56:46 - [MESSAGE][INFO] - Sending keys '31.04.2020' to object: 'Object Repository/Olusturma/Genel/Kutular/IrsaliyeBilgileri/IrsaliyeTarihi'

2021-11-23 16:56:46 - [MESSAGE][INFO] - Finding web element from Test Object's properties

2021-11-23 16:56:46 - [MESSAGE][INFO] - Checking timeout

2021-11-23 16:56:46 - [MESSAGE][INFO] - Finding web element with id: 'Object Repository/Olusturma/Genel/Kutular/IrsaliyeBilgileri/IrsaliyeTarihi' located by 'By.xpath: //*[@id = 'gvUserInvoiceBills_DXEditor2_I']' in '30' second(s)

2021-11-23 16:56:46 - [MESSAGE][INFO] - Smart Wait Function is triggered

2021-11-23 16:56:46 - [MESSAGE][INFO] - Found 1 web elements with id: 'Object Repository/Olusturma/Genel/Kutular/IrsaliyeBilgileri/IrsaliyeTarihi' located by 'By.xpath: //*[@id = 'gvUserInvoiceBills_DXEditor2_I']' in '30' second(s)

2021-11-23 16:56:46 - [MESSAGE][PASSED] - Keys '31.04.2020' sent to object: 'Object Repository/Olusturma/Genel/Kutular/IrsaliyeBilgileri/IrsaliyeTarihi'

2021-11-23 16:56:46 - [MESSAGE][PASSED] - Call Test Case 'Test Cases/Olusturma/Genel/Kutular/IrsaliyeBilgileri' successfully

2021-11-23 16:56:46 - [MESSAGE][INFO] - Checking called Test Case

2021-11-23 16:56:46 - [MESSAGE][INFO] - Starting to call Test Case 'Test Cases/Olusturma/Genel/EkleButonunaBasilir'

2021-11-23 16:56:46 - [TEST_CASE][PASSED] - Test Cases/Olusturma/Genel/EkleButonunaBasilir: Test Cases/Olusturma/Genel/EkleButonunaBasilir

2021-11-23 16:56:46 - [TEST_STEP][PASSED] - waitForElementClickable(findTestObject("Object Repository/Olusturma/Genel/Olusturma/Ekle"), 10): Object 'Object Repository/Olusturma/Genel/Olusturma/Ekle' is clickable

2021-11-23 16:56:46 - [MESSAGE][INFO] - Finding Test Object 'Object Repository/Olusturma/Genel/Olusturma/Ekle'

2021-11-23 16:56:46 - [MESSAGE][INFO] - Checking object

2021-11-23 16:56:46 - [MESSAGE][INFO] - Checking timeout

2021-11-23 16:56:46 - [MESSAGE][INFO] - Finding web element from Test Object's properties

2021-11-23 16:56:46 - [MESSAGE][INFO] - Checking timeout

2021-11-23 16:56:46 - [MESSAGE][INFO] - Finding web element with id: 'Object Repository/Olusturma/Genel/Olusturma/Ekle' located by 'By.cssSelector: #divmalhizmet i.fa.fa-plus.fa-lg.text-muted' in '10' second(s)

2021-11-23 16:56:46 - [MESSAGE][INFO] - Smart Wait Function is triggered

2021-11-23 16:56:47 - [MESSAGE][INFO] - Found 1 web elements with id: 'Object Repository/Olusturma/Genel/Olusturma/Ekle' located by 'By.cssSelector: #divmalhizmet i.fa.fa-plus.fa-lg.text-muted' in '10' second(s)

2021-11-23 16:56:47 - [MESSAGE][PASSED] - Object 'Object Repository/Olusturma/Genel/Olusturma/Ekle' is clickable

2021-11-23 16:56:47 - [TEST_STEP][PASSED] - click(findTestObject("Object Repository/Olusturma/Genel/Olusturma/Ekle")): Object: 'Object Repository/Olusturma/Genel/Olusturma/Ekle' is clicked on

2021-11-23 16:56:47 - [MESSAGE][INFO] - Finding Test Object 'Object Repository/Olusturma/Genel/Olusturma/Ekle'

2021-11-23 16:56:47 - [MESSAGE][INFO] - Checking object

2021-11-23 16:56:47 - [MESSAGE][INFO] - Finding web element from Test Object's properties

2021-11-23 16:56:47 - [MESSAGE][INFO] - Checking timeout

2021-11-23 16:56:47 - [MESSAGE][INFO] - Finding web element with id: 'Object Repository/Olusturma/Genel/Olusturma/Ekle' located by 'By.cssSelector: #divmalhizmet i.fa.fa-plus.fa-lg.text-muted' in '30' second(s)

2021-11-23 16:56:47 - [MESSAGE][INFO] - Smart Wait Function is triggered

2021-11-23 16:56:47 - [MESSAGE][INFO] - Found 1 web elements with id: 'Object Repository/Olusturma/Genel/Olusturma/Ekle' located by 'By.cssSelector: #divmalhizmet i.fa.fa-plus.fa-lg.text-muted' in '30' second(s)

2021-11-23 16:56:47 - [MESSAGE][INFO] - Clicking on object: 'Object Repository/Olusturma/Genel/Olusturma/Ekle'

2021-11-23 16:56:47 - [MESSAGE][PASSED] - Object: 'Object Repository/Olusturma/Genel/Olusturma/Ekle' is clicked on

2021-11-23 16:56:47 - [TEST_STEP][PASSED] - waitForElementClickable(findTestObject("Olusturma/Genel/Olusturma/EklenenSatirCarpiImage"), 10): Object 'Object Repository/Olusturma/Genel/Olusturma/EklenenSatirCarpiImage' is clickable

2021-11-23 16:56:47 - [MESSAGE][INFO] - Finding Test Object 'Object Repository/Olusturma/Genel/Olusturma/EklenenSatirCarpiImage'

2021-11-23 16:56:47 - [MESSAGE][INFO] - Checking object

2021-11-23 16:56:47 - [MESSAGE][INFO] - Checking timeout

2021-11-23 16:56:47 - [MESSAGE][INFO] - Finding web element from Test Object's properties

2021-11-23 16:56:47 - [MESSAGE][INFO] - Checking timeout

2021-11-23 16:56:47 - [MESSAGE][INFO] - Finding web element with id: 'Object Repository/Olusturma/Genel/Olusturma/EklenenSatirCarpiImage' located by 'By.cssSelector: .fa.fa-times.fa-lg.text-primary' in '10' second(s)

2021-11-23 16:56:47 - [MESSAGE][INFO] - Smart Wait Function is triggered

2021-11-23 16:56:47 - [MESSAGE][INFO] - Found 1 web elements with id: 'Object Repository/Olusturma/Genel/Olusturma/EklenenSatirCarpiImage' located by 'By.cssSelector: .fa.fa-times.fa-lg.text-primary' in '10' second(s)

2021-11-23 16:56:47 - [MESSAGE][PASSED] - Object 'Object Repository/Olusturma/Genel/Olusturma/EklenenSatirCarpiImage' is clickable

2021-11-23 16:56:47 - [MESSAGE][PASSED] - Call Test Case 'Test Cases/Olusturma/Genel/EkleButonunaBasilir' successfully

2021-11-23 16:56:47 - [MESSAGE][INFO] - Checking called Test Case

2021-11-23 16:56:47 - [MESSAGE][INFO] - Starting to call Test Case 'Test Cases/Olusturma/Genel/Olusturma'

2021-11-23 16:56:47 - [TEST_CASE][PASSED] - Test Cases/Olusturma/Genel/Olusturma: Test Cases/Olusturma/Genel/Olusturma

2021-11-23 16:56:47 - [TEST_STEP][PASSED] - driver = getWebDriver(): null

2021-11-23 16:56:47 - [TEST_STEP][PASSED] - action = new org.openqa.selenium.interactions.Actions(driver): null

2021-11-23 16:56:47 - [TEST_STEP][PASSED] - baslikElement = <not implemented yet for class: org.codehaus.groovy.ast.expr.EmptyExpression>: null

2021-11-23 16:56:47 - [TEST_STEP][PASSED] - sonElement = <not implemented yet for class: org.codehaus.groovy.ast.expr.EmptyExpression>: null

2021-11-23 16:56:47 - [TEST_STEP][PASSED] - attr = <not implemented yet for class: org.codehaus.groovy.ast.expr.EmptyExpression>: null

2021-11-23 16:56:47 - [TEST_STEP][PASSED] - a = 0: null

2021-11-23 16:56:47 - [TEST_STEP][PASSED] - elements = findWebElements(findTestObject("Object Repository/Olusturma/Genel/Olusturma/TabloBasliklari"), 10): Found 16 web elements with id: 'Object Repository/Olusturma/Genel/Olusturma/TabloBasliklari' located by 'By.cssSelector: div#divmalhizmet .dxgvTable_LECustomTheme td.dxgvHeader_LECustomTheme tr>td:nth-child(1)' in '10' second(s)

2021-11-23 16:56:47 - [MESSAGE][INFO] - Finding Test Object 'Object Repository/Olusturma/Genel/Olusturma/TabloBasliklari'

2021-11-23 16:56:48 - [MESSAGE][INFO] - Checking timeout

2021-11-23 16:56:48 - [MESSAGE][INFO] - Finding web element with id: 'Object Repository/Olusturma/Genel/Olusturma/TabloBasliklari' located by 'By.cssSelector: div#divmalhizmet .dxgvTable_LECustomTheme td.dxgvHeader_LECustomTheme tr>td:nth-child(1)' in '10' second(s)

2021-11-23 16:56:48 - [MESSAGE][INFO] - Smart Wait Function is triggered

2021-11-23 16:56:49 - [MESSAGE][INFO] - Found 16 web elements with id: 'Object Repository/Olusturma/Genel/Olusturma/TabloBasliklari' located by 'By.cssSelector: div#divmalhizmet .dxgvTable_LECustomTheme td.dxgvHeader_LECustomTheme tr>td:nth-child(1)' in '10' second(s)

2021-11-23 16:56:49 - [TEST_STEP][PASSED] - for (def element : elements): null

2021-11-23 16:56:49 - [TEST_STEP][PASSED] - build().perform(): null

2021-11-23 16:56:49 - [TEST_STEP][PASSED] - if (getText().equals(Baslik)): null

2021-11-23 16:56:49 - [TEST_STEP][PASSED] - baslikElement = element.findElement(By.xpath("../../../..")): Smart Wait Function is triggered

2021-11-23 16:56:49 - [MESSAGE][INFO] - Smart Wait Function is triggered

2021-11-23 16:56:49 - [TEST_STEP][PASSED] - attr = baslikElement.getAttribute("id"): null

2021-11-23 16:56:49 - [TEST_STEP][PASSED] - println("girdi ve idsini aldı = " + attr): null

2021-11-23 16:56:49 - [TEST_STEP][PASSED] - break: null

2021-11-23 16:56:49 - [TEST_STEP][PASSED] - countElement = baslikElement.findElements(By.xpath("../td")): Smart Wait Function is triggered

2021-11-23 16:56:49 - [MESSAGE][INFO] - Smart Wait Function is triggered

2021-11-23 16:56:49 - [TEST_STEP][PASSED] - for (def element : countElement): null

2021-11-23 16:56:49 - [TEST_STEP][PASSED] - if (toString().equals(attr.toString())): null

2021-11-23 16:56:49 - [TEST_STEP][PASSED] - (a++): null

2021-11-23 16:56:49 - [TEST_STEP][PASSED] - if (toString().equals(attr.toString())): null

2021-11-23 16:56:49 - [TEST_STEP][PASSED] - break: null

2021-11-23 16:56:49 - [TEST_STEP][PASSED] - son = findWebElement(findTestObject("Object Repository/Olusturma/Genel/Olusturma/EklenenSatir")).findElement(By.xpath("td[@class='dxgvInlineEditCell_LECustomTheme dxgv'][" + a + "]//td[@class='dxic']/input")): Smart Wait Function is triggered

2021-11-23 16:56:49 - [MESSAGE][INFO] - Finding Test Object 'Object Repository/Olusturma/Genel/Olusturma/EklenenSatir'

2021-11-23 16:56:49 - [MESSAGE][INFO] - Finding web element from Test Object's properties

2021-11-23 16:56:49 - [MESSAGE][INFO] - Checking timeout

2021-11-23 16:56:49 - [MESSAGE][INFO] - Finding web element with id: 'Object Repository/Olusturma/Genel/Olusturma/EklenenSatir' located by 'By.cssSelector: #divmalhizmet .dxgvInlineEditRow_LECustomTheme' in '30' second(s)

2021-11-23 16:56:49 - [MESSAGE][INFO] - Smart Wait Function is triggered

2021-11-23 16:56:50 - [MESSAGE][INFO] - Found 1 web elements with id: 'Object Repository/Olusturma/Genel/Olusturma/EklenenSatir' located by 'By.cssSelector: #divmalhizmet .dxgvInlineEditRow_LECustomTheme' in '30' second(s)

2021-11-23 16:56:50 - [MESSAGE][INFO] - Smart Wait Function is triggered

2021-11-23 16:56:50 - [TEST_STEP][PASSED] - if (!(getAttribute("value").contains("Vkn"))): null

2021-11-23 16:56:50 - [TEST_STEP][PASSED] - son.clear(): null

2021-11-23 16:56:50 - [TEST_STEP][PASSED] - son.sendKeys(Deger): null

2021-11-23 16:56:50 - [MESSAGE][PASSED] - Call Test Case 'Test Cases/Olusturma/Genel/Olusturma' successfully

2021-11-23 16:56:50 - [MESSAGE][INFO] - Checking called Test Case

2021-11-23 16:56:50 - [MESSAGE][INFO] - Starting to call Test Case 'Test Cases/Olusturma/Genel/Olusturma'

2021-11-23 16:56:50 - [TEST_CASE][PASSED] - Test Cases/Olusturma/Genel/Olusturma: Test Cases/Olusturma/Genel/Olusturma

2021-11-23 16:56:50 - [TEST_STEP][PASSED] - driver = getWebDriver(): null

2021-11-23 16:56:50 - [TEST_STEP][PASSED] - action = new org.openqa.selenium.interactions.Actions(driver): null

2021-11-23 16:56:50 - [TEST_STEP][PASSED] - baslikElement = <not implemented yet for class: org.codehaus.groovy.ast.expr.EmptyExpression>: null

2021-11-23 16:56:50 - [TEST_STEP][PASSED] - sonElement = <not implemented yet for class: org.codehaus.groovy.ast.expr.EmptyExpression>: null

2021-11-23 16:56:50 - [TEST_STEP][PASSED] - attr = <not implemented yet for class: org.codehaus.groovy.ast.expr.EmptyExpression>: null

2021-11-23 16:56:50 - [TEST_STEP][PASSED] - a = 0: null

2021-11-23 16:56:50 - [TEST_STEP][PASSED] - elements = findWebElements(findTestObject("Object Repository/Olusturma/Genel/Olusturma/TabloBasliklari"), 10): Found 16 web elements with id: 'Object Repository/Olusturma/Genel/Olusturma/TabloBasliklari' located by 'By.cssSelector: div#divmalhizmet .dxgvTable_LECustomTheme td.dxgvHeader_LECustomTheme tr>td:nth-child(1)' in '10' second(s)

2021-11-23 16:56:50 - [MESSAGE][INFO] - Finding Test Object 'Object Repository/Olusturma/Genel/Olusturma/TabloBasliklari'

2021-11-23 16:56:51 - [MESSAGE][INFO] - Checking timeout

2021-11-23 16:56:51 - [MESSAGE][INFO] - Finding web element with id: 'Object Repository/Olusturma/Genel/Olusturma/TabloBasliklari' located by 'By.cssSelector: div#divmalhizmet .dxgvTable_LECustomTheme td.dxgvHeader_LECustomTheme tr>td:nth-child(1)' in '10' second(s)

2021-11-23 16:56:51 - [MESSAGE][INFO] - Smart Wait Function is triggered

2021-11-23 16:56:51 - [MESSAGE][INFO] - Found 16 web elements with id: 'Object Repository/Olusturma/Genel/Olusturma/TabloBasliklari' located by 'By.cssSelector: div#divmalhizmet .dxgvTable_LECustomTheme td.dxgvHeader_LECustomTheme tr>td:nth-child(1)' in '10' second(s)

2021-11-23 16:56:51 - [TEST_STEP][PASSED] - for (def element : elements): null

2021-11-23 16:56:51 - [TEST_STEP][PASSED] - build().perform(): null

2021-11-23 16:56:51 - [TEST_STEP][PASSED] - if (getText().equals(Baslik)): null

2021-11-23 16:56:51 - [TEST_STEP][PASSED] - build().perform(): null

2021-11-23 16:56:51 - [TEST_STEP][PASSED] - if (getText().equals(Baslik)): null

2021-11-23 16:56:51 - [TEST_STEP][PASSED] - baslikElement = element.findElement(By.xpath("../../../..")): Smart Wait Function is triggered

2021-11-23 16:56:51 - [MESSAGE][INFO] - Smart Wait Function is triggered

2021-11-23 16:56:51 - [TEST_STEP][PASSED] - attr = baslikElement.getAttribute("id"): null

2021-11-23 16:56:51 - [TEST_STEP][PASSED] - println("girdi ve idsini aldı = " + attr): null

2021-11-23 16:56:51 - [TEST_STEP][PASSED] - break: null

2021-11-23 16:56:51 - [TEST_STEP][PASSED] - countElement = baslikElement.findElements(By.xpath("../td")): Smart Wait Function is triggered

2021-11-23 16:56:51 - [MESSAGE][INFO] - Smart Wait Function is triggered

2021-11-23 16:56:52 - [TEST_STEP][PASSED] - for (def element : countElement): null

2021-11-23 16:56:52 - [TEST_STEP][PASSED] - if (toString().equals(attr.toString())): null

2021-11-23 16:56:52 - [TEST_STEP][PASSED] - (a++): null

2021-11-23 16:56:52 - [TEST_STEP][PASSED] - if (toString().equals(attr.toString())): null

2021-11-23 16:56:52 - [TEST_STEP][PASSED] - (a++): null

2021-11-23 16:56:52 - [TEST_STEP][PASSED] - if (toString().equals(attr.toString())): null

2021-11-23 16:56:52 - [TEST_STEP][PASSED] - break: null

2021-11-23 16:56:52 - [TEST_STEP][PASSED] - son = findWebElement(findTestObject("Object Repository/Olusturma/Genel/Olusturma/EklenenSatir")).findElement(By.xpath("td[@class='dxgvInlineEditCell_LECustomTheme dxgv'][" + a + "]//td[@class='dxic']/input")): Smart Wait Function is triggered

2021-11-23 16:56:52 - [MESSAGE][INFO] - Finding Test Object 'Object Repository/Olusturma/Genel/Olusturma/EklenenSatir'

2021-11-23 16:56:52 - [MESSAGE][INFO] - Finding web element from Test Object's properties

2021-11-23 16:56:52 - [MESSAGE][INFO] - Checking timeout

2021-11-23 16:56:52 - [MESSAGE][INFO] - Finding web element with id: 'Object Repository/Olusturma/Genel/Olusturma/EklenenSatir' located by 'By.cssSelector: #divmalhizmet .dxgvInlineEditRow_LECustomTheme' in '30' second(s)

2021-11-23 16:56:52 - [MESSAGE][INFO] - Smart Wait Function is triggered

2021-11-23 16:56:52 - [MESSAGE][INFO] - Found 1 web elements with id: 'Object Repository/Olusturma/Genel/Olusturma/EklenenSatir' located by 'By.cssSelector: #divmalhizmet .dxgvInlineEditRow_LECustomTheme' in '30' second(s)

2021-11-23 16:56:52 - [MESSAGE][INFO] - Smart Wait Function is triggered

2021-11-23 16:56:52 - [TEST_STEP][PASSED] - if (!(getAttribute("value").contains("Vkn"))): null

2021-11-23 16:56:52 - [TEST_STEP][PASSED] - son.clear(): null

2021-11-23 16:56:52 - [TEST_STEP][PASSED] - son.sendKeys(Deger): null

2021-11-23 16:56:53 - [MESSAGE][PASSED] - Call Test Case 'Test Cases/Olusturma/Genel/Olusturma' successfully

2021-11-23 16:56:53 - [MESSAGE][INFO] - Checking called Test Case

2021-11-23 16:56:53 - [MESSAGE][INFO] - Starting to call Test Case 'Test Cases/Olusturma/Genel/Olusturma'

2021-11-23 16:56:53 - [TEST_CASE][PASSED] - Test Cases/Olusturma/Genel/Olusturma: Test Cases/Olusturma/Genel/Olusturma

2021-11-23 16:56:53 - [TEST_STEP][PASSED] - driver = getWebDriver(): null

2021-11-23 16:56:53 - [TEST_STEP][PASSED] - action = new org.openqa.selenium.interactions.Actions(driver): null

2021-11-23 16:56:53 - [TEST_STEP][PASSED] - baslikElement = <not implemented yet for class: org.codehaus.groovy.ast.expr.EmptyExpression>: null

2021-11-23 16:56:53 - [TEST_STEP][PASSED] - sonElement = <not implemented yet for class: org.codehaus.groovy.ast.expr.EmptyExpression>: null

2021-11-23 16:56:53 - [TEST_STEP][PASSED] - attr = <not implemented yet for class: org.codehaus.groovy.ast.expr.EmptyExpression>: null

2021-11-23 16:56:53 - [TEST_STEP][PASSED] - a = 0: null

2021-11-23 16:56:53 - [TEST_STEP][PASSED] - elements = findWebElements(findTestObject("Object Repository/Olusturma/Genel/Olusturma/TabloBasliklari"), 10): Found 16 web elements with id: 'Object Repository/Olusturma/Genel/Olusturma/TabloBasliklari' located by 'By.cssSelector: div#divmalhizmet .dxgvTable_LECustomTheme td.dxgvHeader_LECustomTheme tr>td:nth-child(1)' in '10' second(s)

2021-11-23 16:56:53 - [MESSAGE][INFO] - Finding Test Object 'Object Repository/Olusturma/Genel/Olusturma/TabloBasliklari'

2021-11-23 16:56:53 - [MESSAGE][INFO] - Checking timeout

2021-11-23 16:56:53 - [MESSAGE][INFO] - Finding web element with id: 'Object Repository/Olusturma/Genel/Olusturma/TabloBasliklari' located by 'By.cssSelector: div#divmalhizmet .dxgvTable_LECustomTheme td.dxgvHeader_LECustomTheme tr>td:nth-child(1)' in '10' second(s)

2021-11-23 16:56:53 - [MESSAGE][INFO] - Smart Wait Function is triggered

2021-11-23 16:56:53 - [MESSAGE][INFO] - Found 16 web elements with id: 'Object Repository/Olusturma/Genel/Olusturma/TabloBasliklari' located by 'By.cssSelector: div#divmalhizmet .dxgvTable_LECustomTheme td.dxgvHeader_LECustomTheme tr>td:nth-child(1)' in '10' second(s)

2021-11-23 16:56:53 - [TEST_STEP][PASSED] - for (def element : elements): null

2021-11-23 16:56:53 - [TEST_STEP][PASSED] - build().perform(): null

2021-11-23 16:56:53 - [TEST_STEP][PASSED] - if (getText().equals(Baslik)): null

2021-11-23 16:56:53 - [TEST_STEP][PASSED] - build().perform(): null

2021-11-23 16:56:53 - [TEST_STEP][PASSED] - if (getText().equals(Baslik)): null

2021-11-23 16:56:53 - [TEST_STEP][PASSED] - build().perform(): null

2021-11-23 16:56:53 - [TEST_STEP][PASSED] - if (getText().equals(Baslik)): null

2021-11-23 16:56:53 - [TEST_STEP][PASSED] - build().perform(): null

2021-11-23 16:56:54 - [TEST_STEP][PASSED] - if (getText().equals(Baslik)): null

2021-11-23 16:56:54 - [TEST_STEP][PASSED] - baslikElement = element.findElement(By.xpath("../../../..")): Smart Wait Function is triggered

2021-11-23 16:56:54 - [MESSAGE][INFO] - Smart Wait Function is triggered

2021-11-23 16:56:54 - [TEST_STEP][PASSED] - attr = baslikElement.getAttribute("id"): null

2021-11-23 16:56:54 - [TEST_STEP][PASSED] - println("girdi ve idsini aldı = " + attr): null

2021-11-23 16:56:54 - [TEST_STEP][PASSED] - break: null

2021-11-23 16:56:54 - [TEST_STEP][PASSED] - countElement = baslikElement.findElements(By.xpath("../td")): Smart Wait Function is triggered

2021-11-23 16:56:54 - [MESSAGE][INFO] - Smart Wait Function is triggered

2021-11-23 16:56:54 - [TEST_STEP][PASSED] - for (def element : countElement): null

2021-11-23 16:56:54 - [TEST_STEP][PASSED] - if (toString().equals(attr.toString())): null

2021-11-23 16:56:54 - [TEST_STEP][PASSED] - (a++): null

2021-11-23 16:56:54 - [TEST_STEP][PASSED] - if (toString().equals(attr.toString())): null

2021-11-23 16:56:54 - [TEST_STEP][PASSED] - (a++): null

2021-11-23 16:56:54 - [TEST_STEP][PASSED] - if (toString().equals(attr.toString())): null

2021-11-23 16:56:54 - [TEST_STEP][PASSED] - (a++): null

2021-11-23 16:56:54 - [TEST_STEP][PASSED] - if (toString().equals(attr.toString())): null

2021-11-23 16:56:54 - [TEST_STEP][PASSED] - (a++): null

2021-11-23 16:56:54 - [TEST_STEP][PASSED] - if (toString().equals(attr.toString())): null

2021-11-23 16:56:54 - [TEST_STEP][PASSED] - break: null

2021-11-23 16:56:54 - [TEST_STEP][PASSED] - son = findWebElement(findTestObject("Object Repository/Olusturma/Genel/Olusturma/EklenenSatir")).findElement(By.xpath("td[@class='dxgvInlineEditCell_LECustomTheme dxgv'][" + a + "]//td[@class='dxic']/input")): Smart Wait Function is triggered

2021-11-23 16:56:54 - [MESSAGE][INFO] - Finding Test Object 'Object Repository/Olusturma/Genel/Olusturma/EklenenSatir'

2021-11-23 16:56:54 - [MESSAGE][INFO] - Finding web element from Test Object's properties

2021-11-23 16:56:54 - [MESSAGE][INFO] - Checking timeout

2021-11-23 16:56:54 - [MESSAGE][INFO] - Finding web element with id: 'Object Repository/Olusturma/Genel/Olusturma/EklenenSatir' located by 'By.cssSelector: #divmalhizmet .dxgvInlineEditRow_LECustomTheme' in '30' second(s)

2021-11-23 16:56:54 - [MESSAGE][INFO] - Smart Wait Function is triggered

2021-11-23 16:56:54 - [MESSAGE][INFO] - Found 1 web elements with id: 'Object Repository/Olusturma/Genel/Olusturma/EklenenSatir' located by 'By.cssSelector: #divmalhizmet .dxgvInlineEditRow_LECustomTheme' in '30' second(s)

2021-11-23 16:56:54 - [MESSAGE][INFO] - Smart Wait Function is triggered

2021-11-23 16:56:55 - [TEST_STEP][PASSED] - if (!(getAttribute("value").contains("Vkn"))): null

2021-11-23 16:56:55 - [TEST_STEP][PASSED] - son.clear(): null

2021-11-23 16:56:55 - [TEST_STEP][PASSED] - son.sendKeys(Deger): null

2021-11-23 16:56:55 - [MESSAGE][PASSED] - Call Test Case 'Test Cases/Olusturma/Genel/Olusturma' successfully

2021-11-23 16:56:55 - [MESSAGE][INFO] - Checking called Test Case

2021-11-23 16:56:55 - [MESSAGE][INFO] - Starting to call Test Case 'Test Cases/Olusturma/Genel/Olusturma'

2021-11-23 16:56:55 - [TEST_CASE][PASSED] - Test Cases/Olusturma/Genel/Olusturma: Test Cases/Olusturma/Genel/Olusturma

2021-11-23 16:56:55 - [TEST_STEP][PASSED] - driver = getWebDriver(): null

2021-11-23 16:56:55 - [TEST_STEP][PASSED] - action = new org.openqa.selenium.interactions.Actions(driver): null

2021-11-23 16:56:55 - [TEST_STEP][PASSED] - baslikElement = <not implemented yet for class: org.codehaus.groovy.ast.expr.EmptyExpression>: null

2021-11-23 16:56:55 - [TEST_STEP][PASSED] - sonElement = <not implemented yet for class: org.codehaus.groovy.ast.expr.EmptyExpression>: null

2021-11-23 16:56:55 - [TEST_STEP][PASSED] - attr = <not implemented yet for class: org.codehaus.groovy.ast.expr.EmptyExpression>: null

2021-11-23 16:56:55 - [TEST_STEP][PASSED] - a = 0: null

2021-11-23 16:56:55 - [TEST_STEP][PASSED] - elements = findWebElements(findTestObject("Object Repository/Olusturma/Genel/Olusturma/TabloBasliklari"), 10): Found 16 web elements with id: 'Object Repository/Olusturma/Genel/Olusturma/TabloBasliklari' located by 'By.cssSelector: div#divmalhizmet .dxgvTable_LECustomTheme td.dxgvHeader_LECustomTheme tr>td:nth-child(1)' in '10' second(s)

2021-11-23 16:56:55 - [MESSAGE][INFO] - Finding Test Object 'Object Repository/Olusturma/Genel/Olusturma/TabloBasliklari'

2021-11-23 16:56:55 - [MESSAGE][INFO] - Checking timeout

2021-11-23 16:56:55 - [MESSAGE][INFO] - Finding web element with id: 'Object Repository/Olusturma/Genel/Olusturma/TabloBasliklari' located by 'By.cssSelector: div#divmalhizmet .dxgvTable_LECustomTheme td.dxgvHeader_LECustomTheme tr>td:nth-child(1)' in '10' second(s)

2021-11-23 16:56:55 - [MESSAGE][INFO] - Smart Wait Function is triggered

2021-11-23 16:56:55 - [MESSAGE][INFO] - Found 16 web elements with id: 'Object Repository/Olusturma/Genel/Olusturma/TabloBasliklari' located by 'By.cssSelector: div#divmalhizmet .dxgvTable_LECustomTheme td.dxgvHeader_LECustomTheme tr>td:nth-child(1)' in '10' second(s)

2021-11-23 16:56:55 - [TEST_STEP][PASSED] - for (def element : elements): null

2021-11-23 16:56:55 - [TEST_STEP][PASSED] - build().perform(): null

2021-11-23 16:56:55 - [TEST_STEP][PASSED] - if (getText().equals(Baslik)): null

2021-11-23 16:56:55 - [TEST_STEP][PASSED] - build().perform(): null

2021-11-23 16:56:56 - [TEST_STEP][PASSED] - if (getText().equals(Baslik)): null

2021-11-23 16:56:56 - [TEST_STEP][PASSED] - build().perform(): null

2021-11-23 16:56:56 - [TEST_STEP][PASSED] - if (getText().equals(Baslik)): null

2021-11-23 16:56:56 - [TEST_STEP][PASSED] - build().perform(): null

2021-11-23 16:56:56 - [TEST_STEP][PASSED] - if (getText().equals(Baslik)): null

2021-11-23 16:56:56 - [TEST_STEP][PASSED] - build().perform(): null

2021-11-23 16:56:56 - [TEST_STEP][PASSED] - if (getText().equals(Baslik)): null

2021-11-23 16:56:56 - [TEST_STEP][PASSED] - baslikElement = element.findElement(By.xpath("../../../..")): Smart Wait Function is triggered

2021-11-23 16:56:56 - [MESSAGE][INFO] - Smart Wait Function is triggered

2021-11-23 16:56:56 - [TEST_STEP][PASSED] - attr = baslikElement.getAttribute("id"): null

2021-11-23 16:56:56 - [TEST_STEP][PASSED] - println("girdi ve idsini aldı = " + attr): null

2021-11-23 16:56:56 - [TEST_STEP][PASSED] - break: null

2021-11-23 16:56:56 - [TEST_STEP][PASSED] - countElement = baslikElement.findElements(By.xpath("../td")): Smart Wait Function is triggered

2021-11-23 16:56:56 - [MESSAGE][INFO] - Smart Wait Function is triggered

2021-11-23 16:56:57 - [TEST_STEP][PASSED] - for (def element : countElement): null

2021-11-23 16:56:57 - [TEST_STEP][PASSED] - if (toString().equals(attr.toString())): null

2021-11-23 16:56:57 - [TEST_STEP][PASSED] - (a++): null

2021-11-23 16:56:57 - [TEST_STEP][PASSED] - if (toString().equals(attr.toString())): null

2021-11-23 16:56:57 - [TEST_STEP][PASSED] - (a++): null

2021-11-23 16:56:57 - [TEST_STEP][PASSED] - if (toString().equals(attr.toString())): null

2021-11-23 16:56:57 - [TEST_STEP][PASSED] - (a++): null

2021-11-23 16:56:57 - [TEST_STEP][PASSED] - if (toString().equals(attr.toString())): null

2021-11-23 16:56:57 - [TEST_STEP][PASSED] - (a++): null

2021-11-23 16:56:57 - [TEST_STEP][PASSED] - if (toString().equals(attr.toString())): null

2021-11-23 16:56:57 - [TEST_STEP][PASSED] - (a++): null

2021-11-23 16:56:57 - [TEST_STEP][PASSED] - if (toString().equals(attr.toString())): null

2021-11-23 16:56:57 - [TEST_STEP][PASSED] - break: null

2021-11-23 16:56:57 - [TEST_STEP][PASSED] - son = findWebElement(findTestObject("Object Repository/Olusturma/Genel/Olusturma/EklenenSatir")).findElement(By.xpath("td[@class='dxgvInlineEditCell_LECustomTheme dxgv'][" + a + "]//td[@class='dxic']/input")): Smart Wait Function is triggered

2021-11-23 16:56:57 - [MESSAGE][INFO] - Finding Test Object 'Object Repository/Olusturma/Genel/Olusturma/EklenenSatir'

2021-11-23 16:56:57 - [MESSAGE][INFO] - Finding web element from Test Object's properties

2021-11-23 16:56:57 - [MESSAGE][INFO] - Checking timeout

2021-11-23 16:56:57 - [MESSAGE][INFO] - Finding web element with id: 'Object Repository/Olusturma/Genel/Olusturma/EklenenSatir' located by 'By.cssSelector: #divmalhizmet .dxgvInlineEditRow_LECustomTheme' in '30' second(s)

2021-11-23 16:56:57 - [MESSAGE][INFO] - Smart Wait Function is triggered

2021-11-23 16:56:57 - [MESSAGE][INFO] - Found 1 web elements with id: 'Object Repository/Olusturma/Genel/Olusturma/EklenenSatir' located by 'By.cssSelector: #divmalhizmet .dxgvInlineEditRow_LECustomTheme' in '30' second(s)

2021-11-23 16:56:57 - [MESSAGE][INFO] - Smart Wait Function is triggered

2021-11-23 16:56:58 - [TEST_STEP][PASSED] - if (!(getAttribute("value").contains("Vkn"))): null

2021-11-23 16:56:58 - [TEST_STEP][PASSED] - else: null

2021-11-23 16:56:58 - [TEST_STEP][PASSED] - son.click(): null

2021-11-23 16:56:58 - [TEST_STEP][PASSED] - son.sendKeys(Deger): null

2021-11-23 16:56:58 - [MESSAGE][PASSED] - Call Test Case 'Test Cases/Olusturma/Genel/Olusturma' successfully

2021-11-23 16:56:58 - [MESSAGE][INFO] - Checking called Test Case

2021-11-23 16:56:58 - [MESSAGE][INFO] - Starting to call Test Case 'Test Cases/Olusturma/Genel/Olusturma'

2021-11-23 16:56:58 - [TEST_CASE][PASSED] - Test Cases/Olusturma/Genel/Olusturma: Test Cases/Olusturma/Genel/Olusturma

2021-11-23 16:56:58 - [TEST_STEP][PASSED] - driver = getWebDriver(): null

2021-11-23 16:56:58 - [TEST_STEP][PASSED] - action = new org.openqa.selenium.interactions.Actions(driver): null

2021-11-23 16:56:58 - [TEST_STEP][PASSED] - baslikElement = <not implemented yet for class: org.codehaus.groovy.ast.expr.EmptyExpression>: null

2021-11-23 16:56:58 - [TEST_STEP][PASSED] - sonElement = <not implemented yet for class: org.codehaus.groovy.ast.expr.EmptyExpression>: null

2021-11-23 16:56:58 - [TEST_STEP][PASSED] - attr = <not implemented yet for class: org.codehaus.groovy.ast.expr.EmptyExpression>: null

2021-11-23 16:56:58 - [TEST_STEP][PASSED] - a = 0: null

2021-11-23 16:56:58 - [TEST_STEP][PASSED] - elements = findWebElements(findTestObject("Object Repository/Olusturma/Genel/Olusturma/TabloBasliklari"), 10): Found 16 web elements with id: 'Object Repository/Olusturma/Genel/Olusturma/TabloBasliklari' located by 'By.cssSelector: div#divmalhizmet .dxgvTable_LECustomTheme td.dxgvHeader_LECustomTheme tr>td:nth-child(1)' in '10' second(s)

2021-11-23 16:56:58 - [MESSAGE][INFO] - Finding Test Object 'Object Repository/Olusturma/Genel/Olusturma/TabloBasliklari'

2021-11-23 16:56:58 - [MESSAGE][INFO] - Checking timeout

2021-11-23 16:56:58 - [MESSAGE][INFO] - Finding web element with id: 'Object Repository/Olusturma/Genel/Olusturma/TabloBasliklari' located by 'By.cssSelector: div#divmalhizmet .dxgvTable_LECustomTheme td.dxgvHeader_LECustomTheme tr>td:nth-child(1)' in '10' second(s)

2021-11-23 16:56:58 - [MESSAGE][INFO] - Smart Wait Function is triggered

2021-11-23 16:56:58 - [MESSAGE][INFO] - Found 16 web elements with id: 'Object Repository/Olusturma/Genel/Olusturma/TabloBasliklari' located by 'By.cssSelector: div#divmalhizmet .dxgvTable_LECustomTheme td.dxgvHeader_LECustomTheme tr>td:nth-child(1)' in '10' second(s)

2021-11-23 16:56:58 - [TEST_STEP][PASSED] - for (def element : elements): null

2021-11-23 16:56:58 - [TEST_STEP][PASSED] - build().perform(): null

2021-11-23 16:56:58 - [TEST_STEP][PASSED] - if (getText().equals(Baslik)): null

2021-11-23 16:56:58 - [TEST_STEP][PASSED] - build().perform(): null

2021-11-23 16:56:58 - [TEST_STEP][PASSED] - if (getText().equals(Baslik)): null

2021-11-23 16:56:58 - [TEST_STEP][PASSED] - build().perform(): null

2021-11-23 16:56:59 - [TEST_STEP][PASSED] - if (getText().equals(Baslik)): null

2021-11-23 16:56:59 - [TEST_STEP][PASSED] - build().perform(): null

2021-11-23 16:56:59 - [TEST_STEP][PASSED] - if (getText().equals(Baslik)): null

2021-11-23 16:56:59 - [TEST_STEP][PASSED] - build().perform(): null

2021-11-23 16:56:59 - [TEST_STEP][PASSED] - if (getText().equals(Baslik)): null

2021-11-23 16:56:59 - [TEST_STEP][PASSED] - build().perform(): null

2021-11-23 16:56:59 - [TEST_STEP][PASSED] - if (getText().equals(Baslik)): null

2021-11-23 16:56:59 - [TEST_STEP][PASSED] - baslikElement = element.findElement(By.xpath("../../../..")): Smart Wait Function is triggered

2021-11-23 16:56:59 - [MESSAGE][INFO] - Smart Wait Function is triggered

2021-11-23 16:56:59 - [TEST_STEP][PASSED] - attr = baslikElement.getAttribute("id"): null

2021-11-23 16:56:59 - [TEST_STEP][PASSED] - println("girdi ve idsini aldı = " + attr): null

2021-11-23 16:56:59 - [TEST_STEP][PASSED] - break: null

2021-11-23 16:56:59 - [TEST_STEP][PASSED] - countElement = baslikElement.findElements(By.xpath("../td")): Smart Wait Function is triggered

2021-11-23 16:56:59 - [MESSAGE][INFO] - Smart Wait Function is triggered

2021-11-23 16:56:59 - [TEST_STEP][PASSED] - for (def element : countElement): null

2021-11-23 16:56:59 - [TEST_STEP][PASSED] - if (toString().equals(attr.toString())): null

2021-11-23 16:56:59 - [TEST_STEP][PASSED] - (a++): null

2021-11-23 16:56:59 - [TEST_STEP][PASSED] - if (toString().equals(attr.toString())): null

2021-11-23 16:57:00 - [TEST_STEP][PASSED] - (a++): null

2021-11-23 16:57:00 - [TEST_STEP][PASSED] - if (toString().equals(attr.toString())): null

2021-11-23 16:57:00 - [TEST_STEP][PASSED] - (a++): null

2021-11-23 16:57:00 - [TEST_STEP][PASSED] - if (toString().equals(attr.toString())): null

2021-11-23 16:57:00 - [TEST_STEP][PASSED] - (a++): null

2021-11-23 16:57:00 - [TEST_STEP][PASSED] - if (toString().equals(attr.toString())): null

2021-11-23 16:57:00 - [TEST_STEP][PASSED] - (a++): null

2021-11-23 16:57:00 - [TEST_STEP][PASSED] - if (toString().equals(attr.toString())): null

2021-11-23 16:57:00 - [TEST_STEP][PASSED] - (a++): null

2021-11-23 16:57:00 - [TEST_STEP][PASSED] - if (toString().equals(attr.toString())): null

2021-11-23 16:57:00 - [TEST_STEP][PASSED] - break: null

2021-11-23 16:57:00 - [TEST_STEP][PASSED] - son = findWebElement(findTestObject("Object Repository/Olusturma/Genel/Olusturma/EklenenSatir")).findElement(By.xpath("td[@class='dxgvInlineEditCell_LECustomTheme dxgv'][" + a + "]//td[@class='dxic']/input")): Smart Wait Function is triggered

2021-11-23 16:57:00 - [MESSAGE][INFO] - Finding Test Object 'Object Repository/Olusturma/Genel/Olusturma/EklenenSatir'

2021-11-23 16:57:00 - [MESSAGE][INFO] - Finding web element from Test Object's properties

2021-11-23 16:57:00 - [MESSAGE][INFO] - Checking timeout

2021-11-23 16:57:00 - [MESSAGE][INFO] - Finding web element with id: 'Object Repository/Olusturma/Genel/Olusturma/EklenenSatir' located by 'By.cssSelector: #divmalhizmet .dxgvInlineEditRow_LECustomTheme' in '30' second(s)

2021-11-23 16:57:00 - [MESSAGE][INFO] - Smart Wait Function is triggered

2021-11-23 16:57:00 - [MESSAGE][INFO] - Found 1 web elements with id: 'Object Repository/Olusturma/Genel/Olusturma/EklenenSatir' located by 'By.cssSelector: #divmalhizmet .dxgvInlineEditRow_LECustomTheme' in '30' second(s)

2021-11-23 16:57:00 - [MESSAGE][INFO] - Smart Wait Function is triggered

2021-11-23 16:57:00 - [TEST_STEP][PASSED] - if (!(getAttribute("value").contains("Vkn"))): null

2021-11-23 16:57:00 - [TEST_STEP][PASSED] - son.clear(): null

2021-11-23 16:57:00 - [TEST_STEP][PASSED] - son.sendKeys(Deger): null

2021-11-23 16:57:00 - [MESSAGE][PASSED] - Call Test Case 'Test Cases/Olusturma/Genel/Olusturma' successfully

2021-11-23 16:57:00 - [MESSAGE][INFO] - Checking called Test Case

2021-11-23 16:57:00 - [MESSAGE][INFO] - Starting to call Test Case 'Test Cases/Olusturma/Genel/Olusturma'

2021-11-23 16:57:00 - [TEST_CASE][PASSED] - Test Cases/Olusturma/Genel/Olusturma: Test Cases/Olusturma/Genel/Olusturma

2021-11-23 16:57:00 - [TEST_STEP][PASSED] - driver = getWebDriver(): null

2021-11-23 16:57:00 - [TEST_STEP][PASSED] - action = new org.openqa.selenium.interactions.Actions(driver): null

2021-11-23 16:57:00 - [TEST_STEP][PASSED] - baslikElement = <not implemented yet for class: org.codehaus.groovy.ast.expr.EmptyExpression>: null

2021-11-23 16:57:00 - [TEST_STEP][PASSED] - sonElement = <not implemented yet for class: org.codehaus.groovy.ast.expr.EmptyExpression>: null

2021-11-23 16:57:00 - [TEST_STEP][PASSED] - attr = <not implemented yet for class: org.codehaus.groovy.ast.expr.EmptyExpression>: null

2021-11-23 16:57:00 - [TEST_STEP][PASSED] - a = 0: null

2021-11-23 16:57:00 - [TEST_STEP][PASSED] - elements = findWebElements(findTestObject("Object Repository/Olusturma/Genel/Olusturma/TabloBasliklari"), 10): Found 16 web elements with id: 'Object Repository/Olusturma/Genel/Olusturma/TabloBasliklari' located by 'By.cssSelector: div#divmalhizmet .dxgvTable_LECustomTheme td.dxgvHeader_LECustomTheme tr>td:nth-child(1)' in '10' second(s)

2021-11-23 16:57:00 - [MESSAGE][INFO] - Finding Test Object 'Object Repository/Olusturma/Genel/Olusturma/TabloBasliklari'

2021-11-23 16:57:01 - [MESSAGE][INFO] - Checking timeout

2021-11-23 16:57:01 - [MESSAGE][INFO] - Finding web element with id: 'Object Repository/Olusturma/Genel/Olusturma/TabloBasliklari' located by 'By.cssSelector: div#divmalhizmet .dxgvTable_LECustomTheme td.dxgvHeader_LECustomTheme tr>td:nth-child(1)' in '10' second(s)

2021-11-23 16:57:01 - [MESSAGE][INFO] - Smart Wait Function is triggered

2021-11-23 16:57:01 - [MESSAGE][INFO] - Found 16 web elements with id: 'Object Repository/Olusturma/Genel/Olusturma/TabloBasliklari' located by 'By.cssSelector: div#divmalhizmet .dxgvTable_LECustomTheme td.dxgvHeader_LECustomTheme tr>td:nth-child(1)' in '10' second(s)

2021-11-23 16:57:01 - [TEST_STEP][PASSED] - for (def element : elements): null

2021-11-23 16:57:01 - [TEST_STEP][PASSED] - build().perform(): null

2021-11-23 16:57:01 - [TEST_STEP][PASSED] - if (getText().equals(Baslik)): null

2021-11-23 16:57:01 - [TEST_STEP][PASSED] - build().perform(): null

2021-11-23 16:57:01 - [TEST_STEP][PASSED] - if (getText().equals(Baslik)): null

2021-11-23 16:57:01 - [TEST_STEP][PASSED] - build().perform(): null

2021-11-23 16:57:01 - [TEST_STEP][PASSED] - if (getText().equals(Baslik)): null

2021-11-23 16:57:01 - [TEST_STEP][PASSED] - build().perform(): null

2021-11-23 16:57:01 - [TEST_STEP][PASSED] - if (getText().equals(Baslik)): null

2021-11-23 16:57:01 - [TEST_STEP][PASSED] - build().perform(): null

2021-11-23 16:57:01 - [TEST_STEP][PASSED] - if (getText().equals(Baslik)): null

2021-11-23 16:57:01 - [TEST_STEP][PASSED] - build().perform(): null

2021-11-23 16:57:02 - [TEST_STEP][PASSED] - if (getText().equals(Baslik)): null

2021-11-23 16:57:02 - [TEST_STEP][PASSED] - build().perform(): null

2021-11-23 16:57:02 - [TEST_STEP][PASSED] - if (getText().equals(Baslik)): null

2021-11-23 16:57:02 - [TEST_STEP][PASSED] - baslikElement = element.findElement(By.xpath("../../../..")): Smart Wait Function is triggered

2021-11-23 16:57:02 - [MESSAGE][INFO] - Smart Wait Function is triggered

2021-11-23 16:57:02 - [TEST_STEP][PASSED] - attr = baslikElement.getAttribute("id"): null

2021-11-23 16:57:02 - [TEST_STEP][PASSED] - println("girdi ve idsini aldı = " + attr): null

2021-11-23 16:57:02 - [TEST_STEP][PASSED] - break: null

2021-11-23 16:57:02 - [TEST_STEP][PASSED] - countElement = baslikElement.findElements(By.xpath("../td")): Smart Wait Function is triggered

2021-11-23 16:57:02 - [MESSAGE][INFO] - Smart Wait Function is triggered

2021-11-23 16:57:02 - [TEST_STEP][PASSED] - for (def element : countElement): null

2021-11-23 16:57:02 - [TEST_STEP][PASSED] - if (toString().equals(attr.toString())): null

2021-11-23 16:57:02 - [TEST_STEP][PASSED] - (a++): null

2021-11-23 16:57:02 - [TEST_STEP][PASSED] - if (toString().equals(attr.toString())): null

2021-11-23 16:57:02 - [TEST_STEP][PASSED] - (a++): null

2021-11-23 16:57:02 - [TEST_STEP][PASSED] - if (toString().equals(attr.toString())): null

2021-11-23 16:57:02 - [TEST_STEP][PASSED] - (a++): null

2021-11-23 16:57:02 - [TEST_STEP][PASSED] - if (toString().equals(attr.toString())): null

2021-11-23 16:57:02 - [TEST_STEP][PASSED] - (a++): null

2021-11-23 16:57:02 - [TEST_STEP][PASSED] - if (toString().equals(attr.toString())): null

2021-11-23 16:57:02 - [TEST_STEP][PASSED] - (a++): null

2021-11-23 16:57:02 - [TEST_STEP][PASSED] - if (toString().equals(attr.toString())): null

2021-11-23 16:57:02 - [TEST_STEP][PASSED] - (a++): null

2021-11-23 16:57:02 - [TEST_STEP][PASSED] - if (toString().equals(attr.toString())): null

2021-11-23 16:57:02 - [TEST_STEP][PASSED] - (a++): null

2021-11-23 16:57:02 - [TEST_STEP][PASSED] - if (toString().equals(attr.toString())): null

2021-11-23 16:57:02 - [TEST_STEP][PASSED] - break: null

2021-11-23 16:57:02 - [TEST_STEP][PASSED] - son = findWebElement(findTestObject("Object Repository/Olusturma/Genel/Olusturma/EklenenSatir")).findElement(By.xpath("td[@class='dxgvInlineEditCell_LECustomTheme dxgv'][" + a + "]//td[@class='dxic']/input")): Smart Wait Function is triggered

2021-11-23 16:57:02 - [MESSAGE][INFO] - Finding Test Object 'Object Repository/Olusturma/Genel/Olusturma/EklenenSatir'

2021-11-23 16:57:03 - [MESSAGE][INFO] - Finding web element from Test Object's properties

2021-11-23 16:57:03 - [MESSAGE][INFO] - Checking timeout

2021-11-23 16:57:03 - [MESSAGE][INFO] - Finding web element with id: 'Object Repository/Olusturma/Genel/Olusturma/EklenenSatir' located by 'By.cssSelector: #divmalhizmet .dxgvInlineEditRow_LECustomTheme' in '30' second(s)

2021-11-23 16:57:03 - [MESSAGE][INFO] - Smart Wait Function is triggered

2021-11-23 16:57:03 - [MESSAGE][INFO] - Found 1 web elements with id: 'Object Repository/Olusturma/Genel/Olusturma/EklenenSatir' located by 'By.cssSelector: #divmalhizmet .dxgvInlineEditRow_LECustomTheme' in '30' second(s)

2021-11-23 16:57:03 - [MESSAGE][INFO] - Smart Wait Function is triggered

2021-11-23 16:57:03 - [TEST_STEP][PASSED] - if (!(getAttribute("value").contains("Vkn"))): null

2021-11-23 16:57:03 - [TEST_STEP][PASSED] - son.clear(): null

2021-11-23 16:57:03 - [TEST_STEP][PASSED] - son.sendKeys(Deger): null

2021-11-23 16:57:03 - [MESSAGE][PASSED] - Call Test Case 'Test Cases/Olusturma/Genel/Olusturma' successfully

2021-11-23 16:57:03 - [MESSAGE][INFO] - Checking called Test Case

2021-11-23 16:57:03 - [MESSAGE][INFO] - Starting to call Test Case 'Test Cases/Olusturma/Genel/Olusturma'

2021-11-23 16:57:03 - [TEST_CASE][PASSED] - Test Cases/Olusturma/Genel/Olusturma: Test Cases/Olusturma/Genel/Olusturma

2021-11-23 16:57:03 - [TEST_STEP][PASSED] - driver = getWebDriver(): null

2021-11-23 16:57:03 - [TEST_STEP][PASSED] - action = new org.openqa.selenium.interactions.Actions(driver): null

2021-11-23 16:57:03 - [TEST_STEP][PASSED] - baslikElement = <not implemented yet for class: org.codehaus.groovy.ast.expr.EmptyExpression>: null

2021-11-23 16:57:03 - [TEST_STEP][PASSED] - sonElement = <not implemented yet for class: org.codehaus.groovy.ast.expr.EmptyExpression>: null

2021-11-23 16:57:03 - [TEST_STEP][PASSED] - attr = <not implemented yet for class: org.codehaus.groovy.ast.expr.EmptyExpression>: null

2021-11-23 16:57:03 - [TEST_STEP][PASSED] - a = 0: null

2021-11-23 16:57:03 - [TEST_STEP][PASSED] - elements = findWebElements(findTestObject("Object Repository/Olusturma/Genel/Olusturma/TabloBasliklari"), 10): Found 16 web elements with id: 'Object Repository/Olusturma/Genel/Olusturma/TabloBasliklari' located by 'By.cssSelector: div#divmalhizmet .dxgvTable_LECustomTheme td.dxgvHeader_LECustomTheme tr>td:nth-child(1)' in '10' second(s)

2021-11-23 16:57:03 - [MESSAGE][INFO] - Finding Test Object 'Object Repository/Olusturma/Genel/Olusturma/TabloBasliklari'

2021-11-23 16:57:03 - [MESSAGE][INFO] - Checking timeout

2021-11-23 16:57:03 - [MESSAGE][INFO] - Finding web element with id: 'Object Repository/Olusturma/Genel/Olusturma/TabloBasliklari' located by 'By.cssSelector: div#divmalhizmet .dxgvTable_LECustomTheme td.dxgvHeader_LECustomTheme tr>td:nth-child(1)' in '10' second(s)

2021-11-23 16:57:03 - [MESSAGE][INFO] - Smart Wait Function is triggered

2021-11-23 16:57:04 - [MESSAGE][INFO] - Found 16 web elements with id: 'Object Repository/Olusturma/Genel/Olusturma/TabloBasliklari' located by 'By.cssSelector: div#divmalhizmet .dxgvTable_LECustomTheme td.dxgvHeader_LECustomTheme tr>td:nth-child(1)' in '10' second(s)

2021-11-23 16:57:04 - [TEST_STEP][PASSED] - for (def element : elements): null

2021-11-23 16:57:04 - [TEST_STEP][PASSED] - build().perform(): null

2021-11-23 16:57:04 - [TEST_STEP][PASSED] - if (getText().equals(Baslik)): null

2021-11-23 16:57:04 - [TEST_STEP][PASSED] - build().perform(): null

2021-11-23 16:57:04 - [TEST_STEP][PASSED] - if (getText().equals(Baslik)): null

2021-11-23 16:57:04 - [TEST_STEP][PASSED] - build().perform(): null

2021-11-23 16:57:04 - [TEST_STEP][PASSED] - if (getText().equals(Baslik)): null

2021-11-23 16:57:04 - [TEST_STEP][PASSED] - build().perform(): null

2021-11-23 16:57:04 - [TEST_STEP][PASSED] - if (getText().equals(Baslik)): null

2021-11-23 16:57:04 - [TEST_STEP][PASSED] - build().perform(): null

2021-11-23 16:57:04 - [TEST_STEP][PASSED] - if (getText().equals(Baslik)): null

2021-11-23 16:57:04 - [TEST_STEP][PASSED] - build().perform(): null

2021-11-23 16:57:05 - [TEST_STEP][PASSED] - if (getText().equals(Baslik)): null

2021-11-23 16:57:05 - [TEST_STEP][PASSED] - build().perform(): null

2021-11-23 16:57:05 - [TEST_STEP][PASSED] - if (getText().equals(Baslik)): null

2021-11-23 16:57:05 - [TEST_STEP][PASSED] - build().perform(): null

2021-11-23 16:57:05 - [TEST_STEP][PASSED] - if (getText().equals(Baslik)): null

2021-11-23 16:57:05 - [TEST_STEP][PASSED] - build().perform(): null

2021-11-23 16:57:05 - [TEST_STEP][PASSED] - if (getText().equals(Baslik)): null

2021-11-23 16:57:05 - [TEST_STEP][PASSED] - baslikElement = element.findElement(By.xpath("../../../..")): Smart Wait Function is triggered

2021-11-23 16:57:05 - [MESSAGE][INFO] - Smart Wait Function is triggered

2021-11-23 16:57:05 - [TEST_STEP][PASSED] - attr = baslikElement.getAttribute("id"): null

2021-11-23 16:57:05 - [TEST_STEP][PASSED] - println("girdi ve idsini aldı = " + attr): null

2021-11-23 16:57:05 - [TEST_STEP][PASSED] - break: null

2021-11-23 16:57:05 - [TEST_STEP][PASSED] - countElement = baslikElement.findElements(By.xpath("../td")): Smart Wait Function is triggered

2021-11-23 16:57:05 - [MESSAGE][INFO] - Smart Wait Function is triggered

2021-11-23 16:57:06 - [TEST_STEP][PASSED] - for (def element : countElement): null

2021-11-23 16:57:06 - [TEST_STEP][PASSED] - if (toString().equals(attr.toString())): null

2021-11-23 16:57:06 - [TEST_STEP][PASSED] - (a++): null

2021-11-23 16:57:06 - [TEST_STEP][PASSED] - if (toString().equals(attr.toString())): null

2021-11-23 16:57:06 - [TEST_STEP][PASSED] - (a++): null

2021-11-23 16:57:06 - [TEST_STEP][PASSED] - if (toString().equals(attr.toString())): null

2021-11-23 16:57:06 - [TEST_STEP][PASSED] - (a++): null

2021-11-23 16:57:06 - [TEST_STEP][PASSED] - if (toString().equals(attr.toString())): null

2021-11-23 16:57:06 - [TEST_STEP][PASSED] - (a++): null

2021-11-23 16:57:06 - [TEST_STEP][PASSED] - if (toString().equals(attr.toString())): null

2021-11-23 16:57:06 - [TEST_STEP][PASSED] - (a++): null

2021-11-23 16:57:06 - [TEST_STEP][PASSED] - if (toString().equals(attr.toString())): null

2021-11-23 16:57:06 - [TEST_STEP][PASSED] - (a++): null

2021-11-23 16:57:06 - [TEST_STEP][PASSED] - if (toString().equals(attr.toString())): null

2021-11-23 16:57:06 - [TEST_STEP][PASSED] - (a++): null

2021-11-23 16:57:06 - [TEST_STEP][PASSED] - if (toString().equals(attr.toString())): null

2021-11-23 16:57:06 - [TEST_STEP][PASSED] - (a++): null

2021-11-23 16:57:06 - [TEST_STEP][PASSED] - if (toString().equals(attr.toString())): null

2021-11-23 16:57:06 - [TEST_STEP][PASSED] - (a++): null

2021-11-23 16:57:06 - [TEST_STEP][PASSED] - if (toString().equals(attr.toString())): null

2021-11-23 16:57:06 - [TEST_STEP][PASSED] - break: null

2021-11-23 16:57:06 - [TEST_STEP][PASSED] - son = findWebElement(findTestObject("Object Repository/Olusturma/Genel/Olusturma/EklenenSatir")).findElement(By.xpath("td[@class='dxgvInlineEditCell_LECustomTheme dxgv'][" + a + "]//td[@class='dxic']/input")): Smart Wait Function is triggered

2021-11-23 16:57:06 - [MESSAGE][INFO] - Finding Test Object 'Object Repository/Olusturma/Genel/Olusturma/EklenenSatir'

2021-11-23 16:57:06 - [MESSAGE][INFO] - Finding web element from Test Object's properties

2021-11-23 16:57:06 - [MESSAGE][INFO] - Checking timeout

2021-11-23 16:57:06 - [MESSAGE][INFO] - Finding web element with id: 'Object Repository/Olusturma/Genel/Olusturma/EklenenSatir' located by 'By.cssSelector: #divmalhizmet .dxgvInlineEditRow_LECustomTheme' in '30' second(s)

2021-11-23 16:57:06 - [MESSAGE][INFO] - Smart Wait Function is triggered

2021-11-23 16:57:06 - [MESSAGE][INFO] - Found 1 web elements with id: 'Object Repository/Olusturma/Genel/Olusturma/EklenenSatir' located by 'By.cssSelector: #divmalhizmet .dxgvInlineEditRow_LECustomTheme' in '30' second(s)

2021-11-23 16:57:06 - [MESSAGE][INFO] - Smart Wait Function is triggered

2021-11-23 16:57:06 - [TEST_STEP][PASSED] - if (!(getAttribute("value").contains("Vkn"))): null

2021-11-23 16:57:06 - [TEST_STEP][PASSED] - son.clear(): null

2021-11-23 16:57:06 - [TEST_STEP][PASSED] - son.sendKeys(Deger): null

2021-11-23 16:57:07 - [MESSAGE][PASSED] - Call Test Case 'Test Cases/Olusturma/Genel/Olusturma' successfully

2021-11-23 16:57:07 - [MESSAGE][INFO] - Checking called Test Case

2021-11-23 16:57:07 - [MESSAGE][INFO] - Starting to call Test Case 'Test Cases/Olusturma/Genel/Olusturma'

2021-11-23 16:57:07 - [TEST_CASE][PASSED] - Test Cases/Olusturma/Genel/Olusturma: Test Cases/Olusturma/Genel/Olusturma

2021-11-23 16:57:07 - [TEST_STEP][PASSED] - driver = getWebDriver(): null

2021-11-23 16:57:07 - [TEST_STEP][PASSED] - action = new org.openqa.selenium.interactions.Actions(driver): null

2021-11-23 16:57:07 - [TEST_STEP][PASSED] - baslikElement = <not implemented yet for class: org.codehaus.groovy.ast.expr.EmptyExpression>: null

2021-11-23 16:57:07 - [TEST_STEP][PASSED] - sonElement = <not implemented yet for class: org.codehaus.groovy.ast.expr.EmptyExpression>: null

2021-11-23 16:57:07 - [TEST_STEP][PASSED] - attr = <not implemented yet for class: org.codehaus.groovy.ast.expr.EmptyExpression>: null

2021-11-23 16:57:07 - [TEST_STEP][PASSED] - a = 0: null

2021-11-23 16:57:07 - [TEST_STEP][PASSED] - elements = findWebElements(findTestObject("Object Repository/Olusturma/Genel/Olusturma/TabloBasliklari"), 10): Found 16 web elements with id: 'Object Repository/Olusturma/Genel/Olusturma/TabloBasliklari' located by 'By.cssSelector: div#divmalhizmet .dxgvTable_LECustomTheme td.dxgvHeader_LECustomTheme tr>td:nth-child(1)' in '10' second(s)

2021-11-23 16:57:07 - [MESSAGE][INFO] - Finding Test Object 'Object Repository/Olusturma/Genel/Olusturma/TabloBasliklari'

2021-11-23 16:57:07 - [MESSAGE][INFO] - Checking timeout

2021-11-23 16:57:07 - [MESSAGE][INFO] - Finding web element with id: 'Object Repository/Olusturma/Genel/Olusturma/TabloBasliklari' located by 'By.cssSelector: div#divmalhizmet .dxgvTable_LECustomTheme td.dxgvHeader_LECustomTheme tr>td:nth-child(1)' in '10' second(s)

2021-11-23 16:57:07 - [MESSAGE][INFO] - Smart Wait Function is triggered

2021-11-23 16:57:07 - [MESSAGE][INFO] - Found 16 web elements with id: 'Object Repository/Olusturma/Genel/Olusturma/TabloBasliklari' located by 'By.cssSelector: div#divmalhizmet .dxgvTable_LECustomTheme td.dxgvHeader_LECustomTheme tr>td:nth-child(1)' in '10' second(s)

2021-11-23 16:57:07 - [TEST_STEP][PASSED] - for (def element : elements): null

2021-11-23 16:57:07 - [TEST_STEP][PASSED] - build().perform(): null

2021-11-23 16:57:07 - [TEST_STEP][PASSED] - if (getText().equals(Baslik)): null

2021-11-23 16:57:07 - [TEST_STEP][PASSED] - build().perform(): null

2021-11-23 16:57:07 - [TEST_STEP][PASSED] - if (getText().equals(Baslik)): null

2021-11-23 16:57:07 - [TEST_STEP][PASSED] - build().perform(): null

2021-11-23 16:57:07 - [TEST_STEP][PASSED] - if (getText().equals(Baslik)): null

2021-11-23 16:57:07 - [TEST_STEP][PASSED] - build().perform(): null

2021-11-23 16:57:07 - [TEST_STEP][PASSED] - if (getText().equals(Baslik)): null

2021-11-23 16:57:07 - [TEST_STEP][PASSED] - build().perform(): null

2021-11-23 16:57:08 - [TEST_STEP][PASSED] - if (getText().equals(Baslik)): null

2021-11-23 16:57:08 - [TEST_STEP][PASSED] - build().perform(): null

2021-11-23 16:57:08 - [TEST_STEP][PASSED] - if (getText().equals(Baslik)): null

2021-11-23 16:57:08 - [TEST_STEP][PASSED] - build().perform(): null

2021-11-23 16:57:08 - [TEST_STEP][PASSED] - if (getText().equals(Baslik)): null

2021-11-23 16:57:08 - [TEST_STEP][PASSED] - build().perform(): null

2021-11-23 16:57:08 - [TEST_STEP][PASSED] - if (getText().equals(Baslik)): null

2021-11-23 16:57:08 - [TEST_STEP][PASSED] - build().perform(): null

2021-11-23 16:57:08 - [TEST_STEP][PASSED] - if (getText().equals(Baslik)): null

2021-11-23 16:57:08 - [TEST_STEP][PASSED] - build().perform(): null

2021-11-23 16:57:08 - [TEST_STEP][PASSED] - if (getText().equals(Baslik)): null

2021-11-23 16:57:08 - [TEST_STEP][PASSED] - baslikElement = element.findElement(By.xpath("../../../..")): Smart Wait Function is triggered

2021-11-23 16:57:08 - [MESSAGE][INFO] - Smart Wait Function is triggered

2021-11-23 16:57:08 - [TEST_STEP][PASSED] - attr = baslikElement.getAttribute("id"): null

2021-11-23 16:57:09 - [TEST_STEP][PASSED] - println("girdi ve idsini aldı = " + attr): null

2021-11-23 16:57:09 - [TEST_STEP][PASSED] - break: null

2021-11-23 16:57:09 - [TEST_STEP][PASSED] - countElement = baslikElement.findElements(By.xpath("../td")): Smart Wait Function is triggered

2021-11-23 16:57:09 - [MESSAGE][INFO] - Smart Wait Function is triggered

2021-11-23 16:57:09 - [TEST_STEP][PASSED] - for (def element : countElement): null

2021-11-23 16:57:09 - [TEST_STEP][PASSED] - if (toString().equals(attr.toString())): null

2021-11-23 16:57:09 - [TEST_STEP][PASSED] - (a++): null

2021-11-23 16:57:09 - [TEST_STEP][PASSED] - if (toString().equals(attr.toString())): null

2021-11-23 16:57:09 - [TEST_STEP][PASSED] - (a++): null

2021-11-23 16:57:09 - [TEST_STEP][PASSED] - if (toString().equals(attr.toString())): null

2021-11-23 16:57:09 - [TEST_STEP][PASSED] - (a++): null

2021-11-23 16:57:09 - [TEST_STEP][PASSED] - if (toString().equals(attr.toString())): null

2021-11-23 16:57:09 - [TEST_STEP][PASSED] - (a++): null

2021-11-23 16:57:09 - [TEST_STEP][PASSED] - if (toString().equals(attr.toString())): null

2021-11-23 16:57:09 - [TEST_STEP][PASSED] - (a++): null

2021-11-23 16:57:09 - [TEST_STEP][PASSED] - if (toString().equals(attr.toString())): null

2021-11-23 16:57:09 - [TEST_STEP][PASSED] - (a++): null

2021-11-23 16:57:09 - [TEST_STEP][PASSED] - if (toString().equals(attr.toString())): null

2021-11-23 16:57:09 - [TEST_STEP][PASSED] - (a++): null

2021-11-23 16:57:09 - [TEST_STEP][PASSED] - if (toString().equals(attr.toString())): null

2021-11-23 16:57:09 - [TEST_STEP][PASSED] - (a++): null

2021-11-23 16:57:09 - [TEST_STEP][PASSED] - if (toString().equals(attr.toString())): null

2021-11-23 16:57:09 - [TEST_STEP][PASSED] - (a++): null

2021-11-23 16:57:09 - [TEST_STEP][PASSED] - if (toString().equals(attr.toString())): null

2021-11-23 16:57:09 - [TEST_STEP][PASSED] - (a++): null

2021-11-23 16:57:09 - [TEST_STEP][PASSED] - if (toString().equals(attr.toString())): null

2021-11-23 16:57:09 - [TEST_STEP][PASSED] - break: null

2021-11-23 16:57:09 - [TEST_STEP][PASSED] - son = findWebElement(findTestObject("Object Repository/Olusturma/Genel/Olusturma/EklenenSatir")).findElement(By.xpath("td[@class='dxgvInlineEditCell_LECustomTheme dxgv'][" + a + "]//td[@class='dxic']/input")): Smart Wait Function is triggered

2021-11-23 16:57:09 - [MESSAGE][INFO] - Finding Test Object 'Object Repository/Olusturma/Genel/Olusturma/EklenenSatir'

2021-11-23 16:57:09 - [MESSAGE][INFO] - Finding web element from Test Object's properties

2021-11-23 16:57:09 - [MESSAGE][INFO] - Checking timeout

2021-11-23 16:57:09 - [MESSAGE][INFO] - Finding web element with id: 'Object Repository/Olusturma/Genel/Olusturma/EklenenSatir' located by 'By.cssSelector: #divmalhizmet .dxgvInlineEditRow_LECustomTheme' in '30' second(s)

2021-11-23 16:57:09 - [MESSAGE][INFO] - Smart Wait Function is triggered

2021-11-23 16:57:09 - [MESSAGE][INFO] - Found 1 web elements with id: 'Object Repository/Olusturma/Genel/Olusturma/EklenenSatir' located by 'By.cssSelector: #divmalhizmet .dxgvInlineEditRow_LECustomTheme' in '30' second(s)

2021-11-23 16:57:09 - [MESSAGE][INFO] - Smart Wait Function is triggered

2021-11-23 16:57:10 - [TEST_STEP][PASSED] - if (!(getAttribute("value").contains("Vkn"))): null

2021-11-23 16:57:10 - [TEST_STEP][PASSED] - son.clear(): null

2021-11-23 16:57:10 - [TEST_STEP][PASSED] - son.sendKeys(Deger): null

2021-11-23 16:57:10 - [MESSAGE][PASSED] - Call Test Case 'Test Cases/Olusturma/Genel/Olusturma' successfully

2021-11-23 16:57:10 - [MESSAGE][INFO] - Checking called Test Case

2021-11-23 16:57:10 - [MESSAGE][INFO] - Starting to call Test Case 'Test Cases/Olusturma/Genel/NotGirilir'

2021-11-23 16:57:10 - [TEST_CASE][PASSED] - Test Cases/Olusturma/Genel/NotGirilir: Test Cases/Olusturma/Genel/NotGirilir

2021-11-23 16:57:10 - [TEST_STEP][PASSED] - i = 0: null

2021-11-23 16:57:10 - [TEST_STEP][PASSED] - waitForElementClickable(findTestObject("Olusturma/Genel/Not/Notlar"), 10): Object 'Object Repository/Olusturma/Genel/Not/Notlar' is clickable

2021-11-23 16:57:10 - [MESSAGE][INFO] - Finding Test Object 'Object Repository/Olusturma/Genel/Not/Notlar'

2021-11-23 16:57:10 - [MESSAGE][INFO] - Checking object

2021-11-23 16:57:10 - [MESSAGE][INFO] - Checking timeout

2021-11-23 16:57:10 - [MESSAGE][INFO] - Finding web element from Test Object's properties

2021-11-23 16:57:10 - [MESSAGE][INFO] - Checking timeout

2021-11-23 16:57:10 - [MESSAGE][INFO] - Finding web element with id: 'Object Repository/Olusturma/Genel/Not/Notlar' located by 'By.xpath: //*[@id = 'txtNote_I']' in '10' second(s)

2021-11-23 16:57:10 - [MESSAGE][INFO] - Smart Wait Function is triggered

2021-11-23 16:57:10 - [MESSAGE][INFO] - Found 1 web elements with id: 'Object Repository/Olusturma/Genel/Not/Notlar' located by 'By.xpath: //*[@id = 'txtNote_I']' in '10' second(s)

2021-11-23 16:57:10 - [MESSAGE][PASSED] - Object 'Object Repository/Olusturma/Genel/Not/Notlar' is clickable

2021-11-23 16:57:10 - [TEST_STEP][PASSED] - clearText(findTestObject("Olusturma/Genel/Not/Notlar")): Text of object 'Object Repository/Olusturma/Genel/Not/Notlar' is cleared

2021-11-23 16:57:10 - [MESSAGE][INFO] - Finding Test Object 'Object Repository/Olusturma/Genel/Not/Notlar'

2021-11-23 16:57:10 - [MESSAGE][INFO] - Checking object

2021-11-23 16:57:10 - [MESSAGE][INFO] - Finding web element from Test Object's properties

2021-11-23 16:57:10 - [MESSAGE][INFO] - Checking timeout

2021-11-23 16:57:10 - [MESSAGE][INFO] - Finding web element with id: 'Object Repository/Olusturma/Genel/Not/Notlar' located by 'By.xpath: //*[@id = 'txtNote_I']' in '30' second(s)

2021-11-23 16:57:10 - [MESSAGE][INFO] - Smart Wait Function is triggered

2021-11-23 16:57:11 - [MESSAGE][INFO] - Found 1 web elements with id: 'Object Repository/Olusturma/Genel/Not/Notlar' located by 'By.xpath: //*[@id = 'txtNote_I']' in '30' second(s)

2021-11-23 16:57:11 - [MESSAGE][INFO] - Clearing text of object 'Object Repository/Olusturma/Genel/Not/Notlar'

2021-11-23 16:57:11 - [MESSAGE][PASSED] - Text of object 'Object Repository/Olusturma/Genel/Not/Notlar' is cleared

2021-11-23 16:57:11 - [TEST_STEP][PASSED] - click(findTestObject("Olusturma/Genel/Not/Notlar")): Object: 'Object Repository/Olusturma/Genel/Not/Notlar' is clicked on

2021-11-23 16:57:11 - [MESSAGE][INFO] - Finding Test Object 'Object Repository/Olusturma/Genel/Not/Notlar'

2021-11-23 16:57:11 - [MESSAGE][INFO] - Checking object

2021-11-23 16:57:11 - [MESSAGE][INFO] - Finding web element from Test Object's properties

2021-11-23 16:57:11 - [MESSAGE][INFO] - Checking timeout

2021-11-23 16:57:11 - [MESSAGE][INFO] - Finding web element with id: 'Object Repository/Olusturma/Genel/Not/Notlar' located by 'By.xpath: //*[@id = 'txtNote_I']' in '30' second(s)

2021-11-23 16:57:11 - [MESSAGE][INFO] - Smart Wait Function is triggered

2021-11-23 16:57:11 - [MESSAGE][INFO] - Found 1 web elements with id: 'Object Repository/Olusturma/Genel/Not/Notlar' located by 'By.xpath: //*[@id = 'txtNote_I']' in '30' second(s)

2021-11-23 16:57:11 - [MESSAGE][INFO] - Clicking on object: 'Object Repository/Olusturma/Genel/Not/Notlar'

2021-11-23 16:57:11 - [MESSAGE][PASSED] - Object: 'Object Repository/Olusturma/Genel/Not/Notlar' is clicked on

2021-11-23 16:57:11 - [TEST_STEP][PASSED] - while (true): null

2021-11-23 16:57:11 - [TEST_STEP][PASSED] - delay(1): Delayed 1 second(s)

2021-11-23 16:57:11 - [MESSAGE][INFO] - Delaying browser in 1 second(s)

2021-11-23 16:57:12 - [MESSAGE][PASSED] - Delayed 1 second(s)

2021-11-23 16:57:12 - [TEST_STEP][PASSED] - ajaxIsComplete = executeJavaScript("return jQuery.active == 0", null): Execute JavaScript 'return jQuery.active == 0' successfully

2021-11-23 16:57:12 - [MESSAGE][PASSED] - Execute JavaScript 'return jQuery.active == 0' successfully

2021-11-23 16:57:12 - [TEST_STEP][PASSED] - if (ajaxIsComplete): null

2021-11-23 16:57:12 - [TEST_STEP][PASSED] - break: null

2021-11-23 16:57:12 - [TEST_STEP][PASSED] - sendKeys(findTestObject("Olusturma/Genel/Not/Notlar"), Not): Keys 'Otomasyon Not' sent to object: 'Object Repository/Olusturma/Genel/Not/Notlar'

2021-11-23 16:57:12 - [MESSAGE][INFO] - Finding Test Object 'Object Repository/Olusturma/Genel/Not/Notlar'

2021-11-23 16:57:12 - [MESSAGE][INFO] - Sending keys 'Otomasyon Not' to object: 'Object Repository/Olusturma/Genel/Not/Notlar'

2021-11-23 16:57:12 - [MESSAGE][INFO] - Finding web element from Test Object's properties

2021-11-23 16:57:12 - [MESSAGE][INFO] - Checking timeout

2021-11-23 16:57:12 - [MESSAGE][INFO] - Finding web element with id: 'Object Repository/Olusturma/Genel/Not/Notlar' located by 'By.xpath: //*[@id = 'txtNote_I']' in '30' second(s)

2021-11-23 16:57:12 - [MESSAGE][INFO] - Smart Wait Function is triggered

2021-11-23 16:57:13 - [MESSAGE][INFO] - Found 1 web elements with id: 'Object Repository/Olusturma/Genel/Not/Notlar' located by 'By.xpath: //*[@id = 'txtNote_I']' in '30' second(s)

2021-11-23 16:57:13 - [MESSAGE][PASSED] - Keys 'Otomasyon Not' sent to object: 'Object Repository/Olusturma/Genel/Not/Notlar'

2021-11-23 16:57:13 - [MESSAGE][PASSED] - Call Test Case 'Test Cases/Olusturma/Genel/NotGirilir' successfully

2021-11-23 16:57:13 - [MESSAGE][INFO] - Checking called Test Case

2021-11-23 16:57:13 - [MESSAGE][INFO] - Starting to call Test Case 'Test Cases/Olusturma/Genel/EttnBilgisiKayitEdilir'

2021-11-23 16:57:13 - [TEST_CASE][PASSED] - Test Cases/Olusturma/Genel/EttnBilgisiKayitEdilir: Test Cases/Olusturma/Genel/EttnBilgisiKayitEdilir

2021-11-23 16:57:13 - [TEST_STEP][PASSED] - verifyElementPresent(findTestObject("Object Repository/Olusturma/Genel/Olusturma/eArsivEttnBilgisi"), 7): Object 'Object Repository/Olusturma/Genel/Olusturma/eArsivEttnBilgisi' is present

2021-11-23 16:57:13 - [MESSAGE][INFO] - Finding Test Object 'Object Repository/Olusturma/Genel/Olusturma/eArsivEttnBilgisi'

2021-11-23 16:57:13 - [MESSAGE][INFO] - Checking object

2021-11-23 16:57:13 - [MESSAGE][INFO] - Finding web element from Test Object's properties

2021-11-23 16:57:13 - [MESSAGE][INFO] - Checking timeout

2021-11-23 16:57:13 - [MESSAGE][INFO] - Finding web element with id: 'Object Repository/Olusturma/Genel/Olusturma/eArsivEttnBilgisi' located by 'By.xpath: //*[@id = 'Uuid_I']' in '7' second(s)

2021-11-23 16:57:13 - [MESSAGE][INFO] - Smart Wait Function is triggered

2021-11-23 16:57:13 - [MESSAGE][INFO] - Found 1 web elements with id: 'Object Repository/Olusturma/Genel/Olusturma/eArsivEttnBilgisi' located by 'By.xpath: //*[@id = 'Uuid_I']' in '7' second(s)

2021-11-23 16:57:13 - [MESSAGE][PASSED] - Object 'Object Repository/Olusturma/Genel/Olusturma/eArsivEttnBilgisi' is present

2021-11-23 16:57:13 - [TEST_STEP][PASSED] - ettn = getAttribute(findTestObject("Object Repository/Olusturma/Genel/Olusturma/eArsivEttnBilgisi"), "value"): Attribute 'value' of object 'Object Repository/Olusturma/Genel/Olusturma/eArsivEttnBilgisi' is: '9735de70-d7bb-49bb-be8a-d1afe5c12a54'

2021-11-23 16:57:13 - [MESSAGE][INFO] - Finding Test Object 'Object Repository/Olusturma/Genel/Olusturma/eArsivEttnBilgisi'

2021-11-23 16:57:13 - [MESSAGE][INFO] - Checking object

2021-11-23 16:57:13 - [MESSAGE][INFO] - Checking attribute

2021-11-23 16:57:13 - [MESSAGE][INFO] - Finding web element from Test Object's properties

2021-11-23 16:57:13 - [MESSAGE][INFO] - Checking timeout

2021-11-23 16:57:13 - [MESSAGE][INFO] - Finding web element with id: 'Object Repository/Olusturma/Genel/Olusturma/eArsivEttnBilgisi' located by 'By.xpath: //*[@id = 'Uuid_I']' in '30' second(s)

2021-11-23 16:57:13 - [MESSAGE][INFO] - Smart Wait Function is triggered

2021-11-23 16:57:14 - [MESSAGE][INFO] - Found 1 web elements with id: 'Object Repository/Olusturma/Genel/Olusturma/eArsivEttnBilgisi' located by 'By.xpath: //*[@id = 'Uuid_I']' in '30' second(s)

2021-11-23 16:57:14 - [MESSAGE][INFO] - Getting attribute 'value' of object 'Object Repository/Olusturma/Genel/Olusturma/eArsivEttnBilgisi'

2021-11-23 16:57:14 - [MESSAGE][PASSED] - Attribute 'value' of object 'Object Repository/Olusturma/Genel/Olusturma/eArsivEttnBilgisi' is: '9735de70-d7bb-49bb-be8a-d1afe5c12a54'

2021-11-23 16:57:14 - [MESSAGE][PASSED] - Call Test Case 'Test Cases/Olusturma/Genel/EttnBilgisiKayitEdilir' successfully

2021-11-23 16:57:14 - [MESSAGE][INFO] - Checking called Test Case

2021-11-23 16:57:14 - [MESSAGE][INFO] - Starting to call Test Case 'Test Cases/Olusturma/Genel/KaydetButonunaTiklanir'

2021-11-23 16:57:14 - [TEST_CASE][PASSED] - Test Cases/Olusturma/Genel/KaydetButonunaTiklanir: Test Cases/Olusturma/Genel/KaydetButonunaTiklanir

2021-11-23 16:57:14 - [TEST_STEP][PASSED] - i = 0: null

2021-11-23 16:57:14 - [TEST_STEP][PASSED] - waitForElementPresent(findTestObject("Olusturma/Genel/Not/Notlar"), 10): Object 'Object Repository/Olusturma/Genel/Not/Notlar' is present

2021-11-23 16:57:14 - [MESSAGE][INFO] - Finding Test Object 'Object Repository/Olusturma/Genel/Not/Notlar'

2021-11-23 16:57:14 - [MESSAGE][INFO] - Checking object

2021-11-23 16:57:14 - [MESSAGE][INFO] - Finding web element from Test Object's properties

2021-11-23 16:57:14 - [MESSAGE][INFO] - Checking timeout

2021-11-23 16:57:14 - [MESSAGE][INFO] - Finding web element with id: 'Object Repository/Olusturma/Genel/Not/Notlar' located by 'By.xpath: //*[@id = 'txtNote_I']' in '10' second(s)

2021-11-23 16:57:14 - [MESSAGE][INFO] - Smart Wait Function is triggered

2021-11-23 16:57:14 - [MESSAGE][INFO] - Found 1 web elements with id: 'Object Repository/Olusturma/Genel/Not/Notlar' located by 'By.xpath: //*[@id = 'txtNote_I']' in '10' second(s)

2021-11-23 16:57:14 - [MESSAGE][PASSED] - Object 'Object Repository/Olusturma/Genel/Not/Notlar' is present

2021-11-23 16:57:14 - [TEST_STEP][PASSED] - click(findTestObject("Olusturma/Genel/Not/Notlar")): Object: 'Object Repository/Olusturma/Genel/Not/Notlar' is clicked on

2021-11-23 16:57:14 - [MESSAGE][INFO] - Finding Test Object 'Object Repository/Olusturma/Genel/Not/Notlar'

2021-11-23 16:57:14 - [MESSAGE][INFO] - Checking object

2021-11-23 16:57:14 - [MESSAGE][INFO] - Finding web element from Test Object's properties

2021-11-23 16:57:14 - [MESSAGE][INFO] - Checking timeout

2021-11-23 16:57:14 - [MESSAGE][INFO] - Finding web element with id: 'Object Repository/Olusturma/Genel/Not/Notlar' located by 'By.xpath: //*[@id = 'txtNote_I']' in '30' second(s)

2021-11-23 16:57:14 - [MESSAGE][INFO] - Smart Wait Function is triggered

2021-11-23 16:57:14 - [MESSAGE][INFO] - Found 1 web elements with id: 'Object Repository/Olusturma/Genel/Not/Notlar' located by 'By.xpath: //*[@id = 'txtNote_I']' in '30' second(s)

2021-11-23 16:57:14 - [MESSAGE][INFO] - Clicking on object: 'Object Repository/Olusturma/Genel/Not/Notlar'

2021-11-23 16:57:15 - [MESSAGE][PASSED] - Object: 'Object Repository/Olusturma/Genel/Not/Notlar' is clicked on

2021-11-23 16:57:15 - [TEST_STEP][PASSED] - while (true): null

2021-11-23 16:57:15 - [TEST_STEP][PASSED] - delay(1): Delayed 1 second(s)

2021-11-23 16:57:15 - [MESSAGE][INFO] - Delaying browser in 1 second(s)

2021-11-23 16:57:16 - [MESSAGE][PASSED] - Delayed 1 second(s)

2021-11-23 16:57:16 - [TEST_STEP][PASSED] - ajaxIsComplete = executeJavaScript("return jQuery.active == 0", null): Execute JavaScript 'return jQuery.active == 0' successfully

2021-11-23 16:57:16 - [MESSAGE][PASSED] - Execute JavaScript 'return jQuery.active == 0' successfully

2021-11-23 16:57:16 - [TEST_STEP][PASSED] - if (ajaxIsComplete): null

2021-11-23 16:57:16 - [TEST_STEP][PASSED] - break: null

2021-11-23 16:57:16 - [TEST_STEP][PASSED] - waitForElementClickable(findTestObject("Object Repository/Olusturma/Genel/Buton"), 10): Object 'Object Repository/Olusturma/Genel/Buton' is clickable

2021-11-23 16:57:16 - [MESSAGE][INFO] - Finding Test Object 'Object Repository/Olusturma/Genel/Buton'

2021-11-23 16:57:16 - [MESSAGE][INFO] - Checking object

2021-11-23 16:57:16 - [MESSAGE][INFO] - Checking timeout

2021-11-23 16:57:16 - [MESSAGE][INFO] - Finding web element from Test Object's properties

2021-11-23 16:57:16 - [MESSAGE][INFO] - Checking timeout

2021-11-23 16:57:16 - [MESSAGE][INFO] - Finding web element with id: 'Object Repository/Olusturma/Genel/Buton' located by 'By.xpath: //*[@id = 'btnKaydet']' in '10' second(s)

2021-11-23 16:57:16 - [MESSAGE][INFO] - Smart Wait Function is triggered

2021-11-23 16:57:16 - [MESSAGE][INFO] - Found 1 web elements with id: 'Object Repository/Olusturma/Genel/Buton' located by 'By.xpath: //*[@id = 'btnKaydet']' in '10' second(s)

2021-11-23 16:57:16 - [MESSAGE][PASSED] - Object 'Object Repository/Olusturma/Genel/Buton' is clickable

2021-11-23 16:57:16 - [TEST_STEP][PASSED] - click(findTestObject("Object Repository/Olusturma/Genel/Buton")): Object: 'Object Repository/Olusturma/Genel/Buton' is clicked on

2021-11-23 16:57:16 - [MESSAGE][INFO] - Finding Test Object 'Object Repository/Olusturma/Genel/Buton'

2021-11-23 16:57:16 - [MESSAGE][INFO] - Checking object

2021-11-23 16:57:16 - [MESSAGE][INFO] - Finding web element from Test Object's properties

2021-11-23 16:57:16 - [MESSAGE][INFO] - Checking timeout

2021-11-23 16:57:16 - [MESSAGE][INFO] - Finding web element with id: 'Object Repository/Olusturma/Genel/Buton' located by 'By.xpath: //*[@id = 'btnKaydet']' in '30' second(s)

2021-11-23 16:57:16 - [MESSAGE][INFO] - Smart Wait Function is triggered

2021-11-23 16:57:16 - [MESSAGE][INFO] - Found 1 web elements with id: 'Object Repository/Olusturma/Genel/Buton' located by 'By.xpath: //*[@id = 'btnKaydet']' in '30' second(s)

2021-11-23 16:57:16 - [MESSAGE][INFO] - Clicking on object: 'Object Repository/Olusturma/Genel/Buton'

2021-11-23 16:57:19 - [MESSAGE][PASSED] - Object: 'Object Repository/Olusturma/Genel/Buton' is clicked on

2021-11-23 16:57:19 - [MESSAGE][PASSED] - Call Test Case 'Test Cases/Olusturma/Genel/KaydetButonunaTiklanir' successfully

2021-11-23 16:57:19 - [MESSAGE][INFO] - Checking called Test Case

2021-11-23 16:57:19 - [MESSAGE][INFO] - Starting to call Test Case 'Test Cases/Tablo/TablodaEttnliVeriOlusturulduMu'

2021-11-23 16:57:19 - [TEST_CASE][PASSED] - Test Cases/Tablo/TablodaEttnliVeriOlusturulduMu: Test Cases/Tablo/TablodaEttnliVeriOlusturulduMu

2021-11-23 16:57:19 - [TEST_STEP][PASSED] - Method.TextDegerineEsitElementVarMi(findTestObject("Tablo/OlusturulanVeri"), ettn): Method.TextDegerineEsitElementVarMi is PASSED

2021-11-23 16:57:19 - [MESSAGE][INFO] - Finding Test Object 'Object Repository/Tablo/OlusturulanVeri'

2021-11-23 16:57:19 - [MESSAGE][INFO] - Checking timeout

2021-11-23 16:57:19 - [MESSAGE][INFO] - Finding web element with id: 'Object Repository/Tablo/OlusturulanVeri' located by 'By.cssSelector: table.dxgvTable_LECustomTheme>tbody>tr:nth-child(3)>td.dxgv b,table.dxgvTable_LECustomTheme>tbody>tr:nth-child(3)>td.dxgv' in '10' second(s)

2021-11-23 16:57:19 - [MESSAGE][INFO] - Smart Wait Function is triggered

2021-11-23 16:57:19 - [MESSAGE][INFO] - Found 14 web elements with id: 'Object Repository/Tablo/OlusturulanVeri' located by 'By.cssSelector: table.dxgvTable_LECustomTheme>tbody>tr:nth-child(3)>td.dxgv b,table.dxgvTable_LECustomTheme>tbody>tr:nth-child(3)>td.dxgv' in '10' second(s)

2021-11-23 16:57:19 - [MESSAGE][PASSED] - Method.TextDegerineEsitElementVarMi is PASSED

2021-11-23 16:57:19 - [MESSAGE][PASSED] - Call Test Case 'Test Cases/Tablo/TablodaEttnliVeriOlusturulduMu' successfully

2021-11-23 16:57:19 - [MESSAGE][INFO] - Checking called Test Case

2021-11-23 16:57:19 - [MESSAGE][INFO] - Starting to call Test Case 'Test Cases/Tablo/TablodanEttnliVeriSec'

2021-11-23 16:57:19 - [TEST_CASE][PASSED] - Test Cases/Tablo/TablodanEttnliVeriSec: Test Cases/Tablo/TablodanEttnliVeriSec

2021-11-23 16:57:19 - [TEST_STEP][PASSED] - Method.TextDegerineEsitElementinAltindakineTikla(findTestObject("Tablo/Veriler"), findTestObject("Tablo/VerininCheckBoxi"), ettn): Method.TextDegerineEsitElementinAltindakineTikla is PASSED

2021-11-23 16:57:19 - [MESSAGE][INFO] - Finding Test Object 'Object Repository/Tablo/Veriler'

2021-11-23 16:57:20 - [MESSAGE][INFO] - Finding Test Object 'Object Repository/Tablo/VerininCheckBoxi'

2021-11-23 16:57:20 - [MESSAGE][INFO] - Checking timeout

2021-11-23 16:57:20 - [MESSAGE][INFO] - Finding web element with id: 'Object Repository/Tablo/Veriler' located by 'By.cssSelector: td.dxgv b ,td.dxgv' in '10' second(s)

2021-11-23 16:57:20 - [MESSAGE][INFO] - Smart Wait Function is triggered

2021-11-23 16:57:20 - [MESSAGE][INFO] - Found 112 web elements with id: 'Object Repository/Tablo/Veriler' located by 'By.cssSelector: td.dxgv b ,td.dxgv' in '10' second(s)

2021-11-23 16:57:20 - [MESSAGE][INFO] - Smart Wait Function is triggered

2021-11-23 16:57:20 - [MESSAGE][PASSED] - Method.TextDegerineEsitElementinAltindakineTikla is PASSED

2021-11-23 16:57:20 - [MESSAGE][PASSED] - Call Test Case 'Test Cases/Tablo/TablodanEttnliVeriSec' successfully

2021-11-23 16:57:20 - [MESSAGE][INFO] - Checking called Test Case

2021-11-23 16:57:20 - [MESSAGE][INFO] - Starting to call Test Case 'Test Cases/Butonlar/ButonaTikla'

2021-11-23 16:57:20 - [TEST_CASE][PASSED] - Test Cases/Butonlar/ButonaTikla: Test Cases/Butonlar/ButonaTikla

2021-11-23 16:57:20 - [TEST_STEP][PASSED] - Method.TextDegerineEsitElementeTiklaEquals(findTestObject("Butonlar/Butonlar"), Buton_Adi): Method.TextDegerineEsitElementeTiklaEquals is PASSED

2021-11-23 16:57:20 - [MESSAGE][INFO] - Finding Test Object 'Object Repository/Butonlar/Butonlar'

2021-11-23 16:57:20 - [MESSAGE][INFO] - Checking timeout

2021-11-23 16:57:20 - [MESSAGE][INFO] - Finding web element with id: 'Object Repository/Butonlar/Butonlar' located by 'By.cssSelector: .panel.panel-default.text-center.footerPanel .btn,.btn.btn-primary.btnControls' in '10' second(s)

2021-11-23 16:57:20 - [MESSAGE][INFO] - Smart Wait Function is triggered

2021-11-23 16:57:21 - [MESSAGE][INFO] - Found 9 web elements with id: 'Object Repository/Butonlar/Butonlar' located by 'By.cssSelector: .panel.panel-default.text-center.footerPanel .btn,.btn.btn-primary.btnControls' in '10' second(s)

2021-11-23 16:57:21 - [MESSAGE][PASSED] - Method.TextDegerineEsitElementeTiklaEquals is PASSED

2021-11-23 16:57:21 - [MESSAGE][PASSED] - Call Test Case 'Test Cases/Butonlar/ButonaTikla' successfully

2021-11-23 16:57:21 - [MESSAGE][INFO] - Checking called Test Case

2021-11-23 16:57:21 - [MESSAGE][INFO] - Starting to call Test Case 'Test Cases/Popup/PopupMesajiIceriyorMu'

2021-11-23 16:57:21 - [TEST_CASE][PASSED] - Test Cases/Popup/PopupMesajiIceriyorMu: Test Cases/Popup/PopupMesajiIceriyorMu

2021-11-23 16:57:21 - [TEST_STEP][PASSED] - waitForElementVisible(findTestObject("Popup/Popup"), 10): Object 'Object Repository/Popup/Popup' is visible

2021-11-23 16:57:21 - [MESSAGE][INFO] - Finding Test Object 'Object Repository/Popup/Popup'

2021-11-23 16:57:21 - [MESSAGE][INFO] - Checking object

2021-11-23 16:57:21 - [MESSAGE][INFO] - Checking timeout

2021-11-23 16:57:21 - [MESSAGE][INFO] - Finding web element from Test Object's properties

2021-11-23 16:57:21 - [MESSAGE][INFO] - Checking timeout

2021-11-23 16:57:21 - [MESSAGE][INFO] - Finding web element with id: 'Object Repository/Popup/Popup' located by 'By.cssSelector: .bootbox-body' in '10' second(s)

2021-11-23 16:57:21 - [MESSAGE][INFO] - Smart Wait Function is triggered

2021-11-23 16:57:22 - [MESSAGE][INFO] - Found 1 web elements with id: 'Object Repository/Popup/Popup' located by 'By.cssSelector: .bootbox-body' in '10' second(s)

2021-11-23 16:57:22 - [MESSAGE][PASSED] - Object 'Object Repository/Popup/Popup' is visible

2021-11-23 16:57:22 - [TEST_STEP][PASSED] - if (!(getText(findTestObject("Popup/Popup")).contains(Mesaj))): Text of object 'Object Repository/Popup/Popup' is: 'Oluşturulacak fatura numarası : YIG2021000000508 Fatura numarası oluşturulduktan sonra fatura silinemez. Fatura numarası, tarihi ve ön eki değiştirilemez. Devam etmek istiyor musunuz?'

2021-11-23 16:57:22 - [MESSAGE][INFO] - Finding Test Object 'Object Repository/Popup/Popup'

2021-11-23 16:57:22 - [MESSAGE][INFO] - Checking object

2021-11-23 16:57:22 - [MESSAGE][INFO] - Finding web element from Test Object's properties

2021-11-23 16:57:22 - [MESSAGE][INFO] - Checking timeout

2021-11-23 16:57:22 - [MESSAGE][INFO] - Finding web element with id: 'Object Repository/Popup/Popup' located by 'By.cssSelector: .bootbox-body' in '30' second(s)

2021-11-23 16:57:22 - [MESSAGE][INFO] - Smart Wait Function is triggered

2021-11-23 16:57:22 - [MESSAGE][INFO] - Found 1 web elements with id: 'Object Repository/Popup/Popup' located by 'By.cssSelector: .bootbox-body' in '30' second(s)

2021-11-23 16:57:22 - [MESSAGE][INFO] - Getting text of object 'Object Repository/Popup/Popup'

2021-11-23 16:57:22 - [MESSAGE][PASSED] - Text of object 'Object Repository/Popup/Popup' is: 'Oluşturulacak fatura numarası : YIG2021000000508 Fatura numarası oluşturulduktan sonra fatura silinemez. Fatura numarası, tarihi ve ön eki değiştirilemez. Devam etmek istiyor musunuz?'

2021-11-23 16:57:22 - [TEST_STEP][PASSED] - RaporNo = getText(findTestObject("Popup/Popup")).substring(0, 6): Text of object 'Object Repository/Popup/Popup' is: 'Oluşturulacak fatura numarası : YIG2021000000508 Fatura numarası oluşturulduktan sonra fatura silinemez. Fatura numarası, tarihi ve ön eki değiştirilemez. Devam etmek istiyor musunuz?'

2021-11-23 16:57:22 - [MESSAGE][INFO] - Finding Test Object 'Object Repository/Popup/Popup'

2021-11-23 16:57:22 - [MESSAGE][INFO] - Checking object

2021-11-23 16:57:22 - [MESSAGE][INFO] - Finding web element from Test Object's properties

2021-11-23 16:57:22 - [MESSAGE][INFO] - Checking timeout

2021-11-23 16:57:22 - [MESSAGE][INFO] - Finding web element with id: 'Object Repository/Popup/Popup' located by 'By.cssSelector: .bootbox-body' in '30' second(s)

2021-11-23 16:57:22 - [MESSAGE][INFO] - Smart Wait Function is triggered

2021-11-23 16:57:23 - [MESSAGE][INFO] - Found 1 web elements with id: 'Object Repository/Popup/Popup' located by 'By.cssSelector: .bootbox-body' in '30' second(s)

2021-11-23 16:57:23 - [MESSAGE][INFO] - Getting text of object 'Object Repository/Popup/Popup'

2021-11-23 16:57:23 - [MESSAGE][PASSED] - Text of object 'Object Repository/Popup/Popup' is: 'Oluşturulacak fatura numarası : YIG2021000000508 Fatura numarası oluşturulduktan sonra fatura silinemez. Fatura numarası, tarihi ve ön eki değiştirilemez. Devam etmek istiyor musunuz?'

2021-11-23 16:57:23 - [TEST_STEP][PASSED] - Console.println(RaporNo): null

2021-11-23 16:57:23 - [MESSAGE][PASSED] - Call Test Case 'Test Cases/Popup/PopupMesajiIceriyorMu' successfully

2021-11-23 16:57:23 - [MESSAGE][INFO] - Checking called Test Case

2021-11-23 16:57:23 - [MESSAGE][INFO] - Starting to call Test Case 'Test Cases/Popup/PopupButonSecilir'

2021-11-23 16:57:23 - [TEST_CASE][PASSED] - Test Cases/Popup/PopupButonSecilir: Test Cases/Popup/PopupButonSecilir

2021-11-23 16:57:23 - [TEST_STEP][PASSED] - Method.TextDegerineEsitElementeTikla(findTestObject("Popup/Popup_Butons"), Buton): Method.TextDegerineEsitElementeTikla is PASSED

2021-11-23 16:57:23 - [MESSAGE][INFO] - Finding Test Object 'Object Repository/Popup/Popup_Butons'

2021-11-23 16:57:23 - [MESSAGE][INFO] - Checking timeout

2021-11-23 16:57:23 - [MESSAGE][INFO] - Finding web element with id: 'Object Repository/Popup/Popup_Butons' located by 'By.cssSelector: .modal-footer>button' in '10' second(s)

2021-11-23 16:57:23 - [MESSAGE][INFO] - Smart Wait Function is triggered

2021-11-23 16:57:23 - [MESSAGE][INFO] - Found 2 web elements with id: 'Object Repository/Popup/Popup_Butons' located by 'By.cssSelector: .modal-footer>button' in '10' second(s)

2021-11-23 16:57:23 - [MESSAGE][PASSED] - Method.TextDegerineEsitElementeTikla is PASSED

2021-11-23 16:57:23 - [MESSAGE][PASSED] - Call Test Case 'Test Cases/Popup/PopupButonSecilir' successfully

2021-11-23 16:57:23 - [MESSAGE][INFO] - Checking called Test Case

2021-11-23 16:57:23 - [MESSAGE][INFO] - Starting to call Test Case 'Test Cases/Popup/PopupMesajiIceriyorMu'

2021-11-23 16:57:23 - [TEST_CASE][PASSED] - Test Cases/Popup/PopupMesajiIceriyorMu: Test Cases/Popup/PopupMesajiIceriyorMu

2021-11-23 16:57:23 - [TEST_STEP][PASSED] - waitForElementVisible(findTestObject("Popup/Popup"), 10): Object 'Object Repository/Popup/Popup' is visible

2021-11-23 16:57:23 - [MESSAGE][INFO] - Finding Test Object 'Object Repository/Popup/Popup'

2021-11-23 16:57:24 - [MESSAGE][INFO] - Checking object

2021-11-23 16:57:24 - [MESSAGE][INFO] - Checking timeout

2021-11-23 16:57:24 - [MESSAGE][INFO] - Finding web element from Test Object's properties

2021-11-23 16:57:24 - [MESSAGE][INFO] - Checking timeout

2021-11-23 16:57:24 - [MESSAGE][INFO] - Finding web element with id: 'Object Repository/Popup/Popup' located by 'By.cssSelector: .bootbox-body' in '10' second(s)

2021-11-23 16:57:24 - [MESSAGE][INFO] - Smart Wait Function is triggered

2021-11-23 16:57:24 - [MESSAGE][INFO] - Found 1 web elements with id: 'Object Repository/Popup/Popup' located by 'By.cssSelector: .bootbox-body' in '10' second(s)

2021-11-23 16:57:24 - [MESSAGE][PASSED] - Object 'Object Repository/Popup/Popup' is visible

2021-11-23 16:57:24 - [TEST_STEP][PASSED] - if (!(getText(findTestObject("Popup/Popup")).contains(Mesaj))): Text of object 'Object Repository/Popup/Popup' is: 'Fatura numaranız YIG2021000000508 olarak oluşmuştur.'

2021-11-23 16:57:24 - [MESSAGE][INFO] - Finding Test Object 'Object Repository/Popup/Popup'

2021-11-23 16:57:24 - [MESSAGE][INFO] - Checking object

2021-11-23 16:57:24 - [MESSAGE][INFO] - Finding web element from Test Object's properties

2021-11-23 16:57:24 - [MESSAGE][INFO] - Checking timeout

2021-11-23 16:57:24 - [MESSAGE][INFO] - Finding web element with id: 'Object Repository/Popup/Popup' located by 'By.cssSelector: .bootbox-body' in '30' second(s)

2021-11-23 16:57:24 - [MESSAGE][INFO] - Smart Wait Function is triggered

2021-11-23 16:57:25 - [MESSAGE][INFO] - Found 1 web elements with id: 'Object Repository/Popup/Popup' located by 'By.cssSelector: .bootbox-body' in '30' second(s)

2021-11-23 16:57:25 - [MESSAGE][INFO] - Getting text of object 'Object Repository/Popup/Popup'

2021-11-23 16:57:25 - [MESSAGE][PASSED] - Text of object 'Object Repository/Popup/Popup' is: 'Fatura numaranız YIG2021000000508 olarak oluşmuştur.'

2021-11-23 16:57:25 - [TEST_STEP][PASSED] - RaporNo = getText(findTestObject("Popup/Popup")).substring(0, 6): Text of object 'Object Repository/Popup/Popup' is: 'Fatura numaranız YIG2021000000508 olarak oluşmuştur.'

2021-11-23 16:57:25 - [MESSAGE][INFO] - Finding Test Object 'Object Repository/Popup/Popup'

2021-11-23 16:57:25 - [MESSAGE][INFO] - Checking object

2021-11-23 16:57:25 - [MESSAGE][INFO] - Finding web element from Test Object's properties

2021-11-23 16:57:25 - [MESSAGE][INFO] - Checking timeout

2021-11-23 16:57:25 - [MESSAGE][INFO] - Finding web element with id: 'Object Repository/Popup/Popup' located by 'By.cssSelector: .bootbox-body' in '30' second(s)

2021-11-23 16:57:25 - [MESSAGE][INFO] - Smart Wait Function is triggered

2021-11-23 16:57:25 - [MESSAGE][INFO] - Found 1 web elements with id: 'Object Repository/Popup/Popup' located by 'By.cssSelector: .bootbox-body' in '30' second(s)

2021-11-23 16:57:25 - [MESSAGE][INFO] - Getting text of object 'Object Repository/Popup/Popup'

2021-11-23 16:57:25 - [MESSAGE][PASSED] - Text of object 'Object Repository/Popup/Popup' is: 'Fatura numaranız YIG2021000000508 olarak oluşmuştur.'

2021-11-23 16:57:25 - [TEST_STEP][PASSED] - Console.println(RaporNo): null

2021-11-23 16:57:25 - [MESSAGE][PASSED] - Call Test Case 'Test Cases/Popup/PopupMesajiIceriyorMu' successfully

2021-11-23 16:57:25 - [MESSAGE][INFO] - Checking called Test Case

2021-11-23 16:57:25 - [MESSAGE][INFO] - Starting to call Test Case 'Test Cases/Popup/PopupButonSecilir'

2021-11-23 16:57:25 - [TEST_CASE][PASSED] - Test Cases/Popup/PopupButonSecilir: Test Cases/Popup/PopupButonSecilir

2021-11-23 16:57:25 - [TEST_STEP][PASSED] - Method.TextDegerineEsitElementeTikla(findTestObject("Popup/Popup_Butons"), Buton): Method.TextDegerineEsitElementeTikla is PASSED

2021-11-23 16:57:25 - [MESSAGE][INFO] - Finding Test Object 'Object Repository/Popup/Popup_Butons'

2021-11-23 16:57:25 - [MESSAGE][INFO] - Checking timeout

2021-11-23 16:57:25 - [MESSAGE][INFO] - Finding web element with id: 'Object Repository/Popup/Popup_Butons' located by 'By.cssSelector: .modal-footer>button' in '10' second(s)

2021-11-23 16:57:25 - [MESSAGE][INFO] - Smart Wait Function is triggered

2021-11-23 16:57:25 - [MESSAGE][INFO] - Found 1 web elements with id: 'Object Repository/Popup/Popup_Butons' located by 'By.cssSelector: .modal-footer>button' in '10' second(s)

2021-11-23 16:57:25 - [MESSAGE][PASSED] - Method.TextDegerineEsitElementeTikla is PASSED

2021-11-23 16:57:25 - [MESSAGE][PASSED] - Call Test Case 'Test Cases/Popup/PopupButonSecilir' successfully

2021-11-23 16:57:25 - [MESSAGE][INFO] - Checking called Test Case

2021-11-23 16:57:25 - [MESSAGE][INFO] - Starting to call Test Case 'Test Cases/Tablo/TablodanEttnliVeriSec'

2021-11-23 16:57:25 - [TEST_CASE][PASSED] - Test Cases/Tablo/TablodanEttnliVeriSec: Test Cases/Tablo/TablodanEttnliVeriSec

2021-11-23 16:57:25 - [TEST_STEP][PASSED] - Method.TextDegerineEsitElementinAltindakineTikla(findTestObject("Tablo/Veriler"), findTestObject("Tablo/VerininCheckBoxi"), ettn): Method.TextDegerineEsitElementinAltindakineTikla is PASSED

2021-11-23 16:57:25 - [MESSAGE][INFO] - Finding Test Object 'Object Repository/Tablo/Veriler'

2021-11-23 16:57:26 - [MESSAGE][INFO] - Finding Test Object 'Object Repository/Tablo/VerininCheckBoxi'

2021-11-23 16:57:26 - [MESSAGE][INFO] - Checking timeout

2021-11-23 16:57:26 - [MESSAGE][INFO] - Finding web element with id: 'Object Repository/Tablo/Veriler' located by 'By.cssSelector: td.dxgv b ,td.dxgv' in '10' second(s)

2021-11-23 16:57:26 - [MESSAGE][INFO] - Smart Wait Function is triggered

2021-11-23 16:57:26 - [MESSAGE][INFO] - Found 112 web elements with id: 'Object Repository/Tablo/Veriler' located by 'By.cssSelector: td.dxgv b ,td.dxgv' in '10' second(s)

2021-11-23 16:57:26 - [MESSAGE][INFO] - Smart Wait Function is triggered

2021-11-23 16:57:27 - [MESSAGE][PASSED] - Method.TextDegerineEsitElementinAltindakineTikla is PASSED

2021-11-23 16:57:27 - [MESSAGE][PASSED] - Call Test Case 'Test Cases/Tablo/TablodanEttnliVeriSec' successfully

2021-11-23 16:57:27 - [MESSAGE][INFO] - Checking called Test Case

2021-11-23 16:57:27 - [MESSAGE][INFO] - Starting to call Test Case 'Test Cases/Butonlar/ButonaTikla'

2021-11-23 16:57:27 - [TEST_CASE][PASSED] - Test Cases/Butonlar/ButonaTikla: Test Cases/Butonlar/ButonaTikla

2021-11-23 16:57:27 - [TEST_STEP][PASSED] - Method.TextDegerineEsitElementeTiklaEquals(findTestObject("Butonlar/Butonlar"), Buton_Adi): Method.TextDegerineEsitElementeTiklaEquals is PASSED

2021-11-23 16:57:27 - [MESSAGE][INFO] - Finding Test Object 'Object Repository/Butonlar/Butonlar'

2021-11-23 16:57:27 - [MESSAGE][INFO] - Checking timeout

2021-11-23 16:57:27 - [MESSAGE][INFO] - Finding web element with id: 'Object Repository/Butonlar/Butonlar' located by 'By.cssSelector: .panel.panel-default.text-center.footerPanel .btn,.btn.btn-primary.btnControls' in '10' second(s)

2021-11-23 16:57:27 - [MESSAGE][INFO] - Smart Wait Function is triggered

2021-11-23 16:57:27 - [MESSAGE][INFO] - Found 9 web elements with id: 'Object Repository/Butonlar/Butonlar' located by 'By.cssSelector: .panel.panel-default.text-center.footerPanel .btn,.btn.btn-primary.btnControls' in '10' second(s)

2021-11-23 16:57:28 - [MESSAGE][PASSED] - Method.TextDegerineEsitElementeTiklaEquals is PASSED

2021-11-23 16:57:28 - [MESSAGE][PASSED] - Call Test Case 'Test Cases/Butonlar/ButonaTikla' successfully

2021-11-23 16:57:28 - [MESSAGE][INFO] - Checking called Test Case

2021-11-23 16:57:28 - [MESSAGE][INFO] - Starting to call Test Case 'Test Cases/Popup/PopupMesajiIceriyorMu'

2021-11-23 16:57:28 - [TEST_CASE][PASSED] - Test Cases/Popup/PopupMesajiIceriyorMu: Test Cases/Popup/PopupMesajiIceriyorMu

2021-11-23 16:57:28 - [TEST_STEP][PASSED] - waitForElementVisible(findTestObject("Popup/Popup"), 10): Object 'Object Repository/Popup/Popup' is visible

2021-11-23 16:57:28 - [MESSAGE][INFO] - Finding Test Object 'Object Repository/Popup/Popup'

2021-11-23 16:57:28 - [MESSAGE][INFO] - Checking object

2021-11-23 16:57:28 - [MESSAGE][INFO] - Checking timeout

2021-11-23 16:57:28 - [MESSAGE][INFO] - Finding web element from Test Object's properties

2021-11-23 16:57:28 - [MESSAGE][INFO] - Checking timeout

2021-11-23 16:57:28 - [MESSAGE][INFO] - Finding web element with id: 'Object Repository/Popup/Popup' located by 'By.cssSelector: .bootbox-body' in '10' second(s)

2021-11-23 16:57:28 - [MESSAGE][INFO] - Smart Wait Function is triggered

2021-11-23 16:57:28 - [MESSAGE][INFO] - Found 1 web elements with id: 'Object Repository/Popup/Popup' located by 'By.cssSelector: .bootbox-body' in '10' second(s)

2021-11-23 16:57:28 - [MESSAGE][PASSED] - Object 'Object Repository/Popup/Popup' is visible

2021-11-23 16:57:28 - [TEST_STEP][PASSED] - if (!(getText(findTestObject("Popup/Popup")).contains(Mesaj))): Text of object 'Object Repository/Popup/Popup' is: 'Seçilen faturalarınız onaylanacaktır. Onaylanan faturalar üzerinde değişiklik yapılamaz. Devam etmek istiyor musunuz?'

2021-11-23 16:57:28 - [MESSAGE][INFO] - Finding Test Object 'Object Repository/Popup/Popup'

2021-11-23 16:57:28 - [MESSAGE][INFO] - Checking object

2021-11-23 16:57:28 - [MESSAGE][INFO] - Finding web element from Test Object's properties

2021-11-23 16:57:28 - [MESSAGE][INFO] - Checking timeout

2021-11-23 16:57:28 - [MESSAGE][INFO] - Finding web element with id: 'Object Repository/Popup/Popup' located by 'By.cssSelector: .bootbox-body' in '30' second(s)

2021-11-23 16:57:28 - [MESSAGE][INFO] - Smart Wait Function is triggered

2021-11-23 16:57:29 - [MESSAGE][INFO] - Found 1 web elements with id: 'Object Repository/Popup/Popup' located by 'By.cssSelector: .bootbox-body' in '30' second(s)

2021-11-23 16:57:29 - [MESSAGE][INFO] - Getting text of object 'Object Repository/Popup/Popup'

2021-11-23 16:57:29 - [MESSAGE][PASSED] - Text of object 'Object Repository/Popup/Popup' is: 'Seçilen faturalarınız onaylanacaktır. Onaylanan faturalar üzerinde değişiklik yapılamaz. Devam etmek istiyor musunuz?'

2021-11-23 16:57:29 - [TEST_STEP][PASSED] - RaporNo = getText(findTestObject("Popup/Popup")).substring(0, 6): Text of object 'Object Repository/Popup/Popup' is: 'Seçilen faturalarınız onaylanacaktır. Onaylanan faturalar üzerinde değişiklik yapılamaz. Devam etmek istiyor musunuz?'

2021-11-23 16:57:29 - [MESSAGE][INFO] - Finding Test Object 'Object Repository/Popup/Popup'

2021-11-23 16:57:29 - [MESSAGE][INFO] - Checking object

2021-11-23 16:57:29 - [MESSAGE][INFO] - Finding web element from Test Object's properties

2021-11-23 16:57:29 - [MESSAGE][INFO] - Checking timeout

2021-11-23 16:57:29 - [MESSAGE][INFO] - Finding web element with id: 'Object Repository/Popup/Popup' located by 'By.cssSelector: .bootbox-body' in '30' second(s)

2021-11-23 16:57:29 - [MESSAGE][INFO] - Smart Wait Function is triggered

2021-11-23 16:57:29 - [MESSAGE][INFO] - Found 1 web elements with id: 'Object Repository/Popup/Popup' located by 'By.cssSelector: .bootbox-body' in '30' second(s)

2021-11-23 16:57:29 - [MESSAGE][INFO] - Getting text of object 'Object Repository/Popup/Popup'

2021-11-23 16:57:29 - [MESSAGE][PASSED] - Text of object 'Object Repository/Popup/Popup' is: 'Seçilen faturalarınız onaylanacaktır. Onaylanan faturalar üzerinde değişiklik yapılamaz. Devam etmek istiyor musunuz?'

2021-11-23 16:57:29 - [TEST_STEP][PASSED] - Console.println(RaporNo): null

2021-11-23 16:57:29 - [MESSAGE][PASSED] - Call Test Case 'Test Cases/Popup/PopupMesajiIceriyorMu' successfully

2021-11-23 16:57:29 - [MESSAGE][INFO] - Checking called Test Case

2021-11-23 16:57:29 - [MESSAGE][INFO] - Starting to call Test Case 'Test Cases/Popup/PopupButonSecilir'

2021-11-23 16:57:29 - [TEST_CASE][PASSED] - Test Cases/Popup/PopupButonSecilir: Test Cases/Popup/PopupButonSecilir

2021-11-23 16:57:29 - [TEST_STEP][PASSED] - Method.TextDegerineEsitElementeTikla(findTestObject("Popup/Popup_Butons"), Buton): Method.TextDegerineEsitElementeTikla is PASSED

2021-11-23 16:57:29 - [MESSAGE][INFO] - Finding Test Object 'Object Repository/Popup/Popup_Butons'

2021-11-23 16:57:29 - [MESSAGE][INFO] - Checking timeout

2021-11-23 16:57:29 - [MESSAGE][INFO] - Finding web element with id: 'Object Repository/Popup/Popup_Butons' located by 'By.cssSelector: .modal-footer>button' in '10' second(s)

2021-11-23 16:57:29 - [MESSAGE][INFO] - Smart Wait Function is triggered

2021-11-23 16:57:29 - [MESSAGE][INFO] - Found 2 web elements with id: 'Object Repository/Popup/Popup_Butons' located by 'By.cssSelector: .modal-footer>button' in '10' second(s)

2021-11-23 16:57:29 - [MESSAGE][PASSED] - Method.TextDegerineEsitElementeTikla is PASSED

2021-11-23 16:57:29 - [MESSAGE][PASSED] - Call Test Case 'Test Cases/Popup/PopupButonSecilir' successfully

2021-11-23 16:57:29 - [MESSAGE][INFO] - Checking called Test Case

2021-11-23 16:57:29 - [MESSAGE][INFO] - Starting to call Test Case 'Test Cases/Menu/AnaMenuSecimi'

2021-11-23 16:57:30 - [TEST_CASE][PASSED] - Test Cases/Menu/AnaMenuSecimi: Test Cases/Menu/AnaMenuSecimi

2021-11-23 16:57:30 - [TEST_STEP][PASSED] - Method.TextDegerineEsitElementeTikla(findTestObject("Menu/Ana_Menu"), Ana_Menu): Method.TextDegerineEsitElementeTikla is PASSED

2021-11-23 16:57:30 - [MESSAGE][INFO] - Finding Test Object 'Object Repository/Menu/Ana_Menu'

2021-11-23 16:57:30 - [MESSAGE][INFO] - Checking timeout

2021-11-23 16:57:30 - [MESSAGE][INFO] - Finding web element with id: 'Object Repository/Menu/Ana_Menu' located by 'By.xpath: //*[@class = 'dropdown-toggle']' in '10' second(s)

2021-11-23 16:57:30 - [MESSAGE][INFO] - Smart Wait Function is triggered

2021-11-23 16:57:30 - [MESSAGE][INFO] - Found 13 web elements with id: 'Object Repository/Menu/Ana_Menu' located by 'By.xpath: //*[@class = 'dropdown-toggle']' in '10' second(s)

2021-11-23 16:57:31 - [MESSAGE][PASSED] - Method.TextDegerineEsitElementeTikla is PASSED

2021-11-23 16:57:31 - [MESSAGE][PASSED] - Call Test Case 'Test Cases/Menu/AnaMenuSecimi' successfully

2021-11-23 16:57:31 - [MESSAGE][INFO] - Checking called Test Case

2021-11-23 16:57:31 - [MESSAGE][INFO] - Starting to call Test Case 'Test Cases/Menu/BasligaGoreAltMenuSecimi'

2021-11-23 16:57:31 - [TEST_CASE][PASSED] - Test Cases/Menu/BasligaGoreAltMenuSecimi: Test Cases/Menu/BasligaGoreAltMenuSecimi

2021-11-23 16:57:31 - [TEST_STEP][PASSED] - Method.TextDegerineEsitElementinAltindakiTextDegerineEsitOlanaTikla(findTestObject("Menu/Menu_Basligi"), findTestObject("Menu/Basliga_Gore_Alt_Menu"), Baslik, Alt_Menu): Method.TextDegerineEsitElementinAltindakiTextDegerineEsitOlanaTikla is PASSED

2021-11-23 16:57:31 - [MESSAGE][INFO] - Finding Test Object 'Object Repository/Menu/Menu_Basligi'

2021-11-23 16:57:31 - [MESSAGE][INFO] - Finding Test Object 'Object Repository/Menu/Basliga_Gore_Alt_Menu'

2021-11-23 16:57:31 - [MESSAGE][INFO] - Checking timeout

2021-11-23 16:57:31 - [MESSAGE][INFO] - Finding web element with id: 'Object Repository/Menu/Menu_Basligi' located by 'By.xpath: //li[@class='dropdown dropdown-large open']//li[@class='dropdown-header']' in '10' second(s)

2021-11-23 16:57:31 - [MESSAGE][INFO] - Smart Wait Function is triggered

2021-11-23 16:57:31 - [MESSAGE][INFO] - Found 2 web elements with id: 'Object Repository/Menu/Menu_Basligi' located by 'By.xpath: //li[@class='dropdown dropdown-large open']//li[@class='dropdown-header']' in '10' second(s)

2021-11-23 16:57:31 - [MESSAGE][INFO] - Smart Wait Function is triggered

2021-11-23 16:57:32 - [MESSAGE][PASSED] - Method.TextDegerineEsitElementinAltindakiTextDegerineEsitOlanaTikla is PASSED

2021-11-23 16:57:32 - [MESSAGE][PASSED] - Call Test Case 'Test Cases/Menu/BasligaGoreAltMenuSecimi' successfully

2021-11-23 16:57:32 - [MESSAGE][INFO] - Checking called Test Case

2021-11-23 16:57:32 - [MESSAGE][INFO] - Starting to call Test Case 'Test Cases/Filtreler/EttnYaz'

2021-11-23 16:57:32 - [TEST_CASE][PASSED] - Test Cases/Filtreler/EttnYaz: Test Cases/Filtreler/EttnYaz

2021-11-23 16:57:32 - [TEST_STEP][PASSED] - Method.TextDegerineEsitElementinAltindakiTextboxtaYaz(findTestObject("Filtreler/Basliklar"), findTestObject("Filtreler/Basliga_Gore_Textbox"), "ETTN", ettn): Method.TextDegerineEsitElementinAltindakiTextboxtaYaz is PASSED

2021-11-23 16:57:32 - [MESSAGE][INFO] - Finding Test Object 'Object Repository/Filtreler/Basliklar'

2021-11-23 16:57:33 - [MESSAGE][INFO] - Finding Test Object 'Object Repository/Filtreler/Basliga_Gore_Textbox'

2021-11-23 16:57:33 - [MESSAGE][INFO] - Checking timeout

2021-11-23 16:57:33 - [MESSAGE][INFO] - Finding web element with id: 'Object Repository/Filtreler/Basliklar' located by 'By.cssSelector: .control-label.col-sm-4.paddingMarginRLC' in '10' second(s)

2021-11-23 16:57:33 - [MESSAGE][INFO] - Smart Wait Function is triggered

2021-11-23 16:57:33 - [MESSAGE][INFO] - Found 19 web elements with id: 'Object Repository/Filtreler/Basliklar' located by 'By.cssSelector: .control-label.col-sm-4.paddingMarginRLC' in '10' second(s)

2021-11-23 16:57:33 - [MESSAGE][INFO] - Smart Wait Function is triggered

2021-11-23 16:57:33 - [MESSAGE][PASSED] - Method.TextDegerineEsitElementinAltindakiTextboxtaYaz is PASSED

2021-11-23 16:57:33 - [MESSAGE][PASSED] - Call Test Case 'Test Cases/Filtreler/EttnYaz' successfully

2021-11-23 16:57:33 - [MESSAGE][INFO] - Checking called Test Case

2021-11-23 16:57:33 - [MESSAGE][INFO] - Starting to call Test Case 'Test Cases/Filtreler/ButonaTikla'

2021-11-23 16:57:34 - [TEST_CASE][PASSED] - Test Cases/Filtreler/ButonaTikla: Test Cases/Filtreler/ButonaTikla

2021-11-23 16:57:34 - [TEST_STEP][PASSED] - Method.TextDegerineEsitElementeTikla(findTestObject("Filtreler/Butonlar"), Filtre_Buton): Method.TextDegerineEsitElementeTikla is PASSED

2021-11-23 16:57:34 - [MESSAGE][INFO] - Finding Test Object 'Object Repository/Filtreler/Butonlar'

2021-11-23 16:57:34 - [MESSAGE][INFO] - Checking timeout

2021-11-23 16:57:34 - [MESSAGE][INFO] - Finding web element with id: 'Object Repository/Filtreler/Butonlar' located by 'By.cssSelector: .dxb>span' in '10' second(s)

2021-11-23 16:57:34 - [MESSAGE][INFO] - Smart Wait Function is triggered

2021-11-23 16:57:34 - [MESSAGE][INFO] - Found 3 web elements with id: 'Object Repository/Filtreler/Butonlar' located by 'By.cssSelector: .dxb>span' in '10' second(s)

2021-11-23 16:57:34 - [MESSAGE][PASSED] - Method.TextDegerineEsitElementeTikla is PASSED

2021-11-23 16:57:34 - [MESSAGE][PASSED] - Call Test Case 'Test Cases/Filtreler/ButonaTikla' successfully

2021-11-23 16:57:34 - [MESSAGE][INFO] - Checking called Test Case

2021-11-23 16:57:34 - [MESSAGE][INFO] - Starting to call Test Case 'Test Cases/Tablo/TablodaVeriVarMi'

2021-11-23 16:57:34 - [TEST_CASE][PASSED] - Test Cases/Tablo/TablodaVeriVarMi: Test Cases/Tablo/TablodaVeriVarMi

2021-11-23 16:57:34 - [TEST_STEP][PASSED] - verifyTextNotPresent("Görüntülenecek veri yok", true): Text 'Görüntülenecek veri yok' is not present on page using regular expression

2021-11-23 16:57:34 - [MESSAGE][INFO] - Checking text present  using regular expression

2021-11-23 16:57:34 - [MESSAGE][INFO] - Smart Wait Function is triggered

2021-11-23 16:57:35 - [MESSAGE][INFO] - Finding text 'Görüntülenecek veri yok' on page  using regular expression

2021-11-23 16:57:35 - [MESSAGE][PASSED] - Text 'Görüntülenecek veri yok' is not present on page using regular expression

2021-11-23 16:57:35 - [MESSAGE][PASSED] - Call Test Case 'Test Cases/Tablo/TablodaVeriVarMi' successfully

2021-11-23 16:57:35 - [MESSAGE][INFO] - Checking called Test Case

2021-11-23 16:57:35 - [MESSAGE][INFO] - Starting to call Test Case 'Test Cases/Tablo/TablodaVeriBasariliMiArsiv'

2021-11-23 16:57:35 - [TEST_CASE][PASSED] - Test Cases/Tablo/TablodaVeriBasariliMiArsiv: Test Cases/Tablo/TablodaVeriBasariliMiArsiv

2021-11-23 16:57:35 - [TEST_STEP][PASSED] - sayac = 80: null

2021-11-23 16:57:35 - [TEST_STEP][PASSED] - while (verifyElementText(findTestObject("Object Repository/Tablo/DurumBilgisiArsiv"), "Henüz Sonuçlanmadı", OPTIONAL)): Actual text 'Başarılı' and expected text 'Henüz Sonuçlanmadı' of test object 'Object Repository/Tablo/DurumBilgisiArsiv' are NOT matched. (Root cause: com.kms.katalon.core.exception.StepFailedException: Actual text 'Başarılı' and expected text 'Henüz Sonuçlanmadı' of test object 'Object Repository/Tablo/DurumBilgisiArsiv' are NOT matched.
	at com.kms.katalon.core.webui.keyword.internal.WebUIKeywordMain.stepFailed(WebUIKeywordMain.groovy:64)
	at com.kms.katalon.core.webui.keyword.builtin.VerifyElementTextKeyword$_verifyElementText_closure1.doCall(VerifyElementTextKeyword.groovy:57)
	at com.kms.katalon.core.webui.keyword.builtin.VerifyElementTextKeyword$_verifyElementText_closure1.call(VerifyElementTextKeyword.groovy)
	at com.kms.katalon.core.webui.keyword.internal.WebUIKeywordMain.runKeyword(WebUIKeywordMain.groovy:20)
	at com.kms.katalon.core.webui.keyword.builtin.VerifyElementTextKeyword.verifyElementText(VerifyElementTextKeyword.groovy:72)
	at com.kms.katalon.core.webui.keyword.builtin.VerifyElementTextKeyword.execute(VerifyElementTextKeyword.groovy:40)
	at com.kms.katalon.core.keyword.internal.KeywordExecutor.executeKeywordForPlatform(KeywordExecutor.groovy:73)
	at com.kms.katalon.core.webui.keyword.WebUiBuiltInKeywords.verifyElementText(WebUiBuiltInKeywords.groovy:4733)
	at com.kms.katalon.core.webui.keyword.WebUiBuiltInKeywords$verifyElementText$20.call(Unknown Source)
	at TablodaVeriBasariliMiArsiv.run(TablodaVeriBasariliMiArsiv:22)
	at com.kms.katalon.core.main.ScriptEngine.run(ScriptEngine.java:194)
	at com.kms.katalon.core.main.ScriptEngine.runScriptAsRawText(ScriptEngine.java:119)
	at com.kms.katalon.core.main.TestCaseExecutor.runScript(TestCaseExecutor.java:369)
	at com.kms.katalon.core.main.TestCaseExecutor.doExecute(TestCaseExecutor.java:360)
	at com.kms.katalon.core.main.TestCaseExecutor.processExecutionPhase(TestCaseExecutor.java:339)
	at com.kms.katalon.core.main.TestCaseExecutor.accessMainPhase(TestCaseExecutor.java:331)
	at com.kms.katalon.core.main.TestCaseExecutor.execute(TestCaseExecutor.java:248)
	at com.kms.katalon.core.main.TestCaseMain.runTestCase(TestCaseMain.java:138)
	at com.kms.katalon.core.keyword.builtin.CallTestCaseKeyword$_callTestCase_closure1.doCall(CallTestCaseKeyword.groovy:59)
	at com.kms.katalon.core.keyword.builtin.CallTestCaseKeyword$_callTestCase_closure1.call(CallTestCaseKeyword.groovy)
	at com.kms.katalon.core.keyword.internal.KeywordMain.runKeyword(KeywordMain.groovy:68)
	at com.kms.katalon.core.keyword.builtin.CallTestCaseKeyword.callTestCase(CallTestCaseKeyword.groovy:81)
	at com.kms.katalon.core.keyword.builtin.CallTestCaseKeyword.execute(CallTestCaseKeyword.groovy:44)
	at com.kms.katalon.core.keyword.internal.KeywordExecutor.executeKeywordForPlatform(KeywordExecutor.groovy:73)
	at com.kms.katalon.core.keyword.BuiltinKeywords.callTestCase(BuiltinKeywords.groovy:334)
	at tablo.tablo.tablodaVeriBasariliMiArsiv(tablo.groovy:95)
	at cucumber.runtime.Utils$1.call(Utils.java:26)
	at cucumber.runtime.Timeout.timeout(Timeout.java:16)
	at cucumber.runtime.Utils.invoke(Utils.java:20)
	at cucumber.runtime.java.JavaStepDefinition.execute(JavaStepDefinition.java:49)
	at cucumber.runner.PickleStepDefinitionMatch.runStep(PickleStepDefinitionMatch.java:50)
	at cucumber.runner.TestStep.executeStep(TestStep.java:63)
	at cucumber.runner.TestStep.run(TestStep.java:49)
	at cucumber.runner.PickleStepTestStep.run(PickleStepTestStep.java:43)
	at cucumber.runner.TestCase.run(TestCase.java:44)
	at cucumber.runner.Runner.runPickle(Runner.java:40)
	at cucumber.runtime.Runtime$1.run(Runtime.java:84)
	at cucumber.runtime.Runtime$SameThreadExecutorService.execute(Runtime.java:220)
	at cucumber.runtime.Runtime.run(Runtime.java:81)
	at cucumber.api.cli.Main.run(Main.java:26)
	at cucumber.api.cli.Main$run.call(Unknown Source)
	at com.kms.katalon.core.cucumber.keyword.CucumberBuiltinKeywords$_runFeatureFile_closure1.doCall(CucumberBuiltinKeywords.groovy:106)
	at com.kms.katalon.core.cucumber.keyword.CucumberBuiltinKeywords$_runFeatureFile_closure1.doCall(CucumberBuiltinKeywords.groovy)
	at com.kms.katalon.core.keyword.internal.KeywordMain.runKeyword(KeywordMain.groovy:68)
	at com.kms.katalon.core.keyword.internal.KeywordMain$runKeyword.call(Unknown Source)
	at com.kms.katalon.core.cucumber.keyword.CucumberBuiltinKeywords.runFeatureFile(CucumberBuiltinKeywords.groovy:73)
	at com.kms.katalon.core.cucumber.keyword.CucumberBuiltinKeywords$runFeatureFile$0.callStatic(Unknown Source)
	at com.kms.katalon.core.cucumber.keyword.CucumberBuiltinKeywords.runFeatureFile(CucumberBuiltinKeywords.groovy:246)
	at com.kms.katalon.core.cucumber.keyword.CucumberBuiltinKeywords$runFeatureFile.call(Unknown Source)
	at VKN-Kagit-Hal Satis.run(VKN-Kagit-Hal Satis:19)
	at com.kms.katalon.core.main.ScriptEngine.run(ScriptEngine.java:194)
	at com.kms.katalon.core.main.ScriptEngine.runScriptAsRawText(ScriptEngine.java:119)
	at com.kms.katalon.core.main.TestCaseExecutor.runScript(TestCaseExecutor.java:369)
	at com.kms.katalon.core.main.TestCaseExecutor.doExecute(TestCaseExecutor.java:360)
	at com.kms.katalon.core.main.TestCaseExecutor.processExecutionPhase(TestCaseExecutor.java:339)
	at com.kms.katalon.core.main.TestCaseExecutor.accessMainPhase(TestCaseExecutor.java:331)
	at com.kms.katalon.core.main.TestCaseExecutor.execute(TestCaseExecutor.java:248)
	at com.kms.katalon.core.main.TestSuiteExecutor.accessTestCaseMainPhase(TestSuiteExecutor.java:191)
	at com.kms.katalon.core.main.TestSuiteExecutor.accessTestSuiteMainPhase(TestSuiteExecutor.java:140)
	at com.kms.katalon.core.main.TestSuiteExecutor.execute(TestSuiteExecutor.java:89)
	at com.kms.katalon.core.main.TestCaseMain.startTestSuite(TestCaseMain.java:181)
	at com.kms.katalon.core.main.TestCaseMain$startTestSuite$0.call(Unknown Source)
	at TempTestSuite1637674444414.run(TempTestSuite1637674444414.groovy:39)
)

2021-11-23 16:57:35 - [MESSAGE][INFO] - Finding Test Object 'Object Repository/Tablo/DurumBilgisiArsiv'

2021-11-23 16:57:35 - [MESSAGE][INFO] - Checking object

2021-11-23 16:57:35 - [MESSAGE][INFO] - Finding web element from Test Object's properties

2021-11-23 16:57:35 - [MESSAGE][INFO] - Checking timeout

2021-11-23 16:57:35 - [MESSAGE][INFO] - Finding web element with id: 'Object Repository/Tablo/DurumBilgisiArsiv' located by 'By.xpath: //*[@id = 'GridViewEArchiveInvoices_tccell0_9']' in '30' second(s)

2021-11-23 16:57:35 - [MESSAGE][INFO] - Smart Wait Function is triggered

2021-11-23 16:57:35 - [MESSAGE][INFO] - Found 1 web elements with id: 'Object Repository/Tablo/DurumBilgisiArsiv' located by 'By.xpath: //*[@id = 'GridViewEArchiveInvoices_tccell0_9']' in '30' second(s)

2021-11-23 16:57:35 - [MESSAGE][WARNING] - Actual text 'Başarılı' and expected text 'Henüz Sonuçlanmadı' of test object 'Object Repository/Tablo/DurumBilgisiArsiv' are NOT matched. (Root cause: com.kms.katalon.core.exception.StepFailedException: Actual text 'Başarılı' and expected text 'Henüz Sonuçlanmadı' of test object 'Object Repository/Tablo/DurumBilgisiArsiv' are NOT matched.
	at com.kms.katalon.core.webui.keyword.internal.WebUIKeywordMain.stepFailed(WebUIKeywordMain.groovy:64)
	at com.kms.katalon.core.webui.keyword.builtin.VerifyElementTextKeyword$_verifyElementText_closure1.doCall(VerifyElementTextKeyword.groovy:57)
	at com.kms.katalon.core.webui.keyword.builtin.VerifyElementTextKeyword$_verifyElementText_closure1.call(VerifyElementTextKeyword.groovy)
	at com.kms.katalon.core.webui.keyword.internal.WebUIKeywordMain.runKeyword(WebUIKeywordMain.groovy:20)
	at com.kms.katalon.core.webui.keyword.builtin.VerifyElementTextKeyword.verifyElementText(VerifyElementTextKeyword.groovy:72)
	at com.kms.katalon.core.webui.keyword.builtin.VerifyElementTextKeyword.execute(VerifyElementTextKeyword.groovy:40)
	at com.kms.katalon.core.keyword.internal.KeywordExecutor.executeKeywordForPlatform(KeywordExecutor.groovy:73)
	at com.kms.katalon.core.webui.keyword.WebUiBuiltInKeywords.verifyElementText(WebUiBuiltInKeywords.groovy:4733)
	at com.kms.katalon.core.webui.keyword.WebUiBuiltInKeywords$verifyElementText$20.call(Unknown Source)
	at TablodaVeriBasariliMiArsiv.run(TablodaVeriBasariliMiArsiv:22)
	at com.kms.katalon.core.main.ScriptEngine.run(ScriptEngine.java:194)
	at com.kms.katalon.core.main.ScriptEngine.runScriptAsRawText(ScriptEngine.java:119)
	at com.kms.katalon.core.main.TestCaseExecutor.runScript(TestCaseExecutor.java:369)
	at com.kms.katalon.core.main.TestCaseExecutor.doExecute(TestCaseExecutor.java:360)
	at com.kms.katalon.core.main.TestCaseExecutor.processExecutionPhase(TestCaseExecutor.java:339)
	at com.kms.katalon.core.main.TestCaseExecutor.accessMainPhase(TestCaseExecutor.java:331)
	at com.kms.katalon.core.main.TestCaseExecutor.execute(TestCaseExecutor.java:248)
	at com.kms.katalon.core.main.TestCaseMain.runTestCase(TestCaseMain.java:138)
	at com.kms.katalon.core.keyword.builtin.CallTestCaseKeyword$_callTestCase_closure1.doCall(CallTestCaseKeyword.groovy:59)
	at com.kms.katalon.core.keyword.builtin.CallTestCaseKeyword$_callTestCase_closure1.call(CallTestCaseKeyword.groovy)
	at com.kms.katalon.core.keyword.internal.KeywordMain.runKeyword(KeywordMain.groovy:68)
	at com.kms.katalon.core.keyword.builtin.CallTestCaseKeyword.callTestCase(CallTestCaseKeyword.groovy:81)
	at com.kms.katalon.core.keyword.builtin.CallTestCaseKeyword.execute(CallTestCaseKeyword.groovy:44)
	at com.kms.katalon.core.keyword.internal.KeywordExecutor.executeKeywordForPlatform(KeywordExecutor.groovy:73)
	at com.kms.katalon.core.keyword.BuiltinKeywords.callTestCase(BuiltinKeywords.groovy:334)
	at tablo.tablo.tablodaVeriBasariliMiArsiv(tablo.groovy:95)
	at cucumber.runtime.Utils$1.call(Utils.java:26)
	at cucumber.runtime.Timeout.timeout(Timeout.java:16)
	at cucumber.runtime.Utils.invoke(Utils.java:20)
	at cucumber.runtime.java.JavaStepDefinition.execute(JavaStepDefinition.java:49)
	at cucumber.runner.PickleStepDefinitionMatch.runStep(PickleStepDefinitionMatch.java:50)
	at cucumber.runner.TestStep.executeStep(TestStep.java:63)
	at cucumber.runner.TestStep.run(TestStep.java:49)
	at cucumber.runner.PickleStepTestStep.run(PickleStepTestStep.java:43)
	at cucumber.runner.TestCase.run(TestCase.java:44)
	at cucumber.runner.Runner.runPickle(Runner.java:40)
	at cucumber.runtime.Runtime$1.run(Runtime.java:84)
	at cucumber.runtime.Runtime$SameThreadExecutorService.execute(Runtime.java:220)
	at cucumber.runtime.Runtime.run(Runtime.java:81)
	at cucumber.api.cli.Main.run(Main.java:26)
	at cucumber.api.cli.Main$run.call(Unknown Source)
	at com.kms.katalon.core.cucumber.keyword.CucumberBuiltinKeywords$_runFeatureFile_closure1.doCall(CucumberBuiltinKeywords.groovy:106)
	at com.kms.katalon.core.cucumber.keyword.CucumberBuiltinKeywords$_runFeatureFile_closure1.doCall(CucumberBuiltinKeywords.groovy)
	at com.kms.katalon.core.keyword.internal.KeywordMain.runKeyword(KeywordMain.groovy:68)
	at com.kms.katalon.core.keyword.internal.KeywordMain$runKeyword.call(Unknown Source)
	at com.kms.katalon.core.cucumber.keyword.CucumberBuiltinKeywords.runFeatureFile(CucumberBuiltinKeywords.groovy:73)
	at com.kms.katalon.core.cucumber.keyword.CucumberBuiltinKeywords$runFeatureFile$0.callStatic(Unknown Source)
	at com.kms.katalon.core.cucumber.keyword.CucumberBuiltinKeywords.runFeatureFile(CucumberBuiltinKeywords.groovy:246)
	at com.kms.katalon.core.cucumber.keyword.CucumberBuiltinKeywords$runFeatureFile.call(Unknown Source)
	at VKN-Kagit-Hal Satis.run(VKN-Kagit-Hal Satis:19)
	at com.kms.katalon.core.main.ScriptEngine.run(ScriptEngine.java:194)
	at com.kms.katalon.core.main.ScriptEngine.runScriptAsRawText(ScriptEngine.java:119)
	at com.kms.katalon.core.main.TestCaseExecutor.runScript(TestCaseExecutor.java:369)
	at com.kms.katalon.core.main.TestCaseExecutor.doExecute(TestCaseExecutor.java:360)
	at com.kms.katalon.core.main.TestCaseExecutor.processExecutionPhase(TestCaseExecutor.java:339)
	at com.kms.katalon.core.main.TestCaseExecutor.accessMainPhase(TestCaseExecutor.java:331)
	at com.kms.katalon.core.main.TestCaseExecutor.execute(TestCaseExecutor.java:248)
	at com.kms.katalon.core.main.TestSuiteExecutor.accessTestCaseMainPhase(TestSuiteExecutor.java:191)
	at com.kms.katalon.core.main.TestSuiteExecutor.accessTestSuiteMainPhase(TestSuiteExecutor.java:140)
	at com.kms.katalon.core.main.TestSuiteExecutor.execute(TestSuiteExecutor.java:89)
	at com.kms.katalon.core.main.TestCaseMain.startTestSuite(TestCaseMain.java:181)
	at com.kms.katalon.core.main.TestCaseMain$startTestSuite$0.call(Unknown Source)
	at TempTestSuite1637674444414.run(TempTestSuite1637674444414.groovy:39)
)

2021-11-23 16:57:35 - [TEST_STEP][PASSED] - Method.TextDegerineEsitElementVarMi(findTestObject("Object Repository/Tablo/DurumBilgisiArsiv"), "Başarılı"): Method.TextDegerineEsitElementVarMi is PASSED

2021-11-23 16:57:35 - [MESSAGE][INFO] - Finding Test Object 'Object Repository/Tablo/DurumBilgisiArsiv'

2021-11-23 16:57:35 - [MESSAGE][INFO] - Checking timeout

2021-11-23 16:57:35 - [MESSAGE][INFO] - Finding web element with id: 'Object Repository/Tablo/DurumBilgisiArsiv' located by 'By.xpath: //*[@id = 'GridViewEArchiveInvoices_tccell0_9']' in '10' second(s)

2021-11-23 16:57:35 - [MESSAGE][INFO] - Smart Wait Function is triggered

2021-11-23 16:57:36 - [MESSAGE][INFO] - Found 1 web elements with id: 'Object Repository/Tablo/DurumBilgisiArsiv' located by 'By.xpath: //*[@id = 'GridViewEArchiveInvoices_tccell0_9']' in '10' second(s)

2021-11-23 16:57:36 - [MESSAGE][PASSED] - Method.TextDegerineEsitElementVarMi is PASSED

2021-11-23 16:57:36 - [MESSAGE][PASSED] - Call Test Case 'Test Cases/Tablo/TablodaVeriBasariliMiArsiv' successfully

2021-11-23 16:57:36 - [MESSAGE][INFO] - Checking called Test Case

2021-11-23 16:57:36 - [MESSAGE][INFO] - Starting to call Test Case 'Test Cases/Kullanici_Islemleri/KullaniciIslemlerindenSecimYapilir'

2021-11-23 16:57:36 - [TEST_CASE][PASSED] - Test Cases/Kullanici_Islemleri/KullaniciIslemlerindenSecimYapilir: Test Cases/Kullanici_Islemleri/KullaniciIslemlerindenSecimYapilir

2021-11-23 16:57:36 - [TEST_STEP][PASSED] - waitForElementClickable(findTestObject("Object Repository/Kullanici_Islemleri/KullaniciIslemleri"), 10): Object 'Object Repository/Kullanici_Islemleri/KullaniciIslemleri' is clickable

2021-11-23 16:57:36 - [MESSAGE][INFO] - Finding Test Object 'Object Repository/Kullanici_Islemleri/KullaniciIslemleri'

2021-11-23 16:57:36 - [MESSAGE][INFO] - Checking object

2021-11-23 16:57:36 - [MESSAGE][INFO] - Checking timeout

2021-11-23 16:57:36 - [MESSAGE][INFO] - Finding web element from Test Object's properties

2021-11-23 16:57:36 - [MESSAGE][INFO] - Checking timeout

2021-11-23 16:57:36 - [MESSAGE][INFO] - Finding web element with id: 'Object Repository/Kullanici_Islemleri/KullaniciIslemleri' located by 'By.cssSelector: .dropdown>a>img' in '10' second(s)

2021-11-23 16:57:36 - [MESSAGE][INFO] - Smart Wait Function is triggered

2021-11-23 16:57:36 - [MESSAGE][INFO] - Found 1 web elements with id: 'Object Repository/Kullanici_Islemleri/KullaniciIslemleri' located by 'By.cssSelector: .dropdown>a>img' in '10' second(s)

2021-11-23 16:57:36 - [MESSAGE][PASSED] - Object 'Object Repository/Kullanici_Islemleri/KullaniciIslemleri' is clickable

2021-11-23 16:57:36 - [TEST_STEP][PASSED] - click(findTestObject("Object Repository/Kullanici_Islemleri/KullaniciIslemleri")): Object: 'Object Repository/Kullanici_Islemleri/KullaniciIslemleri' is clicked on

2021-11-23 16:57:36 - [MESSAGE][INFO] - Finding Test Object 'Object Repository/Kullanici_Islemleri/KullaniciIslemleri'

2021-11-23 16:57:36 - [MESSAGE][INFO] - Checking object

2021-11-23 16:57:36 - [MESSAGE][INFO] - Finding web element from Test Object's properties

2021-11-23 16:57:36 - [MESSAGE][INFO] - Checking timeout

2021-11-23 16:57:36 - [MESSAGE][INFO] - Finding web element with id: 'Object Repository/Kullanici_Islemleri/KullaniciIslemleri' located by 'By.cssSelector: .dropdown>a>img' in '30' second(s)

2021-11-23 16:57:36 - [MESSAGE][INFO] - Smart Wait Function is triggered

2021-11-23 16:57:36 - [MESSAGE][INFO] - Found 1 web elements with id: 'Object Repository/Kullanici_Islemleri/KullaniciIslemleri' located by 'By.cssSelector: .dropdown>a>img' in '30' second(s)

2021-11-23 16:57:36 - [MESSAGE][INFO] - Clicking on object: 'Object Repository/Kullanici_Islemleri/KullaniciIslemleri'

2021-11-23 16:57:36 - [MESSAGE][PASSED] - Object: 'Object Repository/Kullanici_Islemleri/KullaniciIslemleri' is clicked on

2021-11-23 16:57:36 - [TEST_STEP][PASSED] - Method.TextDegerineEsitElementeTikla(findTestObject("Object Repository/Kullanici_Islemleri/Secenekler"), Islem): Method.TextDegerineEsitElementeTikla is PASSED

2021-11-23 16:57:36 - [MESSAGE][INFO] - Finding Test Object 'Object Repository/Kullanici_Islemleri/Secenekler'

2021-11-23 16:57:37 - [MESSAGE][INFO] - Checking timeout

2021-11-23 16:57:37 - [MESSAGE][INFO] - Finding web element with id: 'Object Repository/Kullanici_Islemleri/Secenekler' located by 'By.cssSelector: .nav.navbar-nav.navbar-right li a' in '10' second(s)

2021-11-23 16:57:37 - [MESSAGE][INFO] - Smart Wait Function is triggered

2021-11-23 16:57:37 - [MESSAGE][INFO] - Found 22 web elements with id: 'Object Repository/Kullanici_Islemleri/Secenekler' located by 'By.cssSelector: .nav.navbar-nav.navbar-right li a' in '10' second(s)

2021-11-23 16:57:38 - [MESSAGE][PASSED] - Method.TextDegerineEsitElementeTikla is PASSED

2021-11-23 16:57:38 - [TEST_STEP][PASSED] - verifyElementNotPresent(findTestObject("Object Repository/Kullanici_Islemleri/Secenekler"), 10): Web element with id: 'Object Repository/Kullanici_Islemleri/Secenekler' located by 'By.cssSelector: .nav.navbar-nav.navbar-right li a' is not present after '10' second(s)

2021-11-23 16:57:38 - [MESSAGE][INFO] - Finding Test Object 'Object Repository/Kullanici_Islemleri/Secenekler'

2021-11-23 16:57:38 - [MESSAGE][INFO] - Checking object

2021-11-23 16:57:38 - [MESSAGE][INFO] - Checking timeout

2021-11-23 16:57:38 - [MESSAGE][INFO] - Finding web element with id: 'Object Repository/Kullanici_Islemleri/Secenekler' located by 'By.cssSelector: .nav.navbar-nav.navbar-right li a' in '10' second(s)

2021-11-23 16:57:38 - [MESSAGE][INFO] - Smart Wait Function is triggered

2021-11-23 16:57:39 - [MESSAGE][PASSED] - Web element with id: 'Object Repository/Kullanici_Islemleri/Secenekler' located by 'By.cssSelector: .nav.navbar-nav.navbar-right li a' is not present after '10' second(s)

2021-11-23 16:57:39 - [MESSAGE][PASSED] - Call Test Case 'Test Cases/Kullanici_Islemleri/KullaniciIslemlerindenSecimYapilir' successfully

2021-11-23 16:57:39 - [TEST_CASE][PASSED] - Start Test Case : SCENARIO Gonderim tipi Kagit ve Hal Satis tipinde e-Arsiv faturasi olusturulmasi: SCENARIO Gonderim tipi Kagit ve Hal Satis tipinde e-Arsiv faturasi olusturulmasi

2021-11-23 16:57:39 - [TEST_STEP][PASSED] - Kullanıcı adı HALSATIS ve Şifre test1234 olarak giriş yapılır: Kullanıcı adı HALSATIS ve Şifre test1234 olarak giriş yapılır

2021-11-23 16:57:39 - [MESSAGE][PASSED] - Kullanıcı adı HALSATIS ve Şifre test1234 olarak giriş yapılır

2021-11-23 16:57:39 - [TEST_STEP][PASSED] - Ana menüden e-Arşiv seçilir: Ana menüden e-Arşiv seçilir

2021-11-23 16:57:39 - [MESSAGE][PASSED] - Ana menüden e-Arşiv seçilir

2021-11-23 16:57:39 - [TEST_STEP][PASSED] - Alt menü e-Arşiv Araçları başlığı altındaki e-Arşiv Fatura Oluşturma seçilir: Alt menü e-Arşiv Araçları başlığı altındaki e-Arşiv Fatura Oluşturma seçilir

2021-11-23 16:57:39 - [MESSAGE][PASSED] - Alt menü e-Arşiv Araçları başlığı altındaki e-Arşiv Fatura Oluşturma seçilir

2021-11-23 16:57:39 - [TEST_STEP][PASSED] - Tablodaki tüm veriler silinir: Tablodaki tüm veriler silinir

2021-11-23 16:57:39 - [MESSAGE][PASSED] - Tablodaki tüm veriler silinir

2021-11-23 16:57:39 - [TEST_STEP][PASSED] - Butonlardan Ekle isimli butona tıklanır: Butonlardan Ekle isimli butona tıklanır

2021-11-23 16:57:39 - [MESSAGE][PASSED] - Butonlardan Ekle isimli butona tıklanır

2021-11-23 16:57:39 - [TEST_STEP][PASSED] - Görsel tasarım sayfasının e-Arşiv Fatura Bilgileri başlığını içerdiği kontrol edilir: Görsel tasarım sayfasının e-Arşiv Fatura Bilgileri başlığını içerdiği kontrol edilir

2021-11-23 16:57:39 - [MESSAGE][PASSED] - Görsel tasarım sayfasının e-Arşiv Fatura Bilgileri başlığını içerdiği kontrol edilir

2021-11-23 16:57:39 - [TEST_STEP][PASSED] - Alıcı adı alanına UC0010 girilir: Alıcı adı alanına UC0010 girilir

2021-11-23 16:57:39 - [MESSAGE][PASSED] - Alıcı adı alanına UC0010 girilir

2021-11-23 16:57:39 - [TEST_STEP][PASSED] - Gönderim Şekli Kağıt olarak seçilir: Gönderim Şekli Kağıt olarak seçilir

2021-11-23 16:57:39 - [MESSAGE][PASSED] - Gönderim Şekli Kağıt olarak seçilir

2021-11-23 16:57:39 - [TEST_STEP][PASSED] - Tip alanından Hal Satış seçilir: Tip alanından Hal Satış seçilir

2021-11-23 16:57:39 - [MESSAGE][PASSED] - Tip alanından Hal Satış seçilir

2021-11-23 16:57:39 - [TEST_STEP][PASSED] - Döküman Para Birimi alanından Türk Lirası seçilir: Döküman Para Birimi alanından Türk Lirası seçilir

2021-11-23 16:57:39 - [MESSAGE][PASSED] - Döküman Para Birimi alanından Türk Lirası seçilir

2021-11-23 16:57:39 - [TEST_STEP][PASSED] - Ön Ek YIG olarak seçilir: Ön Ek YIG olarak seçilir

2021-11-23 16:57:39 - [MESSAGE][PASSED] - Ön Ek YIG olarak seçilir

2021-11-23 16:57:39 - [TEST_STEP][PASSED] - Tasarım alanından Otomasyon seçilir: Tasarım alanından Otomasyon seçilir

2021-11-23 16:57:39 - [MESSAGE][PASSED] - Tasarım alanından Otomasyon seçilir

2021-11-23 16:57:39 - [TEST_STEP][PASSED] - Sipariş bilgileri UUC-SAT-1200001 ve 31.04.2020 olarak girilir: Sipariş bilgileri UUC-SAT-1200001 ve 31.04.2020 olarak girilir

2021-11-23 16:57:39 - [MESSAGE][PASSED] - Sipariş bilgileri UUC-SAT-1200001 ve 31.04.2020 olarak girilir

2021-11-23 16:57:39 - [TEST_STEP][PASSED] - İrsaliye Bilgileri AAAAAAAAAA,31.04.2020 olarak girilir: İrsaliye Bilgileri AAAAAAAAAA,31.04.2020 olarak girilir

2021-11-23 16:57:39 - [MESSAGE][PASSED] - İrsaliye Bilgileri AAAAAAAAAA,31.04.2020 olarak girilir

2021-11-23 16:57:39 - [TEST_STEP][PASSED] - Ekle butonuna basılır: Ekle butonuna basılır

2021-11-23 16:57:39 - [MESSAGE][PASSED] - Ekle butonuna basılır

2021-11-23 16:57:39 - [TEST_STEP][PASSED] - Ürün ekleme alanında Mal/Hizmet başlığına Otomasyon girilir: Ürün ekleme alanında Mal/Hizmet başlığına Otomasyon girilir

2021-11-23 16:57:39 - [MESSAGE][PASSED] - Ürün ekleme alanında Mal/Hizmet başlığına Otomasyon girilir

2021-11-23 16:57:39 - [TEST_STEP][PASSED] - Ürün ekleme alanında Açıklaması başlığına Virgosol girilir: Ürün ekleme alanında Açıklaması başlığına Virgosol girilir

2021-11-23 16:57:39 - [MESSAGE][PASSED] - Ürün ekleme alanında Açıklaması başlığına Virgosol girilir

2021-11-23 16:57:39 - [TEST_STEP][PASSED] - Ürün ekleme alanında Künye Numarası başlığına 1234567890123456789 girilir: Ürün ekleme alanında Künye Numarası başlığına 1234567890123456789 girilir

2021-11-23 16:57:39 - [MESSAGE][PASSED] - Ürün ekleme alanında Künye Numarası başlığına 1234567890123456789 girilir

2021-11-23 16:57:39 - [TEST_STEP][PASSED] - Ürün ekleme alanında Vkn/Tckn başlığına 24647325036 girilir: Ürün ekleme alanında Vkn/Tckn başlığına 24647325036 girilir

2021-11-23 16:57:39 - [MESSAGE][PASSED] - Ürün ekleme alanında Vkn/Tckn başlığına 24647325036 girilir

2021-11-23 16:57:39 - [TEST_STEP][PASSED] - Ürün ekleme alanında Mal Sahibi başlığına AAAAAAAAA girilir: Ürün ekleme alanında Mal Sahibi başlığına AAAAAAAAA girilir

2021-11-23 16:57:39 - [MESSAGE][PASSED] - Ürün ekleme alanında Mal Sahibi başlığına AAAAAAAAA girilir

2021-11-23 16:57:39 - [TEST_STEP][PASSED] - Ürün ekleme alanında Miktarı başlığına 400 girilir: Ürün ekleme alanında Miktarı başlığına 400 girilir

2021-11-23 16:57:39 - [MESSAGE][PASSED] - Ürün ekleme alanında Miktarı başlığına 400 girilir

2021-11-23 16:57:39 - [TEST_STEP][PASSED] - Ürün ekleme alanında Birim Fiyat başlığına 100 girilir: Ürün ekleme alanında Birim Fiyat başlığına 100 girilir

2021-11-23 16:57:39 - [MESSAGE][PASSED] - Ürün ekleme alanında Birim Fiyat başlığına 100 girilir

2021-11-23 16:57:39 - [TEST_STEP][PASSED] - Ürün ekleme alanında İskonto Oranı % başlığına 10 girilir: Ürün ekleme alanında İskonto Oranı % başlığına 10 girilir

2021-11-23 16:57:39 - [MESSAGE][PASSED] - Ürün ekleme alanında İskonto Oranı % başlığına 10 girilir

2021-11-23 16:57:39 - [TEST_STEP][PASSED] - Notlar alanına Otomasyon Not girilir: Notlar alanına Otomasyon Not girilir

2021-11-23 16:57:39 - [MESSAGE][PASSED] - Notlar alanına Otomasyon Not girilir

2021-11-23 16:57:39 - [TEST_STEP][PASSED] - Ettn bilgisi kayıt edilir: Ettn bilgisi kayıt edilir

2021-11-23 16:57:39 - [MESSAGE][PASSED] - Ettn bilgisi kayıt edilir

2021-11-23 16:57:39 - [TEST_STEP][PASSED] - Kaydet butonu seçilir: Kaydet butonu seçilir

2021-11-23 16:57:39 - [MESSAGE][PASSED] - Kaydet butonu seçilir

2021-11-23 16:57:39 - [TEST_STEP][PASSED] - Tabloda Ettn bilgisi kaydedilen veri oluşturuldu mu: Tabloda Ettn bilgisi kaydedilen veri oluşturuldu mu

2021-11-23 16:57:39 - [MESSAGE][PASSED] - Tabloda Ettn bilgisi kaydedilen veri oluşturuldu mu

2021-11-23 16:57:39 - [TEST_STEP][PASSED] - Tablodan Ettn bilgisi kaydedilen veri seçilir: Tablodan Ettn bilgisi kaydedilen veri seçilir

2021-11-23 16:57:39 - [MESSAGE][PASSED] - Tablodan Ettn bilgisi kaydedilen veri seçilir

2021-11-23 16:57:39 - [TEST_STEP][PASSED] - Butonlardan Numara Oluştur isimli butona tıklanır: Butonlardan Numara Oluştur isimli butona tıklanır

2021-11-23 16:57:39 - [MESSAGE][PASSED] - Butonlardan Numara Oluştur isimli butona tıklanır

2021-11-23 16:57:39 - [TEST_STEP][PASSED] - Popup mesajı Devam etmek istiyor musunuz içeriyor mu: Popup mesajı Devam etmek istiyor musunuz içeriyor mu

2021-11-23 16:57:39 - [MESSAGE][PASSED] - Popup mesajı Devam etmek istiyor musunuz içeriyor mu

2021-11-23 16:57:39 - [TEST_STEP][PASSED] - Yönetim popupında Evet seçilir: Yönetim popupında Evet seçilir

2021-11-23 16:57:39 - [MESSAGE][PASSED] - Yönetim popupında Evet seçilir

2021-11-23 16:57:39 - [TEST_STEP][PASSED] - Popup mesajı oluşmuştur içeriyor mu: Popup mesajı oluşmuştur içeriyor mu

2021-11-23 16:57:39 - [MESSAGE][PASSED] - Popup mesajı oluşmuştur içeriyor mu

2021-11-23 16:57:39 - [TEST_STEP][PASSED] - Yönetim popupında Tamam seçilir: Yönetim popupında Tamam seçilir

2021-11-23 16:57:39 - [MESSAGE][PASSED] - Yönetim popupında Tamam seçilir

2021-11-23 16:57:39 - [TEST_STEP][PASSED] - Tablodan Ettn bilgisi kaydedilen veri seçilir: Tablodan Ettn bilgisi kaydedilen veri seçilir

2021-11-23 16:57:39 - [MESSAGE][PASSED] - Tablodan Ettn bilgisi kaydedilen veri seçilir

2021-11-23 16:57:39 - [TEST_STEP][PASSED] - Butonlardan Gönder isimli butona tıklanır: Butonlardan Gönder isimli butona tıklanır

2021-11-23 16:57:39 - [MESSAGE][PASSED] - Butonlardan Gönder isimli butona tıklanır

2021-11-23 16:57:39 - [TEST_STEP][PASSED] - Popup mesajı Devam etmek istiyor musunuz içeriyor mu: Popup mesajı Devam etmek istiyor musunuz içeriyor mu

2021-11-23 16:57:39 - [MESSAGE][PASSED] - Popup mesajı Devam etmek istiyor musunuz içeriyor mu

2021-11-23 16:57:39 - [TEST_STEP][PASSED] - Yönetim popupında Evet seçilir: Yönetim popupında Evet seçilir

2021-11-23 16:57:39 - [MESSAGE][PASSED] - Yönetim popupında Evet seçilir

2021-11-23 16:57:39 - [TEST_STEP][PASSED] - Ana menüden e-Arşiv seçilir: Ana menüden e-Arşiv seçilir

2021-11-23 16:57:39 - [MESSAGE][PASSED] - Ana menüden e-Arşiv seçilir

2021-11-23 16:57:39 - [TEST_STEP][PASSED] - Alt menü e-Arşiv Hareketleri başlığı altındaki e-Arşiv Faturaları seçilir: Alt menü e-Arşiv Hareketleri başlığı altındaki e-Arşiv Faturaları seçilir

2021-11-23 16:57:39 - [MESSAGE][PASSED] - Alt menü e-Arşiv Hareketleri başlığı altındaki e-Arşiv Faturaları seçilir

2021-11-23 16:57:39 - [TEST_STEP][PASSED] - Filtrelerden Ettn filtresine Ettn bilgisi yaz: Filtrelerden Ettn filtresine Ettn bilgisi yaz

2021-11-23 16:57:39 - [MESSAGE][PASSED] - Filtrelerden Ettn filtresine Ettn bilgisi yaz

2021-11-23 16:57:39 - [TEST_STEP][PASSED] - Filtre butonlarından Listele seçilir: Filtre butonlarından Listele seçilir

2021-11-23 16:57:39 - [MESSAGE][PASSED] - Filtre butonlarından Listele seçilir

2021-11-23 16:57:39 - [TEST_STEP][PASSED] - Tabloda veri var mı kontrol edilir: Tabloda veri var mı kontrol edilir

2021-11-23 16:57:39 - [MESSAGE][PASSED] - Tabloda veri var mı kontrol edilir

2021-11-23 16:57:39 - [TEST_STEP][PASSED] - Tabloda yeni oluşturulan eArsiv verisi başarılı mı: Tabloda yeni oluşturulan eArsiv verisi başarılı mı

2021-11-23 16:57:39 - [MESSAGE][PASSED] - Tabloda yeni oluşturulan eArsiv verisi başarılı mı

2021-11-23 16:57:39 - [TEST_STEP][PASSED] - Kullanıcı işlemlerinden Çıkış seçilir: Kullanıcı işlemlerinden Çıkış seçilir

2021-11-23 16:57:39 - [MESSAGE][PASSED] - Kullanıcı işlemlerinden Çıkış seçilir

2021-11-23 16:57:39 - [MESSAGE][PASSED] - Feature file: 'Include/features/Regresyon/e-Arsiv/VKN-Kagit-Hal Satis.feature' was passed

2021-11-23 16:57:39 - [TEST_STEP][PASSED] - Start listener action : sampleAfterTestSuite: Invoke 'com.kms.katalon.core.annotation.AfterTestCase' method: 'Listener.sampleAfterTestSuite(...)' completed.

2021-11-23 16:57:39 - [MESSAGE][INFO] - Starting invoke 'com.kms.katalon.core.annotation.AfterTestCase' method: 'Listener.sampleAfterTestSuite(...)'

2021-11-23 16:57:39 - [TEST_STEP][PASSED] - closeBrowser(): Invoke 'com.kms.katalon.core.annotation.AfterTestCase' method: 'Listener.sampleAfterTestSuite(...)' completed.

2021-11-23 16:57:39 - [MESSAGE][INFO] - Closing browser

2021-11-23 16:57:39 - [MESSAGE][PASSED] - Browser is closed

2021-11-23 16:57:39 - [MESSAGE][INFO] - Invoke 'com.kms.katalon.core.annotation.AfterTestCase' method: 'Listener.sampleAfterTestSuite(...)' completed.]]></system-out>
         <system-err><![CDATA[]]></system-err>
      </testcase>
      <testcase name="Test Cases/Case Repository/Regresyon/e-Arsiv/VKN-Kagit-Iade" time="119.876" classname="Test Cases/Case Repository/Regresyon/e-Arsiv/VKN-Kagit-Iade" status="PASSED">
         <system-out><![CDATA[2021-11-23 16:57:39 - [TEST_CASE][PASSED] - Test Cases/Case Repository/Regresyon/e-Arsiv/VKN-Kagit-Iade: Test Cases/Case Repository/Regresyon/e-Arsiv/VKN-Kagit-Iade

2021-11-23 16:57:39 - [TEST_STEP][PASSED] - Start listener action : sampleBeforeTestSuite: Invoke 'com.kms.katalon.core.annotation.BeforeTestCase' method: 'Listener.sampleBeforeTestSuite(...)' completed.

2021-11-23 16:57:39 - [MESSAGE][INFO] - Starting invoke 'com.kms.katalon.core.annotation.BeforeTestCase' method: 'Listener.sampleBeforeTestSuite(...)'

2021-11-23 16:57:39 - [TEST_STEP][PASSED] - openBrowser(baseUrl): Browser is opened with url: 'https://efatura-stage.elogo.com.tr/'

2021-11-23 16:57:39 - [MESSAGE][INFO] - Opening browser

2021-11-23 16:57:39 - [MESSAGE][INFO] - Starting 'Chrome' driver

2021-11-23 16:57:39 - [MESSAGE][INFO] - User set preference: ['prefs', '{download.default_directory=C:\otomasyondownfiles}']

2021-11-23 16:57:39 - [MESSAGE][INFO] - Action delay is set to 0 milliseconds

2021-11-23 16:57:41 - [MESSAGE][INFO] - Navigating browser to: 'https://efatura-stage.elogo.com.tr/'

2021-11-23 16:57:43 - [MESSAGE][PASSED] - Browser is opened with url: 'https://efatura-stage.elogo.com.tr/'

2021-11-23 16:57:43 - [TEST_STEP][PASSED] - maximizeWindow(): Invoke 'com.kms.katalon.core.annotation.BeforeTestCase' method: 'Listener.sampleBeforeTestSuite(...)' completed.

2021-11-23 16:57:43 - [MESSAGE][INFO] - Maximizing current window

2021-11-23 16:57:43 - [MESSAGE][PASSED] - Current window maximized

2021-11-23 16:57:43 - [MESSAGE][INFO] - Invoke 'com.kms.katalon.core.annotation.BeforeTestCase' method: 'Listener.sampleBeforeTestSuite(...)' completed.

2021-11-23 16:57:43 - [TEST_STEP][PASSED] - runFeatureFile("Include/features/Regresyon/e-Arsiv/VKN-Kagit-Iade.feature"): Feature file: 'Include/features/Regresyon/e-Arsiv/VKN-Kagit-Iade.feature' was passed

2021-11-23 16:57:43 - [MESSAGE][INFO] - Starting run keyword runFeatureFile: 'Include/features/Regresyon/e-Arsiv/VKN-Kagit-Iade.feature' and extract report to folder: 'C:\Users\DELL\Documents\GitHub\EES_KatalonLogo\Reports\20211123_163326\Suite Repository\Regresyon-eArsiv-eMakbuz\20211123_163404/cucumber_report/1637675863832'...

2021-11-23 16:57:43 - [MESSAGE][INFO] - Glue: []

2021-11-23 16:57:46 - [MESSAGE][INFO] - Checking called Test Case

2021-11-23 16:57:46 - [MESSAGE][INFO] - Starting to call Test Case 'Test Cases/Sayfalar/Giris_Sayfasi/Login'

2021-11-23 16:57:46 - [TEST_CASE][PASSED] - Test Cases/Sayfalar/Giris_Sayfasi/Login: Test Cases/Sayfalar/Giris_Sayfasi/Login

2021-11-23 16:57:46 - [TEST_STEP][PASSED] - Sayfa_Basligi = getWindowTitle(): Current window's title is: 'LOGO e-Fatura'

2021-11-23 16:57:46 - [MESSAGE][INFO] - Getting current window's title

2021-11-23 16:57:46 - [MESSAGE][PASSED] - Current window's title is: 'LOGO e-Fatura'

2021-11-23 16:57:46 - [TEST_STEP][PASSED] - verifyMatch(Sayfa_Basligi, "LOGO e-Fatura", false): Actual text 'LOGO e-Fatura' and expected text 'LOGO e-Fatura' are matched 

2021-11-23 16:57:46 - [MESSAGE][INFO] - Matching actual text 'LOGO e-Fatura' with expected text 'LOGO e-Fatura'

2021-11-23 16:57:46 - [MESSAGE][PASSED] - Actual text 'LOGO e-Fatura' and expected text 'LOGO e-Fatura' are matched 

2021-11-23 16:57:46 - [TEST_STEP][PASSED] - sendKeys(findTestObject("Sayfalar/Giris_Sayfasi/Firma_Kodu"), KullaniciAdi): Keys 'EARIADE' sent to object: 'Object Repository/Sayfalar/Giris_Sayfasi/Firma_Kodu'

2021-11-23 16:57:46 - [MESSAGE][INFO] - Finding Test Object 'Object Repository/Sayfalar/Giris_Sayfasi/Firma_Kodu'

2021-11-23 16:57:46 - [MESSAGE][INFO] - Sending keys 'EARIADE' to object: 'Object Repository/Sayfalar/Giris_Sayfasi/Firma_Kodu'

2021-11-23 16:57:46 - [MESSAGE][INFO] - Finding web element from Test Object's properties

2021-11-23 16:57:46 - [MESSAGE][INFO] - Checking timeout

2021-11-23 16:57:46 - [MESSAGE][INFO] - Finding web element with id: 'Object Repository/Sayfalar/Giris_Sayfasi/Firma_Kodu' located by 'By.xpath: //*[@id = 'AccountName']' in '30' second(s)

2021-11-23 16:57:46 - [MESSAGE][INFO] - Smart Wait Function is triggered

2021-11-23 16:57:46 - [MESSAGE][INFO] - Found 1 web elements with id: 'Object Repository/Sayfalar/Giris_Sayfasi/Firma_Kodu' located by 'By.xpath: //*[@id = 'AccountName']' in '30' second(s)

2021-11-23 16:57:46 - [MESSAGE][PASSED] - Keys 'EARIADE' sent to object: 'Object Repository/Sayfalar/Giris_Sayfasi/Firma_Kodu'

2021-11-23 16:57:46 - [TEST_STEP][PASSED] - sendKeys(findTestObject("Sayfalar/Giris_Sayfasi/Sifre"), Sifre): Keys 'test1234' sent to object: 'Object Repository/Sayfalar/Giris_Sayfasi/Sifre'

2021-11-23 16:57:46 - [MESSAGE][INFO] - Finding Test Object 'Object Repository/Sayfalar/Giris_Sayfasi/Sifre'

2021-11-23 16:57:46 - [MESSAGE][INFO] - Sending keys 'test1234' to object: 'Object Repository/Sayfalar/Giris_Sayfasi/Sifre'

2021-11-23 16:57:46 - [MESSAGE][INFO] - Finding web element from Test Object's properties

2021-11-23 16:57:46 - [MESSAGE][INFO] - Checking timeout

2021-11-23 16:57:46 - [MESSAGE][INFO] - Finding web element with id: 'Object Repository/Sayfalar/Giris_Sayfasi/Sifre' located by 'By.xpath: //*[@id = 'Password']' in '30' second(s)

2021-11-23 16:57:46 - [MESSAGE][INFO] - Smart Wait Function is triggered

2021-11-23 16:57:47 - [MESSAGE][INFO] - Found 1 web elements with id: 'Object Repository/Sayfalar/Giris_Sayfasi/Sifre' located by 'By.xpath: //*[@id = 'Password']' in '30' second(s)

2021-11-23 16:57:47 - [MESSAGE][PASSED] - Keys 'test1234' sent to object: 'Object Repository/Sayfalar/Giris_Sayfasi/Sifre'

2021-11-23 16:57:47 - [TEST_STEP][PASSED] - findWebElement(findTestObject("Sayfalar/Giris_Sayfasi/Giris_Butonu")).click(): Found 1 web elements with id: 'Object Repository/Sayfalar/Giris_Sayfasi/Giris_Butonu' located by 'By.cssSelector: #btnLogin' in '30' second(s)

2021-11-23 16:57:47 - [MESSAGE][INFO] - Finding Test Object 'Object Repository/Sayfalar/Giris_Sayfasi/Giris_Butonu'

2021-11-23 16:57:47 - [MESSAGE][INFO] - Finding web element from Test Object's properties

2021-11-23 16:57:47 - [MESSAGE][INFO] - Checking timeout

2021-11-23 16:57:47 - [MESSAGE][INFO] - Finding web element with id: 'Object Repository/Sayfalar/Giris_Sayfasi/Giris_Butonu' located by 'By.cssSelector: #btnLogin' in '30' second(s)

2021-11-23 16:57:47 - [MESSAGE][INFO] - Smart Wait Function is triggered

2021-11-23 16:57:47 - [MESSAGE][INFO] - Found 1 web elements with id: 'Object Repository/Sayfalar/Giris_Sayfasi/Giris_Butonu' located by 'By.cssSelector: #btnLogin' in '30' second(s)

2021-11-23 16:57:49 - [TEST_STEP][PASSED] - if (verifyElementPresent(findTestObject("Object Repository/Sayfalar/Giris_Sayfasi/RetveTamam_Butonu"), 5, OPTIONAL)): null

2021-11-23 16:57:49 - [MESSAGE][INFO] - Finding Test Object 'Object Repository/Sayfalar/Giris_Sayfasi/RetveTamam_Butonu'

2021-11-23 16:57:49 - [MESSAGE][INFO] - Checking object

2021-11-23 16:57:49 - [MESSAGE][INFO] - Finding web element from Test Object's properties

2021-11-23 16:57:49 - [MESSAGE][INFO] - Checking timeout

2021-11-23 16:57:49 - [MESSAGE][INFO] - Finding web element with id: 'Object Repository/Sayfalar/Giris_Sayfasi/RetveTamam_Butonu' located by 'By.xpath: //*[@class = 'btn btn-default']' in '5' second(s)

2021-11-23 16:57:49 - [MESSAGE][INFO] - Smart Wait Function is triggered

2021-11-23 16:57:49 - [MESSAGE][INFO] - Found 1 web elements with id: 'Object Repository/Sayfalar/Giris_Sayfasi/RetveTamam_Butonu' located by 'By.xpath: //*[@class = 'btn btn-default']' in '5' second(s)

2021-11-23 16:57:49 - [MESSAGE][PASSED] - Object 'Object Repository/Sayfalar/Giris_Sayfasi/RetveTamam_Butonu' is present

2021-11-23 16:57:49 - [TEST_STEP][PASSED] - click(findTestObject("Object Repository/Sayfalar/Giris_Sayfasi/RetveTamam_Butonu")): Object: 'Object Repository/Sayfalar/Giris_Sayfasi/RetveTamam_Butonu' is clicked on

2021-11-23 16:57:49 - [MESSAGE][INFO] - Finding Test Object 'Object Repository/Sayfalar/Giris_Sayfasi/RetveTamam_Butonu'

2021-11-23 16:57:49 - [MESSAGE][INFO] - Checking object

2021-11-23 16:57:49 - [MESSAGE][INFO] - Finding web element from Test Object's properties

2021-11-23 16:57:49 - [MESSAGE][INFO] - Checking timeout

2021-11-23 16:57:49 - [MESSAGE][INFO] - Finding web element with id: 'Object Repository/Sayfalar/Giris_Sayfasi/RetveTamam_Butonu' located by 'By.xpath: //*[@class = 'btn btn-default']' in '30' second(s)

2021-11-23 16:57:49 - [MESSAGE][INFO] - Smart Wait Function is triggered

2021-11-23 16:57:49 - [MESSAGE][INFO] - Found 1 web elements with id: 'Object Repository/Sayfalar/Giris_Sayfasi/RetveTamam_Butonu' located by 'By.xpath: //*[@class = 'btn btn-default']' in '30' second(s)

2021-11-23 16:57:49 - [MESSAGE][INFO] - Clicking on object: 'Object Repository/Sayfalar/Giris_Sayfasi/RetveTamam_Butonu'

2021-11-23 16:57:49 - [MESSAGE][PASSED] - Object: 'Object Repository/Sayfalar/Giris_Sayfasi/RetveTamam_Butonu' is clicked on

2021-11-23 16:57:49 - [TEST_STEP][PASSED] - click(findTestObject("Object Repository/Sayfalar/Giris_Sayfasi/RetveTamam_Butonu")): Object: 'Object Repository/Sayfalar/Giris_Sayfasi/RetveTamam_Butonu' is clicked on

2021-11-23 16:57:49 - [MESSAGE][INFO] - Finding Test Object 'Object Repository/Sayfalar/Giris_Sayfasi/RetveTamam_Butonu'

2021-11-23 16:57:49 - [MESSAGE][INFO] - Checking object

2021-11-23 16:57:49 - [MESSAGE][INFO] - Finding web element from Test Object's properties

2021-11-23 16:57:49 - [MESSAGE][INFO] - Checking timeout

2021-11-23 16:57:49 - [MESSAGE][INFO] - Finding web element with id: 'Object Repository/Sayfalar/Giris_Sayfasi/RetveTamam_Butonu' located by 'By.xpath: //*[@class = 'btn btn-default']' in '30' second(s)

2021-11-23 16:57:49 - [MESSAGE][INFO] - Smart Wait Function is triggered

2021-11-23 16:57:52 - [MESSAGE][INFO] - Found 1 web elements with id: 'Object Repository/Sayfalar/Giris_Sayfasi/RetveTamam_Butonu' located by 'By.xpath: //*[@class = 'btn btn-default']' in '30' second(s)

2021-11-23 16:57:52 - [MESSAGE][INFO] - Clicking on object: 'Object Repository/Sayfalar/Giris_Sayfasi/RetveTamam_Butonu'

2021-11-23 16:57:52 - [MESSAGE][PASSED] - Object: 'Object Repository/Sayfalar/Giris_Sayfasi/RetveTamam_Butonu' is clicked on

2021-11-23 16:57:52 - [TEST_STEP][PASSED] - if (verifyElementPresent(findTestObject("Sayfalar/Giris_Sayfasi/PopupOK"), 5, OPTIONAL)): com.kms.katalon.core.webui.exception.WebElementNotFoundException: Web element with id: 'Object Repository/Sayfalar/Giris_Sayfasi/PopupOK' located by '.btn.btn-success' not found (Root cause: com.kms.katalon.core.exception.StepFailedException: com.kms.katalon.core.webui.exception.WebElementNotFoundException: Web element with id: 'Object Repository/Sayfalar/Giris_Sayfasi/PopupOK' located by '.btn.btn-success' not found
	at com.kms.katalon.core.webui.keyword.internal.WebUIKeywordMain.stepFailed(WebUIKeywordMain.groovy:64)
	at com.kms.katalon.core.webui.keyword.builtin.VerifyElementPresentKeyword$_verifyElementPresent_closure1.doCall(VerifyElementPresentKeyword.groovy:85)
	at com.kms.katalon.core.webui.keyword.builtin.VerifyElementPresentKeyword$_verifyElementPresent_closure1.call(VerifyElementPresentKeyword.groovy)
	at com.kms.katalon.core.webui.keyword.internal.WebUIKeywordMain.runKeyword(WebUIKeywordMain.groovy:20)
	at com.kms.katalon.core.webui.keyword.builtin.VerifyElementPresentKeyword.verifyElementPresent(VerifyElementPresentKeyword.groovy:92)
	at com.kms.katalon.core.webui.keyword.builtin.VerifyElementPresentKeyword.execute(VerifyElementPresentKeyword.groovy:68)
	at com.kms.katalon.core.keyword.internal.KeywordExecutor.executeKeywordForPlatform(KeywordExecutor.groovy:73)
	at com.kms.katalon.core.webui.keyword.WebUiBuiltInKeywords.verifyElementPresent(WebUiBuiltInKeywords.groovy:1448)
	at com.kms.katalon.core.webui.keyword.WebUiBuiltInKeywords$verifyElementPresent$4.call(Unknown Source)
	at Login.run(Login:40)
	at com.kms.katalon.core.main.ScriptEngine.run(ScriptEngine.java:194)
	at com.kms.katalon.core.main.ScriptEngine.runScriptAsRawText(ScriptEngine.java:119)
	at com.kms.katalon.core.main.TestCaseExecutor.runScript(TestCaseExecutor.java:369)
	at com.kms.katalon.core.main.TestCaseExecutor.doExecute(TestCaseExecutor.java:360)
	at com.kms.katalon.core.main.TestCaseExecutor.processExecutionPhase(TestCaseExecutor.java:339)
	at com.kms.katalon.core.main.TestCaseExecutor.accessMainPhase(TestCaseExecutor.java:331)
	at com.kms.katalon.core.main.TestCaseExecutor.execute(TestCaseExecutor.java:248)
	at com.kms.katalon.core.main.TestCaseMain.runTestCase(TestCaseMain.java:138)
	at com.kms.katalon.core.keyword.builtin.CallTestCaseKeyword$_callTestCase_closure1.doCall(CallTestCaseKeyword.groovy:59)
	at com.kms.katalon.core.keyword.builtin.CallTestCaseKeyword$_callTestCase_closure1.call(CallTestCaseKeyword.groovy)
	at com.kms.katalon.core.keyword.internal.KeywordMain.runKeyword(KeywordMain.groovy:68)
	at com.kms.katalon.core.keyword.builtin.CallTestCaseKeyword.callTestCase(CallTestCaseKeyword.groovy:81)
	at com.kms.katalon.core.keyword.builtin.CallTestCaseKeyword.execute(CallTestCaseKeyword.groovy:44)
	at com.kms.katalon.core.keyword.internal.KeywordExecutor.executeKeywordForPlatform(KeywordExecutor.groovy:73)
	at com.kms.katalon.core.keyword.BuiltinKeywords.callTestCase(BuiltinKeywords.groovy:334)
	at sayfalar.girisSayfasi.login(girisSayfasi.groovy:50)
	at cucumber.runtime.Utils$1.call(Utils.java:26)
	at cucumber.runtime.Timeout.timeout(Timeout.java:16)
	at cucumber.runtime.Utils.invoke(Utils.java:20)
	at cucumber.runtime.java.JavaStepDefinition.execute(JavaStepDefinition.java:49)
	at cucumber.runner.PickleStepDefinitionMatch.runStep(PickleStepDefinitionMatch.java:50)
	at cucumber.runner.TestStep.executeStep(TestStep.java:63)
	at cucumber.runner.TestStep.run(TestStep.java:49)
	at cucumber.runner.PickleStepTestStep.run(PickleStepTestStep.java:43)
	at cucumber.runner.TestCase.run(TestCase.java:44)
	at cucumber.runner.Runner.runPickle(Runner.java:40)
	at cucumber.runtime.Runtime$1.run(Runtime.java:84)
	at cucumber.runtime.Runtime$SameThreadExecutorService.execute(Runtime.java:220)
	at cucumber.runtime.Runtime.run(Runtime.java:81)
	at cucumber.api.cli.Main.run(Main.java:26)
	at cucumber.api.cli.Main$run.call(Unknown Source)
	at com.kms.katalon.core.cucumber.keyword.CucumberBuiltinKeywords$_runFeatureFile_closure1.doCall(CucumberBuiltinKeywords.groovy:106)
	at com.kms.katalon.core.cucumber.keyword.CucumberBuiltinKeywords$_runFeatureFile_closure1.doCall(CucumberBuiltinKeywords.groovy)
	at com.kms.katalon.core.keyword.internal.KeywordMain.runKeyword(KeywordMain.groovy:68)
	at com.kms.katalon.core.keyword.internal.KeywordMain$runKeyword.call(Unknown Source)
	at com.kms.katalon.core.cucumber.keyword.CucumberBuiltinKeywords.runFeatureFile(CucumberBuiltinKeywords.groovy:73)
	at com.kms.katalon.core.cucumber.keyword.CucumberBuiltinKeywords$runFeatureFile$0.callStatic(Unknown Source)
	at com.kms.katalon.core.cucumber.keyword.CucumberBuiltinKeywords.runFeatureFile(CucumberBuiltinKeywords.groovy:246)
	at com.kms.katalon.core.cucumber.keyword.CucumberBuiltinKeywords$runFeatureFile.call(Unknown Source)
	at VKN-Kagit-Iade.run(VKN-Kagit-Iade:19)
	at com.kms.katalon.core.main.ScriptEngine.run(ScriptEngine.java:194)
	at com.kms.katalon.core.main.ScriptEngine.runScriptAsRawText(ScriptEngine.java:119)
	at com.kms.katalon.core.main.TestCaseExecutor.runScript(TestCaseExecutor.java:369)
	at com.kms.katalon.core.main.TestCaseExecutor.doExecute(TestCaseExecutor.java:360)
	at com.kms.katalon.core.main.TestCaseExecutor.processExecutionPhase(TestCaseExecutor.java:339)
	at com.kms.katalon.core.main.TestCaseExecutor.accessMainPhase(TestCaseExecutor.java:331)
	at com.kms.katalon.core.main.TestCaseExecutor.execute(TestCaseExecutor.java:248)
	at com.kms.katalon.core.main.TestSuiteExecutor.accessTestCaseMainPhase(TestSuiteExecutor.java:191)
	at com.kms.katalon.core.main.TestSuiteExecutor.accessTestSuiteMainPhase(TestSuiteExecutor.java:140)
	at com.kms.katalon.core.main.TestSuiteExecutor.execute(TestSuiteExecutor.java:89)
	at com.kms.katalon.core.main.TestCaseMain.startTestSuite(TestCaseMain.java:181)
	at com.kms.katalon.core.main.TestCaseMain$startTestSuite$0.call(Unknown Source)
	at TempTestSuite1637674444414.run(TempTestSuite1637674444414.groovy:39)
)

2021-11-23 16:57:52 - [MESSAGE][INFO] - Finding Test Object 'Object Repository/Sayfalar/Giris_Sayfasi/PopupOK'

2021-11-23 16:57:53 - [MESSAGE][INFO] - Checking object

2021-11-23 16:57:53 - [MESSAGE][INFO] - Finding web element from Test Object's properties

2021-11-23 16:57:53 - [MESSAGE][INFO] - Checking timeout

2021-11-23 16:57:53 - [MESSAGE][INFO] - Finding web element with id: 'Object Repository/Sayfalar/Giris_Sayfasi/PopupOK' located by 'By.cssSelector: .btn.btn-success' in '5' second(s)

2021-11-23 16:57:53 - [MESSAGE][INFO] - Smart Wait Function is triggered

2021-11-23 16:57:53 - [MESSAGE][INFO] - Smart Wait Function is triggered

2021-11-23 16:57:54 - [MESSAGE][INFO] - Smart Wait Function is triggered

2021-11-23 16:57:54 - [MESSAGE][INFO] - Smart Wait Function is triggered

2021-11-23 16:57:54 - [MESSAGE][INFO] - Smart Wait Function is triggered

2021-11-23 16:57:54 - [MESSAGE][INFO] - Smart Wait Function is triggered

2021-11-23 16:57:55 - [MESSAGE][INFO] - Smart Wait Function is triggered

2021-11-23 16:57:55 - [MESSAGE][INFO] - Smart Wait Function is triggered

2021-11-23 16:57:55 - [MESSAGE][INFO] - Smart Wait Function is triggered

2021-11-23 16:57:56 - [MESSAGE][INFO] - Smart Wait Function is triggered

2021-11-23 16:57:56 - [MESSAGE][INFO] - Smart Wait Function is triggered

2021-11-23 16:57:56 - [MESSAGE][INFO] - Smart Wait Function is triggered

2021-11-23 16:57:57 - [MESSAGE][INFO] - Smart Wait Function is triggered

2021-11-23 16:57:57 - [MESSAGE][INFO] - Smart Wait Function is triggered

2021-11-23 16:57:57 - [MESSAGE][INFO] - Smart Wait Function is triggered

2021-11-23 16:57:57 - [MESSAGE][INFO] - Smart Wait Function is triggered

2021-11-23 16:57:58 - [MESSAGE][INFO] - Smart Wait Function is triggered

2021-11-23 16:57:58 - [MESSAGE][INFO] - Smart Wait Function is triggered

2021-11-23 16:57:58 - [MESSAGE][INFO] - Smart Wait Function is triggered

2021-11-23 16:57:58 - [MESSAGE][INFO] - Smart Wait Function is triggered

2021-11-23 16:57:59 - [MESSAGE][INFO] - Unable to find the element located by 'By.cssSelector: .btn.btn-success'. Please recheck the objects properties to make sure the desired element is located. 

2021-11-23 16:57:59 - [MESSAGE][WARNING] - com.kms.katalon.core.webui.exception.WebElementNotFoundException: Web element with id: 'Object Repository/Sayfalar/Giris_Sayfasi/PopupOK' located by '.btn.btn-success' not found (Root cause: com.kms.katalon.core.exception.StepFailedException: com.kms.katalon.core.webui.exception.WebElementNotFoundException: Web element with id: 'Object Repository/Sayfalar/Giris_Sayfasi/PopupOK' located by '.btn.btn-success' not found
	at com.kms.katalon.core.webui.keyword.internal.WebUIKeywordMain.stepFailed(WebUIKeywordMain.groovy:64)
	at com.kms.katalon.core.webui.keyword.builtin.VerifyElementPresentKeyword$_verifyElementPresent_closure1.doCall(VerifyElementPresentKeyword.groovy:85)
	at com.kms.katalon.core.webui.keyword.builtin.VerifyElementPresentKeyword$_verifyElementPresent_closure1.call(VerifyElementPresentKeyword.groovy)
	at com.kms.katalon.core.webui.keyword.internal.WebUIKeywordMain.runKeyword(WebUIKeywordMain.groovy:20)
	at com.kms.katalon.core.webui.keyword.builtin.VerifyElementPresentKeyword.verifyElementPresent(VerifyElementPresentKeyword.groovy:92)
	at com.kms.katalon.core.webui.keyword.builtin.VerifyElementPresentKeyword.execute(VerifyElementPresentKeyword.groovy:68)
	at com.kms.katalon.core.keyword.internal.KeywordExecutor.executeKeywordForPlatform(KeywordExecutor.groovy:73)
	at com.kms.katalon.core.webui.keyword.WebUiBuiltInKeywords.verifyElementPresent(WebUiBuiltInKeywords.groovy:1448)
	at com.kms.katalon.core.webui.keyword.WebUiBuiltInKeywords$verifyElementPresent$4.call(Unknown Source)
	at Login.run(Login:40)
	at com.kms.katalon.core.main.ScriptEngine.run(ScriptEngine.java:194)
	at com.kms.katalon.core.main.ScriptEngine.runScriptAsRawText(ScriptEngine.java:119)
	at com.kms.katalon.core.main.TestCaseExecutor.runScript(TestCaseExecutor.java:369)
	at com.kms.katalon.core.main.TestCaseExecutor.doExecute(TestCaseExecutor.java:360)
	at com.kms.katalon.core.main.TestCaseExecutor.processExecutionPhase(TestCaseExecutor.java:339)
	at com.kms.katalon.core.main.TestCaseExecutor.accessMainPhase(TestCaseExecutor.java:331)
	at com.kms.katalon.core.main.TestCaseExecutor.execute(TestCaseExecutor.java:248)
	at com.kms.katalon.core.main.TestCaseMain.runTestCase(TestCaseMain.java:138)
	at com.kms.katalon.core.keyword.builtin.CallTestCaseKeyword$_callTestCase_closure1.doCall(CallTestCaseKeyword.groovy:59)
	at com.kms.katalon.core.keyword.builtin.CallTestCaseKeyword$_callTestCase_closure1.call(CallTestCaseKeyword.groovy)
	at com.kms.katalon.core.keyword.internal.KeywordMain.runKeyword(KeywordMain.groovy:68)
	at com.kms.katalon.core.keyword.builtin.CallTestCaseKeyword.callTestCase(CallTestCaseKeyword.groovy:81)
	at com.kms.katalon.core.keyword.builtin.CallTestCaseKeyword.execute(CallTestCaseKeyword.groovy:44)
	at com.kms.katalon.core.keyword.internal.KeywordExecutor.executeKeywordForPlatform(KeywordExecutor.groovy:73)
	at com.kms.katalon.core.keyword.BuiltinKeywords.callTestCase(BuiltinKeywords.groovy:334)
	at sayfalar.girisSayfasi.login(girisSayfasi.groovy:50)
	at cucumber.runtime.Utils$1.call(Utils.java:26)
	at cucumber.runtime.Timeout.timeout(Timeout.java:16)
	at cucumber.runtime.Utils.invoke(Utils.java:20)
	at cucumber.runtime.java.JavaStepDefinition.execute(JavaStepDefinition.java:49)
	at cucumber.runner.PickleStepDefinitionMatch.runStep(PickleStepDefinitionMatch.java:50)
	at cucumber.runner.TestStep.executeStep(TestStep.java:63)
	at cucumber.runner.TestStep.run(TestStep.java:49)
	at cucumber.runner.PickleStepTestStep.run(PickleStepTestStep.java:43)
	at cucumber.runner.TestCase.run(TestCase.java:44)
	at cucumber.runner.Runner.runPickle(Runner.java:40)
	at cucumber.runtime.Runtime$1.run(Runtime.java:84)
	at cucumber.runtime.Runtime$SameThreadExecutorService.execute(Runtime.java:220)
	at cucumber.runtime.Runtime.run(Runtime.java:81)
	at cucumber.api.cli.Main.run(Main.java:26)
	at cucumber.api.cli.Main$run.call(Unknown Source)
	at com.kms.katalon.core.cucumber.keyword.CucumberBuiltinKeywords$_runFeatureFile_closure1.doCall(CucumberBuiltinKeywords.groovy:106)
	at com.kms.katalon.core.cucumber.keyword.CucumberBuiltinKeywords$_runFeatureFile_closure1.doCall(CucumberBuiltinKeywords.groovy)
	at com.kms.katalon.core.keyword.internal.KeywordMain.runKeyword(KeywordMain.groovy:68)
	at com.kms.katalon.core.keyword.internal.KeywordMain$runKeyword.call(Unknown Source)
	at com.kms.katalon.core.cucumber.keyword.CucumberBuiltinKeywords.runFeatureFile(CucumberBuiltinKeywords.groovy:73)
	at com.kms.katalon.core.cucumber.keyword.CucumberBuiltinKeywords$runFeatureFile$0.callStatic(Unknown Source)
	at com.kms.katalon.core.cucumber.keyword.CucumberBuiltinKeywords.runFeatureFile(CucumberBuiltinKeywords.groovy:246)
	at com.kms.katalon.core.cucumber.keyword.CucumberBuiltinKeywords$runFeatureFile.call(Unknown Source)
	at VKN-Kagit-Iade.run(VKN-Kagit-Iade:19)
	at com.kms.katalon.core.main.ScriptEngine.run(ScriptEngine.java:194)
	at com.kms.katalon.core.main.ScriptEngine.runScriptAsRawText(ScriptEngine.java:119)
	at com.kms.katalon.core.main.TestCaseExecutor.runScript(TestCaseExecutor.java:369)
	at com.kms.katalon.core.main.TestCaseExecutor.doExecute(TestCaseExecutor.java:360)
	at com.kms.katalon.core.main.TestCaseExecutor.processExecutionPhase(TestCaseExecutor.java:339)
	at com.kms.katalon.core.main.TestCaseExecutor.accessMainPhase(TestCaseExecutor.java:331)
	at com.kms.katalon.core.main.TestCaseExecutor.execute(TestCaseExecutor.java:248)
	at com.kms.katalon.core.main.TestSuiteExecutor.accessTestCaseMainPhase(TestSuiteExecutor.java:191)
	at com.kms.katalon.core.main.TestSuiteExecutor.accessTestSuiteMainPhase(TestSuiteExecutor.java:140)
	at com.kms.katalon.core.main.TestSuiteExecutor.execute(TestSuiteExecutor.java:89)
	at com.kms.katalon.core.main.TestCaseMain.startTestSuite(TestCaseMain.java:181)
	at com.kms.katalon.core.main.TestCaseMain$startTestSuite$0.call(Unknown Source)
	at TempTestSuite1637674444414.run(TempTestSuite1637674444414.groovy:39)
)

2021-11-23 16:57:59 - [TEST_STEP][PASSED] - verifyElementVisible(findTestObject("Object Repository/Kullanici_Islemleri/KullaniciIslemleri")): Object 'Object Repository/Kullanici_Islemleri/KullaniciIslemleri' is visible

2021-11-23 16:57:59 - [MESSAGE][INFO] - Finding Test Object 'Object Repository/Kullanici_Islemleri/KullaniciIslemleri'

2021-11-23 16:57:59 - [MESSAGE][INFO] - Checking object

2021-11-23 16:57:59 - [MESSAGE][INFO] - Finding web element from Test Object's properties

2021-11-23 16:57:59 - [MESSAGE][INFO] - Checking timeout

2021-11-23 16:57:59 - [MESSAGE][INFO] - Finding web element with id: 'Object Repository/Kullanici_Islemleri/KullaniciIslemleri' located by 'By.cssSelector: .dropdown>a>img' in '30' second(s)

2021-11-23 16:57:59 - [MESSAGE][INFO] - Smart Wait Function is triggered

2021-11-23 16:57:59 - [MESSAGE][INFO] - Found 1 web elements with id: 'Object Repository/Kullanici_Islemleri/KullaniciIslemleri' located by 'By.cssSelector: .dropdown>a>img' in '30' second(s)

2021-11-23 16:57:59 - [MESSAGE][PASSED] - Object 'Object Repository/Kullanici_Islemleri/KullaniciIslemleri' is visible

2021-11-23 16:57:59 - [MESSAGE][PASSED] - Call Test Case 'Test Cases/Sayfalar/Giris_Sayfasi/Login' successfully

2021-11-23 16:57:59 - [MESSAGE][INFO] - Checking called Test Case

2021-11-23 16:57:59 - [MESSAGE][INFO] - Starting to call Test Case 'Test Cases/Menu/AnaMenuSecimi'

2021-11-23 16:57:59 - [TEST_CASE][PASSED] - Test Cases/Menu/AnaMenuSecimi: Test Cases/Menu/AnaMenuSecimi

2021-11-23 16:57:59 - [TEST_STEP][PASSED] - Method.TextDegerineEsitElementeTikla(findTestObject("Menu/Ana_Menu"), Ana_Menu): Method.TextDegerineEsitElementeTikla is PASSED

2021-11-23 16:57:59 - [MESSAGE][INFO] - Finding Test Object 'Object Repository/Menu/Ana_Menu'

2021-11-23 16:57:59 - [MESSAGE][INFO] - Checking timeout

2021-11-23 16:57:59 - [MESSAGE][INFO] - Finding web element with id: 'Object Repository/Menu/Ana_Menu' located by 'By.xpath: //*[@class = 'dropdown-toggle']' in '10' second(s)

2021-11-23 16:57:59 - [MESSAGE][INFO] - Smart Wait Function is triggered

2021-11-23 16:58:00 - [MESSAGE][INFO] - Found 13 web elements with id: 'Object Repository/Menu/Ana_Menu' located by 'By.xpath: //*[@class = 'dropdown-toggle']' in '10' second(s)

2021-11-23 16:58:00 - [MESSAGE][PASSED] - Method.TextDegerineEsitElementeTikla is PASSED

2021-11-23 16:58:00 - [MESSAGE][PASSED] - Call Test Case 'Test Cases/Menu/AnaMenuSecimi' successfully

2021-11-23 16:58:00 - [MESSAGE][INFO] - Checking called Test Case

2021-11-23 16:58:00 - [MESSAGE][INFO] - Starting to call Test Case 'Test Cases/Menu/BasligaGoreAltMenuSecimi'

2021-11-23 16:58:00 - [TEST_CASE][PASSED] - Test Cases/Menu/BasligaGoreAltMenuSecimi: Test Cases/Menu/BasligaGoreAltMenuSecimi

2021-11-23 16:58:00 - [TEST_STEP][PASSED] - Method.TextDegerineEsitElementinAltindakiTextDegerineEsitOlanaTikla(findTestObject("Menu/Menu_Basligi"), findTestObject("Menu/Basliga_Gore_Alt_Menu"), Baslik, Alt_Menu): Method.TextDegerineEsitElementinAltindakiTextDegerineEsitOlanaTikla is PASSED

2021-11-23 16:58:00 - [MESSAGE][INFO] - Finding Test Object 'Object Repository/Menu/Menu_Basligi'

2021-11-23 16:58:00 - [MESSAGE][INFO] - Finding Test Object 'Object Repository/Menu/Basliga_Gore_Alt_Menu'

2021-11-23 16:58:00 - [MESSAGE][INFO] - Checking timeout

2021-11-23 16:58:00 - [MESSAGE][INFO] - Finding web element with id: 'Object Repository/Menu/Menu_Basligi' located by 'By.xpath: //li[@class='dropdown dropdown-large open']//li[@class='dropdown-header']' in '10' second(s)

2021-11-23 16:58:00 - [MESSAGE][INFO] - Smart Wait Function is triggered

2021-11-23 16:58:00 - [MESSAGE][INFO] - Found 2 web elements with id: 'Object Repository/Menu/Menu_Basligi' located by 'By.xpath: //li[@class='dropdown dropdown-large open']//li[@class='dropdown-header']' in '10' second(s)

2021-11-23 16:58:00 - [MESSAGE][INFO] - Smart Wait Function is triggered

2021-11-23 16:58:02 - [MESSAGE][PASSED] - Method.TextDegerineEsitElementinAltindakiTextDegerineEsitOlanaTikla is PASSED

2021-11-23 16:58:02 - [MESSAGE][PASSED] - Call Test Case 'Test Cases/Menu/BasligaGoreAltMenuSecimi' successfully

2021-11-23 16:58:02 - [MESSAGE][INFO] - Checking called Test Case

2021-11-23 16:58:02 - [MESSAGE][INFO] - Starting to call Test Case 'Test Cases/Tablo/Olusturma Tarihi'

2021-11-23 16:58:03 - [TEST_CASE][PASSED] - Test Cases/Tablo/Olusturma Tarihi: Test Cases/Tablo/Olusturma Tarihi

2021-11-23 16:58:03 - [TEST_STEP][PASSED] - if (verifyTextNotPresent("Görüntülenecek veri yok", true, OPTIONAL)): null

2021-11-23 16:58:03 - [MESSAGE][INFO] - Checking text present  using regular expression

2021-11-23 16:58:03 - [MESSAGE][INFO] - Smart Wait Function is triggered

2021-11-23 16:58:03 - [MESSAGE][INFO] - Finding text 'Görüntülenecek veri yok' on page  using regular expression

2021-11-23 16:58:03 - [MESSAGE][PASSED] - Text 'Görüntülenecek veri yok' is not present on page using regular expression

2021-11-23 16:58:03 - [TEST_STEP][PASSED] - click(findTestObject("Temizle/Olusturma_Tarihi_CheckBox")): Object: 'Object Repository/Temizle/Olusturma_Tarihi_CheckBox' is clicked on

2021-11-23 16:58:03 - [MESSAGE][INFO] - Finding Test Object 'Object Repository/Temizle/Olusturma_Tarihi_CheckBox'

2021-11-23 16:58:03 - [MESSAGE][INFO] - Checking object

2021-11-23 16:58:03 - [MESSAGE][INFO] - Finding web element from Test Object's properties

2021-11-23 16:58:03 - [MESSAGE][INFO] - Checking timeout

2021-11-23 16:58:03 - [MESSAGE][INFO] - Finding web element with id: 'Object Repository/Temizle/Olusturma_Tarihi_CheckBox' located by 'By.xpath: //*[@title = 'Bu sayfadaki tüm satırları Seç']' in '30' second(s)

2021-11-23 16:58:03 - [MESSAGE][INFO] - Smart Wait Function is triggered

2021-11-23 16:58:04 - [MESSAGE][INFO] - Found 1 web elements with id: 'Object Repository/Temizle/Olusturma_Tarihi_CheckBox' located by 'By.xpath: //*[@title = 'Bu sayfadaki tüm satırları Seç']' in '30' second(s)

2021-11-23 16:58:04 - [MESSAGE][INFO] - Clicking on object: 'Object Repository/Temizle/Olusturma_Tarihi_CheckBox'

2021-11-23 16:58:04 - [MESSAGE][PASSED] - Object: 'Object Repository/Temizle/Olusturma_Tarihi_CheckBox' is clicked on

2021-11-23 16:58:04 - [TEST_STEP][PASSED] - Method.TextDegerineEsitElementeTiklaEquals(findTestObject("Butonlar/Butonlar"), "Sil"): Method.TextDegerineEsitElementeTiklaEquals is PASSED

2021-11-23 16:58:04 - [MESSAGE][INFO] - Finding Test Object 'Object Repository/Butonlar/Butonlar'

2021-11-23 16:58:04 - [MESSAGE][INFO] - Checking timeout

2021-11-23 16:58:04 - [MESSAGE][INFO] - Finding web element with id: 'Object Repository/Butonlar/Butonlar' located by 'By.cssSelector: .panel.panel-default.text-center.footerPanel .btn,.btn.btn-primary.btnControls' in '10' second(s)

2021-11-23 16:58:04 - [MESSAGE][INFO] - Smart Wait Function is triggered

2021-11-23 16:58:04 - [MESSAGE][INFO] - Found 9 web elements with id: 'Object Repository/Butonlar/Butonlar' located by 'By.cssSelector: .panel.panel-default.text-center.footerPanel .btn,.btn.btn-primary.btnControls' in '10' second(s)

2021-11-23 16:58:05 - [MESSAGE][PASSED] - Method.TextDegerineEsitElementeTiklaEquals is PASSED

2021-11-23 16:58:05 - [TEST_STEP][PASSED] - Method.TextDegerineEsitElementeTikla(findTestObject("Popup/Popup_Butons"), "Evet"): Method.TextDegerineEsitElementeTikla is PASSED

2021-11-23 16:58:05 - [MESSAGE][INFO] - Finding Test Object 'Object Repository/Popup/Popup_Butons'

2021-11-23 16:58:05 - [MESSAGE][INFO] - Checking timeout

2021-11-23 16:58:05 - [MESSAGE][INFO] - Finding web element with id: 'Object Repository/Popup/Popup_Butons' located by 'By.cssSelector: .modal-footer>button' in '10' second(s)

2021-11-23 16:58:05 - [MESSAGE][INFO] - Smart Wait Function is triggered

2021-11-23 16:58:06 - [MESSAGE][INFO] - Found 2 web elements with id: 'Object Repository/Popup/Popup_Butons' located by 'By.cssSelector: .modal-footer>button' in '10' second(s)

2021-11-23 16:58:06 - [MESSAGE][PASSED] - Method.TextDegerineEsitElementeTikla is PASSED

2021-11-23 16:58:06 - [TEST_STEP][PASSED] - Method.TextDegerineEsitElementeTikla(findTestObject("Popup/Popup_Butons"), "Tamam"): Method.TextDegerineEsitElementeTikla is PASSED

2021-11-23 16:58:06 - [MESSAGE][INFO] - Finding Test Object 'Object Repository/Popup/Popup_Butons'

2021-11-23 16:58:06 - [MESSAGE][INFO] - Checking timeout

2021-11-23 16:58:06 - [MESSAGE][INFO] - Finding web element with id: 'Object Repository/Popup/Popup_Butons' located by 'By.cssSelector: .modal-footer>button' in '10' second(s)

2021-11-23 16:58:06 - [MESSAGE][INFO] - Smart Wait Function is triggered

2021-11-23 16:58:07 - [MESSAGE][INFO] - Found 1 web elements with id: 'Object Repository/Popup/Popup_Butons' located by 'By.cssSelector: .modal-footer>button' in '10' second(s)

2021-11-23 16:58:07 - [MESSAGE][PASSED] - Method.TextDegerineEsitElementeTikla is PASSED

2021-11-23 16:58:07 - [MESSAGE][PASSED] - Call Test Case 'Test Cases/Tablo/Olusturma Tarihi' successfully

2021-11-23 16:58:07 - [MESSAGE][INFO] - Checking called Test Case

2021-11-23 16:58:07 - [MESSAGE][INFO] - Starting to call Test Case 'Test Cases/Butonlar/ButonaTikla'

2021-11-23 16:58:07 - [TEST_CASE][PASSED] - Test Cases/Butonlar/ButonaTikla: Test Cases/Butonlar/ButonaTikla

2021-11-23 16:58:07 - [TEST_STEP][PASSED] - Method.TextDegerineEsitElementeTiklaEquals(findTestObject("Butonlar/Butonlar"), Buton_Adi): Method.TextDegerineEsitElementeTiklaEquals is PASSED

2021-11-23 16:58:07 - [MESSAGE][INFO] - Finding Test Object 'Object Repository/Butonlar/Butonlar'

2021-11-23 16:58:07 - [MESSAGE][INFO] - Checking timeout

2021-11-23 16:58:07 - [MESSAGE][INFO] - Finding web element with id: 'Object Repository/Butonlar/Butonlar' located by 'By.cssSelector: .panel.panel-default.text-center.footerPanel .btn,.btn.btn-primary.btnControls' in '10' second(s)

2021-11-23 16:58:07 - [MESSAGE][INFO] - Smart Wait Function is triggered

2021-11-23 16:58:08 - [MESSAGE][INFO] - Found 9 web elements with id: 'Object Repository/Butonlar/Butonlar' located by 'By.cssSelector: .panel.panel-default.text-center.footerPanel .btn,.btn.btn-primary.btnControls' in '10' second(s)

2021-11-23 16:58:08 - [MESSAGE][PASSED] - Method.TextDegerineEsitElementeTiklaEquals is PASSED

2021-11-23 16:58:08 - [MESSAGE][PASSED] - Call Test Case 'Test Cases/Butonlar/ButonaTikla' successfully

2021-11-23 16:58:08 - [MESSAGE][INFO] - Checking called Test Case

2021-11-23 16:58:08 - [MESSAGE][INFO] - Starting to call Test Case 'Test Cases/Olusturma/Genel/GorselTasarimSayfasıBasligiIceriyorMu'

2021-11-23 16:58:08 - [TEST_CASE][PASSED] - Test Cases/Olusturma/Genel/GorselTasarimSayfasıBasligiIceriyorMu: Test Cases/Olusturma/Genel/GorselTasarimSayfasıBasligiIceriyorMu

2021-11-23 16:58:08 - [TEST_STEP][PASSED] - verifyElementText(findTestObject("Object Repository/Olusturma/Genel/GorselTasarimBaslik"), Baslik): Actual text and expected text of test object 'Object Repository/Olusturma/Genel/GorselTasarimBaslik' are matched.

2021-11-23 16:58:08 - [MESSAGE][INFO] - Finding Test Object 'Object Repository/Olusturma/Genel/GorselTasarimBaslik'

2021-11-23 16:58:08 - [MESSAGE][INFO] - Checking object

2021-11-23 16:58:08 - [MESSAGE][INFO] - Finding web element from Test Object's properties

2021-11-23 16:58:08 - [MESSAGE][INFO] - Checking timeout

2021-11-23 16:58:08 - [MESSAGE][INFO] - Finding web element with id: 'Object Repository/Olusturma/Genel/GorselTasarimBaslik' located by 'By.cssSelector: #flAlici_0>div>span' in '30' second(s)

2021-11-23 16:58:08 - [MESSAGE][INFO] - Smart Wait Function is triggered

2021-11-23 16:58:21 - [MESSAGE][INFO] - Found 1 web elements with id: 'Object Repository/Olusturma/Genel/GorselTasarimBaslik' located by 'By.cssSelector: #flAlici_0>div>span' in '30' second(s)

2021-11-23 16:58:21 - [MESSAGE][PASSED] - Actual text and expected text of test object 'Object Repository/Olusturma/Genel/GorselTasarimBaslik' are matched.

2021-11-23 16:58:21 - [MESSAGE][PASSED] - Call Test Case 'Test Cases/Olusturma/Genel/GorselTasarimSayfasıBasligiIceriyorMu' successfully

2021-11-23 16:58:21 - [MESSAGE][INFO] - Checking called Test Case

2021-11-23 16:58:21 - [MESSAGE][INFO] - Starting to call Test Case 'Test Cases/Olusturma/Genel/AliciSecilir'

2021-11-23 16:58:21 - [TEST_CASE][PASSED] - Test Cases/Olusturma/Genel/AliciSecilir: Test Cases/Olusturma/Genel/AliciSecilir

2021-11-23 16:58:21 - [TEST_STEP][PASSED] - click(findTestObject("Olusturma/Genel/AliciBilgisi/Alici_Ara")): Object: 'Object Repository/Olusturma/Genel/AliciBilgisi/Alici_Ara' is clicked on

2021-11-23 16:58:21 - [MESSAGE][INFO] - Finding Test Object 'Object Repository/Olusturma/Genel/AliciBilgisi/Alici_Ara'

2021-11-23 16:58:21 - [MESSAGE][INFO] - Checking object

2021-11-23 16:58:21 - [MESSAGE][INFO] - Finding web element from Test Object's properties

2021-11-23 16:58:21 - [MESSAGE][INFO] - Checking timeout

2021-11-23 16:58:21 - [MESSAGE][INFO] - Finding web element with id: 'Object Repository/Olusturma/Genel/AliciBilgisi/Alici_Ara' located by 'By.xpath: //td[@id='txtCustomerText_B-1']' in '30' second(s)

2021-11-23 16:58:21 - [MESSAGE][INFO] - Smart Wait Function is triggered

2021-11-23 16:58:21 - [MESSAGE][INFO] - Found 1 web elements with id: 'Object Repository/Olusturma/Genel/AliciBilgisi/Alici_Ara' located by 'By.xpath: //td[@id='txtCustomerText_B-1']' in '30' second(s)

2021-11-23 16:58:21 - [MESSAGE][INFO] - Clicking on object: 'Object Repository/Olusturma/Genel/AliciBilgisi/Alici_Ara'

2021-11-23 16:58:21 - [MESSAGE][PASSED] - Object: 'Object Repository/Olusturma/Genel/AliciBilgisi/Alici_Ara' is clicked on

2021-11-23 16:58:21 - [TEST_STEP][PASSED] - click(findTestObject("Olusturma/Genel/AliciBilgisi/Alici_Bilgisi")): Object: 'Object Repository/Olusturma/Genel/AliciBilgisi/Alici_Bilgisi' is clicked on

2021-11-23 16:58:21 - [MESSAGE][INFO] - Finding Test Object 'Object Repository/Olusturma/Genel/AliciBilgisi/Alici_Bilgisi'

2021-11-23 16:58:21 - [MESSAGE][INFO] - Checking object

2021-11-23 16:58:21 - [MESSAGE][INFO] - Finding web element from Test Object's properties

2021-11-23 16:58:21 - [MESSAGE][INFO] - Checking timeout

2021-11-23 16:58:21 - [MESSAGE][INFO] - Finding web element with id: 'Object Repository/Olusturma/Genel/AliciBilgisi/Alici_Bilgisi' located by 'By.xpath: //iframe[@id='customerselectiframe']' in '30' second(s)

2021-11-23 16:58:21 - [MESSAGE][INFO] - Smart Wait Function is triggered

2021-11-23 16:58:22 - [MESSAGE][INFO] - Found 1 web elements with id: 'Object Repository/Olusturma/Genel/AliciBilgisi/Alici_Bilgisi' located by 'By.xpath: //iframe[@id='customerselectiframe']' in '30' second(s)

2021-11-23 16:58:22 - [MESSAGE][INFO] - Clicking on object: 'Object Repository/Olusturma/Genel/AliciBilgisi/Alici_Bilgisi'

2021-11-23 16:58:22 - [MESSAGE][PASSED] - Object: 'Object Repository/Olusturma/Genel/AliciBilgisi/Alici_Bilgisi' is clicked on

2021-11-23 16:58:22 - [TEST_STEP][PASSED] - setText(findTestObject("Olusturma/Genel/AliciBilgisi/Alici_Gir"), Alici_Adi): Switching to default content

2021-11-23 16:58:22 - [MESSAGE][INFO] - Finding Test Object 'Object Repository/Olusturma/Genel/AliciBilgisi/Alici_Gir'

2021-11-23 16:58:22 - [MESSAGE][INFO] - Finding Test Object 'Object Repository/Olusturma/Genel/AliciBilgisi/Alici_Bilgisi'

2021-11-23 16:58:22 - [MESSAGE][INFO] - Checking object

2021-11-23 16:58:22 - [MESSAGE][INFO] - Checking text

2021-11-23 16:58:22 - [MESSAGE][INFO] - Object: 'Object Repository/Olusturma/Genel/AliciBilgisi/Alici_Gir' has parent object(s)

2021-11-23 16:58:22 - [MESSAGE][INFO] - Switching to iframe: 'Object Repository/Olusturma/Genel/AliciBilgisi/Alici_Bilgisi'

2021-11-23 16:58:22 - [MESSAGE][INFO] - Finding web element from Test Object's properties

2021-11-23 16:58:22 - [MESSAGE][INFO] - Checking timeout

2021-11-23 16:58:22 - [MESSAGE][INFO] - Finding web element with id: 'Object Repository/Olusturma/Genel/AliciBilgisi/Alici_Bilgisi' located by 'By.xpath: //iframe[@id='customerselectiframe']' in '30' second(s)

2021-11-23 16:58:22 - [MESSAGE][INFO] - Smart Wait Function is triggered

2021-11-23 16:58:22 - [MESSAGE][INFO] - Found 1 web elements with id: 'Object Repository/Olusturma/Genel/AliciBilgisi/Alici_Bilgisi' located by 'By.xpath: //iframe[@id='customerselectiframe']' in '30' second(s)

2021-11-23 16:58:22 - [MESSAGE][INFO] - Switched to iframe: 'Object Repository/Olusturma/Genel/AliciBilgisi/Alici_Bilgisi'

2021-11-23 16:58:22 - [MESSAGE][INFO] - Finding web element from Test Object's properties

2021-11-23 16:58:22 - [MESSAGE][INFO] - Checking timeout

2021-11-23 16:58:22 - [MESSAGE][INFO] - Finding web element with id: 'Object Repository/Olusturma/Genel/AliciBilgisi/Alici_Gir' located by 'By.xpath: //input[@id='GridViewCustomer_DXFREditorcol1_I']' in '30' second(s)

2021-11-23 16:58:22 - [MESSAGE][INFO] - Smart Wait Function is triggered

2021-11-23 16:58:22 - [MESSAGE][INFO] - Found 1 web elements with id: 'Object Repository/Olusturma/Genel/AliciBilgisi/Alici_Gir' located by 'By.xpath: //input[@id='GridViewCustomer_DXFREditorcol1_I']' in '30' second(s)

2021-11-23 16:58:22 - [MESSAGE][INFO] - Clearing text of object 'Object Repository/Olusturma/Genel/AliciBilgisi/Alici_Gir'

2021-11-23 16:58:22 - [MESSAGE][INFO] - Finding web element from Test Object's properties

2021-11-23 16:58:22 - [MESSAGE][INFO] - Checking timeout

2021-11-23 16:58:22 - [MESSAGE][INFO] - Finding web element with id: 'Object Repository/Olusturma/Genel/AliciBilgisi/Alici_Gir' located by 'By.xpath: //input[@id='GridViewCustomer_DXFREditorcol1_I']' in '30' second(s)

2021-11-23 16:58:22 - [MESSAGE][INFO] - Smart Wait Function is triggered

2021-11-23 16:58:22 - [MESSAGE][INFO] - Found 1 web elements with id: 'Object Repository/Olusturma/Genel/AliciBilgisi/Alici_Gir' located by 'By.xpath: //input[@id='GridViewCustomer_DXFREditorcol1_I']' in '30' second(s)

2021-11-23 16:58:22 - [MESSAGE][INFO] - Setting text of object 'Object Repository/Olusturma/Genel/AliciBilgisi/Alici_Gir' to value 'UC0011'

2021-11-23 16:58:22 - [MESSAGE][PASSED] - Text 'UC0011' is set on object 'Object Repository/Olusturma/Genel/AliciBilgisi/Alici_Gir'

2021-11-23 16:58:22 - [MESSAGE][INFO] - Switching to default content

2021-11-23 16:58:23 - [TEST_STEP][PASSED] - waitForElementClickable(findTestObject("Olusturma/Genel/AliciBilgisi/Alici_Adi"), 10): Switching to default content

2021-11-23 16:58:23 - [MESSAGE][INFO] - Finding Test Object 'Object Repository/Olusturma/Genel/AliciBilgisi/Alici_Adi'

2021-11-23 16:58:23 - [MESSAGE][INFO] - Finding Test Object 'Object Repository/Olusturma/Genel/AliciBilgisi/iframe_Alc Bilgisi_customerselectiframe'

2021-11-23 16:58:23 - [MESSAGE][INFO] - Checking object

2021-11-23 16:58:23 - [MESSAGE][INFO] - Checking timeout

2021-11-23 16:58:23 - [MESSAGE][INFO] - Object: 'Object Repository/Olusturma/Genel/AliciBilgisi/Alici_Adi' has parent object(s)

2021-11-23 16:58:23 - [MESSAGE][INFO] - Switching to iframe: 'Object Repository/Olusturma/Genel/AliciBilgisi/iframe_Alc Bilgisi_customerselectiframe'

2021-11-23 16:58:23 - [MESSAGE][INFO] - Finding web element from Test Object's properties

2021-11-23 16:58:23 - [MESSAGE][INFO] - Checking timeout

2021-11-23 16:58:23 - [MESSAGE][INFO] - Finding web element with id: 'Object Repository/Olusturma/Genel/AliciBilgisi/iframe_Alc Bilgisi_customerselectiframe' located by 'By.xpath: //iframe[@id='customerselectiframe']' in '10' second(s)

2021-11-23 16:58:23 - [MESSAGE][INFO] - Smart Wait Function is triggered

2021-11-23 16:58:23 - [MESSAGE][INFO] - Found 1 web elements with id: 'Object Repository/Olusturma/Genel/AliciBilgisi/iframe_Alc Bilgisi_customerselectiframe' located by 'By.xpath: //iframe[@id='customerselectiframe']' in '10' second(s)

2021-11-23 16:58:23 - [MESSAGE][INFO] - Switched to iframe: 'Object Repository/Olusturma/Genel/AliciBilgisi/iframe_Alc Bilgisi_customerselectiframe'

2021-11-23 16:58:23 - [MESSAGE][INFO] - Finding web element from Test Object's properties

2021-11-23 16:58:23 - [MESSAGE][INFO] - Checking timeout

2021-11-23 16:58:23 - [MESSAGE][INFO] - Finding web element with id: 'Object Repository/Olusturma/Genel/AliciBilgisi/Alici_Adi' located by 'By.xpath: //tr[@id='GridViewCustomer_DXDataRow0']/td[2]' in '10' second(s)

2021-11-23 16:58:23 - [MESSAGE][INFO] - Smart Wait Function is triggered

2021-11-23 16:58:23 - [MESSAGE][INFO] - Found 1 web elements with id: 'Object Repository/Olusturma/Genel/AliciBilgisi/Alici_Adi' located by 'By.xpath: //tr[@id='GridViewCustomer_DXDataRow0']/td[2]' in '10' second(s)

2021-11-23 16:58:23 - [MESSAGE][PASSED] - Object 'Object Repository/Olusturma/Genel/AliciBilgisi/Alici_Adi' is clickable

2021-11-23 16:58:23 - [MESSAGE][INFO] - Switching to default content

2021-11-23 16:58:23 - [TEST_STEP][PASSED] - click(findTestObject("Olusturma/Genel/AliciBilgisi/frame")): Switching to default content

2021-11-23 16:58:23 - [MESSAGE][INFO] - Finding Test Object 'Object Repository/Olusturma/Genel/AliciBilgisi/frame'

2021-11-23 16:58:23 - [MESSAGE][INFO] - Finding Test Object 'Object Repository/Olusturma/Genel/AliciBilgisi/iframe_Alc Bilgisi_customerselectiframe'

2021-11-23 16:58:23 - [MESSAGE][INFO] - Checking object

2021-11-23 16:58:23 - [MESSAGE][INFO] - Object: 'Object Repository/Olusturma/Genel/AliciBilgisi/frame' has parent object(s)

2021-11-23 16:58:23 - [MESSAGE][INFO] - Switching to iframe: 'Object Repository/Olusturma/Genel/AliciBilgisi/iframe_Alc Bilgisi_customerselectiframe'

2021-11-23 16:58:23 - [MESSAGE][INFO] - Finding web element from Test Object's properties

2021-11-23 16:58:23 - [MESSAGE][INFO] - Checking timeout

2021-11-23 16:58:23 - [MESSAGE][INFO] - Finding web element with id: 'Object Repository/Olusturma/Genel/AliciBilgisi/iframe_Alc Bilgisi_customerselectiframe' located by 'By.xpath: //iframe[@id='customerselectiframe']' in '30' second(s)

2021-11-23 16:58:23 - [MESSAGE][INFO] - Smart Wait Function is triggered

2021-11-23 16:58:24 - [MESSAGE][INFO] - Found 1 web elements with id: 'Object Repository/Olusturma/Genel/AliciBilgisi/iframe_Alc Bilgisi_customerselectiframe' located by 'By.xpath: //iframe[@id='customerselectiframe']' in '30' second(s)

2021-11-23 16:58:24 - [MESSAGE][INFO] - Switched to iframe: 'Object Repository/Olusturma/Genel/AliciBilgisi/iframe_Alc Bilgisi_customerselectiframe'

2021-11-23 16:58:24 - [MESSAGE][INFO] - Finding web element from Test Object's properties

2021-11-23 16:58:24 - [MESSAGE][INFO] - Checking timeout

2021-11-23 16:58:24 - [MESSAGE][INFO] - Finding web element with id: 'Object Repository/Olusturma/Genel/AliciBilgisi/frame' located by 'By.xpath: //*/text()[normalize-space(.)='']/parent::*' in '30' second(s)

2021-11-23 16:58:24 - [MESSAGE][INFO] - Smart Wait Function is triggered

2021-11-23 16:58:24 - [MESSAGE][INFO] - Found 66 web elements with id: 'Object Repository/Olusturma/Genel/AliciBilgisi/frame' located by 'By.xpath: //*/text()[normalize-space(.)='']/parent::*' in '30' second(s)

2021-11-23 16:58:24 - [MESSAGE][INFO] - Clicking on object: 'Object Repository/Olusturma/Genel/AliciBilgisi/frame'

2021-11-23 16:58:24 - [MESSAGE][PASSED] - Object: 'Object Repository/Olusturma/Genel/AliciBilgisi/frame' is clicked on

2021-11-23 16:58:24 - [MESSAGE][INFO] - Switching to default content

2021-11-23 16:58:24 - [TEST_STEP][PASSED] - click(findTestObject("Olusturma/Genel/AliciBilgisi/Alici_Adi")): Switching to default content

2021-11-23 16:58:24 - [MESSAGE][INFO] - Finding Test Object 'Object Repository/Olusturma/Genel/AliciBilgisi/Alici_Adi'

2021-11-23 16:58:24 - [MESSAGE][INFO] - Finding Test Object 'Object Repository/Olusturma/Genel/AliciBilgisi/iframe_Alc Bilgisi_customerselectiframe'

2021-11-23 16:58:24 - [MESSAGE][INFO] - Checking object

2021-11-23 16:58:24 - [MESSAGE][INFO] - Object: 'Object Repository/Olusturma/Genel/AliciBilgisi/Alici_Adi' has parent object(s)

2021-11-23 16:58:24 - [MESSAGE][INFO] - Switching to iframe: 'Object Repository/Olusturma/Genel/AliciBilgisi/iframe_Alc Bilgisi_customerselectiframe'

2021-11-23 16:58:24 - [MESSAGE][INFO] - Finding web element from Test Object's properties

2021-11-23 16:58:24 - [MESSAGE][INFO] - Checking timeout

2021-11-23 16:58:24 - [MESSAGE][INFO] - Finding web element with id: 'Object Repository/Olusturma/Genel/AliciBilgisi/iframe_Alc Bilgisi_customerselectiframe' located by 'By.xpath: //iframe[@id='customerselectiframe']' in '30' second(s)

2021-11-23 16:58:24 - [MESSAGE][INFO] - Smart Wait Function is triggered

2021-11-23 16:58:24 - [MESSAGE][INFO] - Found 1 web elements with id: 'Object Repository/Olusturma/Genel/AliciBilgisi/iframe_Alc Bilgisi_customerselectiframe' located by 'By.xpath: //iframe[@id='customerselectiframe']' in '30' second(s)

2021-11-23 16:58:24 - [MESSAGE][INFO] - Switched to iframe: 'Object Repository/Olusturma/Genel/AliciBilgisi/iframe_Alc Bilgisi_customerselectiframe'

2021-11-23 16:58:24 - [MESSAGE][INFO] - Finding web element from Test Object's properties

2021-11-23 16:58:24 - [MESSAGE][INFO] - Checking timeout

2021-11-23 16:58:24 - [MESSAGE][INFO] - Finding web element with id: 'Object Repository/Olusturma/Genel/AliciBilgisi/Alici_Adi' located by 'By.xpath: //tr[@id='GridViewCustomer_DXDataRow0']/td[2]' in '30' second(s)

2021-11-23 16:58:24 - [MESSAGE][INFO] - Smart Wait Function is triggered

2021-11-23 16:58:24 - [MESSAGE][INFO] - Found 1 web elements with id: 'Object Repository/Olusturma/Genel/AliciBilgisi/Alici_Adi' located by 'By.xpath: //tr[@id='GridViewCustomer_DXDataRow0']/td[2]' in '30' second(s)

2021-11-23 16:58:24 - [MESSAGE][INFO] - Clicking on object: 'Object Repository/Olusturma/Genel/AliciBilgisi/Alici_Adi'

2021-11-23 16:58:24 - [MESSAGE][PASSED] - Object: 'Object Repository/Olusturma/Genel/AliciBilgisi/Alici_Adi' is clicked on

2021-11-23 16:58:24 - [MESSAGE][INFO] - Switching to default content

2021-11-23 16:58:24 - [TEST_STEP][PASSED] - click(findTestObject("Olusturma/Genel/AliciBilgisi/Tamam_Bosluk")): Switching to default content

2021-11-23 16:58:24 - [MESSAGE][INFO] - Finding Test Object 'Object Repository/Olusturma/Genel/AliciBilgisi/Tamam_Bosluk'

2021-11-23 16:58:24 - [MESSAGE][INFO] - Finding Test Object 'Object Repository/Olusturma/Genel/AliciBilgisi/Alici_Bilgisi'

2021-11-23 16:58:24 - [MESSAGE][INFO] - Checking object

2021-11-23 16:58:24 - [MESSAGE][INFO] - Object: 'Object Repository/Olusturma/Genel/AliciBilgisi/Tamam_Bosluk' has parent object(s)

2021-11-23 16:58:24 - [MESSAGE][INFO] - Switching to iframe: 'Object Repository/Olusturma/Genel/AliciBilgisi/Alici_Bilgisi'

2021-11-23 16:58:24 - [MESSAGE][INFO] - Finding web element from Test Object's properties

2021-11-23 16:58:24 - [MESSAGE][INFO] - Checking timeout

2021-11-23 16:58:24 - [MESSAGE][INFO] - Finding web element with id: 'Object Repository/Olusturma/Genel/AliciBilgisi/Alici_Bilgisi' located by 'By.xpath: //iframe[@id='customerselectiframe']' in '30' second(s)

2021-11-23 16:58:24 - [MESSAGE][INFO] - Smart Wait Function is triggered

2021-11-23 16:58:25 - [MESSAGE][INFO] - Found 1 web elements with id: 'Object Repository/Olusturma/Genel/AliciBilgisi/Alici_Bilgisi' located by 'By.xpath: //iframe[@id='customerselectiframe']' in '30' second(s)

2021-11-23 16:58:25 - [MESSAGE][INFO] - Switched to iframe: 'Object Repository/Olusturma/Genel/AliciBilgisi/Alici_Bilgisi'

2021-11-23 16:58:25 - [MESSAGE][INFO] - Finding web element from Test Object's properties

2021-11-23 16:58:25 - [MESSAGE][INFO] - Checking timeout

2021-11-23 16:58:25 - [MESSAGE][INFO] - Finding web element with id: 'Object Repository/Olusturma/Genel/AliciBilgisi/Tamam_Bosluk' located by 'By.xpath: (.//*[normalize-space(text()) and normalize-space(.)='Sayfa Boyutu:'])[1]/following::div[7]' in '30' second(s)

2021-11-23 16:58:25 - [MESSAGE][INFO] - Smart Wait Function is triggered

2021-11-23 16:58:25 - [MESSAGE][INFO] - Found 1 web elements with id: 'Object Repository/Olusturma/Genel/AliciBilgisi/Tamam_Bosluk' located by 'By.xpath: (.//*[normalize-space(text()) and normalize-space(.)='Sayfa Boyutu:'])[1]/following::div[7]' in '30' second(s)

2021-11-23 16:58:25 - [MESSAGE][INFO] - Clicking on object: 'Object Repository/Olusturma/Genel/AliciBilgisi/Tamam_Bosluk'

2021-11-23 16:58:25 - [MESSAGE][PASSED] - Object: 'Object Repository/Olusturma/Genel/AliciBilgisi/Tamam_Bosluk' is clicked on

2021-11-23 16:58:25 - [MESSAGE][INFO] - Switching to default content

2021-11-23 16:58:25 - [TEST_STEP][PASSED] - waitForElementClickable(findTestObject("Olusturma/Genel/AliciBilgisi/Tamam_Butonu"), 10): Switching to default content

2021-11-23 16:58:25 - [MESSAGE][INFO] - Finding Test Object 'Object Repository/Olusturma/Genel/AliciBilgisi/Tamam_Butonu'

2021-11-23 16:58:25 - [MESSAGE][INFO] - Finding Test Object 'Object Repository/Olusturma/Genel/AliciBilgisi/Alici_Bilgisi'

2021-11-23 16:58:25 - [MESSAGE][INFO] - Checking object

2021-11-23 16:58:25 - [MESSAGE][INFO] - Checking timeout

2021-11-23 16:58:25 - [MESSAGE][INFO] - Object: 'Object Repository/Olusturma/Genel/AliciBilgisi/Tamam_Butonu' has parent object(s)

2021-11-23 16:58:25 - [MESSAGE][INFO] - Switching to iframe: 'Object Repository/Olusturma/Genel/AliciBilgisi/Alici_Bilgisi'

2021-11-23 16:58:25 - [MESSAGE][INFO] - Finding web element from Test Object's properties

2021-11-23 16:58:25 - [MESSAGE][INFO] - Checking timeout

2021-11-23 16:58:25 - [MESSAGE][INFO] - Finding web element with id: 'Object Repository/Olusturma/Genel/AliciBilgisi/Alici_Bilgisi' located by 'By.xpath: //iframe[@id='customerselectiframe']' in '10' second(s)

2021-11-23 16:58:25 - [MESSAGE][INFO] - Smart Wait Function is triggered

2021-11-23 16:58:25 - [MESSAGE][INFO] - Found 1 web elements with id: 'Object Repository/Olusturma/Genel/AliciBilgisi/Alici_Bilgisi' located by 'By.xpath: //iframe[@id='customerselectiframe']' in '10' second(s)

2021-11-23 16:58:25 - [MESSAGE][INFO] - Switched to iframe: 'Object Repository/Olusturma/Genel/AliciBilgisi/Alici_Bilgisi'

2021-11-23 16:58:25 - [MESSAGE][INFO] - Finding web element from Test Object's properties

2021-11-23 16:58:25 - [MESSAGE][INFO] - Checking timeout

2021-11-23 16:58:25 - [MESSAGE][INFO] - Finding web element with id: 'Object Repository/Olusturma/Genel/AliciBilgisi/Tamam_Butonu' located by 'By.xpath: //div[@id='btnSelectCustomer_CD']/span' in '10' second(s)

2021-11-23 16:58:25 - [MESSAGE][INFO] - Smart Wait Function is triggered

2021-11-23 16:58:25 - [MESSAGE][INFO] - Found 1 web elements with id: 'Object Repository/Olusturma/Genel/AliciBilgisi/Tamam_Butonu' located by 'By.xpath: //div[@id='btnSelectCustomer_CD']/span' in '10' second(s)

2021-11-23 16:58:25 - [MESSAGE][PASSED] - Object 'Object Repository/Olusturma/Genel/AliciBilgisi/Tamam_Butonu' is clickable

2021-11-23 16:58:25 - [MESSAGE][INFO] - Switching to default content

2021-11-23 16:58:25 - [TEST_STEP][PASSED] - click(findTestObject("Olusturma/Genel/AliciBilgisi/Tamam_Butonu")): Switching to default content

2021-11-23 16:58:25 - [MESSAGE][INFO] - Finding Test Object 'Object Repository/Olusturma/Genel/AliciBilgisi/Tamam_Butonu'

2021-11-23 16:58:25 - [MESSAGE][INFO] - Finding Test Object 'Object Repository/Olusturma/Genel/AliciBilgisi/Alici_Bilgisi'

2021-11-23 16:58:25 - [MESSAGE][INFO] - Checking object

2021-11-23 16:58:25 - [MESSAGE][INFO] - Object: 'Object Repository/Olusturma/Genel/AliciBilgisi/Tamam_Butonu' has parent object(s)

2021-11-23 16:58:25 - [MESSAGE][INFO] - Switching to iframe: 'Object Repository/Olusturma/Genel/AliciBilgisi/Alici_Bilgisi'

2021-11-23 16:58:25 - [MESSAGE][INFO] - Finding web element from Test Object's properties

2021-11-23 16:58:25 - [MESSAGE][INFO] - Checking timeout

2021-11-23 16:58:25 - [MESSAGE][INFO] - Finding web element with id: 'Object Repository/Olusturma/Genel/AliciBilgisi/Alici_Bilgisi' located by 'By.xpath: //iframe[@id='customerselectiframe']' in '30' second(s)

2021-11-23 16:58:25 - [MESSAGE][INFO] - Smart Wait Function is triggered

2021-11-23 16:58:26 - [MESSAGE][INFO] - Found 1 web elements with id: 'Object Repository/Olusturma/Genel/AliciBilgisi/Alici_Bilgisi' located by 'By.xpath: //iframe[@id='customerselectiframe']' in '30' second(s)

2021-11-23 16:58:26 - [MESSAGE][INFO] - Switched to iframe: 'Object Repository/Olusturma/Genel/AliciBilgisi/Alici_Bilgisi'

2021-11-23 16:58:26 - [MESSAGE][INFO] - Finding web element from Test Object's properties

2021-11-23 16:58:26 - [MESSAGE][INFO] - Checking timeout

2021-11-23 16:58:26 - [MESSAGE][INFO] - Finding web element with id: 'Object Repository/Olusturma/Genel/AliciBilgisi/Tamam_Butonu' located by 'By.xpath: //div[@id='btnSelectCustomer_CD']/span' in '30' second(s)

2021-11-23 16:58:26 - [MESSAGE][INFO] - Smart Wait Function is triggered

2021-11-23 16:58:26 - [MESSAGE][INFO] - Found 1 web elements with id: 'Object Repository/Olusturma/Genel/AliciBilgisi/Tamam_Butonu' located by 'By.xpath: //div[@id='btnSelectCustomer_CD']/span' in '30' second(s)

2021-11-23 16:58:26 - [MESSAGE][INFO] - Clicking on object: 'Object Repository/Olusturma/Genel/AliciBilgisi/Tamam_Butonu'

2021-11-23 16:58:26 - [MESSAGE][PASSED] - Object: 'Object Repository/Olusturma/Genel/AliciBilgisi/Tamam_Butonu' is clicked on

2021-11-23 16:58:26 - [MESSAGE][INFO] - Switching to default content

2021-11-23 16:58:26 - [TEST_STEP][PASSED] - waitForElementPresent(findTestObject("Olusturma/Genel/AliciBilgisi/VKN-TCKN"), 10): Object 'Object Repository/Olusturma/Genel/AliciBilgisi/VKN-TCKN' is present

2021-11-23 16:58:26 - [MESSAGE][INFO] - Finding Test Object 'Object Repository/Olusturma/Genel/AliciBilgisi/VKN-TCKN'

2021-11-23 16:58:26 - [MESSAGE][INFO] - Checking object

2021-11-23 16:58:26 - [MESSAGE][INFO] - Finding web element from Test Object's properties

2021-11-23 16:58:26 - [MESSAGE][INFO] - Checking timeout

2021-11-23 16:58:26 - [MESSAGE][INFO] - Finding web element with id: 'Object Repository/Olusturma/Genel/AliciBilgisi/VKN-TCKN' located by 'By.xpath: //*[@id = 'txtVknTckn_I']' in '10' second(s)

2021-11-23 16:58:26 - [MESSAGE][INFO] - Smart Wait Function is triggered

2021-11-23 16:58:26 - [MESSAGE][INFO] - Found 1 web elements with id: 'Object Repository/Olusturma/Genel/AliciBilgisi/VKN-TCKN' located by 'By.xpath: //*[@id = 'txtVknTckn_I']' in '10' second(s)

2021-11-23 16:58:26 - [MESSAGE][PASSED] - Object 'Object Repository/Olusturma/Genel/AliciBilgisi/VKN-TCKN' is present

2021-11-23 16:58:26 - [TEST_STEP][PASSED] - text = getAttribute(findTestObject("Olusturma/Genel/AliciBilgisi/VKN-TCKN"), "value"): Attribute 'value' of object 'Object Repository/Olusturma/Genel/AliciBilgisi/VKN-TCKN' is: '5323383845'

2021-11-23 16:58:26 - [MESSAGE][INFO] - Finding Test Object 'Object Repository/Olusturma/Genel/AliciBilgisi/VKN-TCKN'

2021-11-23 16:58:26 - [MESSAGE][INFO] - Checking object

2021-11-23 16:58:26 - [MESSAGE][INFO] - Checking attribute

2021-11-23 16:58:26 - [MESSAGE][INFO] - Finding web element from Test Object's properties

2021-11-23 16:58:26 - [MESSAGE][INFO] - Checking timeout

2021-11-23 16:58:26 - [MESSAGE][INFO] - Finding web element with id: 'Object Repository/Olusturma/Genel/AliciBilgisi/VKN-TCKN' located by 'By.xpath: //*[@id = 'txtVknTckn_I']' in '30' second(s)

2021-11-23 16:58:26 - [MESSAGE][INFO] - Smart Wait Function is triggered

2021-11-23 16:58:27 - [MESSAGE][INFO] - Found 1 web elements with id: 'Object Repository/Olusturma/Genel/AliciBilgisi/VKN-TCKN' located by 'By.xpath: //*[@id = 'txtVknTckn_I']' in '30' second(s)

2021-11-23 16:58:27 - [MESSAGE][INFO] - Getting attribute 'value' of object 'Object Repository/Olusturma/Genel/AliciBilgisi/VKN-TCKN'

2021-11-23 16:58:27 - [MESSAGE][PASSED] - Attribute 'value' of object 'Object Repository/Olusturma/Genel/AliciBilgisi/VKN-TCKN' is: '5323383845'

2021-11-23 16:58:27 - [TEST_STEP][PASSED] - if (text.equals("")): null

2021-11-23 16:58:27 - [MESSAGE][PASSED] - Call Test Case 'Test Cases/Olusturma/Genel/AliciSecilir' successfully

2021-11-23 16:58:27 - [MESSAGE][INFO] - Checking called Test Case

2021-11-23 16:58:27 - [MESSAGE][INFO] - Starting to call Test Case 'Test Cases/Olusturma/Genel/GonderimSekliSecilir'

2021-11-23 16:58:27 - [TEST_CASE][PASSED] - Test Cases/Olusturma/Genel/GonderimSekliSecilir: Test Cases/Olusturma/Genel/GonderimSekliSecilir

2021-11-23 16:58:27 - [TEST_STEP][PASSED] - waitForElementClickable(findTestObject("Object Repository/Olusturma/Genel/GonderimSekli/GonderimSekli"), 10): Object 'Object Repository/Olusturma/Genel/GonderimSekli/GonderimSekli' is clickable

2021-11-23 16:58:27 - [MESSAGE][INFO] - Finding Test Object 'Object Repository/Olusturma/Genel/GonderimSekli/GonderimSekli'

2021-11-23 16:58:27 - [MESSAGE][INFO] - Checking object

2021-11-23 16:58:27 - [MESSAGE][INFO] - Checking timeout

2021-11-23 16:58:27 - [MESSAGE][INFO] - Finding web element from Test Object's properties

2021-11-23 16:58:27 - [MESSAGE][INFO] - Checking timeout

2021-11-23 16:58:27 - [MESSAGE][INFO] - Finding web element with id: 'Object Repository/Olusturma/Genel/GonderimSekli/GonderimSekli' located by 'By.xpath: //*[@id = 'txtGonderimSekil_I']' in '10' second(s)

2021-11-23 16:58:27 - [MESSAGE][INFO] - Smart Wait Function is triggered

2021-11-23 16:58:27 - [MESSAGE][INFO] - Found 1 web elements with id: 'Object Repository/Olusturma/Genel/GonderimSekli/GonderimSekli' located by 'By.xpath: //*[@id = 'txtGonderimSekil_I']' in '10' second(s)

2021-11-23 16:58:27 - [MESSAGE][PASSED] - Object 'Object Repository/Olusturma/Genel/GonderimSekli/GonderimSekli' is clickable

2021-11-23 16:58:27 - [TEST_STEP][PASSED] - click(findTestObject("Object Repository/Olusturma/Genel/GonderimSekli/GonderimSekli")): Object: 'Object Repository/Olusturma/Genel/GonderimSekli/GonderimSekli' is clicked on

2021-11-23 16:58:27 - [MESSAGE][INFO] - Finding Test Object 'Object Repository/Olusturma/Genel/GonderimSekli/GonderimSekli'

2021-11-23 16:58:27 - [MESSAGE][INFO] - Checking object

2021-11-23 16:58:27 - [MESSAGE][INFO] - Finding web element from Test Object's properties

2021-11-23 16:58:27 - [MESSAGE][INFO] - Checking timeout

2021-11-23 16:58:27 - [MESSAGE][INFO] - Finding web element with id: 'Object Repository/Olusturma/Genel/GonderimSekli/GonderimSekli' located by 'By.xpath: //*[@id = 'txtGonderimSekil_I']' in '30' second(s)

2021-11-23 16:58:27 - [MESSAGE][INFO] - Smart Wait Function is triggered

2021-11-23 16:58:28 - [MESSAGE][INFO] - Found 1 web elements with id: 'Object Repository/Olusturma/Genel/GonderimSekli/GonderimSekli' located by 'By.xpath: //*[@id = 'txtGonderimSekil_I']' in '30' second(s)

2021-11-23 16:58:28 - [MESSAGE][INFO] - Clicking on object: 'Object Repository/Olusturma/Genel/GonderimSekli/GonderimSekli'

2021-11-23 16:58:28 - [MESSAGE][PASSED] - Object: 'Object Repository/Olusturma/Genel/GonderimSekli/GonderimSekli' is clicked on

2021-11-23 16:58:28 - [TEST_STEP][PASSED] - Method.TextDegerineEsitElementeTikla(findTestObject("Object Repository/Olusturma/Genel/GonderimSekli/GonderimSekliAdi"), GonderimSekli): Method.TextDegerineEsitElementeTikla is PASSED

2021-11-23 16:58:28 - [MESSAGE][INFO] - Finding Test Object 'Object Repository/Olusturma/Genel/GonderimSekli/GonderimSekliAdi'

2021-11-23 16:58:28 - [MESSAGE][INFO] - Checking timeout

2021-11-23 16:58:28 - [MESSAGE][INFO] - Finding web element with id: 'Object Repository/Olusturma/Genel/GonderimSekli/GonderimSekliAdi' located by 'By.cssSelector: #txtGonderimSekil_DDD_L_LBT td' in '10' second(s)

2021-11-23 16:58:28 - [MESSAGE][INFO] - Smart Wait Function is triggered

2021-11-23 16:58:28 - [MESSAGE][INFO] - Found 2 web elements with id: 'Object Repository/Olusturma/Genel/GonderimSekli/GonderimSekliAdi' located by 'By.cssSelector: #txtGonderimSekil_DDD_L_LBT td' in '10' second(s)

2021-11-23 16:58:28 - [MESSAGE][PASSED] - Method.TextDegerineEsitElementeTikla is PASSED

2021-11-23 16:58:28 - [MESSAGE][PASSED] - Call Test Case 'Test Cases/Olusturma/Genel/GonderimSekliSecilir' successfully

2021-11-23 16:58:28 - [MESSAGE][INFO] - Checking called Test Case

2021-11-23 16:58:28 - [MESSAGE][INFO] - Starting to call Test Case 'Test Cases/Olusturma/Genel/TipSecilir'

2021-11-23 16:58:28 - [TEST_CASE][PASSED] - Test Cases/Olusturma/Genel/TipSecilir: Test Cases/Olusturma/Genel/TipSecilir

2021-11-23 16:58:28 - [TEST_STEP][PASSED] - waitForElementClickable(findTestObject("Olusturma/Genel/TipSecilir/Tip"), 10): Object 'Object Repository/Olusturma/Genel/TipSecilir/Tip' is clickable

2021-11-23 16:58:28 - [MESSAGE][INFO] - Finding Test Object 'Object Repository/Olusturma/Genel/TipSecilir/Tip'

2021-11-23 16:58:28 - [MESSAGE][INFO] - Checking object

2021-11-23 16:58:28 - [MESSAGE][INFO] - Checking timeout

2021-11-23 16:58:28 - [MESSAGE][INFO] - Finding web element from Test Object's properties

2021-11-23 16:58:28 - [MESSAGE][INFO] - Checking timeout

2021-11-23 16:58:28 - [MESSAGE][INFO] - Finding web element with id: 'Object Repository/Olusturma/Genel/TipSecilir/Tip' located by 'By.xpath: //*[@id = 'DocumentTypeCode_I']' in '10' second(s)

2021-11-23 16:58:28 - [MESSAGE][INFO] - Smart Wait Function is triggered

2021-11-23 16:58:29 - [MESSAGE][INFO] - Found 1 web elements with id: 'Object Repository/Olusturma/Genel/TipSecilir/Tip' located by 'By.xpath: //*[@id = 'DocumentTypeCode_I']' in '10' second(s)

2021-11-23 16:58:29 - [MESSAGE][PASSED] - Object 'Object Repository/Olusturma/Genel/TipSecilir/Tip' is clickable

2021-11-23 16:58:29 - [TEST_STEP][PASSED] - click(findTestObject("Olusturma/Genel/TipSecilir/Tip")): Object: 'Object Repository/Olusturma/Genel/TipSecilir/Tip' is clicked on

2021-11-23 16:58:29 - [MESSAGE][INFO] - Finding Test Object 'Object Repository/Olusturma/Genel/TipSecilir/Tip'

2021-11-23 16:58:29 - [MESSAGE][INFO] - Checking object

2021-11-23 16:58:29 - [MESSAGE][INFO] - Finding web element from Test Object's properties

2021-11-23 16:58:29 - [MESSAGE][INFO] - Checking timeout

2021-11-23 16:58:29 - [MESSAGE][INFO] - Finding web element with id: 'Object Repository/Olusturma/Genel/TipSecilir/Tip' located by 'By.xpath: //*[@id = 'DocumentTypeCode_I']' in '30' second(s)

2021-11-23 16:58:29 - [MESSAGE][INFO] - Smart Wait Function is triggered

2021-11-23 16:58:29 - [MESSAGE][INFO] - Found 1 web elements with id: 'Object Repository/Olusturma/Genel/TipSecilir/Tip' located by 'By.xpath: //*[@id = 'DocumentTypeCode_I']' in '30' second(s)

2021-11-23 16:58:29 - [MESSAGE][INFO] - Clicking on object: 'Object Repository/Olusturma/Genel/TipSecilir/Tip'

2021-11-23 16:58:29 - [MESSAGE][PASSED] - Object: 'Object Repository/Olusturma/Genel/TipSecilir/Tip' is clicked on

2021-11-23 16:58:29 - [TEST_STEP][PASSED] - Method.TextDegerineEsitElementeTikla(findTestObject("Object Repository/Olusturma/Genel/TipSecilir/Tip_Adi"), Tip): Method.TextDegerineEsitElementeTikla is PASSED

2021-11-23 16:58:29 - [MESSAGE][INFO] - Finding Test Object 'Object Repository/Olusturma/Genel/TipSecilir/Tip_Adi'

2021-11-23 16:58:29 - [MESSAGE][INFO] - Checking timeout

2021-11-23 16:58:29 - [MESSAGE][INFO] - Finding web element with id: 'Object Repository/Olusturma/Genel/TipSecilir/Tip_Adi' located by 'By.cssSelector: #DocumentTypeCode_DDD_L_LBT td' in '10' second(s)

2021-11-23 16:58:29 - [MESSAGE][INFO] - Smart Wait Function is triggered

2021-11-23 16:58:30 - [MESSAGE][INFO] - Found 9 web elements with id: 'Object Repository/Olusturma/Genel/TipSecilir/Tip_Adi' located by 'By.cssSelector: #DocumentTypeCode_DDD_L_LBT td' in '10' second(s)

2021-11-23 16:58:30 - [MESSAGE][PASSED] - Method.TextDegerineEsitElementeTikla is PASSED

2021-11-23 16:58:30 - [MESSAGE][PASSED] - Call Test Case 'Test Cases/Olusturma/Genel/TipSecilir' successfully

2021-11-23 16:58:30 - [MESSAGE][INFO] - Checking called Test Case

2021-11-23 16:58:30 - [MESSAGE][INFO] - Starting to call Test Case 'Test Cases/Olusturma/Genel/DokumanParaBirimiSecilir'

2021-11-23 16:58:30 - [TEST_CASE][PASSED] - Test Cases/Olusturma/Genel/DokumanParaBirimiSecilir: Test Cases/Olusturma/Genel/DokumanParaBirimiSecilir

2021-11-23 16:58:30 - [TEST_STEP][PASSED] - waitForElementClickable(findTestObject("Object Repository/Olusturma/Genel/DokumanParaBirimiSecilir/Para"), 10): Object 'Object Repository/Olusturma/Genel/DokumanParaBirimiSecilir/Para' is clickable

2021-11-23 16:58:30 - [MESSAGE][INFO] - Finding Test Object 'Object Repository/Olusturma/Genel/DokumanParaBirimiSecilir/Para'

2021-11-23 16:58:30 - [MESSAGE][INFO] - Checking object

2021-11-23 16:58:30 - [MESSAGE][INFO] - Checking timeout

2021-11-23 16:58:30 - [MESSAGE][INFO] - Finding web element from Test Object's properties

2021-11-23 16:58:30 - [MESSAGE][INFO] - Checking timeout

2021-11-23 16:58:30 - [MESSAGE][INFO] - Finding web element with id: 'Object Repository/Olusturma/Genel/DokumanParaBirimiSecilir/Para' located by 'By.xpath: //*[@id = 'CurrencyUnit_I']' in '10' second(s)

2021-11-23 16:58:30 - [MESSAGE][INFO] - Smart Wait Function is triggered

2021-11-23 16:58:31 - [MESSAGE][INFO] - Found 1 web elements with id: 'Object Repository/Olusturma/Genel/DokumanParaBirimiSecilir/Para' located by 'By.xpath: //*[@id = 'CurrencyUnit_I']' in '10' second(s)

2021-11-23 16:58:31 - [MESSAGE][PASSED] - Object 'Object Repository/Olusturma/Genel/DokumanParaBirimiSecilir/Para' is clickable

2021-11-23 16:58:31 - [TEST_STEP][PASSED] - click(findTestObject("Object Repository/Olusturma/Genel/DokumanParaBirimiSecilir/Para")): Object: 'Object Repository/Olusturma/Genel/DokumanParaBirimiSecilir/Para' is clicked on

2021-11-23 16:58:31 - [MESSAGE][INFO] - Finding Test Object 'Object Repository/Olusturma/Genel/DokumanParaBirimiSecilir/Para'

2021-11-23 16:58:32 - [MESSAGE][INFO] - Checking object

2021-11-23 16:58:32 - [MESSAGE][INFO] - Finding web element from Test Object's properties

2021-11-23 16:58:32 - [MESSAGE][INFO] - Checking timeout

2021-11-23 16:58:32 - [MESSAGE][INFO] - Finding web element with id: 'Object Repository/Olusturma/Genel/DokumanParaBirimiSecilir/Para' located by 'By.xpath: //*[@id = 'CurrencyUnit_I']' in '30' second(s)

2021-11-23 16:58:32 - [MESSAGE][INFO] - Smart Wait Function is triggered

2021-11-23 16:58:32 - [MESSAGE][INFO] - Found 1 web elements with id: 'Object Repository/Olusturma/Genel/DokumanParaBirimiSecilir/Para' located by 'By.xpath: //*[@id = 'CurrencyUnit_I']' in '30' second(s)

2021-11-23 16:58:32 - [MESSAGE][INFO] - Clicking on object: 'Object Repository/Olusturma/Genel/DokumanParaBirimiSecilir/Para'

2021-11-23 16:58:32 - [MESSAGE][PASSED] - Object: 'Object Repository/Olusturma/Genel/DokumanParaBirimiSecilir/Para' is clicked on

2021-11-23 16:58:32 - [TEST_STEP][PASSED] - Method.TextDegerineEsitElementeTikla(findTestObject("Object Repository/Olusturma/Genel/DokumanParaBirimiSecilir/Para_Adi"), Para): Method.TextDegerineEsitElementeTikla is PASSED

2021-11-23 16:58:32 - [MESSAGE][INFO] - Finding Test Object 'Object Repository/Olusturma/Genel/DokumanParaBirimiSecilir/Para_Adi'

2021-11-23 16:58:32 - [MESSAGE][INFO] - Checking timeout

2021-11-23 16:58:32 - [MESSAGE][INFO] - Finding web element with id: 'Object Repository/Olusturma/Genel/DokumanParaBirimiSecilir/Para_Adi' located by 'By.cssSelector: #CurrencyUnit_DDD_L_LBT td' in '10' second(s)

2021-11-23 16:58:32 - [MESSAGE][INFO] - Smart Wait Function is triggered

2021-11-23 16:58:32 - [MESSAGE][INFO] - Found 203 web elements with id: 'Object Repository/Olusturma/Genel/DokumanParaBirimiSecilir/Para_Adi' located by 'By.cssSelector: #CurrencyUnit_DDD_L_LBT td' in '10' second(s)

2021-11-23 16:58:37 - [MESSAGE][PASSED] - Method.TextDegerineEsitElementeTikla is PASSED

2021-11-23 16:58:37 - [MESSAGE][PASSED] - Call Test Case 'Test Cases/Olusturma/Genel/DokumanParaBirimiSecilir' successfully

2021-11-23 16:58:37 - [MESSAGE][INFO] - Checking called Test Case

2021-11-23 16:58:37 - [MESSAGE][INFO] - Starting to call Test Case 'Test Cases/Olusturma/Genel/OnEkSecilir'

2021-11-23 16:58:37 - [TEST_CASE][PASSED] - Test Cases/Olusturma/Genel/OnEkSecilir: Test Cases/Olusturma/Genel/OnEkSecilir

2021-11-23 16:58:37 - [TEST_STEP][PASSED] - waitForElementClickable(findTestObject("Object Repository/Olusturma/Genel/OnEkSecilir/OnEk"), 10): Object 'Object Repository/Olusturma/Genel/OnEkSecilir/OnEk' is clickable

2021-11-23 16:58:37 - [MESSAGE][INFO] - Finding Test Object 'Object Repository/Olusturma/Genel/OnEkSecilir/OnEk'

2021-11-23 16:58:37 - [MESSAGE][INFO] - Checking object

2021-11-23 16:58:37 - [MESSAGE][INFO] - Checking timeout

2021-11-23 16:58:37 - [MESSAGE][INFO] - Finding web element from Test Object's properties

2021-11-23 16:58:37 - [MESSAGE][INFO] - Checking timeout

2021-11-23 16:58:37 - [MESSAGE][INFO] - Finding web element with id: 'Object Repository/Olusturma/Genel/OnEkSecilir/OnEk' located by 'By.xpath: //*[@id = 'InvoicePrefix_I']' in '10' second(s)

2021-11-23 16:58:37 - [MESSAGE][INFO] - Smart Wait Function is triggered

2021-11-23 16:58:37 - [MESSAGE][INFO] - Found 1 web elements with id: 'Object Repository/Olusturma/Genel/OnEkSecilir/OnEk' located by 'By.xpath: //*[@id = 'InvoicePrefix_I']' in '10' second(s)

2021-11-23 16:58:37 - [MESSAGE][PASSED] - Object 'Object Repository/Olusturma/Genel/OnEkSecilir/OnEk' is clickable

2021-11-23 16:58:37 - [TEST_STEP][PASSED] - click(findTestObject("Object Repository/Olusturma/Genel/OnEkSecilir/OnEk")): Object: 'Object Repository/Olusturma/Genel/OnEkSecilir/OnEk' is clicked on

2021-11-23 16:58:37 - [MESSAGE][INFO] - Finding Test Object 'Object Repository/Olusturma/Genel/OnEkSecilir/OnEk'

2021-11-23 16:58:37 - [MESSAGE][INFO] - Checking object

2021-11-23 16:58:37 - [MESSAGE][INFO] - Finding web element from Test Object's properties

2021-11-23 16:58:37 - [MESSAGE][INFO] - Checking timeout

2021-11-23 16:58:37 - [MESSAGE][INFO] - Finding web element with id: 'Object Repository/Olusturma/Genel/OnEkSecilir/OnEk' located by 'By.xpath: //*[@id = 'InvoicePrefix_I']' in '30' second(s)

2021-11-23 16:58:37 - [MESSAGE][INFO] - Smart Wait Function is triggered

2021-11-23 16:58:38 - [MESSAGE][INFO] - Found 1 web elements with id: 'Object Repository/Olusturma/Genel/OnEkSecilir/OnEk' located by 'By.xpath: //*[@id = 'InvoicePrefix_I']' in '30' second(s)

2021-11-23 16:58:38 - [MESSAGE][INFO] - Clicking on object: 'Object Repository/Olusturma/Genel/OnEkSecilir/OnEk'

2021-11-23 16:58:38 - [MESSAGE][PASSED] - Object: 'Object Repository/Olusturma/Genel/OnEkSecilir/OnEk' is clicked on

2021-11-23 16:58:38 - [TEST_STEP][PASSED] - Method.TextDegerineEsitElementeTiklaEquals(findTestObject("Object Repository/Olusturma/Genel/OnEkSecilir/OnEkAdi"), Ek): Method.TextDegerineEsitElementeTiklaEquals is PASSED

2021-11-23 16:58:38 - [MESSAGE][INFO] - Finding Test Object 'Object Repository/Olusturma/Genel/OnEkSecilir/OnEkAdi'

2021-11-23 16:58:38 - [MESSAGE][INFO] - Checking timeout

2021-11-23 16:58:38 - [MESSAGE][INFO] - Finding web element with id: 'Object Repository/Olusturma/Genel/OnEkSecilir/OnEkAdi' located by 'By.cssSelector: #InvoicePrefix_DDD_L_LBT td' in '10' second(s)

2021-11-23 16:58:38 - [MESSAGE][INFO] - Smart Wait Function is triggered

2021-11-23 16:58:38 - [MESSAGE][INFO] - Found 1 web elements with id: 'Object Repository/Olusturma/Genel/OnEkSecilir/OnEkAdi' located by 'By.cssSelector: #InvoicePrefix_DDD_L_LBT td' in '10' second(s)

2021-11-23 16:58:38 - [MESSAGE][PASSED] - Method.TextDegerineEsitElementeTiklaEquals is PASSED

2021-11-23 16:58:38 - [MESSAGE][PASSED] - Call Test Case 'Test Cases/Olusturma/Genel/OnEkSecilir' successfully

2021-11-23 16:58:38 - [MESSAGE][INFO] - Checking called Test Case

2021-11-23 16:58:38 - [MESSAGE][INFO] - Starting to call Test Case 'Test Cases/Olusturma/Genel/TasarimSecilir'

2021-11-23 16:58:38 - [TEST_CASE][PASSED] - Test Cases/Olusturma/Genel/TasarimSecilir: Test Cases/Olusturma/Genel/TasarimSecilir

2021-11-23 16:58:38 - [TEST_STEP][PASSED] - waitForElementClickable(findTestObject("Object Repository/Olusturma/Genel/TasarimSecilir/Tasarim"), 10): Object 'Object Repository/Olusturma/Genel/TasarimSecilir/Tasarim' is clickable

2021-11-23 16:58:38 - [MESSAGE][INFO] - Finding Test Object 'Object Repository/Olusturma/Genel/TasarimSecilir/Tasarim'

2021-11-23 16:58:38 - [MESSAGE][INFO] - Checking object

2021-11-23 16:58:38 - [MESSAGE][INFO] - Checking timeout

2021-11-23 16:58:38 - [MESSAGE][INFO] - Finding web element from Test Object's properties

2021-11-23 16:58:38 - [MESSAGE][INFO] - Checking timeout

2021-11-23 16:58:38 - [MESSAGE][INFO] - Finding web element with id: 'Object Repository/Olusturma/Genel/TasarimSecilir/Tasarim' located by 'By.xpath: //*[@id = 'DesignId_I']' in '10' second(s)

2021-11-23 16:58:38 - [MESSAGE][INFO] - Smart Wait Function is triggered

2021-11-23 16:58:39 - [MESSAGE][INFO] - Found 1 web elements with id: 'Object Repository/Olusturma/Genel/TasarimSecilir/Tasarim' located by 'By.xpath: //*[@id = 'DesignId_I']' in '10' second(s)

2021-11-23 16:58:39 - [MESSAGE][PASSED] - Object 'Object Repository/Olusturma/Genel/TasarimSecilir/Tasarim' is clickable

2021-11-23 16:58:39 - [TEST_STEP][PASSED] - click(findTestObject("Object Repository/Olusturma/Genel/TasarimSecilir/Tasarim")): Object: 'Object Repository/Olusturma/Genel/TasarimSecilir/Tasarim' is clicked on

2021-11-23 16:58:39 - [MESSAGE][INFO] - Finding Test Object 'Object Repository/Olusturma/Genel/TasarimSecilir/Tasarim'

2021-11-23 16:58:39 - [MESSAGE][INFO] - Checking object

2021-11-23 16:58:39 - [MESSAGE][INFO] - Finding web element from Test Object's properties

2021-11-23 16:58:39 - [MESSAGE][INFO] - Checking timeout

2021-11-23 16:58:39 - [MESSAGE][INFO] - Finding web element with id: 'Object Repository/Olusturma/Genel/TasarimSecilir/Tasarim' located by 'By.xpath: //*[@id = 'DesignId_I']' in '30' second(s)

2021-11-23 16:58:39 - [MESSAGE][INFO] - Smart Wait Function is triggered

2021-11-23 16:58:39 - [MESSAGE][INFO] - Found 1 web elements with id: 'Object Repository/Olusturma/Genel/TasarimSecilir/Tasarim' located by 'By.xpath: //*[@id = 'DesignId_I']' in '30' second(s)

2021-11-23 16:58:39 - [MESSAGE][INFO] - Clicking on object: 'Object Repository/Olusturma/Genel/TasarimSecilir/Tasarim'

2021-11-23 16:58:39 - [MESSAGE][PASSED] - Object: 'Object Repository/Olusturma/Genel/TasarimSecilir/Tasarim' is clicked on

2021-11-23 16:58:39 - [TEST_STEP][PASSED] - Method.TextDegerineEsitElementeTikla(findTestObject("Object Repository/Olusturma/Genel/TasarimSecilir/Tasarim_Adi"), Tasarim): Method.TextDegerineEsitElementeTikla is PASSED

2021-11-23 16:58:39 - [MESSAGE][INFO] - Finding Test Object 'Object Repository/Olusturma/Genel/TasarimSecilir/Tasarim_Adi'

2021-11-23 16:58:39 - [MESSAGE][INFO] - Checking timeout

2021-11-23 16:58:39 - [MESSAGE][INFO] - Finding web element with id: 'Object Repository/Olusturma/Genel/TasarimSecilir/Tasarim_Adi' located by 'By.cssSelector: #DesignId_DDD_L_LBT td' in '10' second(s)

2021-11-23 16:58:39 - [MESSAGE][INFO] - Smart Wait Function is triggered

2021-11-23 16:58:40 - [MESSAGE][INFO] - Found 1 web elements with id: 'Object Repository/Olusturma/Genel/TasarimSecilir/Tasarim_Adi' located by 'By.cssSelector: #DesignId_DDD_L_LBT td' in '10' second(s)

2021-11-23 16:58:40 - [MESSAGE][PASSED] - Method.TextDegerineEsitElementeTikla is PASSED

2021-11-23 16:58:40 - [MESSAGE][PASSED] - Call Test Case 'Test Cases/Olusturma/Genel/TasarimSecilir' successfully

2021-11-23 16:58:40 - [MESSAGE][INFO] - Checking called Test Case

2021-11-23 16:58:40 - [MESSAGE][INFO] - Starting to call Test Case 'Test Cases/Olusturma/Genel/Kutular/SiparisBilgileriGirilir'

2021-11-23 16:58:40 - [TEST_CASE][PASSED] - Test Cases/Olusturma/Genel/Kutular/SiparisBilgileriGirilir: Test Cases/Olusturma/Genel/Kutular/SiparisBilgileriGirilir

2021-11-23 16:58:40 - [TEST_STEP][PASSED] - Method.TextDegerineEsitElementeTikla(findTestObject("Olusturma/Genel/Kutular/KapaliKutular"), "Sipariş Bilgileri"): Method.TextDegerineEsitElementeTikla is PASSED

2021-11-23 16:58:40 - [MESSAGE][INFO] - Finding Test Object 'Object Repository/Olusturma/Genel/Kutular/KapaliKutular'

2021-11-23 16:58:40 - [MESSAGE][INFO] - Checking timeout

2021-11-23 16:58:40 - [MESSAGE][INFO] - Finding web element with id: 'Object Repository/Olusturma/Genel/Kutular/KapaliKutular' located by 'By.cssSelector: .dxnb-headerCollapsed>span' in '10' second(s)

2021-11-23 16:58:40 - [MESSAGE][INFO] - Smart Wait Function is triggered

2021-11-23 16:58:40 - [MESSAGE][INFO] - Found 8 web elements with id: 'Object Repository/Olusturma/Genel/Kutular/KapaliKutular' located by 'By.cssSelector: .dxnb-headerCollapsed>span' in '10' second(s)

2021-11-23 16:58:40 - [MESSAGE][PASSED] - Method.TextDegerineEsitElementeTikla is PASSED

2021-11-23 16:58:40 - [TEST_STEP][PASSED] - waitForElementPresent(findTestObject("Object Repository/Olusturma/Genel/Kutular/SiparisBilgileri/SiparisNo"), 10): Object 'Object Repository/Olusturma/Genel/Kutular/SiparisBilgileri/SiparisNo' is present

2021-11-23 16:58:40 - [MESSAGE][INFO] - Finding Test Object 'Object Repository/Olusturma/Genel/Kutular/SiparisBilgileri/SiparisNo'

2021-11-23 16:58:40 - [MESSAGE][INFO] - Checking object

2021-11-23 16:58:40 - [MESSAGE][INFO] - Finding web element from Test Object's properties

2021-11-23 16:58:40 - [MESSAGE][INFO] - Checking timeout

2021-11-23 16:58:40 - [MESSAGE][INFO] - Finding web element with id: 'Object Repository/Olusturma/Genel/Kutular/SiparisBilgileri/SiparisNo' located by 'By.xpath: //*[@id = 'txtSiparisNo_I']' in '10' second(s)

2021-11-23 16:58:40 - [MESSAGE][INFO] - Smart Wait Function is triggered

2021-11-23 16:58:41 - [MESSAGE][INFO] - Found 1 web elements with id: 'Object Repository/Olusturma/Genel/Kutular/SiparisBilgileri/SiparisNo' located by 'By.xpath: //*[@id = 'txtSiparisNo_I']' in '10' second(s)

2021-11-23 16:58:41 - [MESSAGE][PASSED] - Object 'Object Repository/Olusturma/Genel/Kutular/SiparisBilgileri/SiparisNo' is present

2021-11-23 16:58:41 - [TEST_STEP][PASSED] - clearText(findTestObject("Object Repository/Olusturma/Genel/Kutular/SiparisBilgileri/SiparisNo")): Text of object 'Object Repository/Olusturma/Genel/Kutular/SiparisBilgileri/SiparisNo' is cleared

2021-11-23 16:58:41 - [MESSAGE][INFO] - Finding Test Object 'Object Repository/Olusturma/Genel/Kutular/SiparisBilgileri/SiparisNo'

2021-11-23 16:58:41 - [MESSAGE][INFO] - Checking object

2021-11-23 16:58:41 - [MESSAGE][INFO] - Finding web element from Test Object's properties

2021-11-23 16:58:41 - [MESSAGE][INFO] - Checking timeout

2021-11-23 16:58:41 - [MESSAGE][INFO] - Finding web element with id: 'Object Repository/Olusturma/Genel/Kutular/SiparisBilgileri/SiparisNo' located by 'By.xpath: //*[@id = 'txtSiparisNo_I']' in '30' second(s)

2021-11-23 16:58:41 - [MESSAGE][INFO] - Smart Wait Function is triggered

2021-11-23 16:58:41 - [MESSAGE][INFO] - Found 1 web elements with id: 'Object Repository/Olusturma/Genel/Kutular/SiparisBilgileri/SiparisNo' located by 'By.xpath: //*[@id = 'txtSiparisNo_I']' in '30' second(s)

2021-11-23 16:58:41 - [MESSAGE][INFO] - Clearing text of object 'Object Repository/Olusturma/Genel/Kutular/SiparisBilgileri/SiparisNo'

2021-11-23 16:58:41 - [MESSAGE][PASSED] - Text of object 'Object Repository/Olusturma/Genel/Kutular/SiparisBilgileri/SiparisNo' is cleared

2021-11-23 16:58:41 - [TEST_STEP][PASSED] - sendKeys(findTestObject("Object Repository/Olusturma/Genel/Kutular/SiparisBilgileri/SiparisNo"), SiparisNo): Keys 'UUC-SAT-1200001' sent to object: 'Object Repository/Olusturma/Genel/Kutular/SiparisBilgileri/SiparisNo'

2021-11-23 16:58:41 - [MESSAGE][INFO] - Finding Test Object 'Object Repository/Olusturma/Genel/Kutular/SiparisBilgileri/SiparisNo'

2021-11-23 16:58:41 - [MESSAGE][INFO] - Sending keys 'UUC-SAT-1200001' to object: 'Object Repository/Olusturma/Genel/Kutular/SiparisBilgileri/SiparisNo'

2021-11-23 16:58:41 - [MESSAGE][INFO] - Finding web element from Test Object's properties

2021-11-23 16:58:41 - [MESSAGE][INFO] - Checking timeout

2021-11-23 16:58:41 - [MESSAGE][INFO] - Finding web element with id: 'Object Repository/Olusturma/Genel/Kutular/SiparisBilgileri/SiparisNo' located by 'By.xpath: //*[@id = 'txtSiparisNo_I']' in '30' second(s)

2021-11-23 16:58:41 - [MESSAGE][INFO] - Smart Wait Function is triggered

2021-11-23 16:58:42 - [MESSAGE][INFO] - Found 1 web elements with id: 'Object Repository/Olusturma/Genel/Kutular/SiparisBilgileri/SiparisNo' located by 'By.xpath: //*[@id = 'txtSiparisNo_I']' in '30' second(s)

2021-11-23 16:58:42 - [MESSAGE][PASSED] - Keys 'UUC-SAT-1200001' sent to object: 'Object Repository/Olusturma/Genel/Kutular/SiparisBilgileri/SiparisNo'

2021-11-23 16:58:42 - [TEST_STEP][PASSED] - waitForElementClickable(findTestObject("Object Repository/Olusturma/Genel/Kutular/SiparisBilgileri/SiparisTarihiImage"), 10): Object 'Object Repository/Olusturma/Genel/Kutular/SiparisBilgileri/SiparisTarihiImage' is clickable

2021-11-23 16:58:42 - [MESSAGE][INFO] - Finding Test Object 'Object Repository/Olusturma/Genel/Kutular/SiparisBilgileri/SiparisTarihiImage'

2021-11-23 16:58:42 - [MESSAGE][INFO] - Checking object

2021-11-23 16:58:42 - [MESSAGE][INFO] - Checking timeout

2021-11-23 16:58:42 - [MESSAGE][INFO] - Finding web element from Test Object's properties

2021-11-23 16:58:42 - [MESSAGE][INFO] - Checking timeout

2021-11-23 16:58:42 - [MESSAGE][INFO] - Finding web element with id: 'Object Repository/Olusturma/Genel/Kutular/SiparisBilgileri/SiparisTarihiImage' located by 'By.cssSelector: #dateSiparisTarih img' in '10' second(s)

2021-11-23 16:58:42 - [MESSAGE][INFO] - Smart Wait Function is triggered

2021-11-23 16:58:42 - [MESSAGE][INFO] - Found 1 web elements with id: 'Object Repository/Olusturma/Genel/Kutular/SiparisBilgileri/SiparisTarihiImage' located by 'By.cssSelector: #dateSiparisTarih img' in '10' second(s)

2021-11-23 16:58:42 - [MESSAGE][PASSED] - Object 'Object Repository/Olusturma/Genel/Kutular/SiparisBilgileri/SiparisTarihiImage' is clickable

2021-11-23 16:58:42 - [TEST_STEP][PASSED] - click(findTestObject("Object Repository/Olusturma/Genel/Kutular/SiparisBilgileri/SiparisTarihiImage")): Object: 'Object Repository/Olusturma/Genel/Kutular/SiparisBilgileri/SiparisTarihiImage' is clicked on

2021-11-23 16:58:42 - [MESSAGE][INFO] - Finding Test Object 'Object Repository/Olusturma/Genel/Kutular/SiparisBilgileri/SiparisTarihiImage'

2021-11-23 16:58:42 - [MESSAGE][INFO] - Checking object

2021-11-23 16:58:42 - [MESSAGE][INFO] - Finding web element from Test Object's properties

2021-11-23 16:58:42 - [MESSAGE][INFO] - Checking timeout

2021-11-23 16:58:42 - [MESSAGE][INFO] - Finding web element with id: 'Object Repository/Olusturma/Genel/Kutular/SiparisBilgileri/SiparisTarihiImage' located by 'By.cssSelector: #dateSiparisTarih img' in '30' second(s)

2021-11-23 16:58:42 - [MESSAGE][INFO] - Smart Wait Function is triggered

2021-11-23 16:58:43 - [MESSAGE][INFO] - Found 1 web elements with id: 'Object Repository/Olusturma/Genel/Kutular/SiparisBilgileri/SiparisTarihiImage' located by 'By.cssSelector: #dateSiparisTarih img' in '30' second(s)

2021-11-23 16:58:43 - [MESSAGE][INFO] - Clicking on object: 'Object Repository/Olusturma/Genel/Kutular/SiparisBilgileri/SiparisTarihiImage'

2021-11-23 16:58:43 - [MESSAGE][PASSED] - Object: 'Object Repository/Olusturma/Genel/Kutular/SiparisBilgileri/SiparisTarihiImage' is clicked on

2021-11-23 16:58:43 - [TEST_STEP][PASSED] - waitForElementPresent(findTestObject("Object Repository/Olusturma/Genel/Kutular/SiparisBilgileri/SiparisTarihi"), 10): Object 'Object Repository/Olusturma/Genel/Kutular/SiparisBilgileri/SiparisTarihi' is present

2021-11-23 16:58:43 - [MESSAGE][INFO] - Finding Test Object 'Object Repository/Olusturma/Genel/Kutular/SiparisBilgileri/SiparisTarihi'

2021-11-23 16:58:43 - [MESSAGE][INFO] - Checking object

2021-11-23 16:58:43 - [MESSAGE][INFO] - Finding web element from Test Object's properties

2021-11-23 16:58:43 - [MESSAGE][INFO] - Checking timeout

2021-11-23 16:58:43 - [MESSAGE][INFO] - Finding web element with id: 'Object Repository/Olusturma/Genel/Kutular/SiparisBilgileri/SiparisTarihi' located by 'By.xpath: //*[@id = 'dateSiparisTarih_I']' in '10' second(s)

2021-11-23 16:58:43 - [MESSAGE][INFO] - Smart Wait Function is triggered

2021-11-23 16:58:43 - [MESSAGE][INFO] - Found 1 web elements with id: 'Object Repository/Olusturma/Genel/Kutular/SiparisBilgileri/SiparisTarihi' located by 'By.xpath: //*[@id = 'dateSiparisTarih_I']' in '10' second(s)

2021-11-23 16:58:43 - [MESSAGE][PASSED] - Object 'Object Repository/Olusturma/Genel/Kutular/SiparisBilgileri/SiparisTarihi' is present

2021-11-23 16:58:43 - [TEST_STEP][PASSED] - clearText(findTestObject("Object Repository/Olusturma/Genel/Kutular/SiparisBilgileri/SiparisTarihi")): Text of object 'Object Repository/Olusturma/Genel/Kutular/SiparisBilgileri/SiparisTarihi' is cleared

2021-11-23 16:58:43 - [MESSAGE][INFO] - Finding Test Object 'Object Repository/Olusturma/Genel/Kutular/SiparisBilgileri/SiparisTarihi'

2021-11-23 16:58:43 - [MESSAGE][INFO] - Checking object

2021-11-23 16:58:43 - [MESSAGE][INFO] - Finding web element from Test Object's properties

2021-11-23 16:58:43 - [MESSAGE][INFO] - Checking timeout

2021-11-23 16:58:43 - [MESSAGE][INFO] - Finding web element with id: 'Object Repository/Olusturma/Genel/Kutular/SiparisBilgileri/SiparisTarihi' located by 'By.xpath: //*[@id = 'dateSiparisTarih_I']' in '30' second(s)

2021-11-23 16:58:43 - [MESSAGE][INFO] - Smart Wait Function is triggered

2021-11-23 16:58:44 - [MESSAGE][INFO] - Found 1 web elements with id: 'Object Repository/Olusturma/Genel/Kutular/SiparisBilgileri/SiparisTarihi' located by 'By.xpath: //*[@id = 'dateSiparisTarih_I']' in '30' second(s)

2021-11-23 16:58:44 - [MESSAGE][INFO] - Clearing text of object 'Object Repository/Olusturma/Genel/Kutular/SiparisBilgileri/SiparisTarihi'

2021-11-23 16:58:44 - [MESSAGE][PASSED] - Text of object 'Object Repository/Olusturma/Genel/Kutular/SiparisBilgileri/SiparisTarihi' is cleared

2021-11-23 16:58:44 - [TEST_STEP][PASSED] - sendKeys(findTestObject("Object Repository/Olusturma/Genel/Kutular/SiparisBilgileri/SiparisTarihi"), Tarih): Keys '31.04.2020' sent to object: 'Object Repository/Olusturma/Genel/Kutular/SiparisBilgileri/SiparisTarihi'

2021-11-23 16:58:44 - [MESSAGE][INFO] - Finding Test Object 'Object Repository/Olusturma/Genel/Kutular/SiparisBilgileri/SiparisTarihi'

2021-11-23 16:58:44 - [MESSAGE][INFO] - Sending keys '31.04.2020' to object: 'Object Repository/Olusturma/Genel/Kutular/SiparisBilgileri/SiparisTarihi'

2021-11-23 16:58:44 - [MESSAGE][INFO] - Finding web element from Test Object's properties

2021-11-23 16:58:44 - [MESSAGE][INFO] - Checking timeout

2021-11-23 16:58:44 - [MESSAGE][INFO] - Finding web element with id: 'Object Repository/Olusturma/Genel/Kutular/SiparisBilgileri/SiparisTarihi' located by 'By.xpath: //*[@id = 'dateSiparisTarih_I']' in '30' second(s)

2021-11-23 16:58:44 - [MESSAGE][INFO] - Smart Wait Function is triggered

2021-11-23 16:58:44 - [MESSAGE][INFO] - Found 1 web elements with id: 'Object Repository/Olusturma/Genel/Kutular/SiparisBilgileri/SiparisTarihi' located by 'By.xpath: //*[@id = 'dateSiparisTarih_I']' in '30' second(s)

2021-11-23 16:58:44 - [MESSAGE][PASSED] - Keys '31.04.2020' sent to object: 'Object Repository/Olusturma/Genel/Kutular/SiparisBilgileri/SiparisTarihi'

2021-11-23 16:58:44 - [MESSAGE][PASSED] - Call Test Case 'Test Cases/Olusturma/Genel/Kutular/SiparisBilgileriGirilir' successfully

2021-11-23 16:58:44 - [MESSAGE][INFO] - Checking called Test Case

2021-11-23 16:58:44 - [MESSAGE][INFO] - Starting to call Test Case 'Test Cases/Olusturma/Genel/Kutular/IrsaliyeBilgileri'

2021-11-23 16:58:44 - [TEST_CASE][PASSED] - Test Cases/Olusturma/Genel/Kutular/IrsaliyeBilgileri: Test Cases/Olusturma/Genel/Kutular/IrsaliyeBilgileri

2021-11-23 16:58:44 - [TEST_STEP][PASSED] - Method.TextDegerineEsitElementeTikla(findTestObject("Olusturma/Genel/Kutular/KapaliKutular"), "İrsaliye Bilgileri"): Method.TextDegerineEsitElementeTikla is PASSED

2021-11-23 16:58:44 - [MESSAGE][INFO] - Finding Test Object 'Object Repository/Olusturma/Genel/Kutular/KapaliKutular'

2021-11-23 16:58:44 - [MESSAGE][INFO] - Checking timeout

2021-11-23 16:58:44 - [MESSAGE][INFO] - Finding web element with id: 'Object Repository/Olusturma/Genel/Kutular/KapaliKutular' located by 'By.cssSelector: .dxnb-headerCollapsed>span' in '10' second(s)

2021-11-23 16:58:44 - [MESSAGE][INFO] - Smart Wait Function is triggered

2021-11-23 16:58:45 - [MESSAGE][INFO] - Found 8 web elements with id: 'Object Repository/Olusturma/Genel/Kutular/KapaliKutular' located by 'By.cssSelector: .dxnb-headerCollapsed>span' in '10' second(s)

2021-11-23 16:58:45 - [MESSAGE][PASSED] - Method.TextDegerineEsitElementeTikla is PASSED

2021-11-23 16:58:45 - [TEST_STEP][PASSED] - waitForElementClickable(findTestObject("Olusturma/Genel/Kutular/IrsaliyeBilgileri/Ekle"), 10): Object 'Object Repository/Olusturma/Genel/Kutular/IrsaliyeBilgileri/Ekle' is clickable

2021-11-23 16:58:45 - [MESSAGE][INFO] - Finding Test Object 'Object Repository/Olusturma/Genel/Kutular/IrsaliyeBilgileri/Ekle'

2021-11-23 16:58:45 - [MESSAGE][INFO] - Checking object

2021-11-23 16:58:45 - [MESSAGE][INFO] - Checking timeout

2021-11-23 16:58:45 - [MESSAGE][INFO] - Finding web element from Test Object's properties

2021-11-23 16:58:45 - [MESSAGE][INFO] - Checking timeout

2021-11-23 16:58:45 - [MESSAGE][INFO] - Finding web element with id: 'Object Repository/Olusturma/Genel/Kutular/IrsaliyeBilgileri/Ekle' located by 'By.xpath: //*[@id = 'DXEditorgvUserInvoiceBillsNewRowBtn']' in '10' second(s)

2021-11-23 16:58:45 - [MESSAGE][INFO] - Smart Wait Function is triggered

2021-11-23 16:58:45 - [MESSAGE][INFO] - Found 1 web elements with id: 'Object Repository/Olusturma/Genel/Kutular/IrsaliyeBilgileri/Ekle' located by 'By.xpath: //*[@id = 'DXEditorgvUserInvoiceBillsNewRowBtn']' in '10' second(s)

2021-11-23 16:58:45 - [MESSAGE][PASSED] - Object 'Object Repository/Olusturma/Genel/Kutular/IrsaliyeBilgileri/Ekle' is clickable

2021-11-23 16:58:45 - [TEST_STEP][PASSED] - click(findTestObject("Olusturma/Genel/Kutular/IrsaliyeBilgileri/Ekle")): Object: 'Object Repository/Olusturma/Genel/Kutular/IrsaliyeBilgileri/Ekle' is clicked on

2021-11-23 16:58:45 - [MESSAGE][INFO] - Finding Test Object 'Object Repository/Olusturma/Genel/Kutular/IrsaliyeBilgileri/Ekle'

2021-11-23 16:58:45 - [MESSAGE][INFO] - Checking object

2021-11-23 16:58:45 - [MESSAGE][INFO] - Finding web element from Test Object's properties

2021-11-23 16:58:45 - [MESSAGE][INFO] - Checking timeout

2021-11-23 16:58:45 - [MESSAGE][INFO] - Finding web element with id: 'Object Repository/Olusturma/Genel/Kutular/IrsaliyeBilgileri/Ekle' located by 'By.xpath: //*[@id = 'DXEditorgvUserInvoiceBillsNewRowBtn']' in '30' second(s)

2021-11-23 16:58:45 - [MESSAGE][INFO] - Smart Wait Function is triggered

2021-11-23 16:58:46 - [MESSAGE][INFO] - Found 1 web elements with id: 'Object Repository/Olusturma/Genel/Kutular/IrsaliyeBilgileri/Ekle' located by 'By.xpath: //*[@id = 'DXEditorgvUserInvoiceBillsNewRowBtn']' in '30' second(s)

2021-11-23 16:58:46 - [MESSAGE][INFO] - Clicking on object: 'Object Repository/Olusturma/Genel/Kutular/IrsaliyeBilgileri/Ekle'

2021-11-23 16:58:46 - [MESSAGE][PASSED] - Object: 'Object Repository/Olusturma/Genel/Kutular/IrsaliyeBilgileri/Ekle' is clicked on

2021-11-23 16:58:46 - [TEST_STEP][PASSED] - waitForElementPresent(findTestObject("Object Repository/Olusturma/Genel/Kutular/IrsaliyeBilgileri/IrsaliyeNumarasi"), 10): Object 'Object Repository/Olusturma/Genel/Kutular/IrsaliyeBilgileri/IrsaliyeNumarasi' is present

2021-11-23 16:58:46 - [MESSAGE][INFO] - Finding Test Object 'Object Repository/Olusturma/Genel/Kutular/IrsaliyeBilgileri/IrsaliyeNumarasi'

2021-11-23 16:58:46 - [MESSAGE][INFO] - Checking object

2021-11-23 16:58:46 - [MESSAGE][INFO] - Finding web element from Test Object's properties

2021-11-23 16:58:46 - [MESSAGE][INFO] - Checking timeout

2021-11-23 16:58:46 - [MESSAGE][INFO] - Finding web element with id: 'Object Repository/Olusturma/Genel/Kutular/IrsaliyeBilgileri/IrsaliyeNumarasi' located by 'By.xpath: //*[@id = 'gvUserInvoiceBills_DXEditor1_I']' in '10' second(s)

2021-11-23 16:58:46 - [MESSAGE][INFO] - Smart Wait Function is triggered

2021-11-23 16:58:46 - [MESSAGE][INFO] - Smart Wait Function is triggered

2021-11-23 16:58:46 - [MESSAGE][INFO] - Smart Wait Function is triggered

2021-11-23 16:58:47 - [MESSAGE][INFO] - Found 1 web elements with id: 'Object Repository/Olusturma/Genel/Kutular/IrsaliyeBilgileri/IrsaliyeNumarasi' located by 'By.xpath: //*[@id = 'gvUserInvoiceBills_DXEditor1_I']' in '10' second(s)

2021-11-23 16:58:47 - [MESSAGE][PASSED] - Object 'Object Repository/Olusturma/Genel/Kutular/IrsaliyeBilgileri/IrsaliyeNumarasi' is present

2021-11-23 16:58:47 - [TEST_STEP][PASSED] - clearText(findTestObject("Object Repository/Olusturma/Genel/Kutular/IrsaliyeBilgileri/IrsaliyeNumarasi")): Text of object 'Object Repository/Olusturma/Genel/Kutular/IrsaliyeBilgileri/IrsaliyeNumarasi' is cleared

2021-11-23 16:58:47 - [MESSAGE][INFO] - Finding Test Object 'Object Repository/Olusturma/Genel/Kutular/IrsaliyeBilgileri/IrsaliyeNumarasi'

2021-11-23 16:58:47 - [MESSAGE][INFO] - Checking object

2021-11-23 16:58:47 - [MESSAGE][INFO] - Finding web element from Test Object's properties

2021-11-23 16:58:47 - [MESSAGE][INFO] - Checking timeout

2021-11-23 16:58:47 - [MESSAGE][INFO] - Finding web element with id: 'Object Repository/Olusturma/Genel/Kutular/IrsaliyeBilgileri/IrsaliyeNumarasi' located by 'By.xpath: //*[@id = 'gvUserInvoiceBills_DXEditor1_I']' in '30' second(s)

2021-11-23 16:58:47 - [MESSAGE][INFO] - Smart Wait Function is triggered

2021-11-23 16:58:47 - [MESSAGE][INFO] - Found 1 web elements with id: 'Object Repository/Olusturma/Genel/Kutular/IrsaliyeBilgileri/IrsaliyeNumarasi' located by 'By.xpath: //*[@id = 'gvUserInvoiceBills_DXEditor1_I']' in '30' second(s)

2021-11-23 16:58:47 - [MESSAGE][INFO] - Clearing text of object 'Object Repository/Olusturma/Genel/Kutular/IrsaliyeBilgileri/IrsaliyeNumarasi'

2021-11-23 16:58:47 - [MESSAGE][PASSED] - Text of object 'Object Repository/Olusturma/Genel/Kutular/IrsaliyeBilgileri/IrsaliyeNumarasi' is cleared

2021-11-23 16:58:47 - [TEST_STEP][PASSED] - sendKeys(findTestObject("Object Repository/Olusturma/Genel/Kutular/IrsaliyeBilgileri/IrsaliyeNumarasi"), Numara): Keys 'AAAAAAAAAA' sent to object: 'Object Repository/Olusturma/Genel/Kutular/IrsaliyeBilgileri/IrsaliyeNumarasi'

2021-11-23 16:58:47 - [MESSAGE][INFO] - Finding Test Object 'Object Repository/Olusturma/Genel/Kutular/IrsaliyeBilgileri/IrsaliyeNumarasi'

2021-11-23 16:58:47 - [MESSAGE][INFO] - Sending keys 'AAAAAAAAAA' to object: 'Object Repository/Olusturma/Genel/Kutular/IrsaliyeBilgileri/IrsaliyeNumarasi'

2021-11-23 16:58:47 - [MESSAGE][INFO] - Finding web element from Test Object's properties

2021-11-23 16:58:47 - [MESSAGE][INFO] - Checking timeout

2021-11-23 16:58:47 - [MESSAGE][INFO] - Finding web element with id: 'Object Repository/Olusturma/Genel/Kutular/IrsaliyeBilgileri/IrsaliyeNumarasi' located by 'By.xpath: //*[@id = 'gvUserInvoiceBills_DXEditor1_I']' in '30' second(s)

2021-11-23 16:58:47 - [MESSAGE][INFO] - Smart Wait Function is triggered

2021-11-23 16:58:48 - [MESSAGE][INFO] - Found 1 web elements with id: 'Object Repository/Olusturma/Genel/Kutular/IrsaliyeBilgileri/IrsaliyeNumarasi' located by 'By.xpath: //*[@id = 'gvUserInvoiceBills_DXEditor1_I']' in '30' second(s)

2021-11-23 16:58:48 - [MESSAGE][PASSED] - Keys 'AAAAAAAAAA' sent to object: 'Object Repository/Olusturma/Genel/Kutular/IrsaliyeBilgileri/IrsaliyeNumarasi'

2021-11-23 16:58:48 - [TEST_STEP][PASSED] - waitForElementClickable(findTestObject("Object Repository/Olusturma/Genel/Kutular/IrsaliyeBilgileri/IrsaliyeTarihi"), 10): Object 'Object Repository/Olusturma/Genel/Kutular/IrsaliyeBilgileri/IrsaliyeTarihi' is clickable

2021-11-23 16:58:48 - [MESSAGE][INFO] - Finding Test Object 'Object Repository/Olusturma/Genel/Kutular/IrsaliyeBilgileri/IrsaliyeTarihi'

2021-11-23 16:58:48 - [MESSAGE][INFO] - Checking object

2021-11-23 16:58:48 - [MESSAGE][INFO] - Checking timeout

2021-11-23 16:58:48 - [MESSAGE][INFO] - Finding web element from Test Object's properties

2021-11-23 16:58:48 - [MESSAGE][INFO] - Checking timeout

2021-11-23 16:58:48 - [MESSAGE][INFO] - Finding web element with id: 'Object Repository/Olusturma/Genel/Kutular/IrsaliyeBilgileri/IrsaliyeTarihi' located by 'By.xpath: //*[@id = 'gvUserInvoiceBills_DXEditor2_I']' in '10' second(s)

2021-11-23 16:58:48 - [MESSAGE][INFO] - Smart Wait Function is triggered

2021-11-23 16:58:48 - [MESSAGE][INFO] - Found 1 web elements with id: 'Object Repository/Olusturma/Genel/Kutular/IrsaliyeBilgileri/IrsaliyeTarihi' located by 'By.xpath: //*[@id = 'gvUserInvoiceBills_DXEditor2_I']' in '10' second(s)

2021-11-23 16:58:48 - [MESSAGE][PASSED] - Object 'Object Repository/Olusturma/Genel/Kutular/IrsaliyeBilgileri/IrsaliyeTarihi' is clickable

2021-11-23 16:58:48 - [TEST_STEP][PASSED] - click(findTestObject("Object Repository/Olusturma/Genel/Kutular/IrsaliyeBilgileri/IrsaliyeTarihi")): Object: 'Object Repository/Olusturma/Genel/Kutular/IrsaliyeBilgileri/IrsaliyeTarihi' is clicked on

2021-11-23 16:58:48 - [MESSAGE][INFO] - Finding Test Object 'Object Repository/Olusturma/Genel/Kutular/IrsaliyeBilgileri/IrsaliyeTarihi'

2021-11-23 16:58:48 - [MESSAGE][INFO] - Checking object

2021-11-23 16:58:48 - [MESSAGE][INFO] - Finding web element from Test Object's properties

2021-11-23 16:58:48 - [MESSAGE][INFO] - Checking timeout

2021-11-23 16:58:48 - [MESSAGE][INFO] - Finding web element with id: 'Object Repository/Olusturma/Genel/Kutular/IrsaliyeBilgileri/IrsaliyeTarihi' located by 'By.xpath: //*[@id = 'gvUserInvoiceBills_DXEditor2_I']' in '30' second(s)

2021-11-23 16:58:48 - [MESSAGE][INFO] - Smart Wait Function is triggered

2021-11-23 16:58:49 - [MESSAGE][INFO] - Found 1 web elements with id: 'Object Repository/Olusturma/Genel/Kutular/IrsaliyeBilgileri/IrsaliyeTarihi' located by 'By.xpath: //*[@id = 'gvUserInvoiceBills_DXEditor2_I']' in '30' second(s)

2021-11-23 16:58:49 - [MESSAGE][INFO] - Clicking on object: 'Object Repository/Olusturma/Genel/Kutular/IrsaliyeBilgileri/IrsaliyeTarihi'

2021-11-23 16:58:49 - [MESSAGE][PASSED] - Object: 'Object Repository/Olusturma/Genel/Kutular/IrsaliyeBilgileri/IrsaliyeTarihi' is clicked on

2021-11-23 16:58:49 - [TEST_STEP][PASSED] - sendKeys(findTestObject("Object Repository/Olusturma/Genel/Kutular/IrsaliyeBilgileri/IrsaliyeTarihi"), Tarih): Keys '31.04.2020' sent to object: 'Object Repository/Olusturma/Genel/Kutular/IrsaliyeBilgileri/IrsaliyeTarihi'

2021-11-23 16:58:49 - [MESSAGE][INFO] - Finding Test Object 'Object Repository/Olusturma/Genel/Kutular/IrsaliyeBilgileri/IrsaliyeTarihi'

2021-11-23 16:58:49 - [MESSAGE][INFO] - Sending keys '31.04.2020' to object: 'Object Repository/Olusturma/Genel/Kutular/IrsaliyeBilgileri/IrsaliyeTarihi'

2021-11-23 16:58:49 - [MESSAGE][INFO] - Finding web element from Test Object's properties

2021-11-23 16:58:49 - [MESSAGE][INFO] - Checking timeout

2021-11-23 16:58:49 - [MESSAGE][INFO] - Finding web element with id: 'Object Repository/Olusturma/Genel/Kutular/IrsaliyeBilgileri/IrsaliyeTarihi' located by 'By.xpath: //*[@id = 'gvUserInvoiceBills_DXEditor2_I']' in '30' second(s)

2021-11-23 16:58:49 - [MESSAGE][INFO] - Smart Wait Function is triggered

2021-11-23 16:58:49 - [MESSAGE][INFO] - Found 1 web elements with id: 'Object Repository/Olusturma/Genel/Kutular/IrsaliyeBilgileri/IrsaliyeTarihi' located by 'By.xpath: //*[@id = 'gvUserInvoiceBills_DXEditor2_I']' in '30' second(s)

2021-11-23 16:58:49 - [MESSAGE][PASSED] - Keys '31.04.2020' sent to object: 'Object Repository/Olusturma/Genel/Kutular/IrsaliyeBilgileri/IrsaliyeTarihi'

2021-11-23 16:58:49 - [MESSAGE][PASSED] - Call Test Case 'Test Cases/Olusturma/Genel/Kutular/IrsaliyeBilgileri' successfully

2021-11-23 16:58:49 - [MESSAGE][INFO] - Checking called Test Case

2021-11-23 16:58:49 - [MESSAGE][INFO] - Starting to call Test Case 'Test Cases/Olusturma/Genel/EkleButonunaBasilir'

2021-11-23 16:58:49 - [TEST_CASE][PASSED] - Test Cases/Olusturma/Genel/EkleButonunaBasilir: Test Cases/Olusturma/Genel/EkleButonunaBasilir

2021-11-23 16:58:49 - [TEST_STEP][PASSED] - waitForElementClickable(findTestObject("Object Repository/Olusturma/Genel/Olusturma/Ekle"), 10): Object 'Object Repository/Olusturma/Genel/Olusturma/Ekle' is clickable

2021-11-23 16:58:49 - [MESSAGE][INFO] - Finding Test Object 'Object Repository/Olusturma/Genel/Olusturma/Ekle'

2021-11-23 16:58:49 - [MESSAGE][INFO] - Checking object

2021-11-23 16:58:49 - [MESSAGE][INFO] - Checking timeout

2021-11-23 16:58:49 - [MESSAGE][INFO] - Finding web element from Test Object's properties

2021-11-23 16:58:49 - [MESSAGE][INFO] - Checking timeout

2021-11-23 16:58:49 - [MESSAGE][INFO] - Finding web element with id: 'Object Repository/Olusturma/Genel/Olusturma/Ekle' located by 'By.cssSelector: #divmalhizmet i.fa.fa-plus.fa-lg.text-muted' in '10' second(s)

2021-11-23 16:58:49 - [MESSAGE][INFO] - Smart Wait Function is triggered

2021-11-23 16:58:50 - [MESSAGE][INFO] - Found 1 web elements with id: 'Object Repository/Olusturma/Genel/Olusturma/Ekle' located by 'By.cssSelector: #divmalhizmet i.fa.fa-plus.fa-lg.text-muted' in '10' second(s)

2021-11-23 16:58:50 - [MESSAGE][PASSED] - Object 'Object Repository/Olusturma/Genel/Olusturma/Ekle' is clickable

2021-11-23 16:58:50 - [TEST_STEP][PASSED] - click(findTestObject("Object Repository/Olusturma/Genel/Olusturma/Ekle")): Object: 'Object Repository/Olusturma/Genel/Olusturma/Ekle' is clicked on

2021-11-23 16:58:50 - [MESSAGE][INFO] - Finding Test Object 'Object Repository/Olusturma/Genel/Olusturma/Ekle'

2021-11-23 16:58:50 - [MESSAGE][INFO] - Checking object

2021-11-23 16:58:50 - [MESSAGE][INFO] - Finding web element from Test Object's properties

2021-11-23 16:58:50 - [MESSAGE][INFO] - Checking timeout

2021-11-23 16:58:50 - [MESSAGE][INFO] - Finding web element with id: 'Object Repository/Olusturma/Genel/Olusturma/Ekle' located by 'By.cssSelector: #divmalhizmet i.fa.fa-plus.fa-lg.text-muted' in '30' second(s)

2021-11-23 16:58:50 - [MESSAGE][INFO] - Smart Wait Function is triggered

2021-11-23 16:58:50 - [MESSAGE][INFO] - Found 1 web elements with id: 'Object Repository/Olusturma/Genel/Olusturma/Ekle' located by 'By.cssSelector: #divmalhizmet i.fa.fa-plus.fa-lg.text-muted' in '30' second(s)

2021-11-23 16:58:50 - [MESSAGE][INFO] - Clicking on object: 'Object Repository/Olusturma/Genel/Olusturma/Ekle'

2021-11-23 16:58:50 - [MESSAGE][PASSED] - Object: 'Object Repository/Olusturma/Genel/Olusturma/Ekle' is clicked on

2021-11-23 16:58:50 - [TEST_STEP][PASSED] - waitForElementClickable(findTestObject("Olusturma/Genel/Olusturma/EklenenSatirCarpiImage"), 10): Object 'Object Repository/Olusturma/Genel/Olusturma/EklenenSatirCarpiImage' is clickable

2021-11-23 16:58:50 - [MESSAGE][INFO] - Finding Test Object 'Object Repository/Olusturma/Genel/Olusturma/EklenenSatirCarpiImage'

2021-11-23 16:58:50 - [MESSAGE][INFO] - Checking object

2021-11-23 16:58:50 - [MESSAGE][INFO] - Checking timeout

2021-11-23 16:58:50 - [MESSAGE][INFO] - Finding web element from Test Object's properties

2021-11-23 16:58:50 - [MESSAGE][INFO] - Checking timeout

2021-11-23 16:58:50 - [MESSAGE][INFO] - Finding web element with id: 'Object Repository/Olusturma/Genel/Olusturma/EklenenSatirCarpiImage' located by 'By.cssSelector: .fa.fa-times.fa-lg.text-primary' in '10' second(s)

2021-11-23 16:58:50 - [MESSAGE][INFO] - Smart Wait Function is triggered

2021-11-23 16:58:50 - [MESSAGE][INFO] - Found 1 web elements with id: 'Object Repository/Olusturma/Genel/Olusturma/EklenenSatirCarpiImage' located by 'By.cssSelector: .fa.fa-times.fa-lg.text-primary' in '10' second(s)

2021-11-23 16:58:50 - [MESSAGE][PASSED] - Object 'Object Repository/Olusturma/Genel/Olusturma/EklenenSatirCarpiImage' is clickable

2021-11-23 16:58:50 - [MESSAGE][PASSED] - Call Test Case 'Test Cases/Olusturma/Genel/EkleButonunaBasilir' successfully

2021-11-23 16:58:50 - [MESSAGE][INFO] - Checking called Test Case

2021-11-23 16:58:50 - [MESSAGE][INFO] - Starting to call Test Case 'Test Cases/Olusturma/Genel/Olusturma'

2021-11-23 16:58:50 - [TEST_CASE][PASSED] - Test Cases/Olusturma/Genel/Olusturma: Test Cases/Olusturma/Genel/Olusturma

2021-11-23 16:58:50 - [TEST_STEP][PASSED] - driver = getWebDriver(): null

2021-11-23 16:58:50 - [TEST_STEP][PASSED] - action = new org.openqa.selenium.interactions.Actions(driver): null

2021-11-23 16:58:50 - [TEST_STEP][PASSED] - baslikElement = <not implemented yet for class: org.codehaus.groovy.ast.expr.EmptyExpression>: null

2021-11-23 16:58:50 - [TEST_STEP][PASSED] - sonElement = <not implemented yet for class: org.codehaus.groovy.ast.expr.EmptyExpression>: null

2021-11-23 16:58:50 - [TEST_STEP][PASSED] - attr = <not implemented yet for class: org.codehaus.groovy.ast.expr.EmptyExpression>: null

2021-11-23 16:58:50 - [TEST_STEP][PASSED] - a = 0: null

2021-11-23 16:58:50 - [TEST_STEP][PASSED] - elements = findWebElements(findTestObject("Object Repository/Olusturma/Genel/Olusturma/TabloBasliklari"), 10): Found 13 web elements with id: 'Object Repository/Olusturma/Genel/Olusturma/TabloBasliklari' located by 'By.cssSelector: div#divmalhizmet .dxgvTable_LECustomTheme td.dxgvHeader_LECustomTheme tr>td:nth-child(1)' in '10' second(s)

2021-11-23 16:58:50 - [MESSAGE][INFO] - Finding Test Object 'Object Repository/Olusturma/Genel/Olusturma/TabloBasliklari'

2021-11-23 16:58:51 - [MESSAGE][INFO] - Checking timeout

2021-11-23 16:58:51 - [MESSAGE][INFO] - Finding web element with id: 'Object Repository/Olusturma/Genel/Olusturma/TabloBasliklari' located by 'By.cssSelector: div#divmalhizmet .dxgvTable_LECustomTheme td.dxgvHeader_LECustomTheme tr>td:nth-child(1)' in '10' second(s)

2021-11-23 16:58:51 - [MESSAGE][INFO] - Smart Wait Function is triggered

2021-11-23 16:58:53 - [MESSAGE][INFO] - Found 13 web elements with id: 'Object Repository/Olusturma/Genel/Olusturma/TabloBasliklari' located by 'By.cssSelector: div#divmalhizmet .dxgvTable_LECustomTheme td.dxgvHeader_LECustomTheme tr>td:nth-child(1)' in '10' second(s)

2021-11-23 16:58:53 - [TEST_STEP][PASSED] - for (def element : elements): null

2021-11-23 16:58:53 - [TEST_STEP][PASSED] - build().perform(): null

2021-11-23 16:58:53 - [TEST_STEP][PASSED] - if (getText().equals(Baslik)): null

2021-11-23 16:58:53 - [TEST_STEP][PASSED] - baslikElement = element.findElement(By.xpath("../../../..")): Smart Wait Function is triggered

2021-11-23 16:58:53 - [MESSAGE][INFO] - Smart Wait Function is triggered

2021-11-23 16:58:54 - [TEST_STEP][PASSED] - attr = baslikElement.getAttribute("id"): null

2021-11-23 16:58:54 - [TEST_STEP][PASSED] - println("girdi ve idsini aldı = " + attr): null

2021-11-23 16:58:54 - [TEST_STEP][PASSED] - break: null

2021-11-23 16:58:54 - [TEST_STEP][PASSED] - countElement = baslikElement.findElements(By.xpath("../td")): Smart Wait Function is triggered

2021-11-23 16:58:54 - [MESSAGE][INFO] - Smart Wait Function is triggered

2021-11-23 16:58:54 - [TEST_STEP][PASSED] - for (def element : countElement): null

2021-11-23 16:58:54 - [TEST_STEP][PASSED] - if (toString().equals(attr.toString())): null

2021-11-23 16:58:54 - [TEST_STEP][PASSED] - (a++): null

2021-11-23 16:58:54 - [TEST_STEP][PASSED] - if (toString().equals(attr.toString())): null

2021-11-23 16:58:54 - [TEST_STEP][PASSED] - break: null

2021-11-23 16:58:54 - [TEST_STEP][PASSED] - son = findWebElement(findTestObject("Object Repository/Olusturma/Genel/Olusturma/EklenenSatir")).findElement(By.xpath("td[@class='dxgvInlineEditCell_LECustomTheme dxgv'][" + a + "]//td[@class='dxic']/input")): Smart Wait Function is triggered

2021-11-23 16:58:54 - [MESSAGE][INFO] - Finding Test Object 'Object Repository/Olusturma/Genel/Olusturma/EklenenSatir'

2021-11-23 16:58:54 - [MESSAGE][INFO] - Finding web element from Test Object's properties

2021-11-23 16:58:54 - [MESSAGE][INFO] - Checking timeout

2021-11-23 16:58:54 - [MESSAGE][INFO] - Finding web element with id: 'Object Repository/Olusturma/Genel/Olusturma/EklenenSatir' located by 'By.cssSelector: #divmalhizmet .dxgvInlineEditRow_LECustomTheme' in '30' second(s)

2021-11-23 16:58:54 - [MESSAGE][INFO] - Smart Wait Function is triggered

2021-11-23 16:58:54 - [MESSAGE][INFO] - Found 1 web elements with id: 'Object Repository/Olusturma/Genel/Olusturma/EklenenSatir' located by 'By.cssSelector: #divmalhizmet .dxgvInlineEditRow_LECustomTheme' in '30' second(s)

2021-11-23 16:58:54 - [MESSAGE][INFO] - Smart Wait Function is triggered

2021-11-23 16:58:55 - [TEST_STEP][PASSED] - if (!(getAttribute("value").contains("Vkn"))): null

2021-11-23 16:58:55 - [TEST_STEP][PASSED] - son.clear(): null

2021-11-23 16:58:55 - [TEST_STEP][PASSED] - son.sendKeys(Deger): null

2021-11-23 16:58:55 - [MESSAGE][PASSED] - Call Test Case 'Test Cases/Olusturma/Genel/Olusturma' successfully

2021-11-23 16:58:55 - [MESSAGE][INFO] - Checking called Test Case

2021-11-23 16:58:55 - [MESSAGE][INFO] - Starting to call Test Case 'Test Cases/Olusturma/Genel/Olusturma'

2021-11-23 16:58:55 - [TEST_CASE][PASSED] - Test Cases/Olusturma/Genel/Olusturma: Test Cases/Olusturma/Genel/Olusturma

2021-11-23 16:58:55 - [TEST_STEP][PASSED] - driver = getWebDriver(): null

2021-11-23 16:58:55 - [TEST_STEP][PASSED] - action = new org.openqa.selenium.interactions.Actions(driver): null

2021-11-23 16:58:55 - [TEST_STEP][PASSED] - baslikElement = <not implemented yet for class: org.codehaus.groovy.ast.expr.EmptyExpression>: null

2021-11-23 16:58:55 - [TEST_STEP][PASSED] - sonElement = <not implemented yet for class: org.codehaus.groovy.ast.expr.EmptyExpression>: null

2021-11-23 16:58:55 - [TEST_STEP][PASSED] - attr = <not implemented yet for class: org.codehaus.groovy.ast.expr.EmptyExpression>: null

2021-11-23 16:58:55 - [TEST_STEP][PASSED] - a = 0: null

2021-11-23 16:58:55 - [TEST_STEP][PASSED] - elements = findWebElements(findTestObject("Object Repository/Olusturma/Genel/Olusturma/TabloBasliklari"), 10): Found 13 web elements with id: 'Object Repository/Olusturma/Genel/Olusturma/TabloBasliklari' located by 'By.cssSelector: div#divmalhizmet .dxgvTable_LECustomTheme td.dxgvHeader_LECustomTheme tr>td:nth-child(1)' in '10' second(s)

2021-11-23 16:58:55 - [MESSAGE][INFO] - Finding Test Object 'Object Repository/Olusturma/Genel/Olusturma/TabloBasliklari'

2021-11-23 16:58:55 - [MESSAGE][INFO] - Checking timeout

2021-11-23 16:58:55 - [MESSAGE][INFO] - Finding web element with id: 'Object Repository/Olusturma/Genel/Olusturma/TabloBasliklari' located by 'By.cssSelector: div#divmalhizmet .dxgvTable_LECustomTheme td.dxgvHeader_LECustomTheme tr>td:nth-child(1)' in '10' second(s)

2021-11-23 16:58:55 - [MESSAGE][INFO] - Smart Wait Function is triggered

2021-11-23 16:58:55 - [MESSAGE][INFO] - Found 13 web elements with id: 'Object Repository/Olusturma/Genel/Olusturma/TabloBasliklari' located by 'By.cssSelector: div#divmalhizmet .dxgvTable_LECustomTheme td.dxgvHeader_LECustomTheme tr>td:nth-child(1)' in '10' second(s)

2021-11-23 16:58:55 - [TEST_STEP][PASSED] - for (def element : elements): null

2021-11-23 16:58:55 - [TEST_STEP][PASSED] - build().perform(): null

2021-11-23 16:58:55 - [TEST_STEP][PASSED] - if (getText().equals(Baslik)): null

2021-11-23 16:58:55 - [TEST_STEP][PASSED] - build().perform(): null

2021-11-23 16:58:56 - [TEST_STEP][PASSED] - if (getText().equals(Baslik)): null

2021-11-23 16:58:56 - [TEST_STEP][PASSED] - baslikElement = element.findElement(By.xpath("../../../..")): Smart Wait Function is triggered

2021-11-23 16:58:56 - [MESSAGE][INFO] - Smart Wait Function is triggered

2021-11-23 16:58:56 - [TEST_STEP][PASSED] - attr = baslikElement.getAttribute("id"): null

2021-11-23 16:58:56 - [TEST_STEP][PASSED] - println("girdi ve idsini aldı = " + attr): null

2021-11-23 16:58:56 - [TEST_STEP][PASSED] - break: null

2021-11-23 16:58:56 - [TEST_STEP][PASSED] - countElement = baslikElement.findElements(By.xpath("../td")): Smart Wait Function is triggered

2021-11-23 16:58:56 - [MESSAGE][INFO] - Smart Wait Function is triggered

2021-11-23 16:58:56 - [TEST_STEP][PASSED] - for (def element : countElement): null

2021-11-23 16:58:56 - [TEST_STEP][PASSED] - if (toString().equals(attr.toString())): null

2021-11-23 16:58:56 - [TEST_STEP][PASSED] - (a++): null

2021-11-23 16:58:56 - [TEST_STEP][PASSED] - if (toString().equals(attr.toString())): null

2021-11-23 16:58:56 - [TEST_STEP][PASSED] - (a++): null

2021-11-23 16:58:56 - [TEST_STEP][PASSED] - if (toString().equals(attr.toString())): null

2021-11-23 16:58:56 - [TEST_STEP][PASSED] - break: null

2021-11-23 16:58:56 - [TEST_STEP][PASSED] - son = findWebElement(findTestObject("Object Repository/Olusturma/Genel/Olusturma/EklenenSatir")).findElement(By.xpath("td[@class='dxgvInlineEditCell_LECustomTheme dxgv'][" + a + "]//td[@class='dxic']/input")): Smart Wait Function is triggered

2021-11-23 16:58:56 - [MESSAGE][INFO] - Finding Test Object 'Object Repository/Olusturma/Genel/Olusturma/EklenenSatir'

2021-11-23 16:58:56 - [MESSAGE][INFO] - Finding web element from Test Object's properties

2021-11-23 16:58:56 - [MESSAGE][INFO] - Checking timeout

2021-11-23 16:58:56 - [MESSAGE][INFO] - Finding web element with id: 'Object Repository/Olusturma/Genel/Olusturma/EklenenSatir' located by 'By.cssSelector: #divmalhizmet .dxgvInlineEditRow_LECustomTheme' in '30' second(s)

2021-11-23 16:58:56 - [MESSAGE][INFO] - Smart Wait Function is triggered

2021-11-23 16:58:56 - [MESSAGE][INFO] - Found 1 web elements with id: 'Object Repository/Olusturma/Genel/Olusturma/EklenenSatir' located by 'By.cssSelector: #divmalhizmet .dxgvInlineEditRow_LECustomTheme' in '30' second(s)

2021-11-23 16:58:56 - [MESSAGE][INFO] - Smart Wait Function is triggered

2021-11-23 16:58:57 - [TEST_STEP][PASSED] - if (!(getAttribute("value").contains("Vkn"))): null

2021-11-23 16:58:57 - [TEST_STEP][PASSED] - son.clear(): null

2021-11-23 16:58:57 - [TEST_STEP][PASSED] - son.sendKeys(Deger): null

2021-11-23 16:58:57 - [MESSAGE][PASSED] - Call Test Case 'Test Cases/Olusturma/Genel/Olusturma' successfully

2021-11-23 16:58:57 - [MESSAGE][INFO] - Checking called Test Case

2021-11-23 16:58:57 - [MESSAGE][INFO] - Starting to call Test Case 'Test Cases/Olusturma/Genel/Olusturma'

2021-11-23 16:58:57 - [TEST_CASE][PASSED] - Test Cases/Olusturma/Genel/Olusturma: Test Cases/Olusturma/Genel/Olusturma

2021-11-23 16:58:57 - [TEST_STEP][PASSED] - driver = getWebDriver(): null

2021-11-23 16:58:57 - [TEST_STEP][PASSED] - action = new org.openqa.selenium.interactions.Actions(driver): null

2021-11-23 16:58:57 - [TEST_STEP][PASSED] - baslikElement = <not implemented yet for class: org.codehaus.groovy.ast.expr.EmptyExpression>: null

2021-11-23 16:58:57 - [TEST_STEP][PASSED] - sonElement = <not implemented yet for class: org.codehaus.groovy.ast.expr.EmptyExpression>: null

2021-11-23 16:58:57 - [TEST_STEP][PASSED] - attr = <not implemented yet for class: org.codehaus.groovy.ast.expr.EmptyExpression>: null

2021-11-23 16:58:57 - [TEST_STEP][PASSED] - a = 0: null

2021-11-23 16:58:57 - [TEST_STEP][PASSED] - elements = findWebElements(findTestObject("Object Repository/Olusturma/Genel/Olusturma/TabloBasliklari"), 10): Found 13 web elements with id: 'Object Repository/Olusturma/Genel/Olusturma/TabloBasliklari' located by 'By.cssSelector: div#divmalhizmet .dxgvTable_LECustomTheme td.dxgvHeader_LECustomTheme tr>td:nth-child(1)' in '10' second(s)

2021-11-23 16:58:57 - [MESSAGE][INFO] - Finding Test Object 'Object Repository/Olusturma/Genel/Olusturma/TabloBasliklari'

2021-11-23 16:58:57 - [MESSAGE][INFO] - Checking timeout

2021-11-23 16:58:57 - [MESSAGE][INFO] - Finding web element with id: 'Object Repository/Olusturma/Genel/Olusturma/TabloBasliklari' located by 'By.cssSelector: div#divmalhizmet .dxgvTable_LECustomTheme td.dxgvHeader_LECustomTheme tr>td:nth-child(1)' in '10' second(s)

2021-11-23 16:58:57 - [MESSAGE][INFO] - Smart Wait Function is triggered

2021-11-23 16:58:57 - [MESSAGE][INFO] - Found 13 web elements with id: 'Object Repository/Olusturma/Genel/Olusturma/TabloBasliklari' located by 'By.cssSelector: div#divmalhizmet .dxgvTable_LECustomTheme td.dxgvHeader_LECustomTheme tr>td:nth-child(1)' in '10' second(s)

2021-11-23 16:58:57 - [TEST_STEP][PASSED] - for (def element : elements): null

2021-11-23 16:58:57 - [TEST_STEP][PASSED] - build().perform(): null

2021-11-23 16:58:58 - [TEST_STEP][PASSED] - if (getText().equals(Baslik)): null

2021-11-23 16:58:58 - [TEST_STEP][PASSED] - build().perform(): null

2021-11-23 16:58:58 - [TEST_STEP][PASSED] - if (getText().equals(Baslik)): null

2021-11-23 16:58:58 - [TEST_STEP][PASSED] - build().perform(): null

2021-11-23 16:58:58 - [TEST_STEP][PASSED] - if (getText().equals(Baslik)): null

2021-11-23 16:58:58 - [TEST_STEP][PASSED] - build().perform(): null

2021-11-23 16:58:58 - [TEST_STEP][PASSED] - if (getText().equals(Baslik)): null

2021-11-23 16:58:58 - [TEST_STEP][PASSED] - baslikElement = element.findElement(By.xpath("../../../..")): Smart Wait Function is triggered

2021-11-23 16:58:58 - [MESSAGE][INFO] - Smart Wait Function is triggered

2021-11-23 16:58:58 - [TEST_STEP][PASSED] - attr = baslikElement.getAttribute("id"): null

2021-11-23 16:58:58 - [TEST_STEP][PASSED] - println("girdi ve idsini aldı = " + attr): null

2021-11-23 16:58:58 - [TEST_STEP][PASSED] - break: null

2021-11-23 16:58:58 - [TEST_STEP][PASSED] - countElement = baslikElement.findElements(By.xpath("../td")): Smart Wait Function is triggered

2021-11-23 16:58:58 - [MESSAGE][INFO] - Smart Wait Function is triggered

2021-11-23 16:58:59 - [TEST_STEP][PASSED] - for (def element : countElement): null

2021-11-23 16:58:59 - [TEST_STEP][PASSED] - if (toString().equals(attr.toString())): null

2021-11-23 16:58:59 - [TEST_STEP][PASSED] - (a++): null

2021-11-23 16:58:59 - [TEST_STEP][PASSED] - if (toString().equals(attr.toString())): null

2021-11-23 16:58:59 - [TEST_STEP][PASSED] - (a++): null

2021-11-23 16:58:59 - [TEST_STEP][PASSED] - if (toString().equals(attr.toString())): null

2021-11-23 16:58:59 - [TEST_STEP][PASSED] - (a++): null

2021-11-23 16:58:59 - [TEST_STEP][PASSED] - if (toString().equals(attr.toString())): null

2021-11-23 16:58:59 - [TEST_STEP][PASSED] - (a++): null

2021-11-23 16:58:59 - [TEST_STEP][PASSED] - if (toString().equals(attr.toString())): null

2021-11-23 16:58:59 - [TEST_STEP][PASSED] - break: null

2021-11-23 16:58:59 - [TEST_STEP][PASSED] - son = findWebElement(findTestObject("Object Repository/Olusturma/Genel/Olusturma/EklenenSatir")).findElement(By.xpath("td[@class='dxgvInlineEditCell_LECustomTheme dxgv'][" + a + "]//td[@class='dxic']/input")): Smart Wait Function is triggered

2021-11-23 16:58:59 - [MESSAGE][INFO] - Finding Test Object 'Object Repository/Olusturma/Genel/Olusturma/EklenenSatir'

2021-11-23 16:58:59 - [MESSAGE][INFO] - Finding web element from Test Object's properties

2021-11-23 16:58:59 - [MESSAGE][INFO] - Checking timeout

2021-11-23 16:58:59 - [MESSAGE][INFO] - Finding web element with id: 'Object Repository/Olusturma/Genel/Olusturma/EklenenSatir' located by 'By.cssSelector: #divmalhizmet .dxgvInlineEditRow_LECustomTheme' in '30' second(s)

2021-11-23 16:58:59 - [MESSAGE][INFO] - Smart Wait Function is triggered

2021-11-23 16:58:59 - [MESSAGE][INFO] - Found 1 web elements with id: 'Object Repository/Olusturma/Genel/Olusturma/EklenenSatir' located by 'By.cssSelector: #divmalhizmet .dxgvInlineEditRow_LECustomTheme' in '30' second(s)

2021-11-23 16:58:59 - [MESSAGE][INFO] - Smart Wait Function is triggered

2021-11-23 16:58:59 - [TEST_STEP][PASSED] - if (!(getAttribute("value").contains("Vkn"))): null

2021-11-23 16:58:59 - [TEST_STEP][PASSED] - son.clear(): null

2021-11-23 16:58:59 - [TEST_STEP][PASSED] - son.sendKeys(Deger): null

2021-11-23 16:59:00 - [MESSAGE][PASSED] - Call Test Case 'Test Cases/Olusturma/Genel/Olusturma' successfully

2021-11-23 16:59:00 - [MESSAGE][INFO] - Checking called Test Case

2021-11-23 16:59:00 - [MESSAGE][INFO] - Starting to call Test Case 'Test Cases/Olusturma/Genel/Olusturma'

2021-11-23 16:59:00 - [TEST_CASE][PASSED] - Test Cases/Olusturma/Genel/Olusturma: Test Cases/Olusturma/Genel/Olusturma

2021-11-23 16:59:00 - [TEST_STEP][PASSED] - driver = getWebDriver(): null

2021-11-23 16:59:00 - [TEST_STEP][PASSED] - action = new org.openqa.selenium.interactions.Actions(driver): null

2021-11-23 16:59:00 - [TEST_STEP][PASSED] - baslikElement = <not implemented yet for class: org.codehaus.groovy.ast.expr.EmptyExpression>: null

2021-11-23 16:59:00 - [TEST_STEP][PASSED] - sonElement = <not implemented yet for class: org.codehaus.groovy.ast.expr.EmptyExpression>: null

2021-11-23 16:59:00 - [TEST_STEP][PASSED] - attr = <not implemented yet for class: org.codehaus.groovy.ast.expr.EmptyExpression>: null

2021-11-23 16:59:00 - [TEST_STEP][PASSED] - a = 0: null

2021-11-23 16:59:00 - [TEST_STEP][PASSED] - elements = findWebElements(findTestObject("Object Repository/Olusturma/Genel/Olusturma/TabloBasliklari"), 10): Found 13 web elements with id: 'Object Repository/Olusturma/Genel/Olusturma/TabloBasliklari' located by 'By.cssSelector: div#divmalhizmet .dxgvTable_LECustomTheme td.dxgvHeader_LECustomTheme tr>td:nth-child(1)' in '10' second(s)

2021-11-23 16:59:00 - [MESSAGE][INFO] - Finding Test Object 'Object Repository/Olusturma/Genel/Olusturma/TabloBasliklari'

2021-11-23 16:59:00 - [MESSAGE][INFO] - Checking timeout

2021-11-23 16:59:00 - [MESSAGE][INFO] - Finding web element with id: 'Object Repository/Olusturma/Genel/Olusturma/TabloBasliklari' located by 'By.cssSelector: div#divmalhizmet .dxgvTable_LECustomTheme td.dxgvHeader_LECustomTheme tr>td:nth-child(1)' in '10' second(s)

2021-11-23 16:59:00 - [MESSAGE][INFO] - Smart Wait Function is triggered

2021-11-23 16:59:00 - [MESSAGE][INFO] - Found 13 web elements with id: 'Object Repository/Olusturma/Genel/Olusturma/TabloBasliklari' located by 'By.cssSelector: div#divmalhizmet .dxgvTable_LECustomTheme td.dxgvHeader_LECustomTheme tr>td:nth-child(1)' in '10' second(s)

2021-11-23 16:59:00 - [TEST_STEP][PASSED] - for (def element : elements): null

2021-11-23 16:59:00 - [TEST_STEP][PASSED] - build().perform(): null

2021-11-23 16:59:00 - [TEST_STEP][PASSED] - if (getText().equals(Baslik)): null

2021-11-23 16:59:00 - [TEST_STEP][PASSED] - build().perform(): null

2021-11-23 16:59:00 - [TEST_STEP][PASSED] - if (getText().equals(Baslik)): null

2021-11-23 16:59:00 - [TEST_STEP][PASSED] - build().perform(): null

2021-11-23 16:59:00 - [TEST_STEP][PASSED] - if (getText().equals(Baslik)): null

2021-11-23 16:59:00 - [TEST_STEP][PASSED] - build().perform(): null

2021-11-23 16:59:01 - [TEST_STEP][PASSED] - if (getText().equals(Baslik)): null

2021-11-23 16:59:01 - [TEST_STEP][PASSED] - build().perform(): null

2021-11-23 16:59:01 - [TEST_STEP][PASSED] - if (getText().equals(Baslik)): null

2021-11-23 16:59:01 - [TEST_STEP][PASSED] - build().perform(): null

2021-11-23 16:59:01 - [TEST_STEP][PASSED] - if (getText().equals(Baslik)): null

2021-11-23 16:59:01 - [TEST_STEP][PASSED] - baslikElement = element.findElement(By.xpath("../../../..")): Smart Wait Function is triggered

2021-11-23 16:59:01 - [MESSAGE][INFO] - Smart Wait Function is triggered

2021-11-23 16:59:01 - [TEST_STEP][PASSED] - attr = baslikElement.getAttribute("id"): null

2021-11-23 16:59:01 - [TEST_STEP][PASSED] - println("girdi ve idsini aldı = " + attr): null

2021-11-23 16:59:01 - [TEST_STEP][PASSED] - break: null

2021-11-23 16:59:01 - [TEST_STEP][PASSED] - countElement = baslikElement.findElements(By.xpath("../td")): Smart Wait Function is triggered

2021-11-23 16:59:01 - [MESSAGE][INFO] - Smart Wait Function is triggered

2021-11-23 16:59:01 - [TEST_STEP][PASSED] - for (def element : countElement): null

2021-11-23 16:59:01 - [TEST_STEP][PASSED] - if (toString().equals(attr.toString())): null

2021-11-23 16:59:01 - [TEST_STEP][PASSED] - (a++): null

2021-11-23 16:59:01 - [TEST_STEP][PASSED] - if (toString().equals(attr.toString())): null

2021-11-23 16:59:01 - [TEST_STEP][PASSED] - (a++): null

2021-11-23 16:59:01 - [TEST_STEP][PASSED] - if (toString().equals(attr.toString())): null

2021-11-23 16:59:01 - [TEST_STEP][PASSED] - (a++): null

2021-11-23 16:59:01 - [TEST_STEP][PASSED] - if (toString().equals(attr.toString())): null

2021-11-23 16:59:02 - [TEST_STEP][PASSED] - (a++): null

2021-11-23 16:59:02 - [TEST_STEP][PASSED] - if (toString().equals(attr.toString())): null

2021-11-23 16:59:02 - [TEST_STEP][PASSED] - (a++): null

2021-11-23 16:59:02 - [TEST_STEP][PASSED] - if (toString().equals(attr.toString())): null

2021-11-23 16:59:02 - [TEST_STEP][PASSED] - (a++): null

2021-11-23 16:59:02 - [TEST_STEP][PASSED] - if (toString().equals(attr.toString())): null

2021-11-23 16:59:02 - [TEST_STEP][PASSED] - break: null

2021-11-23 16:59:02 - [TEST_STEP][PASSED] - son = findWebElement(findTestObject("Object Repository/Olusturma/Genel/Olusturma/EklenenSatir")).findElement(By.xpath("td[@class='dxgvInlineEditCell_LECustomTheme dxgv'][" + a + "]//td[@class='dxic']/input")): Smart Wait Function is triggered

2021-11-23 16:59:02 - [MESSAGE][INFO] - Finding Test Object 'Object Repository/Olusturma/Genel/Olusturma/EklenenSatir'

2021-11-23 16:59:02 - [MESSAGE][INFO] - Finding web element from Test Object's properties

2021-11-23 16:59:02 - [MESSAGE][INFO] - Checking timeout

2021-11-23 16:59:02 - [MESSAGE][INFO] - Finding web element with id: 'Object Repository/Olusturma/Genel/Olusturma/EklenenSatir' located by 'By.cssSelector: #divmalhizmet .dxgvInlineEditRow_LECustomTheme' in '30' second(s)

2021-11-23 16:59:02 - [MESSAGE][INFO] - Smart Wait Function is triggered

2021-11-23 16:59:02 - [MESSAGE][INFO] - Found 1 web elements with id: 'Object Repository/Olusturma/Genel/Olusturma/EklenenSatir' located by 'By.cssSelector: #divmalhizmet .dxgvInlineEditRow_LECustomTheme' in '30' second(s)

2021-11-23 16:59:02 - [MESSAGE][INFO] - Smart Wait Function is triggered

2021-11-23 16:59:02 - [TEST_STEP][PASSED] - if (!(getAttribute("value").contains("Vkn"))): null

2021-11-23 16:59:02 - [TEST_STEP][PASSED] - son.clear(): null

2021-11-23 16:59:02 - [TEST_STEP][PASSED] - son.sendKeys(Deger): null

2021-11-23 16:59:02 - [MESSAGE][PASSED] - Call Test Case 'Test Cases/Olusturma/Genel/Olusturma' successfully

2021-11-23 16:59:02 - [MESSAGE][INFO] - Checking called Test Case

2021-11-23 16:59:02 - [MESSAGE][INFO] - Starting to call Test Case 'Test Cases/Olusturma/Genel/Olusturma'

2021-11-23 16:59:02 - [TEST_CASE][PASSED] - Test Cases/Olusturma/Genel/Olusturma: Test Cases/Olusturma/Genel/Olusturma

2021-11-23 16:59:03 - [TEST_STEP][PASSED] - driver = getWebDriver(): null

2021-11-23 16:59:03 - [TEST_STEP][PASSED] - action = new org.openqa.selenium.interactions.Actions(driver): null

2021-11-23 16:59:03 - [TEST_STEP][PASSED] - baslikElement = <not implemented yet for class: org.codehaus.groovy.ast.expr.EmptyExpression>: null

2021-11-23 16:59:03 - [TEST_STEP][PASSED] - sonElement = <not implemented yet for class: org.codehaus.groovy.ast.expr.EmptyExpression>: null

2021-11-23 16:59:03 - [TEST_STEP][PASSED] - attr = <not implemented yet for class: org.codehaus.groovy.ast.expr.EmptyExpression>: null

2021-11-23 16:59:03 - [TEST_STEP][PASSED] - a = 0: null

2021-11-23 16:59:03 - [TEST_STEP][PASSED] - elements = findWebElements(findTestObject("Object Repository/Olusturma/Genel/Olusturma/TabloBasliklari"), 10): Found 13 web elements with id: 'Object Repository/Olusturma/Genel/Olusturma/TabloBasliklari' located by 'By.cssSelector: div#divmalhizmet .dxgvTable_LECustomTheme td.dxgvHeader_LECustomTheme tr>td:nth-child(1)' in '10' second(s)

2021-11-23 16:59:03 - [MESSAGE][INFO] - Finding Test Object 'Object Repository/Olusturma/Genel/Olusturma/TabloBasliklari'

2021-11-23 16:59:03 - [MESSAGE][INFO] - Checking timeout

2021-11-23 16:59:03 - [MESSAGE][INFO] - Finding web element with id: 'Object Repository/Olusturma/Genel/Olusturma/TabloBasliklari' located by 'By.cssSelector: div#divmalhizmet .dxgvTable_LECustomTheme td.dxgvHeader_LECustomTheme tr>td:nth-child(1)' in '10' second(s)

2021-11-23 16:59:03 - [MESSAGE][INFO] - Smart Wait Function is triggered

2021-11-23 16:59:03 - [MESSAGE][INFO] - Found 13 web elements with id: 'Object Repository/Olusturma/Genel/Olusturma/TabloBasliklari' located by 'By.cssSelector: div#divmalhizmet .dxgvTable_LECustomTheme td.dxgvHeader_LECustomTheme tr>td:nth-child(1)' in '10' second(s)

2021-11-23 16:59:03 - [TEST_STEP][PASSED] - for (def element : elements): null

2021-11-23 16:59:03 - [TEST_STEP][PASSED] - build().perform(): null

2021-11-23 16:59:03 - [TEST_STEP][PASSED] - if (getText().equals(Baslik)): null

2021-11-23 16:59:03 - [TEST_STEP][PASSED] - build().perform(): null

2021-11-23 16:59:03 - [TEST_STEP][PASSED] - if (getText().equals(Baslik)): null

2021-11-23 16:59:03 - [TEST_STEP][PASSED] - build().perform(): null

2021-11-23 16:59:03 - [TEST_STEP][PASSED] - if (getText().equals(Baslik)): null

2021-11-23 16:59:03 - [TEST_STEP][PASSED] - build().perform(): null

2021-11-23 16:59:03 - [TEST_STEP][PASSED] - if (getText().equals(Baslik)): null

2021-11-23 16:59:03 - [TEST_STEP][PASSED] - build().perform(): null

2021-11-23 16:59:04 - [TEST_STEP][PASSED] - if (getText().equals(Baslik)): null

2021-11-23 16:59:04 - [TEST_STEP][PASSED] - build().perform(): null

2021-11-23 16:59:04 - [TEST_STEP][PASSED] - if (getText().equals(Baslik)): null

2021-11-23 16:59:04 - [TEST_STEP][PASSED] - build().perform(): null

2021-11-23 16:59:04 - [TEST_STEP][PASSED] - if (getText().equals(Baslik)): null

2021-11-23 16:59:04 - [TEST_STEP][PASSED] - baslikElement = element.findElement(By.xpath("../../../..")): Smart Wait Function is triggered

2021-11-23 16:59:04 - [MESSAGE][INFO] - Smart Wait Function is triggered

2021-11-23 16:59:04 - [TEST_STEP][PASSED] - attr = baslikElement.getAttribute("id"): null

2021-11-23 16:59:04 - [TEST_STEP][PASSED] - println("girdi ve idsini aldı = " + attr): null

2021-11-23 16:59:04 - [TEST_STEP][PASSED] - break: null

2021-11-23 16:59:04 - [TEST_STEP][PASSED] - countElement = baslikElement.findElements(By.xpath("../td")): Smart Wait Function is triggered

2021-11-23 16:59:04 - [MESSAGE][INFO] - Smart Wait Function is triggered

2021-11-23 16:59:05 - [TEST_STEP][PASSED] - for (def element : countElement): null

2021-11-23 16:59:05 - [TEST_STEP][PASSED] - if (toString().equals(attr.toString())): null

2021-11-23 16:59:05 - [TEST_STEP][PASSED] - (a++): null

2021-11-23 16:59:05 - [TEST_STEP][PASSED] - if (toString().equals(attr.toString())): null

2021-11-23 16:59:05 - [TEST_STEP][PASSED] - (a++): null

2021-11-23 16:59:05 - [TEST_STEP][PASSED] - if (toString().equals(attr.toString())): null

2021-11-23 16:59:05 - [TEST_STEP][PASSED] - (a++): null

2021-11-23 16:59:05 - [TEST_STEP][PASSED] - if (toString().equals(attr.toString())): null

2021-11-23 16:59:05 - [TEST_STEP][PASSED] - (a++): null

2021-11-23 16:59:05 - [TEST_STEP][PASSED] - if (toString().equals(attr.toString())): null

2021-11-23 16:59:05 - [TEST_STEP][PASSED] - (a++): null

2021-11-23 16:59:05 - [TEST_STEP][PASSED] - if (toString().equals(attr.toString())): null

2021-11-23 16:59:05 - [TEST_STEP][PASSED] - (a++): null

2021-11-23 16:59:05 - [TEST_STEP][PASSED] - if (toString().equals(attr.toString())): null

2021-11-23 16:59:05 - [TEST_STEP][PASSED] - (a++): null

2021-11-23 16:59:05 - [TEST_STEP][PASSED] - if (toString().equals(attr.toString())): null

2021-11-23 16:59:05 - [TEST_STEP][PASSED] - break: null

2021-11-23 16:59:05 - [TEST_STEP][PASSED] - son = findWebElement(findTestObject("Object Repository/Olusturma/Genel/Olusturma/EklenenSatir")).findElement(By.xpath("td[@class='dxgvInlineEditCell_LECustomTheme dxgv'][" + a + "]//td[@class='dxic']/input")): Smart Wait Function is triggered

2021-11-23 16:59:05 - [MESSAGE][INFO] - Finding Test Object 'Object Repository/Olusturma/Genel/Olusturma/EklenenSatir'

2021-11-23 16:59:05 - [MESSAGE][INFO] - Finding web element from Test Object's properties

2021-11-23 16:59:05 - [MESSAGE][INFO] - Checking timeout

2021-11-23 16:59:05 - [MESSAGE][INFO] - Finding web element with id: 'Object Repository/Olusturma/Genel/Olusturma/EklenenSatir' located by 'By.cssSelector: #divmalhizmet .dxgvInlineEditRow_LECustomTheme' in '30' second(s)

2021-11-23 16:59:05 - [MESSAGE][INFO] - Smart Wait Function is triggered

2021-11-23 16:59:05 - [MESSAGE][INFO] - Found 1 web elements with id: 'Object Repository/Olusturma/Genel/Olusturma/EklenenSatir' located by 'By.cssSelector: #divmalhizmet .dxgvInlineEditRow_LECustomTheme' in '30' second(s)

2021-11-23 16:59:05 - [MESSAGE][INFO] - Smart Wait Function is triggered

2021-11-23 16:59:06 - [TEST_STEP][PASSED] - if (!(getAttribute("value").contains("Vkn"))): null

2021-11-23 16:59:06 - [TEST_STEP][PASSED] - son.clear(): null

2021-11-23 16:59:06 - [TEST_STEP][PASSED] - son.sendKeys(Deger): null

2021-11-23 16:59:06 - [MESSAGE][PASSED] - Call Test Case 'Test Cases/Olusturma/Genel/Olusturma' successfully

2021-11-23 16:59:06 - [MESSAGE][INFO] - Checking called Test Case

2021-11-23 16:59:06 - [MESSAGE][INFO] - Starting to call Test Case 'Test Cases/Olusturma/Genel/NotGirilir'

2021-11-23 16:59:06 - [TEST_CASE][PASSED] - Test Cases/Olusturma/Genel/NotGirilir: Test Cases/Olusturma/Genel/NotGirilir

2021-11-23 16:59:06 - [TEST_STEP][PASSED] - i = 0: null

2021-11-23 16:59:06 - [TEST_STEP][PASSED] - waitForElementClickable(findTestObject("Olusturma/Genel/Not/Notlar"), 10): Object 'Object Repository/Olusturma/Genel/Not/Notlar' is clickable

2021-11-23 16:59:06 - [MESSAGE][INFO] - Finding Test Object 'Object Repository/Olusturma/Genel/Not/Notlar'

2021-11-23 16:59:06 - [MESSAGE][INFO] - Checking object

2021-11-23 16:59:06 - [MESSAGE][INFO] - Checking timeout

2021-11-23 16:59:06 - [MESSAGE][INFO] - Finding web element from Test Object's properties

2021-11-23 16:59:06 - [MESSAGE][INFO] - Checking timeout

2021-11-23 16:59:06 - [MESSAGE][INFO] - Finding web element with id: 'Object Repository/Olusturma/Genel/Not/Notlar' located by 'By.xpath: //*[@id = 'txtNote_I']' in '10' second(s)

2021-11-23 16:59:06 - [MESSAGE][INFO] - Smart Wait Function is triggered

2021-11-23 16:59:06 - [MESSAGE][INFO] - Found 1 web elements with id: 'Object Repository/Olusturma/Genel/Not/Notlar' located by 'By.xpath: //*[@id = 'txtNote_I']' in '10' second(s)

2021-11-23 16:59:06 - [MESSAGE][PASSED] - Object 'Object Repository/Olusturma/Genel/Not/Notlar' is clickable

2021-11-23 16:59:06 - [TEST_STEP][PASSED] - clearText(findTestObject("Olusturma/Genel/Not/Notlar")): Text of object 'Object Repository/Olusturma/Genel/Not/Notlar' is cleared

2021-11-23 16:59:06 - [MESSAGE][INFO] - Finding Test Object 'Object Repository/Olusturma/Genel/Not/Notlar'

2021-11-23 16:59:07 - [MESSAGE][INFO] - Checking object

2021-11-23 16:59:07 - [MESSAGE][INFO] - Finding web element from Test Object's properties

2021-11-23 16:59:07 - [MESSAGE][INFO] - Checking timeout

2021-11-23 16:59:07 - [MESSAGE][INFO] - Finding web element with id: 'Object Repository/Olusturma/Genel/Not/Notlar' located by 'By.xpath: //*[@id = 'txtNote_I']' in '30' second(s)

2021-11-23 16:59:07 - [MESSAGE][INFO] - Smart Wait Function is triggered

2021-11-23 16:59:07 - [MESSAGE][INFO] - Found 1 web elements with id: 'Object Repository/Olusturma/Genel/Not/Notlar' located by 'By.xpath: //*[@id = 'txtNote_I']' in '30' second(s)

2021-11-23 16:59:07 - [MESSAGE][INFO] - Clearing text of object 'Object Repository/Olusturma/Genel/Not/Notlar'

2021-11-23 16:59:07 - [MESSAGE][PASSED] - Text of object 'Object Repository/Olusturma/Genel/Not/Notlar' is cleared

2021-11-23 16:59:07 - [TEST_STEP][PASSED] - click(findTestObject("Olusturma/Genel/Not/Notlar")): Object: 'Object Repository/Olusturma/Genel/Not/Notlar' is clicked on

2021-11-23 16:59:07 - [MESSAGE][INFO] - Finding Test Object 'Object Repository/Olusturma/Genel/Not/Notlar'

2021-11-23 16:59:07 - [MESSAGE][INFO] - Checking object

2021-11-23 16:59:07 - [MESSAGE][INFO] - Finding web element from Test Object's properties

2021-11-23 16:59:07 - [MESSAGE][INFO] - Checking timeout

2021-11-23 16:59:07 - [MESSAGE][INFO] - Finding web element with id: 'Object Repository/Olusturma/Genel/Not/Notlar' located by 'By.xpath: //*[@id = 'txtNote_I']' in '30' second(s)

2021-11-23 16:59:07 - [MESSAGE][INFO] - Smart Wait Function is triggered

2021-11-23 16:59:07 - [MESSAGE][INFO] - Found 1 web elements with id: 'Object Repository/Olusturma/Genel/Not/Notlar' located by 'By.xpath: //*[@id = 'txtNote_I']' in '30' second(s)

2021-11-23 16:59:07 - [MESSAGE][INFO] - Clicking on object: 'Object Repository/Olusturma/Genel/Not/Notlar'

2021-11-23 16:59:07 - [MESSAGE][PASSED] - Object: 'Object Repository/Olusturma/Genel/Not/Notlar' is clicked on

2021-11-23 16:59:07 - [TEST_STEP][PASSED] - while (true): null

2021-11-23 16:59:07 - [TEST_STEP][PASSED] - delay(1): Delayed 1 second(s)

2021-11-23 16:59:07 - [MESSAGE][INFO] - Delaying browser in 1 second(s)

2021-11-23 16:59:08 - [MESSAGE][PASSED] - Delayed 1 second(s)

2021-11-23 16:59:08 - [TEST_STEP][PASSED] - ajaxIsComplete = executeJavaScript("return jQuery.active == 0", null): Execute JavaScript 'return jQuery.active == 0' successfully

2021-11-23 16:59:08 - [MESSAGE][PASSED] - Execute JavaScript 'return jQuery.active == 0' successfully

2021-11-23 16:59:08 - [TEST_STEP][PASSED] - if (ajaxIsComplete): null

2021-11-23 16:59:08 - [TEST_STEP][PASSED] - if (i > 10): null

2021-11-23 16:59:08 - [TEST_STEP][PASSED] - (i++): null

2021-11-23 16:59:08 - [TEST_STEP][PASSED] - delay(1): Delayed 1 second(s)

2021-11-23 16:59:08 - [MESSAGE][INFO] - Delaying browser in 1 second(s)

2021-11-23 16:59:09 - [MESSAGE][PASSED] - Delayed 1 second(s)

2021-11-23 16:59:09 - [TEST_STEP][PASSED] - ajaxIsComplete = executeJavaScript("return jQuery.active == 0", null): Execute JavaScript 'return jQuery.active == 0' successfully

2021-11-23 16:59:10 - [MESSAGE][PASSED] - Execute JavaScript 'return jQuery.active == 0' successfully

2021-11-23 16:59:10 - [TEST_STEP][PASSED] - if (ajaxIsComplete): null

2021-11-23 16:59:10 - [TEST_STEP][PASSED] - break: null

2021-11-23 16:59:10 - [TEST_STEP][PASSED] - sendKeys(findTestObject("Olusturma/Genel/Not/Notlar"), Not): Keys 'Otomasyon Not' sent to object: 'Object Repository/Olusturma/Genel/Not/Notlar'

2021-11-23 16:59:10 - [MESSAGE][INFO] - Finding Test Object 'Object Repository/Olusturma/Genel/Not/Notlar'

2021-11-23 16:59:10 - [MESSAGE][INFO] - Sending keys 'Otomasyon Not' to object: 'Object Repository/Olusturma/Genel/Not/Notlar'

2021-11-23 16:59:10 - [MESSAGE][INFO] - Finding web element from Test Object's properties

2021-11-23 16:59:10 - [MESSAGE][INFO] - Checking timeout

2021-11-23 16:59:10 - [MESSAGE][INFO] - Finding web element with id: 'Object Repository/Olusturma/Genel/Not/Notlar' located by 'By.xpath: //*[@id = 'txtNote_I']' in '30' second(s)

2021-11-23 16:59:10 - [MESSAGE][INFO] - Smart Wait Function is triggered

2021-11-23 16:59:10 - [MESSAGE][INFO] - Found 1 web elements with id: 'Object Repository/Olusturma/Genel/Not/Notlar' located by 'By.xpath: //*[@id = 'txtNote_I']' in '30' second(s)

2021-11-23 16:59:10 - [MESSAGE][PASSED] - Keys 'Otomasyon Not' sent to object: 'Object Repository/Olusturma/Genel/Not/Notlar'

2021-11-23 16:59:10 - [MESSAGE][PASSED] - Call Test Case 'Test Cases/Olusturma/Genel/NotGirilir' successfully

2021-11-23 16:59:10 - [MESSAGE][INFO] - Checking called Test Case

2021-11-23 16:59:10 - [MESSAGE][INFO] - Starting to call Test Case 'Test Cases/Olusturma/Genel/EttnBilgisiKayitEdilir'

2021-11-23 16:59:10 - [TEST_CASE][PASSED] - Test Cases/Olusturma/Genel/EttnBilgisiKayitEdilir: Test Cases/Olusturma/Genel/EttnBilgisiKayitEdilir

2021-11-23 16:59:10 - [TEST_STEP][PASSED] - verifyElementPresent(findTestObject("Object Repository/Olusturma/Genel/Olusturma/eArsivEttnBilgisi"), 7): Object 'Object Repository/Olusturma/Genel/Olusturma/eArsivEttnBilgisi' is present

2021-11-23 16:59:10 - [MESSAGE][INFO] - Finding Test Object 'Object Repository/Olusturma/Genel/Olusturma/eArsivEttnBilgisi'

2021-11-23 16:59:10 - [MESSAGE][INFO] - Checking object

2021-11-23 16:59:10 - [MESSAGE][INFO] - Finding web element from Test Object's properties

2021-11-23 16:59:10 - [MESSAGE][INFO] - Checking timeout

2021-11-23 16:59:10 - [MESSAGE][INFO] - Finding web element with id: 'Object Repository/Olusturma/Genel/Olusturma/eArsivEttnBilgisi' located by 'By.xpath: //*[@id = 'Uuid_I']' in '7' second(s)

2021-11-23 16:59:10 - [MESSAGE][INFO] - Smart Wait Function is triggered

2021-11-23 16:59:10 - [MESSAGE][INFO] - Found 1 web elements with id: 'Object Repository/Olusturma/Genel/Olusturma/eArsivEttnBilgisi' located by 'By.xpath: //*[@id = 'Uuid_I']' in '7' second(s)

2021-11-23 16:59:10 - [MESSAGE][PASSED] - Object 'Object Repository/Olusturma/Genel/Olusturma/eArsivEttnBilgisi' is present

2021-11-23 16:59:10 - [TEST_STEP][PASSED] - ettn = getAttribute(findTestObject("Object Repository/Olusturma/Genel/Olusturma/eArsivEttnBilgisi"), "value"): Attribute 'value' of object 'Object Repository/Olusturma/Genel/Olusturma/eArsivEttnBilgisi' is: 'c0d6a513-2154-4364-ae09-ea59b4ca65bd'

2021-11-23 16:59:10 - [MESSAGE][INFO] - Finding Test Object 'Object Repository/Olusturma/Genel/Olusturma/eArsivEttnBilgisi'

2021-11-23 16:59:11 - [MESSAGE][INFO] - Checking object

2021-11-23 16:59:11 - [MESSAGE][INFO] - Checking attribute

2021-11-23 16:59:11 - [MESSAGE][INFO] - Finding web element from Test Object's properties

2021-11-23 16:59:11 - [MESSAGE][INFO] - Checking timeout

2021-11-23 16:59:11 - [MESSAGE][INFO] - Finding web element with id: 'Object Repository/Olusturma/Genel/Olusturma/eArsivEttnBilgisi' located by 'By.xpath: //*[@id = 'Uuid_I']' in '30' second(s)

2021-11-23 16:59:11 - [MESSAGE][INFO] - Smart Wait Function is triggered

2021-11-23 16:59:11 - [MESSAGE][INFO] - Found 1 web elements with id: 'Object Repository/Olusturma/Genel/Olusturma/eArsivEttnBilgisi' located by 'By.xpath: //*[@id = 'Uuid_I']' in '30' second(s)

2021-11-23 16:59:11 - [MESSAGE][INFO] - Getting attribute 'value' of object 'Object Repository/Olusturma/Genel/Olusturma/eArsivEttnBilgisi'

2021-11-23 16:59:11 - [MESSAGE][PASSED] - Attribute 'value' of object 'Object Repository/Olusturma/Genel/Olusturma/eArsivEttnBilgisi' is: 'c0d6a513-2154-4364-ae09-ea59b4ca65bd'

2021-11-23 16:59:11 - [MESSAGE][PASSED] - Call Test Case 'Test Cases/Olusturma/Genel/EttnBilgisiKayitEdilir' successfully

2021-11-23 16:59:11 - [MESSAGE][INFO] - Checking called Test Case

2021-11-23 16:59:11 - [MESSAGE][INFO] - Starting to call Test Case 'Test Cases/Olusturma/Genel/KaydetButonunaTiklanir'

2021-11-23 16:59:11 - [TEST_CASE][PASSED] - Test Cases/Olusturma/Genel/KaydetButonunaTiklanir: Test Cases/Olusturma/Genel/KaydetButonunaTiklanir

2021-11-23 16:59:11 - [TEST_STEP][PASSED] - i = 0: null

2021-11-23 16:59:11 - [TEST_STEP][PASSED] - waitForElementPresent(findTestObject("Olusturma/Genel/Not/Notlar"), 10): Object 'Object Repository/Olusturma/Genel/Not/Notlar' is present

2021-11-23 16:59:11 - [MESSAGE][INFO] - Finding Test Object 'Object Repository/Olusturma/Genel/Not/Notlar'

2021-11-23 16:59:11 - [MESSAGE][INFO] - Checking object

2021-11-23 16:59:11 - [MESSAGE][INFO] - Finding web element from Test Object's properties

2021-11-23 16:59:11 - [MESSAGE][INFO] - Checking timeout

2021-11-23 16:59:11 - [MESSAGE][INFO] - Finding web element with id: 'Object Repository/Olusturma/Genel/Not/Notlar' located by 'By.xpath: //*[@id = 'txtNote_I']' in '10' second(s)

2021-11-23 16:59:11 - [MESSAGE][INFO] - Smart Wait Function is triggered

2021-11-23 16:59:11 - [MESSAGE][INFO] - Found 1 web elements with id: 'Object Repository/Olusturma/Genel/Not/Notlar' located by 'By.xpath: //*[@id = 'txtNote_I']' in '10' second(s)

2021-11-23 16:59:11 - [MESSAGE][PASSED] - Object 'Object Repository/Olusturma/Genel/Not/Notlar' is present

2021-11-23 16:59:11 - [TEST_STEP][PASSED] - click(findTestObject("Olusturma/Genel/Not/Notlar")): Object: 'Object Repository/Olusturma/Genel/Not/Notlar' is clicked on

2021-11-23 16:59:11 - [MESSAGE][INFO] - Finding Test Object 'Object Repository/Olusturma/Genel/Not/Notlar'

2021-11-23 16:59:11 - [MESSAGE][INFO] - Checking object

2021-11-23 16:59:11 - [MESSAGE][INFO] - Finding web element from Test Object's properties

2021-11-23 16:59:11 - [MESSAGE][INFO] - Checking timeout

2021-11-23 16:59:11 - [MESSAGE][INFO] - Finding web element with id: 'Object Repository/Olusturma/Genel/Not/Notlar' located by 'By.xpath: //*[@id = 'txtNote_I']' in '30' second(s)

2021-11-23 16:59:11 - [MESSAGE][INFO] - Smart Wait Function is triggered

2021-11-23 16:59:12 - [MESSAGE][INFO] - Found 1 web elements with id: 'Object Repository/Olusturma/Genel/Not/Notlar' located by 'By.xpath: //*[@id = 'txtNote_I']' in '30' second(s)

2021-11-23 16:59:12 - [MESSAGE][INFO] - Clicking on object: 'Object Repository/Olusturma/Genel/Not/Notlar'

2021-11-23 16:59:12 - [MESSAGE][PASSED] - Object: 'Object Repository/Olusturma/Genel/Not/Notlar' is clicked on

2021-11-23 16:59:12 - [TEST_STEP][PASSED] - while (true): null

2021-11-23 16:59:12 - [TEST_STEP][PASSED] - delay(1): Delayed 1 second(s)

2021-11-23 16:59:12 - [MESSAGE][INFO] - Delaying browser in 1 second(s)

2021-11-23 16:59:13 - [MESSAGE][PASSED] - Delayed 1 second(s)

2021-11-23 16:59:13 - [TEST_STEP][PASSED] - ajaxIsComplete = executeJavaScript("return jQuery.active == 0", null): Execute JavaScript 'return jQuery.active == 0' successfully

2021-11-23 16:59:13 - [MESSAGE][PASSED] - Execute JavaScript 'return jQuery.active == 0' successfully

2021-11-23 16:59:13 - [TEST_STEP][PASSED] - if (ajaxIsComplete): null

2021-11-23 16:59:13 - [TEST_STEP][PASSED] - break: null

2021-11-23 16:59:13 - [TEST_STEP][PASSED] - waitForElementClickable(findTestObject("Object Repository/Olusturma/Genel/Buton"), 10): Object 'Object Repository/Olusturma/Genel/Buton' is clickable

2021-11-23 16:59:13 - [MESSAGE][INFO] - Finding Test Object 'Object Repository/Olusturma/Genel/Buton'

2021-11-23 16:59:13 - [MESSAGE][INFO] - Checking object

2021-11-23 16:59:13 - [MESSAGE][INFO] - Checking timeout

2021-11-23 16:59:13 - [MESSAGE][INFO] - Finding web element from Test Object's properties

2021-11-23 16:59:13 - [MESSAGE][INFO] - Checking timeout

2021-11-23 16:59:13 - [MESSAGE][INFO] - Finding web element with id: 'Object Repository/Olusturma/Genel/Buton' located by 'By.xpath: //*[@id = 'btnKaydet']' in '10' second(s)

2021-11-23 16:59:13 - [MESSAGE][INFO] - Smart Wait Function is triggered

2021-11-23 16:59:13 - [MESSAGE][INFO] - Found 1 web elements with id: 'Object Repository/Olusturma/Genel/Buton' located by 'By.xpath: //*[@id = 'btnKaydet']' in '10' second(s)

2021-11-23 16:59:13 - [MESSAGE][PASSED] - Object 'Object Repository/Olusturma/Genel/Buton' is clickable

2021-11-23 16:59:13 - [TEST_STEP][PASSED] - click(findTestObject("Object Repository/Olusturma/Genel/Buton")): Object: 'Object Repository/Olusturma/Genel/Buton' is clicked on

2021-11-23 16:59:13 - [MESSAGE][INFO] - Finding Test Object 'Object Repository/Olusturma/Genel/Buton'

2021-11-23 16:59:13 - [MESSAGE][INFO] - Checking object

2021-11-23 16:59:13 - [MESSAGE][INFO] - Finding web element from Test Object's properties

2021-11-23 16:59:13 - [MESSAGE][INFO] - Checking timeout

2021-11-23 16:59:13 - [MESSAGE][INFO] - Finding web element with id: 'Object Repository/Olusturma/Genel/Buton' located by 'By.xpath: //*[@id = 'btnKaydet']' in '30' second(s)

2021-11-23 16:59:13 - [MESSAGE][INFO] - Smart Wait Function is triggered

2021-11-23 16:59:14 - [MESSAGE][INFO] - Found 1 web elements with id: 'Object Repository/Olusturma/Genel/Buton' located by 'By.xpath: //*[@id = 'btnKaydet']' in '30' second(s)

2021-11-23 16:59:14 - [MESSAGE][INFO] - Clicking on object: 'Object Repository/Olusturma/Genel/Buton'

2021-11-23 16:59:16 - [MESSAGE][PASSED] - Object: 'Object Repository/Olusturma/Genel/Buton' is clicked on

2021-11-23 16:59:16 - [MESSAGE][PASSED] - Call Test Case 'Test Cases/Olusturma/Genel/KaydetButonunaTiklanir' successfully

2021-11-23 16:59:16 - [MESSAGE][INFO] - Checking called Test Case

2021-11-23 16:59:16 - [MESSAGE][INFO] - Starting to call Test Case 'Test Cases/Tablo/TablodaEttnliVeriOlusturulduMu'

2021-11-23 16:59:17 - [TEST_CASE][PASSED] - Test Cases/Tablo/TablodaEttnliVeriOlusturulduMu: Test Cases/Tablo/TablodaEttnliVeriOlusturulduMu

2021-11-23 16:59:17 - [TEST_STEP][PASSED] - Method.TextDegerineEsitElementVarMi(findTestObject("Tablo/OlusturulanVeri"), ettn): Method.TextDegerineEsitElementVarMi is PASSED

2021-11-23 16:59:17 - [MESSAGE][INFO] - Finding Test Object 'Object Repository/Tablo/OlusturulanVeri'

2021-11-23 16:59:17 - [MESSAGE][INFO] - Checking timeout

2021-11-23 16:59:17 - [MESSAGE][INFO] - Finding web element with id: 'Object Repository/Tablo/OlusturulanVeri' located by 'By.cssSelector: table.dxgvTable_LECustomTheme>tbody>tr:nth-child(3)>td.dxgv b,table.dxgvTable_LECustomTheme>tbody>tr:nth-child(3)>td.dxgv' in '10' second(s)

2021-11-23 16:59:17 - [MESSAGE][INFO] - Smart Wait Function is triggered

2021-11-23 16:59:17 - [MESSAGE][INFO] - Found 14 web elements with id: 'Object Repository/Tablo/OlusturulanVeri' located by 'By.cssSelector: table.dxgvTable_LECustomTheme>tbody>tr:nth-child(3)>td.dxgv b,table.dxgvTable_LECustomTheme>tbody>tr:nth-child(3)>td.dxgv' in '10' second(s)

2021-11-23 16:59:17 - [MESSAGE][PASSED] - Method.TextDegerineEsitElementVarMi is PASSED

2021-11-23 16:59:17 - [MESSAGE][PASSED] - Call Test Case 'Test Cases/Tablo/TablodaEttnliVeriOlusturulduMu' successfully

2021-11-23 16:59:17 - [MESSAGE][INFO] - Checking called Test Case

2021-11-23 16:59:17 - [MESSAGE][INFO] - Starting to call Test Case 'Test Cases/Tablo/TablodanEttnliVeriSec'

2021-11-23 16:59:17 - [TEST_CASE][PASSED] - Test Cases/Tablo/TablodanEttnliVeriSec: Test Cases/Tablo/TablodanEttnliVeriSec

2021-11-23 16:59:17 - [TEST_STEP][PASSED] - Method.TextDegerineEsitElementinAltindakineTikla(findTestObject("Tablo/Veriler"), findTestObject("Tablo/VerininCheckBoxi"), ettn): Method.TextDegerineEsitElementinAltindakineTikla is PASSED

2021-11-23 16:59:17 - [MESSAGE][INFO] - Finding Test Object 'Object Repository/Tablo/Veriler'

2021-11-23 16:59:17 - [MESSAGE][INFO] - Finding Test Object 'Object Repository/Tablo/VerininCheckBoxi'

2021-11-23 16:59:17 - [MESSAGE][INFO] - Checking timeout

2021-11-23 16:59:17 - [MESSAGE][INFO] - Finding web element with id: 'Object Repository/Tablo/Veriler' located by 'By.cssSelector: td.dxgv b ,td.dxgv' in '10' second(s)

2021-11-23 16:59:17 - [MESSAGE][INFO] - Smart Wait Function is triggered

2021-11-23 16:59:18 - [MESSAGE][INFO] - Found 84 web elements with id: 'Object Repository/Tablo/Veriler' located by 'By.cssSelector: td.dxgv b ,td.dxgv' in '10' second(s)

2021-11-23 16:59:18 - [MESSAGE][INFO] - Smart Wait Function is triggered

2021-11-23 16:59:18 - [MESSAGE][PASSED] - Method.TextDegerineEsitElementinAltindakineTikla is PASSED

2021-11-23 16:59:18 - [MESSAGE][PASSED] - Call Test Case 'Test Cases/Tablo/TablodanEttnliVeriSec' successfully

2021-11-23 16:59:18 - [MESSAGE][INFO] - Checking called Test Case

2021-11-23 16:59:18 - [MESSAGE][INFO] - Starting to call Test Case 'Test Cases/Butonlar/ButonaTikla'

2021-11-23 16:59:18 - [TEST_CASE][PASSED] - Test Cases/Butonlar/ButonaTikla: Test Cases/Butonlar/ButonaTikla

2021-11-23 16:59:18 - [TEST_STEP][PASSED] - Method.TextDegerineEsitElementeTiklaEquals(findTestObject("Butonlar/Butonlar"), Buton_Adi): Method.TextDegerineEsitElementeTiklaEquals is PASSED

2021-11-23 16:59:18 - [MESSAGE][INFO] - Finding Test Object 'Object Repository/Butonlar/Butonlar'

2021-11-23 16:59:18 - [MESSAGE][INFO] - Checking timeout

2021-11-23 16:59:18 - [MESSAGE][INFO] - Finding web element with id: 'Object Repository/Butonlar/Butonlar' located by 'By.cssSelector: .panel.panel-default.text-center.footerPanel .btn,.btn.btn-primary.btnControls' in '10' second(s)

2021-11-23 16:59:18 - [MESSAGE][INFO] - Smart Wait Function is triggered

2021-11-23 16:59:19 - [MESSAGE][INFO] - Found 9 web elements with id: 'Object Repository/Butonlar/Butonlar' located by 'By.cssSelector: .panel.panel-default.text-center.footerPanel .btn,.btn.btn-primary.btnControls' in '10' second(s)

2021-11-23 16:59:19 - [MESSAGE][PASSED] - Method.TextDegerineEsitElementeTiklaEquals is PASSED

2021-11-23 16:59:19 - [MESSAGE][PASSED] - Call Test Case 'Test Cases/Butonlar/ButonaTikla' successfully

2021-11-23 16:59:19 - [MESSAGE][INFO] - Checking called Test Case

2021-11-23 16:59:19 - [MESSAGE][INFO] - Starting to call Test Case 'Test Cases/Popup/PopupMesajiIceriyorMu'

2021-11-23 16:59:19 - [TEST_CASE][PASSED] - Test Cases/Popup/PopupMesajiIceriyorMu: Test Cases/Popup/PopupMesajiIceriyorMu

2021-11-23 16:59:19 - [TEST_STEP][PASSED] - waitForElementVisible(findTestObject("Popup/Popup"), 10): Object 'Object Repository/Popup/Popup' is visible

2021-11-23 16:59:19 - [MESSAGE][INFO] - Finding Test Object 'Object Repository/Popup/Popup'

2021-11-23 16:59:19 - [MESSAGE][INFO] - Checking object

2021-11-23 16:59:19 - [MESSAGE][INFO] - Checking timeout

2021-11-23 16:59:19 - [MESSAGE][INFO] - Finding web element from Test Object's properties

2021-11-23 16:59:19 - [MESSAGE][INFO] - Checking timeout

2021-11-23 16:59:19 - [MESSAGE][INFO] - Finding web element with id: 'Object Repository/Popup/Popup' located by 'By.cssSelector: .bootbox-body' in '10' second(s)

2021-11-23 16:59:19 - [MESSAGE][INFO] - Smart Wait Function is triggered

2021-11-23 16:59:20 - [MESSAGE][INFO] - Found 1 web elements with id: 'Object Repository/Popup/Popup' located by 'By.cssSelector: .bootbox-body' in '10' second(s)

2021-11-23 16:59:20 - [MESSAGE][PASSED] - Object 'Object Repository/Popup/Popup' is visible

2021-11-23 16:59:20 - [TEST_STEP][PASSED] - if (!(getText(findTestObject("Popup/Popup")).contains(Mesaj))): Text of object 'Object Repository/Popup/Popup' is: 'Oluşturulacak fatura numarası : EAR2021000000508 Fatura numarası oluşturulduktan sonra fatura silinemez. Fatura numarası, tarihi ve ön eki değiştirilemez. Devam etmek istiyor musunuz?'

2021-11-23 16:59:20 - [MESSAGE][INFO] - Finding Test Object 'Object Repository/Popup/Popup'

2021-11-23 16:59:20 - [MESSAGE][INFO] - Checking object

2021-11-23 16:59:20 - [MESSAGE][INFO] - Finding web element from Test Object's properties

2021-11-23 16:59:20 - [MESSAGE][INFO] - Checking timeout

2021-11-23 16:59:20 - [MESSAGE][INFO] - Finding web element with id: 'Object Repository/Popup/Popup' located by 'By.cssSelector: .bootbox-body' in '30' second(s)

2021-11-23 16:59:20 - [MESSAGE][INFO] - Smart Wait Function is triggered

2021-11-23 16:59:20 - [MESSAGE][INFO] - Found 1 web elements with id: 'Object Repository/Popup/Popup' located by 'By.cssSelector: .bootbox-body' in '30' second(s)

2021-11-23 16:59:20 - [MESSAGE][INFO] - Getting text of object 'Object Repository/Popup/Popup'

2021-11-23 16:59:20 - [MESSAGE][PASSED] - Text of object 'Object Repository/Popup/Popup' is: 'Oluşturulacak fatura numarası : EAR2021000000508 Fatura numarası oluşturulduktan sonra fatura silinemez. Fatura numarası, tarihi ve ön eki değiştirilemez. Devam etmek istiyor musunuz?'

2021-11-23 16:59:20 - [TEST_STEP][PASSED] - RaporNo = getText(findTestObject("Popup/Popup")).substring(0, 6): Text of object 'Object Repository/Popup/Popup' is: 'Oluşturulacak fatura numarası : EAR2021000000508 Fatura numarası oluşturulduktan sonra fatura silinemez. Fatura numarası, tarihi ve ön eki değiştirilemez. Devam etmek istiyor musunuz?'

2021-11-23 16:59:20 - [MESSAGE][INFO] - Finding Test Object 'Object Repository/Popup/Popup'

2021-11-23 16:59:21 - [MESSAGE][INFO] - Checking object

2021-11-23 16:59:21 - [MESSAGE][INFO] - Finding web element from Test Object's properties

2021-11-23 16:59:21 - [MESSAGE][INFO] - Checking timeout

2021-11-23 16:59:21 - [MESSAGE][INFO] - Finding web element with id: 'Object Repository/Popup/Popup' located by 'By.cssSelector: .bootbox-body' in '30' second(s)

2021-11-23 16:59:21 - [MESSAGE][INFO] - Smart Wait Function is triggered

2021-11-23 16:59:21 - [MESSAGE][INFO] - Found 1 web elements with id: 'Object Repository/Popup/Popup' located by 'By.cssSelector: .bootbox-body' in '30' second(s)

2021-11-23 16:59:21 - [MESSAGE][INFO] - Getting text of object 'Object Repository/Popup/Popup'

2021-11-23 16:59:21 - [MESSAGE][PASSED] - Text of object 'Object Repository/Popup/Popup' is: 'Oluşturulacak fatura numarası : EAR2021000000508 Fatura numarası oluşturulduktan sonra fatura silinemez. Fatura numarası, tarihi ve ön eki değiştirilemez. Devam etmek istiyor musunuz?'

2021-11-23 16:59:21 - [TEST_STEP][PASSED] - Console.println(RaporNo): null

2021-11-23 16:59:21 - [MESSAGE][PASSED] - Call Test Case 'Test Cases/Popup/PopupMesajiIceriyorMu' successfully

2021-11-23 16:59:21 - [MESSAGE][INFO] - Checking called Test Case

2021-11-23 16:59:21 - [MESSAGE][INFO] - Starting to call Test Case 'Test Cases/Popup/PopupButonSecilir'

2021-11-23 16:59:21 - [TEST_CASE][PASSED] - Test Cases/Popup/PopupButonSecilir: Test Cases/Popup/PopupButonSecilir

2021-11-23 16:59:21 - [TEST_STEP][PASSED] - Method.TextDegerineEsitElementeTikla(findTestObject("Popup/Popup_Butons"), Buton): Method.TextDegerineEsitElementeTikla is PASSED

2021-11-23 16:59:21 - [MESSAGE][INFO] - Finding Test Object 'Object Repository/Popup/Popup_Butons'

2021-11-23 16:59:21 - [MESSAGE][INFO] - Checking timeout

2021-11-23 16:59:21 - [MESSAGE][INFO] - Finding web element with id: 'Object Repository/Popup/Popup_Butons' located by 'By.cssSelector: .modal-footer>button' in '10' second(s)

2021-11-23 16:59:21 - [MESSAGE][INFO] - Smart Wait Function is triggered

2021-11-23 16:59:21 - [MESSAGE][INFO] - Found 2 web elements with id: 'Object Repository/Popup/Popup_Butons' located by 'By.cssSelector: .modal-footer>button' in '10' second(s)

2021-11-23 16:59:22 - [MESSAGE][PASSED] - Method.TextDegerineEsitElementeTikla is PASSED

2021-11-23 16:59:22 - [MESSAGE][PASSED] - Call Test Case 'Test Cases/Popup/PopupButonSecilir' successfully

2021-11-23 16:59:22 - [MESSAGE][INFO] - Checking called Test Case

2021-11-23 16:59:22 - [MESSAGE][INFO] - Starting to call Test Case 'Test Cases/Popup/PopupMesajiIceriyorMu'

2021-11-23 16:59:22 - [TEST_CASE][PASSED] - Test Cases/Popup/PopupMesajiIceriyorMu: Test Cases/Popup/PopupMesajiIceriyorMu

2021-11-23 16:59:22 - [TEST_STEP][PASSED] - waitForElementVisible(findTestObject("Popup/Popup"), 10): Object 'Object Repository/Popup/Popup' is visible

2021-11-23 16:59:22 - [MESSAGE][INFO] - Finding Test Object 'Object Repository/Popup/Popup'

2021-11-23 16:59:22 - [MESSAGE][INFO] - Checking object

2021-11-23 16:59:22 - [MESSAGE][INFO] - Checking timeout

2021-11-23 16:59:22 - [MESSAGE][INFO] - Finding web element from Test Object's properties

2021-11-23 16:59:22 - [MESSAGE][INFO] - Checking timeout

2021-11-23 16:59:22 - [MESSAGE][INFO] - Finding web element with id: 'Object Repository/Popup/Popup' located by 'By.cssSelector: .bootbox-body' in '10' second(s)

2021-11-23 16:59:22 - [MESSAGE][INFO] - Smart Wait Function is triggered

2021-11-23 16:59:23 - [MESSAGE][INFO] - Found 1 web elements with id: 'Object Repository/Popup/Popup' located by 'By.cssSelector: .bootbox-body' in '10' second(s)

2021-11-23 16:59:23 - [MESSAGE][PASSED] - Object 'Object Repository/Popup/Popup' is visible

2021-11-23 16:59:23 - [TEST_STEP][PASSED] - if (!(getText(findTestObject("Popup/Popup")).contains(Mesaj))): Text of object 'Object Repository/Popup/Popup' is: 'Fatura numaranız EAR2021000000508 olarak oluşmuştur.'

2021-11-23 16:59:23 - [MESSAGE][INFO] - Finding Test Object 'Object Repository/Popup/Popup'

2021-11-23 16:59:23 - [MESSAGE][INFO] - Checking object

2021-11-23 16:59:23 - [MESSAGE][INFO] - Finding web element from Test Object's properties

2021-11-23 16:59:23 - [MESSAGE][INFO] - Checking timeout

2021-11-23 16:59:23 - [MESSAGE][INFO] - Finding web element with id: 'Object Repository/Popup/Popup' located by 'By.cssSelector: .bootbox-body' in '30' second(s)

2021-11-23 16:59:23 - [MESSAGE][INFO] - Smart Wait Function is triggered

2021-11-23 16:59:23 - [MESSAGE][INFO] - Found 1 web elements with id: 'Object Repository/Popup/Popup' located by 'By.cssSelector: .bootbox-body' in '30' second(s)

2021-11-23 16:59:23 - [MESSAGE][INFO] - Getting text of object 'Object Repository/Popup/Popup'

2021-11-23 16:59:23 - [MESSAGE][PASSED] - Text of object 'Object Repository/Popup/Popup' is: 'Fatura numaranız EAR2021000000508 olarak oluşmuştur.'

2021-11-23 16:59:23 - [TEST_STEP][PASSED] - RaporNo = getText(findTestObject("Popup/Popup")).substring(0, 6): Text of object 'Object Repository/Popup/Popup' is: 'Fatura numaranız EAR2021000000508 olarak oluşmuştur.'

2021-11-23 16:59:23 - [MESSAGE][INFO] - Finding Test Object 'Object Repository/Popup/Popup'

2021-11-23 16:59:23 - [MESSAGE][INFO] - Checking object

2021-11-23 16:59:23 - [MESSAGE][INFO] - Finding web element from Test Object's properties

2021-11-23 16:59:23 - [MESSAGE][INFO] - Checking timeout

2021-11-23 16:59:23 - [MESSAGE][INFO] - Finding web element with id: 'Object Repository/Popup/Popup' located by 'By.cssSelector: .bootbox-body' in '30' second(s)

2021-11-23 16:59:23 - [MESSAGE][INFO] - Smart Wait Function is triggered

2021-11-23 16:59:23 - [MESSAGE][INFO] - Found 1 web elements with id: 'Object Repository/Popup/Popup' located by 'By.cssSelector: .bootbox-body' in '30' second(s)

2021-11-23 16:59:23 - [MESSAGE][INFO] - Getting text of object 'Object Repository/Popup/Popup'

2021-11-23 16:59:23 - [MESSAGE][PASSED] - Text of object 'Object Repository/Popup/Popup' is: 'Fatura numaranız EAR2021000000508 olarak oluşmuştur.'

2021-11-23 16:59:23 - [TEST_STEP][PASSED] - Console.println(RaporNo): null

2021-11-23 16:59:23 - [MESSAGE][PASSED] - Call Test Case 'Test Cases/Popup/PopupMesajiIceriyorMu' successfully

2021-11-23 16:59:23 - [MESSAGE][INFO] - Checking called Test Case

2021-11-23 16:59:23 - [MESSAGE][INFO] - Starting to call Test Case 'Test Cases/Popup/PopupButonSecilir'

2021-11-23 16:59:24 - [TEST_CASE][PASSED] - Test Cases/Popup/PopupButonSecilir: Test Cases/Popup/PopupButonSecilir

2021-11-23 16:59:24 - [TEST_STEP][PASSED] - Method.TextDegerineEsitElementeTikla(findTestObject("Popup/Popup_Butons"), Buton): Method.TextDegerineEsitElementeTikla is PASSED

2021-11-23 16:59:24 - [MESSAGE][INFO] - Finding Test Object 'Object Repository/Popup/Popup_Butons'

2021-11-23 16:59:24 - [MESSAGE][INFO] - Checking timeout

2021-11-23 16:59:24 - [MESSAGE][INFO] - Finding web element with id: 'Object Repository/Popup/Popup_Butons' located by 'By.cssSelector: .modal-footer>button' in '10' second(s)

2021-11-23 16:59:24 - [MESSAGE][INFO] - Smart Wait Function is triggered

2021-11-23 16:59:24 - [MESSAGE][INFO] - Found 1 web elements with id: 'Object Repository/Popup/Popup_Butons' located by 'By.cssSelector: .modal-footer>button' in '10' second(s)

2021-11-23 16:59:24 - [MESSAGE][PASSED] - Method.TextDegerineEsitElementeTikla is PASSED

2021-11-23 16:59:24 - [MESSAGE][PASSED] - Call Test Case 'Test Cases/Popup/PopupButonSecilir' successfully

2021-11-23 16:59:24 - [MESSAGE][INFO] - Checking called Test Case

2021-11-23 16:59:24 - [MESSAGE][INFO] - Starting to call Test Case 'Test Cases/Tablo/TablodanEttnliVeriSec'

2021-11-23 16:59:24 - [TEST_CASE][PASSED] - Test Cases/Tablo/TablodanEttnliVeriSec: Test Cases/Tablo/TablodanEttnliVeriSec

2021-11-23 16:59:24 - [TEST_STEP][PASSED] - Method.TextDegerineEsitElementinAltindakineTikla(findTestObject("Tablo/Veriler"), findTestObject("Tablo/VerininCheckBoxi"), ettn): Method.TextDegerineEsitElementinAltindakineTikla is PASSED

2021-11-23 16:59:24 - [MESSAGE][INFO] - Finding Test Object 'Object Repository/Tablo/Veriler'

2021-11-23 16:59:24 - [MESSAGE][INFO] - Finding Test Object 'Object Repository/Tablo/VerininCheckBoxi'

2021-11-23 16:59:24 - [MESSAGE][INFO] - Checking timeout

2021-11-23 16:59:24 - [MESSAGE][INFO] - Finding web element with id: 'Object Repository/Tablo/Veriler' located by 'By.cssSelector: td.dxgv b ,td.dxgv' in '10' second(s)

2021-11-23 16:59:24 - [MESSAGE][INFO] - Smart Wait Function is triggered

2021-11-23 16:59:25 - [MESSAGE][INFO] - Found 84 web elements with id: 'Object Repository/Tablo/Veriler' located by 'By.cssSelector: td.dxgv b ,td.dxgv' in '10' second(s)

2021-11-23 16:59:25 - [MESSAGE][INFO] - Smart Wait Function is triggered

2021-11-23 16:59:26 - [MESSAGE][PASSED] - Method.TextDegerineEsitElementinAltindakineTikla is PASSED

2021-11-23 16:59:26 - [MESSAGE][PASSED] - Call Test Case 'Test Cases/Tablo/TablodanEttnliVeriSec' successfully

2021-11-23 16:59:26 - [MESSAGE][INFO] - Checking called Test Case

2021-11-23 16:59:26 - [MESSAGE][INFO] - Starting to call Test Case 'Test Cases/Butonlar/ButonaTikla'

2021-11-23 16:59:26 - [TEST_CASE][PASSED] - Test Cases/Butonlar/ButonaTikla: Test Cases/Butonlar/ButonaTikla

2021-11-23 16:59:26 - [TEST_STEP][PASSED] - Method.TextDegerineEsitElementeTiklaEquals(findTestObject("Butonlar/Butonlar"), Buton_Adi): Method.TextDegerineEsitElementeTiklaEquals is PASSED

2021-11-23 16:59:26 - [MESSAGE][INFO] - Finding Test Object 'Object Repository/Butonlar/Butonlar'

2021-11-23 16:59:26 - [MESSAGE][INFO] - Checking timeout

2021-11-23 16:59:26 - [MESSAGE][INFO] - Finding web element with id: 'Object Repository/Butonlar/Butonlar' located by 'By.cssSelector: .panel.panel-default.text-center.footerPanel .btn,.btn.btn-primary.btnControls' in '10' second(s)

2021-11-23 16:59:26 - [MESSAGE][INFO] - Smart Wait Function is triggered

2021-11-23 16:59:26 - [MESSAGE][INFO] - Found 9 web elements with id: 'Object Repository/Butonlar/Butonlar' located by 'By.cssSelector: .panel.panel-default.text-center.footerPanel .btn,.btn.btn-primary.btnControls' in '10' second(s)

2021-11-23 16:59:27 - [MESSAGE][PASSED] - Method.TextDegerineEsitElementeTiklaEquals is PASSED

2021-11-23 16:59:27 - [MESSAGE][PASSED] - Call Test Case 'Test Cases/Butonlar/ButonaTikla' successfully

2021-11-23 16:59:27 - [MESSAGE][INFO] - Checking called Test Case

2021-11-23 16:59:27 - [MESSAGE][INFO] - Starting to call Test Case 'Test Cases/Popup/PopupMesajiIceriyorMu'

2021-11-23 16:59:27 - [TEST_CASE][PASSED] - Test Cases/Popup/PopupMesajiIceriyorMu: Test Cases/Popup/PopupMesajiIceriyorMu

2021-11-23 16:59:27 - [TEST_STEP][PASSED] - waitForElementVisible(findTestObject("Popup/Popup"), 10): Object 'Object Repository/Popup/Popup' is visible

2021-11-23 16:59:27 - [MESSAGE][INFO] - Finding Test Object 'Object Repository/Popup/Popup'

2021-11-23 16:59:27 - [MESSAGE][INFO] - Checking object

2021-11-23 16:59:27 - [MESSAGE][INFO] - Checking timeout

2021-11-23 16:59:27 - [MESSAGE][INFO] - Finding web element from Test Object's properties

2021-11-23 16:59:27 - [MESSAGE][INFO] - Checking timeout

2021-11-23 16:59:27 - [MESSAGE][INFO] - Finding web element with id: 'Object Repository/Popup/Popup' located by 'By.cssSelector: .bootbox-body' in '10' second(s)

2021-11-23 16:59:27 - [MESSAGE][INFO] - Smart Wait Function is triggered

2021-11-23 16:59:27 - [MESSAGE][INFO] - Found 1 web elements with id: 'Object Repository/Popup/Popup' located by 'By.cssSelector: .bootbox-body' in '10' second(s)

2021-11-23 16:59:27 - [MESSAGE][PASSED] - Object 'Object Repository/Popup/Popup' is visible

2021-11-23 16:59:27 - [TEST_STEP][PASSED] - if (!(getText(findTestObject("Popup/Popup")).contains(Mesaj))): Text of object 'Object Repository/Popup/Popup' is: 'EAR serisi için onaylanmamış belge(leri)niz bulunmaktadır.
Devam etmek istiyor musunuz?'

2021-11-23 16:59:27 - [MESSAGE][INFO] - Finding Test Object 'Object Repository/Popup/Popup'

2021-11-23 16:59:27 - [MESSAGE][INFO] - Checking object

2021-11-23 16:59:27 - [MESSAGE][INFO] - Finding web element from Test Object's properties

2021-11-23 16:59:27 - [MESSAGE][INFO] - Checking timeout

2021-11-23 16:59:27 - [MESSAGE][INFO] - Finding web element with id: 'Object Repository/Popup/Popup' located by 'By.cssSelector: .bootbox-body' in '30' second(s)

2021-11-23 16:59:27 - [MESSAGE][INFO] - Smart Wait Function is triggered

2021-11-23 16:59:28 - [MESSAGE][INFO] - Found 1 web elements with id: 'Object Repository/Popup/Popup' located by 'By.cssSelector: .bootbox-body' in '30' second(s)

2021-11-23 16:59:28 - [MESSAGE][INFO] - Getting text of object 'Object Repository/Popup/Popup'

2021-11-23 16:59:28 - [MESSAGE][PASSED] - Text of object 'Object Repository/Popup/Popup' is: 'EAR serisi için onaylanmamış belge(leri)niz bulunmaktadır.
Devam etmek istiyor musunuz?'

2021-11-23 16:59:28 - [TEST_STEP][PASSED] - RaporNo = getText(findTestObject("Popup/Popup")).substring(0, 6): Text of object 'Object Repository/Popup/Popup' is: 'EAR serisi için onaylanmamış belge(leri)niz bulunmaktadır.
Devam etmek istiyor musunuz?'

2021-11-23 16:59:28 - [MESSAGE][INFO] - Finding Test Object 'Object Repository/Popup/Popup'

2021-11-23 16:59:28 - [MESSAGE][INFO] - Checking object

2021-11-23 16:59:28 - [MESSAGE][INFO] - Finding web element from Test Object's properties

2021-11-23 16:59:28 - [MESSAGE][INFO] - Checking timeout

2021-11-23 16:59:28 - [MESSAGE][INFO] - Finding web element with id: 'Object Repository/Popup/Popup' located by 'By.cssSelector: .bootbox-body' in '30' second(s)

2021-11-23 16:59:28 - [MESSAGE][INFO] - Smart Wait Function is triggered

2021-11-23 16:59:28 - [MESSAGE][INFO] - Found 1 web elements with id: 'Object Repository/Popup/Popup' located by 'By.cssSelector: .bootbox-body' in '30' second(s)

2021-11-23 16:59:28 - [MESSAGE][INFO] - Getting text of object 'Object Repository/Popup/Popup'

2021-11-23 16:59:28 - [MESSAGE][PASSED] - Text of object 'Object Repository/Popup/Popup' is: 'EAR serisi için onaylanmamış belge(leri)niz bulunmaktadır.
Devam etmek istiyor musunuz?'

2021-11-23 16:59:28 - [TEST_STEP][PASSED] - Console.println(RaporNo): null

2021-11-23 16:59:28 - [MESSAGE][PASSED] - Call Test Case 'Test Cases/Popup/PopupMesajiIceriyorMu' successfully

2021-11-23 16:59:28 - [MESSAGE][INFO] - Checking called Test Case

2021-11-23 16:59:28 - [MESSAGE][INFO] - Starting to call Test Case 'Test Cases/Popup/PopupButonSecilir'

2021-11-23 16:59:28 - [TEST_CASE][PASSED] - Test Cases/Popup/PopupButonSecilir: Test Cases/Popup/PopupButonSecilir

2021-11-23 16:59:28 - [TEST_STEP][PASSED] - Method.TextDegerineEsitElementeTikla(findTestObject("Popup/Popup_Butons"), Buton): Method.TextDegerineEsitElementeTikla is PASSED

2021-11-23 16:59:28 - [MESSAGE][INFO] - Finding Test Object 'Object Repository/Popup/Popup_Butons'

2021-11-23 16:59:28 - [MESSAGE][INFO] - Checking timeout

2021-11-23 16:59:28 - [MESSAGE][INFO] - Finding web element with id: 'Object Repository/Popup/Popup_Butons' located by 'By.cssSelector: .modal-footer>button' in '10' second(s)

2021-11-23 16:59:28 - [MESSAGE][INFO] - Smart Wait Function is triggered

2021-11-23 16:59:29 - [MESSAGE][INFO] - Found 2 web elements with id: 'Object Repository/Popup/Popup_Butons' located by 'By.cssSelector: .modal-footer>button' in '10' second(s)

2021-11-23 16:59:29 - [MESSAGE][PASSED] - Method.TextDegerineEsitElementeTikla is PASSED

2021-11-23 16:59:29 - [MESSAGE][PASSED] - Call Test Case 'Test Cases/Popup/PopupButonSecilir' successfully

2021-11-23 16:59:29 - [MESSAGE][INFO] - Checking called Test Case

2021-11-23 16:59:29 - [MESSAGE][INFO] - Starting to call Test Case 'Test Cases/Menu/AnaMenuSecimi'

2021-11-23 16:59:29 - [TEST_CASE][PASSED] - Test Cases/Menu/AnaMenuSecimi: Test Cases/Menu/AnaMenuSecimi

2021-11-23 16:59:29 - [TEST_STEP][PASSED] - Method.TextDegerineEsitElementeTikla(findTestObject("Menu/Ana_Menu"), Ana_Menu): Method.TextDegerineEsitElementeTikla is PASSED

2021-11-23 16:59:29 - [MESSAGE][INFO] - Finding Test Object 'Object Repository/Menu/Ana_Menu'

2021-11-23 16:59:29 - [MESSAGE][INFO] - Checking timeout

2021-11-23 16:59:29 - [MESSAGE][INFO] - Finding web element with id: 'Object Repository/Menu/Ana_Menu' located by 'By.xpath: //*[@class = 'dropdown-toggle']' in '10' second(s)

2021-11-23 16:59:29 - [MESSAGE][INFO] - Smart Wait Function is triggered

2021-11-23 16:59:30 - [MESSAGE][INFO] - Found 13 web elements with id: 'Object Repository/Menu/Ana_Menu' located by 'By.xpath: //*[@class = 'dropdown-toggle']' in '10' second(s)

2021-11-23 16:59:30 - [MESSAGE][PASSED] - Method.TextDegerineEsitElementeTikla is PASSED

2021-11-23 16:59:30 - [MESSAGE][PASSED] - Call Test Case 'Test Cases/Menu/AnaMenuSecimi' successfully

2021-11-23 16:59:30 - [MESSAGE][INFO] - Checking called Test Case

2021-11-23 16:59:30 - [MESSAGE][INFO] - Starting to call Test Case 'Test Cases/Menu/BasligaGoreAltMenuSecimi'

2021-11-23 16:59:30 - [TEST_CASE][PASSED] - Test Cases/Menu/BasligaGoreAltMenuSecimi: Test Cases/Menu/BasligaGoreAltMenuSecimi

2021-11-23 16:59:30 - [TEST_STEP][PASSED] - Method.TextDegerineEsitElementinAltindakiTextDegerineEsitOlanaTikla(findTestObject("Menu/Menu_Basligi"), findTestObject("Menu/Basliga_Gore_Alt_Menu"), Baslik, Alt_Menu): Method.TextDegerineEsitElementinAltindakiTextDegerineEsitOlanaTikla is PASSED

2021-11-23 16:59:30 - [MESSAGE][INFO] - Finding Test Object 'Object Repository/Menu/Menu_Basligi'

2021-11-23 16:59:30 - [MESSAGE][INFO] - Finding Test Object 'Object Repository/Menu/Basliga_Gore_Alt_Menu'

2021-11-23 16:59:30 - [MESSAGE][INFO] - Checking timeout

2021-11-23 16:59:30 - [MESSAGE][INFO] - Finding web element with id: 'Object Repository/Menu/Menu_Basligi' located by 'By.xpath: //li[@class='dropdown dropdown-large open']//li[@class='dropdown-header']' in '10' second(s)

2021-11-23 16:59:30 - [MESSAGE][INFO] - Smart Wait Function is triggered

2021-11-23 16:59:30 - [MESSAGE][INFO] - Found 2 web elements with id: 'Object Repository/Menu/Menu_Basligi' located by 'By.xpath: //li[@class='dropdown dropdown-large open']//li[@class='dropdown-header']' in '10' second(s)

2021-11-23 16:59:30 - [MESSAGE][INFO] - Smart Wait Function is triggered

2021-11-23 16:59:32 - [MESSAGE][PASSED] - Method.TextDegerineEsitElementinAltindakiTextDegerineEsitOlanaTikla is PASSED

2021-11-23 16:59:32 - [MESSAGE][PASSED] - Call Test Case 'Test Cases/Menu/BasligaGoreAltMenuSecimi' successfully

2021-11-23 16:59:32 - [MESSAGE][INFO] - Checking called Test Case

2021-11-23 16:59:32 - [MESSAGE][INFO] - Starting to call Test Case 'Test Cases/Filtreler/EttnYaz'

2021-11-23 16:59:32 - [TEST_CASE][PASSED] - Test Cases/Filtreler/EttnYaz: Test Cases/Filtreler/EttnYaz

2021-11-23 16:59:32 - [TEST_STEP][PASSED] - Method.TextDegerineEsitElementinAltindakiTextboxtaYaz(findTestObject("Filtreler/Basliklar"), findTestObject("Filtreler/Basliga_Gore_Textbox"), "ETTN", ettn): Method.TextDegerineEsitElementinAltindakiTextboxtaYaz is PASSED

2021-11-23 16:59:32 - [MESSAGE][INFO] - Finding Test Object 'Object Repository/Filtreler/Basliklar'

2021-11-23 16:59:32 - [MESSAGE][INFO] - Finding Test Object 'Object Repository/Filtreler/Basliga_Gore_Textbox'

2021-11-23 16:59:32 - [MESSAGE][INFO] - Checking timeout

2021-11-23 16:59:32 - [MESSAGE][INFO] - Finding web element with id: 'Object Repository/Filtreler/Basliklar' located by 'By.cssSelector: .control-label.col-sm-4.paddingMarginRLC' in '10' second(s)

2021-11-23 16:59:32 - [MESSAGE][INFO] - Smart Wait Function is triggered

2021-11-23 16:59:32 - [MESSAGE][INFO] - Found 19 web elements with id: 'Object Repository/Filtreler/Basliklar' located by 'By.cssSelector: .control-label.col-sm-4.paddingMarginRLC' in '10' second(s)

2021-11-23 16:59:32 - [MESSAGE][INFO] - Smart Wait Function is triggered

2021-11-23 16:59:33 - [MESSAGE][PASSED] - Method.TextDegerineEsitElementinAltindakiTextboxtaYaz is PASSED

2021-11-23 16:59:33 - [MESSAGE][PASSED] - Call Test Case 'Test Cases/Filtreler/EttnYaz' successfully

2021-11-23 16:59:33 - [MESSAGE][INFO] - Checking called Test Case

2021-11-23 16:59:33 - [MESSAGE][INFO] - Starting to call Test Case 'Test Cases/Filtreler/ButonaTikla'

2021-11-23 16:59:33 - [TEST_CASE][PASSED] - Test Cases/Filtreler/ButonaTikla: Test Cases/Filtreler/ButonaTikla

2021-11-23 16:59:33 - [TEST_STEP][PASSED] - Method.TextDegerineEsitElementeTikla(findTestObject("Filtreler/Butonlar"), Filtre_Buton): Method.TextDegerineEsitElementeTikla is PASSED

2021-11-23 16:59:33 - [MESSAGE][INFO] - Finding Test Object 'Object Repository/Filtreler/Butonlar'

2021-11-23 16:59:33 - [MESSAGE][INFO] - Checking timeout

2021-11-23 16:59:33 - [MESSAGE][INFO] - Finding web element with id: 'Object Repository/Filtreler/Butonlar' located by 'By.cssSelector: .dxb>span' in '10' second(s)

2021-11-23 16:59:33 - [MESSAGE][INFO] - Smart Wait Function is triggered

2021-11-23 16:59:33 - [MESSAGE][INFO] - Found 3 web elements with id: 'Object Repository/Filtreler/Butonlar' located by 'By.cssSelector: .dxb>span' in '10' second(s)

2021-11-23 16:59:33 - [MESSAGE][PASSED] - Method.TextDegerineEsitElementeTikla is PASSED

2021-11-23 16:59:33 - [MESSAGE][PASSED] - Call Test Case 'Test Cases/Filtreler/ButonaTikla' successfully

2021-11-23 16:59:33 - [MESSAGE][INFO] - Checking called Test Case

2021-11-23 16:59:33 - [MESSAGE][INFO] - Starting to call Test Case 'Test Cases/Tablo/TablodaVeriVarMi'

2021-11-23 16:59:33 - [TEST_CASE][PASSED] - Test Cases/Tablo/TablodaVeriVarMi: Test Cases/Tablo/TablodaVeriVarMi

2021-11-23 16:59:33 - [TEST_STEP][PASSED] - verifyTextNotPresent("Görüntülenecek veri yok", true): Text 'Görüntülenecek veri yok' is not present on page using regular expression

2021-11-23 16:59:33 - [MESSAGE][INFO] - Checking text present  using regular expression

2021-11-23 16:59:33 - [MESSAGE][INFO] - Smart Wait Function is triggered

2021-11-23 16:59:34 - [MESSAGE][INFO] - Finding text 'Görüntülenecek veri yok' on page  using regular expression

2021-11-23 16:59:34 - [MESSAGE][PASSED] - Text 'Görüntülenecek veri yok' is not present on page using regular expression

2021-11-23 16:59:34 - [MESSAGE][PASSED] - Call Test Case 'Test Cases/Tablo/TablodaVeriVarMi' successfully

2021-11-23 16:59:34 - [MESSAGE][INFO] - Checking called Test Case

2021-11-23 16:59:34 - [MESSAGE][INFO] - Starting to call Test Case 'Test Cases/Tablo/TablodaVeriBasariliMiArsiv'

2021-11-23 16:59:34 - [TEST_CASE][PASSED] - Test Cases/Tablo/TablodaVeriBasariliMiArsiv: Test Cases/Tablo/TablodaVeriBasariliMiArsiv

2021-11-23 16:59:34 - [TEST_STEP][PASSED] - sayac = 80: null

2021-11-23 16:59:34 - [TEST_STEP][PASSED] - while (verifyElementText(findTestObject("Object Repository/Tablo/DurumBilgisiArsiv"), "Henüz Sonuçlanmadı", OPTIONAL)): Actual text 'Başarılı' and expected text 'Henüz Sonuçlanmadı' of test object 'Object Repository/Tablo/DurumBilgisiArsiv' are NOT matched. (Root cause: com.kms.katalon.core.exception.StepFailedException: Actual text 'Başarılı' and expected text 'Henüz Sonuçlanmadı' of test object 'Object Repository/Tablo/DurumBilgisiArsiv' are NOT matched.
	at com.kms.katalon.core.webui.keyword.internal.WebUIKeywordMain.stepFailed(WebUIKeywordMain.groovy:64)
	at com.kms.katalon.core.webui.keyword.builtin.VerifyElementTextKeyword$_verifyElementText_closure1.doCall(VerifyElementTextKeyword.groovy:57)
	at com.kms.katalon.core.webui.keyword.builtin.VerifyElementTextKeyword$_verifyElementText_closure1.call(VerifyElementTextKeyword.groovy)
	at com.kms.katalon.core.webui.keyword.internal.WebUIKeywordMain.runKeyword(WebUIKeywordMain.groovy:20)
	at com.kms.katalon.core.webui.keyword.builtin.VerifyElementTextKeyword.verifyElementText(VerifyElementTextKeyword.groovy:72)
	at com.kms.katalon.core.webui.keyword.builtin.VerifyElementTextKeyword.execute(VerifyElementTextKeyword.groovy:40)
	at com.kms.katalon.core.keyword.internal.KeywordExecutor.executeKeywordForPlatform(KeywordExecutor.groovy:73)
	at com.kms.katalon.core.webui.keyword.WebUiBuiltInKeywords.verifyElementText(WebUiBuiltInKeywords.groovy:4733)
	at com.kms.katalon.core.webui.keyword.WebUiBuiltInKeywords$verifyElementText$20.call(Unknown Source)
	at TablodaVeriBasariliMiArsiv.run(TablodaVeriBasariliMiArsiv:22)
	at com.kms.katalon.core.main.ScriptEngine.run(ScriptEngine.java:194)
	at com.kms.katalon.core.main.ScriptEngine.runScriptAsRawText(ScriptEngine.java:119)
	at com.kms.katalon.core.main.TestCaseExecutor.runScript(TestCaseExecutor.java:369)
	at com.kms.katalon.core.main.TestCaseExecutor.doExecute(TestCaseExecutor.java:360)
	at com.kms.katalon.core.main.TestCaseExecutor.processExecutionPhase(TestCaseExecutor.java:339)
	at com.kms.katalon.core.main.TestCaseExecutor.accessMainPhase(TestCaseExecutor.java:331)
	at com.kms.katalon.core.main.TestCaseExecutor.execute(TestCaseExecutor.java:248)
	at com.kms.katalon.core.main.TestCaseMain.runTestCase(TestCaseMain.java:138)
	at com.kms.katalon.core.keyword.builtin.CallTestCaseKeyword$_callTestCase_closure1.doCall(CallTestCaseKeyword.groovy:59)
	at com.kms.katalon.core.keyword.builtin.CallTestCaseKeyword$_callTestCase_closure1.call(CallTestCaseKeyword.groovy)
	at com.kms.katalon.core.keyword.internal.KeywordMain.runKeyword(KeywordMain.groovy:68)
	at com.kms.katalon.core.keyword.builtin.CallTestCaseKeyword.callTestCase(CallTestCaseKeyword.groovy:81)
	at com.kms.katalon.core.keyword.builtin.CallTestCaseKeyword.execute(CallTestCaseKeyword.groovy:44)
	at com.kms.katalon.core.keyword.internal.KeywordExecutor.executeKeywordForPlatform(KeywordExecutor.groovy:73)
	at com.kms.katalon.core.keyword.BuiltinKeywords.callTestCase(BuiltinKeywords.groovy:334)
	at tablo.tablo.tablodaVeriBasariliMiArsiv(tablo.groovy:95)
	at cucumber.runtime.Utils$1.call(Utils.java:26)
	at cucumber.runtime.Timeout.timeout(Timeout.java:16)
	at cucumber.runtime.Utils.invoke(Utils.java:20)
	at cucumber.runtime.java.JavaStepDefinition.execute(JavaStepDefinition.java:49)
	at cucumber.runner.PickleStepDefinitionMatch.runStep(PickleStepDefinitionMatch.java:50)
	at cucumber.runner.TestStep.executeStep(TestStep.java:63)
	at cucumber.runner.TestStep.run(TestStep.java:49)
	at cucumber.runner.PickleStepTestStep.run(PickleStepTestStep.java:43)
	at cucumber.runner.TestCase.run(TestCase.java:44)
	at cucumber.runner.Runner.runPickle(Runner.java:40)
	at cucumber.runtime.Runtime$1.run(Runtime.java:84)
	at cucumber.runtime.Runtime$SameThreadExecutorService.execute(Runtime.java:220)
	at cucumber.runtime.Runtime.run(Runtime.java:81)
	at cucumber.api.cli.Main.run(Main.java:26)
	at cucumber.api.cli.Main$run.call(Unknown Source)
	at com.kms.katalon.core.cucumber.keyword.CucumberBuiltinKeywords$_runFeatureFile_closure1.doCall(CucumberBuiltinKeywords.groovy:106)
	at com.kms.katalon.core.cucumber.keyword.CucumberBuiltinKeywords$_runFeatureFile_closure1.doCall(CucumberBuiltinKeywords.groovy)
	at com.kms.katalon.core.keyword.internal.KeywordMain.runKeyword(KeywordMain.groovy:68)
	at com.kms.katalon.core.keyword.internal.KeywordMain$runKeyword.call(Unknown Source)
	at com.kms.katalon.core.cucumber.keyword.CucumberBuiltinKeywords.runFeatureFile(CucumberBuiltinKeywords.groovy:73)
	at com.kms.katalon.core.cucumber.keyword.CucumberBuiltinKeywords$runFeatureFile$0.callStatic(Unknown Source)
	at com.kms.katalon.core.cucumber.keyword.CucumberBuiltinKeywords.runFeatureFile(CucumberBuiltinKeywords.groovy:246)
	at com.kms.katalon.core.cucumber.keyword.CucumberBuiltinKeywords$runFeatureFile.call(Unknown Source)
	at VKN-Kagit-Iade.run(VKN-Kagit-Iade:19)
	at com.kms.katalon.core.main.ScriptEngine.run(ScriptEngine.java:194)
	at com.kms.katalon.core.main.ScriptEngine.runScriptAsRawText(ScriptEngine.java:119)
	at com.kms.katalon.core.main.TestCaseExecutor.runScript(TestCaseExecutor.java:369)
	at com.kms.katalon.core.main.TestCaseExecutor.doExecute(TestCaseExecutor.java:360)
	at com.kms.katalon.core.main.TestCaseExecutor.processExecutionPhase(TestCaseExecutor.java:339)
	at com.kms.katalon.core.main.TestCaseExecutor.accessMainPhase(TestCaseExecutor.java:331)
	at com.kms.katalon.core.main.TestCaseExecutor.execute(TestCaseExecutor.java:248)
	at com.kms.katalon.core.main.TestSuiteExecutor.accessTestCaseMainPhase(TestSuiteExecutor.java:191)
	at com.kms.katalon.core.main.TestSuiteExecutor.accessTestSuiteMainPhase(TestSuiteExecutor.java:140)
	at com.kms.katalon.core.main.TestSuiteExecutor.execute(TestSuiteExecutor.java:89)
	at com.kms.katalon.core.main.TestCaseMain.startTestSuite(TestCaseMain.java:181)
	at com.kms.katalon.core.main.TestCaseMain$startTestSuite$0.call(Unknown Source)
	at TempTestSuite1637674444414.run(TempTestSuite1637674444414.groovy:39)
)

2021-11-23 16:59:34 - [MESSAGE][INFO] - Finding Test Object 'Object Repository/Tablo/DurumBilgisiArsiv'

2021-11-23 16:59:34 - [MESSAGE][INFO] - Checking object

2021-11-23 16:59:34 - [MESSAGE][INFO] - Finding web element from Test Object's properties

2021-11-23 16:59:34 - [MESSAGE][INFO] - Checking timeout

2021-11-23 16:59:34 - [MESSAGE][INFO] - Finding web element with id: 'Object Repository/Tablo/DurumBilgisiArsiv' located by 'By.xpath: //*[@id = 'GridViewEArchiveInvoices_tccell0_9']' in '30' second(s)

2021-11-23 16:59:34 - [MESSAGE][INFO] - Smart Wait Function is triggered

2021-11-23 16:59:35 - [MESSAGE][INFO] - Found 1 web elements with id: 'Object Repository/Tablo/DurumBilgisiArsiv' located by 'By.xpath: //*[@id = 'GridViewEArchiveInvoices_tccell0_9']' in '30' second(s)

2021-11-23 16:59:35 - [MESSAGE][WARNING] - Actual text 'Başarılı' and expected text 'Henüz Sonuçlanmadı' of test object 'Object Repository/Tablo/DurumBilgisiArsiv' are NOT matched. (Root cause: com.kms.katalon.core.exception.StepFailedException: Actual text 'Başarılı' and expected text 'Henüz Sonuçlanmadı' of test object 'Object Repository/Tablo/DurumBilgisiArsiv' are NOT matched.
	at com.kms.katalon.core.webui.keyword.internal.WebUIKeywordMain.stepFailed(WebUIKeywordMain.groovy:64)
	at com.kms.katalon.core.webui.keyword.builtin.VerifyElementTextKeyword$_verifyElementText_closure1.doCall(VerifyElementTextKeyword.groovy:57)
	at com.kms.katalon.core.webui.keyword.builtin.VerifyElementTextKeyword$_verifyElementText_closure1.call(VerifyElementTextKeyword.groovy)
	at com.kms.katalon.core.webui.keyword.internal.WebUIKeywordMain.runKeyword(WebUIKeywordMain.groovy:20)
	at com.kms.katalon.core.webui.keyword.builtin.VerifyElementTextKeyword.verifyElementText(VerifyElementTextKeyword.groovy:72)
	at com.kms.katalon.core.webui.keyword.builtin.VerifyElementTextKeyword.execute(VerifyElementTextKeyword.groovy:40)
	at com.kms.katalon.core.keyword.internal.KeywordExecutor.executeKeywordForPlatform(KeywordExecutor.groovy:73)
	at com.kms.katalon.core.webui.keyword.WebUiBuiltInKeywords.verifyElementText(WebUiBuiltInKeywords.groovy:4733)
	at com.kms.katalon.core.webui.keyword.WebUiBuiltInKeywords$verifyElementText$20.call(Unknown Source)
	at TablodaVeriBasariliMiArsiv.run(TablodaVeriBasariliMiArsiv:22)
	at com.kms.katalon.core.main.ScriptEngine.run(ScriptEngine.java:194)
	at com.kms.katalon.core.main.ScriptEngine.runScriptAsRawText(ScriptEngine.java:119)
	at com.kms.katalon.core.main.TestCaseExecutor.runScript(TestCaseExecutor.java:369)
	at com.kms.katalon.core.main.TestCaseExecutor.doExecute(TestCaseExecutor.java:360)
	at com.kms.katalon.core.main.TestCaseExecutor.processExecutionPhase(TestCaseExecutor.java:339)
	at com.kms.katalon.core.main.TestCaseExecutor.accessMainPhase(TestCaseExecutor.java:331)
	at com.kms.katalon.core.main.TestCaseExecutor.execute(TestCaseExecutor.java:248)
	at com.kms.katalon.core.main.TestCaseMain.runTestCase(TestCaseMain.java:138)
	at com.kms.katalon.core.keyword.builtin.CallTestCaseKeyword$_callTestCase_closure1.doCall(CallTestCaseKeyword.groovy:59)
	at com.kms.katalon.core.keyword.builtin.CallTestCaseKeyword$_callTestCase_closure1.call(CallTestCaseKeyword.groovy)
	at com.kms.katalon.core.keyword.internal.KeywordMain.runKeyword(KeywordMain.groovy:68)
	at com.kms.katalon.core.keyword.builtin.CallTestCaseKeyword.callTestCase(CallTestCaseKeyword.groovy:81)
	at com.kms.katalon.core.keyword.builtin.CallTestCaseKeyword.execute(CallTestCaseKeyword.groovy:44)
	at com.kms.katalon.core.keyword.internal.KeywordExecutor.executeKeywordForPlatform(KeywordExecutor.groovy:73)
	at com.kms.katalon.core.keyword.BuiltinKeywords.callTestCase(BuiltinKeywords.groovy:334)
	at tablo.tablo.tablodaVeriBasariliMiArsiv(tablo.groovy:95)
	at cucumber.runtime.Utils$1.call(Utils.java:26)
	at cucumber.runtime.Timeout.timeout(Timeout.java:16)
	at cucumber.runtime.Utils.invoke(Utils.java:20)
	at cucumber.runtime.java.JavaStepDefinition.execute(JavaStepDefinition.java:49)
	at cucumber.runner.PickleStepDefinitionMatch.runStep(PickleStepDefinitionMatch.java:50)
	at cucumber.runner.TestStep.executeStep(TestStep.java:63)
	at cucumber.runner.TestStep.run(TestStep.java:49)
	at cucumber.runner.PickleStepTestStep.run(PickleStepTestStep.java:43)
	at cucumber.runner.TestCase.run(TestCase.java:44)
	at cucumber.runner.Runner.runPickle(Runner.java:40)
	at cucumber.runtime.Runtime$1.run(Runtime.java:84)
	at cucumber.runtime.Runtime$SameThreadExecutorService.execute(Runtime.java:220)
	at cucumber.runtime.Runtime.run(Runtime.java:81)
	at cucumber.api.cli.Main.run(Main.java:26)
	at cucumber.api.cli.Main$run.call(Unknown Source)
	at com.kms.katalon.core.cucumber.keyword.CucumberBuiltinKeywords$_runFeatureFile_closure1.doCall(CucumberBuiltinKeywords.groovy:106)
	at com.kms.katalon.core.cucumber.keyword.CucumberBuiltinKeywords$_runFeatureFile_closure1.doCall(CucumberBuiltinKeywords.groovy)
	at com.kms.katalon.core.keyword.internal.KeywordMain.runKeyword(KeywordMain.groovy:68)
	at com.kms.katalon.core.keyword.internal.KeywordMain$runKeyword.call(Unknown Source)
	at com.kms.katalon.core.cucumber.keyword.CucumberBuiltinKeywords.runFeatureFile(CucumberBuiltinKeywords.groovy:73)
	at com.kms.katalon.core.cucumber.keyword.CucumberBuiltinKeywords$runFeatureFile$0.callStatic(Unknown Source)
	at com.kms.katalon.core.cucumber.keyword.CucumberBuiltinKeywords.runFeatureFile(CucumberBuiltinKeywords.groovy:246)
	at com.kms.katalon.core.cucumber.keyword.CucumberBuiltinKeywords$runFeatureFile.call(Unknown Source)
	at VKN-Kagit-Iade.run(VKN-Kagit-Iade:19)
	at com.kms.katalon.core.main.ScriptEngine.run(ScriptEngine.java:194)
	at com.kms.katalon.core.main.ScriptEngine.runScriptAsRawText(ScriptEngine.java:119)
	at com.kms.katalon.core.main.TestCaseExecutor.runScript(TestCaseExecutor.java:369)
	at com.kms.katalon.core.main.TestCaseExecutor.doExecute(TestCaseExecutor.java:360)
	at com.kms.katalon.core.main.TestCaseExecutor.processExecutionPhase(TestCaseExecutor.java:339)
	at com.kms.katalon.core.main.TestCaseExecutor.accessMainPhase(TestCaseExecutor.java:331)
	at com.kms.katalon.core.main.TestCaseExecutor.execute(TestCaseExecutor.java:248)
	at com.kms.katalon.core.main.TestSuiteExecutor.accessTestCaseMainPhase(TestSuiteExecutor.java:191)
	at com.kms.katalon.core.main.TestSuiteExecutor.accessTestSuiteMainPhase(TestSuiteExecutor.java:140)
	at com.kms.katalon.core.main.TestSuiteExecutor.execute(TestSuiteExecutor.java:89)
	at com.kms.katalon.core.main.TestCaseMain.startTestSuite(TestCaseMain.java:181)
	at com.kms.katalon.core.main.TestCaseMain$startTestSuite$0.call(Unknown Source)
	at TempTestSuite1637674444414.run(TempTestSuite1637674444414.groovy:39)
)

2021-11-23 16:59:35 - [TEST_STEP][PASSED] - Method.TextDegerineEsitElementVarMi(findTestObject("Object Repository/Tablo/DurumBilgisiArsiv"), "Başarılı"): Method.TextDegerineEsitElementVarMi is PASSED

2021-11-23 16:59:35 - [MESSAGE][INFO] - Finding Test Object 'Object Repository/Tablo/DurumBilgisiArsiv'

2021-11-23 16:59:35 - [MESSAGE][INFO] - Checking timeout

2021-11-23 16:59:35 - [MESSAGE][INFO] - Finding web element with id: 'Object Repository/Tablo/DurumBilgisiArsiv' located by 'By.xpath: //*[@id = 'GridViewEArchiveInvoices_tccell0_9']' in '10' second(s)

2021-11-23 16:59:35 - [MESSAGE][INFO] - Smart Wait Function is triggered

2021-11-23 16:59:35 - [MESSAGE][INFO] - Found 1 web elements with id: 'Object Repository/Tablo/DurumBilgisiArsiv' located by 'By.xpath: //*[@id = 'GridViewEArchiveInvoices_tccell0_9']' in '10' second(s)

2021-11-23 16:59:35 - [MESSAGE][PASSED] - Method.TextDegerineEsitElementVarMi is PASSED

2021-11-23 16:59:35 - [MESSAGE][PASSED] - Call Test Case 'Test Cases/Tablo/TablodaVeriBasariliMiArsiv' successfully

2021-11-23 16:59:35 - [MESSAGE][INFO] - Checking called Test Case

2021-11-23 16:59:35 - [MESSAGE][INFO] - Starting to call Test Case 'Test Cases/Kullanici_Islemleri/KullaniciIslemlerindenSecimYapilir'

2021-11-23 16:59:35 - [TEST_CASE][PASSED] - Test Cases/Kullanici_Islemleri/KullaniciIslemlerindenSecimYapilir: Test Cases/Kullanici_Islemleri/KullaniciIslemlerindenSecimYapilir

2021-11-23 16:59:35 - [TEST_STEP][PASSED] - waitForElementClickable(findTestObject("Object Repository/Kullanici_Islemleri/KullaniciIslemleri"), 10): Object 'Object Repository/Kullanici_Islemleri/KullaniciIslemleri' is clickable

2021-11-23 16:59:35 - [MESSAGE][INFO] - Finding Test Object 'Object Repository/Kullanici_Islemleri/KullaniciIslemleri'

2021-11-23 16:59:35 - [MESSAGE][INFO] - Checking object

2021-11-23 16:59:35 - [MESSAGE][INFO] - Checking timeout

2021-11-23 16:59:35 - [MESSAGE][INFO] - Finding web element from Test Object's properties

2021-11-23 16:59:35 - [MESSAGE][INFO] - Checking timeout

2021-11-23 16:59:35 - [MESSAGE][INFO] - Finding web element with id: 'Object Repository/Kullanici_Islemleri/KullaniciIslemleri' located by 'By.cssSelector: .dropdown>a>img' in '10' second(s)

2021-11-23 16:59:35 - [MESSAGE][INFO] - Smart Wait Function is triggered

2021-11-23 16:59:36 - [MESSAGE][INFO] - Found 1 web elements with id: 'Object Repository/Kullanici_Islemleri/KullaniciIslemleri' located by 'By.cssSelector: .dropdown>a>img' in '10' second(s)

2021-11-23 16:59:36 - [MESSAGE][PASSED] - Object 'Object Repository/Kullanici_Islemleri/KullaniciIslemleri' is clickable

2021-11-23 16:59:36 - [TEST_STEP][PASSED] - click(findTestObject("Object Repository/Kullanici_Islemleri/KullaniciIslemleri")): Object: 'Object Repository/Kullanici_Islemleri/KullaniciIslemleri' is clicked on

2021-11-23 16:59:36 - [MESSAGE][INFO] - Finding Test Object 'Object Repository/Kullanici_Islemleri/KullaniciIslemleri'

2021-11-23 16:59:36 - [MESSAGE][INFO] - Checking object

2021-11-23 16:59:36 - [MESSAGE][INFO] - Finding web element from Test Object's properties

2021-11-23 16:59:36 - [MESSAGE][INFO] - Checking timeout

2021-11-23 16:59:36 - [MESSAGE][INFO] - Finding web element with id: 'Object Repository/Kullanici_Islemleri/KullaniciIslemleri' located by 'By.cssSelector: .dropdown>a>img' in '30' second(s)

2021-11-23 16:59:36 - [MESSAGE][INFO] - Smart Wait Function is triggered

2021-11-23 16:59:36 - [MESSAGE][INFO] - Found 1 web elements with id: 'Object Repository/Kullanici_Islemleri/KullaniciIslemleri' located by 'By.cssSelector: .dropdown>a>img' in '30' second(s)

2021-11-23 16:59:36 - [MESSAGE][INFO] - Clicking on object: 'Object Repository/Kullanici_Islemleri/KullaniciIslemleri'

2021-11-23 16:59:36 - [MESSAGE][PASSED] - Object: 'Object Repository/Kullanici_Islemleri/KullaniciIslemleri' is clicked on

2021-11-23 16:59:36 - [TEST_STEP][PASSED] - Method.TextDegerineEsitElementeTikla(findTestObject("Object Repository/Kullanici_Islemleri/Secenekler"), Islem): Method.TextDegerineEsitElementeTikla is PASSED

2021-11-23 16:59:36 - [MESSAGE][INFO] - Finding Test Object 'Object Repository/Kullanici_Islemleri/Secenekler'

2021-11-23 16:59:36 - [MESSAGE][INFO] - Checking timeout

2021-11-23 16:59:36 - [MESSAGE][INFO] - Finding web element with id: 'Object Repository/Kullanici_Islemleri/Secenekler' located by 'By.cssSelector: .nav.navbar-nav.navbar-right li a' in '10' second(s)

2021-11-23 16:59:36 - [MESSAGE][INFO] - Smart Wait Function is triggered

2021-11-23 16:59:37 - [MESSAGE][INFO] - Found 20 web elements with id: 'Object Repository/Kullanici_Islemleri/Secenekler' located by 'By.cssSelector: .nav.navbar-nav.navbar-right li a' in '10' second(s)

2021-11-23 16:59:38 - [MESSAGE][PASSED] - Method.TextDegerineEsitElementeTikla is PASSED

2021-11-23 16:59:38 - [TEST_STEP][PASSED] - verifyElementNotPresent(findTestObject("Object Repository/Kullanici_Islemleri/Secenekler"), 10): Web element with id: 'Object Repository/Kullanici_Islemleri/Secenekler' located by 'By.cssSelector: .nav.navbar-nav.navbar-right li a' is not present after '10' second(s)

2021-11-23 16:59:38 - [MESSAGE][INFO] - Finding Test Object 'Object Repository/Kullanici_Islemleri/Secenekler'

2021-11-23 16:59:38 - [MESSAGE][INFO] - Checking object

2021-11-23 16:59:38 - [MESSAGE][INFO] - Checking timeout

2021-11-23 16:59:38 - [MESSAGE][INFO] - Finding web element with id: 'Object Repository/Kullanici_Islemleri/Secenekler' located by 'By.cssSelector: .nav.navbar-nav.navbar-right li a' in '10' second(s)

2021-11-23 16:59:38 - [MESSAGE][INFO] - Smart Wait Function is triggered

2021-11-23 16:59:39 - [MESSAGE][PASSED] - Web element with id: 'Object Repository/Kullanici_Islemleri/Secenekler' located by 'By.cssSelector: .nav.navbar-nav.navbar-right li a' is not present after '10' second(s)

2021-11-23 16:59:39 - [MESSAGE][PASSED] - Call Test Case 'Test Cases/Kullanici_Islemleri/KullaniciIslemlerindenSecimYapilir' successfully

2021-11-23 16:59:39 - [TEST_CASE][PASSED] - Start Test Case : SCENARIO Gonderim tipi Kagit ve Iade tipinde e-Arsiv faturasi olusturulmasi: SCENARIO Gonderim tipi Kagit ve Iade tipinde e-Arsiv faturasi olusturulmasi

2021-11-23 16:59:39 - [TEST_STEP][PASSED] - Kullanıcı adı EARIADE ve Şifre test1234 olarak giriş yapılır: Kullanıcı adı EARIADE ve Şifre test1234 olarak giriş yapılır

2021-11-23 16:59:39 - [MESSAGE][PASSED] - Kullanıcı adı EARIADE ve Şifre test1234 olarak giriş yapılır

2021-11-23 16:59:39 - [TEST_STEP][PASSED] - Ana menüden e-Arşiv seçilir: Ana menüden e-Arşiv seçilir

2021-11-23 16:59:39 - [MESSAGE][PASSED] - Ana menüden e-Arşiv seçilir

2021-11-23 16:59:39 - [TEST_STEP][PASSED] - Alt menü e-Arşiv Araçları başlığı altındaki e-Arşiv Fatura Oluşturma seçilir: Alt menü e-Arşiv Araçları başlığı altındaki e-Arşiv Fatura Oluşturma seçilir

2021-11-23 16:59:39 - [MESSAGE][PASSED] - Alt menü e-Arşiv Araçları başlığı altındaki e-Arşiv Fatura Oluşturma seçilir

2021-11-23 16:59:39 - [TEST_STEP][PASSED] - Tablodaki tüm veriler silinir: Tablodaki tüm veriler silinir

2021-11-23 16:59:39 - [MESSAGE][PASSED] - Tablodaki tüm veriler silinir

2021-11-23 16:59:39 - [TEST_STEP][PASSED] - Butonlardan Ekle isimli butona tıklanır: Butonlardan Ekle isimli butona tıklanır

2021-11-23 16:59:39 - [MESSAGE][PASSED] - Butonlardan Ekle isimli butona tıklanır

2021-11-23 16:59:39 - [TEST_STEP][PASSED] - Görsel tasarım sayfasının e-Arşiv Fatura Bilgileri başlığını içerdiği kontrol edilir: Görsel tasarım sayfasının e-Arşiv Fatura Bilgileri başlığını içerdiği kontrol edilir

2021-11-23 16:59:39 - [MESSAGE][PASSED] - Görsel tasarım sayfasının e-Arşiv Fatura Bilgileri başlığını içerdiği kontrol edilir

2021-11-23 16:59:39 - [TEST_STEP][PASSED] - Alıcı adı alanına UC0011 girilir: Alıcı adı alanına UC0011 girilir

2021-11-23 16:59:39 - [MESSAGE][PASSED] - Alıcı adı alanına UC0011 girilir

2021-11-23 16:59:39 - [TEST_STEP][PASSED] - Gönderim Şekli Kağıt olarak seçilir: Gönderim Şekli Kağıt olarak seçilir

2021-11-23 16:59:39 - [MESSAGE][PASSED] - Gönderim Şekli Kağıt olarak seçilir

2021-11-23 16:59:39 - [TEST_STEP][PASSED] - Tip alanından İade seçilir: Tip alanından İade seçilir

2021-11-23 16:59:39 - [MESSAGE][PASSED] - Tip alanından İade seçilir

2021-11-23 16:59:39 - [TEST_STEP][PASSED] - Döküman Para Birimi alanından Türk Lirası seçilir: Döküman Para Birimi alanından Türk Lirası seçilir

2021-11-23 16:59:39 - [MESSAGE][PASSED] - Döküman Para Birimi alanından Türk Lirası seçilir

2021-11-23 16:59:39 - [TEST_STEP][PASSED] - Ön Ek EAR olarak seçilir: Ön Ek EAR olarak seçilir

2021-11-23 16:59:39 - [MESSAGE][PASSED] - Ön Ek EAR olarak seçilir

2021-11-23 16:59:39 - [TEST_STEP][PASSED] - Tasarım alanından Otomasyon seçilir: Tasarım alanından Otomasyon seçilir

2021-11-23 16:59:39 - [MESSAGE][PASSED] - Tasarım alanından Otomasyon seçilir

2021-11-23 16:59:39 - [TEST_STEP][PASSED] - Sipariş bilgileri UUC-SAT-1200001 ve 31.04.2020 olarak girilir: Sipariş bilgileri UUC-SAT-1200001 ve 31.04.2020 olarak girilir

2021-11-23 16:59:39 - [MESSAGE][PASSED] - Sipariş bilgileri UUC-SAT-1200001 ve 31.04.2020 olarak girilir

2021-11-23 16:59:39 - [TEST_STEP][PASSED] - İrsaliye Bilgileri AAAAAAAAAA,31.04.2020 olarak girilir: İrsaliye Bilgileri AAAAAAAAAA,31.04.2020 olarak girilir

2021-11-23 16:59:39 - [MESSAGE][PASSED] - İrsaliye Bilgileri AAAAAAAAAA,31.04.2020 olarak girilir

2021-11-23 16:59:39 - [TEST_STEP][PASSED] - Ekle butonuna basılır: Ekle butonuna basılır

2021-11-23 16:59:39 - [MESSAGE][PASSED] - Ekle butonuna basılır

2021-11-23 16:59:39 - [TEST_STEP][PASSED] - Ürün ekleme alanında Mal/Hizmet başlığına Otomasyon girilir: Ürün ekleme alanında Mal/Hizmet başlığına Otomasyon girilir

2021-11-23 16:59:39 - [MESSAGE][PASSED] - Ürün ekleme alanında Mal/Hizmet başlığına Otomasyon girilir

2021-11-23 16:59:39 - [TEST_STEP][PASSED] - Ürün ekleme alanında Açıklaması başlığına Virgosol girilir: Ürün ekleme alanında Açıklaması başlığına Virgosol girilir

2021-11-23 16:59:39 - [MESSAGE][PASSED] - Ürün ekleme alanında Açıklaması başlığına Virgosol girilir

2021-11-23 16:59:39 - [TEST_STEP][PASSED] - Ürün ekleme alanında Miktarı başlığına 400 girilir: Ürün ekleme alanında Miktarı başlığına 400 girilir

2021-11-23 16:59:39 - [MESSAGE][PASSED] - Ürün ekleme alanında Miktarı başlığına 400 girilir

2021-11-23 16:59:39 - [TEST_STEP][PASSED] - Ürün ekleme alanında Birim Fiyat başlığına 100 girilir: Ürün ekleme alanında Birim Fiyat başlığına 100 girilir

2021-11-23 16:59:39 - [MESSAGE][PASSED] - Ürün ekleme alanında Birim Fiyat başlığına 100 girilir

2021-11-23 16:59:39 - [TEST_STEP][PASSED] - Ürün ekleme alanında İskonto Oranı % başlığına 10 girilir: Ürün ekleme alanında İskonto Oranı % başlığına 10 girilir

2021-11-23 16:59:39 - [MESSAGE][PASSED] - Ürün ekleme alanında İskonto Oranı % başlığına 10 girilir

2021-11-23 16:59:39 - [TEST_STEP][PASSED] - Notlar alanına Otomasyon Not girilir: Notlar alanına Otomasyon Not girilir

2021-11-23 16:59:39 - [MESSAGE][PASSED] - Notlar alanına Otomasyon Not girilir

2021-11-23 16:59:39 - [TEST_STEP][PASSED] - Ettn bilgisi kayıt edilir: Ettn bilgisi kayıt edilir

2021-11-23 16:59:39 - [MESSAGE][PASSED] - Ettn bilgisi kayıt edilir

2021-11-23 16:59:39 - [TEST_STEP][PASSED] - Kaydet butonu seçilir: Kaydet butonu seçilir

2021-11-23 16:59:39 - [MESSAGE][PASSED] - Kaydet butonu seçilir

2021-11-23 16:59:39 - [TEST_STEP][PASSED] - Tabloda Ettn bilgisi kaydedilen veri oluşturuldu mu: Tabloda Ettn bilgisi kaydedilen veri oluşturuldu mu

2021-11-23 16:59:39 - [MESSAGE][PASSED] - Tabloda Ettn bilgisi kaydedilen veri oluşturuldu mu

2021-11-23 16:59:39 - [TEST_STEP][PASSED] - Tablodan Ettn bilgisi kaydedilen veri seçilir: Tablodan Ettn bilgisi kaydedilen veri seçilir

2021-11-23 16:59:39 - [MESSAGE][PASSED] - Tablodan Ettn bilgisi kaydedilen veri seçilir

2021-11-23 16:59:39 - [TEST_STEP][PASSED] - Butonlardan Numara Oluştur isimli butona tıklanır: Butonlardan Numara Oluştur isimli butona tıklanır

2021-11-23 16:59:39 - [MESSAGE][PASSED] - Butonlardan Numara Oluştur isimli butona tıklanır

2021-11-23 16:59:39 - [TEST_STEP][PASSED] - Popup mesajı Devam etmek istiyor musunuz içeriyor mu: Popup mesajı Devam etmek istiyor musunuz içeriyor mu

2021-11-23 16:59:39 - [MESSAGE][PASSED] - Popup mesajı Devam etmek istiyor musunuz içeriyor mu

2021-11-23 16:59:39 - [TEST_STEP][PASSED] - Yönetim popupında Evet seçilir: Yönetim popupında Evet seçilir

2021-11-23 16:59:39 - [MESSAGE][PASSED] - Yönetim popupında Evet seçilir

2021-11-23 16:59:39 - [TEST_STEP][PASSED] - Popup mesajı oluşmuştur içeriyor mu: Popup mesajı oluşmuştur içeriyor mu

2021-11-23 16:59:39 - [MESSAGE][PASSED] - Popup mesajı oluşmuştur içeriyor mu

2021-11-23 16:59:39 - [TEST_STEP][PASSED] - Yönetim popupında Tamam seçilir: Yönetim popupında Tamam seçilir

2021-11-23 16:59:39 - [MESSAGE][PASSED] - Yönetim popupında Tamam seçilir

2021-11-23 16:59:39 - [TEST_STEP][PASSED] - Tablodan Ettn bilgisi kaydedilen veri seçilir: Tablodan Ettn bilgisi kaydedilen veri seçilir

2021-11-23 16:59:39 - [MESSAGE][PASSED] - Tablodan Ettn bilgisi kaydedilen veri seçilir

2021-11-23 16:59:39 - [TEST_STEP][PASSED] - Butonlardan Gönder isimli butona tıklanır: Butonlardan Gönder isimli butona tıklanır

2021-11-23 16:59:39 - [MESSAGE][PASSED] - Butonlardan Gönder isimli butona tıklanır

2021-11-23 16:59:39 - [TEST_STEP][PASSED] - Popup mesajı Devam etmek istiyor musunuz içeriyor mu: Popup mesajı Devam etmek istiyor musunuz içeriyor mu

2021-11-23 16:59:39 - [MESSAGE][PASSED] - Popup mesajı Devam etmek istiyor musunuz içeriyor mu

2021-11-23 16:59:39 - [TEST_STEP][PASSED] - Yönetim popupında Evet seçilir: Yönetim popupında Evet seçilir

2021-11-23 16:59:39 - [MESSAGE][PASSED] - Yönetim popupında Evet seçilir

2021-11-23 16:59:39 - [TEST_STEP][PASSED] - Ana menüden e-Arşiv seçilir: Ana menüden e-Arşiv seçilir

2021-11-23 16:59:39 - [MESSAGE][PASSED] - Ana menüden e-Arşiv seçilir

2021-11-23 16:59:39 - [TEST_STEP][PASSED] - Alt menü e-Arşiv Hareketleri başlığı altındaki e-Arşiv Faturaları seçilir: Alt menü e-Arşiv Hareketleri başlığı altındaki e-Arşiv Faturaları seçilir

2021-11-23 16:59:39 - [MESSAGE][PASSED] - Alt menü e-Arşiv Hareketleri başlığı altındaki e-Arşiv Faturaları seçilir

2021-11-23 16:59:39 - [TEST_STEP][PASSED] - Filtrelerden Ettn filtresine Ettn bilgisi yaz: Filtrelerden Ettn filtresine Ettn bilgisi yaz

2021-11-23 16:59:39 - [MESSAGE][PASSED] - Filtrelerden Ettn filtresine Ettn bilgisi yaz

2021-11-23 16:59:39 - [TEST_STEP][PASSED] - Filtre butonlarından Listele seçilir: Filtre butonlarından Listele seçilir

2021-11-23 16:59:39 - [MESSAGE][PASSED] - Filtre butonlarından Listele seçilir

2021-11-23 16:59:39 - [TEST_STEP][PASSED] - Tabloda veri var mı kontrol edilir: Tabloda veri var mı kontrol edilir

2021-11-23 16:59:39 - [MESSAGE][PASSED] - Tabloda veri var mı kontrol edilir

2021-11-23 16:59:39 - [TEST_STEP][PASSED] - Tabloda yeni oluşturulan eArsiv verisi başarılı mı: Tabloda yeni oluşturulan eArsiv verisi başarılı mı

2021-11-23 16:59:39 - [MESSAGE][PASSED] - Tabloda yeni oluşturulan eArsiv verisi başarılı mı

2021-11-23 16:59:39 - [TEST_STEP][PASSED] - Kullanıcı işlemlerinden Çıkış seçilir: Kullanıcı işlemlerinden Çıkış seçilir

2021-11-23 16:59:39 - [MESSAGE][PASSED] - Kullanıcı işlemlerinden Çıkış seçilir

2021-11-23 16:59:39 - [MESSAGE][PASSED] - Feature file: 'Include/features/Regresyon/e-Arsiv/VKN-Kagit-Iade.feature' was passed

2021-11-23 16:59:39 - [TEST_STEP][PASSED] - Start listener action : sampleAfterTestSuite: Invoke 'com.kms.katalon.core.annotation.AfterTestCase' method: 'Listener.sampleAfterTestSuite(...)' completed.

2021-11-23 16:59:39 - [MESSAGE][INFO] - Starting invoke 'com.kms.katalon.core.annotation.AfterTestCase' method: 'Listener.sampleAfterTestSuite(...)'

2021-11-23 16:59:39 - [TEST_STEP][PASSED] - closeBrowser(): Invoke 'com.kms.katalon.core.annotation.AfterTestCase' method: 'Listener.sampleAfterTestSuite(...)' completed.

2021-11-23 16:59:39 - [MESSAGE][INFO] - Closing browser

2021-11-23 16:59:39 - [MESSAGE][PASSED] - Browser is closed

2021-11-23 16:59:39 - [MESSAGE][INFO] - Invoke 'com.kms.katalon.core.annotation.AfterTestCase' method: 'Listener.sampleAfterTestSuite(...)' completed.]]></system-out>
         <system-err><![CDATA[]]></system-err>
      </testcase>
      <testcase name="Test Cases/Case Repository/Regresyon/e-Arsiv/VKN-Kagit-Ihrac Kayitli" time="124.707" classname="Test Cases/Case Repository/Regresyon/e-Arsiv/VKN-Kagit-Ihrac Kayitli" status="PASSED">
         <system-out><![CDATA[2021-11-23 16:59:39 - [TEST_CASE][PASSED] - Test Cases/Case Repository/Regresyon/e-Arsiv/VKN-Kagit-Ihrac Kayitli: Test Cases/Case Repository/Regresyon/e-Arsiv/VKN-Kagit-Ihrac Kayitli

2021-11-23 16:59:39 - [TEST_STEP][PASSED] - Start listener action : sampleBeforeTestSuite: Invoke 'com.kms.katalon.core.annotation.BeforeTestCase' method: 'Listener.sampleBeforeTestSuite(...)' completed.

2021-11-23 16:59:39 - [MESSAGE][INFO] - Starting invoke 'com.kms.katalon.core.annotation.BeforeTestCase' method: 'Listener.sampleBeforeTestSuite(...)'

2021-11-23 16:59:39 - [TEST_STEP][PASSED] - openBrowser(baseUrl): Browser is opened with url: 'https://efatura-stage.elogo.com.tr/'

2021-11-23 16:59:39 - [MESSAGE][INFO] - Opening browser

2021-11-23 16:59:39 - [MESSAGE][INFO] - Starting 'Chrome' driver

2021-11-23 16:59:39 - [MESSAGE][INFO] - User set preference: ['prefs', '{download.default_directory=C:\otomasyondownfiles}']

2021-11-23 16:59:39 - [MESSAGE][INFO] - Action delay is set to 0 milliseconds

2021-11-23 16:59:41 - [MESSAGE][INFO] - Navigating browser to: 'https://efatura-stage.elogo.com.tr/'

2021-11-23 16:59:51 - [MESSAGE][PASSED] - Browser is opened with url: 'https://efatura-stage.elogo.com.tr/'

2021-11-23 16:59:51 - [TEST_STEP][PASSED] - maximizeWindow(): Invoke 'com.kms.katalon.core.annotation.BeforeTestCase' method: 'Listener.sampleBeforeTestSuite(...)' completed.

2021-11-23 16:59:51 - [MESSAGE][INFO] - Maximizing current window

2021-11-23 16:59:51 - [MESSAGE][PASSED] - Current window maximized

2021-11-23 16:59:51 - [MESSAGE][INFO] - Invoke 'com.kms.katalon.core.annotation.BeforeTestCase' method: 'Listener.sampleBeforeTestSuite(...)' completed.

2021-11-23 16:59:52 - [TEST_STEP][PASSED] - runFeatureFile("Include/features/Regresyon/e-Arsiv/VKN-Kagit-Ihrac Kayitli.feature"): Feature file: 'Include/features/Regresyon/e-Arsiv/VKN-Kagit-Ihrac Kayitli.feature' was passed

2021-11-23 16:59:52 - [MESSAGE][INFO] - Starting run keyword runFeatureFile: 'Include/features/Regresyon/e-Arsiv/VKN-Kagit-Ihrac Kayitli.feature' and extract report to folder: 'C:\Users\DELL\Documents\GitHub\EES_KatalonLogo\Reports\20211123_163326\Suite Repository\Regresyon-eArsiv-eMakbuz\20211123_163404/cucumber_report/1637675992439'...

2021-11-23 16:59:52 - [MESSAGE][INFO] - Glue: []

2021-11-23 16:59:54 - [MESSAGE][INFO] - Checking called Test Case

2021-11-23 16:59:54 - [MESSAGE][INFO] - Starting to call Test Case 'Test Cases/Sayfalar/Giris_Sayfasi/Login'

2021-11-23 16:59:54 - [TEST_CASE][PASSED] - Test Cases/Sayfalar/Giris_Sayfasi/Login: Test Cases/Sayfalar/Giris_Sayfasi/Login

2021-11-23 16:59:54 - [TEST_STEP][PASSED] - Sayfa_Basligi = getWindowTitle(): Current window's title is: 'LOGO e-Fatura'

2021-11-23 16:59:54 - [MESSAGE][INFO] - Getting current window's title

2021-11-23 16:59:54 - [MESSAGE][PASSED] - Current window's title is: 'LOGO e-Fatura'

2021-11-23 16:59:54 - [TEST_STEP][PASSED] - verifyMatch(Sayfa_Basligi, "LOGO e-Fatura", false): Actual text 'LOGO e-Fatura' and expected text 'LOGO e-Fatura' are matched 

2021-11-23 16:59:54 - [MESSAGE][INFO] - Matching actual text 'LOGO e-Fatura' with expected text 'LOGO e-Fatura'

2021-11-23 16:59:54 - [MESSAGE][PASSED] - Actual text 'LOGO e-Fatura' and expected text 'LOGO e-Fatura' are matched 

2021-11-23 16:59:54 - [TEST_STEP][PASSED] - sendKeys(findTestObject("Sayfalar/Giris_Sayfasi/Firma_Kodu"), KullaniciAdi): Keys 'EARIHRAC' sent to object: 'Object Repository/Sayfalar/Giris_Sayfasi/Firma_Kodu'

2021-11-23 16:59:54 - [MESSAGE][INFO] - Finding Test Object 'Object Repository/Sayfalar/Giris_Sayfasi/Firma_Kodu'

2021-11-23 16:59:54 - [MESSAGE][INFO] - Sending keys 'EARIHRAC' to object: 'Object Repository/Sayfalar/Giris_Sayfasi/Firma_Kodu'

2021-11-23 16:59:54 - [MESSAGE][INFO] - Finding web element from Test Object's properties

2021-11-23 16:59:54 - [MESSAGE][INFO] - Checking timeout

2021-11-23 16:59:54 - [MESSAGE][INFO] - Finding web element with id: 'Object Repository/Sayfalar/Giris_Sayfasi/Firma_Kodu' located by 'By.xpath: //*[@id = 'AccountName']' in '30' second(s)

2021-11-23 16:59:54 - [MESSAGE][INFO] - Smart Wait Function is triggered

2021-11-23 16:59:54 - [MESSAGE][INFO] - Found 1 web elements with id: 'Object Repository/Sayfalar/Giris_Sayfasi/Firma_Kodu' located by 'By.xpath: //*[@id = 'AccountName']' in '30' second(s)

2021-11-23 16:59:54 - [MESSAGE][PASSED] - Keys 'EARIHRAC' sent to object: 'Object Repository/Sayfalar/Giris_Sayfasi/Firma_Kodu'

2021-11-23 16:59:54 - [TEST_STEP][PASSED] - sendKeys(findTestObject("Sayfalar/Giris_Sayfasi/Sifre"), Sifre): Keys 'test1234' sent to object: 'Object Repository/Sayfalar/Giris_Sayfasi/Sifre'

2021-11-23 16:59:54 - [MESSAGE][INFO] - Finding Test Object 'Object Repository/Sayfalar/Giris_Sayfasi/Sifre'

2021-11-23 16:59:55 - [MESSAGE][INFO] - Sending keys 'test1234' to object: 'Object Repository/Sayfalar/Giris_Sayfasi/Sifre'

2021-11-23 16:59:55 - [MESSAGE][INFO] - Finding web element from Test Object's properties

2021-11-23 16:59:55 - [MESSAGE][INFO] - Checking timeout

2021-11-23 16:59:55 - [MESSAGE][INFO] - Finding web element with id: 'Object Repository/Sayfalar/Giris_Sayfasi/Sifre' located by 'By.xpath: //*[@id = 'Password']' in '30' second(s)

2021-11-23 16:59:55 - [MESSAGE][INFO] - Smart Wait Function is triggered

2021-11-23 16:59:55 - [MESSAGE][INFO] - Found 1 web elements with id: 'Object Repository/Sayfalar/Giris_Sayfasi/Sifre' located by 'By.xpath: //*[@id = 'Password']' in '30' second(s)

2021-11-23 16:59:55 - [MESSAGE][PASSED] - Keys 'test1234' sent to object: 'Object Repository/Sayfalar/Giris_Sayfasi/Sifre'

2021-11-23 16:59:55 - [TEST_STEP][PASSED] - findWebElement(findTestObject("Sayfalar/Giris_Sayfasi/Giris_Butonu")).click(): Found 1 web elements with id: 'Object Repository/Sayfalar/Giris_Sayfasi/Giris_Butonu' located by 'By.cssSelector: #btnLogin' in '30' second(s)

2021-11-23 16:59:55 - [MESSAGE][INFO] - Finding Test Object 'Object Repository/Sayfalar/Giris_Sayfasi/Giris_Butonu'

2021-11-23 16:59:55 - [MESSAGE][INFO] - Finding web element from Test Object's properties

2021-11-23 16:59:55 - [MESSAGE][INFO] - Checking timeout

2021-11-23 16:59:55 - [MESSAGE][INFO] - Finding web element with id: 'Object Repository/Sayfalar/Giris_Sayfasi/Giris_Butonu' located by 'By.cssSelector: #btnLogin' in '30' second(s)

2021-11-23 16:59:55 - [MESSAGE][INFO] - Smart Wait Function is triggered

2021-11-23 16:59:55 - [MESSAGE][INFO] - Found 1 web elements with id: 'Object Repository/Sayfalar/Giris_Sayfasi/Giris_Butonu' located by 'By.cssSelector: #btnLogin' in '30' second(s)

2021-11-23 16:59:57 - [TEST_STEP][PASSED] - if (verifyElementPresent(findTestObject("Object Repository/Sayfalar/Giris_Sayfasi/RetveTamam_Butonu"), 5, OPTIONAL)): null

2021-11-23 16:59:57 - [MESSAGE][INFO] - Finding Test Object 'Object Repository/Sayfalar/Giris_Sayfasi/RetveTamam_Butonu'

2021-11-23 16:59:57 - [MESSAGE][INFO] - Checking object

2021-11-23 16:59:57 - [MESSAGE][INFO] - Finding web element from Test Object's properties

2021-11-23 16:59:57 - [MESSAGE][INFO] - Checking timeout

2021-11-23 16:59:57 - [MESSAGE][INFO] - Finding web element with id: 'Object Repository/Sayfalar/Giris_Sayfasi/RetveTamam_Butonu' located by 'By.xpath: //*[@class = 'btn btn-default']' in '5' second(s)

2021-11-23 16:59:57 - [MESSAGE][INFO] - Smart Wait Function is triggered

2021-11-23 16:59:58 - [MESSAGE][INFO] - Found 1 web elements with id: 'Object Repository/Sayfalar/Giris_Sayfasi/RetveTamam_Butonu' located by 'By.xpath: //*[@class = 'btn btn-default']' in '5' second(s)

2021-11-23 16:59:58 - [MESSAGE][PASSED] - Object 'Object Repository/Sayfalar/Giris_Sayfasi/RetveTamam_Butonu' is present

2021-11-23 16:59:58 - [TEST_STEP][PASSED] - click(findTestObject("Object Repository/Sayfalar/Giris_Sayfasi/RetveTamam_Butonu")): Object: 'Object Repository/Sayfalar/Giris_Sayfasi/RetveTamam_Butonu' is clicked on

2021-11-23 16:59:58 - [MESSAGE][INFO] - Finding Test Object 'Object Repository/Sayfalar/Giris_Sayfasi/RetveTamam_Butonu'

2021-11-23 16:59:58 - [MESSAGE][INFO] - Checking object

2021-11-23 16:59:58 - [MESSAGE][INFO] - Finding web element from Test Object's properties

2021-11-23 16:59:58 - [MESSAGE][INFO] - Checking timeout

2021-11-23 16:59:58 - [MESSAGE][INFO] - Finding web element with id: 'Object Repository/Sayfalar/Giris_Sayfasi/RetveTamam_Butonu' located by 'By.xpath: //*[@class = 'btn btn-default']' in '30' second(s)

2021-11-23 16:59:58 - [MESSAGE][INFO] - Smart Wait Function is triggered

2021-11-23 16:59:58 - [MESSAGE][INFO] - Found 1 web elements with id: 'Object Repository/Sayfalar/Giris_Sayfasi/RetveTamam_Butonu' located by 'By.xpath: //*[@class = 'btn btn-default']' in '30' second(s)

2021-11-23 16:59:58 - [MESSAGE][INFO] - Clicking on object: 'Object Repository/Sayfalar/Giris_Sayfasi/RetveTamam_Butonu'

2021-11-23 16:59:58 - [MESSAGE][PASSED] - Object: 'Object Repository/Sayfalar/Giris_Sayfasi/RetveTamam_Butonu' is clicked on

2021-11-23 16:59:58 - [TEST_STEP][PASSED] - click(findTestObject("Object Repository/Sayfalar/Giris_Sayfasi/RetveTamam_Butonu")): Object: 'Object Repository/Sayfalar/Giris_Sayfasi/RetveTamam_Butonu' is clicked on

2021-11-23 16:59:58 - [MESSAGE][INFO] - Finding Test Object 'Object Repository/Sayfalar/Giris_Sayfasi/RetveTamam_Butonu'

2021-11-23 16:59:58 - [MESSAGE][INFO] - Checking object

2021-11-23 16:59:58 - [MESSAGE][INFO] - Finding web element from Test Object's properties

2021-11-23 16:59:58 - [MESSAGE][INFO] - Checking timeout

2021-11-23 16:59:58 - [MESSAGE][INFO] - Finding web element with id: 'Object Repository/Sayfalar/Giris_Sayfasi/RetveTamam_Butonu' located by 'By.xpath: //*[@class = 'btn btn-default']' in '30' second(s)

2021-11-23 16:59:58 - [MESSAGE][INFO] - Smart Wait Function is triggered

2021-11-23 17:00:01 - [MESSAGE][INFO] - Found 1 web elements with id: 'Object Repository/Sayfalar/Giris_Sayfasi/RetveTamam_Butonu' located by 'By.xpath: //*[@class = 'btn btn-default']' in '30' second(s)

2021-11-23 17:00:01 - [MESSAGE][INFO] - Clicking on object: 'Object Repository/Sayfalar/Giris_Sayfasi/RetveTamam_Butonu'

2021-11-23 17:00:01 - [MESSAGE][PASSED] - Object: 'Object Repository/Sayfalar/Giris_Sayfasi/RetveTamam_Butonu' is clicked on

2021-11-23 17:00:01 - [TEST_STEP][PASSED] - if (verifyElementPresent(findTestObject("Sayfalar/Giris_Sayfasi/PopupOK"), 5, OPTIONAL)): com.kms.katalon.core.webui.exception.WebElementNotFoundException: Web element with id: 'Object Repository/Sayfalar/Giris_Sayfasi/PopupOK' located by '.btn.btn-success' not found (Root cause: com.kms.katalon.core.exception.StepFailedException: com.kms.katalon.core.webui.exception.WebElementNotFoundException: Web element with id: 'Object Repository/Sayfalar/Giris_Sayfasi/PopupOK' located by '.btn.btn-success' not found
	at com.kms.katalon.core.webui.keyword.internal.WebUIKeywordMain.stepFailed(WebUIKeywordMain.groovy:64)
	at com.kms.katalon.core.webui.keyword.builtin.VerifyElementPresentKeyword$_verifyElementPresent_closure1.doCall(VerifyElementPresentKeyword.groovy:85)
	at com.kms.katalon.core.webui.keyword.builtin.VerifyElementPresentKeyword$_verifyElementPresent_closure1.call(VerifyElementPresentKeyword.groovy)
	at com.kms.katalon.core.webui.keyword.internal.WebUIKeywordMain.runKeyword(WebUIKeywordMain.groovy:20)
	at com.kms.katalon.core.webui.keyword.builtin.VerifyElementPresentKeyword.verifyElementPresent(VerifyElementPresentKeyword.groovy:92)
	at com.kms.katalon.core.webui.keyword.builtin.VerifyElementPresentKeyword.execute(VerifyElementPresentKeyword.groovy:68)
	at com.kms.katalon.core.keyword.internal.KeywordExecutor.executeKeywordForPlatform(KeywordExecutor.groovy:73)
	at com.kms.katalon.core.webui.keyword.WebUiBuiltInKeywords.verifyElementPresent(WebUiBuiltInKeywords.groovy:1448)
	at com.kms.katalon.core.webui.keyword.WebUiBuiltInKeywords$verifyElementPresent$4.call(Unknown Source)
	at Login.run(Login:40)
	at com.kms.katalon.core.main.ScriptEngine.run(ScriptEngine.java:194)
	at com.kms.katalon.core.main.ScriptEngine.runScriptAsRawText(ScriptEngine.java:119)
	at com.kms.katalon.core.main.TestCaseExecutor.runScript(TestCaseExecutor.java:369)
	at com.kms.katalon.core.main.TestCaseExecutor.doExecute(TestCaseExecutor.java:360)
	at com.kms.katalon.core.main.TestCaseExecutor.processExecutionPhase(TestCaseExecutor.java:339)
	at com.kms.katalon.core.main.TestCaseExecutor.accessMainPhase(TestCaseExecutor.java:331)
	at com.kms.katalon.core.main.TestCaseExecutor.execute(TestCaseExecutor.java:248)
	at com.kms.katalon.core.main.TestCaseMain.runTestCase(TestCaseMain.java:138)
	at com.kms.katalon.core.keyword.builtin.CallTestCaseKeyword$_callTestCase_closure1.doCall(CallTestCaseKeyword.groovy:59)
	at com.kms.katalon.core.keyword.builtin.CallTestCaseKeyword$_callTestCase_closure1.call(CallTestCaseKeyword.groovy)
	at com.kms.katalon.core.keyword.internal.KeywordMain.runKeyword(KeywordMain.groovy:68)
	at com.kms.katalon.core.keyword.builtin.CallTestCaseKeyword.callTestCase(CallTestCaseKeyword.groovy:81)
	at com.kms.katalon.core.keyword.builtin.CallTestCaseKeyword.execute(CallTestCaseKeyword.groovy:44)
	at com.kms.katalon.core.keyword.internal.KeywordExecutor.executeKeywordForPlatform(KeywordExecutor.groovy:73)
	at com.kms.katalon.core.keyword.BuiltinKeywords.callTestCase(BuiltinKeywords.groovy:334)
	at sayfalar.girisSayfasi.login(girisSayfasi.groovy:50)
	at cucumber.runtime.Utils$1.call(Utils.java:26)
	at cucumber.runtime.Timeout.timeout(Timeout.java:16)
	at cucumber.runtime.Utils.invoke(Utils.java:20)
	at cucumber.runtime.java.JavaStepDefinition.execute(JavaStepDefinition.java:49)
	at cucumber.runner.PickleStepDefinitionMatch.runStep(PickleStepDefinitionMatch.java:50)
	at cucumber.runner.TestStep.executeStep(TestStep.java:63)
	at cucumber.runner.TestStep.run(TestStep.java:49)
	at cucumber.runner.PickleStepTestStep.run(PickleStepTestStep.java:43)
	at cucumber.runner.TestCase.run(TestCase.java:44)
	at cucumber.runner.Runner.runPickle(Runner.java:40)
	at cucumber.runtime.Runtime$1.run(Runtime.java:84)
	at cucumber.runtime.Runtime$SameThreadExecutorService.execute(Runtime.java:220)
	at cucumber.runtime.Runtime.run(Runtime.java:81)
	at cucumber.api.cli.Main.run(Main.java:26)
	at cucumber.api.cli.Main$run.call(Unknown Source)
	at com.kms.katalon.core.cucumber.keyword.CucumberBuiltinKeywords$_runFeatureFile_closure1.doCall(CucumberBuiltinKeywords.groovy:106)
	at com.kms.katalon.core.cucumber.keyword.CucumberBuiltinKeywords$_runFeatureFile_closure1.doCall(CucumberBuiltinKeywords.groovy)
	at com.kms.katalon.core.keyword.internal.KeywordMain.runKeyword(KeywordMain.groovy:68)
	at com.kms.katalon.core.keyword.internal.KeywordMain$runKeyword.call(Unknown Source)
	at com.kms.katalon.core.cucumber.keyword.CucumberBuiltinKeywords.runFeatureFile(CucumberBuiltinKeywords.groovy:73)
	at com.kms.katalon.core.cucumber.keyword.CucumberBuiltinKeywords$runFeatureFile$0.callStatic(Unknown Source)
	at com.kms.katalon.core.cucumber.keyword.CucumberBuiltinKeywords.runFeatureFile(CucumberBuiltinKeywords.groovy:246)
	at com.kms.katalon.core.cucumber.keyword.CucumberBuiltinKeywords$runFeatureFile.call(Unknown Source)
	at VKN-Kagit-Ihrac Kayitli.run(VKN-Kagit-Ihrac Kayitli:19)
	at com.kms.katalon.core.main.ScriptEngine.run(ScriptEngine.java:194)
	at com.kms.katalon.core.main.ScriptEngine.runScriptAsRawText(ScriptEngine.java:119)
	at com.kms.katalon.core.main.TestCaseExecutor.runScript(TestCaseExecutor.java:369)
	at com.kms.katalon.core.main.TestCaseExecutor.doExecute(TestCaseExecutor.java:360)
	at com.kms.katalon.core.main.TestCaseExecutor.processExecutionPhase(TestCaseExecutor.java:339)
	at com.kms.katalon.core.main.TestCaseExecutor.accessMainPhase(TestCaseExecutor.java:331)
	at com.kms.katalon.core.main.TestCaseExecutor.execute(TestCaseExecutor.java:248)
	at com.kms.katalon.core.main.TestSuiteExecutor.accessTestCaseMainPhase(TestSuiteExecutor.java:191)
	at com.kms.katalon.core.main.TestSuiteExecutor.accessTestSuiteMainPhase(TestSuiteExecutor.java:140)
	at com.kms.katalon.core.main.TestSuiteExecutor.execute(TestSuiteExecutor.java:89)
	at com.kms.katalon.core.main.TestCaseMain.startTestSuite(TestCaseMain.java:181)
	at com.kms.katalon.core.main.TestCaseMain$startTestSuite$0.call(Unknown Source)
	at TempTestSuite1637674444414.run(TempTestSuite1637674444414.groovy:39)
)

2021-11-23 17:00:01 - [MESSAGE][INFO] - Finding Test Object 'Object Repository/Sayfalar/Giris_Sayfasi/PopupOK'

2021-11-23 17:00:01 - [MESSAGE][INFO] - Checking object

2021-11-23 17:00:01 - [MESSAGE][INFO] - Finding web element from Test Object's properties

2021-11-23 17:00:01 - [MESSAGE][INFO] - Checking timeout

2021-11-23 17:00:01 - [MESSAGE][INFO] - Finding web element with id: 'Object Repository/Sayfalar/Giris_Sayfasi/PopupOK' located by 'By.cssSelector: .btn.btn-success' in '5' second(s)

2021-11-23 17:00:01 - [MESSAGE][INFO] - Smart Wait Function is triggered

2021-11-23 17:00:02 - [MESSAGE][INFO] - Smart Wait Function is triggered

2021-11-23 17:00:02 - [MESSAGE][INFO] - Smart Wait Function is triggered

2021-11-23 17:00:03 - [MESSAGE][INFO] - Smart Wait Function is triggered

2021-11-23 17:00:03 - [MESSAGE][INFO] - Smart Wait Function is triggered

2021-11-23 17:00:03 - [MESSAGE][INFO] - Smart Wait Function is triggered

2021-11-23 17:00:03 - [MESSAGE][INFO] - Smart Wait Function is triggered

2021-11-23 17:00:04 - [MESSAGE][INFO] - Smart Wait Function is triggered

2021-11-23 17:00:04 - [MESSAGE][INFO] - Smart Wait Function is triggered

2021-11-23 17:00:04 - [MESSAGE][INFO] - Smart Wait Function is triggered

2021-11-23 17:00:04 - [MESSAGE][INFO] - Smart Wait Function is triggered

2021-11-23 17:00:05 - [MESSAGE][INFO] - Smart Wait Function is triggered

2021-11-23 17:00:05 - [MESSAGE][INFO] - Smart Wait Function is triggered

2021-11-23 17:00:05 - [MESSAGE][INFO] - Smart Wait Function is triggered

2021-11-23 17:00:06 - [MESSAGE][INFO] - Smart Wait Function is triggered

2021-11-23 17:00:06 - [MESSAGE][INFO] - Smart Wait Function is triggered

2021-11-23 17:00:06 - [MESSAGE][INFO] - Smart Wait Function is triggered

2021-11-23 17:00:06 - [MESSAGE][INFO] - Smart Wait Function is triggered

2021-11-23 17:00:07 - [MESSAGE][INFO] - Smart Wait Function is triggered

2021-11-23 17:00:07 - [MESSAGE][INFO] - Smart Wait Function is triggered

2021-11-23 17:00:07 - [MESSAGE][INFO] - Smart Wait Function is triggered

2021-11-23 17:00:07 - [MESSAGE][INFO] - Unable to find the element located by 'By.cssSelector: .btn.btn-success'. Please recheck the objects properties to make sure the desired element is located. 

2021-11-23 17:00:07 - [MESSAGE][WARNING] - com.kms.katalon.core.webui.exception.WebElementNotFoundException: Web element with id: 'Object Repository/Sayfalar/Giris_Sayfasi/PopupOK' located by '.btn.btn-success' not found (Root cause: com.kms.katalon.core.exception.StepFailedException: com.kms.katalon.core.webui.exception.WebElementNotFoundException: Web element with id: 'Object Repository/Sayfalar/Giris_Sayfasi/PopupOK' located by '.btn.btn-success' not found
	at com.kms.katalon.core.webui.keyword.internal.WebUIKeywordMain.stepFailed(WebUIKeywordMain.groovy:64)
	at com.kms.katalon.core.webui.keyword.builtin.VerifyElementPresentKeyword$_verifyElementPresent_closure1.doCall(VerifyElementPresentKeyword.groovy:85)
	at com.kms.katalon.core.webui.keyword.builtin.VerifyElementPresentKeyword$_verifyElementPresent_closure1.call(VerifyElementPresentKeyword.groovy)
	at com.kms.katalon.core.webui.keyword.internal.WebUIKeywordMain.runKeyword(WebUIKeywordMain.groovy:20)
	at com.kms.katalon.core.webui.keyword.builtin.VerifyElementPresentKeyword.verifyElementPresent(VerifyElementPresentKeyword.groovy:92)
	at com.kms.katalon.core.webui.keyword.builtin.VerifyElementPresentKeyword.execute(VerifyElementPresentKeyword.groovy:68)
	at com.kms.katalon.core.keyword.internal.KeywordExecutor.executeKeywordForPlatform(KeywordExecutor.groovy:73)
	at com.kms.katalon.core.webui.keyword.WebUiBuiltInKeywords.verifyElementPresent(WebUiBuiltInKeywords.groovy:1448)
	at com.kms.katalon.core.webui.keyword.WebUiBuiltInKeywords$verifyElementPresent$4.call(Unknown Source)
	at Login.run(Login:40)
	at com.kms.katalon.core.main.ScriptEngine.run(ScriptEngine.java:194)
	at com.kms.katalon.core.main.ScriptEngine.runScriptAsRawText(ScriptEngine.java:119)
	at com.kms.katalon.core.main.TestCaseExecutor.runScript(TestCaseExecutor.java:369)
	at com.kms.katalon.core.main.TestCaseExecutor.doExecute(TestCaseExecutor.java:360)
	at com.kms.katalon.core.main.TestCaseExecutor.processExecutionPhase(TestCaseExecutor.java:339)
	at com.kms.katalon.core.main.TestCaseExecutor.accessMainPhase(TestCaseExecutor.java:331)
	at com.kms.katalon.core.main.TestCaseExecutor.execute(TestCaseExecutor.java:248)
	at com.kms.katalon.core.main.TestCaseMain.runTestCase(TestCaseMain.java:138)
	at com.kms.katalon.core.keyword.builtin.CallTestCaseKeyword$_callTestCase_closure1.doCall(CallTestCaseKeyword.groovy:59)
	at com.kms.katalon.core.keyword.builtin.CallTestCaseKeyword$_callTestCase_closure1.call(CallTestCaseKeyword.groovy)
	at com.kms.katalon.core.keyword.internal.KeywordMain.runKeyword(KeywordMain.groovy:68)
	at com.kms.katalon.core.keyword.builtin.CallTestCaseKeyword.callTestCase(CallTestCaseKeyword.groovy:81)
	at com.kms.katalon.core.keyword.builtin.CallTestCaseKeyword.execute(CallTestCaseKeyword.groovy:44)
	at com.kms.katalon.core.keyword.internal.KeywordExecutor.executeKeywordForPlatform(KeywordExecutor.groovy:73)
	at com.kms.katalon.core.keyword.BuiltinKeywords.callTestCase(BuiltinKeywords.groovy:334)
	at sayfalar.girisSayfasi.login(girisSayfasi.groovy:50)
	at cucumber.runtime.Utils$1.call(Utils.java:26)
	at cucumber.runtime.Timeout.timeout(Timeout.java:16)
	at cucumber.runtime.Utils.invoke(Utils.java:20)
	at cucumber.runtime.java.JavaStepDefinition.execute(JavaStepDefinition.java:49)
	at cucumber.runner.PickleStepDefinitionMatch.runStep(PickleStepDefinitionMatch.java:50)
	at cucumber.runner.TestStep.executeStep(TestStep.java:63)
	at cucumber.runner.TestStep.run(TestStep.java:49)
	at cucumber.runner.PickleStepTestStep.run(PickleStepTestStep.java:43)
	at cucumber.runner.TestCase.run(TestCase.java:44)
	at cucumber.runner.Runner.runPickle(Runner.java:40)
	at cucumber.runtime.Runtime$1.run(Runtime.java:84)
	at cucumber.runtime.Runtime$SameThreadExecutorService.execute(Runtime.java:220)
	at cucumber.runtime.Runtime.run(Runtime.java:81)
	at cucumber.api.cli.Main.run(Main.java:26)
	at cucumber.api.cli.Main$run.call(Unknown Source)
	at com.kms.katalon.core.cucumber.keyword.CucumberBuiltinKeywords$_runFeatureFile_closure1.doCall(CucumberBuiltinKeywords.groovy:106)
	at com.kms.katalon.core.cucumber.keyword.CucumberBuiltinKeywords$_runFeatureFile_closure1.doCall(CucumberBuiltinKeywords.groovy)
	at com.kms.katalon.core.keyword.internal.KeywordMain.runKeyword(KeywordMain.groovy:68)
	at com.kms.katalon.core.keyword.internal.KeywordMain$runKeyword.call(Unknown Source)
	at com.kms.katalon.core.cucumber.keyword.CucumberBuiltinKeywords.runFeatureFile(CucumberBuiltinKeywords.groovy:73)
	at com.kms.katalon.core.cucumber.keyword.CucumberBuiltinKeywords$runFeatureFile$0.callStatic(Unknown Source)
	at com.kms.katalon.core.cucumber.keyword.CucumberBuiltinKeywords.runFeatureFile(CucumberBuiltinKeywords.groovy:246)
	at com.kms.katalon.core.cucumber.keyword.CucumberBuiltinKeywords$runFeatureFile.call(Unknown Source)
	at VKN-Kagit-Ihrac Kayitli.run(VKN-Kagit-Ihrac Kayitli:19)
	at com.kms.katalon.core.main.ScriptEngine.run(ScriptEngine.java:194)
	at com.kms.katalon.core.main.ScriptEngine.runScriptAsRawText(ScriptEngine.java:119)
	at com.kms.katalon.core.main.TestCaseExecutor.runScript(TestCaseExecutor.java:369)
	at com.kms.katalon.core.main.TestCaseExecutor.doExecute(TestCaseExecutor.java:360)
	at com.kms.katalon.core.main.TestCaseExecutor.processExecutionPhase(TestCaseExecutor.java:339)
	at com.kms.katalon.core.main.TestCaseExecutor.accessMainPhase(TestCaseExecutor.java:331)
	at com.kms.katalon.core.main.TestCaseExecutor.execute(TestCaseExecutor.java:248)
	at com.kms.katalon.core.main.TestSuiteExecutor.accessTestCaseMainPhase(TestSuiteExecutor.java:191)
	at com.kms.katalon.core.main.TestSuiteExecutor.accessTestSuiteMainPhase(TestSuiteExecutor.java:140)
	at com.kms.katalon.core.main.TestSuiteExecutor.execute(TestSuiteExecutor.java:89)
	at com.kms.katalon.core.main.TestCaseMain.startTestSuite(TestCaseMain.java:181)
	at com.kms.katalon.core.main.TestCaseMain$startTestSuite$0.call(Unknown Source)
	at TempTestSuite1637674444414.run(TempTestSuite1637674444414.groovy:39)
)

2021-11-23 17:00:07 - [TEST_STEP][PASSED] - verifyElementVisible(findTestObject("Object Repository/Kullanici_Islemleri/KullaniciIslemleri")): Object 'Object Repository/Kullanici_Islemleri/KullaniciIslemleri' is visible

2021-11-23 17:00:07 - [MESSAGE][INFO] - Finding Test Object 'Object Repository/Kullanici_Islemleri/KullaniciIslemleri'

2021-11-23 17:00:08 - [MESSAGE][INFO] - Checking object

2021-11-23 17:00:08 - [MESSAGE][INFO] - Finding web element from Test Object's properties

2021-11-23 17:00:08 - [MESSAGE][INFO] - Checking timeout

2021-11-23 17:00:08 - [MESSAGE][INFO] - Finding web element with id: 'Object Repository/Kullanici_Islemleri/KullaniciIslemleri' located by 'By.cssSelector: .dropdown>a>img' in '30' second(s)

2021-11-23 17:00:08 - [MESSAGE][INFO] - Smart Wait Function is triggered

2021-11-23 17:00:08 - [MESSAGE][INFO] - Found 1 web elements with id: 'Object Repository/Kullanici_Islemleri/KullaniciIslemleri' located by 'By.cssSelector: .dropdown>a>img' in '30' second(s)

2021-11-23 17:00:08 - [MESSAGE][PASSED] - Object 'Object Repository/Kullanici_Islemleri/KullaniciIslemleri' is visible

2021-11-23 17:00:08 - [MESSAGE][PASSED] - Call Test Case 'Test Cases/Sayfalar/Giris_Sayfasi/Login' successfully

2021-11-23 17:00:08 - [MESSAGE][INFO] - Checking called Test Case

2021-11-23 17:00:08 - [MESSAGE][INFO] - Starting to call Test Case 'Test Cases/Menu/AnaMenuSecimi'

2021-11-23 17:00:08 - [TEST_CASE][PASSED] - Test Cases/Menu/AnaMenuSecimi: Test Cases/Menu/AnaMenuSecimi

2021-11-23 17:00:08 - [TEST_STEP][PASSED] - Method.TextDegerineEsitElementeTikla(findTestObject("Menu/Ana_Menu"), Ana_Menu): Method.TextDegerineEsitElementeTikla is PASSED

2021-11-23 17:00:08 - [MESSAGE][INFO] - Finding Test Object 'Object Repository/Menu/Ana_Menu'

2021-11-23 17:00:08 - [MESSAGE][INFO] - Checking timeout

2021-11-23 17:00:08 - [MESSAGE][INFO] - Finding web element with id: 'Object Repository/Menu/Ana_Menu' located by 'By.xpath: //*[@class = 'dropdown-toggle']' in '10' second(s)

2021-11-23 17:00:08 - [MESSAGE][INFO] - Smart Wait Function is triggered

2021-11-23 17:00:08 - [MESSAGE][INFO] - Found 13 web elements with id: 'Object Repository/Menu/Ana_Menu' located by 'By.xpath: //*[@class = 'dropdown-toggle']' in '10' second(s)

2021-11-23 17:00:09 - [MESSAGE][PASSED] - Method.TextDegerineEsitElementeTikla is PASSED

2021-11-23 17:00:09 - [MESSAGE][PASSED] - Call Test Case 'Test Cases/Menu/AnaMenuSecimi' successfully

2021-11-23 17:00:09 - [MESSAGE][INFO] - Checking called Test Case

2021-11-23 17:00:09 - [MESSAGE][INFO] - Starting to call Test Case 'Test Cases/Menu/BasligaGoreAltMenuSecimi'

2021-11-23 17:00:09 - [TEST_CASE][PASSED] - Test Cases/Menu/BasligaGoreAltMenuSecimi: Test Cases/Menu/BasligaGoreAltMenuSecimi

2021-11-23 17:00:09 - [TEST_STEP][PASSED] - Method.TextDegerineEsitElementinAltindakiTextDegerineEsitOlanaTikla(findTestObject("Menu/Menu_Basligi"), findTestObject("Menu/Basliga_Gore_Alt_Menu"), Baslik, Alt_Menu): Method.TextDegerineEsitElementinAltindakiTextDegerineEsitOlanaTikla is PASSED

2021-11-23 17:00:09 - [MESSAGE][INFO] - Finding Test Object 'Object Repository/Menu/Menu_Basligi'

2021-11-23 17:00:09 - [MESSAGE][INFO] - Finding Test Object 'Object Repository/Menu/Basliga_Gore_Alt_Menu'

2021-11-23 17:00:09 - [MESSAGE][INFO] - Checking timeout

2021-11-23 17:00:09 - [MESSAGE][INFO] - Finding web element with id: 'Object Repository/Menu/Menu_Basligi' located by 'By.xpath: //li[@class='dropdown dropdown-large open']//li[@class='dropdown-header']' in '10' second(s)

2021-11-23 17:00:09 - [MESSAGE][INFO] - Smart Wait Function is triggered

2021-11-23 17:00:09 - [MESSAGE][INFO] - Found 2 web elements with id: 'Object Repository/Menu/Menu_Basligi' located by 'By.xpath: //li[@class='dropdown dropdown-large open']//li[@class='dropdown-header']' in '10' second(s)

2021-11-23 17:00:09 - [MESSAGE][INFO] - Smart Wait Function is triggered

2021-11-23 17:00:13 - [MESSAGE][PASSED] - Method.TextDegerineEsitElementinAltindakiTextDegerineEsitOlanaTikla is PASSED

2021-11-23 17:00:13 - [MESSAGE][PASSED] - Call Test Case 'Test Cases/Menu/BasligaGoreAltMenuSecimi' successfully

2021-11-23 17:00:13 - [MESSAGE][INFO] - Checking called Test Case

2021-11-23 17:00:13 - [MESSAGE][INFO] - Starting to call Test Case 'Test Cases/Tablo/Olusturma Tarihi'

2021-11-23 17:00:13 - [TEST_CASE][PASSED] - Test Cases/Tablo/Olusturma Tarihi: Test Cases/Tablo/Olusturma Tarihi

2021-11-23 17:00:13 - [TEST_STEP][PASSED] - if (verifyTextNotPresent("Görüntülenecek veri yok", true, OPTIONAL)): null

2021-11-23 17:00:13 - [MESSAGE][INFO] - Checking text present  using regular expression

2021-11-23 17:00:13 - [MESSAGE][INFO] - Smart Wait Function is triggered

2021-11-23 17:00:13 - [MESSAGE][INFO] - Finding text 'Görüntülenecek veri yok' on page  using regular expression

2021-11-23 17:00:13 - [MESSAGE][PASSED] - Text 'Görüntülenecek veri yok' is not present on page using regular expression

2021-11-23 17:00:13 - [TEST_STEP][PASSED] - click(findTestObject("Temizle/Olusturma_Tarihi_CheckBox")): Object: 'Object Repository/Temizle/Olusturma_Tarihi_CheckBox' is clicked on

2021-11-23 17:00:13 - [MESSAGE][INFO] - Finding Test Object 'Object Repository/Temizle/Olusturma_Tarihi_CheckBox'

2021-11-23 17:00:13 - [MESSAGE][INFO] - Checking object

2021-11-23 17:00:13 - [MESSAGE][INFO] - Finding web element from Test Object's properties

2021-11-23 17:00:13 - [MESSAGE][INFO] - Checking timeout

2021-11-23 17:00:13 - [MESSAGE][INFO] - Finding web element with id: 'Object Repository/Temizle/Olusturma_Tarihi_CheckBox' located by 'By.xpath: //*[@title = 'Bu sayfadaki tüm satırları Seç']' in '30' second(s)

2021-11-23 17:00:13 - [MESSAGE][INFO] - Smart Wait Function is triggered

2021-11-23 17:00:14 - [MESSAGE][INFO] - Found 1 web elements with id: 'Object Repository/Temizle/Olusturma_Tarihi_CheckBox' located by 'By.xpath: //*[@title = 'Bu sayfadaki tüm satırları Seç']' in '30' second(s)

2021-11-23 17:00:14 - [MESSAGE][INFO] - Clicking on object: 'Object Repository/Temizle/Olusturma_Tarihi_CheckBox'

2021-11-23 17:00:14 - [MESSAGE][PASSED] - Object: 'Object Repository/Temizle/Olusturma_Tarihi_CheckBox' is clicked on

2021-11-23 17:00:14 - [TEST_STEP][PASSED] - Method.TextDegerineEsitElementeTiklaEquals(findTestObject("Butonlar/Butonlar"), "Sil"): Method.TextDegerineEsitElementeTiklaEquals is PASSED

2021-11-23 17:00:14 - [MESSAGE][INFO] - Finding Test Object 'Object Repository/Butonlar/Butonlar'

2021-11-23 17:00:14 - [MESSAGE][INFO] - Checking timeout

2021-11-23 17:00:14 - [MESSAGE][INFO] - Finding web element with id: 'Object Repository/Butonlar/Butonlar' located by 'By.cssSelector: .panel.panel-default.text-center.footerPanel .btn,.btn.btn-primary.btnControls' in '10' second(s)

2021-11-23 17:00:14 - [MESSAGE][INFO] - Smart Wait Function is triggered

2021-11-23 17:00:14 - [MESSAGE][INFO] - Found 9 web elements with id: 'Object Repository/Butonlar/Butonlar' located by 'By.cssSelector: .panel.panel-default.text-center.footerPanel .btn,.btn.btn-primary.btnControls' in '10' second(s)

2021-11-23 17:00:14 - [MESSAGE][PASSED] - Method.TextDegerineEsitElementeTiklaEquals is PASSED

2021-11-23 17:00:14 - [TEST_STEP][PASSED] - Method.TextDegerineEsitElementeTikla(findTestObject("Popup/Popup_Butons"), "Evet"): Method.TextDegerineEsitElementeTikla is PASSED

2021-11-23 17:00:14 - [MESSAGE][INFO] - Finding Test Object 'Object Repository/Popup/Popup_Butons'

2021-11-23 17:00:14 - [MESSAGE][INFO] - Checking timeout

2021-11-23 17:00:14 - [MESSAGE][INFO] - Finding web element with id: 'Object Repository/Popup/Popup_Butons' located by 'By.cssSelector: .modal-footer>button' in '10' second(s)

2021-11-23 17:00:14 - [MESSAGE][INFO] - Smart Wait Function is triggered

2021-11-23 17:00:15 - [MESSAGE][INFO] - Found 2 web elements with id: 'Object Repository/Popup/Popup_Butons' located by 'By.cssSelector: .modal-footer>button' in '10' second(s)

2021-11-23 17:00:16 - [MESSAGE][PASSED] - Method.TextDegerineEsitElementeTikla is PASSED

2021-11-23 17:00:16 - [TEST_STEP][PASSED] - Method.TextDegerineEsitElementeTikla(findTestObject("Popup/Popup_Butons"), "Tamam"): Method.TextDegerineEsitElementeTikla is PASSED

2021-11-23 17:00:16 - [MESSAGE][INFO] - Finding Test Object 'Object Repository/Popup/Popup_Butons'

2021-11-23 17:00:16 - [MESSAGE][INFO] - Checking timeout

2021-11-23 17:00:16 - [MESSAGE][INFO] - Finding web element with id: 'Object Repository/Popup/Popup_Butons' located by 'By.cssSelector: .modal-footer>button' in '10' second(s)

2021-11-23 17:00:16 - [MESSAGE][INFO] - Smart Wait Function is triggered

2021-11-23 17:00:16 - [MESSAGE][INFO] - Found 1 web elements with id: 'Object Repository/Popup/Popup_Butons' located by 'By.cssSelector: .modal-footer>button' in '10' second(s)

2021-11-23 17:00:16 - [MESSAGE][PASSED] - Method.TextDegerineEsitElementeTikla is PASSED

2021-11-23 17:00:16 - [MESSAGE][PASSED] - Call Test Case 'Test Cases/Tablo/Olusturma Tarihi' successfully

2021-11-23 17:00:16 - [MESSAGE][INFO] - Checking called Test Case

2021-11-23 17:00:16 - [MESSAGE][INFO] - Starting to call Test Case 'Test Cases/Butonlar/ButonaTikla'

2021-11-23 17:00:16 - [TEST_CASE][PASSED] - Test Cases/Butonlar/ButonaTikla: Test Cases/Butonlar/ButonaTikla

2021-11-23 17:00:16 - [TEST_STEP][PASSED] - Method.TextDegerineEsitElementeTiklaEquals(findTestObject("Butonlar/Butonlar"), Buton_Adi): Method.TextDegerineEsitElementeTiklaEquals is PASSED

2021-11-23 17:00:16 - [MESSAGE][INFO] - Finding Test Object 'Object Repository/Butonlar/Butonlar'

2021-11-23 17:00:17 - [MESSAGE][INFO] - Checking timeout

2021-11-23 17:00:17 - [MESSAGE][INFO] - Finding web element with id: 'Object Repository/Butonlar/Butonlar' located by 'By.cssSelector: .panel.panel-default.text-center.footerPanel .btn,.btn.btn-primary.btnControls' in '10' second(s)

2021-11-23 17:00:17 - [MESSAGE][INFO] - Smart Wait Function is triggered

2021-11-23 17:00:17 - [MESSAGE][INFO] - Found 9 web elements with id: 'Object Repository/Butonlar/Butonlar' located by 'By.cssSelector: .panel.panel-default.text-center.footerPanel .btn,.btn.btn-primary.btnControls' in '10' second(s)

2021-11-23 17:00:17 - [MESSAGE][PASSED] - Method.TextDegerineEsitElementeTiklaEquals is PASSED

2021-11-23 17:00:17 - [MESSAGE][PASSED] - Call Test Case 'Test Cases/Butonlar/ButonaTikla' successfully

2021-11-23 17:00:17 - [MESSAGE][INFO] - Checking called Test Case

2021-11-23 17:00:17 - [MESSAGE][INFO] - Starting to call Test Case 'Test Cases/Olusturma/Genel/GorselTasarimSayfasıBasligiIceriyorMu'

2021-11-23 17:00:17 - [TEST_CASE][PASSED] - Test Cases/Olusturma/Genel/GorselTasarimSayfasıBasligiIceriyorMu: Test Cases/Olusturma/Genel/GorselTasarimSayfasıBasligiIceriyorMu

2021-11-23 17:00:17 - [TEST_STEP][PASSED] - verifyElementText(findTestObject("Object Repository/Olusturma/Genel/GorselTasarimBaslik"), Baslik): Actual text and expected text of test object 'Object Repository/Olusturma/Genel/GorselTasarimBaslik' are matched.

2021-11-23 17:00:17 - [MESSAGE][INFO] - Finding Test Object 'Object Repository/Olusturma/Genel/GorselTasarimBaslik'

2021-11-23 17:00:17 - [MESSAGE][INFO] - Checking object

2021-11-23 17:00:17 - [MESSAGE][INFO] - Finding web element from Test Object's properties

2021-11-23 17:00:17 - [MESSAGE][INFO] - Checking timeout

2021-11-23 17:00:17 - [MESSAGE][INFO] - Finding web element with id: 'Object Repository/Olusturma/Genel/GorselTasarimBaslik' located by 'By.cssSelector: #flAlici_0>div>span' in '30' second(s)

2021-11-23 17:00:17 - [MESSAGE][INFO] - Smart Wait Function is triggered

2021-11-23 17:00:26 - [MESSAGE][INFO] - Found 1 web elements with id: 'Object Repository/Olusturma/Genel/GorselTasarimBaslik' located by 'By.cssSelector: #flAlici_0>div>span' in '30' second(s)

2021-11-23 17:00:26 - [MESSAGE][PASSED] - Actual text and expected text of test object 'Object Repository/Olusturma/Genel/GorselTasarimBaslik' are matched.

2021-11-23 17:00:26 - [MESSAGE][PASSED] - Call Test Case 'Test Cases/Olusturma/Genel/GorselTasarimSayfasıBasligiIceriyorMu' successfully

2021-11-23 17:00:26 - [MESSAGE][INFO] - Checking called Test Case

2021-11-23 17:00:26 - [MESSAGE][INFO] - Starting to call Test Case 'Test Cases/Olusturma/Genel/AliciSecilir'

2021-11-23 17:00:26 - [TEST_CASE][PASSED] - Test Cases/Olusturma/Genel/AliciSecilir: Test Cases/Olusturma/Genel/AliciSecilir

2021-11-23 17:00:26 - [TEST_STEP][PASSED] - click(findTestObject("Olusturma/Genel/AliciBilgisi/Alici_Ara")): Object: 'Object Repository/Olusturma/Genel/AliciBilgisi/Alici_Ara' is clicked on

2021-11-23 17:00:26 - [MESSAGE][INFO] - Finding Test Object 'Object Repository/Olusturma/Genel/AliciBilgisi/Alici_Ara'

2021-11-23 17:00:26 - [MESSAGE][INFO] - Checking object

2021-11-23 17:00:26 - [MESSAGE][INFO] - Finding web element from Test Object's properties

2021-11-23 17:00:26 - [MESSAGE][INFO] - Checking timeout

2021-11-23 17:00:26 - [MESSAGE][INFO] - Finding web element with id: 'Object Repository/Olusturma/Genel/AliciBilgisi/Alici_Ara' located by 'By.xpath: //td[@id='txtCustomerText_B-1']' in '30' second(s)

2021-11-23 17:00:26 - [MESSAGE][INFO] - Smart Wait Function is triggered

2021-11-23 17:00:26 - [MESSAGE][INFO] - Found 1 web elements with id: 'Object Repository/Olusturma/Genel/AliciBilgisi/Alici_Ara' located by 'By.xpath: //td[@id='txtCustomerText_B-1']' in '30' second(s)

2021-11-23 17:00:26 - [MESSAGE][INFO] - Clicking on object: 'Object Repository/Olusturma/Genel/AliciBilgisi/Alici_Ara'

2021-11-23 17:00:26 - [MESSAGE][PASSED] - Object: 'Object Repository/Olusturma/Genel/AliciBilgisi/Alici_Ara' is clicked on

2021-11-23 17:00:26 - [TEST_STEP][PASSED] - click(findTestObject("Olusturma/Genel/AliciBilgisi/Alici_Bilgisi")): Object: 'Object Repository/Olusturma/Genel/AliciBilgisi/Alici_Bilgisi' is clicked on

2021-11-23 17:00:26 - [MESSAGE][INFO] - Finding Test Object 'Object Repository/Olusturma/Genel/AliciBilgisi/Alici_Bilgisi'

2021-11-23 17:00:27 - [MESSAGE][INFO] - Checking object

2021-11-23 17:00:27 - [MESSAGE][INFO] - Finding web element from Test Object's properties

2021-11-23 17:00:27 - [MESSAGE][INFO] - Checking timeout

2021-11-23 17:00:27 - [MESSAGE][INFO] - Finding web element with id: 'Object Repository/Olusturma/Genel/AliciBilgisi/Alici_Bilgisi' located by 'By.xpath: //iframe[@id='customerselectiframe']' in '30' second(s)

2021-11-23 17:00:27 - [MESSAGE][INFO] - Smart Wait Function is triggered

2021-11-23 17:00:27 - [MESSAGE][INFO] - Found 1 web elements with id: 'Object Repository/Olusturma/Genel/AliciBilgisi/Alici_Bilgisi' located by 'By.xpath: //iframe[@id='customerselectiframe']' in '30' second(s)

2021-11-23 17:00:27 - [MESSAGE][INFO] - Clicking on object: 'Object Repository/Olusturma/Genel/AliciBilgisi/Alici_Bilgisi'

2021-11-23 17:00:27 - [MESSAGE][PASSED] - Object: 'Object Repository/Olusturma/Genel/AliciBilgisi/Alici_Bilgisi' is clicked on

2021-11-23 17:00:27 - [TEST_STEP][PASSED] - setText(findTestObject("Olusturma/Genel/AliciBilgisi/Alici_Gir"), Alici_Adi): Switching to default content

2021-11-23 17:00:27 - [MESSAGE][INFO] - Finding Test Object 'Object Repository/Olusturma/Genel/AliciBilgisi/Alici_Gir'

2021-11-23 17:00:27 - [MESSAGE][INFO] - Finding Test Object 'Object Repository/Olusturma/Genel/AliciBilgisi/Alici_Bilgisi'

2021-11-23 17:00:27 - [MESSAGE][INFO] - Checking object

2021-11-23 17:00:27 - [MESSAGE][INFO] - Checking text

2021-11-23 17:00:27 - [MESSAGE][INFO] - Object: 'Object Repository/Olusturma/Genel/AliciBilgisi/Alici_Gir' has parent object(s)

2021-11-23 17:00:27 - [MESSAGE][INFO] - Switching to iframe: 'Object Repository/Olusturma/Genel/AliciBilgisi/Alici_Bilgisi'

2021-11-23 17:00:27 - [MESSAGE][INFO] - Finding web element from Test Object's properties

2021-11-23 17:00:27 - [MESSAGE][INFO] - Checking timeout

2021-11-23 17:00:27 - [MESSAGE][INFO] - Finding web element with id: 'Object Repository/Olusturma/Genel/AliciBilgisi/Alici_Bilgisi' located by 'By.xpath: //iframe[@id='customerselectiframe']' in '30' second(s)

2021-11-23 17:00:27 - [MESSAGE][INFO] - Smart Wait Function is triggered

2021-11-23 17:00:28 - [MESSAGE][INFO] - Found 1 web elements with id: 'Object Repository/Olusturma/Genel/AliciBilgisi/Alici_Bilgisi' located by 'By.xpath: //iframe[@id='customerselectiframe']' in '30' second(s)

2021-11-23 17:00:28 - [MESSAGE][INFO] - Switched to iframe: 'Object Repository/Olusturma/Genel/AliciBilgisi/Alici_Bilgisi'

2021-11-23 17:00:28 - [MESSAGE][INFO] - Finding web element from Test Object's properties

2021-11-23 17:00:28 - [MESSAGE][INFO] - Checking timeout

2021-11-23 17:00:28 - [MESSAGE][INFO] - Finding web element with id: 'Object Repository/Olusturma/Genel/AliciBilgisi/Alici_Gir' located by 'By.xpath: //input[@id='GridViewCustomer_DXFREditorcol1_I']' in '30' second(s)

2021-11-23 17:00:28 - [MESSAGE][INFO] - Smart Wait Function is triggered

2021-11-23 17:00:28 - [MESSAGE][INFO] - Found 1 web elements with id: 'Object Repository/Olusturma/Genel/AliciBilgisi/Alici_Gir' located by 'By.xpath: //input[@id='GridViewCustomer_DXFREditorcol1_I']' in '30' second(s)

2021-11-23 17:00:28 - [MESSAGE][INFO] - Clearing text of object 'Object Repository/Olusturma/Genel/AliciBilgisi/Alici_Gir'

2021-11-23 17:00:28 - [MESSAGE][INFO] - Finding web element from Test Object's properties

2021-11-23 17:00:28 - [MESSAGE][INFO] - Checking timeout

2021-11-23 17:00:28 - [MESSAGE][INFO] - Finding web element with id: 'Object Repository/Olusturma/Genel/AliciBilgisi/Alici_Gir' located by 'By.xpath: //input[@id='GridViewCustomer_DXFREditorcol1_I']' in '30' second(s)

2021-11-23 17:00:28 - [MESSAGE][INFO] - Smart Wait Function is triggered

2021-11-23 17:00:28 - [MESSAGE][INFO] - Found 1 web elements with id: 'Object Repository/Olusturma/Genel/AliciBilgisi/Alici_Gir' located by 'By.xpath: //input[@id='GridViewCustomer_DXFREditorcol1_I']' in '30' second(s)

2021-11-23 17:00:28 - [MESSAGE][INFO] - Setting text of object 'Object Repository/Olusturma/Genel/AliciBilgisi/Alici_Gir' to value 'UC0012'

2021-11-23 17:00:28 - [MESSAGE][PASSED] - Text 'UC0012' is set on object 'Object Repository/Olusturma/Genel/AliciBilgisi/Alici_Gir'

2021-11-23 17:00:28 - [MESSAGE][INFO] - Switching to default content

2021-11-23 17:00:28 - [TEST_STEP][PASSED] - waitForElementClickable(findTestObject("Olusturma/Genel/AliciBilgisi/Alici_Adi"), 10): Switching to default content

2021-11-23 17:00:28 - [MESSAGE][INFO] - Finding Test Object 'Object Repository/Olusturma/Genel/AliciBilgisi/Alici_Adi'

2021-11-23 17:00:28 - [MESSAGE][INFO] - Finding Test Object 'Object Repository/Olusturma/Genel/AliciBilgisi/iframe_Alc Bilgisi_customerselectiframe'

2021-11-23 17:00:28 - [MESSAGE][INFO] - Checking object

2021-11-23 17:00:28 - [MESSAGE][INFO] - Checking timeout

2021-11-23 17:00:28 - [MESSAGE][INFO] - Object: 'Object Repository/Olusturma/Genel/AliciBilgisi/Alici_Adi' has parent object(s)

2021-11-23 17:00:28 - [MESSAGE][INFO] - Switching to iframe: 'Object Repository/Olusturma/Genel/AliciBilgisi/iframe_Alc Bilgisi_customerselectiframe'

2021-11-23 17:00:28 - [MESSAGE][INFO] - Finding web element from Test Object's properties

2021-11-23 17:00:28 - [MESSAGE][INFO] - Checking timeout

2021-11-23 17:00:28 - [MESSAGE][INFO] - Finding web element with id: 'Object Repository/Olusturma/Genel/AliciBilgisi/iframe_Alc Bilgisi_customerselectiframe' located by 'By.xpath: //iframe[@id='customerselectiframe']' in '10' second(s)

2021-11-23 17:00:28 - [MESSAGE][INFO] - Smart Wait Function is triggered

2021-11-23 17:00:28 - [MESSAGE][INFO] - Found 1 web elements with id: 'Object Repository/Olusturma/Genel/AliciBilgisi/iframe_Alc Bilgisi_customerselectiframe' located by 'By.xpath: //iframe[@id='customerselectiframe']' in '10' second(s)

2021-11-23 17:00:28 - [MESSAGE][INFO] - Switched to iframe: 'Object Repository/Olusturma/Genel/AliciBilgisi/iframe_Alc Bilgisi_customerselectiframe'

2021-11-23 17:00:28 - [MESSAGE][INFO] - Finding web element from Test Object's properties

2021-11-23 17:00:28 - [MESSAGE][INFO] - Checking timeout

2021-11-23 17:00:28 - [MESSAGE][INFO] - Finding web element with id: 'Object Repository/Olusturma/Genel/AliciBilgisi/Alici_Adi' located by 'By.xpath: //tr[@id='GridViewCustomer_DXDataRow0']/td[2]' in '10' second(s)

2021-11-23 17:00:28 - [MESSAGE][INFO] - Smart Wait Function is triggered

2021-11-23 17:00:28 - [MESSAGE][INFO] - Found 1 web elements with id: 'Object Repository/Olusturma/Genel/AliciBilgisi/Alici_Adi' located by 'By.xpath: //tr[@id='GridViewCustomer_DXDataRow0']/td[2]' in '10' second(s)

2021-11-23 17:00:28 - [MESSAGE][PASSED] - Object 'Object Repository/Olusturma/Genel/AliciBilgisi/Alici_Adi' is clickable

2021-11-23 17:00:28 - [MESSAGE][INFO] - Switching to default content

2021-11-23 17:00:28 - [TEST_STEP][PASSED] - click(findTestObject("Olusturma/Genel/AliciBilgisi/frame")): Switching to default content

2021-11-23 17:00:28 - [MESSAGE][INFO] - Finding Test Object 'Object Repository/Olusturma/Genel/AliciBilgisi/frame'

2021-11-23 17:00:28 - [MESSAGE][INFO] - Finding Test Object 'Object Repository/Olusturma/Genel/AliciBilgisi/iframe_Alc Bilgisi_customerselectiframe'

2021-11-23 17:00:28 - [MESSAGE][INFO] - Checking object

2021-11-23 17:00:28 - [MESSAGE][INFO] - Object: 'Object Repository/Olusturma/Genel/AliciBilgisi/frame' has parent object(s)

2021-11-23 17:00:28 - [MESSAGE][INFO] - Switching to iframe: 'Object Repository/Olusturma/Genel/AliciBilgisi/iframe_Alc Bilgisi_customerselectiframe'

2021-11-23 17:00:28 - [MESSAGE][INFO] - Finding web element from Test Object's properties

2021-11-23 17:00:28 - [MESSAGE][INFO] - Checking timeout

2021-11-23 17:00:28 - [MESSAGE][INFO] - Finding web element with id: 'Object Repository/Olusturma/Genel/AliciBilgisi/iframe_Alc Bilgisi_customerselectiframe' located by 'By.xpath: //iframe[@id='customerselectiframe']' in '30' second(s)

2021-11-23 17:00:28 - [MESSAGE][INFO] - Smart Wait Function is triggered

2021-11-23 17:00:29 - [MESSAGE][INFO] - Found 1 web elements with id: 'Object Repository/Olusturma/Genel/AliciBilgisi/iframe_Alc Bilgisi_customerselectiframe' located by 'By.xpath: //iframe[@id='customerselectiframe']' in '30' second(s)

2021-11-23 17:00:29 - [MESSAGE][INFO] - Switched to iframe: 'Object Repository/Olusturma/Genel/AliciBilgisi/iframe_Alc Bilgisi_customerselectiframe'

2021-11-23 17:00:29 - [MESSAGE][INFO] - Finding web element from Test Object's properties

2021-11-23 17:00:29 - [MESSAGE][INFO] - Checking timeout

2021-11-23 17:00:29 - [MESSAGE][INFO] - Finding web element with id: 'Object Repository/Olusturma/Genel/AliciBilgisi/frame' located by 'By.xpath: //*/text()[normalize-space(.)='']/parent::*' in '30' second(s)

2021-11-23 17:00:29 - [MESSAGE][INFO] - Smart Wait Function is triggered

2021-11-23 17:00:29 - [MESSAGE][INFO] - Found 66 web elements with id: 'Object Repository/Olusturma/Genel/AliciBilgisi/frame' located by 'By.xpath: //*/text()[normalize-space(.)='']/parent::*' in '30' second(s)

2021-11-23 17:00:29 - [MESSAGE][INFO] - Clicking on object: 'Object Repository/Olusturma/Genel/AliciBilgisi/frame'

2021-11-23 17:00:29 - [MESSAGE][PASSED] - Object: 'Object Repository/Olusturma/Genel/AliciBilgisi/frame' is clicked on

2021-11-23 17:00:29 - [MESSAGE][INFO] - Switching to default content

2021-11-23 17:00:29 - [TEST_STEP][PASSED] - click(findTestObject("Olusturma/Genel/AliciBilgisi/Alici_Adi")): Switching to default content

2021-11-23 17:00:29 - [MESSAGE][INFO] - Finding Test Object 'Object Repository/Olusturma/Genel/AliciBilgisi/Alici_Adi'

2021-11-23 17:00:29 - [MESSAGE][INFO] - Finding Test Object 'Object Repository/Olusturma/Genel/AliciBilgisi/iframe_Alc Bilgisi_customerselectiframe'

2021-11-23 17:00:29 - [MESSAGE][INFO] - Checking object

2021-11-23 17:00:29 - [MESSAGE][INFO] - Object: 'Object Repository/Olusturma/Genel/AliciBilgisi/Alici_Adi' has parent object(s)

2021-11-23 17:00:29 - [MESSAGE][INFO] - Switching to iframe: 'Object Repository/Olusturma/Genel/AliciBilgisi/iframe_Alc Bilgisi_customerselectiframe'

2021-11-23 17:00:29 - [MESSAGE][INFO] - Finding web element from Test Object's properties

2021-11-23 17:00:29 - [MESSAGE][INFO] - Checking timeout

2021-11-23 17:00:29 - [MESSAGE][INFO] - Finding web element with id: 'Object Repository/Olusturma/Genel/AliciBilgisi/iframe_Alc Bilgisi_customerselectiframe' located by 'By.xpath: //iframe[@id='customerselectiframe']' in '30' second(s)

2021-11-23 17:00:29 - [MESSAGE][INFO] - Smart Wait Function is triggered

2021-11-23 17:00:29 - [MESSAGE][INFO] - Found 1 web elements with id: 'Object Repository/Olusturma/Genel/AliciBilgisi/iframe_Alc Bilgisi_customerselectiframe' located by 'By.xpath: //iframe[@id='customerselectiframe']' in '30' second(s)

2021-11-23 17:00:29 - [MESSAGE][INFO] - Switched to iframe: 'Object Repository/Olusturma/Genel/AliciBilgisi/iframe_Alc Bilgisi_customerselectiframe'

2021-11-23 17:00:29 - [MESSAGE][INFO] - Finding web element from Test Object's properties

2021-11-23 17:00:29 - [MESSAGE][INFO] - Checking timeout

2021-11-23 17:00:29 - [MESSAGE][INFO] - Finding web element with id: 'Object Repository/Olusturma/Genel/AliciBilgisi/Alici_Adi' located by 'By.xpath: //tr[@id='GridViewCustomer_DXDataRow0']/td[2]' in '30' second(s)

2021-11-23 17:00:29 - [MESSAGE][INFO] - Smart Wait Function is triggered

2021-11-23 17:00:29 - [MESSAGE][INFO] - Found 1 web elements with id: 'Object Repository/Olusturma/Genel/AliciBilgisi/Alici_Adi' located by 'By.xpath: //tr[@id='GridViewCustomer_DXDataRow0']/td[2]' in '30' second(s)

2021-11-23 17:00:29 - [MESSAGE][INFO] - Clicking on object: 'Object Repository/Olusturma/Genel/AliciBilgisi/Alici_Adi'

2021-11-23 17:00:29 - [MESSAGE][PASSED] - Object: 'Object Repository/Olusturma/Genel/AliciBilgisi/Alici_Adi' is clicked on

2021-11-23 17:00:29 - [MESSAGE][INFO] - Switching to default content

2021-11-23 17:00:29 - [TEST_STEP][PASSED] - click(findTestObject("Olusturma/Genel/AliciBilgisi/Tamam_Bosluk")): Switching to default content

2021-11-23 17:00:29 - [MESSAGE][INFO] - Finding Test Object 'Object Repository/Olusturma/Genel/AliciBilgisi/Tamam_Bosluk'

2021-11-23 17:00:30 - [MESSAGE][INFO] - Finding Test Object 'Object Repository/Olusturma/Genel/AliciBilgisi/Alici_Bilgisi'

2021-11-23 17:00:30 - [MESSAGE][INFO] - Checking object

2021-11-23 17:00:30 - [MESSAGE][INFO] - Object: 'Object Repository/Olusturma/Genel/AliciBilgisi/Tamam_Bosluk' has parent object(s)

2021-11-23 17:00:30 - [MESSAGE][INFO] - Switching to iframe: 'Object Repository/Olusturma/Genel/AliciBilgisi/Alici_Bilgisi'

2021-11-23 17:00:30 - [MESSAGE][INFO] - Finding web element from Test Object's properties

2021-11-23 17:00:30 - [MESSAGE][INFO] - Checking timeout

2021-11-23 17:00:30 - [MESSAGE][INFO] - Finding web element with id: 'Object Repository/Olusturma/Genel/AliciBilgisi/Alici_Bilgisi' located by 'By.xpath: //iframe[@id='customerselectiframe']' in '30' second(s)

2021-11-23 17:00:30 - [MESSAGE][INFO] - Smart Wait Function is triggered

2021-11-23 17:00:30 - [MESSAGE][INFO] - Found 1 web elements with id: 'Object Repository/Olusturma/Genel/AliciBilgisi/Alici_Bilgisi' located by 'By.xpath: //iframe[@id='customerselectiframe']' in '30' second(s)

2021-11-23 17:00:30 - [MESSAGE][INFO] - Switched to iframe: 'Object Repository/Olusturma/Genel/AliciBilgisi/Alici_Bilgisi'

2021-11-23 17:00:30 - [MESSAGE][INFO] - Finding web element from Test Object's properties

2021-11-23 17:00:30 - [MESSAGE][INFO] - Checking timeout

2021-11-23 17:00:30 - [MESSAGE][INFO] - Finding web element with id: 'Object Repository/Olusturma/Genel/AliciBilgisi/Tamam_Bosluk' located by 'By.xpath: (.//*[normalize-space(text()) and normalize-space(.)='Sayfa Boyutu:'])[1]/following::div[7]' in '30' second(s)

2021-11-23 17:00:30 - [MESSAGE][INFO] - Smart Wait Function is triggered

2021-11-23 17:00:30 - [MESSAGE][INFO] - Found 1 web elements with id: 'Object Repository/Olusturma/Genel/AliciBilgisi/Tamam_Bosluk' located by 'By.xpath: (.//*[normalize-space(text()) and normalize-space(.)='Sayfa Boyutu:'])[1]/following::div[7]' in '30' second(s)

2021-11-23 17:00:30 - [MESSAGE][INFO] - Clicking on object: 'Object Repository/Olusturma/Genel/AliciBilgisi/Tamam_Bosluk'

2021-11-23 17:00:30 - [MESSAGE][PASSED] - Object: 'Object Repository/Olusturma/Genel/AliciBilgisi/Tamam_Bosluk' is clicked on

2021-11-23 17:00:30 - [MESSAGE][INFO] - Switching to default content

2021-11-23 17:00:30 - [TEST_STEP][PASSED] - waitForElementClickable(findTestObject("Olusturma/Genel/AliciBilgisi/Tamam_Butonu"), 10): Switching to default content

2021-11-23 17:00:30 - [MESSAGE][INFO] - Finding Test Object 'Object Repository/Olusturma/Genel/AliciBilgisi/Tamam_Butonu'

2021-11-23 17:00:30 - [MESSAGE][INFO] - Finding Test Object 'Object Repository/Olusturma/Genel/AliciBilgisi/Alici_Bilgisi'

2021-11-23 17:00:30 - [MESSAGE][INFO] - Checking object

2021-11-23 17:00:30 - [MESSAGE][INFO] - Checking timeout

2021-11-23 17:00:30 - [MESSAGE][INFO] - Object: 'Object Repository/Olusturma/Genel/AliciBilgisi/Tamam_Butonu' has parent object(s)

2021-11-23 17:00:30 - [MESSAGE][INFO] - Switching to iframe: 'Object Repository/Olusturma/Genel/AliciBilgisi/Alici_Bilgisi'

2021-11-23 17:00:30 - [MESSAGE][INFO] - Finding web element from Test Object's properties

2021-11-23 17:00:30 - [MESSAGE][INFO] - Checking timeout

2021-11-23 17:00:30 - [MESSAGE][INFO] - Finding web element with id: 'Object Repository/Olusturma/Genel/AliciBilgisi/Alici_Bilgisi' located by 'By.xpath: //iframe[@id='customerselectiframe']' in '10' second(s)

2021-11-23 17:00:30 - [MESSAGE][INFO] - Smart Wait Function is triggered

2021-11-23 17:00:30 - [MESSAGE][INFO] - Found 1 web elements with id: 'Object Repository/Olusturma/Genel/AliciBilgisi/Alici_Bilgisi' located by 'By.xpath: //iframe[@id='customerselectiframe']' in '10' second(s)

2021-11-23 17:00:30 - [MESSAGE][INFO] - Switched to iframe: 'Object Repository/Olusturma/Genel/AliciBilgisi/Alici_Bilgisi'

2021-11-23 17:00:30 - [MESSAGE][INFO] - Finding web element from Test Object's properties

2021-11-23 17:00:30 - [MESSAGE][INFO] - Checking timeout

2021-11-23 17:00:30 - [MESSAGE][INFO] - Finding web element with id: 'Object Repository/Olusturma/Genel/AliciBilgisi/Tamam_Butonu' located by 'By.xpath: //div[@id='btnSelectCustomer_CD']/span' in '10' second(s)

2021-11-23 17:00:30 - [MESSAGE][INFO] - Smart Wait Function is triggered

2021-11-23 17:00:31 - [MESSAGE][INFO] - Found 1 web elements with id: 'Object Repository/Olusturma/Genel/AliciBilgisi/Tamam_Butonu' located by 'By.xpath: //div[@id='btnSelectCustomer_CD']/span' in '10' second(s)

2021-11-23 17:00:31 - [MESSAGE][PASSED] - Object 'Object Repository/Olusturma/Genel/AliciBilgisi/Tamam_Butonu' is clickable

2021-11-23 17:00:31 - [MESSAGE][INFO] - Switching to default content

2021-11-23 17:00:31 - [TEST_STEP][PASSED] - click(findTestObject("Olusturma/Genel/AliciBilgisi/Tamam_Butonu")): Switching to default content

2021-11-23 17:00:31 - [MESSAGE][INFO] - Finding Test Object 'Object Repository/Olusturma/Genel/AliciBilgisi/Tamam_Butonu'

2021-11-23 17:00:31 - [MESSAGE][INFO] - Finding Test Object 'Object Repository/Olusturma/Genel/AliciBilgisi/Alici_Bilgisi'

2021-11-23 17:00:31 - [MESSAGE][INFO] - Checking object

2021-11-23 17:00:31 - [MESSAGE][INFO] - Object: 'Object Repository/Olusturma/Genel/AliciBilgisi/Tamam_Butonu' has parent object(s)

2021-11-23 17:00:31 - [MESSAGE][INFO] - Switching to iframe: 'Object Repository/Olusturma/Genel/AliciBilgisi/Alici_Bilgisi'

2021-11-23 17:00:31 - [MESSAGE][INFO] - Finding web element from Test Object's properties

2021-11-23 17:00:31 - [MESSAGE][INFO] - Checking timeout

2021-11-23 17:00:31 - [MESSAGE][INFO] - Finding web element with id: 'Object Repository/Olusturma/Genel/AliciBilgisi/Alici_Bilgisi' located by 'By.xpath: //iframe[@id='customerselectiframe']' in '30' second(s)

2021-11-23 17:00:31 - [MESSAGE][INFO] - Smart Wait Function is triggered

2021-11-23 17:00:31 - [MESSAGE][INFO] - Found 1 web elements with id: 'Object Repository/Olusturma/Genel/AliciBilgisi/Alici_Bilgisi' located by 'By.xpath: //iframe[@id='customerselectiframe']' in '30' second(s)

2021-11-23 17:00:31 - [MESSAGE][INFO] - Switched to iframe: 'Object Repository/Olusturma/Genel/AliciBilgisi/Alici_Bilgisi'

2021-11-23 17:00:31 - [MESSAGE][INFO] - Finding web element from Test Object's properties

2021-11-23 17:00:31 - [MESSAGE][INFO] - Checking timeout

2021-11-23 17:00:31 - [MESSAGE][INFO] - Finding web element with id: 'Object Repository/Olusturma/Genel/AliciBilgisi/Tamam_Butonu' located by 'By.xpath: //div[@id='btnSelectCustomer_CD']/span' in '30' second(s)

2021-11-23 17:00:31 - [MESSAGE][INFO] - Smart Wait Function is triggered

2021-11-23 17:00:31 - [MESSAGE][INFO] - Found 1 web elements with id: 'Object Repository/Olusturma/Genel/AliciBilgisi/Tamam_Butonu' located by 'By.xpath: //div[@id='btnSelectCustomer_CD']/span' in '30' second(s)

2021-11-23 17:00:31 - [MESSAGE][INFO] - Clicking on object: 'Object Repository/Olusturma/Genel/AliciBilgisi/Tamam_Butonu'

2021-11-23 17:00:31 - [MESSAGE][PASSED] - Object: 'Object Repository/Olusturma/Genel/AliciBilgisi/Tamam_Butonu' is clicked on

2021-11-23 17:00:31 - [MESSAGE][INFO] - Switching to default content

2021-11-23 17:00:31 - [TEST_STEP][PASSED] - waitForElementPresent(findTestObject("Olusturma/Genel/AliciBilgisi/VKN-TCKN"), 10): Object 'Object Repository/Olusturma/Genel/AliciBilgisi/VKN-TCKN' is present

2021-11-23 17:00:31 - [MESSAGE][INFO] - Finding Test Object 'Object Repository/Olusturma/Genel/AliciBilgisi/VKN-TCKN'

2021-11-23 17:00:31 - [MESSAGE][INFO] - Checking object

2021-11-23 17:00:31 - [MESSAGE][INFO] - Finding web element from Test Object's properties

2021-11-23 17:00:31 - [MESSAGE][INFO] - Checking timeout

2021-11-23 17:00:31 - [MESSAGE][INFO] - Finding web element with id: 'Object Repository/Olusturma/Genel/AliciBilgisi/VKN-TCKN' located by 'By.xpath: //*[@id = 'txtVknTckn_I']' in '10' second(s)

2021-11-23 17:00:31 - [MESSAGE][INFO] - Smart Wait Function is triggered

2021-11-23 17:00:33 - [MESSAGE][INFO] - Found 1 web elements with id: 'Object Repository/Olusturma/Genel/AliciBilgisi/VKN-TCKN' located by 'By.xpath: //*[@id = 'txtVknTckn_I']' in '10' second(s)

2021-11-23 17:00:33 - [MESSAGE][PASSED] - Object 'Object Repository/Olusturma/Genel/AliciBilgisi/VKN-TCKN' is present

2021-11-23 17:00:33 - [TEST_STEP][PASSED] - text = getAttribute(findTestObject("Olusturma/Genel/AliciBilgisi/VKN-TCKN"), "value"): Attribute 'value' of object 'Object Repository/Olusturma/Genel/AliciBilgisi/VKN-TCKN' is: '5328419252'

2021-11-23 17:00:33 - [MESSAGE][INFO] - Finding Test Object 'Object Repository/Olusturma/Genel/AliciBilgisi/VKN-TCKN'

2021-11-23 17:00:33 - [MESSAGE][INFO] - Checking object

2021-11-23 17:00:33 - [MESSAGE][INFO] - Checking attribute

2021-11-23 17:00:33 - [MESSAGE][INFO] - Finding web element from Test Object's properties

2021-11-23 17:00:33 - [MESSAGE][INFO] - Checking timeout

2021-11-23 17:00:33 - [MESSAGE][INFO] - Finding web element with id: 'Object Repository/Olusturma/Genel/AliciBilgisi/VKN-TCKN' located by 'By.xpath: //*[@id = 'txtVknTckn_I']' in '30' second(s)

2021-11-23 17:00:33 - [MESSAGE][INFO] - Smart Wait Function is triggered

2021-11-23 17:00:33 - [MESSAGE][INFO] - Found 1 web elements with id: 'Object Repository/Olusturma/Genel/AliciBilgisi/VKN-TCKN' located by 'By.xpath: //*[@id = 'txtVknTckn_I']' in '30' second(s)

2021-11-23 17:00:33 - [MESSAGE][INFO] - Getting attribute 'value' of object 'Object Repository/Olusturma/Genel/AliciBilgisi/VKN-TCKN'

2021-11-23 17:00:33 - [MESSAGE][PASSED] - Attribute 'value' of object 'Object Repository/Olusturma/Genel/AliciBilgisi/VKN-TCKN' is: '5328419252'

2021-11-23 17:00:33 - [TEST_STEP][PASSED] - if (text.equals("")): null

2021-11-23 17:00:33 - [MESSAGE][PASSED] - Call Test Case 'Test Cases/Olusturma/Genel/AliciSecilir' successfully

2021-11-23 17:00:33 - [MESSAGE][INFO] - Checking called Test Case

2021-11-23 17:00:33 - [MESSAGE][INFO] - Starting to call Test Case 'Test Cases/Olusturma/Genel/GonderimSekliSecilir'

2021-11-23 17:00:33 - [TEST_CASE][PASSED] - Test Cases/Olusturma/Genel/GonderimSekliSecilir: Test Cases/Olusturma/Genel/GonderimSekliSecilir

2021-11-23 17:00:33 - [TEST_STEP][PASSED] - waitForElementClickable(findTestObject("Object Repository/Olusturma/Genel/GonderimSekli/GonderimSekli"), 10): Object 'Object Repository/Olusturma/Genel/GonderimSekli/GonderimSekli' is clickable

2021-11-23 17:00:33 - [MESSAGE][INFO] - Finding Test Object 'Object Repository/Olusturma/Genel/GonderimSekli/GonderimSekli'

2021-11-23 17:00:33 - [MESSAGE][INFO] - Checking object

2021-11-23 17:00:33 - [MESSAGE][INFO] - Checking timeout

2021-11-23 17:00:33 - [MESSAGE][INFO] - Finding web element from Test Object's properties

2021-11-23 17:00:33 - [MESSAGE][INFO] - Checking timeout

2021-11-23 17:00:33 - [MESSAGE][INFO] - Finding web element with id: 'Object Repository/Olusturma/Genel/GonderimSekli/GonderimSekli' located by 'By.xpath: //*[@id = 'txtGonderimSekil_I']' in '10' second(s)

2021-11-23 17:00:33 - [MESSAGE][INFO] - Smart Wait Function is triggered

2021-11-23 17:00:34 - [MESSAGE][INFO] - Found 1 web elements with id: 'Object Repository/Olusturma/Genel/GonderimSekli/GonderimSekli' located by 'By.xpath: //*[@id = 'txtGonderimSekil_I']' in '10' second(s)

2021-11-23 17:00:34 - [MESSAGE][PASSED] - Object 'Object Repository/Olusturma/Genel/GonderimSekli/GonderimSekli' is clickable

2021-11-23 17:00:34 - [TEST_STEP][PASSED] - click(findTestObject("Object Repository/Olusturma/Genel/GonderimSekli/GonderimSekli")): Object: 'Object Repository/Olusturma/Genel/GonderimSekli/GonderimSekli' is clicked on

2021-11-23 17:00:34 - [MESSAGE][INFO] - Finding Test Object 'Object Repository/Olusturma/Genel/GonderimSekli/GonderimSekli'

2021-11-23 17:00:34 - [MESSAGE][INFO] - Checking object

2021-11-23 17:00:34 - [MESSAGE][INFO] - Finding web element from Test Object's properties

2021-11-23 17:00:34 - [MESSAGE][INFO] - Checking timeout

2021-11-23 17:00:34 - [MESSAGE][INFO] - Finding web element with id: 'Object Repository/Olusturma/Genel/GonderimSekli/GonderimSekli' located by 'By.xpath: //*[@id = 'txtGonderimSekil_I']' in '30' second(s)

2021-11-23 17:00:34 - [MESSAGE][INFO] - Smart Wait Function is triggered

2021-11-23 17:00:34 - [MESSAGE][INFO] - Found 1 web elements with id: 'Object Repository/Olusturma/Genel/GonderimSekli/GonderimSekli' located by 'By.xpath: //*[@id = 'txtGonderimSekil_I']' in '30' second(s)

2021-11-23 17:00:34 - [MESSAGE][INFO] - Clicking on object: 'Object Repository/Olusturma/Genel/GonderimSekli/GonderimSekli'

2021-11-23 17:00:34 - [MESSAGE][PASSED] - Object: 'Object Repository/Olusturma/Genel/GonderimSekli/GonderimSekli' is clicked on

2021-11-23 17:00:34 - [TEST_STEP][PASSED] - Method.TextDegerineEsitElementeTikla(findTestObject("Object Repository/Olusturma/Genel/GonderimSekli/GonderimSekliAdi"), GonderimSekli): Method.TextDegerineEsitElementeTikla is PASSED

2021-11-23 17:00:34 - [MESSAGE][INFO] - Finding Test Object 'Object Repository/Olusturma/Genel/GonderimSekli/GonderimSekliAdi'

2021-11-23 17:00:34 - [MESSAGE][INFO] - Checking timeout

2021-11-23 17:00:34 - [MESSAGE][INFO] - Finding web element with id: 'Object Repository/Olusturma/Genel/GonderimSekli/GonderimSekliAdi' located by 'By.cssSelector: #txtGonderimSekil_DDD_L_LBT td' in '10' second(s)

2021-11-23 17:00:34 - [MESSAGE][INFO] - Smart Wait Function is triggered

2021-11-23 17:00:35 - [MESSAGE][INFO] - Found 2 web elements with id: 'Object Repository/Olusturma/Genel/GonderimSekli/GonderimSekliAdi' located by 'By.cssSelector: #txtGonderimSekil_DDD_L_LBT td' in '10' second(s)

2021-11-23 17:00:35 - [MESSAGE][PASSED] - Method.TextDegerineEsitElementeTikla is PASSED

2021-11-23 17:00:35 - [MESSAGE][PASSED] - Call Test Case 'Test Cases/Olusturma/Genel/GonderimSekliSecilir' successfully

2021-11-23 17:00:35 - [MESSAGE][INFO] - Checking called Test Case

2021-11-23 17:00:35 - [MESSAGE][INFO] - Starting to call Test Case 'Test Cases/Olusturma/Genel/TipSecilir'

2021-11-23 17:00:35 - [TEST_CASE][PASSED] - Test Cases/Olusturma/Genel/TipSecilir: Test Cases/Olusturma/Genel/TipSecilir

2021-11-23 17:00:35 - [TEST_STEP][PASSED] - waitForElementClickable(findTestObject("Olusturma/Genel/TipSecilir/Tip"), 10): Object 'Object Repository/Olusturma/Genel/TipSecilir/Tip' is clickable

2021-11-23 17:00:35 - [MESSAGE][INFO] - Finding Test Object 'Object Repository/Olusturma/Genel/TipSecilir/Tip'

2021-11-23 17:00:35 - [MESSAGE][INFO] - Checking object

2021-11-23 17:00:35 - [MESSAGE][INFO] - Checking timeout

2021-11-23 17:00:35 - [MESSAGE][INFO] - Finding web element from Test Object's properties

2021-11-23 17:00:35 - [MESSAGE][INFO] - Checking timeout

2021-11-23 17:00:35 - [MESSAGE][INFO] - Finding web element with id: 'Object Repository/Olusturma/Genel/TipSecilir/Tip' located by 'By.xpath: //*[@id = 'DocumentTypeCode_I']' in '10' second(s)

2021-11-23 17:00:35 - [MESSAGE][INFO] - Smart Wait Function is triggered

2021-11-23 17:00:35 - [MESSAGE][INFO] - Found 1 web elements with id: 'Object Repository/Olusturma/Genel/TipSecilir/Tip' located by 'By.xpath: //*[@id = 'DocumentTypeCode_I']' in '10' second(s)

2021-11-23 17:00:35 - [MESSAGE][PASSED] - Object 'Object Repository/Olusturma/Genel/TipSecilir/Tip' is clickable

2021-11-23 17:00:35 - [TEST_STEP][PASSED] - click(findTestObject("Olusturma/Genel/TipSecilir/Tip")): Object: 'Object Repository/Olusturma/Genel/TipSecilir/Tip' is clicked on

2021-11-23 17:00:35 - [MESSAGE][INFO] - Finding Test Object 'Object Repository/Olusturma/Genel/TipSecilir/Tip'

2021-11-23 17:00:35 - [MESSAGE][INFO] - Checking object

2021-11-23 17:00:35 - [MESSAGE][INFO] - Finding web element from Test Object's properties

2021-11-23 17:00:35 - [MESSAGE][INFO] - Checking timeout

2021-11-23 17:00:35 - [MESSAGE][INFO] - Finding web element with id: 'Object Repository/Olusturma/Genel/TipSecilir/Tip' located by 'By.xpath: //*[@id = 'DocumentTypeCode_I']' in '30' second(s)

2021-11-23 17:00:35 - [MESSAGE][INFO] - Smart Wait Function is triggered

2021-11-23 17:00:35 - [MESSAGE][INFO] - Found 1 web elements with id: 'Object Repository/Olusturma/Genel/TipSecilir/Tip' located by 'By.xpath: //*[@id = 'DocumentTypeCode_I']' in '30' second(s)

2021-11-23 17:00:35 - [MESSAGE][INFO] - Clicking on object: 'Object Repository/Olusturma/Genel/TipSecilir/Tip'

2021-11-23 17:00:36 - [MESSAGE][PASSED] - Object: 'Object Repository/Olusturma/Genel/TipSecilir/Tip' is clicked on

2021-11-23 17:00:36 - [TEST_STEP][PASSED] - Method.TextDegerineEsitElementeTikla(findTestObject("Object Repository/Olusturma/Genel/TipSecilir/Tip_Adi"), Tip): Method.TextDegerineEsitElementeTikla is PASSED

2021-11-23 17:00:36 - [MESSAGE][INFO] - Finding Test Object 'Object Repository/Olusturma/Genel/TipSecilir/Tip_Adi'

2021-11-23 17:00:36 - [MESSAGE][INFO] - Checking timeout

2021-11-23 17:00:36 - [MESSAGE][INFO] - Finding web element with id: 'Object Repository/Olusturma/Genel/TipSecilir/Tip_Adi' located by 'By.cssSelector: #DocumentTypeCode_DDD_L_LBT td' in '10' second(s)

2021-11-23 17:00:36 - [MESSAGE][INFO] - Smart Wait Function is triggered

2021-11-23 17:00:36 - [MESSAGE][INFO] - Found 9 web elements with id: 'Object Repository/Olusturma/Genel/TipSecilir/Tip_Adi' located by 'By.cssSelector: #DocumentTypeCode_DDD_L_LBT td' in '10' second(s)

2021-11-23 17:00:36 - [MESSAGE][PASSED] - Method.TextDegerineEsitElementeTikla is PASSED

2021-11-23 17:00:36 - [MESSAGE][PASSED] - Call Test Case 'Test Cases/Olusturma/Genel/TipSecilir' successfully

2021-11-23 17:00:36 - [MESSAGE][INFO] - Checking called Test Case

2021-11-23 17:00:36 - [MESSAGE][INFO] - Starting to call Test Case 'Test Cases/Olusturma/Genel/DokumanParaBirimiSecilir'

2021-11-23 17:00:36 - [TEST_CASE][PASSED] - Test Cases/Olusturma/Genel/DokumanParaBirimiSecilir: Test Cases/Olusturma/Genel/DokumanParaBirimiSecilir

2021-11-23 17:00:36 - [TEST_STEP][PASSED] - waitForElementClickable(findTestObject("Object Repository/Olusturma/Genel/DokumanParaBirimiSecilir/Para"), 10): Object 'Object Repository/Olusturma/Genel/DokumanParaBirimiSecilir/Para' is clickable

2021-11-23 17:00:36 - [MESSAGE][INFO] - Finding Test Object 'Object Repository/Olusturma/Genel/DokumanParaBirimiSecilir/Para'

2021-11-23 17:00:36 - [MESSAGE][INFO] - Checking object

2021-11-23 17:00:36 - [MESSAGE][INFO] - Checking timeout

2021-11-23 17:00:36 - [MESSAGE][INFO] - Finding web element from Test Object's properties

2021-11-23 17:00:36 - [MESSAGE][INFO] - Checking timeout

2021-11-23 17:00:36 - [MESSAGE][INFO] - Finding web element with id: 'Object Repository/Olusturma/Genel/DokumanParaBirimiSecilir/Para' located by 'By.xpath: //*[@id = 'CurrencyUnit_I']' in '10' second(s)

2021-11-23 17:00:36 - [MESSAGE][INFO] - Smart Wait Function is triggered

2021-11-23 17:00:39 - [MESSAGE][INFO] - Found 1 web elements with id: 'Object Repository/Olusturma/Genel/DokumanParaBirimiSecilir/Para' located by 'By.xpath: //*[@id = 'CurrencyUnit_I']' in '10' second(s)

2021-11-23 17:00:39 - [MESSAGE][PASSED] - Object 'Object Repository/Olusturma/Genel/DokumanParaBirimiSecilir/Para' is clickable

2021-11-23 17:00:39 - [TEST_STEP][PASSED] - click(findTestObject("Object Repository/Olusturma/Genel/DokumanParaBirimiSecilir/Para")): Object: 'Object Repository/Olusturma/Genel/DokumanParaBirimiSecilir/Para' is clicked on

2021-11-23 17:00:39 - [MESSAGE][INFO] - Finding Test Object 'Object Repository/Olusturma/Genel/DokumanParaBirimiSecilir/Para'

2021-11-23 17:00:39 - [MESSAGE][INFO] - Checking object

2021-11-23 17:00:39 - [MESSAGE][INFO] - Finding web element from Test Object's properties

2021-11-23 17:00:39 - [MESSAGE][INFO] - Checking timeout

2021-11-23 17:00:39 - [MESSAGE][INFO] - Finding web element with id: 'Object Repository/Olusturma/Genel/DokumanParaBirimiSecilir/Para' located by 'By.xpath: //*[@id = 'CurrencyUnit_I']' in '30' second(s)

2021-11-23 17:00:39 - [MESSAGE][INFO] - Smart Wait Function is triggered

2021-11-23 17:00:39 - [MESSAGE][INFO] - Found 1 web elements with id: 'Object Repository/Olusturma/Genel/DokumanParaBirimiSecilir/Para' located by 'By.xpath: //*[@id = 'CurrencyUnit_I']' in '30' second(s)

2021-11-23 17:00:39 - [MESSAGE][INFO] - Clicking on object: 'Object Repository/Olusturma/Genel/DokumanParaBirimiSecilir/Para'

2021-11-23 17:00:40 - [MESSAGE][PASSED] - Object: 'Object Repository/Olusturma/Genel/DokumanParaBirimiSecilir/Para' is clicked on

2021-11-23 17:00:40 - [TEST_STEP][PASSED] - Method.TextDegerineEsitElementeTikla(findTestObject("Object Repository/Olusturma/Genel/DokumanParaBirimiSecilir/Para_Adi"), Para): Method.TextDegerineEsitElementeTikla is PASSED

2021-11-23 17:00:40 - [MESSAGE][INFO] - Finding Test Object 'Object Repository/Olusturma/Genel/DokumanParaBirimiSecilir/Para_Adi'

2021-11-23 17:00:40 - [MESSAGE][INFO] - Checking timeout

2021-11-23 17:00:40 - [MESSAGE][INFO] - Finding web element with id: 'Object Repository/Olusturma/Genel/DokumanParaBirimiSecilir/Para_Adi' located by 'By.cssSelector: #CurrencyUnit_DDD_L_LBT td' in '10' second(s)

2021-11-23 17:00:40 - [MESSAGE][INFO] - Smart Wait Function is triggered

2021-11-23 17:00:40 - [MESSAGE][INFO] - Found 203 web elements with id: 'Object Repository/Olusturma/Genel/DokumanParaBirimiSecilir/Para_Adi' located by 'By.cssSelector: #CurrencyUnit_DDD_L_LBT td' in '10' second(s)

2021-11-23 17:00:44 - [MESSAGE][PASSED] - Method.TextDegerineEsitElementeTikla is PASSED

2021-11-23 17:00:44 - [MESSAGE][PASSED] - Call Test Case 'Test Cases/Olusturma/Genel/DokumanParaBirimiSecilir' successfully

2021-11-23 17:00:44 - [MESSAGE][INFO] - Checking called Test Case

2021-11-23 17:00:44 - [MESSAGE][INFO] - Starting to call Test Case 'Test Cases/Olusturma/Genel/OnEkSecilir'

2021-11-23 17:00:44 - [TEST_CASE][PASSED] - Test Cases/Olusturma/Genel/OnEkSecilir: Test Cases/Olusturma/Genel/OnEkSecilir

2021-11-23 17:00:44 - [TEST_STEP][PASSED] - waitForElementClickable(findTestObject("Object Repository/Olusturma/Genel/OnEkSecilir/OnEk"), 10): Object 'Object Repository/Olusturma/Genel/OnEkSecilir/OnEk' is clickable

2021-11-23 17:00:44 - [MESSAGE][INFO] - Finding Test Object 'Object Repository/Olusturma/Genel/OnEkSecilir/OnEk'

2021-11-23 17:00:44 - [MESSAGE][INFO] - Checking object

2021-11-23 17:00:44 - [MESSAGE][INFO] - Checking timeout

2021-11-23 17:00:44 - [MESSAGE][INFO] - Finding web element from Test Object's properties

2021-11-23 17:00:44 - [MESSAGE][INFO] - Checking timeout

2021-11-23 17:00:44 - [MESSAGE][INFO] - Finding web element with id: 'Object Repository/Olusturma/Genel/OnEkSecilir/OnEk' located by 'By.xpath: //*[@id = 'InvoicePrefix_I']' in '10' second(s)

2021-11-23 17:00:44 - [MESSAGE][INFO] - Smart Wait Function is triggered

2021-11-23 17:00:44 - [MESSAGE][INFO] - Found 1 web elements with id: 'Object Repository/Olusturma/Genel/OnEkSecilir/OnEk' located by 'By.xpath: //*[@id = 'InvoicePrefix_I']' in '10' second(s)

2021-11-23 17:00:44 - [MESSAGE][PASSED] - Object 'Object Repository/Olusturma/Genel/OnEkSecilir/OnEk' is clickable

2021-11-23 17:00:44 - [TEST_STEP][PASSED] - click(findTestObject("Object Repository/Olusturma/Genel/OnEkSecilir/OnEk")): Object: 'Object Repository/Olusturma/Genel/OnEkSecilir/OnEk' is clicked on

2021-11-23 17:00:44 - [MESSAGE][INFO] - Finding Test Object 'Object Repository/Olusturma/Genel/OnEkSecilir/OnEk'

2021-11-23 17:00:44 - [MESSAGE][INFO] - Checking object

2021-11-23 17:00:44 - [MESSAGE][INFO] - Finding web element from Test Object's properties

2021-11-23 17:00:44 - [MESSAGE][INFO] - Checking timeout

2021-11-23 17:00:44 - [MESSAGE][INFO] - Finding web element with id: 'Object Repository/Olusturma/Genel/OnEkSecilir/OnEk' located by 'By.xpath: //*[@id = 'InvoicePrefix_I']' in '30' second(s)

2021-11-23 17:00:44 - [MESSAGE][INFO] - Smart Wait Function is triggered

2021-11-23 17:00:45 - [MESSAGE][INFO] - Found 1 web elements with id: 'Object Repository/Olusturma/Genel/OnEkSecilir/OnEk' located by 'By.xpath: //*[@id = 'InvoicePrefix_I']' in '30' second(s)

2021-11-23 17:00:45 - [MESSAGE][INFO] - Clicking on object: 'Object Repository/Olusturma/Genel/OnEkSecilir/OnEk'

2021-11-23 17:00:45 - [MESSAGE][PASSED] - Object: 'Object Repository/Olusturma/Genel/OnEkSecilir/OnEk' is clicked on

2021-11-23 17:00:45 - [TEST_STEP][PASSED] - Method.TextDegerineEsitElementeTiklaEquals(findTestObject("Object Repository/Olusturma/Genel/OnEkSecilir/OnEkAdi"), Ek): Method.TextDegerineEsitElementeTiklaEquals is PASSED

2021-11-23 17:00:45 - [MESSAGE][INFO] - Finding Test Object 'Object Repository/Olusturma/Genel/OnEkSecilir/OnEkAdi'

2021-11-23 17:00:45 - [MESSAGE][INFO] - Checking timeout

2021-11-23 17:00:45 - [MESSAGE][INFO] - Finding web element with id: 'Object Repository/Olusturma/Genel/OnEkSecilir/OnEkAdi' located by 'By.cssSelector: #InvoicePrefix_DDD_L_LBT td' in '10' second(s)

2021-11-23 17:00:45 - [MESSAGE][INFO] - Smart Wait Function is triggered

2021-11-23 17:00:45 - [MESSAGE][INFO] - Found 1 web elements with id: 'Object Repository/Olusturma/Genel/OnEkSecilir/OnEkAdi' located by 'By.cssSelector: #InvoicePrefix_DDD_L_LBT td' in '10' second(s)

2021-11-23 17:00:45 - [MESSAGE][PASSED] - Method.TextDegerineEsitElementeTiklaEquals is PASSED

2021-11-23 17:00:45 - [MESSAGE][PASSED] - Call Test Case 'Test Cases/Olusturma/Genel/OnEkSecilir' successfully

2021-11-23 17:00:45 - [MESSAGE][INFO] - Checking called Test Case

2021-11-23 17:00:45 - [MESSAGE][INFO] - Starting to call Test Case 'Test Cases/Olusturma/Genel/TasarimSecilir'

2021-11-23 17:00:45 - [TEST_CASE][PASSED] - Test Cases/Olusturma/Genel/TasarimSecilir: Test Cases/Olusturma/Genel/TasarimSecilir

2021-11-23 17:00:45 - [TEST_STEP][PASSED] - waitForElementClickable(findTestObject("Object Repository/Olusturma/Genel/TasarimSecilir/Tasarim"), 10): Object 'Object Repository/Olusturma/Genel/TasarimSecilir/Tasarim' is clickable

2021-11-23 17:00:45 - [MESSAGE][INFO] - Finding Test Object 'Object Repository/Olusturma/Genel/TasarimSecilir/Tasarim'

2021-11-23 17:00:46 - [MESSAGE][INFO] - Checking object

2021-11-23 17:00:46 - [MESSAGE][INFO] - Checking timeout

2021-11-23 17:00:46 - [MESSAGE][INFO] - Finding web element from Test Object's properties

2021-11-23 17:00:46 - [MESSAGE][INFO] - Checking timeout

2021-11-23 17:00:46 - [MESSAGE][INFO] - Finding web element with id: 'Object Repository/Olusturma/Genel/TasarimSecilir/Tasarim' located by 'By.xpath: //*[@id = 'DesignId_I']' in '10' second(s)

2021-11-23 17:00:46 - [MESSAGE][INFO] - Smart Wait Function is triggered

2021-11-23 17:00:46 - [MESSAGE][INFO] - Found 1 web elements with id: 'Object Repository/Olusturma/Genel/TasarimSecilir/Tasarim' located by 'By.xpath: //*[@id = 'DesignId_I']' in '10' second(s)

2021-11-23 17:00:46 - [MESSAGE][PASSED] - Object 'Object Repository/Olusturma/Genel/TasarimSecilir/Tasarim' is clickable

2021-11-23 17:00:46 - [TEST_STEP][PASSED] - click(findTestObject("Object Repository/Olusturma/Genel/TasarimSecilir/Tasarim")): Object: 'Object Repository/Olusturma/Genel/TasarimSecilir/Tasarim' is clicked on

2021-11-23 17:00:46 - [MESSAGE][INFO] - Finding Test Object 'Object Repository/Olusturma/Genel/TasarimSecilir/Tasarim'

2021-11-23 17:00:46 - [MESSAGE][INFO] - Checking object

2021-11-23 17:00:46 - [MESSAGE][INFO] - Finding web element from Test Object's properties

2021-11-23 17:00:46 - [MESSAGE][INFO] - Checking timeout

2021-11-23 17:00:46 - [MESSAGE][INFO] - Finding web element with id: 'Object Repository/Olusturma/Genel/TasarimSecilir/Tasarim' located by 'By.xpath: //*[@id = 'DesignId_I']' in '30' second(s)

2021-11-23 17:00:46 - [MESSAGE][INFO] - Smart Wait Function is triggered

2021-11-23 17:00:46 - [MESSAGE][INFO] - Found 1 web elements with id: 'Object Repository/Olusturma/Genel/TasarimSecilir/Tasarim' located by 'By.xpath: //*[@id = 'DesignId_I']' in '30' second(s)

2021-11-23 17:00:46 - [MESSAGE][INFO] - Clicking on object: 'Object Repository/Olusturma/Genel/TasarimSecilir/Tasarim'

2021-11-23 17:00:46 - [MESSAGE][PASSED] - Object: 'Object Repository/Olusturma/Genel/TasarimSecilir/Tasarim' is clicked on

2021-11-23 17:00:46 - [TEST_STEP][PASSED] - Method.TextDegerineEsitElementeTikla(findTestObject("Object Repository/Olusturma/Genel/TasarimSecilir/Tasarim_Adi"), Tasarim): Method.TextDegerineEsitElementeTikla is PASSED

2021-11-23 17:00:46 - [MESSAGE][INFO] - Finding Test Object 'Object Repository/Olusturma/Genel/TasarimSecilir/Tasarim_Adi'

2021-11-23 17:00:47 - [MESSAGE][INFO] - Checking timeout

2021-11-23 17:00:47 - [MESSAGE][INFO] - Finding web element with id: 'Object Repository/Olusturma/Genel/TasarimSecilir/Tasarim_Adi' located by 'By.cssSelector: #DesignId_DDD_L_LBT td' in '10' second(s)

2021-11-23 17:00:47 - [MESSAGE][INFO] - Smart Wait Function is triggered

2021-11-23 17:00:47 - [MESSAGE][INFO] - Found 1 web elements with id: 'Object Repository/Olusturma/Genel/TasarimSecilir/Tasarim_Adi' located by 'By.cssSelector: #DesignId_DDD_L_LBT td' in '10' second(s)

2021-11-23 17:00:47 - [MESSAGE][PASSED] - Method.TextDegerineEsitElementeTikla is PASSED

2021-11-23 17:00:47 - [MESSAGE][PASSED] - Call Test Case 'Test Cases/Olusturma/Genel/TasarimSecilir' successfully

2021-11-23 17:00:47 - [MESSAGE][INFO] - Checking called Test Case

2021-11-23 17:00:47 - [MESSAGE][INFO] - Starting to call Test Case 'Test Cases/Olusturma/Genel/Kutular/SiparisBilgileriGirilir'

2021-11-23 17:00:47 - [TEST_CASE][PASSED] - Test Cases/Olusturma/Genel/Kutular/SiparisBilgileriGirilir: Test Cases/Olusturma/Genel/Kutular/SiparisBilgileriGirilir

2021-11-23 17:00:47 - [TEST_STEP][PASSED] - Method.TextDegerineEsitElementeTikla(findTestObject("Olusturma/Genel/Kutular/KapaliKutular"), "Sipariş Bilgileri"): Method.TextDegerineEsitElementeTikla is PASSED

2021-11-23 17:00:47 - [MESSAGE][INFO] - Finding Test Object 'Object Repository/Olusturma/Genel/Kutular/KapaliKutular'

2021-11-23 17:00:47 - [MESSAGE][INFO] - Checking timeout

2021-11-23 17:00:47 - [MESSAGE][INFO] - Finding web element with id: 'Object Repository/Olusturma/Genel/Kutular/KapaliKutular' located by 'By.cssSelector: .dxnb-headerCollapsed>span' in '10' second(s)

2021-11-23 17:00:47 - [MESSAGE][INFO] - Smart Wait Function is triggered

2021-11-23 17:00:48 - [MESSAGE][INFO] - Found 8 web elements with id: 'Object Repository/Olusturma/Genel/Kutular/KapaliKutular' located by 'By.cssSelector: .dxnb-headerCollapsed>span' in '10' second(s)

2021-11-23 17:00:48 - [MESSAGE][PASSED] - Method.TextDegerineEsitElementeTikla is PASSED

2021-11-23 17:00:48 - [TEST_STEP][PASSED] - waitForElementPresent(findTestObject("Object Repository/Olusturma/Genel/Kutular/SiparisBilgileri/SiparisNo"), 10): Object 'Object Repository/Olusturma/Genel/Kutular/SiparisBilgileri/SiparisNo' is present

2021-11-23 17:00:48 - [MESSAGE][INFO] - Finding Test Object 'Object Repository/Olusturma/Genel/Kutular/SiparisBilgileri/SiparisNo'

2021-11-23 17:00:48 - [MESSAGE][INFO] - Checking object

2021-11-23 17:00:48 - [MESSAGE][INFO] - Finding web element from Test Object's properties

2021-11-23 17:00:48 - [MESSAGE][INFO] - Checking timeout

2021-11-23 17:00:48 - [MESSAGE][INFO] - Finding web element with id: 'Object Repository/Olusturma/Genel/Kutular/SiparisBilgileri/SiparisNo' located by 'By.xpath: //*[@id = 'txtSiparisNo_I']' in '10' second(s)

2021-11-23 17:00:48 - [MESSAGE][INFO] - Smart Wait Function is triggered

2021-11-23 17:00:48 - [MESSAGE][INFO] - Found 1 web elements with id: 'Object Repository/Olusturma/Genel/Kutular/SiparisBilgileri/SiparisNo' located by 'By.xpath: //*[@id = 'txtSiparisNo_I']' in '10' second(s)

2021-11-23 17:00:48 - [MESSAGE][PASSED] - Object 'Object Repository/Olusturma/Genel/Kutular/SiparisBilgileri/SiparisNo' is present

2021-11-23 17:00:48 - [TEST_STEP][PASSED] - clearText(findTestObject("Object Repository/Olusturma/Genel/Kutular/SiparisBilgileri/SiparisNo")): Text of object 'Object Repository/Olusturma/Genel/Kutular/SiparisBilgileri/SiparisNo' is cleared

2021-11-23 17:00:48 - [MESSAGE][INFO] - Finding Test Object 'Object Repository/Olusturma/Genel/Kutular/SiparisBilgileri/SiparisNo'

2021-11-23 17:00:48 - [MESSAGE][INFO] - Checking object

2021-11-23 17:00:48 - [MESSAGE][INFO] - Finding web element from Test Object's properties

2021-11-23 17:00:48 - [MESSAGE][INFO] - Checking timeout

2021-11-23 17:00:48 - [MESSAGE][INFO] - Finding web element with id: 'Object Repository/Olusturma/Genel/Kutular/SiparisBilgileri/SiparisNo' located by 'By.xpath: //*[@id = 'txtSiparisNo_I']' in '30' second(s)

2021-11-23 17:00:48 - [MESSAGE][INFO] - Smart Wait Function is triggered

2021-11-23 17:00:49 - [MESSAGE][INFO] - Found 1 web elements with id: 'Object Repository/Olusturma/Genel/Kutular/SiparisBilgileri/SiparisNo' located by 'By.xpath: //*[@id = 'txtSiparisNo_I']' in '30' second(s)

2021-11-23 17:00:49 - [MESSAGE][INFO] - Clearing text of object 'Object Repository/Olusturma/Genel/Kutular/SiparisBilgileri/SiparisNo'

2021-11-23 17:00:49 - [MESSAGE][PASSED] - Text of object 'Object Repository/Olusturma/Genel/Kutular/SiparisBilgileri/SiparisNo' is cleared

2021-11-23 17:00:49 - [TEST_STEP][PASSED] - sendKeys(findTestObject("Object Repository/Olusturma/Genel/Kutular/SiparisBilgileri/SiparisNo"), SiparisNo): Keys 'UUC-SAT-1200001' sent to object: 'Object Repository/Olusturma/Genel/Kutular/SiparisBilgileri/SiparisNo'

2021-11-23 17:00:49 - [MESSAGE][INFO] - Finding Test Object 'Object Repository/Olusturma/Genel/Kutular/SiparisBilgileri/SiparisNo'

2021-11-23 17:00:49 - [MESSAGE][INFO] - Sending keys 'UUC-SAT-1200001' to object: 'Object Repository/Olusturma/Genel/Kutular/SiparisBilgileri/SiparisNo'

2021-11-23 17:00:49 - [MESSAGE][INFO] - Finding web element from Test Object's properties

2021-11-23 17:00:49 - [MESSAGE][INFO] - Checking timeout

2021-11-23 17:00:49 - [MESSAGE][INFO] - Finding web element with id: 'Object Repository/Olusturma/Genel/Kutular/SiparisBilgileri/SiparisNo' located by 'By.xpath: //*[@id = 'txtSiparisNo_I']' in '30' second(s)

2021-11-23 17:00:49 - [MESSAGE][INFO] - Smart Wait Function is triggered

2021-11-23 17:00:49 - [MESSAGE][INFO] - Found 1 web elements with id: 'Object Repository/Olusturma/Genel/Kutular/SiparisBilgileri/SiparisNo' located by 'By.xpath: //*[@id = 'txtSiparisNo_I']' in '30' second(s)

2021-11-23 17:00:49 - [MESSAGE][PASSED] - Keys 'UUC-SAT-1200001' sent to object: 'Object Repository/Olusturma/Genel/Kutular/SiparisBilgileri/SiparisNo'

2021-11-23 17:00:49 - [TEST_STEP][PASSED] - waitForElementClickable(findTestObject("Object Repository/Olusturma/Genel/Kutular/SiparisBilgileri/SiparisTarihiImage"), 10): Object 'Object Repository/Olusturma/Genel/Kutular/SiparisBilgileri/SiparisTarihiImage' is clickable

2021-11-23 17:00:49 - [MESSAGE][INFO] - Finding Test Object 'Object Repository/Olusturma/Genel/Kutular/SiparisBilgileri/SiparisTarihiImage'

2021-11-23 17:00:49 - [MESSAGE][INFO] - Checking object

2021-11-23 17:00:49 - [MESSAGE][INFO] - Checking timeout

2021-11-23 17:00:49 - [MESSAGE][INFO] - Finding web element from Test Object's properties

2021-11-23 17:00:49 - [MESSAGE][INFO] - Checking timeout

2021-11-23 17:00:49 - [MESSAGE][INFO] - Finding web element with id: 'Object Repository/Olusturma/Genel/Kutular/SiparisBilgileri/SiparisTarihiImage' located by 'By.cssSelector: #dateSiparisTarih img' in '10' second(s)

2021-11-23 17:00:49 - [MESSAGE][INFO] - Smart Wait Function is triggered

2021-11-23 17:00:50 - [MESSAGE][INFO] - Found 1 web elements with id: 'Object Repository/Olusturma/Genel/Kutular/SiparisBilgileri/SiparisTarihiImage' located by 'By.cssSelector: #dateSiparisTarih img' in '10' second(s)

2021-11-23 17:00:50 - [MESSAGE][PASSED] - Object 'Object Repository/Olusturma/Genel/Kutular/SiparisBilgileri/SiparisTarihiImage' is clickable

2021-11-23 17:00:50 - [TEST_STEP][PASSED] - click(findTestObject("Object Repository/Olusturma/Genel/Kutular/SiparisBilgileri/SiparisTarihiImage")): Object: 'Object Repository/Olusturma/Genel/Kutular/SiparisBilgileri/SiparisTarihiImage' is clicked on

2021-11-23 17:00:50 - [MESSAGE][INFO] - Finding Test Object 'Object Repository/Olusturma/Genel/Kutular/SiparisBilgileri/SiparisTarihiImage'

2021-11-23 17:00:50 - [MESSAGE][INFO] - Checking object

2021-11-23 17:00:50 - [MESSAGE][INFO] - Finding web element from Test Object's properties

2021-11-23 17:00:50 - [MESSAGE][INFO] - Checking timeout

2021-11-23 17:00:50 - [MESSAGE][INFO] - Finding web element with id: 'Object Repository/Olusturma/Genel/Kutular/SiparisBilgileri/SiparisTarihiImage' located by 'By.cssSelector: #dateSiparisTarih img' in '30' second(s)

2021-11-23 17:00:50 - [MESSAGE][INFO] - Smart Wait Function is triggered

2021-11-23 17:00:50 - [MESSAGE][INFO] - Found 1 web elements with id: 'Object Repository/Olusturma/Genel/Kutular/SiparisBilgileri/SiparisTarihiImage' located by 'By.cssSelector: #dateSiparisTarih img' in '30' second(s)

2021-11-23 17:00:50 - [MESSAGE][INFO] - Clicking on object: 'Object Repository/Olusturma/Genel/Kutular/SiparisBilgileri/SiparisTarihiImage'

2021-11-23 17:00:50 - [MESSAGE][PASSED] - Object: 'Object Repository/Olusturma/Genel/Kutular/SiparisBilgileri/SiparisTarihiImage' is clicked on

2021-11-23 17:00:50 - [TEST_STEP][PASSED] - waitForElementPresent(findTestObject("Object Repository/Olusturma/Genel/Kutular/SiparisBilgileri/SiparisTarihi"), 10): Object 'Object Repository/Olusturma/Genel/Kutular/SiparisBilgileri/SiparisTarihi' is present

2021-11-23 17:00:50 - [MESSAGE][INFO] - Finding Test Object 'Object Repository/Olusturma/Genel/Kutular/SiparisBilgileri/SiparisTarihi'

2021-11-23 17:00:51 - [MESSAGE][INFO] - Checking object

2021-11-23 17:00:51 - [MESSAGE][INFO] - Finding web element from Test Object's properties

2021-11-23 17:00:51 - [MESSAGE][INFO] - Checking timeout

2021-11-23 17:00:51 - [MESSAGE][INFO] - Finding web element with id: 'Object Repository/Olusturma/Genel/Kutular/SiparisBilgileri/SiparisTarihi' located by 'By.xpath: //*[@id = 'dateSiparisTarih_I']' in '10' second(s)

2021-11-23 17:00:51 - [MESSAGE][INFO] - Smart Wait Function is triggered

2021-11-23 17:00:51 - [MESSAGE][INFO] - Found 1 web elements with id: 'Object Repository/Olusturma/Genel/Kutular/SiparisBilgileri/SiparisTarihi' located by 'By.xpath: //*[@id = 'dateSiparisTarih_I']' in '10' second(s)

2021-11-23 17:00:51 - [MESSAGE][PASSED] - Object 'Object Repository/Olusturma/Genel/Kutular/SiparisBilgileri/SiparisTarihi' is present

2021-11-23 17:00:51 - [TEST_STEP][PASSED] - clearText(findTestObject("Object Repository/Olusturma/Genel/Kutular/SiparisBilgileri/SiparisTarihi")): Text of object 'Object Repository/Olusturma/Genel/Kutular/SiparisBilgileri/SiparisTarihi' is cleared

2021-11-23 17:00:51 - [MESSAGE][INFO] - Finding Test Object 'Object Repository/Olusturma/Genel/Kutular/SiparisBilgileri/SiparisTarihi'

2021-11-23 17:00:51 - [MESSAGE][INFO] - Checking object

2021-11-23 17:00:51 - [MESSAGE][INFO] - Finding web element from Test Object's properties

2021-11-23 17:00:51 - [MESSAGE][INFO] - Checking timeout

2021-11-23 17:00:51 - [MESSAGE][INFO] - Finding web element with id: 'Object Repository/Olusturma/Genel/Kutular/SiparisBilgileri/SiparisTarihi' located by 'By.xpath: //*[@id = 'dateSiparisTarih_I']' in '30' second(s)

2021-11-23 17:00:51 - [MESSAGE][INFO] - Smart Wait Function is triggered

2021-11-23 17:00:51 - [MESSAGE][INFO] - Found 1 web elements with id: 'Object Repository/Olusturma/Genel/Kutular/SiparisBilgileri/SiparisTarihi' located by 'By.xpath: //*[@id = 'dateSiparisTarih_I']' in '30' second(s)

2021-11-23 17:00:51 - [MESSAGE][INFO] - Clearing text of object 'Object Repository/Olusturma/Genel/Kutular/SiparisBilgileri/SiparisTarihi'

2021-11-23 17:00:51 - [MESSAGE][PASSED] - Text of object 'Object Repository/Olusturma/Genel/Kutular/SiparisBilgileri/SiparisTarihi' is cleared

2021-11-23 17:00:51 - [TEST_STEP][PASSED] - sendKeys(findTestObject("Object Repository/Olusturma/Genel/Kutular/SiparisBilgileri/SiparisTarihi"), Tarih): Keys '31.04.2020' sent to object: 'Object Repository/Olusturma/Genel/Kutular/SiparisBilgileri/SiparisTarihi'

2021-11-23 17:00:51 - [MESSAGE][INFO] - Finding Test Object 'Object Repository/Olusturma/Genel/Kutular/SiparisBilgileri/SiparisTarihi'

2021-11-23 17:00:52 - [MESSAGE][INFO] - Sending keys '31.04.2020' to object: 'Object Repository/Olusturma/Genel/Kutular/SiparisBilgileri/SiparisTarihi'

2021-11-23 17:00:52 - [MESSAGE][INFO] - Finding web element from Test Object's properties

2021-11-23 17:00:52 - [MESSAGE][INFO] - Checking timeout

2021-11-23 17:00:52 - [MESSAGE][INFO] - Finding web element with id: 'Object Repository/Olusturma/Genel/Kutular/SiparisBilgileri/SiparisTarihi' located by 'By.xpath: //*[@id = 'dateSiparisTarih_I']' in '30' second(s)

2021-11-23 17:00:52 - [MESSAGE][INFO] - Smart Wait Function is triggered

2021-11-23 17:00:52 - [MESSAGE][INFO] - Found 1 web elements with id: 'Object Repository/Olusturma/Genel/Kutular/SiparisBilgileri/SiparisTarihi' located by 'By.xpath: //*[@id = 'dateSiparisTarih_I']' in '30' second(s)

2021-11-23 17:00:52 - [MESSAGE][PASSED] - Keys '31.04.2020' sent to object: 'Object Repository/Olusturma/Genel/Kutular/SiparisBilgileri/SiparisTarihi'

2021-11-23 17:00:52 - [MESSAGE][PASSED] - Call Test Case 'Test Cases/Olusturma/Genel/Kutular/SiparisBilgileriGirilir' successfully

2021-11-23 17:00:52 - [MESSAGE][INFO] - Checking called Test Case

2021-11-23 17:00:52 - [MESSAGE][INFO] - Starting to call Test Case 'Test Cases/Olusturma/Genel/Kutular/IrsaliyeBilgileri'

2021-11-23 17:00:52 - [TEST_CASE][PASSED] - Test Cases/Olusturma/Genel/Kutular/IrsaliyeBilgileri: Test Cases/Olusturma/Genel/Kutular/IrsaliyeBilgileri

2021-11-23 17:00:52 - [TEST_STEP][PASSED] - Method.TextDegerineEsitElementeTikla(findTestObject("Olusturma/Genel/Kutular/KapaliKutular"), "İrsaliye Bilgileri"): Method.TextDegerineEsitElementeTikla is PASSED

2021-11-23 17:00:52 - [MESSAGE][INFO] - Finding Test Object 'Object Repository/Olusturma/Genel/Kutular/KapaliKutular'

2021-11-23 17:00:52 - [MESSAGE][INFO] - Checking timeout

2021-11-23 17:00:52 - [MESSAGE][INFO] - Finding web element with id: 'Object Repository/Olusturma/Genel/Kutular/KapaliKutular' located by 'By.cssSelector: .dxnb-headerCollapsed>span' in '10' second(s)

2021-11-23 17:00:52 - [MESSAGE][INFO] - Smart Wait Function is triggered

2021-11-23 17:00:52 - [MESSAGE][INFO] - Found 8 web elements with id: 'Object Repository/Olusturma/Genel/Kutular/KapaliKutular' located by 'By.cssSelector: .dxnb-headerCollapsed>span' in '10' second(s)

2021-11-23 17:00:53 - [MESSAGE][PASSED] - Method.TextDegerineEsitElementeTikla is PASSED

2021-11-23 17:00:53 - [TEST_STEP][PASSED] - waitForElementClickable(findTestObject("Olusturma/Genel/Kutular/IrsaliyeBilgileri/Ekle"), 10): Object 'Object Repository/Olusturma/Genel/Kutular/IrsaliyeBilgileri/Ekle' is clickable

2021-11-23 17:00:53 - [MESSAGE][INFO] - Finding Test Object 'Object Repository/Olusturma/Genel/Kutular/IrsaliyeBilgileri/Ekle'

2021-11-23 17:00:53 - [MESSAGE][INFO] - Checking object

2021-11-23 17:00:53 - [MESSAGE][INFO] - Checking timeout

2021-11-23 17:00:53 - [MESSAGE][INFO] - Finding web element from Test Object's properties

2021-11-23 17:00:53 - [MESSAGE][INFO] - Checking timeout

2021-11-23 17:00:53 - [MESSAGE][INFO] - Finding web element with id: 'Object Repository/Olusturma/Genel/Kutular/IrsaliyeBilgileri/Ekle' located by 'By.xpath: //*[@id = 'DXEditorgvUserInvoiceBillsNewRowBtn']' in '10' second(s)

2021-11-23 17:00:53 - [MESSAGE][INFO] - Smart Wait Function is triggered

2021-11-23 17:00:53 - [MESSAGE][INFO] - Found 1 web elements with id: 'Object Repository/Olusturma/Genel/Kutular/IrsaliyeBilgileri/Ekle' located by 'By.xpath: //*[@id = 'DXEditorgvUserInvoiceBillsNewRowBtn']' in '10' second(s)

2021-11-23 17:00:53 - [MESSAGE][PASSED] - Object 'Object Repository/Olusturma/Genel/Kutular/IrsaliyeBilgileri/Ekle' is clickable

2021-11-23 17:00:53 - [TEST_STEP][PASSED] - click(findTestObject("Olusturma/Genel/Kutular/IrsaliyeBilgileri/Ekle")): Object: 'Object Repository/Olusturma/Genel/Kutular/IrsaliyeBilgileri/Ekle' is clicked on

2021-11-23 17:00:53 - [MESSAGE][INFO] - Finding Test Object 'Object Repository/Olusturma/Genel/Kutular/IrsaliyeBilgileri/Ekle'

2021-11-23 17:00:53 - [MESSAGE][INFO] - Checking object

2021-11-23 17:00:53 - [MESSAGE][INFO] - Finding web element from Test Object's properties

2021-11-23 17:00:53 - [MESSAGE][INFO] - Checking timeout

2021-11-23 17:00:53 - [MESSAGE][INFO] - Finding web element with id: 'Object Repository/Olusturma/Genel/Kutular/IrsaliyeBilgileri/Ekle' located by 'By.xpath: //*[@id = 'DXEditorgvUserInvoiceBillsNewRowBtn']' in '30' second(s)

2021-11-23 17:00:53 - [MESSAGE][INFO] - Smart Wait Function is triggered

2021-11-23 17:00:54 - [MESSAGE][INFO] - Found 1 web elements with id: 'Object Repository/Olusturma/Genel/Kutular/IrsaliyeBilgileri/Ekle' located by 'By.xpath: //*[@id = 'DXEditorgvUserInvoiceBillsNewRowBtn']' in '30' second(s)

2021-11-23 17:00:54 - [MESSAGE][INFO] - Clicking on object: 'Object Repository/Olusturma/Genel/Kutular/IrsaliyeBilgileri/Ekle'

2021-11-23 17:00:54 - [MESSAGE][PASSED] - Object: 'Object Repository/Olusturma/Genel/Kutular/IrsaliyeBilgileri/Ekle' is clicked on

2021-11-23 17:00:54 - [TEST_STEP][PASSED] - waitForElementPresent(findTestObject("Object Repository/Olusturma/Genel/Kutular/IrsaliyeBilgileri/IrsaliyeNumarasi"), 10): Object 'Object Repository/Olusturma/Genel/Kutular/IrsaliyeBilgileri/IrsaliyeNumarasi' is present

2021-11-23 17:00:54 - [MESSAGE][INFO] - Finding Test Object 'Object Repository/Olusturma/Genel/Kutular/IrsaliyeBilgileri/IrsaliyeNumarasi'

2021-11-23 17:00:54 - [MESSAGE][INFO] - Checking object

2021-11-23 17:00:54 - [MESSAGE][INFO] - Finding web element from Test Object's properties

2021-11-23 17:00:54 - [MESSAGE][INFO] - Checking timeout

2021-11-23 17:00:54 - [MESSAGE][INFO] - Finding web element with id: 'Object Repository/Olusturma/Genel/Kutular/IrsaliyeBilgileri/IrsaliyeNumarasi' located by 'By.xpath: //*[@id = 'gvUserInvoiceBills_DXEditor1_I']' in '10' second(s)

2021-11-23 17:00:54 - [MESSAGE][INFO] - Smart Wait Function is triggered

2021-11-23 17:00:54 - [MESSAGE][INFO] - Smart Wait Function is triggered

2021-11-23 17:00:55 - [MESSAGE][INFO] - Found 1 web elements with id: 'Object Repository/Olusturma/Genel/Kutular/IrsaliyeBilgileri/IrsaliyeNumarasi' located by 'By.xpath: //*[@id = 'gvUserInvoiceBills_DXEditor1_I']' in '10' second(s)

2021-11-23 17:00:55 - [MESSAGE][PASSED] - Object 'Object Repository/Olusturma/Genel/Kutular/IrsaliyeBilgileri/IrsaliyeNumarasi' is present

2021-11-23 17:00:55 - [TEST_STEP][PASSED] - clearText(findTestObject("Object Repository/Olusturma/Genel/Kutular/IrsaliyeBilgileri/IrsaliyeNumarasi")): Text of object 'Object Repository/Olusturma/Genel/Kutular/IrsaliyeBilgileri/IrsaliyeNumarasi' is cleared

2021-11-23 17:00:55 - [MESSAGE][INFO] - Finding Test Object 'Object Repository/Olusturma/Genel/Kutular/IrsaliyeBilgileri/IrsaliyeNumarasi'

2021-11-23 17:00:55 - [MESSAGE][INFO] - Checking object

2021-11-23 17:00:55 - [MESSAGE][INFO] - Finding web element from Test Object's properties

2021-11-23 17:00:55 - [MESSAGE][INFO] - Checking timeout

2021-11-23 17:00:55 - [MESSAGE][INFO] - Finding web element with id: 'Object Repository/Olusturma/Genel/Kutular/IrsaliyeBilgileri/IrsaliyeNumarasi' located by 'By.xpath: //*[@id = 'gvUserInvoiceBills_DXEditor1_I']' in '30' second(s)

2021-11-23 17:00:55 - [MESSAGE][INFO] - Smart Wait Function is triggered

2021-11-23 17:00:55 - [MESSAGE][INFO] - Found 1 web elements with id: 'Object Repository/Olusturma/Genel/Kutular/IrsaliyeBilgileri/IrsaliyeNumarasi' located by 'By.xpath: //*[@id = 'gvUserInvoiceBills_DXEditor1_I']' in '30' second(s)

2021-11-23 17:00:55 - [MESSAGE][INFO] - Clearing text of object 'Object Repository/Olusturma/Genel/Kutular/IrsaliyeBilgileri/IrsaliyeNumarasi'

2021-11-23 17:00:55 - [MESSAGE][PASSED] - Text of object 'Object Repository/Olusturma/Genel/Kutular/IrsaliyeBilgileri/IrsaliyeNumarasi' is cleared

2021-11-23 17:00:55 - [TEST_STEP][PASSED] - sendKeys(findTestObject("Object Repository/Olusturma/Genel/Kutular/IrsaliyeBilgileri/IrsaliyeNumarasi"), Numara): Keys 'AAAAAAAAAA' sent to object: 'Object Repository/Olusturma/Genel/Kutular/IrsaliyeBilgileri/IrsaliyeNumarasi'

2021-11-23 17:00:55 - [MESSAGE][INFO] - Finding Test Object 'Object Repository/Olusturma/Genel/Kutular/IrsaliyeBilgileri/IrsaliyeNumarasi'

2021-11-23 17:00:56 - [MESSAGE][INFO] - Sending keys 'AAAAAAAAAA' to object: 'Object Repository/Olusturma/Genel/Kutular/IrsaliyeBilgileri/IrsaliyeNumarasi'

2021-11-23 17:00:56 - [MESSAGE][INFO] - Finding web element from Test Object's properties

2021-11-23 17:00:56 - [MESSAGE][INFO] - Checking timeout

2021-11-23 17:00:56 - [MESSAGE][INFO] - Finding web element with id: 'Object Repository/Olusturma/Genel/Kutular/IrsaliyeBilgileri/IrsaliyeNumarasi' located by 'By.xpath: //*[@id = 'gvUserInvoiceBills_DXEditor1_I']' in '30' second(s)

2021-11-23 17:00:56 - [MESSAGE][INFO] - Smart Wait Function is triggered

2021-11-23 17:00:56 - [MESSAGE][INFO] - Found 1 web elements with id: 'Object Repository/Olusturma/Genel/Kutular/IrsaliyeBilgileri/IrsaliyeNumarasi' located by 'By.xpath: //*[@id = 'gvUserInvoiceBills_DXEditor1_I']' in '30' second(s)

2021-11-23 17:00:56 - [MESSAGE][PASSED] - Keys 'AAAAAAAAAA' sent to object: 'Object Repository/Olusturma/Genel/Kutular/IrsaliyeBilgileri/IrsaliyeNumarasi'

2021-11-23 17:00:56 - [TEST_STEP][PASSED] - waitForElementClickable(findTestObject("Object Repository/Olusturma/Genel/Kutular/IrsaliyeBilgileri/IrsaliyeTarihi"), 10): Object 'Object Repository/Olusturma/Genel/Kutular/IrsaliyeBilgileri/IrsaliyeTarihi' is clickable

2021-11-23 17:00:56 - [MESSAGE][INFO] - Finding Test Object 'Object Repository/Olusturma/Genel/Kutular/IrsaliyeBilgileri/IrsaliyeTarihi'

2021-11-23 17:00:56 - [MESSAGE][INFO] - Checking object

2021-11-23 17:00:56 - [MESSAGE][INFO] - Checking timeout

2021-11-23 17:00:56 - [MESSAGE][INFO] - Finding web element from Test Object's properties

2021-11-23 17:00:56 - [MESSAGE][INFO] - Checking timeout

2021-11-23 17:00:56 - [MESSAGE][INFO] - Finding web element with id: 'Object Repository/Olusturma/Genel/Kutular/IrsaliyeBilgileri/IrsaliyeTarihi' located by 'By.xpath: //*[@id = 'gvUserInvoiceBills_DXEditor2_I']' in '10' second(s)

2021-11-23 17:00:56 - [MESSAGE][INFO] - Smart Wait Function is triggered

2021-11-23 17:00:57 - [MESSAGE][INFO] - Found 1 web elements with id: 'Object Repository/Olusturma/Genel/Kutular/IrsaliyeBilgileri/IrsaliyeTarihi' located by 'By.xpath: //*[@id = 'gvUserInvoiceBills_DXEditor2_I']' in '10' second(s)

2021-11-23 17:00:57 - [MESSAGE][PASSED] - Object 'Object Repository/Olusturma/Genel/Kutular/IrsaliyeBilgileri/IrsaliyeTarihi' is clickable

2021-11-23 17:00:57 - [TEST_STEP][PASSED] - click(findTestObject("Object Repository/Olusturma/Genel/Kutular/IrsaliyeBilgileri/IrsaliyeTarihi")): Object: 'Object Repository/Olusturma/Genel/Kutular/IrsaliyeBilgileri/IrsaliyeTarihi' is clicked on

2021-11-23 17:00:57 - [MESSAGE][INFO] - Finding Test Object 'Object Repository/Olusturma/Genel/Kutular/IrsaliyeBilgileri/IrsaliyeTarihi'

2021-11-23 17:00:57 - [MESSAGE][INFO] - Checking object

2021-11-23 17:00:57 - [MESSAGE][INFO] - Finding web element from Test Object's properties

2021-11-23 17:00:57 - [MESSAGE][INFO] - Checking timeout

2021-11-23 17:00:57 - [MESSAGE][INFO] - Finding web element with id: 'Object Repository/Olusturma/Genel/Kutular/IrsaliyeBilgileri/IrsaliyeTarihi' located by 'By.xpath: //*[@id = 'gvUserInvoiceBills_DXEditor2_I']' in '30' second(s)

2021-11-23 17:00:57 - [MESSAGE][INFO] - Smart Wait Function is triggered

2021-11-23 17:00:57 - [MESSAGE][INFO] - Found 1 web elements with id: 'Object Repository/Olusturma/Genel/Kutular/IrsaliyeBilgileri/IrsaliyeTarihi' located by 'By.xpath: //*[@id = 'gvUserInvoiceBills_DXEditor2_I']' in '30' second(s)

2021-11-23 17:00:57 - [MESSAGE][INFO] - Clicking on object: 'Object Repository/Olusturma/Genel/Kutular/IrsaliyeBilgileri/IrsaliyeTarihi'

2021-11-23 17:00:57 - [MESSAGE][PASSED] - Object: 'Object Repository/Olusturma/Genel/Kutular/IrsaliyeBilgileri/IrsaliyeTarihi' is clicked on

2021-11-23 17:00:57 - [TEST_STEP][PASSED] - sendKeys(findTestObject("Object Repository/Olusturma/Genel/Kutular/IrsaliyeBilgileri/IrsaliyeTarihi"), Tarih): Keys '31.04.2020' sent to object: 'Object Repository/Olusturma/Genel/Kutular/IrsaliyeBilgileri/IrsaliyeTarihi'

2021-11-23 17:00:57 - [MESSAGE][INFO] - Finding Test Object 'Object Repository/Olusturma/Genel/Kutular/IrsaliyeBilgileri/IrsaliyeTarihi'

2021-11-23 17:00:57 - [MESSAGE][INFO] - Sending keys '31.04.2020' to object: 'Object Repository/Olusturma/Genel/Kutular/IrsaliyeBilgileri/IrsaliyeTarihi'

2021-11-23 17:00:57 - [MESSAGE][INFO] - Finding web element from Test Object's properties

2021-11-23 17:00:57 - [MESSAGE][INFO] - Checking timeout

2021-11-23 17:00:57 - [MESSAGE][INFO] - Finding web element with id: 'Object Repository/Olusturma/Genel/Kutular/IrsaliyeBilgileri/IrsaliyeTarihi' located by 'By.xpath: //*[@id = 'gvUserInvoiceBills_DXEditor2_I']' in '30' second(s)

2021-11-23 17:00:57 - [MESSAGE][INFO] - Smart Wait Function is triggered

2021-11-23 17:00:57 - [MESSAGE][INFO] - Found 1 web elements with id: 'Object Repository/Olusturma/Genel/Kutular/IrsaliyeBilgileri/IrsaliyeTarihi' located by 'By.xpath: //*[@id = 'gvUserInvoiceBills_DXEditor2_I']' in '30' second(s)

2021-11-23 17:00:58 - [MESSAGE][PASSED] - Keys '31.04.2020' sent to object: 'Object Repository/Olusturma/Genel/Kutular/IrsaliyeBilgileri/IrsaliyeTarihi'

2021-11-23 17:00:58 - [MESSAGE][PASSED] - Call Test Case 'Test Cases/Olusturma/Genel/Kutular/IrsaliyeBilgileri' successfully

2021-11-23 17:00:58 - [MESSAGE][INFO] - Checking called Test Case

2021-11-23 17:00:58 - [MESSAGE][INFO] - Starting to call Test Case 'Test Cases/Olusturma/Genel/EkleButonunaBasilir'

2021-11-23 17:00:58 - [TEST_CASE][PASSED] - Test Cases/Olusturma/Genel/EkleButonunaBasilir: Test Cases/Olusturma/Genel/EkleButonunaBasilir

2021-11-23 17:00:58 - [TEST_STEP][PASSED] - waitForElementClickable(findTestObject("Object Repository/Olusturma/Genel/Olusturma/Ekle"), 10): Object 'Object Repository/Olusturma/Genel/Olusturma/Ekle' is clickable

2021-11-23 17:00:58 - [MESSAGE][INFO] - Finding Test Object 'Object Repository/Olusturma/Genel/Olusturma/Ekle'

2021-11-23 17:00:58 - [MESSAGE][INFO] - Checking object

2021-11-23 17:00:58 - [MESSAGE][INFO] - Checking timeout

2021-11-23 17:00:58 - [MESSAGE][INFO] - Finding web element from Test Object's properties

2021-11-23 17:00:58 - [MESSAGE][INFO] - Checking timeout

2021-11-23 17:00:58 - [MESSAGE][INFO] - Finding web element with id: 'Object Repository/Olusturma/Genel/Olusturma/Ekle' located by 'By.cssSelector: #divmalhizmet i.fa.fa-plus.fa-lg.text-muted' in '10' second(s)

2021-11-23 17:00:58 - [MESSAGE][INFO] - Smart Wait Function is triggered

2021-11-23 17:00:58 - [MESSAGE][INFO] - Found 1 web elements with id: 'Object Repository/Olusturma/Genel/Olusturma/Ekle' located by 'By.cssSelector: #divmalhizmet i.fa.fa-plus.fa-lg.text-muted' in '10' second(s)

2021-11-23 17:00:58 - [MESSAGE][PASSED] - Object 'Object Repository/Olusturma/Genel/Olusturma/Ekle' is clickable

2021-11-23 17:00:58 - [TEST_STEP][PASSED] - click(findTestObject("Object Repository/Olusturma/Genel/Olusturma/Ekle")): Object: 'Object Repository/Olusturma/Genel/Olusturma/Ekle' is clicked on

2021-11-23 17:00:58 - [MESSAGE][INFO] - Finding Test Object 'Object Repository/Olusturma/Genel/Olusturma/Ekle'

2021-11-23 17:00:58 - [MESSAGE][INFO] - Checking object

2021-11-23 17:00:58 - [MESSAGE][INFO] - Finding web element from Test Object's properties

2021-11-23 17:00:58 - [MESSAGE][INFO] - Checking timeout

2021-11-23 17:00:58 - [MESSAGE][INFO] - Finding web element with id: 'Object Repository/Olusturma/Genel/Olusturma/Ekle' located by 'By.cssSelector: #divmalhizmet i.fa.fa-plus.fa-lg.text-muted' in '30' second(s)

2021-11-23 17:00:58 - [MESSAGE][INFO] - Smart Wait Function is triggered

2021-11-23 17:00:58 - [MESSAGE][INFO] - Found 1 web elements with id: 'Object Repository/Olusturma/Genel/Olusturma/Ekle' located by 'By.cssSelector: #divmalhizmet i.fa.fa-plus.fa-lg.text-muted' in '30' second(s)

2021-11-23 17:00:58 - [MESSAGE][INFO] - Clicking on object: 'Object Repository/Olusturma/Genel/Olusturma/Ekle'

2021-11-23 17:00:58 - [MESSAGE][PASSED] - Object: 'Object Repository/Olusturma/Genel/Olusturma/Ekle' is clicked on

2021-11-23 17:00:58 - [TEST_STEP][PASSED] - waitForElementClickable(findTestObject("Olusturma/Genel/Olusturma/EklenenSatirCarpiImage"), 10): Object 'Object Repository/Olusturma/Genel/Olusturma/EklenenSatirCarpiImage' is clickable

2021-11-23 17:00:58 - [MESSAGE][INFO] - Finding Test Object 'Object Repository/Olusturma/Genel/Olusturma/EklenenSatirCarpiImage'

2021-11-23 17:00:59 - [MESSAGE][INFO] - Checking object

2021-11-23 17:00:59 - [MESSAGE][INFO] - Checking timeout

2021-11-23 17:00:59 - [MESSAGE][INFO] - Finding web element from Test Object's properties

2021-11-23 17:00:59 - [MESSAGE][INFO] - Checking timeout

2021-11-23 17:00:59 - [MESSAGE][INFO] - Finding web element with id: 'Object Repository/Olusturma/Genel/Olusturma/EklenenSatirCarpiImage' located by 'By.cssSelector: .fa.fa-times.fa-lg.text-primary' in '10' second(s)

2021-11-23 17:00:59 - [MESSAGE][INFO] - Smart Wait Function is triggered

2021-11-23 17:00:59 - [MESSAGE][INFO] - Found 1 web elements with id: 'Object Repository/Olusturma/Genel/Olusturma/EklenenSatirCarpiImage' located by 'By.cssSelector: .fa.fa-times.fa-lg.text-primary' in '10' second(s)

2021-11-23 17:00:59 - [MESSAGE][PASSED] - Object 'Object Repository/Olusturma/Genel/Olusturma/EklenenSatirCarpiImage' is clickable

2021-11-23 17:00:59 - [MESSAGE][PASSED] - Call Test Case 'Test Cases/Olusturma/Genel/EkleButonunaBasilir' successfully

2021-11-23 17:00:59 - [MESSAGE][INFO] - Checking called Test Case

2021-11-23 17:00:59 - [MESSAGE][INFO] - Starting to call Test Case 'Test Cases/Olusturma/Genel/Olusturma'

2021-11-23 17:00:59 - [TEST_CASE][PASSED] - Test Cases/Olusturma/Genel/Olusturma: Test Cases/Olusturma/Genel/Olusturma

2021-11-23 17:00:59 - [TEST_STEP][PASSED] - driver = getWebDriver(): null

2021-11-23 17:00:59 - [TEST_STEP][PASSED] - action = new org.openqa.selenium.interactions.Actions(driver): null

2021-11-23 17:00:59 - [TEST_STEP][PASSED] - baslikElement = <not implemented yet for class: org.codehaus.groovy.ast.expr.EmptyExpression>: null

2021-11-23 17:00:59 - [TEST_STEP][PASSED] - sonElement = <not implemented yet for class: org.codehaus.groovy.ast.expr.EmptyExpression>: null

2021-11-23 17:00:59 - [TEST_STEP][PASSED] - attr = <not implemented yet for class: org.codehaus.groovy.ast.expr.EmptyExpression>: null

2021-11-23 17:00:59 - [TEST_STEP][PASSED] - a = 0: null

2021-11-23 17:00:59 - [TEST_STEP][PASSED] - elements = findWebElements(findTestObject("Object Repository/Olusturma/Genel/Olusturma/TabloBasliklari"), 10): Found 13 web elements with id: 'Object Repository/Olusturma/Genel/Olusturma/TabloBasliklari' located by 'By.cssSelector: div#divmalhizmet .dxgvTable_LECustomTheme td.dxgvHeader_LECustomTheme tr>td:nth-child(1)' in '10' second(s)

2021-11-23 17:00:59 - [MESSAGE][INFO] - Finding Test Object 'Object Repository/Olusturma/Genel/Olusturma/TabloBasliklari'

2021-11-23 17:00:59 - [MESSAGE][INFO] - Checking timeout

2021-11-23 17:00:59 - [MESSAGE][INFO] - Finding web element with id: 'Object Repository/Olusturma/Genel/Olusturma/TabloBasliklari' located by 'By.cssSelector: div#divmalhizmet .dxgvTable_LECustomTheme td.dxgvHeader_LECustomTheme tr>td:nth-child(1)' in '10' second(s)

2021-11-23 17:00:59 - [MESSAGE][INFO] - Smart Wait Function is triggered

2021-11-23 17:01:00 - [MESSAGE][INFO] - Found 13 web elements with id: 'Object Repository/Olusturma/Genel/Olusturma/TabloBasliklari' located by 'By.cssSelector: div#divmalhizmet .dxgvTable_LECustomTheme td.dxgvHeader_LECustomTheme tr>td:nth-child(1)' in '10' second(s)

2021-11-23 17:01:00 - [TEST_STEP][PASSED] - for (def element : elements): null

2021-11-23 17:01:00 - [TEST_STEP][PASSED] - build().perform(): null

2021-11-23 17:01:01 - [TEST_STEP][PASSED] - if (getText().equals(Baslik)): null

2021-11-23 17:01:01 - [TEST_STEP][PASSED] - baslikElement = element.findElement(By.xpath("../../../..")): Smart Wait Function is triggered

2021-11-23 17:01:01 - [MESSAGE][INFO] - Smart Wait Function is triggered

2021-11-23 17:01:01 - [TEST_STEP][PASSED] - attr = baslikElement.getAttribute("id"): null

2021-11-23 17:01:01 - [TEST_STEP][PASSED] - println("girdi ve idsini aldı = " + attr): null

2021-11-23 17:01:01 - [TEST_STEP][PASSED] - break: null

2021-11-23 17:01:01 - [TEST_STEP][PASSED] - countElement = baslikElement.findElements(By.xpath("../td")): Smart Wait Function is triggered

2021-11-23 17:01:01 - [MESSAGE][INFO] - Smart Wait Function is triggered

2021-11-23 17:01:01 - [TEST_STEP][PASSED] - for (def element : countElement): null

2021-11-23 17:01:01 - [TEST_STEP][PASSED] - if (toString().equals(attr.toString())): null

2021-11-23 17:01:01 - [TEST_STEP][PASSED] - (a++): null

2021-11-23 17:01:01 - [TEST_STEP][PASSED] - if (toString().equals(attr.toString())): null

2021-11-23 17:01:01 - [TEST_STEP][PASSED] - break: null

2021-11-23 17:01:01 - [TEST_STEP][PASSED] - son = findWebElement(findTestObject("Object Repository/Olusturma/Genel/Olusturma/EklenenSatir")).findElement(By.xpath("td[@class='dxgvInlineEditCell_LECustomTheme dxgv'][" + a + "]//td[@class='dxic']/input")): Smart Wait Function is triggered

2021-11-23 17:01:01 - [MESSAGE][INFO] - Finding Test Object 'Object Repository/Olusturma/Genel/Olusturma/EklenenSatir'

2021-11-23 17:01:01 - [MESSAGE][INFO] - Finding web element from Test Object's properties

2021-11-23 17:01:01 - [MESSAGE][INFO] - Checking timeout

2021-11-23 17:01:01 - [MESSAGE][INFO] - Finding web element with id: 'Object Repository/Olusturma/Genel/Olusturma/EklenenSatir' located by 'By.cssSelector: #divmalhizmet .dxgvInlineEditRow_LECustomTheme' in '30' second(s)

2021-11-23 17:01:01 - [MESSAGE][INFO] - Smart Wait Function is triggered

2021-11-23 17:01:02 - [MESSAGE][INFO] - Found 1 web elements with id: 'Object Repository/Olusturma/Genel/Olusturma/EklenenSatir' located by 'By.cssSelector: #divmalhizmet .dxgvInlineEditRow_LECustomTheme' in '30' second(s)

2021-11-23 17:01:02 - [MESSAGE][INFO] - Smart Wait Function is triggered

2021-11-23 17:01:02 - [TEST_STEP][PASSED] - if (!(getAttribute("value").contains("Vkn"))): null

2021-11-23 17:01:02 - [TEST_STEP][PASSED] - son.clear(): null

2021-11-23 17:01:02 - [TEST_STEP][PASSED] - son.sendKeys(Deger): null

2021-11-23 17:01:02 - [MESSAGE][PASSED] - Call Test Case 'Test Cases/Olusturma/Genel/Olusturma' successfully

2021-11-23 17:01:02 - [MESSAGE][INFO] - Checking called Test Case

2021-11-23 17:01:02 - [MESSAGE][INFO] - Starting to call Test Case 'Test Cases/Olusturma/Genel/Olusturma'

2021-11-23 17:01:02 - [TEST_CASE][PASSED] - Test Cases/Olusturma/Genel/Olusturma: Test Cases/Olusturma/Genel/Olusturma

2021-11-23 17:01:02 - [TEST_STEP][PASSED] - driver = getWebDriver(): null

2021-11-23 17:01:02 - [TEST_STEP][PASSED] - action = new org.openqa.selenium.interactions.Actions(driver): null

2021-11-23 17:01:02 - [TEST_STEP][PASSED] - baslikElement = <not implemented yet for class: org.codehaus.groovy.ast.expr.EmptyExpression>: null

2021-11-23 17:01:02 - [TEST_STEP][PASSED] - sonElement = <not implemented yet for class: org.codehaus.groovy.ast.expr.EmptyExpression>: null

2021-11-23 17:01:02 - [TEST_STEP][PASSED] - attr = <not implemented yet for class: org.codehaus.groovy.ast.expr.EmptyExpression>: null

2021-11-23 17:01:02 - [TEST_STEP][PASSED] - a = 0: null

2021-11-23 17:01:02 - [TEST_STEP][PASSED] - elements = findWebElements(findTestObject("Object Repository/Olusturma/Genel/Olusturma/TabloBasliklari"), 10): Found 13 web elements with id: 'Object Repository/Olusturma/Genel/Olusturma/TabloBasliklari' located by 'By.cssSelector: div#divmalhizmet .dxgvTable_LECustomTheme td.dxgvHeader_LECustomTheme tr>td:nth-child(1)' in '10' second(s)

2021-11-23 17:01:02 - [MESSAGE][INFO] - Finding Test Object 'Object Repository/Olusturma/Genel/Olusturma/TabloBasliklari'

2021-11-23 17:01:02 - [MESSAGE][INFO] - Checking timeout

2021-11-23 17:01:02 - [MESSAGE][INFO] - Finding web element with id: 'Object Repository/Olusturma/Genel/Olusturma/TabloBasliklari' located by 'By.cssSelector: div#divmalhizmet .dxgvTable_LECustomTheme td.dxgvHeader_LECustomTheme tr>td:nth-child(1)' in '10' second(s)

2021-11-23 17:01:02 - [MESSAGE][INFO] - Smart Wait Function is triggered

2021-11-23 17:01:03 - [MESSAGE][INFO] - Found 13 web elements with id: 'Object Repository/Olusturma/Genel/Olusturma/TabloBasliklari' located by 'By.cssSelector: div#divmalhizmet .dxgvTable_LECustomTheme td.dxgvHeader_LECustomTheme tr>td:nth-child(1)' in '10' second(s)

2021-11-23 17:01:03 - [TEST_STEP][PASSED] - for (def element : elements): null

2021-11-23 17:01:03 - [TEST_STEP][PASSED] - build().perform(): null

2021-11-23 17:01:03 - [TEST_STEP][PASSED] - if (getText().equals(Baslik)): null

2021-11-23 17:01:03 - [TEST_STEP][PASSED] - build().perform(): null

2021-11-23 17:01:03 - [TEST_STEP][PASSED] - if (getText().equals(Baslik)): null

2021-11-23 17:01:03 - [TEST_STEP][PASSED] - baslikElement = element.findElement(By.xpath("../../../..")): Smart Wait Function is triggered

2021-11-23 17:01:03 - [MESSAGE][INFO] - Smart Wait Function is triggered

2021-11-23 17:01:03 - [TEST_STEP][PASSED] - attr = baslikElement.getAttribute("id"): null

2021-11-23 17:01:03 - [TEST_STEP][PASSED] - println("girdi ve idsini aldı = " + attr): null

2021-11-23 17:01:03 - [TEST_STEP][PASSED] - break: null

2021-11-23 17:01:03 - [TEST_STEP][PASSED] - countElement = baslikElement.findElements(By.xpath("../td")): Smart Wait Function is triggered

2021-11-23 17:01:03 - [MESSAGE][INFO] - Smart Wait Function is triggered

2021-11-23 17:01:04 - [TEST_STEP][PASSED] - for (def element : countElement): null

2021-11-23 17:01:04 - [TEST_STEP][PASSED] - if (toString().equals(attr.toString())): null

2021-11-23 17:01:04 - [TEST_STEP][PASSED] - (a++): null

2021-11-23 17:01:04 - [TEST_STEP][PASSED] - if (toString().equals(attr.toString())): null

2021-11-23 17:01:04 - [TEST_STEP][PASSED] - (a++): null

2021-11-23 17:01:04 - [TEST_STEP][PASSED] - if (toString().equals(attr.toString())): null

2021-11-23 17:01:04 - [TEST_STEP][PASSED] - break: null

2021-11-23 17:01:04 - [TEST_STEP][PASSED] - son = findWebElement(findTestObject("Object Repository/Olusturma/Genel/Olusturma/EklenenSatir")).findElement(By.xpath("td[@class='dxgvInlineEditCell_LECustomTheme dxgv'][" + a + "]//td[@class='dxic']/input")): Smart Wait Function is triggered

2021-11-23 17:01:04 - [MESSAGE][INFO] - Finding Test Object 'Object Repository/Olusturma/Genel/Olusturma/EklenenSatir'

2021-11-23 17:01:04 - [MESSAGE][INFO] - Finding web element from Test Object's properties

2021-11-23 17:01:04 - [MESSAGE][INFO] - Checking timeout

2021-11-23 17:01:04 - [MESSAGE][INFO] - Finding web element with id: 'Object Repository/Olusturma/Genel/Olusturma/EklenenSatir' located by 'By.cssSelector: #divmalhizmet .dxgvInlineEditRow_LECustomTheme' in '30' second(s)

2021-11-23 17:01:04 - [MESSAGE][INFO] - Smart Wait Function is triggered

2021-11-23 17:01:04 - [MESSAGE][INFO] - Found 1 web elements with id: 'Object Repository/Olusturma/Genel/Olusturma/EklenenSatir' located by 'By.cssSelector: #divmalhizmet .dxgvInlineEditRow_LECustomTheme' in '30' second(s)

2021-11-23 17:01:04 - [MESSAGE][INFO] - Smart Wait Function is triggered

2021-11-23 17:01:04 - [TEST_STEP][PASSED] - if (!(getAttribute("value").contains("Vkn"))): null

2021-11-23 17:01:04 - [TEST_STEP][PASSED] - son.clear(): null

2021-11-23 17:01:05 - [TEST_STEP][PASSED] - son.sendKeys(Deger): null

2021-11-23 17:01:05 - [MESSAGE][PASSED] - Call Test Case 'Test Cases/Olusturma/Genel/Olusturma' successfully

2021-11-23 17:01:05 - [MESSAGE][INFO] - Checking called Test Case

2021-11-23 17:01:05 - [MESSAGE][INFO] - Starting to call Test Case 'Test Cases/Olusturma/Genel/Olusturma'

2021-11-23 17:01:05 - [TEST_CASE][PASSED] - Test Cases/Olusturma/Genel/Olusturma: Test Cases/Olusturma/Genel/Olusturma

2021-11-23 17:01:05 - [TEST_STEP][PASSED] - driver = getWebDriver(): null

2021-11-23 17:01:05 - [TEST_STEP][PASSED] - action = new org.openqa.selenium.interactions.Actions(driver): null

2021-11-23 17:01:05 - [TEST_STEP][PASSED] - baslikElement = <not implemented yet for class: org.codehaus.groovy.ast.expr.EmptyExpression>: null

2021-11-23 17:01:05 - [TEST_STEP][PASSED] - sonElement = <not implemented yet for class: org.codehaus.groovy.ast.expr.EmptyExpression>: null

2021-11-23 17:01:05 - [TEST_STEP][PASSED] - attr = <not implemented yet for class: org.codehaus.groovy.ast.expr.EmptyExpression>: null

2021-11-23 17:01:05 - [TEST_STEP][PASSED] - a = 0: null

2021-11-23 17:01:05 - [TEST_STEP][PASSED] - elements = findWebElements(findTestObject("Object Repository/Olusturma/Genel/Olusturma/TabloBasliklari"), 10): Found 13 web elements with id: 'Object Repository/Olusturma/Genel/Olusturma/TabloBasliklari' located by 'By.cssSelector: div#divmalhizmet .dxgvTable_LECustomTheme td.dxgvHeader_LECustomTheme tr>td:nth-child(1)' in '10' second(s)

2021-11-23 17:01:05 - [MESSAGE][INFO] - Finding Test Object 'Object Repository/Olusturma/Genel/Olusturma/TabloBasliklari'

2021-11-23 17:01:05 - [MESSAGE][INFO] - Checking timeout

2021-11-23 17:01:05 - [MESSAGE][INFO] - Finding web element with id: 'Object Repository/Olusturma/Genel/Olusturma/TabloBasliklari' located by 'By.cssSelector: div#divmalhizmet .dxgvTable_LECustomTheme td.dxgvHeader_LECustomTheme tr>td:nth-child(1)' in '10' second(s)

2021-11-23 17:01:05 - [MESSAGE][INFO] - Smart Wait Function is triggered

2021-11-23 17:01:05 - [MESSAGE][INFO] - Found 13 web elements with id: 'Object Repository/Olusturma/Genel/Olusturma/TabloBasliklari' located by 'By.cssSelector: div#divmalhizmet .dxgvTable_LECustomTheme td.dxgvHeader_LECustomTheme tr>td:nth-child(1)' in '10' second(s)

2021-11-23 17:01:05 - [TEST_STEP][PASSED] - for (def element : elements): null

2021-11-23 17:01:05 - [TEST_STEP][PASSED] - build().perform(): null

2021-11-23 17:01:05 - [TEST_STEP][PASSED] - if (getText().equals(Baslik)): null

2021-11-23 17:01:05 - [TEST_STEP][PASSED] - build().perform(): null

2021-11-23 17:01:05 - [TEST_STEP][PASSED] - if (getText().equals(Baslik)): null

2021-11-23 17:01:05 - [TEST_STEP][PASSED] - build().perform(): null

2021-11-23 17:01:06 - [TEST_STEP][PASSED] - if (getText().equals(Baslik)): null

2021-11-23 17:01:06 - [TEST_STEP][PASSED] - build().perform(): null

2021-11-23 17:01:06 - [TEST_STEP][PASSED] - if (getText().equals(Baslik)): null

2021-11-23 17:01:06 - [TEST_STEP][PASSED] - baslikElement = element.findElement(By.xpath("../../../..")): Smart Wait Function is triggered

2021-11-23 17:01:06 - [MESSAGE][INFO] - Smart Wait Function is triggered

2021-11-23 17:01:06 - [TEST_STEP][PASSED] - attr = baslikElement.getAttribute("id"): null

2021-11-23 17:01:06 - [TEST_STEP][PASSED] - println("girdi ve idsini aldı = " + attr): null

2021-11-23 17:01:06 - [TEST_STEP][PASSED] - break: null

2021-11-23 17:01:06 - [TEST_STEP][PASSED] - countElement = baslikElement.findElements(By.xpath("../td")): Smart Wait Function is triggered

2021-11-23 17:01:06 - [MESSAGE][INFO] - Smart Wait Function is triggered

2021-11-23 17:01:06 - [TEST_STEP][PASSED] - for (def element : countElement): null

2021-11-23 17:01:06 - [TEST_STEP][PASSED] - if (toString().equals(attr.toString())): null

2021-11-23 17:01:06 - [TEST_STEP][PASSED] - (a++): null

2021-11-23 17:01:06 - [TEST_STEP][PASSED] - if (toString().equals(attr.toString())): null

2021-11-23 17:01:06 - [TEST_STEP][PASSED] - (a++): null

2021-11-23 17:01:06 - [TEST_STEP][PASSED] - if (toString().equals(attr.toString())): null

2021-11-23 17:01:06 - [TEST_STEP][PASSED] - (a++): null

2021-11-23 17:01:06 - [TEST_STEP][PASSED] - if (toString().equals(attr.toString())): null

2021-11-23 17:01:06 - [TEST_STEP][PASSED] - (a++): null

2021-11-23 17:01:06 - [TEST_STEP][PASSED] - if (toString().equals(attr.toString())): null

2021-11-23 17:01:06 - [TEST_STEP][PASSED] - break: null

2021-11-23 17:01:06 - [TEST_STEP][PASSED] - son = findWebElement(findTestObject("Object Repository/Olusturma/Genel/Olusturma/EklenenSatir")).findElement(By.xpath("td[@class='dxgvInlineEditCell_LECustomTheme dxgv'][" + a + "]//td[@class='dxic']/input")): Smart Wait Function is triggered

2021-11-23 17:01:06 - [MESSAGE][INFO] - Finding Test Object 'Object Repository/Olusturma/Genel/Olusturma/EklenenSatir'

2021-11-23 17:01:07 - [MESSAGE][INFO] - Finding web element from Test Object's properties

2021-11-23 17:01:07 - [MESSAGE][INFO] - Checking timeout

2021-11-23 17:01:07 - [MESSAGE][INFO] - Finding web element with id: 'Object Repository/Olusturma/Genel/Olusturma/EklenenSatir' located by 'By.cssSelector: #divmalhizmet .dxgvInlineEditRow_LECustomTheme' in '30' second(s)

2021-11-23 17:01:07 - [MESSAGE][INFO] - Smart Wait Function is triggered

2021-11-23 17:01:07 - [MESSAGE][INFO] - Found 1 web elements with id: 'Object Repository/Olusturma/Genel/Olusturma/EklenenSatir' located by 'By.cssSelector: #divmalhizmet .dxgvInlineEditRow_LECustomTheme' in '30' second(s)

2021-11-23 17:01:07 - [MESSAGE][INFO] - Smart Wait Function is triggered

2021-11-23 17:01:07 - [TEST_STEP][PASSED] - if (!(getAttribute("value").contains("Vkn"))): null

2021-11-23 17:01:07 - [TEST_STEP][PASSED] - son.clear(): null

2021-11-23 17:01:07 - [TEST_STEP][PASSED] - son.sendKeys(Deger): null

2021-11-23 17:01:07 - [MESSAGE][PASSED] - Call Test Case 'Test Cases/Olusturma/Genel/Olusturma' successfully

2021-11-23 17:01:07 - [MESSAGE][INFO] - Checking called Test Case

2021-11-23 17:01:07 - [MESSAGE][INFO] - Starting to call Test Case 'Test Cases/Olusturma/Genel/Olusturma'

2021-11-23 17:01:08 - [TEST_CASE][PASSED] - Test Cases/Olusturma/Genel/Olusturma: Test Cases/Olusturma/Genel/Olusturma

2021-11-23 17:01:08 - [TEST_STEP][PASSED] - driver = getWebDriver(): null

2021-11-23 17:01:08 - [TEST_STEP][PASSED] - action = new org.openqa.selenium.interactions.Actions(driver): null

2021-11-23 17:01:08 - [TEST_STEP][PASSED] - baslikElement = <not implemented yet for class: org.codehaus.groovy.ast.expr.EmptyExpression>: null

2021-11-23 17:01:08 - [TEST_STEP][PASSED] - sonElement = <not implemented yet for class: org.codehaus.groovy.ast.expr.EmptyExpression>: null

2021-11-23 17:01:08 - [TEST_STEP][PASSED] - attr = <not implemented yet for class: org.codehaus.groovy.ast.expr.EmptyExpression>: null

2021-11-23 17:01:08 - [TEST_STEP][PASSED] - a = 0: null

2021-11-23 17:01:08 - [TEST_STEP][PASSED] - elements = findWebElements(findTestObject("Object Repository/Olusturma/Genel/Olusturma/TabloBasliklari"), 10): Found 13 web elements with id: 'Object Repository/Olusturma/Genel/Olusturma/TabloBasliklari' located by 'By.cssSelector: div#divmalhizmet .dxgvTable_LECustomTheme td.dxgvHeader_LECustomTheme tr>td:nth-child(1)' in '10' second(s)

2021-11-23 17:01:08 - [MESSAGE][INFO] - Finding Test Object 'Object Repository/Olusturma/Genel/Olusturma/TabloBasliklari'

2021-11-23 17:01:08 - [MESSAGE][INFO] - Checking timeout

2021-11-23 17:01:08 - [MESSAGE][INFO] - Finding web element with id: 'Object Repository/Olusturma/Genel/Olusturma/TabloBasliklari' located by 'By.cssSelector: div#divmalhizmet .dxgvTable_LECustomTheme td.dxgvHeader_LECustomTheme tr>td:nth-child(1)' in '10' second(s)

2021-11-23 17:01:08 - [MESSAGE][INFO] - Smart Wait Function is triggered

2021-11-23 17:01:08 - [MESSAGE][INFO] - Found 13 web elements with id: 'Object Repository/Olusturma/Genel/Olusturma/TabloBasliklari' located by 'By.cssSelector: div#divmalhizmet .dxgvTable_LECustomTheme td.dxgvHeader_LECustomTheme tr>td:nth-child(1)' in '10' second(s)

2021-11-23 17:01:08 - [TEST_STEP][PASSED] - for (def element : elements): null

2021-11-23 17:01:08 - [TEST_STEP][PASSED] - build().perform(): null

2021-11-23 17:01:08 - [TEST_STEP][PASSED] - if (getText().equals(Baslik)): null

2021-11-23 17:01:08 - [TEST_STEP][PASSED] - build().perform(): null

2021-11-23 17:01:08 - [TEST_STEP][PASSED] - if (getText().equals(Baslik)): null

2021-11-23 17:01:08 - [TEST_STEP][PASSED] - build().perform(): null

2021-11-23 17:01:08 - [TEST_STEP][PASSED] - if (getText().equals(Baslik)): null

2021-11-23 17:01:08 - [TEST_STEP][PASSED] - build().perform(): null

2021-11-23 17:01:08 - [TEST_STEP][PASSED] - if (getText().equals(Baslik)): null

2021-11-23 17:01:09 - [TEST_STEP][PASSED] - build().perform(): null

2021-11-23 17:01:09 - [TEST_STEP][PASSED] - if (getText().equals(Baslik)): null

2021-11-23 17:01:09 - [TEST_STEP][PASSED] - build().perform(): null

2021-11-23 17:01:09 - [TEST_STEP][PASSED] - if (getText().equals(Baslik)): null

2021-11-23 17:01:09 - [TEST_STEP][PASSED] - baslikElement = element.findElement(By.xpath("../../../..")): Smart Wait Function is triggered

2021-11-23 17:01:09 - [MESSAGE][INFO] - Smart Wait Function is triggered

2021-11-23 17:01:09 - [TEST_STEP][PASSED] - attr = baslikElement.getAttribute("id"): null

2021-11-23 17:01:09 - [TEST_STEP][PASSED] - println("girdi ve idsini aldı = " + attr): null

2021-11-23 17:01:09 - [TEST_STEP][PASSED] - break: null

2021-11-23 17:01:09 - [TEST_STEP][PASSED] - countElement = baslikElement.findElements(By.xpath("../td")): Smart Wait Function is triggered

2021-11-23 17:01:09 - [MESSAGE][INFO] - Smart Wait Function is triggered

2021-11-23 17:01:09 - [TEST_STEP][PASSED] - for (def element : countElement): null

2021-11-23 17:01:09 - [TEST_STEP][PASSED] - if (toString().equals(attr.toString())): null

2021-11-23 17:01:09 - [TEST_STEP][PASSED] - (a++): null

2021-11-23 17:01:09 - [TEST_STEP][PASSED] - if (toString().equals(attr.toString())): null

2021-11-23 17:01:09 - [TEST_STEP][PASSED] - (a++): null

2021-11-23 17:01:09 - [TEST_STEP][PASSED] - if (toString().equals(attr.toString())): null

2021-11-23 17:01:09 - [TEST_STEP][PASSED] - (a++): null

2021-11-23 17:01:09 - [TEST_STEP][PASSED] - if (toString().equals(attr.toString())): null

2021-11-23 17:01:09 - [TEST_STEP][PASSED] - (a++): null

2021-11-23 17:01:09 - [TEST_STEP][PASSED] - if (toString().equals(attr.toString())): null

2021-11-23 17:01:09 - [TEST_STEP][PASSED] - (a++): null

2021-11-23 17:01:09 - [TEST_STEP][PASSED] - if (toString().equals(attr.toString())): null

2021-11-23 17:01:09 - [TEST_STEP][PASSED] - (a++): null

2021-11-23 17:01:09 - [TEST_STEP][PASSED] - if (toString().equals(attr.toString())): null

2021-11-23 17:01:10 - [TEST_STEP][PASSED] - break: null

2021-11-23 17:01:10 - [TEST_STEP][PASSED] - son = findWebElement(findTestObject("Object Repository/Olusturma/Genel/Olusturma/EklenenSatir")).findElement(By.xpath("td[@class='dxgvInlineEditCell_LECustomTheme dxgv'][" + a + "]//td[@class='dxic']/input")): Smart Wait Function is triggered

2021-11-23 17:01:10 - [MESSAGE][INFO] - Finding Test Object 'Object Repository/Olusturma/Genel/Olusturma/EklenenSatir'

2021-11-23 17:01:10 - [MESSAGE][INFO] - Finding web element from Test Object's properties

2021-11-23 17:01:10 - [MESSAGE][INFO] - Checking timeout

2021-11-23 17:01:10 - [MESSAGE][INFO] - Finding web element with id: 'Object Repository/Olusturma/Genel/Olusturma/EklenenSatir' located by 'By.cssSelector: #divmalhizmet .dxgvInlineEditRow_LECustomTheme' in '30' second(s)

2021-11-23 17:01:10 - [MESSAGE][INFO] - Smart Wait Function is triggered

2021-11-23 17:01:10 - [MESSAGE][INFO] - Found 1 web elements with id: 'Object Repository/Olusturma/Genel/Olusturma/EklenenSatir' located by 'By.cssSelector: #divmalhizmet .dxgvInlineEditRow_LECustomTheme' in '30' second(s)

2021-11-23 17:01:10 - [MESSAGE][INFO] - Smart Wait Function is triggered

2021-11-23 17:01:10 - [TEST_STEP][PASSED] - if (!(getAttribute("value").contains("Vkn"))): null

2021-11-23 17:01:10 - [TEST_STEP][PASSED] - son.clear(): null

2021-11-23 17:01:10 - [TEST_STEP][PASSED] - son.sendKeys(Deger): null

2021-11-23 17:01:10 - [MESSAGE][PASSED] - Call Test Case 'Test Cases/Olusturma/Genel/Olusturma' successfully

2021-11-23 17:01:10 - [MESSAGE][INFO] - Checking called Test Case

2021-11-23 17:01:10 - [MESSAGE][INFO] - Starting to call Test Case 'Test Cases/Olusturma/Genel/Olusturma'

2021-11-23 17:01:10 - [TEST_CASE][PASSED] - Test Cases/Olusturma/Genel/Olusturma: Test Cases/Olusturma/Genel/Olusturma

2021-11-23 17:01:10 - [TEST_STEP][PASSED] - driver = getWebDriver(): null

2021-11-23 17:01:10 - [TEST_STEP][PASSED] - action = new org.openqa.selenium.interactions.Actions(driver): null

2021-11-23 17:01:10 - [TEST_STEP][PASSED] - baslikElement = <not implemented yet for class: org.codehaus.groovy.ast.expr.EmptyExpression>: null

2021-11-23 17:01:10 - [TEST_STEP][PASSED] - sonElement = <not implemented yet for class: org.codehaus.groovy.ast.expr.EmptyExpression>: null

2021-11-23 17:01:10 - [TEST_STEP][PASSED] - attr = <not implemented yet for class: org.codehaus.groovy.ast.expr.EmptyExpression>: null

2021-11-23 17:01:10 - [TEST_STEP][PASSED] - a = 0: null

2021-11-23 17:01:10 - [TEST_STEP][PASSED] - elements = findWebElements(findTestObject("Object Repository/Olusturma/Genel/Olusturma/TabloBasliklari"), 10): Found 13 web elements with id: 'Object Repository/Olusturma/Genel/Olusturma/TabloBasliklari' located by 'By.cssSelector: div#divmalhizmet .dxgvTable_LECustomTheme td.dxgvHeader_LECustomTheme tr>td:nth-child(1)' in '10' second(s)

2021-11-23 17:01:10 - [MESSAGE][INFO] - Finding Test Object 'Object Repository/Olusturma/Genel/Olusturma/TabloBasliklari'

2021-11-23 17:01:10 - [MESSAGE][INFO] - Checking timeout

2021-11-23 17:01:10 - [MESSAGE][INFO] - Finding web element with id: 'Object Repository/Olusturma/Genel/Olusturma/TabloBasliklari' located by 'By.cssSelector: div#divmalhizmet .dxgvTable_LECustomTheme td.dxgvHeader_LECustomTheme tr>td:nth-child(1)' in '10' second(s)

2021-11-23 17:01:10 - [MESSAGE][INFO] - Smart Wait Function is triggered

2021-11-23 17:01:11 - [MESSAGE][INFO] - Found 13 web elements with id: 'Object Repository/Olusturma/Genel/Olusturma/TabloBasliklari' located by 'By.cssSelector: div#divmalhizmet .dxgvTable_LECustomTheme td.dxgvHeader_LECustomTheme tr>td:nth-child(1)' in '10' second(s)

2021-11-23 17:01:11 - [TEST_STEP][PASSED] - for (def element : elements): null

2021-11-23 17:01:11 - [TEST_STEP][PASSED] - build().perform(): null

2021-11-23 17:01:11 - [TEST_STEP][PASSED] - if (getText().equals(Baslik)): null

2021-11-23 17:01:11 - [TEST_STEP][PASSED] - build().perform(): null

2021-11-23 17:01:11 - [TEST_STEP][PASSED] - if (getText().equals(Baslik)): null

2021-11-23 17:01:11 - [TEST_STEP][PASSED] - build().perform(): null

2021-11-23 17:01:11 - [TEST_STEP][PASSED] - if (getText().equals(Baslik)): null

2021-11-23 17:01:11 - [TEST_STEP][PASSED] - build().perform(): null

2021-11-23 17:01:11 - [TEST_STEP][PASSED] - if (getText().equals(Baslik)): null

2021-11-23 17:01:11 - [TEST_STEP][PASSED] - build().perform(): null

2021-11-23 17:01:12 - [TEST_STEP][PASSED] - if (getText().equals(Baslik)): null

2021-11-23 17:01:12 - [TEST_STEP][PASSED] - build().perform(): null

2021-11-23 17:01:12 - [TEST_STEP][PASSED] - if (getText().equals(Baslik)): null

2021-11-23 17:01:12 - [TEST_STEP][PASSED] - build().perform(): null

2021-11-23 17:01:12 - [TEST_STEP][PASSED] - if (getText().equals(Baslik)): null

2021-11-23 17:01:12 - [TEST_STEP][PASSED] - baslikElement = element.findElement(By.xpath("../../../..")): Smart Wait Function is triggered

2021-11-23 17:01:12 - [MESSAGE][INFO] - Smart Wait Function is triggered

2021-11-23 17:01:12 - [TEST_STEP][PASSED] - attr = baslikElement.getAttribute("id"): null

2021-11-23 17:01:12 - [TEST_STEP][PASSED] - println("girdi ve idsini aldı = " + attr): null

2021-11-23 17:01:12 - [TEST_STEP][PASSED] - break: null

2021-11-23 17:01:12 - [TEST_STEP][PASSED] - countElement = baslikElement.findElements(By.xpath("../td")): Smart Wait Function is triggered

2021-11-23 17:01:12 - [MESSAGE][INFO] - Smart Wait Function is triggered

2021-11-23 17:01:12 - [TEST_STEP][PASSED] - for (def element : countElement): null

2021-11-23 17:01:12 - [TEST_STEP][PASSED] - if (toString().equals(attr.toString())): null

2021-11-23 17:01:12 - [TEST_STEP][PASSED] - (a++): null

2021-11-23 17:01:12 - [TEST_STEP][PASSED] - if (toString().equals(attr.toString())): null

2021-11-23 17:01:12 - [TEST_STEP][PASSED] - (a++): null

2021-11-23 17:01:12 - [TEST_STEP][PASSED] - if (toString().equals(attr.toString())): null

2021-11-23 17:01:13 - [TEST_STEP][PASSED] - (a++): null

2021-11-23 17:01:13 - [TEST_STEP][PASSED] - if (toString().equals(attr.toString())): null

2021-11-23 17:01:13 - [TEST_STEP][PASSED] - (a++): null

2021-11-23 17:01:13 - [TEST_STEP][PASSED] - if (toString().equals(attr.toString())): null

2021-11-23 17:01:13 - [TEST_STEP][PASSED] - (a++): null

2021-11-23 17:01:13 - [TEST_STEP][PASSED] - if (toString().equals(attr.toString())): null

2021-11-23 17:01:13 - [TEST_STEP][PASSED] - (a++): null

2021-11-23 17:01:13 - [TEST_STEP][PASSED] - if (toString().equals(attr.toString())): null

2021-11-23 17:01:13 - [TEST_STEP][PASSED] - (a++): null

2021-11-23 17:01:13 - [TEST_STEP][PASSED] - if (toString().equals(attr.toString())): null

2021-11-23 17:01:13 - [TEST_STEP][PASSED] - break: null

2021-11-23 17:01:13 - [TEST_STEP][PASSED] - son = findWebElement(findTestObject("Object Repository/Olusturma/Genel/Olusturma/EklenenSatir")).findElement(By.xpath("td[@class='dxgvInlineEditCell_LECustomTheme dxgv'][" + a + "]//td[@class='dxic']/input")): Smart Wait Function is triggered

2021-11-23 17:01:13 - [MESSAGE][INFO] - Finding Test Object 'Object Repository/Olusturma/Genel/Olusturma/EklenenSatir'

2021-11-23 17:01:13 - [MESSAGE][INFO] - Finding web element from Test Object's properties

2021-11-23 17:01:13 - [MESSAGE][INFO] - Checking timeout

2021-11-23 17:01:13 - [MESSAGE][INFO] - Finding web element with id: 'Object Repository/Olusturma/Genel/Olusturma/EklenenSatir' located by 'By.cssSelector: #divmalhizmet .dxgvInlineEditRow_LECustomTheme' in '30' second(s)

2021-11-23 17:01:13 - [MESSAGE][INFO] - Smart Wait Function is triggered

2021-11-23 17:01:13 - [MESSAGE][INFO] - Found 1 web elements with id: 'Object Repository/Olusturma/Genel/Olusturma/EklenenSatir' located by 'By.cssSelector: #divmalhizmet .dxgvInlineEditRow_LECustomTheme' in '30' second(s)

2021-11-23 17:01:13 - [MESSAGE][INFO] - Smart Wait Function is triggered

2021-11-23 17:01:13 - [TEST_STEP][PASSED] - if (!(getAttribute("value").contains("Vkn"))): null

2021-11-23 17:01:13 - [TEST_STEP][PASSED] - son.clear(): null

2021-11-23 17:01:13 - [TEST_STEP][PASSED] - son.sendKeys(Deger): null

2021-11-23 17:01:13 - [MESSAGE][PASSED] - Call Test Case 'Test Cases/Olusturma/Genel/Olusturma' successfully

2021-11-23 17:01:13 - [MESSAGE][INFO] - Checking called Test Case

2021-11-23 17:01:13 - [MESSAGE][INFO] - Starting to call Test Case 'Test Cases/Olusturma/Genel/NotGirilir'

2021-11-23 17:01:14 - [TEST_CASE][PASSED] - Test Cases/Olusturma/Genel/NotGirilir: Test Cases/Olusturma/Genel/NotGirilir

2021-11-23 17:01:14 - [TEST_STEP][PASSED] - i = 0: null

2021-11-23 17:01:14 - [TEST_STEP][PASSED] - waitForElementClickable(findTestObject("Olusturma/Genel/Not/Notlar"), 10): Object 'Object Repository/Olusturma/Genel/Not/Notlar' is clickable

2021-11-23 17:01:14 - [MESSAGE][INFO] - Finding Test Object 'Object Repository/Olusturma/Genel/Not/Notlar'

2021-11-23 17:01:14 - [MESSAGE][INFO] - Checking object

2021-11-23 17:01:14 - [MESSAGE][INFO] - Checking timeout

2021-11-23 17:01:14 - [MESSAGE][INFO] - Finding web element from Test Object's properties

2021-11-23 17:01:14 - [MESSAGE][INFO] - Checking timeout

2021-11-23 17:01:14 - [MESSAGE][INFO] - Finding web element with id: 'Object Repository/Olusturma/Genel/Not/Notlar' located by 'By.xpath: //*[@id = 'txtNote_I']' in '10' second(s)

2021-11-23 17:01:14 - [MESSAGE][INFO] - Smart Wait Function is triggered

2021-11-23 17:01:14 - [MESSAGE][INFO] - Found 1 web elements with id: 'Object Repository/Olusturma/Genel/Not/Notlar' located by 'By.xpath: //*[@id = 'txtNote_I']' in '10' second(s)

2021-11-23 17:01:14 - [MESSAGE][PASSED] - Object 'Object Repository/Olusturma/Genel/Not/Notlar' is clickable

2021-11-23 17:01:14 - [TEST_STEP][PASSED] - clearText(findTestObject("Olusturma/Genel/Not/Notlar")): Text of object 'Object Repository/Olusturma/Genel/Not/Notlar' is cleared

2021-11-23 17:01:14 - [MESSAGE][INFO] - Finding Test Object 'Object Repository/Olusturma/Genel/Not/Notlar'

2021-11-23 17:01:14 - [MESSAGE][INFO] - Checking object

2021-11-23 17:01:14 - [MESSAGE][INFO] - Finding web element from Test Object's properties

2021-11-23 17:01:14 - [MESSAGE][INFO] - Checking timeout

2021-11-23 17:01:14 - [MESSAGE][INFO] - Finding web element with id: 'Object Repository/Olusturma/Genel/Not/Notlar' located by 'By.xpath: //*[@id = 'txtNote_I']' in '30' second(s)

2021-11-23 17:01:14 - [MESSAGE][INFO] - Smart Wait Function is triggered

2021-11-23 17:01:14 - [MESSAGE][INFO] - Found 1 web elements with id: 'Object Repository/Olusturma/Genel/Not/Notlar' located by 'By.xpath: //*[@id = 'txtNote_I']' in '30' second(s)

2021-11-23 17:01:14 - [MESSAGE][INFO] - Clearing text of object 'Object Repository/Olusturma/Genel/Not/Notlar'

2021-11-23 17:01:14 - [MESSAGE][PASSED] - Text of object 'Object Repository/Olusturma/Genel/Not/Notlar' is cleared

2021-11-23 17:01:14 - [TEST_STEP][PASSED] - click(findTestObject("Olusturma/Genel/Not/Notlar")): Object: 'Object Repository/Olusturma/Genel/Not/Notlar' is clicked on

2021-11-23 17:01:14 - [MESSAGE][INFO] - Finding Test Object 'Object Repository/Olusturma/Genel/Not/Notlar'

2021-11-23 17:01:14 - [MESSAGE][INFO] - Checking object

2021-11-23 17:01:14 - [MESSAGE][INFO] - Finding web element from Test Object's properties

2021-11-23 17:01:14 - [MESSAGE][INFO] - Checking timeout

2021-11-23 17:01:14 - [MESSAGE][INFO] - Finding web element with id: 'Object Repository/Olusturma/Genel/Not/Notlar' located by 'By.xpath: //*[@id = 'txtNote_I']' in '30' second(s)

2021-11-23 17:01:14 - [MESSAGE][INFO] - Smart Wait Function is triggered

2021-11-23 17:01:15 - [MESSAGE][INFO] - Found 1 web elements with id: 'Object Repository/Olusturma/Genel/Not/Notlar' located by 'By.xpath: //*[@id = 'txtNote_I']' in '30' second(s)

2021-11-23 17:01:15 - [MESSAGE][INFO] - Clicking on object: 'Object Repository/Olusturma/Genel/Not/Notlar'

2021-11-23 17:01:15 - [MESSAGE][PASSED] - Object: 'Object Repository/Olusturma/Genel/Not/Notlar' is clicked on

2021-11-23 17:01:15 - [TEST_STEP][PASSED] - while (true): null

2021-11-23 17:01:15 - [TEST_STEP][PASSED] - delay(1): Delayed 1 second(s)

2021-11-23 17:01:15 - [MESSAGE][INFO] - Delaying browser in 1 second(s)

2021-11-23 17:01:16 - [MESSAGE][PASSED] - Delayed 1 second(s)

2021-11-23 17:01:16 - [TEST_STEP][PASSED] - ajaxIsComplete = executeJavaScript("return jQuery.active == 0", null): Execute JavaScript 'return jQuery.active == 0' successfully

2021-11-23 17:01:16 - [MESSAGE][PASSED] - Execute JavaScript 'return jQuery.active == 0' successfully

2021-11-23 17:01:16 - [TEST_STEP][PASSED] - if (ajaxIsComplete): null

2021-11-23 17:01:16 - [TEST_STEP][PASSED] - if (i > 10): null

2021-11-23 17:01:16 - [TEST_STEP][PASSED] - (i++): null

2021-11-23 17:01:16 - [TEST_STEP][PASSED] - delay(1): Delayed 1 second(s)

2021-11-23 17:01:16 - [MESSAGE][INFO] - Delaying browser in 1 second(s)

2021-11-23 17:01:17 - [MESSAGE][PASSED] - Delayed 1 second(s)

2021-11-23 17:01:17 - [TEST_STEP][PASSED] - ajaxIsComplete = executeJavaScript("return jQuery.active == 0", null): Execute JavaScript 'return jQuery.active == 0' successfully

2021-11-23 17:01:17 - [MESSAGE][PASSED] - Execute JavaScript 'return jQuery.active == 0' successfully

2021-11-23 17:01:17 - [TEST_STEP][PASSED] - if (ajaxIsComplete): null

2021-11-23 17:01:17 - [TEST_STEP][PASSED] - break: null

2021-11-23 17:01:17 - [TEST_STEP][PASSED] - sendKeys(findTestObject("Olusturma/Genel/Not/Notlar"), Not): Keys 'Otomasyon Not' sent to object: 'Object Repository/Olusturma/Genel/Not/Notlar'

2021-11-23 17:01:17 - [MESSAGE][INFO] - Finding Test Object 'Object Repository/Olusturma/Genel/Not/Notlar'

2021-11-23 17:01:17 - [MESSAGE][INFO] - Sending keys 'Otomasyon Not' to object: 'Object Repository/Olusturma/Genel/Not/Notlar'

2021-11-23 17:01:17 - [MESSAGE][INFO] - Finding web element from Test Object's properties

2021-11-23 17:01:17 - [MESSAGE][INFO] - Checking timeout

2021-11-23 17:01:17 - [MESSAGE][INFO] - Finding web element with id: 'Object Repository/Olusturma/Genel/Not/Notlar' located by 'By.xpath: //*[@id = 'txtNote_I']' in '30' second(s)

2021-11-23 17:01:17 - [MESSAGE][INFO] - Smart Wait Function is triggered

2021-11-23 17:01:17 - [MESSAGE][INFO] - Found 1 web elements with id: 'Object Repository/Olusturma/Genel/Not/Notlar' located by 'By.xpath: //*[@id = 'txtNote_I']' in '30' second(s)

2021-11-23 17:01:17 - [MESSAGE][PASSED] - Keys 'Otomasyon Not' sent to object: 'Object Repository/Olusturma/Genel/Not/Notlar'

2021-11-23 17:01:17 - [MESSAGE][PASSED] - Call Test Case 'Test Cases/Olusturma/Genel/NotGirilir' successfully

2021-11-23 17:01:17 - [MESSAGE][INFO] - Checking called Test Case

2021-11-23 17:01:17 - [MESSAGE][INFO] - Starting to call Test Case 'Test Cases/Olusturma/Genel/EttnBilgisiKayitEdilir'

2021-11-23 17:01:17 - [TEST_CASE][PASSED] - Test Cases/Olusturma/Genel/EttnBilgisiKayitEdilir: Test Cases/Olusturma/Genel/EttnBilgisiKayitEdilir

2021-11-23 17:01:17 - [TEST_STEP][PASSED] - verifyElementPresent(findTestObject("Object Repository/Olusturma/Genel/Olusturma/eArsivEttnBilgisi"), 7): Object 'Object Repository/Olusturma/Genel/Olusturma/eArsivEttnBilgisi' is present

2021-11-23 17:01:17 - [MESSAGE][INFO] - Finding Test Object 'Object Repository/Olusturma/Genel/Olusturma/eArsivEttnBilgisi'

2021-11-23 17:01:17 - [MESSAGE][INFO] - Checking object

2021-11-23 17:01:17 - [MESSAGE][INFO] - Finding web element from Test Object's properties

2021-11-23 17:01:17 - [MESSAGE][INFO] - Checking timeout

2021-11-23 17:01:17 - [MESSAGE][INFO] - Finding web element with id: 'Object Repository/Olusturma/Genel/Olusturma/eArsivEttnBilgisi' located by 'By.xpath: //*[@id = 'Uuid_I']' in '7' second(s)

2021-11-23 17:01:17 - [MESSAGE][INFO] - Smart Wait Function is triggered

2021-11-23 17:01:18 - [MESSAGE][INFO] - Found 1 web elements with id: 'Object Repository/Olusturma/Genel/Olusturma/eArsivEttnBilgisi' located by 'By.xpath: //*[@id = 'Uuid_I']' in '7' second(s)

2021-11-23 17:01:18 - [MESSAGE][PASSED] - Object 'Object Repository/Olusturma/Genel/Olusturma/eArsivEttnBilgisi' is present

2021-11-23 17:01:18 - [TEST_STEP][PASSED] - ettn = getAttribute(findTestObject("Object Repository/Olusturma/Genel/Olusturma/eArsivEttnBilgisi"), "value"): Attribute 'value' of object 'Object Repository/Olusturma/Genel/Olusturma/eArsivEttnBilgisi' is: 'ac050300-03de-4fe2-a2cc-fa25895483cb'

2021-11-23 17:01:18 - [MESSAGE][INFO] - Finding Test Object 'Object Repository/Olusturma/Genel/Olusturma/eArsivEttnBilgisi'

2021-11-23 17:01:18 - [MESSAGE][INFO] - Checking object

2021-11-23 17:01:18 - [MESSAGE][INFO] - Checking attribute

2021-11-23 17:01:18 - [MESSAGE][INFO] - Finding web element from Test Object's properties

2021-11-23 17:01:18 - [MESSAGE][INFO] - Checking timeout

2021-11-23 17:01:18 - [MESSAGE][INFO] - Finding web element with id: 'Object Repository/Olusturma/Genel/Olusturma/eArsivEttnBilgisi' located by 'By.xpath: //*[@id = 'Uuid_I']' in '30' second(s)

2021-11-23 17:01:18 - [MESSAGE][INFO] - Smart Wait Function is triggered

2021-11-23 17:01:18 - [MESSAGE][INFO] - Found 1 web elements with id: 'Object Repository/Olusturma/Genel/Olusturma/eArsivEttnBilgisi' located by 'By.xpath: //*[@id = 'Uuid_I']' in '30' second(s)

2021-11-23 17:01:18 - [MESSAGE][INFO] - Getting attribute 'value' of object 'Object Repository/Olusturma/Genel/Olusturma/eArsivEttnBilgisi'

2021-11-23 17:01:18 - [MESSAGE][PASSED] - Attribute 'value' of object 'Object Repository/Olusturma/Genel/Olusturma/eArsivEttnBilgisi' is: 'ac050300-03de-4fe2-a2cc-fa25895483cb'

2021-11-23 17:01:18 - [MESSAGE][PASSED] - Call Test Case 'Test Cases/Olusturma/Genel/EttnBilgisiKayitEdilir' successfully

2021-11-23 17:01:18 - [MESSAGE][INFO] - Checking called Test Case

2021-11-23 17:01:18 - [MESSAGE][INFO] - Starting to call Test Case 'Test Cases/Olusturma/Genel/KaydetButonunaTiklanir'

2021-11-23 17:01:18 - [TEST_CASE][PASSED] - Test Cases/Olusturma/Genel/KaydetButonunaTiklanir: Test Cases/Olusturma/Genel/KaydetButonunaTiklanir

2021-11-23 17:01:18 - [TEST_STEP][PASSED] - i = 0: null

2021-11-23 17:01:18 - [TEST_STEP][PASSED] - waitForElementPresent(findTestObject("Olusturma/Genel/Not/Notlar"), 10): Object 'Object Repository/Olusturma/Genel/Not/Notlar' is present

2021-11-23 17:01:18 - [MESSAGE][INFO] - Finding Test Object 'Object Repository/Olusturma/Genel/Not/Notlar'

2021-11-23 17:01:18 - [MESSAGE][INFO] - Checking object

2021-11-23 17:01:18 - [MESSAGE][INFO] - Finding web element from Test Object's properties

2021-11-23 17:01:18 - [MESSAGE][INFO] - Checking timeout

2021-11-23 17:01:18 - [MESSAGE][INFO] - Finding web element with id: 'Object Repository/Olusturma/Genel/Not/Notlar' located by 'By.xpath: //*[@id = 'txtNote_I']' in '10' second(s)

2021-11-23 17:01:18 - [MESSAGE][INFO] - Smart Wait Function is triggered

2021-11-23 17:01:18 - [MESSAGE][INFO] - Found 1 web elements with id: 'Object Repository/Olusturma/Genel/Not/Notlar' located by 'By.xpath: //*[@id = 'txtNote_I']' in '10' second(s)

2021-11-23 17:01:18 - [MESSAGE][PASSED] - Object 'Object Repository/Olusturma/Genel/Not/Notlar' is present

2021-11-23 17:01:18 - [TEST_STEP][PASSED] - click(findTestObject("Olusturma/Genel/Not/Notlar")): Object: 'Object Repository/Olusturma/Genel/Not/Notlar' is clicked on

2021-11-23 17:01:18 - [MESSAGE][INFO] - Finding Test Object 'Object Repository/Olusturma/Genel/Not/Notlar'

2021-11-23 17:01:19 - [MESSAGE][INFO] - Checking object

2021-11-23 17:01:19 - [MESSAGE][INFO] - Finding web element from Test Object's properties

2021-11-23 17:01:19 - [MESSAGE][INFO] - Checking timeout

2021-11-23 17:01:19 - [MESSAGE][INFO] - Finding web element with id: 'Object Repository/Olusturma/Genel/Not/Notlar' located by 'By.xpath: //*[@id = 'txtNote_I']' in '30' second(s)

2021-11-23 17:01:19 - [MESSAGE][INFO] - Smart Wait Function is triggered

2021-11-23 17:01:19 - [MESSAGE][INFO] - Found 1 web elements with id: 'Object Repository/Olusturma/Genel/Not/Notlar' located by 'By.xpath: //*[@id = 'txtNote_I']' in '30' second(s)

2021-11-23 17:01:19 - [MESSAGE][INFO] - Clicking on object: 'Object Repository/Olusturma/Genel/Not/Notlar'

2021-11-23 17:01:19 - [MESSAGE][PASSED] - Object: 'Object Repository/Olusturma/Genel/Not/Notlar' is clicked on

2021-11-23 17:01:19 - [TEST_STEP][PASSED] - while (true): null

2021-11-23 17:01:19 - [TEST_STEP][PASSED] - delay(1): Delayed 1 second(s)

2021-11-23 17:01:19 - [MESSAGE][INFO] - Delaying browser in 1 second(s)

2021-11-23 17:01:20 - [MESSAGE][PASSED] - Delayed 1 second(s)

2021-11-23 17:01:20 - [TEST_STEP][PASSED] - ajaxIsComplete = executeJavaScript("return jQuery.active == 0", null): Execute JavaScript 'return jQuery.active == 0' successfully

2021-11-23 17:01:20 - [MESSAGE][PASSED] - Execute JavaScript 'return jQuery.active == 0' successfully

2021-11-23 17:01:20 - [TEST_STEP][PASSED] - if (ajaxIsComplete): null

2021-11-23 17:01:20 - [TEST_STEP][PASSED] - break: null

2021-11-23 17:01:20 - [TEST_STEP][PASSED] - waitForElementClickable(findTestObject("Object Repository/Olusturma/Genel/Buton"), 10): Object 'Object Repository/Olusturma/Genel/Buton' is clickable

2021-11-23 17:01:20 - [MESSAGE][INFO] - Finding Test Object 'Object Repository/Olusturma/Genel/Buton'

2021-11-23 17:01:20 - [MESSAGE][INFO] - Checking object

2021-11-23 17:01:20 - [MESSAGE][INFO] - Checking timeout

2021-11-23 17:01:20 - [MESSAGE][INFO] - Finding web element from Test Object's properties

2021-11-23 17:01:20 - [MESSAGE][INFO] - Checking timeout

2021-11-23 17:01:20 - [MESSAGE][INFO] - Finding web element with id: 'Object Repository/Olusturma/Genel/Buton' located by 'By.xpath: //*[@id = 'btnKaydet']' in '10' second(s)

2021-11-23 17:01:20 - [MESSAGE][INFO] - Smart Wait Function is triggered

2021-11-23 17:01:20 - [MESSAGE][INFO] - Found 1 web elements with id: 'Object Repository/Olusturma/Genel/Buton' located by 'By.xpath: //*[@id = 'btnKaydet']' in '10' second(s)

2021-11-23 17:01:20 - [MESSAGE][PASSED] - Object 'Object Repository/Olusturma/Genel/Buton' is clickable

2021-11-23 17:01:20 - [TEST_STEP][PASSED] - click(findTestObject("Object Repository/Olusturma/Genel/Buton")): Object: 'Object Repository/Olusturma/Genel/Buton' is clicked on

2021-11-23 17:01:20 - [MESSAGE][INFO] - Finding Test Object 'Object Repository/Olusturma/Genel/Buton'

2021-11-23 17:01:20 - [MESSAGE][INFO] - Checking object

2021-11-23 17:01:20 - [MESSAGE][INFO] - Finding web element from Test Object's properties

2021-11-23 17:01:20 - [MESSAGE][INFO] - Checking timeout

2021-11-23 17:01:20 - [MESSAGE][INFO] - Finding web element with id: 'Object Repository/Olusturma/Genel/Buton' located by 'By.xpath: //*[@id = 'btnKaydet']' in '30' second(s)

2021-11-23 17:01:20 - [MESSAGE][INFO] - Smart Wait Function is triggered

2021-11-23 17:01:21 - [MESSAGE][INFO] - Found 1 web elements with id: 'Object Repository/Olusturma/Genel/Buton' located by 'By.xpath: //*[@id = 'btnKaydet']' in '30' second(s)

2021-11-23 17:01:21 - [MESSAGE][INFO] - Clicking on object: 'Object Repository/Olusturma/Genel/Buton'

2021-11-23 17:01:23 - [MESSAGE][PASSED] - Object: 'Object Repository/Olusturma/Genel/Buton' is clicked on

2021-11-23 17:01:23 - [MESSAGE][PASSED] - Call Test Case 'Test Cases/Olusturma/Genel/KaydetButonunaTiklanir' successfully

2021-11-23 17:01:23 - [MESSAGE][INFO] - Checking called Test Case

2021-11-23 17:01:23 - [MESSAGE][INFO] - Starting to call Test Case 'Test Cases/Tablo/TablodaEttnliVeriOlusturulduMu'

2021-11-23 17:01:23 - [TEST_CASE][PASSED] - Test Cases/Tablo/TablodaEttnliVeriOlusturulduMu: Test Cases/Tablo/TablodaEttnliVeriOlusturulduMu

2021-11-23 17:01:23 - [TEST_STEP][PASSED] - Method.TextDegerineEsitElementVarMi(findTestObject("Tablo/OlusturulanVeri"), ettn): Method.TextDegerineEsitElementVarMi is PASSED

2021-11-23 17:01:23 - [MESSAGE][INFO] - Finding Test Object 'Object Repository/Tablo/OlusturulanVeri'

2021-11-23 17:01:23 - [MESSAGE][INFO] - Checking timeout

2021-11-23 17:01:23 - [MESSAGE][INFO] - Finding web element with id: 'Object Repository/Tablo/OlusturulanVeri' located by 'By.cssSelector: table.dxgvTable_LECustomTheme>tbody>tr:nth-child(3)>td.dxgv b,table.dxgvTable_LECustomTheme>tbody>tr:nth-child(3)>td.dxgv' in '10' second(s)

2021-11-23 17:01:23 - [MESSAGE][INFO] - Smart Wait Function is triggered

2021-11-23 17:01:23 - [MESSAGE][INFO] - Found 14 web elements with id: 'Object Repository/Tablo/OlusturulanVeri' located by 'By.cssSelector: table.dxgvTable_LECustomTheme>tbody>tr:nth-child(3)>td.dxgv b,table.dxgvTable_LECustomTheme>tbody>tr:nth-child(3)>td.dxgv' in '10' second(s)

2021-11-23 17:01:24 - [MESSAGE][PASSED] - Method.TextDegerineEsitElementVarMi is PASSED

2021-11-23 17:01:24 - [MESSAGE][PASSED] - Call Test Case 'Test Cases/Tablo/TablodaEttnliVeriOlusturulduMu' successfully

2021-11-23 17:01:24 - [MESSAGE][INFO] - Checking called Test Case

2021-11-23 17:01:24 - [MESSAGE][INFO] - Starting to call Test Case 'Test Cases/Tablo/TablodanEttnliVeriSec'

2021-11-23 17:01:24 - [TEST_CASE][PASSED] - Test Cases/Tablo/TablodanEttnliVeriSec: Test Cases/Tablo/TablodanEttnliVeriSec

2021-11-23 17:01:24 - [TEST_STEP][PASSED] - Method.TextDegerineEsitElementinAltindakineTikla(findTestObject("Tablo/Veriler"), findTestObject("Tablo/VerininCheckBoxi"), ettn): Method.TextDegerineEsitElementinAltindakineTikla is PASSED

2021-11-23 17:01:24 - [MESSAGE][INFO] - Finding Test Object 'Object Repository/Tablo/Veriler'

2021-11-23 17:01:24 - [MESSAGE][INFO] - Finding Test Object 'Object Repository/Tablo/VerininCheckBoxi'

2021-11-23 17:01:24 - [MESSAGE][INFO] - Checking timeout

2021-11-23 17:01:24 - [MESSAGE][INFO] - Finding web element with id: 'Object Repository/Tablo/Veriler' located by 'By.cssSelector: td.dxgv b ,td.dxgv' in '10' second(s)

2021-11-23 17:01:24 - [MESSAGE][INFO] - Smart Wait Function is triggered

2021-11-23 17:01:24 - [MESSAGE][INFO] - Found 70 web elements with id: 'Object Repository/Tablo/Veriler' located by 'By.cssSelector: td.dxgv b ,td.dxgv' in '10' second(s)

2021-11-23 17:01:24 - [MESSAGE][INFO] - Smart Wait Function is triggered

2021-11-23 17:01:25 - [MESSAGE][PASSED] - Method.TextDegerineEsitElementinAltindakineTikla is PASSED

2021-11-23 17:01:25 - [MESSAGE][PASSED] - Call Test Case 'Test Cases/Tablo/TablodanEttnliVeriSec' successfully

2021-11-23 17:01:25 - [MESSAGE][INFO] - Checking called Test Case

2021-11-23 17:01:25 - [MESSAGE][INFO] - Starting to call Test Case 'Test Cases/Butonlar/ButonaTikla'

2021-11-23 17:01:25 - [TEST_CASE][PASSED] - Test Cases/Butonlar/ButonaTikla: Test Cases/Butonlar/ButonaTikla

2021-11-23 17:01:25 - [TEST_STEP][PASSED] - Method.TextDegerineEsitElementeTiklaEquals(findTestObject("Butonlar/Butonlar"), Buton_Adi): Method.TextDegerineEsitElementeTiklaEquals is PASSED

2021-11-23 17:01:25 - [MESSAGE][INFO] - Finding Test Object 'Object Repository/Butonlar/Butonlar'

2021-11-23 17:01:25 - [MESSAGE][INFO] - Checking timeout

2021-11-23 17:01:25 - [MESSAGE][INFO] - Finding web element with id: 'Object Repository/Butonlar/Butonlar' located by 'By.cssSelector: .panel.panel-default.text-center.footerPanel .btn,.btn.btn-primary.btnControls' in '10' second(s)

2021-11-23 17:01:25 - [MESSAGE][INFO] - Smart Wait Function is triggered

2021-11-23 17:01:25 - [MESSAGE][INFO] - Found 9 web elements with id: 'Object Repository/Butonlar/Butonlar' located by 'By.cssSelector: .panel.panel-default.text-center.footerPanel .btn,.btn.btn-primary.btnControls' in '10' second(s)

2021-11-23 17:01:25 - [MESSAGE][PASSED] - Method.TextDegerineEsitElementeTiklaEquals is PASSED

2021-11-23 17:01:25 - [MESSAGE][PASSED] - Call Test Case 'Test Cases/Butonlar/ButonaTikla' successfully

2021-11-23 17:01:25 - [MESSAGE][INFO] - Checking called Test Case

2021-11-23 17:01:25 - [MESSAGE][INFO] - Starting to call Test Case 'Test Cases/Popup/PopupMesajiIceriyorMu'

2021-11-23 17:01:25 - [TEST_CASE][PASSED] - Test Cases/Popup/PopupMesajiIceriyorMu: Test Cases/Popup/PopupMesajiIceriyorMu

2021-11-23 17:01:25 - [TEST_STEP][PASSED] - waitForElementVisible(findTestObject("Popup/Popup"), 10): Object 'Object Repository/Popup/Popup' is visible

2021-11-23 17:01:25 - [MESSAGE][INFO] - Finding Test Object 'Object Repository/Popup/Popup'

2021-11-23 17:01:25 - [MESSAGE][INFO] - Checking object

2021-11-23 17:01:25 - [MESSAGE][INFO] - Checking timeout

2021-11-23 17:01:25 - [MESSAGE][INFO] - Finding web element from Test Object's properties

2021-11-23 17:01:25 - [MESSAGE][INFO] - Checking timeout

2021-11-23 17:01:25 - [MESSAGE][INFO] - Finding web element with id: 'Object Repository/Popup/Popup' located by 'By.cssSelector: .bootbox-body' in '10' second(s)

2021-11-23 17:01:25 - [MESSAGE][INFO] - Smart Wait Function is triggered

2021-11-23 17:01:26 - [MESSAGE][INFO] - Found 1 web elements with id: 'Object Repository/Popup/Popup' located by 'By.cssSelector: .bootbox-body' in '10' second(s)

2021-11-23 17:01:26 - [MESSAGE][PASSED] - Object 'Object Repository/Popup/Popup' is visible

2021-11-23 17:01:26 - [TEST_STEP][PASSED] - if (!(getText(findTestObject("Popup/Popup")).contains(Mesaj))): Text of object 'Object Repository/Popup/Popup' is: 'Oluşturulacak fatura numarası : EAR2021000000498 Fatura numarası oluşturulduktan sonra fatura silinemez. Fatura numarası, tarihi ve ön eki değiştirilemez. Devam etmek istiyor musunuz?'

2021-11-23 17:01:26 - [MESSAGE][INFO] - Finding Test Object 'Object Repository/Popup/Popup'

2021-11-23 17:01:26 - [MESSAGE][INFO] - Checking object

2021-11-23 17:01:26 - [MESSAGE][INFO] - Finding web element from Test Object's properties

2021-11-23 17:01:26 - [MESSAGE][INFO] - Checking timeout

2021-11-23 17:01:26 - [MESSAGE][INFO] - Finding web element with id: 'Object Repository/Popup/Popup' located by 'By.cssSelector: .bootbox-body' in '30' second(s)

2021-11-23 17:01:26 - [MESSAGE][INFO] - Smart Wait Function is triggered

2021-11-23 17:01:27 - [MESSAGE][INFO] - Found 1 web elements with id: 'Object Repository/Popup/Popup' located by 'By.cssSelector: .bootbox-body' in '30' second(s)

2021-11-23 17:01:27 - [MESSAGE][INFO] - Getting text of object 'Object Repository/Popup/Popup'

2021-11-23 17:01:27 - [MESSAGE][PASSED] - Text of object 'Object Repository/Popup/Popup' is: 'Oluşturulacak fatura numarası : EAR2021000000498 Fatura numarası oluşturulduktan sonra fatura silinemez. Fatura numarası, tarihi ve ön eki değiştirilemez. Devam etmek istiyor musunuz?'

2021-11-23 17:01:27 - [TEST_STEP][PASSED] - RaporNo = getText(findTestObject("Popup/Popup")).substring(0, 6): Text of object 'Object Repository/Popup/Popup' is: 'Oluşturulacak fatura numarası : EAR2021000000498 Fatura numarası oluşturulduktan sonra fatura silinemez. Fatura numarası, tarihi ve ön eki değiştirilemez. Devam etmek istiyor musunuz?'

2021-11-23 17:01:27 - [MESSAGE][INFO] - Finding Test Object 'Object Repository/Popup/Popup'

2021-11-23 17:01:27 - [MESSAGE][INFO] - Checking object

2021-11-23 17:01:27 - [MESSAGE][INFO] - Finding web element from Test Object's properties

2021-11-23 17:01:27 - [MESSAGE][INFO] - Checking timeout

2021-11-23 17:01:27 - [MESSAGE][INFO] - Finding web element with id: 'Object Repository/Popup/Popup' located by 'By.cssSelector: .bootbox-body' in '30' second(s)

2021-11-23 17:01:27 - [MESSAGE][INFO] - Smart Wait Function is triggered

2021-11-23 17:01:27 - [MESSAGE][INFO] - Found 1 web elements with id: 'Object Repository/Popup/Popup' located by 'By.cssSelector: .bootbox-body' in '30' second(s)

2021-11-23 17:01:27 - [MESSAGE][INFO] - Getting text of object 'Object Repository/Popup/Popup'

2021-11-23 17:01:27 - [MESSAGE][PASSED] - Text of object 'Object Repository/Popup/Popup' is: 'Oluşturulacak fatura numarası : EAR2021000000498 Fatura numarası oluşturulduktan sonra fatura silinemez. Fatura numarası, tarihi ve ön eki değiştirilemez. Devam etmek istiyor musunuz?'

2021-11-23 17:01:27 - [TEST_STEP][PASSED] - Console.println(RaporNo): null

2021-11-23 17:01:27 - [MESSAGE][PASSED] - Call Test Case 'Test Cases/Popup/PopupMesajiIceriyorMu' successfully

2021-11-23 17:01:27 - [MESSAGE][INFO] - Checking called Test Case

2021-11-23 17:01:27 - [MESSAGE][INFO] - Starting to call Test Case 'Test Cases/Popup/PopupButonSecilir'

2021-11-23 17:01:27 - [TEST_CASE][PASSED] - Test Cases/Popup/PopupButonSecilir: Test Cases/Popup/PopupButonSecilir

2021-11-23 17:01:27 - [TEST_STEP][PASSED] - Method.TextDegerineEsitElementeTikla(findTestObject("Popup/Popup_Butons"), Buton): Method.TextDegerineEsitElementeTikla is PASSED

2021-11-23 17:01:27 - [MESSAGE][INFO] - Finding Test Object 'Object Repository/Popup/Popup_Butons'

2021-11-23 17:01:27 - [MESSAGE][INFO] - Checking timeout

2021-11-23 17:01:27 - [MESSAGE][INFO] - Finding web element with id: 'Object Repository/Popup/Popup_Butons' located by 'By.cssSelector: .modal-footer>button' in '10' second(s)

2021-11-23 17:01:27 - [MESSAGE][INFO] - Smart Wait Function is triggered

2021-11-23 17:01:27 - [MESSAGE][INFO] - Found 2 web elements with id: 'Object Repository/Popup/Popup_Butons' located by 'By.cssSelector: .modal-footer>button' in '10' second(s)

2021-11-23 17:01:28 - [MESSAGE][PASSED] - Method.TextDegerineEsitElementeTikla is PASSED

2021-11-23 17:01:28 - [MESSAGE][PASSED] - Call Test Case 'Test Cases/Popup/PopupButonSecilir' successfully

2021-11-23 17:01:28 - [MESSAGE][INFO] - Checking called Test Case

2021-11-23 17:01:28 - [MESSAGE][INFO] - Starting to call Test Case 'Test Cases/Popup/PopupMesajiIceriyorMu'

2021-11-23 17:01:28 - [TEST_CASE][PASSED] - Test Cases/Popup/PopupMesajiIceriyorMu: Test Cases/Popup/PopupMesajiIceriyorMu

2021-11-23 17:01:28 - [TEST_STEP][PASSED] - waitForElementVisible(findTestObject("Popup/Popup"), 10): Object 'Object Repository/Popup/Popup' is visible

2021-11-23 17:01:28 - [MESSAGE][INFO] - Finding Test Object 'Object Repository/Popup/Popup'

2021-11-23 17:01:28 - [MESSAGE][INFO] - Checking object

2021-11-23 17:01:28 - [MESSAGE][INFO] - Checking timeout

2021-11-23 17:01:28 - [MESSAGE][INFO] - Finding web element from Test Object's properties

2021-11-23 17:01:28 - [MESSAGE][INFO] - Checking timeout

2021-11-23 17:01:28 - [MESSAGE][INFO] - Finding web element with id: 'Object Repository/Popup/Popup' located by 'By.cssSelector: .bootbox-body' in '10' second(s)

2021-11-23 17:01:28 - [MESSAGE][INFO] - Smart Wait Function is triggered

2021-11-23 17:01:28 - [MESSAGE][INFO] - Found 1 web elements with id: 'Object Repository/Popup/Popup' located by 'By.cssSelector: .bootbox-body' in '10' second(s)

2021-11-23 17:01:28 - [MESSAGE][PASSED] - Object 'Object Repository/Popup/Popup' is visible

2021-11-23 17:01:28 - [TEST_STEP][PASSED] - if (!(getText(findTestObject("Popup/Popup")).contains(Mesaj))): Text of object 'Object Repository/Popup/Popup' is: 'Fatura numaranız EAR2021000000498 olarak oluşmuştur.'

2021-11-23 17:01:28 - [MESSAGE][INFO] - Finding Test Object 'Object Repository/Popup/Popup'

2021-11-23 17:01:29 - [MESSAGE][INFO] - Checking object

2021-11-23 17:01:29 - [MESSAGE][INFO] - Finding web element from Test Object's properties

2021-11-23 17:01:29 - [MESSAGE][INFO] - Checking timeout

2021-11-23 17:01:29 - [MESSAGE][INFO] - Finding web element with id: 'Object Repository/Popup/Popup' located by 'By.cssSelector: .bootbox-body' in '30' second(s)

2021-11-23 17:01:29 - [MESSAGE][INFO] - Smart Wait Function is triggered

2021-11-23 17:01:29 - [MESSAGE][INFO] - Found 1 web elements with id: 'Object Repository/Popup/Popup' located by 'By.cssSelector: .bootbox-body' in '30' second(s)

2021-11-23 17:01:29 - [MESSAGE][INFO] - Getting text of object 'Object Repository/Popup/Popup'

2021-11-23 17:01:29 - [MESSAGE][PASSED] - Text of object 'Object Repository/Popup/Popup' is: 'Fatura numaranız EAR2021000000498 olarak oluşmuştur.'

2021-11-23 17:01:29 - [TEST_STEP][PASSED] - RaporNo = getText(findTestObject("Popup/Popup")).substring(0, 6): Text of object 'Object Repository/Popup/Popup' is: 'Fatura numaranız EAR2021000000498 olarak oluşmuştur.'

2021-11-23 17:01:29 - [MESSAGE][INFO] - Finding Test Object 'Object Repository/Popup/Popup'

2021-11-23 17:01:29 - [MESSAGE][INFO] - Checking object

2021-11-23 17:01:29 - [MESSAGE][INFO] - Finding web element from Test Object's properties

2021-11-23 17:01:29 - [MESSAGE][INFO] - Checking timeout

2021-11-23 17:01:29 - [MESSAGE][INFO] - Finding web element with id: 'Object Repository/Popup/Popup' located by 'By.cssSelector: .bootbox-body' in '30' second(s)

2021-11-23 17:01:29 - [MESSAGE][INFO] - Smart Wait Function is triggered

2021-11-23 17:01:29 - [MESSAGE][INFO] - Found 1 web elements with id: 'Object Repository/Popup/Popup' located by 'By.cssSelector: .bootbox-body' in '30' second(s)

2021-11-23 17:01:29 - [MESSAGE][INFO] - Getting text of object 'Object Repository/Popup/Popup'

2021-11-23 17:01:29 - [MESSAGE][PASSED] - Text of object 'Object Repository/Popup/Popup' is: 'Fatura numaranız EAR2021000000498 olarak oluşmuştur.'

2021-11-23 17:01:29 - [TEST_STEP][PASSED] - Console.println(RaporNo): null

2021-11-23 17:01:29 - [MESSAGE][PASSED] - Call Test Case 'Test Cases/Popup/PopupMesajiIceriyorMu' successfully

2021-11-23 17:01:29 - [MESSAGE][INFO] - Checking called Test Case

2021-11-23 17:01:29 - [MESSAGE][INFO] - Starting to call Test Case 'Test Cases/Popup/PopupButonSecilir'

2021-11-23 17:01:29 - [TEST_CASE][PASSED] - Test Cases/Popup/PopupButonSecilir: Test Cases/Popup/PopupButonSecilir

2021-11-23 17:01:29 - [TEST_STEP][PASSED] - Method.TextDegerineEsitElementeTikla(findTestObject("Popup/Popup_Butons"), Buton): Method.TextDegerineEsitElementeTikla is PASSED

2021-11-23 17:01:29 - [MESSAGE][INFO] - Finding Test Object 'Object Repository/Popup/Popup_Butons'

2021-11-23 17:01:29 - [MESSAGE][INFO] - Checking timeout

2021-11-23 17:01:29 - [MESSAGE][INFO] - Finding web element with id: 'Object Repository/Popup/Popup_Butons' located by 'By.cssSelector: .modal-footer>button' in '10' second(s)

2021-11-23 17:01:29 - [MESSAGE][INFO] - Smart Wait Function is triggered

2021-11-23 17:01:30 - [MESSAGE][INFO] - Found 1 web elements with id: 'Object Repository/Popup/Popup_Butons' located by 'By.cssSelector: .modal-footer>button' in '10' second(s)

2021-11-23 17:01:30 - [MESSAGE][PASSED] - Method.TextDegerineEsitElementeTikla is PASSED

2021-11-23 17:01:30 - [MESSAGE][PASSED] - Call Test Case 'Test Cases/Popup/PopupButonSecilir' successfully

2021-11-23 17:01:30 - [MESSAGE][INFO] - Checking called Test Case

2021-11-23 17:01:30 - [MESSAGE][INFO] - Starting to call Test Case 'Test Cases/Tablo/TablodanEttnliVeriSec'

2021-11-23 17:01:30 - [TEST_CASE][PASSED] - Test Cases/Tablo/TablodanEttnliVeriSec: Test Cases/Tablo/TablodanEttnliVeriSec

2021-11-23 17:01:30 - [TEST_STEP][PASSED] - Method.TextDegerineEsitElementinAltindakineTikla(findTestObject("Tablo/Veriler"), findTestObject("Tablo/VerininCheckBoxi"), ettn): Method.TextDegerineEsitElementinAltindakineTikla is PASSED

2021-11-23 17:01:30 - [MESSAGE][INFO] - Finding Test Object 'Object Repository/Tablo/Veriler'

2021-11-23 17:01:30 - [MESSAGE][INFO] - Finding Test Object 'Object Repository/Tablo/VerininCheckBoxi'

2021-11-23 17:01:30 - [MESSAGE][INFO] - Checking timeout

2021-11-23 17:01:30 - [MESSAGE][INFO] - Finding web element with id: 'Object Repository/Tablo/Veriler' located by 'By.cssSelector: td.dxgv b ,td.dxgv' in '10' second(s)

2021-11-23 17:01:30 - [MESSAGE][INFO] - Smart Wait Function is triggered

2021-11-23 17:01:31 - [MESSAGE][INFO] - Found 70 web elements with id: 'Object Repository/Tablo/Veriler' located by 'By.cssSelector: td.dxgv b ,td.dxgv' in '10' second(s)

2021-11-23 17:01:31 - [MESSAGE][INFO] - Smart Wait Function is triggered

2021-11-23 17:01:31 - [MESSAGE][PASSED] - Method.TextDegerineEsitElementinAltindakineTikla is PASSED

2021-11-23 17:01:31 - [MESSAGE][PASSED] - Call Test Case 'Test Cases/Tablo/TablodanEttnliVeriSec' successfully

2021-11-23 17:01:31 - [MESSAGE][INFO] - Checking called Test Case

2021-11-23 17:01:31 - [MESSAGE][INFO] - Starting to call Test Case 'Test Cases/Butonlar/ButonaTikla'

2021-11-23 17:01:31 - [TEST_CASE][PASSED] - Test Cases/Butonlar/ButonaTikla: Test Cases/Butonlar/ButonaTikla

2021-11-23 17:01:31 - [TEST_STEP][PASSED] - Method.TextDegerineEsitElementeTiklaEquals(findTestObject("Butonlar/Butonlar"), Buton_Adi): Method.TextDegerineEsitElementeTiklaEquals is PASSED

2021-11-23 17:01:31 - [MESSAGE][INFO] - Finding Test Object 'Object Repository/Butonlar/Butonlar'

2021-11-23 17:01:31 - [MESSAGE][INFO] - Checking timeout

2021-11-23 17:01:31 - [MESSAGE][INFO] - Finding web element with id: 'Object Repository/Butonlar/Butonlar' located by 'By.cssSelector: .panel.panel-default.text-center.footerPanel .btn,.btn.btn-primary.btnControls' in '10' second(s)

2021-11-23 17:01:31 - [MESSAGE][INFO] - Smart Wait Function is triggered

2021-11-23 17:01:31 - [MESSAGE][INFO] - Found 9 web elements with id: 'Object Repository/Butonlar/Butonlar' located by 'By.cssSelector: .panel.panel-default.text-center.footerPanel .btn,.btn.btn-primary.btnControls' in '10' second(s)

2021-11-23 17:01:32 - [MESSAGE][PASSED] - Method.TextDegerineEsitElementeTiklaEquals is PASSED

2021-11-23 17:01:32 - [MESSAGE][PASSED] - Call Test Case 'Test Cases/Butonlar/ButonaTikla' successfully

2021-11-23 17:01:32 - [MESSAGE][INFO] - Checking called Test Case

2021-11-23 17:01:32 - [MESSAGE][INFO] - Starting to call Test Case 'Test Cases/Popup/PopupMesajiIceriyorMu'

2021-11-23 17:01:32 - [TEST_CASE][PASSED] - Test Cases/Popup/PopupMesajiIceriyorMu: Test Cases/Popup/PopupMesajiIceriyorMu

2021-11-23 17:01:32 - [TEST_STEP][PASSED] - waitForElementVisible(findTestObject("Popup/Popup"), 10): Object 'Object Repository/Popup/Popup' is visible

2021-11-23 17:01:32 - [MESSAGE][INFO] - Finding Test Object 'Object Repository/Popup/Popup'

2021-11-23 17:01:32 - [MESSAGE][INFO] - Checking object

2021-11-23 17:01:32 - [MESSAGE][INFO] - Checking timeout

2021-11-23 17:01:32 - [MESSAGE][INFO] - Finding web element from Test Object's properties

2021-11-23 17:01:32 - [MESSAGE][INFO] - Checking timeout

2021-11-23 17:01:32 - [MESSAGE][INFO] - Finding web element with id: 'Object Repository/Popup/Popup' located by 'By.cssSelector: .bootbox-body' in '10' second(s)

2021-11-23 17:01:32 - [MESSAGE][INFO] - Smart Wait Function is triggered

2021-11-23 17:01:32 - [MESSAGE][INFO] - Found 1 web elements with id: 'Object Repository/Popup/Popup' located by 'By.cssSelector: .bootbox-body' in '10' second(s)

2021-11-23 17:01:32 - [MESSAGE][PASSED] - Object 'Object Repository/Popup/Popup' is visible

2021-11-23 17:01:32 - [TEST_STEP][PASSED] - if (!(getText(findTestObject("Popup/Popup")).contains(Mesaj))): Text of object 'Object Repository/Popup/Popup' is: 'Seçilen faturalarınız onaylanacaktır. Onaylanan faturalar üzerinde değişiklik yapılamaz. Devam etmek istiyor musunuz?'

2021-11-23 17:01:32 - [MESSAGE][INFO] - Finding Test Object 'Object Repository/Popup/Popup'

2021-11-23 17:01:33 - [MESSAGE][INFO] - Checking object

2021-11-23 17:01:33 - [MESSAGE][INFO] - Finding web element from Test Object's properties

2021-11-23 17:01:33 - [MESSAGE][INFO] - Checking timeout

2021-11-23 17:01:33 - [MESSAGE][INFO] - Finding web element with id: 'Object Repository/Popup/Popup' located by 'By.cssSelector: .bootbox-body' in '30' second(s)

2021-11-23 17:01:33 - [MESSAGE][INFO] - Smart Wait Function is triggered

2021-11-23 17:01:33 - [MESSAGE][INFO] - Found 1 web elements with id: 'Object Repository/Popup/Popup' located by 'By.cssSelector: .bootbox-body' in '30' second(s)

2021-11-23 17:01:33 - [MESSAGE][INFO] - Getting text of object 'Object Repository/Popup/Popup'

2021-11-23 17:01:33 - [MESSAGE][PASSED] - Text of object 'Object Repository/Popup/Popup' is: 'Seçilen faturalarınız onaylanacaktır. Onaylanan faturalar üzerinde değişiklik yapılamaz. Devam etmek istiyor musunuz?'

2021-11-23 17:01:33 - [TEST_STEP][PASSED] - RaporNo = getText(findTestObject("Popup/Popup")).substring(0, 6): Text of object 'Object Repository/Popup/Popup' is: 'Seçilen faturalarınız onaylanacaktır. Onaylanan faturalar üzerinde değişiklik yapılamaz. Devam etmek istiyor musunuz?'

2021-11-23 17:01:33 - [MESSAGE][INFO] - Finding Test Object 'Object Repository/Popup/Popup'

2021-11-23 17:01:33 - [MESSAGE][INFO] - Checking object

2021-11-23 17:01:33 - [MESSAGE][INFO] - Finding web element from Test Object's properties

2021-11-23 17:01:33 - [MESSAGE][INFO] - Checking timeout

2021-11-23 17:01:33 - [MESSAGE][INFO] - Finding web element with id: 'Object Repository/Popup/Popup' located by 'By.cssSelector: .bootbox-body' in '30' second(s)

2021-11-23 17:01:33 - [MESSAGE][INFO] - Smart Wait Function is triggered

2021-11-23 17:01:33 - [MESSAGE][INFO] - Found 1 web elements with id: 'Object Repository/Popup/Popup' located by 'By.cssSelector: .bootbox-body' in '30' second(s)

2021-11-23 17:01:33 - [MESSAGE][INFO] - Getting text of object 'Object Repository/Popup/Popup'

2021-11-23 17:01:33 - [MESSAGE][PASSED] - Text of object 'Object Repository/Popup/Popup' is: 'Seçilen faturalarınız onaylanacaktır. Onaylanan faturalar üzerinde değişiklik yapılamaz. Devam etmek istiyor musunuz?'

2021-11-23 17:01:33 - [TEST_STEP][PASSED] - Console.println(RaporNo): null

2021-11-23 17:01:33 - [MESSAGE][PASSED] - Call Test Case 'Test Cases/Popup/PopupMesajiIceriyorMu' successfully

2021-11-23 17:01:33 - [MESSAGE][INFO] - Checking called Test Case

2021-11-23 17:01:33 - [MESSAGE][INFO] - Starting to call Test Case 'Test Cases/Popup/PopupButonSecilir'

2021-11-23 17:01:33 - [TEST_CASE][PASSED] - Test Cases/Popup/PopupButonSecilir: Test Cases/Popup/PopupButonSecilir

2021-11-23 17:01:33 - [TEST_STEP][PASSED] - Method.TextDegerineEsitElementeTikla(findTestObject("Popup/Popup_Butons"), Buton): Method.TextDegerineEsitElementeTikla is PASSED

2021-11-23 17:01:33 - [MESSAGE][INFO] - Finding Test Object 'Object Repository/Popup/Popup_Butons'

2021-11-23 17:01:33 - [MESSAGE][INFO] - Checking timeout

2021-11-23 17:01:33 - [MESSAGE][INFO] - Finding web element with id: 'Object Repository/Popup/Popup_Butons' located by 'By.cssSelector: .modal-footer>button' in '10' second(s)

2021-11-23 17:01:33 - [MESSAGE][INFO] - Smart Wait Function is triggered

2021-11-23 17:01:34 - [MESSAGE][INFO] - Found 2 web elements with id: 'Object Repository/Popup/Popup_Butons' located by 'By.cssSelector: .modal-footer>button' in '10' second(s)

2021-11-23 17:01:34 - [MESSAGE][PASSED] - Method.TextDegerineEsitElementeTikla is PASSED

2021-11-23 17:01:34 - [MESSAGE][PASSED] - Call Test Case 'Test Cases/Popup/PopupButonSecilir' successfully

2021-11-23 17:01:34 - [MESSAGE][INFO] - Checking called Test Case

2021-11-23 17:01:34 - [MESSAGE][INFO] - Starting to call Test Case 'Test Cases/Menu/AnaMenuSecimi'

2021-11-23 17:01:34 - [TEST_CASE][PASSED] - Test Cases/Menu/AnaMenuSecimi: Test Cases/Menu/AnaMenuSecimi

2021-11-23 17:01:34 - [TEST_STEP][PASSED] - Method.TextDegerineEsitElementeTikla(findTestObject("Menu/Ana_Menu"), Ana_Menu): Method.TextDegerineEsitElementeTikla is PASSED

2021-11-23 17:01:34 - [MESSAGE][INFO] - Finding Test Object 'Object Repository/Menu/Ana_Menu'

2021-11-23 17:01:34 - [MESSAGE][INFO] - Checking timeout

2021-11-23 17:01:34 - [MESSAGE][INFO] - Finding web element with id: 'Object Repository/Menu/Ana_Menu' located by 'By.xpath: //*[@class = 'dropdown-toggle']' in '10' second(s)

2021-11-23 17:01:34 - [MESSAGE][INFO] - Smart Wait Function is triggered

2021-11-23 17:01:35 - [MESSAGE][INFO] - Found 13 web elements with id: 'Object Repository/Menu/Ana_Menu' located by 'By.xpath: //*[@class = 'dropdown-toggle']' in '10' second(s)

2021-11-23 17:01:35 - [MESSAGE][PASSED] - Method.TextDegerineEsitElementeTikla is PASSED

2021-11-23 17:01:35 - [MESSAGE][PASSED] - Call Test Case 'Test Cases/Menu/AnaMenuSecimi' successfully

2021-11-23 17:01:35 - [MESSAGE][INFO] - Checking called Test Case

2021-11-23 17:01:35 - [MESSAGE][INFO] - Starting to call Test Case 'Test Cases/Menu/BasligaGoreAltMenuSecimi'

2021-11-23 17:01:35 - [TEST_CASE][PASSED] - Test Cases/Menu/BasligaGoreAltMenuSecimi: Test Cases/Menu/BasligaGoreAltMenuSecimi

2021-11-23 17:01:35 - [TEST_STEP][PASSED] - Method.TextDegerineEsitElementinAltindakiTextDegerineEsitOlanaTikla(findTestObject("Menu/Menu_Basligi"), findTestObject("Menu/Basliga_Gore_Alt_Menu"), Baslik, Alt_Menu): Method.TextDegerineEsitElementinAltindakiTextDegerineEsitOlanaTikla is PASSED

2021-11-23 17:01:35 - [MESSAGE][INFO] - Finding Test Object 'Object Repository/Menu/Menu_Basligi'

2021-11-23 17:01:35 - [MESSAGE][INFO] - Finding Test Object 'Object Repository/Menu/Basliga_Gore_Alt_Menu'

2021-11-23 17:01:35 - [MESSAGE][INFO] - Checking timeout

2021-11-23 17:01:35 - [MESSAGE][INFO] - Finding web element with id: 'Object Repository/Menu/Menu_Basligi' located by 'By.xpath: //li[@class='dropdown dropdown-large open']//li[@class='dropdown-header']' in '10' second(s)

2021-11-23 17:01:35 - [MESSAGE][INFO] - Smart Wait Function is triggered

2021-11-23 17:01:35 - [MESSAGE][INFO] - Found 2 web elements with id: 'Object Repository/Menu/Menu_Basligi' located by 'By.xpath: //li[@class='dropdown dropdown-large open']//li[@class='dropdown-header']' in '10' second(s)

2021-11-23 17:01:35 - [MESSAGE][INFO] - Smart Wait Function is triggered

2021-11-23 17:01:37 - [MESSAGE][PASSED] - Method.TextDegerineEsitElementinAltindakiTextDegerineEsitOlanaTikla is PASSED

2021-11-23 17:01:37 - [MESSAGE][PASSED] - Call Test Case 'Test Cases/Menu/BasligaGoreAltMenuSecimi' successfully

2021-11-23 17:01:37 - [MESSAGE][INFO] - Checking called Test Case

2021-11-23 17:01:37 - [MESSAGE][INFO] - Starting to call Test Case 'Test Cases/Filtreler/EttnYaz'

2021-11-23 17:01:37 - [TEST_CASE][PASSED] - Test Cases/Filtreler/EttnYaz: Test Cases/Filtreler/EttnYaz

2021-11-23 17:01:37 - [TEST_STEP][PASSED] - Method.TextDegerineEsitElementinAltindakiTextboxtaYaz(findTestObject("Filtreler/Basliklar"), findTestObject("Filtreler/Basliga_Gore_Textbox"), "ETTN", ettn): Method.TextDegerineEsitElementinAltindakiTextboxtaYaz is PASSED

2021-11-23 17:01:37 - [MESSAGE][INFO] - Finding Test Object 'Object Repository/Filtreler/Basliklar'

2021-11-23 17:01:37 - [MESSAGE][INFO] - Finding Test Object 'Object Repository/Filtreler/Basliga_Gore_Textbox'

2021-11-23 17:01:37 - [MESSAGE][INFO] - Checking timeout

2021-11-23 17:01:37 - [MESSAGE][INFO] - Finding web element with id: 'Object Repository/Filtreler/Basliklar' located by 'By.cssSelector: .control-label.col-sm-4.paddingMarginRLC' in '10' second(s)

2021-11-23 17:01:37 - [MESSAGE][INFO] - Smart Wait Function is triggered

2021-11-23 17:01:37 - [MESSAGE][INFO] - Found 19 web elements with id: 'Object Repository/Filtreler/Basliklar' located by 'By.cssSelector: .control-label.col-sm-4.paddingMarginRLC' in '10' second(s)

2021-11-23 17:01:37 - [MESSAGE][INFO] - Smart Wait Function is triggered

2021-11-23 17:01:38 - [MESSAGE][PASSED] - Method.TextDegerineEsitElementinAltindakiTextboxtaYaz is PASSED

2021-11-23 17:01:38 - [MESSAGE][PASSED] - Call Test Case 'Test Cases/Filtreler/EttnYaz' successfully

2021-11-23 17:01:38 - [MESSAGE][INFO] - Checking called Test Case

2021-11-23 17:01:38 - [MESSAGE][INFO] - Starting to call Test Case 'Test Cases/Filtreler/ButonaTikla'

2021-11-23 17:01:38 - [TEST_CASE][PASSED] - Test Cases/Filtreler/ButonaTikla: Test Cases/Filtreler/ButonaTikla

2021-11-23 17:01:38 - [TEST_STEP][PASSED] - Method.TextDegerineEsitElementeTikla(findTestObject("Filtreler/Butonlar"), Filtre_Buton): Method.TextDegerineEsitElementeTikla is PASSED

2021-11-23 17:01:38 - [MESSAGE][INFO] - Finding Test Object 'Object Repository/Filtreler/Butonlar'

2021-11-23 17:01:38 - [MESSAGE][INFO] - Checking timeout

2021-11-23 17:01:38 - [MESSAGE][INFO] - Finding web element with id: 'Object Repository/Filtreler/Butonlar' located by 'By.cssSelector: .dxb>span' in '10' second(s)

2021-11-23 17:01:38 - [MESSAGE][INFO] - Smart Wait Function is triggered

2021-11-23 17:01:38 - [MESSAGE][INFO] - Found 3 web elements with id: 'Object Repository/Filtreler/Butonlar' located by 'By.cssSelector: .dxb>span' in '10' second(s)

2021-11-23 17:01:38 - [MESSAGE][PASSED] - Method.TextDegerineEsitElementeTikla is PASSED

2021-11-23 17:01:38 - [MESSAGE][PASSED] - Call Test Case 'Test Cases/Filtreler/ButonaTikla' successfully

2021-11-23 17:01:38 - [MESSAGE][INFO] - Checking called Test Case

2021-11-23 17:01:38 - [MESSAGE][INFO] - Starting to call Test Case 'Test Cases/Tablo/TablodaVeriVarMi'

2021-11-23 17:01:38 - [TEST_CASE][PASSED] - Test Cases/Tablo/TablodaVeriVarMi: Test Cases/Tablo/TablodaVeriVarMi

2021-11-23 17:01:38 - [TEST_STEP][PASSED] - verifyTextNotPresent("Görüntülenecek veri yok", true): Text 'Görüntülenecek veri yok' is not present on page using regular expression

2021-11-23 17:01:38 - [MESSAGE][INFO] - Checking text present  using regular expression

2021-11-23 17:01:38 - [MESSAGE][INFO] - Smart Wait Function is triggered

2021-11-23 17:01:39 - [MESSAGE][INFO] - Finding text 'Görüntülenecek veri yok' on page  using regular expression

2021-11-23 17:01:39 - [MESSAGE][PASSED] - Text 'Görüntülenecek veri yok' is not present on page using regular expression

2021-11-23 17:01:39 - [MESSAGE][PASSED] - Call Test Case 'Test Cases/Tablo/TablodaVeriVarMi' successfully

2021-11-23 17:01:39 - [MESSAGE][INFO] - Checking called Test Case

2021-11-23 17:01:39 - [MESSAGE][INFO] - Starting to call Test Case 'Test Cases/Tablo/TablodaVeriBasariliMiArsiv'

2021-11-23 17:01:39 - [TEST_CASE][PASSED] - Test Cases/Tablo/TablodaVeriBasariliMiArsiv: Test Cases/Tablo/TablodaVeriBasariliMiArsiv

2021-11-23 17:01:39 - [TEST_STEP][PASSED] - sayac = 80: null

2021-11-23 17:01:39 - [TEST_STEP][PASSED] - while (verifyElementText(findTestObject("Object Repository/Tablo/DurumBilgisiArsiv"), "Henüz Sonuçlanmadı", OPTIONAL)): Actual text 'Başarılı' and expected text 'Henüz Sonuçlanmadı' of test object 'Object Repository/Tablo/DurumBilgisiArsiv' are NOT matched. (Root cause: com.kms.katalon.core.exception.StepFailedException: Actual text 'Başarılı' and expected text 'Henüz Sonuçlanmadı' of test object 'Object Repository/Tablo/DurumBilgisiArsiv' are NOT matched.
	at com.kms.katalon.core.webui.keyword.internal.WebUIKeywordMain.stepFailed(WebUIKeywordMain.groovy:64)
	at com.kms.katalon.core.webui.keyword.builtin.VerifyElementTextKeyword$_verifyElementText_closure1.doCall(VerifyElementTextKeyword.groovy:57)
	at com.kms.katalon.core.webui.keyword.builtin.VerifyElementTextKeyword$_verifyElementText_closure1.call(VerifyElementTextKeyword.groovy)
	at com.kms.katalon.core.webui.keyword.internal.WebUIKeywordMain.runKeyword(WebUIKeywordMain.groovy:20)
	at com.kms.katalon.core.webui.keyword.builtin.VerifyElementTextKeyword.verifyElementText(VerifyElementTextKeyword.groovy:72)
	at com.kms.katalon.core.webui.keyword.builtin.VerifyElementTextKeyword.execute(VerifyElementTextKeyword.groovy:40)
	at com.kms.katalon.core.keyword.internal.KeywordExecutor.executeKeywordForPlatform(KeywordExecutor.groovy:73)
	at com.kms.katalon.core.webui.keyword.WebUiBuiltInKeywords.verifyElementText(WebUiBuiltInKeywords.groovy:4733)
	at com.kms.katalon.core.webui.keyword.WebUiBuiltInKeywords$verifyElementText$20.call(Unknown Source)
	at TablodaVeriBasariliMiArsiv.run(TablodaVeriBasariliMiArsiv:22)
	at com.kms.katalon.core.main.ScriptEngine.run(ScriptEngine.java:194)
	at com.kms.katalon.core.main.ScriptEngine.runScriptAsRawText(ScriptEngine.java:119)
	at com.kms.katalon.core.main.TestCaseExecutor.runScript(TestCaseExecutor.java:369)
	at com.kms.katalon.core.main.TestCaseExecutor.doExecute(TestCaseExecutor.java:360)
	at com.kms.katalon.core.main.TestCaseExecutor.processExecutionPhase(TestCaseExecutor.java:339)
	at com.kms.katalon.core.main.TestCaseExecutor.accessMainPhase(TestCaseExecutor.java:331)
	at com.kms.katalon.core.main.TestCaseExecutor.execute(TestCaseExecutor.java:248)
	at com.kms.katalon.core.main.TestCaseMain.runTestCase(TestCaseMain.java:138)
	at com.kms.katalon.core.keyword.builtin.CallTestCaseKeyword$_callTestCase_closure1.doCall(CallTestCaseKeyword.groovy:59)
	at com.kms.katalon.core.keyword.builtin.CallTestCaseKeyword$_callTestCase_closure1.call(CallTestCaseKeyword.groovy)
	at com.kms.katalon.core.keyword.internal.KeywordMain.runKeyword(KeywordMain.groovy:68)
	at com.kms.katalon.core.keyword.builtin.CallTestCaseKeyword.callTestCase(CallTestCaseKeyword.groovy:81)
	at com.kms.katalon.core.keyword.builtin.CallTestCaseKeyword.execute(CallTestCaseKeyword.groovy:44)
	at com.kms.katalon.core.keyword.internal.KeywordExecutor.executeKeywordForPlatform(KeywordExecutor.groovy:73)
	at com.kms.katalon.core.keyword.BuiltinKeywords.callTestCase(BuiltinKeywords.groovy:334)
	at tablo.tablo.tablodaVeriBasariliMiArsiv(tablo.groovy:95)
	at cucumber.runtime.Utils$1.call(Utils.java:26)
	at cucumber.runtime.Timeout.timeout(Timeout.java:16)
	at cucumber.runtime.Utils.invoke(Utils.java:20)
	at cucumber.runtime.java.JavaStepDefinition.execute(JavaStepDefinition.java:49)
	at cucumber.runner.PickleStepDefinitionMatch.runStep(PickleStepDefinitionMatch.java:50)
	at cucumber.runner.TestStep.executeStep(TestStep.java:63)
	at cucumber.runner.TestStep.run(TestStep.java:49)
	at cucumber.runner.PickleStepTestStep.run(PickleStepTestStep.java:43)
	at cucumber.runner.TestCase.run(TestCase.java:44)
	at cucumber.runner.Runner.runPickle(Runner.java:40)
	at cucumber.runtime.Runtime$1.run(Runtime.java:84)
	at cucumber.runtime.Runtime$SameThreadExecutorService.execute(Runtime.java:220)
	at cucumber.runtime.Runtime.run(Runtime.java:81)
	at cucumber.api.cli.Main.run(Main.java:26)
	at cucumber.api.cli.Main$run.call(Unknown Source)
	at com.kms.katalon.core.cucumber.keyword.CucumberBuiltinKeywords$_runFeatureFile_closure1.doCall(CucumberBuiltinKeywords.groovy:106)
	at com.kms.katalon.core.cucumber.keyword.CucumberBuiltinKeywords$_runFeatureFile_closure1.doCall(CucumberBuiltinKeywords.groovy)
	at com.kms.katalon.core.keyword.internal.KeywordMain.runKeyword(KeywordMain.groovy:68)
	at com.kms.katalon.core.keyword.internal.KeywordMain$runKeyword.call(Unknown Source)
	at com.kms.katalon.core.cucumber.keyword.CucumberBuiltinKeywords.runFeatureFile(CucumberBuiltinKeywords.groovy:73)
	at com.kms.katalon.core.cucumber.keyword.CucumberBuiltinKeywords$runFeatureFile$0.callStatic(Unknown Source)
	at com.kms.katalon.core.cucumber.keyword.CucumberBuiltinKeywords.runFeatureFile(CucumberBuiltinKeywords.groovy:246)
	at com.kms.katalon.core.cucumber.keyword.CucumberBuiltinKeywords$runFeatureFile.call(Unknown Source)
	at VKN-Kagit-Ihrac Kayitli.run(VKN-Kagit-Ihrac Kayitli:19)
	at com.kms.katalon.core.main.ScriptEngine.run(ScriptEngine.java:194)
	at com.kms.katalon.core.main.ScriptEngine.runScriptAsRawText(ScriptEngine.java:119)
	at com.kms.katalon.core.main.TestCaseExecutor.runScript(TestCaseExecutor.java:369)
	at com.kms.katalon.core.main.TestCaseExecutor.doExecute(TestCaseExecutor.java:360)
	at com.kms.katalon.core.main.TestCaseExecutor.processExecutionPhase(TestCaseExecutor.java:339)
	at com.kms.katalon.core.main.TestCaseExecutor.accessMainPhase(TestCaseExecutor.java:331)
	at com.kms.katalon.core.main.TestCaseExecutor.execute(TestCaseExecutor.java:248)
	at com.kms.katalon.core.main.TestSuiteExecutor.accessTestCaseMainPhase(TestSuiteExecutor.java:191)
	at com.kms.katalon.core.main.TestSuiteExecutor.accessTestSuiteMainPhase(TestSuiteExecutor.java:140)
	at com.kms.katalon.core.main.TestSuiteExecutor.execute(TestSuiteExecutor.java:89)
	at com.kms.katalon.core.main.TestCaseMain.startTestSuite(TestCaseMain.java:181)
	at com.kms.katalon.core.main.TestCaseMain$startTestSuite$0.call(Unknown Source)
	at TempTestSuite1637674444414.run(TempTestSuite1637674444414.groovy:39)
)

2021-11-23 17:01:39 - [MESSAGE][INFO] - Finding Test Object 'Object Repository/Tablo/DurumBilgisiArsiv'

2021-11-23 17:01:39 - [MESSAGE][INFO] - Checking object

2021-11-23 17:01:39 - [MESSAGE][INFO] - Finding web element from Test Object's properties

2021-11-23 17:01:39 - [MESSAGE][INFO] - Checking timeout

2021-11-23 17:01:39 - [MESSAGE][INFO] - Finding web element with id: 'Object Repository/Tablo/DurumBilgisiArsiv' located by 'By.xpath: //*[@id = 'GridViewEArchiveInvoices_tccell0_9']' in '30' second(s)

2021-11-23 17:01:39 - [MESSAGE][INFO] - Smart Wait Function is triggered

2021-11-23 17:01:40 - [MESSAGE][INFO] - Found 1 web elements with id: 'Object Repository/Tablo/DurumBilgisiArsiv' located by 'By.xpath: //*[@id = 'GridViewEArchiveInvoices_tccell0_9']' in '30' second(s)

2021-11-23 17:01:40 - [MESSAGE][WARNING] - Actual text 'Başarılı' and expected text 'Henüz Sonuçlanmadı' of test object 'Object Repository/Tablo/DurumBilgisiArsiv' are NOT matched. (Root cause: com.kms.katalon.core.exception.StepFailedException: Actual text 'Başarılı' and expected text 'Henüz Sonuçlanmadı' of test object 'Object Repository/Tablo/DurumBilgisiArsiv' are NOT matched.
	at com.kms.katalon.core.webui.keyword.internal.WebUIKeywordMain.stepFailed(WebUIKeywordMain.groovy:64)
	at com.kms.katalon.core.webui.keyword.builtin.VerifyElementTextKeyword$_verifyElementText_closure1.doCall(VerifyElementTextKeyword.groovy:57)
	at com.kms.katalon.core.webui.keyword.builtin.VerifyElementTextKeyword$_verifyElementText_closure1.call(VerifyElementTextKeyword.groovy)
	at com.kms.katalon.core.webui.keyword.internal.WebUIKeywordMain.runKeyword(WebUIKeywordMain.groovy:20)
	at com.kms.katalon.core.webui.keyword.builtin.VerifyElementTextKeyword.verifyElementText(VerifyElementTextKeyword.groovy:72)
	at com.kms.katalon.core.webui.keyword.builtin.VerifyElementTextKeyword.execute(VerifyElementTextKeyword.groovy:40)
	at com.kms.katalon.core.keyword.internal.KeywordExecutor.executeKeywordForPlatform(KeywordExecutor.groovy:73)
	at com.kms.katalon.core.webui.keyword.WebUiBuiltInKeywords.verifyElementText(WebUiBuiltInKeywords.groovy:4733)
	at com.kms.katalon.core.webui.keyword.WebUiBuiltInKeywords$verifyElementText$20.call(Unknown Source)
	at TablodaVeriBasariliMiArsiv.run(TablodaVeriBasariliMiArsiv:22)
	at com.kms.katalon.core.main.ScriptEngine.run(ScriptEngine.java:194)
	at com.kms.katalon.core.main.ScriptEngine.runScriptAsRawText(ScriptEngine.java:119)
	at com.kms.katalon.core.main.TestCaseExecutor.runScript(TestCaseExecutor.java:369)
	at com.kms.katalon.core.main.TestCaseExecutor.doExecute(TestCaseExecutor.java:360)
	at com.kms.katalon.core.main.TestCaseExecutor.processExecutionPhase(TestCaseExecutor.java:339)
	at com.kms.katalon.core.main.TestCaseExecutor.accessMainPhase(TestCaseExecutor.java:331)
	at com.kms.katalon.core.main.TestCaseExecutor.execute(TestCaseExecutor.java:248)
	at com.kms.katalon.core.main.TestCaseMain.runTestCase(TestCaseMain.java:138)
	at com.kms.katalon.core.keyword.builtin.CallTestCaseKeyword$_callTestCase_closure1.doCall(CallTestCaseKeyword.groovy:59)
	at com.kms.katalon.core.keyword.builtin.CallTestCaseKeyword$_callTestCase_closure1.call(CallTestCaseKeyword.groovy)
	at com.kms.katalon.core.keyword.internal.KeywordMain.runKeyword(KeywordMain.groovy:68)
	at com.kms.katalon.core.keyword.builtin.CallTestCaseKeyword.callTestCase(CallTestCaseKeyword.groovy:81)
	at com.kms.katalon.core.keyword.builtin.CallTestCaseKeyword.execute(CallTestCaseKeyword.groovy:44)
	at com.kms.katalon.core.keyword.internal.KeywordExecutor.executeKeywordForPlatform(KeywordExecutor.groovy:73)
	at com.kms.katalon.core.keyword.BuiltinKeywords.callTestCase(BuiltinKeywords.groovy:334)
	at tablo.tablo.tablodaVeriBasariliMiArsiv(tablo.groovy:95)
	at cucumber.runtime.Utils$1.call(Utils.java:26)
	at cucumber.runtime.Timeout.timeout(Timeout.java:16)
	at cucumber.runtime.Utils.invoke(Utils.java:20)
	at cucumber.runtime.java.JavaStepDefinition.execute(JavaStepDefinition.java:49)
	at cucumber.runner.PickleStepDefinitionMatch.runStep(PickleStepDefinitionMatch.java:50)
	at cucumber.runner.TestStep.executeStep(TestStep.java:63)
	at cucumber.runner.TestStep.run(TestStep.java:49)
	at cucumber.runner.PickleStepTestStep.run(PickleStepTestStep.java:43)
	at cucumber.runner.TestCase.run(TestCase.java:44)
	at cucumber.runner.Runner.runPickle(Runner.java:40)
	at cucumber.runtime.Runtime$1.run(Runtime.java:84)
	at cucumber.runtime.Runtime$SameThreadExecutorService.execute(Runtime.java:220)
	at cucumber.runtime.Runtime.run(Runtime.java:81)
	at cucumber.api.cli.Main.run(Main.java:26)
	at cucumber.api.cli.Main$run.call(Unknown Source)
	at com.kms.katalon.core.cucumber.keyword.CucumberBuiltinKeywords$_runFeatureFile_closure1.doCall(CucumberBuiltinKeywords.groovy:106)
	at com.kms.katalon.core.cucumber.keyword.CucumberBuiltinKeywords$_runFeatureFile_closure1.doCall(CucumberBuiltinKeywords.groovy)
	at com.kms.katalon.core.keyword.internal.KeywordMain.runKeyword(KeywordMain.groovy:68)
	at com.kms.katalon.core.keyword.internal.KeywordMain$runKeyword.call(Unknown Source)
	at com.kms.katalon.core.cucumber.keyword.CucumberBuiltinKeywords.runFeatureFile(CucumberBuiltinKeywords.groovy:73)
	at com.kms.katalon.core.cucumber.keyword.CucumberBuiltinKeywords$runFeatureFile$0.callStatic(Unknown Source)
	at com.kms.katalon.core.cucumber.keyword.CucumberBuiltinKeywords.runFeatureFile(CucumberBuiltinKeywords.groovy:246)
	at com.kms.katalon.core.cucumber.keyword.CucumberBuiltinKeywords$runFeatureFile.call(Unknown Source)
	at VKN-Kagit-Ihrac Kayitli.run(VKN-Kagit-Ihrac Kayitli:19)
	at com.kms.katalon.core.main.ScriptEngine.run(ScriptEngine.java:194)
	at com.kms.katalon.core.main.ScriptEngine.runScriptAsRawText(ScriptEngine.java:119)
	at com.kms.katalon.core.main.TestCaseExecutor.runScript(TestCaseExecutor.java:369)
	at com.kms.katalon.core.main.TestCaseExecutor.doExecute(TestCaseExecutor.java:360)
	at com.kms.katalon.core.main.TestCaseExecutor.processExecutionPhase(TestCaseExecutor.java:339)
	at com.kms.katalon.core.main.TestCaseExecutor.accessMainPhase(TestCaseExecutor.java:331)
	at com.kms.katalon.core.main.TestCaseExecutor.execute(TestCaseExecutor.java:248)
	at com.kms.katalon.core.main.TestSuiteExecutor.accessTestCaseMainPhase(TestSuiteExecutor.java:191)
	at com.kms.katalon.core.main.TestSuiteExecutor.accessTestSuiteMainPhase(TestSuiteExecutor.java:140)
	at com.kms.katalon.core.main.TestSuiteExecutor.execute(TestSuiteExecutor.java:89)
	at com.kms.katalon.core.main.TestCaseMain.startTestSuite(TestCaseMain.java:181)
	at com.kms.katalon.core.main.TestCaseMain$startTestSuite$0.call(Unknown Source)
	at TempTestSuite1637674444414.run(TempTestSuite1637674444414.groovy:39)
)

2021-11-23 17:01:40 - [TEST_STEP][PASSED] - Method.TextDegerineEsitElementVarMi(findTestObject("Object Repository/Tablo/DurumBilgisiArsiv"), "Başarılı"): Method.TextDegerineEsitElementVarMi is PASSED

2021-11-23 17:01:40 - [MESSAGE][INFO] - Finding Test Object 'Object Repository/Tablo/DurumBilgisiArsiv'

2021-11-23 17:01:40 - [MESSAGE][INFO] - Checking timeout

2021-11-23 17:01:40 - [MESSAGE][INFO] - Finding web element with id: 'Object Repository/Tablo/DurumBilgisiArsiv' located by 'By.xpath: //*[@id = 'GridViewEArchiveInvoices_tccell0_9']' in '10' second(s)

2021-11-23 17:01:40 - [MESSAGE][INFO] - Smart Wait Function is triggered

2021-11-23 17:01:40 - [MESSAGE][INFO] - Found 1 web elements with id: 'Object Repository/Tablo/DurumBilgisiArsiv' located by 'By.xpath: //*[@id = 'GridViewEArchiveInvoices_tccell0_9']' in '10' second(s)

2021-11-23 17:01:40 - [MESSAGE][PASSED] - Method.TextDegerineEsitElementVarMi is PASSED

2021-11-23 17:01:40 - [MESSAGE][PASSED] - Call Test Case 'Test Cases/Tablo/TablodaVeriBasariliMiArsiv' successfully

2021-11-23 17:01:40 - [MESSAGE][INFO] - Checking called Test Case

2021-11-23 17:01:40 - [MESSAGE][INFO] - Starting to call Test Case 'Test Cases/Kullanici_Islemleri/KullaniciIslemlerindenSecimYapilir'

2021-11-23 17:01:40 - [TEST_CASE][PASSED] - Test Cases/Kullanici_Islemleri/KullaniciIslemlerindenSecimYapilir: Test Cases/Kullanici_Islemleri/KullaniciIslemlerindenSecimYapilir

2021-11-23 17:01:40 - [TEST_STEP][PASSED] - waitForElementClickable(findTestObject("Object Repository/Kullanici_Islemleri/KullaniciIslemleri"), 10): Object 'Object Repository/Kullanici_Islemleri/KullaniciIslemleri' is clickable

2021-11-23 17:01:40 - [MESSAGE][INFO] - Finding Test Object 'Object Repository/Kullanici_Islemleri/KullaniciIslemleri'

2021-11-23 17:01:40 - [MESSAGE][INFO] - Checking object

2021-11-23 17:01:40 - [MESSAGE][INFO] - Checking timeout

2021-11-23 17:01:40 - [MESSAGE][INFO] - Finding web element from Test Object's properties

2021-11-23 17:01:40 - [MESSAGE][INFO] - Checking timeout

2021-11-23 17:01:40 - [MESSAGE][INFO] - Finding web element with id: 'Object Repository/Kullanici_Islemleri/KullaniciIslemleri' located by 'By.cssSelector: .dropdown>a>img' in '10' second(s)

2021-11-23 17:01:40 - [MESSAGE][INFO] - Smart Wait Function is triggered

2021-11-23 17:01:40 - [MESSAGE][INFO] - Found 1 web elements with id: 'Object Repository/Kullanici_Islemleri/KullaniciIslemleri' located by 'By.cssSelector: .dropdown>a>img' in '10' second(s)

2021-11-23 17:01:40 - [MESSAGE][PASSED] - Object 'Object Repository/Kullanici_Islemleri/KullaniciIslemleri' is clickable

2021-11-23 17:01:40 - [TEST_STEP][PASSED] - click(findTestObject("Object Repository/Kullanici_Islemleri/KullaniciIslemleri")): Object: 'Object Repository/Kullanici_Islemleri/KullaniciIslemleri' is clicked on

2021-11-23 17:01:40 - [MESSAGE][INFO] - Finding Test Object 'Object Repository/Kullanici_Islemleri/KullaniciIslemleri'

2021-11-23 17:01:40 - [MESSAGE][INFO] - Checking object

2021-11-23 17:01:40 - [MESSAGE][INFO] - Finding web element from Test Object's properties

2021-11-23 17:01:40 - [MESSAGE][INFO] - Checking timeout

2021-11-23 17:01:40 - [MESSAGE][INFO] - Finding web element with id: 'Object Repository/Kullanici_Islemleri/KullaniciIslemleri' located by 'By.cssSelector: .dropdown>a>img' in '30' second(s)

2021-11-23 17:01:40 - [MESSAGE][INFO] - Smart Wait Function is triggered

2021-11-23 17:01:41 - [MESSAGE][INFO] - Found 1 web elements with id: 'Object Repository/Kullanici_Islemleri/KullaniciIslemleri' located by 'By.cssSelector: .dropdown>a>img' in '30' second(s)

2021-11-23 17:01:41 - [MESSAGE][INFO] - Clicking on object: 'Object Repository/Kullanici_Islemleri/KullaniciIslemleri'

2021-11-23 17:01:41 - [MESSAGE][PASSED] - Object: 'Object Repository/Kullanici_Islemleri/KullaniciIslemleri' is clicked on

2021-11-23 17:01:41 - [TEST_STEP][PASSED] - Method.TextDegerineEsitElementeTikla(findTestObject("Object Repository/Kullanici_Islemleri/Secenekler"), Islem): Method.TextDegerineEsitElementeTikla is PASSED

2021-11-23 17:01:41 - [MESSAGE][INFO] - Finding Test Object 'Object Repository/Kullanici_Islemleri/Secenekler'

2021-11-23 17:01:41 - [MESSAGE][INFO] - Checking timeout

2021-11-23 17:01:41 - [MESSAGE][INFO] - Finding web element with id: 'Object Repository/Kullanici_Islemleri/Secenekler' located by 'By.cssSelector: .nav.navbar-nav.navbar-right li a' in '10' second(s)

2021-11-23 17:01:41 - [MESSAGE][INFO] - Smart Wait Function is triggered

2021-11-23 17:01:41 - [MESSAGE][INFO] - Found 20 web elements with id: 'Object Repository/Kullanici_Islemleri/Secenekler' located by 'By.cssSelector: .nav.navbar-nav.navbar-right li a' in '10' second(s)

2021-11-23 17:01:43 - [MESSAGE][PASSED] - Method.TextDegerineEsitElementeTikla is PASSED

2021-11-23 17:01:43 - [TEST_STEP][PASSED] - verifyElementNotPresent(findTestObject("Object Repository/Kullanici_Islemleri/Secenekler"), 10): Web element with id: 'Object Repository/Kullanici_Islemleri/Secenekler' located by 'By.cssSelector: .nav.navbar-nav.navbar-right li a' is not present after '10' second(s)

2021-11-23 17:01:43 - [MESSAGE][INFO] - Finding Test Object 'Object Repository/Kullanici_Islemleri/Secenekler'

2021-11-23 17:01:43 - [MESSAGE][INFO] - Checking object

2021-11-23 17:01:43 - [MESSAGE][INFO] - Checking timeout

2021-11-23 17:01:43 - [MESSAGE][INFO] - Finding web element with id: 'Object Repository/Kullanici_Islemleri/Secenekler' located by 'By.cssSelector: .nav.navbar-nav.navbar-right li a' in '10' second(s)

2021-11-23 17:01:43 - [MESSAGE][INFO] - Smart Wait Function is triggered

2021-11-23 17:01:43 - [MESSAGE][PASSED] - Web element with id: 'Object Repository/Kullanici_Islemleri/Secenekler' located by 'By.cssSelector: .nav.navbar-nav.navbar-right li a' is not present after '10' second(s)

2021-11-23 17:01:43 - [MESSAGE][PASSED] - Call Test Case 'Test Cases/Kullanici_Islemleri/KullaniciIslemlerindenSecimYapilir' successfully

2021-11-23 17:01:43 - [TEST_CASE][PASSED] - Start Test Case : SCENARIO Gonderim tipi Kagit ve Ihrac Kayitli tipinde e-Arsiv faturasi olusturulmasi: SCENARIO Gonderim tipi Kagit ve Ihrac Kayitli tipinde e-Arsiv faturasi olusturulmasi

2021-11-23 17:01:43 - [TEST_STEP][PASSED] - Kullanıcı adı EARIHRAC ve Şifre test1234 olarak giriş yapılır: Kullanıcı adı EARIHRAC ve Şifre test1234 olarak giriş yapılır

2021-11-23 17:01:43 - [MESSAGE][PASSED] - Kullanıcı adı EARIHRAC ve Şifre test1234 olarak giriş yapılır

2021-11-23 17:01:43 - [TEST_STEP][PASSED] - Ana menüden e-Arşiv seçilir: Ana menüden e-Arşiv seçilir

2021-11-23 17:01:43 - [MESSAGE][PASSED] - Ana menüden e-Arşiv seçilir

2021-11-23 17:01:43 - [TEST_STEP][PASSED] - Alt menü e-Arşiv Araçları başlığı altındaki e-Arşiv Fatura Oluşturma seçilir: Alt menü e-Arşiv Araçları başlığı altındaki e-Arşiv Fatura Oluşturma seçilir

2021-11-23 17:01:43 - [MESSAGE][PASSED] - Alt menü e-Arşiv Araçları başlığı altındaki e-Arşiv Fatura Oluşturma seçilir

2021-11-23 17:01:43 - [TEST_STEP][PASSED] - Tablodaki tüm veriler silinir: Tablodaki tüm veriler silinir

2021-11-23 17:01:43 - [MESSAGE][PASSED] - Tablodaki tüm veriler silinir

2021-11-23 17:01:43 - [TEST_STEP][PASSED] - Butonlardan Ekle isimli butona tıklanır: Butonlardan Ekle isimli butona tıklanır

2021-11-23 17:01:43 - [MESSAGE][PASSED] - Butonlardan Ekle isimli butona tıklanır

2021-11-23 17:01:43 - [TEST_STEP][PASSED] - Görsel tasarım sayfasının e-Arşiv Fatura Bilgileri başlığını içerdiği kontrol edilir: Görsel tasarım sayfasının e-Arşiv Fatura Bilgileri başlığını içerdiği kontrol edilir

2021-11-23 17:01:43 - [MESSAGE][PASSED] - Görsel tasarım sayfasının e-Arşiv Fatura Bilgileri başlığını içerdiği kontrol edilir

2021-11-23 17:01:43 - [TEST_STEP][PASSED] - Alıcı adı alanına UC0012 girilir: Alıcı adı alanına UC0012 girilir

2021-11-23 17:01:43 - [MESSAGE][PASSED] - Alıcı adı alanına UC0012 girilir

2021-11-23 17:01:43 - [TEST_STEP][PASSED] - Gönderim Şekli Kağıt olarak seçilir: Gönderim Şekli Kağıt olarak seçilir

2021-11-23 17:01:43 - [MESSAGE][PASSED] - Gönderim Şekli Kağıt olarak seçilir

2021-11-23 17:01:43 - [TEST_STEP][PASSED] - Tip alanından İhraç Kayıtlı seçilir: Tip alanından İhraç Kayıtlı seçilir

2021-11-23 17:01:43 - [MESSAGE][PASSED] - Tip alanından İhraç Kayıtlı seçilir

2021-11-23 17:01:43 - [TEST_STEP][PASSED] - Döküman Para Birimi alanından Türk Lirası seçilir: Döküman Para Birimi alanından Türk Lirası seçilir

2021-11-23 17:01:43 - [MESSAGE][PASSED] - Döküman Para Birimi alanından Türk Lirası seçilir

2021-11-23 17:01:43 - [TEST_STEP][PASSED] - Ön Ek EAR olarak seçilir: Ön Ek EAR olarak seçilir

2021-11-23 17:01:43 - [MESSAGE][PASSED] - Ön Ek EAR olarak seçilir

2021-11-23 17:01:43 - [TEST_STEP][PASSED] - Tasarım alanından Otomasyon seçilir: Tasarım alanından Otomasyon seçilir

2021-11-23 17:01:43 - [MESSAGE][PASSED] - Tasarım alanından Otomasyon seçilir

2021-11-23 17:01:43 - [TEST_STEP][PASSED] - Sipariş bilgileri UUC-SAT-1200001 ve 31.04.2020 olarak girilir: Sipariş bilgileri UUC-SAT-1200001 ve 31.04.2020 olarak girilir

2021-11-23 17:01:43 - [MESSAGE][PASSED] - Sipariş bilgileri UUC-SAT-1200001 ve 31.04.2020 olarak girilir

2021-11-23 17:01:43 - [TEST_STEP][PASSED] - İrsaliye Bilgileri AAAAAAAAAA,31.04.2020 olarak girilir: İrsaliye Bilgileri AAAAAAAAAA,31.04.2020 olarak girilir

2021-11-23 17:01:43 - [MESSAGE][PASSED] - İrsaliye Bilgileri AAAAAAAAAA,31.04.2020 olarak girilir

2021-11-23 17:01:43 - [TEST_STEP][PASSED] - Ekle butonuna basılır: Ekle butonuna basılır

2021-11-23 17:01:43 - [MESSAGE][PASSED] - Ekle butonuna basılır

2021-11-23 17:01:43 - [TEST_STEP][PASSED] - Ürün ekleme alanında Mal/Hizmet başlığına Otomasyon girilir: Ürün ekleme alanında Mal/Hizmet başlığına Otomasyon girilir

2021-11-23 17:01:43 - [MESSAGE][PASSED] - Ürün ekleme alanında Mal/Hizmet başlığına Otomasyon girilir

2021-11-23 17:01:43 - [TEST_STEP][PASSED] - Ürün ekleme alanında Açıklaması başlığına Virgosol girilir: Ürün ekleme alanında Açıklaması başlığına Virgosol girilir

2021-11-23 17:01:43 - [MESSAGE][PASSED] - Ürün ekleme alanında Açıklaması başlığına Virgosol girilir

2021-11-23 17:01:43 - [TEST_STEP][PASSED] - Ürün ekleme alanında Miktarı başlığına 400 girilir: Ürün ekleme alanında Miktarı başlığına 400 girilir

2021-11-23 17:01:43 - [MESSAGE][PASSED] - Ürün ekleme alanında Miktarı başlığına 400 girilir

2021-11-23 17:01:43 - [TEST_STEP][PASSED] - Ürün ekleme alanında Birim Fiyat başlığına 100 girilir: Ürün ekleme alanında Birim Fiyat başlığına 100 girilir

2021-11-23 17:01:43 - [MESSAGE][PASSED] - Ürün ekleme alanında Birim Fiyat başlığına 100 girilir

2021-11-23 17:01:43 - [TEST_STEP][PASSED] - Ürün ekleme alanında İskonto Oranı % başlığına 10 girilir: Ürün ekleme alanında İskonto Oranı % başlığına 10 girilir

2021-11-23 17:01:43 - [MESSAGE][PASSED] - Ürün ekleme alanında İskonto Oranı % başlığına 10 girilir

2021-11-23 17:01:43 - [TEST_STEP][PASSED] - Notlar alanına Otomasyon Not girilir: Notlar alanına Otomasyon Not girilir

2021-11-23 17:01:43 - [MESSAGE][PASSED] - Notlar alanına Otomasyon Not girilir

2021-11-23 17:01:43 - [TEST_STEP][PASSED] - Ettn bilgisi kayıt edilir: Ettn bilgisi kayıt edilir

2021-11-23 17:01:43 - [MESSAGE][PASSED] - Ettn bilgisi kayıt edilir

2021-11-23 17:01:43 - [TEST_STEP][PASSED] - Kaydet butonu seçilir: Kaydet butonu seçilir

2021-11-23 17:01:43 - [MESSAGE][PASSED] - Kaydet butonu seçilir

2021-11-23 17:01:43 - [TEST_STEP][PASSED] - Tabloda Ettn bilgisi kaydedilen veri oluşturuldu mu: Tabloda Ettn bilgisi kaydedilen veri oluşturuldu mu

2021-11-23 17:01:43 - [MESSAGE][PASSED] - Tabloda Ettn bilgisi kaydedilen veri oluşturuldu mu

2021-11-23 17:01:43 - [TEST_STEP][PASSED] - Tablodan Ettn bilgisi kaydedilen veri seçilir: Tablodan Ettn bilgisi kaydedilen veri seçilir

2021-11-23 17:01:43 - [MESSAGE][PASSED] - Tablodan Ettn bilgisi kaydedilen veri seçilir

2021-11-23 17:01:43 - [TEST_STEP][PASSED] - Butonlardan Numara Oluştur isimli butona tıklanır: Butonlardan Numara Oluştur isimli butona tıklanır

2021-11-23 17:01:43 - [MESSAGE][PASSED] - Butonlardan Numara Oluştur isimli butona tıklanır

2021-11-23 17:01:43 - [TEST_STEP][PASSED] - Popup mesajı Devam etmek istiyor musunuz içeriyor mu: Popup mesajı Devam etmek istiyor musunuz içeriyor mu

2021-11-23 17:01:43 - [MESSAGE][PASSED] - Popup mesajı Devam etmek istiyor musunuz içeriyor mu

2021-11-23 17:01:43 - [TEST_STEP][PASSED] - Yönetim popupında Evet seçilir: Yönetim popupında Evet seçilir

2021-11-23 17:01:43 - [MESSAGE][PASSED] - Yönetim popupında Evet seçilir

2021-11-23 17:01:43 - [TEST_STEP][PASSED] - Popup mesajı oluşmuştur içeriyor mu: Popup mesajı oluşmuştur içeriyor mu

2021-11-23 17:01:43 - [MESSAGE][PASSED] - Popup mesajı oluşmuştur içeriyor mu

2021-11-23 17:01:43 - [TEST_STEP][PASSED] - Yönetim popupında Tamam seçilir: Yönetim popupında Tamam seçilir

2021-11-23 17:01:43 - [MESSAGE][PASSED] - Yönetim popupında Tamam seçilir

2021-11-23 17:01:43 - [TEST_STEP][PASSED] - Tablodan Ettn bilgisi kaydedilen veri seçilir: Tablodan Ettn bilgisi kaydedilen veri seçilir

2021-11-23 17:01:43 - [MESSAGE][PASSED] - Tablodan Ettn bilgisi kaydedilen veri seçilir

2021-11-23 17:01:43 - [TEST_STEP][PASSED] - Butonlardan Gönder isimli butona tıklanır: Butonlardan Gönder isimli butona tıklanır

2021-11-23 17:01:43 - [MESSAGE][PASSED] - Butonlardan Gönder isimli butona tıklanır

2021-11-23 17:01:43 - [TEST_STEP][PASSED] - Popup mesajı Devam etmek istiyor musunuz içeriyor mu: Popup mesajı Devam etmek istiyor musunuz içeriyor mu

2021-11-23 17:01:43 - [MESSAGE][PASSED] - Popup mesajı Devam etmek istiyor musunuz içeriyor mu

2021-11-23 17:01:43 - [TEST_STEP][PASSED] - Yönetim popupında Evet seçilir: Yönetim popupında Evet seçilir

2021-11-23 17:01:43 - [MESSAGE][PASSED] - Yönetim popupında Evet seçilir

2021-11-23 17:01:43 - [TEST_STEP][PASSED] - Ana menüden e-Arşiv seçilir: Ana menüden e-Arşiv seçilir

2021-11-23 17:01:43 - [MESSAGE][PASSED] - Ana menüden e-Arşiv seçilir

2021-11-23 17:01:43 - [TEST_STEP][PASSED] - Alt menü e-Arşiv Hareketleri başlığı altındaki e-Arşiv Faturaları seçilir: Alt menü e-Arşiv Hareketleri başlığı altındaki e-Arşiv Faturaları seçilir

2021-11-23 17:01:43 - [MESSAGE][PASSED] - Alt menü e-Arşiv Hareketleri başlığı altındaki e-Arşiv Faturaları seçilir

2021-11-23 17:01:43 - [TEST_STEP][PASSED] - Filtrelerden Ettn filtresine Ettn bilgisi yaz: Filtrelerden Ettn filtresine Ettn bilgisi yaz

2021-11-23 17:01:43 - [MESSAGE][PASSED] - Filtrelerden Ettn filtresine Ettn bilgisi yaz

2021-11-23 17:01:43 - [TEST_STEP][PASSED] - Filtre butonlarından Listele seçilir: Filtre butonlarından Listele seçilir

2021-11-23 17:01:43 - [MESSAGE][PASSED] - Filtre butonlarından Listele seçilir

2021-11-23 17:01:43 - [TEST_STEP][PASSED] - Tabloda veri var mı kontrol edilir: Tabloda veri var mı kontrol edilir

2021-11-23 17:01:43 - [MESSAGE][PASSED] - Tabloda veri var mı kontrol edilir

2021-11-23 17:01:43 - [TEST_STEP][PASSED] - Tabloda yeni oluşturulan eArsiv verisi başarılı mı: Tabloda yeni oluşturulan eArsiv verisi başarılı mı

2021-11-23 17:01:43 - [MESSAGE][PASSED] - Tabloda yeni oluşturulan eArsiv verisi başarılı mı

2021-11-23 17:01:43 - [TEST_STEP][PASSED] - Kullanıcı işlemlerinden Çıkış seçilir: Kullanıcı işlemlerinden Çıkış seçilir

2021-11-23 17:01:43 - [MESSAGE][PASSED] - Kullanıcı işlemlerinden Çıkış seçilir

2021-11-23 17:01:43 - [MESSAGE][PASSED] - Feature file: 'Include/features/Regresyon/e-Arsiv/VKN-Kagit-Ihrac Kayitli.feature' was passed

2021-11-23 17:01:43 - [TEST_STEP][PASSED] - Start listener action : sampleAfterTestSuite: Invoke 'com.kms.katalon.core.annotation.AfterTestCase' method: 'Listener.sampleAfterTestSuite(...)' completed.

2021-11-23 17:01:43 - [MESSAGE][INFO] - Starting invoke 'com.kms.katalon.core.annotation.AfterTestCase' method: 'Listener.sampleAfterTestSuite(...)'

2021-11-23 17:01:43 - [TEST_STEP][PASSED] - closeBrowser(): Invoke 'com.kms.katalon.core.annotation.AfterTestCase' method: 'Listener.sampleAfterTestSuite(...)' completed.

2021-11-23 17:01:43 - [MESSAGE][INFO] - Closing browser

2021-11-23 17:01:44 - [MESSAGE][PASSED] - Browser is closed

2021-11-23 17:01:44 - [MESSAGE][INFO] - Invoke 'com.kms.katalon.core.annotation.AfterTestCase' method: 'Listener.sampleAfterTestSuite(...)' completed.]]></system-out>
         <system-err><![CDATA[]]></system-err>
      </testcase>
      <testcase name="Test Cases/Case Repository/Regresyon/e-Arsiv/VKN-Kagit-Istisna" time="115.169" classname="Test Cases/Case Repository/Regresyon/e-Arsiv/VKN-Kagit-Istisna" status="PASSED">
         <system-out><![CDATA[2021-11-23 17:01:44 - [TEST_CASE][PASSED] - Test Cases/Case Repository/Regresyon/e-Arsiv/VKN-Kagit-Istisna: Test Cases/Case Repository/Regresyon/e-Arsiv/VKN-Kagit-Istisna

2021-11-23 17:01:44 - [TEST_STEP][PASSED] - Start listener action : sampleBeforeTestSuite: Invoke 'com.kms.katalon.core.annotation.BeforeTestCase' method: 'Listener.sampleBeforeTestSuite(...)' completed.

2021-11-23 17:01:44 - [MESSAGE][INFO] - Starting invoke 'com.kms.katalon.core.annotation.BeforeTestCase' method: 'Listener.sampleBeforeTestSuite(...)'

2021-11-23 17:01:44 - [TEST_STEP][PASSED] - openBrowser(baseUrl): Browser is opened with url: 'https://efatura-stage.elogo.com.tr/'

2021-11-23 17:01:44 - [MESSAGE][INFO] - Opening browser

2021-11-23 17:01:44 - [MESSAGE][INFO] - Starting 'Chrome' driver

2021-11-23 17:01:44 - [MESSAGE][INFO] - User set preference: ['prefs', '{download.default_directory=C:\otomasyondownfiles}']

2021-11-23 17:01:44 - [MESSAGE][INFO] - Action delay is set to 0 milliseconds

2021-11-23 17:01:46 - [MESSAGE][INFO] - Navigating browser to: 'https://efatura-stage.elogo.com.tr/'

2021-11-23 17:01:48 - [MESSAGE][PASSED] - Browser is opened with url: 'https://efatura-stage.elogo.com.tr/'

2021-11-23 17:01:48 - [TEST_STEP][PASSED] - maximizeWindow(): Invoke 'com.kms.katalon.core.annotation.BeforeTestCase' method: 'Listener.sampleBeforeTestSuite(...)' completed.

2021-11-23 17:01:48 - [MESSAGE][INFO] - Maximizing current window

2021-11-23 17:01:48 - [MESSAGE][PASSED] - Current window maximized

2021-11-23 17:01:48 - [MESSAGE][INFO] - Invoke 'com.kms.katalon.core.annotation.BeforeTestCase' method: 'Listener.sampleBeforeTestSuite(...)' completed.

2021-11-23 17:01:49 - [TEST_STEP][PASSED] - runFeatureFile("Include/features/Regresyon/e-Arsiv/VKN-Kagit-Istisna.feature"): Feature file: 'Include/features/Regresyon/e-Arsiv/VKN-Kagit-Istisna.feature' was passed

2021-11-23 17:01:49 - [MESSAGE][INFO] - Starting run keyword runFeatureFile: 'Include/features/Regresyon/e-Arsiv/VKN-Kagit-Istisna.feature' and extract report to folder: 'C:\Users\DELL\Documents\GitHub\EES_KatalonLogo\Reports\20211123_163326\Suite Repository\Regresyon-eArsiv-eMakbuz\20211123_163404/cucumber_report/1637676109172'...

2021-11-23 17:01:49 - [MESSAGE][INFO] - Glue: []

2021-11-23 17:01:52 - [MESSAGE][INFO] - Checking called Test Case

2021-11-23 17:01:52 - [MESSAGE][INFO] - Starting to call Test Case 'Test Cases/Sayfalar/Giris_Sayfasi/Login'

2021-11-23 17:01:52 - [TEST_CASE][PASSED] - Test Cases/Sayfalar/Giris_Sayfasi/Login: Test Cases/Sayfalar/Giris_Sayfasi/Login

2021-11-23 17:01:52 - [TEST_STEP][PASSED] - Sayfa_Basligi = getWindowTitle(): Current window's title is: 'LOGO e-Fatura'

2021-11-23 17:01:52 - [MESSAGE][INFO] - Getting current window's title

2021-11-23 17:01:52 - [MESSAGE][PASSED] - Current window's title is: 'LOGO e-Fatura'

2021-11-23 17:01:52 - [TEST_STEP][PASSED] - verifyMatch(Sayfa_Basligi, "LOGO e-Fatura", false): Actual text 'LOGO e-Fatura' and expected text 'LOGO e-Fatura' are matched 

2021-11-23 17:01:52 - [MESSAGE][INFO] - Matching actual text 'LOGO e-Fatura' with expected text 'LOGO e-Fatura'

2021-11-23 17:01:52 - [MESSAGE][PASSED] - Actual text 'LOGO e-Fatura' and expected text 'LOGO e-Fatura' are matched 

2021-11-23 17:01:52 - [TEST_STEP][PASSED] - sendKeys(findTestObject("Sayfalar/Giris_Sayfasi/Firma_Kodu"), KullaniciAdi): Keys 'EARISTISNA' sent to object: 'Object Repository/Sayfalar/Giris_Sayfasi/Firma_Kodu'

2021-11-23 17:01:52 - [MESSAGE][INFO] - Finding Test Object 'Object Repository/Sayfalar/Giris_Sayfasi/Firma_Kodu'

2021-11-23 17:01:52 - [MESSAGE][INFO] - Sending keys 'EARISTISNA' to object: 'Object Repository/Sayfalar/Giris_Sayfasi/Firma_Kodu'

2021-11-23 17:01:52 - [MESSAGE][INFO] - Finding web element from Test Object's properties

2021-11-23 17:01:52 - [MESSAGE][INFO] - Checking timeout

2021-11-23 17:01:52 - [MESSAGE][INFO] - Finding web element with id: 'Object Repository/Sayfalar/Giris_Sayfasi/Firma_Kodu' located by 'By.xpath: //*[@id = 'AccountName']' in '30' second(s)

2021-11-23 17:01:52 - [MESSAGE][INFO] - Smart Wait Function is triggered

2021-11-23 17:01:52 - [MESSAGE][INFO] - Found 1 web elements with id: 'Object Repository/Sayfalar/Giris_Sayfasi/Firma_Kodu' located by 'By.xpath: //*[@id = 'AccountName']' in '30' second(s)

2021-11-23 17:01:53 - [MESSAGE][PASSED] - Keys 'EARISTISNA' sent to object: 'Object Repository/Sayfalar/Giris_Sayfasi/Firma_Kodu'

2021-11-23 17:01:53 - [TEST_STEP][PASSED] - sendKeys(findTestObject("Sayfalar/Giris_Sayfasi/Sifre"), Sifre): Keys 'test1234' sent to object: 'Object Repository/Sayfalar/Giris_Sayfasi/Sifre'

2021-11-23 17:01:53 - [MESSAGE][INFO] - Finding Test Object 'Object Repository/Sayfalar/Giris_Sayfasi/Sifre'

2021-11-23 17:01:53 - [MESSAGE][INFO] - Sending keys 'test1234' to object: 'Object Repository/Sayfalar/Giris_Sayfasi/Sifre'

2021-11-23 17:01:53 - [MESSAGE][INFO] - Finding web element from Test Object's properties

2021-11-23 17:01:53 - [MESSAGE][INFO] - Checking timeout

2021-11-23 17:01:53 - [MESSAGE][INFO] - Finding web element with id: 'Object Repository/Sayfalar/Giris_Sayfasi/Sifre' located by 'By.xpath: //*[@id = 'Password']' in '30' second(s)

2021-11-23 17:01:53 - [MESSAGE][INFO] - Smart Wait Function is triggered

2021-11-23 17:01:53 - [MESSAGE][INFO] - Found 1 web elements with id: 'Object Repository/Sayfalar/Giris_Sayfasi/Sifre' located by 'By.xpath: //*[@id = 'Password']' in '30' second(s)

2021-11-23 17:01:53 - [MESSAGE][PASSED] - Keys 'test1234' sent to object: 'Object Repository/Sayfalar/Giris_Sayfasi/Sifre'

2021-11-23 17:01:53 - [TEST_STEP][PASSED] - findWebElement(findTestObject("Sayfalar/Giris_Sayfasi/Giris_Butonu")).click(): Found 1 web elements with id: 'Object Repository/Sayfalar/Giris_Sayfasi/Giris_Butonu' located by 'By.cssSelector: #btnLogin' in '30' second(s)

2021-11-23 17:01:53 - [MESSAGE][INFO] - Finding Test Object 'Object Repository/Sayfalar/Giris_Sayfasi/Giris_Butonu'

2021-11-23 17:01:53 - [MESSAGE][INFO] - Finding web element from Test Object's properties

2021-11-23 17:01:53 - [MESSAGE][INFO] - Checking timeout

2021-11-23 17:01:53 - [MESSAGE][INFO] - Finding web element with id: 'Object Repository/Sayfalar/Giris_Sayfasi/Giris_Butonu' located by 'By.cssSelector: #btnLogin' in '30' second(s)

2021-11-23 17:01:53 - [MESSAGE][INFO] - Smart Wait Function is triggered

2021-11-23 17:01:53 - [MESSAGE][INFO] - Found 1 web elements with id: 'Object Repository/Sayfalar/Giris_Sayfasi/Giris_Butonu' located by 'By.cssSelector: #btnLogin' in '30' second(s)

2021-11-23 17:01:55 - [TEST_STEP][PASSED] - if (verifyElementPresent(findTestObject("Object Repository/Sayfalar/Giris_Sayfasi/RetveTamam_Butonu"), 5, OPTIONAL)): null

2021-11-23 17:01:55 - [MESSAGE][INFO] - Finding Test Object 'Object Repository/Sayfalar/Giris_Sayfasi/RetveTamam_Butonu'

2021-11-23 17:01:55 - [MESSAGE][INFO] - Checking object

2021-11-23 17:01:55 - [MESSAGE][INFO] - Finding web element from Test Object's properties

2021-11-23 17:01:55 - [MESSAGE][INFO] - Checking timeout

2021-11-23 17:01:55 - [MESSAGE][INFO] - Finding web element with id: 'Object Repository/Sayfalar/Giris_Sayfasi/RetveTamam_Butonu' located by 'By.xpath: //*[@class = 'btn btn-default']' in '5' second(s)

2021-11-23 17:01:55 - [MESSAGE][INFO] - Smart Wait Function is triggered

2021-11-23 17:01:56 - [MESSAGE][INFO] - Found 1 web elements with id: 'Object Repository/Sayfalar/Giris_Sayfasi/RetveTamam_Butonu' located by 'By.xpath: //*[@class = 'btn btn-default']' in '5' second(s)

2021-11-23 17:01:56 - [MESSAGE][PASSED] - Object 'Object Repository/Sayfalar/Giris_Sayfasi/RetveTamam_Butonu' is present

2021-11-23 17:01:56 - [TEST_STEP][PASSED] - click(findTestObject("Object Repository/Sayfalar/Giris_Sayfasi/RetveTamam_Butonu")): Object: 'Object Repository/Sayfalar/Giris_Sayfasi/RetveTamam_Butonu' is clicked on

2021-11-23 17:01:56 - [MESSAGE][INFO] - Finding Test Object 'Object Repository/Sayfalar/Giris_Sayfasi/RetveTamam_Butonu'

2021-11-23 17:01:56 - [MESSAGE][INFO] - Checking object

2021-11-23 17:01:56 - [MESSAGE][INFO] - Finding web element from Test Object's properties

2021-11-23 17:01:56 - [MESSAGE][INFO] - Checking timeout

2021-11-23 17:01:56 - [MESSAGE][INFO] - Finding web element with id: 'Object Repository/Sayfalar/Giris_Sayfasi/RetveTamam_Butonu' located by 'By.xpath: //*[@class = 'btn btn-default']' in '30' second(s)

2021-11-23 17:01:56 - [MESSAGE][INFO] - Smart Wait Function is triggered

2021-11-23 17:01:56 - [MESSAGE][INFO] - Found 1 web elements with id: 'Object Repository/Sayfalar/Giris_Sayfasi/RetveTamam_Butonu' located by 'By.xpath: //*[@class = 'btn btn-default']' in '30' second(s)

2021-11-23 17:01:56 - [MESSAGE][INFO] - Clicking on object: 'Object Repository/Sayfalar/Giris_Sayfasi/RetveTamam_Butonu'

2021-11-23 17:01:56 - [MESSAGE][PASSED] - Object: 'Object Repository/Sayfalar/Giris_Sayfasi/RetveTamam_Butonu' is clicked on

2021-11-23 17:01:56 - [TEST_STEP][PASSED] - click(findTestObject("Object Repository/Sayfalar/Giris_Sayfasi/RetveTamam_Butonu")): Object: 'Object Repository/Sayfalar/Giris_Sayfasi/RetveTamam_Butonu' is clicked on

2021-11-23 17:01:56 - [MESSAGE][INFO] - Finding Test Object 'Object Repository/Sayfalar/Giris_Sayfasi/RetveTamam_Butonu'

2021-11-23 17:01:56 - [MESSAGE][INFO] - Checking object

2021-11-23 17:01:56 - [MESSAGE][INFO] - Finding web element from Test Object's properties

2021-11-23 17:01:56 - [MESSAGE][INFO] - Checking timeout

2021-11-23 17:01:56 - [MESSAGE][INFO] - Finding web element with id: 'Object Repository/Sayfalar/Giris_Sayfasi/RetveTamam_Butonu' located by 'By.xpath: //*[@class = 'btn btn-default']' in '30' second(s)

2021-11-23 17:01:56 - [MESSAGE][INFO] - Smart Wait Function is triggered

2021-11-23 17:01:59 - [MESSAGE][INFO] - Found 1 web elements with id: 'Object Repository/Sayfalar/Giris_Sayfasi/RetveTamam_Butonu' located by 'By.xpath: //*[@class = 'btn btn-default']' in '30' second(s)

2021-11-23 17:01:59 - [MESSAGE][INFO] - Clicking on object: 'Object Repository/Sayfalar/Giris_Sayfasi/RetveTamam_Butonu'

2021-11-23 17:01:59 - [MESSAGE][PASSED] - Object: 'Object Repository/Sayfalar/Giris_Sayfasi/RetveTamam_Butonu' is clicked on

2021-11-23 17:01:59 - [TEST_STEP][PASSED] - if (verifyElementPresent(findTestObject("Sayfalar/Giris_Sayfasi/PopupOK"), 5, OPTIONAL)): com.kms.katalon.core.webui.exception.WebElementNotFoundException: Web element with id: 'Object Repository/Sayfalar/Giris_Sayfasi/PopupOK' located by '.btn.btn-success' not found (Root cause: com.kms.katalon.core.exception.StepFailedException: com.kms.katalon.core.webui.exception.WebElementNotFoundException: Web element with id: 'Object Repository/Sayfalar/Giris_Sayfasi/PopupOK' located by '.btn.btn-success' not found
	at com.kms.katalon.core.webui.keyword.internal.WebUIKeywordMain.stepFailed(WebUIKeywordMain.groovy:64)
	at com.kms.katalon.core.webui.keyword.builtin.VerifyElementPresentKeyword$_verifyElementPresent_closure1.doCall(VerifyElementPresentKeyword.groovy:85)
	at com.kms.katalon.core.webui.keyword.builtin.VerifyElementPresentKeyword$_verifyElementPresent_closure1.call(VerifyElementPresentKeyword.groovy)
	at com.kms.katalon.core.webui.keyword.internal.WebUIKeywordMain.runKeyword(WebUIKeywordMain.groovy:20)
	at com.kms.katalon.core.webui.keyword.builtin.VerifyElementPresentKeyword.verifyElementPresent(VerifyElementPresentKeyword.groovy:92)
	at com.kms.katalon.core.webui.keyword.builtin.VerifyElementPresentKeyword.execute(VerifyElementPresentKeyword.groovy:68)
	at com.kms.katalon.core.keyword.internal.KeywordExecutor.executeKeywordForPlatform(KeywordExecutor.groovy:73)
	at com.kms.katalon.core.webui.keyword.WebUiBuiltInKeywords.verifyElementPresent(WebUiBuiltInKeywords.groovy:1448)
	at com.kms.katalon.core.webui.keyword.WebUiBuiltInKeywords$verifyElementPresent$4.call(Unknown Source)
	at Login.run(Login:40)
	at com.kms.katalon.core.main.ScriptEngine.run(ScriptEngine.java:194)
	at com.kms.katalon.core.main.ScriptEngine.runScriptAsRawText(ScriptEngine.java:119)
	at com.kms.katalon.core.main.TestCaseExecutor.runScript(TestCaseExecutor.java:369)
	at com.kms.katalon.core.main.TestCaseExecutor.doExecute(TestCaseExecutor.java:360)
	at com.kms.katalon.core.main.TestCaseExecutor.processExecutionPhase(TestCaseExecutor.java:339)
	at com.kms.katalon.core.main.TestCaseExecutor.accessMainPhase(TestCaseExecutor.java:331)
	at com.kms.katalon.core.main.TestCaseExecutor.execute(TestCaseExecutor.java:248)
	at com.kms.katalon.core.main.TestCaseMain.runTestCase(TestCaseMain.java:138)
	at com.kms.katalon.core.keyword.builtin.CallTestCaseKeyword$_callTestCase_closure1.doCall(CallTestCaseKeyword.groovy:59)
	at com.kms.katalon.core.keyword.builtin.CallTestCaseKeyword$_callTestCase_closure1.call(CallTestCaseKeyword.groovy)
	at com.kms.katalon.core.keyword.internal.KeywordMain.runKeyword(KeywordMain.groovy:68)
	at com.kms.katalon.core.keyword.builtin.CallTestCaseKeyword.callTestCase(CallTestCaseKeyword.groovy:81)
	at com.kms.katalon.core.keyword.builtin.CallTestCaseKeyword.execute(CallTestCaseKeyword.groovy:44)
	at com.kms.katalon.core.keyword.internal.KeywordExecutor.executeKeywordForPlatform(KeywordExecutor.groovy:73)
	at com.kms.katalon.core.keyword.BuiltinKeywords.callTestCase(BuiltinKeywords.groovy:334)
	at sayfalar.girisSayfasi.login(girisSayfasi.groovy:50)
	at cucumber.runtime.Utils$1.call(Utils.java:26)
	at cucumber.runtime.Timeout.timeout(Timeout.java:16)
	at cucumber.runtime.Utils.invoke(Utils.java:20)
	at cucumber.runtime.java.JavaStepDefinition.execute(JavaStepDefinition.java:49)
	at cucumber.runner.PickleStepDefinitionMatch.runStep(PickleStepDefinitionMatch.java:50)
	at cucumber.runner.TestStep.executeStep(TestStep.java:63)
	at cucumber.runner.TestStep.run(TestStep.java:49)
	at cucumber.runner.PickleStepTestStep.run(PickleStepTestStep.java:43)
	at cucumber.runner.TestCase.run(TestCase.java:44)
	at cucumber.runner.Runner.runPickle(Runner.java:40)
	at cucumber.runtime.Runtime$1.run(Runtime.java:84)
	at cucumber.runtime.Runtime$SameThreadExecutorService.execute(Runtime.java:220)
	at cucumber.runtime.Runtime.run(Runtime.java:81)
	at cucumber.api.cli.Main.run(Main.java:26)
	at cucumber.api.cli.Main$run.call(Unknown Source)
	at com.kms.katalon.core.cucumber.keyword.CucumberBuiltinKeywords$_runFeatureFile_closure1.doCall(CucumberBuiltinKeywords.groovy:106)
	at com.kms.katalon.core.cucumber.keyword.CucumberBuiltinKeywords$_runFeatureFile_closure1.doCall(CucumberBuiltinKeywords.groovy)
	at com.kms.katalon.core.keyword.internal.KeywordMain.runKeyword(KeywordMain.groovy:68)
	at com.kms.katalon.core.keyword.internal.KeywordMain$runKeyword.call(Unknown Source)
	at com.kms.katalon.core.cucumber.keyword.CucumberBuiltinKeywords.runFeatureFile(CucumberBuiltinKeywords.groovy:73)
	at com.kms.katalon.core.cucumber.keyword.CucumberBuiltinKeywords$runFeatureFile$0.callStatic(Unknown Source)
	at com.kms.katalon.core.cucumber.keyword.CucumberBuiltinKeywords.runFeatureFile(CucumberBuiltinKeywords.groovy:246)
	at com.kms.katalon.core.cucumber.keyword.CucumberBuiltinKeywords$runFeatureFile.call(Unknown Source)
	at VKN-Kagit-Istisna.run(VKN-Kagit-Istisna:19)
	at com.kms.katalon.core.main.ScriptEngine.run(ScriptEngine.java:194)
	at com.kms.katalon.core.main.ScriptEngine.runScriptAsRawText(ScriptEngine.java:119)
	at com.kms.katalon.core.main.TestCaseExecutor.runScript(TestCaseExecutor.java:369)
	at com.kms.katalon.core.main.TestCaseExecutor.doExecute(TestCaseExecutor.java:360)
	at com.kms.katalon.core.main.TestCaseExecutor.processExecutionPhase(TestCaseExecutor.java:339)
	at com.kms.katalon.core.main.TestCaseExecutor.accessMainPhase(TestCaseExecutor.java:331)
	at com.kms.katalon.core.main.TestCaseExecutor.execute(TestCaseExecutor.java:248)
	at com.kms.katalon.core.main.TestSuiteExecutor.accessTestCaseMainPhase(TestSuiteExecutor.java:191)
	at com.kms.katalon.core.main.TestSuiteExecutor.accessTestSuiteMainPhase(TestSuiteExecutor.java:140)
	at com.kms.katalon.core.main.TestSuiteExecutor.execute(TestSuiteExecutor.java:89)
	at com.kms.katalon.core.main.TestCaseMain.startTestSuite(TestCaseMain.java:181)
	at com.kms.katalon.core.main.TestCaseMain$startTestSuite$0.call(Unknown Source)
	at TempTestSuite1637674444414.run(TempTestSuite1637674444414.groovy:39)
)

2021-11-23 17:01:59 - [MESSAGE][INFO] - Finding Test Object 'Object Repository/Sayfalar/Giris_Sayfasi/PopupOK'

2021-11-23 17:01:59 - [MESSAGE][INFO] - Checking object

2021-11-23 17:01:59 - [MESSAGE][INFO] - Finding web element from Test Object's properties

2021-11-23 17:01:59 - [MESSAGE][INFO] - Checking timeout

2021-11-23 17:01:59 - [MESSAGE][INFO] - Finding web element with id: 'Object Repository/Sayfalar/Giris_Sayfasi/PopupOK' located by 'By.cssSelector: .btn.btn-success' in '5' second(s)

2021-11-23 17:01:59 - [MESSAGE][INFO] - Smart Wait Function is triggered

2021-11-23 17:02:00 - [MESSAGE][INFO] - Smart Wait Function is triggered

2021-11-23 17:02:00 - [MESSAGE][INFO] - Smart Wait Function is triggered

2021-11-23 17:02:01 - [MESSAGE][INFO] - Smart Wait Function is triggered

2021-11-23 17:02:01 - [MESSAGE][INFO] - Smart Wait Function is triggered

2021-11-23 17:02:01 - [MESSAGE][INFO] - Smart Wait Function is triggered

2021-11-23 17:02:01 - [MESSAGE][INFO] - Smart Wait Function is triggered

2021-11-23 17:02:02 - [MESSAGE][INFO] - Smart Wait Function is triggered

2021-11-23 17:02:02 - [MESSAGE][INFO] - Smart Wait Function is triggered

2021-11-23 17:02:02 - [MESSAGE][INFO] - Smart Wait Function is triggered

2021-11-23 17:02:02 - [MESSAGE][INFO] - Smart Wait Function is triggered

2021-11-23 17:02:03 - [MESSAGE][INFO] - Smart Wait Function is triggered

2021-11-23 17:02:03 - [MESSAGE][INFO] - Smart Wait Function is triggered

2021-11-23 17:02:03 - [MESSAGE][INFO] - Smart Wait Function is triggered

2021-11-23 17:02:03 - [MESSAGE][INFO] - Smart Wait Function is triggered

2021-11-23 17:02:04 - [MESSAGE][INFO] - Smart Wait Function is triggered

2021-11-23 17:02:04 - [MESSAGE][INFO] - Smart Wait Function is triggered

2021-11-23 17:02:04 - [MESSAGE][INFO] - Smart Wait Function is triggered

2021-11-23 17:02:05 - [MESSAGE][INFO] - Smart Wait Function is triggered

2021-11-23 17:02:05 - [MESSAGE][INFO] - Smart Wait Function is triggered

2021-11-23 17:02:05 - [MESSAGE][INFO] - Smart Wait Function is triggered

2021-11-23 17:02:05 - [MESSAGE][INFO] - Unable to find the element located by 'By.cssSelector: .btn.btn-success'. Please recheck the objects properties to make sure the desired element is located. 

2021-11-23 17:02:05 - [MESSAGE][WARNING] - com.kms.katalon.core.webui.exception.WebElementNotFoundException: Web element with id: 'Object Repository/Sayfalar/Giris_Sayfasi/PopupOK' located by '.btn.btn-success' not found (Root cause: com.kms.katalon.core.exception.StepFailedException: com.kms.katalon.core.webui.exception.WebElementNotFoundException: Web element with id: 'Object Repository/Sayfalar/Giris_Sayfasi/PopupOK' located by '.btn.btn-success' not found
	at com.kms.katalon.core.webui.keyword.internal.WebUIKeywordMain.stepFailed(WebUIKeywordMain.groovy:64)
	at com.kms.katalon.core.webui.keyword.builtin.VerifyElementPresentKeyword$_verifyElementPresent_closure1.doCall(VerifyElementPresentKeyword.groovy:85)
	at com.kms.katalon.core.webui.keyword.builtin.VerifyElementPresentKeyword$_verifyElementPresent_closure1.call(VerifyElementPresentKeyword.groovy)
	at com.kms.katalon.core.webui.keyword.internal.WebUIKeywordMain.runKeyword(WebUIKeywordMain.groovy:20)
	at com.kms.katalon.core.webui.keyword.builtin.VerifyElementPresentKeyword.verifyElementPresent(VerifyElementPresentKeyword.groovy:92)
	at com.kms.katalon.core.webui.keyword.builtin.VerifyElementPresentKeyword.execute(VerifyElementPresentKeyword.groovy:68)
	at com.kms.katalon.core.keyword.internal.KeywordExecutor.executeKeywordForPlatform(KeywordExecutor.groovy:73)
	at com.kms.katalon.core.webui.keyword.WebUiBuiltInKeywords.verifyElementPresent(WebUiBuiltInKeywords.groovy:1448)
	at com.kms.katalon.core.webui.keyword.WebUiBuiltInKeywords$verifyElementPresent$4.call(Unknown Source)
	at Login.run(Login:40)
	at com.kms.katalon.core.main.ScriptEngine.run(ScriptEngine.java:194)
	at com.kms.katalon.core.main.ScriptEngine.runScriptAsRawText(ScriptEngine.java:119)
	at com.kms.katalon.core.main.TestCaseExecutor.runScript(TestCaseExecutor.java:369)
	at com.kms.katalon.core.main.TestCaseExecutor.doExecute(TestCaseExecutor.java:360)
	at com.kms.katalon.core.main.TestCaseExecutor.processExecutionPhase(TestCaseExecutor.java:339)
	at com.kms.katalon.core.main.TestCaseExecutor.accessMainPhase(TestCaseExecutor.java:331)
	at com.kms.katalon.core.main.TestCaseExecutor.execute(TestCaseExecutor.java:248)
	at com.kms.katalon.core.main.TestCaseMain.runTestCase(TestCaseMain.java:138)
	at com.kms.katalon.core.keyword.builtin.CallTestCaseKeyword$_callTestCase_closure1.doCall(CallTestCaseKeyword.groovy:59)
	at com.kms.katalon.core.keyword.builtin.CallTestCaseKeyword$_callTestCase_closure1.call(CallTestCaseKeyword.groovy)
	at com.kms.katalon.core.keyword.internal.KeywordMain.runKeyword(KeywordMain.groovy:68)
	at com.kms.katalon.core.keyword.builtin.CallTestCaseKeyword.callTestCase(CallTestCaseKeyword.groovy:81)
	at com.kms.katalon.core.keyword.builtin.CallTestCaseKeyword.execute(CallTestCaseKeyword.groovy:44)
	at com.kms.katalon.core.keyword.internal.KeywordExecutor.executeKeywordForPlatform(KeywordExecutor.groovy:73)
	at com.kms.katalon.core.keyword.BuiltinKeywords.callTestCase(BuiltinKeywords.groovy:334)
	at sayfalar.girisSayfasi.login(girisSayfasi.groovy:50)
	at cucumber.runtime.Utils$1.call(Utils.java:26)
	at cucumber.runtime.Timeout.timeout(Timeout.java:16)
	at cucumber.runtime.Utils.invoke(Utils.java:20)
	at cucumber.runtime.java.JavaStepDefinition.execute(JavaStepDefinition.java:49)
	at cucumber.runner.PickleStepDefinitionMatch.runStep(PickleStepDefinitionMatch.java:50)
	at cucumber.runner.TestStep.executeStep(TestStep.java:63)
	at cucumber.runner.TestStep.run(TestStep.java:49)
	at cucumber.runner.PickleStepTestStep.run(PickleStepTestStep.java:43)
	at cucumber.runner.TestCase.run(TestCase.java:44)
	at cucumber.runner.Runner.runPickle(Runner.java:40)
	at cucumber.runtime.Runtime$1.run(Runtime.java:84)
	at cucumber.runtime.Runtime$SameThreadExecutorService.execute(Runtime.java:220)
	at cucumber.runtime.Runtime.run(Runtime.java:81)
	at cucumber.api.cli.Main.run(Main.java:26)
	at cucumber.api.cli.Main$run.call(Unknown Source)
	at com.kms.katalon.core.cucumber.keyword.CucumberBuiltinKeywords$_runFeatureFile_closure1.doCall(CucumberBuiltinKeywords.groovy:106)
	at com.kms.katalon.core.cucumber.keyword.CucumberBuiltinKeywords$_runFeatureFile_closure1.doCall(CucumberBuiltinKeywords.groovy)
	at com.kms.katalon.core.keyword.internal.KeywordMain.runKeyword(KeywordMain.groovy:68)
	at com.kms.katalon.core.keyword.internal.KeywordMain$runKeyword.call(Unknown Source)
	at com.kms.katalon.core.cucumber.keyword.CucumberBuiltinKeywords.runFeatureFile(CucumberBuiltinKeywords.groovy:73)
	at com.kms.katalon.core.cucumber.keyword.CucumberBuiltinKeywords$runFeatureFile$0.callStatic(Unknown Source)
	at com.kms.katalon.core.cucumber.keyword.CucumberBuiltinKeywords.runFeatureFile(CucumberBuiltinKeywords.groovy:246)
	at com.kms.katalon.core.cucumber.keyword.CucumberBuiltinKeywords$runFeatureFile.call(Unknown Source)
	at VKN-Kagit-Istisna.run(VKN-Kagit-Istisna:19)
	at com.kms.katalon.core.main.ScriptEngine.run(ScriptEngine.java:194)
	at com.kms.katalon.core.main.ScriptEngine.runScriptAsRawText(ScriptEngine.java:119)
	at com.kms.katalon.core.main.TestCaseExecutor.runScript(TestCaseExecutor.java:369)
	at com.kms.katalon.core.main.TestCaseExecutor.doExecute(TestCaseExecutor.java:360)
	at com.kms.katalon.core.main.TestCaseExecutor.processExecutionPhase(TestCaseExecutor.java:339)
	at com.kms.katalon.core.main.TestCaseExecutor.accessMainPhase(TestCaseExecutor.java:331)
	at com.kms.katalon.core.main.TestCaseExecutor.execute(TestCaseExecutor.java:248)
	at com.kms.katalon.core.main.TestSuiteExecutor.accessTestCaseMainPhase(TestSuiteExecutor.java:191)
	at com.kms.katalon.core.main.TestSuiteExecutor.accessTestSuiteMainPhase(TestSuiteExecutor.java:140)
	at com.kms.katalon.core.main.TestSuiteExecutor.execute(TestSuiteExecutor.java:89)
	at com.kms.katalon.core.main.TestCaseMain.startTestSuite(TestCaseMain.java:181)
	at com.kms.katalon.core.main.TestCaseMain$startTestSuite$0.call(Unknown Source)
	at TempTestSuite1637674444414.run(TempTestSuite1637674444414.groovy:39)
)

2021-11-23 17:02:05 - [TEST_STEP][PASSED] - verifyElementVisible(findTestObject("Object Repository/Kullanici_Islemleri/KullaniciIslemleri")): Object 'Object Repository/Kullanici_Islemleri/KullaniciIslemleri' is visible

2021-11-23 17:02:05 - [MESSAGE][INFO] - Finding Test Object 'Object Repository/Kullanici_Islemleri/KullaniciIslemleri'

2021-11-23 17:02:05 - [MESSAGE][INFO] - Checking object

2021-11-23 17:02:05 - [MESSAGE][INFO] - Finding web element from Test Object's properties

2021-11-23 17:02:05 - [MESSAGE][INFO] - Checking timeout

2021-11-23 17:02:05 - [MESSAGE][INFO] - Finding web element with id: 'Object Repository/Kullanici_Islemleri/KullaniciIslemleri' located by 'By.cssSelector: .dropdown>a>img' in '30' second(s)

2021-11-23 17:02:05 - [MESSAGE][INFO] - Smart Wait Function is triggered

2021-11-23 17:02:06 - [MESSAGE][INFO] - Found 1 web elements with id: 'Object Repository/Kullanici_Islemleri/KullaniciIslemleri' located by 'By.cssSelector: .dropdown>a>img' in '30' second(s)

2021-11-23 17:02:06 - [MESSAGE][PASSED] - Object 'Object Repository/Kullanici_Islemleri/KullaniciIslemleri' is visible

2021-11-23 17:02:06 - [MESSAGE][PASSED] - Call Test Case 'Test Cases/Sayfalar/Giris_Sayfasi/Login' successfully

2021-11-23 17:02:06 - [MESSAGE][INFO] - Checking called Test Case

2021-11-23 17:02:06 - [MESSAGE][INFO] - Starting to call Test Case 'Test Cases/Menu/AnaMenuSecimi'

2021-11-23 17:02:06 - [TEST_CASE][PASSED] - Test Cases/Menu/AnaMenuSecimi: Test Cases/Menu/AnaMenuSecimi

2021-11-23 17:02:06 - [TEST_STEP][PASSED] - Method.TextDegerineEsitElementeTikla(findTestObject("Menu/Ana_Menu"), Ana_Menu): Method.TextDegerineEsitElementeTikla is PASSED

2021-11-23 17:02:06 - [MESSAGE][INFO] - Finding Test Object 'Object Repository/Menu/Ana_Menu'

2021-11-23 17:02:06 - [MESSAGE][INFO] - Checking timeout

2021-11-23 17:02:06 - [MESSAGE][INFO] - Finding web element with id: 'Object Repository/Menu/Ana_Menu' located by 'By.xpath: //*[@class = 'dropdown-toggle']' in '10' second(s)

2021-11-23 17:02:06 - [MESSAGE][INFO] - Smart Wait Function is triggered

2021-11-23 17:02:06 - [MESSAGE][INFO] - Found 14 web elements with id: 'Object Repository/Menu/Ana_Menu' located by 'By.xpath: //*[@class = 'dropdown-toggle']' in '10' second(s)

2021-11-23 17:02:06 - [MESSAGE][PASSED] - Method.TextDegerineEsitElementeTikla is PASSED

2021-11-23 17:02:06 - [MESSAGE][PASSED] - Call Test Case 'Test Cases/Menu/AnaMenuSecimi' successfully

2021-11-23 17:02:06 - [MESSAGE][INFO] - Checking called Test Case

2021-11-23 17:02:06 - [MESSAGE][INFO] - Starting to call Test Case 'Test Cases/Menu/BasligaGoreAltMenuSecimi'

2021-11-23 17:02:06 - [TEST_CASE][PASSED] - Test Cases/Menu/BasligaGoreAltMenuSecimi: Test Cases/Menu/BasligaGoreAltMenuSecimi

2021-11-23 17:02:06 - [TEST_STEP][PASSED] - Method.TextDegerineEsitElementinAltindakiTextDegerineEsitOlanaTikla(findTestObject("Menu/Menu_Basligi"), findTestObject("Menu/Basliga_Gore_Alt_Menu"), Baslik, Alt_Menu): Method.TextDegerineEsitElementinAltindakiTextDegerineEsitOlanaTikla is PASSED

2021-11-23 17:02:06 - [MESSAGE][INFO] - Finding Test Object 'Object Repository/Menu/Menu_Basligi'

2021-11-23 17:02:06 - [MESSAGE][INFO] - Finding Test Object 'Object Repository/Menu/Basliga_Gore_Alt_Menu'

2021-11-23 17:02:06 - [MESSAGE][INFO] - Checking timeout

2021-11-23 17:02:06 - [MESSAGE][INFO] - Finding web element with id: 'Object Repository/Menu/Menu_Basligi' located by 'By.xpath: //li[@class='dropdown dropdown-large open']//li[@class='dropdown-header']' in '10' second(s)

2021-11-23 17:02:06 - [MESSAGE][INFO] - Smart Wait Function is triggered

2021-11-23 17:02:07 - [MESSAGE][INFO] - Found 2 web elements with id: 'Object Repository/Menu/Menu_Basligi' located by 'By.xpath: //li[@class='dropdown dropdown-large open']//li[@class='dropdown-header']' in '10' second(s)

2021-11-23 17:02:07 - [MESSAGE][INFO] - Smart Wait Function is triggered

2021-11-23 17:02:09 - [MESSAGE][PASSED] - Method.TextDegerineEsitElementinAltindakiTextDegerineEsitOlanaTikla is PASSED

2021-11-23 17:02:09 - [MESSAGE][PASSED] - Call Test Case 'Test Cases/Menu/BasligaGoreAltMenuSecimi' successfully

2021-11-23 17:02:09 - [MESSAGE][INFO] - Checking called Test Case

2021-11-23 17:02:09 - [MESSAGE][INFO] - Starting to call Test Case 'Test Cases/Tablo/Olusturma Tarihi'

2021-11-23 17:02:09 - [TEST_CASE][PASSED] - Test Cases/Tablo/Olusturma Tarihi: Test Cases/Tablo/Olusturma Tarihi

2021-11-23 17:02:09 - [TEST_STEP][PASSED] - if (verifyTextNotPresent("Görüntülenecek veri yok", true, OPTIONAL)): null

2021-11-23 17:02:09 - [MESSAGE][INFO] - Checking text present  using regular expression

2021-11-23 17:02:09 - [MESSAGE][INFO] - Smart Wait Function is triggered

2021-11-23 17:02:10 - [MESSAGE][INFO] - Finding text 'Görüntülenecek veri yok' on page  using regular expression

2021-11-23 17:02:10 - [MESSAGE][PASSED] - Text 'Görüntülenecek veri yok' is not present on page using regular expression

2021-11-23 17:02:10 - [TEST_STEP][PASSED] - click(findTestObject("Temizle/Olusturma_Tarihi_CheckBox")): Object: 'Object Repository/Temizle/Olusturma_Tarihi_CheckBox' is clicked on

2021-11-23 17:02:10 - [MESSAGE][INFO] - Finding Test Object 'Object Repository/Temizle/Olusturma_Tarihi_CheckBox'

2021-11-23 17:02:10 - [MESSAGE][INFO] - Checking object

2021-11-23 17:02:10 - [MESSAGE][INFO] - Finding web element from Test Object's properties

2021-11-23 17:02:10 - [MESSAGE][INFO] - Checking timeout

2021-11-23 17:02:10 - [MESSAGE][INFO] - Finding web element with id: 'Object Repository/Temizle/Olusturma_Tarihi_CheckBox' located by 'By.xpath: //*[@title = 'Bu sayfadaki tüm satırları Seç']' in '30' second(s)

2021-11-23 17:02:10 - [MESSAGE][INFO] - Smart Wait Function is triggered

2021-11-23 17:02:10 - [MESSAGE][INFO] - Found 1 web elements with id: 'Object Repository/Temizle/Olusturma_Tarihi_CheckBox' located by 'By.xpath: //*[@title = 'Bu sayfadaki tüm satırları Seç']' in '30' second(s)

2021-11-23 17:02:10 - [MESSAGE][INFO] - Clicking on object: 'Object Repository/Temizle/Olusturma_Tarihi_CheckBox'

2021-11-23 17:02:10 - [MESSAGE][PASSED] - Object: 'Object Repository/Temizle/Olusturma_Tarihi_CheckBox' is clicked on

2021-11-23 17:02:10 - [TEST_STEP][PASSED] - Method.TextDegerineEsitElementeTiklaEquals(findTestObject("Butonlar/Butonlar"), "Sil"): Method.TextDegerineEsitElementeTiklaEquals is PASSED

2021-11-23 17:02:10 - [MESSAGE][INFO] - Finding Test Object 'Object Repository/Butonlar/Butonlar'

2021-11-23 17:02:10 - [MESSAGE][INFO] - Checking timeout

2021-11-23 17:02:10 - [MESSAGE][INFO] - Finding web element with id: 'Object Repository/Butonlar/Butonlar' located by 'By.cssSelector: .panel.panel-default.text-center.footerPanel .btn,.btn.btn-primary.btnControls' in '10' second(s)

2021-11-23 17:02:10 - [MESSAGE][INFO] - Smart Wait Function is triggered

2021-11-23 17:02:11 - [MESSAGE][INFO] - Found 9 web elements with id: 'Object Repository/Butonlar/Butonlar' located by 'By.cssSelector: .panel.panel-default.text-center.footerPanel .btn,.btn.btn-primary.btnControls' in '10' second(s)

2021-11-23 17:02:11 - [MESSAGE][PASSED] - Method.TextDegerineEsitElementeTiklaEquals is PASSED

2021-11-23 17:02:11 - [TEST_STEP][PASSED] - Method.TextDegerineEsitElementeTikla(findTestObject("Popup/Popup_Butons"), "Evet"): Method.TextDegerineEsitElementeTikla is PASSED

2021-11-23 17:02:11 - [MESSAGE][INFO] - Finding Test Object 'Object Repository/Popup/Popup_Butons'

2021-11-23 17:02:11 - [MESSAGE][INFO] - Checking timeout

2021-11-23 17:02:11 - [MESSAGE][INFO] - Finding web element with id: 'Object Repository/Popup/Popup_Butons' located by 'By.cssSelector: .modal-footer>button' in '10' second(s)

2021-11-23 17:02:11 - [MESSAGE][INFO] - Smart Wait Function is triggered

2021-11-23 17:02:12 - [MESSAGE][INFO] - Found 2 web elements with id: 'Object Repository/Popup/Popup_Butons' located by 'By.cssSelector: .modal-footer>button' in '10' second(s)

2021-11-23 17:02:12 - [MESSAGE][PASSED] - Method.TextDegerineEsitElementeTikla is PASSED

2021-11-23 17:02:12 - [TEST_STEP][PASSED] - Method.TextDegerineEsitElementeTikla(findTestObject("Popup/Popup_Butons"), "Tamam"): Method.TextDegerineEsitElementeTikla is PASSED

2021-11-23 17:02:12 - [MESSAGE][INFO] - Finding Test Object 'Object Repository/Popup/Popup_Butons'

2021-11-23 17:02:12 - [MESSAGE][INFO] - Checking timeout

2021-11-23 17:02:12 - [MESSAGE][INFO] - Finding web element with id: 'Object Repository/Popup/Popup_Butons' located by 'By.cssSelector: .modal-footer>button' in '10' second(s)

2021-11-23 17:02:12 - [MESSAGE][INFO] - Smart Wait Function is triggered

2021-11-23 17:02:13 - [MESSAGE][INFO] - Found 1 web elements with id: 'Object Repository/Popup/Popup_Butons' located by 'By.cssSelector: .modal-footer>button' in '10' second(s)

2021-11-23 17:02:13 - [MESSAGE][PASSED] - Method.TextDegerineEsitElementeTikla is PASSED

2021-11-23 17:02:13 - [MESSAGE][PASSED] - Call Test Case 'Test Cases/Tablo/Olusturma Tarihi' successfully

2021-11-23 17:02:13 - [MESSAGE][INFO] - Checking called Test Case

2021-11-23 17:02:13 - [MESSAGE][INFO] - Starting to call Test Case 'Test Cases/Butonlar/ButonaTikla'

2021-11-23 17:02:13 - [TEST_CASE][PASSED] - Test Cases/Butonlar/ButonaTikla: Test Cases/Butonlar/ButonaTikla

2021-11-23 17:02:13 - [TEST_STEP][PASSED] - Method.TextDegerineEsitElementeTiklaEquals(findTestObject("Butonlar/Butonlar"), Buton_Adi): Method.TextDegerineEsitElementeTiklaEquals is PASSED

2021-11-23 17:02:13 - [MESSAGE][INFO] - Finding Test Object 'Object Repository/Butonlar/Butonlar'

2021-11-23 17:02:13 - [MESSAGE][INFO] - Checking timeout

2021-11-23 17:02:13 - [MESSAGE][INFO] - Finding web element with id: 'Object Repository/Butonlar/Butonlar' located by 'By.cssSelector: .panel.panel-default.text-center.footerPanel .btn,.btn.btn-primary.btnControls' in '10' second(s)

2021-11-23 17:02:13 - [MESSAGE][INFO] - Smart Wait Function is triggered

2021-11-23 17:02:14 - [MESSAGE][INFO] - Found 9 web elements with id: 'Object Repository/Butonlar/Butonlar' located by 'By.cssSelector: .panel.panel-default.text-center.footerPanel .btn,.btn.btn-primary.btnControls' in '10' second(s)

2021-11-23 17:02:14 - [MESSAGE][PASSED] - Method.TextDegerineEsitElementeTiklaEquals is PASSED

2021-11-23 17:02:14 - [MESSAGE][PASSED] - Call Test Case 'Test Cases/Butonlar/ButonaTikla' successfully

2021-11-23 17:02:14 - [MESSAGE][INFO] - Checking called Test Case

2021-11-23 17:02:14 - [MESSAGE][INFO] - Starting to call Test Case 'Test Cases/Olusturma/Genel/GorselTasarimSayfasıBasligiIceriyorMu'

2021-11-23 17:02:14 - [TEST_CASE][PASSED] - Test Cases/Olusturma/Genel/GorselTasarimSayfasıBasligiIceriyorMu: Test Cases/Olusturma/Genel/GorselTasarimSayfasıBasligiIceriyorMu

2021-11-23 17:02:14 - [TEST_STEP][PASSED] - verifyElementText(findTestObject("Object Repository/Olusturma/Genel/GorselTasarimBaslik"), Baslik): Actual text and expected text of test object 'Object Repository/Olusturma/Genel/GorselTasarimBaslik' are matched.

2021-11-23 17:02:14 - [MESSAGE][INFO] - Finding Test Object 'Object Repository/Olusturma/Genel/GorselTasarimBaslik'

2021-11-23 17:02:14 - [MESSAGE][INFO] - Checking object

2021-11-23 17:02:14 - [MESSAGE][INFO] - Finding web element from Test Object's properties

2021-11-23 17:02:14 - [MESSAGE][INFO] - Checking timeout

2021-11-23 17:02:14 - [MESSAGE][INFO] - Finding web element with id: 'Object Repository/Olusturma/Genel/GorselTasarimBaslik' located by 'By.cssSelector: #flAlici_0>div>span' in '30' second(s)

2021-11-23 17:02:14 - [MESSAGE][INFO] - Smart Wait Function is triggered

2021-11-23 17:02:20 - [MESSAGE][INFO] - Found 1 web elements with id: 'Object Repository/Olusturma/Genel/GorselTasarimBaslik' located by 'By.cssSelector: #flAlici_0>div>span' in '30' second(s)

2021-11-23 17:02:20 - [MESSAGE][PASSED] - Actual text and expected text of test object 'Object Repository/Olusturma/Genel/GorselTasarimBaslik' are matched.

2021-11-23 17:02:20 - [MESSAGE][PASSED] - Call Test Case 'Test Cases/Olusturma/Genel/GorselTasarimSayfasıBasligiIceriyorMu' successfully

2021-11-23 17:02:20 - [MESSAGE][INFO] - Checking called Test Case

2021-11-23 17:02:20 - [MESSAGE][INFO] - Starting to call Test Case 'Test Cases/Olusturma/Genel/AliciSecilir'

2021-11-23 17:02:21 - [TEST_CASE][PASSED] - Test Cases/Olusturma/Genel/AliciSecilir: Test Cases/Olusturma/Genel/AliciSecilir

2021-11-23 17:02:21 - [TEST_STEP][PASSED] - click(findTestObject("Olusturma/Genel/AliciBilgisi/Alici_Ara")): Object: 'Object Repository/Olusturma/Genel/AliciBilgisi/Alici_Ara' is clicked on

2021-11-23 17:02:21 - [MESSAGE][INFO] - Finding Test Object 'Object Repository/Olusturma/Genel/AliciBilgisi/Alici_Ara'

2021-11-23 17:02:21 - [MESSAGE][INFO] - Checking object

2021-11-23 17:02:21 - [MESSAGE][INFO] - Finding web element from Test Object's properties

2021-11-23 17:02:21 - [MESSAGE][INFO] - Checking timeout

2021-11-23 17:02:21 - [MESSAGE][INFO] - Finding web element with id: 'Object Repository/Olusturma/Genel/AliciBilgisi/Alici_Ara' located by 'By.xpath: //td[@id='txtCustomerText_B-1']' in '30' second(s)

2021-11-23 17:02:21 - [MESSAGE][INFO] - Smart Wait Function is triggered

2021-11-23 17:02:21 - [MESSAGE][INFO] - Found 1 web elements with id: 'Object Repository/Olusturma/Genel/AliciBilgisi/Alici_Ara' located by 'By.xpath: //td[@id='txtCustomerText_B-1']' in '30' second(s)

2021-11-23 17:02:21 - [MESSAGE][INFO] - Clicking on object: 'Object Repository/Olusturma/Genel/AliciBilgisi/Alici_Ara'

2021-11-23 17:02:21 - [MESSAGE][PASSED] - Object: 'Object Repository/Olusturma/Genel/AliciBilgisi/Alici_Ara' is clicked on

2021-11-23 17:02:21 - [TEST_STEP][PASSED] - click(findTestObject("Olusturma/Genel/AliciBilgisi/Alici_Bilgisi")): Object: 'Object Repository/Olusturma/Genel/AliciBilgisi/Alici_Bilgisi' is clicked on

2021-11-23 17:02:21 - [MESSAGE][INFO] - Finding Test Object 'Object Repository/Olusturma/Genel/AliciBilgisi/Alici_Bilgisi'

2021-11-23 17:02:21 - [MESSAGE][INFO] - Checking object

2021-11-23 17:02:21 - [MESSAGE][INFO] - Finding web element from Test Object's properties

2021-11-23 17:02:21 - [MESSAGE][INFO] - Checking timeout

2021-11-23 17:02:21 - [MESSAGE][INFO] - Finding web element with id: 'Object Repository/Olusturma/Genel/AliciBilgisi/Alici_Bilgisi' located by 'By.xpath: //iframe[@id='customerselectiframe']' in '30' second(s)

2021-11-23 17:02:21 - [MESSAGE][INFO] - Smart Wait Function is triggered

2021-11-23 17:02:22 - [MESSAGE][INFO] - Found 1 web elements with id: 'Object Repository/Olusturma/Genel/AliciBilgisi/Alici_Bilgisi' located by 'By.xpath: //iframe[@id='customerselectiframe']' in '30' second(s)

2021-11-23 17:02:22 - [MESSAGE][INFO] - Clicking on object: 'Object Repository/Olusturma/Genel/AliciBilgisi/Alici_Bilgisi'

2021-11-23 17:02:22 - [MESSAGE][PASSED] - Object: 'Object Repository/Olusturma/Genel/AliciBilgisi/Alici_Bilgisi' is clicked on

2021-11-23 17:02:22 - [TEST_STEP][PASSED] - setText(findTestObject("Olusturma/Genel/AliciBilgisi/Alici_Gir"), Alici_Adi): Switching to default content

2021-11-23 17:02:22 - [MESSAGE][INFO] - Finding Test Object 'Object Repository/Olusturma/Genel/AliciBilgisi/Alici_Gir'

2021-11-23 17:02:22 - [MESSAGE][INFO] - Finding Test Object 'Object Repository/Olusturma/Genel/AliciBilgisi/Alici_Bilgisi'

2021-11-23 17:02:22 - [MESSAGE][INFO] - Checking object

2021-11-23 17:02:22 - [MESSAGE][INFO] - Checking text

2021-11-23 17:02:22 - [MESSAGE][INFO] - Object: 'Object Repository/Olusturma/Genel/AliciBilgisi/Alici_Gir' has parent object(s)

2021-11-23 17:02:22 - [MESSAGE][INFO] - Switching to iframe: 'Object Repository/Olusturma/Genel/AliciBilgisi/Alici_Bilgisi'

2021-11-23 17:02:22 - [MESSAGE][INFO] - Finding web element from Test Object's properties

2021-11-23 17:02:22 - [MESSAGE][INFO] - Checking timeout

2021-11-23 17:02:22 - [MESSAGE][INFO] - Finding web element with id: 'Object Repository/Olusturma/Genel/AliciBilgisi/Alici_Bilgisi' located by 'By.xpath: //iframe[@id='customerselectiframe']' in '30' second(s)

2021-11-23 17:02:22 - [MESSAGE][INFO] - Smart Wait Function is triggered

2021-11-23 17:02:22 - [MESSAGE][INFO] - Found 1 web elements with id: 'Object Repository/Olusturma/Genel/AliciBilgisi/Alici_Bilgisi' located by 'By.xpath: //iframe[@id='customerselectiframe']' in '30' second(s)

2021-11-23 17:02:22 - [MESSAGE][INFO] - Switched to iframe: 'Object Repository/Olusturma/Genel/AliciBilgisi/Alici_Bilgisi'

2021-11-23 17:02:22 - [MESSAGE][INFO] - Finding web element from Test Object's properties

2021-11-23 17:02:22 - [MESSAGE][INFO] - Checking timeout

2021-11-23 17:02:22 - [MESSAGE][INFO] - Finding web element with id: 'Object Repository/Olusturma/Genel/AliciBilgisi/Alici_Gir' located by 'By.xpath: //input[@id='GridViewCustomer_DXFREditorcol1_I']' in '30' second(s)

2021-11-23 17:02:22 - [MESSAGE][INFO] - Smart Wait Function is triggered

2021-11-23 17:02:22 - [MESSAGE][INFO] - Found 1 web elements with id: 'Object Repository/Olusturma/Genel/AliciBilgisi/Alici_Gir' located by 'By.xpath: //input[@id='GridViewCustomer_DXFREditorcol1_I']' in '30' second(s)

2021-11-23 17:02:22 - [MESSAGE][INFO] - Clearing text of object 'Object Repository/Olusturma/Genel/AliciBilgisi/Alici_Gir'

2021-11-23 17:02:22 - [MESSAGE][INFO] - Finding web element from Test Object's properties

2021-11-23 17:02:22 - [MESSAGE][INFO] - Checking timeout

2021-11-23 17:02:22 - [MESSAGE][INFO] - Finding web element with id: 'Object Repository/Olusturma/Genel/AliciBilgisi/Alici_Gir' located by 'By.xpath: //input[@id='GridViewCustomer_DXFREditorcol1_I']' in '30' second(s)

2021-11-23 17:02:22 - [MESSAGE][INFO] - Smart Wait Function is triggered

2021-11-23 17:02:22 - [MESSAGE][INFO] - Found 1 web elements with id: 'Object Repository/Olusturma/Genel/AliciBilgisi/Alici_Gir' located by 'By.xpath: //input[@id='GridViewCustomer_DXFREditorcol1_I']' in '30' second(s)

2021-11-23 17:02:22 - [MESSAGE][INFO] - Setting text of object 'Object Repository/Olusturma/Genel/AliciBilgisi/Alici_Gir' to value 'UC0013'

2021-11-23 17:02:22 - [MESSAGE][PASSED] - Text 'UC0013' is set on object 'Object Repository/Olusturma/Genel/AliciBilgisi/Alici_Gir'

2021-11-23 17:02:22 - [MESSAGE][INFO] - Switching to default content

2021-11-23 17:02:22 - [TEST_STEP][PASSED] - waitForElementClickable(findTestObject("Olusturma/Genel/AliciBilgisi/Alici_Adi"), 10): Switching to default content

2021-11-23 17:02:22 - [MESSAGE][INFO] - Finding Test Object 'Object Repository/Olusturma/Genel/AliciBilgisi/Alici_Adi'

2021-11-23 17:02:22 - [MESSAGE][INFO] - Finding Test Object 'Object Repository/Olusturma/Genel/AliciBilgisi/iframe_Alc Bilgisi_customerselectiframe'

2021-11-23 17:02:22 - [MESSAGE][INFO] - Checking object

2021-11-23 17:02:22 - [MESSAGE][INFO] - Checking timeout

2021-11-23 17:02:22 - [MESSAGE][INFO] - Object: 'Object Repository/Olusturma/Genel/AliciBilgisi/Alici_Adi' has parent object(s)

2021-11-23 17:02:22 - [MESSAGE][INFO] - Switching to iframe: 'Object Repository/Olusturma/Genel/AliciBilgisi/iframe_Alc Bilgisi_customerselectiframe'

2021-11-23 17:02:22 - [MESSAGE][INFO] - Finding web element from Test Object's properties

2021-11-23 17:02:22 - [MESSAGE][INFO] - Checking timeout

2021-11-23 17:02:22 - [MESSAGE][INFO] - Finding web element with id: 'Object Repository/Olusturma/Genel/AliciBilgisi/iframe_Alc Bilgisi_customerselectiframe' located by 'By.xpath: //iframe[@id='customerselectiframe']' in '10' second(s)

2021-11-23 17:02:22 - [MESSAGE][INFO] - Smart Wait Function is triggered

2021-11-23 17:02:23 - [MESSAGE][INFO] - Found 1 web elements with id: 'Object Repository/Olusturma/Genel/AliciBilgisi/iframe_Alc Bilgisi_customerselectiframe' located by 'By.xpath: //iframe[@id='customerselectiframe']' in '10' second(s)

2021-11-23 17:02:23 - [MESSAGE][INFO] - Switched to iframe: 'Object Repository/Olusturma/Genel/AliciBilgisi/iframe_Alc Bilgisi_customerselectiframe'

2021-11-23 17:02:23 - [MESSAGE][INFO] - Finding web element from Test Object's properties

2021-11-23 17:02:23 - [MESSAGE][INFO] - Checking timeout

2021-11-23 17:02:23 - [MESSAGE][INFO] - Finding web element with id: 'Object Repository/Olusturma/Genel/AliciBilgisi/Alici_Adi' located by 'By.xpath: //tr[@id='GridViewCustomer_DXDataRow0']/td[2]' in '10' second(s)

2021-11-23 17:02:23 - [MESSAGE][INFO] - Smart Wait Function is triggered

2021-11-23 17:02:23 - [MESSAGE][INFO] - Found 1 web elements with id: 'Object Repository/Olusturma/Genel/AliciBilgisi/Alici_Adi' located by 'By.xpath: //tr[@id='GridViewCustomer_DXDataRow0']/td[2]' in '10' second(s)

2021-11-23 17:02:23 - [MESSAGE][PASSED] - Object 'Object Repository/Olusturma/Genel/AliciBilgisi/Alici_Adi' is clickable

2021-11-23 17:02:23 - [MESSAGE][INFO] - Switching to default content

2021-11-23 17:02:23 - [TEST_STEP][PASSED] - click(findTestObject("Olusturma/Genel/AliciBilgisi/frame")): Switching to default content

2021-11-23 17:02:23 - [MESSAGE][INFO] - Finding Test Object 'Object Repository/Olusturma/Genel/AliciBilgisi/frame'

2021-11-23 17:02:23 - [MESSAGE][INFO] - Finding Test Object 'Object Repository/Olusturma/Genel/AliciBilgisi/iframe_Alc Bilgisi_customerselectiframe'

2021-11-23 17:02:23 - [MESSAGE][INFO] - Checking object

2021-11-23 17:02:23 - [MESSAGE][INFO] - Object: 'Object Repository/Olusturma/Genel/AliciBilgisi/frame' has parent object(s)

2021-11-23 17:02:23 - [MESSAGE][INFO] - Switching to iframe: 'Object Repository/Olusturma/Genel/AliciBilgisi/iframe_Alc Bilgisi_customerselectiframe'

2021-11-23 17:02:23 - [MESSAGE][INFO] - Finding web element from Test Object's properties

2021-11-23 17:02:23 - [MESSAGE][INFO] - Checking timeout

2021-11-23 17:02:23 - [MESSAGE][INFO] - Finding web element with id: 'Object Repository/Olusturma/Genel/AliciBilgisi/iframe_Alc Bilgisi_customerselectiframe' located by 'By.xpath: //iframe[@id='customerselectiframe']' in '30' second(s)

2021-11-23 17:02:23 - [MESSAGE][INFO] - Smart Wait Function is triggered

2021-11-23 17:02:23 - [MESSAGE][INFO] - Found 1 web elements with id: 'Object Repository/Olusturma/Genel/AliciBilgisi/iframe_Alc Bilgisi_customerselectiframe' located by 'By.xpath: //iframe[@id='customerselectiframe']' in '30' second(s)

2021-11-23 17:02:23 - [MESSAGE][INFO] - Switched to iframe: 'Object Repository/Olusturma/Genel/AliciBilgisi/iframe_Alc Bilgisi_customerselectiframe'

2021-11-23 17:02:23 - [MESSAGE][INFO] - Finding web element from Test Object's properties

2021-11-23 17:02:23 - [MESSAGE][INFO] - Checking timeout

2021-11-23 17:02:23 - [MESSAGE][INFO] - Finding web element with id: 'Object Repository/Olusturma/Genel/AliciBilgisi/frame' located by 'By.xpath: //*/text()[normalize-space(.)='']/parent::*' in '30' second(s)

2021-11-23 17:02:23 - [MESSAGE][INFO] - Smart Wait Function is triggered

2021-11-23 17:02:23 - [MESSAGE][INFO] - Found 66 web elements with id: 'Object Repository/Olusturma/Genel/AliciBilgisi/frame' located by 'By.xpath: //*/text()[normalize-space(.)='']/parent::*' in '30' second(s)

2021-11-23 17:02:23 - [MESSAGE][INFO] - Clicking on object: 'Object Repository/Olusturma/Genel/AliciBilgisi/frame'

2021-11-23 17:02:23 - [MESSAGE][PASSED] - Object: 'Object Repository/Olusturma/Genel/AliciBilgisi/frame' is clicked on

2021-11-23 17:02:23 - [MESSAGE][INFO] - Switching to default content

2021-11-23 17:02:23 - [TEST_STEP][PASSED] - click(findTestObject("Olusturma/Genel/AliciBilgisi/Alici_Adi")): Switching to default content

2021-11-23 17:02:23 - [MESSAGE][INFO] - Finding Test Object 'Object Repository/Olusturma/Genel/AliciBilgisi/Alici_Adi'

2021-11-23 17:02:23 - [MESSAGE][INFO] - Finding Test Object 'Object Repository/Olusturma/Genel/AliciBilgisi/iframe_Alc Bilgisi_customerselectiframe'

2021-11-23 17:02:24 - [MESSAGE][INFO] - Checking object

2021-11-23 17:02:24 - [MESSAGE][INFO] - Object: 'Object Repository/Olusturma/Genel/AliciBilgisi/Alici_Adi' has parent object(s)

2021-11-23 17:02:24 - [MESSAGE][INFO] - Switching to iframe: 'Object Repository/Olusturma/Genel/AliciBilgisi/iframe_Alc Bilgisi_customerselectiframe'

2021-11-23 17:02:24 - [MESSAGE][INFO] - Finding web element from Test Object's properties

2021-11-23 17:02:24 - [MESSAGE][INFO] - Checking timeout

2021-11-23 17:02:24 - [MESSAGE][INFO] - Finding web element with id: 'Object Repository/Olusturma/Genel/AliciBilgisi/iframe_Alc Bilgisi_customerselectiframe' located by 'By.xpath: //iframe[@id='customerselectiframe']' in '30' second(s)

2021-11-23 17:02:24 - [MESSAGE][INFO] - Smart Wait Function is triggered

2021-11-23 17:02:24 - [MESSAGE][INFO] - Found 1 web elements with id: 'Object Repository/Olusturma/Genel/AliciBilgisi/iframe_Alc Bilgisi_customerselectiframe' located by 'By.xpath: //iframe[@id='customerselectiframe']' in '30' second(s)

2021-11-23 17:02:24 - [MESSAGE][INFO] - Switched to iframe: 'Object Repository/Olusturma/Genel/AliciBilgisi/iframe_Alc Bilgisi_customerselectiframe'

2021-11-23 17:02:24 - [MESSAGE][INFO] - Finding web element from Test Object's properties

2021-11-23 17:02:24 - [MESSAGE][INFO] - Checking timeout

2021-11-23 17:02:24 - [MESSAGE][INFO] - Finding web element with id: 'Object Repository/Olusturma/Genel/AliciBilgisi/Alici_Adi' located by 'By.xpath: //tr[@id='GridViewCustomer_DXDataRow0']/td[2]' in '30' second(s)

2021-11-23 17:02:24 - [MESSAGE][INFO] - Smart Wait Function is triggered

2021-11-23 17:02:24 - [MESSAGE][INFO] - Found 1 web elements with id: 'Object Repository/Olusturma/Genel/AliciBilgisi/Alici_Adi' located by 'By.xpath: //tr[@id='GridViewCustomer_DXDataRow0']/td[2]' in '30' second(s)

2021-11-23 17:02:24 - [MESSAGE][INFO] - Clicking on object: 'Object Repository/Olusturma/Genel/AliciBilgisi/Alici_Adi'

2021-11-23 17:02:24 - [MESSAGE][PASSED] - Object: 'Object Repository/Olusturma/Genel/AliciBilgisi/Alici_Adi' is clicked on

2021-11-23 17:02:24 - [MESSAGE][INFO] - Switching to default content

2021-11-23 17:02:24 - [TEST_STEP][PASSED] - click(findTestObject("Olusturma/Genel/AliciBilgisi/Tamam_Bosluk")): Switching to default content

2021-11-23 17:02:24 - [MESSAGE][INFO] - Finding Test Object 'Object Repository/Olusturma/Genel/AliciBilgisi/Tamam_Bosluk'

2021-11-23 17:02:24 - [MESSAGE][INFO] - Finding Test Object 'Object Repository/Olusturma/Genel/AliciBilgisi/Alici_Bilgisi'

2021-11-23 17:02:24 - [MESSAGE][INFO] - Checking object

2021-11-23 17:02:24 - [MESSAGE][INFO] - Object: 'Object Repository/Olusturma/Genel/AliciBilgisi/Tamam_Bosluk' has parent object(s)

2021-11-23 17:02:24 - [MESSAGE][INFO] - Switching to iframe: 'Object Repository/Olusturma/Genel/AliciBilgisi/Alici_Bilgisi'

2021-11-23 17:02:24 - [MESSAGE][INFO] - Finding web element from Test Object's properties

2021-11-23 17:02:24 - [MESSAGE][INFO] - Checking timeout

2021-11-23 17:02:24 - [MESSAGE][INFO] - Finding web element with id: 'Object Repository/Olusturma/Genel/AliciBilgisi/Alici_Bilgisi' located by 'By.xpath: //iframe[@id='customerselectiframe']' in '30' second(s)

2021-11-23 17:02:24 - [MESSAGE][INFO] - Smart Wait Function is triggered

2021-11-23 17:02:25 - [MESSAGE][INFO] - Found 1 web elements with id: 'Object Repository/Olusturma/Genel/AliciBilgisi/Alici_Bilgisi' located by 'By.xpath: //iframe[@id='customerselectiframe']' in '30' second(s)

2021-11-23 17:02:25 - [MESSAGE][INFO] - Switched to iframe: 'Object Repository/Olusturma/Genel/AliciBilgisi/Alici_Bilgisi'

2021-11-23 17:02:25 - [MESSAGE][INFO] - Finding web element from Test Object's properties

2021-11-23 17:02:25 - [MESSAGE][INFO] - Checking timeout

2021-11-23 17:02:25 - [MESSAGE][INFO] - Finding web element with id: 'Object Repository/Olusturma/Genel/AliciBilgisi/Tamam_Bosluk' located by 'By.xpath: (.//*[normalize-space(text()) and normalize-space(.)='Sayfa Boyutu:'])[1]/following::div[7]' in '30' second(s)

2021-11-23 17:02:25 - [MESSAGE][INFO] - Smart Wait Function is triggered

2021-11-23 17:02:25 - [MESSAGE][INFO] - Found 1 web elements with id: 'Object Repository/Olusturma/Genel/AliciBilgisi/Tamam_Bosluk' located by 'By.xpath: (.//*[normalize-space(text()) and normalize-space(.)='Sayfa Boyutu:'])[1]/following::div[7]' in '30' second(s)

2021-11-23 17:02:25 - [MESSAGE][INFO] - Clicking on object: 'Object Repository/Olusturma/Genel/AliciBilgisi/Tamam_Bosluk'

2021-11-23 17:02:25 - [MESSAGE][PASSED] - Object: 'Object Repository/Olusturma/Genel/AliciBilgisi/Tamam_Bosluk' is clicked on

2021-11-23 17:02:25 - [MESSAGE][INFO] - Switching to default content

2021-11-23 17:02:25 - [TEST_STEP][PASSED] - waitForElementClickable(findTestObject("Olusturma/Genel/AliciBilgisi/Tamam_Butonu"), 10): Switching to default content

2021-11-23 17:02:25 - [MESSAGE][INFO] - Finding Test Object 'Object Repository/Olusturma/Genel/AliciBilgisi/Tamam_Butonu'

2021-11-23 17:02:25 - [MESSAGE][INFO] - Finding Test Object 'Object Repository/Olusturma/Genel/AliciBilgisi/Alici_Bilgisi'

2021-11-23 17:02:25 - [MESSAGE][INFO] - Checking object

2021-11-23 17:02:25 - [MESSAGE][INFO] - Checking timeout

2021-11-23 17:02:25 - [MESSAGE][INFO] - Object: 'Object Repository/Olusturma/Genel/AliciBilgisi/Tamam_Butonu' has parent object(s)

2021-11-23 17:02:25 - [MESSAGE][INFO] - Switching to iframe: 'Object Repository/Olusturma/Genel/AliciBilgisi/Alici_Bilgisi'

2021-11-23 17:02:25 - [MESSAGE][INFO] - Finding web element from Test Object's properties

2021-11-23 17:02:25 - [MESSAGE][INFO] - Checking timeout

2021-11-23 17:02:25 - [MESSAGE][INFO] - Finding web element with id: 'Object Repository/Olusturma/Genel/AliciBilgisi/Alici_Bilgisi' located by 'By.xpath: //iframe[@id='customerselectiframe']' in '10' second(s)

2021-11-23 17:02:25 - [MESSAGE][INFO] - Smart Wait Function is triggered

2021-11-23 17:02:25 - [MESSAGE][INFO] - Found 1 web elements with id: 'Object Repository/Olusturma/Genel/AliciBilgisi/Alici_Bilgisi' located by 'By.xpath: //iframe[@id='customerselectiframe']' in '10' second(s)

2021-11-23 17:02:25 - [MESSAGE][INFO] - Switched to iframe: 'Object Repository/Olusturma/Genel/AliciBilgisi/Alici_Bilgisi'

2021-11-23 17:02:25 - [MESSAGE][INFO] - Finding web element from Test Object's properties

2021-11-23 17:02:25 - [MESSAGE][INFO] - Checking timeout

2021-11-23 17:02:25 - [MESSAGE][INFO] - Finding web element with id: 'Object Repository/Olusturma/Genel/AliciBilgisi/Tamam_Butonu' located by 'By.xpath: //div[@id='btnSelectCustomer_CD']/span' in '10' second(s)

2021-11-23 17:02:25 - [MESSAGE][INFO] - Smart Wait Function is triggered

2021-11-23 17:02:25 - [MESSAGE][INFO] - Found 1 web elements with id: 'Object Repository/Olusturma/Genel/AliciBilgisi/Tamam_Butonu' located by 'By.xpath: //div[@id='btnSelectCustomer_CD']/span' in '10' second(s)

2021-11-23 17:02:25 - [MESSAGE][PASSED] - Object 'Object Repository/Olusturma/Genel/AliciBilgisi/Tamam_Butonu' is clickable

2021-11-23 17:02:25 - [MESSAGE][INFO] - Switching to default content

2021-11-23 17:02:25 - [TEST_STEP][PASSED] - click(findTestObject("Olusturma/Genel/AliciBilgisi/Tamam_Butonu")): Switching to default content

2021-11-23 17:02:25 - [MESSAGE][INFO] - Finding Test Object 'Object Repository/Olusturma/Genel/AliciBilgisi/Tamam_Butonu'

2021-11-23 17:02:26 - [MESSAGE][INFO] - Finding Test Object 'Object Repository/Olusturma/Genel/AliciBilgisi/Alici_Bilgisi'

2021-11-23 17:02:26 - [MESSAGE][INFO] - Checking object

2021-11-23 17:02:26 - [MESSAGE][INFO] - Object: 'Object Repository/Olusturma/Genel/AliciBilgisi/Tamam_Butonu' has parent object(s)

2021-11-23 17:02:26 - [MESSAGE][INFO] - Switching to iframe: 'Object Repository/Olusturma/Genel/AliciBilgisi/Alici_Bilgisi'

2021-11-23 17:02:26 - [MESSAGE][INFO] - Finding web element from Test Object's properties

2021-11-23 17:02:26 - [MESSAGE][INFO] - Checking timeout

2021-11-23 17:02:26 - [MESSAGE][INFO] - Finding web element with id: 'Object Repository/Olusturma/Genel/AliciBilgisi/Alici_Bilgisi' located by 'By.xpath: //iframe[@id='customerselectiframe']' in '30' second(s)

2021-11-23 17:02:26 - [MESSAGE][INFO] - Smart Wait Function is triggered

2021-11-23 17:02:26 - [MESSAGE][INFO] - Found 1 web elements with id: 'Object Repository/Olusturma/Genel/AliciBilgisi/Alici_Bilgisi' located by 'By.xpath: //iframe[@id='customerselectiframe']' in '30' second(s)

2021-11-23 17:02:26 - [MESSAGE][INFO] - Switched to iframe: 'Object Repository/Olusturma/Genel/AliciBilgisi/Alici_Bilgisi'

2021-11-23 17:02:26 - [MESSAGE][INFO] - Finding web element from Test Object's properties

2021-11-23 17:02:26 - [MESSAGE][INFO] - Checking timeout

2021-11-23 17:02:26 - [MESSAGE][INFO] - Finding web element with id: 'Object Repository/Olusturma/Genel/AliciBilgisi/Tamam_Butonu' located by 'By.xpath: //div[@id='btnSelectCustomer_CD']/span' in '30' second(s)

2021-11-23 17:02:26 - [MESSAGE][INFO] - Smart Wait Function is triggered

2021-11-23 17:02:26 - [MESSAGE][INFO] - Found 1 web elements with id: 'Object Repository/Olusturma/Genel/AliciBilgisi/Tamam_Butonu' located by 'By.xpath: //div[@id='btnSelectCustomer_CD']/span' in '30' second(s)

2021-11-23 17:02:26 - [MESSAGE][INFO] - Clicking on object: 'Object Repository/Olusturma/Genel/AliciBilgisi/Tamam_Butonu'

2021-11-23 17:02:26 - [MESSAGE][PASSED] - Object: 'Object Repository/Olusturma/Genel/AliciBilgisi/Tamam_Butonu' is clicked on

2021-11-23 17:02:26 - [MESSAGE][INFO] - Switching to default content

2021-11-23 17:02:26 - [TEST_STEP][PASSED] - waitForElementPresent(findTestObject("Olusturma/Genel/AliciBilgisi/VKN-TCKN"), 10): Object 'Object Repository/Olusturma/Genel/AliciBilgisi/VKN-TCKN' is present

2021-11-23 17:02:26 - [MESSAGE][INFO] - Finding Test Object 'Object Repository/Olusturma/Genel/AliciBilgisi/VKN-TCKN'

2021-11-23 17:02:26 - [MESSAGE][INFO] - Checking object

2021-11-23 17:02:26 - [MESSAGE][INFO] - Finding web element from Test Object's properties

2021-11-23 17:02:26 - [MESSAGE][INFO] - Checking timeout

2021-11-23 17:02:26 - [MESSAGE][INFO] - Finding web element with id: 'Object Repository/Olusturma/Genel/AliciBilgisi/VKN-TCKN' located by 'By.xpath: //*[@id = 'txtVknTckn_I']' in '10' second(s)

2021-11-23 17:02:26 - [MESSAGE][INFO] - Smart Wait Function is triggered

2021-11-23 17:02:27 - [MESSAGE][INFO] - Found 1 web elements with id: 'Object Repository/Olusturma/Genel/AliciBilgisi/VKN-TCKN' located by 'By.xpath: //*[@id = 'txtVknTckn_I']' in '10' second(s)

2021-11-23 17:02:27 - [MESSAGE][PASSED] - Object 'Object Repository/Olusturma/Genel/AliciBilgisi/VKN-TCKN' is present

2021-11-23 17:02:27 - [TEST_STEP][PASSED] - text = getAttribute(findTestObject("Olusturma/Genel/AliciBilgisi/VKN-TCKN"), "value"): Attribute 'value' of object 'Object Repository/Olusturma/Genel/AliciBilgisi/VKN-TCKN' is: '5328440227'

2021-11-23 17:02:27 - [MESSAGE][INFO] - Finding Test Object 'Object Repository/Olusturma/Genel/AliciBilgisi/VKN-TCKN'

2021-11-23 17:02:27 - [MESSAGE][INFO] - Checking object

2021-11-23 17:02:27 - [MESSAGE][INFO] - Checking attribute

2021-11-23 17:02:27 - [MESSAGE][INFO] - Finding web element from Test Object's properties

2021-11-23 17:02:27 - [MESSAGE][INFO] - Checking timeout

2021-11-23 17:02:27 - [MESSAGE][INFO] - Finding web element with id: 'Object Repository/Olusturma/Genel/AliciBilgisi/VKN-TCKN' located by 'By.xpath: //*[@id = 'txtVknTckn_I']' in '30' second(s)

2021-11-23 17:02:27 - [MESSAGE][INFO] - Smart Wait Function is triggered

2021-11-23 17:02:27 - [MESSAGE][INFO] - Found 1 web elements with id: 'Object Repository/Olusturma/Genel/AliciBilgisi/VKN-TCKN' located by 'By.xpath: //*[@id = 'txtVknTckn_I']' in '30' second(s)

2021-11-23 17:02:27 - [MESSAGE][INFO] - Getting attribute 'value' of object 'Object Repository/Olusturma/Genel/AliciBilgisi/VKN-TCKN'

2021-11-23 17:02:27 - [MESSAGE][PASSED] - Attribute 'value' of object 'Object Repository/Olusturma/Genel/AliciBilgisi/VKN-TCKN' is: '5328440227'

2021-11-23 17:02:27 - [TEST_STEP][PASSED] - if (text.equals("")): null

2021-11-23 17:02:27 - [MESSAGE][PASSED] - Call Test Case 'Test Cases/Olusturma/Genel/AliciSecilir' successfully

2021-11-23 17:02:27 - [MESSAGE][INFO] - Checking called Test Case

2021-11-23 17:02:27 - [MESSAGE][INFO] - Starting to call Test Case 'Test Cases/Olusturma/Genel/GonderimSekliSecilir'

2021-11-23 17:02:27 - [TEST_CASE][PASSED] - Test Cases/Olusturma/Genel/GonderimSekliSecilir: Test Cases/Olusturma/Genel/GonderimSekliSecilir

2021-11-23 17:02:27 - [TEST_STEP][PASSED] - waitForElementClickable(findTestObject("Object Repository/Olusturma/Genel/GonderimSekli/GonderimSekli"), 10): Object 'Object Repository/Olusturma/Genel/GonderimSekli/GonderimSekli' is clickable

2021-11-23 17:02:27 - [MESSAGE][INFO] - Finding Test Object 'Object Repository/Olusturma/Genel/GonderimSekli/GonderimSekli'

2021-11-23 17:02:27 - [MESSAGE][INFO] - Checking object

2021-11-23 17:02:27 - [MESSAGE][INFO] - Checking timeout

2021-11-23 17:02:27 - [MESSAGE][INFO] - Finding web element from Test Object's properties

2021-11-23 17:02:27 - [MESSAGE][INFO] - Checking timeout

2021-11-23 17:02:27 - [MESSAGE][INFO] - Finding web element with id: 'Object Repository/Olusturma/Genel/GonderimSekli/GonderimSekli' located by 'By.xpath: //*[@id = 'txtGonderimSekil_I']' in '10' second(s)

2021-11-23 17:02:27 - [MESSAGE][INFO] - Smart Wait Function is triggered

2021-11-23 17:02:28 - [MESSAGE][INFO] - Found 1 web elements with id: 'Object Repository/Olusturma/Genel/GonderimSekli/GonderimSekli' located by 'By.xpath: //*[@id = 'txtGonderimSekil_I']' in '10' second(s)

2021-11-23 17:02:28 - [MESSAGE][PASSED] - Object 'Object Repository/Olusturma/Genel/GonderimSekli/GonderimSekli' is clickable

2021-11-23 17:02:28 - [TEST_STEP][PASSED] - click(findTestObject("Object Repository/Olusturma/Genel/GonderimSekli/GonderimSekli")): Object: 'Object Repository/Olusturma/Genel/GonderimSekli/GonderimSekli' is clicked on

2021-11-23 17:02:28 - [MESSAGE][INFO] - Finding Test Object 'Object Repository/Olusturma/Genel/GonderimSekli/GonderimSekli'

2021-11-23 17:02:28 - [MESSAGE][INFO] - Checking object

2021-11-23 17:02:28 - [MESSAGE][INFO] - Finding web element from Test Object's properties

2021-11-23 17:02:28 - [MESSAGE][INFO] - Checking timeout

2021-11-23 17:02:28 - [MESSAGE][INFO] - Finding web element with id: 'Object Repository/Olusturma/Genel/GonderimSekli/GonderimSekli' located by 'By.xpath: //*[@id = 'txtGonderimSekil_I']' in '30' second(s)

2021-11-23 17:02:28 - [MESSAGE][INFO] - Smart Wait Function is triggered

2021-11-23 17:02:28 - [MESSAGE][INFO] - Found 1 web elements with id: 'Object Repository/Olusturma/Genel/GonderimSekli/GonderimSekli' located by 'By.xpath: //*[@id = 'txtGonderimSekil_I']' in '30' second(s)

2021-11-23 17:02:28 - [MESSAGE][INFO] - Clicking on object: 'Object Repository/Olusturma/Genel/GonderimSekli/GonderimSekli'

2021-11-23 17:02:28 - [MESSAGE][PASSED] - Object: 'Object Repository/Olusturma/Genel/GonderimSekli/GonderimSekli' is clicked on

2021-11-23 17:02:28 - [TEST_STEP][PASSED] - Method.TextDegerineEsitElementeTikla(findTestObject("Object Repository/Olusturma/Genel/GonderimSekli/GonderimSekliAdi"), GonderimSekli): Method.TextDegerineEsitElementeTikla is PASSED

2021-11-23 17:02:28 - [MESSAGE][INFO] - Finding Test Object 'Object Repository/Olusturma/Genel/GonderimSekli/GonderimSekliAdi'

2021-11-23 17:02:28 - [MESSAGE][INFO] - Checking timeout

2021-11-23 17:02:28 - [MESSAGE][INFO] - Finding web element with id: 'Object Repository/Olusturma/Genel/GonderimSekli/GonderimSekliAdi' located by 'By.cssSelector: #txtGonderimSekil_DDD_L_LBT td' in '10' second(s)

2021-11-23 17:02:28 - [MESSAGE][INFO] - Smart Wait Function is triggered

2021-11-23 17:02:29 - [MESSAGE][INFO] - Found 2 web elements with id: 'Object Repository/Olusturma/Genel/GonderimSekli/GonderimSekliAdi' located by 'By.cssSelector: #txtGonderimSekil_DDD_L_LBT td' in '10' second(s)

2021-11-23 17:02:29 - [MESSAGE][PASSED] - Method.TextDegerineEsitElementeTikla is PASSED

2021-11-23 17:02:29 - [MESSAGE][PASSED] - Call Test Case 'Test Cases/Olusturma/Genel/GonderimSekliSecilir' successfully

2021-11-23 17:02:29 - [MESSAGE][INFO] - Checking called Test Case

2021-11-23 17:02:29 - [MESSAGE][INFO] - Starting to call Test Case 'Test Cases/Olusturma/Genel/TipSecilir'

2021-11-23 17:02:29 - [TEST_CASE][PASSED] - Test Cases/Olusturma/Genel/TipSecilir: Test Cases/Olusturma/Genel/TipSecilir

2021-11-23 17:02:29 - [TEST_STEP][PASSED] - waitForElementClickable(findTestObject("Olusturma/Genel/TipSecilir/Tip"), 10): Object 'Object Repository/Olusturma/Genel/TipSecilir/Tip' is clickable

2021-11-23 17:02:29 - [MESSAGE][INFO] - Finding Test Object 'Object Repository/Olusturma/Genel/TipSecilir/Tip'

2021-11-23 17:02:29 - [MESSAGE][INFO] - Checking object

2021-11-23 17:02:29 - [MESSAGE][INFO] - Checking timeout

2021-11-23 17:02:29 - [MESSAGE][INFO] - Finding web element from Test Object's properties

2021-11-23 17:02:29 - [MESSAGE][INFO] - Checking timeout

2021-11-23 17:02:29 - [MESSAGE][INFO] - Finding web element with id: 'Object Repository/Olusturma/Genel/TipSecilir/Tip' located by 'By.xpath: //*[@id = 'DocumentTypeCode_I']' in '10' second(s)

2021-11-23 17:02:29 - [MESSAGE][INFO] - Smart Wait Function is triggered

2021-11-23 17:02:29 - [MESSAGE][INFO] - Found 1 web elements with id: 'Object Repository/Olusturma/Genel/TipSecilir/Tip' located by 'By.xpath: //*[@id = 'DocumentTypeCode_I']' in '10' second(s)

2021-11-23 17:02:29 - [MESSAGE][PASSED] - Object 'Object Repository/Olusturma/Genel/TipSecilir/Tip' is clickable

2021-11-23 17:02:29 - [TEST_STEP][PASSED] - click(findTestObject("Olusturma/Genel/TipSecilir/Tip")): Object: 'Object Repository/Olusturma/Genel/TipSecilir/Tip' is clicked on

2021-11-23 17:02:29 - [MESSAGE][INFO] - Finding Test Object 'Object Repository/Olusturma/Genel/TipSecilir/Tip'

2021-11-23 17:02:29 - [MESSAGE][INFO] - Checking object

2021-11-23 17:02:29 - [MESSAGE][INFO] - Finding web element from Test Object's properties

2021-11-23 17:02:29 - [MESSAGE][INFO] - Checking timeout

2021-11-23 17:02:29 - [MESSAGE][INFO] - Finding web element with id: 'Object Repository/Olusturma/Genel/TipSecilir/Tip' located by 'By.xpath: //*[@id = 'DocumentTypeCode_I']' in '30' second(s)

2021-11-23 17:02:29 - [MESSAGE][INFO] - Smart Wait Function is triggered

2021-11-23 17:02:30 - [MESSAGE][INFO] - Found 1 web elements with id: 'Object Repository/Olusturma/Genel/TipSecilir/Tip' located by 'By.xpath: //*[@id = 'DocumentTypeCode_I']' in '30' second(s)

2021-11-23 17:02:30 - [MESSAGE][INFO] - Clicking on object: 'Object Repository/Olusturma/Genel/TipSecilir/Tip'

2021-11-23 17:02:30 - [MESSAGE][PASSED] - Object: 'Object Repository/Olusturma/Genel/TipSecilir/Tip' is clicked on

2021-11-23 17:02:30 - [TEST_STEP][PASSED] - Method.TextDegerineEsitElementeTikla(findTestObject("Object Repository/Olusturma/Genel/TipSecilir/Tip_Adi"), Tip): Method.TextDegerineEsitElementeTikla is PASSED

2021-11-23 17:02:30 - [MESSAGE][INFO] - Finding Test Object 'Object Repository/Olusturma/Genel/TipSecilir/Tip_Adi'

2021-11-23 17:02:30 - [MESSAGE][INFO] - Checking timeout

2021-11-23 17:02:30 - [MESSAGE][INFO] - Finding web element with id: 'Object Repository/Olusturma/Genel/TipSecilir/Tip_Adi' located by 'By.cssSelector: #DocumentTypeCode_DDD_L_LBT td' in '10' second(s)

2021-11-23 17:02:30 - [MESSAGE][INFO] - Smart Wait Function is triggered

2021-11-23 17:02:30 - [MESSAGE][INFO] - Found 9 web elements with id: 'Object Repository/Olusturma/Genel/TipSecilir/Tip_Adi' located by 'By.cssSelector: #DocumentTypeCode_DDD_L_LBT td' in '10' second(s)

2021-11-23 17:02:31 - [MESSAGE][PASSED] - Method.TextDegerineEsitElementeTikla is PASSED

2021-11-23 17:02:31 - [MESSAGE][PASSED] - Call Test Case 'Test Cases/Olusturma/Genel/TipSecilir' successfully

2021-11-23 17:02:31 - [MESSAGE][INFO] - Checking called Test Case

2021-11-23 17:02:31 - [MESSAGE][INFO] - Starting to call Test Case 'Test Cases/Olusturma/Genel/DokumanParaBirimiSecilir'

2021-11-23 17:02:31 - [TEST_CASE][PASSED] - Test Cases/Olusturma/Genel/DokumanParaBirimiSecilir: Test Cases/Olusturma/Genel/DokumanParaBirimiSecilir

2021-11-23 17:02:31 - [TEST_STEP][PASSED] - waitForElementClickable(findTestObject("Object Repository/Olusturma/Genel/DokumanParaBirimiSecilir/Para"), 10): Object 'Object Repository/Olusturma/Genel/DokumanParaBirimiSecilir/Para' is clickable

2021-11-23 17:02:31 - [MESSAGE][INFO] - Finding Test Object 'Object Repository/Olusturma/Genel/DokumanParaBirimiSecilir/Para'

2021-11-23 17:02:31 - [MESSAGE][INFO] - Checking object

2021-11-23 17:02:31 - [MESSAGE][INFO] - Checking timeout

2021-11-23 17:02:31 - [MESSAGE][INFO] - Finding web element from Test Object's properties

2021-11-23 17:02:31 - [MESSAGE][INFO] - Checking timeout

2021-11-23 17:02:31 - [MESSAGE][INFO] - Finding web element with id: 'Object Repository/Olusturma/Genel/DokumanParaBirimiSecilir/Para' located by 'By.xpath: //*[@id = 'CurrencyUnit_I']' in '10' second(s)

2021-11-23 17:02:31 - [MESSAGE][INFO] - Smart Wait Function is triggered

2021-11-23 17:02:32 - [MESSAGE][INFO] - Found 1 web elements with id: 'Object Repository/Olusturma/Genel/DokumanParaBirimiSecilir/Para' located by 'By.xpath: //*[@id = 'CurrencyUnit_I']' in '10' second(s)

2021-11-23 17:02:32 - [MESSAGE][PASSED] - Object 'Object Repository/Olusturma/Genel/DokumanParaBirimiSecilir/Para' is clickable

2021-11-23 17:02:32 - [TEST_STEP][PASSED] - click(findTestObject("Object Repository/Olusturma/Genel/DokumanParaBirimiSecilir/Para")): Object: 'Object Repository/Olusturma/Genel/DokumanParaBirimiSecilir/Para' is clicked on

2021-11-23 17:02:32 - [MESSAGE][INFO] - Finding Test Object 'Object Repository/Olusturma/Genel/DokumanParaBirimiSecilir/Para'

2021-11-23 17:02:32 - [MESSAGE][INFO] - Checking object

2021-11-23 17:02:32 - [MESSAGE][INFO] - Finding web element from Test Object's properties

2021-11-23 17:02:32 - [MESSAGE][INFO] - Checking timeout

2021-11-23 17:02:32 - [MESSAGE][INFO] - Finding web element with id: 'Object Repository/Olusturma/Genel/DokumanParaBirimiSecilir/Para' located by 'By.xpath: //*[@id = 'CurrencyUnit_I']' in '30' second(s)

2021-11-23 17:02:32 - [MESSAGE][INFO] - Smart Wait Function is triggered

2021-11-23 17:02:33 - [MESSAGE][INFO] - Found 1 web elements with id: 'Object Repository/Olusturma/Genel/DokumanParaBirimiSecilir/Para' located by 'By.xpath: //*[@id = 'CurrencyUnit_I']' in '30' second(s)

2021-11-23 17:02:33 - [MESSAGE][INFO] - Clicking on object: 'Object Repository/Olusturma/Genel/DokumanParaBirimiSecilir/Para'

2021-11-23 17:02:33 - [MESSAGE][PASSED] - Object: 'Object Repository/Olusturma/Genel/DokumanParaBirimiSecilir/Para' is clicked on

2021-11-23 17:02:33 - [TEST_STEP][PASSED] - Method.TextDegerineEsitElementeTikla(findTestObject("Object Repository/Olusturma/Genel/DokumanParaBirimiSecilir/Para_Adi"), Para): Method.TextDegerineEsitElementeTikla is PASSED

2021-11-23 17:02:33 - [MESSAGE][INFO] - Finding Test Object 'Object Repository/Olusturma/Genel/DokumanParaBirimiSecilir/Para_Adi'

2021-11-23 17:02:33 - [MESSAGE][INFO] - Checking timeout

2021-11-23 17:02:33 - [MESSAGE][INFO] - Finding web element with id: 'Object Repository/Olusturma/Genel/DokumanParaBirimiSecilir/Para_Adi' located by 'By.cssSelector: #CurrencyUnit_DDD_L_LBT td' in '10' second(s)

2021-11-23 17:02:33 - [MESSAGE][INFO] - Smart Wait Function is triggered

2021-11-23 17:02:33 - [MESSAGE][INFO] - Found 203 web elements with id: 'Object Repository/Olusturma/Genel/DokumanParaBirimiSecilir/Para_Adi' located by 'By.cssSelector: #CurrencyUnit_DDD_L_LBT td' in '10' second(s)

2021-11-23 17:02:38 - [MESSAGE][PASSED] - Method.TextDegerineEsitElementeTikla is PASSED

2021-11-23 17:02:38 - [MESSAGE][PASSED] - Call Test Case 'Test Cases/Olusturma/Genel/DokumanParaBirimiSecilir' successfully

2021-11-23 17:02:38 - [MESSAGE][INFO] - Checking called Test Case

2021-11-23 17:02:38 - [MESSAGE][INFO] - Starting to call Test Case 'Test Cases/Olusturma/Genel/OnEkSecilir'

2021-11-23 17:02:38 - [TEST_CASE][PASSED] - Test Cases/Olusturma/Genel/OnEkSecilir: Test Cases/Olusturma/Genel/OnEkSecilir

2021-11-23 17:02:38 - [TEST_STEP][PASSED] - waitForElementClickable(findTestObject("Object Repository/Olusturma/Genel/OnEkSecilir/OnEk"), 10): Object 'Object Repository/Olusturma/Genel/OnEkSecilir/OnEk' is clickable

2021-11-23 17:02:38 - [MESSAGE][INFO] - Finding Test Object 'Object Repository/Olusturma/Genel/OnEkSecilir/OnEk'

2021-11-23 17:02:39 - [MESSAGE][INFO] - Checking object

2021-11-23 17:02:39 - [MESSAGE][INFO] - Checking timeout

2021-11-23 17:02:39 - [MESSAGE][INFO] - Finding web element from Test Object's properties

2021-11-23 17:02:39 - [MESSAGE][INFO] - Checking timeout

2021-11-23 17:02:39 - [MESSAGE][INFO] - Finding web element with id: 'Object Repository/Olusturma/Genel/OnEkSecilir/OnEk' located by 'By.xpath: //*[@id = 'InvoicePrefix_I']' in '10' second(s)

2021-11-23 17:02:39 - [MESSAGE][INFO] - Smart Wait Function is triggered

2021-11-23 17:02:39 - [MESSAGE][INFO] - Found 1 web elements with id: 'Object Repository/Olusturma/Genel/OnEkSecilir/OnEk' located by 'By.xpath: //*[@id = 'InvoicePrefix_I']' in '10' second(s)

2021-11-23 17:02:39 - [MESSAGE][PASSED] - Object 'Object Repository/Olusturma/Genel/OnEkSecilir/OnEk' is clickable

2021-11-23 17:02:39 - [TEST_STEP][PASSED] - click(findTestObject("Object Repository/Olusturma/Genel/OnEkSecilir/OnEk")): Object: 'Object Repository/Olusturma/Genel/OnEkSecilir/OnEk' is clicked on

2021-11-23 17:02:39 - [MESSAGE][INFO] - Finding Test Object 'Object Repository/Olusturma/Genel/OnEkSecilir/OnEk'

2021-11-23 17:02:39 - [MESSAGE][INFO] - Checking object

2021-11-23 17:02:39 - [MESSAGE][INFO] - Finding web element from Test Object's properties

2021-11-23 17:02:39 - [MESSAGE][INFO] - Checking timeout

2021-11-23 17:02:39 - [MESSAGE][INFO] - Finding web element with id: 'Object Repository/Olusturma/Genel/OnEkSecilir/OnEk' located by 'By.xpath: //*[@id = 'InvoicePrefix_I']' in '30' second(s)

2021-11-23 17:02:39 - [MESSAGE][INFO] - Smart Wait Function is triggered

2021-11-23 17:02:40 - [MESSAGE][INFO] - Found 1 web elements with id: 'Object Repository/Olusturma/Genel/OnEkSecilir/OnEk' located by 'By.xpath: //*[@id = 'InvoicePrefix_I']' in '30' second(s)

2021-11-23 17:02:40 - [MESSAGE][INFO] - Clicking on object: 'Object Repository/Olusturma/Genel/OnEkSecilir/OnEk'

2021-11-23 17:02:40 - [MESSAGE][PASSED] - Object: 'Object Repository/Olusturma/Genel/OnEkSecilir/OnEk' is clicked on

2021-11-23 17:02:40 - [TEST_STEP][PASSED] - Method.TextDegerineEsitElementeTiklaEquals(findTestObject("Object Repository/Olusturma/Genel/OnEkSecilir/OnEkAdi"), Ek): Method.TextDegerineEsitElementeTiklaEquals is PASSED

2021-11-23 17:02:40 - [MESSAGE][INFO] - Finding Test Object 'Object Repository/Olusturma/Genel/OnEkSecilir/OnEkAdi'

2021-11-23 17:02:40 - [MESSAGE][INFO] - Checking timeout

2021-11-23 17:02:40 - [MESSAGE][INFO] - Finding web element with id: 'Object Repository/Olusturma/Genel/OnEkSecilir/OnEkAdi' located by 'By.cssSelector: #InvoicePrefix_DDD_L_LBT td' in '10' second(s)

2021-11-23 17:02:40 - [MESSAGE][INFO] - Smart Wait Function is triggered

2021-11-23 17:02:40 - [MESSAGE][INFO] - Found 1 web elements with id: 'Object Repository/Olusturma/Genel/OnEkSecilir/OnEkAdi' located by 'By.cssSelector: #InvoicePrefix_DDD_L_LBT td' in '10' second(s)

2021-11-23 17:02:40 - [MESSAGE][PASSED] - Method.TextDegerineEsitElementeTiklaEquals is PASSED

2021-11-23 17:02:40 - [MESSAGE][PASSED] - Call Test Case 'Test Cases/Olusturma/Genel/OnEkSecilir' successfully

2021-11-23 17:02:40 - [MESSAGE][INFO] - Checking called Test Case

2021-11-23 17:02:40 - [MESSAGE][INFO] - Starting to call Test Case 'Test Cases/Olusturma/Genel/TasarimSecilir'

2021-11-23 17:02:40 - [TEST_CASE][PASSED] - Test Cases/Olusturma/Genel/TasarimSecilir: Test Cases/Olusturma/Genel/TasarimSecilir

2021-11-23 17:02:40 - [TEST_STEP][PASSED] - waitForElementClickable(findTestObject("Object Repository/Olusturma/Genel/TasarimSecilir/Tasarim"), 10): Object 'Object Repository/Olusturma/Genel/TasarimSecilir/Tasarim' is clickable

2021-11-23 17:02:40 - [MESSAGE][INFO] - Finding Test Object 'Object Repository/Olusturma/Genel/TasarimSecilir/Tasarim'

2021-11-23 17:02:41 - [MESSAGE][INFO] - Checking object

2021-11-23 17:02:41 - [MESSAGE][INFO] - Checking timeout

2021-11-23 17:02:41 - [MESSAGE][INFO] - Finding web element from Test Object's properties

2021-11-23 17:02:41 - [MESSAGE][INFO] - Checking timeout

2021-11-23 17:02:41 - [MESSAGE][INFO] - Finding web element with id: 'Object Repository/Olusturma/Genel/TasarimSecilir/Tasarim' located by 'By.xpath: //*[@id = 'DesignId_I']' in '10' second(s)

2021-11-23 17:02:41 - [MESSAGE][INFO] - Smart Wait Function is triggered

2021-11-23 17:02:41 - [MESSAGE][INFO] - Found 1 web elements with id: 'Object Repository/Olusturma/Genel/TasarimSecilir/Tasarim' located by 'By.xpath: //*[@id = 'DesignId_I']' in '10' second(s)

2021-11-23 17:02:41 - [MESSAGE][PASSED] - Object 'Object Repository/Olusturma/Genel/TasarimSecilir/Tasarim' is clickable

2021-11-23 17:02:41 - [TEST_STEP][PASSED] - click(findTestObject("Object Repository/Olusturma/Genel/TasarimSecilir/Tasarim")): Object: 'Object Repository/Olusturma/Genel/TasarimSecilir/Tasarim' is clicked on

2021-11-23 17:02:41 - [MESSAGE][INFO] - Finding Test Object 'Object Repository/Olusturma/Genel/TasarimSecilir/Tasarim'

2021-11-23 17:02:41 - [MESSAGE][INFO] - Checking object

2021-11-23 17:02:41 - [MESSAGE][INFO] - Finding web element from Test Object's properties

2021-11-23 17:02:41 - [MESSAGE][INFO] - Checking timeout

2021-11-23 17:02:41 - [MESSAGE][INFO] - Finding web element with id: 'Object Repository/Olusturma/Genel/TasarimSecilir/Tasarim' located by 'By.xpath: //*[@id = 'DesignId_I']' in '30' second(s)

2021-11-23 17:02:41 - [MESSAGE][INFO] - Smart Wait Function is triggered

2021-11-23 17:02:41 - [MESSAGE][INFO] - Found 1 web elements with id: 'Object Repository/Olusturma/Genel/TasarimSecilir/Tasarim' located by 'By.xpath: //*[@id = 'DesignId_I']' in '30' second(s)

2021-11-23 17:02:41 - [MESSAGE][INFO] - Clicking on object: 'Object Repository/Olusturma/Genel/TasarimSecilir/Tasarim'

2021-11-23 17:02:41 - [MESSAGE][PASSED] - Object: 'Object Repository/Olusturma/Genel/TasarimSecilir/Tasarim' is clicked on

2021-11-23 17:02:41 - [TEST_STEP][PASSED] - Method.TextDegerineEsitElementeTikla(findTestObject("Object Repository/Olusturma/Genel/TasarimSecilir/Tasarim_Adi"), Tasarim): Method.TextDegerineEsitElementeTikla is PASSED

2021-11-23 17:02:41 - [MESSAGE][INFO] - Finding Test Object 'Object Repository/Olusturma/Genel/TasarimSecilir/Tasarim_Adi'

2021-11-23 17:02:41 - [MESSAGE][INFO] - Checking timeout

2021-11-23 17:02:41 - [MESSAGE][INFO] - Finding web element with id: 'Object Repository/Olusturma/Genel/TasarimSecilir/Tasarim_Adi' located by 'By.cssSelector: #DesignId_DDD_L_LBT td' in '10' second(s)

2021-11-23 17:02:41 - [MESSAGE][INFO] - Smart Wait Function is triggered

2021-11-23 17:02:42 - [MESSAGE][INFO] - Found 1 web elements with id: 'Object Repository/Olusturma/Genel/TasarimSecilir/Tasarim_Adi' located by 'By.cssSelector: #DesignId_DDD_L_LBT td' in '10' second(s)

2021-11-23 17:02:42 - [MESSAGE][PASSED] - Method.TextDegerineEsitElementeTikla is PASSED

2021-11-23 17:02:42 - [MESSAGE][PASSED] - Call Test Case 'Test Cases/Olusturma/Genel/TasarimSecilir' successfully

2021-11-23 17:02:42 - [MESSAGE][INFO] - Checking called Test Case

2021-11-23 17:02:42 - [MESSAGE][INFO] - Starting to call Test Case 'Test Cases/Olusturma/Genel/Kutular/SiparisBilgileriGirilir'

2021-11-23 17:02:42 - [TEST_CASE][PASSED] - Test Cases/Olusturma/Genel/Kutular/SiparisBilgileriGirilir: Test Cases/Olusturma/Genel/Kutular/SiparisBilgileriGirilir

2021-11-23 17:02:42 - [TEST_STEP][PASSED] - Method.TextDegerineEsitElementeTikla(findTestObject("Olusturma/Genel/Kutular/KapaliKutular"), "Sipariş Bilgileri"): Method.TextDegerineEsitElementeTikla is PASSED

2021-11-23 17:02:42 - [MESSAGE][INFO] - Finding Test Object 'Object Repository/Olusturma/Genel/Kutular/KapaliKutular'

2021-11-23 17:02:42 - [MESSAGE][INFO] - Checking timeout

2021-11-23 17:02:42 - [MESSAGE][INFO] - Finding web element with id: 'Object Repository/Olusturma/Genel/Kutular/KapaliKutular' located by 'By.cssSelector: .dxnb-headerCollapsed>span' in '10' second(s)

2021-11-23 17:02:42 - [MESSAGE][INFO] - Smart Wait Function is triggered

2021-11-23 17:02:42 - [MESSAGE][INFO] - Found 8 web elements with id: 'Object Repository/Olusturma/Genel/Kutular/KapaliKutular' located by 'By.cssSelector: .dxnb-headerCollapsed>span' in '10' second(s)

2021-11-23 17:02:43 - [MESSAGE][PASSED] - Method.TextDegerineEsitElementeTikla is PASSED

2021-11-23 17:02:43 - [TEST_STEP][PASSED] - waitForElementPresent(findTestObject("Object Repository/Olusturma/Genel/Kutular/SiparisBilgileri/SiparisNo"), 10): Object 'Object Repository/Olusturma/Genel/Kutular/SiparisBilgileri/SiparisNo' is present

2021-11-23 17:02:43 - [MESSAGE][INFO] - Finding Test Object 'Object Repository/Olusturma/Genel/Kutular/SiparisBilgileri/SiparisNo'

2021-11-23 17:02:43 - [MESSAGE][INFO] - Checking object

2021-11-23 17:02:43 - [MESSAGE][INFO] - Finding web element from Test Object's properties

2021-11-23 17:02:43 - [MESSAGE][INFO] - Checking timeout

2021-11-23 17:02:43 - [MESSAGE][INFO] - Finding web element with id: 'Object Repository/Olusturma/Genel/Kutular/SiparisBilgileri/SiparisNo' located by 'By.xpath: //*[@id = 'txtSiparisNo_I']' in '10' second(s)

2021-11-23 17:02:43 - [MESSAGE][INFO] - Smart Wait Function is triggered

2021-11-23 17:02:43 - [MESSAGE][INFO] - Found 1 web elements with id: 'Object Repository/Olusturma/Genel/Kutular/SiparisBilgileri/SiparisNo' located by 'By.xpath: //*[@id = 'txtSiparisNo_I']' in '10' second(s)

2021-11-23 17:02:43 - [MESSAGE][PASSED] - Object 'Object Repository/Olusturma/Genel/Kutular/SiparisBilgileri/SiparisNo' is present

2021-11-23 17:02:43 - [TEST_STEP][PASSED] - clearText(findTestObject("Object Repository/Olusturma/Genel/Kutular/SiparisBilgileri/SiparisNo")): Text of object 'Object Repository/Olusturma/Genel/Kutular/SiparisBilgileri/SiparisNo' is cleared

2021-11-23 17:02:43 - [MESSAGE][INFO] - Finding Test Object 'Object Repository/Olusturma/Genel/Kutular/SiparisBilgileri/SiparisNo'

2021-11-23 17:02:43 - [MESSAGE][INFO] - Checking object

2021-11-23 17:02:43 - [MESSAGE][INFO] - Finding web element from Test Object's properties

2021-11-23 17:02:43 - [MESSAGE][INFO] - Checking timeout

2021-11-23 17:02:43 - [MESSAGE][INFO] - Finding web element with id: 'Object Repository/Olusturma/Genel/Kutular/SiparisBilgileri/SiparisNo' located by 'By.xpath: //*[@id = 'txtSiparisNo_I']' in '30' second(s)

2021-11-23 17:02:43 - [MESSAGE][INFO] - Smart Wait Function is triggered

2021-11-23 17:02:43 - [MESSAGE][INFO] - Found 1 web elements with id: 'Object Repository/Olusturma/Genel/Kutular/SiparisBilgileri/SiparisNo' located by 'By.xpath: //*[@id = 'txtSiparisNo_I']' in '30' second(s)

2021-11-23 17:02:43 - [MESSAGE][INFO] - Clearing text of object 'Object Repository/Olusturma/Genel/Kutular/SiparisBilgileri/SiparisNo'

2021-11-23 17:02:43 - [MESSAGE][PASSED] - Text of object 'Object Repository/Olusturma/Genel/Kutular/SiparisBilgileri/SiparisNo' is cleared

2021-11-23 17:02:43 - [TEST_STEP][PASSED] - sendKeys(findTestObject("Object Repository/Olusturma/Genel/Kutular/SiparisBilgileri/SiparisNo"), SiparisNo): Keys 'UUC-SAT-1200001' sent to object: 'Object Repository/Olusturma/Genel/Kutular/SiparisBilgileri/SiparisNo'

2021-11-23 17:02:43 - [MESSAGE][INFO] - Finding Test Object 'Object Repository/Olusturma/Genel/Kutular/SiparisBilgileri/SiparisNo'

2021-11-23 17:02:43 - [MESSAGE][INFO] - Sending keys 'UUC-SAT-1200001' to object: 'Object Repository/Olusturma/Genel/Kutular/SiparisBilgileri/SiparisNo'

2021-11-23 17:02:43 - [MESSAGE][INFO] - Finding web element from Test Object's properties

2021-11-23 17:02:43 - [MESSAGE][INFO] - Checking timeout

2021-11-23 17:02:43 - [MESSAGE][INFO] - Finding web element with id: 'Object Repository/Olusturma/Genel/Kutular/SiparisBilgileri/SiparisNo' located by 'By.xpath: //*[@id = 'txtSiparisNo_I']' in '30' second(s)

2021-11-23 17:02:43 - [MESSAGE][INFO] - Smart Wait Function is triggered

2021-11-23 17:02:44 - [MESSAGE][INFO] - Found 1 web elements with id: 'Object Repository/Olusturma/Genel/Kutular/SiparisBilgileri/SiparisNo' located by 'By.xpath: //*[@id = 'txtSiparisNo_I']' in '30' second(s)

2021-11-23 17:02:44 - [MESSAGE][PASSED] - Keys 'UUC-SAT-1200001' sent to object: 'Object Repository/Olusturma/Genel/Kutular/SiparisBilgileri/SiparisNo'

2021-11-23 17:02:44 - [TEST_STEP][PASSED] - waitForElementClickable(findTestObject("Object Repository/Olusturma/Genel/Kutular/SiparisBilgileri/SiparisTarihiImage"), 10): Object 'Object Repository/Olusturma/Genel/Kutular/SiparisBilgileri/SiparisTarihiImage' is clickable

2021-11-23 17:02:44 - [MESSAGE][INFO] - Finding Test Object 'Object Repository/Olusturma/Genel/Kutular/SiparisBilgileri/SiparisTarihiImage'

2021-11-23 17:02:44 - [MESSAGE][INFO] - Checking object

2021-11-23 17:02:44 - [MESSAGE][INFO] - Checking timeout

2021-11-23 17:02:44 - [MESSAGE][INFO] - Finding web element from Test Object's properties

2021-11-23 17:02:44 - [MESSAGE][INFO] - Checking timeout

2021-11-23 17:02:44 - [MESSAGE][INFO] - Finding web element with id: 'Object Repository/Olusturma/Genel/Kutular/SiparisBilgileri/SiparisTarihiImage' located by 'By.cssSelector: #dateSiparisTarih img' in '10' second(s)

2021-11-23 17:02:44 - [MESSAGE][INFO] - Smart Wait Function is triggered

2021-11-23 17:02:44 - [MESSAGE][INFO] - Found 1 web elements with id: 'Object Repository/Olusturma/Genel/Kutular/SiparisBilgileri/SiparisTarihiImage' located by 'By.cssSelector: #dateSiparisTarih img' in '10' second(s)

2021-11-23 17:02:44 - [MESSAGE][PASSED] - Object 'Object Repository/Olusturma/Genel/Kutular/SiparisBilgileri/SiparisTarihiImage' is clickable

2021-11-23 17:02:44 - [TEST_STEP][PASSED] - click(findTestObject("Object Repository/Olusturma/Genel/Kutular/SiparisBilgileri/SiparisTarihiImage")): Object: 'Object Repository/Olusturma/Genel/Kutular/SiparisBilgileri/SiparisTarihiImage' is clicked on

2021-11-23 17:02:44 - [MESSAGE][INFO] - Finding Test Object 'Object Repository/Olusturma/Genel/Kutular/SiparisBilgileri/SiparisTarihiImage'

2021-11-23 17:02:45 - [MESSAGE][INFO] - Checking object

2021-11-23 17:02:45 - [MESSAGE][INFO] - Finding web element from Test Object's properties

2021-11-23 17:02:45 - [MESSAGE][INFO] - Checking timeout

2021-11-23 17:02:45 - [MESSAGE][INFO] - Finding web element with id: 'Object Repository/Olusturma/Genel/Kutular/SiparisBilgileri/SiparisTarihiImage' located by 'By.cssSelector: #dateSiparisTarih img' in '30' second(s)

2021-11-23 17:02:45 - [MESSAGE][INFO] - Smart Wait Function is triggered

2021-11-23 17:02:45 - [MESSAGE][INFO] - Found 1 web elements with id: 'Object Repository/Olusturma/Genel/Kutular/SiparisBilgileri/SiparisTarihiImage' located by 'By.cssSelector: #dateSiparisTarih img' in '30' second(s)

2021-11-23 17:02:45 - [MESSAGE][INFO] - Clicking on object: 'Object Repository/Olusturma/Genel/Kutular/SiparisBilgileri/SiparisTarihiImage'

2021-11-23 17:02:45 - [MESSAGE][PASSED] - Object: 'Object Repository/Olusturma/Genel/Kutular/SiparisBilgileri/SiparisTarihiImage' is clicked on

2021-11-23 17:02:45 - [TEST_STEP][PASSED] - waitForElementPresent(findTestObject("Object Repository/Olusturma/Genel/Kutular/SiparisBilgileri/SiparisTarihi"), 10): Object 'Object Repository/Olusturma/Genel/Kutular/SiparisBilgileri/SiparisTarihi' is present

2021-11-23 17:02:45 - [MESSAGE][INFO] - Finding Test Object 'Object Repository/Olusturma/Genel/Kutular/SiparisBilgileri/SiparisTarihi'

2021-11-23 17:02:45 - [MESSAGE][INFO] - Checking object

2021-11-23 17:02:45 - [MESSAGE][INFO] - Finding web element from Test Object's properties

2021-11-23 17:02:45 - [MESSAGE][INFO] - Checking timeout

2021-11-23 17:02:45 - [MESSAGE][INFO] - Finding web element with id: 'Object Repository/Olusturma/Genel/Kutular/SiparisBilgileri/SiparisTarihi' located by 'By.xpath: //*[@id = 'dateSiparisTarih_I']' in '10' second(s)

2021-11-23 17:02:45 - [MESSAGE][INFO] - Smart Wait Function is triggered

2021-11-23 17:02:46 - [MESSAGE][INFO] - Found 1 web elements with id: 'Object Repository/Olusturma/Genel/Kutular/SiparisBilgileri/SiparisTarihi' located by 'By.xpath: //*[@id = 'dateSiparisTarih_I']' in '10' second(s)

2021-11-23 17:02:46 - [MESSAGE][PASSED] - Object 'Object Repository/Olusturma/Genel/Kutular/SiparisBilgileri/SiparisTarihi' is present

2021-11-23 17:02:46 - [TEST_STEP][PASSED] - clearText(findTestObject("Object Repository/Olusturma/Genel/Kutular/SiparisBilgileri/SiparisTarihi")): Text of object 'Object Repository/Olusturma/Genel/Kutular/SiparisBilgileri/SiparisTarihi' is cleared

2021-11-23 17:02:46 - [MESSAGE][INFO] - Finding Test Object 'Object Repository/Olusturma/Genel/Kutular/SiparisBilgileri/SiparisTarihi'

2021-11-23 17:02:46 - [MESSAGE][INFO] - Checking object

2021-11-23 17:02:46 - [MESSAGE][INFO] - Finding web element from Test Object's properties

2021-11-23 17:02:46 - [MESSAGE][INFO] - Checking timeout

2021-11-23 17:02:46 - [MESSAGE][INFO] - Finding web element with id: 'Object Repository/Olusturma/Genel/Kutular/SiparisBilgileri/SiparisTarihi' located by 'By.xpath: //*[@id = 'dateSiparisTarih_I']' in '30' second(s)

2021-11-23 17:02:46 - [MESSAGE][INFO] - Smart Wait Function is triggered

2021-11-23 17:02:46 - [MESSAGE][INFO] - Found 1 web elements with id: 'Object Repository/Olusturma/Genel/Kutular/SiparisBilgileri/SiparisTarihi' located by 'By.xpath: //*[@id = 'dateSiparisTarih_I']' in '30' second(s)

2021-11-23 17:02:46 - [MESSAGE][INFO] - Clearing text of object 'Object Repository/Olusturma/Genel/Kutular/SiparisBilgileri/SiparisTarihi'

2021-11-23 17:02:46 - [MESSAGE][PASSED] - Text of object 'Object Repository/Olusturma/Genel/Kutular/SiparisBilgileri/SiparisTarihi' is cleared

2021-11-23 17:02:46 - [TEST_STEP][PASSED] - sendKeys(findTestObject("Object Repository/Olusturma/Genel/Kutular/SiparisBilgileri/SiparisTarihi"), Tarih): Keys '31.04.2020' sent to object: 'Object Repository/Olusturma/Genel/Kutular/SiparisBilgileri/SiparisTarihi'

2021-11-23 17:02:46 - [MESSAGE][INFO] - Finding Test Object 'Object Repository/Olusturma/Genel/Kutular/SiparisBilgileri/SiparisTarihi'

2021-11-23 17:02:46 - [MESSAGE][INFO] - Sending keys '31.04.2020' to object: 'Object Repository/Olusturma/Genel/Kutular/SiparisBilgileri/SiparisTarihi'

2021-11-23 17:02:46 - [MESSAGE][INFO] - Finding web element from Test Object's properties

2021-11-23 17:02:46 - [MESSAGE][INFO] - Checking timeout

2021-11-23 17:02:46 - [MESSAGE][INFO] - Finding web element with id: 'Object Repository/Olusturma/Genel/Kutular/SiparisBilgileri/SiparisTarihi' located by 'By.xpath: //*[@id = 'dateSiparisTarih_I']' in '30' second(s)

2021-11-23 17:02:46 - [MESSAGE][INFO] - Smart Wait Function is triggered

2021-11-23 17:02:46 - [MESSAGE][INFO] - Found 1 web elements with id: 'Object Repository/Olusturma/Genel/Kutular/SiparisBilgileri/SiparisTarihi' located by 'By.xpath: //*[@id = 'dateSiparisTarih_I']' in '30' second(s)

2021-11-23 17:02:47 - [MESSAGE][PASSED] - Keys '31.04.2020' sent to object: 'Object Repository/Olusturma/Genel/Kutular/SiparisBilgileri/SiparisTarihi'

2021-11-23 17:02:47 - [MESSAGE][PASSED] - Call Test Case 'Test Cases/Olusturma/Genel/Kutular/SiparisBilgileriGirilir' successfully

2021-11-23 17:02:47 - [MESSAGE][INFO] - Checking called Test Case

2021-11-23 17:02:47 - [MESSAGE][INFO] - Starting to call Test Case 'Test Cases/Olusturma/Genel/Kutular/IrsaliyeBilgileri'

2021-11-23 17:02:47 - [TEST_CASE][PASSED] - Test Cases/Olusturma/Genel/Kutular/IrsaliyeBilgileri: Test Cases/Olusturma/Genel/Kutular/IrsaliyeBilgileri

2021-11-23 17:02:47 - [TEST_STEP][PASSED] - Method.TextDegerineEsitElementeTikla(findTestObject("Olusturma/Genel/Kutular/KapaliKutular"), "İrsaliye Bilgileri"): Method.TextDegerineEsitElementeTikla is PASSED

2021-11-23 17:02:47 - [MESSAGE][INFO] - Finding Test Object 'Object Repository/Olusturma/Genel/Kutular/KapaliKutular'

2021-11-23 17:02:47 - [MESSAGE][INFO] - Checking timeout

2021-11-23 17:02:47 - [MESSAGE][INFO] - Finding web element with id: 'Object Repository/Olusturma/Genel/Kutular/KapaliKutular' located by 'By.cssSelector: .dxnb-headerCollapsed>span' in '10' second(s)

2021-11-23 17:02:47 - [MESSAGE][INFO] - Smart Wait Function is triggered

2021-11-23 17:02:47 - [MESSAGE][INFO] - Found 8 web elements with id: 'Object Repository/Olusturma/Genel/Kutular/KapaliKutular' located by 'By.cssSelector: .dxnb-headerCollapsed>span' in '10' second(s)

2021-11-23 17:02:47 - [MESSAGE][PASSED] - Method.TextDegerineEsitElementeTikla is PASSED

2021-11-23 17:02:47 - [TEST_STEP][PASSED] - waitForElementClickable(findTestObject("Olusturma/Genel/Kutular/IrsaliyeBilgileri/Ekle"), 10): Object 'Object Repository/Olusturma/Genel/Kutular/IrsaliyeBilgileri/Ekle' is clickable

2021-11-23 17:02:47 - [MESSAGE][INFO] - Finding Test Object 'Object Repository/Olusturma/Genel/Kutular/IrsaliyeBilgileri/Ekle'

2021-11-23 17:02:47 - [MESSAGE][INFO] - Checking object

2021-11-23 17:02:47 - [MESSAGE][INFO] - Checking timeout

2021-11-23 17:02:47 - [MESSAGE][INFO] - Finding web element from Test Object's properties

2021-11-23 17:02:47 - [MESSAGE][INFO] - Checking timeout

2021-11-23 17:02:47 - [MESSAGE][INFO] - Finding web element with id: 'Object Repository/Olusturma/Genel/Kutular/IrsaliyeBilgileri/Ekle' located by 'By.xpath: //*[@id = 'DXEditorgvUserInvoiceBillsNewRowBtn']' in '10' second(s)

2021-11-23 17:02:47 - [MESSAGE][INFO] - Smart Wait Function is triggered

2021-11-23 17:02:48 - [MESSAGE][INFO] - Found 1 web elements with id: 'Object Repository/Olusturma/Genel/Kutular/IrsaliyeBilgileri/Ekle' located by 'By.xpath: //*[@id = 'DXEditorgvUserInvoiceBillsNewRowBtn']' in '10' second(s)

2021-11-23 17:02:48 - [MESSAGE][PASSED] - Object 'Object Repository/Olusturma/Genel/Kutular/IrsaliyeBilgileri/Ekle' is clickable

2021-11-23 17:02:48 - [TEST_STEP][PASSED] - click(findTestObject("Olusturma/Genel/Kutular/IrsaliyeBilgileri/Ekle")): Object: 'Object Repository/Olusturma/Genel/Kutular/IrsaliyeBilgileri/Ekle' is clicked on

2021-11-23 17:02:48 - [MESSAGE][INFO] - Finding Test Object 'Object Repository/Olusturma/Genel/Kutular/IrsaliyeBilgileri/Ekle'

2021-11-23 17:02:48 - [MESSAGE][INFO] - Checking object

2021-11-23 17:02:48 - [MESSAGE][INFO] - Finding web element from Test Object's properties

2021-11-23 17:02:48 - [MESSAGE][INFO] - Checking timeout

2021-11-23 17:02:48 - [MESSAGE][INFO] - Finding web element with id: 'Object Repository/Olusturma/Genel/Kutular/IrsaliyeBilgileri/Ekle' located by 'By.xpath: //*[@id = 'DXEditorgvUserInvoiceBillsNewRowBtn']' in '30' second(s)

2021-11-23 17:02:48 - [MESSAGE][INFO] - Smart Wait Function is triggered

2021-11-23 17:02:48 - [MESSAGE][INFO] - Found 1 web elements with id: 'Object Repository/Olusturma/Genel/Kutular/IrsaliyeBilgileri/Ekle' located by 'By.xpath: //*[@id = 'DXEditorgvUserInvoiceBillsNewRowBtn']' in '30' second(s)

2021-11-23 17:02:48 - [MESSAGE][INFO] - Clicking on object: 'Object Repository/Olusturma/Genel/Kutular/IrsaliyeBilgileri/Ekle'

2021-11-23 17:02:48 - [MESSAGE][PASSED] - Object: 'Object Repository/Olusturma/Genel/Kutular/IrsaliyeBilgileri/Ekle' is clicked on

2021-11-23 17:02:48 - [TEST_STEP][PASSED] - waitForElementPresent(findTestObject("Object Repository/Olusturma/Genel/Kutular/IrsaliyeBilgileri/IrsaliyeNumarasi"), 10): Object 'Object Repository/Olusturma/Genel/Kutular/IrsaliyeBilgileri/IrsaliyeNumarasi' is present

2021-11-23 17:02:48 - [MESSAGE][INFO] - Finding Test Object 'Object Repository/Olusturma/Genel/Kutular/IrsaliyeBilgileri/IrsaliyeNumarasi'

2021-11-23 17:02:48 - [MESSAGE][INFO] - Checking object

2021-11-23 17:02:48 - [MESSAGE][INFO] - Finding web element from Test Object's properties

2021-11-23 17:02:48 - [MESSAGE][INFO] - Checking timeout

2021-11-23 17:02:48 - [MESSAGE][INFO] - Finding web element with id: 'Object Repository/Olusturma/Genel/Kutular/IrsaliyeBilgileri/IrsaliyeNumarasi' located by 'By.xpath: //*[@id = 'gvUserInvoiceBills_DXEditor1_I']' in '10' second(s)

2021-11-23 17:02:48 - [MESSAGE][INFO] - Smart Wait Function is triggered

2021-11-23 17:02:48 - [MESSAGE][INFO] - Smart Wait Function is triggered

2021-11-23 17:02:49 - [MESSAGE][INFO] - Found 1 web elements with id: 'Object Repository/Olusturma/Genel/Kutular/IrsaliyeBilgileri/IrsaliyeNumarasi' located by 'By.xpath: //*[@id = 'gvUserInvoiceBills_DXEditor1_I']' in '10' second(s)

2021-11-23 17:02:49 - [MESSAGE][PASSED] - Object 'Object Repository/Olusturma/Genel/Kutular/IrsaliyeBilgileri/IrsaliyeNumarasi' is present

2021-11-23 17:02:49 - [TEST_STEP][PASSED] - clearText(findTestObject("Object Repository/Olusturma/Genel/Kutular/IrsaliyeBilgileri/IrsaliyeNumarasi")): Text of object 'Object Repository/Olusturma/Genel/Kutular/IrsaliyeBilgileri/IrsaliyeNumarasi' is cleared

2021-11-23 17:02:49 - [MESSAGE][INFO] - Finding Test Object 'Object Repository/Olusturma/Genel/Kutular/IrsaliyeBilgileri/IrsaliyeNumarasi'

2021-11-23 17:02:49 - [MESSAGE][INFO] - Checking object

2021-11-23 17:02:49 - [MESSAGE][INFO] - Finding web element from Test Object's properties

2021-11-23 17:02:49 - [MESSAGE][INFO] - Checking timeout

2021-11-23 17:02:49 - [MESSAGE][INFO] - Finding web element with id: 'Object Repository/Olusturma/Genel/Kutular/IrsaliyeBilgileri/IrsaliyeNumarasi' located by 'By.xpath: //*[@id = 'gvUserInvoiceBills_DXEditor1_I']' in '30' second(s)

2021-11-23 17:02:49 - [MESSAGE][INFO] - Smart Wait Function is triggered

2021-11-23 17:02:50 - [MESSAGE][INFO] - Found 1 web elements with id: 'Object Repository/Olusturma/Genel/Kutular/IrsaliyeBilgileri/IrsaliyeNumarasi' located by 'By.xpath: //*[@id = 'gvUserInvoiceBills_DXEditor1_I']' in '30' second(s)

2021-11-23 17:02:50 - [MESSAGE][INFO] - Clearing text of object 'Object Repository/Olusturma/Genel/Kutular/IrsaliyeBilgileri/IrsaliyeNumarasi'

2021-11-23 17:02:50 - [MESSAGE][PASSED] - Text of object 'Object Repository/Olusturma/Genel/Kutular/IrsaliyeBilgileri/IrsaliyeNumarasi' is cleared

2021-11-23 17:02:50 - [TEST_STEP][PASSED] - sendKeys(findTestObject("Object Repository/Olusturma/Genel/Kutular/IrsaliyeBilgileri/IrsaliyeNumarasi"), Numara): Keys 'AAAAAAAAAA' sent to object: 'Object Repository/Olusturma/Genel/Kutular/IrsaliyeBilgileri/IrsaliyeNumarasi'

2021-11-23 17:02:50 - [MESSAGE][INFO] - Finding Test Object 'Object Repository/Olusturma/Genel/Kutular/IrsaliyeBilgileri/IrsaliyeNumarasi'

2021-11-23 17:02:50 - [MESSAGE][INFO] - Sending keys 'AAAAAAAAAA' to object: 'Object Repository/Olusturma/Genel/Kutular/IrsaliyeBilgileri/IrsaliyeNumarasi'

2021-11-23 17:02:50 - [MESSAGE][INFO] - Finding web element from Test Object's properties

2021-11-23 17:02:50 - [MESSAGE][INFO] - Checking timeout

2021-11-23 17:02:50 - [MESSAGE][INFO] - Finding web element with id: 'Object Repository/Olusturma/Genel/Kutular/IrsaliyeBilgileri/IrsaliyeNumarasi' located by 'By.xpath: //*[@id = 'gvUserInvoiceBills_DXEditor1_I']' in '30' second(s)

2021-11-23 17:02:50 - [MESSAGE][INFO] - Smart Wait Function is triggered

2021-11-23 17:02:50 - [MESSAGE][INFO] - Found 1 web elements with id: 'Object Repository/Olusturma/Genel/Kutular/IrsaliyeBilgileri/IrsaliyeNumarasi' located by 'By.xpath: //*[@id = 'gvUserInvoiceBills_DXEditor1_I']' in '30' second(s)

2021-11-23 17:02:50 - [MESSAGE][PASSED] - Keys 'AAAAAAAAAA' sent to object: 'Object Repository/Olusturma/Genel/Kutular/IrsaliyeBilgileri/IrsaliyeNumarasi'

2021-11-23 17:02:50 - [TEST_STEP][PASSED] - waitForElementClickable(findTestObject("Object Repository/Olusturma/Genel/Kutular/IrsaliyeBilgileri/IrsaliyeTarihi"), 10): Object 'Object Repository/Olusturma/Genel/Kutular/IrsaliyeBilgileri/IrsaliyeTarihi' is clickable

2021-11-23 17:02:50 - [MESSAGE][INFO] - Finding Test Object 'Object Repository/Olusturma/Genel/Kutular/IrsaliyeBilgileri/IrsaliyeTarihi'

2021-11-23 17:02:50 - [MESSAGE][INFO] - Checking object

2021-11-23 17:02:50 - [MESSAGE][INFO] - Checking timeout

2021-11-23 17:02:50 - [MESSAGE][INFO] - Finding web element from Test Object's properties

2021-11-23 17:02:50 - [MESSAGE][INFO] - Checking timeout

2021-11-23 17:02:50 - [MESSAGE][INFO] - Finding web element with id: 'Object Repository/Olusturma/Genel/Kutular/IrsaliyeBilgileri/IrsaliyeTarihi' located by 'By.xpath: //*[@id = 'gvUserInvoiceBills_DXEditor2_I']' in '10' second(s)

2021-11-23 17:02:50 - [MESSAGE][INFO] - Smart Wait Function is triggered

2021-11-23 17:02:50 - [MESSAGE][INFO] - Found 1 web elements with id: 'Object Repository/Olusturma/Genel/Kutular/IrsaliyeBilgileri/IrsaliyeTarihi' located by 'By.xpath: //*[@id = 'gvUserInvoiceBills_DXEditor2_I']' in '10' second(s)

2021-11-23 17:02:50 - [MESSAGE][PASSED] - Object 'Object Repository/Olusturma/Genel/Kutular/IrsaliyeBilgileri/IrsaliyeTarihi' is clickable

2021-11-23 17:02:50 - [TEST_STEP][PASSED] - click(findTestObject("Object Repository/Olusturma/Genel/Kutular/IrsaliyeBilgileri/IrsaliyeTarihi")): Object: 'Object Repository/Olusturma/Genel/Kutular/IrsaliyeBilgileri/IrsaliyeTarihi' is clicked on

2021-11-23 17:02:50 - [MESSAGE][INFO] - Finding Test Object 'Object Repository/Olusturma/Genel/Kutular/IrsaliyeBilgileri/IrsaliyeTarihi'

2021-11-23 17:02:51 - [MESSAGE][INFO] - Checking object

2021-11-23 17:02:51 - [MESSAGE][INFO] - Finding web element from Test Object's properties

2021-11-23 17:02:51 - [MESSAGE][INFO] - Checking timeout

2021-11-23 17:02:51 - [MESSAGE][INFO] - Finding web element with id: 'Object Repository/Olusturma/Genel/Kutular/IrsaliyeBilgileri/IrsaliyeTarihi' located by 'By.xpath: //*[@id = 'gvUserInvoiceBills_DXEditor2_I']' in '30' second(s)

2021-11-23 17:02:51 - [MESSAGE][INFO] - Smart Wait Function is triggered

2021-11-23 17:02:51 - [MESSAGE][INFO] - Found 1 web elements with id: 'Object Repository/Olusturma/Genel/Kutular/IrsaliyeBilgileri/IrsaliyeTarihi' located by 'By.xpath: //*[@id = 'gvUserInvoiceBills_DXEditor2_I']' in '30' second(s)

2021-11-23 17:02:51 - [MESSAGE][INFO] - Clicking on object: 'Object Repository/Olusturma/Genel/Kutular/IrsaliyeBilgileri/IrsaliyeTarihi'

2021-11-23 17:02:51 - [MESSAGE][PASSED] - Object: 'Object Repository/Olusturma/Genel/Kutular/IrsaliyeBilgileri/IrsaliyeTarihi' is clicked on

2021-11-23 17:02:51 - [TEST_STEP][PASSED] - sendKeys(findTestObject("Object Repository/Olusturma/Genel/Kutular/IrsaliyeBilgileri/IrsaliyeTarihi"), Tarih): Keys '31.04.2020' sent to object: 'Object Repository/Olusturma/Genel/Kutular/IrsaliyeBilgileri/IrsaliyeTarihi'

2021-11-23 17:02:51 - [MESSAGE][INFO] - Finding Test Object 'Object Repository/Olusturma/Genel/Kutular/IrsaliyeBilgileri/IrsaliyeTarihi'

2021-11-23 17:02:51 - [MESSAGE][INFO] - Sending keys '31.04.2020' to object: 'Object Repository/Olusturma/Genel/Kutular/IrsaliyeBilgileri/IrsaliyeTarihi'

2021-11-23 17:02:51 - [MESSAGE][INFO] - Finding web element from Test Object's properties

2021-11-23 17:02:51 - [MESSAGE][INFO] - Checking timeout

2021-11-23 17:02:51 - [MESSAGE][INFO] - Finding web element with id: 'Object Repository/Olusturma/Genel/Kutular/IrsaliyeBilgileri/IrsaliyeTarihi' located by 'By.xpath: //*[@id = 'gvUserInvoiceBills_DXEditor2_I']' in '30' second(s)

2021-11-23 17:02:51 - [MESSAGE][INFO] - Smart Wait Function is triggered

2021-11-23 17:02:51 - [MESSAGE][INFO] - Found 1 web elements with id: 'Object Repository/Olusturma/Genel/Kutular/IrsaliyeBilgileri/IrsaliyeTarihi' located by 'By.xpath: //*[@id = 'gvUserInvoiceBills_DXEditor2_I']' in '30' second(s)

2021-11-23 17:02:51 - [MESSAGE][PASSED] - Keys '31.04.2020' sent to object: 'Object Repository/Olusturma/Genel/Kutular/IrsaliyeBilgileri/IrsaliyeTarihi'

2021-11-23 17:02:51 - [MESSAGE][PASSED] - Call Test Case 'Test Cases/Olusturma/Genel/Kutular/IrsaliyeBilgileri' successfully

2021-11-23 17:02:51 - [MESSAGE][INFO] - Checking called Test Case

2021-11-23 17:02:51 - [MESSAGE][INFO] - Starting to call Test Case 'Test Cases/Olusturma/Genel/EkleButonunaBasilir'

2021-11-23 17:02:52 - [TEST_CASE][PASSED] - Test Cases/Olusturma/Genel/EkleButonunaBasilir: Test Cases/Olusturma/Genel/EkleButonunaBasilir

2021-11-23 17:02:52 - [TEST_STEP][PASSED] - waitForElementClickable(findTestObject("Object Repository/Olusturma/Genel/Olusturma/Ekle"), 10): Object 'Object Repository/Olusturma/Genel/Olusturma/Ekle' is clickable

2021-11-23 17:02:52 - [MESSAGE][INFO] - Finding Test Object 'Object Repository/Olusturma/Genel/Olusturma/Ekle'

2021-11-23 17:02:52 - [MESSAGE][INFO] - Checking object

2021-11-23 17:02:52 - [MESSAGE][INFO] - Checking timeout

2021-11-23 17:02:52 - [MESSAGE][INFO] - Finding web element from Test Object's properties

2021-11-23 17:02:52 - [MESSAGE][INFO] - Checking timeout

2021-11-23 17:02:52 - [MESSAGE][INFO] - Finding web element with id: 'Object Repository/Olusturma/Genel/Olusturma/Ekle' located by 'By.cssSelector: #divmalhizmet i.fa.fa-plus.fa-lg.text-muted' in '10' second(s)

2021-11-23 17:02:52 - [MESSAGE][INFO] - Smart Wait Function is triggered

2021-11-23 17:02:52 - [MESSAGE][INFO] - Found 1 web elements with id: 'Object Repository/Olusturma/Genel/Olusturma/Ekle' located by 'By.cssSelector: #divmalhizmet i.fa.fa-plus.fa-lg.text-muted' in '10' second(s)

2021-11-23 17:02:52 - [MESSAGE][PASSED] - Object 'Object Repository/Olusturma/Genel/Olusturma/Ekle' is clickable

2021-11-23 17:02:52 - [TEST_STEP][PASSED] - click(findTestObject("Object Repository/Olusturma/Genel/Olusturma/Ekle")): Object: 'Object Repository/Olusturma/Genel/Olusturma/Ekle' is clicked on

2021-11-23 17:02:52 - [MESSAGE][INFO] - Finding Test Object 'Object Repository/Olusturma/Genel/Olusturma/Ekle'

2021-11-23 17:02:52 - [MESSAGE][INFO] - Checking object

2021-11-23 17:02:52 - [MESSAGE][INFO] - Finding web element from Test Object's properties

2021-11-23 17:02:52 - [MESSAGE][INFO] - Checking timeout

2021-11-23 17:02:52 - [MESSAGE][INFO] - Finding web element with id: 'Object Repository/Olusturma/Genel/Olusturma/Ekle' located by 'By.cssSelector: #divmalhizmet i.fa.fa-plus.fa-lg.text-muted' in '30' second(s)

2021-11-23 17:02:52 - [MESSAGE][INFO] - Smart Wait Function is triggered

2021-11-23 17:02:52 - [MESSAGE][INFO] - Found 1 web elements with id: 'Object Repository/Olusturma/Genel/Olusturma/Ekle' located by 'By.cssSelector: #divmalhizmet i.fa.fa-plus.fa-lg.text-muted' in '30' second(s)

2021-11-23 17:02:52 - [MESSAGE][INFO] - Clicking on object: 'Object Repository/Olusturma/Genel/Olusturma/Ekle'

2021-11-23 17:02:52 - [MESSAGE][PASSED] - Object: 'Object Repository/Olusturma/Genel/Olusturma/Ekle' is clicked on

2021-11-23 17:02:52 - [TEST_STEP][PASSED] - waitForElementClickable(findTestObject("Olusturma/Genel/Olusturma/EklenenSatirCarpiImage"), 10): Object 'Object Repository/Olusturma/Genel/Olusturma/EklenenSatirCarpiImage' is clickable

2021-11-23 17:02:52 - [MESSAGE][INFO] - Finding Test Object 'Object Repository/Olusturma/Genel/Olusturma/EklenenSatirCarpiImage'

2021-11-23 17:02:52 - [MESSAGE][INFO] - Checking object

2021-11-23 17:02:52 - [MESSAGE][INFO] - Checking timeout

2021-11-23 17:02:52 - [MESSAGE][INFO] - Finding web element from Test Object's properties

2021-11-23 17:02:52 - [MESSAGE][INFO] - Checking timeout

2021-11-23 17:02:52 - [MESSAGE][INFO] - Finding web element with id: 'Object Repository/Olusturma/Genel/Olusturma/EklenenSatirCarpiImage' located by 'By.cssSelector: .fa.fa-times.fa-lg.text-primary' in '10' second(s)

2021-11-23 17:02:52 - [MESSAGE][INFO] - Smart Wait Function is triggered

2021-11-23 17:02:53 - [MESSAGE][INFO] - Found 1 web elements with id: 'Object Repository/Olusturma/Genel/Olusturma/EklenenSatirCarpiImage' located by 'By.cssSelector: .fa.fa-times.fa-lg.text-primary' in '10' second(s)

2021-11-23 17:02:53 - [MESSAGE][PASSED] - Object 'Object Repository/Olusturma/Genel/Olusturma/EklenenSatirCarpiImage' is clickable

2021-11-23 17:02:53 - [MESSAGE][PASSED] - Call Test Case 'Test Cases/Olusturma/Genel/EkleButonunaBasilir' successfully

2021-11-23 17:02:53 - [MESSAGE][INFO] - Checking called Test Case

2021-11-23 17:02:53 - [MESSAGE][INFO] - Starting to call Test Case 'Test Cases/Olusturma/Genel/Olusturma'

2021-11-23 17:02:53 - [TEST_CASE][PASSED] - Test Cases/Olusturma/Genel/Olusturma: Test Cases/Olusturma/Genel/Olusturma

2021-11-23 17:02:53 - [TEST_STEP][PASSED] - driver = getWebDriver(): null

2021-11-23 17:02:53 - [TEST_STEP][PASSED] - action = new org.openqa.selenium.interactions.Actions(driver): null

2021-11-23 17:02:53 - [TEST_STEP][PASSED] - baslikElement = <not implemented yet for class: org.codehaus.groovy.ast.expr.EmptyExpression>: null

2021-11-23 17:02:53 - [TEST_STEP][PASSED] - sonElement = <not implemented yet for class: org.codehaus.groovy.ast.expr.EmptyExpression>: null

2021-11-23 17:02:53 - [TEST_STEP][PASSED] - attr = <not implemented yet for class: org.codehaus.groovy.ast.expr.EmptyExpression>: null

2021-11-23 17:02:53 - [TEST_STEP][PASSED] - a = 0: null

2021-11-23 17:02:53 - [TEST_STEP][PASSED] - elements = findWebElements(findTestObject("Object Repository/Olusturma/Genel/Olusturma/TabloBasliklari"), 10): Found 14 web elements with id: 'Object Repository/Olusturma/Genel/Olusturma/TabloBasliklari' located by 'By.cssSelector: div#divmalhizmet .dxgvTable_LECustomTheme td.dxgvHeader_LECustomTheme tr>td:nth-child(1)' in '10' second(s)

2021-11-23 17:02:53 - [MESSAGE][INFO] - Finding Test Object 'Object Repository/Olusturma/Genel/Olusturma/TabloBasliklari'

2021-11-23 17:02:53 - [MESSAGE][INFO] - Checking timeout

2021-11-23 17:02:53 - [MESSAGE][INFO] - Finding web element with id: 'Object Repository/Olusturma/Genel/Olusturma/TabloBasliklari' located by 'By.cssSelector: div#divmalhizmet .dxgvTable_LECustomTheme td.dxgvHeader_LECustomTheme tr>td:nth-child(1)' in '10' second(s)

2021-11-23 17:02:53 - [MESSAGE][INFO] - Smart Wait Function is triggered

2021-11-23 17:02:54 - [MESSAGE][INFO] - Found 14 web elements with id: 'Object Repository/Olusturma/Genel/Olusturma/TabloBasliklari' located by 'By.cssSelector: div#divmalhizmet .dxgvTable_LECustomTheme td.dxgvHeader_LECustomTheme tr>td:nth-child(1)' in '10' second(s)

2021-11-23 17:02:54 - [TEST_STEP][PASSED] - for (def element : elements): null

2021-11-23 17:02:54 - [TEST_STEP][PASSED] - build().perform(): null

2021-11-23 17:02:54 - [TEST_STEP][PASSED] - if (getText().equals(Baslik)): null

2021-11-23 17:02:54 - [TEST_STEP][PASSED] - baslikElement = element.findElement(By.xpath("../../../..")): Smart Wait Function is triggered

2021-11-23 17:02:54 - [MESSAGE][INFO] - Smart Wait Function is triggered

2021-11-23 17:02:54 - [TEST_STEP][PASSED] - attr = baslikElement.getAttribute("id"): null

2021-11-23 17:02:54 - [TEST_STEP][PASSED] - println("girdi ve idsini aldı = " + attr): null

2021-11-23 17:02:54 - [TEST_STEP][PASSED] - break: null

2021-11-23 17:02:54 - [TEST_STEP][PASSED] - countElement = baslikElement.findElements(By.xpath("../td")): Smart Wait Function is triggered

2021-11-23 17:02:54 - [MESSAGE][INFO] - Smart Wait Function is triggered

2021-11-23 17:02:55 - [TEST_STEP][PASSED] - for (def element : countElement): null

2021-11-23 17:02:55 - [TEST_STEP][PASSED] - if (toString().equals(attr.toString())): null

2021-11-23 17:02:55 - [TEST_STEP][PASSED] - (a++): null

2021-11-23 17:02:55 - [TEST_STEP][PASSED] - if (toString().equals(attr.toString())): null

2021-11-23 17:02:55 - [TEST_STEP][PASSED] - break: null

2021-11-23 17:02:55 - [TEST_STEP][PASSED] - son = findWebElement(findTestObject("Object Repository/Olusturma/Genel/Olusturma/EklenenSatir")).findElement(By.xpath("td[@class='dxgvInlineEditCell_LECustomTheme dxgv'][" + a + "]//td[@class='dxic']/input")): Smart Wait Function is triggered

2021-11-23 17:02:55 - [MESSAGE][INFO] - Finding Test Object 'Object Repository/Olusturma/Genel/Olusturma/EklenenSatir'

2021-11-23 17:02:55 - [MESSAGE][INFO] - Finding web element from Test Object's properties

2021-11-23 17:02:55 - [MESSAGE][INFO] - Checking timeout

2021-11-23 17:02:55 - [MESSAGE][INFO] - Finding web element with id: 'Object Repository/Olusturma/Genel/Olusturma/EklenenSatir' located by 'By.cssSelector: #divmalhizmet .dxgvInlineEditRow_LECustomTheme' in '30' second(s)

2021-11-23 17:02:55 - [MESSAGE][INFO] - Smart Wait Function is triggered

2021-11-23 17:02:55 - [MESSAGE][INFO] - Found 1 web elements with id: 'Object Repository/Olusturma/Genel/Olusturma/EklenenSatir' located by 'By.cssSelector: #divmalhizmet .dxgvInlineEditRow_LECustomTheme' in '30' second(s)

2021-11-23 17:02:55 - [MESSAGE][INFO] - Smart Wait Function is triggered

2021-11-23 17:02:55 - [TEST_STEP][PASSED] - if (!(getAttribute("value").contains("Vkn"))): null

2021-11-23 17:02:55 - [TEST_STEP][PASSED] - son.clear(): null

2021-11-23 17:02:56 - [TEST_STEP][PASSED] - son.sendKeys(Deger): null

2021-11-23 17:02:56 - [MESSAGE][PASSED] - Call Test Case 'Test Cases/Olusturma/Genel/Olusturma' successfully

2021-11-23 17:02:56 - [MESSAGE][INFO] - Checking called Test Case

2021-11-23 17:02:56 - [MESSAGE][INFO] - Starting to call Test Case 'Test Cases/Olusturma/Genel/Olusturma'

2021-11-23 17:02:56 - [TEST_CASE][PASSED] - Test Cases/Olusturma/Genel/Olusturma: Test Cases/Olusturma/Genel/Olusturma

2021-11-23 17:02:56 - [TEST_STEP][PASSED] - driver = getWebDriver(): null

2021-11-23 17:02:56 - [TEST_STEP][PASSED] - action = new org.openqa.selenium.interactions.Actions(driver): null

2021-11-23 17:02:56 - [TEST_STEP][PASSED] - baslikElement = <not implemented yet for class: org.codehaus.groovy.ast.expr.EmptyExpression>: null

2021-11-23 17:02:56 - [TEST_STEP][PASSED] - sonElement = <not implemented yet for class: org.codehaus.groovy.ast.expr.EmptyExpression>: null

2021-11-23 17:02:56 - [TEST_STEP][PASSED] - attr = <not implemented yet for class: org.codehaus.groovy.ast.expr.EmptyExpression>: null

2021-11-23 17:02:56 - [TEST_STEP][PASSED] - a = 0: null

2021-11-23 17:02:56 - [TEST_STEP][PASSED] - elements = findWebElements(findTestObject("Object Repository/Olusturma/Genel/Olusturma/TabloBasliklari"), 10): Found 14 web elements with id: 'Object Repository/Olusturma/Genel/Olusturma/TabloBasliklari' located by 'By.cssSelector: div#divmalhizmet .dxgvTable_LECustomTheme td.dxgvHeader_LECustomTheme tr>td:nth-child(1)' in '10' second(s)

2021-11-23 17:02:56 - [MESSAGE][INFO] - Finding Test Object 'Object Repository/Olusturma/Genel/Olusturma/TabloBasliklari'

2021-11-23 17:02:56 - [MESSAGE][INFO] - Checking timeout

2021-11-23 17:02:56 - [MESSAGE][INFO] - Finding web element with id: 'Object Repository/Olusturma/Genel/Olusturma/TabloBasliklari' located by 'By.cssSelector: div#divmalhizmet .dxgvTable_LECustomTheme td.dxgvHeader_LECustomTheme tr>td:nth-child(1)' in '10' second(s)

2021-11-23 17:02:56 - [MESSAGE][INFO] - Smart Wait Function is triggered

2021-11-23 17:02:56 - [MESSAGE][INFO] - Found 14 web elements with id: 'Object Repository/Olusturma/Genel/Olusturma/TabloBasliklari' located by 'By.cssSelector: div#divmalhizmet .dxgvTable_LECustomTheme td.dxgvHeader_LECustomTheme tr>td:nth-child(1)' in '10' second(s)

2021-11-23 17:02:56 - [TEST_STEP][PASSED] - for (def element : elements): null

2021-11-23 17:02:56 - [TEST_STEP][PASSED] - build().perform(): null

2021-11-23 17:02:56 - [TEST_STEP][PASSED] - if (getText().equals(Baslik)): null

2021-11-23 17:02:56 - [TEST_STEP][PASSED] - build().perform(): null

2021-11-23 17:02:56 - [TEST_STEP][PASSED] - if (getText().equals(Baslik)): null

2021-11-23 17:02:56 - [TEST_STEP][PASSED] - baslikElement = element.findElement(By.xpath("../../../..")): Smart Wait Function is triggered

2021-11-23 17:02:56 - [MESSAGE][INFO] - Smart Wait Function is triggered

2021-11-23 17:02:57 - [TEST_STEP][PASSED] - attr = baslikElement.getAttribute("id"): null

2021-11-23 17:02:57 - [TEST_STEP][PASSED] - println("girdi ve idsini aldı = " + attr): null

2021-11-23 17:02:57 - [TEST_STEP][PASSED] - break: null

2021-11-23 17:02:57 - [TEST_STEP][PASSED] - countElement = baslikElement.findElements(By.xpath("../td")): Smart Wait Function is triggered

2021-11-23 17:02:57 - [MESSAGE][INFO] - Smart Wait Function is triggered

2021-11-23 17:02:57 - [TEST_STEP][PASSED] - for (def element : countElement): null

2021-11-23 17:02:57 - [TEST_STEP][PASSED] - if (toString().equals(attr.toString())): null

2021-11-23 17:02:57 - [TEST_STEP][PASSED] - (a++): null

2021-11-23 17:02:57 - [TEST_STEP][PASSED] - if (toString().equals(attr.toString())): null

2021-11-23 17:02:57 - [TEST_STEP][PASSED] - (a++): null

2021-11-23 17:02:57 - [TEST_STEP][PASSED] - if (toString().equals(attr.toString())): null

2021-11-23 17:02:57 - [TEST_STEP][PASSED] - break: null

2021-11-23 17:02:57 - [TEST_STEP][PASSED] - son = findWebElement(findTestObject("Object Repository/Olusturma/Genel/Olusturma/EklenenSatir")).findElement(By.xpath("td[@class='dxgvInlineEditCell_LECustomTheme dxgv'][" + a + "]//td[@class='dxic']/input")): Smart Wait Function is triggered

2021-11-23 17:02:57 - [MESSAGE][INFO] - Finding Test Object 'Object Repository/Olusturma/Genel/Olusturma/EklenenSatir'

2021-11-23 17:02:57 - [MESSAGE][INFO] - Finding web element from Test Object's properties

2021-11-23 17:02:57 - [MESSAGE][INFO] - Checking timeout

2021-11-23 17:02:57 - [MESSAGE][INFO] - Finding web element with id: 'Object Repository/Olusturma/Genel/Olusturma/EklenenSatir' located by 'By.cssSelector: #divmalhizmet .dxgvInlineEditRow_LECustomTheme' in '30' second(s)

2021-11-23 17:02:57 - [MESSAGE][INFO] - Smart Wait Function is triggered

2021-11-23 17:02:57 - [MESSAGE][INFO] - Found 1 web elements with id: 'Object Repository/Olusturma/Genel/Olusturma/EklenenSatir' located by 'By.cssSelector: #divmalhizmet .dxgvInlineEditRow_LECustomTheme' in '30' second(s)

2021-11-23 17:02:57 - [MESSAGE][INFO] - Smart Wait Function is triggered

2021-11-23 17:02:58 - [TEST_STEP][PASSED] - if (!(getAttribute("value").contains("Vkn"))): null

2021-11-23 17:02:58 - [TEST_STEP][PASSED] - son.clear(): null

2021-11-23 17:02:58 - [TEST_STEP][PASSED] - son.sendKeys(Deger): null

2021-11-23 17:02:58 - [MESSAGE][PASSED] - Call Test Case 'Test Cases/Olusturma/Genel/Olusturma' successfully

2021-11-23 17:02:58 - [MESSAGE][INFO] - Checking called Test Case

2021-11-23 17:02:58 - [MESSAGE][INFO] - Starting to call Test Case 'Test Cases/Olusturma/Genel/Olusturma'

2021-11-23 17:02:58 - [TEST_CASE][PASSED] - Test Cases/Olusturma/Genel/Olusturma: Test Cases/Olusturma/Genel/Olusturma

2021-11-23 17:02:58 - [TEST_STEP][PASSED] - driver = getWebDriver(): null

2021-11-23 17:02:58 - [TEST_STEP][PASSED] - action = new org.openqa.selenium.interactions.Actions(driver): null

2021-11-23 17:02:58 - [TEST_STEP][PASSED] - baslikElement = <not implemented yet for class: org.codehaus.groovy.ast.expr.EmptyExpression>: null

2021-11-23 17:02:58 - [TEST_STEP][PASSED] - sonElement = <not implemented yet for class: org.codehaus.groovy.ast.expr.EmptyExpression>: null

2021-11-23 17:02:58 - [TEST_STEP][PASSED] - attr = <not implemented yet for class: org.codehaus.groovy.ast.expr.EmptyExpression>: null

2021-11-23 17:02:58 - [TEST_STEP][PASSED] - a = 0: null

2021-11-23 17:02:58 - [TEST_STEP][PASSED] - elements = findWebElements(findTestObject("Object Repository/Olusturma/Genel/Olusturma/TabloBasliklari"), 10): Found 14 web elements with id: 'Object Repository/Olusturma/Genel/Olusturma/TabloBasliklari' located by 'By.cssSelector: div#divmalhizmet .dxgvTable_LECustomTheme td.dxgvHeader_LECustomTheme tr>td:nth-child(1)' in '10' second(s)

2021-11-23 17:02:58 - [MESSAGE][INFO] - Finding Test Object 'Object Repository/Olusturma/Genel/Olusturma/TabloBasliklari'

2021-11-23 17:02:58 - [MESSAGE][INFO] - Checking timeout

2021-11-23 17:02:58 - [MESSAGE][INFO] - Finding web element with id: 'Object Repository/Olusturma/Genel/Olusturma/TabloBasliklari' located by 'By.cssSelector: div#divmalhizmet .dxgvTable_LECustomTheme td.dxgvHeader_LECustomTheme tr>td:nth-child(1)' in '10' second(s)

2021-11-23 17:02:58 - [MESSAGE][INFO] - Smart Wait Function is triggered

2021-11-23 17:02:59 - [MESSAGE][INFO] - Found 14 web elements with id: 'Object Repository/Olusturma/Genel/Olusturma/TabloBasliklari' located by 'By.cssSelector: div#divmalhizmet .dxgvTable_LECustomTheme td.dxgvHeader_LECustomTheme tr>td:nth-child(1)' in '10' second(s)

2021-11-23 17:02:59 - [TEST_STEP][PASSED] - for (def element : elements): null

2021-11-23 17:02:59 - [TEST_STEP][PASSED] - build().perform(): null

2021-11-23 17:02:59 - [TEST_STEP][PASSED] - if (getText().equals(Baslik)): null

2021-11-23 17:02:59 - [TEST_STEP][PASSED] - build().perform(): null

2021-11-23 17:02:59 - [TEST_STEP][PASSED] - if (getText().equals(Baslik)): null

2021-11-23 17:02:59 - [TEST_STEP][PASSED] - build().perform(): null

2021-11-23 17:02:59 - [TEST_STEP][PASSED] - if (getText().equals(Baslik)): null

2021-11-23 17:02:59 - [TEST_STEP][PASSED] - build().perform(): null

2021-11-23 17:02:59 - [TEST_STEP][PASSED] - if (getText().equals(Baslik)): null

2021-11-23 17:02:59 - [TEST_STEP][PASSED] - baslikElement = element.findElement(By.xpath("../../../..")): Smart Wait Function is triggered

2021-11-23 17:02:59 - [MESSAGE][INFO] - Smart Wait Function is triggered

2021-11-23 17:02:59 - [TEST_STEP][PASSED] - attr = baslikElement.getAttribute("id"): null

2021-11-23 17:02:59 - [TEST_STEP][PASSED] - println("girdi ve idsini aldı = " + attr): null

2021-11-23 17:02:59 - [TEST_STEP][PASSED] - break: null

2021-11-23 17:02:59 - [TEST_STEP][PASSED] - countElement = baslikElement.findElements(By.xpath("../td")): Smart Wait Function is triggered

2021-11-23 17:02:59 - [MESSAGE][INFO] - Smart Wait Function is triggered

2021-11-23 17:03:00 - [TEST_STEP][PASSED] - for (def element : countElement): null

2021-11-23 17:03:00 - [TEST_STEP][PASSED] - if (toString().equals(attr.toString())): null

2021-11-23 17:03:00 - [TEST_STEP][PASSED] - (a++): null

2021-11-23 17:03:00 - [TEST_STEP][PASSED] - if (toString().equals(attr.toString())): null

2021-11-23 17:03:00 - [TEST_STEP][PASSED] - (a++): null

2021-11-23 17:03:00 - [TEST_STEP][PASSED] - if (toString().equals(attr.toString())): null

2021-11-23 17:03:00 - [TEST_STEP][PASSED] - (a++): null

2021-11-23 17:03:00 - [TEST_STEP][PASSED] - if (toString().equals(attr.toString())): null

2021-11-23 17:03:00 - [TEST_STEP][PASSED] - (a++): null

2021-11-23 17:03:00 - [TEST_STEP][PASSED] - if (toString().equals(attr.toString())): null

2021-11-23 17:03:00 - [TEST_STEP][PASSED] - break: null

2021-11-23 17:03:00 - [TEST_STEP][PASSED] - son = findWebElement(findTestObject("Object Repository/Olusturma/Genel/Olusturma/EklenenSatir")).findElement(By.xpath("td[@class='dxgvInlineEditCell_LECustomTheme dxgv'][" + a + "]//td[@class='dxic']/input")): Smart Wait Function is triggered

2021-11-23 17:03:00 - [MESSAGE][INFO] - Finding Test Object 'Object Repository/Olusturma/Genel/Olusturma/EklenenSatir'

2021-11-23 17:03:00 - [MESSAGE][INFO] - Finding web element from Test Object's properties

2021-11-23 17:03:00 - [MESSAGE][INFO] - Checking timeout

2021-11-23 17:03:00 - [MESSAGE][INFO] - Finding web element with id: 'Object Repository/Olusturma/Genel/Olusturma/EklenenSatir' located by 'By.cssSelector: #divmalhizmet .dxgvInlineEditRow_LECustomTheme' in '30' second(s)

2021-11-23 17:03:00 - [MESSAGE][INFO] - Smart Wait Function is triggered

2021-11-23 17:03:00 - [MESSAGE][INFO] - Found 1 web elements with id: 'Object Repository/Olusturma/Genel/Olusturma/EklenenSatir' located by 'By.cssSelector: #divmalhizmet .dxgvInlineEditRow_LECustomTheme' in '30' second(s)

2021-11-23 17:03:00 - [MESSAGE][INFO] - Smart Wait Function is triggered

2021-11-23 17:03:01 - [TEST_STEP][PASSED] - if (!(getAttribute("value").contains("Vkn"))): null

2021-11-23 17:03:01 - [TEST_STEP][PASSED] - son.clear(): null

2021-11-23 17:03:01 - [TEST_STEP][PASSED] - son.sendKeys(Deger): null

2021-11-23 17:03:01 - [MESSAGE][PASSED] - Call Test Case 'Test Cases/Olusturma/Genel/Olusturma' successfully

2021-11-23 17:03:01 - [MESSAGE][INFO] - Checking called Test Case

2021-11-23 17:03:01 - [MESSAGE][INFO] - Starting to call Test Case 'Test Cases/Olusturma/Genel/Olusturma'

2021-11-23 17:03:01 - [TEST_CASE][PASSED] - Test Cases/Olusturma/Genel/Olusturma: Test Cases/Olusturma/Genel/Olusturma

2021-11-23 17:03:01 - [TEST_STEP][PASSED] - driver = getWebDriver(): null

2021-11-23 17:03:01 - [TEST_STEP][PASSED] - action = new org.openqa.selenium.interactions.Actions(driver): null

2021-11-23 17:03:01 - [TEST_STEP][PASSED] - baslikElement = <not implemented yet for class: org.codehaus.groovy.ast.expr.EmptyExpression>: null

2021-11-23 17:03:01 - [TEST_STEP][PASSED] - sonElement = <not implemented yet for class: org.codehaus.groovy.ast.expr.EmptyExpression>: null

2021-11-23 17:03:01 - [TEST_STEP][PASSED] - attr = <not implemented yet for class: org.codehaus.groovy.ast.expr.EmptyExpression>: null

2021-11-23 17:03:01 - [TEST_STEP][PASSED] - a = 0: null

2021-11-23 17:03:01 - [TEST_STEP][PASSED] - elements = findWebElements(findTestObject("Object Repository/Olusturma/Genel/Olusturma/TabloBasliklari"), 10): Found 14 web elements with id: 'Object Repository/Olusturma/Genel/Olusturma/TabloBasliklari' located by 'By.cssSelector: div#divmalhizmet .dxgvTable_LECustomTheme td.dxgvHeader_LECustomTheme tr>td:nth-child(1)' in '10' second(s)

2021-11-23 17:03:01 - [MESSAGE][INFO] - Finding Test Object 'Object Repository/Olusturma/Genel/Olusturma/TabloBasliklari'

2021-11-23 17:03:01 - [MESSAGE][INFO] - Checking timeout

2021-11-23 17:03:01 - [MESSAGE][INFO] - Finding web element with id: 'Object Repository/Olusturma/Genel/Olusturma/TabloBasliklari' located by 'By.cssSelector: div#divmalhizmet .dxgvTable_LECustomTheme td.dxgvHeader_LECustomTheme tr>td:nth-child(1)' in '10' second(s)

2021-11-23 17:03:01 - [MESSAGE][INFO] - Smart Wait Function is triggered

2021-11-23 17:03:01 - [MESSAGE][INFO] - Found 14 web elements with id: 'Object Repository/Olusturma/Genel/Olusturma/TabloBasliklari' located by 'By.cssSelector: div#divmalhizmet .dxgvTable_LECustomTheme td.dxgvHeader_LECustomTheme tr>td:nth-child(1)' in '10' second(s)

2021-11-23 17:03:01 - [TEST_STEP][PASSED] - for (def element : elements): null

2021-11-23 17:03:01 - [TEST_STEP][PASSED] - build().perform(): null

2021-11-23 17:03:01 - [TEST_STEP][PASSED] - if (getText().equals(Baslik)): null

2021-11-23 17:03:01 - [TEST_STEP][PASSED] - build().perform(): null

2021-11-23 17:03:01 - [TEST_STEP][PASSED] - if (getText().equals(Baslik)): null

2021-11-23 17:03:01 - [TEST_STEP][PASSED] - build().perform(): null

2021-11-23 17:03:02 - [TEST_STEP][PASSED] - if (getText().equals(Baslik)): null

2021-11-23 17:03:02 - [TEST_STEP][PASSED] - build().perform(): null

2021-11-23 17:03:02 - [TEST_STEP][PASSED] - if (getText().equals(Baslik)): null

2021-11-23 17:03:02 - [TEST_STEP][PASSED] - build().perform(): null

2021-11-23 17:03:02 - [TEST_STEP][PASSED] - if (getText().equals(Baslik)): null

2021-11-23 17:03:02 - [TEST_STEP][PASSED] - build().perform(): null

2021-11-23 17:03:02 - [TEST_STEP][PASSED] - if (getText().equals(Baslik)): null

2021-11-23 17:03:02 - [TEST_STEP][PASSED] - baslikElement = element.findElement(By.xpath("../../../..")): Smart Wait Function is triggered

2021-11-23 17:03:02 - [MESSAGE][INFO] - Smart Wait Function is triggered

2021-11-23 17:03:02 - [TEST_STEP][PASSED] - attr = baslikElement.getAttribute("id"): null

2021-11-23 17:03:02 - [TEST_STEP][PASSED] - println("girdi ve idsini aldı = " + attr): null

2021-11-23 17:03:02 - [TEST_STEP][PASSED] - break: null

2021-11-23 17:03:02 - [TEST_STEP][PASSED] - countElement = baslikElement.findElements(By.xpath("../td")): Smart Wait Function is triggered

2021-11-23 17:03:02 - [MESSAGE][INFO] - Smart Wait Function is triggered

2021-11-23 17:03:03 - [TEST_STEP][PASSED] - for (def element : countElement): null

2021-11-23 17:03:03 - [TEST_STEP][PASSED] - if (toString().equals(attr.toString())): null

2021-11-23 17:03:03 - [TEST_STEP][PASSED] - (a++): null

2021-11-23 17:03:03 - [TEST_STEP][PASSED] - if (toString().equals(attr.toString())): null

2021-11-23 17:03:03 - [TEST_STEP][PASSED] - (a++): null

2021-11-23 17:03:03 - [TEST_STEP][PASSED] - if (toString().equals(attr.toString())): null

2021-11-23 17:03:03 - [TEST_STEP][PASSED] - (a++): null

2021-11-23 17:03:03 - [TEST_STEP][PASSED] - if (toString().equals(attr.toString())): null

2021-11-23 17:03:03 - [TEST_STEP][PASSED] - (a++): null

2021-11-23 17:03:03 - [TEST_STEP][PASSED] - if (toString().equals(attr.toString())): null

2021-11-23 17:03:03 - [TEST_STEP][PASSED] - (a++): null

2021-11-23 17:03:03 - [TEST_STEP][PASSED] - if (toString().equals(attr.toString())): null

2021-11-23 17:03:03 - [TEST_STEP][PASSED] - (a++): null

2021-11-23 17:03:03 - [TEST_STEP][PASSED] - if (toString().equals(attr.toString())): null

2021-11-23 17:03:03 - [TEST_STEP][PASSED] - break: null

2021-11-23 17:03:03 - [TEST_STEP][PASSED] - son = findWebElement(findTestObject("Object Repository/Olusturma/Genel/Olusturma/EklenenSatir")).findElement(By.xpath("td[@class='dxgvInlineEditCell_LECustomTheme dxgv'][" + a + "]//td[@class='dxic']/input")): Smart Wait Function is triggered

2021-11-23 17:03:03 - [MESSAGE][INFO] - Finding Test Object 'Object Repository/Olusturma/Genel/Olusturma/EklenenSatir'

2021-11-23 17:03:03 - [MESSAGE][INFO] - Finding web element from Test Object's properties

2021-11-23 17:03:03 - [MESSAGE][INFO] - Checking timeout

2021-11-23 17:03:03 - [MESSAGE][INFO] - Finding web element with id: 'Object Repository/Olusturma/Genel/Olusturma/EklenenSatir' located by 'By.cssSelector: #divmalhizmet .dxgvInlineEditRow_LECustomTheme' in '30' second(s)

2021-11-23 17:03:03 - [MESSAGE][INFO] - Smart Wait Function is triggered

2021-11-23 17:03:03 - [MESSAGE][INFO] - Found 1 web elements with id: 'Object Repository/Olusturma/Genel/Olusturma/EklenenSatir' located by 'By.cssSelector: #divmalhizmet .dxgvInlineEditRow_LECustomTheme' in '30' second(s)

2021-11-23 17:03:03 - [MESSAGE][INFO] - Smart Wait Function is triggered

2021-11-23 17:03:03 - [TEST_STEP][PASSED] - if (!(getAttribute("value").contains("Vkn"))): null

2021-11-23 17:03:03 - [TEST_STEP][PASSED] - son.clear(): null

2021-11-23 17:03:03 - [TEST_STEP][PASSED] - son.sendKeys(Deger): null

2021-11-23 17:03:03 - [MESSAGE][PASSED] - Call Test Case 'Test Cases/Olusturma/Genel/Olusturma' successfully

2021-11-23 17:03:03 - [MESSAGE][INFO] - Checking called Test Case

2021-11-23 17:03:03 - [MESSAGE][INFO] - Starting to call Test Case 'Test Cases/Olusturma/Genel/Olusturma'

2021-11-23 17:03:03 - [TEST_CASE][PASSED] - Test Cases/Olusturma/Genel/Olusturma: Test Cases/Olusturma/Genel/Olusturma

2021-11-23 17:03:03 - [TEST_STEP][PASSED] - driver = getWebDriver(): null

2021-11-23 17:03:03 - [TEST_STEP][PASSED] - action = new org.openqa.selenium.interactions.Actions(driver): null

2021-11-23 17:03:03 - [TEST_STEP][PASSED] - baslikElement = <not implemented yet for class: org.codehaus.groovy.ast.expr.EmptyExpression>: null

2021-11-23 17:03:03 - [TEST_STEP][PASSED] - sonElement = <not implemented yet for class: org.codehaus.groovy.ast.expr.EmptyExpression>: null

2021-11-23 17:03:03 - [TEST_STEP][PASSED] - attr = <not implemented yet for class: org.codehaus.groovy.ast.expr.EmptyExpression>: null

2021-11-23 17:03:03 - [TEST_STEP][PASSED] - a = 0: null

2021-11-23 17:03:03 - [TEST_STEP][PASSED] - elements = findWebElements(findTestObject("Object Repository/Olusturma/Genel/Olusturma/TabloBasliklari"), 10): Found 14 web elements with id: 'Object Repository/Olusturma/Genel/Olusturma/TabloBasliklari' located by 'By.cssSelector: div#divmalhizmet .dxgvTable_LECustomTheme td.dxgvHeader_LECustomTheme tr>td:nth-child(1)' in '10' second(s)

2021-11-23 17:03:03 - [MESSAGE][INFO] - Finding Test Object 'Object Repository/Olusturma/Genel/Olusturma/TabloBasliklari'

2021-11-23 17:03:04 - [MESSAGE][INFO] - Checking timeout

2021-11-23 17:03:04 - [MESSAGE][INFO] - Finding web element with id: 'Object Repository/Olusturma/Genel/Olusturma/TabloBasliklari' located by 'By.cssSelector: div#divmalhizmet .dxgvTable_LECustomTheme td.dxgvHeader_LECustomTheme tr>td:nth-child(1)' in '10' second(s)

2021-11-23 17:03:04 - [MESSAGE][INFO] - Smart Wait Function is triggered

2021-11-23 17:03:04 - [MESSAGE][INFO] - Found 14 web elements with id: 'Object Repository/Olusturma/Genel/Olusturma/TabloBasliklari' located by 'By.cssSelector: div#divmalhizmet .dxgvTable_LECustomTheme td.dxgvHeader_LECustomTheme tr>td:nth-child(1)' in '10' second(s)

2021-11-23 17:03:04 - [TEST_STEP][PASSED] - for (def element : elements): null

2021-11-23 17:03:04 - [TEST_STEP][PASSED] - build().perform(): null

2021-11-23 17:03:04 - [TEST_STEP][PASSED] - if (getText().equals(Baslik)): null

2021-11-23 17:03:04 - [TEST_STEP][PASSED] - build().perform(): null

2021-11-23 17:03:04 - [TEST_STEP][PASSED] - if (getText().equals(Baslik)): null

2021-11-23 17:03:04 - [TEST_STEP][PASSED] - build().perform(): null

2021-11-23 17:03:04 - [TEST_STEP][PASSED] - if (getText().equals(Baslik)): null

2021-11-23 17:03:04 - [TEST_STEP][PASSED] - build().perform(): null

2021-11-23 17:03:04 - [TEST_STEP][PASSED] - if (getText().equals(Baslik)): null

2021-11-23 17:03:04 - [TEST_STEP][PASSED] - build().perform(): null

2021-11-23 17:03:05 - [TEST_STEP][PASSED] - if (getText().equals(Baslik)): null

2021-11-23 17:03:05 - [TEST_STEP][PASSED] - build().perform(): null

2021-11-23 17:03:05 - [TEST_STEP][PASSED] - if (getText().equals(Baslik)): null

2021-11-23 17:03:05 - [TEST_STEP][PASSED] - build().perform(): null

2021-11-23 17:03:05 - [TEST_STEP][PASSED] - if (getText().equals(Baslik)): null

2021-11-23 17:03:05 - [TEST_STEP][PASSED] - baslikElement = element.findElement(By.xpath("../../../..")): Smart Wait Function is triggered

2021-11-23 17:03:05 - [MESSAGE][INFO] - Smart Wait Function is triggered

2021-11-23 17:03:05 - [TEST_STEP][PASSED] - attr = baslikElement.getAttribute("id"): null

2021-11-23 17:03:05 - [TEST_STEP][PASSED] - println("girdi ve idsini aldı = " + attr): null

2021-11-23 17:03:05 - [TEST_STEP][PASSED] - break: null

2021-11-23 17:03:05 - [TEST_STEP][PASSED] - countElement = baslikElement.findElements(By.xpath("../td")): Smart Wait Function is triggered

2021-11-23 17:03:05 - [MESSAGE][INFO] - Smart Wait Function is triggered

2021-11-23 17:03:05 - [TEST_STEP][PASSED] - for (def element : countElement): null

2021-11-23 17:03:05 - [TEST_STEP][PASSED] - if (toString().equals(attr.toString())): null

2021-11-23 17:03:05 - [TEST_STEP][PASSED] - (a++): null

2021-11-23 17:03:05 - [TEST_STEP][PASSED] - if (toString().equals(attr.toString())): null

2021-11-23 17:03:05 - [TEST_STEP][PASSED] - (a++): null

2021-11-23 17:03:05 - [TEST_STEP][PASSED] - if (toString().equals(attr.toString())): null

2021-11-23 17:03:05 - [TEST_STEP][PASSED] - (a++): null

2021-11-23 17:03:05 - [TEST_STEP][PASSED] - if (toString().equals(attr.toString())): null

2021-11-23 17:03:05 - [TEST_STEP][PASSED] - (a++): null

2021-11-23 17:03:05 - [TEST_STEP][PASSED] - if (toString().equals(attr.toString())): null

2021-11-23 17:03:05 - [TEST_STEP][PASSED] - (a++): null

2021-11-23 17:03:05 - [TEST_STEP][PASSED] - if (toString().equals(attr.toString())): null

2021-11-23 17:03:05 - [TEST_STEP][PASSED] - (a++): null

2021-11-23 17:03:05 - [TEST_STEP][PASSED] - if (toString().equals(attr.toString())): null

2021-11-23 17:03:05 - [TEST_STEP][PASSED] - (a++): null

2021-11-23 17:03:05 - [TEST_STEP][PASSED] - if (toString().equals(attr.toString())): null

2021-11-23 17:03:05 - [TEST_STEP][PASSED] - break: null

2021-11-23 17:03:05 - [TEST_STEP][PASSED] - son = findWebElement(findTestObject("Object Repository/Olusturma/Genel/Olusturma/EklenenSatir")).findElement(By.xpath("td[@class='dxgvInlineEditCell_LECustomTheme dxgv'][" + a + "]//td[@class='dxic']/input")): Smart Wait Function is triggered

2021-11-23 17:03:05 - [MESSAGE][INFO] - Finding Test Object 'Object Repository/Olusturma/Genel/Olusturma/EklenenSatir'

2021-11-23 17:03:06 - [MESSAGE][INFO] - Finding web element from Test Object's properties

2021-11-23 17:03:06 - [MESSAGE][INFO] - Checking timeout

2021-11-23 17:03:06 - [MESSAGE][INFO] - Finding web element with id: 'Object Repository/Olusturma/Genel/Olusturma/EklenenSatir' located by 'By.cssSelector: #divmalhizmet .dxgvInlineEditRow_LECustomTheme' in '30' second(s)

2021-11-23 17:03:06 - [MESSAGE][INFO] - Smart Wait Function is triggered

2021-11-23 17:03:06 - [MESSAGE][INFO] - Found 1 web elements with id: 'Object Repository/Olusturma/Genel/Olusturma/EklenenSatir' located by 'By.cssSelector: #divmalhizmet .dxgvInlineEditRow_LECustomTheme' in '30' second(s)

2021-11-23 17:03:06 - [MESSAGE][INFO] - Smart Wait Function is triggered

2021-11-23 17:03:06 - [TEST_STEP][PASSED] - if (!(getAttribute("value").contains("Vkn"))): null

2021-11-23 17:03:06 - [TEST_STEP][PASSED] - son.clear(): null

2021-11-23 17:03:06 - [TEST_STEP][PASSED] - son.sendKeys(Deger): null

2021-11-23 17:03:06 - [MESSAGE][PASSED] - Call Test Case 'Test Cases/Olusturma/Genel/Olusturma' successfully

2021-11-23 17:03:06 - [MESSAGE][INFO] - Checking called Test Case

2021-11-23 17:03:06 - [MESSAGE][INFO] - Starting to call Test Case 'Test Cases/Olusturma/Genel/NotGirilir'

2021-11-23 17:03:06 - [TEST_CASE][PASSED] - Test Cases/Olusturma/Genel/NotGirilir: Test Cases/Olusturma/Genel/NotGirilir

2021-11-23 17:03:06 - [TEST_STEP][PASSED] - i = 0: null

2021-11-23 17:03:06 - [TEST_STEP][PASSED] - waitForElementClickable(findTestObject("Olusturma/Genel/Not/Notlar"), 10): Object 'Object Repository/Olusturma/Genel/Not/Notlar' is clickable

2021-11-23 17:03:06 - [MESSAGE][INFO] - Finding Test Object 'Object Repository/Olusturma/Genel/Not/Notlar'

2021-11-23 17:03:07 - [MESSAGE][INFO] - Checking object

2021-11-23 17:03:07 - [MESSAGE][INFO] - Checking timeout

2021-11-23 17:03:07 - [MESSAGE][INFO] - Finding web element from Test Object's properties

2021-11-23 17:03:07 - [MESSAGE][INFO] - Checking timeout

2021-11-23 17:03:07 - [MESSAGE][INFO] - Finding web element with id: 'Object Repository/Olusturma/Genel/Not/Notlar' located by 'By.xpath: //*[@id = 'txtNote_I']' in '10' second(s)

2021-11-23 17:03:07 - [MESSAGE][INFO] - Smart Wait Function is triggered

2021-11-23 17:03:07 - [MESSAGE][INFO] - Found 1 web elements with id: 'Object Repository/Olusturma/Genel/Not/Notlar' located by 'By.xpath: //*[@id = 'txtNote_I']' in '10' second(s)

2021-11-23 17:03:07 - [MESSAGE][PASSED] - Object 'Object Repository/Olusturma/Genel/Not/Notlar' is clickable

2021-11-23 17:03:07 - [TEST_STEP][PASSED] - clearText(findTestObject("Olusturma/Genel/Not/Notlar")): Text of object 'Object Repository/Olusturma/Genel/Not/Notlar' is cleared

2021-11-23 17:03:07 - [MESSAGE][INFO] - Finding Test Object 'Object Repository/Olusturma/Genel/Not/Notlar'

2021-11-23 17:03:07 - [MESSAGE][INFO] - Checking object

2021-11-23 17:03:07 - [MESSAGE][INFO] - Finding web element from Test Object's properties

2021-11-23 17:03:07 - [MESSAGE][INFO] - Checking timeout

2021-11-23 17:03:07 - [MESSAGE][INFO] - Finding web element with id: 'Object Repository/Olusturma/Genel/Not/Notlar' located by 'By.xpath: //*[@id = 'txtNote_I']' in '30' second(s)

2021-11-23 17:03:07 - [MESSAGE][INFO] - Smart Wait Function is triggered

2021-11-23 17:03:07 - [MESSAGE][INFO] - Found 1 web elements with id: 'Object Repository/Olusturma/Genel/Not/Notlar' located by 'By.xpath: //*[@id = 'txtNote_I']' in '30' second(s)

2021-11-23 17:03:07 - [MESSAGE][INFO] - Clearing text of object 'Object Repository/Olusturma/Genel/Not/Notlar'

2021-11-23 17:03:07 - [MESSAGE][PASSED] - Text of object 'Object Repository/Olusturma/Genel/Not/Notlar' is cleared

2021-11-23 17:03:07 - [TEST_STEP][PASSED] - click(findTestObject("Olusturma/Genel/Not/Notlar")): Object: 'Object Repository/Olusturma/Genel/Not/Notlar' is clicked on

2021-11-23 17:03:07 - [MESSAGE][INFO] - Finding Test Object 'Object Repository/Olusturma/Genel/Not/Notlar'

2021-11-23 17:03:07 - [MESSAGE][INFO] - Checking object

2021-11-23 17:03:07 - [MESSAGE][INFO] - Finding web element from Test Object's properties

2021-11-23 17:03:07 - [MESSAGE][INFO] - Checking timeout

2021-11-23 17:03:07 - [MESSAGE][INFO] - Finding web element with id: 'Object Repository/Olusturma/Genel/Not/Notlar' located by 'By.xpath: //*[@id = 'txtNote_I']' in '30' second(s)

2021-11-23 17:03:07 - [MESSAGE][INFO] - Smart Wait Function is triggered

2021-11-23 17:03:08 - [MESSAGE][INFO] - Found 1 web elements with id: 'Object Repository/Olusturma/Genel/Not/Notlar' located by 'By.xpath: //*[@id = 'txtNote_I']' in '30' second(s)

2021-11-23 17:03:08 - [MESSAGE][INFO] - Clicking on object: 'Object Repository/Olusturma/Genel/Not/Notlar'

2021-11-23 17:03:08 - [MESSAGE][PASSED] - Object: 'Object Repository/Olusturma/Genel/Not/Notlar' is clicked on

2021-11-23 17:03:08 - [TEST_STEP][PASSED] - while (true): null

2021-11-23 17:03:08 - [TEST_STEP][PASSED] - delay(1): Delayed 1 second(s)

2021-11-23 17:03:08 - [MESSAGE][INFO] - Delaying browser in 1 second(s)

2021-11-23 17:03:09 - [MESSAGE][PASSED] - Delayed 1 second(s)

2021-11-23 17:03:09 - [TEST_STEP][PASSED] - ajaxIsComplete = executeJavaScript("return jQuery.active == 0", null): Execute JavaScript 'return jQuery.active == 0' successfully

2021-11-23 17:03:09 - [MESSAGE][PASSED] - Execute JavaScript 'return jQuery.active == 0' successfully

2021-11-23 17:03:09 - [TEST_STEP][PASSED] - if (ajaxIsComplete): null

2021-11-23 17:03:09 - [TEST_STEP][PASSED] - if (i > 10): null

2021-11-23 17:03:09 - [TEST_STEP][PASSED] - (i++): null

2021-11-23 17:03:09 - [TEST_STEP][PASSED] - delay(1): Delayed 1 second(s)

2021-11-23 17:03:09 - [MESSAGE][INFO] - Delaying browser in 1 second(s)

2021-11-23 17:03:10 - [MESSAGE][PASSED] - Delayed 1 second(s)

2021-11-23 17:03:10 - [TEST_STEP][PASSED] - ajaxIsComplete = executeJavaScript("return jQuery.active == 0", null): Execute JavaScript 'return jQuery.active == 0' successfully

2021-11-23 17:03:10 - [MESSAGE][PASSED] - Execute JavaScript 'return jQuery.active == 0' successfully

2021-11-23 17:03:10 - [TEST_STEP][PASSED] - if (ajaxIsComplete): null

2021-11-23 17:03:10 - [TEST_STEP][PASSED] - break: null

2021-11-23 17:03:10 - [TEST_STEP][PASSED] - sendKeys(findTestObject("Olusturma/Genel/Not/Notlar"), Not): Keys 'Otomasyon Not' sent to object: 'Object Repository/Olusturma/Genel/Not/Notlar'

2021-11-23 17:03:10 - [MESSAGE][INFO] - Finding Test Object 'Object Repository/Olusturma/Genel/Not/Notlar'

2021-11-23 17:03:10 - [MESSAGE][INFO] - Sending keys 'Otomasyon Not' to object: 'Object Repository/Olusturma/Genel/Not/Notlar'

2021-11-23 17:03:10 - [MESSAGE][INFO] - Finding web element from Test Object's properties

2021-11-23 17:03:10 - [MESSAGE][INFO] - Checking timeout

2021-11-23 17:03:10 - [MESSAGE][INFO] - Finding web element with id: 'Object Repository/Olusturma/Genel/Not/Notlar' located by 'By.xpath: //*[@id = 'txtNote_I']' in '30' second(s)

2021-11-23 17:03:10 - [MESSAGE][INFO] - Smart Wait Function is triggered

2021-11-23 17:03:10 - [MESSAGE][INFO] - Found 1 web elements with id: 'Object Repository/Olusturma/Genel/Not/Notlar' located by 'By.xpath: //*[@id = 'txtNote_I']' in '30' second(s)

2021-11-23 17:03:10 - [MESSAGE][PASSED] - Keys 'Otomasyon Not' sent to object: 'Object Repository/Olusturma/Genel/Not/Notlar'

2021-11-23 17:03:10 - [MESSAGE][PASSED] - Call Test Case 'Test Cases/Olusturma/Genel/NotGirilir' successfully

2021-11-23 17:03:10 - [MESSAGE][INFO] - Checking called Test Case

2021-11-23 17:03:10 - [MESSAGE][INFO] - Starting to call Test Case 'Test Cases/Olusturma/Genel/EttnBilgisiKayitEdilir'

2021-11-23 17:03:10 - [TEST_CASE][PASSED] - Test Cases/Olusturma/Genel/EttnBilgisiKayitEdilir: Test Cases/Olusturma/Genel/EttnBilgisiKayitEdilir

2021-11-23 17:03:10 - [TEST_STEP][PASSED] - verifyElementPresent(findTestObject("Object Repository/Olusturma/Genel/Olusturma/eArsivEttnBilgisi"), 7): Object 'Object Repository/Olusturma/Genel/Olusturma/eArsivEttnBilgisi' is present

2021-11-23 17:03:10 - [MESSAGE][INFO] - Finding Test Object 'Object Repository/Olusturma/Genel/Olusturma/eArsivEttnBilgisi'

2021-11-23 17:03:10 - [MESSAGE][INFO] - Checking object

2021-11-23 17:03:10 - [MESSAGE][INFO] - Finding web element from Test Object's properties

2021-11-23 17:03:10 - [MESSAGE][INFO] - Checking timeout

2021-11-23 17:03:10 - [MESSAGE][INFO] - Finding web element with id: 'Object Repository/Olusturma/Genel/Olusturma/eArsivEttnBilgisi' located by 'By.xpath: //*[@id = 'Uuid_I']' in '7' second(s)

2021-11-23 17:03:10 - [MESSAGE][INFO] - Smart Wait Function is triggered

2021-11-23 17:03:11 - [MESSAGE][INFO] - Found 1 web elements with id: 'Object Repository/Olusturma/Genel/Olusturma/eArsivEttnBilgisi' located by 'By.xpath: //*[@id = 'Uuid_I']' in '7' second(s)

2021-11-23 17:03:11 - [MESSAGE][PASSED] - Object 'Object Repository/Olusturma/Genel/Olusturma/eArsivEttnBilgisi' is present

2021-11-23 17:03:11 - [TEST_STEP][PASSED] - ettn = getAttribute(findTestObject("Object Repository/Olusturma/Genel/Olusturma/eArsivEttnBilgisi"), "value"): Attribute 'value' of object 'Object Repository/Olusturma/Genel/Olusturma/eArsivEttnBilgisi' is: '1cbf6419-2a57-4662-b3c0-79eb4b83d4da'

2021-11-23 17:03:11 - [MESSAGE][INFO] - Finding Test Object 'Object Repository/Olusturma/Genel/Olusturma/eArsivEttnBilgisi'

2021-11-23 17:03:11 - [MESSAGE][INFO] - Checking object

2021-11-23 17:03:11 - [MESSAGE][INFO] - Checking attribute

2021-11-23 17:03:11 - [MESSAGE][INFO] - Finding web element from Test Object's properties

2021-11-23 17:03:11 - [MESSAGE][INFO] - Checking timeout

2021-11-23 17:03:11 - [MESSAGE][INFO] - Finding web element with id: 'Object Repository/Olusturma/Genel/Olusturma/eArsivEttnBilgisi' located by 'By.xpath: //*[@id = 'Uuid_I']' in '30' second(s)

2021-11-23 17:03:11 - [MESSAGE][INFO] - Smart Wait Function is triggered

2021-11-23 17:03:11 - [MESSAGE][INFO] - Found 1 web elements with id: 'Object Repository/Olusturma/Genel/Olusturma/eArsivEttnBilgisi' located by 'By.xpath: //*[@id = 'Uuid_I']' in '30' second(s)

2021-11-23 17:03:11 - [MESSAGE][INFO] - Getting attribute 'value' of object 'Object Repository/Olusturma/Genel/Olusturma/eArsivEttnBilgisi'

2021-11-23 17:03:11 - [MESSAGE][PASSED] - Attribute 'value' of object 'Object Repository/Olusturma/Genel/Olusturma/eArsivEttnBilgisi' is: '1cbf6419-2a57-4662-b3c0-79eb4b83d4da'

2021-11-23 17:03:11 - [MESSAGE][PASSED] - Call Test Case 'Test Cases/Olusturma/Genel/EttnBilgisiKayitEdilir' successfully

2021-11-23 17:03:11 - [MESSAGE][INFO] - Checking called Test Case

2021-11-23 17:03:11 - [MESSAGE][INFO] - Starting to call Test Case 'Test Cases/Olusturma/Genel/KaydetButonunaTiklanir'

2021-11-23 17:03:11 - [TEST_CASE][PASSED] - Test Cases/Olusturma/Genel/KaydetButonunaTiklanir: Test Cases/Olusturma/Genel/KaydetButonunaTiklanir

2021-11-23 17:03:11 - [TEST_STEP][PASSED] - i = 0: null

2021-11-23 17:03:11 - [TEST_STEP][PASSED] - waitForElementPresent(findTestObject("Olusturma/Genel/Not/Notlar"), 10): Object 'Object Repository/Olusturma/Genel/Not/Notlar' is present

2021-11-23 17:03:11 - [MESSAGE][INFO] - Finding Test Object 'Object Repository/Olusturma/Genel/Not/Notlar'

2021-11-23 17:03:11 - [MESSAGE][INFO] - Checking object

2021-11-23 17:03:11 - [MESSAGE][INFO] - Finding web element from Test Object's properties

2021-11-23 17:03:11 - [MESSAGE][INFO] - Checking timeout

2021-11-23 17:03:11 - [MESSAGE][INFO] - Finding web element with id: 'Object Repository/Olusturma/Genel/Not/Notlar' located by 'By.xpath: //*[@id = 'txtNote_I']' in '10' second(s)

2021-11-23 17:03:11 - [MESSAGE][INFO] - Smart Wait Function is triggered

2021-11-23 17:03:11 - [MESSAGE][INFO] - Found 1 web elements with id: 'Object Repository/Olusturma/Genel/Not/Notlar' located by 'By.xpath: //*[@id = 'txtNote_I']' in '10' second(s)

2021-11-23 17:03:11 - [MESSAGE][PASSED] - Object 'Object Repository/Olusturma/Genel/Not/Notlar' is present

2021-11-23 17:03:11 - [TEST_STEP][PASSED] - click(findTestObject("Olusturma/Genel/Not/Notlar")): Object: 'Object Repository/Olusturma/Genel/Not/Notlar' is clicked on

2021-11-23 17:03:11 - [MESSAGE][INFO] - Finding Test Object 'Object Repository/Olusturma/Genel/Not/Notlar'

2021-11-23 17:03:11 - [MESSAGE][INFO] - Checking object

2021-11-23 17:03:11 - [MESSAGE][INFO] - Finding web element from Test Object's properties

2021-11-23 17:03:11 - [MESSAGE][INFO] - Checking timeout

2021-11-23 17:03:11 - [MESSAGE][INFO] - Finding web element with id: 'Object Repository/Olusturma/Genel/Not/Notlar' located by 'By.xpath: //*[@id = 'txtNote_I']' in '30' second(s)

2021-11-23 17:03:11 - [MESSAGE][INFO] - Smart Wait Function is triggered

2021-11-23 17:03:12 - [MESSAGE][INFO] - Found 1 web elements with id: 'Object Repository/Olusturma/Genel/Not/Notlar' located by 'By.xpath: //*[@id = 'txtNote_I']' in '30' second(s)

2021-11-23 17:03:12 - [MESSAGE][INFO] - Clicking on object: 'Object Repository/Olusturma/Genel/Not/Notlar'

2021-11-23 17:03:12 - [MESSAGE][PASSED] - Object: 'Object Repository/Olusturma/Genel/Not/Notlar' is clicked on

2021-11-23 17:03:12 - [TEST_STEP][PASSED] - while (true): null

2021-11-23 17:03:12 - [TEST_STEP][PASSED] - delay(1): Delayed 1 second(s)

2021-11-23 17:03:12 - [MESSAGE][INFO] - Delaying browser in 1 second(s)

2021-11-23 17:03:13 - [MESSAGE][PASSED] - Delayed 1 second(s)

2021-11-23 17:03:13 - [TEST_STEP][PASSED] - ajaxIsComplete = executeJavaScript("return jQuery.active == 0", null): Execute JavaScript 'return jQuery.active == 0' successfully

2021-11-23 17:03:13 - [MESSAGE][PASSED] - Execute JavaScript 'return jQuery.active == 0' successfully

2021-11-23 17:03:13 - [TEST_STEP][PASSED] - if (ajaxIsComplete): null

2021-11-23 17:03:13 - [TEST_STEP][PASSED] - break: null

2021-11-23 17:03:13 - [TEST_STEP][PASSED] - waitForElementClickable(findTestObject("Object Repository/Olusturma/Genel/Buton"), 10): Object 'Object Repository/Olusturma/Genel/Buton' is clickable

2021-11-23 17:03:13 - [MESSAGE][INFO] - Finding Test Object 'Object Repository/Olusturma/Genel/Buton'

2021-11-23 17:03:13 - [MESSAGE][INFO] - Checking object

2021-11-23 17:03:13 - [MESSAGE][INFO] - Checking timeout

2021-11-23 17:03:13 - [MESSAGE][INFO] - Finding web element from Test Object's properties

2021-11-23 17:03:13 - [MESSAGE][INFO] - Checking timeout

2021-11-23 17:03:13 - [MESSAGE][INFO] - Finding web element with id: 'Object Repository/Olusturma/Genel/Buton' located by 'By.xpath: //*[@id = 'btnKaydet']' in '10' second(s)

2021-11-23 17:03:13 - [MESSAGE][INFO] - Smart Wait Function is triggered

2021-11-23 17:03:13 - [MESSAGE][INFO] - Found 1 web elements with id: 'Object Repository/Olusturma/Genel/Buton' located by 'By.xpath: //*[@id = 'btnKaydet']' in '10' second(s)

2021-11-23 17:03:13 - [MESSAGE][PASSED] - Object 'Object Repository/Olusturma/Genel/Buton' is clickable

2021-11-23 17:03:13 - [TEST_STEP][PASSED] - click(findTestObject("Object Repository/Olusturma/Genel/Buton")): Object: 'Object Repository/Olusturma/Genel/Buton' is clicked on

2021-11-23 17:03:13 - [MESSAGE][INFO] - Finding Test Object 'Object Repository/Olusturma/Genel/Buton'

2021-11-23 17:03:13 - [MESSAGE][INFO] - Checking object

2021-11-23 17:03:13 - [MESSAGE][INFO] - Finding web element from Test Object's properties

2021-11-23 17:03:13 - [MESSAGE][INFO] - Checking timeout

2021-11-23 17:03:13 - [MESSAGE][INFO] - Finding web element with id: 'Object Repository/Olusturma/Genel/Buton' located by 'By.xpath: //*[@id = 'btnKaydet']' in '30' second(s)

2021-11-23 17:03:13 - [MESSAGE][INFO] - Smart Wait Function is triggered

2021-11-23 17:03:14 - [MESSAGE][INFO] - Found 1 web elements with id: 'Object Repository/Olusturma/Genel/Buton' located by 'By.xpath: //*[@id = 'btnKaydet']' in '30' second(s)

2021-11-23 17:03:14 - [MESSAGE][INFO] - Clicking on object: 'Object Repository/Olusturma/Genel/Buton'

2021-11-23 17:03:16 - [MESSAGE][PASSED] - Object: 'Object Repository/Olusturma/Genel/Buton' is clicked on

2021-11-23 17:03:16 - [MESSAGE][PASSED] - Call Test Case 'Test Cases/Olusturma/Genel/KaydetButonunaTiklanir' successfully

2021-11-23 17:03:16 - [MESSAGE][INFO] - Checking called Test Case

2021-11-23 17:03:16 - [MESSAGE][INFO] - Starting to call Test Case 'Test Cases/Tablo/TablodaEttnliVeriOlusturulduMu'

2021-11-23 17:03:16 - [TEST_CASE][PASSED] - Test Cases/Tablo/TablodaEttnliVeriOlusturulduMu: Test Cases/Tablo/TablodaEttnliVeriOlusturulduMu

2021-11-23 17:03:16 - [TEST_STEP][PASSED] - Method.TextDegerineEsitElementVarMi(findTestObject("Tablo/OlusturulanVeri"), ettn): Method.TextDegerineEsitElementVarMi is PASSED

2021-11-23 17:03:16 - [MESSAGE][INFO] - Finding Test Object 'Object Repository/Tablo/OlusturulanVeri'

2021-11-23 17:03:16 - [MESSAGE][INFO] - Checking timeout

2021-11-23 17:03:16 - [MESSAGE][INFO] - Finding web element with id: 'Object Repository/Tablo/OlusturulanVeri' located by 'By.cssSelector: table.dxgvTable_LECustomTheme>tbody>tr:nth-child(3)>td.dxgv b,table.dxgvTable_LECustomTheme>tbody>tr:nth-child(3)>td.dxgv' in '10' second(s)

2021-11-23 17:03:16 - [MESSAGE][INFO] - Smart Wait Function is triggered

2021-11-23 17:03:16 - [MESSAGE][INFO] - Found 14 web elements with id: 'Object Repository/Tablo/OlusturulanVeri' located by 'By.cssSelector: table.dxgvTable_LECustomTheme>tbody>tr:nth-child(3)>td.dxgv b,table.dxgvTable_LECustomTheme>tbody>tr:nth-child(3)>td.dxgv' in '10' second(s)

2021-11-23 17:03:16 - [MESSAGE][PASSED] - Method.TextDegerineEsitElementVarMi is PASSED

2021-11-23 17:03:16 - [MESSAGE][PASSED] - Call Test Case 'Test Cases/Tablo/TablodaEttnliVeriOlusturulduMu' successfully

2021-11-23 17:03:16 - [MESSAGE][INFO] - Checking called Test Case

2021-11-23 17:03:16 - [MESSAGE][INFO] - Starting to call Test Case 'Test Cases/Tablo/TablodanEttnliVeriSec'

2021-11-23 17:03:17 - [TEST_CASE][PASSED] - Test Cases/Tablo/TablodanEttnliVeriSec: Test Cases/Tablo/TablodanEttnliVeriSec

2021-11-23 17:03:17 - [TEST_STEP][PASSED] - Method.TextDegerineEsitElementinAltindakineTikla(findTestObject("Tablo/Veriler"), findTestObject("Tablo/VerininCheckBoxi"), ettn): Method.TextDegerineEsitElementinAltindakineTikla is PASSED

2021-11-23 17:03:17 - [MESSAGE][INFO] - Finding Test Object 'Object Repository/Tablo/Veriler'

2021-11-23 17:03:17 - [MESSAGE][INFO] - Finding Test Object 'Object Repository/Tablo/VerininCheckBoxi'

2021-11-23 17:03:17 - [MESSAGE][INFO] - Checking timeout

2021-11-23 17:03:17 - [MESSAGE][INFO] - Finding web element with id: 'Object Repository/Tablo/Veriler' located by 'By.cssSelector: td.dxgv b ,td.dxgv' in '10' second(s)

2021-11-23 17:03:17 - [MESSAGE][INFO] - Smart Wait Function is triggered

2021-11-23 17:03:17 - [MESSAGE][INFO] - Found 84 web elements with id: 'Object Repository/Tablo/Veriler' located by 'By.cssSelector: td.dxgv b ,td.dxgv' in '10' second(s)

2021-11-23 17:03:17 - [MESSAGE][INFO] - Smart Wait Function is triggered

2021-11-23 17:03:17 - [MESSAGE][PASSED] - Method.TextDegerineEsitElementinAltindakineTikla is PASSED

2021-11-23 17:03:17 - [MESSAGE][PASSED] - Call Test Case 'Test Cases/Tablo/TablodanEttnliVeriSec' successfully

2021-11-23 17:03:17 - [MESSAGE][INFO] - Checking called Test Case

2021-11-23 17:03:17 - [MESSAGE][INFO] - Starting to call Test Case 'Test Cases/Butonlar/ButonaTikla'

2021-11-23 17:03:17 - [TEST_CASE][PASSED] - Test Cases/Butonlar/ButonaTikla: Test Cases/Butonlar/ButonaTikla

2021-11-23 17:03:17 - [TEST_STEP][PASSED] - Method.TextDegerineEsitElementeTiklaEquals(findTestObject("Butonlar/Butonlar"), Buton_Adi): Method.TextDegerineEsitElementeTiklaEquals is PASSED

2021-11-23 17:03:17 - [MESSAGE][INFO] - Finding Test Object 'Object Repository/Butonlar/Butonlar'

2021-11-23 17:03:18 - [MESSAGE][INFO] - Checking timeout

2021-11-23 17:03:18 - [MESSAGE][INFO] - Finding web element with id: 'Object Repository/Butonlar/Butonlar' located by 'By.cssSelector: .panel.panel-default.text-center.footerPanel .btn,.btn.btn-primary.btnControls' in '10' second(s)

2021-11-23 17:03:18 - [MESSAGE][INFO] - Smart Wait Function is triggered

2021-11-23 17:03:18 - [MESSAGE][INFO] - Found 9 web elements with id: 'Object Repository/Butonlar/Butonlar' located by 'By.cssSelector: .panel.panel-default.text-center.footerPanel .btn,.btn.btn-primary.btnControls' in '10' second(s)

2021-11-23 17:03:18 - [MESSAGE][PASSED] - Method.TextDegerineEsitElementeTiklaEquals is PASSED

2021-11-23 17:03:18 - [MESSAGE][PASSED] - Call Test Case 'Test Cases/Butonlar/ButonaTikla' successfully

2021-11-23 17:03:18 - [MESSAGE][INFO] - Checking called Test Case

2021-11-23 17:03:18 - [MESSAGE][INFO] - Starting to call Test Case 'Test Cases/Popup/PopupMesajiIceriyorMu'

2021-11-23 17:03:18 - [TEST_CASE][PASSED] - Test Cases/Popup/PopupMesajiIceriyorMu: Test Cases/Popup/PopupMesajiIceriyorMu

2021-11-23 17:03:18 - [TEST_STEP][PASSED] - waitForElementVisible(findTestObject("Popup/Popup"), 10): Object 'Object Repository/Popup/Popup' is visible

2021-11-23 17:03:18 - [MESSAGE][INFO] - Finding Test Object 'Object Repository/Popup/Popup'

2021-11-23 17:03:18 - [MESSAGE][INFO] - Checking object

2021-11-23 17:03:18 - [MESSAGE][INFO] - Checking timeout

2021-11-23 17:03:18 - [MESSAGE][INFO] - Finding web element from Test Object's properties

2021-11-23 17:03:18 - [MESSAGE][INFO] - Checking timeout

2021-11-23 17:03:18 - [MESSAGE][INFO] - Finding web element with id: 'Object Repository/Popup/Popup' located by 'By.cssSelector: .bootbox-body' in '10' second(s)

2021-11-23 17:03:18 - [MESSAGE][INFO] - Smart Wait Function is triggered

2021-11-23 17:03:19 - [MESSAGE][INFO] - Found 1 web elements with id: 'Object Repository/Popup/Popup' located by 'By.cssSelector: .bootbox-body' in '10' second(s)

2021-11-23 17:03:19 - [MESSAGE][PASSED] - Object 'Object Repository/Popup/Popup' is visible

2021-11-23 17:03:19 - [TEST_STEP][PASSED] - if (!(getText(findTestObject("Popup/Popup")).contains(Mesaj))): Text of object 'Object Repository/Popup/Popup' is: 'Oluşturulacak fatura numarası : EAR2021000000499 Fatura numarası oluşturulduktan sonra fatura silinemez. Fatura numarası, tarihi ve ön eki değiştirilemez. Devam etmek istiyor musunuz?'

2021-11-23 17:03:19 - [MESSAGE][INFO] - Finding Test Object 'Object Repository/Popup/Popup'

2021-11-23 17:03:19 - [MESSAGE][INFO] - Checking object

2021-11-23 17:03:19 - [MESSAGE][INFO] - Finding web element from Test Object's properties

2021-11-23 17:03:19 - [MESSAGE][INFO] - Checking timeout

2021-11-23 17:03:19 - [MESSAGE][INFO] - Finding web element with id: 'Object Repository/Popup/Popup' located by 'By.cssSelector: .bootbox-body' in '30' second(s)

2021-11-23 17:03:19 - [MESSAGE][INFO] - Smart Wait Function is triggered

2021-11-23 17:03:19 - [MESSAGE][INFO] - Found 1 web elements with id: 'Object Repository/Popup/Popup' located by 'By.cssSelector: .bootbox-body' in '30' second(s)

2021-11-23 17:03:19 - [MESSAGE][INFO] - Getting text of object 'Object Repository/Popup/Popup'

2021-11-23 17:03:20 - [MESSAGE][PASSED] - Text of object 'Object Repository/Popup/Popup' is: 'Oluşturulacak fatura numarası : EAR2021000000499 Fatura numarası oluşturulduktan sonra fatura silinemez. Fatura numarası, tarihi ve ön eki değiştirilemez. Devam etmek istiyor musunuz?'

2021-11-23 17:03:20 - [TEST_STEP][PASSED] - RaporNo = getText(findTestObject("Popup/Popup")).substring(0, 6): Text of object 'Object Repository/Popup/Popup' is: 'Oluşturulacak fatura numarası : EAR2021000000499 Fatura numarası oluşturulduktan sonra fatura silinemez. Fatura numarası, tarihi ve ön eki değiştirilemez. Devam etmek istiyor musunuz?'

2021-11-23 17:03:20 - [MESSAGE][INFO] - Finding Test Object 'Object Repository/Popup/Popup'

2021-11-23 17:03:20 - [MESSAGE][INFO] - Checking object

2021-11-23 17:03:20 - [MESSAGE][INFO] - Finding web element from Test Object's properties

2021-11-23 17:03:20 - [MESSAGE][INFO] - Checking timeout

2021-11-23 17:03:20 - [MESSAGE][INFO] - Finding web element with id: 'Object Repository/Popup/Popup' located by 'By.cssSelector: .bootbox-body' in '30' second(s)

2021-11-23 17:03:20 - [MESSAGE][INFO] - Smart Wait Function is triggered

2021-11-23 17:03:20 - [MESSAGE][INFO] - Found 1 web elements with id: 'Object Repository/Popup/Popup' located by 'By.cssSelector: .bootbox-body' in '30' second(s)

2021-11-23 17:03:20 - [MESSAGE][INFO] - Getting text of object 'Object Repository/Popup/Popup'

2021-11-23 17:03:20 - [MESSAGE][PASSED] - Text of object 'Object Repository/Popup/Popup' is: 'Oluşturulacak fatura numarası : EAR2021000000499 Fatura numarası oluşturulduktan sonra fatura silinemez. Fatura numarası, tarihi ve ön eki değiştirilemez. Devam etmek istiyor musunuz?'

2021-11-23 17:03:20 - [TEST_STEP][PASSED] - Console.println(RaporNo): null

2021-11-23 17:03:20 - [MESSAGE][PASSED] - Call Test Case 'Test Cases/Popup/PopupMesajiIceriyorMu' successfully

2021-11-23 17:03:20 - [MESSAGE][INFO] - Checking called Test Case

2021-11-23 17:03:20 - [MESSAGE][INFO] - Starting to call Test Case 'Test Cases/Popup/PopupButonSecilir'

2021-11-23 17:03:20 - [TEST_CASE][PASSED] - Test Cases/Popup/PopupButonSecilir: Test Cases/Popup/PopupButonSecilir

2021-11-23 17:03:20 - [TEST_STEP][PASSED] - Method.TextDegerineEsitElementeTikla(findTestObject("Popup/Popup_Butons"), Buton): Method.TextDegerineEsitElementeTikla is PASSED

2021-11-23 17:03:20 - [MESSAGE][INFO] - Finding Test Object 'Object Repository/Popup/Popup_Butons'

2021-11-23 17:03:20 - [MESSAGE][INFO] - Checking timeout

2021-11-23 17:03:20 - [MESSAGE][INFO] - Finding web element with id: 'Object Repository/Popup/Popup_Butons' located by 'By.cssSelector: .modal-footer>button' in '10' second(s)

2021-11-23 17:03:20 - [MESSAGE][INFO] - Smart Wait Function is triggered

2021-11-23 17:03:20 - [MESSAGE][INFO] - Found 2 web elements with id: 'Object Repository/Popup/Popup_Butons' located by 'By.cssSelector: .modal-footer>button' in '10' second(s)

2021-11-23 17:03:21 - [MESSAGE][PASSED] - Method.TextDegerineEsitElementeTikla is PASSED

2021-11-23 17:03:21 - [MESSAGE][PASSED] - Call Test Case 'Test Cases/Popup/PopupButonSecilir' successfully

2021-11-23 17:03:21 - [MESSAGE][INFO] - Checking called Test Case

2021-11-23 17:03:21 - [MESSAGE][INFO] - Starting to call Test Case 'Test Cases/Popup/PopupMesajiIceriyorMu'

2021-11-23 17:03:21 - [TEST_CASE][PASSED] - Test Cases/Popup/PopupMesajiIceriyorMu: Test Cases/Popup/PopupMesajiIceriyorMu

2021-11-23 17:03:21 - [TEST_STEP][PASSED] - waitForElementVisible(findTestObject("Popup/Popup"), 10): Object 'Object Repository/Popup/Popup' is visible

2021-11-23 17:03:21 - [MESSAGE][INFO] - Finding Test Object 'Object Repository/Popup/Popup'

2021-11-23 17:03:21 - [MESSAGE][INFO] - Checking object

2021-11-23 17:03:21 - [MESSAGE][INFO] - Checking timeout

2021-11-23 17:03:21 - [MESSAGE][INFO] - Finding web element from Test Object's properties

2021-11-23 17:03:21 - [MESSAGE][INFO] - Checking timeout

2021-11-23 17:03:21 - [MESSAGE][INFO] - Finding web element with id: 'Object Repository/Popup/Popup' located by 'By.cssSelector: .bootbox-body' in '10' second(s)

2021-11-23 17:03:21 - [MESSAGE][INFO] - Smart Wait Function is triggered

2021-11-23 17:03:21 - [MESSAGE][INFO] - Found 1 web elements with id: 'Object Repository/Popup/Popup' located by 'By.cssSelector: .bootbox-body' in '10' second(s)

2021-11-23 17:03:21 - [MESSAGE][PASSED] - Object 'Object Repository/Popup/Popup' is visible

2021-11-23 17:03:21 - [TEST_STEP][PASSED] - if (!(getText(findTestObject("Popup/Popup")).contains(Mesaj))): Text of object 'Object Repository/Popup/Popup' is: 'Fatura numaranız EAR2021000000499 olarak oluşmuştur.'

2021-11-23 17:03:21 - [MESSAGE][INFO] - Finding Test Object 'Object Repository/Popup/Popup'

2021-11-23 17:03:21 - [MESSAGE][INFO] - Checking object

2021-11-23 17:03:21 - [MESSAGE][INFO] - Finding web element from Test Object's properties

2021-11-23 17:03:21 - [MESSAGE][INFO] - Checking timeout

2021-11-23 17:03:21 - [MESSAGE][INFO] - Finding web element with id: 'Object Repository/Popup/Popup' located by 'By.cssSelector: .bootbox-body' in '30' second(s)

2021-11-23 17:03:21 - [MESSAGE][INFO] - Smart Wait Function is triggered

2021-11-23 17:03:22 - [MESSAGE][INFO] - Found 1 web elements with id: 'Object Repository/Popup/Popup' located by 'By.cssSelector: .bootbox-body' in '30' second(s)

2021-11-23 17:03:22 - [MESSAGE][INFO] - Getting text of object 'Object Repository/Popup/Popup'

2021-11-23 17:03:22 - [MESSAGE][PASSED] - Text of object 'Object Repository/Popup/Popup' is: 'Fatura numaranız EAR2021000000499 olarak oluşmuştur.'

2021-11-23 17:03:22 - [TEST_STEP][PASSED] - RaporNo = getText(findTestObject("Popup/Popup")).substring(0, 6): Text of object 'Object Repository/Popup/Popup' is: 'Fatura numaranız EAR2021000000499 olarak oluşmuştur.'

2021-11-23 17:03:22 - [MESSAGE][INFO] - Finding Test Object 'Object Repository/Popup/Popup'

2021-11-23 17:03:22 - [MESSAGE][INFO] - Checking object

2021-11-23 17:03:22 - [MESSAGE][INFO] - Finding web element from Test Object's properties

2021-11-23 17:03:22 - [MESSAGE][INFO] - Checking timeout

2021-11-23 17:03:22 - [MESSAGE][INFO] - Finding web element with id: 'Object Repository/Popup/Popup' located by 'By.cssSelector: .bootbox-body' in '30' second(s)

2021-11-23 17:03:22 - [MESSAGE][INFO] - Smart Wait Function is triggered

2021-11-23 17:03:22 - [MESSAGE][INFO] - Found 1 web elements with id: 'Object Repository/Popup/Popup' located by 'By.cssSelector: .bootbox-body' in '30' second(s)

2021-11-23 17:03:22 - [MESSAGE][INFO] - Getting text of object 'Object Repository/Popup/Popup'

2021-11-23 17:03:22 - [MESSAGE][PASSED] - Text of object 'Object Repository/Popup/Popup' is: 'Fatura numaranız EAR2021000000499 olarak oluşmuştur.'

2021-11-23 17:03:22 - [TEST_STEP][PASSED] - Console.println(RaporNo): null

2021-11-23 17:03:22 - [MESSAGE][PASSED] - Call Test Case 'Test Cases/Popup/PopupMesajiIceriyorMu' successfully

2021-11-23 17:03:22 - [MESSAGE][INFO] - Checking called Test Case

2021-11-23 17:03:22 - [MESSAGE][INFO] - Starting to call Test Case 'Test Cases/Popup/PopupButonSecilir'

2021-11-23 17:03:22 - [TEST_CASE][PASSED] - Test Cases/Popup/PopupButonSecilir: Test Cases/Popup/PopupButonSecilir

2021-11-23 17:03:22 - [TEST_STEP][PASSED] - Method.TextDegerineEsitElementeTikla(findTestObject("Popup/Popup_Butons"), Buton): Method.TextDegerineEsitElementeTikla is PASSED

2021-11-23 17:03:22 - [MESSAGE][INFO] - Finding Test Object 'Object Repository/Popup/Popup_Butons'

2021-11-23 17:03:22 - [MESSAGE][INFO] - Checking timeout

2021-11-23 17:03:22 - [MESSAGE][INFO] - Finding web element with id: 'Object Repository/Popup/Popup_Butons' located by 'By.cssSelector: .modal-footer>button' in '10' second(s)

2021-11-23 17:03:22 - [MESSAGE][INFO] - Smart Wait Function is triggered

2021-11-23 17:03:23 - [MESSAGE][INFO] - Found 1 web elements with id: 'Object Repository/Popup/Popup_Butons' located by 'By.cssSelector: .modal-footer>button' in '10' second(s)

2021-11-23 17:03:23 - [MESSAGE][PASSED] - Method.TextDegerineEsitElementeTikla is PASSED

2021-11-23 17:03:23 - [MESSAGE][PASSED] - Call Test Case 'Test Cases/Popup/PopupButonSecilir' successfully

2021-11-23 17:03:23 - [MESSAGE][INFO] - Checking called Test Case

2021-11-23 17:03:23 - [MESSAGE][INFO] - Starting to call Test Case 'Test Cases/Tablo/TablodanEttnliVeriSec'

2021-11-23 17:03:23 - [TEST_CASE][PASSED] - Test Cases/Tablo/TablodanEttnliVeriSec: Test Cases/Tablo/TablodanEttnliVeriSec

2021-11-23 17:03:23 - [TEST_STEP][PASSED] - Method.TextDegerineEsitElementinAltindakineTikla(findTestObject("Tablo/Veriler"), findTestObject("Tablo/VerininCheckBoxi"), ettn): Method.TextDegerineEsitElementinAltindakineTikla is PASSED

2021-11-23 17:03:23 - [MESSAGE][INFO] - Finding Test Object 'Object Repository/Tablo/Veriler'

2021-11-23 17:03:23 - [MESSAGE][INFO] - Finding Test Object 'Object Repository/Tablo/VerininCheckBoxi'

2021-11-23 17:03:23 - [MESSAGE][INFO] - Checking timeout

2021-11-23 17:03:23 - [MESSAGE][INFO] - Finding web element with id: 'Object Repository/Tablo/Veriler' located by 'By.cssSelector: td.dxgv b ,td.dxgv' in '10' second(s)

2021-11-23 17:03:23 - [MESSAGE][INFO] - Smart Wait Function is triggered

2021-11-23 17:03:24 - [MESSAGE][INFO] - Found 84 web elements with id: 'Object Repository/Tablo/Veriler' located by 'By.cssSelector: td.dxgv b ,td.dxgv' in '10' second(s)

2021-11-23 17:03:24 - [MESSAGE][INFO] - Smart Wait Function is triggered

2021-11-23 17:03:24 - [MESSAGE][PASSED] - Method.TextDegerineEsitElementinAltindakineTikla is PASSED

2021-11-23 17:03:24 - [MESSAGE][PASSED] - Call Test Case 'Test Cases/Tablo/TablodanEttnliVeriSec' successfully

2021-11-23 17:03:24 - [MESSAGE][INFO] - Checking called Test Case

2021-11-23 17:03:24 - [MESSAGE][INFO] - Starting to call Test Case 'Test Cases/Butonlar/ButonaTikla'

2021-11-23 17:03:24 - [TEST_CASE][PASSED] - Test Cases/Butonlar/ButonaTikla: Test Cases/Butonlar/ButonaTikla

2021-11-23 17:03:24 - [TEST_STEP][PASSED] - Method.TextDegerineEsitElementeTiklaEquals(findTestObject("Butonlar/Butonlar"), Buton_Adi): Method.TextDegerineEsitElementeTiklaEquals is PASSED

2021-11-23 17:03:24 - [MESSAGE][INFO] - Finding Test Object 'Object Repository/Butonlar/Butonlar'

2021-11-23 17:03:24 - [MESSAGE][INFO] - Checking timeout

2021-11-23 17:03:24 - [MESSAGE][INFO] - Finding web element with id: 'Object Repository/Butonlar/Butonlar' located by 'By.cssSelector: .panel.panel-default.text-center.footerPanel .btn,.btn.btn-primary.btnControls' in '10' second(s)

2021-11-23 17:03:24 - [MESSAGE][INFO] - Smart Wait Function is triggered

2021-11-23 17:03:25 - [MESSAGE][INFO] - Found 9 web elements with id: 'Object Repository/Butonlar/Butonlar' located by 'By.cssSelector: .panel.panel-default.text-center.footerPanel .btn,.btn.btn-primary.btnControls' in '10' second(s)

2021-11-23 17:03:26 - [MESSAGE][PASSED] - Method.TextDegerineEsitElementeTiklaEquals is PASSED

2021-11-23 17:03:26 - [MESSAGE][PASSED] - Call Test Case 'Test Cases/Butonlar/ButonaTikla' successfully

2021-11-23 17:03:26 - [MESSAGE][INFO] - Checking called Test Case

2021-11-23 17:03:26 - [MESSAGE][INFO] - Starting to call Test Case 'Test Cases/Popup/PopupMesajiIceriyorMu'

2021-11-23 17:03:26 - [TEST_CASE][PASSED] - Test Cases/Popup/PopupMesajiIceriyorMu: Test Cases/Popup/PopupMesajiIceriyorMu

2021-11-23 17:03:26 - [TEST_STEP][PASSED] - waitForElementVisible(findTestObject("Popup/Popup"), 10): Object 'Object Repository/Popup/Popup' is visible

2021-11-23 17:03:26 - [MESSAGE][INFO] - Finding Test Object 'Object Repository/Popup/Popup'

2021-11-23 17:03:27 - [MESSAGE][INFO] - Checking object

2021-11-23 17:03:27 - [MESSAGE][INFO] - Checking timeout

2021-11-23 17:03:27 - [MESSAGE][INFO] - Finding web element from Test Object's properties

2021-11-23 17:03:27 - [MESSAGE][INFO] - Checking timeout

2021-11-23 17:03:27 - [MESSAGE][INFO] - Finding web element with id: 'Object Repository/Popup/Popup' located by 'By.cssSelector: .bootbox-body' in '10' second(s)

2021-11-23 17:03:27 - [MESSAGE][INFO] - Smart Wait Function is triggered

2021-11-23 17:03:27 - [MESSAGE][INFO] - Found 1 web elements with id: 'Object Repository/Popup/Popup' located by 'By.cssSelector: .bootbox-body' in '10' second(s)

2021-11-23 17:03:27 - [MESSAGE][PASSED] - Object 'Object Repository/Popup/Popup' is visible

2021-11-23 17:03:27 - [TEST_STEP][PASSED] - if (!(getText(findTestObject("Popup/Popup")).contains(Mesaj))): Text of object 'Object Repository/Popup/Popup' is: 'EAR serisi için onaylanmamış belge(leri)niz bulunmaktadır.
Devam etmek istiyor musunuz?'

2021-11-23 17:03:27 - [MESSAGE][INFO] - Finding Test Object 'Object Repository/Popup/Popup'

2021-11-23 17:03:27 - [MESSAGE][INFO] - Checking object

2021-11-23 17:03:27 - [MESSAGE][INFO] - Finding web element from Test Object's properties

2021-11-23 17:03:27 - [MESSAGE][INFO] - Checking timeout

2021-11-23 17:03:27 - [MESSAGE][INFO] - Finding web element with id: 'Object Repository/Popup/Popup' located by 'By.cssSelector: .bootbox-body' in '30' second(s)

2021-11-23 17:03:27 - [MESSAGE][INFO] - Smart Wait Function is triggered

2021-11-23 17:03:27 - [MESSAGE][INFO] - Found 1 web elements with id: 'Object Repository/Popup/Popup' located by 'By.cssSelector: .bootbox-body' in '30' second(s)

2021-11-23 17:03:27 - [MESSAGE][INFO] - Getting text of object 'Object Repository/Popup/Popup'

2021-11-23 17:03:27 - [MESSAGE][PASSED] - Text of object 'Object Repository/Popup/Popup' is: 'EAR serisi için onaylanmamış belge(leri)niz bulunmaktadır.
Devam etmek istiyor musunuz?'

2021-11-23 17:03:27 - [TEST_STEP][PASSED] - RaporNo = getText(findTestObject("Popup/Popup")).substring(0, 6): Text of object 'Object Repository/Popup/Popup' is: 'EAR serisi için onaylanmamış belge(leri)niz bulunmaktadır.
Devam etmek istiyor musunuz?'

2021-11-23 17:03:27 - [MESSAGE][INFO] - Finding Test Object 'Object Repository/Popup/Popup'

2021-11-23 17:03:27 - [MESSAGE][INFO] - Checking object

2021-11-23 17:03:27 - [MESSAGE][INFO] - Finding web element from Test Object's properties

2021-11-23 17:03:27 - [MESSAGE][INFO] - Checking timeout

2021-11-23 17:03:27 - [MESSAGE][INFO] - Finding web element with id: 'Object Repository/Popup/Popup' located by 'By.cssSelector: .bootbox-body' in '30' second(s)

2021-11-23 17:03:27 - [MESSAGE][INFO] - Smart Wait Function is triggered

2021-11-23 17:03:28 - [MESSAGE][INFO] - Found 1 web elements with id: 'Object Repository/Popup/Popup' located by 'By.cssSelector: .bootbox-body' in '30' second(s)

2021-11-23 17:03:28 - [MESSAGE][INFO] - Getting text of object 'Object Repository/Popup/Popup'

2021-11-23 17:03:28 - [MESSAGE][PASSED] - Text of object 'Object Repository/Popup/Popup' is: 'EAR serisi için onaylanmamış belge(leri)niz bulunmaktadır.
Devam etmek istiyor musunuz?'

2021-11-23 17:03:28 - [TEST_STEP][PASSED] - Console.println(RaporNo): null

2021-11-23 17:03:28 - [MESSAGE][PASSED] - Call Test Case 'Test Cases/Popup/PopupMesajiIceriyorMu' successfully

2021-11-23 17:03:28 - [MESSAGE][INFO] - Checking called Test Case

2021-11-23 17:03:28 - [MESSAGE][INFO] - Starting to call Test Case 'Test Cases/Popup/PopupButonSecilir'

2021-11-23 17:03:28 - [TEST_CASE][PASSED] - Test Cases/Popup/PopupButonSecilir: Test Cases/Popup/PopupButonSecilir

2021-11-23 17:03:28 - [TEST_STEP][PASSED] - Method.TextDegerineEsitElementeTikla(findTestObject("Popup/Popup_Butons"), Buton): Method.TextDegerineEsitElementeTikla is PASSED

2021-11-23 17:03:28 - [MESSAGE][INFO] - Finding Test Object 'Object Repository/Popup/Popup_Butons'

2021-11-23 17:03:28 - [MESSAGE][INFO] - Checking timeout

2021-11-23 17:03:28 - [MESSAGE][INFO] - Finding web element with id: 'Object Repository/Popup/Popup_Butons' located by 'By.cssSelector: .modal-footer>button' in '10' second(s)

2021-11-23 17:03:28 - [MESSAGE][INFO] - Smart Wait Function is triggered

2021-11-23 17:03:28 - [MESSAGE][INFO] - Found 2 web elements with id: 'Object Repository/Popup/Popup_Butons' located by 'By.cssSelector: .modal-footer>button' in '10' second(s)

2021-11-23 17:03:28 - [MESSAGE][PASSED] - Method.TextDegerineEsitElementeTikla is PASSED

2021-11-23 17:03:28 - [MESSAGE][PASSED] - Call Test Case 'Test Cases/Popup/PopupButonSecilir' successfully

2021-11-23 17:03:28 - [MESSAGE][INFO] - Checking called Test Case

2021-11-23 17:03:28 - [MESSAGE][INFO] - Starting to call Test Case 'Test Cases/Menu/AnaMenuSecimi'

2021-11-23 17:03:28 - [TEST_CASE][PASSED] - Test Cases/Menu/AnaMenuSecimi: Test Cases/Menu/AnaMenuSecimi

2021-11-23 17:03:28 - [TEST_STEP][PASSED] - Method.TextDegerineEsitElementeTikla(findTestObject("Menu/Ana_Menu"), Ana_Menu): Method.TextDegerineEsitElementeTikla is PASSED

2021-11-23 17:03:28 - [MESSAGE][INFO] - Finding Test Object 'Object Repository/Menu/Ana_Menu'

2021-11-23 17:03:28 - [MESSAGE][INFO] - Checking timeout

2021-11-23 17:03:28 - [MESSAGE][INFO] - Finding web element with id: 'Object Repository/Menu/Ana_Menu' located by 'By.xpath: //*[@class = 'dropdown-toggle']' in '10' second(s)

2021-11-23 17:03:28 - [MESSAGE][INFO] - Smart Wait Function is triggered

2021-11-23 17:03:29 - [MESSAGE][INFO] - Found 14 web elements with id: 'Object Repository/Menu/Ana_Menu' located by 'By.xpath: //*[@class = 'dropdown-toggle']' in '10' second(s)

2021-11-23 17:03:29 - [MESSAGE][PASSED] - Method.TextDegerineEsitElementeTikla is PASSED

2021-11-23 17:03:29 - [MESSAGE][PASSED] - Call Test Case 'Test Cases/Menu/AnaMenuSecimi' successfully

2021-11-23 17:03:29 - [MESSAGE][INFO] - Checking called Test Case

2021-11-23 17:03:29 - [MESSAGE][INFO] - Starting to call Test Case 'Test Cases/Menu/BasligaGoreAltMenuSecimi'

2021-11-23 17:03:30 - [TEST_CASE][PASSED] - Test Cases/Menu/BasligaGoreAltMenuSecimi: Test Cases/Menu/BasligaGoreAltMenuSecimi

2021-11-23 17:03:30 - [TEST_STEP][PASSED] - Method.TextDegerineEsitElementinAltindakiTextDegerineEsitOlanaTikla(findTestObject("Menu/Menu_Basligi"), findTestObject("Menu/Basliga_Gore_Alt_Menu"), Baslik, Alt_Menu): Method.TextDegerineEsitElementinAltindakiTextDegerineEsitOlanaTikla is PASSED

2021-11-23 17:03:30 - [MESSAGE][INFO] - Finding Test Object 'Object Repository/Menu/Menu_Basligi'

2021-11-23 17:03:30 - [MESSAGE][INFO] - Finding Test Object 'Object Repository/Menu/Basliga_Gore_Alt_Menu'

2021-11-23 17:03:30 - [MESSAGE][INFO] - Checking timeout

2021-11-23 17:03:30 - [MESSAGE][INFO] - Finding web element with id: 'Object Repository/Menu/Menu_Basligi' located by 'By.xpath: //li[@class='dropdown dropdown-large open']//li[@class='dropdown-header']' in '10' second(s)

2021-11-23 17:03:30 - [MESSAGE][INFO] - Smart Wait Function is triggered

2021-11-23 17:03:30 - [MESSAGE][INFO] - Found 2 web elements with id: 'Object Repository/Menu/Menu_Basligi' located by 'By.xpath: //li[@class='dropdown dropdown-large open']//li[@class='dropdown-header']' in '10' second(s)

2021-11-23 17:03:30 - [MESSAGE][INFO] - Smart Wait Function is triggered

2021-11-23 17:03:31 - [MESSAGE][PASSED] - Method.TextDegerineEsitElementinAltindakiTextDegerineEsitOlanaTikla is PASSED

2021-11-23 17:03:31 - [MESSAGE][PASSED] - Call Test Case 'Test Cases/Menu/BasligaGoreAltMenuSecimi' successfully

2021-11-23 17:03:31 - [MESSAGE][INFO] - Checking called Test Case

2021-11-23 17:03:31 - [MESSAGE][INFO] - Starting to call Test Case 'Test Cases/Filtreler/EttnYaz'

2021-11-23 17:03:31 - [TEST_CASE][PASSED] - Test Cases/Filtreler/EttnYaz: Test Cases/Filtreler/EttnYaz

2021-11-23 17:03:31 - [TEST_STEP][PASSED] - Method.TextDegerineEsitElementinAltindakiTextboxtaYaz(findTestObject("Filtreler/Basliklar"), findTestObject("Filtreler/Basliga_Gore_Textbox"), "ETTN", ettn): Method.TextDegerineEsitElementinAltindakiTextboxtaYaz is PASSED

2021-11-23 17:03:31 - [MESSAGE][INFO] - Finding Test Object 'Object Repository/Filtreler/Basliklar'

2021-11-23 17:03:31 - [MESSAGE][INFO] - Finding Test Object 'Object Repository/Filtreler/Basliga_Gore_Textbox'

2021-11-23 17:03:32 - [MESSAGE][INFO] - Checking timeout

2021-11-23 17:03:32 - [MESSAGE][INFO] - Finding web element with id: 'Object Repository/Filtreler/Basliklar' located by 'By.cssSelector: .control-label.col-sm-4.paddingMarginRLC' in '10' second(s)

2021-11-23 17:03:32 - [MESSAGE][INFO] - Smart Wait Function is triggered

2021-11-23 17:03:32 - [MESSAGE][INFO] - Found 19 web elements with id: 'Object Repository/Filtreler/Basliklar' located by 'By.cssSelector: .control-label.col-sm-4.paddingMarginRLC' in '10' second(s)

2021-11-23 17:03:32 - [MESSAGE][INFO] - Smart Wait Function is triggered

2021-11-23 17:03:33 - [MESSAGE][PASSED] - Method.TextDegerineEsitElementinAltindakiTextboxtaYaz is PASSED

2021-11-23 17:03:33 - [MESSAGE][PASSED] - Call Test Case 'Test Cases/Filtreler/EttnYaz' successfully

2021-11-23 17:03:33 - [MESSAGE][INFO] - Checking called Test Case

2021-11-23 17:03:33 - [MESSAGE][INFO] - Starting to call Test Case 'Test Cases/Filtreler/ButonaTikla'

2021-11-23 17:03:33 - [TEST_CASE][PASSED] - Test Cases/Filtreler/ButonaTikla: Test Cases/Filtreler/ButonaTikla

2021-11-23 17:03:33 - [TEST_STEP][PASSED] - Method.TextDegerineEsitElementeTikla(findTestObject("Filtreler/Butonlar"), Filtre_Buton): Method.TextDegerineEsitElementeTikla is PASSED

2021-11-23 17:03:33 - [MESSAGE][INFO] - Finding Test Object 'Object Repository/Filtreler/Butonlar'

2021-11-23 17:03:33 - [MESSAGE][INFO] - Checking timeout

2021-11-23 17:03:33 - [MESSAGE][INFO] - Finding web element with id: 'Object Repository/Filtreler/Butonlar' located by 'By.cssSelector: .dxb>span' in '10' second(s)

2021-11-23 17:03:33 - [MESSAGE][INFO] - Smart Wait Function is triggered

2021-11-23 17:03:33 - [MESSAGE][INFO] - Found 3 web elements with id: 'Object Repository/Filtreler/Butonlar' located by 'By.cssSelector: .dxb>span' in '10' second(s)

2021-11-23 17:03:33 - [MESSAGE][PASSED] - Method.TextDegerineEsitElementeTikla is PASSED

2021-11-23 17:03:33 - [MESSAGE][PASSED] - Call Test Case 'Test Cases/Filtreler/ButonaTikla' successfully

2021-11-23 17:03:33 - [MESSAGE][INFO] - Checking called Test Case

2021-11-23 17:03:33 - [MESSAGE][INFO] - Starting to call Test Case 'Test Cases/Tablo/TablodaVeriVarMi'

2021-11-23 17:03:33 - [TEST_CASE][PASSED] - Test Cases/Tablo/TablodaVeriVarMi: Test Cases/Tablo/TablodaVeriVarMi

2021-11-23 17:03:33 - [TEST_STEP][PASSED] - verifyTextNotPresent("Görüntülenecek veri yok", true): Text 'Görüntülenecek veri yok' is not present on page using regular expression

2021-11-23 17:03:33 - [MESSAGE][INFO] - Checking text present  using regular expression

2021-11-23 17:03:33 - [MESSAGE][INFO] - Smart Wait Function is triggered

2021-11-23 17:03:34 - [MESSAGE][INFO] - Finding text 'Görüntülenecek veri yok' on page  using regular expression

2021-11-23 17:03:34 - [MESSAGE][PASSED] - Text 'Görüntülenecek veri yok' is not present on page using regular expression

2021-11-23 17:03:34 - [MESSAGE][PASSED] - Call Test Case 'Test Cases/Tablo/TablodaVeriVarMi' successfully

2021-11-23 17:03:34 - [MESSAGE][INFO] - Checking called Test Case

2021-11-23 17:03:34 - [MESSAGE][INFO] - Starting to call Test Case 'Test Cases/Tablo/TablodaVeriBasariliMiArsiv'

2021-11-23 17:03:34 - [TEST_CASE][PASSED] - Test Cases/Tablo/TablodaVeriBasariliMiArsiv: Test Cases/Tablo/TablodaVeriBasariliMiArsiv

2021-11-23 17:03:34 - [TEST_STEP][PASSED] - sayac = 80: null

2021-11-23 17:03:34 - [TEST_STEP][PASSED] - while (verifyElementText(findTestObject("Object Repository/Tablo/DurumBilgisiArsiv"), "Henüz Sonuçlanmadı", OPTIONAL)): Actual text 'Başarılı' and expected text 'Henüz Sonuçlanmadı' of test object 'Object Repository/Tablo/DurumBilgisiArsiv' are NOT matched. (Root cause: com.kms.katalon.core.exception.StepFailedException: Actual text 'Başarılı' and expected text 'Henüz Sonuçlanmadı' of test object 'Object Repository/Tablo/DurumBilgisiArsiv' are NOT matched.
	at com.kms.katalon.core.webui.keyword.internal.WebUIKeywordMain.stepFailed(WebUIKeywordMain.groovy:64)
	at com.kms.katalon.core.webui.keyword.builtin.VerifyElementTextKeyword$_verifyElementText_closure1.doCall(VerifyElementTextKeyword.groovy:57)
	at com.kms.katalon.core.webui.keyword.builtin.VerifyElementTextKeyword$_verifyElementText_closure1.call(VerifyElementTextKeyword.groovy)
	at com.kms.katalon.core.webui.keyword.internal.WebUIKeywordMain.runKeyword(WebUIKeywordMain.groovy:20)
	at com.kms.katalon.core.webui.keyword.builtin.VerifyElementTextKeyword.verifyElementText(VerifyElementTextKeyword.groovy:72)
	at com.kms.katalon.core.webui.keyword.builtin.VerifyElementTextKeyword.execute(VerifyElementTextKeyword.groovy:40)
	at com.kms.katalon.core.keyword.internal.KeywordExecutor.executeKeywordForPlatform(KeywordExecutor.groovy:73)
	at com.kms.katalon.core.webui.keyword.WebUiBuiltInKeywords.verifyElementText(WebUiBuiltInKeywords.groovy:4733)
	at com.kms.katalon.core.webui.keyword.WebUiBuiltInKeywords$verifyElementText$20.call(Unknown Source)
	at TablodaVeriBasariliMiArsiv.run(TablodaVeriBasariliMiArsiv:22)
	at com.kms.katalon.core.main.ScriptEngine.run(ScriptEngine.java:194)
	at com.kms.katalon.core.main.ScriptEngine.runScriptAsRawText(ScriptEngine.java:119)
	at com.kms.katalon.core.main.TestCaseExecutor.runScript(TestCaseExecutor.java:369)
	at com.kms.katalon.core.main.TestCaseExecutor.doExecute(TestCaseExecutor.java:360)
	at com.kms.katalon.core.main.TestCaseExecutor.processExecutionPhase(TestCaseExecutor.java:339)
	at com.kms.katalon.core.main.TestCaseExecutor.accessMainPhase(TestCaseExecutor.java:331)
	at com.kms.katalon.core.main.TestCaseExecutor.execute(TestCaseExecutor.java:248)
	at com.kms.katalon.core.main.TestCaseMain.runTestCase(TestCaseMain.java:138)
	at com.kms.katalon.core.keyword.builtin.CallTestCaseKeyword$_callTestCase_closure1.doCall(CallTestCaseKeyword.groovy:59)
	at com.kms.katalon.core.keyword.builtin.CallTestCaseKeyword$_callTestCase_closure1.call(CallTestCaseKeyword.groovy)
	at com.kms.katalon.core.keyword.internal.KeywordMain.runKeyword(KeywordMain.groovy:68)
	at com.kms.katalon.core.keyword.builtin.CallTestCaseKeyword.callTestCase(CallTestCaseKeyword.groovy:81)
	at com.kms.katalon.core.keyword.builtin.CallTestCaseKeyword.execute(CallTestCaseKeyword.groovy:44)
	at com.kms.katalon.core.keyword.internal.KeywordExecutor.executeKeywordForPlatform(KeywordExecutor.groovy:73)
	at com.kms.katalon.core.keyword.BuiltinKeywords.callTestCase(BuiltinKeywords.groovy:334)
	at tablo.tablo.tablodaVeriBasariliMiArsiv(tablo.groovy:95)
	at cucumber.runtime.Utils$1.call(Utils.java:26)
	at cucumber.runtime.Timeout.timeout(Timeout.java:16)
	at cucumber.runtime.Utils.invoke(Utils.java:20)
	at cucumber.runtime.java.JavaStepDefinition.execute(JavaStepDefinition.java:49)
	at cucumber.runner.PickleStepDefinitionMatch.runStep(PickleStepDefinitionMatch.java:50)
	at cucumber.runner.TestStep.executeStep(TestStep.java:63)
	at cucumber.runner.TestStep.run(TestStep.java:49)
	at cucumber.runner.PickleStepTestStep.run(PickleStepTestStep.java:43)
	at cucumber.runner.TestCase.run(TestCase.java:44)
	at cucumber.runner.Runner.runPickle(Runner.java:40)
	at cucumber.runtime.Runtime$1.run(Runtime.java:84)
	at cucumber.runtime.Runtime$SameThreadExecutorService.execute(Runtime.java:220)
	at cucumber.runtime.Runtime.run(Runtime.java:81)
	at cucumber.api.cli.Main.run(Main.java:26)
	at cucumber.api.cli.Main$run.call(Unknown Source)
	at com.kms.katalon.core.cucumber.keyword.CucumberBuiltinKeywords$_runFeatureFile_closure1.doCall(CucumberBuiltinKeywords.groovy:106)
	at com.kms.katalon.core.cucumber.keyword.CucumberBuiltinKeywords$_runFeatureFile_closure1.doCall(CucumberBuiltinKeywords.groovy)
	at com.kms.katalon.core.keyword.internal.KeywordMain.runKeyword(KeywordMain.groovy:68)
	at com.kms.katalon.core.keyword.internal.KeywordMain$runKeyword.call(Unknown Source)
	at com.kms.katalon.core.cucumber.keyword.CucumberBuiltinKeywords.runFeatureFile(CucumberBuiltinKeywords.groovy:73)
	at com.kms.katalon.core.cucumber.keyword.CucumberBuiltinKeywords$runFeatureFile$0.callStatic(Unknown Source)
	at com.kms.katalon.core.cucumber.keyword.CucumberBuiltinKeywords.runFeatureFile(CucumberBuiltinKeywords.groovy:246)
	at com.kms.katalon.core.cucumber.keyword.CucumberBuiltinKeywords$runFeatureFile.call(Unknown Source)
	at VKN-Kagit-Istisna.run(VKN-Kagit-Istisna:19)
	at com.kms.katalon.core.main.ScriptEngine.run(ScriptEngine.java:194)
	at com.kms.katalon.core.main.ScriptEngine.runScriptAsRawText(ScriptEngine.java:119)
	at com.kms.katalon.core.main.TestCaseExecutor.runScript(TestCaseExecutor.java:369)
	at com.kms.katalon.core.main.TestCaseExecutor.doExecute(TestCaseExecutor.java:360)
	at com.kms.katalon.core.main.TestCaseExecutor.processExecutionPhase(TestCaseExecutor.java:339)
	at com.kms.katalon.core.main.TestCaseExecutor.accessMainPhase(TestCaseExecutor.java:331)
	at com.kms.katalon.core.main.TestCaseExecutor.execute(TestCaseExecutor.java:248)
	at com.kms.katalon.core.main.TestSuiteExecutor.accessTestCaseMainPhase(TestSuiteExecutor.java:191)
	at com.kms.katalon.core.main.TestSuiteExecutor.accessTestSuiteMainPhase(TestSuiteExecutor.java:140)
	at com.kms.katalon.core.main.TestSuiteExecutor.execute(TestSuiteExecutor.java:89)
	at com.kms.katalon.core.main.TestCaseMain.startTestSuite(TestCaseMain.java:181)
	at com.kms.katalon.core.main.TestCaseMain$startTestSuite$0.call(Unknown Source)
	at TempTestSuite1637674444414.run(TempTestSuite1637674444414.groovy:39)
)

2021-11-23 17:03:34 - [MESSAGE][INFO] - Finding Test Object 'Object Repository/Tablo/DurumBilgisiArsiv'

2021-11-23 17:03:34 - [MESSAGE][INFO] - Checking object

2021-11-23 17:03:34 - [MESSAGE][INFO] - Finding web element from Test Object's properties

2021-11-23 17:03:34 - [MESSAGE][INFO] - Checking timeout

2021-11-23 17:03:34 - [MESSAGE][INFO] - Finding web element with id: 'Object Repository/Tablo/DurumBilgisiArsiv' located by 'By.xpath: //*[@id = 'GridViewEArchiveInvoices_tccell0_9']' in '30' second(s)

2021-11-23 17:03:34 - [MESSAGE][INFO] - Smart Wait Function is triggered

2021-11-23 17:03:35 - [MESSAGE][INFO] - Found 1 web elements with id: 'Object Repository/Tablo/DurumBilgisiArsiv' located by 'By.xpath: //*[@id = 'GridViewEArchiveInvoices_tccell0_9']' in '30' second(s)

2021-11-23 17:03:35 - [MESSAGE][WARNING] - Actual text 'Başarılı' and expected text 'Henüz Sonuçlanmadı' of test object 'Object Repository/Tablo/DurumBilgisiArsiv' are NOT matched. (Root cause: com.kms.katalon.core.exception.StepFailedException: Actual text 'Başarılı' and expected text 'Henüz Sonuçlanmadı' of test object 'Object Repository/Tablo/DurumBilgisiArsiv' are NOT matched.
	at com.kms.katalon.core.webui.keyword.internal.WebUIKeywordMain.stepFailed(WebUIKeywordMain.groovy:64)
	at com.kms.katalon.core.webui.keyword.builtin.VerifyElementTextKeyword$_verifyElementText_closure1.doCall(VerifyElementTextKeyword.groovy:57)
	at com.kms.katalon.core.webui.keyword.builtin.VerifyElementTextKeyword$_verifyElementText_closure1.call(VerifyElementTextKeyword.groovy)
	at com.kms.katalon.core.webui.keyword.internal.WebUIKeywordMain.runKeyword(WebUIKeywordMain.groovy:20)
	at com.kms.katalon.core.webui.keyword.builtin.VerifyElementTextKeyword.verifyElementText(VerifyElementTextKeyword.groovy:72)
	at com.kms.katalon.core.webui.keyword.builtin.VerifyElementTextKeyword.execute(VerifyElementTextKeyword.groovy:40)
	at com.kms.katalon.core.keyword.internal.KeywordExecutor.executeKeywordForPlatform(KeywordExecutor.groovy:73)
	at com.kms.katalon.core.webui.keyword.WebUiBuiltInKeywords.verifyElementText(WebUiBuiltInKeywords.groovy:4733)
	at com.kms.katalon.core.webui.keyword.WebUiBuiltInKeywords$verifyElementText$20.call(Unknown Source)
	at TablodaVeriBasariliMiArsiv.run(TablodaVeriBasariliMiArsiv:22)
	at com.kms.katalon.core.main.ScriptEngine.run(ScriptEngine.java:194)
	at com.kms.katalon.core.main.ScriptEngine.runScriptAsRawText(ScriptEngine.java:119)
	at com.kms.katalon.core.main.TestCaseExecutor.runScript(TestCaseExecutor.java:369)
	at com.kms.katalon.core.main.TestCaseExecutor.doExecute(TestCaseExecutor.java:360)
	at com.kms.katalon.core.main.TestCaseExecutor.processExecutionPhase(TestCaseExecutor.java:339)
	at com.kms.katalon.core.main.TestCaseExecutor.accessMainPhase(TestCaseExecutor.java:331)
	at com.kms.katalon.core.main.TestCaseExecutor.execute(TestCaseExecutor.java:248)
	at com.kms.katalon.core.main.TestCaseMain.runTestCase(TestCaseMain.java:138)
	at com.kms.katalon.core.keyword.builtin.CallTestCaseKeyword$_callTestCase_closure1.doCall(CallTestCaseKeyword.groovy:59)
	at com.kms.katalon.core.keyword.builtin.CallTestCaseKeyword$_callTestCase_closure1.call(CallTestCaseKeyword.groovy)
	at com.kms.katalon.core.keyword.internal.KeywordMain.runKeyword(KeywordMain.groovy:68)
	at com.kms.katalon.core.keyword.builtin.CallTestCaseKeyword.callTestCase(CallTestCaseKeyword.groovy:81)
	at com.kms.katalon.core.keyword.builtin.CallTestCaseKeyword.execute(CallTestCaseKeyword.groovy:44)
	at com.kms.katalon.core.keyword.internal.KeywordExecutor.executeKeywordForPlatform(KeywordExecutor.groovy:73)
	at com.kms.katalon.core.keyword.BuiltinKeywords.callTestCase(BuiltinKeywords.groovy:334)
	at tablo.tablo.tablodaVeriBasariliMiArsiv(tablo.groovy:95)
	at cucumber.runtime.Utils$1.call(Utils.java:26)
	at cucumber.runtime.Timeout.timeout(Timeout.java:16)
	at cucumber.runtime.Utils.invoke(Utils.java:20)
	at cucumber.runtime.java.JavaStepDefinition.execute(JavaStepDefinition.java:49)
	at cucumber.runner.PickleStepDefinitionMatch.runStep(PickleStepDefinitionMatch.java:50)
	at cucumber.runner.TestStep.executeStep(TestStep.java:63)
	at cucumber.runner.TestStep.run(TestStep.java:49)
	at cucumber.runner.PickleStepTestStep.run(PickleStepTestStep.java:43)
	at cucumber.runner.TestCase.run(TestCase.java:44)
	at cucumber.runner.Runner.runPickle(Runner.java:40)
	at cucumber.runtime.Runtime$1.run(Runtime.java:84)
	at cucumber.runtime.Runtime$SameThreadExecutorService.execute(Runtime.java:220)
	at cucumber.runtime.Runtime.run(Runtime.java:81)
	at cucumber.api.cli.Main.run(Main.java:26)
	at cucumber.api.cli.Main$run.call(Unknown Source)
	at com.kms.katalon.core.cucumber.keyword.CucumberBuiltinKeywords$_runFeatureFile_closure1.doCall(CucumberBuiltinKeywords.groovy:106)
	at com.kms.katalon.core.cucumber.keyword.CucumberBuiltinKeywords$_runFeatureFile_closure1.doCall(CucumberBuiltinKeywords.groovy)
	at com.kms.katalon.core.keyword.internal.KeywordMain.runKeyword(KeywordMain.groovy:68)
	at com.kms.katalon.core.keyword.internal.KeywordMain$runKeyword.call(Unknown Source)
	at com.kms.katalon.core.cucumber.keyword.CucumberBuiltinKeywords.runFeatureFile(CucumberBuiltinKeywords.groovy:73)
	at com.kms.katalon.core.cucumber.keyword.CucumberBuiltinKeywords$runFeatureFile$0.callStatic(Unknown Source)
	at com.kms.katalon.core.cucumber.keyword.CucumberBuiltinKeywords.runFeatureFile(CucumberBuiltinKeywords.groovy:246)
	at com.kms.katalon.core.cucumber.keyword.CucumberBuiltinKeywords$runFeatureFile.call(Unknown Source)
	at VKN-Kagit-Istisna.run(VKN-Kagit-Istisna:19)
	at com.kms.katalon.core.main.ScriptEngine.run(ScriptEngine.java:194)
	at com.kms.katalon.core.main.ScriptEngine.runScriptAsRawText(ScriptEngine.java:119)
	at com.kms.katalon.core.main.TestCaseExecutor.runScript(TestCaseExecutor.java:369)
	at com.kms.katalon.core.main.TestCaseExecutor.doExecute(TestCaseExecutor.java:360)
	at com.kms.katalon.core.main.TestCaseExecutor.processExecutionPhase(TestCaseExecutor.java:339)
	at com.kms.katalon.core.main.TestCaseExecutor.accessMainPhase(TestCaseExecutor.java:331)
	at com.kms.katalon.core.main.TestCaseExecutor.execute(TestCaseExecutor.java:248)
	at com.kms.katalon.core.main.TestSuiteExecutor.accessTestCaseMainPhase(TestSuiteExecutor.java:191)
	at com.kms.katalon.core.main.TestSuiteExecutor.accessTestSuiteMainPhase(TestSuiteExecutor.java:140)
	at com.kms.katalon.core.main.TestSuiteExecutor.execute(TestSuiteExecutor.java:89)
	at com.kms.katalon.core.main.TestCaseMain.startTestSuite(TestCaseMain.java:181)
	at com.kms.katalon.core.main.TestCaseMain$startTestSuite$0.call(Unknown Source)
	at TempTestSuite1637674444414.run(TempTestSuite1637674444414.groovy:39)
)

2021-11-23 17:03:35 - [TEST_STEP][PASSED] - Method.TextDegerineEsitElementVarMi(findTestObject("Object Repository/Tablo/DurumBilgisiArsiv"), "Başarılı"): Method.TextDegerineEsitElementVarMi is PASSED

2021-11-23 17:03:35 - [MESSAGE][INFO] - Finding Test Object 'Object Repository/Tablo/DurumBilgisiArsiv'

2021-11-23 17:03:35 - [MESSAGE][INFO] - Checking timeout

2021-11-23 17:03:35 - [MESSAGE][INFO] - Finding web element with id: 'Object Repository/Tablo/DurumBilgisiArsiv' located by 'By.xpath: //*[@id = 'GridViewEArchiveInvoices_tccell0_9']' in '10' second(s)

2021-11-23 17:03:35 - [MESSAGE][INFO] - Smart Wait Function is triggered

2021-11-23 17:03:35 - [MESSAGE][INFO] - Found 1 web elements with id: 'Object Repository/Tablo/DurumBilgisiArsiv' located by 'By.xpath: //*[@id = 'GridViewEArchiveInvoices_tccell0_9']' in '10' second(s)

2021-11-23 17:03:35 - [MESSAGE][PASSED] - Method.TextDegerineEsitElementVarMi is PASSED

2021-11-23 17:03:35 - [MESSAGE][PASSED] - Call Test Case 'Test Cases/Tablo/TablodaVeriBasariliMiArsiv' successfully

2021-11-23 17:03:35 - [MESSAGE][INFO] - Checking called Test Case

2021-11-23 17:03:35 - [MESSAGE][INFO] - Starting to call Test Case 'Test Cases/Kullanici_Islemleri/KullaniciIslemlerindenSecimYapilir'

2021-11-23 17:03:35 - [TEST_CASE][PASSED] - Test Cases/Kullanici_Islemleri/KullaniciIslemlerindenSecimYapilir: Test Cases/Kullanici_Islemleri/KullaniciIslemlerindenSecimYapilir

2021-11-23 17:03:35 - [TEST_STEP][PASSED] - waitForElementClickable(findTestObject("Object Repository/Kullanici_Islemleri/KullaniciIslemleri"), 10): Object 'Object Repository/Kullanici_Islemleri/KullaniciIslemleri' is clickable

2021-11-23 17:03:35 - [MESSAGE][INFO] - Finding Test Object 'Object Repository/Kullanici_Islemleri/KullaniciIslemleri'

2021-11-23 17:03:35 - [MESSAGE][INFO] - Checking object

2021-11-23 17:03:35 - [MESSAGE][INFO] - Checking timeout

2021-11-23 17:03:35 - [MESSAGE][INFO] - Finding web element from Test Object's properties

2021-11-23 17:03:35 - [MESSAGE][INFO] - Checking timeout

2021-11-23 17:03:35 - [MESSAGE][INFO] - Finding web element with id: 'Object Repository/Kullanici_Islemleri/KullaniciIslemleri' located by 'By.cssSelector: .dropdown>a>img' in '10' second(s)

2021-11-23 17:03:35 - [MESSAGE][INFO] - Smart Wait Function is triggered

2021-11-23 17:03:36 - [MESSAGE][INFO] - Found 1 web elements with id: 'Object Repository/Kullanici_Islemleri/KullaniciIslemleri' located by 'By.cssSelector: .dropdown>a>img' in '10' second(s)

2021-11-23 17:03:36 - [MESSAGE][PASSED] - Object 'Object Repository/Kullanici_Islemleri/KullaniciIslemleri' is clickable

2021-11-23 17:03:36 - [TEST_STEP][PASSED] - click(findTestObject("Object Repository/Kullanici_Islemleri/KullaniciIslemleri")): Object: 'Object Repository/Kullanici_Islemleri/KullaniciIslemleri' is clicked on

2021-11-23 17:03:36 - [MESSAGE][INFO] - Finding Test Object 'Object Repository/Kullanici_Islemleri/KullaniciIslemleri'

2021-11-23 17:03:36 - [MESSAGE][INFO] - Checking object

2021-11-23 17:03:36 - [MESSAGE][INFO] - Finding web element from Test Object's properties

2021-11-23 17:03:36 - [MESSAGE][INFO] - Checking timeout

2021-11-23 17:03:36 - [MESSAGE][INFO] - Finding web element with id: 'Object Repository/Kullanici_Islemleri/KullaniciIslemleri' located by 'By.cssSelector: .dropdown>a>img' in '30' second(s)

2021-11-23 17:03:36 - [MESSAGE][INFO] - Smart Wait Function is triggered

2021-11-23 17:03:36 - [MESSAGE][INFO] - Found 1 web elements with id: 'Object Repository/Kullanici_Islemleri/KullaniciIslemleri' located by 'By.cssSelector: .dropdown>a>img' in '30' second(s)

2021-11-23 17:03:36 - [MESSAGE][INFO] - Clicking on object: 'Object Repository/Kullanici_Islemleri/KullaniciIslemleri'

2021-11-23 17:03:36 - [MESSAGE][PASSED] - Object: 'Object Repository/Kullanici_Islemleri/KullaniciIslemleri' is clicked on

2021-11-23 17:03:36 - [TEST_STEP][PASSED] - Method.TextDegerineEsitElementeTikla(findTestObject("Object Repository/Kullanici_Islemleri/Secenekler"), Islem): Method.TextDegerineEsitElementeTikla is PASSED

2021-11-23 17:03:36 - [MESSAGE][INFO] - Finding Test Object 'Object Repository/Kullanici_Islemleri/Secenekler'

2021-11-23 17:03:36 - [MESSAGE][INFO] - Checking timeout

2021-11-23 17:03:36 - [MESSAGE][INFO] - Finding web element with id: 'Object Repository/Kullanici_Islemleri/Secenekler' located by 'By.cssSelector: .nav.navbar-nav.navbar-right li a' in '10' second(s)

2021-11-23 17:03:36 - [MESSAGE][INFO] - Smart Wait Function is triggered

2021-11-23 17:03:36 - [MESSAGE][INFO] - Found 20 web elements with id: 'Object Repository/Kullanici_Islemleri/Secenekler' located by 'By.cssSelector: .nav.navbar-nav.navbar-right li a' in '10' second(s)

2021-11-23 17:03:38 - [MESSAGE][PASSED] - Method.TextDegerineEsitElementeTikla is PASSED

2021-11-23 17:03:38 - [TEST_STEP][PASSED] - verifyElementNotPresent(findTestObject("Object Repository/Kullanici_Islemleri/Secenekler"), 10): Web element with id: 'Object Repository/Kullanici_Islemleri/Secenekler' located by 'By.cssSelector: .nav.navbar-nav.navbar-right li a' is not present after '10' second(s)

2021-11-23 17:03:38 - [MESSAGE][INFO] - Finding Test Object 'Object Repository/Kullanici_Islemleri/Secenekler'

2021-11-23 17:03:38 - [MESSAGE][INFO] - Checking object

2021-11-23 17:03:38 - [MESSAGE][INFO] - Checking timeout

2021-11-23 17:03:38 - [MESSAGE][INFO] - Finding web element with id: 'Object Repository/Kullanici_Islemleri/Secenekler' located by 'By.cssSelector: .nav.navbar-nav.navbar-right li a' in '10' second(s)

2021-11-23 17:03:38 - [MESSAGE][INFO] - Smart Wait Function is triggered

2021-11-23 17:03:38 - [MESSAGE][PASSED] - Web element with id: 'Object Repository/Kullanici_Islemleri/Secenekler' located by 'By.cssSelector: .nav.navbar-nav.navbar-right li a' is not present after '10' second(s)

2021-11-23 17:03:38 - [MESSAGE][PASSED] - Call Test Case 'Test Cases/Kullanici_Islemleri/KullaniciIslemlerindenSecimYapilir' successfully

2021-11-23 17:03:38 - [TEST_CASE][PASSED] - Start Test Case : SCENARIO Gonderim tipi Kagit ve Istisna tipinde e-Arsiv faturasi olusturulmasi: SCENARIO Gonderim tipi Kagit ve Istisna tipinde e-Arsiv faturasi olusturulmasi

2021-11-23 17:03:38 - [TEST_STEP][PASSED] - Kullanıcı adı EARISTISNA ve Şifre test1234 olarak giriş yapılır: Kullanıcı adı EARISTISNA ve Şifre test1234 olarak giriş yapılır

2021-11-23 17:03:38 - [MESSAGE][PASSED] - Kullanıcı adı EARISTISNA ve Şifre test1234 olarak giriş yapılır

2021-11-23 17:03:38 - [TEST_STEP][PASSED] - Ana menüden e-Arşiv seçilir: Ana menüden e-Arşiv seçilir

2021-11-23 17:03:38 - [MESSAGE][PASSED] - Ana menüden e-Arşiv seçilir

2021-11-23 17:03:38 - [TEST_STEP][PASSED] - Alt menü e-Arşiv Araçları başlığı altındaki e-Arşiv Fatura Oluşturma seçilir: Alt menü e-Arşiv Araçları başlığı altındaki e-Arşiv Fatura Oluşturma seçilir

2021-11-23 17:03:38 - [MESSAGE][PASSED] - Alt menü e-Arşiv Araçları başlığı altındaki e-Arşiv Fatura Oluşturma seçilir

2021-11-23 17:03:38 - [TEST_STEP][PASSED] - Tablodaki tüm veriler silinir: Tablodaki tüm veriler silinir

2021-11-23 17:03:38 - [MESSAGE][PASSED] - Tablodaki tüm veriler silinir

2021-11-23 17:03:38 - [TEST_STEP][PASSED] - Butonlardan Ekle isimli butona tıklanır: Butonlardan Ekle isimli butona tıklanır

2021-11-23 17:03:38 - [MESSAGE][PASSED] - Butonlardan Ekle isimli butona tıklanır

2021-11-23 17:03:38 - [TEST_STEP][PASSED] - Görsel tasarım sayfasının e-Arşiv Fatura Bilgileri başlığını içerdiği kontrol edilir: Görsel tasarım sayfasının e-Arşiv Fatura Bilgileri başlığını içerdiği kontrol edilir

2021-11-23 17:03:38 - [MESSAGE][PASSED] - Görsel tasarım sayfasının e-Arşiv Fatura Bilgileri başlığını içerdiği kontrol edilir

2021-11-23 17:03:38 - [TEST_STEP][PASSED] - Alıcı adı alanına UC0013 girilir: Alıcı adı alanına UC0013 girilir

2021-11-23 17:03:38 - [MESSAGE][PASSED] - Alıcı adı alanına UC0013 girilir

2021-11-23 17:03:38 - [TEST_STEP][PASSED] - Gönderim Şekli Kağıt olarak seçilir: Gönderim Şekli Kağıt olarak seçilir

2021-11-23 17:03:38 - [MESSAGE][PASSED] - Gönderim Şekli Kağıt olarak seçilir

2021-11-23 17:03:38 - [TEST_STEP][PASSED] - Tip alanından İstisna seçilir: Tip alanından İstisna seçilir

2021-11-23 17:03:38 - [MESSAGE][PASSED] - Tip alanından İstisna seçilir

2021-11-23 17:03:38 - [TEST_STEP][PASSED] - Döküman Para Birimi alanından Türk Lirası seçilir: Döküman Para Birimi alanından Türk Lirası seçilir

2021-11-23 17:03:38 - [MESSAGE][PASSED] - Döküman Para Birimi alanından Türk Lirası seçilir

2021-11-23 17:03:38 - [TEST_STEP][PASSED] - Ön Ek EAR olarak seçilir: Ön Ek EAR olarak seçilir

2021-11-23 17:03:38 - [MESSAGE][PASSED] - Ön Ek EAR olarak seçilir

2021-11-23 17:03:38 - [TEST_STEP][PASSED] - Tasarım alanından Otomasyon seçilir: Tasarım alanından Otomasyon seçilir

2021-11-23 17:03:38 - [MESSAGE][PASSED] - Tasarım alanından Otomasyon seçilir

2021-11-23 17:03:38 - [TEST_STEP][PASSED] - Sipariş bilgileri UUC-SAT-1200001 ve 31.04.2020 olarak girilir: Sipariş bilgileri UUC-SAT-1200001 ve 31.04.2020 olarak girilir

2021-11-23 17:03:38 - [MESSAGE][PASSED] - Sipariş bilgileri UUC-SAT-1200001 ve 31.04.2020 olarak girilir

2021-11-23 17:03:38 - [TEST_STEP][PASSED] - İrsaliye Bilgileri AAAAAAAAAA,31.04.2020 olarak girilir: İrsaliye Bilgileri AAAAAAAAAA,31.04.2020 olarak girilir

2021-11-23 17:03:38 - [MESSAGE][PASSED] - İrsaliye Bilgileri AAAAAAAAAA,31.04.2020 olarak girilir

2021-11-23 17:03:38 - [TEST_STEP][PASSED] - Ekle butonuna basılır: Ekle butonuna basılır

2021-11-23 17:03:38 - [MESSAGE][PASSED] - Ekle butonuna basılır

2021-11-23 17:03:38 - [TEST_STEP][PASSED] - Ürün ekleme alanında Mal/Hizmet başlığına Otomasyon girilir: Ürün ekleme alanında Mal/Hizmet başlığına Otomasyon girilir

2021-11-23 17:03:38 - [MESSAGE][PASSED] - Ürün ekleme alanında Mal/Hizmet başlığına Otomasyon girilir

2021-11-23 17:03:38 - [TEST_STEP][PASSED] - Ürün ekleme alanında Açıklaması başlığına Virgosol girilir: Ürün ekleme alanında Açıklaması başlığına Virgosol girilir

2021-11-23 17:03:38 - [MESSAGE][PASSED] - Ürün ekleme alanında Açıklaması başlığına Virgosol girilir

2021-11-23 17:03:38 - [TEST_STEP][PASSED] - Ürün ekleme alanında Miktarı başlığına 400 girilir: Ürün ekleme alanında Miktarı başlığına 400 girilir

2021-11-23 17:03:38 - [MESSAGE][PASSED] - Ürün ekleme alanında Miktarı başlığına 400 girilir

2021-11-23 17:03:38 - [TEST_STEP][PASSED] - Ürün ekleme alanında Birim Fiyat başlığına 100 girilir: Ürün ekleme alanında Birim Fiyat başlığına 100 girilir

2021-11-23 17:03:38 - [MESSAGE][PASSED] - Ürün ekleme alanında Birim Fiyat başlığına 100 girilir

2021-11-23 17:03:38 - [TEST_STEP][PASSED] - Ürün ekleme alanında İskonto Oranı % başlığına 10 girilir: Ürün ekleme alanında İskonto Oranı % başlığına 10 girilir

2021-11-23 17:03:38 - [MESSAGE][PASSED] - Ürün ekleme alanında İskonto Oranı % başlığına 10 girilir

2021-11-23 17:03:38 - [TEST_STEP][PASSED] - Notlar alanına Otomasyon Not girilir: Notlar alanına Otomasyon Not girilir

2021-11-23 17:03:38 - [MESSAGE][PASSED] - Notlar alanına Otomasyon Not girilir

2021-11-23 17:03:38 - [TEST_STEP][PASSED] - Ettn bilgisi kayıt edilir: Ettn bilgisi kayıt edilir

2021-11-23 17:03:38 - [MESSAGE][PASSED] - Ettn bilgisi kayıt edilir

2021-11-23 17:03:38 - [TEST_STEP][PASSED] - Kaydet butonu seçilir: Kaydet butonu seçilir

2021-11-23 17:03:38 - [MESSAGE][PASSED] - Kaydet butonu seçilir

2021-11-23 17:03:38 - [TEST_STEP][PASSED] - Tabloda Ettn bilgisi kaydedilen veri oluşturuldu mu: Tabloda Ettn bilgisi kaydedilen veri oluşturuldu mu

2021-11-23 17:03:38 - [MESSAGE][PASSED] - Tabloda Ettn bilgisi kaydedilen veri oluşturuldu mu

2021-11-23 17:03:38 - [TEST_STEP][PASSED] - Tablodan Ettn bilgisi kaydedilen veri seçilir: Tablodan Ettn bilgisi kaydedilen veri seçilir

2021-11-23 17:03:38 - [MESSAGE][PASSED] - Tablodan Ettn bilgisi kaydedilen veri seçilir

2021-11-23 17:03:39 - [TEST_STEP][PASSED] - Butonlardan Numara Oluştur isimli butona tıklanır: Butonlardan Numara Oluştur isimli butona tıklanır

2021-11-23 17:03:39 - [MESSAGE][PASSED] - Butonlardan Numara Oluştur isimli butona tıklanır

2021-11-23 17:03:39 - [TEST_STEP][PASSED] - Popup mesajı Devam etmek istiyor musunuz içeriyor mu: Popup mesajı Devam etmek istiyor musunuz içeriyor mu

2021-11-23 17:03:39 - [MESSAGE][PASSED] - Popup mesajı Devam etmek istiyor musunuz içeriyor mu

2021-11-23 17:03:39 - [TEST_STEP][PASSED] - Yönetim popupında Evet seçilir: Yönetim popupında Evet seçilir

2021-11-23 17:03:39 - [MESSAGE][PASSED] - Yönetim popupında Evet seçilir

2021-11-23 17:03:39 - [TEST_STEP][PASSED] - Popup mesajı oluşmuştur içeriyor mu: Popup mesajı oluşmuştur içeriyor mu

2021-11-23 17:03:39 - [MESSAGE][PASSED] - Popup mesajı oluşmuştur içeriyor mu

2021-11-23 17:03:39 - [TEST_STEP][PASSED] - Yönetim popupında Tamam seçilir: Yönetim popupında Tamam seçilir

2021-11-23 17:03:39 - [MESSAGE][PASSED] - Yönetim popupında Tamam seçilir

2021-11-23 17:03:39 - [TEST_STEP][PASSED] - Tablodan Ettn bilgisi kaydedilen veri seçilir: Tablodan Ettn bilgisi kaydedilen veri seçilir

2021-11-23 17:03:39 - [MESSAGE][PASSED] - Tablodan Ettn bilgisi kaydedilen veri seçilir

2021-11-23 17:03:39 - [TEST_STEP][PASSED] - Butonlardan Gönder isimli butona tıklanır: Butonlardan Gönder isimli butona tıklanır

2021-11-23 17:03:39 - [MESSAGE][PASSED] - Butonlardan Gönder isimli butona tıklanır

2021-11-23 17:03:39 - [TEST_STEP][PASSED] - Popup mesajı Devam etmek istiyor musunuz içeriyor mu: Popup mesajı Devam etmek istiyor musunuz içeriyor mu

2021-11-23 17:03:39 - [MESSAGE][PASSED] - Popup mesajı Devam etmek istiyor musunuz içeriyor mu

2021-11-23 17:03:39 - [TEST_STEP][PASSED] - Yönetim popupında Evet seçilir: Yönetim popupında Evet seçilir

2021-11-23 17:03:39 - [MESSAGE][PASSED] - Yönetim popupında Evet seçilir

2021-11-23 17:03:39 - [TEST_STEP][PASSED] - Ana menüden e-Arşiv seçilir: Ana menüden e-Arşiv seçilir

2021-11-23 17:03:39 - [MESSAGE][PASSED] - Ana menüden e-Arşiv seçilir

2021-11-23 17:03:39 - [TEST_STEP][PASSED] - Alt menü e-Arşiv Hareketleri başlığı altındaki e-Arşiv Faturaları seçilir: Alt menü e-Arşiv Hareketleri başlığı altındaki e-Arşiv Faturaları seçilir

2021-11-23 17:03:39 - [MESSAGE][PASSED] - Alt menü e-Arşiv Hareketleri başlığı altındaki e-Arşiv Faturaları seçilir

2021-11-23 17:03:39 - [TEST_STEP][PASSED] - Filtrelerden Ettn filtresine Ettn bilgisi yaz: Filtrelerden Ettn filtresine Ettn bilgisi yaz

2021-11-23 17:03:39 - [MESSAGE][PASSED] - Filtrelerden Ettn filtresine Ettn bilgisi yaz

2021-11-23 17:03:39 - [TEST_STEP][PASSED] - Filtre butonlarından Listele seçilir: Filtre butonlarından Listele seçilir

2021-11-23 17:03:39 - [MESSAGE][PASSED] - Filtre butonlarından Listele seçilir

2021-11-23 17:03:39 - [TEST_STEP][PASSED] - Tabloda veri var mı kontrol edilir: Tabloda veri var mı kontrol edilir

2021-11-23 17:03:39 - [MESSAGE][PASSED] - Tabloda veri var mı kontrol edilir

2021-11-23 17:03:39 - [TEST_STEP][PASSED] - Tabloda yeni oluşturulan eArsiv verisi başarılı mı: Tabloda yeni oluşturulan eArsiv verisi başarılı mı

2021-11-23 17:03:39 - [MESSAGE][PASSED] - Tabloda yeni oluşturulan eArsiv verisi başarılı mı

2021-11-23 17:03:39 - [TEST_STEP][PASSED] - Kullanıcı işlemlerinden Çıkış seçilir: Kullanıcı işlemlerinden Çıkış seçilir

2021-11-23 17:03:39 - [MESSAGE][PASSED] - Kullanıcı işlemlerinden Çıkış seçilir

2021-11-23 17:03:39 - [MESSAGE][PASSED] - Feature file: 'Include/features/Regresyon/e-Arsiv/VKN-Kagit-Istisna.feature' was passed

2021-11-23 17:03:39 - [TEST_STEP][PASSED] - Start listener action : sampleAfterTestSuite: Invoke 'com.kms.katalon.core.annotation.AfterTestCase' method: 'Listener.sampleAfterTestSuite(...)' completed.

2021-11-23 17:03:39 - [MESSAGE][INFO] - Starting invoke 'com.kms.katalon.core.annotation.AfterTestCase' method: 'Listener.sampleAfterTestSuite(...)'

2021-11-23 17:03:39 - [TEST_STEP][PASSED] - closeBrowser(): Invoke 'com.kms.katalon.core.annotation.AfterTestCase' method: 'Listener.sampleAfterTestSuite(...)' completed.

2021-11-23 17:03:39 - [MESSAGE][INFO] - Closing browser

2021-11-23 17:03:39 - [MESSAGE][PASSED] - Browser is closed

2021-11-23 17:03:39 - [MESSAGE][INFO] - Invoke 'com.kms.katalon.core.annotation.AfterTestCase' method: 'Listener.sampleAfterTestSuite(...)' completed.]]></system-out>
         <system-err><![CDATA[]]></system-err>
      </testcase>
      <testcase name="Test Cases/Case Repository/Regresyon/e-Arsiv/VKN-Kagit-Ozel Matrah" time="111.779" classname="Test Cases/Case Repository/Regresyon/e-Arsiv/VKN-Kagit-Ozel Matrah" status="PASSED">
         <system-out><![CDATA[2021-11-23 17:03:39 - [TEST_CASE][PASSED] - Test Cases/Case Repository/Regresyon/e-Arsiv/VKN-Kagit-Ozel Matrah: Test Cases/Case Repository/Regresyon/e-Arsiv/VKN-Kagit-Ozel Matrah

2021-11-23 17:03:39 - [TEST_STEP][PASSED] - Start listener action : sampleBeforeTestSuite: Invoke 'com.kms.katalon.core.annotation.BeforeTestCase' method: 'Listener.sampleBeforeTestSuite(...)' completed.

2021-11-23 17:03:39 - [MESSAGE][INFO] - Starting invoke 'com.kms.katalon.core.annotation.BeforeTestCase' method: 'Listener.sampleBeforeTestSuite(...)'

2021-11-23 17:03:39 - [TEST_STEP][PASSED] - openBrowser(baseUrl): Browser is opened with url: 'https://efatura-stage.elogo.com.tr/'

2021-11-23 17:03:39 - [MESSAGE][INFO] - Opening browser

2021-11-23 17:03:39 - [MESSAGE][INFO] - Starting 'Chrome' driver

2021-11-23 17:03:39 - [MESSAGE][INFO] - User set preference: ['prefs', '{download.default_directory=C:\otomasyondownfiles}']

2021-11-23 17:03:39 - [MESSAGE][INFO] - Action delay is set to 0 milliseconds

2021-11-23 17:03:41 - [MESSAGE][INFO] - Navigating browser to: 'https://efatura-stage.elogo.com.tr/'

2021-11-23 17:03:43 - [MESSAGE][PASSED] - Browser is opened with url: 'https://efatura-stage.elogo.com.tr/'

2021-11-23 17:03:43 - [TEST_STEP][PASSED] - maximizeWindow(): Invoke 'com.kms.katalon.core.annotation.BeforeTestCase' method: 'Listener.sampleBeforeTestSuite(...)' completed.

2021-11-23 17:03:43 - [MESSAGE][INFO] - Maximizing current window

2021-11-23 17:03:43 - [MESSAGE][PASSED] - Current window maximized

2021-11-23 17:03:43 - [MESSAGE][INFO] - Invoke 'com.kms.katalon.core.annotation.BeforeTestCase' method: 'Listener.sampleBeforeTestSuite(...)' completed.

2021-11-23 17:03:44 - [TEST_STEP][PASSED] - runFeatureFile("Include/features/Regresyon/e-Arsiv/VKN-Kagit-Ozel Matrah.feature"): Feature file: 'Include/features/Regresyon/e-Arsiv/VKN-Kagit-Ozel Matrah.feature' was passed

2021-11-23 17:03:44 - [MESSAGE][INFO] - Starting run keyword runFeatureFile: 'Include/features/Regresyon/e-Arsiv/VKN-Kagit-Ozel Matrah.feature' and extract report to folder: 'C:\Users\DELL\Documents\GitHub\EES_KatalonLogo\Reports\20211123_163326\Suite Repository\Regresyon-eArsiv-eMakbuz\20211123_163404/cucumber_report/1637676224425'...

2021-11-23 17:03:44 - [MESSAGE][INFO] - Glue: []

2021-11-23 17:03:46 - [MESSAGE][INFO] - Checking called Test Case

2021-11-23 17:03:46 - [MESSAGE][INFO] - Starting to call Test Case 'Test Cases/Sayfalar/Giris_Sayfasi/Login'

2021-11-23 17:03:46 - [TEST_CASE][PASSED] - Test Cases/Sayfalar/Giris_Sayfasi/Login: Test Cases/Sayfalar/Giris_Sayfasi/Login

2021-11-23 17:03:46 - [TEST_STEP][PASSED] - Sayfa_Basligi = getWindowTitle(): Current window's title is: 'LOGO e-Fatura'

2021-11-23 17:03:46 - [MESSAGE][INFO] - Getting current window's title

2021-11-23 17:03:46 - [MESSAGE][PASSED] - Current window's title is: 'LOGO e-Fatura'

2021-11-23 17:03:46 - [TEST_STEP][PASSED] - verifyMatch(Sayfa_Basligi, "LOGO e-Fatura", false): Actual text 'LOGO e-Fatura' and expected text 'LOGO e-Fatura' are matched 

2021-11-23 17:03:46 - [MESSAGE][INFO] - Matching actual text 'LOGO e-Fatura' with expected text 'LOGO e-Fatura'

2021-11-23 17:03:46 - [MESSAGE][PASSED] - Actual text 'LOGO e-Fatura' and expected text 'LOGO e-Fatura' are matched 

2021-11-23 17:03:46 - [TEST_STEP][PASSED] - sendKeys(findTestObject("Sayfalar/Giris_Sayfasi/Firma_Kodu"), KullaniciAdi): Keys 'EARMATRAH' sent to object: 'Object Repository/Sayfalar/Giris_Sayfasi/Firma_Kodu'

2021-11-23 17:03:46 - [MESSAGE][INFO] - Finding Test Object 'Object Repository/Sayfalar/Giris_Sayfasi/Firma_Kodu'

2021-11-23 17:03:46 - [MESSAGE][INFO] - Sending keys 'EARMATRAH' to object: 'Object Repository/Sayfalar/Giris_Sayfasi/Firma_Kodu'

2021-11-23 17:03:46 - [MESSAGE][INFO] - Finding web element from Test Object's properties

2021-11-23 17:03:46 - [MESSAGE][INFO] - Checking timeout

2021-11-23 17:03:46 - [MESSAGE][INFO] - Finding web element with id: 'Object Repository/Sayfalar/Giris_Sayfasi/Firma_Kodu' located by 'By.xpath: //*[@id = 'AccountName']' in '30' second(s)

2021-11-23 17:03:46 - [MESSAGE][INFO] - Smart Wait Function is triggered

2021-11-23 17:03:46 - [MESSAGE][INFO] - Found 1 web elements with id: 'Object Repository/Sayfalar/Giris_Sayfasi/Firma_Kodu' located by 'By.xpath: //*[@id = 'AccountName']' in '30' second(s)

2021-11-23 17:03:47 - [MESSAGE][PASSED] - Keys 'EARMATRAH' sent to object: 'Object Repository/Sayfalar/Giris_Sayfasi/Firma_Kodu'

2021-11-23 17:03:47 - [TEST_STEP][PASSED] - sendKeys(findTestObject("Sayfalar/Giris_Sayfasi/Sifre"), Sifre): Keys 'test1234' sent to object: 'Object Repository/Sayfalar/Giris_Sayfasi/Sifre'

2021-11-23 17:03:47 - [MESSAGE][INFO] - Finding Test Object 'Object Repository/Sayfalar/Giris_Sayfasi/Sifre'

2021-11-23 17:03:47 - [MESSAGE][INFO] - Sending keys 'test1234' to object: 'Object Repository/Sayfalar/Giris_Sayfasi/Sifre'

2021-11-23 17:03:47 - [MESSAGE][INFO] - Finding web element from Test Object's properties

2021-11-23 17:03:47 - [MESSAGE][INFO] - Checking timeout

2021-11-23 17:03:47 - [MESSAGE][INFO] - Finding web element with id: 'Object Repository/Sayfalar/Giris_Sayfasi/Sifre' located by 'By.xpath: //*[@id = 'Password']' in '30' second(s)

2021-11-23 17:03:47 - [MESSAGE][INFO] - Smart Wait Function is triggered

2021-11-23 17:03:47 - [MESSAGE][INFO] - Found 1 web elements with id: 'Object Repository/Sayfalar/Giris_Sayfasi/Sifre' located by 'By.xpath: //*[@id = 'Password']' in '30' second(s)

2021-11-23 17:03:47 - [MESSAGE][PASSED] - Keys 'test1234' sent to object: 'Object Repository/Sayfalar/Giris_Sayfasi/Sifre'

2021-11-23 17:03:47 - [TEST_STEP][PASSED] - findWebElement(findTestObject("Sayfalar/Giris_Sayfasi/Giris_Butonu")).click(): Found 1 web elements with id: 'Object Repository/Sayfalar/Giris_Sayfasi/Giris_Butonu' located by 'By.cssSelector: #btnLogin' in '30' second(s)

2021-11-23 17:03:47 - [MESSAGE][INFO] - Finding Test Object 'Object Repository/Sayfalar/Giris_Sayfasi/Giris_Butonu'

2021-11-23 17:03:47 - [MESSAGE][INFO] - Finding web element from Test Object's properties

2021-11-23 17:03:47 - [MESSAGE][INFO] - Checking timeout

2021-11-23 17:03:47 - [MESSAGE][INFO] - Finding web element with id: 'Object Repository/Sayfalar/Giris_Sayfasi/Giris_Butonu' located by 'By.cssSelector: #btnLogin' in '30' second(s)

2021-11-23 17:03:47 - [MESSAGE][INFO] - Smart Wait Function is triggered

2021-11-23 17:03:47 - [MESSAGE][INFO] - Found 1 web elements with id: 'Object Repository/Sayfalar/Giris_Sayfasi/Giris_Butonu' located by 'By.cssSelector: #btnLogin' in '30' second(s)

2021-11-23 17:03:51 - [TEST_STEP][PASSED] - if (verifyElementPresent(findTestObject("Object Repository/Sayfalar/Giris_Sayfasi/RetveTamam_Butonu"), 5, OPTIONAL)): null

2021-11-23 17:03:51 - [MESSAGE][INFO] - Finding Test Object 'Object Repository/Sayfalar/Giris_Sayfasi/RetveTamam_Butonu'

2021-11-23 17:03:51 - [MESSAGE][INFO] - Checking object

2021-11-23 17:03:51 - [MESSAGE][INFO] - Finding web element from Test Object's properties

2021-11-23 17:03:51 - [MESSAGE][INFO] - Checking timeout

2021-11-23 17:03:51 - [MESSAGE][INFO] - Finding web element with id: 'Object Repository/Sayfalar/Giris_Sayfasi/RetveTamam_Butonu' located by 'By.xpath: //*[@class = 'btn btn-default']' in '5' second(s)

2021-11-23 17:03:51 - [MESSAGE][INFO] - Smart Wait Function is triggered

2021-11-23 17:03:51 - [MESSAGE][INFO] - Found 1 web elements with id: 'Object Repository/Sayfalar/Giris_Sayfasi/RetveTamam_Butonu' located by 'By.xpath: //*[@class = 'btn btn-default']' in '5' second(s)

2021-11-23 17:03:51 - [MESSAGE][PASSED] - Object 'Object Repository/Sayfalar/Giris_Sayfasi/RetveTamam_Butonu' is present

2021-11-23 17:03:51 - [TEST_STEP][PASSED] - click(findTestObject("Object Repository/Sayfalar/Giris_Sayfasi/RetveTamam_Butonu")): Object: 'Object Repository/Sayfalar/Giris_Sayfasi/RetveTamam_Butonu' is clicked on

2021-11-23 17:03:51 - [MESSAGE][INFO] - Finding Test Object 'Object Repository/Sayfalar/Giris_Sayfasi/RetveTamam_Butonu'

2021-11-23 17:03:51 - [MESSAGE][INFO] - Checking object

2021-11-23 17:03:51 - [MESSAGE][INFO] - Finding web element from Test Object's properties

2021-11-23 17:03:51 - [MESSAGE][INFO] - Checking timeout

2021-11-23 17:03:51 - [MESSAGE][INFO] - Finding web element with id: 'Object Repository/Sayfalar/Giris_Sayfasi/RetveTamam_Butonu' located by 'By.xpath: //*[@class = 'btn btn-default']' in '30' second(s)

2021-11-23 17:03:51 - [MESSAGE][INFO] - Smart Wait Function is triggered

2021-11-23 17:03:52 - [MESSAGE][INFO] - Found 1 web elements with id: 'Object Repository/Sayfalar/Giris_Sayfasi/RetveTamam_Butonu' located by 'By.xpath: //*[@class = 'btn btn-default']' in '30' second(s)

2021-11-23 17:03:52 - [MESSAGE][INFO] - Clicking on object: 'Object Repository/Sayfalar/Giris_Sayfasi/RetveTamam_Butonu'

2021-11-23 17:03:52 - [MESSAGE][PASSED] - Object: 'Object Repository/Sayfalar/Giris_Sayfasi/RetveTamam_Butonu' is clicked on

2021-11-23 17:03:52 - [TEST_STEP][PASSED] - click(findTestObject("Object Repository/Sayfalar/Giris_Sayfasi/RetveTamam_Butonu")): Object: 'Object Repository/Sayfalar/Giris_Sayfasi/RetveTamam_Butonu' is clicked on

2021-11-23 17:03:52 - [MESSAGE][INFO] - Finding Test Object 'Object Repository/Sayfalar/Giris_Sayfasi/RetveTamam_Butonu'

2021-11-23 17:03:52 - [MESSAGE][INFO] - Checking object

2021-11-23 17:03:52 - [MESSAGE][INFO] - Finding web element from Test Object's properties

2021-11-23 17:03:52 - [MESSAGE][INFO] - Checking timeout

2021-11-23 17:03:52 - [MESSAGE][INFO] - Finding web element with id: 'Object Repository/Sayfalar/Giris_Sayfasi/RetveTamam_Butonu' located by 'By.xpath: //*[@class = 'btn btn-default']' in '30' second(s)

2021-11-23 17:03:52 - [MESSAGE][INFO] - Smart Wait Function is triggered

2021-11-23 17:03:55 - [MESSAGE][INFO] - Found 1 web elements with id: 'Object Repository/Sayfalar/Giris_Sayfasi/RetveTamam_Butonu' located by 'By.xpath: //*[@class = 'btn btn-default']' in '30' second(s)

2021-11-23 17:03:55 - [MESSAGE][INFO] - Clicking on object: 'Object Repository/Sayfalar/Giris_Sayfasi/RetveTamam_Butonu'

2021-11-23 17:03:55 - [MESSAGE][PASSED] - Object: 'Object Repository/Sayfalar/Giris_Sayfasi/RetveTamam_Butonu' is clicked on

2021-11-23 17:03:55 - [TEST_STEP][PASSED] - if (verifyElementPresent(findTestObject("Sayfalar/Giris_Sayfasi/PopupOK"), 5, OPTIONAL)): com.kms.katalon.core.webui.exception.WebElementNotFoundException: Web element with id: 'Object Repository/Sayfalar/Giris_Sayfasi/PopupOK' located by '.btn.btn-success' not found (Root cause: com.kms.katalon.core.exception.StepFailedException: com.kms.katalon.core.webui.exception.WebElementNotFoundException: Web element with id: 'Object Repository/Sayfalar/Giris_Sayfasi/PopupOK' located by '.btn.btn-success' not found
	at com.kms.katalon.core.webui.keyword.internal.WebUIKeywordMain.stepFailed(WebUIKeywordMain.groovy:64)
	at com.kms.katalon.core.webui.keyword.builtin.VerifyElementPresentKeyword$_verifyElementPresent_closure1.doCall(VerifyElementPresentKeyword.groovy:85)
	at com.kms.katalon.core.webui.keyword.builtin.VerifyElementPresentKeyword$_verifyElementPresent_closure1.call(VerifyElementPresentKeyword.groovy)
	at com.kms.katalon.core.webui.keyword.internal.WebUIKeywordMain.runKeyword(WebUIKeywordMain.groovy:20)
	at com.kms.katalon.core.webui.keyword.builtin.VerifyElementPresentKeyword.verifyElementPresent(VerifyElementPresentKeyword.groovy:92)
	at com.kms.katalon.core.webui.keyword.builtin.VerifyElementPresentKeyword.execute(VerifyElementPresentKeyword.groovy:68)
	at com.kms.katalon.core.keyword.internal.KeywordExecutor.executeKeywordForPlatform(KeywordExecutor.groovy:73)
	at com.kms.katalon.core.webui.keyword.WebUiBuiltInKeywords.verifyElementPresent(WebUiBuiltInKeywords.groovy:1448)
	at com.kms.katalon.core.webui.keyword.WebUiBuiltInKeywords$verifyElementPresent$4.call(Unknown Source)
	at Login.run(Login:40)
	at com.kms.katalon.core.main.ScriptEngine.run(ScriptEngine.java:194)
	at com.kms.katalon.core.main.ScriptEngine.runScriptAsRawText(ScriptEngine.java:119)
	at com.kms.katalon.core.main.TestCaseExecutor.runScript(TestCaseExecutor.java:369)
	at com.kms.katalon.core.main.TestCaseExecutor.doExecute(TestCaseExecutor.java:360)
	at com.kms.katalon.core.main.TestCaseExecutor.processExecutionPhase(TestCaseExecutor.java:339)
	at com.kms.katalon.core.main.TestCaseExecutor.accessMainPhase(TestCaseExecutor.java:331)
	at com.kms.katalon.core.main.TestCaseExecutor.execute(TestCaseExecutor.java:248)
	at com.kms.katalon.core.main.TestCaseMain.runTestCase(TestCaseMain.java:138)
	at com.kms.katalon.core.keyword.builtin.CallTestCaseKeyword$_callTestCase_closure1.doCall(CallTestCaseKeyword.groovy:59)
	at com.kms.katalon.core.keyword.builtin.CallTestCaseKeyword$_callTestCase_closure1.call(CallTestCaseKeyword.groovy)
	at com.kms.katalon.core.keyword.internal.KeywordMain.runKeyword(KeywordMain.groovy:68)
	at com.kms.katalon.core.keyword.builtin.CallTestCaseKeyword.callTestCase(CallTestCaseKeyword.groovy:81)
	at com.kms.katalon.core.keyword.builtin.CallTestCaseKeyword.execute(CallTestCaseKeyword.groovy:44)
	at com.kms.katalon.core.keyword.internal.KeywordExecutor.executeKeywordForPlatform(KeywordExecutor.groovy:73)
	at com.kms.katalon.core.keyword.BuiltinKeywords.callTestCase(BuiltinKeywords.groovy:334)
	at sayfalar.girisSayfasi.login(girisSayfasi.groovy:50)
	at cucumber.runtime.Utils$1.call(Utils.java:26)
	at cucumber.runtime.Timeout.timeout(Timeout.java:16)
	at cucumber.runtime.Utils.invoke(Utils.java:20)
	at cucumber.runtime.java.JavaStepDefinition.execute(JavaStepDefinition.java:49)
	at cucumber.runner.PickleStepDefinitionMatch.runStep(PickleStepDefinitionMatch.java:50)
	at cucumber.runner.TestStep.executeStep(TestStep.java:63)
	at cucumber.runner.TestStep.run(TestStep.java:49)
	at cucumber.runner.PickleStepTestStep.run(PickleStepTestStep.java:43)
	at cucumber.runner.TestCase.run(TestCase.java:44)
	at cucumber.runner.Runner.runPickle(Runner.java:40)
	at cucumber.runtime.Runtime$1.run(Runtime.java:84)
	at cucumber.runtime.Runtime$SameThreadExecutorService.execute(Runtime.java:220)
	at cucumber.runtime.Runtime.run(Runtime.java:81)
	at cucumber.api.cli.Main.run(Main.java:26)
	at cucumber.api.cli.Main$run.call(Unknown Source)
	at com.kms.katalon.core.cucumber.keyword.CucumberBuiltinKeywords$_runFeatureFile_closure1.doCall(CucumberBuiltinKeywords.groovy:106)
	at com.kms.katalon.core.cucumber.keyword.CucumberBuiltinKeywords$_runFeatureFile_closure1.doCall(CucumberBuiltinKeywords.groovy)
	at com.kms.katalon.core.keyword.internal.KeywordMain.runKeyword(KeywordMain.groovy:68)
	at com.kms.katalon.core.keyword.internal.KeywordMain$runKeyword.call(Unknown Source)
	at com.kms.katalon.core.cucumber.keyword.CucumberBuiltinKeywords.runFeatureFile(CucumberBuiltinKeywords.groovy:73)
	at com.kms.katalon.core.cucumber.keyword.CucumberBuiltinKeywords$runFeatureFile$0.callStatic(Unknown Source)
	at com.kms.katalon.core.cucumber.keyword.CucumberBuiltinKeywords.runFeatureFile(CucumberBuiltinKeywords.groovy:246)
	at com.kms.katalon.core.cucumber.keyword.CucumberBuiltinKeywords$runFeatureFile.call(Unknown Source)
	at VKN-Kagit-Ozel Matrah.run(VKN-Kagit-Ozel Matrah:19)
	at com.kms.katalon.core.main.ScriptEngine.run(ScriptEngine.java:194)
	at com.kms.katalon.core.main.ScriptEngine.runScriptAsRawText(ScriptEngine.java:119)
	at com.kms.katalon.core.main.TestCaseExecutor.runScript(TestCaseExecutor.java:369)
	at com.kms.katalon.core.main.TestCaseExecutor.doExecute(TestCaseExecutor.java:360)
	at com.kms.katalon.core.main.TestCaseExecutor.processExecutionPhase(TestCaseExecutor.java:339)
	at com.kms.katalon.core.main.TestCaseExecutor.accessMainPhase(TestCaseExecutor.java:331)
	at com.kms.katalon.core.main.TestCaseExecutor.execute(TestCaseExecutor.java:248)
	at com.kms.katalon.core.main.TestSuiteExecutor.accessTestCaseMainPhase(TestSuiteExecutor.java:191)
	at com.kms.katalon.core.main.TestSuiteExecutor.accessTestSuiteMainPhase(TestSuiteExecutor.java:140)
	at com.kms.katalon.core.main.TestSuiteExecutor.execute(TestSuiteExecutor.java:89)
	at com.kms.katalon.core.main.TestCaseMain.startTestSuite(TestCaseMain.java:181)
	at com.kms.katalon.core.main.TestCaseMain$startTestSuite$0.call(Unknown Source)
	at TempTestSuite1637674444414.run(TempTestSuite1637674444414.groovy:39)
)

2021-11-23 17:03:55 - [MESSAGE][INFO] - Finding Test Object 'Object Repository/Sayfalar/Giris_Sayfasi/PopupOK'

2021-11-23 17:03:55 - [MESSAGE][INFO] - Checking object

2021-11-23 17:03:55 - [MESSAGE][INFO] - Finding web element from Test Object's properties

2021-11-23 17:03:55 - [MESSAGE][INFO] - Checking timeout

2021-11-23 17:03:55 - [MESSAGE][INFO] - Finding web element with id: 'Object Repository/Sayfalar/Giris_Sayfasi/PopupOK' located by 'By.cssSelector: .btn.btn-success' in '5' second(s)

2021-11-23 17:03:55 - [MESSAGE][INFO] - Smart Wait Function is triggered

2021-11-23 17:03:55 - [MESSAGE][INFO] - Smart Wait Function is triggered

2021-11-23 17:03:56 - [MESSAGE][INFO] - Smart Wait Function is triggered

2021-11-23 17:03:56 - [MESSAGE][INFO] - Smart Wait Function is triggered

2021-11-23 17:03:56 - [MESSAGE][INFO] - Smart Wait Function is triggered

2021-11-23 17:03:57 - [MESSAGE][INFO] - Smart Wait Function is triggered

2021-11-23 17:03:57 - [MESSAGE][INFO] - Smart Wait Function is triggered

2021-11-23 17:03:57 - [MESSAGE][INFO] - Smart Wait Function is triggered

2021-11-23 17:03:57 - [MESSAGE][INFO] - Smart Wait Function is triggered

2021-11-23 17:03:58 - [MESSAGE][INFO] - Smart Wait Function is triggered

2021-11-23 17:03:58 - [MESSAGE][INFO] - Smart Wait Function is triggered

2021-11-23 17:03:58 - [MESSAGE][INFO] - Smart Wait Function is triggered

2021-11-23 17:03:58 - [MESSAGE][INFO] - Smart Wait Function is triggered

2021-11-23 17:03:59 - [MESSAGE][INFO] - Smart Wait Function is triggered

2021-11-23 17:03:59 - [MESSAGE][INFO] - Smart Wait Function is triggered

2021-11-23 17:03:59 - [MESSAGE][INFO] - Smart Wait Function is triggered

2021-11-23 17:03:59 - [MESSAGE][INFO] - Smart Wait Function is triggered

2021-11-23 17:04:00 - [MESSAGE][INFO] - Smart Wait Function is triggered

2021-11-23 17:04:00 - [MESSAGE][INFO] - Smart Wait Function is triggered

2021-11-23 17:04:00 - [MESSAGE][INFO] - Smart Wait Function is triggered

2021-11-23 17:04:01 - [MESSAGE][INFO] - Smart Wait Function is triggered

2021-11-23 17:04:01 - [MESSAGE][INFO] - Unable to find the element located by 'By.cssSelector: .btn.btn-success'. Please recheck the objects properties to make sure the desired element is located. 

2021-11-23 17:04:01 - [MESSAGE][WARNING] - com.kms.katalon.core.webui.exception.WebElementNotFoundException: Web element with id: 'Object Repository/Sayfalar/Giris_Sayfasi/PopupOK' located by '.btn.btn-success' not found (Root cause: com.kms.katalon.core.exception.StepFailedException: com.kms.katalon.core.webui.exception.WebElementNotFoundException: Web element with id: 'Object Repository/Sayfalar/Giris_Sayfasi/PopupOK' located by '.btn.btn-success' not found
	at com.kms.katalon.core.webui.keyword.internal.WebUIKeywordMain.stepFailed(WebUIKeywordMain.groovy:64)
	at com.kms.katalon.core.webui.keyword.builtin.VerifyElementPresentKeyword$_verifyElementPresent_closure1.doCall(VerifyElementPresentKeyword.groovy:85)
	at com.kms.katalon.core.webui.keyword.builtin.VerifyElementPresentKeyword$_verifyElementPresent_closure1.call(VerifyElementPresentKeyword.groovy)
	at com.kms.katalon.core.webui.keyword.internal.WebUIKeywordMain.runKeyword(WebUIKeywordMain.groovy:20)
	at com.kms.katalon.core.webui.keyword.builtin.VerifyElementPresentKeyword.verifyElementPresent(VerifyElementPresentKeyword.groovy:92)
	at com.kms.katalon.core.webui.keyword.builtin.VerifyElementPresentKeyword.execute(VerifyElementPresentKeyword.groovy:68)
	at com.kms.katalon.core.keyword.internal.KeywordExecutor.executeKeywordForPlatform(KeywordExecutor.groovy:73)
	at com.kms.katalon.core.webui.keyword.WebUiBuiltInKeywords.verifyElementPresent(WebUiBuiltInKeywords.groovy:1448)
	at com.kms.katalon.core.webui.keyword.WebUiBuiltInKeywords$verifyElementPresent$4.call(Unknown Source)
	at Login.run(Login:40)
	at com.kms.katalon.core.main.ScriptEngine.run(ScriptEngine.java:194)
	at com.kms.katalon.core.main.ScriptEngine.runScriptAsRawText(ScriptEngine.java:119)
	at com.kms.katalon.core.main.TestCaseExecutor.runScript(TestCaseExecutor.java:369)
	at com.kms.katalon.core.main.TestCaseExecutor.doExecute(TestCaseExecutor.java:360)
	at com.kms.katalon.core.main.TestCaseExecutor.processExecutionPhase(TestCaseExecutor.java:339)
	at com.kms.katalon.core.main.TestCaseExecutor.accessMainPhase(TestCaseExecutor.java:331)
	at com.kms.katalon.core.main.TestCaseExecutor.execute(TestCaseExecutor.java:248)
	at com.kms.katalon.core.main.TestCaseMain.runTestCase(TestCaseMain.java:138)
	at com.kms.katalon.core.keyword.builtin.CallTestCaseKeyword$_callTestCase_closure1.doCall(CallTestCaseKeyword.groovy:59)
	at com.kms.katalon.core.keyword.builtin.CallTestCaseKeyword$_callTestCase_closure1.call(CallTestCaseKeyword.groovy)
	at com.kms.katalon.core.keyword.internal.KeywordMain.runKeyword(KeywordMain.groovy:68)
	at com.kms.katalon.core.keyword.builtin.CallTestCaseKeyword.callTestCase(CallTestCaseKeyword.groovy:81)
	at com.kms.katalon.core.keyword.builtin.CallTestCaseKeyword.execute(CallTestCaseKeyword.groovy:44)
	at com.kms.katalon.core.keyword.internal.KeywordExecutor.executeKeywordForPlatform(KeywordExecutor.groovy:73)
	at com.kms.katalon.core.keyword.BuiltinKeywords.callTestCase(BuiltinKeywords.groovy:334)
	at sayfalar.girisSayfasi.login(girisSayfasi.groovy:50)
	at cucumber.runtime.Utils$1.call(Utils.java:26)
	at cucumber.runtime.Timeout.timeout(Timeout.java:16)
	at cucumber.runtime.Utils.invoke(Utils.java:20)
	at cucumber.runtime.java.JavaStepDefinition.execute(JavaStepDefinition.java:49)
	at cucumber.runner.PickleStepDefinitionMatch.runStep(PickleStepDefinitionMatch.java:50)
	at cucumber.runner.TestStep.executeStep(TestStep.java:63)
	at cucumber.runner.TestStep.run(TestStep.java:49)
	at cucumber.runner.PickleStepTestStep.run(PickleStepTestStep.java:43)
	at cucumber.runner.TestCase.run(TestCase.java:44)
	at cucumber.runner.Runner.runPickle(Runner.java:40)
	at cucumber.runtime.Runtime$1.run(Runtime.java:84)
	at cucumber.runtime.Runtime$SameThreadExecutorService.execute(Runtime.java:220)
	at cucumber.runtime.Runtime.run(Runtime.java:81)
	at cucumber.api.cli.Main.run(Main.java:26)
	at cucumber.api.cli.Main$run.call(Unknown Source)
	at com.kms.katalon.core.cucumber.keyword.CucumberBuiltinKeywords$_runFeatureFile_closure1.doCall(CucumberBuiltinKeywords.groovy:106)
	at com.kms.katalon.core.cucumber.keyword.CucumberBuiltinKeywords$_runFeatureFile_closure1.doCall(CucumberBuiltinKeywords.groovy)
	at com.kms.katalon.core.keyword.internal.KeywordMain.runKeyword(KeywordMain.groovy:68)
	at com.kms.katalon.core.keyword.internal.KeywordMain$runKeyword.call(Unknown Source)
	at com.kms.katalon.core.cucumber.keyword.CucumberBuiltinKeywords.runFeatureFile(CucumberBuiltinKeywords.groovy:73)
	at com.kms.katalon.core.cucumber.keyword.CucumberBuiltinKeywords$runFeatureFile$0.callStatic(Unknown Source)
	at com.kms.katalon.core.cucumber.keyword.CucumberBuiltinKeywords.runFeatureFile(CucumberBuiltinKeywords.groovy:246)
	at com.kms.katalon.core.cucumber.keyword.CucumberBuiltinKeywords$runFeatureFile.call(Unknown Source)
	at VKN-Kagit-Ozel Matrah.run(VKN-Kagit-Ozel Matrah:19)
	at com.kms.katalon.core.main.ScriptEngine.run(ScriptEngine.java:194)
	at com.kms.katalon.core.main.ScriptEngine.runScriptAsRawText(ScriptEngine.java:119)
	at com.kms.katalon.core.main.TestCaseExecutor.runScript(TestCaseExecutor.java:369)
	at com.kms.katalon.core.main.TestCaseExecutor.doExecute(TestCaseExecutor.java:360)
	at com.kms.katalon.core.main.TestCaseExecutor.processExecutionPhase(TestCaseExecutor.java:339)
	at com.kms.katalon.core.main.TestCaseExecutor.accessMainPhase(TestCaseExecutor.java:331)
	at com.kms.katalon.core.main.TestCaseExecutor.execute(TestCaseExecutor.java:248)
	at com.kms.katalon.core.main.TestSuiteExecutor.accessTestCaseMainPhase(TestSuiteExecutor.java:191)
	at com.kms.katalon.core.main.TestSuiteExecutor.accessTestSuiteMainPhase(TestSuiteExecutor.java:140)
	at com.kms.katalon.core.main.TestSuiteExecutor.execute(TestSuiteExecutor.java:89)
	at com.kms.katalon.core.main.TestCaseMain.startTestSuite(TestCaseMain.java:181)
	at com.kms.katalon.core.main.TestCaseMain$startTestSuite$0.call(Unknown Source)
	at TempTestSuite1637674444414.run(TempTestSuite1637674444414.groovy:39)
)

2021-11-23 17:04:01 - [TEST_STEP][PASSED] - verifyElementVisible(findTestObject("Object Repository/Kullanici_Islemleri/KullaniciIslemleri")): Object 'Object Repository/Kullanici_Islemleri/KullaniciIslemleri' is visible

2021-11-23 17:04:01 - [MESSAGE][INFO] - Finding Test Object 'Object Repository/Kullanici_Islemleri/KullaniciIslemleri'

2021-11-23 17:04:01 - [MESSAGE][INFO] - Checking object

2021-11-23 17:04:01 - [MESSAGE][INFO] - Finding web element from Test Object's properties

2021-11-23 17:04:01 - [MESSAGE][INFO] - Checking timeout

2021-11-23 17:04:01 - [MESSAGE][INFO] - Finding web element with id: 'Object Repository/Kullanici_Islemleri/KullaniciIslemleri' located by 'By.cssSelector: .dropdown>a>img' in '30' second(s)

2021-11-23 17:04:01 - [MESSAGE][INFO] - Smart Wait Function is triggered

2021-11-23 17:04:01 - [MESSAGE][INFO] - Found 1 web elements with id: 'Object Repository/Kullanici_Islemleri/KullaniciIslemleri' located by 'By.cssSelector: .dropdown>a>img' in '30' second(s)

2021-11-23 17:04:01 - [MESSAGE][PASSED] - Object 'Object Repository/Kullanici_Islemleri/KullaniciIslemleri' is visible

2021-11-23 17:04:01 - [MESSAGE][PASSED] - Call Test Case 'Test Cases/Sayfalar/Giris_Sayfasi/Login' successfully

2021-11-23 17:04:01 - [MESSAGE][INFO] - Checking called Test Case

2021-11-23 17:04:01 - [MESSAGE][INFO] - Starting to call Test Case 'Test Cases/Menu/AnaMenuSecimi'

2021-11-23 17:04:01 - [TEST_CASE][PASSED] - Test Cases/Menu/AnaMenuSecimi: Test Cases/Menu/AnaMenuSecimi

2021-11-23 17:04:01 - [TEST_STEP][PASSED] - Method.TextDegerineEsitElementeTikla(findTestObject("Menu/Ana_Menu"), Ana_Menu): Method.TextDegerineEsitElementeTikla is PASSED

2021-11-23 17:04:01 - [MESSAGE][INFO] - Finding Test Object 'Object Repository/Menu/Ana_Menu'

2021-11-23 17:04:01 - [MESSAGE][INFO] - Checking timeout

2021-11-23 17:04:01 - [MESSAGE][INFO] - Finding web element with id: 'Object Repository/Menu/Ana_Menu' located by 'By.xpath: //*[@class = 'dropdown-toggle']' in '10' second(s)

2021-11-23 17:04:01 - [MESSAGE][INFO] - Smart Wait Function is triggered

2021-11-23 17:04:02 - [MESSAGE][INFO] - Found 13 web elements with id: 'Object Repository/Menu/Ana_Menu' located by 'By.xpath: //*[@class = 'dropdown-toggle']' in '10' second(s)

2021-11-23 17:04:02 - [MESSAGE][PASSED] - Method.TextDegerineEsitElementeTikla is PASSED

2021-11-23 17:04:02 - [MESSAGE][PASSED] - Call Test Case 'Test Cases/Menu/AnaMenuSecimi' successfully

2021-11-23 17:04:02 - [MESSAGE][INFO] - Checking called Test Case

2021-11-23 17:04:02 - [MESSAGE][INFO] - Starting to call Test Case 'Test Cases/Menu/BasligaGoreAltMenuSecimi'

2021-11-23 17:04:02 - [TEST_CASE][PASSED] - Test Cases/Menu/BasligaGoreAltMenuSecimi: Test Cases/Menu/BasligaGoreAltMenuSecimi

2021-11-23 17:04:02 - [TEST_STEP][PASSED] - Method.TextDegerineEsitElementinAltindakiTextDegerineEsitOlanaTikla(findTestObject("Menu/Menu_Basligi"), findTestObject("Menu/Basliga_Gore_Alt_Menu"), Baslik, Alt_Menu): Method.TextDegerineEsitElementinAltindakiTextDegerineEsitOlanaTikla is PASSED

2021-11-23 17:04:02 - [MESSAGE][INFO] - Finding Test Object 'Object Repository/Menu/Menu_Basligi'

2021-11-23 17:04:02 - [MESSAGE][INFO] - Finding Test Object 'Object Repository/Menu/Basliga_Gore_Alt_Menu'

2021-11-23 17:04:02 - [MESSAGE][INFO] - Checking timeout

2021-11-23 17:04:02 - [MESSAGE][INFO] - Finding web element with id: 'Object Repository/Menu/Menu_Basligi' located by 'By.xpath: //li[@class='dropdown dropdown-large open']//li[@class='dropdown-header']' in '10' second(s)

2021-11-23 17:04:02 - [MESSAGE][INFO] - Smart Wait Function is triggered

2021-11-23 17:04:02 - [MESSAGE][INFO] - Found 2 web elements with id: 'Object Repository/Menu/Menu_Basligi' located by 'By.xpath: //li[@class='dropdown dropdown-large open']//li[@class='dropdown-header']' in '10' second(s)

2021-11-23 17:04:02 - [MESSAGE][INFO] - Smart Wait Function is triggered

2021-11-23 17:04:04 - [MESSAGE][PASSED] - Method.TextDegerineEsitElementinAltindakiTextDegerineEsitOlanaTikla is PASSED

2021-11-23 17:04:04 - [MESSAGE][PASSED] - Call Test Case 'Test Cases/Menu/BasligaGoreAltMenuSecimi' successfully

2021-11-23 17:04:04 - [MESSAGE][INFO] - Checking called Test Case

2021-11-23 17:04:04 - [MESSAGE][INFO] - Starting to call Test Case 'Test Cases/Tablo/Olusturma Tarihi'

2021-11-23 17:04:04 - [TEST_CASE][PASSED] - Test Cases/Tablo/Olusturma Tarihi: Test Cases/Tablo/Olusturma Tarihi

2021-11-23 17:04:04 - [TEST_STEP][PASSED] - if (verifyTextNotPresent("Görüntülenecek veri yok", true, OPTIONAL)): null

2021-11-23 17:04:04 - [MESSAGE][INFO] - Checking text present  using regular expression

2021-11-23 17:04:04 - [MESSAGE][INFO] - Smart Wait Function is triggered

2021-11-23 17:04:05 - [MESSAGE][INFO] - Finding text 'Görüntülenecek veri yok' on page  using regular expression

2021-11-23 17:04:05 - [MESSAGE][PASSED] - Text 'Görüntülenecek veri yok' is not present on page using regular expression

2021-11-23 17:04:05 - [TEST_STEP][PASSED] - click(findTestObject("Temizle/Olusturma_Tarihi_CheckBox")): Object: 'Object Repository/Temizle/Olusturma_Tarihi_CheckBox' is clicked on

2021-11-23 17:04:05 - [MESSAGE][INFO] - Finding Test Object 'Object Repository/Temizle/Olusturma_Tarihi_CheckBox'

2021-11-23 17:04:05 - [MESSAGE][INFO] - Checking object

2021-11-23 17:04:05 - [MESSAGE][INFO] - Finding web element from Test Object's properties

2021-11-23 17:04:05 - [MESSAGE][INFO] - Checking timeout

2021-11-23 17:04:05 - [MESSAGE][INFO] - Finding web element with id: 'Object Repository/Temizle/Olusturma_Tarihi_CheckBox' located by 'By.xpath: //*[@title = 'Bu sayfadaki tüm satırları Seç']' in '30' second(s)

2021-11-23 17:04:05 - [MESSAGE][INFO] - Smart Wait Function is triggered

2021-11-23 17:04:05 - [MESSAGE][INFO] - Found 1 web elements with id: 'Object Repository/Temizle/Olusturma_Tarihi_CheckBox' located by 'By.xpath: //*[@title = 'Bu sayfadaki tüm satırları Seç']' in '30' second(s)

2021-11-23 17:04:05 - [MESSAGE][INFO] - Clicking on object: 'Object Repository/Temizle/Olusturma_Tarihi_CheckBox'

2021-11-23 17:04:05 - [MESSAGE][PASSED] - Object: 'Object Repository/Temizle/Olusturma_Tarihi_CheckBox' is clicked on

2021-11-23 17:04:05 - [TEST_STEP][PASSED] - Method.TextDegerineEsitElementeTiklaEquals(findTestObject("Butonlar/Butonlar"), "Sil"): Method.TextDegerineEsitElementeTiklaEquals is PASSED

2021-11-23 17:04:05 - [MESSAGE][INFO] - Finding Test Object 'Object Repository/Butonlar/Butonlar'

2021-11-23 17:04:06 - [MESSAGE][INFO] - Checking timeout

2021-11-23 17:04:06 - [MESSAGE][INFO] - Finding web element with id: 'Object Repository/Butonlar/Butonlar' located by 'By.cssSelector: .panel.panel-default.text-center.footerPanel .btn,.btn.btn-primary.btnControls' in '10' second(s)

2021-11-23 17:04:06 - [MESSAGE][INFO] - Smart Wait Function is triggered

2021-11-23 17:04:06 - [MESSAGE][INFO] - Found 9 web elements with id: 'Object Repository/Butonlar/Butonlar' located by 'By.cssSelector: .panel.panel-default.text-center.footerPanel .btn,.btn.btn-primary.btnControls' in '10' second(s)

2021-11-23 17:04:06 - [MESSAGE][PASSED] - Method.TextDegerineEsitElementeTiklaEquals is PASSED

2021-11-23 17:04:06 - [TEST_STEP][PASSED] - Method.TextDegerineEsitElementeTikla(findTestObject("Popup/Popup_Butons"), "Evet"): Method.TextDegerineEsitElementeTikla is PASSED

2021-11-23 17:04:06 - [MESSAGE][INFO] - Finding Test Object 'Object Repository/Popup/Popup_Butons'

2021-11-23 17:04:06 - [MESSAGE][INFO] - Checking timeout

2021-11-23 17:04:06 - [MESSAGE][INFO] - Finding web element with id: 'Object Repository/Popup/Popup_Butons' located by 'By.cssSelector: .modal-footer>button' in '10' second(s)

2021-11-23 17:04:06 - [MESSAGE][INFO] - Smart Wait Function is triggered

2021-11-23 17:04:07 - [MESSAGE][INFO] - Found 2 web elements with id: 'Object Repository/Popup/Popup_Butons' located by 'By.cssSelector: .modal-footer>button' in '10' second(s)

2021-11-23 17:04:07 - [MESSAGE][PASSED] - Method.TextDegerineEsitElementeTikla is PASSED

2021-11-23 17:04:07 - [TEST_STEP][PASSED] - Method.TextDegerineEsitElementeTikla(findTestObject("Popup/Popup_Butons"), "Tamam"): Method.TextDegerineEsitElementeTikla is PASSED

2021-11-23 17:04:07 - [MESSAGE][INFO] - Finding Test Object 'Object Repository/Popup/Popup_Butons'

2021-11-23 17:04:07 - [MESSAGE][INFO] - Checking timeout

2021-11-23 17:04:07 - [MESSAGE][INFO] - Finding web element with id: 'Object Repository/Popup/Popup_Butons' located by 'By.cssSelector: .modal-footer>button' in '10' second(s)

2021-11-23 17:04:07 - [MESSAGE][INFO] - Smart Wait Function is triggered

2021-11-23 17:04:08 - [MESSAGE][INFO] - Found 1 web elements with id: 'Object Repository/Popup/Popup_Butons' located by 'By.cssSelector: .modal-footer>button' in '10' second(s)

2021-11-23 17:04:08 - [MESSAGE][PASSED] - Method.TextDegerineEsitElementeTikla is PASSED

2021-11-23 17:04:08 - [MESSAGE][PASSED] - Call Test Case 'Test Cases/Tablo/Olusturma Tarihi' successfully

2021-11-23 17:04:08 - [MESSAGE][INFO] - Checking called Test Case

2021-11-23 17:04:08 - [MESSAGE][INFO] - Starting to call Test Case 'Test Cases/Butonlar/ButonaTikla'

2021-11-23 17:04:08 - [TEST_CASE][PASSED] - Test Cases/Butonlar/ButonaTikla: Test Cases/Butonlar/ButonaTikla

2021-11-23 17:04:08 - [TEST_STEP][PASSED] - Method.TextDegerineEsitElementeTiklaEquals(findTestObject("Butonlar/Butonlar"), Buton_Adi): Method.TextDegerineEsitElementeTiklaEquals is PASSED

2021-11-23 17:04:08 - [MESSAGE][INFO] - Finding Test Object 'Object Repository/Butonlar/Butonlar'

2021-11-23 17:04:08 - [MESSAGE][INFO] - Checking timeout

2021-11-23 17:04:08 - [MESSAGE][INFO] - Finding web element with id: 'Object Repository/Butonlar/Butonlar' located by 'By.cssSelector: .panel.panel-default.text-center.footerPanel .btn,.btn.btn-primary.btnControls' in '10' second(s)

2021-11-23 17:04:08 - [MESSAGE][INFO] - Smart Wait Function is triggered

2021-11-23 17:04:09 - [MESSAGE][INFO] - Found 9 web elements with id: 'Object Repository/Butonlar/Butonlar' located by 'By.cssSelector: .panel.panel-default.text-center.footerPanel .btn,.btn.btn-primary.btnControls' in '10' second(s)

2021-11-23 17:04:09 - [MESSAGE][PASSED] - Method.TextDegerineEsitElementeTiklaEquals is PASSED

2021-11-23 17:04:09 - [MESSAGE][PASSED] - Call Test Case 'Test Cases/Butonlar/ButonaTikla' successfully

2021-11-23 17:04:09 - [MESSAGE][INFO] - Checking called Test Case

2021-11-23 17:04:09 - [MESSAGE][INFO] - Starting to call Test Case 'Test Cases/Olusturma/Genel/GorselTasarimSayfasıBasligiIceriyorMu'

2021-11-23 17:04:09 - [TEST_CASE][PASSED] - Test Cases/Olusturma/Genel/GorselTasarimSayfasıBasligiIceriyorMu: Test Cases/Olusturma/Genel/GorselTasarimSayfasıBasligiIceriyorMu

2021-11-23 17:04:09 - [TEST_STEP][PASSED] - verifyElementText(findTestObject("Object Repository/Olusturma/Genel/GorselTasarimBaslik"), Baslik): Actual text and expected text of test object 'Object Repository/Olusturma/Genel/GorselTasarimBaslik' are matched.

2021-11-23 17:04:09 - [MESSAGE][INFO] - Finding Test Object 'Object Repository/Olusturma/Genel/GorselTasarimBaslik'

2021-11-23 17:04:09 - [MESSAGE][INFO] - Checking object

2021-11-23 17:04:09 - [MESSAGE][INFO] - Finding web element from Test Object's properties

2021-11-23 17:04:09 - [MESSAGE][INFO] - Checking timeout

2021-11-23 17:04:09 - [MESSAGE][INFO] - Finding web element with id: 'Object Repository/Olusturma/Genel/GorselTasarimBaslik' located by 'By.cssSelector: #flAlici_0>div>span' in '30' second(s)

2021-11-23 17:04:09 - [MESSAGE][INFO] - Smart Wait Function is triggered

2021-11-23 17:04:15 - [MESSAGE][INFO] - Found 1 web elements with id: 'Object Repository/Olusturma/Genel/GorselTasarimBaslik' located by 'By.cssSelector: #flAlici_0>div>span' in '30' second(s)

2021-11-23 17:04:15 - [MESSAGE][PASSED] - Actual text and expected text of test object 'Object Repository/Olusturma/Genel/GorselTasarimBaslik' are matched.

2021-11-23 17:04:15 - [MESSAGE][PASSED] - Call Test Case 'Test Cases/Olusturma/Genel/GorselTasarimSayfasıBasligiIceriyorMu' successfully

2021-11-23 17:04:15 - [MESSAGE][INFO] - Checking called Test Case

2021-11-23 17:04:15 - [MESSAGE][INFO] - Starting to call Test Case 'Test Cases/Olusturma/Genel/AliciSecilir'

2021-11-23 17:04:15 - [TEST_CASE][PASSED] - Test Cases/Olusturma/Genel/AliciSecilir: Test Cases/Olusturma/Genel/AliciSecilir

2021-11-23 17:04:15 - [TEST_STEP][PASSED] - click(findTestObject("Olusturma/Genel/AliciBilgisi/Alici_Ara")): Object: 'Object Repository/Olusturma/Genel/AliciBilgisi/Alici_Ara' is clicked on

2021-11-23 17:04:15 - [MESSAGE][INFO] - Finding Test Object 'Object Repository/Olusturma/Genel/AliciBilgisi/Alici_Ara'

2021-11-23 17:04:15 - [MESSAGE][INFO] - Checking object

2021-11-23 17:04:15 - [MESSAGE][INFO] - Finding web element from Test Object's properties

2021-11-23 17:04:15 - [MESSAGE][INFO] - Checking timeout

2021-11-23 17:04:15 - [MESSAGE][INFO] - Finding web element with id: 'Object Repository/Olusturma/Genel/AliciBilgisi/Alici_Ara' located by 'By.xpath: //td[@id='txtCustomerText_B-1']' in '30' second(s)

2021-11-23 17:04:15 - [MESSAGE][INFO] - Smart Wait Function is triggered

2021-11-23 17:04:15 - [MESSAGE][INFO] - Found 1 web elements with id: 'Object Repository/Olusturma/Genel/AliciBilgisi/Alici_Ara' located by 'By.xpath: //td[@id='txtCustomerText_B-1']' in '30' second(s)

2021-11-23 17:04:15 - [MESSAGE][INFO] - Clicking on object: 'Object Repository/Olusturma/Genel/AliciBilgisi/Alici_Ara'

2021-11-23 17:04:15 - [MESSAGE][PASSED] - Object: 'Object Repository/Olusturma/Genel/AliciBilgisi/Alici_Ara' is clicked on

2021-11-23 17:04:15 - [TEST_STEP][PASSED] - click(findTestObject("Olusturma/Genel/AliciBilgisi/Alici_Bilgisi")): Object: 'Object Repository/Olusturma/Genel/AliciBilgisi/Alici_Bilgisi' is clicked on

2021-11-23 17:04:15 - [MESSAGE][INFO] - Finding Test Object 'Object Repository/Olusturma/Genel/AliciBilgisi/Alici_Bilgisi'

2021-11-23 17:04:16 - [MESSAGE][INFO] - Checking object

2021-11-23 17:04:16 - [MESSAGE][INFO] - Finding web element from Test Object's properties

2021-11-23 17:04:16 - [MESSAGE][INFO] - Checking timeout

2021-11-23 17:04:16 - [MESSAGE][INFO] - Finding web element with id: 'Object Repository/Olusturma/Genel/AliciBilgisi/Alici_Bilgisi' located by 'By.xpath: //iframe[@id='customerselectiframe']' in '30' second(s)

2021-11-23 17:04:16 - [MESSAGE][INFO] - Smart Wait Function is triggered

2021-11-23 17:04:16 - [MESSAGE][INFO] - Found 1 web elements with id: 'Object Repository/Olusturma/Genel/AliciBilgisi/Alici_Bilgisi' located by 'By.xpath: //iframe[@id='customerselectiframe']' in '30' second(s)

2021-11-23 17:04:16 - [MESSAGE][INFO] - Clicking on object: 'Object Repository/Olusturma/Genel/AliciBilgisi/Alici_Bilgisi'

2021-11-23 17:04:16 - [MESSAGE][PASSED] - Object: 'Object Repository/Olusturma/Genel/AliciBilgisi/Alici_Bilgisi' is clicked on

2021-11-23 17:04:16 - [TEST_STEP][PASSED] - setText(findTestObject("Olusturma/Genel/AliciBilgisi/Alici_Gir"), Alici_Adi): Switching to default content

2021-11-23 17:04:16 - [MESSAGE][INFO] - Finding Test Object 'Object Repository/Olusturma/Genel/AliciBilgisi/Alici_Gir'

2021-11-23 17:04:16 - [MESSAGE][INFO] - Finding Test Object 'Object Repository/Olusturma/Genel/AliciBilgisi/Alici_Bilgisi'

2021-11-23 17:04:16 - [MESSAGE][INFO] - Checking object

2021-11-23 17:04:16 - [MESSAGE][INFO] - Checking text

2021-11-23 17:04:16 - [MESSAGE][INFO] - Object: 'Object Repository/Olusturma/Genel/AliciBilgisi/Alici_Gir' has parent object(s)

2021-11-23 17:04:16 - [MESSAGE][INFO] - Switching to iframe: 'Object Repository/Olusturma/Genel/AliciBilgisi/Alici_Bilgisi'

2021-11-23 17:04:16 - [MESSAGE][INFO] - Finding web element from Test Object's properties

2021-11-23 17:04:16 - [MESSAGE][INFO] - Checking timeout

2021-11-23 17:04:16 - [MESSAGE][INFO] - Finding web element with id: 'Object Repository/Olusturma/Genel/AliciBilgisi/Alici_Bilgisi' located by 'By.xpath: //iframe[@id='customerselectiframe']' in '30' second(s)

2021-11-23 17:04:16 - [MESSAGE][INFO] - Smart Wait Function is triggered

2021-11-23 17:04:16 - [MESSAGE][INFO] - Found 1 web elements with id: 'Object Repository/Olusturma/Genel/AliciBilgisi/Alici_Bilgisi' located by 'By.xpath: //iframe[@id='customerselectiframe']' in '30' second(s)

2021-11-23 17:04:16 - [MESSAGE][INFO] - Switched to iframe: 'Object Repository/Olusturma/Genel/AliciBilgisi/Alici_Bilgisi'

2021-11-23 17:04:16 - [MESSAGE][INFO] - Finding web element from Test Object's properties

2021-11-23 17:04:16 - [MESSAGE][INFO] - Checking timeout

2021-11-23 17:04:16 - [MESSAGE][INFO] - Finding web element with id: 'Object Repository/Olusturma/Genel/AliciBilgisi/Alici_Gir' located by 'By.xpath: //input[@id='GridViewCustomer_DXFREditorcol1_I']' in '30' second(s)

2021-11-23 17:04:16 - [MESSAGE][INFO] - Smart Wait Function is triggered

2021-11-23 17:04:16 - [MESSAGE][INFO] - Found 1 web elements with id: 'Object Repository/Olusturma/Genel/AliciBilgisi/Alici_Gir' located by 'By.xpath: //input[@id='GridViewCustomer_DXFREditorcol1_I']' in '30' second(s)

2021-11-23 17:04:16 - [MESSAGE][INFO] - Clearing text of object 'Object Repository/Olusturma/Genel/AliciBilgisi/Alici_Gir'

2021-11-23 17:04:16 - [MESSAGE][INFO] - Finding web element from Test Object's properties

2021-11-23 17:04:16 - [MESSAGE][INFO] - Checking timeout

2021-11-23 17:04:16 - [MESSAGE][INFO] - Finding web element with id: 'Object Repository/Olusturma/Genel/AliciBilgisi/Alici_Gir' located by 'By.xpath: //input[@id='GridViewCustomer_DXFREditorcol1_I']' in '30' second(s)

2021-11-23 17:04:16 - [MESSAGE][INFO] - Smart Wait Function is triggered

2021-11-23 17:04:16 - [MESSAGE][INFO] - Found 1 web elements with id: 'Object Repository/Olusturma/Genel/AliciBilgisi/Alici_Gir' located by 'By.xpath: //input[@id='GridViewCustomer_DXFREditorcol1_I']' in '30' second(s)

2021-11-23 17:04:16 - [MESSAGE][INFO] - Setting text of object 'Object Repository/Olusturma/Genel/AliciBilgisi/Alici_Gir' to value 'UC0014'

2021-11-23 17:04:17 - [MESSAGE][PASSED] - Text 'UC0014' is set on object 'Object Repository/Olusturma/Genel/AliciBilgisi/Alici_Gir'

2021-11-23 17:04:17 - [MESSAGE][INFO] - Switching to default content

2021-11-23 17:04:17 - [TEST_STEP][PASSED] - waitForElementClickable(findTestObject("Olusturma/Genel/AliciBilgisi/Alici_Adi"), 10): Switching to default content

2021-11-23 17:04:17 - [MESSAGE][INFO] - Finding Test Object 'Object Repository/Olusturma/Genel/AliciBilgisi/Alici_Adi'

2021-11-23 17:04:17 - [MESSAGE][INFO] - Finding Test Object 'Object Repository/Olusturma/Genel/AliciBilgisi/iframe_Alc Bilgisi_customerselectiframe'

2021-11-23 17:04:17 - [MESSAGE][INFO] - Checking object

2021-11-23 17:04:17 - [MESSAGE][INFO] - Checking timeout

2021-11-23 17:04:17 - [MESSAGE][INFO] - Object: 'Object Repository/Olusturma/Genel/AliciBilgisi/Alici_Adi' has parent object(s)

2021-11-23 17:04:17 - [MESSAGE][INFO] - Switching to iframe: 'Object Repository/Olusturma/Genel/AliciBilgisi/iframe_Alc Bilgisi_customerselectiframe'

2021-11-23 17:04:17 - [MESSAGE][INFO] - Finding web element from Test Object's properties

2021-11-23 17:04:17 - [MESSAGE][INFO] - Checking timeout

2021-11-23 17:04:17 - [MESSAGE][INFO] - Finding web element with id: 'Object Repository/Olusturma/Genel/AliciBilgisi/iframe_Alc Bilgisi_customerselectiframe' located by 'By.xpath: //iframe[@id='customerselectiframe']' in '10' second(s)

2021-11-23 17:04:17 - [MESSAGE][INFO] - Smart Wait Function is triggered

2021-11-23 17:04:17 - [MESSAGE][INFO] - Found 1 web elements with id: 'Object Repository/Olusturma/Genel/AliciBilgisi/iframe_Alc Bilgisi_customerselectiframe' located by 'By.xpath: //iframe[@id='customerselectiframe']' in '10' second(s)

2021-11-23 17:04:17 - [MESSAGE][INFO] - Switched to iframe: 'Object Repository/Olusturma/Genel/AliciBilgisi/iframe_Alc Bilgisi_customerselectiframe'

2021-11-23 17:04:17 - [MESSAGE][INFO] - Finding web element from Test Object's properties

2021-11-23 17:04:17 - [MESSAGE][INFO] - Checking timeout

2021-11-23 17:04:17 - [MESSAGE][INFO] - Finding web element with id: 'Object Repository/Olusturma/Genel/AliciBilgisi/Alici_Adi' located by 'By.xpath: //tr[@id='GridViewCustomer_DXDataRow0']/td[2]' in '10' second(s)

2021-11-23 17:04:17 - [MESSAGE][INFO] - Smart Wait Function is triggered

2021-11-23 17:04:17 - [MESSAGE][INFO] - Found 1 web elements with id: 'Object Repository/Olusturma/Genel/AliciBilgisi/Alici_Adi' located by 'By.xpath: //tr[@id='GridViewCustomer_DXDataRow0']/td[2]' in '10' second(s)

2021-11-23 17:04:17 - [MESSAGE][PASSED] - Object 'Object Repository/Olusturma/Genel/AliciBilgisi/Alici_Adi' is clickable

2021-11-23 17:04:17 - [MESSAGE][INFO] - Switching to default content

2021-11-23 17:04:17 - [TEST_STEP][PASSED] - click(findTestObject("Olusturma/Genel/AliciBilgisi/frame")): Switching to default content

2021-11-23 17:04:17 - [MESSAGE][INFO] - Finding Test Object 'Object Repository/Olusturma/Genel/AliciBilgisi/frame'

2021-11-23 17:04:17 - [MESSAGE][INFO] - Finding Test Object 'Object Repository/Olusturma/Genel/AliciBilgisi/iframe_Alc Bilgisi_customerselectiframe'

2021-11-23 17:04:17 - [MESSAGE][INFO] - Checking object

2021-11-23 17:04:17 - [MESSAGE][INFO] - Object: 'Object Repository/Olusturma/Genel/AliciBilgisi/frame' has parent object(s)

2021-11-23 17:04:17 - [MESSAGE][INFO] - Switching to iframe: 'Object Repository/Olusturma/Genel/AliciBilgisi/iframe_Alc Bilgisi_customerselectiframe'

2021-11-23 17:04:17 - [MESSAGE][INFO] - Finding web element from Test Object's properties

2021-11-23 17:04:17 - [MESSAGE][INFO] - Checking timeout

2021-11-23 17:04:17 - [MESSAGE][INFO] - Finding web element with id: 'Object Repository/Olusturma/Genel/AliciBilgisi/iframe_Alc Bilgisi_customerselectiframe' located by 'By.xpath: //iframe[@id='customerselectiframe']' in '30' second(s)

2021-11-23 17:04:17 - [MESSAGE][INFO] - Smart Wait Function is triggered

2021-11-23 17:04:18 - [MESSAGE][INFO] - Found 1 web elements with id: 'Object Repository/Olusturma/Genel/AliciBilgisi/iframe_Alc Bilgisi_customerselectiframe' located by 'By.xpath: //iframe[@id='customerselectiframe']' in '30' second(s)

2021-11-23 17:04:18 - [MESSAGE][INFO] - Switched to iframe: 'Object Repository/Olusturma/Genel/AliciBilgisi/iframe_Alc Bilgisi_customerselectiframe'

2021-11-23 17:04:18 - [MESSAGE][INFO] - Finding web element from Test Object's properties

2021-11-23 17:04:18 - [MESSAGE][INFO] - Checking timeout

2021-11-23 17:04:18 - [MESSAGE][INFO] - Finding web element with id: 'Object Repository/Olusturma/Genel/AliciBilgisi/frame' located by 'By.xpath: //*/text()[normalize-space(.)='']/parent::*' in '30' second(s)

2021-11-23 17:04:18 - [MESSAGE][INFO] - Smart Wait Function is triggered

2021-11-23 17:04:18 - [MESSAGE][INFO] - Found 66 web elements with id: 'Object Repository/Olusturma/Genel/AliciBilgisi/frame' located by 'By.xpath: //*/text()[normalize-space(.)='']/parent::*' in '30' second(s)

2021-11-23 17:04:18 - [MESSAGE][INFO] - Clicking on object: 'Object Repository/Olusturma/Genel/AliciBilgisi/frame'

2021-11-23 17:04:18 - [MESSAGE][PASSED] - Object: 'Object Repository/Olusturma/Genel/AliciBilgisi/frame' is clicked on

2021-11-23 17:04:18 - [MESSAGE][INFO] - Switching to default content

2021-11-23 17:04:18 - [TEST_STEP][PASSED] - click(findTestObject("Olusturma/Genel/AliciBilgisi/Alici_Adi")): Switching to default content

2021-11-23 17:04:18 - [MESSAGE][INFO] - Finding Test Object 'Object Repository/Olusturma/Genel/AliciBilgisi/Alici_Adi'

2021-11-23 17:04:18 - [MESSAGE][INFO] - Finding Test Object 'Object Repository/Olusturma/Genel/AliciBilgisi/iframe_Alc Bilgisi_customerselectiframe'

2021-11-23 17:04:18 - [MESSAGE][INFO] - Checking object

2021-11-23 17:04:18 - [MESSAGE][INFO] - Object: 'Object Repository/Olusturma/Genel/AliciBilgisi/Alici_Adi' has parent object(s)

2021-11-23 17:04:18 - [MESSAGE][INFO] - Switching to iframe: 'Object Repository/Olusturma/Genel/AliciBilgisi/iframe_Alc Bilgisi_customerselectiframe'

2021-11-23 17:04:18 - [MESSAGE][INFO] - Finding web element from Test Object's properties

2021-11-23 17:04:18 - [MESSAGE][INFO] - Checking timeout

2021-11-23 17:04:18 - [MESSAGE][INFO] - Finding web element with id: 'Object Repository/Olusturma/Genel/AliciBilgisi/iframe_Alc Bilgisi_customerselectiframe' located by 'By.xpath: //iframe[@id='customerselectiframe']' in '30' second(s)

2021-11-23 17:04:18 - [MESSAGE][INFO] - Smart Wait Function is triggered

2021-11-23 17:04:18 - [MESSAGE][INFO] - Found 1 web elements with id: 'Object Repository/Olusturma/Genel/AliciBilgisi/iframe_Alc Bilgisi_customerselectiframe' located by 'By.xpath: //iframe[@id='customerselectiframe']' in '30' second(s)

2021-11-23 17:04:18 - [MESSAGE][INFO] - Switched to iframe: 'Object Repository/Olusturma/Genel/AliciBilgisi/iframe_Alc Bilgisi_customerselectiframe'

2021-11-23 17:04:18 - [MESSAGE][INFO] - Finding web element from Test Object's properties

2021-11-23 17:04:18 - [MESSAGE][INFO] - Checking timeout

2021-11-23 17:04:18 - [MESSAGE][INFO] - Finding web element with id: 'Object Repository/Olusturma/Genel/AliciBilgisi/Alici_Adi' located by 'By.xpath: //tr[@id='GridViewCustomer_DXDataRow0']/td[2]' in '30' second(s)

2021-11-23 17:04:18 - [MESSAGE][INFO] - Smart Wait Function is triggered

2021-11-23 17:04:18 - [MESSAGE][INFO] - Found 1 web elements with id: 'Object Repository/Olusturma/Genel/AliciBilgisi/Alici_Adi' located by 'By.xpath: //tr[@id='GridViewCustomer_DXDataRow0']/td[2]' in '30' second(s)

2021-11-23 17:04:18 - [MESSAGE][INFO] - Clicking on object: 'Object Repository/Olusturma/Genel/AliciBilgisi/Alici_Adi'

2021-11-23 17:04:18 - [MESSAGE][PASSED] - Object: 'Object Repository/Olusturma/Genel/AliciBilgisi/Alici_Adi' is clicked on

2021-11-23 17:04:18 - [MESSAGE][INFO] - Switching to default content

2021-11-23 17:04:18 - [TEST_STEP][PASSED] - click(findTestObject("Olusturma/Genel/AliciBilgisi/Tamam_Bosluk")): Switching to default content

2021-11-23 17:04:18 - [MESSAGE][INFO] - Finding Test Object 'Object Repository/Olusturma/Genel/AliciBilgisi/Tamam_Bosluk'

2021-11-23 17:04:18 - [MESSAGE][INFO] - Finding Test Object 'Object Repository/Olusturma/Genel/AliciBilgisi/Alici_Bilgisi'

2021-11-23 17:04:18 - [MESSAGE][INFO] - Checking object

2021-11-23 17:04:18 - [MESSAGE][INFO] - Object: 'Object Repository/Olusturma/Genel/AliciBilgisi/Tamam_Bosluk' has parent object(s)

2021-11-23 17:04:18 - [MESSAGE][INFO] - Switching to iframe: 'Object Repository/Olusturma/Genel/AliciBilgisi/Alici_Bilgisi'

2021-11-23 17:04:18 - [MESSAGE][INFO] - Finding web element from Test Object's properties

2021-11-23 17:04:18 - [MESSAGE][INFO] - Checking timeout

2021-11-23 17:04:18 - [MESSAGE][INFO] - Finding web element with id: 'Object Repository/Olusturma/Genel/AliciBilgisi/Alici_Bilgisi' located by 'By.xpath: //iframe[@id='customerselectiframe']' in '30' second(s)

2021-11-23 17:04:18 - [MESSAGE][INFO] - Smart Wait Function is triggered

2021-11-23 17:04:19 - [MESSAGE][INFO] - Found 1 web elements with id: 'Object Repository/Olusturma/Genel/AliciBilgisi/Alici_Bilgisi' located by 'By.xpath: //iframe[@id='customerselectiframe']' in '30' second(s)

2021-11-23 17:04:19 - [MESSAGE][INFO] - Switched to iframe: 'Object Repository/Olusturma/Genel/AliciBilgisi/Alici_Bilgisi'

2021-11-23 17:04:19 - [MESSAGE][INFO] - Finding web element from Test Object's properties

2021-11-23 17:04:19 - [MESSAGE][INFO] - Checking timeout

2021-11-23 17:04:19 - [MESSAGE][INFO] - Finding web element with id: 'Object Repository/Olusturma/Genel/AliciBilgisi/Tamam_Bosluk' located by 'By.xpath: (.//*[normalize-space(text()) and normalize-space(.)='Sayfa Boyutu:'])[1]/following::div[7]' in '30' second(s)

2021-11-23 17:04:19 - [MESSAGE][INFO] - Smart Wait Function is triggered

2021-11-23 17:04:19 - [MESSAGE][INFO] - Found 1 web elements with id: 'Object Repository/Olusturma/Genel/AliciBilgisi/Tamam_Bosluk' located by 'By.xpath: (.//*[normalize-space(text()) and normalize-space(.)='Sayfa Boyutu:'])[1]/following::div[7]' in '30' second(s)

2021-11-23 17:04:19 - [MESSAGE][INFO] - Clicking on object: 'Object Repository/Olusturma/Genel/AliciBilgisi/Tamam_Bosluk'

2021-11-23 17:04:19 - [MESSAGE][PASSED] - Object: 'Object Repository/Olusturma/Genel/AliciBilgisi/Tamam_Bosluk' is clicked on

2021-11-23 17:04:19 - [MESSAGE][INFO] - Switching to default content

2021-11-23 17:04:19 - [TEST_STEP][PASSED] - waitForElementClickable(findTestObject("Olusturma/Genel/AliciBilgisi/Tamam_Butonu"), 10): Switching to default content

2021-11-23 17:04:19 - [MESSAGE][INFO] - Finding Test Object 'Object Repository/Olusturma/Genel/AliciBilgisi/Tamam_Butonu'

2021-11-23 17:04:19 - [MESSAGE][INFO] - Finding Test Object 'Object Repository/Olusturma/Genel/AliciBilgisi/Alici_Bilgisi'

2021-11-23 17:04:19 - [MESSAGE][INFO] - Checking object

2021-11-23 17:04:19 - [MESSAGE][INFO] - Checking timeout

2021-11-23 17:04:19 - [MESSAGE][INFO] - Object: 'Object Repository/Olusturma/Genel/AliciBilgisi/Tamam_Butonu' has parent object(s)

2021-11-23 17:04:19 - [MESSAGE][INFO] - Switching to iframe: 'Object Repository/Olusturma/Genel/AliciBilgisi/Alici_Bilgisi'

2021-11-23 17:04:19 - [MESSAGE][INFO] - Finding web element from Test Object's properties

2021-11-23 17:04:19 - [MESSAGE][INFO] - Checking timeout

2021-11-23 17:04:19 - [MESSAGE][INFO] - Finding web element with id: 'Object Repository/Olusturma/Genel/AliciBilgisi/Alici_Bilgisi' located by 'By.xpath: //iframe[@id='customerselectiframe']' in '10' second(s)

2021-11-23 17:04:19 - [MESSAGE][INFO] - Smart Wait Function is triggered

2021-11-23 17:04:19 - [MESSAGE][INFO] - Found 1 web elements with id: 'Object Repository/Olusturma/Genel/AliciBilgisi/Alici_Bilgisi' located by 'By.xpath: //iframe[@id='customerselectiframe']' in '10' second(s)

2021-11-23 17:04:19 - [MESSAGE][INFO] - Switched to iframe: 'Object Repository/Olusturma/Genel/AliciBilgisi/Alici_Bilgisi'

2021-11-23 17:04:19 - [MESSAGE][INFO] - Finding web element from Test Object's properties

2021-11-23 17:04:19 - [MESSAGE][INFO] - Checking timeout

2021-11-23 17:04:19 - [MESSAGE][INFO] - Finding web element with id: 'Object Repository/Olusturma/Genel/AliciBilgisi/Tamam_Butonu' located by 'By.xpath: //div[@id='btnSelectCustomer_CD']/span' in '10' second(s)

2021-11-23 17:04:19 - [MESSAGE][INFO] - Smart Wait Function is triggered

2021-11-23 17:04:19 - [MESSAGE][INFO] - Found 1 web elements with id: 'Object Repository/Olusturma/Genel/AliciBilgisi/Tamam_Butonu' located by 'By.xpath: //div[@id='btnSelectCustomer_CD']/span' in '10' second(s)

2021-11-23 17:04:19 - [MESSAGE][PASSED] - Object 'Object Repository/Olusturma/Genel/AliciBilgisi/Tamam_Butonu' is clickable

2021-11-23 17:04:19 - [MESSAGE][INFO] - Switching to default content

2021-11-23 17:04:19 - [TEST_STEP][PASSED] - click(findTestObject("Olusturma/Genel/AliciBilgisi/Tamam_Butonu")): Switching to default content

2021-11-23 17:04:19 - [MESSAGE][INFO] - Finding Test Object 'Object Repository/Olusturma/Genel/AliciBilgisi/Tamam_Butonu'

2021-11-23 17:04:19 - [MESSAGE][INFO] - Finding Test Object 'Object Repository/Olusturma/Genel/AliciBilgisi/Alici_Bilgisi'

2021-11-23 17:04:20 - [MESSAGE][INFO] - Checking object

2021-11-23 17:04:20 - [MESSAGE][INFO] - Object: 'Object Repository/Olusturma/Genel/AliciBilgisi/Tamam_Butonu' has parent object(s)

2021-11-23 17:04:20 - [MESSAGE][INFO] - Switching to iframe: 'Object Repository/Olusturma/Genel/AliciBilgisi/Alici_Bilgisi'

2021-11-23 17:04:20 - [MESSAGE][INFO] - Finding web element from Test Object's properties

2021-11-23 17:04:20 - [MESSAGE][INFO] - Checking timeout

2021-11-23 17:04:20 - [MESSAGE][INFO] - Finding web element with id: 'Object Repository/Olusturma/Genel/AliciBilgisi/Alici_Bilgisi' located by 'By.xpath: //iframe[@id='customerselectiframe']' in '30' second(s)

2021-11-23 17:04:20 - [MESSAGE][INFO] - Smart Wait Function is triggered

2021-11-23 17:04:20 - [MESSAGE][INFO] - Found 1 web elements with id: 'Object Repository/Olusturma/Genel/AliciBilgisi/Alici_Bilgisi' located by 'By.xpath: //iframe[@id='customerselectiframe']' in '30' second(s)

2021-11-23 17:04:20 - [MESSAGE][INFO] - Switched to iframe: 'Object Repository/Olusturma/Genel/AliciBilgisi/Alici_Bilgisi'

2021-11-23 17:04:20 - [MESSAGE][INFO] - Finding web element from Test Object's properties

2021-11-23 17:04:20 - [MESSAGE][INFO] - Checking timeout

2021-11-23 17:04:20 - [MESSAGE][INFO] - Finding web element with id: 'Object Repository/Olusturma/Genel/AliciBilgisi/Tamam_Butonu' located by 'By.xpath: //div[@id='btnSelectCustomer_CD']/span' in '30' second(s)

2021-11-23 17:04:20 - [MESSAGE][INFO] - Smart Wait Function is triggered

2021-11-23 17:04:20 - [MESSAGE][INFO] - Found 1 web elements with id: 'Object Repository/Olusturma/Genel/AliciBilgisi/Tamam_Butonu' located by 'By.xpath: //div[@id='btnSelectCustomer_CD']/span' in '30' second(s)

2021-11-23 17:04:20 - [MESSAGE][INFO] - Clicking on object: 'Object Repository/Olusturma/Genel/AliciBilgisi/Tamam_Butonu'

2021-11-23 17:04:20 - [MESSAGE][PASSED] - Object: 'Object Repository/Olusturma/Genel/AliciBilgisi/Tamam_Butonu' is clicked on

2021-11-23 17:04:20 - [MESSAGE][INFO] - Switching to default content

2021-11-23 17:04:20 - [TEST_STEP][PASSED] - waitForElementPresent(findTestObject("Olusturma/Genel/AliciBilgisi/VKN-TCKN"), 10): Object 'Object Repository/Olusturma/Genel/AliciBilgisi/VKN-TCKN' is present

2021-11-23 17:04:20 - [MESSAGE][INFO] - Finding Test Object 'Object Repository/Olusturma/Genel/AliciBilgisi/VKN-TCKN'

2021-11-23 17:04:20 - [MESSAGE][INFO] - Checking object

2021-11-23 17:04:20 - [MESSAGE][INFO] - Finding web element from Test Object's properties

2021-11-23 17:04:20 - [MESSAGE][INFO] - Checking timeout

2021-11-23 17:04:20 - [MESSAGE][INFO] - Finding web element with id: 'Object Repository/Olusturma/Genel/AliciBilgisi/VKN-TCKN' located by 'By.xpath: //*[@id = 'txtVknTckn_I']' in '10' second(s)

2021-11-23 17:04:20 - [MESSAGE][INFO] - Smart Wait Function is triggered

2021-11-23 17:04:21 - [MESSAGE][INFO] - Found 1 web elements with id: 'Object Repository/Olusturma/Genel/AliciBilgisi/VKN-TCKN' located by 'By.xpath: //*[@id = 'txtVknTckn_I']' in '10' second(s)

2021-11-23 17:04:21 - [MESSAGE][PASSED] - Object 'Object Repository/Olusturma/Genel/AliciBilgisi/VKN-TCKN' is present

2021-11-23 17:04:21 - [TEST_STEP][PASSED] - text = getAttribute(findTestObject("Olusturma/Genel/AliciBilgisi/VKN-TCKN"), "value"): Attribute 'value' of object 'Object Repository/Olusturma/Genel/AliciBilgisi/VKN-TCKN' is: '5323285392'

2021-11-23 17:04:21 - [MESSAGE][INFO] - Finding Test Object 'Object Repository/Olusturma/Genel/AliciBilgisi/VKN-TCKN'

2021-11-23 17:04:21 - [MESSAGE][INFO] - Checking object

2021-11-23 17:04:21 - [MESSAGE][INFO] - Checking attribute

2021-11-23 17:04:21 - [MESSAGE][INFO] - Finding web element from Test Object's properties

2021-11-23 17:04:21 - [MESSAGE][INFO] - Checking timeout

2021-11-23 17:04:21 - [MESSAGE][INFO] - Finding web element with id: 'Object Repository/Olusturma/Genel/AliciBilgisi/VKN-TCKN' located by 'By.xpath: //*[@id = 'txtVknTckn_I']' in '30' second(s)

2021-11-23 17:04:21 - [MESSAGE][INFO] - Smart Wait Function is triggered

2021-11-23 17:04:21 - [MESSAGE][INFO] - Found 1 web elements with id: 'Object Repository/Olusturma/Genel/AliciBilgisi/VKN-TCKN' located by 'By.xpath: //*[@id = 'txtVknTckn_I']' in '30' second(s)

2021-11-23 17:04:21 - [MESSAGE][INFO] - Getting attribute 'value' of object 'Object Repository/Olusturma/Genel/AliciBilgisi/VKN-TCKN'

2021-11-23 17:04:21 - [MESSAGE][PASSED] - Attribute 'value' of object 'Object Repository/Olusturma/Genel/AliciBilgisi/VKN-TCKN' is: '5323285392'

2021-11-23 17:04:21 - [TEST_STEP][PASSED] - if (text.equals("")): null

2021-11-23 17:04:21 - [MESSAGE][PASSED] - Call Test Case 'Test Cases/Olusturma/Genel/AliciSecilir' successfully

2021-11-23 17:04:21 - [MESSAGE][INFO] - Checking called Test Case

2021-11-23 17:04:21 - [MESSAGE][INFO] - Starting to call Test Case 'Test Cases/Olusturma/Genel/GonderimSekliSecilir'

2021-11-23 17:04:21 - [TEST_CASE][PASSED] - Test Cases/Olusturma/Genel/GonderimSekliSecilir: Test Cases/Olusturma/Genel/GonderimSekliSecilir

2021-11-23 17:04:21 - [TEST_STEP][PASSED] - waitForElementClickable(findTestObject("Object Repository/Olusturma/Genel/GonderimSekli/GonderimSekli"), 10): Object 'Object Repository/Olusturma/Genel/GonderimSekli/GonderimSekli' is clickable

2021-11-23 17:04:21 - [MESSAGE][INFO] - Finding Test Object 'Object Repository/Olusturma/Genel/GonderimSekli/GonderimSekli'

2021-11-23 17:04:21 - [MESSAGE][INFO] - Checking object

2021-11-23 17:04:21 - [MESSAGE][INFO] - Checking timeout

2021-11-23 17:04:21 - [MESSAGE][INFO] - Finding web element from Test Object's properties

2021-11-23 17:04:21 - [MESSAGE][INFO] - Checking timeout

2021-11-23 17:04:21 - [MESSAGE][INFO] - Finding web element with id: 'Object Repository/Olusturma/Genel/GonderimSekli/GonderimSekli' located by 'By.xpath: //*[@id = 'txtGonderimSekil_I']' in '10' second(s)

2021-11-23 17:04:21 - [MESSAGE][INFO] - Smart Wait Function is triggered

2021-11-23 17:04:21 - [MESSAGE][INFO] - Found 1 web elements with id: 'Object Repository/Olusturma/Genel/GonderimSekli/GonderimSekli' located by 'By.xpath: //*[@id = 'txtGonderimSekil_I']' in '10' second(s)

2021-11-23 17:04:21 - [MESSAGE][PASSED] - Object 'Object Repository/Olusturma/Genel/GonderimSekli/GonderimSekli' is clickable

2021-11-23 17:04:21 - [TEST_STEP][PASSED] - click(findTestObject("Object Repository/Olusturma/Genel/GonderimSekli/GonderimSekli")): Object: 'Object Repository/Olusturma/Genel/GonderimSekli/GonderimSekli' is clicked on

2021-11-23 17:04:21 - [MESSAGE][INFO] - Finding Test Object 'Object Repository/Olusturma/Genel/GonderimSekli/GonderimSekli'

2021-11-23 17:04:21 - [MESSAGE][INFO] - Checking object

2021-11-23 17:04:21 - [MESSAGE][INFO] - Finding web element from Test Object's properties

2021-11-23 17:04:21 - [MESSAGE][INFO] - Checking timeout

2021-11-23 17:04:21 - [MESSAGE][INFO] - Finding web element with id: 'Object Repository/Olusturma/Genel/GonderimSekli/GonderimSekli' located by 'By.xpath: //*[@id = 'txtGonderimSekil_I']' in '30' second(s)

2021-11-23 17:04:21 - [MESSAGE][INFO] - Smart Wait Function is triggered

2021-11-23 17:04:22 - [MESSAGE][INFO] - Found 1 web elements with id: 'Object Repository/Olusturma/Genel/GonderimSekli/GonderimSekli' located by 'By.xpath: //*[@id = 'txtGonderimSekil_I']' in '30' second(s)

2021-11-23 17:04:22 - [MESSAGE][INFO] - Clicking on object: 'Object Repository/Olusturma/Genel/GonderimSekli/GonderimSekli'

2021-11-23 17:04:22 - [MESSAGE][PASSED] - Object: 'Object Repository/Olusturma/Genel/GonderimSekli/GonderimSekli' is clicked on

2021-11-23 17:04:22 - [TEST_STEP][PASSED] - Method.TextDegerineEsitElementeTikla(findTestObject("Object Repository/Olusturma/Genel/GonderimSekli/GonderimSekliAdi"), GonderimSekli): Method.TextDegerineEsitElementeTikla is PASSED

2021-11-23 17:04:22 - [MESSAGE][INFO] - Finding Test Object 'Object Repository/Olusturma/Genel/GonderimSekli/GonderimSekliAdi'

2021-11-23 17:04:22 - [MESSAGE][INFO] - Checking timeout

2021-11-23 17:04:22 - [MESSAGE][INFO] - Finding web element with id: 'Object Repository/Olusturma/Genel/GonderimSekli/GonderimSekliAdi' located by 'By.cssSelector: #txtGonderimSekil_DDD_L_LBT td' in '10' second(s)

2021-11-23 17:04:22 - [MESSAGE][INFO] - Smart Wait Function is triggered

2021-11-23 17:04:22 - [MESSAGE][INFO] - Found 2 web elements with id: 'Object Repository/Olusturma/Genel/GonderimSekli/GonderimSekliAdi' located by 'By.cssSelector: #txtGonderimSekil_DDD_L_LBT td' in '10' second(s)

2021-11-23 17:04:22 - [MESSAGE][PASSED] - Method.TextDegerineEsitElementeTikla is PASSED

2021-11-23 17:04:22 - [MESSAGE][PASSED] - Call Test Case 'Test Cases/Olusturma/Genel/GonderimSekliSecilir' successfully

2021-11-23 17:04:22 - [MESSAGE][INFO] - Checking called Test Case

2021-11-23 17:04:22 - [MESSAGE][INFO] - Starting to call Test Case 'Test Cases/Olusturma/Genel/TipSecilir'

2021-11-23 17:04:22 - [TEST_CASE][PASSED] - Test Cases/Olusturma/Genel/TipSecilir: Test Cases/Olusturma/Genel/TipSecilir

2021-11-23 17:04:22 - [TEST_STEP][PASSED] - waitForElementClickable(findTestObject("Olusturma/Genel/TipSecilir/Tip"), 10): Object 'Object Repository/Olusturma/Genel/TipSecilir/Tip' is clickable

2021-11-23 17:04:22 - [MESSAGE][INFO] - Finding Test Object 'Object Repository/Olusturma/Genel/TipSecilir/Tip'

2021-11-23 17:04:23 - [MESSAGE][INFO] - Checking object

2021-11-23 17:04:23 - [MESSAGE][INFO] - Checking timeout

2021-11-23 17:04:23 - [MESSAGE][INFO] - Finding web element from Test Object's properties

2021-11-23 17:04:23 - [MESSAGE][INFO] - Checking timeout

2021-11-23 17:04:23 - [MESSAGE][INFO] - Finding web element with id: 'Object Repository/Olusturma/Genel/TipSecilir/Tip' located by 'By.xpath: //*[@id = 'DocumentTypeCode_I']' in '10' second(s)

2021-11-23 17:04:23 - [MESSAGE][INFO] - Smart Wait Function is triggered

2021-11-23 17:04:23 - [MESSAGE][INFO] - Found 1 web elements with id: 'Object Repository/Olusturma/Genel/TipSecilir/Tip' located by 'By.xpath: //*[@id = 'DocumentTypeCode_I']' in '10' second(s)

2021-11-23 17:04:23 - [MESSAGE][PASSED] - Object 'Object Repository/Olusturma/Genel/TipSecilir/Tip' is clickable

2021-11-23 17:04:23 - [TEST_STEP][PASSED] - click(findTestObject("Olusturma/Genel/TipSecilir/Tip")): Object: 'Object Repository/Olusturma/Genel/TipSecilir/Tip' is clicked on

2021-11-23 17:04:23 - [MESSAGE][INFO] - Finding Test Object 'Object Repository/Olusturma/Genel/TipSecilir/Tip'

2021-11-23 17:04:23 - [MESSAGE][INFO] - Checking object

2021-11-23 17:04:23 - [MESSAGE][INFO] - Finding web element from Test Object's properties

2021-11-23 17:04:23 - [MESSAGE][INFO] - Checking timeout

2021-11-23 17:04:23 - [MESSAGE][INFO] - Finding web element with id: 'Object Repository/Olusturma/Genel/TipSecilir/Tip' located by 'By.xpath: //*[@id = 'DocumentTypeCode_I']' in '30' second(s)

2021-11-23 17:04:23 - [MESSAGE][INFO] - Smart Wait Function is triggered

2021-11-23 17:04:23 - [MESSAGE][INFO] - Found 1 web elements with id: 'Object Repository/Olusturma/Genel/TipSecilir/Tip' located by 'By.xpath: //*[@id = 'DocumentTypeCode_I']' in '30' second(s)

2021-11-23 17:04:23 - [MESSAGE][INFO] - Clicking on object: 'Object Repository/Olusturma/Genel/TipSecilir/Tip'

2021-11-23 17:04:23 - [MESSAGE][PASSED] - Object: 'Object Repository/Olusturma/Genel/TipSecilir/Tip' is clicked on

2021-11-23 17:04:23 - [TEST_STEP][PASSED] - Method.TextDegerineEsitElementeTikla(findTestObject("Object Repository/Olusturma/Genel/TipSecilir/Tip_Adi"), Tip): Method.TextDegerineEsitElementeTikla is PASSED

2021-11-23 17:04:23 - [MESSAGE][INFO] - Finding Test Object 'Object Repository/Olusturma/Genel/TipSecilir/Tip_Adi'

2021-11-23 17:04:23 - [MESSAGE][INFO] - Checking timeout

2021-11-23 17:04:23 - [MESSAGE][INFO] - Finding web element with id: 'Object Repository/Olusturma/Genel/TipSecilir/Tip_Adi' located by 'By.cssSelector: #DocumentTypeCode_DDD_L_LBT td' in '10' second(s)

2021-11-23 17:04:23 - [MESSAGE][INFO] - Smart Wait Function is triggered

2021-11-23 17:04:24 - [MESSAGE][INFO] - Found 9 web elements with id: 'Object Repository/Olusturma/Genel/TipSecilir/Tip_Adi' located by 'By.cssSelector: #DocumentTypeCode_DDD_L_LBT td' in '10' second(s)

2021-11-23 17:04:24 - [MESSAGE][PASSED] - Method.TextDegerineEsitElementeTikla is PASSED

2021-11-23 17:04:24 - [MESSAGE][PASSED] - Call Test Case 'Test Cases/Olusturma/Genel/TipSecilir' successfully

2021-11-23 17:04:24 - [MESSAGE][INFO] - Checking called Test Case

2021-11-23 17:04:24 - [MESSAGE][INFO] - Starting to call Test Case 'Test Cases/Olusturma/Genel/DokumanParaBirimiSecilir'

2021-11-23 17:04:24 - [TEST_CASE][PASSED] - Test Cases/Olusturma/Genel/DokumanParaBirimiSecilir: Test Cases/Olusturma/Genel/DokumanParaBirimiSecilir

2021-11-23 17:04:24 - [TEST_STEP][PASSED] - waitForElementClickable(findTestObject("Object Repository/Olusturma/Genel/DokumanParaBirimiSecilir/Para"), 10): Object 'Object Repository/Olusturma/Genel/DokumanParaBirimiSecilir/Para' is clickable

2021-11-23 17:04:24 - [MESSAGE][INFO] - Finding Test Object 'Object Repository/Olusturma/Genel/DokumanParaBirimiSecilir/Para'

2021-11-23 17:04:24 - [MESSAGE][INFO] - Checking object

2021-11-23 17:04:24 - [MESSAGE][INFO] - Checking timeout

2021-11-23 17:04:24 - [MESSAGE][INFO] - Finding web element from Test Object's properties

2021-11-23 17:04:24 - [MESSAGE][INFO] - Checking timeout

2021-11-23 17:04:24 - [MESSAGE][INFO] - Finding web element with id: 'Object Repository/Olusturma/Genel/DokumanParaBirimiSecilir/Para' located by 'By.xpath: //*[@id = 'CurrencyUnit_I']' in '10' second(s)

2021-11-23 17:04:24 - [MESSAGE][INFO] - Smart Wait Function is triggered

2021-11-23 17:04:25 - [MESSAGE][INFO] - Found 1 web elements with id: 'Object Repository/Olusturma/Genel/DokumanParaBirimiSecilir/Para' located by 'By.xpath: //*[@id = 'CurrencyUnit_I']' in '10' second(s)

2021-11-23 17:04:25 - [MESSAGE][PASSED] - Object 'Object Repository/Olusturma/Genel/DokumanParaBirimiSecilir/Para' is clickable

2021-11-23 17:04:25 - [TEST_STEP][PASSED] - click(findTestObject("Object Repository/Olusturma/Genel/DokumanParaBirimiSecilir/Para")): Object: 'Object Repository/Olusturma/Genel/DokumanParaBirimiSecilir/Para' is clicked on

2021-11-23 17:04:25 - [MESSAGE][INFO] - Finding Test Object 'Object Repository/Olusturma/Genel/DokumanParaBirimiSecilir/Para'

2021-11-23 17:04:25 - [MESSAGE][INFO] - Checking object

2021-11-23 17:04:25 - [MESSAGE][INFO] - Finding web element from Test Object's properties

2021-11-23 17:04:25 - [MESSAGE][INFO] - Checking timeout

2021-11-23 17:04:25 - [MESSAGE][INFO] - Finding web element with id: 'Object Repository/Olusturma/Genel/DokumanParaBirimiSecilir/Para' located by 'By.xpath: //*[@id = 'CurrencyUnit_I']' in '30' second(s)

2021-11-23 17:04:25 - [MESSAGE][INFO] - Smart Wait Function is triggered

2021-11-23 17:04:26 - [MESSAGE][INFO] - Found 1 web elements with id: 'Object Repository/Olusturma/Genel/DokumanParaBirimiSecilir/Para' located by 'By.xpath: //*[@id = 'CurrencyUnit_I']' in '30' second(s)

2021-11-23 17:04:26 - [MESSAGE][INFO] - Clicking on object: 'Object Repository/Olusturma/Genel/DokumanParaBirimiSecilir/Para'

2021-11-23 17:04:26 - [MESSAGE][PASSED] - Object: 'Object Repository/Olusturma/Genel/DokumanParaBirimiSecilir/Para' is clicked on

2021-11-23 17:04:26 - [TEST_STEP][PASSED] - Method.TextDegerineEsitElementeTikla(findTestObject("Object Repository/Olusturma/Genel/DokumanParaBirimiSecilir/Para_Adi"), Para): Method.TextDegerineEsitElementeTikla is PASSED

2021-11-23 17:04:26 - [MESSAGE][INFO] - Finding Test Object 'Object Repository/Olusturma/Genel/DokumanParaBirimiSecilir/Para_Adi'

2021-11-23 17:04:26 - [MESSAGE][INFO] - Checking timeout

2021-11-23 17:04:26 - [MESSAGE][INFO] - Finding web element with id: 'Object Repository/Olusturma/Genel/DokumanParaBirimiSecilir/Para_Adi' located by 'By.cssSelector: #CurrencyUnit_DDD_L_LBT td' in '10' second(s)

2021-11-23 17:04:26 - [MESSAGE][INFO] - Smart Wait Function is triggered

2021-11-23 17:04:26 - [MESSAGE][INFO] - Found 203 web elements with id: 'Object Repository/Olusturma/Genel/DokumanParaBirimiSecilir/Para_Adi' located by 'By.cssSelector: #CurrencyUnit_DDD_L_LBT td' in '10' second(s)

2021-11-23 17:04:31 - [MESSAGE][PASSED] - Method.TextDegerineEsitElementeTikla is PASSED

2021-11-23 17:04:31 - [MESSAGE][PASSED] - Call Test Case 'Test Cases/Olusturma/Genel/DokumanParaBirimiSecilir' successfully

2021-11-23 17:04:31 - [MESSAGE][INFO] - Checking called Test Case

2021-11-23 17:04:31 - [MESSAGE][INFO] - Starting to call Test Case 'Test Cases/Olusturma/Genel/OnEkSecilir'

2021-11-23 17:04:31 - [TEST_CASE][PASSED] - Test Cases/Olusturma/Genel/OnEkSecilir: Test Cases/Olusturma/Genel/OnEkSecilir

2021-11-23 17:04:31 - [TEST_STEP][PASSED] - waitForElementClickable(findTestObject("Object Repository/Olusturma/Genel/OnEkSecilir/OnEk"), 10): Object 'Object Repository/Olusturma/Genel/OnEkSecilir/OnEk' is clickable

2021-11-23 17:04:31 - [MESSAGE][INFO] - Finding Test Object 'Object Repository/Olusturma/Genel/OnEkSecilir/OnEk'

2021-11-23 17:04:31 - [MESSAGE][INFO] - Checking object

2021-11-23 17:04:31 - [MESSAGE][INFO] - Checking timeout

2021-11-23 17:04:31 - [MESSAGE][INFO] - Finding web element from Test Object's properties

2021-11-23 17:04:31 - [MESSAGE][INFO] - Checking timeout

2021-11-23 17:04:31 - [MESSAGE][INFO] - Finding web element with id: 'Object Repository/Olusturma/Genel/OnEkSecilir/OnEk' located by 'By.xpath: //*[@id = 'InvoicePrefix_I']' in '10' second(s)

2021-11-23 17:04:31 - [MESSAGE][INFO] - Smart Wait Function is triggered

2021-11-23 17:04:31 - [MESSAGE][INFO] - Found 1 web elements with id: 'Object Repository/Olusturma/Genel/OnEkSecilir/OnEk' located by 'By.xpath: //*[@id = 'InvoicePrefix_I']' in '10' second(s)

2021-11-23 17:04:31 - [MESSAGE][PASSED] - Object 'Object Repository/Olusturma/Genel/OnEkSecilir/OnEk' is clickable

2021-11-23 17:04:31 - [TEST_STEP][PASSED] - click(findTestObject("Object Repository/Olusturma/Genel/OnEkSecilir/OnEk")): Object: 'Object Repository/Olusturma/Genel/OnEkSecilir/OnEk' is clicked on

2021-11-23 17:04:31 - [MESSAGE][INFO] - Finding Test Object 'Object Repository/Olusturma/Genel/OnEkSecilir/OnEk'

2021-11-23 17:04:31 - [MESSAGE][INFO] - Checking object

2021-11-23 17:04:31 - [MESSAGE][INFO] - Finding web element from Test Object's properties

2021-11-23 17:04:31 - [MESSAGE][INFO] - Checking timeout

2021-11-23 17:04:31 - [MESSAGE][INFO] - Finding web element with id: 'Object Repository/Olusturma/Genel/OnEkSecilir/OnEk' located by 'By.xpath: //*[@id = 'InvoicePrefix_I']' in '30' second(s)

2021-11-23 17:04:31 - [MESSAGE][INFO] - Smart Wait Function is triggered

2021-11-23 17:04:32 - [MESSAGE][INFO] - Found 1 web elements with id: 'Object Repository/Olusturma/Genel/OnEkSecilir/OnEk' located by 'By.xpath: //*[@id = 'InvoicePrefix_I']' in '30' second(s)

2021-11-23 17:04:32 - [MESSAGE][INFO] - Clicking on object: 'Object Repository/Olusturma/Genel/OnEkSecilir/OnEk'

2021-11-23 17:04:32 - [MESSAGE][PASSED] - Object: 'Object Repository/Olusturma/Genel/OnEkSecilir/OnEk' is clicked on

2021-11-23 17:04:32 - [TEST_STEP][PASSED] - Method.TextDegerineEsitElementeTiklaEquals(findTestObject("Object Repository/Olusturma/Genel/OnEkSecilir/OnEkAdi"), Ek): Method.TextDegerineEsitElementeTiklaEquals is PASSED

2021-11-23 17:04:32 - [MESSAGE][INFO] - Finding Test Object 'Object Repository/Olusturma/Genel/OnEkSecilir/OnEkAdi'

2021-11-23 17:04:32 - [MESSAGE][INFO] - Checking timeout

2021-11-23 17:04:32 - [MESSAGE][INFO] - Finding web element with id: 'Object Repository/Olusturma/Genel/OnEkSecilir/OnEkAdi' located by 'By.cssSelector: #InvoicePrefix_DDD_L_LBT td' in '10' second(s)

2021-11-23 17:04:32 - [MESSAGE][INFO] - Smart Wait Function is triggered

2021-11-23 17:04:32 - [MESSAGE][INFO] - Found 1 web elements with id: 'Object Repository/Olusturma/Genel/OnEkSecilir/OnEkAdi' located by 'By.cssSelector: #InvoicePrefix_DDD_L_LBT td' in '10' second(s)

2021-11-23 17:04:32 - [MESSAGE][PASSED] - Method.TextDegerineEsitElementeTiklaEquals is PASSED

2021-11-23 17:04:32 - [MESSAGE][PASSED] - Call Test Case 'Test Cases/Olusturma/Genel/OnEkSecilir' successfully

2021-11-23 17:04:32 - [MESSAGE][INFO] - Checking called Test Case

2021-11-23 17:04:32 - [MESSAGE][INFO] - Starting to call Test Case 'Test Cases/Olusturma/Genel/TasarimSecilir'

2021-11-23 17:04:32 - [TEST_CASE][PASSED] - Test Cases/Olusturma/Genel/TasarimSecilir: Test Cases/Olusturma/Genel/TasarimSecilir

2021-11-23 17:04:32 - [TEST_STEP][PASSED] - waitForElementClickable(findTestObject("Object Repository/Olusturma/Genel/TasarimSecilir/Tasarim"), 10): Object 'Object Repository/Olusturma/Genel/TasarimSecilir/Tasarim' is clickable

2021-11-23 17:04:32 - [MESSAGE][INFO] - Finding Test Object 'Object Repository/Olusturma/Genel/TasarimSecilir/Tasarim'

2021-11-23 17:04:33 - [MESSAGE][INFO] - Checking object

2021-11-23 17:04:33 - [MESSAGE][INFO] - Checking timeout

2021-11-23 17:04:33 - [MESSAGE][INFO] - Finding web element from Test Object's properties

2021-11-23 17:04:33 - [MESSAGE][INFO] - Checking timeout

2021-11-23 17:04:33 - [MESSAGE][INFO] - Finding web element with id: 'Object Repository/Olusturma/Genel/TasarimSecilir/Tasarim' located by 'By.xpath: //*[@id = 'DesignId_I']' in '10' second(s)

2021-11-23 17:04:33 - [MESSAGE][INFO] - Smart Wait Function is triggered

2021-11-23 17:04:33 - [MESSAGE][INFO] - Found 1 web elements with id: 'Object Repository/Olusturma/Genel/TasarimSecilir/Tasarim' located by 'By.xpath: //*[@id = 'DesignId_I']' in '10' second(s)

2021-11-23 17:04:33 - [MESSAGE][PASSED] - Object 'Object Repository/Olusturma/Genel/TasarimSecilir/Tasarim' is clickable

2021-11-23 17:04:33 - [TEST_STEP][PASSED] - click(findTestObject("Object Repository/Olusturma/Genel/TasarimSecilir/Tasarim")): Object: 'Object Repository/Olusturma/Genel/TasarimSecilir/Tasarim' is clicked on

2021-11-23 17:04:33 - [MESSAGE][INFO] - Finding Test Object 'Object Repository/Olusturma/Genel/TasarimSecilir/Tasarim'

2021-11-23 17:04:33 - [MESSAGE][INFO] - Checking object

2021-11-23 17:04:33 - [MESSAGE][INFO] - Finding web element from Test Object's properties

2021-11-23 17:04:33 - [MESSAGE][INFO] - Checking timeout

2021-11-23 17:04:33 - [MESSAGE][INFO] - Finding web element with id: 'Object Repository/Olusturma/Genel/TasarimSecilir/Tasarim' located by 'By.xpath: //*[@id = 'DesignId_I']' in '30' second(s)

2021-11-23 17:04:33 - [MESSAGE][INFO] - Smart Wait Function is triggered

2021-11-23 17:04:33 - [MESSAGE][INFO] - Found 1 web elements with id: 'Object Repository/Olusturma/Genel/TasarimSecilir/Tasarim' located by 'By.xpath: //*[@id = 'DesignId_I']' in '30' second(s)

2021-11-23 17:04:33 - [MESSAGE][INFO] - Clicking on object: 'Object Repository/Olusturma/Genel/TasarimSecilir/Tasarim'

2021-11-23 17:04:33 - [MESSAGE][PASSED] - Object: 'Object Repository/Olusturma/Genel/TasarimSecilir/Tasarim' is clicked on

2021-11-23 17:04:33 - [TEST_STEP][PASSED] - Method.TextDegerineEsitElementeTikla(findTestObject("Object Repository/Olusturma/Genel/TasarimSecilir/Tasarim_Adi"), Tasarim): Method.TextDegerineEsitElementeTikla is PASSED

2021-11-23 17:04:33 - [MESSAGE][INFO] - Finding Test Object 'Object Repository/Olusturma/Genel/TasarimSecilir/Tasarim_Adi'

2021-11-23 17:04:34 - [MESSAGE][INFO] - Checking timeout

2021-11-23 17:04:34 - [MESSAGE][INFO] - Finding web element with id: 'Object Repository/Olusturma/Genel/TasarimSecilir/Tasarim_Adi' located by 'By.cssSelector: #DesignId_DDD_L_LBT td' in '10' second(s)

2021-11-23 17:04:34 - [MESSAGE][INFO] - Smart Wait Function is triggered

2021-11-23 17:04:34 - [MESSAGE][INFO] - Found 1 web elements with id: 'Object Repository/Olusturma/Genel/TasarimSecilir/Tasarim_Adi' located by 'By.cssSelector: #DesignId_DDD_L_LBT td' in '10' second(s)

2021-11-23 17:04:34 - [MESSAGE][PASSED] - Method.TextDegerineEsitElementeTikla is PASSED

2021-11-23 17:04:34 - [MESSAGE][PASSED] - Call Test Case 'Test Cases/Olusturma/Genel/TasarimSecilir' successfully

2021-11-23 17:04:34 - [MESSAGE][INFO] - Checking called Test Case

2021-11-23 17:04:34 - [MESSAGE][INFO] - Starting to call Test Case 'Test Cases/Olusturma/Genel/Kutular/SiparisBilgileriGirilir'

2021-11-23 17:04:34 - [TEST_CASE][PASSED] - Test Cases/Olusturma/Genel/Kutular/SiparisBilgileriGirilir: Test Cases/Olusturma/Genel/Kutular/SiparisBilgileriGirilir

2021-11-23 17:04:34 - [TEST_STEP][PASSED] - Method.TextDegerineEsitElementeTikla(findTestObject("Olusturma/Genel/Kutular/KapaliKutular"), "Sipariş Bilgileri"): Method.TextDegerineEsitElementeTikla is PASSED

2021-11-23 17:04:34 - [MESSAGE][INFO] - Finding Test Object 'Object Repository/Olusturma/Genel/Kutular/KapaliKutular'

2021-11-23 17:04:34 - [MESSAGE][INFO] - Checking timeout

2021-11-23 17:04:34 - [MESSAGE][INFO] - Finding web element with id: 'Object Repository/Olusturma/Genel/Kutular/KapaliKutular' located by 'By.cssSelector: .dxnb-headerCollapsed>span' in '10' second(s)

2021-11-23 17:04:34 - [MESSAGE][INFO] - Smart Wait Function is triggered

2021-11-23 17:04:34 - [MESSAGE][INFO] - Found 8 web elements with id: 'Object Repository/Olusturma/Genel/Kutular/KapaliKutular' located by 'By.cssSelector: .dxnb-headerCollapsed>span' in '10' second(s)

2021-11-23 17:04:34 - [MESSAGE][PASSED] - Method.TextDegerineEsitElementeTikla is PASSED

2021-11-23 17:04:34 - [TEST_STEP][PASSED] - waitForElementPresent(findTestObject("Object Repository/Olusturma/Genel/Kutular/SiparisBilgileri/SiparisNo"), 10): Object 'Object Repository/Olusturma/Genel/Kutular/SiparisBilgileri/SiparisNo' is present

2021-11-23 17:04:34 - [MESSAGE][INFO] - Finding Test Object 'Object Repository/Olusturma/Genel/Kutular/SiparisBilgileri/SiparisNo'

2021-11-23 17:04:35 - [MESSAGE][INFO] - Checking object

2021-11-23 17:04:35 - [MESSAGE][INFO] - Finding web element from Test Object's properties

2021-11-23 17:04:35 - [MESSAGE][INFO] - Checking timeout

2021-11-23 17:04:35 - [MESSAGE][INFO] - Finding web element with id: 'Object Repository/Olusturma/Genel/Kutular/SiparisBilgileri/SiparisNo' located by 'By.xpath: //*[@id = 'txtSiparisNo_I']' in '10' second(s)

2021-11-23 17:04:35 - [MESSAGE][INFO] - Smart Wait Function is triggered

2021-11-23 17:04:35 - [MESSAGE][INFO] - Found 1 web elements with id: 'Object Repository/Olusturma/Genel/Kutular/SiparisBilgileri/SiparisNo' located by 'By.xpath: //*[@id = 'txtSiparisNo_I']' in '10' second(s)

2021-11-23 17:04:35 - [MESSAGE][PASSED] - Object 'Object Repository/Olusturma/Genel/Kutular/SiparisBilgileri/SiparisNo' is present

2021-11-23 17:04:35 - [TEST_STEP][PASSED] - clearText(findTestObject("Object Repository/Olusturma/Genel/Kutular/SiparisBilgileri/SiparisNo")): Text of object 'Object Repository/Olusturma/Genel/Kutular/SiparisBilgileri/SiparisNo' is cleared

2021-11-23 17:04:35 - [MESSAGE][INFO] - Finding Test Object 'Object Repository/Olusturma/Genel/Kutular/SiparisBilgileri/SiparisNo'

2021-11-23 17:04:35 - [MESSAGE][INFO] - Checking object

2021-11-23 17:04:35 - [MESSAGE][INFO] - Finding web element from Test Object's properties

2021-11-23 17:04:35 - [MESSAGE][INFO] - Checking timeout

2021-11-23 17:04:35 - [MESSAGE][INFO] - Finding web element with id: 'Object Repository/Olusturma/Genel/Kutular/SiparisBilgileri/SiparisNo' located by 'By.xpath: //*[@id = 'txtSiparisNo_I']' in '30' second(s)

2021-11-23 17:04:35 - [MESSAGE][INFO] - Smart Wait Function is triggered

2021-11-23 17:04:35 - [MESSAGE][INFO] - Found 1 web elements with id: 'Object Repository/Olusturma/Genel/Kutular/SiparisBilgileri/SiparisNo' located by 'By.xpath: //*[@id = 'txtSiparisNo_I']' in '30' second(s)

2021-11-23 17:04:35 - [MESSAGE][INFO] - Clearing text of object 'Object Repository/Olusturma/Genel/Kutular/SiparisBilgileri/SiparisNo'

2021-11-23 17:04:35 - [MESSAGE][PASSED] - Text of object 'Object Repository/Olusturma/Genel/Kutular/SiparisBilgileri/SiparisNo' is cleared

2021-11-23 17:04:35 - [TEST_STEP][PASSED] - sendKeys(findTestObject("Object Repository/Olusturma/Genel/Kutular/SiparisBilgileri/SiparisNo"), SiparisNo): Keys 'UUC-SAT-1200001' sent to object: 'Object Repository/Olusturma/Genel/Kutular/SiparisBilgileri/SiparisNo'

2021-11-23 17:04:35 - [MESSAGE][INFO] - Finding Test Object 'Object Repository/Olusturma/Genel/Kutular/SiparisBilgileri/SiparisNo'

2021-11-23 17:04:36 - [MESSAGE][INFO] - Sending keys 'UUC-SAT-1200001' to object: 'Object Repository/Olusturma/Genel/Kutular/SiparisBilgileri/SiparisNo'

2021-11-23 17:04:36 - [MESSAGE][INFO] - Finding web element from Test Object's properties

2021-11-23 17:04:36 - [MESSAGE][INFO] - Checking timeout

2021-11-23 17:04:36 - [MESSAGE][INFO] - Finding web element with id: 'Object Repository/Olusturma/Genel/Kutular/SiparisBilgileri/SiparisNo' located by 'By.xpath: //*[@id = 'txtSiparisNo_I']' in '30' second(s)

2021-11-23 17:04:36 - [MESSAGE][INFO] - Smart Wait Function is triggered

2021-11-23 17:04:36 - [MESSAGE][INFO] - Found 1 web elements with id: 'Object Repository/Olusturma/Genel/Kutular/SiparisBilgileri/SiparisNo' located by 'By.xpath: //*[@id = 'txtSiparisNo_I']' in '30' second(s)

2021-11-23 17:04:36 - [MESSAGE][PASSED] - Keys 'UUC-SAT-1200001' sent to object: 'Object Repository/Olusturma/Genel/Kutular/SiparisBilgileri/SiparisNo'

2021-11-23 17:04:36 - [TEST_STEP][PASSED] - waitForElementClickable(findTestObject("Object Repository/Olusturma/Genel/Kutular/SiparisBilgileri/SiparisTarihiImage"), 10): Object 'Object Repository/Olusturma/Genel/Kutular/SiparisBilgileri/SiparisTarihiImage' is clickable

2021-11-23 17:04:36 - [MESSAGE][INFO] - Finding Test Object 'Object Repository/Olusturma/Genel/Kutular/SiparisBilgileri/SiparisTarihiImage'

2021-11-23 17:04:36 - [MESSAGE][INFO] - Checking object

2021-11-23 17:04:36 - [MESSAGE][INFO] - Checking timeout

2021-11-23 17:04:36 - [MESSAGE][INFO] - Finding web element from Test Object's properties

2021-11-23 17:04:36 - [MESSAGE][INFO] - Checking timeout

2021-11-23 17:04:36 - [MESSAGE][INFO] - Finding web element with id: 'Object Repository/Olusturma/Genel/Kutular/SiparisBilgileri/SiparisTarihiImage' located by 'By.cssSelector: #dateSiparisTarih img' in '10' second(s)

2021-11-23 17:04:36 - [MESSAGE][INFO] - Smart Wait Function is triggered

2021-11-23 17:04:37 - [MESSAGE][INFO] - Found 1 web elements with id: 'Object Repository/Olusturma/Genel/Kutular/SiparisBilgileri/SiparisTarihiImage' located by 'By.cssSelector: #dateSiparisTarih img' in '10' second(s)

2021-11-23 17:04:37 - [MESSAGE][PASSED] - Object 'Object Repository/Olusturma/Genel/Kutular/SiparisBilgileri/SiparisTarihiImage' is clickable

2021-11-23 17:04:37 - [TEST_STEP][PASSED] - click(findTestObject("Object Repository/Olusturma/Genel/Kutular/SiparisBilgileri/SiparisTarihiImage")): Object: 'Object Repository/Olusturma/Genel/Kutular/SiparisBilgileri/SiparisTarihiImage' is clicked on

2021-11-23 17:04:37 - [MESSAGE][INFO] - Finding Test Object 'Object Repository/Olusturma/Genel/Kutular/SiparisBilgileri/SiparisTarihiImage'

2021-11-23 17:04:37 - [MESSAGE][INFO] - Checking object

2021-11-23 17:04:37 - [MESSAGE][INFO] - Finding web element from Test Object's properties

2021-11-23 17:04:37 - [MESSAGE][INFO] - Checking timeout

2021-11-23 17:04:37 - [MESSAGE][INFO] - Finding web element with id: 'Object Repository/Olusturma/Genel/Kutular/SiparisBilgileri/SiparisTarihiImage' located by 'By.cssSelector: #dateSiparisTarih img' in '30' second(s)

2021-11-23 17:04:37 - [MESSAGE][INFO] - Smart Wait Function is triggered

2021-11-23 17:04:37 - [MESSAGE][INFO] - Found 1 web elements with id: 'Object Repository/Olusturma/Genel/Kutular/SiparisBilgileri/SiparisTarihiImage' located by 'By.cssSelector: #dateSiparisTarih img' in '30' second(s)

2021-11-23 17:04:37 - [MESSAGE][INFO] - Clicking on object: 'Object Repository/Olusturma/Genel/Kutular/SiparisBilgileri/SiparisTarihiImage'

2021-11-23 17:04:37 - [MESSAGE][PASSED] - Object: 'Object Repository/Olusturma/Genel/Kutular/SiparisBilgileri/SiparisTarihiImage' is clicked on

2021-11-23 17:04:37 - [TEST_STEP][PASSED] - waitForElementPresent(findTestObject("Object Repository/Olusturma/Genel/Kutular/SiparisBilgileri/SiparisTarihi"), 10): Object 'Object Repository/Olusturma/Genel/Kutular/SiparisBilgileri/SiparisTarihi' is present

2021-11-23 17:04:37 - [MESSAGE][INFO] - Finding Test Object 'Object Repository/Olusturma/Genel/Kutular/SiparisBilgileri/SiparisTarihi'

2021-11-23 17:04:37 - [MESSAGE][INFO] - Checking object

2021-11-23 17:04:37 - [MESSAGE][INFO] - Finding web element from Test Object's properties

2021-11-23 17:04:37 - [MESSAGE][INFO] - Checking timeout

2021-11-23 17:04:37 - [MESSAGE][INFO] - Finding web element with id: 'Object Repository/Olusturma/Genel/Kutular/SiparisBilgileri/SiparisTarihi' located by 'By.xpath: //*[@id = 'dateSiparisTarih_I']' in '10' second(s)

2021-11-23 17:04:37 - [MESSAGE][INFO] - Smart Wait Function is triggered

2021-11-23 17:04:38 - [MESSAGE][INFO] - Found 1 web elements with id: 'Object Repository/Olusturma/Genel/Kutular/SiparisBilgileri/SiparisTarihi' located by 'By.xpath: //*[@id = 'dateSiparisTarih_I']' in '10' second(s)

2021-11-23 17:04:38 - [MESSAGE][PASSED] - Object 'Object Repository/Olusturma/Genel/Kutular/SiparisBilgileri/SiparisTarihi' is present

2021-11-23 17:04:38 - [TEST_STEP][PASSED] - clearText(findTestObject("Object Repository/Olusturma/Genel/Kutular/SiparisBilgileri/SiparisTarihi")): Text of object 'Object Repository/Olusturma/Genel/Kutular/SiparisBilgileri/SiparisTarihi' is cleared

2021-11-23 17:04:38 - [MESSAGE][INFO] - Finding Test Object 'Object Repository/Olusturma/Genel/Kutular/SiparisBilgileri/SiparisTarihi'

2021-11-23 17:04:38 - [MESSAGE][INFO] - Checking object

2021-11-23 17:04:38 - [MESSAGE][INFO] - Finding web element from Test Object's properties

2021-11-23 17:04:38 - [MESSAGE][INFO] - Checking timeout

2021-11-23 17:04:38 - [MESSAGE][INFO] - Finding web element with id: 'Object Repository/Olusturma/Genel/Kutular/SiparisBilgileri/SiparisTarihi' located by 'By.xpath: //*[@id = 'dateSiparisTarih_I']' in '30' second(s)

2021-11-23 17:04:38 - [MESSAGE][INFO] - Smart Wait Function is triggered

2021-11-23 17:04:38 - [MESSAGE][INFO] - Found 1 web elements with id: 'Object Repository/Olusturma/Genel/Kutular/SiparisBilgileri/SiparisTarihi' located by 'By.xpath: //*[@id = 'dateSiparisTarih_I']' in '30' second(s)

2021-11-23 17:04:38 - [MESSAGE][INFO] - Clearing text of object 'Object Repository/Olusturma/Genel/Kutular/SiparisBilgileri/SiparisTarihi'

2021-11-23 17:04:38 - [MESSAGE][PASSED] - Text of object 'Object Repository/Olusturma/Genel/Kutular/SiparisBilgileri/SiparisTarihi' is cleared

2021-11-23 17:04:38 - [TEST_STEP][PASSED] - sendKeys(findTestObject("Object Repository/Olusturma/Genel/Kutular/SiparisBilgileri/SiparisTarihi"), Tarih): Keys '31.04.2020' sent to object: 'Object Repository/Olusturma/Genel/Kutular/SiparisBilgileri/SiparisTarihi'

2021-11-23 17:04:38 - [MESSAGE][INFO] - Finding Test Object 'Object Repository/Olusturma/Genel/Kutular/SiparisBilgileri/SiparisTarihi'

2021-11-23 17:04:38 - [MESSAGE][INFO] - Sending keys '31.04.2020' to object: 'Object Repository/Olusturma/Genel/Kutular/SiparisBilgileri/SiparisTarihi'

2021-11-23 17:04:38 - [MESSAGE][INFO] - Finding web element from Test Object's properties

2021-11-23 17:04:38 - [MESSAGE][INFO] - Checking timeout

2021-11-23 17:04:38 - [MESSAGE][INFO] - Finding web element with id: 'Object Repository/Olusturma/Genel/Kutular/SiparisBilgileri/SiparisTarihi' located by 'By.xpath: //*[@id = 'dateSiparisTarih_I']' in '30' second(s)

2021-11-23 17:04:38 - [MESSAGE][INFO] - Smart Wait Function is triggered

2021-11-23 17:04:39 - [MESSAGE][INFO] - Found 1 web elements with id: 'Object Repository/Olusturma/Genel/Kutular/SiparisBilgileri/SiparisTarihi' located by 'By.xpath: //*[@id = 'dateSiparisTarih_I']' in '30' second(s)

2021-11-23 17:04:39 - [MESSAGE][PASSED] - Keys '31.04.2020' sent to object: 'Object Repository/Olusturma/Genel/Kutular/SiparisBilgileri/SiparisTarihi'

2021-11-23 17:04:39 - [MESSAGE][PASSED] - Call Test Case 'Test Cases/Olusturma/Genel/Kutular/SiparisBilgileriGirilir' successfully

2021-11-23 17:04:39 - [MESSAGE][INFO] - Checking called Test Case

2021-11-23 17:04:39 - [MESSAGE][INFO] - Starting to call Test Case 'Test Cases/Olusturma/Genel/Kutular/IrsaliyeBilgileri'

2021-11-23 17:04:39 - [TEST_CASE][PASSED] - Test Cases/Olusturma/Genel/Kutular/IrsaliyeBilgileri: Test Cases/Olusturma/Genel/Kutular/IrsaliyeBilgileri

2021-11-23 17:04:39 - [TEST_STEP][PASSED] - Method.TextDegerineEsitElementeTikla(findTestObject("Olusturma/Genel/Kutular/KapaliKutular"), "İrsaliye Bilgileri"): Method.TextDegerineEsitElementeTikla is PASSED

2021-11-23 17:04:39 - [MESSAGE][INFO] - Finding Test Object 'Object Repository/Olusturma/Genel/Kutular/KapaliKutular'

2021-11-23 17:04:39 - [MESSAGE][INFO] - Checking timeout

2021-11-23 17:04:39 - [MESSAGE][INFO] - Finding web element with id: 'Object Repository/Olusturma/Genel/Kutular/KapaliKutular' located by 'By.cssSelector: .dxnb-headerCollapsed>span' in '10' second(s)

2021-11-23 17:04:39 - [MESSAGE][INFO] - Smart Wait Function is triggered

2021-11-23 17:04:39 - [MESSAGE][INFO] - Found 8 web elements with id: 'Object Repository/Olusturma/Genel/Kutular/KapaliKutular' located by 'By.cssSelector: .dxnb-headerCollapsed>span' in '10' second(s)

2021-11-23 17:04:39 - [MESSAGE][PASSED] - Method.TextDegerineEsitElementeTikla is PASSED

2021-11-23 17:04:39 - [TEST_STEP][PASSED] - waitForElementClickable(findTestObject("Olusturma/Genel/Kutular/IrsaliyeBilgileri/Ekle"), 10): Object 'Object Repository/Olusturma/Genel/Kutular/IrsaliyeBilgileri/Ekle' is clickable

2021-11-23 17:04:39 - [MESSAGE][INFO] - Finding Test Object 'Object Repository/Olusturma/Genel/Kutular/IrsaliyeBilgileri/Ekle'

2021-11-23 17:04:40 - [MESSAGE][INFO] - Checking object

2021-11-23 17:04:40 - [MESSAGE][INFO] - Checking timeout

2021-11-23 17:04:40 - [MESSAGE][INFO] - Finding web element from Test Object's properties

2021-11-23 17:04:40 - [MESSAGE][INFO] - Checking timeout

2021-11-23 17:04:40 - [MESSAGE][INFO] - Finding web element with id: 'Object Repository/Olusturma/Genel/Kutular/IrsaliyeBilgileri/Ekle' located by 'By.xpath: //*[@id = 'DXEditorgvUserInvoiceBillsNewRowBtn']' in '10' second(s)

2021-11-23 17:04:40 - [MESSAGE][INFO] - Smart Wait Function is triggered

2021-11-23 17:04:40 - [MESSAGE][INFO] - Found 1 web elements with id: 'Object Repository/Olusturma/Genel/Kutular/IrsaliyeBilgileri/Ekle' located by 'By.xpath: //*[@id = 'DXEditorgvUserInvoiceBillsNewRowBtn']' in '10' second(s)

2021-11-23 17:04:40 - [MESSAGE][PASSED] - Object 'Object Repository/Olusturma/Genel/Kutular/IrsaliyeBilgileri/Ekle' is clickable

2021-11-23 17:04:40 - [TEST_STEP][PASSED] - click(findTestObject("Olusturma/Genel/Kutular/IrsaliyeBilgileri/Ekle")): Object: 'Object Repository/Olusturma/Genel/Kutular/IrsaliyeBilgileri/Ekle' is clicked on

2021-11-23 17:04:40 - [MESSAGE][INFO] - Finding Test Object 'Object Repository/Olusturma/Genel/Kutular/IrsaliyeBilgileri/Ekle'

2021-11-23 17:04:40 - [MESSAGE][INFO] - Checking object

2021-11-23 17:04:40 - [MESSAGE][INFO] - Finding web element from Test Object's properties

2021-11-23 17:04:40 - [MESSAGE][INFO] - Checking timeout

2021-11-23 17:04:40 - [MESSAGE][INFO] - Finding web element with id: 'Object Repository/Olusturma/Genel/Kutular/IrsaliyeBilgileri/Ekle' located by 'By.xpath: //*[@id = 'DXEditorgvUserInvoiceBillsNewRowBtn']' in '30' second(s)

2021-11-23 17:04:40 - [MESSAGE][INFO] - Smart Wait Function is triggered

2021-11-23 17:04:40 - [MESSAGE][INFO] - Found 1 web elements with id: 'Object Repository/Olusturma/Genel/Kutular/IrsaliyeBilgileri/Ekle' located by 'By.xpath: //*[@id = 'DXEditorgvUserInvoiceBillsNewRowBtn']' in '30' second(s)

2021-11-23 17:04:40 - [MESSAGE][INFO] - Clicking on object: 'Object Repository/Olusturma/Genel/Kutular/IrsaliyeBilgileri/Ekle'

2021-11-23 17:04:40 - [MESSAGE][PASSED] - Object: 'Object Repository/Olusturma/Genel/Kutular/IrsaliyeBilgileri/Ekle' is clicked on

2021-11-23 17:04:40 - [TEST_STEP][PASSED] - waitForElementPresent(findTestObject("Object Repository/Olusturma/Genel/Kutular/IrsaliyeBilgileri/IrsaliyeNumarasi"), 10): Object 'Object Repository/Olusturma/Genel/Kutular/IrsaliyeBilgileri/IrsaliyeNumarasi' is present

2021-11-23 17:04:40 - [MESSAGE][INFO] - Finding Test Object 'Object Repository/Olusturma/Genel/Kutular/IrsaliyeBilgileri/IrsaliyeNumarasi'

2021-11-23 17:04:41 - [MESSAGE][INFO] - Checking object

2021-11-23 17:04:41 - [MESSAGE][INFO] - Finding web element from Test Object's properties

2021-11-23 17:04:41 - [MESSAGE][INFO] - Checking timeout

2021-11-23 17:04:41 - [MESSAGE][INFO] - Finding web element with id: 'Object Repository/Olusturma/Genel/Kutular/IrsaliyeBilgileri/IrsaliyeNumarasi' located by 'By.xpath: //*[@id = 'gvUserInvoiceBills_DXEditor1_I']' in '10' second(s)

2021-11-23 17:04:41 - [MESSAGE][INFO] - Smart Wait Function is triggered

2021-11-23 17:04:41 - [MESSAGE][INFO] - Smart Wait Function is triggered

2021-11-23 17:04:42 - [MESSAGE][INFO] - Found 1 web elements with id: 'Object Repository/Olusturma/Genel/Kutular/IrsaliyeBilgileri/IrsaliyeNumarasi' located by 'By.xpath: //*[@id = 'gvUserInvoiceBills_DXEditor1_I']' in '10' second(s)

2021-11-23 17:04:42 - [MESSAGE][PASSED] - Object 'Object Repository/Olusturma/Genel/Kutular/IrsaliyeBilgileri/IrsaliyeNumarasi' is present

2021-11-23 17:04:42 - [TEST_STEP][PASSED] - clearText(findTestObject("Object Repository/Olusturma/Genel/Kutular/IrsaliyeBilgileri/IrsaliyeNumarasi")): Text of object 'Object Repository/Olusturma/Genel/Kutular/IrsaliyeBilgileri/IrsaliyeNumarasi' is cleared

2021-11-23 17:04:42 - [MESSAGE][INFO] - Finding Test Object 'Object Repository/Olusturma/Genel/Kutular/IrsaliyeBilgileri/IrsaliyeNumarasi'

2021-11-23 17:04:42 - [MESSAGE][INFO] - Checking object

2021-11-23 17:04:42 - [MESSAGE][INFO] - Finding web element from Test Object's properties

2021-11-23 17:04:42 - [MESSAGE][INFO] - Checking timeout

2021-11-23 17:04:42 - [MESSAGE][INFO] - Finding web element with id: 'Object Repository/Olusturma/Genel/Kutular/IrsaliyeBilgileri/IrsaliyeNumarasi' located by 'By.xpath: //*[@id = 'gvUserInvoiceBills_DXEditor1_I']' in '30' second(s)

2021-11-23 17:04:42 - [MESSAGE][INFO] - Smart Wait Function is triggered

2021-11-23 17:04:42 - [MESSAGE][INFO] - Found 1 web elements with id: 'Object Repository/Olusturma/Genel/Kutular/IrsaliyeBilgileri/IrsaliyeNumarasi' located by 'By.xpath: //*[@id = 'gvUserInvoiceBills_DXEditor1_I']' in '30' second(s)

2021-11-23 17:04:42 - [MESSAGE][INFO] - Clearing text of object 'Object Repository/Olusturma/Genel/Kutular/IrsaliyeBilgileri/IrsaliyeNumarasi'

2021-11-23 17:04:42 - [MESSAGE][PASSED] - Text of object 'Object Repository/Olusturma/Genel/Kutular/IrsaliyeBilgileri/IrsaliyeNumarasi' is cleared

2021-11-23 17:04:42 - [TEST_STEP][PASSED] - sendKeys(findTestObject("Object Repository/Olusturma/Genel/Kutular/IrsaliyeBilgileri/IrsaliyeNumarasi"), Numara): Keys 'AAAAAAAAAA' sent to object: 'Object Repository/Olusturma/Genel/Kutular/IrsaliyeBilgileri/IrsaliyeNumarasi'

2021-11-23 17:04:42 - [MESSAGE][INFO] - Finding Test Object 'Object Repository/Olusturma/Genel/Kutular/IrsaliyeBilgileri/IrsaliyeNumarasi'

2021-11-23 17:04:42 - [MESSAGE][INFO] - Sending keys 'AAAAAAAAAA' to object: 'Object Repository/Olusturma/Genel/Kutular/IrsaliyeBilgileri/IrsaliyeNumarasi'

2021-11-23 17:04:42 - [MESSAGE][INFO] - Finding web element from Test Object's properties

2021-11-23 17:04:42 - [MESSAGE][INFO] - Checking timeout

2021-11-23 17:04:42 - [MESSAGE][INFO] - Finding web element with id: 'Object Repository/Olusturma/Genel/Kutular/IrsaliyeBilgileri/IrsaliyeNumarasi' located by 'By.xpath: //*[@id = 'gvUserInvoiceBills_DXEditor1_I']' in '30' second(s)

2021-11-23 17:04:42 - [MESSAGE][INFO] - Smart Wait Function is triggered

2021-11-23 17:04:43 - [MESSAGE][INFO] - Found 1 web elements with id: 'Object Repository/Olusturma/Genel/Kutular/IrsaliyeBilgileri/IrsaliyeNumarasi' located by 'By.xpath: //*[@id = 'gvUserInvoiceBills_DXEditor1_I']' in '30' second(s)

2021-11-23 17:04:43 - [MESSAGE][PASSED] - Keys 'AAAAAAAAAA' sent to object: 'Object Repository/Olusturma/Genel/Kutular/IrsaliyeBilgileri/IrsaliyeNumarasi'

2021-11-23 17:04:43 - [TEST_STEP][PASSED] - waitForElementClickable(findTestObject("Object Repository/Olusturma/Genel/Kutular/IrsaliyeBilgileri/IrsaliyeTarihi"), 10): Object 'Object Repository/Olusturma/Genel/Kutular/IrsaliyeBilgileri/IrsaliyeTarihi' is clickable

2021-11-23 17:04:43 - [MESSAGE][INFO] - Finding Test Object 'Object Repository/Olusturma/Genel/Kutular/IrsaliyeBilgileri/IrsaliyeTarihi'

2021-11-23 17:04:43 - [MESSAGE][INFO] - Checking object

2021-11-23 17:04:43 - [MESSAGE][INFO] - Checking timeout

2021-11-23 17:04:43 - [MESSAGE][INFO] - Finding web element from Test Object's properties

2021-11-23 17:04:43 - [MESSAGE][INFO] - Checking timeout

2021-11-23 17:04:43 - [MESSAGE][INFO] - Finding web element with id: 'Object Repository/Olusturma/Genel/Kutular/IrsaliyeBilgileri/IrsaliyeTarihi' located by 'By.xpath: //*[@id = 'gvUserInvoiceBills_DXEditor2_I']' in '10' second(s)

2021-11-23 17:04:43 - [MESSAGE][INFO] - Smart Wait Function is triggered

2021-11-23 17:04:43 - [MESSAGE][INFO] - Found 1 web elements with id: 'Object Repository/Olusturma/Genel/Kutular/IrsaliyeBilgileri/IrsaliyeTarihi' located by 'By.xpath: //*[@id = 'gvUserInvoiceBills_DXEditor2_I']' in '10' second(s)

2021-11-23 17:04:43 - [MESSAGE][PASSED] - Object 'Object Repository/Olusturma/Genel/Kutular/IrsaliyeBilgileri/IrsaliyeTarihi' is clickable

2021-11-23 17:04:43 - [TEST_STEP][PASSED] - click(findTestObject("Object Repository/Olusturma/Genel/Kutular/IrsaliyeBilgileri/IrsaliyeTarihi")): Object: 'Object Repository/Olusturma/Genel/Kutular/IrsaliyeBilgileri/IrsaliyeTarihi' is clicked on

2021-11-23 17:04:43 - [MESSAGE][INFO] - Finding Test Object 'Object Repository/Olusturma/Genel/Kutular/IrsaliyeBilgileri/IrsaliyeTarihi'

2021-11-23 17:04:43 - [MESSAGE][INFO] - Checking object

2021-11-23 17:04:43 - [MESSAGE][INFO] - Finding web element from Test Object's properties

2021-11-23 17:04:43 - [MESSAGE][INFO] - Checking timeout

2021-11-23 17:04:43 - [MESSAGE][INFO] - Finding web element with id: 'Object Repository/Olusturma/Genel/Kutular/IrsaliyeBilgileri/IrsaliyeTarihi' located by 'By.xpath: //*[@id = 'gvUserInvoiceBills_DXEditor2_I']' in '30' second(s)

2021-11-23 17:04:43 - [MESSAGE][INFO] - Smart Wait Function is triggered

2021-11-23 17:04:44 - [MESSAGE][INFO] - Found 1 web elements with id: 'Object Repository/Olusturma/Genel/Kutular/IrsaliyeBilgileri/IrsaliyeTarihi' located by 'By.xpath: //*[@id = 'gvUserInvoiceBills_DXEditor2_I']' in '30' second(s)

2021-11-23 17:04:44 - [MESSAGE][INFO] - Clicking on object: 'Object Repository/Olusturma/Genel/Kutular/IrsaliyeBilgileri/IrsaliyeTarihi'

2021-11-23 17:04:44 - [MESSAGE][PASSED] - Object: 'Object Repository/Olusturma/Genel/Kutular/IrsaliyeBilgileri/IrsaliyeTarihi' is clicked on

2021-11-23 17:04:44 - [TEST_STEP][PASSED] - sendKeys(findTestObject("Object Repository/Olusturma/Genel/Kutular/IrsaliyeBilgileri/IrsaliyeTarihi"), Tarih): Keys '31.04.2020' sent to object: 'Object Repository/Olusturma/Genel/Kutular/IrsaliyeBilgileri/IrsaliyeTarihi'

2021-11-23 17:04:44 - [MESSAGE][INFO] - Finding Test Object 'Object Repository/Olusturma/Genel/Kutular/IrsaliyeBilgileri/IrsaliyeTarihi'

2021-11-23 17:04:44 - [MESSAGE][INFO] - Sending keys '31.04.2020' to object: 'Object Repository/Olusturma/Genel/Kutular/IrsaliyeBilgileri/IrsaliyeTarihi'

2021-11-23 17:04:44 - [MESSAGE][INFO] - Finding web element from Test Object's properties

2021-11-23 17:04:44 - [MESSAGE][INFO] - Checking timeout

2021-11-23 17:04:44 - [MESSAGE][INFO] - Finding web element with id: 'Object Repository/Olusturma/Genel/Kutular/IrsaliyeBilgileri/IrsaliyeTarihi' located by 'By.xpath: //*[@id = 'gvUserInvoiceBills_DXEditor2_I']' in '30' second(s)

2021-11-23 17:04:44 - [MESSAGE][INFO] - Smart Wait Function is triggered

2021-11-23 17:04:44 - [MESSAGE][INFO] - Found 1 web elements with id: 'Object Repository/Olusturma/Genel/Kutular/IrsaliyeBilgileri/IrsaliyeTarihi' located by 'By.xpath: //*[@id = 'gvUserInvoiceBills_DXEditor2_I']' in '30' second(s)

2021-11-23 17:04:44 - [MESSAGE][PASSED] - Keys '31.04.2020' sent to object: 'Object Repository/Olusturma/Genel/Kutular/IrsaliyeBilgileri/IrsaliyeTarihi'

2021-11-23 17:04:44 - [MESSAGE][PASSED] - Call Test Case 'Test Cases/Olusturma/Genel/Kutular/IrsaliyeBilgileri' successfully

2021-11-23 17:04:44 - [MESSAGE][INFO] - Checking called Test Case

2021-11-23 17:04:44 - [MESSAGE][INFO] - Starting to call Test Case 'Test Cases/Olusturma/Genel/EkleButonunaBasilir'

2021-11-23 17:04:44 - [TEST_CASE][PASSED] - Test Cases/Olusturma/Genel/EkleButonunaBasilir: Test Cases/Olusturma/Genel/EkleButonunaBasilir

2021-11-23 17:04:44 - [TEST_STEP][PASSED] - waitForElementClickable(findTestObject("Object Repository/Olusturma/Genel/Olusturma/Ekle"), 10): Object 'Object Repository/Olusturma/Genel/Olusturma/Ekle' is clickable

2021-11-23 17:04:44 - [MESSAGE][INFO] - Finding Test Object 'Object Repository/Olusturma/Genel/Olusturma/Ekle'

2021-11-23 17:04:44 - [MESSAGE][INFO] - Checking object

2021-11-23 17:04:44 - [MESSAGE][INFO] - Checking timeout

2021-11-23 17:04:44 - [MESSAGE][INFO] - Finding web element from Test Object's properties

2021-11-23 17:04:44 - [MESSAGE][INFO] - Checking timeout

2021-11-23 17:04:44 - [MESSAGE][INFO] - Finding web element with id: 'Object Repository/Olusturma/Genel/Olusturma/Ekle' located by 'By.cssSelector: #divmalhizmet i.fa.fa-plus.fa-lg.text-muted' in '10' second(s)

2021-11-23 17:04:44 - [MESSAGE][INFO] - Smart Wait Function is triggered

2021-11-23 17:04:44 - [MESSAGE][INFO] - Found 1 web elements with id: 'Object Repository/Olusturma/Genel/Olusturma/Ekle' located by 'By.cssSelector: #divmalhizmet i.fa.fa-plus.fa-lg.text-muted' in '10' second(s)

2021-11-23 17:04:44 - [MESSAGE][PASSED] - Object 'Object Repository/Olusturma/Genel/Olusturma/Ekle' is clickable

2021-11-23 17:04:44 - [TEST_STEP][PASSED] - click(findTestObject("Object Repository/Olusturma/Genel/Olusturma/Ekle")): Object: 'Object Repository/Olusturma/Genel/Olusturma/Ekle' is clicked on

2021-11-23 17:04:44 - [MESSAGE][INFO] - Finding Test Object 'Object Repository/Olusturma/Genel/Olusturma/Ekle'

2021-11-23 17:04:45 - [MESSAGE][INFO] - Checking object

2021-11-23 17:04:45 - [MESSAGE][INFO] - Finding web element from Test Object's properties

2021-11-23 17:04:45 - [MESSAGE][INFO] - Checking timeout

2021-11-23 17:04:45 - [MESSAGE][INFO] - Finding web element with id: 'Object Repository/Olusturma/Genel/Olusturma/Ekle' located by 'By.cssSelector: #divmalhizmet i.fa.fa-plus.fa-lg.text-muted' in '30' second(s)

2021-11-23 17:04:45 - [MESSAGE][INFO] - Smart Wait Function is triggered

2021-11-23 17:04:45 - [MESSAGE][INFO] - Found 1 web elements with id: 'Object Repository/Olusturma/Genel/Olusturma/Ekle' located by 'By.cssSelector: #divmalhizmet i.fa.fa-plus.fa-lg.text-muted' in '30' second(s)

2021-11-23 17:04:45 - [MESSAGE][INFO] - Clicking on object: 'Object Repository/Olusturma/Genel/Olusturma/Ekle'

2021-11-23 17:04:45 - [MESSAGE][PASSED] - Object: 'Object Repository/Olusturma/Genel/Olusturma/Ekle' is clicked on

2021-11-23 17:04:45 - [TEST_STEP][PASSED] - waitForElementClickable(findTestObject("Olusturma/Genel/Olusturma/EklenenSatirCarpiImage"), 10): Object 'Object Repository/Olusturma/Genel/Olusturma/EklenenSatirCarpiImage' is clickable

2021-11-23 17:04:45 - [MESSAGE][INFO] - Finding Test Object 'Object Repository/Olusturma/Genel/Olusturma/EklenenSatirCarpiImage'

2021-11-23 17:04:45 - [MESSAGE][INFO] - Checking object

2021-11-23 17:04:45 - [MESSAGE][INFO] - Checking timeout

2021-11-23 17:04:45 - [MESSAGE][INFO] - Finding web element from Test Object's properties

2021-11-23 17:04:45 - [MESSAGE][INFO] - Checking timeout

2021-11-23 17:04:45 - [MESSAGE][INFO] - Finding web element with id: 'Object Repository/Olusturma/Genel/Olusturma/EklenenSatirCarpiImage' located by 'By.cssSelector: .fa.fa-times.fa-lg.text-primary' in '10' second(s)

2021-11-23 17:04:45 - [MESSAGE][INFO] - Smart Wait Function is triggered

2021-11-23 17:04:45 - [MESSAGE][INFO] - Found 1 web elements with id: 'Object Repository/Olusturma/Genel/Olusturma/EklenenSatirCarpiImage' located by 'By.cssSelector: .fa.fa-times.fa-lg.text-primary' in '10' second(s)

2021-11-23 17:04:45 - [MESSAGE][PASSED] - Object 'Object Repository/Olusturma/Genel/Olusturma/EklenenSatirCarpiImage' is clickable

2021-11-23 17:04:45 - [MESSAGE][PASSED] - Call Test Case 'Test Cases/Olusturma/Genel/EkleButonunaBasilir' successfully

2021-11-23 17:04:45 - [MESSAGE][INFO] - Checking called Test Case

2021-11-23 17:04:45 - [MESSAGE][INFO] - Starting to call Test Case 'Test Cases/Olusturma/Genel/Olusturma'

2021-11-23 17:04:45 - [TEST_CASE][PASSED] - Test Cases/Olusturma/Genel/Olusturma: Test Cases/Olusturma/Genel/Olusturma

2021-11-23 17:04:45 - [TEST_STEP][PASSED] - driver = getWebDriver(): null

2021-11-23 17:04:45 - [TEST_STEP][PASSED] - action = new org.openqa.selenium.interactions.Actions(driver): null

2021-11-23 17:04:45 - [TEST_STEP][PASSED] - baslikElement = <not implemented yet for class: org.codehaus.groovy.ast.expr.EmptyExpression>: null

2021-11-23 17:04:45 - [TEST_STEP][PASSED] - sonElement = <not implemented yet for class: org.codehaus.groovy.ast.expr.EmptyExpression>: null

2021-11-23 17:04:45 - [TEST_STEP][PASSED] - attr = <not implemented yet for class: org.codehaus.groovy.ast.expr.EmptyExpression>: null

2021-11-23 17:04:45 - [TEST_STEP][PASSED] - a = 0: null

2021-11-23 17:04:45 - [TEST_STEP][PASSED] - elements = findWebElements(findTestObject("Object Repository/Olusturma/Genel/Olusturma/TabloBasliklari"), 10): Found 13 web elements with id: 'Object Repository/Olusturma/Genel/Olusturma/TabloBasliklari' located by 'By.cssSelector: div#divmalhizmet .dxgvTable_LECustomTheme td.dxgvHeader_LECustomTheme tr>td:nth-child(1)' in '10' second(s)

2021-11-23 17:04:45 - [MESSAGE][INFO] - Finding Test Object 'Object Repository/Olusturma/Genel/Olusturma/TabloBasliklari'

2021-11-23 17:04:45 - [MESSAGE][INFO] - Checking timeout

2021-11-23 17:04:45 - [MESSAGE][INFO] - Finding web element with id: 'Object Repository/Olusturma/Genel/Olusturma/TabloBasliklari' located by 'By.cssSelector: div#divmalhizmet .dxgvTable_LECustomTheme td.dxgvHeader_LECustomTheme tr>td:nth-child(1)' in '10' second(s)

2021-11-23 17:04:45 - [MESSAGE][INFO] - Smart Wait Function is triggered

2021-11-23 17:04:47 - [MESSAGE][INFO] - Found 13 web elements with id: 'Object Repository/Olusturma/Genel/Olusturma/TabloBasliklari' located by 'By.cssSelector: div#divmalhizmet .dxgvTable_LECustomTheme td.dxgvHeader_LECustomTheme tr>td:nth-child(1)' in '10' second(s)

2021-11-23 17:04:47 - [TEST_STEP][PASSED] - for (def element : elements): null

2021-11-23 17:04:47 - [TEST_STEP][PASSED] - build().perform(): null

2021-11-23 17:04:47 - [TEST_STEP][PASSED] - if (getText().equals(Baslik)): null

2021-11-23 17:04:47 - [TEST_STEP][PASSED] - baslikElement = element.findElement(By.xpath("../../../..")): Smart Wait Function is triggered

2021-11-23 17:04:47 - [MESSAGE][INFO] - Smart Wait Function is triggered

2021-11-23 17:04:47 - [TEST_STEP][PASSED] - attr = baslikElement.getAttribute("id"): null

2021-11-23 17:04:47 - [TEST_STEP][PASSED] - println("girdi ve idsini aldı = " + attr): null

2021-11-23 17:04:47 - [TEST_STEP][PASSED] - break: null

2021-11-23 17:04:47 - [TEST_STEP][PASSED] - countElement = baslikElement.findElements(By.xpath("../td")): Smart Wait Function is triggered

2021-11-23 17:04:47 - [MESSAGE][INFO] - Smart Wait Function is triggered

2021-11-23 17:04:47 - [TEST_STEP][PASSED] - for (def element : countElement): null

2021-11-23 17:04:47 - [TEST_STEP][PASSED] - if (toString().equals(attr.toString())): null

2021-11-23 17:04:47 - [TEST_STEP][PASSED] - (a++): null

2021-11-23 17:04:47 - [TEST_STEP][PASSED] - if (toString().equals(attr.toString())): null

2021-11-23 17:04:47 - [TEST_STEP][PASSED] - break: null

2021-11-23 17:04:47 - [TEST_STEP][PASSED] - son = findWebElement(findTestObject("Object Repository/Olusturma/Genel/Olusturma/EklenenSatir")).findElement(By.xpath("td[@class='dxgvInlineEditCell_LECustomTheme dxgv'][" + a + "]//td[@class='dxic']/input")): Smart Wait Function is triggered

2021-11-23 17:04:47 - [MESSAGE][INFO] - Finding Test Object 'Object Repository/Olusturma/Genel/Olusturma/EklenenSatir'

2021-11-23 17:04:47 - [MESSAGE][INFO] - Finding web element from Test Object's properties

2021-11-23 17:04:47 - [MESSAGE][INFO] - Checking timeout

2021-11-23 17:04:47 - [MESSAGE][INFO] - Finding web element with id: 'Object Repository/Olusturma/Genel/Olusturma/EklenenSatir' located by 'By.cssSelector: #divmalhizmet .dxgvInlineEditRow_LECustomTheme' in '30' second(s)

2021-11-23 17:04:47 - [MESSAGE][INFO] - Smart Wait Function is triggered

2021-11-23 17:04:48 - [MESSAGE][INFO] - Found 1 web elements with id: 'Object Repository/Olusturma/Genel/Olusturma/EklenenSatir' located by 'By.cssSelector: #divmalhizmet .dxgvInlineEditRow_LECustomTheme' in '30' second(s)

2021-11-23 17:04:48 - [MESSAGE][INFO] - Smart Wait Function is triggered

2021-11-23 17:04:48 - [TEST_STEP][PASSED] - if (!(getAttribute("value").contains("Vkn"))): null

2021-11-23 17:04:48 - [TEST_STEP][PASSED] - son.clear(): null

2021-11-23 17:04:48 - [TEST_STEP][PASSED] - son.sendKeys(Deger): null

2021-11-23 17:04:48 - [MESSAGE][PASSED] - Call Test Case 'Test Cases/Olusturma/Genel/Olusturma' successfully

2021-11-23 17:04:48 - [MESSAGE][INFO] - Checking called Test Case

2021-11-23 17:04:48 - [MESSAGE][INFO] - Starting to call Test Case 'Test Cases/Olusturma/Genel/Olusturma'

2021-11-23 17:04:48 - [TEST_CASE][PASSED] - Test Cases/Olusturma/Genel/Olusturma: Test Cases/Olusturma/Genel/Olusturma

2021-11-23 17:04:48 - [TEST_STEP][PASSED] - driver = getWebDriver(): null

2021-11-23 17:04:48 - [TEST_STEP][PASSED] - action = new org.openqa.selenium.interactions.Actions(driver): null

2021-11-23 17:04:48 - [TEST_STEP][PASSED] - baslikElement = <not implemented yet for class: org.codehaus.groovy.ast.expr.EmptyExpression>: null

2021-11-23 17:04:48 - [TEST_STEP][PASSED] - sonElement = <not implemented yet for class: org.codehaus.groovy.ast.expr.EmptyExpression>: null

2021-11-23 17:04:48 - [TEST_STEP][PASSED] - attr = <not implemented yet for class: org.codehaus.groovy.ast.expr.EmptyExpression>: null

2021-11-23 17:04:48 - [TEST_STEP][PASSED] - a = 0: null

2021-11-23 17:04:48 - [TEST_STEP][PASSED] - elements = findWebElements(findTestObject("Object Repository/Olusturma/Genel/Olusturma/TabloBasliklari"), 10): Found 13 web elements with id: 'Object Repository/Olusturma/Genel/Olusturma/TabloBasliklari' located by 'By.cssSelector: div#divmalhizmet .dxgvTable_LECustomTheme td.dxgvHeader_LECustomTheme tr>td:nth-child(1)' in '10' second(s)

2021-11-23 17:04:48 - [MESSAGE][INFO] - Finding Test Object 'Object Repository/Olusturma/Genel/Olusturma/TabloBasliklari'

2021-11-23 17:04:48 - [MESSAGE][INFO] - Checking timeout

2021-11-23 17:04:48 - [MESSAGE][INFO] - Finding web element with id: 'Object Repository/Olusturma/Genel/Olusturma/TabloBasliklari' located by 'By.cssSelector: div#divmalhizmet .dxgvTable_LECustomTheme td.dxgvHeader_LECustomTheme tr>td:nth-child(1)' in '10' second(s)

2021-11-23 17:04:48 - [MESSAGE][INFO] - Smart Wait Function is triggered

2021-11-23 17:04:49 - [MESSAGE][INFO] - Found 13 web elements with id: 'Object Repository/Olusturma/Genel/Olusturma/TabloBasliklari' located by 'By.cssSelector: div#divmalhizmet .dxgvTable_LECustomTheme td.dxgvHeader_LECustomTheme tr>td:nth-child(1)' in '10' second(s)

2021-11-23 17:04:49 - [TEST_STEP][PASSED] - for (def element : elements): null

2021-11-23 17:04:49 - [TEST_STEP][PASSED] - build().perform(): null

2021-11-23 17:04:49 - [TEST_STEP][PASSED] - if (getText().equals(Baslik)): null

2021-11-23 17:04:49 - [TEST_STEP][PASSED] - build().perform(): null

2021-11-23 17:04:49 - [TEST_STEP][PASSED] - if (getText().equals(Baslik)): null

2021-11-23 17:04:49 - [TEST_STEP][PASSED] - baslikElement = element.findElement(By.xpath("../../../..")): Smart Wait Function is triggered

2021-11-23 17:04:49 - [MESSAGE][INFO] - Smart Wait Function is triggered

2021-11-23 17:04:49 - [TEST_STEP][PASSED] - attr = baslikElement.getAttribute("id"): null

2021-11-23 17:04:49 - [TEST_STEP][PASSED] - println("girdi ve idsini aldı = " + attr): null

2021-11-23 17:04:49 - [TEST_STEP][PASSED] - break: null

2021-11-23 17:04:49 - [TEST_STEP][PASSED] - countElement = baslikElement.findElements(By.xpath("../td")): Smart Wait Function is triggered

2021-11-23 17:04:49 - [MESSAGE][INFO] - Smart Wait Function is triggered

2021-11-23 17:04:49 - [TEST_STEP][PASSED] - for (def element : countElement): null

2021-11-23 17:04:49 - [TEST_STEP][PASSED] - if (toString().equals(attr.toString())): null

2021-11-23 17:04:49 - [TEST_STEP][PASSED] - (a++): null

2021-11-23 17:04:49 - [TEST_STEP][PASSED] - if (toString().equals(attr.toString())): null

2021-11-23 17:04:49 - [TEST_STEP][PASSED] - (a++): null

2021-11-23 17:04:49 - [TEST_STEP][PASSED] - if (toString().equals(attr.toString())): null

2021-11-23 17:04:49 - [TEST_STEP][PASSED] - break: null

2021-11-23 17:04:49 - [TEST_STEP][PASSED] - son = findWebElement(findTestObject("Object Repository/Olusturma/Genel/Olusturma/EklenenSatir")).findElement(By.xpath("td[@class='dxgvInlineEditCell_LECustomTheme dxgv'][" + a + "]//td[@class='dxic']/input")): Smart Wait Function is triggered

2021-11-23 17:04:49 - [MESSAGE][INFO] - Finding Test Object 'Object Repository/Olusturma/Genel/Olusturma/EklenenSatir'

2021-11-23 17:04:50 - [MESSAGE][INFO] - Finding web element from Test Object's properties

2021-11-23 17:04:50 - [MESSAGE][INFO] - Checking timeout

2021-11-23 17:04:50 - [MESSAGE][INFO] - Finding web element with id: 'Object Repository/Olusturma/Genel/Olusturma/EklenenSatir' located by 'By.cssSelector: #divmalhizmet .dxgvInlineEditRow_LECustomTheme' in '30' second(s)

2021-11-23 17:04:50 - [MESSAGE][INFO] - Smart Wait Function is triggered

2021-11-23 17:04:50 - [MESSAGE][INFO] - Found 1 web elements with id: 'Object Repository/Olusturma/Genel/Olusturma/EklenenSatir' located by 'By.cssSelector: #divmalhizmet .dxgvInlineEditRow_LECustomTheme' in '30' second(s)

2021-11-23 17:04:50 - [MESSAGE][INFO] - Smart Wait Function is triggered

2021-11-23 17:04:50 - [TEST_STEP][PASSED] - if (!(getAttribute("value").contains("Vkn"))): null

2021-11-23 17:04:50 - [TEST_STEP][PASSED] - son.clear(): null

2021-11-23 17:04:50 - [TEST_STEP][PASSED] - son.sendKeys(Deger): null

2021-11-23 17:04:50 - [MESSAGE][PASSED] - Call Test Case 'Test Cases/Olusturma/Genel/Olusturma' successfully

2021-11-23 17:04:50 - [MESSAGE][INFO] - Checking called Test Case

2021-11-23 17:04:50 - [MESSAGE][INFO] - Starting to call Test Case 'Test Cases/Olusturma/Genel/Olusturma'

2021-11-23 17:04:50 - [TEST_CASE][PASSED] - Test Cases/Olusturma/Genel/Olusturma: Test Cases/Olusturma/Genel/Olusturma

2021-11-23 17:04:50 - [TEST_STEP][PASSED] - driver = getWebDriver(): null

2021-11-23 17:04:50 - [TEST_STEP][PASSED] - action = new org.openqa.selenium.interactions.Actions(driver): null

2021-11-23 17:04:50 - [TEST_STEP][PASSED] - baslikElement = <not implemented yet for class: org.codehaus.groovy.ast.expr.EmptyExpression>: null

2021-11-23 17:04:50 - [TEST_STEP][PASSED] - sonElement = <not implemented yet for class: org.codehaus.groovy.ast.expr.EmptyExpression>: null

2021-11-23 17:04:50 - [TEST_STEP][PASSED] - attr = <not implemented yet for class: org.codehaus.groovy.ast.expr.EmptyExpression>: null

2021-11-23 17:04:50 - [TEST_STEP][PASSED] - a = 0: null

2021-11-23 17:04:50 - [TEST_STEP][PASSED] - elements = findWebElements(findTestObject("Object Repository/Olusturma/Genel/Olusturma/TabloBasliklari"), 10): Found 13 web elements with id: 'Object Repository/Olusturma/Genel/Olusturma/TabloBasliklari' located by 'By.cssSelector: div#divmalhizmet .dxgvTable_LECustomTheme td.dxgvHeader_LECustomTheme tr>td:nth-child(1)' in '10' second(s)

2021-11-23 17:04:50 - [MESSAGE][INFO] - Finding Test Object 'Object Repository/Olusturma/Genel/Olusturma/TabloBasliklari'

2021-11-23 17:04:50 - [MESSAGE][INFO] - Checking timeout

2021-11-23 17:04:50 - [MESSAGE][INFO] - Finding web element with id: 'Object Repository/Olusturma/Genel/Olusturma/TabloBasliklari' located by 'By.cssSelector: div#divmalhizmet .dxgvTable_LECustomTheme td.dxgvHeader_LECustomTheme tr>td:nth-child(1)' in '10' second(s)

2021-11-23 17:04:50 - [MESSAGE][INFO] - Smart Wait Function is triggered

2021-11-23 17:04:51 - [MESSAGE][INFO] - Found 13 web elements with id: 'Object Repository/Olusturma/Genel/Olusturma/TabloBasliklari' located by 'By.cssSelector: div#divmalhizmet .dxgvTable_LECustomTheme td.dxgvHeader_LECustomTheme tr>td:nth-child(1)' in '10' second(s)

2021-11-23 17:04:51 - [TEST_STEP][PASSED] - for (def element : elements): null

2021-11-23 17:04:51 - [TEST_STEP][PASSED] - build().perform(): null

2021-11-23 17:04:51 - [TEST_STEP][PASSED] - if (getText().equals(Baslik)): null

2021-11-23 17:04:51 - [TEST_STEP][PASSED] - build().perform(): null

2021-11-23 17:04:51 - [TEST_STEP][PASSED] - if (getText().equals(Baslik)): null

2021-11-23 17:04:51 - [TEST_STEP][PASSED] - build().perform(): null

2021-11-23 17:04:51 - [TEST_STEP][PASSED] - if (getText().equals(Baslik)): null

2021-11-23 17:04:51 - [TEST_STEP][PASSED] - build().perform(): null

2021-11-23 17:04:51 - [TEST_STEP][PASSED] - if (getText().equals(Baslik)): null

2021-11-23 17:04:51 - [TEST_STEP][PASSED] - baslikElement = element.findElement(By.xpath("../../../..")): Smart Wait Function is triggered

2021-11-23 17:04:51 - [MESSAGE][INFO] - Smart Wait Function is triggered

2021-11-23 17:04:52 - [TEST_STEP][PASSED] - attr = baslikElement.getAttribute("id"): null

2021-11-23 17:04:52 - [TEST_STEP][PASSED] - println("girdi ve idsini aldı = " + attr): null

2021-11-23 17:04:52 - [TEST_STEP][PASSED] - break: null

2021-11-23 17:04:52 - [TEST_STEP][PASSED] - countElement = baslikElement.findElements(By.xpath("../td")): Smart Wait Function is triggered

2021-11-23 17:04:52 - [MESSAGE][INFO] - Smart Wait Function is triggered

2021-11-23 17:04:52 - [TEST_STEP][PASSED] - for (def element : countElement): null

2021-11-23 17:04:52 - [TEST_STEP][PASSED] - if (toString().equals(attr.toString())): null

2021-11-23 17:04:52 - [TEST_STEP][PASSED] - (a++): null

2021-11-23 17:04:52 - [TEST_STEP][PASSED] - if (toString().equals(attr.toString())): null

2021-11-23 17:04:52 - [TEST_STEP][PASSED] - (a++): null

2021-11-23 17:04:52 - [TEST_STEP][PASSED] - if (toString().equals(attr.toString())): null

2021-11-23 17:04:52 - [TEST_STEP][PASSED] - (a++): null

2021-11-23 17:04:52 - [TEST_STEP][PASSED] - if (toString().equals(attr.toString())): null

2021-11-23 17:04:52 - [TEST_STEP][PASSED] - (a++): null

2021-11-23 17:04:52 - [TEST_STEP][PASSED] - if (toString().equals(attr.toString())): null

2021-11-23 17:04:52 - [TEST_STEP][PASSED] - break: null

2021-11-23 17:04:52 - [TEST_STEP][PASSED] - son = findWebElement(findTestObject("Object Repository/Olusturma/Genel/Olusturma/EklenenSatir")).findElement(By.xpath("td[@class='dxgvInlineEditCell_LECustomTheme dxgv'][" + a + "]//td[@class='dxic']/input")): Smart Wait Function is triggered

2021-11-23 17:04:52 - [MESSAGE][INFO] - Finding Test Object 'Object Repository/Olusturma/Genel/Olusturma/EklenenSatir'

2021-11-23 17:04:52 - [MESSAGE][INFO] - Finding web element from Test Object's properties

2021-11-23 17:04:52 - [MESSAGE][INFO] - Checking timeout

2021-11-23 17:04:52 - [MESSAGE][INFO] - Finding web element with id: 'Object Repository/Olusturma/Genel/Olusturma/EklenenSatir' located by 'By.cssSelector: #divmalhizmet .dxgvInlineEditRow_LECustomTheme' in '30' second(s)

2021-11-23 17:04:52 - [MESSAGE][INFO] - Smart Wait Function is triggered

2021-11-23 17:04:52 - [MESSAGE][INFO] - Found 1 web elements with id: 'Object Repository/Olusturma/Genel/Olusturma/EklenenSatir' located by 'By.cssSelector: #divmalhizmet .dxgvInlineEditRow_LECustomTheme' in '30' second(s)

2021-11-23 17:04:52 - [MESSAGE][INFO] - Smart Wait Function is triggered

2021-11-23 17:04:53 - [TEST_STEP][PASSED] - if (!(getAttribute("value").contains("Vkn"))): null

2021-11-23 17:04:53 - [TEST_STEP][PASSED] - son.clear(): null

2021-11-23 17:04:53 - [TEST_STEP][PASSED] - son.sendKeys(Deger): null

2021-11-23 17:04:53 - [MESSAGE][PASSED] - Call Test Case 'Test Cases/Olusturma/Genel/Olusturma' successfully

2021-11-23 17:04:53 - [MESSAGE][INFO] - Checking called Test Case

2021-11-23 17:04:53 - [MESSAGE][INFO] - Starting to call Test Case 'Test Cases/Olusturma/Genel/Olusturma'

2021-11-23 17:04:53 - [TEST_CASE][PASSED] - Test Cases/Olusturma/Genel/Olusturma: Test Cases/Olusturma/Genel/Olusturma

2021-11-23 17:04:53 - [TEST_STEP][PASSED] - driver = getWebDriver(): null

2021-11-23 17:04:53 - [TEST_STEP][PASSED] - action = new org.openqa.selenium.interactions.Actions(driver): null

2021-11-23 17:04:53 - [TEST_STEP][PASSED] - baslikElement = <not implemented yet for class: org.codehaus.groovy.ast.expr.EmptyExpression>: null

2021-11-23 17:04:53 - [TEST_STEP][PASSED] - sonElement = <not implemented yet for class: org.codehaus.groovy.ast.expr.EmptyExpression>: null

2021-11-23 17:04:53 - [TEST_STEP][PASSED] - attr = <not implemented yet for class: org.codehaus.groovy.ast.expr.EmptyExpression>: null

2021-11-23 17:04:53 - [TEST_STEP][PASSED] - a = 0: null

2021-11-23 17:04:53 - [TEST_STEP][PASSED] - elements = findWebElements(findTestObject("Object Repository/Olusturma/Genel/Olusturma/TabloBasliklari"), 10): Found 13 web elements with id: 'Object Repository/Olusturma/Genel/Olusturma/TabloBasliklari' located by 'By.cssSelector: div#divmalhizmet .dxgvTable_LECustomTheme td.dxgvHeader_LECustomTheme tr>td:nth-child(1)' in '10' second(s)

2021-11-23 17:04:53 - [MESSAGE][INFO] - Finding Test Object 'Object Repository/Olusturma/Genel/Olusturma/TabloBasliklari'

2021-11-23 17:04:53 - [MESSAGE][INFO] - Checking timeout

2021-11-23 17:04:53 - [MESSAGE][INFO] - Finding web element with id: 'Object Repository/Olusturma/Genel/Olusturma/TabloBasliklari' located by 'By.cssSelector: div#divmalhizmet .dxgvTable_LECustomTheme td.dxgvHeader_LECustomTheme tr>td:nth-child(1)' in '10' second(s)

2021-11-23 17:04:53 - [MESSAGE][INFO] - Smart Wait Function is triggered

2021-11-23 17:04:53 - [MESSAGE][INFO] - Found 13 web elements with id: 'Object Repository/Olusturma/Genel/Olusturma/TabloBasliklari' located by 'By.cssSelector: div#divmalhizmet .dxgvTable_LECustomTheme td.dxgvHeader_LECustomTheme tr>td:nth-child(1)' in '10' second(s)

2021-11-23 17:04:53 - [TEST_STEP][PASSED] - for (def element : elements): null

2021-11-23 17:04:53 - [TEST_STEP][PASSED] - build().perform(): null

2021-11-23 17:04:54 - [TEST_STEP][PASSED] - if (getText().equals(Baslik)): null

2021-11-23 17:04:54 - [TEST_STEP][PASSED] - build().perform(): null

2021-11-23 17:04:54 - [TEST_STEP][PASSED] - if (getText().equals(Baslik)): null

2021-11-23 17:04:54 - [TEST_STEP][PASSED] - build().perform(): null

2021-11-23 17:04:54 - [TEST_STEP][PASSED] - if (getText().equals(Baslik)): null

2021-11-23 17:04:54 - [TEST_STEP][PASSED] - build().perform(): null

2021-11-23 17:04:54 - [TEST_STEP][PASSED] - if (getText().equals(Baslik)): null

2021-11-23 17:04:54 - [TEST_STEP][PASSED] - build().perform(): null

2021-11-23 17:04:54 - [TEST_STEP][PASSED] - if (getText().equals(Baslik)): null

2021-11-23 17:04:54 - [TEST_STEP][PASSED] - build().perform(): null

2021-11-23 17:04:54 - [TEST_STEP][PASSED] - if (getText().equals(Baslik)): null

2021-11-23 17:04:54 - [TEST_STEP][PASSED] - baslikElement = element.findElement(By.xpath("../../../..")): Smart Wait Function is triggered

2021-11-23 17:04:54 - [MESSAGE][INFO] - Smart Wait Function is triggered

2021-11-23 17:04:55 - [TEST_STEP][PASSED] - attr = baslikElement.getAttribute("id"): null

2021-11-23 17:04:55 - [TEST_STEP][PASSED] - println("girdi ve idsini aldı = " + attr): null

2021-11-23 17:04:55 - [TEST_STEP][PASSED] - break: null

2021-11-23 17:04:55 - [TEST_STEP][PASSED] - countElement = baslikElement.findElements(By.xpath("../td")): Smart Wait Function is triggered

2021-11-23 17:04:55 - [MESSAGE][INFO] - Smart Wait Function is triggered

2021-11-23 17:04:55 - [TEST_STEP][PASSED] - for (def element : countElement): null

2021-11-23 17:04:55 - [TEST_STEP][PASSED] - if (toString().equals(attr.toString())): null

2021-11-23 17:04:55 - [TEST_STEP][PASSED] - (a++): null

2021-11-23 17:04:55 - [TEST_STEP][PASSED] - if (toString().equals(attr.toString())): null

2021-11-23 17:04:55 - [TEST_STEP][PASSED] - (a++): null

2021-11-23 17:04:55 - [TEST_STEP][PASSED] - if (toString().equals(attr.toString())): null

2021-11-23 17:04:55 - [TEST_STEP][PASSED] - (a++): null

2021-11-23 17:04:55 - [TEST_STEP][PASSED] - if (toString().equals(attr.toString())): null

2021-11-23 17:04:55 - [TEST_STEP][PASSED] - (a++): null

2021-11-23 17:04:55 - [TEST_STEP][PASSED] - if (toString().equals(attr.toString())): null

2021-11-23 17:04:55 - [TEST_STEP][PASSED] - (a++): null

2021-11-23 17:04:55 - [TEST_STEP][PASSED] - if (toString().equals(attr.toString())): null

2021-11-23 17:04:55 - [TEST_STEP][PASSED] - (a++): null

2021-11-23 17:04:55 - [TEST_STEP][PASSED] - if (toString().equals(attr.toString())): null

2021-11-23 17:04:55 - [TEST_STEP][PASSED] - break: null

2021-11-23 17:04:55 - [TEST_STEP][PASSED] - son = findWebElement(findTestObject("Object Repository/Olusturma/Genel/Olusturma/EklenenSatir")).findElement(By.xpath("td[@class='dxgvInlineEditCell_LECustomTheme dxgv'][" + a + "]//td[@class='dxic']/input")): Smart Wait Function is triggered

2021-11-23 17:04:55 - [MESSAGE][INFO] - Finding Test Object 'Object Repository/Olusturma/Genel/Olusturma/EklenenSatir'

2021-11-23 17:04:55 - [MESSAGE][INFO] - Finding web element from Test Object's properties

2021-11-23 17:04:55 - [MESSAGE][INFO] - Checking timeout

2021-11-23 17:04:55 - [MESSAGE][INFO] - Finding web element with id: 'Object Repository/Olusturma/Genel/Olusturma/EklenenSatir' located by 'By.cssSelector: #divmalhizmet .dxgvInlineEditRow_LECustomTheme' in '30' second(s)

2021-11-23 17:04:55 - [MESSAGE][INFO] - Smart Wait Function is triggered

2021-11-23 17:04:55 - [MESSAGE][INFO] - Found 1 web elements with id: 'Object Repository/Olusturma/Genel/Olusturma/EklenenSatir' located by 'By.cssSelector: #divmalhizmet .dxgvInlineEditRow_LECustomTheme' in '30' second(s)

2021-11-23 17:04:55 - [MESSAGE][INFO] - Smart Wait Function is triggered

2021-11-23 17:04:56 - [TEST_STEP][PASSED] - if (!(getAttribute("value").contains("Vkn"))): null

2021-11-23 17:04:56 - [TEST_STEP][PASSED] - son.clear(): null

2021-11-23 17:04:56 - [TEST_STEP][PASSED] - son.sendKeys(Deger): null

2021-11-23 17:04:56 - [MESSAGE][PASSED] - Call Test Case 'Test Cases/Olusturma/Genel/Olusturma' successfully

2021-11-23 17:04:56 - [MESSAGE][INFO] - Checking called Test Case

2021-11-23 17:04:56 - [MESSAGE][INFO] - Starting to call Test Case 'Test Cases/Olusturma/Genel/Olusturma'

2021-11-23 17:04:56 - [TEST_CASE][PASSED] - Test Cases/Olusturma/Genel/Olusturma: Test Cases/Olusturma/Genel/Olusturma

2021-11-23 17:04:56 - [TEST_STEP][PASSED] - driver = getWebDriver(): null

2021-11-23 17:04:56 - [TEST_STEP][PASSED] - action = new org.openqa.selenium.interactions.Actions(driver): null

2021-11-23 17:04:56 - [TEST_STEP][PASSED] - baslikElement = <not implemented yet for class: org.codehaus.groovy.ast.expr.EmptyExpression>: null

2021-11-23 17:04:56 - [TEST_STEP][PASSED] - sonElement = <not implemented yet for class: org.codehaus.groovy.ast.expr.EmptyExpression>: null

2021-11-23 17:04:56 - [TEST_STEP][PASSED] - attr = <not implemented yet for class: org.codehaus.groovy.ast.expr.EmptyExpression>: null

2021-11-23 17:04:56 - [TEST_STEP][PASSED] - a = 0: null

2021-11-23 17:04:56 - [TEST_STEP][PASSED] - elements = findWebElements(findTestObject("Object Repository/Olusturma/Genel/Olusturma/TabloBasliklari"), 10): Found 13 web elements with id: 'Object Repository/Olusturma/Genel/Olusturma/TabloBasliklari' located by 'By.cssSelector: div#divmalhizmet .dxgvTable_LECustomTheme td.dxgvHeader_LECustomTheme tr>td:nth-child(1)' in '10' second(s)

2021-11-23 17:04:56 - [MESSAGE][INFO] - Finding Test Object 'Object Repository/Olusturma/Genel/Olusturma/TabloBasliklari'

2021-11-23 17:04:56 - [MESSAGE][INFO] - Checking timeout

2021-11-23 17:04:56 - [MESSAGE][INFO] - Finding web element with id: 'Object Repository/Olusturma/Genel/Olusturma/TabloBasliklari' located by 'By.cssSelector: div#divmalhizmet .dxgvTable_LECustomTheme td.dxgvHeader_LECustomTheme tr>td:nth-child(1)' in '10' second(s)

2021-11-23 17:04:56 - [MESSAGE][INFO] - Smart Wait Function is triggered

2021-11-23 17:04:56 - [MESSAGE][INFO] - Found 13 web elements with id: 'Object Repository/Olusturma/Genel/Olusturma/TabloBasliklari' located by 'By.cssSelector: div#divmalhizmet .dxgvTable_LECustomTheme td.dxgvHeader_LECustomTheme tr>td:nth-child(1)' in '10' second(s)

2021-11-23 17:04:56 - [TEST_STEP][PASSED] - for (def element : elements): null

2021-11-23 17:04:56 - [TEST_STEP][PASSED] - build().perform(): null

2021-11-23 17:04:56 - [TEST_STEP][PASSED] - if (getText().equals(Baslik)): null

2021-11-23 17:04:56 - [TEST_STEP][PASSED] - build().perform(): null

2021-11-23 17:04:57 - [TEST_STEP][PASSED] - if (getText().equals(Baslik)): null

2021-11-23 17:04:57 - [TEST_STEP][PASSED] - build().perform(): null

2021-11-23 17:04:57 - [TEST_STEP][PASSED] - if (getText().equals(Baslik)): null

2021-11-23 17:04:57 - [TEST_STEP][PASSED] - build().perform(): null

2021-11-23 17:04:57 - [TEST_STEP][PASSED] - if (getText().equals(Baslik)): null

2021-11-23 17:04:57 - [TEST_STEP][PASSED] - build().perform(): null

2021-11-23 17:04:57 - [TEST_STEP][PASSED] - if (getText().equals(Baslik)): null

2021-11-23 17:04:57 - [TEST_STEP][PASSED] - build().perform(): null

2021-11-23 17:04:57 - [TEST_STEP][PASSED] - if (getText().equals(Baslik)): null

2021-11-23 17:04:57 - [TEST_STEP][PASSED] - build().perform(): null

2021-11-23 17:04:57 - [TEST_STEP][PASSED] - if (getText().equals(Baslik)): null

2021-11-23 17:04:57 - [TEST_STEP][PASSED] - baslikElement = element.findElement(By.xpath("../../../..")): Smart Wait Function is triggered

2021-11-23 17:04:57 - [MESSAGE][INFO] - Smart Wait Function is triggered

2021-11-23 17:04:57 - [TEST_STEP][PASSED] - attr = baslikElement.getAttribute("id"): null

2021-11-23 17:04:57 - [TEST_STEP][PASSED] - println("girdi ve idsini aldı = " + attr): null

2021-11-23 17:04:57 - [TEST_STEP][PASSED] - break: null

2021-11-23 17:04:57 - [TEST_STEP][PASSED] - countElement = baslikElement.findElements(By.xpath("../td")): Smart Wait Function is triggered

2021-11-23 17:04:57 - [MESSAGE][INFO] - Smart Wait Function is triggered

2021-11-23 17:04:58 - [TEST_STEP][PASSED] - for (def element : countElement): null

2021-11-23 17:04:58 - [TEST_STEP][PASSED] - if (toString().equals(attr.toString())): null

2021-11-23 17:04:58 - [TEST_STEP][PASSED] - (a++): null

2021-11-23 17:04:58 - [TEST_STEP][PASSED] - if (toString().equals(attr.toString())): null

2021-11-23 17:04:58 - [TEST_STEP][PASSED] - (a++): null

2021-11-23 17:04:58 - [TEST_STEP][PASSED] - if (toString().equals(attr.toString())): null

2021-11-23 17:04:58 - [TEST_STEP][PASSED] - (a++): null

2021-11-23 17:04:58 - [TEST_STEP][PASSED] - if (toString().equals(attr.toString())): null

2021-11-23 17:04:58 - [TEST_STEP][PASSED] - (a++): null

2021-11-23 17:04:58 - [TEST_STEP][PASSED] - if (toString().equals(attr.toString())): null

2021-11-23 17:04:58 - [TEST_STEP][PASSED] - (a++): null

2021-11-23 17:04:58 - [TEST_STEP][PASSED] - if (toString().equals(attr.toString())): null

2021-11-23 17:04:58 - [TEST_STEP][PASSED] - (a++): null

2021-11-23 17:04:58 - [TEST_STEP][PASSED] - if (toString().equals(attr.toString())): null

2021-11-23 17:04:58 - [TEST_STEP][PASSED] - (a++): null

2021-11-23 17:04:58 - [TEST_STEP][PASSED] - if (toString().equals(attr.toString())): null

2021-11-23 17:04:58 - [TEST_STEP][PASSED] - break: null

2021-11-23 17:04:58 - [TEST_STEP][PASSED] - son = findWebElement(findTestObject("Object Repository/Olusturma/Genel/Olusturma/EklenenSatir")).findElement(By.xpath("td[@class='dxgvInlineEditCell_LECustomTheme dxgv'][" + a + "]//td[@class='dxic']/input")): Smart Wait Function is triggered

2021-11-23 17:04:58 - [MESSAGE][INFO] - Finding Test Object 'Object Repository/Olusturma/Genel/Olusturma/EklenenSatir'

2021-11-23 17:04:58 - [MESSAGE][INFO] - Finding web element from Test Object's properties

2021-11-23 17:04:58 - [MESSAGE][INFO] - Checking timeout

2021-11-23 17:04:58 - [MESSAGE][INFO] - Finding web element with id: 'Object Repository/Olusturma/Genel/Olusturma/EklenenSatir' located by 'By.cssSelector: #divmalhizmet .dxgvInlineEditRow_LECustomTheme' in '30' second(s)

2021-11-23 17:04:58 - [MESSAGE][INFO] - Smart Wait Function is triggered

2021-11-23 17:04:58 - [MESSAGE][INFO] - Found 1 web elements with id: 'Object Repository/Olusturma/Genel/Olusturma/EklenenSatir' located by 'By.cssSelector: #divmalhizmet .dxgvInlineEditRow_LECustomTheme' in '30' second(s)

2021-11-23 17:04:58 - [MESSAGE][INFO] - Smart Wait Function is triggered

2021-11-23 17:04:58 - [TEST_STEP][PASSED] - if (!(getAttribute("value").contains("Vkn"))): null

2021-11-23 17:04:59 - [TEST_STEP][PASSED] - son.clear(): null

2021-11-23 17:04:59 - [TEST_STEP][PASSED] - son.sendKeys(Deger): null

2021-11-23 17:04:59 - [MESSAGE][PASSED] - Call Test Case 'Test Cases/Olusturma/Genel/Olusturma' successfully

2021-11-23 17:04:59 - [MESSAGE][INFO] - Checking called Test Case

2021-11-23 17:04:59 - [MESSAGE][INFO] - Starting to call Test Case 'Test Cases/Olusturma/Genel/NotGirilir'

2021-11-23 17:04:59 - [TEST_CASE][PASSED] - Test Cases/Olusturma/Genel/NotGirilir: Test Cases/Olusturma/Genel/NotGirilir

2021-11-23 17:04:59 - [TEST_STEP][PASSED] - i = 0: null

2021-11-23 17:04:59 - [TEST_STEP][PASSED] - waitForElementClickable(findTestObject("Olusturma/Genel/Not/Notlar"), 10): Object 'Object Repository/Olusturma/Genel/Not/Notlar' is clickable

2021-11-23 17:04:59 - [MESSAGE][INFO] - Finding Test Object 'Object Repository/Olusturma/Genel/Not/Notlar'

2021-11-23 17:04:59 - [MESSAGE][INFO] - Checking object

2021-11-23 17:04:59 - [MESSAGE][INFO] - Checking timeout

2021-11-23 17:04:59 - [MESSAGE][INFO] - Finding web element from Test Object's properties

2021-11-23 17:04:59 - [MESSAGE][INFO] - Checking timeout

2021-11-23 17:04:59 - [MESSAGE][INFO] - Finding web element with id: 'Object Repository/Olusturma/Genel/Not/Notlar' located by 'By.xpath: //*[@id = 'txtNote_I']' in '10' second(s)

2021-11-23 17:04:59 - [MESSAGE][INFO] - Smart Wait Function is triggered

2021-11-23 17:04:59 - [MESSAGE][INFO] - Found 1 web elements with id: 'Object Repository/Olusturma/Genel/Not/Notlar' located by 'By.xpath: //*[@id = 'txtNote_I']' in '10' second(s)

2021-11-23 17:04:59 - [MESSAGE][PASSED] - Object 'Object Repository/Olusturma/Genel/Not/Notlar' is clickable

2021-11-23 17:04:59 - [TEST_STEP][PASSED] - clearText(findTestObject("Olusturma/Genel/Not/Notlar")): Text of object 'Object Repository/Olusturma/Genel/Not/Notlar' is cleared

2021-11-23 17:04:59 - [MESSAGE][INFO] - Finding Test Object 'Object Repository/Olusturma/Genel/Not/Notlar'

2021-11-23 17:04:59 - [MESSAGE][INFO] - Checking object

2021-11-23 17:04:59 - [MESSAGE][INFO] - Finding web element from Test Object's properties

2021-11-23 17:04:59 - [MESSAGE][INFO] - Checking timeout

2021-11-23 17:04:59 - [MESSAGE][INFO] - Finding web element with id: 'Object Repository/Olusturma/Genel/Not/Notlar' located by 'By.xpath: //*[@id = 'txtNote_I']' in '30' second(s)

2021-11-23 17:04:59 - [MESSAGE][INFO] - Smart Wait Function is triggered

2021-11-23 17:05:00 - [MESSAGE][INFO] - Found 1 web elements with id: 'Object Repository/Olusturma/Genel/Not/Notlar' located by 'By.xpath: //*[@id = 'txtNote_I']' in '30' second(s)

2021-11-23 17:05:00 - [MESSAGE][INFO] - Clearing text of object 'Object Repository/Olusturma/Genel/Not/Notlar'

2021-11-23 17:05:00 - [MESSAGE][PASSED] - Text of object 'Object Repository/Olusturma/Genel/Not/Notlar' is cleared

2021-11-23 17:05:00 - [TEST_STEP][PASSED] - click(findTestObject("Olusturma/Genel/Not/Notlar")): Object: 'Object Repository/Olusturma/Genel/Not/Notlar' is clicked on

2021-11-23 17:05:00 - [MESSAGE][INFO] - Finding Test Object 'Object Repository/Olusturma/Genel/Not/Notlar'

2021-11-23 17:05:00 - [MESSAGE][INFO] - Checking object

2021-11-23 17:05:00 - [MESSAGE][INFO] - Finding web element from Test Object's properties

2021-11-23 17:05:00 - [MESSAGE][INFO] - Checking timeout

2021-11-23 17:05:00 - [MESSAGE][INFO] - Finding web element with id: 'Object Repository/Olusturma/Genel/Not/Notlar' located by 'By.xpath: //*[@id = 'txtNote_I']' in '30' second(s)

2021-11-23 17:05:00 - [MESSAGE][INFO] - Smart Wait Function is triggered

2021-11-23 17:05:00 - [MESSAGE][INFO] - Found 1 web elements with id: 'Object Repository/Olusturma/Genel/Not/Notlar' located by 'By.xpath: //*[@id = 'txtNote_I']' in '30' second(s)

2021-11-23 17:05:00 - [MESSAGE][INFO] - Clicking on object: 'Object Repository/Olusturma/Genel/Not/Notlar'

2021-11-23 17:05:00 - [MESSAGE][PASSED] - Object: 'Object Repository/Olusturma/Genel/Not/Notlar' is clicked on

2021-11-23 17:05:00 - [TEST_STEP][PASSED] - while (true): null

2021-11-23 17:05:00 - [TEST_STEP][PASSED] - delay(1): Delayed 1 second(s)

2021-11-23 17:05:00 - [MESSAGE][INFO] - Delaying browser in 1 second(s)

2021-11-23 17:05:01 - [MESSAGE][PASSED] - Delayed 1 second(s)

2021-11-23 17:05:01 - [TEST_STEP][PASSED] - ajaxIsComplete = executeJavaScript("return jQuery.active == 0", null): Execute JavaScript 'return jQuery.active == 0' successfully

2021-11-23 17:05:01 - [MESSAGE][PASSED] - Execute JavaScript 'return jQuery.active == 0' successfully

2021-11-23 17:05:01 - [TEST_STEP][PASSED] - if (ajaxIsComplete): null

2021-11-23 17:05:01 - [TEST_STEP][PASSED] - break: null

2021-11-23 17:05:01 - [TEST_STEP][PASSED] - sendKeys(findTestObject("Olusturma/Genel/Not/Notlar"), Not): Keys 'Otomasyon Not' sent to object: 'Object Repository/Olusturma/Genel/Not/Notlar'

2021-11-23 17:05:01 - [MESSAGE][INFO] - Finding Test Object 'Object Repository/Olusturma/Genel/Not/Notlar'

2021-11-23 17:05:01 - [MESSAGE][INFO] - Sending keys 'Otomasyon Not' to object: 'Object Repository/Olusturma/Genel/Not/Notlar'

2021-11-23 17:05:01 - [MESSAGE][INFO] - Finding web element from Test Object's properties

2021-11-23 17:05:01 - [MESSAGE][INFO] - Checking timeout

2021-11-23 17:05:01 - [MESSAGE][INFO] - Finding web element with id: 'Object Repository/Olusturma/Genel/Not/Notlar' located by 'By.xpath: //*[@id = 'txtNote_I']' in '30' second(s)

2021-11-23 17:05:01 - [MESSAGE][INFO] - Smart Wait Function is triggered

2021-11-23 17:05:02 - [MESSAGE][INFO] - Found 1 web elements with id: 'Object Repository/Olusturma/Genel/Not/Notlar' located by 'By.xpath: //*[@id = 'txtNote_I']' in '30' second(s)

2021-11-23 17:05:02 - [MESSAGE][PASSED] - Keys 'Otomasyon Not' sent to object: 'Object Repository/Olusturma/Genel/Not/Notlar'

2021-11-23 17:05:02 - [MESSAGE][PASSED] - Call Test Case 'Test Cases/Olusturma/Genel/NotGirilir' successfully

2021-11-23 17:05:02 - [MESSAGE][INFO] - Checking called Test Case

2021-11-23 17:05:02 - [MESSAGE][INFO] - Starting to call Test Case 'Test Cases/Olusturma/Genel/EttnBilgisiKayitEdilir'

2021-11-23 17:05:02 - [TEST_CASE][PASSED] - Test Cases/Olusturma/Genel/EttnBilgisiKayitEdilir: Test Cases/Olusturma/Genel/EttnBilgisiKayitEdilir

2021-11-23 17:05:02 - [TEST_STEP][PASSED] - verifyElementPresent(findTestObject("Object Repository/Olusturma/Genel/Olusturma/eArsivEttnBilgisi"), 7): Object 'Object Repository/Olusturma/Genel/Olusturma/eArsivEttnBilgisi' is present

2021-11-23 17:05:02 - [MESSAGE][INFO] - Finding Test Object 'Object Repository/Olusturma/Genel/Olusturma/eArsivEttnBilgisi'

2021-11-23 17:05:02 - [MESSAGE][INFO] - Checking object

2021-11-23 17:05:02 - [MESSAGE][INFO] - Finding web element from Test Object's properties

2021-11-23 17:05:02 - [MESSAGE][INFO] - Checking timeout

2021-11-23 17:05:02 - [MESSAGE][INFO] - Finding web element with id: 'Object Repository/Olusturma/Genel/Olusturma/eArsivEttnBilgisi' located by 'By.xpath: //*[@id = 'Uuid_I']' in '7' second(s)

2021-11-23 17:05:02 - [MESSAGE][INFO] - Smart Wait Function is triggered

2021-11-23 17:05:02 - [MESSAGE][INFO] - Found 1 web elements with id: 'Object Repository/Olusturma/Genel/Olusturma/eArsivEttnBilgisi' located by 'By.xpath: //*[@id = 'Uuid_I']' in '7' second(s)

2021-11-23 17:05:02 - [MESSAGE][PASSED] - Object 'Object Repository/Olusturma/Genel/Olusturma/eArsivEttnBilgisi' is present

2021-11-23 17:05:02 - [TEST_STEP][PASSED] - ettn = getAttribute(findTestObject("Object Repository/Olusturma/Genel/Olusturma/eArsivEttnBilgisi"), "value"): Attribute 'value' of object 'Object Repository/Olusturma/Genel/Olusturma/eArsivEttnBilgisi' is: '8bf64484-49b4-41b1-8b71-3deaba7d399e'

2021-11-23 17:05:02 - [MESSAGE][INFO] - Finding Test Object 'Object Repository/Olusturma/Genel/Olusturma/eArsivEttnBilgisi'

2021-11-23 17:05:02 - [MESSAGE][INFO] - Checking object

2021-11-23 17:05:02 - [MESSAGE][INFO] - Checking attribute

2021-11-23 17:05:02 - [MESSAGE][INFO] - Finding web element from Test Object's properties

2021-11-23 17:05:02 - [MESSAGE][INFO] - Checking timeout

2021-11-23 17:05:02 - [MESSAGE][INFO] - Finding web element with id: 'Object Repository/Olusturma/Genel/Olusturma/eArsivEttnBilgisi' located by 'By.xpath: //*[@id = 'Uuid_I']' in '30' second(s)

2021-11-23 17:05:02 - [MESSAGE][INFO] - Smart Wait Function is triggered

2021-11-23 17:05:02 - [MESSAGE][INFO] - Found 1 web elements with id: 'Object Repository/Olusturma/Genel/Olusturma/eArsivEttnBilgisi' located by 'By.xpath: //*[@id = 'Uuid_I']' in '30' second(s)

2021-11-23 17:05:02 - [MESSAGE][INFO] - Getting attribute 'value' of object 'Object Repository/Olusturma/Genel/Olusturma/eArsivEttnBilgisi'

2021-11-23 17:05:02 - [MESSAGE][PASSED] - Attribute 'value' of object 'Object Repository/Olusturma/Genel/Olusturma/eArsivEttnBilgisi' is: '8bf64484-49b4-41b1-8b71-3deaba7d399e'

2021-11-23 17:05:02 - [MESSAGE][PASSED] - Call Test Case 'Test Cases/Olusturma/Genel/EttnBilgisiKayitEdilir' successfully

2021-11-23 17:05:02 - [MESSAGE][INFO] - Checking called Test Case

2021-11-23 17:05:02 - [MESSAGE][INFO] - Starting to call Test Case 'Test Cases/Olusturma/Genel/KaydetButonunaTiklanir'

2021-11-23 17:05:03 - [TEST_CASE][PASSED] - Test Cases/Olusturma/Genel/KaydetButonunaTiklanir: Test Cases/Olusturma/Genel/KaydetButonunaTiklanir

2021-11-23 17:05:03 - [TEST_STEP][PASSED] - i = 0: null

2021-11-23 17:05:03 - [TEST_STEP][PASSED] - waitForElementPresent(findTestObject("Olusturma/Genel/Not/Notlar"), 10): Object 'Object Repository/Olusturma/Genel/Not/Notlar' is present

2021-11-23 17:05:03 - [MESSAGE][INFO] - Finding Test Object 'Object Repository/Olusturma/Genel/Not/Notlar'

2021-11-23 17:05:03 - [MESSAGE][INFO] - Checking object

2021-11-23 17:05:03 - [MESSAGE][INFO] - Finding web element from Test Object's properties

2021-11-23 17:05:03 - [MESSAGE][INFO] - Checking timeout

2021-11-23 17:05:03 - [MESSAGE][INFO] - Finding web element with id: 'Object Repository/Olusturma/Genel/Not/Notlar' located by 'By.xpath: //*[@id = 'txtNote_I']' in '10' second(s)

2021-11-23 17:05:03 - [MESSAGE][INFO] - Smart Wait Function is triggered

2021-11-23 17:05:03 - [MESSAGE][INFO] - Found 1 web elements with id: 'Object Repository/Olusturma/Genel/Not/Notlar' located by 'By.xpath: //*[@id = 'txtNote_I']' in '10' second(s)

2021-11-23 17:05:03 - [MESSAGE][PASSED] - Object 'Object Repository/Olusturma/Genel/Not/Notlar' is present

2021-11-23 17:05:03 - [TEST_STEP][PASSED] - click(findTestObject("Olusturma/Genel/Not/Notlar")): Object: 'Object Repository/Olusturma/Genel/Not/Notlar' is clicked on

2021-11-23 17:05:03 - [MESSAGE][INFO] - Finding Test Object 'Object Repository/Olusturma/Genel/Not/Notlar'

2021-11-23 17:05:03 - [MESSAGE][INFO] - Checking object

2021-11-23 17:05:03 - [MESSAGE][INFO] - Finding web element from Test Object's properties

2021-11-23 17:05:03 - [MESSAGE][INFO] - Checking timeout

2021-11-23 17:05:03 - [MESSAGE][INFO] - Finding web element with id: 'Object Repository/Olusturma/Genel/Not/Notlar' located by 'By.xpath: //*[@id = 'txtNote_I']' in '30' second(s)

2021-11-23 17:05:03 - [MESSAGE][INFO] - Smart Wait Function is triggered

2021-11-23 17:05:03 - [MESSAGE][INFO] - Found 1 web elements with id: 'Object Repository/Olusturma/Genel/Not/Notlar' located by 'By.xpath: //*[@id = 'txtNote_I']' in '30' second(s)

2021-11-23 17:05:03 - [MESSAGE][INFO] - Clicking on object: 'Object Repository/Olusturma/Genel/Not/Notlar'

2021-11-23 17:05:03 - [MESSAGE][PASSED] - Object: 'Object Repository/Olusturma/Genel/Not/Notlar' is clicked on

2021-11-23 17:05:03 - [TEST_STEP][PASSED] - while (true): null

2021-11-23 17:05:03 - [TEST_STEP][PASSED] - delay(1): Delayed 1 second(s)

2021-11-23 17:05:03 - [MESSAGE][INFO] - Delaying browser in 1 second(s)

2021-11-23 17:05:04 - [MESSAGE][PASSED] - Delayed 1 second(s)

2021-11-23 17:05:04 - [TEST_STEP][PASSED] - ajaxIsComplete = executeJavaScript("return jQuery.active == 0", null): Execute JavaScript 'return jQuery.active == 0' successfully

2021-11-23 17:05:04 - [MESSAGE][PASSED] - Execute JavaScript 'return jQuery.active == 0' successfully

2021-11-23 17:05:04 - [TEST_STEP][PASSED] - if (ajaxIsComplete): null

2021-11-23 17:05:04 - [TEST_STEP][PASSED] - break: null

2021-11-23 17:05:04 - [TEST_STEP][PASSED] - waitForElementClickable(findTestObject("Object Repository/Olusturma/Genel/Buton"), 10): Object 'Object Repository/Olusturma/Genel/Buton' is clickable

2021-11-23 17:05:04 - [MESSAGE][INFO] - Finding Test Object 'Object Repository/Olusturma/Genel/Buton'

2021-11-23 17:05:04 - [MESSAGE][INFO] - Checking object

2021-11-23 17:05:04 - [MESSAGE][INFO] - Checking timeout

2021-11-23 17:05:04 - [MESSAGE][INFO] - Finding web element from Test Object's properties

2021-11-23 17:05:04 - [MESSAGE][INFO] - Checking timeout

2021-11-23 17:05:04 - [MESSAGE][INFO] - Finding web element with id: 'Object Repository/Olusturma/Genel/Buton' located by 'By.xpath: //*[@id = 'btnKaydet']' in '10' second(s)

2021-11-23 17:05:04 - [MESSAGE][INFO] - Smart Wait Function is triggered

2021-11-23 17:05:05 - [MESSAGE][INFO] - Found 1 web elements with id: 'Object Repository/Olusturma/Genel/Buton' located by 'By.xpath: //*[@id = 'btnKaydet']' in '10' second(s)

2021-11-23 17:05:05 - [MESSAGE][PASSED] - Object 'Object Repository/Olusturma/Genel/Buton' is clickable

2021-11-23 17:05:05 - [TEST_STEP][PASSED] - click(findTestObject("Object Repository/Olusturma/Genel/Buton")): Object: 'Object Repository/Olusturma/Genel/Buton' is clicked on

2021-11-23 17:05:05 - [MESSAGE][INFO] - Finding Test Object 'Object Repository/Olusturma/Genel/Buton'

2021-11-23 17:05:05 - [MESSAGE][INFO] - Checking object

2021-11-23 17:05:05 - [MESSAGE][INFO] - Finding web element from Test Object's properties

2021-11-23 17:05:05 - [MESSAGE][INFO] - Checking timeout

2021-11-23 17:05:05 - [MESSAGE][INFO] - Finding web element with id: 'Object Repository/Olusturma/Genel/Buton' located by 'By.xpath: //*[@id = 'btnKaydet']' in '30' second(s)

2021-11-23 17:05:05 - [MESSAGE][INFO] - Smart Wait Function is triggered

2021-11-23 17:05:05 - [MESSAGE][INFO] - Found 1 web elements with id: 'Object Repository/Olusturma/Genel/Buton' located by 'By.xpath: //*[@id = 'btnKaydet']' in '30' second(s)

2021-11-23 17:05:05 - [MESSAGE][INFO] - Clicking on object: 'Object Repository/Olusturma/Genel/Buton'

2021-11-23 17:05:07 - [MESSAGE][PASSED] - Object: 'Object Repository/Olusturma/Genel/Buton' is clicked on

2021-11-23 17:05:07 - [MESSAGE][PASSED] - Call Test Case 'Test Cases/Olusturma/Genel/KaydetButonunaTiklanir' successfully

2021-11-23 17:05:07 - [MESSAGE][INFO] - Checking called Test Case

2021-11-23 17:05:07 - [MESSAGE][INFO] - Starting to call Test Case 'Test Cases/Tablo/TablodaEttnliVeriOlusturulduMu'

2021-11-23 17:05:07 - [TEST_CASE][PASSED] - Test Cases/Tablo/TablodaEttnliVeriOlusturulduMu: Test Cases/Tablo/TablodaEttnliVeriOlusturulduMu

2021-11-23 17:05:07 - [TEST_STEP][PASSED] - Method.TextDegerineEsitElementVarMi(findTestObject("Tablo/OlusturulanVeri"), ettn): Method.TextDegerineEsitElementVarMi is PASSED

2021-11-23 17:05:07 - [MESSAGE][INFO] - Finding Test Object 'Object Repository/Tablo/OlusturulanVeri'

2021-11-23 17:05:08 - [MESSAGE][INFO] - Checking timeout

2021-11-23 17:05:08 - [MESSAGE][INFO] - Finding web element with id: 'Object Repository/Tablo/OlusturulanVeri' located by 'By.cssSelector: table.dxgvTable_LECustomTheme>tbody>tr:nth-child(3)>td.dxgv b,table.dxgvTable_LECustomTheme>tbody>tr:nth-child(3)>td.dxgv' in '10' second(s)

2021-11-23 17:05:08 - [MESSAGE][INFO] - Smart Wait Function is triggered

2021-11-23 17:05:08 - [MESSAGE][INFO] - Found 14 web elements with id: 'Object Repository/Tablo/OlusturulanVeri' located by 'By.cssSelector: table.dxgvTable_LECustomTheme>tbody>tr:nth-child(3)>td.dxgv b,table.dxgvTable_LECustomTheme>tbody>tr:nth-child(3)>td.dxgv' in '10' second(s)

2021-11-23 17:05:08 - [MESSAGE][PASSED] - Method.TextDegerineEsitElementVarMi is PASSED

2021-11-23 17:05:08 - [MESSAGE][PASSED] - Call Test Case 'Test Cases/Tablo/TablodaEttnliVeriOlusturulduMu' successfully

2021-11-23 17:05:08 - [MESSAGE][INFO] - Checking called Test Case

2021-11-23 17:05:08 - [MESSAGE][INFO] - Starting to call Test Case 'Test Cases/Tablo/TablodanEttnliVeriSec'

2021-11-23 17:05:08 - [TEST_CASE][PASSED] - Test Cases/Tablo/TablodanEttnliVeriSec: Test Cases/Tablo/TablodanEttnliVeriSec

2021-11-23 17:05:08 - [TEST_STEP][PASSED] - Method.TextDegerineEsitElementinAltindakineTikla(findTestObject("Tablo/Veriler"), findTestObject("Tablo/VerininCheckBoxi"), ettn): Method.TextDegerineEsitElementinAltindakineTikla is PASSED

2021-11-23 17:05:08 - [MESSAGE][INFO] - Finding Test Object 'Object Repository/Tablo/Veriler'

2021-11-23 17:05:08 - [MESSAGE][INFO] - Finding Test Object 'Object Repository/Tablo/VerininCheckBoxi'

2021-11-23 17:05:08 - [MESSAGE][INFO] - Checking timeout

2021-11-23 17:05:08 - [MESSAGE][INFO] - Finding web element with id: 'Object Repository/Tablo/Veriler' located by 'By.cssSelector: td.dxgv b ,td.dxgv' in '10' second(s)

2021-11-23 17:05:08 - [MESSAGE][INFO] - Smart Wait Function is triggered

2021-11-23 17:05:09 - [MESSAGE][INFO] - Found 70 web elements with id: 'Object Repository/Tablo/Veriler' located by 'By.cssSelector: td.dxgv b ,td.dxgv' in '10' second(s)

2021-11-23 17:05:09 - [MESSAGE][INFO] - Smart Wait Function is triggered

2021-11-23 17:05:09 - [MESSAGE][PASSED] - Method.TextDegerineEsitElementinAltindakineTikla is PASSED

2021-11-23 17:05:09 - [MESSAGE][PASSED] - Call Test Case 'Test Cases/Tablo/TablodanEttnliVeriSec' successfully

2021-11-23 17:05:09 - [MESSAGE][INFO] - Checking called Test Case

2021-11-23 17:05:09 - [MESSAGE][INFO] - Starting to call Test Case 'Test Cases/Butonlar/ButonaTikla'

2021-11-23 17:05:09 - [TEST_CASE][PASSED] - Test Cases/Butonlar/ButonaTikla: Test Cases/Butonlar/ButonaTikla

2021-11-23 17:05:09 - [TEST_STEP][PASSED] - Method.TextDegerineEsitElementeTiklaEquals(findTestObject("Butonlar/Butonlar"), Buton_Adi): Method.TextDegerineEsitElementeTiklaEquals is PASSED

2021-11-23 17:05:09 - [MESSAGE][INFO] - Finding Test Object 'Object Repository/Butonlar/Butonlar'

2021-11-23 17:05:09 - [MESSAGE][INFO] - Checking timeout

2021-11-23 17:05:09 - [MESSAGE][INFO] - Finding web element with id: 'Object Repository/Butonlar/Butonlar' located by 'By.cssSelector: .panel.panel-default.text-center.footerPanel .btn,.btn.btn-primary.btnControls' in '10' second(s)

2021-11-23 17:05:09 - [MESSAGE][INFO] - Smart Wait Function is triggered

2021-11-23 17:05:09 - [MESSAGE][INFO] - Found 9 web elements with id: 'Object Repository/Butonlar/Butonlar' located by 'By.cssSelector: .panel.panel-default.text-center.footerPanel .btn,.btn.btn-primary.btnControls' in '10' second(s)

2021-11-23 17:05:10 - [MESSAGE][PASSED] - Method.TextDegerineEsitElementeTiklaEquals is PASSED

2021-11-23 17:05:10 - [MESSAGE][PASSED] - Call Test Case 'Test Cases/Butonlar/ButonaTikla' successfully

2021-11-23 17:05:10 - [MESSAGE][INFO] - Checking called Test Case

2021-11-23 17:05:10 - [MESSAGE][INFO] - Starting to call Test Case 'Test Cases/Popup/PopupMesajiIceriyorMu'

2021-11-23 17:05:10 - [TEST_CASE][PASSED] - Test Cases/Popup/PopupMesajiIceriyorMu: Test Cases/Popup/PopupMesajiIceriyorMu

2021-11-23 17:05:10 - [TEST_STEP][PASSED] - waitForElementVisible(findTestObject("Popup/Popup"), 10): Object 'Object Repository/Popup/Popup' is visible

2021-11-23 17:05:10 - [MESSAGE][INFO] - Finding Test Object 'Object Repository/Popup/Popup'

2021-11-23 17:05:10 - [MESSAGE][INFO] - Checking object

2021-11-23 17:05:10 - [MESSAGE][INFO] - Checking timeout

2021-11-23 17:05:10 - [MESSAGE][INFO] - Finding web element from Test Object's properties

2021-11-23 17:05:10 - [MESSAGE][INFO] - Checking timeout

2021-11-23 17:05:10 - [MESSAGE][INFO] - Finding web element with id: 'Object Repository/Popup/Popup' located by 'By.cssSelector: .bootbox-body' in '10' second(s)

2021-11-23 17:05:10 - [MESSAGE][INFO] - Smart Wait Function is triggered

2021-11-23 17:05:11 - [MESSAGE][INFO] - Found 1 web elements with id: 'Object Repository/Popup/Popup' located by 'By.cssSelector: .bootbox-body' in '10' second(s)

2021-11-23 17:05:11 - [MESSAGE][PASSED] - Object 'Object Repository/Popup/Popup' is visible

2021-11-23 17:05:11 - [TEST_STEP][PASSED] - if (!(getText(findTestObject("Popup/Popup")).contains(Mesaj))): Text of object 'Object Repository/Popup/Popup' is: 'Oluşturulacak fatura numarası : EAR2021000000495 Fatura numarası oluşturulduktan sonra fatura silinemez. Fatura numarası, tarihi ve ön eki değiştirilemez. Devam etmek istiyor musunuz?'

2021-11-23 17:05:11 - [MESSAGE][INFO] - Finding Test Object 'Object Repository/Popup/Popup'

2021-11-23 17:05:11 - [MESSAGE][INFO] - Checking object

2021-11-23 17:05:11 - [MESSAGE][INFO] - Finding web element from Test Object's properties

2021-11-23 17:05:11 - [MESSAGE][INFO] - Checking timeout

2021-11-23 17:05:11 - [MESSAGE][INFO] - Finding web element with id: 'Object Repository/Popup/Popup' located by 'By.cssSelector: .bootbox-body' in '30' second(s)

2021-11-23 17:05:11 - [MESSAGE][INFO] - Smart Wait Function is triggered

2021-11-23 17:05:11 - [MESSAGE][INFO] - Found 1 web elements with id: 'Object Repository/Popup/Popup' located by 'By.cssSelector: .bootbox-body' in '30' second(s)

2021-11-23 17:05:11 - [MESSAGE][INFO] - Getting text of object 'Object Repository/Popup/Popup'

2021-11-23 17:05:11 - [MESSAGE][PASSED] - Text of object 'Object Repository/Popup/Popup' is: 'Oluşturulacak fatura numarası : EAR2021000000495 Fatura numarası oluşturulduktan sonra fatura silinemez. Fatura numarası, tarihi ve ön eki değiştirilemez. Devam etmek istiyor musunuz?'

2021-11-23 17:05:11 - [TEST_STEP][PASSED] - RaporNo = getText(findTestObject("Popup/Popup")).substring(0, 6): Text of object 'Object Repository/Popup/Popup' is: 'Oluşturulacak fatura numarası : EAR2021000000495 Fatura numarası oluşturulduktan sonra fatura silinemez. Fatura numarası, tarihi ve ön eki değiştirilemez. Devam etmek istiyor musunuz?'

2021-11-23 17:05:11 - [MESSAGE][INFO] - Finding Test Object 'Object Repository/Popup/Popup'

2021-11-23 17:05:11 - [MESSAGE][INFO] - Checking object

2021-11-23 17:05:11 - [MESSAGE][INFO] - Finding web element from Test Object's properties

2021-11-23 17:05:11 - [MESSAGE][INFO] - Checking timeout

2021-11-23 17:05:11 - [MESSAGE][INFO] - Finding web element with id: 'Object Repository/Popup/Popup' located by 'By.cssSelector: .bootbox-body' in '30' second(s)

2021-11-23 17:05:11 - [MESSAGE][INFO] - Smart Wait Function is triggered

2021-11-23 17:05:12 - [MESSAGE][INFO] - Found 1 web elements with id: 'Object Repository/Popup/Popup' located by 'By.cssSelector: .bootbox-body' in '30' second(s)

2021-11-23 17:05:12 - [MESSAGE][INFO] - Getting text of object 'Object Repository/Popup/Popup'

2021-11-23 17:05:12 - [MESSAGE][PASSED] - Text of object 'Object Repository/Popup/Popup' is: 'Oluşturulacak fatura numarası : EAR2021000000495 Fatura numarası oluşturulduktan sonra fatura silinemez. Fatura numarası, tarihi ve ön eki değiştirilemez. Devam etmek istiyor musunuz?'

2021-11-23 17:05:12 - [TEST_STEP][PASSED] - Console.println(RaporNo): null

2021-11-23 17:05:12 - [MESSAGE][PASSED] - Call Test Case 'Test Cases/Popup/PopupMesajiIceriyorMu' successfully

2021-11-23 17:05:12 - [MESSAGE][INFO] - Checking called Test Case

2021-11-23 17:05:12 - [MESSAGE][INFO] - Starting to call Test Case 'Test Cases/Popup/PopupButonSecilir'

2021-11-23 17:05:12 - [TEST_CASE][PASSED] - Test Cases/Popup/PopupButonSecilir: Test Cases/Popup/PopupButonSecilir

2021-11-23 17:05:12 - [TEST_STEP][PASSED] - Method.TextDegerineEsitElementeTikla(findTestObject("Popup/Popup_Butons"), Buton): Method.TextDegerineEsitElementeTikla is PASSED

2021-11-23 17:05:12 - [MESSAGE][INFO] - Finding Test Object 'Object Repository/Popup/Popup_Butons'

2021-11-23 17:05:12 - [MESSAGE][INFO] - Checking timeout

2021-11-23 17:05:12 - [MESSAGE][INFO] - Finding web element with id: 'Object Repository/Popup/Popup_Butons' located by 'By.cssSelector: .modal-footer>button' in '10' second(s)

2021-11-23 17:05:12 - [MESSAGE][INFO] - Smart Wait Function is triggered

2021-11-23 17:05:12 - [MESSAGE][INFO] - Found 2 web elements with id: 'Object Repository/Popup/Popup_Butons' located by 'By.cssSelector: .modal-footer>button' in '10' second(s)

2021-11-23 17:05:12 - [MESSAGE][PASSED] - Method.TextDegerineEsitElementeTikla is PASSED

2021-11-23 17:05:12 - [MESSAGE][PASSED] - Call Test Case 'Test Cases/Popup/PopupButonSecilir' successfully

2021-11-23 17:05:12 - [MESSAGE][INFO] - Checking called Test Case

2021-11-23 17:05:12 - [MESSAGE][INFO] - Starting to call Test Case 'Test Cases/Popup/PopupMesajiIceriyorMu'

2021-11-23 17:05:12 - [TEST_CASE][PASSED] - Test Cases/Popup/PopupMesajiIceriyorMu: Test Cases/Popup/PopupMesajiIceriyorMu

2021-11-23 17:05:12 - [TEST_STEP][PASSED] - waitForElementVisible(findTestObject("Popup/Popup"), 10): Object 'Object Repository/Popup/Popup' is visible

2021-11-23 17:05:12 - [MESSAGE][INFO] - Finding Test Object 'Object Repository/Popup/Popup'

2021-11-23 17:05:13 - [MESSAGE][INFO] - Checking object

2021-11-23 17:05:13 - [MESSAGE][INFO] - Checking timeout

2021-11-23 17:05:13 - [MESSAGE][INFO] - Finding web element from Test Object's properties

2021-11-23 17:05:13 - [MESSAGE][INFO] - Checking timeout

2021-11-23 17:05:13 - [MESSAGE][INFO] - Finding web element with id: 'Object Repository/Popup/Popup' located by 'By.cssSelector: .bootbox-body' in '10' second(s)

2021-11-23 17:05:13 - [MESSAGE][INFO] - Smart Wait Function is triggered

2021-11-23 17:05:13 - [MESSAGE][INFO] - Found 1 web elements with id: 'Object Repository/Popup/Popup' located by 'By.cssSelector: .bootbox-body' in '10' second(s)

2021-11-23 17:05:13 - [MESSAGE][PASSED] - Object 'Object Repository/Popup/Popup' is visible

2021-11-23 17:05:13 - [TEST_STEP][PASSED] - if (!(getText(findTestObject("Popup/Popup")).contains(Mesaj))): Text of object 'Object Repository/Popup/Popup' is: 'Fatura numaranız EAR2021000000495 olarak oluşmuştur.'

2021-11-23 17:05:13 - [MESSAGE][INFO] - Finding Test Object 'Object Repository/Popup/Popup'

2021-11-23 17:05:13 - [MESSAGE][INFO] - Checking object

2021-11-23 17:05:13 - [MESSAGE][INFO] - Finding web element from Test Object's properties

2021-11-23 17:05:13 - [MESSAGE][INFO] - Checking timeout

2021-11-23 17:05:13 - [MESSAGE][INFO] - Finding web element with id: 'Object Repository/Popup/Popup' located by 'By.cssSelector: .bootbox-body' in '30' second(s)

2021-11-23 17:05:13 - [MESSAGE][INFO] - Smart Wait Function is triggered

2021-11-23 17:05:14 - [MESSAGE][INFO] - Found 1 web elements with id: 'Object Repository/Popup/Popup' located by 'By.cssSelector: .bootbox-body' in '30' second(s)

2021-11-23 17:05:14 - [MESSAGE][INFO] - Getting text of object 'Object Repository/Popup/Popup'

2021-11-23 17:05:14 - [MESSAGE][PASSED] - Text of object 'Object Repository/Popup/Popup' is: 'Fatura numaranız EAR2021000000495 olarak oluşmuştur.'

2021-11-23 17:05:14 - [TEST_STEP][PASSED] - RaporNo = getText(findTestObject("Popup/Popup")).substring(0, 6): Text of object 'Object Repository/Popup/Popup' is: 'Fatura numaranız EAR2021000000495 olarak oluşmuştur.'

2021-11-23 17:05:14 - [MESSAGE][INFO] - Finding Test Object 'Object Repository/Popup/Popup'

2021-11-23 17:05:14 - [MESSAGE][INFO] - Checking object

2021-11-23 17:05:14 - [MESSAGE][INFO] - Finding web element from Test Object's properties

2021-11-23 17:05:14 - [MESSAGE][INFO] - Checking timeout

2021-11-23 17:05:14 - [MESSAGE][INFO] - Finding web element with id: 'Object Repository/Popup/Popup' located by 'By.cssSelector: .bootbox-body' in '30' second(s)

2021-11-23 17:05:14 - [MESSAGE][INFO] - Smart Wait Function is triggered

2021-11-23 17:05:14 - [MESSAGE][INFO] - Found 1 web elements with id: 'Object Repository/Popup/Popup' located by 'By.cssSelector: .bootbox-body' in '30' second(s)

2021-11-23 17:05:14 - [MESSAGE][INFO] - Getting text of object 'Object Repository/Popup/Popup'

2021-11-23 17:05:14 - [MESSAGE][PASSED] - Text of object 'Object Repository/Popup/Popup' is: 'Fatura numaranız EAR2021000000495 olarak oluşmuştur.'

2021-11-23 17:05:14 - [TEST_STEP][PASSED] - Console.println(RaporNo): null

2021-11-23 17:05:14 - [MESSAGE][PASSED] - Call Test Case 'Test Cases/Popup/PopupMesajiIceriyorMu' successfully

2021-11-23 17:05:14 - [MESSAGE][INFO] - Checking called Test Case

2021-11-23 17:05:14 - [MESSAGE][INFO] - Starting to call Test Case 'Test Cases/Popup/PopupButonSecilir'

2021-11-23 17:05:14 - [TEST_CASE][PASSED] - Test Cases/Popup/PopupButonSecilir: Test Cases/Popup/PopupButonSecilir

2021-11-23 17:05:14 - [TEST_STEP][PASSED] - Method.TextDegerineEsitElementeTikla(findTestObject("Popup/Popup_Butons"), Buton): Method.TextDegerineEsitElementeTikla is PASSED

2021-11-23 17:05:14 - [MESSAGE][INFO] - Finding Test Object 'Object Repository/Popup/Popup_Butons'

2021-11-23 17:05:14 - [MESSAGE][INFO] - Checking timeout

2021-11-23 17:05:14 - [MESSAGE][INFO] - Finding web element with id: 'Object Repository/Popup/Popup_Butons' located by 'By.cssSelector: .modal-footer>button' in '10' second(s)

2021-11-23 17:05:14 - [MESSAGE][INFO] - Smart Wait Function is triggered

2021-11-23 17:05:14 - [MESSAGE][INFO] - Found 1 web elements with id: 'Object Repository/Popup/Popup_Butons' located by 'By.cssSelector: .modal-footer>button' in '10' second(s)

2021-11-23 17:05:15 - [MESSAGE][PASSED] - Method.TextDegerineEsitElementeTikla is PASSED

2021-11-23 17:05:15 - [MESSAGE][PASSED] - Call Test Case 'Test Cases/Popup/PopupButonSecilir' successfully

2021-11-23 17:05:15 - [MESSAGE][INFO] - Checking called Test Case

2021-11-23 17:05:15 - [MESSAGE][INFO] - Starting to call Test Case 'Test Cases/Tablo/TablodanEttnliVeriSec'

2021-11-23 17:05:15 - [TEST_CASE][PASSED] - Test Cases/Tablo/TablodanEttnliVeriSec: Test Cases/Tablo/TablodanEttnliVeriSec

2021-11-23 17:05:15 - [TEST_STEP][PASSED] - Method.TextDegerineEsitElementinAltindakineTikla(findTestObject("Tablo/Veriler"), findTestObject("Tablo/VerininCheckBoxi"), ettn): Method.TextDegerineEsitElementinAltindakineTikla is PASSED

2021-11-23 17:05:15 - [MESSAGE][INFO] - Finding Test Object 'Object Repository/Tablo/Veriler'

2021-11-23 17:05:15 - [MESSAGE][INFO] - Finding Test Object 'Object Repository/Tablo/VerininCheckBoxi'

2021-11-23 17:05:15 - [MESSAGE][INFO] - Checking timeout

2021-11-23 17:05:15 - [MESSAGE][INFO] - Finding web element with id: 'Object Repository/Tablo/Veriler' located by 'By.cssSelector: td.dxgv b ,td.dxgv' in '10' second(s)

2021-11-23 17:05:15 - [MESSAGE][INFO] - Smart Wait Function is triggered

2021-11-23 17:05:15 - [MESSAGE][INFO] - Found 70 web elements with id: 'Object Repository/Tablo/Veriler' located by 'By.cssSelector: td.dxgv b ,td.dxgv' in '10' second(s)

2021-11-23 17:05:15 - [MESSAGE][INFO] - Smart Wait Function is triggered

2021-11-23 17:05:16 - [MESSAGE][PASSED] - Method.TextDegerineEsitElementinAltindakineTikla is PASSED

2021-11-23 17:05:16 - [MESSAGE][PASSED] - Call Test Case 'Test Cases/Tablo/TablodanEttnliVeriSec' successfully

2021-11-23 17:05:16 - [MESSAGE][INFO] - Checking called Test Case

2021-11-23 17:05:16 - [MESSAGE][INFO] - Starting to call Test Case 'Test Cases/Butonlar/ButonaTikla'

2021-11-23 17:05:16 - [TEST_CASE][PASSED] - Test Cases/Butonlar/ButonaTikla: Test Cases/Butonlar/ButonaTikla

2021-11-23 17:05:16 - [TEST_STEP][PASSED] - Method.TextDegerineEsitElementeTiklaEquals(findTestObject("Butonlar/Butonlar"), Buton_Adi): Method.TextDegerineEsitElementeTiklaEquals is PASSED

2021-11-23 17:05:16 - [MESSAGE][INFO] - Finding Test Object 'Object Repository/Butonlar/Butonlar'

2021-11-23 17:05:16 - [MESSAGE][INFO] - Checking timeout

2021-11-23 17:05:16 - [MESSAGE][INFO] - Finding web element with id: 'Object Repository/Butonlar/Butonlar' located by 'By.cssSelector: .panel.panel-default.text-center.footerPanel .btn,.btn.btn-primary.btnControls' in '10' second(s)

2021-11-23 17:05:16 - [MESSAGE][INFO] - Smart Wait Function is triggered

2021-11-23 17:05:16 - [MESSAGE][INFO] - Found 9 web elements with id: 'Object Repository/Butonlar/Butonlar' located by 'By.cssSelector: .panel.panel-default.text-center.footerPanel .btn,.btn.btn-primary.btnControls' in '10' second(s)

2021-11-23 17:05:17 - [MESSAGE][PASSED] - Method.TextDegerineEsitElementeTiklaEquals is PASSED

2021-11-23 17:05:17 - [MESSAGE][PASSED] - Call Test Case 'Test Cases/Butonlar/ButonaTikla' successfully

2021-11-23 17:05:17 - [MESSAGE][INFO] - Checking called Test Case

2021-11-23 17:05:17 - [MESSAGE][INFO] - Starting to call Test Case 'Test Cases/Popup/PopupMesajiIceriyorMu'

2021-11-23 17:05:17 - [TEST_CASE][PASSED] - Test Cases/Popup/PopupMesajiIceriyorMu: Test Cases/Popup/PopupMesajiIceriyorMu

2021-11-23 17:05:17 - [TEST_STEP][PASSED] - waitForElementVisible(findTestObject("Popup/Popup"), 10): Object 'Object Repository/Popup/Popup' is visible

2021-11-23 17:05:17 - [MESSAGE][INFO] - Finding Test Object 'Object Repository/Popup/Popup'

2021-11-23 17:05:17 - [MESSAGE][INFO] - Checking object

2021-11-23 17:05:17 - [MESSAGE][INFO] - Checking timeout

2021-11-23 17:05:17 - [MESSAGE][INFO] - Finding web element from Test Object's properties

2021-11-23 17:05:17 - [MESSAGE][INFO] - Checking timeout

2021-11-23 17:05:17 - [MESSAGE][INFO] - Finding web element with id: 'Object Repository/Popup/Popup' located by 'By.cssSelector: .bootbox-body' in '10' second(s)

2021-11-23 17:05:17 - [MESSAGE][INFO] - Smart Wait Function is triggered

2021-11-23 17:05:17 - [MESSAGE][INFO] - Found 1 web elements with id: 'Object Repository/Popup/Popup' located by 'By.cssSelector: .bootbox-body' in '10' second(s)

2021-11-23 17:05:17 - [MESSAGE][PASSED] - Object 'Object Repository/Popup/Popup' is visible

2021-11-23 17:05:17 - [TEST_STEP][PASSED] - if (!(getText(findTestObject("Popup/Popup")).contains(Mesaj))): Text of object 'Object Repository/Popup/Popup' is: 'Seçilen faturalarınız onaylanacaktır. Onaylanan faturalar üzerinde değişiklik yapılamaz. Devam etmek istiyor musunuz?'

2021-11-23 17:05:17 - [MESSAGE][INFO] - Finding Test Object 'Object Repository/Popup/Popup'

2021-11-23 17:05:17 - [MESSAGE][INFO] - Checking object

2021-11-23 17:05:17 - [MESSAGE][INFO] - Finding web element from Test Object's properties

2021-11-23 17:05:17 - [MESSAGE][INFO] - Checking timeout

2021-11-23 17:05:17 - [MESSAGE][INFO] - Finding web element with id: 'Object Repository/Popup/Popup' located by 'By.cssSelector: .bootbox-body' in '30' second(s)

2021-11-23 17:05:17 - [MESSAGE][INFO] - Smart Wait Function is triggered

2021-11-23 17:05:18 - [MESSAGE][INFO] - Found 1 web elements with id: 'Object Repository/Popup/Popup' located by 'By.cssSelector: .bootbox-body' in '30' second(s)

2021-11-23 17:05:18 - [MESSAGE][INFO] - Getting text of object 'Object Repository/Popup/Popup'

2021-11-23 17:05:18 - [MESSAGE][PASSED] - Text of object 'Object Repository/Popup/Popup' is: 'Seçilen faturalarınız onaylanacaktır. Onaylanan faturalar üzerinde değişiklik yapılamaz. Devam etmek istiyor musunuz?'

2021-11-23 17:05:18 - [TEST_STEP][PASSED] - RaporNo = getText(findTestObject("Popup/Popup")).substring(0, 6): Text of object 'Object Repository/Popup/Popup' is: 'Seçilen faturalarınız onaylanacaktır. Onaylanan faturalar üzerinde değişiklik yapılamaz. Devam etmek istiyor musunuz?'

2021-11-23 17:05:18 - [MESSAGE][INFO] - Finding Test Object 'Object Repository/Popup/Popup'

2021-11-23 17:05:18 - [MESSAGE][INFO] - Checking object

2021-11-23 17:05:18 - [MESSAGE][INFO] - Finding web element from Test Object's properties

2021-11-23 17:05:18 - [MESSAGE][INFO] - Checking timeout

2021-11-23 17:05:18 - [MESSAGE][INFO] - Finding web element with id: 'Object Repository/Popup/Popup' located by 'By.cssSelector: .bootbox-body' in '30' second(s)

2021-11-23 17:05:18 - [MESSAGE][INFO] - Smart Wait Function is triggered

2021-11-23 17:05:18 - [MESSAGE][INFO] - Found 1 web elements with id: 'Object Repository/Popup/Popup' located by 'By.cssSelector: .bootbox-body' in '30' second(s)

2021-11-23 17:05:18 - [MESSAGE][INFO] - Getting text of object 'Object Repository/Popup/Popup'

2021-11-23 17:05:18 - [MESSAGE][PASSED] - Text of object 'Object Repository/Popup/Popup' is: 'Seçilen faturalarınız onaylanacaktır. Onaylanan faturalar üzerinde değişiklik yapılamaz. Devam etmek istiyor musunuz?'

2021-11-23 17:05:18 - [TEST_STEP][PASSED] - Console.println(RaporNo): null

2021-11-23 17:05:18 - [MESSAGE][PASSED] - Call Test Case 'Test Cases/Popup/PopupMesajiIceriyorMu' successfully

2021-11-23 17:05:18 - [MESSAGE][INFO] - Checking called Test Case

2021-11-23 17:05:18 - [MESSAGE][INFO] - Starting to call Test Case 'Test Cases/Popup/PopupButonSecilir'

2021-11-23 17:05:18 - [TEST_CASE][PASSED] - Test Cases/Popup/PopupButonSecilir: Test Cases/Popup/PopupButonSecilir

2021-11-23 17:05:18 - [TEST_STEP][PASSED] - Method.TextDegerineEsitElementeTikla(findTestObject("Popup/Popup_Butons"), Buton): Method.TextDegerineEsitElementeTikla is PASSED

2021-11-23 17:05:18 - [MESSAGE][INFO] - Finding Test Object 'Object Repository/Popup/Popup_Butons'

2021-11-23 17:05:18 - [MESSAGE][INFO] - Checking timeout

2021-11-23 17:05:18 - [MESSAGE][INFO] - Finding web element with id: 'Object Repository/Popup/Popup_Butons' located by 'By.cssSelector: .modal-footer>button' in '10' second(s)

2021-11-23 17:05:18 - [MESSAGE][INFO] - Smart Wait Function is triggered

2021-11-23 17:05:19 - [MESSAGE][INFO] - Found 2 web elements with id: 'Object Repository/Popup/Popup_Butons' located by 'By.cssSelector: .modal-footer>button' in '10' second(s)

2021-11-23 17:05:19 - [MESSAGE][PASSED] - Method.TextDegerineEsitElementeTikla is PASSED

2021-11-23 17:05:19 - [MESSAGE][PASSED] - Call Test Case 'Test Cases/Popup/PopupButonSecilir' successfully

2021-11-23 17:05:19 - [MESSAGE][INFO] - Checking called Test Case

2021-11-23 17:05:19 - [MESSAGE][INFO] - Starting to call Test Case 'Test Cases/Menu/AnaMenuSecimi'

2021-11-23 17:05:19 - [TEST_CASE][PASSED] - Test Cases/Menu/AnaMenuSecimi: Test Cases/Menu/AnaMenuSecimi

2021-11-23 17:05:19 - [TEST_STEP][PASSED] - Method.TextDegerineEsitElementeTikla(findTestObject("Menu/Ana_Menu"), Ana_Menu): Method.TextDegerineEsitElementeTikla is PASSED

2021-11-23 17:05:19 - [MESSAGE][INFO] - Finding Test Object 'Object Repository/Menu/Ana_Menu'

2021-11-23 17:05:19 - [MESSAGE][INFO] - Checking timeout

2021-11-23 17:05:19 - [MESSAGE][INFO] - Finding web element with id: 'Object Repository/Menu/Ana_Menu' located by 'By.xpath: //*[@class = 'dropdown-toggle']' in '10' second(s)

2021-11-23 17:05:19 - [MESSAGE][INFO] - Smart Wait Function is triggered

2021-11-23 17:05:20 - [MESSAGE][INFO] - Found 13 web elements with id: 'Object Repository/Menu/Ana_Menu' located by 'By.xpath: //*[@class = 'dropdown-toggle']' in '10' second(s)

2021-11-23 17:05:20 - [MESSAGE][PASSED] - Method.TextDegerineEsitElementeTikla is PASSED

2021-11-23 17:05:20 - [MESSAGE][PASSED] - Call Test Case 'Test Cases/Menu/AnaMenuSecimi' successfully

2021-11-23 17:05:20 - [MESSAGE][INFO] - Checking called Test Case

2021-11-23 17:05:20 - [MESSAGE][INFO] - Starting to call Test Case 'Test Cases/Menu/BasligaGoreAltMenuSecimi'

2021-11-23 17:05:20 - [TEST_CASE][PASSED] - Test Cases/Menu/BasligaGoreAltMenuSecimi: Test Cases/Menu/BasligaGoreAltMenuSecimi

2021-11-23 17:05:20 - [TEST_STEP][PASSED] - Method.TextDegerineEsitElementinAltindakiTextDegerineEsitOlanaTikla(findTestObject("Menu/Menu_Basligi"), findTestObject("Menu/Basliga_Gore_Alt_Menu"), Baslik, Alt_Menu): Method.TextDegerineEsitElementinAltindakiTextDegerineEsitOlanaTikla is PASSED

2021-11-23 17:05:20 - [MESSAGE][INFO] - Finding Test Object 'Object Repository/Menu/Menu_Basligi'

2021-11-23 17:05:20 - [MESSAGE][INFO] - Finding Test Object 'Object Repository/Menu/Basliga_Gore_Alt_Menu'

2021-11-23 17:05:20 - [MESSAGE][INFO] - Checking timeout

2021-11-23 17:05:20 - [MESSAGE][INFO] - Finding web element with id: 'Object Repository/Menu/Menu_Basligi' located by 'By.xpath: //li[@class='dropdown dropdown-large open']//li[@class='dropdown-header']' in '10' second(s)

2021-11-23 17:05:20 - [MESSAGE][INFO] - Smart Wait Function is triggered

2021-11-23 17:05:21 - [MESSAGE][INFO] - Found 2 web elements with id: 'Object Repository/Menu/Menu_Basligi' located by 'By.xpath: //li[@class='dropdown dropdown-large open']//li[@class='dropdown-header']' in '10' second(s)

2021-11-23 17:05:21 - [MESSAGE][INFO] - Smart Wait Function is triggered

2021-11-23 17:05:22 - [MESSAGE][PASSED] - Method.TextDegerineEsitElementinAltindakiTextDegerineEsitOlanaTikla is PASSED

2021-11-23 17:05:22 - [MESSAGE][PASSED] - Call Test Case 'Test Cases/Menu/BasligaGoreAltMenuSecimi' successfully

2021-11-23 17:05:22 - [MESSAGE][INFO] - Checking called Test Case

2021-11-23 17:05:22 - [MESSAGE][INFO] - Starting to call Test Case 'Test Cases/Filtreler/EttnYaz'

2021-11-23 17:05:22 - [TEST_CASE][PASSED] - Test Cases/Filtreler/EttnYaz: Test Cases/Filtreler/EttnYaz

2021-11-23 17:05:22 - [TEST_STEP][PASSED] - Method.TextDegerineEsitElementinAltindakiTextboxtaYaz(findTestObject("Filtreler/Basliklar"), findTestObject("Filtreler/Basliga_Gore_Textbox"), "ETTN", ettn): Method.TextDegerineEsitElementinAltindakiTextboxtaYaz is PASSED

2021-11-23 17:05:22 - [MESSAGE][INFO] - Finding Test Object 'Object Repository/Filtreler/Basliklar'

2021-11-23 17:05:22 - [MESSAGE][INFO] - Finding Test Object 'Object Repository/Filtreler/Basliga_Gore_Textbox'

2021-11-23 17:05:22 - [MESSAGE][INFO] - Checking timeout

2021-11-23 17:05:22 - [MESSAGE][INFO] - Finding web element with id: 'Object Repository/Filtreler/Basliklar' located by 'By.cssSelector: .control-label.col-sm-4.paddingMarginRLC' in '10' second(s)

2021-11-23 17:05:22 - [MESSAGE][INFO] - Smart Wait Function is triggered

2021-11-23 17:05:22 - [MESSAGE][INFO] - Found 19 web elements with id: 'Object Repository/Filtreler/Basliklar' located by 'By.cssSelector: .control-label.col-sm-4.paddingMarginRLC' in '10' second(s)

2021-11-23 17:05:22 - [MESSAGE][INFO] - Smart Wait Function is triggered

2021-11-23 17:05:23 - [MESSAGE][PASSED] - Method.TextDegerineEsitElementinAltindakiTextboxtaYaz is PASSED

2021-11-23 17:05:23 - [MESSAGE][PASSED] - Call Test Case 'Test Cases/Filtreler/EttnYaz' successfully

2021-11-23 17:05:23 - [MESSAGE][INFO] - Checking called Test Case

2021-11-23 17:05:23 - [MESSAGE][INFO] - Starting to call Test Case 'Test Cases/Filtreler/ButonaTikla'

2021-11-23 17:05:23 - [TEST_CASE][PASSED] - Test Cases/Filtreler/ButonaTikla: Test Cases/Filtreler/ButonaTikla

2021-11-23 17:05:23 - [TEST_STEP][PASSED] - Method.TextDegerineEsitElementeTikla(findTestObject("Filtreler/Butonlar"), Filtre_Buton): Method.TextDegerineEsitElementeTikla is PASSED

2021-11-23 17:05:23 - [MESSAGE][INFO] - Finding Test Object 'Object Repository/Filtreler/Butonlar'

2021-11-23 17:05:23 - [MESSAGE][INFO] - Checking timeout

2021-11-23 17:05:23 - [MESSAGE][INFO] - Finding web element with id: 'Object Repository/Filtreler/Butonlar' located by 'By.cssSelector: .dxb>span' in '10' second(s)

2021-11-23 17:05:23 - [MESSAGE][INFO] - Smart Wait Function is triggered

2021-11-23 17:05:24 - [MESSAGE][INFO] - Found 3 web elements with id: 'Object Repository/Filtreler/Butonlar' located by 'By.cssSelector: .dxb>span' in '10' second(s)

2021-11-23 17:05:24 - [MESSAGE][PASSED] - Method.TextDegerineEsitElementeTikla is PASSED

2021-11-23 17:05:24 - [MESSAGE][PASSED] - Call Test Case 'Test Cases/Filtreler/ButonaTikla' successfully

2021-11-23 17:05:24 - [MESSAGE][INFO] - Checking called Test Case

2021-11-23 17:05:24 - [MESSAGE][INFO] - Starting to call Test Case 'Test Cases/Tablo/TablodaVeriVarMi'

2021-11-23 17:05:24 - [TEST_CASE][PASSED] - Test Cases/Tablo/TablodaVeriVarMi: Test Cases/Tablo/TablodaVeriVarMi

2021-11-23 17:05:24 - [TEST_STEP][PASSED] - verifyTextNotPresent("Görüntülenecek veri yok", true): Text 'Görüntülenecek veri yok' is not present on page using regular expression

2021-11-23 17:05:24 - [MESSAGE][INFO] - Checking text present  using regular expression

2021-11-23 17:05:24 - [MESSAGE][INFO] - Smart Wait Function is triggered

2021-11-23 17:05:25 - [MESSAGE][INFO] - Finding text 'Görüntülenecek veri yok' on page  using regular expression

2021-11-23 17:05:25 - [MESSAGE][PASSED] - Text 'Görüntülenecek veri yok' is not present on page using regular expression

2021-11-23 17:05:25 - [MESSAGE][PASSED] - Call Test Case 'Test Cases/Tablo/TablodaVeriVarMi' successfully

2021-11-23 17:05:25 - [MESSAGE][INFO] - Checking called Test Case

2021-11-23 17:05:25 - [MESSAGE][INFO] - Starting to call Test Case 'Test Cases/Tablo/TablodaVeriBasariliMiArsiv'

2021-11-23 17:05:25 - [TEST_CASE][PASSED] - Test Cases/Tablo/TablodaVeriBasariliMiArsiv: Test Cases/Tablo/TablodaVeriBasariliMiArsiv

2021-11-23 17:05:25 - [TEST_STEP][PASSED] - sayac = 80: null

2021-11-23 17:05:25 - [TEST_STEP][PASSED] - while (verifyElementText(findTestObject("Object Repository/Tablo/DurumBilgisiArsiv"), "Henüz Sonuçlanmadı", OPTIONAL)): Actual text 'Başarılı' and expected text 'Henüz Sonuçlanmadı' of test object 'Object Repository/Tablo/DurumBilgisiArsiv' are NOT matched. (Root cause: com.kms.katalon.core.exception.StepFailedException: Actual text 'Başarılı' and expected text 'Henüz Sonuçlanmadı' of test object 'Object Repository/Tablo/DurumBilgisiArsiv' are NOT matched.
	at com.kms.katalon.core.webui.keyword.internal.WebUIKeywordMain.stepFailed(WebUIKeywordMain.groovy:64)
	at com.kms.katalon.core.webui.keyword.builtin.VerifyElementTextKeyword$_verifyElementText_closure1.doCall(VerifyElementTextKeyword.groovy:57)
	at com.kms.katalon.core.webui.keyword.builtin.VerifyElementTextKeyword$_verifyElementText_closure1.call(VerifyElementTextKeyword.groovy)
	at com.kms.katalon.core.webui.keyword.internal.WebUIKeywordMain.runKeyword(WebUIKeywordMain.groovy:20)
	at com.kms.katalon.core.webui.keyword.builtin.VerifyElementTextKeyword.verifyElementText(VerifyElementTextKeyword.groovy:72)
	at com.kms.katalon.core.webui.keyword.builtin.VerifyElementTextKeyword.execute(VerifyElementTextKeyword.groovy:40)
	at com.kms.katalon.core.keyword.internal.KeywordExecutor.executeKeywordForPlatform(KeywordExecutor.groovy:73)
	at com.kms.katalon.core.webui.keyword.WebUiBuiltInKeywords.verifyElementText(WebUiBuiltInKeywords.groovy:4733)
	at com.kms.katalon.core.webui.keyword.WebUiBuiltInKeywords$verifyElementText$20.call(Unknown Source)
	at TablodaVeriBasariliMiArsiv.run(TablodaVeriBasariliMiArsiv:22)
	at com.kms.katalon.core.main.ScriptEngine.run(ScriptEngine.java:194)
	at com.kms.katalon.core.main.ScriptEngine.runScriptAsRawText(ScriptEngine.java:119)
	at com.kms.katalon.core.main.TestCaseExecutor.runScript(TestCaseExecutor.java:369)
	at com.kms.katalon.core.main.TestCaseExecutor.doExecute(TestCaseExecutor.java:360)
	at com.kms.katalon.core.main.TestCaseExecutor.processExecutionPhase(TestCaseExecutor.java:339)
	at com.kms.katalon.core.main.TestCaseExecutor.accessMainPhase(TestCaseExecutor.java:331)
	at com.kms.katalon.core.main.TestCaseExecutor.execute(TestCaseExecutor.java:248)
	at com.kms.katalon.core.main.TestCaseMain.runTestCase(TestCaseMain.java:138)
	at com.kms.katalon.core.keyword.builtin.CallTestCaseKeyword$_callTestCase_closure1.doCall(CallTestCaseKeyword.groovy:59)
	at com.kms.katalon.core.keyword.builtin.CallTestCaseKeyword$_callTestCase_closure1.call(CallTestCaseKeyword.groovy)
	at com.kms.katalon.core.keyword.internal.KeywordMain.runKeyword(KeywordMain.groovy:68)
	at com.kms.katalon.core.keyword.builtin.CallTestCaseKeyword.callTestCase(CallTestCaseKeyword.groovy:81)
	at com.kms.katalon.core.keyword.builtin.CallTestCaseKeyword.execute(CallTestCaseKeyword.groovy:44)
	at com.kms.katalon.core.keyword.internal.KeywordExecutor.executeKeywordForPlatform(KeywordExecutor.groovy:73)
	at com.kms.katalon.core.keyword.BuiltinKeywords.callTestCase(BuiltinKeywords.groovy:334)
	at tablo.tablo.tablodaVeriBasariliMiArsiv(tablo.groovy:95)
	at cucumber.runtime.Utils$1.call(Utils.java:26)
	at cucumber.runtime.Timeout.timeout(Timeout.java:16)
	at cucumber.runtime.Utils.invoke(Utils.java:20)
	at cucumber.runtime.java.JavaStepDefinition.execute(JavaStepDefinition.java:49)
	at cucumber.runner.PickleStepDefinitionMatch.runStep(PickleStepDefinitionMatch.java:50)
	at cucumber.runner.TestStep.executeStep(TestStep.java:63)
	at cucumber.runner.TestStep.run(TestStep.java:49)
	at cucumber.runner.PickleStepTestStep.run(PickleStepTestStep.java:43)
	at cucumber.runner.TestCase.run(TestCase.java:44)
	at cucumber.runner.Runner.runPickle(Runner.java:40)
	at cucumber.runtime.Runtime$1.run(Runtime.java:84)
	at cucumber.runtime.Runtime$SameThreadExecutorService.execute(Runtime.java:220)
	at cucumber.runtime.Runtime.run(Runtime.java:81)
	at cucumber.api.cli.Main.run(Main.java:26)
	at cucumber.api.cli.Main$run.call(Unknown Source)
	at com.kms.katalon.core.cucumber.keyword.CucumberBuiltinKeywords$_runFeatureFile_closure1.doCall(CucumberBuiltinKeywords.groovy:106)
	at com.kms.katalon.core.cucumber.keyword.CucumberBuiltinKeywords$_runFeatureFile_closure1.doCall(CucumberBuiltinKeywords.groovy)
	at com.kms.katalon.core.keyword.internal.KeywordMain.runKeyword(KeywordMain.groovy:68)
	at com.kms.katalon.core.keyword.internal.KeywordMain$runKeyword.call(Unknown Source)
	at com.kms.katalon.core.cucumber.keyword.CucumberBuiltinKeywords.runFeatureFile(CucumberBuiltinKeywords.groovy:73)
	at com.kms.katalon.core.cucumber.keyword.CucumberBuiltinKeywords$runFeatureFile$0.callStatic(Unknown Source)
	at com.kms.katalon.core.cucumber.keyword.CucumberBuiltinKeywords.runFeatureFile(CucumberBuiltinKeywords.groovy:246)
	at com.kms.katalon.core.cucumber.keyword.CucumberBuiltinKeywords$runFeatureFile.call(Unknown Source)
	at VKN-Kagit-Ozel Matrah.run(VKN-Kagit-Ozel Matrah:19)
	at com.kms.katalon.core.main.ScriptEngine.run(ScriptEngine.java:194)
	at com.kms.katalon.core.main.ScriptEngine.runScriptAsRawText(ScriptEngine.java:119)
	at com.kms.katalon.core.main.TestCaseExecutor.runScript(TestCaseExecutor.java:369)
	at com.kms.katalon.core.main.TestCaseExecutor.doExecute(TestCaseExecutor.java:360)
	at com.kms.katalon.core.main.TestCaseExecutor.processExecutionPhase(TestCaseExecutor.java:339)
	at com.kms.katalon.core.main.TestCaseExecutor.accessMainPhase(TestCaseExecutor.java:331)
	at com.kms.katalon.core.main.TestCaseExecutor.execute(TestCaseExecutor.java:248)
	at com.kms.katalon.core.main.TestSuiteExecutor.accessTestCaseMainPhase(TestSuiteExecutor.java:191)
	at com.kms.katalon.core.main.TestSuiteExecutor.accessTestSuiteMainPhase(TestSuiteExecutor.java:140)
	at com.kms.katalon.core.main.TestSuiteExecutor.execute(TestSuiteExecutor.java:89)
	at com.kms.katalon.core.main.TestCaseMain.startTestSuite(TestCaseMain.java:181)
	at com.kms.katalon.core.main.TestCaseMain$startTestSuite$0.call(Unknown Source)
	at TempTestSuite1637674444414.run(TempTestSuite1637674444414.groovy:39)
)

2021-11-23 17:05:25 - [MESSAGE][INFO] - Finding Test Object 'Object Repository/Tablo/DurumBilgisiArsiv'

2021-11-23 17:05:25 - [MESSAGE][INFO] - Checking object

2021-11-23 17:05:25 - [MESSAGE][INFO] - Finding web element from Test Object's properties

2021-11-23 17:05:25 - [MESSAGE][INFO] - Checking timeout

2021-11-23 17:05:25 - [MESSAGE][INFO] - Finding web element with id: 'Object Repository/Tablo/DurumBilgisiArsiv' located by 'By.xpath: //*[@id = 'GridViewEArchiveInvoices_tccell0_9']' in '30' second(s)

2021-11-23 17:05:25 - [MESSAGE][INFO] - Smart Wait Function is triggered

2021-11-23 17:05:26 - [MESSAGE][INFO] - Found 1 web elements with id: 'Object Repository/Tablo/DurumBilgisiArsiv' located by 'By.xpath: //*[@id = 'GridViewEArchiveInvoices_tccell0_9']' in '30' second(s)

2021-11-23 17:05:26 - [MESSAGE][WARNING] - Actual text 'Başarılı' and expected text 'Henüz Sonuçlanmadı' of test object 'Object Repository/Tablo/DurumBilgisiArsiv' are NOT matched. (Root cause: com.kms.katalon.core.exception.StepFailedException: Actual text 'Başarılı' and expected text 'Henüz Sonuçlanmadı' of test object 'Object Repository/Tablo/DurumBilgisiArsiv' are NOT matched.
	at com.kms.katalon.core.webui.keyword.internal.WebUIKeywordMain.stepFailed(WebUIKeywordMain.groovy:64)
	at com.kms.katalon.core.webui.keyword.builtin.VerifyElementTextKeyword$_verifyElementText_closure1.doCall(VerifyElementTextKeyword.groovy:57)
	at com.kms.katalon.core.webui.keyword.builtin.VerifyElementTextKeyword$_verifyElementText_closure1.call(VerifyElementTextKeyword.groovy)
	at com.kms.katalon.core.webui.keyword.internal.WebUIKeywordMain.runKeyword(WebUIKeywordMain.groovy:20)
	at com.kms.katalon.core.webui.keyword.builtin.VerifyElementTextKeyword.verifyElementText(VerifyElementTextKeyword.groovy:72)
	at com.kms.katalon.core.webui.keyword.builtin.VerifyElementTextKeyword.execute(VerifyElementTextKeyword.groovy:40)
	at com.kms.katalon.core.keyword.internal.KeywordExecutor.executeKeywordForPlatform(KeywordExecutor.groovy:73)
	at com.kms.katalon.core.webui.keyword.WebUiBuiltInKeywords.verifyElementText(WebUiBuiltInKeywords.groovy:4733)
	at com.kms.katalon.core.webui.keyword.WebUiBuiltInKeywords$verifyElementText$20.call(Unknown Source)
	at TablodaVeriBasariliMiArsiv.run(TablodaVeriBasariliMiArsiv:22)
	at com.kms.katalon.core.main.ScriptEngine.run(ScriptEngine.java:194)
	at com.kms.katalon.core.main.ScriptEngine.runScriptAsRawText(ScriptEngine.java:119)
	at com.kms.katalon.core.main.TestCaseExecutor.runScript(TestCaseExecutor.java:369)
	at com.kms.katalon.core.main.TestCaseExecutor.doExecute(TestCaseExecutor.java:360)
	at com.kms.katalon.core.main.TestCaseExecutor.processExecutionPhase(TestCaseExecutor.java:339)
	at com.kms.katalon.core.main.TestCaseExecutor.accessMainPhase(TestCaseExecutor.java:331)
	at com.kms.katalon.core.main.TestCaseExecutor.execute(TestCaseExecutor.java:248)
	at com.kms.katalon.core.main.TestCaseMain.runTestCase(TestCaseMain.java:138)
	at com.kms.katalon.core.keyword.builtin.CallTestCaseKeyword$_callTestCase_closure1.doCall(CallTestCaseKeyword.groovy:59)
	at com.kms.katalon.core.keyword.builtin.CallTestCaseKeyword$_callTestCase_closure1.call(CallTestCaseKeyword.groovy)
	at com.kms.katalon.core.keyword.internal.KeywordMain.runKeyword(KeywordMain.groovy:68)
	at com.kms.katalon.core.keyword.builtin.CallTestCaseKeyword.callTestCase(CallTestCaseKeyword.groovy:81)
	at com.kms.katalon.core.keyword.builtin.CallTestCaseKeyword.execute(CallTestCaseKeyword.groovy:44)
	at com.kms.katalon.core.keyword.internal.KeywordExecutor.executeKeywordForPlatform(KeywordExecutor.groovy:73)
	at com.kms.katalon.core.keyword.BuiltinKeywords.callTestCase(BuiltinKeywords.groovy:334)
	at tablo.tablo.tablodaVeriBasariliMiArsiv(tablo.groovy:95)
	at cucumber.runtime.Utils$1.call(Utils.java:26)
	at cucumber.runtime.Timeout.timeout(Timeout.java:16)
	at cucumber.runtime.Utils.invoke(Utils.java:20)
	at cucumber.runtime.java.JavaStepDefinition.execute(JavaStepDefinition.java:49)
	at cucumber.runner.PickleStepDefinitionMatch.runStep(PickleStepDefinitionMatch.java:50)
	at cucumber.runner.TestStep.executeStep(TestStep.java:63)
	at cucumber.runner.TestStep.run(TestStep.java:49)
	at cucumber.runner.PickleStepTestStep.run(PickleStepTestStep.java:43)
	at cucumber.runner.TestCase.run(TestCase.java:44)
	at cucumber.runner.Runner.runPickle(Runner.java:40)
	at cucumber.runtime.Runtime$1.run(Runtime.java:84)
	at cucumber.runtime.Runtime$SameThreadExecutorService.execute(Runtime.java:220)
	at cucumber.runtime.Runtime.run(Runtime.java:81)
	at cucumber.api.cli.Main.run(Main.java:26)
	at cucumber.api.cli.Main$run.call(Unknown Source)
	at com.kms.katalon.core.cucumber.keyword.CucumberBuiltinKeywords$_runFeatureFile_closure1.doCall(CucumberBuiltinKeywords.groovy:106)
	at com.kms.katalon.core.cucumber.keyword.CucumberBuiltinKeywords$_runFeatureFile_closure1.doCall(CucumberBuiltinKeywords.groovy)
	at com.kms.katalon.core.keyword.internal.KeywordMain.runKeyword(KeywordMain.groovy:68)
	at com.kms.katalon.core.keyword.internal.KeywordMain$runKeyword.call(Unknown Source)
	at com.kms.katalon.core.cucumber.keyword.CucumberBuiltinKeywords.runFeatureFile(CucumberBuiltinKeywords.groovy:73)
	at com.kms.katalon.core.cucumber.keyword.CucumberBuiltinKeywords$runFeatureFile$0.callStatic(Unknown Source)
	at com.kms.katalon.core.cucumber.keyword.CucumberBuiltinKeywords.runFeatureFile(CucumberBuiltinKeywords.groovy:246)
	at com.kms.katalon.core.cucumber.keyword.CucumberBuiltinKeywords$runFeatureFile.call(Unknown Source)
	at VKN-Kagit-Ozel Matrah.run(VKN-Kagit-Ozel Matrah:19)
	at com.kms.katalon.core.main.ScriptEngine.run(ScriptEngine.java:194)
	at com.kms.katalon.core.main.ScriptEngine.runScriptAsRawText(ScriptEngine.java:119)
	at com.kms.katalon.core.main.TestCaseExecutor.runScript(TestCaseExecutor.java:369)
	at com.kms.katalon.core.main.TestCaseExecutor.doExecute(TestCaseExecutor.java:360)
	at com.kms.katalon.core.main.TestCaseExecutor.processExecutionPhase(TestCaseExecutor.java:339)
	at com.kms.katalon.core.main.TestCaseExecutor.accessMainPhase(TestCaseExecutor.java:331)
	at com.kms.katalon.core.main.TestCaseExecutor.execute(TestCaseExecutor.java:248)
	at com.kms.katalon.core.main.TestSuiteExecutor.accessTestCaseMainPhase(TestSuiteExecutor.java:191)
	at com.kms.katalon.core.main.TestSuiteExecutor.accessTestSuiteMainPhase(TestSuiteExecutor.java:140)
	at com.kms.katalon.core.main.TestSuiteExecutor.execute(TestSuiteExecutor.java:89)
	at com.kms.katalon.core.main.TestCaseMain.startTestSuite(TestCaseMain.java:181)
	at com.kms.katalon.core.main.TestCaseMain$startTestSuite$0.call(Unknown Source)
	at TempTestSuite1637674444414.run(TempTestSuite1637674444414.groovy:39)
)

2021-11-23 17:05:26 - [TEST_STEP][PASSED] - Method.TextDegerineEsitElementVarMi(findTestObject("Object Repository/Tablo/DurumBilgisiArsiv"), "Başarılı"): Method.TextDegerineEsitElementVarMi is PASSED

2021-11-23 17:05:26 - [MESSAGE][INFO] - Finding Test Object 'Object Repository/Tablo/DurumBilgisiArsiv'

2021-11-23 17:05:26 - [MESSAGE][INFO] - Checking timeout

2021-11-23 17:05:26 - [MESSAGE][INFO] - Finding web element with id: 'Object Repository/Tablo/DurumBilgisiArsiv' located by 'By.xpath: //*[@id = 'GridViewEArchiveInvoices_tccell0_9']' in '10' second(s)

2021-11-23 17:05:26 - [MESSAGE][INFO] - Smart Wait Function is triggered

2021-11-23 17:05:26 - [MESSAGE][INFO] - Found 1 web elements with id: 'Object Repository/Tablo/DurumBilgisiArsiv' located by 'By.xpath: //*[@id = 'GridViewEArchiveInvoices_tccell0_9']' in '10' second(s)

2021-11-23 17:05:26 - [MESSAGE][PASSED] - Method.TextDegerineEsitElementVarMi is PASSED

2021-11-23 17:05:26 - [MESSAGE][PASSED] - Call Test Case 'Test Cases/Tablo/TablodaVeriBasariliMiArsiv' successfully

2021-11-23 17:05:26 - [MESSAGE][INFO] - Checking called Test Case

2021-11-23 17:05:26 - [MESSAGE][INFO] - Starting to call Test Case 'Test Cases/Kullanici_Islemleri/KullaniciIslemlerindenSecimYapilir'

2021-11-23 17:05:26 - [TEST_CASE][PASSED] - Test Cases/Kullanici_Islemleri/KullaniciIslemlerindenSecimYapilir: Test Cases/Kullanici_Islemleri/KullaniciIslemlerindenSecimYapilir

2021-11-23 17:05:26 - [TEST_STEP][PASSED] - waitForElementClickable(findTestObject("Object Repository/Kullanici_Islemleri/KullaniciIslemleri"), 10): Object 'Object Repository/Kullanici_Islemleri/KullaniciIslemleri' is clickable

2021-11-23 17:05:26 - [MESSAGE][INFO] - Finding Test Object 'Object Repository/Kullanici_Islemleri/KullaniciIslemleri'

2021-11-23 17:05:26 - [MESSAGE][INFO] - Checking object

2021-11-23 17:05:26 - [MESSAGE][INFO] - Checking timeout

2021-11-23 17:05:26 - [MESSAGE][INFO] - Finding web element from Test Object's properties

2021-11-23 17:05:26 - [MESSAGE][INFO] - Checking timeout

2021-11-23 17:05:26 - [MESSAGE][INFO] - Finding web element with id: 'Object Repository/Kullanici_Islemleri/KullaniciIslemleri' located by 'By.cssSelector: .dropdown>a>img' in '10' second(s)

2021-11-23 17:05:26 - [MESSAGE][INFO] - Smart Wait Function is triggered

2021-11-23 17:05:26 - [MESSAGE][INFO] - Found 1 web elements with id: 'Object Repository/Kullanici_Islemleri/KullaniciIslemleri' located by 'By.cssSelector: .dropdown>a>img' in '10' second(s)

2021-11-23 17:05:26 - [MESSAGE][PASSED] - Object 'Object Repository/Kullanici_Islemleri/KullaniciIslemleri' is clickable

2021-11-23 17:05:26 - [TEST_STEP][PASSED] - click(findTestObject("Object Repository/Kullanici_Islemleri/KullaniciIslemleri")): Object: 'Object Repository/Kullanici_Islemleri/KullaniciIslemleri' is clicked on

2021-11-23 17:05:26 - [MESSAGE][INFO] - Finding Test Object 'Object Repository/Kullanici_Islemleri/KullaniciIslemleri'

2021-11-23 17:05:27 - [MESSAGE][INFO] - Checking object

2021-11-23 17:05:27 - [MESSAGE][INFO] - Finding web element from Test Object's properties

2021-11-23 17:05:27 - [MESSAGE][INFO] - Checking timeout

2021-11-23 17:05:27 - [MESSAGE][INFO] - Finding web element with id: 'Object Repository/Kullanici_Islemleri/KullaniciIslemleri' located by 'By.cssSelector: .dropdown>a>img' in '30' second(s)

2021-11-23 17:05:27 - [MESSAGE][INFO] - Smart Wait Function is triggered

2021-11-23 17:05:27 - [MESSAGE][INFO] - Found 1 web elements with id: 'Object Repository/Kullanici_Islemleri/KullaniciIslemleri' located by 'By.cssSelector: .dropdown>a>img' in '30' second(s)

2021-11-23 17:05:27 - [MESSAGE][INFO] - Clicking on object: 'Object Repository/Kullanici_Islemleri/KullaniciIslemleri'

2021-11-23 17:05:27 - [MESSAGE][PASSED] - Object: 'Object Repository/Kullanici_Islemleri/KullaniciIslemleri' is clicked on

2021-11-23 17:05:27 - [TEST_STEP][PASSED] - Method.TextDegerineEsitElementeTikla(findTestObject("Object Repository/Kullanici_Islemleri/Secenekler"), Islem): Method.TextDegerineEsitElementeTikla is PASSED

2021-11-23 17:05:27 - [MESSAGE][INFO] - Finding Test Object 'Object Repository/Kullanici_Islemleri/Secenekler'

2021-11-23 17:05:27 - [MESSAGE][INFO] - Checking timeout

2021-11-23 17:05:27 - [MESSAGE][INFO] - Finding web element with id: 'Object Repository/Kullanici_Islemleri/Secenekler' located by 'By.cssSelector: .nav.navbar-nav.navbar-right li a' in '10' second(s)

2021-11-23 17:05:27 - [MESSAGE][INFO] - Smart Wait Function is triggered

2021-11-23 17:05:27 - [MESSAGE][INFO] - Found 20 web elements with id: 'Object Repository/Kullanici_Islemleri/Secenekler' located by 'By.cssSelector: .nav.navbar-nav.navbar-right li a' in '10' second(s)

2021-11-23 17:05:30 - [MESSAGE][PASSED] - Method.TextDegerineEsitElementeTikla is PASSED

2021-11-23 17:05:30 - [TEST_STEP][PASSED] - verifyElementNotPresent(findTestObject("Object Repository/Kullanici_Islemleri/Secenekler"), 10): Web element with id: 'Object Repository/Kullanici_Islemleri/Secenekler' located by 'By.cssSelector: .nav.navbar-nav.navbar-right li a' is not present after '10' second(s)

2021-11-23 17:05:30 - [MESSAGE][INFO] - Finding Test Object 'Object Repository/Kullanici_Islemleri/Secenekler'

2021-11-23 17:05:30 - [MESSAGE][INFO] - Checking object

2021-11-23 17:05:30 - [MESSAGE][INFO] - Checking timeout

2021-11-23 17:05:30 - [MESSAGE][INFO] - Finding web element with id: 'Object Repository/Kullanici_Islemleri/Secenekler' located by 'By.cssSelector: .nav.navbar-nav.navbar-right li a' in '10' second(s)

2021-11-23 17:05:30 - [MESSAGE][INFO] - Smart Wait Function is triggered

2021-11-23 17:05:30 - [MESSAGE][PASSED] - Web element with id: 'Object Repository/Kullanici_Islemleri/Secenekler' located by 'By.cssSelector: .nav.navbar-nav.navbar-right li a' is not present after '10' second(s)

2021-11-23 17:05:30 - [MESSAGE][PASSED] - Call Test Case 'Test Cases/Kullanici_Islemleri/KullaniciIslemlerindenSecimYapilir' successfully

2021-11-23 17:05:30 - [TEST_CASE][PASSED] - Start Test Case : SCENARIO Gonderim tipi Kagit ve Ozel Matrah tipinde e-Arsiv faturasi olusturulmasi: SCENARIO Gonderim tipi Kagit ve Ozel Matrah tipinde e-Arsiv faturasi olusturulmasi

2021-11-23 17:05:30 - [TEST_STEP][PASSED] - Kullanıcı adı EARMATRAH ve Şifre test1234 olarak giriş yapılır: Kullanıcı adı EARMATRAH ve Şifre test1234 olarak giriş yapılır

2021-11-23 17:05:30 - [MESSAGE][PASSED] - Kullanıcı adı EARMATRAH ve Şifre test1234 olarak giriş yapılır

2021-11-23 17:05:30 - [TEST_STEP][PASSED] - Ana menüden e-Arşiv seçilir: Ana menüden e-Arşiv seçilir

2021-11-23 17:05:30 - [MESSAGE][PASSED] - Ana menüden e-Arşiv seçilir

2021-11-23 17:05:30 - [TEST_STEP][PASSED] - Alt menü e-Arşiv Araçları başlığı altındaki e-Arşiv Fatura Oluşturma seçilir: Alt menü e-Arşiv Araçları başlığı altındaki e-Arşiv Fatura Oluşturma seçilir

2021-11-23 17:05:30 - [MESSAGE][PASSED] - Alt menü e-Arşiv Araçları başlığı altındaki e-Arşiv Fatura Oluşturma seçilir

2021-11-23 17:05:30 - [TEST_STEP][PASSED] - Tablodaki tüm veriler silinir: Tablodaki tüm veriler silinir

2021-11-23 17:05:30 - [MESSAGE][PASSED] - Tablodaki tüm veriler silinir

2021-11-23 17:05:30 - [TEST_STEP][PASSED] - Butonlardan Ekle isimli butona tıklanır: Butonlardan Ekle isimli butona tıklanır

2021-11-23 17:05:30 - [MESSAGE][PASSED] - Butonlardan Ekle isimli butona tıklanır

2021-11-23 17:05:30 - [TEST_STEP][PASSED] - Görsel tasarım sayfasının e-Arşiv Fatura Bilgileri başlığını içerdiği kontrol edilir: Görsel tasarım sayfasının e-Arşiv Fatura Bilgileri başlığını içerdiği kontrol edilir

2021-11-23 17:05:30 - [MESSAGE][PASSED] - Görsel tasarım sayfasının e-Arşiv Fatura Bilgileri başlığını içerdiği kontrol edilir

2021-11-23 17:05:30 - [TEST_STEP][PASSED] - Alıcı adı alanına UC0014 girilir: Alıcı adı alanına UC0014 girilir

2021-11-23 17:05:30 - [MESSAGE][PASSED] - Alıcı adı alanına UC0014 girilir

2021-11-23 17:05:30 - [TEST_STEP][PASSED] - Gönderim Şekli Kağıt olarak seçilir: Gönderim Şekli Kağıt olarak seçilir

2021-11-23 17:05:30 - [MESSAGE][PASSED] - Gönderim Şekli Kağıt olarak seçilir

2021-11-23 17:05:30 - [TEST_STEP][PASSED] - Tip alanından Özel Matrah seçilir: Tip alanından Özel Matrah seçilir

2021-11-23 17:05:30 - [MESSAGE][PASSED] - Tip alanından Özel Matrah seçilir

2021-11-23 17:05:30 - [TEST_STEP][PASSED] - Döküman Para Birimi alanından Türk Lirası seçilir: Döküman Para Birimi alanından Türk Lirası seçilir

2021-11-23 17:05:30 - [MESSAGE][PASSED] - Döküman Para Birimi alanından Türk Lirası seçilir

2021-11-23 17:05:30 - [TEST_STEP][PASSED] - Ön Ek EAR olarak seçilir: Ön Ek EAR olarak seçilir

2021-11-23 17:05:30 - [MESSAGE][PASSED] - Ön Ek EAR olarak seçilir

2021-11-23 17:05:30 - [TEST_STEP][PASSED] - Tasarım alanından Otomasyon seçilir: Tasarım alanından Otomasyon seçilir

2021-11-23 17:05:30 - [MESSAGE][PASSED] - Tasarım alanından Otomasyon seçilir

2021-11-23 17:05:30 - [TEST_STEP][PASSED] - Sipariş bilgileri UUC-SAT-1200001 ve 31.04.2020 olarak girilir: Sipariş bilgileri UUC-SAT-1200001 ve 31.04.2020 olarak girilir

2021-11-23 17:05:30 - [MESSAGE][PASSED] - Sipariş bilgileri UUC-SAT-1200001 ve 31.04.2020 olarak girilir

2021-11-23 17:05:30 - [TEST_STEP][PASSED] - İrsaliye Bilgileri AAAAAAAAAA,31.04.2020 olarak girilir: İrsaliye Bilgileri AAAAAAAAAA,31.04.2020 olarak girilir

2021-11-23 17:05:30 - [MESSAGE][PASSED] - İrsaliye Bilgileri AAAAAAAAAA,31.04.2020 olarak girilir

2021-11-23 17:05:30 - [TEST_STEP][PASSED] - Ekle butonuna basılır: Ekle butonuna basılır

2021-11-23 17:05:30 - [MESSAGE][PASSED] - Ekle butonuna basılır

2021-11-23 17:05:30 - [TEST_STEP][PASSED] - Ürün ekleme alanında Mal/Hizmet başlığına Otomasyon girilir: Ürün ekleme alanında Mal/Hizmet başlığına Otomasyon girilir

2021-11-23 17:05:30 - [MESSAGE][PASSED] - Ürün ekleme alanında Mal/Hizmet başlığına Otomasyon girilir

2021-11-23 17:05:30 - [TEST_STEP][PASSED] - Ürün ekleme alanında Açıklaması başlığına Virgosol girilir: Ürün ekleme alanında Açıklaması başlığına Virgosol girilir

2021-11-23 17:05:30 - [MESSAGE][PASSED] - Ürün ekleme alanında Açıklaması başlığına Virgosol girilir

2021-11-23 17:05:30 - [TEST_STEP][PASSED] - Ürün ekleme alanında Miktarı başlığına 400 girilir: Ürün ekleme alanında Miktarı başlığına 400 girilir

2021-11-23 17:05:30 - [MESSAGE][PASSED] - Ürün ekleme alanında Miktarı başlığına 400 girilir

2021-11-23 17:05:30 - [TEST_STEP][PASSED] - Ürün ekleme alanında Birim Fiyat başlığına 100 girilir: Ürün ekleme alanında Birim Fiyat başlığına 100 girilir

2021-11-23 17:05:30 - [MESSAGE][PASSED] - Ürün ekleme alanında Birim Fiyat başlığına 100 girilir

2021-11-23 17:05:30 - [TEST_STEP][PASSED] - Ürün ekleme alanında İskonto Oranı % başlığına 10 girilir: Ürün ekleme alanında İskonto Oranı % başlığına 10 girilir

2021-11-23 17:05:30 - [MESSAGE][PASSED] - Ürün ekleme alanında İskonto Oranı % başlığına 10 girilir

2021-11-23 17:05:30 - [TEST_STEP][PASSED] - Notlar alanına Otomasyon Not girilir: Notlar alanına Otomasyon Not girilir

2021-11-23 17:05:30 - [MESSAGE][PASSED] - Notlar alanına Otomasyon Not girilir

2021-11-23 17:05:30 - [TEST_STEP][PASSED] - Ettn bilgisi kayıt edilir: Ettn bilgisi kayıt edilir

2021-11-23 17:05:30 - [MESSAGE][PASSED] - Ettn bilgisi kayıt edilir

2021-11-23 17:05:30 - [TEST_STEP][PASSED] - Kaydet butonu seçilir: Kaydet butonu seçilir

2021-11-23 17:05:30 - [MESSAGE][PASSED] - Kaydet butonu seçilir

2021-11-23 17:05:30 - [TEST_STEP][PASSED] - Tabloda Ettn bilgisi kaydedilen veri oluşturuldu mu: Tabloda Ettn bilgisi kaydedilen veri oluşturuldu mu

2021-11-23 17:05:30 - [MESSAGE][PASSED] - Tabloda Ettn bilgisi kaydedilen veri oluşturuldu mu

2021-11-23 17:05:30 - [TEST_STEP][PASSED] - Tablodan Ettn bilgisi kaydedilen veri seçilir: Tablodan Ettn bilgisi kaydedilen veri seçilir

2021-11-23 17:05:30 - [MESSAGE][PASSED] - Tablodan Ettn bilgisi kaydedilen veri seçilir

2021-11-23 17:05:30 - [TEST_STEP][PASSED] - Butonlardan Numara Oluştur isimli butona tıklanır: Butonlardan Numara Oluştur isimli butona tıklanır

2021-11-23 17:05:30 - [MESSAGE][PASSED] - Butonlardan Numara Oluştur isimli butona tıklanır

2021-11-23 17:05:30 - [TEST_STEP][PASSED] - Popup mesajı Devam etmek istiyor musunuz içeriyor mu: Popup mesajı Devam etmek istiyor musunuz içeriyor mu

2021-11-23 17:05:30 - [MESSAGE][PASSED] - Popup mesajı Devam etmek istiyor musunuz içeriyor mu

2021-11-23 17:05:30 - [TEST_STEP][PASSED] - Yönetim popupında Evet seçilir: Yönetim popupında Evet seçilir

2021-11-23 17:05:30 - [MESSAGE][PASSED] - Yönetim popupında Evet seçilir

2021-11-23 17:05:30 - [TEST_STEP][PASSED] - Popup mesajı oluşmuştur içeriyor mu: Popup mesajı oluşmuştur içeriyor mu

2021-11-23 17:05:30 - [MESSAGE][PASSED] - Popup mesajı oluşmuştur içeriyor mu

2021-11-23 17:05:30 - [TEST_STEP][PASSED] - Yönetim popupında Tamam seçilir: Yönetim popupında Tamam seçilir

2021-11-23 17:05:30 - [MESSAGE][PASSED] - Yönetim popupında Tamam seçilir

2021-11-23 17:05:30 - [TEST_STEP][PASSED] - Tablodan Ettn bilgisi kaydedilen veri seçilir: Tablodan Ettn bilgisi kaydedilen veri seçilir

2021-11-23 17:05:30 - [MESSAGE][PASSED] - Tablodan Ettn bilgisi kaydedilen veri seçilir

2021-11-23 17:05:30 - [TEST_STEP][PASSED] - Butonlardan Gönder isimli butona tıklanır: Butonlardan Gönder isimli butona tıklanır

2021-11-23 17:05:30 - [MESSAGE][PASSED] - Butonlardan Gönder isimli butona tıklanır

2021-11-23 17:05:30 - [TEST_STEP][PASSED] - Popup mesajı Devam etmek istiyor musunuz içeriyor mu: Popup mesajı Devam etmek istiyor musunuz içeriyor mu

2021-11-23 17:05:30 - [MESSAGE][PASSED] - Popup mesajı Devam etmek istiyor musunuz içeriyor mu

2021-11-23 17:05:30 - [TEST_STEP][PASSED] - Yönetim popupında Evet seçilir: Yönetim popupında Evet seçilir

2021-11-23 17:05:30 - [MESSAGE][PASSED] - Yönetim popupında Evet seçilir

2021-11-23 17:05:30 - [TEST_STEP][PASSED] - Ana menüden e-Arşiv seçilir: Ana menüden e-Arşiv seçilir

2021-11-23 17:05:30 - [MESSAGE][PASSED] - Ana menüden e-Arşiv seçilir

2021-11-23 17:05:30 - [TEST_STEP][PASSED] - Alt menü e-Arşiv Hareketleri başlığı altındaki e-Arşiv Faturaları seçilir: Alt menü e-Arşiv Hareketleri başlığı altındaki e-Arşiv Faturaları seçilir

2021-11-23 17:05:30 - [MESSAGE][PASSED] - Alt menü e-Arşiv Hareketleri başlığı altındaki e-Arşiv Faturaları seçilir

2021-11-23 17:05:30 - [TEST_STEP][PASSED] - Filtrelerden Ettn filtresine Ettn bilgisi yaz: Filtrelerden Ettn filtresine Ettn bilgisi yaz

2021-11-23 17:05:30 - [MESSAGE][PASSED] - Filtrelerden Ettn filtresine Ettn bilgisi yaz

2021-11-23 17:05:30 - [TEST_STEP][PASSED] - Filtre butonlarından Listele seçilir: Filtre butonlarından Listele seçilir

2021-11-23 17:05:30 - [MESSAGE][PASSED] - Filtre butonlarından Listele seçilir

2021-11-23 17:05:30 - [TEST_STEP][PASSED] - Tabloda veri var mı kontrol edilir: Tabloda veri var mı kontrol edilir

2021-11-23 17:05:30 - [MESSAGE][PASSED] - Tabloda veri var mı kontrol edilir

2021-11-23 17:05:30 - [TEST_STEP][PASSED] - Tabloda yeni oluşturulan eArsiv verisi başarılı mı: Tabloda yeni oluşturulan eArsiv verisi başarılı mı

2021-11-23 17:05:30 - [MESSAGE][PASSED] - Tabloda yeni oluşturulan eArsiv verisi başarılı mı

2021-11-23 17:05:30 - [TEST_STEP][PASSED] - Kullanıcı işlemlerinden Çıkış seçilir: Kullanıcı işlemlerinden Çıkış seçilir

2021-11-23 17:05:30 - [MESSAGE][PASSED] - Kullanıcı işlemlerinden Çıkış seçilir

2021-11-23 17:05:30 - [MESSAGE][PASSED] - Feature file: 'Include/features/Regresyon/e-Arsiv/VKN-Kagit-Ozel Matrah.feature' was passed

2021-11-23 17:05:30 - [TEST_STEP][PASSED] - Start listener action : sampleAfterTestSuite: Invoke 'com.kms.katalon.core.annotation.AfterTestCase' method: 'Listener.sampleAfterTestSuite(...)' completed.

2021-11-23 17:05:30 - [MESSAGE][INFO] - Starting invoke 'com.kms.katalon.core.annotation.AfterTestCase' method: 'Listener.sampleAfterTestSuite(...)'

2021-11-23 17:05:30 - [TEST_STEP][PASSED] - closeBrowser(): Invoke 'com.kms.katalon.core.annotation.AfterTestCase' method: 'Listener.sampleAfterTestSuite(...)' completed.

2021-11-23 17:05:30 - [MESSAGE][INFO] - Closing browser

2021-11-23 17:05:31 - [MESSAGE][PASSED] - Browser is closed

2021-11-23 17:05:31 - [MESSAGE][INFO] - Invoke 'com.kms.katalon.core.annotation.AfterTestCase' method: 'Listener.sampleAfterTestSuite(...)' completed.]]></system-out>
         <system-err><![CDATA[]]></system-err>
      </testcase>
      <testcase name="Test Cases/Case Repository/Regresyon/e-Arsiv/VKN-Kagit-Satis" time="124.185" classname="Test Cases/Case Repository/Regresyon/e-Arsiv/VKN-Kagit-Satis" status="PASSED">
         <system-out><![CDATA[2021-11-23 17:05:31 - [TEST_CASE][PASSED] - Test Cases/Case Repository/Regresyon/e-Arsiv/VKN-Kagit-Satis: Test Cases/Case Repository/Regresyon/e-Arsiv/VKN-Kagit-Satis

2021-11-23 17:05:31 - [TEST_STEP][PASSED] - Start listener action : sampleBeforeTestSuite: Invoke 'com.kms.katalon.core.annotation.BeforeTestCase' method: 'Listener.sampleBeforeTestSuite(...)' completed.

2021-11-23 17:05:31 - [MESSAGE][INFO] - Starting invoke 'com.kms.katalon.core.annotation.BeforeTestCase' method: 'Listener.sampleBeforeTestSuite(...)'

2021-11-23 17:05:31 - [TEST_STEP][PASSED] - openBrowser(baseUrl): Browser is opened with url: 'https://efatura-stage.elogo.com.tr/'

2021-11-23 17:05:31 - [MESSAGE][INFO] - Opening browser

2021-11-23 17:05:31 - [MESSAGE][INFO] - Starting 'Chrome' driver

2021-11-23 17:05:31 - [MESSAGE][INFO] - User set preference: ['prefs', '{download.default_directory=C:\otomasyondownfiles}']

2021-11-23 17:05:31 - [MESSAGE][INFO] - Action delay is set to 0 milliseconds

2021-11-23 17:05:33 - [MESSAGE][INFO] - Navigating browser to: 'https://efatura-stage.elogo.com.tr/'

2021-11-23 17:05:44 - [MESSAGE][PASSED] - Browser is opened with url: 'https://efatura-stage.elogo.com.tr/'

2021-11-23 17:05:44 - [TEST_STEP][PASSED] - maximizeWindow(): Invoke 'com.kms.katalon.core.annotation.BeforeTestCase' method: 'Listener.sampleBeforeTestSuite(...)' completed.

2021-11-23 17:05:44 - [MESSAGE][INFO] - Maximizing current window

2021-11-23 17:05:44 - [MESSAGE][PASSED] - Current window maximized

2021-11-23 17:05:44 - [MESSAGE][INFO] - Invoke 'com.kms.katalon.core.annotation.BeforeTestCase' method: 'Listener.sampleBeforeTestSuite(...)' completed.

2021-11-23 17:05:45 - [TEST_STEP][PASSED] - runFeatureFile("Include/features/Regresyon/e-Arsiv/VKN-Kagit-Satis.feature"): Feature file: 'Include/features/Regresyon/e-Arsiv/VKN-Kagit-Satis.feature' was passed

2021-11-23 17:05:45 - [MESSAGE][INFO] - Starting run keyword runFeatureFile: 'Include/features/Regresyon/e-Arsiv/VKN-Kagit-Satis.feature' and extract report to folder: 'C:\Users\DELL\Documents\GitHub\EES_KatalonLogo\Reports\20211123_163326\Suite Repository\Regresyon-eArsiv-eMakbuz\20211123_163404/cucumber_report/1637676345468'...

2021-11-23 17:05:45 - [MESSAGE][INFO] - Glue: []

2021-11-23 17:05:48 - [MESSAGE][INFO] - Checking called Test Case

2021-11-23 17:05:48 - [MESSAGE][INFO] - Starting to call Test Case 'Test Cases/Sayfalar/Giris_Sayfasi/Login'

2021-11-23 17:05:48 - [TEST_CASE][PASSED] - Test Cases/Sayfalar/Giris_Sayfasi/Login: Test Cases/Sayfalar/Giris_Sayfasi/Login

2021-11-23 17:05:48 - [TEST_STEP][PASSED] - Sayfa_Basligi = getWindowTitle(): Current window's title is: 'LOGO e-Fatura'

2021-11-23 17:05:48 - [MESSAGE][INFO] - Getting current window's title

2021-11-23 17:05:48 - [MESSAGE][PASSED] - Current window's title is: 'LOGO e-Fatura'

2021-11-23 17:05:48 - [TEST_STEP][PASSED] - verifyMatch(Sayfa_Basligi, "LOGO e-Fatura", false): Actual text 'LOGO e-Fatura' and expected text 'LOGO e-Fatura' are matched 

2021-11-23 17:05:48 - [MESSAGE][INFO] - Matching actual text 'LOGO e-Fatura' with expected text 'LOGO e-Fatura'

2021-11-23 17:05:48 - [MESSAGE][PASSED] - Actual text 'LOGO e-Fatura' and expected text 'LOGO e-Fatura' are matched 

2021-11-23 17:05:48 - [TEST_STEP][PASSED] - sendKeys(findTestObject("Sayfalar/Giris_Sayfasi/Firma_Kodu"), KullaniciAdi): Keys 'EARSATIS' sent to object: 'Object Repository/Sayfalar/Giris_Sayfasi/Firma_Kodu'

2021-11-23 17:05:48 - [MESSAGE][INFO] - Finding Test Object 'Object Repository/Sayfalar/Giris_Sayfasi/Firma_Kodu'

2021-11-23 17:05:48 - [MESSAGE][INFO] - Sending keys 'EARSATIS' to object: 'Object Repository/Sayfalar/Giris_Sayfasi/Firma_Kodu'

2021-11-23 17:05:48 - [MESSAGE][INFO] - Finding web element from Test Object's properties

2021-11-23 17:05:48 - [MESSAGE][INFO] - Checking timeout

2021-11-23 17:05:48 - [MESSAGE][INFO] - Finding web element with id: 'Object Repository/Sayfalar/Giris_Sayfasi/Firma_Kodu' located by 'By.xpath: //*[@id = 'AccountName']' in '30' second(s)

2021-11-23 17:05:48 - [MESSAGE][INFO] - Smart Wait Function is triggered

2021-11-23 17:05:49 - [MESSAGE][INFO] - Found 1 web elements with id: 'Object Repository/Sayfalar/Giris_Sayfasi/Firma_Kodu' located by 'By.xpath: //*[@id = 'AccountName']' in '30' second(s)

2021-11-23 17:05:49 - [MESSAGE][PASSED] - Keys 'EARSATIS' sent to object: 'Object Repository/Sayfalar/Giris_Sayfasi/Firma_Kodu'

2021-11-23 17:05:49 - [TEST_STEP][PASSED] - sendKeys(findTestObject("Sayfalar/Giris_Sayfasi/Sifre"), Sifre): Keys 'test1234' sent to object: 'Object Repository/Sayfalar/Giris_Sayfasi/Sifre'

2021-11-23 17:05:49 - [MESSAGE][INFO] - Finding Test Object 'Object Repository/Sayfalar/Giris_Sayfasi/Sifre'

2021-11-23 17:05:49 - [MESSAGE][INFO] - Sending keys 'test1234' to object: 'Object Repository/Sayfalar/Giris_Sayfasi/Sifre'

2021-11-23 17:05:49 - [MESSAGE][INFO] - Finding web element from Test Object's properties

2021-11-23 17:05:49 - [MESSAGE][INFO] - Checking timeout

2021-11-23 17:05:49 - [MESSAGE][INFO] - Finding web element with id: 'Object Repository/Sayfalar/Giris_Sayfasi/Sifre' located by 'By.xpath: //*[@id = 'Password']' in '30' second(s)

2021-11-23 17:05:49 - [MESSAGE][INFO] - Smart Wait Function is triggered

2021-11-23 17:05:49 - [MESSAGE][INFO] - Found 1 web elements with id: 'Object Repository/Sayfalar/Giris_Sayfasi/Sifre' located by 'By.xpath: //*[@id = 'Password']' in '30' second(s)

2021-11-23 17:05:49 - [MESSAGE][PASSED] - Keys 'test1234' sent to object: 'Object Repository/Sayfalar/Giris_Sayfasi/Sifre'

2021-11-23 17:05:49 - [TEST_STEP][PASSED] - findWebElement(findTestObject("Sayfalar/Giris_Sayfasi/Giris_Butonu")).click(): Found 1 web elements with id: 'Object Repository/Sayfalar/Giris_Sayfasi/Giris_Butonu' located by 'By.cssSelector: #btnLogin' in '30' second(s)

2021-11-23 17:05:49 - [MESSAGE][INFO] - Finding Test Object 'Object Repository/Sayfalar/Giris_Sayfasi/Giris_Butonu'

2021-11-23 17:05:49 - [MESSAGE][INFO] - Finding web element from Test Object's properties

2021-11-23 17:05:49 - [MESSAGE][INFO] - Checking timeout

2021-11-23 17:05:49 - [MESSAGE][INFO] - Finding web element with id: 'Object Repository/Sayfalar/Giris_Sayfasi/Giris_Butonu' located by 'By.cssSelector: #btnLogin' in '30' second(s)

2021-11-23 17:05:49 - [MESSAGE][INFO] - Smart Wait Function is triggered

2021-11-23 17:05:50 - [MESSAGE][INFO] - Found 1 web elements with id: 'Object Repository/Sayfalar/Giris_Sayfasi/Giris_Butonu' located by 'By.cssSelector: #btnLogin' in '30' second(s)

2021-11-23 17:05:52 - [TEST_STEP][PASSED] - if (verifyElementPresent(findTestObject("Object Repository/Sayfalar/Giris_Sayfasi/RetveTamam_Butonu"), 5, OPTIONAL)): null

2021-11-23 17:05:52 - [MESSAGE][INFO] - Finding Test Object 'Object Repository/Sayfalar/Giris_Sayfasi/RetveTamam_Butonu'

2021-11-23 17:05:52 - [MESSAGE][INFO] - Checking object

2021-11-23 17:05:52 - [MESSAGE][INFO] - Finding web element from Test Object's properties

2021-11-23 17:05:52 - [MESSAGE][INFO] - Checking timeout

2021-11-23 17:05:52 - [MESSAGE][INFO] - Finding web element with id: 'Object Repository/Sayfalar/Giris_Sayfasi/RetveTamam_Butonu' located by 'By.xpath: //*[@class = 'btn btn-default']' in '5' second(s)

2021-11-23 17:05:52 - [MESSAGE][INFO] - Smart Wait Function is triggered

2021-11-23 17:05:52 - [MESSAGE][INFO] - Found 1 web elements with id: 'Object Repository/Sayfalar/Giris_Sayfasi/RetveTamam_Butonu' located by 'By.xpath: //*[@class = 'btn btn-default']' in '5' second(s)

2021-11-23 17:05:52 - [MESSAGE][PASSED] - Object 'Object Repository/Sayfalar/Giris_Sayfasi/RetveTamam_Butonu' is present

2021-11-23 17:05:52 - [TEST_STEP][PASSED] - click(findTestObject("Object Repository/Sayfalar/Giris_Sayfasi/RetveTamam_Butonu")): Object: 'Object Repository/Sayfalar/Giris_Sayfasi/RetveTamam_Butonu' is clicked on

2021-11-23 17:05:52 - [MESSAGE][INFO] - Finding Test Object 'Object Repository/Sayfalar/Giris_Sayfasi/RetveTamam_Butonu'

2021-11-23 17:05:52 - [MESSAGE][INFO] - Checking object

2021-11-23 17:05:52 - [MESSAGE][INFO] - Finding web element from Test Object's properties

2021-11-23 17:05:52 - [MESSAGE][INFO] - Checking timeout

2021-11-23 17:05:52 - [MESSAGE][INFO] - Finding web element with id: 'Object Repository/Sayfalar/Giris_Sayfasi/RetveTamam_Butonu' located by 'By.xpath: //*[@class = 'btn btn-default']' in '30' second(s)

2021-11-23 17:05:52 - [MESSAGE][INFO] - Smart Wait Function is triggered

2021-11-23 17:05:52 - [MESSAGE][INFO] - Found 1 web elements with id: 'Object Repository/Sayfalar/Giris_Sayfasi/RetveTamam_Butonu' located by 'By.xpath: //*[@class = 'btn btn-default']' in '30' second(s)

2021-11-23 17:05:52 - [MESSAGE][INFO] - Clicking on object: 'Object Repository/Sayfalar/Giris_Sayfasi/RetveTamam_Butonu'

2021-11-23 17:05:52 - [MESSAGE][PASSED] - Object: 'Object Repository/Sayfalar/Giris_Sayfasi/RetveTamam_Butonu' is clicked on

2021-11-23 17:05:52 - [TEST_STEP][PASSED] - click(findTestObject("Object Repository/Sayfalar/Giris_Sayfasi/RetveTamam_Butonu")): Object: 'Object Repository/Sayfalar/Giris_Sayfasi/RetveTamam_Butonu' is clicked on

2021-11-23 17:05:52 - [MESSAGE][INFO] - Finding Test Object 'Object Repository/Sayfalar/Giris_Sayfasi/RetveTamam_Butonu'

2021-11-23 17:05:53 - [MESSAGE][INFO] - Checking object

2021-11-23 17:05:53 - [MESSAGE][INFO] - Finding web element from Test Object's properties

2021-11-23 17:05:53 - [MESSAGE][INFO] - Checking timeout

2021-11-23 17:05:53 - [MESSAGE][INFO] - Finding web element with id: 'Object Repository/Sayfalar/Giris_Sayfasi/RetveTamam_Butonu' located by 'By.xpath: //*[@class = 'btn btn-default']' in '30' second(s)

2021-11-23 17:05:53 - [MESSAGE][INFO] - Smart Wait Function is triggered

2021-11-23 17:05:56 - [MESSAGE][INFO] - Found 1 web elements with id: 'Object Repository/Sayfalar/Giris_Sayfasi/RetveTamam_Butonu' located by 'By.xpath: //*[@class = 'btn btn-default']' in '30' second(s)

2021-11-23 17:05:56 - [MESSAGE][INFO] - Clicking on object: 'Object Repository/Sayfalar/Giris_Sayfasi/RetveTamam_Butonu'

2021-11-23 17:05:56 - [MESSAGE][PASSED] - Object: 'Object Repository/Sayfalar/Giris_Sayfasi/RetveTamam_Butonu' is clicked on

2021-11-23 17:05:56 - [TEST_STEP][PASSED] - if (verifyElementPresent(findTestObject("Sayfalar/Giris_Sayfasi/PopupOK"), 5, OPTIONAL)): com.kms.katalon.core.webui.exception.WebElementNotFoundException: Web element with id: 'Object Repository/Sayfalar/Giris_Sayfasi/PopupOK' located by '.btn.btn-success' not found (Root cause: com.kms.katalon.core.exception.StepFailedException: com.kms.katalon.core.webui.exception.WebElementNotFoundException: Web element with id: 'Object Repository/Sayfalar/Giris_Sayfasi/PopupOK' located by '.btn.btn-success' not found
	at com.kms.katalon.core.webui.keyword.internal.WebUIKeywordMain.stepFailed(WebUIKeywordMain.groovy:64)
	at com.kms.katalon.core.webui.keyword.builtin.VerifyElementPresentKeyword$_verifyElementPresent_closure1.doCall(VerifyElementPresentKeyword.groovy:85)
	at com.kms.katalon.core.webui.keyword.builtin.VerifyElementPresentKeyword$_verifyElementPresent_closure1.call(VerifyElementPresentKeyword.groovy)
	at com.kms.katalon.core.webui.keyword.internal.WebUIKeywordMain.runKeyword(WebUIKeywordMain.groovy:20)
	at com.kms.katalon.core.webui.keyword.builtin.VerifyElementPresentKeyword.verifyElementPresent(VerifyElementPresentKeyword.groovy:92)
	at com.kms.katalon.core.webui.keyword.builtin.VerifyElementPresentKeyword.execute(VerifyElementPresentKeyword.groovy:68)
	at com.kms.katalon.core.keyword.internal.KeywordExecutor.executeKeywordForPlatform(KeywordExecutor.groovy:73)
	at com.kms.katalon.core.webui.keyword.WebUiBuiltInKeywords.verifyElementPresent(WebUiBuiltInKeywords.groovy:1448)
	at com.kms.katalon.core.webui.keyword.WebUiBuiltInKeywords$verifyElementPresent$4.call(Unknown Source)
	at Login.run(Login:40)
	at com.kms.katalon.core.main.ScriptEngine.run(ScriptEngine.java:194)
	at com.kms.katalon.core.main.ScriptEngine.runScriptAsRawText(ScriptEngine.java:119)
	at com.kms.katalon.core.main.TestCaseExecutor.runScript(TestCaseExecutor.java:369)
	at com.kms.katalon.core.main.TestCaseExecutor.doExecute(TestCaseExecutor.java:360)
	at com.kms.katalon.core.main.TestCaseExecutor.processExecutionPhase(TestCaseExecutor.java:339)
	at com.kms.katalon.core.main.TestCaseExecutor.accessMainPhase(TestCaseExecutor.java:331)
	at com.kms.katalon.core.main.TestCaseExecutor.execute(TestCaseExecutor.java:248)
	at com.kms.katalon.core.main.TestCaseMain.runTestCase(TestCaseMain.java:138)
	at com.kms.katalon.core.keyword.builtin.CallTestCaseKeyword$_callTestCase_closure1.doCall(CallTestCaseKeyword.groovy:59)
	at com.kms.katalon.core.keyword.builtin.CallTestCaseKeyword$_callTestCase_closure1.call(CallTestCaseKeyword.groovy)
	at com.kms.katalon.core.keyword.internal.KeywordMain.runKeyword(KeywordMain.groovy:68)
	at com.kms.katalon.core.keyword.builtin.CallTestCaseKeyword.callTestCase(CallTestCaseKeyword.groovy:81)
	at com.kms.katalon.core.keyword.builtin.CallTestCaseKeyword.execute(CallTestCaseKeyword.groovy:44)
	at com.kms.katalon.core.keyword.internal.KeywordExecutor.executeKeywordForPlatform(KeywordExecutor.groovy:73)
	at com.kms.katalon.core.keyword.BuiltinKeywords.callTestCase(BuiltinKeywords.groovy:334)
	at sayfalar.girisSayfasi.login(girisSayfasi.groovy:50)
	at cucumber.runtime.Utils$1.call(Utils.java:26)
	at cucumber.runtime.Timeout.timeout(Timeout.java:16)
	at cucumber.runtime.Utils.invoke(Utils.java:20)
	at cucumber.runtime.java.JavaStepDefinition.execute(JavaStepDefinition.java:49)
	at cucumber.runner.PickleStepDefinitionMatch.runStep(PickleStepDefinitionMatch.java:50)
	at cucumber.runner.TestStep.executeStep(TestStep.java:63)
	at cucumber.runner.TestStep.run(TestStep.java:49)
	at cucumber.runner.PickleStepTestStep.run(PickleStepTestStep.java:43)
	at cucumber.runner.TestCase.run(TestCase.java:44)
	at cucumber.runner.Runner.runPickle(Runner.java:40)
	at cucumber.runtime.Runtime$1.run(Runtime.java:84)
	at cucumber.runtime.Runtime$SameThreadExecutorService.execute(Runtime.java:220)
	at cucumber.runtime.Runtime.run(Runtime.java:81)
	at cucumber.api.cli.Main.run(Main.java:26)
	at cucumber.api.cli.Main$run.call(Unknown Source)
	at com.kms.katalon.core.cucumber.keyword.CucumberBuiltinKeywords$_runFeatureFile_closure1.doCall(CucumberBuiltinKeywords.groovy:106)
	at com.kms.katalon.core.cucumber.keyword.CucumberBuiltinKeywords$_runFeatureFile_closure1.doCall(CucumberBuiltinKeywords.groovy)
	at com.kms.katalon.core.keyword.internal.KeywordMain.runKeyword(KeywordMain.groovy:68)
	at com.kms.katalon.core.keyword.internal.KeywordMain$runKeyword.call(Unknown Source)
	at com.kms.katalon.core.cucumber.keyword.CucumberBuiltinKeywords.runFeatureFile(CucumberBuiltinKeywords.groovy:73)
	at com.kms.katalon.core.cucumber.keyword.CucumberBuiltinKeywords$runFeatureFile$0.callStatic(Unknown Source)
	at com.kms.katalon.core.cucumber.keyword.CucumberBuiltinKeywords.runFeatureFile(CucumberBuiltinKeywords.groovy:246)
	at com.kms.katalon.core.cucumber.keyword.CucumberBuiltinKeywords$runFeatureFile.call(Unknown Source)
	at VKN-Kagit-Satis.run(VKN-Kagit-Satis:19)
	at com.kms.katalon.core.main.ScriptEngine.run(ScriptEngine.java:194)
	at com.kms.katalon.core.main.ScriptEngine.runScriptAsRawText(ScriptEngine.java:119)
	at com.kms.katalon.core.main.TestCaseExecutor.runScript(TestCaseExecutor.java:369)
	at com.kms.katalon.core.main.TestCaseExecutor.doExecute(TestCaseExecutor.java:360)
	at com.kms.katalon.core.main.TestCaseExecutor.processExecutionPhase(TestCaseExecutor.java:339)
	at com.kms.katalon.core.main.TestCaseExecutor.accessMainPhase(TestCaseExecutor.java:331)
	at com.kms.katalon.core.main.TestCaseExecutor.execute(TestCaseExecutor.java:248)
	at com.kms.katalon.core.main.TestSuiteExecutor.accessTestCaseMainPhase(TestSuiteExecutor.java:191)
	at com.kms.katalon.core.main.TestSuiteExecutor.accessTestSuiteMainPhase(TestSuiteExecutor.java:140)
	at com.kms.katalon.core.main.TestSuiteExecutor.execute(TestSuiteExecutor.java:89)
	at com.kms.katalon.core.main.TestCaseMain.startTestSuite(TestCaseMain.java:181)
	at com.kms.katalon.core.main.TestCaseMain$startTestSuite$0.call(Unknown Source)
	at TempTestSuite1637674444414.run(TempTestSuite1637674444414.groovy:39)
)

2021-11-23 17:05:56 - [MESSAGE][INFO] - Finding Test Object 'Object Repository/Sayfalar/Giris_Sayfasi/PopupOK'

2021-11-23 17:05:56 - [MESSAGE][INFO] - Checking object

2021-11-23 17:05:56 - [MESSAGE][INFO] - Finding web element from Test Object's properties

2021-11-23 17:05:56 - [MESSAGE][INFO] - Checking timeout

2021-11-23 17:05:56 - [MESSAGE][INFO] - Finding web element with id: 'Object Repository/Sayfalar/Giris_Sayfasi/PopupOK' located by 'By.cssSelector: .btn.btn-success' in '5' second(s)

2021-11-23 17:05:56 - [MESSAGE][INFO] - Smart Wait Function is triggered

2021-11-23 17:05:56 - [MESSAGE][INFO] - Smart Wait Function is triggered

2021-11-23 17:05:57 - [MESSAGE][INFO] - Smart Wait Function is triggered

2021-11-23 17:05:57 - [MESSAGE][INFO] - Smart Wait Function is triggered

2021-11-23 17:05:57 - [MESSAGE][INFO] - Smart Wait Function is triggered

2021-11-23 17:05:57 - [MESSAGE][INFO] - Smart Wait Function is triggered

2021-11-23 17:05:58 - [MESSAGE][INFO] - Smart Wait Function is triggered

2021-11-23 17:05:58 - [MESSAGE][INFO] - Smart Wait Function is triggered

2021-11-23 17:05:58 - [MESSAGE][INFO] - Smart Wait Function is triggered

2021-11-23 17:05:59 - [MESSAGE][INFO] - Smart Wait Function is triggered

2021-11-23 17:05:59 - [MESSAGE][INFO] - Smart Wait Function is triggered

2021-11-23 17:05:59 - [MESSAGE][INFO] - Smart Wait Function is triggered

2021-11-23 17:05:59 - [MESSAGE][INFO] - Smart Wait Function is triggered

2021-11-23 17:06:00 - [MESSAGE][INFO] - Smart Wait Function is triggered

2021-11-23 17:06:00 - [MESSAGE][INFO] - Smart Wait Function is triggered

2021-11-23 17:06:00 - [MESSAGE][INFO] - Smart Wait Function is triggered

2021-11-23 17:06:01 - [MESSAGE][INFO] - Smart Wait Function is triggered

2021-11-23 17:06:01 - [MESSAGE][INFO] - Smart Wait Function is triggered

2021-11-23 17:06:01 - [MESSAGE][INFO] - Smart Wait Function is triggered

2021-11-23 17:06:01 - [MESSAGE][INFO] - Smart Wait Function is triggered

2021-11-23 17:06:02 - [MESSAGE][INFO] - Smart Wait Function is triggered

2021-11-23 17:06:02 - [MESSAGE][INFO] - Unable to find the element located by 'By.cssSelector: .btn.btn-success'. Please recheck the objects properties to make sure the desired element is located. 

2021-11-23 17:06:02 - [MESSAGE][WARNING] - com.kms.katalon.core.webui.exception.WebElementNotFoundException: Web element with id: 'Object Repository/Sayfalar/Giris_Sayfasi/PopupOK' located by '.btn.btn-success' not found (Root cause: com.kms.katalon.core.exception.StepFailedException: com.kms.katalon.core.webui.exception.WebElementNotFoundException: Web element with id: 'Object Repository/Sayfalar/Giris_Sayfasi/PopupOK' located by '.btn.btn-success' not found
	at com.kms.katalon.core.webui.keyword.internal.WebUIKeywordMain.stepFailed(WebUIKeywordMain.groovy:64)
	at com.kms.katalon.core.webui.keyword.builtin.VerifyElementPresentKeyword$_verifyElementPresent_closure1.doCall(VerifyElementPresentKeyword.groovy:85)
	at com.kms.katalon.core.webui.keyword.builtin.VerifyElementPresentKeyword$_verifyElementPresent_closure1.call(VerifyElementPresentKeyword.groovy)
	at com.kms.katalon.core.webui.keyword.internal.WebUIKeywordMain.runKeyword(WebUIKeywordMain.groovy:20)
	at com.kms.katalon.core.webui.keyword.builtin.VerifyElementPresentKeyword.verifyElementPresent(VerifyElementPresentKeyword.groovy:92)
	at com.kms.katalon.core.webui.keyword.builtin.VerifyElementPresentKeyword.execute(VerifyElementPresentKeyword.groovy:68)
	at com.kms.katalon.core.keyword.internal.KeywordExecutor.executeKeywordForPlatform(KeywordExecutor.groovy:73)
	at com.kms.katalon.core.webui.keyword.WebUiBuiltInKeywords.verifyElementPresent(WebUiBuiltInKeywords.groovy:1448)
	at com.kms.katalon.core.webui.keyword.WebUiBuiltInKeywords$verifyElementPresent$4.call(Unknown Source)
	at Login.run(Login:40)
	at com.kms.katalon.core.main.ScriptEngine.run(ScriptEngine.java:194)
	at com.kms.katalon.core.main.ScriptEngine.runScriptAsRawText(ScriptEngine.java:119)
	at com.kms.katalon.core.main.TestCaseExecutor.runScript(TestCaseExecutor.java:369)
	at com.kms.katalon.core.main.TestCaseExecutor.doExecute(TestCaseExecutor.java:360)
	at com.kms.katalon.core.main.TestCaseExecutor.processExecutionPhase(TestCaseExecutor.java:339)
	at com.kms.katalon.core.main.TestCaseExecutor.accessMainPhase(TestCaseExecutor.java:331)
	at com.kms.katalon.core.main.TestCaseExecutor.execute(TestCaseExecutor.java:248)
	at com.kms.katalon.core.main.TestCaseMain.runTestCase(TestCaseMain.java:138)
	at com.kms.katalon.core.keyword.builtin.CallTestCaseKeyword$_callTestCase_closure1.doCall(CallTestCaseKeyword.groovy:59)
	at com.kms.katalon.core.keyword.builtin.CallTestCaseKeyword$_callTestCase_closure1.call(CallTestCaseKeyword.groovy)
	at com.kms.katalon.core.keyword.internal.KeywordMain.runKeyword(KeywordMain.groovy:68)
	at com.kms.katalon.core.keyword.builtin.CallTestCaseKeyword.callTestCase(CallTestCaseKeyword.groovy:81)
	at com.kms.katalon.core.keyword.builtin.CallTestCaseKeyword.execute(CallTestCaseKeyword.groovy:44)
	at com.kms.katalon.core.keyword.internal.KeywordExecutor.executeKeywordForPlatform(KeywordExecutor.groovy:73)
	at com.kms.katalon.core.keyword.BuiltinKeywords.callTestCase(BuiltinKeywords.groovy:334)
	at sayfalar.girisSayfasi.login(girisSayfasi.groovy:50)
	at cucumber.runtime.Utils$1.call(Utils.java:26)
	at cucumber.runtime.Timeout.timeout(Timeout.java:16)
	at cucumber.runtime.Utils.invoke(Utils.java:20)
	at cucumber.runtime.java.JavaStepDefinition.execute(JavaStepDefinition.java:49)
	at cucumber.runner.PickleStepDefinitionMatch.runStep(PickleStepDefinitionMatch.java:50)
	at cucumber.runner.TestStep.executeStep(TestStep.java:63)
	at cucumber.runner.TestStep.run(TestStep.java:49)
	at cucumber.runner.PickleStepTestStep.run(PickleStepTestStep.java:43)
	at cucumber.runner.TestCase.run(TestCase.java:44)
	at cucumber.runner.Runner.runPickle(Runner.java:40)
	at cucumber.runtime.Runtime$1.run(Runtime.java:84)
	at cucumber.runtime.Runtime$SameThreadExecutorService.execute(Runtime.java:220)
	at cucumber.runtime.Runtime.run(Runtime.java:81)
	at cucumber.api.cli.Main.run(Main.java:26)
	at cucumber.api.cli.Main$run.call(Unknown Source)
	at com.kms.katalon.core.cucumber.keyword.CucumberBuiltinKeywords$_runFeatureFile_closure1.doCall(CucumberBuiltinKeywords.groovy:106)
	at com.kms.katalon.core.cucumber.keyword.CucumberBuiltinKeywords$_runFeatureFile_closure1.doCall(CucumberBuiltinKeywords.groovy)
	at com.kms.katalon.core.keyword.internal.KeywordMain.runKeyword(KeywordMain.groovy:68)
	at com.kms.katalon.core.keyword.internal.KeywordMain$runKeyword.call(Unknown Source)
	at com.kms.katalon.core.cucumber.keyword.CucumberBuiltinKeywords.runFeatureFile(CucumberBuiltinKeywords.groovy:73)
	at com.kms.katalon.core.cucumber.keyword.CucumberBuiltinKeywords$runFeatureFile$0.callStatic(Unknown Source)
	at com.kms.katalon.core.cucumber.keyword.CucumberBuiltinKeywords.runFeatureFile(CucumberBuiltinKeywords.groovy:246)
	at com.kms.katalon.core.cucumber.keyword.CucumberBuiltinKeywords$runFeatureFile.call(Unknown Source)
	at VKN-Kagit-Satis.run(VKN-Kagit-Satis:19)
	at com.kms.katalon.core.main.ScriptEngine.run(ScriptEngine.java:194)
	at com.kms.katalon.core.main.ScriptEngine.runScriptAsRawText(ScriptEngine.java:119)
	at com.kms.katalon.core.main.TestCaseExecutor.runScript(TestCaseExecutor.java:369)
	at com.kms.katalon.core.main.TestCaseExecutor.doExecute(TestCaseExecutor.java:360)
	at com.kms.katalon.core.main.TestCaseExecutor.processExecutionPhase(TestCaseExecutor.java:339)
	at com.kms.katalon.core.main.TestCaseExecutor.accessMainPhase(TestCaseExecutor.java:331)
	at com.kms.katalon.core.main.TestCaseExecutor.execute(TestCaseExecutor.java:248)
	at com.kms.katalon.core.main.TestSuiteExecutor.accessTestCaseMainPhase(TestSuiteExecutor.java:191)
	at com.kms.katalon.core.main.TestSuiteExecutor.accessTestSuiteMainPhase(TestSuiteExecutor.java:140)
	at com.kms.katalon.core.main.TestSuiteExecutor.execute(TestSuiteExecutor.java:89)
	at com.kms.katalon.core.main.TestCaseMain.startTestSuite(TestCaseMain.java:181)
	at com.kms.katalon.core.main.TestCaseMain$startTestSuite$0.call(Unknown Source)
	at TempTestSuite1637674444414.run(TempTestSuite1637674444414.groovy:39)
)

2021-11-23 17:06:02 - [TEST_STEP][PASSED] - verifyElementVisible(findTestObject("Object Repository/Kullanici_Islemleri/KullaniciIslemleri")): Object 'Object Repository/Kullanici_Islemleri/KullaniciIslemleri' is visible

2021-11-23 17:06:02 - [MESSAGE][INFO] - Finding Test Object 'Object Repository/Kullanici_Islemleri/KullaniciIslemleri'

2021-11-23 17:06:02 - [MESSAGE][INFO] - Checking object

2021-11-23 17:06:02 - [MESSAGE][INFO] - Finding web element from Test Object's properties

2021-11-23 17:06:02 - [MESSAGE][INFO] - Checking timeout

2021-11-23 17:06:02 - [MESSAGE][INFO] - Finding web element with id: 'Object Repository/Kullanici_Islemleri/KullaniciIslemleri' located by 'By.cssSelector: .dropdown>a>img' in '30' second(s)

2021-11-23 17:06:02 - [MESSAGE][INFO] - Smart Wait Function is triggered

2021-11-23 17:06:02 - [MESSAGE][INFO] - Found 1 web elements with id: 'Object Repository/Kullanici_Islemleri/KullaniciIslemleri' located by 'By.cssSelector: .dropdown>a>img' in '30' second(s)

2021-11-23 17:06:02 - [MESSAGE][PASSED] - Object 'Object Repository/Kullanici_Islemleri/KullaniciIslemleri' is visible

2021-11-23 17:06:02 - [MESSAGE][PASSED] - Call Test Case 'Test Cases/Sayfalar/Giris_Sayfasi/Login' successfully

2021-11-23 17:06:02 - [MESSAGE][INFO] - Checking called Test Case

2021-11-23 17:06:02 - [MESSAGE][INFO] - Starting to call Test Case 'Test Cases/Menu/AnaMenuSecimi'

2021-11-23 17:06:02 - [TEST_CASE][PASSED] - Test Cases/Menu/AnaMenuSecimi: Test Cases/Menu/AnaMenuSecimi

2021-11-23 17:06:02 - [TEST_STEP][PASSED] - Method.TextDegerineEsitElementeTikla(findTestObject("Menu/Ana_Menu"), Ana_Menu): Method.TextDegerineEsitElementeTikla is PASSED

2021-11-23 17:06:02 - [MESSAGE][INFO] - Finding Test Object 'Object Repository/Menu/Ana_Menu'

2021-11-23 17:06:02 - [MESSAGE][INFO] - Checking timeout

2021-11-23 17:06:02 - [MESSAGE][INFO] - Finding web element with id: 'Object Repository/Menu/Ana_Menu' located by 'By.xpath: //*[@class = 'dropdown-toggle']' in '10' second(s)

2021-11-23 17:06:02 - [MESSAGE][INFO] - Smart Wait Function is triggered

2021-11-23 17:06:03 - [MESSAGE][INFO] - Found 13 web elements with id: 'Object Repository/Menu/Ana_Menu' located by 'By.xpath: //*[@class = 'dropdown-toggle']' in '10' second(s)

2021-11-23 17:06:03 - [MESSAGE][PASSED] - Method.TextDegerineEsitElementeTikla is PASSED

2021-11-23 17:06:03 - [MESSAGE][PASSED] - Call Test Case 'Test Cases/Menu/AnaMenuSecimi' successfully

2021-11-23 17:06:03 - [MESSAGE][INFO] - Checking called Test Case

2021-11-23 17:06:03 - [MESSAGE][INFO] - Starting to call Test Case 'Test Cases/Menu/BasligaGoreAltMenuSecimi'

2021-11-23 17:06:03 - [TEST_CASE][PASSED] - Test Cases/Menu/BasligaGoreAltMenuSecimi: Test Cases/Menu/BasligaGoreAltMenuSecimi

2021-11-23 17:06:03 - [TEST_STEP][PASSED] - Method.TextDegerineEsitElementinAltindakiTextDegerineEsitOlanaTikla(findTestObject("Menu/Menu_Basligi"), findTestObject("Menu/Basliga_Gore_Alt_Menu"), Baslik, Alt_Menu): Method.TextDegerineEsitElementinAltindakiTextDegerineEsitOlanaTikla is PASSED

2021-11-23 17:06:03 - [MESSAGE][INFO] - Finding Test Object 'Object Repository/Menu/Menu_Basligi'

2021-11-23 17:06:03 - [MESSAGE][INFO] - Finding Test Object 'Object Repository/Menu/Basliga_Gore_Alt_Menu'

2021-11-23 17:06:03 - [MESSAGE][INFO] - Checking timeout

2021-11-23 17:06:03 - [MESSAGE][INFO] - Finding web element with id: 'Object Repository/Menu/Menu_Basligi' located by 'By.xpath: //li[@class='dropdown dropdown-large open']//li[@class='dropdown-header']' in '10' second(s)

2021-11-23 17:06:03 - [MESSAGE][INFO] - Smart Wait Function is triggered

2021-11-23 17:06:03 - [MESSAGE][INFO] - Found 2 web elements with id: 'Object Repository/Menu/Menu_Basligi' located by 'By.xpath: //li[@class='dropdown dropdown-large open']//li[@class='dropdown-header']' in '10' second(s)

2021-11-23 17:06:03 - [MESSAGE][INFO] - Smart Wait Function is triggered

2021-11-23 17:06:06 - [MESSAGE][PASSED] - Method.TextDegerineEsitElementinAltindakiTextDegerineEsitOlanaTikla is PASSED

2021-11-23 17:06:06 - [MESSAGE][PASSED] - Call Test Case 'Test Cases/Menu/BasligaGoreAltMenuSecimi' successfully

2021-11-23 17:06:06 - [MESSAGE][INFO] - Checking called Test Case

2021-11-23 17:06:06 - [MESSAGE][INFO] - Starting to call Test Case 'Test Cases/Tablo/Olusturma Tarihi'

2021-11-23 17:06:06 - [TEST_CASE][PASSED] - Test Cases/Tablo/Olusturma Tarihi: Test Cases/Tablo/Olusturma Tarihi

2021-11-23 17:06:06 - [TEST_STEP][PASSED] - if (verifyTextNotPresent("Görüntülenecek veri yok", true, OPTIONAL)): null

2021-11-23 17:06:06 - [MESSAGE][INFO] - Checking text present  using regular expression

2021-11-23 17:06:06 - [MESSAGE][INFO] - Smart Wait Function is triggered

2021-11-23 17:06:07 - [MESSAGE][INFO] - Finding text 'Görüntülenecek veri yok' on page  using regular expression

2021-11-23 17:06:07 - [MESSAGE][PASSED] - Text 'Görüntülenecek veri yok' is not present on page using regular expression

2021-11-23 17:06:07 - [TEST_STEP][PASSED] - click(findTestObject("Temizle/Olusturma_Tarihi_CheckBox")): Object: 'Object Repository/Temizle/Olusturma_Tarihi_CheckBox' is clicked on

2021-11-23 17:06:07 - [MESSAGE][INFO] - Finding Test Object 'Object Repository/Temizle/Olusturma_Tarihi_CheckBox'

2021-11-23 17:06:07 - [MESSAGE][INFO] - Checking object

2021-11-23 17:06:07 - [MESSAGE][INFO] - Finding web element from Test Object's properties

2021-11-23 17:06:07 - [MESSAGE][INFO] - Checking timeout

2021-11-23 17:06:07 - [MESSAGE][INFO] - Finding web element with id: 'Object Repository/Temizle/Olusturma_Tarihi_CheckBox' located by 'By.xpath: //*[@title = 'Bu sayfadaki tüm satırları Seç']' in '30' second(s)

2021-11-23 17:06:07 - [MESSAGE][INFO] - Smart Wait Function is triggered

2021-11-23 17:06:07 - [MESSAGE][INFO] - Found 1 web elements with id: 'Object Repository/Temizle/Olusturma_Tarihi_CheckBox' located by 'By.xpath: //*[@title = 'Bu sayfadaki tüm satırları Seç']' in '30' second(s)

2021-11-23 17:06:07 - [MESSAGE][INFO] - Clicking on object: 'Object Repository/Temizle/Olusturma_Tarihi_CheckBox'

2021-11-23 17:06:07 - [MESSAGE][PASSED] - Object: 'Object Repository/Temizle/Olusturma_Tarihi_CheckBox' is clicked on

2021-11-23 17:06:07 - [TEST_STEP][PASSED] - Method.TextDegerineEsitElementeTiklaEquals(findTestObject("Butonlar/Butonlar"), "Sil"): Method.TextDegerineEsitElementeTiklaEquals is PASSED

2021-11-23 17:06:07 - [MESSAGE][INFO] - Finding Test Object 'Object Repository/Butonlar/Butonlar'

2021-11-23 17:06:07 - [MESSAGE][INFO] - Checking timeout

2021-11-23 17:06:07 - [MESSAGE][INFO] - Finding web element with id: 'Object Repository/Butonlar/Butonlar' located by 'By.cssSelector: .panel.panel-default.text-center.footerPanel .btn,.btn.btn-primary.btnControls' in '10' second(s)

2021-11-23 17:06:07 - [MESSAGE][INFO] - Smart Wait Function is triggered

2021-11-23 17:06:08 - [MESSAGE][INFO] - Found 9 web elements with id: 'Object Repository/Butonlar/Butonlar' located by 'By.cssSelector: .panel.panel-default.text-center.footerPanel .btn,.btn.btn-primary.btnControls' in '10' second(s)

2021-11-23 17:06:08 - [MESSAGE][PASSED] - Method.TextDegerineEsitElementeTiklaEquals is PASSED

2021-11-23 17:06:08 - [TEST_STEP][PASSED] - Method.TextDegerineEsitElementeTikla(findTestObject("Popup/Popup_Butons"), "Evet"): Method.TextDegerineEsitElementeTikla is PASSED

2021-11-23 17:06:08 - [MESSAGE][INFO] - Finding Test Object 'Object Repository/Popup/Popup_Butons'

2021-11-23 17:06:08 - [MESSAGE][INFO] - Checking timeout

2021-11-23 17:06:08 - [MESSAGE][INFO] - Finding web element with id: 'Object Repository/Popup/Popup_Butons' located by 'By.cssSelector: .modal-footer>button' in '10' second(s)

2021-11-23 17:06:08 - [MESSAGE][INFO] - Smart Wait Function is triggered

2021-11-23 17:06:09 - [MESSAGE][INFO] - Found 2 web elements with id: 'Object Repository/Popup/Popup_Butons' located by 'By.cssSelector: .modal-footer>button' in '10' second(s)

2021-11-23 17:06:09 - [MESSAGE][PASSED] - Method.TextDegerineEsitElementeTikla is PASSED

2021-11-23 17:06:09 - [TEST_STEP][PASSED] - Method.TextDegerineEsitElementeTikla(findTestObject("Popup/Popup_Butons"), "Tamam"): Method.TextDegerineEsitElementeTikla is PASSED

2021-11-23 17:06:09 - [MESSAGE][INFO] - Finding Test Object 'Object Repository/Popup/Popup_Butons'

2021-11-23 17:06:09 - [MESSAGE][INFO] - Checking timeout

2021-11-23 17:06:09 - [MESSAGE][INFO] - Finding web element with id: 'Object Repository/Popup/Popup_Butons' located by 'By.cssSelector: .modal-footer>button' in '10' second(s)

2021-11-23 17:06:09 - [MESSAGE][INFO] - Smart Wait Function is triggered

2021-11-23 17:06:10 - [MESSAGE][INFO] - Found 1 web elements with id: 'Object Repository/Popup/Popup_Butons' located by 'By.cssSelector: .modal-footer>button' in '10' second(s)

2021-11-23 17:06:10 - [MESSAGE][PASSED] - Method.TextDegerineEsitElementeTikla is PASSED

2021-11-23 17:06:10 - [MESSAGE][PASSED] - Call Test Case 'Test Cases/Tablo/Olusturma Tarihi' successfully

2021-11-23 17:06:10 - [MESSAGE][INFO] - Checking called Test Case

2021-11-23 17:06:10 - [MESSAGE][INFO] - Starting to call Test Case 'Test Cases/Butonlar/ButonaTikla'

2021-11-23 17:06:10 - [TEST_CASE][PASSED] - Test Cases/Butonlar/ButonaTikla: Test Cases/Butonlar/ButonaTikla

2021-11-23 17:06:10 - [TEST_STEP][PASSED] - Method.TextDegerineEsitElementeTiklaEquals(findTestObject("Butonlar/Butonlar"), Buton_Adi): Method.TextDegerineEsitElementeTiklaEquals is PASSED

2021-11-23 17:06:10 - [MESSAGE][INFO] - Finding Test Object 'Object Repository/Butonlar/Butonlar'

2021-11-23 17:06:10 - [MESSAGE][INFO] - Checking timeout

2021-11-23 17:06:10 - [MESSAGE][INFO] - Finding web element with id: 'Object Repository/Butonlar/Butonlar' located by 'By.cssSelector: .panel.panel-default.text-center.footerPanel .btn,.btn.btn-primary.btnControls' in '10' second(s)

2021-11-23 17:06:10 - [MESSAGE][INFO] - Smart Wait Function is triggered

2021-11-23 17:06:11 - [MESSAGE][INFO] - Found 9 web elements with id: 'Object Repository/Butonlar/Butonlar' located by 'By.cssSelector: .panel.panel-default.text-center.footerPanel .btn,.btn.btn-primary.btnControls' in '10' second(s)

2021-11-23 17:06:11 - [MESSAGE][PASSED] - Method.TextDegerineEsitElementeTiklaEquals is PASSED

2021-11-23 17:06:11 - [MESSAGE][PASSED] - Call Test Case 'Test Cases/Butonlar/ButonaTikla' successfully

2021-11-23 17:06:11 - [MESSAGE][INFO] - Checking called Test Case

2021-11-23 17:06:11 - [MESSAGE][INFO] - Starting to call Test Case 'Test Cases/Olusturma/Genel/GorselTasarimSayfasıBasligiIceriyorMu'

2021-11-23 17:06:11 - [TEST_CASE][PASSED] - Test Cases/Olusturma/Genel/GorselTasarimSayfasıBasligiIceriyorMu: Test Cases/Olusturma/Genel/GorselTasarimSayfasıBasligiIceriyorMu

2021-11-23 17:06:11 - [TEST_STEP][PASSED] - verifyElementText(findTestObject("Object Repository/Olusturma/Genel/GorselTasarimBaslik"), Baslik): Actual text and expected text of test object 'Object Repository/Olusturma/Genel/GorselTasarimBaslik' are matched.

2021-11-23 17:06:11 - [MESSAGE][INFO] - Finding Test Object 'Object Repository/Olusturma/Genel/GorselTasarimBaslik'

2021-11-23 17:06:11 - [MESSAGE][INFO] - Checking object

2021-11-23 17:06:11 - [MESSAGE][INFO] - Finding web element from Test Object's properties

2021-11-23 17:06:11 - [MESSAGE][INFO] - Checking timeout

2021-11-23 17:06:11 - [MESSAGE][INFO] - Finding web element with id: 'Object Repository/Olusturma/Genel/GorselTasarimBaslik' located by 'By.cssSelector: #flAlici_0>div>span' in '30' second(s)

2021-11-23 17:06:11 - [MESSAGE][INFO] - Smart Wait Function is triggered

2021-11-23 17:06:17 - [MESSAGE][INFO] - Found 1 web elements with id: 'Object Repository/Olusturma/Genel/GorselTasarimBaslik' located by 'By.cssSelector: #flAlici_0>div>span' in '30' second(s)

2021-11-23 17:06:17 - [MESSAGE][PASSED] - Actual text and expected text of test object 'Object Repository/Olusturma/Genel/GorselTasarimBaslik' are matched.

2021-11-23 17:06:17 - [MESSAGE][PASSED] - Call Test Case 'Test Cases/Olusturma/Genel/GorselTasarimSayfasıBasligiIceriyorMu' successfully

2021-11-23 17:06:17 - [MESSAGE][INFO] - Checking called Test Case

2021-11-23 17:06:17 - [MESSAGE][INFO] - Starting to call Test Case 'Test Cases/Olusturma/Genel/AliciSecilir'

2021-11-23 17:06:18 - [TEST_CASE][PASSED] - Test Cases/Olusturma/Genel/AliciSecilir: Test Cases/Olusturma/Genel/AliciSecilir

2021-11-23 17:06:18 - [TEST_STEP][PASSED] - click(findTestObject("Olusturma/Genel/AliciBilgisi/Alici_Ara")): Object: 'Object Repository/Olusturma/Genel/AliciBilgisi/Alici_Ara' is clicked on

2021-11-23 17:06:18 - [MESSAGE][INFO] - Finding Test Object 'Object Repository/Olusturma/Genel/AliciBilgisi/Alici_Ara'

2021-11-23 17:06:18 - [MESSAGE][INFO] - Checking object

2021-11-23 17:06:18 - [MESSAGE][INFO] - Finding web element from Test Object's properties

2021-11-23 17:06:18 - [MESSAGE][INFO] - Checking timeout

2021-11-23 17:06:18 - [MESSAGE][INFO] - Finding web element with id: 'Object Repository/Olusturma/Genel/AliciBilgisi/Alici_Ara' located by 'By.xpath: //td[@id='txtCustomerText_B-1']' in '30' second(s)

2021-11-23 17:06:18 - [MESSAGE][INFO] - Smart Wait Function is triggered

2021-11-23 17:06:18 - [MESSAGE][INFO] - Found 1 web elements with id: 'Object Repository/Olusturma/Genel/AliciBilgisi/Alici_Ara' located by 'By.xpath: //td[@id='txtCustomerText_B-1']' in '30' second(s)

2021-11-23 17:06:18 - [MESSAGE][INFO] - Clicking on object: 'Object Repository/Olusturma/Genel/AliciBilgisi/Alici_Ara'

2021-11-23 17:06:18 - [MESSAGE][PASSED] - Object: 'Object Repository/Olusturma/Genel/AliciBilgisi/Alici_Ara' is clicked on

2021-11-23 17:06:18 - [TEST_STEP][PASSED] - click(findTestObject("Olusturma/Genel/AliciBilgisi/Alici_Bilgisi")): Object: 'Object Repository/Olusturma/Genel/AliciBilgisi/Alici_Bilgisi' is clicked on

2021-11-23 17:06:18 - [MESSAGE][INFO] - Finding Test Object 'Object Repository/Olusturma/Genel/AliciBilgisi/Alici_Bilgisi'

2021-11-23 17:06:18 - [MESSAGE][INFO] - Checking object

2021-11-23 17:06:18 - [MESSAGE][INFO] - Finding web element from Test Object's properties

2021-11-23 17:06:18 - [MESSAGE][INFO] - Checking timeout

2021-11-23 17:06:18 - [MESSAGE][INFO] - Finding web element with id: 'Object Repository/Olusturma/Genel/AliciBilgisi/Alici_Bilgisi' located by 'By.xpath: //iframe[@id='customerselectiframe']' in '30' second(s)

2021-11-23 17:06:18 - [MESSAGE][INFO] - Smart Wait Function is triggered

2021-11-23 17:06:18 - [MESSAGE][INFO] - Found 1 web elements with id: 'Object Repository/Olusturma/Genel/AliciBilgisi/Alici_Bilgisi' located by 'By.xpath: //iframe[@id='customerselectiframe']' in '30' second(s)

2021-11-23 17:06:18 - [MESSAGE][INFO] - Clicking on object: 'Object Repository/Olusturma/Genel/AliciBilgisi/Alici_Bilgisi'

2021-11-23 17:06:19 - [MESSAGE][PASSED] - Object: 'Object Repository/Olusturma/Genel/AliciBilgisi/Alici_Bilgisi' is clicked on

2021-11-23 17:06:19 - [TEST_STEP][PASSED] - setText(findTestObject("Olusturma/Genel/AliciBilgisi/Alici_Gir"), Alici_Adi): Switching to default content

2021-11-23 17:06:19 - [MESSAGE][INFO] - Finding Test Object 'Object Repository/Olusturma/Genel/AliciBilgisi/Alici_Gir'

2021-11-23 17:06:19 - [MESSAGE][INFO] - Finding Test Object 'Object Repository/Olusturma/Genel/AliciBilgisi/Alici_Bilgisi'

2021-11-23 17:06:19 - [MESSAGE][INFO] - Checking object

2021-11-23 17:06:19 - [MESSAGE][INFO] - Checking text

2021-11-23 17:06:19 - [MESSAGE][INFO] - Object: 'Object Repository/Olusturma/Genel/AliciBilgisi/Alici_Gir' has parent object(s)

2021-11-23 17:06:19 - [MESSAGE][INFO] - Switching to iframe: 'Object Repository/Olusturma/Genel/AliciBilgisi/Alici_Bilgisi'

2021-11-23 17:06:19 - [MESSAGE][INFO] - Finding web element from Test Object's properties

2021-11-23 17:06:19 - [MESSAGE][INFO] - Checking timeout

2021-11-23 17:06:19 - [MESSAGE][INFO] - Finding web element with id: 'Object Repository/Olusturma/Genel/AliciBilgisi/Alici_Bilgisi' located by 'By.xpath: //iframe[@id='customerselectiframe']' in '30' second(s)

2021-11-23 17:06:19 - [MESSAGE][INFO] - Smart Wait Function is triggered

2021-11-23 17:06:19 - [MESSAGE][INFO] - Found 1 web elements with id: 'Object Repository/Olusturma/Genel/AliciBilgisi/Alici_Bilgisi' located by 'By.xpath: //iframe[@id='customerselectiframe']' in '30' second(s)

2021-11-23 17:06:19 - [MESSAGE][INFO] - Switched to iframe: 'Object Repository/Olusturma/Genel/AliciBilgisi/Alici_Bilgisi'

2021-11-23 17:06:19 - [MESSAGE][INFO] - Finding web element from Test Object's properties

2021-11-23 17:06:19 - [MESSAGE][INFO] - Checking timeout

2021-11-23 17:06:19 - [MESSAGE][INFO] - Finding web element with id: 'Object Repository/Olusturma/Genel/AliciBilgisi/Alici_Gir' located by 'By.xpath: //input[@id='GridViewCustomer_DXFREditorcol1_I']' in '30' second(s)

2021-11-23 17:06:19 - [MESSAGE][INFO] - Smart Wait Function is triggered

2021-11-23 17:06:19 - [MESSAGE][INFO] - Found 1 web elements with id: 'Object Repository/Olusturma/Genel/AliciBilgisi/Alici_Gir' located by 'By.xpath: //input[@id='GridViewCustomer_DXFREditorcol1_I']' in '30' second(s)

2021-11-23 17:06:19 - [MESSAGE][INFO] - Clearing text of object 'Object Repository/Olusturma/Genel/AliciBilgisi/Alici_Gir'

2021-11-23 17:06:19 - [MESSAGE][INFO] - Finding web element from Test Object's properties

2021-11-23 17:06:19 - [MESSAGE][INFO] - Checking timeout

2021-11-23 17:06:19 - [MESSAGE][INFO] - Finding web element with id: 'Object Repository/Olusturma/Genel/AliciBilgisi/Alici_Gir' located by 'By.xpath: //input[@id='GridViewCustomer_DXFREditorcol1_I']' in '30' second(s)

2021-11-23 17:06:19 - [MESSAGE][INFO] - Smart Wait Function is triggered

2021-11-23 17:06:19 - [MESSAGE][INFO] - Found 1 web elements with id: 'Object Repository/Olusturma/Genel/AliciBilgisi/Alici_Gir' located by 'By.xpath: //input[@id='GridViewCustomer_DXFREditorcol1_I']' in '30' second(s)

2021-11-23 17:06:19 - [MESSAGE][INFO] - Setting text of object 'Object Repository/Olusturma/Genel/AliciBilgisi/Alici_Gir' to value 'UC0015'

2021-11-23 17:06:19 - [MESSAGE][PASSED] - Text 'UC0015' is set on object 'Object Repository/Olusturma/Genel/AliciBilgisi/Alici_Gir'

2021-11-23 17:06:19 - [MESSAGE][INFO] - Switching to default content

2021-11-23 17:06:19 - [TEST_STEP][PASSED] - waitForElementClickable(findTestObject("Olusturma/Genel/AliciBilgisi/Alici_Adi"), 10): Switching to default content

2021-11-23 17:06:19 - [MESSAGE][INFO] - Finding Test Object 'Object Repository/Olusturma/Genel/AliciBilgisi/Alici_Adi'

2021-11-23 17:06:19 - [MESSAGE][INFO] - Finding Test Object 'Object Repository/Olusturma/Genel/AliciBilgisi/iframe_Alc Bilgisi_customerselectiframe'

2021-11-23 17:06:20 - [MESSAGE][INFO] - Checking object

2021-11-23 17:06:20 - [MESSAGE][INFO] - Checking timeout

2021-11-23 17:06:20 - [MESSAGE][INFO] - Object: 'Object Repository/Olusturma/Genel/AliciBilgisi/Alici_Adi' has parent object(s)

2021-11-23 17:06:20 - [MESSAGE][INFO] - Switching to iframe: 'Object Repository/Olusturma/Genel/AliciBilgisi/iframe_Alc Bilgisi_customerselectiframe'

2021-11-23 17:06:20 - [MESSAGE][INFO] - Finding web element from Test Object's properties

2021-11-23 17:06:20 - [MESSAGE][INFO] - Checking timeout

2021-11-23 17:06:20 - [MESSAGE][INFO] - Finding web element with id: 'Object Repository/Olusturma/Genel/AliciBilgisi/iframe_Alc Bilgisi_customerselectiframe' located by 'By.xpath: //iframe[@id='customerselectiframe']' in '10' second(s)

2021-11-23 17:06:20 - [MESSAGE][INFO] - Smart Wait Function is triggered

2021-11-23 17:06:20 - [MESSAGE][INFO] - Found 1 web elements with id: 'Object Repository/Olusturma/Genel/AliciBilgisi/iframe_Alc Bilgisi_customerselectiframe' located by 'By.xpath: //iframe[@id='customerselectiframe']' in '10' second(s)

2021-11-23 17:06:20 - [MESSAGE][INFO] - Switched to iframe: 'Object Repository/Olusturma/Genel/AliciBilgisi/iframe_Alc Bilgisi_customerselectiframe'

2021-11-23 17:06:20 - [MESSAGE][INFO] - Finding web element from Test Object's properties

2021-11-23 17:06:20 - [MESSAGE][INFO] - Checking timeout

2021-11-23 17:06:20 - [MESSAGE][INFO] - Finding web element with id: 'Object Repository/Olusturma/Genel/AliciBilgisi/Alici_Adi' located by 'By.xpath: //tr[@id='GridViewCustomer_DXDataRow0']/td[2]' in '10' second(s)

2021-11-23 17:06:20 - [MESSAGE][INFO] - Smart Wait Function is triggered

2021-11-23 17:06:20 - [MESSAGE][INFO] - Found 1 web elements with id: 'Object Repository/Olusturma/Genel/AliciBilgisi/Alici_Adi' located by 'By.xpath: //tr[@id='GridViewCustomer_DXDataRow0']/td[2]' in '10' second(s)

2021-11-23 17:06:20 - [MESSAGE][PASSED] - Object 'Object Repository/Olusturma/Genel/AliciBilgisi/Alici_Adi' is clickable

2021-11-23 17:06:20 - [MESSAGE][INFO] - Switching to default content

2021-11-23 17:06:20 - [TEST_STEP][PASSED] - click(findTestObject("Olusturma/Genel/AliciBilgisi/frame")): Switching to default content

2021-11-23 17:06:20 - [MESSAGE][INFO] - Finding Test Object 'Object Repository/Olusturma/Genel/AliciBilgisi/frame'

2021-11-23 17:06:20 - [MESSAGE][INFO] - Finding Test Object 'Object Repository/Olusturma/Genel/AliciBilgisi/iframe_Alc Bilgisi_customerselectiframe'

2021-11-23 17:06:20 - [MESSAGE][INFO] - Checking object

2021-11-23 17:06:20 - [MESSAGE][INFO] - Object: 'Object Repository/Olusturma/Genel/AliciBilgisi/frame' has parent object(s)

2021-11-23 17:06:20 - [MESSAGE][INFO] - Switching to iframe: 'Object Repository/Olusturma/Genel/AliciBilgisi/iframe_Alc Bilgisi_customerselectiframe'

2021-11-23 17:06:20 - [MESSAGE][INFO] - Finding web element from Test Object's properties

2021-11-23 17:06:20 - [MESSAGE][INFO] - Checking timeout

2021-11-23 17:06:20 - [MESSAGE][INFO] - Finding web element with id: 'Object Repository/Olusturma/Genel/AliciBilgisi/iframe_Alc Bilgisi_customerselectiframe' located by 'By.xpath: //iframe[@id='customerselectiframe']' in '30' second(s)

2021-11-23 17:06:20 - [MESSAGE][INFO] - Smart Wait Function is triggered

2021-11-23 17:06:20 - [MESSAGE][INFO] - Found 1 web elements with id: 'Object Repository/Olusturma/Genel/AliciBilgisi/iframe_Alc Bilgisi_customerselectiframe' located by 'By.xpath: //iframe[@id='customerselectiframe']' in '30' second(s)

2021-11-23 17:06:20 - [MESSAGE][INFO] - Switched to iframe: 'Object Repository/Olusturma/Genel/AliciBilgisi/iframe_Alc Bilgisi_customerselectiframe'

2021-11-23 17:06:20 - [MESSAGE][INFO] - Finding web element from Test Object's properties

2021-11-23 17:06:20 - [MESSAGE][INFO] - Checking timeout

2021-11-23 17:06:20 - [MESSAGE][INFO] - Finding web element with id: 'Object Repository/Olusturma/Genel/AliciBilgisi/frame' located by 'By.xpath: //*/text()[normalize-space(.)='']/parent::*' in '30' second(s)

2021-11-23 17:06:20 - [MESSAGE][INFO] - Smart Wait Function is triggered

2021-11-23 17:06:21 - [MESSAGE][INFO] - Found 66 web elements with id: 'Object Repository/Olusturma/Genel/AliciBilgisi/frame' located by 'By.xpath: //*/text()[normalize-space(.)='']/parent::*' in '30' second(s)

2021-11-23 17:06:21 - [MESSAGE][INFO] - Clicking on object: 'Object Repository/Olusturma/Genel/AliciBilgisi/frame'

2021-11-23 17:06:21 - [MESSAGE][PASSED] - Object: 'Object Repository/Olusturma/Genel/AliciBilgisi/frame' is clicked on

2021-11-23 17:06:21 - [MESSAGE][INFO] - Switching to default content

2021-11-23 17:06:21 - [TEST_STEP][PASSED] - click(findTestObject("Olusturma/Genel/AliciBilgisi/Alici_Adi")): Switching to default content

2021-11-23 17:06:21 - [MESSAGE][INFO] - Finding Test Object 'Object Repository/Olusturma/Genel/AliciBilgisi/Alici_Adi'

2021-11-23 17:06:21 - [MESSAGE][INFO] - Finding Test Object 'Object Repository/Olusturma/Genel/AliciBilgisi/iframe_Alc Bilgisi_customerselectiframe'

2021-11-23 17:06:21 - [MESSAGE][INFO] - Checking object

2021-11-23 17:06:21 - [MESSAGE][INFO] - Object: 'Object Repository/Olusturma/Genel/AliciBilgisi/Alici_Adi' has parent object(s)

2021-11-23 17:06:21 - [MESSAGE][INFO] - Switching to iframe: 'Object Repository/Olusturma/Genel/AliciBilgisi/iframe_Alc Bilgisi_customerselectiframe'

2021-11-23 17:06:21 - [MESSAGE][INFO] - Finding web element from Test Object's properties

2021-11-23 17:06:21 - [MESSAGE][INFO] - Checking timeout

2021-11-23 17:06:21 - [MESSAGE][INFO] - Finding web element with id: 'Object Repository/Olusturma/Genel/AliciBilgisi/iframe_Alc Bilgisi_customerselectiframe' located by 'By.xpath: //iframe[@id='customerselectiframe']' in '30' second(s)

2021-11-23 17:06:21 - [MESSAGE][INFO] - Smart Wait Function is triggered

2021-11-23 17:06:21 - [MESSAGE][INFO] - Found 1 web elements with id: 'Object Repository/Olusturma/Genel/AliciBilgisi/iframe_Alc Bilgisi_customerselectiframe' located by 'By.xpath: //iframe[@id='customerselectiframe']' in '30' second(s)

2021-11-23 17:06:21 - [MESSAGE][INFO] - Switched to iframe: 'Object Repository/Olusturma/Genel/AliciBilgisi/iframe_Alc Bilgisi_customerselectiframe'

2021-11-23 17:06:21 - [MESSAGE][INFO] - Finding web element from Test Object's properties

2021-11-23 17:06:21 - [MESSAGE][INFO] - Checking timeout

2021-11-23 17:06:21 - [MESSAGE][INFO] - Finding web element with id: 'Object Repository/Olusturma/Genel/AliciBilgisi/Alici_Adi' located by 'By.xpath: //tr[@id='GridViewCustomer_DXDataRow0']/td[2]' in '30' second(s)

2021-11-23 17:06:21 - [MESSAGE][INFO] - Smart Wait Function is triggered

2021-11-23 17:06:21 - [MESSAGE][INFO] - Found 1 web elements with id: 'Object Repository/Olusturma/Genel/AliciBilgisi/Alici_Adi' located by 'By.xpath: //tr[@id='GridViewCustomer_DXDataRow0']/td[2]' in '30' second(s)

2021-11-23 17:06:21 - [MESSAGE][INFO] - Clicking on object: 'Object Repository/Olusturma/Genel/AliciBilgisi/Alici_Adi'

2021-11-23 17:06:21 - [MESSAGE][PASSED] - Object: 'Object Repository/Olusturma/Genel/AliciBilgisi/Alici_Adi' is clicked on

2021-11-23 17:06:21 - [MESSAGE][INFO] - Switching to default content

2021-11-23 17:06:21 - [TEST_STEP][PASSED] - click(findTestObject("Olusturma/Genel/AliciBilgisi/Tamam_Bosluk")): Switching to default content

2021-11-23 17:06:21 - [MESSAGE][INFO] - Finding Test Object 'Object Repository/Olusturma/Genel/AliciBilgisi/Tamam_Bosluk'

2021-11-23 17:06:22 - [MESSAGE][INFO] - Finding Test Object 'Object Repository/Olusturma/Genel/AliciBilgisi/Alici_Bilgisi'

2021-11-23 17:06:22 - [MESSAGE][INFO] - Checking object

2021-11-23 17:06:22 - [MESSAGE][INFO] - Object: 'Object Repository/Olusturma/Genel/AliciBilgisi/Tamam_Bosluk' has parent object(s)

2021-11-23 17:06:22 - [MESSAGE][INFO] - Switching to iframe: 'Object Repository/Olusturma/Genel/AliciBilgisi/Alici_Bilgisi'

2021-11-23 17:06:22 - [MESSAGE][INFO] - Finding web element from Test Object's properties

2021-11-23 17:06:22 - [MESSAGE][INFO] - Checking timeout

2021-11-23 17:06:22 - [MESSAGE][INFO] - Finding web element with id: 'Object Repository/Olusturma/Genel/AliciBilgisi/Alici_Bilgisi' located by 'By.xpath: //iframe[@id='customerselectiframe']' in '30' second(s)

2021-11-23 17:06:22 - [MESSAGE][INFO] - Smart Wait Function is triggered

2021-11-23 17:06:22 - [MESSAGE][INFO] - Found 1 web elements with id: 'Object Repository/Olusturma/Genel/AliciBilgisi/Alici_Bilgisi' located by 'By.xpath: //iframe[@id='customerselectiframe']' in '30' second(s)

2021-11-23 17:06:22 - [MESSAGE][INFO] - Switched to iframe: 'Object Repository/Olusturma/Genel/AliciBilgisi/Alici_Bilgisi'

2021-11-23 17:06:22 - [MESSAGE][INFO] - Finding web element from Test Object's properties

2021-11-23 17:06:22 - [MESSAGE][INFO] - Checking timeout

2021-11-23 17:06:22 - [MESSAGE][INFO] - Finding web element with id: 'Object Repository/Olusturma/Genel/AliciBilgisi/Tamam_Bosluk' located by 'By.xpath: (.//*[normalize-space(text()) and normalize-space(.)='Sayfa Boyutu:'])[1]/following::div[7]' in '30' second(s)

2021-11-23 17:06:22 - [MESSAGE][INFO] - Smart Wait Function is triggered

2021-11-23 17:06:22 - [MESSAGE][INFO] - Found 1 web elements with id: 'Object Repository/Olusturma/Genel/AliciBilgisi/Tamam_Bosluk' located by 'By.xpath: (.//*[normalize-space(text()) and normalize-space(.)='Sayfa Boyutu:'])[1]/following::div[7]' in '30' second(s)

2021-11-23 17:06:22 - [MESSAGE][INFO] - Clicking on object: 'Object Repository/Olusturma/Genel/AliciBilgisi/Tamam_Bosluk'

2021-11-23 17:06:22 - [MESSAGE][PASSED] - Object: 'Object Repository/Olusturma/Genel/AliciBilgisi/Tamam_Bosluk' is clicked on

2021-11-23 17:06:22 - [MESSAGE][INFO] - Switching to default content

2021-11-23 17:06:22 - [TEST_STEP][PASSED] - waitForElementClickable(findTestObject("Olusturma/Genel/AliciBilgisi/Tamam_Butonu"), 10): Switching to default content

2021-11-23 17:06:22 - [MESSAGE][INFO] - Finding Test Object 'Object Repository/Olusturma/Genel/AliciBilgisi/Tamam_Butonu'

2021-11-23 17:06:22 - [MESSAGE][INFO] - Finding Test Object 'Object Repository/Olusturma/Genel/AliciBilgisi/Alici_Bilgisi'

2021-11-23 17:06:22 - [MESSAGE][INFO] - Checking object

2021-11-23 17:06:22 - [MESSAGE][INFO] - Checking timeout

2021-11-23 17:06:22 - [MESSAGE][INFO] - Object: 'Object Repository/Olusturma/Genel/AliciBilgisi/Tamam_Butonu' has parent object(s)

2021-11-23 17:06:22 - [MESSAGE][INFO] - Switching to iframe: 'Object Repository/Olusturma/Genel/AliciBilgisi/Alici_Bilgisi'

2021-11-23 17:06:22 - [MESSAGE][INFO] - Finding web element from Test Object's properties

2021-11-23 17:06:22 - [MESSAGE][INFO] - Checking timeout

2021-11-23 17:06:22 - [MESSAGE][INFO] - Finding web element with id: 'Object Repository/Olusturma/Genel/AliciBilgisi/Alici_Bilgisi' located by 'By.xpath: //iframe[@id='customerselectiframe']' in '10' second(s)

2021-11-23 17:06:22 - [MESSAGE][INFO] - Smart Wait Function is triggered

2021-11-23 17:06:22 - [MESSAGE][INFO] - Found 1 web elements with id: 'Object Repository/Olusturma/Genel/AliciBilgisi/Alici_Bilgisi' located by 'By.xpath: //iframe[@id='customerselectiframe']' in '10' second(s)

2021-11-23 17:06:22 - [MESSAGE][INFO] - Switched to iframe: 'Object Repository/Olusturma/Genel/AliciBilgisi/Alici_Bilgisi'

2021-11-23 17:06:22 - [MESSAGE][INFO] - Finding web element from Test Object's properties

2021-11-23 17:06:22 - [MESSAGE][INFO] - Checking timeout

2021-11-23 17:06:22 - [MESSAGE][INFO] - Finding web element with id: 'Object Repository/Olusturma/Genel/AliciBilgisi/Tamam_Butonu' located by 'By.xpath: //div[@id='btnSelectCustomer_CD']/span' in '10' second(s)

2021-11-23 17:06:22 - [MESSAGE][INFO] - Smart Wait Function is triggered

2021-11-23 17:06:22 - [MESSAGE][INFO] - Found 1 web elements with id: 'Object Repository/Olusturma/Genel/AliciBilgisi/Tamam_Butonu' located by 'By.xpath: //div[@id='btnSelectCustomer_CD']/span' in '10' second(s)

2021-11-23 17:06:22 - [MESSAGE][PASSED] - Object 'Object Repository/Olusturma/Genel/AliciBilgisi/Tamam_Butonu' is clickable

2021-11-23 17:06:22 - [MESSAGE][INFO] - Switching to default content

2021-11-23 17:06:22 - [TEST_STEP][PASSED] - click(findTestObject("Olusturma/Genel/AliciBilgisi/Tamam_Butonu")): Switching to default content

2021-11-23 17:06:22 - [MESSAGE][INFO] - Finding Test Object 'Object Repository/Olusturma/Genel/AliciBilgisi/Tamam_Butonu'

2021-11-23 17:06:23 - [MESSAGE][INFO] - Finding Test Object 'Object Repository/Olusturma/Genel/AliciBilgisi/Alici_Bilgisi'

2021-11-23 17:06:23 - [MESSAGE][INFO] - Checking object

2021-11-23 17:06:23 - [MESSAGE][INFO] - Object: 'Object Repository/Olusturma/Genel/AliciBilgisi/Tamam_Butonu' has parent object(s)

2021-11-23 17:06:23 - [MESSAGE][INFO] - Switching to iframe: 'Object Repository/Olusturma/Genel/AliciBilgisi/Alici_Bilgisi'

2021-11-23 17:06:23 - [MESSAGE][INFO] - Finding web element from Test Object's properties

2021-11-23 17:06:23 - [MESSAGE][INFO] - Checking timeout

2021-11-23 17:06:23 - [MESSAGE][INFO] - Finding web element with id: 'Object Repository/Olusturma/Genel/AliciBilgisi/Alici_Bilgisi' located by 'By.xpath: //iframe[@id='customerselectiframe']' in '30' second(s)

2021-11-23 17:06:23 - [MESSAGE][INFO] - Smart Wait Function is triggered

2021-11-23 17:06:23 - [MESSAGE][INFO] - Found 1 web elements with id: 'Object Repository/Olusturma/Genel/AliciBilgisi/Alici_Bilgisi' located by 'By.xpath: //iframe[@id='customerselectiframe']' in '30' second(s)

2021-11-23 17:06:23 - [MESSAGE][INFO] - Switched to iframe: 'Object Repository/Olusturma/Genel/AliciBilgisi/Alici_Bilgisi'

2021-11-23 17:06:23 - [MESSAGE][INFO] - Finding web element from Test Object's properties

2021-11-23 17:06:23 - [MESSAGE][INFO] - Checking timeout

2021-11-23 17:06:23 - [MESSAGE][INFO] - Finding web element with id: 'Object Repository/Olusturma/Genel/AliciBilgisi/Tamam_Butonu' located by 'By.xpath: //div[@id='btnSelectCustomer_CD']/span' in '30' second(s)

2021-11-23 17:06:23 - [MESSAGE][INFO] - Smart Wait Function is triggered

2021-11-23 17:06:23 - [MESSAGE][INFO] - Found 1 web elements with id: 'Object Repository/Olusturma/Genel/AliciBilgisi/Tamam_Butonu' located by 'By.xpath: //div[@id='btnSelectCustomer_CD']/span' in '30' second(s)

2021-11-23 17:06:23 - [MESSAGE][INFO] - Clicking on object: 'Object Repository/Olusturma/Genel/AliciBilgisi/Tamam_Butonu'

2021-11-23 17:06:23 - [MESSAGE][PASSED] - Object: 'Object Repository/Olusturma/Genel/AliciBilgisi/Tamam_Butonu' is clicked on

2021-11-23 17:06:23 - [MESSAGE][INFO] - Switching to default content

2021-11-23 17:06:23 - [TEST_STEP][PASSED] - waitForElementPresent(findTestObject("Olusturma/Genel/AliciBilgisi/VKN-TCKN"), 10): Object 'Object Repository/Olusturma/Genel/AliciBilgisi/VKN-TCKN' is present

2021-11-23 17:06:23 - [MESSAGE][INFO] - Finding Test Object 'Object Repository/Olusturma/Genel/AliciBilgisi/VKN-TCKN'

2021-11-23 17:06:24 - [MESSAGE][INFO] - Checking object

2021-11-23 17:06:24 - [MESSAGE][INFO] - Finding web element from Test Object's properties

2021-11-23 17:06:24 - [MESSAGE][INFO] - Checking timeout

2021-11-23 17:06:24 - [MESSAGE][INFO] - Finding web element with id: 'Object Repository/Olusturma/Genel/AliciBilgisi/VKN-TCKN' located by 'By.xpath: //*[@id = 'txtVknTckn_I']' in '10' second(s)

2021-11-23 17:06:24 - [MESSAGE][INFO] - Smart Wait Function is triggered

2021-11-23 17:06:24 - [MESSAGE][INFO] - Found 1 web elements with id: 'Object Repository/Olusturma/Genel/AliciBilgisi/VKN-TCKN' located by 'By.xpath: //*[@id = 'txtVknTckn_I']' in '10' second(s)

2021-11-23 17:06:24 - [MESSAGE][PASSED] - Object 'Object Repository/Olusturma/Genel/AliciBilgisi/VKN-TCKN' is present

2021-11-23 17:06:24 - [TEST_STEP][PASSED] - text = getAttribute(findTestObject("Olusturma/Genel/AliciBilgisi/VKN-TCKN"), "value"): Attribute 'value' of object 'Object Repository/Olusturma/Genel/AliciBilgisi/VKN-TCKN' is: '5329805376'

2021-11-23 17:06:24 - [MESSAGE][INFO] - Finding Test Object 'Object Repository/Olusturma/Genel/AliciBilgisi/VKN-TCKN'

2021-11-23 17:06:24 - [MESSAGE][INFO] - Checking object

2021-11-23 17:06:24 - [MESSAGE][INFO] - Checking attribute

2021-11-23 17:06:24 - [MESSAGE][INFO] - Finding web element from Test Object's properties

2021-11-23 17:06:24 - [MESSAGE][INFO] - Checking timeout

2021-11-23 17:06:24 - [MESSAGE][INFO] - Finding web element with id: 'Object Repository/Olusturma/Genel/AliciBilgisi/VKN-TCKN' located by 'By.xpath: //*[@id = 'txtVknTckn_I']' in '30' second(s)

2021-11-23 17:06:24 - [MESSAGE][INFO] - Smart Wait Function is triggered

2021-11-23 17:06:24 - [MESSAGE][INFO] - Found 1 web elements with id: 'Object Repository/Olusturma/Genel/AliciBilgisi/VKN-TCKN' located by 'By.xpath: //*[@id = 'txtVknTckn_I']' in '30' second(s)

2021-11-23 17:06:24 - [MESSAGE][INFO] - Getting attribute 'value' of object 'Object Repository/Olusturma/Genel/AliciBilgisi/VKN-TCKN'

2021-11-23 17:06:24 - [MESSAGE][PASSED] - Attribute 'value' of object 'Object Repository/Olusturma/Genel/AliciBilgisi/VKN-TCKN' is: '5329805376'

2021-11-23 17:06:24 - [TEST_STEP][PASSED] - if (text.equals("")): null

2021-11-23 17:06:24 - [MESSAGE][PASSED] - Call Test Case 'Test Cases/Olusturma/Genel/AliciSecilir' successfully

2021-11-23 17:06:24 - [MESSAGE][INFO] - Checking called Test Case

2021-11-23 17:06:24 - [MESSAGE][INFO] - Starting to call Test Case 'Test Cases/Olusturma/Genel/GonderimSekliSecilir'

2021-11-23 17:06:24 - [TEST_CASE][PASSED] - Test Cases/Olusturma/Genel/GonderimSekliSecilir: Test Cases/Olusturma/Genel/GonderimSekliSecilir

2021-11-23 17:06:24 - [TEST_STEP][PASSED] - waitForElementClickable(findTestObject("Object Repository/Olusturma/Genel/GonderimSekli/GonderimSekli"), 10): Object 'Object Repository/Olusturma/Genel/GonderimSekli/GonderimSekli' is clickable

2021-11-23 17:06:24 - [MESSAGE][INFO] - Finding Test Object 'Object Repository/Olusturma/Genel/GonderimSekli/GonderimSekli'

2021-11-23 17:06:25 - [MESSAGE][INFO] - Checking object

2021-11-23 17:06:25 - [MESSAGE][INFO] - Checking timeout

2021-11-23 17:06:25 - [MESSAGE][INFO] - Finding web element from Test Object's properties

2021-11-23 17:06:25 - [MESSAGE][INFO] - Checking timeout

2021-11-23 17:06:25 - [MESSAGE][INFO] - Finding web element with id: 'Object Repository/Olusturma/Genel/GonderimSekli/GonderimSekli' located by 'By.xpath: //*[@id = 'txtGonderimSekil_I']' in '10' second(s)

2021-11-23 17:06:25 - [MESSAGE][INFO] - Smart Wait Function is triggered

2021-11-23 17:06:25 - [MESSAGE][INFO] - Found 1 web elements with id: 'Object Repository/Olusturma/Genel/GonderimSekli/GonderimSekli' located by 'By.xpath: //*[@id = 'txtGonderimSekil_I']' in '10' second(s)

2021-11-23 17:06:25 - [MESSAGE][PASSED] - Object 'Object Repository/Olusturma/Genel/GonderimSekli/GonderimSekli' is clickable

2021-11-23 17:06:25 - [TEST_STEP][PASSED] - click(findTestObject("Object Repository/Olusturma/Genel/GonderimSekli/GonderimSekli")): Object: 'Object Repository/Olusturma/Genel/GonderimSekli/GonderimSekli' is clicked on

2021-11-23 17:06:25 - [MESSAGE][INFO] - Finding Test Object 'Object Repository/Olusturma/Genel/GonderimSekli/GonderimSekli'

2021-11-23 17:06:25 - [MESSAGE][INFO] - Checking object

2021-11-23 17:06:25 - [MESSAGE][INFO] - Finding web element from Test Object's properties

2021-11-23 17:06:25 - [MESSAGE][INFO] - Checking timeout

2021-11-23 17:06:25 - [MESSAGE][INFO] - Finding web element with id: 'Object Repository/Olusturma/Genel/GonderimSekli/GonderimSekli' located by 'By.xpath: //*[@id = 'txtGonderimSekil_I']' in '30' second(s)

2021-11-23 17:06:25 - [MESSAGE][INFO] - Smart Wait Function is triggered

2021-11-23 17:06:25 - [MESSAGE][INFO] - Found 1 web elements with id: 'Object Repository/Olusturma/Genel/GonderimSekli/GonderimSekli' located by 'By.xpath: //*[@id = 'txtGonderimSekil_I']' in '30' second(s)

2021-11-23 17:06:25 - [MESSAGE][INFO] - Clicking on object: 'Object Repository/Olusturma/Genel/GonderimSekli/GonderimSekli'

2021-11-23 17:06:25 - [MESSAGE][PASSED] - Object: 'Object Repository/Olusturma/Genel/GonderimSekli/GonderimSekli' is clicked on

2021-11-23 17:06:25 - [TEST_STEP][PASSED] - Method.TextDegerineEsitElementeTikla(findTestObject("Object Repository/Olusturma/Genel/GonderimSekli/GonderimSekliAdi"), GonderimSekli): Method.TextDegerineEsitElementeTikla is PASSED

2021-11-23 17:06:25 - [MESSAGE][INFO] - Finding Test Object 'Object Repository/Olusturma/Genel/GonderimSekli/GonderimSekliAdi'

2021-11-23 17:06:26 - [MESSAGE][INFO] - Checking timeout

2021-11-23 17:06:26 - [MESSAGE][INFO] - Finding web element with id: 'Object Repository/Olusturma/Genel/GonderimSekli/GonderimSekliAdi' located by 'By.cssSelector: #txtGonderimSekil_DDD_L_LBT td' in '10' second(s)

2021-11-23 17:06:26 - [MESSAGE][INFO] - Smart Wait Function is triggered

2021-11-23 17:06:26 - [MESSAGE][INFO] - Found 2 web elements with id: 'Object Repository/Olusturma/Genel/GonderimSekli/GonderimSekliAdi' located by 'By.cssSelector: #txtGonderimSekil_DDD_L_LBT td' in '10' second(s)

2021-11-23 17:06:26 - [MESSAGE][PASSED] - Method.TextDegerineEsitElementeTikla is PASSED

2021-11-23 17:06:26 - [MESSAGE][PASSED] - Call Test Case 'Test Cases/Olusturma/Genel/GonderimSekliSecilir' successfully

2021-11-23 17:06:26 - [MESSAGE][INFO] - Checking called Test Case

2021-11-23 17:06:26 - [MESSAGE][INFO] - Starting to call Test Case 'Test Cases/Olusturma/Genel/TipSecilir'

2021-11-23 17:06:26 - [TEST_CASE][PASSED] - Test Cases/Olusturma/Genel/TipSecilir: Test Cases/Olusturma/Genel/TipSecilir

2021-11-23 17:06:26 - [TEST_STEP][PASSED] - waitForElementClickable(findTestObject("Olusturma/Genel/TipSecilir/Tip"), 10): Object 'Object Repository/Olusturma/Genel/TipSecilir/Tip' is clickable

2021-11-23 17:06:26 - [MESSAGE][INFO] - Finding Test Object 'Object Repository/Olusturma/Genel/TipSecilir/Tip'

2021-11-23 17:06:26 - [MESSAGE][INFO] - Checking object

2021-11-23 17:06:26 - [MESSAGE][INFO] - Checking timeout

2021-11-23 17:06:26 - [MESSAGE][INFO] - Finding web element from Test Object's properties

2021-11-23 17:06:26 - [MESSAGE][INFO] - Checking timeout

2021-11-23 17:06:26 - [MESSAGE][INFO] - Finding web element with id: 'Object Repository/Olusturma/Genel/TipSecilir/Tip' located by 'By.xpath: //*[@id = 'DocumentTypeCode_I']' in '10' second(s)

2021-11-23 17:06:26 - [MESSAGE][INFO] - Smart Wait Function is triggered

2021-11-23 17:06:27 - [MESSAGE][INFO] - Found 1 web elements with id: 'Object Repository/Olusturma/Genel/TipSecilir/Tip' located by 'By.xpath: //*[@id = 'DocumentTypeCode_I']' in '10' second(s)

2021-11-23 17:06:27 - [MESSAGE][PASSED] - Object 'Object Repository/Olusturma/Genel/TipSecilir/Tip' is clickable

2021-11-23 17:06:27 - [TEST_STEP][PASSED] - click(findTestObject("Olusturma/Genel/TipSecilir/Tip")): Object: 'Object Repository/Olusturma/Genel/TipSecilir/Tip' is clicked on

2021-11-23 17:06:27 - [MESSAGE][INFO] - Finding Test Object 'Object Repository/Olusturma/Genel/TipSecilir/Tip'

2021-11-23 17:06:27 - [MESSAGE][INFO] - Checking object

2021-11-23 17:06:27 - [MESSAGE][INFO] - Finding web element from Test Object's properties

2021-11-23 17:06:27 - [MESSAGE][INFO] - Checking timeout

2021-11-23 17:06:27 - [MESSAGE][INFO] - Finding web element with id: 'Object Repository/Olusturma/Genel/TipSecilir/Tip' located by 'By.xpath: //*[@id = 'DocumentTypeCode_I']' in '30' second(s)

2021-11-23 17:06:27 - [MESSAGE][INFO] - Smart Wait Function is triggered

2021-11-23 17:06:27 - [MESSAGE][INFO] - Found 1 web elements with id: 'Object Repository/Olusturma/Genel/TipSecilir/Tip' located by 'By.xpath: //*[@id = 'DocumentTypeCode_I']' in '30' second(s)

2021-11-23 17:06:27 - [MESSAGE][INFO] - Clicking on object: 'Object Repository/Olusturma/Genel/TipSecilir/Tip'

2021-11-23 17:06:27 - [MESSAGE][PASSED] - Object: 'Object Repository/Olusturma/Genel/TipSecilir/Tip' is clicked on

2021-11-23 17:06:27 - [TEST_STEP][PASSED] - Method.TextDegerineEsitElementeTikla(findTestObject("Object Repository/Olusturma/Genel/TipSecilir/Tip_Adi"), Tip): Method.TextDegerineEsitElementeTikla is PASSED

2021-11-23 17:06:27 - [MESSAGE][INFO] - Finding Test Object 'Object Repository/Olusturma/Genel/TipSecilir/Tip_Adi'

2021-11-23 17:06:27 - [MESSAGE][INFO] - Checking timeout

2021-11-23 17:06:27 - [MESSAGE][INFO] - Finding web element with id: 'Object Repository/Olusturma/Genel/TipSecilir/Tip_Adi' located by 'By.cssSelector: #DocumentTypeCode_DDD_L_LBT td' in '10' second(s)

2021-11-23 17:06:27 - [MESSAGE][INFO] - Smart Wait Function is triggered

2021-11-23 17:06:28 - [MESSAGE][INFO] - Found 9 web elements with id: 'Object Repository/Olusturma/Genel/TipSecilir/Tip_Adi' located by 'By.cssSelector: #DocumentTypeCode_DDD_L_LBT td' in '10' second(s)

2021-11-23 17:06:28 - [MESSAGE][PASSED] - Method.TextDegerineEsitElementeTikla is PASSED

2021-11-23 17:06:28 - [MESSAGE][PASSED] - Call Test Case 'Test Cases/Olusturma/Genel/TipSecilir' successfully

2021-11-23 17:06:28 - [MESSAGE][INFO] - Checking called Test Case

2021-11-23 17:06:28 - [MESSAGE][INFO] - Starting to call Test Case 'Test Cases/Olusturma/Genel/DokumanParaBirimiSecilir'

2021-11-23 17:06:28 - [TEST_CASE][PASSED] - Test Cases/Olusturma/Genel/DokumanParaBirimiSecilir: Test Cases/Olusturma/Genel/DokumanParaBirimiSecilir

2021-11-23 17:06:28 - [TEST_STEP][PASSED] - waitForElementClickable(findTestObject("Object Repository/Olusturma/Genel/DokumanParaBirimiSecilir/Para"), 10): Object 'Object Repository/Olusturma/Genel/DokumanParaBirimiSecilir/Para' is clickable

2021-11-23 17:06:28 - [MESSAGE][INFO] - Finding Test Object 'Object Repository/Olusturma/Genel/DokumanParaBirimiSecilir/Para'

2021-11-23 17:06:28 - [MESSAGE][INFO] - Checking object

2021-11-23 17:06:28 - [MESSAGE][INFO] - Checking timeout

2021-11-23 17:06:28 - [MESSAGE][INFO] - Finding web element from Test Object's properties

2021-11-23 17:06:28 - [MESSAGE][INFO] - Checking timeout

2021-11-23 17:06:28 - [MESSAGE][INFO] - Finding web element with id: 'Object Repository/Olusturma/Genel/DokumanParaBirimiSecilir/Para' located by 'By.xpath: //*[@id = 'CurrencyUnit_I']' in '10' second(s)

2021-11-23 17:06:28 - [MESSAGE][INFO] - Smart Wait Function is triggered

2021-11-23 17:06:28 - [MESSAGE][INFO] - Found 1 web elements with id: 'Object Repository/Olusturma/Genel/DokumanParaBirimiSecilir/Para' located by 'By.xpath: //*[@id = 'CurrencyUnit_I']' in '10' second(s)

2021-11-23 17:06:28 - [MESSAGE][PASSED] - Object 'Object Repository/Olusturma/Genel/DokumanParaBirimiSecilir/Para' is clickable

2021-11-23 17:06:28 - [TEST_STEP][PASSED] - click(findTestObject("Object Repository/Olusturma/Genel/DokumanParaBirimiSecilir/Para")): Object: 'Object Repository/Olusturma/Genel/DokumanParaBirimiSecilir/Para' is clicked on

2021-11-23 17:06:28 - [MESSAGE][INFO] - Finding Test Object 'Object Repository/Olusturma/Genel/DokumanParaBirimiSecilir/Para'

2021-11-23 17:06:29 - [MESSAGE][INFO] - Checking object

2021-11-23 17:06:29 - [MESSAGE][INFO] - Finding web element from Test Object's properties

2021-11-23 17:06:29 - [MESSAGE][INFO] - Checking timeout

2021-11-23 17:06:29 - [MESSAGE][INFO] - Finding web element with id: 'Object Repository/Olusturma/Genel/DokumanParaBirimiSecilir/Para' located by 'By.xpath: //*[@id = 'CurrencyUnit_I']' in '30' second(s)

2021-11-23 17:06:29 - [MESSAGE][INFO] - Smart Wait Function is triggered

2021-11-23 17:06:29 - [MESSAGE][INFO] - Found 1 web elements with id: 'Object Repository/Olusturma/Genel/DokumanParaBirimiSecilir/Para' located by 'By.xpath: //*[@id = 'CurrencyUnit_I']' in '30' second(s)

2021-11-23 17:06:29 - [MESSAGE][INFO] - Clicking on object: 'Object Repository/Olusturma/Genel/DokumanParaBirimiSecilir/Para'

2021-11-23 17:06:29 - [MESSAGE][PASSED] - Object: 'Object Repository/Olusturma/Genel/DokumanParaBirimiSecilir/Para' is clicked on

2021-11-23 17:06:29 - [TEST_STEP][PASSED] - Method.TextDegerineEsitElementeTikla(findTestObject("Object Repository/Olusturma/Genel/DokumanParaBirimiSecilir/Para_Adi"), Para): Method.TextDegerineEsitElementeTikla is PASSED

2021-11-23 17:06:29 - [MESSAGE][INFO] - Finding Test Object 'Object Repository/Olusturma/Genel/DokumanParaBirimiSecilir/Para_Adi'

2021-11-23 17:06:29 - [MESSAGE][INFO] - Checking timeout

2021-11-23 17:06:29 - [MESSAGE][INFO] - Finding web element with id: 'Object Repository/Olusturma/Genel/DokumanParaBirimiSecilir/Para_Adi' located by 'By.cssSelector: #CurrencyUnit_DDD_L_LBT td' in '10' second(s)

2021-11-23 17:06:29 - [MESSAGE][INFO] - Smart Wait Function is triggered

2021-11-23 17:06:30 - [MESSAGE][INFO] - Found 203 web elements with id: 'Object Repository/Olusturma/Genel/DokumanParaBirimiSecilir/Para_Adi' located by 'By.cssSelector: #CurrencyUnit_DDD_L_LBT td' in '10' second(s)

2021-11-23 17:06:36 - [MESSAGE][PASSED] - Method.TextDegerineEsitElementeTikla is PASSED

2021-11-23 17:06:36 - [MESSAGE][PASSED] - Call Test Case 'Test Cases/Olusturma/Genel/DokumanParaBirimiSecilir' successfully

2021-11-23 17:06:36 - [MESSAGE][INFO] - Checking called Test Case

2021-11-23 17:06:36 - [MESSAGE][INFO] - Starting to call Test Case 'Test Cases/Olusturma/Genel/OnEkSecilir'

2021-11-23 17:06:36 - [TEST_CASE][PASSED] - Test Cases/Olusturma/Genel/OnEkSecilir: Test Cases/Olusturma/Genel/OnEkSecilir

2021-11-23 17:06:36 - [TEST_STEP][PASSED] - waitForElementClickable(findTestObject("Object Repository/Olusturma/Genel/OnEkSecilir/OnEk"), 10): Object 'Object Repository/Olusturma/Genel/OnEkSecilir/OnEk' is clickable

2021-11-23 17:06:36 - [MESSAGE][INFO] - Finding Test Object 'Object Repository/Olusturma/Genel/OnEkSecilir/OnEk'

2021-11-23 17:06:36 - [MESSAGE][INFO] - Checking object

2021-11-23 17:06:36 - [MESSAGE][INFO] - Checking timeout

2021-11-23 17:06:36 - [MESSAGE][INFO] - Finding web element from Test Object's properties

2021-11-23 17:06:36 - [MESSAGE][INFO] - Checking timeout

2021-11-23 17:06:36 - [MESSAGE][INFO] - Finding web element with id: 'Object Repository/Olusturma/Genel/OnEkSecilir/OnEk' located by 'By.xpath: //*[@id = 'InvoicePrefix_I']' in '10' second(s)

2021-11-23 17:06:36 - [MESSAGE][INFO] - Smart Wait Function is triggered

2021-11-23 17:06:37 - [MESSAGE][INFO] - Found 1 web elements with id: 'Object Repository/Olusturma/Genel/OnEkSecilir/OnEk' located by 'By.xpath: //*[@id = 'InvoicePrefix_I']' in '10' second(s)

2021-11-23 17:06:37 - [MESSAGE][PASSED] - Object 'Object Repository/Olusturma/Genel/OnEkSecilir/OnEk' is clickable

2021-11-23 17:06:37 - [TEST_STEP][PASSED] - click(findTestObject("Object Repository/Olusturma/Genel/OnEkSecilir/OnEk")): Object: 'Object Repository/Olusturma/Genel/OnEkSecilir/OnEk' is clicked on

2021-11-23 17:06:37 - [MESSAGE][INFO] - Finding Test Object 'Object Repository/Olusturma/Genel/OnEkSecilir/OnEk'

2021-11-23 17:06:37 - [MESSAGE][INFO] - Checking object

2021-11-23 17:06:37 - [MESSAGE][INFO] - Finding web element from Test Object's properties

2021-11-23 17:06:37 - [MESSAGE][INFO] - Checking timeout

2021-11-23 17:06:37 - [MESSAGE][INFO] - Finding web element with id: 'Object Repository/Olusturma/Genel/OnEkSecilir/OnEk' located by 'By.xpath: //*[@id = 'InvoicePrefix_I']' in '30' second(s)

2021-11-23 17:06:37 - [MESSAGE][INFO] - Smart Wait Function is triggered

2021-11-23 17:06:37 - [MESSAGE][INFO] - Found 1 web elements with id: 'Object Repository/Olusturma/Genel/OnEkSecilir/OnEk' located by 'By.xpath: //*[@id = 'InvoicePrefix_I']' in '30' second(s)

2021-11-23 17:06:37 - [MESSAGE][INFO] - Clicking on object: 'Object Repository/Olusturma/Genel/OnEkSecilir/OnEk'

2021-11-23 17:06:37 - [MESSAGE][PASSED] - Object: 'Object Repository/Olusturma/Genel/OnEkSecilir/OnEk' is clicked on

2021-11-23 17:06:37 - [TEST_STEP][PASSED] - Method.TextDegerineEsitElementeTiklaEquals(findTestObject("Object Repository/Olusturma/Genel/OnEkSecilir/OnEkAdi"), Ek): Method.TextDegerineEsitElementeTiklaEquals is PASSED

2021-11-23 17:06:37 - [MESSAGE][INFO] - Finding Test Object 'Object Repository/Olusturma/Genel/OnEkSecilir/OnEkAdi'

2021-11-23 17:06:37 - [MESSAGE][INFO] - Checking timeout

2021-11-23 17:06:37 - [MESSAGE][INFO] - Finding web element with id: 'Object Repository/Olusturma/Genel/OnEkSecilir/OnEkAdi' located by 'By.cssSelector: #InvoicePrefix_DDD_L_LBT td' in '10' second(s)

2021-11-23 17:06:37 - [MESSAGE][INFO] - Smart Wait Function is triggered

2021-11-23 17:06:38 - [MESSAGE][INFO] - Found 1 web elements with id: 'Object Repository/Olusturma/Genel/OnEkSecilir/OnEkAdi' located by 'By.cssSelector: #InvoicePrefix_DDD_L_LBT td' in '10' second(s)

2021-11-23 17:06:38 - [MESSAGE][PASSED] - Method.TextDegerineEsitElementeTiklaEquals is PASSED

2021-11-23 17:06:38 - [MESSAGE][PASSED] - Call Test Case 'Test Cases/Olusturma/Genel/OnEkSecilir' successfully

2021-11-23 17:06:38 - [MESSAGE][INFO] - Checking called Test Case

2021-11-23 17:06:38 - [MESSAGE][INFO] - Starting to call Test Case 'Test Cases/Olusturma/Genel/TasarimSecilir'

2021-11-23 17:06:38 - [TEST_CASE][PASSED] - Test Cases/Olusturma/Genel/TasarimSecilir: Test Cases/Olusturma/Genel/TasarimSecilir

2021-11-23 17:06:38 - [TEST_STEP][PASSED] - waitForElementClickable(findTestObject("Object Repository/Olusturma/Genel/TasarimSecilir/Tasarim"), 10): Object 'Object Repository/Olusturma/Genel/TasarimSecilir/Tasarim' is clickable

2021-11-23 17:06:38 - [MESSAGE][INFO] - Finding Test Object 'Object Repository/Olusturma/Genel/TasarimSecilir/Tasarim'

2021-11-23 17:06:38 - [MESSAGE][INFO] - Checking object

2021-11-23 17:06:38 - [MESSAGE][INFO] - Checking timeout

2021-11-23 17:06:38 - [MESSAGE][INFO] - Finding web element from Test Object's properties

2021-11-23 17:06:38 - [MESSAGE][INFO] - Checking timeout

2021-11-23 17:06:38 - [MESSAGE][INFO] - Finding web element with id: 'Object Repository/Olusturma/Genel/TasarimSecilir/Tasarim' located by 'By.xpath: //*[@id = 'DesignId_I']' in '10' second(s)

2021-11-23 17:06:38 - [MESSAGE][INFO] - Smart Wait Function is triggered

2021-11-23 17:06:38 - [MESSAGE][INFO] - Found 1 web elements with id: 'Object Repository/Olusturma/Genel/TasarimSecilir/Tasarim' located by 'By.xpath: //*[@id = 'DesignId_I']' in '10' second(s)

2021-11-23 17:06:38 - [MESSAGE][PASSED] - Object 'Object Repository/Olusturma/Genel/TasarimSecilir/Tasarim' is clickable

2021-11-23 17:06:38 - [TEST_STEP][PASSED] - click(findTestObject("Object Repository/Olusturma/Genel/TasarimSecilir/Tasarim")): Object: 'Object Repository/Olusturma/Genel/TasarimSecilir/Tasarim' is clicked on

2021-11-23 17:06:38 - [MESSAGE][INFO] - Finding Test Object 'Object Repository/Olusturma/Genel/TasarimSecilir/Tasarim'

2021-11-23 17:06:38 - [MESSAGE][INFO] - Checking object

2021-11-23 17:06:38 - [MESSAGE][INFO] - Finding web element from Test Object's properties

2021-11-23 17:06:38 - [MESSAGE][INFO] - Checking timeout

2021-11-23 17:06:38 - [MESSAGE][INFO] - Finding web element with id: 'Object Repository/Olusturma/Genel/TasarimSecilir/Tasarim' located by 'By.xpath: //*[@id = 'DesignId_I']' in '30' second(s)

2021-11-23 17:06:38 - [MESSAGE][INFO] - Smart Wait Function is triggered

2021-11-23 17:06:39 - [MESSAGE][INFO] - Found 1 web elements with id: 'Object Repository/Olusturma/Genel/TasarimSecilir/Tasarim' located by 'By.xpath: //*[@id = 'DesignId_I']' in '30' second(s)

2021-11-23 17:06:39 - [MESSAGE][INFO] - Clicking on object: 'Object Repository/Olusturma/Genel/TasarimSecilir/Tasarim'

2021-11-23 17:06:39 - [MESSAGE][PASSED] - Object: 'Object Repository/Olusturma/Genel/TasarimSecilir/Tasarim' is clicked on

2021-11-23 17:06:39 - [TEST_STEP][PASSED] - Method.TextDegerineEsitElementeTikla(findTestObject("Object Repository/Olusturma/Genel/TasarimSecilir/Tasarim_Adi"), Tasarim): Method.TextDegerineEsitElementeTikla is PASSED

2021-11-23 17:06:39 - [MESSAGE][INFO] - Finding Test Object 'Object Repository/Olusturma/Genel/TasarimSecilir/Tasarim_Adi'

2021-11-23 17:06:39 - [MESSAGE][INFO] - Checking timeout

2021-11-23 17:06:39 - [MESSAGE][INFO] - Finding web element with id: 'Object Repository/Olusturma/Genel/TasarimSecilir/Tasarim_Adi' located by 'By.cssSelector: #DesignId_DDD_L_LBT td' in '10' second(s)

2021-11-23 17:06:39 - [MESSAGE][INFO] - Smart Wait Function is triggered

2021-11-23 17:06:39 - [MESSAGE][INFO] - Found 1 web elements with id: 'Object Repository/Olusturma/Genel/TasarimSecilir/Tasarim_Adi' located by 'By.cssSelector: #DesignId_DDD_L_LBT td' in '10' second(s)

2021-11-23 17:06:39 - [MESSAGE][PASSED] - Method.TextDegerineEsitElementeTikla is PASSED

2021-11-23 17:06:39 - [MESSAGE][PASSED] - Call Test Case 'Test Cases/Olusturma/Genel/TasarimSecilir' successfully

2021-11-23 17:06:39 - [MESSAGE][INFO] - Checking called Test Case

2021-11-23 17:06:39 - [MESSAGE][INFO] - Starting to call Test Case 'Test Cases/Olusturma/Genel/Kutular/SiparisBilgileriGirilir'

2021-11-23 17:06:39 - [TEST_CASE][PASSED] - Test Cases/Olusturma/Genel/Kutular/SiparisBilgileriGirilir: Test Cases/Olusturma/Genel/Kutular/SiparisBilgileriGirilir

2021-11-23 17:06:39 - [TEST_STEP][PASSED] - Method.TextDegerineEsitElementeTikla(findTestObject("Olusturma/Genel/Kutular/KapaliKutular"), "Sipariş Bilgileri"): Method.TextDegerineEsitElementeTikla is PASSED

2021-11-23 17:06:39 - [MESSAGE][INFO] - Finding Test Object 'Object Repository/Olusturma/Genel/Kutular/KapaliKutular'

2021-11-23 17:06:39 - [MESSAGE][INFO] - Checking timeout

2021-11-23 17:06:39 - [MESSAGE][INFO] - Finding web element with id: 'Object Repository/Olusturma/Genel/Kutular/KapaliKutular' located by 'By.cssSelector: .dxnb-headerCollapsed>span' in '10' second(s)

2021-11-23 17:06:39 - [MESSAGE][INFO] - Smart Wait Function is triggered

2021-11-23 17:06:40 - [MESSAGE][INFO] - Found 8 web elements with id: 'Object Repository/Olusturma/Genel/Kutular/KapaliKutular' located by 'By.cssSelector: .dxnb-headerCollapsed>span' in '10' second(s)

2021-11-23 17:06:40 - [MESSAGE][PASSED] - Method.TextDegerineEsitElementeTikla is PASSED

2021-11-23 17:06:40 - [TEST_STEP][PASSED] - waitForElementPresent(findTestObject("Object Repository/Olusturma/Genel/Kutular/SiparisBilgileri/SiparisNo"), 10): Object 'Object Repository/Olusturma/Genel/Kutular/SiparisBilgileri/SiparisNo' is present

2021-11-23 17:06:40 - [MESSAGE][INFO] - Finding Test Object 'Object Repository/Olusturma/Genel/Kutular/SiparisBilgileri/SiparisNo'

2021-11-23 17:06:40 - [MESSAGE][INFO] - Checking object

2021-11-23 17:06:40 - [MESSAGE][INFO] - Finding web element from Test Object's properties

2021-11-23 17:06:40 - [MESSAGE][INFO] - Checking timeout

2021-11-23 17:06:40 - [MESSAGE][INFO] - Finding web element with id: 'Object Repository/Olusturma/Genel/Kutular/SiparisBilgileri/SiparisNo' located by 'By.xpath: //*[@id = 'txtSiparisNo_I']' in '10' second(s)

2021-11-23 17:06:40 - [MESSAGE][INFO] - Smart Wait Function is triggered

2021-11-23 17:06:40 - [MESSAGE][INFO] - Found 1 web elements with id: 'Object Repository/Olusturma/Genel/Kutular/SiparisBilgileri/SiparisNo' located by 'By.xpath: //*[@id = 'txtSiparisNo_I']' in '10' second(s)

2021-11-23 17:06:40 - [MESSAGE][PASSED] - Object 'Object Repository/Olusturma/Genel/Kutular/SiparisBilgileri/SiparisNo' is present

2021-11-23 17:06:40 - [TEST_STEP][PASSED] - clearText(findTestObject("Object Repository/Olusturma/Genel/Kutular/SiparisBilgileri/SiparisNo")): Text of object 'Object Repository/Olusturma/Genel/Kutular/SiparisBilgileri/SiparisNo' is cleared

2021-11-23 17:06:40 - [MESSAGE][INFO] - Finding Test Object 'Object Repository/Olusturma/Genel/Kutular/SiparisBilgileri/SiparisNo'

2021-11-23 17:06:40 - [MESSAGE][INFO] - Checking object

2021-11-23 17:06:40 - [MESSAGE][INFO] - Finding web element from Test Object's properties

2021-11-23 17:06:40 - [MESSAGE][INFO] - Checking timeout

2021-11-23 17:06:40 - [MESSAGE][INFO] - Finding web element with id: 'Object Repository/Olusturma/Genel/Kutular/SiparisBilgileri/SiparisNo' located by 'By.xpath: //*[@id = 'txtSiparisNo_I']' in '30' second(s)

2021-11-23 17:06:40 - [MESSAGE][INFO] - Smart Wait Function is triggered

2021-11-23 17:06:40 - [MESSAGE][INFO] - Found 1 web elements with id: 'Object Repository/Olusturma/Genel/Kutular/SiparisBilgileri/SiparisNo' located by 'By.xpath: //*[@id = 'txtSiparisNo_I']' in '30' second(s)

2021-11-23 17:06:40 - [MESSAGE][INFO] - Clearing text of object 'Object Repository/Olusturma/Genel/Kutular/SiparisBilgileri/SiparisNo'

2021-11-23 17:06:40 - [MESSAGE][PASSED] - Text of object 'Object Repository/Olusturma/Genel/Kutular/SiparisBilgileri/SiparisNo' is cleared

2021-11-23 17:06:40 - [TEST_STEP][PASSED] - sendKeys(findTestObject("Object Repository/Olusturma/Genel/Kutular/SiparisBilgileri/SiparisNo"), SiparisNo): Keys 'UUC-SAT-1200001' sent to object: 'Object Repository/Olusturma/Genel/Kutular/SiparisBilgileri/SiparisNo'

2021-11-23 17:06:40 - [MESSAGE][INFO] - Finding Test Object 'Object Repository/Olusturma/Genel/Kutular/SiparisBilgileri/SiparisNo'

2021-11-23 17:06:41 - [MESSAGE][INFO] - Sending keys 'UUC-SAT-1200001' to object: 'Object Repository/Olusturma/Genel/Kutular/SiparisBilgileri/SiparisNo'

2021-11-23 17:06:41 - [MESSAGE][INFO] - Finding web element from Test Object's properties

2021-11-23 17:06:41 - [MESSAGE][INFO] - Checking timeout

2021-11-23 17:06:41 - [MESSAGE][INFO] - Finding web element with id: 'Object Repository/Olusturma/Genel/Kutular/SiparisBilgileri/SiparisNo' located by 'By.xpath: //*[@id = 'txtSiparisNo_I']' in '30' second(s)

2021-11-23 17:06:41 - [MESSAGE][INFO] - Smart Wait Function is triggered

2021-11-23 17:06:41 - [MESSAGE][INFO] - Found 1 web elements with id: 'Object Repository/Olusturma/Genel/Kutular/SiparisBilgileri/SiparisNo' located by 'By.xpath: //*[@id = 'txtSiparisNo_I']' in '30' second(s)

2021-11-23 17:06:41 - [MESSAGE][PASSED] - Keys 'UUC-SAT-1200001' sent to object: 'Object Repository/Olusturma/Genel/Kutular/SiparisBilgileri/SiparisNo'

2021-11-23 17:06:41 - [TEST_STEP][PASSED] - waitForElementClickable(findTestObject("Object Repository/Olusturma/Genel/Kutular/SiparisBilgileri/SiparisTarihiImage"), 10): Object 'Object Repository/Olusturma/Genel/Kutular/SiparisBilgileri/SiparisTarihiImage' is clickable

2021-11-23 17:06:41 - [MESSAGE][INFO] - Finding Test Object 'Object Repository/Olusturma/Genel/Kutular/SiparisBilgileri/SiparisTarihiImage'

2021-11-23 17:06:41 - [MESSAGE][INFO] - Checking object

2021-11-23 17:06:41 - [MESSAGE][INFO] - Checking timeout

2021-11-23 17:06:41 - [MESSAGE][INFO] - Finding web element from Test Object's properties

2021-11-23 17:06:41 - [MESSAGE][INFO] - Checking timeout

2021-11-23 17:06:41 - [MESSAGE][INFO] - Finding web element with id: 'Object Repository/Olusturma/Genel/Kutular/SiparisBilgileri/SiparisTarihiImage' located by 'By.cssSelector: #dateSiparisTarih img' in '10' second(s)

2021-11-23 17:06:41 - [MESSAGE][INFO] - Smart Wait Function is triggered

2021-11-23 17:06:42 - [MESSAGE][INFO] - Found 1 web elements with id: 'Object Repository/Olusturma/Genel/Kutular/SiparisBilgileri/SiparisTarihiImage' located by 'By.cssSelector: #dateSiparisTarih img' in '10' second(s)

2021-11-23 17:06:42 - [MESSAGE][PASSED] - Object 'Object Repository/Olusturma/Genel/Kutular/SiparisBilgileri/SiparisTarihiImage' is clickable

2021-11-23 17:06:42 - [TEST_STEP][PASSED] - click(findTestObject("Object Repository/Olusturma/Genel/Kutular/SiparisBilgileri/SiparisTarihiImage")): Object: 'Object Repository/Olusturma/Genel/Kutular/SiparisBilgileri/SiparisTarihiImage' is clicked on

2021-11-23 17:06:42 - [MESSAGE][INFO] - Finding Test Object 'Object Repository/Olusturma/Genel/Kutular/SiparisBilgileri/SiparisTarihiImage'

2021-11-23 17:06:42 - [MESSAGE][INFO] - Checking object

2021-11-23 17:06:42 - [MESSAGE][INFO] - Finding web element from Test Object's properties

2021-11-23 17:06:42 - [MESSAGE][INFO] - Checking timeout

2021-11-23 17:06:42 - [MESSAGE][INFO] - Finding web element with id: 'Object Repository/Olusturma/Genel/Kutular/SiparisBilgileri/SiparisTarihiImage' located by 'By.cssSelector: #dateSiparisTarih img' in '30' second(s)

2021-11-23 17:06:42 - [MESSAGE][INFO] - Smart Wait Function is triggered

2021-11-23 17:06:42 - [MESSAGE][INFO] - Found 1 web elements with id: 'Object Repository/Olusturma/Genel/Kutular/SiparisBilgileri/SiparisTarihiImage' located by 'By.cssSelector: #dateSiparisTarih img' in '30' second(s)

2021-11-23 17:06:42 - [MESSAGE][INFO] - Clicking on object: 'Object Repository/Olusturma/Genel/Kutular/SiparisBilgileri/SiparisTarihiImage'

2021-11-23 17:06:42 - [MESSAGE][PASSED] - Object: 'Object Repository/Olusturma/Genel/Kutular/SiparisBilgileri/SiparisTarihiImage' is clicked on

2021-11-23 17:06:42 - [TEST_STEP][PASSED] - waitForElementPresent(findTestObject("Object Repository/Olusturma/Genel/Kutular/SiparisBilgileri/SiparisTarihi"), 10): Object 'Object Repository/Olusturma/Genel/Kutular/SiparisBilgileri/SiparisTarihi' is present

2021-11-23 17:06:42 - [MESSAGE][INFO] - Finding Test Object 'Object Repository/Olusturma/Genel/Kutular/SiparisBilgileri/SiparisTarihi'

2021-11-23 17:06:42 - [MESSAGE][INFO] - Checking object

2021-11-23 17:06:42 - [MESSAGE][INFO] - Finding web element from Test Object's properties

2021-11-23 17:06:42 - [MESSAGE][INFO] - Checking timeout

2021-11-23 17:06:42 - [MESSAGE][INFO] - Finding web element with id: 'Object Repository/Olusturma/Genel/Kutular/SiparisBilgileri/SiparisTarihi' located by 'By.xpath: //*[@id = 'dateSiparisTarih_I']' in '10' second(s)

2021-11-23 17:06:42 - [MESSAGE][INFO] - Smart Wait Function is triggered

2021-11-23 17:06:43 - [MESSAGE][INFO] - Found 1 web elements with id: 'Object Repository/Olusturma/Genel/Kutular/SiparisBilgileri/SiparisTarihi' located by 'By.xpath: //*[@id = 'dateSiparisTarih_I']' in '10' second(s)

2021-11-23 17:06:43 - [MESSAGE][PASSED] - Object 'Object Repository/Olusturma/Genel/Kutular/SiparisBilgileri/SiparisTarihi' is present

2021-11-23 17:06:43 - [TEST_STEP][PASSED] - clearText(findTestObject("Object Repository/Olusturma/Genel/Kutular/SiparisBilgileri/SiparisTarihi")): Text of object 'Object Repository/Olusturma/Genel/Kutular/SiparisBilgileri/SiparisTarihi' is cleared

2021-11-23 17:06:43 - [MESSAGE][INFO] - Finding Test Object 'Object Repository/Olusturma/Genel/Kutular/SiparisBilgileri/SiparisTarihi'

2021-11-23 17:06:43 - [MESSAGE][INFO] - Checking object

2021-11-23 17:06:43 - [MESSAGE][INFO] - Finding web element from Test Object's properties

2021-11-23 17:06:43 - [MESSAGE][INFO] - Checking timeout

2021-11-23 17:06:43 - [MESSAGE][INFO] - Finding web element with id: 'Object Repository/Olusturma/Genel/Kutular/SiparisBilgileri/SiparisTarihi' located by 'By.xpath: //*[@id = 'dateSiparisTarih_I']' in '30' second(s)

2021-11-23 17:06:43 - [MESSAGE][INFO] - Smart Wait Function is triggered

2021-11-23 17:06:43 - [MESSAGE][INFO] - Found 1 web elements with id: 'Object Repository/Olusturma/Genel/Kutular/SiparisBilgileri/SiparisTarihi' located by 'By.xpath: //*[@id = 'dateSiparisTarih_I']' in '30' second(s)

2021-11-23 17:06:43 - [MESSAGE][INFO] - Clearing text of object 'Object Repository/Olusturma/Genel/Kutular/SiparisBilgileri/SiparisTarihi'

2021-11-23 17:06:43 - [MESSAGE][PASSED] - Text of object 'Object Repository/Olusturma/Genel/Kutular/SiparisBilgileri/SiparisTarihi' is cleared

2021-11-23 17:06:43 - [TEST_STEP][PASSED] - sendKeys(findTestObject("Object Repository/Olusturma/Genel/Kutular/SiparisBilgileri/SiparisTarihi"), Tarih): Keys '31.04.2020' sent to object: 'Object Repository/Olusturma/Genel/Kutular/SiparisBilgileri/SiparisTarihi'

2021-11-23 17:06:43 - [MESSAGE][INFO] - Finding Test Object 'Object Repository/Olusturma/Genel/Kutular/SiparisBilgileri/SiparisTarihi'

2021-11-23 17:06:43 - [MESSAGE][INFO] - Sending keys '31.04.2020' to object: 'Object Repository/Olusturma/Genel/Kutular/SiparisBilgileri/SiparisTarihi'

2021-11-23 17:06:43 - [MESSAGE][INFO] - Finding web element from Test Object's properties

2021-11-23 17:06:43 - [MESSAGE][INFO] - Checking timeout

2021-11-23 17:06:43 - [MESSAGE][INFO] - Finding web element with id: 'Object Repository/Olusturma/Genel/Kutular/SiparisBilgileri/SiparisTarihi' located by 'By.xpath: //*[@id = 'dateSiparisTarih_I']' in '30' second(s)

2021-11-23 17:06:43 - [MESSAGE][INFO] - Smart Wait Function is triggered

2021-11-23 17:06:44 - [MESSAGE][INFO] - Found 1 web elements with id: 'Object Repository/Olusturma/Genel/Kutular/SiparisBilgileri/SiparisTarihi' located by 'By.xpath: //*[@id = 'dateSiparisTarih_I']' in '30' second(s)

2021-11-23 17:06:44 - [MESSAGE][PASSED] - Keys '31.04.2020' sent to object: 'Object Repository/Olusturma/Genel/Kutular/SiparisBilgileri/SiparisTarihi'

2021-11-23 17:06:44 - [MESSAGE][PASSED] - Call Test Case 'Test Cases/Olusturma/Genel/Kutular/SiparisBilgileriGirilir' successfully

2021-11-23 17:06:44 - [MESSAGE][INFO] - Checking called Test Case

2021-11-23 17:06:44 - [MESSAGE][INFO] - Starting to call Test Case 'Test Cases/Olusturma/Genel/Kutular/IrsaliyeBilgileri'

2021-11-23 17:06:44 - [TEST_CASE][PASSED] - Test Cases/Olusturma/Genel/Kutular/IrsaliyeBilgileri: Test Cases/Olusturma/Genel/Kutular/IrsaliyeBilgileri

2021-11-23 17:06:44 - [TEST_STEP][PASSED] - Method.TextDegerineEsitElementeTikla(findTestObject("Olusturma/Genel/Kutular/KapaliKutular"), "İrsaliye Bilgileri"): Method.TextDegerineEsitElementeTikla is PASSED

2021-11-23 17:06:44 - [MESSAGE][INFO] - Finding Test Object 'Object Repository/Olusturma/Genel/Kutular/KapaliKutular'

2021-11-23 17:06:44 - [MESSAGE][INFO] - Checking timeout

2021-11-23 17:06:44 - [MESSAGE][INFO] - Finding web element with id: 'Object Repository/Olusturma/Genel/Kutular/KapaliKutular' located by 'By.cssSelector: .dxnb-headerCollapsed>span' in '10' second(s)

2021-11-23 17:06:44 - [MESSAGE][INFO] - Smart Wait Function is triggered

2021-11-23 17:06:44 - [MESSAGE][INFO] - Found 8 web elements with id: 'Object Repository/Olusturma/Genel/Kutular/KapaliKutular' located by 'By.cssSelector: .dxnb-headerCollapsed>span' in '10' second(s)

2021-11-23 17:06:44 - [MESSAGE][PASSED] - Method.TextDegerineEsitElementeTikla is PASSED

2021-11-23 17:06:44 - [TEST_STEP][PASSED] - waitForElementClickable(findTestObject("Olusturma/Genel/Kutular/IrsaliyeBilgileri/Ekle"), 10): Object 'Object Repository/Olusturma/Genel/Kutular/IrsaliyeBilgileri/Ekle' is clickable

2021-11-23 17:06:44 - [MESSAGE][INFO] - Finding Test Object 'Object Repository/Olusturma/Genel/Kutular/IrsaliyeBilgileri/Ekle'

2021-11-23 17:06:45 - [MESSAGE][INFO] - Checking object

2021-11-23 17:06:45 - [MESSAGE][INFO] - Checking timeout

2021-11-23 17:06:45 - [MESSAGE][INFO] - Finding web element from Test Object's properties

2021-11-23 17:06:45 - [MESSAGE][INFO] - Checking timeout

2021-11-23 17:06:45 - [MESSAGE][INFO] - Finding web element with id: 'Object Repository/Olusturma/Genel/Kutular/IrsaliyeBilgileri/Ekle' located by 'By.xpath: //*[@id = 'DXEditorgvUserInvoiceBillsNewRowBtn']' in '10' second(s)

2021-11-23 17:06:45 - [MESSAGE][INFO] - Smart Wait Function is triggered

2021-11-23 17:06:45 - [MESSAGE][INFO] - Found 1 web elements with id: 'Object Repository/Olusturma/Genel/Kutular/IrsaliyeBilgileri/Ekle' located by 'By.xpath: //*[@id = 'DXEditorgvUserInvoiceBillsNewRowBtn']' in '10' second(s)

2021-11-23 17:06:45 - [MESSAGE][PASSED] - Object 'Object Repository/Olusturma/Genel/Kutular/IrsaliyeBilgileri/Ekle' is clickable

2021-11-23 17:06:45 - [TEST_STEP][PASSED] - click(findTestObject("Olusturma/Genel/Kutular/IrsaliyeBilgileri/Ekle")): Object: 'Object Repository/Olusturma/Genel/Kutular/IrsaliyeBilgileri/Ekle' is clicked on

2021-11-23 17:06:45 - [MESSAGE][INFO] - Finding Test Object 'Object Repository/Olusturma/Genel/Kutular/IrsaliyeBilgileri/Ekle'

2021-11-23 17:06:45 - [MESSAGE][INFO] - Checking object

2021-11-23 17:06:45 - [MESSAGE][INFO] - Finding web element from Test Object's properties

2021-11-23 17:06:45 - [MESSAGE][INFO] - Checking timeout

2021-11-23 17:06:45 - [MESSAGE][INFO] - Finding web element with id: 'Object Repository/Olusturma/Genel/Kutular/IrsaliyeBilgileri/Ekle' located by 'By.xpath: //*[@id = 'DXEditorgvUserInvoiceBillsNewRowBtn']' in '30' second(s)

2021-11-23 17:06:45 - [MESSAGE][INFO] - Smart Wait Function is triggered

2021-11-23 17:06:45 - [MESSAGE][INFO] - Found 1 web elements with id: 'Object Repository/Olusturma/Genel/Kutular/IrsaliyeBilgileri/Ekle' located by 'By.xpath: //*[@id = 'DXEditorgvUserInvoiceBillsNewRowBtn']' in '30' second(s)

2021-11-23 17:06:45 - [MESSAGE][INFO] - Clicking on object: 'Object Repository/Olusturma/Genel/Kutular/IrsaliyeBilgileri/Ekle'

2021-11-23 17:06:45 - [MESSAGE][PASSED] - Object: 'Object Repository/Olusturma/Genel/Kutular/IrsaliyeBilgileri/Ekle' is clicked on

2021-11-23 17:06:45 - [TEST_STEP][PASSED] - waitForElementPresent(findTestObject("Object Repository/Olusturma/Genel/Kutular/IrsaliyeBilgileri/IrsaliyeNumarasi"), 10): Object 'Object Repository/Olusturma/Genel/Kutular/IrsaliyeBilgileri/IrsaliyeNumarasi' is present

2021-11-23 17:06:45 - [MESSAGE][INFO] - Finding Test Object 'Object Repository/Olusturma/Genel/Kutular/IrsaliyeBilgileri/IrsaliyeNumarasi'

2021-11-23 17:06:45 - [MESSAGE][INFO] - Checking object

2021-11-23 17:06:45 - [MESSAGE][INFO] - Finding web element from Test Object's properties

2021-11-23 17:06:45 - [MESSAGE][INFO] - Checking timeout

2021-11-23 17:06:45 - [MESSAGE][INFO] - Finding web element with id: 'Object Repository/Olusturma/Genel/Kutular/IrsaliyeBilgileri/IrsaliyeNumarasi' located by 'By.xpath: //*[@id = 'gvUserInvoiceBills_DXEditor1_I']' in '10' second(s)

2021-11-23 17:06:45 - [MESSAGE][INFO] - Smart Wait Function is triggered

2021-11-23 17:06:46 - [MESSAGE][INFO] - Smart Wait Function is triggered

2021-11-23 17:06:47 - [MESSAGE][INFO] - Found 1 web elements with id: 'Object Repository/Olusturma/Genel/Kutular/IrsaliyeBilgileri/IrsaliyeNumarasi' located by 'By.xpath: //*[@id = 'gvUserInvoiceBills_DXEditor1_I']' in '10' second(s)

2021-11-23 17:06:47 - [MESSAGE][PASSED] - Object 'Object Repository/Olusturma/Genel/Kutular/IrsaliyeBilgileri/IrsaliyeNumarasi' is present

2021-11-23 17:06:47 - [TEST_STEP][PASSED] - clearText(findTestObject("Object Repository/Olusturma/Genel/Kutular/IrsaliyeBilgileri/IrsaliyeNumarasi")): Text of object 'Object Repository/Olusturma/Genel/Kutular/IrsaliyeBilgileri/IrsaliyeNumarasi' is cleared

2021-11-23 17:06:47 - [MESSAGE][INFO] - Finding Test Object 'Object Repository/Olusturma/Genel/Kutular/IrsaliyeBilgileri/IrsaliyeNumarasi'

2021-11-23 17:06:47 - [MESSAGE][INFO] - Checking object

2021-11-23 17:06:47 - [MESSAGE][INFO] - Finding web element from Test Object's properties

2021-11-23 17:06:47 - [MESSAGE][INFO] - Checking timeout

2021-11-23 17:06:47 - [MESSAGE][INFO] - Finding web element with id: 'Object Repository/Olusturma/Genel/Kutular/IrsaliyeBilgileri/IrsaliyeNumarasi' located by 'By.xpath: //*[@id = 'gvUserInvoiceBills_DXEditor1_I']' in '30' second(s)

2021-11-23 17:06:47 - [MESSAGE][INFO] - Smart Wait Function is triggered

2021-11-23 17:06:47 - [MESSAGE][INFO] - Found 1 web elements with id: 'Object Repository/Olusturma/Genel/Kutular/IrsaliyeBilgileri/IrsaliyeNumarasi' located by 'By.xpath: //*[@id = 'gvUserInvoiceBills_DXEditor1_I']' in '30' second(s)

2021-11-23 17:06:47 - [MESSAGE][INFO] - Clearing text of object 'Object Repository/Olusturma/Genel/Kutular/IrsaliyeBilgileri/IrsaliyeNumarasi'

2021-11-23 17:06:47 - [MESSAGE][PASSED] - Text of object 'Object Repository/Olusturma/Genel/Kutular/IrsaliyeBilgileri/IrsaliyeNumarasi' is cleared

2021-11-23 17:06:47 - [TEST_STEP][PASSED] - sendKeys(findTestObject("Object Repository/Olusturma/Genel/Kutular/IrsaliyeBilgileri/IrsaliyeNumarasi"), Numara): Keys 'AAAAAAAAAA' sent to object: 'Object Repository/Olusturma/Genel/Kutular/IrsaliyeBilgileri/IrsaliyeNumarasi'

2021-11-23 17:06:47 - [MESSAGE][INFO] - Finding Test Object 'Object Repository/Olusturma/Genel/Kutular/IrsaliyeBilgileri/IrsaliyeNumarasi'

2021-11-23 17:06:47 - [MESSAGE][INFO] - Sending keys 'AAAAAAAAAA' to object: 'Object Repository/Olusturma/Genel/Kutular/IrsaliyeBilgileri/IrsaliyeNumarasi'

2021-11-23 17:06:47 - [MESSAGE][INFO] - Finding web element from Test Object's properties

2021-11-23 17:06:47 - [MESSAGE][INFO] - Checking timeout

2021-11-23 17:06:47 - [MESSAGE][INFO] - Finding web element with id: 'Object Repository/Olusturma/Genel/Kutular/IrsaliyeBilgileri/IrsaliyeNumarasi' located by 'By.xpath: //*[@id = 'gvUserInvoiceBills_DXEditor1_I']' in '30' second(s)

2021-11-23 17:06:47 - [MESSAGE][INFO] - Smart Wait Function is triggered

2021-11-23 17:06:47 - [MESSAGE][INFO] - Found 1 web elements with id: 'Object Repository/Olusturma/Genel/Kutular/IrsaliyeBilgileri/IrsaliyeNumarasi' located by 'By.xpath: //*[@id = 'gvUserInvoiceBills_DXEditor1_I']' in '30' second(s)

2021-11-23 17:06:47 - [MESSAGE][PASSED] - Keys 'AAAAAAAAAA' sent to object: 'Object Repository/Olusturma/Genel/Kutular/IrsaliyeBilgileri/IrsaliyeNumarasi'

2021-11-23 17:06:47 - [TEST_STEP][PASSED] - waitForElementClickable(findTestObject("Object Repository/Olusturma/Genel/Kutular/IrsaliyeBilgileri/IrsaliyeTarihi"), 10): Object 'Object Repository/Olusturma/Genel/Kutular/IrsaliyeBilgileri/IrsaliyeTarihi' is clickable

2021-11-23 17:06:47 - [MESSAGE][INFO] - Finding Test Object 'Object Repository/Olusturma/Genel/Kutular/IrsaliyeBilgileri/IrsaliyeTarihi'

2021-11-23 17:06:48 - [MESSAGE][INFO] - Checking object

2021-11-23 17:06:48 - [MESSAGE][INFO] - Checking timeout

2021-11-23 17:06:48 - [MESSAGE][INFO] - Finding web element from Test Object's properties

2021-11-23 17:06:48 - [MESSAGE][INFO] - Checking timeout

2021-11-23 17:06:48 - [MESSAGE][INFO] - Finding web element with id: 'Object Repository/Olusturma/Genel/Kutular/IrsaliyeBilgileri/IrsaliyeTarihi' located by 'By.xpath: //*[@id = 'gvUserInvoiceBills_DXEditor2_I']' in '10' second(s)

2021-11-23 17:06:48 - [MESSAGE][INFO] - Smart Wait Function is triggered

2021-11-23 17:06:48 - [MESSAGE][INFO] - Found 1 web elements with id: 'Object Repository/Olusturma/Genel/Kutular/IrsaliyeBilgileri/IrsaliyeTarihi' located by 'By.xpath: //*[@id = 'gvUserInvoiceBills_DXEditor2_I']' in '10' second(s)

2021-11-23 17:06:48 - [MESSAGE][PASSED] - Object 'Object Repository/Olusturma/Genel/Kutular/IrsaliyeBilgileri/IrsaliyeTarihi' is clickable

2021-11-23 17:06:48 - [TEST_STEP][PASSED] - click(findTestObject("Object Repository/Olusturma/Genel/Kutular/IrsaliyeBilgileri/IrsaliyeTarihi")): Object: 'Object Repository/Olusturma/Genel/Kutular/IrsaliyeBilgileri/IrsaliyeTarihi' is clicked on

2021-11-23 17:06:48 - [MESSAGE][INFO] - Finding Test Object 'Object Repository/Olusturma/Genel/Kutular/IrsaliyeBilgileri/IrsaliyeTarihi'

2021-11-23 17:06:48 - [MESSAGE][INFO] - Checking object

2021-11-23 17:06:48 - [MESSAGE][INFO] - Finding web element from Test Object's properties

2021-11-23 17:06:48 - [MESSAGE][INFO] - Checking timeout

2021-11-23 17:06:48 - [MESSAGE][INFO] - Finding web element with id: 'Object Repository/Olusturma/Genel/Kutular/IrsaliyeBilgileri/IrsaliyeTarihi' located by 'By.xpath: //*[@id = 'gvUserInvoiceBills_DXEditor2_I']' in '30' second(s)

2021-11-23 17:06:48 - [MESSAGE][INFO] - Smart Wait Function is triggered

2021-11-23 17:06:48 - [MESSAGE][INFO] - Found 1 web elements with id: 'Object Repository/Olusturma/Genel/Kutular/IrsaliyeBilgileri/IrsaliyeTarihi' located by 'By.xpath: //*[@id = 'gvUserInvoiceBills_DXEditor2_I']' in '30' second(s)

2021-11-23 17:06:48 - [MESSAGE][INFO] - Clicking on object: 'Object Repository/Olusturma/Genel/Kutular/IrsaliyeBilgileri/IrsaliyeTarihi'

2021-11-23 17:06:48 - [MESSAGE][PASSED] - Object: 'Object Repository/Olusturma/Genel/Kutular/IrsaliyeBilgileri/IrsaliyeTarihi' is clicked on

2021-11-23 17:06:48 - [TEST_STEP][PASSED] - sendKeys(findTestObject("Object Repository/Olusturma/Genel/Kutular/IrsaliyeBilgileri/IrsaliyeTarihi"), Tarih): Keys '31.04.2020' sent to object: 'Object Repository/Olusturma/Genel/Kutular/IrsaliyeBilgileri/IrsaliyeTarihi'

2021-11-23 17:06:48 - [MESSAGE][INFO] - Finding Test Object 'Object Repository/Olusturma/Genel/Kutular/IrsaliyeBilgileri/IrsaliyeTarihi'

2021-11-23 17:06:48 - [MESSAGE][INFO] - Sending keys '31.04.2020' to object: 'Object Repository/Olusturma/Genel/Kutular/IrsaliyeBilgileri/IrsaliyeTarihi'

2021-11-23 17:06:48 - [MESSAGE][INFO] - Finding web element from Test Object's properties

2021-11-23 17:06:48 - [MESSAGE][INFO] - Checking timeout

2021-11-23 17:06:48 - [MESSAGE][INFO] - Finding web element with id: 'Object Repository/Olusturma/Genel/Kutular/IrsaliyeBilgileri/IrsaliyeTarihi' located by 'By.xpath: //*[@id = 'gvUserInvoiceBills_DXEditor2_I']' in '30' second(s)

2021-11-23 17:06:48 - [MESSAGE][INFO] - Smart Wait Function is triggered

2021-11-23 17:06:49 - [MESSAGE][INFO] - Found 1 web elements with id: 'Object Repository/Olusturma/Genel/Kutular/IrsaliyeBilgileri/IrsaliyeTarihi' located by 'By.xpath: //*[@id = 'gvUserInvoiceBills_DXEditor2_I']' in '30' second(s)

2021-11-23 17:06:49 - [MESSAGE][PASSED] - Keys '31.04.2020' sent to object: 'Object Repository/Olusturma/Genel/Kutular/IrsaliyeBilgileri/IrsaliyeTarihi'

2021-11-23 17:06:49 - [MESSAGE][PASSED] - Call Test Case 'Test Cases/Olusturma/Genel/Kutular/IrsaliyeBilgileri' successfully

2021-11-23 17:06:49 - [MESSAGE][INFO] - Checking called Test Case

2021-11-23 17:06:49 - [MESSAGE][INFO] - Starting to call Test Case 'Test Cases/Olusturma/Genel/EkleButonunaBasilir'

2021-11-23 17:06:49 - [TEST_CASE][PASSED] - Test Cases/Olusturma/Genel/EkleButonunaBasilir: Test Cases/Olusturma/Genel/EkleButonunaBasilir

2021-11-23 17:06:49 - [TEST_STEP][PASSED] - waitForElementClickable(findTestObject("Object Repository/Olusturma/Genel/Olusturma/Ekle"), 10): Object 'Object Repository/Olusturma/Genel/Olusturma/Ekle' is clickable

2021-11-23 17:06:49 - [MESSAGE][INFO] - Finding Test Object 'Object Repository/Olusturma/Genel/Olusturma/Ekle'

2021-11-23 17:06:49 - [MESSAGE][INFO] - Checking object

2021-11-23 17:06:49 - [MESSAGE][INFO] - Checking timeout

2021-11-23 17:06:49 - [MESSAGE][INFO] - Finding web element from Test Object's properties

2021-11-23 17:06:49 - [MESSAGE][INFO] - Checking timeout

2021-11-23 17:06:49 - [MESSAGE][INFO] - Finding web element with id: 'Object Repository/Olusturma/Genel/Olusturma/Ekle' located by 'By.cssSelector: #divmalhizmet i.fa.fa-plus.fa-lg.text-muted' in '10' second(s)

2021-11-23 17:06:49 - [MESSAGE][INFO] - Smart Wait Function is triggered

2021-11-23 17:06:49 - [MESSAGE][INFO] - Found 1 web elements with id: 'Object Repository/Olusturma/Genel/Olusturma/Ekle' located by 'By.cssSelector: #divmalhizmet i.fa.fa-plus.fa-lg.text-muted' in '10' second(s)

2021-11-23 17:06:49 - [MESSAGE][PASSED] - Object 'Object Repository/Olusturma/Genel/Olusturma/Ekle' is clickable

2021-11-23 17:06:49 - [TEST_STEP][PASSED] - click(findTestObject("Object Repository/Olusturma/Genel/Olusturma/Ekle")): Object: 'Object Repository/Olusturma/Genel/Olusturma/Ekle' is clicked on

2021-11-23 17:06:49 - [MESSAGE][INFO] - Finding Test Object 'Object Repository/Olusturma/Genel/Olusturma/Ekle'

2021-11-23 17:06:49 - [MESSAGE][INFO] - Checking object

2021-11-23 17:06:49 - [MESSAGE][INFO] - Finding web element from Test Object's properties

2021-11-23 17:06:49 - [MESSAGE][INFO] - Checking timeout

2021-11-23 17:06:49 - [MESSAGE][INFO] - Finding web element with id: 'Object Repository/Olusturma/Genel/Olusturma/Ekle' located by 'By.cssSelector: #divmalhizmet i.fa.fa-plus.fa-lg.text-muted' in '30' second(s)

2021-11-23 17:06:49 - [MESSAGE][INFO] - Smart Wait Function is triggered

2021-11-23 17:06:50 - [MESSAGE][INFO] - Found 1 web elements with id: 'Object Repository/Olusturma/Genel/Olusturma/Ekle' located by 'By.cssSelector: #divmalhizmet i.fa.fa-plus.fa-lg.text-muted' in '30' second(s)

2021-11-23 17:06:50 - [MESSAGE][INFO] - Clicking on object: 'Object Repository/Olusturma/Genel/Olusturma/Ekle'

2021-11-23 17:06:50 - [MESSAGE][PASSED] - Object: 'Object Repository/Olusturma/Genel/Olusturma/Ekle' is clicked on

2021-11-23 17:06:50 - [TEST_STEP][PASSED] - waitForElementClickable(findTestObject("Olusturma/Genel/Olusturma/EklenenSatirCarpiImage"), 10): Object 'Object Repository/Olusturma/Genel/Olusturma/EklenenSatirCarpiImage' is clickable

2021-11-23 17:06:50 - [MESSAGE][INFO] - Finding Test Object 'Object Repository/Olusturma/Genel/Olusturma/EklenenSatirCarpiImage'

2021-11-23 17:06:50 - [MESSAGE][INFO] - Checking object

2021-11-23 17:06:50 - [MESSAGE][INFO] - Checking timeout

2021-11-23 17:06:50 - [MESSAGE][INFO] - Finding web element from Test Object's properties

2021-11-23 17:06:50 - [MESSAGE][INFO] - Checking timeout

2021-11-23 17:06:50 - [MESSAGE][INFO] - Finding web element with id: 'Object Repository/Olusturma/Genel/Olusturma/EklenenSatirCarpiImage' located by 'By.cssSelector: .fa.fa-times.fa-lg.text-primary' in '10' second(s)

2021-11-23 17:06:50 - [MESSAGE][INFO] - Smart Wait Function is triggered

2021-11-23 17:06:50 - [MESSAGE][INFO] - Found 1 web elements with id: 'Object Repository/Olusturma/Genel/Olusturma/EklenenSatirCarpiImage' located by 'By.cssSelector: .fa.fa-times.fa-lg.text-primary' in '10' second(s)

2021-11-23 17:06:50 - [MESSAGE][PASSED] - Object 'Object Repository/Olusturma/Genel/Olusturma/EklenenSatirCarpiImage' is clickable

2021-11-23 17:06:50 - [MESSAGE][PASSED] - Call Test Case 'Test Cases/Olusturma/Genel/EkleButonunaBasilir' successfully

2021-11-23 17:06:50 - [MESSAGE][INFO] - Checking called Test Case

2021-11-23 17:06:50 - [MESSAGE][INFO] - Starting to call Test Case 'Test Cases/Olusturma/Genel/Olusturma'

2021-11-23 17:06:50 - [TEST_CASE][PASSED] - Test Cases/Olusturma/Genel/Olusturma: Test Cases/Olusturma/Genel/Olusturma

2021-11-23 17:06:50 - [TEST_STEP][PASSED] - driver = getWebDriver(): null

2021-11-23 17:06:50 - [TEST_STEP][PASSED] - action = new org.openqa.selenium.interactions.Actions(driver): null

2021-11-23 17:06:50 - [TEST_STEP][PASSED] - baslikElement = <not implemented yet for class: org.codehaus.groovy.ast.expr.EmptyExpression>: null

2021-11-23 17:06:50 - [TEST_STEP][PASSED] - sonElement = <not implemented yet for class: org.codehaus.groovy.ast.expr.EmptyExpression>: null

2021-11-23 17:06:50 - [TEST_STEP][PASSED] - attr = <not implemented yet for class: org.codehaus.groovy.ast.expr.EmptyExpression>: null

2021-11-23 17:06:50 - [TEST_STEP][PASSED] - a = 0: null

2021-11-23 17:06:50 - [TEST_STEP][PASSED] - elements = findWebElements(findTestObject("Object Repository/Olusturma/Genel/Olusturma/TabloBasliklari"), 10): Found 13 web elements with id: 'Object Repository/Olusturma/Genel/Olusturma/TabloBasliklari' located by 'By.cssSelector: div#divmalhizmet .dxgvTable_LECustomTheme td.dxgvHeader_LECustomTheme tr>td:nth-child(1)' in '10' second(s)

2021-11-23 17:06:50 - [MESSAGE][INFO] - Finding Test Object 'Object Repository/Olusturma/Genel/Olusturma/TabloBasliklari'

2021-11-23 17:06:50 - [MESSAGE][INFO] - Checking timeout

2021-11-23 17:06:50 - [MESSAGE][INFO] - Finding web element with id: 'Object Repository/Olusturma/Genel/Olusturma/TabloBasliklari' located by 'By.cssSelector: div#divmalhizmet .dxgvTable_LECustomTheme td.dxgvHeader_LECustomTheme tr>td:nth-child(1)' in '10' second(s)

2021-11-23 17:06:50 - [MESSAGE][INFO] - Smart Wait Function is triggered

2021-11-23 17:06:51 - [MESSAGE][INFO] - Found 13 web elements with id: 'Object Repository/Olusturma/Genel/Olusturma/TabloBasliklari' located by 'By.cssSelector: div#divmalhizmet .dxgvTable_LECustomTheme td.dxgvHeader_LECustomTheme tr>td:nth-child(1)' in '10' second(s)

2021-11-23 17:06:51 - [TEST_STEP][PASSED] - for (def element : elements): null

2021-11-23 17:06:51 - [TEST_STEP][PASSED] - build().perform(): null

2021-11-23 17:06:51 - [TEST_STEP][PASSED] - if (getText().equals(Baslik)): null

2021-11-23 17:06:51 - [TEST_STEP][PASSED] - baslikElement = element.findElement(By.xpath("../../../..")): Smart Wait Function is triggered

2021-11-23 17:06:51 - [MESSAGE][INFO] - Smart Wait Function is triggered

2021-11-23 17:06:52 - [TEST_STEP][PASSED] - attr = baslikElement.getAttribute("id"): null

2021-11-23 17:06:52 - [TEST_STEP][PASSED] - println("girdi ve idsini aldı = " + attr): null

2021-11-23 17:06:52 - [TEST_STEP][PASSED] - break: null

2021-11-23 17:06:52 - [TEST_STEP][PASSED] - countElement = baslikElement.findElements(By.xpath("../td")): Smart Wait Function is triggered

2021-11-23 17:06:52 - [MESSAGE][INFO] - Smart Wait Function is triggered

2021-11-23 17:06:52 - [TEST_STEP][PASSED] - for (def element : countElement): null

2021-11-23 17:06:52 - [TEST_STEP][PASSED] - if (toString().equals(attr.toString())): null

2021-11-23 17:06:52 - [TEST_STEP][PASSED] - (a++): null

2021-11-23 17:06:52 - [TEST_STEP][PASSED] - if (toString().equals(attr.toString())): null

2021-11-23 17:06:52 - [TEST_STEP][PASSED] - break: null

2021-11-23 17:06:52 - [TEST_STEP][PASSED] - son = findWebElement(findTestObject("Object Repository/Olusturma/Genel/Olusturma/EklenenSatir")).findElement(By.xpath("td[@class='dxgvInlineEditCell_LECustomTheme dxgv'][" + a + "]//td[@class='dxic']/input")): Smart Wait Function is triggered

2021-11-23 17:06:52 - [MESSAGE][INFO] - Finding Test Object 'Object Repository/Olusturma/Genel/Olusturma/EklenenSatir'

2021-11-23 17:06:52 - [MESSAGE][INFO] - Finding web element from Test Object's properties

2021-11-23 17:06:52 - [MESSAGE][INFO] - Checking timeout

2021-11-23 17:06:52 - [MESSAGE][INFO] - Finding web element with id: 'Object Repository/Olusturma/Genel/Olusturma/EklenenSatir' located by 'By.cssSelector: #divmalhizmet .dxgvInlineEditRow_LECustomTheme' in '30' second(s)

2021-11-23 17:06:52 - [MESSAGE][INFO] - Smart Wait Function is triggered

2021-11-23 17:06:52 - [MESSAGE][INFO] - Found 1 web elements with id: 'Object Repository/Olusturma/Genel/Olusturma/EklenenSatir' located by 'By.cssSelector: #divmalhizmet .dxgvInlineEditRow_LECustomTheme' in '30' second(s)

2021-11-23 17:06:52 - [MESSAGE][INFO] - Smart Wait Function is triggered

2021-11-23 17:06:53 - [TEST_STEP][PASSED] - if (!(getAttribute("value").contains("Vkn"))): null

2021-11-23 17:06:53 - [TEST_STEP][PASSED] - son.clear(): null

2021-11-23 17:06:53 - [TEST_STEP][PASSED] - son.sendKeys(Deger): null

2021-11-23 17:06:53 - [MESSAGE][PASSED] - Call Test Case 'Test Cases/Olusturma/Genel/Olusturma' successfully

2021-11-23 17:06:53 - [MESSAGE][INFO] - Checking called Test Case

2021-11-23 17:06:53 - [MESSAGE][INFO] - Starting to call Test Case 'Test Cases/Olusturma/Genel/Olusturma'

2021-11-23 17:06:53 - [TEST_CASE][PASSED] - Test Cases/Olusturma/Genel/Olusturma: Test Cases/Olusturma/Genel/Olusturma

2021-11-23 17:06:53 - [TEST_STEP][PASSED] - driver = getWebDriver(): null

2021-11-23 17:06:53 - [TEST_STEP][PASSED] - action = new org.openqa.selenium.interactions.Actions(driver): null

2021-11-23 17:06:53 - [TEST_STEP][PASSED] - baslikElement = <not implemented yet for class: org.codehaus.groovy.ast.expr.EmptyExpression>: null

2021-11-23 17:06:53 - [TEST_STEP][PASSED] - sonElement = <not implemented yet for class: org.codehaus.groovy.ast.expr.EmptyExpression>: null

2021-11-23 17:06:53 - [TEST_STEP][PASSED] - attr = <not implemented yet for class: org.codehaus.groovy.ast.expr.EmptyExpression>: null

2021-11-23 17:06:53 - [TEST_STEP][PASSED] - a = 0: null

2021-11-23 17:06:53 - [TEST_STEP][PASSED] - elements = findWebElements(findTestObject("Object Repository/Olusturma/Genel/Olusturma/TabloBasliklari"), 10): Found 13 web elements with id: 'Object Repository/Olusturma/Genel/Olusturma/TabloBasliklari' located by 'By.cssSelector: div#divmalhizmet .dxgvTable_LECustomTheme td.dxgvHeader_LECustomTheme tr>td:nth-child(1)' in '10' second(s)

2021-11-23 17:06:53 - [MESSAGE][INFO] - Finding Test Object 'Object Repository/Olusturma/Genel/Olusturma/TabloBasliklari'

2021-11-23 17:06:53 - [MESSAGE][INFO] - Checking timeout

2021-11-23 17:06:53 - [MESSAGE][INFO] - Finding web element with id: 'Object Repository/Olusturma/Genel/Olusturma/TabloBasliklari' located by 'By.cssSelector: div#divmalhizmet .dxgvTable_LECustomTheme td.dxgvHeader_LECustomTheme tr>td:nth-child(1)' in '10' second(s)

2021-11-23 17:06:53 - [MESSAGE][INFO] - Smart Wait Function is triggered

2021-11-23 17:06:53 - [MESSAGE][INFO] - Found 13 web elements with id: 'Object Repository/Olusturma/Genel/Olusturma/TabloBasliklari' located by 'By.cssSelector: div#divmalhizmet .dxgvTable_LECustomTheme td.dxgvHeader_LECustomTheme tr>td:nth-child(1)' in '10' second(s)

2021-11-23 17:06:53 - [TEST_STEP][PASSED] - for (def element : elements): null

2021-11-23 17:06:53 - [TEST_STEP][PASSED] - build().perform(): null

2021-11-23 17:06:53 - [TEST_STEP][PASSED] - if (getText().equals(Baslik)): null

2021-11-23 17:06:53 - [TEST_STEP][PASSED] - build().perform(): null

2021-11-23 17:06:54 - [TEST_STEP][PASSED] - if (getText().equals(Baslik)): null

2021-11-23 17:06:54 - [TEST_STEP][PASSED] - baslikElement = element.findElement(By.xpath("../../../..")): Smart Wait Function is triggered

2021-11-23 17:06:54 - [MESSAGE][INFO] - Smart Wait Function is triggered

2021-11-23 17:06:54 - [TEST_STEP][PASSED] - attr = baslikElement.getAttribute("id"): null

2021-11-23 17:06:54 - [TEST_STEP][PASSED] - println("girdi ve idsini aldı = " + attr): null

2021-11-23 17:06:54 - [TEST_STEP][PASSED] - break: null

2021-11-23 17:06:54 - [TEST_STEP][PASSED] - countElement = baslikElement.findElements(By.xpath("../td")): Smart Wait Function is triggered

2021-11-23 17:06:54 - [MESSAGE][INFO] - Smart Wait Function is triggered

2021-11-23 17:06:54 - [TEST_STEP][PASSED] - for (def element : countElement): null

2021-11-23 17:06:54 - [TEST_STEP][PASSED] - if (toString().equals(attr.toString())): null

2021-11-23 17:06:54 - [TEST_STEP][PASSED] - (a++): null

2021-11-23 17:06:54 - [TEST_STEP][PASSED] - if (toString().equals(attr.toString())): null

2021-11-23 17:06:54 - [TEST_STEP][PASSED] - (a++): null

2021-11-23 17:06:54 - [TEST_STEP][PASSED] - if (toString().equals(attr.toString())): null

2021-11-23 17:06:54 - [TEST_STEP][PASSED] - break: null

2021-11-23 17:06:54 - [TEST_STEP][PASSED] - son = findWebElement(findTestObject("Object Repository/Olusturma/Genel/Olusturma/EklenenSatir")).findElement(By.xpath("td[@class='dxgvInlineEditCell_LECustomTheme dxgv'][" + a + "]//td[@class='dxic']/input")): Smart Wait Function is triggered

2021-11-23 17:06:54 - [MESSAGE][INFO] - Finding Test Object 'Object Repository/Olusturma/Genel/Olusturma/EklenenSatir'

2021-11-23 17:06:54 - [MESSAGE][INFO] - Finding web element from Test Object's properties

2021-11-23 17:06:54 - [MESSAGE][INFO] - Checking timeout

2021-11-23 17:06:54 - [MESSAGE][INFO] - Finding web element with id: 'Object Repository/Olusturma/Genel/Olusturma/EklenenSatir' located by 'By.cssSelector: #divmalhizmet .dxgvInlineEditRow_LECustomTheme' in '30' second(s)

2021-11-23 17:06:54 - [MESSAGE][INFO] - Smart Wait Function is triggered

2021-11-23 17:06:55 - [MESSAGE][INFO] - Found 1 web elements with id: 'Object Repository/Olusturma/Genel/Olusturma/EklenenSatir' located by 'By.cssSelector: #divmalhizmet .dxgvInlineEditRow_LECustomTheme' in '30' second(s)

2021-11-23 17:06:55 - [MESSAGE][INFO] - Smart Wait Function is triggered

2021-11-23 17:06:55 - [TEST_STEP][PASSED] - if (!(getAttribute("value").contains("Vkn"))): null

2021-11-23 17:06:55 - [TEST_STEP][PASSED] - son.clear(): null

2021-11-23 17:06:55 - [TEST_STEP][PASSED] - son.sendKeys(Deger): null

2021-11-23 17:06:55 - [MESSAGE][PASSED] - Call Test Case 'Test Cases/Olusturma/Genel/Olusturma' successfully

2021-11-23 17:06:55 - [MESSAGE][INFO] - Checking called Test Case

2021-11-23 17:06:55 - [MESSAGE][INFO] - Starting to call Test Case 'Test Cases/Olusturma/Genel/Olusturma'

2021-11-23 17:06:55 - [TEST_CASE][PASSED] - Test Cases/Olusturma/Genel/Olusturma: Test Cases/Olusturma/Genel/Olusturma

2021-11-23 17:06:55 - [TEST_STEP][PASSED] - driver = getWebDriver(): null

2021-11-23 17:06:55 - [TEST_STEP][PASSED] - action = new org.openqa.selenium.interactions.Actions(driver): null

2021-11-23 17:06:55 - [TEST_STEP][PASSED] - baslikElement = <not implemented yet for class: org.codehaus.groovy.ast.expr.EmptyExpression>: null

2021-11-23 17:06:55 - [TEST_STEP][PASSED] - sonElement = <not implemented yet for class: org.codehaus.groovy.ast.expr.EmptyExpression>: null

2021-11-23 17:06:55 - [TEST_STEP][PASSED] - attr = <not implemented yet for class: org.codehaus.groovy.ast.expr.EmptyExpression>: null

2021-11-23 17:06:55 - [TEST_STEP][PASSED] - a = 0: null

2021-11-23 17:06:55 - [TEST_STEP][PASSED] - elements = findWebElements(findTestObject("Object Repository/Olusturma/Genel/Olusturma/TabloBasliklari"), 10): Found 13 web elements with id: 'Object Repository/Olusturma/Genel/Olusturma/TabloBasliklari' located by 'By.cssSelector: div#divmalhizmet .dxgvTable_LECustomTheme td.dxgvHeader_LECustomTheme tr>td:nth-child(1)' in '10' second(s)

2021-11-23 17:06:55 - [MESSAGE][INFO] - Finding Test Object 'Object Repository/Olusturma/Genel/Olusturma/TabloBasliklari'

2021-11-23 17:06:55 - [MESSAGE][INFO] - Checking timeout

2021-11-23 17:06:55 - [MESSAGE][INFO] - Finding web element with id: 'Object Repository/Olusturma/Genel/Olusturma/TabloBasliklari' located by 'By.cssSelector: div#divmalhizmet .dxgvTable_LECustomTheme td.dxgvHeader_LECustomTheme tr>td:nth-child(1)' in '10' second(s)

2021-11-23 17:06:55 - [MESSAGE][INFO] - Smart Wait Function is triggered

2021-11-23 17:06:55 - [MESSAGE][INFO] - Found 13 web elements with id: 'Object Repository/Olusturma/Genel/Olusturma/TabloBasliklari' located by 'By.cssSelector: div#divmalhizmet .dxgvTable_LECustomTheme td.dxgvHeader_LECustomTheme tr>td:nth-child(1)' in '10' second(s)

2021-11-23 17:06:55 - [TEST_STEP][PASSED] - for (def element : elements): null

2021-11-23 17:06:55 - [TEST_STEP][PASSED] - build().perform(): null

2021-11-23 17:06:56 - [TEST_STEP][PASSED] - if (getText().equals(Baslik)): null

2021-11-23 17:06:56 - [TEST_STEP][PASSED] - build().perform(): null

2021-11-23 17:06:56 - [TEST_STEP][PASSED] - if (getText().equals(Baslik)): null

2021-11-23 17:06:56 - [TEST_STEP][PASSED] - build().perform(): null

2021-11-23 17:06:56 - [TEST_STEP][PASSED] - if (getText().equals(Baslik)): null

2021-11-23 17:06:56 - [TEST_STEP][PASSED] - build().perform(): null

2021-11-23 17:06:56 - [TEST_STEP][PASSED] - if (getText().equals(Baslik)): null

2021-11-23 17:06:56 - [TEST_STEP][PASSED] - baslikElement = element.findElement(By.xpath("../../../..")): Smart Wait Function is triggered

2021-11-23 17:06:56 - [MESSAGE][INFO] - Smart Wait Function is triggered

2021-11-23 17:06:56 - [TEST_STEP][PASSED] - attr = baslikElement.getAttribute("id"): null

2021-11-23 17:06:56 - [TEST_STEP][PASSED] - println("girdi ve idsini aldı = " + attr): null

2021-11-23 17:06:56 - [TEST_STEP][PASSED] - break: null

2021-11-23 17:06:56 - [TEST_STEP][PASSED] - countElement = baslikElement.findElements(By.xpath("../td")): Smart Wait Function is triggered

2021-11-23 17:06:56 - [MESSAGE][INFO] - Smart Wait Function is triggered

2021-11-23 17:06:57 - [TEST_STEP][PASSED] - for (def element : countElement): null

2021-11-23 17:06:57 - [TEST_STEP][PASSED] - if (toString().equals(attr.toString())): null

2021-11-23 17:06:57 - [TEST_STEP][PASSED] - (a++): null

2021-11-23 17:06:57 - [TEST_STEP][PASSED] - if (toString().equals(attr.toString())): null

2021-11-23 17:06:57 - [TEST_STEP][PASSED] - (a++): null

2021-11-23 17:06:57 - [TEST_STEP][PASSED] - if (toString().equals(attr.toString())): null

2021-11-23 17:06:57 - [TEST_STEP][PASSED] - (a++): null

2021-11-23 17:06:57 - [TEST_STEP][PASSED] - if (toString().equals(attr.toString())): null

2021-11-23 17:06:57 - [TEST_STEP][PASSED] - (a++): null

2021-11-23 17:06:57 - [TEST_STEP][PASSED] - if (toString().equals(attr.toString())): null

2021-11-23 17:06:57 - [TEST_STEP][PASSED] - break: null

2021-11-23 17:06:57 - [TEST_STEP][PASSED] - son = findWebElement(findTestObject("Object Repository/Olusturma/Genel/Olusturma/EklenenSatir")).findElement(By.xpath("td[@class='dxgvInlineEditCell_LECustomTheme dxgv'][" + a + "]//td[@class='dxic']/input")): Smart Wait Function is triggered

2021-11-23 17:06:57 - [MESSAGE][INFO] - Finding Test Object 'Object Repository/Olusturma/Genel/Olusturma/EklenenSatir'

2021-11-23 17:06:57 - [MESSAGE][INFO] - Finding web element from Test Object's properties

2021-11-23 17:06:57 - [MESSAGE][INFO] - Checking timeout

2021-11-23 17:06:57 - [MESSAGE][INFO] - Finding web element with id: 'Object Repository/Olusturma/Genel/Olusturma/EklenenSatir' located by 'By.cssSelector: #divmalhizmet .dxgvInlineEditRow_LECustomTheme' in '30' second(s)

2021-11-23 17:06:57 - [MESSAGE][INFO] - Smart Wait Function is triggered

2021-11-23 17:06:57 - [MESSAGE][INFO] - Found 1 web elements with id: 'Object Repository/Olusturma/Genel/Olusturma/EklenenSatir' located by 'By.cssSelector: #divmalhizmet .dxgvInlineEditRow_LECustomTheme' in '30' second(s)

2021-11-23 17:06:57 - [MESSAGE][INFO] - Smart Wait Function is triggered

2021-11-23 17:06:57 - [TEST_STEP][PASSED] - if (!(getAttribute("value").contains("Vkn"))): null

2021-11-23 17:06:57 - [TEST_STEP][PASSED] - son.clear(): null

2021-11-23 17:06:57 - [TEST_STEP][PASSED] - son.sendKeys(Deger): null

2021-11-23 17:06:57 - [MESSAGE][PASSED] - Call Test Case 'Test Cases/Olusturma/Genel/Olusturma' successfully

2021-11-23 17:06:57 - [MESSAGE][INFO] - Checking called Test Case

2021-11-23 17:06:57 - [MESSAGE][INFO] - Starting to call Test Case 'Test Cases/Olusturma/Genel/Olusturma'

2021-11-23 17:06:58 - [TEST_CASE][PASSED] - Test Cases/Olusturma/Genel/Olusturma: Test Cases/Olusturma/Genel/Olusturma

2021-11-23 17:06:58 - [TEST_STEP][PASSED] - driver = getWebDriver(): null

2021-11-23 17:06:58 - [TEST_STEP][PASSED] - action = new org.openqa.selenium.interactions.Actions(driver): null

2021-11-23 17:06:58 - [TEST_STEP][PASSED] - baslikElement = <not implemented yet for class: org.codehaus.groovy.ast.expr.EmptyExpression>: null

2021-11-23 17:06:58 - [TEST_STEP][PASSED] - sonElement = <not implemented yet for class: org.codehaus.groovy.ast.expr.EmptyExpression>: null

2021-11-23 17:06:58 - [TEST_STEP][PASSED] - attr = <not implemented yet for class: org.codehaus.groovy.ast.expr.EmptyExpression>: null

2021-11-23 17:06:58 - [TEST_STEP][PASSED] - a = 0: null

2021-11-23 17:06:58 - [TEST_STEP][PASSED] - elements = findWebElements(findTestObject("Object Repository/Olusturma/Genel/Olusturma/TabloBasliklari"), 10): Found 13 web elements with id: 'Object Repository/Olusturma/Genel/Olusturma/TabloBasliklari' located by 'By.cssSelector: div#divmalhizmet .dxgvTable_LECustomTheme td.dxgvHeader_LECustomTheme tr>td:nth-child(1)' in '10' second(s)

2021-11-23 17:06:58 - [MESSAGE][INFO] - Finding Test Object 'Object Repository/Olusturma/Genel/Olusturma/TabloBasliklari'

2021-11-23 17:06:58 - [MESSAGE][INFO] - Checking timeout

2021-11-23 17:06:58 - [MESSAGE][INFO] - Finding web element with id: 'Object Repository/Olusturma/Genel/Olusturma/TabloBasliklari' located by 'By.cssSelector: div#divmalhizmet .dxgvTable_LECustomTheme td.dxgvHeader_LECustomTheme tr>td:nth-child(1)' in '10' second(s)

2021-11-23 17:06:58 - [MESSAGE][INFO] - Smart Wait Function is triggered

2021-11-23 17:06:58 - [MESSAGE][INFO] - Found 13 web elements with id: 'Object Repository/Olusturma/Genel/Olusturma/TabloBasliklari' located by 'By.cssSelector: div#divmalhizmet .dxgvTable_LECustomTheme td.dxgvHeader_LECustomTheme tr>td:nth-child(1)' in '10' second(s)

2021-11-23 17:06:58 - [TEST_STEP][PASSED] - for (def element : elements): null

2021-11-23 17:06:58 - [TEST_STEP][PASSED] - build().perform(): null

2021-11-23 17:06:58 - [TEST_STEP][PASSED] - if (getText().equals(Baslik)): null

2021-11-23 17:06:58 - [TEST_STEP][PASSED] - build().perform(): null

2021-11-23 17:06:58 - [TEST_STEP][PASSED] - if (getText().equals(Baslik)): null

2021-11-23 17:06:58 - [TEST_STEP][PASSED] - build().perform(): null

2021-11-23 17:06:58 - [TEST_STEP][PASSED] - if (getText().equals(Baslik)): null

2021-11-23 17:06:58 - [TEST_STEP][PASSED] - build().perform(): null

2021-11-23 17:06:58 - [TEST_STEP][PASSED] - if (getText().equals(Baslik)): null

2021-11-23 17:06:58 - [TEST_STEP][PASSED] - build().perform(): null

2021-11-23 17:06:59 - [TEST_STEP][PASSED] - if (getText().equals(Baslik)): null

2021-11-23 17:06:59 - [TEST_STEP][PASSED] - build().perform(): null

2021-11-23 17:06:59 - [TEST_STEP][PASSED] - if (getText().equals(Baslik)): null

2021-11-23 17:06:59 - [TEST_STEP][PASSED] - baslikElement = element.findElement(By.xpath("../../../..")): Smart Wait Function is triggered

2021-11-23 17:06:59 - [MESSAGE][INFO] - Smart Wait Function is triggered

2021-11-23 17:06:59 - [TEST_STEP][PASSED] - attr = baslikElement.getAttribute("id"): null

2021-11-23 17:06:59 - [TEST_STEP][PASSED] - println("girdi ve idsini aldı = " + attr): null

2021-11-23 17:06:59 - [TEST_STEP][PASSED] - break: null

2021-11-23 17:06:59 - [TEST_STEP][PASSED] - countElement = baslikElement.findElements(By.xpath("../td")): Smart Wait Function is triggered

2021-11-23 17:06:59 - [MESSAGE][INFO] - Smart Wait Function is triggered

2021-11-23 17:06:59 - [TEST_STEP][PASSED] - for (def element : countElement): null

2021-11-23 17:06:59 - [TEST_STEP][PASSED] - if (toString().equals(attr.toString())): null

2021-11-23 17:06:59 - [TEST_STEP][PASSED] - (a++): null

2021-11-23 17:06:59 - [TEST_STEP][PASSED] - if (toString().equals(attr.toString())): null

2021-11-23 17:06:59 - [TEST_STEP][PASSED] - (a++): null

2021-11-23 17:06:59 - [TEST_STEP][PASSED] - if (toString().equals(attr.toString())): null

2021-11-23 17:06:59 - [TEST_STEP][PASSED] - (a++): null

2021-11-23 17:06:59 - [TEST_STEP][PASSED] - if (toString().equals(attr.toString())): null

2021-11-23 17:06:59 - [TEST_STEP][PASSED] - (a++): null

2021-11-23 17:06:59 - [TEST_STEP][PASSED] - if (toString().equals(attr.toString())): null

2021-11-23 17:06:59 - [TEST_STEP][PASSED] - (a++): null

2021-11-23 17:06:59 - [TEST_STEP][PASSED] - if (toString().equals(attr.toString())): null

2021-11-23 17:06:59 - [TEST_STEP][PASSED] - (a++): null

2021-11-23 17:06:59 - [TEST_STEP][PASSED] - if (toString().equals(attr.toString())): null

2021-11-23 17:06:59 - [TEST_STEP][PASSED] - break: null

2021-11-23 17:06:59 - [TEST_STEP][PASSED] - son = findWebElement(findTestObject("Object Repository/Olusturma/Genel/Olusturma/EklenenSatir")).findElement(By.xpath("td[@class='dxgvInlineEditCell_LECustomTheme dxgv'][" + a + "]//td[@class='dxic']/input")): Smart Wait Function is triggered

2021-11-23 17:06:59 - [MESSAGE][INFO] - Finding Test Object 'Object Repository/Olusturma/Genel/Olusturma/EklenenSatir'

2021-11-23 17:07:00 - [MESSAGE][INFO] - Finding web element from Test Object's properties

2021-11-23 17:07:00 - [MESSAGE][INFO] - Checking timeout

2021-11-23 17:07:00 - [MESSAGE][INFO] - Finding web element with id: 'Object Repository/Olusturma/Genel/Olusturma/EklenenSatir' located by 'By.cssSelector: #divmalhizmet .dxgvInlineEditRow_LECustomTheme' in '30' second(s)

2021-11-23 17:07:00 - [MESSAGE][INFO] - Smart Wait Function is triggered

2021-11-23 17:07:00 - [MESSAGE][INFO] - Found 1 web elements with id: 'Object Repository/Olusturma/Genel/Olusturma/EklenenSatir' located by 'By.cssSelector: #divmalhizmet .dxgvInlineEditRow_LECustomTheme' in '30' second(s)

2021-11-23 17:07:00 - [MESSAGE][INFO] - Smart Wait Function is triggered

2021-11-23 17:07:00 - [TEST_STEP][PASSED] - if (!(getAttribute("value").contains("Vkn"))): null

2021-11-23 17:07:00 - [TEST_STEP][PASSED] - son.clear(): null

2021-11-23 17:07:00 - [TEST_STEP][PASSED] - son.sendKeys(Deger): null

2021-11-23 17:07:00 - [MESSAGE][PASSED] - Call Test Case 'Test Cases/Olusturma/Genel/Olusturma' successfully

2021-11-23 17:07:00 - [MESSAGE][INFO] - Checking called Test Case

2021-11-23 17:07:00 - [MESSAGE][INFO] - Starting to call Test Case 'Test Cases/Olusturma/Genel/Olusturma'

2021-11-23 17:07:00 - [TEST_CASE][PASSED] - Test Cases/Olusturma/Genel/Olusturma: Test Cases/Olusturma/Genel/Olusturma

2021-11-23 17:07:00 - [TEST_STEP][PASSED] - driver = getWebDriver(): null

2021-11-23 17:07:00 - [TEST_STEP][PASSED] - action = new org.openqa.selenium.interactions.Actions(driver): null

2021-11-23 17:07:00 - [TEST_STEP][PASSED] - baslikElement = <not implemented yet for class: org.codehaus.groovy.ast.expr.EmptyExpression>: null

2021-11-23 17:07:00 - [TEST_STEP][PASSED] - sonElement = <not implemented yet for class: org.codehaus.groovy.ast.expr.EmptyExpression>: null

2021-11-23 17:07:00 - [TEST_STEP][PASSED] - attr = <not implemented yet for class: org.codehaus.groovy.ast.expr.EmptyExpression>: null

2021-11-23 17:07:00 - [TEST_STEP][PASSED] - a = 0: null

2021-11-23 17:07:00 - [TEST_STEP][PASSED] - elements = findWebElements(findTestObject("Object Repository/Olusturma/Genel/Olusturma/TabloBasliklari"), 10): Found 13 web elements with id: 'Object Repository/Olusturma/Genel/Olusturma/TabloBasliklari' located by 'By.cssSelector: div#divmalhizmet .dxgvTable_LECustomTheme td.dxgvHeader_LECustomTheme tr>td:nth-child(1)' in '10' second(s)

2021-11-23 17:07:00 - [MESSAGE][INFO] - Finding Test Object 'Object Repository/Olusturma/Genel/Olusturma/TabloBasliklari'

2021-11-23 17:07:01 - [MESSAGE][INFO] - Checking timeout

2021-11-23 17:07:01 - [MESSAGE][INFO] - Finding web element with id: 'Object Repository/Olusturma/Genel/Olusturma/TabloBasliklari' located by 'By.cssSelector: div#divmalhizmet .dxgvTable_LECustomTheme td.dxgvHeader_LECustomTheme tr>td:nth-child(1)' in '10' second(s)

2021-11-23 17:07:01 - [MESSAGE][INFO] - Smart Wait Function is triggered

2021-11-23 17:07:01 - [MESSAGE][INFO] - Found 13 web elements with id: 'Object Repository/Olusturma/Genel/Olusturma/TabloBasliklari' located by 'By.cssSelector: div#divmalhizmet .dxgvTable_LECustomTheme td.dxgvHeader_LECustomTheme tr>td:nth-child(1)' in '10' second(s)

2021-11-23 17:07:01 - [TEST_STEP][PASSED] - for (def element : elements): null

2021-11-23 17:07:01 - [TEST_STEP][PASSED] - build().perform(): null

2021-11-23 17:07:01 - [TEST_STEP][PASSED] - if (getText().equals(Baslik)): null

2021-11-23 17:07:01 - [TEST_STEP][PASSED] - build().perform(): null

2021-11-23 17:07:01 - [TEST_STEP][PASSED] - if (getText().equals(Baslik)): null

2021-11-23 17:07:01 - [TEST_STEP][PASSED] - build().perform(): null

2021-11-23 17:07:01 - [TEST_STEP][PASSED] - if (getText().equals(Baslik)): null

2021-11-23 17:07:01 - [TEST_STEP][PASSED] - build().perform(): null

2021-11-23 17:07:01 - [TEST_STEP][PASSED] - if (getText().equals(Baslik)): null

2021-11-23 17:07:01 - [TEST_STEP][PASSED] - build().perform(): null

2021-11-23 17:07:01 - [TEST_STEP][PASSED] - if (getText().equals(Baslik)): null

2021-11-23 17:07:01 - [TEST_STEP][PASSED] - build().perform(): null

2021-11-23 17:07:02 - [TEST_STEP][PASSED] - if (getText().equals(Baslik)): null

2021-11-23 17:07:02 - [TEST_STEP][PASSED] - build().perform(): null

2021-11-23 17:07:02 - [TEST_STEP][PASSED] - if (getText().equals(Baslik)): null

2021-11-23 17:07:02 - [TEST_STEP][PASSED] - baslikElement = element.findElement(By.xpath("../../../..")): Smart Wait Function is triggered

2021-11-23 17:07:02 - [MESSAGE][INFO] - Smart Wait Function is triggered

2021-11-23 17:07:02 - [TEST_STEP][PASSED] - attr = baslikElement.getAttribute("id"): null

2021-11-23 17:07:02 - [TEST_STEP][PASSED] - println("girdi ve idsini aldı = " + attr): null

2021-11-23 17:07:02 - [TEST_STEP][PASSED] - break: null

2021-11-23 17:07:02 - [TEST_STEP][PASSED] - countElement = baslikElement.findElements(By.xpath("../td")): Smart Wait Function is triggered

2021-11-23 17:07:02 - [MESSAGE][INFO] - Smart Wait Function is triggered

2021-11-23 17:07:02 - [TEST_STEP][PASSED] - for (def element : countElement): null

2021-11-23 17:07:02 - [TEST_STEP][PASSED] - if (toString().equals(attr.toString())): null

2021-11-23 17:07:02 - [TEST_STEP][PASSED] - (a++): null

2021-11-23 17:07:02 - [TEST_STEP][PASSED] - if (toString().equals(attr.toString())): null

2021-11-23 17:07:02 - [TEST_STEP][PASSED] - (a++): null

2021-11-23 17:07:02 - [TEST_STEP][PASSED] - if (toString().equals(attr.toString())): null

2021-11-23 17:07:02 - [TEST_STEP][PASSED] - (a++): null

2021-11-23 17:07:02 - [TEST_STEP][PASSED] - if (toString().equals(attr.toString())): null

2021-11-23 17:07:02 - [TEST_STEP][PASSED] - (a++): null

2021-11-23 17:07:02 - [TEST_STEP][PASSED] - if (toString().equals(attr.toString())): null

2021-11-23 17:07:02 - [TEST_STEP][PASSED] - (a++): null

2021-11-23 17:07:02 - [TEST_STEP][PASSED] - if (toString().equals(attr.toString())): null

2021-11-23 17:07:02 - [TEST_STEP][PASSED] - (a++): null

2021-11-23 17:07:02 - [TEST_STEP][PASSED] - if (toString().equals(attr.toString())): null

2021-11-23 17:07:02 - [TEST_STEP][PASSED] - (a++): null

2021-11-23 17:07:02 - [TEST_STEP][PASSED] - if (toString().equals(attr.toString())): null

2021-11-23 17:07:03 - [TEST_STEP][PASSED] - break: null

2021-11-23 17:07:03 - [TEST_STEP][PASSED] - son = findWebElement(findTestObject("Object Repository/Olusturma/Genel/Olusturma/EklenenSatir")).findElement(By.xpath("td[@class='dxgvInlineEditCell_LECustomTheme dxgv'][" + a + "]//td[@class='dxic']/input")): Smart Wait Function is triggered

2021-11-23 17:07:03 - [MESSAGE][INFO] - Finding Test Object 'Object Repository/Olusturma/Genel/Olusturma/EklenenSatir'

2021-11-23 17:07:03 - [MESSAGE][INFO] - Finding web element from Test Object's properties

2021-11-23 17:07:03 - [MESSAGE][INFO] - Checking timeout

2021-11-23 17:07:03 - [MESSAGE][INFO] - Finding web element with id: 'Object Repository/Olusturma/Genel/Olusturma/EklenenSatir' located by 'By.cssSelector: #divmalhizmet .dxgvInlineEditRow_LECustomTheme' in '30' second(s)

2021-11-23 17:07:03 - [MESSAGE][INFO] - Smart Wait Function is triggered

2021-11-23 17:07:03 - [MESSAGE][INFO] - Found 1 web elements with id: 'Object Repository/Olusturma/Genel/Olusturma/EklenenSatir' located by 'By.cssSelector: #divmalhizmet .dxgvInlineEditRow_LECustomTheme' in '30' second(s)

2021-11-23 17:07:03 - [MESSAGE][INFO] - Smart Wait Function is triggered

2021-11-23 17:07:03 - [TEST_STEP][PASSED] - if (!(getAttribute("value").contains("Vkn"))): null

2021-11-23 17:07:03 - [TEST_STEP][PASSED] - son.clear(): null

2021-11-23 17:07:03 - [TEST_STEP][PASSED] - son.sendKeys(Deger): null

2021-11-23 17:07:03 - [MESSAGE][PASSED] - Call Test Case 'Test Cases/Olusturma/Genel/Olusturma' successfully

2021-11-23 17:07:03 - [MESSAGE][INFO] - Checking called Test Case

2021-11-23 17:07:03 - [MESSAGE][INFO] - Starting to call Test Case 'Test Cases/Olusturma/Genel/NotGirilir'

2021-11-23 17:07:04 - [TEST_CASE][PASSED] - Test Cases/Olusturma/Genel/NotGirilir: Test Cases/Olusturma/Genel/NotGirilir

2021-11-23 17:07:04 - [TEST_STEP][PASSED] - i = 0: null

2021-11-23 17:07:04 - [TEST_STEP][PASSED] - waitForElementClickable(findTestObject("Olusturma/Genel/Not/Notlar"), 10): Object 'Object Repository/Olusturma/Genel/Not/Notlar' is clickable

2021-11-23 17:07:04 - [MESSAGE][INFO] - Finding Test Object 'Object Repository/Olusturma/Genel/Not/Notlar'

2021-11-23 17:07:04 - [MESSAGE][INFO] - Checking object

2021-11-23 17:07:04 - [MESSAGE][INFO] - Checking timeout

2021-11-23 17:07:04 - [MESSAGE][INFO] - Finding web element from Test Object's properties

2021-11-23 17:07:04 - [MESSAGE][INFO] - Checking timeout

2021-11-23 17:07:04 - [MESSAGE][INFO] - Finding web element with id: 'Object Repository/Olusturma/Genel/Not/Notlar' located by 'By.xpath: //*[@id = 'txtNote_I']' in '10' second(s)

2021-11-23 17:07:04 - [MESSAGE][INFO] - Smart Wait Function is triggered

2021-11-23 17:07:04 - [MESSAGE][INFO] - Found 1 web elements with id: 'Object Repository/Olusturma/Genel/Not/Notlar' located by 'By.xpath: //*[@id = 'txtNote_I']' in '10' second(s)

2021-11-23 17:07:04 - [MESSAGE][PASSED] - Object 'Object Repository/Olusturma/Genel/Not/Notlar' is clickable

2021-11-23 17:07:04 - [TEST_STEP][PASSED] - clearText(findTestObject("Olusturma/Genel/Not/Notlar")): Text of object 'Object Repository/Olusturma/Genel/Not/Notlar' is cleared

2021-11-23 17:07:04 - [MESSAGE][INFO] - Finding Test Object 'Object Repository/Olusturma/Genel/Not/Notlar'

2021-11-23 17:07:04 - [MESSAGE][INFO] - Checking object

2021-11-23 17:07:04 - [MESSAGE][INFO] - Finding web element from Test Object's properties

2021-11-23 17:07:04 - [MESSAGE][INFO] - Checking timeout

2021-11-23 17:07:04 - [MESSAGE][INFO] - Finding web element with id: 'Object Repository/Olusturma/Genel/Not/Notlar' located by 'By.xpath: //*[@id = 'txtNote_I']' in '30' second(s)

2021-11-23 17:07:04 - [MESSAGE][INFO] - Smart Wait Function is triggered

2021-11-23 17:07:04 - [MESSAGE][INFO] - Found 1 web elements with id: 'Object Repository/Olusturma/Genel/Not/Notlar' located by 'By.xpath: //*[@id = 'txtNote_I']' in '30' second(s)

2021-11-23 17:07:04 - [MESSAGE][INFO] - Clearing text of object 'Object Repository/Olusturma/Genel/Not/Notlar'

2021-11-23 17:07:04 - [MESSAGE][PASSED] - Text of object 'Object Repository/Olusturma/Genel/Not/Notlar' is cleared

2021-11-23 17:07:04 - [TEST_STEP][PASSED] - click(findTestObject("Olusturma/Genel/Not/Notlar")): Object: 'Object Repository/Olusturma/Genel/Not/Notlar' is clicked on

2021-11-23 17:07:04 - [MESSAGE][INFO] - Finding Test Object 'Object Repository/Olusturma/Genel/Not/Notlar'

2021-11-23 17:07:05 - [MESSAGE][INFO] - Checking object

2021-11-23 17:07:05 - [MESSAGE][INFO] - Finding web element from Test Object's properties

2021-11-23 17:07:05 - [MESSAGE][INFO] - Checking timeout

2021-11-23 17:07:05 - [MESSAGE][INFO] - Finding web element with id: 'Object Repository/Olusturma/Genel/Not/Notlar' located by 'By.xpath: //*[@id = 'txtNote_I']' in '30' second(s)

2021-11-23 17:07:05 - [MESSAGE][INFO] - Smart Wait Function is triggered

2021-11-23 17:07:05 - [MESSAGE][INFO] - Found 1 web elements with id: 'Object Repository/Olusturma/Genel/Not/Notlar' located by 'By.xpath: //*[@id = 'txtNote_I']' in '30' second(s)

2021-11-23 17:07:05 - [MESSAGE][INFO] - Clicking on object: 'Object Repository/Olusturma/Genel/Not/Notlar'

2021-11-23 17:07:05 - [MESSAGE][PASSED] - Object: 'Object Repository/Olusturma/Genel/Not/Notlar' is clicked on

2021-11-23 17:07:05 - [TEST_STEP][PASSED] - while (true): null

2021-11-23 17:07:05 - [TEST_STEP][PASSED] - delay(1): Delayed 1 second(s)

2021-11-23 17:07:05 - [MESSAGE][INFO] - Delaying browser in 1 second(s)

2021-11-23 17:07:06 - [MESSAGE][PASSED] - Delayed 1 second(s)

2021-11-23 17:07:06 - [TEST_STEP][PASSED] - ajaxIsComplete = executeJavaScript("return jQuery.active == 0", null): Execute JavaScript 'return jQuery.active == 0' successfully

2021-11-23 17:07:06 - [MESSAGE][PASSED] - Execute JavaScript 'return jQuery.active == 0' successfully

2021-11-23 17:07:06 - [TEST_STEP][PASSED] - if (ajaxIsComplete): null

2021-11-23 17:07:06 - [TEST_STEP][PASSED] - if (i > 10): null

2021-11-23 17:07:06 - [TEST_STEP][PASSED] - (i++): null

2021-11-23 17:07:06 - [TEST_STEP][PASSED] - delay(1): Delayed 1 second(s)

2021-11-23 17:07:06 - [MESSAGE][INFO] - Delaying browser in 1 second(s)

2021-11-23 17:07:07 - [MESSAGE][PASSED] - Delayed 1 second(s)

2021-11-23 17:07:07 - [TEST_STEP][PASSED] - ajaxIsComplete = executeJavaScript("return jQuery.active == 0", null): Execute JavaScript 'return jQuery.active == 0' successfully

2021-11-23 17:07:07 - [MESSAGE][PASSED] - Execute JavaScript 'return jQuery.active == 0' successfully

2021-11-23 17:07:07 - [TEST_STEP][PASSED] - if (ajaxIsComplete): null

2021-11-23 17:07:07 - [TEST_STEP][PASSED] - break: null

2021-11-23 17:07:07 - [TEST_STEP][PASSED] - sendKeys(findTestObject("Olusturma/Genel/Not/Notlar"), Not): Keys 'Otomasyon Not' sent to object: 'Object Repository/Olusturma/Genel/Not/Notlar'

2021-11-23 17:07:07 - [MESSAGE][INFO] - Finding Test Object 'Object Repository/Olusturma/Genel/Not/Notlar'

2021-11-23 17:07:07 - [MESSAGE][INFO] - Sending keys 'Otomasyon Not' to object: 'Object Repository/Olusturma/Genel/Not/Notlar'

2021-11-23 17:07:07 - [MESSAGE][INFO] - Finding web element from Test Object's properties

2021-11-23 17:07:07 - [MESSAGE][INFO] - Checking timeout

2021-11-23 17:07:07 - [MESSAGE][INFO] - Finding web element with id: 'Object Repository/Olusturma/Genel/Not/Notlar' located by 'By.xpath: //*[@id = 'txtNote_I']' in '30' second(s)

2021-11-23 17:07:07 - [MESSAGE][INFO] - Smart Wait Function is triggered

2021-11-23 17:07:07 - [MESSAGE][INFO] - Found 1 web elements with id: 'Object Repository/Olusturma/Genel/Not/Notlar' located by 'By.xpath: //*[@id = 'txtNote_I']' in '30' second(s)

2021-11-23 17:07:08 - [MESSAGE][PASSED] - Keys 'Otomasyon Not' sent to object: 'Object Repository/Olusturma/Genel/Not/Notlar'

2021-11-23 17:07:08 - [MESSAGE][PASSED] - Call Test Case 'Test Cases/Olusturma/Genel/NotGirilir' successfully

2021-11-23 17:07:08 - [MESSAGE][INFO] - Checking called Test Case

2021-11-23 17:07:08 - [MESSAGE][INFO] - Starting to call Test Case 'Test Cases/Olusturma/Genel/EttnBilgisiKayitEdilir'

2021-11-23 17:07:08 - [TEST_CASE][PASSED] - Test Cases/Olusturma/Genel/EttnBilgisiKayitEdilir: Test Cases/Olusturma/Genel/EttnBilgisiKayitEdilir

2021-11-23 17:07:08 - [TEST_STEP][PASSED] - verifyElementPresent(findTestObject("Object Repository/Olusturma/Genel/Olusturma/eArsivEttnBilgisi"), 7): Object 'Object Repository/Olusturma/Genel/Olusturma/eArsivEttnBilgisi' is present

2021-11-23 17:07:08 - [MESSAGE][INFO] - Finding Test Object 'Object Repository/Olusturma/Genel/Olusturma/eArsivEttnBilgisi'

2021-11-23 17:07:08 - [MESSAGE][INFO] - Checking object

2021-11-23 17:07:08 - [MESSAGE][INFO] - Finding web element from Test Object's properties

2021-11-23 17:07:08 - [MESSAGE][INFO] - Checking timeout

2021-11-23 17:07:08 - [MESSAGE][INFO] - Finding web element with id: 'Object Repository/Olusturma/Genel/Olusturma/eArsivEttnBilgisi' located by 'By.xpath: //*[@id = 'Uuid_I']' in '7' second(s)

2021-11-23 17:07:08 - [MESSAGE][INFO] - Smart Wait Function is triggered

2021-11-23 17:07:08 - [MESSAGE][INFO] - Found 1 web elements with id: 'Object Repository/Olusturma/Genel/Olusturma/eArsivEttnBilgisi' located by 'By.xpath: //*[@id = 'Uuid_I']' in '7' second(s)

2021-11-23 17:07:08 - [MESSAGE][PASSED] - Object 'Object Repository/Olusturma/Genel/Olusturma/eArsivEttnBilgisi' is present

2021-11-23 17:07:08 - [TEST_STEP][PASSED] - ettn = getAttribute(findTestObject("Object Repository/Olusturma/Genel/Olusturma/eArsivEttnBilgisi"), "value"): Attribute 'value' of object 'Object Repository/Olusturma/Genel/Olusturma/eArsivEttnBilgisi' is: '66f03c84-c3e3-48ad-8838-c37364010850'

2021-11-23 17:07:08 - [MESSAGE][INFO] - Finding Test Object 'Object Repository/Olusturma/Genel/Olusturma/eArsivEttnBilgisi'

2021-11-23 17:07:08 - [MESSAGE][INFO] - Checking object

2021-11-23 17:07:08 - [MESSAGE][INFO] - Checking attribute

2021-11-23 17:07:08 - [MESSAGE][INFO] - Finding web element from Test Object's properties

2021-11-23 17:07:08 - [MESSAGE][INFO] - Checking timeout

2021-11-23 17:07:08 - [MESSAGE][INFO] - Finding web element with id: 'Object Repository/Olusturma/Genel/Olusturma/eArsivEttnBilgisi' located by 'By.xpath: //*[@id = 'Uuid_I']' in '30' second(s)

2021-11-23 17:07:08 - [MESSAGE][INFO] - Smart Wait Function is triggered

2021-11-23 17:07:08 - [MESSAGE][INFO] - Found 1 web elements with id: 'Object Repository/Olusturma/Genel/Olusturma/eArsivEttnBilgisi' located by 'By.xpath: //*[@id = 'Uuid_I']' in '30' second(s)

2021-11-23 17:07:08 - [MESSAGE][INFO] - Getting attribute 'value' of object 'Object Repository/Olusturma/Genel/Olusturma/eArsivEttnBilgisi'

2021-11-23 17:07:09 - [MESSAGE][PASSED] - Attribute 'value' of object 'Object Repository/Olusturma/Genel/Olusturma/eArsivEttnBilgisi' is: '66f03c84-c3e3-48ad-8838-c37364010850'

2021-11-23 17:07:09 - [MESSAGE][PASSED] - Call Test Case 'Test Cases/Olusturma/Genel/EttnBilgisiKayitEdilir' successfully

2021-11-23 17:07:09 - [MESSAGE][INFO] - Checking called Test Case

2021-11-23 17:07:09 - [MESSAGE][INFO] - Starting to call Test Case 'Test Cases/Olusturma/Genel/KaydetButonunaTiklanir'

2021-11-23 17:07:09 - [TEST_CASE][PASSED] - Test Cases/Olusturma/Genel/KaydetButonunaTiklanir: Test Cases/Olusturma/Genel/KaydetButonunaTiklanir

2021-11-23 17:07:09 - [TEST_STEP][PASSED] - i = 0: null

2021-11-23 17:07:09 - [TEST_STEP][PASSED] - waitForElementPresent(findTestObject("Olusturma/Genel/Not/Notlar"), 10): Object 'Object Repository/Olusturma/Genel/Not/Notlar' is present

2021-11-23 17:07:09 - [MESSAGE][INFO] - Finding Test Object 'Object Repository/Olusturma/Genel/Not/Notlar'

2021-11-23 17:07:09 - [MESSAGE][INFO] - Checking object

2021-11-23 17:07:09 - [MESSAGE][INFO] - Finding web element from Test Object's properties

2021-11-23 17:07:09 - [MESSAGE][INFO] - Checking timeout

2021-11-23 17:07:09 - [MESSAGE][INFO] - Finding web element with id: 'Object Repository/Olusturma/Genel/Not/Notlar' located by 'By.xpath: //*[@id = 'txtNote_I']' in '10' second(s)

2021-11-23 17:07:09 - [MESSAGE][INFO] - Smart Wait Function is triggered

2021-11-23 17:07:09 - [MESSAGE][INFO] - Found 1 web elements with id: 'Object Repository/Olusturma/Genel/Not/Notlar' located by 'By.xpath: //*[@id = 'txtNote_I']' in '10' second(s)

2021-11-23 17:07:09 - [MESSAGE][PASSED] - Object 'Object Repository/Olusturma/Genel/Not/Notlar' is present

2021-11-23 17:07:09 - [TEST_STEP][PASSED] - click(findTestObject("Olusturma/Genel/Not/Notlar")): Object: 'Object Repository/Olusturma/Genel/Not/Notlar' is clicked on

2021-11-23 17:07:09 - [MESSAGE][INFO] - Finding Test Object 'Object Repository/Olusturma/Genel/Not/Notlar'

2021-11-23 17:07:09 - [MESSAGE][INFO] - Checking object

2021-11-23 17:07:09 - [MESSAGE][INFO] - Finding web element from Test Object's properties

2021-11-23 17:07:09 - [MESSAGE][INFO] - Checking timeout

2021-11-23 17:07:09 - [MESSAGE][INFO] - Finding web element with id: 'Object Repository/Olusturma/Genel/Not/Notlar' located by 'By.xpath: //*[@id = 'txtNote_I']' in '30' second(s)

2021-11-23 17:07:09 - [MESSAGE][INFO] - Smart Wait Function is triggered

2021-11-23 17:07:09 - [MESSAGE][INFO] - Found 1 web elements with id: 'Object Repository/Olusturma/Genel/Not/Notlar' located by 'By.xpath: //*[@id = 'txtNote_I']' in '30' second(s)

2021-11-23 17:07:09 - [MESSAGE][INFO] - Clicking on object: 'Object Repository/Olusturma/Genel/Not/Notlar'

2021-11-23 17:07:10 - [MESSAGE][PASSED] - Object: 'Object Repository/Olusturma/Genel/Not/Notlar' is clicked on

2021-11-23 17:07:10 - [TEST_STEP][PASSED] - while (true): null

2021-11-23 17:07:10 - [TEST_STEP][PASSED] - delay(1): Delayed 1 second(s)

2021-11-23 17:07:10 - [MESSAGE][INFO] - Delaying browser in 1 second(s)

2021-11-23 17:07:11 - [MESSAGE][PASSED] - Delayed 1 second(s)

2021-11-23 17:07:11 - [TEST_STEP][PASSED] - ajaxIsComplete = executeJavaScript("return jQuery.active == 0", null): Execute JavaScript 'return jQuery.active == 0' successfully

2021-11-23 17:07:11 - [MESSAGE][PASSED] - Execute JavaScript 'return jQuery.active == 0' successfully

2021-11-23 17:07:11 - [TEST_STEP][PASSED] - if (ajaxIsComplete): null

2021-11-23 17:07:11 - [TEST_STEP][PASSED] - break: null

2021-11-23 17:07:11 - [TEST_STEP][PASSED] - waitForElementClickable(findTestObject("Object Repository/Olusturma/Genel/Buton"), 10): Object 'Object Repository/Olusturma/Genel/Buton' is clickable

2021-11-23 17:07:11 - [MESSAGE][INFO] - Finding Test Object 'Object Repository/Olusturma/Genel/Buton'

2021-11-23 17:07:11 - [MESSAGE][INFO] - Checking object

2021-11-23 17:07:11 - [MESSAGE][INFO] - Checking timeout

2021-11-23 17:07:11 - [MESSAGE][INFO] - Finding web element from Test Object's properties

2021-11-23 17:07:11 - [MESSAGE][INFO] - Checking timeout

2021-11-23 17:07:11 - [MESSAGE][INFO] - Finding web element with id: 'Object Repository/Olusturma/Genel/Buton' located by 'By.xpath: //*[@id = 'btnKaydet']' in '10' second(s)

2021-11-23 17:07:11 - [MESSAGE][INFO] - Smart Wait Function is triggered

2021-11-23 17:07:11 - [MESSAGE][INFO] - Found 1 web elements with id: 'Object Repository/Olusturma/Genel/Buton' located by 'By.xpath: //*[@id = 'btnKaydet']' in '10' second(s)

2021-11-23 17:07:11 - [MESSAGE][PASSED] - Object 'Object Repository/Olusturma/Genel/Buton' is clickable

2021-11-23 17:07:11 - [TEST_STEP][PASSED] - click(findTestObject("Object Repository/Olusturma/Genel/Buton")): Object: 'Object Repository/Olusturma/Genel/Buton' is clicked on

2021-11-23 17:07:11 - [MESSAGE][INFO] - Finding Test Object 'Object Repository/Olusturma/Genel/Buton'

2021-11-23 17:07:11 - [MESSAGE][INFO] - Checking object

2021-11-23 17:07:11 - [MESSAGE][INFO] - Finding web element from Test Object's properties

2021-11-23 17:07:11 - [MESSAGE][INFO] - Checking timeout

2021-11-23 17:07:11 - [MESSAGE][INFO] - Finding web element with id: 'Object Repository/Olusturma/Genel/Buton' located by 'By.xpath: //*[@id = 'btnKaydet']' in '30' second(s)

2021-11-23 17:07:11 - [MESSAGE][INFO] - Smart Wait Function is triggered

2021-11-23 17:07:11 - [MESSAGE][INFO] - Found 1 web elements with id: 'Object Repository/Olusturma/Genel/Buton' located by 'By.xpath: //*[@id = 'btnKaydet']' in '30' second(s)

2021-11-23 17:07:11 - [MESSAGE][INFO] - Clicking on object: 'Object Repository/Olusturma/Genel/Buton'

2021-11-23 17:07:14 - [MESSAGE][PASSED] - Object: 'Object Repository/Olusturma/Genel/Buton' is clicked on

2021-11-23 17:07:14 - [MESSAGE][PASSED] - Call Test Case 'Test Cases/Olusturma/Genel/KaydetButonunaTiklanir' successfully

2021-11-23 17:07:14 - [MESSAGE][INFO] - Checking called Test Case

2021-11-23 17:07:14 - [MESSAGE][INFO] - Starting to call Test Case 'Test Cases/Tablo/TablodaEttnliVeriOlusturulduMu'

2021-11-23 17:07:14 - [TEST_CASE][PASSED] - Test Cases/Tablo/TablodaEttnliVeriOlusturulduMu: Test Cases/Tablo/TablodaEttnliVeriOlusturulduMu

2021-11-23 17:07:14 - [TEST_STEP][PASSED] - Method.TextDegerineEsitElementVarMi(findTestObject("Tablo/OlusturulanVeri"), ettn): Method.TextDegerineEsitElementVarMi is PASSED

2021-11-23 17:07:14 - [MESSAGE][INFO] - Finding Test Object 'Object Repository/Tablo/OlusturulanVeri'

2021-11-23 17:07:14 - [MESSAGE][INFO] - Checking timeout

2021-11-23 17:07:14 - [MESSAGE][INFO] - Finding web element with id: 'Object Repository/Tablo/OlusturulanVeri' located by 'By.cssSelector: table.dxgvTable_LECustomTheme>tbody>tr:nth-child(3)>td.dxgv b,table.dxgvTable_LECustomTheme>tbody>tr:nth-child(3)>td.dxgv' in '10' second(s)

2021-11-23 17:07:14 - [MESSAGE][INFO] - Smart Wait Function is triggered

2021-11-23 17:07:14 - [MESSAGE][INFO] - Found 14 web elements with id: 'Object Repository/Tablo/OlusturulanVeri' located by 'By.cssSelector: table.dxgvTable_LECustomTheme>tbody>tr:nth-child(3)>td.dxgv b,table.dxgvTable_LECustomTheme>tbody>tr:nth-child(3)>td.dxgv' in '10' second(s)

2021-11-23 17:07:15 - [MESSAGE][PASSED] - Method.TextDegerineEsitElementVarMi is PASSED

2021-11-23 17:07:15 - [MESSAGE][PASSED] - Call Test Case 'Test Cases/Tablo/TablodaEttnliVeriOlusturulduMu' successfully

2021-11-23 17:07:15 - [MESSAGE][INFO] - Checking called Test Case

2021-11-23 17:07:15 - [MESSAGE][INFO] - Starting to call Test Case 'Test Cases/Tablo/TablodanEttnliVeriSec'

2021-11-23 17:07:15 - [TEST_CASE][PASSED] - Test Cases/Tablo/TablodanEttnliVeriSec: Test Cases/Tablo/TablodanEttnliVeriSec

2021-11-23 17:07:15 - [TEST_STEP][PASSED] - Method.TextDegerineEsitElementinAltindakineTikla(findTestObject("Tablo/Veriler"), findTestObject("Tablo/VerininCheckBoxi"), ettn): Method.TextDegerineEsitElementinAltindakineTikla is PASSED

2021-11-23 17:07:15 - [MESSAGE][INFO] - Finding Test Object 'Object Repository/Tablo/Veriler'

2021-11-23 17:07:15 - [MESSAGE][INFO] - Finding Test Object 'Object Repository/Tablo/VerininCheckBoxi'

2021-11-23 17:07:15 - [MESSAGE][INFO] - Checking timeout

2021-11-23 17:07:15 - [MESSAGE][INFO] - Finding web element with id: 'Object Repository/Tablo/Veriler' located by 'By.cssSelector: td.dxgv b ,td.dxgv' in '10' second(s)

2021-11-23 17:07:15 - [MESSAGE][INFO] - Smart Wait Function is triggered

2021-11-23 17:07:15 - [MESSAGE][INFO] - Found 70 web elements with id: 'Object Repository/Tablo/Veriler' located by 'By.cssSelector: td.dxgv b ,td.dxgv' in '10' second(s)

2021-11-23 17:07:15 - [MESSAGE][INFO] - Smart Wait Function is triggered

2021-11-23 17:07:16 - [MESSAGE][PASSED] - Method.TextDegerineEsitElementinAltindakineTikla is PASSED

2021-11-23 17:07:16 - [MESSAGE][PASSED] - Call Test Case 'Test Cases/Tablo/TablodanEttnliVeriSec' successfully

2021-11-23 17:07:16 - [MESSAGE][INFO] - Checking called Test Case

2021-11-23 17:07:16 - [MESSAGE][INFO] - Starting to call Test Case 'Test Cases/Butonlar/ButonaTikla'

2021-11-23 17:07:16 - [TEST_CASE][PASSED] - Test Cases/Butonlar/ButonaTikla: Test Cases/Butonlar/ButonaTikla

2021-11-23 17:07:16 - [TEST_STEP][PASSED] - Method.TextDegerineEsitElementeTiklaEquals(findTestObject("Butonlar/Butonlar"), Buton_Adi): Method.TextDegerineEsitElementeTiklaEquals is PASSED

2021-11-23 17:07:16 - [MESSAGE][INFO] - Finding Test Object 'Object Repository/Butonlar/Butonlar'

2021-11-23 17:07:16 - [MESSAGE][INFO] - Checking timeout

2021-11-23 17:07:16 - [MESSAGE][INFO] - Finding web element with id: 'Object Repository/Butonlar/Butonlar' located by 'By.cssSelector: .panel.panel-default.text-center.footerPanel .btn,.btn.btn-primary.btnControls' in '10' second(s)

2021-11-23 17:07:16 - [MESSAGE][INFO] - Smart Wait Function is triggered

2021-11-23 17:07:16 - [MESSAGE][INFO] - Found 9 web elements with id: 'Object Repository/Butonlar/Butonlar' located by 'By.cssSelector: .panel.panel-default.text-center.footerPanel .btn,.btn.btn-primary.btnControls' in '10' second(s)

2021-11-23 17:07:16 - [MESSAGE][PASSED] - Method.TextDegerineEsitElementeTiklaEquals is PASSED

2021-11-23 17:07:16 - [MESSAGE][PASSED] - Call Test Case 'Test Cases/Butonlar/ButonaTikla' successfully

2021-11-23 17:07:16 - [MESSAGE][INFO] - Checking called Test Case

2021-11-23 17:07:16 - [MESSAGE][INFO] - Starting to call Test Case 'Test Cases/Popup/PopupMesajiIceriyorMu'

2021-11-23 17:07:16 - [TEST_CASE][PASSED] - Test Cases/Popup/PopupMesajiIceriyorMu: Test Cases/Popup/PopupMesajiIceriyorMu

2021-11-23 17:07:16 - [TEST_STEP][PASSED] - waitForElementVisible(findTestObject("Popup/Popup"), 10): Object 'Object Repository/Popup/Popup' is visible

2021-11-23 17:07:16 - [MESSAGE][INFO] - Finding Test Object 'Object Repository/Popup/Popup'

2021-11-23 17:07:17 - [MESSAGE][INFO] - Checking object

2021-11-23 17:07:17 - [MESSAGE][INFO] - Checking timeout

2021-11-23 17:07:17 - [MESSAGE][INFO] - Finding web element from Test Object's properties

2021-11-23 17:07:17 - [MESSAGE][INFO] - Checking timeout

2021-11-23 17:07:17 - [MESSAGE][INFO] - Finding web element with id: 'Object Repository/Popup/Popup' located by 'By.cssSelector: .bootbox-body' in '10' second(s)

2021-11-23 17:07:17 - [MESSAGE][INFO] - Smart Wait Function is triggered

2021-11-23 17:07:17 - [MESSAGE][INFO] - Found 1 web elements with id: 'Object Repository/Popup/Popup' located by 'By.cssSelector: .bootbox-body' in '10' second(s)

2021-11-23 17:07:17 - [MESSAGE][PASSED] - Object 'Object Repository/Popup/Popup' is visible

2021-11-23 17:07:17 - [TEST_STEP][PASSED] - if (!(getText(findTestObject("Popup/Popup")).contains(Mesaj))): Text of object 'Object Repository/Popup/Popup' is: 'Oluşturulacak fatura numarası : EAR2021000000492 Fatura numarası oluşturulduktan sonra fatura silinemez. Fatura numarası, tarihi ve ön eki değiştirilemez. Devam etmek istiyor musunuz?'

2021-11-23 17:07:17 - [MESSAGE][INFO] - Finding Test Object 'Object Repository/Popup/Popup'

2021-11-23 17:07:17 - [MESSAGE][INFO] - Checking object

2021-11-23 17:07:17 - [MESSAGE][INFO] - Finding web element from Test Object's properties

2021-11-23 17:07:17 - [MESSAGE][INFO] - Checking timeout

2021-11-23 17:07:17 - [MESSAGE][INFO] - Finding web element with id: 'Object Repository/Popup/Popup' located by 'By.cssSelector: .bootbox-body' in '30' second(s)

2021-11-23 17:07:17 - [MESSAGE][INFO] - Smart Wait Function is triggered

2021-11-23 17:07:18 - [MESSAGE][INFO] - Found 1 web elements with id: 'Object Repository/Popup/Popup' located by 'By.cssSelector: .bootbox-body' in '30' second(s)

2021-11-23 17:07:18 - [MESSAGE][INFO] - Getting text of object 'Object Repository/Popup/Popup'

2021-11-23 17:07:18 - [MESSAGE][PASSED] - Text of object 'Object Repository/Popup/Popup' is: 'Oluşturulacak fatura numarası : EAR2021000000492 Fatura numarası oluşturulduktan sonra fatura silinemez. Fatura numarası, tarihi ve ön eki değiştirilemez. Devam etmek istiyor musunuz?'

2021-11-23 17:07:18 - [TEST_STEP][PASSED] - RaporNo = getText(findTestObject("Popup/Popup")).substring(0, 6): Text of object 'Object Repository/Popup/Popup' is: 'Oluşturulacak fatura numarası : EAR2021000000492 Fatura numarası oluşturulduktan sonra fatura silinemez. Fatura numarası, tarihi ve ön eki değiştirilemez. Devam etmek istiyor musunuz?'

2021-11-23 17:07:18 - [MESSAGE][INFO] - Finding Test Object 'Object Repository/Popup/Popup'

2021-11-23 17:07:18 - [MESSAGE][INFO] - Checking object

2021-11-23 17:07:18 - [MESSAGE][INFO] - Finding web element from Test Object's properties

2021-11-23 17:07:18 - [MESSAGE][INFO] - Checking timeout

2021-11-23 17:07:18 - [MESSAGE][INFO] - Finding web element with id: 'Object Repository/Popup/Popup' located by 'By.cssSelector: .bootbox-body' in '30' second(s)

2021-11-23 17:07:18 - [MESSAGE][INFO] - Smart Wait Function is triggered

2021-11-23 17:07:18 - [MESSAGE][INFO] - Found 1 web elements with id: 'Object Repository/Popup/Popup' located by 'By.cssSelector: .bootbox-body' in '30' second(s)

2021-11-23 17:07:18 - [MESSAGE][INFO] - Getting text of object 'Object Repository/Popup/Popup'

2021-11-23 17:07:18 - [MESSAGE][PASSED] - Text of object 'Object Repository/Popup/Popup' is: 'Oluşturulacak fatura numarası : EAR2021000000492 Fatura numarası oluşturulduktan sonra fatura silinemez. Fatura numarası, tarihi ve ön eki değiştirilemez. Devam etmek istiyor musunuz?'

2021-11-23 17:07:18 - [TEST_STEP][PASSED] - Console.println(RaporNo): null

2021-11-23 17:07:18 - [MESSAGE][PASSED] - Call Test Case 'Test Cases/Popup/PopupMesajiIceriyorMu' successfully

2021-11-23 17:07:18 - [MESSAGE][INFO] - Checking called Test Case

2021-11-23 17:07:18 - [MESSAGE][INFO] - Starting to call Test Case 'Test Cases/Popup/PopupButonSecilir'

2021-11-23 17:07:18 - [TEST_CASE][PASSED] - Test Cases/Popup/PopupButonSecilir: Test Cases/Popup/PopupButonSecilir

2021-11-23 17:07:18 - [TEST_STEP][PASSED] - Method.TextDegerineEsitElementeTikla(findTestObject("Popup/Popup_Butons"), Buton): Method.TextDegerineEsitElementeTikla is PASSED

2021-11-23 17:07:18 - [MESSAGE][INFO] - Finding Test Object 'Object Repository/Popup/Popup_Butons'

2021-11-23 17:07:18 - [MESSAGE][INFO] - Checking timeout

2021-11-23 17:07:18 - [MESSAGE][INFO] - Finding web element with id: 'Object Repository/Popup/Popup_Butons' located by 'By.cssSelector: .modal-footer>button' in '10' second(s)

2021-11-23 17:07:18 - [MESSAGE][INFO] - Smart Wait Function is triggered

2021-11-23 17:07:18 - [MESSAGE][INFO] - Found 2 web elements with id: 'Object Repository/Popup/Popup_Butons' located by 'By.cssSelector: .modal-footer>button' in '10' second(s)

2021-11-23 17:07:19 - [MESSAGE][PASSED] - Method.TextDegerineEsitElementeTikla is PASSED

2021-11-23 17:07:19 - [MESSAGE][PASSED] - Call Test Case 'Test Cases/Popup/PopupButonSecilir' successfully

2021-11-23 17:07:19 - [MESSAGE][INFO] - Checking called Test Case

2021-11-23 17:07:19 - [MESSAGE][INFO] - Starting to call Test Case 'Test Cases/Popup/PopupMesajiIceriyorMu'

2021-11-23 17:07:19 - [TEST_CASE][PASSED] - Test Cases/Popup/PopupMesajiIceriyorMu: Test Cases/Popup/PopupMesajiIceriyorMu

2021-11-23 17:07:19 - [TEST_STEP][PASSED] - waitForElementVisible(findTestObject("Popup/Popup"), 10): Object 'Object Repository/Popup/Popup' is visible

2021-11-23 17:07:19 - [MESSAGE][INFO] - Finding Test Object 'Object Repository/Popup/Popup'

2021-11-23 17:07:19 - [MESSAGE][INFO] - Checking object

2021-11-23 17:07:19 - [MESSAGE][INFO] - Checking timeout

2021-11-23 17:07:19 - [MESSAGE][INFO] - Finding web element from Test Object's properties

2021-11-23 17:07:19 - [MESSAGE][INFO] - Checking timeout

2021-11-23 17:07:19 - [MESSAGE][INFO] - Finding web element with id: 'Object Repository/Popup/Popup' located by 'By.cssSelector: .bootbox-body' in '10' second(s)

2021-11-23 17:07:19 - [MESSAGE][INFO] - Smart Wait Function is triggered

2021-11-23 17:07:19 - [MESSAGE][INFO] - Found 1 web elements with id: 'Object Repository/Popup/Popup' located by 'By.cssSelector: .bootbox-body' in '10' second(s)

2021-11-23 17:07:19 - [MESSAGE][PASSED] - Object 'Object Repository/Popup/Popup' is visible

2021-11-23 17:07:19 - [TEST_STEP][PASSED] - if (!(getText(findTestObject("Popup/Popup")).contains(Mesaj))): Text of object 'Object Repository/Popup/Popup' is: 'Fatura numaranız EAR2021000000492 olarak oluşmuştur.'

2021-11-23 17:07:19 - [MESSAGE][INFO] - Finding Test Object 'Object Repository/Popup/Popup'

2021-11-23 17:07:20 - [MESSAGE][INFO] - Checking object

2021-11-23 17:07:20 - [MESSAGE][INFO] - Finding web element from Test Object's properties

2021-11-23 17:07:20 - [MESSAGE][INFO] - Checking timeout

2021-11-23 17:07:20 - [MESSAGE][INFO] - Finding web element with id: 'Object Repository/Popup/Popup' located by 'By.cssSelector: .bootbox-body' in '30' second(s)

2021-11-23 17:07:20 - [MESSAGE][INFO] - Smart Wait Function is triggered

2021-11-23 17:07:20 - [MESSAGE][INFO] - Found 1 web elements with id: 'Object Repository/Popup/Popup' located by 'By.cssSelector: .bootbox-body' in '30' second(s)

2021-11-23 17:07:20 - [MESSAGE][INFO] - Getting text of object 'Object Repository/Popup/Popup'

2021-11-23 17:07:20 - [MESSAGE][PASSED] - Text of object 'Object Repository/Popup/Popup' is: 'Fatura numaranız EAR2021000000492 olarak oluşmuştur.'

2021-11-23 17:07:20 - [TEST_STEP][PASSED] - RaporNo = getText(findTestObject("Popup/Popup")).substring(0, 6): Text of object 'Object Repository/Popup/Popup' is: 'Fatura numaranız EAR2021000000492 olarak oluşmuştur.'

2021-11-23 17:07:20 - [MESSAGE][INFO] - Finding Test Object 'Object Repository/Popup/Popup'

2021-11-23 17:07:20 - [MESSAGE][INFO] - Checking object

2021-11-23 17:07:20 - [MESSAGE][INFO] - Finding web element from Test Object's properties

2021-11-23 17:07:20 - [MESSAGE][INFO] - Checking timeout

2021-11-23 17:07:20 - [MESSAGE][INFO] - Finding web element with id: 'Object Repository/Popup/Popup' located by 'By.cssSelector: .bootbox-body' in '30' second(s)

2021-11-23 17:07:20 - [MESSAGE][INFO] - Smart Wait Function is triggered

2021-11-23 17:07:20 - [MESSAGE][INFO] - Found 1 web elements with id: 'Object Repository/Popup/Popup' located by 'By.cssSelector: .bootbox-body' in '30' second(s)

2021-11-23 17:07:20 - [MESSAGE][INFO] - Getting text of object 'Object Repository/Popup/Popup'

2021-11-23 17:07:20 - [MESSAGE][PASSED] - Text of object 'Object Repository/Popup/Popup' is: 'Fatura numaranız EAR2021000000492 olarak oluşmuştur.'

2021-11-23 17:07:20 - [TEST_STEP][PASSED] - Console.println(RaporNo): null

2021-11-23 17:07:20 - [MESSAGE][PASSED] - Call Test Case 'Test Cases/Popup/PopupMesajiIceriyorMu' successfully

2021-11-23 17:07:20 - [MESSAGE][INFO] - Checking called Test Case

2021-11-23 17:07:20 - [MESSAGE][INFO] - Starting to call Test Case 'Test Cases/Popup/PopupButonSecilir'

2021-11-23 17:07:20 - [TEST_CASE][PASSED] - Test Cases/Popup/PopupButonSecilir: Test Cases/Popup/PopupButonSecilir

2021-11-23 17:07:20 - [TEST_STEP][PASSED] - Method.TextDegerineEsitElementeTikla(findTestObject("Popup/Popup_Butons"), Buton): Method.TextDegerineEsitElementeTikla is PASSED

2021-11-23 17:07:20 - [MESSAGE][INFO] - Finding Test Object 'Object Repository/Popup/Popup_Butons'

2021-11-23 17:07:20 - [MESSAGE][INFO] - Checking timeout

2021-11-23 17:07:20 - [MESSAGE][INFO] - Finding web element with id: 'Object Repository/Popup/Popup_Butons' located by 'By.cssSelector: .modal-footer>button' in '10' second(s)

2021-11-23 17:07:20 - [MESSAGE][INFO] - Smart Wait Function is triggered

2021-11-23 17:07:21 - [MESSAGE][INFO] - Found 1 web elements with id: 'Object Repository/Popup/Popup_Butons' located by 'By.cssSelector: .modal-footer>button' in '10' second(s)

2021-11-23 17:07:21 - [MESSAGE][PASSED] - Method.TextDegerineEsitElementeTikla is PASSED

2021-11-23 17:07:21 - [MESSAGE][PASSED] - Call Test Case 'Test Cases/Popup/PopupButonSecilir' successfully

2021-11-23 17:07:21 - [MESSAGE][INFO] - Checking called Test Case

2021-11-23 17:07:21 - [MESSAGE][INFO] - Starting to call Test Case 'Test Cases/Tablo/TablodanEttnliVeriSec'

2021-11-23 17:07:21 - [TEST_CASE][PASSED] - Test Cases/Tablo/TablodanEttnliVeriSec: Test Cases/Tablo/TablodanEttnliVeriSec

2021-11-23 17:07:21 - [TEST_STEP][PASSED] - Method.TextDegerineEsitElementinAltindakineTikla(findTestObject("Tablo/Veriler"), findTestObject("Tablo/VerininCheckBoxi"), ettn): Method.TextDegerineEsitElementinAltindakineTikla is PASSED

2021-11-23 17:07:21 - [MESSAGE][INFO] - Finding Test Object 'Object Repository/Tablo/Veriler'

2021-11-23 17:07:21 - [MESSAGE][INFO] - Finding Test Object 'Object Repository/Tablo/VerininCheckBoxi'

2021-11-23 17:07:21 - [MESSAGE][INFO] - Checking timeout

2021-11-23 17:07:21 - [MESSAGE][INFO] - Finding web element with id: 'Object Repository/Tablo/Veriler' located by 'By.cssSelector: td.dxgv b ,td.dxgv' in '10' second(s)

2021-11-23 17:07:21 - [MESSAGE][INFO] - Smart Wait Function is triggered

2021-11-23 17:07:22 - [MESSAGE][INFO] - Found 70 web elements with id: 'Object Repository/Tablo/Veriler' located by 'By.cssSelector: td.dxgv b ,td.dxgv' in '10' second(s)

2021-11-23 17:07:22 - [MESSAGE][INFO] - Smart Wait Function is triggered

2021-11-23 17:07:22 - [MESSAGE][PASSED] - Method.TextDegerineEsitElementinAltindakineTikla is PASSED

2021-11-23 17:07:22 - [MESSAGE][PASSED] - Call Test Case 'Test Cases/Tablo/TablodanEttnliVeriSec' successfully

2021-11-23 17:07:22 - [MESSAGE][INFO] - Checking called Test Case

2021-11-23 17:07:22 - [MESSAGE][INFO] - Starting to call Test Case 'Test Cases/Butonlar/ButonaTikla'

2021-11-23 17:07:22 - [TEST_CASE][PASSED] - Test Cases/Butonlar/ButonaTikla: Test Cases/Butonlar/ButonaTikla

2021-11-23 17:07:22 - [TEST_STEP][PASSED] - Method.TextDegerineEsitElementeTiklaEquals(findTestObject("Butonlar/Butonlar"), Buton_Adi): Method.TextDegerineEsitElementeTiklaEquals is PASSED

2021-11-23 17:07:22 - [MESSAGE][INFO] - Finding Test Object 'Object Repository/Butonlar/Butonlar'

2021-11-23 17:07:22 - [MESSAGE][INFO] - Checking timeout

2021-11-23 17:07:22 - [MESSAGE][INFO] - Finding web element with id: 'Object Repository/Butonlar/Butonlar' located by 'By.cssSelector: .panel.panel-default.text-center.footerPanel .btn,.btn.btn-primary.btnControls' in '10' second(s)

2021-11-23 17:07:22 - [MESSAGE][INFO] - Smart Wait Function is triggered

2021-11-23 17:07:23 - [MESSAGE][INFO] - Found 9 web elements with id: 'Object Repository/Butonlar/Butonlar' located by 'By.cssSelector: .panel.panel-default.text-center.footerPanel .btn,.btn.btn-primary.btnControls' in '10' second(s)

2021-11-23 17:07:23 - [MESSAGE][PASSED] - Method.TextDegerineEsitElementeTiklaEquals is PASSED

2021-11-23 17:07:23 - [MESSAGE][PASSED] - Call Test Case 'Test Cases/Butonlar/ButonaTikla' successfully

2021-11-23 17:07:23 - [MESSAGE][INFO] - Checking called Test Case

2021-11-23 17:07:23 - [MESSAGE][INFO] - Starting to call Test Case 'Test Cases/Popup/PopupMesajiIceriyorMu'

2021-11-23 17:07:23 - [TEST_CASE][PASSED] - Test Cases/Popup/PopupMesajiIceriyorMu: Test Cases/Popup/PopupMesajiIceriyorMu

2021-11-23 17:07:23 - [TEST_STEP][PASSED] - waitForElementVisible(findTestObject("Popup/Popup"), 10): Object 'Object Repository/Popup/Popup' is visible

2021-11-23 17:07:23 - [MESSAGE][INFO] - Finding Test Object 'Object Repository/Popup/Popup'

2021-11-23 17:07:23 - [MESSAGE][INFO] - Checking object

2021-11-23 17:07:23 - [MESSAGE][INFO] - Checking timeout

2021-11-23 17:07:23 - [MESSAGE][INFO] - Finding web element from Test Object's properties

2021-11-23 17:07:23 - [MESSAGE][INFO] - Checking timeout

2021-11-23 17:07:23 - [MESSAGE][INFO] - Finding web element with id: 'Object Repository/Popup/Popup' located by 'By.cssSelector: .bootbox-body' in '10' second(s)

2021-11-23 17:07:23 - [MESSAGE][INFO] - Smart Wait Function is triggered

2021-11-23 17:07:24 - [MESSAGE][INFO] - Found 1 web elements with id: 'Object Repository/Popup/Popup' located by 'By.cssSelector: .bootbox-body' in '10' second(s)

2021-11-23 17:07:24 - [MESSAGE][PASSED] - Object 'Object Repository/Popup/Popup' is visible

2021-11-23 17:07:24 - [TEST_STEP][PASSED] - if (!(getText(findTestObject("Popup/Popup")).contains(Mesaj))): Text of object 'Object Repository/Popup/Popup' is: 'Seçilen faturalarınız onaylanacaktır. Onaylanan faturalar üzerinde değişiklik yapılamaz. Devam etmek istiyor musunuz?'

2021-11-23 17:07:24 - [MESSAGE][INFO] - Finding Test Object 'Object Repository/Popup/Popup'

2021-11-23 17:07:24 - [MESSAGE][INFO] - Checking object

2021-11-23 17:07:24 - [MESSAGE][INFO] - Finding web element from Test Object's properties

2021-11-23 17:07:24 - [MESSAGE][INFO] - Checking timeout

2021-11-23 17:07:24 - [MESSAGE][INFO] - Finding web element with id: 'Object Repository/Popup/Popup' located by 'By.cssSelector: .bootbox-body' in '30' second(s)

2021-11-23 17:07:24 - [MESSAGE][INFO] - Smart Wait Function is triggered

2021-11-23 17:07:24 - [MESSAGE][INFO] - Found 1 web elements with id: 'Object Repository/Popup/Popup' located by 'By.cssSelector: .bootbox-body' in '30' second(s)

2021-11-23 17:07:24 - [MESSAGE][INFO] - Getting text of object 'Object Repository/Popup/Popup'

2021-11-23 17:07:24 - [MESSAGE][PASSED] - Text of object 'Object Repository/Popup/Popup' is: 'Seçilen faturalarınız onaylanacaktır. Onaylanan faturalar üzerinde değişiklik yapılamaz. Devam etmek istiyor musunuz?'

2021-11-23 17:07:24 - [TEST_STEP][PASSED] - RaporNo = getText(findTestObject("Popup/Popup")).substring(0, 6): Text of object 'Object Repository/Popup/Popup' is: 'Seçilen faturalarınız onaylanacaktır. Onaylanan faturalar üzerinde değişiklik yapılamaz. Devam etmek istiyor musunuz?'

2021-11-23 17:07:24 - [MESSAGE][INFO] - Finding Test Object 'Object Repository/Popup/Popup'

2021-11-23 17:07:24 - [MESSAGE][INFO] - Checking object

2021-11-23 17:07:24 - [MESSAGE][INFO] - Finding web element from Test Object's properties

2021-11-23 17:07:24 - [MESSAGE][INFO] - Checking timeout

2021-11-23 17:07:24 - [MESSAGE][INFO] - Finding web element with id: 'Object Repository/Popup/Popup' located by 'By.cssSelector: .bootbox-body' in '30' second(s)

2021-11-23 17:07:24 - [MESSAGE][INFO] - Smart Wait Function is triggered

2021-11-23 17:07:24 - [MESSAGE][INFO] - Found 1 web elements with id: 'Object Repository/Popup/Popup' located by 'By.cssSelector: .bootbox-body' in '30' second(s)

2021-11-23 17:07:24 - [MESSAGE][INFO] - Getting text of object 'Object Repository/Popup/Popup'

2021-11-23 17:07:24 - [MESSAGE][PASSED] - Text of object 'Object Repository/Popup/Popup' is: 'Seçilen faturalarınız onaylanacaktır. Onaylanan faturalar üzerinde değişiklik yapılamaz. Devam etmek istiyor musunuz?'

2021-11-23 17:07:24 - [TEST_STEP][PASSED] - Console.println(RaporNo): null

2021-11-23 17:07:24 - [MESSAGE][PASSED] - Call Test Case 'Test Cases/Popup/PopupMesajiIceriyorMu' successfully

2021-11-23 17:07:24 - [MESSAGE][INFO] - Checking called Test Case

2021-11-23 17:07:24 - [MESSAGE][INFO] - Starting to call Test Case 'Test Cases/Popup/PopupButonSecilir'

2021-11-23 17:07:24 - [TEST_CASE][PASSED] - Test Cases/Popup/PopupButonSecilir: Test Cases/Popup/PopupButonSecilir

2021-11-23 17:07:24 - [TEST_STEP][PASSED] - Method.TextDegerineEsitElementeTikla(findTestObject("Popup/Popup_Butons"), Buton): Method.TextDegerineEsitElementeTikla is PASSED

2021-11-23 17:07:24 - [MESSAGE][INFO] - Finding Test Object 'Object Repository/Popup/Popup_Butons'

2021-11-23 17:07:25 - [MESSAGE][INFO] - Checking timeout

2021-11-23 17:07:25 - [MESSAGE][INFO] - Finding web element with id: 'Object Repository/Popup/Popup_Butons' located by 'By.cssSelector: .modal-footer>button' in '10' second(s)

2021-11-23 17:07:25 - [MESSAGE][INFO] - Smart Wait Function is triggered

2021-11-23 17:07:25 - [MESSAGE][INFO] - Found 2 web elements with id: 'Object Repository/Popup/Popup_Butons' located by 'By.cssSelector: .modal-footer>button' in '10' second(s)

2021-11-23 17:07:25 - [MESSAGE][PASSED] - Method.TextDegerineEsitElementeTikla is PASSED

2021-11-23 17:07:25 - [MESSAGE][PASSED] - Call Test Case 'Test Cases/Popup/PopupButonSecilir' successfully

2021-11-23 17:07:25 - [MESSAGE][INFO] - Checking called Test Case

2021-11-23 17:07:25 - [MESSAGE][INFO] - Starting to call Test Case 'Test Cases/Menu/AnaMenuSecimi'

2021-11-23 17:07:25 - [TEST_CASE][PASSED] - Test Cases/Menu/AnaMenuSecimi: Test Cases/Menu/AnaMenuSecimi

2021-11-23 17:07:25 - [TEST_STEP][PASSED] - Method.TextDegerineEsitElementeTikla(findTestObject("Menu/Ana_Menu"), Ana_Menu): Method.TextDegerineEsitElementeTikla is PASSED

2021-11-23 17:07:25 - [MESSAGE][INFO] - Finding Test Object 'Object Repository/Menu/Ana_Menu'

2021-11-23 17:07:25 - [MESSAGE][INFO] - Checking timeout

2021-11-23 17:07:25 - [MESSAGE][INFO] - Finding web element with id: 'Object Repository/Menu/Ana_Menu' located by 'By.xpath: //*[@class = 'dropdown-toggle']' in '10' second(s)

2021-11-23 17:07:25 - [MESSAGE][INFO] - Smart Wait Function is triggered

2021-11-23 17:07:26 - [MESSAGE][INFO] - Found 13 web elements with id: 'Object Repository/Menu/Ana_Menu' located by 'By.xpath: //*[@class = 'dropdown-toggle']' in '10' second(s)

2021-11-23 17:07:26 - [MESSAGE][PASSED] - Method.TextDegerineEsitElementeTikla is PASSED

2021-11-23 17:07:26 - [MESSAGE][PASSED] - Call Test Case 'Test Cases/Menu/AnaMenuSecimi' successfully

2021-11-23 17:07:26 - [MESSAGE][INFO] - Checking called Test Case

2021-11-23 17:07:26 - [MESSAGE][INFO] - Starting to call Test Case 'Test Cases/Menu/BasligaGoreAltMenuSecimi'

2021-11-23 17:07:26 - [TEST_CASE][PASSED] - Test Cases/Menu/BasligaGoreAltMenuSecimi: Test Cases/Menu/BasligaGoreAltMenuSecimi

2021-11-23 17:07:26 - [TEST_STEP][PASSED] - Method.TextDegerineEsitElementinAltindakiTextDegerineEsitOlanaTikla(findTestObject("Menu/Menu_Basligi"), findTestObject("Menu/Basliga_Gore_Alt_Menu"), Baslik, Alt_Menu): Method.TextDegerineEsitElementinAltindakiTextDegerineEsitOlanaTikla is PASSED

2021-11-23 17:07:26 - [MESSAGE][INFO] - Finding Test Object 'Object Repository/Menu/Menu_Basligi'

2021-11-23 17:07:26 - [MESSAGE][INFO] - Finding Test Object 'Object Repository/Menu/Basliga_Gore_Alt_Menu'

2021-11-23 17:07:26 - [MESSAGE][INFO] - Checking timeout

2021-11-23 17:07:26 - [MESSAGE][INFO] - Finding web element with id: 'Object Repository/Menu/Menu_Basligi' located by 'By.xpath: //li[@class='dropdown dropdown-large open']//li[@class='dropdown-header']' in '10' second(s)

2021-11-23 17:07:26 - [MESSAGE][INFO] - Smart Wait Function is triggered

2021-11-23 17:07:27 - [MESSAGE][INFO] - Found 2 web elements with id: 'Object Repository/Menu/Menu_Basligi' located by 'By.xpath: //li[@class='dropdown dropdown-large open']//li[@class='dropdown-header']' in '10' second(s)

2021-11-23 17:07:27 - [MESSAGE][INFO] - Smart Wait Function is triggered

2021-11-23 17:07:28 - [MESSAGE][PASSED] - Method.TextDegerineEsitElementinAltindakiTextDegerineEsitOlanaTikla is PASSED

2021-11-23 17:07:28 - [MESSAGE][PASSED] - Call Test Case 'Test Cases/Menu/BasligaGoreAltMenuSecimi' successfully

2021-11-23 17:07:28 - [MESSAGE][INFO] - Checking called Test Case

2021-11-23 17:07:28 - [MESSAGE][INFO] - Starting to call Test Case 'Test Cases/Filtreler/EttnYaz'

2021-11-23 17:07:28 - [TEST_CASE][PASSED] - Test Cases/Filtreler/EttnYaz: Test Cases/Filtreler/EttnYaz

2021-11-23 17:07:28 - [TEST_STEP][PASSED] - Method.TextDegerineEsitElementinAltindakiTextboxtaYaz(findTestObject("Filtreler/Basliklar"), findTestObject("Filtreler/Basliga_Gore_Textbox"), "ETTN", ettn): Method.TextDegerineEsitElementinAltindakiTextboxtaYaz is PASSED

2021-11-23 17:07:28 - [MESSAGE][INFO] - Finding Test Object 'Object Repository/Filtreler/Basliklar'

2021-11-23 17:07:29 - [MESSAGE][INFO] - Finding Test Object 'Object Repository/Filtreler/Basliga_Gore_Textbox'

2021-11-23 17:07:29 - [MESSAGE][INFO] - Checking timeout

2021-11-23 17:07:29 - [MESSAGE][INFO] - Finding web element with id: 'Object Repository/Filtreler/Basliklar' located by 'By.cssSelector: .control-label.col-sm-4.paddingMarginRLC' in '10' second(s)

2021-11-23 17:07:29 - [MESSAGE][INFO] - Smart Wait Function is triggered

2021-11-23 17:07:29 - [MESSAGE][INFO] - Found 19 web elements with id: 'Object Repository/Filtreler/Basliklar' located by 'By.cssSelector: .control-label.col-sm-4.paddingMarginRLC' in '10' second(s)

2021-11-23 17:07:29 - [MESSAGE][INFO] - Smart Wait Function is triggered

2021-11-23 17:07:29 - [MESSAGE][PASSED] - Method.TextDegerineEsitElementinAltindakiTextboxtaYaz is PASSED

2021-11-23 17:07:29 - [MESSAGE][PASSED] - Call Test Case 'Test Cases/Filtreler/EttnYaz' successfully

2021-11-23 17:07:29 - [MESSAGE][INFO] - Checking called Test Case

2021-11-23 17:07:29 - [MESSAGE][INFO] - Starting to call Test Case 'Test Cases/Filtreler/ButonaTikla'

2021-11-23 17:07:30 - [TEST_CASE][PASSED] - Test Cases/Filtreler/ButonaTikla: Test Cases/Filtreler/ButonaTikla

2021-11-23 17:07:30 - [TEST_STEP][PASSED] - Method.TextDegerineEsitElementeTikla(findTestObject("Filtreler/Butonlar"), Filtre_Buton): Method.TextDegerineEsitElementeTikla is PASSED

2021-11-23 17:07:30 - [MESSAGE][INFO] - Finding Test Object 'Object Repository/Filtreler/Butonlar'

2021-11-23 17:07:30 - [MESSAGE][INFO] - Checking timeout

2021-11-23 17:07:30 - [MESSAGE][INFO] - Finding web element with id: 'Object Repository/Filtreler/Butonlar' located by 'By.cssSelector: .dxb>span' in '10' second(s)

2021-11-23 17:07:30 - [MESSAGE][INFO] - Smart Wait Function is triggered

2021-11-23 17:07:30 - [MESSAGE][INFO] - Found 3 web elements with id: 'Object Repository/Filtreler/Butonlar' located by 'By.cssSelector: .dxb>span' in '10' second(s)

2021-11-23 17:07:30 - [MESSAGE][PASSED] - Method.TextDegerineEsitElementeTikla is PASSED

2021-11-23 17:07:30 - [MESSAGE][PASSED] - Call Test Case 'Test Cases/Filtreler/ButonaTikla' successfully

2021-11-23 17:07:30 - [MESSAGE][INFO] - Checking called Test Case

2021-11-23 17:07:30 - [MESSAGE][INFO] - Starting to call Test Case 'Test Cases/Tablo/TablodaVeriVarMi'

2021-11-23 17:07:30 - [TEST_CASE][PASSED] - Test Cases/Tablo/TablodaVeriVarMi: Test Cases/Tablo/TablodaVeriVarMi

2021-11-23 17:07:30 - [TEST_STEP][PASSED] - verifyTextNotPresent("Görüntülenecek veri yok", true): Text 'Görüntülenecek veri yok' is not present on page using regular expression

2021-11-23 17:07:30 - [MESSAGE][INFO] - Checking text present  using regular expression

2021-11-23 17:07:30 - [MESSAGE][INFO] - Smart Wait Function is triggered

2021-11-23 17:07:31 - [MESSAGE][INFO] - Finding text 'Görüntülenecek veri yok' on page  using regular expression

2021-11-23 17:07:31 - [MESSAGE][PASSED] - Text 'Görüntülenecek veri yok' is not present on page using regular expression

2021-11-23 17:07:31 - [MESSAGE][PASSED] - Call Test Case 'Test Cases/Tablo/TablodaVeriVarMi' successfully

2021-11-23 17:07:31 - [MESSAGE][INFO] - Checking called Test Case

2021-11-23 17:07:31 - [MESSAGE][INFO] - Starting to call Test Case 'Test Cases/Tablo/TablodaVeriBasariliMiArsiv'

2021-11-23 17:07:31 - [TEST_CASE][PASSED] - Test Cases/Tablo/TablodaVeriBasariliMiArsiv: Test Cases/Tablo/TablodaVeriBasariliMiArsiv

2021-11-23 17:07:31 - [TEST_STEP][PASSED] - sayac = 80: null

2021-11-23 17:07:31 - [TEST_STEP][PASSED] - while (verifyElementText(findTestObject("Object Repository/Tablo/DurumBilgisiArsiv"), "Henüz Sonuçlanmadı", OPTIONAL)): Actual text 'Başarılı' and expected text 'Henüz Sonuçlanmadı' of test object 'Object Repository/Tablo/DurumBilgisiArsiv' are NOT matched. (Root cause: com.kms.katalon.core.exception.StepFailedException: Actual text 'Başarılı' and expected text 'Henüz Sonuçlanmadı' of test object 'Object Repository/Tablo/DurumBilgisiArsiv' are NOT matched.
	at com.kms.katalon.core.webui.keyword.internal.WebUIKeywordMain.stepFailed(WebUIKeywordMain.groovy:64)
	at com.kms.katalon.core.webui.keyword.builtin.VerifyElementTextKeyword$_verifyElementText_closure1.doCall(VerifyElementTextKeyword.groovy:57)
	at com.kms.katalon.core.webui.keyword.builtin.VerifyElementTextKeyword$_verifyElementText_closure1.call(VerifyElementTextKeyword.groovy)
	at com.kms.katalon.core.webui.keyword.internal.WebUIKeywordMain.runKeyword(WebUIKeywordMain.groovy:20)
	at com.kms.katalon.core.webui.keyword.builtin.VerifyElementTextKeyword.verifyElementText(VerifyElementTextKeyword.groovy:72)
	at com.kms.katalon.core.webui.keyword.builtin.VerifyElementTextKeyword.execute(VerifyElementTextKeyword.groovy:40)
	at com.kms.katalon.core.keyword.internal.KeywordExecutor.executeKeywordForPlatform(KeywordExecutor.groovy:73)
	at com.kms.katalon.core.webui.keyword.WebUiBuiltInKeywords.verifyElementText(WebUiBuiltInKeywords.groovy:4733)
	at com.kms.katalon.core.webui.keyword.WebUiBuiltInKeywords$verifyElementText$20.call(Unknown Source)
	at TablodaVeriBasariliMiArsiv.run(TablodaVeriBasariliMiArsiv:22)
	at com.kms.katalon.core.main.ScriptEngine.run(ScriptEngine.java:194)
	at com.kms.katalon.core.main.ScriptEngine.runScriptAsRawText(ScriptEngine.java:119)
	at com.kms.katalon.core.main.TestCaseExecutor.runScript(TestCaseExecutor.java:369)
	at com.kms.katalon.core.main.TestCaseExecutor.doExecute(TestCaseExecutor.java:360)
	at com.kms.katalon.core.main.TestCaseExecutor.processExecutionPhase(TestCaseExecutor.java:339)
	at com.kms.katalon.core.main.TestCaseExecutor.accessMainPhase(TestCaseExecutor.java:331)
	at com.kms.katalon.core.main.TestCaseExecutor.execute(TestCaseExecutor.java:248)
	at com.kms.katalon.core.main.TestCaseMain.runTestCase(TestCaseMain.java:138)
	at com.kms.katalon.core.keyword.builtin.CallTestCaseKeyword$_callTestCase_closure1.doCall(CallTestCaseKeyword.groovy:59)
	at com.kms.katalon.core.keyword.builtin.CallTestCaseKeyword$_callTestCase_closure1.call(CallTestCaseKeyword.groovy)
	at com.kms.katalon.core.keyword.internal.KeywordMain.runKeyword(KeywordMain.groovy:68)
	at com.kms.katalon.core.keyword.builtin.CallTestCaseKeyword.callTestCase(CallTestCaseKeyword.groovy:81)
	at com.kms.katalon.core.keyword.builtin.CallTestCaseKeyword.execute(CallTestCaseKeyword.groovy:44)
	at com.kms.katalon.core.keyword.internal.KeywordExecutor.executeKeywordForPlatform(KeywordExecutor.groovy:73)
	at com.kms.katalon.core.keyword.BuiltinKeywords.callTestCase(BuiltinKeywords.groovy:334)
	at tablo.tablo.tablodaVeriBasariliMiArsiv(tablo.groovy:95)
	at cucumber.runtime.Utils$1.call(Utils.java:26)
	at cucumber.runtime.Timeout.timeout(Timeout.java:16)
	at cucumber.runtime.Utils.invoke(Utils.java:20)
	at cucumber.runtime.java.JavaStepDefinition.execute(JavaStepDefinition.java:49)
	at cucumber.runner.PickleStepDefinitionMatch.runStep(PickleStepDefinitionMatch.java:50)
	at cucumber.runner.TestStep.executeStep(TestStep.java:63)
	at cucumber.runner.TestStep.run(TestStep.java:49)
	at cucumber.runner.PickleStepTestStep.run(PickleStepTestStep.java:43)
	at cucumber.runner.TestCase.run(TestCase.java:44)
	at cucumber.runner.Runner.runPickle(Runner.java:40)
	at cucumber.runtime.Runtime$1.run(Runtime.java:84)
	at cucumber.runtime.Runtime$SameThreadExecutorService.execute(Runtime.java:220)
	at cucumber.runtime.Runtime.run(Runtime.java:81)
	at cucumber.api.cli.Main.run(Main.java:26)
	at cucumber.api.cli.Main$run.call(Unknown Source)
	at com.kms.katalon.core.cucumber.keyword.CucumberBuiltinKeywords$_runFeatureFile_closure1.doCall(CucumberBuiltinKeywords.groovy:106)
	at com.kms.katalon.core.cucumber.keyword.CucumberBuiltinKeywords$_runFeatureFile_closure1.doCall(CucumberBuiltinKeywords.groovy)
	at com.kms.katalon.core.keyword.internal.KeywordMain.runKeyword(KeywordMain.groovy:68)
	at com.kms.katalon.core.keyword.internal.KeywordMain$runKeyword.call(Unknown Source)
	at com.kms.katalon.core.cucumber.keyword.CucumberBuiltinKeywords.runFeatureFile(CucumberBuiltinKeywords.groovy:73)
	at com.kms.katalon.core.cucumber.keyword.CucumberBuiltinKeywords$runFeatureFile$0.callStatic(Unknown Source)
	at com.kms.katalon.core.cucumber.keyword.CucumberBuiltinKeywords.runFeatureFile(CucumberBuiltinKeywords.groovy:246)
	at com.kms.katalon.core.cucumber.keyword.CucumberBuiltinKeywords$runFeatureFile.call(Unknown Source)
	at VKN-Kagit-Satis.run(VKN-Kagit-Satis:19)
	at com.kms.katalon.core.main.ScriptEngine.run(ScriptEngine.java:194)
	at com.kms.katalon.core.main.ScriptEngine.runScriptAsRawText(ScriptEngine.java:119)
	at com.kms.katalon.core.main.TestCaseExecutor.runScript(TestCaseExecutor.java:369)
	at com.kms.katalon.core.main.TestCaseExecutor.doExecute(TestCaseExecutor.java:360)
	at com.kms.katalon.core.main.TestCaseExecutor.processExecutionPhase(TestCaseExecutor.java:339)
	at com.kms.katalon.core.main.TestCaseExecutor.accessMainPhase(TestCaseExecutor.java:331)
	at com.kms.katalon.core.main.TestCaseExecutor.execute(TestCaseExecutor.java:248)
	at com.kms.katalon.core.main.TestSuiteExecutor.accessTestCaseMainPhase(TestSuiteExecutor.java:191)
	at com.kms.katalon.core.main.TestSuiteExecutor.accessTestSuiteMainPhase(TestSuiteExecutor.java:140)
	at com.kms.katalon.core.main.TestSuiteExecutor.execute(TestSuiteExecutor.java:89)
	at com.kms.katalon.core.main.TestCaseMain.startTestSuite(TestCaseMain.java:181)
	at com.kms.katalon.core.main.TestCaseMain$startTestSuite$0.call(Unknown Source)
	at TempTestSuite1637674444414.run(TempTestSuite1637674444414.groovy:39)
)

2021-11-23 17:07:31 - [MESSAGE][INFO] - Finding Test Object 'Object Repository/Tablo/DurumBilgisiArsiv'

2021-11-23 17:07:31 - [MESSAGE][INFO] - Checking object

2021-11-23 17:07:31 - [MESSAGE][INFO] - Finding web element from Test Object's properties

2021-11-23 17:07:31 - [MESSAGE][INFO] - Checking timeout

2021-11-23 17:07:31 - [MESSAGE][INFO] - Finding web element with id: 'Object Repository/Tablo/DurumBilgisiArsiv' located by 'By.xpath: //*[@id = 'GridViewEArchiveInvoices_tccell0_9']' in '30' second(s)

2021-11-23 17:07:31 - [MESSAGE][INFO] - Smart Wait Function is triggered

2021-11-23 17:07:31 - [MESSAGE][INFO] - Found 1 web elements with id: 'Object Repository/Tablo/DurumBilgisiArsiv' located by 'By.xpath: //*[@id = 'GridViewEArchiveInvoices_tccell0_9']' in '30' second(s)

2021-11-23 17:07:31 - [MESSAGE][WARNING] - Actual text 'Başarılı' and expected text 'Henüz Sonuçlanmadı' of test object 'Object Repository/Tablo/DurumBilgisiArsiv' are NOT matched. (Root cause: com.kms.katalon.core.exception.StepFailedException: Actual text 'Başarılı' and expected text 'Henüz Sonuçlanmadı' of test object 'Object Repository/Tablo/DurumBilgisiArsiv' are NOT matched.
	at com.kms.katalon.core.webui.keyword.internal.WebUIKeywordMain.stepFailed(WebUIKeywordMain.groovy:64)
	at com.kms.katalon.core.webui.keyword.builtin.VerifyElementTextKeyword$_verifyElementText_closure1.doCall(VerifyElementTextKeyword.groovy:57)
	at com.kms.katalon.core.webui.keyword.builtin.VerifyElementTextKeyword$_verifyElementText_closure1.call(VerifyElementTextKeyword.groovy)
	at com.kms.katalon.core.webui.keyword.internal.WebUIKeywordMain.runKeyword(WebUIKeywordMain.groovy:20)
	at com.kms.katalon.core.webui.keyword.builtin.VerifyElementTextKeyword.verifyElementText(VerifyElementTextKeyword.groovy:72)
	at com.kms.katalon.core.webui.keyword.builtin.VerifyElementTextKeyword.execute(VerifyElementTextKeyword.groovy:40)
	at com.kms.katalon.core.keyword.internal.KeywordExecutor.executeKeywordForPlatform(KeywordExecutor.groovy:73)
	at com.kms.katalon.core.webui.keyword.WebUiBuiltInKeywords.verifyElementText(WebUiBuiltInKeywords.groovy:4733)
	at com.kms.katalon.core.webui.keyword.WebUiBuiltInKeywords$verifyElementText$20.call(Unknown Source)
	at TablodaVeriBasariliMiArsiv.run(TablodaVeriBasariliMiArsiv:22)
	at com.kms.katalon.core.main.ScriptEngine.run(ScriptEngine.java:194)
	at com.kms.katalon.core.main.ScriptEngine.runScriptAsRawText(ScriptEngine.java:119)
	at com.kms.katalon.core.main.TestCaseExecutor.runScript(TestCaseExecutor.java:369)
	at com.kms.katalon.core.main.TestCaseExecutor.doExecute(TestCaseExecutor.java:360)
	at com.kms.katalon.core.main.TestCaseExecutor.processExecutionPhase(TestCaseExecutor.java:339)
	at com.kms.katalon.core.main.TestCaseExecutor.accessMainPhase(TestCaseExecutor.java:331)
	at com.kms.katalon.core.main.TestCaseExecutor.execute(TestCaseExecutor.java:248)
	at com.kms.katalon.core.main.TestCaseMain.runTestCase(TestCaseMain.java:138)
	at com.kms.katalon.core.keyword.builtin.CallTestCaseKeyword$_callTestCase_closure1.doCall(CallTestCaseKeyword.groovy:59)
	at com.kms.katalon.core.keyword.builtin.CallTestCaseKeyword$_callTestCase_closure1.call(CallTestCaseKeyword.groovy)
	at com.kms.katalon.core.keyword.internal.KeywordMain.runKeyword(KeywordMain.groovy:68)
	at com.kms.katalon.core.keyword.builtin.CallTestCaseKeyword.callTestCase(CallTestCaseKeyword.groovy:81)
	at com.kms.katalon.core.keyword.builtin.CallTestCaseKeyword.execute(CallTestCaseKeyword.groovy:44)
	at com.kms.katalon.core.keyword.internal.KeywordExecutor.executeKeywordForPlatform(KeywordExecutor.groovy:73)
	at com.kms.katalon.core.keyword.BuiltinKeywords.callTestCase(BuiltinKeywords.groovy:334)
	at tablo.tablo.tablodaVeriBasariliMiArsiv(tablo.groovy:95)
	at cucumber.runtime.Utils$1.call(Utils.java:26)
	at cucumber.runtime.Timeout.timeout(Timeout.java:16)
	at cucumber.runtime.Utils.invoke(Utils.java:20)
	at cucumber.runtime.java.JavaStepDefinition.execute(JavaStepDefinition.java:49)
	at cucumber.runner.PickleStepDefinitionMatch.runStep(PickleStepDefinitionMatch.java:50)
	at cucumber.runner.TestStep.executeStep(TestStep.java:63)
	at cucumber.runner.TestStep.run(TestStep.java:49)
	at cucumber.runner.PickleStepTestStep.run(PickleStepTestStep.java:43)
	at cucumber.runner.TestCase.run(TestCase.java:44)
	at cucumber.runner.Runner.runPickle(Runner.java:40)
	at cucumber.runtime.Runtime$1.run(Runtime.java:84)
	at cucumber.runtime.Runtime$SameThreadExecutorService.execute(Runtime.java:220)
	at cucumber.runtime.Runtime.run(Runtime.java:81)
	at cucumber.api.cli.Main.run(Main.java:26)
	at cucumber.api.cli.Main$run.call(Unknown Source)
	at com.kms.katalon.core.cucumber.keyword.CucumberBuiltinKeywords$_runFeatureFile_closure1.doCall(CucumberBuiltinKeywords.groovy:106)
	at com.kms.katalon.core.cucumber.keyword.CucumberBuiltinKeywords$_runFeatureFile_closure1.doCall(CucumberBuiltinKeywords.groovy)
	at com.kms.katalon.core.keyword.internal.KeywordMain.runKeyword(KeywordMain.groovy:68)
	at com.kms.katalon.core.keyword.internal.KeywordMain$runKeyword.call(Unknown Source)
	at com.kms.katalon.core.cucumber.keyword.CucumberBuiltinKeywords.runFeatureFile(CucumberBuiltinKeywords.groovy:73)
	at com.kms.katalon.core.cucumber.keyword.CucumberBuiltinKeywords$runFeatureFile$0.callStatic(Unknown Source)
	at com.kms.katalon.core.cucumber.keyword.CucumberBuiltinKeywords.runFeatureFile(CucumberBuiltinKeywords.groovy:246)
	at com.kms.katalon.core.cucumber.keyword.CucumberBuiltinKeywords$runFeatureFile.call(Unknown Source)
	at VKN-Kagit-Satis.run(VKN-Kagit-Satis:19)
	at com.kms.katalon.core.main.ScriptEngine.run(ScriptEngine.java:194)
	at com.kms.katalon.core.main.ScriptEngine.runScriptAsRawText(ScriptEngine.java:119)
	at com.kms.katalon.core.main.TestCaseExecutor.runScript(TestCaseExecutor.java:369)
	at com.kms.katalon.core.main.TestCaseExecutor.doExecute(TestCaseExecutor.java:360)
	at com.kms.katalon.core.main.TestCaseExecutor.processExecutionPhase(TestCaseExecutor.java:339)
	at com.kms.katalon.core.main.TestCaseExecutor.accessMainPhase(TestCaseExecutor.java:331)
	at com.kms.katalon.core.main.TestCaseExecutor.execute(TestCaseExecutor.java:248)
	at com.kms.katalon.core.main.TestSuiteExecutor.accessTestCaseMainPhase(TestSuiteExecutor.java:191)
	at com.kms.katalon.core.main.TestSuiteExecutor.accessTestSuiteMainPhase(TestSuiteExecutor.java:140)
	at com.kms.katalon.core.main.TestSuiteExecutor.execute(TestSuiteExecutor.java:89)
	at com.kms.katalon.core.main.TestCaseMain.startTestSuite(TestCaseMain.java:181)
	at com.kms.katalon.core.main.TestCaseMain$startTestSuite$0.call(Unknown Source)
	at TempTestSuite1637674444414.run(TempTestSuite1637674444414.groovy:39)
)

2021-11-23 17:07:31 - [TEST_STEP][PASSED] - Method.TextDegerineEsitElementVarMi(findTestObject("Object Repository/Tablo/DurumBilgisiArsiv"), "Başarılı"): Method.TextDegerineEsitElementVarMi is PASSED

2021-11-23 17:07:31 - [MESSAGE][INFO] - Finding Test Object 'Object Repository/Tablo/DurumBilgisiArsiv'

2021-11-23 17:07:31 - [MESSAGE][INFO] - Checking timeout

2021-11-23 17:07:31 - [MESSAGE][INFO] - Finding web element with id: 'Object Repository/Tablo/DurumBilgisiArsiv' located by 'By.xpath: //*[@id = 'GridViewEArchiveInvoices_tccell0_9']' in '10' second(s)

2021-11-23 17:07:31 - [MESSAGE][INFO] - Smart Wait Function is triggered

2021-11-23 17:07:31 - [MESSAGE][INFO] - Found 1 web elements with id: 'Object Repository/Tablo/DurumBilgisiArsiv' located by 'By.xpath: //*[@id = 'GridViewEArchiveInvoices_tccell0_9']' in '10' second(s)

2021-11-23 17:07:31 - [MESSAGE][PASSED] - Method.TextDegerineEsitElementVarMi is PASSED

2021-11-23 17:07:31 - [MESSAGE][PASSED] - Call Test Case 'Test Cases/Tablo/TablodaVeriBasariliMiArsiv' successfully

2021-11-23 17:07:31 - [MESSAGE][INFO] - Checking called Test Case

2021-11-23 17:07:31 - [MESSAGE][INFO] - Starting to call Test Case 'Test Cases/Kullanici_Islemleri/KullaniciIslemlerindenSecimYapilir'

2021-11-23 17:07:31 - [TEST_CASE][PASSED] - Test Cases/Kullanici_Islemleri/KullaniciIslemlerindenSecimYapilir: Test Cases/Kullanici_Islemleri/KullaniciIslemlerindenSecimYapilir

2021-11-23 17:07:31 - [TEST_STEP][PASSED] - waitForElementClickable(findTestObject("Object Repository/Kullanici_Islemleri/KullaniciIslemleri"), 10): Object 'Object Repository/Kullanici_Islemleri/KullaniciIslemleri' is clickable

2021-11-23 17:07:31 - [MESSAGE][INFO] - Finding Test Object 'Object Repository/Kullanici_Islemleri/KullaniciIslemleri'

2021-11-23 17:07:32 - [MESSAGE][INFO] - Checking object

2021-11-23 17:07:32 - [MESSAGE][INFO] - Checking timeout

2021-11-23 17:07:32 - [MESSAGE][INFO] - Finding web element from Test Object's properties

2021-11-23 17:07:32 - [MESSAGE][INFO] - Checking timeout

2021-11-23 17:07:32 - [MESSAGE][INFO] - Finding web element with id: 'Object Repository/Kullanici_Islemleri/KullaniciIslemleri' located by 'By.cssSelector: .dropdown>a>img' in '10' second(s)

2021-11-23 17:07:32 - [MESSAGE][INFO] - Smart Wait Function is triggered

2021-11-23 17:07:32 - [MESSAGE][INFO] - Found 1 web elements with id: 'Object Repository/Kullanici_Islemleri/KullaniciIslemleri' located by 'By.cssSelector: .dropdown>a>img' in '10' second(s)

2021-11-23 17:07:32 - [MESSAGE][PASSED] - Object 'Object Repository/Kullanici_Islemleri/KullaniciIslemleri' is clickable

2021-11-23 17:07:32 - [TEST_STEP][PASSED] - click(findTestObject("Object Repository/Kullanici_Islemleri/KullaniciIslemleri")): Object: 'Object Repository/Kullanici_Islemleri/KullaniciIslemleri' is clicked on

2021-11-23 17:07:32 - [MESSAGE][INFO] - Finding Test Object 'Object Repository/Kullanici_Islemleri/KullaniciIslemleri'

2021-11-23 17:07:32 - [MESSAGE][INFO] - Checking object

2021-11-23 17:07:32 - [MESSAGE][INFO] - Finding web element from Test Object's properties

2021-11-23 17:07:32 - [MESSAGE][INFO] - Checking timeout

2021-11-23 17:07:32 - [MESSAGE][INFO] - Finding web element with id: 'Object Repository/Kullanici_Islemleri/KullaniciIslemleri' located by 'By.cssSelector: .dropdown>a>img' in '30' second(s)

2021-11-23 17:07:32 - [MESSAGE][INFO] - Smart Wait Function is triggered

2021-11-23 17:07:32 - [MESSAGE][INFO] - Found 1 web elements with id: 'Object Repository/Kullanici_Islemleri/KullaniciIslemleri' located by 'By.cssSelector: .dropdown>a>img' in '30' second(s)

2021-11-23 17:07:32 - [MESSAGE][INFO] - Clicking on object: 'Object Repository/Kullanici_Islemleri/KullaniciIslemleri'

2021-11-23 17:07:32 - [MESSAGE][PASSED] - Object: 'Object Repository/Kullanici_Islemleri/KullaniciIslemleri' is clicked on

2021-11-23 17:07:32 - [TEST_STEP][PASSED] - Method.TextDegerineEsitElementeTikla(findTestObject("Object Repository/Kullanici_Islemleri/Secenekler"), Islem): Method.TextDegerineEsitElementeTikla is PASSED

2021-11-23 17:07:32 - [MESSAGE][INFO] - Finding Test Object 'Object Repository/Kullanici_Islemleri/Secenekler'

2021-11-23 17:07:32 - [MESSAGE][INFO] - Checking timeout

2021-11-23 17:07:32 - [MESSAGE][INFO] - Finding web element with id: 'Object Repository/Kullanici_Islemleri/Secenekler' located by 'By.cssSelector: .nav.navbar-nav.navbar-right li a' in '10' second(s)

2021-11-23 17:07:32 - [MESSAGE][INFO] - Smart Wait Function is triggered

2021-11-23 17:07:33 - [MESSAGE][INFO] - Found 20 web elements with id: 'Object Repository/Kullanici_Islemleri/Secenekler' located by 'By.cssSelector: .nav.navbar-nav.navbar-right li a' in '10' second(s)

2021-11-23 17:07:34 - [MESSAGE][PASSED] - Method.TextDegerineEsitElementeTikla is PASSED

2021-11-23 17:07:34 - [TEST_STEP][PASSED] - verifyElementNotPresent(findTestObject("Object Repository/Kullanici_Islemleri/Secenekler"), 10): Web element with id: 'Object Repository/Kullanici_Islemleri/Secenekler' located by 'By.cssSelector: .nav.navbar-nav.navbar-right li a' is not present after '10' second(s)

2021-11-23 17:07:34 - [MESSAGE][INFO] - Finding Test Object 'Object Repository/Kullanici_Islemleri/Secenekler'

2021-11-23 17:07:34 - [MESSAGE][INFO] - Checking object

2021-11-23 17:07:34 - [MESSAGE][INFO] - Checking timeout

2021-11-23 17:07:34 - [MESSAGE][INFO] - Finding web element with id: 'Object Repository/Kullanici_Islemleri/Secenekler' located by 'By.cssSelector: .nav.navbar-nav.navbar-right li a' in '10' second(s)

2021-11-23 17:07:34 - [MESSAGE][INFO] - Smart Wait Function is triggered

2021-11-23 17:07:34 - [MESSAGE][PASSED] - Web element with id: 'Object Repository/Kullanici_Islemleri/Secenekler' located by 'By.cssSelector: .nav.navbar-nav.navbar-right li a' is not present after '10' second(s)

2021-11-23 17:07:34 - [MESSAGE][PASSED] - Call Test Case 'Test Cases/Kullanici_Islemleri/KullaniciIslemlerindenSecimYapilir' successfully

2021-11-23 17:07:34 - [TEST_CASE][PASSED] - Start Test Case : SCENARIO Gonderim tipi Kagit ve Satis tipinde e-Arsiv faturasi olusturulmasi: SCENARIO Gonderim tipi Kagit ve Satis tipinde e-Arsiv faturasi olusturulmasi

2021-11-23 17:07:34 - [TEST_STEP][PASSED] - Kullanıcı adı EARSATIS ve Şifre test1234 olarak giriş yapılır: Kullanıcı adı EARSATIS ve Şifre test1234 olarak giriş yapılır

2021-11-23 17:07:34 - [MESSAGE][PASSED] - Kullanıcı adı EARSATIS ve Şifre test1234 olarak giriş yapılır

2021-11-23 17:07:35 - [TEST_STEP][PASSED] - Ana menüden e-Arşiv seçilir: Ana menüden e-Arşiv seçilir

2021-11-23 17:07:35 - [MESSAGE][PASSED] - Ana menüden e-Arşiv seçilir

2021-11-23 17:07:35 - [TEST_STEP][PASSED] - Alt menü e-Arşiv Araçları başlığı altındaki e-Arşiv Fatura Oluşturma seçilir: Alt menü e-Arşiv Araçları başlığı altındaki e-Arşiv Fatura Oluşturma seçilir

2021-11-23 17:07:35 - [MESSAGE][PASSED] - Alt menü e-Arşiv Araçları başlığı altındaki e-Arşiv Fatura Oluşturma seçilir

2021-11-23 17:07:35 - [TEST_STEP][PASSED] - Tablodaki tüm veriler silinir: Tablodaki tüm veriler silinir

2021-11-23 17:07:35 - [MESSAGE][PASSED] - Tablodaki tüm veriler silinir

2021-11-23 17:07:35 - [TEST_STEP][PASSED] - Butonlardan Ekle isimli butona tıklanır: Butonlardan Ekle isimli butona tıklanır

2021-11-23 17:07:35 - [MESSAGE][PASSED] - Butonlardan Ekle isimli butona tıklanır

2021-11-23 17:07:35 - [TEST_STEP][PASSED] - Görsel tasarım sayfasının e-Arşiv Fatura Bilgileri başlığını içerdiği kontrol edilir: Görsel tasarım sayfasının e-Arşiv Fatura Bilgileri başlığını içerdiği kontrol edilir

2021-11-23 17:07:35 - [MESSAGE][PASSED] - Görsel tasarım sayfasının e-Arşiv Fatura Bilgileri başlığını içerdiği kontrol edilir

2021-11-23 17:07:35 - [TEST_STEP][PASSED] - Alıcı adı alanına UC0015 girilir: Alıcı adı alanına UC0015 girilir

2021-11-23 17:07:35 - [MESSAGE][PASSED] - Alıcı adı alanına UC0015 girilir

2021-11-23 17:07:35 - [TEST_STEP][PASSED] - Gönderim Şekli Kağıt olarak seçilir: Gönderim Şekli Kağıt olarak seçilir

2021-11-23 17:07:35 - [MESSAGE][PASSED] - Gönderim Şekli Kağıt olarak seçilir

2021-11-23 17:07:35 - [TEST_STEP][PASSED] - Tip alanından Satış seçilir: Tip alanından Satış seçilir

2021-11-23 17:07:35 - [MESSAGE][PASSED] - Tip alanından Satış seçilir

2021-11-23 17:07:35 - [TEST_STEP][PASSED] - Döküman Para Birimi alanından Türk Lirası seçilir: Döküman Para Birimi alanından Türk Lirası seçilir

2021-11-23 17:07:35 - [MESSAGE][PASSED] - Döküman Para Birimi alanından Türk Lirası seçilir

2021-11-23 17:07:35 - [TEST_STEP][PASSED] - Ön Ek EAR olarak seçilir: Ön Ek EAR olarak seçilir

2021-11-23 17:07:35 - [MESSAGE][PASSED] - Ön Ek EAR olarak seçilir

2021-11-23 17:07:35 - [TEST_STEP][PASSED] - Tasarım alanından Otomasyon seçilir: Tasarım alanından Otomasyon seçilir

2021-11-23 17:07:35 - [MESSAGE][PASSED] - Tasarım alanından Otomasyon seçilir

2021-11-23 17:07:35 - [TEST_STEP][PASSED] - Sipariş bilgileri UUC-SAT-1200001 ve 31.04.2020 olarak girilir: Sipariş bilgileri UUC-SAT-1200001 ve 31.04.2020 olarak girilir

2021-11-23 17:07:35 - [MESSAGE][PASSED] - Sipariş bilgileri UUC-SAT-1200001 ve 31.04.2020 olarak girilir

2021-11-23 17:07:35 - [TEST_STEP][PASSED] - İrsaliye Bilgileri AAAAAAAAAA,31.04.2020 olarak girilir: İrsaliye Bilgileri AAAAAAAAAA,31.04.2020 olarak girilir

2021-11-23 17:07:35 - [MESSAGE][PASSED] - İrsaliye Bilgileri AAAAAAAAAA,31.04.2020 olarak girilir

2021-11-23 17:07:35 - [TEST_STEP][PASSED] - Ekle butonuna basılır: Ekle butonuna basılır

2021-11-23 17:07:35 - [MESSAGE][PASSED] - Ekle butonuna basılır

2021-11-23 17:07:35 - [TEST_STEP][PASSED] - Ürün ekleme alanında Mal/Hizmet başlığına Otomasyon girilir: Ürün ekleme alanında Mal/Hizmet başlığına Otomasyon girilir

2021-11-23 17:07:35 - [MESSAGE][PASSED] - Ürün ekleme alanında Mal/Hizmet başlığına Otomasyon girilir

2021-11-23 17:07:35 - [TEST_STEP][PASSED] - Ürün ekleme alanında Açıklaması başlığına Virgosol girilir: Ürün ekleme alanında Açıklaması başlığına Virgosol girilir

2021-11-23 17:07:35 - [MESSAGE][PASSED] - Ürün ekleme alanında Açıklaması başlığına Virgosol girilir

2021-11-23 17:07:35 - [TEST_STEP][PASSED] - Ürün ekleme alanında Miktarı başlığına 400 girilir: Ürün ekleme alanında Miktarı başlığına 400 girilir

2021-11-23 17:07:35 - [MESSAGE][PASSED] - Ürün ekleme alanında Miktarı başlığına 400 girilir

2021-11-23 17:07:35 - [TEST_STEP][PASSED] - Ürün ekleme alanında Birim Fiyat başlığına 100 girilir: Ürün ekleme alanında Birim Fiyat başlığına 100 girilir

2021-11-23 17:07:35 - [MESSAGE][PASSED] - Ürün ekleme alanında Birim Fiyat başlığına 100 girilir

2021-11-23 17:07:35 - [TEST_STEP][PASSED] - Ürün ekleme alanında İskonto Oranı % başlığına 10 girilir: Ürün ekleme alanında İskonto Oranı % başlığına 10 girilir

2021-11-23 17:07:35 - [MESSAGE][PASSED] - Ürün ekleme alanında İskonto Oranı % başlığına 10 girilir

2021-11-23 17:07:35 - [TEST_STEP][PASSED] - Notlar alanına Otomasyon Not girilir: Notlar alanına Otomasyon Not girilir

2021-11-23 17:07:35 - [MESSAGE][PASSED] - Notlar alanına Otomasyon Not girilir

2021-11-23 17:07:35 - [TEST_STEP][PASSED] - Ettn bilgisi kayıt edilir: Ettn bilgisi kayıt edilir

2021-11-23 17:07:35 - [MESSAGE][PASSED] - Ettn bilgisi kayıt edilir

2021-11-23 17:07:35 - [TEST_STEP][PASSED] - Kaydet butonu seçilir: Kaydet butonu seçilir

2021-11-23 17:07:35 - [MESSAGE][PASSED] - Kaydet butonu seçilir

2021-11-23 17:07:35 - [TEST_STEP][PASSED] - Tabloda Ettn bilgisi kaydedilen veri oluşturuldu mu: Tabloda Ettn bilgisi kaydedilen veri oluşturuldu mu

2021-11-23 17:07:35 - [MESSAGE][PASSED] - Tabloda Ettn bilgisi kaydedilen veri oluşturuldu mu

2021-11-23 17:07:35 - [TEST_STEP][PASSED] - Tablodan Ettn bilgisi kaydedilen veri seçilir: Tablodan Ettn bilgisi kaydedilen veri seçilir

2021-11-23 17:07:35 - [MESSAGE][PASSED] - Tablodan Ettn bilgisi kaydedilen veri seçilir

2021-11-23 17:07:35 - [TEST_STEP][PASSED] - Butonlardan Numara Oluştur isimli butona tıklanır: Butonlardan Numara Oluştur isimli butona tıklanır

2021-11-23 17:07:35 - [MESSAGE][PASSED] - Butonlardan Numara Oluştur isimli butona tıklanır

2021-11-23 17:07:35 - [TEST_STEP][PASSED] - Popup mesajı Devam etmek istiyor musunuz içeriyor mu: Popup mesajı Devam etmek istiyor musunuz içeriyor mu

2021-11-23 17:07:35 - [MESSAGE][PASSED] - Popup mesajı Devam etmek istiyor musunuz içeriyor mu

2021-11-23 17:07:35 - [TEST_STEP][PASSED] - Yönetim popupında Evet seçilir: Yönetim popupında Evet seçilir

2021-11-23 17:07:35 - [MESSAGE][PASSED] - Yönetim popupında Evet seçilir

2021-11-23 17:07:35 - [TEST_STEP][PASSED] - Popup mesajı oluşmuştur içeriyor mu: Popup mesajı oluşmuştur içeriyor mu

2021-11-23 17:07:35 - [MESSAGE][PASSED] - Popup mesajı oluşmuştur içeriyor mu

2021-11-23 17:07:35 - [TEST_STEP][PASSED] - Yönetim popupında Tamam seçilir: Yönetim popupında Tamam seçilir

2021-11-23 17:07:35 - [MESSAGE][PASSED] - Yönetim popupında Tamam seçilir

2021-11-23 17:07:35 - [TEST_STEP][PASSED] - Tablodan Ettn bilgisi kaydedilen veri seçilir: Tablodan Ettn bilgisi kaydedilen veri seçilir

2021-11-23 17:07:35 - [MESSAGE][PASSED] - Tablodan Ettn bilgisi kaydedilen veri seçilir

2021-11-23 17:07:35 - [TEST_STEP][PASSED] - Butonlardan Gönder isimli butona tıklanır: Butonlardan Gönder isimli butona tıklanır

2021-11-23 17:07:35 - [MESSAGE][PASSED] - Butonlardan Gönder isimli butona tıklanır

2021-11-23 17:07:35 - [TEST_STEP][PASSED] - Popup mesajı Devam etmek istiyor musunuz içeriyor mu: Popup mesajı Devam etmek istiyor musunuz içeriyor mu

2021-11-23 17:07:35 - [MESSAGE][PASSED] - Popup mesajı Devam etmek istiyor musunuz içeriyor mu

2021-11-23 17:07:35 - [TEST_STEP][PASSED] - Yönetim popupında Evet seçilir: Yönetim popupında Evet seçilir

2021-11-23 17:07:35 - [MESSAGE][PASSED] - Yönetim popupında Evet seçilir

2021-11-23 17:07:35 - [TEST_STEP][PASSED] - Ana menüden e-Arşiv seçilir: Ana menüden e-Arşiv seçilir

2021-11-23 17:07:35 - [MESSAGE][PASSED] - Ana menüden e-Arşiv seçilir

2021-11-23 17:07:35 - [TEST_STEP][PASSED] - Alt menü e-Arşiv Hareketleri başlığı altındaki e-Arşiv Faturaları seçilir: Alt menü e-Arşiv Hareketleri başlığı altındaki e-Arşiv Faturaları seçilir

2021-11-23 17:07:35 - [MESSAGE][PASSED] - Alt menü e-Arşiv Hareketleri başlığı altındaki e-Arşiv Faturaları seçilir

2021-11-23 17:07:35 - [TEST_STEP][PASSED] - Filtrelerden Ettn filtresine Ettn bilgisi yaz: Filtrelerden Ettn filtresine Ettn bilgisi yaz

2021-11-23 17:07:35 - [MESSAGE][PASSED] - Filtrelerden Ettn filtresine Ettn bilgisi yaz

2021-11-23 17:07:35 - [TEST_STEP][PASSED] - Filtre butonlarından Listele seçilir: Filtre butonlarından Listele seçilir

2021-11-23 17:07:35 - [MESSAGE][PASSED] - Filtre butonlarından Listele seçilir

2021-11-23 17:07:35 - [TEST_STEP][PASSED] - Tabloda veri var mı kontrol edilir: Tabloda veri var mı kontrol edilir

2021-11-23 17:07:35 - [MESSAGE][PASSED] - Tabloda veri var mı kontrol edilir

2021-11-23 17:07:35 - [TEST_STEP][PASSED] - Tabloda yeni oluşturulan eArsiv verisi başarılı mı: Tabloda yeni oluşturulan eArsiv verisi başarılı mı

2021-11-23 17:07:35 - [MESSAGE][PASSED] - Tabloda yeni oluşturulan eArsiv verisi başarılı mı

2021-11-23 17:07:35 - [TEST_STEP][PASSED] - Kullanıcı işlemlerinden Çıkış seçilir: Kullanıcı işlemlerinden Çıkış seçilir

2021-11-23 17:07:35 - [MESSAGE][PASSED] - Kullanıcı işlemlerinden Çıkış seçilir

2021-11-23 17:07:35 - [MESSAGE][PASSED] - Feature file: 'Include/features/Regresyon/e-Arsiv/VKN-Kagit-Satis.feature' was passed

2021-11-23 17:07:35 - [TEST_STEP][PASSED] - Start listener action : sampleAfterTestSuite: Invoke 'com.kms.katalon.core.annotation.AfterTestCase' method: 'Listener.sampleAfterTestSuite(...)' completed.

2021-11-23 17:07:35 - [MESSAGE][INFO] - Starting invoke 'com.kms.katalon.core.annotation.AfterTestCase' method: 'Listener.sampleAfterTestSuite(...)'

2021-11-23 17:07:35 - [TEST_STEP][PASSED] - closeBrowser(): Invoke 'com.kms.katalon.core.annotation.AfterTestCase' method: 'Listener.sampleAfterTestSuite(...)' completed.

2021-11-23 17:07:35 - [MESSAGE][INFO] - Closing browser

2021-11-23 17:07:35 - [MESSAGE][PASSED] - Browser is closed

2021-11-23 17:07:35 - [MESSAGE][INFO] - Invoke 'com.kms.katalon.core.annotation.AfterTestCase' method: 'Listener.sampleAfterTestSuite(...)' completed.]]></system-out>
         <system-err><![CDATA[]]></system-err>
      </testcase>
      <testcase name="Test Cases/Case Repository/Regresyon/e-Arsiv/VKN-Kagit-Tevkifat" time="123.377" classname="Test Cases/Case Repository/Regresyon/e-Arsiv/VKN-Kagit-Tevkifat" status="PASSED">
         <system-out><![CDATA[2021-11-23 17:07:35 - [TEST_CASE][PASSED] - Test Cases/Case Repository/Regresyon/e-Arsiv/VKN-Kagit-Tevkifat: Test Cases/Case Repository/Regresyon/e-Arsiv/VKN-Kagit-Tevkifat

2021-11-23 17:07:35 - [TEST_STEP][PASSED] - Start listener action : sampleBeforeTestSuite: Invoke 'com.kms.katalon.core.annotation.BeforeTestCase' method: 'Listener.sampleBeforeTestSuite(...)' completed.

2021-11-23 17:07:35 - [MESSAGE][INFO] - Starting invoke 'com.kms.katalon.core.annotation.BeforeTestCase' method: 'Listener.sampleBeforeTestSuite(...)'

2021-11-23 17:07:35 - [TEST_STEP][PASSED] - openBrowser(baseUrl): Browser is opened with url: 'https://efatura-stage.elogo.com.tr/'

2021-11-23 17:07:35 - [MESSAGE][INFO] - Opening browser

2021-11-23 17:07:35 - [MESSAGE][INFO] - Starting 'Chrome' driver

2021-11-23 17:07:35 - [MESSAGE][INFO] - User set preference: ['prefs', '{download.default_directory=C:\otomasyondownfiles}']

2021-11-23 17:07:35 - [MESSAGE][INFO] - Action delay is set to 0 milliseconds

2021-11-23 17:07:37 - [MESSAGE][INFO] - Navigating browser to: 'https://efatura-stage.elogo.com.tr/'

2021-11-23 17:07:39 - [MESSAGE][PASSED] - Browser is opened with url: 'https://efatura-stage.elogo.com.tr/'

2021-11-23 17:07:39 - [TEST_STEP][PASSED] - maximizeWindow(): Invoke 'com.kms.katalon.core.annotation.BeforeTestCase' method: 'Listener.sampleBeforeTestSuite(...)' completed.

2021-11-23 17:07:39 - [MESSAGE][INFO] - Maximizing current window

2021-11-23 17:07:39 - [MESSAGE][PASSED] - Current window maximized

2021-11-23 17:07:39 - [MESSAGE][INFO] - Invoke 'com.kms.katalon.core.annotation.BeforeTestCase' method: 'Listener.sampleBeforeTestSuite(...)' completed.

2021-11-23 17:07:40 - [TEST_STEP][PASSED] - runFeatureFile("Include/features/Regresyon/e-Arsiv/VKN-Kagit-Tevkifat.feature"): Feature file: 'Include/features/Regresyon/e-Arsiv/VKN-Kagit-Tevkifat.feature' was passed

2021-11-23 17:07:40 - [MESSAGE][INFO] - Starting run keyword runFeatureFile: 'Include/features/Regresyon/e-Arsiv/VKN-Kagit-Tevkifat.feature' and extract report to folder: 'C:\Users\DELL\Documents\GitHub\EES_KatalonLogo\Reports\20211123_163326\Suite Repository\Regresyon-eArsiv-eMakbuz\20211123_163404/cucumber_report/1637676460189'...

2021-11-23 17:07:40 - [MESSAGE][INFO] - Glue: []

2021-11-23 17:07:43 - [MESSAGE][INFO] - Checking called Test Case

2021-11-23 17:07:43 - [MESSAGE][INFO] - Starting to call Test Case 'Test Cases/Sayfalar/Giris_Sayfasi/Login'

2021-11-23 17:07:43 - [TEST_CASE][PASSED] - Test Cases/Sayfalar/Giris_Sayfasi/Login: Test Cases/Sayfalar/Giris_Sayfasi/Login

2021-11-23 17:07:43 - [TEST_STEP][PASSED] - Sayfa_Basligi = getWindowTitle(): Current window's title is: 'LOGO e-Fatura'

2021-11-23 17:07:43 - [MESSAGE][INFO] - Getting current window's title

2021-11-23 17:07:43 - [MESSAGE][PASSED] - Current window's title is: 'LOGO e-Fatura'

2021-11-23 17:07:43 - [TEST_STEP][PASSED] - verifyMatch(Sayfa_Basligi, "LOGO e-Fatura", false): Actual text 'LOGO e-Fatura' and expected text 'LOGO e-Fatura' are matched 

2021-11-23 17:07:43 - [MESSAGE][INFO] - Matching actual text 'LOGO e-Fatura' with expected text 'LOGO e-Fatura'

2021-11-23 17:07:43 - [MESSAGE][PASSED] - Actual text 'LOGO e-Fatura' and expected text 'LOGO e-Fatura' are matched 

2021-11-23 17:07:43 - [TEST_STEP][PASSED] - sendKeys(findTestObject("Sayfalar/Giris_Sayfasi/Firma_Kodu"), KullaniciAdi): Keys 'EARTEVKIFAT' sent to object: 'Object Repository/Sayfalar/Giris_Sayfasi/Firma_Kodu'

2021-11-23 17:07:43 - [MESSAGE][INFO] - Finding Test Object 'Object Repository/Sayfalar/Giris_Sayfasi/Firma_Kodu'

2021-11-23 17:07:43 - [MESSAGE][INFO] - Sending keys 'EARTEVKIFAT' to object: 'Object Repository/Sayfalar/Giris_Sayfasi/Firma_Kodu'

2021-11-23 17:07:43 - [MESSAGE][INFO] - Finding web element from Test Object's properties

2021-11-23 17:07:43 - [MESSAGE][INFO] - Checking timeout

2021-11-23 17:07:43 - [MESSAGE][INFO] - Finding web element with id: 'Object Repository/Sayfalar/Giris_Sayfasi/Firma_Kodu' located by 'By.xpath: //*[@id = 'AccountName']' in '30' second(s)

2021-11-23 17:07:43 - [MESSAGE][INFO] - Smart Wait Function is triggered

2021-11-23 17:07:43 - [MESSAGE][INFO] - Found 1 web elements with id: 'Object Repository/Sayfalar/Giris_Sayfasi/Firma_Kodu' located by 'By.xpath: //*[@id = 'AccountName']' in '30' second(s)

2021-11-23 17:07:43 - [MESSAGE][PASSED] - Keys 'EARTEVKIFAT' sent to object: 'Object Repository/Sayfalar/Giris_Sayfasi/Firma_Kodu'

2021-11-23 17:07:43 - [TEST_STEP][PASSED] - sendKeys(findTestObject("Sayfalar/Giris_Sayfasi/Sifre"), Sifre): Keys 'test1234' sent to object: 'Object Repository/Sayfalar/Giris_Sayfasi/Sifre'

2021-11-23 17:07:43 - [MESSAGE][INFO] - Finding Test Object 'Object Repository/Sayfalar/Giris_Sayfasi/Sifre'

2021-11-23 17:07:43 - [MESSAGE][INFO] - Sending keys 'test1234' to object: 'Object Repository/Sayfalar/Giris_Sayfasi/Sifre'

2021-11-23 17:07:43 - [MESSAGE][INFO] - Finding web element from Test Object's properties

2021-11-23 17:07:43 - [MESSAGE][INFO] - Checking timeout

2021-11-23 17:07:43 - [MESSAGE][INFO] - Finding web element with id: 'Object Repository/Sayfalar/Giris_Sayfasi/Sifre' located by 'By.xpath: //*[@id = 'Password']' in '30' second(s)

2021-11-23 17:07:43 - [MESSAGE][INFO] - Smart Wait Function is triggered

2021-11-23 17:07:44 - [MESSAGE][INFO] - Found 1 web elements with id: 'Object Repository/Sayfalar/Giris_Sayfasi/Sifre' located by 'By.xpath: //*[@id = 'Password']' in '30' second(s)

2021-11-23 17:07:44 - [MESSAGE][PASSED] - Keys 'test1234' sent to object: 'Object Repository/Sayfalar/Giris_Sayfasi/Sifre'

2021-11-23 17:07:44 - [TEST_STEP][PASSED] - findWebElement(findTestObject("Sayfalar/Giris_Sayfasi/Giris_Butonu")).click(): Found 1 web elements with id: 'Object Repository/Sayfalar/Giris_Sayfasi/Giris_Butonu' located by 'By.cssSelector: #btnLogin' in '30' second(s)

2021-11-23 17:07:44 - [MESSAGE][INFO] - Finding Test Object 'Object Repository/Sayfalar/Giris_Sayfasi/Giris_Butonu'

2021-11-23 17:07:44 - [MESSAGE][INFO] - Finding web element from Test Object's properties

2021-11-23 17:07:44 - [MESSAGE][INFO] - Checking timeout

2021-11-23 17:07:44 - [MESSAGE][INFO] - Finding web element with id: 'Object Repository/Sayfalar/Giris_Sayfasi/Giris_Butonu' located by 'By.cssSelector: #btnLogin' in '30' second(s)

2021-11-23 17:07:44 - [MESSAGE][INFO] - Smart Wait Function is triggered

2021-11-23 17:07:44 - [MESSAGE][INFO] - Found 1 web elements with id: 'Object Repository/Sayfalar/Giris_Sayfasi/Giris_Butonu' located by 'By.cssSelector: #btnLogin' in '30' second(s)

2021-11-23 17:07:46 - [TEST_STEP][PASSED] - if (verifyElementPresent(findTestObject("Object Repository/Sayfalar/Giris_Sayfasi/RetveTamam_Butonu"), 5, OPTIONAL)): null

2021-11-23 17:07:46 - [MESSAGE][INFO] - Finding Test Object 'Object Repository/Sayfalar/Giris_Sayfasi/RetveTamam_Butonu'

2021-11-23 17:07:46 - [MESSAGE][INFO] - Checking object

2021-11-23 17:07:46 - [MESSAGE][INFO] - Finding web element from Test Object's properties

2021-11-23 17:07:46 - [MESSAGE][INFO] - Checking timeout

2021-11-23 17:07:46 - [MESSAGE][INFO] - Finding web element with id: 'Object Repository/Sayfalar/Giris_Sayfasi/RetveTamam_Butonu' located by 'By.xpath: //*[@class = 'btn btn-default']' in '5' second(s)

2021-11-23 17:07:46 - [MESSAGE][INFO] - Smart Wait Function is triggered

2021-11-23 17:07:46 - [MESSAGE][INFO] - Found 1 web elements with id: 'Object Repository/Sayfalar/Giris_Sayfasi/RetveTamam_Butonu' located by 'By.xpath: //*[@class = 'btn btn-default']' in '5' second(s)

2021-11-23 17:07:46 - [MESSAGE][PASSED] - Object 'Object Repository/Sayfalar/Giris_Sayfasi/RetveTamam_Butonu' is present

2021-11-23 17:07:46 - [TEST_STEP][PASSED] - click(findTestObject("Object Repository/Sayfalar/Giris_Sayfasi/RetveTamam_Butonu")): Object: 'Object Repository/Sayfalar/Giris_Sayfasi/RetveTamam_Butonu' is clicked on

2021-11-23 17:07:46 - [MESSAGE][INFO] - Finding Test Object 'Object Repository/Sayfalar/Giris_Sayfasi/RetveTamam_Butonu'

2021-11-23 17:07:46 - [MESSAGE][INFO] - Checking object

2021-11-23 17:07:46 - [MESSAGE][INFO] - Finding web element from Test Object's properties

2021-11-23 17:07:46 - [MESSAGE][INFO] - Checking timeout

2021-11-23 17:07:46 - [MESSAGE][INFO] - Finding web element with id: 'Object Repository/Sayfalar/Giris_Sayfasi/RetveTamam_Butonu' located by 'By.xpath: //*[@class = 'btn btn-default']' in '30' second(s)

2021-11-23 17:07:46 - [MESSAGE][INFO] - Smart Wait Function is triggered

2021-11-23 17:07:46 - [MESSAGE][INFO] - Found 1 web elements with id: 'Object Repository/Sayfalar/Giris_Sayfasi/RetveTamam_Butonu' located by 'By.xpath: //*[@class = 'btn btn-default']' in '30' second(s)

2021-11-23 17:07:46 - [MESSAGE][INFO] - Clicking on object: 'Object Repository/Sayfalar/Giris_Sayfasi/RetveTamam_Butonu'

2021-11-23 17:07:46 - [MESSAGE][PASSED] - Object: 'Object Repository/Sayfalar/Giris_Sayfasi/RetveTamam_Butonu' is clicked on

2021-11-23 17:07:46 - [TEST_STEP][PASSED] - click(findTestObject("Object Repository/Sayfalar/Giris_Sayfasi/RetveTamam_Butonu")): Object: 'Object Repository/Sayfalar/Giris_Sayfasi/RetveTamam_Butonu' is clicked on

2021-11-23 17:07:46 - [MESSAGE][INFO] - Finding Test Object 'Object Repository/Sayfalar/Giris_Sayfasi/RetveTamam_Butonu'

2021-11-23 17:07:47 - [MESSAGE][INFO] - Checking object

2021-11-23 17:07:47 - [MESSAGE][INFO] - Finding web element from Test Object's properties

2021-11-23 17:07:47 - [MESSAGE][INFO] - Checking timeout

2021-11-23 17:07:47 - [MESSAGE][INFO] - Finding web element with id: 'Object Repository/Sayfalar/Giris_Sayfasi/RetveTamam_Butonu' located by 'By.xpath: //*[@class = 'btn btn-default']' in '30' second(s)

2021-11-23 17:07:47 - [MESSAGE][INFO] - Smart Wait Function is triggered

2021-11-23 17:07:49 - [MESSAGE][INFO] - Found 1 web elements with id: 'Object Repository/Sayfalar/Giris_Sayfasi/RetveTamam_Butonu' located by 'By.xpath: //*[@class = 'btn btn-default']' in '30' second(s)

2021-11-23 17:07:49 - [MESSAGE][INFO] - Clicking on object: 'Object Repository/Sayfalar/Giris_Sayfasi/RetveTamam_Butonu'

2021-11-23 17:07:49 - [MESSAGE][PASSED] - Object: 'Object Repository/Sayfalar/Giris_Sayfasi/RetveTamam_Butonu' is clicked on

2021-11-23 17:07:49 - [TEST_STEP][PASSED] - if (verifyElementPresent(findTestObject("Sayfalar/Giris_Sayfasi/PopupOK"), 5, OPTIONAL)): com.kms.katalon.core.webui.exception.WebElementNotFoundException: Web element with id: 'Object Repository/Sayfalar/Giris_Sayfasi/PopupOK' located by '.btn.btn-success' not found (Root cause: com.kms.katalon.core.exception.StepFailedException: com.kms.katalon.core.webui.exception.WebElementNotFoundException: Web element with id: 'Object Repository/Sayfalar/Giris_Sayfasi/PopupOK' located by '.btn.btn-success' not found
	at com.kms.katalon.core.webui.keyword.internal.WebUIKeywordMain.stepFailed(WebUIKeywordMain.groovy:64)
	at com.kms.katalon.core.webui.keyword.builtin.VerifyElementPresentKeyword$_verifyElementPresent_closure1.doCall(VerifyElementPresentKeyword.groovy:85)
	at com.kms.katalon.core.webui.keyword.builtin.VerifyElementPresentKeyword$_verifyElementPresent_closure1.call(VerifyElementPresentKeyword.groovy)
	at com.kms.katalon.core.webui.keyword.internal.WebUIKeywordMain.runKeyword(WebUIKeywordMain.groovy:20)
	at com.kms.katalon.core.webui.keyword.builtin.VerifyElementPresentKeyword.verifyElementPresent(VerifyElementPresentKeyword.groovy:92)
	at com.kms.katalon.core.webui.keyword.builtin.VerifyElementPresentKeyword.execute(VerifyElementPresentKeyword.groovy:68)
	at com.kms.katalon.core.keyword.internal.KeywordExecutor.executeKeywordForPlatform(KeywordExecutor.groovy:73)
	at com.kms.katalon.core.webui.keyword.WebUiBuiltInKeywords.verifyElementPresent(WebUiBuiltInKeywords.groovy:1448)
	at com.kms.katalon.core.webui.keyword.WebUiBuiltInKeywords$verifyElementPresent$4.call(Unknown Source)
	at Login.run(Login:40)
	at com.kms.katalon.core.main.ScriptEngine.run(ScriptEngine.java:194)
	at com.kms.katalon.core.main.ScriptEngine.runScriptAsRawText(ScriptEngine.java:119)
	at com.kms.katalon.core.main.TestCaseExecutor.runScript(TestCaseExecutor.java:369)
	at com.kms.katalon.core.main.TestCaseExecutor.doExecute(TestCaseExecutor.java:360)
	at com.kms.katalon.core.main.TestCaseExecutor.processExecutionPhase(TestCaseExecutor.java:339)
	at com.kms.katalon.core.main.TestCaseExecutor.accessMainPhase(TestCaseExecutor.java:331)
	at com.kms.katalon.core.main.TestCaseExecutor.execute(TestCaseExecutor.java:248)
	at com.kms.katalon.core.main.TestCaseMain.runTestCase(TestCaseMain.java:138)
	at com.kms.katalon.core.keyword.builtin.CallTestCaseKeyword$_callTestCase_closure1.doCall(CallTestCaseKeyword.groovy:59)
	at com.kms.katalon.core.keyword.builtin.CallTestCaseKeyword$_callTestCase_closure1.call(CallTestCaseKeyword.groovy)
	at com.kms.katalon.core.keyword.internal.KeywordMain.runKeyword(KeywordMain.groovy:68)
	at com.kms.katalon.core.keyword.builtin.CallTestCaseKeyword.callTestCase(CallTestCaseKeyword.groovy:81)
	at com.kms.katalon.core.keyword.builtin.CallTestCaseKeyword.execute(CallTestCaseKeyword.groovy:44)
	at com.kms.katalon.core.keyword.internal.KeywordExecutor.executeKeywordForPlatform(KeywordExecutor.groovy:73)
	at com.kms.katalon.core.keyword.BuiltinKeywords.callTestCase(BuiltinKeywords.groovy:334)
	at sayfalar.girisSayfasi.login(girisSayfasi.groovy:50)
	at cucumber.runtime.Utils$1.call(Utils.java:26)
	at cucumber.runtime.Timeout.timeout(Timeout.java:16)
	at cucumber.runtime.Utils.invoke(Utils.java:20)
	at cucumber.runtime.java.JavaStepDefinition.execute(JavaStepDefinition.java:49)
	at cucumber.runner.PickleStepDefinitionMatch.runStep(PickleStepDefinitionMatch.java:50)
	at cucumber.runner.TestStep.executeStep(TestStep.java:63)
	at cucumber.runner.TestStep.run(TestStep.java:49)
	at cucumber.runner.PickleStepTestStep.run(PickleStepTestStep.java:43)
	at cucumber.runner.TestCase.run(TestCase.java:44)
	at cucumber.runner.Runner.runPickle(Runner.java:40)
	at cucumber.runtime.Runtime$1.run(Runtime.java:84)
	at cucumber.runtime.Runtime$SameThreadExecutorService.execute(Runtime.java:220)
	at cucumber.runtime.Runtime.run(Runtime.java:81)
	at cucumber.api.cli.Main.run(Main.java:26)
	at cucumber.api.cli.Main$run.call(Unknown Source)
	at com.kms.katalon.core.cucumber.keyword.CucumberBuiltinKeywords$_runFeatureFile_closure1.doCall(CucumberBuiltinKeywords.groovy:106)
	at com.kms.katalon.core.cucumber.keyword.CucumberBuiltinKeywords$_runFeatureFile_closure1.doCall(CucumberBuiltinKeywords.groovy)
	at com.kms.katalon.core.keyword.internal.KeywordMain.runKeyword(KeywordMain.groovy:68)
	at com.kms.katalon.core.keyword.internal.KeywordMain$runKeyword.call(Unknown Source)
	at com.kms.katalon.core.cucumber.keyword.CucumberBuiltinKeywords.runFeatureFile(CucumberBuiltinKeywords.groovy:73)
	at com.kms.katalon.core.cucumber.keyword.CucumberBuiltinKeywords$runFeatureFile$0.callStatic(Unknown Source)
	at com.kms.katalon.core.cucumber.keyword.CucumberBuiltinKeywords.runFeatureFile(CucumberBuiltinKeywords.groovy:246)
	at com.kms.katalon.core.cucumber.keyword.CucumberBuiltinKeywords$runFeatureFile.call(Unknown Source)
	at VKN-Kagit-Tevkifat.run(VKN-Kagit-Tevkifat:19)
	at com.kms.katalon.core.main.ScriptEngine.run(ScriptEngine.java:194)
	at com.kms.katalon.core.main.ScriptEngine.runScriptAsRawText(ScriptEngine.java:119)
	at com.kms.katalon.core.main.TestCaseExecutor.runScript(TestCaseExecutor.java:369)
	at com.kms.katalon.core.main.TestCaseExecutor.doExecute(TestCaseExecutor.java:360)
	at com.kms.katalon.core.main.TestCaseExecutor.processExecutionPhase(TestCaseExecutor.java:339)
	at com.kms.katalon.core.main.TestCaseExecutor.accessMainPhase(TestCaseExecutor.java:331)
	at com.kms.katalon.core.main.TestCaseExecutor.execute(TestCaseExecutor.java:248)
	at com.kms.katalon.core.main.TestSuiteExecutor.accessTestCaseMainPhase(TestSuiteExecutor.java:191)
	at com.kms.katalon.core.main.TestSuiteExecutor.accessTestSuiteMainPhase(TestSuiteExecutor.java:140)
	at com.kms.katalon.core.main.TestSuiteExecutor.execute(TestSuiteExecutor.java:89)
	at com.kms.katalon.core.main.TestCaseMain.startTestSuite(TestCaseMain.java:181)
	at com.kms.katalon.core.main.TestCaseMain$startTestSuite$0.call(Unknown Source)
	at TempTestSuite1637674444414.run(TempTestSuite1637674444414.groovy:39)
)

2021-11-23 17:07:49 - [MESSAGE][INFO] - Finding Test Object 'Object Repository/Sayfalar/Giris_Sayfasi/PopupOK'

2021-11-23 17:07:50 - [MESSAGE][INFO] - Checking object

2021-11-23 17:07:50 - [MESSAGE][INFO] - Finding web element from Test Object's properties

2021-11-23 17:07:50 - [MESSAGE][INFO] - Checking timeout

2021-11-23 17:07:50 - [MESSAGE][INFO] - Finding web element with id: 'Object Repository/Sayfalar/Giris_Sayfasi/PopupOK' located by 'By.cssSelector: .btn.btn-success' in '5' second(s)

2021-11-23 17:07:50 - [MESSAGE][INFO] - Smart Wait Function is triggered

2021-11-23 17:07:50 - [MESSAGE][INFO] - Smart Wait Function is triggered

2021-11-23 17:07:51 - [MESSAGE][INFO] - Smart Wait Function is triggered

2021-11-23 17:07:51 - [MESSAGE][INFO] - Smart Wait Function is triggered

2021-11-23 17:07:51 - [MESSAGE][INFO] - Smart Wait Function is triggered

2021-11-23 17:07:51 - [MESSAGE][INFO] - Smart Wait Function is triggered

2021-11-23 17:07:52 - [MESSAGE][INFO] - Smart Wait Function is triggered

2021-11-23 17:07:52 - [MESSAGE][INFO] - Smart Wait Function is triggered

2021-11-23 17:07:52 - [MESSAGE][INFO] - Smart Wait Function is triggered

2021-11-23 17:07:52 - [MESSAGE][INFO] - Smart Wait Function is triggered

2021-11-23 17:07:53 - [MESSAGE][INFO] - Smart Wait Function is triggered

2021-11-23 17:07:53 - [MESSAGE][INFO] - Smart Wait Function is triggered

2021-11-23 17:07:53 - [MESSAGE][INFO] - Smart Wait Function is triggered

2021-11-23 17:07:53 - [MESSAGE][INFO] - Smart Wait Function is triggered

2021-11-23 17:07:54 - [MESSAGE][INFO] - Smart Wait Function is triggered

2021-11-23 17:07:54 - [MESSAGE][INFO] - Smart Wait Function is triggered

2021-11-23 17:07:54 - [MESSAGE][INFO] - Smart Wait Function is triggered

2021-11-23 17:07:55 - [MESSAGE][INFO] - Smart Wait Function is triggered

2021-11-23 17:07:55 - [MESSAGE][INFO] - Smart Wait Function is triggered

2021-11-23 17:07:55 - [MESSAGE][INFO] - Smart Wait Function is triggered

2021-11-23 17:07:55 - [MESSAGE][INFO] - Smart Wait Function is triggered

2021-11-23 17:07:56 - [MESSAGE][INFO] - Unable to find the element located by 'By.cssSelector: .btn.btn-success'. Please recheck the objects properties to make sure the desired element is located. 

2021-11-23 17:07:56 - [MESSAGE][WARNING] - com.kms.katalon.core.webui.exception.WebElementNotFoundException: Web element with id: 'Object Repository/Sayfalar/Giris_Sayfasi/PopupOK' located by '.btn.btn-success' not found (Root cause: com.kms.katalon.core.exception.StepFailedException: com.kms.katalon.core.webui.exception.WebElementNotFoundException: Web element with id: 'Object Repository/Sayfalar/Giris_Sayfasi/PopupOK' located by '.btn.btn-success' not found
	at com.kms.katalon.core.webui.keyword.internal.WebUIKeywordMain.stepFailed(WebUIKeywordMain.groovy:64)
	at com.kms.katalon.core.webui.keyword.builtin.VerifyElementPresentKeyword$_verifyElementPresent_closure1.doCall(VerifyElementPresentKeyword.groovy:85)
	at com.kms.katalon.core.webui.keyword.builtin.VerifyElementPresentKeyword$_verifyElementPresent_closure1.call(VerifyElementPresentKeyword.groovy)
	at com.kms.katalon.core.webui.keyword.internal.WebUIKeywordMain.runKeyword(WebUIKeywordMain.groovy:20)
	at com.kms.katalon.core.webui.keyword.builtin.VerifyElementPresentKeyword.verifyElementPresent(VerifyElementPresentKeyword.groovy:92)
	at com.kms.katalon.core.webui.keyword.builtin.VerifyElementPresentKeyword.execute(VerifyElementPresentKeyword.groovy:68)
	at com.kms.katalon.core.keyword.internal.KeywordExecutor.executeKeywordForPlatform(KeywordExecutor.groovy:73)
	at com.kms.katalon.core.webui.keyword.WebUiBuiltInKeywords.verifyElementPresent(WebUiBuiltInKeywords.groovy:1448)
	at com.kms.katalon.core.webui.keyword.WebUiBuiltInKeywords$verifyElementPresent$4.call(Unknown Source)
	at Login.run(Login:40)
	at com.kms.katalon.core.main.ScriptEngine.run(ScriptEngine.java:194)
	at com.kms.katalon.core.main.ScriptEngine.runScriptAsRawText(ScriptEngine.java:119)
	at com.kms.katalon.core.main.TestCaseExecutor.runScript(TestCaseExecutor.java:369)
	at com.kms.katalon.core.main.TestCaseExecutor.doExecute(TestCaseExecutor.java:360)
	at com.kms.katalon.core.main.TestCaseExecutor.processExecutionPhase(TestCaseExecutor.java:339)
	at com.kms.katalon.core.main.TestCaseExecutor.accessMainPhase(TestCaseExecutor.java:331)
	at com.kms.katalon.core.main.TestCaseExecutor.execute(TestCaseExecutor.java:248)
	at com.kms.katalon.core.main.TestCaseMain.runTestCase(TestCaseMain.java:138)
	at com.kms.katalon.core.keyword.builtin.CallTestCaseKeyword$_callTestCase_closure1.doCall(CallTestCaseKeyword.groovy:59)
	at com.kms.katalon.core.keyword.builtin.CallTestCaseKeyword$_callTestCase_closure1.call(CallTestCaseKeyword.groovy)
	at com.kms.katalon.core.keyword.internal.KeywordMain.runKeyword(KeywordMain.groovy:68)
	at com.kms.katalon.core.keyword.builtin.CallTestCaseKeyword.callTestCase(CallTestCaseKeyword.groovy:81)
	at com.kms.katalon.core.keyword.builtin.CallTestCaseKeyword.execute(CallTestCaseKeyword.groovy:44)
	at com.kms.katalon.core.keyword.internal.KeywordExecutor.executeKeywordForPlatform(KeywordExecutor.groovy:73)
	at com.kms.katalon.core.keyword.BuiltinKeywords.callTestCase(BuiltinKeywords.groovy:334)
	at sayfalar.girisSayfasi.login(girisSayfasi.groovy:50)
	at cucumber.runtime.Utils$1.call(Utils.java:26)
	at cucumber.runtime.Timeout.timeout(Timeout.java:16)
	at cucumber.runtime.Utils.invoke(Utils.java:20)
	at cucumber.runtime.java.JavaStepDefinition.execute(JavaStepDefinition.java:49)
	at cucumber.runner.PickleStepDefinitionMatch.runStep(PickleStepDefinitionMatch.java:50)
	at cucumber.runner.TestStep.executeStep(TestStep.java:63)
	at cucumber.runner.TestStep.run(TestStep.java:49)
	at cucumber.runner.PickleStepTestStep.run(PickleStepTestStep.java:43)
	at cucumber.runner.TestCase.run(TestCase.java:44)
	at cucumber.runner.Runner.runPickle(Runner.java:40)
	at cucumber.runtime.Runtime$1.run(Runtime.java:84)
	at cucumber.runtime.Runtime$SameThreadExecutorService.execute(Runtime.java:220)
	at cucumber.runtime.Runtime.run(Runtime.java:81)
	at cucumber.api.cli.Main.run(Main.java:26)
	at cucumber.api.cli.Main$run.call(Unknown Source)
	at com.kms.katalon.core.cucumber.keyword.CucumberBuiltinKeywords$_runFeatureFile_closure1.doCall(CucumberBuiltinKeywords.groovy:106)
	at com.kms.katalon.core.cucumber.keyword.CucumberBuiltinKeywords$_runFeatureFile_closure1.doCall(CucumberBuiltinKeywords.groovy)
	at com.kms.katalon.core.keyword.internal.KeywordMain.runKeyword(KeywordMain.groovy:68)
	at com.kms.katalon.core.keyword.internal.KeywordMain$runKeyword.call(Unknown Source)
	at com.kms.katalon.core.cucumber.keyword.CucumberBuiltinKeywords.runFeatureFile(CucumberBuiltinKeywords.groovy:73)
	at com.kms.katalon.core.cucumber.keyword.CucumberBuiltinKeywords$runFeatureFile$0.callStatic(Unknown Source)
	at com.kms.katalon.core.cucumber.keyword.CucumberBuiltinKeywords.runFeatureFile(CucumberBuiltinKeywords.groovy:246)
	at com.kms.katalon.core.cucumber.keyword.CucumberBuiltinKeywords$runFeatureFile.call(Unknown Source)
	at VKN-Kagit-Tevkifat.run(VKN-Kagit-Tevkifat:19)
	at com.kms.katalon.core.main.ScriptEngine.run(ScriptEngine.java:194)
	at com.kms.katalon.core.main.ScriptEngine.runScriptAsRawText(ScriptEngine.java:119)
	at com.kms.katalon.core.main.TestCaseExecutor.runScript(TestCaseExecutor.java:369)
	at com.kms.katalon.core.main.TestCaseExecutor.doExecute(TestCaseExecutor.java:360)
	at com.kms.katalon.core.main.TestCaseExecutor.processExecutionPhase(TestCaseExecutor.java:339)
	at com.kms.katalon.core.main.TestCaseExecutor.accessMainPhase(TestCaseExecutor.java:331)
	at com.kms.katalon.core.main.TestCaseExecutor.execute(TestCaseExecutor.java:248)
	at com.kms.katalon.core.main.TestSuiteExecutor.accessTestCaseMainPhase(TestSuiteExecutor.java:191)
	at com.kms.katalon.core.main.TestSuiteExecutor.accessTestSuiteMainPhase(TestSuiteExecutor.java:140)
	at com.kms.katalon.core.main.TestSuiteExecutor.execute(TestSuiteExecutor.java:89)
	at com.kms.katalon.core.main.TestCaseMain.startTestSuite(TestCaseMain.java:181)
	at com.kms.katalon.core.main.TestCaseMain$startTestSuite$0.call(Unknown Source)
	at TempTestSuite1637674444414.run(TempTestSuite1637674444414.groovy:39)
)

2021-11-23 17:07:56 - [TEST_STEP][PASSED] - verifyElementVisible(findTestObject("Object Repository/Kullanici_Islemleri/KullaniciIslemleri")): Object 'Object Repository/Kullanici_Islemleri/KullaniciIslemleri' is visible

2021-11-23 17:07:56 - [MESSAGE][INFO] - Finding Test Object 'Object Repository/Kullanici_Islemleri/KullaniciIslemleri'

2021-11-23 17:07:56 - [MESSAGE][INFO] - Checking object

2021-11-23 17:07:56 - [MESSAGE][INFO] - Finding web element from Test Object's properties

2021-11-23 17:07:56 - [MESSAGE][INFO] - Checking timeout

2021-11-23 17:07:56 - [MESSAGE][INFO] - Finding web element with id: 'Object Repository/Kullanici_Islemleri/KullaniciIslemleri' located by 'By.cssSelector: .dropdown>a>img' in '30' second(s)

2021-11-23 17:07:56 - [MESSAGE][INFO] - Smart Wait Function is triggered

2021-11-23 17:07:56 - [MESSAGE][INFO] - Found 1 web elements with id: 'Object Repository/Kullanici_Islemleri/KullaniciIslemleri' located by 'By.cssSelector: .dropdown>a>img' in '30' second(s)

2021-11-23 17:07:56 - [MESSAGE][PASSED] - Object 'Object Repository/Kullanici_Islemleri/KullaniciIslemleri' is visible

2021-11-23 17:07:56 - [MESSAGE][PASSED] - Call Test Case 'Test Cases/Sayfalar/Giris_Sayfasi/Login' successfully

2021-11-23 17:07:56 - [MESSAGE][INFO] - Checking called Test Case

2021-11-23 17:07:56 - [MESSAGE][INFO] - Starting to call Test Case 'Test Cases/Menu/AnaMenuSecimi'

2021-11-23 17:07:56 - [TEST_CASE][PASSED] - Test Cases/Menu/AnaMenuSecimi: Test Cases/Menu/AnaMenuSecimi

2021-11-23 17:07:56 - [TEST_STEP][PASSED] - Method.TextDegerineEsitElementeTikla(findTestObject("Menu/Ana_Menu"), Ana_Menu): Method.TextDegerineEsitElementeTikla is PASSED

2021-11-23 17:07:56 - [MESSAGE][INFO] - Finding Test Object 'Object Repository/Menu/Ana_Menu'

2021-11-23 17:07:56 - [MESSAGE][INFO] - Checking timeout

2021-11-23 17:07:56 - [MESSAGE][INFO] - Finding web element with id: 'Object Repository/Menu/Ana_Menu' located by 'By.xpath: //*[@class = 'dropdown-toggle']' in '10' second(s)

2021-11-23 17:07:56 - [MESSAGE][INFO] - Smart Wait Function is triggered

2021-11-23 17:07:56 - [MESSAGE][INFO] - Found 13 web elements with id: 'Object Repository/Menu/Ana_Menu' located by 'By.xpath: //*[@class = 'dropdown-toggle']' in '10' second(s)

2021-11-23 17:07:57 - [MESSAGE][PASSED] - Method.TextDegerineEsitElementeTikla is PASSED

2021-11-23 17:07:57 - [MESSAGE][PASSED] - Call Test Case 'Test Cases/Menu/AnaMenuSecimi' successfully

2021-11-23 17:07:57 - [MESSAGE][INFO] - Checking called Test Case

2021-11-23 17:07:57 - [MESSAGE][INFO] - Starting to call Test Case 'Test Cases/Menu/BasligaGoreAltMenuSecimi'

2021-11-23 17:07:57 - [TEST_CASE][PASSED] - Test Cases/Menu/BasligaGoreAltMenuSecimi: Test Cases/Menu/BasligaGoreAltMenuSecimi

2021-11-23 17:07:57 - [TEST_STEP][PASSED] - Method.TextDegerineEsitElementinAltindakiTextDegerineEsitOlanaTikla(findTestObject("Menu/Menu_Basligi"), findTestObject("Menu/Basliga_Gore_Alt_Menu"), Baslik, Alt_Menu): Method.TextDegerineEsitElementinAltindakiTextDegerineEsitOlanaTikla is PASSED

2021-11-23 17:07:57 - [MESSAGE][INFO] - Finding Test Object 'Object Repository/Menu/Menu_Basligi'

2021-11-23 17:07:57 - [MESSAGE][INFO] - Finding Test Object 'Object Repository/Menu/Basliga_Gore_Alt_Menu'

2021-11-23 17:07:57 - [MESSAGE][INFO] - Checking timeout

2021-11-23 17:07:57 - [MESSAGE][INFO] - Finding web element with id: 'Object Repository/Menu/Menu_Basligi' located by 'By.xpath: //li[@class='dropdown dropdown-large open']//li[@class='dropdown-header']' in '10' second(s)

2021-11-23 17:07:57 - [MESSAGE][INFO] - Smart Wait Function is triggered

2021-11-23 17:07:57 - [MESSAGE][INFO] - Found 2 web elements with id: 'Object Repository/Menu/Menu_Basligi' located by 'By.xpath: //li[@class='dropdown dropdown-large open']//li[@class='dropdown-header']' in '10' second(s)

2021-11-23 17:07:57 - [MESSAGE][INFO] - Smart Wait Function is triggered

2021-11-23 17:07:59 - [MESSAGE][PASSED] - Method.TextDegerineEsitElementinAltindakiTextDegerineEsitOlanaTikla is PASSED

2021-11-23 17:07:59 - [MESSAGE][PASSED] - Call Test Case 'Test Cases/Menu/BasligaGoreAltMenuSecimi' successfully

2021-11-23 17:07:59 - [MESSAGE][INFO] - Checking called Test Case

2021-11-23 17:07:59 - [MESSAGE][INFO] - Starting to call Test Case 'Test Cases/Tablo/Olusturma Tarihi'

2021-11-23 17:07:59 - [TEST_CASE][PASSED] - Test Cases/Tablo/Olusturma Tarihi: Test Cases/Tablo/Olusturma Tarihi

2021-11-23 17:07:59 - [TEST_STEP][PASSED] - if (verifyTextNotPresent("Görüntülenecek veri yok", true, OPTIONAL)): null

2021-11-23 17:07:59 - [MESSAGE][INFO] - Checking text present  using regular expression

2021-11-23 17:07:59 - [MESSAGE][INFO] - Smart Wait Function is triggered

2021-11-23 17:08:00 - [MESSAGE][INFO] - Finding text 'Görüntülenecek veri yok' on page  using regular expression

2021-11-23 17:08:00 - [MESSAGE][PASSED] - Text 'Görüntülenecek veri yok' is not present on page using regular expression

2021-11-23 17:08:00 - [TEST_STEP][PASSED] - click(findTestObject("Temizle/Olusturma_Tarihi_CheckBox")): Object: 'Object Repository/Temizle/Olusturma_Tarihi_CheckBox' is clicked on

2021-11-23 17:08:00 - [MESSAGE][INFO] - Finding Test Object 'Object Repository/Temizle/Olusturma_Tarihi_CheckBox'

2021-11-23 17:08:00 - [MESSAGE][INFO] - Checking object

2021-11-23 17:08:00 - [MESSAGE][INFO] - Finding web element from Test Object's properties

2021-11-23 17:08:00 - [MESSAGE][INFO] - Checking timeout

2021-11-23 17:08:00 - [MESSAGE][INFO] - Finding web element with id: 'Object Repository/Temizle/Olusturma_Tarihi_CheckBox' located by 'By.xpath: //*[@title = 'Bu sayfadaki tüm satırları Seç']' in '30' second(s)

2021-11-23 17:08:00 - [MESSAGE][INFO] - Smart Wait Function is triggered

2021-11-23 17:08:00 - [MESSAGE][INFO] - Found 1 web elements with id: 'Object Repository/Temizle/Olusturma_Tarihi_CheckBox' located by 'By.xpath: //*[@title = 'Bu sayfadaki tüm satırları Seç']' in '30' second(s)

2021-11-23 17:08:00 - [MESSAGE][INFO] - Clicking on object: 'Object Repository/Temizle/Olusturma_Tarihi_CheckBox'

2021-11-23 17:08:00 - [MESSAGE][PASSED] - Object: 'Object Repository/Temizle/Olusturma_Tarihi_CheckBox' is clicked on

2021-11-23 17:08:00 - [TEST_STEP][PASSED] - Method.TextDegerineEsitElementeTiklaEquals(findTestObject("Butonlar/Butonlar"), "Sil"): Method.TextDegerineEsitElementeTiklaEquals is PASSED

2021-11-23 17:08:00 - [MESSAGE][INFO] - Finding Test Object 'Object Repository/Butonlar/Butonlar'

2021-11-23 17:08:00 - [MESSAGE][INFO] - Checking timeout

2021-11-23 17:08:00 - [MESSAGE][INFO] - Finding web element with id: 'Object Repository/Butonlar/Butonlar' located by 'By.cssSelector: .panel.panel-default.text-center.footerPanel .btn,.btn.btn-primary.btnControls' in '10' second(s)

2021-11-23 17:08:00 - [MESSAGE][INFO] - Smart Wait Function is triggered

2021-11-23 17:08:00 - [MESSAGE][INFO] - Found 9 web elements with id: 'Object Repository/Butonlar/Butonlar' located by 'By.cssSelector: .panel.panel-default.text-center.footerPanel .btn,.btn.btn-primary.btnControls' in '10' second(s)

2021-11-23 17:08:01 - [MESSAGE][PASSED] - Method.TextDegerineEsitElementeTiklaEquals is PASSED

2021-11-23 17:08:01 - [TEST_STEP][PASSED] - Method.TextDegerineEsitElementeTikla(findTestObject("Popup/Popup_Butons"), "Evet"): Method.TextDegerineEsitElementeTikla is PASSED

2021-11-23 17:08:01 - [MESSAGE][INFO] - Finding Test Object 'Object Repository/Popup/Popup_Butons'

2021-11-23 17:08:01 - [MESSAGE][INFO] - Checking timeout

2021-11-23 17:08:01 - [MESSAGE][INFO] - Finding web element with id: 'Object Repository/Popup/Popup_Butons' located by 'By.cssSelector: .modal-footer>button' in '10' second(s)

2021-11-23 17:08:01 - [MESSAGE][INFO] - Smart Wait Function is triggered

2021-11-23 17:08:01 - [MESSAGE][INFO] - Found 2 web elements with id: 'Object Repository/Popup/Popup_Butons' located by 'By.cssSelector: .modal-footer>button' in '10' second(s)

2021-11-23 17:08:02 - [MESSAGE][PASSED] - Method.TextDegerineEsitElementeTikla is PASSED

2021-11-23 17:08:02 - [TEST_STEP][PASSED] - Method.TextDegerineEsitElementeTikla(findTestObject("Popup/Popup_Butons"), "Tamam"): Method.TextDegerineEsitElementeTikla is PASSED

2021-11-23 17:08:02 - [MESSAGE][INFO] - Finding Test Object 'Object Repository/Popup/Popup_Butons'

2021-11-23 17:08:02 - [MESSAGE][INFO] - Checking timeout

2021-11-23 17:08:02 - [MESSAGE][INFO] - Finding web element with id: 'Object Repository/Popup/Popup_Butons' located by 'By.cssSelector: .modal-footer>button' in '10' second(s)

2021-11-23 17:08:02 - [MESSAGE][INFO] - Smart Wait Function is triggered

2021-11-23 17:08:02 - [MESSAGE][INFO] - Found 1 web elements with id: 'Object Repository/Popup/Popup_Butons' located by 'By.cssSelector: .modal-footer>button' in '10' second(s)

2021-11-23 17:08:03 - [MESSAGE][PASSED] - Method.TextDegerineEsitElementeTikla is PASSED

2021-11-23 17:08:03 - [MESSAGE][PASSED] - Call Test Case 'Test Cases/Tablo/Olusturma Tarihi' successfully

2021-11-23 17:08:03 - [MESSAGE][INFO] - Checking called Test Case

2021-11-23 17:08:03 - [MESSAGE][INFO] - Starting to call Test Case 'Test Cases/Butonlar/ButonaTikla'

2021-11-23 17:08:03 - [TEST_CASE][PASSED] - Test Cases/Butonlar/ButonaTikla: Test Cases/Butonlar/ButonaTikla

2021-11-23 17:08:03 - [TEST_STEP][PASSED] - Method.TextDegerineEsitElementeTiklaEquals(findTestObject("Butonlar/Butonlar"), Buton_Adi): Method.TextDegerineEsitElementeTiklaEquals is PASSED

2021-11-23 17:08:03 - [MESSAGE][INFO] - Finding Test Object 'Object Repository/Butonlar/Butonlar'

2021-11-23 17:08:03 - [MESSAGE][INFO] - Checking timeout

2021-11-23 17:08:03 - [MESSAGE][INFO] - Finding web element with id: 'Object Repository/Butonlar/Butonlar' located by 'By.cssSelector: .panel.panel-default.text-center.footerPanel .btn,.btn.btn-primary.btnControls' in '10' second(s)

2021-11-23 17:08:03 - [MESSAGE][INFO] - Smart Wait Function is triggered

2021-11-23 17:08:03 - [MESSAGE][INFO] - Found 9 web elements with id: 'Object Repository/Butonlar/Butonlar' located by 'By.cssSelector: .panel.panel-default.text-center.footerPanel .btn,.btn.btn-primary.btnControls' in '10' second(s)

2021-11-23 17:08:03 - [MESSAGE][PASSED] - Method.TextDegerineEsitElementeTiklaEquals is PASSED

2021-11-23 17:08:03 - [MESSAGE][PASSED] - Call Test Case 'Test Cases/Butonlar/ButonaTikla' successfully

2021-11-23 17:08:03 - [MESSAGE][INFO] - Checking called Test Case

2021-11-23 17:08:03 - [MESSAGE][INFO] - Starting to call Test Case 'Test Cases/Olusturma/Genel/GorselTasarimSayfasıBasligiIceriyorMu'

2021-11-23 17:08:03 - [TEST_CASE][PASSED] - Test Cases/Olusturma/Genel/GorselTasarimSayfasıBasligiIceriyorMu: Test Cases/Olusturma/Genel/GorselTasarimSayfasıBasligiIceriyorMu

2021-11-23 17:08:03 - [TEST_STEP][PASSED] - verifyElementText(findTestObject("Object Repository/Olusturma/Genel/GorselTasarimBaslik"), Baslik): Actual text and expected text of test object 'Object Repository/Olusturma/Genel/GorselTasarimBaslik' are matched.

2021-11-23 17:08:03 - [MESSAGE][INFO] - Finding Test Object 'Object Repository/Olusturma/Genel/GorselTasarimBaslik'

2021-11-23 17:08:04 - [MESSAGE][INFO] - Checking object

2021-11-23 17:08:04 - [MESSAGE][INFO] - Finding web element from Test Object's properties

2021-11-23 17:08:04 - [MESSAGE][INFO] - Checking timeout

2021-11-23 17:08:04 - [MESSAGE][INFO] - Finding web element with id: 'Object Repository/Olusturma/Genel/GorselTasarimBaslik' located by 'By.cssSelector: #flAlici_0>div>span' in '30' second(s)

2021-11-23 17:08:04 - [MESSAGE][INFO] - Smart Wait Function is triggered

2021-11-23 17:08:11 - [MESSAGE][INFO] - Found 1 web elements with id: 'Object Repository/Olusturma/Genel/GorselTasarimBaslik' located by 'By.cssSelector: #flAlici_0>div>span' in '30' second(s)

2021-11-23 17:08:11 - [MESSAGE][PASSED] - Actual text and expected text of test object 'Object Repository/Olusturma/Genel/GorselTasarimBaslik' are matched.

2021-11-23 17:08:11 - [MESSAGE][PASSED] - Call Test Case 'Test Cases/Olusturma/Genel/GorselTasarimSayfasıBasligiIceriyorMu' successfully

2021-11-23 17:08:11 - [MESSAGE][INFO] - Checking called Test Case

2021-11-23 17:08:11 - [MESSAGE][INFO] - Starting to call Test Case 'Test Cases/Olusturma/Genel/AliciSecilir'

2021-11-23 17:08:11 - [TEST_CASE][PASSED] - Test Cases/Olusturma/Genel/AliciSecilir: Test Cases/Olusturma/Genel/AliciSecilir

2021-11-23 17:08:11 - [TEST_STEP][PASSED] - click(findTestObject("Olusturma/Genel/AliciBilgisi/Alici_Ara")): Object: 'Object Repository/Olusturma/Genel/AliciBilgisi/Alici_Ara' is clicked on

2021-11-23 17:08:11 - [MESSAGE][INFO] - Finding Test Object 'Object Repository/Olusturma/Genel/AliciBilgisi/Alici_Ara'

2021-11-23 17:08:11 - [MESSAGE][INFO] - Checking object

2021-11-23 17:08:11 - [MESSAGE][INFO] - Finding web element from Test Object's properties

2021-11-23 17:08:11 - [MESSAGE][INFO] - Checking timeout

2021-11-23 17:08:11 - [MESSAGE][INFO] - Finding web element with id: 'Object Repository/Olusturma/Genel/AliciBilgisi/Alici_Ara' located by 'By.xpath: //td[@id='txtCustomerText_B-1']' in '30' second(s)

2021-11-23 17:08:11 - [MESSAGE][INFO] - Smart Wait Function is triggered

2021-11-23 17:08:11 - [MESSAGE][INFO] - Found 1 web elements with id: 'Object Repository/Olusturma/Genel/AliciBilgisi/Alici_Ara' located by 'By.xpath: //td[@id='txtCustomerText_B-1']' in '30' second(s)

2021-11-23 17:08:11 - [MESSAGE][INFO] - Clicking on object: 'Object Repository/Olusturma/Genel/AliciBilgisi/Alici_Ara'

2021-11-23 17:08:11 - [MESSAGE][PASSED] - Object: 'Object Repository/Olusturma/Genel/AliciBilgisi/Alici_Ara' is clicked on

2021-11-23 17:08:11 - [TEST_STEP][PASSED] - click(findTestObject("Olusturma/Genel/AliciBilgisi/Alici_Bilgisi")): Object: 'Object Repository/Olusturma/Genel/AliciBilgisi/Alici_Bilgisi' is clicked on

2021-11-23 17:08:11 - [MESSAGE][INFO] - Finding Test Object 'Object Repository/Olusturma/Genel/AliciBilgisi/Alici_Bilgisi'

2021-11-23 17:08:11 - [MESSAGE][INFO] - Checking object

2021-11-23 17:08:11 - [MESSAGE][INFO] - Finding web element from Test Object's properties

2021-11-23 17:08:11 - [MESSAGE][INFO] - Checking timeout

2021-11-23 17:08:11 - [MESSAGE][INFO] - Finding web element with id: 'Object Repository/Olusturma/Genel/AliciBilgisi/Alici_Bilgisi' located by 'By.xpath: //iframe[@id='customerselectiframe']' in '30' second(s)

2021-11-23 17:08:11 - [MESSAGE][INFO] - Smart Wait Function is triggered

2021-11-23 17:08:12 - [MESSAGE][INFO] - Found 1 web elements with id: 'Object Repository/Olusturma/Genel/AliciBilgisi/Alici_Bilgisi' located by 'By.xpath: //iframe[@id='customerselectiframe']' in '30' second(s)

2021-11-23 17:08:12 - [MESSAGE][INFO] - Clicking on object: 'Object Repository/Olusturma/Genel/AliciBilgisi/Alici_Bilgisi'

2021-11-23 17:08:12 - [MESSAGE][PASSED] - Object: 'Object Repository/Olusturma/Genel/AliciBilgisi/Alici_Bilgisi' is clicked on

2021-11-23 17:08:12 - [TEST_STEP][PASSED] - setText(findTestObject("Olusturma/Genel/AliciBilgisi/Alici_Gir"), Alici_Adi): Switching to default content

2021-11-23 17:08:12 - [MESSAGE][INFO] - Finding Test Object 'Object Repository/Olusturma/Genel/AliciBilgisi/Alici_Gir'

2021-11-23 17:08:12 - [MESSAGE][INFO] - Finding Test Object 'Object Repository/Olusturma/Genel/AliciBilgisi/Alici_Bilgisi'

2021-11-23 17:08:12 - [MESSAGE][INFO] - Checking object

2021-11-23 17:08:12 - [MESSAGE][INFO] - Checking text

2021-11-23 17:08:12 - [MESSAGE][INFO] - Object: 'Object Repository/Olusturma/Genel/AliciBilgisi/Alici_Gir' has parent object(s)

2021-11-23 17:08:12 - [MESSAGE][INFO] - Switching to iframe: 'Object Repository/Olusturma/Genel/AliciBilgisi/Alici_Bilgisi'

2021-11-23 17:08:12 - [MESSAGE][INFO] - Finding web element from Test Object's properties

2021-11-23 17:08:12 - [MESSAGE][INFO] - Checking timeout

2021-11-23 17:08:12 - [MESSAGE][INFO] - Finding web element with id: 'Object Repository/Olusturma/Genel/AliciBilgisi/Alici_Bilgisi' located by 'By.xpath: //iframe[@id='customerselectiframe']' in '30' second(s)

2021-11-23 17:08:12 - [MESSAGE][INFO] - Smart Wait Function is triggered

2021-11-23 17:08:12 - [MESSAGE][INFO] - Found 1 web elements with id: 'Object Repository/Olusturma/Genel/AliciBilgisi/Alici_Bilgisi' located by 'By.xpath: //iframe[@id='customerselectiframe']' in '30' second(s)

2021-11-23 17:08:12 - [MESSAGE][INFO] - Switched to iframe: 'Object Repository/Olusturma/Genel/AliciBilgisi/Alici_Bilgisi'

2021-11-23 17:08:12 - [MESSAGE][INFO] - Finding web element from Test Object's properties

2021-11-23 17:08:12 - [MESSAGE][INFO] - Checking timeout

2021-11-23 17:08:12 - [MESSAGE][INFO] - Finding web element with id: 'Object Repository/Olusturma/Genel/AliciBilgisi/Alici_Gir' located by 'By.xpath: //input[@id='GridViewCustomer_DXFREditorcol1_I']' in '30' second(s)

2021-11-23 17:08:12 - [MESSAGE][INFO] - Smart Wait Function is triggered

2021-11-23 17:08:12 - [MESSAGE][INFO] - Found 1 web elements with id: 'Object Repository/Olusturma/Genel/AliciBilgisi/Alici_Gir' located by 'By.xpath: //input[@id='GridViewCustomer_DXFREditorcol1_I']' in '30' second(s)

2021-11-23 17:08:12 - [MESSAGE][INFO] - Clearing text of object 'Object Repository/Olusturma/Genel/AliciBilgisi/Alici_Gir'

2021-11-23 17:08:12 - [MESSAGE][INFO] - Finding web element from Test Object's properties

2021-11-23 17:08:12 - [MESSAGE][INFO] - Checking timeout

2021-11-23 17:08:12 - [MESSAGE][INFO] - Finding web element with id: 'Object Repository/Olusturma/Genel/AliciBilgisi/Alici_Gir' located by 'By.xpath: //input[@id='GridViewCustomer_DXFREditorcol1_I']' in '30' second(s)

2021-11-23 17:08:12 - [MESSAGE][INFO] - Smart Wait Function is triggered

2021-11-23 17:08:12 - [MESSAGE][INFO] - Found 1 web elements with id: 'Object Repository/Olusturma/Genel/AliciBilgisi/Alici_Gir' located by 'By.xpath: //input[@id='GridViewCustomer_DXFREditorcol1_I']' in '30' second(s)

2021-11-23 17:08:12 - [MESSAGE][INFO] - Setting text of object 'Object Repository/Olusturma/Genel/AliciBilgisi/Alici_Gir' to value 'UC0016'

2021-11-23 17:08:12 - [MESSAGE][PASSED] - Text 'UC0016' is set on object 'Object Repository/Olusturma/Genel/AliciBilgisi/Alici_Gir'

2021-11-23 17:08:12 - [MESSAGE][INFO] - Switching to default content

2021-11-23 17:08:12 - [TEST_STEP][PASSED] - waitForElementClickable(findTestObject("Olusturma/Genel/AliciBilgisi/Alici_Adi"), 10): Switching to default content

2021-11-23 17:08:12 - [MESSAGE][INFO] - Finding Test Object 'Object Repository/Olusturma/Genel/AliciBilgisi/Alici_Adi'

2021-11-23 17:08:13 - [MESSAGE][INFO] - Finding Test Object 'Object Repository/Olusturma/Genel/AliciBilgisi/iframe_Alc Bilgisi_customerselectiframe'

2021-11-23 17:08:13 - [MESSAGE][INFO] - Checking object

2021-11-23 17:08:13 - [MESSAGE][INFO] - Checking timeout

2021-11-23 17:08:13 - [MESSAGE][INFO] - Object: 'Object Repository/Olusturma/Genel/AliciBilgisi/Alici_Adi' has parent object(s)

2021-11-23 17:08:13 - [MESSAGE][INFO] - Switching to iframe: 'Object Repository/Olusturma/Genel/AliciBilgisi/iframe_Alc Bilgisi_customerselectiframe'

2021-11-23 17:08:13 - [MESSAGE][INFO] - Finding web element from Test Object's properties

2021-11-23 17:08:13 - [MESSAGE][INFO] - Checking timeout

2021-11-23 17:08:13 - [MESSAGE][INFO] - Finding web element with id: 'Object Repository/Olusturma/Genel/AliciBilgisi/iframe_Alc Bilgisi_customerselectiframe' located by 'By.xpath: //iframe[@id='customerselectiframe']' in '10' second(s)

2021-11-23 17:08:13 - [MESSAGE][INFO] - Smart Wait Function is triggered

2021-11-23 17:08:13 - [MESSAGE][INFO] - Found 1 web elements with id: 'Object Repository/Olusturma/Genel/AliciBilgisi/iframe_Alc Bilgisi_customerselectiframe' located by 'By.xpath: //iframe[@id='customerselectiframe']' in '10' second(s)

2021-11-23 17:08:13 - [MESSAGE][INFO] - Switched to iframe: 'Object Repository/Olusturma/Genel/AliciBilgisi/iframe_Alc Bilgisi_customerselectiframe'

2021-11-23 17:08:13 - [MESSAGE][INFO] - Finding web element from Test Object's properties

2021-11-23 17:08:13 - [MESSAGE][INFO] - Checking timeout

2021-11-23 17:08:13 - [MESSAGE][INFO] - Finding web element with id: 'Object Repository/Olusturma/Genel/AliciBilgisi/Alici_Adi' located by 'By.xpath: //tr[@id='GridViewCustomer_DXDataRow0']/td[2]' in '10' second(s)

2021-11-23 17:08:13 - [MESSAGE][INFO] - Smart Wait Function is triggered

2021-11-23 17:08:13 - [MESSAGE][INFO] - Found 1 web elements with id: 'Object Repository/Olusturma/Genel/AliciBilgisi/Alici_Adi' located by 'By.xpath: //tr[@id='GridViewCustomer_DXDataRow0']/td[2]' in '10' second(s)

2021-11-23 17:08:13 - [MESSAGE][PASSED] - Object 'Object Repository/Olusturma/Genel/AliciBilgisi/Alici_Adi' is clickable

2021-11-23 17:08:13 - [MESSAGE][INFO] - Switching to default content

2021-11-23 17:08:13 - [TEST_STEP][PASSED] - click(findTestObject("Olusturma/Genel/AliciBilgisi/frame")): Switching to default content

2021-11-23 17:08:13 - [MESSAGE][INFO] - Finding Test Object 'Object Repository/Olusturma/Genel/AliciBilgisi/frame'

2021-11-23 17:08:13 - [MESSAGE][INFO] - Finding Test Object 'Object Repository/Olusturma/Genel/AliciBilgisi/iframe_Alc Bilgisi_customerselectiframe'

2021-11-23 17:08:13 - [MESSAGE][INFO] - Checking object

2021-11-23 17:08:13 - [MESSAGE][INFO] - Object: 'Object Repository/Olusturma/Genel/AliciBilgisi/frame' has parent object(s)

2021-11-23 17:08:13 - [MESSAGE][INFO] - Switching to iframe: 'Object Repository/Olusturma/Genel/AliciBilgisi/iframe_Alc Bilgisi_customerselectiframe'

2021-11-23 17:08:13 - [MESSAGE][INFO] - Finding web element from Test Object's properties

2021-11-23 17:08:13 - [MESSAGE][INFO] - Checking timeout

2021-11-23 17:08:13 - [MESSAGE][INFO] - Finding web element with id: 'Object Repository/Olusturma/Genel/AliciBilgisi/iframe_Alc Bilgisi_customerselectiframe' located by 'By.xpath: //iframe[@id='customerselectiframe']' in '30' second(s)

2021-11-23 17:08:13 - [MESSAGE][INFO] - Smart Wait Function is triggered

2021-11-23 17:08:13 - [MESSAGE][INFO] - Found 1 web elements with id: 'Object Repository/Olusturma/Genel/AliciBilgisi/iframe_Alc Bilgisi_customerselectiframe' located by 'By.xpath: //iframe[@id='customerselectiframe']' in '30' second(s)

2021-11-23 17:08:14 - [MESSAGE][INFO] - Switched to iframe: 'Object Repository/Olusturma/Genel/AliciBilgisi/iframe_Alc Bilgisi_customerselectiframe'

2021-11-23 17:08:14 - [MESSAGE][INFO] - Finding web element from Test Object's properties

2021-11-23 17:08:14 - [MESSAGE][INFO] - Checking timeout

2021-11-23 17:08:14 - [MESSAGE][INFO] - Finding web element with id: 'Object Repository/Olusturma/Genel/AliciBilgisi/frame' located by 'By.xpath: //*/text()[normalize-space(.)='']/parent::*' in '30' second(s)

2021-11-23 17:08:14 - [MESSAGE][INFO] - Smart Wait Function is triggered

2021-11-23 17:08:14 - [MESSAGE][INFO] - Found 66 web elements with id: 'Object Repository/Olusturma/Genel/AliciBilgisi/frame' located by 'By.xpath: //*/text()[normalize-space(.)='']/parent::*' in '30' second(s)

2021-11-23 17:08:14 - [MESSAGE][INFO] - Clicking on object: 'Object Repository/Olusturma/Genel/AliciBilgisi/frame'

2021-11-23 17:08:14 - [MESSAGE][PASSED] - Object: 'Object Repository/Olusturma/Genel/AliciBilgisi/frame' is clicked on

2021-11-23 17:08:14 - [MESSAGE][INFO] - Switching to default content

2021-11-23 17:08:14 - [TEST_STEP][PASSED] - click(findTestObject("Olusturma/Genel/AliciBilgisi/Alici_Adi")): Switching to default content

2021-11-23 17:08:14 - [MESSAGE][INFO] - Finding Test Object 'Object Repository/Olusturma/Genel/AliciBilgisi/Alici_Adi'

2021-11-23 17:08:14 - [MESSAGE][INFO] - Finding Test Object 'Object Repository/Olusturma/Genel/AliciBilgisi/iframe_Alc Bilgisi_customerselectiframe'

2021-11-23 17:08:14 - [MESSAGE][INFO] - Checking object

2021-11-23 17:08:14 - [MESSAGE][INFO] - Object: 'Object Repository/Olusturma/Genel/AliciBilgisi/Alici_Adi' has parent object(s)

2021-11-23 17:08:14 - [MESSAGE][INFO] - Switching to iframe: 'Object Repository/Olusturma/Genel/AliciBilgisi/iframe_Alc Bilgisi_customerselectiframe'

2021-11-23 17:08:14 - [MESSAGE][INFO] - Finding web element from Test Object's properties

2021-11-23 17:08:14 - [MESSAGE][INFO] - Checking timeout

2021-11-23 17:08:14 - [MESSAGE][INFO] - Finding web element with id: 'Object Repository/Olusturma/Genel/AliciBilgisi/iframe_Alc Bilgisi_customerselectiframe' located by 'By.xpath: //iframe[@id='customerselectiframe']' in '30' second(s)

2021-11-23 17:08:14 - [MESSAGE][INFO] - Smart Wait Function is triggered

2021-11-23 17:08:14 - [MESSAGE][INFO] - Found 1 web elements with id: 'Object Repository/Olusturma/Genel/AliciBilgisi/iframe_Alc Bilgisi_customerselectiframe' located by 'By.xpath: //iframe[@id='customerselectiframe']' in '30' second(s)

2021-11-23 17:08:14 - [MESSAGE][INFO] - Switched to iframe: 'Object Repository/Olusturma/Genel/AliciBilgisi/iframe_Alc Bilgisi_customerselectiframe'

2021-11-23 17:08:14 - [MESSAGE][INFO] - Finding web element from Test Object's properties

2021-11-23 17:08:14 - [MESSAGE][INFO] - Checking timeout

2021-11-23 17:08:14 - [MESSAGE][INFO] - Finding web element with id: 'Object Repository/Olusturma/Genel/AliciBilgisi/Alici_Adi' located by 'By.xpath: //tr[@id='GridViewCustomer_DXDataRow0']/td[2]' in '30' second(s)

2021-11-23 17:08:14 - [MESSAGE][INFO] - Smart Wait Function is triggered

2021-11-23 17:08:14 - [MESSAGE][INFO] - Found 1 web elements with id: 'Object Repository/Olusturma/Genel/AliciBilgisi/Alici_Adi' located by 'By.xpath: //tr[@id='GridViewCustomer_DXDataRow0']/td[2]' in '30' second(s)

2021-11-23 17:08:14 - [MESSAGE][INFO] - Clicking on object: 'Object Repository/Olusturma/Genel/AliciBilgisi/Alici_Adi'

2021-11-23 17:08:14 - [MESSAGE][PASSED] - Object: 'Object Repository/Olusturma/Genel/AliciBilgisi/Alici_Adi' is clicked on

2021-11-23 17:08:14 - [MESSAGE][INFO] - Switching to default content

2021-11-23 17:08:14 - [TEST_STEP][PASSED] - click(findTestObject("Olusturma/Genel/AliciBilgisi/Tamam_Bosluk")): Switching to default content

2021-11-23 17:08:14 - [MESSAGE][INFO] - Finding Test Object 'Object Repository/Olusturma/Genel/AliciBilgisi/Tamam_Bosluk'

2021-11-23 17:08:14 - [MESSAGE][INFO] - Finding Test Object 'Object Repository/Olusturma/Genel/AliciBilgisi/Alici_Bilgisi'

2021-11-23 17:08:14 - [MESSAGE][INFO] - Checking object

2021-11-23 17:08:14 - [MESSAGE][INFO] - Object: 'Object Repository/Olusturma/Genel/AliciBilgisi/Tamam_Bosluk' has parent object(s)

2021-11-23 17:08:14 - [MESSAGE][INFO] - Switching to iframe: 'Object Repository/Olusturma/Genel/AliciBilgisi/Alici_Bilgisi'

2021-11-23 17:08:14 - [MESSAGE][INFO] - Finding web element from Test Object's properties

2021-11-23 17:08:14 - [MESSAGE][INFO] - Checking timeout

2021-11-23 17:08:14 - [MESSAGE][INFO] - Finding web element with id: 'Object Repository/Olusturma/Genel/AliciBilgisi/Alici_Bilgisi' located by 'By.xpath: //iframe[@id='customerselectiframe']' in '30' second(s)

2021-11-23 17:08:14 - [MESSAGE][INFO] - Smart Wait Function is triggered

2021-11-23 17:08:15 - [MESSAGE][INFO] - Found 1 web elements with id: 'Object Repository/Olusturma/Genel/AliciBilgisi/Alici_Bilgisi' located by 'By.xpath: //iframe[@id='customerselectiframe']' in '30' second(s)

2021-11-23 17:08:15 - [MESSAGE][INFO] - Switched to iframe: 'Object Repository/Olusturma/Genel/AliciBilgisi/Alici_Bilgisi'

2021-11-23 17:08:15 - [MESSAGE][INFO] - Finding web element from Test Object's properties

2021-11-23 17:08:15 - [MESSAGE][INFO] - Checking timeout

2021-11-23 17:08:15 - [MESSAGE][INFO] - Finding web element with id: 'Object Repository/Olusturma/Genel/AliciBilgisi/Tamam_Bosluk' located by 'By.xpath: (.//*[normalize-space(text()) and normalize-space(.)='Sayfa Boyutu:'])[1]/following::div[7]' in '30' second(s)

2021-11-23 17:08:15 - [MESSAGE][INFO] - Smart Wait Function is triggered

2021-11-23 17:08:15 - [MESSAGE][INFO] - Found 1 web elements with id: 'Object Repository/Olusturma/Genel/AliciBilgisi/Tamam_Bosluk' located by 'By.xpath: (.//*[normalize-space(text()) and normalize-space(.)='Sayfa Boyutu:'])[1]/following::div[7]' in '30' second(s)

2021-11-23 17:08:15 - [MESSAGE][INFO] - Clicking on object: 'Object Repository/Olusturma/Genel/AliciBilgisi/Tamam_Bosluk'

2021-11-23 17:08:15 - [MESSAGE][PASSED] - Object: 'Object Repository/Olusturma/Genel/AliciBilgisi/Tamam_Bosluk' is clicked on

2021-11-23 17:08:15 - [MESSAGE][INFO] - Switching to default content

2021-11-23 17:08:15 - [TEST_STEP][PASSED] - waitForElementClickable(findTestObject("Olusturma/Genel/AliciBilgisi/Tamam_Butonu"), 10): Switching to default content

2021-11-23 17:08:15 - [MESSAGE][INFO] - Finding Test Object 'Object Repository/Olusturma/Genel/AliciBilgisi/Tamam_Butonu'

2021-11-23 17:08:15 - [MESSAGE][INFO] - Finding Test Object 'Object Repository/Olusturma/Genel/AliciBilgisi/Alici_Bilgisi'

2021-11-23 17:08:15 - [MESSAGE][INFO] - Checking object

2021-11-23 17:08:15 - [MESSAGE][INFO] - Checking timeout

2021-11-23 17:08:15 - [MESSAGE][INFO] - Object: 'Object Repository/Olusturma/Genel/AliciBilgisi/Tamam_Butonu' has parent object(s)

2021-11-23 17:08:15 - [MESSAGE][INFO] - Switching to iframe: 'Object Repository/Olusturma/Genel/AliciBilgisi/Alici_Bilgisi'

2021-11-23 17:08:15 - [MESSAGE][INFO] - Finding web element from Test Object's properties

2021-11-23 17:08:15 - [MESSAGE][INFO] - Checking timeout

2021-11-23 17:08:15 - [MESSAGE][INFO] - Finding web element with id: 'Object Repository/Olusturma/Genel/AliciBilgisi/Alici_Bilgisi' located by 'By.xpath: //iframe[@id='customerselectiframe']' in '10' second(s)

2021-11-23 17:08:15 - [MESSAGE][INFO] - Smart Wait Function is triggered

2021-11-23 17:08:15 - [MESSAGE][INFO] - Found 1 web elements with id: 'Object Repository/Olusturma/Genel/AliciBilgisi/Alici_Bilgisi' located by 'By.xpath: //iframe[@id='customerselectiframe']' in '10' second(s)

2021-11-23 17:08:15 - [MESSAGE][INFO] - Switched to iframe: 'Object Repository/Olusturma/Genel/AliciBilgisi/Alici_Bilgisi'

2021-11-23 17:08:15 - [MESSAGE][INFO] - Finding web element from Test Object's properties

2021-11-23 17:08:15 - [MESSAGE][INFO] - Checking timeout

2021-11-23 17:08:15 - [MESSAGE][INFO] - Finding web element with id: 'Object Repository/Olusturma/Genel/AliciBilgisi/Tamam_Butonu' located by 'By.xpath: //div[@id='btnSelectCustomer_CD']/span' in '10' second(s)

2021-11-23 17:08:15 - [MESSAGE][INFO] - Smart Wait Function is triggered

2021-11-23 17:08:16 - [MESSAGE][INFO] - Found 1 web elements with id: 'Object Repository/Olusturma/Genel/AliciBilgisi/Tamam_Butonu' located by 'By.xpath: //div[@id='btnSelectCustomer_CD']/span' in '10' second(s)

2021-11-23 17:08:16 - [MESSAGE][PASSED] - Object 'Object Repository/Olusturma/Genel/AliciBilgisi/Tamam_Butonu' is clickable

2021-11-23 17:08:16 - [MESSAGE][INFO] - Switching to default content

2021-11-23 17:08:16 - [TEST_STEP][PASSED] - click(findTestObject("Olusturma/Genel/AliciBilgisi/Tamam_Butonu")): Switching to default content

2021-11-23 17:08:16 - [MESSAGE][INFO] - Finding Test Object 'Object Repository/Olusturma/Genel/AliciBilgisi/Tamam_Butonu'

2021-11-23 17:08:16 - [MESSAGE][INFO] - Finding Test Object 'Object Repository/Olusturma/Genel/AliciBilgisi/Alici_Bilgisi'

2021-11-23 17:08:16 - [MESSAGE][INFO] - Checking object

2021-11-23 17:08:16 - [MESSAGE][INFO] - Object: 'Object Repository/Olusturma/Genel/AliciBilgisi/Tamam_Butonu' has parent object(s)

2021-11-23 17:08:16 - [MESSAGE][INFO] - Switching to iframe: 'Object Repository/Olusturma/Genel/AliciBilgisi/Alici_Bilgisi'

2021-11-23 17:08:16 - [MESSAGE][INFO] - Finding web element from Test Object's properties

2021-11-23 17:08:16 - [MESSAGE][INFO] - Checking timeout

2021-11-23 17:08:16 - [MESSAGE][INFO] - Finding web element with id: 'Object Repository/Olusturma/Genel/AliciBilgisi/Alici_Bilgisi' located by 'By.xpath: //iframe[@id='customerselectiframe']' in '30' second(s)

2021-11-23 17:08:16 - [MESSAGE][INFO] - Smart Wait Function is triggered

2021-11-23 17:08:16 - [MESSAGE][INFO] - Found 1 web elements with id: 'Object Repository/Olusturma/Genel/AliciBilgisi/Alici_Bilgisi' located by 'By.xpath: //iframe[@id='customerselectiframe']' in '30' second(s)

2021-11-23 17:08:16 - [MESSAGE][INFO] - Switched to iframe: 'Object Repository/Olusturma/Genel/AliciBilgisi/Alici_Bilgisi'

2021-11-23 17:08:16 - [MESSAGE][INFO] - Finding web element from Test Object's properties

2021-11-23 17:08:16 - [MESSAGE][INFO] - Checking timeout

2021-11-23 17:08:16 - [MESSAGE][INFO] - Finding web element with id: 'Object Repository/Olusturma/Genel/AliciBilgisi/Tamam_Butonu' located by 'By.xpath: //div[@id='btnSelectCustomer_CD']/span' in '30' second(s)

2021-11-23 17:08:16 - [MESSAGE][INFO] - Smart Wait Function is triggered

2021-11-23 17:08:16 - [MESSAGE][INFO] - Found 1 web elements with id: 'Object Repository/Olusturma/Genel/AliciBilgisi/Tamam_Butonu' located by 'By.xpath: //div[@id='btnSelectCustomer_CD']/span' in '30' second(s)

2021-11-23 17:08:16 - [MESSAGE][INFO] - Clicking on object: 'Object Repository/Olusturma/Genel/AliciBilgisi/Tamam_Butonu'

2021-11-23 17:08:16 - [MESSAGE][PASSED] - Object: 'Object Repository/Olusturma/Genel/AliciBilgisi/Tamam_Butonu' is clicked on

2021-11-23 17:08:17 - [MESSAGE][INFO] - Switching to default content

2021-11-23 17:08:17 - [TEST_STEP][PASSED] - waitForElementPresent(findTestObject("Olusturma/Genel/AliciBilgisi/VKN-TCKN"), 10): Object 'Object Repository/Olusturma/Genel/AliciBilgisi/VKN-TCKN' is present

2021-11-23 17:08:17 - [MESSAGE][INFO] - Finding Test Object 'Object Repository/Olusturma/Genel/AliciBilgisi/VKN-TCKN'

2021-11-23 17:08:17 - [MESSAGE][INFO] - Checking object

2021-11-23 17:08:17 - [MESSAGE][INFO] - Finding web element from Test Object's properties

2021-11-23 17:08:17 - [MESSAGE][INFO] - Checking timeout

2021-11-23 17:08:17 - [MESSAGE][INFO] - Finding web element with id: 'Object Repository/Olusturma/Genel/AliciBilgisi/VKN-TCKN' located by 'By.xpath: //*[@id = 'txtVknTckn_I']' in '10' second(s)

2021-11-23 17:08:17 - [MESSAGE][INFO] - Smart Wait Function is triggered

2021-11-23 17:08:17 - [MESSAGE][INFO] - Found 1 web elements with id: 'Object Repository/Olusturma/Genel/AliciBilgisi/VKN-TCKN' located by 'By.xpath: //*[@id = 'txtVknTckn_I']' in '10' second(s)

2021-11-23 17:08:17 - [MESSAGE][PASSED] - Object 'Object Repository/Olusturma/Genel/AliciBilgisi/VKN-TCKN' is present

2021-11-23 17:08:17 - [TEST_STEP][PASSED] - text = getAttribute(findTestObject("Olusturma/Genel/AliciBilgisi/VKN-TCKN"), "value"): Attribute 'value' of object 'Object Repository/Olusturma/Genel/AliciBilgisi/VKN-TCKN' is: '5324398537'

2021-11-23 17:08:17 - [MESSAGE][INFO] - Finding Test Object 'Object Repository/Olusturma/Genel/AliciBilgisi/VKN-TCKN'

2021-11-23 17:08:17 - [MESSAGE][INFO] - Checking object

2021-11-23 17:08:17 - [MESSAGE][INFO] - Checking attribute

2021-11-23 17:08:17 - [MESSAGE][INFO] - Finding web element from Test Object's properties

2021-11-23 17:08:17 - [MESSAGE][INFO] - Checking timeout

2021-11-23 17:08:17 - [MESSAGE][INFO] - Finding web element with id: 'Object Repository/Olusturma/Genel/AliciBilgisi/VKN-TCKN' located by 'By.xpath: //*[@id = 'txtVknTckn_I']' in '30' second(s)

2021-11-23 17:08:17 - [MESSAGE][INFO] - Smart Wait Function is triggered

2021-11-23 17:08:17 - [MESSAGE][INFO] - Found 1 web elements with id: 'Object Repository/Olusturma/Genel/AliciBilgisi/VKN-TCKN' located by 'By.xpath: //*[@id = 'txtVknTckn_I']' in '30' second(s)

2021-11-23 17:08:17 - [MESSAGE][INFO] - Getting attribute 'value' of object 'Object Repository/Olusturma/Genel/AliciBilgisi/VKN-TCKN'

2021-11-23 17:08:17 - [MESSAGE][PASSED] - Attribute 'value' of object 'Object Repository/Olusturma/Genel/AliciBilgisi/VKN-TCKN' is: '5324398537'

2021-11-23 17:08:17 - [TEST_STEP][PASSED] - if (text.equals("")): null

2021-11-23 17:08:17 - [MESSAGE][PASSED] - Call Test Case 'Test Cases/Olusturma/Genel/AliciSecilir' successfully

2021-11-23 17:08:18 - [MESSAGE][INFO] - Checking called Test Case

2021-11-23 17:08:18 - [MESSAGE][INFO] - Starting to call Test Case 'Test Cases/Olusturma/Genel/GonderimSekliSecilir'

2021-11-23 17:08:18 - [TEST_CASE][PASSED] - Test Cases/Olusturma/Genel/GonderimSekliSecilir: Test Cases/Olusturma/Genel/GonderimSekliSecilir

2021-11-23 17:08:18 - [TEST_STEP][PASSED] - waitForElementClickable(findTestObject("Object Repository/Olusturma/Genel/GonderimSekli/GonderimSekli"), 10): Object 'Object Repository/Olusturma/Genel/GonderimSekli/GonderimSekli' is clickable

2021-11-23 17:08:18 - [MESSAGE][INFO] - Finding Test Object 'Object Repository/Olusturma/Genel/GonderimSekli/GonderimSekli'

2021-11-23 17:08:18 - [MESSAGE][INFO] - Checking object

2021-11-23 17:08:18 - [MESSAGE][INFO] - Checking timeout

2021-11-23 17:08:18 - [MESSAGE][INFO] - Finding web element from Test Object's properties

2021-11-23 17:08:18 - [MESSAGE][INFO] - Checking timeout

2021-11-23 17:08:18 - [MESSAGE][INFO] - Finding web element with id: 'Object Repository/Olusturma/Genel/GonderimSekli/GonderimSekli' located by 'By.xpath: //*[@id = 'txtGonderimSekil_I']' in '10' second(s)

2021-11-23 17:08:18 - [MESSAGE][INFO] - Smart Wait Function is triggered

2021-11-23 17:08:18 - [MESSAGE][INFO] - Found 1 web elements with id: 'Object Repository/Olusturma/Genel/GonderimSekli/GonderimSekli' located by 'By.xpath: //*[@id = 'txtGonderimSekil_I']' in '10' second(s)

2021-11-23 17:08:18 - [MESSAGE][PASSED] - Object 'Object Repository/Olusturma/Genel/GonderimSekli/GonderimSekli' is clickable

2021-11-23 17:08:18 - [TEST_STEP][PASSED] - click(findTestObject("Object Repository/Olusturma/Genel/GonderimSekli/GonderimSekli")): Object: 'Object Repository/Olusturma/Genel/GonderimSekli/GonderimSekli' is clicked on

2021-11-23 17:08:18 - [MESSAGE][INFO] - Finding Test Object 'Object Repository/Olusturma/Genel/GonderimSekli/GonderimSekli'

2021-11-23 17:08:18 - [MESSAGE][INFO] - Checking object

2021-11-23 17:08:18 - [MESSAGE][INFO] - Finding web element from Test Object's properties

2021-11-23 17:08:18 - [MESSAGE][INFO] - Checking timeout

2021-11-23 17:08:18 - [MESSAGE][INFO] - Finding web element with id: 'Object Repository/Olusturma/Genel/GonderimSekli/GonderimSekli' located by 'By.xpath: //*[@id = 'txtGonderimSekil_I']' in '30' second(s)

2021-11-23 17:08:18 - [MESSAGE][INFO] - Smart Wait Function is triggered

2021-11-23 17:08:18 - [MESSAGE][INFO] - Found 1 web elements with id: 'Object Repository/Olusturma/Genel/GonderimSekli/GonderimSekli' located by 'By.xpath: //*[@id = 'txtGonderimSekil_I']' in '30' second(s)

2021-11-23 17:08:18 - [MESSAGE][INFO] - Clicking on object: 'Object Repository/Olusturma/Genel/GonderimSekli/GonderimSekli'

2021-11-23 17:08:18 - [MESSAGE][PASSED] - Object: 'Object Repository/Olusturma/Genel/GonderimSekli/GonderimSekli' is clicked on

2021-11-23 17:08:18 - [TEST_STEP][PASSED] - Method.TextDegerineEsitElementeTikla(findTestObject("Object Repository/Olusturma/Genel/GonderimSekli/GonderimSekliAdi"), GonderimSekli): Method.TextDegerineEsitElementeTikla is PASSED

2021-11-23 17:08:18 - [MESSAGE][INFO] - Finding Test Object 'Object Repository/Olusturma/Genel/GonderimSekli/GonderimSekliAdi'

2021-11-23 17:08:19 - [MESSAGE][INFO] - Checking timeout

2021-11-23 17:08:19 - [MESSAGE][INFO] - Finding web element with id: 'Object Repository/Olusturma/Genel/GonderimSekli/GonderimSekliAdi' located by 'By.cssSelector: #txtGonderimSekil_DDD_L_LBT td' in '10' second(s)

2021-11-23 17:08:19 - [MESSAGE][INFO] - Smart Wait Function is triggered

2021-11-23 17:08:19 - [MESSAGE][INFO] - Found 2 web elements with id: 'Object Repository/Olusturma/Genel/GonderimSekli/GonderimSekliAdi' located by 'By.cssSelector: #txtGonderimSekil_DDD_L_LBT td' in '10' second(s)

2021-11-23 17:08:19 - [MESSAGE][PASSED] - Method.TextDegerineEsitElementeTikla is PASSED

2021-11-23 17:08:19 - [MESSAGE][PASSED] - Call Test Case 'Test Cases/Olusturma/Genel/GonderimSekliSecilir' successfully

2021-11-23 17:08:19 - [MESSAGE][INFO] - Checking called Test Case

2021-11-23 17:08:19 - [MESSAGE][INFO] - Starting to call Test Case 'Test Cases/Olusturma/Genel/TipSecilir'

2021-11-23 17:08:19 - [TEST_CASE][PASSED] - Test Cases/Olusturma/Genel/TipSecilir: Test Cases/Olusturma/Genel/TipSecilir

2021-11-23 17:08:19 - [TEST_STEP][PASSED] - waitForElementClickable(findTestObject("Olusturma/Genel/TipSecilir/Tip"), 10): Object 'Object Repository/Olusturma/Genel/TipSecilir/Tip' is clickable

2021-11-23 17:08:19 - [MESSAGE][INFO] - Finding Test Object 'Object Repository/Olusturma/Genel/TipSecilir/Tip'

2021-11-23 17:08:19 - [MESSAGE][INFO] - Checking object

2021-11-23 17:08:19 - [MESSAGE][INFO] - Checking timeout

2021-11-23 17:08:19 - [MESSAGE][INFO] - Finding web element from Test Object's properties

2021-11-23 17:08:19 - [MESSAGE][INFO] - Checking timeout

2021-11-23 17:08:19 - [MESSAGE][INFO] - Finding web element with id: 'Object Repository/Olusturma/Genel/TipSecilir/Tip' located by 'By.xpath: //*[@id = 'DocumentTypeCode_I']' in '10' second(s)

2021-11-23 17:08:19 - [MESSAGE][INFO] - Smart Wait Function is triggered

2021-11-23 17:08:19 - [MESSAGE][INFO] - Found 1 web elements with id: 'Object Repository/Olusturma/Genel/TipSecilir/Tip' located by 'By.xpath: //*[@id = 'DocumentTypeCode_I']' in '10' second(s)

2021-11-23 17:08:19 - [MESSAGE][PASSED] - Object 'Object Repository/Olusturma/Genel/TipSecilir/Tip' is clickable

2021-11-23 17:08:19 - [TEST_STEP][PASSED] - click(findTestObject("Olusturma/Genel/TipSecilir/Tip")): Object: 'Object Repository/Olusturma/Genel/TipSecilir/Tip' is clicked on

2021-11-23 17:08:19 - [MESSAGE][INFO] - Finding Test Object 'Object Repository/Olusturma/Genel/TipSecilir/Tip'

2021-11-23 17:08:20 - [MESSAGE][INFO] - Checking object

2021-11-23 17:08:20 - [MESSAGE][INFO] - Finding web element from Test Object's properties

2021-11-23 17:08:20 - [MESSAGE][INFO] - Checking timeout

2021-11-23 17:08:20 - [MESSAGE][INFO] - Finding web element with id: 'Object Repository/Olusturma/Genel/TipSecilir/Tip' located by 'By.xpath: //*[@id = 'DocumentTypeCode_I']' in '30' second(s)

2021-11-23 17:08:20 - [MESSAGE][INFO] - Smart Wait Function is triggered

2021-11-23 17:08:20 - [MESSAGE][INFO] - Found 1 web elements with id: 'Object Repository/Olusturma/Genel/TipSecilir/Tip' located by 'By.xpath: //*[@id = 'DocumentTypeCode_I']' in '30' second(s)

2021-11-23 17:08:20 - [MESSAGE][INFO] - Clicking on object: 'Object Repository/Olusturma/Genel/TipSecilir/Tip'

2021-11-23 17:08:20 - [MESSAGE][PASSED] - Object: 'Object Repository/Olusturma/Genel/TipSecilir/Tip' is clicked on

2021-11-23 17:08:20 - [TEST_STEP][PASSED] - Method.TextDegerineEsitElementeTikla(findTestObject("Object Repository/Olusturma/Genel/TipSecilir/Tip_Adi"), Tip): Method.TextDegerineEsitElementeTikla is PASSED

2021-11-23 17:08:20 - [MESSAGE][INFO] - Finding Test Object 'Object Repository/Olusturma/Genel/TipSecilir/Tip_Adi'

2021-11-23 17:08:20 - [MESSAGE][INFO] - Checking timeout

2021-11-23 17:08:20 - [MESSAGE][INFO] - Finding web element with id: 'Object Repository/Olusturma/Genel/TipSecilir/Tip_Adi' located by 'By.cssSelector: #DocumentTypeCode_DDD_L_LBT td' in '10' second(s)

2021-11-23 17:08:20 - [MESSAGE][INFO] - Smart Wait Function is triggered

2021-11-23 17:08:20 - [MESSAGE][INFO] - Found 9 web elements with id: 'Object Repository/Olusturma/Genel/TipSecilir/Tip_Adi' located by 'By.cssSelector: #DocumentTypeCode_DDD_L_LBT td' in '10' second(s)

2021-11-23 17:08:21 - [MESSAGE][PASSED] - Method.TextDegerineEsitElementeTikla is PASSED

2021-11-23 17:08:21 - [MESSAGE][PASSED] - Call Test Case 'Test Cases/Olusturma/Genel/TipSecilir' successfully

2021-11-23 17:08:21 - [MESSAGE][INFO] - Checking called Test Case

2021-11-23 17:08:21 - [MESSAGE][INFO] - Starting to call Test Case 'Test Cases/Olusturma/Genel/DokumanParaBirimiSecilir'

2021-11-23 17:08:21 - [TEST_CASE][PASSED] - Test Cases/Olusturma/Genel/DokumanParaBirimiSecilir: Test Cases/Olusturma/Genel/DokumanParaBirimiSecilir

2021-11-23 17:08:21 - [TEST_STEP][PASSED] - waitForElementClickable(findTestObject("Object Repository/Olusturma/Genel/DokumanParaBirimiSecilir/Para"), 10): Object 'Object Repository/Olusturma/Genel/DokumanParaBirimiSecilir/Para' is clickable

2021-11-23 17:08:21 - [MESSAGE][INFO] - Finding Test Object 'Object Repository/Olusturma/Genel/DokumanParaBirimiSecilir/Para'

2021-11-23 17:08:21 - [MESSAGE][INFO] - Checking object

2021-11-23 17:08:21 - [MESSAGE][INFO] - Checking timeout

2021-11-23 17:08:21 - [MESSAGE][INFO] - Finding web element from Test Object's properties

2021-11-23 17:08:21 - [MESSAGE][INFO] - Checking timeout

2021-11-23 17:08:21 - [MESSAGE][INFO] - Finding web element with id: 'Object Repository/Olusturma/Genel/DokumanParaBirimiSecilir/Para' located by 'By.xpath: //*[@id = 'CurrencyUnit_I']' in '10' second(s)

2021-11-23 17:08:21 - [MESSAGE][INFO] - Smart Wait Function is triggered

2021-11-23 17:08:22 - [MESSAGE][INFO] - Found 1 web elements with id: 'Object Repository/Olusturma/Genel/DokumanParaBirimiSecilir/Para' located by 'By.xpath: //*[@id = 'CurrencyUnit_I']' in '10' second(s)

2021-11-23 17:08:22 - [MESSAGE][PASSED] - Object 'Object Repository/Olusturma/Genel/DokumanParaBirimiSecilir/Para' is clickable

2021-11-23 17:08:22 - [TEST_STEP][PASSED] - click(findTestObject("Object Repository/Olusturma/Genel/DokumanParaBirimiSecilir/Para")): Object: 'Object Repository/Olusturma/Genel/DokumanParaBirimiSecilir/Para' is clicked on

2021-11-23 17:08:22 - [MESSAGE][INFO] - Finding Test Object 'Object Repository/Olusturma/Genel/DokumanParaBirimiSecilir/Para'

2021-11-23 17:08:23 - [MESSAGE][INFO] - Checking object

2021-11-23 17:08:23 - [MESSAGE][INFO] - Finding web element from Test Object's properties

2021-11-23 17:08:23 - [MESSAGE][INFO] - Checking timeout

2021-11-23 17:08:23 - [MESSAGE][INFO] - Finding web element with id: 'Object Repository/Olusturma/Genel/DokumanParaBirimiSecilir/Para' located by 'By.xpath: //*[@id = 'CurrencyUnit_I']' in '30' second(s)

2021-11-23 17:08:23 - [MESSAGE][INFO] - Smart Wait Function is triggered

2021-11-23 17:08:23 - [MESSAGE][INFO] - Found 1 web elements with id: 'Object Repository/Olusturma/Genel/DokumanParaBirimiSecilir/Para' located by 'By.xpath: //*[@id = 'CurrencyUnit_I']' in '30' second(s)

2021-11-23 17:08:23 - [MESSAGE][INFO] - Clicking on object: 'Object Repository/Olusturma/Genel/DokumanParaBirimiSecilir/Para'

2021-11-23 17:08:23 - [MESSAGE][PASSED] - Object: 'Object Repository/Olusturma/Genel/DokumanParaBirimiSecilir/Para' is clicked on

2021-11-23 17:08:23 - [TEST_STEP][PASSED] - Method.TextDegerineEsitElementeTikla(findTestObject("Object Repository/Olusturma/Genel/DokumanParaBirimiSecilir/Para_Adi"), Para): Method.TextDegerineEsitElementeTikla is PASSED

2021-11-23 17:08:23 - [MESSAGE][INFO] - Finding Test Object 'Object Repository/Olusturma/Genel/DokumanParaBirimiSecilir/Para_Adi'

2021-11-23 17:08:23 - [MESSAGE][INFO] - Checking timeout

2021-11-23 17:08:23 - [MESSAGE][INFO] - Finding web element with id: 'Object Repository/Olusturma/Genel/DokumanParaBirimiSecilir/Para_Adi' located by 'By.cssSelector: #CurrencyUnit_DDD_L_LBT td' in '10' second(s)

2021-11-23 17:08:23 - [MESSAGE][INFO] - Smart Wait Function is triggered

2021-11-23 17:08:23 - [MESSAGE][INFO] - Found 203 web elements with id: 'Object Repository/Olusturma/Genel/DokumanParaBirimiSecilir/Para_Adi' located by 'By.cssSelector: #CurrencyUnit_DDD_L_LBT td' in '10' second(s)

2021-11-23 17:08:29 - [MESSAGE][PASSED] - Method.TextDegerineEsitElementeTikla is PASSED

2021-11-23 17:08:29 - [MESSAGE][PASSED] - Call Test Case 'Test Cases/Olusturma/Genel/DokumanParaBirimiSecilir' successfully

2021-11-23 17:08:29 - [MESSAGE][INFO] - Checking called Test Case

2021-11-23 17:08:29 - [MESSAGE][INFO] - Starting to call Test Case 'Test Cases/Olusturma/Genel/OnEkSecilir'

2021-11-23 17:08:29 - [TEST_CASE][PASSED] - Test Cases/Olusturma/Genel/OnEkSecilir: Test Cases/Olusturma/Genel/OnEkSecilir

2021-11-23 17:08:29 - [TEST_STEP][PASSED] - waitForElementClickable(findTestObject("Object Repository/Olusturma/Genel/OnEkSecilir/OnEk"), 10): Object 'Object Repository/Olusturma/Genel/OnEkSecilir/OnEk' is clickable

2021-11-23 17:08:29 - [MESSAGE][INFO] - Finding Test Object 'Object Repository/Olusturma/Genel/OnEkSecilir/OnEk'

2021-11-23 17:08:29 - [MESSAGE][INFO] - Checking object

2021-11-23 17:08:29 - [MESSAGE][INFO] - Checking timeout

2021-11-23 17:08:29 - [MESSAGE][INFO] - Finding web element from Test Object's properties

2021-11-23 17:08:29 - [MESSAGE][INFO] - Checking timeout

2021-11-23 17:08:29 - [MESSAGE][INFO] - Finding web element with id: 'Object Repository/Olusturma/Genel/OnEkSecilir/OnEk' located by 'By.xpath: //*[@id = 'InvoicePrefix_I']' in '10' second(s)

2021-11-23 17:08:29 - [MESSAGE][INFO] - Smart Wait Function is triggered

2021-11-23 17:08:30 - [MESSAGE][INFO] - Found 1 web elements with id: 'Object Repository/Olusturma/Genel/OnEkSecilir/OnEk' located by 'By.xpath: //*[@id = 'InvoicePrefix_I']' in '10' second(s)

2021-11-23 17:08:30 - [MESSAGE][PASSED] - Object 'Object Repository/Olusturma/Genel/OnEkSecilir/OnEk' is clickable

2021-11-23 17:08:30 - [TEST_STEP][PASSED] - click(findTestObject("Object Repository/Olusturma/Genel/OnEkSecilir/OnEk")): Object: 'Object Repository/Olusturma/Genel/OnEkSecilir/OnEk' is clicked on

2021-11-23 17:08:30 - [MESSAGE][INFO] - Finding Test Object 'Object Repository/Olusturma/Genel/OnEkSecilir/OnEk'

2021-11-23 17:08:30 - [MESSAGE][INFO] - Checking object

2021-11-23 17:08:30 - [MESSAGE][INFO] - Finding web element from Test Object's properties

2021-11-23 17:08:30 - [MESSAGE][INFO] - Checking timeout

2021-11-23 17:08:30 - [MESSAGE][INFO] - Finding web element with id: 'Object Repository/Olusturma/Genel/OnEkSecilir/OnEk' located by 'By.xpath: //*[@id = 'InvoicePrefix_I']' in '30' second(s)

2021-11-23 17:08:30 - [MESSAGE][INFO] - Smart Wait Function is triggered

2021-11-23 17:08:30 - [MESSAGE][INFO] - Found 1 web elements with id: 'Object Repository/Olusturma/Genel/OnEkSecilir/OnEk' located by 'By.xpath: //*[@id = 'InvoicePrefix_I']' in '30' second(s)

2021-11-23 17:08:30 - [MESSAGE][INFO] - Clicking on object: 'Object Repository/Olusturma/Genel/OnEkSecilir/OnEk'

2021-11-23 17:08:30 - [MESSAGE][PASSED] - Object: 'Object Repository/Olusturma/Genel/OnEkSecilir/OnEk' is clicked on

2021-11-23 17:08:30 - [TEST_STEP][PASSED] - Method.TextDegerineEsitElementeTiklaEquals(findTestObject("Object Repository/Olusturma/Genel/OnEkSecilir/OnEkAdi"), Ek): Method.TextDegerineEsitElementeTiklaEquals is PASSED

2021-11-23 17:08:30 - [MESSAGE][INFO] - Finding Test Object 'Object Repository/Olusturma/Genel/OnEkSecilir/OnEkAdi'

2021-11-23 17:08:30 - [MESSAGE][INFO] - Checking timeout

2021-11-23 17:08:30 - [MESSAGE][INFO] - Finding web element with id: 'Object Repository/Olusturma/Genel/OnEkSecilir/OnEkAdi' located by 'By.cssSelector: #InvoicePrefix_DDD_L_LBT td' in '10' second(s)

2021-11-23 17:08:30 - [MESSAGE][INFO] - Smart Wait Function is triggered

2021-11-23 17:08:31 - [MESSAGE][INFO] - Found 1 web elements with id: 'Object Repository/Olusturma/Genel/OnEkSecilir/OnEkAdi' located by 'By.cssSelector: #InvoicePrefix_DDD_L_LBT td' in '10' second(s)

2021-11-23 17:08:31 - [MESSAGE][PASSED] - Method.TextDegerineEsitElementeTiklaEquals is PASSED

2021-11-23 17:08:31 - [MESSAGE][PASSED] - Call Test Case 'Test Cases/Olusturma/Genel/OnEkSecilir' successfully

2021-11-23 17:08:31 - [MESSAGE][INFO] - Checking called Test Case

2021-11-23 17:08:31 - [MESSAGE][INFO] - Starting to call Test Case 'Test Cases/Olusturma/Genel/TasarimSecilir'

2021-11-23 17:08:31 - [TEST_CASE][PASSED] - Test Cases/Olusturma/Genel/TasarimSecilir: Test Cases/Olusturma/Genel/TasarimSecilir

2021-11-23 17:08:31 - [TEST_STEP][PASSED] - waitForElementClickable(findTestObject("Object Repository/Olusturma/Genel/TasarimSecilir/Tasarim"), 10): Object 'Object Repository/Olusturma/Genel/TasarimSecilir/Tasarim' is clickable

2021-11-23 17:08:31 - [MESSAGE][INFO] - Finding Test Object 'Object Repository/Olusturma/Genel/TasarimSecilir/Tasarim'

2021-11-23 17:08:31 - [MESSAGE][INFO] - Checking object

2021-11-23 17:08:31 - [MESSAGE][INFO] - Checking timeout

2021-11-23 17:08:31 - [MESSAGE][INFO] - Finding web element from Test Object's properties

2021-11-23 17:08:31 - [MESSAGE][INFO] - Checking timeout

2021-11-23 17:08:31 - [MESSAGE][INFO] - Finding web element with id: 'Object Repository/Olusturma/Genel/TasarimSecilir/Tasarim' located by 'By.xpath: //*[@id = 'DesignId_I']' in '10' second(s)

2021-11-23 17:08:31 - [MESSAGE][INFO] - Smart Wait Function is triggered

2021-11-23 17:08:31 - [MESSAGE][INFO] - Found 1 web elements with id: 'Object Repository/Olusturma/Genel/TasarimSecilir/Tasarim' located by 'By.xpath: //*[@id = 'DesignId_I']' in '10' second(s)

2021-11-23 17:08:31 - [MESSAGE][PASSED] - Object 'Object Repository/Olusturma/Genel/TasarimSecilir/Tasarim' is clickable

2021-11-23 17:08:31 - [TEST_STEP][PASSED] - click(findTestObject("Object Repository/Olusturma/Genel/TasarimSecilir/Tasarim")): Object: 'Object Repository/Olusturma/Genel/TasarimSecilir/Tasarim' is clicked on

2021-11-23 17:08:31 - [MESSAGE][INFO] - Finding Test Object 'Object Repository/Olusturma/Genel/TasarimSecilir/Tasarim'

2021-11-23 17:08:31 - [MESSAGE][INFO] - Checking object

2021-11-23 17:08:31 - [MESSAGE][INFO] - Finding web element from Test Object's properties

2021-11-23 17:08:31 - [MESSAGE][INFO] - Checking timeout

2021-11-23 17:08:31 - [MESSAGE][INFO] - Finding web element with id: 'Object Repository/Olusturma/Genel/TasarimSecilir/Tasarim' located by 'By.xpath: //*[@id = 'DesignId_I']' in '30' second(s)

2021-11-23 17:08:31 - [MESSAGE][INFO] - Smart Wait Function is triggered

2021-11-23 17:08:32 - [MESSAGE][INFO] - Found 1 web elements with id: 'Object Repository/Olusturma/Genel/TasarimSecilir/Tasarim' located by 'By.xpath: //*[@id = 'DesignId_I']' in '30' second(s)

2021-11-23 17:08:32 - [MESSAGE][INFO] - Clicking on object: 'Object Repository/Olusturma/Genel/TasarimSecilir/Tasarim'

2021-11-23 17:08:32 - [MESSAGE][PASSED] - Object: 'Object Repository/Olusturma/Genel/TasarimSecilir/Tasarim' is clicked on

2021-11-23 17:08:32 - [TEST_STEP][PASSED] - Method.TextDegerineEsitElementeTikla(findTestObject("Object Repository/Olusturma/Genel/TasarimSecilir/Tasarim_Adi"), Tasarim): Method.TextDegerineEsitElementeTikla is PASSED

2021-11-23 17:08:32 - [MESSAGE][INFO] - Finding Test Object 'Object Repository/Olusturma/Genel/TasarimSecilir/Tasarim_Adi'

2021-11-23 17:08:32 - [MESSAGE][INFO] - Checking timeout

2021-11-23 17:08:32 - [MESSAGE][INFO] - Finding web element with id: 'Object Repository/Olusturma/Genel/TasarimSecilir/Tasarim_Adi' located by 'By.cssSelector: #DesignId_DDD_L_LBT td' in '10' second(s)

2021-11-23 17:08:32 - [MESSAGE][INFO] - Smart Wait Function is triggered

2021-11-23 17:08:32 - [MESSAGE][INFO] - Found 1 web elements with id: 'Object Repository/Olusturma/Genel/TasarimSecilir/Tasarim_Adi' located by 'By.cssSelector: #DesignId_DDD_L_LBT td' in '10' second(s)

2021-11-23 17:08:33 - [MESSAGE][PASSED] - Method.TextDegerineEsitElementeTikla is PASSED

2021-11-23 17:08:33 - [MESSAGE][PASSED] - Call Test Case 'Test Cases/Olusturma/Genel/TasarimSecilir' successfully

2021-11-23 17:08:33 - [MESSAGE][INFO] - Checking called Test Case

2021-11-23 17:08:33 - [MESSAGE][INFO] - Starting to call Test Case 'Test Cases/Olusturma/Genel/Kutular/SiparisBilgileriGirilir'

2021-11-23 17:08:33 - [TEST_CASE][PASSED] - Test Cases/Olusturma/Genel/Kutular/SiparisBilgileriGirilir: Test Cases/Olusturma/Genel/Kutular/SiparisBilgileriGirilir

2021-11-23 17:08:33 - [TEST_STEP][PASSED] - Method.TextDegerineEsitElementeTikla(findTestObject("Olusturma/Genel/Kutular/KapaliKutular"), "Sipariş Bilgileri"): Method.TextDegerineEsitElementeTikla is PASSED

2021-11-23 17:08:33 - [MESSAGE][INFO] - Finding Test Object 'Object Repository/Olusturma/Genel/Kutular/KapaliKutular'

2021-11-23 17:08:33 - [MESSAGE][INFO] - Checking timeout

2021-11-23 17:08:33 - [MESSAGE][INFO] - Finding web element with id: 'Object Repository/Olusturma/Genel/Kutular/KapaliKutular' located by 'By.cssSelector: .dxnb-headerCollapsed>span' in '10' second(s)

2021-11-23 17:08:33 - [MESSAGE][INFO] - Smart Wait Function is triggered

2021-11-23 17:08:33 - [MESSAGE][INFO] - Found 8 web elements with id: 'Object Repository/Olusturma/Genel/Kutular/KapaliKutular' located by 'By.cssSelector: .dxnb-headerCollapsed>span' in '10' second(s)

2021-11-23 17:08:33 - [MESSAGE][PASSED] - Method.TextDegerineEsitElementeTikla is PASSED

2021-11-23 17:08:33 - [TEST_STEP][PASSED] - waitForElementPresent(findTestObject("Object Repository/Olusturma/Genel/Kutular/SiparisBilgileri/SiparisNo"), 10): Object 'Object Repository/Olusturma/Genel/Kutular/SiparisBilgileri/SiparisNo' is present

2021-11-23 17:08:33 - [MESSAGE][INFO] - Finding Test Object 'Object Repository/Olusturma/Genel/Kutular/SiparisBilgileri/SiparisNo'

2021-11-23 17:08:33 - [MESSAGE][INFO] - Checking object

2021-11-23 17:08:33 - [MESSAGE][INFO] - Finding web element from Test Object's properties

2021-11-23 17:08:33 - [MESSAGE][INFO] - Checking timeout

2021-11-23 17:08:33 - [MESSAGE][INFO] - Finding web element with id: 'Object Repository/Olusturma/Genel/Kutular/SiparisBilgileri/SiparisNo' located by 'By.xpath: //*[@id = 'txtSiparisNo_I']' in '10' second(s)

2021-11-23 17:08:33 - [MESSAGE][INFO] - Smart Wait Function is triggered

2021-11-23 17:08:33 - [MESSAGE][INFO] - Found 1 web elements with id: 'Object Repository/Olusturma/Genel/Kutular/SiparisBilgileri/SiparisNo' located by 'By.xpath: //*[@id = 'txtSiparisNo_I']' in '10' second(s)

2021-11-23 17:08:33 - [MESSAGE][PASSED] - Object 'Object Repository/Olusturma/Genel/Kutular/SiparisBilgileri/SiparisNo' is present

2021-11-23 17:08:33 - [TEST_STEP][PASSED] - clearText(findTestObject("Object Repository/Olusturma/Genel/Kutular/SiparisBilgileri/SiparisNo")): Text of object 'Object Repository/Olusturma/Genel/Kutular/SiparisBilgileri/SiparisNo' is cleared

2021-11-23 17:08:33 - [MESSAGE][INFO] - Finding Test Object 'Object Repository/Olusturma/Genel/Kutular/SiparisBilgileri/SiparisNo'

2021-11-23 17:08:34 - [MESSAGE][INFO] - Checking object

2021-11-23 17:08:34 - [MESSAGE][INFO] - Finding web element from Test Object's properties

2021-11-23 17:08:34 - [MESSAGE][INFO] - Checking timeout

2021-11-23 17:08:34 - [MESSAGE][INFO] - Finding web element with id: 'Object Repository/Olusturma/Genel/Kutular/SiparisBilgileri/SiparisNo' located by 'By.xpath: //*[@id = 'txtSiparisNo_I']' in '30' second(s)

2021-11-23 17:08:34 - [MESSAGE][INFO] - Smart Wait Function is triggered

2021-11-23 17:08:34 - [MESSAGE][INFO] - Found 1 web elements with id: 'Object Repository/Olusturma/Genel/Kutular/SiparisBilgileri/SiparisNo' located by 'By.xpath: //*[@id = 'txtSiparisNo_I']' in '30' second(s)

2021-11-23 17:08:34 - [MESSAGE][INFO] - Clearing text of object 'Object Repository/Olusturma/Genel/Kutular/SiparisBilgileri/SiparisNo'

2021-11-23 17:08:34 - [MESSAGE][PASSED] - Text of object 'Object Repository/Olusturma/Genel/Kutular/SiparisBilgileri/SiparisNo' is cleared

2021-11-23 17:08:34 - [TEST_STEP][PASSED] - sendKeys(findTestObject("Object Repository/Olusturma/Genel/Kutular/SiparisBilgileri/SiparisNo"), SiparisNo): Keys 'UUC-SAT-1200001' sent to object: 'Object Repository/Olusturma/Genel/Kutular/SiparisBilgileri/SiparisNo'

2021-11-23 17:08:34 - [MESSAGE][INFO] - Finding Test Object 'Object Repository/Olusturma/Genel/Kutular/SiparisBilgileri/SiparisNo'

2021-11-23 17:08:34 - [MESSAGE][INFO] - Sending keys 'UUC-SAT-1200001' to object: 'Object Repository/Olusturma/Genel/Kutular/SiparisBilgileri/SiparisNo'

2021-11-23 17:08:34 - [MESSAGE][INFO] - Finding web element from Test Object's properties

2021-11-23 17:08:34 - [MESSAGE][INFO] - Checking timeout

2021-11-23 17:08:34 - [MESSAGE][INFO] - Finding web element with id: 'Object Repository/Olusturma/Genel/Kutular/SiparisBilgileri/SiparisNo' located by 'By.xpath: //*[@id = 'txtSiparisNo_I']' in '30' second(s)

2021-11-23 17:08:34 - [MESSAGE][INFO] - Smart Wait Function is triggered

2021-11-23 17:08:34 - [MESSAGE][INFO] - Found 1 web elements with id: 'Object Repository/Olusturma/Genel/Kutular/SiparisBilgileri/SiparisNo' located by 'By.xpath: //*[@id = 'txtSiparisNo_I']' in '30' second(s)

2021-11-23 17:08:35 - [MESSAGE][PASSED] - Keys 'UUC-SAT-1200001' sent to object: 'Object Repository/Olusturma/Genel/Kutular/SiparisBilgileri/SiparisNo'

2021-11-23 17:08:35 - [TEST_STEP][PASSED] - waitForElementClickable(findTestObject("Object Repository/Olusturma/Genel/Kutular/SiparisBilgileri/SiparisTarihiImage"), 10): Object 'Object Repository/Olusturma/Genel/Kutular/SiparisBilgileri/SiparisTarihiImage' is clickable

2021-11-23 17:08:35 - [MESSAGE][INFO] - Finding Test Object 'Object Repository/Olusturma/Genel/Kutular/SiparisBilgileri/SiparisTarihiImage'

2021-11-23 17:08:35 - [MESSAGE][INFO] - Checking object

2021-11-23 17:08:35 - [MESSAGE][INFO] - Checking timeout

2021-11-23 17:08:35 - [MESSAGE][INFO] - Finding web element from Test Object's properties

2021-11-23 17:08:35 - [MESSAGE][INFO] - Checking timeout

2021-11-23 17:08:35 - [MESSAGE][INFO] - Finding web element with id: 'Object Repository/Olusturma/Genel/Kutular/SiparisBilgileri/SiparisTarihiImage' located by 'By.cssSelector: #dateSiparisTarih img' in '10' second(s)

2021-11-23 17:08:35 - [MESSAGE][INFO] - Smart Wait Function is triggered

2021-11-23 17:08:35 - [MESSAGE][INFO] - Found 1 web elements with id: 'Object Repository/Olusturma/Genel/Kutular/SiparisBilgileri/SiparisTarihiImage' located by 'By.cssSelector: #dateSiparisTarih img' in '10' second(s)

2021-11-23 17:08:35 - [MESSAGE][PASSED] - Object 'Object Repository/Olusturma/Genel/Kutular/SiparisBilgileri/SiparisTarihiImage' is clickable

2021-11-23 17:08:35 - [TEST_STEP][PASSED] - click(findTestObject("Object Repository/Olusturma/Genel/Kutular/SiparisBilgileri/SiparisTarihiImage")): Object: 'Object Repository/Olusturma/Genel/Kutular/SiparisBilgileri/SiparisTarihiImage' is clicked on

2021-11-23 17:08:35 - [MESSAGE][INFO] - Finding Test Object 'Object Repository/Olusturma/Genel/Kutular/SiparisBilgileri/SiparisTarihiImage'

2021-11-23 17:08:35 - [MESSAGE][INFO] - Checking object

2021-11-23 17:08:35 - [MESSAGE][INFO] - Finding web element from Test Object's properties

2021-11-23 17:08:35 - [MESSAGE][INFO] - Checking timeout

2021-11-23 17:08:35 - [MESSAGE][INFO] - Finding web element with id: 'Object Repository/Olusturma/Genel/Kutular/SiparisBilgileri/SiparisTarihiImage' located by 'By.cssSelector: #dateSiparisTarih img' in '30' second(s)

2021-11-23 17:08:35 - [MESSAGE][INFO] - Smart Wait Function is triggered

2021-11-23 17:08:35 - [MESSAGE][INFO] - Found 1 web elements with id: 'Object Repository/Olusturma/Genel/Kutular/SiparisBilgileri/SiparisTarihiImage' located by 'By.cssSelector: #dateSiparisTarih img' in '30' second(s)

2021-11-23 17:08:35 - [MESSAGE][INFO] - Clicking on object: 'Object Repository/Olusturma/Genel/Kutular/SiparisBilgileri/SiparisTarihiImage'

2021-11-23 17:08:35 - [MESSAGE][PASSED] - Object: 'Object Repository/Olusturma/Genel/Kutular/SiparisBilgileri/SiparisTarihiImage' is clicked on

2021-11-23 17:08:35 - [TEST_STEP][PASSED] - waitForElementPresent(findTestObject("Object Repository/Olusturma/Genel/Kutular/SiparisBilgileri/SiparisTarihi"), 10): Object 'Object Repository/Olusturma/Genel/Kutular/SiparisBilgileri/SiparisTarihi' is present

2021-11-23 17:08:35 - [MESSAGE][INFO] - Finding Test Object 'Object Repository/Olusturma/Genel/Kutular/SiparisBilgileri/SiparisTarihi'

2021-11-23 17:08:35 - [MESSAGE][INFO] - Checking object

2021-11-23 17:08:35 - [MESSAGE][INFO] - Finding web element from Test Object's properties

2021-11-23 17:08:35 - [MESSAGE][INFO] - Checking timeout

2021-11-23 17:08:35 - [MESSAGE][INFO] - Finding web element with id: 'Object Repository/Olusturma/Genel/Kutular/SiparisBilgileri/SiparisTarihi' located by 'By.xpath: //*[@id = 'dateSiparisTarih_I']' in '10' second(s)

2021-11-23 17:08:35 - [MESSAGE][INFO] - Smart Wait Function is triggered

2021-11-23 17:08:36 - [MESSAGE][INFO] - Found 1 web elements with id: 'Object Repository/Olusturma/Genel/Kutular/SiparisBilgileri/SiparisTarihi' located by 'By.xpath: //*[@id = 'dateSiparisTarih_I']' in '10' second(s)

2021-11-23 17:08:36 - [MESSAGE][PASSED] - Object 'Object Repository/Olusturma/Genel/Kutular/SiparisBilgileri/SiparisTarihi' is present

2021-11-23 17:08:36 - [TEST_STEP][PASSED] - clearText(findTestObject("Object Repository/Olusturma/Genel/Kutular/SiparisBilgileri/SiparisTarihi")): Text of object 'Object Repository/Olusturma/Genel/Kutular/SiparisBilgileri/SiparisTarihi' is cleared

2021-11-23 17:08:36 - [MESSAGE][INFO] - Finding Test Object 'Object Repository/Olusturma/Genel/Kutular/SiparisBilgileri/SiparisTarihi'

2021-11-23 17:08:36 - [MESSAGE][INFO] - Checking object

2021-11-23 17:08:36 - [MESSAGE][INFO] - Finding web element from Test Object's properties

2021-11-23 17:08:36 - [MESSAGE][INFO] - Checking timeout

2021-11-23 17:08:36 - [MESSAGE][INFO] - Finding web element with id: 'Object Repository/Olusturma/Genel/Kutular/SiparisBilgileri/SiparisTarihi' located by 'By.xpath: //*[@id = 'dateSiparisTarih_I']' in '30' second(s)

2021-11-23 17:08:36 - [MESSAGE][INFO] - Smart Wait Function is triggered

2021-11-23 17:08:36 - [MESSAGE][INFO] - Found 1 web elements with id: 'Object Repository/Olusturma/Genel/Kutular/SiparisBilgileri/SiparisTarihi' located by 'By.xpath: //*[@id = 'dateSiparisTarih_I']' in '30' second(s)

2021-11-23 17:08:36 - [MESSAGE][INFO] - Clearing text of object 'Object Repository/Olusturma/Genel/Kutular/SiparisBilgileri/SiparisTarihi'

2021-11-23 17:08:36 - [MESSAGE][PASSED] - Text of object 'Object Repository/Olusturma/Genel/Kutular/SiparisBilgileri/SiparisTarihi' is cleared

2021-11-23 17:08:36 - [TEST_STEP][PASSED] - sendKeys(findTestObject("Object Repository/Olusturma/Genel/Kutular/SiparisBilgileri/SiparisTarihi"), Tarih): Keys '31.04.2020' sent to object: 'Object Repository/Olusturma/Genel/Kutular/SiparisBilgileri/SiparisTarihi'

2021-11-23 17:08:36 - [MESSAGE][INFO] - Finding Test Object 'Object Repository/Olusturma/Genel/Kutular/SiparisBilgileri/SiparisTarihi'

2021-11-23 17:08:36 - [MESSAGE][INFO] - Sending keys '31.04.2020' to object: 'Object Repository/Olusturma/Genel/Kutular/SiparisBilgileri/SiparisTarihi'

2021-11-23 17:08:36 - [MESSAGE][INFO] - Finding web element from Test Object's properties

2021-11-23 17:08:36 - [MESSAGE][INFO] - Checking timeout

2021-11-23 17:08:36 - [MESSAGE][INFO] - Finding web element with id: 'Object Repository/Olusturma/Genel/Kutular/SiparisBilgileri/SiparisTarihi' located by 'By.xpath: //*[@id = 'dateSiparisTarih_I']' in '30' second(s)

2021-11-23 17:08:36 - [MESSAGE][INFO] - Smart Wait Function is triggered

2021-11-23 17:08:37 - [MESSAGE][INFO] - Found 1 web elements with id: 'Object Repository/Olusturma/Genel/Kutular/SiparisBilgileri/SiparisTarihi' located by 'By.xpath: //*[@id = 'dateSiparisTarih_I']' in '30' second(s)

2021-11-23 17:08:37 - [MESSAGE][PASSED] - Keys '31.04.2020' sent to object: 'Object Repository/Olusturma/Genel/Kutular/SiparisBilgileri/SiparisTarihi'

2021-11-23 17:08:37 - [MESSAGE][PASSED] - Call Test Case 'Test Cases/Olusturma/Genel/Kutular/SiparisBilgileriGirilir' successfully

2021-11-23 17:08:37 - [MESSAGE][INFO] - Checking called Test Case

2021-11-23 17:08:37 - [MESSAGE][INFO] - Starting to call Test Case 'Test Cases/Olusturma/Genel/Kutular/IrsaliyeBilgileri'

2021-11-23 17:08:37 - [TEST_CASE][PASSED] - Test Cases/Olusturma/Genel/Kutular/IrsaliyeBilgileri: Test Cases/Olusturma/Genel/Kutular/IrsaliyeBilgileri

2021-11-23 17:08:37 - [TEST_STEP][PASSED] - Method.TextDegerineEsitElementeTikla(findTestObject("Olusturma/Genel/Kutular/KapaliKutular"), "İrsaliye Bilgileri"): Method.TextDegerineEsitElementeTikla is PASSED

2021-11-23 17:08:37 - [MESSAGE][INFO] - Finding Test Object 'Object Repository/Olusturma/Genel/Kutular/KapaliKutular'

2021-11-23 17:08:37 - [MESSAGE][INFO] - Checking timeout

2021-11-23 17:08:37 - [MESSAGE][INFO] - Finding web element with id: 'Object Repository/Olusturma/Genel/Kutular/KapaliKutular' located by 'By.cssSelector: .dxnb-headerCollapsed>span' in '10' second(s)

2021-11-23 17:08:37 - [MESSAGE][INFO] - Smart Wait Function is triggered

2021-11-23 17:08:37 - [MESSAGE][INFO] - Found 8 web elements with id: 'Object Repository/Olusturma/Genel/Kutular/KapaliKutular' located by 'By.cssSelector: .dxnb-headerCollapsed>span' in '10' second(s)

2021-11-23 17:08:37 - [MESSAGE][PASSED] - Method.TextDegerineEsitElementeTikla is PASSED

2021-11-23 17:08:37 - [TEST_STEP][PASSED] - waitForElementClickable(findTestObject("Olusturma/Genel/Kutular/IrsaliyeBilgileri/Ekle"), 10): Object 'Object Repository/Olusturma/Genel/Kutular/IrsaliyeBilgileri/Ekle' is clickable

2021-11-23 17:08:37 - [MESSAGE][INFO] - Finding Test Object 'Object Repository/Olusturma/Genel/Kutular/IrsaliyeBilgileri/Ekle'

2021-11-23 17:08:37 - [MESSAGE][INFO] - Checking object

2021-11-23 17:08:37 - [MESSAGE][INFO] - Checking timeout

2021-11-23 17:08:37 - [MESSAGE][INFO] - Finding web element from Test Object's properties

2021-11-23 17:08:37 - [MESSAGE][INFO] - Checking timeout

2021-11-23 17:08:37 - [MESSAGE][INFO] - Finding web element with id: 'Object Repository/Olusturma/Genel/Kutular/IrsaliyeBilgileri/Ekle' located by 'By.xpath: //*[@id = 'DXEditorgvUserInvoiceBillsNewRowBtn']' in '10' second(s)

2021-11-23 17:08:37 - [MESSAGE][INFO] - Smart Wait Function is triggered

2021-11-23 17:08:38 - [MESSAGE][INFO] - Found 1 web elements with id: 'Object Repository/Olusturma/Genel/Kutular/IrsaliyeBilgileri/Ekle' located by 'By.xpath: //*[@id = 'DXEditorgvUserInvoiceBillsNewRowBtn']' in '10' second(s)

2021-11-23 17:08:38 - [MESSAGE][PASSED] - Object 'Object Repository/Olusturma/Genel/Kutular/IrsaliyeBilgileri/Ekle' is clickable

2021-11-23 17:08:38 - [TEST_STEP][PASSED] - click(findTestObject("Olusturma/Genel/Kutular/IrsaliyeBilgileri/Ekle")): Object: 'Object Repository/Olusturma/Genel/Kutular/IrsaliyeBilgileri/Ekle' is clicked on

2021-11-23 17:08:38 - [MESSAGE][INFO] - Finding Test Object 'Object Repository/Olusturma/Genel/Kutular/IrsaliyeBilgileri/Ekle'

2021-11-23 17:08:38 - [MESSAGE][INFO] - Checking object

2021-11-23 17:08:38 - [MESSAGE][INFO] - Finding web element from Test Object's properties

2021-11-23 17:08:38 - [MESSAGE][INFO] - Checking timeout

2021-11-23 17:08:38 - [MESSAGE][INFO] - Finding web element with id: 'Object Repository/Olusturma/Genel/Kutular/IrsaliyeBilgileri/Ekle' located by 'By.xpath: //*[@id = 'DXEditorgvUserInvoiceBillsNewRowBtn']' in '30' second(s)

2021-11-23 17:08:38 - [MESSAGE][INFO] - Smart Wait Function is triggered

2021-11-23 17:08:38 - [MESSAGE][INFO] - Found 1 web elements with id: 'Object Repository/Olusturma/Genel/Kutular/IrsaliyeBilgileri/Ekle' located by 'By.xpath: //*[@id = 'DXEditorgvUserInvoiceBillsNewRowBtn']' in '30' second(s)

2021-11-23 17:08:38 - [MESSAGE][INFO] - Clicking on object: 'Object Repository/Olusturma/Genel/Kutular/IrsaliyeBilgileri/Ekle'

2021-11-23 17:08:38 - [MESSAGE][PASSED] - Object: 'Object Repository/Olusturma/Genel/Kutular/IrsaliyeBilgileri/Ekle' is clicked on

2021-11-23 17:08:38 - [TEST_STEP][PASSED] - waitForElementPresent(findTestObject("Object Repository/Olusturma/Genel/Kutular/IrsaliyeBilgileri/IrsaliyeNumarasi"), 10): Object 'Object Repository/Olusturma/Genel/Kutular/IrsaliyeBilgileri/IrsaliyeNumarasi' is present

2021-11-23 17:08:38 - [MESSAGE][INFO] - Finding Test Object 'Object Repository/Olusturma/Genel/Kutular/IrsaliyeBilgileri/IrsaliyeNumarasi'

2021-11-23 17:08:38 - [MESSAGE][INFO] - Checking object

2021-11-23 17:08:38 - [MESSAGE][INFO] - Finding web element from Test Object's properties

2021-11-23 17:08:38 - [MESSAGE][INFO] - Checking timeout

2021-11-23 17:08:38 - [MESSAGE][INFO] - Finding web element with id: 'Object Repository/Olusturma/Genel/Kutular/IrsaliyeBilgileri/IrsaliyeNumarasi' located by 'By.xpath: //*[@id = 'gvUserInvoiceBills_DXEditor1_I']' in '10' second(s)

2021-11-23 17:08:38 - [MESSAGE][INFO] - Smart Wait Function is triggered

2021-11-23 17:08:38 - [MESSAGE][INFO] - Smart Wait Function is triggered

2021-11-23 17:08:39 - [MESSAGE][INFO] - Smart Wait Function is triggered

2021-11-23 17:08:39 - [MESSAGE][INFO] - Found 1 web elements with id: 'Object Repository/Olusturma/Genel/Kutular/IrsaliyeBilgileri/IrsaliyeNumarasi' located by 'By.xpath: //*[@id = 'gvUserInvoiceBills_DXEditor1_I']' in '10' second(s)

2021-11-23 17:08:39 - [MESSAGE][PASSED] - Object 'Object Repository/Olusturma/Genel/Kutular/IrsaliyeBilgileri/IrsaliyeNumarasi' is present

2021-11-23 17:08:39 - [TEST_STEP][PASSED] - clearText(findTestObject("Object Repository/Olusturma/Genel/Kutular/IrsaliyeBilgileri/IrsaliyeNumarasi")): Text of object 'Object Repository/Olusturma/Genel/Kutular/IrsaliyeBilgileri/IrsaliyeNumarasi' is cleared

2021-11-23 17:08:39 - [MESSAGE][INFO] - Finding Test Object 'Object Repository/Olusturma/Genel/Kutular/IrsaliyeBilgileri/IrsaliyeNumarasi'

2021-11-23 17:08:39 - [MESSAGE][INFO] - Checking object

2021-11-23 17:08:39 - [MESSAGE][INFO] - Finding web element from Test Object's properties

2021-11-23 17:08:39 - [MESSAGE][INFO] - Checking timeout

2021-11-23 17:08:39 - [MESSAGE][INFO] - Finding web element with id: 'Object Repository/Olusturma/Genel/Kutular/IrsaliyeBilgileri/IrsaliyeNumarasi' located by 'By.xpath: //*[@id = 'gvUserInvoiceBills_DXEditor1_I']' in '30' second(s)

2021-11-23 17:08:39 - [MESSAGE][INFO] - Smart Wait Function is triggered

2021-11-23 17:08:40 - [MESSAGE][INFO] - Found 1 web elements with id: 'Object Repository/Olusturma/Genel/Kutular/IrsaliyeBilgileri/IrsaliyeNumarasi' located by 'By.xpath: //*[@id = 'gvUserInvoiceBills_DXEditor1_I']' in '30' second(s)

2021-11-23 17:08:40 - [MESSAGE][INFO] - Clearing text of object 'Object Repository/Olusturma/Genel/Kutular/IrsaliyeBilgileri/IrsaliyeNumarasi'

2021-11-23 17:08:40 - [MESSAGE][PASSED] - Text of object 'Object Repository/Olusturma/Genel/Kutular/IrsaliyeBilgileri/IrsaliyeNumarasi' is cleared

2021-11-23 17:08:40 - [TEST_STEP][PASSED] - sendKeys(findTestObject("Object Repository/Olusturma/Genel/Kutular/IrsaliyeBilgileri/IrsaliyeNumarasi"), Numara): Keys 'AAAAAAAAAA' sent to object: 'Object Repository/Olusturma/Genel/Kutular/IrsaliyeBilgileri/IrsaliyeNumarasi'

2021-11-23 17:08:40 - [MESSAGE][INFO] - Finding Test Object 'Object Repository/Olusturma/Genel/Kutular/IrsaliyeBilgileri/IrsaliyeNumarasi'

2021-11-23 17:08:40 - [MESSAGE][INFO] - Sending keys 'AAAAAAAAAA' to object: 'Object Repository/Olusturma/Genel/Kutular/IrsaliyeBilgileri/IrsaliyeNumarasi'

2021-11-23 17:08:40 - [MESSAGE][INFO] - Finding web element from Test Object's properties

2021-11-23 17:08:40 - [MESSAGE][INFO] - Checking timeout

2021-11-23 17:08:40 - [MESSAGE][INFO] - Finding web element with id: 'Object Repository/Olusturma/Genel/Kutular/IrsaliyeBilgileri/IrsaliyeNumarasi' located by 'By.xpath: //*[@id = 'gvUserInvoiceBills_DXEditor1_I']' in '30' second(s)

2021-11-23 17:08:40 - [MESSAGE][INFO] - Smart Wait Function is triggered

2021-11-23 17:08:40 - [MESSAGE][INFO] - Found 1 web elements with id: 'Object Repository/Olusturma/Genel/Kutular/IrsaliyeBilgileri/IrsaliyeNumarasi' located by 'By.xpath: //*[@id = 'gvUserInvoiceBills_DXEditor1_I']' in '30' second(s)

2021-11-23 17:08:40 - [MESSAGE][PASSED] - Keys 'AAAAAAAAAA' sent to object: 'Object Repository/Olusturma/Genel/Kutular/IrsaliyeBilgileri/IrsaliyeNumarasi'

2021-11-23 17:08:40 - [TEST_STEP][PASSED] - waitForElementClickable(findTestObject("Object Repository/Olusturma/Genel/Kutular/IrsaliyeBilgileri/IrsaliyeTarihi"), 10): Object 'Object Repository/Olusturma/Genel/Kutular/IrsaliyeBilgileri/IrsaliyeTarihi' is clickable

2021-11-23 17:08:40 - [MESSAGE][INFO] - Finding Test Object 'Object Repository/Olusturma/Genel/Kutular/IrsaliyeBilgileri/IrsaliyeTarihi'

2021-11-23 17:08:40 - [MESSAGE][INFO] - Checking object

2021-11-23 17:08:40 - [MESSAGE][INFO] - Checking timeout

2021-11-23 17:08:40 - [MESSAGE][INFO] - Finding web element from Test Object's properties

2021-11-23 17:08:40 - [MESSAGE][INFO] - Checking timeout

2021-11-23 17:08:40 - [MESSAGE][INFO] - Finding web element with id: 'Object Repository/Olusturma/Genel/Kutular/IrsaliyeBilgileri/IrsaliyeTarihi' located by 'By.xpath: //*[@id = 'gvUserInvoiceBills_DXEditor2_I']' in '10' second(s)

2021-11-23 17:08:40 - [MESSAGE][INFO] - Smart Wait Function is triggered

2021-11-23 17:08:41 - [MESSAGE][INFO] - Found 1 web elements with id: 'Object Repository/Olusturma/Genel/Kutular/IrsaliyeBilgileri/IrsaliyeTarihi' located by 'By.xpath: //*[@id = 'gvUserInvoiceBills_DXEditor2_I']' in '10' second(s)

2021-11-23 17:08:41 - [MESSAGE][PASSED] - Object 'Object Repository/Olusturma/Genel/Kutular/IrsaliyeBilgileri/IrsaliyeTarihi' is clickable

2021-11-23 17:08:41 - [TEST_STEP][PASSED] - click(findTestObject("Object Repository/Olusturma/Genel/Kutular/IrsaliyeBilgileri/IrsaliyeTarihi")): Object: 'Object Repository/Olusturma/Genel/Kutular/IrsaliyeBilgileri/IrsaliyeTarihi' is clicked on

2021-11-23 17:08:41 - [MESSAGE][INFO] - Finding Test Object 'Object Repository/Olusturma/Genel/Kutular/IrsaliyeBilgileri/IrsaliyeTarihi'

2021-11-23 17:08:41 - [MESSAGE][INFO] - Checking object

2021-11-23 17:08:41 - [MESSAGE][INFO] - Finding web element from Test Object's properties

2021-11-23 17:08:41 - [MESSAGE][INFO] - Checking timeout

2021-11-23 17:08:41 - [MESSAGE][INFO] - Finding web element with id: 'Object Repository/Olusturma/Genel/Kutular/IrsaliyeBilgileri/IrsaliyeTarihi' located by 'By.xpath: //*[@id = 'gvUserInvoiceBills_DXEditor2_I']' in '30' second(s)

2021-11-23 17:08:41 - [MESSAGE][INFO] - Smart Wait Function is triggered

2021-11-23 17:08:41 - [MESSAGE][INFO] - Found 1 web elements with id: 'Object Repository/Olusturma/Genel/Kutular/IrsaliyeBilgileri/IrsaliyeTarihi' located by 'By.xpath: //*[@id = 'gvUserInvoiceBills_DXEditor2_I']' in '30' second(s)

2021-11-23 17:08:41 - [MESSAGE][INFO] - Clicking on object: 'Object Repository/Olusturma/Genel/Kutular/IrsaliyeBilgileri/IrsaliyeTarihi'

2021-11-23 17:08:41 - [MESSAGE][PASSED] - Object: 'Object Repository/Olusturma/Genel/Kutular/IrsaliyeBilgileri/IrsaliyeTarihi' is clicked on

2021-11-23 17:08:41 - [TEST_STEP][PASSED] - sendKeys(findTestObject("Object Repository/Olusturma/Genel/Kutular/IrsaliyeBilgileri/IrsaliyeTarihi"), Tarih): Keys '31.04.2020' sent to object: 'Object Repository/Olusturma/Genel/Kutular/IrsaliyeBilgileri/IrsaliyeTarihi'

2021-11-23 17:08:41 - [MESSAGE][INFO] - Finding Test Object 'Object Repository/Olusturma/Genel/Kutular/IrsaliyeBilgileri/IrsaliyeTarihi'

2021-11-23 17:08:41 - [MESSAGE][INFO] - Sending keys '31.04.2020' to object: 'Object Repository/Olusturma/Genel/Kutular/IrsaliyeBilgileri/IrsaliyeTarihi'

2021-11-23 17:08:41 - [MESSAGE][INFO] - Finding web element from Test Object's properties

2021-11-23 17:08:41 - [MESSAGE][INFO] - Checking timeout

2021-11-23 17:08:41 - [MESSAGE][INFO] - Finding web element with id: 'Object Repository/Olusturma/Genel/Kutular/IrsaliyeBilgileri/IrsaliyeTarihi' located by 'By.xpath: //*[@id = 'gvUserInvoiceBills_DXEditor2_I']' in '30' second(s)

2021-11-23 17:08:41 - [MESSAGE][INFO] - Smart Wait Function is triggered

2021-11-23 17:08:42 - [MESSAGE][INFO] - Found 1 web elements with id: 'Object Repository/Olusturma/Genel/Kutular/IrsaliyeBilgileri/IrsaliyeTarihi' located by 'By.xpath: //*[@id = 'gvUserInvoiceBills_DXEditor2_I']' in '30' second(s)

2021-11-23 17:08:42 - [MESSAGE][PASSED] - Keys '31.04.2020' sent to object: 'Object Repository/Olusturma/Genel/Kutular/IrsaliyeBilgileri/IrsaliyeTarihi'

2021-11-23 17:08:42 - [MESSAGE][PASSED] - Call Test Case 'Test Cases/Olusturma/Genel/Kutular/IrsaliyeBilgileri' successfully

2021-11-23 17:08:42 - [MESSAGE][INFO] - Checking called Test Case

2021-11-23 17:08:42 - [MESSAGE][INFO] - Starting to call Test Case 'Test Cases/Olusturma/Genel/EkleButonunaBasilir'

2021-11-23 17:08:42 - [TEST_CASE][PASSED] - Test Cases/Olusturma/Genel/EkleButonunaBasilir: Test Cases/Olusturma/Genel/EkleButonunaBasilir

2021-11-23 17:08:42 - [TEST_STEP][PASSED] - waitForElementClickable(findTestObject("Object Repository/Olusturma/Genel/Olusturma/Ekle"), 10): Object 'Object Repository/Olusturma/Genel/Olusturma/Ekle' is clickable

2021-11-23 17:08:42 - [MESSAGE][INFO] - Finding Test Object 'Object Repository/Olusturma/Genel/Olusturma/Ekle'

2021-11-23 17:08:42 - [MESSAGE][INFO] - Checking object

2021-11-23 17:08:42 - [MESSAGE][INFO] - Checking timeout

2021-11-23 17:08:42 - [MESSAGE][INFO] - Finding web element from Test Object's properties

2021-11-23 17:08:42 - [MESSAGE][INFO] - Checking timeout

2021-11-23 17:08:42 - [MESSAGE][INFO] - Finding web element with id: 'Object Repository/Olusturma/Genel/Olusturma/Ekle' located by 'By.cssSelector: #divmalhizmet i.fa.fa-plus.fa-lg.text-muted' in '10' second(s)

2021-11-23 17:08:42 - [MESSAGE][INFO] - Smart Wait Function is triggered

2021-11-23 17:08:42 - [MESSAGE][INFO] - Found 1 web elements with id: 'Object Repository/Olusturma/Genel/Olusturma/Ekle' located by 'By.cssSelector: #divmalhizmet i.fa.fa-plus.fa-lg.text-muted' in '10' second(s)

2021-11-23 17:08:42 - [MESSAGE][PASSED] - Object 'Object Repository/Olusturma/Genel/Olusturma/Ekle' is clickable

2021-11-23 17:08:42 - [TEST_STEP][PASSED] - click(findTestObject("Object Repository/Olusturma/Genel/Olusturma/Ekle")): Object: 'Object Repository/Olusturma/Genel/Olusturma/Ekle' is clicked on

2021-11-23 17:08:42 - [MESSAGE][INFO] - Finding Test Object 'Object Repository/Olusturma/Genel/Olusturma/Ekle'

2021-11-23 17:08:42 - [MESSAGE][INFO] - Checking object

2021-11-23 17:08:42 - [MESSAGE][INFO] - Finding web element from Test Object's properties

2021-11-23 17:08:42 - [MESSAGE][INFO] - Checking timeout

2021-11-23 17:08:42 - [MESSAGE][INFO] - Finding web element with id: 'Object Repository/Olusturma/Genel/Olusturma/Ekle' located by 'By.cssSelector: #divmalhizmet i.fa.fa-plus.fa-lg.text-muted' in '30' second(s)

2021-11-23 17:08:42 - [MESSAGE][INFO] - Smart Wait Function is triggered

2021-11-23 17:08:43 - [MESSAGE][INFO] - Found 1 web elements with id: 'Object Repository/Olusturma/Genel/Olusturma/Ekle' located by 'By.cssSelector: #divmalhizmet i.fa.fa-plus.fa-lg.text-muted' in '30' second(s)

2021-11-23 17:08:43 - [MESSAGE][INFO] - Clicking on object: 'Object Repository/Olusturma/Genel/Olusturma/Ekle'

2021-11-23 17:08:43 - [MESSAGE][PASSED] - Object: 'Object Repository/Olusturma/Genel/Olusturma/Ekle' is clicked on

2021-11-23 17:08:43 - [TEST_STEP][PASSED] - waitForElementClickable(findTestObject("Olusturma/Genel/Olusturma/EklenenSatirCarpiImage"), 10): Object 'Object Repository/Olusturma/Genel/Olusturma/EklenenSatirCarpiImage' is clickable

2021-11-23 17:08:43 - [MESSAGE][INFO] - Finding Test Object 'Object Repository/Olusturma/Genel/Olusturma/EklenenSatirCarpiImage'

2021-11-23 17:08:43 - [MESSAGE][INFO] - Checking object

2021-11-23 17:08:43 - [MESSAGE][INFO] - Checking timeout

2021-11-23 17:08:43 - [MESSAGE][INFO] - Finding web element from Test Object's properties

2021-11-23 17:08:43 - [MESSAGE][INFO] - Checking timeout

2021-11-23 17:08:43 - [MESSAGE][INFO] - Finding web element with id: 'Object Repository/Olusturma/Genel/Olusturma/EklenenSatirCarpiImage' located by 'By.cssSelector: .fa.fa-times.fa-lg.text-primary' in '10' second(s)

2021-11-23 17:08:43 - [MESSAGE][INFO] - Smart Wait Function is triggered

2021-11-23 17:08:43 - [MESSAGE][INFO] - Found 1 web elements with id: 'Object Repository/Olusturma/Genel/Olusturma/EklenenSatirCarpiImage' located by 'By.cssSelector: .fa.fa-times.fa-lg.text-primary' in '10' second(s)

2021-11-23 17:08:43 - [MESSAGE][PASSED] - Object 'Object Repository/Olusturma/Genel/Olusturma/EklenenSatirCarpiImage' is clickable

2021-11-23 17:08:43 - [MESSAGE][PASSED] - Call Test Case 'Test Cases/Olusturma/Genel/EkleButonunaBasilir' successfully

2021-11-23 17:08:43 - [MESSAGE][INFO] - Checking called Test Case

2021-11-23 17:08:43 - [MESSAGE][INFO] - Starting to call Test Case 'Test Cases/Olusturma/Genel/Olusturma'

2021-11-23 17:08:43 - [TEST_CASE][PASSED] - Test Cases/Olusturma/Genel/Olusturma: Test Cases/Olusturma/Genel/Olusturma

2021-11-23 17:08:43 - [TEST_STEP][PASSED] - driver = getWebDriver(): null

2021-11-23 17:08:43 - [TEST_STEP][PASSED] - action = new org.openqa.selenium.interactions.Actions(driver): null

2021-11-23 17:08:43 - [TEST_STEP][PASSED] - baslikElement = <not implemented yet for class: org.codehaus.groovy.ast.expr.EmptyExpression>: null

2021-11-23 17:08:43 - [TEST_STEP][PASSED] - sonElement = <not implemented yet for class: org.codehaus.groovy.ast.expr.EmptyExpression>: null

2021-11-23 17:08:43 - [TEST_STEP][PASSED] - attr = <not implemented yet for class: org.codehaus.groovy.ast.expr.EmptyExpression>: null

2021-11-23 17:08:43 - [TEST_STEP][PASSED] - a = 0: null

2021-11-23 17:08:43 - [TEST_STEP][PASSED] - elements = findWebElements(findTestObject("Object Repository/Olusturma/Genel/Olusturma/TabloBasliklari"), 10): Found 17 web elements with id: 'Object Repository/Olusturma/Genel/Olusturma/TabloBasliklari' located by 'By.cssSelector: div#divmalhizmet .dxgvTable_LECustomTheme td.dxgvHeader_LECustomTheme tr>td:nth-child(1)' in '10' second(s)

2021-11-23 17:08:43 - [MESSAGE][INFO] - Finding Test Object 'Object Repository/Olusturma/Genel/Olusturma/TabloBasliklari'

2021-11-23 17:08:43 - [MESSAGE][INFO] - Checking timeout

2021-11-23 17:08:43 - [MESSAGE][INFO] - Finding web element with id: 'Object Repository/Olusturma/Genel/Olusturma/TabloBasliklari' located by 'By.cssSelector: div#divmalhizmet .dxgvTable_LECustomTheme td.dxgvHeader_LECustomTheme tr>td:nth-child(1)' in '10' second(s)

2021-11-23 17:08:43 - [MESSAGE][INFO] - Smart Wait Function is triggered

2021-11-23 17:08:44 - [MESSAGE][INFO] - Found 17 web elements with id: 'Object Repository/Olusturma/Genel/Olusturma/TabloBasliklari' located by 'By.cssSelector: div#divmalhizmet .dxgvTable_LECustomTheme td.dxgvHeader_LECustomTheme tr>td:nth-child(1)' in '10' second(s)

2021-11-23 17:08:44 - [TEST_STEP][PASSED] - for (def element : elements): null

2021-11-23 17:08:44 - [TEST_STEP][PASSED] - build().perform(): null

2021-11-23 17:08:45 - [TEST_STEP][PASSED] - if (getText().equals(Baslik)): null

2021-11-23 17:08:45 - [TEST_STEP][PASSED] - baslikElement = element.findElement(By.xpath("../../../..")): Smart Wait Function is triggered

2021-11-23 17:08:45 - [MESSAGE][INFO] - Smart Wait Function is triggered

2021-11-23 17:08:45 - [TEST_STEP][PASSED] - attr = baslikElement.getAttribute("id"): null

2021-11-23 17:08:45 - [TEST_STEP][PASSED] - println("girdi ve idsini aldı = " + attr): null

2021-11-23 17:08:45 - [TEST_STEP][PASSED] - break: null

2021-11-23 17:08:45 - [TEST_STEP][PASSED] - countElement = baslikElement.findElements(By.xpath("../td")): Smart Wait Function is triggered

2021-11-23 17:08:45 - [MESSAGE][INFO] - Smart Wait Function is triggered

2021-11-23 17:08:45 - [TEST_STEP][PASSED] - for (def element : countElement): null

2021-11-23 17:08:45 - [TEST_STEP][PASSED] - if (toString().equals(attr.toString())): null

2021-11-23 17:08:45 - [TEST_STEP][PASSED] - (a++): null

2021-11-23 17:08:45 - [TEST_STEP][PASSED] - if (toString().equals(attr.toString())): null

2021-11-23 17:08:45 - [TEST_STEP][PASSED] - break: null

2021-11-23 17:08:45 - [TEST_STEP][PASSED] - son = findWebElement(findTestObject("Object Repository/Olusturma/Genel/Olusturma/EklenenSatir")).findElement(By.xpath("td[@class='dxgvInlineEditCell_LECustomTheme dxgv'][" + a + "]//td[@class='dxic']/input")): Smart Wait Function is triggered

2021-11-23 17:08:45 - [MESSAGE][INFO] - Finding Test Object 'Object Repository/Olusturma/Genel/Olusturma/EklenenSatir'

2021-11-23 17:08:45 - [MESSAGE][INFO] - Finding web element from Test Object's properties

2021-11-23 17:08:45 - [MESSAGE][INFO] - Checking timeout

2021-11-23 17:08:45 - [MESSAGE][INFO] - Finding web element with id: 'Object Repository/Olusturma/Genel/Olusturma/EklenenSatir' located by 'By.cssSelector: #divmalhizmet .dxgvInlineEditRow_LECustomTheme' in '30' second(s)

2021-11-23 17:08:45 - [MESSAGE][INFO] - Smart Wait Function is triggered

2021-11-23 17:08:46 - [MESSAGE][INFO] - Found 1 web elements with id: 'Object Repository/Olusturma/Genel/Olusturma/EklenenSatir' located by 'By.cssSelector: #divmalhizmet .dxgvInlineEditRow_LECustomTheme' in '30' second(s)

2021-11-23 17:08:46 - [MESSAGE][INFO] - Smart Wait Function is triggered

2021-11-23 17:08:46 - [TEST_STEP][PASSED] - if (!(getAttribute("value").contains("Vkn"))): null

2021-11-23 17:08:46 - [TEST_STEP][PASSED] - son.clear(): null

2021-11-23 17:08:46 - [TEST_STEP][PASSED] - son.sendKeys(Deger): null

2021-11-23 17:08:46 - [MESSAGE][PASSED] - Call Test Case 'Test Cases/Olusturma/Genel/Olusturma' successfully

2021-11-23 17:08:46 - [MESSAGE][INFO] - Checking called Test Case

2021-11-23 17:08:46 - [MESSAGE][INFO] - Starting to call Test Case 'Test Cases/Olusturma/Genel/Olusturma'

2021-11-23 17:08:46 - [TEST_CASE][PASSED] - Test Cases/Olusturma/Genel/Olusturma: Test Cases/Olusturma/Genel/Olusturma

2021-11-23 17:08:46 - [TEST_STEP][PASSED] - driver = getWebDriver(): null

2021-11-23 17:08:46 - [TEST_STEP][PASSED] - action = new org.openqa.selenium.interactions.Actions(driver): null

2021-11-23 17:08:46 - [TEST_STEP][PASSED] - baslikElement = <not implemented yet for class: org.codehaus.groovy.ast.expr.EmptyExpression>: null

2021-11-23 17:08:46 - [TEST_STEP][PASSED] - sonElement = <not implemented yet for class: org.codehaus.groovy.ast.expr.EmptyExpression>: null

2021-11-23 17:08:46 - [TEST_STEP][PASSED] - attr = <not implemented yet for class: org.codehaus.groovy.ast.expr.EmptyExpression>: null

2021-11-23 17:08:46 - [TEST_STEP][PASSED] - a = 0: null

2021-11-23 17:08:46 - [TEST_STEP][PASSED] - elements = findWebElements(findTestObject("Object Repository/Olusturma/Genel/Olusturma/TabloBasliklari"), 10): Found 17 web elements with id: 'Object Repository/Olusturma/Genel/Olusturma/TabloBasliklari' located by 'By.cssSelector: div#divmalhizmet .dxgvTable_LECustomTheme td.dxgvHeader_LECustomTheme tr>td:nth-child(1)' in '10' second(s)

2021-11-23 17:08:46 - [MESSAGE][INFO] - Finding Test Object 'Object Repository/Olusturma/Genel/Olusturma/TabloBasliklari'

2021-11-23 17:08:47 - [MESSAGE][INFO] - Checking timeout

2021-11-23 17:08:47 - [MESSAGE][INFO] - Finding web element with id: 'Object Repository/Olusturma/Genel/Olusturma/TabloBasliklari' located by 'By.cssSelector: div#divmalhizmet .dxgvTable_LECustomTheme td.dxgvHeader_LECustomTheme tr>td:nth-child(1)' in '10' second(s)

2021-11-23 17:08:47 - [MESSAGE][INFO] - Smart Wait Function is triggered

2021-11-23 17:08:47 - [MESSAGE][INFO] - Found 17 web elements with id: 'Object Repository/Olusturma/Genel/Olusturma/TabloBasliklari' located by 'By.cssSelector: div#divmalhizmet .dxgvTable_LECustomTheme td.dxgvHeader_LECustomTheme tr>td:nth-child(1)' in '10' second(s)

2021-11-23 17:08:47 - [TEST_STEP][PASSED] - for (def element : elements): null

2021-11-23 17:08:47 - [TEST_STEP][PASSED] - build().perform(): null

2021-11-23 17:08:47 - [TEST_STEP][PASSED] - if (getText().equals(Baslik)): null

2021-11-23 17:08:47 - [TEST_STEP][PASSED] - build().perform(): null

2021-11-23 17:08:47 - [TEST_STEP][PASSED] - if (getText().equals(Baslik)): null

2021-11-23 17:08:47 - [TEST_STEP][PASSED] - baslikElement = element.findElement(By.xpath("../../../..")): Smart Wait Function is triggered

2021-11-23 17:08:47 - [MESSAGE][INFO] - Smart Wait Function is triggered

2021-11-23 17:08:47 - [TEST_STEP][PASSED] - attr = baslikElement.getAttribute("id"): null

2021-11-23 17:08:47 - [TEST_STEP][PASSED] - println("girdi ve idsini aldı = " + attr): null

2021-11-23 17:08:47 - [TEST_STEP][PASSED] - break: null

2021-11-23 17:08:47 - [TEST_STEP][PASSED] - countElement = baslikElement.findElements(By.xpath("../td")): Smart Wait Function is triggered

2021-11-23 17:08:47 - [MESSAGE][INFO] - Smart Wait Function is triggered

2021-11-23 17:08:48 - [TEST_STEP][PASSED] - for (def element : countElement): null

2021-11-23 17:08:48 - [TEST_STEP][PASSED] - if (toString().equals(attr.toString())): null

2021-11-23 17:08:48 - [TEST_STEP][PASSED] - (a++): null

2021-11-23 17:08:48 - [TEST_STEP][PASSED] - if (toString().equals(attr.toString())): null

2021-11-23 17:08:48 - [TEST_STEP][PASSED] - (a++): null

2021-11-23 17:08:48 - [TEST_STEP][PASSED] - if (toString().equals(attr.toString())): null

2021-11-23 17:08:48 - [TEST_STEP][PASSED] - break: null

2021-11-23 17:08:48 - [TEST_STEP][PASSED] - son = findWebElement(findTestObject("Object Repository/Olusturma/Genel/Olusturma/EklenenSatir")).findElement(By.xpath("td[@class='dxgvInlineEditCell_LECustomTheme dxgv'][" + a + "]//td[@class='dxic']/input")): Smart Wait Function is triggered

2021-11-23 17:08:48 - [MESSAGE][INFO] - Finding Test Object 'Object Repository/Olusturma/Genel/Olusturma/EklenenSatir'

2021-11-23 17:08:48 - [MESSAGE][INFO] - Finding web element from Test Object's properties

2021-11-23 17:08:48 - [MESSAGE][INFO] - Checking timeout

2021-11-23 17:08:48 - [MESSAGE][INFO] - Finding web element with id: 'Object Repository/Olusturma/Genel/Olusturma/EklenenSatir' located by 'By.cssSelector: #divmalhizmet .dxgvInlineEditRow_LECustomTheme' in '30' second(s)

2021-11-23 17:08:48 - [MESSAGE][INFO] - Smart Wait Function is triggered

2021-11-23 17:08:48 - [MESSAGE][INFO] - Found 1 web elements with id: 'Object Repository/Olusturma/Genel/Olusturma/EklenenSatir' located by 'By.cssSelector: #divmalhizmet .dxgvInlineEditRow_LECustomTheme' in '30' second(s)

2021-11-23 17:08:48 - [MESSAGE][INFO] - Smart Wait Function is triggered

2021-11-23 17:08:48 - [TEST_STEP][PASSED] - if (!(getAttribute("value").contains("Vkn"))): null

2021-11-23 17:08:48 - [TEST_STEP][PASSED] - son.clear(): null

2021-11-23 17:08:48 - [TEST_STEP][PASSED] - son.sendKeys(Deger): null

2021-11-23 17:08:49 - [MESSAGE][PASSED] - Call Test Case 'Test Cases/Olusturma/Genel/Olusturma' successfully

2021-11-23 17:08:49 - [MESSAGE][INFO] - Checking called Test Case

2021-11-23 17:08:49 - [MESSAGE][INFO] - Starting to call Test Case 'Test Cases/Olusturma/Genel/Olusturma'

2021-11-23 17:08:49 - [TEST_CASE][PASSED] - Test Cases/Olusturma/Genel/Olusturma: Test Cases/Olusturma/Genel/Olusturma

2021-11-23 17:08:49 - [TEST_STEP][PASSED] - driver = getWebDriver(): null

2021-11-23 17:08:49 - [TEST_STEP][PASSED] - action = new org.openqa.selenium.interactions.Actions(driver): null

2021-11-23 17:08:49 - [TEST_STEP][PASSED] - baslikElement = <not implemented yet for class: org.codehaus.groovy.ast.expr.EmptyExpression>: null

2021-11-23 17:08:49 - [TEST_STEP][PASSED] - sonElement = <not implemented yet for class: org.codehaus.groovy.ast.expr.EmptyExpression>: null

2021-11-23 17:08:49 - [TEST_STEP][PASSED] - attr = <not implemented yet for class: org.codehaus.groovy.ast.expr.EmptyExpression>: null

2021-11-23 17:08:49 - [TEST_STEP][PASSED] - a = 0: null

2021-11-23 17:08:49 - [TEST_STEP][PASSED] - elements = findWebElements(findTestObject("Object Repository/Olusturma/Genel/Olusturma/TabloBasliklari"), 10): Found 17 web elements with id: 'Object Repository/Olusturma/Genel/Olusturma/TabloBasliklari' located by 'By.cssSelector: div#divmalhizmet .dxgvTable_LECustomTheme td.dxgvHeader_LECustomTheme tr>td:nth-child(1)' in '10' second(s)

2021-11-23 17:08:49 - [MESSAGE][INFO] - Finding Test Object 'Object Repository/Olusturma/Genel/Olusturma/TabloBasliklari'

2021-11-23 17:08:49 - [MESSAGE][INFO] - Checking timeout

2021-11-23 17:08:49 - [MESSAGE][INFO] - Finding web element with id: 'Object Repository/Olusturma/Genel/Olusturma/TabloBasliklari' located by 'By.cssSelector: div#divmalhizmet .dxgvTable_LECustomTheme td.dxgvHeader_LECustomTheme tr>td:nth-child(1)' in '10' second(s)

2021-11-23 17:08:49 - [MESSAGE][INFO] - Smart Wait Function is triggered

2021-11-23 17:08:49 - [MESSAGE][INFO] - Found 17 web elements with id: 'Object Repository/Olusturma/Genel/Olusturma/TabloBasliklari' located by 'By.cssSelector: div#divmalhizmet .dxgvTable_LECustomTheme td.dxgvHeader_LECustomTheme tr>td:nth-child(1)' in '10' second(s)

2021-11-23 17:08:49 - [TEST_STEP][PASSED] - for (def element : elements): null

2021-11-23 17:08:49 - [TEST_STEP][PASSED] - build().perform(): null

2021-11-23 17:08:49 - [TEST_STEP][PASSED] - if (getText().equals(Baslik)): null

2021-11-23 17:08:49 - [TEST_STEP][PASSED] - build().perform(): null

2021-11-23 17:08:49 - [TEST_STEP][PASSED] - if (getText().equals(Baslik)): null

2021-11-23 17:08:49 - [TEST_STEP][PASSED] - build().perform(): null

2021-11-23 17:08:50 - [TEST_STEP][PASSED] - if (getText().equals(Baslik)): null

2021-11-23 17:08:50 - [TEST_STEP][PASSED] - build().perform(): null

2021-11-23 17:08:50 - [TEST_STEP][PASSED] - if (getText().equals(Baslik)): null

2021-11-23 17:08:50 - [TEST_STEP][PASSED] - baslikElement = element.findElement(By.xpath("../../../..")): Smart Wait Function is triggered

2021-11-23 17:08:50 - [MESSAGE][INFO] - Smart Wait Function is triggered

2021-11-23 17:08:50 - [TEST_STEP][PASSED] - attr = baslikElement.getAttribute("id"): null

2021-11-23 17:08:50 - [TEST_STEP][PASSED] - println("girdi ve idsini aldı = " + attr): null

2021-11-23 17:08:50 - [TEST_STEP][PASSED] - break: null

2021-11-23 17:08:50 - [TEST_STEP][PASSED] - countElement = baslikElement.findElements(By.xpath("../td")): Smart Wait Function is triggered

2021-11-23 17:08:50 - [MESSAGE][INFO] - Smart Wait Function is triggered

2021-11-23 17:08:50 - [TEST_STEP][PASSED] - for (def element : countElement): null

2021-11-23 17:08:50 - [TEST_STEP][PASSED] - if (toString().equals(attr.toString())): null

2021-11-23 17:08:50 - [TEST_STEP][PASSED] - (a++): null

2021-11-23 17:08:50 - [TEST_STEP][PASSED] - if (toString().equals(attr.toString())): null

2021-11-23 17:08:50 - [TEST_STEP][PASSED] - (a++): null

2021-11-23 17:08:50 - [TEST_STEP][PASSED] - if (toString().equals(attr.toString())): null

2021-11-23 17:08:50 - [TEST_STEP][PASSED] - (a++): null

2021-11-23 17:08:50 - [TEST_STEP][PASSED] - if (toString().equals(attr.toString())): null

2021-11-23 17:08:50 - [TEST_STEP][PASSED] - (a++): null

2021-11-23 17:08:50 - [TEST_STEP][PASSED] - if (toString().equals(attr.toString())): null

2021-11-23 17:08:50 - [TEST_STEP][PASSED] - break: null

2021-11-23 17:08:50 - [TEST_STEP][PASSED] - son = findWebElement(findTestObject("Object Repository/Olusturma/Genel/Olusturma/EklenenSatir")).findElement(By.xpath("td[@class='dxgvInlineEditCell_LECustomTheme dxgv'][" + a + "]//td[@class='dxic']/input")): Smart Wait Function is triggered

2021-11-23 17:08:50 - [MESSAGE][INFO] - Finding Test Object 'Object Repository/Olusturma/Genel/Olusturma/EklenenSatir'

2021-11-23 17:08:50 - [MESSAGE][INFO] - Finding web element from Test Object's properties

2021-11-23 17:08:50 - [MESSAGE][INFO] - Checking timeout

2021-11-23 17:08:50 - [MESSAGE][INFO] - Finding web element with id: 'Object Repository/Olusturma/Genel/Olusturma/EklenenSatir' located by 'By.cssSelector: #divmalhizmet .dxgvInlineEditRow_LECustomTheme' in '30' second(s)

2021-11-23 17:08:50 - [MESSAGE][INFO] - Smart Wait Function is triggered

2021-11-23 17:08:51 - [MESSAGE][INFO] - Found 1 web elements with id: 'Object Repository/Olusturma/Genel/Olusturma/EklenenSatir' located by 'By.cssSelector: #divmalhizmet .dxgvInlineEditRow_LECustomTheme' in '30' second(s)

2021-11-23 17:08:51 - [MESSAGE][INFO] - Smart Wait Function is triggered

2021-11-23 17:08:51 - [TEST_STEP][PASSED] - if (!(getAttribute("value").contains("Vkn"))): null

2021-11-23 17:08:51 - [TEST_STEP][PASSED] - son.clear(): null

2021-11-23 17:08:51 - [TEST_STEP][PASSED] - son.sendKeys(Deger): null

2021-11-23 17:08:51 - [MESSAGE][PASSED] - Call Test Case 'Test Cases/Olusturma/Genel/Olusturma' successfully

2021-11-23 17:08:51 - [MESSAGE][INFO] - Checking called Test Case

2021-11-23 17:08:51 - [MESSAGE][INFO] - Starting to call Test Case 'Test Cases/Olusturma/Genel/Olusturma'

2021-11-23 17:08:51 - [TEST_CASE][PASSED] - Test Cases/Olusturma/Genel/Olusturma: Test Cases/Olusturma/Genel/Olusturma

2021-11-23 17:08:51 - [TEST_STEP][PASSED] - driver = getWebDriver(): null

2021-11-23 17:08:51 - [TEST_STEP][PASSED] - action = new org.openqa.selenium.interactions.Actions(driver): null

2021-11-23 17:08:51 - [TEST_STEP][PASSED] - baslikElement = <not implemented yet for class: org.codehaus.groovy.ast.expr.EmptyExpression>: null

2021-11-23 17:08:51 - [TEST_STEP][PASSED] - sonElement = <not implemented yet for class: org.codehaus.groovy.ast.expr.EmptyExpression>: null

2021-11-23 17:08:51 - [TEST_STEP][PASSED] - attr = <not implemented yet for class: org.codehaus.groovy.ast.expr.EmptyExpression>: null

2021-11-23 17:08:51 - [TEST_STEP][PASSED] - a = 0: null

2021-11-23 17:08:51 - [TEST_STEP][PASSED] - elements = findWebElements(findTestObject("Object Repository/Olusturma/Genel/Olusturma/TabloBasliklari"), 10): Found 17 web elements with id: 'Object Repository/Olusturma/Genel/Olusturma/TabloBasliklari' located by 'By.cssSelector: div#divmalhizmet .dxgvTable_LECustomTheme td.dxgvHeader_LECustomTheme tr>td:nth-child(1)' in '10' second(s)

2021-11-23 17:08:51 - [MESSAGE][INFO] - Finding Test Object 'Object Repository/Olusturma/Genel/Olusturma/TabloBasliklari'

2021-11-23 17:08:51 - [MESSAGE][INFO] - Checking timeout

2021-11-23 17:08:51 - [MESSAGE][INFO] - Finding web element with id: 'Object Repository/Olusturma/Genel/Olusturma/TabloBasliklari' located by 'By.cssSelector: div#divmalhizmet .dxgvTable_LECustomTheme td.dxgvHeader_LECustomTheme tr>td:nth-child(1)' in '10' second(s)

2021-11-23 17:08:51 - [MESSAGE][INFO] - Smart Wait Function is triggered

2021-11-23 17:08:52 - [MESSAGE][INFO] - Found 17 web elements with id: 'Object Repository/Olusturma/Genel/Olusturma/TabloBasliklari' located by 'By.cssSelector: div#divmalhizmet .dxgvTable_LECustomTheme td.dxgvHeader_LECustomTheme tr>td:nth-child(1)' in '10' second(s)

2021-11-23 17:08:52 - [TEST_STEP][PASSED] - for (def element : elements): null

2021-11-23 17:08:52 - [TEST_STEP][PASSED] - build().perform(): null

2021-11-23 17:08:52 - [TEST_STEP][PASSED] - if (getText().equals(Baslik)): null

2021-11-23 17:08:52 - [TEST_STEP][PASSED] - build().perform(): null

2021-11-23 17:08:52 - [TEST_STEP][PASSED] - if (getText().equals(Baslik)): null

2021-11-23 17:08:52 - [TEST_STEP][PASSED] - build().perform(): null

2021-11-23 17:08:52 - [TEST_STEP][PASSED] - if (getText().equals(Baslik)): null

2021-11-23 17:08:52 - [TEST_STEP][PASSED] - build().perform(): null

2021-11-23 17:08:52 - [TEST_STEP][PASSED] - if (getText().equals(Baslik)): null

2021-11-23 17:08:52 - [TEST_STEP][PASSED] - build().perform(): null

2021-11-23 17:08:52 - [TEST_STEP][PASSED] - if (getText().equals(Baslik)): null

2021-11-23 17:08:52 - [TEST_STEP][PASSED] - build().perform(): null

2021-11-23 17:08:53 - [TEST_STEP][PASSED] - if (getText().equals(Baslik)): null

2021-11-23 17:08:53 - [TEST_STEP][PASSED] - baslikElement = element.findElement(By.xpath("../../../..")): Smart Wait Function is triggered

2021-11-23 17:08:53 - [MESSAGE][INFO] - Smart Wait Function is triggered

2021-11-23 17:08:53 - [TEST_STEP][PASSED] - attr = baslikElement.getAttribute("id"): null

2021-11-23 17:08:53 - [TEST_STEP][PASSED] - println("girdi ve idsini aldı = " + attr): null

2021-11-23 17:08:53 - [TEST_STEP][PASSED] - break: null

2021-11-23 17:08:53 - [TEST_STEP][PASSED] - countElement = baslikElement.findElements(By.xpath("../td")): Smart Wait Function is triggered

2021-11-23 17:08:53 - [MESSAGE][INFO] - Smart Wait Function is triggered

2021-11-23 17:08:53 - [TEST_STEP][PASSED] - for (def element : countElement): null

2021-11-23 17:08:53 - [TEST_STEP][PASSED] - if (toString().equals(attr.toString())): null

2021-11-23 17:08:53 - [TEST_STEP][PASSED] - (a++): null

2021-11-23 17:08:53 - [TEST_STEP][PASSED] - if (toString().equals(attr.toString())): null

2021-11-23 17:08:53 - [TEST_STEP][PASSED] - (a++): null

2021-11-23 17:08:53 - [TEST_STEP][PASSED] - if (toString().equals(attr.toString())): null

2021-11-23 17:08:53 - [TEST_STEP][PASSED] - (a++): null

2021-11-23 17:08:53 - [TEST_STEP][PASSED] - if (toString().equals(attr.toString())): null

2021-11-23 17:08:53 - [TEST_STEP][PASSED] - (a++): null

2021-11-23 17:08:53 - [TEST_STEP][PASSED] - if (toString().equals(attr.toString())): null

2021-11-23 17:08:53 - [TEST_STEP][PASSED] - (a++): null

2021-11-23 17:08:53 - [TEST_STEP][PASSED] - if (toString().equals(attr.toString())): null

2021-11-23 17:08:53 - [TEST_STEP][PASSED] - (a++): null

2021-11-23 17:08:53 - [TEST_STEP][PASSED] - if (toString().equals(attr.toString())): null

2021-11-23 17:08:53 - [TEST_STEP][PASSED] - break: null

2021-11-23 17:08:53 - [TEST_STEP][PASSED] - son = findWebElement(findTestObject("Object Repository/Olusturma/Genel/Olusturma/EklenenSatir")).findElement(By.xpath("td[@class='dxgvInlineEditCell_LECustomTheme dxgv'][" + a + "]//td[@class='dxic']/input")): Smart Wait Function is triggered

2021-11-23 17:08:53 - [MESSAGE][INFO] - Finding Test Object 'Object Repository/Olusturma/Genel/Olusturma/EklenenSatir'

2021-11-23 17:08:53 - [MESSAGE][INFO] - Finding web element from Test Object's properties

2021-11-23 17:08:53 - [MESSAGE][INFO] - Checking timeout

2021-11-23 17:08:53 - [MESSAGE][INFO] - Finding web element with id: 'Object Repository/Olusturma/Genel/Olusturma/EklenenSatir' located by 'By.cssSelector: #divmalhizmet .dxgvInlineEditRow_LECustomTheme' in '30' second(s)

2021-11-23 17:08:53 - [MESSAGE][INFO] - Smart Wait Function is triggered

2021-11-23 17:08:54 - [MESSAGE][INFO] - Found 1 web elements with id: 'Object Repository/Olusturma/Genel/Olusturma/EklenenSatir' located by 'By.cssSelector: #divmalhizmet .dxgvInlineEditRow_LECustomTheme' in '30' second(s)

2021-11-23 17:08:54 - [MESSAGE][INFO] - Smart Wait Function is triggered

2021-11-23 17:08:54 - [TEST_STEP][PASSED] - if (!(getAttribute("value").contains("Vkn"))): null

2021-11-23 17:08:54 - [TEST_STEP][PASSED] - son.clear(): null

2021-11-23 17:08:54 - [TEST_STEP][PASSED] - son.sendKeys(Deger): null

2021-11-23 17:08:54 - [MESSAGE][PASSED] - Call Test Case 'Test Cases/Olusturma/Genel/Olusturma' successfully

2021-11-23 17:08:54 - [MESSAGE][INFO] - Checking called Test Case

2021-11-23 17:08:54 - [MESSAGE][INFO] - Starting to call Test Case 'Test Cases/Olusturma/Genel/Olusturma'

2021-11-23 17:08:54 - [TEST_CASE][PASSED] - Test Cases/Olusturma/Genel/Olusturma: Test Cases/Olusturma/Genel/Olusturma

2021-11-23 17:08:54 - [TEST_STEP][PASSED] - driver = getWebDriver(): null

2021-11-23 17:08:54 - [TEST_STEP][PASSED] - action = new org.openqa.selenium.interactions.Actions(driver): null

2021-11-23 17:08:54 - [TEST_STEP][PASSED] - baslikElement = <not implemented yet for class: org.codehaus.groovy.ast.expr.EmptyExpression>: null

2021-11-23 17:08:54 - [TEST_STEP][PASSED] - sonElement = <not implemented yet for class: org.codehaus.groovy.ast.expr.EmptyExpression>: null

2021-11-23 17:08:54 - [TEST_STEP][PASSED] - attr = <not implemented yet for class: org.codehaus.groovy.ast.expr.EmptyExpression>: null

2021-11-23 17:08:54 - [TEST_STEP][PASSED] - a = 0: null

2021-11-23 17:08:54 - [TEST_STEP][PASSED] - elements = findWebElements(findTestObject("Object Repository/Olusturma/Genel/Olusturma/TabloBasliklari"), 10): Found 17 web elements with id: 'Object Repository/Olusturma/Genel/Olusturma/TabloBasliklari' located by 'By.cssSelector: div#divmalhizmet .dxgvTable_LECustomTheme td.dxgvHeader_LECustomTheme tr>td:nth-child(1)' in '10' second(s)

2021-11-23 17:08:54 - [MESSAGE][INFO] - Finding Test Object 'Object Repository/Olusturma/Genel/Olusturma/TabloBasliklari'

2021-11-23 17:08:54 - [MESSAGE][INFO] - Checking timeout

2021-11-23 17:08:54 - [MESSAGE][INFO] - Finding web element with id: 'Object Repository/Olusturma/Genel/Olusturma/TabloBasliklari' located by 'By.cssSelector: div#divmalhizmet .dxgvTable_LECustomTheme td.dxgvHeader_LECustomTheme tr>td:nth-child(1)' in '10' second(s)

2021-11-23 17:08:54 - [MESSAGE][INFO] - Smart Wait Function is triggered

2021-11-23 17:08:55 - [MESSAGE][INFO] - Found 17 web elements with id: 'Object Repository/Olusturma/Genel/Olusturma/TabloBasliklari' located by 'By.cssSelector: div#divmalhizmet .dxgvTable_LECustomTheme td.dxgvHeader_LECustomTheme tr>td:nth-child(1)' in '10' second(s)

2021-11-23 17:08:55 - [TEST_STEP][PASSED] - for (def element : elements): null

2021-11-23 17:08:55 - [TEST_STEP][PASSED] - build().perform(): null

2021-11-23 17:08:55 - [TEST_STEP][PASSED] - if (getText().equals(Baslik)): null

2021-11-23 17:08:55 - [TEST_STEP][PASSED] - build().perform(): null

2021-11-23 17:08:55 - [TEST_STEP][PASSED] - if (getText().equals(Baslik)): null

2021-11-23 17:08:55 - [TEST_STEP][PASSED] - build().perform(): null

2021-11-23 17:08:55 - [TEST_STEP][PASSED] - if (getText().equals(Baslik)): null

2021-11-23 17:08:55 - [TEST_STEP][PASSED] - build().perform(): null

2021-11-23 17:08:55 - [TEST_STEP][PASSED] - if (getText().equals(Baslik)): null

2021-11-23 17:08:55 - [TEST_STEP][PASSED] - build().perform(): null

2021-11-23 17:08:55 - [TEST_STEP][PASSED] - if (getText().equals(Baslik)): null

2021-11-23 17:08:55 - [TEST_STEP][PASSED] - build().perform(): null

2021-11-23 17:08:55 - [TEST_STEP][PASSED] - if (getText().equals(Baslik)): null

2021-11-23 17:08:55 - [TEST_STEP][PASSED] - build().perform(): null

2021-11-23 17:08:56 - [TEST_STEP][PASSED] - if (getText().equals(Baslik)): null

2021-11-23 17:08:56 - [TEST_STEP][PASSED] - baslikElement = element.findElement(By.xpath("../../../..")): Smart Wait Function is triggered

2021-11-23 17:08:56 - [MESSAGE][INFO] - Smart Wait Function is triggered

2021-11-23 17:08:56 - [TEST_STEP][PASSED] - attr = baslikElement.getAttribute("id"): null

2021-11-23 17:08:56 - [TEST_STEP][PASSED] - println("girdi ve idsini aldı = " + attr): null

2021-11-23 17:08:56 - [TEST_STEP][PASSED] - break: null

2021-11-23 17:08:56 - [TEST_STEP][PASSED] - countElement = baslikElement.findElements(By.xpath("../td")): Smart Wait Function is triggered

2021-11-23 17:08:56 - [MESSAGE][INFO] - Smart Wait Function is triggered

2021-11-23 17:08:56 - [TEST_STEP][PASSED] - for (def element : countElement): null

2021-11-23 17:08:56 - [TEST_STEP][PASSED] - if (toString().equals(attr.toString())): null

2021-11-23 17:08:56 - [TEST_STEP][PASSED] - (a++): null

2021-11-23 17:08:56 - [TEST_STEP][PASSED] - if (toString().equals(attr.toString())): null

2021-11-23 17:08:56 - [TEST_STEP][PASSED] - (a++): null

2021-11-23 17:08:56 - [TEST_STEP][PASSED] - if (toString().equals(attr.toString())): null

2021-11-23 17:08:56 - [TEST_STEP][PASSED] - (a++): null

2021-11-23 17:08:56 - [TEST_STEP][PASSED] - if (toString().equals(attr.toString())): null

2021-11-23 17:08:56 - [TEST_STEP][PASSED] - (a++): null

2021-11-23 17:08:56 - [TEST_STEP][PASSED] - if (toString().equals(attr.toString())): null

2021-11-23 17:08:56 - [TEST_STEP][PASSED] - (a++): null

2021-11-23 17:08:56 - [TEST_STEP][PASSED] - if (toString().equals(attr.toString())): null

2021-11-23 17:08:56 - [TEST_STEP][PASSED] - (a++): null

2021-11-23 17:08:56 - [TEST_STEP][PASSED] - if (toString().equals(attr.toString())): null

2021-11-23 17:08:56 - [TEST_STEP][PASSED] - (a++): null

2021-11-23 17:08:56 - [TEST_STEP][PASSED] - if (toString().equals(attr.toString())): null

2021-11-23 17:08:57 - [TEST_STEP][PASSED] - break: null

2021-11-23 17:08:57 - [TEST_STEP][PASSED] - son = findWebElement(findTestObject("Object Repository/Olusturma/Genel/Olusturma/EklenenSatir")).findElement(By.xpath("td[@class='dxgvInlineEditCell_LECustomTheme dxgv'][" + a + "]//td[@class='dxic']/input")): Smart Wait Function is triggered

2021-11-23 17:08:57 - [MESSAGE][INFO] - Finding Test Object 'Object Repository/Olusturma/Genel/Olusturma/EklenenSatir'

2021-11-23 17:08:57 - [MESSAGE][INFO] - Finding web element from Test Object's properties

2021-11-23 17:08:57 - [MESSAGE][INFO] - Checking timeout

2021-11-23 17:08:57 - [MESSAGE][INFO] - Finding web element with id: 'Object Repository/Olusturma/Genel/Olusturma/EklenenSatir' located by 'By.cssSelector: #divmalhizmet .dxgvInlineEditRow_LECustomTheme' in '30' second(s)

2021-11-23 17:08:57 - [MESSAGE][INFO] - Smart Wait Function is triggered

2021-11-23 17:08:57 - [MESSAGE][INFO] - Found 1 web elements with id: 'Object Repository/Olusturma/Genel/Olusturma/EklenenSatir' located by 'By.cssSelector: #divmalhizmet .dxgvInlineEditRow_LECustomTheme' in '30' second(s)

2021-11-23 17:08:57 - [MESSAGE][INFO] - Smart Wait Function is triggered

2021-11-23 17:08:57 - [TEST_STEP][PASSED] - if (!(getAttribute("value").contains("Vkn"))): null

2021-11-23 17:08:57 - [TEST_STEP][PASSED] - son.clear(): null

2021-11-23 17:08:57 - [TEST_STEP][PASSED] - son.sendKeys(Deger): null

2021-11-23 17:08:58 - [MESSAGE][PASSED] - Call Test Case 'Test Cases/Olusturma/Genel/Olusturma' successfully

2021-11-23 17:08:58 - [MESSAGE][INFO] - Checking called Test Case

2021-11-23 17:08:58 - [MESSAGE][INFO] - Starting to call Test Case 'Test Cases/Olusturma/Genel/Olusturma'

2021-11-23 17:08:58 - [TEST_CASE][PASSED] - Test Cases/Olusturma/Genel/Olusturma: Test Cases/Olusturma/Genel/Olusturma

2021-11-23 17:08:58 - [TEST_STEP][PASSED] - driver = getWebDriver(): null

2021-11-23 17:08:58 - [TEST_STEP][PASSED] - action = new org.openqa.selenium.interactions.Actions(driver): null

2021-11-23 17:08:58 - [TEST_STEP][PASSED] - baslikElement = <not implemented yet for class: org.codehaus.groovy.ast.expr.EmptyExpression>: null

2021-11-23 17:08:58 - [TEST_STEP][PASSED] - sonElement = <not implemented yet for class: org.codehaus.groovy.ast.expr.EmptyExpression>: null

2021-11-23 17:08:58 - [TEST_STEP][PASSED] - attr = <not implemented yet for class: org.codehaus.groovy.ast.expr.EmptyExpression>: null

2021-11-23 17:08:58 - [TEST_STEP][PASSED] - a = 0: null

2021-11-23 17:08:58 - [TEST_STEP][PASSED] - elements = findWebElements(findTestObject("Object Repository/Olusturma/Genel/Olusturma/TabloBasliklari"), 10): Found 17 web elements with id: 'Object Repository/Olusturma/Genel/Olusturma/TabloBasliklari' located by 'By.cssSelector: div#divmalhizmet .dxgvTable_LECustomTheme td.dxgvHeader_LECustomTheme tr>td:nth-child(1)' in '10' second(s)

2021-11-23 17:08:58 - [MESSAGE][INFO] - Finding Test Object 'Object Repository/Olusturma/Genel/Olusturma/TabloBasliklari'

2021-11-23 17:08:58 - [MESSAGE][INFO] - Checking timeout

2021-11-23 17:08:58 - [MESSAGE][INFO] - Finding web element with id: 'Object Repository/Olusturma/Genel/Olusturma/TabloBasliklari' located by 'By.cssSelector: div#divmalhizmet .dxgvTable_LECustomTheme td.dxgvHeader_LECustomTheme tr>td:nth-child(1)' in '10' second(s)

2021-11-23 17:08:58 - [MESSAGE][INFO] - Smart Wait Function is triggered

2021-11-23 17:08:58 - [MESSAGE][INFO] - Found 17 web elements with id: 'Object Repository/Olusturma/Genel/Olusturma/TabloBasliklari' located by 'By.cssSelector: div#divmalhizmet .dxgvTable_LECustomTheme td.dxgvHeader_LECustomTheme tr>td:nth-child(1)' in '10' second(s)

2021-11-23 17:08:58 - [TEST_STEP][PASSED] - for (def element : elements): null

2021-11-23 17:08:58 - [TEST_STEP][PASSED] - build().perform(): null

2021-11-23 17:08:58 - [TEST_STEP][PASSED] - if (getText().equals(Baslik)): null

2021-11-23 17:08:58 - [TEST_STEP][PASSED] - build().perform(): null

2021-11-23 17:08:58 - [TEST_STEP][PASSED] - if (getText().equals(Baslik)): null

2021-11-23 17:08:58 - [TEST_STEP][PASSED] - build().perform(): null

2021-11-23 17:08:58 - [TEST_STEP][PASSED] - if (getText().equals(Baslik)): null

2021-11-23 17:08:58 - [TEST_STEP][PASSED] - build().perform(): null

2021-11-23 17:08:59 - [TEST_STEP][PASSED] - if (getText().equals(Baslik)): null

2021-11-23 17:08:59 - [TEST_STEP][PASSED] - build().perform(): null

2021-11-23 17:08:59 - [TEST_STEP][PASSED] - if (getText().equals(Baslik)): null

2021-11-23 17:08:59 - [TEST_STEP][PASSED] - build().perform(): null

2021-11-23 17:08:59 - [TEST_STEP][PASSED] - if (getText().equals(Baslik)): null

2021-11-23 17:08:59 - [TEST_STEP][PASSED] - build().perform(): null

2021-11-23 17:08:59 - [TEST_STEP][PASSED] - if (getText().equals(Baslik)): null

2021-11-23 17:08:59 - [TEST_STEP][PASSED] - build().perform(): null

2021-11-23 17:08:59 - [TEST_STEP][PASSED] - if (getText().equals(Baslik)): null

2021-11-23 17:08:59 - [TEST_STEP][PASSED] - build().perform(): null

2021-11-23 17:08:59 - [TEST_STEP][PASSED] - if (getText().equals(Baslik)): null

2021-11-23 17:08:59 - [TEST_STEP][PASSED] - build().perform(): null

2021-11-23 17:09:00 - [TEST_STEP][PASSED] - if (getText().equals(Baslik)): null

2021-11-23 17:09:00 - [TEST_STEP][PASSED] - build().perform(): null

2021-11-23 17:09:00 - [TEST_STEP][PASSED] - if (getText().equals(Baslik)): null

2021-11-23 17:09:00 - [TEST_STEP][PASSED] - build().perform(): null

2021-11-23 17:09:00 - [TEST_STEP][PASSED] - if (getText().equals(Baslik)): null

2021-11-23 17:09:00 - [TEST_STEP][PASSED] - build().perform(): null

2021-11-23 17:09:00 - [TEST_STEP][PASSED] - if (getText().equals(Baslik)): null

2021-11-23 17:09:00 - [TEST_STEP][PASSED] - build().perform(): null

2021-11-23 17:09:00 - [TEST_STEP][PASSED] - if (getText().equals(Baslik)): null

2021-11-23 17:09:00 - [TEST_STEP][PASSED] - build().perform(): null

2021-11-23 17:09:00 - [TEST_STEP][PASSED] - if (getText().equals(Baslik)): null

2021-11-23 17:09:00 - [TEST_STEP][PASSED] - build().perform(): null

2021-11-23 17:09:01 - [TEST_STEP][PASSED] - if (getText().equals(Baslik)): null

2021-11-23 17:09:01 - [TEST_STEP][PASSED] - baslikElement = element.findElement(By.xpath("../../../..")): Smart Wait Function is triggered

2021-11-23 17:09:01 - [MESSAGE][INFO] - Smart Wait Function is triggered

2021-11-23 17:09:01 - [TEST_STEP][PASSED] - attr = baslikElement.getAttribute("id"): null

2021-11-23 17:09:01 - [TEST_STEP][PASSED] - println("girdi ve idsini aldı = " + attr): null

2021-11-23 17:09:01 - [TEST_STEP][PASSED] - break: null

2021-11-23 17:09:01 - [TEST_STEP][PASSED] - countElement = baslikElement.findElements(By.xpath("../td")): Smart Wait Function is triggered

2021-11-23 17:09:01 - [MESSAGE][INFO] - Smart Wait Function is triggered

2021-11-23 17:09:01 - [TEST_STEP][PASSED] - for (def element : countElement): null

2021-11-23 17:09:01 - [TEST_STEP][PASSED] - if (toString().equals(attr.toString())): null

2021-11-23 17:09:01 - [TEST_STEP][PASSED] - (a++): null

2021-11-23 17:09:01 - [TEST_STEP][PASSED] - if (toString().equals(attr.toString())): null

2021-11-23 17:09:01 - [TEST_STEP][PASSED] - (a++): null

2021-11-23 17:09:01 - [TEST_STEP][PASSED] - if (toString().equals(attr.toString())): null

2021-11-23 17:09:01 - [TEST_STEP][PASSED] - (a++): null

2021-11-23 17:09:01 - [TEST_STEP][PASSED] - if (toString().equals(attr.toString())): null

2021-11-23 17:09:01 - [TEST_STEP][PASSED] - (a++): null

2021-11-23 17:09:01 - [TEST_STEP][PASSED] - if (toString().equals(attr.toString())): null

2021-11-23 17:09:01 - [TEST_STEP][PASSED] - (a++): null

2021-11-23 17:09:01 - [TEST_STEP][PASSED] - if (toString().equals(attr.toString())): null

2021-11-23 17:09:01 - [TEST_STEP][PASSED] - (a++): null

2021-11-23 17:09:01 - [TEST_STEP][PASSED] - if (toString().equals(attr.toString())): null

2021-11-23 17:09:02 - [TEST_STEP][PASSED] - (a++): null

2021-11-23 17:09:02 - [TEST_STEP][PASSED] - if (toString().equals(attr.toString())): null

2021-11-23 17:09:02 - [TEST_STEP][PASSED] - (a++): null

2021-11-23 17:09:02 - [TEST_STEP][PASSED] - if (toString().equals(attr.toString())): null

2021-11-23 17:09:02 - [TEST_STEP][PASSED] - (a++): null

2021-11-23 17:09:02 - [TEST_STEP][PASSED] - if (toString().equals(attr.toString())): null

2021-11-23 17:09:02 - [TEST_STEP][PASSED] - (a++): null

2021-11-23 17:09:02 - [TEST_STEP][PASSED] - if (toString().equals(attr.toString())): null

2021-11-23 17:09:02 - [TEST_STEP][PASSED] - (a++): null

2021-11-23 17:09:02 - [TEST_STEP][PASSED] - if (toString().equals(attr.toString())): null

2021-11-23 17:09:02 - [TEST_STEP][PASSED] - (a++): null

2021-11-23 17:09:02 - [TEST_STEP][PASSED] - if (toString().equals(attr.toString())): null

2021-11-23 17:09:02 - [TEST_STEP][PASSED] - (a++): null

2021-11-23 17:09:02 - [TEST_STEP][PASSED] - if (toString().equals(attr.toString())): null

2021-11-23 17:09:02 - [TEST_STEP][PASSED] - (a++): null

2021-11-23 17:09:02 - [TEST_STEP][PASSED] - if (toString().equals(attr.toString())): null

2021-11-23 17:09:02 - [TEST_STEP][PASSED] - (a++): null

2021-11-23 17:09:02 - [TEST_STEP][PASSED] - if (toString().equals(attr.toString())): null

2021-11-23 17:09:02 - [TEST_STEP][PASSED] - (a++): null

2021-11-23 17:09:02 - [TEST_STEP][PASSED] - if (toString().equals(attr.toString())): null

2021-11-23 17:09:02 - [TEST_STEP][PASSED] - break: null

2021-11-23 17:09:02 - [TEST_STEP][PASSED] - son = findWebElement(findTestObject("Object Repository/Olusturma/Genel/Olusturma/EklenenSatir")).findElement(By.xpath("td[@class='dxgvInlineEditCell_LECustomTheme dxgv'][" + a + "]//td[@class='dxic']/input")): Smart Wait Function is triggered

2021-11-23 17:09:02 - [MESSAGE][INFO] - Finding Test Object 'Object Repository/Olusturma/Genel/Olusturma/EklenenSatir'

2021-11-23 17:09:02 - [MESSAGE][INFO] - Finding web element from Test Object's properties

2021-11-23 17:09:02 - [MESSAGE][INFO] - Checking timeout

2021-11-23 17:09:02 - [MESSAGE][INFO] - Finding web element with id: 'Object Repository/Olusturma/Genel/Olusturma/EklenenSatir' located by 'By.cssSelector: #divmalhizmet .dxgvInlineEditRow_LECustomTheme' in '30' second(s)

2021-11-23 17:09:02 - [MESSAGE][INFO] - Smart Wait Function is triggered

2021-11-23 17:09:02 - [MESSAGE][INFO] - Found 1 web elements with id: 'Object Repository/Olusturma/Genel/Olusturma/EklenenSatir' located by 'By.cssSelector: #divmalhizmet .dxgvInlineEditRow_LECustomTheme' in '30' second(s)

2021-11-23 17:09:02 - [MESSAGE][INFO] - Smart Wait Function is triggered

2021-11-23 17:09:02 - [TEST_STEP][PASSED] - if (!(getAttribute("value").contains("Vkn"))): null

2021-11-23 17:09:02 - [TEST_STEP][PASSED] - son.clear(): null

2021-11-23 17:09:02 - [TEST_STEP][PASSED] - son.sendKeys(Deger): null

2021-11-23 17:09:03 - [MESSAGE][PASSED] - Call Test Case 'Test Cases/Olusturma/Genel/Olusturma' successfully

2021-11-23 17:09:03 - [MESSAGE][INFO] - Checking called Test Case

2021-11-23 17:09:03 - [MESSAGE][INFO] - Starting to call Test Case 'Test Cases/Olusturma/Genel/NotGirilir'

2021-11-23 17:09:03 - [TEST_CASE][PASSED] - Test Cases/Olusturma/Genel/NotGirilir: Test Cases/Olusturma/Genel/NotGirilir

2021-11-23 17:09:03 - [TEST_STEP][PASSED] - i = 0: null

2021-11-23 17:09:03 - [TEST_STEP][PASSED] - waitForElementClickable(findTestObject("Olusturma/Genel/Not/Notlar"), 10): Object 'Object Repository/Olusturma/Genel/Not/Notlar' is clickable

2021-11-23 17:09:03 - [MESSAGE][INFO] - Finding Test Object 'Object Repository/Olusturma/Genel/Not/Notlar'

2021-11-23 17:09:03 - [MESSAGE][INFO] - Checking object

2021-11-23 17:09:03 - [MESSAGE][INFO] - Checking timeout

2021-11-23 17:09:03 - [MESSAGE][INFO] - Finding web element from Test Object's properties

2021-11-23 17:09:03 - [MESSAGE][INFO] - Checking timeout

2021-11-23 17:09:03 - [MESSAGE][INFO] - Finding web element with id: 'Object Repository/Olusturma/Genel/Not/Notlar' located by 'By.xpath: //*[@id = 'txtNote_I']' in '10' second(s)

2021-11-23 17:09:03 - [MESSAGE][INFO] - Smart Wait Function is triggered

2021-11-23 17:09:03 - [MESSAGE][INFO] - Found 1 web elements with id: 'Object Repository/Olusturma/Genel/Not/Notlar' located by 'By.xpath: //*[@id = 'txtNote_I']' in '10' second(s)

2021-11-23 17:09:03 - [MESSAGE][PASSED] - Object 'Object Repository/Olusturma/Genel/Not/Notlar' is clickable

2021-11-23 17:09:03 - [TEST_STEP][PASSED] - clearText(findTestObject("Olusturma/Genel/Not/Notlar")): Text of object 'Object Repository/Olusturma/Genel/Not/Notlar' is cleared

2021-11-23 17:09:03 - [MESSAGE][INFO] - Finding Test Object 'Object Repository/Olusturma/Genel/Not/Notlar'

2021-11-23 17:09:03 - [MESSAGE][INFO] - Checking object

2021-11-23 17:09:03 - [MESSAGE][INFO] - Finding web element from Test Object's properties

2021-11-23 17:09:03 - [MESSAGE][INFO] - Checking timeout

2021-11-23 17:09:03 - [MESSAGE][INFO] - Finding web element with id: 'Object Repository/Olusturma/Genel/Not/Notlar' located by 'By.xpath: //*[@id = 'txtNote_I']' in '30' second(s)

2021-11-23 17:09:03 - [MESSAGE][INFO] - Smart Wait Function is triggered

2021-11-23 17:09:04 - [MESSAGE][INFO] - Found 1 web elements with id: 'Object Repository/Olusturma/Genel/Not/Notlar' located by 'By.xpath: //*[@id = 'txtNote_I']' in '30' second(s)

2021-11-23 17:09:04 - [MESSAGE][INFO] - Clearing text of object 'Object Repository/Olusturma/Genel/Not/Notlar'

2021-11-23 17:09:04 - [MESSAGE][PASSED] - Text of object 'Object Repository/Olusturma/Genel/Not/Notlar' is cleared

2021-11-23 17:09:04 - [TEST_STEP][PASSED] - click(findTestObject("Olusturma/Genel/Not/Notlar")): Object: 'Object Repository/Olusturma/Genel/Not/Notlar' is clicked on

2021-11-23 17:09:04 - [MESSAGE][INFO] - Finding Test Object 'Object Repository/Olusturma/Genel/Not/Notlar'

2021-11-23 17:09:04 - [MESSAGE][INFO] - Checking object

2021-11-23 17:09:04 - [MESSAGE][INFO] - Finding web element from Test Object's properties

2021-11-23 17:09:04 - [MESSAGE][INFO] - Checking timeout

2021-11-23 17:09:04 - [MESSAGE][INFO] - Finding web element with id: 'Object Repository/Olusturma/Genel/Not/Notlar' located by 'By.xpath: //*[@id = 'txtNote_I']' in '30' second(s)

2021-11-23 17:09:04 - [MESSAGE][INFO] - Smart Wait Function is triggered

2021-11-23 17:09:04 - [MESSAGE][INFO] - Found 1 web elements with id: 'Object Repository/Olusturma/Genel/Not/Notlar' located by 'By.xpath: //*[@id = 'txtNote_I']' in '30' second(s)

2021-11-23 17:09:04 - [MESSAGE][INFO] - Clicking on object: 'Object Repository/Olusturma/Genel/Not/Notlar'

2021-11-23 17:09:04 - [MESSAGE][PASSED] - Object: 'Object Repository/Olusturma/Genel/Not/Notlar' is clicked on

2021-11-23 17:09:04 - [TEST_STEP][PASSED] - while (true): null

2021-11-23 17:09:04 - [TEST_STEP][PASSED] - delay(1): Delayed 1 second(s)

2021-11-23 17:09:04 - [MESSAGE][INFO] - Delaying browser in 1 second(s)

2021-11-23 17:09:05 - [MESSAGE][PASSED] - Delayed 1 second(s)

2021-11-23 17:09:05 - [TEST_STEP][PASSED] - ajaxIsComplete = executeJavaScript("return jQuery.active == 0", null): Execute JavaScript 'return jQuery.active == 0' successfully

2021-11-23 17:09:05 - [MESSAGE][PASSED] - Execute JavaScript 'return jQuery.active == 0' successfully

2021-11-23 17:09:05 - [TEST_STEP][PASSED] - if (ajaxIsComplete): null

2021-11-23 17:09:05 - [TEST_STEP][PASSED] - if (i > 10): null

2021-11-23 17:09:05 - [TEST_STEP][PASSED] - (i++): null

2021-11-23 17:09:05 - [TEST_STEP][PASSED] - delay(1): Delayed 1 second(s)

2021-11-23 17:09:05 - [MESSAGE][INFO] - Delaying browser in 1 second(s)

2021-11-23 17:09:06 - [MESSAGE][PASSED] - Delayed 1 second(s)

2021-11-23 17:09:06 - [TEST_STEP][PASSED] - ajaxIsComplete = executeJavaScript("return jQuery.active == 0", null): Execute JavaScript 'return jQuery.active == 0' successfully

2021-11-23 17:09:06 - [MESSAGE][PASSED] - Execute JavaScript 'return jQuery.active == 0' successfully

2021-11-23 17:09:06 - [TEST_STEP][PASSED] - if (ajaxIsComplete): null

2021-11-23 17:09:06 - [TEST_STEP][PASSED] - if (i > 10): null

2021-11-23 17:09:06 - [TEST_STEP][PASSED] - (i++): null

2021-11-23 17:09:06 - [TEST_STEP][PASSED] - delay(1): Delayed 1 second(s)

2021-11-23 17:09:06 - [MESSAGE][INFO] - Delaying browser in 1 second(s)

2021-11-23 17:09:07 - [MESSAGE][PASSED] - Delayed 1 second(s)

2021-11-23 17:09:07 - [TEST_STEP][PASSED] - ajaxIsComplete = executeJavaScript("return jQuery.active == 0", null): Execute JavaScript 'return jQuery.active == 0' successfully

2021-11-23 17:09:08 - [MESSAGE][PASSED] - Execute JavaScript 'return jQuery.active == 0' successfully

2021-11-23 17:09:08 - [TEST_STEP][PASSED] - if (ajaxIsComplete): null

2021-11-23 17:09:08 - [TEST_STEP][PASSED] - if (i > 10): null

2021-11-23 17:09:08 - [TEST_STEP][PASSED] - (i++): null

2021-11-23 17:09:08 - [TEST_STEP][PASSED] - delay(1): Delayed 1 second(s)

2021-11-23 17:09:08 - [MESSAGE][INFO] - Delaying browser in 1 second(s)

2021-11-23 17:09:09 - [MESSAGE][PASSED] - Delayed 1 second(s)

2021-11-23 17:09:09 - [TEST_STEP][PASSED] - ajaxIsComplete = executeJavaScript("return jQuery.active == 0", null): Execute JavaScript 'return jQuery.active == 0' successfully

2021-11-23 17:09:09 - [MESSAGE][PASSED] - Execute JavaScript 'return jQuery.active == 0' successfully

2021-11-23 17:09:09 - [TEST_STEP][PASSED] - if (ajaxIsComplete): null

2021-11-23 17:09:09 - [TEST_STEP][PASSED] - break: null

2021-11-23 17:09:09 - [TEST_STEP][PASSED] - sendKeys(findTestObject("Olusturma/Genel/Not/Notlar"), Not): Keys 'Otomasyon Not' sent to object: 'Object Repository/Olusturma/Genel/Not/Notlar'

2021-11-23 17:09:09 - [MESSAGE][INFO] - Finding Test Object 'Object Repository/Olusturma/Genel/Not/Notlar'

2021-11-23 17:09:09 - [MESSAGE][INFO] - Sending keys 'Otomasyon Not' to object: 'Object Repository/Olusturma/Genel/Not/Notlar'

2021-11-23 17:09:09 - [MESSAGE][INFO] - Finding web element from Test Object's properties

2021-11-23 17:09:09 - [MESSAGE][INFO] - Checking timeout

2021-11-23 17:09:09 - [MESSAGE][INFO] - Finding web element with id: 'Object Repository/Olusturma/Genel/Not/Notlar' located by 'By.xpath: //*[@id = 'txtNote_I']' in '30' second(s)

2021-11-23 17:09:09 - [MESSAGE][INFO] - Smart Wait Function is triggered

2021-11-23 17:09:09 - [MESSAGE][INFO] - Found 1 web elements with id: 'Object Repository/Olusturma/Genel/Not/Notlar' located by 'By.xpath: //*[@id = 'txtNote_I']' in '30' second(s)

2021-11-23 17:09:09 - [MESSAGE][PASSED] - Keys 'Otomasyon Not' sent to object: 'Object Repository/Olusturma/Genel/Not/Notlar'

2021-11-23 17:09:09 - [MESSAGE][PASSED] - Call Test Case 'Test Cases/Olusturma/Genel/NotGirilir' successfully

2021-11-23 17:09:09 - [MESSAGE][INFO] - Checking called Test Case

2021-11-23 17:09:09 - [MESSAGE][INFO] - Starting to call Test Case 'Test Cases/Olusturma/Genel/EttnBilgisiKayitEdilir'

2021-11-23 17:09:09 - [TEST_CASE][PASSED] - Test Cases/Olusturma/Genel/EttnBilgisiKayitEdilir: Test Cases/Olusturma/Genel/EttnBilgisiKayitEdilir

2021-11-23 17:09:09 - [TEST_STEP][PASSED] - verifyElementPresent(findTestObject("Object Repository/Olusturma/Genel/Olusturma/eArsivEttnBilgisi"), 7): Object 'Object Repository/Olusturma/Genel/Olusturma/eArsivEttnBilgisi' is present

2021-11-23 17:09:09 - [MESSAGE][INFO] - Finding Test Object 'Object Repository/Olusturma/Genel/Olusturma/eArsivEttnBilgisi'

2021-11-23 17:09:09 - [MESSAGE][INFO] - Checking object

2021-11-23 17:09:09 - [MESSAGE][INFO] - Finding web element from Test Object's properties

2021-11-23 17:09:09 - [MESSAGE][INFO] - Checking timeout

2021-11-23 17:09:09 - [MESSAGE][INFO] - Finding web element with id: 'Object Repository/Olusturma/Genel/Olusturma/eArsivEttnBilgisi' located by 'By.xpath: //*[@id = 'Uuid_I']' in '7' second(s)

2021-11-23 17:09:09 - [MESSAGE][INFO] - Smart Wait Function is triggered

2021-11-23 17:09:09 - [MESSAGE][INFO] - Found 1 web elements with id: 'Object Repository/Olusturma/Genel/Olusturma/eArsivEttnBilgisi' located by 'By.xpath: //*[@id = 'Uuid_I']' in '7' second(s)

2021-11-23 17:09:09 - [MESSAGE][PASSED] - Object 'Object Repository/Olusturma/Genel/Olusturma/eArsivEttnBilgisi' is present

2021-11-23 17:09:09 - [TEST_STEP][PASSED] - ettn = getAttribute(findTestObject("Object Repository/Olusturma/Genel/Olusturma/eArsivEttnBilgisi"), "value"): Attribute 'value' of object 'Object Repository/Olusturma/Genel/Olusturma/eArsivEttnBilgisi' is: '5d93a5af-ed54-4331-a036-b0db056050af'

2021-11-23 17:09:09 - [MESSAGE][INFO] - Finding Test Object 'Object Repository/Olusturma/Genel/Olusturma/eArsivEttnBilgisi'

2021-11-23 17:09:10 - [MESSAGE][INFO] - Checking object

2021-11-23 17:09:10 - [MESSAGE][INFO] - Checking attribute

2021-11-23 17:09:10 - [MESSAGE][INFO] - Finding web element from Test Object's properties

2021-11-23 17:09:10 - [MESSAGE][INFO] - Checking timeout

2021-11-23 17:09:10 - [MESSAGE][INFO] - Finding web element with id: 'Object Repository/Olusturma/Genel/Olusturma/eArsivEttnBilgisi' located by 'By.xpath: //*[@id = 'Uuid_I']' in '30' second(s)

2021-11-23 17:09:10 - [MESSAGE][INFO] - Smart Wait Function is triggered

2021-11-23 17:09:10 - [MESSAGE][INFO] - Found 1 web elements with id: 'Object Repository/Olusturma/Genel/Olusturma/eArsivEttnBilgisi' located by 'By.xpath: //*[@id = 'Uuid_I']' in '30' second(s)

2021-11-23 17:09:10 - [MESSAGE][INFO] - Getting attribute 'value' of object 'Object Repository/Olusturma/Genel/Olusturma/eArsivEttnBilgisi'

2021-11-23 17:09:10 - [MESSAGE][PASSED] - Attribute 'value' of object 'Object Repository/Olusturma/Genel/Olusturma/eArsivEttnBilgisi' is: '5d93a5af-ed54-4331-a036-b0db056050af'

2021-11-23 17:09:10 - [MESSAGE][PASSED] - Call Test Case 'Test Cases/Olusturma/Genel/EttnBilgisiKayitEdilir' successfully

2021-11-23 17:09:10 - [MESSAGE][INFO] - Checking called Test Case

2021-11-23 17:09:10 - [MESSAGE][INFO] - Starting to call Test Case 'Test Cases/Olusturma/Genel/KaydetButonunaTiklanir'

2021-11-23 17:09:10 - [TEST_CASE][PASSED] - Test Cases/Olusturma/Genel/KaydetButonunaTiklanir: Test Cases/Olusturma/Genel/KaydetButonunaTiklanir

2021-11-23 17:09:10 - [TEST_STEP][PASSED] - i = 0: null

2021-11-23 17:09:10 - [TEST_STEP][PASSED] - waitForElementPresent(findTestObject("Olusturma/Genel/Not/Notlar"), 10): Object 'Object Repository/Olusturma/Genel/Not/Notlar' is present

2021-11-23 17:09:10 - [MESSAGE][INFO] - Finding Test Object 'Object Repository/Olusturma/Genel/Not/Notlar'

2021-11-23 17:09:10 - [MESSAGE][INFO] - Checking object

2021-11-23 17:09:10 - [MESSAGE][INFO] - Finding web element from Test Object's properties

2021-11-23 17:09:10 - [MESSAGE][INFO] - Checking timeout

2021-11-23 17:09:10 - [MESSAGE][INFO] - Finding web element with id: 'Object Repository/Olusturma/Genel/Not/Notlar' located by 'By.xpath: //*[@id = 'txtNote_I']' in '10' second(s)

2021-11-23 17:09:10 - [MESSAGE][INFO] - Smart Wait Function is triggered

2021-11-23 17:09:10 - [MESSAGE][INFO] - Found 1 web elements with id: 'Object Repository/Olusturma/Genel/Not/Notlar' located by 'By.xpath: //*[@id = 'txtNote_I']' in '10' second(s)

2021-11-23 17:09:10 - [MESSAGE][PASSED] - Object 'Object Repository/Olusturma/Genel/Not/Notlar' is present

2021-11-23 17:09:10 - [TEST_STEP][PASSED] - click(findTestObject("Olusturma/Genel/Not/Notlar")): Object: 'Object Repository/Olusturma/Genel/Not/Notlar' is clicked on

2021-11-23 17:09:10 - [MESSAGE][INFO] - Finding Test Object 'Object Repository/Olusturma/Genel/Not/Notlar'

2021-11-23 17:09:10 - [MESSAGE][INFO] - Checking object

2021-11-23 17:09:10 - [MESSAGE][INFO] - Finding web element from Test Object's properties

2021-11-23 17:09:10 - [MESSAGE][INFO] - Checking timeout

2021-11-23 17:09:10 - [MESSAGE][INFO] - Finding web element with id: 'Object Repository/Olusturma/Genel/Not/Notlar' located by 'By.xpath: //*[@id = 'txtNote_I']' in '30' second(s)

2021-11-23 17:09:10 - [MESSAGE][INFO] - Smart Wait Function is triggered

2021-11-23 17:09:11 - [MESSAGE][INFO] - Found 1 web elements with id: 'Object Repository/Olusturma/Genel/Not/Notlar' located by 'By.xpath: //*[@id = 'txtNote_I']' in '30' second(s)

2021-11-23 17:09:11 - [MESSAGE][INFO] - Clicking on object: 'Object Repository/Olusturma/Genel/Not/Notlar'

2021-11-23 17:09:11 - [MESSAGE][PASSED] - Object: 'Object Repository/Olusturma/Genel/Not/Notlar' is clicked on

2021-11-23 17:09:11 - [TEST_STEP][PASSED] - while (true): null

2021-11-23 17:09:11 - [TEST_STEP][PASSED] - delay(1): Delayed 1 second(s)

2021-11-23 17:09:11 - [MESSAGE][INFO] - Delaying browser in 1 second(s)

2021-11-23 17:09:12 - [MESSAGE][PASSED] - Delayed 1 second(s)

2021-11-23 17:09:12 - [TEST_STEP][PASSED] - ajaxIsComplete = executeJavaScript("return jQuery.active == 0", null): Execute JavaScript 'return jQuery.active == 0' successfully

2021-11-23 17:09:12 - [MESSAGE][PASSED] - Execute JavaScript 'return jQuery.active == 0' successfully

2021-11-23 17:09:12 - [TEST_STEP][PASSED] - if (ajaxIsComplete): null

2021-11-23 17:09:12 - [TEST_STEP][PASSED] - break: null

2021-11-23 17:09:12 - [TEST_STEP][PASSED] - waitForElementClickable(findTestObject("Object Repository/Olusturma/Genel/Buton"), 10): Object 'Object Repository/Olusturma/Genel/Buton' is clickable

2021-11-23 17:09:12 - [MESSAGE][INFO] - Finding Test Object 'Object Repository/Olusturma/Genel/Buton'

2021-11-23 17:09:12 - [MESSAGE][INFO] - Checking object

2021-11-23 17:09:12 - [MESSAGE][INFO] - Checking timeout

2021-11-23 17:09:12 - [MESSAGE][INFO] - Finding web element from Test Object's properties

2021-11-23 17:09:12 - [MESSAGE][INFO] - Checking timeout

2021-11-23 17:09:12 - [MESSAGE][INFO] - Finding web element with id: 'Object Repository/Olusturma/Genel/Buton' located by 'By.xpath: //*[@id = 'btnKaydet']' in '10' second(s)

2021-11-23 17:09:12 - [MESSAGE][INFO] - Smart Wait Function is triggered

2021-11-23 17:09:12 - [MESSAGE][INFO] - Found 1 web elements with id: 'Object Repository/Olusturma/Genel/Buton' located by 'By.xpath: //*[@id = 'btnKaydet']' in '10' second(s)

2021-11-23 17:09:12 - [MESSAGE][PASSED] - Object 'Object Repository/Olusturma/Genel/Buton' is clickable

2021-11-23 17:09:12 - [TEST_STEP][PASSED] - click(findTestObject("Object Repository/Olusturma/Genel/Buton")): Object: 'Object Repository/Olusturma/Genel/Buton' is clicked on

2021-11-23 17:09:12 - [MESSAGE][INFO] - Finding Test Object 'Object Repository/Olusturma/Genel/Buton'

2021-11-23 17:09:12 - [MESSAGE][INFO] - Checking object

2021-11-23 17:09:12 - [MESSAGE][INFO] - Finding web element from Test Object's properties

2021-11-23 17:09:12 - [MESSAGE][INFO] - Checking timeout

2021-11-23 17:09:12 - [MESSAGE][INFO] - Finding web element with id: 'Object Repository/Olusturma/Genel/Buton' located by 'By.xpath: //*[@id = 'btnKaydet']' in '30' second(s)

2021-11-23 17:09:12 - [MESSAGE][INFO] - Smart Wait Function is triggered

2021-11-23 17:09:13 - [MESSAGE][INFO] - Found 1 web elements with id: 'Object Repository/Olusturma/Genel/Buton' located by 'By.xpath: //*[@id = 'btnKaydet']' in '30' second(s)

2021-11-23 17:09:13 - [MESSAGE][INFO] - Clicking on object: 'Object Repository/Olusturma/Genel/Buton'

2021-11-23 17:09:15 - [MESSAGE][PASSED] - Object: 'Object Repository/Olusturma/Genel/Buton' is clicked on

2021-11-23 17:09:15 - [MESSAGE][PASSED] - Call Test Case 'Test Cases/Olusturma/Genel/KaydetButonunaTiklanir' successfully

2021-11-23 17:09:15 - [MESSAGE][INFO] - Checking called Test Case

2021-11-23 17:09:15 - [MESSAGE][INFO] - Starting to call Test Case 'Test Cases/Tablo/TablodaEttnliVeriOlusturulduMu'

2021-11-23 17:09:15 - [TEST_CASE][PASSED] - Test Cases/Tablo/TablodaEttnliVeriOlusturulduMu: Test Cases/Tablo/TablodaEttnliVeriOlusturulduMu

2021-11-23 17:09:15 - [TEST_STEP][PASSED] - Method.TextDegerineEsitElementVarMi(findTestObject("Tablo/OlusturulanVeri"), ettn): Method.TextDegerineEsitElementVarMi is PASSED

2021-11-23 17:09:15 - [MESSAGE][INFO] - Finding Test Object 'Object Repository/Tablo/OlusturulanVeri'

2021-11-23 17:09:15 - [MESSAGE][INFO] - Checking timeout

2021-11-23 17:09:15 - [MESSAGE][INFO] - Finding web element with id: 'Object Repository/Tablo/OlusturulanVeri' located by 'By.cssSelector: table.dxgvTable_LECustomTheme>tbody>tr:nth-child(3)>td.dxgv b,table.dxgvTable_LECustomTheme>tbody>tr:nth-child(3)>td.dxgv' in '10' second(s)

2021-11-23 17:09:15 - [MESSAGE][INFO] - Smart Wait Function is triggered

2021-11-23 17:09:15 - [MESSAGE][INFO] - Found 14 web elements with id: 'Object Repository/Tablo/OlusturulanVeri' located by 'By.cssSelector: table.dxgvTable_LECustomTheme>tbody>tr:nth-child(3)>td.dxgv b,table.dxgvTable_LECustomTheme>tbody>tr:nth-child(3)>td.dxgv' in '10' second(s)

2021-11-23 17:09:16 - [MESSAGE][PASSED] - Method.TextDegerineEsitElementVarMi is PASSED

2021-11-23 17:09:16 - [MESSAGE][PASSED] - Call Test Case 'Test Cases/Tablo/TablodaEttnliVeriOlusturulduMu' successfully

2021-11-23 17:09:16 - [MESSAGE][INFO] - Checking called Test Case

2021-11-23 17:09:16 - [MESSAGE][INFO] - Starting to call Test Case 'Test Cases/Tablo/TablodanEttnliVeriSec'

2021-11-23 17:09:16 - [TEST_CASE][PASSED] - Test Cases/Tablo/TablodanEttnliVeriSec: Test Cases/Tablo/TablodanEttnliVeriSec

2021-11-23 17:09:16 - [TEST_STEP][PASSED] - Method.TextDegerineEsitElementinAltindakineTikla(findTestObject("Tablo/Veriler"), findTestObject("Tablo/VerininCheckBoxi"), ettn): Method.TextDegerineEsitElementinAltindakineTikla is PASSED

2021-11-23 17:09:16 - [MESSAGE][INFO] - Finding Test Object 'Object Repository/Tablo/Veriler'

2021-11-23 17:09:16 - [MESSAGE][INFO] - Finding Test Object 'Object Repository/Tablo/VerininCheckBoxi'

2021-11-23 17:09:16 - [MESSAGE][INFO] - Checking timeout

2021-11-23 17:09:16 - [MESSAGE][INFO] - Finding web element with id: 'Object Repository/Tablo/Veriler' located by 'By.cssSelector: td.dxgv b ,td.dxgv' in '10' second(s)

2021-11-23 17:09:16 - [MESSAGE][INFO] - Smart Wait Function is triggered

2021-11-23 17:09:16 - [MESSAGE][INFO] - Found 70 web elements with id: 'Object Repository/Tablo/Veriler' located by 'By.cssSelector: td.dxgv b ,td.dxgv' in '10' second(s)

2021-11-23 17:09:16 - [MESSAGE][INFO] - Smart Wait Function is triggered

2021-11-23 17:09:17 - [MESSAGE][PASSED] - Method.TextDegerineEsitElementinAltindakineTikla is PASSED

2021-11-23 17:09:17 - [MESSAGE][PASSED] - Call Test Case 'Test Cases/Tablo/TablodanEttnliVeriSec' successfully

2021-11-23 17:09:17 - [MESSAGE][INFO] - Checking called Test Case

2021-11-23 17:09:17 - [MESSAGE][INFO] - Starting to call Test Case 'Test Cases/Butonlar/ButonaTikla'

2021-11-23 17:09:17 - [TEST_CASE][PASSED] - Test Cases/Butonlar/ButonaTikla: Test Cases/Butonlar/ButonaTikla

2021-11-23 17:09:17 - [TEST_STEP][PASSED] - Method.TextDegerineEsitElementeTiklaEquals(findTestObject("Butonlar/Butonlar"), Buton_Adi): Method.TextDegerineEsitElementeTiklaEquals is PASSED

2021-11-23 17:09:17 - [MESSAGE][INFO] - Finding Test Object 'Object Repository/Butonlar/Butonlar'

2021-11-23 17:09:17 - [MESSAGE][INFO] - Checking timeout

2021-11-23 17:09:17 - [MESSAGE][INFO] - Finding web element with id: 'Object Repository/Butonlar/Butonlar' located by 'By.cssSelector: .panel.panel-default.text-center.footerPanel .btn,.btn.btn-primary.btnControls' in '10' second(s)

2021-11-23 17:09:17 - [MESSAGE][INFO] - Smart Wait Function is triggered

2021-11-23 17:09:17 - [MESSAGE][INFO] - Found 9 web elements with id: 'Object Repository/Butonlar/Butonlar' located by 'By.cssSelector: .panel.panel-default.text-center.footerPanel .btn,.btn.btn-primary.btnControls' in '10' second(s)

2021-11-23 17:09:17 - [MESSAGE][PASSED] - Method.TextDegerineEsitElementeTiklaEquals is PASSED

2021-11-23 17:09:17 - [MESSAGE][PASSED] - Call Test Case 'Test Cases/Butonlar/ButonaTikla' successfully

2021-11-23 17:09:17 - [MESSAGE][INFO] - Checking called Test Case

2021-11-23 17:09:17 - [MESSAGE][INFO] - Starting to call Test Case 'Test Cases/Popup/PopupMesajiIceriyorMu'

2021-11-23 17:09:17 - [TEST_CASE][PASSED] - Test Cases/Popup/PopupMesajiIceriyorMu: Test Cases/Popup/PopupMesajiIceriyorMu

2021-11-23 17:09:17 - [TEST_STEP][PASSED] - waitForElementVisible(findTestObject("Popup/Popup"), 10): Object 'Object Repository/Popup/Popup' is visible

2021-11-23 17:09:17 - [MESSAGE][INFO] - Finding Test Object 'Object Repository/Popup/Popup'

2021-11-23 17:09:17 - [MESSAGE][INFO] - Checking object

2021-11-23 17:09:17 - [MESSAGE][INFO] - Checking timeout

2021-11-23 17:09:17 - [MESSAGE][INFO] - Finding web element from Test Object's properties

2021-11-23 17:09:17 - [MESSAGE][INFO] - Checking timeout

2021-11-23 17:09:17 - [MESSAGE][INFO] - Finding web element with id: 'Object Repository/Popup/Popup' located by 'By.cssSelector: .bootbox-body' in '10' second(s)

2021-11-23 17:09:17 - [MESSAGE][INFO] - Smart Wait Function is triggered

2021-11-23 17:09:18 - [MESSAGE][INFO] - Found 1 web elements with id: 'Object Repository/Popup/Popup' located by 'By.cssSelector: .bootbox-body' in '10' second(s)

2021-11-23 17:09:18 - [MESSAGE][PASSED] - Object 'Object Repository/Popup/Popup' is visible

2021-11-23 17:09:18 - [TEST_STEP][PASSED] - if (!(getText(findTestObject("Popup/Popup")).contains(Mesaj))): Text of object 'Object Repository/Popup/Popup' is: 'Oluşturulacak fatura numarası : EAR2021000000487 Fatura numarası oluşturulduktan sonra fatura silinemez. Fatura numarası, tarihi ve ön eki değiştirilemez. Devam etmek istiyor musunuz?'

2021-11-23 17:09:18 - [MESSAGE][INFO] - Finding Test Object 'Object Repository/Popup/Popup'

2021-11-23 17:09:18 - [MESSAGE][INFO] - Checking object

2021-11-23 17:09:18 - [MESSAGE][INFO] - Finding web element from Test Object's properties

2021-11-23 17:09:18 - [MESSAGE][INFO] - Checking timeout

2021-11-23 17:09:18 - [MESSAGE][INFO] - Finding web element with id: 'Object Repository/Popup/Popup' located by 'By.cssSelector: .bootbox-body' in '30' second(s)

2021-11-23 17:09:18 - [MESSAGE][INFO] - Smart Wait Function is triggered

2021-11-23 17:09:19 - [MESSAGE][INFO] - Found 1 web elements with id: 'Object Repository/Popup/Popup' located by 'By.cssSelector: .bootbox-body' in '30' second(s)

2021-11-23 17:09:19 - [MESSAGE][INFO] - Getting text of object 'Object Repository/Popup/Popup'

2021-11-23 17:09:19 - [MESSAGE][PASSED] - Text of object 'Object Repository/Popup/Popup' is: 'Oluşturulacak fatura numarası : EAR2021000000487 Fatura numarası oluşturulduktan sonra fatura silinemez. Fatura numarası, tarihi ve ön eki değiştirilemez. Devam etmek istiyor musunuz?'

2021-11-23 17:09:19 - [TEST_STEP][PASSED] - RaporNo = getText(findTestObject("Popup/Popup")).substring(0, 6): Text of object 'Object Repository/Popup/Popup' is: 'Oluşturulacak fatura numarası : EAR2021000000487 Fatura numarası oluşturulduktan sonra fatura silinemez. Fatura numarası, tarihi ve ön eki değiştirilemez. Devam etmek istiyor musunuz?'

2021-11-23 17:09:19 - [MESSAGE][INFO] - Finding Test Object 'Object Repository/Popup/Popup'

2021-11-23 17:09:19 - [MESSAGE][INFO] - Checking object

2021-11-23 17:09:19 - [MESSAGE][INFO] - Finding web element from Test Object's properties

2021-11-23 17:09:19 - [MESSAGE][INFO] - Checking timeout

2021-11-23 17:09:19 - [MESSAGE][INFO] - Finding web element with id: 'Object Repository/Popup/Popup' located by 'By.cssSelector: .bootbox-body' in '30' second(s)

2021-11-23 17:09:19 - [MESSAGE][INFO] - Smart Wait Function is triggered

2021-11-23 17:09:19 - [MESSAGE][INFO] - Found 1 web elements with id: 'Object Repository/Popup/Popup' located by 'By.cssSelector: .bootbox-body' in '30' second(s)

2021-11-23 17:09:19 - [MESSAGE][INFO] - Getting text of object 'Object Repository/Popup/Popup'

2021-11-23 17:09:19 - [MESSAGE][PASSED] - Text of object 'Object Repository/Popup/Popup' is: 'Oluşturulacak fatura numarası : EAR2021000000487 Fatura numarası oluşturulduktan sonra fatura silinemez. Fatura numarası, tarihi ve ön eki değiştirilemez. Devam etmek istiyor musunuz?'

2021-11-23 17:09:19 - [TEST_STEP][PASSED] - Console.println(RaporNo): null

2021-11-23 17:09:19 - [MESSAGE][PASSED] - Call Test Case 'Test Cases/Popup/PopupMesajiIceriyorMu' successfully

2021-11-23 17:09:19 - [MESSAGE][INFO] - Checking called Test Case

2021-11-23 17:09:19 - [MESSAGE][INFO] - Starting to call Test Case 'Test Cases/Popup/PopupButonSecilir'

2021-11-23 17:09:19 - [TEST_CASE][PASSED] - Test Cases/Popup/PopupButonSecilir: Test Cases/Popup/PopupButonSecilir

2021-11-23 17:09:19 - [TEST_STEP][PASSED] - Method.TextDegerineEsitElementeTikla(findTestObject("Popup/Popup_Butons"), Buton): Method.TextDegerineEsitElementeTikla is PASSED

2021-11-23 17:09:19 - [MESSAGE][INFO] - Finding Test Object 'Object Repository/Popup/Popup_Butons'

2021-11-23 17:09:19 - [MESSAGE][INFO] - Checking timeout

2021-11-23 17:09:19 - [MESSAGE][INFO] - Finding web element with id: 'Object Repository/Popup/Popup_Butons' located by 'By.cssSelector: .modal-footer>button' in '10' second(s)

2021-11-23 17:09:19 - [MESSAGE][INFO] - Smart Wait Function is triggered

2021-11-23 17:09:19 - [MESSAGE][INFO] - Found 2 web elements with id: 'Object Repository/Popup/Popup_Butons' located by 'By.cssSelector: .modal-footer>button' in '10' second(s)

2021-11-23 17:09:20 - [MESSAGE][PASSED] - Method.TextDegerineEsitElementeTikla is PASSED

2021-11-23 17:09:20 - [MESSAGE][PASSED] - Call Test Case 'Test Cases/Popup/PopupButonSecilir' successfully

2021-11-23 17:09:20 - [MESSAGE][INFO] - Checking called Test Case

2021-11-23 17:09:20 - [MESSAGE][INFO] - Starting to call Test Case 'Test Cases/Popup/PopupMesajiIceriyorMu'

2021-11-23 17:09:20 - [TEST_CASE][PASSED] - Test Cases/Popup/PopupMesajiIceriyorMu: Test Cases/Popup/PopupMesajiIceriyorMu

2021-11-23 17:09:20 - [TEST_STEP][PASSED] - waitForElementVisible(findTestObject("Popup/Popup"), 10): Object 'Object Repository/Popup/Popup' is visible

2021-11-23 17:09:20 - [MESSAGE][INFO] - Finding Test Object 'Object Repository/Popup/Popup'

2021-11-23 17:09:20 - [MESSAGE][INFO] - Checking object

2021-11-23 17:09:20 - [MESSAGE][INFO] - Checking timeout

2021-11-23 17:09:20 - [MESSAGE][INFO] - Finding web element from Test Object's properties

2021-11-23 17:09:20 - [MESSAGE][INFO] - Checking timeout

2021-11-23 17:09:20 - [MESSAGE][INFO] - Finding web element with id: 'Object Repository/Popup/Popup' located by 'By.cssSelector: .bootbox-body' in '10' second(s)

2021-11-23 17:09:20 - [MESSAGE][INFO] - Smart Wait Function is triggered

2021-11-23 17:09:21 - [MESSAGE][INFO] - Found 1 web elements with id: 'Object Repository/Popup/Popup' located by 'By.cssSelector: .bootbox-body' in '10' second(s)

2021-11-23 17:09:21 - [MESSAGE][PASSED] - Object 'Object Repository/Popup/Popup' is visible

2021-11-23 17:09:21 - [TEST_STEP][PASSED] - if (!(getText(findTestObject("Popup/Popup")).contains(Mesaj))): Text of object 'Object Repository/Popup/Popup' is: 'Fatura numaranız EAR2021000000487 olarak oluşmuştur.'

2021-11-23 17:09:21 - [MESSAGE][INFO] - Finding Test Object 'Object Repository/Popup/Popup'

2021-11-23 17:09:21 - [MESSAGE][INFO] - Checking object

2021-11-23 17:09:21 - [MESSAGE][INFO] - Finding web element from Test Object's properties

2021-11-23 17:09:21 - [MESSAGE][INFO] - Checking timeout

2021-11-23 17:09:21 - [MESSAGE][INFO] - Finding web element with id: 'Object Repository/Popup/Popup' located by 'By.cssSelector: .bootbox-body' in '30' second(s)

2021-11-23 17:09:21 - [MESSAGE][INFO] - Smart Wait Function is triggered

2021-11-23 17:09:21 - [MESSAGE][INFO] - Found 1 web elements with id: 'Object Repository/Popup/Popup' located by 'By.cssSelector: .bootbox-body' in '30' second(s)

2021-11-23 17:09:21 - [MESSAGE][INFO] - Getting text of object 'Object Repository/Popup/Popup'

2021-11-23 17:09:21 - [MESSAGE][PASSED] - Text of object 'Object Repository/Popup/Popup' is: 'Fatura numaranız EAR2021000000487 olarak oluşmuştur.'

2021-11-23 17:09:21 - [TEST_STEP][PASSED] - RaporNo = getText(findTestObject("Popup/Popup")).substring(0, 6): Text of object 'Object Repository/Popup/Popup' is: 'Fatura numaranız EAR2021000000487 olarak oluşmuştur.'

2021-11-23 17:09:21 - [MESSAGE][INFO] - Finding Test Object 'Object Repository/Popup/Popup'

2021-11-23 17:09:21 - [MESSAGE][INFO] - Checking object

2021-11-23 17:09:21 - [MESSAGE][INFO] - Finding web element from Test Object's properties

2021-11-23 17:09:21 - [MESSAGE][INFO] - Checking timeout

2021-11-23 17:09:21 - [MESSAGE][INFO] - Finding web element with id: 'Object Repository/Popup/Popup' located by 'By.cssSelector: .bootbox-body' in '30' second(s)

2021-11-23 17:09:21 - [MESSAGE][INFO] - Smart Wait Function is triggered

2021-11-23 17:09:21 - [MESSAGE][INFO] - Found 1 web elements with id: 'Object Repository/Popup/Popup' located by 'By.cssSelector: .bootbox-body' in '30' second(s)

2021-11-23 17:09:21 - [MESSAGE][INFO] - Getting text of object 'Object Repository/Popup/Popup'

2021-11-23 17:09:21 - [MESSAGE][PASSED] - Text of object 'Object Repository/Popup/Popup' is: 'Fatura numaranız EAR2021000000487 olarak oluşmuştur.'

2021-11-23 17:09:21 - [TEST_STEP][PASSED] - Console.println(RaporNo): null

2021-11-23 17:09:21 - [MESSAGE][PASSED] - Call Test Case 'Test Cases/Popup/PopupMesajiIceriyorMu' successfully

2021-11-23 17:09:21 - [MESSAGE][INFO] - Checking called Test Case

2021-11-23 17:09:21 - [MESSAGE][INFO] - Starting to call Test Case 'Test Cases/Popup/PopupButonSecilir'

2021-11-23 17:09:21 - [TEST_CASE][PASSED] - Test Cases/Popup/PopupButonSecilir: Test Cases/Popup/PopupButonSecilir

2021-11-23 17:09:21 - [TEST_STEP][PASSED] - Method.TextDegerineEsitElementeTikla(findTestObject("Popup/Popup_Butons"), Buton): Method.TextDegerineEsitElementeTikla is PASSED

2021-11-23 17:09:21 - [MESSAGE][INFO] - Finding Test Object 'Object Repository/Popup/Popup_Butons'

2021-11-23 17:09:21 - [MESSAGE][INFO] - Checking timeout

2021-11-23 17:09:21 - [MESSAGE][INFO] - Finding web element with id: 'Object Repository/Popup/Popup_Butons' located by 'By.cssSelector: .modal-footer>button' in '10' second(s)

2021-11-23 17:09:21 - [MESSAGE][INFO] - Smart Wait Function is triggered

2021-11-23 17:09:22 - [MESSAGE][INFO] - Found 1 web elements with id: 'Object Repository/Popup/Popup_Butons' located by 'By.cssSelector: .modal-footer>button' in '10' second(s)

2021-11-23 17:09:22 - [MESSAGE][PASSED] - Method.TextDegerineEsitElementeTikla is PASSED

2021-11-23 17:09:22 - [MESSAGE][PASSED] - Call Test Case 'Test Cases/Popup/PopupButonSecilir' successfully

2021-11-23 17:09:22 - [MESSAGE][INFO] - Checking called Test Case

2021-11-23 17:09:22 - [MESSAGE][INFO] - Starting to call Test Case 'Test Cases/Tablo/TablodanEttnliVeriSec'

2021-11-23 17:09:22 - [TEST_CASE][PASSED] - Test Cases/Tablo/TablodanEttnliVeriSec: Test Cases/Tablo/TablodanEttnliVeriSec

2021-11-23 17:09:22 - [TEST_STEP][PASSED] - Method.TextDegerineEsitElementinAltindakineTikla(findTestObject("Tablo/Veriler"), findTestObject("Tablo/VerininCheckBoxi"), ettn): Method.TextDegerineEsitElementinAltindakineTikla is PASSED

2021-11-23 17:09:22 - [MESSAGE][INFO] - Finding Test Object 'Object Repository/Tablo/Veriler'

2021-11-23 17:09:22 - [MESSAGE][INFO] - Finding Test Object 'Object Repository/Tablo/VerininCheckBoxi'

2021-11-23 17:09:22 - [MESSAGE][INFO] - Checking timeout

2021-11-23 17:09:22 - [MESSAGE][INFO] - Finding web element with id: 'Object Repository/Tablo/Veriler' located by 'By.cssSelector: td.dxgv b ,td.dxgv' in '10' second(s)

2021-11-23 17:09:22 - [MESSAGE][INFO] - Smart Wait Function is triggered

2021-11-23 17:09:23 - [MESSAGE][INFO] - Found 70 web elements with id: 'Object Repository/Tablo/Veriler' located by 'By.cssSelector: td.dxgv b ,td.dxgv' in '10' second(s)

2021-11-23 17:09:23 - [MESSAGE][INFO] - Smart Wait Function is triggered

2021-11-23 17:09:23 - [MESSAGE][PASSED] - Method.TextDegerineEsitElementinAltindakineTikla is PASSED

2021-11-23 17:09:23 - [MESSAGE][PASSED] - Call Test Case 'Test Cases/Tablo/TablodanEttnliVeriSec' successfully

2021-11-23 17:09:23 - [MESSAGE][INFO] - Checking called Test Case

2021-11-23 17:09:23 - [MESSAGE][INFO] - Starting to call Test Case 'Test Cases/Butonlar/ButonaTikla'

2021-11-23 17:09:23 - [TEST_CASE][PASSED] - Test Cases/Butonlar/ButonaTikla: Test Cases/Butonlar/ButonaTikla

2021-11-23 17:09:23 - [TEST_STEP][PASSED] - Method.TextDegerineEsitElementeTiklaEquals(findTestObject("Butonlar/Butonlar"), Buton_Adi): Method.TextDegerineEsitElementeTiklaEquals is PASSED

2021-11-23 17:09:23 - [MESSAGE][INFO] - Finding Test Object 'Object Repository/Butonlar/Butonlar'

2021-11-23 17:09:23 - [MESSAGE][INFO] - Checking timeout

2021-11-23 17:09:23 - [MESSAGE][INFO] - Finding web element with id: 'Object Repository/Butonlar/Butonlar' located by 'By.cssSelector: .panel.panel-default.text-center.footerPanel .btn,.btn.btn-primary.btnControls' in '10' second(s)

2021-11-23 17:09:23 - [MESSAGE][INFO] - Smart Wait Function is triggered

2021-11-23 17:09:24 - [MESSAGE][INFO] - Found 9 web elements with id: 'Object Repository/Butonlar/Butonlar' located by 'By.cssSelector: .panel.panel-default.text-center.footerPanel .btn,.btn.btn-primary.btnControls' in '10' second(s)

2021-11-23 17:09:24 - [MESSAGE][PASSED] - Method.TextDegerineEsitElementeTiklaEquals is PASSED

2021-11-23 17:09:24 - [MESSAGE][PASSED] - Call Test Case 'Test Cases/Butonlar/ButonaTikla' successfully

2021-11-23 17:09:24 - [MESSAGE][INFO] - Checking called Test Case

2021-11-23 17:09:24 - [MESSAGE][INFO] - Starting to call Test Case 'Test Cases/Popup/PopupMesajiIceriyorMu'

2021-11-23 17:09:24 - [TEST_CASE][PASSED] - Test Cases/Popup/PopupMesajiIceriyorMu: Test Cases/Popup/PopupMesajiIceriyorMu

2021-11-23 17:09:24 - [TEST_STEP][PASSED] - waitForElementVisible(findTestObject("Popup/Popup"), 10): Object 'Object Repository/Popup/Popup' is visible

2021-11-23 17:09:24 - [MESSAGE][INFO] - Finding Test Object 'Object Repository/Popup/Popup'

2021-11-23 17:09:24 - [MESSAGE][INFO] - Checking object

2021-11-23 17:09:24 - [MESSAGE][INFO] - Checking timeout

2021-11-23 17:09:24 - [MESSAGE][INFO] - Finding web element from Test Object's properties

2021-11-23 17:09:24 - [MESSAGE][INFO] - Checking timeout

2021-11-23 17:09:24 - [MESSAGE][INFO] - Finding web element with id: 'Object Repository/Popup/Popup' located by 'By.cssSelector: .bootbox-body' in '10' second(s)

2021-11-23 17:09:24 - [MESSAGE][INFO] - Smart Wait Function is triggered

2021-11-23 17:09:25 - [MESSAGE][INFO] - Found 1 web elements with id: 'Object Repository/Popup/Popup' located by 'By.cssSelector: .bootbox-body' in '10' second(s)

2021-11-23 17:09:25 - [MESSAGE][PASSED] - Object 'Object Repository/Popup/Popup' is visible

2021-11-23 17:09:25 - [TEST_STEP][PASSED] - if (!(getText(findTestObject("Popup/Popup")).contains(Mesaj))): Text of object 'Object Repository/Popup/Popup' is: 'Seçilen faturalarınız onaylanacaktır. Onaylanan faturalar üzerinde değişiklik yapılamaz. Devam etmek istiyor musunuz?'

2021-11-23 17:09:25 - [MESSAGE][INFO] - Finding Test Object 'Object Repository/Popup/Popup'

2021-11-23 17:09:25 - [MESSAGE][INFO] - Checking object

2021-11-23 17:09:25 - [MESSAGE][INFO] - Finding web element from Test Object's properties

2021-11-23 17:09:25 - [MESSAGE][INFO] - Checking timeout

2021-11-23 17:09:25 - [MESSAGE][INFO] - Finding web element with id: 'Object Repository/Popup/Popup' located by 'By.cssSelector: .bootbox-body' in '30' second(s)

2021-11-23 17:09:25 - [MESSAGE][INFO] - Smart Wait Function is triggered

2021-11-23 17:09:25 - [MESSAGE][INFO] - Found 1 web elements with id: 'Object Repository/Popup/Popup' located by 'By.cssSelector: .bootbox-body' in '30' second(s)

2021-11-23 17:09:25 - [MESSAGE][INFO] - Getting text of object 'Object Repository/Popup/Popup'

2021-11-23 17:09:25 - [MESSAGE][PASSED] - Text of object 'Object Repository/Popup/Popup' is: 'Seçilen faturalarınız onaylanacaktır. Onaylanan faturalar üzerinde değişiklik yapılamaz. Devam etmek istiyor musunuz?'

2021-11-23 17:09:25 - [TEST_STEP][PASSED] - RaporNo = getText(findTestObject("Popup/Popup")).substring(0, 6): Text of object 'Object Repository/Popup/Popup' is: 'Seçilen faturalarınız onaylanacaktır. Onaylanan faturalar üzerinde değişiklik yapılamaz. Devam etmek istiyor musunuz?'

2021-11-23 17:09:25 - [MESSAGE][INFO] - Finding Test Object 'Object Repository/Popup/Popup'

2021-11-23 17:09:25 - [MESSAGE][INFO] - Checking object

2021-11-23 17:09:25 - [MESSAGE][INFO] - Finding web element from Test Object's properties

2021-11-23 17:09:25 - [MESSAGE][INFO] - Checking timeout

2021-11-23 17:09:25 - [MESSAGE][INFO] - Finding web element with id: 'Object Repository/Popup/Popup' located by 'By.cssSelector: .bootbox-body' in '30' second(s)

2021-11-23 17:09:25 - [MESSAGE][INFO] - Smart Wait Function is triggered

2021-11-23 17:09:26 - [MESSAGE][INFO] - Found 1 web elements with id: 'Object Repository/Popup/Popup' located by 'By.cssSelector: .bootbox-body' in '30' second(s)

2021-11-23 17:09:26 - [MESSAGE][INFO] - Getting text of object 'Object Repository/Popup/Popup'

2021-11-23 17:09:26 - [MESSAGE][PASSED] - Text of object 'Object Repository/Popup/Popup' is: 'Seçilen faturalarınız onaylanacaktır. Onaylanan faturalar üzerinde değişiklik yapılamaz. Devam etmek istiyor musunuz?'

2021-11-23 17:09:26 - [TEST_STEP][PASSED] - Console.println(RaporNo): null

2021-11-23 17:09:26 - [MESSAGE][PASSED] - Call Test Case 'Test Cases/Popup/PopupMesajiIceriyorMu' successfully

2021-11-23 17:09:26 - [MESSAGE][INFO] - Checking called Test Case

2021-11-23 17:09:26 - [MESSAGE][INFO] - Starting to call Test Case 'Test Cases/Popup/PopupButonSecilir'

2021-11-23 17:09:26 - [TEST_CASE][PASSED] - Test Cases/Popup/PopupButonSecilir: Test Cases/Popup/PopupButonSecilir

2021-11-23 17:09:26 - [TEST_STEP][PASSED] - Method.TextDegerineEsitElementeTikla(findTestObject("Popup/Popup_Butons"), Buton): Method.TextDegerineEsitElementeTikla is PASSED

2021-11-23 17:09:26 - [MESSAGE][INFO] - Finding Test Object 'Object Repository/Popup/Popup_Butons'

2021-11-23 17:09:26 - [MESSAGE][INFO] - Checking timeout

2021-11-23 17:09:26 - [MESSAGE][INFO] - Finding web element with id: 'Object Repository/Popup/Popup_Butons' located by 'By.cssSelector: .modal-footer>button' in '10' second(s)

2021-11-23 17:09:26 - [MESSAGE][INFO] - Smart Wait Function is triggered

2021-11-23 17:09:26 - [MESSAGE][INFO] - Found 2 web elements with id: 'Object Repository/Popup/Popup_Butons' located by 'By.cssSelector: .modal-footer>button' in '10' second(s)

2021-11-23 17:09:26 - [MESSAGE][PASSED] - Method.TextDegerineEsitElementeTikla is PASSED

2021-11-23 17:09:26 - [MESSAGE][PASSED] - Call Test Case 'Test Cases/Popup/PopupButonSecilir' successfully

2021-11-23 17:09:26 - [MESSAGE][INFO] - Checking called Test Case

2021-11-23 17:09:26 - [MESSAGE][INFO] - Starting to call Test Case 'Test Cases/Menu/AnaMenuSecimi'

2021-11-23 17:09:26 - [TEST_CASE][PASSED] - Test Cases/Menu/AnaMenuSecimi: Test Cases/Menu/AnaMenuSecimi

2021-11-23 17:09:26 - [TEST_STEP][PASSED] - Method.TextDegerineEsitElementeTikla(findTestObject("Menu/Ana_Menu"), Ana_Menu): Method.TextDegerineEsitElementeTikla is PASSED

2021-11-23 17:09:26 - [MESSAGE][INFO] - Finding Test Object 'Object Repository/Menu/Ana_Menu'

2021-11-23 17:09:26 - [MESSAGE][INFO] - Checking timeout

2021-11-23 17:09:26 - [MESSAGE][INFO] - Finding web element with id: 'Object Repository/Menu/Ana_Menu' located by 'By.xpath: //*[@class = 'dropdown-toggle']' in '10' second(s)

2021-11-23 17:09:26 - [MESSAGE][INFO] - Smart Wait Function is triggered

2021-11-23 17:09:27 - [MESSAGE][INFO] - Found 13 web elements with id: 'Object Repository/Menu/Ana_Menu' located by 'By.xpath: //*[@class = 'dropdown-toggle']' in '10' second(s)

2021-11-23 17:09:27 - [MESSAGE][PASSED] - Method.TextDegerineEsitElementeTikla is PASSED

2021-11-23 17:09:27 - [MESSAGE][PASSED] - Call Test Case 'Test Cases/Menu/AnaMenuSecimi' successfully

2021-11-23 17:09:27 - [MESSAGE][INFO] - Checking called Test Case

2021-11-23 17:09:27 - [MESSAGE][INFO] - Starting to call Test Case 'Test Cases/Menu/BasligaGoreAltMenuSecimi'

2021-11-23 17:09:27 - [TEST_CASE][PASSED] - Test Cases/Menu/BasligaGoreAltMenuSecimi: Test Cases/Menu/BasligaGoreAltMenuSecimi

2021-11-23 17:09:27 - [TEST_STEP][PASSED] - Method.TextDegerineEsitElementinAltindakiTextDegerineEsitOlanaTikla(findTestObject("Menu/Menu_Basligi"), findTestObject("Menu/Basliga_Gore_Alt_Menu"), Baslik, Alt_Menu): Method.TextDegerineEsitElementinAltindakiTextDegerineEsitOlanaTikla is PASSED

2021-11-23 17:09:27 - [MESSAGE][INFO] - Finding Test Object 'Object Repository/Menu/Menu_Basligi'

2021-11-23 17:09:28 - [MESSAGE][INFO] - Finding Test Object 'Object Repository/Menu/Basliga_Gore_Alt_Menu'

2021-11-23 17:09:28 - [MESSAGE][INFO] - Checking timeout

2021-11-23 17:09:28 - [MESSAGE][INFO] - Finding web element with id: 'Object Repository/Menu/Menu_Basligi' located by 'By.xpath: //li[@class='dropdown dropdown-large open']//li[@class='dropdown-header']' in '10' second(s)

2021-11-23 17:09:28 - [MESSAGE][INFO] - Smart Wait Function is triggered

2021-11-23 17:09:28 - [MESSAGE][INFO] - Found 2 web elements with id: 'Object Repository/Menu/Menu_Basligi' located by 'By.xpath: //li[@class='dropdown dropdown-large open']//li[@class='dropdown-header']' in '10' second(s)

2021-11-23 17:09:28 - [MESSAGE][INFO] - Smart Wait Function is triggered

2021-11-23 17:09:29 - [MESSAGE][PASSED] - Method.TextDegerineEsitElementinAltindakiTextDegerineEsitOlanaTikla is PASSED

2021-11-23 17:09:29 - [MESSAGE][PASSED] - Call Test Case 'Test Cases/Menu/BasligaGoreAltMenuSecimi' successfully

2021-11-23 17:09:29 - [MESSAGE][INFO] - Checking called Test Case

2021-11-23 17:09:29 - [MESSAGE][INFO] - Starting to call Test Case 'Test Cases/Filtreler/EttnYaz'

2021-11-23 17:09:29 - [TEST_CASE][PASSED] - Test Cases/Filtreler/EttnYaz: Test Cases/Filtreler/EttnYaz

2021-11-23 17:09:29 - [TEST_STEP][PASSED] - Method.TextDegerineEsitElementinAltindakiTextboxtaYaz(findTestObject("Filtreler/Basliklar"), findTestObject("Filtreler/Basliga_Gore_Textbox"), "ETTN", ettn): Method.TextDegerineEsitElementinAltindakiTextboxtaYaz is PASSED

2021-11-23 17:09:29 - [MESSAGE][INFO] - Finding Test Object 'Object Repository/Filtreler/Basliklar'

2021-11-23 17:09:29 - [MESSAGE][INFO] - Finding Test Object 'Object Repository/Filtreler/Basliga_Gore_Textbox'

2021-11-23 17:09:30 - [MESSAGE][INFO] - Checking timeout

2021-11-23 17:09:30 - [MESSAGE][INFO] - Finding web element with id: 'Object Repository/Filtreler/Basliklar' located by 'By.cssSelector: .control-label.col-sm-4.paddingMarginRLC' in '10' second(s)

2021-11-23 17:09:30 - [MESSAGE][INFO] - Smart Wait Function is triggered

2021-11-23 17:09:30 - [MESSAGE][INFO] - Found 19 web elements with id: 'Object Repository/Filtreler/Basliklar' located by 'By.cssSelector: .control-label.col-sm-4.paddingMarginRLC' in '10' second(s)

2021-11-23 17:09:30 - [MESSAGE][INFO] - Smart Wait Function is triggered

2021-11-23 17:09:31 - [MESSAGE][PASSED] - Method.TextDegerineEsitElementinAltindakiTextboxtaYaz is PASSED

2021-11-23 17:09:31 - [MESSAGE][PASSED] - Call Test Case 'Test Cases/Filtreler/EttnYaz' successfully

2021-11-23 17:09:31 - [MESSAGE][INFO] - Checking called Test Case

2021-11-23 17:09:31 - [MESSAGE][INFO] - Starting to call Test Case 'Test Cases/Filtreler/ButonaTikla'

2021-11-23 17:09:31 - [TEST_CASE][PASSED] - Test Cases/Filtreler/ButonaTikla: Test Cases/Filtreler/ButonaTikla

2021-11-23 17:09:31 - [TEST_STEP][PASSED] - Method.TextDegerineEsitElementeTikla(findTestObject("Filtreler/Butonlar"), Filtre_Buton): Method.TextDegerineEsitElementeTikla is PASSED

2021-11-23 17:09:31 - [MESSAGE][INFO] - Finding Test Object 'Object Repository/Filtreler/Butonlar'

2021-11-23 17:09:31 - [MESSAGE][INFO] - Checking timeout

2021-11-23 17:09:31 - [MESSAGE][INFO] - Finding web element with id: 'Object Repository/Filtreler/Butonlar' located by 'By.cssSelector: .dxb>span' in '10' second(s)

2021-11-23 17:09:31 - [MESSAGE][INFO] - Smart Wait Function is triggered

2021-11-23 17:09:31 - [MESSAGE][INFO] - Found 3 web elements with id: 'Object Repository/Filtreler/Butonlar' located by 'By.cssSelector: .dxb>span' in '10' second(s)

2021-11-23 17:09:32 - [MESSAGE][PASSED] - Method.TextDegerineEsitElementeTikla is PASSED

2021-11-23 17:09:32 - [MESSAGE][PASSED] - Call Test Case 'Test Cases/Filtreler/ButonaTikla' successfully

2021-11-23 17:09:32 - [MESSAGE][INFO] - Checking called Test Case

2021-11-23 17:09:32 - [MESSAGE][INFO] - Starting to call Test Case 'Test Cases/Tablo/TablodaVeriVarMi'

2021-11-23 17:09:32 - [TEST_CASE][PASSED] - Test Cases/Tablo/TablodaVeriVarMi: Test Cases/Tablo/TablodaVeriVarMi

2021-11-23 17:09:32 - [TEST_STEP][PASSED] - verifyTextNotPresent("Görüntülenecek veri yok", true): Text 'Görüntülenecek veri yok' is not present on page using regular expression

2021-11-23 17:09:32 - [MESSAGE][INFO] - Checking text present  using regular expression

2021-11-23 17:09:32 - [MESSAGE][INFO] - Smart Wait Function is triggered

2021-11-23 17:09:33 - [MESSAGE][INFO] - Finding text 'Görüntülenecek veri yok' on page  using regular expression

2021-11-23 17:09:33 - [MESSAGE][PASSED] - Text 'Görüntülenecek veri yok' is not present on page using regular expression

2021-11-23 17:09:33 - [MESSAGE][PASSED] - Call Test Case 'Test Cases/Tablo/TablodaVeriVarMi' successfully

2021-11-23 17:09:33 - [MESSAGE][INFO] - Checking called Test Case

2021-11-23 17:09:33 - [MESSAGE][INFO] - Starting to call Test Case 'Test Cases/Tablo/TablodaVeriBasariliMiArsiv'

2021-11-23 17:09:33 - [TEST_CASE][PASSED] - Test Cases/Tablo/TablodaVeriBasariliMiArsiv: Test Cases/Tablo/TablodaVeriBasariliMiArsiv

2021-11-23 17:09:33 - [TEST_STEP][PASSED] - sayac = 80: null

2021-11-23 17:09:33 - [TEST_STEP][PASSED] - while (verifyElementText(findTestObject("Object Repository/Tablo/DurumBilgisiArsiv"), "Henüz Sonuçlanmadı", OPTIONAL)): Actual text 'Başarılı' and expected text 'Henüz Sonuçlanmadı' of test object 'Object Repository/Tablo/DurumBilgisiArsiv' are NOT matched. (Root cause: com.kms.katalon.core.exception.StepFailedException: Actual text 'Başarılı' and expected text 'Henüz Sonuçlanmadı' of test object 'Object Repository/Tablo/DurumBilgisiArsiv' are NOT matched.
	at com.kms.katalon.core.webui.keyword.internal.WebUIKeywordMain.stepFailed(WebUIKeywordMain.groovy:64)
	at com.kms.katalon.core.webui.keyword.builtin.VerifyElementTextKeyword$_verifyElementText_closure1.doCall(VerifyElementTextKeyword.groovy:57)
	at com.kms.katalon.core.webui.keyword.builtin.VerifyElementTextKeyword$_verifyElementText_closure1.call(VerifyElementTextKeyword.groovy)
	at com.kms.katalon.core.webui.keyword.internal.WebUIKeywordMain.runKeyword(WebUIKeywordMain.groovy:20)
	at com.kms.katalon.core.webui.keyword.builtin.VerifyElementTextKeyword.verifyElementText(VerifyElementTextKeyword.groovy:72)
	at com.kms.katalon.core.webui.keyword.builtin.VerifyElementTextKeyword.execute(VerifyElementTextKeyword.groovy:40)
	at com.kms.katalon.core.keyword.internal.KeywordExecutor.executeKeywordForPlatform(KeywordExecutor.groovy:73)
	at com.kms.katalon.core.webui.keyword.WebUiBuiltInKeywords.verifyElementText(WebUiBuiltInKeywords.groovy:4733)
	at com.kms.katalon.core.webui.keyword.WebUiBuiltInKeywords$verifyElementText$20.call(Unknown Source)
	at TablodaVeriBasariliMiArsiv.run(TablodaVeriBasariliMiArsiv:22)
	at com.kms.katalon.core.main.ScriptEngine.run(ScriptEngine.java:194)
	at com.kms.katalon.core.main.ScriptEngine.runScriptAsRawText(ScriptEngine.java:119)
	at com.kms.katalon.core.main.TestCaseExecutor.runScript(TestCaseExecutor.java:369)
	at com.kms.katalon.core.main.TestCaseExecutor.doExecute(TestCaseExecutor.java:360)
	at com.kms.katalon.core.main.TestCaseExecutor.processExecutionPhase(TestCaseExecutor.java:339)
	at com.kms.katalon.core.main.TestCaseExecutor.accessMainPhase(TestCaseExecutor.java:331)
	at com.kms.katalon.core.main.TestCaseExecutor.execute(TestCaseExecutor.java:248)
	at com.kms.katalon.core.main.TestCaseMain.runTestCase(TestCaseMain.java:138)
	at com.kms.katalon.core.keyword.builtin.CallTestCaseKeyword$_callTestCase_closure1.doCall(CallTestCaseKeyword.groovy:59)
	at com.kms.katalon.core.keyword.builtin.CallTestCaseKeyword$_callTestCase_closure1.call(CallTestCaseKeyword.groovy)
	at com.kms.katalon.core.keyword.internal.KeywordMain.runKeyword(KeywordMain.groovy:68)
	at com.kms.katalon.core.keyword.builtin.CallTestCaseKeyword.callTestCase(CallTestCaseKeyword.groovy:81)
	at com.kms.katalon.core.keyword.builtin.CallTestCaseKeyword.execute(CallTestCaseKeyword.groovy:44)
	at com.kms.katalon.core.keyword.internal.KeywordExecutor.executeKeywordForPlatform(KeywordExecutor.groovy:73)
	at com.kms.katalon.core.keyword.BuiltinKeywords.callTestCase(BuiltinKeywords.groovy:334)
	at tablo.tablo.tablodaVeriBasariliMiArsiv(tablo.groovy:95)
	at cucumber.runtime.Utils$1.call(Utils.java:26)
	at cucumber.runtime.Timeout.timeout(Timeout.java:16)
	at cucumber.runtime.Utils.invoke(Utils.java:20)
	at cucumber.runtime.java.JavaStepDefinition.execute(JavaStepDefinition.java:49)
	at cucumber.runner.PickleStepDefinitionMatch.runStep(PickleStepDefinitionMatch.java:50)
	at cucumber.runner.TestStep.executeStep(TestStep.java:63)
	at cucumber.runner.TestStep.run(TestStep.java:49)
	at cucumber.runner.PickleStepTestStep.run(PickleStepTestStep.java:43)
	at cucumber.runner.TestCase.run(TestCase.java:44)
	at cucumber.runner.Runner.runPickle(Runner.java:40)
	at cucumber.runtime.Runtime$1.run(Runtime.java:84)
	at cucumber.runtime.Runtime$SameThreadExecutorService.execute(Runtime.java:220)
	at cucumber.runtime.Runtime.run(Runtime.java:81)
	at cucumber.api.cli.Main.run(Main.java:26)
	at cucumber.api.cli.Main$run.call(Unknown Source)
	at com.kms.katalon.core.cucumber.keyword.CucumberBuiltinKeywords$_runFeatureFile_closure1.doCall(CucumberBuiltinKeywords.groovy:106)
	at com.kms.katalon.core.cucumber.keyword.CucumberBuiltinKeywords$_runFeatureFile_closure1.doCall(CucumberBuiltinKeywords.groovy)
	at com.kms.katalon.core.keyword.internal.KeywordMain.runKeyword(KeywordMain.groovy:68)
	at com.kms.katalon.core.keyword.internal.KeywordMain$runKeyword.call(Unknown Source)
	at com.kms.katalon.core.cucumber.keyword.CucumberBuiltinKeywords.runFeatureFile(CucumberBuiltinKeywords.groovy:73)
	at com.kms.katalon.core.cucumber.keyword.CucumberBuiltinKeywords$runFeatureFile$0.callStatic(Unknown Source)
	at com.kms.katalon.core.cucumber.keyword.CucumberBuiltinKeywords.runFeatureFile(CucumberBuiltinKeywords.groovy:246)
	at com.kms.katalon.core.cucumber.keyword.CucumberBuiltinKeywords$runFeatureFile.call(Unknown Source)
	at VKN-Kagit-Tevkifat.run(VKN-Kagit-Tevkifat:19)
	at com.kms.katalon.core.main.ScriptEngine.run(ScriptEngine.java:194)
	at com.kms.katalon.core.main.ScriptEngine.runScriptAsRawText(ScriptEngine.java:119)
	at com.kms.katalon.core.main.TestCaseExecutor.runScript(TestCaseExecutor.java:369)
	at com.kms.katalon.core.main.TestCaseExecutor.doExecute(TestCaseExecutor.java:360)
	at com.kms.katalon.core.main.TestCaseExecutor.processExecutionPhase(TestCaseExecutor.java:339)
	at com.kms.katalon.core.main.TestCaseExecutor.accessMainPhase(TestCaseExecutor.java:331)
	at com.kms.katalon.core.main.TestCaseExecutor.execute(TestCaseExecutor.java:248)
	at com.kms.katalon.core.main.TestSuiteExecutor.accessTestCaseMainPhase(TestSuiteExecutor.java:191)
	at com.kms.katalon.core.main.TestSuiteExecutor.accessTestSuiteMainPhase(TestSuiteExecutor.java:140)
	at com.kms.katalon.core.main.TestSuiteExecutor.execute(TestSuiteExecutor.java:89)
	at com.kms.katalon.core.main.TestCaseMain.startTestSuite(TestCaseMain.java:181)
	at com.kms.katalon.core.main.TestCaseMain$startTestSuite$0.call(Unknown Source)
	at TempTestSuite1637674444414.run(TempTestSuite1637674444414.groovy:39)
)

2021-11-23 17:09:33 - [MESSAGE][INFO] - Finding Test Object 'Object Repository/Tablo/DurumBilgisiArsiv'

2021-11-23 17:09:33 - [MESSAGE][INFO] - Checking object

2021-11-23 17:09:33 - [MESSAGE][INFO] - Finding web element from Test Object's properties

2021-11-23 17:09:33 - [MESSAGE][INFO] - Checking timeout

2021-11-23 17:09:33 - [MESSAGE][INFO] - Finding web element with id: 'Object Repository/Tablo/DurumBilgisiArsiv' located by 'By.xpath: //*[@id = 'GridViewEArchiveInvoices_tccell0_9']' in '30' second(s)

2021-11-23 17:09:33 - [MESSAGE][INFO] - Smart Wait Function is triggered

2021-11-23 17:09:33 - [MESSAGE][INFO] - Found 1 web elements with id: 'Object Repository/Tablo/DurumBilgisiArsiv' located by 'By.xpath: //*[@id = 'GridViewEArchiveInvoices_tccell0_9']' in '30' second(s)

2021-11-23 17:09:33 - [MESSAGE][WARNING] - Actual text 'Başarılı' and expected text 'Henüz Sonuçlanmadı' of test object 'Object Repository/Tablo/DurumBilgisiArsiv' are NOT matched. (Root cause: com.kms.katalon.core.exception.StepFailedException: Actual text 'Başarılı' and expected text 'Henüz Sonuçlanmadı' of test object 'Object Repository/Tablo/DurumBilgisiArsiv' are NOT matched.
	at com.kms.katalon.core.webui.keyword.internal.WebUIKeywordMain.stepFailed(WebUIKeywordMain.groovy:64)
	at com.kms.katalon.core.webui.keyword.builtin.VerifyElementTextKeyword$_verifyElementText_closure1.doCall(VerifyElementTextKeyword.groovy:57)
	at com.kms.katalon.core.webui.keyword.builtin.VerifyElementTextKeyword$_verifyElementText_closure1.call(VerifyElementTextKeyword.groovy)
	at com.kms.katalon.core.webui.keyword.internal.WebUIKeywordMain.runKeyword(WebUIKeywordMain.groovy:20)
	at com.kms.katalon.core.webui.keyword.builtin.VerifyElementTextKeyword.verifyElementText(VerifyElementTextKeyword.groovy:72)
	at com.kms.katalon.core.webui.keyword.builtin.VerifyElementTextKeyword.execute(VerifyElementTextKeyword.groovy:40)
	at com.kms.katalon.core.keyword.internal.KeywordExecutor.executeKeywordForPlatform(KeywordExecutor.groovy:73)
	at com.kms.katalon.core.webui.keyword.WebUiBuiltInKeywords.verifyElementText(WebUiBuiltInKeywords.groovy:4733)
	at com.kms.katalon.core.webui.keyword.WebUiBuiltInKeywords$verifyElementText$20.call(Unknown Source)
	at TablodaVeriBasariliMiArsiv.run(TablodaVeriBasariliMiArsiv:22)
	at com.kms.katalon.core.main.ScriptEngine.run(ScriptEngine.java:194)
	at com.kms.katalon.core.main.ScriptEngine.runScriptAsRawText(ScriptEngine.java:119)
	at com.kms.katalon.core.main.TestCaseExecutor.runScript(TestCaseExecutor.java:369)
	at com.kms.katalon.core.main.TestCaseExecutor.doExecute(TestCaseExecutor.java:360)
	at com.kms.katalon.core.main.TestCaseExecutor.processExecutionPhase(TestCaseExecutor.java:339)
	at com.kms.katalon.core.main.TestCaseExecutor.accessMainPhase(TestCaseExecutor.java:331)
	at com.kms.katalon.core.main.TestCaseExecutor.execute(TestCaseExecutor.java:248)
	at com.kms.katalon.core.main.TestCaseMain.runTestCase(TestCaseMain.java:138)
	at com.kms.katalon.core.keyword.builtin.CallTestCaseKeyword$_callTestCase_closure1.doCall(CallTestCaseKeyword.groovy:59)
	at com.kms.katalon.core.keyword.builtin.CallTestCaseKeyword$_callTestCase_closure1.call(CallTestCaseKeyword.groovy)
	at com.kms.katalon.core.keyword.internal.KeywordMain.runKeyword(KeywordMain.groovy:68)
	at com.kms.katalon.core.keyword.builtin.CallTestCaseKeyword.callTestCase(CallTestCaseKeyword.groovy:81)
	at com.kms.katalon.core.keyword.builtin.CallTestCaseKeyword.execute(CallTestCaseKeyword.groovy:44)
	at com.kms.katalon.core.keyword.internal.KeywordExecutor.executeKeywordForPlatform(KeywordExecutor.groovy:73)
	at com.kms.katalon.core.keyword.BuiltinKeywords.callTestCase(BuiltinKeywords.groovy:334)
	at tablo.tablo.tablodaVeriBasariliMiArsiv(tablo.groovy:95)
	at cucumber.runtime.Utils$1.call(Utils.java:26)
	at cucumber.runtime.Timeout.timeout(Timeout.java:16)
	at cucumber.runtime.Utils.invoke(Utils.java:20)
	at cucumber.runtime.java.JavaStepDefinition.execute(JavaStepDefinition.java:49)
	at cucumber.runner.PickleStepDefinitionMatch.runStep(PickleStepDefinitionMatch.java:50)
	at cucumber.runner.TestStep.executeStep(TestStep.java:63)
	at cucumber.runner.TestStep.run(TestStep.java:49)
	at cucumber.runner.PickleStepTestStep.run(PickleStepTestStep.java:43)
	at cucumber.runner.TestCase.run(TestCase.java:44)
	at cucumber.runner.Runner.runPickle(Runner.java:40)
	at cucumber.runtime.Runtime$1.run(Runtime.java:84)
	at cucumber.runtime.Runtime$SameThreadExecutorService.execute(Runtime.java:220)
	at cucumber.runtime.Runtime.run(Runtime.java:81)
	at cucumber.api.cli.Main.run(Main.java:26)
	at cucumber.api.cli.Main$run.call(Unknown Source)
	at com.kms.katalon.core.cucumber.keyword.CucumberBuiltinKeywords$_runFeatureFile_closure1.doCall(CucumberBuiltinKeywords.groovy:106)
	at com.kms.katalon.core.cucumber.keyword.CucumberBuiltinKeywords$_runFeatureFile_closure1.doCall(CucumberBuiltinKeywords.groovy)
	at com.kms.katalon.core.keyword.internal.KeywordMain.runKeyword(KeywordMain.groovy:68)
	at com.kms.katalon.core.keyword.internal.KeywordMain$runKeyword.call(Unknown Source)
	at com.kms.katalon.core.cucumber.keyword.CucumberBuiltinKeywords.runFeatureFile(CucumberBuiltinKeywords.groovy:73)
	at com.kms.katalon.core.cucumber.keyword.CucumberBuiltinKeywords$runFeatureFile$0.callStatic(Unknown Source)
	at com.kms.katalon.core.cucumber.keyword.CucumberBuiltinKeywords.runFeatureFile(CucumberBuiltinKeywords.groovy:246)
	at com.kms.katalon.core.cucumber.keyword.CucumberBuiltinKeywords$runFeatureFile.call(Unknown Source)
	at VKN-Kagit-Tevkifat.run(VKN-Kagit-Tevkifat:19)
	at com.kms.katalon.core.main.ScriptEngine.run(ScriptEngine.java:194)
	at com.kms.katalon.core.main.ScriptEngine.runScriptAsRawText(ScriptEngine.java:119)
	at com.kms.katalon.core.main.TestCaseExecutor.runScript(TestCaseExecutor.java:369)
	at com.kms.katalon.core.main.TestCaseExecutor.doExecute(TestCaseExecutor.java:360)
	at com.kms.katalon.core.main.TestCaseExecutor.processExecutionPhase(TestCaseExecutor.java:339)
	at com.kms.katalon.core.main.TestCaseExecutor.accessMainPhase(TestCaseExecutor.java:331)
	at com.kms.katalon.core.main.TestCaseExecutor.execute(TestCaseExecutor.java:248)
	at com.kms.katalon.core.main.TestSuiteExecutor.accessTestCaseMainPhase(TestSuiteExecutor.java:191)
	at com.kms.katalon.core.main.TestSuiteExecutor.accessTestSuiteMainPhase(TestSuiteExecutor.java:140)
	at com.kms.katalon.core.main.TestSuiteExecutor.execute(TestSuiteExecutor.java:89)
	at com.kms.katalon.core.main.TestCaseMain.startTestSuite(TestCaseMain.java:181)
	at com.kms.katalon.core.main.TestCaseMain$startTestSuite$0.call(Unknown Source)
	at TempTestSuite1637674444414.run(TempTestSuite1637674444414.groovy:39)
)

2021-11-23 17:09:33 - [TEST_STEP][PASSED] - Method.TextDegerineEsitElementVarMi(findTestObject("Object Repository/Tablo/DurumBilgisiArsiv"), "Başarılı"): Method.TextDegerineEsitElementVarMi is PASSED

2021-11-23 17:09:33 - [MESSAGE][INFO] - Finding Test Object 'Object Repository/Tablo/DurumBilgisiArsiv'

2021-11-23 17:09:33 - [MESSAGE][INFO] - Checking timeout

2021-11-23 17:09:33 - [MESSAGE][INFO] - Finding web element with id: 'Object Repository/Tablo/DurumBilgisiArsiv' located by 'By.xpath: //*[@id = 'GridViewEArchiveInvoices_tccell0_9']' in '10' second(s)

2021-11-23 17:09:33 - [MESSAGE][INFO] - Smart Wait Function is triggered

2021-11-23 17:09:34 - [MESSAGE][INFO] - Found 1 web elements with id: 'Object Repository/Tablo/DurumBilgisiArsiv' located by 'By.xpath: //*[@id = 'GridViewEArchiveInvoices_tccell0_9']' in '10' second(s)

2021-11-23 17:09:34 - [MESSAGE][PASSED] - Method.TextDegerineEsitElementVarMi is PASSED

2021-11-23 17:09:34 - [MESSAGE][PASSED] - Call Test Case 'Test Cases/Tablo/TablodaVeriBasariliMiArsiv' successfully

2021-11-23 17:09:34 - [MESSAGE][INFO] - Checking called Test Case

2021-11-23 17:09:34 - [MESSAGE][INFO] - Starting to call Test Case 'Test Cases/Kullanici_Islemleri/KullaniciIslemlerindenSecimYapilir'

2021-11-23 17:09:34 - [TEST_CASE][PASSED] - Test Cases/Kullanici_Islemleri/KullaniciIslemlerindenSecimYapilir: Test Cases/Kullanici_Islemleri/KullaniciIslemlerindenSecimYapilir

2021-11-23 17:09:34 - [TEST_STEP][PASSED] - waitForElementClickable(findTestObject("Object Repository/Kullanici_Islemleri/KullaniciIslemleri"), 10): Object 'Object Repository/Kullanici_Islemleri/KullaniciIslemleri' is clickable

2021-11-23 17:09:34 - [MESSAGE][INFO] - Finding Test Object 'Object Repository/Kullanici_Islemleri/KullaniciIslemleri'

2021-11-23 17:09:34 - [MESSAGE][INFO] - Checking object

2021-11-23 17:09:34 - [MESSAGE][INFO] - Checking timeout

2021-11-23 17:09:34 - [MESSAGE][INFO] - Finding web element from Test Object's properties

2021-11-23 17:09:34 - [MESSAGE][INFO] - Checking timeout

2021-11-23 17:09:34 - [MESSAGE][INFO] - Finding web element with id: 'Object Repository/Kullanici_Islemleri/KullaniciIslemleri' located by 'By.cssSelector: .dropdown>a>img' in '10' second(s)

2021-11-23 17:09:34 - [MESSAGE][INFO] - Smart Wait Function is triggered

2021-11-23 17:09:34 - [MESSAGE][INFO] - Found 1 web elements with id: 'Object Repository/Kullanici_Islemleri/KullaniciIslemleri' located by 'By.cssSelector: .dropdown>a>img' in '10' second(s)

2021-11-23 17:09:34 - [MESSAGE][PASSED] - Object 'Object Repository/Kullanici_Islemleri/KullaniciIslemleri' is clickable

2021-11-23 17:09:34 - [TEST_STEP][PASSED] - click(findTestObject("Object Repository/Kullanici_Islemleri/KullaniciIslemleri")): Object: 'Object Repository/Kullanici_Islemleri/KullaniciIslemleri' is clicked on

2021-11-23 17:09:34 - [MESSAGE][INFO] - Finding Test Object 'Object Repository/Kullanici_Islemleri/KullaniciIslemleri'

2021-11-23 17:09:34 - [MESSAGE][INFO] - Checking object

2021-11-23 17:09:34 - [MESSAGE][INFO] - Finding web element from Test Object's properties

2021-11-23 17:09:34 - [MESSAGE][INFO] - Checking timeout

2021-11-23 17:09:34 - [MESSAGE][INFO] - Finding web element with id: 'Object Repository/Kullanici_Islemleri/KullaniciIslemleri' located by 'By.cssSelector: .dropdown>a>img' in '30' second(s)

2021-11-23 17:09:34 - [MESSAGE][INFO] - Smart Wait Function is triggered

2021-11-23 17:09:35 - [MESSAGE][INFO] - Found 1 web elements with id: 'Object Repository/Kullanici_Islemleri/KullaniciIslemleri' located by 'By.cssSelector: .dropdown>a>img' in '30' second(s)

2021-11-23 17:09:35 - [MESSAGE][INFO] - Clicking on object: 'Object Repository/Kullanici_Islemleri/KullaniciIslemleri'

2021-11-23 17:09:35 - [MESSAGE][PASSED] - Object: 'Object Repository/Kullanici_Islemleri/KullaniciIslemleri' is clicked on

2021-11-23 17:09:35 - [TEST_STEP][PASSED] - Method.TextDegerineEsitElementeTikla(findTestObject("Object Repository/Kullanici_Islemleri/Secenekler"), Islem): Method.TextDegerineEsitElementeTikla is PASSED

2021-11-23 17:09:35 - [MESSAGE][INFO] - Finding Test Object 'Object Repository/Kullanici_Islemleri/Secenekler'

2021-11-23 17:09:35 - [MESSAGE][INFO] - Checking timeout

2021-11-23 17:09:35 - [MESSAGE][INFO] - Finding web element with id: 'Object Repository/Kullanici_Islemleri/Secenekler' located by 'By.cssSelector: .nav.navbar-nav.navbar-right li a' in '10' second(s)

2021-11-23 17:09:35 - [MESSAGE][INFO] - Smart Wait Function is triggered

2021-11-23 17:09:35 - [MESSAGE][INFO] - Found 20 web elements with id: 'Object Repository/Kullanici_Islemleri/Secenekler' located by 'By.cssSelector: .nav.navbar-nav.navbar-right li a' in '10' second(s)

2021-11-23 17:09:37 - [MESSAGE][PASSED] - Method.TextDegerineEsitElementeTikla is PASSED

2021-11-23 17:09:37 - [TEST_STEP][PASSED] - verifyElementNotPresent(findTestObject("Object Repository/Kullanici_Islemleri/Secenekler"), 10): Web element with id: 'Object Repository/Kullanici_Islemleri/Secenekler' located by 'By.cssSelector: .nav.navbar-nav.navbar-right li a' is not present after '10' second(s)

2021-11-23 17:09:37 - [MESSAGE][INFO] - Finding Test Object 'Object Repository/Kullanici_Islemleri/Secenekler'

2021-11-23 17:09:37 - [MESSAGE][INFO] - Checking object

2021-11-23 17:09:37 - [MESSAGE][INFO] - Checking timeout

2021-11-23 17:09:37 - [MESSAGE][INFO] - Finding web element with id: 'Object Repository/Kullanici_Islemleri/Secenekler' located by 'By.cssSelector: .nav.navbar-nav.navbar-right li a' in '10' second(s)

2021-11-23 17:09:37 - [MESSAGE][INFO] - Smart Wait Function is triggered

2021-11-23 17:09:38 - [MESSAGE][PASSED] - Web element with id: 'Object Repository/Kullanici_Islemleri/Secenekler' located by 'By.cssSelector: .nav.navbar-nav.navbar-right li a' is not present after '10' second(s)

2021-11-23 17:09:38 - [MESSAGE][PASSED] - Call Test Case 'Test Cases/Kullanici_Islemleri/KullaniciIslemlerindenSecimYapilir' successfully

2021-11-23 17:09:38 - [TEST_CASE][PASSED] - Start Test Case : SCENARIO Gonderim tipi Kagit ve Tevkifat tipinde e-Arsiv faturasi olusturulmasi: SCENARIO Gonderim tipi Kagit ve Tevkifat tipinde e-Arsiv faturasi olusturulmasi

2021-11-23 17:09:38 - [TEST_STEP][PASSED] - Kullanıcı adı EARTEVKIFAT ve Şifre test1234 olarak giriş yapılır: Kullanıcı adı EARTEVKIFAT ve Şifre test1234 olarak giriş yapılır

2021-11-23 17:09:38 - [MESSAGE][PASSED] - Kullanıcı adı EARTEVKIFAT ve Şifre test1234 olarak giriş yapılır

2021-11-23 17:09:38 - [TEST_STEP][PASSED] - Ana menüden e-Arşiv seçilir: Ana menüden e-Arşiv seçilir

2021-11-23 17:09:38 - [MESSAGE][PASSED] - Ana menüden e-Arşiv seçilir

2021-11-23 17:09:38 - [TEST_STEP][PASSED] - Alt menü e-Arşiv Araçları başlığı altındaki e-Arşiv Fatura Oluşturma seçilir: Alt menü e-Arşiv Araçları başlığı altındaki e-Arşiv Fatura Oluşturma seçilir

2021-11-23 17:09:38 - [MESSAGE][PASSED] - Alt menü e-Arşiv Araçları başlığı altındaki e-Arşiv Fatura Oluşturma seçilir

2021-11-23 17:09:38 - [TEST_STEP][PASSED] - Tablodaki tüm veriler silinir: Tablodaki tüm veriler silinir

2021-11-23 17:09:38 - [MESSAGE][PASSED] - Tablodaki tüm veriler silinir

2021-11-23 17:09:38 - [TEST_STEP][PASSED] - Butonlardan Ekle isimli butona tıklanır: Butonlardan Ekle isimli butona tıklanır

2021-11-23 17:09:38 - [MESSAGE][PASSED] - Butonlardan Ekle isimli butona tıklanır

2021-11-23 17:09:38 - [TEST_STEP][PASSED] - Görsel tasarım sayfasının e-Arşiv Fatura Bilgileri başlığını içerdiği kontrol edilir: Görsel tasarım sayfasının e-Arşiv Fatura Bilgileri başlığını içerdiği kontrol edilir

2021-11-23 17:09:38 - [MESSAGE][PASSED] - Görsel tasarım sayfasının e-Arşiv Fatura Bilgileri başlığını içerdiği kontrol edilir

2021-11-23 17:09:38 - [TEST_STEP][PASSED] - Alıcı adı alanına UC0016 girilir: Alıcı adı alanına UC0016 girilir

2021-11-23 17:09:38 - [MESSAGE][PASSED] - Alıcı adı alanına UC0016 girilir

2021-11-23 17:09:38 - [TEST_STEP][PASSED] - Gönderim Şekli Kağıt olarak seçilir: Gönderim Şekli Kağıt olarak seçilir

2021-11-23 17:09:38 - [MESSAGE][PASSED] - Gönderim Şekli Kağıt olarak seçilir

2021-11-23 17:09:38 - [TEST_STEP][PASSED] - Tip alanından Tevkifat seçilir: Tip alanından Tevkifat seçilir

2021-11-23 17:09:38 - [MESSAGE][PASSED] - Tip alanından Tevkifat seçilir

2021-11-23 17:09:38 - [TEST_STEP][PASSED] - Döküman Para Birimi alanından Türk Lirası seçilir: Döküman Para Birimi alanından Türk Lirası seçilir

2021-11-23 17:09:38 - [MESSAGE][PASSED] - Döküman Para Birimi alanından Türk Lirası seçilir

2021-11-23 17:09:38 - [TEST_STEP][PASSED] - Ön Ek EAR olarak seçilir: Ön Ek EAR olarak seçilir

2021-11-23 17:09:38 - [MESSAGE][PASSED] - Ön Ek EAR olarak seçilir

2021-11-23 17:09:38 - [TEST_STEP][PASSED] - Tasarım alanından Otomasyon seçilir: Tasarım alanından Otomasyon seçilir

2021-11-23 17:09:38 - [MESSAGE][PASSED] - Tasarım alanından Otomasyon seçilir

2021-11-23 17:09:38 - [TEST_STEP][PASSED] - Sipariş bilgileri UUC-SAT-1200001 ve 31.04.2020 olarak girilir: Sipariş bilgileri UUC-SAT-1200001 ve 31.04.2020 olarak girilir

2021-11-23 17:09:38 - [MESSAGE][PASSED] - Sipariş bilgileri UUC-SAT-1200001 ve 31.04.2020 olarak girilir

2021-11-23 17:09:38 - [TEST_STEP][PASSED] - İrsaliye Bilgileri AAAAAAAAAA,31.04.2020 olarak girilir: İrsaliye Bilgileri AAAAAAAAAA,31.04.2020 olarak girilir

2021-11-23 17:09:38 - [MESSAGE][PASSED] - İrsaliye Bilgileri AAAAAAAAAA,31.04.2020 olarak girilir

2021-11-23 17:09:38 - [TEST_STEP][PASSED] - Ekle butonuna basılır: Ekle butonuna basılır

2021-11-23 17:09:38 - [MESSAGE][PASSED] - Ekle butonuna basılır

2021-11-23 17:09:38 - [TEST_STEP][PASSED] - Ürün ekleme alanında Mal/Hizmet başlığına Otomasyon girilir: Ürün ekleme alanında Mal/Hizmet başlığına Otomasyon girilir

2021-11-23 17:09:38 - [MESSAGE][PASSED] - Ürün ekleme alanında Mal/Hizmet başlığına Otomasyon girilir

2021-11-23 17:09:38 - [TEST_STEP][PASSED] - Ürün ekleme alanında Açıklaması başlığına Virgosol girilir: Ürün ekleme alanında Açıklaması başlığına Virgosol girilir

2021-11-23 17:09:38 - [MESSAGE][PASSED] - Ürün ekleme alanında Açıklaması başlığına Virgosol girilir

2021-11-23 17:09:38 - [TEST_STEP][PASSED] - Ürün ekleme alanında Miktarı başlığına 400 girilir: Ürün ekleme alanında Miktarı başlığına 400 girilir

2021-11-23 17:09:38 - [MESSAGE][PASSED] - Ürün ekleme alanında Miktarı başlığına 400 girilir

2021-11-23 17:09:38 - [TEST_STEP][PASSED] - Ürün ekleme alanında Birim Fiyat başlığına 100 girilir: Ürün ekleme alanında Birim Fiyat başlığına 100 girilir

2021-11-23 17:09:38 - [MESSAGE][PASSED] - Ürün ekleme alanında Birim Fiyat başlığına 100 girilir

2021-11-23 17:09:38 - [TEST_STEP][PASSED] - Ürün ekleme alanında İskonto Oranı % başlığına 10 girilir: Ürün ekleme alanında İskonto Oranı % başlığına 10 girilir

2021-11-23 17:09:38 - [MESSAGE][PASSED] - Ürün ekleme alanında İskonto Oranı % başlığına 10 girilir

2021-11-23 17:09:38 - [TEST_STEP][PASSED] - Ürün ekleme alanında KDV TEVKİFAT Kodu başlığına 604 - YEMEK SERVİS HİZMETİ girilir: Ürün ekleme alanında KDV TEVKİFAT Kodu başlığına 604 - YEMEK SERVİS HİZMETİ girilir

2021-11-23 17:09:38 - [MESSAGE][PASSED] - Ürün ekleme alanında KDV TEVKİFAT Kodu başlığına 604 - YEMEK SERVİS HİZMETİ girilir

2021-11-23 17:09:38 - [TEST_STEP][PASSED] - Notlar alanına Otomasyon Not girilir: Notlar alanına Otomasyon Not girilir

2021-11-23 17:09:38 - [MESSAGE][PASSED] - Notlar alanına Otomasyon Not girilir

2021-11-23 17:09:38 - [TEST_STEP][PASSED] - Ettn bilgisi kayıt edilir: Ettn bilgisi kayıt edilir

2021-11-23 17:09:38 - [MESSAGE][PASSED] - Ettn bilgisi kayıt edilir

2021-11-23 17:09:38 - [TEST_STEP][PASSED] - Kaydet butonu seçilir: Kaydet butonu seçilir

2021-11-23 17:09:38 - [MESSAGE][PASSED] - Kaydet butonu seçilir

2021-11-23 17:09:38 - [TEST_STEP][PASSED] - Tabloda Ettn bilgisi kaydedilen veri oluşturuldu mu: Tabloda Ettn bilgisi kaydedilen veri oluşturuldu mu

2021-11-23 17:09:38 - [MESSAGE][PASSED] - Tabloda Ettn bilgisi kaydedilen veri oluşturuldu mu

2021-11-23 17:09:38 - [TEST_STEP][PASSED] - Tablodan Ettn bilgisi kaydedilen veri seçilir: Tablodan Ettn bilgisi kaydedilen veri seçilir

2021-11-23 17:09:38 - [MESSAGE][PASSED] - Tablodan Ettn bilgisi kaydedilen veri seçilir

2021-11-23 17:09:38 - [TEST_STEP][PASSED] - Butonlardan Numara Oluştur isimli butona tıklanır: Butonlardan Numara Oluştur isimli butona tıklanır

2021-11-23 17:09:38 - [MESSAGE][PASSED] - Butonlardan Numara Oluştur isimli butona tıklanır

2021-11-23 17:09:38 - [TEST_STEP][PASSED] - Popup mesajı Devam etmek istiyor musunuz içeriyor mu: Popup mesajı Devam etmek istiyor musunuz içeriyor mu

2021-11-23 17:09:38 - [MESSAGE][PASSED] - Popup mesajı Devam etmek istiyor musunuz içeriyor mu

2021-11-23 17:09:38 - [TEST_STEP][PASSED] - Yönetim popupında Evet seçilir: Yönetim popupında Evet seçilir

2021-11-23 17:09:38 - [MESSAGE][PASSED] - Yönetim popupında Evet seçilir

2021-11-23 17:09:38 - [TEST_STEP][PASSED] - Popup mesajı oluşmuştur içeriyor mu: Popup mesajı oluşmuştur içeriyor mu

2021-11-23 17:09:38 - [MESSAGE][PASSED] - Popup mesajı oluşmuştur içeriyor mu

2021-11-23 17:09:38 - [TEST_STEP][PASSED] - Yönetim popupında Tamam seçilir: Yönetim popupında Tamam seçilir

2021-11-23 17:09:38 - [MESSAGE][PASSED] - Yönetim popupında Tamam seçilir

2021-11-23 17:09:38 - [TEST_STEP][PASSED] - Tablodan Ettn bilgisi kaydedilen veri seçilir: Tablodan Ettn bilgisi kaydedilen veri seçilir

2021-11-23 17:09:38 - [MESSAGE][PASSED] - Tablodan Ettn bilgisi kaydedilen veri seçilir

2021-11-23 17:09:38 - [TEST_STEP][PASSED] - Butonlardan Gönder isimli butona tıklanır: Butonlardan Gönder isimli butona tıklanır

2021-11-23 17:09:38 - [MESSAGE][PASSED] - Butonlardan Gönder isimli butona tıklanır

2021-11-23 17:09:38 - [TEST_STEP][PASSED] - Popup mesajı Devam etmek istiyor musunuz içeriyor mu: Popup mesajı Devam etmek istiyor musunuz içeriyor mu

2021-11-23 17:09:38 - [MESSAGE][PASSED] - Popup mesajı Devam etmek istiyor musunuz içeriyor mu

2021-11-23 17:09:38 - [TEST_STEP][PASSED] - Yönetim popupında Evet seçilir: Yönetim popupında Evet seçilir

2021-11-23 17:09:38 - [MESSAGE][PASSED] - Yönetim popupında Evet seçilir

2021-11-23 17:09:38 - [TEST_STEP][PASSED] - Ana menüden e-Arşiv seçilir: Ana menüden e-Arşiv seçilir

2021-11-23 17:09:38 - [MESSAGE][PASSED] - Ana menüden e-Arşiv seçilir

2021-11-23 17:09:38 - [TEST_STEP][PASSED] - Alt menü e-Arşiv Hareketleri başlığı altındaki e-Arşiv Faturaları seçilir: Alt menü e-Arşiv Hareketleri başlığı altındaki e-Arşiv Faturaları seçilir

2021-11-23 17:09:38 - [MESSAGE][PASSED] - Alt menü e-Arşiv Hareketleri başlığı altındaki e-Arşiv Faturaları seçilir

2021-11-23 17:09:38 - [TEST_STEP][PASSED] - Filtrelerden Ettn filtresine Ettn bilgisi yaz: Filtrelerden Ettn filtresine Ettn bilgisi yaz

2021-11-23 17:09:38 - [MESSAGE][PASSED] - Filtrelerden Ettn filtresine Ettn bilgisi yaz

2021-11-23 17:09:38 - [TEST_STEP][PASSED] - Filtre butonlarından Listele seçilir: Filtre butonlarından Listele seçilir

2021-11-23 17:09:38 - [MESSAGE][PASSED] - Filtre butonlarından Listele seçilir

2021-11-23 17:09:38 - [TEST_STEP][PASSED] - Tabloda veri var mı kontrol edilir: Tabloda veri var mı kontrol edilir

2021-11-23 17:09:38 - [MESSAGE][PASSED] - Tabloda veri var mı kontrol edilir

2021-11-23 17:09:38 - [TEST_STEP][PASSED] - Tabloda yeni oluşturulan eArsiv verisi başarılı mı: Tabloda yeni oluşturulan eArsiv verisi başarılı mı

2021-11-23 17:09:38 - [MESSAGE][PASSED] - Tabloda yeni oluşturulan eArsiv verisi başarılı mı

2021-11-23 17:09:38 - [TEST_STEP][PASSED] - Kullanıcı işlemlerinden Çıkış seçilir: Kullanıcı işlemlerinden Çıkış seçilir

2021-11-23 17:09:38 - [MESSAGE][PASSED] - Kullanıcı işlemlerinden Çıkış seçilir

2021-11-23 17:09:38 - [MESSAGE][PASSED] - Feature file: 'Include/features/Regresyon/e-Arsiv/VKN-Kagit-Tevkifat.feature' was passed

2021-11-23 17:09:38 - [TEST_STEP][PASSED] - Start listener action : sampleAfterTestSuite: Invoke 'com.kms.katalon.core.annotation.AfterTestCase' method: 'Listener.sampleAfterTestSuite(...)' completed.

2021-11-23 17:09:38 - [MESSAGE][INFO] - Starting invoke 'com.kms.katalon.core.annotation.AfterTestCase' method: 'Listener.sampleAfterTestSuite(...)'

2021-11-23 17:09:38 - [TEST_STEP][PASSED] - closeBrowser(): Invoke 'com.kms.katalon.core.annotation.AfterTestCase' method: 'Listener.sampleAfterTestSuite(...)' completed.

2021-11-23 17:09:38 - [MESSAGE][INFO] - Closing browser

2021-11-23 17:09:39 - [MESSAGE][PASSED] - Browser is closed

2021-11-23 17:09:39 - [MESSAGE][INFO] - Invoke 'com.kms.katalon.core.annotation.AfterTestCase' method: 'Listener.sampleAfterTestSuite(...)' completed.]]></system-out>
         <system-err><![CDATA[]]></system-err>
      </testcase>
      <testcase name="Test Cases/Case Repository/Regresyon/e-Mustahsil Makbuz/TCKN-e-Mustahsil Makbuz" time="81.218" classname="Test Cases/Case Repository/Regresyon/e-Mustahsil Makbuz/TCKN-e-Mustahsil Makbuz" status="PASSED">
         <system-out><![CDATA[2021-11-23 17:09:39 - [TEST_CASE][PASSED] - Test Cases/Case Repository/Regresyon/e-Mustahsil Makbuz/TCKN-e-Mustahsil Makbuz: Test Cases/Case Repository/Regresyon/e-Mustahsil Makbuz/TCKN-e-Mustahsil Makbuz

2021-11-23 17:09:39 - [TEST_STEP][PASSED] - Start listener action : sampleBeforeTestSuite: Invoke 'com.kms.katalon.core.annotation.BeforeTestCase' method: 'Listener.sampleBeforeTestSuite(...)' completed.

2021-11-23 17:09:39 - [MESSAGE][INFO] - Starting invoke 'com.kms.katalon.core.annotation.BeforeTestCase' method: 'Listener.sampleBeforeTestSuite(...)'

2021-11-23 17:09:39 - [TEST_STEP][PASSED] - openBrowser(baseUrl): Browser is opened with url: 'https://efatura-stage.elogo.com.tr/'

2021-11-23 17:09:39 - [MESSAGE][INFO] - Opening browser

2021-11-23 17:09:39 - [MESSAGE][INFO] - Starting 'Chrome' driver

2021-11-23 17:09:39 - [MESSAGE][INFO] - User set preference: ['prefs', '{download.default_directory=C:\otomasyondownfiles}']

2021-11-23 17:09:39 - [MESSAGE][INFO] - Action delay is set to 0 milliseconds

2021-11-23 17:09:40 - [MESSAGE][INFO] - Navigating browser to: 'https://efatura-stage.elogo.com.tr/'

2021-11-23 17:09:42 - [MESSAGE][PASSED] - Browser is opened with url: 'https://efatura-stage.elogo.com.tr/'

2021-11-23 17:09:42 - [TEST_STEP][PASSED] - maximizeWindow(): Invoke 'com.kms.katalon.core.annotation.BeforeTestCase' method: 'Listener.sampleBeforeTestSuite(...)' completed.

2021-11-23 17:09:43 - [MESSAGE][INFO] - Maximizing current window

2021-11-23 17:09:43 - [MESSAGE][PASSED] - Current window maximized

2021-11-23 17:09:43 - [MESSAGE][INFO] - Invoke 'com.kms.katalon.core.annotation.BeforeTestCase' method: 'Listener.sampleBeforeTestSuite(...)' completed.

2021-11-23 17:09:43 - [TEST_STEP][PASSED] - runFeatureFile("Include/features/Regresyon/e-Mustahsil Makbuz/TCKN-e-Mustahsil Makbuz.feature"): Feature file: 'Include/features/Regresyon/e-Mustahsil Makbuz/TCKN-e-Mustahsil Makbuz.feature' was passed

2021-11-23 17:09:43 - [MESSAGE][INFO] - Starting run keyword runFeatureFile: 'Include/features/Regresyon/e-Mustahsil Makbuz/TCKN-e-Mustahsil Makbuz.feature' and extract report to folder: 'C:\Users\DELL\Documents\GitHub\EES_KatalonLogo\Reports\20211123_163326\Suite Repository\Regresyon-eArsiv-eMakbuz\20211123_163404/cucumber_report/1637676583853'...

2021-11-23 17:09:43 - [MESSAGE][INFO] - Glue: []

2021-11-23 17:09:47 - [MESSAGE][INFO] - Checking called Test Case

2021-11-23 17:09:47 - [MESSAGE][INFO] - Starting to call Test Case 'Test Cases/Sayfalar/Giris_Sayfasi/Login'

2021-11-23 17:09:47 - [TEST_CASE][PASSED] - Test Cases/Sayfalar/Giris_Sayfasi/Login: Test Cases/Sayfalar/Giris_Sayfasi/Login

2021-11-23 17:09:47 - [TEST_STEP][PASSED] - Sayfa_Basligi = getWindowTitle(): Current window's title is: 'LOGO e-Fatura'

2021-11-23 17:09:47 - [MESSAGE][INFO] - Getting current window's title

2021-11-23 17:09:47 - [MESSAGE][PASSED] - Current window's title is: 'LOGO e-Fatura'

2021-11-23 17:09:47 - [TEST_STEP][PASSED] - verifyMatch(Sayfa_Basligi, "LOGO e-Fatura", false): Actual text 'LOGO e-Fatura' and expected text 'LOGO e-Fatura' are matched 

2021-11-23 17:09:47 - [MESSAGE][INFO] - Matching actual text 'LOGO e-Fatura' with expected text 'LOGO e-Fatura'

2021-11-23 17:09:47 - [MESSAGE][PASSED] - Actual text 'LOGO e-Fatura' and expected text 'LOGO e-Fatura' are matched 

2021-11-23 17:09:47 - [TEST_STEP][PASSED] - sendKeys(findTestObject("Sayfalar/Giris_Sayfasi/Firma_Kodu"), KullaniciAdi): Keys 'ELOGO6' sent to object: 'Object Repository/Sayfalar/Giris_Sayfasi/Firma_Kodu'

2021-11-23 17:09:47 - [MESSAGE][INFO] - Finding Test Object 'Object Repository/Sayfalar/Giris_Sayfasi/Firma_Kodu'

2021-11-23 17:09:47 - [MESSAGE][INFO] - Sending keys 'ELOGO6' to object: 'Object Repository/Sayfalar/Giris_Sayfasi/Firma_Kodu'

2021-11-23 17:09:47 - [MESSAGE][INFO] - Finding web element from Test Object's properties

2021-11-23 17:09:47 - [MESSAGE][INFO] - Checking timeout

2021-11-23 17:09:47 - [MESSAGE][INFO] - Finding web element with id: 'Object Repository/Sayfalar/Giris_Sayfasi/Firma_Kodu' located by 'By.xpath: //*[@id = 'AccountName']' in '30' second(s)

2021-11-23 17:09:47 - [MESSAGE][INFO] - Smart Wait Function is triggered

2021-11-23 17:09:48 - [MESSAGE][INFO] - Found 1 web elements with id: 'Object Repository/Sayfalar/Giris_Sayfasi/Firma_Kodu' located by 'By.xpath: //*[@id = 'AccountName']' in '30' second(s)

2021-11-23 17:09:48 - [MESSAGE][PASSED] - Keys 'ELOGO6' sent to object: 'Object Repository/Sayfalar/Giris_Sayfasi/Firma_Kodu'

2021-11-23 17:09:48 - [TEST_STEP][PASSED] - sendKeys(findTestObject("Sayfalar/Giris_Sayfasi/Sifre"), Sifre): Keys '123456' sent to object: 'Object Repository/Sayfalar/Giris_Sayfasi/Sifre'

2021-11-23 17:09:48 - [MESSAGE][INFO] - Finding Test Object 'Object Repository/Sayfalar/Giris_Sayfasi/Sifre'

2021-11-23 17:09:48 - [MESSAGE][INFO] - Sending keys '123456' to object: 'Object Repository/Sayfalar/Giris_Sayfasi/Sifre'

2021-11-23 17:09:48 - [MESSAGE][INFO] - Finding web element from Test Object's properties

2021-11-23 17:09:48 - [MESSAGE][INFO] - Checking timeout

2021-11-23 17:09:48 - [MESSAGE][INFO] - Finding web element with id: 'Object Repository/Sayfalar/Giris_Sayfasi/Sifre' located by 'By.xpath: //*[@id = 'Password']' in '30' second(s)

2021-11-23 17:09:48 - [MESSAGE][INFO] - Smart Wait Function is triggered

2021-11-23 17:09:48 - [MESSAGE][INFO] - Found 1 web elements with id: 'Object Repository/Sayfalar/Giris_Sayfasi/Sifre' located by 'By.xpath: //*[@id = 'Password']' in '30' second(s)

2021-11-23 17:09:49 - [MESSAGE][PASSED] - Keys '123456' sent to object: 'Object Repository/Sayfalar/Giris_Sayfasi/Sifre'

2021-11-23 17:09:49 - [TEST_STEP][PASSED] - findWebElement(findTestObject("Sayfalar/Giris_Sayfasi/Giris_Butonu")).click(): Found 1 web elements with id: 'Object Repository/Sayfalar/Giris_Sayfasi/Giris_Butonu' located by 'By.cssSelector: #btnLogin' in '30' second(s)

2021-11-23 17:09:49 - [MESSAGE][INFO] - Finding Test Object 'Object Repository/Sayfalar/Giris_Sayfasi/Giris_Butonu'

2021-11-23 17:09:49 - [MESSAGE][INFO] - Finding web element from Test Object's properties

2021-11-23 17:09:49 - [MESSAGE][INFO] - Checking timeout

2021-11-23 17:09:49 - [MESSAGE][INFO] - Finding web element with id: 'Object Repository/Sayfalar/Giris_Sayfasi/Giris_Butonu' located by 'By.cssSelector: #btnLogin' in '30' second(s)

2021-11-23 17:09:49 - [MESSAGE][INFO] - Smart Wait Function is triggered

2021-11-23 17:09:49 - [MESSAGE][INFO] - Found 1 web elements with id: 'Object Repository/Sayfalar/Giris_Sayfasi/Giris_Butonu' located by 'By.cssSelector: #btnLogin' in '30' second(s)

2021-11-23 17:09:52 - [TEST_STEP][PASSED] - if (verifyElementPresent(findTestObject("Object Repository/Sayfalar/Giris_Sayfasi/RetveTamam_Butonu"), 5, OPTIONAL)): null

2021-11-23 17:09:52 - [MESSAGE][INFO] - Finding Test Object 'Object Repository/Sayfalar/Giris_Sayfasi/RetveTamam_Butonu'

2021-11-23 17:09:52 - [MESSAGE][INFO] - Checking object

2021-11-23 17:09:52 - [MESSAGE][INFO] - Finding web element from Test Object's properties

2021-11-23 17:09:52 - [MESSAGE][INFO] - Checking timeout

2021-11-23 17:09:52 - [MESSAGE][INFO] - Finding web element with id: 'Object Repository/Sayfalar/Giris_Sayfasi/RetveTamam_Butonu' located by 'By.xpath: //*[@class = 'btn btn-default']' in '5' second(s)

2021-11-23 17:09:52 - [MESSAGE][INFO] - Smart Wait Function is triggered

2021-11-23 17:09:52 - [MESSAGE][INFO] - Found 1 web elements with id: 'Object Repository/Sayfalar/Giris_Sayfasi/RetveTamam_Butonu' located by 'By.xpath: //*[@class = 'btn btn-default']' in '5' second(s)

2021-11-23 17:09:52 - [MESSAGE][PASSED] - Object 'Object Repository/Sayfalar/Giris_Sayfasi/RetveTamam_Butonu' is present

2021-11-23 17:09:52 - [TEST_STEP][PASSED] - click(findTestObject("Object Repository/Sayfalar/Giris_Sayfasi/RetveTamam_Butonu")): Object: 'Object Repository/Sayfalar/Giris_Sayfasi/RetveTamam_Butonu' is clicked on

2021-11-23 17:09:52 - [MESSAGE][INFO] - Finding Test Object 'Object Repository/Sayfalar/Giris_Sayfasi/RetveTamam_Butonu'

2021-11-23 17:09:52 - [MESSAGE][INFO] - Checking object

2021-11-23 17:09:52 - [MESSAGE][INFO] - Finding web element from Test Object's properties

2021-11-23 17:09:52 - [MESSAGE][INFO] - Checking timeout

2021-11-23 17:09:52 - [MESSAGE][INFO] - Finding web element with id: 'Object Repository/Sayfalar/Giris_Sayfasi/RetveTamam_Butonu' located by 'By.xpath: //*[@class = 'btn btn-default']' in '30' second(s)

2021-11-23 17:09:52 - [MESSAGE][INFO] - Smart Wait Function is triggered

2021-11-23 17:09:52 - [MESSAGE][INFO] - Found 1 web elements with id: 'Object Repository/Sayfalar/Giris_Sayfasi/RetveTamam_Butonu' located by 'By.xpath: //*[@class = 'btn btn-default']' in '30' second(s)

2021-11-23 17:09:52 - [MESSAGE][INFO] - Clicking on object: 'Object Repository/Sayfalar/Giris_Sayfasi/RetveTamam_Butonu'

2021-11-23 17:09:52 - [MESSAGE][PASSED] - Object: 'Object Repository/Sayfalar/Giris_Sayfasi/RetveTamam_Butonu' is clicked on

2021-11-23 17:09:52 - [TEST_STEP][PASSED] - click(findTestObject("Object Repository/Sayfalar/Giris_Sayfasi/RetveTamam_Butonu")): Object: 'Object Repository/Sayfalar/Giris_Sayfasi/RetveTamam_Butonu' is clicked on

2021-11-23 17:09:52 - [MESSAGE][INFO] - Finding Test Object 'Object Repository/Sayfalar/Giris_Sayfasi/RetveTamam_Butonu'

2021-11-23 17:09:53 - [MESSAGE][INFO] - Checking object

2021-11-23 17:09:53 - [MESSAGE][INFO] - Finding web element from Test Object's properties

2021-11-23 17:09:53 - [MESSAGE][INFO] - Checking timeout

2021-11-23 17:09:53 - [MESSAGE][INFO] - Finding web element with id: 'Object Repository/Sayfalar/Giris_Sayfasi/RetveTamam_Butonu' located by 'By.xpath: //*[@class = 'btn btn-default']' in '30' second(s)

2021-11-23 17:09:53 - [MESSAGE][INFO] - Smart Wait Function is triggered

2021-11-23 17:09:56 - [MESSAGE][INFO] - Found 1 web elements with id: 'Object Repository/Sayfalar/Giris_Sayfasi/RetveTamam_Butonu' located by 'By.xpath: //*[@class = 'btn btn-default']' in '30' second(s)

2021-11-23 17:09:56 - [MESSAGE][INFO] - Clicking on object: 'Object Repository/Sayfalar/Giris_Sayfasi/RetveTamam_Butonu'

2021-11-23 17:09:56 - [MESSAGE][PASSED] - Object: 'Object Repository/Sayfalar/Giris_Sayfasi/RetveTamam_Butonu' is clicked on

2021-11-23 17:09:56 - [TEST_STEP][PASSED] - if (verifyElementPresent(findTestObject("Sayfalar/Giris_Sayfasi/PopupOK"), 5, OPTIONAL)): null

2021-11-23 17:09:56 - [MESSAGE][INFO] - Finding Test Object 'Object Repository/Sayfalar/Giris_Sayfasi/PopupOK'

2021-11-23 17:09:56 - [MESSAGE][INFO] - Checking object

2021-11-23 17:09:56 - [MESSAGE][INFO] - Finding web element from Test Object's properties

2021-11-23 17:09:56 - [MESSAGE][INFO] - Checking timeout

2021-11-23 17:09:56 - [MESSAGE][INFO] - Finding web element with id: 'Object Repository/Sayfalar/Giris_Sayfasi/PopupOK' located by 'By.cssSelector: .btn.btn-success' in '5' second(s)

2021-11-23 17:09:56 - [MESSAGE][INFO] - Smart Wait Function is triggered

2021-11-23 17:09:56 - [MESSAGE][INFO] - Found 1 web elements with id: 'Object Repository/Sayfalar/Giris_Sayfasi/PopupOK' located by 'By.cssSelector: .btn.btn-success' in '5' second(s)

2021-11-23 17:09:56 - [MESSAGE][PASSED] - Object 'Object Repository/Sayfalar/Giris_Sayfasi/PopupOK' is present

2021-11-23 17:09:56 - [TEST_STEP][PASSED] - click(findTestObject("Object Repository/Sayfalar/Giris_Sayfasi/PopupCarpiGiris")): Object: 'Object Repository/Sayfalar/Giris_Sayfasi/PopupCarpiGiris' is clicked on

2021-11-23 17:09:56 - [MESSAGE][INFO] - Finding Test Object 'Object Repository/Sayfalar/Giris_Sayfasi/PopupCarpiGiris'

2021-11-23 17:09:57 - [MESSAGE][INFO] - Checking object

2021-11-23 17:09:57 - [MESSAGE][INFO] - Finding web element from Test Object's properties

2021-11-23 17:09:57 - [MESSAGE][INFO] - Checking timeout

2021-11-23 17:09:57 - [MESSAGE][INFO] - Finding web element with id: 'Object Repository/Sayfalar/Giris_Sayfasi/PopupCarpiGiris' located by 'By.cssSelector: .bootbox-close-button.close' in '30' second(s)

2021-11-23 17:09:57 - [MESSAGE][INFO] - Smart Wait Function is triggered

2021-11-23 17:09:57 - [MESSAGE][INFO] - Found 1 web elements with id: 'Object Repository/Sayfalar/Giris_Sayfasi/PopupCarpiGiris' located by 'By.cssSelector: .bootbox-close-button.close' in '30' second(s)

2021-11-23 17:09:57 - [MESSAGE][INFO] - Clicking on object: 'Object Repository/Sayfalar/Giris_Sayfasi/PopupCarpiGiris'

2021-11-23 17:09:57 - [MESSAGE][PASSED] - Object: 'Object Repository/Sayfalar/Giris_Sayfasi/PopupCarpiGiris' is clicked on

2021-11-23 17:09:57 - [TEST_STEP][PASSED] - verifyElementVisible(findTestObject("Object Repository/Kullanici_Islemleri/KullaniciIslemleri")): Object 'Object Repository/Kullanici_Islemleri/KullaniciIslemleri' is visible

2021-11-23 17:09:57 - [MESSAGE][INFO] - Finding Test Object 'Object Repository/Kullanici_Islemleri/KullaniciIslemleri'

2021-11-23 17:09:57 - [MESSAGE][INFO] - Checking object

2021-11-23 17:09:57 - [MESSAGE][INFO] - Finding web element from Test Object's properties

2021-11-23 17:09:57 - [MESSAGE][INFO] - Checking timeout

2021-11-23 17:09:57 - [MESSAGE][INFO] - Finding web element with id: 'Object Repository/Kullanici_Islemleri/KullaniciIslemleri' located by 'By.cssSelector: .dropdown>a>img' in '30' second(s)

2021-11-23 17:09:57 - [MESSAGE][INFO] - Smart Wait Function is triggered

2021-11-23 17:09:58 - [MESSAGE][INFO] - Found 1 web elements with id: 'Object Repository/Kullanici_Islemleri/KullaniciIslemleri' located by 'By.cssSelector: .dropdown>a>img' in '30' second(s)

2021-11-23 17:09:58 - [MESSAGE][PASSED] - Object 'Object Repository/Kullanici_Islemleri/KullaniciIslemleri' is visible

2021-11-23 17:09:58 - [MESSAGE][PASSED] - Call Test Case 'Test Cases/Sayfalar/Giris_Sayfasi/Login' successfully

2021-11-23 17:09:58 - [MESSAGE][INFO] - Checking called Test Case

2021-11-23 17:09:58 - [MESSAGE][INFO] - Starting to call Test Case 'Test Cases/Menu/AnaMenuSecimi'

2021-11-23 17:09:58 - [TEST_CASE][PASSED] - Test Cases/Menu/AnaMenuSecimi: Test Cases/Menu/AnaMenuSecimi

2021-11-23 17:09:58 - [TEST_STEP][PASSED] - Method.TextDegerineEsitElementeTikla(findTestObject("Menu/Ana_Menu"), Ana_Menu): Method.TextDegerineEsitElementeTikla is PASSED

2021-11-23 17:09:58 - [MESSAGE][INFO] - Finding Test Object 'Object Repository/Menu/Ana_Menu'

2021-11-23 17:09:58 - [MESSAGE][INFO] - Checking timeout

2021-11-23 17:09:58 - [MESSAGE][INFO] - Finding web element with id: 'Object Repository/Menu/Ana_Menu' located by 'By.xpath: //*[@class = 'dropdown-toggle']' in '10' second(s)

2021-11-23 17:09:58 - [MESSAGE][INFO] - Smart Wait Function is triggered

2021-11-23 17:09:58 - [MESSAGE][INFO] - Found 14 web elements with id: 'Object Repository/Menu/Ana_Menu' located by 'By.xpath: //*[@class = 'dropdown-toggle']' in '10' second(s)

2021-11-23 17:09:58 - [MESSAGE][PASSED] - Method.TextDegerineEsitElementeTikla is PASSED

2021-11-23 17:09:58 - [MESSAGE][PASSED] - Call Test Case 'Test Cases/Menu/AnaMenuSecimi' successfully

2021-11-23 17:09:58 - [MESSAGE][INFO] - Checking called Test Case

2021-11-23 17:09:58 - [MESSAGE][INFO] - Starting to call Test Case 'Test Cases/Menu/BasligaGoreAltMenuSecimi'

2021-11-23 17:09:58 - [TEST_CASE][PASSED] - Test Cases/Menu/BasligaGoreAltMenuSecimi: Test Cases/Menu/BasligaGoreAltMenuSecimi

2021-11-23 17:09:58 - [TEST_STEP][PASSED] - Method.TextDegerineEsitElementinAltindakiTextDegerineEsitOlanaTikla(findTestObject("Menu/Menu_Basligi"), findTestObject("Menu/Basliga_Gore_Alt_Menu"), Baslik, Alt_Menu): Method.TextDegerineEsitElementinAltindakiTextDegerineEsitOlanaTikla is PASSED

2021-11-23 17:09:58 - [MESSAGE][INFO] - Finding Test Object 'Object Repository/Menu/Menu_Basligi'

2021-11-23 17:09:58 - [MESSAGE][INFO] - Finding Test Object 'Object Repository/Menu/Basliga_Gore_Alt_Menu'

2021-11-23 17:09:58 - [MESSAGE][INFO] - Checking timeout

2021-11-23 17:09:58 - [MESSAGE][INFO] - Finding web element with id: 'Object Repository/Menu/Menu_Basligi' located by 'By.xpath: //li[@class='dropdown dropdown-large open']//li[@class='dropdown-header']' in '10' second(s)

2021-11-23 17:09:58 - [MESSAGE][INFO] - Smart Wait Function is triggered

2021-11-23 17:09:59 - [MESSAGE][INFO] - Found 2 web elements with id: 'Object Repository/Menu/Menu_Basligi' located by 'By.xpath: //li[@class='dropdown dropdown-large open']//li[@class='dropdown-header']' in '10' second(s)

2021-11-23 17:09:59 - [MESSAGE][INFO] - Smart Wait Function is triggered

2021-11-23 17:10:01 - [MESSAGE][PASSED] - Method.TextDegerineEsitElementinAltindakiTextDegerineEsitOlanaTikla is PASSED

2021-11-23 17:10:01 - [MESSAGE][PASSED] - Call Test Case 'Test Cases/Menu/BasligaGoreAltMenuSecimi' successfully

2021-11-23 17:10:01 - [MESSAGE][INFO] - Checking called Test Case

2021-11-23 17:10:01 - [MESSAGE][INFO] - Starting to call Test Case 'Test Cases/Tablo/Olusturma Tarihi'

2021-11-23 17:10:01 - [TEST_CASE][PASSED] - Test Cases/Tablo/Olusturma Tarihi: Test Cases/Tablo/Olusturma Tarihi

2021-11-23 17:10:01 - [TEST_STEP][PASSED] - if (verifyTextNotPresent("Görüntülenecek veri yok", true, OPTIONAL)): null

2021-11-23 17:10:01 - [MESSAGE][INFO] - Checking text present  using regular expression

2021-11-23 17:10:01 - [MESSAGE][INFO] - Smart Wait Function is triggered

2021-11-23 17:10:02 - [MESSAGE][INFO] - Finding text 'Görüntülenecek veri yok' on page  using regular expression

2021-11-23 17:10:02 - [MESSAGE][PASSED] - Text 'Görüntülenecek veri yok' is not present on page using regular expression

2021-11-23 17:10:02 - [TEST_STEP][PASSED] - click(findTestObject("Temizle/Olusturma_Tarihi_CheckBox")): Object: 'Object Repository/Temizle/Olusturma_Tarihi_CheckBox' is clicked on

2021-11-23 17:10:02 - [MESSAGE][INFO] - Finding Test Object 'Object Repository/Temizle/Olusturma_Tarihi_CheckBox'

2021-11-23 17:10:02 - [MESSAGE][INFO] - Checking object

2021-11-23 17:10:02 - [MESSAGE][INFO] - Finding web element from Test Object's properties

2021-11-23 17:10:02 - [MESSAGE][INFO] - Checking timeout

2021-11-23 17:10:02 - [MESSAGE][INFO] - Finding web element with id: 'Object Repository/Temizle/Olusturma_Tarihi_CheckBox' located by 'By.xpath: //*[@title = 'Bu sayfadaki tüm satırları Seç']' in '30' second(s)

2021-11-23 17:10:02 - [MESSAGE][INFO] - Smart Wait Function is triggered

2021-11-23 17:10:02 - [MESSAGE][INFO] - Found 1 web elements with id: 'Object Repository/Temizle/Olusturma_Tarihi_CheckBox' located by 'By.xpath: //*[@title = 'Bu sayfadaki tüm satırları Seç']' in '30' second(s)

2021-11-23 17:10:02 - [MESSAGE][INFO] - Clicking on object: 'Object Repository/Temizle/Olusturma_Tarihi_CheckBox'

2021-11-23 17:10:02 - [MESSAGE][PASSED] - Object: 'Object Repository/Temizle/Olusturma_Tarihi_CheckBox' is clicked on

2021-11-23 17:10:02 - [TEST_STEP][PASSED] - Method.TextDegerineEsitElementeTiklaEquals(findTestObject("Butonlar/Butonlar"), "Sil"): Method.TextDegerineEsitElementeTiklaEquals is PASSED

2021-11-23 17:10:02 - [MESSAGE][INFO] - Finding Test Object 'Object Repository/Butonlar/Butonlar'

2021-11-23 17:10:02 - [MESSAGE][INFO] - Checking timeout

2021-11-23 17:10:02 - [MESSAGE][INFO] - Finding web element with id: 'Object Repository/Butonlar/Butonlar' located by 'By.cssSelector: .panel.panel-default.text-center.footerPanel .btn,.btn.btn-primary.btnControls' in '10' second(s)

2021-11-23 17:10:02 - [MESSAGE][INFO] - Smart Wait Function is triggered

2021-11-23 17:10:02 - [MESSAGE][INFO] - Found 7 web elements with id: 'Object Repository/Butonlar/Butonlar' located by 'By.cssSelector: .panel.panel-default.text-center.footerPanel .btn,.btn.btn-primary.btnControls' in '10' second(s)

2021-11-23 17:10:02 - [MESSAGE][PASSED] - Method.TextDegerineEsitElementeTiklaEquals is PASSED

2021-11-23 17:10:02 - [TEST_STEP][PASSED] - Method.TextDegerineEsitElementeTikla(findTestObject("Popup/Popup_Butons"), "Evet"): Method.TextDegerineEsitElementeTikla is PASSED

2021-11-23 17:10:02 - [MESSAGE][INFO] - Finding Test Object 'Object Repository/Popup/Popup_Butons'

2021-11-23 17:10:03 - [MESSAGE][INFO] - Checking timeout

2021-11-23 17:10:03 - [MESSAGE][INFO] - Finding web element with id: 'Object Repository/Popup/Popup_Butons' located by 'By.cssSelector: .modal-footer>button' in '10' second(s)

2021-11-23 17:10:03 - [MESSAGE][INFO] - Smart Wait Function is triggered

2021-11-23 17:10:03 - [MESSAGE][INFO] - Found 2 web elements with id: 'Object Repository/Popup/Popup_Butons' located by 'By.cssSelector: .modal-footer>button' in '10' second(s)

2021-11-23 17:10:04 - [MESSAGE][PASSED] - Method.TextDegerineEsitElementeTikla is PASSED

2021-11-23 17:10:04 - [TEST_STEP][PASSED] - Method.TextDegerineEsitElementeTikla(findTestObject("Popup/Popup_Butons"), "Tamam"): Method.TextDegerineEsitElementeTikla is PASSED

2021-11-23 17:10:04 - [MESSAGE][INFO] - Finding Test Object 'Object Repository/Popup/Popup_Butons'

2021-11-23 17:10:04 - [MESSAGE][INFO] - Checking timeout

2021-11-23 17:10:04 - [MESSAGE][INFO] - Finding web element with id: 'Object Repository/Popup/Popup_Butons' located by 'By.cssSelector: .modal-footer>button' in '10' second(s)

2021-11-23 17:10:04 - [MESSAGE][INFO] - Smart Wait Function is triggered

2021-11-23 17:10:04 - [MESSAGE][INFO] - Found 1 web elements with id: 'Object Repository/Popup/Popup_Butons' located by 'By.cssSelector: .modal-footer>button' in '10' second(s)

2021-11-23 17:10:04 - [MESSAGE][PASSED] - Method.TextDegerineEsitElementeTikla is PASSED

2021-11-23 17:10:04 - [MESSAGE][PASSED] - Call Test Case 'Test Cases/Tablo/Olusturma Tarihi' successfully

2021-11-23 17:10:04 - [MESSAGE][INFO] - Checking called Test Case

2021-11-23 17:10:04 - [MESSAGE][INFO] - Starting to call Test Case 'Test Cases/Butonlar/ButonaTikla'

2021-11-23 17:10:04 - [TEST_CASE][PASSED] - Test Cases/Butonlar/ButonaTikla: Test Cases/Butonlar/ButonaTikla

2021-11-23 17:10:05 - [TEST_STEP][PASSED] - Method.TextDegerineEsitElementeTiklaEquals(findTestObject("Butonlar/Butonlar"), Buton_Adi): Method.TextDegerineEsitElementeTiklaEquals is PASSED

2021-11-23 17:10:05 - [MESSAGE][INFO] - Finding Test Object 'Object Repository/Butonlar/Butonlar'

2021-11-23 17:10:05 - [MESSAGE][INFO] - Checking timeout

2021-11-23 17:10:05 - [MESSAGE][INFO] - Finding web element with id: 'Object Repository/Butonlar/Butonlar' located by 'By.cssSelector: .panel.panel-default.text-center.footerPanel .btn,.btn.btn-primary.btnControls' in '10' second(s)

2021-11-23 17:10:05 - [MESSAGE][INFO] - Smart Wait Function is triggered

2021-11-23 17:10:05 - [MESSAGE][INFO] - Found 7 web elements with id: 'Object Repository/Butonlar/Butonlar' located by 'By.cssSelector: .panel.panel-default.text-center.footerPanel .btn,.btn.btn-primary.btnControls' in '10' second(s)

2021-11-23 17:10:05 - [MESSAGE][PASSED] - Method.TextDegerineEsitElementeTiklaEquals is PASSED

2021-11-23 17:10:05 - [MESSAGE][PASSED] - Call Test Case 'Test Cases/Butonlar/ButonaTikla' successfully

2021-11-23 17:10:05 - [MESSAGE][INFO] - Checking called Test Case

2021-11-23 17:10:05 - [MESSAGE][INFO] - Starting to call Test Case 'Test Cases/Olusturma/Genel/GorselTasarimSayfasıBasligiIceriyorMu'

2021-11-23 17:10:05 - [TEST_CASE][PASSED] - Test Cases/Olusturma/Genel/GorselTasarimSayfasıBasligiIceriyorMu: Test Cases/Olusturma/Genel/GorselTasarimSayfasıBasligiIceriyorMu

2021-11-23 17:10:05 - [TEST_STEP][PASSED] - verifyElementText(findTestObject("Object Repository/Olusturma/Genel/GorselTasarimBaslik"), Baslik): Actual text and expected text of test object 'Object Repository/Olusturma/Genel/GorselTasarimBaslik' are matched.

2021-11-23 17:10:05 - [MESSAGE][INFO] - Finding Test Object 'Object Repository/Olusturma/Genel/GorselTasarimBaslik'

2021-11-23 17:10:05 - [MESSAGE][INFO] - Checking object

2021-11-23 17:10:05 - [MESSAGE][INFO] - Finding web element from Test Object's properties

2021-11-23 17:10:05 - [MESSAGE][INFO] - Checking timeout

2021-11-23 17:10:05 - [MESSAGE][INFO] - Finding web element with id: 'Object Repository/Olusturma/Genel/GorselTasarimBaslik' located by 'By.cssSelector: #flAlici_0>div>span' in '30' second(s)

2021-11-23 17:10:05 - [MESSAGE][INFO] - Smart Wait Function is triggered

2021-11-23 17:10:11 - [MESSAGE][INFO] - Found 1 web elements with id: 'Object Repository/Olusturma/Genel/GorselTasarimBaslik' located by 'By.cssSelector: #flAlici_0>div>span' in '30' second(s)

2021-11-23 17:10:11 - [MESSAGE][PASSED] - Actual text and expected text of test object 'Object Repository/Olusturma/Genel/GorselTasarimBaslik' are matched.

2021-11-23 17:10:11 - [MESSAGE][PASSED] - Call Test Case 'Test Cases/Olusturma/Genel/GorselTasarimSayfasıBasligiIceriyorMu' successfully

2021-11-23 17:10:11 - [MESSAGE][INFO] - Checking called Test Case

2021-11-23 17:10:11 - [MESSAGE][INFO] - Starting to call Test Case 'Test Cases/Olusturma/Genel/AliciSecilir'

2021-11-23 17:10:11 - [TEST_CASE][PASSED] - Test Cases/Olusturma/Genel/AliciSecilir: Test Cases/Olusturma/Genel/AliciSecilir

2021-11-23 17:10:11 - [TEST_STEP][PASSED] - click(findTestObject("Olusturma/Genel/AliciBilgisi/Alici_Ara")): Object: 'Object Repository/Olusturma/Genel/AliciBilgisi/Alici_Ara' is clicked on

2021-11-23 17:10:11 - [MESSAGE][INFO] - Finding Test Object 'Object Repository/Olusturma/Genel/AliciBilgisi/Alici_Ara'

2021-11-23 17:10:11 - [MESSAGE][INFO] - Checking object

2021-11-23 17:10:11 - [MESSAGE][INFO] - Finding web element from Test Object's properties

2021-11-23 17:10:11 - [MESSAGE][INFO] - Checking timeout

2021-11-23 17:10:11 - [MESSAGE][INFO] - Finding web element with id: 'Object Repository/Olusturma/Genel/AliciBilgisi/Alici_Ara' located by 'By.xpath: //td[@id='txtCustomerText_B-1']' in '30' second(s)

2021-11-23 17:10:11 - [MESSAGE][INFO] - Smart Wait Function is triggered

2021-11-23 17:10:12 - [MESSAGE][INFO] - Found 1 web elements with id: 'Object Repository/Olusturma/Genel/AliciBilgisi/Alici_Ara' located by 'By.xpath: //td[@id='txtCustomerText_B-1']' in '30' second(s)

2021-11-23 17:10:12 - [MESSAGE][INFO] - Clicking on object: 'Object Repository/Olusturma/Genel/AliciBilgisi/Alici_Ara'

2021-11-23 17:10:12 - [MESSAGE][PASSED] - Object: 'Object Repository/Olusturma/Genel/AliciBilgisi/Alici_Ara' is clicked on

2021-11-23 17:10:12 - [TEST_STEP][PASSED] - click(findTestObject("Olusturma/Genel/AliciBilgisi/Alici_Bilgisi")): Object: 'Object Repository/Olusturma/Genel/AliciBilgisi/Alici_Bilgisi' is clicked on

2021-11-23 17:10:12 - [MESSAGE][INFO] - Finding Test Object 'Object Repository/Olusturma/Genel/AliciBilgisi/Alici_Bilgisi'

2021-11-23 17:10:12 - [MESSAGE][INFO] - Checking object

2021-11-23 17:10:12 - [MESSAGE][INFO] - Finding web element from Test Object's properties

2021-11-23 17:10:12 - [MESSAGE][INFO] - Checking timeout

2021-11-23 17:10:12 - [MESSAGE][INFO] - Finding web element with id: 'Object Repository/Olusturma/Genel/AliciBilgisi/Alici_Bilgisi' located by 'By.xpath: //iframe[@id='customerselectiframe']' in '30' second(s)

2021-11-23 17:10:12 - [MESSAGE][INFO] - Smart Wait Function is triggered

2021-11-23 17:10:12 - [MESSAGE][INFO] - Found 1 web elements with id: 'Object Repository/Olusturma/Genel/AliciBilgisi/Alici_Bilgisi' located by 'By.xpath: //iframe[@id='customerselectiframe']' in '30' second(s)

2021-11-23 17:10:12 - [MESSAGE][INFO] - Clicking on object: 'Object Repository/Olusturma/Genel/AliciBilgisi/Alici_Bilgisi'

2021-11-23 17:10:12 - [MESSAGE][PASSED] - Object: 'Object Repository/Olusturma/Genel/AliciBilgisi/Alici_Bilgisi' is clicked on

2021-11-23 17:10:12 - [TEST_STEP][PASSED] - setText(findTestObject("Olusturma/Genel/AliciBilgisi/Alici_Gir"), Alici_Adi): Switching to default content

2021-11-23 17:10:12 - [MESSAGE][INFO] - Finding Test Object 'Object Repository/Olusturma/Genel/AliciBilgisi/Alici_Gir'

2021-11-23 17:10:12 - [MESSAGE][INFO] - Finding Test Object 'Object Repository/Olusturma/Genel/AliciBilgisi/Alici_Bilgisi'

2021-11-23 17:10:13 - [MESSAGE][INFO] - Checking object

2021-11-23 17:10:13 - [MESSAGE][INFO] - Checking text

2021-11-23 17:10:13 - [MESSAGE][INFO] - Object: 'Object Repository/Olusturma/Genel/AliciBilgisi/Alici_Gir' has parent object(s)

2021-11-23 17:10:13 - [MESSAGE][INFO] - Switching to iframe: 'Object Repository/Olusturma/Genel/AliciBilgisi/Alici_Bilgisi'

2021-11-23 17:10:13 - [MESSAGE][INFO] - Finding web element from Test Object's properties

2021-11-23 17:10:13 - [MESSAGE][INFO] - Checking timeout

2021-11-23 17:10:13 - [MESSAGE][INFO] - Finding web element with id: 'Object Repository/Olusturma/Genel/AliciBilgisi/Alici_Bilgisi' located by 'By.xpath: //iframe[@id='customerselectiframe']' in '30' second(s)

2021-11-23 17:10:13 - [MESSAGE][INFO] - Smart Wait Function is triggered

2021-11-23 17:10:13 - [MESSAGE][INFO] - Found 1 web elements with id: 'Object Repository/Olusturma/Genel/AliciBilgisi/Alici_Bilgisi' located by 'By.xpath: //iframe[@id='customerselectiframe']' in '30' second(s)

2021-11-23 17:10:13 - [MESSAGE][INFO] - Switched to iframe: 'Object Repository/Olusturma/Genel/AliciBilgisi/Alici_Bilgisi'

2021-11-23 17:10:13 - [MESSAGE][INFO] - Finding web element from Test Object's properties

2021-11-23 17:10:13 - [MESSAGE][INFO] - Checking timeout

2021-11-23 17:10:13 - [MESSAGE][INFO] - Finding web element with id: 'Object Repository/Olusturma/Genel/AliciBilgisi/Alici_Gir' located by 'By.xpath: //input[@id='GridViewCustomer_DXFREditorcol1_I']' in '30' second(s)

2021-11-23 17:10:13 - [MESSAGE][INFO] - Smart Wait Function is triggered

2021-11-23 17:10:13 - [MESSAGE][INFO] - Found 1 web elements with id: 'Object Repository/Olusturma/Genel/AliciBilgisi/Alici_Gir' located by 'By.xpath: //input[@id='GridViewCustomer_DXFREditorcol1_I']' in '30' second(s)

2021-11-23 17:10:13 - [MESSAGE][INFO] - Clearing text of object 'Object Repository/Olusturma/Genel/AliciBilgisi/Alici_Gir'

2021-11-23 17:10:13 - [MESSAGE][INFO] - Finding web element from Test Object's properties

2021-11-23 17:10:13 - [MESSAGE][INFO] - Checking timeout

2021-11-23 17:10:13 - [MESSAGE][INFO] - Finding web element with id: 'Object Repository/Olusturma/Genel/AliciBilgisi/Alici_Gir' located by 'By.xpath: //input[@id='GridViewCustomer_DXFREditorcol1_I']' in '30' second(s)

2021-11-23 17:10:13 - [MESSAGE][INFO] - Smart Wait Function is triggered

2021-11-23 17:10:13 - [MESSAGE][INFO] - Found 1 web elements with id: 'Object Repository/Olusturma/Genel/AliciBilgisi/Alici_Gir' located by 'By.xpath: //input[@id='GridViewCustomer_DXFREditorcol1_I']' in '30' second(s)

2021-11-23 17:10:13 - [MESSAGE][INFO] - Setting text of object 'Object Repository/Olusturma/Genel/AliciBilgisi/Alici_Gir' to value 'UC0038'

2021-11-23 17:10:13 - [MESSAGE][PASSED] - Text 'UC0038' is set on object 'Object Repository/Olusturma/Genel/AliciBilgisi/Alici_Gir'

2021-11-23 17:10:13 - [MESSAGE][INFO] - Switching to default content

2021-11-23 17:10:13 - [TEST_STEP][PASSED] - waitForElementClickable(findTestObject("Olusturma/Genel/AliciBilgisi/Alici_Adi"), 10): Switching to default content

2021-11-23 17:10:13 - [MESSAGE][INFO] - Finding Test Object 'Object Repository/Olusturma/Genel/AliciBilgisi/Alici_Adi'

2021-11-23 17:10:13 - [MESSAGE][INFO] - Finding Test Object 'Object Repository/Olusturma/Genel/AliciBilgisi/iframe_Alc Bilgisi_customerselectiframe'

2021-11-23 17:10:13 - [MESSAGE][INFO] - Checking object

2021-11-23 17:10:13 - [MESSAGE][INFO] - Checking timeout

2021-11-23 17:10:13 - [MESSAGE][INFO] - Object: 'Object Repository/Olusturma/Genel/AliciBilgisi/Alici_Adi' has parent object(s)

2021-11-23 17:10:13 - [MESSAGE][INFO] - Switching to iframe: 'Object Repository/Olusturma/Genel/AliciBilgisi/iframe_Alc Bilgisi_customerselectiframe'

2021-11-23 17:10:13 - [MESSAGE][INFO] - Finding web element from Test Object's properties

2021-11-23 17:10:13 - [MESSAGE][INFO] - Checking timeout

2021-11-23 17:10:13 - [MESSAGE][INFO] - Finding web element with id: 'Object Repository/Olusturma/Genel/AliciBilgisi/iframe_Alc Bilgisi_customerselectiframe' located by 'By.xpath: //iframe[@id='customerselectiframe']' in '10' second(s)

2021-11-23 17:10:13 - [MESSAGE][INFO] - Smart Wait Function is triggered

2021-11-23 17:10:14 - [MESSAGE][INFO] - Found 1 web elements with id: 'Object Repository/Olusturma/Genel/AliciBilgisi/iframe_Alc Bilgisi_customerselectiframe' located by 'By.xpath: //iframe[@id='customerselectiframe']' in '10' second(s)

2021-11-23 17:10:14 - [MESSAGE][INFO] - Switched to iframe: 'Object Repository/Olusturma/Genel/AliciBilgisi/iframe_Alc Bilgisi_customerselectiframe'

2021-11-23 17:10:14 - [MESSAGE][INFO] - Finding web element from Test Object's properties

2021-11-23 17:10:14 - [MESSAGE][INFO] - Checking timeout

2021-11-23 17:10:14 - [MESSAGE][INFO] - Finding web element with id: 'Object Repository/Olusturma/Genel/AliciBilgisi/Alici_Adi' located by 'By.xpath: //tr[@id='GridViewCustomer_DXDataRow0']/td[2]' in '10' second(s)

2021-11-23 17:10:14 - [MESSAGE][INFO] - Smart Wait Function is triggered

2021-11-23 17:10:14 - [MESSAGE][INFO] - Found 1 web elements with id: 'Object Repository/Olusturma/Genel/AliciBilgisi/Alici_Adi' located by 'By.xpath: //tr[@id='GridViewCustomer_DXDataRow0']/td[2]' in '10' second(s)

2021-11-23 17:10:14 - [MESSAGE][PASSED] - Object 'Object Repository/Olusturma/Genel/AliciBilgisi/Alici_Adi' is clickable

2021-11-23 17:10:14 - [MESSAGE][INFO] - Switching to default content

2021-11-23 17:10:14 - [TEST_STEP][PASSED] - click(findTestObject("Olusturma/Genel/AliciBilgisi/frame")): Switching to default content

2021-11-23 17:10:14 - [MESSAGE][INFO] - Finding Test Object 'Object Repository/Olusturma/Genel/AliciBilgisi/frame'

2021-11-23 17:10:14 - [MESSAGE][INFO] - Finding Test Object 'Object Repository/Olusturma/Genel/AliciBilgisi/iframe_Alc Bilgisi_customerselectiframe'

2021-11-23 17:10:14 - [MESSAGE][INFO] - Checking object

2021-11-23 17:10:14 - [MESSAGE][INFO] - Object: 'Object Repository/Olusturma/Genel/AliciBilgisi/frame' has parent object(s)

2021-11-23 17:10:14 - [MESSAGE][INFO] - Switching to iframe: 'Object Repository/Olusturma/Genel/AliciBilgisi/iframe_Alc Bilgisi_customerselectiframe'

2021-11-23 17:10:14 - [MESSAGE][INFO] - Finding web element from Test Object's properties

2021-11-23 17:10:14 - [MESSAGE][INFO] - Checking timeout

2021-11-23 17:10:14 - [MESSAGE][INFO] - Finding web element with id: 'Object Repository/Olusturma/Genel/AliciBilgisi/iframe_Alc Bilgisi_customerselectiframe' located by 'By.xpath: //iframe[@id='customerselectiframe']' in '30' second(s)

2021-11-23 17:10:14 - [MESSAGE][INFO] - Smart Wait Function is triggered

2021-11-23 17:10:14 - [MESSAGE][INFO] - Found 1 web elements with id: 'Object Repository/Olusturma/Genel/AliciBilgisi/iframe_Alc Bilgisi_customerselectiframe' located by 'By.xpath: //iframe[@id='customerselectiframe']' in '30' second(s)

2021-11-23 17:10:14 - [MESSAGE][INFO] - Switched to iframe: 'Object Repository/Olusturma/Genel/AliciBilgisi/iframe_Alc Bilgisi_customerselectiframe'

2021-11-23 17:10:14 - [MESSAGE][INFO] - Finding web element from Test Object's properties

2021-11-23 17:10:14 - [MESSAGE][INFO] - Checking timeout

2021-11-23 17:10:14 - [MESSAGE][INFO] - Finding web element with id: 'Object Repository/Olusturma/Genel/AliciBilgisi/frame' located by 'By.xpath: //*/text()[normalize-space(.)='']/parent::*' in '30' second(s)

2021-11-23 17:10:14 - [MESSAGE][INFO] - Smart Wait Function is triggered

2021-11-23 17:10:14 - [MESSAGE][INFO] - Found 73 web elements with id: 'Object Repository/Olusturma/Genel/AliciBilgisi/frame' located by 'By.xpath: //*/text()[normalize-space(.)='']/parent::*' in '30' second(s)

2021-11-23 17:10:14 - [MESSAGE][INFO] - Clicking on object: 'Object Repository/Olusturma/Genel/AliciBilgisi/frame'

2021-11-23 17:10:14 - [MESSAGE][PASSED] - Object: 'Object Repository/Olusturma/Genel/AliciBilgisi/frame' is clicked on

2021-11-23 17:10:14 - [MESSAGE][INFO] - Switching to default content

2021-11-23 17:10:14 - [TEST_STEP][PASSED] - click(findTestObject("Olusturma/Genel/AliciBilgisi/Alici_Adi")): Switching to default content

2021-11-23 17:10:14 - [MESSAGE][INFO] - Finding Test Object 'Object Repository/Olusturma/Genel/AliciBilgisi/Alici_Adi'

2021-11-23 17:10:14 - [MESSAGE][INFO] - Finding Test Object 'Object Repository/Olusturma/Genel/AliciBilgisi/iframe_Alc Bilgisi_customerselectiframe'

2021-11-23 17:10:14 - [MESSAGE][INFO] - Checking object

2021-11-23 17:10:14 - [MESSAGE][INFO] - Object: 'Object Repository/Olusturma/Genel/AliciBilgisi/Alici_Adi' has parent object(s)

2021-11-23 17:10:14 - [MESSAGE][INFO] - Switching to iframe: 'Object Repository/Olusturma/Genel/AliciBilgisi/iframe_Alc Bilgisi_customerselectiframe'

2021-11-23 17:10:14 - [MESSAGE][INFO] - Finding web element from Test Object's properties

2021-11-23 17:10:14 - [MESSAGE][INFO] - Checking timeout

2021-11-23 17:10:14 - [MESSAGE][INFO] - Finding web element with id: 'Object Repository/Olusturma/Genel/AliciBilgisi/iframe_Alc Bilgisi_customerselectiframe' located by 'By.xpath: //iframe[@id='customerselectiframe']' in '30' second(s)

2021-11-23 17:10:14 - [MESSAGE][INFO] - Smart Wait Function is triggered

2021-11-23 17:10:15 - [MESSAGE][INFO] - Found 1 web elements with id: 'Object Repository/Olusturma/Genel/AliciBilgisi/iframe_Alc Bilgisi_customerselectiframe' located by 'By.xpath: //iframe[@id='customerselectiframe']' in '30' second(s)

2021-11-23 17:10:15 - [MESSAGE][INFO] - Switched to iframe: 'Object Repository/Olusturma/Genel/AliciBilgisi/iframe_Alc Bilgisi_customerselectiframe'

2021-11-23 17:10:15 - [MESSAGE][INFO] - Finding web element from Test Object's properties

2021-11-23 17:10:15 - [MESSAGE][INFO] - Checking timeout

2021-11-23 17:10:15 - [MESSAGE][INFO] - Finding web element with id: 'Object Repository/Olusturma/Genel/AliciBilgisi/Alici_Adi' located by 'By.xpath: //tr[@id='GridViewCustomer_DXDataRow0']/td[2]' in '30' second(s)

2021-11-23 17:10:15 - [MESSAGE][INFO] - Smart Wait Function is triggered

2021-11-23 17:10:15 - [MESSAGE][INFO] - Found 1 web elements with id: 'Object Repository/Olusturma/Genel/AliciBilgisi/Alici_Adi' located by 'By.xpath: //tr[@id='GridViewCustomer_DXDataRow0']/td[2]' in '30' second(s)

2021-11-23 17:10:15 - [MESSAGE][INFO] - Clicking on object: 'Object Repository/Olusturma/Genel/AliciBilgisi/Alici_Adi'

2021-11-23 17:10:15 - [MESSAGE][PASSED] - Object: 'Object Repository/Olusturma/Genel/AliciBilgisi/Alici_Adi' is clicked on

2021-11-23 17:10:15 - [MESSAGE][INFO] - Switching to default content

2021-11-23 17:10:15 - [TEST_STEP][PASSED] - click(findTestObject("Olusturma/Genel/AliciBilgisi/Tamam_Bosluk")): Switching to default content

2021-11-23 17:10:15 - [MESSAGE][INFO] - Finding Test Object 'Object Repository/Olusturma/Genel/AliciBilgisi/Tamam_Bosluk'

2021-11-23 17:10:15 - [MESSAGE][INFO] - Finding Test Object 'Object Repository/Olusturma/Genel/AliciBilgisi/Alici_Bilgisi'

2021-11-23 17:10:15 - [MESSAGE][INFO] - Checking object

2021-11-23 17:10:15 - [MESSAGE][INFO] - Object: 'Object Repository/Olusturma/Genel/AliciBilgisi/Tamam_Bosluk' has parent object(s)

2021-11-23 17:10:15 - [MESSAGE][INFO] - Switching to iframe: 'Object Repository/Olusturma/Genel/AliciBilgisi/Alici_Bilgisi'

2021-11-23 17:10:15 - [MESSAGE][INFO] - Finding web element from Test Object's properties

2021-11-23 17:10:15 - [MESSAGE][INFO] - Checking timeout

2021-11-23 17:10:15 - [MESSAGE][INFO] - Finding web element with id: 'Object Repository/Olusturma/Genel/AliciBilgisi/Alici_Bilgisi' located by 'By.xpath: //iframe[@id='customerselectiframe']' in '30' second(s)

2021-11-23 17:10:15 - [MESSAGE][INFO] - Smart Wait Function is triggered

2021-11-23 17:10:15 - [MESSAGE][INFO] - Found 1 web elements with id: 'Object Repository/Olusturma/Genel/AliciBilgisi/Alici_Bilgisi' located by 'By.xpath: //iframe[@id='customerselectiframe']' in '30' second(s)

2021-11-23 17:10:15 - [MESSAGE][INFO] - Switched to iframe: 'Object Repository/Olusturma/Genel/AliciBilgisi/Alici_Bilgisi'

2021-11-23 17:10:15 - [MESSAGE][INFO] - Finding web element from Test Object's properties

2021-11-23 17:10:15 - [MESSAGE][INFO] - Checking timeout

2021-11-23 17:10:15 - [MESSAGE][INFO] - Finding web element with id: 'Object Repository/Olusturma/Genel/AliciBilgisi/Tamam_Bosluk' located by 'By.xpath: (.//*[normalize-space(text()) and normalize-space(.)='Sayfa Boyutu:'])[1]/following::div[7]' in '30' second(s)

2021-11-23 17:10:15 - [MESSAGE][INFO] - Smart Wait Function is triggered

2021-11-23 17:10:15 - [MESSAGE][INFO] - Found 1 web elements with id: 'Object Repository/Olusturma/Genel/AliciBilgisi/Tamam_Bosluk' located by 'By.xpath: (.//*[normalize-space(text()) and normalize-space(.)='Sayfa Boyutu:'])[1]/following::div[7]' in '30' second(s)

2021-11-23 17:10:15 - [MESSAGE][INFO] - Clicking on object: 'Object Repository/Olusturma/Genel/AliciBilgisi/Tamam_Bosluk'

2021-11-23 17:10:15 - [MESSAGE][PASSED] - Object: 'Object Repository/Olusturma/Genel/AliciBilgisi/Tamam_Bosluk' is clicked on

2021-11-23 17:10:15 - [MESSAGE][INFO] - Switching to default content

2021-11-23 17:10:15 - [TEST_STEP][PASSED] - waitForElementClickable(findTestObject("Olusturma/Genel/AliciBilgisi/Tamam_Butonu"), 10): Switching to default content

2021-11-23 17:10:15 - [MESSAGE][INFO] - Finding Test Object 'Object Repository/Olusturma/Genel/AliciBilgisi/Tamam_Butonu'

2021-11-23 17:10:15 - [MESSAGE][INFO] - Finding Test Object 'Object Repository/Olusturma/Genel/AliciBilgisi/Alici_Bilgisi'

2021-11-23 17:10:16 - [MESSAGE][INFO] - Checking object

2021-11-23 17:10:16 - [MESSAGE][INFO] - Checking timeout

2021-11-23 17:10:16 - [MESSAGE][INFO] - Object: 'Object Repository/Olusturma/Genel/AliciBilgisi/Tamam_Butonu' has parent object(s)

2021-11-23 17:10:16 - [MESSAGE][INFO] - Switching to iframe: 'Object Repository/Olusturma/Genel/AliciBilgisi/Alici_Bilgisi'

2021-11-23 17:10:16 - [MESSAGE][INFO] - Finding web element from Test Object's properties

2021-11-23 17:10:16 - [MESSAGE][INFO] - Checking timeout

2021-11-23 17:10:16 - [MESSAGE][INFO] - Finding web element with id: 'Object Repository/Olusturma/Genel/AliciBilgisi/Alici_Bilgisi' located by 'By.xpath: //iframe[@id='customerselectiframe']' in '10' second(s)

2021-11-23 17:10:16 - [MESSAGE][INFO] - Smart Wait Function is triggered

2021-11-23 17:10:16 - [MESSAGE][INFO] - Found 1 web elements with id: 'Object Repository/Olusturma/Genel/AliciBilgisi/Alici_Bilgisi' located by 'By.xpath: //iframe[@id='customerselectiframe']' in '10' second(s)

2021-11-23 17:10:16 - [MESSAGE][INFO] - Switched to iframe: 'Object Repository/Olusturma/Genel/AliciBilgisi/Alici_Bilgisi'

2021-11-23 17:10:16 - [MESSAGE][INFO] - Finding web element from Test Object's properties

2021-11-23 17:10:16 - [MESSAGE][INFO] - Checking timeout

2021-11-23 17:10:16 - [MESSAGE][INFO] - Finding web element with id: 'Object Repository/Olusturma/Genel/AliciBilgisi/Tamam_Butonu' located by 'By.xpath: //div[@id='btnSelectCustomer_CD']/span' in '10' second(s)

2021-11-23 17:10:16 - [MESSAGE][INFO] - Smart Wait Function is triggered

2021-11-23 17:10:16 - [MESSAGE][INFO] - Found 1 web elements with id: 'Object Repository/Olusturma/Genel/AliciBilgisi/Tamam_Butonu' located by 'By.xpath: //div[@id='btnSelectCustomer_CD']/span' in '10' second(s)

2021-11-23 17:10:16 - [MESSAGE][PASSED] - Object 'Object Repository/Olusturma/Genel/AliciBilgisi/Tamam_Butonu' is clickable

2021-11-23 17:10:16 - [MESSAGE][INFO] - Switching to default content

2021-11-23 17:10:16 - [TEST_STEP][PASSED] - click(findTestObject("Olusturma/Genel/AliciBilgisi/Tamam_Butonu")): Switching to default content

2021-11-23 17:10:16 - [MESSAGE][INFO] - Finding Test Object 'Object Repository/Olusturma/Genel/AliciBilgisi/Tamam_Butonu'

2021-11-23 17:10:16 - [MESSAGE][INFO] - Finding Test Object 'Object Repository/Olusturma/Genel/AliciBilgisi/Alici_Bilgisi'

2021-11-23 17:10:16 - [MESSAGE][INFO] - Checking object

2021-11-23 17:10:16 - [MESSAGE][INFO] - Object: 'Object Repository/Olusturma/Genel/AliciBilgisi/Tamam_Butonu' has parent object(s)

2021-11-23 17:10:16 - [MESSAGE][INFO] - Switching to iframe: 'Object Repository/Olusturma/Genel/AliciBilgisi/Alici_Bilgisi'

2021-11-23 17:10:16 - [MESSAGE][INFO] - Finding web element from Test Object's properties

2021-11-23 17:10:16 - [MESSAGE][INFO] - Checking timeout

2021-11-23 17:10:16 - [MESSAGE][INFO] - Finding web element with id: 'Object Repository/Olusturma/Genel/AliciBilgisi/Alici_Bilgisi' located by 'By.xpath: //iframe[@id='customerselectiframe']' in '30' second(s)

2021-11-23 17:10:16 - [MESSAGE][INFO] - Smart Wait Function is triggered

2021-11-23 17:10:16 - [MESSAGE][INFO] - Found 1 web elements with id: 'Object Repository/Olusturma/Genel/AliciBilgisi/Alici_Bilgisi' located by 'By.xpath: //iframe[@id='customerselectiframe']' in '30' second(s)

2021-11-23 17:10:16 - [MESSAGE][INFO] - Switched to iframe: 'Object Repository/Olusturma/Genel/AliciBilgisi/Alici_Bilgisi'

2021-11-23 17:10:16 - [MESSAGE][INFO] - Finding web element from Test Object's properties

2021-11-23 17:10:16 - [MESSAGE][INFO] - Checking timeout

2021-11-23 17:10:16 - [MESSAGE][INFO] - Finding web element with id: 'Object Repository/Olusturma/Genel/AliciBilgisi/Tamam_Butonu' located by 'By.xpath: //div[@id='btnSelectCustomer_CD']/span' in '30' second(s)

2021-11-23 17:10:16 - [MESSAGE][INFO] - Smart Wait Function is triggered

2021-11-23 17:10:16 - [MESSAGE][INFO] - Found 1 web elements with id: 'Object Repository/Olusturma/Genel/AliciBilgisi/Tamam_Butonu' located by 'By.xpath: //div[@id='btnSelectCustomer_CD']/span' in '30' second(s)

2021-11-23 17:10:16 - [MESSAGE][INFO] - Clicking on object: 'Object Repository/Olusturma/Genel/AliciBilgisi/Tamam_Butonu'

2021-11-23 17:10:16 - [MESSAGE][PASSED] - Object: 'Object Repository/Olusturma/Genel/AliciBilgisi/Tamam_Butonu' is clicked on

2021-11-23 17:10:16 - [MESSAGE][INFO] - Switching to default content

2021-11-23 17:10:16 - [TEST_STEP][PASSED] - waitForElementPresent(findTestObject("Olusturma/Genel/AliciBilgisi/VKN-TCKN"), 10): Object 'Object Repository/Olusturma/Genel/AliciBilgisi/VKN-TCKN' is present

2021-11-23 17:10:16 - [MESSAGE][INFO] - Finding Test Object 'Object Repository/Olusturma/Genel/AliciBilgisi/VKN-TCKN'

2021-11-23 17:10:17 - [MESSAGE][INFO] - Checking object

2021-11-23 17:10:17 - [MESSAGE][INFO] - Finding web element from Test Object's properties

2021-11-23 17:10:17 - [MESSAGE][INFO] - Checking timeout

2021-11-23 17:10:17 - [MESSAGE][INFO] - Finding web element with id: 'Object Repository/Olusturma/Genel/AliciBilgisi/VKN-TCKN' located by 'By.xpath: //*[@id = 'txtVknTckn_I']' in '10' second(s)

2021-11-23 17:10:17 - [MESSAGE][INFO] - Smart Wait Function is triggered

2021-11-23 17:10:17 - [MESSAGE][INFO] - Found 1 web elements with id: 'Object Repository/Olusturma/Genel/AliciBilgisi/VKN-TCKN' located by 'By.xpath: //*[@id = 'txtVknTckn_I']' in '10' second(s)

2021-11-23 17:10:17 - [MESSAGE][PASSED] - Object 'Object Repository/Olusturma/Genel/AliciBilgisi/VKN-TCKN' is present

2021-11-23 17:10:17 - [TEST_STEP][PASSED] - text = getAttribute(findTestObject("Olusturma/Genel/AliciBilgisi/VKN-TCKN"), "value"): Attribute 'value' of object 'Object Repository/Olusturma/Genel/AliciBilgisi/VKN-TCKN' is: '5324269312'

2021-11-23 17:10:17 - [MESSAGE][INFO] - Finding Test Object 'Object Repository/Olusturma/Genel/AliciBilgisi/VKN-TCKN'

2021-11-23 17:10:17 - [MESSAGE][INFO] - Checking object

2021-11-23 17:10:17 - [MESSAGE][INFO] - Checking attribute

2021-11-23 17:10:17 - [MESSAGE][INFO] - Finding web element from Test Object's properties

2021-11-23 17:10:17 - [MESSAGE][INFO] - Checking timeout

2021-11-23 17:10:17 - [MESSAGE][INFO] - Finding web element with id: 'Object Repository/Olusturma/Genel/AliciBilgisi/VKN-TCKN' located by 'By.xpath: //*[@id = 'txtVknTckn_I']' in '30' second(s)

2021-11-23 17:10:17 - [MESSAGE][INFO] - Smart Wait Function is triggered

2021-11-23 17:10:17 - [MESSAGE][INFO] - Found 1 web elements with id: 'Object Repository/Olusturma/Genel/AliciBilgisi/VKN-TCKN' located by 'By.xpath: //*[@id = 'txtVknTckn_I']' in '30' second(s)

2021-11-23 17:10:17 - [MESSAGE][INFO] - Getting attribute 'value' of object 'Object Repository/Olusturma/Genel/AliciBilgisi/VKN-TCKN'

2021-11-23 17:10:17 - [MESSAGE][PASSED] - Attribute 'value' of object 'Object Repository/Olusturma/Genel/AliciBilgisi/VKN-TCKN' is: '5324269312'

2021-11-23 17:10:17 - [TEST_STEP][PASSED] - if (text.equals("")): null

2021-11-23 17:10:17 - [MESSAGE][PASSED] - Call Test Case 'Test Cases/Olusturma/Genel/AliciSecilir' successfully

2021-11-23 17:10:17 - [MESSAGE][INFO] - Checking called Test Case

2021-11-23 17:10:17 - [MESSAGE][INFO] - Starting to call Test Case 'Test Cases/Olusturma/Genel/EkleButonunaBasilir'

2021-11-23 17:10:17 - [TEST_CASE][PASSED] - Test Cases/Olusturma/Genel/EkleButonunaBasilir: Test Cases/Olusturma/Genel/EkleButonunaBasilir

2021-11-23 17:10:17 - [TEST_STEP][PASSED] - waitForElementClickable(findTestObject("Object Repository/Olusturma/Genel/Olusturma/Ekle"), 10): Object 'Object Repository/Olusturma/Genel/Olusturma/Ekle' is clickable

2021-11-23 17:10:17 - [MESSAGE][INFO] - Finding Test Object 'Object Repository/Olusturma/Genel/Olusturma/Ekle'

2021-11-23 17:10:18 - [MESSAGE][INFO] - Checking object

2021-11-23 17:10:18 - [MESSAGE][INFO] - Checking timeout

2021-11-23 17:10:18 - [MESSAGE][INFO] - Finding web element from Test Object's properties

2021-11-23 17:10:18 - [MESSAGE][INFO] - Checking timeout

2021-11-23 17:10:18 - [MESSAGE][INFO] - Finding web element with id: 'Object Repository/Olusturma/Genel/Olusturma/Ekle' located by 'By.cssSelector: #divmalhizmet i.fa.fa-plus.fa-lg.text-muted' in '10' second(s)

2021-11-23 17:10:18 - [MESSAGE][INFO] - Smart Wait Function is triggered

2021-11-23 17:10:18 - [MESSAGE][INFO] - Found 1 web elements with id: 'Object Repository/Olusturma/Genel/Olusturma/Ekle' located by 'By.cssSelector: #divmalhizmet i.fa.fa-plus.fa-lg.text-muted' in '10' second(s)

2021-11-23 17:10:18 - [MESSAGE][PASSED] - Object 'Object Repository/Olusturma/Genel/Olusturma/Ekle' is clickable

2021-11-23 17:10:18 - [TEST_STEP][PASSED] - click(findTestObject("Object Repository/Olusturma/Genel/Olusturma/Ekle")): Object: 'Object Repository/Olusturma/Genel/Olusturma/Ekle' is clicked on

2021-11-23 17:10:18 - [MESSAGE][INFO] - Finding Test Object 'Object Repository/Olusturma/Genel/Olusturma/Ekle'

2021-11-23 17:10:18 - [MESSAGE][INFO] - Checking object

2021-11-23 17:10:18 - [MESSAGE][INFO] - Finding web element from Test Object's properties

2021-11-23 17:10:18 - [MESSAGE][INFO] - Checking timeout

2021-11-23 17:10:18 - [MESSAGE][INFO] - Finding web element with id: 'Object Repository/Olusturma/Genel/Olusturma/Ekle' located by 'By.cssSelector: #divmalhizmet i.fa.fa-plus.fa-lg.text-muted' in '30' second(s)

2021-11-23 17:10:18 - [MESSAGE][INFO] - Smart Wait Function is triggered

2021-11-23 17:10:18 - [MESSAGE][INFO] - Found 1 web elements with id: 'Object Repository/Olusturma/Genel/Olusturma/Ekle' located by 'By.cssSelector: #divmalhizmet i.fa.fa-plus.fa-lg.text-muted' in '30' second(s)

2021-11-23 17:10:18 - [MESSAGE][INFO] - Clicking on object: 'Object Repository/Olusturma/Genel/Olusturma/Ekle'

2021-11-23 17:10:18 - [MESSAGE][PASSED] - Object: 'Object Repository/Olusturma/Genel/Olusturma/Ekle' is clicked on

2021-11-23 17:10:18 - [TEST_STEP][PASSED] - waitForElementClickable(findTestObject("Olusturma/Genel/Olusturma/EklenenSatirCarpiImage"), 10): Object 'Object Repository/Olusturma/Genel/Olusturma/EklenenSatirCarpiImage' is clickable

2021-11-23 17:10:18 - [MESSAGE][INFO] - Finding Test Object 'Object Repository/Olusturma/Genel/Olusturma/EklenenSatirCarpiImage'

2021-11-23 17:10:18 - [MESSAGE][INFO] - Checking object

2021-11-23 17:10:18 - [MESSAGE][INFO] - Checking timeout

2021-11-23 17:10:18 - [MESSAGE][INFO] - Finding web element from Test Object's properties

2021-11-23 17:10:18 - [MESSAGE][INFO] - Checking timeout

2021-11-23 17:10:18 - [MESSAGE][INFO] - Finding web element with id: 'Object Repository/Olusturma/Genel/Olusturma/EklenenSatirCarpiImage' located by 'By.cssSelector: .fa.fa-times.fa-lg.text-primary' in '10' second(s)

2021-11-23 17:10:18 - [MESSAGE][INFO] - Smart Wait Function is triggered

2021-11-23 17:10:19 - [MESSAGE][INFO] - Smart Wait Function is triggered

2021-11-23 17:10:19 - [MESSAGE][INFO] - Smart Wait Function is triggered

2021-11-23 17:10:20 - [MESSAGE][INFO] - Found 1 web elements with id: 'Object Repository/Olusturma/Genel/Olusturma/EklenenSatirCarpiImage' located by 'By.cssSelector: .fa.fa-times.fa-lg.text-primary' in '10' second(s)

2021-11-23 17:10:20 - [MESSAGE][PASSED] - Object 'Object Repository/Olusturma/Genel/Olusturma/EklenenSatirCarpiImage' is clickable

2021-11-23 17:10:20 - [MESSAGE][PASSED] - Call Test Case 'Test Cases/Olusturma/Genel/EkleButonunaBasilir' successfully

2021-11-23 17:10:20 - [MESSAGE][INFO] - Checking called Test Case

2021-11-23 17:10:20 - [MESSAGE][INFO] - Starting to call Test Case 'Test Cases/Olusturma/Genel/Olusturma'

2021-11-23 17:10:20 - [TEST_CASE][PASSED] - Test Cases/Olusturma/Genel/Olusturma: Test Cases/Olusturma/Genel/Olusturma

2021-11-23 17:10:20 - [TEST_STEP][PASSED] - driver = getWebDriver(): null

2021-11-23 17:10:20 - [TEST_STEP][PASSED] - action = new org.openqa.selenium.interactions.Actions(driver): null

2021-11-23 17:10:20 - [TEST_STEP][PASSED] - baslikElement = <not implemented yet for class: org.codehaus.groovy.ast.expr.EmptyExpression>: null

2021-11-23 17:10:20 - [TEST_STEP][PASSED] - sonElement = <not implemented yet for class: org.codehaus.groovy.ast.expr.EmptyExpression>: null

2021-11-23 17:10:20 - [TEST_STEP][PASSED] - attr = <not implemented yet for class: org.codehaus.groovy.ast.expr.EmptyExpression>: null

2021-11-23 17:10:20 - [TEST_STEP][PASSED] - a = 0: null

2021-11-23 17:10:20 - [TEST_STEP][PASSED] - elements = findWebElements(findTestObject("Object Repository/Olusturma/Genel/Olusturma/TabloBasliklari"), 10): Found 7 web elements with id: 'Object Repository/Olusturma/Genel/Olusturma/TabloBasliklari' located by 'By.cssSelector: div#divmalhizmet .dxgvTable_LECustomTheme td.dxgvHeader_LECustomTheme tr>td:nth-child(1)' in '10' second(s)

2021-11-23 17:10:20 - [MESSAGE][INFO] - Finding Test Object 'Object Repository/Olusturma/Genel/Olusturma/TabloBasliklari'

2021-11-23 17:10:20 - [MESSAGE][INFO] - Checking timeout

2021-11-23 17:10:20 - [MESSAGE][INFO] - Finding web element with id: 'Object Repository/Olusturma/Genel/Olusturma/TabloBasliklari' located by 'By.cssSelector: div#divmalhizmet .dxgvTable_LECustomTheme td.dxgvHeader_LECustomTheme tr>td:nth-child(1)' in '10' second(s)

2021-11-23 17:10:20 - [MESSAGE][INFO] - Smart Wait Function is triggered

2021-11-23 17:10:20 - [MESSAGE][INFO] - Found 7 web elements with id: 'Object Repository/Olusturma/Genel/Olusturma/TabloBasliklari' located by 'By.cssSelector: div#divmalhizmet .dxgvTable_LECustomTheme td.dxgvHeader_LECustomTheme tr>td:nth-child(1)' in '10' second(s)

2021-11-23 17:10:20 - [TEST_STEP][PASSED] - for (def element : elements): null

2021-11-23 17:10:20 - [TEST_STEP][PASSED] - build().perform(): null

2021-11-23 17:10:21 - [TEST_STEP][PASSED] - if (getText().equals(Baslik)): null

2021-11-23 17:10:21 - [TEST_STEP][PASSED] - baslikElement = element.findElement(By.xpath("../../../..")): Smart Wait Function is triggered

2021-11-23 17:10:21 - [MESSAGE][INFO] - Smart Wait Function is triggered

2021-11-23 17:10:21 - [TEST_STEP][PASSED] - attr = baslikElement.getAttribute("id"): null

2021-11-23 17:10:21 - [TEST_STEP][PASSED] - println("girdi ve idsini aldı = " + attr): null

2021-11-23 17:10:21 - [TEST_STEP][PASSED] - break: null

2021-11-23 17:10:21 - [TEST_STEP][PASSED] - countElement = baslikElement.findElements(By.xpath("../td")): Smart Wait Function is triggered

2021-11-23 17:10:21 - [MESSAGE][INFO] - Smart Wait Function is triggered

2021-11-23 17:10:21 - [TEST_STEP][PASSED] - for (def element : countElement): null

2021-11-23 17:10:21 - [TEST_STEP][PASSED] - if (toString().equals(attr.toString())): null

2021-11-23 17:10:21 - [TEST_STEP][PASSED] - (a++): null

2021-11-23 17:10:21 - [TEST_STEP][PASSED] - if (toString().equals(attr.toString())): null

2021-11-23 17:10:21 - [TEST_STEP][PASSED] - break: null

2021-11-23 17:10:21 - [TEST_STEP][PASSED] - son = findWebElement(findTestObject("Object Repository/Olusturma/Genel/Olusturma/EklenenSatir")).findElement(By.xpath("td[@class='dxgvInlineEditCell_LECustomTheme dxgv'][" + a + "]//td[@class='dxic']/input")): Smart Wait Function is triggered

2021-11-23 17:10:21 - [MESSAGE][INFO] - Finding Test Object 'Object Repository/Olusturma/Genel/Olusturma/EklenenSatir'

2021-11-23 17:10:21 - [MESSAGE][INFO] - Finding web element from Test Object's properties

2021-11-23 17:10:21 - [MESSAGE][INFO] - Checking timeout

2021-11-23 17:10:21 - [MESSAGE][INFO] - Finding web element with id: 'Object Repository/Olusturma/Genel/Olusturma/EklenenSatir' located by 'By.cssSelector: #divmalhizmet .dxgvInlineEditRow_LECustomTheme' in '30' second(s)

2021-11-23 17:10:21 - [MESSAGE][INFO] - Smart Wait Function is triggered

2021-11-23 17:10:22 - [MESSAGE][INFO] - Found 1 web elements with id: 'Object Repository/Olusturma/Genel/Olusturma/EklenenSatir' located by 'By.cssSelector: #divmalhizmet .dxgvInlineEditRow_LECustomTheme' in '30' second(s)

2021-11-23 17:10:22 - [MESSAGE][INFO] - Smart Wait Function is triggered

2021-11-23 17:10:22 - [TEST_STEP][PASSED] - if (!(getAttribute("value").contains("Vkn"))): null

2021-11-23 17:10:22 - [TEST_STEP][PASSED] - son.clear(): null

2021-11-23 17:10:22 - [TEST_STEP][PASSED] - son.sendKeys(Deger): null

2021-11-23 17:10:22 - [MESSAGE][PASSED] - Call Test Case 'Test Cases/Olusturma/Genel/Olusturma' successfully

2021-11-23 17:10:22 - [MESSAGE][INFO] - Checking called Test Case

2021-11-23 17:10:22 - [MESSAGE][INFO] - Starting to call Test Case 'Test Cases/Olusturma/Genel/Olusturma'

2021-11-23 17:10:22 - [TEST_CASE][PASSED] - Test Cases/Olusturma/Genel/Olusturma: Test Cases/Olusturma/Genel/Olusturma

2021-11-23 17:10:22 - [TEST_STEP][PASSED] - driver = getWebDriver(): null

2021-11-23 17:10:22 - [TEST_STEP][PASSED] - action = new org.openqa.selenium.interactions.Actions(driver): null

2021-11-23 17:10:22 - [TEST_STEP][PASSED] - baslikElement = <not implemented yet for class: org.codehaus.groovy.ast.expr.EmptyExpression>: null

2021-11-23 17:10:22 - [TEST_STEP][PASSED] - sonElement = <not implemented yet for class: org.codehaus.groovy.ast.expr.EmptyExpression>: null

2021-11-23 17:10:22 - [TEST_STEP][PASSED] - attr = <not implemented yet for class: org.codehaus.groovy.ast.expr.EmptyExpression>: null

2021-11-23 17:10:22 - [TEST_STEP][PASSED] - a = 0: null

2021-11-23 17:10:22 - [TEST_STEP][PASSED] - elements = findWebElements(findTestObject("Object Repository/Olusturma/Genel/Olusturma/TabloBasliklari"), 10): Found 7 web elements with id: 'Object Repository/Olusturma/Genel/Olusturma/TabloBasliklari' located by 'By.cssSelector: div#divmalhizmet .dxgvTable_LECustomTheme td.dxgvHeader_LECustomTheme tr>td:nth-child(1)' in '10' second(s)

2021-11-23 17:10:22 - [MESSAGE][INFO] - Finding Test Object 'Object Repository/Olusturma/Genel/Olusturma/TabloBasliklari'

2021-11-23 17:10:22 - [MESSAGE][INFO] - Checking timeout

2021-11-23 17:10:22 - [MESSAGE][INFO] - Finding web element with id: 'Object Repository/Olusturma/Genel/Olusturma/TabloBasliklari' located by 'By.cssSelector: div#divmalhizmet .dxgvTable_LECustomTheme td.dxgvHeader_LECustomTheme tr>td:nth-child(1)' in '10' second(s)

2021-11-23 17:10:22 - [MESSAGE][INFO] - Smart Wait Function is triggered

2021-11-23 17:10:23 - [MESSAGE][INFO] - Found 7 web elements with id: 'Object Repository/Olusturma/Genel/Olusturma/TabloBasliklari' located by 'By.cssSelector: div#divmalhizmet .dxgvTable_LECustomTheme td.dxgvHeader_LECustomTheme tr>td:nth-child(1)' in '10' second(s)

2021-11-23 17:10:23 - [TEST_STEP][PASSED] - for (def element : elements): null

2021-11-23 17:10:23 - [TEST_STEP][PASSED] - build().perform(): null

2021-11-23 17:10:23 - [TEST_STEP][PASSED] - if (getText().equals(Baslik)): null

2021-11-23 17:10:23 - [TEST_STEP][PASSED] - build().perform(): null

2021-11-23 17:10:23 - [TEST_STEP][PASSED] - if (getText().equals(Baslik)): null

2021-11-23 17:10:23 - [TEST_STEP][PASSED] - baslikElement = element.findElement(By.xpath("../../../..")): Smart Wait Function is triggered

2021-11-23 17:10:23 - [MESSAGE][INFO] - Smart Wait Function is triggered

2021-11-23 17:10:23 - [TEST_STEP][PASSED] - attr = baslikElement.getAttribute("id"): null

2021-11-23 17:10:23 - [TEST_STEP][PASSED] - println("girdi ve idsini aldı = " + attr): null

2021-11-23 17:10:23 - [TEST_STEP][PASSED] - break: null

2021-11-23 17:10:23 - [TEST_STEP][PASSED] - countElement = baslikElement.findElements(By.xpath("../td")): Smart Wait Function is triggered

2021-11-23 17:10:23 - [MESSAGE][INFO] - Smart Wait Function is triggered

2021-11-23 17:10:24 - [TEST_STEP][PASSED] - for (def element : countElement): null

2021-11-23 17:10:24 - [TEST_STEP][PASSED] - if (toString().equals(attr.toString())): null

2021-11-23 17:10:24 - [TEST_STEP][PASSED] - (a++): null

2021-11-23 17:10:24 - [TEST_STEP][PASSED] - if (toString().equals(attr.toString())): null

2021-11-23 17:10:24 - [TEST_STEP][PASSED] - (a++): null

2021-11-23 17:10:24 - [TEST_STEP][PASSED] - if (toString().equals(attr.toString())): null

2021-11-23 17:10:24 - [TEST_STEP][PASSED] - break: null

2021-11-23 17:10:24 - [TEST_STEP][PASSED] - son = findWebElement(findTestObject("Object Repository/Olusturma/Genel/Olusturma/EklenenSatir")).findElement(By.xpath("td[@class='dxgvInlineEditCell_LECustomTheme dxgv'][" + a + "]//td[@class='dxic']/input")): Smart Wait Function is triggered

2021-11-23 17:10:24 - [MESSAGE][INFO] - Finding Test Object 'Object Repository/Olusturma/Genel/Olusturma/EklenenSatir'

2021-11-23 17:10:24 - [MESSAGE][INFO] - Finding web element from Test Object's properties

2021-11-23 17:10:24 - [MESSAGE][INFO] - Checking timeout

2021-11-23 17:10:24 - [MESSAGE][INFO] - Finding web element with id: 'Object Repository/Olusturma/Genel/Olusturma/EklenenSatir' located by 'By.cssSelector: #divmalhizmet .dxgvInlineEditRow_LECustomTheme' in '30' second(s)

2021-11-23 17:10:24 - [MESSAGE][INFO] - Smart Wait Function is triggered

2021-11-23 17:10:24 - [MESSAGE][INFO] - Found 1 web elements with id: 'Object Repository/Olusturma/Genel/Olusturma/EklenenSatir' located by 'By.cssSelector: #divmalhizmet .dxgvInlineEditRow_LECustomTheme' in '30' second(s)

2021-11-23 17:10:24 - [MESSAGE][INFO] - Smart Wait Function is triggered

2021-11-23 17:10:24 - [TEST_STEP][PASSED] - if (!(getAttribute("value").contains("Vkn"))): null

2021-11-23 17:10:24 - [TEST_STEP][PASSED] - son.clear(): null

2021-11-23 17:10:24 - [TEST_STEP][PASSED] - son.sendKeys(Deger): null

2021-11-23 17:10:24 - [MESSAGE][PASSED] - Call Test Case 'Test Cases/Olusturma/Genel/Olusturma' successfully

2021-11-23 17:10:24 - [MESSAGE][INFO] - Checking called Test Case

2021-11-23 17:10:24 - [MESSAGE][INFO] - Starting to call Test Case 'Test Cases/Olusturma/Genel/Olusturma'

2021-11-23 17:10:24 - [TEST_CASE][PASSED] - Test Cases/Olusturma/Genel/Olusturma: Test Cases/Olusturma/Genel/Olusturma

2021-11-23 17:10:24 - [TEST_STEP][PASSED] - driver = getWebDriver(): null

2021-11-23 17:10:24 - [TEST_STEP][PASSED] - action = new org.openqa.selenium.interactions.Actions(driver): null

2021-11-23 17:10:24 - [TEST_STEP][PASSED] - baslikElement = <not implemented yet for class: org.codehaus.groovy.ast.expr.EmptyExpression>: null

2021-11-23 17:10:24 - [TEST_STEP][PASSED] - sonElement = <not implemented yet for class: org.codehaus.groovy.ast.expr.EmptyExpression>: null

2021-11-23 17:10:24 - [TEST_STEP][PASSED] - attr = <not implemented yet for class: org.codehaus.groovy.ast.expr.EmptyExpression>: null

2021-11-23 17:10:24 - [TEST_STEP][PASSED] - a = 0: null

2021-11-23 17:10:24 - [TEST_STEP][PASSED] - elements = findWebElements(findTestObject("Object Repository/Olusturma/Genel/Olusturma/TabloBasliklari"), 10): Found 7 web elements with id: 'Object Repository/Olusturma/Genel/Olusturma/TabloBasliklari' located by 'By.cssSelector: div#divmalhizmet .dxgvTable_LECustomTheme td.dxgvHeader_LECustomTheme tr>td:nth-child(1)' in '10' second(s)

2021-11-23 17:10:24 - [MESSAGE][INFO] - Finding Test Object 'Object Repository/Olusturma/Genel/Olusturma/TabloBasliklari'

2021-11-23 17:10:25 - [MESSAGE][INFO] - Checking timeout

2021-11-23 17:10:25 - [MESSAGE][INFO] - Finding web element with id: 'Object Repository/Olusturma/Genel/Olusturma/TabloBasliklari' located by 'By.cssSelector: div#divmalhizmet .dxgvTable_LECustomTheme td.dxgvHeader_LECustomTheme tr>td:nth-child(1)' in '10' second(s)

2021-11-23 17:10:25 - [MESSAGE][INFO] - Smart Wait Function is triggered

2021-11-23 17:10:25 - [MESSAGE][INFO] - Found 7 web elements with id: 'Object Repository/Olusturma/Genel/Olusturma/TabloBasliklari' located by 'By.cssSelector: div#divmalhizmet .dxgvTable_LECustomTheme td.dxgvHeader_LECustomTheme tr>td:nth-child(1)' in '10' second(s)

2021-11-23 17:10:25 - [TEST_STEP][PASSED] - for (def element : elements): null

2021-11-23 17:10:25 - [TEST_STEP][PASSED] - build().perform(): null

2021-11-23 17:10:25 - [TEST_STEP][PASSED] - if (getText().equals(Baslik)): null

2021-11-23 17:10:25 - [TEST_STEP][PASSED] - build().perform(): null

2021-11-23 17:10:25 - [TEST_STEP][PASSED] - if (getText().equals(Baslik)): null

2021-11-23 17:10:25 - [TEST_STEP][PASSED] - build().perform(): null

2021-11-23 17:10:25 - [TEST_STEP][PASSED] - if (getText().equals(Baslik)): null

2021-11-23 17:10:25 - [TEST_STEP][PASSED] - build().perform(): null

2021-11-23 17:10:25 - [TEST_STEP][PASSED] - if (getText().equals(Baslik)): null

2021-11-23 17:10:25 - [TEST_STEP][PASSED] - baslikElement = element.findElement(By.xpath("../../../..")): Smart Wait Function is triggered

2021-11-23 17:10:25 - [MESSAGE][INFO] - Smart Wait Function is triggered

2021-11-23 17:10:26 - [TEST_STEP][PASSED] - attr = baslikElement.getAttribute("id"): null

2021-11-23 17:10:26 - [TEST_STEP][PASSED] - println("girdi ve idsini aldı = " + attr): null

2021-11-23 17:10:26 - [TEST_STEP][PASSED] - break: null

2021-11-23 17:10:26 - [TEST_STEP][PASSED] - countElement = baslikElement.findElements(By.xpath("../td")): Smart Wait Function is triggered

2021-11-23 17:10:26 - [MESSAGE][INFO] - Smart Wait Function is triggered

2021-11-23 17:10:26 - [TEST_STEP][PASSED] - for (def element : countElement): null

2021-11-23 17:10:26 - [TEST_STEP][PASSED] - if (toString().equals(attr.toString())): null

2021-11-23 17:10:26 - [TEST_STEP][PASSED] - (a++): null

2021-11-23 17:10:26 - [TEST_STEP][PASSED] - if (toString().equals(attr.toString())): null

2021-11-23 17:10:26 - [TEST_STEP][PASSED] - (a++): null

2021-11-23 17:10:26 - [TEST_STEP][PASSED] - if (toString().equals(attr.toString())): null

2021-11-23 17:10:26 - [TEST_STEP][PASSED] - (a++): null

2021-11-23 17:10:26 - [TEST_STEP][PASSED] - if (toString().equals(attr.toString())): null

2021-11-23 17:10:26 - [TEST_STEP][PASSED] - (a++): null

2021-11-23 17:10:26 - [TEST_STEP][PASSED] - if (toString().equals(attr.toString())): null

2021-11-23 17:10:26 - [TEST_STEP][PASSED] - break: null

2021-11-23 17:10:26 - [TEST_STEP][PASSED] - son = findWebElement(findTestObject("Object Repository/Olusturma/Genel/Olusturma/EklenenSatir")).findElement(By.xpath("td[@class='dxgvInlineEditCell_LECustomTheme dxgv'][" + a + "]//td[@class='dxic']/input")): Smart Wait Function is triggered

2021-11-23 17:10:26 - [MESSAGE][INFO] - Finding Test Object 'Object Repository/Olusturma/Genel/Olusturma/EklenenSatir'

2021-11-23 17:10:26 - [MESSAGE][INFO] - Finding web element from Test Object's properties

2021-11-23 17:10:26 - [MESSAGE][INFO] - Checking timeout

2021-11-23 17:10:26 - [MESSAGE][INFO] - Finding web element with id: 'Object Repository/Olusturma/Genel/Olusturma/EklenenSatir' located by 'By.cssSelector: #divmalhizmet .dxgvInlineEditRow_LECustomTheme' in '30' second(s)

2021-11-23 17:10:26 - [MESSAGE][INFO] - Smart Wait Function is triggered

2021-11-23 17:10:26 - [MESSAGE][INFO] - Found 1 web elements with id: 'Object Repository/Olusturma/Genel/Olusturma/EklenenSatir' located by 'By.cssSelector: #divmalhizmet .dxgvInlineEditRow_LECustomTheme' in '30' second(s)

2021-11-23 17:10:26 - [MESSAGE][INFO] - Smart Wait Function is triggered

2021-11-23 17:10:27 - [TEST_STEP][PASSED] - if (!(getAttribute("value").contains("Vkn"))): null

2021-11-23 17:10:27 - [TEST_STEP][PASSED] - son.clear(): null

2021-11-23 17:10:27 - [TEST_STEP][PASSED] - son.sendKeys(Deger): null

2021-11-23 17:10:27 - [MESSAGE][PASSED] - Call Test Case 'Test Cases/Olusturma/Genel/Olusturma' successfully

2021-11-23 17:10:27 - [MESSAGE][INFO] - Checking called Test Case

2021-11-23 17:10:27 - [MESSAGE][INFO] - Starting to call Test Case 'Test Cases/Olusturma/Genel/Olusturma'

2021-11-23 17:10:27 - [TEST_CASE][PASSED] - Test Cases/Olusturma/Genel/Olusturma: Test Cases/Olusturma/Genel/Olusturma

2021-11-23 17:10:27 - [TEST_STEP][PASSED] - driver = getWebDriver(): null

2021-11-23 17:10:27 - [TEST_STEP][PASSED] - action = new org.openqa.selenium.interactions.Actions(driver): null

2021-11-23 17:10:27 - [TEST_STEP][PASSED] - baslikElement = <not implemented yet for class: org.codehaus.groovy.ast.expr.EmptyExpression>: null

2021-11-23 17:10:27 - [TEST_STEP][PASSED] - sonElement = <not implemented yet for class: org.codehaus.groovy.ast.expr.EmptyExpression>: null

2021-11-23 17:10:27 - [TEST_STEP][PASSED] - attr = <not implemented yet for class: org.codehaus.groovy.ast.expr.EmptyExpression>: null

2021-11-23 17:10:27 - [TEST_STEP][PASSED] - a = 0: null

2021-11-23 17:10:27 - [TEST_STEP][PASSED] - elements = findWebElements(findTestObject("Object Repository/Olusturma/Genel/Olusturma/TabloBasliklari"), 10): Found 7 web elements with id: 'Object Repository/Olusturma/Genel/Olusturma/TabloBasliklari' located by 'By.cssSelector: div#divmalhizmet .dxgvTable_LECustomTheme td.dxgvHeader_LECustomTheme tr>td:nth-child(1)' in '10' second(s)

2021-11-23 17:10:27 - [MESSAGE][INFO] - Finding Test Object 'Object Repository/Olusturma/Genel/Olusturma/TabloBasliklari'

2021-11-23 17:10:27 - [MESSAGE][INFO] - Checking timeout

2021-11-23 17:10:27 - [MESSAGE][INFO] - Finding web element with id: 'Object Repository/Olusturma/Genel/Olusturma/TabloBasliklari' located by 'By.cssSelector: div#divmalhizmet .dxgvTable_LECustomTheme td.dxgvHeader_LECustomTheme tr>td:nth-child(1)' in '10' second(s)

2021-11-23 17:10:27 - [MESSAGE][INFO] - Smart Wait Function is triggered

2021-11-23 17:10:27 - [MESSAGE][INFO] - Found 7 web elements with id: 'Object Repository/Olusturma/Genel/Olusturma/TabloBasliklari' located by 'By.cssSelector: div#divmalhizmet .dxgvTable_LECustomTheme td.dxgvHeader_LECustomTheme tr>td:nth-child(1)' in '10' second(s)

2021-11-23 17:10:27 - [TEST_STEP][PASSED] - for (def element : elements): null

2021-11-23 17:10:27 - [TEST_STEP][PASSED] - build().perform(): null

2021-11-23 17:10:27 - [TEST_STEP][PASSED] - if (getText().equals(Baslik)): null

2021-11-23 17:10:27 - [TEST_STEP][PASSED] - build().perform(): null

2021-11-23 17:10:28 - [TEST_STEP][PASSED] - if (getText().equals(Baslik)): null

2021-11-23 17:10:28 - [TEST_STEP][PASSED] - build().perform(): null

2021-11-23 17:10:28 - [TEST_STEP][PASSED] - if (getText().equals(Baslik)): null

2021-11-23 17:10:28 - [TEST_STEP][PASSED] - build().perform(): null

2021-11-23 17:10:28 - [TEST_STEP][PASSED] - if (getText().equals(Baslik)): null

2021-11-23 17:10:28 - [TEST_STEP][PASSED] - build().perform(): null

2021-11-23 17:10:28 - [TEST_STEP][PASSED] - if (getText().equals(Baslik)): null

2021-11-23 17:10:28 - [TEST_STEP][PASSED] - build().perform(): null

2021-11-23 17:10:28 - [TEST_STEP][PASSED] - if (getText().equals(Baslik)): null

2021-11-23 17:10:28 - [TEST_STEP][PASSED] - baslikElement = element.findElement(By.xpath("../../../..")): Smart Wait Function is triggered

2021-11-23 17:10:28 - [MESSAGE][INFO] - Smart Wait Function is triggered

2021-11-23 17:10:28 - [TEST_STEP][PASSED] - attr = baslikElement.getAttribute("id"): null

2021-11-23 17:10:29 - [TEST_STEP][PASSED] - println("girdi ve idsini aldı = " + attr): null

2021-11-23 17:10:29 - [TEST_STEP][PASSED] - break: null

2021-11-23 17:10:29 - [TEST_STEP][PASSED] - countElement = baslikElement.findElements(By.xpath("../td")): Smart Wait Function is triggered

2021-11-23 17:10:29 - [MESSAGE][INFO] - Smart Wait Function is triggered

2021-11-23 17:10:29 - [TEST_STEP][PASSED] - for (def element : countElement): null

2021-11-23 17:10:29 - [TEST_STEP][PASSED] - if (toString().equals(attr.toString())): null

2021-11-23 17:10:29 - [TEST_STEP][PASSED] - (a++): null

2021-11-23 17:10:29 - [TEST_STEP][PASSED] - if (toString().equals(attr.toString())): null

2021-11-23 17:10:29 - [TEST_STEP][PASSED] - (a++): null

2021-11-23 17:10:29 - [TEST_STEP][PASSED] - if (toString().equals(attr.toString())): null

2021-11-23 17:10:29 - [TEST_STEP][PASSED] - (a++): null

2021-11-23 17:10:29 - [TEST_STEP][PASSED] - if (toString().equals(attr.toString())): null

2021-11-23 17:10:29 - [TEST_STEP][PASSED] - (a++): null

2021-11-23 17:10:29 - [TEST_STEP][PASSED] - if (toString().equals(attr.toString())): null

2021-11-23 17:10:29 - [TEST_STEP][PASSED] - (a++): null

2021-11-23 17:10:29 - [TEST_STEP][PASSED] - if (toString().equals(attr.toString())): null

2021-11-23 17:10:29 - [TEST_STEP][PASSED] - (a++): null

2021-11-23 17:10:29 - [TEST_STEP][PASSED] - if (toString().equals(attr.toString())): null

2021-11-23 17:10:29 - [TEST_STEP][PASSED] - break: null

2021-11-23 17:10:29 - [TEST_STEP][PASSED] - son = findWebElement(findTestObject("Object Repository/Olusturma/Genel/Olusturma/EklenenSatir")).findElement(By.xpath("td[@class='dxgvInlineEditCell_LECustomTheme dxgv'][" + a + "]//td[@class='dxic']/input")): Smart Wait Function is triggered

2021-11-23 17:10:29 - [MESSAGE][INFO] - Finding Test Object 'Object Repository/Olusturma/Genel/Olusturma/EklenenSatir'

2021-11-23 17:10:29 - [MESSAGE][INFO] - Finding web element from Test Object's properties

2021-11-23 17:10:29 - [MESSAGE][INFO] - Checking timeout

2021-11-23 17:10:29 - [MESSAGE][INFO] - Finding web element with id: 'Object Repository/Olusturma/Genel/Olusturma/EklenenSatir' located by 'By.cssSelector: #divmalhizmet .dxgvInlineEditRow_LECustomTheme' in '30' second(s)

2021-11-23 17:10:29 - [MESSAGE][INFO] - Smart Wait Function is triggered

2021-11-23 17:10:29 - [MESSAGE][INFO] - Found 1 web elements with id: 'Object Repository/Olusturma/Genel/Olusturma/EklenenSatir' located by 'By.cssSelector: #divmalhizmet .dxgvInlineEditRow_LECustomTheme' in '30' second(s)

2021-11-23 17:10:29 - [MESSAGE][INFO] - Smart Wait Function is triggered

2021-11-23 17:10:30 - [TEST_STEP][PASSED] - if (!(getAttribute("value").contains("Vkn"))): null

2021-11-23 17:10:30 - [TEST_STEP][PASSED] - son.clear(): null

2021-11-23 17:10:30 - [TEST_STEP][PASSED] - son.sendKeys(Deger): null

2021-11-23 17:10:30 - [MESSAGE][PASSED] - Call Test Case 'Test Cases/Olusturma/Genel/Olusturma' successfully

2021-11-23 17:10:30 - [MESSAGE][INFO] - Checking called Test Case

2021-11-23 17:10:30 - [MESSAGE][INFO] - Starting to call Test Case 'Test Cases/Olusturma/Genel/NotGirilir'

2021-11-23 17:10:30 - [TEST_CASE][PASSED] - Test Cases/Olusturma/Genel/NotGirilir: Test Cases/Olusturma/Genel/NotGirilir

2021-11-23 17:10:30 - [TEST_STEP][PASSED] - i = 0: null

2021-11-23 17:10:30 - [TEST_STEP][PASSED] - waitForElementClickable(findTestObject("Olusturma/Genel/Not/Notlar"), 10): Object 'Object Repository/Olusturma/Genel/Not/Notlar' is clickable

2021-11-23 17:10:30 - [MESSAGE][INFO] - Finding Test Object 'Object Repository/Olusturma/Genel/Not/Notlar'

2021-11-23 17:10:30 - [MESSAGE][INFO] - Checking object

2021-11-23 17:10:30 - [MESSAGE][INFO] - Checking timeout

2021-11-23 17:10:30 - [MESSAGE][INFO] - Finding web element from Test Object's properties

2021-11-23 17:10:30 - [MESSAGE][INFO] - Checking timeout

2021-11-23 17:10:30 - [MESSAGE][INFO] - Finding web element with id: 'Object Repository/Olusturma/Genel/Not/Notlar' located by 'By.xpath: //*[@id = 'txtNote_I']' in '10' second(s)

2021-11-23 17:10:30 - [MESSAGE][INFO] - Smart Wait Function is triggered

2021-11-23 17:10:30 - [MESSAGE][INFO] - Found 1 web elements with id: 'Object Repository/Olusturma/Genel/Not/Notlar' located by 'By.xpath: //*[@id = 'txtNote_I']' in '10' second(s)

2021-11-23 17:10:30 - [MESSAGE][PASSED] - Object 'Object Repository/Olusturma/Genel/Not/Notlar' is clickable

2021-11-23 17:10:30 - [TEST_STEP][PASSED] - clearText(findTestObject("Olusturma/Genel/Not/Notlar")): Text of object 'Object Repository/Olusturma/Genel/Not/Notlar' is cleared

2021-11-23 17:10:30 - [MESSAGE][INFO] - Finding Test Object 'Object Repository/Olusturma/Genel/Not/Notlar'

2021-11-23 17:10:30 - [MESSAGE][INFO] - Checking object

2021-11-23 17:10:30 - [MESSAGE][INFO] - Finding web element from Test Object's properties

2021-11-23 17:10:30 - [MESSAGE][INFO] - Checking timeout

2021-11-23 17:10:30 - [MESSAGE][INFO] - Finding web element with id: 'Object Repository/Olusturma/Genel/Not/Notlar' located by 'By.xpath: //*[@id = 'txtNote_I']' in '30' second(s)

2021-11-23 17:10:30 - [MESSAGE][INFO] - Smart Wait Function is triggered

2021-11-23 17:10:31 - [MESSAGE][INFO] - Found 1 web elements with id: 'Object Repository/Olusturma/Genel/Not/Notlar' located by 'By.xpath: //*[@id = 'txtNote_I']' in '30' second(s)

2021-11-23 17:10:31 - [MESSAGE][INFO] - Clearing text of object 'Object Repository/Olusturma/Genel/Not/Notlar'

2021-11-23 17:10:31 - [MESSAGE][PASSED] - Text of object 'Object Repository/Olusturma/Genel/Not/Notlar' is cleared

2021-11-23 17:10:31 - [TEST_STEP][PASSED] - click(findTestObject("Olusturma/Genel/Not/Notlar")): Object: 'Object Repository/Olusturma/Genel/Not/Notlar' is clicked on

2021-11-23 17:10:31 - [MESSAGE][INFO] - Finding Test Object 'Object Repository/Olusturma/Genel/Not/Notlar'

2021-11-23 17:10:31 - [MESSAGE][INFO] - Checking object

2021-11-23 17:10:31 - [MESSAGE][INFO] - Finding web element from Test Object's properties

2021-11-23 17:10:31 - [MESSAGE][INFO] - Checking timeout

2021-11-23 17:10:31 - [MESSAGE][INFO] - Finding web element with id: 'Object Repository/Olusturma/Genel/Not/Notlar' located by 'By.xpath: //*[@id = 'txtNote_I']' in '30' second(s)

2021-11-23 17:10:31 - [MESSAGE][INFO] - Smart Wait Function is triggered

2021-11-23 17:10:31 - [MESSAGE][INFO] - Found 1 web elements with id: 'Object Repository/Olusturma/Genel/Not/Notlar' located by 'By.xpath: //*[@id = 'txtNote_I']' in '30' second(s)

2021-11-23 17:10:31 - [MESSAGE][INFO] - Clicking on object: 'Object Repository/Olusturma/Genel/Not/Notlar'

2021-11-23 17:10:31 - [MESSAGE][PASSED] - Object: 'Object Repository/Olusturma/Genel/Not/Notlar' is clicked on

2021-11-23 17:10:31 - [TEST_STEP][PASSED] - while (true): null

2021-11-23 17:10:31 - [TEST_STEP][PASSED] - delay(1): Delayed 1 second(s)

2021-11-23 17:10:31 - [MESSAGE][INFO] - Delaying browser in 1 second(s)

2021-11-23 17:10:32 - [MESSAGE][PASSED] - Delayed 1 second(s)

2021-11-23 17:10:32 - [TEST_STEP][PASSED] - ajaxIsComplete = executeJavaScript("return jQuery.active == 0", null): Execute JavaScript 'return jQuery.active == 0' successfully

2021-11-23 17:10:32 - [MESSAGE][PASSED] - Execute JavaScript 'return jQuery.active == 0' successfully

2021-11-23 17:10:32 - [TEST_STEP][PASSED] - if (ajaxIsComplete): null

2021-11-23 17:10:32 - [TEST_STEP][PASSED] - break: null

2021-11-23 17:10:32 - [TEST_STEP][PASSED] - sendKeys(findTestObject("Olusturma/Genel/Not/Notlar"), Not): Keys 'Otomasyon Not' sent to object: 'Object Repository/Olusturma/Genel/Not/Notlar'

2021-11-23 17:10:32 - [MESSAGE][INFO] - Finding Test Object 'Object Repository/Olusturma/Genel/Not/Notlar'

2021-11-23 17:10:32 - [MESSAGE][INFO] - Sending keys 'Otomasyon Not' to object: 'Object Repository/Olusturma/Genel/Not/Notlar'

2021-11-23 17:10:32 - [MESSAGE][INFO] - Finding web element from Test Object's properties

2021-11-23 17:10:32 - [MESSAGE][INFO] - Checking timeout

2021-11-23 17:10:32 - [MESSAGE][INFO] - Finding web element with id: 'Object Repository/Olusturma/Genel/Not/Notlar' located by 'By.xpath: //*[@id = 'txtNote_I']' in '30' second(s)

2021-11-23 17:10:32 - [MESSAGE][INFO] - Smart Wait Function is triggered

2021-11-23 17:10:32 - [MESSAGE][INFO] - Found 1 web elements with id: 'Object Repository/Olusturma/Genel/Not/Notlar' located by 'By.xpath: //*[@id = 'txtNote_I']' in '30' second(s)

2021-11-23 17:10:33 - [MESSAGE][PASSED] - Keys 'Otomasyon Not' sent to object: 'Object Repository/Olusturma/Genel/Not/Notlar'

2021-11-23 17:10:33 - [MESSAGE][PASSED] - Call Test Case 'Test Cases/Olusturma/Genel/NotGirilir' successfully

2021-11-23 17:10:33 - [MESSAGE][INFO] - Checking called Test Case

2021-11-23 17:10:33 - [MESSAGE][INFO] - Starting to call Test Case 'Test Cases/Olusturma/Genel/EttnBilgisiKayitEdilir'

2021-11-23 17:10:33 - [TEST_CASE][PASSED] - Test Cases/Olusturma/Genel/EttnBilgisiKayitEdilir: Test Cases/Olusturma/Genel/EttnBilgisiKayitEdilir

2021-11-23 17:10:33 - [TEST_STEP][PASSED] - verifyElementPresent(findTestObject("Object Repository/Olusturma/Genel/Olusturma/eArsivEttnBilgisi"), 7): Object 'Object Repository/Olusturma/Genel/Olusturma/eArsivEttnBilgisi' is present

2021-11-23 17:10:33 - [MESSAGE][INFO] - Finding Test Object 'Object Repository/Olusturma/Genel/Olusturma/eArsivEttnBilgisi'

2021-11-23 17:10:33 - [MESSAGE][INFO] - Checking object

2021-11-23 17:10:33 - [MESSAGE][INFO] - Finding web element from Test Object's properties

2021-11-23 17:10:33 - [MESSAGE][INFO] - Checking timeout

2021-11-23 17:10:33 - [MESSAGE][INFO] - Finding web element with id: 'Object Repository/Olusturma/Genel/Olusturma/eArsivEttnBilgisi' located by 'By.xpath: //*[@id = 'Uuid_I']' in '7' second(s)

2021-11-23 17:10:33 - [MESSAGE][INFO] - Smart Wait Function is triggered

2021-11-23 17:10:33 - [MESSAGE][INFO] - Found 1 web elements with id: 'Object Repository/Olusturma/Genel/Olusturma/eArsivEttnBilgisi' located by 'By.xpath: //*[@id = 'Uuid_I']' in '7' second(s)

2021-11-23 17:10:33 - [MESSAGE][PASSED] - Object 'Object Repository/Olusturma/Genel/Olusturma/eArsivEttnBilgisi' is present

2021-11-23 17:10:33 - [TEST_STEP][PASSED] - ettn = getAttribute(findTestObject("Object Repository/Olusturma/Genel/Olusturma/eArsivEttnBilgisi"), "value"): Attribute 'value' of object 'Object Repository/Olusturma/Genel/Olusturma/eArsivEttnBilgisi' is: 'e2dffb96-580b-4612-a8a1-1663bd54e6c2'

2021-11-23 17:10:33 - [MESSAGE][INFO] - Finding Test Object 'Object Repository/Olusturma/Genel/Olusturma/eArsivEttnBilgisi'

2021-11-23 17:10:33 - [MESSAGE][INFO] - Checking object

2021-11-23 17:10:33 - [MESSAGE][INFO] - Checking attribute

2021-11-23 17:10:33 - [MESSAGE][INFO] - Finding web element from Test Object's properties

2021-11-23 17:10:33 - [MESSAGE][INFO] - Checking timeout

2021-11-23 17:10:33 - [MESSAGE][INFO] - Finding web element with id: 'Object Repository/Olusturma/Genel/Olusturma/eArsivEttnBilgisi' located by 'By.xpath: //*[@id = 'Uuid_I']' in '30' second(s)

2021-11-23 17:10:33 - [MESSAGE][INFO] - Smart Wait Function is triggered

2021-11-23 17:10:33 - [MESSAGE][INFO] - Found 1 web elements with id: 'Object Repository/Olusturma/Genel/Olusturma/eArsivEttnBilgisi' located by 'By.xpath: //*[@id = 'Uuid_I']' in '30' second(s)

2021-11-23 17:10:33 - [MESSAGE][INFO] - Getting attribute 'value' of object 'Object Repository/Olusturma/Genel/Olusturma/eArsivEttnBilgisi'

2021-11-23 17:10:33 - [MESSAGE][PASSED] - Attribute 'value' of object 'Object Repository/Olusturma/Genel/Olusturma/eArsivEttnBilgisi' is: 'e2dffb96-580b-4612-a8a1-1663bd54e6c2'

2021-11-23 17:10:33 - [MESSAGE][PASSED] - Call Test Case 'Test Cases/Olusturma/Genel/EttnBilgisiKayitEdilir' successfully

2021-11-23 17:10:33 - [MESSAGE][INFO] - Checking called Test Case

2021-11-23 17:10:33 - [MESSAGE][INFO] - Starting to call Test Case 'Test Cases/Olusturma/Genel/KaydetButonunaTiklanir'

2021-11-23 17:10:34 - [TEST_CASE][PASSED] - Test Cases/Olusturma/Genel/KaydetButonunaTiklanir: Test Cases/Olusturma/Genel/KaydetButonunaTiklanir

2021-11-23 17:10:34 - [TEST_STEP][PASSED] - i = 0: null

2021-11-23 17:10:34 - [TEST_STEP][PASSED] - waitForElementPresent(findTestObject("Olusturma/Genel/Not/Notlar"), 10): Object 'Object Repository/Olusturma/Genel/Not/Notlar' is present

2021-11-23 17:10:34 - [MESSAGE][INFO] - Finding Test Object 'Object Repository/Olusturma/Genel/Not/Notlar'

2021-11-23 17:10:34 - [MESSAGE][INFO] - Checking object

2021-11-23 17:10:34 - [MESSAGE][INFO] - Finding web element from Test Object's properties

2021-11-23 17:10:34 - [MESSAGE][INFO] - Checking timeout

2021-11-23 17:10:34 - [MESSAGE][INFO] - Finding web element with id: 'Object Repository/Olusturma/Genel/Not/Notlar' located by 'By.xpath: //*[@id = 'txtNote_I']' in '10' second(s)

2021-11-23 17:10:34 - [MESSAGE][INFO] - Smart Wait Function is triggered

2021-11-23 17:10:34 - [MESSAGE][INFO] - Found 1 web elements with id: 'Object Repository/Olusturma/Genel/Not/Notlar' located by 'By.xpath: //*[@id = 'txtNote_I']' in '10' second(s)

2021-11-23 17:10:34 - [MESSAGE][PASSED] - Object 'Object Repository/Olusturma/Genel/Not/Notlar' is present

2021-11-23 17:10:34 - [TEST_STEP][PASSED] - click(findTestObject("Olusturma/Genel/Not/Notlar")): Object: 'Object Repository/Olusturma/Genel/Not/Notlar' is clicked on

2021-11-23 17:10:34 - [MESSAGE][INFO] - Finding Test Object 'Object Repository/Olusturma/Genel/Not/Notlar'

2021-11-23 17:10:34 - [MESSAGE][INFO] - Checking object

2021-11-23 17:10:34 - [MESSAGE][INFO] - Finding web element from Test Object's properties

2021-11-23 17:10:34 - [MESSAGE][INFO] - Checking timeout

2021-11-23 17:10:34 - [MESSAGE][INFO] - Finding web element with id: 'Object Repository/Olusturma/Genel/Not/Notlar' located by 'By.xpath: //*[@id = 'txtNote_I']' in '30' second(s)

2021-11-23 17:10:34 - [MESSAGE][INFO] - Smart Wait Function is triggered

2021-11-23 17:10:34 - [MESSAGE][INFO] - Found 1 web elements with id: 'Object Repository/Olusturma/Genel/Not/Notlar' located by 'By.xpath: //*[@id = 'txtNote_I']' in '30' second(s)

2021-11-23 17:10:34 - [MESSAGE][INFO] - Clicking on object: 'Object Repository/Olusturma/Genel/Not/Notlar'

2021-11-23 17:10:34 - [MESSAGE][PASSED] - Object: 'Object Repository/Olusturma/Genel/Not/Notlar' is clicked on

2021-11-23 17:10:34 - [TEST_STEP][PASSED] - while (true): null

2021-11-23 17:10:34 - [TEST_STEP][PASSED] - delay(1): Delayed 1 second(s)

2021-11-23 17:10:34 - [MESSAGE][INFO] - Delaying browser in 1 second(s)

2021-11-23 17:10:35 - [MESSAGE][PASSED] - Delayed 1 second(s)

2021-11-23 17:10:35 - [TEST_STEP][PASSED] - ajaxIsComplete = executeJavaScript("return jQuery.active == 0", null): Execute JavaScript 'return jQuery.active == 0' successfully

2021-11-23 17:10:35 - [MESSAGE][PASSED] - Execute JavaScript 'return jQuery.active == 0' successfully

2021-11-23 17:10:35 - [TEST_STEP][PASSED] - if (ajaxIsComplete): null

2021-11-23 17:10:35 - [TEST_STEP][PASSED] - break: null

2021-11-23 17:10:35 - [TEST_STEP][PASSED] - waitForElementClickable(findTestObject("Object Repository/Olusturma/Genel/Buton"), 10): Object 'Object Repository/Olusturma/Genel/Buton' is clickable

2021-11-23 17:10:35 - [MESSAGE][INFO] - Finding Test Object 'Object Repository/Olusturma/Genel/Buton'

2021-11-23 17:10:35 - [MESSAGE][INFO] - Checking object

2021-11-23 17:10:35 - [MESSAGE][INFO] - Checking timeout

2021-11-23 17:10:35 - [MESSAGE][INFO] - Finding web element from Test Object's properties

2021-11-23 17:10:35 - [MESSAGE][INFO] - Checking timeout

2021-11-23 17:10:35 - [MESSAGE][INFO] - Finding web element with id: 'Object Repository/Olusturma/Genel/Buton' located by 'By.xpath: //*[@id = 'btnKaydet']' in '10' second(s)

2021-11-23 17:10:35 - [MESSAGE][INFO] - Smart Wait Function is triggered

2021-11-23 17:10:36 - [MESSAGE][INFO] - Found 1 web elements with id: 'Object Repository/Olusturma/Genel/Buton' located by 'By.xpath: //*[@id = 'btnKaydet']' in '10' second(s)

2021-11-23 17:10:36 - [MESSAGE][PASSED] - Object 'Object Repository/Olusturma/Genel/Buton' is clickable

2021-11-23 17:10:36 - [TEST_STEP][PASSED] - click(findTestObject("Object Repository/Olusturma/Genel/Buton")): Object: 'Object Repository/Olusturma/Genel/Buton' is clicked on

2021-11-23 17:10:36 - [MESSAGE][INFO] - Finding Test Object 'Object Repository/Olusturma/Genel/Buton'

2021-11-23 17:10:36 - [MESSAGE][INFO] - Checking object

2021-11-23 17:10:36 - [MESSAGE][INFO] - Finding web element from Test Object's properties

2021-11-23 17:10:36 - [MESSAGE][INFO] - Checking timeout

2021-11-23 17:10:36 - [MESSAGE][INFO] - Finding web element with id: 'Object Repository/Olusturma/Genel/Buton' located by 'By.xpath: //*[@id = 'btnKaydet']' in '30' second(s)

2021-11-23 17:10:36 - [MESSAGE][INFO] - Smart Wait Function is triggered

2021-11-23 17:10:36 - [MESSAGE][INFO] - Found 1 web elements with id: 'Object Repository/Olusturma/Genel/Buton' located by 'By.xpath: //*[@id = 'btnKaydet']' in '30' second(s)

2021-11-23 17:10:36 - [MESSAGE][INFO] - Clicking on object: 'Object Repository/Olusturma/Genel/Buton'

2021-11-23 17:10:37 - [MESSAGE][PASSED] - Object: 'Object Repository/Olusturma/Genel/Buton' is clicked on

2021-11-23 17:10:37 - [MESSAGE][PASSED] - Call Test Case 'Test Cases/Olusturma/Genel/KaydetButonunaTiklanir' successfully

2021-11-23 17:10:37 - [MESSAGE][INFO] - Checking called Test Case

2021-11-23 17:10:37 - [MESSAGE][INFO] - Starting to call Test Case 'Test Cases/Tablo/TablodaEttnliVeriOlusturulduMu'

2021-11-23 17:10:37 - [TEST_CASE][PASSED] - Test Cases/Tablo/TablodaEttnliVeriOlusturulduMu: Test Cases/Tablo/TablodaEttnliVeriOlusturulduMu

2021-11-23 17:10:37 - [TEST_STEP][PASSED] - Method.TextDegerineEsitElementVarMi(findTestObject("Tablo/OlusturulanVeri"), ettn): Method.TextDegerineEsitElementVarMi is PASSED

2021-11-23 17:10:37 - [MESSAGE][INFO] - Finding Test Object 'Object Repository/Tablo/OlusturulanVeri'

2021-11-23 17:10:37 - [MESSAGE][INFO] - Checking timeout

2021-11-23 17:10:37 - [MESSAGE][INFO] - Finding web element with id: 'Object Repository/Tablo/OlusturulanVeri' located by 'By.cssSelector: table.dxgvTable_LECustomTheme>tbody>tr:nth-child(3)>td.dxgv b,table.dxgvTable_LECustomTheme>tbody>tr:nth-child(3)>td.dxgv' in '10' second(s)

2021-11-23 17:10:37 - [MESSAGE][INFO] - Smart Wait Function is triggered

2021-11-23 17:10:38 - [MESSAGE][INFO] - Found 10 web elements with id: 'Object Repository/Tablo/OlusturulanVeri' located by 'By.cssSelector: table.dxgvTable_LECustomTheme>tbody>tr:nth-child(3)>td.dxgv b,table.dxgvTable_LECustomTheme>tbody>tr:nth-child(3)>td.dxgv' in '10' second(s)

2021-11-23 17:10:38 - [MESSAGE][PASSED] - Method.TextDegerineEsitElementVarMi is PASSED

2021-11-23 17:10:38 - [MESSAGE][PASSED] - Call Test Case 'Test Cases/Tablo/TablodaEttnliVeriOlusturulduMu' successfully

2021-11-23 17:10:38 - [MESSAGE][INFO] - Checking called Test Case

2021-11-23 17:10:38 - [MESSAGE][INFO] - Starting to call Test Case 'Test Cases/Tablo/TablodanEttnliVeriSec'

2021-11-23 17:10:38 - [TEST_CASE][PASSED] - Test Cases/Tablo/TablodanEttnliVeriSec: Test Cases/Tablo/TablodanEttnliVeriSec

2021-11-23 17:10:38 - [TEST_STEP][PASSED] - Method.TextDegerineEsitElementinAltindakineTikla(findTestObject("Tablo/Veriler"), findTestObject("Tablo/VerininCheckBoxi"), ettn): Method.TextDegerineEsitElementinAltindakineTikla is PASSED

2021-11-23 17:10:38 - [MESSAGE][INFO] - Finding Test Object 'Object Repository/Tablo/Veriler'

2021-11-23 17:10:38 - [MESSAGE][INFO] - Finding Test Object 'Object Repository/Tablo/VerininCheckBoxi'

2021-11-23 17:10:38 - [MESSAGE][INFO] - Checking timeout

2021-11-23 17:10:38 - [MESSAGE][INFO] - Finding web element with id: 'Object Repository/Tablo/Veriler' located by 'By.cssSelector: td.dxgv b ,td.dxgv' in '10' second(s)

2021-11-23 17:10:38 - [MESSAGE][INFO] - Smart Wait Function is triggered

2021-11-23 17:10:38 - [MESSAGE][INFO] - Found 30 web elements with id: 'Object Repository/Tablo/Veriler' located by 'By.cssSelector: td.dxgv b ,td.dxgv' in '10' second(s)

2021-11-23 17:10:38 - [MESSAGE][INFO] - Smart Wait Function is triggered

2021-11-23 17:10:39 - [MESSAGE][PASSED] - Method.TextDegerineEsitElementinAltindakineTikla is PASSED

2021-11-23 17:10:39 - [MESSAGE][PASSED] - Call Test Case 'Test Cases/Tablo/TablodanEttnliVeriSec' successfully

2021-11-23 17:10:39 - [MESSAGE][INFO] - Checking called Test Case

2021-11-23 17:10:39 - [MESSAGE][INFO] - Starting to call Test Case 'Test Cases/Butonlar/ButonaTikla'

2021-11-23 17:10:39 - [TEST_CASE][PASSED] - Test Cases/Butonlar/ButonaTikla: Test Cases/Butonlar/ButonaTikla

2021-11-23 17:10:39 - [TEST_STEP][PASSED] - Method.TextDegerineEsitElementeTiklaEquals(findTestObject("Butonlar/Butonlar"), Buton_Adi): Method.TextDegerineEsitElementeTiklaEquals is PASSED

2021-11-23 17:10:39 - [MESSAGE][INFO] - Finding Test Object 'Object Repository/Butonlar/Butonlar'

2021-11-23 17:10:39 - [MESSAGE][INFO] - Checking timeout

2021-11-23 17:10:39 - [MESSAGE][INFO] - Finding web element with id: 'Object Repository/Butonlar/Butonlar' located by 'By.cssSelector: .panel.panel-default.text-center.footerPanel .btn,.btn.btn-primary.btnControls' in '10' second(s)

2021-11-23 17:10:39 - [MESSAGE][INFO] - Smart Wait Function is triggered

2021-11-23 17:10:39 - [MESSAGE][INFO] - Found 7 web elements with id: 'Object Repository/Butonlar/Butonlar' located by 'By.cssSelector: .panel.panel-default.text-center.footerPanel .btn,.btn.btn-primary.btnControls' in '10' second(s)

2021-11-23 17:10:39 - [MESSAGE][PASSED] - Method.TextDegerineEsitElementeTiklaEquals is PASSED

2021-11-23 17:10:39 - [MESSAGE][PASSED] - Call Test Case 'Test Cases/Butonlar/ButonaTikla' successfully

2021-11-23 17:10:39 - [MESSAGE][INFO] - Checking called Test Case

2021-11-23 17:10:39 - [MESSAGE][INFO] - Starting to call Test Case 'Test Cases/Popup/PopupMesajiIceriyorMu'

2021-11-23 17:10:39 - [TEST_CASE][PASSED] - Test Cases/Popup/PopupMesajiIceriyorMu: Test Cases/Popup/PopupMesajiIceriyorMu

2021-11-23 17:10:39 - [TEST_STEP][PASSED] - waitForElementVisible(findTestObject("Popup/Popup"), 10): Object 'Object Repository/Popup/Popup' is visible

2021-11-23 17:10:39 - [MESSAGE][INFO] - Finding Test Object 'Object Repository/Popup/Popup'

2021-11-23 17:10:40 - [MESSAGE][INFO] - Checking object

2021-11-23 17:10:40 - [MESSAGE][INFO] - Checking timeout

2021-11-23 17:10:40 - [MESSAGE][INFO] - Finding web element from Test Object's properties

2021-11-23 17:10:40 - [MESSAGE][INFO] - Checking timeout

2021-11-23 17:10:40 - [MESSAGE][INFO] - Finding web element with id: 'Object Repository/Popup/Popup' located by 'By.cssSelector: .bootbox-body' in '10' second(s)

2021-11-23 17:10:40 - [MESSAGE][INFO] - Smart Wait Function is triggered

2021-11-23 17:10:40 - [MESSAGE][INFO] - Found 1 web elements with id: 'Object Repository/Popup/Popup' located by 'By.cssSelector: .bootbox-body' in '10' second(s)

2021-11-23 17:10:40 - [MESSAGE][PASSED] - Object 'Object Repository/Popup/Popup' is visible

2021-11-23 17:10:40 - [TEST_STEP][PASSED] - if (!(getText(findTestObject("Popup/Popup")).contains(Mesaj))): Text of object 'Object Repository/Popup/Popup' is: 'Oluşturulacak makbuz numarası : EMM2021000000476 Makbuz numarası oluşturulduktan sonra makbuz silinemez. Makbuz numarası, tarihi ve ön eki değiştirilemez. Devam etmek istiyor musunuz?'

2021-11-23 17:10:40 - [MESSAGE][INFO] - Finding Test Object 'Object Repository/Popup/Popup'

2021-11-23 17:10:40 - [MESSAGE][INFO] - Checking object

2021-11-23 17:10:40 - [MESSAGE][INFO] - Finding web element from Test Object's properties

2021-11-23 17:10:40 - [MESSAGE][INFO] - Checking timeout

2021-11-23 17:10:40 - [MESSAGE][INFO] - Finding web element with id: 'Object Repository/Popup/Popup' located by 'By.cssSelector: .bootbox-body' in '30' second(s)

2021-11-23 17:10:40 - [MESSAGE][INFO] - Smart Wait Function is triggered

2021-11-23 17:10:41 - [MESSAGE][INFO] - Found 1 web elements with id: 'Object Repository/Popup/Popup' located by 'By.cssSelector: .bootbox-body' in '30' second(s)

2021-11-23 17:10:41 - [MESSAGE][INFO] - Getting text of object 'Object Repository/Popup/Popup'

2021-11-23 17:10:41 - [MESSAGE][PASSED] - Text of object 'Object Repository/Popup/Popup' is: 'Oluşturulacak makbuz numarası : EMM2021000000476 Makbuz numarası oluşturulduktan sonra makbuz silinemez. Makbuz numarası, tarihi ve ön eki değiştirilemez. Devam etmek istiyor musunuz?'

2021-11-23 17:10:41 - [TEST_STEP][PASSED] - RaporNo = getText(findTestObject("Popup/Popup")).substring(0, 6): Text of object 'Object Repository/Popup/Popup' is: 'Oluşturulacak makbuz numarası : EMM2021000000476 Makbuz numarası oluşturulduktan sonra makbuz silinemez. Makbuz numarası, tarihi ve ön eki değiştirilemez. Devam etmek istiyor musunuz?'

2021-11-23 17:10:41 - [MESSAGE][INFO] - Finding Test Object 'Object Repository/Popup/Popup'

2021-11-23 17:10:41 - [MESSAGE][INFO] - Checking object

2021-11-23 17:10:41 - [MESSAGE][INFO] - Finding web element from Test Object's properties

2021-11-23 17:10:41 - [MESSAGE][INFO] - Checking timeout

2021-11-23 17:10:41 - [MESSAGE][INFO] - Finding web element with id: 'Object Repository/Popup/Popup' located by 'By.cssSelector: .bootbox-body' in '30' second(s)

2021-11-23 17:10:41 - [MESSAGE][INFO] - Smart Wait Function is triggered

2021-11-23 17:10:41 - [MESSAGE][INFO] - Found 1 web elements with id: 'Object Repository/Popup/Popup' located by 'By.cssSelector: .bootbox-body' in '30' second(s)

2021-11-23 17:10:41 - [MESSAGE][INFO] - Getting text of object 'Object Repository/Popup/Popup'

2021-11-23 17:10:41 - [MESSAGE][PASSED] - Text of object 'Object Repository/Popup/Popup' is: 'Oluşturulacak makbuz numarası : EMM2021000000476 Makbuz numarası oluşturulduktan sonra makbuz silinemez. Makbuz numarası, tarihi ve ön eki değiştirilemez. Devam etmek istiyor musunuz?'

2021-11-23 17:10:41 - [TEST_STEP][PASSED] - Console.println(RaporNo): null

2021-11-23 17:10:41 - [MESSAGE][PASSED] - Call Test Case 'Test Cases/Popup/PopupMesajiIceriyorMu' successfully

2021-11-23 17:10:41 - [MESSAGE][INFO] - Checking called Test Case

2021-11-23 17:10:41 - [MESSAGE][INFO] - Starting to call Test Case 'Test Cases/Popup/PopupButonSecilir'

2021-11-23 17:10:41 - [TEST_CASE][PASSED] - Test Cases/Popup/PopupButonSecilir: Test Cases/Popup/PopupButonSecilir

2021-11-23 17:10:41 - [TEST_STEP][PASSED] - Method.TextDegerineEsitElementeTikla(findTestObject("Popup/Popup_Butons"), Buton): Method.TextDegerineEsitElementeTikla is PASSED

2021-11-23 17:10:41 - [MESSAGE][INFO] - Finding Test Object 'Object Repository/Popup/Popup_Butons'

2021-11-23 17:10:41 - [MESSAGE][INFO] - Checking timeout

2021-11-23 17:10:41 - [MESSAGE][INFO] - Finding web element with id: 'Object Repository/Popup/Popup_Butons' located by 'By.cssSelector: .modal-footer>button' in '10' second(s)

2021-11-23 17:10:41 - [MESSAGE][INFO] - Smart Wait Function is triggered

2021-11-23 17:10:42 - [MESSAGE][INFO] - Found 2 web elements with id: 'Object Repository/Popup/Popup_Butons' located by 'By.cssSelector: .modal-footer>button' in '10' second(s)

2021-11-23 17:10:42 - [MESSAGE][PASSED] - Method.TextDegerineEsitElementeTikla is PASSED

2021-11-23 17:10:42 - [MESSAGE][PASSED] - Call Test Case 'Test Cases/Popup/PopupButonSecilir' successfully

2021-11-23 17:10:42 - [MESSAGE][INFO] - Checking called Test Case

2021-11-23 17:10:42 - [MESSAGE][INFO] - Starting to call Test Case 'Test Cases/Popup/PopupMesajiIceriyorMu'

2021-11-23 17:10:42 - [TEST_CASE][PASSED] - Test Cases/Popup/PopupMesajiIceriyorMu: Test Cases/Popup/PopupMesajiIceriyorMu

2021-11-23 17:10:42 - [TEST_STEP][PASSED] - waitForElementVisible(findTestObject("Popup/Popup"), 10): Object 'Object Repository/Popup/Popup' is visible

2021-11-23 17:10:42 - [MESSAGE][INFO] - Finding Test Object 'Object Repository/Popup/Popup'

2021-11-23 17:10:42 - [MESSAGE][INFO] - Checking object

2021-11-23 17:10:42 - [MESSAGE][INFO] - Checking timeout

2021-11-23 17:10:42 - [MESSAGE][INFO] - Finding web element from Test Object's properties

2021-11-23 17:10:42 - [MESSAGE][INFO] - Checking timeout

2021-11-23 17:10:42 - [MESSAGE][INFO] - Finding web element with id: 'Object Repository/Popup/Popup' located by 'By.cssSelector: .bootbox-body' in '10' second(s)

2021-11-23 17:10:42 - [MESSAGE][INFO] - Smart Wait Function is triggered

2021-11-23 17:10:43 - [MESSAGE][INFO] - Found 1 web elements with id: 'Object Repository/Popup/Popup' located by 'By.cssSelector: .bootbox-body' in '10' second(s)

2021-11-23 17:10:43 - [MESSAGE][PASSED] - Object 'Object Repository/Popup/Popup' is visible

2021-11-23 17:10:43 - [TEST_STEP][PASSED] - if (!(getText(findTestObject("Popup/Popup")).contains(Mesaj))): Text of object 'Object Repository/Popup/Popup' is: 'Makbuz numaranız EMM2021000000476 olarak oluşmuştur.'

2021-11-23 17:10:43 - [MESSAGE][INFO] - Finding Test Object 'Object Repository/Popup/Popup'

2021-11-23 17:10:43 - [MESSAGE][INFO] - Checking object

2021-11-23 17:10:43 - [MESSAGE][INFO] - Finding web element from Test Object's properties

2021-11-23 17:10:43 - [MESSAGE][INFO] - Checking timeout

2021-11-23 17:10:43 - [MESSAGE][INFO] - Finding web element with id: 'Object Repository/Popup/Popup' located by 'By.cssSelector: .bootbox-body' in '30' second(s)

2021-11-23 17:10:43 - [MESSAGE][INFO] - Smart Wait Function is triggered

2021-11-23 17:10:43 - [MESSAGE][INFO] - Found 1 web elements with id: 'Object Repository/Popup/Popup' located by 'By.cssSelector: .bootbox-body' in '30' second(s)

2021-11-23 17:10:43 - [MESSAGE][INFO] - Getting text of object 'Object Repository/Popup/Popup'

2021-11-23 17:10:43 - [MESSAGE][PASSED] - Text of object 'Object Repository/Popup/Popup' is: 'Makbuz numaranız EMM2021000000476 olarak oluşmuştur.'

2021-11-23 17:10:43 - [TEST_STEP][PASSED] - RaporNo = getText(findTestObject("Popup/Popup")).substring(0, 6): Text of object 'Object Repository/Popup/Popup' is: 'Makbuz numaranız EMM2021000000476 olarak oluşmuştur.'

2021-11-23 17:10:43 - [MESSAGE][INFO] - Finding Test Object 'Object Repository/Popup/Popup'

2021-11-23 17:10:43 - [MESSAGE][INFO] - Checking object

2021-11-23 17:10:43 - [MESSAGE][INFO] - Finding web element from Test Object's properties

2021-11-23 17:10:43 - [MESSAGE][INFO] - Checking timeout

2021-11-23 17:10:43 - [MESSAGE][INFO] - Finding web element with id: 'Object Repository/Popup/Popup' located by 'By.cssSelector: .bootbox-body' in '30' second(s)

2021-11-23 17:10:43 - [MESSAGE][INFO] - Smart Wait Function is triggered

2021-11-23 17:10:44 - [MESSAGE][INFO] - Found 1 web elements with id: 'Object Repository/Popup/Popup' located by 'By.cssSelector: .bootbox-body' in '30' second(s)

2021-11-23 17:10:44 - [MESSAGE][INFO] - Getting text of object 'Object Repository/Popup/Popup'

2021-11-23 17:10:44 - [MESSAGE][PASSED] - Text of object 'Object Repository/Popup/Popup' is: 'Makbuz numaranız EMM2021000000476 olarak oluşmuştur.'

2021-11-23 17:10:44 - [TEST_STEP][PASSED] - Console.println(RaporNo): null

2021-11-23 17:10:44 - [MESSAGE][PASSED] - Call Test Case 'Test Cases/Popup/PopupMesajiIceriyorMu' successfully

2021-11-23 17:10:44 - [MESSAGE][INFO] - Checking called Test Case

2021-11-23 17:10:44 - [MESSAGE][INFO] - Starting to call Test Case 'Test Cases/Popup/PopupButonSecilir'

2021-11-23 17:10:44 - [TEST_CASE][PASSED] - Test Cases/Popup/PopupButonSecilir: Test Cases/Popup/PopupButonSecilir

2021-11-23 17:10:44 - [TEST_STEP][PASSED] - Method.TextDegerineEsitElementeTikla(findTestObject("Popup/Popup_Butons"), Buton): Method.TextDegerineEsitElementeTikla is PASSED

2021-11-23 17:10:44 - [MESSAGE][INFO] - Finding Test Object 'Object Repository/Popup/Popup_Butons'

2021-11-23 17:10:44 - [MESSAGE][INFO] - Checking timeout

2021-11-23 17:10:44 - [MESSAGE][INFO] - Finding web element with id: 'Object Repository/Popup/Popup_Butons' located by 'By.cssSelector: .modal-footer>button' in '10' second(s)

2021-11-23 17:10:44 - [MESSAGE][INFO] - Smart Wait Function is triggered

2021-11-23 17:10:44 - [MESSAGE][INFO] - Found 1 web elements with id: 'Object Repository/Popup/Popup_Butons' located by 'By.cssSelector: .modal-footer>button' in '10' second(s)

2021-11-23 17:10:44 - [MESSAGE][PASSED] - Method.TextDegerineEsitElementeTikla is PASSED

2021-11-23 17:10:44 - [MESSAGE][PASSED] - Call Test Case 'Test Cases/Popup/PopupButonSecilir' successfully

2021-11-23 17:10:44 - [MESSAGE][INFO] - Checking called Test Case

2021-11-23 17:10:44 - [MESSAGE][INFO] - Starting to call Test Case 'Test Cases/Tablo/TablodanEttnliVeriSec'

2021-11-23 17:10:44 - [TEST_CASE][PASSED] - Test Cases/Tablo/TablodanEttnliVeriSec: Test Cases/Tablo/TablodanEttnliVeriSec

2021-11-23 17:10:44 - [TEST_STEP][PASSED] - Method.TextDegerineEsitElementinAltindakineTikla(findTestObject("Tablo/Veriler"), findTestObject("Tablo/VerininCheckBoxi"), ettn): Method.TextDegerineEsitElementinAltindakineTikla is PASSED

2021-11-23 17:10:44 - [MESSAGE][INFO] - Finding Test Object 'Object Repository/Tablo/Veriler'

2021-11-23 17:10:45 - [MESSAGE][INFO] - Finding Test Object 'Object Repository/Tablo/VerininCheckBoxi'

2021-11-23 17:10:45 - [MESSAGE][INFO] - Checking timeout

2021-11-23 17:10:45 - [MESSAGE][INFO] - Finding web element with id: 'Object Repository/Tablo/Veriler' located by 'By.cssSelector: td.dxgv b ,td.dxgv' in '10' second(s)

2021-11-23 17:10:45 - [MESSAGE][INFO] - Smart Wait Function is triggered

2021-11-23 17:10:45 - [MESSAGE][INFO] - Found 30 web elements with id: 'Object Repository/Tablo/Veriler' located by 'By.cssSelector: td.dxgv b ,td.dxgv' in '10' second(s)

2021-11-23 17:10:45 - [MESSAGE][INFO] - Smart Wait Function is triggered

2021-11-23 17:10:46 - [MESSAGE][PASSED] - Method.TextDegerineEsitElementinAltindakineTikla is PASSED

2021-11-23 17:10:46 - [MESSAGE][PASSED] - Call Test Case 'Test Cases/Tablo/TablodanEttnliVeriSec' successfully

2021-11-23 17:10:46 - [MESSAGE][INFO] - Checking called Test Case

2021-11-23 17:10:46 - [MESSAGE][INFO] - Starting to call Test Case 'Test Cases/Butonlar/ButonaTikla'

2021-11-23 17:10:46 - [TEST_CASE][PASSED] - Test Cases/Butonlar/ButonaTikla: Test Cases/Butonlar/ButonaTikla

2021-11-23 17:10:46 - [TEST_STEP][PASSED] - Method.TextDegerineEsitElementeTiklaEquals(findTestObject("Butonlar/Butonlar"), Buton_Adi): Method.TextDegerineEsitElementeTiklaEquals is PASSED

2021-11-23 17:10:46 - [MESSAGE][INFO] - Finding Test Object 'Object Repository/Butonlar/Butonlar'

2021-11-23 17:10:46 - [MESSAGE][INFO] - Checking timeout

2021-11-23 17:10:46 - [MESSAGE][INFO] - Finding web element with id: 'Object Repository/Butonlar/Butonlar' located by 'By.cssSelector: .panel.panel-default.text-center.footerPanel .btn,.btn.btn-primary.btnControls' in '10' second(s)

2021-11-23 17:10:46 - [MESSAGE][INFO] - Smart Wait Function is triggered

2021-11-23 17:10:46 - [MESSAGE][INFO] - Found 7 web elements with id: 'Object Repository/Butonlar/Butonlar' located by 'By.cssSelector: .panel.panel-default.text-center.footerPanel .btn,.btn.btn-primary.btnControls' in '10' second(s)

2021-11-23 17:10:46 - [MESSAGE][PASSED] - Method.TextDegerineEsitElementeTiklaEquals is PASSED

2021-11-23 17:10:46 - [MESSAGE][PASSED] - Call Test Case 'Test Cases/Butonlar/ButonaTikla' successfully

2021-11-23 17:10:46 - [MESSAGE][INFO] - Checking called Test Case

2021-11-23 17:10:46 - [MESSAGE][INFO] - Starting to call Test Case 'Test Cases/Popup/PopupMesajiIceriyorMu'

2021-11-23 17:10:47 - [TEST_CASE][PASSED] - Test Cases/Popup/PopupMesajiIceriyorMu: Test Cases/Popup/PopupMesajiIceriyorMu

2021-11-23 17:10:47 - [TEST_STEP][PASSED] - waitForElementVisible(findTestObject("Popup/Popup"), 10): Object 'Object Repository/Popup/Popup' is visible

2021-11-23 17:10:47 - [MESSAGE][INFO] - Finding Test Object 'Object Repository/Popup/Popup'

2021-11-23 17:10:47 - [MESSAGE][INFO] - Checking object

2021-11-23 17:10:47 - [MESSAGE][INFO] - Checking timeout

2021-11-23 17:10:47 - [MESSAGE][INFO] - Finding web element from Test Object's properties

2021-11-23 17:10:47 - [MESSAGE][INFO] - Checking timeout

2021-11-23 17:10:47 - [MESSAGE][INFO] - Finding web element with id: 'Object Repository/Popup/Popup' located by 'By.cssSelector: .bootbox-body' in '10' second(s)

2021-11-23 17:10:47 - [MESSAGE][INFO] - Smart Wait Function is triggered

2021-11-23 17:10:47 - [MESSAGE][INFO] - Found 1 web elements with id: 'Object Repository/Popup/Popup' located by 'By.cssSelector: .bootbox-body' in '10' second(s)

2021-11-23 17:10:47 - [MESSAGE][PASSED] - Object 'Object Repository/Popup/Popup' is visible

2021-11-23 17:10:47 - [TEST_STEP][PASSED] - if (!(getText(findTestObject("Popup/Popup")).contains(Mesaj))): Text of object 'Object Repository/Popup/Popup' is: 'EMM serisi için onaylanmamış belge(leri)niz bulunmaktadır.
Devam etmek istiyor musunuz?'

2021-11-23 17:10:47 - [MESSAGE][INFO] - Finding Test Object 'Object Repository/Popup/Popup'

2021-11-23 17:10:47 - [MESSAGE][INFO] - Checking object

2021-11-23 17:10:47 - [MESSAGE][INFO] - Finding web element from Test Object's properties

2021-11-23 17:10:47 - [MESSAGE][INFO] - Checking timeout

2021-11-23 17:10:47 - [MESSAGE][INFO] - Finding web element with id: 'Object Repository/Popup/Popup' located by 'By.cssSelector: .bootbox-body' in '30' second(s)

2021-11-23 17:10:47 - [MESSAGE][INFO] - Smart Wait Function is triggered

2021-11-23 17:10:47 - [MESSAGE][INFO] - Found 1 web elements with id: 'Object Repository/Popup/Popup' located by 'By.cssSelector: .bootbox-body' in '30' second(s)

2021-11-23 17:10:47 - [MESSAGE][INFO] - Getting text of object 'Object Repository/Popup/Popup'

2021-11-23 17:10:47 - [MESSAGE][PASSED] - Text of object 'Object Repository/Popup/Popup' is: 'EMM serisi için onaylanmamış belge(leri)niz bulunmaktadır.
Devam etmek istiyor musunuz?'

2021-11-23 17:10:47 - [TEST_STEP][PASSED] - RaporNo = getText(findTestObject("Popup/Popup")).substring(0, 6): Text of object 'Object Repository/Popup/Popup' is: 'EMM serisi için onaylanmamış belge(leri)niz bulunmaktadır.
Devam etmek istiyor musunuz?'

2021-11-23 17:10:47 - [MESSAGE][INFO] - Finding Test Object 'Object Repository/Popup/Popup'

2021-11-23 17:10:48 - [MESSAGE][INFO] - Checking object

2021-11-23 17:10:48 - [MESSAGE][INFO] - Finding web element from Test Object's properties

2021-11-23 17:10:48 - [MESSAGE][INFO] - Checking timeout

2021-11-23 17:10:48 - [MESSAGE][INFO] - Finding web element with id: 'Object Repository/Popup/Popup' located by 'By.cssSelector: .bootbox-body' in '30' second(s)

2021-11-23 17:10:48 - [MESSAGE][INFO] - Smart Wait Function is triggered

2021-11-23 17:10:48 - [MESSAGE][INFO] - Found 1 web elements with id: 'Object Repository/Popup/Popup' located by 'By.cssSelector: .bootbox-body' in '30' second(s)

2021-11-23 17:10:48 - [MESSAGE][INFO] - Getting text of object 'Object Repository/Popup/Popup'

2021-11-23 17:10:48 - [MESSAGE][PASSED] - Text of object 'Object Repository/Popup/Popup' is: 'EMM serisi için onaylanmamış belge(leri)niz bulunmaktadır.
Devam etmek istiyor musunuz?'

2021-11-23 17:10:48 - [TEST_STEP][PASSED] - Console.println(RaporNo): null

2021-11-23 17:10:48 - [MESSAGE][PASSED] - Call Test Case 'Test Cases/Popup/PopupMesajiIceriyorMu' successfully

2021-11-23 17:10:48 - [MESSAGE][INFO] - Checking called Test Case

2021-11-23 17:10:48 - [MESSAGE][INFO] - Starting to call Test Case 'Test Cases/Popup/PopupButonSecilir'

2021-11-23 17:10:48 - [TEST_CASE][PASSED] - Test Cases/Popup/PopupButonSecilir: Test Cases/Popup/PopupButonSecilir

2021-11-23 17:10:48 - [TEST_STEP][PASSED] - Method.TextDegerineEsitElementeTikla(findTestObject("Popup/Popup_Butons"), Buton): Method.TextDegerineEsitElementeTikla is PASSED

2021-11-23 17:10:48 - [MESSAGE][INFO] - Finding Test Object 'Object Repository/Popup/Popup_Butons'

2021-11-23 17:10:48 - [MESSAGE][INFO] - Checking timeout

2021-11-23 17:10:48 - [MESSAGE][INFO] - Finding web element with id: 'Object Repository/Popup/Popup_Butons' located by 'By.cssSelector: .modal-footer>button' in '10' second(s)

2021-11-23 17:10:48 - [MESSAGE][INFO] - Smart Wait Function is triggered

2021-11-23 17:10:48 - [MESSAGE][INFO] - Found 2 web elements with id: 'Object Repository/Popup/Popup_Butons' located by 'By.cssSelector: .modal-footer>button' in '10' second(s)

2021-11-23 17:10:48 - [MESSAGE][PASSED] - Method.TextDegerineEsitElementeTikla is PASSED

2021-11-23 17:10:48 - [MESSAGE][PASSED] - Call Test Case 'Test Cases/Popup/PopupButonSecilir' successfully

2021-11-23 17:10:48 - [MESSAGE][INFO] - Checking called Test Case

2021-11-23 17:10:48 - [MESSAGE][INFO] - Starting to call Test Case 'Test Cases/Menu/AnaMenuSecimi'

2021-11-23 17:10:49 - [TEST_CASE][PASSED] - Test Cases/Menu/AnaMenuSecimi: Test Cases/Menu/AnaMenuSecimi

2021-11-23 17:10:49 - [TEST_STEP][PASSED] - Method.TextDegerineEsitElementeTikla(findTestObject("Menu/Ana_Menu"), Ana_Menu): Method.TextDegerineEsitElementeTikla is PASSED

2021-11-23 17:10:49 - [MESSAGE][INFO] - Finding Test Object 'Object Repository/Menu/Ana_Menu'

2021-11-23 17:10:49 - [MESSAGE][INFO] - Checking timeout

2021-11-23 17:10:49 - [MESSAGE][INFO] - Finding web element with id: 'Object Repository/Menu/Ana_Menu' located by 'By.xpath: //*[@class = 'dropdown-toggle']' in '10' second(s)

2021-11-23 17:10:49 - [MESSAGE][INFO] - Smart Wait Function is triggered

2021-11-23 17:10:50 - [MESSAGE][INFO] - Found 14 web elements with id: 'Object Repository/Menu/Ana_Menu' located by 'By.xpath: //*[@class = 'dropdown-toggle']' in '10' second(s)

2021-11-23 17:10:50 - [MESSAGE][PASSED] - Method.TextDegerineEsitElementeTikla is PASSED

2021-11-23 17:10:50 - [MESSAGE][PASSED] - Call Test Case 'Test Cases/Menu/AnaMenuSecimi' successfully

2021-11-23 17:10:50 - [MESSAGE][INFO] - Checking called Test Case

2021-11-23 17:10:50 - [MESSAGE][INFO] - Starting to call Test Case 'Test Cases/Menu/BasligaGoreAltMenuSecimi'

2021-11-23 17:10:50 - [TEST_CASE][PASSED] - Test Cases/Menu/BasligaGoreAltMenuSecimi: Test Cases/Menu/BasligaGoreAltMenuSecimi

2021-11-23 17:10:50 - [TEST_STEP][PASSED] - Method.TextDegerineEsitElementinAltindakiTextDegerineEsitOlanaTikla(findTestObject("Menu/Menu_Basligi"), findTestObject("Menu/Basliga_Gore_Alt_Menu"), Baslik, Alt_Menu): Method.TextDegerineEsitElementinAltindakiTextDegerineEsitOlanaTikla is PASSED

2021-11-23 17:10:50 - [MESSAGE][INFO] - Finding Test Object 'Object Repository/Menu/Menu_Basligi'

2021-11-23 17:10:50 - [MESSAGE][INFO] - Finding Test Object 'Object Repository/Menu/Basliga_Gore_Alt_Menu'

2021-11-23 17:10:50 - [MESSAGE][INFO] - Checking timeout

2021-11-23 17:10:50 - [MESSAGE][INFO] - Finding web element with id: 'Object Repository/Menu/Menu_Basligi' located by 'By.xpath: //li[@class='dropdown dropdown-large open']//li[@class='dropdown-header']' in '10' second(s)

2021-11-23 17:10:50 - [MESSAGE][INFO] - Smart Wait Function is triggered

2021-11-23 17:10:50 - [MESSAGE][INFO] - Found 2 web elements with id: 'Object Repository/Menu/Menu_Basligi' located by 'By.xpath: //li[@class='dropdown dropdown-large open']//li[@class='dropdown-header']' in '10' second(s)

2021-11-23 17:10:50 - [MESSAGE][INFO] - Smart Wait Function is triggered

2021-11-23 17:10:51 - [MESSAGE][PASSED] - Method.TextDegerineEsitElementinAltindakiTextDegerineEsitOlanaTikla is PASSED

2021-11-23 17:10:51 - [MESSAGE][PASSED] - Call Test Case 'Test Cases/Menu/BasligaGoreAltMenuSecimi' successfully

2021-11-23 17:10:51 - [MESSAGE][INFO] - Checking called Test Case

2021-11-23 17:10:51 - [MESSAGE][INFO] - Starting to call Test Case 'Test Cases/Filtreler/EttnYaz'

2021-11-23 17:10:52 - [TEST_CASE][PASSED] - Test Cases/Filtreler/EttnYaz: Test Cases/Filtreler/EttnYaz

2021-11-23 17:10:52 - [TEST_STEP][PASSED] - Method.TextDegerineEsitElementinAltindakiTextboxtaYaz(findTestObject("Filtreler/Basliklar"), findTestObject("Filtreler/Basliga_Gore_Textbox"), "ETTN", ettn): Method.TextDegerineEsitElementinAltindakiTextboxtaYaz is PASSED

2021-11-23 17:10:52 - [MESSAGE][INFO] - Finding Test Object 'Object Repository/Filtreler/Basliklar'

2021-11-23 17:10:52 - [MESSAGE][INFO] - Finding Test Object 'Object Repository/Filtreler/Basliga_Gore_Textbox'

2021-11-23 17:10:52 - [MESSAGE][INFO] - Checking timeout

2021-11-23 17:10:52 - [MESSAGE][INFO] - Finding web element with id: 'Object Repository/Filtreler/Basliklar' located by 'By.cssSelector: .control-label.col-sm-4.paddingMarginRLC' in '10' second(s)

2021-11-23 17:10:52 - [MESSAGE][INFO] - Smart Wait Function is triggered

2021-11-23 17:10:52 - [MESSAGE][INFO] - Found 14 web elements with id: 'Object Repository/Filtreler/Basliklar' located by 'By.cssSelector: .control-label.col-sm-4.paddingMarginRLC' in '10' second(s)

2021-11-23 17:10:52 - [MESSAGE][INFO] - Smart Wait Function is triggered

2021-11-23 17:10:53 - [MESSAGE][PASSED] - Method.TextDegerineEsitElementinAltindakiTextboxtaYaz is PASSED

2021-11-23 17:10:53 - [MESSAGE][PASSED] - Call Test Case 'Test Cases/Filtreler/EttnYaz' successfully

2021-11-23 17:10:53 - [MESSAGE][INFO] - Checking called Test Case

2021-11-23 17:10:53 - [MESSAGE][INFO] - Starting to call Test Case 'Test Cases/Filtreler/ButonaTikla'

2021-11-23 17:10:53 - [TEST_CASE][PASSED] - Test Cases/Filtreler/ButonaTikla: Test Cases/Filtreler/ButonaTikla

2021-11-23 17:10:53 - [TEST_STEP][PASSED] - Method.TextDegerineEsitElementeTikla(findTestObject("Filtreler/Butonlar"), Filtre_Buton): Method.TextDegerineEsitElementeTikla is PASSED

2021-11-23 17:10:53 - [MESSAGE][INFO] - Finding Test Object 'Object Repository/Filtreler/Butonlar'

2021-11-23 17:10:53 - [MESSAGE][INFO] - Checking timeout

2021-11-23 17:10:53 - [MESSAGE][INFO] - Finding web element with id: 'Object Repository/Filtreler/Butonlar' located by 'By.cssSelector: .dxb>span' in '10' second(s)

2021-11-23 17:10:53 - [MESSAGE][INFO] - Smart Wait Function is triggered

2021-11-23 17:10:53 - [MESSAGE][INFO] - Found 3 web elements with id: 'Object Repository/Filtreler/Butonlar' located by 'By.cssSelector: .dxb>span' in '10' second(s)

2021-11-23 17:10:53 - [MESSAGE][PASSED] - Method.TextDegerineEsitElementeTikla is PASSED

2021-11-23 17:10:53 - [MESSAGE][PASSED] - Call Test Case 'Test Cases/Filtreler/ButonaTikla' successfully

2021-11-23 17:10:53 - [MESSAGE][INFO] - Checking called Test Case

2021-11-23 17:10:53 - [MESSAGE][INFO] - Starting to call Test Case 'Test Cases/Tablo/TablodaVeriVarMi'

2021-11-23 17:10:53 - [TEST_CASE][PASSED] - Test Cases/Tablo/TablodaVeriVarMi: Test Cases/Tablo/TablodaVeriVarMi

2021-11-23 17:10:53 - [TEST_STEP][PASSED] - verifyTextNotPresent("Görüntülenecek veri yok", true): Text 'Görüntülenecek veri yok' is not present on page using regular expression

2021-11-23 17:10:53 - [MESSAGE][INFO] - Checking text present  using regular expression

2021-11-23 17:10:53 - [MESSAGE][INFO] - Smart Wait Function is triggered

2021-11-23 17:10:54 - [MESSAGE][INFO] - Finding text 'Görüntülenecek veri yok' on page  using regular expression

2021-11-23 17:10:54 - [MESSAGE][PASSED] - Text 'Görüntülenecek veri yok' is not present on page using regular expression

2021-11-23 17:10:54 - [MESSAGE][PASSED] - Call Test Case 'Test Cases/Tablo/TablodaVeriVarMi' successfully

2021-11-23 17:10:54 - [MESSAGE][INFO] - Checking called Test Case

2021-11-23 17:10:54 - [MESSAGE][INFO] - Starting to call Test Case 'Test Cases/Tablo/TablodaVeriBasariliMiEmm'

2021-11-23 17:10:54 - [TEST_CASE][PASSED] - Test Cases/Tablo/TablodaVeriBasariliMiEmm: Test Cases/Tablo/TablodaVeriBasariliMiEmm

2021-11-23 17:10:55 - [TEST_STEP][PASSED] - sayac = 80: null

2021-11-23 17:10:55 - [TEST_STEP][PASSED] - while (verifyElementText(findTestObject("Object Repository/Tablo/DurumBilgisiEmm"), "Henüz Sonuçlanmadı", OPTIONAL)): Actual text 'Başarılı' and expected text 'Henüz Sonuçlanmadı' of test object 'Object Repository/Tablo/DurumBilgisiEmm' are NOT matched. (Root cause: com.kms.katalon.core.exception.StepFailedException: Actual text 'Başarılı' and expected text 'Henüz Sonuçlanmadı' of test object 'Object Repository/Tablo/DurumBilgisiEmm' are NOT matched.
	at com.kms.katalon.core.webui.keyword.internal.WebUIKeywordMain.stepFailed(WebUIKeywordMain.groovy:64)
	at com.kms.katalon.core.webui.keyword.builtin.VerifyElementTextKeyword$_verifyElementText_closure1.doCall(VerifyElementTextKeyword.groovy:57)
	at com.kms.katalon.core.webui.keyword.builtin.VerifyElementTextKeyword$_verifyElementText_closure1.call(VerifyElementTextKeyword.groovy)
	at com.kms.katalon.core.webui.keyword.internal.WebUIKeywordMain.runKeyword(WebUIKeywordMain.groovy:20)
	at com.kms.katalon.core.webui.keyword.builtin.VerifyElementTextKeyword.verifyElementText(VerifyElementTextKeyword.groovy:72)
	at com.kms.katalon.core.webui.keyword.builtin.VerifyElementTextKeyword.execute(VerifyElementTextKeyword.groovy:40)
	at com.kms.katalon.core.keyword.internal.KeywordExecutor.executeKeywordForPlatform(KeywordExecutor.groovy:73)
	at com.kms.katalon.core.webui.keyword.WebUiBuiltInKeywords.verifyElementText(WebUiBuiltInKeywords.groovy:4733)
	at com.kms.katalon.core.webui.keyword.WebUiBuiltInKeywords$verifyElementText$20.call(Unknown Source)
	at TablodaVeriBasariliMiEmm.run(TablodaVeriBasariliMiEmm:22)
	at com.kms.katalon.core.main.ScriptEngine.run(ScriptEngine.java:194)
	at com.kms.katalon.core.main.ScriptEngine.runScriptAsRawText(ScriptEngine.java:119)
	at com.kms.katalon.core.main.TestCaseExecutor.runScript(TestCaseExecutor.java:369)
	at com.kms.katalon.core.main.TestCaseExecutor.doExecute(TestCaseExecutor.java:360)
	at com.kms.katalon.core.main.TestCaseExecutor.processExecutionPhase(TestCaseExecutor.java:339)
	at com.kms.katalon.core.main.TestCaseExecutor.accessMainPhase(TestCaseExecutor.java:331)
	at com.kms.katalon.core.main.TestCaseExecutor.execute(TestCaseExecutor.java:248)
	at com.kms.katalon.core.main.TestCaseMain.runTestCase(TestCaseMain.java:138)
	at com.kms.katalon.core.keyword.builtin.CallTestCaseKeyword$_callTestCase_closure1.doCall(CallTestCaseKeyword.groovy:59)
	at com.kms.katalon.core.keyword.builtin.CallTestCaseKeyword$_callTestCase_closure1.call(CallTestCaseKeyword.groovy)
	at com.kms.katalon.core.keyword.internal.KeywordMain.runKeyword(KeywordMain.groovy:68)
	at com.kms.katalon.core.keyword.builtin.CallTestCaseKeyword.callTestCase(CallTestCaseKeyword.groovy:81)
	at com.kms.katalon.core.keyword.builtin.CallTestCaseKeyword.execute(CallTestCaseKeyword.groovy:44)
	at com.kms.katalon.core.keyword.internal.KeywordExecutor.executeKeywordForPlatform(KeywordExecutor.groovy:73)
	at com.kms.katalon.core.keyword.BuiltinKeywords.callTestCase(BuiltinKeywords.groovy:334)
	at tablo.tablo.tablodaVeriBasariliMiEmm(tablo.groovy:100)
	at cucumber.runtime.Utils$1.call(Utils.java:26)
	at cucumber.runtime.Timeout.timeout(Timeout.java:16)
	at cucumber.runtime.Utils.invoke(Utils.java:20)
	at cucumber.runtime.java.JavaStepDefinition.execute(JavaStepDefinition.java:49)
	at cucumber.runner.PickleStepDefinitionMatch.runStep(PickleStepDefinitionMatch.java:50)
	at cucumber.runner.TestStep.executeStep(TestStep.java:63)
	at cucumber.runner.TestStep.run(TestStep.java:49)
	at cucumber.runner.PickleStepTestStep.run(PickleStepTestStep.java:43)
	at cucumber.runner.TestCase.run(TestCase.java:44)
	at cucumber.runner.Runner.runPickle(Runner.java:40)
	at cucumber.runtime.Runtime$1.run(Runtime.java:84)
	at cucumber.runtime.Runtime$SameThreadExecutorService.execute(Runtime.java:220)
	at cucumber.runtime.Runtime.run(Runtime.java:81)
	at cucumber.api.cli.Main.run(Main.java:26)
	at cucumber.api.cli.Main$run.call(Unknown Source)
	at com.kms.katalon.core.cucumber.keyword.CucumberBuiltinKeywords$_runFeatureFile_closure1.doCall(CucumberBuiltinKeywords.groovy:106)
	at com.kms.katalon.core.cucumber.keyword.CucumberBuiltinKeywords$_runFeatureFile_closure1.doCall(CucumberBuiltinKeywords.groovy)
	at com.kms.katalon.core.keyword.internal.KeywordMain.runKeyword(KeywordMain.groovy:68)
	at com.kms.katalon.core.keyword.internal.KeywordMain$runKeyword.call(Unknown Source)
	at com.kms.katalon.core.cucumber.keyword.CucumberBuiltinKeywords.runFeatureFile(CucumberBuiltinKeywords.groovy:73)
	at com.kms.katalon.core.cucumber.keyword.CucumberBuiltinKeywords$runFeatureFile$0.callStatic(Unknown Source)
	at com.kms.katalon.core.cucumber.keyword.CucumberBuiltinKeywords.runFeatureFile(CucumberBuiltinKeywords.groovy:246)
	at com.kms.katalon.core.cucumber.keyword.CucumberBuiltinKeywords$runFeatureFile.call(Unknown Source)
	at TCKN-e-Mustahsil Makbuz.run(TCKN-e-Mustahsil Makbuz:19)
	at com.kms.katalon.core.main.ScriptEngine.run(ScriptEngine.java:194)
	at com.kms.katalon.core.main.ScriptEngine.runScriptAsRawText(ScriptEngine.java:119)
	at com.kms.katalon.core.main.TestCaseExecutor.runScript(TestCaseExecutor.java:369)
	at com.kms.katalon.core.main.TestCaseExecutor.doExecute(TestCaseExecutor.java:360)
	at com.kms.katalon.core.main.TestCaseExecutor.processExecutionPhase(TestCaseExecutor.java:339)
	at com.kms.katalon.core.main.TestCaseExecutor.accessMainPhase(TestCaseExecutor.java:331)
	at com.kms.katalon.core.main.TestCaseExecutor.execute(TestCaseExecutor.java:248)
	at com.kms.katalon.core.main.TestSuiteExecutor.accessTestCaseMainPhase(TestSuiteExecutor.java:191)
	at com.kms.katalon.core.main.TestSuiteExecutor.accessTestSuiteMainPhase(TestSuiteExecutor.java:140)
	at com.kms.katalon.core.main.TestSuiteExecutor.execute(TestSuiteExecutor.java:89)
	at com.kms.katalon.core.main.TestCaseMain.startTestSuite(TestCaseMain.java:181)
	at com.kms.katalon.core.main.TestCaseMain$startTestSuite$0.call(Unknown Source)
	at TempTestSuite1637674444414.run(TempTestSuite1637674444414.groovy:39)
)

2021-11-23 17:10:55 - [MESSAGE][INFO] - Finding Test Object 'Object Repository/Tablo/DurumBilgisiEmm'

2021-11-23 17:10:55 - [MESSAGE][INFO] - Checking object

2021-11-23 17:10:55 - [MESSAGE][INFO] - Finding web element from Test Object's properties

2021-11-23 17:10:55 - [MESSAGE][INFO] - Checking timeout

2021-11-23 17:10:55 - [MESSAGE][INFO] - Finding web element with id: 'Object Repository/Tablo/DurumBilgisiEmm' located by 'By.xpath: //*[@id = 'GridViewEPReceipt_tccell0_10']' in '30' second(s)

2021-11-23 17:10:55 - [MESSAGE][INFO] - Smart Wait Function is triggered

2021-11-23 17:10:55 - [MESSAGE][INFO] - Found 1 web elements with id: 'Object Repository/Tablo/DurumBilgisiEmm' located by 'By.xpath: //*[@id = 'GridViewEPReceipt_tccell0_10']' in '30' second(s)

2021-11-23 17:10:55 - [MESSAGE][WARNING] - Actual text 'Başarılı' and expected text 'Henüz Sonuçlanmadı' of test object 'Object Repository/Tablo/DurumBilgisiEmm' are NOT matched. (Root cause: com.kms.katalon.core.exception.StepFailedException: Actual text 'Başarılı' and expected text 'Henüz Sonuçlanmadı' of test object 'Object Repository/Tablo/DurumBilgisiEmm' are NOT matched.
	at com.kms.katalon.core.webui.keyword.internal.WebUIKeywordMain.stepFailed(WebUIKeywordMain.groovy:64)
	at com.kms.katalon.core.webui.keyword.builtin.VerifyElementTextKeyword$_verifyElementText_closure1.doCall(VerifyElementTextKeyword.groovy:57)
	at com.kms.katalon.core.webui.keyword.builtin.VerifyElementTextKeyword$_verifyElementText_closure1.call(VerifyElementTextKeyword.groovy)
	at com.kms.katalon.core.webui.keyword.internal.WebUIKeywordMain.runKeyword(WebUIKeywordMain.groovy:20)
	at com.kms.katalon.core.webui.keyword.builtin.VerifyElementTextKeyword.verifyElementText(VerifyElementTextKeyword.groovy:72)
	at com.kms.katalon.core.webui.keyword.builtin.VerifyElementTextKeyword.execute(VerifyElementTextKeyword.groovy:40)
	at com.kms.katalon.core.keyword.internal.KeywordExecutor.executeKeywordForPlatform(KeywordExecutor.groovy:73)
	at com.kms.katalon.core.webui.keyword.WebUiBuiltInKeywords.verifyElementText(WebUiBuiltInKeywords.groovy:4733)
	at com.kms.katalon.core.webui.keyword.WebUiBuiltInKeywords$verifyElementText$20.call(Unknown Source)
	at TablodaVeriBasariliMiEmm.run(TablodaVeriBasariliMiEmm:22)
	at com.kms.katalon.core.main.ScriptEngine.run(ScriptEngine.java:194)
	at com.kms.katalon.core.main.ScriptEngine.runScriptAsRawText(ScriptEngine.java:119)
	at com.kms.katalon.core.main.TestCaseExecutor.runScript(TestCaseExecutor.java:369)
	at com.kms.katalon.core.main.TestCaseExecutor.doExecute(TestCaseExecutor.java:360)
	at com.kms.katalon.core.main.TestCaseExecutor.processExecutionPhase(TestCaseExecutor.java:339)
	at com.kms.katalon.core.main.TestCaseExecutor.accessMainPhase(TestCaseExecutor.java:331)
	at com.kms.katalon.core.main.TestCaseExecutor.execute(TestCaseExecutor.java:248)
	at com.kms.katalon.core.main.TestCaseMain.runTestCase(TestCaseMain.java:138)
	at com.kms.katalon.core.keyword.builtin.CallTestCaseKeyword$_callTestCase_closure1.doCall(CallTestCaseKeyword.groovy:59)
	at com.kms.katalon.core.keyword.builtin.CallTestCaseKeyword$_callTestCase_closure1.call(CallTestCaseKeyword.groovy)
	at com.kms.katalon.core.keyword.internal.KeywordMain.runKeyword(KeywordMain.groovy:68)
	at com.kms.katalon.core.keyword.builtin.CallTestCaseKeyword.callTestCase(CallTestCaseKeyword.groovy:81)
	at com.kms.katalon.core.keyword.builtin.CallTestCaseKeyword.execute(CallTestCaseKeyword.groovy:44)
	at com.kms.katalon.core.keyword.internal.KeywordExecutor.executeKeywordForPlatform(KeywordExecutor.groovy:73)
	at com.kms.katalon.core.keyword.BuiltinKeywords.callTestCase(BuiltinKeywords.groovy:334)
	at tablo.tablo.tablodaVeriBasariliMiEmm(tablo.groovy:100)
	at cucumber.runtime.Utils$1.call(Utils.java:26)
	at cucumber.runtime.Timeout.timeout(Timeout.java:16)
	at cucumber.runtime.Utils.invoke(Utils.java:20)
	at cucumber.runtime.java.JavaStepDefinition.execute(JavaStepDefinition.java:49)
	at cucumber.runner.PickleStepDefinitionMatch.runStep(PickleStepDefinitionMatch.java:50)
	at cucumber.runner.TestStep.executeStep(TestStep.java:63)
	at cucumber.runner.TestStep.run(TestStep.java:49)
	at cucumber.runner.PickleStepTestStep.run(PickleStepTestStep.java:43)
	at cucumber.runner.TestCase.run(TestCase.java:44)
	at cucumber.runner.Runner.runPickle(Runner.java:40)
	at cucumber.runtime.Runtime$1.run(Runtime.java:84)
	at cucumber.runtime.Runtime$SameThreadExecutorService.execute(Runtime.java:220)
	at cucumber.runtime.Runtime.run(Runtime.java:81)
	at cucumber.api.cli.Main.run(Main.java:26)
	at cucumber.api.cli.Main$run.call(Unknown Source)
	at com.kms.katalon.core.cucumber.keyword.CucumberBuiltinKeywords$_runFeatureFile_closure1.doCall(CucumberBuiltinKeywords.groovy:106)
	at com.kms.katalon.core.cucumber.keyword.CucumberBuiltinKeywords$_runFeatureFile_closure1.doCall(CucumberBuiltinKeywords.groovy)
	at com.kms.katalon.core.keyword.internal.KeywordMain.runKeyword(KeywordMain.groovy:68)
	at com.kms.katalon.core.keyword.internal.KeywordMain$runKeyword.call(Unknown Source)
	at com.kms.katalon.core.cucumber.keyword.CucumberBuiltinKeywords.runFeatureFile(CucumberBuiltinKeywords.groovy:73)
	at com.kms.katalon.core.cucumber.keyword.CucumberBuiltinKeywords$runFeatureFile$0.callStatic(Unknown Source)
	at com.kms.katalon.core.cucumber.keyword.CucumberBuiltinKeywords.runFeatureFile(CucumberBuiltinKeywords.groovy:246)
	at com.kms.katalon.core.cucumber.keyword.CucumberBuiltinKeywords$runFeatureFile.call(Unknown Source)
	at TCKN-e-Mustahsil Makbuz.run(TCKN-e-Mustahsil Makbuz:19)
	at com.kms.katalon.core.main.ScriptEngine.run(ScriptEngine.java:194)
	at com.kms.katalon.core.main.ScriptEngine.runScriptAsRawText(ScriptEngine.java:119)
	at com.kms.katalon.core.main.TestCaseExecutor.runScript(TestCaseExecutor.java:369)
	at com.kms.katalon.core.main.TestCaseExecutor.doExecute(TestCaseExecutor.java:360)
	at com.kms.katalon.core.main.TestCaseExecutor.processExecutionPhase(TestCaseExecutor.java:339)
	at com.kms.katalon.core.main.TestCaseExecutor.accessMainPhase(TestCaseExecutor.java:331)
	at com.kms.katalon.core.main.TestCaseExecutor.execute(TestCaseExecutor.java:248)
	at com.kms.katalon.core.main.TestSuiteExecutor.accessTestCaseMainPhase(TestSuiteExecutor.java:191)
	at com.kms.katalon.core.main.TestSuiteExecutor.accessTestSuiteMainPhase(TestSuiteExecutor.java:140)
	at com.kms.katalon.core.main.TestSuiteExecutor.execute(TestSuiteExecutor.java:89)
	at com.kms.katalon.core.main.TestCaseMain.startTestSuite(TestCaseMain.java:181)
	at com.kms.katalon.core.main.TestCaseMain$startTestSuite$0.call(Unknown Source)
	at TempTestSuite1637674444414.run(TempTestSuite1637674444414.groovy:39)
)

2021-11-23 17:10:55 - [TEST_STEP][PASSED] - Method.TextDegerineEsitElementVarMi(findTestObject("Object Repository/Tablo/DurumBilgisiEmm"), "Başarılı"): Method.TextDegerineEsitElementVarMi is PASSED

2021-11-23 17:10:55 - [MESSAGE][INFO] - Finding Test Object 'Object Repository/Tablo/DurumBilgisiEmm'

2021-11-23 17:10:55 - [MESSAGE][INFO] - Checking timeout

2021-11-23 17:10:55 - [MESSAGE][INFO] - Finding web element with id: 'Object Repository/Tablo/DurumBilgisiEmm' located by 'By.xpath: //*[@id = 'GridViewEPReceipt_tccell0_10']' in '10' second(s)

2021-11-23 17:10:55 - [MESSAGE][INFO] - Smart Wait Function is triggered

2021-11-23 17:10:56 - [MESSAGE][INFO] - Found 1 web elements with id: 'Object Repository/Tablo/DurumBilgisiEmm' located by 'By.xpath: //*[@id = 'GridViewEPReceipt_tccell0_10']' in '10' second(s)

2021-11-23 17:10:56 - [MESSAGE][PASSED] - Method.TextDegerineEsitElementVarMi is PASSED

2021-11-23 17:10:56 - [MESSAGE][PASSED] - Call Test Case 'Test Cases/Tablo/TablodaVeriBasariliMiEmm' successfully

2021-11-23 17:10:56 - [MESSAGE][INFO] - Checking called Test Case

2021-11-23 17:10:56 - [MESSAGE][INFO] - Starting to call Test Case 'Test Cases/Kullanici_Islemleri/KullaniciIslemlerindenSecimYapilir'

2021-11-23 17:10:56 - [TEST_CASE][PASSED] - Test Cases/Kullanici_Islemleri/KullaniciIslemlerindenSecimYapilir: Test Cases/Kullanici_Islemleri/KullaniciIslemlerindenSecimYapilir

2021-11-23 17:10:56 - [TEST_STEP][PASSED] - waitForElementClickable(findTestObject("Object Repository/Kullanici_Islemleri/KullaniciIslemleri"), 10): Object 'Object Repository/Kullanici_Islemleri/KullaniciIslemleri' is clickable

2021-11-23 17:10:56 - [MESSAGE][INFO] - Finding Test Object 'Object Repository/Kullanici_Islemleri/KullaniciIslemleri'

2021-11-23 17:10:56 - [MESSAGE][INFO] - Checking object

2021-11-23 17:10:56 - [MESSAGE][INFO] - Checking timeout

2021-11-23 17:10:56 - [MESSAGE][INFO] - Finding web element from Test Object's properties

2021-11-23 17:10:56 - [MESSAGE][INFO] - Checking timeout

2021-11-23 17:10:56 - [MESSAGE][INFO] - Finding web element with id: 'Object Repository/Kullanici_Islemleri/KullaniciIslemleri' located by 'By.cssSelector: .dropdown>a>img' in '10' second(s)

2021-11-23 17:10:56 - [MESSAGE][INFO] - Smart Wait Function is triggered

2021-11-23 17:10:56 - [MESSAGE][INFO] - Found 1 web elements with id: 'Object Repository/Kullanici_Islemleri/KullaniciIslemleri' located by 'By.cssSelector: .dropdown>a>img' in '10' second(s)

2021-11-23 17:10:56 - [MESSAGE][PASSED] - Object 'Object Repository/Kullanici_Islemleri/KullaniciIslemleri' is clickable

2021-11-23 17:10:56 - [TEST_STEP][PASSED] - click(findTestObject("Object Repository/Kullanici_Islemleri/KullaniciIslemleri")): Object: 'Object Repository/Kullanici_Islemleri/KullaniciIslemleri' is clicked on

2021-11-23 17:10:56 - [MESSAGE][INFO] - Finding Test Object 'Object Repository/Kullanici_Islemleri/KullaniciIslemleri'

2021-11-23 17:10:56 - [MESSAGE][INFO] - Checking object

2021-11-23 17:10:56 - [MESSAGE][INFO] - Finding web element from Test Object's properties

2021-11-23 17:10:56 - [MESSAGE][INFO] - Checking timeout

2021-11-23 17:10:56 - [MESSAGE][INFO] - Finding web element with id: 'Object Repository/Kullanici_Islemleri/KullaniciIslemleri' located by 'By.cssSelector: .dropdown>a>img' in '30' second(s)

2021-11-23 17:10:56 - [MESSAGE][INFO] - Smart Wait Function is triggered

2021-11-23 17:10:56 - [MESSAGE][INFO] - Found 1 web elements with id: 'Object Repository/Kullanici_Islemleri/KullaniciIslemleri' located by 'By.cssSelector: .dropdown>a>img' in '30' second(s)

2021-11-23 17:10:56 - [MESSAGE][INFO] - Clicking on object: 'Object Repository/Kullanici_Islemleri/KullaniciIslemleri'

2021-11-23 17:10:56 - [MESSAGE][PASSED] - Object: 'Object Repository/Kullanici_Islemleri/KullaniciIslemleri' is clicked on

2021-11-23 17:10:56 - [TEST_STEP][PASSED] - Method.TextDegerineEsitElementeTikla(findTestObject("Object Repository/Kullanici_Islemleri/Secenekler"), Islem): Method.TextDegerineEsitElementeTikla is PASSED

2021-11-23 17:10:56 - [MESSAGE][INFO] - Finding Test Object 'Object Repository/Kullanici_Islemleri/Secenekler'

2021-11-23 17:10:56 - [MESSAGE][INFO] - Checking timeout

2021-11-23 17:10:56 - [MESSAGE][INFO] - Finding web element with id: 'Object Repository/Kullanici_Islemleri/Secenekler' located by 'By.cssSelector: .nav.navbar-nav.navbar-right li a' in '10' second(s)

2021-11-23 17:10:56 - [MESSAGE][INFO] - Smart Wait Function is triggered

2021-11-23 17:10:57 - [MESSAGE][INFO] - Found 22 web elements with id: 'Object Repository/Kullanici_Islemleri/Secenekler' located by 'By.cssSelector: .nav.navbar-nav.navbar-right li a' in '10' second(s)

2021-11-23 17:10:59 - [MESSAGE][PASSED] - Method.TextDegerineEsitElementeTikla is PASSED

2021-11-23 17:10:59 - [TEST_STEP][PASSED] - verifyElementNotPresent(findTestObject("Object Repository/Kullanici_Islemleri/Secenekler"), 10): Web element with id: 'Object Repository/Kullanici_Islemleri/Secenekler' located by 'By.cssSelector: .nav.navbar-nav.navbar-right li a' is not present after '10' second(s)

2021-11-23 17:10:59 - [MESSAGE][INFO] - Finding Test Object 'Object Repository/Kullanici_Islemleri/Secenekler'

2021-11-23 17:10:59 - [MESSAGE][INFO] - Checking object

2021-11-23 17:10:59 - [MESSAGE][INFO] - Checking timeout

2021-11-23 17:10:59 - [MESSAGE][INFO] - Finding web element with id: 'Object Repository/Kullanici_Islemleri/Secenekler' located by 'By.cssSelector: .nav.navbar-nav.navbar-right li a' in '10' second(s)

2021-11-23 17:10:59 - [MESSAGE][INFO] - Smart Wait Function is triggered

2021-11-23 17:10:59 - [MESSAGE][PASSED] - Web element with id: 'Object Repository/Kullanici_Islemleri/Secenekler' located by 'By.cssSelector: .nav.navbar-nav.navbar-right li a' is not present after '10' second(s)

2021-11-23 17:10:59 - [MESSAGE][PASSED] - Call Test Case 'Test Cases/Kullanici_Islemleri/KullaniciIslemlerindenSecimYapilir' successfully

2021-11-23 17:10:59 - [TEST_CASE][PASSED] - Start Test Case : SCENARIO TCKNo ile e-Mustahsil Makbuzu Olusturmasi ve Excele aktarilmasi: SCENARIO TCKNo ile e-Mustahsil Makbuzu Olusturmasi ve Excele aktarilmasi

2021-11-23 17:10:59 - [TEST_STEP][PASSED] - Kullanıcı adı ELOGO6 ve Şifre 123456 olarak giriş yapılır: Kullanıcı adı ELOGO6 ve Şifre 123456 olarak giriş yapılır

2021-11-23 17:10:59 - [MESSAGE][PASSED] - Kullanıcı adı ELOGO6 ve Şifre 123456 olarak giriş yapılır

2021-11-23 17:10:59 - [TEST_STEP][PASSED] - Ana menüden e-Makbuz seçilir: Ana menüden e-Makbuz seçilir

2021-11-23 17:10:59 - [MESSAGE][PASSED] - Ana menüden e-Makbuz seçilir

2021-11-23 17:10:59 - [TEST_STEP][PASSED] - Alt menü e-Müstahsil Uygulaması başlığı altındaki e-Müstahsil Makbuzu Oluşturma seçilir: Alt menü e-Müstahsil Uygulaması başlığı altındaki e-Müstahsil Makbuzu Oluşturma seçilir

2021-11-23 17:10:59 - [MESSAGE][PASSED] - Alt menü e-Müstahsil Uygulaması başlığı altındaki e-Müstahsil Makbuzu Oluşturma seçilir

2021-11-23 17:10:59 - [TEST_STEP][PASSED] - Tablodaki tüm veriler silinir: Tablodaki tüm veriler silinir

2021-11-23 17:10:59 - [MESSAGE][PASSED] - Tablodaki tüm veriler silinir

2021-11-23 17:10:59 - [TEST_STEP][PASSED] - Butonlardan Ekle isimli butona tıklanır: Butonlardan Ekle isimli butona tıklanır

2021-11-23 17:10:59 - [MESSAGE][PASSED] - Butonlardan Ekle isimli butona tıklanır

2021-11-23 17:10:59 - [TEST_STEP][PASSED] - Görsel tasarım sayfasının Makbuz Bilgileri başlığını içerdiği kontrol edilir: Görsel tasarım sayfasının Makbuz Bilgileri başlığını içerdiği kontrol edilir

2021-11-23 17:10:59 - [MESSAGE][PASSED] - Görsel tasarım sayfasının Makbuz Bilgileri başlığını içerdiği kontrol edilir

2021-11-23 17:10:59 - [TEST_STEP][PASSED] - Alıcı adı alanına UC0038 girilir: Alıcı adı alanına UC0038 girilir

2021-11-23 17:10:59 - [MESSAGE][PASSED] - Alıcı adı alanına UC0038 girilir

2021-11-23 17:10:59 - [TEST_STEP][PASSED] - Ekle butonuna basılır: Ekle butonuna basılır

2021-11-23 17:10:59 - [MESSAGE][PASSED] - Ekle butonuna basılır

2021-11-23 17:10:59 - [TEST_STEP][PASSED] - Ürün ekleme alanında Mal/Hizmet başlığına Otomasyon girilir: Ürün ekleme alanında Mal/Hizmet başlığına Otomasyon girilir

2021-11-23 17:10:59 - [MESSAGE][PASSED] - Ürün ekleme alanında Mal/Hizmet başlığına Otomasyon girilir

2021-11-23 17:10:59 - [TEST_STEP][PASSED] - Ürün ekleme alanında Miktarı başlığına 400 girilir: Ürün ekleme alanında Miktarı başlığına 400 girilir

2021-11-23 17:10:59 - [MESSAGE][PASSED] - Ürün ekleme alanında Miktarı başlığına 400 girilir

2021-11-23 17:10:59 - [TEST_STEP][PASSED] - Ürün ekleme alanında Birim Fiyat başlığına 100 girilir: Ürün ekleme alanında Birim Fiyat başlığına 100 girilir

2021-11-23 17:10:59 - [MESSAGE][PASSED] - Ürün ekleme alanında Birim Fiyat başlığına 100 girilir

2021-11-23 17:10:59 - [TEST_STEP][PASSED] - Ürün ekleme alanında G.V Stopaj Oranı% başlığına 10 girilir: Ürün ekleme alanında G.V Stopaj Oranı% başlığına 10 girilir

2021-11-23 17:10:59 - [MESSAGE][PASSED] - Ürün ekleme alanında G.V Stopaj Oranı% başlığına 10 girilir

2021-11-23 17:10:59 - [TEST_STEP][PASSED] - Notlar alanına Otomasyon Not girilir: Notlar alanına Otomasyon Not girilir

2021-11-23 17:10:59 - [MESSAGE][PASSED] - Notlar alanına Otomasyon Not girilir

2021-11-23 17:10:59 - [TEST_STEP][PASSED] - Ettn bilgisi kayıt edilir: Ettn bilgisi kayıt edilir

2021-11-23 17:10:59 - [MESSAGE][PASSED] - Ettn bilgisi kayıt edilir

2021-11-23 17:10:59 - [TEST_STEP][PASSED] - Kaydet butonu seçilir: Kaydet butonu seçilir

2021-11-23 17:10:59 - [MESSAGE][PASSED] - Kaydet butonu seçilir

2021-11-23 17:10:59 - [TEST_STEP][PASSED] - Tabloda Ettn bilgisi kaydedilen veri oluşturuldu mu: Tabloda Ettn bilgisi kaydedilen veri oluşturuldu mu

2021-11-23 17:10:59 - [MESSAGE][PASSED] - Tabloda Ettn bilgisi kaydedilen veri oluşturuldu mu

2021-11-23 17:10:59 - [TEST_STEP][PASSED] - Tablodan Ettn bilgisi kaydedilen veri seçilir: Tablodan Ettn bilgisi kaydedilen veri seçilir

2021-11-23 17:10:59 - [MESSAGE][PASSED] - Tablodan Ettn bilgisi kaydedilen veri seçilir

2021-11-23 17:10:59 - [TEST_STEP][PASSED] - Butonlardan Numara Oluştur isimli butona tıklanır: Butonlardan Numara Oluştur isimli butona tıklanır

2021-11-23 17:10:59 - [MESSAGE][PASSED] - Butonlardan Numara Oluştur isimli butona tıklanır

2021-11-23 17:10:59 - [TEST_STEP][PASSED] - Popup mesajı Devam etmek istiyor musunuz içeriyor mu: Popup mesajı Devam etmek istiyor musunuz içeriyor mu

2021-11-23 17:10:59 - [MESSAGE][PASSED] - Popup mesajı Devam etmek istiyor musunuz içeriyor mu

2021-11-23 17:10:59 - [TEST_STEP][PASSED] - Yönetim popupında Evet seçilir: Yönetim popupında Evet seçilir

2021-11-23 17:10:59 - [MESSAGE][PASSED] - Yönetim popupında Evet seçilir

2021-11-23 17:10:59 - [TEST_STEP][PASSED] - Popup mesajı oluşmuştur içeriyor mu: Popup mesajı oluşmuştur içeriyor mu

2021-11-23 17:10:59 - [MESSAGE][PASSED] - Popup mesajı oluşmuştur içeriyor mu

2021-11-23 17:10:59 - [TEST_STEP][PASSED] - Yönetim popupında Tamam seçilir: Yönetim popupında Tamam seçilir

2021-11-23 17:10:59 - [MESSAGE][PASSED] - Yönetim popupında Tamam seçilir

2021-11-23 17:10:59 - [TEST_STEP][PASSED] - Tablodan Ettn bilgisi kaydedilen veri seçilir: Tablodan Ettn bilgisi kaydedilen veri seçilir

2021-11-23 17:10:59 - [MESSAGE][PASSED] - Tablodan Ettn bilgisi kaydedilen veri seçilir

2021-11-23 17:10:59 - [TEST_STEP][PASSED] - Butonlardan Gönder isimli butona tıklanır: Butonlardan Gönder isimli butona tıklanır

2021-11-23 17:10:59 - [MESSAGE][PASSED] - Butonlardan Gönder isimli butona tıklanır

2021-11-23 17:10:59 - [TEST_STEP][PASSED] - Popup mesajı Devam etmek istiyor musunuz içeriyor mu: Popup mesajı Devam etmek istiyor musunuz içeriyor mu

2021-11-23 17:10:59 - [MESSAGE][PASSED] - Popup mesajı Devam etmek istiyor musunuz içeriyor mu

2021-11-23 17:10:59 - [TEST_STEP][PASSED] - Yönetim popupında Evet seçilir: Yönetim popupında Evet seçilir

2021-11-23 17:10:59 - [MESSAGE][PASSED] - Yönetim popupında Evet seçilir

2021-11-23 17:10:59 - [TEST_STEP][PASSED] - Ana menüden e-Makbuz seçilir: Ana menüden e-Makbuz seçilir

2021-11-23 17:10:59 - [MESSAGE][PASSED] - Ana menüden e-Makbuz seçilir

2021-11-23 17:10:59 - [TEST_STEP][PASSED] - Alt menü e-Müstahsil Uygulaması başlığı altındaki e-Müstahsil Makbuzları seçilir: Alt menü e-Müstahsil Uygulaması başlığı altındaki e-Müstahsil Makbuzları seçilir

2021-11-23 17:10:59 - [MESSAGE][PASSED] - Alt menü e-Müstahsil Uygulaması başlığı altındaki e-Müstahsil Makbuzları seçilir

2021-11-23 17:10:59 - [TEST_STEP][PASSED] - Filtrelerden Ettn filtresine Ettn bilgisi yaz: Filtrelerden Ettn filtresine Ettn bilgisi yaz

2021-11-23 17:10:59 - [MESSAGE][PASSED] - Filtrelerden Ettn filtresine Ettn bilgisi yaz

2021-11-23 17:10:59 - [TEST_STEP][PASSED] - Filtre butonlarından Listele seçilir: Filtre butonlarından Listele seçilir

2021-11-23 17:10:59 - [MESSAGE][PASSED] - Filtre butonlarından Listele seçilir

2021-11-23 17:10:59 - [TEST_STEP][PASSED] - Tabloda veri var mı kontrol edilir: Tabloda veri var mı kontrol edilir

2021-11-23 17:10:59 - [MESSAGE][PASSED] - Tabloda veri var mı kontrol edilir

2021-11-23 17:10:59 - [TEST_STEP][PASSED] - Tabloda yeni oluşturulan emm verisi başarılı mı: Tabloda yeni oluşturulan emm verisi başarılı mı

2021-11-23 17:10:59 - [MESSAGE][PASSED] - Tabloda yeni oluşturulan emm verisi başarılı mı

2021-11-23 17:10:59 - [TEST_STEP][PASSED] - Kullanıcı işlemlerinden Çıkış seçilir: Kullanıcı işlemlerinden Çıkış seçilir

2021-11-23 17:10:59 - [MESSAGE][PASSED] - Kullanıcı işlemlerinden Çıkış seçilir

2021-11-23 17:10:59 - [MESSAGE][PASSED] - Feature file: 'Include/features/Regresyon/e-Mustahsil Makbuz/TCKN-e-Mustahsil Makbuz.feature' was passed

2021-11-23 17:10:59 - [TEST_STEP][PASSED] - Start listener action : sampleAfterTestSuite: Invoke 'com.kms.katalon.core.annotation.AfterTestCase' method: 'Listener.sampleAfterTestSuite(...)' completed.

2021-11-23 17:10:59 - [MESSAGE][INFO] - Starting invoke 'com.kms.katalon.core.annotation.AfterTestCase' method: 'Listener.sampleAfterTestSuite(...)'

2021-11-23 17:10:59 - [TEST_STEP][PASSED] - closeBrowser(): Invoke 'com.kms.katalon.core.annotation.AfterTestCase' method: 'Listener.sampleAfterTestSuite(...)' completed.

2021-11-23 17:10:59 - [MESSAGE][INFO] - Closing browser

2021-11-23 17:11:00 - [MESSAGE][PASSED] - Browser is closed

2021-11-23 17:11:00 - [MESSAGE][INFO] - Invoke 'com.kms.katalon.core.annotation.AfterTestCase' method: 'Listener.sampleAfterTestSuite(...)' completed.]]></system-out>
         <system-err><![CDATA[]]></system-err>
      </testcase>
      <testcase name="Test Cases/Case Repository/Regresyon/e-Serbest Meslek Makbuzu/VKN-e-Serbest Meslek Makbuzu-Elektronik" time="101.162" classname="Test Cases/Case Repository/Regresyon/e-Serbest Meslek Makbuzu/VKN-e-Serbest Meslek Makbuzu-Elektronik" status="PASSED">
         <system-out><![CDATA[2021-11-23 17:11:00 - [TEST_CASE][PASSED] - Test Cases/Case Repository/Regresyon/e-Serbest Meslek Makbuzu/VKN-e-Serbest Meslek Makbuzu-Elektronik: Test Cases/Case Repository/Regresyon/e-Serbest Meslek Makbuzu/VKN-e-Serbest Meslek Makbuzu-Elektronik

2021-11-23 17:11:00 - [TEST_STEP][PASSED] - Start listener action : sampleBeforeTestSuite: Invoke 'com.kms.katalon.core.annotation.BeforeTestCase' method: 'Listener.sampleBeforeTestSuite(...)' completed.

2021-11-23 17:11:00 - [MESSAGE][INFO] - Starting invoke 'com.kms.katalon.core.annotation.BeforeTestCase' method: 'Listener.sampleBeforeTestSuite(...)'

2021-11-23 17:11:00 - [TEST_STEP][PASSED] - openBrowser(baseUrl): Browser is opened with url: 'https://efatura-stage.elogo.com.tr/'

2021-11-23 17:11:00 - [MESSAGE][INFO] - Opening browser

2021-11-23 17:11:00 - [MESSAGE][INFO] - Starting 'Chrome' driver

2021-11-23 17:11:00 - [MESSAGE][INFO] - User set preference: ['prefs', '{download.default_directory=C:\otomasyondownfiles}']

2021-11-23 17:11:00 - [MESSAGE][INFO] - Action delay is set to 0 milliseconds

2021-11-23 17:11:01 - [MESSAGE][INFO] - Navigating browser to: 'https://efatura-stage.elogo.com.tr/'

2021-11-23 17:11:07 - [MESSAGE][PASSED] - Browser is opened with url: 'https://efatura-stage.elogo.com.tr/'

2021-11-23 17:11:07 - [TEST_STEP][PASSED] - maximizeWindow(): Invoke 'com.kms.katalon.core.annotation.BeforeTestCase' method: 'Listener.sampleBeforeTestSuite(...)' completed.

2021-11-23 17:11:07 - [MESSAGE][INFO] - Maximizing current window

2021-11-23 17:11:07 - [MESSAGE][PASSED] - Current window maximized

2021-11-23 17:11:07 - [MESSAGE][INFO] - Invoke 'com.kms.katalon.core.annotation.BeforeTestCase' method: 'Listener.sampleBeforeTestSuite(...)' completed.

2021-11-23 17:11:07 - [TEST_STEP][PASSED] - runFeatureFile("Include/features/Regresyon/e-Serbest Meslek Makbuzu/VKN-e-Serbest Meslek Makbuzu-Elektronik.feature"): Feature file: 'Include/features/Regresyon/e-Serbest Meslek Makbuzu/VKN-e-Serbest Meslek Makbuzu-Elektronik.feature' was passed

2021-11-23 17:11:07 - [MESSAGE][INFO] - Starting run keyword runFeatureFile: 'Include/features/Regresyon/e-Serbest Meslek Makbuzu/VKN-e-Serbest Meslek Makbuzu-Elektronik.feature' and extract report to folder: 'C:\Users\DELL\Documents\GitHub\EES_KatalonLogo\Reports\20211123_163326\Suite Repository\Regresyon-eArsiv-eMakbuz\20211123_163404/cucumber_report/1637676667672'...

2021-11-23 17:11:07 - [MESSAGE][INFO] - Glue: []

2021-11-23 17:11:09 - [MESSAGE][INFO] - Checking called Test Case

2021-11-23 17:11:09 - [MESSAGE][INFO] - Starting to call Test Case 'Test Cases/Sayfalar/Giris_Sayfasi/Login'

2021-11-23 17:11:10 - [TEST_CASE][PASSED] - Test Cases/Sayfalar/Giris_Sayfasi/Login: Test Cases/Sayfalar/Giris_Sayfasi/Login

2021-11-23 17:11:10 - [TEST_STEP][PASSED] - Sayfa_Basligi = getWindowTitle(): Current window's title is: 'LOGO e-Fatura'

2021-11-23 17:11:10 - [MESSAGE][INFO] - Getting current window's title

2021-11-23 17:11:10 - [MESSAGE][PASSED] - Current window's title is: 'LOGO e-Fatura'

2021-11-23 17:11:10 - [TEST_STEP][PASSED] - verifyMatch(Sayfa_Basligi, "LOGO e-Fatura", false): Actual text 'LOGO e-Fatura' and expected text 'LOGO e-Fatura' are matched 

2021-11-23 17:11:10 - [MESSAGE][INFO] - Matching actual text 'LOGO e-Fatura' with expected text 'LOGO e-Fatura'

2021-11-23 17:11:10 - [MESSAGE][PASSED] - Actual text 'LOGO e-Fatura' and expected text 'LOGO e-Fatura' are matched 

2021-11-23 17:11:10 - [TEST_STEP][PASSED] - sendKeys(findTestObject("Sayfalar/Giris_Sayfasi/Firma_Kodu"), KullaniciAdi): Keys 'ELOGOGIB' sent to object: 'Object Repository/Sayfalar/Giris_Sayfasi/Firma_Kodu'

2021-11-23 17:11:10 - [MESSAGE][INFO] - Finding Test Object 'Object Repository/Sayfalar/Giris_Sayfasi/Firma_Kodu'

2021-11-23 17:11:10 - [MESSAGE][INFO] - Sending keys 'ELOGOGIB' to object: 'Object Repository/Sayfalar/Giris_Sayfasi/Firma_Kodu'

2021-11-23 17:11:10 - [MESSAGE][INFO] - Finding web element from Test Object's properties

2021-11-23 17:11:10 - [MESSAGE][INFO] - Checking timeout

2021-11-23 17:11:10 - [MESSAGE][INFO] - Finding web element with id: 'Object Repository/Sayfalar/Giris_Sayfasi/Firma_Kodu' located by 'By.xpath: //*[@id = 'AccountName']' in '30' second(s)

2021-11-23 17:11:10 - [MESSAGE][INFO] - Smart Wait Function is triggered

2021-11-23 17:11:10 - [MESSAGE][INFO] - Found 1 web elements with id: 'Object Repository/Sayfalar/Giris_Sayfasi/Firma_Kodu' located by 'By.xpath: //*[@id = 'AccountName']' in '30' second(s)

2021-11-23 17:11:10 - [MESSAGE][PASSED] - Keys 'ELOGOGIB' sent to object: 'Object Repository/Sayfalar/Giris_Sayfasi/Firma_Kodu'

2021-11-23 17:11:10 - [TEST_STEP][PASSED] - sendKeys(findTestObject("Sayfalar/Giris_Sayfasi/Sifre"), Sifre): Keys '123456' sent to object: 'Object Repository/Sayfalar/Giris_Sayfasi/Sifre'

2021-11-23 17:11:10 - [MESSAGE][INFO] - Finding Test Object 'Object Repository/Sayfalar/Giris_Sayfasi/Sifre'

2021-11-23 17:11:10 - [MESSAGE][INFO] - Sending keys '123456' to object: 'Object Repository/Sayfalar/Giris_Sayfasi/Sifre'

2021-11-23 17:11:10 - [MESSAGE][INFO] - Finding web element from Test Object's properties

2021-11-23 17:11:10 - [MESSAGE][INFO] - Checking timeout

2021-11-23 17:11:10 - [MESSAGE][INFO] - Finding web element with id: 'Object Repository/Sayfalar/Giris_Sayfasi/Sifre' located by 'By.xpath: //*[@id = 'Password']' in '30' second(s)

2021-11-23 17:11:10 - [MESSAGE][INFO] - Smart Wait Function is triggered

2021-11-23 17:11:10 - [MESSAGE][INFO] - Found 1 web elements with id: 'Object Repository/Sayfalar/Giris_Sayfasi/Sifre' located by 'By.xpath: //*[@id = 'Password']' in '30' second(s)

2021-11-23 17:11:10 - [MESSAGE][PASSED] - Keys '123456' sent to object: 'Object Repository/Sayfalar/Giris_Sayfasi/Sifre'

2021-11-23 17:11:10 - [TEST_STEP][PASSED] - findWebElement(findTestObject("Sayfalar/Giris_Sayfasi/Giris_Butonu")).click(): Found 1 web elements with id: 'Object Repository/Sayfalar/Giris_Sayfasi/Giris_Butonu' located by 'By.cssSelector: #btnLogin' in '30' second(s)

2021-11-23 17:11:10 - [MESSAGE][INFO] - Finding Test Object 'Object Repository/Sayfalar/Giris_Sayfasi/Giris_Butonu'

2021-11-23 17:11:11 - [MESSAGE][INFO] - Finding web element from Test Object's properties

2021-11-23 17:11:11 - [MESSAGE][INFO] - Checking timeout

2021-11-23 17:11:11 - [MESSAGE][INFO] - Finding web element with id: 'Object Repository/Sayfalar/Giris_Sayfasi/Giris_Butonu' located by 'By.cssSelector: #btnLogin' in '30' second(s)

2021-11-23 17:11:11 - [MESSAGE][INFO] - Smart Wait Function is triggered

2021-11-23 17:11:11 - [MESSAGE][INFO] - Found 1 web elements with id: 'Object Repository/Sayfalar/Giris_Sayfasi/Giris_Butonu' located by 'By.cssSelector: #btnLogin' in '30' second(s)

2021-11-23 17:11:14 - [TEST_STEP][PASSED] - if (verifyElementPresent(findTestObject("Object Repository/Sayfalar/Giris_Sayfasi/RetveTamam_Butonu"), 5, OPTIONAL)): null

2021-11-23 17:11:14 - [MESSAGE][INFO] - Finding Test Object 'Object Repository/Sayfalar/Giris_Sayfasi/RetveTamam_Butonu'

2021-11-23 17:11:14 - [MESSAGE][INFO] - Checking object

2021-11-23 17:11:14 - [MESSAGE][INFO] - Finding web element from Test Object's properties

2021-11-23 17:11:14 - [MESSAGE][INFO] - Checking timeout

2021-11-23 17:11:14 - [MESSAGE][INFO] - Finding web element with id: 'Object Repository/Sayfalar/Giris_Sayfasi/RetveTamam_Butonu' located by 'By.xpath: //*[@class = 'btn btn-default']' in '5' second(s)

2021-11-23 17:11:14 - [MESSAGE][INFO] - Smart Wait Function is triggered

2021-11-23 17:11:14 - [MESSAGE][INFO] - Found 1 web elements with id: 'Object Repository/Sayfalar/Giris_Sayfasi/RetveTamam_Butonu' located by 'By.xpath: //*[@class = 'btn btn-default']' in '5' second(s)

2021-11-23 17:11:14 - [MESSAGE][PASSED] - Object 'Object Repository/Sayfalar/Giris_Sayfasi/RetveTamam_Butonu' is present

2021-11-23 17:11:14 - [TEST_STEP][PASSED] - click(findTestObject("Object Repository/Sayfalar/Giris_Sayfasi/RetveTamam_Butonu")): Object: 'Object Repository/Sayfalar/Giris_Sayfasi/RetveTamam_Butonu' is clicked on

2021-11-23 17:11:14 - [MESSAGE][INFO] - Finding Test Object 'Object Repository/Sayfalar/Giris_Sayfasi/RetveTamam_Butonu'

2021-11-23 17:11:14 - [MESSAGE][INFO] - Checking object

2021-11-23 17:11:14 - [MESSAGE][INFO] - Finding web element from Test Object's properties

2021-11-23 17:11:14 - [MESSAGE][INFO] - Checking timeout

2021-11-23 17:11:14 - [MESSAGE][INFO] - Finding web element with id: 'Object Repository/Sayfalar/Giris_Sayfasi/RetveTamam_Butonu' located by 'By.xpath: //*[@class = 'btn btn-default']' in '30' second(s)

2021-11-23 17:11:14 - [MESSAGE][INFO] - Smart Wait Function is triggered

2021-11-23 17:11:14 - [MESSAGE][INFO] - Found 1 web elements with id: 'Object Repository/Sayfalar/Giris_Sayfasi/RetveTamam_Butonu' located by 'By.xpath: //*[@class = 'btn btn-default']' in '30' second(s)

2021-11-23 17:11:14 - [MESSAGE][INFO] - Clicking on object: 'Object Repository/Sayfalar/Giris_Sayfasi/RetveTamam_Butonu'

2021-11-23 17:11:14 - [MESSAGE][PASSED] - Object: 'Object Repository/Sayfalar/Giris_Sayfasi/RetveTamam_Butonu' is clicked on

2021-11-23 17:11:14 - [TEST_STEP][PASSED] - click(findTestObject("Object Repository/Sayfalar/Giris_Sayfasi/RetveTamam_Butonu")): Object: 'Object Repository/Sayfalar/Giris_Sayfasi/RetveTamam_Butonu' is clicked on

2021-11-23 17:11:14 - [MESSAGE][INFO] - Finding Test Object 'Object Repository/Sayfalar/Giris_Sayfasi/RetveTamam_Butonu'

2021-11-23 17:11:14 - [MESSAGE][INFO] - Checking object

2021-11-23 17:11:14 - [MESSAGE][INFO] - Finding web element from Test Object's properties

2021-11-23 17:11:14 - [MESSAGE][INFO] - Checking timeout

2021-11-23 17:11:14 - [MESSAGE][INFO] - Finding web element with id: 'Object Repository/Sayfalar/Giris_Sayfasi/RetveTamam_Butonu' located by 'By.xpath: //*[@class = 'btn btn-default']' in '30' second(s)

2021-11-23 17:11:14 - [MESSAGE][INFO] - Smart Wait Function is triggered

2021-11-23 17:11:17 - [MESSAGE][INFO] - Found 1 web elements with id: 'Object Repository/Sayfalar/Giris_Sayfasi/RetveTamam_Butonu' located by 'By.xpath: //*[@class = 'btn btn-default']' in '30' second(s)

2021-11-23 17:11:17 - [MESSAGE][INFO] - Clicking on object: 'Object Repository/Sayfalar/Giris_Sayfasi/RetveTamam_Butonu'

2021-11-23 17:11:17 - [MESSAGE][PASSED] - Object: 'Object Repository/Sayfalar/Giris_Sayfasi/RetveTamam_Butonu' is clicked on

2021-11-23 17:11:17 - [TEST_STEP][PASSED] - if (verifyElementPresent(findTestObject("Sayfalar/Giris_Sayfasi/PopupOK"), 5, OPTIONAL)): null

2021-11-23 17:11:17 - [MESSAGE][INFO] - Finding Test Object 'Object Repository/Sayfalar/Giris_Sayfasi/PopupOK'

2021-11-23 17:11:18 - [MESSAGE][INFO] - Checking object

2021-11-23 17:11:18 - [MESSAGE][INFO] - Finding web element from Test Object's properties

2021-11-23 17:11:18 - [MESSAGE][INFO] - Checking timeout

2021-11-23 17:11:18 - [MESSAGE][INFO] - Finding web element with id: 'Object Repository/Sayfalar/Giris_Sayfasi/PopupOK' located by 'By.cssSelector: .btn.btn-success' in '5' second(s)

2021-11-23 17:11:18 - [MESSAGE][INFO] - Smart Wait Function is triggered

2021-11-23 17:11:18 - [MESSAGE][INFO] - Found 1 web elements with id: 'Object Repository/Sayfalar/Giris_Sayfasi/PopupOK' located by 'By.cssSelector: .btn.btn-success' in '5' second(s)

2021-11-23 17:11:18 - [MESSAGE][PASSED] - Object 'Object Repository/Sayfalar/Giris_Sayfasi/PopupOK' is present

2021-11-23 17:11:18 - [TEST_STEP][PASSED] - click(findTestObject("Object Repository/Sayfalar/Giris_Sayfasi/PopupCarpiGiris")): Object: 'Object Repository/Sayfalar/Giris_Sayfasi/PopupCarpiGiris' is clicked on

2021-11-23 17:11:18 - [MESSAGE][INFO] - Finding Test Object 'Object Repository/Sayfalar/Giris_Sayfasi/PopupCarpiGiris'

2021-11-23 17:11:18 - [MESSAGE][INFO] - Checking object

2021-11-23 17:11:18 - [MESSAGE][INFO] - Finding web element from Test Object's properties

2021-11-23 17:11:18 - [MESSAGE][INFO] - Checking timeout

2021-11-23 17:11:18 - [MESSAGE][INFO] - Finding web element with id: 'Object Repository/Sayfalar/Giris_Sayfasi/PopupCarpiGiris' located by 'By.cssSelector: .bootbox-close-button.close' in '30' second(s)

2021-11-23 17:11:18 - [MESSAGE][INFO] - Smart Wait Function is triggered

2021-11-23 17:11:19 - [MESSAGE][INFO] - Found 1 web elements with id: 'Object Repository/Sayfalar/Giris_Sayfasi/PopupCarpiGiris' located by 'By.cssSelector: .bootbox-close-button.close' in '30' second(s)

2021-11-23 17:11:19 - [MESSAGE][INFO] - Clicking on object: 'Object Repository/Sayfalar/Giris_Sayfasi/PopupCarpiGiris'

2021-11-23 17:11:19 - [MESSAGE][PASSED] - Object: 'Object Repository/Sayfalar/Giris_Sayfasi/PopupCarpiGiris' is clicked on

2021-11-23 17:11:19 - [TEST_STEP][PASSED] - verifyElementVisible(findTestObject("Object Repository/Kullanici_Islemleri/KullaniciIslemleri")): Object 'Object Repository/Kullanici_Islemleri/KullaniciIslemleri' is visible

2021-11-23 17:11:19 - [MESSAGE][INFO] - Finding Test Object 'Object Repository/Kullanici_Islemleri/KullaniciIslemleri'

2021-11-23 17:11:19 - [MESSAGE][INFO] - Checking object

2021-11-23 17:11:19 - [MESSAGE][INFO] - Finding web element from Test Object's properties

2021-11-23 17:11:19 - [MESSAGE][INFO] - Checking timeout

2021-11-23 17:11:19 - [MESSAGE][INFO] - Finding web element with id: 'Object Repository/Kullanici_Islemleri/KullaniciIslemleri' located by 'By.cssSelector: .dropdown>a>img' in '30' second(s)

2021-11-23 17:11:19 - [MESSAGE][INFO] - Smart Wait Function is triggered

2021-11-23 17:11:19 - [MESSAGE][INFO] - Found 1 web elements with id: 'Object Repository/Kullanici_Islemleri/KullaniciIslemleri' located by 'By.cssSelector: .dropdown>a>img' in '30' second(s)

2021-11-23 17:11:20 - [MESSAGE][PASSED] - Object 'Object Repository/Kullanici_Islemleri/KullaniciIslemleri' is visible

2021-11-23 17:11:20 - [MESSAGE][PASSED] - Call Test Case 'Test Cases/Sayfalar/Giris_Sayfasi/Login' successfully

2021-11-23 17:11:20 - [MESSAGE][INFO] - Checking called Test Case

2021-11-23 17:11:20 - [MESSAGE][INFO] - Starting to call Test Case 'Test Cases/Menu/AnaMenuSecimi'

2021-11-23 17:11:20 - [TEST_CASE][PASSED] - Test Cases/Menu/AnaMenuSecimi: Test Cases/Menu/AnaMenuSecimi

2021-11-23 17:11:20 - [TEST_STEP][PASSED] - Method.TextDegerineEsitElementeTikla(findTestObject("Menu/Ana_Menu"), Ana_Menu): Method.TextDegerineEsitElementeTikla is PASSED

2021-11-23 17:11:20 - [MESSAGE][INFO] - Finding Test Object 'Object Repository/Menu/Ana_Menu'

2021-11-23 17:11:20 - [MESSAGE][INFO] - Checking timeout

2021-11-23 17:11:20 - [MESSAGE][INFO] - Finding web element with id: 'Object Repository/Menu/Ana_Menu' located by 'By.xpath: //*[@class = 'dropdown-toggle']' in '10' second(s)

2021-11-23 17:11:20 - [MESSAGE][INFO] - Smart Wait Function is triggered

2021-11-23 17:11:20 - [MESSAGE][INFO] - Found 14 web elements with id: 'Object Repository/Menu/Ana_Menu' located by 'By.xpath: //*[@class = 'dropdown-toggle']' in '10' second(s)

2021-11-23 17:11:20 - [MESSAGE][PASSED] - Method.TextDegerineEsitElementeTikla is PASSED

2021-11-23 17:11:20 - [MESSAGE][PASSED] - Call Test Case 'Test Cases/Menu/AnaMenuSecimi' successfully

2021-11-23 17:11:20 - [MESSAGE][INFO] - Checking called Test Case

2021-11-23 17:11:20 - [MESSAGE][INFO] - Starting to call Test Case 'Test Cases/Menu/BasligaGoreAltMenuSecimi'

2021-11-23 17:11:20 - [TEST_CASE][PASSED] - Test Cases/Menu/BasligaGoreAltMenuSecimi: Test Cases/Menu/BasligaGoreAltMenuSecimi

2021-11-23 17:11:20 - [TEST_STEP][PASSED] - Method.TextDegerineEsitElementinAltindakiTextDegerineEsitOlanaTikla(findTestObject("Menu/Menu_Basligi"), findTestObject("Menu/Basliga_Gore_Alt_Menu"), Baslik, Alt_Menu): Method.TextDegerineEsitElementinAltindakiTextDegerineEsitOlanaTikla is PASSED

2021-11-23 17:11:20 - [MESSAGE][INFO] - Finding Test Object 'Object Repository/Menu/Menu_Basligi'

2021-11-23 17:11:20 - [MESSAGE][INFO] - Finding Test Object 'Object Repository/Menu/Basliga_Gore_Alt_Menu'

2021-11-23 17:11:21 - [MESSAGE][INFO] - Checking timeout

2021-11-23 17:11:21 - [MESSAGE][INFO] - Finding web element with id: 'Object Repository/Menu/Menu_Basligi' located by 'By.xpath: //li[@class='dropdown dropdown-large open']//li[@class='dropdown-header']' in '10' second(s)

2021-11-23 17:11:21 - [MESSAGE][INFO] - Smart Wait Function is triggered

2021-11-23 17:11:21 - [MESSAGE][INFO] - Found 2 web elements with id: 'Object Repository/Menu/Menu_Basligi' located by 'By.xpath: //li[@class='dropdown dropdown-large open']//li[@class='dropdown-header']' in '10' second(s)

2021-11-23 17:11:21 - [MESSAGE][INFO] - Smart Wait Function is triggered

2021-11-23 17:11:28 - [MESSAGE][PASSED] - Method.TextDegerineEsitElementinAltindakiTextDegerineEsitOlanaTikla is PASSED

2021-11-23 17:11:28 - [MESSAGE][PASSED] - Call Test Case 'Test Cases/Menu/BasligaGoreAltMenuSecimi' successfully

2021-11-23 17:11:28 - [MESSAGE][INFO] - Checking called Test Case

2021-11-23 17:11:28 - [MESSAGE][INFO] - Starting to call Test Case 'Test Cases/Tablo/Olusturma Tarihi'

2021-11-23 17:11:28 - [TEST_CASE][PASSED] - Test Cases/Tablo/Olusturma Tarihi: Test Cases/Tablo/Olusturma Tarihi

2021-11-23 17:11:28 - [TEST_STEP][PASSED] - if (verifyTextNotPresent("Görüntülenecek veri yok", true, OPTIONAL)): null

2021-11-23 17:11:28 - [MESSAGE][INFO] - Checking text present  using regular expression

2021-11-23 17:11:28 - [MESSAGE][INFO] - Smart Wait Function is triggered

2021-11-23 17:11:28 - [MESSAGE][INFO] - Finding text 'Görüntülenecek veri yok' on page  using regular expression

2021-11-23 17:11:28 - [MESSAGE][PASSED] - Text 'Görüntülenecek veri yok' is not present on page using regular expression

2021-11-23 17:11:28 - [TEST_STEP][PASSED] - click(findTestObject("Temizle/Olusturma_Tarihi_CheckBox")): Object: 'Object Repository/Temizle/Olusturma_Tarihi_CheckBox' is clicked on

2021-11-23 17:11:28 - [MESSAGE][INFO] - Finding Test Object 'Object Repository/Temizle/Olusturma_Tarihi_CheckBox'

2021-11-23 17:11:28 - [MESSAGE][INFO] - Checking object

2021-11-23 17:11:28 - [MESSAGE][INFO] - Finding web element from Test Object's properties

2021-11-23 17:11:28 - [MESSAGE][INFO] - Checking timeout

2021-11-23 17:11:28 - [MESSAGE][INFO] - Finding web element with id: 'Object Repository/Temizle/Olusturma_Tarihi_CheckBox' located by 'By.xpath: //*[@title = 'Bu sayfadaki tüm satırları Seç']' in '30' second(s)

2021-11-23 17:11:28 - [MESSAGE][INFO] - Smart Wait Function is triggered

2021-11-23 17:11:29 - [MESSAGE][INFO] - Found 1 web elements with id: 'Object Repository/Temizle/Olusturma_Tarihi_CheckBox' located by 'By.xpath: //*[@title = 'Bu sayfadaki tüm satırları Seç']' in '30' second(s)

2021-11-23 17:11:29 - [MESSAGE][INFO] - Clicking on object: 'Object Repository/Temizle/Olusturma_Tarihi_CheckBox'

2021-11-23 17:11:29 - [MESSAGE][PASSED] - Object: 'Object Repository/Temizle/Olusturma_Tarihi_CheckBox' is clicked on

2021-11-23 17:11:29 - [TEST_STEP][PASSED] - Method.TextDegerineEsitElementeTiklaEquals(findTestObject("Butonlar/Butonlar"), "Sil"): Method.TextDegerineEsitElementeTiklaEquals is PASSED

2021-11-23 17:11:29 - [MESSAGE][INFO] - Finding Test Object 'Object Repository/Butonlar/Butonlar'

2021-11-23 17:11:29 - [MESSAGE][INFO] - Checking timeout

2021-11-23 17:11:29 - [MESSAGE][INFO] - Finding web element with id: 'Object Repository/Butonlar/Butonlar' located by 'By.cssSelector: .panel.panel-default.text-center.footerPanel .btn,.btn.btn-primary.btnControls' in '10' second(s)

2021-11-23 17:11:29 - [MESSAGE][INFO] - Smart Wait Function is triggered

2021-11-23 17:11:29 - [MESSAGE][INFO] - Found 7 web elements with id: 'Object Repository/Butonlar/Butonlar' located by 'By.cssSelector: .panel.panel-default.text-center.footerPanel .btn,.btn.btn-primary.btnControls' in '10' second(s)

2021-11-23 17:11:29 - [MESSAGE][PASSED] - Method.TextDegerineEsitElementeTiklaEquals is PASSED

2021-11-23 17:11:29 - [TEST_STEP][PASSED] - Method.TextDegerineEsitElementeTikla(findTestObject("Popup/Popup_Butons"), "Evet"): Method.TextDegerineEsitElementeTikla is PASSED

2021-11-23 17:11:29 - [MESSAGE][INFO] - Finding Test Object 'Object Repository/Popup/Popup_Butons'

2021-11-23 17:11:29 - [MESSAGE][INFO] - Checking timeout

2021-11-23 17:11:29 - [MESSAGE][INFO] - Finding web element with id: 'Object Repository/Popup/Popup_Butons' located by 'By.cssSelector: .modal-footer>button' in '10' second(s)

2021-11-23 17:11:29 - [MESSAGE][INFO] - Smart Wait Function is triggered

2021-11-23 17:11:30 - [MESSAGE][INFO] - Found 2 web elements with id: 'Object Repository/Popup/Popup_Butons' located by 'By.cssSelector: .modal-footer>button' in '10' second(s)

2021-11-23 17:11:31 - [MESSAGE][PASSED] - Method.TextDegerineEsitElementeTikla is PASSED

2021-11-23 17:11:31 - [TEST_STEP][PASSED] - Method.TextDegerineEsitElementeTikla(findTestObject("Popup/Popup_Butons"), "Tamam"): Method.TextDegerineEsitElementeTikla is PASSED

2021-11-23 17:11:31 - [MESSAGE][INFO] - Finding Test Object 'Object Repository/Popup/Popup_Butons'

2021-11-23 17:11:31 - [MESSAGE][INFO] - Checking timeout

2021-11-23 17:11:31 - [MESSAGE][INFO] - Finding web element with id: 'Object Repository/Popup/Popup_Butons' located by 'By.cssSelector: .modal-footer>button' in '10' second(s)

2021-11-23 17:11:31 - [MESSAGE][INFO] - Smart Wait Function is triggered

2021-11-23 17:11:31 - [MESSAGE][INFO] - Found 1 web elements with id: 'Object Repository/Popup/Popup_Butons' located by 'By.cssSelector: .modal-footer>button' in '10' second(s)

2021-11-23 17:11:31 - [MESSAGE][PASSED] - Method.TextDegerineEsitElementeTikla is PASSED

2021-11-23 17:11:31 - [MESSAGE][PASSED] - Call Test Case 'Test Cases/Tablo/Olusturma Tarihi' successfully

2021-11-23 17:11:31 - [MESSAGE][INFO] - Checking called Test Case

2021-11-23 17:11:31 - [MESSAGE][INFO] - Starting to call Test Case 'Test Cases/Butonlar/ButonaTikla'

2021-11-23 17:11:32 - [TEST_CASE][PASSED] - Test Cases/Butonlar/ButonaTikla: Test Cases/Butonlar/ButonaTikla

2021-11-23 17:11:32 - [TEST_STEP][PASSED] - Method.TextDegerineEsitElementeTiklaEquals(findTestObject("Butonlar/Butonlar"), Buton_Adi): Method.TextDegerineEsitElementeTiklaEquals is PASSED

2021-11-23 17:11:32 - [MESSAGE][INFO] - Finding Test Object 'Object Repository/Butonlar/Butonlar'

2021-11-23 17:11:32 - [MESSAGE][INFO] - Checking timeout

2021-11-23 17:11:32 - [MESSAGE][INFO] - Finding web element with id: 'Object Repository/Butonlar/Butonlar' located by 'By.cssSelector: .panel.panel-default.text-center.footerPanel .btn,.btn.btn-primary.btnControls' in '10' second(s)

2021-11-23 17:11:32 - [MESSAGE][INFO] - Smart Wait Function is triggered

2021-11-23 17:11:32 - [MESSAGE][INFO] - Found 7 web elements with id: 'Object Repository/Butonlar/Butonlar' located by 'By.cssSelector: .panel.panel-default.text-center.footerPanel .btn,.btn.btn-primary.btnControls' in '10' second(s)

2021-11-23 17:11:32 - [MESSAGE][PASSED] - Method.TextDegerineEsitElementeTiklaEquals is PASSED

2021-11-23 17:11:32 - [MESSAGE][PASSED] - Call Test Case 'Test Cases/Butonlar/ButonaTikla' successfully

2021-11-23 17:11:32 - [MESSAGE][INFO] - Checking called Test Case

2021-11-23 17:11:32 - [MESSAGE][INFO] - Starting to call Test Case 'Test Cases/Olusturma/Genel/GorselTasarimSayfasıBasligiIceriyorMu'

2021-11-23 17:11:32 - [TEST_CASE][PASSED] - Test Cases/Olusturma/Genel/GorselTasarimSayfasıBasligiIceriyorMu: Test Cases/Olusturma/Genel/GorselTasarimSayfasıBasligiIceriyorMu

2021-11-23 17:11:32 - [TEST_STEP][PASSED] - verifyElementText(findTestObject("Object Repository/Olusturma/Genel/GorselTasarimBaslik"), Baslik): Actual text and expected text of test object 'Object Repository/Olusturma/Genel/GorselTasarimBaslik' are matched.

2021-11-23 17:11:32 - [MESSAGE][INFO] - Finding Test Object 'Object Repository/Olusturma/Genel/GorselTasarimBaslik'

2021-11-23 17:11:33 - [MESSAGE][INFO] - Checking object

2021-11-23 17:11:33 - [MESSAGE][INFO] - Finding web element from Test Object's properties

2021-11-23 17:11:33 - [MESSAGE][INFO] - Checking timeout

2021-11-23 17:11:33 - [MESSAGE][INFO] - Finding web element with id: 'Object Repository/Olusturma/Genel/GorselTasarimBaslik' located by 'By.cssSelector: #flAlici_0>div>span' in '30' second(s)

2021-11-23 17:11:33 - [MESSAGE][INFO] - Smart Wait Function is triggered

2021-11-23 17:11:35 - [MESSAGE][INFO] - Found 1 web elements with id: 'Object Repository/Olusturma/Genel/GorselTasarimBaslik' located by 'By.cssSelector: #flAlici_0>div>span' in '30' second(s)

2021-11-23 17:11:35 - [MESSAGE][PASSED] - Actual text and expected text of test object 'Object Repository/Olusturma/Genel/GorselTasarimBaslik' are matched.

2021-11-23 17:11:35 - [MESSAGE][PASSED] - Call Test Case 'Test Cases/Olusturma/Genel/GorselTasarimSayfasıBasligiIceriyorMu' successfully

2021-11-23 17:11:35 - [MESSAGE][INFO] - Checking called Test Case

2021-11-23 17:11:35 - [MESSAGE][INFO] - Starting to call Test Case 'Test Cases/Olusturma/Genel/AliciSecilir'

2021-11-23 17:11:35 - [TEST_CASE][PASSED] - Test Cases/Olusturma/Genel/AliciSecilir: Test Cases/Olusturma/Genel/AliciSecilir

2021-11-23 17:11:35 - [TEST_STEP][PASSED] - click(findTestObject("Olusturma/Genel/AliciBilgisi/Alici_Ara")): Object: 'Object Repository/Olusturma/Genel/AliciBilgisi/Alici_Ara' is clicked on

2021-11-23 17:11:35 - [MESSAGE][INFO] - Finding Test Object 'Object Repository/Olusturma/Genel/AliciBilgisi/Alici_Ara'

2021-11-23 17:11:35 - [MESSAGE][INFO] - Checking object

2021-11-23 17:11:35 - [MESSAGE][INFO] - Finding web element from Test Object's properties

2021-11-23 17:11:35 - [MESSAGE][INFO] - Checking timeout

2021-11-23 17:11:35 - [MESSAGE][INFO] - Finding web element with id: 'Object Repository/Olusturma/Genel/AliciBilgisi/Alici_Ara' located by 'By.xpath: //td[@id='txtCustomerText_B-1']' in '30' second(s)

2021-11-23 17:11:35 - [MESSAGE][INFO] - Smart Wait Function is triggered

2021-11-23 17:11:35 - [MESSAGE][INFO] - Found 1 web elements with id: 'Object Repository/Olusturma/Genel/AliciBilgisi/Alici_Ara' located by 'By.xpath: //td[@id='txtCustomerText_B-1']' in '30' second(s)

2021-11-23 17:11:35 - [MESSAGE][INFO] - Clicking on object: 'Object Repository/Olusturma/Genel/AliciBilgisi/Alici_Ara'

2021-11-23 17:11:35 - [MESSAGE][PASSED] - Object: 'Object Repository/Olusturma/Genel/AliciBilgisi/Alici_Ara' is clicked on

2021-11-23 17:11:35 - [TEST_STEP][PASSED] - click(findTestObject("Olusturma/Genel/AliciBilgisi/Alici_Bilgisi")): Object: 'Object Repository/Olusturma/Genel/AliciBilgisi/Alici_Bilgisi' is clicked on

2021-11-23 17:11:35 - [MESSAGE][INFO] - Finding Test Object 'Object Repository/Olusturma/Genel/AliciBilgisi/Alici_Bilgisi'

2021-11-23 17:11:35 - [MESSAGE][INFO] - Checking object

2021-11-23 17:11:35 - [MESSAGE][INFO] - Finding web element from Test Object's properties

2021-11-23 17:11:35 - [MESSAGE][INFO] - Checking timeout

2021-11-23 17:11:35 - [MESSAGE][INFO] - Finding web element with id: 'Object Repository/Olusturma/Genel/AliciBilgisi/Alici_Bilgisi' located by 'By.xpath: //iframe[@id='customerselectiframe']' in '30' second(s)

2021-11-23 17:11:35 - [MESSAGE][INFO] - Smart Wait Function is triggered

2021-11-23 17:11:36 - [MESSAGE][INFO] - Found 1 web elements with id: 'Object Repository/Olusturma/Genel/AliciBilgisi/Alici_Bilgisi' located by 'By.xpath: //iframe[@id='customerselectiframe']' in '30' second(s)

2021-11-23 17:11:36 - [MESSAGE][INFO] - Clicking on object: 'Object Repository/Olusturma/Genel/AliciBilgisi/Alici_Bilgisi'

2021-11-23 17:11:36 - [MESSAGE][PASSED] - Object: 'Object Repository/Olusturma/Genel/AliciBilgisi/Alici_Bilgisi' is clicked on

2021-11-23 17:11:36 - [TEST_STEP][PASSED] - setText(findTestObject("Olusturma/Genel/AliciBilgisi/Alici_Gir"), Alici_Adi): Switching to default content

2021-11-23 17:11:36 - [MESSAGE][INFO] - Finding Test Object 'Object Repository/Olusturma/Genel/AliciBilgisi/Alici_Gir'

2021-11-23 17:11:36 - [MESSAGE][INFO] - Finding Test Object 'Object Repository/Olusturma/Genel/AliciBilgisi/Alici_Bilgisi'

2021-11-23 17:11:36 - [MESSAGE][INFO] - Checking object

2021-11-23 17:11:36 - [MESSAGE][INFO] - Checking text

2021-11-23 17:11:36 - [MESSAGE][INFO] - Object: 'Object Repository/Olusturma/Genel/AliciBilgisi/Alici_Gir' has parent object(s)

2021-11-23 17:11:36 - [MESSAGE][INFO] - Switching to iframe: 'Object Repository/Olusturma/Genel/AliciBilgisi/Alici_Bilgisi'

2021-11-23 17:11:36 - [MESSAGE][INFO] - Finding web element from Test Object's properties

2021-11-23 17:11:36 - [MESSAGE][INFO] - Checking timeout

2021-11-23 17:11:36 - [MESSAGE][INFO] - Finding web element with id: 'Object Repository/Olusturma/Genel/AliciBilgisi/Alici_Bilgisi' located by 'By.xpath: //iframe[@id='customerselectiframe']' in '30' second(s)

2021-11-23 17:11:36 - [MESSAGE][INFO] - Smart Wait Function is triggered

2021-11-23 17:11:36 - [MESSAGE][INFO] - Found 1 web elements with id: 'Object Repository/Olusturma/Genel/AliciBilgisi/Alici_Bilgisi' located by 'By.xpath: //iframe[@id='customerselectiframe']' in '30' second(s)

2021-11-23 17:11:36 - [MESSAGE][INFO] - Switched to iframe: 'Object Repository/Olusturma/Genel/AliciBilgisi/Alici_Bilgisi'

2021-11-23 17:11:36 - [MESSAGE][INFO] - Finding web element from Test Object's properties

2021-11-23 17:11:36 - [MESSAGE][INFO] - Checking timeout

2021-11-23 17:11:36 - [MESSAGE][INFO] - Finding web element with id: 'Object Repository/Olusturma/Genel/AliciBilgisi/Alici_Gir' located by 'By.xpath: //input[@id='GridViewCustomer_DXFREditorcol1_I']' in '30' second(s)

2021-11-23 17:11:36 - [MESSAGE][INFO] - Smart Wait Function is triggered

2021-11-23 17:11:36 - [MESSAGE][INFO] - Found 1 web elements with id: 'Object Repository/Olusturma/Genel/AliciBilgisi/Alici_Gir' located by 'By.xpath: //input[@id='GridViewCustomer_DXFREditorcol1_I']' in '30' second(s)

2021-11-23 17:11:36 - [MESSAGE][INFO] - Clearing text of object 'Object Repository/Olusturma/Genel/AliciBilgisi/Alici_Gir'

2021-11-23 17:11:36 - [MESSAGE][INFO] - Finding web element from Test Object's properties

2021-11-23 17:11:36 - [MESSAGE][INFO] - Checking timeout

2021-11-23 17:11:36 - [MESSAGE][INFO] - Finding web element with id: 'Object Repository/Olusturma/Genel/AliciBilgisi/Alici_Gir' located by 'By.xpath: //input[@id='GridViewCustomer_DXFREditorcol1_I']' in '30' second(s)

2021-11-23 17:11:36 - [MESSAGE][INFO] - Smart Wait Function is triggered

2021-11-23 17:11:36 - [MESSAGE][INFO] - Found 1 web elements with id: 'Object Repository/Olusturma/Genel/AliciBilgisi/Alici_Gir' located by 'By.xpath: //input[@id='GridViewCustomer_DXFREditorcol1_I']' in '30' second(s)

2021-11-23 17:11:36 - [MESSAGE][INFO] - Setting text of object 'Object Repository/Olusturma/Genel/AliciBilgisi/Alici_Gir' to value 'VirgosolSerbestMeslekVKN'

2021-11-23 17:11:37 - [MESSAGE][PASSED] - Text 'VirgosolSerbestMeslekVKN' is set on object 'Object Repository/Olusturma/Genel/AliciBilgisi/Alici_Gir'

2021-11-23 17:11:37 - [MESSAGE][INFO] - Switching to default content

2021-11-23 17:11:37 - [TEST_STEP][PASSED] - waitForElementClickable(findTestObject("Olusturma/Genel/AliciBilgisi/Alici_Adi"), 10): Switching to default content

2021-11-23 17:11:37 - [MESSAGE][INFO] - Finding Test Object 'Object Repository/Olusturma/Genel/AliciBilgisi/Alici_Adi'

2021-11-23 17:11:37 - [MESSAGE][INFO] - Finding Test Object 'Object Repository/Olusturma/Genel/AliciBilgisi/iframe_Alc Bilgisi_customerselectiframe'

2021-11-23 17:11:37 - [MESSAGE][INFO] - Checking object

2021-11-23 17:11:37 - [MESSAGE][INFO] - Checking timeout

2021-11-23 17:11:37 - [MESSAGE][INFO] - Object: 'Object Repository/Olusturma/Genel/AliciBilgisi/Alici_Adi' has parent object(s)

2021-11-23 17:11:37 - [MESSAGE][INFO] - Switching to iframe: 'Object Repository/Olusturma/Genel/AliciBilgisi/iframe_Alc Bilgisi_customerselectiframe'

2021-11-23 17:11:37 - [MESSAGE][INFO] - Finding web element from Test Object's properties

2021-11-23 17:11:37 - [MESSAGE][INFO] - Checking timeout

2021-11-23 17:11:37 - [MESSAGE][INFO] - Finding web element with id: 'Object Repository/Olusturma/Genel/AliciBilgisi/iframe_Alc Bilgisi_customerselectiframe' located by 'By.xpath: //iframe[@id='customerselectiframe']' in '10' second(s)

2021-11-23 17:11:37 - [MESSAGE][INFO] - Smart Wait Function is triggered

2021-11-23 17:11:37 - [MESSAGE][INFO] - Found 1 web elements with id: 'Object Repository/Olusturma/Genel/AliciBilgisi/iframe_Alc Bilgisi_customerselectiframe' located by 'By.xpath: //iframe[@id='customerselectiframe']' in '10' second(s)

2021-11-23 17:11:37 - [MESSAGE][INFO] - Switched to iframe: 'Object Repository/Olusturma/Genel/AliciBilgisi/iframe_Alc Bilgisi_customerselectiframe'

2021-11-23 17:11:37 - [MESSAGE][INFO] - Finding web element from Test Object's properties

2021-11-23 17:11:37 - [MESSAGE][INFO] - Checking timeout

2021-11-23 17:11:37 - [MESSAGE][INFO] - Finding web element with id: 'Object Repository/Olusturma/Genel/AliciBilgisi/Alici_Adi' located by 'By.xpath: //tr[@id='GridViewCustomer_DXDataRow0']/td[2]' in '10' second(s)

2021-11-23 17:11:37 - [MESSAGE][INFO] - Smart Wait Function is triggered

2021-11-23 17:11:37 - [MESSAGE][INFO] - Found 1 web elements with id: 'Object Repository/Olusturma/Genel/AliciBilgisi/Alici_Adi' located by 'By.xpath: //tr[@id='GridViewCustomer_DXDataRow0']/td[2]' in '10' second(s)

2021-11-23 17:11:37 - [MESSAGE][PASSED] - Object 'Object Repository/Olusturma/Genel/AliciBilgisi/Alici_Adi' is clickable

2021-11-23 17:11:37 - [MESSAGE][INFO] - Switching to default content

2021-11-23 17:11:37 - [TEST_STEP][PASSED] - click(findTestObject("Olusturma/Genel/AliciBilgisi/frame")): Switching to default content

2021-11-23 17:11:37 - [MESSAGE][INFO] - Finding Test Object 'Object Repository/Olusturma/Genel/AliciBilgisi/frame'

2021-11-23 17:11:37 - [MESSAGE][INFO] - Finding Test Object 'Object Repository/Olusturma/Genel/AliciBilgisi/iframe_Alc Bilgisi_customerselectiframe'

2021-11-23 17:11:37 - [MESSAGE][INFO] - Checking object

2021-11-23 17:11:37 - [MESSAGE][INFO] - Object: 'Object Repository/Olusturma/Genel/AliciBilgisi/frame' has parent object(s)

2021-11-23 17:11:37 - [MESSAGE][INFO] - Switching to iframe: 'Object Repository/Olusturma/Genel/AliciBilgisi/iframe_Alc Bilgisi_customerselectiframe'

2021-11-23 17:11:37 - [MESSAGE][INFO] - Finding web element from Test Object's properties

2021-11-23 17:11:37 - [MESSAGE][INFO] - Checking timeout

2021-11-23 17:11:37 - [MESSAGE][INFO] - Finding web element with id: 'Object Repository/Olusturma/Genel/AliciBilgisi/iframe_Alc Bilgisi_customerselectiframe' located by 'By.xpath: //iframe[@id='customerselectiframe']' in '30' second(s)

2021-11-23 17:11:37 - [MESSAGE][INFO] - Smart Wait Function is triggered

2021-11-23 17:11:38 - [MESSAGE][INFO] - Found 1 web elements with id: 'Object Repository/Olusturma/Genel/AliciBilgisi/iframe_Alc Bilgisi_customerselectiframe' located by 'By.xpath: //iframe[@id='customerselectiframe']' in '30' second(s)

2021-11-23 17:11:38 - [MESSAGE][INFO] - Switched to iframe: 'Object Repository/Olusturma/Genel/AliciBilgisi/iframe_Alc Bilgisi_customerselectiframe'

2021-11-23 17:11:38 - [MESSAGE][INFO] - Finding web element from Test Object's properties

2021-11-23 17:11:38 - [MESSAGE][INFO] - Checking timeout

2021-11-23 17:11:38 - [MESSAGE][INFO] - Finding web element with id: 'Object Repository/Olusturma/Genel/AliciBilgisi/frame' located by 'By.xpath: //*/text()[normalize-space(.)='']/parent::*' in '30' second(s)

2021-11-23 17:11:38 - [MESSAGE][INFO] - Smart Wait Function is triggered

2021-11-23 17:11:38 - [MESSAGE][INFO] - Found 73 web elements with id: 'Object Repository/Olusturma/Genel/AliciBilgisi/frame' located by 'By.xpath: //*/text()[normalize-space(.)='']/parent::*' in '30' second(s)

2021-11-23 17:11:38 - [MESSAGE][INFO] - Clicking on object: 'Object Repository/Olusturma/Genel/AliciBilgisi/frame'

2021-11-23 17:11:38 - [MESSAGE][PASSED] - Object: 'Object Repository/Olusturma/Genel/AliciBilgisi/frame' is clicked on

2021-11-23 17:11:38 - [MESSAGE][INFO] - Switching to default content

2021-11-23 17:11:38 - [TEST_STEP][PASSED] - click(findTestObject("Olusturma/Genel/AliciBilgisi/Alici_Adi")): Switching to default content

2021-11-23 17:11:38 - [MESSAGE][INFO] - Finding Test Object 'Object Repository/Olusturma/Genel/AliciBilgisi/Alici_Adi'

2021-11-23 17:11:38 - [MESSAGE][INFO] - Finding Test Object 'Object Repository/Olusturma/Genel/AliciBilgisi/iframe_Alc Bilgisi_customerselectiframe'

2021-11-23 17:11:38 - [MESSAGE][INFO] - Checking object

2021-11-23 17:11:38 - [MESSAGE][INFO] - Object: 'Object Repository/Olusturma/Genel/AliciBilgisi/Alici_Adi' has parent object(s)

2021-11-23 17:11:38 - [MESSAGE][INFO] - Switching to iframe: 'Object Repository/Olusturma/Genel/AliciBilgisi/iframe_Alc Bilgisi_customerselectiframe'

2021-11-23 17:11:38 - [MESSAGE][INFO] - Finding web element from Test Object's properties

2021-11-23 17:11:38 - [MESSAGE][INFO] - Checking timeout

2021-11-23 17:11:38 - [MESSAGE][INFO] - Finding web element with id: 'Object Repository/Olusturma/Genel/AliciBilgisi/iframe_Alc Bilgisi_customerselectiframe' located by 'By.xpath: //iframe[@id='customerselectiframe']' in '30' second(s)

2021-11-23 17:11:38 - [MESSAGE][INFO] - Smart Wait Function is triggered

2021-11-23 17:11:38 - [MESSAGE][INFO] - Found 1 web elements with id: 'Object Repository/Olusturma/Genel/AliciBilgisi/iframe_Alc Bilgisi_customerselectiframe' located by 'By.xpath: //iframe[@id='customerselectiframe']' in '30' second(s)

2021-11-23 17:11:38 - [MESSAGE][INFO] - Switched to iframe: 'Object Repository/Olusturma/Genel/AliciBilgisi/iframe_Alc Bilgisi_customerselectiframe'

2021-11-23 17:11:38 - [MESSAGE][INFO] - Finding web element from Test Object's properties

2021-11-23 17:11:38 - [MESSAGE][INFO] - Checking timeout

2021-11-23 17:11:38 - [MESSAGE][INFO] - Finding web element with id: 'Object Repository/Olusturma/Genel/AliciBilgisi/Alici_Adi' located by 'By.xpath: //tr[@id='GridViewCustomer_DXDataRow0']/td[2]' in '30' second(s)

2021-11-23 17:11:38 - [MESSAGE][INFO] - Smart Wait Function is triggered

2021-11-23 17:11:38 - [MESSAGE][INFO] - Found 1 web elements with id: 'Object Repository/Olusturma/Genel/AliciBilgisi/Alici_Adi' located by 'By.xpath: //tr[@id='GridViewCustomer_DXDataRow0']/td[2]' in '30' second(s)

2021-11-23 17:11:38 - [MESSAGE][INFO] - Clicking on object: 'Object Repository/Olusturma/Genel/AliciBilgisi/Alici_Adi'

2021-11-23 17:11:38 - [MESSAGE][PASSED] - Object: 'Object Repository/Olusturma/Genel/AliciBilgisi/Alici_Adi' is clicked on

2021-11-23 17:11:38 - [MESSAGE][INFO] - Switching to default content

2021-11-23 17:11:38 - [TEST_STEP][PASSED] - click(findTestObject("Olusturma/Genel/AliciBilgisi/Tamam_Bosluk")): Switching to default content

2021-11-23 17:11:38 - [MESSAGE][INFO] - Finding Test Object 'Object Repository/Olusturma/Genel/AliciBilgisi/Tamam_Bosluk'

2021-11-23 17:11:38 - [MESSAGE][INFO] - Finding Test Object 'Object Repository/Olusturma/Genel/AliciBilgisi/Alici_Bilgisi'

2021-11-23 17:11:39 - [MESSAGE][INFO] - Checking object

2021-11-23 17:11:39 - [MESSAGE][INFO] - Object: 'Object Repository/Olusturma/Genel/AliciBilgisi/Tamam_Bosluk' has parent object(s)

2021-11-23 17:11:39 - [MESSAGE][INFO] - Switching to iframe: 'Object Repository/Olusturma/Genel/AliciBilgisi/Alici_Bilgisi'

2021-11-23 17:11:39 - [MESSAGE][INFO] - Finding web element from Test Object's properties

2021-11-23 17:11:39 - [MESSAGE][INFO] - Checking timeout

2021-11-23 17:11:39 - [MESSAGE][INFO] - Finding web element with id: 'Object Repository/Olusturma/Genel/AliciBilgisi/Alici_Bilgisi' located by 'By.xpath: //iframe[@id='customerselectiframe']' in '30' second(s)

2021-11-23 17:11:39 - [MESSAGE][INFO] - Smart Wait Function is triggered

2021-11-23 17:11:39 - [MESSAGE][INFO] - Found 1 web elements with id: 'Object Repository/Olusturma/Genel/AliciBilgisi/Alici_Bilgisi' located by 'By.xpath: //iframe[@id='customerselectiframe']' in '30' second(s)

2021-11-23 17:11:39 - [MESSAGE][INFO] - Switched to iframe: 'Object Repository/Olusturma/Genel/AliciBilgisi/Alici_Bilgisi'

2021-11-23 17:11:39 - [MESSAGE][INFO] - Finding web element from Test Object's properties

2021-11-23 17:11:39 - [MESSAGE][INFO] - Checking timeout

2021-11-23 17:11:39 - [MESSAGE][INFO] - Finding web element with id: 'Object Repository/Olusturma/Genel/AliciBilgisi/Tamam_Bosluk' located by 'By.xpath: (.//*[normalize-space(text()) and normalize-space(.)='Sayfa Boyutu:'])[1]/following::div[7]' in '30' second(s)

2021-11-23 17:11:39 - [MESSAGE][INFO] - Smart Wait Function is triggered

2021-11-23 17:11:39 - [MESSAGE][INFO] - Found 1 web elements with id: 'Object Repository/Olusturma/Genel/AliciBilgisi/Tamam_Bosluk' located by 'By.xpath: (.//*[normalize-space(text()) and normalize-space(.)='Sayfa Boyutu:'])[1]/following::div[7]' in '30' second(s)

2021-11-23 17:11:39 - [MESSAGE][INFO] - Clicking on object: 'Object Repository/Olusturma/Genel/AliciBilgisi/Tamam_Bosluk'

2021-11-23 17:11:39 - [MESSAGE][PASSED] - Object: 'Object Repository/Olusturma/Genel/AliciBilgisi/Tamam_Bosluk' is clicked on

2021-11-23 17:11:39 - [MESSAGE][INFO] - Switching to default content

2021-11-23 17:11:39 - [TEST_STEP][PASSED] - waitForElementClickable(findTestObject("Olusturma/Genel/AliciBilgisi/Tamam_Butonu"), 10): Switching to default content

2021-11-23 17:11:39 - [MESSAGE][INFO] - Finding Test Object 'Object Repository/Olusturma/Genel/AliciBilgisi/Tamam_Butonu'

2021-11-23 17:11:39 - [MESSAGE][INFO] - Finding Test Object 'Object Repository/Olusturma/Genel/AliciBilgisi/Alici_Bilgisi'

2021-11-23 17:11:40 - [MESSAGE][INFO] - Checking object

2021-11-23 17:11:40 - [MESSAGE][INFO] - Checking timeout

2021-11-23 17:11:40 - [MESSAGE][INFO] - Object: 'Object Repository/Olusturma/Genel/AliciBilgisi/Tamam_Butonu' has parent object(s)

2021-11-23 17:11:40 - [MESSAGE][INFO] - Switching to iframe: 'Object Repository/Olusturma/Genel/AliciBilgisi/Alici_Bilgisi'

2021-11-23 17:11:40 - [MESSAGE][INFO] - Finding web element from Test Object's properties

2021-11-23 17:11:40 - [MESSAGE][INFO] - Checking timeout

2021-11-23 17:11:40 - [MESSAGE][INFO] - Finding web element with id: 'Object Repository/Olusturma/Genel/AliciBilgisi/Alici_Bilgisi' located by 'By.xpath: //iframe[@id='customerselectiframe']' in '10' second(s)

2021-11-23 17:11:40 - [MESSAGE][INFO] - Smart Wait Function is triggered

2021-11-23 17:11:40 - [MESSAGE][INFO] - Found 1 web elements with id: 'Object Repository/Olusturma/Genel/AliciBilgisi/Alici_Bilgisi' located by 'By.xpath: //iframe[@id='customerselectiframe']' in '10' second(s)

2021-11-23 17:11:40 - [MESSAGE][INFO] - Switched to iframe: 'Object Repository/Olusturma/Genel/AliciBilgisi/Alici_Bilgisi'

2021-11-23 17:11:40 - [MESSAGE][INFO] - Finding web element from Test Object's properties

2021-11-23 17:11:40 - [MESSAGE][INFO] - Checking timeout

2021-11-23 17:11:40 - [MESSAGE][INFO] - Finding web element with id: 'Object Repository/Olusturma/Genel/AliciBilgisi/Tamam_Butonu' located by 'By.xpath: //div[@id='btnSelectCustomer_CD']/span' in '10' second(s)

2021-11-23 17:11:40 - [MESSAGE][INFO] - Smart Wait Function is triggered

2021-11-23 17:11:40 - [MESSAGE][INFO] - Found 1 web elements with id: 'Object Repository/Olusturma/Genel/AliciBilgisi/Tamam_Butonu' located by 'By.xpath: //div[@id='btnSelectCustomer_CD']/span' in '10' second(s)

2021-11-23 17:11:40 - [MESSAGE][PASSED] - Object 'Object Repository/Olusturma/Genel/AliciBilgisi/Tamam_Butonu' is clickable

2021-11-23 17:11:40 - [MESSAGE][INFO] - Switching to default content

2021-11-23 17:11:40 - [TEST_STEP][PASSED] - click(findTestObject("Olusturma/Genel/AliciBilgisi/Tamam_Butonu")): Switching to default content

2021-11-23 17:11:40 - [MESSAGE][INFO] - Finding Test Object 'Object Repository/Olusturma/Genel/AliciBilgisi/Tamam_Butonu'

2021-11-23 17:11:40 - [MESSAGE][INFO] - Finding Test Object 'Object Repository/Olusturma/Genel/AliciBilgisi/Alici_Bilgisi'

2021-11-23 17:11:40 - [MESSAGE][INFO] - Checking object

2021-11-23 17:11:40 - [MESSAGE][INFO] - Object: 'Object Repository/Olusturma/Genel/AliciBilgisi/Tamam_Butonu' has parent object(s)

2021-11-23 17:11:40 - [MESSAGE][INFO] - Switching to iframe: 'Object Repository/Olusturma/Genel/AliciBilgisi/Alici_Bilgisi'

2021-11-23 17:11:40 - [MESSAGE][INFO] - Finding web element from Test Object's properties

2021-11-23 17:11:40 - [MESSAGE][INFO] - Checking timeout

2021-11-23 17:11:40 - [MESSAGE][INFO] - Finding web element with id: 'Object Repository/Olusturma/Genel/AliciBilgisi/Alici_Bilgisi' located by 'By.xpath: //iframe[@id='customerselectiframe']' in '30' second(s)

2021-11-23 17:11:40 - [MESSAGE][INFO] - Smart Wait Function is triggered

2021-11-23 17:11:40 - [MESSAGE][INFO] - Found 1 web elements with id: 'Object Repository/Olusturma/Genel/AliciBilgisi/Alici_Bilgisi' located by 'By.xpath: //iframe[@id='customerselectiframe']' in '30' second(s)

2021-11-23 17:11:41 - [MESSAGE][INFO] - Switched to iframe: 'Object Repository/Olusturma/Genel/AliciBilgisi/Alici_Bilgisi'

2021-11-23 17:11:41 - [MESSAGE][INFO] - Finding web element from Test Object's properties

2021-11-23 17:11:41 - [MESSAGE][INFO] - Checking timeout

2021-11-23 17:11:41 - [MESSAGE][INFO] - Finding web element with id: 'Object Repository/Olusturma/Genel/AliciBilgisi/Tamam_Butonu' located by 'By.xpath: //div[@id='btnSelectCustomer_CD']/span' in '30' second(s)

2021-11-23 17:11:41 - [MESSAGE][INFO] - Smart Wait Function is triggered

2021-11-23 17:11:41 - [MESSAGE][INFO] - Found 1 web elements with id: 'Object Repository/Olusturma/Genel/AliciBilgisi/Tamam_Butonu' located by 'By.xpath: //div[@id='btnSelectCustomer_CD']/span' in '30' second(s)

2021-11-23 17:11:41 - [MESSAGE][INFO] - Clicking on object: 'Object Repository/Olusturma/Genel/AliciBilgisi/Tamam_Butonu'

2021-11-23 17:11:41 - [MESSAGE][PASSED] - Object: 'Object Repository/Olusturma/Genel/AliciBilgisi/Tamam_Butonu' is clicked on

2021-11-23 17:11:41 - [MESSAGE][INFO] - Switching to default content

2021-11-23 17:11:41 - [TEST_STEP][PASSED] - waitForElementPresent(findTestObject("Olusturma/Genel/AliciBilgisi/VKN-TCKN"), 10): Object 'Object Repository/Olusturma/Genel/AliciBilgisi/VKN-TCKN' is present

2021-11-23 17:11:41 - [MESSAGE][INFO] - Finding Test Object 'Object Repository/Olusturma/Genel/AliciBilgisi/VKN-TCKN'

2021-11-23 17:11:41 - [MESSAGE][INFO] - Checking object

2021-11-23 17:11:41 - [MESSAGE][INFO] - Finding web element from Test Object's properties

2021-11-23 17:11:41 - [MESSAGE][INFO] - Checking timeout

2021-11-23 17:11:41 - [MESSAGE][INFO] - Finding web element with id: 'Object Repository/Olusturma/Genel/AliciBilgisi/VKN-TCKN' located by 'By.xpath: //*[@id = 'txtVknTckn_I']' in '10' second(s)

2021-11-23 17:11:41 - [MESSAGE][INFO] - Smart Wait Function is triggered

2021-11-23 17:11:41 - [MESSAGE][INFO] - Found 1 web elements with id: 'Object Repository/Olusturma/Genel/AliciBilgisi/VKN-TCKN' located by 'By.xpath: //*[@id = 'txtVknTckn_I']' in '10' second(s)

2021-11-23 17:11:41 - [MESSAGE][PASSED] - Object 'Object Repository/Olusturma/Genel/AliciBilgisi/VKN-TCKN' is present

2021-11-23 17:11:41 - [TEST_STEP][PASSED] - text = getAttribute(findTestObject("Olusturma/Genel/AliciBilgisi/VKN-TCKN"), "value"): Attribute 'value' of object 'Object Repository/Olusturma/Genel/AliciBilgisi/VKN-TCKN' is: '6090408038'

2021-11-23 17:11:41 - [MESSAGE][INFO] - Finding Test Object 'Object Repository/Olusturma/Genel/AliciBilgisi/VKN-TCKN'

2021-11-23 17:11:41 - [MESSAGE][INFO] - Checking object

2021-11-23 17:11:41 - [MESSAGE][INFO] - Checking attribute

2021-11-23 17:11:41 - [MESSAGE][INFO] - Finding web element from Test Object's properties

2021-11-23 17:11:41 - [MESSAGE][INFO] - Checking timeout

2021-11-23 17:11:41 - [MESSAGE][INFO] - Finding web element with id: 'Object Repository/Olusturma/Genel/AliciBilgisi/VKN-TCKN' located by 'By.xpath: //*[@id = 'txtVknTckn_I']' in '30' second(s)

2021-11-23 17:11:41 - [MESSAGE][INFO] - Smart Wait Function is triggered

2021-11-23 17:11:42 - [MESSAGE][INFO] - Found 1 web elements with id: 'Object Repository/Olusturma/Genel/AliciBilgisi/VKN-TCKN' located by 'By.xpath: //*[@id = 'txtVknTckn_I']' in '30' second(s)

2021-11-23 17:11:42 - [MESSAGE][INFO] - Getting attribute 'value' of object 'Object Repository/Olusturma/Genel/AliciBilgisi/VKN-TCKN'

2021-11-23 17:11:42 - [MESSAGE][PASSED] - Attribute 'value' of object 'Object Repository/Olusturma/Genel/AliciBilgisi/VKN-TCKN' is: '6090408038'

2021-11-23 17:11:42 - [TEST_STEP][PASSED] - if (text.equals("")): null

2021-11-23 17:11:42 - [MESSAGE][PASSED] - Call Test Case 'Test Cases/Olusturma/Genel/AliciSecilir' successfully

2021-11-23 17:11:42 - [MESSAGE][INFO] - Checking called Test Case

2021-11-23 17:11:42 - [MESSAGE][INFO] - Starting to call Test Case 'Test Cases/Olusturma/Genel/GonderimSekliSecilir'

2021-11-23 17:11:42 - [TEST_CASE][PASSED] - Test Cases/Olusturma/Genel/GonderimSekliSecilir: Test Cases/Olusturma/Genel/GonderimSekliSecilir

2021-11-23 17:11:42 - [TEST_STEP][PASSED] - waitForElementClickable(findTestObject("Object Repository/Olusturma/Genel/GonderimSekli/GonderimSekli"), 10): Object 'Object Repository/Olusturma/Genel/GonderimSekli/GonderimSekli' is clickable

2021-11-23 17:11:42 - [MESSAGE][INFO] - Finding Test Object 'Object Repository/Olusturma/Genel/GonderimSekli/GonderimSekli'

2021-11-23 17:11:42 - [MESSAGE][INFO] - Checking object

2021-11-23 17:11:42 - [MESSAGE][INFO] - Checking timeout

2021-11-23 17:11:42 - [MESSAGE][INFO] - Finding web element from Test Object's properties

2021-11-23 17:11:42 - [MESSAGE][INFO] - Checking timeout

2021-11-23 17:11:42 - [MESSAGE][INFO] - Finding web element with id: 'Object Repository/Olusturma/Genel/GonderimSekli/GonderimSekli' located by 'By.xpath: //*[@id = 'txtGonderimSekil_I']' in '10' second(s)

2021-11-23 17:11:42 - [MESSAGE][INFO] - Smart Wait Function is triggered

2021-11-23 17:11:42 - [MESSAGE][INFO] - Found 1 web elements with id: 'Object Repository/Olusturma/Genel/GonderimSekli/GonderimSekli' located by 'By.xpath: //*[@id = 'txtGonderimSekil_I']' in '10' second(s)

2021-11-23 17:11:42 - [MESSAGE][PASSED] - Object 'Object Repository/Olusturma/Genel/GonderimSekli/GonderimSekli' is clickable

2021-11-23 17:11:42 - [TEST_STEP][PASSED] - click(findTestObject("Object Repository/Olusturma/Genel/GonderimSekli/GonderimSekli")): Object: 'Object Repository/Olusturma/Genel/GonderimSekli/GonderimSekli' is clicked on

2021-11-23 17:11:42 - [MESSAGE][INFO] - Finding Test Object 'Object Repository/Olusturma/Genel/GonderimSekli/GonderimSekli'

2021-11-23 17:11:42 - [MESSAGE][INFO] - Checking object

2021-11-23 17:11:42 - [MESSAGE][INFO] - Finding web element from Test Object's properties

2021-11-23 17:11:42 - [MESSAGE][INFO] - Checking timeout

2021-11-23 17:11:42 - [MESSAGE][INFO] - Finding web element with id: 'Object Repository/Olusturma/Genel/GonderimSekli/GonderimSekli' located by 'By.xpath: //*[@id = 'txtGonderimSekil_I']' in '30' second(s)

2021-11-23 17:11:42 - [MESSAGE][INFO] - Smart Wait Function is triggered

2021-11-23 17:11:42 - [MESSAGE][INFO] - Found 1 web elements with id: 'Object Repository/Olusturma/Genel/GonderimSekli/GonderimSekli' located by 'By.xpath: //*[@id = 'txtGonderimSekil_I']' in '30' second(s)

2021-11-23 17:11:42 - [MESSAGE][INFO] - Clicking on object: 'Object Repository/Olusturma/Genel/GonderimSekli/GonderimSekli'

2021-11-23 17:11:43 - [MESSAGE][PASSED] - Object: 'Object Repository/Olusturma/Genel/GonderimSekli/GonderimSekli' is clicked on

2021-11-23 17:11:43 - [TEST_STEP][PASSED] - Method.TextDegerineEsitElementeTikla(findTestObject("Object Repository/Olusturma/Genel/GonderimSekli/GonderimSekliAdi"), GonderimSekli): Method.TextDegerineEsitElementeTikla is PASSED

2021-11-23 17:11:43 - [MESSAGE][INFO] - Finding Test Object 'Object Repository/Olusturma/Genel/GonderimSekli/GonderimSekliAdi'

2021-11-23 17:11:43 - [MESSAGE][INFO] - Checking timeout

2021-11-23 17:11:43 - [MESSAGE][INFO] - Finding web element with id: 'Object Repository/Olusturma/Genel/GonderimSekli/GonderimSekliAdi' located by 'By.cssSelector: #txtGonderimSekil_DDD_L_LBT td' in '10' second(s)

2021-11-23 17:11:43 - [MESSAGE][INFO] - Smart Wait Function is triggered

2021-11-23 17:11:43 - [MESSAGE][INFO] - Found 2 web elements with id: 'Object Repository/Olusturma/Genel/GonderimSekli/GonderimSekliAdi' located by 'By.cssSelector: #txtGonderimSekil_DDD_L_LBT td' in '10' second(s)

2021-11-23 17:11:43 - [MESSAGE][PASSED] - Method.TextDegerineEsitElementeTikla is PASSED

2021-11-23 17:11:43 - [MESSAGE][PASSED] - Call Test Case 'Test Cases/Olusturma/Genel/GonderimSekliSecilir' successfully

2021-11-23 17:11:43 - [MESSAGE][INFO] - Checking called Test Case

2021-11-23 17:11:43 - [MESSAGE][INFO] - Starting to call Test Case 'Test Cases/Olusturma/Genel/DokumanParaBirimiSecilir'

2021-11-23 17:11:43 - [TEST_CASE][PASSED] - Test Cases/Olusturma/Genel/DokumanParaBirimiSecilir: Test Cases/Olusturma/Genel/DokumanParaBirimiSecilir

2021-11-23 17:11:43 - [TEST_STEP][PASSED] - waitForElementClickable(findTestObject("Object Repository/Olusturma/Genel/DokumanParaBirimiSecilir/Para"), 10): Object 'Object Repository/Olusturma/Genel/DokumanParaBirimiSecilir/Para' is clickable

2021-11-23 17:11:43 - [MESSAGE][INFO] - Finding Test Object 'Object Repository/Olusturma/Genel/DokumanParaBirimiSecilir/Para'

2021-11-23 17:11:43 - [MESSAGE][INFO] - Checking object

2021-11-23 17:11:43 - [MESSAGE][INFO] - Checking timeout

2021-11-23 17:11:43 - [MESSAGE][INFO] - Finding web element from Test Object's properties

2021-11-23 17:11:43 - [MESSAGE][INFO] - Checking timeout

2021-11-23 17:11:43 - [MESSAGE][INFO] - Finding web element with id: 'Object Repository/Olusturma/Genel/DokumanParaBirimiSecilir/Para' located by 'By.xpath: //*[@id = 'CurrencyUnit_I']' in '10' second(s)

2021-11-23 17:11:43 - [MESSAGE][INFO] - Smart Wait Function is triggered

2021-11-23 17:11:44 - [MESSAGE][INFO] - Found 1 web elements with id: 'Object Repository/Olusturma/Genel/DokumanParaBirimiSecilir/Para' located by 'By.xpath: //*[@id = 'CurrencyUnit_I']' in '10' second(s)

2021-11-23 17:11:44 - [MESSAGE][PASSED] - Object 'Object Repository/Olusturma/Genel/DokumanParaBirimiSecilir/Para' is clickable

2021-11-23 17:11:44 - [TEST_STEP][PASSED] - click(findTestObject("Object Repository/Olusturma/Genel/DokumanParaBirimiSecilir/Para")): Object: 'Object Repository/Olusturma/Genel/DokumanParaBirimiSecilir/Para' is clicked on

2021-11-23 17:11:44 - [MESSAGE][INFO] - Finding Test Object 'Object Repository/Olusturma/Genel/DokumanParaBirimiSecilir/Para'

2021-11-23 17:11:44 - [MESSAGE][INFO] - Checking object

2021-11-23 17:11:44 - [MESSAGE][INFO] - Finding web element from Test Object's properties

2021-11-23 17:11:44 - [MESSAGE][INFO] - Checking timeout

2021-11-23 17:11:44 - [MESSAGE][INFO] - Finding web element with id: 'Object Repository/Olusturma/Genel/DokumanParaBirimiSecilir/Para' located by 'By.xpath: //*[@id = 'CurrencyUnit_I']' in '30' second(s)

2021-11-23 17:11:44 - [MESSAGE][INFO] - Smart Wait Function is triggered

2021-11-23 17:11:44 - [MESSAGE][INFO] - Found 1 web elements with id: 'Object Repository/Olusturma/Genel/DokumanParaBirimiSecilir/Para' located by 'By.xpath: //*[@id = 'CurrencyUnit_I']' in '30' second(s)

2021-11-23 17:11:44 - [MESSAGE][INFO] - Clicking on object: 'Object Repository/Olusturma/Genel/DokumanParaBirimiSecilir/Para'

2021-11-23 17:11:44 - [MESSAGE][PASSED] - Object: 'Object Repository/Olusturma/Genel/DokumanParaBirimiSecilir/Para' is clicked on

2021-11-23 17:11:44 - [TEST_STEP][PASSED] - Method.TextDegerineEsitElementeTikla(findTestObject("Object Repository/Olusturma/Genel/DokumanParaBirimiSecilir/Para_Adi"), Para): Method.TextDegerineEsitElementeTikla is PASSED

2021-11-23 17:11:44 - [MESSAGE][INFO] - Finding Test Object 'Object Repository/Olusturma/Genel/DokumanParaBirimiSecilir/Para_Adi'

2021-11-23 17:11:44 - [MESSAGE][INFO] - Checking timeout

2021-11-23 17:11:44 - [MESSAGE][INFO] - Finding web element with id: 'Object Repository/Olusturma/Genel/DokumanParaBirimiSecilir/Para_Adi' located by 'By.cssSelector: #CurrencyUnit_DDD_L_LBT td' in '10' second(s)

2021-11-23 17:11:44 - [MESSAGE][INFO] - Smart Wait Function is triggered

2021-11-23 17:11:45 - [MESSAGE][INFO] - Found 203 web elements with id: 'Object Repository/Olusturma/Genel/DokumanParaBirimiSecilir/Para_Adi' located by 'By.cssSelector: #CurrencyUnit_DDD_L_LBT td' in '10' second(s)

2021-11-23 17:11:51 - [MESSAGE][PASSED] - Method.TextDegerineEsitElementeTikla is PASSED

2021-11-23 17:11:51 - [MESSAGE][PASSED] - Call Test Case 'Test Cases/Olusturma/Genel/DokumanParaBirimiSecilir' successfully

2021-11-23 17:11:51 - [MESSAGE][INFO] - Checking called Test Case

2021-11-23 17:11:51 - [MESSAGE][INFO] - Starting to call Test Case 'Test Cases/Olusturma/Genel/TasarimSecilir'

2021-11-23 17:11:51 - [TEST_CASE][PASSED] - Test Cases/Olusturma/Genel/TasarimSecilir: Test Cases/Olusturma/Genel/TasarimSecilir

2021-11-23 17:11:51 - [TEST_STEP][PASSED] - waitForElementClickable(findTestObject("Object Repository/Olusturma/Genel/TasarimSecilir/Tasarim"), 10): Object 'Object Repository/Olusturma/Genel/TasarimSecilir/Tasarim' is clickable

2021-11-23 17:11:51 - [MESSAGE][INFO] - Finding Test Object 'Object Repository/Olusturma/Genel/TasarimSecilir/Tasarim'

2021-11-23 17:11:51 - [MESSAGE][INFO] - Checking object

2021-11-23 17:11:51 - [MESSAGE][INFO] - Checking timeout

2021-11-23 17:11:51 - [MESSAGE][INFO] - Finding web element from Test Object's properties

2021-11-23 17:11:51 - [MESSAGE][INFO] - Checking timeout

2021-11-23 17:11:51 - [MESSAGE][INFO] - Finding web element with id: 'Object Repository/Olusturma/Genel/TasarimSecilir/Tasarim' located by 'By.xpath: //*[@id = 'DesignId_I']' in '10' second(s)

2021-11-23 17:11:51 - [MESSAGE][INFO] - Smart Wait Function is triggered

2021-11-23 17:11:51 - [MESSAGE][INFO] - Found 1 web elements with id: 'Object Repository/Olusturma/Genel/TasarimSecilir/Tasarim' located by 'By.xpath: //*[@id = 'DesignId_I']' in '10' second(s)

2021-11-23 17:11:51 - [MESSAGE][PASSED] - Object 'Object Repository/Olusturma/Genel/TasarimSecilir/Tasarim' is clickable

2021-11-23 17:11:51 - [TEST_STEP][PASSED] - click(findTestObject("Object Repository/Olusturma/Genel/TasarimSecilir/Tasarim")): Object: 'Object Repository/Olusturma/Genel/TasarimSecilir/Tasarim' is clicked on

2021-11-23 17:11:51 - [MESSAGE][INFO] - Finding Test Object 'Object Repository/Olusturma/Genel/TasarimSecilir/Tasarim'

2021-11-23 17:11:51 - [MESSAGE][INFO] - Checking object

2021-11-23 17:11:51 - [MESSAGE][INFO] - Finding web element from Test Object's properties

2021-11-23 17:11:51 - [MESSAGE][INFO] - Checking timeout

2021-11-23 17:11:51 - [MESSAGE][INFO] - Finding web element with id: 'Object Repository/Olusturma/Genel/TasarimSecilir/Tasarim' located by 'By.xpath: //*[@id = 'DesignId_I']' in '30' second(s)

2021-11-23 17:11:51 - [MESSAGE][INFO] - Smart Wait Function is triggered

2021-11-23 17:11:52 - [MESSAGE][INFO] - Found 1 web elements with id: 'Object Repository/Olusturma/Genel/TasarimSecilir/Tasarim' located by 'By.xpath: //*[@id = 'DesignId_I']' in '30' second(s)

2021-11-23 17:11:52 - [MESSAGE][INFO] - Clicking on object: 'Object Repository/Olusturma/Genel/TasarimSecilir/Tasarim'

2021-11-23 17:11:52 - [MESSAGE][PASSED] - Object: 'Object Repository/Olusturma/Genel/TasarimSecilir/Tasarim' is clicked on

2021-11-23 17:11:52 - [TEST_STEP][PASSED] - Method.TextDegerineEsitElementeTikla(findTestObject("Object Repository/Olusturma/Genel/TasarimSecilir/Tasarim_Adi"), Tasarim): Method.TextDegerineEsitElementeTikla is PASSED

2021-11-23 17:11:52 - [MESSAGE][INFO] - Finding Test Object 'Object Repository/Olusturma/Genel/TasarimSecilir/Tasarim_Adi'

2021-11-23 17:11:52 - [MESSAGE][INFO] - Checking timeout

2021-11-23 17:11:52 - [MESSAGE][INFO] - Finding web element with id: 'Object Repository/Olusturma/Genel/TasarimSecilir/Tasarim_Adi' located by 'By.cssSelector: #DesignId_DDD_L_LBT td' in '10' second(s)

2021-11-23 17:11:52 - [MESSAGE][INFO] - Smart Wait Function is triggered

2021-11-23 17:11:52 - [MESSAGE][INFO] - Found 3 web elements with id: 'Object Repository/Olusturma/Genel/TasarimSecilir/Tasarim_Adi' located by 'By.cssSelector: #DesignId_DDD_L_LBT td' in '10' second(s)

2021-11-23 17:11:52 - [MESSAGE][PASSED] - Method.TextDegerineEsitElementeTikla is PASSED

2021-11-23 17:11:52 - [MESSAGE][PASSED] - Call Test Case 'Test Cases/Olusturma/Genel/TasarimSecilir' successfully

2021-11-23 17:11:52 - [MESSAGE][INFO] - Checking called Test Case

2021-11-23 17:11:52 - [MESSAGE][INFO] - Starting to call Test Case 'Test Cases/Olusturma/Genel/EkleButonunaBasilir'

2021-11-23 17:11:52 - [TEST_CASE][PASSED] - Test Cases/Olusturma/Genel/EkleButonunaBasilir: Test Cases/Olusturma/Genel/EkleButonunaBasilir

2021-11-23 17:11:52 - [TEST_STEP][PASSED] - waitForElementClickable(findTestObject("Object Repository/Olusturma/Genel/Olusturma/Ekle"), 10): Object 'Object Repository/Olusturma/Genel/Olusturma/Ekle' is clickable

2021-11-23 17:11:52 - [MESSAGE][INFO] - Finding Test Object 'Object Repository/Olusturma/Genel/Olusturma/Ekle'

2021-11-23 17:11:52 - [MESSAGE][INFO] - Checking object

2021-11-23 17:11:52 - [MESSAGE][INFO] - Checking timeout

2021-11-23 17:11:52 - [MESSAGE][INFO] - Finding web element from Test Object's properties

2021-11-23 17:11:52 - [MESSAGE][INFO] - Checking timeout

2021-11-23 17:11:52 - [MESSAGE][INFO] - Finding web element with id: 'Object Repository/Olusturma/Genel/Olusturma/Ekle' located by 'By.cssSelector: #divmalhizmet i.fa.fa-plus.fa-lg.text-muted' in '10' second(s)

2021-11-23 17:11:52 - [MESSAGE][INFO] - Smart Wait Function is triggered

2021-11-23 17:11:53 - [MESSAGE][INFO] - Found 1 web elements with id: 'Object Repository/Olusturma/Genel/Olusturma/Ekle' located by 'By.cssSelector: #divmalhizmet i.fa.fa-plus.fa-lg.text-muted' in '10' second(s)

2021-11-23 17:11:53 - [MESSAGE][PASSED] - Object 'Object Repository/Olusturma/Genel/Olusturma/Ekle' is clickable

2021-11-23 17:11:53 - [TEST_STEP][PASSED] - click(findTestObject("Object Repository/Olusturma/Genel/Olusturma/Ekle")): Object: 'Object Repository/Olusturma/Genel/Olusturma/Ekle' is clicked on

2021-11-23 17:11:53 - [MESSAGE][INFO] - Finding Test Object 'Object Repository/Olusturma/Genel/Olusturma/Ekle'

2021-11-23 17:11:53 - [MESSAGE][INFO] - Checking object

2021-11-23 17:11:53 - [MESSAGE][INFO] - Finding web element from Test Object's properties

2021-11-23 17:11:53 - [MESSAGE][INFO] - Checking timeout

2021-11-23 17:11:53 - [MESSAGE][INFO] - Finding web element with id: 'Object Repository/Olusturma/Genel/Olusturma/Ekle' located by 'By.cssSelector: #divmalhizmet i.fa.fa-plus.fa-lg.text-muted' in '30' second(s)

2021-11-23 17:11:53 - [MESSAGE][INFO] - Smart Wait Function is triggered

2021-11-23 17:11:53 - [MESSAGE][INFO] - Found 1 web elements with id: 'Object Repository/Olusturma/Genel/Olusturma/Ekle' located by 'By.cssSelector: #divmalhizmet i.fa.fa-plus.fa-lg.text-muted' in '30' second(s)

2021-11-23 17:11:53 - [MESSAGE][INFO] - Clicking on object: 'Object Repository/Olusturma/Genel/Olusturma/Ekle'

2021-11-23 17:11:53 - [MESSAGE][PASSED] - Object: 'Object Repository/Olusturma/Genel/Olusturma/Ekle' is clicked on

2021-11-23 17:11:53 - [TEST_STEP][PASSED] - waitForElementClickable(findTestObject("Olusturma/Genel/Olusturma/EklenenSatirCarpiImage"), 10): Object 'Object Repository/Olusturma/Genel/Olusturma/EklenenSatirCarpiImage' is clickable

2021-11-23 17:11:53 - [MESSAGE][INFO] - Finding Test Object 'Object Repository/Olusturma/Genel/Olusturma/EklenenSatirCarpiImage'

2021-11-23 17:11:53 - [MESSAGE][INFO] - Checking object

2021-11-23 17:11:53 - [MESSAGE][INFO] - Checking timeout

2021-11-23 17:11:53 - [MESSAGE][INFO] - Finding web element from Test Object's properties

2021-11-23 17:11:53 - [MESSAGE][INFO] - Checking timeout

2021-11-23 17:11:53 - [MESSAGE][INFO] - Finding web element with id: 'Object Repository/Olusturma/Genel/Olusturma/EklenenSatirCarpiImage' located by 'By.cssSelector: .fa.fa-times.fa-lg.text-primary' in '10' second(s)

2021-11-23 17:11:53 - [MESSAGE][INFO] - Smart Wait Function is triggered

2021-11-23 17:11:54 - [MESSAGE][INFO] - Smart Wait Function is triggered

2021-11-23 17:11:55 - [MESSAGE][INFO] - Found 1 web elements with id: 'Object Repository/Olusturma/Genel/Olusturma/EklenenSatirCarpiImage' located by 'By.cssSelector: .fa.fa-times.fa-lg.text-primary' in '10' second(s)

2021-11-23 17:11:55 - [MESSAGE][PASSED] - Object 'Object Repository/Olusturma/Genel/Olusturma/EklenenSatirCarpiImage' is clickable

2021-11-23 17:11:55 - [MESSAGE][PASSED] - Call Test Case 'Test Cases/Olusturma/Genel/EkleButonunaBasilir' successfully

2021-11-23 17:11:55 - [MESSAGE][INFO] - Checking called Test Case

2021-11-23 17:11:55 - [MESSAGE][INFO] - Starting to call Test Case 'Test Cases/Olusturma/Genel/Olusturma'

2021-11-23 17:11:55 - [TEST_CASE][PASSED] - Test Cases/Olusturma/Genel/Olusturma: Test Cases/Olusturma/Genel/Olusturma

2021-11-23 17:11:55 - [TEST_STEP][PASSED] - driver = getWebDriver(): null

2021-11-23 17:11:55 - [TEST_STEP][PASSED] - action = new org.openqa.selenium.interactions.Actions(driver): null

2021-11-23 17:11:55 - [TEST_STEP][PASSED] - baslikElement = <not implemented yet for class: org.codehaus.groovy.ast.expr.EmptyExpression>: null

2021-11-23 17:11:55 - [TEST_STEP][PASSED] - sonElement = <not implemented yet for class: org.codehaus.groovy.ast.expr.EmptyExpression>: null

2021-11-23 17:11:55 - [TEST_STEP][PASSED] - attr = <not implemented yet for class: org.codehaus.groovy.ast.expr.EmptyExpression>: null

2021-11-23 17:11:55 - [TEST_STEP][PASSED] - a = 0: null

2021-11-23 17:11:55 - [TEST_STEP][PASSED] - elements = findWebElements(findTestObject("Object Repository/Olusturma/Genel/Olusturma/TabloBasliklari"), 10): Found 12 web elements with id: 'Object Repository/Olusturma/Genel/Olusturma/TabloBasliklari' located by 'By.cssSelector: div#divmalhizmet .dxgvTable_LECustomTheme td.dxgvHeader_LECustomTheme tr>td:nth-child(1)' in '10' second(s)

2021-11-23 17:11:55 - [MESSAGE][INFO] - Finding Test Object 'Object Repository/Olusturma/Genel/Olusturma/TabloBasliklari'

2021-11-23 17:11:55 - [MESSAGE][INFO] - Checking timeout

2021-11-23 17:11:55 - [MESSAGE][INFO] - Finding web element with id: 'Object Repository/Olusturma/Genel/Olusturma/TabloBasliklari' located by 'By.cssSelector: div#divmalhizmet .dxgvTable_LECustomTheme td.dxgvHeader_LECustomTheme tr>td:nth-child(1)' in '10' second(s)

2021-11-23 17:11:55 - [MESSAGE][INFO] - Smart Wait Function is triggered

2021-11-23 17:11:55 - [MESSAGE][INFO] - Found 12 web elements with id: 'Object Repository/Olusturma/Genel/Olusturma/TabloBasliklari' located by 'By.cssSelector: div#divmalhizmet .dxgvTable_LECustomTheme td.dxgvHeader_LECustomTheme tr>td:nth-child(1)' in '10' second(s)

2021-11-23 17:11:55 - [TEST_STEP][PASSED] - for (def element : elements): null

2021-11-23 17:11:55 - [TEST_STEP][PASSED] - build().perform(): null

2021-11-23 17:11:55 - [TEST_STEP][PASSED] - if (getText().equals(Baslik)): null

2021-11-23 17:11:55 - [TEST_STEP][PASSED] - baslikElement = element.findElement(By.xpath("../../../..")): Smart Wait Function is triggered

2021-11-23 17:11:55 - [MESSAGE][INFO] - Smart Wait Function is triggered

2021-11-23 17:11:56 - [TEST_STEP][PASSED] - attr = baslikElement.getAttribute("id"): null

2021-11-23 17:11:56 - [TEST_STEP][PASSED] - println("girdi ve idsini aldı = " + attr): null

2021-11-23 17:11:56 - [TEST_STEP][PASSED] - break: null

2021-11-23 17:11:56 - [TEST_STEP][PASSED] - countElement = baslikElement.findElements(By.xpath("../td")): Smart Wait Function is triggered

2021-11-23 17:11:56 - [MESSAGE][INFO] - Smart Wait Function is triggered

2021-11-23 17:11:56 - [TEST_STEP][PASSED] - for (def element : countElement): null

2021-11-23 17:11:56 - [TEST_STEP][PASSED] - if (toString().equals(attr.toString())): null

2021-11-23 17:11:56 - [TEST_STEP][PASSED] - (a++): null

2021-11-23 17:11:56 - [TEST_STEP][PASSED] - if (toString().equals(attr.toString())): null

2021-11-23 17:11:56 - [TEST_STEP][PASSED] - break: null

2021-11-23 17:11:56 - [TEST_STEP][PASSED] - son = findWebElement(findTestObject("Object Repository/Olusturma/Genel/Olusturma/EklenenSatir")).findElement(By.xpath("td[@class='dxgvInlineEditCell_LECustomTheme dxgv'][" + a + "]//td[@class='dxic']/input")): Smart Wait Function is triggered

2021-11-23 17:11:56 - [MESSAGE][INFO] - Finding Test Object 'Object Repository/Olusturma/Genel/Olusturma/EklenenSatir'

2021-11-23 17:11:56 - [MESSAGE][INFO] - Finding web element from Test Object's properties

2021-11-23 17:11:56 - [MESSAGE][INFO] - Checking timeout

2021-11-23 17:11:56 - [MESSAGE][INFO] - Finding web element with id: 'Object Repository/Olusturma/Genel/Olusturma/EklenenSatir' located by 'By.cssSelector: #divmalhizmet .dxgvInlineEditRow_LECustomTheme' in '30' second(s)

2021-11-23 17:11:56 - [MESSAGE][INFO] - Smart Wait Function is triggered

2021-11-23 17:11:56 - [MESSAGE][INFO] - Found 1 web elements with id: 'Object Repository/Olusturma/Genel/Olusturma/EklenenSatir' located by 'By.cssSelector: #divmalhizmet .dxgvInlineEditRow_LECustomTheme' in '30' second(s)

2021-11-23 17:11:56 - [MESSAGE][INFO] - Smart Wait Function is triggered

2021-11-23 17:11:57 - [TEST_STEP][PASSED] - if (!(getAttribute("value").contains("Vkn"))): null

2021-11-23 17:11:57 - [TEST_STEP][PASSED] - son.clear(): null

2021-11-23 17:11:57 - [TEST_STEP][PASSED] - son.sendKeys(Deger): null

2021-11-23 17:11:57 - [MESSAGE][PASSED] - Call Test Case 'Test Cases/Olusturma/Genel/Olusturma' successfully

2021-11-23 17:11:57 - [MESSAGE][INFO] - Checking called Test Case

2021-11-23 17:11:57 - [MESSAGE][INFO] - Starting to call Test Case 'Test Cases/Olusturma/Genel/Olusturma'

2021-11-23 17:11:57 - [TEST_CASE][PASSED] - Test Cases/Olusturma/Genel/Olusturma: Test Cases/Olusturma/Genel/Olusturma

2021-11-23 17:11:57 - [TEST_STEP][PASSED] - driver = getWebDriver(): null

2021-11-23 17:11:57 - [TEST_STEP][PASSED] - action = new org.openqa.selenium.interactions.Actions(driver): null

2021-11-23 17:11:57 - [TEST_STEP][PASSED] - baslikElement = <not implemented yet for class: org.codehaus.groovy.ast.expr.EmptyExpression>: null

2021-11-23 17:11:57 - [TEST_STEP][PASSED] - sonElement = <not implemented yet for class: org.codehaus.groovy.ast.expr.EmptyExpression>: null

2021-11-23 17:11:57 - [TEST_STEP][PASSED] - attr = <not implemented yet for class: org.codehaus.groovy.ast.expr.EmptyExpression>: null

2021-11-23 17:11:57 - [TEST_STEP][PASSED] - a = 0: null

2021-11-23 17:11:57 - [TEST_STEP][PASSED] - elements = findWebElements(findTestObject("Object Repository/Olusturma/Genel/Olusturma/TabloBasliklari"), 10): Found 12 web elements with id: 'Object Repository/Olusturma/Genel/Olusturma/TabloBasliklari' located by 'By.cssSelector: div#divmalhizmet .dxgvTable_LECustomTheme td.dxgvHeader_LECustomTheme tr>td:nth-child(1)' in '10' second(s)

2021-11-23 17:11:57 - [MESSAGE][INFO] - Finding Test Object 'Object Repository/Olusturma/Genel/Olusturma/TabloBasliklari'

2021-11-23 17:11:57 - [MESSAGE][INFO] - Checking timeout

2021-11-23 17:11:57 - [MESSAGE][INFO] - Finding web element with id: 'Object Repository/Olusturma/Genel/Olusturma/TabloBasliklari' located by 'By.cssSelector: div#divmalhizmet .dxgvTable_LECustomTheme td.dxgvHeader_LECustomTheme tr>td:nth-child(1)' in '10' second(s)

2021-11-23 17:11:57 - [MESSAGE][INFO] - Smart Wait Function is triggered

2021-11-23 17:11:57 - [MESSAGE][INFO] - Found 12 web elements with id: 'Object Repository/Olusturma/Genel/Olusturma/TabloBasliklari' located by 'By.cssSelector: div#divmalhizmet .dxgvTable_LECustomTheme td.dxgvHeader_LECustomTheme tr>td:nth-child(1)' in '10' second(s)

2021-11-23 17:11:57 - [TEST_STEP][PASSED] - for (def element : elements): null

2021-11-23 17:11:57 - [TEST_STEP][PASSED] - build().perform(): null

2021-11-23 17:11:57 - [TEST_STEP][PASSED] - if (getText().equals(Baslik)): null

2021-11-23 17:11:57 - [TEST_STEP][PASSED] - build().perform(): null

2021-11-23 17:11:57 - [TEST_STEP][PASSED] - if (getText().equals(Baslik)): null

2021-11-23 17:11:57 - [TEST_STEP][PASSED] - baslikElement = element.findElement(By.xpath("../../../..")): Smart Wait Function is triggered

2021-11-23 17:11:57 - [MESSAGE][INFO] - Smart Wait Function is triggered

2021-11-23 17:11:58 - [TEST_STEP][PASSED] - attr = baslikElement.getAttribute("id"): null

2021-11-23 17:11:58 - [TEST_STEP][PASSED] - println("girdi ve idsini aldı = " + attr): null

2021-11-23 17:11:58 - [TEST_STEP][PASSED] - break: null

2021-11-23 17:11:58 - [TEST_STEP][PASSED] - countElement = baslikElement.findElements(By.xpath("../td")): Smart Wait Function is triggered

2021-11-23 17:11:58 - [MESSAGE][INFO] - Smart Wait Function is triggered

2021-11-23 17:11:58 - [TEST_STEP][PASSED] - for (def element : countElement): null

2021-11-23 17:11:58 - [TEST_STEP][PASSED] - if (toString().equals(attr.toString())): null

2021-11-23 17:11:58 - [TEST_STEP][PASSED] - (a++): null

2021-11-23 17:11:58 - [TEST_STEP][PASSED] - if (toString().equals(attr.toString())): null

2021-11-23 17:11:58 - [TEST_STEP][PASSED] - (a++): null

2021-11-23 17:11:58 - [TEST_STEP][PASSED] - if (toString().equals(attr.toString())): null

2021-11-23 17:11:58 - [TEST_STEP][PASSED] - break: null

2021-11-23 17:11:58 - [TEST_STEP][PASSED] - son = findWebElement(findTestObject("Object Repository/Olusturma/Genel/Olusturma/EklenenSatir")).findElement(By.xpath("td[@class='dxgvInlineEditCell_LECustomTheme dxgv'][" + a + "]//td[@class='dxic']/input")): Smart Wait Function is triggered

2021-11-23 17:11:58 - [MESSAGE][INFO] - Finding Test Object 'Object Repository/Olusturma/Genel/Olusturma/EklenenSatir'

2021-11-23 17:11:58 - [MESSAGE][INFO] - Finding web element from Test Object's properties

2021-11-23 17:11:58 - [MESSAGE][INFO] - Checking timeout

2021-11-23 17:11:58 - [MESSAGE][INFO] - Finding web element with id: 'Object Repository/Olusturma/Genel/Olusturma/EklenenSatir' located by 'By.cssSelector: #divmalhizmet .dxgvInlineEditRow_LECustomTheme' in '30' second(s)

2021-11-23 17:11:58 - [MESSAGE][INFO] - Smart Wait Function is triggered

2021-11-23 17:11:58 - [MESSAGE][INFO] - Found 1 web elements with id: 'Object Repository/Olusturma/Genel/Olusturma/EklenenSatir' located by 'By.cssSelector: #divmalhizmet .dxgvInlineEditRow_LECustomTheme' in '30' second(s)

2021-11-23 17:11:58 - [MESSAGE][INFO] - Smart Wait Function is triggered

2021-11-23 17:11:59 - [TEST_STEP][PASSED] - if (!(getAttribute("value").contains("Vkn"))): null

2021-11-23 17:11:59 - [TEST_STEP][PASSED] - son.clear(): null

2021-11-23 17:11:59 - [TEST_STEP][PASSED] - son.sendKeys(Deger): null

2021-11-23 17:11:59 - [MESSAGE][PASSED] - Call Test Case 'Test Cases/Olusturma/Genel/Olusturma' successfully

2021-11-23 17:11:59 - [MESSAGE][INFO] - Checking called Test Case

2021-11-23 17:11:59 - [MESSAGE][INFO] - Starting to call Test Case 'Test Cases/Olusturma/Genel/Olusturma'

2021-11-23 17:11:59 - [TEST_CASE][PASSED] - Test Cases/Olusturma/Genel/Olusturma: Test Cases/Olusturma/Genel/Olusturma

2021-11-23 17:11:59 - [TEST_STEP][PASSED] - driver = getWebDriver(): null

2021-11-23 17:11:59 - [TEST_STEP][PASSED] - action = new org.openqa.selenium.interactions.Actions(driver): null

2021-11-23 17:11:59 - [TEST_STEP][PASSED] - baslikElement = <not implemented yet for class: org.codehaus.groovy.ast.expr.EmptyExpression>: null

2021-11-23 17:11:59 - [TEST_STEP][PASSED] - sonElement = <not implemented yet for class: org.codehaus.groovy.ast.expr.EmptyExpression>: null

2021-11-23 17:11:59 - [TEST_STEP][PASSED] - attr = <not implemented yet for class: org.codehaus.groovy.ast.expr.EmptyExpression>: null

2021-11-23 17:11:59 - [TEST_STEP][PASSED] - a = 0: null

2021-11-23 17:11:59 - [TEST_STEP][PASSED] - elements = findWebElements(findTestObject("Object Repository/Olusturma/Genel/Olusturma/TabloBasliklari"), 10): Found 12 web elements with id: 'Object Repository/Olusturma/Genel/Olusturma/TabloBasliklari' located by 'By.cssSelector: div#divmalhizmet .dxgvTable_LECustomTheme td.dxgvHeader_LECustomTheme tr>td:nth-child(1)' in '10' second(s)

2021-11-23 17:11:59 - [MESSAGE][INFO] - Finding Test Object 'Object Repository/Olusturma/Genel/Olusturma/TabloBasliklari'

2021-11-23 17:11:59 - [MESSAGE][INFO] - Checking timeout

2021-11-23 17:11:59 - [MESSAGE][INFO] - Finding web element with id: 'Object Repository/Olusturma/Genel/Olusturma/TabloBasliklari' located by 'By.cssSelector: div#divmalhizmet .dxgvTable_LECustomTheme td.dxgvHeader_LECustomTheme tr>td:nth-child(1)' in '10' second(s)

2021-11-23 17:11:59 - [MESSAGE][INFO] - Smart Wait Function is triggered

2021-11-23 17:11:59 - [MESSAGE][INFO] - Found 12 web elements with id: 'Object Repository/Olusturma/Genel/Olusturma/TabloBasliklari' located by 'By.cssSelector: div#divmalhizmet .dxgvTable_LECustomTheme td.dxgvHeader_LECustomTheme tr>td:nth-child(1)' in '10' second(s)

2021-11-23 17:11:59 - [TEST_STEP][PASSED] - for (def element : elements): null

2021-11-23 17:11:59 - [TEST_STEP][PASSED] - build().perform(): null

2021-11-23 17:11:59 - [TEST_STEP][PASSED] - if (getText().equals(Baslik)): null

2021-11-23 17:11:59 - [TEST_STEP][PASSED] - build().perform(): null

2021-11-23 17:12:00 - [TEST_STEP][PASSED] - if (getText().equals(Baslik)): null

2021-11-23 17:12:00 - [TEST_STEP][PASSED] - build().perform(): null

2021-11-23 17:12:00 - [TEST_STEP][PASSED] - if (getText().equals(Baslik)): null

2021-11-23 17:12:00 - [TEST_STEP][PASSED] - baslikElement = element.findElement(By.xpath("../../../..")): Smart Wait Function is triggered

2021-11-23 17:12:00 - [MESSAGE][INFO] - Smart Wait Function is triggered

2021-11-23 17:12:00 - [TEST_STEP][PASSED] - attr = baslikElement.getAttribute("id"): null

2021-11-23 17:12:00 - [TEST_STEP][PASSED] - println("girdi ve idsini aldı = " + attr): null

2021-11-23 17:12:00 - [TEST_STEP][PASSED] - break: null

2021-11-23 17:12:00 - [TEST_STEP][PASSED] - countElement = baslikElement.findElements(By.xpath("../td")): Smart Wait Function is triggered

2021-11-23 17:12:00 - [MESSAGE][INFO] - Smart Wait Function is triggered

2021-11-23 17:12:00 - [TEST_STEP][PASSED] - for (def element : countElement): null

2021-11-23 17:12:00 - [TEST_STEP][PASSED] - if (toString().equals(attr.toString())): null

2021-11-23 17:12:00 - [TEST_STEP][PASSED] - (a++): null

2021-11-23 17:12:00 - [TEST_STEP][PASSED] - if (toString().equals(attr.toString())): null

2021-11-23 17:12:00 - [TEST_STEP][PASSED] - (a++): null

2021-11-23 17:12:00 - [TEST_STEP][PASSED] - if (toString().equals(attr.toString())): null

2021-11-23 17:12:00 - [TEST_STEP][PASSED] - (a++): null

2021-11-23 17:12:00 - [TEST_STEP][PASSED] - if (toString().equals(attr.toString())): null

2021-11-23 17:12:00 - [TEST_STEP][PASSED] - break: null

2021-11-23 17:12:00 - [TEST_STEP][PASSED] - son = findWebElement(findTestObject("Object Repository/Olusturma/Genel/Olusturma/EklenenSatir")).findElement(By.xpath("td[@class='dxgvInlineEditCell_LECustomTheme dxgv'][" + a + "]//td[@class='dxic']/input")): Smart Wait Function is triggered

2021-11-23 17:12:00 - [MESSAGE][INFO] - Finding Test Object 'Object Repository/Olusturma/Genel/Olusturma/EklenenSatir'

2021-11-23 17:12:00 - [MESSAGE][INFO] - Finding web element from Test Object's properties

2021-11-23 17:12:00 - [MESSAGE][INFO] - Checking timeout

2021-11-23 17:12:00 - [MESSAGE][INFO] - Finding web element with id: 'Object Repository/Olusturma/Genel/Olusturma/EklenenSatir' located by 'By.cssSelector: #divmalhizmet .dxgvInlineEditRow_LECustomTheme' in '30' second(s)

2021-11-23 17:12:00 - [MESSAGE][INFO] - Smart Wait Function is triggered

2021-11-23 17:12:01 - [MESSAGE][INFO] - Found 1 web elements with id: 'Object Repository/Olusturma/Genel/Olusturma/EklenenSatir' located by 'By.cssSelector: #divmalhizmet .dxgvInlineEditRow_LECustomTheme' in '30' second(s)

2021-11-23 17:12:01 - [MESSAGE][INFO] - Smart Wait Function is triggered

2021-11-23 17:12:01 - [TEST_STEP][PASSED] - if (!(getAttribute("value").contains("Vkn"))): null

2021-11-23 17:12:01 - [TEST_STEP][PASSED] - son.clear(): null

2021-11-23 17:12:01 - [TEST_STEP][PASSED] - son.sendKeys(Deger): null

2021-11-23 17:12:01 - [MESSAGE][PASSED] - Call Test Case 'Test Cases/Olusturma/Genel/Olusturma' successfully

2021-11-23 17:12:01 - [MESSAGE][INFO] - Checking called Test Case

2021-11-23 17:12:01 - [MESSAGE][INFO] - Starting to call Test Case 'Test Cases/Olusturma/Genel/NotGirilir'

2021-11-23 17:12:01 - [TEST_CASE][PASSED] - Test Cases/Olusturma/Genel/NotGirilir: Test Cases/Olusturma/Genel/NotGirilir

2021-11-23 17:12:01 - [TEST_STEP][PASSED] - i = 0: null

2021-11-23 17:12:01 - [TEST_STEP][PASSED] - waitForElementClickable(findTestObject("Olusturma/Genel/Not/Notlar"), 10): Object 'Object Repository/Olusturma/Genel/Not/Notlar' is clickable

2021-11-23 17:12:01 - [MESSAGE][INFO] - Finding Test Object 'Object Repository/Olusturma/Genel/Not/Notlar'

2021-11-23 17:12:01 - [MESSAGE][INFO] - Checking object

2021-11-23 17:12:01 - [MESSAGE][INFO] - Checking timeout

2021-11-23 17:12:01 - [MESSAGE][INFO] - Finding web element from Test Object's properties

2021-11-23 17:12:01 - [MESSAGE][INFO] - Checking timeout

2021-11-23 17:12:01 - [MESSAGE][INFO] - Finding web element with id: 'Object Repository/Olusturma/Genel/Not/Notlar' located by 'By.xpath: //*[@id = 'txtNote_I']' in '10' second(s)

2021-11-23 17:12:01 - [MESSAGE][INFO] - Smart Wait Function is triggered

2021-11-23 17:12:02 - [MESSAGE][INFO] - Found 1 web elements with id: 'Object Repository/Olusturma/Genel/Not/Notlar' located by 'By.xpath: //*[@id = 'txtNote_I']' in '10' second(s)

2021-11-23 17:12:02 - [MESSAGE][PASSED] - Object 'Object Repository/Olusturma/Genel/Not/Notlar' is clickable

2021-11-23 17:12:02 - [TEST_STEP][PASSED] - clearText(findTestObject("Olusturma/Genel/Not/Notlar")): Text of object 'Object Repository/Olusturma/Genel/Not/Notlar' is cleared

2021-11-23 17:12:02 - [MESSAGE][INFO] - Finding Test Object 'Object Repository/Olusturma/Genel/Not/Notlar'

2021-11-23 17:12:02 - [MESSAGE][INFO] - Checking object

2021-11-23 17:12:02 - [MESSAGE][INFO] - Finding web element from Test Object's properties

2021-11-23 17:12:02 - [MESSAGE][INFO] - Checking timeout

2021-11-23 17:12:02 - [MESSAGE][INFO] - Finding web element with id: 'Object Repository/Olusturma/Genel/Not/Notlar' located by 'By.xpath: //*[@id = 'txtNote_I']' in '30' second(s)

2021-11-23 17:12:02 - [MESSAGE][INFO] - Smart Wait Function is triggered

2021-11-23 17:12:02 - [MESSAGE][INFO] - Found 1 web elements with id: 'Object Repository/Olusturma/Genel/Not/Notlar' located by 'By.xpath: //*[@id = 'txtNote_I']' in '30' second(s)

2021-11-23 17:12:02 - [MESSAGE][INFO] - Clearing text of object 'Object Repository/Olusturma/Genel/Not/Notlar'

2021-11-23 17:12:02 - [MESSAGE][PASSED] - Text of object 'Object Repository/Olusturma/Genel/Not/Notlar' is cleared

2021-11-23 17:12:02 - [TEST_STEP][PASSED] - click(findTestObject("Olusturma/Genel/Not/Notlar")): Object: 'Object Repository/Olusturma/Genel/Not/Notlar' is clicked on

2021-11-23 17:12:02 - [MESSAGE][INFO] - Finding Test Object 'Object Repository/Olusturma/Genel/Not/Notlar'

2021-11-23 17:12:02 - [MESSAGE][INFO] - Checking object

2021-11-23 17:12:02 - [MESSAGE][INFO] - Finding web element from Test Object's properties

2021-11-23 17:12:02 - [MESSAGE][INFO] - Checking timeout

2021-11-23 17:12:02 - [MESSAGE][INFO] - Finding web element with id: 'Object Repository/Olusturma/Genel/Not/Notlar' located by 'By.xpath: //*[@id = 'txtNote_I']' in '30' second(s)

2021-11-23 17:12:02 - [MESSAGE][INFO] - Smart Wait Function is triggered

2021-11-23 17:12:02 - [MESSAGE][INFO] - Found 1 web elements with id: 'Object Repository/Olusturma/Genel/Not/Notlar' located by 'By.xpath: //*[@id = 'txtNote_I']' in '30' second(s)

2021-11-23 17:12:02 - [MESSAGE][INFO] - Clicking on object: 'Object Repository/Olusturma/Genel/Not/Notlar'

2021-11-23 17:12:02 - [MESSAGE][PASSED] - Object: 'Object Repository/Olusturma/Genel/Not/Notlar' is clicked on

2021-11-23 17:12:02 - [TEST_STEP][PASSED] - while (true): null

2021-11-23 17:12:02 - [TEST_STEP][PASSED] - delay(1): Delayed 1 second(s)

2021-11-23 17:12:02 - [MESSAGE][INFO] - Delaying browser in 1 second(s)

2021-11-23 17:12:03 - [MESSAGE][PASSED] - Delayed 1 second(s)

2021-11-23 17:12:03 - [TEST_STEP][PASSED] - ajaxIsComplete = executeJavaScript("return jQuery.active == 0", null): Execute JavaScript 'return jQuery.active == 0' successfully

2021-11-23 17:12:03 - [MESSAGE][PASSED] - Execute JavaScript 'return jQuery.active == 0' successfully

2021-11-23 17:12:03 - [TEST_STEP][PASSED] - if (ajaxIsComplete): null

2021-11-23 17:12:03 - [TEST_STEP][PASSED] - break: null

2021-11-23 17:12:03 - [TEST_STEP][PASSED] - sendKeys(findTestObject("Olusturma/Genel/Not/Notlar"), Not): Keys 'Otomasyon Not' sent to object: 'Object Repository/Olusturma/Genel/Not/Notlar'

2021-11-23 17:12:03 - [MESSAGE][INFO] - Finding Test Object 'Object Repository/Olusturma/Genel/Not/Notlar'

2021-11-23 17:12:03 - [MESSAGE][INFO] - Sending keys 'Otomasyon Not' to object: 'Object Repository/Olusturma/Genel/Not/Notlar'

2021-11-23 17:12:03 - [MESSAGE][INFO] - Finding web element from Test Object's properties

2021-11-23 17:12:03 - [MESSAGE][INFO] - Checking timeout

2021-11-23 17:12:03 - [MESSAGE][INFO] - Finding web element with id: 'Object Repository/Olusturma/Genel/Not/Notlar' located by 'By.xpath: //*[@id = 'txtNote_I']' in '30' second(s)

2021-11-23 17:12:03 - [MESSAGE][INFO] - Smart Wait Function is triggered

2021-11-23 17:12:04 - [MESSAGE][INFO] - Found 1 web elements with id: 'Object Repository/Olusturma/Genel/Not/Notlar' located by 'By.xpath: //*[@id = 'txtNote_I']' in '30' second(s)

2021-11-23 17:12:04 - [MESSAGE][PASSED] - Keys 'Otomasyon Not' sent to object: 'Object Repository/Olusturma/Genel/Not/Notlar'

2021-11-23 17:12:04 - [MESSAGE][PASSED] - Call Test Case 'Test Cases/Olusturma/Genel/NotGirilir' successfully

2021-11-23 17:12:04 - [MESSAGE][INFO] - Checking called Test Case

2021-11-23 17:12:04 - [MESSAGE][INFO] - Starting to call Test Case 'Test Cases/Olusturma/Genel/EttnBilgisiKayitEdilir'

2021-11-23 17:12:04 - [TEST_CASE][PASSED] - Test Cases/Olusturma/Genel/EttnBilgisiKayitEdilir: Test Cases/Olusturma/Genel/EttnBilgisiKayitEdilir

2021-11-23 17:12:04 - [TEST_STEP][PASSED] - verifyElementPresent(findTestObject("Object Repository/Olusturma/Genel/Olusturma/eArsivEttnBilgisi"), 7): Object 'Object Repository/Olusturma/Genel/Olusturma/eArsivEttnBilgisi' is present

2021-11-23 17:12:04 - [MESSAGE][INFO] - Finding Test Object 'Object Repository/Olusturma/Genel/Olusturma/eArsivEttnBilgisi'

2021-11-23 17:12:04 - [MESSAGE][INFO] - Checking object

2021-11-23 17:12:04 - [MESSAGE][INFO] - Finding web element from Test Object's properties

2021-11-23 17:12:04 - [MESSAGE][INFO] - Checking timeout

2021-11-23 17:12:04 - [MESSAGE][INFO] - Finding web element with id: 'Object Repository/Olusturma/Genel/Olusturma/eArsivEttnBilgisi' located by 'By.xpath: //*[@id = 'Uuid_I']' in '7' second(s)

2021-11-23 17:12:04 - [MESSAGE][INFO] - Smart Wait Function is triggered

2021-11-23 17:12:04 - [MESSAGE][INFO] - Found 1 web elements with id: 'Object Repository/Olusturma/Genel/Olusturma/eArsivEttnBilgisi' located by 'By.xpath: //*[@id = 'Uuid_I']' in '7' second(s)

2021-11-23 17:12:04 - [MESSAGE][PASSED] - Object 'Object Repository/Olusturma/Genel/Olusturma/eArsivEttnBilgisi' is present

2021-11-23 17:12:04 - [TEST_STEP][PASSED] - ettn = getAttribute(findTestObject("Object Repository/Olusturma/Genel/Olusturma/eArsivEttnBilgisi"), "value"): Attribute 'value' of object 'Object Repository/Olusturma/Genel/Olusturma/eArsivEttnBilgisi' is: '26682fd9-dcc0-4d3c-a9c7-2d56f8559677'

2021-11-23 17:12:04 - [MESSAGE][INFO] - Finding Test Object 'Object Repository/Olusturma/Genel/Olusturma/eArsivEttnBilgisi'

2021-11-23 17:12:04 - [MESSAGE][INFO] - Checking object

2021-11-23 17:12:04 - [MESSAGE][INFO] - Checking attribute

2021-11-23 17:12:04 - [MESSAGE][INFO] - Finding web element from Test Object's properties

2021-11-23 17:12:04 - [MESSAGE][INFO] - Checking timeout

2021-11-23 17:12:04 - [MESSAGE][INFO] - Finding web element with id: 'Object Repository/Olusturma/Genel/Olusturma/eArsivEttnBilgisi' located by 'By.xpath: //*[@id = 'Uuid_I']' in '30' second(s)

2021-11-23 17:12:04 - [MESSAGE][INFO] - Smart Wait Function is triggered

2021-11-23 17:12:05 - [MESSAGE][INFO] - Found 1 web elements with id: 'Object Repository/Olusturma/Genel/Olusturma/eArsivEttnBilgisi' located by 'By.xpath: //*[@id = 'Uuid_I']' in '30' second(s)

2021-11-23 17:12:05 - [MESSAGE][INFO] - Getting attribute 'value' of object 'Object Repository/Olusturma/Genel/Olusturma/eArsivEttnBilgisi'

2021-11-23 17:12:05 - [MESSAGE][PASSED] - Attribute 'value' of object 'Object Repository/Olusturma/Genel/Olusturma/eArsivEttnBilgisi' is: '26682fd9-dcc0-4d3c-a9c7-2d56f8559677'

2021-11-23 17:12:05 - [MESSAGE][PASSED] - Call Test Case 'Test Cases/Olusturma/Genel/EttnBilgisiKayitEdilir' successfully

2021-11-23 17:12:05 - [MESSAGE][INFO] - Checking called Test Case

2021-11-23 17:12:05 - [MESSAGE][INFO] - Starting to call Test Case 'Test Cases/Olusturma/Genel/KaydetButonunaTiklanir'

2021-11-23 17:12:05 - [TEST_CASE][PASSED] - Test Cases/Olusturma/Genel/KaydetButonunaTiklanir: Test Cases/Olusturma/Genel/KaydetButonunaTiklanir

2021-11-23 17:12:05 - [TEST_STEP][PASSED] - i = 0: null

2021-11-23 17:12:05 - [TEST_STEP][PASSED] - waitForElementPresent(findTestObject("Olusturma/Genel/Not/Notlar"), 10): Object 'Object Repository/Olusturma/Genel/Not/Notlar' is present

2021-11-23 17:12:05 - [MESSAGE][INFO] - Finding Test Object 'Object Repository/Olusturma/Genel/Not/Notlar'

2021-11-23 17:12:05 - [MESSAGE][INFO] - Checking object

2021-11-23 17:12:05 - [MESSAGE][INFO] - Finding web element from Test Object's properties

2021-11-23 17:12:05 - [MESSAGE][INFO] - Checking timeout

2021-11-23 17:12:05 - [MESSAGE][INFO] - Finding web element with id: 'Object Repository/Olusturma/Genel/Not/Notlar' located by 'By.xpath: //*[@id = 'txtNote_I']' in '10' second(s)

2021-11-23 17:12:05 - [MESSAGE][INFO] - Smart Wait Function is triggered

2021-11-23 17:12:05 - [MESSAGE][INFO] - Found 1 web elements with id: 'Object Repository/Olusturma/Genel/Not/Notlar' located by 'By.xpath: //*[@id = 'txtNote_I']' in '10' second(s)

2021-11-23 17:12:05 - [MESSAGE][PASSED] - Object 'Object Repository/Olusturma/Genel/Not/Notlar' is present

2021-11-23 17:12:05 - [TEST_STEP][PASSED] - click(findTestObject("Olusturma/Genel/Not/Notlar")): Object: 'Object Repository/Olusturma/Genel/Not/Notlar' is clicked on

2021-11-23 17:12:05 - [MESSAGE][INFO] - Finding Test Object 'Object Repository/Olusturma/Genel/Not/Notlar'

2021-11-23 17:12:05 - [MESSAGE][INFO] - Checking object

2021-11-23 17:12:05 - [MESSAGE][INFO] - Finding web element from Test Object's properties

2021-11-23 17:12:05 - [MESSAGE][INFO] - Checking timeout

2021-11-23 17:12:05 - [MESSAGE][INFO] - Finding web element with id: 'Object Repository/Olusturma/Genel/Not/Notlar' located by 'By.xpath: //*[@id = 'txtNote_I']' in '30' second(s)

2021-11-23 17:12:05 - [MESSAGE][INFO] - Smart Wait Function is triggered

2021-11-23 17:12:05 - [MESSAGE][INFO] - Found 1 web elements with id: 'Object Repository/Olusturma/Genel/Not/Notlar' located by 'By.xpath: //*[@id = 'txtNote_I']' in '30' second(s)

2021-11-23 17:12:05 - [MESSAGE][INFO] - Clicking on object: 'Object Repository/Olusturma/Genel/Not/Notlar'

2021-11-23 17:12:05 - [MESSAGE][PASSED] - Object: 'Object Repository/Olusturma/Genel/Not/Notlar' is clicked on

2021-11-23 17:12:05 - [TEST_STEP][PASSED] - while (true): null

2021-11-23 17:12:05 - [TEST_STEP][PASSED] - delay(1): Delayed 1 second(s)

2021-11-23 17:12:05 - [MESSAGE][INFO] - Delaying browser in 1 second(s)

2021-11-23 17:12:06 - [MESSAGE][PASSED] - Delayed 1 second(s)

2021-11-23 17:12:06 - [TEST_STEP][PASSED] - ajaxIsComplete = executeJavaScript("return jQuery.active == 0", null): Execute JavaScript 'return jQuery.active == 0' successfully

2021-11-23 17:12:06 - [MESSAGE][PASSED] - Execute JavaScript 'return jQuery.active == 0' successfully

2021-11-23 17:12:06 - [TEST_STEP][PASSED] - if (ajaxIsComplete): null

2021-11-23 17:12:06 - [TEST_STEP][PASSED] - break: null

2021-11-23 17:12:06 - [TEST_STEP][PASSED] - waitForElementClickable(findTestObject("Object Repository/Olusturma/Genel/Buton"), 10): Object 'Object Repository/Olusturma/Genel/Buton' is clickable

2021-11-23 17:12:06 - [MESSAGE][INFO] - Finding Test Object 'Object Repository/Olusturma/Genel/Buton'

2021-11-23 17:12:07 - [MESSAGE][INFO] - Checking object

2021-11-23 17:12:07 - [MESSAGE][INFO] - Checking timeout

2021-11-23 17:12:07 - [MESSAGE][INFO] - Finding web element from Test Object's properties

2021-11-23 17:12:07 - [MESSAGE][INFO] - Checking timeout

2021-11-23 17:12:07 - [MESSAGE][INFO] - Finding web element with id: 'Object Repository/Olusturma/Genel/Buton' located by 'By.xpath: //*[@id = 'btnKaydet']' in '10' second(s)

2021-11-23 17:12:07 - [MESSAGE][INFO] - Smart Wait Function is triggered

2021-11-23 17:12:07 - [MESSAGE][INFO] - Found 1 web elements with id: 'Object Repository/Olusturma/Genel/Buton' located by 'By.xpath: //*[@id = 'btnKaydet']' in '10' second(s)

2021-11-23 17:12:07 - [MESSAGE][PASSED] - Object 'Object Repository/Olusturma/Genel/Buton' is clickable

2021-11-23 17:12:07 - [TEST_STEP][PASSED] - click(findTestObject("Object Repository/Olusturma/Genel/Buton")): Object: 'Object Repository/Olusturma/Genel/Buton' is clicked on

2021-11-23 17:12:07 - [MESSAGE][INFO] - Finding Test Object 'Object Repository/Olusturma/Genel/Buton'

2021-11-23 17:12:07 - [MESSAGE][INFO] - Checking object

2021-11-23 17:12:07 - [MESSAGE][INFO] - Finding web element from Test Object's properties

2021-11-23 17:12:07 - [MESSAGE][INFO] - Checking timeout

2021-11-23 17:12:07 - [MESSAGE][INFO] - Finding web element with id: 'Object Repository/Olusturma/Genel/Buton' located by 'By.xpath: //*[@id = 'btnKaydet']' in '30' second(s)

2021-11-23 17:12:07 - [MESSAGE][INFO] - Smart Wait Function is triggered

2021-11-23 17:12:07 - [MESSAGE][INFO] - Found 1 web elements with id: 'Object Repository/Olusturma/Genel/Buton' located by 'By.xpath: //*[@id = 'btnKaydet']' in '30' second(s)

2021-11-23 17:12:07 - [MESSAGE][INFO] - Clicking on object: 'Object Repository/Olusturma/Genel/Buton'

2021-11-23 17:12:08 - [MESSAGE][PASSED] - Object: 'Object Repository/Olusturma/Genel/Buton' is clicked on

2021-11-23 17:12:08 - [MESSAGE][PASSED] - Call Test Case 'Test Cases/Olusturma/Genel/KaydetButonunaTiklanir' successfully

2021-11-23 17:12:08 - [MESSAGE][INFO] - Checking called Test Case

2021-11-23 17:12:08 - [MESSAGE][INFO] - Starting to call Test Case 'Test Cases/Tablo/TablodaEttnliVeriOlusturulduMu'

2021-11-23 17:12:08 - [TEST_CASE][PASSED] - Test Cases/Tablo/TablodaEttnliVeriOlusturulduMu: Test Cases/Tablo/TablodaEttnliVeriOlusturulduMu

2021-11-23 17:12:08 - [TEST_STEP][PASSED] - Method.TextDegerineEsitElementVarMi(findTestObject("Tablo/OlusturulanVeri"), ettn): Method.TextDegerineEsitElementVarMi is PASSED

2021-11-23 17:12:08 - [MESSAGE][INFO] - Finding Test Object 'Object Repository/Tablo/OlusturulanVeri'

2021-11-23 17:12:09 - [MESSAGE][INFO] - Checking timeout

2021-11-23 17:12:09 - [MESSAGE][INFO] - Finding web element with id: 'Object Repository/Tablo/OlusturulanVeri' located by 'By.cssSelector: table.dxgvTable_LECustomTheme>tbody>tr:nth-child(3)>td.dxgv b,table.dxgvTable_LECustomTheme>tbody>tr:nth-child(3)>td.dxgv' in '10' second(s)

2021-11-23 17:12:09 - [MESSAGE][INFO] - Smart Wait Function is triggered

2021-11-23 17:12:09 - [MESSAGE][INFO] - Found 11 web elements with id: 'Object Repository/Tablo/OlusturulanVeri' located by 'By.cssSelector: table.dxgvTable_LECustomTheme>tbody>tr:nth-child(3)>td.dxgv b,table.dxgvTable_LECustomTheme>tbody>tr:nth-child(3)>td.dxgv' in '10' second(s)

2021-11-23 17:12:09 - [MESSAGE][PASSED] - Method.TextDegerineEsitElementVarMi is PASSED

2021-11-23 17:12:09 - [MESSAGE][PASSED] - Call Test Case 'Test Cases/Tablo/TablodaEttnliVeriOlusturulduMu' successfully

2021-11-23 17:12:09 - [MESSAGE][INFO] - Checking called Test Case

2021-11-23 17:12:09 - [MESSAGE][INFO] - Starting to call Test Case 'Test Cases/Tablo/TablodanEttnliVeriSec'

2021-11-23 17:12:09 - [TEST_CASE][PASSED] - Test Cases/Tablo/TablodanEttnliVeriSec: Test Cases/Tablo/TablodanEttnliVeriSec

2021-11-23 17:12:09 - [TEST_STEP][PASSED] - Method.TextDegerineEsitElementinAltindakineTikla(findTestObject("Tablo/Veriler"), findTestObject("Tablo/VerininCheckBoxi"), ettn): Method.TextDegerineEsitElementinAltindakineTikla is PASSED

2021-11-23 17:12:09 - [MESSAGE][INFO] - Finding Test Object 'Object Repository/Tablo/Veriler'

2021-11-23 17:12:09 - [MESSAGE][INFO] - Finding Test Object 'Object Repository/Tablo/VerininCheckBoxi'

2021-11-23 17:12:09 - [MESSAGE][INFO] - Checking timeout

2021-11-23 17:12:09 - [MESSAGE][INFO] - Finding web element with id: 'Object Repository/Tablo/Veriler' located by 'By.cssSelector: td.dxgv b ,td.dxgv' in '10' second(s)

2021-11-23 17:12:09 - [MESSAGE][INFO] - Smart Wait Function is triggered

2021-11-23 17:12:10 - [MESSAGE][INFO] - Found 110 web elements with id: 'Object Repository/Tablo/Veriler' located by 'By.cssSelector: td.dxgv b ,td.dxgv' in '10' second(s)

2021-11-23 17:12:10 - [MESSAGE][INFO] - Smart Wait Function is triggered

2021-11-23 17:12:10 - [MESSAGE][PASSED] - Method.TextDegerineEsitElementinAltindakineTikla is PASSED

2021-11-23 17:12:10 - [MESSAGE][PASSED] - Call Test Case 'Test Cases/Tablo/TablodanEttnliVeriSec' successfully

2021-11-23 17:12:10 - [MESSAGE][INFO] - Checking called Test Case

2021-11-23 17:12:10 - [MESSAGE][INFO] - Starting to call Test Case 'Test Cases/Butonlar/ButonaTikla'

2021-11-23 17:12:10 - [TEST_CASE][PASSED] - Test Cases/Butonlar/ButonaTikla: Test Cases/Butonlar/ButonaTikla

2021-11-23 17:12:10 - [TEST_STEP][PASSED] - Method.TextDegerineEsitElementeTiklaEquals(findTestObject("Butonlar/Butonlar"), Buton_Adi): Method.TextDegerineEsitElementeTiklaEquals is PASSED

2021-11-23 17:12:10 - [MESSAGE][INFO] - Finding Test Object 'Object Repository/Butonlar/Butonlar'

2021-11-23 17:12:10 - [MESSAGE][INFO] - Checking timeout

2021-11-23 17:12:10 - [MESSAGE][INFO] - Finding web element with id: 'Object Repository/Butonlar/Butonlar' located by 'By.cssSelector: .panel.panel-default.text-center.footerPanel .btn,.btn.btn-primary.btnControls' in '10' second(s)

2021-11-23 17:12:10 - [MESSAGE][INFO] - Smart Wait Function is triggered

2021-11-23 17:12:10 - [MESSAGE][INFO] - Found 7 web elements with id: 'Object Repository/Butonlar/Butonlar' located by 'By.cssSelector: .panel.panel-default.text-center.footerPanel .btn,.btn.btn-primary.btnControls' in '10' second(s)

2021-11-23 17:12:11 - [MESSAGE][PASSED] - Method.TextDegerineEsitElementeTiklaEquals is PASSED

2021-11-23 17:12:11 - [MESSAGE][PASSED] - Call Test Case 'Test Cases/Butonlar/ButonaTikla' successfully

2021-11-23 17:12:11 - [MESSAGE][INFO] - Checking called Test Case

2021-11-23 17:12:11 - [MESSAGE][INFO] - Starting to call Test Case 'Test Cases/Popup/PopupMesajiIceriyorMu'

2021-11-23 17:12:11 - [TEST_CASE][PASSED] - Test Cases/Popup/PopupMesajiIceriyorMu: Test Cases/Popup/PopupMesajiIceriyorMu

2021-11-23 17:12:11 - [TEST_STEP][PASSED] - waitForElementVisible(findTestObject("Popup/Popup"), 10): Object 'Object Repository/Popup/Popup' is visible

2021-11-23 17:12:11 - [MESSAGE][INFO] - Finding Test Object 'Object Repository/Popup/Popup'

2021-11-23 17:12:11 - [MESSAGE][INFO] - Checking object

2021-11-23 17:12:11 - [MESSAGE][INFO] - Checking timeout

2021-11-23 17:12:11 - [MESSAGE][INFO] - Finding web element from Test Object's properties

2021-11-23 17:12:11 - [MESSAGE][INFO] - Checking timeout

2021-11-23 17:12:11 - [MESSAGE][INFO] - Finding web element with id: 'Object Repository/Popup/Popup' located by 'By.cssSelector: .bootbox-body' in '10' second(s)

2021-11-23 17:12:11 - [MESSAGE][INFO] - Smart Wait Function is triggered

2021-11-23 17:12:12 - [MESSAGE][INFO] - Found 1 web elements with id: 'Object Repository/Popup/Popup' located by 'By.cssSelector: .bootbox-body' in '10' second(s)

2021-11-23 17:12:12 - [MESSAGE][PASSED] - Object 'Object Repository/Popup/Popup' is visible

2021-11-23 17:12:12 - [TEST_STEP][PASSED] - if (!(getText(findTestObject("Popup/Popup")).contains(Mesaj))): Text of object 'Object Repository/Popup/Popup' is: 'Oluşturulacak makbuz numarası : FYS2021000000487 Makbuz numarası oluşturulduktan sonra makbuz silinemez. Makbuz numarası, tarihi ve ön eki değiştirilemez. Devam etmek istiyor musunuz?'

2021-11-23 17:12:12 - [MESSAGE][INFO] - Finding Test Object 'Object Repository/Popup/Popup'

2021-11-23 17:12:12 - [MESSAGE][INFO] - Checking object

2021-11-23 17:12:12 - [MESSAGE][INFO] - Finding web element from Test Object's properties

2021-11-23 17:12:12 - [MESSAGE][INFO] - Checking timeout

2021-11-23 17:12:12 - [MESSAGE][INFO] - Finding web element with id: 'Object Repository/Popup/Popup' located by 'By.cssSelector: .bootbox-body' in '30' second(s)

2021-11-23 17:12:12 - [MESSAGE][INFO] - Smart Wait Function is triggered

2021-11-23 17:12:12 - [MESSAGE][INFO] - Found 1 web elements with id: 'Object Repository/Popup/Popup' located by 'By.cssSelector: .bootbox-body' in '30' second(s)

2021-11-23 17:12:12 - [MESSAGE][INFO] - Getting text of object 'Object Repository/Popup/Popup'

2021-11-23 17:12:12 - [MESSAGE][PASSED] - Text of object 'Object Repository/Popup/Popup' is: 'Oluşturulacak makbuz numarası : FYS2021000000487 Makbuz numarası oluşturulduktan sonra makbuz silinemez. Makbuz numarası, tarihi ve ön eki değiştirilemez. Devam etmek istiyor musunuz?'

2021-11-23 17:12:12 - [TEST_STEP][PASSED] - RaporNo = getText(findTestObject("Popup/Popup")).substring(0, 6): Text of object 'Object Repository/Popup/Popup' is: 'Oluşturulacak makbuz numarası : FYS2021000000487 Makbuz numarası oluşturulduktan sonra makbuz silinemez. Makbuz numarası, tarihi ve ön eki değiştirilemez. Devam etmek istiyor musunuz?'

2021-11-23 17:12:12 - [MESSAGE][INFO] - Finding Test Object 'Object Repository/Popup/Popup'

2021-11-23 17:12:12 - [MESSAGE][INFO] - Checking object

2021-11-23 17:12:12 - [MESSAGE][INFO] - Finding web element from Test Object's properties

2021-11-23 17:12:12 - [MESSAGE][INFO] - Checking timeout

2021-11-23 17:12:12 - [MESSAGE][INFO] - Finding web element with id: 'Object Repository/Popup/Popup' located by 'By.cssSelector: .bootbox-body' in '30' second(s)

2021-11-23 17:12:12 - [MESSAGE][INFO] - Smart Wait Function is triggered

2021-11-23 17:12:13 - [MESSAGE][INFO] - Found 1 web elements with id: 'Object Repository/Popup/Popup' located by 'By.cssSelector: .bootbox-body' in '30' second(s)

2021-11-23 17:12:13 - [MESSAGE][INFO] - Getting text of object 'Object Repository/Popup/Popup'

2021-11-23 17:12:13 - [MESSAGE][PASSED] - Text of object 'Object Repository/Popup/Popup' is: 'Oluşturulacak makbuz numarası : FYS2021000000487 Makbuz numarası oluşturulduktan sonra makbuz silinemez. Makbuz numarası, tarihi ve ön eki değiştirilemez. Devam etmek istiyor musunuz?'

2021-11-23 17:12:13 - [TEST_STEP][PASSED] - Console.println(RaporNo): null

2021-11-23 17:12:13 - [MESSAGE][PASSED] - Call Test Case 'Test Cases/Popup/PopupMesajiIceriyorMu' successfully

2021-11-23 17:12:13 - [MESSAGE][INFO] - Checking called Test Case

2021-11-23 17:12:13 - [MESSAGE][INFO] - Starting to call Test Case 'Test Cases/Popup/PopupButonSecilir'

2021-11-23 17:12:13 - [TEST_CASE][PASSED] - Test Cases/Popup/PopupButonSecilir: Test Cases/Popup/PopupButonSecilir

2021-11-23 17:12:13 - [TEST_STEP][PASSED] - Method.TextDegerineEsitElementeTikla(findTestObject("Popup/Popup_Butons"), Buton): Method.TextDegerineEsitElementeTikla is PASSED

2021-11-23 17:12:13 - [MESSAGE][INFO] - Finding Test Object 'Object Repository/Popup/Popup_Butons'

2021-11-23 17:12:13 - [MESSAGE][INFO] - Checking timeout

2021-11-23 17:12:13 - [MESSAGE][INFO] - Finding web element with id: 'Object Repository/Popup/Popup_Butons' located by 'By.cssSelector: .modal-footer>button' in '10' second(s)

2021-11-23 17:12:13 - [MESSAGE][INFO] - Smart Wait Function is triggered

2021-11-23 17:12:13 - [MESSAGE][INFO] - Found 2 web elements with id: 'Object Repository/Popup/Popup_Butons' located by 'By.cssSelector: .modal-footer>button' in '10' second(s)

2021-11-23 17:12:13 - [MESSAGE][PASSED] - Method.TextDegerineEsitElementeTikla is PASSED

2021-11-23 17:12:13 - [MESSAGE][PASSED] - Call Test Case 'Test Cases/Popup/PopupButonSecilir' successfully

2021-11-23 17:12:13 - [MESSAGE][INFO] - Checking called Test Case

2021-11-23 17:12:13 - [MESSAGE][INFO] - Starting to call Test Case 'Test Cases/Popup/PopupMesajiIceriyorMu'

2021-11-23 17:12:13 - [TEST_CASE][PASSED] - Test Cases/Popup/PopupMesajiIceriyorMu: Test Cases/Popup/PopupMesajiIceriyorMu

2021-11-23 17:12:13 - [TEST_STEP][PASSED] - waitForElementVisible(findTestObject("Popup/Popup"), 10): Object 'Object Repository/Popup/Popup' is visible

2021-11-23 17:12:13 - [MESSAGE][INFO] - Finding Test Object 'Object Repository/Popup/Popup'

2021-11-23 17:12:14 - [MESSAGE][INFO] - Checking object

2021-11-23 17:12:14 - [MESSAGE][INFO] - Checking timeout

2021-11-23 17:12:14 - [MESSAGE][INFO] - Finding web element from Test Object's properties

2021-11-23 17:12:14 - [MESSAGE][INFO] - Checking timeout

2021-11-23 17:12:14 - [MESSAGE][INFO] - Finding web element with id: 'Object Repository/Popup/Popup' located by 'By.cssSelector: .bootbox-body' in '10' second(s)

2021-11-23 17:12:14 - [MESSAGE][INFO] - Smart Wait Function is triggered

2021-11-23 17:12:14 - [MESSAGE][INFO] - Found 1 web elements with id: 'Object Repository/Popup/Popup' located by 'By.cssSelector: .bootbox-body' in '10' second(s)

2021-11-23 17:12:14 - [MESSAGE][PASSED] - Object 'Object Repository/Popup/Popup' is visible

2021-11-23 17:12:14 - [TEST_STEP][PASSED] - if (!(getText(findTestObject("Popup/Popup")).contains(Mesaj))): Text of object 'Object Repository/Popup/Popup' is: 'Makbuz numaranız FYS2021000000487 olarak oluşmuştur.'

2021-11-23 17:12:14 - [MESSAGE][INFO] - Finding Test Object 'Object Repository/Popup/Popup'

2021-11-23 17:12:14 - [MESSAGE][INFO] - Checking object

2021-11-23 17:12:14 - [MESSAGE][INFO] - Finding web element from Test Object's properties

2021-11-23 17:12:14 - [MESSAGE][INFO] - Checking timeout

2021-11-23 17:12:14 - [MESSAGE][INFO] - Finding web element with id: 'Object Repository/Popup/Popup' located by 'By.cssSelector: .bootbox-body' in '30' second(s)

2021-11-23 17:12:14 - [MESSAGE][INFO] - Smart Wait Function is triggered

2021-11-23 17:12:15 - [MESSAGE][INFO] - Found 1 web elements with id: 'Object Repository/Popup/Popup' located by 'By.cssSelector: .bootbox-body' in '30' second(s)

2021-11-23 17:12:15 - [MESSAGE][INFO] - Getting text of object 'Object Repository/Popup/Popup'

2021-11-23 17:12:15 - [MESSAGE][PASSED] - Text of object 'Object Repository/Popup/Popup' is: 'Makbuz numaranız FYS2021000000487 olarak oluşmuştur.'

2021-11-23 17:12:15 - [TEST_STEP][PASSED] - RaporNo = getText(findTestObject("Popup/Popup")).substring(0, 6): Text of object 'Object Repository/Popup/Popup' is: 'Makbuz numaranız FYS2021000000487 olarak oluşmuştur.'

2021-11-23 17:12:15 - [MESSAGE][INFO] - Finding Test Object 'Object Repository/Popup/Popup'

2021-11-23 17:12:15 - [MESSAGE][INFO] - Checking object

2021-11-23 17:12:15 - [MESSAGE][INFO] - Finding web element from Test Object's properties

2021-11-23 17:12:15 - [MESSAGE][INFO] - Checking timeout

2021-11-23 17:12:15 - [MESSAGE][INFO] - Finding web element with id: 'Object Repository/Popup/Popup' located by 'By.cssSelector: .bootbox-body' in '30' second(s)

2021-11-23 17:12:15 - [MESSAGE][INFO] - Smart Wait Function is triggered

2021-11-23 17:12:15 - [MESSAGE][INFO] - Found 1 web elements with id: 'Object Repository/Popup/Popup' located by 'By.cssSelector: .bootbox-body' in '30' second(s)

2021-11-23 17:12:15 - [MESSAGE][INFO] - Getting text of object 'Object Repository/Popup/Popup'

2021-11-23 17:12:15 - [MESSAGE][PASSED] - Text of object 'Object Repository/Popup/Popup' is: 'Makbuz numaranız FYS2021000000487 olarak oluşmuştur.'

2021-11-23 17:12:15 - [TEST_STEP][PASSED] - Console.println(RaporNo): null

2021-11-23 17:12:15 - [MESSAGE][PASSED] - Call Test Case 'Test Cases/Popup/PopupMesajiIceriyorMu' successfully

2021-11-23 17:12:15 - [MESSAGE][INFO] - Checking called Test Case

2021-11-23 17:12:15 - [MESSAGE][INFO] - Starting to call Test Case 'Test Cases/Popup/PopupButonSecilir'

2021-11-23 17:12:15 - [TEST_CASE][PASSED] - Test Cases/Popup/PopupButonSecilir: Test Cases/Popup/PopupButonSecilir

2021-11-23 17:12:15 - [TEST_STEP][PASSED] - Method.TextDegerineEsitElementeTikla(findTestObject("Popup/Popup_Butons"), Buton): Method.TextDegerineEsitElementeTikla is PASSED

2021-11-23 17:12:15 - [MESSAGE][INFO] - Finding Test Object 'Object Repository/Popup/Popup_Butons'

2021-11-23 17:12:15 - [MESSAGE][INFO] - Checking timeout

2021-11-23 17:12:15 - [MESSAGE][INFO] - Finding web element with id: 'Object Repository/Popup/Popup_Butons' located by 'By.cssSelector: .modal-footer>button' in '10' second(s)

2021-11-23 17:12:15 - [MESSAGE][INFO] - Smart Wait Function is triggered

2021-11-23 17:12:15 - [MESSAGE][INFO] - Found 1 web elements with id: 'Object Repository/Popup/Popup_Butons' located by 'By.cssSelector: .modal-footer>button' in '10' second(s)

2021-11-23 17:12:16 - [MESSAGE][PASSED] - Method.TextDegerineEsitElementeTikla is PASSED

2021-11-23 17:12:16 - [MESSAGE][PASSED] - Call Test Case 'Test Cases/Popup/PopupButonSecilir' successfully

2021-11-23 17:12:16 - [MESSAGE][INFO] - Checking called Test Case

2021-11-23 17:12:16 - [MESSAGE][INFO] - Starting to call Test Case 'Test Cases/Tablo/TablodanEttnliVeriSec'

2021-11-23 17:12:16 - [TEST_CASE][PASSED] - Test Cases/Tablo/TablodanEttnliVeriSec: Test Cases/Tablo/TablodanEttnliVeriSec

2021-11-23 17:12:16 - [TEST_STEP][PASSED] - Method.TextDegerineEsitElementinAltindakineTikla(findTestObject("Tablo/Veriler"), findTestObject("Tablo/VerininCheckBoxi"), ettn): Method.TextDegerineEsitElementinAltindakineTikla is PASSED

2021-11-23 17:12:16 - [MESSAGE][INFO] - Finding Test Object 'Object Repository/Tablo/Veriler'

2021-11-23 17:12:16 - [MESSAGE][INFO] - Finding Test Object 'Object Repository/Tablo/VerininCheckBoxi'

2021-11-23 17:12:16 - [MESSAGE][INFO] - Checking timeout

2021-11-23 17:12:16 - [MESSAGE][INFO] - Finding web element with id: 'Object Repository/Tablo/Veriler' located by 'By.cssSelector: td.dxgv b ,td.dxgv' in '10' second(s)

2021-11-23 17:12:16 - [MESSAGE][INFO] - Smart Wait Function is triggered

2021-11-23 17:12:16 - [MESSAGE][INFO] - Found 110 web elements with id: 'Object Repository/Tablo/Veriler' located by 'By.cssSelector: td.dxgv b ,td.dxgv' in '10' second(s)

2021-11-23 17:12:17 - [MESSAGE][INFO] - Smart Wait Function is triggered

2021-11-23 17:12:17 - [MESSAGE][PASSED] - Method.TextDegerineEsitElementinAltindakineTikla is PASSED

2021-11-23 17:12:17 - [MESSAGE][PASSED] - Call Test Case 'Test Cases/Tablo/TablodanEttnliVeriSec' successfully

2021-11-23 17:12:17 - [MESSAGE][INFO] - Checking called Test Case

2021-11-23 17:12:17 - [MESSAGE][INFO] - Starting to call Test Case 'Test Cases/Butonlar/ButonaTikla'

2021-11-23 17:12:17 - [TEST_CASE][PASSED] - Test Cases/Butonlar/ButonaTikla: Test Cases/Butonlar/ButonaTikla

2021-11-23 17:12:17 - [TEST_STEP][PASSED] - Method.TextDegerineEsitElementeTiklaEquals(findTestObject("Butonlar/Butonlar"), Buton_Adi): Method.TextDegerineEsitElementeTiklaEquals is PASSED

2021-11-23 17:12:17 - [MESSAGE][INFO] - Finding Test Object 'Object Repository/Butonlar/Butonlar'

2021-11-23 17:12:17 - [MESSAGE][INFO] - Checking timeout

2021-11-23 17:12:17 - [MESSAGE][INFO] - Finding web element with id: 'Object Repository/Butonlar/Butonlar' located by 'By.cssSelector: .panel.panel-default.text-center.footerPanel .btn,.btn.btn-primary.btnControls' in '10' second(s)

2021-11-23 17:12:17 - [MESSAGE][INFO] - Smart Wait Function is triggered

2021-11-23 17:12:17 - [MESSAGE][INFO] - Found 7 web elements with id: 'Object Repository/Butonlar/Butonlar' located by 'By.cssSelector: .panel.panel-default.text-center.footerPanel .btn,.btn.btn-primary.btnControls' in '10' second(s)

2021-11-23 17:12:18 - [MESSAGE][PASSED] - Method.TextDegerineEsitElementeTiklaEquals is PASSED

2021-11-23 17:12:18 - [MESSAGE][PASSED] - Call Test Case 'Test Cases/Butonlar/ButonaTikla' successfully

2021-11-23 17:12:18 - [MESSAGE][INFO] - Checking called Test Case

2021-11-23 17:12:18 - [MESSAGE][INFO] - Starting to call Test Case 'Test Cases/Popup/PopupMesajiIceriyorMu'

2021-11-23 17:12:18 - [TEST_CASE][PASSED] - Test Cases/Popup/PopupMesajiIceriyorMu: Test Cases/Popup/PopupMesajiIceriyorMu

2021-11-23 17:12:18 - [TEST_STEP][PASSED] - waitForElementVisible(findTestObject("Popup/Popup"), 10): Object 'Object Repository/Popup/Popup' is visible

2021-11-23 17:12:18 - [MESSAGE][INFO] - Finding Test Object 'Object Repository/Popup/Popup'

2021-11-23 17:12:18 - [MESSAGE][INFO] - Checking object

2021-11-23 17:12:18 - [MESSAGE][INFO] - Checking timeout

2021-11-23 17:12:18 - [MESSAGE][INFO] - Finding web element from Test Object's properties

2021-11-23 17:12:18 - [MESSAGE][INFO] - Checking timeout

2021-11-23 17:12:18 - [MESSAGE][INFO] - Finding web element with id: 'Object Repository/Popup/Popup' located by 'By.cssSelector: .bootbox-body' in '10' second(s)

2021-11-23 17:12:18 - [MESSAGE][INFO] - Smart Wait Function is triggered

2021-11-23 17:12:18 - [MESSAGE][INFO] - Found 1 web elements with id: 'Object Repository/Popup/Popup' located by 'By.cssSelector: .bootbox-body' in '10' second(s)

2021-11-23 17:12:18 - [MESSAGE][PASSED] - Object 'Object Repository/Popup/Popup' is visible

2021-11-23 17:12:18 - [TEST_STEP][PASSED] - if (!(getText(findTestObject("Popup/Popup")).contains(Mesaj))): Text of object 'Object Repository/Popup/Popup' is: 'FYS serisi için onaylanmamış belge(leri)niz bulunmaktadır.
Devam etmek istiyor musunuz?'

2021-11-23 17:12:18 - [MESSAGE][INFO] - Finding Test Object 'Object Repository/Popup/Popup'

2021-11-23 17:12:18 - [MESSAGE][INFO] - Checking object

2021-11-23 17:12:18 - [MESSAGE][INFO] - Finding web element from Test Object's properties

2021-11-23 17:12:18 - [MESSAGE][INFO] - Checking timeout

2021-11-23 17:12:18 - [MESSAGE][INFO] - Finding web element with id: 'Object Repository/Popup/Popup' located by 'By.cssSelector: .bootbox-body' in '30' second(s)

2021-11-23 17:12:18 - [MESSAGE][INFO] - Smart Wait Function is triggered

2021-11-23 17:12:18 - [MESSAGE][INFO] - Found 1 web elements with id: 'Object Repository/Popup/Popup' located by 'By.cssSelector: .bootbox-body' in '30' second(s)

2021-11-23 17:12:18 - [MESSAGE][INFO] - Getting text of object 'Object Repository/Popup/Popup'

2021-11-23 17:12:18 - [MESSAGE][PASSED] - Text of object 'Object Repository/Popup/Popup' is: 'FYS serisi için onaylanmamış belge(leri)niz bulunmaktadır.
Devam etmek istiyor musunuz?'

2021-11-23 17:12:18 - [TEST_STEP][PASSED] - RaporNo = getText(findTestObject("Popup/Popup")).substring(0, 6): Text of object 'Object Repository/Popup/Popup' is: 'FYS serisi için onaylanmamış belge(leri)niz bulunmaktadır.
Devam etmek istiyor musunuz?'

2021-11-23 17:12:18 - [MESSAGE][INFO] - Finding Test Object 'Object Repository/Popup/Popup'

2021-11-23 17:12:18 - [MESSAGE][INFO] - Checking object

2021-11-23 17:12:18 - [MESSAGE][INFO] - Finding web element from Test Object's properties

2021-11-23 17:12:18 - [MESSAGE][INFO] - Checking timeout

2021-11-23 17:12:18 - [MESSAGE][INFO] - Finding web element with id: 'Object Repository/Popup/Popup' located by 'By.cssSelector: .bootbox-body' in '30' second(s)

2021-11-23 17:12:18 - [MESSAGE][INFO] - Smart Wait Function is triggered

2021-11-23 17:12:19 - [MESSAGE][INFO] - Found 1 web elements with id: 'Object Repository/Popup/Popup' located by 'By.cssSelector: .bootbox-body' in '30' second(s)

2021-11-23 17:12:19 - [MESSAGE][INFO] - Getting text of object 'Object Repository/Popup/Popup'

2021-11-23 17:12:19 - [MESSAGE][PASSED] - Text of object 'Object Repository/Popup/Popup' is: 'FYS serisi için onaylanmamış belge(leri)niz bulunmaktadır.
Devam etmek istiyor musunuz?'

2021-11-23 17:12:19 - [TEST_STEP][PASSED] - Console.println(RaporNo): null

2021-11-23 17:12:19 - [MESSAGE][PASSED] - Call Test Case 'Test Cases/Popup/PopupMesajiIceriyorMu' successfully

2021-11-23 17:12:19 - [MESSAGE][INFO] - Checking called Test Case

2021-11-23 17:12:19 - [MESSAGE][INFO] - Starting to call Test Case 'Test Cases/Popup/PopupButonSecilir'

2021-11-23 17:12:19 - [TEST_CASE][PASSED] - Test Cases/Popup/PopupButonSecilir: Test Cases/Popup/PopupButonSecilir

2021-11-23 17:12:19 - [TEST_STEP][PASSED] - Method.TextDegerineEsitElementeTikla(findTestObject("Popup/Popup_Butons"), Buton): Method.TextDegerineEsitElementeTikla is PASSED

2021-11-23 17:12:19 - [MESSAGE][INFO] - Finding Test Object 'Object Repository/Popup/Popup_Butons'

2021-11-23 17:12:19 - [MESSAGE][INFO] - Checking timeout

2021-11-23 17:12:19 - [MESSAGE][INFO] - Finding web element with id: 'Object Repository/Popup/Popup_Butons' located by 'By.cssSelector: .modal-footer>button' in '10' second(s)

2021-11-23 17:12:19 - [MESSAGE][INFO] - Smart Wait Function is triggered

2021-11-23 17:12:19 - [MESSAGE][INFO] - Found 2 web elements with id: 'Object Repository/Popup/Popup_Butons' located by 'By.cssSelector: .modal-footer>button' in '10' second(s)

2021-11-23 17:12:19 - [MESSAGE][PASSED] - Method.TextDegerineEsitElementeTikla is PASSED

2021-11-23 17:12:19 - [MESSAGE][PASSED] - Call Test Case 'Test Cases/Popup/PopupButonSecilir' successfully

2021-11-23 17:12:19 - [MESSAGE][INFO] - Checking called Test Case

2021-11-23 17:12:19 - [MESSAGE][INFO] - Starting to call Test Case 'Test Cases/Menu/AnaMenuSecimi'

2021-11-23 17:12:19 - [TEST_CASE][PASSED] - Test Cases/Menu/AnaMenuSecimi: Test Cases/Menu/AnaMenuSecimi

2021-11-23 17:12:19 - [TEST_STEP][PASSED] - Method.TextDegerineEsitElementeTikla(findTestObject("Menu/Ana_Menu"), Ana_Menu): Method.TextDegerineEsitElementeTikla is PASSED

2021-11-23 17:12:19 - [MESSAGE][INFO] - Finding Test Object 'Object Repository/Menu/Ana_Menu'

2021-11-23 17:12:19 - [MESSAGE][INFO] - Checking timeout

2021-11-23 17:12:19 - [MESSAGE][INFO] - Finding web element with id: 'Object Repository/Menu/Ana_Menu' located by 'By.xpath: //*[@class = 'dropdown-toggle']' in '10' second(s)

2021-11-23 17:12:19 - [MESSAGE][INFO] - Smart Wait Function is triggered

2021-11-23 17:12:29 - [MESSAGE][INFO] - Found 14 web elements with id: 'Object Repository/Menu/Ana_Menu' located by 'By.xpath: //*[@class = 'dropdown-toggle']' in '10' second(s)

2021-11-23 17:12:29 - [MESSAGE][PASSED] - Method.TextDegerineEsitElementeTikla is PASSED

2021-11-23 17:12:29 - [MESSAGE][PASSED] - Call Test Case 'Test Cases/Menu/AnaMenuSecimi' successfully

2021-11-23 17:12:29 - [MESSAGE][INFO] - Checking called Test Case

2021-11-23 17:12:29 - [MESSAGE][INFO] - Starting to call Test Case 'Test Cases/Menu/BasligaGoreAltMenuSecimi'

2021-11-23 17:12:29 - [TEST_CASE][PASSED] - Test Cases/Menu/BasligaGoreAltMenuSecimi: Test Cases/Menu/BasligaGoreAltMenuSecimi

2021-11-23 17:12:29 - [TEST_STEP][PASSED] - Method.TextDegerineEsitElementinAltindakiTextDegerineEsitOlanaTikla(findTestObject("Menu/Menu_Basligi"), findTestObject("Menu/Basliga_Gore_Alt_Menu"), Baslik, Alt_Menu): Method.TextDegerineEsitElementinAltindakiTextDegerineEsitOlanaTikla is PASSED

2021-11-23 17:12:29 - [MESSAGE][INFO] - Finding Test Object 'Object Repository/Menu/Menu_Basligi'

2021-11-23 17:12:29 - [MESSAGE][INFO] - Finding Test Object 'Object Repository/Menu/Basliga_Gore_Alt_Menu'

2021-11-23 17:12:29 - [MESSAGE][INFO] - Checking timeout

2021-11-23 17:12:29 - [MESSAGE][INFO] - Finding web element with id: 'Object Repository/Menu/Menu_Basligi' located by 'By.xpath: //li[@class='dropdown dropdown-large open']//li[@class='dropdown-header']' in '10' second(s)

2021-11-23 17:12:29 - [MESSAGE][INFO] - Smart Wait Function is triggered

2021-11-23 17:12:30 - [MESSAGE][INFO] - Found 2 web elements with id: 'Object Repository/Menu/Menu_Basligi' located by 'By.xpath: //li[@class='dropdown dropdown-large open']//li[@class='dropdown-header']' in '10' second(s)

2021-11-23 17:12:30 - [MESSAGE][INFO] - Smart Wait Function is triggered

2021-11-23 17:12:33 - [MESSAGE][PASSED] - Method.TextDegerineEsitElementinAltindakiTextDegerineEsitOlanaTikla is PASSED

2021-11-23 17:12:33 - [MESSAGE][PASSED] - Call Test Case 'Test Cases/Menu/BasligaGoreAltMenuSecimi' successfully

2021-11-23 17:12:33 - [MESSAGE][INFO] - Checking called Test Case

2021-11-23 17:12:33 - [MESSAGE][INFO] - Starting to call Test Case 'Test Cases/Filtreler/EttnYaz'

2021-11-23 17:12:33 - [TEST_CASE][PASSED] - Test Cases/Filtreler/EttnYaz: Test Cases/Filtreler/EttnYaz

2021-11-23 17:12:33 - [TEST_STEP][PASSED] - Method.TextDegerineEsitElementinAltindakiTextboxtaYaz(findTestObject("Filtreler/Basliklar"), findTestObject("Filtreler/Basliga_Gore_Textbox"), "ETTN", ettn): Method.TextDegerineEsitElementinAltindakiTextboxtaYaz is PASSED

2021-11-23 17:12:33 - [MESSAGE][INFO] - Finding Test Object 'Object Repository/Filtreler/Basliklar'

2021-11-23 17:12:33 - [MESSAGE][INFO] - Finding Test Object 'Object Repository/Filtreler/Basliga_Gore_Textbox'

2021-11-23 17:12:33 - [MESSAGE][INFO] - Checking timeout

2021-11-23 17:12:33 - [MESSAGE][INFO] - Finding web element with id: 'Object Repository/Filtreler/Basliklar' located by 'By.cssSelector: .control-label.col-sm-4.paddingMarginRLC' in '10' second(s)

2021-11-23 17:12:33 - [MESSAGE][INFO] - Smart Wait Function is triggered

2021-11-23 17:12:33 - [MESSAGE][INFO] - Found 13 web elements with id: 'Object Repository/Filtreler/Basliklar' located by 'By.cssSelector: .control-label.col-sm-4.paddingMarginRLC' in '10' second(s)

2021-11-23 17:12:34 - [MESSAGE][INFO] - Smart Wait Function is triggered

2021-11-23 17:12:34 - [MESSAGE][PASSED] - Method.TextDegerineEsitElementinAltindakiTextboxtaYaz is PASSED

2021-11-23 17:12:34 - [MESSAGE][PASSED] - Call Test Case 'Test Cases/Filtreler/EttnYaz' successfully

2021-11-23 17:12:34 - [MESSAGE][INFO] - Checking called Test Case

2021-11-23 17:12:34 - [MESSAGE][INFO] - Starting to call Test Case 'Test Cases/Filtreler/ButonaTikla'

2021-11-23 17:12:34 - [TEST_CASE][PASSED] - Test Cases/Filtreler/ButonaTikla: Test Cases/Filtreler/ButonaTikla

2021-11-23 17:12:34 - [TEST_STEP][PASSED] - Method.TextDegerineEsitElementeTikla(findTestObject("Filtreler/Butonlar"), Filtre_Buton): Method.TextDegerineEsitElementeTikla is PASSED

2021-11-23 17:12:34 - [MESSAGE][INFO] - Finding Test Object 'Object Repository/Filtreler/Butonlar'

2021-11-23 17:12:34 - [MESSAGE][INFO] - Checking timeout

2021-11-23 17:12:34 - [MESSAGE][INFO] - Finding web element with id: 'Object Repository/Filtreler/Butonlar' located by 'By.cssSelector: .dxb>span' in '10' second(s)

2021-11-23 17:12:34 - [MESSAGE][INFO] - Smart Wait Function is triggered

2021-11-23 17:12:34 - [MESSAGE][INFO] - Found 3 web elements with id: 'Object Repository/Filtreler/Butonlar' located by 'By.cssSelector: .dxb>span' in '10' second(s)

2021-11-23 17:12:35 - [MESSAGE][PASSED] - Method.TextDegerineEsitElementeTikla is PASSED

2021-11-23 17:12:35 - [MESSAGE][PASSED] - Call Test Case 'Test Cases/Filtreler/ButonaTikla' successfully

2021-11-23 17:12:35 - [MESSAGE][INFO] - Checking called Test Case

2021-11-23 17:12:35 - [MESSAGE][INFO] - Starting to call Test Case 'Test Cases/Tablo/TablodaVeriVarMi'

2021-11-23 17:12:35 - [TEST_CASE][PASSED] - Test Cases/Tablo/TablodaVeriVarMi: Test Cases/Tablo/TablodaVeriVarMi

2021-11-23 17:12:35 - [TEST_STEP][PASSED] - verifyTextNotPresent("Görüntülenecek veri yok", true): Text 'Görüntülenecek veri yok' is not present on page using regular expression

2021-11-23 17:12:35 - [MESSAGE][INFO] - Checking text present  using regular expression

2021-11-23 17:12:35 - [MESSAGE][INFO] - Smart Wait Function is triggered

2021-11-23 17:12:35 - [MESSAGE][INFO] - Finding text 'Görüntülenecek veri yok' on page  using regular expression

2021-11-23 17:12:35 - [MESSAGE][PASSED] - Text 'Görüntülenecek veri yok' is not present on page using regular expression

2021-11-23 17:12:35 - [MESSAGE][PASSED] - Call Test Case 'Test Cases/Tablo/TablodaVeriVarMi' successfully

2021-11-23 17:12:35 - [MESSAGE][INFO] - Checking called Test Case

2021-11-23 17:12:35 - [MESSAGE][INFO] - Starting to call Test Case 'Test Cases/Tablo/TablodaVeriBasariliMiSmm'

2021-11-23 17:12:35 - [TEST_CASE][PASSED] - Test Cases/Tablo/TablodaVeriBasariliMiSmm: Test Cases/Tablo/TablodaVeriBasariliMiSmm

2021-11-23 17:12:36 - [TEST_STEP][PASSED] - sayac = 80: null

2021-11-23 17:12:36 - [TEST_STEP][PASSED] - while (verifyElementText(findTestObject("Tablo/DurumBilgisiSmm"), "Henüz Sonuçlanmadı", OPTIONAL)): Actual text 'Başarılı' and expected text 'Henüz Sonuçlanmadı' of test object 'Object Repository/Tablo/DurumBilgisiSmm' are NOT matched. (Root cause: com.kms.katalon.core.exception.StepFailedException: Actual text 'Başarılı' and expected text 'Henüz Sonuçlanmadı' of test object 'Object Repository/Tablo/DurumBilgisiSmm' are NOT matched.
	at com.kms.katalon.core.webui.keyword.internal.WebUIKeywordMain.stepFailed(WebUIKeywordMain.groovy:64)
	at com.kms.katalon.core.webui.keyword.builtin.VerifyElementTextKeyword$_verifyElementText_closure1.doCall(VerifyElementTextKeyword.groovy:57)
	at com.kms.katalon.core.webui.keyword.builtin.VerifyElementTextKeyword$_verifyElementText_closure1.call(VerifyElementTextKeyword.groovy)
	at com.kms.katalon.core.webui.keyword.internal.WebUIKeywordMain.runKeyword(WebUIKeywordMain.groovy:20)
	at com.kms.katalon.core.webui.keyword.builtin.VerifyElementTextKeyword.verifyElementText(VerifyElementTextKeyword.groovy:72)
	at com.kms.katalon.core.webui.keyword.builtin.VerifyElementTextKeyword.execute(VerifyElementTextKeyword.groovy:40)
	at com.kms.katalon.core.keyword.internal.KeywordExecutor.executeKeywordForPlatform(KeywordExecutor.groovy:73)
	at com.kms.katalon.core.webui.keyword.WebUiBuiltInKeywords.verifyElementText(WebUiBuiltInKeywords.groovy:4733)
	at com.kms.katalon.core.webui.keyword.WebUiBuiltInKeywords$verifyElementText$20.call(Unknown Source)
	at TablodaVeriBasariliMiSmm.run(TablodaVeriBasariliMiSmm:22)
	at com.kms.katalon.core.main.ScriptEngine.run(ScriptEngine.java:194)
	at com.kms.katalon.core.main.ScriptEngine.runScriptAsRawText(ScriptEngine.java:119)
	at com.kms.katalon.core.main.TestCaseExecutor.runScript(TestCaseExecutor.java:369)
	at com.kms.katalon.core.main.TestCaseExecutor.doExecute(TestCaseExecutor.java:360)
	at com.kms.katalon.core.main.TestCaseExecutor.processExecutionPhase(TestCaseExecutor.java:339)
	at com.kms.katalon.core.main.TestCaseExecutor.accessMainPhase(TestCaseExecutor.java:331)
	at com.kms.katalon.core.main.TestCaseExecutor.execute(TestCaseExecutor.java:248)
	at com.kms.katalon.core.main.TestCaseMain.runTestCase(TestCaseMain.java:138)
	at com.kms.katalon.core.keyword.builtin.CallTestCaseKeyword$_callTestCase_closure1.doCall(CallTestCaseKeyword.groovy:59)
	at com.kms.katalon.core.keyword.builtin.CallTestCaseKeyword$_callTestCase_closure1.call(CallTestCaseKeyword.groovy)
	at com.kms.katalon.core.keyword.internal.KeywordMain.runKeyword(KeywordMain.groovy:68)
	at com.kms.katalon.core.keyword.builtin.CallTestCaseKeyword.callTestCase(CallTestCaseKeyword.groovy:81)
	at com.kms.katalon.core.keyword.builtin.CallTestCaseKeyword.execute(CallTestCaseKeyword.groovy:44)
	at com.kms.katalon.core.keyword.internal.KeywordExecutor.executeKeywordForPlatform(KeywordExecutor.groovy:73)
	at com.kms.katalon.core.keyword.BuiltinKeywords.callTestCase(BuiltinKeywords.groovy:334)
	at tablo.tablo.tablodaVeriBasariliMiSmm(tablo.groovy:105)
	at cucumber.runtime.Utils$1.call(Utils.java:26)
	at cucumber.runtime.Timeout.timeout(Timeout.java:16)
	at cucumber.runtime.Utils.invoke(Utils.java:20)
	at cucumber.runtime.java.JavaStepDefinition.execute(JavaStepDefinition.java:49)
	at cucumber.runner.PickleStepDefinitionMatch.runStep(PickleStepDefinitionMatch.java:50)
	at cucumber.runner.TestStep.executeStep(TestStep.java:63)
	at cucumber.runner.TestStep.run(TestStep.java:49)
	at cucumber.runner.PickleStepTestStep.run(PickleStepTestStep.java:43)
	at cucumber.runner.TestCase.run(TestCase.java:44)
	at cucumber.runner.Runner.runPickle(Runner.java:40)
	at cucumber.runtime.Runtime$1.run(Runtime.java:84)
	at cucumber.runtime.Runtime$SameThreadExecutorService.execute(Runtime.java:220)
	at cucumber.runtime.Runtime.run(Runtime.java:81)
	at cucumber.api.cli.Main.run(Main.java:26)
	at cucumber.api.cli.Main$run.call(Unknown Source)
	at com.kms.katalon.core.cucumber.keyword.CucumberBuiltinKeywords$_runFeatureFile_closure1.doCall(CucumberBuiltinKeywords.groovy:106)
	at com.kms.katalon.core.cucumber.keyword.CucumberBuiltinKeywords$_runFeatureFile_closure1.doCall(CucumberBuiltinKeywords.groovy)
	at com.kms.katalon.core.keyword.internal.KeywordMain.runKeyword(KeywordMain.groovy:68)
	at com.kms.katalon.core.keyword.internal.KeywordMain$runKeyword.call(Unknown Source)
	at com.kms.katalon.core.cucumber.keyword.CucumberBuiltinKeywords.runFeatureFile(CucumberBuiltinKeywords.groovy:73)
	at com.kms.katalon.core.cucumber.keyword.CucumberBuiltinKeywords$runFeatureFile$0.callStatic(Unknown Source)
	at com.kms.katalon.core.cucumber.keyword.CucumberBuiltinKeywords.runFeatureFile(CucumberBuiltinKeywords.groovy:246)
	at com.kms.katalon.core.cucumber.keyword.CucumberBuiltinKeywords$runFeatureFile.call(Unknown Source)
	at VKN-e-Serbest Meslek Makbuzu-Elektronik.run(VKN-e-Serbest Meslek Makbuzu-Elektronik:19)
	at com.kms.katalon.core.main.ScriptEngine.run(ScriptEngine.java:194)
	at com.kms.katalon.core.main.ScriptEngine.runScriptAsRawText(ScriptEngine.java:119)
	at com.kms.katalon.core.main.TestCaseExecutor.runScript(TestCaseExecutor.java:369)
	at com.kms.katalon.core.main.TestCaseExecutor.doExecute(TestCaseExecutor.java:360)
	at com.kms.katalon.core.main.TestCaseExecutor.processExecutionPhase(TestCaseExecutor.java:339)
	at com.kms.katalon.core.main.TestCaseExecutor.accessMainPhase(TestCaseExecutor.java:331)
	at com.kms.katalon.core.main.TestCaseExecutor.execute(TestCaseExecutor.java:248)
	at com.kms.katalon.core.main.TestSuiteExecutor.accessTestCaseMainPhase(TestSuiteExecutor.java:191)
	at com.kms.katalon.core.main.TestSuiteExecutor.accessTestSuiteMainPhase(TestSuiteExecutor.java:140)
	at com.kms.katalon.core.main.TestSuiteExecutor.execute(TestSuiteExecutor.java:89)
	at com.kms.katalon.core.main.TestCaseMain.startTestSuite(TestCaseMain.java:181)
	at com.kms.katalon.core.main.TestCaseMain$startTestSuite$0.call(Unknown Source)
	at TempTestSuite1637674444414.run(TempTestSuite1637674444414.groovy:39)
)

2021-11-23 17:12:36 - [MESSAGE][INFO] - Finding Test Object 'Object Repository/Tablo/DurumBilgisiSmm'

2021-11-23 17:12:36 - [MESSAGE][INFO] - Checking object

2021-11-23 17:12:36 - [MESSAGE][INFO] - Finding web element from Test Object's properties

2021-11-23 17:12:36 - [MESSAGE][INFO] - Checking timeout

2021-11-23 17:12:36 - [MESSAGE][INFO] - Finding web element with id: 'Object Repository/Tablo/DurumBilgisiSmm' located by 'By.xpath: //*[@id = 'GridViewSEReceipt_tccell0_10']' in '30' second(s)

2021-11-23 17:12:36 - [MESSAGE][INFO] - Smart Wait Function is triggered

2021-11-23 17:12:36 - [MESSAGE][INFO] - Found 1 web elements with id: 'Object Repository/Tablo/DurumBilgisiSmm' located by 'By.xpath: //*[@id = 'GridViewSEReceipt_tccell0_10']' in '30' second(s)

2021-11-23 17:12:36 - [MESSAGE][WARNING] - Actual text 'Başarılı' and expected text 'Henüz Sonuçlanmadı' of test object 'Object Repository/Tablo/DurumBilgisiSmm' are NOT matched. (Root cause: com.kms.katalon.core.exception.StepFailedException: Actual text 'Başarılı' and expected text 'Henüz Sonuçlanmadı' of test object 'Object Repository/Tablo/DurumBilgisiSmm' are NOT matched.
	at com.kms.katalon.core.webui.keyword.internal.WebUIKeywordMain.stepFailed(WebUIKeywordMain.groovy:64)
	at com.kms.katalon.core.webui.keyword.builtin.VerifyElementTextKeyword$_verifyElementText_closure1.doCall(VerifyElementTextKeyword.groovy:57)
	at com.kms.katalon.core.webui.keyword.builtin.VerifyElementTextKeyword$_verifyElementText_closure1.call(VerifyElementTextKeyword.groovy)
	at com.kms.katalon.core.webui.keyword.internal.WebUIKeywordMain.runKeyword(WebUIKeywordMain.groovy:20)
	at com.kms.katalon.core.webui.keyword.builtin.VerifyElementTextKeyword.verifyElementText(VerifyElementTextKeyword.groovy:72)
	at com.kms.katalon.core.webui.keyword.builtin.VerifyElementTextKeyword.execute(VerifyElementTextKeyword.groovy:40)
	at com.kms.katalon.core.keyword.internal.KeywordExecutor.executeKeywordForPlatform(KeywordExecutor.groovy:73)
	at com.kms.katalon.core.webui.keyword.WebUiBuiltInKeywords.verifyElementText(WebUiBuiltInKeywords.groovy:4733)
	at com.kms.katalon.core.webui.keyword.WebUiBuiltInKeywords$verifyElementText$20.call(Unknown Source)
	at TablodaVeriBasariliMiSmm.run(TablodaVeriBasariliMiSmm:22)
	at com.kms.katalon.core.main.ScriptEngine.run(ScriptEngine.java:194)
	at com.kms.katalon.core.main.ScriptEngine.runScriptAsRawText(ScriptEngine.java:119)
	at com.kms.katalon.core.main.TestCaseExecutor.runScript(TestCaseExecutor.java:369)
	at com.kms.katalon.core.main.TestCaseExecutor.doExecute(TestCaseExecutor.java:360)
	at com.kms.katalon.core.main.TestCaseExecutor.processExecutionPhase(TestCaseExecutor.java:339)
	at com.kms.katalon.core.main.TestCaseExecutor.accessMainPhase(TestCaseExecutor.java:331)
	at com.kms.katalon.core.main.TestCaseExecutor.execute(TestCaseExecutor.java:248)
	at com.kms.katalon.core.main.TestCaseMain.runTestCase(TestCaseMain.java:138)
	at com.kms.katalon.core.keyword.builtin.CallTestCaseKeyword$_callTestCase_closure1.doCall(CallTestCaseKeyword.groovy:59)
	at com.kms.katalon.core.keyword.builtin.CallTestCaseKeyword$_callTestCase_closure1.call(CallTestCaseKeyword.groovy)
	at com.kms.katalon.core.keyword.internal.KeywordMain.runKeyword(KeywordMain.groovy:68)
	at com.kms.katalon.core.keyword.builtin.CallTestCaseKeyword.callTestCase(CallTestCaseKeyword.groovy:81)
	at com.kms.katalon.core.keyword.builtin.CallTestCaseKeyword.execute(CallTestCaseKeyword.groovy:44)
	at com.kms.katalon.core.keyword.internal.KeywordExecutor.executeKeywordForPlatform(KeywordExecutor.groovy:73)
	at com.kms.katalon.core.keyword.BuiltinKeywords.callTestCase(BuiltinKeywords.groovy:334)
	at tablo.tablo.tablodaVeriBasariliMiSmm(tablo.groovy:105)
	at cucumber.runtime.Utils$1.call(Utils.java:26)
	at cucumber.runtime.Timeout.timeout(Timeout.java:16)
	at cucumber.runtime.Utils.invoke(Utils.java:20)
	at cucumber.runtime.java.JavaStepDefinition.execute(JavaStepDefinition.java:49)
	at cucumber.runner.PickleStepDefinitionMatch.runStep(PickleStepDefinitionMatch.java:50)
	at cucumber.runner.TestStep.executeStep(TestStep.java:63)
	at cucumber.runner.TestStep.run(TestStep.java:49)
	at cucumber.runner.PickleStepTestStep.run(PickleStepTestStep.java:43)
	at cucumber.runner.TestCase.run(TestCase.java:44)
	at cucumber.runner.Runner.runPickle(Runner.java:40)
	at cucumber.runtime.Runtime$1.run(Runtime.java:84)
	at cucumber.runtime.Runtime$SameThreadExecutorService.execute(Runtime.java:220)
	at cucumber.runtime.Runtime.run(Runtime.java:81)
	at cucumber.api.cli.Main.run(Main.java:26)
	at cucumber.api.cli.Main$run.call(Unknown Source)
	at com.kms.katalon.core.cucumber.keyword.CucumberBuiltinKeywords$_runFeatureFile_closure1.doCall(CucumberBuiltinKeywords.groovy:106)
	at com.kms.katalon.core.cucumber.keyword.CucumberBuiltinKeywords$_runFeatureFile_closure1.doCall(CucumberBuiltinKeywords.groovy)
	at com.kms.katalon.core.keyword.internal.KeywordMain.runKeyword(KeywordMain.groovy:68)
	at com.kms.katalon.core.keyword.internal.KeywordMain$runKeyword.call(Unknown Source)
	at com.kms.katalon.core.cucumber.keyword.CucumberBuiltinKeywords.runFeatureFile(CucumberBuiltinKeywords.groovy:73)
	at com.kms.katalon.core.cucumber.keyword.CucumberBuiltinKeywords$runFeatureFile$0.callStatic(Unknown Source)
	at com.kms.katalon.core.cucumber.keyword.CucumberBuiltinKeywords.runFeatureFile(CucumberBuiltinKeywords.groovy:246)
	at com.kms.katalon.core.cucumber.keyword.CucumberBuiltinKeywords$runFeatureFile.call(Unknown Source)
	at VKN-e-Serbest Meslek Makbuzu-Elektronik.run(VKN-e-Serbest Meslek Makbuzu-Elektronik:19)
	at com.kms.katalon.core.main.ScriptEngine.run(ScriptEngine.java:194)
	at com.kms.katalon.core.main.ScriptEngine.runScriptAsRawText(ScriptEngine.java:119)
	at com.kms.katalon.core.main.TestCaseExecutor.runScript(TestCaseExecutor.java:369)
	at com.kms.katalon.core.main.TestCaseExecutor.doExecute(TestCaseExecutor.java:360)
	at com.kms.katalon.core.main.TestCaseExecutor.processExecutionPhase(TestCaseExecutor.java:339)
	at com.kms.katalon.core.main.TestCaseExecutor.accessMainPhase(TestCaseExecutor.java:331)
	at com.kms.katalon.core.main.TestCaseExecutor.execute(TestCaseExecutor.java:248)
	at com.kms.katalon.core.main.TestSuiteExecutor.accessTestCaseMainPhase(TestSuiteExecutor.java:191)
	at com.kms.katalon.core.main.TestSuiteExecutor.accessTestSuiteMainPhase(TestSuiteExecutor.java:140)
	at com.kms.katalon.core.main.TestSuiteExecutor.execute(TestSuiteExecutor.java:89)
	at com.kms.katalon.core.main.TestCaseMain.startTestSuite(TestCaseMain.java:181)
	at com.kms.katalon.core.main.TestCaseMain$startTestSuite$0.call(Unknown Source)
	at TempTestSuite1637674444414.run(TempTestSuite1637674444414.groovy:39)
)

2021-11-23 17:12:36 - [TEST_STEP][PASSED] - Method.TextDegerineEsitElementVarMi(findTestObject("Tablo/DurumBilgisiSmm"), "Başarılı"): Method.TextDegerineEsitElementVarMi is PASSED

2021-11-23 17:12:36 - [MESSAGE][INFO] - Finding Test Object 'Object Repository/Tablo/DurumBilgisiSmm'

2021-11-23 17:12:37 - [MESSAGE][INFO] - Checking timeout

2021-11-23 17:12:37 - [MESSAGE][INFO] - Finding web element with id: 'Object Repository/Tablo/DurumBilgisiSmm' located by 'By.xpath: //*[@id = 'GridViewSEReceipt_tccell0_10']' in '10' second(s)

2021-11-23 17:12:37 - [MESSAGE][INFO] - Smart Wait Function is triggered

2021-11-23 17:12:37 - [MESSAGE][INFO] - Found 1 web elements with id: 'Object Repository/Tablo/DurumBilgisiSmm' located by 'By.xpath: //*[@id = 'GridViewSEReceipt_tccell0_10']' in '10' second(s)

2021-11-23 17:12:37 - [MESSAGE][PASSED] - Method.TextDegerineEsitElementVarMi is PASSED

2021-11-23 17:12:37 - [MESSAGE][PASSED] - Call Test Case 'Test Cases/Tablo/TablodaVeriBasariliMiSmm' successfully

2021-11-23 17:12:37 - [MESSAGE][INFO] - Checking called Test Case

2021-11-23 17:12:37 - [MESSAGE][INFO] - Starting to call Test Case 'Test Cases/Kullanici_Islemleri/KullaniciIslemlerindenSecimYapilir'

2021-11-23 17:12:37 - [TEST_CASE][PASSED] - Test Cases/Kullanici_Islemleri/KullaniciIslemlerindenSecimYapilir: Test Cases/Kullanici_Islemleri/KullaniciIslemlerindenSecimYapilir

2021-11-23 17:12:37 - [TEST_STEP][PASSED] - waitForElementClickable(findTestObject("Object Repository/Kullanici_Islemleri/KullaniciIslemleri"), 10): Object 'Object Repository/Kullanici_Islemleri/KullaniciIslemleri' is clickable

2021-11-23 17:12:37 - [MESSAGE][INFO] - Finding Test Object 'Object Repository/Kullanici_Islemleri/KullaniciIslemleri'

2021-11-23 17:12:37 - [MESSAGE][INFO] - Checking object

2021-11-23 17:12:37 - [MESSAGE][INFO] - Checking timeout

2021-11-23 17:12:37 - [MESSAGE][INFO] - Finding web element from Test Object's properties

2021-11-23 17:12:37 - [MESSAGE][INFO] - Checking timeout

2021-11-23 17:12:37 - [MESSAGE][INFO] - Finding web element with id: 'Object Repository/Kullanici_Islemleri/KullaniciIslemleri' located by 'By.cssSelector: .dropdown>a>img' in '10' second(s)

2021-11-23 17:12:37 - [MESSAGE][INFO] - Smart Wait Function is triggered

2021-11-23 17:12:37 - [MESSAGE][INFO] - Found 1 web elements with id: 'Object Repository/Kullanici_Islemleri/KullaniciIslemleri' located by 'By.cssSelector: .dropdown>a>img' in '10' second(s)

2021-11-23 17:12:37 - [MESSAGE][PASSED] - Object 'Object Repository/Kullanici_Islemleri/KullaniciIslemleri' is clickable

2021-11-23 17:12:37 - [TEST_STEP][PASSED] - click(findTestObject("Object Repository/Kullanici_Islemleri/KullaniciIslemleri")): Object: 'Object Repository/Kullanici_Islemleri/KullaniciIslemleri' is clicked on

2021-11-23 17:12:37 - [MESSAGE][INFO] - Finding Test Object 'Object Repository/Kullanici_Islemleri/KullaniciIslemleri'

2021-11-23 17:12:37 - [MESSAGE][INFO] - Checking object

2021-11-23 17:12:37 - [MESSAGE][INFO] - Finding web element from Test Object's properties

2021-11-23 17:12:37 - [MESSAGE][INFO] - Checking timeout

2021-11-23 17:12:37 - [MESSAGE][INFO] - Finding web element with id: 'Object Repository/Kullanici_Islemleri/KullaniciIslemleri' located by 'By.cssSelector: .dropdown>a>img' in '30' second(s)

2021-11-23 17:12:37 - [MESSAGE][INFO] - Smart Wait Function is triggered

2021-11-23 17:12:38 - [MESSAGE][INFO] - Found 1 web elements with id: 'Object Repository/Kullanici_Islemleri/KullaniciIslemleri' located by 'By.cssSelector: .dropdown>a>img' in '30' second(s)

2021-11-23 17:12:38 - [MESSAGE][INFO] - Clicking on object: 'Object Repository/Kullanici_Islemleri/KullaniciIslemleri'

2021-11-23 17:12:38 - [MESSAGE][PASSED] - Object: 'Object Repository/Kullanici_Islemleri/KullaniciIslemleri' is clicked on

2021-11-23 17:12:38 - [TEST_STEP][PASSED] - Method.TextDegerineEsitElementeTikla(findTestObject("Object Repository/Kullanici_Islemleri/Secenekler"), Islem): Method.TextDegerineEsitElementeTikla is PASSED

2021-11-23 17:12:38 - [MESSAGE][INFO] - Finding Test Object 'Object Repository/Kullanici_Islemleri/Secenekler'

2021-11-23 17:12:38 - [MESSAGE][INFO] - Checking timeout

2021-11-23 17:12:38 - [MESSAGE][INFO] - Finding web element with id: 'Object Repository/Kullanici_Islemleri/Secenekler' located by 'By.cssSelector: .nav.navbar-nav.navbar-right li a' in '10' second(s)

2021-11-23 17:12:38 - [MESSAGE][INFO] - Smart Wait Function is triggered

2021-11-23 17:12:38 - [MESSAGE][INFO] - Found 22 web elements with id: 'Object Repository/Kullanici_Islemleri/Secenekler' located by 'By.cssSelector: .nav.navbar-nav.navbar-right li a' in '10' second(s)

2021-11-23 17:12:40 - [MESSAGE][PASSED] - Method.TextDegerineEsitElementeTikla is PASSED

2021-11-23 17:12:40 - [TEST_STEP][PASSED] - verifyElementNotPresent(findTestObject("Object Repository/Kullanici_Islemleri/Secenekler"), 10): Web element with id: 'Object Repository/Kullanici_Islemleri/Secenekler' located by 'By.cssSelector: .nav.navbar-nav.navbar-right li a' is not present after '10' second(s)

2021-11-23 17:12:40 - [MESSAGE][INFO] - Finding Test Object 'Object Repository/Kullanici_Islemleri/Secenekler'

2021-11-23 17:12:40 - [MESSAGE][INFO] - Checking object

2021-11-23 17:12:40 - [MESSAGE][INFO] - Checking timeout

2021-11-23 17:12:40 - [MESSAGE][INFO] - Finding web element with id: 'Object Repository/Kullanici_Islemleri/Secenekler' located by 'By.cssSelector: .nav.navbar-nav.navbar-right li a' in '10' second(s)

2021-11-23 17:12:40 - [MESSAGE][INFO] - Smart Wait Function is triggered

2021-11-23 17:12:40 - [MESSAGE][PASSED] - Web element with id: 'Object Repository/Kullanici_Islemleri/Secenekler' located by 'By.cssSelector: .nav.navbar-nav.navbar-right li a' is not present after '10' second(s)

2021-11-23 17:12:40 - [MESSAGE][PASSED] - Call Test Case 'Test Cases/Kullanici_Islemleri/KullaniciIslemlerindenSecimYapilir' successfully

2021-11-23 17:12:40 - [TEST_CASE][PASSED] - Start Test Case : SCENARIO VKN ile e-Serbest Meslek Makbuzu Olusturulmasi ve Excele aktarilmasi: SCENARIO VKN ile e-Serbest Meslek Makbuzu Olusturulmasi ve Excele aktarilmasi

2021-11-23 17:12:40 - [TEST_STEP][PASSED] - Giriş yapılır: Giriş yapılır

2021-11-23 17:12:40 - [MESSAGE][PASSED] - Giriş yapılır

2021-11-23 17:12:40 - [TEST_STEP][PASSED] - Ana menüden e-Makbuz seçilir: Ana menüden e-Makbuz seçilir

2021-11-23 17:12:40 - [MESSAGE][PASSED] - Ana menüden e-Makbuz seçilir

2021-11-23 17:12:40 - [TEST_STEP][PASSED] - Alt menü e-Serbest Meslek Uygulaması başlığı altındaki e-Serbest Meslek Makbuzu Oluşturma seçilir: Alt menü e-Serbest Meslek Uygulaması başlığı altındaki e-Serbest Meslek Makbuzu Oluşturma seçilir

2021-11-23 17:12:40 - [MESSAGE][PASSED] - Alt menü e-Serbest Meslek Uygulaması başlığı altındaki e-Serbest Meslek Makbuzu Oluşturma seçilir

2021-11-23 17:12:40 - [TEST_STEP][PASSED] - Tablodaki tüm veriler silinir: Tablodaki tüm veriler silinir

2021-11-23 17:12:40 - [MESSAGE][PASSED] - Tablodaki tüm veriler silinir

2021-11-23 17:12:40 - [TEST_STEP][PASSED] - Butonlardan Ekle isimli butona tıklanır: Butonlardan Ekle isimli butona tıklanır

2021-11-23 17:12:40 - [MESSAGE][PASSED] - Butonlardan Ekle isimli butona tıklanır

2021-11-23 17:12:40 - [TEST_STEP][PASSED] - Görsel tasarım sayfasının Makbuz Bilgileri başlığını içerdiği kontrol edilir: Görsel tasarım sayfasının Makbuz Bilgileri başlığını içerdiği kontrol edilir

2021-11-23 17:12:40 - [MESSAGE][PASSED] - Görsel tasarım sayfasının Makbuz Bilgileri başlığını içerdiği kontrol edilir

2021-11-23 17:12:40 - [TEST_STEP][PASSED] - Alıcı adı alanına VirgosolSerbestMeslekVKN girilir: Alıcı adı alanına VirgosolSerbestMeslekVKN girilir

2021-11-23 17:12:40 - [MESSAGE][PASSED] - Alıcı adı alanına VirgosolSerbestMeslekVKN girilir

2021-11-23 17:12:40 - [TEST_STEP][PASSED] - Gönderim Şekli Elektronik olarak seçilir: Gönderim Şekli Elektronik olarak seçilir

2021-11-23 17:12:40 - [MESSAGE][PASSED] - Gönderim Şekli Elektronik olarak seçilir

2021-11-23 17:12:40 - [TEST_STEP][PASSED] - Döküman Para Birimi alanından Türk Lirası seçilir: Döküman Para Birimi alanından Türk Lirası seçilir

2021-11-23 17:12:40 - [MESSAGE][PASSED] - Döküman Para Birimi alanından Türk Lirası seçilir

2021-11-23 17:12:40 - [TEST_STEP][PASSED] - Tasarım alanından e-Serbest Meslek Makbuz Öndeger Sablon Tasarim.xslt- seçilir: Tasarım alanından e-Serbest Meslek Makbuz Öndeger Sablon Tasarim.xslt- seçilir

2021-11-23 17:12:40 - [MESSAGE][PASSED] - Tasarım alanından e-Serbest Meslek Makbuz Öndeger Sablon Tasarim.xslt- seçilir

2021-11-23 17:12:40 - [TEST_STEP][PASSED] - Ekle butonuna basılır: Ekle butonuna basılır

2021-11-23 17:12:40 - [MESSAGE][PASSED] - Ekle butonuna basılır

2021-11-23 17:12:40 - [TEST_STEP][PASSED] - Ürün ekleme alanında Ücretin Ne İçin Alındığı başlığına Otomasyon girilir: Ürün ekleme alanında Ücretin Ne İçin Alındığı başlığına Otomasyon girilir

2021-11-23 17:12:40 - [MESSAGE][PASSED] - Ürün ekleme alanında Ücretin Ne İçin Alındığı başlığına Otomasyon girilir

2021-11-23 17:12:40 - [TEST_STEP][PASSED] - Ürün ekleme alanında Brüt Ücret başlığına 400 girilir: Ürün ekleme alanında Brüt Ücret başlığına 400 girilir

2021-11-23 17:12:40 - [MESSAGE][PASSED] - Ürün ekleme alanında Brüt Ücret başlığına 400 girilir

2021-11-23 17:12:40 - [TEST_STEP][PASSED] - Ürün ekleme alanında G.V Stopaj Oranı% başlığına 10 girilir: Ürün ekleme alanında G.V Stopaj Oranı% başlığına 10 girilir

2021-11-23 17:12:40 - [MESSAGE][PASSED] - Ürün ekleme alanında G.V Stopaj Oranı% başlığına 10 girilir

2021-11-23 17:12:40 - [TEST_STEP][PASSED] - Notlar alanına Otomasyon Not girilir: Notlar alanına Otomasyon Not girilir

2021-11-23 17:12:40 - [MESSAGE][PASSED] - Notlar alanına Otomasyon Not girilir

2021-11-23 17:12:40 - [TEST_STEP][PASSED] - Ettn bilgisi kayıt edilir: Ettn bilgisi kayıt edilir

2021-11-23 17:12:40 - [MESSAGE][PASSED] - Ettn bilgisi kayıt edilir

2021-11-23 17:12:40 - [TEST_STEP][PASSED] - Kaydet butonu seçilir: Kaydet butonu seçilir

2021-11-23 17:12:40 - [MESSAGE][PASSED] - Kaydet butonu seçilir

2021-11-23 17:12:40 - [TEST_STEP][PASSED] - Tabloda Ettn bilgisi kaydedilen veri oluşturuldu mu: Tabloda Ettn bilgisi kaydedilen veri oluşturuldu mu

2021-11-23 17:12:40 - [MESSAGE][PASSED] - Tabloda Ettn bilgisi kaydedilen veri oluşturuldu mu

2021-11-23 17:12:40 - [TEST_STEP][PASSED] - Tablodan Ettn bilgisi kaydedilen veri seçilir: Tablodan Ettn bilgisi kaydedilen veri seçilir

2021-11-23 17:12:40 - [MESSAGE][PASSED] - Tablodan Ettn bilgisi kaydedilen veri seçilir

2021-11-23 17:12:40 - [TEST_STEP][PASSED] - Butonlardan Numara Oluştur isimli butona tıklanır: Butonlardan Numara Oluştur isimli butona tıklanır

2021-11-23 17:12:40 - [MESSAGE][PASSED] - Butonlardan Numara Oluştur isimli butona tıklanır

2021-11-23 17:12:40 - [TEST_STEP][PASSED] - Popup mesajı Devam etmek istiyor musunuz içeriyor mu: Popup mesajı Devam etmek istiyor musunuz içeriyor mu

2021-11-23 17:12:40 - [MESSAGE][PASSED] - Popup mesajı Devam etmek istiyor musunuz içeriyor mu

2021-11-23 17:12:40 - [TEST_STEP][PASSED] - Yönetim popupında Evet seçilir: Yönetim popupında Evet seçilir

2021-11-23 17:12:40 - [MESSAGE][PASSED] - Yönetim popupında Evet seçilir

2021-11-23 17:12:40 - [TEST_STEP][PASSED] - Popup mesajı oluşmuştur içeriyor mu: Popup mesajı oluşmuştur içeriyor mu

2021-11-23 17:12:40 - [MESSAGE][PASSED] - Popup mesajı oluşmuştur içeriyor mu

2021-11-23 17:12:40 - [TEST_STEP][PASSED] - Yönetim popupında Tamam seçilir: Yönetim popupında Tamam seçilir

2021-11-23 17:12:40 - [MESSAGE][PASSED] - Yönetim popupında Tamam seçilir

2021-11-23 17:12:40 - [TEST_STEP][PASSED] - Tablodan Ettn bilgisi kaydedilen veri seçilir: Tablodan Ettn bilgisi kaydedilen veri seçilir

2021-11-23 17:12:40 - [MESSAGE][PASSED] - Tablodan Ettn bilgisi kaydedilen veri seçilir

2021-11-23 17:12:40 - [TEST_STEP][PASSED] - Butonlardan Gönder isimli butona tıklanır: Butonlardan Gönder isimli butona tıklanır

2021-11-23 17:12:40 - [MESSAGE][PASSED] - Butonlardan Gönder isimli butona tıklanır

2021-11-23 17:12:40 - [TEST_STEP][PASSED] - Popup mesajı Devam etmek istiyor musunuz içeriyor mu: Popup mesajı Devam etmek istiyor musunuz içeriyor mu

2021-11-23 17:12:40 - [MESSAGE][PASSED] - Popup mesajı Devam etmek istiyor musunuz içeriyor mu

2021-11-23 17:12:40 - [TEST_STEP][PASSED] - Yönetim popupında Evet seçilir: Yönetim popupında Evet seçilir

2021-11-23 17:12:40 - [MESSAGE][PASSED] - Yönetim popupında Evet seçilir

2021-11-23 17:12:40 - [TEST_STEP][PASSED] - Ana menüden e-Makbuz seçilir: Ana menüden e-Makbuz seçilir

2021-11-23 17:12:40 - [MESSAGE][PASSED] - Ana menüden e-Makbuz seçilir

2021-11-23 17:12:40 - [TEST_STEP][PASSED] - Alt menü e-Serbest Meslek Uygulaması başlığı altındaki e-Serbest Meslek Makbuzları seçilir: Alt menü e-Serbest Meslek Uygulaması başlığı altındaki e-Serbest Meslek Makbuzları seçilir

2021-11-23 17:12:40 - [MESSAGE][PASSED] - Alt menü e-Serbest Meslek Uygulaması başlığı altındaki e-Serbest Meslek Makbuzları seçilir

2021-11-23 17:12:40 - [TEST_STEP][PASSED] - Filtrelerden Ettn filtresine Ettn bilgisi yaz: Filtrelerden Ettn filtresine Ettn bilgisi yaz

2021-11-23 17:12:40 - [MESSAGE][PASSED] - Filtrelerden Ettn filtresine Ettn bilgisi yaz

2021-11-23 17:12:40 - [TEST_STEP][PASSED] - Filtre butonlarından Listele seçilir: Filtre butonlarından Listele seçilir

2021-11-23 17:12:40 - [MESSAGE][PASSED] - Filtre butonlarından Listele seçilir

2021-11-23 17:12:40 - [TEST_STEP][PASSED] - Tabloda veri var mı kontrol edilir: Tabloda veri var mı kontrol edilir

2021-11-23 17:12:40 - [MESSAGE][PASSED] - Tabloda veri var mı kontrol edilir

2021-11-23 17:12:40 - [TEST_STEP][PASSED] - Tabloda yeni oluşturulan smm verisi başarılı mı: Tabloda yeni oluşturulan smm verisi başarılı mı

2021-11-23 17:12:40 - [MESSAGE][PASSED] - Tabloda yeni oluşturulan smm verisi başarılı mı

2021-11-23 17:12:40 - [TEST_STEP][PASSED] - Kullanıcı işlemlerinden Çıkış seçilir: Kullanıcı işlemlerinden Çıkış seçilir

2021-11-23 17:12:40 - [MESSAGE][PASSED] - Kullanıcı işlemlerinden Çıkış seçilir

2021-11-23 17:12:40 - [MESSAGE][PASSED] - Feature file: 'Include/features/Regresyon/e-Serbest Meslek Makbuzu/VKN-e-Serbest Meslek Makbuzu-Elektronik.feature' was passed

2021-11-23 17:12:40 - [TEST_STEP][PASSED] - Start listener action : sampleAfterTestSuite: Invoke 'com.kms.katalon.core.annotation.AfterTestCase' method: 'Listener.sampleAfterTestSuite(...)' completed.

2021-11-23 17:12:40 - [MESSAGE][INFO] - Starting invoke 'com.kms.katalon.core.annotation.AfterTestCase' method: 'Listener.sampleAfterTestSuite(...)'

2021-11-23 17:12:40 - [TEST_STEP][PASSED] - closeBrowser(): Invoke 'com.kms.katalon.core.annotation.AfterTestCase' method: 'Listener.sampleAfterTestSuite(...)' completed.

2021-11-23 17:12:40 - [MESSAGE][INFO] - Closing browser

2021-11-23 17:12:41 - [MESSAGE][PASSED] - Browser is closed

2021-11-23 17:12:41 - [MESSAGE][INFO] - Invoke 'com.kms.katalon.core.annotation.AfterTestCase' method: 'Listener.sampleAfterTestSuite(...)' completed.]]></system-out>
         <system-err><![CDATA[]]></system-err>
      </testcase>
      <testcase name="Test Cases/Case Repository/Regresyon/e-Serbest Meslek Makbuzu/VKN-e-Serbest Meslek Makbuzu-Kagit" time="91.928" classname="Test Cases/Case Repository/Regresyon/e-Serbest Meslek Makbuzu/VKN-e-Serbest Meslek Makbuzu-Kagit" status="PASSED">
         <system-out><![CDATA[2021-11-23 17:12:41 - [TEST_CASE][PASSED] - Test Cases/Case Repository/Regresyon/e-Serbest Meslek Makbuzu/VKN-e-Serbest Meslek Makbuzu-Kagit: Test Cases/Case Repository/Regresyon/e-Serbest Meslek Makbuzu/VKN-e-Serbest Meslek Makbuzu-Kagit

2021-11-23 17:12:41 - [TEST_STEP][PASSED] - Start listener action : sampleBeforeTestSuite: Invoke 'com.kms.katalon.core.annotation.BeforeTestCase' method: 'Listener.sampleBeforeTestSuite(...)' completed.

2021-11-23 17:12:41 - [MESSAGE][INFO] - Starting invoke 'com.kms.katalon.core.annotation.BeforeTestCase' method: 'Listener.sampleBeforeTestSuite(...)'

2021-11-23 17:12:41 - [TEST_STEP][PASSED] - openBrowser(baseUrl): Browser is opened with url: 'https://efatura-stage.elogo.com.tr/'

2021-11-23 17:12:41 - [MESSAGE][INFO] - Opening browser

2021-11-23 17:12:41 - [MESSAGE][INFO] - Starting 'Chrome' driver

2021-11-23 17:12:41 - [MESSAGE][INFO] - User set preference: ['prefs', '{download.default_directory=C:\otomasyondownfiles}']

2021-11-23 17:12:41 - [MESSAGE][INFO] - Action delay is set to 0 milliseconds

2021-11-23 17:12:42 - [MESSAGE][INFO] - Navigating browser to: 'https://efatura-stage.elogo.com.tr/'

2021-11-23 17:12:44 - [MESSAGE][PASSED] - Browser is opened with url: 'https://efatura-stage.elogo.com.tr/'

2021-11-23 17:12:44 - [TEST_STEP][PASSED] - maximizeWindow(): Invoke 'com.kms.katalon.core.annotation.BeforeTestCase' method: 'Listener.sampleBeforeTestSuite(...)' completed.

2021-11-23 17:12:44 - [MESSAGE][INFO] - Maximizing current window

2021-11-23 17:12:45 - [MESSAGE][PASSED] - Current window maximized

2021-11-23 17:12:45 - [MESSAGE][INFO] - Invoke 'com.kms.katalon.core.annotation.BeforeTestCase' method: 'Listener.sampleBeforeTestSuite(...)' completed.

2021-11-23 17:12:45 - [TEST_STEP][PASSED] - runFeatureFile("Include/features/Regresyon/e-Serbest Meslek Makbuzu/VKN-e-Serbest Meslek Makbuzu-Kagit.feature"): Feature file: 'Include/features/Regresyon/e-Serbest Meslek Makbuzu/VKN-e-Serbest Meslek Makbuzu-Kagit.feature' was passed

2021-11-23 17:12:45 - [MESSAGE][INFO] - Starting run keyword runFeatureFile: 'Include/features/Regresyon/e-Serbest Meslek Makbuzu/VKN-e-Serbest Meslek Makbuzu-Kagit.feature' and extract report to folder: 'C:\Users\DELL\Documents\GitHub\EES_KatalonLogo\Reports\20211123_163326\Suite Repository\Regresyon-eArsiv-eMakbuz\20211123_163404/cucumber_report/1637676765897'...

2021-11-23 17:12:45 - [MESSAGE][INFO] - Glue: []

2021-11-23 17:12:48 - [MESSAGE][INFO] - Checking called Test Case

2021-11-23 17:12:48 - [MESSAGE][INFO] - Starting to call Test Case 'Test Cases/Sayfalar/Giris_Sayfasi/Login'

2021-11-23 17:12:49 - [TEST_CASE][PASSED] - Test Cases/Sayfalar/Giris_Sayfasi/Login: Test Cases/Sayfalar/Giris_Sayfasi/Login

2021-11-23 17:12:49 - [TEST_STEP][PASSED] - Sayfa_Basligi = getWindowTitle(): Current window's title is: 'LOGO e-Fatura'

2021-11-23 17:12:49 - [MESSAGE][INFO] - Getting current window's title

2021-11-23 17:12:49 - [MESSAGE][PASSED] - Current window's title is: 'LOGO e-Fatura'

2021-11-23 17:12:49 - [TEST_STEP][PASSED] - verifyMatch(Sayfa_Basligi, "LOGO e-Fatura", false): Actual text 'LOGO e-Fatura' and expected text 'LOGO e-Fatura' are matched 

2021-11-23 17:12:49 - [MESSAGE][INFO] - Matching actual text 'LOGO e-Fatura' with expected text 'LOGO e-Fatura'

2021-11-23 17:12:49 - [MESSAGE][PASSED] - Actual text 'LOGO e-Fatura' and expected text 'LOGO e-Fatura' are matched 

2021-11-23 17:12:49 - [TEST_STEP][PASSED] - sendKeys(findTestObject("Sayfalar/Giris_Sayfasi/Firma_Kodu"), KullaniciAdi): Keys 'ELOGOGIB' sent to object: 'Object Repository/Sayfalar/Giris_Sayfasi/Firma_Kodu'

2021-11-23 17:12:49 - [MESSAGE][INFO] - Finding Test Object 'Object Repository/Sayfalar/Giris_Sayfasi/Firma_Kodu'

2021-11-23 17:12:49 - [MESSAGE][INFO] - Sending keys 'ELOGOGIB' to object: 'Object Repository/Sayfalar/Giris_Sayfasi/Firma_Kodu'

2021-11-23 17:12:49 - [MESSAGE][INFO] - Finding web element from Test Object's properties

2021-11-23 17:12:49 - [MESSAGE][INFO] - Checking timeout

2021-11-23 17:12:49 - [MESSAGE][INFO] - Finding web element with id: 'Object Repository/Sayfalar/Giris_Sayfasi/Firma_Kodu' located by 'By.xpath: //*[@id = 'AccountName']' in '30' second(s)

2021-11-23 17:12:49 - [MESSAGE][INFO] - Smart Wait Function is triggered

2021-11-23 17:12:49 - [MESSAGE][INFO] - Found 1 web elements with id: 'Object Repository/Sayfalar/Giris_Sayfasi/Firma_Kodu' located by 'By.xpath: //*[@id = 'AccountName']' in '30' second(s)

2021-11-23 17:12:49 - [MESSAGE][PASSED] - Keys 'ELOGOGIB' sent to object: 'Object Repository/Sayfalar/Giris_Sayfasi/Firma_Kodu'

2021-11-23 17:12:49 - [TEST_STEP][PASSED] - sendKeys(findTestObject("Sayfalar/Giris_Sayfasi/Sifre"), Sifre): Keys '123456' sent to object: 'Object Repository/Sayfalar/Giris_Sayfasi/Sifre'

2021-11-23 17:12:49 - [MESSAGE][INFO] - Finding Test Object 'Object Repository/Sayfalar/Giris_Sayfasi/Sifre'

2021-11-23 17:12:49 - [MESSAGE][INFO] - Sending keys '123456' to object: 'Object Repository/Sayfalar/Giris_Sayfasi/Sifre'

2021-11-23 17:12:49 - [MESSAGE][INFO] - Finding web element from Test Object's properties

2021-11-23 17:12:49 - [MESSAGE][INFO] - Checking timeout

2021-11-23 17:12:49 - [MESSAGE][INFO] - Finding web element with id: 'Object Repository/Sayfalar/Giris_Sayfasi/Sifre' located by 'By.xpath: //*[@id = 'Password']' in '30' second(s)

2021-11-23 17:12:49 - [MESSAGE][INFO] - Smart Wait Function is triggered

2021-11-23 17:12:50 - [MESSAGE][INFO] - Found 1 web elements with id: 'Object Repository/Sayfalar/Giris_Sayfasi/Sifre' located by 'By.xpath: //*[@id = 'Password']' in '30' second(s)

2021-11-23 17:12:50 - [MESSAGE][PASSED] - Keys '123456' sent to object: 'Object Repository/Sayfalar/Giris_Sayfasi/Sifre'

2021-11-23 17:12:50 - [TEST_STEP][PASSED] - findWebElement(findTestObject("Sayfalar/Giris_Sayfasi/Giris_Butonu")).click(): Found 1 web elements with id: 'Object Repository/Sayfalar/Giris_Sayfasi/Giris_Butonu' located by 'By.cssSelector: #btnLogin' in '30' second(s)

2021-11-23 17:12:50 - [MESSAGE][INFO] - Finding Test Object 'Object Repository/Sayfalar/Giris_Sayfasi/Giris_Butonu'

2021-11-23 17:12:50 - [MESSAGE][INFO] - Finding web element from Test Object's properties

2021-11-23 17:12:50 - [MESSAGE][INFO] - Checking timeout

2021-11-23 17:12:50 - [MESSAGE][INFO] - Finding web element with id: 'Object Repository/Sayfalar/Giris_Sayfasi/Giris_Butonu' located by 'By.cssSelector: #btnLogin' in '30' second(s)

2021-11-23 17:12:50 - [MESSAGE][INFO] - Smart Wait Function is triggered

2021-11-23 17:12:50 - [MESSAGE][INFO] - Found 1 web elements with id: 'Object Repository/Sayfalar/Giris_Sayfasi/Giris_Butonu' located by 'By.cssSelector: #btnLogin' in '30' second(s)

2021-11-23 17:12:52 - [TEST_STEP][PASSED] - if (verifyElementPresent(findTestObject("Object Repository/Sayfalar/Giris_Sayfasi/RetveTamam_Butonu"), 5, OPTIONAL)): null

2021-11-23 17:12:52 - [MESSAGE][INFO] - Finding Test Object 'Object Repository/Sayfalar/Giris_Sayfasi/RetveTamam_Butonu'

2021-11-23 17:12:52 - [MESSAGE][INFO] - Checking object

2021-11-23 17:12:52 - [MESSAGE][INFO] - Finding web element from Test Object's properties

2021-11-23 17:12:52 - [MESSAGE][INFO] - Checking timeout

2021-11-23 17:12:52 - [MESSAGE][INFO] - Finding web element with id: 'Object Repository/Sayfalar/Giris_Sayfasi/RetveTamam_Butonu' located by 'By.xpath: //*[@class = 'btn btn-default']' in '5' second(s)

2021-11-23 17:12:52 - [MESSAGE][INFO] - Smart Wait Function is triggered

2021-11-23 17:12:52 - [MESSAGE][INFO] - Found 1 web elements with id: 'Object Repository/Sayfalar/Giris_Sayfasi/RetveTamam_Butonu' located by 'By.xpath: //*[@class = 'btn btn-default']' in '5' second(s)

2021-11-23 17:12:52 - [MESSAGE][PASSED] - Object 'Object Repository/Sayfalar/Giris_Sayfasi/RetveTamam_Butonu' is present

2021-11-23 17:12:52 - [TEST_STEP][PASSED] - click(findTestObject("Object Repository/Sayfalar/Giris_Sayfasi/RetveTamam_Butonu")): Object: 'Object Repository/Sayfalar/Giris_Sayfasi/RetveTamam_Butonu' is clicked on

2021-11-23 17:12:52 - [MESSAGE][INFO] - Finding Test Object 'Object Repository/Sayfalar/Giris_Sayfasi/RetveTamam_Butonu'

2021-11-23 17:12:53 - [MESSAGE][INFO] - Checking object

2021-11-23 17:12:53 - [MESSAGE][INFO] - Finding web element from Test Object's properties

2021-11-23 17:12:53 - [MESSAGE][INFO] - Checking timeout

2021-11-23 17:12:53 - [MESSAGE][INFO] - Finding web element with id: 'Object Repository/Sayfalar/Giris_Sayfasi/RetveTamam_Butonu' located by 'By.xpath: //*[@class = 'btn btn-default']' in '30' second(s)

2021-11-23 17:12:53 - [MESSAGE][INFO] - Smart Wait Function is triggered

2021-11-23 17:12:53 - [MESSAGE][INFO] - Found 1 web elements with id: 'Object Repository/Sayfalar/Giris_Sayfasi/RetveTamam_Butonu' located by 'By.xpath: //*[@class = 'btn btn-default']' in '30' second(s)

2021-11-23 17:12:53 - [MESSAGE][INFO] - Clicking on object: 'Object Repository/Sayfalar/Giris_Sayfasi/RetveTamam_Butonu'

2021-11-23 17:12:53 - [MESSAGE][PASSED] - Object: 'Object Repository/Sayfalar/Giris_Sayfasi/RetveTamam_Butonu' is clicked on

2021-11-23 17:12:53 - [TEST_STEP][PASSED] - click(findTestObject("Object Repository/Sayfalar/Giris_Sayfasi/RetveTamam_Butonu")): Object: 'Object Repository/Sayfalar/Giris_Sayfasi/RetveTamam_Butonu' is clicked on

2021-11-23 17:12:53 - [MESSAGE][INFO] - Finding Test Object 'Object Repository/Sayfalar/Giris_Sayfasi/RetveTamam_Butonu'

2021-11-23 17:12:53 - [MESSAGE][INFO] - Checking object

2021-11-23 17:12:53 - [MESSAGE][INFO] - Finding web element from Test Object's properties

2021-11-23 17:12:53 - [MESSAGE][INFO] - Checking timeout

2021-11-23 17:12:53 - [MESSAGE][INFO] - Finding web element with id: 'Object Repository/Sayfalar/Giris_Sayfasi/RetveTamam_Butonu' located by 'By.xpath: //*[@class = 'btn btn-default']' in '30' second(s)

2021-11-23 17:12:53 - [MESSAGE][INFO] - Smart Wait Function is triggered

2021-11-23 17:12:56 - [MESSAGE][INFO] - Found 1 web elements with id: 'Object Repository/Sayfalar/Giris_Sayfasi/RetveTamam_Butonu' located by 'By.xpath: //*[@class = 'btn btn-default']' in '30' second(s)

2021-11-23 17:12:56 - [MESSAGE][INFO] - Clicking on object: 'Object Repository/Sayfalar/Giris_Sayfasi/RetveTamam_Butonu'

2021-11-23 17:12:56 - [MESSAGE][PASSED] - Object: 'Object Repository/Sayfalar/Giris_Sayfasi/RetveTamam_Butonu' is clicked on

2021-11-23 17:12:56 - [TEST_STEP][PASSED] - if (verifyElementPresent(findTestObject("Sayfalar/Giris_Sayfasi/PopupOK"), 5, OPTIONAL)): null

2021-11-23 17:12:56 - [MESSAGE][INFO] - Finding Test Object 'Object Repository/Sayfalar/Giris_Sayfasi/PopupOK'

2021-11-23 17:12:56 - [MESSAGE][INFO] - Checking object

2021-11-23 17:12:56 - [MESSAGE][INFO] - Finding web element from Test Object's properties

2021-11-23 17:12:56 - [MESSAGE][INFO] - Checking timeout

2021-11-23 17:12:56 - [MESSAGE][INFO] - Finding web element with id: 'Object Repository/Sayfalar/Giris_Sayfasi/PopupOK' located by 'By.cssSelector: .btn.btn-success' in '5' second(s)

2021-11-23 17:12:56 - [MESSAGE][INFO] - Smart Wait Function is triggered

2021-11-23 17:12:57 - [MESSAGE][INFO] - Found 1 web elements with id: 'Object Repository/Sayfalar/Giris_Sayfasi/PopupOK' located by 'By.cssSelector: .btn.btn-success' in '5' second(s)

2021-11-23 17:12:57 - [MESSAGE][PASSED] - Object 'Object Repository/Sayfalar/Giris_Sayfasi/PopupOK' is present

2021-11-23 17:12:57 - [TEST_STEP][PASSED] - click(findTestObject("Object Repository/Sayfalar/Giris_Sayfasi/PopupCarpiGiris")): Object: 'Object Repository/Sayfalar/Giris_Sayfasi/PopupCarpiGiris' is clicked on

2021-11-23 17:12:57 - [MESSAGE][INFO] - Finding Test Object 'Object Repository/Sayfalar/Giris_Sayfasi/PopupCarpiGiris'

2021-11-23 17:12:57 - [MESSAGE][INFO] - Checking object

2021-11-23 17:12:57 - [MESSAGE][INFO] - Finding web element from Test Object's properties

2021-11-23 17:12:57 - [MESSAGE][INFO] - Checking timeout

2021-11-23 17:12:57 - [MESSAGE][INFO] - Finding web element with id: 'Object Repository/Sayfalar/Giris_Sayfasi/PopupCarpiGiris' located by 'By.cssSelector: .bootbox-close-button.close' in '30' second(s)

2021-11-23 17:12:57 - [MESSAGE][INFO] - Smart Wait Function is triggered

2021-11-23 17:12:57 - [MESSAGE][INFO] - Found 1 web elements with id: 'Object Repository/Sayfalar/Giris_Sayfasi/PopupCarpiGiris' located by 'By.cssSelector: .bootbox-close-button.close' in '30' second(s)

2021-11-23 17:12:57 - [MESSAGE][INFO] - Clicking on object: 'Object Repository/Sayfalar/Giris_Sayfasi/PopupCarpiGiris'

2021-11-23 17:12:57 - [MESSAGE][PASSED] - Object: 'Object Repository/Sayfalar/Giris_Sayfasi/PopupCarpiGiris' is clicked on

2021-11-23 17:12:57 - [TEST_STEP][PASSED] - verifyElementVisible(findTestObject("Object Repository/Kullanici_Islemleri/KullaniciIslemleri")): Object 'Object Repository/Kullanici_Islemleri/KullaniciIslemleri' is visible

2021-11-23 17:12:57 - [MESSAGE][INFO] - Finding Test Object 'Object Repository/Kullanici_Islemleri/KullaniciIslemleri'

2021-11-23 17:12:57 - [MESSAGE][INFO] - Checking object

2021-11-23 17:12:57 - [MESSAGE][INFO] - Finding web element from Test Object's properties

2021-11-23 17:12:57 - [MESSAGE][INFO] - Checking timeout

2021-11-23 17:12:57 - [MESSAGE][INFO] - Finding web element with id: 'Object Repository/Kullanici_Islemleri/KullaniciIslemleri' located by 'By.cssSelector: .dropdown>a>img' in '30' second(s)

2021-11-23 17:12:57 - [MESSAGE][INFO] - Smart Wait Function is triggered

2021-11-23 17:12:58 - [MESSAGE][INFO] - Found 1 web elements with id: 'Object Repository/Kullanici_Islemleri/KullaniciIslemleri' located by 'By.cssSelector: .dropdown>a>img' in '30' second(s)

2021-11-23 17:12:58 - [MESSAGE][PASSED] - Object 'Object Repository/Kullanici_Islemleri/KullaniciIslemleri' is visible

2021-11-23 17:12:58 - [MESSAGE][PASSED] - Call Test Case 'Test Cases/Sayfalar/Giris_Sayfasi/Login' successfully

2021-11-23 17:12:58 - [MESSAGE][INFO] - Checking called Test Case

2021-11-23 17:12:58 - [MESSAGE][INFO] - Starting to call Test Case 'Test Cases/Menu/AnaMenuSecimi'

2021-11-23 17:12:58 - [TEST_CASE][PASSED] - Test Cases/Menu/AnaMenuSecimi: Test Cases/Menu/AnaMenuSecimi

2021-11-23 17:12:58 - [TEST_STEP][PASSED] - Method.TextDegerineEsitElementeTikla(findTestObject("Menu/Ana_Menu"), Ana_Menu): Method.TextDegerineEsitElementeTikla is PASSED

2021-11-23 17:12:58 - [MESSAGE][INFO] - Finding Test Object 'Object Repository/Menu/Ana_Menu'

2021-11-23 17:12:58 - [MESSAGE][INFO] - Checking timeout

2021-11-23 17:12:58 - [MESSAGE][INFO] - Finding web element with id: 'Object Repository/Menu/Ana_Menu' located by 'By.xpath: //*[@class = 'dropdown-toggle']' in '10' second(s)

2021-11-23 17:12:58 - [MESSAGE][INFO] - Smart Wait Function is triggered

2021-11-23 17:12:59 - [MESSAGE][INFO] - Found 14 web elements with id: 'Object Repository/Menu/Ana_Menu' located by 'By.xpath: //*[@class = 'dropdown-toggle']' in '10' second(s)

2021-11-23 17:12:59 - [MESSAGE][PASSED] - Method.TextDegerineEsitElementeTikla is PASSED

2021-11-23 17:12:59 - [MESSAGE][PASSED] - Call Test Case 'Test Cases/Menu/AnaMenuSecimi' successfully

2021-11-23 17:12:59 - [MESSAGE][INFO] - Checking called Test Case

2021-11-23 17:12:59 - [MESSAGE][INFO] - Starting to call Test Case 'Test Cases/Menu/BasligaGoreAltMenuSecimi'

2021-11-23 17:12:59 - [TEST_CASE][PASSED] - Test Cases/Menu/BasligaGoreAltMenuSecimi: Test Cases/Menu/BasligaGoreAltMenuSecimi

2021-11-23 17:12:59 - [TEST_STEP][PASSED] - Method.TextDegerineEsitElementinAltindakiTextDegerineEsitOlanaTikla(findTestObject("Menu/Menu_Basligi"), findTestObject("Menu/Basliga_Gore_Alt_Menu"), Baslik, Alt_Menu): Method.TextDegerineEsitElementinAltindakiTextDegerineEsitOlanaTikla is PASSED

2021-11-23 17:12:59 - [MESSAGE][INFO] - Finding Test Object 'Object Repository/Menu/Menu_Basligi'

2021-11-23 17:12:59 - [MESSAGE][INFO] - Finding Test Object 'Object Repository/Menu/Basliga_Gore_Alt_Menu'

2021-11-23 17:12:59 - [MESSAGE][INFO] - Checking timeout

2021-11-23 17:12:59 - [MESSAGE][INFO] - Finding web element with id: 'Object Repository/Menu/Menu_Basligi' located by 'By.xpath: //li[@class='dropdown dropdown-large open']//li[@class='dropdown-header']' in '10' second(s)

2021-11-23 17:12:59 - [MESSAGE][INFO] - Smart Wait Function is triggered

2021-11-23 17:12:59 - [MESSAGE][INFO] - Found 2 web elements with id: 'Object Repository/Menu/Menu_Basligi' located by 'By.xpath: //li[@class='dropdown dropdown-large open']//li[@class='dropdown-header']' in '10' second(s)

2021-11-23 17:12:59 - [MESSAGE][INFO] - Smart Wait Function is triggered

2021-11-23 17:13:02 - [MESSAGE][PASSED] - Method.TextDegerineEsitElementinAltindakiTextDegerineEsitOlanaTikla is PASSED

2021-11-23 17:13:02 - [MESSAGE][PASSED] - Call Test Case 'Test Cases/Menu/BasligaGoreAltMenuSecimi' successfully

2021-11-23 17:13:02 - [MESSAGE][INFO] - Checking called Test Case

2021-11-23 17:13:02 - [MESSAGE][INFO] - Starting to call Test Case 'Test Cases/Tablo/Olusturma Tarihi'

2021-11-23 17:13:02 - [TEST_CASE][PASSED] - Test Cases/Tablo/Olusturma Tarihi: Test Cases/Tablo/Olusturma Tarihi

2021-11-23 17:13:02 - [TEST_STEP][PASSED] - if (verifyTextNotPresent("Görüntülenecek veri yok", true, OPTIONAL)): null

2021-11-23 17:13:02 - [MESSAGE][INFO] - Checking text present  using regular expression

2021-11-23 17:13:02 - [MESSAGE][INFO] - Smart Wait Function is triggered

2021-11-23 17:13:02 - [MESSAGE][INFO] - Finding text 'Görüntülenecek veri yok' on page  using regular expression

2021-11-23 17:13:02 - [MESSAGE][PASSED] - Text 'Görüntülenecek veri yok' is not present on page using regular expression

2021-11-23 17:13:02 - [TEST_STEP][PASSED] - click(findTestObject("Temizle/Olusturma_Tarihi_CheckBox")): Object: 'Object Repository/Temizle/Olusturma_Tarihi_CheckBox' is clicked on

2021-11-23 17:13:02 - [MESSAGE][INFO] - Finding Test Object 'Object Repository/Temizle/Olusturma_Tarihi_CheckBox'

2021-11-23 17:13:03 - [MESSAGE][INFO] - Checking object

2021-11-23 17:13:03 - [MESSAGE][INFO] - Finding web element from Test Object's properties

2021-11-23 17:13:03 - [MESSAGE][INFO] - Checking timeout

2021-11-23 17:13:03 - [MESSAGE][INFO] - Finding web element with id: 'Object Repository/Temizle/Olusturma_Tarihi_CheckBox' located by 'By.xpath: //*[@title = 'Bu sayfadaki tüm satırları Seç']' in '30' second(s)

2021-11-23 17:13:03 - [MESSAGE][INFO] - Smart Wait Function is triggered

2021-11-23 17:13:03 - [MESSAGE][INFO] - Found 1 web elements with id: 'Object Repository/Temizle/Olusturma_Tarihi_CheckBox' located by 'By.xpath: //*[@title = 'Bu sayfadaki tüm satırları Seç']' in '30' second(s)

2021-11-23 17:13:03 - [MESSAGE][INFO] - Clicking on object: 'Object Repository/Temizle/Olusturma_Tarihi_CheckBox'

2021-11-23 17:13:03 - [MESSAGE][PASSED] - Object: 'Object Repository/Temizle/Olusturma_Tarihi_CheckBox' is clicked on

2021-11-23 17:13:03 - [TEST_STEP][PASSED] - Method.TextDegerineEsitElementeTiklaEquals(findTestObject("Butonlar/Butonlar"), "Sil"): Method.TextDegerineEsitElementeTiklaEquals is PASSED

2021-11-23 17:13:03 - [MESSAGE][INFO] - Finding Test Object 'Object Repository/Butonlar/Butonlar'

2021-11-23 17:13:03 - [MESSAGE][INFO] - Checking timeout

2021-11-23 17:13:03 - [MESSAGE][INFO] - Finding web element with id: 'Object Repository/Butonlar/Butonlar' located by 'By.cssSelector: .panel.panel-default.text-center.footerPanel .btn,.btn.btn-primary.btnControls' in '10' second(s)

2021-11-23 17:13:03 - [MESSAGE][INFO] - Smart Wait Function is triggered

2021-11-23 17:13:03 - [MESSAGE][INFO] - Found 7 web elements with id: 'Object Repository/Butonlar/Butonlar' located by 'By.cssSelector: .panel.panel-default.text-center.footerPanel .btn,.btn.btn-primary.btnControls' in '10' second(s)

2021-11-23 17:13:04 - [MESSAGE][PASSED] - Method.TextDegerineEsitElementeTiklaEquals is PASSED

2021-11-23 17:13:04 - [TEST_STEP][PASSED] - Method.TextDegerineEsitElementeTikla(findTestObject("Popup/Popup_Butons"), "Evet"): Method.TextDegerineEsitElementeTikla is PASSED

2021-11-23 17:13:04 - [MESSAGE][INFO] - Finding Test Object 'Object Repository/Popup/Popup_Butons'

2021-11-23 17:13:04 - [MESSAGE][INFO] - Checking timeout

2021-11-23 17:13:04 - [MESSAGE][INFO] - Finding web element with id: 'Object Repository/Popup/Popup_Butons' located by 'By.cssSelector: .modal-footer>button' in '10' second(s)

2021-11-23 17:13:04 - [MESSAGE][INFO] - Smart Wait Function is triggered

2021-11-23 17:13:05 - [MESSAGE][INFO] - Found 2 web elements with id: 'Object Repository/Popup/Popup_Butons' located by 'By.cssSelector: .modal-footer>button' in '10' second(s)

2021-11-23 17:13:05 - [MESSAGE][PASSED] - Method.TextDegerineEsitElementeTikla is PASSED

2021-11-23 17:13:05 - [TEST_STEP][PASSED] - Method.TextDegerineEsitElementeTikla(findTestObject("Popup/Popup_Butons"), "Tamam"): Method.TextDegerineEsitElementeTikla is PASSED

2021-11-23 17:13:05 - [MESSAGE][INFO] - Finding Test Object 'Object Repository/Popup/Popup_Butons'

2021-11-23 17:13:05 - [MESSAGE][INFO] - Checking timeout

2021-11-23 17:13:05 - [MESSAGE][INFO] - Finding web element with id: 'Object Repository/Popup/Popup_Butons' located by 'By.cssSelector: .modal-footer>button' in '10' second(s)

2021-11-23 17:13:05 - [MESSAGE][INFO] - Smart Wait Function is triggered

2021-11-23 17:13:06 - [MESSAGE][INFO] - Found 1 web elements with id: 'Object Repository/Popup/Popup_Butons' located by 'By.cssSelector: .modal-footer>button' in '10' second(s)

2021-11-23 17:13:06 - [MESSAGE][PASSED] - Method.TextDegerineEsitElementeTikla is PASSED

2021-11-23 17:13:06 - [MESSAGE][PASSED] - Call Test Case 'Test Cases/Tablo/Olusturma Tarihi' successfully

2021-11-23 17:13:06 - [MESSAGE][INFO] - Checking called Test Case

2021-11-23 17:13:06 - [MESSAGE][INFO] - Starting to call Test Case 'Test Cases/Butonlar/ButonaTikla'

2021-11-23 17:13:06 - [TEST_CASE][PASSED] - Test Cases/Butonlar/ButonaTikla: Test Cases/Butonlar/ButonaTikla

2021-11-23 17:13:06 - [TEST_STEP][PASSED] - Method.TextDegerineEsitElementeTiklaEquals(findTestObject("Butonlar/Butonlar"), Buton_Adi): Method.TextDegerineEsitElementeTiklaEquals is PASSED

2021-11-23 17:13:06 - [MESSAGE][INFO] - Finding Test Object 'Object Repository/Butonlar/Butonlar'

2021-11-23 17:13:06 - [MESSAGE][INFO] - Checking timeout

2021-11-23 17:13:06 - [MESSAGE][INFO] - Finding web element with id: 'Object Repository/Butonlar/Butonlar' located by 'By.cssSelector: .panel.panel-default.text-center.footerPanel .btn,.btn.btn-primary.btnControls' in '10' second(s)

2021-11-23 17:13:06 - [MESSAGE][INFO] - Smart Wait Function is triggered

2021-11-23 17:13:07 - [MESSAGE][INFO] - Found 7 web elements with id: 'Object Repository/Butonlar/Butonlar' located by 'By.cssSelector: .panel.panel-default.text-center.footerPanel .btn,.btn.btn-primary.btnControls' in '10' second(s)

2021-11-23 17:13:07 - [MESSAGE][PASSED] - Method.TextDegerineEsitElementeTiklaEquals is PASSED

2021-11-23 17:13:07 - [MESSAGE][PASSED] - Call Test Case 'Test Cases/Butonlar/ButonaTikla' successfully

2021-11-23 17:13:07 - [MESSAGE][INFO] - Checking called Test Case

2021-11-23 17:13:07 - [MESSAGE][INFO] - Starting to call Test Case 'Test Cases/Olusturma/Genel/GorselTasarimSayfasıBasligiIceriyorMu'

2021-11-23 17:13:07 - [TEST_CASE][PASSED] - Test Cases/Olusturma/Genel/GorselTasarimSayfasıBasligiIceriyorMu: Test Cases/Olusturma/Genel/GorselTasarimSayfasıBasligiIceriyorMu

2021-11-23 17:13:07 - [TEST_STEP][PASSED] - verifyElementText(findTestObject("Object Repository/Olusturma/Genel/GorselTasarimBaslik"), Baslik): Actual text and expected text of test object 'Object Repository/Olusturma/Genel/GorselTasarimBaslik' are matched.

2021-11-23 17:13:07 - [MESSAGE][INFO] - Finding Test Object 'Object Repository/Olusturma/Genel/GorselTasarimBaslik'

2021-11-23 17:13:07 - [MESSAGE][INFO] - Checking object

2021-11-23 17:13:07 - [MESSAGE][INFO] - Finding web element from Test Object's properties

2021-11-23 17:13:07 - [MESSAGE][INFO] - Checking timeout

2021-11-23 17:13:07 - [MESSAGE][INFO] - Finding web element with id: 'Object Repository/Olusturma/Genel/GorselTasarimBaslik' located by 'By.cssSelector: #flAlici_0>div>span' in '30' second(s)

2021-11-23 17:13:07 - [MESSAGE][INFO] - Smart Wait Function is triggered

2021-11-23 17:13:10 - [MESSAGE][INFO] - Found 1 web elements with id: 'Object Repository/Olusturma/Genel/GorselTasarimBaslik' located by 'By.cssSelector: #flAlici_0>div>span' in '30' second(s)

2021-11-23 17:13:10 - [MESSAGE][PASSED] - Actual text and expected text of test object 'Object Repository/Olusturma/Genel/GorselTasarimBaslik' are matched.

2021-11-23 17:13:10 - [MESSAGE][PASSED] - Call Test Case 'Test Cases/Olusturma/Genel/GorselTasarimSayfasıBasligiIceriyorMu' successfully

2021-11-23 17:13:10 - [MESSAGE][INFO] - Checking called Test Case

2021-11-23 17:13:10 - [MESSAGE][INFO] - Starting to call Test Case 'Test Cases/Olusturma/Genel/AliciSecilir'

2021-11-23 17:13:10 - [TEST_CASE][PASSED] - Test Cases/Olusturma/Genel/AliciSecilir: Test Cases/Olusturma/Genel/AliciSecilir

2021-11-23 17:13:10 - [TEST_STEP][PASSED] - click(findTestObject("Olusturma/Genel/AliciBilgisi/Alici_Ara")): Object: 'Object Repository/Olusturma/Genel/AliciBilgisi/Alici_Ara' is clicked on

2021-11-23 17:13:10 - [MESSAGE][INFO] - Finding Test Object 'Object Repository/Olusturma/Genel/AliciBilgisi/Alici_Ara'

2021-11-23 17:13:10 - [MESSAGE][INFO] - Checking object

2021-11-23 17:13:10 - [MESSAGE][INFO] - Finding web element from Test Object's properties

2021-11-23 17:13:10 - [MESSAGE][INFO] - Checking timeout

2021-11-23 17:13:10 - [MESSAGE][INFO] - Finding web element with id: 'Object Repository/Olusturma/Genel/AliciBilgisi/Alici_Ara' located by 'By.xpath: //td[@id='txtCustomerText_B-1']' in '30' second(s)

2021-11-23 17:13:10 - [MESSAGE][INFO] - Smart Wait Function is triggered

2021-11-23 17:13:10 - [MESSAGE][INFO] - Found 1 web elements with id: 'Object Repository/Olusturma/Genel/AliciBilgisi/Alici_Ara' located by 'By.xpath: //td[@id='txtCustomerText_B-1']' in '30' second(s)

2021-11-23 17:13:10 - [MESSAGE][INFO] - Clicking on object: 'Object Repository/Olusturma/Genel/AliciBilgisi/Alici_Ara'

2021-11-23 17:13:10 - [MESSAGE][PASSED] - Object: 'Object Repository/Olusturma/Genel/AliciBilgisi/Alici_Ara' is clicked on

2021-11-23 17:13:10 - [TEST_STEP][PASSED] - click(findTestObject("Olusturma/Genel/AliciBilgisi/Alici_Bilgisi")): Object: 'Object Repository/Olusturma/Genel/AliciBilgisi/Alici_Bilgisi' is clicked on

2021-11-23 17:13:10 - [MESSAGE][INFO] - Finding Test Object 'Object Repository/Olusturma/Genel/AliciBilgisi/Alici_Bilgisi'

2021-11-23 17:13:10 - [MESSAGE][INFO] - Checking object

2021-11-23 17:13:10 - [MESSAGE][INFO] - Finding web element from Test Object's properties

2021-11-23 17:13:10 - [MESSAGE][INFO] - Checking timeout

2021-11-23 17:13:10 - [MESSAGE][INFO] - Finding web element with id: 'Object Repository/Olusturma/Genel/AliciBilgisi/Alici_Bilgisi' located by 'By.xpath: //iframe[@id='customerselectiframe']' in '30' second(s)

2021-11-23 17:13:10 - [MESSAGE][INFO] - Smart Wait Function is triggered

2021-11-23 17:13:11 - [MESSAGE][INFO] - Found 1 web elements with id: 'Object Repository/Olusturma/Genel/AliciBilgisi/Alici_Bilgisi' located by 'By.xpath: //iframe[@id='customerselectiframe']' in '30' second(s)

2021-11-23 17:13:11 - [MESSAGE][INFO] - Clicking on object: 'Object Repository/Olusturma/Genel/AliciBilgisi/Alici_Bilgisi'

2021-11-23 17:13:11 - [MESSAGE][PASSED] - Object: 'Object Repository/Olusturma/Genel/AliciBilgisi/Alici_Bilgisi' is clicked on

2021-11-23 17:13:11 - [TEST_STEP][PASSED] - setText(findTestObject("Olusturma/Genel/AliciBilgisi/Alici_Gir"), Alici_Adi): Switching to default content

2021-11-23 17:13:11 - [MESSAGE][INFO] - Finding Test Object 'Object Repository/Olusturma/Genel/AliciBilgisi/Alici_Gir'

2021-11-23 17:13:11 - [MESSAGE][INFO] - Finding Test Object 'Object Repository/Olusturma/Genel/AliciBilgisi/Alici_Bilgisi'

2021-11-23 17:13:11 - [MESSAGE][INFO] - Checking object

2021-11-23 17:13:11 - [MESSAGE][INFO] - Checking text

2021-11-23 17:13:11 - [MESSAGE][INFO] - Object: 'Object Repository/Olusturma/Genel/AliciBilgisi/Alici_Gir' has parent object(s)

2021-11-23 17:13:11 - [MESSAGE][INFO] - Switching to iframe: 'Object Repository/Olusturma/Genel/AliciBilgisi/Alici_Bilgisi'

2021-11-23 17:13:11 - [MESSAGE][INFO] - Finding web element from Test Object's properties

2021-11-23 17:13:11 - [MESSAGE][INFO] - Checking timeout

2021-11-23 17:13:11 - [MESSAGE][INFO] - Finding web element with id: 'Object Repository/Olusturma/Genel/AliciBilgisi/Alici_Bilgisi' located by 'By.xpath: //iframe[@id='customerselectiframe']' in '30' second(s)

2021-11-23 17:13:11 - [MESSAGE][INFO] - Smart Wait Function is triggered

2021-11-23 17:13:11 - [MESSAGE][INFO] - Found 1 web elements with id: 'Object Repository/Olusturma/Genel/AliciBilgisi/Alici_Bilgisi' located by 'By.xpath: //iframe[@id='customerselectiframe']' in '30' second(s)

2021-11-23 17:13:11 - [MESSAGE][INFO] - Switched to iframe: 'Object Repository/Olusturma/Genel/AliciBilgisi/Alici_Bilgisi'

2021-11-23 17:13:11 - [MESSAGE][INFO] - Finding web element from Test Object's properties

2021-11-23 17:13:11 - [MESSAGE][INFO] - Checking timeout

2021-11-23 17:13:11 - [MESSAGE][INFO] - Finding web element with id: 'Object Repository/Olusturma/Genel/AliciBilgisi/Alici_Gir' located by 'By.xpath: //input[@id='GridViewCustomer_DXFREditorcol1_I']' in '30' second(s)

2021-11-23 17:13:11 - [MESSAGE][INFO] - Smart Wait Function is triggered

2021-11-23 17:13:12 - [MESSAGE][INFO] - Found 1 web elements with id: 'Object Repository/Olusturma/Genel/AliciBilgisi/Alici_Gir' located by 'By.xpath: //input[@id='GridViewCustomer_DXFREditorcol1_I']' in '30' second(s)

2021-11-23 17:13:12 - [MESSAGE][INFO] - Clearing text of object 'Object Repository/Olusturma/Genel/AliciBilgisi/Alici_Gir'

2021-11-23 17:13:12 - [MESSAGE][INFO] - Finding web element from Test Object's properties

2021-11-23 17:13:12 - [MESSAGE][INFO] - Checking timeout

2021-11-23 17:13:12 - [MESSAGE][INFO] - Finding web element with id: 'Object Repository/Olusturma/Genel/AliciBilgisi/Alici_Gir' located by 'By.xpath: //input[@id='GridViewCustomer_DXFREditorcol1_I']' in '30' second(s)

2021-11-23 17:13:12 - [MESSAGE][INFO] - Smart Wait Function is triggered

2021-11-23 17:13:12 - [MESSAGE][INFO] - Found 1 web elements with id: 'Object Repository/Olusturma/Genel/AliciBilgisi/Alici_Gir' located by 'By.xpath: //input[@id='GridViewCustomer_DXFREditorcol1_I']' in '30' second(s)

2021-11-23 17:13:12 - [MESSAGE][INFO] - Setting text of object 'Object Repository/Olusturma/Genel/AliciBilgisi/Alici_Gir' to value 'VirgosolSerbestMeslekVKN'

2021-11-23 17:13:12 - [MESSAGE][PASSED] - Text 'VirgosolSerbestMeslekVKN' is set on object 'Object Repository/Olusturma/Genel/AliciBilgisi/Alici_Gir'

2021-11-23 17:13:12 - [MESSAGE][INFO] - Switching to default content

2021-11-23 17:13:12 - [TEST_STEP][PASSED] - waitForElementClickable(findTestObject("Olusturma/Genel/AliciBilgisi/Alici_Adi"), 10): Switching to default content

2021-11-23 17:13:12 - [MESSAGE][INFO] - Finding Test Object 'Object Repository/Olusturma/Genel/AliciBilgisi/Alici_Adi'

2021-11-23 17:13:12 - [MESSAGE][INFO] - Finding Test Object 'Object Repository/Olusturma/Genel/AliciBilgisi/iframe_Alc Bilgisi_customerselectiframe'

2021-11-23 17:13:12 - [MESSAGE][INFO] - Checking object

2021-11-23 17:13:12 - [MESSAGE][INFO] - Checking timeout

2021-11-23 17:13:12 - [MESSAGE][INFO] - Object: 'Object Repository/Olusturma/Genel/AliciBilgisi/Alici_Adi' has parent object(s)

2021-11-23 17:13:12 - [MESSAGE][INFO] - Switching to iframe: 'Object Repository/Olusturma/Genel/AliciBilgisi/iframe_Alc Bilgisi_customerselectiframe'

2021-11-23 17:13:12 - [MESSAGE][INFO] - Finding web element from Test Object's properties

2021-11-23 17:13:12 - [MESSAGE][INFO] - Checking timeout

2021-11-23 17:13:12 - [MESSAGE][INFO] - Finding web element with id: 'Object Repository/Olusturma/Genel/AliciBilgisi/iframe_Alc Bilgisi_customerselectiframe' located by 'By.xpath: //iframe[@id='customerselectiframe']' in '10' second(s)

2021-11-23 17:13:12 - [MESSAGE][INFO] - Smart Wait Function is triggered

2021-11-23 17:13:12 - [MESSAGE][INFO] - Found 1 web elements with id: 'Object Repository/Olusturma/Genel/AliciBilgisi/iframe_Alc Bilgisi_customerselectiframe' located by 'By.xpath: //iframe[@id='customerselectiframe']' in '10' second(s)

2021-11-23 17:13:12 - [MESSAGE][INFO] - Switched to iframe: 'Object Repository/Olusturma/Genel/AliciBilgisi/iframe_Alc Bilgisi_customerselectiframe'

2021-11-23 17:13:12 - [MESSAGE][INFO] - Finding web element from Test Object's properties

2021-11-23 17:13:12 - [MESSAGE][INFO] - Checking timeout

2021-11-23 17:13:12 - [MESSAGE][INFO] - Finding web element with id: 'Object Repository/Olusturma/Genel/AliciBilgisi/Alici_Adi' located by 'By.xpath: //tr[@id='GridViewCustomer_DXDataRow0']/td[2]' in '10' second(s)

2021-11-23 17:13:12 - [MESSAGE][INFO] - Smart Wait Function is triggered

2021-11-23 17:13:12 - [MESSAGE][INFO] - Found 1 web elements with id: 'Object Repository/Olusturma/Genel/AliciBilgisi/Alici_Adi' located by 'By.xpath: //tr[@id='GridViewCustomer_DXDataRow0']/td[2]' in '10' second(s)

2021-11-23 17:13:12 - [MESSAGE][PASSED] - Object 'Object Repository/Olusturma/Genel/AliciBilgisi/Alici_Adi' is clickable

2021-11-23 17:13:12 - [MESSAGE][INFO] - Switching to default content

2021-11-23 17:13:12 - [TEST_STEP][PASSED] - click(findTestObject("Olusturma/Genel/AliciBilgisi/frame")): Switching to default content

2021-11-23 17:13:12 - [MESSAGE][INFO] - Finding Test Object 'Object Repository/Olusturma/Genel/AliciBilgisi/frame'

2021-11-23 17:13:13 - [MESSAGE][INFO] - Finding Test Object 'Object Repository/Olusturma/Genel/AliciBilgisi/iframe_Alc Bilgisi_customerselectiframe'

2021-11-23 17:13:13 - [MESSAGE][INFO] - Checking object

2021-11-23 17:13:13 - [MESSAGE][INFO] - Object: 'Object Repository/Olusturma/Genel/AliciBilgisi/frame' has parent object(s)

2021-11-23 17:13:13 - [MESSAGE][INFO] - Switching to iframe: 'Object Repository/Olusturma/Genel/AliciBilgisi/iframe_Alc Bilgisi_customerselectiframe'

2021-11-23 17:13:13 - [MESSAGE][INFO] - Finding web element from Test Object's properties

2021-11-23 17:13:13 - [MESSAGE][INFO] - Checking timeout

2021-11-23 17:13:13 - [MESSAGE][INFO] - Finding web element with id: 'Object Repository/Olusturma/Genel/AliciBilgisi/iframe_Alc Bilgisi_customerselectiframe' located by 'By.xpath: //iframe[@id='customerselectiframe']' in '30' second(s)

2021-11-23 17:13:13 - [MESSAGE][INFO] - Smart Wait Function is triggered

2021-11-23 17:13:13 - [MESSAGE][INFO] - Found 1 web elements with id: 'Object Repository/Olusturma/Genel/AliciBilgisi/iframe_Alc Bilgisi_customerselectiframe' located by 'By.xpath: //iframe[@id='customerselectiframe']' in '30' second(s)

2021-11-23 17:13:13 - [MESSAGE][INFO] - Switched to iframe: 'Object Repository/Olusturma/Genel/AliciBilgisi/iframe_Alc Bilgisi_customerselectiframe'

2021-11-23 17:13:13 - [MESSAGE][INFO] - Finding web element from Test Object's properties

2021-11-23 17:13:13 - [MESSAGE][INFO] - Checking timeout

2021-11-23 17:13:13 - [MESSAGE][INFO] - Finding web element with id: 'Object Repository/Olusturma/Genel/AliciBilgisi/frame' located by 'By.xpath: //*/text()[normalize-space(.)='']/parent::*' in '30' second(s)

2021-11-23 17:13:13 - [MESSAGE][INFO] - Smart Wait Function is triggered

2021-11-23 17:13:13 - [MESSAGE][INFO] - Found 73 web elements with id: 'Object Repository/Olusturma/Genel/AliciBilgisi/frame' located by 'By.xpath: //*/text()[normalize-space(.)='']/parent::*' in '30' second(s)

2021-11-23 17:13:13 - [MESSAGE][INFO] - Clicking on object: 'Object Repository/Olusturma/Genel/AliciBilgisi/frame'

2021-11-23 17:13:13 - [MESSAGE][PASSED] - Object: 'Object Repository/Olusturma/Genel/AliciBilgisi/frame' is clicked on

2021-11-23 17:13:13 - [MESSAGE][INFO] - Switching to default content

2021-11-23 17:13:13 - [TEST_STEP][PASSED] - click(findTestObject("Olusturma/Genel/AliciBilgisi/Alici_Adi")): Switching to default content

2021-11-23 17:13:13 - [MESSAGE][INFO] - Finding Test Object 'Object Repository/Olusturma/Genel/AliciBilgisi/Alici_Adi'

2021-11-23 17:13:13 - [MESSAGE][INFO] - Finding Test Object 'Object Repository/Olusturma/Genel/AliciBilgisi/iframe_Alc Bilgisi_customerselectiframe'

2021-11-23 17:13:13 - [MESSAGE][INFO] - Checking object

2021-11-23 17:13:13 - [MESSAGE][INFO] - Object: 'Object Repository/Olusturma/Genel/AliciBilgisi/Alici_Adi' has parent object(s)

2021-11-23 17:13:13 - [MESSAGE][INFO] - Switching to iframe: 'Object Repository/Olusturma/Genel/AliciBilgisi/iframe_Alc Bilgisi_customerselectiframe'

2021-11-23 17:13:13 - [MESSAGE][INFO] - Finding web element from Test Object's properties

2021-11-23 17:13:13 - [MESSAGE][INFO] - Checking timeout

2021-11-23 17:13:13 - [MESSAGE][INFO] - Finding web element with id: 'Object Repository/Olusturma/Genel/AliciBilgisi/iframe_Alc Bilgisi_customerselectiframe' located by 'By.xpath: //iframe[@id='customerselectiframe']' in '30' second(s)

2021-11-23 17:13:13 - [MESSAGE][INFO] - Smart Wait Function is triggered

2021-11-23 17:13:14 - [MESSAGE][INFO] - Found 1 web elements with id: 'Object Repository/Olusturma/Genel/AliciBilgisi/iframe_Alc Bilgisi_customerselectiframe' located by 'By.xpath: //iframe[@id='customerselectiframe']' in '30' second(s)

2021-11-23 17:13:14 - [MESSAGE][INFO] - Switched to iframe: 'Object Repository/Olusturma/Genel/AliciBilgisi/iframe_Alc Bilgisi_customerselectiframe'

2021-11-23 17:13:14 - [MESSAGE][INFO] - Finding web element from Test Object's properties

2021-11-23 17:13:14 - [MESSAGE][INFO] - Checking timeout

2021-11-23 17:13:14 - [MESSAGE][INFO] - Finding web element with id: 'Object Repository/Olusturma/Genel/AliciBilgisi/Alici_Adi' located by 'By.xpath: //tr[@id='GridViewCustomer_DXDataRow0']/td[2]' in '30' second(s)

2021-11-23 17:13:14 - [MESSAGE][INFO] - Smart Wait Function is triggered

2021-11-23 17:13:14 - [MESSAGE][INFO] - Found 1 web elements with id: 'Object Repository/Olusturma/Genel/AliciBilgisi/Alici_Adi' located by 'By.xpath: //tr[@id='GridViewCustomer_DXDataRow0']/td[2]' in '30' second(s)

2021-11-23 17:13:14 - [MESSAGE][INFO] - Clicking on object: 'Object Repository/Olusturma/Genel/AliciBilgisi/Alici_Adi'

2021-11-23 17:13:14 - [MESSAGE][PASSED] - Object: 'Object Repository/Olusturma/Genel/AliciBilgisi/Alici_Adi' is clicked on

2021-11-23 17:13:14 - [MESSAGE][INFO] - Switching to default content

2021-11-23 17:13:14 - [TEST_STEP][PASSED] - click(findTestObject("Olusturma/Genel/AliciBilgisi/Tamam_Bosluk")): Switching to default content

2021-11-23 17:13:14 - [MESSAGE][INFO] - Finding Test Object 'Object Repository/Olusturma/Genel/AliciBilgisi/Tamam_Bosluk'

2021-11-23 17:13:14 - [MESSAGE][INFO] - Finding Test Object 'Object Repository/Olusturma/Genel/AliciBilgisi/Alici_Bilgisi'

2021-11-23 17:13:14 - [MESSAGE][INFO] - Checking object

2021-11-23 17:13:14 - [MESSAGE][INFO] - Object: 'Object Repository/Olusturma/Genel/AliciBilgisi/Tamam_Bosluk' has parent object(s)

2021-11-23 17:13:14 - [MESSAGE][INFO] - Switching to iframe: 'Object Repository/Olusturma/Genel/AliciBilgisi/Alici_Bilgisi'

2021-11-23 17:13:14 - [MESSAGE][INFO] - Finding web element from Test Object's properties

2021-11-23 17:13:14 - [MESSAGE][INFO] - Checking timeout

2021-11-23 17:13:14 - [MESSAGE][INFO] - Finding web element with id: 'Object Repository/Olusturma/Genel/AliciBilgisi/Alici_Bilgisi' located by 'By.xpath: //iframe[@id='customerselectiframe']' in '30' second(s)

2021-11-23 17:13:14 - [MESSAGE][INFO] - Smart Wait Function is triggered

2021-11-23 17:13:14 - [MESSAGE][INFO] - Found 1 web elements with id: 'Object Repository/Olusturma/Genel/AliciBilgisi/Alici_Bilgisi' located by 'By.xpath: //iframe[@id='customerselectiframe']' in '30' second(s)

2021-11-23 17:13:14 - [MESSAGE][INFO] - Switched to iframe: 'Object Repository/Olusturma/Genel/AliciBilgisi/Alici_Bilgisi'

2021-11-23 17:13:14 - [MESSAGE][INFO] - Finding web element from Test Object's properties

2021-11-23 17:13:14 - [MESSAGE][INFO] - Checking timeout

2021-11-23 17:13:14 - [MESSAGE][INFO] - Finding web element with id: 'Object Repository/Olusturma/Genel/AliciBilgisi/Tamam_Bosluk' located by 'By.xpath: (.//*[normalize-space(text()) and normalize-space(.)='Sayfa Boyutu:'])[1]/following::div[7]' in '30' second(s)

2021-11-23 17:13:14 - [MESSAGE][INFO] - Smart Wait Function is triggered

2021-11-23 17:13:15 - [MESSAGE][INFO] - Found 1 web elements with id: 'Object Repository/Olusturma/Genel/AliciBilgisi/Tamam_Bosluk' located by 'By.xpath: (.//*[normalize-space(text()) and normalize-space(.)='Sayfa Boyutu:'])[1]/following::div[7]' in '30' second(s)

2021-11-23 17:13:15 - [MESSAGE][INFO] - Clicking on object: 'Object Repository/Olusturma/Genel/AliciBilgisi/Tamam_Bosluk'

2021-11-23 17:13:15 - [MESSAGE][PASSED] - Object: 'Object Repository/Olusturma/Genel/AliciBilgisi/Tamam_Bosluk' is clicked on

2021-11-23 17:13:15 - [MESSAGE][INFO] - Switching to default content

2021-11-23 17:13:15 - [TEST_STEP][PASSED] - waitForElementClickable(findTestObject("Olusturma/Genel/AliciBilgisi/Tamam_Butonu"), 10): Switching to default content

2021-11-23 17:13:15 - [MESSAGE][INFO] - Finding Test Object 'Object Repository/Olusturma/Genel/AliciBilgisi/Tamam_Butonu'

2021-11-23 17:13:15 - [MESSAGE][INFO] - Finding Test Object 'Object Repository/Olusturma/Genel/AliciBilgisi/Alici_Bilgisi'

2021-11-23 17:13:15 - [MESSAGE][INFO] - Checking object

2021-11-23 17:13:15 - [MESSAGE][INFO] - Checking timeout

2021-11-23 17:13:15 - [MESSAGE][INFO] - Object: 'Object Repository/Olusturma/Genel/AliciBilgisi/Tamam_Butonu' has parent object(s)

2021-11-23 17:13:15 - [MESSAGE][INFO] - Switching to iframe: 'Object Repository/Olusturma/Genel/AliciBilgisi/Alici_Bilgisi'

2021-11-23 17:13:15 - [MESSAGE][INFO] - Finding web element from Test Object's properties

2021-11-23 17:13:15 - [MESSAGE][INFO] - Checking timeout

2021-11-23 17:13:15 - [MESSAGE][INFO] - Finding web element with id: 'Object Repository/Olusturma/Genel/AliciBilgisi/Alici_Bilgisi' located by 'By.xpath: //iframe[@id='customerselectiframe']' in '10' second(s)

2021-11-23 17:13:15 - [MESSAGE][INFO] - Smart Wait Function is triggered

2021-11-23 17:13:15 - [MESSAGE][INFO] - Found 1 web elements with id: 'Object Repository/Olusturma/Genel/AliciBilgisi/Alici_Bilgisi' located by 'By.xpath: //iframe[@id='customerselectiframe']' in '10' second(s)

2021-11-23 17:13:15 - [MESSAGE][INFO] - Switched to iframe: 'Object Repository/Olusturma/Genel/AliciBilgisi/Alici_Bilgisi'

2021-11-23 17:13:15 - [MESSAGE][INFO] - Finding web element from Test Object's properties

2021-11-23 17:13:15 - [MESSAGE][INFO] - Checking timeout

2021-11-23 17:13:15 - [MESSAGE][INFO] - Finding web element with id: 'Object Repository/Olusturma/Genel/AliciBilgisi/Tamam_Butonu' located by 'By.xpath: //div[@id='btnSelectCustomer_CD']/span' in '10' second(s)

2021-11-23 17:13:15 - [MESSAGE][INFO] - Smart Wait Function is triggered

2021-11-23 17:13:15 - [MESSAGE][INFO] - Found 1 web elements with id: 'Object Repository/Olusturma/Genel/AliciBilgisi/Tamam_Butonu' located by 'By.xpath: //div[@id='btnSelectCustomer_CD']/span' in '10' second(s)

2021-11-23 17:13:15 - [MESSAGE][PASSED] - Object 'Object Repository/Olusturma/Genel/AliciBilgisi/Tamam_Butonu' is clickable

2021-11-23 17:13:15 - [MESSAGE][INFO] - Switching to default content

2021-11-23 17:13:15 - [TEST_STEP][PASSED] - click(findTestObject("Olusturma/Genel/AliciBilgisi/Tamam_Butonu")): Switching to default content

2021-11-23 17:13:15 - [MESSAGE][INFO] - Finding Test Object 'Object Repository/Olusturma/Genel/AliciBilgisi/Tamam_Butonu'

2021-11-23 17:13:15 - [MESSAGE][INFO] - Finding Test Object 'Object Repository/Olusturma/Genel/AliciBilgisi/Alici_Bilgisi'

2021-11-23 17:13:15 - [MESSAGE][INFO] - Checking object

2021-11-23 17:13:15 - [MESSAGE][INFO] - Object: 'Object Repository/Olusturma/Genel/AliciBilgisi/Tamam_Butonu' has parent object(s)

2021-11-23 17:13:15 - [MESSAGE][INFO] - Switching to iframe: 'Object Repository/Olusturma/Genel/AliciBilgisi/Alici_Bilgisi'

2021-11-23 17:13:15 - [MESSAGE][INFO] - Finding web element from Test Object's properties

2021-11-23 17:13:15 - [MESSAGE][INFO] - Checking timeout

2021-11-23 17:13:15 - [MESSAGE][INFO] - Finding web element with id: 'Object Repository/Olusturma/Genel/AliciBilgisi/Alici_Bilgisi' located by 'By.xpath: //iframe[@id='customerselectiframe']' in '30' second(s)

2021-11-23 17:13:15 - [MESSAGE][INFO] - Smart Wait Function is triggered

2021-11-23 17:13:16 - [MESSAGE][INFO] - Found 1 web elements with id: 'Object Repository/Olusturma/Genel/AliciBilgisi/Alici_Bilgisi' located by 'By.xpath: //iframe[@id='customerselectiframe']' in '30' second(s)

2021-11-23 17:13:16 - [MESSAGE][INFO] - Switched to iframe: 'Object Repository/Olusturma/Genel/AliciBilgisi/Alici_Bilgisi'

2021-11-23 17:13:16 - [MESSAGE][INFO] - Finding web element from Test Object's properties

2021-11-23 17:13:16 - [MESSAGE][INFO] - Checking timeout

2021-11-23 17:13:16 - [MESSAGE][INFO] - Finding web element with id: 'Object Repository/Olusturma/Genel/AliciBilgisi/Tamam_Butonu' located by 'By.xpath: //div[@id='btnSelectCustomer_CD']/span' in '30' second(s)

2021-11-23 17:13:16 - [MESSAGE][INFO] - Smart Wait Function is triggered

2021-11-23 17:13:16 - [MESSAGE][INFO] - Found 1 web elements with id: 'Object Repository/Olusturma/Genel/AliciBilgisi/Tamam_Butonu' located by 'By.xpath: //div[@id='btnSelectCustomer_CD']/span' in '30' second(s)

2021-11-23 17:13:16 - [MESSAGE][INFO] - Clicking on object: 'Object Repository/Olusturma/Genel/AliciBilgisi/Tamam_Butonu'

2021-11-23 17:13:16 - [MESSAGE][PASSED] - Object: 'Object Repository/Olusturma/Genel/AliciBilgisi/Tamam_Butonu' is clicked on

2021-11-23 17:13:16 - [MESSAGE][INFO] - Switching to default content

2021-11-23 17:13:16 - [TEST_STEP][PASSED] - waitForElementPresent(findTestObject("Olusturma/Genel/AliciBilgisi/VKN-TCKN"), 10): Object 'Object Repository/Olusturma/Genel/AliciBilgisi/VKN-TCKN' is present

2021-11-23 17:13:16 - [MESSAGE][INFO] - Finding Test Object 'Object Repository/Olusturma/Genel/AliciBilgisi/VKN-TCKN'

2021-11-23 17:13:16 - [MESSAGE][INFO] - Checking object

2021-11-23 17:13:16 - [MESSAGE][INFO] - Finding web element from Test Object's properties

2021-11-23 17:13:16 - [MESSAGE][INFO] - Checking timeout

2021-11-23 17:13:16 - [MESSAGE][INFO] - Finding web element with id: 'Object Repository/Olusturma/Genel/AliciBilgisi/VKN-TCKN' located by 'By.xpath: //*[@id = 'txtVknTckn_I']' in '10' second(s)

2021-11-23 17:13:16 - [MESSAGE][INFO] - Smart Wait Function is triggered

2021-11-23 17:13:16 - [MESSAGE][INFO] - Found 1 web elements with id: 'Object Repository/Olusturma/Genel/AliciBilgisi/VKN-TCKN' located by 'By.xpath: //*[@id = 'txtVknTckn_I']' in '10' second(s)

2021-11-23 17:13:16 - [MESSAGE][PASSED] - Object 'Object Repository/Olusturma/Genel/AliciBilgisi/VKN-TCKN' is present

2021-11-23 17:13:16 - [TEST_STEP][PASSED] - text = getAttribute(findTestObject("Olusturma/Genel/AliciBilgisi/VKN-TCKN"), "value"): Attribute 'value' of object 'Object Repository/Olusturma/Genel/AliciBilgisi/VKN-TCKN' is: '6090408038'

2021-11-23 17:13:16 - [MESSAGE][INFO] - Finding Test Object 'Object Repository/Olusturma/Genel/AliciBilgisi/VKN-TCKN'

2021-11-23 17:13:17 - [MESSAGE][INFO] - Checking object

2021-11-23 17:13:17 - [MESSAGE][INFO] - Checking attribute

2021-11-23 17:13:17 - [MESSAGE][INFO] - Finding web element from Test Object's properties

2021-11-23 17:13:17 - [MESSAGE][INFO] - Checking timeout

2021-11-23 17:13:17 - [MESSAGE][INFO] - Finding web element with id: 'Object Repository/Olusturma/Genel/AliciBilgisi/VKN-TCKN' located by 'By.xpath: //*[@id = 'txtVknTckn_I']' in '30' second(s)

2021-11-23 17:13:17 - [MESSAGE][INFO] - Smart Wait Function is triggered

2021-11-23 17:13:17 - [MESSAGE][INFO] - Found 1 web elements with id: 'Object Repository/Olusturma/Genel/AliciBilgisi/VKN-TCKN' located by 'By.xpath: //*[@id = 'txtVknTckn_I']' in '30' second(s)

2021-11-23 17:13:17 - [MESSAGE][INFO] - Getting attribute 'value' of object 'Object Repository/Olusturma/Genel/AliciBilgisi/VKN-TCKN'

2021-11-23 17:13:17 - [MESSAGE][PASSED] - Attribute 'value' of object 'Object Repository/Olusturma/Genel/AliciBilgisi/VKN-TCKN' is: '6090408038'

2021-11-23 17:13:17 - [TEST_STEP][PASSED] - if (text.equals("")): null

2021-11-23 17:13:17 - [MESSAGE][PASSED] - Call Test Case 'Test Cases/Olusturma/Genel/AliciSecilir' successfully

2021-11-23 17:13:17 - [MESSAGE][INFO] - Checking called Test Case

2021-11-23 17:13:17 - [MESSAGE][INFO] - Starting to call Test Case 'Test Cases/Olusturma/Genel/GonderimSekliSecilir'

2021-11-23 17:13:17 - [TEST_CASE][PASSED] - Test Cases/Olusturma/Genel/GonderimSekliSecilir: Test Cases/Olusturma/Genel/GonderimSekliSecilir

2021-11-23 17:13:17 - [TEST_STEP][PASSED] - waitForElementClickable(findTestObject("Object Repository/Olusturma/Genel/GonderimSekli/GonderimSekli"), 10): Object 'Object Repository/Olusturma/Genel/GonderimSekli/GonderimSekli' is clickable

2021-11-23 17:13:17 - [MESSAGE][INFO] - Finding Test Object 'Object Repository/Olusturma/Genel/GonderimSekli/GonderimSekli'

2021-11-23 17:13:17 - [MESSAGE][INFO] - Checking object

2021-11-23 17:13:17 - [MESSAGE][INFO] - Checking timeout

2021-11-23 17:13:17 - [MESSAGE][INFO] - Finding web element from Test Object's properties

2021-11-23 17:13:17 - [MESSAGE][INFO] - Checking timeout

2021-11-23 17:13:17 - [MESSAGE][INFO] - Finding web element with id: 'Object Repository/Olusturma/Genel/GonderimSekli/GonderimSekli' located by 'By.xpath: //*[@id = 'txtGonderimSekil_I']' in '10' second(s)

2021-11-23 17:13:17 - [MESSAGE][INFO] - Smart Wait Function is triggered

2021-11-23 17:13:17 - [MESSAGE][INFO] - Found 1 web elements with id: 'Object Repository/Olusturma/Genel/GonderimSekli/GonderimSekli' located by 'By.xpath: //*[@id = 'txtGonderimSekil_I']' in '10' second(s)

2021-11-23 17:13:17 - [MESSAGE][PASSED] - Object 'Object Repository/Olusturma/Genel/GonderimSekli/GonderimSekli' is clickable

2021-11-23 17:13:17 - [TEST_STEP][PASSED] - click(findTestObject("Object Repository/Olusturma/Genel/GonderimSekli/GonderimSekli")): Object: 'Object Repository/Olusturma/Genel/GonderimSekli/GonderimSekli' is clicked on

2021-11-23 17:13:17 - [MESSAGE][INFO] - Finding Test Object 'Object Repository/Olusturma/Genel/GonderimSekli/GonderimSekli'

2021-11-23 17:13:17 - [MESSAGE][INFO] - Checking object

2021-11-23 17:13:17 - [MESSAGE][INFO] - Finding web element from Test Object's properties

2021-11-23 17:13:17 - [MESSAGE][INFO] - Checking timeout

2021-11-23 17:13:17 - [MESSAGE][INFO] - Finding web element with id: 'Object Repository/Olusturma/Genel/GonderimSekli/GonderimSekli' located by 'By.xpath: //*[@id = 'txtGonderimSekil_I']' in '30' second(s)

2021-11-23 17:13:17 - [MESSAGE][INFO] - Smart Wait Function is triggered

2021-11-23 17:13:18 - [MESSAGE][INFO] - Found 1 web elements with id: 'Object Repository/Olusturma/Genel/GonderimSekli/GonderimSekli' located by 'By.xpath: //*[@id = 'txtGonderimSekil_I']' in '30' second(s)

2021-11-23 17:13:18 - [MESSAGE][INFO] - Clicking on object: 'Object Repository/Olusturma/Genel/GonderimSekli/GonderimSekli'

2021-11-23 17:13:18 - [MESSAGE][PASSED] - Object: 'Object Repository/Olusturma/Genel/GonderimSekli/GonderimSekli' is clicked on

2021-11-23 17:13:18 - [TEST_STEP][PASSED] - Method.TextDegerineEsitElementeTikla(findTestObject("Object Repository/Olusturma/Genel/GonderimSekli/GonderimSekliAdi"), GonderimSekli): Method.TextDegerineEsitElementeTikla is PASSED

2021-11-23 17:13:18 - [MESSAGE][INFO] - Finding Test Object 'Object Repository/Olusturma/Genel/GonderimSekli/GonderimSekliAdi'

2021-11-23 17:13:18 - [MESSAGE][INFO] - Checking timeout

2021-11-23 17:13:18 - [MESSAGE][INFO] - Finding web element with id: 'Object Repository/Olusturma/Genel/GonderimSekli/GonderimSekliAdi' located by 'By.cssSelector: #txtGonderimSekil_DDD_L_LBT td' in '10' second(s)

2021-11-23 17:13:18 - [MESSAGE][INFO] - Smart Wait Function is triggered

2021-11-23 17:13:18 - [MESSAGE][INFO] - Found 2 web elements with id: 'Object Repository/Olusturma/Genel/GonderimSekli/GonderimSekliAdi' located by 'By.cssSelector: #txtGonderimSekil_DDD_L_LBT td' in '10' second(s)

2021-11-23 17:13:18 - [MESSAGE][PASSED] - Method.TextDegerineEsitElementeTikla is PASSED

2021-11-23 17:13:18 - [MESSAGE][PASSED] - Call Test Case 'Test Cases/Olusturma/Genel/GonderimSekliSecilir' successfully

2021-11-23 17:13:18 - [MESSAGE][INFO] - Checking called Test Case

2021-11-23 17:13:18 - [MESSAGE][INFO] - Starting to call Test Case 'Test Cases/Olusturma/Genel/DokumanParaBirimiSecilir'

2021-11-23 17:13:18 - [TEST_CASE][PASSED] - Test Cases/Olusturma/Genel/DokumanParaBirimiSecilir: Test Cases/Olusturma/Genel/DokumanParaBirimiSecilir

2021-11-23 17:13:18 - [TEST_STEP][PASSED] - waitForElementClickable(findTestObject("Object Repository/Olusturma/Genel/DokumanParaBirimiSecilir/Para"), 10): Object 'Object Repository/Olusturma/Genel/DokumanParaBirimiSecilir/Para' is clickable

2021-11-23 17:13:18 - [MESSAGE][INFO] - Finding Test Object 'Object Repository/Olusturma/Genel/DokumanParaBirimiSecilir/Para'

2021-11-23 17:13:19 - [MESSAGE][INFO] - Checking object

2021-11-23 17:13:19 - [MESSAGE][INFO] - Checking timeout

2021-11-23 17:13:19 - [MESSAGE][INFO] - Finding web element from Test Object's properties

2021-11-23 17:13:19 - [MESSAGE][INFO] - Checking timeout

2021-11-23 17:13:19 - [MESSAGE][INFO] - Finding web element with id: 'Object Repository/Olusturma/Genel/DokumanParaBirimiSecilir/Para' located by 'By.xpath: //*[@id = 'CurrencyUnit_I']' in '10' second(s)

2021-11-23 17:13:19 - [MESSAGE][INFO] - Smart Wait Function is triggered

2021-11-23 17:13:19 - [MESSAGE][INFO] - Found 1 web elements with id: 'Object Repository/Olusturma/Genel/DokumanParaBirimiSecilir/Para' located by 'By.xpath: //*[@id = 'CurrencyUnit_I']' in '10' second(s)

2021-11-23 17:13:19 - [MESSAGE][PASSED] - Object 'Object Repository/Olusturma/Genel/DokumanParaBirimiSecilir/Para' is clickable

2021-11-23 17:13:19 - [TEST_STEP][PASSED] - click(findTestObject("Object Repository/Olusturma/Genel/DokumanParaBirimiSecilir/Para")): Object: 'Object Repository/Olusturma/Genel/DokumanParaBirimiSecilir/Para' is clicked on

2021-11-23 17:13:19 - [MESSAGE][INFO] - Finding Test Object 'Object Repository/Olusturma/Genel/DokumanParaBirimiSecilir/Para'

2021-11-23 17:13:19 - [MESSAGE][INFO] - Checking object

2021-11-23 17:13:19 - [MESSAGE][INFO] - Finding web element from Test Object's properties

2021-11-23 17:13:19 - [MESSAGE][INFO] - Checking timeout

2021-11-23 17:13:19 - [MESSAGE][INFO] - Finding web element with id: 'Object Repository/Olusturma/Genel/DokumanParaBirimiSecilir/Para' located by 'By.xpath: //*[@id = 'CurrencyUnit_I']' in '30' second(s)

2021-11-23 17:13:19 - [MESSAGE][INFO] - Smart Wait Function is triggered

2021-11-23 17:13:19 - [MESSAGE][INFO] - Found 1 web elements with id: 'Object Repository/Olusturma/Genel/DokumanParaBirimiSecilir/Para' located by 'By.xpath: //*[@id = 'CurrencyUnit_I']' in '30' second(s)

2021-11-23 17:13:19 - [MESSAGE][INFO] - Clicking on object: 'Object Repository/Olusturma/Genel/DokumanParaBirimiSecilir/Para'

2021-11-23 17:13:19 - [MESSAGE][PASSED] - Object: 'Object Repository/Olusturma/Genel/DokumanParaBirimiSecilir/Para' is clicked on

2021-11-23 17:13:19 - [TEST_STEP][PASSED] - Method.TextDegerineEsitElementeTikla(findTestObject("Object Repository/Olusturma/Genel/DokumanParaBirimiSecilir/Para_Adi"), Para): Method.TextDegerineEsitElementeTikla is PASSED

2021-11-23 17:13:19 - [MESSAGE][INFO] - Finding Test Object 'Object Repository/Olusturma/Genel/DokumanParaBirimiSecilir/Para_Adi'

2021-11-23 17:13:20 - [MESSAGE][INFO] - Checking timeout

2021-11-23 17:13:20 - [MESSAGE][INFO] - Finding web element with id: 'Object Repository/Olusturma/Genel/DokumanParaBirimiSecilir/Para_Adi' located by 'By.cssSelector: #CurrencyUnit_DDD_L_LBT td' in '10' second(s)

2021-11-23 17:13:20 - [MESSAGE][INFO] - Smart Wait Function is triggered

2021-11-23 17:13:20 - [MESSAGE][INFO] - Found 203 web elements with id: 'Object Repository/Olusturma/Genel/DokumanParaBirimiSecilir/Para_Adi' located by 'By.cssSelector: #CurrencyUnit_DDD_L_LBT td' in '10' second(s)

2021-11-23 17:13:25 - [MESSAGE][PASSED] - Method.TextDegerineEsitElementeTikla is PASSED

2021-11-23 17:13:25 - [MESSAGE][PASSED] - Call Test Case 'Test Cases/Olusturma/Genel/DokumanParaBirimiSecilir' successfully

2021-11-23 17:13:25 - [MESSAGE][INFO] - Checking called Test Case

2021-11-23 17:13:25 - [MESSAGE][INFO] - Starting to call Test Case 'Test Cases/Olusturma/Genel/TasarimSecilir'

2021-11-23 17:13:25 - [TEST_CASE][PASSED] - Test Cases/Olusturma/Genel/TasarimSecilir: Test Cases/Olusturma/Genel/TasarimSecilir

2021-11-23 17:13:25 - [TEST_STEP][PASSED] - waitForElementClickable(findTestObject("Object Repository/Olusturma/Genel/TasarimSecilir/Tasarim"), 10): Object 'Object Repository/Olusturma/Genel/TasarimSecilir/Tasarim' is clickable

2021-11-23 17:13:25 - [MESSAGE][INFO] - Finding Test Object 'Object Repository/Olusturma/Genel/TasarimSecilir/Tasarim'

2021-11-23 17:13:25 - [MESSAGE][INFO] - Checking object

2021-11-23 17:13:25 - [MESSAGE][INFO] - Checking timeout

2021-11-23 17:13:25 - [MESSAGE][INFO] - Finding web element from Test Object's properties

2021-11-23 17:13:25 - [MESSAGE][INFO] - Checking timeout

2021-11-23 17:13:25 - [MESSAGE][INFO] - Finding web element with id: 'Object Repository/Olusturma/Genel/TasarimSecilir/Tasarim' located by 'By.xpath: //*[@id = 'DesignId_I']' in '10' second(s)

2021-11-23 17:13:25 - [MESSAGE][INFO] - Smart Wait Function is triggered

2021-11-23 17:13:25 - [MESSAGE][INFO] - Found 1 web elements with id: 'Object Repository/Olusturma/Genel/TasarimSecilir/Tasarim' located by 'By.xpath: //*[@id = 'DesignId_I']' in '10' second(s)

2021-11-23 17:13:25 - [MESSAGE][PASSED] - Object 'Object Repository/Olusturma/Genel/TasarimSecilir/Tasarim' is clickable

2021-11-23 17:13:25 - [TEST_STEP][PASSED] - click(findTestObject("Object Repository/Olusturma/Genel/TasarimSecilir/Tasarim")): Object: 'Object Repository/Olusturma/Genel/TasarimSecilir/Tasarim' is clicked on

2021-11-23 17:13:25 - [MESSAGE][INFO] - Finding Test Object 'Object Repository/Olusturma/Genel/TasarimSecilir/Tasarim'

2021-11-23 17:13:25 - [MESSAGE][INFO] - Checking object

2021-11-23 17:13:25 - [MESSAGE][INFO] - Finding web element from Test Object's properties

2021-11-23 17:13:25 - [MESSAGE][INFO] - Checking timeout

2021-11-23 17:13:25 - [MESSAGE][INFO] - Finding web element with id: 'Object Repository/Olusturma/Genel/TasarimSecilir/Tasarim' located by 'By.xpath: //*[@id = 'DesignId_I']' in '30' second(s)

2021-11-23 17:13:25 - [MESSAGE][INFO] - Smart Wait Function is triggered

2021-11-23 17:13:25 - [MESSAGE][INFO] - Found 1 web elements with id: 'Object Repository/Olusturma/Genel/TasarimSecilir/Tasarim' located by 'By.xpath: //*[@id = 'DesignId_I']' in '30' second(s)

2021-11-23 17:13:25 - [MESSAGE][INFO] - Clicking on object: 'Object Repository/Olusturma/Genel/TasarimSecilir/Tasarim'

2021-11-23 17:13:26 - [MESSAGE][PASSED] - Object: 'Object Repository/Olusturma/Genel/TasarimSecilir/Tasarim' is clicked on

2021-11-23 17:13:26 - [TEST_STEP][PASSED] - Method.TextDegerineEsitElementeTikla(findTestObject("Object Repository/Olusturma/Genel/TasarimSecilir/Tasarim_Adi"), Tasarim): Method.TextDegerineEsitElementeTikla is PASSED

2021-11-23 17:13:26 - [MESSAGE][INFO] - Finding Test Object 'Object Repository/Olusturma/Genel/TasarimSecilir/Tasarim_Adi'

2021-11-23 17:13:26 - [MESSAGE][INFO] - Checking timeout

2021-11-23 17:13:26 - [MESSAGE][INFO] - Finding web element with id: 'Object Repository/Olusturma/Genel/TasarimSecilir/Tasarim_Adi' located by 'By.cssSelector: #DesignId_DDD_L_LBT td' in '10' second(s)

2021-11-23 17:13:26 - [MESSAGE][INFO] - Smart Wait Function is triggered

2021-11-23 17:13:26 - [MESSAGE][INFO] - Found 3 web elements with id: 'Object Repository/Olusturma/Genel/TasarimSecilir/Tasarim_Adi' located by 'By.cssSelector: #DesignId_DDD_L_LBT td' in '10' second(s)

2021-11-23 17:13:26 - [MESSAGE][PASSED] - Method.TextDegerineEsitElementeTikla is PASSED

2021-11-23 17:13:26 - [MESSAGE][PASSED] - Call Test Case 'Test Cases/Olusturma/Genel/TasarimSecilir' successfully

2021-11-23 17:13:26 - [MESSAGE][INFO] - Checking called Test Case

2021-11-23 17:13:26 - [MESSAGE][INFO] - Starting to call Test Case 'Test Cases/Olusturma/Genel/EkleButonunaBasilir'

2021-11-23 17:13:26 - [TEST_CASE][PASSED] - Test Cases/Olusturma/Genel/EkleButonunaBasilir: Test Cases/Olusturma/Genel/EkleButonunaBasilir

2021-11-23 17:13:26 - [TEST_STEP][PASSED] - waitForElementClickable(findTestObject("Object Repository/Olusturma/Genel/Olusturma/Ekle"), 10): Object 'Object Repository/Olusturma/Genel/Olusturma/Ekle' is clickable

2021-11-23 17:13:26 - [MESSAGE][INFO] - Finding Test Object 'Object Repository/Olusturma/Genel/Olusturma/Ekle'

2021-11-23 17:13:26 - [MESSAGE][INFO] - Checking object

2021-11-23 17:13:26 - [MESSAGE][INFO] - Checking timeout

2021-11-23 17:13:26 - [MESSAGE][INFO] - Finding web element from Test Object's properties

2021-11-23 17:13:26 - [MESSAGE][INFO] - Checking timeout

2021-11-23 17:13:26 - [MESSAGE][INFO] - Finding web element with id: 'Object Repository/Olusturma/Genel/Olusturma/Ekle' located by 'By.cssSelector: #divmalhizmet i.fa.fa-plus.fa-lg.text-muted' in '10' second(s)

2021-11-23 17:13:26 - [MESSAGE][INFO] - Smart Wait Function is triggered

2021-11-23 17:13:27 - [MESSAGE][INFO] - Found 1 web elements with id: 'Object Repository/Olusturma/Genel/Olusturma/Ekle' located by 'By.cssSelector: #divmalhizmet i.fa.fa-plus.fa-lg.text-muted' in '10' second(s)

2021-11-23 17:13:27 - [MESSAGE][PASSED] - Object 'Object Repository/Olusturma/Genel/Olusturma/Ekle' is clickable

2021-11-23 17:13:27 - [TEST_STEP][PASSED] - click(findTestObject("Object Repository/Olusturma/Genel/Olusturma/Ekle")): Object: 'Object Repository/Olusturma/Genel/Olusturma/Ekle' is clicked on

2021-11-23 17:13:27 - [MESSAGE][INFO] - Finding Test Object 'Object Repository/Olusturma/Genel/Olusturma/Ekle'

2021-11-23 17:13:27 - [MESSAGE][INFO] - Checking object

2021-11-23 17:13:27 - [MESSAGE][INFO] - Finding web element from Test Object's properties

2021-11-23 17:13:27 - [MESSAGE][INFO] - Checking timeout

2021-11-23 17:13:27 - [MESSAGE][INFO] - Finding web element with id: 'Object Repository/Olusturma/Genel/Olusturma/Ekle' located by 'By.cssSelector: #divmalhizmet i.fa.fa-plus.fa-lg.text-muted' in '30' second(s)

2021-11-23 17:13:27 - [MESSAGE][INFO] - Smart Wait Function is triggered

2021-11-23 17:13:27 - [MESSAGE][INFO] - Found 1 web elements with id: 'Object Repository/Olusturma/Genel/Olusturma/Ekle' located by 'By.cssSelector: #divmalhizmet i.fa.fa-plus.fa-lg.text-muted' in '30' second(s)

2021-11-23 17:13:27 - [MESSAGE][INFO] - Clicking on object: 'Object Repository/Olusturma/Genel/Olusturma/Ekle'

2021-11-23 17:13:27 - [MESSAGE][PASSED] - Object: 'Object Repository/Olusturma/Genel/Olusturma/Ekle' is clicked on

2021-11-23 17:13:27 - [TEST_STEP][PASSED] - waitForElementClickable(findTestObject("Olusturma/Genel/Olusturma/EklenenSatirCarpiImage"), 10): Object 'Object Repository/Olusturma/Genel/Olusturma/EklenenSatirCarpiImage' is clickable

2021-11-23 17:13:27 - [MESSAGE][INFO] - Finding Test Object 'Object Repository/Olusturma/Genel/Olusturma/EklenenSatirCarpiImage'

2021-11-23 17:13:27 - [MESSAGE][INFO] - Checking object

2021-11-23 17:13:27 - [MESSAGE][INFO] - Checking timeout

2021-11-23 17:13:27 - [MESSAGE][INFO] - Finding web element from Test Object's properties

2021-11-23 17:13:27 - [MESSAGE][INFO] - Checking timeout

2021-11-23 17:13:27 - [MESSAGE][INFO] - Finding web element with id: 'Object Repository/Olusturma/Genel/Olusturma/EklenenSatirCarpiImage' located by 'By.cssSelector: .fa.fa-times.fa-lg.text-primary' in '10' second(s)

2021-11-23 17:13:27 - [MESSAGE][INFO] - Smart Wait Function is triggered

2021-11-23 17:13:27 - [MESSAGE][INFO] - Smart Wait Function is triggered

2021-11-23 17:13:28 - [MESSAGE][INFO] - Smart Wait Function is triggered

2021-11-23 17:13:29 - [MESSAGE][INFO] - Found 1 web elements with id: 'Object Repository/Olusturma/Genel/Olusturma/EklenenSatirCarpiImage' located by 'By.cssSelector: .fa.fa-times.fa-lg.text-primary' in '10' second(s)

2021-11-23 17:13:29 - [MESSAGE][PASSED] - Object 'Object Repository/Olusturma/Genel/Olusturma/EklenenSatirCarpiImage' is clickable

2021-11-23 17:13:29 - [MESSAGE][PASSED] - Call Test Case 'Test Cases/Olusturma/Genel/EkleButonunaBasilir' successfully

2021-11-23 17:13:29 - [MESSAGE][INFO] - Checking called Test Case

2021-11-23 17:13:29 - [MESSAGE][INFO] - Starting to call Test Case 'Test Cases/Olusturma/Genel/Olusturma'

2021-11-23 17:13:29 - [TEST_CASE][PASSED] - Test Cases/Olusturma/Genel/Olusturma: Test Cases/Olusturma/Genel/Olusturma

2021-11-23 17:13:29 - [TEST_STEP][PASSED] - driver = getWebDriver(): null

2021-11-23 17:13:29 - [TEST_STEP][PASSED] - action = new org.openqa.selenium.interactions.Actions(driver): null

2021-11-23 17:13:29 - [TEST_STEP][PASSED] - baslikElement = <not implemented yet for class: org.codehaus.groovy.ast.expr.EmptyExpression>: null

2021-11-23 17:13:29 - [TEST_STEP][PASSED] - sonElement = <not implemented yet for class: org.codehaus.groovy.ast.expr.EmptyExpression>: null

2021-11-23 17:13:29 - [TEST_STEP][PASSED] - attr = <not implemented yet for class: org.codehaus.groovy.ast.expr.EmptyExpression>: null

2021-11-23 17:13:29 - [TEST_STEP][PASSED] - a = 0: null

2021-11-23 17:13:29 - [TEST_STEP][PASSED] - elements = findWebElements(findTestObject("Object Repository/Olusturma/Genel/Olusturma/TabloBasliklari"), 10): Found 12 web elements with id: 'Object Repository/Olusturma/Genel/Olusturma/TabloBasliklari' located by 'By.cssSelector: div#divmalhizmet .dxgvTable_LECustomTheme td.dxgvHeader_LECustomTheme tr>td:nth-child(1)' in '10' second(s)

2021-11-23 17:13:29 - [MESSAGE][INFO] - Finding Test Object 'Object Repository/Olusturma/Genel/Olusturma/TabloBasliklari'

2021-11-23 17:13:29 - [MESSAGE][INFO] - Checking timeout

2021-11-23 17:13:29 - [MESSAGE][INFO] - Finding web element with id: 'Object Repository/Olusturma/Genel/Olusturma/TabloBasliklari' located by 'By.cssSelector: div#divmalhizmet .dxgvTable_LECustomTheme td.dxgvHeader_LECustomTheme tr>td:nth-child(1)' in '10' second(s)

2021-11-23 17:13:29 - [MESSAGE][INFO] - Smart Wait Function is triggered

2021-11-23 17:13:29 - [MESSAGE][INFO] - Found 12 web elements with id: 'Object Repository/Olusturma/Genel/Olusturma/TabloBasliklari' located by 'By.cssSelector: div#divmalhizmet .dxgvTable_LECustomTheme td.dxgvHeader_LECustomTheme tr>td:nth-child(1)' in '10' second(s)

2021-11-23 17:13:29 - [TEST_STEP][PASSED] - for (def element : elements): null

2021-11-23 17:13:29 - [TEST_STEP][PASSED] - build().perform(): null

2021-11-23 17:13:29 - [TEST_STEP][PASSED] - if (getText().equals(Baslik)): null

2021-11-23 17:13:29 - [TEST_STEP][PASSED] - baslikElement = element.findElement(By.xpath("../../../..")): Smart Wait Function is triggered

2021-11-23 17:13:29 - [MESSAGE][INFO] - Smart Wait Function is triggered

2021-11-23 17:13:29 - [TEST_STEP][PASSED] - attr = baslikElement.getAttribute("id"): null

2021-11-23 17:13:29 - [TEST_STEP][PASSED] - println("girdi ve idsini aldı = " + attr): null

2021-11-23 17:13:29 - [TEST_STEP][PASSED] - break: null

2021-11-23 17:13:29 - [TEST_STEP][PASSED] - countElement = baslikElement.findElements(By.xpath("../td")): Smart Wait Function is triggered

2021-11-23 17:13:29 - [MESSAGE][INFO] - Smart Wait Function is triggered

2021-11-23 17:13:30 - [TEST_STEP][PASSED] - for (def element : countElement): null

2021-11-23 17:13:30 - [TEST_STEP][PASSED] - if (toString().equals(attr.toString())): null

2021-11-23 17:13:30 - [TEST_STEP][PASSED] - (a++): null

2021-11-23 17:13:30 - [TEST_STEP][PASSED] - if (toString().equals(attr.toString())): null

2021-11-23 17:13:30 - [TEST_STEP][PASSED] - break: null

2021-11-23 17:13:30 - [TEST_STEP][PASSED] - son = findWebElement(findTestObject("Object Repository/Olusturma/Genel/Olusturma/EklenenSatir")).findElement(By.xpath("td[@class='dxgvInlineEditCell_LECustomTheme dxgv'][" + a + "]//td[@class='dxic']/input")): Smart Wait Function is triggered

2021-11-23 17:13:30 - [MESSAGE][INFO] - Finding Test Object 'Object Repository/Olusturma/Genel/Olusturma/EklenenSatir'

2021-11-23 17:13:30 - [MESSAGE][INFO] - Finding web element from Test Object's properties

2021-11-23 17:13:30 - [MESSAGE][INFO] - Checking timeout

2021-11-23 17:13:30 - [MESSAGE][INFO] - Finding web element with id: 'Object Repository/Olusturma/Genel/Olusturma/EklenenSatir' located by 'By.cssSelector: #divmalhizmet .dxgvInlineEditRow_LECustomTheme' in '30' second(s)

2021-11-23 17:13:30 - [MESSAGE][INFO] - Smart Wait Function is triggered

2021-11-23 17:13:30 - [MESSAGE][INFO] - Found 1 web elements with id: 'Object Repository/Olusturma/Genel/Olusturma/EklenenSatir' located by 'By.cssSelector: #divmalhizmet .dxgvInlineEditRow_LECustomTheme' in '30' second(s)

2021-11-23 17:13:30 - [MESSAGE][INFO] - Smart Wait Function is triggered

2021-11-23 17:13:30 - [TEST_STEP][PASSED] - if (!(getAttribute("value").contains("Vkn"))): null

2021-11-23 17:13:30 - [TEST_STEP][PASSED] - son.clear(): null

2021-11-23 17:13:30 - [TEST_STEP][PASSED] - son.sendKeys(Deger): null

2021-11-23 17:13:31 - [MESSAGE][PASSED] - Call Test Case 'Test Cases/Olusturma/Genel/Olusturma' successfully

2021-11-23 17:13:31 - [MESSAGE][INFO] - Checking called Test Case

2021-11-23 17:13:31 - [MESSAGE][INFO] - Starting to call Test Case 'Test Cases/Olusturma/Genel/Olusturma'

2021-11-23 17:13:31 - [TEST_CASE][PASSED] - Test Cases/Olusturma/Genel/Olusturma: Test Cases/Olusturma/Genel/Olusturma

2021-11-23 17:13:31 - [TEST_STEP][PASSED] - driver = getWebDriver(): null

2021-11-23 17:13:31 - [TEST_STEP][PASSED] - action = new org.openqa.selenium.interactions.Actions(driver): null

2021-11-23 17:13:31 - [TEST_STEP][PASSED] - baslikElement = <not implemented yet for class: org.codehaus.groovy.ast.expr.EmptyExpression>: null

2021-11-23 17:13:31 - [TEST_STEP][PASSED] - sonElement = <not implemented yet for class: org.codehaus.groovy.ast.expr.EmptyExpression>: null

2021-11-23 17:13:31 - [TEST_STEP][PASSED] - attr = <not implemented yet for class: org.codehaus.groovy.ast.expr.EmptyExpression>: null

2021-11-23 17:13:31 - [TEST_STEP][PASSED] - a = 0: null

2021-11-23 17:13:31 - [TEST_STEP][PASSED] - elements = findWebElements(findTestObject("Object Repository/Olusturma/Genel/Olusturma/TabloBasliklari"), 10): Found 12 web elements with id: 'Object Repository/Olusturma/Genel/Olusturma/TabloBasliklari' located by 'By.cssSelector: div#divmalhizmet .dxgvTable_LECustomTheme td.dxgvHeader_LECustomTheme tr>td:nth-child(1)' in '10' second(s)

2021-11-23 17:13:31 - [MESSAGE][INFO] - Finding Test Object 'Object Repository/Olusturma/Genel/Olusturma/TabloBasliklari'

2021-11-23 17:13:31 - [MESSAGE][INFO] - Checking timeout

2021-11-23 17:13:31 - [MESSAGE][INFO] - Finding web element with id: 'Object Repository/Olusturma/Genel/Olusturma/TabloBasliklari' located by 'By.cssSelector: div#divmalhizmet .dxgvTable_LECustomTheme td.dxgvHeader_LECustomTheme tr>td:nth-child(1)' in '10' second(s)

2021-11-23 17:13:31 - [MESSAGE][INFO] - Smart Wait Function is triggered

2021-11-23 17:13:31 - [MESSAGE][INFO] - Found 12 web elements with id: 'Object Repository/Olusturma/Genel/Olusturma/TabloBasliklari' located by 'By.cssSelector: div#divmalhizmet .dxgvTable_LECustomTheme td.dxgvHeader_LECustomTheme tr>td:nth-child(1)' in '10' second(s)

2021-11-23 17:13:31 - [TEST_STEP][PASSED] - for (def element : elements): null

2021-11-23 17:13:31 - [TEST_STEP][PASSED] - build().perform(): null

2021-11-23 17:13:31 - [TEST_STEP][PASSED] - if (getText().equals(Baslik)): null

2021-11-23 17:13:31 - [TEST_STEP][PASSED] - build().perform(): null

2021-11-23 17:13:31 - [TEST_STEP][PASSED] - if (getText().equals(Baslik)): null

2021-11-23 17:13:31 - [TEST_STEP][PASSED] - baslikElement = element.findElement(By.xpath("../../../..")): Smart Wait Function is triggered

2021-11-23 17:13:31 - [MESSAGE][INFO] - Smart Wait Function is triggered

2021-11-23 17:13:32 - [TEST_STEP][PASSED] - attr = baslikElement.getAttribute("id"): null

2021-11-23 17:13:32 - [TEST_STEP][PASSED] - println("girdi ve idsini aldı = " + attr): null

2021-11-23 17:13:32 - [TEST_STEP][PASSED] - break: null

2021-11-23 17:13:32 - [TEST_STEP][PASSED] - countElement = baslikElement.findElements(By.xpath("../td")): Smart Wait Function is triggered

2021-11-23 17:13:32 - [MESSAGE][INFO] - Smart Wait Function is triggered

2021-11-23 17:13:32 - [TEST_STEP][PASSED] - for (def element : countElement): null

2021-11-23 17:13:32 - [TEST_STEP][PASSED] - if (toString().equals(attr.toString())): null

2021-11-23 17:13:32 - [TEST_STEP][PASSED] - (a++): null

2021-11-23 17:13:32 - [TEST_STEP][PASSED] - if (toString().equals(attr.toString())): null

2021-11-23 17:13:32 - [TEST_STEP][PASSED] - (a++): null

2021-11-23 17:13:32 - [TEST_STEP][PASSED] - if (toString().equals(attr.toString())): null

2021-11-23 17:13:32 - [TEST_STEP][PASSED] - break: null

2021-11-23 17:13:32 - [TEST_STEP][PASSED] - son = findWebElement(findTestObject("Object Repository/Olusturma/Genel/Olusturma/EklenenSatir")).findElement(By.xpath("td[@class='dxgvInlineEditCell_LECustomTheme dxgv'][" + a + "]//td[@class='dxic']/input")): Smart Wait Function is triggered

2021-11-23 17:13:32 - [MESSAGE][INFO] - Finding Test Object 'Object Repository/Olusturma/Genel/Olusturma/EklenenSatir'

2021-11-23 17:13:32 - [MESSAGE][INFO] - Finding web element from Test Object's properties

2021-11-23 17:13:32 - [MESSAGE][INFO] - Checking timeout

2021-11-23 17:13:32 - [MESSAGE][INFO] - Finding web element with id: 'Object Repository/Olusturma/Genel/Olusturma/EklenenSatir' located by 'By.cssSelector: #divmalhizmet .dxgvInlineEditRow_LECustomTheme' in '30' second(s)

2021-11-23 17:13:32 - [MESSAGE][INFO] - Smart Wait Function is triggered

2021-11-23 17:13:32 - [MESSAGE][INFO] - Found 1 web elements with id: 'Object Repository/Olusturma/Genel/Olusturma/EklenenSatir' located by 'By.cssSelector: #divmalhizmet .dxgvInlineEditRow_LECustomTheme' in '30' second(s)

2021-11-23 17:13:32 - [MESSAGE][INFO] - Smart Wait Function is triggered

2021-11-23 17:13:33 - [TEST_STEP][PASSED] - if (!(getAttribute("value").contains("Vkn"))): null

2021-11-23 17:13:33 - [TEST_STEP][PASSED] - son.clear(): null

2021-11-23 17:13:33 - [TEST_STEP][PASSED] - son.sendKeys(Deger): null

2021-11-23 17:13:33 - [MESSAGE][PASSED] - Call Test Case 'Test Cases/Olusturma/Genel/Olusturma' successfully

2021-11-23 17:13:33 - [MESSAGE][INFO] - Checking called Test Case

2021-11-23 17:13:33 - [MESSAGE][INFO] - Starting to call Test Case 'Test Cases/Olusturma/Genel/Olusturma'

2021-11-23 17:13:33 - [TEST_CASE][PASSED] - Test Cases/Olusturma/Genel/Olusturma: Test Cases/Olusturma/Genel/Olusturma

2021-11-23 17:13:33 - [TEST_STEP][PASSED] - driver = getWebDriver(): null

2021-11-23 17:13:33 - [TEST_STEP][PASSED] - action = new org.openqa.selenium.interactions.Actions(driver): null

2021-11-23 17:13:33 - [TEST_STEP][PASSED] - baslikElement = <not implemented yet for class: org.codehaus.groovy.ast.expr.EmptyExpression>: null

2021-11-23 17:13:33 - [TEST_STEP][PASSED] - sonElement = <not implemented yet for class: org.codehaus.groovy.ast.expr.EmptyExpression>: null

2021-11-23 17:13:33 - [TEST_STEP][PASSED] - attr = <not implemented yet for class: org.codehaus.groovy.ast.expr.EmptyExpression>: null

2021-11-23 17:13:33 - [TEST_STEP][PASSED] - a = 0: null

2021-11-23 17:13:33 - [TEST_STEP][PASSED] - elements = findWebElements(findTestObject("Object Repository/Olusturma/Genel/Olusturma/TabloBasliklari"), 10): Found 12 web elements with id: 'Object Repository/Olusturma/Genel/Olusturma/TabloBasliklari' located by 'By.cssSelector: div#divmalhizmet .dxgvTable_LECustomTheme td.dxgvHeader_LECustomTheme tr>td:nth-child(1)' in '10' second(s)

2021-11-23 17:13:33 - [MESSAGE][INFO] - Finding Test Object 'Object Repository/Olusturma/Genel/Olusturma/TabloBasliklari'

2021-11-23 17:13:33 - [MESSAGE][INFO] - Checking timeout

2021-11-23 17:13:33 - [MESSAGE][INFO] - Finding web element with id: 'Object Repository/Olusturma/Genel/Olusturma/TabloBasliklari' located by 'By.cssSelector: div#divmalhizmet .dxgvTable_LECustomTheme td.dxgvHeader_LECustomTheme tr>td:nth-child(1)' in '10' second(s)

2021-11-23 17:13:33 - [MESSAGE][INFO] - Smart Wait Function is triggered

2021-11-23 17:13:33 - [MESSAGE][INFO] - Found 12 web elements with id: 'Object Repository/Olusturma/Genel/Olusturma/TabloBasliklari' located by 'By.cssSelector: div#divmalhizmet .dxgvTable_LECustomTheme td.dxgvHeader_LECustomTheme tr>td:nth-child(1)' in '10' second(s)

2021-11-23 17:13:33 - [TEST_STEP][PASSED] - for (def element : elements): null

2021-11-23 17:13:33 - [TEST_STEP][PASSED] - build().perform(): null

2021-11-23 17:13:33 - [TEST_STEP][PASSED] - if (getText().equals(Baslik)): null

2021-11-23 17:13:33 - [TEST_STEP][PASSED] - build().perform(): null

2021-11-23 17:13:33 - [TEST_STEP][PASSED] - if (getText().equals(Baslik)): null

2021-11-23 17:13:33 - [TEST_STEP][PASSED] - build().perform(): null

2021-11-23 17:13:34 - [TEST_STEP][PASSED] - if (getText().equals(Baslik)): null

2021-11-23 17:13:34 - [TEST_STEP][PASSED] - baslikElement = element.findElement(By.xpath("../../../..")): Smart Wait Function is triggered

2021-11-23 17:13:34 - [MESSAGE][INFO] - Smart Wait Function is triggered

2021-11-23 17:13:34 - [TEST_STEP][PASSED] - attr = baslikElement.getAttribute("id"): null

2021-11-23 17:13:34 - [TEST_STEP][PASSED] - println("girdi ve idsini aldı = " + attr): null

2021-11-23 17:13:34 - [TEST_STEP][PASSED] - break: null

2021-11-23 17:13:34 - [TEST_STEP][PASSED] - countElement = baslikElement.findElements(By.xpath("../td")): Smart Wait Function is triggered

2021-11-23 17:13:34 - [MESSAGE][INFO] - Smart Wait Function is triggered

2021-11-23 17:13:34 - [TEST_STEP][PASSED] - for (def element : countElement): null

2021-11-23 17:13:34 - [TEST_STEP][PASSED] - if (toString().equals(attr.toString())): null

2021-11-23 17:13:34 - [TEST_STEP][PASSED] - (a++): null

2021-11-23 17:13:34 - [TEST_STEP][PASSED] - if (toString().equals(attr.toString())): null

2021-11-23 17:13:34 - [TEST_STEP][PASSED] - (a++): null

2021-11-23 17:13:34 - [TEST_STEP][PASSED] - if (toString().equals(attr.toString())): null

2021-11-23 17:13:34 - [TEST_STEP][PASSED] - (a++): null

2021-11-23 17:13:34 - [TEST_STEP][PASSED] - if (toString().equals(attr.toString())): null

2021-11-23 17:13:34 - [TEST_STEP][PASSED] - break: null

2021-11-23 17:13:34 - [TEST_STEP][PASSED] - son = findWebElement(findTestObject("Object Repository/Olusturma/Genel/Olusturma/EklenenSatir")).findElement(By.xpath("td[@class='dxgvInlineEditCell_LECustomTheme dxgv'][" + a + "]//td[@class='dxic']/input")): Smart Wait Function is triggered

2021-11-23 17:13:34 - [MESSAGE][INFO] - Finding Test Object 'Object Repository/Olusturma/Genel/Olusturma/EklenenSatir'

2021-11-23 17:13:34 - [MESSAGE][INFO] - Finding web element from Test Object's properties

2021-11-23 17:13:34 - [MESSAGE][INFO] - Checking timeout

2021-11-23 17:13:34 - [MESSAGE][INFO] - Finding web element with id: 'Object Repository/Olusturma/Genel/Olusturma/EklenenSatir' located by 'By.cssSelector: #divmalhizmet .dxgvInlineEditRow_LECustomTheme' in '30' second(s)

2021-11-23 17:13:34 - [MESSAGE][INFO] - Smart Wait Function is triggered

2021-11-23 17:13:35 - [MESSAGE][INFO] - Found 1 web elements with id: 'Object Repository/Olusturma/Genel/Olusturma/EklenenSatir' located by 'By.cssSelector: #divmalhizmet .dxgvInlineEditRow_LECustomTheme' in '30' second(s)

2021-11-23 17:13:35 - [MESSAGE][INFO] - Smart Wait Function is triggered

2021-11-23 17:13:35 - [TEST_STEP][PASSED] - if (!(getAttribute("value").contains("Vkn"))): null

2021-11-23 17:13:35 - [TEST_STEP][PASSED] - son.clear(): null

2021-11-23 17:13:35 - [TEST_STEP][PASSED] - son.sendKeys(Deger): null

2021-11-23 17:13:35 - [MESSAGE][PASSED] - Call Test Case 'Test Cases/Olusturma/Genel/Olusturma' successfully

2021-11-23 17:13:35 - [MESSAGE][INFO] - Checking called Test Case

2021-11-23 17:13:35 - [MESSAGE][INFO] - Starting to call Test Case 'Test Cases/Olusturma/Genel/NotGirilir'

2021-11-23 17:13:35 - [TEST_CASE][PASSED] - Test Cases/Olusturma/Genel/NotGirilir: Test Cases/Olusturma/Genel/NotGirilir

2021-11-23 17:13:35 - [TEST_STEP][PASSED] - i = 0: null

2021-11-23 17:13:35 - [TEST_STEP][PASSED] - waitForElementClickable(findTestObject("Olusturma/Genel/Not/Notlar"), 10): Object 'Object Repository/Olusturma/Genel/Not/Notlar' is clickable

2021-11-23 17:13:35 - [MESSAGE][INFO] - Finding Test Object 'Object Repository/Olusturma/Genel/Not/Notlar'

2021-11-23 17:13:35 - [MESSAGE][INFO] - Checking object

2021-11-23 17:13:35 - [MESSAGE][INFO] - Checking timeout

2021-11-23 17:13:35 - [MESSAGE][INFO] - Finding web element from Test Object's properties

2021-11-23 17:13:35 - [MESSAGE][INFO] - Checking timeout

2021-11-23 17:13:35 - [MESSAGE][INFO] - Finding web element with id: 'Object Repository/Olusturma/Genel/Not/Notlar' located by 'By.xpath: //*[@id = 'txtNote_I']' in '10' second(s)

2021-11-23 17:13:35 - [MESSAGE][INFO] - Smart Wait Function is triggered

2021-11-23 17:13:36 - [MESSAGE][INFO] - Found 1 web elements with id: 'Object Repository/Olusturma/Genel/Not/Notlar' located by 'By.xpath: //*[@id = 'txtNote_I']' in '10' second(s)

2021-11-23 17:13:36 - [MESSAGE][PASSED] - Object 'Object Repository/Olusturma/Genel/Not/Notlar' is clickable

2021-11-23 17:13:36 - [TEST_STEP][PASSED] - clearText(findTestObject("Olusturma/Genel/Not/Notlar")): Text of object 'Object Repository/Olusturma/Genel/Not/Notlar' is cleared

2021-11-23 17:13:36 - [MESSAGE][INFO] - Finding Test Object 'Object Repository/Olusturma/Genel/Not/Notlar'

2021-11-23 17:13:36 - [MESSAGE][INFO] - Checking object

2021-11-23 17:13:36 - [MESSAGE][INFO] - Finding web element from Test Object's properties

2021-11-23 17:13:36 - [MESSAGE][INFO] - Checking timeout

2021-11-23 17:13:36 - [MESSAGE][INFO] - Finding web element with id: 'Object Repository/Olusturma/Genel/Not/Notlar' located by 'By.xpath: //*[@id = 'txtNote_I']' in '30' second(s)

2021-11-23 17:13:36 - [MESSAGE][INFO] - Smart Wait Function is triggered

2021-11-23 17:13:36 - [MESSAGE][INFO] - Found 1 web elements with id: 'Object Repository/Olusturma/Genel/Not/Notlar' located by 'By.xpath: //*[@id = 'txtNote_I']' in '30' second(s)

2021-11-23 17:13:36 - [MESSAGE][INFO] - Clearing text of object 'Object Repository/Olusturma/Genel/Not/Notlar'

2021-11-23 17:13:36 - [MESSAGE][PASSED] - Text of object 'Object Repository/Olusturma/Genel/Not/Notlar' is cleared

2021-11-23 17:13:36 - [TEST_STEP][PASSED] - click(findTestObject("Olusturma/Genel/Not/Notlar")): Object: 'Object Repository/Olusturma/Genel/Not/Notlar' is clicked on

2021-11-23 17:13:36 - [MESSAGE][INFO] - Finding Test Object 'Object Repository/Olusturma/Genel/Not/Notlar'

2021-11-23 17:13:36 - [MESSAGE][INFO] - Checking object

2021-11-23 17:13:36 - [MESSAGE][INFO] - Finding web element from Test Object's properties

2021-11-23 17:13:36 - [MESSAGE][INFO] - Checking timeout

2021-11-23 17:13:36 - [MESSAGE][INFO] - Finding web element with id: 'Object Repository/Olusturma/Genel/Not/Notlar' located by 'By.xpath: //*[@id = 'txtNote_I']' in '30' second(s)

2021-11-23 17:13:36 - [MESSAGE][INFO] - Smart Wait Function is triggered

2021-11-23 17:13:36 - [MESSAGE][INFO] - Found 1 web elements with id: 'Object Repository/Olusturma/Genel/Not/Notlar' located by 'By.xpath: //*[@id = 'txtNote_I']' in '30' second(s)

2021-11-23 17:13:36 - [MESSAGE][INFO] - Clicking on object: 'Object Repository/Olusturma/Genel/Not/Notlar'

2021-11-23 17:13:36 - [MESSAGE][PASSED] - Object: 'Object Repository/Olusturma/Genel/Not/Notlar' is clicked on

2021-11-23 17:13:36 - [TEST_STEP][PASSED] - while (true): null

2021-11-23 17:13:36 - [TEST_STEP][PASSED] - delay(1): Delayed 1 second(s)

2021-11-23 17:13:36 - [MESSAGE][INFO] - Delaying browser in 1 second(s)

2021-11-23 17:13:38 - [MESSAGE][PASSED] - Delayed 1 second(s)

2021-11-23 17:13:38 - [TEST_STEP][PASSED] - ajaxIsComplete = executeJavaScript("return jQuery.active == 0", null): Execute JavaScript 'return jQuery.active == 0' successfully

2021-11-23 17:13:38 - [MESSAGE][PASSED] - Execute JavaScript 'return jQuery.active == 0' successfully

2021-11-23 17:13:38 - [TEST_STEP][PASSED] - if (ajaxIsComplete): null

2021-11-23 17:13:38 - [TEST_STEP][PASSED] - break: null

2021-11-23 17:13:38 - [TEST_STEP][PASSED] - sendKeys(findTestObject("Olusturma/Genel/Not/Notlar"), Not): Keys 'Otomasyon Not' sent to object: 'Object Repository/Olusturma/Genel/Not/Notlar'

2021-11-23 17:13:38 - [MESSAGE][INFO] - Finding Test Object 'Object Repository/Olusturma/Genel/Not/Notlar'

2021-11-23 17:13:38 - [MESSAGE][INFO] - Sending keys 'Otomasyon Not' to object: 'Object Repository/Olusturma/Genel/Not/Notlar'

2021-11-23 17:13:38 - [MESSAGE][INFO] - Finding web element from Test Object's properties

2021-11-23 17:13:38 - [MESSAGE][INFO] - Checking timeout

2021-11-23 17:13:38 - [MESSAGE][INFO] - Finding web element with id: 'Object Repository/Olusturma/Genel/Not/Notlar' located by 'By.xpath: //*[@id = 'txtNote_I']' in '30' second(s)

2021-11-23 17:13:38 - [MESSAGE][INFO] - Smart Wait Function is triggered

2021-11-23 17:13:38 - [MESSAGE][INFO] - Found 1 web elements with id: 'Object Repository/Olusturma/Genel/Not/Notlar' located by 'By.xpath: //*[@id = 'txtNote_I']' in '30' second(s)

2021-11-23 17:13:38 - [MESSAGE][PASSED] - Keys 'Otomasyon Not' sent to object: 'Object Repository/Olusturma/Genel/Not/Notlar'

2021-11-23 17:13:38 - [MESSAGE][PASSED] - Call Test Case 'Test Cases/Olusturma/Genel/NotGirilir' successfully

2021-11-23 17:13:38 - [MESSAGE][INFO] - Checking called Test Case

2021-11-23 17:13:38 - [MESSAGE][INFO] - Starting to call Test Case 'Test Cases/Olusturma/Genel/EttnBilgisiKayitEdilir'

2021-11-23 17:13:38 - [TEST_CASE][PASSED] - Test Cases/Olusturma/Genel/EttnBilgisiKayitEdilir: Test Cases/Olusturma/Genel/EttnBilgisiKayitEdilir

2021-11-23 17:13:38 - [TEST_STEP][PASSED] - verifyElementPresent(findTestObject("Object Repository/Olusturma/Genel/Olusturma/eArsivEttnBilgisi"), 7): Object 'Object Repository/Olusturma/Genel/Olusturma/eArsivEttnBilgisi' is present

2021-11-23 17:13:38 - [MESSAGE][INFO] - Finding Test Object 'Object Repository/Olusturma/Genel/Olusturma/eArsivEttnBilgisi'

2021-11-23 17:13:38 - [MESSAGE][INFO] - Checking object

2021-11-23 17:13:38 - [MESSAGE][INFO] - Finding web element from Test Object's properties

2021-11-23 17:13:38 - [MESSAGE][INFO] - Checking timeout

2021-11-23 17:13:38 - [MESSAGE][INFO] - Finding web element with id: 'Object Repository/Olusturma/Genel/Olusturma/eArsivEttnBilgisi' located by 'By.xpath: //*[@id = 'Uuid_I']' in '7' second(s)

2021-11-23 17:13:38 - [MESSAGE][INFO] - Smart Wait Function is triggered

2021-11-23 17:13:38 - [MESSAGE][INFO] - Found 1 web elements with id: 'Object Repository/Olusturma/Genel/Olusturma/eArsivEttnBilgisi' located by 'By.xpath: //*[@id = 'Uuid_I']' in '7' second(s)

2021-11-23 17:13:38 - [MESSAGE][PASSED] - Object 'Object Repository/Olusturma/Genel/Olusturma/eArsivEttnBilgisi' is present

2021-11-23 17:13:38 - [TEST_STEP][PASSED] - ettn = getAttribute(findTestObject("Object Repository/Olusturma/Genel/Olusturma/eArsivEttnBilgisi"), "value"): Attribute 'value' of object 'Object Repository/Olusturma/Genel/Olusturma/eArsivEttnBilgisi' is: 'f34e658e-269c-4763-b44c-4602bc007771'

2021-11-23 17:13:38 - [MESSAGE][INFO] - Finding Test Object 'Object Repository/Olusturma/Genel/Olusturma/eArsivEttnBilgisi'

2021-11-23 17:13:39 - [MESSAGE][INFO] - Checking object

2021-11-23 17:13:39 - [MESSAGE][INFO] - Checking attribute

2021-11-23 17:13:39 - [MESSAGE][INFO] - Finding web element from Test Object's properties

2021-11-23 17:13:39 - [MESSAGE][INFO] - Checking timeout

2021-11-23 17:13:39 - [MESSAGE][INFO] - Finding web element with id: 'Object Repository/Olusturma/Genel/Olusturma/eArsivEttnBilgisi' located by 'By.xpath: //*[@id = 'Uuid_I']' in '30' second(s)

2021-11-23 17:13:39 - [MESSAGE][INFO] - Smart Wait Function is triggered

2021-11-23 17:13:39 - [MESSAGE][INFO] - Found 1 web elements with id: 'Object Repository/Olusturma/Genel/Olusturma/eArsivEttnBilgisi' located by 'By.xpath: //*[@id = 'Uuid_I']' in '30' second(s)

2021-11-23 17:13:39 - [MESSAGE][INFO] - Getting attribute 'value' of object 'Object Repository/Olusturma/Genel/Olusturma/eArsivEttnBilgisi'

2021-11-23 17:13:39 - [MESSAGE][PASSED] - Attribute 'value' of object 'Object Repository/Olusturma/Genel/Olusturma/eArsivEttnBilgisi' is: 'f34e658e-269c-4763-b44c-4602bc007771'

2021-11-23 17:13:39 - [MESSAGE][PASSED] - Call Test Case 'Test Cases/Olusturma/Genel/EttnBilgisiKayitEdilir' successfully

2021-11-23 17:13:39 - [MESSAGE][INFO] - Checking called Test Case

2021-11-23 17:13:39 - [MESSAGE][INFO] - Starting to call Test Case 'Test Cases/Olusturma/Genel/KaydetButonunaTiklanir'

2021-11-23 17:13:39 - [TEST_CASE][PASSED] - Test Cases/Olusturma/Genel/KaydetButonunaTiklanir: Test Cases/Olusturma/Genel/KaydetButonunaTiklanir

2021-11-23 17:13:39 - [TEST_STEP][PASSED] - i = 0: null

2021-11-23 17:13:39 - [TEST_STEP][PASSED] - waitForElementPresent(findTestObject("Olusturma/Genel/Not/Notlar"), 10): Object 'Object Repository/Olusturma/Genel/Not/Notlar' is present

2021-11-23 17:13:39 - [MESSAGE][INFO] - Finding Test Object 'Object Repository/Olusturma/Genel/Not/Notlar'

2021-11-23 17:13:39 - [MESSAGE][INFO] - Checking object

2021-11-23 17:13:39 - [MESSAGE][INFO] - Finding web element from Test Object's properties

2021-11-23 17:13:39 - [MESSAGE][INFO] - Checking timeout

2021-11-23 17:13:39 - [MESSAGE][INFO] - Finding web element with id: 'Object Repository/Olusturma/Genel/Not/Notlar' located by 'By.xpath: //*[@id = 'txtNote_I']' in '10' second(s)

2021-11-23 17:13:39 - [MESSAGE][INFO] - Smart Wait Function is triggered

2021-11-23 17:13:39 - [MESSAGE][INFO] - Found 1 web elements with id: 'Object Repository/Olusturma/Genel/Not/Notlar' located by 'By.xpath: //*[@id = 'txtNote_I']' in '10' second(s)

2021-11-23 17:13:39 - [MESSAGE][PASSED] - Object 'Object Repository/Olusturma/Genel/Not/Notlar' is present

2021-11-23 17:13:39 - [TEST_STEP][PASSED] - click(findTestObject("Olusturma/Genel/Not/Notlar")): Object: 'Object Repository/Olusturma/Genel/Not/Notlar' is clicked on

2021-11-23 17:13:39 - [MESSAGE][INFO] - Finding Test Object 'Object Repository/Olusturma/Genel/Not/Notlar'

2021-11-23 17:13:39 - [MESSAGE][INFO] - Checking object

2021-11-23 17:13:39 - [MESSAGE][INFO] - Finding web element from Test Object's properties

2021-11-23 17:13:39 - [MESSAGE][INFO] - Checking timeout

2021-11-23 17:13:39 - [MESSAGE][INFO] - Finding web element with id: 'Object Repository/Olusturma/Genel/Not/Notlar' located by 'By.xpath: //*[@id = 'txtNote_I']' in '30' second(s)

2021-11-23 17:13:39 - [MESSAGE][INFO] - Smart Wait Function is triggered

2021-11-23 17:13:40 - [MESSAGE][INFO] - Found 1 web elements with id: 'Object Repository/Olusturma/Genel/Not/Notlar' located by 'By.xpath: //*[@id = 'txtNote_I']' in '30' second(s)

2021-11-23 17:13:40 - [MESSAGE][INFO] - Clicking on object: 'Object Repository/Olusturma/Genel/Not/Notlar'

2021-11-23 17:13:40 - [MESSAGE][PASSED] - Object: 'Object Repository/Olusturma/Genel/Not/Notlar' is clicked on

2021-11-23 17:13:40 - [TEST_STEP][PASSED] - while (true): null

2021-11-23 17:13:40 - [TEST_STEP][PASSED] - delay(1): Delayed 1 second(s)

2021-11-23 17:13:40 - [MESSAGE][INFO] - Delaying browser in 1 second(s)

2021-11-23 17:13:41 - [MESSAGE][PASSED] - Delayed 1 second(s)

2021-11-23 17:13:41 - [TEST_STEP][PASSED] - ajaxIsComplete = executeJavaScript("return jQuery.active == 0", null): Execute JavaScript 'return jQuery.active == 0' successfully

2021-11-23 17:13:41 - [MESSAGE][PASSED] - Execute JavaScript 'return jQuery.active == 0' successfully

2021-11-23 17:13:41 - [TEST_STEP][PASSED] - if (ajaxIsComplete): null

2021-11-23 17:13:41 - [TEST_STEP][PASSED] - break: null

2021-11-23 17:13:41 - [TEST_STEP][PASSED] - waitForElementClickable(findTestObject("Object Repository/Olusturma/Genel/Buton"), 10): Object 'Object Repository/Olusturma/Genel/Buton' is clickable

2021-11-23 17:13:41 - [MESSAGE][INFO] - Finding Test Object 'Object Repository/Olusturma/Genel/Buton'

2021-11-23 17:13:41 - [MESSAGE][INFO] - Checking object

2021-11-23 17:13:41 - [MESSAGE][INFO] - Checking timeout

2021-11-23 17:13:41 - [MESSAGE][INFO] - Finding web element from Test Object's properties

2021-11-23 17:13:41 - [MESSAGE][INFO] - Checking timeout

2021-11-23 17:13:41 - [MESSAGE][INFO] - Finding web element with id: 'Object Repository/Olusturma/Genel/Buton' located by 'By.xpath: //*[@id = 'btnKaydet']' in '10' second(s)

2021-11-23 17:13:41 - [MESSAGE][INFO] - Smart Wait Function is triggered

2021-11-23 17:13:41 - [MESSAGE][INFO] - Found 1 web elements with id: 'Object Repository/Olusturma/Genel/Buton' located by 'By.xpath: //*[@id = 'btnKaydet']' in '10' second(s)

2021-11-23 17:13:41 - [MESSAGE][PASSED] - Object 'Object Repository/Olusturma/Genel/Buton' is clickable

2021-11-23 17:13:41 - [TEST_STEP][PASSED] - click(findTestObject("Object Repository/Olusturma/Genel/Buton")): Object: 'Object Repository/Olusturma/Genel/Buton' is clicked on

2021-11-23 17:13:41 - [MESSAGE][INFO] - Finding Test Object 'Object Repository/Olusturma/Genel/Buton'

2021-11-23 17:13:41 - [MESSAGE][INFO] - Checking object

2021-11-23 17:13:41 - [MESSAGE][INFO] - Finding web element from Test Object's properties

2021-11-23 17:13:41 - [MESSAGE][INFO] - Checking timeout

2021-11-23 17:13:41 - [MESSAGE][INFO] - Finding web element with id: 'Object Repository/Olusturma/Genel/Buton' located by 'By.xpath: //*[@id = 'btnKaydet']' in '30' second(s)

2021-11-23 17:13:41 - [MESSAGE][INFO] - Smart Wait Function is triggered

2021-11-23 17:13:42 - [MESSAGE][INFO] - Found 1 web elements with id: 'Object Repository/Olusturma/Genel/Buton' located by 'By.xpath: //*[@id = 'btnKaydet']' in '30' second(s)

2021-11-23 17:13:42 - [MESSAGE][INFO] - Clicking on object: 'Object Repository/Olusturma/Genel/Buton'

2021-11-23 17:13:43 - [MESSAGE][PASSED] - Object: 'Object Repository/Olusturma/Genel/Buton' is clicked on

2021-11-23 17:13:43 - [MESSAGE][PASSED] - Call Test Case 'Test Cases/Olusturma/Genel/KaydetButonunaTiklanir' successfully

2021-11-23 17:13:43 - [MESSAGE][INFO] - Checking called Test Case

2021-11-23 17:13:43 - [MESSAGE][INFO] - Starting to call Test Case 'Test Cases/Tablo/TablodaEttnliVeriOlusturulduMu'

2021-11-23 17:13:43 - [TEST_CASE][PASSED] - Test Cases/Tablo/TablodaEttnliVeriOlusturulduMu: Test Cases/Tablo/TablodaEttnliVeriOlusturulduMu

2021-11-23 17:13:43 - [TEST_STEP][PASSED] - Method.TextDegerineEsitElementVarMi(findTestObject("Tablo/OlusturulanVeri"), ettn): Method.TextDegerineEsitElementVarMi is PASSED

2021-11-23 17:13:43 - [MESSAGE][INFO] - Finding Test Object 'Object Repository/Tablo/OlusturulanVeri'

2021-11-23 17:13:43 - [MESSAGE][INFO] - Checking timeout

2021-11-23 17:13:43 - [MESSAGE][INFO] - Finding web element with id: 'Object Repository/Tablo/OlusturulanVeri' located by 'By.cssSelector: table.dxgvTable_LECustomTheme>tbody>tr:nth-child(3)>td.dxgv b,table.dxgvTable_LECustomTheme>tbody>tr:nth-child(3)>td.dxgv' in '10' second(s)

2021-11-23 17:13:43 - [MESSAGE][INFO] - Smart Wait Function is triggered

2021-11-23 17:13:43 - [MESSAGE][INFO] - Found 11 web elements with id: 'Object Repository/Tablo/OlusturulanVeri' located by 'By.cssSelector: table.dxgvTable_LECustomTheme>tbody>tr:nth-child(3)>td.dxgv b,table.dxgvTable_LECustomTheme>tbody>tr:nth-child(3)>td.dxgv' in '10' second(s)

2021-11-23 17:13:43 - [MESSAGE][PASSED] - Method.TextDegerineEsitElementVarMi is PASSED

2021-11-23 17:13:43 - [MESSAGE][PASSED] - Call Test Case 'Test Cases/Tablo/TablodaEttnliVeriOlusturulduMu' successfully

2021-11-23 17:13:43 - [MESSAGE][INFO] - Checking called Test Case

2021-11-23 17:13:43 - [MESSAGE][INFO] - Starting to call Test Case 'Test Cases/Tablo/TablodanEttnliVeriSec'

2021-11-23 17:13:43 - [TEST_CASE][PASSED] - Test Cases/Tablo/TablodanEttnliVeriSec: Test Cases/Tablo/TablodanEttnliVeriSec

2021-11-23 17:13:43 - [TEST_STEP][PASSED] - Method.TextDegerineEsitElementinAltindakineTikla(findTestObject("Tablo/Veriler"), findTestObject("Tablo/VerininCheckBoxi"), ettn): Method.TextDegerineEsitElementinAltindakineTikla is PASSED

2021-11-23 17:13:43 - [MESSAGE][INFO] - Finding Test Object 'Object Repository/Tablo/Veriler'

2021-11-23 17:13:43 - [MESSAGE][INFO] - Finding Test Object 'Object Repository/Tablo/VerininCheckBoxi'

2021-11-23 17:13:43 - [MESSAGE][INFO] - Checking timeout

2021-11-23 17:13:43 - [MESSAGE][INFO] - Finding web element with id: 'Object Repository/Tablo/Veriler' located by 'By.cssSelector: td.dxgv b ,td.dxgv' in '10' second(s)

2021-11-23 17:13:43 - [MESSAGE][INFO] - Smart Wait Function is triggered

2021-11-23 17:13:44 - [MESSAGE][INFO] - Found 110 web elements with id: 'Object Repository/Tablo/Veriler' located by 'By.cssSelector: td.dxgv b ,td.dxgv' in '10' second(s)

2021-11-23 17:13:44 - [MESSAGE][INFO] - Smart Wait Function is triggered

2021-11-23 17:13:44 - [MESSAGE][PASSED] - Method.TextDegerineEsitElementinAltindakineTikla is PASSED

2021-11-23 17:13:44 - [MESSAGE][PASSED] - Call Test Case 'Test Cases/Tablo/TablodanEttnliVeriSec' successfully

2021-11-23 17:13:44 - [MESSAGE][INFO] - Checking called Test Case

2021-11-23 17:13:44 - [MESSAGE][INFO] - Starting to call Test Case 'Test Cases/Butonlar/ButonaTikla'

2021-11-23 17:13:44 - [TEST_CASE][PASSED] - Test Cases/Butonlar/ButonaTikla: Test Cases/Butonlar/ButonaTikla

2021-11-23 17:13:44 - [TEST_STEP][PASSED] - Method.TextDegerineEsitElementeTiklaEquals(findTestObject("Butonlar/Butonlar"), Buton_Adi): Method.TextDegerineEsitElementeTiklaEquals is PASSED

2021-11-23 17:13:44 - [MESSAGE][INFO] - Finding Test Object 'Object Repository/Butonlar/Butonlar'

2021-11-23 17:13:44 - [MESSAGE][INFO] - Checking timeout

2021-11-23 17:13:44 - [MESSAGE][INFO] - Finding web element with id: 'Object Repository/Butonlar/Butonlar' located by 'By.cssSelector: .panel.panel-default.text-center.footerPanel .btn,.btn.btn-primary.btnControls' in '10' second(s)

2021-11-23 17:13:44 - [MESSAGE][INFO] - Smart Wait Function is triggered

2021-11-23 17:13:44 - [MESSAGE][INFO] - Found 7 web elements with id: 'Object Repository/Butonlar/Butonlar' located by 'By.cssSelector: .panel.panel-default.text-center.footerPanel .btn,.btn.btn-primary.btnControls' in '10' second(s)

2021-11-23 17:13:45 - [MESSAGE][PASSED] - Method.TextDegerineEsitElementeTiklaEquals is PASSED

2021-11-23 17:13:45 - [MESSAGE][PASSED] - Call Test Case 'Test Cases/Butonlar/ButonaTikla' successfully

2021-11-23 17:13:45 - [MESSAGE][INFO] - Checking called Test Case

2021-11-23 17:13:45 - [MESSAGE][INFO] - Starting to call Test Case 'Test Cases/Popup/PopupMesajiIceriyorMu'

2021-11-23 17:13:45 - [TEST_CASE][PASSED] - Test Cases/Popup/PopupMesajiIceriyorMu: Test Cases/Popup/PopupMesajiIceriyorMu

2021-11-23 17:13:45 - [TEST_STEP][PASSED] - waitForElementVisible(findTestObject("Popup/Popup"), 10): Object 'Object Repository/Popup/Popup' is visible

2021-11-23 17:13:45 - [MESSAGE][INFO] - Finding Test Object 'Object Repository/Popup/Popup'

2021-11-23 17:13:45 - [MESSAGE][INFO] - Checking object

2021-11-23 17:13:45 - [MESSAGE][INFO] - Checking timeout

2021-11-23 17:13:45 - [MESSAGE][INFO] - Finding web element from Test Object's properties

2021-11-23 17:13:45 - [MESSAGE][INFO] - Checking timeout

2021-11-23 17:13:45 - [MESSAGE][INFO] - Finding web element with id: 'Object Repository/Popup/Popup' located by 'By.cssSelector: .bootbox-body' in '10' second(s)

2021-11-23 17:13:45 - [MESSAGE][INFO] - Smart Wait Function is triggered

2021-11-23 17:13:46 - [MESSAGE][INFO] - Found 1 web elements with id: 'Object Repository/Popup/Popup' located by 'By.cssSelector: .bootbox-body' in '10' second(s)

2021-11-23 17:13:46 - [MESSAGE][PASSED] - Object 'Object Repository/Popup/Popup' is visible

2021-11-23 17:13:46 - [TEST_STEP][PASSED] - if (!(getText(findTestObject("Popup/Popup")).contains(Mesaj))): Text of object 'Object Repository/Popup/Popup' is: 'Oluşturulacak makbuz numarası : FYS2021000000488 Makbuz numarası oluşturulduktan sonra makbuz silinemez. Makbuz numarası, tarihi ve ön eki değiştirilemez. Devam etmek istiyor musunuz?'

2021-11-23 17:13:46 - [MESSAGE][INFO] - Finding Test Object 'Object Repository/Popup/Popup'

2021-11-23 17:13:46 - [MESSAGE][INFO] - Checking object

2021-11-23 17:13:46 - [MESSAGE][INFO] - Finding web element from Test Object's properties

2021-11-23 17:13:46 - [MESSAGE][INFO] - Checking timeout

2021-11-23 17:13:46 - [MESSAGE][INFO] - Finding web element with id: 'Object Repository/Popup/Popup' located by 'By.cssSelector: .bootbox-body' in '30' second(s)

2021-11-23 17:13:46 - [MESSAGE][INFO] - Smart Wait Function is triggered

2021-11-23 17:13:46 - [MESSAGE][INFO] - Found 1 web elements with id: 'Object Repository/Popup/Popup' located by 'By.cssSelector: .bootbox-body' in '30' second(s)

2021-11-23 17:13:46 - [MESSAGE][INFO] - Getting text of object 'Object Repository/Popup/Popup'

2021-11-23 17:13:46 - [MESSAGE][PASSED] - Text of object 'Object Repository/Popup/Popup' is: 'Oluşturulacak makbuz numarası : FYS2021000000488 Makbuz numarası oluşturulduktan sonra makbuz silinemez. Makbuz numarası, tarihi ve ön eki değiştirilemez. Devam etmek istiyor musunuz?'

2021-11-23 17:13:46 - [TEST_STEP][PASSED] - RaporNo = getText(findTestObject("Popup/Popup")).substring(0, 6): Text of object 'Object Repository/Popup/Popup' is: 'Oluşturulacak makbuz numarası : FYS2021000000488 Makbuz numarası oluşturulduktan sonra makbuz silinemez. Makbuz numarası, tarihi ve ön eki değiştirilemez. Devam etmek istiyor musunuz?'

2021-11-23 17:13:46 - [MESSAGE][INFO] - Finding Test Object 'Object Repository/Popup/Popup'

2021-11-23 17:13:46 - [MESSAGE][INFO] - Checking object

2021-11-23 17:13:46 - [MESSAGE][INFO] - Finding web element from Test Object's properties

2021-11-23 17:13:46 - [MESSAGE][INFO] - Checking timeout

2021-11-23 17:13:46 - [MESSAGE][INFO] - Finding web element with id: 'Object Repository/Popup/Popup' located by 'By.cssSelector: .bootbox-body' in '30' second(s)

2021-11-23 17:13:46 - [MESSAGE][INFO] - Smart Wait Function is triggered

2021-11-23 17:13:47 - [MESSAGE][INFO] - Found 1 web elements with id: 'Object Repository/Popup/Popup' located by 'By.cssSelector: .bootbox-body' in '30' second(s)

2021-11-23 17:13:47 - [MESSAGE][INFO] - Getting text of object 'Object Repository/Popup/Popup'

2021-11-23 17:13:47 - [MESSAGE][PASSED] - Text of object 'Object Repository/Popup/Popup' is: 'Oluşturulacak makbuz numarası : FYS2021000000488 Makbuz numarası oluşturulduktan sonra makbuz silinemez. Makbuz numarası, tarihi ve ön eki değiştirilemez. Devam etmek istiyor musunuz?'

2021-11-23 17:13:47 - [TEST_STEP][PASSED] - Console.println(RaporNo): null

2021-11-23 17:13:47 - [MESSAGE][PASSED] - Call Test Case 'Test Cases/Popup/PopupMesajiIceriyorMu' successfully

2021-11-23 17:13:47 - [MESSAGE][INFO] - Checking called Test Case

2021-11-23 17:13:47 - [MESSAGE][INFO] - Starting to call Test Case 'Test Cases/Popup/PopupButonSecilir'

2021-11-23 17:13:47 - [TEST_CASE][PASSED] - Test Cases/Popup/PopupButonSecilir: Test Cases/Popup/PopupButonSecilir

2021-11-23 17:13:47 - [TEST_STEP][PASSED] - Method.TextDegerineEsitElementeTikla(findTestObject("Popup/Popup_Butons"), Buton): Method.TextDegerineEsitElementeTikla is PASSED

2021-11-23 17:13:47 - [MESSAGE][INFO] - Finding Test Object 'Object Repository/Popup/Popup_Butons'

2021-11-23 17:13:47 - [MESSAGE][INFO] - Checking timeout

2021-11-23 17:13:47 - [MESSAGE][INFO] - Finding web element with id: 'Object Repository/Popup/Popup_Butons' located by 'By.cssSelector: .modal-footer>button' in '10' second(s)

2021-11-23 17:13:47 - [MESSAGE][INFO] - Smart Wait Function is triggered

2021-11-23 17:13:47 - [MESSAGE][INFO] - Found 2 web elements with id: 'Object Repository/Popup/Popup_Butons' located by 'By.cssSelector: .modal-footer>button' in '10' second(s)

2021-11-23 17:13:47 - [MESSAGE][PASSED] - Method.TextDegerineEsitElementeTikla is PASSED

2021-11-23 17:13:47 - [MESSAGE][PASSED] - Call Test Case 'Test Cases/Popup/PopupButonSecilir' successfully

2021-11-23 17:13:47 - [MESSAGE][INFO] - Checking called Test Case

2021-11-23 17:13:47 - [MESSAGE][INFO] - Starting to call Test Case 'Test Cases/Popup/PopupMesajiIceriyorMu'

2021-11-23 17:13:47 - [TEST_CASE][PASSED] - Test Cases/Popup/PopupMesajiIceriyorMu: Test Cases/Popup/PopupMesajiIceriyorMu

2021-11-23 17:13:47 - [TEST_STEP][PASSED] - waitForElementVisible(findTestObject("Popup/Popup"), 10): Object 'Object Repository/Popup/Popup' is visible

2021-11-23 17:13:47 - [MESSAGE][INFO] - Finding Test Object 'Object Repository/Popup/Popup'

2021-11-23 17:13:48 - [MESSAGE][INFO] - Checking object

2021-11-23 17:13:48 - [MESSAGE][INFO] - Checking timeout

2021-11-23 17:13:48 - [MESSAGE][INFO] - Finding web element from Test Object's properties

2021-11-23 17:13:48 - [MESSAGE][INFO] - Checking timeout

2021-11-23 17:13:48 - [MESSAGE][INFO] - Finding web element with id: 'Object Repository/Popup/Popup' located by 'By.cssSelector: .bootbox-body' in '10' second(s)

2021-11-23 17:13:48 - [MESSAGE][INFO] - Smart Wait Function is triggered

2021-11-23 17:13:48 - [MESSAGE][INFO] - Found 1 web elements with id: 'Object Repository/Popup/Popup' located by 'By.cssSelector: .bootbox-body' in '10' second(s)

2021-11-23 17:13:48 - [MESSAGE][PASSED] - Object 'Object Repository/Popup/Popup' is visible

2021-11-23 17:13:48 - [TEST_STEP][PASSED] - if (!(getText(findTestObject("Popup/Popup")).contains(Mesaj))): Text of object 'Object Repository/Popup/Popup' is: 'Makbuz numaranız FYS2021000000488 olarak oluşmuştur.'

2021-11-23 17:13:48 - [MESSAGE][INFO] - Finding Test Object 'Object Repository/Popup/Popup'

2021-11-23 17:13:48 - [MESSAGE][INFO] - Checking object

2021-11-23 17:13:48 - [MESSAGE][INFO] - Finding web element from Test Object's properties

2021-11-23 17:13:48 - [MESSAGE][INFO] - Checking timeout

2021-11-23 17:13:48 - [MESSAGE][INFO] - Finding web element with id: 'Object Repository/Popup/Popup' located by 'By.cssSelector: .bootbox-body' in '30' second(s)

2021-11-23 17:13:48 - [MESSAGE][INFO] - Smart Wait Function is triggered

2021-11-23 17:13:49 - [MESSAGE][INFO] - Found 1 web elements with id: 'Object Repository/Popup/Popup' located by 'By.cssSelector: .bootbox-body' in '30' second(s)

2021-11-23 17:13:49 - [MESSAGE][INFO] - Getting text of object 'Object Repository/Popup/Popup'

2021-11-23 17:13:49 - [MESSAGE][PASSED] - Text of object 'Object Repository/Popup/Popup' is: 'Makbuz numaranız FYS2021000000488 olarak oluşmuştur.'

2021-11-23 17:13:49 - [TEST_STEP][PASSED] - RaporNo = getText(findTestObject("Popup/Popup")).substring(0, 6): Text of object 'Object Repository/Popup/Popup' is: 'Makbuz numaranız FYS2021000000488 olarak oluşmuştur.'

2021-11-23 17:13:49 - [MESSAGE][INFO] - Finding Test Object 'Object Repository/Popup/Popup'

2021-11-23 17:13:49 - [MESSAGE][INFO] - Checking object

2021-11-23 17:13:49 - [MESSAGE][INFO] - Finding web element from Test Object's properties

2021-11-23 17:13:49 - [MESSAGE][INFO] - Checking timeout

2021-11-23 17:13:49 - [MESSAGE][INFO] - Finding web element with id: 'Object Repository/Popup/Popup' located by 'By.cssSelector: .bootbox-body' in '30' second(s)

2021-11-23 17:13:49 - [MESSAGE][INFO] - Smart Wait Function is triggered

2021-11-23 17:13:49 - [MESSAGE][INFO] - Found 1 web elements with id: 'Object Repository/Popup/Popup' located by 'By.cssSelector: .bootbox-body' in '30' second(s)

2021-11-23 17:13:49 - [MESSAGE][INFO] - Getting text of object 'Object Repository/Popup/Popup'

2021-11-23 17:13:49 - [MESSAGE][PASSED] - Text of object 'Object Repository/Popup/Popup' is: 'Makbuz numaranız FYS2021000000488 olarak oluşmuştur.'

2021-11-23 17:13:49 - [TEST_STEP][PASSED] - Console.println(RaporNo): null

2021-11-23 17:13:49 - [MESSAGE][PASSED] - Call Test Case 'Test Cases/Popup/PopupMesajiIceriyorMu' successfully

2021-11-23 17:13:49 - [MESSAGE][INFO] - Checking called Test Case

2021-11-23 17:13:49 - [MESSAGE][INFO] - Starting to call Test Case 'Test Cases/Popup/PopupButonSecilir'

2021-11-23 17:13:49 - [TEST_CASE][PASSED] - Test Cases/Popup/PopupButonSecilir: Test Cases/Popup/PopupButonSecilir

2021-11-23 17:13:49 - [TEST_STEP][PASSED] - Method.TextDegerineEsitElementeTikla(findTestObject("Popup/Popup_Butons"), Buton): Method.TextDegerineEsitElementeTikla is PASSED

2021-11-23 17:13:49 - [MESSAGE][INFO] - Finding Test Object 'Object Repository/Popup/Popup_Butons'

2021-11-23 17:13:49 - [MESSAGE][INFO] - Checking timeout

2021-11-23 17:13:49 - [MESSAGE][INFO] - Finding web element with id: 'Object Repository/Popup/Popup_Butons' located by 'By.cssSelector: .modal-footer>button' in '10' second(s)

2021-11-23 17:13:49 - [MESSAGE][INFO] - Smart Wait Function is triggered

2021-11-23 17:13:49 - [MESSAGE][INFO] - Found 1 web elements with id: 'Object Repository/Popup/Popup_Butons' located by 'By.cssSelector: .modal-footer>button' in '10' second(s)

2021-11-23 17:13:50 - [MESSAGE][PASSED] - Method.TextDegerineEsitElementeTikla is PASSED

2021-11-23 17:13:50 - [MESSAGE][PASSED] - Call Test Case 'Test Cases/Popup/PopupButonSecilir' successfully

2021-11-23 17:13:50 - [MESSAGE][INFO] - Checking called Test Case

2021-11-23 17:13:50 - [MESSAGE][INFO] - Starting to call Test Case 'Test Cases/Tablo/TablodanEttnliVeriSec'

2021-11-23 17:13:50 - [TEST_CASE][PASSED] - Test Cases/Tablo/TablodanEttnliVeriSec: Test Cases/Tablo/TablodanEttnliVeriSec

2021-11-23 17:13:50 - [TEST_STEP][PASSED] - Method.TextDegerineEsitElementinAltindakineTikla(findTestObject("Tablo/Veriler"), findTestObject("Tablo/VerininCheckBoxi"), ettn): Method.TextDegerineEsitElementinAltindakineTikla is PASSED

2021-11-23 17:13:50 - [MESSAGE][INFO] - Finding Test Object 'Object Repository/Tablo/Veriler'

2021-11-23 17:13:50 - [MESSAGE][INFO] - Finding Test Object 'Object Repository/Tablo/VerininCheckBoxi'

2021-11-23 17:13:50 - [MESSAGE][INFO] - Checking timeout

2021-11-23 17:13:50 - [MESSAGE][INFO] - Finding web element with id: 'Object Repository/Tablo/Veriler' located by 'By.cssSelector: td.dxgv b ,td.dxgv' in '10' second(s)

2021-11-23 17:13:50 - [MESSAGE][INFO] - Smart Wait Function is triggered

2021-11-23 17:13:50 - [MESSAGE][INFO] - Found 110 web elements with id: 'Object Repository/Tablo/Veriler' located by 'By.cssSelector: td.dxgv b ,td.dxgv' in '10' second(s)

2021-11-23 17:13:51 - [MESSAGE][INFO] - Smart Wait Function is triggered

2021-11-23 17:13:51 - [MESSAGE][PASSED] - Method.TextDegerineEsitElementinAltindakineTikla is PASSED

2021-11-23 17:13:51 - [MESSAGE][PASSED] - Call Test Case 'Test Cases/Tablo/TablodanEttnliVeriSec' successfully

2021-11-23 17:13:51 - [MESSAGE][INFO] - Checking called Test Case

2021-11-23 17:13:51 - [MESSAGE][INFO] - Starting to call Test Case 'Test Cases/Butonlar/ButonaTikla'

2021-11-23 17:13:51 - [TEST_CASE][PASSED] - Test Cases/Butonlar/ButonaTikla: Test Cases/Butonlar/ButonaTikla

2021-11-23 17:13:51 - [TEST_STEP][PASSED] - Method.TextDegerineEsitElementeTiklaEquals(findTestObject("Butonlar/Butonlar"), Buton_Adi): Method.TextDegerineEsitElementeTiklaEquals is PASSED

2021-11-23 17:13:51 - [MESSAGE][INFO] - Finding Test Object 'Object Repository/Butonlar/Butonlar'

2021-11-23 17:13:51 - [MESSAGE][INFO] - Checking timeout

2021-11-23 17:13:51 - [MESSAGE][INFO] - Finding web element with id: 'Object Repository/Butonlar/Butonlar' located by 'By.cssSelector: .panel.panel-default.text-center.footerPanel .btn,.btn.btn-primary.btnControls' in '10' second(s)

2021-11-23 17:13:51 - [MESSAGE][INFO] - Smart Wait Function is triggered

2021-11-23 17:13:51 - [MESSAGE][INFO] - Found 7 web elements with id: 'Object Repository/Butonlar/Butonlar' located by 'By.cssSelector: .panel.panel-default.text-center.footerPanel .btn,.btn.btn-primary.btnControls' in '10' second(s)

2021-11-23 17:13:52 - [MESSAGE][PASSED] - Method.TextDegerineEsitElementeTiklaEquals is PASSED

2021-11-23 17:13:52 - [MESSAGE][PASSED] - Call Test Case 'Test Cases/Butonlar/ButonaTikla' successfully

2021-11-23 17:13:52 - [MESSAGE][INFO] - Checking called Test Case

2021-11-23 17:13:52 - [MESSAGE][INFO] - Starting to call Test Case 'Test Cases/Popup/PopupMesajiIceriyorMu'

2021-11-23 17:13:52 - [TEST_CASE][PASSED] - Test Cases/Popup/PopupMesajiIceriyorMu: Test Cases/Popup/PopupMesajiIceriyorMu

2021-11-23 17:13:52 - [TEST_STEP][PASSED] - waitForElementVisible(findTestObject("Popup/Popup"), 10): Object 'Object Repository/Popup/Popup' is visible

2021-11-23 17:13:52 - [MESSAGE][INFO] - Finding Test Object 'Object Repository/Popup/Popup'

2021-11-23 17:13:52 - [MESSAGE][INFO] - Checking object

2021-11-23 17:13:52 - [MESSAGE][INFO] - Checking timeout

2021-11-23 17:13:52 - [MESSAGE][INFO] - Finding web element from Test Object's properties

2021-11-23 17:13:52 - [MESSAGE][INFO] - Checking timeout

2021-11-23 17:13:52 - [MESSAGE][INFO] - Finding web element with id: 'Object Repository/Popup/Popup' located by 'By.cssSelector: .bootbox-body' in '10' second(s)

2021-11-23 17:13:52 - [MESSAGE][INFO] - Smart Wait Function is triggered

2021-11-23 17:13:52 - [MESSAGE][INFO] - Found 1 web elements with id: 'Object Repository/Popup/Popup' located by 'By.cssSelector: .bootbox-body' in '10' second(s)

2021-11-23 17:13:52 - [MESSAGE][PASSED] - Object 'Object Repository/Popup/Popup' is visible

2021-11-23 17:13:52 - [TEST_STEP][PASSED] - if (!(getText(findTestObject("Popup/Popup")).contains(Mesaj))): Text of object 'Object Repository/Popup/Popup' is: 'FYS serisi için onaylanmamış belge(leri)niz bulunmaktadır.
Devam etmek istiyor musunuz?'

2021-11-23 17:13:52 - [MESSAGE][INFO] - Finding Test Object 'Object Repository/Popup/Popup'

2021-11-23 17:13:52 - [MESSAGE][INFO] - Checking object

2021-11-23 17:13:52 - [MESSAGE][INFO] - Finding web element from Test Object's properties

2021-11-23 17:13:52 - [MESSAGE][INFO] - Checking timeout

2021-11-23 17:13:52 - [MESSAGE][INFO] - Finding web element with id: 'Object Repository/Popup/Popup' located by 'By.cssSelector: .bootbox-body' in '30' second(s)

2021-11-23 17:13:52 - [MESSAGE][INFO] - Smart Wait Function is triggered

2021-11-23 17:13:53 - [MESSAGE][INFO] - Found 1 web elements with id: 'Object Repository/Popup/Popup' located by 'By.cssSelector: .bootbox-body' in '30' second(s)

2021-11-23 17:13:53 - [MESSAGE][INFO] - Getting text of object 'Object Repository/Popup/Popup'

2021-11-23 17:13:53 - [MESSAGE][PASSED] - Text of object 'Object Repository/Popup/Popup' is: 'FYS serisi için onaylanmamış belge(leri)niz bulunmaktadır.
Devam etmek istiyor musunuz?'

2021-11-23 17:13:53 - [TEST_STEP][PASSED] - RaporNo = getText(findTestObject("Popup/Popup")).substring(0, 6): Text of object 'Object Repository/Popup/Popup' is: 'FYS serisi için onaylanmamış belge(leri)niz bulunmaktadır.
Devam etmek istiyor musunuz?'

2021-11-23 17:13:53 - [MESSAGE][INFO] - Finding Test Object 'Object Repository/Popup/Popup'

2021-11-23 17:13:53 - [MESSAGE][INFO] - Checking object

2021-11-23 17:13:53 - [MESSAGE][INFO] - Finding web element from Test Object's properties

2021-11-23 17:13:53 - [MESSAGE][INFO] - Checking timeout

2021-11-23 17:13:53 - [MESSAGE][INFO] - Finding web element with id: 'Object Repository/Popup/Popup' located by 'By.cssSelector: .bootbox-body' in '30' second(s)

2021-11-23 17:13:53 - [MESSAGE][INFO] - Smart Wait Function is triggered

2021-11-23 17:13:53 - [MESSAGE][INFO] - Found 1 web elements with id: 'Object Repository/Popup/Popup' located by 'By.cssSelector: .bootbox-body' in '30' second(s)

2021-11-23 17:13:53 - [MESSAGE][INFO] - Getting text of object 'Object Repository/Popup/Popup'

2021-11-23 17:13:53 - [MESSAGE][PASSED] - Text of object 'Object Repository/Popup/Popup' is: 'FYS serisi için onaylanmamış belge(leri)niz bulunmaktadır.
Devam etmek istiyor musunuz?'

2021-11-23 17:13:53 - [TEST_STEP][PASSED] - Console.println(RaporNo): null

2021-11-23 17:13:53 - [MESSAGE][PASSED] - Call Test Case 'Test Cases/Popup/PopupMesajiIceriyorMu' successfully

2021-11-23 17:13:53 - [MESSAGE][INFO] - Checking called Test Case

2021-11-23 17:13:53 - [MESSAGE][INFO] - Starting to call Test Case 'Test Cases/Popup/PopupButonSecilir'

2021-11-23 17:13:53 - [TEST_CASE][PASSED] - Test Cases/Popup/PopupButonSecilir: Test Cases/Popup/PopupButonSecilir

2021-11-23 17:13:53 - [TEST_STEP][PASSED] - Method.TextDegerineEsitElementeTikla(findTestObject("Popup/Popup_Butons"), Buton): Method.TextDegerineEsitElementeTikla is PASSED

2021-11-23 17:13:53 - [MESSAGE][INFO] - Finding Test Object 'Object Repository/Popup/Popup_Butons'

2021-11-23 17:13:53 - [MESSAGE][INFO] - Checking timeout

2021-11-23 17:13:53 - [MESSAGE][INFO] - Finding web element with id: 'Object Repository/Popup/Popup_Butons' located by 'By.cssSelector: .modal-footer>button' in '10' second(s)

2021-11-23 17:13:53 - [MESSAGE][INFO] - Smart Wait Function is triggered

2021-11-23 17:13:53 - [MESSAGE][INFO] - Found 2 web elements with id: 'Object Repository/Popup/Popup_Butons' located by 'By.cssSelector: .modal-footer>button' in '10' second(s)

2021-11-23 17:13:54 - [MESSAGE][PASSED] - Method.TextDegerineEsitElementeTikla is PASSED

2021-11-23 17:13:54 - [MESSAGE][PASSED] - Call Test Case 'Test Cases/Popup/PopupButonSecilir' successfully

2021-11-23 17:13:54 - [MESSAGE][INFO] - Checking called Test Case

2021-11-23 17:13:54 - [MESSAGE][INFO] - Starting to call Test Case 'Test Cases/Menu/AnaMenuSecimi'

2021-11-23 17:13:54 - [TEST_CASE][PASSED] - Test Cases/Menu/AnaMenuSecimi: Test Cases/Menu/AnaMenuSecimi

2021-11-23 17:13:54 - [TEST_STEP][PASSED] - Method.TextDegerineEsitElementeTikla(findTestObject("Menu/Ana_Menu"), Ana_Menu): Method.TextDegerineEsitElementeTikla is PASSED

2021-11-23 17:13:54 - [MESSAGE][INFO] - Finding Test Object 'Object Repository/Menu/Ana_Menu'

2021-11-23 17:13:54 - [MESSAGE][INFO] - Checking timeout

2021-11-23 17:13:54 - [MESSAGE][INFO] - Finding web element with id: 'Object Repository/Menu/Ana_Menu' located by 'By.xpath: //*[@class = 'dropdown-toggle']' in '10' second(s)

2021-11-23 17:13:54 - [MESSAGE][INFO] - Smart Wait Function is triggered

2021-11-23 17:14:02 - [MESSAGE][INFO] - Found 14 web elements with id: 'Object Repository/Menu/Ana_Menu' located by 'By.xpath: //*[@class = 'dropdown-toggle']' in '10' second(s)

2021-11-23 17:14:03 - [MESSAGE][PASSED] - Method.TextDegerineEsitElementeTikla is PASSED

2021-11-23 17:14:03 - [MESSAGE][PASSED] - Call Test Case 'Test Cases/Menu/AnaMenuSecimi' successfully

2021-11-23 17:14:03 - [MESSAGE][INFO] - Checking called Test Case

2021-11-23 17:14:03 - [MESSAGE][INFO] - Starting to call Test Case 'Test Cases/Menu/BasligaGoreAltMenuSecimi'

2021-11-23 17:14:03 - [TEST_CASE][PASSED] - Test Cases/Menu/BasligaGoreAltMenuSecimi: Test Cases/Menu/BasligaGoreAltMenuSecimi

2021-11-23 17:14:03 - [TEST_STEP][PASSED] - Method.TextDegerineEsitElementinAltindakiTextDegerineEsitOlanaTikla(findTestObject("Menu/Menu_Basligi"), findTestObject("Menu/Basliga_Gore_Alt_Menu"), Baslik, Alt_Menu): Method.TextDegerineEsitElementinAltindakiTextDegerineEsitOlanaTikla is PASSED

2021-11-23 17:14:03 - [MESSAGE][INFO] - Finding Test Object 'Object Repository/Menu/Menu_Basligi'

2021-11-23 17:14:03 - [MESSAGE][INFO] - Finding Test Object 'Object Repository/Menu/Basliga_Gore_Alt_Menu'

2021-11-23 17:14:03 - [MESSAGE][INFO] - Checking timeout

2021-11-23 17:14:03 - [MESSAGE][INFO] - Finding web element with id: 'Object Repository/Menu/Menu_Basligi' located by 'By.xpath: //li[@class='dropdown dropdown-large open']//li[@class='dropdown-header']' in '10' second(s)

2021-11-23 17:14:03 - [MESSAGE][INFO] - Smart Wait Function is triggered

2021-11-23 17:14:03 - [MESSAGE][INFO] - Found 2 web elements with id: 'Object Repository/Menu/Menu_Basligi' located by 'By.xpath: //li[@class='dropdown dropdown-large open']//li[@class='dropdown-header']' in '10' second(s)

2021-11-23 17:14:03 - [MESSAGE][INFO] - Smart Wait Function is triggered

2021-11-23 17:14:05 - [MESSAGE][PASSED] - Method.TextDegerineEsitElementinAltindakiTextDegerineEsitOlanaTikla is PASSED

2021-11-23 17:14:05 - [MESSAGE][PASSED] - Call Test Case 'Test Cases/Menu/BasligaGoreAltMenuSecimi' successfully

2021-11-23 17:14:05 - [MESSAGE][INFO] - Checking called Test Case

2021-11-23 17:14:05 - [MESSAGE][INFO] - Starting to call Test Case 'Test Cases/Filtreler/EttnYaz'

2021-11-23 17:14:05 - [TEST_CASE][PASSED] - Test Cases/Filtreler/EttnYaz: Test Cases/Filtreler/EttnYaz

2021-11-23 17:14:05 - [TEST_STEP][PASSED] - Method.TextDegerineEsitElementinAltindakiTextboxtaYaz(findTestObject("Filtreler/Basliklar"), findTestObject("Filtreler/Basliga_Gore_Textbox"), "ETTN", ettn): Method.TextDegerineEsitElementinAltindakiTextboxtaYaz is PASSED

2021-11-23 17:14:05 - [MESSAGE][INFO] - Finding Test Object 'Object Repository/Filtreler/Basliklar'

2021-11-23 17:14:05 - [MESSAGE][INFO] - Finding Test Object 'Object Repository/Filtreler/Basliga_Gore_Textbox'

2021-11-23 17:14:05 - [MESSAGE][INFO] - Checking timeout

2021-11-23 17:14:05 - [MESSAGE][INFO] - Finding web element with id: 'Object Repository/Filtreler/Basliklar' located by 'By.cssSelector: .control-label.col-sm-4.paddingMarginRLC' in '10' second(s)

2021-11-23 17:14:05 - [MESSAGE][INFO] - Smart Wait Function is triggered

2021-11-23 17:14:05 - [MESSAGE][INFO] - Found 13 web elements with id: 'Object Repository/Filtreler/Basliklar' located by 'By.cssSelector: .control-label.col-sm-4.paddingMarginRLC' in '10' second(s)

2021-11-23 17:14:06 - [MESSAGE][INFO] - Smart Wait Function is triggered

2021-11-23 17:14:06 - [MESSAGE][PASSED] - Method.TextDegerineEsitElementinAltindakiTextboxtaYaz is PASSED

2021-11-23 17:14:06 - [MESSAGE][PASSED] - Call Test Case 'Test Cases/Filtreler/EttnYaz' successfully

2021-11-23 17:14:06 - [MESSAGE][INFO] - Checking called Test Case

2021-11-23 17:14:06 - [MESSAGE][INFO] - Starting to call Test Case 'Test Cases/Filtreler/ButonaTikla'

2021-11-23 17:14:06 - [TEST_CASE][PASSED] - Test Cases/Filtreler/ButonaTikla: Test Cases/Filtreler/ButonaTikla

2021-11-23 17:14:06 - [TEST_STEP][PASSED] - Method.TextDegerineEsitElementeTikla(findTestObject("Filtreler/Butonlar"), Filtre_Buton): Method.TextDegerineEsitElementeTikla is PASSED

2021-11-23 17:14:06 - [MESSAGE][INFO] - Finding Test Object 'Object Repository/Filtreler/Butonlar'

2021-11-23 17:14:06 - [MESSAGE][INFO] - Checking timeout

2021-11-23 17:14:06 - [MESSAGE][INFO] - Finding web element with id: 'Object Repository/Filtreler/Butonlar' located by 'By.cssSelector: .dxb>span' in '10' second(s)

2021-11-23 17:14:06 - [MESSAGE][INFO] - Smart Wait Function is triggered

2021-11-23 17:14:07 - [MESSAGE][INFO] - Found 3 web elements with id: 'Object Repository/Filtreler/Butonlar' located by 'By.cssSelector: .dxb>span' in '10' second(s)

2021-11-23 17:14:07 - [MESSAGE][PASSED] - Method.TextDegerineEsitElementeTikla is PASSED

2021-11-23 17:14:07 - [MESSAGE][PASSED] - Call Test Case 'Test Cases/Filtreler/ButonaTikla' successfully

2021-11-23 17:14:07 - [MESSAGE][INFO] - Checking called Test Case

2021-11-23 17:14:07 - [MESSAGE][INFO] - Starting to call Test Case 'Test Cases/Tablo/TablodaVeriVarMi'

2021-11-23 17:14:07 - [TEST_CASE][PASSED] - Test Cases/Tablo/TablodaVeriVarMi: Test Cases/Tablo/TablodaVeriVarMi

2021-11-23 17:14:07 - [TEST_STEP][PASSED] - verifyTextNotPresent("Görüntülenecek veri yok", true): Text 'Görüntülenecek veri yok' is not present on page using regular expression

2021-11-23 17:14:07 - [MESSAGE][INFO] - Checking text present  using regular expression

2021-11-23 17:14:07 - [MESSAGE][INFO] - Smart Wait Function is triggered

2021-11-23 17:14:08 - [MESSAGE][INFO] - Finding text 'Görüntülenecek veri yok' on page  using regular expression

2021-11-23 17:14:08 - [MESSAGE][PASSED] - Text 'Görüntülenecek veri yok' is not present on page using regular expression

2021-11-23 17:14:08 - [MESSAGE][PASSED] - Call Test Case 'Test Cases/Tablo/TablodaVeriVarMi' successfully

2021-11-23 17:14:08 - [MESSAGE][INFO] - Checking called Test Case

2021-11-23 17:14:08 - [MESSAGE][INFO] - Starting to call Test Case 'Test Cases/Tablo/TablodaVeriBasariliMiSmm'

2021-11-23 17:14:08 - [TEST_CASE][PASSED] - Test Cases/Tablo/TablodaVeriBasariliMiSmm: Test Cases/Tablo/TablodaVeriBasariliMiSmm

2021-11-23 17:14:08 - [TEST_STEP][PASSED] - sayac = 80: null

2021-11-23 17:14:08 - [TEST_STEP][PASSED] - while (verifyElementText(findTestObject("Tablo/DurumBilgisiSmm"), "Henüz Sonuçlanmadı", OPTIONAL)): Actual text 'Başarılı' and expected text 'Henüz Sonuçlanmadı' of test object 'Object Repository/Tablo/DurumBilgisiSmm' are NOT matched. (Root cause: com.kms.katalon.core.exception.StepFailedException: Actual text 'Başarılı' and expected text 'Henüz Sonuçlanmadı' of test object 'Object Repository/Tablo/DurumBilgisiSmm' are NOT matched.
	at com.kms.katalon.core.webui.keyword.internal.WebUIKeywordMain.stepFailed(WebUIKeywordMain.groovy:64)
	at com.kms.katalon.core.webui.keyword.builtin.VerifyElementTextKeyword$_verifyElementText_closure1.doCall(VerifyElementTextKeyword.groovy:57)
	at com.kms.katalon.core.webui.keyword.builtin.VerifyElementTextKeyword$_verifyElementText_closure1.call(VerifyElementTextKeyword.groovy)
	at com.kms.katalon.core.webui.keyword.internal.WebUIKeywordMain.runKeyword(WebUIKeywordMain.groovy:20)
	at com.kms.katalon.core.webui.keyword.builtin.VerifyElementTextKeyword.verifyElementText(VerifyElementTextKeyword.groovy:72)
	at com.kms.katalon.core.webui.keyword.builtin.VerifyElementTextKeyword.execute(VerifyElementTextKeyword.groovy:40)
	at com.kms.katalon.core.keyword.internal.KeywordExecutor.executeKeywordForPlatform(KeywordExecutor.groovy:73)
	at com.kms.katalon.core.webui.keyword.WebUiBuiltInKeywords.verifyElementText(WebUiBuiltInKeywords.groovy:4733)
	at com.kms.katalon.core.webui.keyword.WebUiBuiltInKeywords$verifyElementText$20.call(Unknown Source)
	at TablodaVeriBasariliMiSmm.run(TablodaVeriBasariliMiSmm:22)
	at com.kms.katalon.core.main.ScriptEngine.run(ScriptEngine.java:194)
	at com.kms.katalon.core.main.ScriptEngine.runScriptAsRawText(ScriptEngine.java:119)
	at com.kms.katalon.core.main.TestCaseExecutor.runScript(TestCaseExecutor.java:369)
	at com.kms.katalon.core.main.TestCaseExecutor.doExecute(TestCaseExecutor.java:360)
	at com.kms.katalon.core.main.TestCaseExecutor.processExecutionPhase(TestCaseExecutor.java:339)
	at com.kms.katalon.core.main.TestCaseExecutor.accessMainPhase(TestCaseExecutor.java:331)
	at com.kms.katalon.core.main.TestCaseExecutor.execute(TestCaseExecutor.java:248)
	at com.kms.katalon.core.main.TestCaseMain.runTestCase(TestCaseMain.java:138)
	at com.kms.katalon.core.keyword.builtin.CallTestCaseKeyword$_callTestCase_closure1.doCall(CallTestCaseKeyword.groovy:59)
	at com.kms.katalon.core.keyword.builtin.CallTestCaseKeyword$_callTestCase_closure1.call(CallTestCaseKeyword.groovy)
	at com.kms.katalon.core.keyword.internal.KeywordMain.runKeyword(KeywordMain.groovy:68)
	at com.kms.katalon.core.keyword.builtin.CallTestCaseKeyword.callTestCase(CallTestCaseKeyword.groovy:81)
	at com.kms.katalon.core.keyword.builtin.CallTestCaseKeyword.execute(CallTestCaseKeyword.groovy:44)
	at com.kms.katalon.core.keyword.internal.KeywordExecutor.executeKeywordForPlatform(KeywordExecutor.groovy:73)
	at com.kms.katalon.core.keyword.BuiltinKeywords.callTestCase(BuiltinKeywords.groovy:334)
	at tablo.tablo.tablodaVeriBasariliMiSmm(tablo.groovy:105)
	at cucumber.runtime.Utils$1.call(Utils.java:26)
	at cucumber.runtime.Timeout.timeout(Timeout.java:16)
	at cucumber.runtime.Utils.invoke(Utils.java:20)
	at cucumber.runtime.java.JavaStepDefinition.execute(JavaStepDefinition.java:49)
	at cucumber.runner.PickleStepDefinitionMatch.runStep(PickleStepDefinitionMatch.java:50)
	at cucumber.runner.TestStep.executeStep(TestStep.java:63)
	at cucumber.runner.TestStep.run(TestStep.java:49)
	at cucumber.runner.PickleStepTestStep.run(PickleStepTestStep.java:43)
	at cucumber.runner.TestCase.run(TestCase.java:44)
	at cucumber.runner.Runner.runPickle(Runner.java:40)
	at cucumber.runtime.Runtime$1.run(Runtime.java:84)
	at cucumber.runtime.Runtime$SameThreadExecutorService.execute(Runtime.java:220)
	at cucumber.runtime.Runtime.run(Runtime.java:81)
	at cucumber.api.cli.Main.run(Main.java:26)
	at cucumber.api.cli.Main$run.call(Unknown Source)
	at com.kms.katalon.core.cucumber.keyword.CucumberBuiltinKeywords$_runFeatureFile_closure1.doCall(CucumberBuiltinKeywords.groovy:106)
	at com.kms.katalon.core.cucumber.keyword.CucumberBuiltinKeywords$_runFeatureFile_closure1.doCall(CucumberBuiltinKeywords.groovy)
	at com.kms.katalon.core.keyword.internal.KeywordMain.runKeyword(KeywordMain.groovy:68)
	at com.kms.katalon.core.keyword.internal.KeywordMain$runKeyword.call(Unknown Source)
	at com.kms.katalon.core.cucumber.keyword.CucumberBuiltinKeywords.runFeatureFile(CucumberBuiltinKeywords.groovy:73)
	at com.kms.katalon.core.cucumber.keyword.CucumberBuiltinKeywords$runFeatureFile$0.callStatic(Unknown Source)
	at com.kms.katalon.core.cucumber.keyword.CucumberBuiltinKeywords.runFeatureFile(CucumberBuiltinKeywords.groovy:246)
	at com.kms.katalon.core.cucumber.keyword.CucumberBuiltinKeywords$runFeatureFile.call(Unknown Source)
	at VKN-e-Serbest Meslek Makbuzu-Kagit.run(VKN-e-Serbest Meslek Makbuzu-Kagit:19)
	at com.kms.katalon.core.main.ScriptEngine.run(ScriptEngine.java:194)
	at com.kms.katalon.core.main.ScriptEngine.runScriptAsRawText(ScriptEngine.java:119)
	at com.kms.katalon.core.main.TestCaseExecutor.runScript(TestCaseExecutor.java:369)
	at com.kms.katalon.core.main.TestCaseExecutor.doExecute(TestCaseExecutor.java:360)
	at com.kms.katalon.core.main.TestCaseExecutor.processExecutionPhase(TestCaseExecutor.java:339)
	at com.kms.katalon.core.main.TestCaseExecutor.accessMainPhase(TestCaseExecutor.java:331)
	at com.kms.katalon.core.main.TestCaseExecutor.execute(TestCaseExecutor.java:248)
	at com.kms.katalon.core.main.TestSuiteExecutor.accessTestCaseMainPhase(TestSuiteExecutor.java:191)
	at com.kms.katalon.core.main.TestSuiteExecutor.accessTestSuiteMainPhase(TestSuiteExecutor.java:140)
	at com.kms.katalon.core.main.TestSuiteExecutor.execute(TestSuiteExecutor.java:89)
	at com.kms.katalon.core.main.TestCaseMain.startTestSuite(TestCaseMain.java:181)
	at com.kms.katalon.core.main.TestCaseMain$startTestSuite$0.call(Unknown Source)
	at TempTestSuite1637674444414.run(TempTestSuite1637674444414.groovy:39)
)

2021-11-23 17:14:08 - [MESSAGE][INFO] - Finding Test Object 'Object Repository/Tablo/DurumBilgisiSmm'

2021-11-23 17:14:08 - [MESSAGE][INFO] - Checking object

2021-11-23 17:14:08 - [MESSAGE][INFO] - Finding web element from Test Object's properties

2021-11-23 17:14:08 - [MESSAGE][INFO] - Checking timeout

2021-11-23 17:14:08 - [MESSAGE][INFO] - Finding web element with id: 'Object Repository/Tablo/DurumBilgisiSmm' located by 'By.xpath: //*[@id = 'GridViewSEReceipt_tccell0_10']' in '30' second(s)

2021-11-23 17:14:08 - [MESSAGE][INFO] - Smart Wait Function is triggered

2021-11-23 17:14:09 - [MESSAGE][INFO] - Found 1 web elements with id: 'Object Repository/Tablo/DurumBilgisiSmm' located by 'By.xpath: //*[@id = 'GridViewSEReceipt_tccell0_10']' in '30' second(s)

2021-11-23 17:14:09 - [MESSAGE][WARNING] - Actual text 'Başarılı' and expected text 'Henüz Sonuçlanmadı' of test object 'Object Repository/Tablo/DurumBilgisiSmm' are NOT matched. (Root cause: com.kms.katalon.core.exception.StepFailedException: Actual text 'Başarılı' and expected text 'Henüz Sonuçlanmadı' of test object 'Object Repository/Tablo/DurumBilgisiSmm' are NOT matched.
	at com.kms.katalon.core.webui.keyword.internal.WebUIKeywordMain.stepFailed(WebUIKeywordMain.groovy:64)
	at com.kms.katalon.core.webui.keyword.builtin.VerifyElementTextKeyword$_verifyElementText_closure1.doCall(VerifyElementTextKeyword.groovy:57)
	at com.kms.katalon.core.webui.keyword.builtin.VerifyElementTextKeyword$_verifyElementText_closure1.call(VerifyElementTextKeyword.groovy)
	at com.kms.katalon.core.webui.keyword.internal.WebUIKeywordMain.runKeyword(WebUIKeywordMain.groovy:20)
	at com.kms.katalon.core.webui.keyword.builtin.VerifyElementTextKeyword.verifyElementText(VerifyElementTextKeyword.groovy:72)
	at com.kms.katalon.core.webui.keyword.builtin.VerifyElementTextKeyword.execute(VerifyElementTextKeyword.groovy:40)
	at com.kms.katalon.core.keyword.internal.KeywordExecutor.executeKeywordForPlatform(KeywordExecutor.groovy:73)
	at com.kms.katalon.core.webui.keyword.WebUiBuiltInKeywords.verifyElementText(WebUiBuiltInKeywords.groovy:4733)
	at com.kms.katalon.core.webui.keyword.WebUiBuiltInKeywords$verifyElementText$20.call(Unknown Source)
	at TablodaVeriBasariliMiSmm.run(TablodaVeriBasariliMiSmm:22)
	at com.kms.katalon.core.main.ScriptEngine.run(ScriptEngine.java:194)
	at com.kms.katalon.core.main.ScriptEngine.runScriptAsRawText(ScriptEngine.java:119)
	at com.kms.katalon.core.main.TestCaseExecutor.runScript(TestCaseExecutor.java:369)
	at com.kms.katalon.core.main.TestCaseExecutor.doExecute(TestCaseExecutor.java:360)
	at com.kms.katalon.core.main.TestCaseExecutor.processExecutionPhase(TestCaseExecutor.java:339)
	at com.kms.katalon.core.main.TestCaseExecutor.accessMainPhase(TestCaseExecutor.java:331)
	at com.kms.katalon.core.main.TestCaseExecutor.execute(TestCaseExecutor.java:248)
	at com.kms.katalon.core.main.TestCaseMain.runTestCase(TestCaseMain.java:138)
	at com.kms.katalon.core.keyword.builtin.CallTestCaseKeyword$_callTestCase_closure1.doCall(CallTestCaseKeyword.groovy:59)
	at com.kms.katalon.core.keyword.builtin.CallTestCaseKeyword$_callTestCase_closure1.call(CallTestCaseKeyword.groovy)
	at com.kms.katalon.core.keyword.internal.KeywordMain.runKeyword(KeywordMain.groovy:68)
	at com.kms.katalon.core.keyword.builtin.CallTestCaseKeyword.callTestCase(CallTestCaseKeyword.groovy:81)
	at com.kms.katalon.core.keyword.builtin.CallTestCaseKeyword.execute(CallTestCaseKeyword.groovy:44)
	at com.kms.katalon.core.keyword.internal.KeywordExecutor.executeKeywordForPlatform(KeywordExecutor.groovy:73)
	at com.kms.katalon.core.keyword.BuiltinKeywords.callTestCase(BuiltinKeywords.groovy:334)
	at tablo.tablo.tablodaVeriBasariliMiSmm(tablo.groovy:105)
	at cucumber.runtime.Utils$1.call(Utils.java:26)
	at cucumber.runtime.Timeout.timeout(Timeout.java:16)
	at cucumber.runtime.Utils.invoke(Utils.java:20)
	at cucumber.runtime.java.JavaStepDefinition.execute(JavaStepDefinition.java:49)
	at cucumber.runner.PickleStepDefinitionMatch.runStep(PickleStepDefinitionMatch.java:50)
	at cucumber.runner.TestStep.executeStep(TestStep.java:63)
	at cucumber.runner.TestStep.run(TestStep.java:49)
	at cucumber.runner.PickleStepTestStep.run(PickleStepTestStep.java:43)
	at cucumber.runner.TestCase.run(TestCase.java:44)
	at cucumber.runner.Runner.runPickle(Runner.java:40)
	at cucumber.runtime.Runtime$1.run(Runtime.java:84)
	at cucumber.runtime.Runtime$SameThreadExecutorService.execute(Runtime.java:220)
	at cucumber.runtime.Runtime.run(Runtime.java:81)
	at cucumber.api.cli.Main.run(Main.java:26)
	at cucumber.api.cli.Main$run.call(Unknown Source)
	at com.kms.katalon.core.cucumber.keyword.CucumberBuiltinKeywords$_runFeatureFile_closure1.doCall(CucumberBuiltinKeywords.groovy:106)
	at com.kms.katalon.core.cucumber.keyword.CucumberBuiltinKeywords$_runFeatureFile_closure1.doCall(CucumberBuiltinKeywords.groovy)
	at com.kms.katalon.core.keyword.internal.KeywordMain.runKeyword(KeywordMain.groovy:68)
	at com.kms.katalon.core.keyword.internal.KeywordMain$runKeyword.call(Unknown Source)
	at com.kms.katalon.core.cucumber.keyword.CucumberBuiltinKeywords.runFeatureFile(CucumberBuiltinKeywords.groovy:73)
	at com.kms.katalon.core.cucumber.keyword.CucumberBuiltinKeywords$runFeatureFile$0.callStatic(Unknown Source)
	at com.kms.katalon.core.cucumber.keyword.CucumberBuiltinKeywords.runFeatureFile(CucumberBuiltinKeywords.groovy:246)
	at com.kms.katalon.core.cucumber.keyword.CucumberBuiltinKeywords$runFeatureFile.call(Unknown Source)
	at VKN-e-Serbest Meslek Makbuzu-Kagit.run(VKN-e-Serbest Meslek Makbuzu-Kagit:19)
	at com.kms.katalon.core.main.ScriptEngine.run(ScriptEngine.java:194)
	at com.kms.katalon.core.main.ScriptEngine.runScriptAsRawText(ScriptEngine.java:119)
	at com.kms.katalon.core.main.TestCaseExecutor.runScript(TestCaseExecutor.java:369)
	at com.kms.katalon.core.main.TestCaseExecutor.doExecute(TestCaseExecutor.java:360)
	at com.kms.katalon.core.main.TestCaseExecutor.processExecutionPhase(TestCaseExecutor.java:339)
	at com.kms.katalon.core.main.TestCaseExecutor.accessMainPhase(TestCaseExecutor.java:331)
	at com.kms.katalon.core.main.TestCaseExecutor.execute(TestCaseExecutor.java:248)
	at com.kms.katalon.core.main.TestSuiteExecutor.accessTestCaseMainPhase(TestSuiteExecutor.java:191)
	at com.kms.katalon.core.main.TestSuiteExecutor.accessTestSuiteMainPhase(TestSuiteExecutor.java:140)
	at com.kms.katalon.core.main.TestSuiteExecutor.execute(TestSuiteExecutor.java:89)
	at com.kms.katalon.core.main.TestCaseMain.startTestSuite(TestCaseMain.java:181)
	at com.kms.katalon.core.main.TestCaseMain$startTestSuite$0.call(Unknown Source)
	at TempTestSuite1637674444414.run(TempTestSuite1637674444414.groovy:39)
)

2021-11-23 17:14:09 - [TEST_STEP][PASSED] - Method.TextDegerineEsitElementVarMi(findTestObject("Tablo/DurumBilgisiSmm"), "Başarılı"): Method.TextDegerineEsitElementVarMi is PASSED

2021-11-23 17:14:09 - [MESSAGE][INFO] - Finding Test Object 'Object Repository/Tablo/DurumBilgisiSmm'

2021-11-23 17:14:09 - [MESSAGE][INFO] - Checking timeout

2021-11-23 17:14:09 - [MESSAGE][INFO] - Finding web element with id: 'Object Repository/Tablo/DurumBilgisiSmm' located by 'By.xpath: //*[@id = 'GridViewSEReceipt_tccell0_10']' in '10' second(s)

2021-11-23 17:14:09 - [MESSAGE][INFO] - Smart Wait Function is triggered

2021-11-23 17:14:09 - [MESSAGE][INFO] - Found 1 web elements with id: 'Object Repository/Tablo/DurumBilgisiSmm' located by 'By.xpath: //*[@id = 'GridViewSEReceipt_tccell0_10']' in '10' second(s)

2021-11-23 17:14:09 - [MESSAGE][PASSED] - Method.TextDegerineEsitElementVarMi is PASSED

2021-11-23 17:14:09 - [MESSAGE][PASSED] - Call Test Case 'Test Cases/Tablo/TablodaVeriBasariliMiSmm' successfully

2021-11-23 17:14:09 - [MESSAGE][INFO] - Checking called Test Case

2021-11-23 17:14:09 - [MESSAGE][INFO] - Starting to call Test Case 'Test Cases/Kullanici_Islemleri/KullaniciIslemlerindenSecimYapilir'

2021-11-23 17:14:09 - [TEST_CASE][PASSED] - Test Cases/Kullanici_Islemleri/KullaniciIslemlerindenSecimYapilir: Test Cases/Kullanici_Islemleri/KullaniciIslemlerindenSecimYapilir

2021-11-23 17:14:09 - [TEST_STEP][PASSED] - waitForElementClickable(findTestObject("Object Repository/Kullanici_Islemleri/KullaniciIslemleri"), 10): Object 'Object Repository/Kullanici_Islemleri/KullaniciIslemleri' is clickable

2021-11-23 17:14:09 - [MESSAGE][INFO] - Finding Test Object 'Object Repository/Kullanici_Islemleri/KullaniciIslemleri'

2021-11-23 17:14:09 - [MESSAGE][INFO] - Checking object

2021-11-23 17:14:09 - [MESSAGE][INFO] - Checking timeout

2021-11-23 17:14:09 - [MESSAGE][INFO] - Finding web element from Test Object's properties

2021-11-23 17:14:09 - [MESSAGE][INFO] - Checking timeout

2021-11-23 17:14:09 - [MESSAGE][INFO] - Finding web element with id: 'Object Repository/Kullanici_Islemleri/KullaniciIslemleri' located by 'By.cssSelector: .dropdown>a>img' in '10' second(s)

2021-11-23 17:14:09 - [MESSAGE][INFO] - Smart Wait Function is triggered

2021-11-23 17:14:09 - [MESSAGE][INFO] - Found 1 web elements with id: 'Object Repository/Kullanici_Islemleri/KullaniciIslemleri' located by 'By.cssSelector: .dropdown>a>img' in '10' second(s)

2021-11-23 17:14:09 - [MESSAGE][PASSED] - Object 'Object Repository/Kullanici_Islemleri/KullaniciIslemleri' is clickable

2021-11-23 17:14:09 - [TEST_STEP][PASSED] - click(findTestObject("Object Repository/Kullanici_Islemleri/KullaniciIslemleri")): Object: 'Object Repository/Kullanici_Islemleri/KullaniciIslemleri' is clicked on

2021-11-23 17:14:09 - [MESSAGE][INFO] - Finding Test Object 'Object Repository/Kullanici_Islemleri/KullaniciIslemleri'

2021-11-23 17:14:10 - [MESSAGE][INFO] - Checking object

2021-11-23 17:14:10 - [MESSAGE][INFO] - Finding web element from Test Object's properties

2021-11-23 17:14:10 - [MESSAGE][INFO] - Checking timeout

2021-11-23 17:14:10 - [MESSAGE][INFO] - Finding web element with id: 'Object Repository/Kullanici_Islemleri/KullaniciIslemleri' located by 'By.cssSelector: .dropdown>a>img' in '30' second(s)

2021-11-23 17:14:10 - [MESSAGE][INFO] - Smart Wait Function is triggered

2021-11-23 17:14:10 - [MESSAGE][INFO] - Found 1 web elements with id: 'Object Repository/Kullanici_Islemleri/KullaniciIslemleri' located by 'By.cssSelector: .dropdown>a>img' in '30' second(s)

2021-11-23 17:14:10 - [MESSAGE][INFO] - Clicking on object: 'Object Repository/Kullanici_Islemleri/KullaniciIslemleri'

2021-11-23 17:14:10 - [MESSAGE][PASSED] - Object: 'Object Repository/Kullanici_Islemleri/KullaniciIslemleri' is clicked on

2021-11-23 17:14:10 - [TEST_STEP][PASSED] - Method.TextDegerineEsitElementeTikla(findTestObject("Object Repository/Kullanici_Islemleri/Secenekler"), Islem): Method.TextDegerineEsitElementeTikla is PASSED

2021-11-23 17:14:10 - [MESSAGE][INFO] - Finding Test Object 'Object Repository/Kullanici_Islemleri/Secenekler'

2021-11-23 17:14:10 - [MESSAGE][INFO] - Checking timeout

2021-11-23 17:14:10 - [MESSAGE][INFO] - Finding web element with id: 'Object Repository/Kullanici_Islemleri/Secenekler' located by 'By.cssSelector: .nav.navbar-nav.navbar-right li a' in '10' second(s)

2021-11-23 17:14:10 - [MESSAGE][INFO] - Smart Wait Function is triggered

2021-11-23 17:14:10 - [MESSAGE][INFO] - Found 22 web elements with id: 'Object Repository/Kullanici_Islemleri/Secenekler' located by 'By.cssSelector: .nav.navbar-nav.navbar-right li a' in '10' second(s)

2021-11-23 17:14:12 - [MESSAGE][PASSED] - Method.TextDegerineEsitElementeTikla is PASSED

2021-11-23 17:14:12 - [TEST_STEP][PASSED] - verifyElementNotPresent(findTestObject("Object Repository/Kullanici_Islemleri/Secenekler"), 10): Web element with id: 'Object Repository/Kullanici_Islemleri/Secenekler' located by 'By.cssSelector: .nav.navbar-nav.navbar-right li a' is not present after '10' second(s)

2021-11-23 17:14:12 - [MESSAGE][INFO] - Finding Test Object 'Object Repository/Kullanici_Islemleri/Secenekler'

2021-11-23 17:14:12 - [MESSAGE][INFO] - Checking object

2021-11-23 17:14:12 - [MESSAGE][INFO] - Checking timeout

2021-11-23 17:14:12 - [MESSAGE][INFO] - Finding web element with id: 'Object Repository/Kullanici_Islemleri/Secenekler' located by 'By.cssSelector: .nav.navbar-nav.navbar-right li a' in '10' second(s)

2021-11-23 17:14:12 - [MESSAGE][INFO] - Smart Wait Function is triggered

2021-11-23 17:14:12 - [MESSAGE][PASSED] - Web element with id: 'Object Repository/Kullanici_Islemleri/Secenekler' located by 'By.cssSelector: .nav.navbar-nav.navbar-right li a' is not present after '10' second(s)

2021-11-23 17:14:12 - [MESSAGE][PASSED] - Call Test Case 'Test Cases/Kullanici_Islemleri/KullaniciIslemlerindenSecimYapilir' successfully

2021-11-23 17:14:12 - [TEST_CASE][PASSED] - Start Test Case : SCENARIO VKN ile e-Serbest Meslek Makbuzu Olusturulmasi ve Excele aktarilmasi: SCENARIO VKN ile e-Serbest Meslek Makbuzu Olusturulmasi ve Excele aktarilmasi

2021-11-23 17:14:12 - [TEST_STEP][PASSED] - Giriş yapılır: Giriş yapılır

2021-11-23 17:14:12 - [MESSAGE][PASSED] - Giriş yapılır

2021-11-23 17:14:12 - [TEST_STEP][PASSED] - Ana menüden e-Makbuz seçilir: Ana menüden e-Makbuz seçilir

2021-11-23 17:14:12 - [MESSAGE][PASSED] - Ana menüden e-Makbuz seçilir

2021-11-23 17:14:12 - [TEST_STEP][PASSED] - Alt menü e-Serbest Meslek Uygulaması başlığı altındaki e-Serbest Meslek Makbuzu Oluşturma seçilir: Alt menü e-Serbest Meslek Uygulaması başlığı altındaki e-Serbest Meslek Makbuzu Oluşturma seçilir

2021-11-23 17:14:12 - [MESSAGE][PASSED] - Alt menü e-Serbest Meslek Uygulaması başlığı altındaki e-Serbest Meslek Makbuzu Oluşturma seçilir

2021-11-23 17:14:12 - [TEST_STEP][PASSED] - Tablodaki tüm veriler silinir: Tablodaki tüm veriler silinir

2021-11-23 17:14:12 - [MESSAGE][PASSED] - Tablodaki tüm veriler silinir

2021-11-23 17:14:12 - [TEST_STEP][PASSED] - Butonlardan Ekle isimli butona tıklanır: Butonlardan Ekle isimli butona tıklanır

2021-11-23 17:14:12 - [MESSAGE][PASSED] - Butonlardan Ekle isimli butona tıklanır

2021-11-23 17:14:12 - [TEST_STEP][PASSED] - Görsel tasarım sayfasının Makbuz Bilgileri başlığını içerdiği kontrol edilir: Görsel tasarım sayfasının Makbuz Bilgileri başlığını içerdiği kontrol edilir

2021-11-23 17:14:12 - [MESSAGE][PASSED] - Görsel tasarım sayfasının Makbuz Bilgileri başlığını içerdiği kontrol edilir

2021-11-23 17:14:12 - [TEST_STEP][PASSED] - Alıcı adı alanına VirgosolSerbestMeslekVKN girilir: Alıcı adı alanına VirgosolSerbestMeslekVKN girilir

2021-11-23 17:14:12 - [MESSAGE][PASSED] - Alıcı adı alanına VirgosolSerbestMeslekVKN girilir

2021-11-23 17:14:12 - [TEST_STEP][PASSED] - Gönderim Şekli Kağıt olarak seçilir: Gönderim Şekli Kağıt olarak seçilir

2021-11-23 17:14:12 - [MESSAGE][PASSED] - Gönderim Şekli Kağıt olarak seçilir

2021-11-23 17:14:12 - [TEST_STEP][PASSED] - Döküman Para Birimi alanından Türk Lirası seçilir: Döküman Para Birimi alanından Türk Lirası seçilir

2021-11-23 17:14:12 - [MESSAGE][PASSED] - Döküman Para Birimi alanından Türk Lirası seçilir

2021-11-23 17:14:12 - [TEST_STEP][PASSED] - Tasarım alanından e-Serbest Meslek Makbuz Öndeger Sablon Tasarim.xslt- seçilir: Tasarım alanından e-Serbest Meslek Makbuz Öndeger Sablon Tasarim.xslt- seçilir

2021-11-23 17:14:12 - [MESSAGE][PASSED] - Tasarım alanından e-Serbest Meslek Makbuz Öndeger Sablon Tasarim.xslt- seçilir

2021-11-23 17:14:12 - [TEST_STEP][PASSED] - Ekle butonuna basılır: Ekle butonuna basılır

2021-11-23 17:14:12 - [MESSAGE][PASSED] - Ekle butonuna basılır

2021-11-23 17:14:12 - [TEST_STEP][PASSED] - Ürün ekleme alanında Ücretin Ne İçin Alındığı başlığına Otomasyon girilir: Ürün ekleme alanında Ücretin Ne İçin Alındığı başlığına Otomasyon girilir

2021-11-23 17:14:12 - [MESSAGE][PASSED] - Ürün ekleme alanında Ücretin Ne İçin Alındığı başlığına Otomasyon girilir

2021-11-23 17:14:12 - [TEST_STEP][PASSED] - Ürün ekleme alanında Brüt Ücret başlığına 400 girilir: Ürün ekleme alanında Brüt Ücret başlığına 400 girilir

2021-11-23 17:14:12 - [MESSAGE][PASSED] - Ürün ekleme alanında Brüt Ücret başlığına 400 girilir

2021-11-23 17:14:12 - [TEST_STEP][PASSED] - Ürün ekleme alanında G.V Stopaj Oranı% başlığına 10 girilir: Ürün ekleme alanında G.V Stopaj Oranı% başlığına 10 girilir

2021-11-23 17:14:12 - [MESSAGE][PASSED] - Ürün ekleme alanında G.V Stopaj Oranı% başlığına 10 girilir

2021-11-23 17:14:12 - [TEST_STEP][PASSED] - Notlar alanına Otomasyon Not girilir: Notlar alanına Otomasyon Not girilir

2021-11-23 17:14:12 - [MESSAGE][PASSED] - Notlar alanına Otomasyon Not girilir

2021-11-23 17:14:12 - [TEST_STEP][PASSED] - Ettn bilgisi kayıt edilir: Ettn bilgisi kayıt edilir

2021-11-23 17:14:12 - [MESSAGE][PASSED] - Ettn bilgisi kayıt edilir

2021-11-23 17:14:12 - [TEST_STEP][PASSED] - Kaydet butonu seçilir: Kaydet butonu seçilir

2021-11-23 17:14:12 - [MESSAGE][PASSED] - Kaydet butonu seçilir

2021-11-23 17:14:12 - [TEST_STEP][PASSED] - Tabloda Ettn bilgisi kaydedilen veri oluşturuldu mu: Tabloda Ettn bilgisi kaydedilen veri oluşturuldu mu

2021-11-23 17:14:12 - [MESSAGE][PASSED] - Tabloda Ettn bilgisi kaydedilen veri oluşturuldu mu

2021-11-23 17:14:12 - [TEST_STEP][PASSED] - Tablodan Ettn bilgisi kaydedilen veri seçilir: Tablodan Ettn bilgisi kaydedilen veri seçilir

2021-11-23 17:14:12 - [MESSAGE][PASSED] - Tablodan Ettn bilgisi kaydedilen veri seçilir

2021-11-23 17:14:12 - [TEST_STEP][PASSED] - Butonlardan Numara Oluştur isimli butona tıklanır: Butonlardan Numara Oluştur isimli butona tıklanır

2021-11-23 17:14:12 - [MESSAGE][PASSED] - Butonlardan Numara Oluştur isimli butona tıklanır

2021-11-23 17:14:12 - [TEST_STEP][PASSED] - Popup mesajı Devam etmek istiyor musunuz içeriyor mu: Popup mesajı Devam etmek istiyor musunuz içeriyor mu

2021-11-23 17:14:12 - [MESSAGE][PASSED] - Popup mesajı Devam etmek istiyor musunuz içeriyor mu

2021-11-23 17:14:12 - [TEST_STEP][PASSED] - Yönetim popupında Evet seçilir: Yönetim popupında Evet seçilir

2021-11-23 17:14:12 - [MESSAGE][PASSED] - Yönetim popupında Evet seçilir

2021-11-23 17:14:12 - [TEST_STEP][PASSED] - Popup mesajı oluşmuştur içeriyor mu: Popup mesajı oluşmuştur içeriyor mu

2021-11-23 17:14:12 - [MESSAGE][PASSED] - Popup mesajı oluşmuştur içeriyor mu

2021-11-23 17:14:12 - [TEST_STEP][PASSED] - Yönetim popupında Tamam seçilir: Yönetim popupında Tamam seçilir

2021-11-23 17:14:12 - [MESSAGE][PASSED] - Yönetim popupında Tamam seçilir

2021-11-23 17:14:12 - [TEST_STEP][PASSED] - Tablodan Ettn bilgisi kaydedilen veri seçilir: Tablodan Ettn bilgisi kaydedilen veri seçilir

2021-11-23 17:14:12 - [MESSAGE][PASSED] - Tablodan Ettn bilgisi kaydedilen veri seçilir

2021-11-23 17:14:12 - [TEST_STEP][PASSED] - Butonlardan Gönder isimli butona tıklanır: Butonlardan Gönder isimli butona tıklanır

2021-11-23 17:14:12 - [MESSAGE][PASSED] - Butonlardan Gönder isimli butona tıklanır

2021-11-23 17:14:12 - [TEST_STEP][PASSED] - Popup mesajı Devam etmek istiyor musunuz içeriyor mu: Popup mesajı Devam etmek istiyor musunuz içeriyor mu

2021-11-23 17:14:12 - [MESSAGE][PASSED] - Popup mesajı Devam etmek istiyor musunuz içeriyor mu

2021-11-23 17:14:12 - [TEST_STEP][PASSED] - Yönetim popupında Evet seçilir: Yönetim popupında Evet seçilir

2021-11-23 17:14:12 - [MESSAGE][PASSED] - Yönetim popupında Evet seçilir

2021-11-23 17:14:12 - [TEST_STEP][PASSED] - Ana menüden e-Makbuz seçilir: Ana menüden e-Makbuz seçilir

2021-11-23 17:14:12 - [MESSAGE][PASSED] - Ana menüden e-Makbuz seçilir

2021-11-23 17:14:12 - [TEST_STEP][PASSED] - Alt menü e-Serbest Meslek Uygulaması başlığı altındaki e-Serbest Meslek Makbuzları seçilir: Alt menü e-Serbest Meslek Uygulaması başlığı altındaki e-Serbest Meslek Makbuzları seçilir

2021-11-23 17:14:12 - [MESSAGE][PASSED] - Alt menü e-Serbest Meslek Uygulaması başlığı altındaki e-Serbest Meslek Makbuzları seçilir

2021-11-23 17:14:12 - [TEST_STEP][PASSED] - Filtrelerden Ettn filtresine Ettn bilgisi yaz: Filtrelerden Ettn filtresine Ettn bilgisi yaz

2021-11-23 17:14:12 - [MESSAGE][PASSED] - Filtrelerden Ettn filtresine Ettn bilgisi yaz

2021-11-23 17:14:12 - [TEST_STEP][PASSED] - Filtre butonlarından Listele seçilir: Filtre butonlarından Listele seçilir

2021-11-23 17:14:12 - [MESSAGE][PASSED] - Filtre butonlarından Listele seçilir

2021-11-23 17:14:12 - [TEST_STEP][PASSED] - Tabloda veri var mı kontrol edilir: Tabloda veri var mı kontrol edilir

2021-11-23 17:14:12 - [MESSAGE][PASSED] - Tabloda veri var mı kontrol edilir

2021-11-23 17:14:12 - [TEST_STEP][PASSED] - Tabloda yeni oluşturulan smm verisi başarılı mı: Tabloda yeni oluşturulan smm verisi başarılı mı

2021-11-23 17:14:12 - [MESSAGE][PASSED] - Tabloda yeni oluşturulan smm verisi başarılı mı

2021-11-23 17:14:12 - [TEST_STEP][PASSED] - Kullanıcı işlemlerinden Çıkış seçilir: Kullanıcı işlemlerinden Çıkış seçilir

2021-11-23 17:14:12 - [MESSAGE][PASSED] - Kullanıcı işlemlerinden Çıkış seçilir

2021-11-23 17:14:12 - [MESSAGE][PASSED] - Feature file: 'Include/features/Regresyon/e-Serbest Meslek Makbuzu/VKN-e-Serbest Meslek Makbuzu-Kagit.feature' was passed

2021-11-23 17:14:12 - [TEST_STEP][PASSED] - Start listener action : sampleAfterTestSuite: Invoke 'com.kms.katalon.core.annotation.AfterTestCase' method: 'Listener.sampleAfterTestSuite(...)' completed.

2021-11-23 17:14:12 - [MESSAGE][INFO] - Starting invoke 'com.kms.katalon.core.annotation.AfterTestCase' method: 'Listener.sampleAfterTestSuite(...)'

2021-11-23 17:14:12 - [TEST_STEP][PASSED] - closeBrowser(): Invoke 'com.kms.katalon.core.annotation.AfterTestCase' method: 'Listener.sampleAfterTestSuite(...)' completed.

2021-11-23 17:14:12 - [MESSAGE][INFO] - Closing browser

2021-11-23 17:14:13 - [MESSAGE][PASSED] - Browser is closed

2021-11-23 17:14:13 - [MESSAGE][INFO] - Invoke 'com.kms.katalon.core.annotation.AfterTestCase' method: 'Listener.sampleAfterTestSuite(...)' completed.]]></system-out>
         <system-err><![CDATA[]]></system-err>
      </testcase>
      <system-out><![CDATA[2021-11-23 16:34:58 - [TEST_SUITE][PASSED] - Regresyon-eArsiv-eMakbuz: Test Cases/Case Repository/Regresyon/e-Serbest Meslek Makbuzu/VKN-e-Serbest Meslek Makbuzu-Kagit]]></system-out>
      <system-err><![CDATA[]]></system-err>
   </testsuite>
</testsuites>
